<?xml version="1.0" encoding="UTF-8"?>
<testsuite xmlns:xsi="http://www.w3.org/2001/XMLSchema-instance" xsi:noNamespaceSchemaLocation="https://maven.apache.org/surefire/maven-surefire-plugin/xsd/surefire-test-report.xsd" name="org.apache.zookeeper.server.ServerIdTest" time="1,139.17" tests="512" errors="0" skipped="0" failures="0">
  <properties>
    <property name="sun.desktop" value="windows"/>
    <property name="build.test.dir" value="D:\desktop\git_repo\zookeeper-read\zookeeper-server\target/surefire"/>
    <property name="awt.toolkit" value="sun.awt.windows.WToolkit"/>
    <property name="file.encoding.pkg" value="sun.io"/>
    <property name="java.specification.version" value="1.8"/>
    <property name="sun.cpu.isalist" value="amd64"/>
    <property name="sun.jnu.encoding" value="GBK"/>
    <property name="java.class.path" value="D:\desktop\git_repo\zookeeper-read\zookeeper-server\target\test-classes;D:\desktop\git_repo\zookeeper-read\zookeeper-server\target\classes;C:\Users\admin\.m2\repository\com\github\spotbugs\spotbugs-annotations\4.0.2\spotbugs-annotations-4.0.2.jar;C:\Users\admin\.m2\repository\com\google\code\findbugs\jsr305\3.0.2\jsr305-3.0.2.jar;C:\Users\admin\.m2\repository\org\hamcrest\hamcrest-all\1.3\hamcrest-all-1.3.jar;C:\Users\admin\.m2\repository\commons-collections\commons-collections\3.2.2\commons-collections-3.2.2.jar;C:\Users\admin\.m2\repository\commons-lang\commons-lang\2.6\commons-lang-2.6.jar;D:\desktop\git_repo\zookeeper-read\zookeeper-jute\target\zookeeper-jute-3.6.1.jar;C:\Users\admin\.m2\repository\commons-cli\commons-cli\1.2\commons-cli-1.2.jar;C:\Users\admin\.m2\repository\org\apache\yetus\audience-annotations\0.5.0\audience-annotations-0.5.0.jar;C:\Users\admin\.m2\repository\io\netty\netty-handler\4.1.48.Final\netty-handler-4.1.48.Final.jar;C:\Users\admin\.m2\repository\io\netty\netty-common\4.1.48.Final\netty-common-4.1.48.Final.jar;C:\Users\admin\.m2\repository\io\netty\netty-resolver\4.1.48.Final\netty-resolver-4.1.48.Final.jar;C:\Users\admin\.m2\repository\io\netty\netty-buffer\4.1.48.Final\netty-buffer-4.1.48.Final.jar;C:\Users\admin\.m2\repository\io\netty\netty-transport\4.1.48.Final\netty-transport-4.1.48.Final.jar;C:\Users\admin\.m2\repository\io\netty\netty-codec\4.1.48.Final\netty-codec-4.1.48.Final.jar;C:\Users\admin\.m2\repository\io\netty\netty-transport-native-epoll\4.1.48.Final\netty-transport-native-epoll-4.1.48.Final.jar;C:\Users\admin\.m2\repository\io\netty\netty-transport-native-unix-common\4.1.48.Final\netty-transport-native-unix-common-4.1.48.Final.jar;C:\Users\admin\.m2\repository\org\slf4j\slf4j-api\1.7.25\slf4j-api-1.7.25.jar;C:\Users\admin\.m2\repository\org\slf4j\slf4j-log4j12\1.7.25\slf4j-log4j12-1.7.25.jar;C:\Users\admin\.m2\repository\org\eclipse\jetty\jetty-server\9.4.24.v20191120\jetty-server-9.4.24.v20191120.jar;C:\Users\admin\.m2\repository\javax\servlet\javax.servlet-api\3.1.0\javax.servlet-api-3.1.0.jar;C:\Users\admin\.m2\repository\org\eclipse\jetty\jetty-http\9.4.24.v20191120\jetty-http-9.4.24.v20191120.jar;C:\Users\admin\.m2\repository\org\eclipse\jetty\jetty-util\9.4.24.v20191120\jetty-util-9.4.24.v20191120.jar;C:\Users\admin\.m2\repository\org\eclipse\jetty\jetty-io\9.4.24.v20191120\jetty-io-9.4.24.v20191120.jar;C:\Users\admin\.m2\repository\org\eclipse\jetty\jetty-servlet\9.4.24.v20191120\jetty-servlet-9.4.24.v20191120.jar;C:\Users\admin\.m2\repository\org\eclipse\jetty\jetty-security\9.4.24.v20191120\jetty-security-9.4.24.v20191120.jar;C:\Users\admin\.m2\repository\com\fasterxml\jackson\core\jackson-databind\2.10.3\jackson-databind-2.10.3.jar;C:\Users\admin\.m2\repository\com\fasterxml\jackson\core\jackson-annotations\2.10.3\jackson-annotations-2.10.3.jar;C:\Users\admin\.m2\repository\com\fasterxml\jackson\core\jackson-core\2.10.3\jackson-core-2.10.3.jar;C:\Users\admin\.m2\repository\com\googlecode\json-simple\json-simple\1.1.1\json-simple-1.1.1.jar;C:\Users\admin\.m2\repository\org\bouncycastle\bcprov-jdk15on\1.60\bcprov-jdk15on-1.60.jar;C:\Users\admin\.m2\repository\org\bouncycastle\bcpkix-jdk15on\1.60\bcpkix-jdk15on-1.60.jar;C:\Users\admin\.m2\repository\jline\jline\2.11\jline-2.11.jar;C:\Users\admin\.m2\repository\io\dropwizard\metrics\metrics-core\3.2.5\metrics-core-3.2.5.jar;C:\Users\admin\.m2\repository\log4j\log4j\1.2.17\log4j-1.2.17.jar;C:\Users\admin\.m2\repository\org\apache\kerby\kerb-core\2.0.0\kerb-core-2.0.0.jar;C:\Users\admin\.m2\repository\org\apache\kerby\kerby-pkix\2.0.0\kerby-pkix-2.0.0.jar;C:\Users\admin\.m2\repository\org\apache\kerby\kerby-asn1\2.0.0\kerby-asn1-2.0.0.jar;C:\Users\admin\.m2\repository\org\apache\kerby\kerby-util\2.0.0\kerby-util-2.0.0.jar;C:\Users\admin\.m2\repository\org\apache\kerby\kerb-simplekdc\2.0.0\kerb-simplekdc-2.0.0.jar;C:\Users\admin\.m2\repository\org\apache\kerby\kerb-client\2.0.0\kerb-client-2.0.0.jar;C:\Users\admin\.m2\repository\org\apache\kerby\kerb-common\2.0.0\kerb-common-2.0.0.jar;C:\Users\admin\.m2\repository\org\apache\kerby\kerb-crypto\2.0.0\kerb-crypto-2.0.0.jar;C:\Users\admin\.m2\repository\commons-io\commons-io\2.6\commons-io-2.6.jar;C:\Users\admin\.m2\repository\org\apache\kerby\kerb-util\2.0.0\kerb-util-2.0.0.jar;C:\Users\admin\.m2\repository\org\apache\kerby\token-provider\2.0.0\token-provider-2.0.0.jar;C:\Users\admin\.m2\repository\com\nimbusds\nimbus-jose-jwt\4.41.2\nimbus-jose-jwt-4.41.2.jar;C:\Users\admin\.m2\repository\com\github\stephenc\jcip\jcip-annotations\1.0-1\jcip-annotations-1.0-1.jar;C:\Users\admin\.m2\repository\net\minidev\json-smart\2.3\json-smart-2.3.jar;C:\Users\admin\.m2\repository\net\minidev\accessors-smart\1.2\accessors-smart-1.2.jar;C:\Users\admin\.m2\repository\org\ow2\asm\asm\5.0.4\asm-5.0.4.jar;C:\Users\admin\.m2\repository\org\apache\kerby\kerb-admin\2.0.0\kerb-admin-2.0.0.jar;C:\Users\admin\.m2\repository\org\apache\kerby\kerb-server\2.0.0\kerb-server-2.0.0.jar;C:\Users\admin\.m2\repository\org\apache\kerby\kerb-identity\2.0.0\kerb-identity-2.0.0.jar;C:\Users\admin\.m2\repository\org\apache\kerby\kerby-xdr\2.0.0\kerby-xdr-2.0.0.jar;C:\Users\admin\.m2\repository\org\apache\kerby\kerby-config\2.0.0\kerby-config-2.0.0.jar;C:\Users\admin\.m2\repository\org\mockito\mockito-core\2.27.0\mockito-core-2.27.0.jar;C:\Users\admin\.m2\repository\net\bytebuddy\byte-buddy\1.9.10\byte-buddy-1.9.10.jar;C:\Users\admin\.m2\repository\net\bytebuddy\byte-buddy-agent\1.9.10\byte-buddy-agent-1.9.10.jar;C:\Users\admin\.m2\repository\org\objenesis\objenesis\2.6\objenesis-2.6.jar;C:\Users\admin\.m2\repository\org\jmockit\jmockit\1.48\jmockit-1.48.jar;C:\Users\admin\.m2\repository\junit\junit\4.12\junit-4.12.jar;C:\Users\admin\.m2\repository\org\hamcrest\hamcrest-core\1.3\hamcrest-core-1.3.jar;C:\Users\admin\.m2\repository\org\xerial\snappy\snappy-java\1.1.7\snappy-java-1.1.7.jar;"/>
    <property name="java.vm.vendor" value="Oracle Corporation"/>
    <property name="sun.arch.data.model" value="64"/>
    <property name="user.variant" value=""/>
    <property name="java.vendor.url" value="http://java.oracle.com/"/>
    <property name="user.timezone" value="Asia/Shanghai"/>
    <property name="java.vm.specification.version" value="1.8"/>
    <property name="os.name" value="Windows 10"/>
    <property name="user.country" value="CN"/>
    <property name="sun.java.launcher" value="SUN_STANDARD"/>
    <property name="sun.boot.library.path" value="D:\Program Files\RedHat\java-1.8.0-openjdk-1.8.0.252-2\jre\bin"/>
    <property name="sun.java.command" value="C:\Users\admin\AppData\Local\Temp\surefire817669169469973491\surefirebooter1771813909262907754.jar C:\Users\admin\AppData\Local\Temp\surefire817669169469973491 2020-06-22T14-04-30_671-jvmRun3 surefire5657457569277494971tmp surefire_1267864959838973974202tmp"/>
    <property name="surefire.test.class.path" value="D:\desktop\git_repo\zookeeper-read\zookeeper-server\target\test-classes;D:\desktop\git_repo\zookeeper-read\zookeeper-server\target\classes;C:\Users\admin\.m2\repository\com\github\spotbugs\spotbugs-annotations\4.0.2\spotbugs-annotations-4.0.2.jar;C:\Users\admin\.m2\repository\com\google\code\findbugs\jsr305\3.0.2\jsr305-3.0.2.jar;C:\Users\admin\.m2\repository\org\hamcrest\hamcrest-all\1.3\hamcrest-all-1.3.jar;C:\Users\admin\.m2\repository\commons-collections\commons-collections\3.2.2\commons-collections-3.2.2.jar;C:\Users\admin\.m2\repository\commons-lang\commons-lang\2.6\commons-lang-2.6.jar;D:\desktop\git_repo\zookeeper-read\zookeeper-jute\target\zookeeper-jute-3.6.1.jar;C:\Users\admin\.m2\repository\commons-cli\commons-cli\1.2\commons-cli-1.2.jar;C:\Users\admin\.m2\repository\org\apache\yetus\audience-annotations\0.5.0\audience-annotations-0.5.0.jar;C:\Users\admin\.m2\repository\io\netty\netty-handler\4.1.48.Final\netty-handler-4.1.48.Final.jar;C:\Users\admin\.m2\repository\io\netty\netty-common\4.1.48.Final\netty-common-4.1.48.Final.jar;C:\Users\admin\.m2\repository\io\netty\netty-resolver\4.1.48.Final\netty-resolver-4.1.48.Final.jar;C:\Users\admin\.m2\repository\io\netty\netty-buffer\4.1.48.Final\netty-buffer-4.1.48.Final.jar;C:\Users\admin\.m2\repository\io\netty\netty-transport\4.1.48.Final\netty-transport-4.1.48.Final.jar;C:\Users\admin\.m2\repository\io\netty\netty-codec\4.1.48.Final\netty-codec-4.1.48.Final.jar;C:\Users\admin\.m2\repository\io\netty\netty-transport-native-epoll\4.1.48.Final\netty-transport-native-epoll-4.1.48.Final.jar;C:\Users\admin\.m2\repository\io\netty\netty-transport-native-unix-common\4.1.48.Final\netty-transport-native-unix-common-4.1.48.Final.jar;C:\Users\admin\.m2\repository\org\slf4j\slf4j-api\1.7.25\slf4j-api-1.7.25.jar;C:\Users\admin\.m2\repository\org\slf4j\slf4j-log4j12\1.7.25\slf4j-log4j12-1.7.25.jar;C:\Users\admin\.m2\repository\org\eclipse\jetty\jetty-server\9.4.24.v20191120\jetty-server-9.4.24.v20191120.jar;C:\Users\admin\.m2\repository\javax\servlet\javax.servlet-api\3.1.0\javax.servlet-api-3.1.0.jar;C:\Users\admin\.m2\repository\org\eclipse\jetty\jetty-http\9.4.24.v20191120\jetty-http-9.4.24.v20191120.jar;C:\Users\admin\.m2\repository\org\eclipse\jetty\jetty-util\9.4.24.v20191120\jetty-util-9.4.24.v20191120.jar;C:\Users\admin\.m2\repository\org\eclipse\jetty\jetty-io\9.4.24.v20191120\jetty-io-9.4.24.v20191120.jar;C:\Users\admin\.m2\repository\org\eclipse\jetty\jetty-servlet\9.4.24.v20191120\jetty-servlet-9.4.24.v20191120.jar;C:\Users\admin\.m2\repository\org\eclipse\jetty\jetty-security\9.4.24.v20191120\jetty-security-9.4.24.v20191120.jar;C:\Users\admin\.m2\repository\com\fasterxml\jackson\core\jackson-databind\2.10.3\jackson-databind-2.10.3.jar;C:\Users\admin\.m2\repository\com\fasterxml\jackson\core\jackson-annotations\2.10.3\jackson-annotations-2.10.3.jar;C:\Users\admin\.m2\repository\com\fasterxml\jackson\core\jackson-core\2.10.3\jackson-core-2.10.3.jar;C:\Users\admin\.m2\repository\com\googlecode\json-simple\json-simple\1.1.1\json-simple-1.1.1.jar;C:\Users\admin\.m2\repository\org\bouncycastle\bcprov-jdk15on\1.60\bcprov-jdk15on-1.60.jar;C:\Users\admin\.m2\repository\org\bouncycastle\bcpkix-jdk15on\1.60\bcpkix-jdk15on-1.60.jar;C:\Users\admin\.m2\repository\jline\jline\2.11\jline-2.11.jar;C:\Users\admin\.m2\repository\io\dropwizard\metrics\metrics-core\3.2.5\metrics-core-3.2.5.jar;C:\Users\admin\.m2\repository\log4j\log4j\1.2.17\log4j-1.2.17.jar;C:\Users\admin\.m2\repository\org\apache\kerby\kerb-core\2.0.0\kerb-core-2.0.0.jar;C:\Users\admin\.m2\repository\org\apache\kerby\kerby-pkix\2.0.0\kerby-pkix-2.0.0.jar;C:\Users\admin\.m2\repository\org\apache\kerby\kerby-asn1\2.0.0\kerby-asn1-2.0.0.jar;C:\Users\admin\.m2\repository\org\apache\kerby\kerby-util\2.0.0\kerby-util-2.0.0.jar;C:\Users\admin\.m2\repository\org\apache\kerby\kerb-simplekdc\2.0.0\kerb-simplekdc-2.0.0.jar;C:\Users\admin\.m2\repository\org\apache\kerby\kerb-client\2.0.0\kerb-client-2.0.0.jar;C:\Users\admin\.m2\repository\org\apache\kerby\kerb-common\2.0.0\kerb-common-2.0.0.jar;C:\Users\admin\.m2\repository\org\apache\kerby\kerb-crypto\2.0.0\kerb-crypto-2.0.0.jar;C:\Users\admin\.m2\repository\commons-io\commons-io\2.6\commons-io-2.6.jar;C:\Users\admin\.m2\repository\org\apache\kerby\kerb-util\2.0.0\kerb-util-2.0.0.jar;C:\Users\admin\.m2\repository\org\apache\kerby\token-provider\2.0.0\token-provider-2.0.0.jar;C:\Users\admin\.m2\repository\com\nimbusds\nimbus-jose-jwt\4.41.2\nimbus-jose-jwt-4.41.2.jar;C:\Users\admin\.m2\repository\com\github\stephenc\jcip\jcip-annotations\1.0-1\jcip-annotations-1.0-1.jar;C:\Users\admin\.m2\repository\net\minidev\json-smart\2.3\json-smart-2.3.jar;C:\Users\admin\.m2\repository\net\minidev\accessors-smart\1.2\accessors-smart-1.2.jar;C:\Users\admin\.m2\repository\org\ow2\asm\asm\5.0.4\asm-5.0.4.jar;C:\Users\admin\.m2\repository\org\apache\kerby\kerb-admin\2.0.0\kerb-admin-2.0.0.jar;C:\Users\admin\.m2\repository\org\apache\kerby\kerb-server\2.0.0\kerb-server-2.0.0.jar;C:\Users\admin\.m2\repository\org\apache\kerby\kerb-identity\2.0.0\kerb-identity-2.0.0.jar;C:\Users\admin\.m2\repository\org\apache\kerby\kerby-xdr\2.0.0\kerby-xdr-2.0.0.jar;C:\Users\admin\.m2\repository\org\apache\kerby\kerby-config\2.0.0\kerby-config-2.0.0.jar;C:\Users\admin\.m2\repository\org\mockito\mockito-core\2.27.0\mockito-core-2.27.0.jar;C:\Users\admin\.m2\repository\net\bytebuddy\byte-buddy\1.9.10\byte-buddy-1.9.10.jar;C:\Users\admin\.m2\repository\net\bytebuddy\byte-buddy-agent\1.9.10\byte-buddy-agent-1.9.10.jar;C:\Users\admin\.m2\repository\org\objenesis\objenesis\2.6\objenesis-2.6.jar;C:\Users\admin\.m2\repository\org\jmockit\jmockit\1.48\jmockit-1.48.jar;C:\Users\admin\.m2\repository\junit\junit\4.12\junit-4.12.jar;C:\Users\admin\.m2\repository\org\hamcrest\hamcrest-core\1.3\hamcrest-core-1.3.jar;C:\Users\admin\.m2\repository\org\xerial\snappy\snappy-java\1.1.7\snappy-java-1.1.7.jar;"/>
    <property name="sun.cpu.endian" value="little"/>
    <property name="user.home" value="C:\Users\admin"/>
    <property name="user.language" value="zh"/>
    <property name="java.specification.vendor" value="Oracle Corporation"/>
    <property name="java.home" value="D:\Program Files\RedHat\java-1.8.0-openjdk-1.8.0.252-2\jre"/>
    <property name="zookeeper.DigestAuthenticationProvider.superDigest" value="super:D/InIHSb7yEEbrWz8b9l71RjZJU="/>
    <property name="basedir" value="D:\desktop\git_repo\zookeeper-read\zookeeper-server"/>
    <property name="file.separator" value="\"/>
    <property name="line.separator" value="&#10;"/>
    <property name="java.vm.specification.vendor" value="Oracle Corporation"/>
    <property name="java.specification.name" value="Java Platform API Specification"/>
    <property name="java.awt.graphicsenv" value="sun.awt.Win32GraphicsEnvironment"/>
    <property name="test.junit.threads" value="8"/>
    <property name="idea.version2020.1.1" value="true"/>
    <property name="surefire.real.class.path" value="C:\Users\admin\AppData\Local\Temp\surefire817669169469973491\surefirebooter1771813909262907754.jar;C:\Users\admin\.m2\repository\org\jmockit\jmockit\1.48\jmockit-1.48.jar"/>
    <property name="zookeeper.junit.threadid" value="3"/>
    <property name="sun.boot.class.path" value="D:\Program Files\RedHat\java-1.8.0-openjdk-1.8.0.252-2\jre\lib\resources.jar;D:\Program Files\RedHat\java-1.8.0-openjdk-1.8.0.252-2\jre\lib\rt.jar;D:\Program Files\RedHat\java-1.8.0-openjdk-1.8.0.252-2\jre\lib\sunrsasign.jar;D:\Program Files\RedHat\java-1.8.0-openjdk-1.8.0.252-2\jre\lib\jsse.jar;D:\Program Files\RedHat\java-1.8.0-openjdk-1.8.0.252-2\jre\lib\jce.jar;D:\Program Files\RedHat\java-1.8.0-openjdk-1.8.0.252-2\jre\lib\charsets.jar;D:\Program Files\RedHat\java-1.8.0-openjdk-1.8.0.252-2\jre\lib\jfr.jar;D:\Program Files\RedHat\java-1.8.0-openjdk-1.8.0.252-2\jre\classes"/>
    <property name="user.script" value=""/>
    <property name="sun.management.compiler" value="HotSpot 64-Bit Tiered Compilers"/>
    <property name="java.runtime.version" value="1.8.0_252-b09"/>
    <property name="user.name" value="admin"/>
    <property name="path.separator" value=";"/>
    <property name="os.version" value="10.0"/>
    <property name="java.endorsed.dirs" value="D:\Program Files\RedHat\java-1.8.0-openjdk-1.8.0.252-2\jre\lib\endorsed"/>
    <property name="java.runtime.name" value="OpenJDK Runtime Environment"/>
    <property name="file.encoding" value="GBK"/>
    <property name="java.vm.name" value="OpenJDK 64-Bit Server VM"/>
    <property name="localRepository" value="C:\Users\admin\.m2\repository"/>
    <property name="java.vendor.url.bug" value="http://bugreport.sun.com/bugreport/"/>
    <property name="java.io.tmpdir" value="C:\Users\admin\AppData\Local\Temp\"/>
    <property name="java.version" value="1.8.0_252"/>
    <property name="user.dir" value="D:\desktop\git_repo\zookeeper-read\zookeeper-server"/>
    <property name="os.arch" value="amd64"/>
    <property name="java.vm.specification.name" value="Java Virtual Machine Specification"/>
    <property name="java.awt.printerjob" value="sun.awt.windows.WPrinterJob"/>
    <property name="sun.os.patch.level" value=""/>
    <property name="java.library.path" value="D:\Program Files\RedHat\java-1.8.0-openjdk-1.8.0.252-2\jre\bin;C:\Windows\Sun\Java\bin;C:\Windows\system32;C:\Windows;D:\Program Files (x86)\NetSarang\Xshell 6\;C:\Windows\system32;C:\Windows;C:\Windows\System32\Wbem;C:\Windows\System32\WindowsPowerShell\v1.0\;C:\Windows\System32\OpenSSH\;C:\Program Files (x86)\NVIDIA Corporation\PhysX\Common;C:\Program Files\NVIDIA Corporation\NVIDIA NvDLISR;D:\Program Files\RedHat\java-1.8.0-openjdk-1.8.0.252-2\bin;D:\Program Files\RedHat\java-1.8.0-openjdk-1.8.0.252-2\jre\bin;D:\Program Files\Git\cmd;D:\Go\bin;D:\Program Files\nodejs\;C:\Users\admin\AppData\Local\Microsoft\WindowsApps;;D:\Programs\Microsoft VS Code\bin;C:\Users\admin\go\bin;C:\Users\admin\AppData\Roaming\npm;."/>
    <property name="java.vm.info" value="mixed mode"/>
    <property name="java.vendor" value="Oracle Corporation"/>
    <property name="java.vm.version" value="25.252-b09"/>
    <property name="java.ext.dirs" value="D:\Program Files\RedHat\java-1.8.0-openjdk-1.8.0.252-2\jre\lib\ext;C:\Windows\Sun\Java\lib\ext"/>
    <property name="sun.io.unicode.encoding" value="UnicodeLittle"/>
    <property name="java.class.version" value="52.0"/>
  </properties>
  <testcase name="doTest[0]" classname="org.apache.zookeeper.server.ServerIdTest" time="3.108"/>
  <testcase name="doTest[1]" classname="org.apache.zookeeper.server.ServerIdTest" time="2.173"/>
  <testcase name="doTest[2]" classname="org.apache.zookeeper.server.ServerIdTest" time="2.159"/>
  <testcase name="doTest[3]" classname="org.apache.zookeeper.server.ServerIdTest" time="2.158"/>
  <testcase name="doTest[4]" classname="org.apache.zookeeper.server.ServerIdTest" time="2.171"/>
  <testcase name="doTest[5]" classname="org.apache.zookeeper.server.ServerIdTest" time="2.154"/>
  <testcase name="doTest[6]" classname="org.apache.zookeeper.server.ServerIdTest" time="2.141"/>
  <testcase name="doTest[7]" classname="org.apache.zookeeper.server.ServerIdTest" time="2.165"/>
  <testcase name="doTest[8]" classname="org.apache.zookeeper.server.ServerIdTest" time="2.143"/>
  <testcase name="doTest[9]" classname="org.apache.zookeeper.server.ServerIdTest" time="2.139"/>
  <testcase name="doTest[10]" classname="org.apache.zookeeper.server.ServerIdTest" time="2.143"/>
  <testcase name="doTest[11]" classname="org.apache.zookeeper.server.ServerIdTest" time="2.146"/>
  <testcase name="doTest[12]" classname="org.apache.zookeeper.server.ServerIdTest" time="2.164"/>
  <testcase name="doTest[13]" classname="org.apache.zookeeper.server.ServerIdTest" time="2.144"/>
  <testcase name="doTest[14]" classname="org.apache.zookeeper.server.ServerIdTest" time="2.164"/>
  <testcase name="doTest[15]" classname="org.apache.zookeeper.server.ServerIdTest" time="2.158"/>
  <testcase name="doTest[16]" classname="org.apache.zookeeper.server.ServerIdTest" time="2.153"/>
  <testcase name="doTest[17]" classname="org.apache.zookeeper.server.ServerIdTest" time="2.172"/>
  <testcase name="doTest[18]" classname="org.apache.zookeeper.server.ServerIdTest" time="2.247"/>
  <testcase name="doTest[19]" classname="org.apache.zookeeper.server.ServerIdTest" time="2.156"/>
  <testcase name="doTest[20]" classname="org.apache.zookeeper.server.ServerIdTest" time="2.152"/>
  <testcase name="doTest[21]" classname="org.apache.zookeeper.server.ServerIdTest" time="2.143"/>
  <testcase name="doTest[22]" classname="org.apache.zookeeper.server.ServerIdTest" time="2.155"/>
  <testcase name="doTest[23]" classname="org.apache.zookeeper.server.ServerIdTest" time="2.158"/>
  <testcase name="doTest[24]" classname="org.apache.zookeeper.server.ServerIdTest" time="2.203"/>
  <testcase name="doTest[25]" classname="org.apache.zookeeper.server.ServerIdTest" time="2.155"/>
  <testcase name="doTest[26]" classname="org.apache.zookeeper.server.ServerIdTest" time="2.141"/>
  <testcase name="doTest[27]" classname="org.apache.zookeeper.server.ServerIdTest" time="2.147"/>
  <testcase name="doTest[28]" classname="org.apache.zookeeper.server.ServerIdTest" time="2.167"/>
  <testcase name="doTest[29]" classname="org.apache.zookeeper.server.ServerIdTest" time="2.329"/>
  <testcase name="doTest[30]" classname="org.apache.zookeeper.server.ServerIdTest" time="2.166"/>
  <testcase name="doTest[31]" classname="org.apache.zookeeper.server.ServerIdTest" time="2.165"/>
  <testcase name="doTest[32]" classname="org.apache.zookeeper.server.ServerIdTest" time="2.474"/>
  <testcase name="doTest[33]" classname="org.apache.zookeeper.server.ServerIdTest" time="3.3"/>
  <testcase name="doTest[34]" classname="org.apache.zookeeper.server.ServerIdTest" time="2.531"/>
  <testcase name="doTest[35]" classname="org.apache.zookeeper.server.ServerIdTest" time="2.657"/>
  <testcase name="doTest[36]" classname="org.apache.zookeeper.server.ServerIdTest" time="2.231"/>
  <testcase name="doTest[37]" classname="org.apache.zookeeper.server.ServerIdTest" time="2.189"/>
  <testcase name="doTest[38]" classname="org.apache.zookeeper.server.ServerIdTest" time="2.583"/>
  <testcase name="doTest[39]" classname="org.apache.zookeeper.server.ServerIdTest" time="2.819"/>
  <testcase name="doTest[40]" classname="org.apache.zookeeper.server.ServerIdTest" time="2.947"/>
  <testcase name="doTest[41]" classname="org.apache.zookeeper.server.ServerIdTest" time="2.476"/>
  <testcase name="doTest[42]" classname="org.apache.zookeeper.server.ServerIdTest" time="2.144"/>
  <testcase name="doTest[43]" classname="org.apache.zookeeper.server.ServerIdTest" time="2.129"/>
  <testcase name="doTest[44]" classname="org.apache.zookeeper.server.ServerIdTest" time="2.155"/>
  <testcase name="doTest[45]" classname="org.apache.zookeeper.server.ServerIdTest" time="2.154"/>
  <testcase name="doTest[46]" classname="org.apache.zookeeper.server.ServerIdTest" time="2.134"/>
  <testcase name="doTest[47]" classname="org.apache.zookeeper.server.ServerIdTest" time="2.138"/>
  <testcase name="doTest[48]" classname="org.apache.zookeeper.server.ServerIdTest" time="2.149"/>
  <testcase name="doTest[49]" classname="org.apache.zookeeper.server.ServerIdTest" time="2.154"/>
  <testcase name="doTest[50]" classname="org.apache.zookeeper.server.ServerIdTest" time="2.139"/>
  <testcase name="doTest[51]" classname="org.apache.zookeeper.server.ServerIdTest" time="2.166"/>
  <testcase name="doTest[52]" classname="org.apache.zookeeper.server.ServerIdTest" time="2.141"/>
  <testcase name="doTest[53]" classname="org.apache.zookeeper.server.ServerIdTest" time="2.133"/>
  <testcase name="doTest[54]" classname="org.apache.zookeeper.server.ServerIdTest" time="2.133"/>
  <testcase name="doTest[55]" classname="org.apache.zookeeper.server.ServerIdTest" time="2.161"/>
  <testcase name="doTest[56]" classname="org.apache.zookeeper.server.ServerIdTest" time="2.141"/>
  <testcase name="doTest[57]" classname="org.apache.zookeeper.server.ServerIdTest" time="2.147"/>
  <testcase name="doTest[58]" classname="org.apache.zookeeper.server.ServerIdTest" time="4.768"/>
  <testcase name="doTest[59]" classname="org.apache.zookeeper.server.ServerIdTest" time="2.562"/>
  <testcase name="doTest[60]" classname="org.apache.zookeeper.server.ServerIdTest" time="2.132"/>
  <testcase name="doTest[61]" classname="org.apache.zookeeper.server.ServerIdTest" time="2.134"/>
  <testcase name="doTest[62]" classname="org.apache.zookeeper.server.ServerIdTest" time="2.141"/>
  <testcase name="doTest[63]" classname="org.apache.zookeeper.server.ServerIdTest" time="2.194"/>
  <testcase name="doTest[64]" classname="org.apache.zookeeper.server.ServerIdTest" time="2.144"/>
  <testcase name="doTest[65]" classname="org.apache.zookeeper.server.ServerIdTest" time="2.135"/>
  <testcase name="doTest[66]" classname="org.apache.zookeeper.server.ServerIdTest" time="2.148"/>
  <testcase name="doTest[67]" classname="org.apache.zookeeper.server.ServerIdTest" time="2.154"/>
  <testcase name="doTest[68]" classname="org.apache.zookeeper.server.ServerIdTest" time="2.139"/>
  <testcase name="doTest[69]" classname="org.apache.zookeeper.server.ServerIdTest" time="2.22"/>
  <testcase name="doTest[70]" classname="org.apache.zookeeper.server.ServerIdTest" time="2.156"/>
  <testcase name="doTest[71]" classname="org.apache.zookeeper.server.ServerIdTest" time="2.129"/>
  <testcase name="doTest[72]" classname="org.apache.zookeeper.server.ServerIdTest" time="2.143"/>
  <testcase name="doTest[73]" classname="org.apache.zookeeper.server.ServerIdTest" time="2.134"/>
  <testcase name="doTest[74]" classname="org.apache.zookeeper.server.ServerIdTest" time="2.153"/>
  <testcase name="doTest[75]" classname="org.apache.zookeeper.server.ServerIdTest" time="2.155"/>
  <testcase name="doTest[76]" classname="org.apache.zookeeper.server.ServerIdTest" time="2.16"/>
  <testcase name="doTest[77]" classname="org.apache.zookeeper.server.ServerIdTest" time="2.134"/>
  <testcase name="doTest[78]" classname="org.apache.zookeeper.server.ServerIdTest" time="2.139"/>
  <testcase name="doTest[79]" classname="org.apache.zookeeper.server.ServerIdTest" time="2.132"/>
  <testcase name="doTest[80]" classname="org.apache.zookeeper.server.ServerIdTest" time="2.142"/>
  <testcase name="doTest[81]" classname="org.apache.zookeeper.server.ServerIdTest" time="2.145"/>
  <testcase name="doTest[82]" classname="org.apache.zookeeper.server.ServerIdTest" time="2.135"/>
  <testcase name="doTest[83]" classname="org.apache.zookeeper.server.ServerIdTest" time="2.135"/>
  <testcase name="doTest[84]" classname="org.apache.zookeeper.server.ServerIdTest" time="3.958"/>
  <testcase name="doTest[85]" classname="org.apache.zookeeper.server.ServerIdTest" time="2.499"/>
  <testcase name="doTest[86]" classname="org.apache.zookeeper.server.ServerIdTest" time="2.144"/>
  <testcase name="doTest[87]" classname="org.apache.zookeeper.server.ServerIdTest" time="2.147"/>
  <testcase name="doTest[88]" classname="org.apache.zookeeper.server.ServerIdTest" time="2.15"/>
  <testcase name="doTest[89]" classname="org.apache.zookeeper.server.ServerIdTest" time="2.13"/>
  <testcase name="doTest[90]" classname="org.apache.zookeeper.server.ServerIdTest" time="2.131"/>
  <testcase name="doTest[91]" classname="org.apache.zookeeper.server.ServerIdTest" time="2.14"/>
  <testcase name="doTest[92]" classname="org.apache.zookeeper.server.ServerIdTest" time="2.149"/>
  <testcase name="doTest[93]" classname="org.apache.zookeeper.server.ServerIdTest" time="2.137"/>
  <testcase name="doTest[94]" classname="org.apache.zookeeper.server.ServerIdTest" time="2.139"/>
  <testcase name="doTest[95]" classname="org.apache.zookeeper.server.ServerIdTest" time="2.135"/>
  <testcase name="doTest[96]" classname="org.apache.zookeeper.server.ServerIdTest" time="2.133"/>
  <testcase name="doTest[97]" classname="org.apache.zookeeper.server.ServerIdTest" time="2.132"/>
  <testcase name="doTest[98]" classname="org.apache.zookeeper.server.ServerIdTest" time="2.149"/>
  <testcase name="doTest[99]" classname="org.apache.zookeeper.server.ServerIdTest" time="2.183"/>
  <testcase name="doTest[100]" classname="org.apache.zookeeper.server.ServerIdTest" time="2.139"/>
  <testcase name="doTest[101]" classname="org.apache.zookeeper.server.ServerIdTest" time="2.152"/>
  <testcase name="doTest[102]" classname="org.apache.zookeeper.server.ServerIdTest" time="2.188"/>
  <testcase name="doTest[103]" classname="org.apache.zookeeper.server.ServerIdTest" time="2.148"/>
  <testcase name="doTest[104]" classname="org.apache.zookeeper.server.ServerIdTest" time="2.164"/>
  <testcase name="doTest[105]" classname="org.apache.zookeeper.server.ServerIdTest" time="2.169"/>
  <testcase name="doTest[106]" classname="org.apache.zookeeper.server.ServerIdTest" time="2.15"/>
  <testcase name="doTest[107]" classname="org.apache.zookeeper.server.ServerIdTest" time="2.17"/>
  <testcase name="doTest[108]" classname="org.apache.zookeeper.server.ServerIdTest" time="2.142"/>
  <testcase name="doTest[109]" classname="org.apache.zookeeper.server.ServerIdTest" time="2.151"/>
  <testcase name="doTest[110]" classname="org.apache.zookeeper.server.ServerIdTest" time="2.192"/>
  <testcase name="doTest[111]" classname="org.apache.zookeeper.server.ServerIdTest" time="2.14"/>
  <testcase name="doTest[112]" classname="org.apache.zookeeper.server.ServerIdTest" time="2.132"/>
  <testcase name="doTest[113]" classname="org.apache.zookeeper.server.ServerIdTest" time="2.133"/>
  <testcase name="doTest[114]" classname="org.apache.zookeeper.server.ServerIdTest" time="2.141"/>
  <testcase name="doTest[115]" classname="org.apache.zookeeper.server.ServerIdTest" time="2.154"/>
  <testcase name="doTest[116]" classname="org.apache.zookeeper.server.ServerIdTest" time="2.152"/>
  <testcase name="doTest[117]" classname="org.apache.zookeeper.server.ServerIdTest" time="2.136"/>
  <testcase name="doTest[118]" classname="org.apache.zookeeper.server.ServerIdTest" time="2.141"/>
  <testcase name="doTest[119]" classname="org.apache.zookeeper.server.ServerIdTest" time="2.174"/>
  <testcase name="doTest[120]" classname="org.apache.zookeeper.server.ServerIdTest" time="2.146"/>
  <testcase name="doTest[121]" classname="org.apache.zookeeper.server.ServerIdTest" time="2.129"/>
  <testcase name="doTest[122]" classname="org.apache.zookeeper.server.ServerIdTest" time="2.14"/>
  <testcase name="doTest[123]" classname="org.apache.zookeeper.server.ServerIdTest" time="2.13"/>
  <testcase name="doTest[124]" classname="org.apache.zookeeper.server.ServerIdTest" time="2.134"/>
  <testcase name="doTest[125]" classname="org.apache.zookeeper.server.ServerIdTest" time="2.153"/>
  <testcase name="doTest[126]" classname="org.apache.zookeeper.server.ServerIdTest" time="2.146"/>
  <testcase name="doTest[127]" classname="org.apache.zookeeper.server.ServerIdTest" time="2.147"/>
  <testcase name="doTest[128]" classname="org.apache.zookeeper.server.ServerIdTest" time="2.176"/>
  <testcase name="doTest[129]" classname="org.apache.zookeeper.server.ServerIdTest" time="2.226"/>
  <testcase name="doTest[130]" classname="org.apache.zookeeper.server.ServerIdTest" time="2.142"/>
  <testcase name="doTest[131]" classname="org.apache.zookeeper.server.ServerIdTest" time="2.147"/>
  <testcase name="doTest[132]" classname="org.apache.zookeeper.server.ServerIdTest" time="2.14"/>
  <testcase name="doTest[133]" classname="org.apache.zookeeper.server.ServerIdTest" time="2.162"/>
  <testcase name="doTest[134]" classname="org.apache.zookeeper.server.ServerIdTest" time="2.135"/>
  <testcase name="doTest[135]" classname="org.apache.zookeeper.server.ServerIdTest" time="2.14"/>
  <testcase name="doTest[136]" classname="org.apache.zookeeper.server.ServerIdTest" time="2.164"/>
  <testcase name="doTest[137]" classname="org.apache.zookeeper.server.ServerIdTest" time="2.129"/>
  <testcase name="doTest[138]" classname="org.apache.zookeeper.server.ServerIdTest" time="2.14"/>
  <testcase name="doTest[139]" classname="org.apache.zookeeper.server.ServerIdTest" time="2.143"/>
  <testcase name="doTest[140]" classname="org.apache.zookeeper.server.ServerIdTest" time="2.158"/>
  <testcase name="doTest[141]" classname="org.apache.zookeeper.server.ServerIdTest" time="2.344"/>
  <testcase name="doTest[142]" classname="org.apache.zookeeper.server.ServerIdTest" time="3.021"/>
  <testcase name="doTest[143]" classname="org.apache.zookeeper.server.ServerIdTest" time="2.605"/>
  <testcase name="doTest[144]" classname="org.apache.zookeeper.server.ServerIdTest" time="3.014"/>
  <testcase name="doTest[145]" classname="org.apache.zookeeper.server.ServerIdTest" time="2.499"/>
  <testcase name="doTest[146]" classname="org.apache.zookeeper.server.ServerIdTest" time="2.43"/>
  <testcase name="doTest[147]" classname="org.apache.zookeeper.server.ServerIdTest" time="2.993"/>
  <testcase name="doTest[148]" classname="org.apache.zookeeper.server.ServerIdTest" time="2.305"/>
  <testcase name="doTest[149]" classname="org.apache.zookeeper.server.ServerIdTest" time="2.516"/>
  <testcase name="doTest[150]" classname="org.apache.zookeeper.server.ServerIdTest" time="2.861"/>
  <testcase name="doTest[151]" classname="org.apache.zookeeper.server.ServerIdTest" time="2.42"/>
  <testcase name="doTest[152]" classname="org.apache.zookeeper.server.ServerIdTest" time="2.399"/>
  <testcase name="doTest[153]" classname="org.apache.zookeeper.server.ServerIdTest" time="2.393"/>
  <testcase name="doTest[154]" classname="org.apache.zookeeper.server.ServerIdTest" time="2.44"/>
  <testcase name="doTest[155]" classname="org.apache.zookeeper.server.ServerIdTest" time="2.397"/>
  <testcase name="doTest[156]" classname="org.apache.zookeeper.server.ServerIdTest" time="2.367"/>
  <testcase name="doTest[157]" classname="org.apache.zookeeper.server.ServerIdTest" time="2.141"/>
  <testcase name="doTest[158]" classname="org.apache.zookeeper.server.ServerIdTest" time="2.155"/>
  <testcase name="doTest[159]" classname="org.apache.zookeeper.server.ServerIdTest" time="2.142"/>
  <testcase name="doTest[160]" classname="org.apache.zookeeper.server.ServerIdTest" time="2.16"/>
  <testcase name="doTest[161]" classname="org.apache.zookeeper.server.ServerIdTest" time="2.15"/>
  <testcase name="doTest[162]" classname="org.apache.zookeeper.server.ServerIdTest" time="2.184"/>
  <testcase name="doTest[163]" classname="org.apache.zookeeper.server.ServerIdTest" time="2.162"/>
  <testcase name="doTest[164]" classname="org.apache.zookeeper.server.ServerIdTest" time="2.155"/>
  <testcase name="doTest[165]" classname="org.apache.zookeeper.server.ServerIdTest" time="2.161"/>
  <testcase name="doTest[166]" classname="org.apache.zookeeper.server.ServerIdTest" time="2.658"/>
  <testcase name="doTest[167]" classname="org.apache.zookeeper.server.ServerIdTest" time="2.392"/>
  <testcase name="doTest[168]" classname="org.apache.zookeeper.server.ServerIdTest" time="2.595"/>
  <testcase name="doTest[169]" classname="org.apache.zookeeper.server.ServerIdTest" time="2.653"/>
  <testcase name="doTest[170]" classname="org.apache.zookeeper.server.ServerIdTest" time="2.549"/>
  <testcase name="doTest[171]" classname="org.apache.zookeeper.server.ServerIdTest" time="2.176"/>
  <testcase name="doTest[172]" classname="org.apache.zookeeper.server.ServerIdTest" time="2.223"/>
  <testcase name="doTest[173]" classname="org.apache.zookeeper.server.ServerIdTest" time="2.134"/>
  <testcase name="doTest[174]" classname="org.apache.zookeeper.server.ServerIdTest" time="2.149"/>
  <testcase name="doTest[175]" classname="org.apache.zookeeper.server.ServerIdTest" time="2.183"/>
  <testcase name="doTest[176]" classname="org.apache.zookeeper.server.ServerIdTest" time="2.132"/>
  <testcase name="doTest[177]" classname="org.apache.zookeeper.server.ServerIdTest" time="2.151"/>
  <testcase name="doTest[178]" classname="org.apache.zookeeper.server.ServerIdTest" time="2.149"/>
  <testcase name="doTest[179]" classname="org.apache.zookeeper.server.ServerIdTest" time="2.145"/>
  <testcase name="doTest[180]" classname="org.apache.zookeeper.server.ServerIdTest" time="2.139"/>
  <testcase name="doTest[181]" classname="org.apache.zookeeper.server.ServerIdTest" time="2.136"/>
  <testcase name="doTest[182]" classname="org.apache.zookeeper.server.ServerIdTest" time="2.13"/>
  <testcase name="doTest[183]" classname="org.apache.zookeeper.server.ServerIdTest" time="2.141"/>
  <testcase name="doTest[184]" classname="org.apache.zookeeper.server.ServerIdTest" time="2.16"/>
  <testcase name="doTest[185]" classname="org.apache.zookeeper.server.ServerIdTest" time="2.147"/>
  <testcase name="doTest[186]" classname="org.apache.zookeeper.server.ServerIdTest" time="2.154"/>
  <testcase name="doTest[187]" classname="org.apache.zookeeper.server.ServerIdTest" time="2.15"/>
  <testcase name="doTest[188]" classname="org.apache.zookeeper.server.ServerIdTest" time="2.152"/>
  <testcase name="doTest[189]" classname="org.apache.zookeeper.server.ServerIdTest" time="4.516"/>
  <testcase name="doTest[190]" classname="org.apache.zookeeper.server.ServerIdTest" time="3.866"/>
  <testcase name="doTest[191]" classname="org.apache.zookeeper.server.ServerIdTest" time="2.507"/>
  <testcase name="doTest[192]" classname="org.apache.zookeeper.server.ServerIdTest" time="2.49"/>
  <testcase name="doTest[193]" classname="org.apache.zookeeper.server.ServerIdTest" time="6.065"/>
  <testcase name="doTest[194]" classname="org.apache.zookeeper.server.ServerIdTest" time="2.414"/>
  <testcase name="doTest[195]" classname="org.apache.zookeeper.server.ServerIdTest" time="2.144"/>
  <testcase name="doTest[196]" classname="org.apache.zookeeper.server.ServerIdTest" time="2.188"/>
  <testcase name="doTest[197]" classname="org.apache.zookeeper.server.ServerIdTest" time="2.128"/>
  <testcase name="doTest[198]" classname="org.apache.zookeeper.server.ServerIdTest" time="2.15"/>
  <testcase name="doTest[199]" classname="org.apache.zookeeper.server.ServerIdTest" time="2.133"/>
  <testcase name="doTest[200]" classname="org.apache.zookeeper.server.ServerIdTest" time="2.135"/>
  <testcase name="doTest[201]" classname="org.apache.zookeeper.server.ServerIdTest" time="2.132"/>
  <testcase name="doTest[202]" classname="org.apache.zookeeper.server.ServerIdTest" time="2.129"/>
  <testcase name="doTest[203]" classname="org.apache.zookeeper.server.ServerIdTest" time="2.139"/>
  <testcase name="doTest[204]" classname="org.apache.zookeeper.server.ServerIdTest" time="2.126"/>
  <testcase name="doTest[205]" classname="org.apache.zookeeper.server.ServerIdTest" time="2.13"/>
  <testcase name="doTest[206]" classname="org.apache.zookeeper.server.ServerIdTest" time="2.143"/>
  <testcase name="doTest[207]" classname="org.apache.zookeeper.server.ServerIdTest" time="2.135"/>
  <testcase name="doTest[208]" classname="org.apache.zookeeper.server.ServerIdTest" time="2.14"/>
  <testcase name="doTest[209]" classname="org.apache.zookeeper.server.ServerIdTest" time="2.166"/>
  <testcase name="doTest[210]" classname="org.apache.zookeeper.server.ServerIdTest" time="4.125"/>
  <testcase name="doTest[211]" classname="org.apache.zookeeper.server.ServerIdTest" time="2.849"/>
  <testcase name="doTest[212]" classname="org.apache.zookeeper.server.ServerIdTest" time="2.13"/>
  <testcase name="doTest[213]" classname="org.apache.zookeeper.server.ServerIdTest" time="2.129"/>
  <testcase name="doTest[214]" classname="org.apache.zookeeper.server.ServerIdTest" time="2.134"/>
  <testcase name="doTest[215]" classname="org.apache.zookeeper.server.ServerIdTest" time="2.139"/>
  <testcase name="doTest[216]" classname="org.apache.zookeeper.server.ServerIdTest" time="2.135"/>
  <testcase name="doTest[217]" classname="org.apache.zookeeper.server.ServerIdTest" time="2.236"/>
  <testcase name="doTest[218]" classname="org.apache.zookeeper.server.ServerIdTest" time="4.889"/>
  <testcase name="doTest[219]" classname="org.apache.zookeeper.server.ServerIdTest" time="2.14"/>
  <testcase name="doTest[220]" classname="org.apache.zookeeper.server.ServerIdTest" time="2.144"/>
  <testcase name="doTest[221]" classname="org.apache.zookeeper.server.ServerIdTest" time="2.135"/>
  <testcase name="doTest[222]" classname="org.apache.zookeeper.server.ServerIdTest" time="2.143"/>
  <testcase name="doTest[223]" classname="org.apache.zookeeper.server.ServerIdTest" time="2.141"/>
  <testcase name="doTest[224]" classname="org.apache.zookeeper.server.ServerIdTest" time="2.155"/>
  <testcase name="doTest[225]" classname="org.apache.zookeeper.server.ServerIdTest" time="2.15"/>
  <testcase name="doTest[226]" classname="org.apache.zookeeper.server.ServerIdTest" time="2.141"/>
  <testcase name="doTest[227]" classname="org.apache.zookeeper.server.ServerIdTest" time="2.136"/>
  <testcase name="doTest[228]" classname="org.apache.zookeeper.server.ServerIdTest" time="2.124"/>
  <testcase name="doTest[229]" classname="org.apache.zookeeper.server.ServerIdTest" time="2.154"/>
  <testcase name="doTest[230]" classname="org.apache.zookeeper.server.ServerIdTest" time="2.142"/>
  <testcase name="doTest[231]" classname="org.apache.zookeeper.server.ServerIdTest" time="2.141"/>
  <testcase name="doTest[232]" classname="org.apache.zookeeper.server.ServerIdTest" time="2.144"/>
  <testcase name="doTest[233]" classname="org.apache.zookeeper.server.ServerIdTest" time="2.133"/>
  <testcase name="doTest[234]" classname="org.apache.zookeeper.server.ServerIdTest" time="2.139"/>
  <testcase name="doTest[235]" classname="org.apache.zookeeper.server.ServerIdTest" time="2.133"/>
  <testcase name="doTest[236]" classname="org.apache.zookeeper.server.ServerIdTest" time="2.145"/>
  <testcase name="doTest[237]" classname="org.apache.zookeeper.server.ServerIdTest" time="2.141"/>
  <testcase name="doTest[238]" classname="org.apache.zookeeper.server.ServerIdTest" time="2.135"/>
  <testcase name="doTest[239]" classname="org.apache.zookeeper.server.ServerIdTest" time="2.182"/>
  <testcase name="doTest[240]" classname="org.apache.zookeeper.server.ServerIdTest" time="2.196"/>
  <testcase name="doTest[241]" classname="org.apache.zookeeper.server.ServerIdTest" time="2.16"/>
  <testcase name="doTest[242]" classname="org.apache.zookeeper.server.ServerIdTest" time="2.217"/>
  <testcase name="doTest[243]" classname="org.apache.zookeeper.server.ServerIdTest" time="2.147"/>
  <testcase name="doTest[244]" classname="org.apache.zookeeper.server.ServerIdTest" time="2.216"/>
  <testcase name="doTest[245]" classname="org.apache.zookeeper.server.ServerIdTest" time="2.45"/>
  <testcase name="doTest[246]" classname="org.apache.zookeeper.server.ServerIdTest" time="2.143"/>
  <testcase name="doTest[247]" classname="org.apache.zookeeper.server.ServerIdTest" time="2.125"/>
  <testcase name="doTest[248]" classname="org.apache.zookeeper.server.ServerIdTest" time="2.138"/>
  <testcase name="doTest[249]" classname="org.apache.zookeeper.server.ServerIdTest" time="2.132"/>
  <testcase name="doTest[250]" classname="org.apache.zookeeper.server.ServerIdTest" time="2.159"/>
  <testcase name="doTest[251]" classname="org.apache.zookeeper.server.ServerIdTest" time="2.173"/>
  <testcase name="doTest[252]" classname="org.apache.zookeeper.server.ServerIdTest" time="2.149"/>
  <testcase name="doTest[253]" classname="org.apache.zookeeper.server.ServerIdTest" time="2.187"/>
  <testcase name="doTest[254]" classname="org.apache.zookeeper.server.ServerIdTest" time="2.067"/>
  <testcase name="doTest[255]" classname="org.apache.zookeeper.server.ServerIdTest" time="2.197"/>
  <testcase name="doTest[256]" classname="org.apache.zookeeper.server.ServerIdTest" time="2.139"/>
  <testcase name="doTest[257]" classname="org.apache.zookeeper.server.ServerIdTest" time="4.295"/>
  <testcase name="doTest[258]" classname="org.apache.zookeeper.server.ServerIdTest" time="2.434"/>
  <testcase name="doTest[259]" classname="org.apache.zookeeper.server.ServerIdTest" time="2.137"/>
  <testcase name="doTest[260]" classname="org.apache.zookeeper.server.ServerIdTest" time="2.151"/>
  <testcase name="doTest[261]" classname="org.apache.zookeeper.server.ServerIdTest" time="2.127"/>
  <testcase name="doTest[262]" classname="org.apache.zookeeper.server.ServerIdTest" time="2.129"/>
  <testcase name="doTest[263]" classname="org.apache.zookeeper.server.ServerIdTest" time="2.14"/>
  <testcase name="doTest[264]" classname="org.apache.zookeeper.server.ServerIdTest" time="2.14"/>
  <testcase name="doTest[265]" classname="org.apache.zookeeper.server.ServerIdTest" time="2.132"/>
  <testcase name="doTest[266]" classname="org.apache.zookeeper.server.ServerIdTest" time="2.144"/>
  <testcase name="doTest[267]" classname="org.apache.zookeeper.server.ServerIdTest" time="2.137"/>
  <testcase name="doTest[268]" classname="org.apache.zookeeper.server.ServerIdTest" time="2.14"/>
  <testcase name="doTest[269]" classname="org.apache.zookeeper.server.ServerIdTest" time="2.134"/>
  <testcase name="doTest[270]" classname="org.apache.zookeeper.server.ServerIdTest" time="2.182"/>
  <testcase name="doTest[271]" classname="org.apache.zookeeper.server.ServerIdTest" time="2.134"/>
  <testcase name="doTest[272]" classname="org.apache.zookeeper.server.ServerIdTest" time="2.13"/>
  <testcase name="doTest[273]" classname="org.apache.zookeeper.server.ServerIdTest" time="2.135"/>
  <testcase name="doTest[274]" classname="org.apache.zookeeper.server.ServerIdTest" time="2.139"/>
  <testcase name="doTest[275]" classname="org.apache.zookeeper.server.ServerIdTest" time="2.139"/>
  <testcase name="doTest[276]" classname="org.apache.zookeeper.server.ServerIdTest" time="2.144"/>
  <testcase name="doTest[277]" classname="org.apache.zookeeper.server.ServerIdTest" time="2.314"/>
  <testcase name="doTest[278]" classname="org.apache.zookeeper.server.ServerIdTest" time="2.168"/>
  <testcase name="doTest[279]" classname="org.apache.zookeeper.server.ServerIdTest" time="2.139"/>
  <testcase name="doTest[280]" classname="org.apache.zookeeper.server.ServerIdTest" time="2.326"/>
  <testcase name="doTest[281]" classname="org.apache.zookeeper.server.ServerIdTest" time="2.474"/>
  <testcase name="doTest[282]" classname="org.apache.zookeeper.server.ServerIdTest" time="2.399"/>
  <testcase name="doTest[283]" classname="org.apache.zookeeper.server.ServerIdTest" time="2.31"/>
  <testcase name="doTest[284]" classname="org.apache.zookeeper.server.ServerIdTest" time="2.398"/>
  <testcase name="doTest[285]" classname="org.apache.zookeeper.server.ServerIdTest" time="2.214"/>
  <testcase name="doTest[286]" classname="org.apache.zookeeper.server.ServerIdTest" time="2.138"/>
  <testcase name="doTest[287]" classname="org.apache.zookeeper.server.ServerIdTest" time="3.349"/>
  <testcase name="doTest[288]" classname="org.apache.zookeeper.server.ServerIdTest" time="2.124"/>
  <testcase name="doTest[289]" classname="org.apache.zookeeper.server.ServerIdTest" time="2.14"/>
  <testcase name="doTest[290]" classname="org.apache.zookeeper.server.ServerIdTest" time="2.135"/>
  <testcase name="doTest[291]" classname="org.apache.zookeeper.server.ServerIdTest" time="2.125"/>
  <testcase name="doTest[292]" classname="org.apache.zookeeper.server.ServerIdTest" time="2.141"/>
  <testcase name="doTest[293]" classname="org.apache.zookeeper.server.ServerIdTest" time="2.126"/>
  <testcase name="doTest[294]" classname="org.apache.zookeeper.server.ServerIdTest" time="2.128"/>
  <testcase name="doTest[295]" classname="org.apache.zookeeper.server.ServerIdTest" time="2.13"/>
  <testcase name="doTest[296]" classname="org.apache.zookeeper.server.ServerIdTest" time="2.139"/>
  <testcase name="doTest[297]" classname="org.apache.zookeeper.server.ServerIdTest" time="2.133"/>
  <testcase name="doTest[298]" classname="org.apache.zookeeper.server.ServerIdTest" time="2.139"/>
  <testcase name="doTest[299]" classname="org.apache.zookeeper.server.ServerIdTest" time="2.145"/>
  <testcase name="doTest[300]" classname="org.apache.zookeeper.server.ServerIdTest" time="2.125"/>
  <testcase name="doTest[301]" classname="org.apache.zookeeper.server.ServerIdTest" time="2.133"/>
  <testcase name="doTest[302]" classname="org.apache.zookeeper.server.ServerIdTest" time="2.13"/>
  <testcase name="doTest[303]" classname="org.apache.zookeeper.server.ServerIdTest" time="2.144"/>
  <testcase name="doTest[304]" classname="org.apache.zookeeper.server.ServerIdTest" time="2.143"/>
  <testcase name="doTest[305]" classname="org.apache.zookeeper.server.ServerIdTest" time="2.138"/>
  <testcase name="doTest[306]" classname="org.apache.zookeeper.server.ServerIdTest" time="2.135"/>
  <testcase name="doTest[307]" classname="org.apache.zookeeper.server.ServerIdTest" time="2.14"/>
  <testcase name="doTest[308]" classname="org.apache.zookeeper.server.ServerIdTest" time="2.133"/>
  <testcase name="doTest[309]" classname="org.apache.zookeeper.server.ServerIdTest" time="2.147"/>
  <testcase name="doTest[310]" classname="org.apache.zookeeper.server.ServerIdTest" time="2.157"/>
  <testcase name="doTest[311]" classname="org.apache.zookeeper.server.ServerIdTest" time="2.128"/>
  <testcase name="doTest[312]" classname="org.apache.zookeeper.server.ServerIdTest" time="2.149"/>
  <testcase name="doTest[313]" classname="org.apache.zookeeper.server.ServerIdTest" time="2.151"/>
  <testcase name="doTest[314]" classname="org.apache.zookeeper.server.ServerIdTest" time="2.13"/>
  <testcase name="doTest[315]" classname="org.apache.zookeeper.server.ServerIdTest" time="2.131"/>
  <testcase name="doTest[316]" classname="org.apache.zookeeper.server.ServerIdTest" time="2.135"/>
  <testcase name="doTest[317]" classname="org.apache.zookeeper.server.ServerIdTest" time="2.15"/>
  <testcase name="doTest[318]" classname="org.apache.zookeeper.server.ServerIdTest" time="2.136"/>
  <testcase name="doTest[319]" classname="org.apache.zookeeper.server.ServerIdTest" time="2.162"/>
  <testcase name="doTest[320]" classname="org.apache.zookeeper.server.ServerIdTest" time="2.133"/>
  <testcase name="doTest[321]" classname="org.apache.zookeeper.server.ServerIdTest" time="2.152"/>
  <testcase name="doTest[322]" classname="org.apache.zookeeper.server.ServerIdTest" time="2.133"/>
  <testcase name="doTest[323]" classname="org.apache.zookeeper.server.ServerIdTest" time="2.132"/>
  <testcase name="doTest[324]" classname="org.apache.zookeeper.server.ServerIdTest" time="2.132"/>
  <testcase name="doTest[325]" classname="org.apache.zookeeper.server.ServerIdTest" time="2.141"/>
  <testcase name="doTest[326]" classname="org.apache.zookeeper.server.ServerIdTest" time="2.125"/>
  <testcase name="doTest[327]" classname="org.apache.zookeeper.server.ServerIdTest" time="2.141"/>
  <testcase name="doTest[328]" classname="org.apache.zookeeper.server.ServerIdTest" time="2.141"/>
  <testcase name="doTest[329]" classname="org.apache.zookeeper.server.ServerIdTest" time="2.152"/>
  <testcase name="doTest[330]" classname="org.apache.zookeeper.server.ServerIdTest" time="2.136"/>
  <testcase name="doTest[331]" classname="org.apache.zookeeper.server.ServerIdTest" time="2.146"/>
  <testcase name="doTest[332]" classname="org.apache.zookeeper.server.ServerIdTest" time="2.13"/>
  <testcase name="doTest[333]" classname="org.apache.zookeeper.server.ServerIdTest" time="2.169"/>
  <testcase name="doTest[334]" classname="org.apache.zookeeper.server.ServerIdTest" time="2.144"/>
  <testcase name="doTest[335]" classname="org.apache.zookeeper.server.ServerIdTest" time="2.131"/>
  <testcase name="doTest[336]" classname="org.apache.zookeeper.server.ServerIdTest" time="2.133"/>
  <testcase name="doTest[337]" classname="org.apache.zookeeper.server.ServerIdTest" time="2.135"/>
  <testcase name="doTest[338]" classname="org.apache.zookeeper.server.ServerIdTest" time="2.14"/>
  <testcase name="doTest[339]" classname="org.apache.zookeeper.server.ServerIdTest" time="2.129"/>
  <testcase name="doTest[340]" classname="org.apache.zookeeper.server.ServerIdTest" time="2.136"/>
  <testcase name="doTest[341]" classname="org.apache.zookeeper.server.ServerIdTest" time="2.13"/>
  <testcase name="doTest[342]" classname="org.apache.zookeeper.server.ServerIdTest" time="2.144"/>
  <testcase name="doTest[343]" classname="org.apache.zookeeper.server.ServerIdTest" time="2.244"/>
  <testcase name="doTest[344]" classname="org.apache.zookeeper.server.ServerIdTest" time="2.134"/>
  <testcase name="doTest[345]" classname="org.apache.zookeeper.server.ServerIdTest" time="2.127"/>
  <testcase name="doTest[346]" classname="org.apache.zookeeper.server.ServerIdTest" time="2.131"/>
  <testcase name="doTest[347]" classname="org.apache.zookeeper.server.ServerIdTest" time="2.134"/>
  <testcase name="doTest[348]" classname="org.apache.zookeeper.server.ServerIdTest" time="2.146"/>
  <testcase name="doTest[349]" classname="org.apache.zookeeper.server.ServerIdTest" time="2.131"/>
  <testcase name="doTest[350]" classname="org.apache.zookeeper.server.ServerIdTest" time="2.138"/>
  <testcase name="doTest[351]" classname="org.apache.zookeeper.server.ServerIdTest" time="2.13"/>
  <testcase name="doTest[352]" classname="org.apache.zookeeper.server.ServerIdTest" time="2.123"/>
  <testcase name="doTest[353]" classname="org.apache.zookeeper.server.ServerIdTest" time="2.125"/>
  <testcase name="doTest[354]" classname="org.apache.zookeeper.server.ServerIdTest" time="2.133"/>
  <testcase name="doTest[355]" classname="org.apache.zookeeper.server.ServerIdTest" time="2.165"/>
  <testcase name="doTest[356]" classname="org.apache.zookeeper.server.ServerIdTest" time="2.144"/>
  <testcase name="doTest[357]" classname="org.apache.zookeeper.server.ServerIdTest" time="2.151"/>
  <testcase name="doTest[358]" classname="org.apache.zookeeper.server.ServerIdTest" time="2.128"/>
  <testcase name="doTest[359]" classname="org.apache.zookeeper.server.ServerIdTest" time="2.147"/>
  <testcase name="doTest[360]" classname="org.apache.zookeeper.server.ServerIdTest" time="2.153"/>
  <testcase name="doTest[361]" classname="org.apache.zookeeper.server.ServerIdTest" time="2.167"/>
  <testcase name="doTest[362]" classname="org.apache.zookeeper.server.ServerIdTest" time="2.151"/>
  <testcase name="doTest[363]" classname="org.apache.zookeeper.server.ServerIdTest" time="2.138"/>
  <testcase name="doTest[364]" classname="org.apache.zookeeper.server.ServerIdTest" time="2.196"/>
  <testcase name="doTest[365]" classname="org.apache.zookeeper.server.ServerIdTest" time="2.156"/>
  <testcase name="doTest[366]" classname="org.apache.zookeeper.server.ServerIdTest" time="2.142"/>
  <testcase name="doTest[367]" classname="org.apache.zookeeper.server.ServerIdTest" time="2.138"/>
  <testcase name="doTest[368]" classname="org.apache.zookeeper.server.ServerIdTest" time="2.169"/>
  <testcase name="doTest[369]" classname="org.apache.zookeeper.server.ServerIdTest" time="2.136"/>
  <testcase name="doTest[370]" classname="org.apache.zookeeper.server.ServerIdTest" time="2.137"/>
  <testcase name="doTest[371]" classname="org.apache.zookeeper.server.ServerIdTest" time="2.155"/>
  <testcase name="doTest[372]" classname="org.apache.zookeeper.server.ServerIdTest" time="2.143"/>
  <testcase name="doTest[373]" classname="org.apache.zookeeper.server.ServerIdTest" time="2.137"/>
  <testcase name="doTest[374]" classname="org.apache.zookeeper.server.ServerIdTest" time="2.14"/>
  <testcase name="doTest[375]" classname="org.apache.zookeeper.server.ServerIdTest" time="2.197"/>
  <testcase name="doTest[376]" classname="org.apache.zookeeper.server.ServerIdTest" time="2.186"/>
  <testcase name="doTest[377]" classname="org.apache.zookeeper.server.ServerIdTest" time="2.18"/>
  <testcase name="doTest[378]" classname="org.apache.zookeeper.server.ServerIdTest" time="2.139"/>
  <testcase name="doTest[379]" classname="org.apache.zookeeper.server.ServerIdTest" time="2.151"/>
  <testcase name="doTest[380]" classname="org.apache.zookeeper.server.ServerIdTest" time="2.129"/>
  <testcase name="doTest[381]" classname="org.apache.zookeeper.server.ServerIdTest" time="2.126"/>
  <testcase name="doTest[382]" classname="org.apache.zookeeper.server.ServerIdTest" time="2.154"/>
  <testcase name="doTest[383]" classname="org.apache.zookeeper.server.ServerIdTest" time="2.14"/>
  <testcase name="doTest[384]" classname="org.apache.zookeeper.server.ServerIdTest" time="2.152"/>
  <testcase name="doTest[385]" classname="org.apache.zookeeper.server.ServerIdTest" time="2.139"/>
  <testcase name="doTest[386]" classname="org.apache.zookeeper.server.ServerIdTest" time="2.143"/>
  <testcase name="doTest[387]" classname="org.apache.zookeeper.server.ServerIdTest" time="2.172"/>
  <testcase name="doTest[388]" classname="org.apache.zookeeper.server.ServerIdTest" time="2.127"/>
  <testcase name="doTest[389]" classname="org.apache.zookeeper.server.ServerIdTest" time="2.146"/>
  <testcase name="doTest[390]" classname="org.apache.zookeeper.server.ServerIdTest" time="2.14"/>
  <testcase name="doTest[391]" classname="org.apache.zookeeper.server.ServerIdTest" time="2.128"/>
  <testcase name="doTest[392]" classname="org.apache.zookeeper.server.ServerIdTest" time="2.125"/>
  <testcase name="doTest[393]" classname="org.apache.zookeeper.server.ServerIdTest" time="2.127"/>
  <testcase name="doTest[394]" classname="org.apache.zookeeper.server.ServerIdTest" time="2.139"/>
  <testcase name="doTest[395]" classname="org.apache.zookeeper.server.ServerIdTest" time="2.136"/>
  <testcase name="doTest[396]" classname="org.apache.zookeeper.server.ServerIdTest" time="2.14"/>
  <testcase name="doTest[397]" classname="org.apache.zookeeper.server.ServerIdTest" time="2.154"/>
  <testcase name="doTest[398]" classname="org.apache.zookeeper.server.ServerIdTest" time="2.133"/>
  <testcase name="doTest[399]" classname="org.apache.zookeeper.server.ServerIdTest" time="2.159"/>
  <testcase name="doTest[400]" classname="org.apache.zookeeper.server.ServerIdTest" time="2.143"/>
  <testcase name="doTest[401]" classname="org.apache.zookeeper.server.ServerIdTest" time="2.133"/>
  <testcase name="doTest[402]" classname="org.apache.zookeeper.server.ServerIdTest" time="2.125"/>
  <testcase name="doTest[403]" classname="org.apache.zookeeper.server.ServerIdTest" time="2.135"/>
  <testcase name="doTest[404]" classname="org.apache.zookeeper.server.ServerIdTest" time="2.137"/>
  <testcase name="doTest[405]" classname="org.apache.zookeeper.server.ServerIdTest" time="2.133"/>
  <testcase name="doTest[406]" classname="org.apache.zookeeper.server.ServerIdTest" time="2.136"/>
  <testcase name="doTest[407]" classname="org.apache.zookeeper.server.ServerIdTest" time="2.131"/>
  <testcase name="doTest[408]" classname="org.apache.zookeeper.server.ServerIdTest" time="2.14"/>
  <testcase name="doTest[409]" classname="org.apache.zookeeper.server.ServerIdTest" time="2.135"/>
  <testcase name="doTest[410]" classname="org.apache.zookeeper.server.ServerIdTest" time="2.132"/>
  <testcase name="doTest[411]" classname="org.apache.zookeeper.server.ServerIdTest" time="2.138"/>
  <testcase name="doTest[412]" classname="org.apache.zookeeper.server.ServerIdTest" time="2.127"/>
  <testcase name="doTest[413]" classname="org.apache.zookeeper.server.ServerIdTest" time="2.126"/>
  <testcase name="doTest[414]" classname="org.apache.zookeeper.server.ServerIdTest" time="2.132"/>
  <testcase name="doTest[415]" classname="org.apache.zookeeper.server.ServerIdTest" time="2.129"/>
  <testcase name="doTest[416]" classname="org.apache.zookeeper.server.ServerIdTest" time="2.141"/>
  <testcase name="doTest[417]" classname="org.apache.zookeeper.server.ServerIdTest" time="2.122"/>
  <testcase name="doTest[418]" classname="org.apache.zookeeper.server.ServerIdTest" time="2.128"/>
  <testcase name="doTest[419]" classname="org.apache.zookeeper.server.ServerIdTest" time="2.133"/>
  <testcase name="doTest[420]" classname="org.apache.zookeeper.server.ServerIdTest" time="2.129"/>
  <testcase name="doTest[421]" classname="org.apache.zookeeper.server.ServerIdTest" time="2.13"/>
  <testcase name="doTest[422]" classname="org.apache.zookeeper.server.ServerIdTest" time="2.125"/>
  <testcase name="doTest[423]" classname="org.apache.zookeeper.server.ServerIdTest" time="2.139"/>
  <testcase name="doTest[424]" classname="org.apache.zookeeper.server.ServerIdTest" time="2.137"/>
  <testcase name="doTest[425]" classname="org.apache.zookeeper.server.ServerIdTest" time="2.124"/>
  <testcase name="doTest[426]" classname="org.apache.zookeeper.server.ServerIdTest" time="2.136"/>
  <testcase name="doTest[427]" classname="org.apache.zookeeper.server.ServerIdTest" time="2.141"/>
  <testcase name="doTest[428]" classname="org.apache.zookeeper.server.ServerIdTest" time="2.136"/>
  <testcase name="doTest[429]" classname="org.apache.zookeeper.server.ServerIdTest" time="2.129"/>
  <testcase name="doTest[430]" classname="org.apache.zookeeper.server.ServerIdTest" time="2.136"/>
  <testcase name="doTest[431]" classname="org.apache.zookeeper.server.ServerIdTest" time="2.128"/>
  <testcase name="doTest[432]" classname="org.apache.zookeeper.server.ServerIdTest" time="2.122"/>
  <testcase name="doTest[433]" classname="org.apache.zookeeper.server.ServerIdTest" time="2.146"/>
  <testcase name="doTest[434]" classname="org.apache.zookeeper.server.ServerIdTest" time="2.137"/>
  <testcase name="doTest[435]" classname="org.apache.zookeeper.server.ServerIdTest" time="2.136"/>
  <testcase name="doTest[436]" classname="org.apache.zookeeper.server.ServerIdTest" time="2.136"/>
  <testcase name="doTest[437]" classname="org.apache.zookeeper.server.ServerIdTest" time="2.126"/>
  <testcase name="doTest[438]" classname="org.apache.zookeeper.server.ServerIdTest" time="2.128"/>
  <testcase name="doTest[439]" classname="org.apache.zookeeper.server.ServerIdTest" time="2.141"/>
  <testcase name="doTest[440]" classname="org.apache.zookeeper.server.ServerIdTest" time="2.126"/>
  <testcase name="doTest[441]" classname="org.apache.zookeeper.server.ServerIdTest" time="2.136"/>
  <testcase name="doTest[442]" classname="org.apache.zookeeper.server.ServerIdTest" time="2.13"/>
  <testcase name="doTest[443]" classname="org.apache.zookeeper.server.ServerIdTest" time="2.146"/>
  <testcase name="doTest[444]" classname="org.apache.zookeeper.server.ServerIdTest" time="2.137"/>
  <testcase name="doTest[445]" classname="org.apache.zookeeper.server.ServerIdTest" time="2.136"/>
  <testcase name="doTest[446]" classname="org.apache.zookeeper.server.ServerIdTest" time="2.139"/>
  <testcase name="doTest[447]" classname="org.apache.zookeeper.server.ServerIdTest" time="2.125"/>
  <testcase name="doTest[448]" classname="org.apache.zookeeper.server.ServerIdTest" time="2.142"/>
  <testcase name="doTest[449]" classname="org.apache.zookeeper.server.ServerIdTest" time="2.137"/>
  <testcase name="doTest[450]" classname="org.apache.zookeeper.server.ServerIdTest" time="2.138"/>
  <testcase name="doTest[451]" classname="org.apache.zookeeper.server.ServerIdTest" time="2.144"/>
  <testcase name="doTest[452]" classname="org.apache.zookeeper.server.ServerIdTest" time="2.15"/>
  <testcase name="doTest[453]" classname="org.apache.zookeeper.server.ServerIdTest" time="2.125"/>
  <testcase name="doTest[454]" classname="org.apache.zookeeper.server.ServerIdTest" time="2.146"/>
  <testcase name="doTest[455]" classname="org.apache.zookeeper.server.ServerIdTest" time="2.126"/>
  <testcase name="doTest[456]" classname="org.apache.zookeeper.server.ServerIdTest" time="2.139"/>
  <testcase name="doTest[457]" classname="org.apache.zookeeper.server.ServerIdTest" time="2.142"/>
  <testcase name="doTest[458]" classname="org.apache.zookeeper.server.ServerIdTest" time="2.133"/>
  <testcase name="doTest[459]" classname="org.apache.zookeeper.server.ServerIdTest" time="2.131"/>
  <testcase name="doTest[460]" classname="org.apache.zookeeper.server.ServerIdTest" time="2.133"/>
  <testcase name="doTest[461]" classname="org.apache.zookeeper.server.ServerIdTest" time="2.143"/>
  <testcase name="doTest[462]" classname="org.apache.zookeeper.server.ServerIdTest" time="2.139"/>
  <testcase name="doTest[463]" classname="org.apache.zookeeper.server.ServerIdTest" time="2.133"/>
  <testcase name="doTest[464]" classname="org.apache.zookeeper.server.ServerIdTest" time="2.135"/>
  <testcase name="doTest[465]" classname="org.apache.zookeeper.server.ServerIdTest" time="2.133"/>
  <testcase name="doTest[466]" classname="org.apache.zookeeper.server.ServerIdTest" time="2.145"/>
  <testcase name="doTest[467]" classname="org.apache.zookeeper.server.ServerIdTest" time="2.138"/>
  <testcase name="doTest[468]" classname="org.apache.zookeeper.server.ServerIdTest" time="2.137"/>
  <testcase name="doTest[469]" classname="org.apache.zookeeper.server.ServerIdTest" time="2.127"/>
  <testcase name="doTest[470]" classname="org.apache.zookeeper.server.ServerIdTest" time="2.125"/>
  <testcase name="doTest[471]" classname="org.apache.zookeeper.server.ServerIdTest" time="2.132"/>
  <testcase name="doTest[472]" classname="org.apache.zookeeper.server.ServerIdTest" time="2.122"/>
  <testcase name="doTest[473]" classname="org.apache.zookeeper.server.ServerIdTest" time="2.128"/>
  <testcase name="doTest[474]" classname="org.apache.zookeeper.server.ServerIdTest" time="2.143"/>
  <testcase name="doTest[475]" classname="org.apache.zookeeper.server.ServerIdTest" time="2.139"/>
  <testcase name="doTest[476]" classname="org.apache.zookeeper.server.ServerIdTest" time="2.133"/>
  <testcase name="doTest[477]" classname="org.apache.zookeeper.server.ServerIdTest" time="2.132"/>
  <testcase name="doTest[478]" classname="org.apache.zookeeper.server.ServerIdTest" time="2.127"/>
  <testcase name="doTest[479]" classname="org.apache.zookeeper.server.ServerIdTest" time="2.145"/>
  <testcase name="doTest[480]" classname="org.apache.zookeeper.server.ServerIdTest" time="2.145"/>
  <testcase name="doTest[481]" classname="org.apache.zookeeper.server.ServerIdTest" time="2.125"/>
  <testcase name="doTest[482]" classname="org.apache.zookeeper.server.ServerIdTest" time="2.143"/>
  <testcase name="doTest[483]" classname="org.apache.zookeeper.server.ServerIdTest" time="2.125"/>
  <testcase name="doTest[484]" classname="org.apache.zookeeper.server.ServerIdTest" time="2.137"/>
  <testcase name="doTest[485]" classname="org.apache.zookeeper.server.ServerIdTest" time="2.126"/>
  <testcase name="doTest[486]" classname="org.apache.zookeeper.server.ServerIdTest" time="2.148"/>
  <testcase name="doTest[487]" classname="org.apache.zookeeper.server.ServerIdTest" time="2.129"/>
  <testcase name="doTest[488]" classname="org.apache.zookeeper.server.ServerIdTest" time="2.145"/>
  <testcase name="doTest[489]" classname="org.apache.zookeeper.server.ServerIdTest" time="2.132"/>
  <testcase name="doTest[490]" classname="org.apache.zookeeper.server.ServerIdTest" time="2.169"/>
  <testcase name="doTest[491]" classname="org.apache.zookeeper.server.ServerIdTest" time="2.155"/>
  <testcase name="doTest[492]" classname="org.apache.zookeeper.server.ServerIdTest" time="2.375"/>
  <testcase name="doTest[493]" classname="org.apache.zookeeper.server.ServerIdTest" time="2.385"/>
  <testcase name="doTest[494]" classname="org.apache.zookeeper.server.ServerIdTest" time="2.129"/>
  <testcase name="doTest[495]" classname="org.apache.zookeeper.server.ServerIdTest" time="2.128"/>
  <testcase name="doTest[496]" classname="org.apache.zookeeper.server.ServerIdTest" time="2.139"/>
  <testcase name="doTest[497]" classname="org.apache.zookeeper.server.ServerIdTest" time="2.126"/>
  <testcase name="doTest[498]" classname="org.apache.zookeeper.server.ServerIdTest" time="2.136"/>
  <testcase name="doTest[499]" classname="org.apache.zookeeper.server.ServerIdTest" time="2.125"/>
  <testcase name="doTest[500]" classname="org.apache.zookeeper.server.ServerIdTest" time="2.138"/>
  <testcase name="doTest[501]" classname="org.apache.zookeeper.server.ServerIdTest" time="2.134"/>
  <testcase name="doTest[502]" classname="org.apache.zookeeper.server.ServerIdTest" time="2.142"/>
  <testcase name="doTest[503]" classname="org.apache.zookeeper.server.ServerIdTest" time="2.141"/>
  <testcase name="doTest[504]" classname="org.apache.zookeeper.server.ServerIdTest" time="2.139"/>
  <testcase name="doTest[505]" classname="org.apache.zookeeper.server.ServerIdTest" time="2.123"/>
  <testcase name="doTest[506]" classname="org.apache.zookeeper.server.ServerIdTest" time="2.126"/>
  <testcase name="doTest[507]" classname="org.apache.zookeeper.server.ServerIdTest" time="2.13"/>
  <testcase name="doTest[508]" classname="org.apache.zookeeper.server.ServerIdTest" time="2.126"/>
  <testcase name="doTest[509]" classname="org.apache.zookeeper.server.ServerIdTest" time="2.124"/>
  <testcase name="doTest[510]" classname="org.apache.zookeeper.server.ServerIdTest" time="2.127"/>
  <testcase name="doTest[511]" classname="org.apache.zookeeper.server.ServerIdTest" time="2.137"/>
</testsuite>