<?xml version="1.0" encoding="UTF-8"?>
<testsuite xmlns:xsi="http://www.w3.org/2001/XMLSchema-instance" xsi:noNamespaceSchemaLocation="https://maven.apache.org/surefire/maven-surefire-plugin/xsd/surefire-test-report.xsd" name="org.apache.zookeeper.common.X509UtilTest" time="18.104" tests="352" errors="0" skipped="0" failures="0">
  <properties>
    <property name="sun.desktop" value="windows"/>
    <property name="build.test.dir" value="D:\desktop\git_repo\zookeeper-read\zookeeper-server\target/surefire"/>
    <property name="awt.toolkit" value="sun.awt.windows.WToolkit"/>
    <property name="file.encoding.pkg" value="sun.io"/>
    <property name="java.specification.version" value="1.8"/>
    <property name="sun.cpu.isalist" value="amd64"/>
    <property name="sun.jnu.encoding" value="GBK"/>
    <property name="java.class.path" value="D:\desktop\git_repo\zookeeper-read\zookeeper-server\target\test-classes;D:\desktop\git_repo\zookeeper-read\zookeeper-server\target\classes;C:\Users\admin\.m2\repository\com\github\spotbugs\spotbugs-annotations\4.0.2\spotbugs-annotations-4.0.2.jar;C:\Users\admin\.m2\repository\com\google\code\findbugs\jsr305\3.0.2\jsr305-3.0.2.jar;C:\Users\admin\.m2\repository\org\hamcrest\hamcrest-all\1.3\hamcrest-all-1.3.jar;C:\Users\admin\.m2\repository\commons-collections\commons-collections\3.2.2\commons-collections-3.2.2.jar;C:\Users\admin\.m2\repository\commons-lang\commons-lang\2.6\commons-lang-2.6.jar;D:\desktop\git_repo\zookeeper-read\zookeeper-jute\target\zookeeper-jute-3.6.1.jar;C:\Users\admin\.m2\repository\commons-cli\commons-cli\1.2\commons-cli-1.2.jar;C:\Users\admin\.m2\repository\org\apache\yetus\audience-annotations\0.5.0\audience-annotations-0.5.0.jar;C:\Users\admin\.m2\repository\io\netty\netty-handler\4.1.48.Final\netty-handler-4.1.48.Final.jar;C:\Users\admin\.m2\repository\io\netty\netty-common\4.1.48.Final\netty-common-4.1.48.Final.jar;C:\Users\admin\.m2\repository\io\netty\netty-resolver\4.1.48.Final\netty-resolver-4.1.48.Final.jar;C:\Users\admin\.m2\repository\io\netty\netty-buffer\4.1.48.Final\netty-buffer-4.1.48.Final.jar;C:\Users\admin\.m2\repository\io\netty\netty-transport\4.1.48.Final\netty-transport-4.1.48.Final.jar;C:\Users\admin\.m2\repository\io\netty\netty-codec\4.1.48.Final\netty-codec-4.1.48.Final.jar;C:\Users\admin\.m2\repository\io\netty\netty-transport-native-epoll\4.1.48.Final\netty-transport-native-epoll-4.1.48.Final.jar;C:\Users\admin\.m2\repository\io\netty\netty-transport-native-unix-common\4.1.48.Final\netty-transport-native-unix-common-4.1.48.Final.jar;C:\Users\admin\.m2\repository\org\slf4j\slf4j-api\1.7.25\slf4j-api-1.7.25.jar;C:\Users\admin\.m2\repository\org\slf4j\slf4j-log4j12\1.7.25\slf4j-log4j12-1.7.25.jar;C:\Users\admin\.m2\repository\org\eclipse\jetty\jetty-server\9.4.24.v20191120\jetty-server-9.4.24.v20191120.jar;C:\Users\admin\.m2\repository\javax\servlet\javax.servlet-api\3.1.0\javax.servlet-api-3.1.0.jar;C:\Users\admin\.m2\repository\org\eclipse\jetty\jetty-http\9.4.24.v20191120\jetty-http-9.4.24.v20191120.jar;C:\Users\admin\.m2\repository\org\eclipse\jetty\jetty-util\9.4.24.v20191120\jetty-util-9.4.24.v20191120.jar;C:\Users\admin\.m2\repository\org\eclipse\jetty\jetty-io\9.4.24.v20191120\jetty-io-9.4.24.v20191120.jar;C:\Users\admin\.m2\repository\org\eclipse\jetty\jetty-servlet\9.4.24.v20191120\jetty-servlet-9.4.24.v20191120.jar;C:\Users\admin\.m2\repository\org\eclipse\jetty\jetty-security\9.4.24.v20191120\jetty-security-9.4.24.v20191120.jar;C:\Users\admin\.m2\repository\com\fasterxml\jackson\core\jackson-databind\2.10.3\jackson-databind-2.10.3.jar;C:\Users\admin\.m2\repository\com\fasterxml\jackson\core\jackson-annotations\2.10.3\jackson-annotations-2.10.3.jar;C:\Users\admin\.m2\repository\com\fasterxml\jackson\core\jackson-core\2.10.3\jackson-core-2.10.3.jar;C:\Users\admin\.m2\repository\com\googlecode\json-simple\json-simple\1.1.1\json-simple-1.1.1.jar;C:\Users\admin\.m2\repository\org\bouncycastle\bcprov-jdk15on\1.60\bcprov-jdk15on-1.60.jar;C:\Users\admin\.m2\repository\org\bouncycastle\bcpkix-jdk15on\1.60\bcpkix-jdk15on-1.60.jar;C:\Users\admin\.m2\repository\jline\jline\2.11\jline-2.11.jar;C:\Users\admin\.m2\repository\io\dropwizard\metrics\metrics-core\3.2.5\metrics-core-3.2.5.jar;C:\Users\admin\.m2\repository\log4j\log4j\1.2.17\log4j-1.2.17.jar;C:\Users\admin\.m2\repository\org\apache\kerby\kerb-core\2.0.0\kerb-core-2.0.0.jar;C:\Users\admin\.m2\repository\org\apache\kerby\kerby-pkix\2.0.0\kerby-pkix-2.0.0.jar;C:\Users\admin\.m2\repository\org\apache\kerby\kerby-asn1\2.0.0\kerby-asn1-2.0.0.jar;C:\Users\admin\.m2\repository\org\apache\kerby\kerby-util\2.0.0\kerby-util-2.0.0.jar;C:\Users\admin\.m2\repository\org\apache\kerby\kerb-simplekdc\2.0.0\kerb-simplekdc-2.0.0.jar;C:\Users\admin\.m2\repository\org\apache\kerby\kerb-client\2.0.0\kerb-client-2.0.0.jar;C:\Users\admin\.m2\repository\org\apache\kerby\kerb-common\2.0.0\kerb-common-2.0.0.jar;C:\Users\admin\.m2\repository\org\apache\kerby\kerb-crypto\2.0.0\kerb-crypto-2.0.0.jar;C:\Users\admin\.m2\repository\commons-io\commons-io\2.6\commons-io-2.6.jar;C:\Users\admin\.m2\repository\org\apache\kerby\kerb-util\2.0.0\kerb-util-2.0.0.jar;C:\Users\admin\.m2\repository\org\apache\kerby\token-provider\2.0.0\token-provider-2.0.0.jar;C:\Users\admin\.m2\repository\com\nimbusds\nimbus-jose-jwt\4.41.2\nimbus-jose-jwt-4.41.2.jar;C:\Users\admin\.m2\repository\com\github\stephenc\jcip\jcip-annotations\1.0-1\jcip-annotations-1.0-1.jar;C:\Users\admin\.m2\repository\net\minidev\json-smart\2.3\json-smart-2.3.jar;C:\Users\admin\.m2\repository\net\minidev\accessors-smart\1.2\accessors-smart-1.2.jar;C:\Users\admin\.m2\repository\org\ow2\asm\asm\5.0.4\asm-5.0.4.jar;C:\Users\admin\.m2\repository\org\apache\kerby\kerb-admin\2.0.0\kerb-admin-2.0.0.jar;C:\Users\admin\.m2\repository\org\apache\kerby\kerb-server\2.0.0\kerb-server-2.0.0.jar;C:\Users\admin\.m2\repository\org\apache\kerby\kerb-identity\2.0.0\kerb-identity-2.0.0.jar;C:\Users\admin\.m2\repository\org\apache\kerby\kerby-xdr\2.0.0\kerby-xdr-2.0.0.jar;C:\Users\admin\.m2\repository\org\apache\kerby\kerby-config\2.0.0\kerby-config-2.0.0.jar;C:\Users\admin\.m2\repository\org\mockito\mockito-core\2.27.0\mockito-core-2.27.0.jar;C:\Users\admin\.m2\repository\net\bytebuddy\byte-buddy\1.9.10\byte-buddy-1.9.10.jar;C:\Users\admin\.m2\repository\net\bytebuddy\byte-buddy-agent\1.9.10\byte-buddy-agent-1.9.10.jar;C:\Users\admin\.m2\repository\org\objenesis\objenesis\2.6\objenesis-2.6.jar;C:\Users\admin\.m2\repository\org\jmockit\jmockit\1.48\jmockit-1.48.jar;C:\Users\admin\.m2\repository\junit\junit\4.12\junit-4.12.jar;C:\Users\admin\.m2\repository\org\hamcrest\hamcrest-core\1.3\hamcrest-core-1.3.jar;C:\Users\admin\.m2\repository\org\xerial\snappy\snappy-java\1.1.7\snappy-java-1.1.7.jar;"/>
    <property name="java.vm.vendor" value="Oracle Corporation"/>
    <property name="sun.arch.data.model" value="64"/>
    <property name="user.variant" value=""/>
    <property name="java.vendor.url" value="http://java.oracle.com/"/>
    <property name="user.timezone" value="Asia/Shanghai"/>
    <property name="java.vm.specification.version" value="1.8"/>
    <property name="os.name" value="Windows 10"/>
    <property name="user.country" value="CN"/>
    <property name="sun.java.launcher" value="SUN_STANDARD"/>
    <property name="sun.boot.library.path" value="D:\Program Files\RedHat\java-1.8.0-openjdk-1.8.0.252-2\jre\bin"/>
    <property name="sun.java.command" value="C:\Users\admin\AppData\Local\Temp\surefire817669169469973491\surefirebooter5490645349050422397.jar C:\Users\admin\AppData\Local\Temp\surefire817669169469973491 2020-06-22T14-04-30_671-jvmRun6 surefire3125304350847247882tmp surefire_207094052224388645731tmp"/>
    <property name="surefire.test.class.path" value="D:\desktop\git_repo\zookeeper-read\zookeeper-server\target\test-classes;D:\desktop\git_repo\zookeeper-read\zookeeper-server\target\classes;C:\Users\admin\.m2\repository\com\github\spotbugs\spotbugs-annotations\4.0.2\spotbugs-annotations-4.0.2.jar;C:\Users\admin\.m2\repository\com\google\code\findbugs\jsr305\3.0.2\jsr305-3.0.2.jar;C:\Users\admin\.m2\repository\org\hamcrest\hamcrest-all\1.3\hamcrest-all-1.3.jar;C:\Users\admin\.m2\repository\commons-collections\commons-collections\3.2.2\commons-collections-3.2.2.jar;C:\Users\admin\.m2\repository\commons-lang\commons-lang\2.6\commons-lang-2.6.jar;D:\desktop\git_repo\zookeeper-read\zookeeper-jute\target\zookeeper-jute-3.6.1.jar;C:\Users\admin\.m2\repository\commons-cli\commons-cli\1.2\commons-cli-1.2.jar;C:\Users\admin\.m2\repository\org\apache\yetus\audience-annotations\0.5.0\audience-annotations-0.5.0.jar;C:\Users\admin\.m2\repository\io\netty\netty-handler\4.1.48.Final\netty-handler-4.1.48.Final.jar;C:\Users\admin\.m2\repository\io\netty\netty-common\4.1.48.Final\netty-common-4.1.48.Final.jar;C:\Users\admin\.m2\repository\io\netty\netty-resolver\4.1.48.Final\netty-resolver-4.1.48.Final.jar;C:\Users\admin\.m2\repository\io\netty\netty-buffer\4.1.48.Final\netty-buffer-4.1.48.Final.jar;C:\Users\admin\.m2\repository\io\netty\netty-transport\4.1.48.Final\netty-transport-4.1.48.Final.jar;C:\Users\admin\.m2\repository\io\netty\netty-codec\4.1.48.Final\netty-codec-4.1.48.Final.jar;C:\Users\admin\.m2\repository\io\netty\netty-transport-native-epoll\4.1.48.Final\netty-transport-native-epoll-4.1.48.Final.jar;C:\Users\admin\.m2\repository\io\netty\netty-transport-native-unix-common\4.1.48.Final\netty-transport-native-unix-common-4.1.48.Final.jar;C:\Users\admin\.m2\repository\org\slf4j\slf4j-api\1.7.25\slf4j-api-1.7.25.jar;C:\Users\admin\.m2\repository\org\slf4j\slf4j-log4j12\1.7.25\slf4j-log4j12-1.7.25.jar;C:\Users\admin\.m2\repository\org\eclipse\jetty\jetty-server\9.4.24.v20191120\jetty-server-9.4.24.v20191120.jar;C:\Users\admin\.m2\repository\javax\servlet\javax.servlet-api\3.1.0\javax.servlet-api-3.1.0.jar;C:\Users\admin\.m2\repository\org\eclipse\jetty\jetty-http\9.4.24.v20191120\jetty-http-9.4.24.v20191120.jar;C:\Users\admin\.m2\repository\org\eclipse\jetty\jetty-util\9.4.24.v20191120\jetty-util-9.4.24.v20191120.jar;C:\Users\admin\.m2\repository\org\eclipse\jetty\jetty-io\9.4.24.v20191120\jetty-io-9.4.24.v20191120.jar;C:\Users\admin\.m2\repository\org\eclipse\jetty\jetty-servlet\9.4.24.v20191120\jetty-servlet-9.4.24.v20191120.jar;C:\Users\admin\.m2\repository\org\eclipse\jetty\jetty-security\9.4.24.v20191120\jetty-security-9.4.24.v20191120.jar;C:\Users\admin\.m2\repository\com\fasterxml\jackson\core\jackson-databind\2.10.3\jackson-databind-2.10.3.jar;C:\Users\admin\.m2\repository\com\fasterxml\jackson\core\jackson-annotations\2.10.3\jackson-annotations-2.10.3.jar;C:\Users\admin\.m2\repository\com\fasterxml\jackson\core\jackson-core\2.10.3\jackson-core-2.10.3.jar;C:\Users\admin\.m2\repository\com\googlecode\json-simple\json-simple\1.1.1\json-simple-1.1.1.jar;C:\Users\admin\.m2\repository\org\bouncycastle\bcprov-jdk15on\1.60\bcprov-jdk15on-1.60.jar;C:\Users\admin\.m2\repository\org\bouncycastle\bcpkix-jdk15on\1.60\bcpkix-jdk15on-1.60.jar;C:\Users\admin\.m2\repository\jline\jline\2.11\jline-2.11.jar;C:\Users\admin\.m2\repository\io\dropwizard\metrics\metrics-core\3.2.5\metrics-core-3.2.5.jar;C:\Users\admin\.m2\repository\log4j\log4j\1.2.17\log4j-1.2.17.jar;C:\Users\admin\.m2\repository\org\apache\kerby\kerb-core\2.0.0\kerb-core-2.0.0.jar;C:\Users\admin\.m2\repository\org\apache\kerby\kerby-pkix\2.0.0\kerby-pkix-2.0.0.jar;C:\Users\admin\.m2\repository\org\apache\kerby\kerby-asn1\2.0.0\kerby-asn1-2.0.0.jar;C:\Users\admin\.m2\repository\org\apache\kerby\kerby-util\2.0.0\kerby-util-2.0.0.jar;C:\Users\admin\.m2\repository\org\apache\kerby\kerb-simplekdc\2.0.0\kerb-simplekdc-2.0.0.jar;C:\Users\admin\.m2\repository\org\apache\kerby\kerb-client\2.0.0\kerb-client-2.0.0.jar;C:\Users\admin\.m2\repository\org\apache\kerby\kerb-common\2.0.0\kerb-common-2.0.0.jar;C:\Users\admin\.m2\repository\org\apache\kerby\kerb-crypto\2.0.0\kerb-crypto-2.0.0.jar;C:\Users\admin\.m2\repository\commons-io\commons-io\2.6\commons-io-2.6.jar;C:\Users\admin\.m2\repository\org\apache\kerby\kerb-util\2.0.0\kerb-util-2.0.0.jar;C:\Users\admin\.m2\repository\org\apache\kerby\token-provider\2.0.0\token-provider-2.0.0.jar;C:\Users\admin\.m2\repository\com\nimbusds\nimbus-jose-jwt\4.41.2\nimbus-jose-jwt-4.41.2.jar;C:\Users\admin\.m2\repository\com\github\stephenc\jcip\jcip-annotations\1.0-1\jcip-annotations-1.0-1.jar;C:\Users\admin\.m2\repository\net\minidev\json-smart\2.3\json-smart-2.3.jar;C:\Users\admin\.m2\repository\net\minidev\accessors-smart\1.2\accessors-smart-1.2.jar;C:\Users\admin\.m2\repository\org\ow2\asm\asm\5.0.4\asm-5.0.4.jar;C:\Users\admin\.m2\repository\org\apache\kerby\kerb-admin\2.0.0\kerb-admin-2.0.0.jar;C:\Users\admin\.m2\repository\org\apache\kerby\kerb-server\2.0.0\kerb-server-2.0.0.jar;C:\Users\admin\.m2\repository\org\apache\kerby\kerb-identity\2.0.0\kerb-identity-2.0.0.jar;C:\Users\admin\.m2\repository\org\apache\kerby\kerby-xdr\2.0.0\kerby-xdr-2.0.0.jar;C:\Users\admin\.m2\repository\org\apache\kerby\kerby-config\2.0.0\kerby-config-2.0.0.jar;C:\Users\admin\.m2\repository\org\mockito\mockito-core\2.27.0\mockito-core-2.27.0.jar;C:\Users\admin\.m2\repository\net\bytebuddy\byte-buddy\1.9.10\byte-buddy-1.9.10.jar;C:\Users\admin\.m2\repository\net\bytebuddy\byte-buddy-agent\1.9.10\byte-buddy-agent-1.9.10.jar;C:\Users\admin\.m2\repository\org\objenesis\objenesis\2.6\objenesis-2.6.jar;C:\Users\admin\.m2\repository\org\jmockit\jmockit\1.48\jmockit-1.48.jar;C:\Users\admin\.m2\repository\junit\junit\4.12\junit-4.12.jar;C:\Users\admin\.m2\repository\org\hamcrest\hamcrest-core\1.3\hamcrest-core-1.3.jar;C:\Users\admin\.m2\repository\org\xerial\snappy\snappy-java\1.1.7\snappy-java-1.1.7.jar;"/>
    <property name="sun.cpu.endian" value="little"/>
    <property name="user.home" value="C:\Users\admin"/>
    <property name="user.language" value="zh"/>
    <property name="java.specification.vendor" value="Oracle Corporation"/>
    <property name="java.home" value="D:\Program Files\RedHat\java-1.8.0-openjdk-1.8.0.252-2\jre"/>
    <property name="zookeeper.DigestAuthenticationProvider.superDigest" value="super:D/InIHSb7yEEbrWz8b9l71RjZJU="/>
    <property name="basedir" value="D:\desktop\git_repo\zookeeper-read\zookeeper-server"/>
    <property name="file.separator" value="\"/>
    <property name="line.separator" value="&#10;"/>
    <property name="java.vm.specification.vendor" value="Oracle Corporation"/>
    <property name="java.specification.name" value="Java Platform API Specification"/>
    <property name="java.awt.graphicsenv" value="sun.awt.Win32GraphicsEnvironment"/>
    <property name="test.junit.threads" value="8"/>
    <property name="idea.version2020.1.1" value="true"/>
    <property name="surefire.real.class.path" value="C:\Users\admin\AppData\Local\Temp\surefire817669169469973491\surefirebooter5490645349050422397.jar;C:\Users\admin\.m2\repository\org\jmockit\jmockit\1.48\jmockit-1.48.jar"/>
    <property name="zookeeper.junit.threadid" value="6"/>
    <property name="sun.boot.class.path" value="D:\Program Files\RedHat\java-1.8.0-openjdk-1.8.0.252-2\jre\lib\resources.jar;D:\Program Files\RedHat\java-1.8.0-openjdk-1.8.0.252-2\jre\lib\rt.jar;D:\Program Files\RedHat\java-1.8.0-openjdk-1.8.0.252-2\jre\lib\sunrsasign.jar;D:\Program Files\RedHat\java-1.8.0-openjdk-1.8.0.252-2\jre\lib\jsse.jar;D:\Program Files\RedHat\java-1.8.0-openjdk-1.8.0.252-2\jre\lib\jce.jar;D:\Program Files\RedHat\java-1.8.0-openjdk-1.8.0.252-2\jre\lib\charsets.jar;D:\Program Files\RedHat\java-1.8.0-openjdk-1.8.0.252-2\jre\lib\jfr.jar;D:\Program Files\RedHat\java-1.8.0-openjdk-1.8.0.252-2\jre\classes"/>
    <property name="user.script" value=""/>
    <property name="sun.management.compiler" value="HotSpot 64-Bit Tiered Compilers"/>
    <property name="java.runtime.version" value="1.8.0_252-b09"/>
    <property name="user.name" value="admin"/>
    <property name="path.separator" value=";"/>
    <property name="os.version" value="10.0"/>
    <property name="java.endorsed.dirs" value="D:\Program Files\RedHat\java-1.8.0-openjdk-1.8.0.252-2\jre\lib\endorsed"/>
    <property name="java.runtime.name" value="OpenJDK Runtime Environment"/>
    <property name="file.encoding" value="GBK"/>
    <property name="java.vm.name" value="OpenJDK 64-Bit Server VM"/>
    <property name="localRepository" value="C:\Users\admin\.m2\repository"/>
    <property name="java.vendor.url.bug" value="http://bugreport.sun.com/bugreport/"/>
    <property name="java.io.tmpdir" value="C:\Users\admin\AppData\Local\Temp\"/>
    <property name="java.version" value="1.8.0_252"/>
    <property name="user.dir" value="D:\desktop\git_repo\zookeeper-read\zookeeper-server"/>
    <property name="os.arch" value="amd64"/>
    <property name="java.vm.specification.name" value="Java Virtual Machine Specification"/>
    <property name="java.awt.printerjob" value="sun.awt.windows.WPrinterJob"/>
    <property name="sun.os.patch.level" value=""/>
    <property name="java.library.path" value="D:\Program Files\RedHat\java-1.8.0-openjdk-1.8.0.252-2\jre\bin;C:\Windows\Sun\Java\bin;C:\Windows\system32;C:\Windows;D:\Program Files (x86)\NetSarang\Xshell 6\;C:\Windows\system32;C:\Windows;C:\Windows\System32\Wbem;C:\Windows\System32\WindowsPowerShell\v1.0\;C:\Windows\System32\OpenSSH\;C:\Program Files (x86)\NVIDIA Corporation\PhysX\Common;C:\Program Files\NVIDIA Corporation\NVIDIA NvDLISR;D:\Program Files\RedHat\java-1.8.0-openjdk-1.8.0.252-2\bin;D:\Program Files\RedHat\java-1.8.0-openjdk-1.8.0.252-2\jre\bin;D:\Program Files\Git\cmd;D:\Go\bin;D:\Program Files\nodejs\;C:\Users\admin\AppData\Local\Microsoft\WindowsApps;;D:\Programs\Microsoft VS Code\bin;C:\Users\admin\go\bin;C:\Users\admin\AppData\Roaming\npm;."/>
    <property name="java.vm.info" value="mixed mode"/>
    <property name="java.vendor" value="Oracle Corporation"/>
    <property name="java.vm.version" value="25.252-b09"/>
    <property name="java.ext.dirs" value="D:\Program Files\RedHat\java-1.8.0-openjdk-1.8.0.252-2\jre\lib\ext;C:\Windows\Sun\Java\lib\ext"/>
    <property name="sun.io.unicode.encoding" value="UnicodeLittle"/>
    <property name="java.class.version" value="52.0"/>
  </properties>
  <testcase name="testLoadPEMTrustStoreNullPassword[0]" classname="org.apache.zookeeper.common.X509UtilTest" time="0.107"/>
  <testcase name="testCreateSSLContextWithoutKeyStorePassword[0]" classname="org.apache.zookeeper.common.X509UtilTest" time="0.204"/>
  <testcase name="testLoadPKCS12TrustStore[0]" classname="org.apache.zookeeper.common.X509UtilTest" time="0.416"/>
  <testcase name="testLoadPKCS12TrustStoreWithWrongPassword[0]" classname="org.apache.zookeeper.common.X509UtilTest" time="0.075"/>
  <testcase name="testClientRenegotiationFails[0]" classname="org.apache.zookeeper.common.X509UtilTest" time="0.38"/>
  <testcase name="testCRLEnabled[0]" classname="org.apache.zookeeper.common.X509UtilTest" time="0.143"/>
  <testcase name="testCreateSSLContextWithoutKeyStoreLocation[0]" classname="org.apache.zookeeper.common.X509UtilTest" time="0.084"/>
  <testcase name="testLoadPKCS12KeyStore[0]" classname="org.apache.zookeeper.common.X509UtilTest" time="0.612"/>
  <testcase name="testLoadJKSTrustStoreWithWrongPassword[0]" classname="org.apache.zookeeper.common.X509UtilTest" time="0.002"/>
  <testcase name="testLoadPKCS12TrustStoreAutodetectStoreFileType[0]" classname="org.apache.zookeeper.common.X509UtilTest" time="0.105"/>
  <testcase name="testCreateSSLServerSocketWithPort[0]" classname="org.apache.zookeeper.common.X509UtilTest" time="0.135"/>
  <testcase name="testCreateSSLContextWithCustomCipherSuites[0]" classname="org.apache.zookeeper.common.X509UtilTest" time="0.084"/>
  <testcase name="testCRLDisabled[0]" classname="org.apache.zookeeper.common.X509UtilTest" time="0.07"/>
  <testcase name="testCreateSSLContext_invalidCustomSSLContextClass[0]" classname="org.apache.zookeeper.common.X509UtilTest" time="0"/>
  <testcase name="testCreateSSLContextWithoutCustomProtocol[0]" classname="org.apache.zookeeper.common.X509UtilTest" time="0.051"/>
  <testcase name="testOCSPEnabled[0]" classname="org.apache.zookeeper.common.X509UtilTest" time="0.026"/>
  <testcase name="testGetDefaultCipherSuitesJava8[0]" classname="org.apache.zookeeper.common.X509UtilTest" time="0.008"/>
  <testcase name="testGetDefaultCipherSuitesJava9[0]" classname="org.apache.zookeeper.common.X509UtilTest" time="0.011"/>
  <testcase name="testLoadJKSKeyStoreNullPassword[0]" classname="org.apache.zookeeper.common.X509UtilTest" time="0"/>
  <testcase name="testLoadJKSKeyStoreAutodetectStoreFileType[0]" classname="org.apache.zookeeper.common.X509UtilTest" time="0"/>
  <testcase name="testCreateSSLContext_validCustomSSLContextClass[0]" classname="org.apache.zookeeper.common.X509UtilTest" time="0"/>
  <testcase name="testLoadPEMTrustStoreAutodetectStoreFileType[0]" classname="org.apache.zookeeper.common.X509UtilTest" time="0.005"/>
  <testcase name="testLoadJKSKeyStore[0]" classname="org.apache.zookeeper.common.X509UtilTest" time="0"/>
  <testcase name="testLoadJKSTrustStoreNullPassword[0]" classname="org.apache.zookeeper.common.X509UtilTest" time="0"/>
  <testcase name="testLoadJKSTrustStoreAutodetectStoreFileType[0]" classname="org.apache.zookeeper.common.X509UtilTest" time="0"/>
  <testcase name="testCreateSSLContextWithCustomProtocol[0]" classname="org.apache.zookeeper.common.X509UtilTest" time="0.126"/>
  <testcase name="testLoadJKSKeyStoreWithWrongPassword[0]" classname="org.apache.zookeeper.common.X509UtilTest" time="0"/>
  <testcase name="testLoadPKCS12TrustStoreNullPassword[0]" classname="org.apache.zookeeper.common.X509UtilTest" time="0.094"/>
  <testcase name="testGetDefaultCipherSuitesUnknownVersion[0]" classname="org.apache.zookeeper.common.X509UtilTest" time="0.001"/>
  <testcase name="testGetSslHandshakeDetectionTimeoutMillisProperty[0]" classname="org.apache.zookeeper.common.X509UtilTest" time="0.005"/>
  <testcase name="testLoadPKCS12KeyStoreAutodetectStoreFileType[0]" classname="org.apache.zookeeper.common.X509UtilTest" time="0.215"/>
  <testcase name="testCreateSSLSocket[0]" classname="org.apache.zookeeper.common.X509UtilTest" time="0.121"/>
  <testcase name="testLoadPEMTrustStore[0]" classname="org.apache.zookeeper.common.X509UtilTest" time="0.002"/>
  <testcase name="testGetDefaultCipherSuitesJava10[0]" classname="org.apache.zookeeper.common.X509UtilTest" time="0.001"/>
  <testcase name="testGetDefaultCipherSuitesJava11[0]" classname="org.apache.zookeeper.common.X509UtilTest" time="0.001"/>
  <testcase name="testLoadPEMKeyStoreNullPassword[0]" classname="org.apache.zookeeper.common.X509UtilTest" time="0.009"/>
  <testcase name="testLoadPEMKeyStoreAutodetectStoreFileType[0]" classname="org.apache.zookeeper.common.X509UtilTest" time="0.002"/>
  <testcase name="testLoadJKSTrustStore[0]" classname="org.apache.zookeeper.common.X509UtilTest" time="0.003"/>
  <testcase name="testLoadPEMKeyStore[0]" classname="org.apache.zookeeper.common.X509UtilTest" time="0.001"/>
  <testcase name="testLoadPKCS12KeyStoreWithWrongPassword[0]" classname="org.apache.zookeeper.common.X509UtilTest" time="0.146"/>
  <testcase name="testLoadPEMKeyStoreWithWrongPassword[0]" classname="org.apache.zookeeper.common.X509UtilTest" time="0.014"/>
  <testcase name="testCreateSSLServerSocketWithoutPort[0]" classname="org.apache.zookeeper.common.X509UtilTest" time="0.081"/>
  <testcase name="testGetDefaultCipherSuitesNullVersion[0]" classname="org.apache.zookeeper.common.X509UtilTest" time="0.002"/>
  <testcase name="testLoadPKCS12KeyStoreNullPassword[0]" classname="org.apache.zookeeper.common.X509UtilTest" time="0.124"/>
  <testcase name="testLoadPEMTrustStoreNullPassword[1]" classname="org.apache.zookeeper.common.X509UtilTest" time="0.002"/>
  <testcase name="testCreateSSLContextWithoutKeyStorePassword[1]" classname="org.apache.zookeeper.common.X509UtilTest" time="0.022"/>
  <testcase name="testLoadPKCS12TrustStore[1]" classname="org.apache.zookeeper.common.X509UtilTest" time="0.222"/>
  <testcase name="testLoadPKCS12TrustStoreWithWrongPassword[1]" classname="org.apache.zookeeper.common.X509UtilTest" time="0.058"/>
  <testcase name="testClientRenegotiationFails[1]" classname="org.apache.zookeeper.common.X509UtilTest" time="0.13"/>
  <testcase name="testCRLEnabled[1]" classname="org.apache.zookeeper.common.X509UtilTest" time="0.042"/>
  <testcase name="testCreateSSLContextWithoutKeyStoreLocation[1]" classname="org.apache.zookeeper.common.X509UtilTest" time="0.038"/>
  <testcase name="testLoadPKCS12KeyStore[1]" classname="org.apache.zookeeper.common.X509UtilTest" time="0.339"/>
  <testcase name="testLoadJKSTrustStoreWithWrongPassword[1]" classname="org.apache.zookeeper.common.X509UtilTest" time="0.002"/>
  <testcase name="testLoadPKCS12TrustStoreAutodetectStoreFileType[1]" classname="org.apache.zookeeper.common.X509UtilTest" time="0.122"/>
  <testcase name="testCreateSSLServerSocketWithPort[1]" classname="org.apache.zookeeper.common.X509UtilTest" time="0.04"/>
  <testcase name="testCreateSSLContextWithCustomCipherSuites[1]" classname="org.apache.zookeeper.common.X509UtilTest" time="0.06"/>
  <testcase name="testCRLDisabled[1]" classname="org.apache.zookeeper.common.X509UtilTest" time="0.039"/>
  <testcase name="testCreateSSLContext_invalidCustomSSLContextClass[1]" classname="org.apache.zookeeper.common.X509UtilTest" time="0.001"/>
  <testcase name="testCreateSSLContextWithoutCustomProtocol[1]" classname="org.apache.zookeeper.common.X509UtilTest" time="0.003"/>
  <testcase name="testOCSPEnabled[1]" classname="org.apache.zookeeper.common.X509UtilTest" time="0.015"/>
  <testcase name="testGetDefaultCipherSuitesJava8[1]" classname="org.apache.zookeeper.common.X509UtilTest" time="0.001"/>
  <testcase name="testGetDefaultCipherSuitesJava9[1]" classname="org.apache.zookeeper.common.X509UtilTest" time="0.001"/>
  <testcase name="testLoadJKSKeyStoreNullPassword[1]" classname="org.apache.zookeeper.common.X509UtilTest" time="0.001"/>
  <testcase name="testLoadJKSKeyStoreAutodetectStoreFileType[1]" classname="org.apache.zookeeper.common.X509UtilTest" time="0.001"/>
  <testcase name="testCreateSSLContext_validCustomSSLContextClass[1]" classname="org.apache.zookeeper.common.X509UtilTest" time="0.001"/>
  <testcase name="testLoadPEMTrustStoreAutodetectStoreFileType[1]" classname="org.apache.zookeeper.common.X509UtilTest" time="0.003"/>
  <testcase name="testLoadJKSKeyStore[1]" classname="org.apache.zookeeper.common.X509UtilTest" time="0.001"/>
  <testcase name="testLoadJKSTrustStoreNullPassword[1]" classname="org.apache.zookeeper.common.X509UtilTest" time="0"/>
  <testcase name="testLoadJKSTrustStoreAutodetectStoreFileType[1]" classname="org.apache.zookeeper.common.X509UtilTest" time="0.001"/>
  <testcase name="testCreateSSLContextWithCustomProtocol[1]" classname="org.apache.zookeeper.common.X509UtilTest" time="0.009"/>
  <testcase name="testLoadJKSKeyStoreWithWrongPassword[1]" classname="org.apache.zookeeper.common.X509UtilTest" time="0.002"/>
  <testcase name="testLoadPKCS12TrustStoreNullPassword[1]" classname="org.apache.zookeeper.common.X509UtilTest" time="0.001"/>
  <testcase name="testGetDefaultCipherSuitesUnknownVersion[1]" classname="org.apache.zookeeper.common.X509UtilTest" time="0.001"/>
  <testcase name="testGetSslHandshakeDetectionTimeoutMillisProperty[1]" classname="org.apache.zookeeper.common.X509UtilTest" time="0.004"/>
  <testcase name="testLoadPKCS12KeyStoreAutodetectStoreFileType[1]" classname="org.apache.zookeeper.common.X509UtilTest" time="0.129"/>
  <testcase name="testCreateSSLSocket[1]" classname="org.apache.zookeeper.common.X509UtilTest" time="0.002"/>
  <testcase name="testLoadPEMTrustStore[1]" classname="org.apache.zookeeper.common.X509UtilTest" time="0.003"/>
  <testcase name="testGetDefaultCipherSuitesJava10[1]" classname="org.apache.zookeeper.common.X509UtilTest" time="0.001"/>
  <testcase name="testGetDefaultCipherSuitesJava11[1]" classname="org.apache.zookeeper.common.X509UtilTest" time="0.001"/>
  <testcase name="testLoadPEMKeyStoreNullPassword[1]" classname="org.apache.zookeeper.common.X509UtilTest" time="0.001"/>
  <testcase name="testLoadPEMKeyStoreAutodetectStoreFileType[1]" classname="org.apache.zookeeper.common.X509UtilTest" time="0.225"/>
  <testcase name="testLoadJKSTrustStore[1]" classname="org.apache.zookeeper.common.X509UtilTest" time="0.003"/>
  <testcase name="testLoadPEMKeyStore[1]" classname="org.apache.zookeeper.common.X509UtilTest" time="0.005"/>
  <testcase name="testLoadPKCS12KeyStoreWithWrongPassword[1]" classname="org.apache.zookeeper.common.X509UtilTest" time="0.098"/>
  <testcase name="testLoadPEMKeyStoreWithWrongPassword[1]" classname="org.apache.zookeeper.common.X509UtilTest" time="0.005"/>
  <testcase name="testCreateSSLServerSocketWithoutPort[1]" classname="org.apache.zookeeper.common.X509UtilTest" time="0.002"/>
  <testcase name="testGetDefaultCipherSuitesNullVersion[1]" classname="org.apache.zookeeper.common.X509UtilTest" time="0.001"/>
  <testcase name="testLoadPKCS12KeyStoreNullPassword[1]" classname="org.apache.zookeeper.common.X509UtilTest" time="0.001"/>
  <testcase name="testLoadPEMTrustStoreNullPassword[2]" classname="org.apache.zookeeper.common.X509UtilTest" time="0.04"/>
  <testcase name="testCreateSSLContextWithoutKeyStorePassword[2]" classname="org.apache.zookeeper.common.X509UtilTest" time="0.053"/>
  <testcase name="testLoadPKCS12TrustStore[2]" classname="org.apache.zookeeper.common.X509UtilTest" time="0.268"/>
  <testcase name="testLoadPKCS12TrustStoreWithWrongPassword[2]" classname="org.apache.zookeeper.common.X509UtilTest" time="0.098"/>
  <testcase name="testClientRenegotiationFails[2]" classname="org.apache.zookeeper.common.X509UtilTest" time="0.157"/>
  <testcase name="testCRLEnabled[2]" classname="org.apache.zookeeper.common.X509UtilTest" time="0.05"/>
  <testcase name="testCreateSSLContextWithoutKeyStoreLocation[2]" classname="org.apache.zookeeper.common.X509UtilTest" time="0.028"/>
  <testcase name="testLoadPKCS12KeyStore[2]" classname="org.apache.zookeeper.common.X509UtilTest" time="0.417"/>
  <testcase name="testLoadJKSTrustStoreWithWrongPassword[2]" classname="org.apache.zookeeper.common.X509UtilTest" time="0.002"/>
  <testcase name="testLoadPKCS12TrustStoreAutodetectStoreFileType[2]" classname="org.apache.zookeeper.common.X509UtilTest" time="0.127"/>
  <testcase name="testCreateSSLServerSocketWithPort[2]" classname="org.apache.zookeeper.common.X509UtilTest" time="0.019"/>
  <testcase name="testCreateSSLContextWithCustomCipherSuites[2]" classname="org.apache.zookeeper.common.X509UtilTest" time="0.009"/>
  <testcase name="testCRLDisabled[2]" classname="org.apache.zookeeper.common.X509UtilTest" time="0.002"/>
  <testcase name="testCreateSSLContext_invalidCustomSSLContextClass[2]" classname="org.apache.zookeeper.common.X509UtilTest" time="0.002"/>
  <testcase name="testCreateSSLContextWithoutCustomProtocol[2]" classname="org.apache.zookeeper.common.X509UtilTest" time="0.013"/>
  <testcase name="testOCSPEnabled[2]" classname="org.apache.zookeeper.common.X509UtilTest" time="0.029"/>
  <testcase name="testGetDefaultCipherSuitesJava8[2]" classname="org.apache.zookeeper.common.X509UtilTest" time="0.001"/>
  <testcase name="testGetDefaultCipherSuitesJava9[2]" classname="org.apache.zookeeper.common.X509UtilTest" time="0.001"/>
  <testcase name="testLoadJKSKeyStoreNullPassword[2]" classname="org.apache.zookeeper.common.X509UtilTest" time="0.001"/>
  <testcase name="testLoadJKSKeyStoreAutodetectStoreFileType[2]" classname="org.apache.zookeeper.common.X509UtilTest" time="0.001"/>
  <testcase name="testCreateSSLContext_validCustomSSLContextClass[2]" classname="org.apache.zookeeper.common.X509UtilTest" time="0.001"/>
  <testcase name="testLoadPEMTrustStoreAutodetectStoreFileType[2]" classname="org.apache.zookeeper.common.X509UtilTest" time="0.001"/>
  <testcase name="testLoadJKSKeyStore[2]" classname="org.apache.zookeeper.common.X509UtilTest" time="0.001"/>
  <testcase name="testLoadJKSTrustStoreNullPassword[2]" classname="org.apache.zookeeper.common.X509UtilTest" time="0.002"/>
  <testcase name="testLoadJKSTrustStoreAutodetectStoreFileType[2]" classname="org.apache.zookeeper.common.X509UtilTest" time="0"/>
  <testcase name="testCreateSSLContextWithCustomProtocol[2]" classname="org.apache.zookeeper.common.X509UtilTest" time="0.006"/>
  <testcase name="testLoadJKSKeyStoreWithWrongPassword[2]" classname="org.apache.zookeeper.common.X509UtilTest" time="0.002"/>
  <testcase name="testLoadPKCS12TrustStoreNullPassword[2]" classname="org.apache.zookeeper.common.X509UtilTest" time="0.202"/>
  <testcase name="testGetDefaultCipherSuitesUnknownVersion[2]" classname="org.apache.zookeeper.common.X509UtilTest" time="0.001"/>
  <testcase name="testGetSslHandshakeDetectionTimeoutMillisProperty[2]" classname="org.apache.zookeeper.common.X509UtilTest" time="0.006"/>
  <testcase name="testLoadPKCS12KeyStoreAutodetectStoreFileType[2]" classname="org.apache.zookeeper.common.X509UtilTest" time="0.171"/>
  <testcase name="testCreateSSLSocket[2]" classname="org.apache.zookeeper.common.X509UtilTest" time="0.009"/>
  <testcase name="testLoadPEMTrustStore[2]" classname="org.apache.zookeeper.common.X509UtilTest" time="0"/>
  <testcase name="testGetDefaultCipherSuitesJava10[2]" classname="org.apache.zookeeper.common.X509UtilTest" time="0"/>
  <testcase name="testGetDefaultCipherSuitesJava11[2]" classname="org.apache.zookeeper.common.X509UtilTest" time="0"/>
  <testcase name="testLoadPEMKeyStoreNullPassword[2]" classname="org.apache.zookeeper.common.X509UtilTest" time="0.007"/>
  <testcase name="testLoadPEMKeyStoreAutodetectStoreFileType[2]" classname="org.apache.zookeeper.common.X509UtilTest" time="0.002"/>
  <testcase name="testLoadJKSTrustStore[2]" classname="org.apache.zookeeper.common.X509UtilTest" time="0.001"/>
  <testcase name="testLoadPEMKeyStore[2]" classname="org.apache.zookeeper.common.X509UtilTest" time="0.005"/>
  <testcase name="testLoadPKCS12KeyStoreWithWrongPassword[2]" classname="org.apache.zookeeper.common.X509UtilTest" time="0.061"/>
  <testcase name="testLoadPEMKeyStoreWithWrongPassword[2]" classname="org.apache.zookeeper.common.X509UtilTest" time="0.001"/>
  <testcase name="testCreateSSLServerSocketWithoutPort[2]" classname="org.apache.zookeeper.common.X509UtilTest" time="0.015"/>
  <testcase name="testGetDefaultCipherSuitesNullVersion[2]" classname="org.apache.zookeeper.common.X509UtilTest" time="0.001"/>
  <testcase name="testLoadPKCS12KeyStoreNullPassword[2]" classname="org.apache.zookeeper.common.X509UtilTest" time="0.129"/>
  <testcase name="testLoadPEMTrustStoreNullPassword[3]" classname="org.apache.zookeeper.common.X509UtilTest" time="0.006"/>
  <testcase name="testCreateSSLContextWithoutKeyStorePassword[3]" classname="org.apache.zookeeper.common.X509UtilTest" time="0.019"/>
  <testcase name="testLoadPKCS12TrustStore[3]" classname="org.apache.zookeeper.common.X509UtilTest" time="0.317"/>
  <testcase name="testLoadPKCS12TrustStoreWithWrongPassword[3]" classname="org.apache.zookeeper.common.X509UtilTest" time="0.104"/>
  <testcase name="testClientRenegotiationFails[3]" classname="org.apache.zookeeper.common.X509UtilTest" time="0.056"/>
  <testcase name="testCRLEnabled[3]" classname="org.apache.zookeeper.common.X509UtilTest" time="0.029"/>
  <testcase name="testCreateSSLContextWithoutKeyStoreLocation[3]" classname="org.apache.zookeeper.common.X509UtilTest" time="0.018"/>
  <testcase name="testLoadPKCS12KeyStore[3]" classname="org.apache.zookeeper.common.X509UtilTest" time="0.365"/>
  <testcase name="testLoadJKSTrustStoreWithWrongPassword[3]" classname="org.apache.zookeeper.common.X509UtilTest" time="0.004"/>
  <testcase name="testLoadPKCS12TrustStoreAutodetectStoreFileType[3]" classname="org.apache.zookeeper.common.X509UtilTest" time="0.119"/>
  <testcase name="testCreateSSLServerSocketWithPort[3]" classname="org.apache.zookeeper.common.X509UtilTest" time="0.004"/>
  <testcase name="testCreateSSLContextWithCustomCipherSuites[3]" classname="org.apache.zookeeper.common.X509UtilTest" time="0.002"/>
  <testcase name="testCRLDisabled[3]" classname="org.apache.zookeeper.common.X509UtilTest" time="0.004"/>
  <testcase name="testCreateSSLContext_invalidCustomSSLContextClass[3]" classname="org.apache.zookeeper.common.X509UtilTest" time="0.002"/>
  <testcase name="testCreateSSLContextWithoutCustomProtocol[3]" classname="org.apache.zookeeper.common.X509UtilTest" time="0.011"/>
  <testcase name="testOCSPEnabled[3]" classname="org.apache.zookeeper.common.X509UtilTest" time="0.007"/>
  <testcase name="testGetDefaultCipherSuitesJava8[3]" classname="org.apache.zookeeper.common.X509UtilTest" time="0.002"/>
  <testcase name="testGetDefaultCipherSuitesJava9[3]" classname="org.apache.zookeeper.common.X509UtilTest" time="0"/>
  <testcase name="testLoadJKSKeyStoreNullPassword[3]" classname="org.apache.zookeeper.common.X509UtilTest" time="0"/>
  <testcase name="testLoadJKSKeyStoreAutodetectStoreFileType[3]" classname="org.apache.zookeeper.common.X509UtilTest" time="0"/>
  <testcase name="testCreateSSLContext_validCustomSSLContextClass[3]" classname="org.apache.zookeeper.common.X509UtilTest" time="0"/>
  <testcase name="testLoadPEMTrustStoreAutodetectStoreFileType[3]" classname="org.apache.zookeeper.common.X509UtilTest" time="0.01"/>
  <testcase name="testLoadJKSKeyStore[3]" classname="org.apache.zookeeper.common.X509UtilTest" time="0.001"/>
  <testcase name="testLoadJKSTrustStoreNullPassword[3]" classname="org.apache.zookeeper.common.X509UtilTest" time="0.001"/>
  <testcase name="testLoadJKSTrustStoreAutodetectStoreFileType[3]" classname="org.apache.zookeeper.common.X509UtilTest" time="0.001"/>
  <testcase name="testCreateSSLContextWithCustomProtocol[3]" classname="org.apache.zookeeper.common.X509UtilTest" time="0.005"/>
  <testcase name="testLoadJKSKeyStoreWithWrongPassword[3]" classname="org.apache.zookeeper.common.X509UtilTest" time="0.002"/>
  <testcase name="testLoadPKCS12TrustStoreNullPassword[3]" classname="org.apache.zookeeper.common.X509UtilTest" time="0"/>
  <testcase name="testGetDefaultCipherSuitesUnknownVersion[3]" classname="org.apache.zookeeper.common.X509UtilTest" time="0.001"/>
  <testcase name="testGetSslHandshakeDetectionTimeoutMillisProperty[3]" classname="org.apache.zookeeper.common.X509UtilTest" time="0.004"/>
  <testcase name="testLoadPKCS12KeyStoreAutodetectStoreFileType[3]" classname="org.apache.zookeeper.common.X509UtilTest" time="0.106"/>
  <testcase name="testCreateSSLSocket[3]" classname="org.apache.zookeeper.common.X509UtilTest" time="0.014"/>
  <testcase name="testLoadPEMTrustStore[3]" classname="org.apache.zookeeper.common.X509UtilTest" time="0.004"/>
  <testcase name="testGetDefaultCipherSuitesJava10[3]" classname="org.apache.zookeeper.common.X509UtilTest" time="0.001"/>
  <testcase name="testGetDefaultCipherSuitesJava11[3]" classname="org.apache.zookeeper.common.X509UtilTest" time="0"/>
  <testcase name="testLoadPEMKeyStoreNullPassword[3]" classname="org.apache.zookeeper.common.X509UtilTest" time="0.001"/>
  <testcase name="testLoadPEMKeyStoreAutodetectStoreFileType[3]" classname="org.apache.zookeeper.common.X509UtilTest" time="0.041"/>
  <testcase name="testLoadJKSTrustStore[3]" classname="org.apache.zookeeper.common.X509UtilTest" time="0.001"/>
  <testcase name="testLoadPEMKeyStore[3]" classname="org.apache.zookeeper.common.X509UtilTest" time="0.005"/>
  <testcase name="testLoadPKCS12KeyStoreWithWrongPassword[3]" classname="org.apache.zookeeper.common.X509UtilTest" time="0.084"/>
  <testcase name="testLoadPEMKeyStoreWithWrongPassword[3]" classname="org.apache.zookeeper.common.X509UtilTest" time="0.005"/>
  <testcase name="testCreateSSLServerSocketWithoutPort[3]" classname="org.apache.zookeeper.common.X509UtilTest" time="0.004"/>
  <testcase name="testGetDefaultCipherSuitesNullVersion[3]" classname="org.apache.zookeeper.common.X509UtilTest" time="0.001"/>
  <testcase name="testLoadPKCS12KeyStoreNullPassword[3]" classname="org.apache.zookeeper.common.X509UtilTest" time="0.001"/>
  <testcase name="testLoadPEMTrustStoreNullPassword[4]" classname="org.apache.zookeeper.common.X509UtilTest" time="0.008"/>
  <testcase name="testCreateSSLContextWithoutKeyStorePassword[4]" classname="org.apache.zookeeper.common.X509UtilTest" time="0.003"/>
  <testcase name="testLoadPKCS12TrustStore[4]" classname="org.apache.zookeeper.common.X509UtilTest" time="0.233"/>
  <testcase name="testLoadPKCS12TrustStoreWithWrongPassword[4]" classname="org.apache.zookeeper.common.X509UtilTest" time="0.053"/>
  <testcase name="testClientRenegotiationFails[4]" classname="org.apache.zookeeper.common.X509UtilTest" time="0.081"/>
  <testcase name="testCRLEnabled[4]" classname="org.apache.zookeeper.common.X509UtilTest" time="0.023"/>
  <testcase name="testCreateSSLContextWithoutKeyStoreLocation[4]" classname="org.apache.zookeeper.common.X509UtilTest" time="0.013"/>
  <testcase name="testLoadPKCS12KeyStore[4]" classname="org.apache.zookeeper.common.X509UtilTest" time="0.423"/>
  <testcase name="testLoadJKSTrustStoreWithWrongPassword[4]" classname="org.apache.zookeeper.common.X509UtilTest" time="0.002"/>
  <testcase name="testLoadPKCS12TrustStoreAutodetectStoreFileType[4]" classname="org.apache.zookeeper.common.X509UtilTest" time="0.136"/>
  <testcase name="testCreateSSLServerSocketWithPort[4]" classname="org.apache.zookeeper.common.X509UtilTest" time="0.006"/>
  <testcase name="testCreateSSLContextWithCustomCipherSuites[4]" classname="org.apache.zookeeper.common.X509UtilTest" time="0.056"/>
  <testcase name="testCRLDisabled[4]" classname="org.apache.zookeeper.common.X509UtilTest" time="0.052"/>
  <testcase name="testCreateSSLContext_invalidCustomSSLContextClass[4]" classname="org.apache.zookeeper.common.X509UtilTest" time="0.001"/>
  <testcase name="testCreateSSLContextWithoutCustomProtocol[4]" classname="org.apache.zookeeper.common.X509UtilTest" time="0.009"/>
  <testcase name="testOCSPEnabled[4]" classname="org.apache.zookeeper.common.X509UtilTest" time="0.007"/>
  <testcase name="testGetDefaultCipherSuitesJava8[4]" classname="org.apache.zookeeper.common.X509UtilTest" time="0.001"/>
  <testcase name="testGetDefaultCipherSuitesJava9[4]" classname="org.apache.zookeeper.common.X509UtilTest" time="0"/>
  <testcase name="testLoadJKSKeyStoreNullPassword[4]" classname="org.apache.zookeeper.common.X509UtilTest" time="0.001"/>
  <testcase name="testLoadJKSKeyStoreAutodetectStoreFileType[4]" classname="org.apache.zookeeper.common.X509UtilTest" time="0.001"/>
  <testcase name="testCreateSSLContext_validCustomSSLContextClass[4]" classname="org.apache.zookeeper.common.X509UtilTest" time="0.001"/>
  <testcase name="testLoadPEMTrustStoreAutodetectStoreFileType[4]" classname="org.apache.zookeeper.common.X509UtilTest" time="0.001"/>
  <testcase name="testLoadJKSKeyStore[4]" classname="org.apache.zookeeper.common.X509UtilTest" time="0.001"/>
  <testcase name="testLoadJKSTrustStoreNullPassword[4]" classname="org.apache.zookeeper.common.X509UtilTest" time="0.001"/>
  <testcase name="testLoadJKSTrustStoreAutodetectStoreFileType[4]" classname="org.apache.zookeeper.common.X509UtilTest" time="0.001"/>
  <testcase name="testCreateSSLContextWithCustomProtocol[4]" classname="org.apache.zookeeper.common.X509UtilTest" time="0.097"/>
  <testcase name="testLoadJKSKeyStoreWithWrongPassword[4]" classname="org.apache.zookeeper.common.X509UtilTest" time="0.002"/>
  <testcase name="testLoadPKCS12TrustStoreNullPassword[4]" classname="org.apache.zookeeper.common.X509UtilTest" time="0.115"/>
  <testcase name="testGetDefaultCipherSuitesUnknownVersion[4]" classname="org.apache.zookeeper.common.X509UtilTest" time="0.002"/>
  <testcase name="testGetSslHandshakeDetectionTimeoutMillisProperty[4]" classname="org.apache.zookeeper.common.X509UtilTest" time="0.004"/>
  <testcase name="testLoadPKCS12KeyStoreAutodetectStoreFileType[4]" classname="org.apache.zookeeper.common.X509UtilTest" time="0.113"/>
  <testcase name="testCreateSSLSocket[4]" classname="org.apache.zookeeper.common.X509UtilTest" time="0.01"/>
  <testcase name="testLoadPEMTrustStore[4]" classname="org.apache.zookeeper.common.X509UtilTest" time="0.002"/>
  <testcase name="testGetDefaultCipherSuitesJava10[4]" classname="org.apache.zookeeper.common.X509UtilTest" time="0"/>
  <testcase name="testGetDefaultCipherSuitesJava11[4]" classname="org.apache.zookeeper.common.X509UtilTest" time="0"/>
  <testcase name="testLoadPEMKeyStoreNullPassword[4]" classname="org.apache.zookeeper.common.X509UtilTest" time="0.009"/>
  <testcase name="testLoadPEMKeyStoreAutodetectStoreFileType[4]" classname="org.apache.zookeeper.common.X509UtilTest" time="0.003"/>
  <testcase name="testLoadJKSTrustStore[4]" classname="org.apache.zookeeper.common.X509UtilTest" time="0.002"/>
  <testcase name="testLoadPEMKeyStore[4]" classname="org.apache.zookeeper.common.X509UtilTest" time="0.002"/>
  <testcase name="testLoadPKCS12KeyStoreWithWrongPassword[4]" classname="org.apache.zookeeper.common.X509UtilTest" time="0.064"/>
  <testcase name="testLoadPEMKeyStoreWithWrongPassword[4]" classname="org.apache.zookeeper.common.X509UtilTest" time="0.002"/>
  <testcase name="testCreateSSLServerSocketWithoutPort[4]" classname="org.apache.zookeeper.common.X509UtilTest" time="0.005"/>
  <testcase name="testGetDefaultCipherSuitesNullVersion[4]" classname="org.apache.zookeeper.common.X509UtilTest" time="0.001"/>
  <testcase name="testLoadPKCS12KeyStoreNullPassword[4]" classname="org.apache.zookeeper.common.X509UtilTest" time="0.104"/>
  <testcase name="testLoadPEMTrustStoreNullPassword[5]" classname="org.apache.zookeeper.common.X509UtilTest" time="0.021"/>
  <testcase name="testCreateSSLContextWithoutKeyStorePassword[5]" classname="org.apache.zookeeper.common.X509UtilTest" time="0.007"/>
  <testcase name="testLoadPKCS12TrustStore[5]" classname="org.apache.zookeeper.common.X509UtilTest" time="0.252"/>
  <testcase name="testLoadPKCS12TrustStoreWithWrongPassword[5]" classname="org.apache.zookeeper.common.X509UtilTest" time="0.056"/>
  <testcase name="testClientRenegotiationFails[5]" classname="org.apache.zookeeper.common.X509UtilTest" time="0.046"/>
  <testcase name="testCRLEnabled[5]" classname="org.apache.zookeeper.common.X509UtilTest" time="0.003"/>
  <testcase name="testCreateSSLContextWithoutKeyStoreLocation[5]" classname="org.apache.zookeeper.common.X509UtilTest" time="0.001"/>
  <testcase name="testLoadPKCS12KeyStore[5]" classname="org.apache.zookeeper.common.X509UtilTest" time="0.344"/>
  <testcase name="testLoadJKSTrustStoreWithWrongPassword[5]" classname="org.apache.zookeeper.common.X509UtilTest" time="0.001"/>
  <testcase name="testLoadPKCS12TrustStoreAutodetectStoreFileType[5]" classname="org.apache.zookeeper.common.X509UtilTest" time="0.103"/>
  <testcase name="testCreateSSLServerSocketWithPort[5]" classname="org.apache.zookeeper.common.X509UtilTest" time="0.004"/>
  <testcase name="testCreateSSLContextWithCustomCipherSuites[5]" classname="org.apache.zookeeper.common.X509UtilTest" time="0.002"/>
  <testcase name="testCRLDisabled[5]" classname="org.apache.zookeeper.common.X509UtilTest" time="0.005"/>
  <testcase name="testCreateSSLContext_invalidCustomSSLContextClass[5]" classname="org.apache.zookeeper.common.X509UtilTest" time="0"/>
  <testcase name="testCreateSSLContextWithoutCustomProtocol[5]" classname="org.apache.zookeeper.common.X509UtilTest" time="0.002"/>
  <testcase name="testOCSPEnabled[5]" classname="org.apache.zookeeper.common.X509UtilTest" time="0.001"/>
  <testcase name="testGetDefaultCipherSuitesJava8[5]" classname="org.apache.zookeeper.common.X509UtilTest" time="0.001"/>
  <testcase name="testGetDefaultCipherSuitesJava9[5]" classname="org.apache.zookeeper.common.X509UtilTest" time="0.001"/>
  <testcase name="testLoadJKSKeyStoreNullPassword[5]" classname="org.apache.zookeeper.common.X509UtilTest" time="0"/>
  <testcase name="testLoadJKSKeyStoreAutodetectStoreFileType[5]" classname="org.apache.zookeeper.common.X509UtilTest" time="0.001"/>
  <testcase name="testCreateSSLContext_validCustomSSLContextClass[5]" classname="org.apache.zookeeper.common.X509UtilTest" time="0.001"/>
  <testcase name="testLoadPEMTrustStoreAutodetectStoreFileType[5]" classname="org.apache.zookeeper.common.X509UtilTest" time="0.003"/>
  <testcase name="testLoadJKSKeyStore[5]" classname="org.apache.zookeeper.common.X509UtilTest" time="0.001"/>
  <testcase name="testLoadJKSTrustStoreNullPassword[5]" classname="org.apache.zookeeper.common.X509UtilTest" time="0"/>
  <testcase name="testLoadJKSTrustStoreAutodetectStoreFileType[5]" classname="org.apache.zookeeper.common.X509UtilTest" time="0.001"/>
  <testcase name="testCreateSSLContextWithCustomProtocol[5]" classname="org.apache.zookeeper.common.X509UtilTest" time="0.003"/>
  <testcase name="testLoadJKSKeyStoreWithWrongPassword[5]" classname="org.apache.zookeeper.common.X509UtilTest" time="0"/>
  <testcase name="testLoadPKCS12TrustStoreNullPassword[5]" classname="org.apache.zookeeper.common.X509UtilTest" time="0.001"/>
  <testcase name="testGetDefaultCipherSuitesUnknownVersion[5]" classname="org.apache.zookeeper.common.X509UtilTest" time="0"/>
  <testcase name="testGetSslHandshakeDetectionTimeoutMillisProperty[5]" classname="org.apache.zookeeper.common.X509UtilTest" time="0.009"/>
  <testcase name="testLoadPKCS12KeyStoreAutodetectStoreFileType[5]" classname="org.apache.zookeeper.common.X509UtilTest" time="0.083"/>
  <testcase name="testCreateSSLSocket[5]" classname="org.apache.zookeeper.common.X509UtilTest" time="0.002"/>
  <testcase name="testLoadPEMTrustStore[5]" classname="org.apache.zookeeper.common.X509UtilTest" time="0.001"/>
  <testcase name="testGetDefaultCipherSuitesJava10[5]" classname="org.apache.zookeeper.common.X509UtilTest" time="0.001"/>
  <testcase name="testGetDefaultCipherSuitesJava11[5]" classname="org.apache.zookeeper.common.X509UtilTest" time="0.001"/>
  <testcase name="testLoadPEMKeyStoreNullPassword[5]" classname="org.apache.zookeeper.common.X509UtilTest" time="0.001"/>
  <testcase name="testLoadPEMKeyStoreAutodetectStoreFileType[5]" classname="org.apache.zookeeper.common.X509UtilTest" time="0.011"/>
  <testcase name="testLoadJKSTrustStore[5]" classname="org.apache.zookeeper.common.X509UtilTest" time="0.001"/>
  <testcase name="testLoadPEMKeyStore[5]" classname="org.apache.zookeeper.common.X509UtilTest" time="0.005"/>
  <testcase name="testLoadPKCS12KeyStoreWithWrongPassword[5]" classname="org.apache.zookeeper.common.X509UtilTest" time="0.039"/>
  <testcase name="testLoadPEMKeyStoreWithWrongPassword[5]" classname="org.apache.zookeeper.common.X509UtilTest" time="0.005"/>
  <testcase name="testCreateSSLServerSocketWithoutPort[5]" classname="org.apache.zookeeper.common.X509UtilTest" time="0.002"/>
  <testcase name="testGetDefaultCipherSuitesNullVersion[5]" classname="org.apache.zookeeper.common.X509UtilTest" time="0"/>
  <testcase name="testLoadPKCS12KeyStoreNullPassword[5]" classname="org.apache.zookeeper.common.X509UtilTest" time="0.001"/>
  <testcase name="testLoadPEMTrustStoreNullPassword[6]" classname="org.apache.zookeeper.common.X509UtilTest" time="0.005"/>
  <testcase name="testCreateSSLContextWithoutKeyStorePassword[6]" classname="org.apache.zookeeper.common.X509UtilTest" time="0.001"/>
  <testcase name="testLoadPKCS12TrustStore[6]" classname="org.apache.zookeeper.common.X509UtilTest" time="0.165"/>
  <testcase name="testLoadPKCS12TrustStoreWithWrongPassword[6]" classname="org.apache.zookeeper.common.X509UtilTest" time="0.04"/>
  <testcase name="testClientRenegotiationFails[6]" classname="org.apache.zookeeper.common.X509UtilTest" time="0.028"/>
  <testcase name="testCRLEnabled[6]" classname="org.apache.zookeeper.common.X509UtilTest" time="0.001"/>
  <testcase name="testCreateSSLContextWithoutKeyStoreLocation[6]" classname="org.apache.zookeeper.common.X509UtilTest" time="0.001"/>
  <testcase name="testLoadPKCS12KeyStore[6]" classname="org.apache.zookeeper.common.X509UtilTest" time="0.174"/>
  <testcase name="testLoadJKSTrustStoreWithWrongPassword[6]" classname="org.apache.zookeeper.common.X509UtilTest" time="0.001"/>
  <testcase name="testLoadPKCS12TrustStoreAutodetectStoreFileType[6]" classname="org.apache.zookeeper.common.X509UtilTest" time="0.083"/>
  <testcase name="testCreateSSLServerSocketWithPort[6]" classname="org.apache.zookeeper.common.X509UtilTest" time="0.003"/>
  <testcase name="testCreateSSLContextWithCustomCipherSuites[6]" classname="org.apache.zookeeper.common.X509UtilTest" time="0.002"/>
  <testcase name="testCRLDisabled[6]" classname="org.apache.zookeeper.common.X509UtilTest" time="0.003"/>
  <testcase name="testCreateSSLContext_invalidCustomSSLContextClass[6]" classname="org.apache.zookeeper.common.X509UtilTest" time="0.001"/>
  <testcase name="testCreateSSLContextWithoutCustomProtocol[6]" classname="org.apache.zookeeper.common.X509UtilTest" time="0.002"/>
  <testcase name="testOCSPEnabled[6]" classname="org.apache.zookeeper.common.X509UtilTest" time="0.003"/>
  <testcase name="testGetDefaultCipherSuitesJava8[6]" classname="org.apache.zookeeper.common.X509UtilTest" time="0"/>
  <testcase name="testGetDefaultCipherSuitesJava9[6]" classname="org.apache.zookeeper.common.X509UtilTest" time="0.001"/>
  <testcase name="testLoadJKSKeyStoreNullPassword[6]" classname="org.apache.zookeeper.common.X509UtilTest" time="0"/>
  <testcase name="testLoadJKSKeyStoreAutodetectStoreFileType[6]" classname="org.apache.zookeeper.common.X509UtilTest" time="0"/>
  <testcase name="testCreateSSLContext_validCustomSSLContextClass[6]" classname="org.apache.zookeeper.common.X509UtilTest" time="0.001"/>
  <testcase name="testLoadPEMTrustStoreAutodetectStoreFileType[6]" classname="org.apache.zookeeper.common.X509UtilTest" time="0.001"/>
  <testcase name="testLoadJKSKeyStore[6]" classname="org.apache.zookeeper.common.X509UtilTest" time="0.001"/>
  <testcase name="testLoadJKSTrustStoreNullPassword[6]" classname="org.apache.zookeeper.common.X509UtilTest" time="0.001"/>
  <testcase name="testLoadJKSTrustStoreAutodetectStoreFileType[6]" classname="org.apache.zookeeper.common.X509UtilTest" time="0"/>
  <testcase name="testCreateSSLContextWithCustomProtocol[6]" classname="org.apache.zookeeper.common.X509UtilTest" time="0.001"/>
  <testcase name="testLoadJKSKeyStoreWithWrongPassword[6]" classname="org.apache.zookeeper.common.X509UtilTest" time="0.001"/>
  <testcase name="testLoadPKCS12TrustStoreNullPassword[6]" classname="org.apache.zookeeper.common.X509UtilTest" time="0.08"/>
  <testcase name="testGetDefaultCipherSuitesUnknownVersion[6]" classname="org.apache.zookeeper.common.X509UtilTest" time="0"/>
  <testcase name="testGetSslHandshakeDetectionTimeoutMillisProperty[6]" classname="org.apache.zookeeper.common.X509UtilTest" time="0.003"/>
  <testcase name="testLoadPKCS12KeyStoreAutodetectStoreFileType[6]" classname="org.apache.zookeeper.common.X509UtilTest" time="0.068"/>
  <testcase name="testCreateSSLSocket[6]" classname="org.apache.zookeeper.common.X509UtilTest" time="0.002"/>
  <testcase name="testLoadPEMTrustStore[6]" classname="org.apache.zookeeper.common.X509UtilTest" time="0.001"/>
  <testcase name="testGetDefaultCipherSuitesJava10[6]" classname="org.apache.zookeeper.common.X509UtilTest" time="0"/>
  <testcase name="testGetDefaultCipherSuitesJava11[6]" classname="org.apache.zookeeper.common.X509UtilTest" time="0.001"/>
  <testcase name="testLoadPEMKeyStoreNullPassword[6]" classname="org.apache.zookeeper.common.X509UtilTest" time="0.003"/>
  <testcase name="testLoadPEMKeyStoreAutodetectStoreFileType[6]" classname="org.apache.zookeeper.common.X509UtilTest" time="0.005"/>
  <testcase name="testLoadJKSTrustStore[6]" classname="org.apache.zookeeper.common.X509UtilTest" time="0"/>
  <testcase name="testLoadPEMKeyStore[6]" classname="org.apache.zookeeper.common.X509UtilTest" time="0"/>
  <testcase name="testLoadPKCS12KeyStoreWithWrongPassword[6]" classname="org.apache.zookeeper.common.X509UtilTest" time="0.038"/>
  <testcase name="testLoadPEMKeyStoreWithWrongPassword[6]" classname="org.apache.zookeeper.common.X509UtilTest" time="0.001"/>
  <testcase name="testCreateSSLServerSocketWithoutPort[6]" classname="org.apache.zookeeper.common.X509UtilTest" time="0.001"/>
  <testcase name="testGetDefaultCipherSuitesNullVersion[6]" classname="org.apache.zookeeper.common.X509UtilTest" time="0.001"/>
  <testcase name="testLoadPKCS12KeyStoreNullPassword[6]" classname="org.apache.zookeeper.common.X509UtilTest" time="0.061"/>
  <testcase name="testLoadPEMTrustStoreNullPassword[7]" classname="org.apache.zookeeper.common.X509UtilTest" time="0.005"/>
  <testcase name="testCreateSSLContextWithoutKeyStorePassword[7]" classname="org.apache.zookeeper.common.X509UtilTest" time="0.003"/>
  <testcase name="testLoadPKCS12TrustStore[7]" classname="org.apache.zookeeper.common.X509UtilTest" time="0.23"/>
  <testcase name="testLoadPKCS12TrustStoreWithWrongPassword[7]" classname="org.apache.zookeeper.common.X509UtilTest" time="0.065"/>
  <testcase name="testClientRenegotiationFails[7]" classname="org.apache.zookeeper.common.X509UtilTest" time="0.039"/>
  <testcase name="testCRLEnabled[7]" classname="org.apache.zookeeper.common.X509UtilTest" time="0.007"/>
  <testcase name="testCreateSSLContextWithoutKeyStoreLocation[7]" classname="org.apache.zookeeper.common.X509UtilTest" time="0.006"/>
  <testcase name="testLoadPKCS12KeyStore[7]" classname="org.apache.zookeeper.common.X509UtilTest" time="0.259"/>
  <testcase name="testLoadJKSTrustStoreWithWrongPassword[7]" classname="org.apache.zookeeper.common.X509UtilTest" time="0.001"/>
  <testcase name="testLoadPKCS12TrustStoreAutodetectStoreFileType[7]" classname="org.apache.zookeeper.common.X509UtilTest" time="0.076"/>
  <testcase name="testCreateSSLServerSocketWithPort[7]" classname="org.apache.zookeeper.common.X509UtilTest" time="0.003"/>
  <testcase name="testCreateSSLContextWithCustomCipherSuites[7]" classname="org.apache.zookeeper.common.X509UtilTest" time="0.003"/>
  <testcase name="testCRLDisabled[7]" classname="org.apache.zookeeper.common.X509UtilTest" time="0.002"/>
  <testcase name="testCreateSSLContext_invalidCustomSSLContextClass[7]" classname="org.apache.zookeeper.common.X509UtilTest" time="0.001"/>
  <testcase name="testCreateSSLContextWithoutCustomProtocol[7]" classname="org.apache.zookeeper.common.X509UtilTest" time="0.001"/>
  <testcase name="testOCSPEnabled[7]" classname="org.apache.zookeeper.common.X509UtilTest" time="0.001"/>
  <testcase name="testGetDefaultCipherSuitesJava8[7]" classname="org.apache.zookeeper.common.X509UtilTest" time="0.001"/>
  <testcase name="testGetDefaultCipherSuitesJava9[7]" classname="org.apache.zookeeper.common.X509UtilTest" time="0"/>
  <testcase name="testLoadJKSKeyStoreNullPassword[7]" classname="org.apache.zookeeper.common.X509UtilTest" time="0"/>
  <testcase name="testLoadJKSKeyStoreAutodetectStoreFileType[7]" classname="org.apache.zookeeper.common.X509UtilTest" time="0.001"/>
  <testcase name="testCreateSSLContext_validCustomSSLContextClass[7]" classname="org.apache.zookeeper.common.X509UtilTest" time="0"/>
  <testcase name="testLoadPEMTrustStoreAutodetectStoreFileType[7]" classname="org.apache.zookeeper.common.X509UtilTest" time="0.004"/>
  <testcase name="testLoadJKSKeyStore[7]" classname="org.apache.zookeeper.common.X509UtilTest" time="0.001"/>
  <testcase name="testLoadJKSTrustStoreNullPassword[7]" classname="org.apache.zookeeper.common.X509UtilTest" time="0.001"/>
  <testcase name="testLoadJKSTrustStoreAutodetectStoreFileType[7]" classname="org.apache.zookeeper.common.X509UtilTest" time="0.002"/>
  <testcase name="testCreateSSLContextWithCustomProtocol[7]" classname="org.apache.zookeeper.common.X509UtilTest" time="0.002"/>
  <testcase name="testLoadJKSKeyStoreWithWrongPassword[7]" classname="org.apache.zookeeper.common.X509UtilTest" time="0.001"/>
  <testcase name="testLoadPKCS12TrustStoreNullPassword[7]" classname="org.apache.zookeeper.common.X509UtilTest" time="0"/>
  <testcase name="testGetDefaultCipherSuitesUnknownVersion[7]" classname="org.apache.zookeeper.common.X509UtilTest" time="0"/>
  <testcase name="testGetSslHandshakeDetectionTimeoutMillisProperty[7]" classname="org.apache.zookeeper.common.X509UtilTest" time="0.007"/>
  <testcase name="testLoadPKCS12KeyStoreAutodetectStoreFileType[7]" classname="org.apache.zookeeper.common.X509UtilTest" time="0.091"/>
  <testcase name="testCreateSSLSocket[7]" classname="org.apache.zookeeper.common.X509UtilTest" time="0.007"/>
  <testcase name="testLoadPEMTrustStore[7]" classname="org.apache.zookeeper.common.X509UtilTest" time="0"/>
  <testcase name="testGetDefaultCipherSuitesJava10[7]" classname="org.apache.zookeeper.common.X509UtilTest" time="0"/>
  <testcase name="testGetDefaultCipherSuitesJava11[7]" classname="org.apache.zookeeper.common.X509UtilTest" time="0"/>
  <testcase name="testLoadPEMKeyStoreNullPassword[7]" classname="org.apache.zookeeper.common.X509UtilTest" time="0"/>
  <testcase name="testLoadPEMKeyStoreAutodetectStoreFileType[7]" classname="org.apache.zookeeper.common.X509UtilTest" time="0.033"/>
  <testcase name="testLoadJKSTrustStore[7]" classname="org.apache.zookeeper.common.X509UtilTest" time="0.001"/>
  <testcase name="testLoadPEMKeyStore[7]" classname="org.apache.zookeeper.common.X509UtilTest" time="0.008"/>
  <testcase name="testLoadPKCS12KeyStoreWithWrongPassword[7]" classname="org.apache.zookeeper.common.X509UtilTest" time="0.056"/>
  <testcase name="testLoadPEMKeyStoreWithWrongPassword[7]" classname="org.apache.zookeeper.common.X509UtilTest" time="0.019"/>
  <testcase name="testCreateSSLServerSocketWithoutPort[7]" classname="org.apache.zookeeper.common.X509UtilTest" time="0.009"/>
  <testcase name="testGetDefaultCipherSuitesNullVersion[7]" classname="org.apache.zookeeper.common.X509UtilTest" time="0.001"/>
  <testcase name="testLoadPKCS12KeyStoreNullPassword[7]" classname="org.apache.zookeeper.common.X509UtilTest" time="0"/>
</testsuite>