<?xml version="1.0" encoding="UTF-8"?>
<testsuite xmlns:xsi="http://www.w3.org/2001/XMLSchema-instance" xsi:noNamespaceSchemaLocation="https://maven.apache.org/surefire/maven-surefire-plugin/xsd/surefire-test-report.xsd" name="org.apache.zookeeper.test.NioNettySuiteTest" time="780.461" tests="109" errors="0" skipped="0" failures="0">
  <properties>
    <property name="sun.desktop" value="windows"/>
    <property name="build.test.dir" value="D:\desktop\git_repo\zookeeper-read\zookeeper-server\target/surefire"/>
    <property name="awt.toolkit" value="sun.awt.windows.WToolkit"/>
    <property name="file.encoding.pkg" value="sun.io"/>
    <property name="java.specification.version" value="1.8"/>
    <property name="sun.cpu.isalist" value="amd64"/>
    <property name="sun.jnu.encoding" value="GBK"/>
    <property name="java.class.path" value="D:\desktop\git_repo\zookeeper-read\zookeeper-server\target\test-classes;D:\desktop\git_repo\zookeeper-read\zookeeper-server\target\classes;C:\Users\admin\.m2\repository\com\github\spotbugs\spotbugs-annotations\4.0.2\spotbugs-annotations-4.0.2.jar;C:\Users\admin\.m2\repository\com\google\code\findbugs\jsr305\3.0.2\jsr305-3.0.2.jar;C:\Users\admin\.m2\repository\org\hamcrest\hamcrest-all\1.3\hamcrest-all-1.3.jar;C:\Users\admin\.m2\repository\commons-collections\commons-collections\3.2.2\commons-collections-3.2.2.jar;C:\Users\admin\.m2\repository\commons-lang\commons-lang\2.6\commons-lang-2.6.jar;D:\desktop\git_repo\zookeeper-read\zookeeper-jute\target\zookeeper-jute-3.6.1.jar;C:\Users\admin\.m2\repository\commons-cli\commons-cli\1.2\commons-cli-1.2.jar;C:\Users\admin\.m2\repository\org\apache\yetus\audience-annotations\0.5.0\audience-annotations-0.5.0.jar;C:\Users\admin\.m2\repository\io\netty\netty-handler\4.1.48.Final\netty-handler-4.1.48.Final.jar;C:\Users\admin\.m2\repository\io\netty\netty-common\4.1.48.Final\netty-common-4.1.48.Final.jar;C:\Users\admin\.m2\repository\io\netty\netty-resolver\4.1.48.Final\netty-resolver-4.1.48.Final.jar;C:\Users\admin\.m2\repository\io\netty\netty-buffer\4.1.48.Final\netty-buffer-4.1.48.Final.jar;C:\Users\admin\.m2\repository\io\netty\netty-transport\4.1.48.Final\netty-transport-4.1.48.Final.jar;C:\Users\admin\.m2\repository\io\netty\netty-codec\4.1.48.Final\netty-codec-4.1.48.Final.jar;C:\Users\admin\.m2\repository\io\netty\netty-transport-native-epoll\4.1.48.Final\netty-transport-native-epoll-4.1.48.Final.jar;C:\Users\admin\.m2\repository\io\netty\netty-transport-native-unix-common\4.1.48.Final\netty-transport-native-unix-common-4.1.48.Final.jar;C:\Users\admin\.m2\repository\org\slf4j\slf4j-api\1.7.25\slf4j-api-1.7.25.jar;C:\Users\admin\.m2\repository\org\slf4j\slf4j-log4j12\1.7.25\slf4j-log4j12-1.7.25.jar;C:\Users\admin\.m2\repository\org\eclipse\jetty\jetty-server\9.4.24.v20191120\jetty-server-9.4.24.v20191120.jar;C:\Users\admin\.m2\repository\javax\servlet\javax.servlet-api\3.1.0\javax.servlet-api-3.1.0.jar;C:\Users\admin\.m2\repository\org\eclipse\jetty\jetty-http\9.4.24.v20191120\jetty-http-9.4.24.v20191120.jar;C:\Users\admin\.m2\repository\org\eclipse\jetty\jetty-util\9.4.24.v20191120\jetty-util-9.4.24.v20191120.jar;C:\Users\admin\.m2\repository\org\eclipse\jetty\jetty-io\9.4.24.v20191120\jetty-io-9.4.24.v20191120.jar;C:\Users\admin\.m2\repository\org\eclipse\jetty\jetty-servlet\9.4.24.v20191120\jetty-servlet-9.4.24.v20191120.jar;C:\Users\admin\.m2\repository\org\eclipse\jetty\jetty-security\9.4.24.v20191120\jetty-security-9.4.24.v20191120.jar;C:\Users\admin\.m2\repository\com\fasterxml\jackson\core\jackson-databind\2.10.3\jackson-databind-2.10.3.jar;C:\Users\admin\.m2\repository\com\fasterxml\jackson\core\jackson-annotations\2.10.3\jackson-annotations-2.10.3.jar;C:\Users\admin\.m2\repository\com\fasterxml\jackson\core\jackson-core\2.10.3\jackson-core-2.10.3.jar;C:\Users\admin\.m2\repository\com\googlecode\json-simple\json-simple\1.1.1\json-simple-1.1.1.jar;C:\Users\admin\.m2\repository\org\bouncycastle\bcprov-jdk15on\1.60\bcprov-jdk15on-1.60.jar;C:\Users\admin\.m2\repository\org\bouncycastle\bcpkix-jdk15on\1.60\bcpkix-jdk15on-1.60.jar;C:\Users\admin\.m2\repository\jline\jline\2.11\jline-2.11.jar;C:\Users\admin\.m2\repository\io\dropwizard\metrics\metrics-core\3.2.5\metrics-core-3.2.5.jar;C:\Users\admin\.m2\repository\log4j\log4j\1.2.17\log4j-1.2.17.jar;C:\Users\admin\.m2\repository\org\apache\kerby\kerb-core\2.0.0\kerb-core-2.0.0.jar;C:\Users\admin\.m2\repository\org\apache\kerby\kerby-pkix\2.0.0\kerby-pkix-2.0.0.jar;C:\Users\admin\.m2\repository\org\apache\kerby\kerby-asn1\2.0.0\kerby-asn1-2.0.0.jar;C:\Users\admin\.m2\repository\org\apache\kerby\kerby-util\2.0.0\kerby-util-2.0.0.jar;C:\Users\admin\.m2\repository\org\apache\kerby\kerb-simplekdc\2.0.0\kerb-simplekdc-2.0.0.jar;C:\Users\admin\.m2\repository\org\apache\kerby\kerb-client\2.0.0\kerb-client-2.0.0.jar;C:\Users\admin\.m2\repository\org\apache\kerby\kerb-common\2.0.0\kerb-common-2.0.0.jar;C:\Users\admin\.m2\repository\org\apache\kerby\kerb-crypto\2.0.0\kerb-crypto-2.0.0.jar;C:\Users\admin\.m2\repository\commons-io\commons-io\2.6\commons-io-2.6.jar;C:\Users\admin\.m2\repository\org\apache\kerby\kerb-util\2.0.0\kerb-util-2.0.0.jar;C:\Users\admin\.m2\repository\org\apache\kerby\token-provider\2.0.0\token-provider-2.0.0.jar;C:\Users\admin\.m2\repository\com\nimbusds\nimbus-jose-jwt\4.41.2\nimbus-jose-jwt-4.41.2.jar;C:\Users\admin\.m2\repository\com\github\stephenc\jcip\jcip-annotations\1.0-1\jcip-annotations-1.0-1.jar;C:\Users\admin\.m2\repository\net\minidev\json-smart\2.3\json-smart-2.3.jar;C:\Users\admin\.m2\repository\net\minidev\accessors-smart\1.2\accessors-smart-1.2.jar;C:\Users\admin\.m2\repository\org\ow2\asm\asm\5.0.4\asm-5.0.4.jar;C:\Users\admin\.m2\repository\org\apache\kerby\kerb-admin\2.0.0\kerb-admin-2.0.0.jar;C:\Users\admin\.m2\repository\org\apache\kerby\kerb-server\2.0.0\kerb-server-2.0.0.jar;C:\Users\admin\.m2\repository\org\apache\kerby\kerb-identity\2.0.0\kerb-identity-2.0.0.jar;C:\Users\admin\.m2\repository\org\apache\kerby\kerby-xdr\2.0.0\kerby-xdr-2.0.0.jar;C:\Users\admin\.m2\repository\org\apache\kerby\kerby-config\2.0.0\kerby-config-2.0.0.jar;C:\Users\admin\.m2\repository\org\mockito\mockito-core\2.27.0\mockito-core-2.27.0.jar;C:\Users\admin\.m2\repository\net\bytebuddy\byte-buddy\1.9.10\byte-buddy-1.9.10.jar;C:\Users\admin\.m2\repository\net\bytebuddy\byte-buddy-agent\1.9.10\byte-buddy-agent-1.9.10.jar;C:\Users\admin\.m2\repository\org\objenesis\objenesis\2.6\objenesis-2.6.jar;C:\Users\admin\.m2\repository\org\jmockit\jmockit\1.48\jmockit-1.48.jar;C:\Users\admin\.m2\repository\junit\junit\4.12\junit-4.12.jar;C:\Users\admin\.m2\repository\org\hamcrest\hamcrest-core\1.3\hamcrest-core-1.3.jar;C:\Users\admin\.m2\repository\org\xerial\snappy\snappy-java\1.1.7\snappy-java-1.1.7.jar;"/>
    <property name="java.vm.vendor" value="Oracle Corporation"/>
    <property name="sun.arch.data.model" value="64"/>
    <property name="user.variant" value=""/>
    <property name="java.vendor.url" value="http://java.oracle.com/"/>
    <property name="user.timezone" value="Asia/Shanghai"/>
    <property name="java.vm.specification.version" value="1.8"/>
    <property name="os.name" value="Windows 10"/>
    <property name="user.country" value="CN"/>
    <property name="sun.java.launcher" value="SUN_STANDARD"/>
    <property name="sun.boot.library.path" value="D:\Program Files\RedHat\java-1.8.0-openjdk-1.8.0.252-2\jre\bin"/>
    <property name="sun.java.command" value="C:\Users\admin\AppData\Local\Temp\surefire817669169469973491\surefirebooter3911381132859573426.jar C:\Users\admin\AppData\Local\Temp\surefire817669169469973491 2020-06-22T14-04-30_671-jvmRun8 surefire6134462900616261934tmp surefire_2177336030253118217283tmp"/>
    <property name="surefire.test.class.path" value="D:\desktop\git_repo\zookeeper-read\zookeeper-server\target\test-classes;D:\desktop\git_repo\zookeeper-read\zookeeper-server\target\classes;C:\Users\admin\.m2\repository\com\github\spotbugs\spotbugs-annotations\4.0.2\spotbugs-annotations-4.0.2.jar;C:\Users\admin\.m2\repository\com\google\code\findbugs\jsr305\3.0.2\jsr305-3.0.2.jar;C:\Users\admin\.m2\repository\org\hamcrest\hamcrest-all\1.3\hamcrest-all-1.3.jar;C:\Users\admin\.m2\repository\commons-collections\commons-collections\3.2.2\commons-collections-3.2.2.jar;C:\Users\admin\.m2\repository\commons-lang\commons-lang\2.6\commons-lang-2.6.jar;D:\desktop\git_repo\zookeeper-read\zookeeper-jute\target\zookeeper-jute-3.6.1.jar;C:\Users\admin\.m2\repository\commons-cli\commons-cli\1.2\commons-cli-1.2.jar;C:\Users\admin\.m2\repository\org\apache\yetus\audience-annotations\0.5.0\audience-annotations-0.5.0.jar;C:\Users\admin\.m2\repository\io\netty\netty-handler\4.1.48.Final\netty-handler-4.1.48.Final.jar;C:\Users\admin\.m2\repository\io\netty\netty-common\4.1.48.Final\netty-common-4.1.48.Final.jar;C:\Users\admin\.m2\repository\io\netty\netty-resolver\4.1.48.Final\netty-resolver-4.1.48.Final.jar;C:\Users\admin\.m2\repository\io\netty\netty-buffer\4.1.48.Final\netty-buffer-4.1.48.Final.jar;C:\Users\admin\.m2\repository\io\netty\netty-transport\4.1.48.Final\netty-transport-4.1.48.Final.jar;C:\Users\admin\.m2\repository\io\netty\netty-codec\4.1.48.Final\netty-codec-4.1.48.Final.jar;C:\Users\admin\.m2\repository\io\netty\netty-transport-native-epoll\4.1.48.Final\netty-transport-native-epoll-4.1.48.Final.jar;C:\Users\admin\.m2\repository\io\netty\netty-transport-native-unix-common\4.1.48.Final\netty-transport-native-unix-common-4.1.48.Final.jar;C:\Users\admin\.m2\repository\org\slf4j\slf4j-api\1.7.25\slf4j-api-1.7.25.jar;C:\Users\admin\.m2\repository\org\slf4j\slf4j-log4j12\1.7.25\slf4j-log4j12-1.7.25.jar;C:\Users\admin\.m2\repository\org\eclipse\jetty\jetty-server\9.4.24.v20191120\jetty-server-9.4.24.v20191120.jar;C:\Users\admin\.m2\repository\javax\servlet\javax.servlet-api\3.1.0\javax.servlet-api-3.1.0.jar;C:\Users\admin\.m2\repository\org\eclipse\jetty\jetty-http\9.4.24.v20191120\jetty-http-9.4.24.v20191120.jar;C:\Users\admin\.m2\repository\org\eclipse\jetty\jetty-util\9.4.24.v20191120\jetty-util-9.4.24.v20191120.jar;C:\Users\admin\.m2\repository\org\eclipse\jetty\jetty-io\9.4.24.v20191120\jetty-io-9.4.24.v20191120.jar;C:\Users\admin\.m2\repository\org\eclipse\jetty\jetty-servlet\9.4.24.v20191120\jetty-servlet-9.4.24.v20191120.jar;C:\Users\admin\.m2\repository\org\eclipse\jetty\jetty-security\9.4.24.v20191120\jetty-security-9.4.24.v20191120.jar;C:\Users\admin\.m2\repository\com\fasterxml\jackson\core\jackson-databind\2.10.3\jackson-databind-2.10.3.jar;C:\Users\admin\.m2\repository\com\fasterxml\jackson\core\jackson-annotations\2.10.3\jackson-annotations-2.10.3.jar;C:\Users\admin\.m2\repository\com\fasterxml\jackson\core\jackson-core\2.10.3\jackson-core-2.10.3.jar;C:\Users\admin\.m2\repository\com\googlecode\json-simple\json-simple\1.1.1\json-simple-1.1.1.jar;C:\Users\admin\.m2\repository\org\bouncycastle\bcprov-jdk15on\1.60\bcprov-jdk15on-1.60.jar;C:\Users\admin\.m2\repository\org\bouncycastle\bcpkix-jdk15on\1.60\bcpkix-jdk15on-1.60.jar;C:\Users\admin\.m2\repository\jline\jline\2.11\jline-2.11.jar;C:\Users\admin\.m2\repository\io\dropwizard\metrics\metrics-core\3.2.5\metrics-core-3.2.5.jar;C:\Users\admin\.m2\repository\log4j\log4j\1.2.17\log4j-1.2.17.jar;C:\Users\admin\.m2\repository\org\apache\kerby\kerb-core\2.0.0\kerb-core-2.0.0.jar;C:\Users\admin\.m2\repository\org\apache\kerby\kerby-pkix\2.0.0\kerby-pkix-2.0.0.jar;C:\Users\admin\.m2\repository\org\apache\kerby\kerby-asn1\2.0.0\kerby-asn1-2.0.0.jar;C:\Users\admin\.m2\repository\org\apache\kerby\kerby-util\2.0.0\kerby-util-2.0.0.jar;C:\Users\admin\.m2\repository\org\apache\kerby\kerb-simplekdc\2.0.0\kerb-simplekdc-2.0.0.jar;C:\Users\admin\.m2\repository\org\apache\kerby\kerb-client\2.0.0\kerb-client-2.0.0.jar;C:\Users\admin\.m2\repository\org\apache\kerby\kerb-common\2.0.0\kerb-common-2.0.0.jar;C:\Users\admin\.m2\repository\org\apache\kerby\kerb-crypto\2.0.0\kerb-crypto-2.0.0.jar;C:\Users\admin\.m2\repository\commons-io\commons-io\2.6\commons-io-2.6.jar;C:\Users\admin\.m2\repository\org\apache\kerby\kerb-util\2.0.0\kerb-util-2.0.0.jar;C:\Users\admin\.m2\repository\org\apache\kerby\token-provider\2.0.0\token-provider-2.0.0.jar;C:\Users\admin\.m2\repository\com\nimbusds\nimbus-jose-jwt\4.41.2\nimbus-jose-jwt-4.41.2.jar;C:\Users\admin\.m2\repository\com\github\stephenc\jcip\jcip-annotations\1.0-1\jcip-annotations-1.0-1.jar;C:\Users\admin\.m2\repository\net\minidev\json-smart\2.3\json-smart-2.3.jar;C:\Users\admin\.m2\repository\net\minidev\accessors-smart\1.2\accessors-smart-1.2.jar;C:\Users\admin\.m2\repository\org\ow2\asm\asm\5.0.4\asm-5.0.4.jar;C:\Users\admin\.m2\repository\org\apache\kerby\kerb-admin\2.0.0\kerb-admin-2.0.0.jar;C:\Users\admin\.m2\repository\org\apache\kerby\kerb-server\2.0.0\kerb-server-2.0.0.jar;C:\Users\admin\.m2\repository\org\apache\kerby\kerb-identity\2.0.0\kerb-identity-2.0.0.jar;C:\Users\admin\.m2\repository\org\apache\kerby\kerby-xdr\2.0.0\kerby-xdr-2.0.0.jar;C:\Users\admin\.m2\repository\org\apache\kerby\kerby-config\2.0.0\kerby-config-2.0.0.jar;C:\Users\admin\.m2\repository\org\mockito\mockito-core\2.27.0\mockito-core-2.27.0.jar;C:\Users\admin\.m2\repository\net\bytebuddy\byte-buddy\1.9.10\byte-buddy-1.9.10.jar;C:\Users\admin\.m2\repository\net\bytebuddy\byte-buddy-agent\1.9.10\byte-buddy-agent-1.9.10.jar;C:\Users\admin\.m2\repository\org\objenesis\objenesis\2.6\objenesis-2.6.jar;C:\Users\admin\.m2\repository\org\jmockit\jmockit\1.48\jmockit-1.48.jar;C:\Users\admin\.m2\repository\junit\junit\4.12\junit-4.12.jar;C:\Users\admin\.m2\repository\org\hamcrest\hamcrest-core\1.3\hamcrest-core-1.3.jar;C:\Users\admin\.m2\repository\org\xerial\snappy\snappy-java\1.1.7\snappy-java-1.1.7.jar;"/>
    <property name="sun.cpu.endian" value="little"/>
    <property name="user.home" value="C:\Users\admin"/>
    <property name="user.language" value="zh"/>
    <property name="java.specification.vendor" value="Oracle Corporation"/>
    <property name="java.home" value="D:\Program Files\RedHat\java-1.8.0-openjdk-1.8.0.252-2\jre"/>
    <property name="zookeeper.DigestAuthenticationProvider.superDigest" value="super:D/InIHSb7yEEbrWz8b9l71RjZJU="/>
    <property name="basedir" value="D:\desktop\git_repo\zookeeper-read\zookeeper-server"/>
    <property name="file.separator" value="\"/>
    <property name="line.separator" value="&#10;"/>
    <property name="java.vm.specification.vendor" value="Oracle Corporation"/>
    <property name="java.specification.name" value="Java Platform API Specification"/>
    <property name="java.awt.graphicsenv" value="sun.awt.Win32GraphicsEnvironment"/>
    <property name="test.junit.threads" value="8"/>
    <property name="idea.version2020.1.1" value="true"/>
    <property name="surefire.real.class.path" value="C:\Users\admin\AppData\Local\Temp\surefire817669169469973491\surefirebooter3911381132859573426.jar;C:\Users\admin\.m2\repository\org\jmockit\jmockit\1.48\jmockit-1.48.jar"/>
    <property name="zookeeper.junit.threadid" value="8"/>
    <property name="sun.boot.class.path" value="D:\Program Files\RedHat\java-1.8.0-openjdk-1.8.0.252-2\jre\lib\resources.jar;D:\Program Files\RedHat\java-1.8.0-openjdk-1.8.0.252-2\jre\lib\rt.jar;D:\Program Files\RedHat\java-1.8.0-openjdk-1.8.0.252-2\jre\lib\sunrsasign.jar;D:\Program Files\RedHat\java-1.8.0-openjdk-1.8.0.252-2\jre\lib\jsse.jar;D:\Program Files\RedHat\java-1.8.0-openjdk-1.8.0.252-2\jre\lib\jce.jar;D:\Program Files\RedHat\java-1.8.0-openjdk-1.8.0.252-2\jre\lib\charsets.jar;D:\Program Files\RedHat\java-1.8.0-openjdk-1.8.0.252-2\jre\lib\jfr.jar;D:\Program Files\RedHat\java-1.8.0-openjdk-1.8.0.252-2\jre\classes"/>
    <property name="user.script" value=""/>
    <property name="sun.management.compiler" value="HotSpot 64-Bit Tiered Compilers"/>
    <property name="java.runtime.version" value="1.8.0_252-b09"/>
    <property name="user.name" value="admin"/>
    <property name="path.separator" value=";"/>
    <property name="os.version" value="10.0"/>
    <property name="java.endorsed.dirs" value="D:\Program Files\RedHat\java-1.8.0-openjdk-1.8.0.252-2\jre\lib\endorsed"/>
    <property name="java.runtime.name" value="OpenJDK Runtime Environment"/>
    <property name="file.encoding" value="GBK"/>
    <property name="java.vm.name" value="OpenJDK 64-Bit Server VM"/>
    <property name="localRepository" value="C:\Users\admin\.m2\repository"/>
    <property name="java.vendor.url.bug" value="http://bugreport.sun.com/bugreport/"/>
    <property name="java.io.tmpdir" value="C:\Users\admin\AppData\Local\Temp\"/>
    <property name="java.version" value="1.8.0_252"/>
    <property name="user.dir" value="D:\desktop\git_repo\zookeeper-read\zookeeper-server"/>
    <property name="os.arch" value="amd64"/>
    <property name="java.vm.specification.name" value="Java Virtual Machine Specification"/>
    <property name="java.awt.printerjob" value="sun.awt.windows.WPrinterJob"/>
    <property name="sun.os.patch.level" value=""/>
    <property name="java.library.path" value="D:\Program Files\RedHat\java-1.8.0-openjdk-1.8.0.252-2\jre\bin;C:\Windows\Sun\Java\bin;C:\Windows\system32;C:\Windows;D:\Program Files (x86)\NetSarang\Xshell 6\;C:\Windows\system32;C:\Windows;C:\Windows\System32\Wbem;C:\Windows\System32\WindowsPowerShell\v1.0\;C:\Windows\System32\OpenSSH\;C:\Program Files (x86)\NVIDIA Corporation\PhysX\Common;C:\Program Files\NVIDIA Corporation\NVIDIA NvDLISR;D:\Program Files\RedHat\java-1.8.0-openjdk-1.8.0.252-2\bin;D:\Program Files\RedHat\java-1.8.0-openjdk-1.8.0.252-2\jre\bin;D:\Program Files\Git\cmd;D:\Go\bin;D:\Program Files\nodejs\;C:\Users\admin\AppData\Local\Microsoft\WindowsApps;;D:\Programs\Microsoft VS Code\bin;C:\Users\admin\go\bin;C:\Users\admin\AppData\Roaming\npm;."/>
    <property name="java.vm.info" value="mixed mode"/>
    <property name="java.vendor" value="Oracle Corporation"/>
    <property name="java.vm.version" value="25.252-b09"/>
    <property name="java.ext.dirs" value="D:\Program Files\RedHat\java-1.8.0-openjdk-1.8.0.252-2\jre\lib\ext;C:\Windows\Sun\Java\lib\ext"/>
    <property name="sun.io.unicode.encoding" value="UnicodeLittle"/>
    <property name="java.class.version" value="52.0"/>
  </properties>
  <testcase name="testNettyIpAuthDefault" classname="org.apache.zookeeper.test.ACLTest" time="3.902"/>
  <testcase name="testAcls" classname="org.apache.zookeeper.test.ACLTest" time="7.495"/>
  <testcase name="testIPAuthenticationIsValidCIDR" classname="org.apache.zookeeper.test.ACLTest" time="0.002"/>
  <testcase name="testNullValueACL" classname="org.apache.zookeeper.test.ACLTest" time="2.141"/>
  <testcase name="testDisconnectedAddAuth" classname="org.apache.zookeeper.test.ACLTest" time="2.144"/>
  <testcase name="testNullACL" classname="org.apache.zookeeper.test.ACLTest" time="2.136"/>
  <testcase name="testAsyncMulti" classname="org.apache.zookeeper.test.AsyncOpsTest" time="2.257"/>
  <testcase name="testAsyncMultiSequential_NoSideEffect" classname="org.apache.zookeeper.test.AsyncOpsTest" time="2.173"/>
  <testcase name="testAsyncGetChildrenEmpty" classname="org.apache.zookeeper.test.AsyncOpsTest" time="2.276"/>
  <testcase name="testAsyncSetACLFailure_BadVersion" classname="org.apache.zookeeper.test.AsyncOpsTest" time="2.148"/>
  <testcase name="testAsyncCreate" classname="org.apache.zookeeper.test.AsyncOpsTest" time="2.137"/>
  <testcase name="testAsyncDelete" classname="org.apache.zookeeper.test.AsyncOpsTest" time="2.14"/>
  <testcase name="testAsyncGetChildren2Failure_NoNode" classname="org.apache.zookeeper.test.AsyncOpsTest" time="2.14"/>
  <testcase name="testAsyncExists" classname="org.apache.zookeeper.test.AsyncOpsTest" time="2.133"/>
  <testcase name="testAsyncGetDataFailure_NoNode" classname="org.apache.zookeeper.test.AsyncOpsTest" time="2.134"/>
  <testcase name="testAsyncGetACL" classname="org.apache.zookeeper.test.AsyncOpsTest" time="2.147"/>
  <testcase name="testAsyncCreate2Failure_NoNode" classname="org.apache.zookeeper.test.AsyncOpsTest" time="2.125"/>
  <testcase name="testAsyncCreateFailure_NoNode" classname="org.apache.zookeeper.test.AsyncOpsTest" time="2.138"/>
  <testcase name="testAsyncSetACL" classname="org.apache.zookeeper.test.AsyncOpsTest" time="2.15"/>
  <testcase name="testAsyncMultiFailure_NoSideEffect" classname="org.apache.zookeeper.test.AsyncOpsTest" time="2.146"/>
  <testcase name="testAsyncGetData" classname="org.apache.zookeeper.test.AsyncOpsTest" time="2.148"/>
  <testcase name="testAsyncSync" classname="org.apache.zookeeper.test.AsyncOpsTest" time="2.155"/>
  <testcase name="testAsyncGetChildren2Two" classname="org.apache.zookeeper.test.AsyncOpsTest" time="2.18"/>
  <testcase name="testAsyncCreateFailure_NoChildForEphemeral" classname="org.apache.zookeeper.test.AsyncOpsTest" time="2.225"/>
  <testcase name="testAsyncDeleteFailure_BadVersion" classname="org.apache.zookeeper.test.AsyncOpsTest" time="2.194"/>
  <testcase name="testAsyncDeleteFailure_NoNode" classname="org.apache.zookeeper.test.AsyncOpsTest" time="2.181"/>
  <testcase name="testAsyncSetDataFailure_BadVersion" classname="org.apache.zookeeper.test.AsyncOpsTest" time="2.179"/>
  <testcase name="testAsyncGetChildrenFailure_NoNode" classname="org.apache.zookeeper.test.AsyncOpsTest" time="2.405"/>
  <testcase name="testAsyncCreate2" classname="org.apache.zookeeper.test.AsyncOpsTest" time="2.194"/>
  <testcase name="testAsyncExistsFailure_NoNode" classname="org.apache.zookeeper.test.AsyncOpsTest" time="2.143"/>
  <testcase name="testAsyncGetChildren2Empty" classname="org.apache.zookeeper.test.AsyncOpsTest" time="2.145"/>
  <testcase name="testAsyncCreateThree" classname="org.apache.zookeeper.test.AsyncOpsTest" time="2.142"/>
  <testcase name="testAsyncMultiFailure_AllErrorResult" classname="org.apache.zookeeper.test.AsyncOpsTest" time="2.179"/>
  <testcase name="testAsyncGetChildrenTwo" classname="org.apache.zookeeper.test.AsyncOpsTest" time="2.42"/>
  <testcase name="testAsyncCreateFailure_NodeExists" classname="org.apache.zookeeper.test.AsyncOpsTest" time="2.165"/>
  <testcase name="testAsyncCreate2Failure_NoChildForEphemeral" classname="org.apache.zookeeper.test.AsyncOpsTest" time="2.289"/>
  <testcase name="testAsyncSetData" classname="org.apache.zookeeper.test.AsyncOpsTest" time="2.266"/>
  <testcase name="testAsyncSetDataFailure_NoNode" classname="org.apache.zookeeper.test.AsyncOpsTest" time="2.416"/>
  <testcase name="testAsyncSetACLFailure_NoNode" classname="org.apache.zookeeper.test.AsyncOpsTest" time="2.145"/>
  <testcase name="testAsyncDeleteFailure_NotEmpty" classname="org.apache.zookeeper.test.AsyncOpsTest" time="4.239"/>
  <testcase name="testAsyncGetChildrenSingle" classname="org.apache.zookeeper.test.AsyncOpsTest" time="2.402"/>
  <testcase name="testAsyncCreate2Failure_NodeExists" classname="org.apache.zookeeper.test.AsyncOpsTest" time="2.168"/>
  <testcase name="testAsyncGetACLFailure_NoNode" classname="org.apache.zookeeper.test.AsyncOpsTest" time="2.14"/>
  <testcase name="testAsyncGetChildren2Single" classname="org.apache.zookeeper.test.AsyncOpsTest" time="2.144"/>
  <testcase name="testPing" classname="org.apache.zookeeper.test.ChrootClientTest" time="2.137"/>
  <testcase name="testTryWithResources" classname="org.apache.zookeeper.test.ChrootClientTest" time="2.263"/>
  <testcase name="testACLs" classname="org.apache.zookeeper.test.ChrootClientTest" time="2.484"/>
  <testcase name="testClientCleanup" classname="org.apache.zookeeper.test.ChrootClientTest" time="2.14"/>
  <testcase name="testClientwithoutWatcherObj" classname="org.apache.zookeeper.test.ChrootClientTest" time="4.518"/>
  <testcase name="testSequentialNodeData" classname="org.apache.zookeeper.test.ChrootClientTest" time="2.271"/>
  <testcase name="testSequentialNodeNames" classname="org.apache.zookeeper.test.ChrootClientTest" time="2.425"/>
  <testcase name="testClientWithWatcherObj" classname="org.apache.zookeeper.test.ChrootClientTest" time="4.539"/>
  <testcase name="testTestability" classname="org.apache.zookeeper.test.ChrootClientTest" time="2.243"/>
  <testcase name="testNullAuthId" classname="org.apache.zookeeper.test.ChrootClientTest" time="2.47"/>
  <testcase name="testNonExistingOpCode" classname="org.apache.zookeeper.test.ChrootClientTest" time="3.799"/>
  <testcase name="testDeleteWithChildren" classname="org.apache.zookeeper.test.ChrootClientTest" time="2.274"/>
  <testcase name="testPathValidation" classname="org.apache.zookeeper.test.ChrootClientTest" time="2.388"/>
  <testcase name="testLargeNodeData" classname="org.apache.zookeeper.test.ChrootClientTest" time="2.321"/>
  <testcase name="testMutipleWatcherObjs" classname="org.apache.zookeeper.test.ChrootClientTest" time="4.785"/>
  <testcase name="testCXidRollover" classname="org.apache.zookeeper.test.ChrootClientTest" time="2.328"/>
  <testcase name="testTryWithResources" classname="org.apache.zookeeper.test.ClientTest" time="2.428"/>
  <testcase name="testACLs" classname="org.apache.zookeeper.test.ClientTest" time="2.703"/>
  <testcase name="testPing" classname="org.apache.zookeeper.test.ClientTest" time="12.352"/>
  <testcase name="testClientCleanup" classname="org.apache.zookeeper.test.ClientTest" time="2.026"/>
  <testcase name="testClientwithoutWatcherObj" classname="org.apache.zookeeper.test.ClientTest" time="4.281"/>
  <testcase name="testSequentialNodeData" classname="org.apache.zookeeper.test.ClientTest" time="2.134"/>
  <testcase name="testSequentialNodeNames" classname="org.apache.zookeeper.test.ClientTest" time="2.226"/>
  <testcase name="testClientWithWatcherObj" classname="org.apache.zookeeper.test.ClientTest" time="4.299"/>
  <testcase name="testTestability" classname="org.apache.zookeeper.test.ClientTest" time="2.151"/>
  <testcase name="testNullAuthId" classname="org.apache.zookeeper.test.ClientTest" time="2.362"/>
  <testcase name="testNonExistingOpCode" classname="org.apache.zookeeper.test.ClientTest" time="3.89"/>
  <testcase name="testDeleteWithChildren" classname="org.apache.zookeeper.test.ClientTest" time="2.15"/>
  <testcase name="testPathValidation" classname="org.apache.zookeeper.test.ClientTest" time="2.148"/>
  <testcase name="testLargeNodeData" classname="org.apache.zookeeper.test.ClientTest" time="2.147"/>
  <testcase name="testMutipleWatcherObjs" classname="org.apache.zookeeper.test.ClientTest" time="2.89"/>
  <testcase name="testCXidRollover" classname="org.apache.zookeeper.test.ClientTest" time="2.188"/>
  <testcase name="testFourLetterWords" classname="org.apache.zookeeper.test.FourLetterWordsTest" time="2.325"/>
  <testcase name="testSetTraceMask" classname="org.apache.zookeeper.test.FourLetterWordsTest" time="2.023"/>
  <testcase name="testValidateConsOutput" classname="org.apache.zookeeper.test.FourLetterWordsTest" time="2.297"/>
  <testcase name="testValidateSocketTimeout" classname="org.apache.zookeeper.test.FourLetterWordsTest" time="2.038"/>
  <testcase name="testValidateStatOutput" classname="org.apache.zookeeper.test.FourLetterWordsTest" time="2.245"/>
  <testcase name="testNullData" classname="org.apache.zookeeper.test.NullDataTest" time="2.147"/>
  <testcase name="testQuorumSystemChange" classname="org.apache.zookeeper.test.ReconfigTest" time="59.379"/>
  <testcase name="testPortChange" classname="org.apache.zookeeper.test.ReconfigTest" time="72.026"/>
  <testcase name="testPortChangeToBlockedPortLeader" classname="org.apache.zookeeper.test.ReconfigTest" time="80.249"/>
  <testcase name="testUnspecifiedClientAddress" classname="org.apache.zookeeper.test.ReconfigTest" time="0.001"/>
  <testcase name="testInitialConfigHasPositiveVersion" classname="org.apache.zookeeper.test.ReconfigTest" time="12.694"/>
  <testcase name="testRemoveAddOne" classname="org.apache.zookeeper.test.ReconfigTest" time="16.07"/>
  <testcase name="testRemoveAddTwo" classname="org.apache.zookeeper.test.ReconfigTest" time="40.327"/>
  <testcase name="testPortChangeToBlockedPortFollower" classname="org.apache.zookeeper.test.ReconfigTest" time="79.543"/>
  <testcase name="testJMXBeanAfterRemoveAddOne" classname="org.apache.zookeeper.test.ReconfigTest" time="13.054"/>
  <testcase name="testRoleChange" classname="org.apache.zookeeper.test.ReconfigTest" time="22.354"/>
  <testcase name="testBulkReconfig" classname="org.apache.zookeeper.test.ReconfigTest" time="51.752"/>
  <testcase name="testJMXBeanAfterRoleChange" classname="org.apache.zookeeper.test.ReconfigTest" time="15.302"/>
  <testcase name="testRemoveOneAsynchronous" classname="org.apache.zookeeper.test.ReconfigTest" time="22.034"/>
  <testcase name="testMinMaxSessionTimeout" classname="org.apache.zookeeper.test.SessionTest" time="2.335"/>
  <testcase name="testSessionMove" classname="org.apache.zookeeper.test.SessionTest" time="2.334"/>
  <testcase name="testMaximumCnxnPerIP" classname="org.apache.zookeeper.test.SessionTest" time="5.035"/>
  <testcase name="testSessionTimeoutAccess" classname="org.apache.zookeeper.test.SessionTest" time="2.335"/>
  <testcase name="testSession" classname="org.apache.zookeeper.test.SessionTest" time="2.434"/>
  <testcase name="testSessionStateNoDupStateReporting" classname="org.apache.zookeeper.test.SessionTest" time="13.12"/>
  <testcase name="testWatchAutoResetWithPending" classname="org.apache.zookeeper.test.WatcherTest" time="6.664"/>
  <testcase name="testWatcherCorrectness" classname="org.apache.zookeeper.test.WatcherTest" time="2.163"/>
  <testcase name="testWatcherAutoResetDisabledWithLocal" classname="org.apache.zookeeper.test.WatcherTest" time="9.727"/>
  <testcase name="testWatcherAutoResetWithGlobal" classname="org.apache.zookeeper.test.WatcherTest" time="9.82"/>
  <testcase name="testWatcherDisconnectOnClose" classname="org.apache.zookeeper.test.WatcherTest" time="2.132"/>
  <testcase name="testWatcherCount" classname="org.apache.zookeeper.test.WatcherTest" time="2.232"/>
  <testcase name="testWatcherAutoResetDisabledWithGlobal" classname="org.apache.zookeeper.test.WatcherTest" time="9.881"/>
  <testcase name="testWatcherAutoResetWithLocal" classname="org.apache.zookeeper.test.WatcherTest" time="10.717"/>
</testsuite>