<?xml version="1.0" encoding="UTF-8"?>
<testsuite xmlns:xsi="http://www.w3.org/2001/XMLSchema-instance" xsi:noNamespaceSchemaLocation="https://maven.apache.org/surefire/maven-surefire-plugin/xsd/surefire-test-report.xsd" name="org.apache.zookeeper.test.SaslDigestAuthOverSSLTest" time="33.694" tests="1" errors="0" skipped="0" failures="1">
  <properties>
    <property name="sun.desktop" value="windows"/>
    <property name="build.test.dir" value="D:\desktop\git_repo\zookeeper-read\zookeeper-server\target/surefire"/>
    <property name="awt.toolkit" value="sun.awt.windows.WToolkit"/>
    <property name="file.encoding.pkg" value="sun.io"/>
    <property name="java.specification.version" value="1.8"/>
    <property name="sun.cpu.isalist" value="amd64"/>
    <property name="sun.jnu.encoding" value="GBK"/>
    <property name="java.class.path" value="D:\desktop\git_repo\zookeeper-read\zookeeper-server\target\test-classes;D:\desktop\git_repo\zookeeper-read\zookeeper-server\target\classes;C:\Users\admin\.m2\repository\com\github\spotbugs\spotbugs-annotations\4.0.2\spotbugs-annotations-4.0.2.jar;C:\Users\admin\.m2\repository\com\google\code\findbugs\jsr305\3.0.2\jsr305-3.0.2.jar;C:\Users\admin\.m2\repository\org\hamcrest\hamcrest-all\1.3\hamcrest-all-1.3.jar;C:\Users\admin\.m2\repository\commons-collections\commons-collections\3.2.2\commons-collections-3.2.2.jar;C:\Users\admin\.m2\repository\commons-lang\commons-lang\2.6\commons-lang-2.6.jar;D:\desktop\git_repo\zookeeper-read\zookeeper-jute\target\zookeeper-jute-3.6.1.jar;C:\Users\admin\.m2\repository\commons-cli\commons-cli\1.2\commons-cli-1.2.jar;C:\Users\admin\.m2\repository\org\apache\yetus\audience-annotations\0.5.0\audience-annotations-0.5.0.jar;C:\Users\admin\.m2\repository\io\netty\netty-handler\4.1.48.Final\netty-handler-4.1.48.Final.jar;C:\Users\admin\.m2\repository\io\netty\netty-common\4.1.48.Final\netty-common-4.1.48.Final.jar;C:\Users\admin\.m2\repository\io\netty\netty-resolver\4.1.48.Final\netty-resolver-4.1.48.Final.jar;C:\Users\admin\.m2\repository\io\netty\netty-buffer\4.1.48.Final\netty-buffer-4.1.48.Final.jar;C:\Users\admin\.m2\repository\io\netty\netty-transport\4.1.48.Final\netty-transport-4.1.48.Final.jar;C:\Users\admin\.m2\repository\io\netty\netty-codec\4.1.48.Final\netty-codec-4.1.48.Final.jar;C:\Users\admin\.m2\repository\io\netty\netty-transport-native-epoll\4.1.48.Final\netty-transport-native-epoll-4.1.48.Final.jar;C:\Users\admin\.m2\repository\io\netty\netty-transport-native-unix-common\4.1.48.Final\netty-transport-native-unix-common-4.1.48.Final.jar;C:\Users\admin\.m2\repository\org\slf4j\slf4j-api\1.7.25\slf4j-api-1.7.25.jar;C:\Users\admin\.m2\repository\org\slf4j\slf4j-log4j12\1.7.25\slf4j-log4j12-1.7.25.jar;C:\Users\admin\.m2\repository\org\eclipse\jetty\jetty-server\9.4.24.v20191120\jetty-server-9.4.24.v20191120.jar;C:\Users\admin\.m2\repository\javax\servlet\javax.servlet-api\3.1.0\javax.servlet-api-3.1.0.jar;C:\Users\admin\.m2\repository\org\eclipse\jetty\jetty-http\9.4.24.v20191120\jetty-http-9.4.24.v20191120.jar;C:\Users\admin\.m2\repository\org\eclipse\jetty\jetty-util\9.4.24.v20191120\jetty-util-9.4.24.v20191120.jar;C:\Users\admin\.m2\repository\org\eclipse\jetty\jetty-io\9.4.24.v20191120\jetty-io-9.4.24.v20191120.jar;C:\Users\admin\.m2\repository\org\eclipse\jetty\jetty-servlet\9.4.24.v20191120\jetty-servlet-9.4.24.v20191120.jar;C:\Users\admin\.m2\repository\org\eclipse\jetty\jetty-security\9.4.24.v20191120\jetty-security-9.4.24.v20191120.jar;C:\Users\admin\.m2\repository\com\fasterxml\jackson\core\jackson-databind\2.10.3\jackson-databind-2.10.3.jar;C:\Users\admin\.m2\repository\com\fasterxml\jackson\core\jackson-annotations\2.10.3\jackson-annotations-2.10.3.jar;C:\Users\admin\.m2\repository\com\fasterxml\jackson\core\jackson-core\2.10.3\jackson-core-2.10.3.jar;C:\Users\admin\.m2\repository\com\googlecode\json-simple\json-simple\1.1.1\json-simple-1.1.1.jar;C:\Users\admin\.m2\repository\org\bouncycastle\bcprov-jdk15on\1.60\bcprov-jdk15on-1.60.jar;C:\Users\admin\.m2\repository\org\bouncycastle\bcpkix-jdk15on\1.60\bcpkix-jdk15on-1.60.jar;C:\Users\admin\.m2\repository\jline\jline\2.11\jline-2.11.jar;C:\Users\admin\.m2\repository\io\dropwizard\metrics\metrics-core\3.2.5\metrics-core-3.2.5.jar;C:\Users\admin\.m2\repository\log4j\log4j\1.2.17\log4j-1.2.17.jar;C:\Users\admin\.m2\repository\org\apache\kerby\kerb-core\2.0.0\kerb-core-2.0.0.jar;C:\Users\admin\.m2\repository\org\apache\kerby\kerby-pkix\2.0.0\kerby-pkix-2.0.0.jar;C:\Users\admin\.m2\repository\org\apache\kerby\kerby-asn1\2.0.0\kerby-asn1-2.0.0.jar;C:\Users\admin\.m2\repository\org\apache\kerby\kerby-util\2.0.0\kerby-util-2.0.0.jar;C:\Users\admin\.m2\repository\org\apache\kerby\kerb-simplekdc\2.0.0\kerb-simplekdc-2.0.0.jar;C:\Users\admin\.m2\repository\org\apache\kerby\kerb-client\2.0.0\kerb-client-2.0.0.jar;C:\Users\admin\.m2\repository\org\apache\kerby\kerb-common\2.0.0\kerb-common-2.0.0.jar;C:\Users\admin\.m2\repository\org\apache\kerby\kerb-crypto\2.0.0\kerb-crypto-2.0.0.jar;C:\Users\admin\.m2\repository\commons-io\commons-io\2.6\commons-io-2.6.jar;C:\Users\admin\.m2\repository\org\apache\kerby\kerb-util\2.0.0\kerb-util-2.0.0.jar;C:\Users\admin\.m2\repository\org\apache\kerby\token-provider\2.0.0\token-provider-2.0.0.jar;C:\Users\admin\.m2\repository\com\nimbusds\nimbus-jose-jwt\4.41.2\nimbus-jose-jwt-4.41.2.jar;C:\Users\admin\.m2\repository\com\github\stephenc\jcip\jcip-annotations\1.0-1\jcip-annotations-1.0-1.jar;C:\Users\admin\.m2\repository\net\minidev\json-smart\2.3\json-smart-2.3.jar;C:\Users\admin\.m2\repository\net\minidev\accessors-smart\1.2\accessors-smart-1.2.jar;C:\Users\admin\.m2\repository\org\ow2\asm\asm\5.0.4\asm-5.0.4.jar;C:\Users\admin\.m2\repository\org\apache\kerby\kerb-admin\2.0.0\kerb-admin-2.0.0.jar;C:\Users\admin\.m2\repository\org\apache\kerby\kerb-server\2.0.0\kerb-server-2.0.0.jar;C:\Users\admin\.m2\repository\org\apache\kerby\kerb-identity\2.0.0\kerb-identity-2.0.0.jar;C:\Users\admin\.m2\repository\org\apache\kerby\kerby-xdr\2.0.0\kerby-xdr-2.0.0.jar;C:\Users\admin\.m2\repository\org\apache\kerby\kerby-config\2.0.0\kerby-config-2.0.0.jar;C:\Users\admin\.m2\repository\org\mockito\mockito-core\2.27.0\mockito-core-2.27.0.jar;C:\Users\admin\.m2\repository\net\bytebuddy\byte-buddy\1.9.10\byte-buddy-1.9.10.jar;C:\Users\admin\.m2\repository\net\bytebuddy\byte-buddy-agent\1.9.10\byte-buddy-agent-1.9.10.jar;C:\Users\admin\.m2\repository\org\objenesis\objenesis\2.6\objenesis-2.6.jar;C:\Users\admin\.m2\repository\org\jmockit\jmockit\1.48\jmockit-1.48.jar;C:\Users\admin\.m2\repository\junit\junit\4.12\junit-4.12.jar;C:\Users\admin\.m2\repository\org\hamcrest\hamcrest-core\1.3\hamcrest-core-1.3.jar;C:\Users\admin\.m2\repository\org\xerial\snappy\snappy-java\1.1.7\snappy-java-1.1.7.jar;"/>
    <property name="java.vm.vendor" value="Oracle Corporation"/>
    <property name="sun.arch.data.model" value="64"/>
    <property name="user.variant" value=""/>
    <property name="java.vendor.url" value="http://java.oracle.com/"/>
    <property name="user.timezone" value="Asia/Shanghai"/>
    <property name="java.vm.specification.version" value="1.8"/>
    <property name="os.name" value="Windows 10"/>
    <property name="user.country" value="CN"/>
    <property name="sun.java.launcher" value="SUN_STANDARD"/>
    <property name="sun.boot.library.path" value="D:\Program Files\RedHat\java-1.8.0-openjdk-1.8.0.252-2\jre\bin"/>
    <property name="sun.java.command" value="C:\Users\admin\AppData\Local\Temp\surefire817669169469973491\surefirebooter7489093851067740896.jar C:\Users\admin\AppData\Local\Temp\surefire817669169469973491 2020-06-22T14-04-30_671-jvmRun5 surefire4122593709399939150tmp surefire_2537305034498549858683tmp"/>
    <property name="surefire.test.class.path" value="D:\desktop\git_repo\zookeeper-read\zookeeper-server\target\test-classes;D:\desktop\git_repo\zookeeper-read\zookeeper-server\target\classes;C:\Users\admin\.m2\repository\com\github\spotbugs\spotbugs-annotations\4.0.2\spotbugs-annotations-4.0.2.jar;C:\Users\admin\.m2\repository\com\google\code\findbugs\jsr305\3.0.2\jsr305-3.0.2.jar;C:\Users\admin\.m2\repository\org\hamcrest\hamcrest-all\1.3\hamcrest-all-1.3.jar;C:\Users\admin\.m2\repository\commons-collections\commons-collections\3.2.2\commons-collections-3.2.2.jar;C:\Users\admin\.m2\repository\commons-lang\commons-lang\2.6\commons-lang-2.6.jar;D:\desktop\git_repo\zookeeper-read\zookeeper-jute\target\zookeeper-jute-3.6.1.jar;C:\Users\admin\.m2\repository\commons-cli\commons-cli\1.2\commons-cli-1.2.jar;C:\Users\admin\.m2\repository\org\apache\yetus\audience-annotations\0.5.0\audience-annotations-0.5.0.jar;C:\Users\admin\.m2\repository\io\netty\netty-handler\4.1.48.Final\netty-handler-4.1.48.Final.jar;C:\Users\admin\.m2\repository\io\netty\netty-common\4.1.48.Final\netty-common-4.1.48.Final.jar;C:\Users\admin\.m2\repository\io\netty\netty-resolver\4.1.48.Final\netty-resolver-4.1.48.Final.jar;C:\Users\admin\.m2\repository\io\netty\netty-buffer\4.1.48.Final\netty-buffer-4.1.48.Final.jar;C:\Users\admin\.m2\repository\io\netty\netty-transport\4.1.48.Final\netty-transport-4.1.48.Final.jar;C:\Users\admin\.m2\repository\io\netty\netty-codec\4.1.48.Final\netty-codec-4.1.48.Final.jar;C:\Users\admin\.m2\repository\io\netty\netty-transport-native-epoll\4.1.48.Final\netty-transport-native-epoll-4.1.48.Final.jar;C:\Users\admin\.m2\repository\io\netty\netty-transport-native-unix-common\4.1.48.Final\netty-transport-native-unix-common-4.1.48.Final.jar;C:\Users\admin\.m2\repository\org\slf4j\slf4j-api\1.7.25\slf4j-api-1.7.25.jar;C:\Users\admin\.m2\repository\org\slf4j\slf4j-log4j12\1.7.25\slf4j-log4j12-1.7.25.jar;C:\Users\admin\.m2\repository\org\eclipse\jetty\jetty-server\9.4.24.v20191120\jetty-server-9.4.24.v20191120.jar;C:\Users\admin\.m2\repository\javax\servlet\javax.servlet-api\3.1.0\javax.servlet-api-3.1.0.jar;C:\Users\admin\.m2\repository\org\eclipse\jetty\jetty-http\9.4.24.v20191120\jetty-http-9.4.24.v20191120.jar;C:\Users\admin\.m2\repository\org\eclipse\jetty\jetty-util\9.4.24.v20191120\jetty-util-9.4.24.v20191120.jar;C:\Users\admin\.m2\repository\org\eclipse\jetty\jetty-io\9.4.24.v20191120\jetty-io-9.4.24.v20191120.jar;C:\Users\admin\.m2\repository\org\eclipse\jetty\jetty-servlet\9.4.24.v20191120\jetty-servlet-9.4.24.v20191120.jar;C:\Users\admin\.m2\repository\org\eclipse\jetty\jetty-security\9.4.24.v20191120\jetty-security-9.4.24.v20191120.jar;C:\Users\admin\.m2\repository\com\fasterxml\jackson\core\jackson-databind\2.10.3\jackson-databind-2.10.3.jar;C:\Users\admin\.m2\repository\com\fasterxml\jackson\core\jackson-annotations\2.10.3\jackson-annotations-2.10.3.jar;C:\Users\admin\.m2\repository\com\fasterxml\jackson\core\jackson-core\2.10.3\jackson-core-2.10.3.jar;C:\Users\admin\.m2\repository\com\googlecode\json-simple\json-simple\1.1.1\json-simple-1.1.1.jar;C:\Users\admin\.m2\repository\org\bouncycastle\bcprov-jdk15on\1.60\bcprov-jdk15on-1.60.jar;C:\Users\admin\.m2\repository\org\bouncycastle\bcpkix-jdk15on\1.60\bcpkix-jdk15on-1.60.jar;C:\Users\admin\.m2\repository\jline\jline\2.11\jline-2.11.jar;C:\Users\admin\.m2\repository\io\dropwizard\metrics\metrics-core\3.2.5\metrics-core-3.2.5.jar;C:\Users\admin\.m2\repository\log4j\log4j\1.2.17\log4j-1.2.17.jar;C:\Users\admin\.m2\repository\org\apache\kerby\kerb-core\2.0.0\kerb-core-2.0.0.jar;C:\Users\admin\.m2\repository\org\apache\kerby\kerby-pkix\2.0.0\kerby-pkix-2.0.0.jar;C:\Users\admin\.m2\repository\org\apache\kerby\kerby-asn1\2.0.0\kerby-asn1-2.0.0.jar;C:\Users\admin\.m2\repository\org\apache\kerby\kerby-util\2.0.0\kerby-util-2.0.0.jar;C:\Users\admin\.m2\repository\org\apache\kerby\kerb-simplekdc\2.0.0\kerb-simplekdc-2.0.0.jar;C:\Users\admin\.m2\repository\org\apache\kerby\kerb-client\2.0.0\kerb-client-2.0.0.jar;C:\Users\admin\.m2\repository\org\apache\kerby\kerb-common\2.0.0\kerb-common-2.0.0.jar;C:\Users\admin\.m2\repository\org\apache\kerby\kerb-crypto\2.0.0\kerb-crypto-2.0.0.jar;C:\Users\admin\.m2\repository\commons-io\commons-io\2.6\commons-io-2.6.jar;C:\Users\admin\.m2\repository\org\apache\kerby\kerb-util\2.0.0\kerb-util-2.0.0.jar;C:\Users\admin\.m2\repository\org\apache\kerby\token-provider\2.0.0\token-provider-2.0.0.jar;C:\Users\admin\.m2\repository\com\nimbusds\nimbus-jose-jwt\4.41.2\nimbus-jose-jwt-4.41.2.jar;C:\Users\admin\.m2\repository\com\github\stephenc\jcip\jcip-annotations\1.0-1\jcip-annotations-1.0-1.jar;C:\Users\admin\.m2\repository\net\minidev\json-smart\2.3\json-smart-2.3.jar;C:\Users\admin\.m2\repository\net\minidev\accessors-smart\1.2\accessors-smart-1.2.jar;C:\Users\admin\.m2\repository\org\ow2\asm\asm\5.0.4\asm-5.0.4.jar;C:\Users\admin\.m2\repository\org\apache\kerby\kerb-admin\2.0.0\kerb-admin-2.0.0.jar;C:\Users\admin\.m2\repository\org\apache\kerby\kerb-server\2.0.0\kerb-server-2.0.0.jar;C:\Users\admin\.m2\repository\org\apache\kerby\kerb-identity\2.0.0\kerb-identity-2.0.0.jar;C:\Users\admin\.m2\repository\org\apache\kerby\kerby-xdr\2.0.0\kerby-xdr-2.0.0.jar;C:\Users\admin\.m2\repository\org\apache\kerby\kerby-config\2.0.0\kerby-config-2.0.0.jar;C:\Users\admin\.m2\repository\org\mockito\mockito-core\2.27.0\mockito-core-2.27.0.jar;C:\Users\admin\.m2\repository\net\bytebuddy\byte-buddy\1.9.10\byte-buddy-1.9.10.jar;C:\Users\admin\.m2\repository\net\bytebuddy\byte-buddy-agent\1.9.10\byte-buddy-agent-1.9.10.jar;C:\Users\admin\.m2\repository\org\objenesis\objenesis\2.6\objenesis-2.6.jar;C:\Users\admin\.m2\repository\org\jmockit\jmockit\1.48\jmockit-1.48.jar;C:\Users\admin\.m2\repository\junit\junit\4.12\junit-4.12.jar;C:\Users\admin\.m2\repository\org\hamcrest\hamcrest-core\1.3\hamcrest-core-1.3.jar;C:\Users\admin\.m2\repository\org\xerial\snappy\snappy-java\1.1.7\snappy-java-1.1.7.jar;"/>
    <property name="sun.cpu.endian" value="little"/>
    <property name="user.home" value="C:\Users\admin"/>
    <property name="user.language" value="zh"/>
    <property name="java.specification.vendor" value="Oracle Corporation"/>
    <property name="java.home" value="D:\Program Files\RedHat\java-1.8.0-openjdk-1.8.0.252-2\jre"/>
    <property name="zookeeper.DigestAuthenticationProvider.superDigest" value="super:D/InIHSb7yEEbrWz8b9l71RjZJU="/>
    <property name="basedir" value="D:\desktop\git_repo\zookeeper-read\zookeeper-server"/>
    <property name="file.separator" value="\"/>
    <property name="line.separator" value="&#10;"/>
    <property name="java.vm.specification.vendor" value="Oracle Corporation"/>
    <property name="java.specification.name" value="Java Platform API Specification"/>
    <property name="java.awt.graphicsenv" value="sun.awt.Win32GraphicsEnvironment"/>
    <property name="test.junit.threads" value="8"/>
    <property name="idea.version2020.1.1" value="true"/>
    <property name="surefire.real.class.path" value="C:\Users\admin\AppData\Local\Temp\surefire817669169469973491\surefirebooter7489093851067740896.jar;C:\Users\admin\.m2\repository\org\jmockit\jmockit\1.48\jmockit-1.48.jar"/>
    <property name="zookeeper.junit.threadid" value="5"/>
    <property name="sun.boot.class.path" value="D:\Program Files\RedHat\java-1.8.0-openjdk-1.8.0.252-2\jre\lib\resources.jar;D:\Program Files\RedHat\java-1.8.0-openjdk-1.8.0.252-2\jre\lib\rt.jar;D:\Program Files\RedHat\java-1.8.0-openjdk-1.8.0.252-2\jre\lib\sunrsasign.jar;D:\Program Files\RedHat\java-1.8.0-openjdk-1.8.0.252-2\jre\lib\jsse.jar;D:\Program Files\RedHat\java-1.8.0-openjdk-1.8.0.252-2\jre\lib\jce.jar;D:\Program Files\RedHat\java-1.8.0-openjdk-1.8.0.252-2\jre\lib\charsets.jar;D:\Program Files\RedHat\java-1.8.0-openjdk-1.8.0.252-2\jre\lib\jfr.jar;D:\Program Files\RedHat\java-1.8.0-openjdk-1.8.0.252-2\jre\classes"/>
    <property name="user.script" value=""/>
    <property name="sun.management.compiler" value="HotSpot 64-Bit Tiered Compilers"/>
    <property name="java.runtime.version" value="1.8.0_252-b09"/>
    <property name="user.name" value="admin"/>
    <property name="path.separator" value=";"/>
    <property name="os.version" value="10.0"/>
    <property name="java.endorsed.dirs" value="D:\Program Files\RedHat\java-1.8.0-openjdk-1.8.0.252-2\jre\lib\endorsed"/>
    <property name="java.runtime.name" value="OpenJDK Runtime Environment"/>
    <property name="file.encoding" value="GBK"/>
    <property name="java.vm.name" value="OpenJDK 64-Bit Server VM"/>
    <property name="localRepository" value="C:\Users\admin\.m2\repository"/>
    <property name="java.vendor.url.bug" value="http://bugreport.sun.com/bugreport/"/>
    <property name="java.io.tmpdir" value="C:\Users\admin\AppData\Local\Temp\"/>
    <property name="java.version" value="1.8.0_252"/>
    <property name="user.dir" value="D:\desktop\git_repo\zookeeper-read\zookeeper-server"/>
    <property name="os.arch" value="amd64"/>
    <property name="java.vm.specification.name" value="Java Virtual Machine Specification"/>
    <property name="java.awt.printerjob" value="sun.awt.windows.WPrinterJob"/>
    <property name="sun.os.patch.level" value=""/>
    <property name="java.library.path" value="D:\Program Files\RedHat\java-1.8.0-openjdk-1.8.0.252-2\jre\bin;C:\Windows\Sun\Java\bin;C:\Windows\system32;C:\Windows;D:\Program Files (x86)\NetSarang\Xshell 6\;C:\Windows\system32;C:\Windows;C:\Windows\System32\Wbem;C:\Windows\System32\WindowsPowerShell\v1.0\;C:\Windows\System32\OpenSSH\;C:\Program Files (x86)\NVIDIA Corporation\PhysX\Common;C:\Program Files\NVIDIA Corporation\NVIDIA NvDLISR;D:\Program Files\RedHat\java-1.8.0-openjdk-1.8.0.252-2\bin;D:\Program Files\RedHat\java-1.8.0-openjdk-1.8.0.252-2\jre\bin;D:\Program Files\Git\cmd;D:\Go\bin;D:\Program Files\nodejs\;C:\Users\admin\AppData\Local\Microsoft\WindowsApps;;D:\Programs\Microsoft VS Code\bin;C:\Users\admin\go\bin;C:\Users\admin\AppData\Roaming\npm;."/>
    <property name="java.vm.info" value="mixed mode"/>
    <property name="java.vendor" value="Oracle Corporation"/>
    <property name="java.vm.version" value="25.252-b09"/>
    <property name="java.ext.dirs" value="D:\Program Files\RedHat\java-1.8.0-openjdk-1.8.0.252-2\jre\lib\ext;C:\Windows\Sun\Java\lib\ext"/>
    <property name="sun.io.unicode.encoding" value="UnicodeLittle"/>
    <property name="java.class.version" value="52.0"/>
  </properties>
  <testcase name="testAuth" classname="org.apache.zookeeper.test.SaslDigestAuthOverSSLTest" time="33.476">
    <failure message="waiting for server up" type="java.lang.AssertionError">java.lang.AssertionError: waiting for server up
	at org.apache.zookeeper.test.SaslDigestAuthOverSSLTest.setUp(SaslDigestAuthOverSSLTest.java:62)
</failure>
    <system-out><![CDATA[2020-06-22 14:22:31,517 [myid:] - INFO  [main:JUnit4ZKTestRunner@51] - No test.method specified. using default methods.
2020-06-22 14:22:31,523 [myid:] - INFO  [main:JUnit4ZKTestRunner@51] - No test.method specified. using default methods.
2020-06-22 14:22:31,597 [myid:] - INFO  [main:PortAssignment@154] - Test process 5/8 using ports from 21993 - 24685.
2020-06-22 14:22:31,605 [myid:] - INFO  [main:PortAssignment@87] - Assigned port 21994 from range 21993 - 24685.
2020-06-22 14:22:31,607 [myid:] - INFO  [main:ZKTestCase$1@86] - STARTING testAuth
2020-06-22 14:22:31,850 [myid:] - INFO  [main:X509Util@77] - Setting -D jdk.tls.rejectClientInitiatedRenegotiation=true to disable client-initiated TLS renegotiation
2020-06-22 14:22:31,852 [myid:] - INFO  [main:PortAssignment@87] - Assigned port 21995 from range 21993 - 24685.
2020-06-22 14:22:31,925 [myid:] - INFO  [main:NettyServerCnxnFactory@483] - zookeeper.client.portUnification=false
2020-06-22 14:22:31,925 [myid:] - INFO  [main:NettyServerCnxnFactory@495] - zookeeper.netty.advancedFlowControl.enabled = false
2020-06-22 14:22:31,926 [myid:] - INFO  [main:NettyServerCnxnFactory@105] - handshakeThrottlingEnabled = false, zookeeper.netty.server.outstandingHandshake.limit = -1
2020-06-22 14:22:32,139 [myid:] - INFO  [main:ServerCnxnFactory@169] - Using org.apache.zookeeper.server.NettyServerCnxnFactory as server connection factory
2020-06-22 14:22:32,148 [myid:] - INFO  [main:Login@320] - Server successfully logged in.
2020-06-22 14:22:32,150 [myid:] - WARN  [main:ServerCnxnFactory@309] - maxCnxns is not configured, using default value 0.
2020-06-22 14:22:32,293 [myid:] - INFO  [main:JMXEnv@58] - connecting to addr service:jmx:rmi://127.0.0.1/stub/rO0ABXNyAC5qYXZheC5tYW5hZ2VtZW50LnJlbW90ZS5ybWkuUk1JU2VydmVySW1wbF9TdHViAAAAAAAAAAICAAB4cgAaamF2YS5ybWkuc2VydmVyLlJlbW90ZVN0dWLp/tzJi+FlGgIAAHhyABxqYXZhLnJtaS5zZXJ2ZXIuUmVtb3RlT2JqZWN002G0kQxhMx4DAAB4cHc4AAtVbmljYXN0UmVmMgAADTEwLjEwLjEyMi4xNjAAAM/iRgido/X0YW2TKaxTAAABctqxTSmAAQB4
2020-06-22 14:22:32,367 [myid:] - INFO  [main:ClientBase@514] - STARTING server
2020-06-22 14:22:32,368 [myid:] - INFO  [main:ClientBase@423] - CREATING server instance 127.0.0.1:21995
2020-06-22 14:22:32,369 [myid:] - INFO  [main:ClientBase@395] - STARTING server instance 127.0.0.1:21995
2020-06-22 14:22:32,381 [myid:] - INFO  [main:ZookeeperBanner@42] - 
2020-06-22 14:22:32,382 [myid:] - INFO  [main:ZookeeperBanner@42] -   ______                  _                                          
2020-06-22 14:22:32,382 [myid:] - INFO  [main:ZookeeperBanner@42] -  |___  /                 | |                                         
2020-06-22 14:22:32,382 [myid:] - INFO  [main:ZookeeperBanner@42] -     / /    ___     ___   | | __   ___    ___   _ __     ___   _ __   
2020-06-22 14:22:32,382 [myid:] - INFO  [main:ZookeeperBanner@42] -    / /    / _ \   / _ \  | |/ /  / _ \  / _ \ | '_ \   / _ \ | '__|
2020-06-22 14:22:32,382 [myid:] - INFO  [main:ZookeeperBanner@42] -   / /__  | (_) | | (_) | |   <  |  __/ |  __/ | |_) | |  __/ | |    
2020-06-22 14:22:32,383 [myid:] - INFO  [main:ZookeeperBanner@42] -  /_____|  \___/   \___/  |_|\_\  \___|  \___| | .__/   \___| |_|
2020-06-22 14:22:32,383 [myid:] - INFO  [main:ZookeeperBanner@42] -                                               | |                     
2020-06-22 14:22:32,383 [myid:] - INFO  [main:ZookeeperBanner@42] -                                               |_|                     
2020-06-22 14:22:32,383 [myid:] - INFO  [main:ZookeeperBanner@42] - 
2020-06-22 14:22:32,386 [myid:] - INFO  [main:Environment@98] - Server environment:zookeeper.version=3.6.1--9de128fcd2cb3170e738547b0603a1ba7049df48, built on 06/22/2020 06:04 GMT
2020-06-22 14:22:32,386 [myid:] - INFO  [main:Environment@98] - Server environment:host.name=LAPTOP-D7DF36F6
2020-06-22 14:22:32,387 [myid:] - INFO  [main:Environment@98] - Server environment:java.version=1.8.0_252
2020-06-22 14:22:32,387 [myid:] - INFO  [main:Environment@98] - Server environment:java.vendor=Oracle Corporation
2020-06-22 14:22:32,387 [myid:] - INFO  [main:Environment@98] - Server environment:java.home=D:\Program Files\RedHat\java-1.8.0-openjdk-1.8.0.252-2\jre
2020-06-22 14:22:32,387 [myid:] - INFO  [main:Environment@98] - Server environment:java.class.path=D:\desktop\git_repo\zookeeper-read\zookeeper-server\target\test-classes;D:\desktop\git_repo\zookeeper-read\zookeeper-server\target\classes;C:\Users\admin\.m2\repository\com\github\spotbugs\spotbugs-annotations\4.0.2\spotbugs-annotations-4.0.2.jar;C:\Users\admin\.m2\repository\com\google\code\findbugs\jsr305\3.0.2\jsr305-3.0.2.jar;C:\Users\admin\.m2\repository\org\hamcrest\hamcrest-all\1.3\hamcrest-all-1.3.jar;C:\Users\admin\.m2\repository\commons-collections\commons-collections\3.2.2\commons-collections-3.2.2.jar;C:\Users\admin\.m2\repository\commons-lang\commons-lang\2.6\commons-lang-2.6.jar;D:\desktop\git_repo\zookeeper-read\zookeeper-jute\target\zookeeper-jute-3.6.1.jar;C:\Users\admin\.m2\repository\commons-cli\commons-cli\1.2\commons-cli-1.2.jar;C:\Users\admin\.m2\repository\org\apache\yetus\audience-annotations\0.5.0\audience-annotations-0.5.0.jar;C:\Users\admin\.m2\repository\io\netty\netty-handler\4.1.48.Final\netty-handler-4.1.48.Final.jar;C:\Users\admin\.m2\repository\io\netty\netty-common\4.1.48.Final\netty-common-4.1.48.Final.jar;C:\Users\admin\.m2\repository\io\netty\netty-resolver\4.1.48.Final\netty-resolver-4.1.48.Final.jar;C:\Users\admin\.m2\repository\io\netty\netty-buffer\4.1.48.Final\netty-buffer-4.1.48.Final.jar;C:\Users\admin\.m2\repository\io\netty\netty-transport\4.1.48.Final\netty-transport-4.1.48.Final.jar;C:\Users\admin\.m2\repository\io\netty\netty-codec\4.1.48.Final\netty-codec-4.1.48.Final.jar;C:\Users\admin\.m2\repository\io\netty\netty-transport-native-epoll\4.1.48.Final\netty-transport-native-epoll-4.1.48.Final.jar;C:\Users\admin\.m2\repository\io\netty\netty-transport-native-unix-common\4.1.48.Final\netty-transport-native-unix-common-4.1.48.Final.jar;C:\Users\admin\.m2\repository\org\slf4j\slf4j-api\1.7.25\slf4j-api-1.7.25.jar;C:\Users\admin\.m2\repository\org\slf4j\slf4j-log4j12\1.7.25\slf4j-log4j12-1.7.25.jar;C:\Users\admin\.m2\repository\org\eclipse\jetty\jetty-server\9.4.24.v20191120\jetty-server-9.4.24.v20191120.jar;C:\Users\admin\.m2\repository\javax\servlet\javax.servlet-api\3.1.0\javax.servlet-api-3.1.0.jar;C:\Users\admin\.m2\repository\org\eclipse\jetty\jetty-http\9.4.24.v20191120\jetty-http-9.4.24.v20191120.jar;C:\Users\admin\.m2\repository\org\eclipse\jetty\jetty-util\9.4.24.v20191120\jetty-util-9.4.24.v20191120.jar;C:\Users\admin\.m2\repository\org\eclipse\jetty\jetty-io\9.4.24.v20191120\jetty-io-9.4.24.v20191120.jar;C:\Users\admin\.m2\repository\org\eclipse\jetty\jetty-servlet\9.4.24.v20191120\jetty-servlet-9.4.24.v20191120.jar;C:\Users\admin\.m2\repository\org\eclipse\jetty\jetty-security\9.4.24.v20191120\jetty-security-9.4.24.v20191120.jar;C:\Users\admin\.m2\repository\com\fasterxml\jackson\core\jackson-databind\2.10.3\jackson-databind-2.10.3.jar;C:\Users\admin\.m2\repository\com\fasterxml\jackson\core\jackson-annotations\2.10.3\jackson-annotations-2.10.3.jar;C:\Users\admin\.m2\repository\com\fasterxml\jackson\core\jackson-core\2.10.3\jackson-core-2.10.3.jar;C:\Users\admin\.m2\repository\com\googlecode\json-simple\json-simple\1.1.1\json-simple-1.1.1.jar;C:\Users\admin\.m2\repository\org\bouncycastle\bcprov-jdk15on\1.60\bcprov-jdk15on-1.60.jar;C:\Users\admin\.m2\repository\org\bouncycastle\bcpkix-jdk15on\1.60\bcpkix-jdk15on-1.60.jar;C:\Users\admin\.m2\repository\jline\jline\2.11\jline-2.11.jar;C:\Users\admin\.m2\repository\io\dropwizard\metrics\metrics-core\3.2.5\metrics-core-3.2.5.jar;C:\Users\admin\.m2\repository\log4j\log4j\1.2.17\log4j-1.2.17.jar;C:\Users\admin\.m2\repository\org\apache\kerby\kerb-core\2.0.0\kerb-core-2.0.0.jar;C:\Users\admin\.m2\repository\org\apache\kerby\kerby-pkix\2.0.0\kerby-pkix-2.0.0.jar;C:\Users\admin\.m2\repository\org\apache\kerby\kerby-asn1\2.0.0\kerby-asn1-2.0.0.jar;C:\Users\admin\.m2\repository\org\apache\kerby\kerby-util\2.0.0\kerby-util-2.0.0.jar;C:\Users\admin\.m2\repository\org\apache\kerby\kerb-simplekdc\2.0.0\kerb-simplekdc-2.0.0.jar;C:\Users\admin\.m2\repository\org\apache\kerby\kerb-client\2.0.0\kerb-client-2.0.0.jar;C:\Users\admin\.m2\repository\org\apache\kerby\kerb-common\2.0.0\kerb-common-2.0.0.jar;C:\Users\admin\.m2\repository\org\apache\kerby\kerb-crypto\2.0.0\kerb-crypto-2.0.0.jar;C:\Users\admin\.m2\repository\commons-io\commons-io\2.6\commons-io-2.6.jar;C:\Users\admin\.m2\repository\org\apache\kerby\kerb-util\2.0.0\kerb-util-2.0.0.jar;C:\Users\admin\.m2\repository\org\apache\kerby\token-provider\2.0.0\token-provider-2.0.0.jar;C:\Users\admin\.m2\repository\com\nimbusds\nimbus-jose-jwt\4.41.2\nimbus-jose-jwt-4.41.2.jar;C:\Users\admin\.m2\repository\com\github\stephenc\jcip\jcip-annotations\1.0-1\jcip-annotations-1.0-1.jar;C:\Users\admin\.m2\repository\net\minidev\json-smart\2.3\json-smart-2.3.jar;C:\Users\admin\.m2\repository\net\minidev\accessors-smart\1.2\accessors-smart-1.2.jar;C:\Users\admin\.m2\repository\org\ow2\asm\asm\5.0.4\asm-5.0.4.jar;C:\Users\admin\.m2\repository\org\apache\kerby\kerb-admin\2.0.0\kerb-admin-2.0.0.jar;C:\Users\admin\.m2\repository\org\apache\kerby\kerb-server\2.0.0\kerb-server-2.0.0.jar;C:\Users\admin\.m2\repository\org\apache\kerby\kerb-identity\2.0.0\kerb-identity-2.0.0.jar;C:\Users\admin\.m2\repository\org\apache\kerby\kerby-xdr\2.0.0\kerby-xdr-2.0.0.jar;C:\Users\admin\.m2\repository\org\apache\kerby\kerby-config\2.0.0\kerby-config-2.0.0.jar;C:\Users\admin\.m2\repository\org\mockito\mockito-core\2.27.0\mockito-core-2.27.0.jar;C:\Users\admin\.m2\repository\net\bytebuddy\byte-buddy\1.9.10\byte-buddy-1.9.10.jar;C:\Users\admin\.m2\repository\net\bytebuddy\byte-buddy-agent\1.9.10\byte-buddy-agent-1.9.10.jar;C:\Users\admin\.m2\repository\org\objenesis\objenesis\2.6\objenesis-2.6.jar;C:\Users\admin\.m2\repository\org\jmockit\jmockit\1.48\jmockit-1.48.jar;C:\Users\admin\.m2\repository\junit\junit\4.12\junit-4.12.jar;C:\Users\admin\.m2\repository\org\hamcrest\hamcrest-core\1.3\hamcrest-core-1.3.jar;C:\Users\admin\.m2\repository\org\xerial\snappy\snappy-java\1.1.7\snappy-java-1.1.7.jar;
2020-06-22 14:22:32,388 [myid:] - INFO  [main:Environment@98] - Server environment:java.library.path=D:\Program Files\RedHat\java-1.8.0-openjdk-1.8.0.252-2\jre\bin;C:\Windows\Sun\Java\bin;C:\Windows\system32;C:\Windows;D:\Program Files (x86)\NetSarang\Xshell 6\;C:\Windows\system32;C:\Windows;C:\Windows\System32\Wbem;C:\Windows\System32\WindowsPowerShell\v1.0\;C:\Windows\System32\OpenSSH\;C:\Program Files (x86)\NVIDIA Corporation\PhysX\Common;C:\Program Files\NVIDIA Corporation\NVIDIA NvDLISR;D:\Program Files\RedHat\java-1.8.0-openjdk-1.8.0.252-2\bin;D:\Program Files\RedHat\java-1.8.0-openjdk-1.8.0.252-2\jre\bin;D:\Program Files\Git\cmd;D:\Go\bin;D:\Program Files\nodejs\;C:\Users\admin\AppData\Local\Microsoft\WindowsApps;;D:\Programs\Microsoft VS Code\bin;C:\Users\admin\go\bin;C:\Users\admin\AppData\Roaming\npm;.
2020-06-22 14:22:32,389 [myid:] - INFO  [main:Environment@98] - Server environment:java.io.tmpdir=C:\Users\admin\AppData\Local\Temp\
2020-06-22 14:22:32,389 [myid:] - INFO  [main:Environment@98] - Server environment:java.compiler=<NA>
2020-06-22 14:22:32,389 [myid:] - INFO  [main:Environment@98] - Server environment:os.name=Windows 10
2020-06-22 14:22:32,389 [myid:] - INFO  [main:Environment@98] - Server environment:os.arch=amd64
2020-06-22 14:22:32,390 [myid:] - INFO  [main:Environment@98] - Server environment:os.version=10.0
2020-06-22 14:22:32,390 [myid:] - INFO  [main:Environment@98] - Server environment:user.name=admin
2020-06-22 14:22:32,391 [myid:] - INFO  [main:Environment@98] - Server environment:user.home=C:\Users\admin
2020-06-22 14:22:32,391 [myid:] - INFO  [main:Environment@98] - Server environment:user.dir=D:\desktop\git_repo\zookeeper-read\zookeeper-server
2020-06-22 14:22:32,391 [myid:] - INFO  [main:Environment@98] - Server environment:os.memory.free=112MB
2020-06-22 14:22:32,391 [myid:] - INFO  [main:Environment@98] - Server environment:os.memory.max=455MB
2020-06-22 14:22:32,392 [myid:] - INFO  [main:Environment@98] - Server environment:os.memory.total=121MB
2020-06-22 14:22:32,392 [myid:] - INFO  [main:ZooKeeperServer@128] - zookeeper.enableEagerACLCheck = false
2020-06-22 14:22:32,392 [myid:] - INFO  [main:ZooKeeperServer@136] - zookeeper.digest.enabled = true
2020-06-22 14:22:32,392 [myid:] - INFO  [main:ZooKeeperServer@140] - zookeeper.closeSessionTxn.enabled = true
2020-06-22 14:22:32,393 [myid:] - INFO  [main:ZooKeeperServer@1434] - zookeeper.flushDelay=0
2020-06-22 14:22:32,393 [myid:] - INFO  [main:ZooKeeperServer@1443] - zookeeper.maxWriteQueuePollTime=0
2020-06-22 14:22:32,393 [myid:] - INFO  [main:ZooKeeperServer@1452] - zookeeper.maxBatchSize=1000
2020-06-22 14:22:32,393 [myid:] - INFO  [main:ZooKeeperServer@241] - zookeeper.intBufferStartingSizeBytes = 1024
2020-06-22 14:22:32,397 [myid:] - INFO  [main:FileTxnSnapLog@124] - zookeeper.snapshot.trust.empty : false
2020-06-22 14:22:32,423 [myid:] - INFO  [main:WatchManagerFactory@42] - Using org.apache.zookeeper.server.watch.WatchManager as watch manager
2020-06-22 14:22:32,423 [myid:] - INFO  [main:WatchManagerFactory@42] - Using org.apache.zookeeper.server.watch.WatchManager as watch manager
2020-06-22 14:22:32,424 [myid:] - INFO  [main:ZKDatabase@132] - zookeeper.snapshotSizeFactor = 0.33
2020-06-22 14:22:32,424 [myid:] - INFO  [main:ZKDatabase@152] - zookeeper.commitLogCount=500
2020-06-22 14:22:32,426 [myid:] - INFO  [main:BlueThrottle@141] - Weighed connection throttling is disabled
2020-06-22 14:22:32,428 [myid:] - INFO  [main:ZooKeeperServer@1246] - minSessionTimeout set to 6000
2020-06-22 14:22:32,428 [myid:] - INFO  [main:ZooKeeperServer@1255] - maxSessionTimeout set to 60000
2020-06-22 14:22:32,431 [myid:] - INFO  [main:ResponseCache@45] - Response cache size is initialized with value 400.
2020-06-22 14:22:32,431 [myid:] - INFO  [main:ResponseCache@45] - Response cache size is initialized with value 400.
2020-06-22 14:22:32,433 [myid:] - INFO  [main:RequestPathMetricsCollector@111] - zookeeper.pathStats.slotCapacity = 60
2020-06-22 14:22:32,434 [myid:] - INFO  [main:RequestPathMetricsCollector@112] - zookeeper.pathStats.slotDuration = 15
2020-06-22 14:22:32,435 [myid:] - INFO  [main:RequestPathMetricsCollector@113] - zookeeper.pathStats.maxDepth = 6
2020-06-22 14:22:32,435 [myid:] - INFO  [main:RequestPathMetricsCollector@114] - zookeeper.pathStats.initialDelay = 5
2020-06-22 14:22:32,435 [myid:] - INFO  [main:RequestPathMetricsCollector@115] - zookeeper.pathStats.delay = 5
2020-06-22 14:22:32,436 [myid:] - INFO  [main:RequestPathMetricsCollector@116] - zookeeper.pathStats.enabled = false
2020-06-22 14:22:32,438 [myid:] - INFO  [main:ZooKeeperServer@1471] - The max bytes for all large requests are set to 104857600
2020-06-22 14:22:32,439 [myid:] - INFO  [main:ZooKeeperServer@1485] - The large request threshold is set to -1
2020-06-22 14:22:32,439 [myid:] - INFO  [main:ZooKeeperServer@329] - Created server with tickTime 3000 minSessionTimeout 6000 maxSessionTimeout 60000 clientPortListenBacklog -1 datadir D:\desktop\git_repo\zookeeper-read\zookeeper-server\target\surefire\test5465397307889064272.junit.dir\version-2 snapdir D:\desktop\git_repo\zookeeper-read\zookeeper-server\target\surefire\test5465397307889064272.junit.dir\version-2
2020-06-22 14:22:32,439 [myid:] - INFO  [main:NettyServerCnxnFactory@670] - binding to port localhost/127.0.0.1:21995
2020-06-22 14:22:32,943 [myid:] - INFO  [main:NettyServerCnxnFactory@675] - bound to port 21995
2020-06-22 14:22:32,967 [myid:] - INFO  [main:FileTxnSnapLog@251] - Initialize file found, an empty database will not block voting participation
2020-06-22 14:22:32,977 [myid:] - INFO  [main:SnapStream@61] - zookeeper.snapshot.compression.method = CHECKED
2020-06-22 14:22:32,978 [myid:] - INFO  [main:FileTxnSnapLog@470] - Snapshotting: 0x0 to D:\desktop\git_repo\zookeeper-read\zookeeper-server\target\surefire\test5465397307889064272.junit.dir\version-2\snapshot.0
2020-06-22 14:22:32,984 [myid:] - INFO  [main:ZKDatabase@289] - Snapshot loaded in 41 ms, highest zxid is 0x0, digest is 1371985504
2020-06-22 14:22:32,985 [myid:] - INFO  [main:FileTxnSnapLog@470] - Snapshotting: 0x0 to D:\desktop\git_repo\zookeeper-read\zookeeper-server\target\surefire\test5465397307889064272.junit.dir\version-2\snapshot.0
2020-06-22 14:22:32,986 [myid:] - INFO  [main:ZooKeeperServer@519] - Snapshot taken in 2 ms
2020-06-22 14:22:33,004 [myid:] - INFO  [main:RequestThrottler@74] - zookeeper.request_throttler.shutdownTimeout = 10000
2020-06-22 14:22:33,031 [myid:] - INFO  [main:FourLetterWordMain@93] - connecting to 127.0.0.1 21995
2020-06-22 14:22:33,031 [myid:] - INFO  [main:FourLetterWordMain@99] - using secure socket
2020-06-22 14:22:33,466 [myid:] - ERROR [main:ZKTrustManager@161] - Failed to verify host address: 127.0.0.1
javax.net.ssl.SSLPeerUnverifiedException: Certificate for <127.0.0.1> doesn't match common name of the certificate subject: localhost
	at org.apache.zookeeper.common.ZKHostnameVerifier.matchCN(ZKHostnameVerifier.java:238)
	at org.apache.zookeeper.common.ZKHostnameVerifier.verify(ZKHostnameVerifier.java:184)
	at org.apache.zookeeper.common.ZKTrustManager.performHostVerification(ZKTrustManager.java:151)
	at org.apache.zookeeper.common.ZKTrustManager.checkServerTrusted(ZKTrustManager.java:90)
	at sun.security.ssl.ClientHandshaker.serverCertificate(ClientHandshaker.java:1670)
	at sun.security.ssl.ClientHandshaker.processMessage(ClientHandshaker.java:226)
	at sun.security.ssl.Handshaker.processLoop(Handshaker.java:1082)
	at sun.security.ssl.Handshaker.process_record(Handshaker.java:1010)
	at sun.security.ssl.SSLSocketImpl.readRecord(SSLSocketImpl.java:1079)
	at sun.security.ssl.SSLSocketImpl.performInitialHandshake(SSLSocketImpl.java:1388)
	at sun.security.ssl.SSLSocketImpl.startHandshake(SSLSocketImpl.java:1416)
	at sun.security.ssl.SSLSocketImpl.startHandshake(SSLSocketImpl.java:1400)
	at org.apache.zookeeper.client.FourLetterWordMain.send4LetterWord(FourLetterWordMain.java:105)
	at org.apache.zookeeper.client.FourLetterWordMain.send4LetterWord(FourLetterWordMain.java:73)
	at org.apache.zookeeper.test.ClientBase.waitForServerUp(ClientBase.java:261)
	at org.apache.zookeeper.test.ClientBase.startServerInstance(ClientBase.java:401)
	at org.apache.zookeeper.test.ClientBase.startServer(ClientBase.java:516)
	at org.apache.zookeeper.test.ClientBase.setUpWithServerId(ClientBase.java:499)
	at org.apache.zookeeper.test.ClientBase.setUp(ClientBase.java:474)
	at org.apache.zookeeper.test.SaslDigestAuthOverSSLTest.setUp(SaslDigestAuthOverSSLTest.java:62)
	at sun.reflect.NativeMethodAccessorImpl.invoke0(Native Method)
	at sun.reflect.NativeMethodAccessorImpl.invoke(NativeMethodAccessorImpl.java:62)
	at sun.reflect.DelegatingMethodAccessorImpl.invoke(DelegatingMethodAccessorImpl.java:43)
	at java.lang.reflect.Method.invoke(Method.java:498)
	at org.junit.runners.model.FrameworkMethod$1.runReflectiveCall(FrameworkMethod.java:50)
	at org.junit.internal.runners.model.ReflectiveCallable.run(ReflectiveCallable.java:12)
	at org.junit.runners.model.FrameworkMethod.invokeExplosively(FrameworkMethod.java:47)
	at mockit.integration.junit4.JUnit4TestRunnerDecorator.invokeExplosively(JUnit4TestRunnerDecorator.java:49)
	at mockit.integration.junit4.FakeFrameworkMethod.invokeExplosively(FakeFrameworkMethod.java:29)
	at org.junit.runners.model.FrameworkMethod.invokeExplosively(FrameworkMethod.java)
	at org.junit.internal.runners.statements.RunBefores.evaluate(RunBefores.java:24)
	at org.junit.internal.runners.statements.RunAfters.evaluate(RunAfters.java:27)
	at org.junit.rules.TestWatcher$1.evaluate(TestWatcher.java:55)
	at org.junit.rules.RunRules.evaluate(RunRules.java:20)
	at org.junit.runners.ParentRunner.runLeaf(ParentRunner.java:325)
	at org.junit.runners.BlockJUnit4ClassRunner.runChild(BlockJUnit4ClassRunner.java:78)
	at org.junit.runners.BlockJUnit4ClassRunner.runChild(BlockJUnit4ClassRunner.java:57)
	at org.junit.runners.ParentRunner$3.run(ParentRunner.java:290)
	at org.junit.runners.ParentRunner$1.schedule(ParentRunner.java:71)
	at org.junit.runners.ParentRunner.runChildren(ParentRunner.java:288)
	at org.junit.runners.ParentRunner.access$000(ParentRunner.java:58)
	at org.junit.runners.ParentRunner$2.evaluate(ParentRunner.java:268)
	at org.junit.internal.runners.statements.RunBefores.evaluate(RunBefores.java:26)
	at org.junit.runners.ParentRunner.run(ParentRunner.java:363)
	at org.apache.maven.surefire.junit4.JUnit4Provider.execute(JUnit4Provider.java:365)
	at org.apache.maven.surefire.junit4.JUnit4Provider.executeWithRerun(JUnit4Provider.java:273)
	at org.apache.maven.surefire.junit4.JUnit4Provider.executeTestSet(JUnit4Provider.java:238)
	at org.apache.maven.surefire.junit4.JUnit4Provider.invoke(JUnit4Provider.java:159)
	at org.apache.maven.surefire.booter.ForkedBooter.invokeProviderInSameClassLoader(ForkedBooter.java:384)
	at org.apache.maven.surefire.booter.ForkedBooter.runSuitesInProcess(ForkedBooter.java:345)
	at org.apache.maven.surefire.booter.ForkedBooter.execute(ForkedBooter.java:126)
	at org.apache.maven.surefire.booter.ForkedBooter.main(ForkedBooter.java:418)
2020-06-22 14:22:33,469 [myid:] - ERROR [main:ZKTrustManager@162] - Failed to verify hostname: activate.navicat.com
javax.net.ssl.SSLPeerUnverifiedException: Certificate for <activate.navicat.com> doesn't match common name of the certificate subject: localhost
	at org.apache.zookeeper.common.ZKHostnameVerifier.matchCN(ZKHostnameVerifier.java:238)
	at org.apache.zookeeper.common.ZKHostnameVerifier.verify(ZKHostnameVerifier.java:184)
	at org.apache.zookeeper.common.ZKTrustManager.performHostVerification(ZKTrustManager.java:159)
	at org.apache.zookeeper.common.ZKTrustManager.checkServerTrusted(ZKTrustManager.java:90)
	at sun.security.ssl.ClientHandshaker.serverCertificate(ClientHandshaker.java:1670)
	at sun.security.ssl.ClientHandshaker.processMessage(ClientHandshaker.java:226)
	at sun.security.ssl.Handshaker.processLoop(Handshaker.java:1082)
	at sun.security.ssl.Handshaker.process_record(Handshaker.java:1010)
	at sun.security.ssl.SSLSocketImpl.readRecord(SSLSocketImpl.java:1079)
	at sun.security.ssl.SSLSocketImpl.performInitialHandshake(SSLSocketImpl.java:1388)
	at sun.security.ssl.SSLSocketImpl.startHandshake(SSLSocketImpl.java:1416)
	at sun.security.ssl.SSLSocketImpl.startHandshake(SSLSocketImpl.java:1400)
	at org.apache.zookeeper.client.FourLetterWordMain.send4LetterWord(FourLetterWordMain.java:105)
	at org.apache.zookeeper.client.FourLetterWordMain.send4LetterWord(FourLetterWordMain.java:73)
	at org.apache.zookeeper.test.ClientBase.waitForServerUp(ClientBase.java:261)
	at org.apache.zookeeper.test.ClientBase.startServerInstance(ClientBase.java:401)
	at org.apache.zookeeper.test.ClientBase.startServer(ClientBase.java:516)
	at org.apache.zookeeper.test.ClientBase.setUpWithServerId(ClientBase.java:499)
	at org.apache.zookeeper.test.ClientBase.setUp(ClientBase.java:474)
	at org.apache.zookeeper.test.SaslDigestAuthOverSSLTest.setUp(SaslDigestAuthOverSSLTest.java:62)
	at sun.reflect.NativeMethodAccessorImpl.invoke0(Native Method)
	at sun.reflect.NativeMethodAccessorImpl.invoke(NativeMethodAccessorImpl.java:62)
	at sun.reflect.DelegatingMethodAccessorImpl.invoke(DelegatingMethodAccessorImpl.java:43)
	at java.lang.reflect.Method.invoke(Method.java:498)
	at org.junit.runners.model.FrameworkMethod$1.runReflectiveCall(FrameworkMethod.java:50)
	at org.junit.internal.runners.model.ReflectiveCallable.run(ReflectiveCallable.java:12)
	at org.junit.runners.model.FrameworkMethod.invokeExplosively(FrameworkMethod.java:47)
	at mockit.integration.junit4.JUnit4TestRunnerDecorator.invokeExplosively(JUnit4TestRunnerDecorator.java:49)
	at mockit.integration.junit4.FakeFrameworkMethod.invokeExplosively(FakeFrameworkMethod.java:29)
	at org.junit.runners.model.FrameworkMethod.invokeExplosively(FrameworkMethod.java)
	at org.junit.internal.runners.statements.RunBefores.evaluate(RunBefores.java:24)
	at org.junit.internal.runners.statements.RunAfters.evaluate(RunAfters.java:27)
	at org.junit.rules.TestWatcher$1.evaluate(TestWatcher.java:55)
	at org.junit.rules.RunRules.evaluate(RunRules.java:20)
	at org.junit.runners.ParentRunner.runLeaf(ParentRunner.java:325)
	at org.junit.runners.BlockJUnit4ClassRunner.runChild(BlockJUnit4ClassRunner.java:78)
	at org.junit.runners.BlockJUnit4ClassRunner.runChild(BlockJUnit4ClassRunner.java:57)
	at org.junit.runners.ParentRunner$3.run(ParentRunner.java:290)
	at org.junit.runners.ParentRunner$1.schedule(ParentRunner.java:71)
	at org.junit.runners.ParentRunner.runChildren(ParentRunner.java:288)
	at org.junit.runners.ParentRunner.access$000(ParentRunner.java:58)
	at org.junit.runners.ParentRunner$2.evaluate(ParentRunner.java:268)
	at org.junit.internal.runners.statements.RunBefores.evaluate(RunBefores.java:26)
	at org.junit.runners.ParentRunner.run(ParentRunner.java:363)
	at org.apache.maven.surefire.junit4.JUnit4Provider.execute(JUnit4Provider.java:365)
	at org.apache.maven.surefire.junit4.JUnit4Provider.executeWithRerun(JUnit4Provider.java:273)
	at org.apache.maven.surefire.junit4.JUnit4Provider.executeTestSet(JUnit4Provider.java:238)
	at org.apache.maven.surefire.junit4.JUnit4Provider.invoke(JUnit4Provider.java:159)
	at org.apache.maven.surefire.booter.ForkedBooter.invokeProviderInSameClassLoader(ForkedBooter.java:384)
	at org.apache.maven.surefire.booter.ForkedBooter.runSuitesInProcess(ForkedBooter.java:345)
	at org.apache.maven.surefire.booter.ForkedBooter.execute(ForkedBooter.java:126)
	at org.apache.maven.surefire.booter.ForkedBooter.main(ForkedBooter.java:418)
2020-06-22 14:22:33,471 [myid:] - INFO  [main:ClientBase@270] - server 127.0.0.1:21995 not up
javax.net.ssl.SSLHandshakeException: java.security.cert.CertificateException: Failed to verify both host address and host name
	at sun.security.ssl.Alerts.getSSLException(Alerts.java:198)
	at sun.security.ssl.SSLSocketImpl.fatal(SSLSocketImpl.java:1967)
	at sun.security.ssl.Handshaker.fatalSE(Handshaker.java:331)
	at sun.security.ssl.Handshaker.fatalSE(Handshaker.java:325)
	at sun.security.ssl.ClientHandshaker.serverCertificate(ClientHandshaker.java:1688)
	at sun.security.ssl.ClientHandshaker.processMessage(ClientHandshaker.java:226)
	at sun.security.ssl.Handshaker.processLoop(Handshaker.java:1082)
	at sun.security.ssl.Handshaker.process_record(Handshaker.java:1010)
	at sun.security.ssl.SSLSocketImpl.readRecord(SSLSocketImpl.java:1079)
	at sun.security.ssl.SSLSocketImpl.performInitialHandshake(SSLSocketImpl.java:1388)
	at sun.security.ssl.SSLSocketImpl.startHandshake(SSLSocketImpl.java:1416)
	at sun.security.ssl.SSLSocketImpl.startHandshake(SSLSocketImpl.java:1400)
	at org.apache.zookeeper.client.FourLetterWordMain.send4LetterWord(FourLetterWordMain.java:105)
	at org.apache.zookeeper.client.FourLetterWordMain.send4LetterWord(FourLetterWordMain.java:73)
	at org.apache.zookeeper.test.ClientBase.waitForServerUp(ClientBase.java:261)
	at org.apache.zookeeper.test.ClientBase.startServerInstance(ClientBase.java:401)
	at org.apache.zookeeper.test.ClientBase.startServer(ClientBase.java:516)
	at org.apache.zookeeper.test.ClientBase.setUpWithServerId(ClientBase.java:499)
	at org.apache.zookeeper.test.ClientBase.setUp(ClientBase.java:474)
	at org.apache.zookeeper.test.SaslDigestAuthOverSSLTest.setUp(SaslDigestAuthOverSSLTest.java:62)
	at sun.reflect.NativeMethodAccessorImpl.invoke0(Native Method)
	at sun.reflect.NativeMethodAccessorImpl.invoke(NativeMethodAccessorImpl.java:62)
	at sun.reflect.DelegatingMethodAccessorImpl.invoke(DelegatingMethodAccessorImpl.java:43)
	at java.lang.reflect.Method.invoke(Method.java:498)
	at org.junit.runners.model.FrameworkMethod$1.runReflectiveCall(FrameworkMethod.java:50)
	at org.junit.internal.runners.model.ReflectiveCallable.run(ReflectiveCallable.java:12)
	at org.junit.runners.model.FrameworkMethod.invokeExplosively(FrameworkMethod.java:47)
	at mockit.integration.junit4.JUnit4TestRunnerDecorator.invokeExplosively(JUnit4TestRunnerDecorator.java:49)
	at mockit.integration.junit4.FakeFrameworkMethod.invokeExplosively(FakeFrameworkMethod.java:29)
	at org.junit.runners.model.FrameworkMethod.invokeExplosively(FrameworkMethod.java)
	at org.junit.internal.runners.statements.RunBefores.evaluate(RunBefores.java:24)
	at org.junit.internal.runners.statements.RunAfters.evaluate(RunAfters.java:27)
	at org.junit.rules.TestWatcher$1.evaluate(TestWatcher.java:55)
	at org.junit.rules.RunRules.evaluate(RunRules.java:20)
	at org.junit.runners.ParentRunner.runLeaf(ParentRunner.java:325)
	at org.junit.runners.BlockJUnit4ClassRunner.runChild(BlockJUnit4ClassRunner.java:78)
	at org.junit.runners.BlockJUnit4ClassRunner.runChild(BlockJUnit4ClassRunner.java:57)
	at org.junit.runners.ParentRunner$3.run(ParentRunner.java:290)
	at org.junit.runners.ParentRunner$1.schedule(ParentRunner.java:71)
	at org.junit.runners.ParentRunner.runChildren(ParentRunner.java:288)
	at org.junit.runners.ParentRunner.access$000(ParentRunner.java:58)
	at org.junit.runners.ParentRunner$2.evaluate(ParentRunner.java:268)
	at org.junit.internal.runners.statements.RunBefores.evaluate(RunBefores.java:26)
	at org.junit.runners.ParentRunner.run(ParentRunner.java:363)
	at org.apache.maven.surefire.junit4.JUnit4Provider.execute(JUnit4Provider.java:365)
	at org.apache.maven.surefire.junit4.JUnit4Provider.executeWithRerun(JUnit4Provider.java:273)
	at org.apache.maven.surefire.junit4.JUnit4Provider.executeTestSet(JUnit4Provider.java:238)
	at org.apache.maven.surefire.junit4.JUnit4Provider.invoke(JUnit4Provider.java:159)
	at org.apache.maven.surefire.booter.ForkedBooter.invokeProviderInSameClassLoader(ForkedBooter.java:384)
	at org.apache.maven.surefire.booter.ForkedBooter.runSuitesInProcess(ForkedBooter.java:345)
	at org.apache.maven.surefire.booter.ForkedBooter.execute(ForkedBooter.java:126)
	at org.apache.maven.surefire.booter.ForkedBooter.main(ForkedBooter.java:418)
Caused by: java.security.cert.CertificateException: Failed to verify both host address and host name
	at org.apache.zookeeper.common.ZKTrustManager.performHostVerification(ZKTrustManager.java:163)
	at org.apache.zookeeper.common.ZKTrustManager.checkServerTrusted(ZKTrustManager.java:90)
	at sun.security.ssl.ClientHandshaker.serverCertificate(ClientHandshaker.java:1670)
	... 47 more
Caused by: javax.net.ssl.SSLPeerUnverifiedException: Certificate for <activate.navicat.com> doesn't match common name of the certificate subject: localhost
	at org.apache.zookeeper.common.ZKHostnameVerifier.matchCN(ZKHostnameVerifier.java:238)
	at org.apache.zookeeper.common.ZKHostnameVerifier.verify(ZKHostnameVerifier.java:184)
	at org.apache.zookeeper.common.ZKTrustManager.performHostVerification(ZKTrustManager.java:159)
	... 49 more
2020-06-22 14:22:33,471 [myid:] - ERROR [nioEventLoopGroup-4-1:NettyServerCnxnFactory$CertificateVerifier@434] - Unsuccessful handshake with session 0x0
2020-06-22 14:22:33,477 [myid:] - WARN  [nioEventLoopGroup-4-1:NettyServerCnxnFactory$CnxnChannelHandler@273] - Exception caught
io.netty.handler.codec.DecoderException: javax.net.ssl.SSLException: Received fatal alert: certificate_unknown
	at io.netty.handler.codec.ByteToMessageDecoder.callDecode(ByteToMessageDecoder.java:468)
	at io.netty.handler.codec.ByteToMessageDecoder.channelRead(ByteToMessageDecoder.java:276)
	at io.netty.channel.AbstractChannelHandlerContext.invokeChannelRead(AbstractChannelHandlerContext.java:379)
	at io.netty.channel.AbstractChannelHandlerContext.invokeChannelRead(AbstractChannelHandlerContext.java:365)
	at io.netty.channel.AbstractChannelHandlerContext.fireChannelRead(AbstractChannelHandlerContext.java:357)
	at io.netty.channel.DefaultChannelPipeline$HeadContext.channelRead(DefaultChannelPipeline.java:1410)
	at io.netty.channel.AbstractChannelHandlerContext.invokeChannelRead(AbstractChannelHandlerContext.java:379)
	at io.netty.channel.AbstractChannelHandlerContext.invokeChannelRead(AbstractChannelHandlerContext.java:365)
	at io.netty.channel.DefaultChannelPipeline.fireChannelRead(DefaultChannelPipeline.java:919)
	at io.netty.channel.nio.AbstractNioByteChannel$NioByteUnsafe.read(AbstractNioByteChannel.java:163)
	at io.netty.channel.nio.NioEventLoop.processSelectedKey(NioEventLoop.java:714)
	at io.netty.channel.nio.NioEventLoop.processSelectedKeysOptimized(NioEventLoop.java:650)
	at io.netty.channel.nio.NioEventLoop.processSelectedKeys(NioEventLoop.java:576)
	at io.netty.channel.nio.NioEventLoop.run(NioEventLoop.java:493)
	at io.netty.util.concurrent.SingleThreadEventExecutor$4.run(SingleThreadEventExecutor.java:989)
	at io.netty.util.internal.ThreadExecutorMap$2.run(ThreadExecutorMap.java:74)
	at io.netty.util.concurrent.FastThreadLocalRunnable.run(FastThreadLocalRunnable.java:30)
	at java.lang.Thread.run(Thread.java:748)
Caused by: javax.net.ssl.SSLException: Received fatal alert: certificate_unknown
	at sun.security.ssl.Alerts.getSSLException(Alerts.java:214)
	at sun.security.ssl.SSLEngineImpl.fatal(SSLEngineImpl.java:1667)
	at sun.security.ssl.SSLEngineImpl.fatal(SSLEngineImpl.java:1635)
	at sun.security.ssl.SSLEngineImpl.recvAlert(SSLEngineImpl.java:1801)
	at sun.security.ssl.SSLEngineImpl.readRecord(SSLEngineImpl.java:1090)
	at sun.security.ssl.SSLEngineImpl.readNetRecord(SSLEngineImpl.java:913)
	at sun.security.ssl.SSLEngineImpl.unwrap(SSLEngineImpl.java:783)
	at javax.net.ssl.SSLEngine.unwrap(SSLEngine.java:626)
	at io.netty.handler.ssl.SslHandler$SslEngineType$3.unwrap(SslHandler.java:281)
	at io.netty.handler.ssl.SslHandler.unwrap(SslHandler.java:1340)
	at io.netty.handler.ssl.SslHandler.decodeJdkCompatible(SslHandler.java:1235)
	at io.netty.handler.ssl.SslHandler.decode(SslHandler.java:1282)
	at io.netty.handler.codec.ByteToMessageDecoder.decodeRemovalReentryProtection(ByteToMessageDecoder.java:498)
	at io.netty.handler.codec.ByteToMessageDecoder.callDecode(ByteToMessageDecoder.java:437)
	... 17 more
2020-06-22 14:22:33,478 [myid:] - WARN  [nioEventLoopGroup-4-1:NettyServerCnxnFactory$CnxnChannelHandler@273] - Exception caught
io.netty.handler.codec.DecoderException: javax.net.ssl.SSLException: Received fatal alert: certificate_unknown
	at io.netty.handler.codec.ByteToMessageDecoder.callDecode(ByteToMessageDecoder.java:468)
	at io.netty.handler.codec.ByteToMessageDecoder.channelInputClosed(ByteToMessageDecoder.java:401)
	at io.netty.handler.codec.ByteToMessageDecoder.channelInputClosed(ByteToMessageDecoder.java:368)
	at io.netty.handler.codec.ByteToMessageDecoder.channelInactive(ByteToMessageDecoder.java:351)
	at io.netty.handler.ssl.SslHandler.channelInactive(SslHandler.java:1084)
	at io.netty.channel.AbstractChannelHandlerContext.invokeChannelInactive(AbstractChannelHandlerContext.java:262)
	at io.netty.channel.AbstractChannelHandlerContext.invokeChannelInactive(AbstractChannelHandlerContext.java:248)
	at io.netty.channel.AbstractChannelHandlerContext.fireChannelInactive(AbstractChannelHandlerContext.java:241)
	at io.netty.channel.DefaultChannelPipeline$HeadContext.channelInactive(DefaultChannelPipeline.java:1405)
	at io.netty.channel.AbstractChannelHandlerContext.invokeChannelInactive(AbstractChannelHandlerContext.java:262)
	at io.netty.channel.AbstractChannelHandlerContext.invokeChannelInactive(AbstractChannelHandlerContext.java:248)
	at io.netty.channel.DefaultChannelPipeline.fireChannelInactive(DefaultChannelPipeline.java:901)
	at io.netty.channel.AbstractChannel$AbstractUnsafe$8.run(AbstractChannel.java:818)
	at io.netty.util.concurrent.AbstractEventExecutor.safeExecute(AbstractEventExecutor.java:164)
	at io.netty.util.concurrent.SingleThreadEventExecutor.runAllTasks(SingleThreadEventExecutor.java:472)
	at io.netty.channel.nio.NioEventLoop.run(NioEventLoop.java:497)
	at io.netty.util.concurrent.SingleThreadEventExecutor$4.run(SingleThreadEventExecutor.java:989)
	at io.netty.util.internal.ThreadExecutorMap$2.run(ThreadExecutorMap.java:74)
	at io.netty.util.concurrent.FastThreadLocalRunnable.run(FastThreadLocalRunnable.java:30)
	at java.lang.Thread.run(Thread.java:748)
Caused by: javax.net.ssl.SSLException: Received fatal alert: certificate_unknown
	at sun.security.ssl.Alerts.getSSLException(Alerts.java:214)
	at sun.security.ssl.SSLEngineImpl.fatal(SSLEngineImpl.java:1667)
	at sun.security.ssl.SSLEngineImpl.fatal(SSLEngineImpl.java:1635)
	at sun.security.ssl.SSLEngineImpl.recvAlert(SSLEngineImpl.java:1801)
	at sun.security.ssl.SSLEngineImpl.readRecord(SSLEngineImpl.java:1090)
	at sun.security.ssl.SSLEngineImpl.readNetRecord(SSLEngineImpl.java:913)
	at sun.security.ssl.SSLEngineImpl.unwrap(SSLEngineImpl.java:783)
	at javax.net.ssl.SSLEngine.unwrap(SSLEngine.java:626)
	at io.netty.handler.ssl.SslHandler$SslEngineType$3.unwrap(SslHandler.java:281)
	at io.netty.handler.ssl.SslHandler.unwrap(SslHandler.java:1340)
	at io.netty.handler.ssl.SslHandler.decodeJdkCompatible(SslHandler.java:1235)
	at io.netty.handler.ssl.SslHandler.decode(SslHandler.java:1282)
	at io.netty.handler.codec.ByteToMessageDecoder.decodeRemovalReentryProtection(ByteToMessageDecoder.java:498)
	at io.netty.handler.codec.ByteToMessageDecoder.callDecode(ByteToMessageDecoder.java:437)
	... 19 more
2020-06-22 14:22:33,723 [myid:] - INFO  [main:FourLetterWordMain@93] - connecting to 127.0.0.1 21995
2020-06-22 14:22:33,723 [myid:] - INFO  [main:FourLetterWordMain@99] - using secure socket
2020-06-22 14:22:33,760 [myid:] - ERROR [main:ZKTrustManager@161] - Failed to verify host address: 127.0.0.1
javax.net.ssl.SSLPeerUnverifiedException: Certificate for <127.0.0.1> doesn't match common name of the certificate subject: localhost
	at org.apache.zookeeper.common.ZKHostnameVerifier.matchCN(ZKHostnameVerifier.java:238)
	at org.apache.zookeeper.common.ZKHostnameVerifier.verify(ZKHostnameVerifier.java:184)
	at org.apache.zookeeper.common.ZKTrustManager.performHostVerification(ZKTrustManager.java:151)
	at org.apache.zookeeper.common.ZKTrustManager.checkServerTrusted(ZKTrustManager.java:90)
	at sun.security.ssl.ClientHandshaker.serverCertificate(ClientHandshaker.java:1670)
	at sun.security.ssl.ClientHandshaker.processMessage(ClientHandshaker.java:226)
	at sun.security.ssl.Handshaker.processLoop(Handshaker.java:1082)
	at sun.security.ssl.Handshaker.process_record(Handshaker.java:1010)
	at sun.security.ssl.SSLSocketImpl.readRecord(SSLSocketImpl.java:1079)
	at sun.security.ssl.SSLSocketImpl.performInitialHandshake(SSLSocketImpl.java:1388)
	at sun.security.ssl.SSLSocketImpl.startHandshake(SSLSocketImpl.java:1416)
	at sun.security.ssl.SSLSocketImpl.startHandshake(SSLSocketImpl.java:1400)
	at org.apache.zookeeper.client.FourLetterWordMain.send4LetterWord(FourLetterWordMain.java:105)
	at org.apache.zookeeper.client.FourLetterWordMain.send4LetterWord(FourLetterWordMain.java:73)
	at org.apache.zookeeper.test.ClientBase.waitForServerUp(ClientBase.java:261)
	at org.apache.zookeeper.test.ClientBase.startServerInstance(ClientBase.java:401)
	at org.apache.zookeeper.test.ClientBase.startServer(ClientBase.java:516)
	at org.apache.zookeeper.test.ClientBase.setUpWithServerId(ClientBase.java:499)
	at org.apache.zookeeper.test.ClientBase.setUp(ClientBase.java:474)
	at org.apache.zookeeper.test.SaslDigestAuthOverSSLTest.setUp(SaslDigestAuthOverSSLTest.java:62)
	at sun.reflect.NativeMethodAccessorImpl.invoke0(Native Method)
	at sun.reflect.NativeMethodAccessorImpl.invoke(NativeMethodAccessorImpl.java:62)
	at sun.reflect.DelegatingMethodAccessorImpl.invoke(DelegatingMethodAccessorImpl.java:43)
	at java.lang.reflect.Method.invoke(Method.java:498)
	at org.junit.runners.model.FrameworkMethod$1.runReflectiveCall(FrameworkMethod.java:50)
	at org.junit.internal.runners.model.ReflectiveCallable.run(ReflectiveCallable.java:12)
	at org.junit.runners.model.FrameworkMethod.invokeExplosively(FrameworkMethod.java:47)
	at mockit.integration.junit4.JUnit4TestRunnerDecorator.invokeExplosively(JUnit4TestRunnerDecorator.java:49)
	at mockit.integration.junit4.FakeFrameworkMethod.invokeExplosively(FakeFrameworkMethod.java:29)
	at org.junit.runners.model.FrameworkMethod.invokeExplosively(FrameworkMethod.java)
	at org.junit.internal.runners.statements.RunBefores.evaluate(RunBefores.java:24)
	at org.junit.internal.runners.statements.RunAfters.evaluate(RunAfters.java:27)
	at org.junit.rules.TestWatcher$1.evaluate(TestWatcher.java:55)
	at org.junit.rules.RunRules.evaluate(RunRules.java:20)
	at org.junit.runners.ParentRunner.runLeaf(ParentRunner.java:325)
	at org.junit.runners.BlockJUnit4ClassRunner.runChild(BlockJUnit4ClassRunner.java:78)
	at org.junit.runners.BlockJUnit4ClassRunner.runChild(BlockJUnit4ClassRunner.java:57)
	at org.junit.runners.ParentRunner$3.run(ParentRunner.java:290)
	at org.junit.runners.ParentRunner$1.schedule(ParentRunner.java:71)
	at org.junit.runners.ParentRunner.runChildren(ParentRunner.java:288)
	at org.junit.runners.ParentRunner.access$000(ParentRunner.java:58)
	at org.junit.runners.ParentRunner$2.evaluate(ParentRunner.java:268)
	at org.junit.internal.runners.statements.RunBefores.evaluate(RunBefores.java:26)
	at org.junit.runners.ParentRunner.run(ParentRunner.java:363)
	at org.apache.maven.surefire.junit4.JUnit4Provider.execute(JUnit4Provider.java:365)
	at org.apache.maven.surefire.junit4.JUnit4Provider.executeWithRerun(JUnit4Provider.java:273)
	at org.apache.maven.surefire.junit4.JUnit4Provider.executeTestSet(JUnit4Provider.java:238)
	at org.apache.maven.surefire.junit4.JUnit4Provider.invoke(JUnit4Provider.java:159)
	at org.apache.maven.surefire.booter.ForkedBooter.invokeProviderInSameClassLoader(ForkedBooter.java:384)
	at org.apache.maven.surefire.booter.ForkedBooter.runSuitesInProcess(ForkedBooter.java:345)
	at org.apache.maven.surefire.booter.ForkedBooter.execute(ForkedBooter.java:126)
	at org.apache.maven.surefire.booter.ForkedBooter.main(ForkedBooter.java:418)
2020-06-22 14:22:33,761 [myid:] - ERROR [main:ZKTrustManager@162] - Failed to verify hostname: activate.navicat.com
javax.net.ssl.SSLPeerUnverifiedException: Certificate for <activate.navicat.com> doesn't match common name of the certificate subject: localhost
	at org.apache.zookeeper.common.ZKHostnameVerifier.matchCN(ZKHostnameVerifier.java:238)
	at org.apache.zookeeper.common.ZKHostnameVerifier.verify(ZKHostnameVerifier.java:184)
	at org.apache.zookeeper.common.ZKTrustManager.performHostVerification(ZKTrustManager.java:159)
	at org.apache.zookeeper.common.ZKTrustManager.checkServerTrusted(ZKTrustManager.java:90)
	at sun.security.ssl.ClientHandshaker.serverCertificate(ClientHandshaker.java:1670)
	at sun.security.ssl.ClientHandshaker.processMessage(ClientHandshaker.java:226)
	at sun.security.ssl.Handshaker.processLoop(Handshaker.java:1082)
	at sun.security.ssl.Handshaker.process_record(Handshaker.java:1010)
	at sun.security.ssl.SSLSocketImpl.readRecord(SSLSocketImpl.java:1079)
	at sun.security.ssl.SSLSocketImpl.performInitialHandshake(SSLSocketImpl.java:1388)
	at sun.security.ssl.SSLSocketImpl.startHandshake(SSLSocketImpl.java:1416)
	at sun.security.ssl.SSLSocketImpl.startHandshake(SSLSocketImpl.java:1400)
	at org.apache.zookeeper.client.FourLetterWordMain.send4LetterWord(FourLetterWordMain.java:105)
	at org.apache.zookeeper.client.FourLetterWordMain.send4LetterWord(FourLetterWordMain.java:73)
	at org.apache.zookeeper.test.ClientBase.waitForServerUp(ClientBase.java:261)
	at org.apache.zookeeper.test.ClientBase.startServerInstance(ClientBase.java:401)
	at org.apache.zookeeper.test.ClientBase.startServer(ClientBase.java:516)
	at org.apache.zookeeper.test.ClientBase.setUpWithServerId(ClientBase.java:499)
	at org.apache.zookeeper.test.ClientBase.setUp(ClientBase.java:474)
	at org.apache.zookeeper.test.SaslDigestAuthOverSSLTest.setUp(SaslDigestAuthOverSSLTest.java:62)
	at sun.reflect.NativeMethodAccessorImpl.invoke0(Native Method)
	at sun.reflect.NativeMethodAccessorImpl.invoke(NativeMethodAccessorImpl.java:62)
	at sun.reflect.DelegatingMethodAccessorImpl.invoke(DelegatingMethodAccessorImpl.java:43)
	at java.lang.reflect.Method.invoke(Method.java:498)
	at org.junit.runners.model.FrameworkMethod$1.runReflectiveCall(FrameworkMethod.java:50)
	at org.junit.internal.runners.model.ReflectiveCallable.run(ReflectiveCallable.java:12)
	at org.junit.runners.model.FrameworkMethod.invokeExplosively(FrameworkMethod.java:47)
	at mockit.integration.junit4.JUnit4TestRunnerDecorator.invokeExplosively(JUnit4TestRunnerDecorator.java:49)
	at mockit.integration.junit4.FakeFrameworkMethod.invokeExplosively(FakeFrameworkMethod.java:29)
	at org.junit.runners.model.FrameworkMethod.invokeExplosively(FrameworkMethod.java)
	at org.junit.internal.runners.statements.RunBefores.evaluate(RunBefores.java:24)
	at org.junit.internal.runners.statements.RunAfters.evaluate(RunAfters.java:27)
	at org.junit.rules.TestWatcher$1.evaluate(TestWatcher.java:55)
	at org.junit.rules.RunRules.evaluate(RunRules.java:20)
	at org.junit.runners.ParentRunner.runLeaf(ParentRunner.java:325)
	at org.junit.runners.BlockJUnit4ClassRunner.runChild(BlockJUnit4ClassRunner.java:78)
	at org.junit.runners.BlockJUnit4ClassRunner.runChild(BlockJUnit4ClassRunner.java:57)
	at org.junit.runners.ParentRunner$3.run(ParentRunner.java:290)
	at org.junit.runners.ParentRunner$1.schedule(ParentRunner.java:71)
	at org.junit.runners.ParentRunner.runChildren(ParentRunner.java:288)
	at org.junit.runners.ParentRunner.access$000(ParentRunner.java:58)
	at org.junit.runners.ParentRunner$2.evaluate(ParentRunner.java:268)
	at org.junit.internal.runners.statements.RunBefores.evaluate(RunBefores.java:26)
	at org.junit.runners.ParentRunner.run(ParentRunner.java:363)
	at org.apache.maven.surefire.junit4.JUnit4Provider.execute(JUnit4Provider.java:365)
	at org.apache.maven.surefire.junit4.JUnit4Provider.executeWithRerun(JUnit4Provider.java:273)
	at org.apache.maven.surefire.junit4.JUnit4Provider.executeTestSet(JUnit4Provider.java:238)
	at org.apache.maven.surefire.junit4.JUnit4Provider.invoke(JUnit4Provider.java:159)
	at org.apache.maven.surefire.booter.ForkedBooter.invokeProviderInSameClassLoader(ForkedBooter.java:384)
	at org.apache.maven.surefire.booter.ForkedBooter.runSuitesInProcess(ForkedBooter.java:345)
	at org.apache.maven.surefire.booter.ForkedBooter.execute(ForkedBooter.java:126)
	at org.apache.maven.surefire.booter.ForkedBooter.main(ForkedBooter.java:418)
2020-06-22 14:22:33,763 [myid:] - INFO  [main:ClientBase@270] - server 127.0.0.1:21995 not up
javax.net.ssl.SSLHandshakeException: java.security.cert.CertificateException: Failed to verify both host address and host name
	at sun.security.ssl.Alerts.getSSLException(Alerts.java:198)
	at sun.security.ssl.SSLSocketImpl.fatal(SSLSocketImpl.java:1967)
	at sun.security.ssl.Handshaker.fatalSE(Handshaker.java:331)
	at sun.security.ssl.Handshaker.fatalSE(Handshaker.java:325)
	at sun.security.ssl.ClientHandshaker.serverCertificate(ClientHandshaker.java:1688)
	at sun.security.ssl.ClientHandshaker.processMessage(ClientHandshaker.java:226)
	at sun.security.ssl.Handshaker.processLoop(Handshaker.java:1082)
	at sun.security.ssl.Handshaker.process_record(Handshaker.java:1010)
	at sun.security.ssl.SSLSocketImpl.readRecord(SSLSocketImpl.java:1079)
	at sun.security.ssl.SSLSocketImpl.performInitialHandshake(SSLSocketImpl.java:1388)
	at sun.security.ssl.SSLSocketImpl.startHandshake(SSLSocketImpl.java:1416)
	at sun.security.ssl.SSLSocketImpl.startHandshake(SSLSocketImpl.java:1400)
	at org.apache.zookeeper.client.FourLetterWordMain.send4LetterWord(FourLetterWordMain.java:105)
	at org.apache.zookeeper.client.FourLetterWordMain.send4LetterWord(FourLetterWordMain.java:73)
	at org.apache.zookeeper.test.ClientBase.waitForServerUp(ClientBase.java:261)
	at org.apache.zookeeper.test.ClientBase.startServerInstance(ClientBase.java:401)
	at org.apache.zookeeper.test.ClientBase.startServer(ClientBase.java:516)
	at org.apache.zookeeper.test.ClientBase.setUpWithServerId(ClientBase.java:499)
	at org.apache.zookeeper.test.ClientBase.setUp(ClientBase.java:474)
	at org.apache.zookeeper.test.SaslDigestAuthOverSSLTest.setUp(SaslDigestAuthOverSSLTest.java:62)
	at sun.reflect.NativeMethodAccessorImpl.invoke0(Native Method)
	at sun.reflect.NativeMethodAccessorImpl.invoke(NativeMethodAccessorImpl.java:62)
	at sun.reflect.DelegatingMethodAccessorImpl.invoke(DelegatingMethodAccessorImpl.java:43)
	at java.lang.reflect.Method.invoke(Method.java:498)
	at org.junit.runners.model.FrameworkMethod$1.runReflectiveCall(FrameworkMethod.java:50)
	at org.junit.internal.runners.model.ReflectiveCallable.run(ReflectiveCallable.java:12)
	at org.junit.runners.model.FrameworkMethod.invokeExplosively(FrameworkMethod.java:47)
	at mockit.integration.junit4.JUnit4TestRunnerDecorator.invokeExplosively(JUnit4TestRunnerDecorator.java:49)
	at mockit.integration.junit4.FakeFrameworkMethod.invokeExplosively(FakeFrameworkMethod.java:29)
	at org.junit.runners.model.FrameworkMethod.invokeExplosively(FrameworkMethod.java)
	at org.junit.internal.runners.statements.RunBefores.evaluate(RunBefores.java:24)
	at org.junit.internal.runners.statements.RunAfters.evaluate(RunAfters.java:27)
	at org.junit.rules.TestWatcher$1.evaluate(TestWatcher.java:55)
	at org.junit.rules.RunRules.evaluate(RunRules.java:20)
	at org.junit.runners.ParentRunner.runLeaf(ParentRunner.java:325)
	at org.junit.runners.BlockJUnit4ClassRunner.runChild(BlockJUnit4ClassRunner.java:78)
	at org.junit.runners.BlockJUnit4ClassRunner.runChild(BlockJUnit4ClassRunner.java:57)
	at org.junit.runners.ParentRunner$3.run(ParentRunner.java:290)
	at org.junit.runners.ParentRunner$1.schedule(ParentRunner.java:71)
	at org.junit.runners.ParentRunner.runChildren(ParentRunner.java:288)
	at org.junit.runners.ParentRunner.access$000(ParentRunner.java:58)
	at org.junit.runners.ParentRunner$2.evaluate(ParentRunner.java:268)
	at org.junit.internal.runners.statements.RunBefores.evaluate(RunBefores.java:26)
	at org.junit.runners.ParentRunner.run(ParentRunner.java:363)
	at org.apache.maven.surefire.junit4.JUnit4Provider.execute(JUnit4Provider.java:365)
	at org.apache.maven.surefire.junit4.JUnit4Provider.executeWithRerun(JUnit4Provider.java:273)
	at org.apache.maven.surefire.junit4.JUnit4Provider.executeTestSet(JUnit4Provider.java:238)
	at org.apache.maven.surefire.junit4.JUnit4Provider.invoke(JUnit4Provider.java:159)
	at org.apache.maven.surefire.booter.ForkedBooter.invokeProviderInSameClassLoader(ForkedBooter.java:384)
	at org.apache.maven.surefire.booter.ForkedBooter.runSuitesInProcess(ForkedBooter.java:345)
	at org.apache.maven.surefire.booter.ForkedBooter.execute(ForkedBooter.java:126)
	at org.apache.maven.surefire.booter.ForkedBooter.main(ForkedBooter.java:418)
Caused by: java.security.cert.CertificateException: Failed to verify both host address and host name
	at org.apache.zookeeper.common.ZKTrustManager.performHostVerification(ZKTrustManager.java:163)
	at org.apache.zookeeper.common.ZKTrustManager.checkServerTrusted(ZKTrustManager.java:90)
	at sun.security.ssl.ClientHandshaker.serverCertificate(ClientHandshaker.java:1670)
	... 47 more
Caused by: javax.net.ssl.SSLPeerUnverifiedException: Certificate for <activate.navicat.com> doesn't match common name of the certificate subject: localhost
	at org.apache.zookeeper.common.ZKHostnameVerifier.matchCN(ZKHostnameVerifier.java:238)
	at org.apache.zookeeper.common.ZKHostnameVerifier.verify(ZKHostnameVerifier.java:184)
	at org.apache.zookeeper.common.ZKTrustManager.performHostVerification(ZKTrustManager.java:159)
	... 49 more
2020-06-22 14:22:33,763 [myid:] - ERROR [nioEventLoopGroup-4-2:NettyServerCnxnFactory$CertificateVerifier@434] - Unsuccessful handshake with session 0x0
2020-06-22 14:22:33,766 [myid:] - WARN  [nioEventLoopGroup-4-2:NettyServerCnxnFactory$CnxnChannelHandler@273] - Exception caught
io.netty.handler.codec.DecoderException: javax.net.ssl.SSLException: Received fatal alert: certificate_unknown
	at io.netty.handler.codec.ByteToMessageDecoder.callDecode(ByteToMessageDecoder.java:468)
	at io.netty.handler.codec.ByteToMessageDecoder.channelRead(ByteToMessageDecoder.java:276)
	at io.netty.channel.AbstractChannelHandlerContext.invokeChannelRead(AbstractChannelHandlerContext.java:379)
	at io.netty.channel.AbstractChannelHandlerContext.invokeChannelRead(AbstractChannelHandlerContext.java:365)
	at io.netty.channel.AbstractChannelHandlerContext.fireChannelRead(AbstractChannelHandlerContext.java:357)
	at io.netty.channel.DefaultChannelPipeline$HeadContext.channelRead(DefaultChannelPipeline.java:1410)
	at io.netty.channel.AbstractChannelHandlerContext.invokeChannelRead(AbstractChannelHandlerContext.java:379)
	at io.netty.channel.AbstractChannelHandlerContext.invokeChannelRead(AbstractChannelHandlerContext.java:365)
	at io.netty.channel.DefaultChannelPipeline.fireChannelRead(DefaultChannelPipeline.java:919)
	at io.netty.channel.nio.AbstractNioByteChannel$NioByteUnsafe.read(AbstractNioByteChannel.java:163)
	at io.netty.channel.nio.NioEventLoop.processSelectedKey(NioEventLoop.java:714)
	at io.netty.channel.nio.NioEventLoop.processSelectedKeysOptimized(NioEventLoop.java:650)
	at io.netty.channel.nio.NioEventLoop.processSelectedKeys(NioEventLoop.java:576)
	at io.netty.channel.nio.NioEventLoop.run(NioEventLoop.java:493)
	at io.netty.util.concurrent.SingleThreadEventExecutor$4.run(SingleThreadEventExecutor.java:989)
	at io.netty.util.internal.ThreadExecutorMap$2.run(ThreadExecutorMap.java:74)
	at io.netty.util.concurrent.FastThreadLocalRunnable.run(FastThreadLocalRunnable.java:30)
	at java.lang.Thread.run(Thread.java:748)
Caused by: javax.net.ssl.SSLException: Received fatal alert: certificate_unknown
	at sun.security.ssl.Alerts.getSSLException(Alerts.java:214)
	at sun.security.ssl.SSLEngineImpl.fatal(SSLEngineImpl.java:1667)
	at sun.security.ssl.SSLEngineImpl.fatal(SSLEngineImpl.java:1635)
	at sun.security.ssl.SSLEngineImpl.recvAlert(SSLEngineImpl.java:1801)
	at sun.security.ssl.SSLEngineImpl.readRecord(SSLEngineImpl.java:1090)
	at sun.security.ssl.SSLEngineImpl.readNetRecord(SSLEngineImpl.java:913)
	at sun.security.ssl.SSLEngineImpl.unwrap(SSLEngineImpl.java:783)
	at javax.net.ssl.SSLEngine.unwrap(SSLEngine.java:626)
	at io.netty.handler.ssl.SslHandler$SslEngineType$3.unwrap(SslHandler.java:281)
	at io.netty.handler.ssl.SslHandler.unwrap(SslHandler.java:1340)
	at io.netty.handler.ssl.SslHandler.decodeJdkCompatible(SslHandler.java:1235)
	at io.netty.handler.ssl.SslHandler.decode(SslHandler.java:1282)
	at io.netty.handler.codec.ByteToMessageDecoder.decodeRemovalReentryProtection(ByteToMessageDecoder.java:498)
	at io.netty.handler.codec.ByteToMessageDecoder.callDecode(ByteToMessageDecoder.java:437)
	... 17 more
2020-06-22 14:22:33,767 [myid:] - WARN  [nioEventLoopGroup-4-2:NettyServerCnxnFactory$CnxnChannelHandler@273] - Exception caught
io.netty.handler.codec.DecoderException: javax.net.ssl.SSLException: Received fatal alert: certificate_unknown
	at io.netty.handler.codec.ByteToMessageDecoder.callDecode(ByteToMessageDecoder.java:468)
	at io.netty.handler.codec.ByteToMessageDecoder.channelInputClosed(ByteToMessageDecoder.java:401)
	at io.netty.handler.codec.ByteToMessageDecoder.channelInputClosed(ByteToMessageDecoder.java:368)
	at io.netty.handler.codec.ByteToMessageDecoder.channelInactive(ByteToMessageDecoder.java:351)
	at io.netty.handler.ssl.SslHandler.channelInactive(SslHandler.java:1084)
	at io.netty.channel.AbstractChannelHandlerContext.invokeChannelInactive(AbstractChannelHandlerContext.java:262)
	at io.netty.channel.AbstractChannelHandlerContext.invokeChannelInactive(AbstractChannelHandlerContext.java:248)
	at io.netty.channel.AbstractChannelHandlerContext.fireChannelInactive(AbstractChannelHandlerContext.java:241)
	at io.netty.channel.DefaultChannelPipeline$HeadContext.channelInactive(DefaultChannelPipeline.java:1405)
	at io.netty.channel.AbstractChannelHandlerContext.invokeChannelInactive(AbstractChannelHandlerContext.java:262)
	at io.netty.channel.AbstractChannelHandlerContext.invokeChannelInactive(AbstractChannelHandlerContext.java:248)
	at io.netty.channel.DefaultChannelPipeline.fireChannelInactive(DefaultChannelPipeline.java:901)
	at io.netty.channel.AbstractChannel$AbstractUnsafe$8.run(AbstractChannel.java:818)
	at io.netty.util.concurrent.AbstractEventExecutor.safeExecute(AbstractEventExecutor.java:164)
	at io.netty.util.concurrent.SingleThreadEventExecutor.runAllTasks(SingleThreadEventExecutor.java:472)
	at io.netty.channel.nio.NioEventLoop.run(NioEventLoop.java:497)
	at io.netty.util.concurrent.SingleThreadEventExecutor$4.run(SingleThreadEventExecutor.java:989)
	at io.netty.util.internal.ThreadExecutorMap$2.run(ThreadExecutorMap.java:74)
	at io.netty.util.concurrent.FastThreadLocalRunnable.run(FastThreadLocalRunnable.java:30)
	at java.lang.Thread.run(Thread.java:748)
Caused by: javax.net.ssl.SSLException: Received fatal alert: certificate_unknown
	at sun.security.ssl.Alerts.getSSLException(Alerts.java:214)
	at sun.security.ssl.SSLEngineImpl.fatal(SSLEngineImpl.java:1667)
	at sun.security.ssl.SSLEngineImpl.fatal(SSLEngineImpl.java:1635)
	at sun.security.ssl.SSLEngineImpl.recvAlert(SSLEngineImpl.java:1801)
	at sun.security.ssl.SSLEngineImpl.readRecord(SSLEngineImpl.java:1090)
	at sun.security.ssl.SSLEngineImpl.readNetRecord(SSLEngineImpl.java:913)
	at sun.security.ssl.SSLEngineImpl.unwrap(SSLEngineImpl.java:783)
	at javax.net.ssl.SSLEngine.unwrap(SSLEngine.java:626)
	at io.netty.handler.ssl.SslHandler$SslEngineType$3.unwrap(SslHandler.java:281)
	at io.netty.handler.ssl.SslHandler.unwrap(SslHandler.java:1340)
	at io.netty.handler.ssl.SslHandler.decodeJdkCompatible(SslHandler.java:1235)
	at io.netty.handler.ssl.SslHandler.decode(SslHandler.java:1282)
	at io.netty.handler.codec.ByteToMessageDecoder.decodeRemovalReentryProtection(ByteToMessageDecoder.java:498)
	at io.netty.handler.codec.ByteToMessageDecoder.callDecode(ByteToMessageDecoder.java:437)
	... 19 more
2020-06-22 14:22:34,014 [myid:] - INFO  [main:FourLetterWordMain@93] - connecting to 127.0.0.1 21995
2020-06-22 14:22:34,014 [myid:] - INFO  [main:FourLetterWordMain@99] - using secure socket
2020-06-22 14:22:34,043 [myid:] - ERROR [main:ZKTrustManager@161] - Failed to verify host address: 127.0.0.1
javax.net.ssl.SSLPeerUnverifiedException: Certificate for <127.0.0.1> doesn't match common name of the certificate subject: localhost
	at org.apache.zookeeper.common.ZKHostnameVerifier.matchCN(ZKHostnameVerifier.java:238)
	at org.apache.zookeeper.common.ZKHostnameVerifier.verify(ZKHostnameVerifier.java:184)
	at org.apache.zookeeper.common.ZKTrustManager.performHostVerification(ZKTrustManager.java:151)
	at org.apache.zookeeper.common.ZKTrustManager.checkServerTrusted(ZKTrustManager.java:90)
	at sun.security.ssl.ClientHandshaker.serverCertificate(ClientHandshaker.java:1670)
	at sun.security.ssl.ClientHandshaker.processMessage(ClientHandshaker.java:226)
	at sun.security.ssl.Handshaker.processLoop(Handshaker.java:1082)
	at sun.security.ssl.Handshaker.process_record(Handshaker.java:1010)
	at sun.security.ssl.SSLSocketImpl.readRecord(SSLSocketImpl.java:1079)
	at sun.security.ssl.SSLSocketImpl.performInitialHandshake(SSLSocketImpl.java:1388)
	at sun.security.ssl.SSLSocketImpl.startHandshake(SSLSocketImpl.java:1416)
	at sun.security.ssl.SSLSocketImpl.startHandshake(SSLSocketImpl.java:1400)
	at org.apache.zookeeper.client.FourLetterWordMain.send4LetterWord(FourLetterWordMain.java:105)
	at org.apache.zookeeper.client.FourLetterWordMain.send4LetterWord(FourLetterWordMain.java:73)
	at org.apache.zookeeper.test.ClientBase.waitForServerUp(ClientBase.java:261)
	at org.apache.zookeeper.test.ClientBase.startServerInstance(ClientBase.java:401)
	at org.apache.zookeeper.test.ClientBase.startServer(ClientBase.java:516)
	at org.apache.zookeeper.test.ClientBase.setUpWithServerId(ClientBase.java:499)
	at org.apache.zookeeper.test.ClientBase.setUp(ClientBase.java:474)
	at org.apache.zookeeper.test.SaslDigestAuthOverSSLTest.setUp(SaslDigestAuthOverSSLTest.java:62)
	at sun.reflect.NativeMethodAccessorImpl.invoke0(Native Method)
	at sun.reflect.NativeMethodAccessorImpl.invoke(NativeMethodAccessorImpl.java:62)
	at sun.reflect.DelegatingMethodAccessorImpl.invoke(DelegatingMethodAccessorImpl.java:43)
	at java.lang.reflect.Method.invoke(Method.java:498)
	at org.junit.runners.model.FrameworkMethod$1.runReflectiveCall(FrameworkMethod.java:50)
	at org.junit.internal.runners.model.ReflectiveCallable.run(ReflectiveCallable.java:12)
	at org.junit.runners.model.FrameworkMethod.invokeExplosively(FrameworkMethod.java:47)
	at mockit.integration.junit4.JUnit4TestRunnerDecorator.invokeExplosively(JUnit4TestRunnerDecorator.java:49)
	at mockit.integration.junit4.FakeFrameworkMethod.invokeExplosively(FakeFrameworkMethod.java:29)
	at org.junit.runners.model.FrameworkMethod.invokeExplosively(FrameworkMethod.java)
	at org.junit.internal.runners.statements.RunBefores.evaluate(RunBefores.java:24)
	at org.junit.internal.runners.statements.RunAfters.evaluate(RunAfters.java:27)
	at org.junit.rules.TestWatcher$1.evaluate(TestWatcher.java:55)
	at org.junit.rules.RunRules.evaluate(RunRules.java:20)
	at org.junit.runners.ParentRunner.runLeaf(ParentRunner.java:325)
	at org.junit.runners.BlockJUnit4ClassRunner.runChild(BlockJUnit4ClassRunner.java:78)
	at org.junit.runners.BlockJUnit4ClassRunner.runChild(BlockJUnit4ClassRunner.java:57)
	at org.junit.runners.ParentRunner$3.run(ParentRunner.java:290)
	at org.junit.runners.ParentRunner$1.schedule(ParentRunner.java:71)
	at org.junit.runners.ParentRunner.runChildren(ParentRunner.java:288)
	at org.junit.runners.ParentRunner.access$000(ParentRunner.java:58)
	at org.junit.runners.ParentRunner$2.evaluate(ParentRunner.java:268)
	at org.junit.internal.runners.statements.RunBefores.evaluate(RunBefores.java:26)
	at org.junit.runners.ParentRunner.run(ParentRunner.java:363)
	at org.apache.maven.surefire.junit4.JUnit4Provider.execute(JUnit4Provider.java:365)
	at org.apache.maven.surefire.junit4.JUnit4Provider.executeWithRerun(JUnit4Provider.java:273)
	at org.apache.maven.surefire.junit4.JUnit4Provider.executeTestSet(JUnit4Provider.java:238)
	at org.apache.maven.surefire.junit4.JUnit4Provider.invoke(JUnit4Provider.java:159)
	at org.apache.maven.surefire.booter.ForkedBooter.invokeProviderInSameClassLoader(ForkedBooter.java:384)
	at org.apache.maven.surefire.booter.ForkedBooter.runSuitesInProcess(ForkedBooter.java:345)
	at org.apache.maven.surefire.booter.ForkedBooter.execute(ForkedBooter.java:126)
	at org.apache.maven.surefire.booter.ForkedBooter.main(ForkedBooter.java:418)
2020-06-22 14:22:34,044 [myid:] - ERROR [main:ZKTrustManager@162] - Failed to verify hostname: activate.navicat.com
javax.net.ssl.SSLPeerUnverifiedException: Certificate for <activate.navicat.com> doesn't match common name of the certificate subject: localhost
	at org.apache.zookeeper.common.ZKHostnameVerifier.matchCN(ZKHostnameVerifier.java:238)
	at org.apache.zookeeper.common.ZKHostnameVerifier.verify(ZKHostnameVerifier.java:184)
	at org.apache.zookeeper.common.ZKTrustManager.performHostVerification(ZKTrustManager.java:159)
	at org.apache.zookeeper.common.ZKTrustManager.checkServerTrusted(ZKTrustManager.java:90)
	at sun.security.ssl.ClientHandshaker.serverCertificate(ClientHandshaker.java:1670)
	at sun.security.ssl.ClientHandshaker.processMessage(ClientHandshaker.java:226)
	at sun.security.ssl.Handshaker.processLoop(Handshaker.java:1082)
	at sun.security.ssl.Handshaker.process_record(Handshaker.java:1010)
	at sun.security.ssl.SSLSocketImpl.readRecord(SSLSocketImpl.java:1079)
	at sun.security.ssl.SSLSocketImpl.performInitialHandshake(SSLSocketImpl.java:1388)
	at sun.security.ssl.SSLSocketImpl.startHandshake(SSLSocketImpl.java:1416)
	at sun.security.ssl.SSLSocketImpl.startHandshake(SSLSocketImpl.java:1400)
	at org.apache.zookeeper.client.FourLetterWordMain.send4LetterWord(FourLetterWordMain.java:105)
	at org.apache.zookeeper.client.FourLetterWordMain.send4LetterWord(FourLetterWordMain.java:73)
	at org.apache.zookeeper.test.ClientBase.waitForServerUp(ClientBase.java:261)
	at org.apache.zookeeper.test.ClientBase.startServerInstance(ClientBase.java:401)
	at org.apache.zookeeper.test.ClientBase.startServer(ClientBase.java:516)
	at org.apache.zookeeper.test.ClientBase.setUpWithServerId(ClientBase.java:499)
	at org.apache.zookeeper.test.ClientBase.setUp(ClientBase.java:474)
	at org.apache.zookeeper.test.SaslDigestAuthOverSSLTest.setUp(SaslDigestAuthOverSSLTest.java:62)
	at sun.reflect.NativeMethodAccessorImpl.invoke0(Native Method)
	at sun.reflect.NativeMethodAccessorImpl.invoke(NativeMethodAccessorImpl.java:62)
	at sun.reflect.DelegatingMethodAccessorImpl.invoke(DelegatingMethodAccessorImpl.java:43)
	at java.lang.reflect.Method.invoke(Method.java:498)
	at org.junit.runners.model.FrameworkMethod$1.runReflectiveCall(FrameworkMethod.java:50)
	at org.junit.internal.runners.model.ReflectiveCallable.run(ReflectiveCallable.java:12)
	at org.junit.runners.model.FrameworkMethod.invokeExplosively(FrameworkMethod.java:47)
	at mockit.integration.junit4.JUnit4TestRunnerDecorator.invokeExplosively(JUnit4TestRunnerDecorator.java:49)
	at mockit.integration.junit4.FakeFrameworkMethod.invokeExplosively(FakeFrameworkMethod.java:29)
	at org.junit.runners.model.FrameworkMethod.invokeExplosively(FrameworkMethod.java)
	at org.junit.internal.runners.statements.RunBefores.evaluate(RunBefores.java:24)
	at org.junit.internal.runners.statements.RunAfters.evaluate(RunAfters.java:27)
	at org.junit.rules.TestWatcher$1.evaluate(TestWatcher.java:55)
	at org.junit.rules.RunRules.evaluate(RunRules.java:20)
	at org.junit.runners.ParentRunner.runLeaf(ParentRunner.java:325)
	at org.junit.runners.BlockJUnit4ClassRunner.runChild(BlockJUnit4ClassRunner.java:78)
	at org.junit.runners.BlockJUnit4ClassRunner.runChild(BlockJUnit4ClassRunner.java:57)
	at org.junit.runners.ParentRunner$3.run(ParentRunner.java:290)
	at org.junit.runners.ParentRunner$1.schedule(ParentRunner.java:71)
	at org.junit.runners.ParentRunner.runChildren(ParentRunner.java:288)
	at org.junit.runners.ParentRunner.access$000(ParentRunner.java:58)
	at org.junit.runners.ParentRunner$2.evaluate(ParentRunner.java:268)
	at org.junit.internal.runners.statements.RunBefores.evaluate(RunBefores.java:26)
	at org.junit.runners.ParentRunner.run(ParentRunner.java:363)
	at org.apache.maven.surefire.junit4.JUnit4Provider.execute(JUnit4Provider.java:365)
	at org.apache.maven.surefire.junit4.JUnit4Provider.executeWithRerun(JUnit4Provider.java:273)
	at org.apache.maven.surefire.junit4.JUnit4Provider.executeTestSet(JUnit4Provider.java:238)
	at org.apache.maven.surefire.junit4.JUnit4Provider.invoke(JUnit4Provider.java:159)
	at org.apache.maven.surefire.booter.ForkedBooter.invokeProviderInSameClassLoader(ForkedBooter.java:384)
	at org.apache.maven.surefire.booter.ForkedBooter.runSuitesInProcess(ForkedBooter.java:345)
	at org.apache.maven.surefire.booter.ForkedBooter.execute(ForkedBooter.java:126)
	at org.apache.maven.surefire.booter.ForkedBooter.main(ForkedBooter.java:418)
2020-06-22 14:22:34,044 [myid:] - INFO  [main:ClientBase@270] - server 127.0.0.1:21995 not up
javax.net.ssl.SSLHandshakeException: java.security.cert.CertificateException: Failed to verify both host address and host name
	at sun.security.ssl.Alerts.getSSLException(Alerts.java:198)
	at sun.security.ssl.SSLSocketImpl.fatal(SSLSocketImpl.java:1967)
	at sun.security.ssl.Handshaker.fatalSE(Handshaker.java:331)
	at sun.security.ssl.Handshaker.fatalSE(Handshaker.java:325)
	at sun.security.ssl.ClientHandshaker.serverCertificate(ClientHandshaker.java:1688)
	at sun.security.ssl.ClientHandshaker.processMessage(ClientHandshaker.java:226)
	at sun.security.ssl.Handshaker.processLoop(Handshaker.java:1082)
	at sun.security.ssl.Handshaker.process_record(Handshaker.java:1010)
	at sun.security.ssl.SSLSocketImpl.readRecord(SSLSocketImpl.java:1079)
	at sun.security.ssl.SSLSocketImpl.performInitialHandshake(SSLSocketImpl.java:1388)
	at sun.security.ssl.SSLSocketImpl.startHandshake(SSLSocketImpl.java:1416)
	at sun.security.ssl.SSLSocketImpl.startHandshake(SSLSocketImpl.java:1400)
	at org.apache.zookeeper.client.FourLetterWordMain.send4LetterWord(FourLetterWordMain.java:105)
	at org.apache.zookeeper.client.FourLetterWordMain.send4LetterWord(FourLetterWordMain.java:73)
	at org.apache.zookeeper.test.ClientBase.waitForServerUp(ClientBase.java:261)
	at org.apache.zookeeper.test.ClientBase.startServerInstance(ClientBase.java:401)
	at org.apache.zookeeper.test.ClientBase.startServer(ClientBase.java:516)
	at org.apache.zookeeper.test.ClientBase.setUpWithServerId(ClientBase.java:499)
	at org.apache.zookeeper.test.ClientBase.setUp(ClientBase.java:474)
	at org.apache.zookeeper.test.SaslDigestAuthOverSSLTest.setUp(SaslDigestAuthOverSSLTest.java:62)
	at sun.reflect.NativeMethodAccessorImpl.invoke0(Native Method)
	at sun.reflect.NativeMethodAccessorImpl.invoke(NativeMethodAccessorImpl.java:62)
	at sun.reflect.DelegatingMethodAccessorImpl.invoke(DelegatingMethodAccessorImpl.java:43)
	at java.lang.reflect.Method.invoke(Method.java:498)
	at org.junit.runners.model.FrameworkMethod$1.runReflectiveCall(FrameworkMethod.java:50)
	at org.junit.internal.runners.model.ReflectiveCallable.run(ReflectiveCallable.java:12)
	at org.junit.runners.model.FrameworkMethod.invokeExplosively(FrameworkMethod.java:47)
	at mockit.integration.junit4.JUnit4TestRunnerDecorator.invokeExplosively(JUnit4TestRunnerDecorator.java:49)
	at mockit.integration.junit4.FakeFrameworkMethod.invokeExplosively(FakeFrameworkMethod.java:29)
	at org.junit.runners.model.FrameworkMethod.invokeExplosively(FrameworkMethod.java)
	at org.junit.internal.runners.statements.RunBefores.evaluate(RunBefores.java:24)
	at org.junit.internal.runners.statements.RunAfters.evaluate(RunAfters.java:27)
	at org.junit.rules.TestWatcher$1.evaluate(TestWatcher.java:55)
	at org.junit.rules.RunRules.evaluate(RunRules.java:20)
	at org.junit.runners.ParentRunner.runLeaf(ParentRunner.java:325)
	at org.junit.runners.BlockJUnit4ClassRunner.runChild(BlockJUnit4ClassRunner.java:78)
	at org.junit.runners.BlockJUnit4ClassRunner.runChild(BlockJUnit4ClassRunner.java:57)
	at org.junit.runners.ParentRunner$3.run(ParentRunner.java:290)
	at org.junit.runners.ParentRunner$1.schedule(ParentRunner.java:71)
	at org.junit.runners.ParentRunner.runChildren(ParentRunner.java:288)
	at org.junit.runners.ParentRunner.access$000(ParentRunner.java:58)
	at org.junit.runners.ParentRunner$2.evaluate(ParentRunner.java:268)
	at org.junit.internal.runners.statements.RunBefores.evaluate(RunBefores.java:26)
	at org.junit.runners.ParentRunner.run(ParentRunner.java:363)
	at org.apache.maven.surefire.junit4.JUnit4Provider.execute(JUnit4Provider.java:365)
	at org.apache.maven.surefire.junit4.JUnit4Provider.executeWithRerun(JUnit4Provider.java:273)
	at org.apache.maven.surefire.junit4.JUnit4Provider.executeTestSet(JUnit4Provider.java:238)
	at org.apache.maven.surefire.junit4.JUnit4Provider.invoke(JUnit4Provider.java:159)
	at org.apache.maven.surefire.booter.ForkedBooter.invokeProviderInSameClassLoader(ForkedBooter.java:384)
	at org.apache.maven.surefire.booter.ForkedBooter.runSuitesInProcess(ForkedBooter.java:345)
	at org.apache.maven.surefire.booter.ForkedBooter.execute(ForkedBooter.java:126)
	at org.apache.maven.surefire.booter.ForkedBooter.main(ForkedBooter.java:418)
Caused by: java.security.cert.CertificateException: Failed to verify both host address and host name
	at org.apache.zookeeper.common.ZKTrustManager.performHostVerification(ZKTrustManager.java:163)
	at org.apache.zookeeper.common.ZKTrustManager.checkServerTrusted(ZKTrustManager.java:90)
	at sun.security.ssl.ClientHandshaker.serverCertificate(ClientHandshaker.java:1670)
	... 47 more
Caused by: javax.net.ssl.SSLPeerUnverifiedException: Certificate for <activate.navicat.com> doesn't match common name of the certificate subject: localhost
	at org.apache.zookeeper.common.ZKHostnameVerifier.matchCN(ZKHostnameVerifier.java:238)
	at org.apache.zookeeper.common.ZKHostnameVerifier.verify(ZKHostnameVerifier.java:184)
	at org.apache.zookeeper.common.ZKTrustManager.performHostVerification(ZKTrustManager.java:159)
	... 49 more
2020-06-22 14:22:34,045 [myid:] - ERROR [nioEventLoopGroup-4-3:NettyServerCnxnFactory$CertificateVerifier@434] - Unsuccessful handshake with session 0x0
2020-06-22 14:22:34,046 [myid:] - WARN  [nioEventLoopGroup-4-3:NettyServerCnxnFactory$CnxnChannelHandler@273] - Exception caught
io.netty.handler.codec.DecoderException: javax.net.ssl.SSLException: Received fatal alert: certificate_unknown
	at io.netty.handler.codec.ByteToMessageDecoder.callDecode(ByteToMessageDecoder.java:468)
	at io.netty.handler.codec.ByteToMessageDecoder.channelRead(ByteToMessageDecoder.java:276)
	at io.netty.channel.AbstractChannelHandlerContext.invokeChannelRead(AbstractChannelHandlerContext.java:379)
	at io.netty.channel.AbstractChannelHandlerContext.invokeChannelRead(AbstractChannelHandlerContext.java:365)
	at io.netty.channel.AbstractChannelHandlerContext.fireChannelRead(AbstractChannelHandlerContext.java:357)
	at io.netty.channel.DefaultChannelPipeline$HeadContext.channelRead(DefaultChannelPipeline.java:1410)
	at io.netty.channel.AbstractChannelHandlerContext.invokeChannelRead(AbstractChannelHandlerContext.java:379)
	at io.netty.channel.AbstractChannelHandlerContext.invokeChannelRead(AbstractChannelHandlerContext.java:365)
	at io.netty.channel.DefaultChannelPipeline.fireChannelRead(DefaultChannelPipeline.java:919)
	at io.netty.channel.nio.AbstractNioByteChannel$NioByteUnsafe.read(AbstractNioByteChannel.java:163)
	at io.netty.channel.nio.NioEventLoop.processSelectedKey(NioEventLoop.java:714)
	at io.netty.channel.nio.NioEventLoop.processSelectedKeysOptimized(NioEventLoop.java:650)
	at io.netty.channel.nio.NioEventLoop.processSelectedKeys(NioEventLoop.java:576)
	at io.netty.channel.nio.NioEventLoop.run(NioEventLoop.java:493)
	at io.netty.util.concurrent.SingleThreadEventExecutor$4.run(SingleThreadEventExecutor.java:989)
	at io.netty.util.internal.ThreadExecutorMap$2.run(ThreadExecutorMap.java:74)
	at io.netty.util.concurrent.FastThreadLocalRunnable.run(FastThreadLocalRunnable.java:30)
	at java.lang.Thread.run(Thread.java:748)
Caused by: javax.net.ssl.SSLException: Received fatal alert: certificate_unknown
	at sun.security.ssl.Alerts.getSSLException(Alerts.java:214)
	at sun.security.ssl.SSLEngineImpl.fatal(SSLEngineImpl.java:1667)
	at sun.security.ssl.SSLEngineImpl.fatal(SSLEngineImpl.java:1635)
	at sun.security.ssl.SSLEngineImpl.recvAlert(SSLEngineImpl.java:1801)
	at sun.security.ssl.SSLEngineImpl.readRecord(SSLEngineImpl.java:1090)
	at sun.security.ssl.SSLEngineImpl.readNetRecord(SSLEngineImpl.java:913)
	at sun.security.ssl.SSLEngineImpl.unwrap(SSLEngineImpl.java:783)
	at javax.net.ssl.SSLEngine.unwrap(SSLEngine.java:626)
	at io.netty.handler.ssl.SslHandler$SslEngineType$3.unwrap(SslHandler.java:281)
	at io.netty.handler.ssl.SslHandler.unwrap(SslHandler.java:1340)
	at io.netty.handler.ssl.SslHandler.decodeJdkCompatible(SslHandler.java:1235)
	at io.netty.handler.ssl.SslHandler.decode(SslHandler.java:1282)
	at io.netty.handler.codec.ByteToMessageDecoder.decodeRemovalReentryProtection(ByteToMessageDecoder.java:498)
	at io.netty.handler.codec.ByteToMessageDecoder.callDecode(ByteToMessageDecoder.java:437)
	... 17 more
2020-06-22 14:22:34,046 [myid:] - WARN  [nioEventLoopGroup-4-3:NettyServerCnxnFactory$CnxnChannelHandler@273] - Exception caught
io.netty.handler.codec.DecoderException: javax.net.ssl.SSLException: Received fatal alert: certificate_unknown
	at io.netty.handler.codec.ByteToMessageDecoder.callDecode(ByteToMessageDecoder.java:468)
	at io.netty.handler.codec.ByteToMessageDecoder.channelInputClosed(ByteToMessageDecoder.java:401)
	at io.netty.handler.codec.ByteToMessageDecoder.channelInputClosed(ByteToMessageDecoder.java:368)
	at io.netty.handler.codec.ByteToMessageDecoder.channelInactive(ByteToMessageDecoder.java:351)
	at io.netty.handler.ssl.SslHandler.channelInactive(SslHandler.java:1084)
	at io.netty.channel.AbstractChannelHandlerContext.invokeChannelInactive(AbstractChannelHandlerContext.java:262)
	at io.netty.channel.AbstractChannelHandlerContext.invokeChannelInactive(AbstractChannelHandlerContext.java:248)
	at io.netty.channel.AbstractChannelHandlerContext.fireChannelInactive(AbstractChannelHandlerContext.java:241)
	at io.netty.channel.DefaultChannelPipeline$HeadContext.channelInactive(DefaultChannelPipeline.java:1405)
	at io.netty.channel.AbstractChannelHandlerContext.invokeChannelInactive(AbstractChannelHandlerContext.java:262)
	at io.netty.channel.AbstractChannelHandlerContext.invokeChannelInactive(AbstractChannelHandlerContext.java:248)
	at io.netty.channel.DefaultChannelPipeline.fireChannelInactive(DefaultChannelPipeline.java:901)
	at io.netty.channel.AbstractChannel$AbstractUnsafe$8.run(AbstractChannel.java:818)
	at io.netty.util.concurrent.AbstractEventExecutor.safeExecute(AbstractEventExecutor.java:164)
	at io.netty.util.concurrent.SingleThreadEventExecutor.runAllTasks(SingleThreadEventExecutor.java:472)
	at io.netty.channel.nio.NioEventLoop.run(NioEventLoop.java:497)
	at io.netty.util.concurrent.SingleThreadEventExecutor$4.run(SingleThreadEventExecutor.java:989)
	at io.netty.util.internal.ThreadExecutorMap$2.run(ThreadExecutorMap.java:74)
	at io.netty.util.concurrent.FastThreadLocalRunnable.run(FastThreadLocalRunnable.java:30)
	at java.lang.Thread.run(Thread.java:748)
Caused by: javax.net.ssl.SSLException: Received fatal alert: certificate_unknown
	at sun.security.ssl.Alerts.getSSLException(Alerts.java:214)
	at sun.security.ssl.SSLEngineImpl.fatal(SSLEngineImpl.java:1667)
	at sun.security.ssl.SSLEngineImpl.fatal(SSLEngineImpl.java:1635)
	at sun.security.ssl.SSLEngineImpl.recvAlert(SSLEngineImpl.java:1801)
	at sun.security.ssl.SSLEngineImpl.readRecord(SSLEngineImpl.java:1090)
	at sun.security.ssl.SSLEngineImpl.readNetRecord(SSLEngineImpl.java:913)
	at sun.security.ssl.SSLEngineImpl.unwrap(SSLEngineImpl.java:783)
	at javax.net.ssl.SSLEngine.unwrap(SSLEngine.java:626)
	at io.netty.handler.ssl.SslHandler$SslEngineType$3.unwrap(SslHandler.java:281)
	at io.netty.handler.ssl.SslHandler.unwrap(SslHandler.java:1340)
	at io.netty.handler.ssl.SslHandler.decodeJdkCompatible(SslHandler.java:1235)
	at io.netty.handler.ssl.SslHandler.decode(SslHandler.java:1282)
	at io.netty.handler.codec.ByteToMessageDecoder.decodeRemovalReentryProtection(ByteToMessageDecoder.java:498)
	at io.netty.handler.codec.ByteToMessageDecoder.callDecode(ByteToMessageDecoder.java:437)
	... 19 more
2020-06-22 14:22:34,295 [myid:] - INFO  [main:FourLetterWordMain@93] - connecting to 127.0.0.1 21995
2020-06-22 14:22:34,295 [myid:] - INFO  [main:FourLetterWordMain@99] - using secure socket
2020-06-22 14:22:34,317 [myid:] - ERROR [main:ZKTrustManager@161] - Failed to verify host address: 127.0.0.1
javax.net.ssl.SSLPeerUnverifiedException: Certificate for <127.0.0.1> doesn't match common name of the certificate subject: localhost
	at org.apache.zookeeper.common.ZKHostnameVerifier.matchCN(ZKHostnameVerifier.java:238)
	at org.apache.zookeeper.common.ZKHostnameVerifier.verify(ZKHostnameVerifier.java:184)
	at org.apache.zookeeper.common.ZKTrustManager.performHostVerification(ZKTrustManager.java:151)
	at org.apache.zookeeper.common.ZKTrustManager.checkServerTrusted(ZKTrustManager.java:90)
	at sun.security.ssl.ClientHandshaker.serverCertificate(ClientHandshaker.java:1670)
	at sun.security.ssl.ClientHandshaker.processMessage(ClientHandshaker.java:226)
	at sun.security.ssl.Handshaker.processLoop(Handshaker.java:1082)
	at sun.security.ssl.Handshaker.process_record(Handshaker.java:1010)
	at sun.security.ssl.SSLSocketImpl.readRecord(SSLSocketImpl.java:1079)
	at sun.security.ssl.SSLSocketImpl.performInitialHandshake(SSLSocketImpl.java:1388)
	at sun.security.ssl.SSLSocketImpl.startHandshake(SSLSocketImpl.java:1416)
	at sun.security.ssl.SSLSocketImpl.startHandshake(SSLSocketImpl.java:1400)
	at org.apache.zookeeper.client.FourLetterWordMain.send4LetterWord(FourLetterWordMain.java:105)
	at org.apache.zookeeper.client.FourLetterWordMain.send4LetterWord(FourLetterWordMain.java:73)
	at org.apache.zookeeper.test.ClientBase.waitForServerUp(ClientBase.java:261)
	at org.apache.zookeeper.test.ClientBase.startServerInstance(ClientBase.java:401)
	at org.apache.zookeeper.test.ClientBase.startServer(ClientBase.java:516)
	at org.apache.zookeeper.test.ClientBase.setUpWithServerId(ClientBase.java:499)
	at org.apache.zookeeper.test.ClientBase.setUp(ClientBase.java:474)
	at org.apache.zookeeper.test.SaslDigestAuthOverSSLTest.setUp(SaslDigestAuthOverSSLTest.java:62)
	at sun.reflect.NativeMethodAccessorImpl.invoke0(Native Method)
	at sun.reflect.NativeMethodAccessorImpl.invoke(NativeMethodAccessorImpl.java:62)
	at sun.reflect.DelegatingMethodAccessorImpl.invoke(DelegatingMethodAccessorImpl.java:43)
	at java.lang.reflect.Method.invoke(Method.java:498)
	at org.junit.runners.model.FrameworkMethod$1.runReflectiveCall(FrameworkMethod.java:50)
	at org.junit.internal.runners.model.ReflectiveCallable.run(ReflectiveCallable.java:12)
	at org.junit.runners.model.FrameworkMethod.invokeExplosively(FrameworkMethod.java:47)
	at mockit.integration.junit4.JUnit4TestRunnerDecorator.invokeExplosively(JUnit4TestRunnerDecorator.java:49)
	at mockit.integration.junit4.FakeFrameworkMethod.invokeExplosively(FakeFrameworkMethod.java:29)
	at org.junit.runners.model.FrameworkMethod.invokeExplosively(FrameworkMethod.java)
	at org.junit.internal.runners.statements.RunBefores.evaluate(RunBefores.java:24)
	at org.junit.internal.runners.statements.RunAfters.evaluate(RunAfters.java:27)
	at org.junit.rules.TestWatcher$1.evaluate(TestWatcher.java:55)
	at org.junit.rules.RunRules.evaluate(RunRules.java:20)
	at org.junit.runners.ParentRunner.runLeaf(ParentRunner.java:325)
	at org.junit.runners.BlockJUnit4ClassRunner.runChild(BlockJUnit4ClassRunner.java:78)
	at org.junit.runners.BlockJUnit4ClassRunner.runChild(BlockJUnit4ClassRunner.java:57)
	at org.junit.runners.ParentRunner$3.run(ParentRunner.java:290)
	at org.junit.runners.ParentRunner$1.schedule(ParentRunner.java:71)
	at org.junit.runners.ParentRunner.runChildren(ParentRunner.java:288)
	at org.junit.runners.ParentRunner.access$000(ParentRunner.java:58)
	at org.junit.runners.ParentRunner$2.evaluate(ParentRunner.java:268)
	at org.junit.internal.runners.statements.RunBefores.evaluate(RunBefores.java:26)
	at org.junit.runners.ParentRunner.run(ParentRunner.java:363)
	at org.apache.maven.surefire.junit4.JUnit4Provider.execute(JUnit4Provider.java:365)
	at org.apache.maven.surefire.junit4.JUnit4Provider.executeWithRerun(JUnit4Provider.java:273)
	at org.apache.maven.surefire.junit4.JUnit4Provider.executeTestSet(JUnit4Provider.java:238)
	at org.apache.maven.surefire.junit4.JUnit4Provider.invoke(JUnit4Provider.java:159)
	at org.apache.maven.surefire.booter.ForkedBooter.invokeProviderInSameClassLoader(ForkedBooter.java:384)
	at org.apache.maven.surefire.booter.ForkedBooter.runSuitesInProcess(ForkedBooter.java:345)
	at org.apache.maven.surefire.booter.ForkedBooter.execute(ForkedBooter.java:126)
	at org.apache.maven.surefire.booter.ForkedBooter.main(ForkedBooter.java:418)
2020-06-22 14:22:34,318 [myid:] - ERROR [main:ZKTrustManager@162] - Failed to verify hostname: activate.navicat.com
javax.net.ssl.SSLPeerUnverifiedException: Certificate for <activate.navicat.com> doesn't match common name of the certificate subject: localhost
	at org.apache.zookeeper.common.ZKHostnameVerifier.matchCN(ZKHostnameVerifier.java:238)
	at org.apache.zookeeper.common.ZKHostnameVerifier.verify(ZKHostnameVerifier.java:184)
	at org.apache.zookeeper.common.ZKTrustManager.performHostVerification(ZKTrustManager.java:159)
	at org.apache.zookeeper.common.ZKTrustManager.checkServerTrusted(ZKTrustManager.java:90)
	at sun.security.ssl.ClientHandshaker.serverCertificate(ClientHandshaker.java:1670)
	at sun.security.ssl.ClientHandshaker.processMessage(ClientHandshaker.java:226)
	at sun.security.ssl.Handshaker.processLoop(Handshaker.java:1082)
	at sun.security.ssl.Handshaker.process_record(Handshaker.java:1010)
	at sun.security.ssl.SSLSocketImpl.readRecord(SSLSocketImpl.java:1079)
	at sun.security.ssl.SSLSocketImpl.performInitialHandshake(SSLSocketImpl.java:1388)
	at sun.security.ssl.SSLSocketImpl.startHandshake(SSLSocketImpl.java:1416)
	at sun.security.ssl.SSLSocketImpl.startHandshake(SSLSocketImpl.java:1400)
	at org.apache.zookeeper.client.FourLetterWordMain.send4LetterWord(FourLetterWordMain.java:105)
	at org.apache.zookeeper.client.FourLetterWordMain.send4LetterWord(FourLetterWordMain.java:73)
	at org.apache.zookeeper.test.ClientBase.waitForServerUp(ClientBase.java:261)
	at org.apache.zookeeper.test.ClientBase.startServerInstance(ClientBase.java:401)
	at org.apache.zookeeper.test.ClientBase.startServer(ClientBase.java:516)
	at org.apache.zookeeper.test.ClientBase.setUpWithServerId(ClientBase.java:499)
	at org.apache.zookeeper.test.ClientBase.setUp(ClientBase.java:474)
	at org.apache.zookeeper.test.SaslDigestAuthOverSSLTest.setUp(SaslDigestAuthOverSSLTest.java:62)
	at sun.reflect.NativeMethodAccessorImpl.invoke0(Native Method)
	at sun.reflect.NativeMethodAccessorImpl.invoke(NativeMethodAccessorImpl.java:62)
	at sun.reflect.DelegatingMethodAccessorImpl.invoke(DelegatingMethodAccessorImpl.java:43)
	at java.lang.reflect.Method.invoke(Method.java:498)
	at org.junit.runners.model.FrameworkMethod$1.runReflectiveCall(FrameworkMethod.java:50)
	at org.junit.internal.runners.model.ReflectiveCallable.run(ReflectiveCallable.java:12)
	at org.junit.runners.model.FrameworkMethod.invokeExplosively(FrameworkMethod.java:47)
	at mockit.integration.junit4.JUnit4TestRunnerDecorator.invokeExplosively(JUnit4TestRunnerDecorator.java:49)
	at mockit.integration.junit4.FakeFrameworkMethod.invokeExplosively(FakeFrameworkMethod.java:29)
	at org.junit.runners.model.FrameworkMethod.invokeExplosively(FrameworkMethod.java)
	at org.junit.internal.runners.statements.RunBefores.evaluate(RunBefores.java:24)
	at org.junit.internal.runners.statements.RunAfters.evaluate(RunAfters.java:27)
	at org.junit.rules.TestWatcher$1.evaluate(TestWatcher.java:55)
	at org.junit.rules.RunRules.evaluate(RunRules.java:20)
	at org.junit.runners.ParentRunner.runLeaf(ParentRunner.java:325)
	at org.junit.runners.BlockJUnit4ClassRunner.runChild(BlockJUnit4ClassRunner.java:78)
	at org.junit.runners.BlockJUnit4ClassRunner.runChild(BlockJUnit4ClassRunner.java:57)
	at org.junit.runners.ParentRunner$3.run(ParentRunner.java:290)
	at org.junit.runners.ParentRunner$1.schedule(ParentRunner.java:71)
	at org.junit.runners.ParentRunner.runChildren(ParentRunner.java:288)
	at org.junit.runners.ParentRunner.access$000(ParentRunner.java:58)
	at org.junit.runners.ParentRunner$2.evaluate(ParentRunner.java:268)
	at org.junit.internal.runners.statements.RunBefores.evaluate(RunBefores.java:26)
	at org.junit.runners.ParentRunner.run(ParentRunner.java:363)
	at org.apache.maven.surefire.junit4.JUnit4Provider.execute(JUnit4Provider.java:365)
	at org.apache.maven.surefire.junit4.JUnit4Provider.executeWithRerun(JUnit4Provider.java:273)
	at org.apache.maven.surefire.junit4.JUnit4Provider.executeTestSet(JUnit4Provider.java:238)
	at org.apache.maven.surefire.junit4.JUnit4Provider.invoke(JUnit4Provider.java:159)
	at org.apache.maven.surefire.booter.ForkedBooter.invokeProviderInSameClassLoader(ForkedBooter.java:384)
	at org.apache.maven.surefire.booter.ForkedBooter.runSuitesInProcess(ForkedBooter.java:345)
	at org.apache.maven.surefire.booter.ForkedBooter.execute(ForkedBooter.java:126)
	at org.apache.maven.surefire.booter.ForkedBooter.main(ForkedBooter.java:418)
2020-06-22 14:22:34,320 [myid:] - INFO  [main:ClientBase@270] - server 127.0.0.1:21995 not up
javax.net.ssl.SSLHandshakeException: java.security.cert.CertificateException: Failed to verify both host address and host name
	at sun.security.ssl.Alerts.getSSLException(Alerts.java:198)
	at sun.security.ssl.SSLSocketImpl.fatal(SSLSocketImpl.java:1967)
	at sun.security.ssl.Handshaker.fatalSE(Handshaker.java:331)
	at sun.security.ssl.Handshaker.fatalSE(Handshaker.java:325)
	at sun.security.ssl.ClientHandshaker.serverCertificate(ClientHandshaker.java:1688)
	at sun.security.ssl.ClientHandshaker.processMessage(ClientHandshaker.java:226)
	at sun.security.ssl.Handshaker.processLoop(Handshaker.java:1082)
	at sun.security.ssl.Handshaker.process_record(Handshaker.java:1010)
	at sun.security.ssl.SSLSocketImpl.readRecord(SSLSocketImpl.java:1079)
	at sun.security.ssl.SSLSocketImpl.performInitialHandshake(SSLSocketImpl.java:1388)
	at sun.security.ssl.SSLSocketImpl.startHandshake(SSLSocketImpl.java:1416)
	at sun.security.ssl.SSLSocketImpl.startHandshake(SSLSocketImpl.java:1400)
	at org.apache.zookeeper.client.FourLetterWordMain.send4LetterWord(FourLetterWordMain.java:105)
	at org.apache.zookeeper.client.FourLetterWordMain.send4LetterWord(FourLetterWordMain.java:73)
	at org.apache.zookeeper.test.ClientBase.waitForServerUp(ClientBase.java:261)
	at org.apache.zookeeper.test.ClientBase.startServerInstance(ClientBase.java:401)
	at org.apache.zookeeper.test.ClientBase.startServer(ClientBase.java:516)
	at org.apache.zookeeper.test.ClientBase.setUpWithServerId(ClientBase.java:499)
	at org.apache.zookeeper.test.ClientBase.setUp(ClientBase.java:474)
	at org.apache.zookeeper.test.SaslDigestAuthOverSSLTest.setUp(SaslDigestAuthOverSSLTest.java:62)
	at sun.reflect.NativeMethodAccessorImpl.invoke0(Native Method)
	at sun.reflect.NativeMethodAccessorImpl.invoke(NativeMethodAccessorImpl.java:62)
	at sun.reflect.DelegatingMethodAccessorImpl.invoke(DelegatingMethodAccessorImpl.java:43)
	at java.lang.reflect.Method.invoke(Method.java:498)
	at org.junit.runners.model.FrameworkMethod$1.runReflectiveCall(FrameworkMethod.java:50)
	at org.junit.internal.runners.model.ReflectiveCallable.run(ReflectiveCallable.java:12)
	at org.junit.runners.model.FrameworkMethod.invokeExplosively(FrameworkMethod.java:47)
	at mockit.integration.junit4.JUnit4TestRunnerDecorator.invokeExplosively(JUnit4TestRunnerDecorator.java:49)
	at mockit.integration.junit4.FakeFrameworkMethod.invokeExplosively(FakeFrameworkMethod.java:29)
	at org.junit.runners.model.FrameworkMethod.invokeExplosively(FrameworkMethod.java)
	at org.junit.internal.runners.statements.RunBefores.evaluate(RunBefores.java:24)
	at org.junit.internal.runners.statements.RunAfters.evaluate(RunAfters.java:27)
	at org.junit.rules.TestWatcher$1.evaluate(TestWatcher.java:55)
	at org.junit.rules.RunRules.evaluate(RunRules.java:20)
	at org.junit.runners.ParentRunner.runLeaf(ParentRunner.java:325)
	at org.junit.runners.BlockJUnit4ClassRunner.runChild(BlockJUnit4ClassRunner.java:78)
	at org.junit.runners.BlockJUnit4ClassRunner.runChild(BlockJUnit4ClassRunner.java:57)
	at org.junit.runners.ParentRunner$3.run(ParentRunner.java:290)
	at org.junit.runners.ParentRunner$1.schedule(ParentRunner.java:71)
	at org.junit.runners.ParentRunner.runChildren(ParentRunner.java:288)
	at org.junit.runners.ParentRunner.access$000(ParentRunner.java:58)
	at org.junit.runners.ParentRunner$2.evaluate(ParentRunner.java:268)
	at org.junit.internal.runners.statements.RunBefores.evaluate(RunBefores.java:26)
	at org.junit.runners.ParentRunner.run(ParentRunner.java:363)
	at org.apache.maven.surefire.junit4.JUnit4Provider.execute(JUnit4Provider.java:365)
	at org.apache.maven.surefire.junit4.JUnit4Provider.executeWithRerun(JUnit4Provider.java:273)
	at org.apache.maven.surefire.junit4.JUnit4Provider.executeTestSet(JUnit4Provider.java:238)
	at org.apache.maven.surefire.junit4.JUnit4Provider.invoke(JUnit4Provider.java:159)
	at org.apache.maven.surefire.booter.ForkedBooter.invokeProviderInSameClassLoader(ForkedBooter.java:384)
	at org.apache.maven.surefire.booter.ForkedBooter.runSuitesInProcess(ForkedBooter.java:345)
	at org.apache.maven.surefire.booter.ForkedBooter.execute(ForkedBooter.java:126)
	at org.apache.maven.surefire.booter.ForkedBooter.main(ForkedBooter.java:418)
Caused by: java.security.cert.CertificateException: Failed to verify both host address and host name
	at org.apache.zookeeper.common.ZKTrustManager.performHostVerification(ZKTrustManager.java:163)
	at org.apache.zookeeper.common.ZKTrustManager.checkServerTrusted(ZKTrustManager.java:90)
	at sun.security.ssl.ClientHandshaker.serverCertificate(ClientHandshaker.java:1670)
	... 47 more
Caused by: javax.net.ssl.SSLPeerUnverifiedException: Certificate for <activate.navicat.com> doesn't match common name of the certificate subject: localhost
	at org.apache.zookeeper.common.ZKHostnameVerifier.matchCN(ZKHostnameVerifier.java:238)
	at org.apache.zookeeper.common.ZKHostnameVerifier.verify(ZKHostnameVerifier.java:184)
	at org.apache.zookeeper.common.ZKTrustManager.performHostVerification(ZKTrustManager.java:159)
	... 49 more
2020-06-22 14:22:34,320 [myid:] - ERROR [nioEventLoopGroup-4-4:NettyServerCnxnFactory$CertificateVerifier@434] - Unsuccessful handshake with session 0x0
2020-06-22 14:22:34,321 [myid:] - WARN  [nioEventLoopGroup-4-4:NettyServerCnxnFactory$CnxnChannelHandler@273] - Exception caught
io.netty.handler.codec.DecoderException: javax.net.ssl.SSLException: Received fatal alert: certificate_unknown
	at io.netty.handler.codec.ByteToMessageDecoder.callDecode(ByteToMessageDecoder.java:468)
	at io.netty.handler.codec.ByteToMessageDecoder.channelRead(ByteToMessageDecoder.java:276)
	at io.netty.channel.AbstractChannelHandlerContext.invokeChannelRead(AbstractChannelHandlerContext.java:379)
	at io.netty.channel.AbstractChannelHandlerContext.invokeChannelRead(AbstractChannelHandlerContext.java:365)
	at io.netty.channel.AbstractChannelHandlerContext.fireChannelRead(AbstractChannelHandlerContext.java:357)
	at io.netty.channel.DefaultChannelPipeline$HeadContext.channelRead(DefaultChannelPipeline.java:1410)
	at io.netty.channel.AbstractChannelHandlerContext.invokeChannelRead(AbstractChannelHandlerContext.java:379)
	at io.netty.channel.AbstractChannelHandlerContext.invokeChannelRead(AbstractChannelHandlerContext.java:365)
	at io.netty.channel.DefaultChannelPipeline.fireChannelRead(DefaultChannelPipeline.java:919)
	at io.netty.channel.nio.AbstractNioByteChannel$NioByteUnsafe.read(AbstractNioByteChannel.java:163)
	at io.netty.channel.nio.NioEventLoop.processSelectedKey(NioEventLoop.java:714)
	at io.netty.channel.nio.NioEventLoop.processSelectedKeysOptimized(NioEventLoop.java:650)
	at io.netty.channel.nio.NioEventLoop.processSelectedKeys(NioEventLoop.java:576)
	at io.netty.channel.nio.NioEventLoop.run(NioEventLoop.java:493)
	at io.netty.util.concurrent.SingleThreadEventExecutor$4.run(SingleThreadEventExecutor.java:989)
	at io.netty.util.internal.ThreadExecutorMap$2.run(ThreadExecutorMap.java:74)
	at io.netty.util.concurrent.FastThreadLocalRunnable.run(FastThreadLocalRunnable.java:30)
	at java.lang.Thread.run(Thread.java:748)
Caused by: javax.net.ssl.SSLException: Received fatal alert: certificate_unknown
	at sun.security.ssl.Alerts.getSSLException(Alerts.java:214)
	at sun.security.ssl.SSLEngineImpl.fatal(SSLEngineImpl.java:1667)
	at sun.security.ssl.SSLEngineImpl.fatal(SSLEngineImpl.java:1635)
	at sun.security.ssl.SSLEngineImpl.recvAlert(SSLEngineImpl.java:1801)
	at sun.security.ssl.SSLEngineImpl.readRecord(SSLEngineImpl.java:1090)
	at sun.security.ssl.SSLEngineImpl.readNetRecord(SSLEngineImpl.java:913)
	at sun.security.ssl.SSLEngineImpl.unwrap(SSLEngineImpl.java:783)
	at javax.net.ssl.SSLEngine.unwrap(SSLEngine.java:626)
	at io.netty.handler.ssl.SslHandler$SslEngineType$3.unwrap(SslHandler.java:281)
	at io.netty.handler.ssl.SslHandler.unwrap(SslHandler.java:1340)
	at io.netty.handler.ssl.SslHandler.decodeJdkCompatible(SslHandler.java:1235)
	at io.netty.handler.ssl.SslHandler.decode(SslHandler.java:1282)
	at io.netty.handler.codec.ByteToMessageDecoder.decodeRemovalReentryProtection(ByteToMessageDecoder.java:498)
	at io.netty.handler.codec.ByteToMessageDecoder.callDecode(ByteToMessageDecoder.java:437)
	... 17 more
2020-06-22 14:22:34,322 [myid:] - WARN  [nioEventLoopGroup-4-4:NettyServerCnxnFactory$CnxnChannelHandler@273] - Exception caught
io.netty.handler.codec.DecoderException: javax.net.ssl.SSLException: Received fatal alert: certificate_unknown
	at io.netty.handler.codec.ByteToMessageDecoder.callDecode(ByteToMessageDecoder.java:468)
	at io.netty.handler.codec.ByteToMessageDecoder.channelInputClosed(ByteToMessageDecoder.java:401)
	at io.netty.handler.codec.ByteToMessageDecoder.channelInputClosed(ByteToMessageDecoder.java:368)
	at io.netty.handler.codec.ByteToMessageDecoder.channelInactive(ByteToMessageDecoder.java:351)
	at io.netty.handler.ssl.SslHandler.channelInactive(SslHandler.java:1084)
	at io.netty.channel.AbstractChannelHandlerContext.invokeChannelInactive(AbstractChannelHandlerContext.java:262)
	at io.netty.channel.AbstractChannelHandlerContext.invokeChannelInactive(AbstractChannelHandlerContext.java:248)
	at io.netty.channel.AbstractChannelHandlerContext.fireChannelInactive(AbstractChannelHandlerContext.java:241)
	at io.netty.channel.DefaultChannelPipeline$HeadContext.channelInactive(DefaultChannelPipeline.java:1405)
	at io.netty.channel.AbstractChannelHandlerContext.invokeChannelInactive(AbstractChannelHandlerContext.java:262)
	at io.netty.channel.AbstractChannelHandlerContext.invokeChannelInactive(AbstractChannelHandlerContext.java:248)
	at io.netty.channel.DefaultChannelPipeline.fireChannelInactive(DefaultChannelPipeline.java:901)
	at io.netty.channel.AbstractChannel$AbstractUnsafe$8.run(AbstractChannel.java:818)
	at io.netty.util.concurrent.AbstractEventExecutor.safeExecute(AbstractEventExecutor.java:164)
	at io.netty.util.concurrent.SingleThreadEventExecutor.runAllTasks(SingleThreadEventExecutor.java:472)
	at io.netty.channel.nio.NioEventLoop.run(NioEventLoop.java:497)
	at io.netty.util.concurrent.SingleThreadEventExecutor$4.run(SingleThreadEventExecutor.java:989)
	at io.netty.util.internal.ThreadExecutorMap$2.run(ThreadExecutorMap.java:74)
	at io.netty.util.concurrent.FastThreadLocalRunnable.run(FastThreadLocalRunnable.java:30)
	at java.lang.Thread.run(Thread.java:748)
Caused by: javax.net.ssl.SSLException: Received fatal alert: certificate_unknown
	at sun.security.ssl.Alerts.getSSLException(Alerts.java:214)
	at sun.security.ssl.SSLEngineImpl.fatal(SSLEngineImpl.java:1667)
	at sun.security.ssl.SSLEngineImpl.fatal(SSLEngineImpl.java:1635)
	at sun.security.ssl.SSLEngineImpl.recvAlert(SSLEngineImpl.java:1801)
	at sun.security.ssl.SSLEngineImpl.readRecord(SSLEngineImpl.java:1090)
	at sun.security.ssl.SSLEngineImpl.readNetRecord(SSLEngineImpl.java:913)
	at sun.security.ssl.SSLEngineImpl.unwrap(SSLEngineImpl.java:783)
	at javax.net.ssl.SSLEngine.unwrap(SSLEngine.java:626)
	at io.netty.handler.ssl.SslHandler$SslEngineType$3.unwrap(SslHandler.java:281)
	at io.netty.handler.ssl.SslHandler.unwrap(SslHandler.java:1340)
	at io.netty.handler.ssl.SslHandler.decodeJdkCompatible(SslHandler.java:1235)
	at io.netty.handler.ssl.SslHandler.decode(SslHandler.java:1282)
	at io.netty.handler.codec.ByteToMessageDecoder.decodeRemovalReentryProtection(ByteToMessageDecoder.java:498)
	at io.netty.handler.codec.ByteToMessageDecoder.callDecode(ByteToMessageDecoder.java:437)
	... 19 more
2020-06-22 14:22:34,571 [myid:] - INFO  [main:FourLetterWordMain@93] - connecting to 127.0.0.1 21995
2020-06-22 14:22:34,571 [myid:] - INFO  [main:FourLetterWordMain@99] - using secure socket
2020-06-22 14:22:34,582 [myid:] - ERROR [main:ZKTrustManager@161] - Failed to verify host address: 127.0.0.1
javax.net.ssl.SSLPeerUnverifiedException: Certificate for <127.0.0.1> doesn't match common name of the certificate subject: localhost
	at org.apache.zookeeper.common.ZKHostnameVerifier.matchCN(ZKHostnameVerifier.java:238)
	at org.apache.zookeeper.common.ZKHostnameVerifier.verify(ZKHostnameVerifier.java:184)
	at org.apache.zookeeper.common.ZKTrustManager.performHostVerification(ZKTrustManager.java:151)
	at org.apache.zookeeper.common.ZKTrustManager.checkServerTrusted(ZKTrustManager.java:90)
	at sun.security.ssl.ClientHandshaker.serverCertificate(ClientHandshaker.java:1670)
	at sun.security.ssl.ClientHandshaker.processMessage(ClientHandshaker.java:226)
	at sun.security.ssl.Handshaker.processLoop(Handshaker.java:1082)
	at sun.security.ssl.Handshaker.process_record(Handshaker.java:1010)
	at sun.security.ssl.SSLSocketImpl.readRecord(SSLSocketImpl.java:1079)
	at sun.security.ssl.SSLSocketImpl.performInitialHandshake(SSLSocketImpl.java:1388)
	at sun.security.ssl.SSLSocketImpl.startHandshake(SSLSocketImpl.java:1416)
	at sun.security.ssl.SSLSocketImpl.startHandshake(SSLSocketImpl.java:1400)
	at org.apache.zookeeper.client.FourLetterWordMain.send4LetterWord(FourLetterWordMain.java:105)
	at org.apache.zookeeper.client.FourLetterWordMain.send4LetterWord(FourLetterWordMain.java:73)
	at org.apache.zookeeper.test.ClientBase.waitForServerUp(ClientBase.java:261)
	at org.apache.zookeeper.test.ClientBase.startServerInstance(ClientBase.java:401)
	at org.apache.zookeeper.test.ClientBase.startServer(ClientBase.java:516)
	at org.apache.zookeeper.test.ClientBase.setUpWithServerId(ClientBase.java:499)
	at org.apache.zookeeper.test.ClientBase.setUp(ClientBase.java:474)
	at org.apache.zookeeper.test.SaslDigestAuthOverSSLTest.setUp(SaslDigestAuthOverSSLTest.java:62)
	at sun.reflect.NativeMethodAccessorImpl.invoke0(Native Method)
	at sun.reflect.NativeMethodAccessorImpl.invoke(NativeMethodAccessorImpl.java:62)
	at sun.reflect.DelegatingMethodAccessorImpl.invoke(DelegatingMethodAccessorImpl.java:43)
	at java.lang.reflect.Method.invoke(Method.java:498)
	at org.junit.runners.model.FrameworkMethod$1.runReflectiveCall(FrameworkMethod.java:50)
	at org.junit.internal.runners.model.ReflectiveCallable.run(ReflectiveCallable.java:12)
	at org.junit.runners.model.FrameworkMethod.invokeExplosively(FrameworkMethod.java:47)
	at mockit.integration.junit4.JUnit4TestRunnerDecorator.invokeExplosively(JUnit4TestRunnerDecorator.java:49)
	at mockit.integration.junit4.FakeFrameworkMethod.invokeExplosively(FakeFrameworkMethod.java:29)
	at org.junit.runners.model.FrameworkMethod.invokeExplosively(FrameworkMethod.java)
	at org.junit.internal.runners.statements.RunBefores.evaluate(RunBefores.java:24)
	at org.junit.internal.runners.statements.RunAfters.evaluate(RunAfters.java:27)
	at org.junit.rules.TestWatcher$1.evaluate(TestWatcher.java:55)
	at org.junit.rules.RunRules.evaluate(RunRules.java:20)
	at org.junit.runners.ParentRunner.runLeaf(ParentRunner.java:325)
	at org.junit.runners.BlockJUnit4ClassRunner.runChild(BlockJUnit4ClassRunner.java:78)
	at org.junit.runners.BlockJUnit4ClassRunner.runChild(BlockJUnit4ClassRunner.java:57)
	at org.junit.runners.ParentRunner$3.run(ParentRunner.java:290)
	at org.junit.runners.ParentRunner$1.schedule(ParentRunner.java:71)
	at org.junit.runners.ParentRunner.runChildren(ParentRunner.java:288)
	at org.junit.runners.ParentRunner.access$000(ParentRunner.java:58)
	at org.junit.runners.ParentRunner$2.evaluate(ParentRunner.java:268)
	at org.junit.internal.runners.statements.RunBefores.evaluate(RunBefores.java:26)
	at org.junit.runners.ParentRunner.run(ParentRunner.java:363)
	at org.apache.maven.surefire.junit4.JUnit4Provider.execute(JUnit4Provider.java:365)
	at org.apache.maven.surefire.junit4.JUnit4Provider.executeWithRerun(JUnit4Provider.java:273)
	at org.apache.maven.surefire.junit4.JUnit4Provider.executeTestSet(JUnit4Provider.java:238)
	at org.apache.maven.surefire.junit4.JUnit4Provider.invoke(JUnit4Provider.java:159)
	at org.apache.maven.surefire.booter.ForkedBooter.invokeProviderInSameClassLoader(ForkedBooter.java:384)
	at org.apache.maven.surefire.booter.ForkedBooter.runSuitesInProcess(ForkedBooter.java:345)
	at org.apache.maven.surefire.booter.ForkedBooter.execute(ForkedBooter.java:126)
	at org.apache.maven.surefire.booter.ForkedBooter.main(ForkedBooter.java:418)
2020-06-22 14:22:34,582 [myid:] - ERROR [main:ZKTrustManager@162] - Failed to verify hostname: activate.navicat.com
javax.net.ssl.SSLPeerUnverifiedException: Certificate for <activate.navicat.com> doesn't match common name of the certificate subject: localhost
	at org.apache.zookeeper.common.ZKHostnameVerifier.matchCN(ZKHostnameVerifier.java:238)
	at org.apache.zookeeper.common.ZKHostnameVerifier.verify(ZKHostnameVerifier.java:184)
	at org.apache.zookeeper.common.ZKTrustManager.performHostVerification(ZKTrustManager.java:159)
	at org.apache.zookeeper.common.ZKTrustManager.checkServerTrusted(ZKTrustManager.java:90)
	at sun.security.ssl.ClientHandshaker.serverCertificate(ClientHandshaker.java:1670)
	at sun.security.ssl.ClientHandshaker.processMessage(ClientHandshaker.java:226)
	at sun.security.ssl.Handshaker.processLoop(Handshaker.java:1082)
	at sun.security.ssl.Handshaker.process_record(Handshaker.java:1010)
	at sun.security.ssl.SSLSocketImpl.readRecord(SSLSocketImpl.java:1079)
	at sun.security.ssl.SSLSocketImpl.performInitialHandshake(SSLSocketImpl.java:1388)
	at sun.security.ssl.SSLSocketImpl.startHandshake(SSLSocketImpl.java:1416)
	at sun.security.ssl.SSLSocketImpl.startHandshake(SSLSocketImpl.java:1400)
	at org.apache.zookeeper.client.FourLetterWordMain.send4LetterWord(FourLetterWordMain.java:105)
	at org.apache.zookeeper.client.FourLetterWordMain.send4LetterWord(FourLetterWordMain.java:73)
	at org.apache.zookeeper.test.ClientBase.waitForServerUp(ClientBase.java:261)
	at org.apache.zookeeper.test.ClientBase.startServerInstance(ClientBase.java:401)
	at org.apache.zookeeper.test.ClientBase.startServer(ClientBase.java:516)
	at org.apache.zookeeper.test.ClientBase.setUpWithServerId(ClientBase.java:499)
	at org.apache.zookeeper.test.ClientBase.setUp(ClientBase.java:474)
	at org.apache.zookeeper.test.SaslDigestAuthOverSSLTest.setUp(SaslDigestAuthOverSSLTest.java:62)
	at sun.reflect.NativeMethodAccessorImpl.invoke0(Native Method)
	at sun.reflect.NativeMethodAccessorImpl.invoke(NativeMethodAccessorImpl.java:62)
	at sun.reflect.DelegatingMethodAccessorImpl.invoke(DelegatingMethodAccessorImpl.java:43)
	at java.lang.reflect.Method.invoke(Method.java:498)
	at org.junit.runners.model.FrameworkMethod$1.runReflectiveCall(FrameworkMethod.java:50)
	at org.junit.internal.runners.model.ReflectiveCallable.run(ReflectiveCallable.java:12)
	at org.junit.runners.model.FrameworkMethod.invokeExplosively(FrameworkMethod.java:47)
	at mockit.integration.junit4.JUnit4TestRunnerDecorator.invokeExplosively(JUnit4TestRunnerDecorator.java:49)
	at mockit.integration.junit4.FakeFrameworkMethod.invokeExplosively(FakeFrameworkMethod.java:29)
	at org.junit.runners.model.FrameworkMethod.invokeExplosively(FrameworkMethod.java)
	at org.junit.internal.runners.statements.RunBefores.evaluate(RunBefores.java:24)
	at org.junit.internal.runners.statements.RunAfters.evaluate(RunAfters.java:27)
	at org.junit.rules.TestWatcher$1.evaluate(TestWatcher.java:55)
	at org.junit.rules.RunRules.evaluate(RunRules.java:20)
	at org.junit.runners.ParentRunner.runLeaf(ParentRunner.java:325)
	at org.junit.runners.BlockJUnit4ClassRunner.runChild(BlockJUnit4ClassRunner.java:78)
	at org.junit.runners.BlockJUnit4ClassRunner.runChild(BlockJUnit4ClassRunner.java:57)
	at org.junit.runners.ParentRunner$3.run(ParentRunner.java:290)
	at org.junit.runners.ParentRunner$1.schedule(ParentRunner.java:71)
	at org.junit.runners.ParentRunner.runChildren(ParentRunner.java:288)
	at org.junit.runners.ParentRunner.access$000(ParentRunner.java:58)
	at org.junit.runners.ParentRunner$2.evaluate(ParentRunner.java:268)
	at org.junit.internal.runners.statements.RunBefores.evaluate(RunBefores.java:26)
	at org.junit.runners.ParentRunner.run(ParentRunner.java:363)
	at org.apache.maven.surefire.junit4.JUnit4Provider.execute(JUnit4Provider.java:365)
	at org.apache.maven.surefire.junit4.JUnit4Provider.executeWithRerun(JUnit4Provider.java:273)
	at org.apache.maven.surefire.junit4.JUnit4Provider.executeTestSet(JUnit4Provider.java:238)
	at org.apache.maven.surefire.junit4.JUnit4Provider.invoke(JUnit4Provider.java:159)
	at org.apache.maven.surefire.booter.ForkedBooter.invokeProviderInSameClassLoader(ForkedBooter.java:384)
	at org.apache.maven.surefire.booter.ForkedBooter.runSuitesInProcess(ForkedBooter.java:345)
	at org.apache.maven.surefire.booter.ForkedBooter.execute(ForkedBooter.java:126)
	at org.apache.maven.surefire.booter.ForkedBooter.main(ForkedBooter.java:418)
2020-06-22 14:22:34,583 [myid:] - INFO  [main:ClientBase@270] - server 127.0.0.1:21995 not up
javax.net.ssl.SSLHandshakeException: java.security.cert.CertificateException: Failed to verify both host address and host name
	at sun.security.ssl.Alerts.getSSLException(Alerts.java:198)
	at sun.security.ssl.SSLSocketImpl.fatal(SSLSocketImpl.java:1967)
	at sun.security.ssl.Handshaker.fatalSE(Handshaker.java:331)
	at sun.security.ssl.Handshaker.fatalSE(Handshaker.java:325)
	at sun.security.ssl.ClientHandshaker.serverCertificate(ClientHandshaker.java:1688)
	at sun.security.ssl.ClientHandshaker.processMessage(ClientHandshaker.java:226)
	at sun.security.ssl.Handshaker.processLoop(Handshaker.java:1082)
	at sun.security.ssl.Handshaker.process_record(Handshaker.java:1010)
	at sun.security.ssl.SSLSocketImpl.readRecord(SSLSocketImpl.java:1079)
	at sun.security.ssl.SSLSocketImpl.performInitialHandshake(SSLSocketImpl.java:1388)
	at sun.security.ssl.SSLSocketImpl.startHandshake(SSLSocketImpl.java:1416)
	at sun.security.ssl.SSLSocketImpl.startHandshake(SSLSocketImpl.java:1400)
	at org.apache.zookeeper.client.FourLetterWordMain.send4LetterWord(FourLetterWordMain.java:105)
	at org.apache.zookeeper.client.FourLetterWordMain.send4LetterWord(FourLetterWordMain.java:73)
	at org.apache.zookeeper.test.ClientBase.waitForServerUp(ClientBase.java:261)
	at org.apache.zookeeper.test.ClientBase.startServerInstance(ClientBase.java:401)
	at org.apache.zookeeper.test.ClientBase.startServer(ClientBase.java:516)
	at org.apache.zookeeper.test.ClientBase.setUpWithServerId(ClientBase.java:499)
	at org.apache.zookeeper.test.ClientBase.setUp(ClientBase.java:474)
	at org.apache.zookeeper.test.SaslDigestAuthOverSSLTest.setUp(SaslDigestAuthOverSSLTest.java:62)
	at sun.reflect.NativeMethodAccessorImpl.invoke0(Native Method)
	at sun.reflect.NativeMethodAccessorImpl.invoke(NativeMethodAccessorImpl.java:62)
	at sun.reflect.DelegatingMethodAccessorImpl.invoke(DelegatingMethodAccessorImpl.java:43)
	at java.lang.reflect.Method.invoke(Method.java:498)
	at org.junit.runners.model.FrameworkMethod$1.runReflectiveCall(FrameworkMethod.java:50)
	at org.junit.internal.runners.model.ReflectiveCallable.run(ReflectiveCallable.java:12)
	at org.junit.runners.model.FrameworkMethod.invokeExplosively(FrameworkMethod.java:47)
	at mockit.integration.junit4.JUnit4TestRunnerDecorator.invokeExplosively(JUnit4TestRunnerDecorator.java:49)
	at mockit.integration.junit4.FakeFrameworkMethod.invokeExplosively(FakeFrameworkMethod.java:29)
	at org.junit.runners.model.FrameworkMethod.invokeExplosively(FrameworkMethod.java)
	at org.junit.internal.runners.statements.RunBefores.evaluate(RunBefores.java:24)
	at org.junit.internal.runners.statements.RunAfters.evaluate(RunAfters.java:27)
	at org.junit.rules.TestWatcher$1.evaluate(TestWatcher.java:55)
	at org.junit.rules.RunRules.evaluate(RunRules.java:20)
	at org.junit.runners.ParentRunner.runLeaf(ParentRunner.java:325)
	at org.junit.runners.BlockJUnit4ClassRunner.runChild(BlockJUnit4ClassRunner.java:78)
	at org.junit.runners.BlockJUnit4ClassRunner.runChild(BlockJUnit4ClassRunner.java:57)
	at org.junit.runners.ParentRunner$3.run(ParentRunner.java:290)
	at org.junit.runners.ParentRunner$1.schedule(ParentRunner.java:71)
	at org.junit.runners.ParentRunner.runChildren(ParentRunner.java:288)
	at org.junit.runners.ParentRunner.access$000(ParentRunner.java:58)
	at org.junit.runners.ParentRunner$2.evaluate(ParentRunner.java:268)
	at org.junit.internal.runners.statements.RunBefores.evaluate(RunBefores.java:26)
	at org.junit.runners.ParentRunner.run(ParentRunner.java:363)
	at org.apache.maven.surefire.junit4.JUnit4Provider.execute(JUnit4Provider.java:365)
	at org.apache.maven.surefire.junit4.JUnit4Provider.executeWithRerun(JUnit4Provider.java:273)
	at org.apache.maven.surefire.junit4.JUnit4Provider.executeTestSet(JUnit4Provider.java:238)
	at org.apache.maven.surefire.junit4.JUnit4Provider.invoke(JUnit4Provider.java:159)
	at org.apache.maven.surefire.booter.ForkedBooter.invokeProviderInSameClassLoader(ForkedBooter.java:384)
	at org.apache.maven.surefire.booter.ForkedBooter.runSuitesInProcess(ForkedBooter.java:345)
	at org.apache.maven.surefire.booter.ForkedBooter.execute(ForkedBooter.java:126)
	at org.apache.maven.surefire.booter.ForkedBooter.main(ForkedBooter.java:418)
Caused by: java.security.cert.CertificateException: Failed to verify both host address and host name
	at org.apache.zookeeper.common.ZKTrustManager.performHostVerification(ZKTrustManager.java:163)
	at org.apache.zookeeper.common.ZKTrustManager.checkServerTrusted(ZKTrustManager.java:90)
	at sun.security.ssl.ClientHandshaker.serverCertificate(ClientHandshaker.java:1670)
	... 47 more
Caused by: javax.net.ssl.SSLPeerUnverifiedException: Certificate for <activate.navicat.com> doesn't match common name of the certificate subject: localhost
	at org.apache.zookeeper.common.ZKHostnameVerifier.matchCN(ZKHostnameVerifier.java:238)
	at org.apache.zookeeper.common.ZKHostnameVerifier.verify(ZKHostnameVerifier.java:184)
	at org.apache.zookeeper.common.ZKTrustManager.performHostVerification(ZKTrustManager.java:159)
	... 49 more
2020-06-22 14:22:34,583 [myid:] - ERROR [nioEventLoopGroup-4-5:NettyServerCnxnFactory$CertificateVerifier@434] - Unsuccessful handshake with session 0x0
2020-06-22 14:22:34,584 [myid:] - WARN  [nioEventLoopGroup-4-5:NettyServerCnxnFactory$CnxnChannelHandler@273] - Exception caught
io.netty.handler.codec.DecoderException: javax.net.ssl.SSLException: Received fatal alert: certificate_unknown
	at io.netty.handler.codec.ByteToMessageDecoder.callDecode(ByteToMessageDecoder.java:468)
	at io.netty.handler.codec.ByteToMessageDecoder.channelRead(ByteToMessageDecoder.java:276)
	at io.netty.channel.AbstractChannelHandlerContext.invokeChannelRead(AbstractChannelHandlerContext.java:379)
	at io.netty.channel.AbstractChannelHandlerContext.invokeChannelRead(AbstractChannelHandlerContext.java:365)
	at io.netty.channel.AbstractChannelHandlerContext.fireChannelRead(AbstractChannelHandlerContext.java:357)
	at io.netty.channel.DefaultChannelPipeline$HeadContext.channelRead(DefaultChannelPipeline.java:1410)
	at io.netty.channel.AbstractChannelHandlerContext.invokeChannelRead(AbstractChannelHandlerContext.java:379)
	at io.netty.channel.AbstractChannelHandlerContext.invokeChannelRead(AbstractChannelHandlerContext.java:365)
	at io.netty.channel.DefaultChannelPipeline.fireChannelRead(DefaultChannelPipeline.java:919)
	at io.netty.channel.nio.AbstractNioByteChannel$NioByteUnsafe.read(AbstractNioByteChannel.java:163)
	at io.netty.channel.nio.NioEventLoop.processSelectedKey(NioEventLoop.java:714)
	at io.netty.channel.nio.NioEventLoop.processSelectedKeysOptimized(NioEventLoop.java:650)
	at io.netty.channel.nio.NioEventLoop.processSelectedKeys(NioEventLoop.java:576)
	at io.netty.channel.nio.NioEventLoop.run(NioEventLoop.java:493)
	at io.netty.util.concurrent.SingleThreadEventExecutor$4.run(SingleThreadEventExecutor.java:989)
	at io.netty.util.internal.ThreadExecutorMap$2.run(ThreadExecutorMap.java:74)
	at io.netty.util.concurrent.FastThreadLocalRunnable.run(FastThreadLocalRunnable.java:30)
	at java.lang.Thread.run(Thread.java:748)
Caused by: javax.net.ssl.SSLException: Received fatal alert: certificate_unknown
	at sun.security.ssl.Alerts.getSSLException(Alerts.java:214)
	at sun.security.ssl.SSLEngineImpl.fatal(SSLEngineImpl.java:1667)
	at sun.security.ssl.SSLEngineImpl.fatal(SSLEngineImpl.java:1635)
	at sun.security.ssl.SSLEngineImpl.recvAlert(SSLEngineImpl.java:1801)
	at sun.security.ssl.SSLEngineImpl.readRecord(SSLEngineImpl.java:1090)
	at sun.security.ssl.SSLEngineImpl.readNetRecord(SSLEngineImpl.java:913)
	at sun.security.ssl.SSLEngineImpl.unwrap(SSLEngineImpl.java:783)
	at javax.net.ssl.SSLEngine.unwrap(SSLEngine.java:626)
	at io.netty.handler.ssl.SslHandler$SslEngineType$3.unwrap(SslHandler.java:281)
	at io.netty.handler.ssl.SslHandler.unwrap(SslHandler.java:1340)
	at io.netty.handler.ssl.SslHandler.decodeJdkCompatible(SslHandler.java:1235)
	at io.netty.handler.ssl.SslHandler.decode(SslHandler.java:1282)
	at io.netty.handler.codec.ByteToMessageDecoder.decodeRemovalReentryProtection(ByteToMessageDecoder.java:498)
	at io.netty.handler.codec.ByteToMessageDecoder.callDecode(ByteToMessageDecoder.java:437)
	... 17 more
2020-06-22 14:22:34,585 [myid:] - WARN  [nioEventLoopGroup-4-5:NettyServerCnxnFactory$CnxnChannelHandler@273] - Exception caught
io.netty.handler.codec.DecoderException: javax.net.ssl.SSLException: Received fatal alert: certificate_unknown
	at io.netty.handler.codec.ByteToMessageDecoder.callDecode(ByteToMessageDecoder.java:468)
	at io.netty.handler.codec.ByteToMessageDecoder.channelInputClosed(ByteToMessageDecoder.java:401)
	at io.netty.handler.codec.ByteToMessageDecoder.channelInputClosed(ByteToMessageDecoder.java:368)
	at io.netty.handler.codec.ByteToMessageDecoder.channelInactive(ByteToMessageDecoder.java:351)
	at io.netty.handler.ssl.SslHandler.channelInactive(SslHandler.java:1084)
	at io.netty.channel.AbstractChannelHandlerContext.invokeChannelInactive(AbstractChannelHandlerContext.java:262)
	at io.netty.channel.AbstractChannelHandlerContext.invokeChannelInactive(AbstractChannelHandlerContext.java:248)
	at io.netty.channel.AbstractChannelHandlerContext.fireChannelInactive(AbstractChannelHandlerContext.java:241)
	at io.netty.channel.DefaultChannelPipeline$HeadContext.channelInactive(DefaultChannelPipeline.java:1405)
	at io.netty.channel.AbstractChannelHandlerContext.invokeChannelInactive(AbstractChannelHandlerContext.java:262)
	at io.netty.channel.AbstractChannelHandlerContext.invokeChannelInactive(AbstractChannelHandlerContext.java:248)
	at io.netty.channel.DefaultChannelPipeline.fireChannelInactive(DefaultChannelPipeline.java:901)
	at io.netty.channel.AbstractChannel$AbstractUnsafe$8.run(AbstractChannel.java:818)
	at io.netty.util.concurrent.AbstractEventExecutor.safeExecute(AbstractEventExecutor.java:164)
	at io.netty.util.concurrent.SingleThreadEventExecutor.runAllTasks(SingleThreadEventExecutor.java:472)
	at io.netty.channel.nio.NioEventLoop.run(NioEventLoop.java:497)
	at io.netty.util.concurrent.SingleThreadEventExecutor$4.run(SingleThreadEventExecutor.java:989)
	at io.netty.util.internal.ThreadExecutorMap$2.run(ThreadExecutorMap.java:74)
	at io.netty.util.concurrent.FastThreadLocalRunnable.run(FastThreadLocalRunnable.java:30)
	at java.lang.Thread.run(Thread.java:748)
Caused by: javax.net.ssl.SSLException: Received fatal alert: certificate_unknown
	at sun.security.ssl.Alerts.getSSLException(Alerts.java:214)
	at sun.security.ssl.SSLEngineImpl.fatal(SSLEngineImpl.java:1667)
	at sun.security.ssl.SSLEngineImpl.fatal(SSLEngineImpl.java:1635)
	at sun.security.ssl.SSLEngineImpl.recvAlert(SSLEngineImpl.java:1801)
	at sun.security.ssl.SSLEngineImpl.readRecord(SSLEngineImpl.java:1090)
	at sun.security.ssl.SSLEngineImpl.readNetRecord(SSLEngineImpl.java:913)
	at sun.security.ssl.SSLEngineImpl.unwrap(SSLEngineImpl.java:783)
	at javax.net.ssl.SSLEngine.unwrap(SSLEngine.java:626)
	at io.netty.handler.ssl.SslHandler$SslEngineType$3.unwrap(SslHandler.java:281)
	at io.netty.handler.ssl.SslHandler.unwrap(SslHandler.java:1340)
	at io.netty.handler.ssl.SslHandler.decodeJdkCompatible(SslHandler.java:1235)
	at io.netty.handler.ssl.SslHandler.decode(SslHandler.java:1282)
	at io.netty.handler.codec.ByteToMessageDecoder.decodeRemovalReentryProtection(ByteToMessageDecoder.java:498)
	at io.netty.handler.codec.ByteToMessageDecoder.callDecode(ByteToMessageDecoder.java:437)
	... 19 more
2020-06-22 14:22:34,834 [myid:] - INFO  [main:FourLetterWordMain@93] - connecting to 127.0.0.1 21995
2020-06-22 14:22:34,834 [myid:] - INFO  [main:FourLetterWordMain@99] - using secure socket
2020-06-22 14:22:34,847 [myid:] - ERROR [main:ZKTrustManager@161] - Failed to verify host address: 127.0.0.1
javax.net.ssl.SSLPeerUnverifiedException: Certificate for <127.0.0.1> doesn't match common name of the certificate subject: localhost
	at org.apache.zookeeper.common.ZKHostnameVerifier.matchCN(ZKHostnameVerifier.java:238)
	at org.apache.zookeeper.common.ZKHostnameVerifier.verify(ZKHostnameVerifier.java:184)
	at org.apache.zookeeper.common.ZKTrustManager.performHostVerification(ZKTrustManager.java:151)
	at org.apache.zookeeper.common.ZKTrustManager.checkServerTrusted(ZKTrustManager.java:90)
	at sun.security.ssl.ClientHandshaker.serverCertificate(ClientHandshaker.java:1670)
	at sun.security.ssl.ClientHandshaker.processMessage(ClientHandshaker.java:226)
	at sun.security.ssl.Handshaker.processLoop(Handshaker.java:1082)
	at sun.security.ssl.Handshaker.process_record(Handshaker.java:1010)
	at sun.security.ssl.SSLSocketImpl.readRecord(SSLSocketImpl.java:1079)
	at sun.security.ssl.SSLSocketImpl.performInitialHandshake(SSLSocketImpl.java:1388)
	at sun.security.ssl.SSLSocketImpl.startHandshake(SSLSocketImpl.java:1416)
	at sun.security.ssl.SSLSocketImpl.startHandshake(SSLSocketImpl.java:1400)
	at org.apache.zookeeper.client.FourLetterWordMain.send4LetterWord(FourLetterWordMain.java:105)
	at org.apache.zookeeper.client.FourLetterWordMain.send4LetterWord(FourLetterWordMain.java:73)
	at org.apache.zookeeper.test.ClientBase.waitForServerUp(ClientBase.java:261)
	at org.apache.zookeeper.test.ClientBase.startServerInstance(ClientBase.java:401)
	at org.apache.zookeeper.test.ClientBase.startServer(ClientBase.java:516)
	at org.apache.zookeeper.test.ClientBase.setUpWithServerId(ClientBase.java:499)
	at org.apache.zookeeper.test.ClientBase.setUp(ClientBase.java:474)
	at org.apache.zookeeper.test.SaslDigestAuthOverSSLTest.setUp(SaslDigestAuthOverSSLTest.java:62)
	at sun.reflect.NativeMethodAccessorImpl.invoke0(Native Method)
	at sun.reflect.NativeMethodAccessorImpl.invoke(NativeMethodAccessorImpl.java:62)
	at sun.reflect.DelegatingMethodAccessorImpl.invoke(DelegatingMethodAccessorImpl.java:43)
	at java.lang.reflect.Method.invoke(Method.java:498)
	at org.junit.runners.model.FrameworkMethod$1.runReflectiveCall(FrameworkMethod.java:50)
	at org.junit.internal.runners.model.ReflectiveCallable.run(ReflectiveCallable.java:12)
	at org.junit.runners.model.FrameworkMethod.invokeExplosively(FrameworkMethod.java:47)
	at mockit.integration.junit4.JUnit4TestRunnerDecorator.invokeExplosively(JUnit4TestRunnerDecorator.java:49)
	at mockit.integration.junit4.FakeFrameworkMethod.invokeExplosively(FakeFrameworkMethod.java:29)
	at org.junit.runners.model.FrameworkMethod.invokeExplosively(FrameworkMethod.java)
	at org.junit.internal.runners.statements.RunBefores.evaluate(RunBefores.java:24)
	at org.junit.internal.runners.statements.RunAfters.evaluate(RunAfters.java:27)
	at org.junit.rules.TestWatcher$1.evaluate(TestWatcher.java:55)
	at org.junit.rules.RunRules.evaluate(RunRules.java:20)
	at org.junit.runners.ParentRunner.runLeaf(ParentRunner.java:325)
	at org.junit.runners.BlockJUnit4ClassRunner.runChild(BlockJUnit4ClassRunner.java:78)
	at org.junit.runners.BlockJUnit4ClassRunner.runChild(BlockJUnit4ClassRunner.java:57)
	at org.junit.runners.ParentRunner$3.run(ParentRunner.java:290)
	at org.junit.runners.ParentRunner$1.schedule(ParentRunner.java:71)
	at org.junit.runners.ParentRunner.runChildren(ParentRunner.java:288)
	at org.junit.runners.ParentRunner.access$000(ParentRunner.java:58)
	at org.junit.runners.ParentRunner$2.evaluate(ParentRunner.java:268)
	at org.junit.internal.runners.statements.RunBefores.evaluate(RunBefores.java:26)
	at org.junit.runners.ParentRunner.run(ParentRunner.java:363)
	at org.apache.maven.surefire.junit4.JUnit4Provider.execute(JUnit4Provider.java:365)
	at org.apache.maven.surefire.junit4.JUnit4Provider.executeWithRerun(JUnit4Provider.java:273)
	at org.apache.maven.surefire.junit4.JUnit4Provider.executeTestSet(JUnit4Provider.java:238)
	at org.apache.maven.surefire.junit4.JUnit4Provider.invoke(JUnit4Provider.java:159)
	at org.apache.maven.surefire.booter.ForkedBooter.invokeProviderInSameClassLoader(ForkedBooter.java:384)
	at org.apache.maven.surefire.booter.ForkedBooter.runSuitesInProcess(ForkedBooter.java:345)
	at org.apache.maven.surefire.booter.ForkedBooter.execute(ForkedBooter.java:126)
	at org.apache.maven.surefire.booter.ForkedBooter.main(ForkedBooter.java:418)
2020-06-22 14:22:34,848 [myid:] - ERROR [main:ZKTrustManager@162] - Failed to verify hostname: activate.navicat.com
javax.net.ssl.SSLPeerUnverifiedException: Certificate for <activate.navicat.com> doesn't match common name of the certificate subject: localhost
	at org.apache.zookeeper.common.ZKHostnameVerifier.matchCN(ZKHostnameVerifier.java:238)
	at org.apache.zookeeper.common.ZKHostnameVerifier.verify(ZKHostnameVerifier.java:184)
	at org.apache.zookeeper.common.ZKTrustManager.performHostVerification(ZKTrustManager.java:159)
	at org.apache.zookeeper.common.ZKTrustManager.checkServerTrusted(ZKTrustManager.java:90)
	at sun.security.ssl.ClientHandshaker.serverCertificate(ClientHandshaker.java:1670)
	at sun.security.ssl.ClientHandshaker.processMessage(ClientHandshaker.java:226)
	at sun.security.ssl.Handshaker.processLoop(Handshaker.java:1082)
	at sun.security.ssl.Handshaker.process_record(Handshaker.java:1010)
	at sun.security.ssl.SSLSocketImpl.readRecord(SSLSocketImpl.java:1079)
	at sun.security.ssl.SSLSocketImpl.performInitialHandshake(SSLSocketImpl.java:1388)
	at sun.security.ssl.SSLSocketImpl.startHandshake(SSLSocketImpl.java:1416)
	at sun.security.ssl.SSLSocketImpl.startHandshake(SSLSocketImpl.java:1400)
	at org.apache.zookeeper.client.FourLetterWordMain.send4LetterWord(FourLetterWordMain.java:105)
	at org.apache.zookeeper.client.FourLetterWordMain.send4LetterWord(FourLetterWordMain.java:73)
	at org.apache.zookeeper.test.ClientBase.waitForServerUp(ClientBase.java:261)
	at org.apache.zookeeper.test.ClientBase.startServerInstance(ClientBase.java:401)
	at org.apache.zookeeper.test.ClientBase.startServer(ClientBase.java:516)
	at org.apache.zookeeper.test.ClientBase.setUpWithServerId(ClientBase.java:499)
	at org.apache.zookeeper.test.ClientBase.setUp(ClientBase.java:474)
	at org.apache.zookeeper.test.SaslDigestAuthOverSSLTest.setUp(SaslDigestAuthOverSSLTest.java:62)
	at sun.reflect.NativeMethodAccessorImpl.invoke0(Native Method)
	at sun.reflect.NativeMethodAccessorImpl.invoke(NativeMethodAccessorImpl.java:62)
	at sun.reflect.DelegatingMethodAccessorImpl.invoke(DelegatingMethodAccessorImpl.java:43)
	at java.lang.reflect.Method.invoke(Method.java:498)
	at org.junit.runners.model.FrameworkMethod$1.runReflectiveCall(FrameworkMethod.java:50)
	at org.junit.internal.runners.model.ReflectiveCallable.run(ReflectiveCallable.java:12)
	at org.junit.runners.model.FrameworkMethod.invokeExplosively(FrameworkMethod.java:47)
	at mockit.integration.junit4.JUnit4TestRunnerDecorator.invokeExplosively(JUnit4TestRunnerDecorator.java:49)
	at mockit.integration.junit4.FakeFrameworkMethod.invokeExplosively(FakeFrameworkMethod.java:29)
	at org.junit.runners.model.FrameworkMethod.invokeExplosively(FrameworkMethod.java)
	at org.junit.internal.runners.statements.RunBefores.evaluate(RunBefores.java:24)
	at org.junit.internal.runners.statements.RunAfters.evaluate(RunAfters.java:27)
	at org.junit.rules.TestWatcher$1.evaluate(TestWatcher.java:55)
	at org.junit.rules.RunRules.evaluate(RunRules.java:20)
	at org.junit.runners.ParentRunner.runLeaf(ParentRunner.java:325)
	at org.junit.runners.BlockJUnit4ClassRunner.runChild(BlockJUnit4ClassRunner.java:78)
	at org.junit.runners.BlockJUnit4ClassRunner.runChild(BlockJUnit4ClassRunner.java:57)
	at org.junit.runners.ParentRunner$3.run(ParentRunner.java:290)
	at org.junit.runners.ParentRunner$1.schedule(ParentRunner.java:71)
	at org.junit.runners.ParentRunner.runChildren(ParentRunner.java:288)
	at org.junit.runners.ParentRunner.access$000(ParentRunner.java:58)
	at org.junit.runners.ParentRunner$2.evaluate(ParentRunner.java:268)
	at org.junit.internal.runners.statements.RunBefores.evaluate(RunBefores.java:26)
	at org.junit.runners.ParentRunner.run(ParentRunner.java:363)
	at org.apache.maven.surefire.junit4.JUnit4Provider.execute(JUnit4Provider.java:365)
	at org.apache.maven.surefire.junit4.JUnit4Provider.executeWithRerun(JUnit4Provider.java:273)
	at org.apache.maven.surefire.junit4.JUnit4Provider.executeTestSet(JUnit4Provider.java:238)
	at org.apache.maven.surefire.junit4.JUnit4Provider.invoke(JUnit4Provider.java:159)
	at org.apache.maven.surefire.booter.ForkedBooter.invokeProviderInSameClassLoader(ForkedBooter.java:384)
	at org.apache.maven.surefire.booter.ForkedBooter.runSuitesInProcess(ForkedBooter.java:345)
	at org.apache.maven.surefire.booter.ForkedBooter.execute(ForkedBooter.java:126)
	at org.apache.maven.surefire.booter.ForkedBooter.main(ForkedBooter.java:418)
2020-06-22 14:22:34,848 [myid:] - INFO  [main:ClientBase@270] - server 127.0.0.1:21995 not up
javax.net.ssl.SSLHandshakeException: java.security.cert.CertificateException: Failed to verify both host address and host name
	at sun.security.ssl.Alerts.getSSLException(Alerts.java:198)
	at sun.security.ssl.SSLSocketImpl.fatal(SSLSocketImpl.java:1967)
	at sun.security.ssl.Handshaker.fatalSE(Handshaker.java:331)
	at sun.security.ssl.Handshaker.fatalSE(Handshaker.java:325)
	at sun.security.ssl.ClientHandshaker.serverCertificate(ClientHandshaker.java:1688)
	at sun.security.ssl.ClientHandshaker.processMessage(ClientHandshaker.java:226)
	at sun.security.ssl.Handshaker.processLoop(Handshaker.java:1082)
	at sun.security.ssl.Handshaker.process_record(Handshaker.java:1010)
	at sun.security.ssl.SSLSocketImpl.readRecord(SSLSocketImpl.java:1079)
	at sun.security.ssl.SSLSocketImpl.performInitialHandshake(SSLSocketImpl.java:1388)
	at sun.security.ssl.SSLSocketImpl.startHandshake(SSLSocketImpl.java:1416)
	at sun.security.ssl.SSLSocketImpl.startHandshake(SSLSocketImpl.java:1400)
	at org.apache.zookeeper.client.FourLetterWordMain.send4LetterWord(FourLetterWordMain.java:105)
	at org.apache.zookeeper.client.FourLetterWordMain.send4LetterWord(FourLetterWordMain.java:73)
	at org.apache.zookeeper.test.ClientBase.waitForServerUp(ClientBase.java:261)
	at org.apache.zookeeper.test.ClientBase.startServerInstance(ClientBase.java:401)
	at org.apache.zookeeper.test.ClientBase.startServer(ClientBase.java:516)
	at org.apache.zookeeper.test.ClientBase.setUpWithServerId(ClientBase.java:499)
	at org.apache.zookeeper.test.ClientBase.setUp(ClientBase.java:474)
	at org.apache.zookeeper.test.SaslDigestAuthOverSSLTest.setUp(SaslDigestAuthOverSSLTest.java:62)
	at sun.reflect.NativeMethodAccessorImpl.invoke0(Native Method)
	at sun.reflect.NativeMethodAccessorImpl.invoke(NativeMethodAccessorImpl.java:62)
	at sun.reflect.DelegatingMethodAccessorImpl.invoke(DelegatingMethodAccessorImpl.java:43)
	at java.lang.reflect.Method.invoke(Method.java:498)
	at org.junit.runners.model.FrameworkMethod$1.runReflectiveCall(FrameworkMethod.java:50)
	at org.junit.internal.runners.model.ReflectiveCallable.run(ReflectiveCallable.java:12)
	at org.junit.runners.model.FrameworkMethod.invokeExplosively(FrameworkMethod.java:47)
	at mockit.integration.junit4.JUnit4TestRunnerDecorator.invokeExplosively(JUnit4TestRunnerDecorator.java:49)
	at mockit.integration.junit4.FakeFrameworkMethod.invokeExplosively(FakeFrameworkMethod.java:29)
	at org.junit.runners.model.FrameworkMethod.invokeExplosively(FrameworkMethod.java)
	at org.junit.internal.runners.statements.RunBefores.evaluate(RunBefores.java:24)
	at org.junit.internal.runners.statements.RunAfters.evaluate(RunAfters.java:27)
	at org.junit.rules.TestWatcher$1.evaluate(TestWatcher.java:55)
	at org.junit.rules.RunRules.evaluate(RunRules.java:20)
	at org.junit.runners.ParentRunner.runLeaf(ParentRunner.java:325)
	at org.junit.runners.BlockJUnit4ClassRunner.runChild(BlockJUnit4ClassRunner.java:78)
	at org.junit.runners.BlockJUnit4ClassRunner.runChild(BlockJUnit4ClassRunner.java:57)
	at org.junit.runners.ParentRunner$3.run(ParentRunner.java:290)
	at org.junit.runners.ParentRunner$1.schedule(ParentRunner.java:71)
	at org.junit.runners.ParentRunner.runChildren(ParentRunner.java:288)
	at org.junit.runners.ParentRunner.access$000(ParentRunner.java:58)
	at org.junit.runners.ParentRunner$2.evaluate(ParentRunner.java:268)
	at org.junit.internal.runners.statements.RunBefores.evaluate(RunBefores.java:26)
	at org.junit.runners.ParentRunner.run(ParentRunner.java:363)
	at org.apache.maven.surefire.junit4.JUnit4Provider.execute(JUnit4Provider.java:365)
	at org.apache.maven.surefire.junit4.JUnit4Provider.executeWithRerun(JUnit4Provider.java:273)
	at org.apache.maven.surefire.junit4.JUnit4Provider.executeTestSet(JUnit4Provider.java:238)
	at org.apache.maven.surefire.junit4.JUnit4Provider.invoke(JUnit4Provider.java:159)
	at org.apache.maven.surefire.booter.ForkedBooter.invokeProviderInSameClassLoader(ForkedBooter.java:384)
	at org.apache.maven.surefire.booter.ForkedBooter.runSuitesInProcess(ForkedBooter.java:345)
	at org.apache.maven.surefire.booter.ForkedBooter.execute(ForkedBooter.java:126)
	at org.apache.maven.surefire.booter.ForkedBooter.main(ForkedBooter.java:418)
Caused by: java.security.cert.CertificateException: Failed to verify both host address and host name
	at org.apache.zookeeper.common.ZKTrustManager.performHostVerification(ZKTrustManager.java:163)
	at org.apache.zookeeper.common.ZKTrustManager.checkServerTrusted(ZKTrustManager.java:90)
	at sun.security.ssl.ClientHandshaker.serverCertificate(ClientHandshaker.java:1670)
	... 47 more
Caused by: javax.net.ssl.SSLPeerUnverifiedException: Certificate for <activate.navicat.com> doesn't match common name of the certificate subject: localhost
	at org.apache.zookeeper.common.ZKHostnameVerifier.matchCN(ZKHostnameVerifier.java:238)
	at org.apache.zookeeper.common.ZKHostnameVerifier.verify(ZKHostnameVerifier.java:184)
	at org.apache.zookeeper.common.ZKTrustManager.performHostVerification(ZKTrustManager.java:159)
	... 49 more
2020-06-22 14:22:34,849 [myid:] - ERROR [nioEventLoopGroup-4-6:NettyServerCnxnFactory$CertificateVerifier@434] - Unsuccessful handshake with session 0x0
2020-06-22 14:22:34,849 [myid:] - WARN  [nioEventLoopGroup-4-6:NettyServerCnxnFactory$CnxnChannelHandler@273] - Exception caught
io.netty.handler.codec.DecoderException: javax.net.ssl.SSLException: Received fatal alert: certificate_unknown
	at io.netty.handler.codec.ByteToMessageDecoder.callDecode(ByteToMessageDecoder.java:468)
	at io.netty.handler.codec.ByteToMessageDecoder.channelRead(ByteToMessageDecoder.java:276)
	at io.netty.channel.AbstractChannelHandlerContext.invokeChannelRead(AbstractChannelHandlerContext.java:379)
	at io.netty.channel.AbstractChannelHandlerContext.invokeChannelRead(AbstractChannelHandlerContext.java:365)
	at io.netty.channel.AbstractChannelHandlerContext.fireChannelRead(AbstractChannelHandlerContext.java:357)
	at io.netty.channel.DefaultChannelPipeline$HeadContext.channelRead(DefaultChannelPipeline.java:1410)
	at io.netty.channel.AbstractChannelHandlerContext.invokeChannelRead(AbstractChannelHandlerContext.java:379)
	at io.netty.channel.AbstractChannelHandlerContext.invokeChannelRead(AbstractChannelHandlerContext.java:365)
	at io.netty.channel.DefaultChannelPipeline.fireChannelRead(DefaultChannelPipeline.java:919)
	at io.netty.channel.nio.AbstractNioByteChannel$NioByteUnsafe.read(AbstractNioByteChannel.java:163)
	at io.netty.channel.nio.NioEventLoop.processSelectedKey(NioEventLoop.java:714)
	at io.netty.channel.nio.NioEventLoop.processSelectedKeysOptimized(NioEventLoop.java:650)
	at io.netty.channel.nio.NioEventLoop.processSelectedKeys(NioEventLoop.java:576)
	at io.netty.channel.nio.NioEventLoop.run(NioEventLoop.java:493)
	at io.netty.util.concurrent.SingleThreadEventExecutor$4.run(SingleThreadEventExecutor.java:989)
	at io.netty.util.internal.ThreadExecutorMap$2.run(ThreadExecutorMap.java:74)
	at io.netty.util.concurrent.FastThreadLocalRunnable.run(FastThreadLocalRunnable.java:30)
	at java.lang.Thread.run(Thread.java:748)
Caused by: javax.net.ssl.SSLException: Received fatal alert: certificate_unknown
	at sun.security.ssl.Alerts.getSSLException(Alerts.java:214)
	at sun.security.ssl.SSLEngineImpl.fatal(SSLEngineImpl.java:1667)
	at sun.security.ssl.SSLEngineImpl.fatal(SSLEngineImpl.java:1635)
	at sun.security.ssl.SSLEngineImpl.recvAlert(SSLEngineImpl.java:1801)
	at sun.security.ssl.SSLEngineImpl.readRecord(SSLEngineImpl.java:1090)
	at sun.security.ssl.SSLEngineImpl.readNetRecord(SSLEngineImpl.java:913)
	at sun.security.ssl.SSLEngineImpl.unwrap(SSLEngineImpl.java:783)
	at javax.net.ssl.SSLEngine.unwrap(SSLEngine.java:626)
	at io.netty.handler.ssl.SslHandler$SslEngineType$3.unwrap(SslHandler.java:281)
	at io.netty.handler.ssl.SslHandler.unwrap(SslHandler.java:1340)
	at io.netty.handler.ssl.SslHandler.decodeJdkCompatible(SslHandler.java:1235)
	at io.netty.handler.ssl.SslHandler.decode(SslHandler.java:1282)
	at io.netty.handler.codec.ByteToMessageDecoder.decodeRemovalReentryProtection(ByteToMessageDecoder.java:498)
	at io.netty.handler.codec.ByteToMessageDecoder.callDecode(ByteToMessageDecoder.java:437)
	... 17 more
2020-06-22 14:22:34,850 [myid:] - WARN  [nioEventLoopGroup-4-6:NettyServerCnxnFactory$CnxnChannelHandler@273] - Exception caught
io.netty.handler.codec.DecoderException: javax.net.ssl.SSLException: Received fatal alert: certificate_unknown
	at io.netty.handler.codec.ByteToMessageDecoder.callDecode(ByteToMessageDecoder.java:468)
	at io.netty.handler.codec.ByteToMessageDecoder.channelInputClosed(ByteToMessageDecoder.java:401)
	at io.netty.handler.codec.ByteToMessageDecoder.channelInputClosed(ByteToMessageDecoder.java:368)
	at io.netty.handler.codec.ByteToMessageDecoder.channelInactive(ByteToMessageDecoder.java:351)
	at io.netty.handler.ssl.SslHandler.channelInactive(SslHandler.java:1084)
	at io.netty.channel.AbstractChannelHandlerContext.invokeChannelInactive(AbstractChannelHandlerContext.java:262)
	at io.netty.channel.AbstractChannelHandlerContext.invokeChannelInactive(AbstractChannelHandlerContext.java:248)
	at io.netty.channel.AbstractChannelHandlerContext.fireChannelInactive(AbstractChannelHandlerContext.java:241)
	at io.netty.channel.DefaultChannelPipeline$HeadContext.channelInactive(DefaultChannelPipeline.java:1405)
	at io.netty.channel.AbstractChannelHandlerContext.invokeChannelInactive(AbstractChannelHandlerContext.java:262)
	at io.netty.channel.AbstractChannelHandlerContext.invokeChannelInactive(AbstractChannelHandlerContext.java:248)
	at io.netty.channel.DefaultChannelPipeline.fireChannelInactive(DefaultChannelPipeline.java:901)
	at io.netty.channel.AbstractChannel$AbstractUnsafe$8.run(AbstractChannel.java:818)
	at io.netty.util.concurrent.AbstractEventExecutor.safeExecute(AbstractEventExecutor.java:164)
	at io.netty.util.concurrent.SingleThreadEventExecutor.runAllTasks(SingleThreadEventExecutor.java:472)
	at io.netty.channel.nio.NioEventLoop.run(NioEventLoop.java:497)
	at io.netty.util.concurrent.SingleThreadEventExecutor$4.run(SingleThreadEventExecutor.java:989)
	at io.netty.util.internal.ThreadExecutorMap$2.run(ThreadExecutorMap.java:74)
	at io.netty.util.concurrent.FastThreadLocalRunnable.run(FastThreadLocalRunnable.java:30)
	at java.lang.Thread.run(Thread.java:748)
Caused by: javax.net.ssl.SSLException: Received fatal alert: certificate_unknown
	at sun.security.ssl.Alerts.getSSLException(Alerts.java:214)
	at sun.security.ssl.SSLEngineImpl.fatal(SSLEngineImpl.java:1667)
	at sun.security.ssl.SSLEngineImpl.fatal(SSLEngineImpl.java:1635)
	at sun.security.ssl.SSLEngineImpl.recvAlert(SSLEngineImpl.java:1801)
	at sun.security.ssl.SSLEngineImpl.readRecord(SSLEngineImpl.java:1090)
	at sun.security.ssl.SSLEngineImpl.readNetRecord(SSLEngineImpl.java:913)
	at sun.security.ssl.SSLEngineImpl.unwrap(SSLEngineImpl.java:783)
	at javax.net.ssl.SSLEngine.unwrap(SSLEngine.java:626)
	at io.netty.handler.ssl.SslHandler$SslEngineType$3.unwrap(SslHandler.java:281)
	at io.netty.handler.ssl.SslHandler.unwrap(SslHandler.java:1340)
	at io.netty.handler.ssl.SslHandler.decodeJdkCompatible(SslHandler.java:1235)
	at io.netty.handler.ssl.SslHandler.decode(SslHandler.java:1282)
	at io.netty.handler.codec.ByteToMessageDecoder.decodeRemovalReentryProtection(ByteToMessageDecoder.java:498)
	at io.netty.handler.codec.ByteToMessageDecoder.callDecode(ByteToMessageDecoder.java:437)
	... 19 more
2020-06-22 14:22:35,099 [myid:] - INFO  [main:FourLetterWordMain@93] - connecting to 127.0.0.1 21995
2020-06-22 14:22:35,099 [myid:] - INFO  [main:FourLetterWordMain@99] - using secure socket
2020-06-22 14:22:35,112 [myid:] - ERROR [main:ZKTrustManager@161] - Failed to verify host address: 127.0.0.1
javax.net.ssl.SSLPeerUnverifiedException: Certificate for <127.0.0.1> doesn't match common name of the certificate subject: localhost
	at org.apache.zookeeper.common.ZKHostnameVerifier.matchCN(ZKHostnameVerifier.java:238)
	at org.apache.zookeeper.common.ZKHostnameVerifier.verify(ZKHostnameVerifier.java:184)
	at org.apache.zookeeper.common.ZKTrustManager.performHostVerification(ZKTrustManager.java:151)
	at org.apache.zookeeper.common.ZKTrustManager.checkServerTrusted(ZKTrustManager.java:90)
	at sun.security.ssl.ClientHandshaker.serverCertificate(ClientHandshaker.java:1670)
	at sun.security.ssl.ClientHandshaker.processMessage(ClientHandshaker.java:226)
	at sun.security.ssl.Handshaker.processLoop(Handshaker.java:1082)
	at sun.security.ssl.Handshaker.process_record(Handshaker.java:1010)
	at sun.security.ssl.SSLSocketImpl.readRecord(SSLSocketImpl.java:1079)
	at sun.security.ssl.SSLSocketImpl.performInitialHandshake(SSLSocketImpl.java:1388)
	at sun.security.ssl.SSLSocketImpl.startHandshake(SSLSocketImpl.java:1416)
	at sun.security.ssl.SSLSocketImpl.startHandshake(SSLSocketImpl.java:1400)
	at org.apache.zookeeper.client.FourLetterWordMain.send4LetterWord(FourLetterWordMain.java:105)
	at org.apache.zookeeper.client.FourLetterWordMain.send4LetterWord(FourLetterWordMain.java:73)
	at org.apache.zookeeper.test.ClientBase.waitForServerUp(ClientBase.java:261)
	at org.apache.zookeeper.test.ClientBase.startServerInstance(ClientBase.java:401)
	at org.apache.zookeeper.test.ClientBase.startServer(ClientBase.java:516)
	at org.apache.zookeeper.test.ClientBase.setUpWithServerId(ClientBase.java:499)
	at org.apache.zookeeper.test.ClientBase.setUp(ClientBase.java:474)
	at org.apache.zookeeper.test.SaslDigestAuthOverSSLTest.setUp(SaslDigestAuthOverSSLTest.java:62)
	at sun.reflect.NativeMethodAccessorImpl.invoke0(Native Method)
	at sun.reflect.NativeMethodAccessorImpl.invoke(NativeMethodAccessorImpl.java:62)
	at sun.reflect.DelegatingMethodAccessorImpl.invoke(DelegatingMethodAccessorImpl.java:43)
	at java.lang.reflect.Method.invoke(Method.java:498)
	at org.junit.runners.model.FrameworkMethod$1.runReflectiveCall(FrameworkMethod.java:50)
	at org.junit.internal.runners.model.ReflectiveCallable.run(ReflectiveCallable.java:12)
	at org.junit.runners.model.FrameworkMethod.invokeExplosively(FrameworkMethod.java:47)
	at mockit.integration.junit4.JUnit4TestRunnerDecorator.invokeExplosively(JUnit4TestRunnerDecorator.java:49)
	at mockit.integration.junit4.FakeFrameworkMethod.invokeExplosively(FakeFrameworkMethod.java:29)
	at org.junit.runners.model.FrameworkMethod.invokeExplosively(FrameworkMethod.java)
	at org.junit.internal.runners.statements.RunBefores.evaluate(RunBefores.java:24)
	at org.junit.internal.runners.statements.RunAfters.evaluate(RunAfters.java:27)
	at org.junit.rules.TestWatcher$1.evaluate(TestWatcher.java:55)
	at org.junit.rules.RunRules.evaluate(RunRules.java:20)
	at org.junit.runners.ParentRunner.runLeaf(ParentRunner.java:325)
	at org.junit.runners.BlockJUnit4ClassRunner.runChild(BlockJUnit4ClassRunner.java:78)
	at org.junit.runners.BlockJUnit4ClassRunner.runChild(BlockJUnit4ClassRunner.java:57)
	at org.junit.runners.ParentRunner$3.run(ParentRunner.java:290)
	at org.junit.runners.ParentRunner$1.schedule(ParentRunner.java:71)
	at org.junit.runners.ParentRunner.runChildren(ParentRunner.java:288)
	at org.junit.runners.ParentRunner.access$000(ParentRunner.java:58)
	at org.junit.runners.ParentRunner$2.evaluate(ParentRunner.java:268)
	at org.junit.internal.runners.statements.RunBefores.evaluate(RunBefores.java:26)
	at org.junit.runners.ParentRunner.run(ParentRunner.java:363)
	at org.apache.maven.surefire.junit4.JUnit4Provider.execute(JUnit4Provider.java:365)
	at org.apache.maven.surefire.junit4.JUnit4Provider.executeWithRerun(JUnit4Provider.java:273)
	at org.apache.maven.surefire.junit4.JUnit4Provider.executeTestSet(JUnit4Provider.java:238)
	at org.apache.maven.surefire.junit4.JUnit4Provider.invoke(JUnit4Provider.java:159)
	at org.apache.maven.surefire.booter.ForkedBooter.invokeProviderInSameClassLoader(ForkedBooter.java:384)
	at org.apache.maven.surefire.booter.ForkedBooter.runSuitesInProcess(ForkedBooter.java:345)
	at org.apache.maven.surefire.booter.ForkedBooter.execute(ForkedBooter.java:126)
	at org.apache.maven.surefire.booter.ForkedBooter.main(ForkedBooter.java:418)
2020-06-22 14:22:35,112 [myid:] - ERROR [main:ZKTrustManager@162] - Failed to verify hostname: activate.navicat.com
javax.net.ssl.SSLPeerUnverifiedException: Certificate for <activate.navicat.com> doesn't match common name of the certificate subject: localhost
	at org.apache.zookeeper.common.ZKHostnameVerifier.matchCN(ZKHostnameVerifier.java:238)
	at org.apache.zookeeper.common.ZKHostnameVerifier.verify(ZKHostnameVerifier.java:184)
	at org.apache.zookeeper.common.ZKTrustManager.performHostVerification(ZKTrustManager.java:159)
	at org.apache.zookeeper.common.ZKTrustManager.checkServerTrusted(ZKTrustManager.java:90)
	at sun.security.ssl.ClientHandshaker.serverCertificate(ClientHandshaker.java:1670)
	at sun.security.ssl.ClientHandshaker.processMessage(ClientHandshaker.java:226)
	at sun.security.ssl.Handshaker.processLoop(Handshaker.java:1082)
	at sun.security.ssl.Handshaker.process_record(Handshaker.java:1010)
	at sun.security.ssl.SSLSocketImpl.readRecord(SSLSocketImpl.java:1079)
	at sun.security.ssl.SSLSocketImpl.performInitialHandshake(SSLSocketImpl.java:1388)
	at sun.security.ssl.SSLSocketImpl.startHandshake(SSLSocketImpl.java:1416)
	at sun.security.ssl.SSLSocketImpl.startHandshake(SSLSocketImpl.java:1400)
	at org.apache.zookeeper.client.FourLetterWordMain.send4LetterWord(FourLetterWordMain.java:105)
	at org.apache.zookeeper.client.FourLetterWordMain.send4LetterWord(FourLetterWordMain.java:73)
	at org.apache.zookeeper.test.ClientBase.waitForServerUp(ClientBase.java:261)
	at org.apache.zookeeper.test.ClientBase.startServerInstance(ClientBase.java:401)
	at org.apache.zookeeper.test.ClientBase.startServer(ClientBase.java:516)
	at org.apache.zookeeper.test.ClientBase.setUpWithServerId(ClientBase.java:499)
	at org.apache.zookeeper.test.ClientBase.setUp(ClientBase.java:474)
	at org.apache.zookeeper.test.SaslDigestAuthOverSSLTest.setUp(SaslDigestAuthOverSSLTest.java:62)
	at sun.reflect.NativeMethodAccessorImpl.invoke0(Native Method)
	at sun.reflect.NativeMethodAccessorImpl.invoke(NativeMethodAccessorImpl.java:62)
	at sun.reflect.DelegatingMethodAccessorImpl.invoke(DelegatingMethodAccessorImpl.java:43)
	at java.lang.reflect.Method.invoke(Method.java:498)
	at org.junit.runners.model.FrameworkMethod$1.runReflectiveCall(FrameworkMethod.java:50)
	at org.junit.internal.runners.model.ReflectiveCallable.run(ReflectiveCallable.java:12)
	at org.junit.runners.model.FrameworkMethod.invokeExplosively(FrameworkMethod.java:47)
	at mockit.integration.junit4.JUnit4TestRunnerDecorator.invokeExplosively(JUnit4TestRunnerDecorator.java:49)
	at mockit.integration.junit4.FakeFrameworkMethod.invokeExplosively(FakeFrameworkMethod.java:29)
	at org.junit.runners.model.FrameworkMethod.invokeExplosively(FrameworkMethod.java)
	at org.junit.internal.runners.statements.RunBefores.evaluate(RunBefores.java:24)
	at org.junit.internal.runners.statements.RunAfters.evaluate(RunAfters.java:27)
	at org.junit.rules.TestWatcher$1.evaluate(TestWatcher.java:55)
	at org.junit.rules.RunRules.evaluate(RunRules.java:20)
	at org.junit.runners.ParentRunner.runLeaf(ParentRunner.java:325)
	at org.junit.runners.BlockJUnit4ClassRunner.runChild(BlockJUnit4ClassRunner.java:78)
	at org.junit.runners.BlockJUnit4ClassRunner.runChild(BlockJUnit4ClassRunner.java:57)
	at org.junit.runners.ParentRunner$3.run(ParentRunner.java:290)
	at org.junit.runners.ParentRunner$1.schedule(ParentRunner.java:71)
	at org.junit.runners.ParentRunner.runChildren(ParentRunner.java:288)
	at org.junit.runners.ParentRunner.access$000(ParentRunner.java:58)
	at org.junit.runners.ParentRunner$2.evaluate(ParentRunner.java:268)
	at org.junit.internal.runners.statements.RunBefores.evaluate(RunBefores.java:26)
	at org.junit.runners.ParentRunner.run(ParentRunner.java:363)
	at org.apache.maven.surefire.junit4.JUnit4Provider.execute(JUnit4Provider.java:365)
	at org.apache.maven.surefire.junit4.JUnit4Provider.executeWithRerun(JUnit4Provider.java:273)
	at org.apache.maven.surefire.junit4.JUnit4Provider.executeTestSet(JUnit4Provider.java:238)
	at org.apache.maven.surefire.junit4.JUnit4Provider.invoke(JUnit4Provider.java:159)
	at org.apache.maven.surefire.booter.ForkedBooter.invokeProviderInSameClassLoader(ForkedBooter.java:384)
	at org.apache.maven.surefire.booter.ForkedBooter.runSuitesInProcess(ForkedBooter.java:345)
	at org.apache.maven.surefire.booter.ForkedBooter.execute(ForkedBooter.java:126)
	at org.apache.maven.surefire.booter.ForkedBooter.main(ForkedBooter.java:418)
2020-06-22 14:22:35,113 [myid:] - INFO  [main:ClientBase@270] - server 127.0.0.1:21995 not up
javax.net.ssl.SSLHandshakeException: java.security.cert.CertificateException: Failed to verify both host address and host name
	at sun.security.ssl.Alerts.getSSLException(Alerts.java:198)
	at sun.security.ssl.SSLSocketImpl.fatal(SSLSocketImpl.java:1967)
	at sun.security.ssl.Handshaker.fatalSE(Handshaker.java:331)
	at sun.security.ssl.Handshaker.fatalSE(Handshaker.java:325)
	at sun.security.ssl.ClientHandshaker.serverCertificate(ClientHandshaker.java:1688)
	at sun.security.ssl.ClientHandshaker.processMessage(ClientHandshaker.java:226)
	at sun.security.ssl.Handshaker.processLoop(Handshaker.java:1082)
	at sun.security.ssl.Handshaker.process_record(Handshaker.java:1010)
	at sun.security.ssl.SSLSocketImpl.readRecord(SSLSocketImpl.java:1079)
	at sun.security.ssl.SSLSocketImpl.performInitialHandshake(SSLSocketImpl.java:1388)
	at sun.security.ssl.SSLSocketImpl.startHandshake(SSLSocketImpl.java:1416)
	at sun.security.ssl.SSLSocketImpl.startHandshake(SSLSocketImpl.java:1400)
	at org.apache.zookeeper.client.FourLetterWordMain.send4LetterWord(FourLetterWordMain.java:105)
	at org.apache.zookeeper.client.FourLetterWordMain.send4LetterWord(FourLetterWordMain.java:73)
	at org.apache.zookeeper.test.ClientBase.waitForServerUp(ClientBase.java:261)
	at org.apache.zookeeper.test.ClientBase.startServerInstance(ClientBase.java:401)
	at org.apache.zookeeper.test.ClientBase.startServer(ClientBase.java:516)
	at org.apache.zookeeper.test.ClientBase.setUpWithServerId(ClientBase.java:499)
	at org.apache.zookeeper.test.ClientBase.setUp(ClientBase.java:474)
	at org.apache.zookeeper.test.SaslDigestAuthOverSSLTest.setUp(SaslDigestAuthOverSSLTest.java:62)
	at sun.reflect.NativeMethodAccessorImpl.invoke0(Native Method)
	at sun.reflect.NativeMethodAccessorImpl.invoke(NativeMethodAccessorImpl.java:62)
	at sun.reflect.DelegatingMethodAccessorImpl.invoke(DelegatingMethodAccessorImpl.java:43)
	at java.lang.reflect.Method.invoke(Method.java:498)
	at org.junit.runners.model.FrameworkMethod$1.runReflectiveCall(FrameworkMethod.java:50)
	at org.junit.internal.runners.model.ReflectiveCallable.run(ReflectiveCallable.java:12)
	at org.junit.runners.model.FrameworkMethod.invokeExplosively(FrameworkMethod.java:47)
	at mockit.integration.junit4.JUnit4TestRunnerDecorator.invokeExplosively(JUnit4TestRunnerDecorator.java:49)
	at mockit.integration.junit4.FakeFrameworkMethod.invokeExplosively(FakeFrameworkMethod.java:29)
	at org.junit.runners.model.FrameworkMethod.invokeExplosively(FrameworkMethod.java)
	at org.junit.internal.runners.statements.RunBefores.evaluate(RunBefores.java:24)
	at org.junit.internal.runners.statements.RunAfters.evaluate(RunAfters.java:27)
	at org.junit.rules.TestWatcher$1.evaluate(TestWatcher.java:55)
	at org.junit.rules.RunRules.evaluate(RunRules.java:20)
	at org.junit.runners.ParentRunner.runLeaf(ParentRunner.java:325)
	at org.junit.runners.BlockJUnit4ClassRunner.runChild(BlockJUnit4ClassRunner.java:78)
	at org.junit.runners.BlockJUnit4ClassRunner.runChild(BlockJUnit4ClassRunner.java:57)
	at org.junit.runners.ParentRunner$3.run(ParentRunner.java:290)
	at org.junit.runners.ParentRunner$1.schedule(ParentRunner.java:71)
	at org.junit.runners.ParentRunner.runChildren(ParentRunner.java:288)
	at org.junit.runners.ParentRunner.access$000(ParentRunner.java:58)
	at org.junit.runners.ParentRunner$2.evaluate(ParentRunner.java:268)
	at org.junit.internal.runners.statements.RunBefores.evaluate(RunBefores.java:26)
	at org.junit.runners.ParentRunner.run(ParentRunner.java:363)
	at org.apache.maven.surefire.junit4.JUnit4Provider.execute(JUnit4Provider.java:365)
	at org.apache.maven.surefire.junit4.JUnit4Provider.executeWithRerun(JUnit4Provider.java:273)
	at org.apache.maven.surefire.junit4.JUnit4Provider.executeTestSet(JUnit4Provider.java:238)
	at org.apache.maven.surefire.junit4.JUnit4Provider.invoke(JUnit4Provider.java:159)
	at org.apache.maven.surefire.booter.ForkedBooter.invokeProviderInSameClassLoader(ForkedBooter.java:384)
	at org.apache.maven.surefire.booter.ForkedBooter.runSuitesInProcess(ForkedBooter.java:345)
	at org.apache.maven.surefire.booter.ForkedBooter.execute(ForkedBooter.java:126)
	at org.apache.maven.surefire.booter.ForkedBooter.main(ForkedBooter.java:418)
Caused by: java.security.cert.CertificateException: Failed to verify both host address and host name
	at org.apache.zookeeper.common.ZKTrustManager.performHostVerification(ZKTrustManager.java:163)
	at org.apache.zookeeper.common.ZKTrustManager.checkServerTrusted(ZKTrustManager.java:90)
	at sun.security.ssl.ClientHandshaker.serverCertificate(ClientHandshaker.java:1670)
	... 47 more
Caused by: javax.net.ssl.SSLPeerUnverifiedException: Certificate for <activate.navicat.com> doesn't match common name of the certificate subject: localhost
	at org.apache.zookeeper.common.ZKHostnameVerifier.matchCN(ZKHostnameVerifier.java:238)
	at org.apache.zookeeper.common.ZKHostnameVerifier.verify(ZKHostnameVerifier.java:184)
	at org.apache.zookeeper.common.ZKTrustManager.performHostVerification(ZKTrustManager.java:159)
	... 49 more
2020-06-22 14:22:35,113 [myid:] - ERROR [nioEventLoopGroup-4-7:NettyServerCnxnFactory$CertificateVerifier@434] - Unsuccessful handshake with session 0x0
2020-06-22 14:22:35,114 [myid:] - WARN  [nioEventLoopGroup-4-7:NettyServerCnxnFactory$CnxnChannelHandler@273] - Exception caught
io.netty.handler.codec.DecoderException: javax.net.ssl.SSLException: Received fatal alert: certificate_unknown
	at io.netty.handler.codec.ByteToMessageDecoder.callDecode(ByteToMessageDecoder.java:468)
	at io.netty.handler.codec.ByteToMessageDecoder.channelRead(ByteToMessageDecoder.java:276)
	at io.netty.channel.AbstractChannelHandlerContext.invokeChannelRead(AbstractChannelHandlerContext.java:379)
	at io.netty.channel.AbstractChannelHandlerContext.invokeChannelRead(AbstractChannelHandlerContext.java:365)
	at io.netty.channel.AbstractChannelHandlerContext.fireChannelRead(AbstractChannelHandlerContext.java:357)
	at io.netty.channel.DefaultChannelPipeline$HeadContext.channelRead(DefaultChannelPipeline.java:1410)
	at io.netty.channel.AbstractChannelHandlerContext.invokeChannelRead(AbstractChannelHandlerContext.java:379)
	at io.netty.channel.AbstractChannelHandlerContext.invokeChannelRead(AbstractChannelHandlerContext.java:365)
	at io.netty.channel.DefaultChannelPipeline.fireChannelRead(DefaultChannelPipeline.java:919)
	at io.netty.channel.nio.AbstractNioByteChannel$NioByteUnsafe.read(AbstractNioByteChannel.java:163)
	at io.netty.channel.nio.NioEventLoop.processSelectedKey(NioEventLoop.java:714)
	at io.netty.channel.nio.NioEventLoop.processSelectedKeysOptimized(NioEventLoop.java:650)
	at io.netty.channel.nio.NioEventLoop.processSelectedKeys(NioEventLoop.java:576)
	at io.netty.channel.nio.NioEventLoop.run(NioEventLoop.java:493)
	at io.netty.util.concurrent.SingleThreadEventExecutor$4.run(SingleThreadEventExecutor.java:989)
	at io.netty.util.internal.ThreadExecutorMap$2.run(ThreadExecutorMap.java:74)
	at io.netty.util.concurrent.FastThreadLocalRunnable.run(FastThreadLocalRunnable.java:30)
	at java.lang.Thread.run(Thread.java:748)
Caused by: javax.net.ssl.SSLException: Received fatal alert: certificate_unknown
	at sun.security.ssl.Alerts.getSSLException(Alerts.java:214)
	at sun.security.ssl.SSLEngineImpl.fatal(SSLEngineImpl.java:1667)
	at sun.security.ssl.SSLEngineImpl.fatal(SSLEngineImpl.java:1635)
	at sun.security.ssl.SSLEngineImpl.recvAlert(SSLEngineImpl.java:1801)
	at sun.security.ssl.SSLEngineImpl.readRecord(SSLEngineImpl.java:1090)
	at sun.security.ssl.SSLEngineImpl.readNetRecord(SSLEngineImpl.java:913)
	at sun.security.ssl.SSLEngineImpl.unwrap(SSLEngineImpl.java:783)
	at javax.net.ssl.SSLEngine.unwrap(SSLEngine.java:626)
	at io.netty.handler.ssl.SslHandler$SslEngineType$3.unwrap(SslHandler.java:281)
	at io.netty.handler.ssl.SslHandler.unwrap(SslHandler.java:1340)
	at io.netty.handler.ssl.SslHandler.decodeJdkCompatible(SslHandler.java:1235)
	at io.netty.handler.ssl.SslHandler.decode(SslHandler.java:1282)
	at io.netty.handler.codec.ByteToMessageDecoder.decodeRemovalReentryProtection(ByteToMessageDecoder.java:498)
	at io.netty.handler.codec.ByteToMessageDecoder.callDecode(ByteToMessageDecoder.java:437)
	... 17 more
2020-06-22 14:22:35,114 [myid:] - WARN  [nioEventLoopGroup-4-7:NettyServerCnxnFactory$CnxnChannelHandler@273] - Exception caught
io.netty.handler.codec.DecoderException: javax.net.ssl.SSLException: Received fatal alert: certificate_unknown
	at io.netty.handler.codec.ByteToMessageDecoder.callDecode(ByteToMessageDecoder.java:468)
	at io.netty.handler.codec.ByteToMessageDecoder.channelInputClosed(ByteToMessageDecoder.java:401)
	at io.netty.handler.codec.ByteToMessageDecoder.channelInputClosed(ByteToMessageDecoder.java:368)
	at io.netty.handler.codec.ByteToMessageDecoder.channelInactive(ByteToMessageDecoder.java:351)
	at io.netty.handler.ssl.SslHandler.channelInactive(SslHandler.java:1084)
	at io.netty.channel.AbstractChannelHandlerContext.invokeChannelInactive(AbstractChannelHandlerContext.java:262)
	at io.netty.channel.AbstractChannelHandlerContext.invokeChannelInactive(AbstractChannelHandlerContext.java:248)
	at io.netty.channel.AbstractChannelHandlerContext.fireChannelInactive(AbstractChannelHandlerContext.java:241)
	at io.netty.channel.DefaultChannelPipeline$HeadContext.channelInactive(DefaultChannelPipeline.java:1405)
	at io.netty.channel.AbstractChannelHandlerContext.invokeChannelInactive(AbstractChannelHandlerContext.java:262)
	at io.netty.channel.AbstractChannelHandlerContext.invokeChannelInactive(AbstractChannelHandlerContext.java:248)
	at io.netty.channel.DefaultChannelPipeline.fireChannelInactive(DefaultChannelPipeline.java:901)
	at io.netty.channel.AbstractChannel$AbstractUnsafe$8.run(AbstractChannel.java:818)
	at io.netty.util.concurrent.AbstractEventExecutor.safeExecute(AbstractEventExecutor.java:164)
	at io.netty.util.concurrent.SingleThreadEventExecutor.runAllTasks(SingleThreadEventExecutor.java:472)
	at io.netty.channel.nio.NioEventLoop.run(NioEventLoop.java:497)
	at io.netty.util.concurrent.SingleThreadEventExecutor$4.run(SingleThreadEventExecutor.java:989)
	at io.netty.util.internal.ThreadExecutorMap$2.run(ThreadExecutorMap.java:74)
	at io.netty.util.concurrent.FastThreadLocalRunnable.run(FastThreadLocalRunnable.java:30)
	at java.lang.Thread.run(Thread.java:748)
Caused by: javax.net.ssl.SSLException: Received fatal alert: certificate_unknown
	at sun.security.ssl.Alerts.getSSLException(Alerts.java:214)
	at sun.security.ssl.SSLEngineImpl.fatal(SSLEngineImpl.java:1667)
	at sun.security.ssl.SSLEngineImpl.fatal(SSLEngineImpl.java:1635)
	at sun.security.ssl.SSLEngineImpl.recvAlert(SSLEngineImpl.java:1801)
	at sun.security.ssl.SSLEngineImpl.readRecord(SSLEngineImpl.java:1090)
	at sun.security.ssl.SSLEngineImpl.readNetRecord(SSLEngineImpl.java:913)
	at sun.security.ssl.SSLEngineImpl.unwrap(SSLEngineImpl.java:783)
	at javax.net.ssl.SSLEngine.unwrap(SSLEngine.java:626)
	at io.netty.handler.ssl.SslHandler$SslEngineType$3.unwrap(SslHandler.java:281)
	at io.netty.handler.ssl.SslHandler.unwrap(SslHandler.java:1340)
	at io.netty.handler.ssl.SslHandler.decodeJdkCompatible(SslHandler.java:1235)
	at io.netty.handler.ssl.SslHandler.decode(SslHandler.java:1282)
	at io.netty.handler.codec.ByteToMessageDecoder.decodeRemovalReentryProtection(ByteToMessageDecoder.java:498)
	at io.netty.handler.codec.ByteToMessageDecoder.callDecode(ByteToMessageDecoder.java:437)
	... 19 more
2020-06-22 14:22:35,363 [myid:] - INFO  [main:FourLetterWordMain@93] - connecting to 127.0.0.1 21995
2020-06-22 14:22:35,363 [myid:] - INFO  [main:FourLetterWordMain@99] - using secure socket
2020-06-22 14:22:35,373 [myid:] - ERROR [main:ZKTrustManager@161] - Failed to verify host address: 127.0.0.1
javax.net.ssl.SSLPeerUnverifiedException: Certificate for <127.0.0.1> doesn't match common name of the certificate subject: localhost
	at org.apache.zookeeper.common.ZKHostnameVerifier.matchCN(ZKHostnameVerifier.java:238)
	at org.apache.zookeeper.common.ZKHostnameVerifier.verify(ZKHostnameVerifier.java:184)
	at org.apache.zookeeper.common.ZKTrustManager.performHostVerification(ZKTrustManager.java:151)
	at org.apache.zookeeper.common.ZKTrustManager.checkServerTrusted(ZKTrustManager.java:90)
	at sun.security.ssl.ClientHandshaker.serverCertificate(ClientHandshaker.java:1670)
	at sun.security.ssl.ClientHandshaker.processMessage(ClientHandshaker.java:226)
	at sun.security.ssl.Handshaker.processLoop(Handshaker.java:1082)
	at sun.security.ssl.Handshaker.process_record(Handshaker.java:1010)
	at sun.security.ssl.SSLSocketImpl.readRecord(SSLSocketImpl.java:1079)
	at sun.security.ssl.SSLSocketImpl.performInitialHandshake(SSLSocketImpl.java:1388)
	at sun.security.ssl.SSLSocketImpl.startHandshake(SSLSocketImpl.java:1416)
	at sun.security.ssl.SSLSocketImpl.startHandshake(SSLSocketImpl.java:1400)
	at org.apache.zookeeper.client.FourLetterWordMain.send4LetterWord(FourLetterWordMain.java:105)
	at org.apache.zookeeper.client.FourLetterWordMain.send4LetterWord(FourLetterWordMain.java:73)
	at org.apache.zookeeper.test.ClientBase.waitForServerUp(ClientBase.java:261)
	at org.apache.zookeeper.test.ClientBase.startServerInstance(ClientBase.java:401)
	at org.apache.zookeeper.test.ClientBase.startServer(ClientBase.java:516)
	at org.apache.zookeeper.test.ClientBase.setUpWithServerId(ClientBase.java:499)
	at org.apache.zookeeper.test.ClientBase.setUp(ClientBase.java:474)
	at org.apache.zookeeper.test.SaslDigestAuthOverSSLTest.setUp(SaslDigestAuthOverSSLTest.java:62)
	at sun.reflect.NativeMethodAccessorImpl.invoke0(Native Method)
	at sun.reflect.NativeMethodAccessorImpl.invoke(NativeMethodAccessorImpl.java:62)
	at sun.reflect.DelegatingMethodAccessorImpl.invoke(DelegatingMethodAccessorImpl.java:43)
	at java.lang.reflect.Method.invoke(Method.java:498)
	at org.junit.runners.model.FrameworkMethod$1.runReflectiveCall(FrameworkMethod.java:50)
	at org.junit.internal.runners.model.ReflectiveCallable.run(ReflectiveCallable.java:12)
	at org.junit.runners.model.FrameworkMethod.invokeExplosively(FrameworkMethod.java:47)
	at mockit.integration.junit4.JUnit4TestRunnerDecorator.invokeExplosively(JUnit4TestRunnerDecorator.java:49)
	at mockit.integration.junit4.FakeFrameworkMethod.invokeExplosively(FakeFrameworkMethod.java:29)
	at org.junit.runners.model.FrameworkMethod.invokeExplosively(FrameworkMethod.java)
	at org.junit.internal.runners.statements.RunBefores.evaluate(RunBefores.java:24)
	at org.junit.internal.runners.statements.RunAfters.evaluate(RunAfters.java:27)
	at org.junit.rules.TestWatcher$1.evaluate(TestWatcher.java:55)
	at org.junit.rules.RunRules.evaluate(RunRules.java:20)
	at org.junit.runners.ParentRunner.runLeaf(ParentRunner.java:325)
	at org.junit.runners.BlockJUnit4ClassRunner.runChild(BlockJUnit4ClassRunner.java:78)
	at org.junit.runners.BlockJUnit4ClassRunner.runChild(BlockJUnit4ClassRunner.java:57)
	at org.junit.runners.ParentRunner$3.run(ParentRunner.java:290)
	at org.junit.runners.ParentRunner$1.schedule(ParentRunner.java:71)
	at org.junit.runners.ParentRunner.runChildren(ParentRunner.java:288)
	at org.junit.runners.ParentRunner.access$000(ParentRunner.java:58)
	at org.junit.runners.ParentRunner$2.evaluate(ParentRunner.java:268)
	at org.junit.internal.runners.statements.RunBefores.evaluate(RunBefores.java:26)
	at org.junit.runners.ParentRunner.run(ParentRunner.java:363)
	at org.apache.maven.surefire.junit4.JUnit4Provider.execute(JUnit4Provider.java:365)
	at org.apache.maven.surefire.junit4.JUnit4Provider.executeWithRerun(JUnit4Provider.java:273)
	at org.apache.maven.surefire.junit4.JUnit4Provider.executeTestSet(JUnit4Provider.java:238)
	at org.apache.maven.surefire.junit4.JUnit4Provider.invoke(JUnit4Provider.java:159)
	at org.apache.maven.surefire.booter.ForkedBooter.invokeProviderInSameClassLoader(ForkedBooter.java:384)
	at org.apache.maven.surefire.booter.ForkedBooter.runSuitesInProcess(ForkedBooter.java:345)
	at org.apache.maven.surefire.booter.ForkedBooter.execute(ForkedBooter.java:126)
	at org.apache.maven.surefire.booter.ForkedBooter.main(ForkedBooter.java:418)
2020-06-22 14:22:35,373 [myid:] - ERROR [main:ZKTrustManager@162] - Failed to verify hostname: activate.navicat.com
javax.net.ssl.SSLPeerUnverifiedException: Certificate for <activate.navicat.com> doesn't match common name of the certificate subject: localhost
	at org.apache.zookeeper.common.ZKHostnameVerifier.matchCN(ZKHostnameVerifier.java:238)
	at org.apache.zookeeper.common.ZKHostnameVerifier.verify(ZKHostnameVerifier.java:184)
	at org.apache.zookeeper.common.ZKTrustManager.performHostVerification(ZKTrustManager.java:159)
	at org.apache.zookeeper.common.ZKTrustManager.checkServerTrusted(ZKTrustManager.java:90)
	at sun.security.ssl.ClientHandshaker.serverCertificate(ClientHandshaker.java:1670)
	at sun.security.ssl.ClientHandshaker.processMessage(ClientHandshaker.java:226)
	at sun.security.ssl.Handshaker.processLoop(Handshaker.java:1082)
	at sun.security.ssl.Handshaker.process_record(Handshaker.java:1010)
	at sun.security.ssl.SSLSocketImpl.readRecord(SSLSocketImpl.java:1079)
	at sun.security.ssl.SSLSocketImpl.performInitialHandshake(SSLSocketImpl.java:1388)
	at sun.security.ssl.SSLSocketImpl.startHandshake(SSLSocketImpl.java:1416)
	at sun.security.ssl.SSLSocketImpl.startHandshake(SSLSocketImpl.java:1400)
	at org.apache.zookeeper.client.FourLetterWordMain.send4LetterWord(FourLetterWordMain.java:105)
	at org.apache.zookeeper.client.FourLetterWordMain.send4LetterWord(FourLetterWordMain.java:73)
	at org.apache.zookeeper.test.ClientBase.waitForServerUp(ClientBase.java:261)
	at org.apache.zookeeper.test.ClientBase.startServerInstance(ClientBase.java:401)
	at org.apache.zookeeper.test.ClientBase.startServer(ClientBase.java:516)
	at org.apache.zookeeper.test.ClientBase.setUpWithServerId(ClientBase.java:499)
	at org.apache.zookeeper.test.ClientBase.setUp(ClientBase.java:474)
	at org.apache.zookeeper.test.SaslDigestAuthOverSSLTest.setUp(SaslDigestAuthOverSSLTest.java:62)
	at sun.reflect.NativeMethodAccessorImpl.invoke0(Native Method)
	at sun.reflect.NativeMethodAccessorImpl.invoke(NativeMethodAccessorImpl.java:62)
	at sun.reflect.DelegatingMethodAccessorImpl.invoke(DelegatingMethodAccessorImpl.java:43)
	at java.lang.reflect.Method.invoke(Method.java:498)
	at org.junit.runners.model.FrameworkMethod$1.runReflectiveCall(FrameworkMethod.java:50)
	at org.junit.internal.runners.model.ReflectiveCallable.run(ReflectiveCallable.java:12)
	at org.junit.runners.model.FrameworkMethod.invokeExplosively(FrameworkMethod.java:47)
	at mockit.integration.junit4.JUnit4TestRunnerDecorator.invokeExplosively(JUnit4TestRunnerDecorator.java:49)
	at mockit.integration.junit4.FakeFrameworkMethod.invokeExplosively(FakeFrameworkMethod.java:29)
	at org.junit.runners.model.FrameworkMethod.invokeExplosively(FrameworkMethod.java)
	at org.junit.internal.runners.statements.RunBefores.evaluate(RunBefores.java:24)
	at org.junit.internal.runners.statements.RunAfters.evaluate(RunAfters.java:27)
	at org.junit.rules.TestWatcher$1.evaluate(TestWatcher.java:55)
	at org.junit.rules.RunRules.evaluate(RunRules.java:20)
	at org.junit.runners.ParentRunner.runLeaf(ParentRunner.java:325)
	at org.junit.runners.BlockJUnit4ClassRunner.runChild(BlockJUnit4ClassRunner.java:78)
	at org.junit.runners.BlockJUnit4ClassRunner.runChild(BlockJUnit4ClassRunner.java:57)
	at org.junit.runners.ParentRunner$3.run(ParentRunner.java:290)
	at org.junit.runners.ParentRunner$1.schedule(ParentRunner.java:71)
	at org.junit.runners.ParentRunner.runChildren(ParentRunner.java:288)
	at org.junit.runners.ParentRunner.access$000(ParentRunner.java:58)
	at org.junit.runners.ParentRunner$2.evaluate(ParentRunner.java:268)
	at org.junit.internal.runners.statements.RunBefores.evaluate(RunBefores.java:26)
	at org.junit.runners.ParentRunner.run(ParentRunner.java:363)
	at org.apache.maven.surefire.junit4.JUnit4Provider.execute(JUnit4Provider.java:365)
	at org.apache.maven.surefire.junit4.JUnit4Provider.executeWithRerun(JUnit4Provider.java:273)
	at org.apache.maven.surefire.junit4.JUnit4Provider.executeTestSet(JUnit4Provider.java:238)
	at org.apache.maven.surefire.junit4.JUnit4Provider.invoke(JUnit4Provider.java:159)
	at org.apache.maven.surefire.booter.ForkedBooter.invokeProviderInSameClassLoader(ForkedBooter.java:384)
	at org.apache.maven.surefire.booter.ForkedBooter.runSuitesInProcess(ForkedBooter.java:345)
	at org.apache.maven.surefire.booter.ForkedBooter.execute(ForkedBooter.java:126)
	at org.apache.maven.surefire.booter.ForkedBooter.main(ForkedBooter.java:418)
2020-06-22 14:22:35,374 [myid:] - INFO  [main:ClientBase@270] - server 127.0.0.1:21995 not up
javax.net.ssl.SSLHandshakeException: java.security.cert.CertificateException: Failed to verify both host address and host name
	at sun.security.ssl.Alerts.getSSLException(Alerts.java:198)
	at sun.security.ssl.SSLSocketImpl.fatal(SSLSocketImpl.java:1967)
	at sun.security.ssl.Handshaker.fatalSE(Handshaker.java:331)
	at sun.security.ssl.Handshaker.fatalSE(Handshaker.java:325)
	at sun.security.ssl.ClientHandshaker.serverCertificate(ClientHandshaker.java:1688)
	at sun.security.ssl.ClientHandshaker.processMessage(ClientHandshaker.java:226)
	at sun.security.ssl.Handshaker.processLoop(Handshaker.java:1082)
	at sun.security.ssl.Handshaker.process_record(Handshaker.java:1010)
	at sun.security.ssl.SSLSocketImpl.readRecord(SSLSocketImpl.java:1079)
	at sun.security.ssl.SSLSocketImpl.performInitialHandshake(SSLSocketImpl.java:1388)
	at sun.security.ssl.SSLSocketImpl.startHandshake(SSLSocketImpl.java:1416)
	at sun.security.ssl.SSLSocketImpl.startHandshake(SSLSocketImpl.java:1400)
	at org.apache.zookeeper.client.FourLetterWordMain.send4LetterWord(FourLetterWordMain.java:105)
	at org.apache.zookeeper.client.FourLetterWordMain.send4LetterWord(FourLetterWordMain.java:73)
	at org.apache.zookeeper.test.ClientBase.waitForServerUp(ClientBase.java:261)
	at org.apache.zookeeper.test.ClientBase.startServerInstance(ClientBase.java:401)
	at org.apache.zookeeper.test.ClientBase.startServer(ClientBase.java:516)
	at org.apache.zookeeper.test.ClientBase.setUpWithServerId(ClientBase.java:499)
	at org.apache.zookeeper.test.ClientBase.setUp(ClientBase.java:474)
	at org.apache.zookeeper.test.SaslDigestAuthOverSSLTest.setUp(SaslDigestAuthOverSSLTest.java:62)
	at sun.reflect.NativeMethodAccessorImpl.invoke0(Native Method)
	at sun.reflect.NativeMethodAccessorImpl.invoke(NativeMethodAccessorImpl.java:62)
	at sun.reflect.DelegatingMethodAccessorImpl.invoke(DelegatingMethodAccessorImpl.java:43)
	at java.lang.reflect.Method.invoke(Method.java:498)
	at org.junit.runners.model.FrameworkMethod$1.runReflectiveCall(FrameworkMethod.java:50)
	at org.junit.internal.runners.model.ReflectiveCallable.run(ReflectiveCallable.java:12)
	at org.junit.runners.model.FrameworkMethod.invokeExplosively(FrameworkMethod.java:47)
	at mockit.integration.junit4.JUnit4TestRunnerDecorator.invokeExplosively(JUnit4TestRunnerDecorator.java:49)
	at mockit.integration.junit4.FakeFrameworkMethod.invokeExplosively(FakeFrameworkMethod.java:29)
	at org.junit.runners.model.FrameworkMethod.invokeExplosively(FrameworkMethod.java)
	at org.junit.internal.runners.statements.RunBefores.evaluate(RunBefores.java:24)
	at org.junit.internal.runners.statements.RunAfters.evaluate(RunAfters.java:27)
	at org.junit.rules.TestWatcher$1.evaluate(TestWatcher.java:55)
	at org.junit.rules.RunRules.evaluate(RunRules.java:20)
	at org.junit.runners.ParentRunner.runLeaf(ParentRunner.java:325)
	at org.junit.runners.BlockJUnit4ClassRunner.runChild(BlockJUnit4ClassRunner.java:78)
	at org.junit.runners.BlockJUnit4ClassRunner.runChild(BlockJUnit4ClassRunner.java:57)
	at org.junit.runners.ParentRunner$3.run(ParentRunner.java:290)
	at org.junit.runners.ParentRunner$1.schedule(ParentRunner.java:71)
	at org.junit.runners.ParentRunner.runChildren(ParentRunner.java:288)
	at org.junit.runners.ParentRunner.access$000(ParentRunner.java:58)
	at org.junit.runners.ParentRunner$2.evaluate(ParentRunner.java:268)
	at org.junit.internal.runners.statements.RunBefores.evaluate(RunBefores.java:26)
	at org.junit.runners.ParentRunner.run(ParentRunner.java:363)
	at org.apache.maven.surefire.junit4.JUnit4Provider.execute(JUnit4Provider.java:365)
	at org.apache.maven.surefire.junit4.JUnit4Provider.executeWithRerun(JUnit4Provider.java:273)
	at org.apache.maven.surefire.junit4.JUnit4Provider.executeTestSet(JUnit4Provider.java:238)
	at org.apache.maven.surefire.junit4.JUnit4Provider.invoke(JUnit4Provider.java:159)
	at org.apache.maven.surefire.booter.ForkedBooter.invokeProviderInSameClassLoader(ForkedBooter.java:384)
	at org.apache.maven.surefire.booter.ForkedBooter.runSuitesInProcess(ForkedBooter.java:345)
	at org.apache.maven.surefire.booter.ForkedBooter.execute(ForkedBooter.java:126)
	at org.apache.maven.surefire.booter.ForkedBooter.main(ForkedBooter.java:418)
Caused by: java.security.cert.CertificateException: Failed to verify both host address and host name
	at org.apache.zookeeper.common.ZKTrustManager.performHostVerification(ZKTrustManager.java:163)
	at org.apache.zookeeper.common.ZKTrustManager.checkServerTrusted(ZKTrustManager.java:90)
	at sun.security.ssl.ClientHandshaker.serverCertificate(ClientHandshaker.java:1670)
	... 47 more
Caused by: javax.net.ssl.SSLPeerUnverifiedException: Certificate for <activate.navicat.com> doesn't match common name of the certificate subject: localhost
	at org.apache.zookeeper.common.ZKHostnameVerifier.matchCN(ZKHostnameVerifier.java:238)
	at org.apache.zookeeper.common.ZKHostnameVerifier.verify(ZKHostnameVerifier.java:184)
	at org.apache.zookeeper.common.ZKTrustManager.performHostVerification(ZKTrustManager.java:159)
	... 49 more
2020-06-22 14:22:35,374 [myid:] - ERROR [nioEventLoopGroup-4-8:NettyServerCnxnFactory$CertificateVerifier@434] - Unsuccessful handshake with session 0x0
2020-06-22 14:22:35,375 [myid:] - WARN  [nioEventLoopGroup-4-8:NettyServerCnxnFactory$CnxnChannelHandler@273] - Exception caught
io.netty.handler.codec.DecoderException: javax.net.ssl.SSLException: Received fatal alert: certificate_unknown
	at io.netty.handler.codec.ByteToMessageDecoder.callDecode(ByteToMessageDecoder.java:468)
	at io.netty.handler.codec.ByteToMessageDecoder.channelRead(ByteToMessageDecoder.java:276)
	at io.netty.channel.AbstractChannelHandlerContext.invokeChannelRead(AbstractChannelHandlerContext.java:379)
	at io.netty.channel.AbstractChannelHandlerContext.invokeChannelRead(AbstractChannelHandlerContext.java:365)
	at io.netty.channel.AbstractChannelHandlerContext.fireChannelRead(AbstractChannelHandlerContext.java:357)
	at io.netty.channel.DefaultChannelPipeline$HeadContext.channelRead(DefaultChannelPipeline.java:1410)
	at io.netty.channel.AbstractChannelHandlerContext.invokeChannelRead(AbstractChannelHandlerContext.java:379)
	at io.netty.channel.AbstractChannelHandlerContext.invokeChannelRead(AbstractChannelHandlerContext.java:365)
	at io.netty.channel.DefaultChannelPipeline.fireChannelRead(DefaultChannelPipeline.java:919)
	at io.netty.channel.nio.AbstractNioByteChannel$NioByteUnsafe.read(AbstractNioByteChannel.java:163)
	at io.netty.channel.nio.NioEventLoop.processSelectedKey(NioEventLoop.java:714)
	at io.netty.channel.nio.NioEventLoop.processSelectedKeysOptimized(NioEventLoop.java:650)
	at io.netty.channel.nio.NioEventLoop.processSelectedKeys(NioEventLoop.java:576)
	at io.netty.channel.nio.NioEventLoop.run(NioEventLoop.java:493)
	at io.netty.util.concurrent.SingleThreadEventExecutor$4.run(SingleThreadEventExecutor.java:989)
	at io.netty.util.internal.ThreadExecutorMap$2.run(ThreadExecutorMap.java:74)
	at io.netty.util.concurrent.FastThreadLocalRunnable.run(FastThreadLocalRunnable.java:30)
	at java.lang.Thread.run(Thread.java:748)
Caused by: javax.net.ssl.SSLException: Received fatal alert: certificate_unknown
	at sun.security.ssl.Alerts.getSSLException(Alerts.java:214)
	at sun.security.ssl.SSLEngineImpl.fatal(SSLEngineImpl.java:1667)
	at sun.security.ssl.SSLEngineImpl.fatal(SSLEngineImpl.java:1635)
	at sun.security.ssl.SSLEngineImpl.recvAlert(SSLEngineImpl.java:1801)
	at sun.security.ssl.SSLEngineImpl.readRecord(SSLEngineImpl.java:1090)
	at sun.security.ssl.SSLEngineImpl.readNetRecord(SSLEngineImpl.java:913)
	at sun.security.ssl.SSLEngineImpl.unwrap(SSLEngineImpl.java:783)
	at javax.net.ssl.SSLEngine.unwrap(SSLEngine.java:626)
	at io.netty.handler.ssl.SslHandler$SslEngineType$3.unwrap(SslHandler.java:281)
	at io.netty.handler.ssl.SslHandler.unwrap(SslHandler.java:1340)
	at io.netty.handler.ssl.SslHandler.decodeJdkCompatible(SslHandler.java:1235)
	at io.netty.handler.ssl.SslHandler.decode(SslHandler.java:1282)
	at io.netty.handler.codec.ByteToMessageDecoder.decodeRemovalReentryProtection(ByteToMessageDecoder.java:498)
	at io.netty.handler.codec.ByteToMessageDecoder.callDecode(ByteToMessageDecoder.java:437)
	... 17 more
2020-06-22 14:22:35,375 [myid:] - WARN  [nioEventLoopGroup-4-8:NettyServerCnxnFactory$CnxnChannelHandler@273] - Exception caught
io.netty.handler.codec.DecoderException: javax.net.ssl.SSLException: Received fatal alert: certificate_unknown
	at io.netty.handler.codec.ByteToMessageDecoder.callDecode(ByteToMessageDecoder.java:468)
	at io.netty.handler.codec.ByteToMessageDecoder.channelInputClosed(ByteToMessageDecoder.java:401)
	at io.netty.handler.codec.ByteToMessageDecoder.channelInputClosed(ByteToMessageDecoder.java:368)
	at io.netty.handler.codec.ByteToMessageDecoder.channelInactive(ByteToMessageDecoder.java:351)
	at io.netty.handler.ssl.SslHandler.channelInactive(SslHandler.java:1084)
	at io.netty.channel.AbstractChannelHandlerContext.invokeChannelInactive(AbstractChannelHandlerContext.java:262)
	at io.netty.channel.AbstractChannelHandlerContext.invokeChannelInactive(AbstractChannelHandlerContext.java:248)
	at io.netty.channel.AbstractChannelHandlerContext.fireChannelInactive(AbstractChannelHandlerContext.java:241)
	at io.netty.channel.DefaultChannelPipeline$HeadContext.channelInactive(DefaultChannelPipeline.java:1405)
	at io.netty.channel.AbstractChannelHandlerContext.invokeChannelInactive(AbstractChannelHandlerContext.java:262)
	at io.netty.channel.AbstractChannelHandlerContext.invokeChannelInactive(AbstractChannelHandlerContext.java:248)
	at io.netty.channel.DefaultChannelPipeline.fireChannelInactive(DefaultChannelPipeline.java:901)
	at io.netty.channel.AbstractChannel$AbstractUnsafe$8.run(AbstractChannel.java:818)
	at io.netty.util.concurrent.AbstractEventExecutor.safeExecute(AbstractEventExecutor.java:164)
	at io.netty.util.concurrent.SingleThreadEventExecutor.runAllTasks(SingleThreadEventExecutor.java:472)
	at io.netty.channel.nio.NioEventLoop.run(NioEventLoop.java:497)
	at io.netty.util.concurrent.SingleThreadEventExecutor$4.run(SingleThreadEventExecutor.java:989)
	at io.netty.util.internal.ThreadExecutorMap$2.run(ThreadExecutorMap.java:74)
	at io.netty.util.concurrent.FastThreadLocalRunnable.run(FastThreadLocalRunnable.java:30)
	at java.lang.Thread.run(Thread.java:748)
Caused by: javax.net.ssl.SSLException: Received fatal alert: certificate_unknown
	at sun.security.ssl.Alerts.getSSLException(Alerts.java:214)
	at sun.security.ssl.SSLEngineImpl.fatal(SSLEngineImpl.java:1667)
	at sun.security.ssl.SSLEngineImpl.fatal(SSLEngineImpl.java:1635)
	at sun.security.ssl.SSLEngineImpl.recvAlert(SSLEngineImpl.java:1801)
	at sun.security.ssl.SSLEngineImpl.readRecord(SSLEngineImpl.java:1090)
	at sun.security.ssl.SSLEngineImpl.readNetRecord(SSLEngineImpl.java:913)
	at sun.security.ssl.SSLEngineImpl.unwrap(SSLEngineImpl.java:783)
	at javax.net.ssl.SSLEngine.unwrap(SSLEngine.java:626)
	at io.netty.handler.ssl.SslHandler$SslEngineType$3.unwrap(SslHandler.java:281)
	at io.netty.handler.ssl.SslHandler.unwrap(SslHandler.java:1340)
	at io.netty.handler.ssl.SslHandler.decodeJdkCompatible(SslHandler.java:1235)
	at io.netty.handler.ssl.SslHandler.decode(SslHandler.java:1282)
	at io.netty.handler.codec.ByteToMessageDecoder.decodeRemovalReentryProtection(ByteToMessageDecoder.java:498)
	at io.netty.handler.codec.ByteToMessageDecoder.callDecode(ByteToMessageDecoder.java:437)
	... 19 more
2020-06-22 14:22:35,625 [myid:] - INFO  [main:FourLetterWordMain@93] - connecting to 127.0.0.1 21995
2020-06-22 14:22:35,625 [myid:] - INFO  [main:FourLetterWordMain@99] - using secure socket
2020-06-22 14:22:35,635 [myid:] - ERROR [main:ZKTrustManager@161] - Failed to verify host address: 127.0.0.1
javax.net.ssl.SSLPeerUnverifiedException: Certificate for <127.0.0.1> doesn't match common name of the certificate subject: localhost
	at org.apache.zookeeper.common.ZKHostnameVerifier.matchCN(ZKHostnameVerifier.java:238)
	at org.apache.zookeeper.common.ZKHostnameVerifier.verify(ZKHostnameVerifier.java:184)
	at org.apache.zookeeper.common.ZKTrustManager.performHostVerification(ZKTrustManager.java:151)
	at org.apache.zookeeper.common.ZKTrustManager.checkServerTrusted(ZKTrustManager.java:90)
	at sun.security.ssl.ClientHandshaker.serverCertificate(ClientHandshaker.java:1670)
	at sun.security.ssl.ClientHandshaker.processMessage(ClientHandshaker.java:226)
	at sun.security.ssl.Handshaker.processLoop(Handshaker.java:1082)
	at sun.security.ssl.Handshaker.process_record(Handshaker.java:1010)
	at sun.security.ssl.SSLSocketImpl.readRecord(SSLSocketImpl.java:1079)
	at sun.security.ssl.SSLSocketImpl.performInitialHandshake(SSLSocketImpl.java:1388)
	at sun.security.ssl.SSLSocketImpl.startHandshake(SSLSocketImpl.java:1416)
	at sun.security.ssl.SSLSocketImpl.startHandshake(SSLSocketImpl.java:1400)
	at org.apache.zookeeper.client.FourLetterWordMain.send4LetterWord(FourLetterWordMain.java:105)
	at org.apache.zookeeper.client.FourLetterWordMain.send4LetterWord(FourLetterWordMain.java:73)
	at org.apache.zookeeper.test.ClientBase.waitForServerUp(ClientBase.java:261)
	at org.apache.zookeeper.test.ClientBase.startServerInstance(ClientBase.java:401)
	at org.apache.zookeeper.test.ClientBase.startServer(ClientBase.java:516)
	at org.apache.zookeeper.test.ClientBase.setUpWithServerId(ClientBase.java:499)
	at org.apache.zookeeper.test.ClientBase.setUp(ClientBase.java:474)
	at org.apache.zookeeper.test.SaslDigestAuthOverSSLTest.setUp(SaslDigestAuthOverSSLTest.java:62)
	at sun.reflect.NativeMethodAccessorImpl.invoke0(Native Method)
	at sun.reflect.NativeMethodAccessorImpl.invoke(NativeMethodAccessorImpl.java:62)
	at sun.reflect.DelegatingMethodAccessorImpl.invoke(DelegatingMethodAccessorImpl.java:43)
	at java.lang.reflect.Method.invoke(Method.java:498)
	at org.junit.runners.model.FrameworkMethod$1.runReflectiveCall(FrameworkMethod.java:50)
	at org.junit.internal.runners.model.ReflectiveCallable.run(ReflectiveCallable.java:12)
	at org.junit.runners.model.FrameworkMethod.invokeExplosively(FrameworkMethod.java:47)
	at mockit.integration.junit4.JUnit4TestRunnerDecorator.invokeExplosively(JUnit4TestRunnerDecorator.java:49)
	at mockit.integration.junit4.FakeFrameworkMethod.invokeExplosively(FakeFrameworkMethod.java:29)
	at org.junit.runners.model.FrameworkMethod.invokeExplosively(FrameworkMethod.java)
	at org.junit.internal.runners.statements.RunBefores.evaluate(RunBefores.java:24)
	at org.junit.internal.runners.statements.RunAfters.evaluate(RunAfters.java:27)
	at org.junit.rules.TestWatcher$1.evaluate(TestWatcher.java:55)
	at org.junit.rules.RunRules.evaluate(RunRules.java:20)
	at org.junit.runners.ParentRunner.runLeaf(ParentRunner.java:325)
	at org.junit.runners.BlockJUnit4ClassRunner.runChild(BlockJUnit4ClassRunner.java:78)
	at org.junit.runners.BlockJUnit4ClassRunner.runChild(BlockJUnit4ClassRunner.java:57)
	at org.junit.runners.ParentRunner$3.run(ParentRunner.java:290)
	at org.junit.runners.ParentRunner$1.schedule(ParentRunner.java:71)
	at org.junit.runners.ParentRunner.runChildren(ParentRunner.java:288)
	at org.junit.runners.ParentRunner.access$000(ParentRunner.java:58)
	at org.junit.runners.ParentRunner$2.evaluate(ParentRunner.java:268)
	at org.junit.internal.runners.statements.RunBefores.evaluate(RunBefores.java:26)
	at org.junit.runners.ParentRunner.run(ParentRunner.java:363)
	at org.apache.maven.surefire.junit4.JUnit4Provider.execute(JUnit4Provider.java:365)
	at org.apache.maven.surefire.junit4.JUnit4Provider.executeWithRerun(JUnit4Provider.java:273)
	at org.apache.maven.surefire.junit4.JUnit4Provider.executeTestSet(JUnit4Provider.java:238)
	at org.apache.maven.surefire.junit4.JUnit4Provider.invoke(JUnit4Provider.java:159)
	at org.apache.maven.surefire.booter.ForkedBooter.invokeProviderInSameClassLoader(ForkedBooter.java:384)
	at org.apache.maven.surefire.booter.ForkedBooter.runSuitesInProcess(ForkedBooter.java:345)
	at org.apache.maven.surefire.booter.ForkedBooter.execute(ForkedBooter.java:126)
	at org.apache.maven.surefire.booter.ForkedBooter.main(ForkedBooter.java:418)
2020-06-22 14:22:35,635 [myid:] - ERROR [main:ZKTrustManager@162] - Failed to verify hostname: activate.navicat.com
javax.net.ssl.SSLPeerUnverifiedException: Certificate for <activate.navicat.com> doesn't match common name of the certificate subject: localhost
	at org.apache.zookeeper.common.ZKHostnameVerifier.matchCN(ZKHostnameVerifier.java:238)
	at org.apache.zookeeper.common.ZKHostnameVerifier.verify(ZKHostnameVerifier.java:184)
	at org.apache.zookeeper.common.ZKTrustManager.performHostVerification(ZKTrustManager.java:159)
	at org.apache.zookeeper.common.ZKTrustManager.checkServerTrusted(ZKTrustManager.java:90)
	at sun.security.ssl.ClientHandshaker.serverCertificate(ClientHandshaker.java:1670)
	at sun.security.ssl.ClientHandshaker.processMessage(ClientHandshaker.java:226)
	at sun.security.ssl.Handshaker.processLoop(Handshaker.java:1082)
	at sun.security.ssl.Handshaker.process_record(Handshaker.java:1010)
	at sun.security.ssl.SSLSocketImpl.readRecord(SSLSocketImpl.java:1079)
	at sun.security.ssl.SSLSocketImpl.performInitialHandshake(SSLSocketImpl.java:1388)
	at sun.security.ssl.SSLSocketImpl.startHandshake(SSLSocketImpl.java:1416)
	at sun.security.ssl.SSLSocketImpl.startHandshake(SSLSocketImpl.java:1400)
	at org.apache.zookeeper.client.FourLetterWordMain.send4LetterWord(FourLetterWordMain.java:105)
	at org.apache.zookeeper.client.FourLetterWordMain.send4LetterWord(FourLetterWordMain.java:73)
	at org.apache.zookeeper.test.ClientBase.waitForServerUp(ClientBase.java:261)
	at org.apache.zookeeper.test.ClientBase.startServerInstance(ClientBase.java:401)
	at org.apache.zookeeper.test.ClientBase.startServer(ClientBase.java:516)
	at org.apache.zookeeper.test.ClientBase.setUpWithServerId(ClientBase.java:499)
	at org.apache.zookeeper.test.ClientBase.setUp(ClientBase.java:474)
	at org.apache.zookeeper.test.SaslDigestAuthOverSSLTest.setUp(SaslDigestAuthOverSSLTest.java:62)
	at sun.reflect.NativeMethodAccessorImpl.invoke0(Native Method)
	at sun.reflect.NativeMethodAccessorImpl.invoke(NativeMethodAccessorImpl.java:62)
	at sun.reflect.DelegatingMethodAccessorImpl.invoke(DelegatingMethodAccessorImpl.java:43)
	at java.lang.reflect.Method.invoke(Method.java:498)
	at org.junit.runners.model.FrameworkMethod$1.runReflectiveCall(FrameworkMethod.java:50)
	at org.junit.internal.runners.model.ReflectiveCallable.run(ReflectiveCallable.java:12)
	at org.junit.runners.model.FrameworkMethod.invokeExplosively(FrameworkMethod.java:47)
	at mockit.integration.junit4.JUnit4TestRunnerDecorator.invokeExplosively(JUnit4TestRunnerDecorator.java:49)
	at mockit.integration.junit4.FakeFrameworkMethod.invokeExplosively(FakeFrameworkMethod.java:29)
	at org.junit.runners.model.FrameworkMethod.invokeExplosively(FrameworkMethod.java)
	at org.junit.internal.runners.statements.RunBefores.evaluate(RunBefores.java:24)
	at org.junit.internal.runners.statements.RunAfters.evaluate(RunAfters.java:27)
	at org.junit.rules.TestWatcher$1.evaluate(TestWatcher.java:55)
	at org.junit.rules.RunRules.evaluate(RunRules.java:20)
	at org.junit.runners.ParentRunner.runLeaf(ParentRunner.java:325)
	at org.junit.runners.BlockJUnit4ClassRunner.runChild(BlockJUnit4ClassRunner.java:78)
	at org.junit.runners.BlockJUnit4ClassRunner.runChild(BlockJUnit4ClassRunner.java:57)
	at org.junit.runners.ParentRunner$3.run(ParentRunner.java:290)
	at org.junit.runners.ParentRunner$1.schedule(ParentRunner.java:71)
	at org.junit.runners.ParentRunner.runChildren(ParentRunner.java:288)
	at org.junit.runners.ParentRunner.access$000(ParentRunner.java:58)
	at org.junit.runners.ParentRunner$2.evaluate(ParentRunner.java:268)
	at org.junit.internal.runners.statements.RunBefores.evaluate(RunBefores.java:26)
	at org.junit.runners.ParentRunner.run(ParentRunner.java:363)
	at org.apache.maven.surefire.junit4.JUnit4Provider.execute(JUnit4Provider.java:365)
	at org.apache.maven.surefire.junit4.JUnit4Provider.executeWithRerun(JUnit4Provider.java:273)
	at org.apache.maven.surefire.junit4.JUnit4Provider.executeTestSet(JUnit4Provider.java:238)
	at org.apache.maven.surefire.junit4.JUnit4Provider.invoke(JUnit4Provider.java:159)
	at org.apache.maven.surefire.booter.ForkedBooter.invokeProviderInSameClassLoader(ForkedBooter.java:384)
	at org.apache.maven.surefire.booter.ForkedBooter.runSuitesInProcess(ForkedBooter.java:345)
	at org.apache.maven.surefire.booter.ForkedBooter.execute(ForkedBooter.java:126)
	at org.apache.maven.surefire.booter.ForkedBooter.main(ForkedBooter.java:418)
2020-06-22 14:22:35,636 [myid:] - INFO  [main:ClientBase@270] - server 127.0.0.1:21995 not up
javax.net.ssl.SSLHandshakeException: java.security.cert.CertificateException: Failed to verify both host address and host name
	at sun.security.ssl.Alerts.getSSLException(Alerts.java:198)
	at sun.security.ssl.SSLSocketImpl.fatal(SSLSocketImpl.java:1967)
	at sun.security.ssl.Handshaker.fatalSE(Handshaker.java:331)
	at sun.security.ssl.Handshaker.fatalSE(Handshaker.java:325)
	at sun.security.ssl.ClientHandshaker.serverCertificate(ClientHandshaker.java:1688)
	at sun.security.ssl.ClientHandshaker.processMessage(ClientHandshaker.java:226)
	at sun.security.ssl.Handshaker.processLoop(Handshaker.java:1082)
	at sun.security.ssl.Handshaker.process_record(Handshaker.java:1010)
	at sun.security.ssl.SSLSocketImpl.readRecord(SSLSocketImpl.java:1079)
	at sun.security.ssl.SSLSocketImpl.performInitialHandshake(SSLSocketImpl.java:1388)
	at sun.security.ssl.SSLSocketImpl.startHandshake(SSLSocketImpl.java:1416)
	at sun.security.ssl.SSLSocketImpl.startHandshake(SSLSocketImpl.java:1400)
	at org.apache.zookeeper.client.FourLetterWordMain.send4LetterWord(FourLetterWordMain.java:105)
	at org.apache.zookeeper.client.FourLetterWordMain.send4LetterWord(FourLetterWordMain.java:73)
	at org.apache.zookeeper.test.ClientBase.waitForServerUp(ClientBase.java:261)
	at org.apache.zookeeper.test.ClientBase.startServerInstance(ClientBase.java:401)
	at org.apache.zookeeper.test.ClientBase.startServer(ClientBase.java:516)
	at org.apache.zookeeper.test.ClientBase.setUpWithServerId(ClientBase.java:499)
	at org.apache.zookeeper.test.ClientBase.setUp(ClientBase.java:474)
	at org.apache.zookeeper.test.SaslDigestAuthOverSSLTest.setUp(SaslDigestAuthOverSSLTest.java:62)
	at sun.reflect.NativeMethodAccessorImpl.invoke0(Native Method)
	at sun.reflect.NativeMethodAccessorImpl.invoke(NativeMethodAccessorImpl.java:62)
	at sun.reflect.DelegatingMethodAccessorImpl.invoke(DelegatingMethodAccessorImpl.java:43)
	at java.lang.reflect.Method.invoke(Method.java:498)
	at org.junit.runners.model.FrameworkMethod$1.runReflectiveCall(FrameworkMethod.java:50)
	at org.junit.internal.runners.model.ReflectiveCallable.run(ReflectiveCallable.java:12)
	at org.junit.runners.model.FrameworkMethod.invokeExplosively(FrameworkMethod.java:47)
	at mockit.integration.junit4.JUnit4TestRunnerDecorator.invokeExplosively(JUnit4TestRunnerDecorator.java:49)
	at mockit.integration.junit4.FakeFrameworkMethod.invokeExplosively(FakeFrameworkMethod.java:29)
	at org.junit.runners.model.FrameworkMethod.invokeExplosively(FrameworkMethod.java)
	at org.junit.internal.runners.statements.RunBefores.evaluate(RunBefores.java:24)
	at org.junit.internal.runners.statements.RunAfters.evaluate(RunAfters.java:27)
	at org.junit.rules.TestWatcher$1.evaluate(TestWatcher.java:55)
	at org.junit.rules.RunRules.evaluate(RunRules.java:20)
	at org.junit.runners.ParentRunner.runLeaf(ParentRunner.java:325)
	at org.junit.runners.BlockJUnit4ClassRunner.runChild(BlockJUnit4ClassRunner.java:78)
	at org.junit.runners.BlockJUnit4ClassRunner.runChild(BlockJUnit4ClassRunner.java:57)
	at org.junit.runners.ParentRunner$3.run(ParentRunner.java:290)
	at org.junit.runners.ParentRunner$1.schedule(ParentRunner.java:71)
	at org.junit.runners.ParentRunner.runChildren(ParentRunner.java:288)
	at org.junit.runners.ParentRunner.access$000(ParentRunner.java:58)
	at org.junit.runners.ParentRunner$2.evaluate(ParentRunner.java:268)
	at org.junit.internal.runners.statements.RunBefores.evaluate(RunBefores.java:26)
	at org.junit.runners.ParentRunner.run(ParentRunner.java:363)
	at org.apache.maven.surefire.junit4.JUnit4Provider.execute(JUnit4Provider.java:365)
	at org.apache.maven.surefire.junit4.JUnit4Provider.executeWithRerun(JUnit4Provider.java:273)
	at org.apache.maven.surefire.junit4.JUnit4Provider.executeTestSet(JUnit4Provider.java:238)
	at org.apache.maven.surefire.junit4.JUnit4Provider.invoke(JUnit4Provider.java:159)
	at org.apache.maven.surefire.booter.ForkedBooter.invokeProviderInSameClassLoader(ForkedBooter.java:384)
	at org.apache.maven.surefire.booter.ForkedBooter.runSuitesInProcess(ForkedBooter.java:345)
	at org.apache.maven.surefire.booter.ForkedBooter.execute(ForkedBooter.java:126)
	at org.apache.maven.surefire.booter.ForkedBooter.main(ForkedBooter.java:418)
Caused by: java.security.cert.CertificateException: Failed to verify both host address and host name
	at org.apache.zookeeper.common.ZKTrustManager.performHostVerification(ZKTrustManager.java:163)
	at org.apache.zookeeper.common.ZKTrustManager.checkServerTrusted(ZKTrustManager.java:90)
	at sun.security.ssl.ClientHandshaker.serverCertificate(ClientHandshaker.java:1670)
	... 47 more
Caused by: javax.net.ssl.SSLPeerUnverifiedException: Certificate for <activate.navicat.com> doesn't match common name of the certificate subject: localhost
	at org.apache.zookeeper.common.ZKHostnameVerifier.matchCN(ZKHostnameVerifier.java:238)
	at org.apache.zookeeper.common.ZKHostnameVerifier.verify(ZKHostnameVerifier.java:184)
	at org.apache.zookeeper.common.ZKTrustManager.performHostVerification(ZKTrustManager.java:159)
	... 49 more
2020-06-22 14:22:35,637 [myid:] - ERROR [nioEventLoopGroup-4-9:NettyServerCnxnFactory$CertificateVerifier@434] - Unsuccessful handshake with session 0x0
2020-06-22 14:22:35,638 [myid:] - WARN  [nioEventLoopGroup-4-9:NettyServerCnxnFactory$CnxnChannelHandler@273] - Exception caught
io.netty.handler.codec.DecoderException: javax.net.ssl.SSLException: Received fatal alert: certificate_unknown
	at io.netty.handler.codec.ByteToMessageDecoder.callDecode(ByteToMessageDecoder.java:468)
	at io.netty.handler.codec.ByteToMessageDecoder.channelRead(ByteToMessageDecoder.java:276)
	at io.netty.channel.AbstractChannelHandlerContext.invokeChannelRead(AbstractChannelHandlerContext.java:379)
	at io.netty.channel.AbstractChannelHandlerContext.invokeChannelRead(AbstractChannelHandlerContext.java:365)
	at io.netty.channel.AbstractChannelHandlerContext.fireChannelRead(AbstractChannelHandlerContext.java:357)
	at io.netty.channel.DefaultChannelPipeline$HeadContext.channelRead(DefaultChannelPipeline.java:1410)
	at io.netty.channel.AbstractChannelHandlerContext.invokeChannelRead(AbstractChannelHandlerContext.java:379)
	at io.netty.channel.AbstractChannelHandlerContext.invokeChannelRead(AbstractChannelHandlerContext.java:365)
	at io.netty.channel.DefaultChannelPipeline.fireChannelRead(DefaultChannelPipeline.java:919)
	at io.netty.channel.nio.AbstractNioByteChannel$NioByteUnsafe.read(AbstractNioByteChannel.java:163)
	at io.netty.channel.nio.NioEventLoop.processSelectedKey(NioEventLoop.java:714)
	at io.netty.channel.nio.NioEventLoop.processSelectedKeysOptimized(NioEventLoop.java:650)
	at io.netty.channel.nio.NioEventLoop.processSelectedKeys(NioEventLoop.java:576)
	at io.netty.channel.nio.NioEventLoop.run(NioEventLoop.java:493)
	at io.netty.util.concurrent.SingleThreadEventExecutor$4.run(SingleThreadEventExecutor.java:989)
	at io.netty.util.internal.ThreadExecutorMap$2.run(ThreadExecutorMap.java:74)
	at io.netty.util.concurrent.FastThreadLocalRunnable.run(FastThreadLocalRunnable.java:30)
	at java.lang.Thread.run(Thread.java:748)
Caused by: javax.net.ssl.SSLException: Received fatal alert: certificate_unknown
	at sun.security.ssl.Alerts.getSSLException(Alerts.java:214)
	at sun.security.ssl.SSLEngineImpl.fatal(SSLEngineImpl.java:1667)
	at sun.security.ssl.SSLEngineImpl.fatal(SSLEngineImpl.java:1635)
	at sun.security.ssl.SSLEngineImpl.recvAlert(SSLEngineImpl.java:1801)
	at sun.security.ssl.SSLEngineImpl.readRecord(SSLEngineImpl.java:1090)
	at sun.security.ssl.SSLEngineImpl.readNetRecord(SSLEngineImpl.java:913)
	at sun.security.ssl.SSLEngineImpl.unwrap(SSLEngineImpl.java:783)
	at javax.net.ssl.SSLEngine.unwrap(SSLEngine.java:626)
	at io.netty.handler.ssl.SslHandler$SslEngineType$3.unwrap(SslHandler.java:281)
	at io.netty.handler.ssl.SslHandler.unwrap(SslHandler.java:1340)
	at io.netty.handler.ssl.SslHandler.decodeJdkCompatible(SslHandler.java:1235)
	at io.netty.handler.ssl.SslHandler.decode(SslHandler.java:1282)
	at io.netty.handler.codec.ByteToMessageDecoder.decodeRemovalReentryProtection(ByteToMessageDecoder.java:498)
	at io.netty.handler.codec.ByteToMessageDecoder.callDecode(ByteToMessageDecoder.java:437)
	... 17 more
2020-06-22 14:22:35,638 [myid:] - WARN  [nioEventLoopGroup-4-9:NettyServerCnxnFactory$CnxnChannelHandler@273] - Exception caught
io.netty.handler.codec.DecoderException: javax.net.ssl.SSLException: Received fatal alert: certificate_unknown
	at io.netty.handler.codec.ByteToMessageDecoder.callDecode(ByteToMessageDecoder.java:468)
	at io.netty.handler.codec.ByteToMessageDecoder.channelInputClosed(ByteToMessageDecoder.java:401)
	at io.netty.handler.codec.ByteToMessageDecoder.channelInputClosed(ByteToMessageDecoder.java:368)
	at io.netty.handler.codec.ByteToMessageDecoder.channelInactive(ByteToMessageDecoder.java:351)
	at io.netty.handler.ssl.SslHandler.channelInactive(SslHandler.java:1084)
	at io.netty.channel.AbstractChannelHandlerContext.invokeChannelInactive(AbstractChannelHandlerContext.java:262)
	at io.netty.channel.AbstractChannelHandlerContext.invokeChannelInactive(AbstractChannelHandlerContext.java:248)
	at io.netty.channel.AbstractChannelHandlerContext.fireChannelInactive(AbstractChannelHandlerContext.java:241)
	at io.netty.channel.DefaultChannelPipeline$HeadContext.channelInactive(DefaultChannelPipeline.java:1405)
	at io.netty.channel.AbstractChannelHandlerContext.invokeChannelInactive(AbstractChannelHandlerContext.java:262)
	at io.netty.channel.AbstractChannelHandlerContext.invokeChannelInactive(AbstractChannelHandlerContext.java:248)
	at io.netty.channel.DefaultChannelPipeline.fireChannelInactive(DefaultChannelPipeline.java:901)
	at io.netty.channel.AbstractChannel$AbstractUnsafe$8.run(AbstractChannel.java:818)
	at io.netty.util.concurrent.AbstractEventExecutor.safeExecute(AbstractEventExecutor.java:164)
	at io.netty.util.concurrent.SingleThreadEventExecutor.runAllTasks(SingleThreadEventExecutor.java:472)
	at io.netty.channel.nio.NioEventLoop.run(NioEventLoop.java:497)
	at io.netty.util.concurrent.SingleThreadEventExecutor$4.run(SingleThreadEventExecutor.java:989)
	at io.netty.util.internal.ThreadExecutorMap$2.run(ThreadExecutorMap.java:74)
	at io.netty.util.concurrent.FastThreadLocalRunnable.run(FastThreadLocalRunnable.java:30)
	at java.lang.Thread.run(Thread.java:748)
Caused by: javax.net.ssl.SSLException: Received fatal alert: certificate_unknown
	at sun.security.ssl.Alerts.getSSLException(Alerts.java:214)
	at sun.security.ssl.SSLEngineImpl.fatal(SSLEngineImpl.java:1667)
	at sun.security.ssl.SSLEngineImpl.fatal(SSLEngineImpl.java:1635)
	at sun.security.ssl.SSLEngineImpl.recvAlert(SSLEngineImpl.java:1801)
	at sun.security.ssl.SSLEngineImpl.readRecord(SSLEngineImpl.java:1090)
	at sun.security.ssl.SSLEngineImpl.readNetRecord(SSLEngineImpl.java:913)
	at sun.security.ssl.SSLEngineImpl.unwrap(SSLEngineImpl.java:783)
	at javax.net.ssl.SSLEngine.unwrap(SSLEngine.java:626)
	at io.netty.handler.ssl.SslHandler$SslEngineType$3.unwrap(SslHandler.java:281)
	at io.netty.handler.ssl.SslHandler.unwrap(SslHandler.java:1340)
	at io.netty.handler.ssl.SslHandler.decodeJdkCompatible(SslHandler.java:1235)
	at io.netty.handler.ssl.SslHandler.decode(SslHandler.java:1282)
	at io.netty.handler.codec.ByteToMessageDecoder.decodeRemovalReentryProtection(ByteToMessageDecoder.java:498)
	at io.netty.handler.codec.ByteToMessageDecoder.callDecode(ByteToMessageDecoder.java:437)
	... 19 more
2020-06-22 14:22:35,887 [myid:] - INFO  [main:FourLetterWordMain@93] - connecting to 127.0.0.1 21995
2020-06-22 14:22:35,887 [myid:] - INFO  [main:FourLetterWordMain@99] - using secure socket
2020-06-22 14:22:35,895 [myid:] - ERROR [main:ZKTrustManager@161] - Failed to verify host address: 127.0.0.1
javax.net.ssl.SSLPeerUnverifiedException: Certificate for <127.0.0.1> doesn't match common name of the certificate subject: localhost
	at org.apache.zookeeper.common.ZKHostnameVerifier.matchCN(ZKHostnameVerifier.java:238)
	at org.apache.zookeeper.common.ZKHostnameVerifier.verify(ZKHostnameVerifier.java:184)
	at org.apache.zookeeper.common.ZKTrustManager.performHostVerification(ZKTrustManager.java:151)
	at org.apache.zookeeper.common.ZKTrustManager.checkServerTrusted(ZKTrustManager.java:90)
	at sun.security.ssl.ClientHandshaker.serverCertificate(ClientHandshaker.java:1670)
	at sun.security.ssl.ClientHandshaker.processMessage(ClientHandshaker.java:226)
	at sun.security.ssl.Handshaker.processLoop(Handshaker.java:1082)
	at sun.security.ssl.Handshaker.process_record(Handshaker.java:1010)
	at sun.security.ssl.SSLSocketImpl.readRecord(SSLSocketImpl.java:1079)
	at sun.security.ssl.SSLSocketImpl.performInitialHandshake(SSLSocketImpl.java:1388)
	at sun.security.ssl.SSLSocketImpl.startHandshake(SSLSocketImpl.java:1416)
	at sun.security.ssl.SSLSocketImpl.startHandshake(SSLSocketImpl.java:1400)
	at org.apache.zookeeper.client.FourLetterWordMain.send4LetterWord(FourLetterWordMain.java:105)
	at org.apache.zookeeper.client.FourLetterWordMain.send4LetterWord(FourLetterWordMain.java:73)
	at org.apache.zookeeper.test.ClientBase.waitForServerUp(ClientBase.java:261)
	at org.apache.zookeeper.test.ClientBase.startServerInstance(ClientBase.java:401)
	at org.apache.zookeeper.test.ClientBase.startServer(ClientBase.java:516)
	at org.apache.zookeeper.test.ClientBase.setUpWithServerId(ClientBase.java:499)
	at org.apache.zookeeper.test.ClientBase.setUp(ClientBase.java:474)
	at org.apache.zookeeper.test.SaslDigestAuthOverSSLTest.setUp(SaslDigestAuthOverSSLTest.java:62)
	at sun.reflect.NativeMethodAccessorImpl.invoke0(Native Method)
	at sun.reflect.NativeMethodAccessorImpl.invoke(NativeMethodAccessorImpl.java:62)
	at sun.reflect.DelegatingMethodAccessorImpl.invoke(DelegatingMethodAccessorImpl.java:43)
	at java.lang.reflect.Method.invoke(Method.java:498)
	at org.junit.runners.model.FrameworkMethod$1.runReflectiveCall(FrameworkMethod.java:50)
	at org.junit.internal.runners.model.ReflectiveCallable.run(ReflectiveCallable.java:12)
	at org.junit.runners.model.FrameworkMethod.invokeExplosively(FrameworkMethod.java:47)
	at mockit.integration.junit4.JUnit4TestRunnerDecorator.invokeExplosively(JUnit4TestRunnerDecorator.java:49)
	at mockit.integration.junit4.FakeFrameworkMethod.invokeExplosively(FakeFrameworkMethod.java:29)
	at org.junit.runners.model.FrameworkMethod.invokeExplosively(FrameworkMethod.java)
	at org.junit.internal.runners.statements.RunBefores.evaluate(RunBefores.java:24)
	at org.junit.internal.runners.statements.RunAfters.evaluate(RunAfters.java:27)
	at org.junit.rules.TestWatcher$1.evaluate(TestWatcher.java:55)
	at org.junit.rules.RunRules.evaluate(RunRules.java:20)
	at org.junit.runners.ParentRunner.runLeaf(ParentRunner.java:325)
	at org.junit.runners.BlockJUnit4ClassRunner.runChild(BlockJUnit4ClassRunner.java:78)
	at org.junit.runners.BlockJUnit4ClassRunner.runChild(BlockJUnit4ClassRunner.java:57)
	at org.junit.runners.ParentRunner$3.run(ParentRunner.java:290)
	at org.junit.runners.ParentRunner$1.schedule(ParentRunner.java:71)
	at org.junit.runners.ParentRunner.runChildren(ParentRunner.java:288)
	at org.junit.runners.ParentRunner.access$000(ParentRunner.java:58)
	at org.junit.runners.ParentRunner$2.evaluate(ParentRunner.java:268)
	at org.junit.internal.runners.statements.RunBefores.evaluate(RunBefores.java:26)
	at org.junit.runners.ParentRunner.run(ParentRunner.java:363)
	at org.apache.maven.surefire.junit4.JUnit4Provider.execute(JUnit4Provider.java:365)
	at org.apache.maven.surefire.junit4.JUnit4Provider.executeWithRerun(JUnit4Provider.java:273)
	at org.apache.maven.surefire.junit4.JUnit4Provider.executeTestSet(JUnit4Provider.java:238)
	at org.apache.maven.surefire.junit4.JUnit4Provider.invoke(JUnit4Provider.java:159)
	at org.apache.maven.surefire.booter.ForkedBooter.invokeProviderInSameClassLoader(ForkedBooter.java:384)
	at org.apache.maven.surefire.booter.ForkedBooter.runSuitesInProcess(ForkedBooter.java:345)
	at org.apache.maven.surefire.booter.ForkedBooter.execute(ForkedBooter.java:126)
	at org.apache.maven.surefire.booter.ForkedBooter.main(ForkedBooter.java:418)
2020-06-22 14:22:35,896 [myid:] - ERROR [main:ZKTrustManager@162] - Failed to verify hostname: activate.navicat.com
javax.net.ssl.SSLPeerUnverifiedException: Certificate for <activate.navicat.com> doesn't match common name of the certificate subject: localhost
	at org.apache.zookeeper.common.ZKHostnameVerifier.matchCN(ZKHostnameVerifier.java:238)
	at org.apache.zookeeper.common.ZKHostnameVerifier.verify(ZKHostnameVerifier.java:184)
	at org.apache.zookeeper.common.ZKTrustManager.performHostVerification(ZKTrustManager.java:159)
	at org.apache.zookeeper.common.ZKTrustManager.checkServerTrusted(ZKTrustManager.java:90)
	at sun.security.ssl.ClientHandshaker.serverCertificate(ClientHandshaker.java:1670)
	at sun.security.ssl.ClientHandshaker.processMessage(ClientHandshaker.java:226)
	at sun.security.ssl.Handshaker.processLoop(Handshaker.java:1082)
	at sun.security.ssl.Handshaker.process_record(Handshaker.java:1010)
	at sun.security.ssl.SSLSocketImpl.readRecord(SSLSocketImpl.java:1079)
	at sun.security.ssl.SSLSocketImpl.performInitialHandshake(SSLSocketImpl.java:1388)
	at sun.security.ssl.SSLSocketImpl.startHandshake(SSLSocketImpl.java:1416)
	at sun.security.ssl.SSLSocketImpl.startHandshake(SSLSocketImpl.java:1400)
	at org.apache.zookeeper.client.FourLetterWordMain.send4LetterWord(FourLetterWordMain.java:105)
	at org.apache.zookeeper.client.FourLetterWordMain.send4LetterWord(FourLetterWordMain.java:73)
	at org.apache.zookeeper.test.ClientBase.waitForServerUp(ClientBase.java:261)
	at org.apache.zookeeper.test.ClientBase.startServerInstance(ClientBase.java:401)
	at org.apache.zookeeper.test.ClientBase.startServer(ClientBase.java:516)
	at org.apache.zookeeper.test.ClientBase.setUpWithServerId(ClientBase.java:499)
	at org.apache.zookeeper.test.ClientBase.setUp(ClientBase.java:474)
	at org.apache.zookeeper.test.SaslDigestAuthOverSSLTest.setUp(SaslDigestAuthOverSSLTest.java:62)
	at sun.reflect.NativeMethodAccessorImpl.invoke0(Native Method)
	at sun.reflect.NativeMethodAccessorImpl.invoke(NativeMethodAccessorImpl.java:62)
	at sun.reflect.DelegatingMethodAccessorImpl.invoke(DelegatingMethodAccessorImpl.java:43)
	at java.lang.reflect.Method.invoke(Method.java:498)
	at org.junit.runners.model.FrameworkMethod$1.runReflectiveCall(FrameworkMethod.java:50)
	at org.junit.internal.runners.model.ReflectiveCallable.run(ReflectiveCallable.java:12)
	at org.junit.runners.model.FrameworkMethod.invokeExplosively(FrameworkMethod.java:47)
	at mockit.integration.junit4.JUnit4TestRunnerDecorator.invokeExplosively(JUnit4TestRunnerDecorator.java:49)
	at mockit.integration.junit4.FakeFrameworkMethod.invokeExplosively(FakeFrameworkMethod.java:29)
	at org.junit.runners.model.FrameworkMethod.invokeExplosively(FrameworkMethod.java)
	at org.junit.internal.runners.statements.RunBefores.evaluate(RunBefores.java:24)
	at org.junit.internal.runners.statements.RunAfters.evaluate(RunAfters.java:27)
	at org.junit.rules.TestWatcher$1.evaluate(TestWatcher.java:55)
	at org.junit.rules.RunRules.evaluate(RunRules.java:20)
	at org.junit.runners.ParentRunner.runLeaf(ParentRunner.java:325)
	at org.junit.runners.BlockJUnit4ClassRunner.runChild(BlockJUnit4ClassRunner.java:78)
	at org.junit.runners.BlockJUnit4ClassRunner.runChild(BlockJUnit4ClassRunner.java:57)
	at org.junit.runners.ParentRunner$3.run(ParentRunner.java:290)
	at org.junit.runners.ParentRunner$1.schedule(ParentRunner.java:71)
	at org.junit.runners.ParentRunner.runChildren(ParentRunner.java:288)
	at org.junit.runners.ParentRunner.access$000(ParentRunner.java:58)
	at org.junit.runners.ParentRunner$2.evaluate(ParentRunner.java:268)
	at org.junit.internal.runners.statements.RunBefores.evaluate(RunBefores.java:26)
	at org.junit.runners.ParentRunner.run(ParentRunner.java:363)
	at org.apache.maven.surefire.junit4.JUnit4Provider.execute(JUnit4Provider.java:365)
	at org.apache.maven.surefire.junit4.JUnit4Provider.executeWithRerun(JUnit4Provider.java:273)
	at org.apache.maven.surefire.junit4.JUnit4Provider.executeTestSet(JUnit4Provider.java:238)
	at org.apache.maven.surefire.junit4.JUnit4Provider.invoke(JUnit4Provider.java:159)
	at org.apache.maven.surefire.booter.ForkedBooter.invokeProviderInSameClassLoader(ForkedBooter.java:384)
	at org.apache.maven.surefire.booter.ForkedBooter.runSuitesInProcess(ForkedBooter.java:345)
	at org.apache.maven.surefire.booter.ForkedBooter.execute(ForkedBooter.java:126)
	at org.apache.maven.surefire.booter.ForkedBooter.main(ForkedBooter.java:418)
2020-06-22 14:22:35,896 [myid:] - INFO  [main:ClientBase@270] - server 127.0.0.1:21995 not up
javax.net.ssl.SSLHandshakeException: java.security.cert.CertificateException: Failed to verify both host address and host name
	at sun.security.ssl.Alerts.getSSLException(Alerts.java:198)
	at sun.security.ssl.SSLSocketImpl.fatal(SSLSocketImpl.java:1967)
	at sun.security.ssl.Handshaker.fatalSE(Handshaker.java:331)
	at sun.security.ssl.Handshaker.fatalSE(Handshaker.java:325)
	at sun.security.ssl.ClientHandshaker.serverCertificate(ClientHandshaker.java:1688)
	at sun.security.ssl.ClientHandshaker.processMessage(ClientHandshaker.java:226)
	at sun.security.ssl.Handshaker.processLoop(Handshaker.java:1082)
	at sun.security.ssl.Handshaker.process_record(Handshaker.java:1010)
	at sun.security.ssl.SSLSocketImpl.readRecord(SSLSocketImpl.java:1079)
	at sun.security.ssl.SSLSocketImpl.performInitialHandshake(SSLSocketImpl.java:1388)
	at sun.security.ssl.SSLSocketImpl.startHandshake(SSLSocketImpl.java:1416)
	at sun.security.ssl.SSLSocketImpl.startHandshake(SSLSocketImpl.java:1400)
	at org.apache.zookeeper.client.FourLetterWordMain.send4LetterWord(FourLetterWordMain.java:105)
	at org.apache.zookeeper.client.FourLetterWordMain.send4LetterWord(FourLetterWordMain.java:73)
	at org.apache.zookeeper.test.ClientBase.waitForServerUp(ClientBase.java:261)
	at org.apache.zookeeper.test.ClientBase.startServerInstance(ClientBase.java:401)
	at org.apache.zookeeper.test.ClientBase.startServer(ClientBase.java:516)
	at org.apache.zookeeper.test.ClientBase.setUpWithServerId(ClientBase.java:499)
	at org.apache.zookeeper.test.ClientBase.setUp(ClientBase.java:474)
	at org.apache.zookeeper.test.SaslDigestAuthOverSSLTest.setUp(SaslDigestAuthOverSSLTest.java:62)
	at sun.reflect.NativeMethodAccessorImpl.invoke0(Native Method)
	at sun.reflect.NativeMethodAccessorImpl.invoke(NativeMethodAccessorImpl.java:62)
	at sun.reflect.DelegatingMethodAccessorImpl.invoke(DelegatingMethodAccessorImpl.java:43)
	at java.lang.reflect.Method.invoke(Method.java:498)
	at org.junit.runners.model.FrameworkMethod$1.runReflectiveCall(FrameworkMethod.java:50)
	at org.junit.internal.runners.model.ReflectiveCallable.run(ReflectiveCallable.java:12)
	at org.junit.runners.model.FrameworkMethod.invokeExplosively(FrameworkMethod.java:47)
	at mockit.integration.junit4.JUnit4TestRunnerDecorator.invokeExplosively(JUnit4TestRunnerDecorator.java:49)
	at mockit.integration.junit4.FakeFrameworkMethod.invokeExplosively(FakeFrameworkMethod.java:29)
	at org.junit.runners.model.FrameworkMethod.invokeExplosively(FrameworkMethod.java)
	at org.junit.internal.runners.statements.RunBefores.evaluate(RunBefores.java:24)
	at org.junit.internal.runners.statements.RunAfters.evaluate(RunAfters.java:27)
	at org.junit.rules.TestWatcher$1.evaluate(TestWatcher.java:55)
	at org.junit.rules.RunRules.evaluate(RunRules.java:20)
	at org.junit.runners.ParentRunner.runLeaf(ParentRunner.java:325)
	at org.junit.runners.BlockJUnit4ClassRunner.runChild(BlockJUnit4ClassRunner.java:78)
	at org.junit.runners.BlockJUnit4ClassRunner.runChild(BlockJUnit4ClassRunner.java:57)
	at org.junit.runners.ParentRunner$3.run(ParentRunner.java:290)
	at org.junit.runners.ParentRunner$1.schedule(ParentRunner.java:71)
	at org.junit.runners.ParentRunner.runChildren(ParentRunner.java:288)
	at org.junit.runners.ParentRunner.access$000(ParentRunner.java:58)
	at org.junit.runners.ParentRunner$2.evaluate(ParentRunner.java:268)
	at org.junit.internal.runners.statements.RunBefores.evaluate(RunBefores.java:26)
	at org.junit.runners.ParentRunner.run(ParentRunner.java:363)
	at org.apache.maven.surefire.junit4.JUnit4Provider.execute(JUnit4Provider.java:365)
	at org.apache.maven.surefire.junit4.JUnit4Provider.executeWithRerun(JUnit4Provider.java:273)
	at org.apache.maven.surefire.junit4.JUnit4Provider.executeTestSet(JUnit4Provider.java:238)
	at org.apache.maven.surefire.junit4.JUnit4Provider.invoke(JUnit4Provider.java:159)
	at org.apache.maven.surefire.booter.ForkedBooter.invokeProviderInSameClassLoader(ForkedBooter.java:384)
	at org.apache.maven.surefire.booter.ForkedBooter.runSuitesInProcess(ForkedBooter.java:345)
	at org.apache.maven.surefire.booter.ForkedBooter.execute(ForkedBooter.java:126)
	at org.apache.maven.surefire.booter.ForkedBooter.main(ForkedBooter.java:418)
Caused by: java.security.cert.CertificateException: Failed to verify both host address and host name
	at org.apache.zookeeper.common.ZKTrustManager.performHostVerification(ZKTrustManager.java:163)
	at org.apache.zookeeper.common.ZKTrustManager.checkServerTrusted(ZKTrustManager.java:90)
	at sun.security.ssl.ClientHandshaker.serverCertificate(ClientHandshaker.java:1670)
	... 47 more
Caused by: javax.net.ssl.SSLPeerUnverifiedException: Certificate for <activate.navicat.com> doesn't match common name of the certificate subject: localhost
	at org.apache.zookeeper.common.ZKHostnameVerifier.matchCN(ZKHostnameVerifier.java:238)
	at org.apache.zookeeper.common.ZKHostnameVerifier.verify(ZKHostnameVerifier.java:184)
	at org.apache.zookeeper.common.ZKTrustManager.performHostVerification(ZKTrustManager.java:159)
	... 49 more
2020-06-22 14:22:35,896 [myid:] - ERROR [nioEventLoopGroup-4-10:NettyServerCnxnFactory$CertificateVerifier@434] - Unsuccessful handshake with session 0x0
2020-06-22 14:22:35,897 [myid:] - WARN  [nioEventLoopGroup-4-10:NettyServerCnxnFactory$CnxnChannelHandler@273] - Exception caught
io.netty.handler.codec.DecoderException: javax.net.ssl.SSLException: Received fatal alert: certificate_unknown
	at io.netty.handler.codec.ByteToMessageDecoder.callDecode(ByteToMessageDecoder.java:468)
	at io.netty.handler.codec.ByteToMessageDecoder.channelRead(ByteToMessageDecoder.java:276)
	at io.netty.channel.AbstractChannelHandlerContext.invokeChannelRead(AbstractChannelHandlerContext.java:379)
	at io.netty.channel.AbstractChannelHandlerContext.invokeChannelRead(AbstractChannelHandlerContext.java:365)
	at io.netty.channel.AbstractChannelHandlerContext.fireChannelRead(AbstractChannelHandlerContext.java:357)
	at io.netty.channel.DefaultChannelPipeline$HeadContext.channelRead(DefaultChannelPipeline.java:1410)
	at io.netty.channel.AbstractChannelHandlerContext.invokeChannelRead(AbstractChannelHandlerContext.java:379)
	at io.netty.channel.AbstractChannelHandlerContext.invokeChannelRead(AbstractChannelHandlerContext.java:365)
	at io.netty.channel.DefaultChannelPipeline.fireChannelRead(DefaultChannelPipeline.java:919)
	at io.netty.channel.nio.AbstractNioByteChannel$NioByteUnsafe.read(AbstractNioByteChannel.java:163)
	at io.netty.channel.nio.NioEventLoop.processSelectedKey(NioEventLoop.java:714)
	at io.netty.channel.nio.NioEventLoop.processSelectedKeysOptimized(NioEventLoop.java:650)
	at io.netty.channel.nio.NioEventLoop.processSelectedKeys(NioEventLoop.java:576)
	at io.netty.channel.nio.NioEventLoop.run(NioEventLoop.java:493)
	at io.netty.util.concurrent.SingleThreadEventExecutor$4.run(SingleThreadEventExecutor.java:989)
	at io.netty.util.internal.ThreadExecutorMap$2.run(ThreadExecutorMap.java:74)
	at io.netty.util.concurrent.FastThreadLocalRunnable.run(FastThreadLocalRunnable.java:30)
	at java.lang.Thread.run(Thread.java:748)
Caused by: javax.net.ssl.SSLException: Received fatal alert: certificate_unknown
	at sun.security.ssl.Alerts.getSSLException(Alerts.java:214)
	at sun.security.ssl.SSLEngineImpl.fatal(SSLEngineImpl.java:1667)
	at sun.security.ssl.SSLEngineImpl.fatal(SSLEngineImpl.java:1635)
	at sun.security.ssl.SSLEngineImpl.recvAlert(SSLEngineImpl.java:1801)
	at sun.security.ssl.SSLEngineImpl.readRecord(SSLEngineImpl.java:1090)
	at sun.security.ssl.SSLEngineImpl.readNetRecord(SSLEngineImpl.java:913)
	at sun.security.ssl.SSLEngineImpl.unwrap(SSLEngineImpl.java:783)
	at javax.net.ssl.SSLEngine.unwrap(SSLEngine.java:626)
	at io.netty.handler.ssl.SslHandler$SslEngineType$3.unwrap(SslHandler.java:281)
	at io.netty.handler.ssl.SslHandler.unwrap(SslHandler.java:1340)
	at io.netty.handler.ssl.SslHandler.decodeJdkCompatible(SslHandler.java:1235)
	at io.netty.handler.ssl.SslHandler.decode(SslHandler.java:1282)
	at io.netty.handler.codec.ByteToMessageDecoder.decodeRemovalReentryProtection(ByteToMessageDecoder.java:498)
	at io.netty.handler.codec.ByteToMessageDecoder.callDecode(ByteToMessageDecoder.java:437)
	... 17 more
2020-06-22 14:22:35,897 [myid:] - WARN  [nioEventLoopGroup-4-10:NettyServerCnxnFactory$CnxnChannelHandler@273] - Exception caught
io.netty.handler.codec.DecoderException: javax.net.ssl.SSLException: Received fatal alert: certificate_unknown
	at io.netty.handler.codec.ByteToMessageDecoder.callDecode(ByteToMessageDecoder.java:468)
	at io.netty.handler.codec.ByteToMessageDecoder.channelInputClosed(ByteToMessageDecoder.java:401)
	at io.netty.handler.codec.ByteToMessageDecoder.channelInputClosed(ByteToMessageDecoder.java:368)
	at io.netty.handler.codec.ByteToMessageDecoder.channelInactive(ByteToMessageDecoder.java:351)
	at io.netty.handler.ssl.SslHandler.channelInactive(SslHandler.java:1084)
	at io.netty.channel.AbstractChannelHandlerContext.invokeChannelInactive(AbstractChannelHandlerContext.java:262)
	at io.netty.channel.AbstractChannelHandlerContext.invokeChannelInactive(AbstractChannelHandlerContext.java:248)
	at io.netty.channel.AbstractChannelHandlerContext.fireChannelInactive(AbstractChannelHandlerContext.java:241)
	at io.netty.channel.DefaultChannelPipeline$HeadContext.channelInactive(DefaultChannelPipeline.java:1405)
	at io.netty.channel.AbstractChannelHandlerContext.invokeChannelInactive(AbstractChannelHandlerContext.java:262)
	at io.netty.channel.AbstractChannelHandlerContext.invokeChannelInactive(AbstractChannelHandlerContext.java:248)
	at io.netty.channel.DefaultChannelPipeline.fireChannelInactive(DefaultChannelPipeline.java:901)
	at io.netty.channel.AbstractChannel$AbstractUnsafe$8.run(AbstractChannel.java:818)
	at io.netty.util.concurrent.AbstractEventExecutor.safeExecute(AbstractEventExecutor.java:164)
	at io.netty.util.concurrent.SingleThreadEventExecutor.runAllTasks(SingleThreadEventExecutor.java:472)
	at io.netty.channel.nio.NioEventLoop.run(NioEventLoop.java:497)
	at io.netty.util.concurrent.SingleThreadEventExecutor$4.run(SingleThreadEventExecutor.java:989)
	at io.netty.util.internal.ThreadExecutorMap$2.run(ThreadExecutorMap.java:74)
	at io.netty.util.concurrent.FastThreadLocalRunnable.run(FastThreadLocalRunnable.java:30)
	at java.lang.Thread.run(Thread.java:748)
Caused by: javax.net.ssl.SSLException: Received fatal alert: certificate_unknown
	at sun.security.ssl.Alerts.getSSLException(Alerts.java:214)
	at sun.security.ssl.SSLEngineImpl.fatal(SSLEngineImpl.java:1667)
	at sun.security.ssl.SSLEngineImpl.fatal(SSLEngineImpl.java:1635)
	at sun.security.ssl.SSLEngineImpl.recvAlert(SSLEngineImpl.java:1801)
	at sun.security.ssl.SSLEngineImpl.readRecord(SSLEngineImpl.java:1090)
	at sun.security.ssl.SSLEngineImpl.readNetRecord(SSLEngineImpl.java:913)
	at sun.security.ssl.SSLEngineImpl.unwrap(SSLEngineImpl.java:783)
	at javax.net.ssl.SSLEngine.unwrap(SSLEngine.java:626)
	at io.netty.handler.ssl.SslHandler$SslEngineType$3.unwrap(SslHandler.java:281)
	at io.netty.handler.ssl.SslHandler.unwrap(SslHandler.java:1340)
	at io.netty.handler.ssl.SslHandler.decodeJdkCompatible(SslHandler.java:1235)
	at io.netty.handler.ssl.SslHandler.decode(SslHandler.java:1282)
	at io.netty.handler.codec.ByteToMessageDecoder.decodeRemovalReentryProtection(ByteToMessageDecoder.java:498)
	at io.netty.handler.codec.ByteToMessageDecoder.callDecode(ByteToMessageDecoder.java:437)
	... 19 more
2020-06-22 14:22:36,147 [myid:] - INFO  [main:FourLetterWordMain@93] - connecting to 127.0.0.1 21995
2020-06-22 14:22:36,147 [myid:] - INFO  [main:FourLetterWordMain@99] - using secure socket
2020-06-22 14:22:36,163 [myid:] - ERROR [main:ZKTrustManager@161] - Failed to verify host address: 127.0.0.1
javax.net.ssl.SSLPeerUnverifiedException: Certificate for <127.0.0.1> doesn't match common name of the certificate subject: localhost
	at org.apache.zookeeper.common.ZKHostnameVerifier.matchCN(ZKHostnameVerifier.java:238)
	at org.apache.zookeeper.common.ZKHostnameVerifier.verify(ZKHostnameVerifier.java:184)
	at org.apache.zookeeper.common.ZKTrustManager.performHostVerification(ZKTrustManager.java:151)
	at org.apache.zookeeper.common.ZKTrustManager.checkServerTrusted(ZKTrustManager.java:90)
	at sun.security.ssl.ClientHandshaker.serverCertificate(ClientHandshaker.java:1670)
	at sun.security.ssl.ClientHandshaker.processMessage(ClientHandshaker.java:226)
	at sun.security.ssl.Handshaker.processLoop(Handshaker.java:1082)
	at sun.security.ssl.Handshaker.process_record(Handshaker.java:1010)
	at sun.security.ssl.SSLSocketImpl.readRecord(SSLSocketImpl.java:1079)
	at sun.security.ssl.SSLSocketImpl.performInitialHandshake(SSLSocketImpl.java:1388)
	at sun.security.ssl.SSLSocketImpl.startHandshake(SSLSocketImpl.java:1416)
	at sun.security.ssl.SSLSocketImpl.startHandshake(SSLSocketImpl.java:1400)
	at org.apache.zookeeper.client.FourLetterWordMain.send4LetterWord(FourLetterWordMain.java:105)
	at org.apache.zookeeper.client.FourLetterWordMain.send4LetterWord(FourLetterWordMain.java:73)
	at org.apache.zookeeper.test.ClientBase.waitForServerUp(ClientBase.java:261)
	at org.apache.zookeeper.test.ClientBase.startServerInstance(ClientBase.java:401)
	at org.apache.zookeeper.test.ClientBase.startServer(ClientBase.java:516)
	at org.apache.zookeeper.test.ClientBase.setUpWithServerId(ClientBase.java:499)
	at org.apache.zookeeper.test.ClientBase.setUp(ClientBase.java:474)
	at org.apache.zookeeper.test.SaslDigestAuthOverSSLTest.setUp(SaslDigestAuthOverSSLTest.java:62)
	at sun.reflect.NativeMethodAccessorImpl.invoke0(Native Method)
	at sun.reflect.NativeMethodAccessorImpl.invoke(NativeMethodAccessorImpl.java:62)
	at sun.reflect.DelegatingMethodAccessorImpl.invoke(DelegatingMethodAccessorImpl.java:43)
	at java.lang.reflect.Method.invoke(Method.java:498)
	at org.junit.runners.model.FrameworkMethod$1.runReflectiveCall(FrameworkMethod.java:50)
	at org.junit.internal.runners.model.ReflectiveCallable.run(ReflectiveCallable.java:12)
	at org.junit.runners.model.FrameworkMethod.invokeExplosively(FrameworkMethod.java:47)
	at mockit.integration.junit4.JUnit4TestRunnerDecorator.invokeExplosively(JUnit4TestRunnerDecorator.java:49)
	at mockit.integration.junit4.FakeFrameworkMethod.invokeExplosively(FakeFrameworkMethod.java:29)
	at org.junit.runners.model.FrameworkMethod.invokeExplosively(FrameworkMethod.java)
	at org.junit.internal.runners.statements.RunBefores.evaluate(RunBefores.java:24)
	at org.junit.internal.runners.statements.RunAfters.evaluate(RunAfters.java:27)
	at org.junit.rules.TestWatcher$1.evaluate(TestWatcher.java:55)
	at org.junit.rules.RunRules.evaluate(RunRules.java:20)
	at org.junit.runners.ParentRunner.runLeaf(ParentRunner.java:325)
	at org.junit.runners.BlockJUnit4ClassRunner.runChild(BlockJUnit4ClassRunner.java:78)
	at org.junit.runners.BlockJUnit4ClassRunner.runChild(BlockJUnit4ClassRunner.java:57)
	at org.junit.runners.ParentRunner$3.run(ParentRunner.java:290)
	at org.junit.runners.ParentRunner$1.schedule(ParentRunner.java:71)
	at org.junit.runners.ParentRunner.runChildren(ParentRunner.java:288)
	at org.junit.runners.ParentRunner.access$000(ParentRunner.java:58)
	at org.junit.runners.ParentRunner$2.evaluate(ParentRunner.java:268)
	at org.junit.internal.runners.statements.RunBefores.evaluate(RunBefores.java:26)
	at org.junit.runners.ParentRunner.run(ParentRunner.java:363)
	at org.apache.maven.surefire.junit4.JUnit4Provider.execute(JUnit4Provider.java:365)
	at org.apache.maven.surefire.junit4.JUnit4Provider.executeWithRerun(JUnit4Provider.java:273)
	at org.apache.maven.surefire.junit4.JUnit4Provider.executeTestSet(JUnit4Provider.java:238)
	at org.apache.maven.surefire.junit4.JUnit4Provider.invoke(JUnit4Provider.java:159)
	at org.apache.maven.surefire.booter.ForkedBooter.invokeProviderInSameClassLoader(ForkedBooter.java:384)
	at org.apache.maven.surefire.booter.ForkedBooter.runSuitesInProcess(ForkedBooter.java:345)
	at org.apache.maven.surefire.booter.ForkedBooter.execute(ForkedBooter.java:126)
	at org.apache.maven.surefire.booter.ForkedBooter.main(ForkedBooter.java:418)
2020-06-22 14:22:36,163 [myid:] - ERROR [main:ZKTrustManager@162] - Failed to verify hostname: activate.navicat.com
javax.net.ssl.SSLPeerUnverifiedException: Certificate for <activate.navicat.com> doesn't match common name of the certificate subject: localhost
	at org.apache.zookeeper.common.ZKHostnameVerifier.matchCN(ZKHostnameVerifier.java:238)
	at org.apache.zookeeper.common.ZKHostnameVerifier.verify(ZKHostnameVerifier.java:184)
	at org.apache.zookeeper.common.ZKTrustManager.performHostVerification(ZKTrustManager.java:159)
	at org.apache.zookeeper.common.ZKTrustManager.checkServerTrusted(ZKTrustManager.java:90)
	at sun.security.ssl.ClientHandshaker.serverCertificate(ClientHandshaker.java:1670)
	at sun.security.ssl.ClientHandshaker.processMessage(ClientHandshaker.java:226)
	at sun.security.ssl.Handshaker.processLoop(Handshaker.java:1082)
	at sun.security.ssl.Handshaker.process_record(Handshaker.java:1010)
	at sun.security.ssl.SSLSocketImpl.readRecord(SSLSocketImpl.java:1079)
	at sun.security.ssl.SSLSocketImpl.performInitialHandshake(SSLSocketImpl.java:1388)
	at sun.security.ssl.SSLSocketImpl.startHandshake(SSLSocketImpl.java:1416)
	at sun.security.ssl.SSLSocketImpl.startHandshake(SSLSocketImpl.java:1400)
	at org.apache.zookeeper.client.FourLetterWordMain.send4LetterWord(FourLetterWordMain.java:105)
	at org.apache.zookeeper.client.FourLetterWordMain.send4LetterWord(FourLetterWordMain.java:73)
	at org.apache.zookeeper.test.ClientBase.waitForServerUp(ClientBase.java:261)
	at org.apache.zookeeper.test.ClientBase.startServerInstance(ClientBase.java:401)
	at org.apache.zookeeper.test.ClientBase.startServer(ClientBase.java:516)
	at org.apache.zookeeper.test.ClientBase.setUpWithServerId(ClientBase.java:499)
	at org.apache.zookeeper.test.ClientBase.setUp(ClientBase.java:474)
	at org.apache.zookeeper.test.SaslDigestAuthOverSSLTest.setUp(SaslDigestAuthOverSSLTest.java:62)
	at sun.reflect.NativeMethodAccessorImpl.invoke0(Native Method)
	at sun.reflect.NativeMethodAccessorImpl.invoke(NativeMethodAccessorImpl.java:62)
	at sun.reflect.DelegatingMethodAccessorImpl.invoke(DelegatingMethodAccessorImpl.java:43)
	at java.lang.reflect.Method.invoke(Method.java:498)
	at org.junit.runners.model.FrameworkMethod$1.runReflectiveCall(FrameworkMethod.java:50)
	at org.junit.internal.runners.model.ReflectiveCallable.run(ReflectiveCallable.java:12)
	at org.junit.runners.model.FrameworkMethod.invokeExplosively(FrameworkMethod.java:47)
	at mockit.integration.junit4.JUnit4TestRunnerDecorator.invokeExplosively(JUnit4TestRunnerDecorator.java:49)
	at mockit.integration.junit4.FakeFrameworkMethod.invokeExplosively(FakeFrameworkMethod.java:29)
	at org.junit.runners.model.FrameworkMethod.invokeExplosively(FrameworkMethod.java)
	at org.junit.internal.runners.statements.RunBefores.evaluate(RunBefores.java:24)
	at org.junit.internal.runners.statements.RunAfters.evaluate(RunAfters.java:27)
	at org.junit.rules.TestWatcher$1.evaluate(TestWatcher.java:55)
	at org.junit.rules.RunRules.evaluate(RunRules.java:20)
	at org.junit.runners.ParentRunner.runLeaf(ParentRunner.java:325)
	at org.junit.runners.BlockJUnit4ClassRunner.runChild(BlockJUnit4ClassRunner.java:78)
	at org.junit.runners.BlockJUnit4ClassRunner.runChild(BlockJUnit4ClassRunner.java:57)
	at org.junit.runners.ParentRunner$3.run(ParentRunner.java:290)
	at org.junit.runners.ParentRunner$1.schedule(ParentRunner.java:71)
	at org.junit.runners.ParentRunner.runChildren(ParentRunner.java:288)
	at org.junit.runners.ParentRunner.access$000(ParentRunner.java:58)
	at org.junit.runners.ParentRunner$2.evaluate(ParentRunner.java:268)
	at org.junit.internal.runners.statements.RunBefores.evaluate(RunBefores.java:26)
	at org.junit.runners.ParentRunner.run(ParentRunner.java:363)
	at org.apache.maven.surefire.junit4.JUnit4Provider.execute(JUnit4Provider.java:365)
	at org.apache.maven.surefire.junit4.JUnit4Provider.executeWithRerun(JUnit4Provider.java:273)
	at org.apache.maven.surefire.junit4.JUnit4Provider.executeTestSet(JUnit4Provider.java:238)
	at org.apache.maven.surefire.junit4.JUnit4Provider.invoke(JUnit4Provider.java:159)
	at org.apache.maven.surefire.booter.ForkedBooter.invokeProviderInSameClassLoader(ForkedBooter.java:384)
	at org.apache.maven.surefire.booter.ForkedBooter.runSuitesInProcess(ForkedBooter.java:345)
	at org.apache.maven.surefire.booter.ForkedBooter.execute(ForkedBooter.java:126)
	at org.apache.maven.surefire.booter.ForkedBooter.main(ForkedBooter.java:418)
2020-06-22 14:22:36,165 [myid:] - INFO  [main:ClientBase@270] - server 127.0.0.1:21995 not up
javax.net.ssl.SSLHandshakeException: java.security.cert.CertificateException: Failed to verify both host address and host name
	at sun.security.ssl.Alerts.getSSLException(Alerts.java:198)
	at sun.security.ssl.SSLSocketImpl.fatal(SSLSocketImpl.java:1967)
	at sun.security.ssl.Handshaker.fatalSE(Handshaker.java:331)
	at sun.security.ssl.Handshaker.fatalSE(Handshaker.java:325)
	at sun.security.ssl.ClientHandshaker.serverCertificate(ClientHandshaker.java:1688)
	at sun.security.ssl.ClientHandshaker.processMessage(ClientHandshaker.java:226)
	at sun.security.ssl.Handshaker.processLoop(Handshaker.java:1082)
	at sun.security.ssl.Handshaker.process_record(Handshaker.java:1010)
	at sun.security.ssl.SSLSocketImpl.readRecord(SSLSocketImpl.java:1079)
	at sun.security.ssl.SSLSocketImpl.performInitialHandshake(SSLSocketImpl.java:1388)
	at sun.security.ssl.SSLSocketImpl.startHandshake(SSLSocketImpl.java:1416)
	at sun.security.ssl.SSLSocketImpl.startHandshake(SSLSocketImpl.java:1400)
	at org.apache.zookeeper.client.FourLetterWordMain.send4LetterWord(FourLetterWordMain.java:105)
	at org.apache.zookeeper.client.FourLetterWordMain.send4LetterWord(FourLetterWordMain.java:73)
	at org.apache.zookeeper.test.ClientBase.waitForServerUp(ClientBase.java:261)
	at org.apache.zookeeper.test.ClientBase.startServerInstance(ClientBase.java:401)
	at org.apache.zookeeper.test.ClientBase.startServer(ClientBase.java:516)
	at org.apache.zookeeper.test.ClientBase.setUpWithServerId(ClientBase.java:499)
	at org.apache.zookeeper.test.ClientBase.setUp(ClientBase.java:474)
	at org.apache.zookeeper.test.SaslDigestAuthOverSSLTest.setUp(SaslDigestAuthOverSSLTest.java:62)
	at sun.reflect.NativeMethodAccessorImpl.invoke0(Native Method)
	at sun.reflect.NativeMethodAccessorImpl.invoke(NativeMethodAccessorImpl.java:62)
	at sun.reflect.DelegatingMethodAccessorImpl.invoke(DelegatingMethodAccessorImpl.java:43)
	at java.lang.reflect.Method.invoke(Method.java:498)
	at org.junit.runners.model.FrameworkMethod$1.runReflectiveCall(FrameworkMethod.java:50)
	at org.junit.internal.runners.model.ReflectiveCallable.run(ReflectiveCallable.java:12)
	at org.junit.runners.model.FrameworkMethod.invokeExplosively(FrameworkMethod.java:47)
	at mockit.integration.junit4.JUnit4TestRunnerDecorator.invokeExplosively(JUnit4TestRunnerDecorator.java:49)
	at mockit.integration.junit4.FakeFrameworkMethod.invokeExplosively(FakeFrameworkMethod.java:29)
	at org.junit.runners.model.FrameworkMethod.invokeExplosively(FrameworkMethod.java)
	at org.junit.internal.runners.statements.RunBefores.evaluate(RunBefores.java:24)
	at org.junit.internal.runners.statements.RunAfters.evaluate(RunAfters.java:27)
	at org.junit.rules.TestWatcher$1.evaluate(TestWatcher.java:55)
	at org.junit.rules.RunRules.evaluate(RunRules.java:20)
	at org.junit.runners.ParentRunner.runLeaf(ParentRunner.java:325)
	at org.junit.runners.BlockJUnit4ClassRunner.runChild(BlockJUnit4ClassRunner.java:78)
	at org.junit.runners.BlockJUnit4ClassRunner.runChild(BlockJUnit4ClassRunner.java:57)
	at org.junit.runners.ParentRunner$3.run(ParentRunner.java:290)
	at org.junit.runners.ParentRunner$1.schedule(ParentRunner.java:71)
	at org.junit.runners.ParentRunner.runChildren(ParentRunner.java:288)
	at org.junit.runners.ParentRunner.access$000(ParentRunner.java:58)
	at org.junit.runners.ParentRunner$2.evaluate(ParentRunner.java:268)
	at org.junit.internal.runners.statements.RunBefores.evaluate(RunBefores.java:26)
	at org.junit.runners.ParentRunner.run(ParentRunner.java:363)
	at org.apache.maven.surefire.junit4.JUnit4Provider.execute(JUnit4Provider.java:365)
	at org.apache.maven.surefire.junit4.JUnit4Provider.executeWithRerun(JUnit4Provider.java:273)
	at org.apache.maven.surefire.junit4.JUnit4Provider.executeTestSet(JUnit4Provider.java:238)
	at org.apache.maven.surefire.junit4.JUnit4Provider.invoke(JUnit4Provider.java:159)
	at org.apache.maven.surefire.booter.ForkedBooter.invokeProviderInSameClassLoader(ForkedBooter.java:384)
	at org.apache.maven.surefire.booter.ForkedBooter.runSuitesInProcess(ForkedBooter.java:345)
	at org.apache.maven.surefire.booter.ForkedBooter.execute(ForkedBooter.java:126)
	at org.apache.maven.surefire.booter.ForkedBooter.main(ForkedBooter.java:418)
Caused by: java.security.cert.CertificateException: Failed to verify both host address and host name
	at org.apache.zookeeper.common.ZKTrustManager.performHostVerification(ZKTrustManager.java:163)
	at org.apache.zookeeper.common.ZKTrustManager.checkServerTrusted(ZKTrustManager.java:90)
	at sun.security.ssl.ClientHandshaker.serverCertificate(ClientHandshaker.java:1670)
	... 47 more
Caused by: javax.net.ssl.SSLPeerUnverifiedException: Certificate for <activate.navicat.com> doesn't match common name of the certificate subject: localhost
	at org.apache.zookeeper.common.ZKHostnameVerifier.matchCN(ZKHostnameVerifier.java:238)
	at org.apache.zookeeper.common.ZKHostnameVerifier.verify(ZKHostnameVerifier.java:184)
	at org.apache.zookeeper.common.ZKTrustManager.performHostVerification(ZKTrustManager.java:159)
	... 49 more
2020-06-22 14:22:36,165 [myid:] - ERROR [nioEventLoopGroup-4-11:NettyServerCnxnFactory$CertificateVerifier@434] - Unsuccessful handshake with session 0x0
2020-06-22 14:22:36,167 [myid:] - WARN  [nioEventLoopGroup-4-11:NettyServerCnxnFactory$CnxnChannelHandler@273] - Exception caught
io.netty.handler.codec.DecoderException: javax.net.ssl.SSLException: Received fatal alert: certificate_unknown
	at io.netty.handler.codec.ByteToMessageDecoder.callDecode(ByteToMessageDecoder.java:468)
	at io.netty.handler.codec.ByteToMessageDecoder.channelRead(ByteToMessageDecoder.java:276)
	at io.netty.channel.AbstractChannelHandlerContext.invokeChannelRead(AbstractChannelHandlerContext.java:379)
	at io.netty.channel.AbstractChannelHandlerContext.invokeChannelRead(AbstractChannelHandlerContext.java:365)
	at io.netty.channel.AbstractChannelHandlerContext.fireChannelRead(AbstractChannelHandlerContext.java:357)
	at io.netty.channel.DefaultChannelPipeline$HeadContext.channelRead(DefaultChannelPipeline.java:1410)
	at io.netty.channel.AbstractChannelHandlerContext.invokeChannelRead(AbstractChannelHandlerContext.java:379)
	at io.netty.channel.AbstractChannelHandlerContext.invokeChannelRead(AbstractChannelHandlerContext.java:365)
	at io.netty.channel.DefaultChannelPipeline.fireChannelRead(DefaultChannelPipeline.java:919)
	at io.netty.channel.nio.AbstractNioByteChannel$NioByteUnsafe.read(AbstractNioByteChannel.java:163)
	at io.netty.channel.nio.NioEventLoop.processSelectedKey(NioEventLoop.java:714)
	at io.netty.channel.nio.NioEventLoop.processSelectedKeysOptimized(NioEventLoop.java:650)
	at io.netty.channel.nio.NioEventLoop.processSelectedKeys(NioEventLoop.java:576)
	at io.netty.channel.nio.NioEventLoop.run(NioEventLoop.java:493)
	at io.netty.util.concurrent.SingleThreadEventExecutor$4.run(SingleThreadEventExecutor.java:989)
	at io.netty.util.internal.ThreadExecutorMap$2.run(ThreadExecutorMap.java:74)
	at io.netty.util.concurrent.FastThreadLocalRunnable.run(FastThreadLocalRunnable.java:30)
	at java.lang.Thread.run(Thread.java:748)
Caused by: javax.net.ssl.SSLException: Received fatal alert: certificate_unknown
	at sun.security.ssl.Alerts.getSSLException(Alerts.java:214)
	at sun.security.ssl.SSLEngineImpl.fatal(SSLEngineImpl.java:1667)
	at sun.security.ssl.SSLEngineImpl.fatal(SSLEngineImpl.java:1635)
	at sun.security.ssl.SSLEngineImpl.recvAlert(SSLEngineImpl.java:1801)
	at sun.security.ssl.SSLEngineImpl.readRecord(SSLEngineImpl.java:1090)
	at sun.security.ssl.SSLEngineImpl.readNetRecord(SSLEngineImpl.java:913)
	at sun.security.ssl.SSLEngineImpl.unwrap(SSLEngineImpl.java:783)
	at javax.net.ssl.SSLEngine.unwrap(SSLEngine.java:626)
	at io.netty.handler.ssl.SslHandler$SslEngineType$3.unwrap(SslHandler.java:281)
	at io.netty.handler.ssl.SslHandler.unwrap(SslHandler.java:1340)
	at io.netty.handler.ssl.SslHandler.decodeJdkCompatible(SslHandler.java:1235)
	at io.netty.handler.ssl.SslHandler.decode(SslHandler.java:1282)
	at io.netty.handler.codec.ByteToMessageDecoder.decodeRemovalReentryProtection(ByteToMessageDecoder.java:498)
	at io.netty.handler.codec.ByteToMessageDecoder.callDecode(ByteToMessageDecoder.java:437)
	... 17 more
2020-06-22 14:22:36,168 [myid:] - WARN  [nioEventLoopGroup-4-11:NettyServerCnxnFactory$CnxnChannelHandler@273] - Exception caught
io.netty.handler.codec.DecoderException: javax.net.ssl.SSLException: Received fatal alert: certificate_unknown
	at io.netty.handler.codec.ByteToMessageDecoder.callDecode(ByteToMessageDecoder.java:468)
	at io.netty.handler.codec.ByteToMessageDecoder.channelInputClosed(ByteToMessageDecoder.java:401)
	at io.netty.handler.codec.ByteToMessageDecoder.channelInputClosed(ByteToMessageDecoder.java:368)
	at io.netty.handler.codec.ByteToMessageDecoder.channelInactive(ByteToMessageDecoder.java:351)
	at io.netty.handler.ssl.SslHandler.channelInactive(SslHandler.java:1084)
	at io.netty.channel.AbstractChannelHandlerContext.invokeChannelInactive(AbstractChannelHandlerContext.java:262)
	at io.netty.channel.AbstractChannelHandlerContext.invokeChannelInactive(AbstractChannelHandlerContext.java:248)
	at io.netty.channel.AbstractChannelHandlerContext.fireChannelInactive(AbstractChannelHandlerContext.java:241)
	at io.netty.channel.DefaultChannelPipeline$HeadContext.channelInactive(DefaultChannelPipeline.java:1405)
	at io.netty.channel.AbstractChannelHandlerContext.invokeChannelInactive(AbstractChannelHandlerContext.java:262)
	at io.netty.channel.AbstractChannelHandlerContext.invokeChannelInactive(AbstractChannelHandlerContext.java:248)
	at io.netty.channel.DefaultChannelPipeline.fireChannelInactive(DefaultChannelPipeline.java:901)
	at io.netty.channel.AbstractChannel$AbstractUnsafe$8.run(AbstractChannel.java:818)
	at io.netty.util.concurrent.AbstractEventExecutor.safeExecute(AbstractEventExecutor.java:164)
	at io.netty.util.concurrent.SingleThreadEventExecutor.runAllTasks(SingleThreadEventExecutor.java:472)
	at io.netty.channel.nio.NioEventLoop.run(NioEventLoop.java:497)
	at io.netty.util.concurrent.SingleThreadEventExecutor$4.run(SingleThreadEventExecutor.java:989)
	at io.netty.util.internal.ThreadExecutorMap$2.run(ThreadExecutorMap.java:74)
	at io.netty.util.concurrent.FastThreadLocalRunnable.run(FastThreadLocalRunnable.java:30)
	at java.lang.Thread.run(Thread.java:748)
Caused by: javax.net.ssl.SSLException: Received fatal alert: certificate_unknown
	at sun.security.ssl.Alerts.getSSLException(Alerts.java:214)
	at sun.security.ssl.SSLEngineImpl.fatal(SSLEngineImpl.java:1667)
	at sun.security.ssl.SSLEngineImpl.fatal(SSLEngineImpl.java:1635)
	at sun.security.ssl.SSLEngineImpl.recvAlert(SSLEngineImpl.java:1801)
	at sun.security.ssl.SSLEngineImpl.readRecord(SSLEngineImpl.java:1090)
	at sun.security.ssl.SSLEngineImpl.readNetRecord(SSLEngineImpl.java:913)
	at sun.security.ssl.SSLEngineImpl.unwrap(SSLEngineImpl.java:783)
	at javax.net.ssl.SSLEngine.unwrap(SSLEngine.java:626)
	at io.netty.handler.ssl.SslHandler$SslEngineType$3.unwrap(SslHandler.java:281)
	at io.netty.handler.ssl.SslHandler.unwrap(SslHandler.java:1340)
	at io.netty.handler.ssl.SslHandler.decodeJdkCompatible(SslHandler.java:1235)
	at io.netty.handler.ssl.SslHandler.decode(SslHandler.java:1282)
	at io.netty.handler.codec.ByteToMessageDecoder.decodeRemovalReentryProtection(ByteToMessageDecoder.java:498)
	at io.netty.handler.codec.ByteToMessageDecoder.callDecode(ByteToMessageDecoder.java:437)
	... 19 more
2020-06-22 14:22:36,417 [myid:] - INFO  [main:FourLetterWordMain@93] - connecting to 127.0.0.1 21995
2020-06-22 14:22:36,417 [myid:] - INFO  [main:FourLetterWordMain@99] - using secure socket
2020-06-22 14:22:36,426 [myid:] - ERROR [main:ZKTrustManager@161] - Failed to verify host address: 127.0.0.1
javax.net.ssl.SSLPeerUnverifiedException: Certificate for <127.0.0.1> doesn't match common name of the certificate subject: localhost
	at org.apache.zookeeper.common.ZKHostnameVerifier.matchCN(ZKHostnameVerifier.java:238)
	at org.apache.zookeeper.common.ZKHostnameVerifier.verify(ZKHostnameVerifier.java:184)
	at org.apache.zookeeper.common.ZKTrustManager.performHostVerification(ZKTrustManager.java:151)
	at org.apache.zookeeper.common.ZKTrustManager.checkServerTrusted(ZKTrustManager.java:90)
	at sun.security.ssl.ClientHandshaker.serverCertificate(ClientHandshaker.java:1670)
	at sun.security.ssl.ClientHandshaker.processMessage(ClientHandshaker.java:226)
	at sun.security.ssl.Handshaker.processLoop(Handshaker.java:1082)
	at sun.security.ssl.Handshaker.process_record(Handshaker.java:1010)
	at sun.security.ssl.SSLSocketImpl.readRecord(SSLSocketImpl.java:1079)
	at sun.security.ssl.SSLSocketImpl.performInitialHandshake(SSLSocketImpl.java:1388)
	at sun.security.ssl.SSLSocketImpl.startHandshake(SSLSocketImpl.java:1416)
	at sun.security.ssl.SSLSocketImpl.startHandshake(SSLSocketImpl.java:1400)
	at org.apache.zookeeper.client.FourLetterWordMain.send4LetterWord(FourLetterWordMain.java:105)
	at org.apache.zookeeper.client.FourLetterWordMain.send4LetterWord(FourLetterWordMain.java:73)
	at org.apache.zookeeper.test.ClientBase.waitForServerUp(ClientBase.java:261)
	at org.apache.zookeeper.test.ClientBase.startServerInstance(ClientBase.java:401)
	at org.apache.zookeeper.test.ClientBase.startServer(ClientBase.java:516)
	at org.apache.zookeeper.test.ClientBase.setUpWithServerId(ClientBase.java:499)
	at org.apache.zookeeper.test.ClientBase.setUp(ClientBase.java:474)
	at org.apache.zookeeper.test.SaslDigestAuthOverSSLTest.setUp(SaslDigestAuthOverSSLTest.java:62)
	at sun.reflect.NativeMethodAccessorImpl.invoke0(Native Method)
	at sun.reflect.NativeMethodAccessorImpl.invoke(NativeMethodAccessorImpl.java:62)
	at sun.reflect.DelegatingMethodAccessorImpl.invoke(DelegatingMethodAccessorImpl.java:43)
	at java.lang.reflect.Method.invoke(Method.java:498)
	at org.junit.runners.model.FrameworkMethod$1.runReflectiveCall(FrameworkMethod.java:50)
	at org.junit.internal.runners.model.ReflectiveCallable.run(ReflectiveCallable.java:12)
	at org.junit.runners.model.FrameworkMethod.invokeExplosively(FrameworkMethod.java:47)
	at mockit.integration.junit4.JUnit4TestRunnerDecorator.invokeExplosively(JUnit4TestRunnerDecorator.java:49)
	at mockit.integration.junit4.FakeFrameworkMethod.invokeExplosively(FakeFrameworkMethod.java:29)
	at org.junit.runners.model.FrameworkMethod.invokeExplosively(FrameworkMethod.java)
	at org.junit.internal.runners.statements.RunBefores.evaluate(RunBefores.java:24)
	at org.junit.internal.runners.statements.RunAfters.evaluate(RunAfters.java:27)
	at org.junit.rules.TestWatcher$1.evaluate(TestWatcher.java:55)
	at org.junit.rules.RunRules.evaluate(RunRules.java:20)
	at org.junit.runners.ParentRunner.runLeaf(ParentRunner.java:325)
	at org.junit.runners.BlockJUnit4ClassRunner.runChild(BlockJUnit4ClassRunner.java:78)
	at org.junit.runners.BlockJUnit4ClassRunner.runChild(BlockJUnit4ClassRunner.java:57)
	at org.junit.runners.ParentRunner$3.run(ParentRunner.java:290)
	at org.junit.runners.ParentRunner$1.schedule(ParentRunner.java:71)
	at org.junit.runners.ParentRunner.runChildren(ParentRunner.java:288)
	at org.junit.runners.ParentRunner.access$000(ParentRunner.java:58)
	at org.junit.runners.ParentRunner$2.evaluate(ParentRunner.java:268)
	at org.junit.internal.runners.statements.RunBefores.evaluate(RunBefores.java:26)
	at org.junit.runners.ParentRunner.run(ParentRunner.java:363)
	at org.apache.maven.surefire.junit4.JUnit4Provider.execute(JUnit4Provider.java:365)
	at org.apache.maven.surefire.junit4.JUnit4Provider.executeWithRerun(JUnit4Provider.java:273)
	at org.apache.maven.surefire.junit4.JUnit4Provider.executeTestSet(JUnit4Provider.java:238)
	at org.apache.maven.surefire.junit4.JUnit4Provider.invoke(JUnit4Provider.java:159)
	at org.apache.maven.surefire.booter.ForkedBooter.invokeProviderInSameClassLoader(ForkedBooter.java:384)
	at org.apache.maven.surefire.booter.ForkedBooter.runSuitesInProcess(ForkedBooter.java:345)
	at org.apache.maven.surefire.booter.ForkedBooter.execute(ForkedBooter.java:126)
	at org.apache.maven.surefire.booter.ForkedBooter.main(ForkedBooter.java:418)
2020-06-22 14:22:36,427 [myid:] - ERROR [main:ZKTrustManager@162] - Failed to verify hostname: activate.navicat.com
javax.net.ssl.SSLPeerUnverifiedException: Certificate for <activate.navicat.com> doesn't match common name of the certificate subject: localhost
	at org.apache.zookeeper.common.ZKHostnameVerifier.matchCN(ZKHostnameVerifier.java:238)
	at org.apache.zookeeper.common.ZKHostnameVerifier.verify(ZKHostnameVerifier.java:184)
	at org.apache.zookeeper.common.ZKTrustManager.performHostVerification(ZKTrustManager.java:159)
	at org.apache.zookeeper.common.ZKTrustManager.checkServerTrusted(ZKTrustManager.java:90)
	at sun.security.ssl.ClientHandshaker.serverCertificate(ClientHandshaker.java:1670)
	at sun.security.ssl.ClientHandshaker.processMessage(ClientHandshaker.java:226)
	at sun.security.ssl.Handshaker.processLoop(Handshaker.java:1082)
	at sun.security.ssl.Handshaker.process_record(Handshaker.java:1010)
	at sun.security.ssl.SSLSocketImpl.readRecord(SSLSocketImpl.java:1079)
	at sun.security.ssl.SSLSocketImpl.performInitialHandshake(SSLSocketImpl.java:1388)
	at sun.security.ssl.SSLSocketImpl.startHandshake(SSLSocketImpl.java:1416)
	at sun.security.ssl.SSLSocketImpl.startHandshake(SSLSocketImpl.java:1400)
	at org.apache.zookeeper.client.FourLetterWordMain.send4LetterWord(FourLetterWordMain.java:105)
	at org.apache.zookeeper.client.FourLetterWordMain.send4LetterWord(FourLetterWordMain.java:73)
	at org.apache.zookeeper.test.ClientBase.waitForServerUp(ClientBase.java:261)
	at org.apache.zookeeper.test.ClientBase.startServerInstance(ClientBase.java:401)
	at org.apache.zookeeper.test.ClientBase.startServer(ClientBase.java:516)
	at org.apache.zookeeper.test.ClientBase.setUpWithServerId(ClientBase.java:499)
	at org.apache.zookeeper.test.ClientBase.setUp(ClientBase.java:474)
	at org.apache.zookeeper.test.SaslDigestAuthOverSSLTest.setUp(SaslDigestAuthOverSSLTest.java:62)
	at sun.reflect.NativeMethodAccessorImpl.invoke0(Native Method)
	at sun.reflect.NativeMethodAccessorImpl.invoke(NativeMethodAccessorImpl.java:62)
	at sun.reflect.DelegatingMethodAccessorImpl.invoke(DelegatingMethodAccessorImpl.java:43)
	at java.lang.reflect.Method.invoke(Method.java:498)
	at org.junit.runners.model.FrameworkMethod$1.runReflectiveCall(FrameworkMethod.java:50)
	at org.junit.internal.runners.model.ReflectiveCallable.run(ReflectiveCallable.java:12)
	at org.junit.runners.model.FrameworkMethod.invokeExplosively(FrameworkMethod.java:47)
	at mockit.integration.junit4.JUnit4TestRunnerDecorator.invokeExplosively(JUnit4TestRunnerDecorator.java:49)
	at mockit.integration.junit4.FakeFrameworkMethod.invokeExplosively(FakeFrameworkMethod.java:29)
	at org.junit.runners.model.FrameworkMethod.invokeExplosively(FrameworkMethod.java)
	at org.junit.internal.runners.statements.RunBefores.evaluate(RunBefores.java:24)
	at org.junit.internal.runners.statements.RunAfters.evaluate(RunAfters.java:27)
	at org.junit.rules.TestWatcher$1.evaluate(TestWatcher.java:55)
	at org.junit.rules.RunRules.evaluate(RunRules.java:20)
	at org.junit.runners.ParentRunner.runLeaf(ParentRunner.java:325)
	at org.junit.runners.BlockJUnit4ClassRunner.runChild(BlockJUnit4ClassRunner.java:78)
	at org.junit.runners.BlockJUnit4ClassRunner.runChild(BlockJUnit4ClassRunner.java:57)
	at org.junit.runners.ParentRunner$3.run(ParentRunner.java:290)
	at org.junit.runners.ParentRunner$1.schedule(ParentRunner.java:71)
	at org.junit.runners.ParentRunner.runChildren(ParentRunner.java:288)
	at org.junit.runners.ParentRunner.access$000(ParentRunner.java:58)
	at org.junit.runners.ParentRunner$2.evaluate(ParentRunner.java:268)
	at org.junit.internal.runners.statements.RunBefores.evaluate(RunBefores.java:26)
	at org.junit.runners.ParentRunner.run(ParentRunner.java:363)
	at org.apache.maven.surefire.junit4.JUnit4Provider.execute(JUnit4Provider.java:365)
	at org.apache.maven.surefire.junit4.JUnit4Provider.executeWithRerun(JUnit4Provider.java:273)
	at org.apache.maven.surefire.junit4.JUnit4Provider.executeTestSet(JUnit4Provider.java:238)
	at org.apache.maven.surefire.junit4.JUnit4Provider.invoke(JUnit4Provider.java:159)
	at org.apache.maven.surefire.booter.ForkedBooter.invokeProviderInSameClassLoader(ForkedBooter.java:384)
	at org.apache.maven.surefire.booter.ForkedBooter.runSuitesInProcess(ForkedBooter.java:345)
	at org.apache.maven.surefire.booter.ForkedBooter.execute(ForkedBooter.java:126)
	at org.apache.maven.surefire.booter.ForkedBooter.main(ForkedBooter.java:418)
2020-06-22 14:22:36,427 [myid:] - INFO  [main:ClientBase@270] - server 127.0.0.1:21995 not up
javax.net.ssl.SSLHandshakeException: java.security.cert.CertificateException: Failed to verify both host address and host name
	at sun.security.ssl.Alerts.getSSLException(Alerts.java:198)
	at sun.security.ssl.SSLSocketImpl.fatal(SSLSocketImpl.java:1967)
	at sun.security.ssl.Handshaker.fatalSE(Handshaker.java:331)
	at sun.security.ssl.Handshaker.fatalSE(Handshaker.java:325)
	at sun.security.ssl.ClientHandshaker.serverCertificate(ClientHandshaker.java:1688)
	at sun.security.ssl.ClientHandshaker.processMessage(ClientHandshaker.java:226)
	at sun.security.ssl.Handshaker.processLoop(Handshaker.java:1082)
	at sun.security.ssl.Handshaker.process_record(Handshaker.java:1010)
	at sun.security.ssl.SSLSocketImpl.readRecord(SSLSocketImpl.java:1079)
	at sun.security.ssl.SSLSocketImpl.performInitialHandshake(SSLSocketImpl.java:1388)
	at sun.security.ssl.SSLSocketImpl.startHandshake(SSLSocketImpl.java:1416)
	at sun.security.ssl.SSLSocketImpl.startHandshake(SSLSocketImpl.java:1400)
	at org.apache.zookeeper.client.FourLetterWordMain.send4LetterWord(FourLetterWordMain.java:105)
	at org.apache.zookeeper.client.FourLetterWordMain.send4LetterWord(FourLetterWordMain.java:73)
	at org.apache.zookeeper.test.ClientBase.waitForServerUp(ClientBase.java:261)
	at org.apache.zookeeper.test.ClientBase.startServerInstance(ClientBase.java:401)
	at org.apache.zookeeper.test.ClientBase.startServer(ClientBase.java:516)
	at org.apache.zookeeper.test.ClientBase.setUpWithServerId(ClientBase.java:499)
	at org.apache.zookeeper.test.ClientBase.setUp(ClientBase.java:474)
	at org.apache.zookeeper.test.SaslDigestAuthOverSSLTest.setUp(SaslDigestAuthOverSSLTest.java:62)
	at sun.reflect.NativeMethodAccessorImpl.invoke0(Native Method)
	at sun.reflect.NativeMethodAccessorImpl.invoke(NativeMethodAccessorImpl.java:62)
	at sun.reflect.DelegatingMethodAccessorImpl.invoke(DelegatingMethodAccessorImpl.java:43)
	at java.lang.reflect.Method.invoke(Method.java:498)
	at org.junit.runners.model.FrameworkMethod$1.runReflectiveCall(FrameworkMethod.java:50)
	at org.junit.internal.runners.model.ReflectiveCallable.run(ReflectiveCallable.java:12)
	at org.junit.runners.model.FrameworkMethod.invokeExplosively(FrameworkMethod.java:47)
	at mockit.integration.junit4.JUnit4TestRunnerDecorator.invokeExplosively(JUnit4TestRunnerDecorator.java:49)
	at mockit.integration.junit4.FakeFrameworkMethod.invokeExplosively(FakeFrameworkMethod.java:29)
	at org.junit.runners.model.FrameworkMethod.invokeExplosively(FrameworkMethod.java)
	at org.junit.internal.runners.statements.RunBefores.evaluate(RunBefores.java:24)
	at org.junit.internal.runners.statements.RunAfters.evaluate(RunAfters.java:27)
	at org.junit.rules.TestWatcher$1.evaluate(TestWatcher.java:55)
	at org.junit.rules.RunRules.evaluate(RunRules.java:20)
	at org.junit.runners.ParentRunner.runLeaf(ParentRunner.java:325)
	at org.junit.runners.BlockJUnit4ClassRunner.runChild(BlockJUnit4ClassRunner.java:78)
	at org.junit.runners.BlockJUnit4ClassRunner.runChild(BlockJUnit4ClassRunner.java:57)
	at org.junit.runners.ParentRunner$3.run(ParentRunner.java:290)
	at org.junit.runners.ParentRunner$1.schedule(ParentRunner.java:71)
	at org.junit.runners.ParentRunner.runChildren(ParentRunner.java:288)
	at org.junit.runners.ParentRunner.access$000(ParentRunner.java:58)
	at org.junit.runners.ParentRunner$2.evaluate(ParentRunner.java:268)
	at org.junit.internal.runners.statements.RunBefores.evaluate(RunBefores.java:26)
	at org.junit.runners.ParentRunner.run(ParentRunner.java:363)
	at org.apache.maven.surefire.junit4.JUnit4Provider.execute(JUnit4Provider.java:365)
	at org.apache.maven.surefire.junit4.JUnit4Provider.executeWithRerun(JUnit4Provider.java:273)
	at org.apache.maven.surefire.junit4.JUnit4Provider.executeTestSet(JUnit4Provider.java:238)
	at org.apache.maven.surefire.junit4.JUnit4Provider.invoke(JUnit4Provider.java:159)
	at org.apache.maven.surefire.booter.ForkedBooter.invokeProviderInSameClassLoader(ForkedBooter.java:384)
	at org.apache.maven.surefire.booter.ForkedBooter.runSuitesInProcess(ForkedBooter.java:345)
	at org.apache.maven.surefire.booter.ForkedBooter.execute(ForkedBooter.java:126)
	at org.apache.maven.surefire.booter.ForkedBooter.main(ForkedBooter.java:418)
Caused by: java.security.cert.CertificateException: Failed to verify both host address and host name
	at org.apache.zookeeper.common.ZKTrustManager.performHostVerification(ZKTrustManager.java:163)
	at org.apache.zookeeper.common.ZKTrustManager.checkServerTrusted(ZKTrustManager.java:90)
	at sun.security.ssl.ClientHandshaker.serverCertificate(ClientHandshaker.java:1670)
	... 47 more
Caused by: javax.net.ssl.SSLPeerUnverifiedException: Certificate for <activate.navicat.com> doesn't match common name of the certificate subject: localhost
	at org.apache.zookeeper.common.ZKHostnameVerifier.matchCN(ZKHostnameVerifier.java:238)
	at org.apache.zookeeper.common.ZKHostnameVerifier.verify(ZKHostnameVerifier.java:184)
	at org.apache.zookeeper.common.ZKTrustManager.performHostVerification(ZKTrustManager.java:159)
	... 49 more
2020-06-22 14:22:36,427 [myid:] - ERROR [nioEventLoopGroup-4-12:NettyServerCnxnFactory$CertificateVerifier@434] - Unsuccessful handshake with session 0x0
2020-06-22 14:22:36,428 [myid:] - WARN  [nioEventLoopGroup-4-12:NettyServerCnxnFactory$CnxnChannelHandler@273] - Exception caught
io.netty.handler.codec.DecoderException: javax.net.ssl.SSLException: Received fatal alert: certificate_unknown
	at io.netty.handler.codec.ByteToMessageDecoder.callDecode(ByteToMessageDecoder.java:468)
	at io.netty.handler.codec.ByteToMessageDecoder.channelRead(ByteToMessageDecoder.java:276)
	at io.netty.channel.AbstractChannelHandlerContext.invokeChannelRead(AbstractChannelHandlerContext.java:379)
	at io.netty.channel.AbstractChannelHandlerContext.invokeChannelRead(AbstractChannelHandlerContext.java:365)
	at io.netty.channel.AbstractChannelHandlerContext.fireChannelRead(AbstractChannelHandlerContext.java:357)
	at io.netty.channel.DefaultChannelPipeline$HeadContext.channelRead(DefaultChannelPipeline.java:1410)
	at io.netty.channel.AbstractChannelHandlerContext.invokeChannelRead(AbstractChannelHandlerContext.java:379)
	at io.netty.channel.AbstractChannelHandlerContext.invokeChannelRead(AbstractChannelHandlerContext.java:365)
	at io.netty.channel.DefaultChannelPipeline.fireChannelRead(DefaultChannelPipeline.java:919)
	at io.netty.channel.nio.AbstractNioByteChannel$NioByteUnsafe.read(AbstractNioByteChannel.java:163)
	at io.netty.channel.nio.NioEventLoop.processSelectedKey(NioEventLoop.java:714)
	at io.netty.channel.nio.NioEventLoop.processSelectedKeysOptimized(NioEventLoop.java:650)
	at io.netty.channel.nio.NioEventLoop.processSelectedKeys(NioEventLoop.java:576)
	at io.netty.channel.nio.NioEventLoop.run(NioEventLoop.java:493)
	at io.netty.util.concurrent.SingleThreadEventExecutor$4.run(SingleThreadEventExecutor.java:989)
	at io.netty.util.internal.ThreadExecutorMap$2.run(ThreadExecutorMap.java:74)
	at io.netty.util.concurrent.FastThreadLocalRunnable.run(FastThreadLocalRunnable.java:30)
	at java.lang.Thread.run(Thread.java:748)
Caused by: javax.net.ssl.SSLException: Received fatal alert: certificate_unknown
	at sun.security.ssl.Alerts.getSSLException(Alerts.java:214)
	at sun.security.ssl.SSLEngineImpl.fatal(SSLEngineImpl.java:1667)
	at sun.security.ssl.SSLEngineImpl.fatal(SSLEngineImpl.java:1635)
	at sun.security.ssl.SSLEngineImpl.recvAlert(SSLEngineImpl.java:1801)
	at sun.security.ssl.SSLEngineImpl.readRecord(SSLEngineImpl.java:1090)
	at sun.security.ssl.SSLEngineImpl.readNetRecord(SSLEngineImpl.java:913)
	at sun.security.ssl.SSLEngineImpl.unwrap(SSLEngineImpl.java:783)
	at javax.net.ssl.SSLEngine.unwrap(SSLEngine.java:626)
	at io.netty.handler.ssl.SslHandler$SslEngineType$3.unwrap(SslHandler.java:281)
	at io.netty.handler.ssl.SslHandler.unwrap(SslHandler.java:1340)
	at io.netty.handler.ssl.SslHandler.decodeJdkCompatible(SslHandler.java:1235)
	at io.netty.handler.ssl.SslHandler.decode(SslHandler.java:1282)
	at io.netty.handler.codec.ByteToMessageDecoder.decodeRemovalReentryProtection(ByteToMessageDecoder.java:498)
	at io.netty.handler.codec.ByteToMessageDecoder.callDecode(ByteToMessageDecoder.java:437)
	... 17 more
2020-06-22 14:22:36,429 [myid:] - WARN  [nioEventLoopGroup-4-12:NettyServerCnxnFactory$CnxnChannelHandler@273] - Exception caught
io.netty.handler.codec.DecoderException: javax.net.ssl.SSLException: Received fatal alert: certificate_unknown
	at io.netty.handler.codec.ByteToMessageDecoder.callDecode(ByteToMessageDecoder.java:468)
	at io.netty.handler.codec.ByteToMessageDecoder.channelInputClosed(ByteToMessageDecoder.java:401)
	at io.netty.handler.codec.ByteToMessageDecoder.channelInputClosed(ByteToMessageDecoder.java:368)
	at io.netty.handler.codec.ByteToMessageDecoder.channelInactive(ByteToMessageDecoder.java:351)
	at io.netty.handler.ssl.SslHandler.channelInactive(SslHandler.java:1084)
	at io.netty.channel.AbstractChannelHandlerContext.invokeChannelInactive(AbstractChannelHandlerContext.java:262)
	at io.netty.channel.AbstractChannelHandlerContext.invokeChannelInactive(AbstractChannelHandlerContext.java:248)
	at io.netty.channel.AbstractChannelHandlerContext.fireChannelInactive(AbstractChannelHandlerContext.java:241)
	at io.netty.channel.DefaultChannelPipeline$HeadContext.channelInactive(DefaultChannelPipeline.java:1405)
	at io.netty.channel.AbstractChannelHandlerContext.invokeChannelInactive(AbstractChannelHandlerContext.java:262)
	at io.netty.channel.AbstractChannelHandlerContext.invokeChannelInactive(AbstractChannelHandlerContext.java:248)
	at io.netty.channel.DefaultChannelPipeline.fireChannelInactive(DefaultChannelPipeline.java:901)
	at io.netty.channel.AbstractChannel$AbstractUnsafe$8.run(AbstractChannel.java:818)
	at io.netty.util.concurrent.AbstractEventExecutor.safeExecute(AbstractEventExecutor.java:164)
	at io.netty.util.concurrent.SingleThreadEventExecutor.runAllTasks(SingleThreadEventExecutor.java:472)
	at io.netty.channel.nio.NioEventLoop.run(NioEventLoop.java:497)
	at io.netty.util.concurrent.SingleThreadEventExecutor$4.run(SingleThreadEventExecutor.java:989)
	at io.netty.util.internal.ThreadExecutorMap$2.run(ThreadExecutorMap.java:74)
	at io.netty.util.concurrent.FastThreadLocalRunnable.run(FastThreadLocalRunnable.java:30)
	at java.lang.Thread.run(Thread.java:748)
Caused by: javax.net.ssl.SSLException: Received fatal alert: certificate_unknown
	at sun.security.ssl.Alerts.getSSLException(Alerts.java:214)
	at sun.security.ssl.SSLEngineImpl.fatal(SSLEngineImpl.java:1667)
	at sun.security.ssl.SSLEngineImpl.fatal(SSLEngineImpl.java:1635)
	at sun.security.ssl.SSLEngineImpl.recvAlert(SSLEngineImpl.java:1801)
	at sun.security.ssl.SSLEngineImpl.readRecord(SSLEngineImpl.java:1090)
	at sun.security.ssl.SSLEngineImpl.readNetRecord(SSLEngineImpl.java:913)
	at sun.security.ssl.SSLEngineImpl.unwrap(SSLEngineImpl.java:783)
	at javax.net.ssl.SSLEngine.unwrap(SSLEngine.java:626)
	at io.netty.handler.ssl.SslHandler$SslEngineType$3.unwrap(SslHandler.java:281)
	at io.netty.handler.ssl.SslHandler.unwrap(SslHandler.java:1340)
	at io.netty.handler.ssl.SslHandler.decodeJdkCompatible(SslHandler.java:1235)
	at io.netty.handler.ssl.SslHandler.decode(SslHandler.java:1282)
	at io.netty.handler.codec.ByteToMessageDecoder.decodeRemovalReentryProtection(ByteToMessageDecoder.java:498)
	at io.netty.handler.codec.ByteToMessageDecoder.callDecode(ByteToMessageDecoder.java:437)
	... 19 more
2020-06-22 14:22:36,678 [myid:] - INFO  [main:FourLetterWordMain@93] - connecting to 127.0.0.1 21995
2020-06-22 14:22:36,678 [myid:] - INFO  [main:FourLetterWordMain@99] - using secure socket
2020-06-22 14:22:36,689 [myid:] - ERROR [main:ZKTrustManager@161] - Failed to verify host address: 127.0.0.1
javax.net.ssl.SSLPeerUnverifiedException: Certificate for <127.0.0.1> doesn't match common name of the certificate subject: localhost
	at org.apache.zookeeper.common.ZKHostnameVerifier.matchCN(ZKHostnameVerifier.java:238)
	at org.apache.zookeeper.common.ZKHostnameVerifier.verify(ZKHostnameVerifier.java:184)
	at org.apache.zookeeper.common.ZKTrustManager.performHostVerification(ZKTrustManager.java:151)
	at org.apache.zookeeper.common.ZKTrustManager.checkServerTrusted(ZKTrustManager.java:90)
	at sun.security.ssl.ClientHandshaker.serverCertificate(ClientHandshaker.java:1670)
	at sun.security.ssl.ClientHandshaker.processMessage(ClientHandshaker.java:226)
	at sun.security.ssl.Handshaker.processLoop(Handshaker.java:1082)
	at sun.security.ssl.Handshaker.process_record(Handshaker.java:1010)
	at sun.security.ssl.SSLSocketImpl.readRecord(SSLSocketImpl.java:1079)
	at sun.security.ssl.SSLSocketImpl.performInitialHandshake(SSLSocketImpl.java:1388)
	at sun.security.ssl.SSLSocketImpl.startHandshake(SSLSocketImpl.java:1416)
	at sun.security.ssl.SSLSocketImpl.startHandshake(SSLSocketImpl.java:1400)
	at org.apache.zookeeper.client.FourLetterWordMain.send4LetterWord(FourLetterWordMain.java:105)
	at org.apache.zookeeper.client.FourLetterWordMain.send4LetterWord(FourLetterWordMain.java:73)
	at org.apache.zookeeper.test.ClientBase.waitForServerUp(ClientBase.java:261)
	at org.apache.zookeeper.test.ClientBase.startServerInstance(ClientBase.java:401)
	at org.apache.zookeeper.test.ClientBase.startServer(ClientBase.java:516)
	at org.apache.zookeeper.test.ClientBase.setUpWithServerId(ClientBase.java:499)
	at org.apache.zookeeper.test.ClientBase.setUp(ClientBase.java:474)
	at org.apache.zookeeper.test.SaslDigestAuthOverSSLTest.setUp(SaslDigestAuthOverSSLTest.java:62)
	at sun.reflect.NativeMethodAccessorImpl.invoke0(Native Method)
	at sun.reflect.NativeMethodAccessorImpl.invoke(NativeMethodAccessorImpl.java:62)
	at sun.reflect.DelegatingMethodAccessorImpl.invoke(DelegatingMethodAccessorImpl.java:43)
	at java.lang.reflect.Method.invoke(Method.java:498)
	at org.junit.runners.model.FrameworkMethod$1.runReflectiveCall(FrameworkMethod.java:50)
	at org.junit.internal.runners.model.ReflectiveCallable.run(ReflectiveCallable.java:12)
	at org.junit.runners.model.FrameworkMethod.invokeExplosively(FrameworkMethod.java:47)
	at mockit.integration.junit4.JUnit4TestRunnerDecorator.invokeExplosively(JUnit4TestRunnerDecorator.java:49)
	at mockit.integration.junit4.FakeFrameworkMethod.invokeExplosively(FakeFrameworkMethod.java:29)
	at org.junit.runners.model.FrameworkMethod.invokeExplosively(FrameworkMethod.java)
	at org.junit.internal.runners.statements.RunBefores.evaluate(RunBefores.java:24)
	at org.junit.internal.runners.statements.RunAfters.evaluate(RunAfters.java:27)
	at org.junit.rules.TestWatcher$1.evaluate(TestWatcher.java:55)
	at org.junit.rules.RunRules.evaluate(RunRules.java:20)
	at org.junit.runners.ParentRunner.runLeaf(ParentRunner.java:325)
	at org.junit.runners.BlockJUnit4ClassRunner.runChild(BlockJUnit4ClassRunner.java:78)
	at org.junit.runners.BlockJUnit4ClassRunner.runChild(BlockJUnit4ClassRunner.java:57)
	at org.junit.runners.ParentRunner$3.run(ParentRunner.java:290)
	at org.junit.runners.ParentRunner$1.schedule(ParentRunner.java:71)
	at org.junit.runners.ParentRunner.runChildren(ParentRunner.java:288)
	at org.junit.runners.ParentRunner.access$000(ParentRunner.java:58)
	at org.junit.runners.ParentRunner$2.evaluate(ParentRunner.java:268)
	at org.junit.internal.runners.statements.RunBefores.evaluate(RunBefores.java:26)
	at org.junit.runners.ParentRunner.run(ParentRunner.java:363)
	at org.apache.maven.surefire.junit4.JUnit4Provider.execute(JUnit4Provider.java:365)
	at org.apache.maven.surefire.junit4.JUnit4Provider.executeWithRerun(JUnit4Provider.java:273)
	at org.apache.maven.surefire.junit4.JUnit4Provider.executeTestSet(JUnit4Provider.java:238)
	at org.apache.maven.surefire.junit4.JUnit4Provider.invoke(JUnit4Provider.java:159)
	at org.apache.maven.surefire.booter.ForkedBooter.invokeProviderInSameClassLoader(ForkedBooter.java:384)
	at org.apache.maven.surefire.booter.ForkedBooter.runSuitesInProcess(ForkedBooter.java:345)
	at org.apache.maven.surefire.booter.ForkedBooter.execute(ForkedBooter.java:126)
	at org.apache.maven.surefire.booter.ForkedBooter.main(ForkedBooter.java:418)
2020-06-22 14:22:36,689 [myid:] - ERROR [main:ZKTrustManager@162] - Failed to verify hostname: activate.navicat.com
javax.net.ssl.SSLPeerUnverifiedException: Certificate for <activate.navicat.com> doesn't match common name of the certificate subject: localhost
	at org.apache.zookeeper.common.ZKHostnameVerifier.matchCN(ZKHostnameVerifier.java:238)
	at org.apache.zookeeper.common.ZKHostnameVerifier.verify(ZKHostnameVerifier.java:184)
	at org.apache.zookeeper.common.ZKTrustManager.performHostVerification(ZKTrustManager.java:159)
	at org.apache.zookeeper.common.ZKTrustManager.checkServerTrusted(ZKTrustManager.java:90)
	at sun.security.ssl.ClientHandshaker.serverCertificate(ClientHandshaker.java:1670)
	at sun.security.ssl.ClientHandshaker.processMessage(ClientHandshaker.java:226)
	at sun.security.ssl.Handshaker.processLoop(Handshaker.java:1082)
	at sun.security.ssl.Handshaker.process_record(Handshaker.java:1010)
	at sun.security.ssl.SSLSocketImpl.readRecord(SSLSocketImpl.java:1079)
	at sun.security.ssl.SSLSocketImpl.performInitialHandshake(SSLSocketImpl.java:1388)
	at sun.security.ssl.SSLSocketImpl.startHandshake(SSLSocketImpl.java:1416)
	at sun.security.ssl.SSLSocketImpl.startHandshake(SSLSocketImpl.java:1400)
	at org.apache.zookeeper.client.FourLetterWordMain.send4LetterWord(FourLetterWordMain.java:105)
	at org.apache.zookeeper.client.FourLetterWordMain.send4LetterWord(FourLetterWordMain.java:73)
	at org.apache.zookeeper.test.ClientBase.waitForServerUp(ClientBase.java:261)
	at org.apache.zookeeper.test.ClientBase.startServerInstance(ClientBase.java:401)
	at org.apache.zookeeper.test.ClientBase.startServer(ClientBase.java:516)
	at org.apache.zookeeper.test.ClientBase.setUpWithServerId(ClientBase.java:499)
	at org.apache.zookeeper.test.ClientBase.setUp(ClientBase.java:474)
	at org.apache.zookeeper.test.SaslDigestAuthOverSSLTest.setUp(SaslDigestAuthOverSSLTest.java:62)
	at sun.reflect.NativeMethodAccessorImpl.invoke0(Native Method)
	at sun.reflect.NativeMethodAccessorImpl.invoke(NativeMethodAccessorImpl.java:62)
	at sun.reflect.DelegatingMethodAccessorImpl.invoke(DelegatingMethodAccessorImpl.java:43)
	at java.lang.reflect.Method.invoke(Method.java:498)
	at org.junit.runners.model.FrameworkMethod$1.runReflectiveCall(FrameworkMethod.java:50)
	at org.junit.internal.runners.model.ReflectiveCallable.run(ReflectiveCallable.java:12)
	at org.junit.runners.model.FrameworkMethod.invokeExplosively(FrameworkMethod.java:47)
	at mockit.integration.junit4.JUnit4TestRunnerDecorator.invokeExplosively(JUnit4TestRunnerDecorator.java:49)
	at mockit.integration.junit4.FakeFrameworkMethod.invokeExplosively(FakeFrameworkMethod.java:29)
	at org.junit.runners.model.FrameworkMethod.invokeExplosively(FrameworkMethod.java)
	at org.junit.internal.runners.statements.RunBefores.evaluate(RunBefores.java:24)
	at org.junit.internal.runners.statements.RunAfters.evaluate(RunAfters.java:27)
	at org.junit.rules.TestWatcher$1.evaluate(TestWatcher.java:55)
	at org.junit.rules.RunRules.evaluate(RunRules.java:20)
	at org.junit.runners.ParentRunner.runLeaf(ParentRunner.java:325)
	at org.junit.runners.BlockJUnit4ClassRunner.runChild(BlockJUnit4ClassRunner.java:78)
	at org.junit.runners.BlockJUnit4ClassRunner.runChild(BlockJUnit4ClassRunner.java:57)
	at org.junit.runners.ParentRunner$3.run(ParentRunner.java:290)
	at org.junit.runners.ParentRunner$1.schedule(ParentRunner.java:71)
	at org.junit.runners.ParentRunner.runChildren(ParentRunner.java:288)
	at org.junit.runners.ParentRunner.access$000(ParentRunner.java:58)
	at org.junit.runners.ParentRunner$2.evaluate(ParentRunner.java:268)
	at org.junit.internal.runners.statements.RunBefores.evaluate(RunBefores.java:26)
	at org.junit.runners.ParentRunner.run(ParentRunner.java:363)
	at org.apache.maven.surefire.junit4.JUnit4Provider.execute(JUnit4Provider.java:365)
	at org.apache.maven.surefire.junit4.JUnit4Provider.executeWithRerun(JUnit4Provider.java:273)
	at org.apache.maven.surefire.junit4.JUnit4Provider.executeTestSet(JUnit4Provider.java:238)
	at org.apache.maven.surefire.junit4.JUnit4Provider.invoke(JUnit4Provider.java:159)
	at org.apache.maven.surefire.booter.ForkedBooter.invokeProviderInSameClassLoader(ForkedBooter.java:384)
	at org.apache.maven.surefire.booter.ForkedBooter.runSuitesInProcess(ForkedBooter.java:345)
	at org.apache.maven.surefire.booter.ForkedBooter.execute(ForkedBooter.java:126)
	at org.apache.maven.surefire.booter.ForkedBooter.main(ForkedBooter.java:418)
2020-06-22 14:22:36,690 [myid:] - INFO  [main:ClientBase@270] - server 127.0.0.1:21995 not up
javax.net.ssl.SSLHandshakeException: java.security.cert.CertificateException: Failed to verify both host address and host name
	at sun.security.ssl.Alerts.getSSLException(Alerts.java:198)
	at sun.security.ssl.SSLSocketImpl.fatal(SSLSocketImpl.java:1967)
	at sun.security.ssl.Handshaker.fatalSE(Handshaker.java:331)
	at sun.security.ssl.Handshaker.fatalSE(Handshaker.java:325)
	at sun.security.ssl.ClientHandshaker.serverCertificate(ClientHandshaker.java:1688)
	at sun.security.ssl.ClientHandshaker.processMessage(ClientHandshaker.java:226)
	at sun.security.ssl.Handshaker.processLoop(Handshaker.java:1082)
	at sun.security.ssl.Handshaker.process_record(Handshaker.java:1010)
	at sun.security.ssl.SSLSocketImpl.readRecord(SSLSocketImpl.java:1079)
	at sun.security.ssl.SSLSocketImpl.performInitialHandshake(SSLSocketImpl.java:1388)
	at sun.security.ssl.SSLSocketImpl.startHandshake(SSLSocketImpl.java:1416)
	at sun.security.ssl.SSLSocketImpl.startHandshake(SSLSocketImpl.java:1400)
	at org.apache.zookeeper.client.FourLetterWordMain.send4LetterWord(FourLetterWordMain.java:105)
	at org.apache.zookeeper.client.FourLetterWordMain.send4LetterWord(FourLetterWordMain.java:73)
	at org.apache.zookeeper.test.ClientBase.waitForServerUp(ClientBase.java:261)
	at org.apache.zookeeper.test.ClientBase.startServerInstance(ClientBase.java:401)
	at org.apache.zookeeper.test.ClientBase.startServer(ClientBase.java:516)
	at org.apache.zookeeper.test.ClientBase.setUpWithServerId(ClientBase.java:499)
	at org.apache.zookeeper.test.ClientBase.setUp(ClientBase.java:474)
	at org.apache.zookeeper.test.SaslDigestAuthOverSSLTest.setUp(SaslDigestAuthOverSSLTest.java:62)
	at sun.reflect.NativeMethodAccessorImpl.invoke0(Native Method)
	at sun.reflect.NativeMethodAccessorImpl.invoke(NativeMethodAccessorImpl.java:62)
	at sun.reflect.DelegatingMethodAccessorImpl.invoke(DelegatingMethodAccessorImpl.java:43)
	at java.lang.reflect.Method.invoke(Method.java:498)
	at org.junit.runners.model.FrameworkMethod$1.runReflectiveCall(FrameworkMethod.java:50)
	at org.junit.internal.runners.model.ReflectiveCallable.run(ReflectiveCallable.java:12)
	at org.junit.runners.model.FrameworkMethod.invokeExplosively(FrameworkMethod.java:47)
	at mockit.integration.junit4.JUnit4TestRunnerDecorator.invokeExplosively(JUnit4TestRunnerDecorator.java:49)
	at mockit.integration.junit4.FakeFrameworkMethod.invokeExplosively(FakeFrameworkMethod.java:29)
	at org.junit.runners.model.FrameworkMethod.invokeExplosively(FrameworkMethod.java)
	at org.junit.internal.runners.statements.RunBefores.evaluate(RunBefores.java:24)
	at org.junit.internal.runners.statements.RunAfters.evaluate(RunAfters.java:27)
	at org.junit.rules.TestWatcher$1.evaluate(TestWatcher.java:55)
	at org.junit.rules.RunRules.evaluate(RunRules.java:20)
	at org.junit.runners.ParentRunner.runLeaf(ParentRunner.java:325)
	at org.junit.runners.BlockJUnit4ClassRunner.runChild(BlockJUnit4ClassRunner.java:78)
	at org.junit.runners.BlockJUnit4ClassRunner.runChild(BlockJUnit4ClassRunner.java:57)
	at org.junit.runners.ParentRunner$3.run(ParentRunner.java:290)
	at org.junit.runners.ParentRunner$1.schedule(ParentRunner.java:71)
	at org.junit.runners.ParentRunner.runChildren(ParentRunner.java:288)
	at org.junit.runners.ParentRunner.access$000(ParentRunner.java:58)
	at org.junit.runners.ParentRunner$2.evaluate(ParentRunner.java:268)
	at org.junit.internal.runners.statements.RunBefores.evaluate(RunBefores.java:26)
	at org.junit.runners.ParentRunner.run(ParentRunner.java:363)
	at org.apache.maven.surefire.junit4.JUnit4Provider.execute(JUnit4Provider.java:365)
	at org.apache.maven.surefire.junit4.JUnit4Provider.executeWithRerun(JUnit4Provider.java:273)
	at org.apache.maven.surefire.junit4.JUnit4Provider.executeTestSet(JUnit4Provider.java:238)
	at org.apache.maven.surefire.junit4.JUnit4Provider.invoke(JUnit4Provider.java:159)
	at org.apache.maven.surefire.booter.ForkedBooter.invokeProviderInSameClassLoader(ForkedBooter.java:384)
	at org.apache.maven.surefire.booter.ForkedBooter.runSuitesInProcess(ForkedBooter.java:345)
	at org.apache.maven.surefire.booter.ForkedBooter.execute(ForkedBooter.java:126)
	at org.apache.maven.surefire.booter.ForkedBooter.main(ForkedBooter.java:418)
Caused by: java.security.cert.CertificateException: Failed to verify both host address and host name
	at org.apache.zookeeper.common.ZKTrustManager.performHostVerification(ZKTrustManager.java:163)
	at org.apache.zookeeper.common.ZKTrustManager.checkServerTrusted(ZKTrustManager.java:90)
	at sun.security.ssl.ClientHandshaker.serverCertificate(ClientHandshaker.java:1670)
	... 47 more
Caused by: javax.net.ssl.SSLPeerUnverifiedException: Certificate for <activate.navicat.com> doesn't match common name of the certificate subject: localhost
	at org.apache.zookeeper.common.ZKHostnameVerifier.matchCN(ZKHostnameVerifier.java:238)
	at org.apache.zookeeper.common.ZKHostnameVerifier.verify(ZKHostnameVerifier.java:184)
	at org.apache.zookeeper.common.ZKTrustManager.performHostVerification(ZKTrustManager.java:159)
	... 49 more
2020-06-22 14:22:36,690 [myid:] - ERROR [nioEventLoopGroup-4-13:NettyServerCnxnFactory$CertificateVerifier@434] - Unsuccessful handshake with session 0x0
2020-06-22 14:22:36,690 [myid:] - WARN  [nioEventLoopGroup-4-13:NettyServerCnxnFactory$CnxnChannelHandler@273] - Exception caught
io.netty.handler.codec.DecoderException: javax.net.ssl.SSLException: Received fatal alert: certificate_unknown
	at io.netty.handler.codec.ByteToMessageDecoder.callDecode(ByteToMessageDecoder.java:468)
	at io.netty.handler.codec.ByteToMessageDecoder.channelRead(ByteToMessageDecoder.java:276)
	at io.netty.channel.AbstractChannelHandlerContext.invokeChannelRead(AbstractChannelHandlerContext.java:379)
	at io.netty.channel.AbstractChannelHandlerContext.invokeChannelRead(AbstractChannelHandlerContext.java:365)
	at io.netty.channel.AbstractChannelHandlerContext.fireChannelRead(AbstractChannelHandlerContext.java:357)
	at io.netty.channel.DefaultChannelPipeline$HeadContext.channelRead(DefaultChannelPipeline.java:1410)
	at io.netty.channel.AbstractChannelHandlerContext.invokeChannelRead(AbstractChannelHandlerContext.java:379)
	at io.netty.channel.AbstractChannelHandlerContext.invokeChannelRead(AbstractChannelHandlerContext.java:365)
	at io.netty.channel.DefaultChannelPipeline.fireChannelRead(DefaultChannelPipeline.java:919)
	at io.netty.channel.nio.AbstractNioByteChannel$NioByteUnsafe.read(AbstractNioByteChannel.java:163)
	at io.netty.channel.nio.NioEventLoop.processSelectedKey(NioEventLoop.java:714)
	at io.netty.channel.nio.NioEventLoop.processSelectedKeysOptimized(NioEventLoop.java:650)
	at io.netty.channel.nio.NioEventLoop.processSelectedKeys(NioEventLoop.java:576)
	at io.netty.channel.nio.NioEventLoop.run(NioEventLoop.java:493)
	at io.netty.util.concurrent.SingleThreadEventExecutor$4.run(SingleThreadEventExecutor.java:989)
	at io.netty.util.internal.ThreadExecutorMap$2.run(ThreadExecutorMap.java:74)
	at io.netty.util.concurrent.FastThreadLocalRunnable.run(FastThreadLocalRunnable.java:30)
	at java.lang.Thread.run(Thread.java:748)
Caused by: javax.net.ssl.SSLException: Received fatal alert: certificate_unknown
	at sun.security.ssl.Alerts.getSSLException(Alerts.java:214)
	at sun.security.ssl.SSLEngineImpl.fatal(SSLEngineImpl.java:1667)
	at sun.security.ssl.SSLEngineImpl.fatal(SSLEngineImpl.java:1635)
	at sun.security.ssl.SSLEngineImpl.recvAlert(SSLEngineImpl.java:1801)
	at sun.security.ssl.SSLEngineImpl.readRecord(SSLEngineImpl.java:1090)
	at sun.security.ssl.SSLEngineImpl.readNetRecord(SSLEngineImpl.java:913)
	at sun.security.ssl.SSLEngineImpl.unwrap(SSLEngineImpl.java:783)
	at javax.net.ssl.SSLEngine.unwrap(SSLEngine.java:626)
	at io.netty.handler.ssl.SslHandler$SslEngineType$3.unwrap(SslHandler.java:281)
	at io.netty.handler.ssl.SslHandler.unwrap(SslHandler.java:1340)
	at io.netty.handler.ssl.SslHandler.decodeJdkCompatible(SslHandler.java:1235)
	at io.netty.handler.ssl.SslHandler.decode(SslHandler.java:1282)
	at io.netty.handler.codec.ByteToMessageDecoder.decodeRemovalReentryProtection(ByteToMessageDecoder.java:498)
	at io.netty.handler.codec.ByteToMessageDecoder.callDecode(ByteToMessageDecoder.java:437)
	... 17 more
2020-06-22 14:22:36,691 [myid:] - WARN  [nioEventLoopGroup-4-13:NettyServerCnxnFactory$CnxnChannelHandler@273] - Exception caught
io.netty.handler.codec.DecoderException: javax.net.ssl.SSLException: Received fatal alert: certificate_unknown
	at io.netty.handler.codec.ByteToMessageDecoder.callDecode(ByteToMessageDecoder.java:468)
	at io.netty.handler.codec.ByteToMessageDecoder.channelInputClosed(ByteToMessageDecoder.java:401)
	at io.netty.handler.codec.ByteToMessageDecoder.channelInputClosed(ByteToMessageDecoder.java:368)
	at io.netty.handler.codec.ByteToMessageDecoder.channelInactive(ByteToMessageDecoder.java:351)
	at io.netty.handler.ssl.SslHandler.channelInactive(SslHandler.java:1084)
	at io.netty.channel.AbstractChannelHandlerContext.invokeChannelInactive(AbstractChannelHandlerContext.java:262)
	at io.netty.channel.AbstractChannelHandlerContext.invokeChannelInactive(AbstractChannelHandlerContext.java:248)
	at io.netty.channel.AbstractChannelHandlerContext.fireChannelInactive(AbstractChannelHandlerContext.java:241)
	at io.netty.channel.DefaultChannelPipeline$HeadContext.channelInactive(DefaultChannelPipeline.java:1405)
	at io.netty.channel.AbstractChannelHandlerContext.invokeChannelInactive(AbstractChannelHandlerContext.java:262)
	at io.netty.channel.AbstractChannelHandlerContext.invokeChannelInactive(AbstractChannelHandlerContext.java:248)
	at io.netty.channel.DefaultChannelPipeline.fireChannelInactive(DefaultChannelPipeline.java:901)
	at io.netty.channel.AbstractChannel$AbstractUnsafe$8.run(AbstractChannel.java:818)
	at io.netty.util.concurrent.AbstractEventExecutor.safeExecute(AbstractEventExecutor.java:164)
	at io.netty.util.concurrent.SingleThreadEventExecutor.runAllTasks(SingleThreadEventExecutor.java:472)
	at io.netty.channel.nio.NioEventLoop.run(NioEventLoop.java:497)
	at io.netty.util.concurrent.SingleThreadEventExecutor$4.run(SingleThreadEventExecutor.java:989)
	at io.netty.util.internal.ThreadExecutorMap$2.run(ThreadExecutorMap.java:74)
	at io.netty.util.concurrent.FastThreadLocalRunnable.run(FastThreadLocalRunnable.java:30)
	at java.lang.Thread.run(Thread.java:748)
Caused by: javax.net.ssl.SSLException: Received fatal alert: certificate_unknown
	at sun.security.ssl.Alerts.getSSLException(Alerts.java:214)
	at sun.security.ssl.SSLEngineImpl.fatal(SSLEngineImpl.java:1667)
	at sun.security.ssl.SSLEngineImpl.fatal(SSLEngineImpl.java:1635)
	at sun.security.ssl.SSLEngineImpl.recvAlert(SSLEngineImpl.java:1801)
	at sun.security.ssl.SSLEngineImpl.readRecord(SSLEngineImpl.java:1090)
	at sun.security.ssl.SSLEngineImpl.readNetRecord(SSLEngineImpl.java:913)
	at sun.security.ssl.SSLEngineImpl.unwrap(SSLEngineImpl.java:783)
	at javax.net.ssl.SSLEngine.unwrap(SSLEngine.java:626)
	at io.netty.handler.ssl.SslHandler$SslEngineType$3.unwrap(SslHandler.java:281)
	at io.netty.handler.ssl.SslHandler.unwrap(SslHandler.java:1340)
	at io.netty.handler.ssl.SslHandler.decodeJdkCompatible(SslHandler.java:1235)
	at io.netty.handler.ssl.SslHandler.decode(SslHandler.java:1282)
	at io.netty.handler.codec.ByteToMessageDecoder.decodeRemovalReentryProtection(ByteToMessageDecoder.java:498)
	at io.netty.handler.codec.ByteToMessageDecoder.callDecode(ByteToMessageDecoder.java:437)
	... 19 more
2020-06-22 14:22:36,940 [myid:] - INFO  [main:FourLetterWordMain@93] - connecting to 127.0.0.1 21995
2020-06-22 14:22:36,940 [myid:] - INFO  [main:FourLetterWordMain@99] - using secure socket
2020-06-22 14:22:36,949 [myid:] - ERROR [main:ZKTrustManager@161] - Failed to verify host address: 127.0.0.1
javax.net.ssl.SSLPeerUnverifiedException: Certificate for <127.0.0.1> doesn't match common name of the certificate subject: localhost
	at org.apache.zookeeper.common.ZKHostnameVerifier.matchCN(ZKHostnameVerifier.java:238)
	at org.apache.zookeeper.common.ZKHostnameVerifier.verify(ZKHostnameVerifier.java:184)
	at org.apache.zookeeper.common.ZKTrustManager.performHostVerification(ZKTrustManager.java:151)
	at org.apache.zookeeper.common.ZKTrustManager.checkServerTrusted(ZKTrustManager.java:90)
	at sun.security.ssl.ClientHandshaker.serverCertificate(ClientHandshaker.java:1670)
	at sun.security.ssl.ClientHandshaker.processMessage(ClientHandshaker.java:226)
	at sun.security.ssl.Handshaker.processLoop(Handshaker.java:1082)
	at sun.security.ssl.Handshaker.process_record(Handshaker.java:1010)
	at sun.security.ssl.SSLSocketImpl.readRecord(SSLSocketImpl.java:1079)
	at sun.security.ssl.SSLSocketImpl.performInitialHandshake(SSLSocketImpl.java:1388)
	at sun.security.ssl.SSLSocketImpl.startHandshake(SSLSocketImpl.java:1416)
	at sun.security.ssl.SSLSocketImpl.startHandshake(SSLSocketImpl.java:1400)
	at org.apache.zookeeper.client.FourLetterWordMain.send4LetterWord(FourLetterWordMain.java:105)
	at org.apache.zookeeper.client.FourLetterWordMain.send4LetterWord(FourLetterWordMain.java:73)
	at org.apache.zookeeper.test.ClientBase.waitForServerUp(ClientBase.java:261)
	at org.apache.zookeeper.test.ClientBase.startServerInstance(ClientBase.java:401)
	at org.apache.zookeeper.test.ClientBase.startServer(ClientBase.java:516)
	at org.apache.zookeeper.test.ClientBase.setUpWithServerId(ClientBase.java:499)
	at org.apache.zookeeper.test.ClientBase.setUp(ClientBase.java:474)
	at org.apache.zookeeper.test.SaslDigestAuthOverSSLTest.setUp(SaslDigestAuthOverSSLTest.java:62)
	at sun.reflect.NativeMethodAccessorImpl.invoke0(Native Method)
	at sun.reflect.NativeMethodAccessorImpl.invoke(NativeMethodAccessorImpl.java:62)
	at sun.reflect.DelegatingMethodAccessorImpl.invoke(DelegatingMethodAccessorImpl.java:43)
	at java.lang.reflect.Method.invoke(Method.java:498)
	at org.junit.runners.model.FrameworkMethod$1.runReflectiveCall(FrameworkMethod.java:50)
	at org.junit.internal.runners.model.ReflectiveCallable.run(ReflectiveCallable.java:12)
	at org.junit.runners.model.FrameworkMethod.invokeExplosively(FrameworkMethod.java:47)
	at mockit.integration.junit4.JUnit4TestRunnerDecorator.invokeExplosively(JUnit4TestRunnerDecorator.java:49)
	at mockit.integration.junit4.FakeFrameworkMethod.invokeExplosively(FakeFrameworkMethod.java:29)
	at org.junit.runners.model.FrameworkMethod.invokeExplosively(FrameworkMethod.java)
	at org.junit.internal.runners.statements.RunBefores.evaluate(RunBefores.java:24)
	at org.junit.internal.runners.statements.RunAfters.evaluate(RunAfters.java:27)
	at org.junit.rules.TestWatcher$1.evaluate(TestWatcher.java:55)
	at org.junit.rules.RunRules.evaluate(RunRules.java:20)
	at org.junit.runners.ParentRunner.runLeaf(ParentRunner.java:325)
	at org.junit.runners.BlockJUnit4ClassRunner.runChild(BlockJUnit4ClassRunner.java:78)
	at org.junit.runners.BlockJUnit4ClassRunner.runChild(BlockJUnit4ClassRunner.java:57)
	at org.junit.runners.ParentRunner$3.run(ParentRunner.java:290)
	at org.junit.runners.ParentRunner$1.schedule(ParentRunner.java:71)
	at org.junit.runners.ParentRunner.runChildren(ParentRunner.java:288)
	at org.junit.runners.ParentRunner.access$000(ParentRunner.java:58)
	at org.junit.runners.ParentRunner$2.evaluate(ParentRunner.java:268)
	at org.junit.internal.runners.statements.RunBefores.evaluate(RunBefores.java:26)
	at org.junit.runners.ParentRunner.run(ParentRunner.java:363)
	at org.apache.maven.surefire.junit4.JUnit4Provider.execute(JUnit4Provider.java:365)
	at org.apache.maven.surefire.junit4.JUnit4Provider.executeWithRerun(JUnit4Provider.java:273)
	at org.apache.maven.surefire.junit4.JUnit4Provider.executeTestSet(JUnit4Provider.java:238)
	at org.apache.maven.surefire.junit4.JUnit4Provider.invoke(JUnit4Provider.java:159)
	at org.apache.maven.surefire.booter.ForkedBooter.invokeProviderInSameClassLoader(ForkedBooter.java:384)
	at org.apache.maven.surefire.booter.ForkedBooter.runSuitesInProcess(ForkedBooter.java:345)
	at org.apache.maven.surefire.booter.ForkedBooter.execute(ForkedBooter.java:126)
	at org.apache.maven.surefire.booter.ForkedBooter.main(ForkedBooter.java:418)
2020-06-22 14:22:36,950 [myid:] - ERROR [main:ZKTrustManager@162] - Failed to verify hostname: activate.navicat.com
javax.net.ssl.SSLPeerUnverifiedException: Certificate for <activate.navicat.com> doesn't match common name of the certificate subject: localhost
	at org.apache.zookeeper.common.ZKHostnameVerifier.matchCN(ZKHostnameVerifier.java:238)
	at org.apache.zookeeper.common.ZKHostnameVerifier.verify(ZKHostnameVerifier.java:184)
	at org.apache.zookeeper.common.ZKTrustManager.performHostVerification(ZKTrustManager.java:159)
	at org.apache.zookeeper.common.ZKTrustManager.checkServerTrusted(ZKTrustManager.java:90)
	at sun.security.ssl.ClientHandshaker.serverCertificate(ClientHandshaker.java:1670)
	at sun.security.ssl.ClientHandshaker.processMessage(ClientHandshaker.java:226)
	at sun.security.ssl.Handshaker.processLoop(Handshaker.java:1082)
	at sun.security.ssl.Handshaker.process_record(Handshaker.java:1010)
	at sun.security.ssl.SSLSocketImpl.readRecord(SSLSocketImpl.java:1079)
	at sun.security.ssl.SSLSocketImpl.performInitialHandshake(SSLSocketImpl.java:1388)
	at sun.security.ssl.SSLSocketImpl.startHandshake(SSLSocketImpl.java:1416)
	at sun.security.ssl.SSLSocketImpl.startHandshake(SSLSocketImpl.java:1400)
	at org.apache.zookeeper.client.FourLetterWordMain.send4LetterWord(FourLetterWordMain.java:105)
	at org.apache.zookeeper.client.FourLetterWordMain.send4LetterWord(FourLetterWordMain.java:73)
	at org.apache.zookeeper.test.ClientBase.waitForServerUp(ClientBase.java:261)
	at org.apache.zookeeper.test.ClientBase.startServerInstance(ClientBase.java:401)
	at org.apache.zookeeper.test.ClientBase.startServer(ClientBase.java:516)
	at org.apache.zookeeper.test.ClientBase.setUpWithServerId(ClientBase.java:499)
	at org.apache.zookeeper.test.ClientBase.setUp(ClientBase.java:474)
	at org.apache.zookeeper.test.SaslDigestAuthOverSSLTest.setUp(SaslDigestAuthOverSSLTest.java:62)
	at sun.reflect.NativeMethodAccessorImpl.invoke0(Native Method)
	at sun.reflect.NativeMethodAccessorImpl.invoke(NativeMethodAccessorImpl.java:62)
	at sun.reflect.DelegatingMethodAccessorImpl.invoke(DelegatingMethodAccessorImpl.java:43)
	at java.lang.reflect.Method.invoke(Method.java:498)
	at org.junit.runners.model.FrameworkMethod$1.runReflectiveCall(FrameworkMethod.java:50)
	at org.junit.internal.runners.model.ReflectiveCallable.run(ReflectiveCallable.java:12)
	at org.junit.runners.model.FrameworkMethod.invokeExplosively(FrameworkMethod.java:47)
	at mockit.integration.junit4.JUnit4TestRunnerDecorator.invokeExplosively(JUnit4TestRunnerDecorator.java:49)
	at mockit.integration.junit4.FakeFrameworkMethod.invokeExplosively(FakeFrameworkMethod.java:29)
	at org.junit.runners.model.FrameworkMethod.invokeExplosively(FrameworkMethod.java)
	at org.junit.internal.runners.statements.RunBefores.evaluate(RunBefores.java:24)
	at org.junit.internal.runners.statements.RunAfters.evaluate(RunAfters.java:27)
	at org.junit.rules.TestWatcher$1.evaluate(TestWatcher.java:55)
	at org.junit.rules.RunRules.evaluate(RunRules.java:20)
	at org.junit.runners.ParentRunner.runLeaf(ParentRunner.java:325)
	at org.junit.runners.BlockJUnit4ClassRunner.runChild(BlockJUnit4ClassRunner.java:78)
	at org.junit.runners.BlockJUnit4ClassRunner.runChild(BlockJUnit4ClassRunner.java:57)
	at org.junit.runners.ParentRunner$3.run(ParentRunner.java:290)
	at org.junit.runners.ParentRunner$1.schedule(ParentRunner.java:71)
	at org.junit.runners.ParentRunner.runChildren(ParentRunner.java:288)
	at org.junit.runners.ParentRunner.access$000(ParentRunner.java:58)
	at org.junit.runners.ParentRunner$2.evaluate(ParentRunner.java:268)
	at org.junit.internal.runners.statements.RunBefores.evaluate(RunBefores.java:26)
	at org.junit.runners.ParentRunner.run(ParentRunner.java:363)
	at org.apache.maven.surefire.junit4.JUnit4Provider.execute(JUnit4Provider.java:365)
	at org.apache.maven.surefire.junit4.JUnit4Provider.executeWithRerun(JUnit4Provider.java:273)
	at org.apache.maven.surefire.junit4.JUnit4Provider.executeTestSet(JUnit4Provider.java:238)
	at org.apache.maven.surefire.junit4.JUnit4Provider.invoke(JUnit4Provider.java:159)
	at org.apache.maven.surefire.booter.ForkedBooter.invokeProviderInSameClassLoader(ForkedBooter.java:384)
	at org.apache.maven.surefire.booter.ForkedBooter.runSuitesInProcess(ForkedBooter.java:345)
	at org.apache.maven.surefire.booter.ForkedBooter.execute(ForkedBooter.java:126)
	at org.apache.maven.surefire.booter.ForkedBooter.main(ForkedBooter.java:418)
2020-06-22 14:22:36,950 [myid:] - INFO  [main:ClientBase@270] - server 127.0.0.1:21995 not up
javax.net.ssl.SSLHandshakeException: java.security.cert.CertificateException: Failed to verify both host address and host name
	at sun.security.ssl.Alerts.getSSLException(Alerts.java:198)
	at sun.security.ssl.SSLSocketImpl.fatal(SSLSocketImpl.java:1967)
	at sun.security.ssl.Handshaker.fatalSE(Handshaker.java:331)
	at sun.security.ssl.Handshaker.fatalSE(Handshaker.java:325)
	at sun.security.ssl.ClientHandshaker.serverCertificate(ClientHandshaker.java:1688)
	at sun.security.ssl.ClientHandshaker.processMessage(ClientHandshaker.java:226)
	at sun.security.ssl.Handshaker.processLoop(Handshaker.java:1082)
	at sun.security.ssl.Handshaker.process_record(Handshaker.java:1010)
	at sun.security.ssl.SSLSocketImpl.readRecord(SSLSocketImpl.java:1079)
	at sun.security.ssl.SSLSocketImpl.performInitialHandshake(SSLSocketImpl.java:1388)
	at sun.security.ssl.SSLSocketImpl.startHandshake(SSLSocketImpl.java:1416)
	at sun.security.ssl.SSLSocketImpl.startHandshake(SSLSocketImpl.java:1400)
	at org.apache.zookeeper.client.FourLetterWordMain.send4LetterWord(FourLetterWordMain.java:105)
	at org.apache.zookeeper.client.FourLetterWordMain.send4LetterWord(FourLetterWordMain.java:73)
	at org.apache.zookeeper.test.ClientBase.waitForServerUp(ClientBase.java:261)
	at org.apache.zookeeper.test.ClientBase.startServerInstance(ClientBase.java:401)
	at org.apache.zookeeper.test.ClientBase.startServer(ClientBase.java:516)
	at org.apache.zookeeper.test.ClientBase.setUpWithServerId(ClientBase.java:499)
	at org.apache.zookeeper.test.ClientBase.setUp(ClientBase.java:474)
	at org.apache.zookeeper.test.SaslDigestAuthOverSSLTest.setUp(SaslDigestAuthOverSSLTest.java:62)
	at sun.reflect.NativeMethodAccessorImpl.invoke0(Native Method)
	at sun.reflect.NativeMethodAccessorImpl.invoke(NativeMethodAccessorImpl.java:62)
	at sun.reflect.DelegatingMethodAccessorImpl.invoke(DelegatingMethodAccessorImpl.java:43)
	at java.lang.reflect.Method.invoke(Method.java:498)
	at org.junit.runners.model.FrameworkMethod$1.runReflectiveCall(FrameworkMethod.java:50)
	at org.junit.internal.runners.model.ReflectiveCallable.run(ReflectiveCallable.java:12)
	at org.junit.runners.model.FrameworkMethod.invokeExplosively(FrameworkMethod.java:47)
	at mockit.integration.junit4.JUnit4TestRunnerDecorator.invokeExplosively(JUnit4TestRunnerDecorator.java:49)
	at mockit.integration.junit4.FakeFrameworkMethod.invokeExplosively(FakeFrameworkMethod.java:29)
	at org.junit.runners.model.FrameworkMethod.invokeExplosively(FrameworkMethod.java)
	at org.junit.internal.runners.statements.RunBefores.evaluate(RunBefores.java:24)
	at org.junit.internal.runners.statements.RunAfters.evaluate(RunAfters.java:27)
	at org.junit.rules.TestWatcher$1.evaluate(TestWatcher.java:55)
	at org.junit.rules.RunRules.evaluate(RunRules.java:20)
	at org.junit.runners.ParentRunner.runLeaf(ParentRunner.java:325)
	at org.junit.runners.BlockJUnit4ClassRunner.runChild(BlockJUnit4ClassRunner.java:78)
	at org.junit.runners.BlockJUnit4ClassRunner.runChild(BlockJUnit4ClassRunner.java:57)
	at org.junit.runners.ParentRunner$3.run(ParentRunner.java:290)
	at org.junit.runners.ParentRunner$1.schedule(ParentRunner.java:71)
	at org.junit.runners.ParentRunner.runChildren(ParentRunner.java:288)
	at org.junit.runners.ParentRunner.access$000(ParentRunner.java:58)
	at org.junit.runners.ParentRunner$2.evaluate(ParentRunner.java:268)
	at org.junit.internal.runners.statements.RunBefores.evaluate(RunBefores.java:26)
	at org.junit.runners.ParentRunner.run(ParentRunner.java:363)
	at org.apache.maven.surefire.junit4.JUnit4Provider.execute(JUnit4Provider.java:365)
	at org.apache.maven.surefire.junit4.JUnit4Provider.executeWithRerun(JUnit4Provider.java:273)
	at org.apache.maven.surefire.junit4.JUnit4Provider.executeTestSet(JUnit4Provider.java:238)
	at org.apache.maven.surefire.junit4.JUnit4Provider.invoke(JUnit4Provider.java:159)
	at org.apache.maven.surefire.booter.ForkedBooter.invokeProviderInSameClassLoader(ForkedBooter.java:384)
	at org.apache.maven.surefire.booter.ForkedBooter.runSuitesInProcess(ForkedBooter.java:345)
	at org.apache.maven.surefire.booter.ForkedBooter.execute(ForkedBooter.java:126)
	at org.apache.maven.surefire.booter.ForkedBooter.main(ForkedBooter.java:418)
Caused by: java.security.cert.CertificateException: Failed to verify both host address and host name
	at org.apache.zookeeper.common.ZKTrustManager.performHostVerification(ZKTrustManager.java:163)
	at org.apache.zookeeper.common.ZKTrustManager.checkServerTrusted(ZKTrustManager.java:90)
	at sun.security.ssl.ClientHandshaker.serverCertificate(ClientHandshaker.java:1670)
	... 47 more
Caused by: javax.net.ssl.SSLPeerUnverifiedException: Certificate for <activate.navicat.com> doesn't match common name of the certificate subject: localhost
	at org.apache.zookeeper.common.ZKHostnameVerifier.matchCN(ZKHostnameVerifier.java:238)
	at org.apache.zookeeper.common.ZKHostnameVerifier.verify(ZKHostnameVerifier.java:184)
	at org.apache.zookeeper.common.ZKTrustManager.performHostVerification(ZKTrustManager.java:159)
	... 49 more
2020-06-22 14:22:36,950 [myid:] - ERROR [nioEventLoopGroup-4-14:NettyServerCnxnFactory$CertificateVerifier@434] - Unsuccessful handshake with session 0x0
2020-06-22 14:22:36,951 [myid:] - WARN  [nioEventLoopGroup-4-14:NettyServerCnxnFactory$CnxnChannelHandler@273] - Exception caught
io.netty.handler.codec.DecoderException: javax.net.ssl.SSLException: Received fatal alert: certificate_unknown
	at io.netty.handler.codec.ByteToMessageDecoder.callDecode(ByteToMessageDecoder.java:468)
	at io.netty.handler.codec.ByteToMessageDecoder.channelRead(ByteToMessageDecoder.java:276)
	at io.netty.channel.AbstractChannelHandlerContext.invokeChannelRead(AbstractChannelHandlerContext.java:379)
	at io.netty.channel.AbstractChannelHandlerContext.invokeChannelRead(AbstractChannelHandlerContext.java:365)
	at io.netty.channel.AbstractChannelHandlerContext.fireChannelRead(AbstractChannelHandlerContext.java:357)
	at io.netty.channel.DefaultChannelPipeline$HeadContext.channelRead(DefaultChannelPipeline.java:1410)
	at io.netty.channel.AbstractChannelHandlerContext.invokeChannelRead(AbstractChannelHandlerContext.java:379)
	at io.netty.channel.AbstractChannelHandlerContext.invokeChannelRead(AbstractChannelHandlerContext.java:365)
	at io.netty.channel.DefaultChannelPipeline.fireChannelRead(DefaultChannelPipeline.java:919)
	at io.netty.channel.nio.AbstractNioByteChannel$NioByteUnsafe.read(AbstractNioByteChannel.java:163)
	at io.netty.channel.nio.NioEventLoop.processSelectedKey(NioEventLoop.java:714)
	at io.netty.channel.nio.NioEventLoop.processSelectedKeysOptimized(NioEventLoop.java:650)
	at io.netty.channel.nio.NioEventLoop.processSelectedKeys(NioEventLoop.java:576)
	at io.netty.channel.nio.NioEventLoop.run(NioEventLoop.java:493)
	at io.netty.util.concurrent.SingleThreadEventExecutor$4.run(SingleThreadEventExecutor.java:989)
	at io.netty.util.internal.ThreadExecutorMap$2.run(ThreadExecutorMap.java:74)
	at io.netty.util.concurrent.FastThreadLocalRunnable.run(FastThreadLocalRunnable.java:30)
	at java.lang.Thread.run(Thread.java:748)
Caused by: javax.net.ssl.SSLException: Received fatal alert: certificate_unknown
	at sun.security.ssl.Alerts.getSSLException(Alerts.java:214)
	at sun.security.ssl.SSLEngineImpl.fatal(SSLEngineImpl.java:1667)
	at sun.security.ssl.SSLEngineImpl.fatal(SSLEngineImpl.java:1635)
	at sun.security.ssl.SSLEngineImpl.recvAlert(SSLEngineImpl.java:1801)
	at sun.security.ssl.SSLEngineImpl.readRecord(SSLEngineImpl.java:1090)
	at sun.security.ssl.SSLEngineImpl.readNetRecord(SSLEngineImpl.java:913)
	at sun.security.ssl.SSLEngineImpl.unwrap(SSLEngineImpl.java:783)
	at javax.net.ssl.SSLEngine.unwrap(SSLEngine.java:626)
	at io.netty.handler.ssl.SslHandler$SslEngineType$3.unwrap(SslHandler.java:281)
	at io.netty.handler.ssl.SslHandler.unwrap(SslHandler.java:1340)
	at io.netty.handler.ssl.SslHandler.decodeJdkCompatible(SslHandler.java:1235)
	at io.netty.handler.ssl.SslHandler.decode(SslHandler.java:1282)
	at io.netty.handler.codec.ByteToMessageDecoder.decodeRemovalReentryProtection(ByteToMessageDecoder.java:498)
	at io.netty.handler.codec.ByteToMessageDecoder.callDecode(ByteToMessageDecoder.java:437)
	... 17 more
2020-06-22 14:22:36,952 [myid:] - WARN  [nioEventLoopGroup-4-14:NettyServerCnxnFactory$CnxnChannelHandler@273] - Exception caught
io.netty.handler.codec.DecoderException: javax.net.ssl.SSLException: Received fatal alert: certificate_unknown
	at io.netty.handler.codec.ByteToMessageDecoder.callDecode(ByteToMessageDecoder.java:468)
	at io.netty.handler.codec.ByteToMessageDecoder.channelInputClosed(ByteToMessageDecoder.java:401)
	at io.netty.handler.codec.ByteToMessageDecoder.channelInputClosed(ByteToMessageDecoder.java:368)
	at io.netty.handler.codec.ByteToMessageDecoder.channelInactive(ByteToMessageDecoder.java:351)
	at io.netty.handler.ssl.SslHandler.channelInactive(SslHandler.java:1084)
	at io.netty.channel.AbstractChannelHandlerContext.invokeChannelInactive(AbstractChannelHandlerContext.java:262)
	at io.netty.channel.AbstractChannelHandlerContext.invokeChannelInactive(AbstractChannelHandlerContext.java:248)
	at io.netty.channel.AbstractChannelHandlerContext.fireChannelInactive(AbstractChannelHandlerContext.java:241)
	at io.netty.channel.DefaultChannelPipeline$HeadContext.channelInactive(DefaultChannelPipeline.java:1405)
	at io.netty.channel.AbstractChannelHandlerContext.invokeChannelInactive(AbstractChannelHandlerContext.java:262)
	at io.netty.channel.AbstractChannelHandlerContext.invokeChannelInactive(AbstractChannelHandlerContext.java:248)
	at io.netty.channel.DefaultChannelPipeline.fireChannelInactive(DefaultChannelPipeline.java:901)
	at io.netty.channel.AbstractChannel$AbstractUnsafe$8.run(AbstractChannel.java:818)
	at io.netty.util.concurrent.AbstractEventExecutor.safeExecute(AbstractEventExecutor.java:164)
	at io.netty.util.concurrent.SingleThreadEventExecutor.runAllTasks(SingleThreadEventExecutor.java:472)
	at io.netty.channel.nio.NioEventLoop.run(NioEventLoop.java:497)
	at io.netty.util.concurrent.SingleThreadEventExecutor$4.run(SingleThreadEventExecutor.java:989)
	at io.netty.util.internal.ThreadExecutorMap$2.run(ThreadExecutorMap.java:74)
	at io.netty.util.concurrent.FastThreadLocalRunnable.run(FastThreadLocalRunnable.java:30)
	at java.lang.Thread.run(Thread.java:748)
Caused by: javax.net.ssl.SSLException: Received fatal alert: certificate_unknown
	at sun.security.ssl.Alerts.getSSLException(Alerts.java:214)
	at sun.security.ssl.SSLEngineImpl.fatal(SSLEngineImpl.java:1667)
	at sun.security.ssl.SSLEngineImpl.fatal(SSLEngineImpl.java:1635)
	at sun.security.ssl.SSLEngineImpl.recvAlert(SSLEngineImpl.java:1801)
	at sun.security.ssl.SSLEngineImpl.readRecord(SSLEngineImpl.java:1090)
	at sun.security.ssl.SSLEngineImpl.readNetRecord(SSLEngineImpl.java:913)
	at sun.security.ssl.SSLEngineImpl.unwrap(SSLEngineImpl.java:783)
	at javax.net.ssl.SSLEngine.unwrap(SSLEngine.java:626)
	at io.netty.handler.ssl.SslHandler$SslEngineType$3.unwrap(SslHandler.java:281)
	at io.netty.handler.ssl.SslHandler.unwrap(SslHandler.java:1340)
	at io.netty.handler.ssl.SslHandler.decodeJdkCompatible(SslHandler.java:1235)
	at io.netty.handler.ssl.SslHandler.decode(SslHandler.java:1282)
	at io.netty.handler.codec.ByteToMessageDecoder.decodeRemovalReentryProtection(ByteToMessageDecoder.java:498)
	at io.netty.handler.codec.ByteToMessageDecoder.callDecode(ByteToMessageDecoder.java:437)
	... 19 more
2020-06-22 14:22:37,202 [myid:] - INFO  [main:FourLetterWordMain@93] - connecting to 127.0.0.1 21995
2020-06-22 14:22:37,202 [myid:] - INFO  [main:FourLetterWordMain@99] - using secure socket
2020-06-22 14:22:37,214 [myid:] - ERROR [main:ZKTrustManager@161] - Failed to verify host address: 127.0.0.1
javax.net.ssl.SSLPeerUnverifiedException: Certificate for <127.0.0.1> doesn't match common name of the certificate subject: localhost
	at org.apache.zookeeper.common.ZKHostnameVerifier.matchCN(ZKHostnameVerifier.java:238)
	at org.apache.zookeeper.common.ZKHostnameVerifier.verify(ZKHostnameVerifier.java:184)
	at org.apache.zookeeper.common.ZKTrustManager.performHostVerification(ZKTrustManager.java:151)
	at org.apache.zookeeper.common.ZKTrustManager.checkServerTrusted(ZKTrustManager.java:90)
	at sun.security.ssl.ClientHandshaker.serverCertificate(ClientHandshaker.java:1670)
	at sun.security.ssl.ClientHandshaker.processMessage(ClientHandshaker.java:226)
	at sun.security.ssl.Handshaker.processLoop(Handshaker.java:1082)
	at sun.security.ssl.Handshaker.process_record(Handshaker.java:1010)
	at sun.security.ssl.SSLSocketImpl.readRecord(SSLSocketImpl.java:1079)
	at sun.security.ssl.SSLSocketImpl.performInitialHandshake(SSLSocketImpl.java:1388)
	at sun.security.ssl.SSLSocketImpl.startHandshake(SSLSocketImpl.java:1416)
	at sun.security.ssl.SSLSocketImpl.startHandshake(SSLSocketImpl.java:1400)
	at org.apache.zookeeper.client.FourLetterWordMain.send4LetterWord(FourLetterWordMain.java:105)
	at org.apache.zookeeper.client.FourLetterWordMain.send4LetterWord(FourLetterWordMain.java:73)
	at org.apache.zookeeper.test.ClientBase.waitForServerUp(ClientBase.java:261)
	at org.apache.zookeeper.test.ClientBase.startServerInstance(ClientBase.java:401)
	at org.apache.zookeeper.test.ClientBase.startServer(ClientBase.java:516)
	at org.apache.zookeeper.test.ClientBase.setUpWithServerId(ClientBase.java:499)
	at org.apache.zookeeper.test.ClientBase.setUp(ClientBase.java:474)
	at org.apache.zookeeper.test.SaslDigestAuthOverSSLTest.setUp(SaslDigestAuthOverSSLTest.java:62)
	at sun.reflect.NativeMethodAccessorImpl.invoke0(Native Method)
	at sun.reflect.NativeMethodAccessorImpl.invoke(NativeMethodAccessorImpl.java:62)
	at sun.reflect.DelegatingMethodAccessorImpl.invoke(DelegatingMethodAccessorImpl.java:43)
	at java.lang.reflect.Method.invoke(Method.java:498)
	at org.junit.runners.model.FrameworkMethod$1.runReflectiveCall(FrameworkMethod.java:50)
	at org.junit.internal.runners.model.ReflectiveCallable.run(ReflectiveCallable.java:12)
	at org.junit.runners.model.FrameworkMethod.invokeExplosively(FrameworkMethod.java:47)
	at mockit.integration.junit4.JUnit4TestRunnerDecorator.invokeExplosively(JUnit4TestRunnerDecorator.java:49)
	at mockit.integration.junit4.FakeFrameworkMethod.invokeExplosively(FakeFrameworkMethod.java:29)
	at org.junit.runners.model.FrameworkMethod.invokeExplosively(FrameworkMethod.java)
	at org.junit.internal.runners.statements.RunBefores.evaluate(RunBefores.java:24)
	at org.junit.internal.runners.statements.RunAfters.evaluate(RunAfters.java:27)
	at org.junit.rules.TestWatcher$1.evaluate(TestWatcher.java:55)
	at org.junit.rules.RunRules.evaluate(RunRules.java:20)
	at org.junit.runners.ParentRunner.runLeaf(ParentRunner.java:325)
	at org.junit.runners.BlockJUnit4ClassRunner.runChild(BlockJUnit4ClassRunner.java:78)
	at org.junit.runners.BlockJUnit4ClassRunner.runChild(BlockJUnit4ClassRunner.java:57)
	at org.junit.runners.ParentRunner$3.run(ParentRunner.java:290)
	at org.junit.runners.ParentRunner$1.schedule(ParentRunner.java:71)
	at org.junit.runners.ParentRunner.runChildren(ParentRunner.java:288)
	at org.junit.runners.ParentRunner.access$000(ParentRunner.java:58)
	at org.junit.runners.ParentRunner$2.evaluate(ParentRunner.java:268)
	at org.junit.internal.runners.statements.RunBefores.evaluate(RunBefores.java:26)
	at org.junit.runners.ParentRunner.run(ParentRunner.java:363)
	at org.apache.maven.surefire.junit4.JUnit4Provider.execute(JUnit4Provider.java:365)
	at org.apache.maven.surefire.junit4.JUnit4Provider.executeWithRerun(JUnit4Provider.java:273)
	at org.apache.maven.surefire.junit4.JUnit4Provider.executeTestSet(JUnit4Provider.java:238)
	at org.apache.maven.surefire.junit4.JUnit4Provider.invoke(JUnit4Provider.java:159)
	at org.apache.maven.surefire.booter.ForkedBooter.invokeProviderInSameClassLoader(ForkedBooter.java:384)
	at org.apache.maven.surefire.booter.ForkedBooter.runSuitesInProcess(ForkedBooter.java:345)
	at org.apache.maven.surefire.booter.ForkedBooter.execute(ForkedBooter.java:126)
	at org.apache.maven.surefire.booter.ForkedBooter.main(ForkedBooter.java:418)
2020-06-22 14:22:37,214 [myid:] - ERROR [main:ZKTrustManager@162] - Failed to verify hostname: activate.navicat.com
javax.net.ssl.SSLPeerUnverifiedException: Certificate for <activate.navicat.com> doesn't match common name of the certificate subject: localhost
	at org.apache.zookeeper.common.ZKHostnameVerifier.matchCN(ZKHostnameVerifier.java:238)
	at org.apache.zookeeper.common.ZKHostnameVerifier.verify(ZKHostnameVerifier.java:184)
	at org.apache.zookeeper.common.ZKTrustManager.performHostVerification(ZKTrustManager.java:159)
	at org.apache.zookeeper.common.ZKTrustManager.checkServerTrusted(ZKTrustManager.java:90)
	at sun.security.ssl.ClientHandshaker.serverCertificate(ClientHandshaker.java:1670)
	at sun.security.ssl.ClientHandshaker.processMessage(ClientHandshaker.java:226)
	at sun.security.ssl.Handshaker.processLoop(Handshaker.java:1082)
	at sun.security.ssl.Handshaker.process_record(Handshaker.java:1010)
	at sun.security.ssl.SSLSocketImpl.readRecord(SSLSocketImpl.java:1079)
	at sun.security.ssl.SSLSocketImpl.performInitialHandshake(SSLSocketImpl.java:1388)
	at sun.security.ssl.SSLSocketImpl.startHandshake(SSLSocketImpl.java:1416)
	at sun.security.ssl.SSLSocketImpl.startHandshake(SSLSocketImpl.java:1400)
	at org.apache.zookeeper.client.FourLetterWordMain.send4LetterWord(FourLetterWordMain.java:105)
	at org.apache.zookeeper.client.FourLetterWordMain.send4LetterWord(FourLetterWordMain.java:73)
	at org.apache.zookeeper.test.ClientBase.waitForServerUp(ClientBase.java:261)
	at org.apache.zookeeper.test.ClientBase.startServerInstance(ClientBase.java:401)
	at org.apache.zookeeper.test.ClientBase.startServer(ClientBase.java:516)
	at org.apache.zookeeper.test.ClientBase.setUpWithServerId(ClientBase.java:499)
	at org.apache.zookeeper.test.ClientBase.setUp(ClientBase.java:474)
	at org.apache.zookeeper.test.SaslDigestAuthOverSSLTest.setUp(SaslDigestAuthOverSSLTest.java:62)
	at sun.reflect.NativeMethodAccessorImpl.invoke0(Native Method)
	at sun.reflect.NativeMethodAccessorImpl.invoke(NativeMethodAccessorImpl.java:62)
	at sun.reflect.DelegatingMethodAccessorImpl.invoke(DelegatingMethodAccessorImpl.java:43)
	at java.lang.reflect.Method.invoke(Method.java:498)
	at org.junit.runners.model.FrameworkMethod$1.runReflectiveCall(FrameworkMethod.java:50)
	at org.junit.internal.runners.model.ReflectiveCallable.run(ReflectiveCallable.java:12)
	at org.junit.runners.model.FrameworkMethod.invokeExplosively(FrameworkMethod.java:47)
	at mockit.integration.junit4.JUnit4TestRunnerDecorator.invokeExplosively(JUnit4TestRunnerDecorator.java:49)
	at mockit.integration.junit4.FakeFrameworkMethod.invokeExplosively(FakeFrameworkMethod.java:29)
	at org.junit.runners.model.FrameworkMethod.invokeExplosively(FrameworkMethod.java)
	at org.junit.internal.runners.statements.RunBefores.evaluate(RunBefores.java:24)
	at org.junit.internal.runners.statements.RunAfters.evaluate(RunAfters.java:27)
	at org.junit.rules.TestWatcher$1.evaluate(TestWatcher.java:55)
	at org.junit.rules.RunRules.evaluate(RunRules.java:20)
	at org.junit.runners.ParentRunner.runLeaf(ParentRunner.java:325)
	at org.junit.runners.BlockJUnit4ClassRunner.runChild(BlockJUnit4ClassRunner.java:78)
	at org.junit.runners.BlockJUnit4ClassRunner.runChild(BlockJUnit4ClassRunner.java:57)
	at org.junit.runners.ParentRunner$3.run(ParentRunner.java:290)
	at org.junit.runners.ParentRunner$1.schedule(ParentRunner.java:71)
	at org.junit.runners.ParentRunner.runChildren(ParentRunner.java:288)
	at org.junit.runners.ParentRunner.access$000(ParentRunner.java:58)
	at org.junit.runners.ParentRunner$2.evaluate(ParentRunner.java:268)
	at org.junit.internal.runners.statements.RunBefores.evaluate(RunBefores.java:26)
	at org.junit.runners.ParentRunner.run(ParentRunner.java:363)
	at org.apache.maven.surefire.junit4.JUnit4Provider.execute(JUnit4Provider.java:365)
	at org.apache.maven.surefire.junit4.JUnit4Provider.executeWithRerun(JUnit4Provider.java:273)
	at org.apache.maven.surefire.junit4.JUnit4Provider.executeTestSet(JUnit4Provider.java:238)
	at org.apache.maven.surefire.junit4.JUnit4Provider.invoke(JUnit4Provider.java:159)
	at org.apache.maven.surefire.booter.ForkedBooter.invokeProviderInSameClassLoader(ForkedBooter.java:384)
	at org.apache.maven.surefire.booter.ForkedBooter.runSuitesInProcess(ForkedBooter.java:345)
	at org.apache.maven.surefire.booter.ForkedBooter.execute(ForkedBooter.java:126)
	at org.apache.maven.surefire.booter.ForkedBooter.main(ForkedBooter.java:418)
2020-06-22 14:22:37,214 [myid:] - INFO  [main:ClientBase@270] - server 127.0.0.1:21995 not up
javax.net.ssl.SSLHandshakeException: java.security.cert.CertificateException: Failed to verify both host address and host name
	at sun.security.ssl.Alerts.getSSLException(Alerts.java:198)
	at sun.security.ssl.SSLSocketImpl.fatal(SSLSocketImpl.java:1967)
	at sun.security.ssl.Handshaker.fatalSE(Handshaker.java:331)
	at sun.security.ssl.Handshaker.fatalSE(Handshaker.java:325)
	at sun.security.ssl.ClientHandshaker.serverCertificate(ClientHandshaker.java:1688)
	at sun.security.ssl.ClientHandshaker.processMessage(ClientHandshaker.java:226)
	at sun.security.ssl.Handshaker.processLoop(Handshaker.java:1082)
	at sun.security.ssl.Handshaker.process_record(Handshaker.java:1010)
	at sun.security.ssl.SSLSocketImpl.readRecord(SSLSocketImpl.java:1079)
	at sun.security.ssl.SSLSocketImpl.performInitialHandshake(SSLSocketImpl.java:1388)
	at sun.security.ssl.SSLSocketImpl.startHandshake(SSLSocketImpl.java:1416)
	at sun.security.ssl.SSLSocketImpl.startHandshake(SSLSocketImpl.java:1400)
	at org.apache.zookeeper.client.FourLetterWordMain.send4LetterWord(FourLetterWordMain.java:105)
	at org.apache.zookeeper.client.FourLetterWordMain.send4LetterWord(FourLetterWordMain.java:73)
	at org.apache.zookeeper.test.ClientBase.waitForServerUp(ClientBase.java:261)
	at org.apache.zookeeper.test.ClientBase.startServerInstance(ClientBase.java:401)
	at org.apache.zookeeper.test.ClientBase.startServer(ClientBase.java:516)
	at org.apache.zookeeper.test.ClientBase.setUpWithServerId(ClientBase.java:499)
	at org.apache.zookeeper.test.ClientBase.setUp(ClientBase.java:474)
	at org.apache.zookeeper.test.SaslDigestAuthOverSSLTest.setUp(SaslDigestAuthOverSSLTest.java:62)
	at sun.reflect.NativeMethodAccessorImpl.invoke0(Native Method)
	at sun.reflect.NativeMethodAccessorImpl.invoke(NativeMethodAccessorImpl.java:62)
	at sun.reflect.DelegatingMethodAccessorImpl.invoke(DelegatingMethodAccessorImpl.java:43)
	at java.lang.reflect.Method.invoke(Method.java:498)
	at org.junit.runners.model.FrameworkMethod$1.runReflectiveCall(FrameworkMethod.java:50)
	at org.junit.internal.runners.model.ReflectiveCallable.run(ReflectiveCallable.java:12)
	at org.junit.runners.model.FrameworkMethod.invokeExplosively(FrameworkMethod.java:47)
	at mockit.integration.junit4.JUnit4TestRunnerDecorator.invokeExplosively(JUnit4TestRunnerDecorator.java:49)
	at mockit.integration.junit4.FakeFrameworkMethod.invokeExplosively(FakeFrameworkMethod.java:29)
	at org.junit.runners.model.FrameworkMethod.invokeExplosively(FrameworkMethod.java)
	at org.junit.internal.runners.statements.RunBefores.evaluate(RunBefores.java:24)
	at org.junit.internal.runners.statements.RunAfters.evaluate(RunAfters.java:27)
	at org.junit.rules.TestWatcher$1.evaluate(TestWatcher.java:55)
	at org.junit.rules.RunRules.evaluate(RunRules.java:20)
	at org.junit.runners.ParentRunner.runLeaf(ParentRunner.java:325)
	at org.junit.runners.BlockJUnit4ClassRunner.runChild(BlockJUnit4ClassRunner.java:78)
	at org.junit.runners.BlockJUnit4ClassRunner.runChild(BlockJUnit4ClassRunner.java:57)
	at org.junit.runners.ParentRunner$3.run(ParentRunner.java:290)
	at org.junit.runners.ParentRunner$1.schedule(ParentRunner.java:71)
	at org.junit.runners.ParentRunner.runChildren(ParentRunner.java:288)
	at org.junit.runners.ParentRunner.access$000(ParentRunner.java:58)
	at org.junit.runners.ParentRunner$2.evaluate(ParentRunner.java:268)
	at org.junit.internal.runners.statements.RunBefores.evaluate(RunBefores.java:26)
	at org.junit.runners.ParentRunner.run(ParentRunner.java:363)
	at org.apache.maven.surefire.junit4.JUnit4Provider.execute(JUnit4Provider.java:365)
	at org.apache.maven.surefire.junit4.JUnit4Provider.executeWithRerun(JUnit4Provider.java:273)
	at org.apache.maven.surefire.junit4.JUnit4Provider.executeTestSet(JUnit4Provider.java:238)
	at org.apache.maven.surefire.junit4.JUnit4Provider.invoke(JUnit4Provider.java:159)
	at org.apache.maven.surefire.booter.ForkedBooter.invokeProviderInSameClassLoader(ForkedBooter.java:384)
	at org.apache.maven.surefire.booter.ForkedBooter.runSuitesInProcess(ForkedBooter.java:345)
	at org.apache.maven.surefire.booter.ForkedBooter.execute(ForkedBooter.java:126)
	at org.apache.maven.surefire.booter.ForkedBooter.main(ForkedBooter.java:418)
Caused by: java.security.cert.CertificateException: Failed to verify both host address and host name
	at org.apache.zookeeper.common.ZKTrustManager.performHostVerification(ZKTrustManager.java:163)
	at org.apache.zookeeper.common.ZKTrustManager.checkServerTrusted(ZKTrustManager.java:90)
	at sun.security.ssl.ClientHandshaker.serverCertificate(ClientHandshaker.java:1670)
	... 47 more
Caused by: javax.net.ssl.SSLPeerUnverifiedException: Certificate for <activate.navicat.com> doesn't match common name of the certificate subject: localhost
	at org.apache.zookeeper.common.ZKHostnameVerifier.matchCN(ZKHostnameVerifier.java:238)
	at org.apache.zookeeper.common.ZKHostnameVerifier.verify(ZKHostnameVerifier.java:184)
	at org.apache.zookeeper.common.ZKTrustManager.performHostVerification(ZKTrustManager.java:159)
	... 49 more
2020-06-22 14:22:37,215 [myid:] - ERROR [nioEventLoopGroup-4-15:NettyServerCnxnFactory$CertificateVerifier@434] - Unsuccessful handshake with session 0x0
2020-06-22 14:22:37,215 [myid:] - WARN  [nioEventLoopGroup-4-15:NettyServerCnxnFactory$CnxnChannelHandler@273] - Exception caught
io.netty.handler.codec.DecoderException: javax.net.ssl.SSLException: Received fatal alert: certificate_unknown
	at io.netty.handler.codec.ByteToMessageDecoder.callDecode(ByteToMessageDecoder.java:468)
	at io.netty.handler.codec.ByteToMessageDecoder.channelRead(ByteToMessageDecoder.java:276)
	at io.netty.channel.AbstractChannelHandlerContext.invokeChannelRead(AbstractChannelHandlerContext.java:379)
	at io.netty.channel.AbstractChannelHandlerContext.invokeChannelRead(AbstractChannelHandlerContext.java:365)
	at io.netty.channel.AbstractChannelHandlerContext.fireChannelRead(AbstractChannelHandlerContext.java:357)
	at io.netty.channel.DefaultChannelPipeline$HeadContext.channelRead(DefaultChannelPipeline.java:1410)
	at io.netty.channel.AbstractChannelHandlerContext.invokeChannelRead(AbstractChannelHandlerContext.java:379)
	at io.netty.channel.AbstractChannelHandlerContext.invokeChannelRead(AbstractChannelHandlerContext.java:365)
	at io.netty.channel.DefaultChannelPipeline.fireChannelRead(DefaultChannelPipeline.java:919)
	at io.netty.channel.nio.AbstractNioByteChannel$NioByteUnsafe.read(AbstractNioByteChannel.java:163)
	at io.netty.channel.nio.NioEventLoop.processSelectedKey(NioEventLoop.java:714)
	at io.netty.channel.nio.NioEventLoop.processSelectedKeysOptimized(NioEventLoop.java:650)
	at io.netty.channel.nio.NioEventLoop.processSelectedKeys(NioEventLoop.java:576)
	at io.netty.channel.nio.NioEventLoop.run(NioEventLoop.java:493)
	at io.netty.util.concurrent.SingleThreadEventExecutor$4.run(SingleThreadEventExecutor.java:989)
	at io.netty.util.internal.ThreadExecutorMap$2.run(ThreadExecutorMap.java:74)
	at io.netty.util.concurrent.FastThreadLocalRunnable.run(FastThreadLocalRunnable.java:30)
	at java.lang.Thread.run(Thread.java:748)
Caused by: javax.net.ssl.SSLException: Received fatal alert: certificate_unknown
	at sun.security.ssl.Alerts.getSSLException(Alerts.java:214)
	at sun.security.ssl.SSLEngineImpl.fatal(SSLEngineImpl.java:1667)
	at sun.security.ssl.SSLEngineImpl.fatal(SSLEngineImpl.java:1635)
	at sun.security.ssl.SSLEngineImpl.recvAlert(SSLEngineImpl.java:1801)
	at sun.security.ssl.SSLEngineImpl.readRecord(SSLEngineImpl.java:1090)
	at sun.security.ssl.SSLEngineImpl.readNetRecord(SSLEngineImpl.java:913)
	at sun.security.ssl.SSLEngineImpl.unwrap(SSLEngineImpl.java:783)
	at javax.net.ssl.SSLEngine.unwrap(SSLEngine.java:626)
	at io.netty.handler.ssl.SslHandler$SslEngineType$3.unwrap(SslHandler.java:281)
	at io.netty.handler.ssl.SslHandler.unwrap(SslHandler.java:1340)
	at io.netty.handler.ssl.SslHandler.decodeJdkCompatible(SslHandler.java:1235)
	at io.netty.handler.ssl.SslHandler.decode(SslHandler.java:1282)
	at io.netty.handler.codec.ByteToMessageDecoder.decodeRemovalReentryProtection(ByteToMessageDecoder.java:498)
	at io.netty.handler.codec.ByteToMessageDecoder.callDecode(ByteToMessageDecoder.java:437)
	... 17 more
2020-06-22 14:22:37,216 [myid:] - WARN  [nioEventLoopGroup-4-15:NettyServerCnxnFactory$CnxnChannelHandler@273] - Exception caught
io.netty.handler.codec.DecoderException: javax.net.ssl.SSLException: Received fatal alert: certificate_unknown
	at io.netty.handler.codec.ByteToMessageDecoder.callDecode(ByteToMessageDecoder.java:468)
	at io.netty.handler.codec.ByteToMessageDecoder.channelInputClosed(ByteToMessageDecoder.java:401)
	at io.netty.handler.codec.ByteToMessageDecoder.channelInputClosed(ByteToMessageDecoder.java:368)
	at io.netty.handler.codec.ByteToMessageDecoder.channelInactive(ByteToMessageDecoder.java:351)
	at io.netty.handler.ssl.SslHandler.channelInactive(SslHandler.java:1084)
	at io.netty.channel.AbstractChannelHandlerContext.invokeChannelInactive(AbstractChannelHandlerContext.java:262)
	at io.netty.channel.AbstractChannelHandlerContext.invokeChannelInactive(AbstractChannelHandlerContext.java:248)
	at io.netty.channel.AbstractChannelHandlerContext.fireChannelInactive(AbstractChannelHandlerContext.java:241)
	at io.netty.channel.DefaultChannelPipeline$HeadContext.channelInactive(DefaultChannelPipeline.java:1405)
	at io.netty.channel.AbstractChannelHandlerContext.invokeChannelInactive(AbstractChannelHandlerContext.java:262)
	at io.netty.channel.AbstractChannelHandlerContext.invokeChannelInactive(AbstractChannelHandlerContext.java:248)
	at io.netty.channel.DefaultChannelPipeline.fireChannelInactive(DefaultChannelPipeline.java:901)
	at io.netty.channel.AbstractChannel$AbstractUnsafe$8.run(AbstractChannel.java:818)
	at io.netty.util.concurrent.AbstractEventExecutor.safeExecute(AbstractEventExecutor.java:164)
	at io.netty.util.concurrent.SingleThreadEventExecutor.runAllTasks(SingleThreadEventExecutor.java:472)
	at io.netty.channel.nio.NioEventLoop.run(NioEventLoop.java:497)
	at io.netty.util.concurrent.SingleThreadEventExecutor$4.run(SingleThreadEventExecutor.java:989)
	at io.netty.util.internal.ThreadExecutorMap$2.run(ThreadExecutorMap.java:74)
	at io.netty.util.concurrent.FastThreadLocalRunnable.run(FastThreadLocalRunnable.java:30)
	at java.lang.Thread.run(Thread.java:748)
Caused by: javax.net.ssl.SSLException: Received fatal alert: certificate_unknown
	at sun.security.ssl.Alerts.getSSLException(Alerts.java:214)
	at sun.security.ssl.SSLEngineImpl.fatal(SSLEngineImpl.java:1667)
	at sun.security.ssl.SSLEngineImpl.fatal(SSLEngineImpl.java:1635)
	at sun.security.ssl.SSLEngineImpl.recvAlert(SSLEngineImpl.java:1801)
	at sun.security.ssl.SSLEngineImpl.readRecord(SSLEngineImpl.java:1090)
	at sun.security.ssl.SSLEngineImpl.readNetRecord(SSLEngineImpl.java:913)
	at sun.security.ssl.SSLEngineImpl.unwrap(SSLEngineImpl.java:783)
	at javax.net.ssl.SSLEngine.unwrap(SSLEngine.java:626)
	at io.netty.handler.ssl.SslHandler$SslEngineType$3.unwrap(SslHandler.java:281)
	at io.netty.handler.ssl.SslHandler.unwrap(SslHandler.java:1340)
	at io.netty.handler.ssl.SslHandler.decodeJdkCompatible(SslHandler.java:1235)
	at io.netty.handler.ssl.SslHandler.decode(SslHandler.java:1282)
	at io.netty.handler.codec.ByteToMessageDecoder.decodeRemovalReentryProtection(ByteToMessageDecoder.java:498)
	at io.netty.handler.codec.ByteToMessageDecoder.callDecode(ByteToMessageDecoder.java:437)
	... 19 more
2020-06-22 14:22:37,465 [myid:] - INFO  [main:FourLetterWordMain@93] - connecting to 127.0.0.1 21995
2020-06-22 14:22:37,465 [myid:] - INFO  [main:FourLetterWordMain@99] - using secure socket
2020-06-22 14:22:37,483 [myid:] - ERROR [main:ZKTrustManager@161] - Failed to verify host address: 127.0.0.1
javax.net.ssl.SSLPeerUnverifiedException: Certificate for <127.0.0.1> doesn't match common name of the certificate subject: localhost
	at org.apache.zookeeper.common.ZKHostnameVerifier.matchCN(ZKHostnameVerifier.java:238)
	at org.apache.zookeeper.common.ZKHostnameVerifier.verify(ZKHostnameVerifier.java:184)
	at org.apache.zookeeper.common.ZKTrustManager.performHostVerification(ZKTrustManager.java:151)
	at org.apache.zookeeper.common.ZKTrustManager.checkServerTrusted(ZKTrustManager.java:90)
	at sun.security.ssl.ClientHandshaker.serverCertificate(ClientHandshaker.java:1670)
	at sun.security.ssl.ClientHandshaker.processMessage(ClientHandshaker.java:226)
	at sun.security.ssl.Handshaker.processLoop(Handshaker.java:1082)
	at sun.security.ssl.Handshaker.process_record(Handshaker.java:1010)
	at sun.security.ssl.SSLSocketImpl.readRecord(SSLSocketImpl.java:1079)
	at sun.security.ssl.SSLSocketImpl.performInitialHandshake(SSLSocketImpl.java:1388)
	at sun.security.ssl.SSLSocketImpl.startHandshake(SSLSocketImpl.java:1416)
	at sun.security.ssl.SSLSocketImpl.startHandshake(SSLSocketImpl.java:1400)
	at org.apache.zookeeper.client.FourLetterWordMain.send4LetterWord(FourLetterWordMain.java:105)
	at org.apache.zookeeper.client.FourLetterWordMain.send4LetterWord(FourLetterWordMain.java:73)
	at org.apache.zookeeper.test.ClientBase.waitForServerUp(ClientBase.java:261)
	at org.apache.zookeeper.test.ClientBase.startServerInstance(ClientBase.java:401)
	at org.apache.zookeeper.test.ClientBase.startServer(ClientBase.java:516)
	at org.apache.zookeeper.test.ClientBase.setUpWithServerId(ClientBase.java:499)
	at org.apache.zookeeper.test.ClientBase.setUp(ClientBase.java:474)
	at org.apache.zookeeper.test.SaslDigestAuthOverSSLTest.setUp(SaslDigestAuthOverSSLTest.java:62)
	at sun.reflect.NativeMethodAccessorImpl.invoke0(Native Method)
	at sun.reflect.NativeMethodAccessorImpl.invoke(NativeMethodAccessorImpl.java:62)
	at sun.reflect.DelegatingMethodAccessorImpl.invoke(DelegatingMethodAccessorImpl.java:43)
	at java.lang.reflect.Method.invoke(Method.java:498)
	at org.junit.runners.model.FrameworkMethod$1.runReflectiveCall(FrameworkMethod.java:50)
	at org.junit.internal.runners.model.ReflectiveCallable.run(ReflectiveCallable.java:12)
	at org.junit.runners.model.FrameworkMethod.invokeExplosively(FrameworkMethod.java:47)
	at mockit.integration.junit4.JUnit4TestRunnerDecorator.invokeExplosively(JUnit4TestRunnerDecorator.java:49)
	at mockit.integration.junit4.FakeFrameworkMethod.invokeExplosively(FakeFrameworkMethod.java:29)
	at org.junit.runners.model.FrameworkMethod.invokeExplosively(FrameworkMethod.java)
	at org.junit.internal.runners.statements.RunBefores.evaluate(RunBefores.java:24)
	at org.junit.internal.runners.statements.RunAfters.evaluate(RunAfters.java:27)
	at org.junit.rules.TestWatcher$1.evaluate(TestWatcher.java:55)
	at org.junit.rules.RunRules.evaluate(RunRules.java:20)
	at org.junit.runners.ParentRunner.runLeaf(ParentRunner.java:325)
	at org.junit.runners.BlockJUnit4ClassRunner.runChild(BlockJUnit4ClassRunner.java:78)
	at org.junit.runners.BlockJUnit4ClassRunner.runChild(BlockJUnit4ClassRunner.java:57)
	at org.junit.runners.ParentRunner$3.run(ParentRunner.java:290)
	at org.junit.runners.ParentRunner$1.schedule(ParentRunner.java:71)
	at org.junit.runners.ParentRunner.runChildren(ParentRunner.java:288)
	at org.junit.runners.ParentRunner.access$000(ParentRunner.java:58)
	at org.junit.runners.ParentRunner$2.evaluate(ParentRunner.java:268)
	at org.junit.internal.runners.statements.RunBefores.evaluate(RunBefores.java:26)
	at org.junit.runners.ParentRunner.run(ParentRunner.java:363)
	at org.apache.maven.surefire.junit4.JUnit4Provider.execute(JUnit4Provider.java:365)
	at org.apache.maven.surefire.junit4.JUnit4Provider.executeWithRerun(JUnit4Provider.java:273)
	at org.apache.maven.surefire.junit4.JUnit4Provider.executeTestSet(JUnit4Provider.java:238)
	at org.apache.maven.surefire.junit4.JUnit4Provider.invoke(JUnit4Provider.java:159)
	at org.apache.maven.surefire.booter.ForkedBooter.invokeProviderInSameClassLoader(ForkedBooter.java:384)
	at org.apache.maven.surefire.booter.ForkedBooter.runSuitesInProcess(ForkedBooter.java:345)
	at org.apache.maven.surefire.booter.ForkedBooter.execute(ForkedBooter.java:126)
	at org.apache.maven.surefire.booter.ForkedBooter.main(ForkedBooter.java:418)
2020-06-22 14:22:37,484 [myid:] - ERROR [main:ZKTrustManager@162] - Failed to verify hostname: activate.navicat.com
javax.net.ssl.SSLPeerUnverifiedException: Certificate for <activate.navicat.com> doesn't match common name of the certificate subject: localhost
	at org.apache.zookeeper.common.ZKHostnameVerifier.matchCN(ZKHostnameVerifier.java:238)
	at org.apache.zookeeper.common.ZKHostnameVerifier.verify(ZKHostnameVerifier.java:184)
	at org.apache.zookeeper.common.ZKTrustManager.performHostVerification(ZKTrustManager.java:159)
	at org.apache.zookeeper.common.ZKTrustManager.checkServerTrusted(ZKTrustManager.java:90)
	at sun.security.ssl.ClientHandshaker.serverCertificate(ClientHandshaker.java:1670)
	at sun.security.ssl.ClientHandshaker.processMessage(ClientHandshaker.java:226)
	at sun.security.ssl.Handshaker.processLoop(Handshaker.java:1082)
	at sun.security.ssl.Handshaker.process_record(Handshaker.java:1010)
	at sun.security.ssl.SSLSocketImpl.readRecord(SSLSocketImpl.java:1079)
	at sun.security.ssl.SSLSocketImpl.performInitialHandshake(SSLSocketImpl.java:1388)
	at sun.security.ssl.SSLSocketImpl.startHandshake(SSLSocketImpl.java:1416)
	at sun.security.ssl.SSLSocketImpl.startHandshake(SSLSocketImpl.java:1400)
	at org.apache.zookeeper.client.FourLetterWordMain.send4LetterWord(FourLetterWordMain.java:105)
	at org.apache.zookeeper.client.FourLetterWordMain.send4LetterWord(FourLetterWordMain.java:73)
	at org.apache.zookeeper.test.ClientBase.waitForServerUp(ClientBase.java:261)
	at org.apache.zookeeper.test.ClientBase.startServerInstance(ClientBase.java:401)
	at org.apache.zookeeper.test.ClientBase.startServer(ClientBase.java:516)
	at org.apache.zookeeper.test.ClientBase.setUpWithServerId(ClientBase.java:499)
	at org.apache.zookeeper.test.ClientBase.setUp(ClientBase.java:474)
	at org.apache.zookeeper.test.SaslDigestAuthOverSSLTest.setUp(SaslDigestAuthOverSSLTest.java:62)
	at sun.reflect.NativeMethodAccessorImpl.invoke0(Native Method)
	at sun.reflect.NativeMethodAccessorImpl.invoke(NativeMethodAccessorImpl.java:62)
	at sun.reflect.DelegatingMethodAccessorImpl.invoke(DelegatingMethodAccessorImpl.java:43)
	at java.lang.reflect.Method.invoke(Method.java:498)
	at org.junit.runners.model.FrameworkMethod$1.runReflectiveCall(FrameworkMethod.java:50)
	at org.junit.internal.runners.model.ReflectiveCallable.run(ReflectiveCallable.java:12)
	at org.junit.runners.model.FrameworkMethod.invokeExplosively(FrameworkMethod.java:47)
	at mockit.integration.junit4.JUnit4TestRunnerDecorator.invokeExplosively(JUnit4TestRunnerDecorator.java:49)
	at mockit.integration.junit4.FakeFrameworkMethod.invokeExplosively(FakeFrameworkMethod.java:29)
	at org.junit.runners.model.FrameworkMethod.invokeExplosively(FrameworkMethod.java)
	at org.junit.internal.runners.statements.RunBefores.evaluate(RunBefores.java:24)
	at org.junit.internal.runners.statements.RunAfters.evaluate(RunAfters.java:27)
	at org.junit.rules.TestWatcher$1.evaluate(TestWatcher.java:55)
	at org.junit.rules.RunRules.evaluate(RunRules.java:20)
	at org.junit.runners.ParentRunner.runLeaf(ParentRunner.java:325)
	at org.junit.runners.BlockJUnit4ClassRunner.runChild(BlockJUnit4ClassRunner.java:78)
	at org.junit.runners.BlockJUnit4ClassRunner.runChild(BlockJUnit4ClassRunner.java:57)
	at org.junit.runners.ParentRunner$3.run(ParentRunner.java:290)
	at org.junit.runners.ParentRunner$1.schedule(ParentRunner.java:71)
	at org.junit.runners.ParentRunner.runChildren(ParentRunner.java:288)
	at org.junit.runners.ParentRunner.access$000(ParentRunner.java:58)
	at org.junit.runners.ParentRunner$2.evaluate(ParentRunner.java:268)
	at org.junit.internal.runners.statements.RunBefores.evaluate(RunBefores.java:26)
	at org.junit.runners.ParentRunner.run(ParentRunner.java:363)
	at org.apache.maven.surefire.junit4.JUnit4Provider.execute(JUnit4Provider.java:365)
	at org.apache.maven.surefire.junit4.JUnit4Provider.executeWithRerun(JUnit4Provider.java:273)
	at org.apache.maven.surefire.junit4.JUnit4Provider.executeTestSet(JUnit4Provider.java:238)
	at org.apache.maven.surefire.junit4.JUnit4Provider.invoke(JUnit4Provider.java:159)
	at org.apache.maven.surefire.booter.ForkedBooter.invokeProviderInSameClassLoader(ForkedBooter.java:384)
	at org.apache.maven.surefire.booter.ForkedBooter.runSuitesInProcess(ForkedBooter.java:345)
	at org.apache.maven.surefire.booter.ForkedBooter.execute(ForkedBooter.java:126)
	at org.apache.maven.surefire.booter.ForkedBooter.main(ForkedBooter.java:418)
2020-06-22 14:22:37,484 [myid:] - INFO  [main:ClientBase@270] - server 127.0.0.1:21995 not up
javax.net.ssl.SSLHandshakeException: java.security.cert.CertificateException: Failed to verify both host address and host name
	at sun.security.ssl.Alerts.getSSLException(Alerts.java:198)
	at sun.security.ssl.SSLSocketImpl.fatal(SSLSocketImpl.java:1967)
	at sun.security.ssl.Handshaker.fatalSE(Handshaker.java:331)
	at sun.security.ssl.Handshaker.fatalSE(Handshaker.java:325)
	at sun.security.ssl.ClientHandshaker.serverCertificate(ClientHandshaker.java:1688)
	at sun.security.ssl.ClientHandshaker.processMessage(ClientHandshaker.java:226)
	at sun.security.ssl.Handshaker.processLoop(Handshaker.java:1082)
	at sun.security.ssl.Handshaker.process_record(Handshaker.java:1010)
	at sun.security.ssl.SSLSocketImpl.readRecord(SSLSocketImpl.java:1079)
	at sun.security.ssl.SSLSocketImpl.performInitialHandshake(SSLSocketImpl.java:1388)
	at sun.security.ssl.SSLSocketImpl.startHandshake(SSLSocketImpl.java:1416)
	at sun.security.ssl.SSLSocketImpl.startHandshake(SSLSocketImpl.java:1400)
	at org.apache.zookeeper.client.FourLetterWordMain.send4LetterWord(FourLetterWordMain.java:105)
	at org.apache.zookeeper.client.FourLetterWordMain.send4LetterWord(FourLetterWordMain.java:73)
	at org.apache.zookeeper.test.ClientBase.waitForServerUp(ClientBase.java:261)
	at org.apache.zookeeper.test.ClientBase.startServerInstance(ClientBase.java:401)
	at org.apache.zookeeper.test.ClientBase.startServer(ClientBase.java:516)
	at org.apache.zookeeper.test.ClientBase.setUpWithServerId(ClientBase.java:499)
	at org.apache.zookeeper.test.ClientBase.setUp(ClientBase.java:474)
	at org.apache.zookeeper.test.SaslDigestAuthOverSSLTest.setUp(SaslDigestAuthOverSSLTest.java:62)
	at sun.reflect.NativeMethodAccessorImpl.invoke0(Native Method)
	at sun.reflect.NativeMethodAccessorImpl.invoke(NativeMethodAccessorImpl.java:62)
	at sun.reflect.DelegatingMethodAccessorImpl.invoke(DelegatingMethodAccessorImpl.java:43)
	at java.lang.reflect.Method.invoke(Method.java:498)
	at org.junit.runners.model.FrameworkMethod$1.runReflectiveCall(FrameworkMethod.java:50)
	at org.junit.internal.runners.model.ReflectiveCallable.run(ReflectiveCallable.java:12)
	at org.junit.runners.model.FrameworkMethod.invokeExplosively(FrameworkMethod.java:47)
	at mockit.integration.junit4.JUnit4TestRunnerDecorator.invokeExplosively(JUnit4TestRunnerDecorator.java:49)
	at mockit.integration.junit4.FakeFrameworkMethod.invokeExplosively(FakeFrameworkMethod.java:29)
	at org.junit.runners.model.FrameworkMethod.invokeExplosively(FrameworkMethod.java)
	at org.junit.internal.runners.statements.RunBefores.evaluate(RunBefores.java:24)
	at org.junit.internal.runners.statements.RunAfters.evaluate(RunAfters.java:27)
	at org.junit.rules.TestWatcher$1.evaluate(TestWatcher.java:55)
	at org.junit.rules.RunRules.evaluate(RunRules.java:20)
	at org.junit.runners.ParentRunner.runLeaf(ParentRunner.java:325)
	at org.junit.runners.BlockJUnit4ClassRunner.runChild(BlockJUnit4ClassRunner.java:78)
	at org.junit.runners.BlockJUnit4ClassRunner.runChild(BlockJUnit4ClassRunner.java:57)
	at org.junit.runners.ParentRunner$3.run(ParentRunner.java:290)
	at org.junit.runners.ParentRunner$1.schedule(ParentRunner.java:71)
	at org.junit.runners.ParentRunner.runChildren(ParentRunner.java:288)
	at org.junit.runners.ParentRunner.access$000(ParentRunner.java:58)
	at org.junit.runners.ParentRunner$2.evaluate(ParentRunner.java:268)
	at org.junit.internal.runners.statements.RunBefores.evaluate(RunBefores.java:26)
	at org.junit.runners.ParentRunner.run(ParentRunner.java:363)
	at org.apache.maven.surefire.junit4.JUnit4Provider.execute(JUnit4Provider.java:365)
	at org.apache.maven.surefire.junit4.JUnit4Provider.executeWithRerun(JUnit4Provider.java:273)
	at org.apache.maven.surefire.junit4.JUnit4Provider.executeTestSet(JUnit4Provider.java:238)
	at org.apache.maven.surefire.junit4.JUnit4Provider.invoke(JUnit4Provider.java:159)
	at org.apache.maven.surefire.booter.ForkedBooter.invokeProviderInSameClassLoader(ForkedBooter.java:384)
	at org.apache.maven.surefire.booter.ForkedBooter.runSuitesInProcess(ForkedBooter.java:345)
	at org.apache.maven.surefire.booter.ForkedBooter.execute(ForkedBooter.java:126)
	at org.apache.maven.surefire.booter.ForkedBooter.main(ForkedBooter.java:418)
Caused by: java.security.cert.CertificateException: Failed to verify both host address and host name
	at org.apache.zookeeper.common.ZKTrustManager.performHostVerification(ZKTrustManager.java:163)
	at org.apache.zookeeper.common.ZKTrustManager.checkServerTrusted(ZKTrustManager.java:90)
	at sun.security.ssl.ClientHandshaker.serverCertificate(ClientHandshaker.java:1670)
	... 47 more
Caused by: javax.net.ssl.SSLPeerUnverifiedException: Certificate for <activate.navicat.com> doesn't match common name of the certificate subject: localhost
	at org.apache.zookeeper.common.ZKHostnameVerifier.matchCN(ZKHostnameVerifier.java:238)
	at org.apache.zookeeper.common.ZKHostnameVerifier.verify(ZKHostnameVerifier.java:184)
	at org.apache.zookeeper.common.ZKTrustManager.performHostVerification(ZKTrustManager.java:159)
	... 49 more
2020-06-22 14:22:37,485 [myid:] - ERROR [nioEventLoopGroup-4-16:NettyServerCnxnFactory$CertificateVerifier@434] - Unsuccessful handshake with session 0x0
2020-06-22 14:22:37,486 [myid:] - WARN  [nioEventLoopGroup-4-16:NettyServerCnxnFactory$CnxnChannelHandler@273] - Exception caught
io.netty.handler.codec.DecoderException: javax.net.ssl.SSLException: Received fatal alert: certificate_unknown
	at io.netty.handler.codec.ByteToMessageDecoder.callDecode(ByteToMessageDecoder.java:468)
	at io.netty.handler.codec.ByteToMessageDecoder.channelRead(ByteToMessageDecoder.java:276)
	at io.netty.channel.AbstractChannelHandlerContext.invokeChannelRead(AbstractChannelHandlerContext.java:379)
	at io.netty.channel.AbstractChannelHandlerContext.invokeChannelRead(AbstractChannelHandlerContext.java:365)
	at io.netty.channel.AbstractChannelHandlerContext.fireChannelRead(AbstractChannelHandlerContext.java:357)
	at io.netty.channel.DefaultChannelPipeline$HeadContext.channelRead(DefaultChannelPipeline.java:1410)
	at io.netty.channel.AbstractChannelHandlerContext.invokeChannelRead(AbstractChannelHandlerContext.java:379)
	at io.netty.channel.AbstractChannelHandlerContext.invokeChannelRead(AbstractChannelHandlerContext.java:365)
	at io.netty.channel.DefaultChannelPipeline.fireChannelRead(DefaultChannelPipeline.java:919)
	at io.netty.channel.nio.AbstractNioByteChannel$NioByteUnsafe.read(AbstractNioByteChannel.java:163)
	at io.netty.channel.nio.NioEventLoop.processSelectedKey(NioEventLoop.java:714)
	at io.netty.channel.nio.NioEventLoop.processSelectedKeysOptimized(NioEventLoop.java:650)
	at io.netty.channel.nio.NioEventLoop.processSelectedKeys(NioEventLoop.java:576)
	at io.netty.channel.nio.NioEventLoop.run(NioEventLoop.java:493)
	at io.netty.util.concurrent.SingleThreadEventExecutor$4.run(SingleThreadEventExecutor.java:989)
	at io.netty.util.internal.ThreadExecutorMap$2.run(ThreadExecutorMap.java:74)
	at io.netty.util.concurrent.FastThreadLocalRunnable.run(FastThreadLocalRunnable.java:30)
	at java.lang.Thread.run(Thread.java:748)
Caused by: javax.net.ssl.SSLException: Received fatal alert: certificate_unknown
	at sun.security.ssl.Alerts.getSSLException(Alerts.java:214)
	at sun.security.ssl.SSLEngineImpl.fatal(SSLEngineImpl.java:1667)
	at sun.security.ssl.SSLEngineImpl.fatal(SSLEngineImpl.java:1635)
	at sun.security.ssl.SSLEngineImpl.recvAlert(SSLEngineImpl.java:1801)
	at sun.security.ssl.SSLEngineImpl.readRecord(SSLEngineImpl.java:1090)
	at sun.security.ssl.SSLEngineImpl.readNetRecord(SSLEngineImpl.java:913)
	at sun.security.ssl.SSLEngineImpl.unwrap(SSLEngineImpl.java:783)
	at javax.net.ssl.SSLEngine.unwrap(SSLEngine.java:626)
	at io.netty.handler.ssl.SslHandler$SslEngineType$3.unwrap(SslHandler.java:281)
	at io.netty.handler.ssl.SslHandler.unwrap(SslHandler.java:1340)
	at io.netty.handler.ssl.SslHandler.decodeJdkCompatible(SslHandler.java:1235)
	at io.netty.handler.ssl.SslHandler.decode(SslHandler.java:1282)
	at io.netty.handler.codec.ByteToMessageDecoder.decodeRemovalReentryProtection(ByteToMessageDecoder.java:498)
	at io.netty.handler.codec.ByteToMessageDecoder.callDecode(ByteToMessageDecoder.java:437)
	... 17 more
2020-06-22 14:22:37,487 [myid:] - WARN  [nioEventLoopGroup-4-16:NettyServerCnxnFactory$CnxnChannelHandler@273] - Exception caught
io.netty.handler.codec.DecoderException: javax.net.ssl.SSLException: Received fatal alert: certificate_unknown
	at io.netty.handler.codec.ByteToMessageDecoder.callDecode(ByteToMessageDecoder.java:468)
	at io.netty.handler.codec.ByteToMessageDecoder.channelInputClosed(ByteToMessageDecoder.java:401)
	at io.netty.handler.codec.ByteToMessageDecoder.channelInputClosed(ByteToMessageDecoder.java:368)
	at io.netty.handler.codec.ByteToMessageDecoder.channelInactive(ByteToMessageDecoder.java:351)
	at io.netty.handler.ssl.SslHandler.channelInactive(SslHandler.java:1084)
	at io.netty.channel.AbstractChannelHandlerContext.invokeChannelInactive(AbstractChannelHandlerContext.java:262)
	at io.netty.channel.AbstractChannelHandlerContext.invokeChannelInactive(AbstractChannelHandlerContext.java:248)
	at io.netty.channel.AbstractChannelHandlerContext.fireChannelInactive(AbstractChannelHandlerContext.java:241)
	at io.netty.channel.DefaultChannelPipeline$HeadContext.channelInactive(DefaultChannelPipeline.java:1405)
	at io.netty.channel.AbstractChannelHandlerContext.invokeChannelInactive(AbstractChannelHandlerContext.java:262)
	at io.netty.channel.AbstractChannelHandlerContext.invokeChannelInactive(AbstractChannelHandlerContext.java:248)
	at io.netty.channel.DefaultChannelPipeline.fireChannelInactive(DefaultChannelPipeline.java:901)
	at io.netty.channel.AbstractChannel$AbstractUnsafe$8.run(AbstractChannel.java:818)
	at io.netty.util.concurrent.AbstractEventExecutor.safeExecute(AbstractEventExecutor.java:164)
	at io.netty.util.concurrent.SingleThreadEventExecutor.runAllTasks(SingleThreadEventExecutor.java:472)
	at io.netty.channel.nio.NioEventLoop.run(NioEventLoop.java:497)
	at io.netty.util.concurrent.SingleThreadEventExecutor$4.run(SingleThreadEventExecutor.java:989)
	at io.netty.util.internal.ThreadExecutorMap$2.run(ThreadExecutorMap.java:74)
	at io.netty.util.concurrent.FastThreadLocalRunnable.run(FastThreadLocalRunnable.java:30)
	at java.lang.Thread.run(Thread.java:748)
Caused by: javax.net.ssl.SSLException: Received fatal alert: certificate_unknown
	at sun.security.ssl.Alerts.getSSLException(Alerts.java:214)
	at sun.security.ssl.SSLEngineImpl.fatal(SSLEngineImpl.java:1667)
	at sun.security.ssl.SSLEngineImpl.fatal(SSLEngineImpl.java:1635)
	at sun.security.ssl.SSLEngineImpl.recvAlert(SSLEngineImpl.java:1801)
	at sun.security.ssl.SSLEngineImpl.readRecord(SSLEngineImpl.java:1090)
	at sun.security.ssl.SSLEngineImpl.readNetRecord(SSLEngineImpl.java:913)
	at sun.security.ssl.SSLEngineImpl.unwrap(SSLEngineImpl.java:783)
	at javax.net.ssl.SSLEngine.unwrap(SSLEngine.java:626)
	at io.netty.handler.ssl.SslHandler$SslEngineType$3.unwrap(SslHandler.java:281)
	at io.netty.handler.ssl.SslHandler.unwrap(SslHandler.java:1340)
	at io.netty.handler.ssl.SslHandler.decodeJdkCompatible(SslHandler.java:1235)
	at io.netty.handler.ssl.SslHandler.decode(SslHandler.java:1282)
	at io.netty.handler.codec.ByteToMessageDecoder.decodeRemovalReentryProtection(ByteToMessageDecoder.java:498)
	at io.netty.handler.codec.ByteToMessageDecoder.callDecode(ByteToMessageDecoder.java:437)
	... 19 more
2020-06-22 14:22:37,735 [myid:] - INFO  [main:FourLetterWordMain@93] - connecting to 127.0.0.1 21995
2020-06-22 14:22:37,735 [myid:] - INFO  [main:FourLetterWordMain@99] - using secure socket
2020-06-22 14:22:37,745 [myid:] - ERROR [main:ZKTrustManager@161] - Failed to verify host address: 127.0.0.1
javax.net.ssl.SSLPeerUnverifiedException: Certificate for <127.0.0.1> doesn't match common name of the certificate subject: localhost
	at org.apache.zookeeper.common.ZKHostnameVerifier.matchCN(ZKHostnameVerifier.java:238)
	at org.apache.zookeeper.common.ZKHostnameVerifier.verify(ZKHostnameVerifier.java:184)
	at org.apache.zookeeper.common.ZKTrustManager.performHostVerification(ZKTrustManager.java:151)
	at org.apache.zookeeper.common.ZKTrustManager.checkServerTrusted(ZKTrustManager.java:90)
	at sun.security.ssl.ClientHandshaker.serverCertificate(ClientHandshaker.java:1670)
	at sun.security.ssl.ClientHandshaker.processMessage(ClientHandshaker.java:226)
	at sun.security.ssl.Handshaker.processLoop(Handshaker.java:1082)
	at sun.security.ssl.Handshaker.process_record(Handshaker.java:1010)
	at sun.security.ssl.SSLSocketImpl.readRecord(SSLSocketImpl.java:1079)
	at sun.security.ssl.SSLSocketImpl.performInitialHandshake(SSLSocketImpl.java:1388)
	at sun.security.ssl.SSLSocketImpl.startHandshake(SSLSocketImpl.java:1416)
	at sun.security.ssl.SSLSocketImpl.startHandshake(SSLSocketImpl.java:1400)
	at org.apache.zookeeper.client.FourLetterWordMain.send4LetterWord(FourLetterWordMain.java:105)
	at org.apache.zookeeper.client.FourLetterWordMain.send4LetterWord(FourLetterWordMain.java:73)
	at org.apache.zookeeper.test.ClientBase.waitForServerUp(ClientBase.java:261)
	at org.apache.zookeeper.test.ClientBase.startServerInstance(ClientBase.java:401)
	at org.apache.zookeeper.test.ClientBase.startServer(ClientBase.java:516)
	at org.apache.zookeeper.test.ClientBase.setUpWithServerId(ClientBase.java:499)
	at org.apache.zookeeper.test.ClientBase.setUp(ClientBase.java:474)
	at org.apache.zookeeper.test.SaslDigestAuthOverSSLTest.setUp(SaslDigestAuthOverSSLTest.java:62)
	at sun.reflect.NativeMethodAccessorImpl.invoke0(Native Method)
	at sun.reflect.NativeMethodAccessorImpl.invoke(NativeMethodAccessorImpl.java:62)
	at sun.reflect.DelegatingMethodAccessorImpl.invoke(DelegatingMethodAccessorImpl.java:43)
	at java.lang.reflect.Method.invoke(Method.java:498)
	at org.junit.runners.model.FrameworkMethod$1.runReflectiveCall(FrameworkMethod.java:50)
	at org.junit.internal.runners.model.ReflectiveCallable.run(ReflectiveCallable.java:12)
	at org.junit.runners.model.FrameworkMethod.invokeExplosively(FrameworkMethod.java:47)
	at mockit.integration.junit4.JUnit4TestRunnerDecorator.invokeExplosively(JUnit4TestRunnerDecorator.java:49)
	at mockit.integration.junit4.FakeFrameworkMethod.invokeExplosively(FakeFrameworkMethod.java:29)
	at org.junit.runners.model.FrameworkMethod.invokeExplosively(FrameworkMethod.java)
	at org.junit.internal.runners.statements.RunBefores.evaluate(RunBefores.java:24)
	at org.junit.internal.runners.statements.RunAfters.evaluate(RunAfters.java:27)
	at org.junit.rules.TestWatcher$1.evaluate(TestWatcher.java:55)
	at org.junit.rules.RunRules.evaluate(RunRules.java:20)
	at org.junit.runners.ParentRunner.runLeaf(ParentRunner.java:325)
	at org.junit.runners.BlockJUnit4ClassRunner.runChild(BlockJUnit4ClassRunner.java:78)
	at org.junit.runners.BlockJUnit4ClassRunner.runChild(BlockJUnit4ClassRunner.java:57)
	at org.junit.runners.ParentRunner$3.run(ParentRunner.java:290)
	at org.junit.runners.ParentRunner$1.schedule(ParentRunner.java:71)
	at org.junit.runners.ParentRunner.runChildren(ParentRunner.java:288)
	at org.junit.runners.ParentRunner.access$000(ParentRunner.java:58)
	at org.junit.runners.ParentRunner$2.evaluate(ParentRunner.java:268)
	at org.junit.internal.runners.statements.RunBefores.evaluate(RunBefores.java:26)
	at org.junit.runners.ParentRunner.run(ParentRunner.java:363)
	at org.apache.maven.surefire.junit4.JUnit4Provider.execute(JUnit4Provider.java:365)
	at org.apache.maven.surefire.junit4.JUnit4Provider.executeWithRerun(JUnit4Provider.java:273)
	at org.apache.maven.surefire.junit4.JUnit4Provider.executeTestSet(JUnit4Provider.java:238)
	at org.apache.maven.surefire.junit4.JUnit4Provider.invoke(JUnit4Provider.java:159)
	at org.apache.maven.surefire.booter.ForkedBooter.invokeProviderInSameClassLoader(ForkedBooter.java:384)
	at org.apache.maven.surefire.booter.ForkedBooter.runSuitesInProcess(ForkedBooter.java:345)
	at org.apache.maven.surefire.booter.ForkedBooter.execute(ForkedBooter.java:126)
	at org.apache.maven.surefire.booter.ForkedBooter.main(ForkedBooter.java:418)
2020-06-22 14:22:37,745 [myid:] - ERROR [main:ZKTrustManager@162] - Failed to verify hostname: activate.navicat.com
javax.net.ssl.SSLPeerUnverifiedException: Certificate for <activate.navicat.com> doesn't match common name of the certificate subject: localhost
	at org.apache.zookeeper.common.ZKHostnameVerifier.matchCN(ZKHostnameVerifier.java:238)
	at org.apache.zookeeper.common.ZKHostnameVerifier.verify(ZKHostnameVerifier.java:184)
	at org.apache.zookeeper.common.ZKTrustManager.performHostVerification(ZKTrustManager.java:159)
	at org.apache.zookeeper.common.ZKTrustManager.checkServerTrusted(ZKTrustManager.java:90)
	at sun.security.ssl.ClientHandshaker.serverCertificate(ClientHandshaker.java:1670)
	at sun.security.ssl.ClientHandshaker.processMessage(ClientHandshaker.java:226)
	at sun.security.ssl.Handshaker.processLoop(Handshaker.java:1082)
	at sun.security.ssl.Handshaker.process_record(Handshaker.java:1010)
	at sun.security.ssl.SSLSocketImpl.readRecord(SSLSocketImpl.java:1079)
	at sun.security.ssl.SSLSocketImpl.performInitialHandshake(SSLSocketImpl.java:1388)
	at sun.security.ssl.SSLSocketImpl.startHandshake(SSLSocketImpl.java:1416)
	at sun.security.ssl.SSLSocketImpl.startHandshake(SSLSocketImpl.java:1400)
	at org.apache.zookeeper.client.FourLetterWordMain.send4LetterWord(FourLetterWordMain.java:105)
	at org.apache.zookeeper.client.FourLetterWordMain.send4LetterWord(FourLetterWordMain.java:73)
	at org.apache.zookeeper.test.ClientBase.waitForServerUp(ClientBase.java:261)
	at org.apache.zookeeper.test.ClientBase.startServerInstance(ClientBase.java:401)
	at org.apache.zookeeper.test.ClientBase.startServer(ClientBase.java:516)
	at org.apache.zookeeper.test.ClientBase.setUpWithServerId(ClientBase.java:499)
	at org.apache.zookeeper.test.ClientBase.setUp(ClientBase.java:474)
	at org.apache.zookeeper.test.SaslDigestAuthOverSSLTest.setUp(SaslDigestAuthOverSSLTest.java:62)
	at sun.reflect.NativeMethodAccessorImpl.invoke0(Native Method)
	at sun.reflect.NativeMethodAccessorImpl.invoke(NativeMethodAccessorImpl.java:62)
	at sun.reflect.DelegatingMethodAccessorImpl.invoke(DelegatingMethodAccessorImpl.java:43)
	at java.lang.reflect.Method.invoke(Method.java:498)
	at org.junit.runners.model.FrameworkMethod$1.runReflectiveCall(FrameworkMethod.java:50)
	at org.junit.internal.runners.model.ReflectiveCallable.run(ReflectiveCallable.java:12)
	at org.junit.runners.model.FrameworkMethod.invokeExplosively(FrameworkMethod.java:47)
	at mockit.integration.junit4.JUnit4TestRunnerDecorator.invokeExplosively(JUnit4TestRunnerDecorator.java:49)
	at mockit.integration.junit4.FakeFrameworkMethod.invokeExplosively(FakeFrameworkMethod.java:29)
	at org.junit.runners.model.FrameworkMethod.invokeExplosively(FrameworkMethod.java)
	at org.junit.internal.runners.statements.RunBefores.evaluate(RunBefores.java:24)
	at org.junit.internal.runners.statements.RunAfters.evaluate(RunAfters.java:27)
	at org.junit.rules.TestWatcher$1.evaluate(TestWatcher.java:55)
	at org.junit.rules.RunRules.evaluate(RunRules.java:20)
	at org.junit.runners.ParentRunner.runLeaf(ParentRunner.java:325)
	at org.junit.runners.BlockJUnit4ClassRunner.runChild(BlockJUnit4ClassRunner.java:78)
	at org.junit.runners.BlockJUnit4ClassRunner.runChild(BlockJUnit4ClassRunner.java:57)
	at org.junit.runners.ParentRunner$3.run(ParentRunner.java:290)
	at org.junit.runners.ParentRunner$1.schedule(ParentRunner.java:71)
	at org.junit.runners.ParentRunner.runChildren(ParentRunner.java:288)
	at org.junit.runners.ParentRunner.access$000(ParentRunner.java:58)
	at org.junit.runners.ParentRunner$2.evaluate(ParentRunner.java:268)
	at org.junit.internal.runners.statements.RunBefores.evaluate(RunBefores.java:26)
	at org.junit.runners.ParentRunner.run(ParentRunner.java:363)
	at org.apache.maven.surefire.junit4.JUnit4Provider.execute(JUnit4Provider.java:365)
	at org.apache.maven.surefire.junit4.JUnit4Provider.executeWithRerun(JUnit4Provider.java:273)
	at org.apache.maven.surefire.junit4.JUnit4Provider.executeTestSet(JUnit4Provider.java:238)
	at org.apache.maven.surefire.junit4.JUnit4Provider.invoke(JUnit4Provider.java:159)
	at org.apache.maven.surefire.booter.ForkedBooter.invokeProviderInSameClassLoader(ForkedBooter.java:384)
	at org.apache.maven.surefire.booter.ForkedBooter.runSuitesInProcess(ForkedBooter.java:345)
	at org.apache.maven.surefire.booter.ForkedBooter.execute(ForkedBooter.java:126)
	at org.apache.maven.surefire.booter.ForkedBooter.main(ForkedBooter.java:418)
2020-06-22 14:22:37,746 [myid:] - INFO  [main:ClientBase@270] - server 127.0.0.1:21995 not up
javax.net.ssl.SSLHandshakeException: java.security.cert.CertificateException: Failed to verify both host address and host name
	at sun.security.ssl.Alerts.getSSLException(Alerts.java:198)
	at sun.security.ssl.SSLSocketImpl.fatal(SSLSocketImpl.java:1967)
	at sun.security.ssl.Handshaker.fatalSE(Handshaker.java:331)
	at sun.security.ssl.Handshaker.fatalSE(Handshaker.java:325)
	at sun.security.ssl.ClientHandshaker.serverCertificate(ClientHandshaker.java:1688)
	at sun.security.ssl.ClientHandshaker.processMessage(ClientHandshaker.java:226)
	at sun.security.ssl.Handshaker.processLoop(Handshaker.java:1082)
	at sun.security.ssl.Handshaker.process_record(Handshaker.java:1010)
	at sun.security.ssl.SSLSocketImpl.readRecord(SSLSocketImpl.java:1079)
	at sun.security.ssl.SSLSocketImpl.performInitialHandshake(SSLSocketImpl.java:1388)
	at sun.security.ssl.SSLSocketImpl.startHandshake(SSLSocketImpl.java:1416)
	at sun.security.ssl.SSLSocketImpl.startHandshake(SSLSocketImpl.java:1400)
	at org.apache.zookeeper.client.FourLetterWordMain.send4LetterWord(FourLetterWordMain.java:105)
	at org.apache.zookeeper.client.FourLetterWordMain.send4LetterWord(FourLetterWordMain.java:73)
	at org.apache.zookeeper.test.ClientBase.waitForServerUp(ClientBase.java:261)
	at org.apache.zookeeper.test.ClientBase.startServerInstance(ClientBase.java:401)
	at org.apache.zookeeper.test.ClientBase.startServer(ClientBase.java:516)
	at org.apache.zookeeper.test.ClientBase.setUpWithServerId(ClientBase.java:499)
	at org.apache.zookeeper.test.ClientBase.setUp(ClientBase.java:474)
	at org.apache.zookeeper.test.SaslDigestAuthOverSSLTest.setUp(SaslDigestAuthOverSSLTest.java:62)
	at sun.reflect.NativeMethodAccessorImpl.invoke0(Native Method)
	at sun.reflect.NativeMethodAccessorImpl.invoke(NativeMethodAccessorImpl.java:62)
	at sun.reflect.DelegatingMethodAccessorImpl.invoke(DelegatingMethodAccessorImpl.java:43)
	at java.lang.reflect.Method.invoke(Method.java:498)
	at org.junit.runners.model.FrameworkMethod$1.runReflectiveCall(FrameworkMethod.java:50)
	at org.junit.internal.runners.model.ReflectiveCallable.run(ReflectiveCallable.java:12)
	at org.junit.runners.model.FrameworkMethod.invokeExplosively(FrameworkMethod.java:47)
	at mockit.integration.junit4.JUnit4TestRunnerDecorator.invokeExplosively(JUnit4TestRunnerDecorator.java:49)
	at mockit.integration.junit4.FakeFrameworkMethod.invokeExplosively(FakeFrameworkMethod.java:29)
	at org.junit.runners.model.FrameworkMethod.invokeExplosively(FrameworkMethod.java)
	at org.junit.internal.runners.statements.RunBefores.evaluate(RunBefores.java:24)
	at org.junit.internal.runners.statements.RunAfters.evaluate(RunAfters.java:27)
	at org.junit.rules.TestWatcher$1.evaluate(TestWatcher.java:55)
	at org.junit.rules.RunRules.evaluate(RunRules.java:20)
	at org.junit.runners.ParentRunner.runLeaf(ParentRunner.java:325)
	at org.junit.runners.BlockJUnit4ClassRunner.runChild(BlockJUnit4ClassRunner.java:78)
	at org.junit.runners.BlockJUnit4ClassRunner.runChild(BlockJUnit4ClassRunner.java:57)
	at org.junit.runners.ParentRunner$3.run(ParentRunner.java:290)
	at org.junit.runners.ParentRunner$1.schedule(ParentRunner.java:71)
	at org.junit.runners.ParentRunner.runChildren(ParentRunner.java:288)
	at org.junit.runners.ParentRunner.access$000(ParentRunner.java:58)
	at org.junit.runners.ParentRunner$2.evaluate(ParentRunner.java:268)
	at org.junit.internal.runners.statements.RunBefores.evaluate(RunBefores.java:26)
	at org.junit.runners.ParentRunner.run(ParentRunner.java:363)
	at org.apache.maven.surefire.junit4.JUnit4Provider.execute(JUnit4Provider.java:365)
	at org.apache.maven.surefire.junit4.JUnit4Provider.executeWithRerun(JUnit4Provider.java:273)
	at org.apache.maven.surefire.junit4.JUnit4Provider.executeTestSet(JUnit4Provider.java:238)
	at org.apache.maven.surefire.junit4.JUnit4Provider.invoke(JUnit4Provider.java:159)
	at org.apache.maven.surefire.booter.ForkedBooter.invokeProviderInSameClassLoader(ForkedBooter.java:384)
	at org.apache.maven.surefire.booter.ForkedBooter.runSuitesInProcess(ForkedBooter.java:345)
	at org.apache.maven.surefire.booter.ForkedBooter.execute(ForkedBooter.java:126)
	at org.apache.maven.surefire.booter.ForkedBooter.main(ForkedBooter.java:418)
Caused by: java.security.cert.CertificateException: Failed to verify both host address and host name
	at org.apache.zookeeper.common.ZKTrustManager.performHostVerification(ZKTrustManager.java:163)
	at org.apache.zookeeper.common.ZKTrustManager.checkServerTrusted(ZKTrustManager.java:90)
	at sun.security.ssl.ClientHandshaker.serverCertificate(ClientHandshaker.java:1670)
	... 47 more
Caused by: javax.net.ssl.SSLPeerUnverifiedException: Certificate for <activate.navicat.com> doesn't match common name of the certificate subject: localhost
	at org.apache.zookeeper.common.ZKHostnameVerifier.matchCN(ZKHostnameVerifier.java:238)
	at org.apache.zookeeper.common.ZKHostnameVerifier.verify(ZKHostnameVerifier.java:184)
	at org.apache.zookeeper.common.ZKTrustManager.performHostVerification(ZKTrustManager.java:159)
	... 49 more
2020-06-22 14:22:37,746 [myid:] - ERROR [nioEventLoopGroup-4-1:NettyServerCnxnFactory$CertificateVerifier@434] - Unsuccessful handshake with session 0x0
2020-06-22 14:22:37,747 [myid:] - WARN  [nioEventLoopGroup-4-1:NettyServerCnxnFactory$CnxnChannelHandler@273] - Exception caught
io.netty.handler.codec.DecoderException: javax.net.ssl.SSLException: Received fatal alert: certificate_unknown
	at io.netty.handler.codec.ByteToMessageDecoder.callDecode(ByteToMessageDecoder.java:468)
	at io.netty.handler.codec.ByteToMessageDecoder.channelRead(ByteToMessageDecoder.java:276)
	at io.netty.channel.AbstractChannelHandlerContext.invokeChannelRead(AbstractChannelHandlerContext.java:379)
	at io.netty.channel.AbstractChannelHandlerContext.invokeChannelRead(AbstractChannelHandlerContext.java:365)
	at io.netty.channel.AbstractChannelHandlerContext.fireChannelRead(AbstractChannelHandlerContext.java:357)
	at io.netty.channel.DefaultChannelPipeline$HeadContext.channelRead(DefaultChannelPipeline.java:1410)
	at io.netty.channel.AbstractChannelHandlerContext.invokeChannelRead(AbstractChannelHandlerContext.java:379)
	at io.netty.channel.AbstractChannelHandlerContext.invokeChannelRead(AbstractChannelHandlerContext.java:365)
	at io.netty.channel.DefaultChannelPipeline.fireChannelRead(DefaultChannelPipeline.java:919)
	at io.netty.channel.nio.AbstractNioByteChannel$NioByteUnsafe.read(AbstractNioByteChannel.java:163)
	at io.netty.channel.nio.NioEventLoop.processSelectedKey(NioEventLoop.java:714)
	at io.netty.channel.nio.NioEventLoop.processSelectedKeysOptimized(NioEventLoop.java:650)
	at io.netty.channel.nio.NioEventLoop.processSelectedKeys(NioEventLoop.java:576)
	at io.netty.channel.nio.NioEventLoop.run(NioEventLoop.java:493)
	at io.netty.util.concurrent.SingleThreadEventExecutor$4.run(SingleThreadEventExecutor.java:989)
	at io.netty.util.internal.ThreadExecutorMap$2.run(ThreadExecutorMap.java:74)
	at io.netty.util.concurrent.FastThreadLocalRunnable.run(FastThreadLocalRunnable.java:30)
	at java.lang.Thread.run(Thread.java:748)
Caused by: javax.net.ssl.SSLException: Received fatal alert: certificate_unknown
	at sun.security.ssl.Alerts.getSSLException(Alerts.java:214)
	at sun.security.ssl.SSLEngineImpl.fatal(SSLEngineImpl.java:1667)
	at sun.security.ssl.SSLEngineImpl.fatal(SSLEngineImpl.java:1635)
	at sun.security.ssl.SSLEngineImpl.recvAlert(SSLEngineImpl.java:1801)
	at sun.security.ssl.SSLEngineImpl.readRecord(SSLEngineImpl.java:1090)
	at sun.security.ssl.SSLEngineImpl.readNetRecord(SSLEngineImpl.java:913)
	at sun.security.ssl.SSLEngineImpl.unwrap(SSLEngineImpl.java:783)
	at javax.net.ssl.SSLEngine.unwrap(SSLEngine.java:626)
	at io.netty.handler.ssl.SslHandler$SslEngineType$3.unwrap(SslHandler.java:281)
	at io.netty.handler.ssl.SslHandler.unwrap(SslHandler.java:1340)
	at io.netty.handler.ssl.SslHandler.decodeJdkCompatible(SslHandler.java:1235)
	at io.netty.handler.ssl.SslHandler.decode(SslHandler.java:1282)
	at io.netty.handler.codec.ByteToMessageDecoder.decodeRemovalReentryProtection(ByteToMessageDecoder.java:498)
	at io.netty.handler.codec.ByteToMessageDecoder.callDecode(ByteToMessageDecoder.java:437)
	... 17 more
2020-06-22 14:22:37,748 [myid:] - WARN  [nioEventLoopGroup-4-1:NettyServerCnxnFactory$CnxnChannelHandler@273] - Exception caught
io.netty.handler.codec.DecoderException: javax.net.ssl.SSLException: Received fatal alert: certificate_unknown
	at io.netty.handler.codec.ByteToMessageDecoder.callDecode(ByteToMessageDecoder.java:468)
	at io.netty.handler.codec.ByteToMessageDecoder.channelInputClosed(ByteToMessageDecoder.java:401)
	at io.netty.handler.codec.ByteToMessageDecoder.channelInputClosed(ByteToMessageDecoder.java:368)
	at io.netty.handler.codec.ByteToMessageDecoder.channelInactive(ByteToMessageDecoder.java:351)
	at io.netty.handler.ssl.SslHandler.channelInactive(SslHandler.java:1084)
	at io.netty.channel.AbstractChannelHandlerContext.invokeChannelInactive(AbstractChannelHandlerContext.java:262)
	at io.netty.channel.AbstractChannelHandlerContext.invokeChannelInactive(AbstractChannelHandlerContext.java:248)
	at io.netty.channel.AbstractChannelHandlerContext.fireChannelInactive(AbstractChannelHandlerContext.java:241)
	at io.netty.channel.DefaultChannelPipeline$HeadContext.channelInactive(DefaultChannelPipeline.java:1405)
	at io.netty.channel.AbstractChannelHandlerContext.invokeChannelInactive(AbstractChannelHandlerContext.java:262)
	at io.netty.channel.AbstractChannelHandlerContext.invokeChannelInactive(AbstractChannelHandlerContext.java:248)
	at io.netty.channel.DefaultChannelPipeline.fireChannelInactive(DefaultChannelPipeline.java:901)
	at io.netty.channel.AbstractChannel$AbstractUnsafe$8.run(AbstractChannel.java:818)
	at io.netty.util.concurrent.AbstractEventExecutor.safeExecute(AbstractEventExecutor.java:164)
	at io.netty.util.concurrent.SingleThreadEventExecutor.runAllTasks(SingleThreadEventExecutor.java:472)
	at io.netty.channel.nio.NioEventLoop.run(NioEventLoop.java:497)
	at io.netty.util.concurrent.SingleThreadEventExecutor$4.run(SingleThreadEventExecutor.java:989)
	at io.netty.util.internal.ThreadExecutorMap$2.run(ThreadExecutorMap.java:74)
	at io.netty.util.concurrent.FastThreadLocalRunnable.run(FastThreadLocalRunnable.java:30)
	at java.lang.Thread.run(Thread.java:748)
Caused by: javax.net.ssl.SSLException: Received fatal alert: certificate_unknown
	at sun.security.ssl.Alerts.getSSLException(Alerts.java:214)
	at sun.security.ssl.SSLEngineImpl.fatal(SSLEngineImpl.java:1667)
	at sun.security.ssl.SSLEngineImpl.fatal(SSLEngineImpl.java:1635)
	at sun.security.ssl.SSLEngineImpl.recvAlert(SSLEngineImpl.java:1801)
	at sun.security.ssl.SSLEngineImpl.readRecord(SSLEngineImpl.java:1090)
	at sun.security.ssl.SSLEngineImpl.readNetRecord(SSLEngineImpl.java:913)
	at sun.security.ssl.SSLEngineImpl.unwrap(SSLEngineImpl.java:783)
	at javax.net.ssl.SSLEngine.unwrap(SSLEngine.java:626)
	at io.netty.handler.ssl.SslHandler$SslEngineType$3.unwrap(SslHandler.java:281)
	at io.netty.handler.ssl.SslHandler.unwrap(SslHandler.java:1340)
	at io.netty.handler.ssl.SslHandler.decodeJdkCompatible(SslHandler.java:1235)
	at io.netty.handler.ssl.SslHandler.decode(SslHandler.java:1282)
	at io.netty.handler.codec.ByteToMessageDecoder.decodeRemovalReentryProtection(ByteToMessageDecoder.java:498)
	at io.netty.handler.codec.ByteToMessageDecoder.callDecode(ByteToMessageDecoder.java:437)
	... 19 more
2020-06-22 14:22:37,996 [myid:] - INFO  [main:FourLetterWordMain@93] - connecting to 127.0.0.1 21995
2020-06-22 14:22:37,996 [myid:] - INFO  [main:FourLetterWordMain@99] - using secure socket
2020-06-22 14:22:38,010 [myid:] - ERROR [main:ZKTrustManager@161] - Failed to verify host address: 127.0.0.1
javax.net.ssl.SSLPeerUnverifiedException: Certificate for <127.0.0.1> doesn't match common name of the certificate subject: localhost
	at org.apache.zookeeper.common.ZKHostnameVerifier.matchCN(ZKHostnameVerifier.java:238)
	at org.apache.zookeeper.common.ZKHostnameVerifier.verify(ZKHostnameVerifier.java:184)
	at org.apache.zookeeper.common.ZKTrustManager.performHostVerification(ZKTrustManager.java:151)
	at org.apache.zookeeper.common.ZKTrustManager.checkServerTrusted(ZKTrustManager.java:90)
	at sun.security.ssl.ClientHandshaker.serverCertificate(ClientHandshaker.java:1670)
	at sun.security.ssl.ClientHandshaker.processMessage(ClientHandshaker.java:226)
	at sun.security.ssl.Handshaker.processLoop(Handshaker.java:1082)
	at sun.security.ssl.Handshaker.process_record(Handshaker.java:1010)
	at sun.security.ssl.SSLSocketImpl.readRecord(SSLSocketImpl.java:1079)
	at sun.security.ssl.SSLSocketImpl.performInitialHandshake(SSLSocketImpl.java:1388)
	at sun.security.ssl.SSLSocketImpl.startHandshake(SSLSocketImpl.java:1416)
	at sun.security.ssl.SSLSocketImpl.startHandshake(SSLSocketImpl.java:1400)
	at org.apache.zookeeper.client.FourLetterWordMain.send4LetterWord(FourLetterWordMain.java:105)
	at org.apache.zookeeper.client.FourLetterWordMain.send4LetterWord(FourLetterWordMain.java:73)
	at org.apache.zookeeper.test.ClientBase.waitForServerUp(ClientBase.java:261)
	at org.apache.zookeeper.test.ClientBase.startServerInstance(ClientBase.java:401)
	at org.apache.zookeeper.test.ClientBase.startServer(ClientBase.java:516)
	at org.apache.zookeeper.test.ClientBase.setUpWithServerId(ClientBase.java:499)
	at org.apache.zookeeper.test.ClientBase.setUp(ClientBase.java:474)
	at org.apache.zookeeper.test.SaslDigestAuthOverSSLTest.setUp(SaslDigestAuthOverSSLTest.java:62)
	at sun.reflect.NativeMethodAccessorImpl.invoke0(Native Method)
	at sun.reflect.NativeMethodAccessorImpl.invoke(NativeMethodAccessorImpl.java:62)
	at sun.reflect.DelegatingMethodAccessorImpl.invoke(DelegatingMethodAccessorImpl.java:43)
	at java.lang.reflect.Method.invoke(Method.java:498)
	at org.junit.runners.model.FrameworkMethod$1.runReflectiveCall(FrameworkMethod.java:50)
	at org.junit.internal.runners.model.ReflectiveCallable.run(ReflectiveCallable.java:12)
	at org.junit.runners.model.FrameworkMethod.invokeExplosively(FrameworkMethod.java:47)
	at mockit.integration.junit4.JUnit4TestRunnerDecorator.invokeExplosively(JUnit4TestRunnerDecorator.java:49)
	at mockit.integration.junit4.FakeFrameworkMethod.invokeExplosively(FakeFrameworkMethod.java:29)
	at org.junit.runners.model.FrameworkMethod.invokeExplosively(FrameworkMethod.java)
	at org.junit.internal.runners.statements.RunBefores.evaluate(RunBefores.java:24)
	at org.junit.internal.runners.statements.RunAfters.evaluate(RunAfters.java:27)
	at org.junit.rules.TestWatcher$1.evaluate(TestWatcher.java:55)
	at org.junit.rules.RunRules.evaluate(RunRules.java:20)
	at org.junit.runners.ParentRunner.runLeaf(ParentRunner.java:325)
	at org.junit.runners.BlockJUnit4ClassRunner.runChild(BlockJUnit4ClassRunner.java:78)
	at org.junit.runners.BlockJUnit4ClassRunner.runChild(BlockJUnit4ClassRunner.java:57)
	at org.junit.runners.ParentRunner$3.run(ParentRunner.java:290)
	at org.junit.runners.ParentRunner$1.schedule(ParentRunner.java:71)
	at org.junit.runners.ParentRunner.runChildren(ParentRunner.java:288)
	at org.junit.runners.ParentRunner.access$000(ParentRunner.java:58)
	at org.junit.runners.ParentRunner$2.evaluate(ParentRunner.java:268)
	at org.junit.internal.runners.statements.RunBefores.evaluate(RunBefores.java:26)
	at org.junit.runners.ParentRunner.run(ParentRunner.java:363)
	at org.apache.maven.surefire.junit4.JUnit4Provider.execute(JUnit4Provider.java:365)
	at org.apache.maven.surefire.junit4.JUnit4Provider.executeWithRerun(JUnit4Provider.java:273)
	at org.apache.maven.surefire.junit4.JUnit4Provider.executeTestSet(JUnit4Provider.java:238)
	at org.apache.maven.surefire.junit4.JUnit4Provider.invoke(JUnit4Provider.java:159)
	at org.apache.maven.surefire.booter.ForkedBooter.invokeProviderInSameClassLoader(ForkedBooter.java:384)
	at org.apache.maven.surefire.booter.ForkedBooter.runSuitesInProcess(ForkedBooter.java:345)
	at org.apache.maven.surefire.booter.ForkedBooter.execute(ForkedBooter.java:126)
	at org.apache.maven.surefire.booter.ForkedBooter.main(ForkedBooter.java:418)
2020-06-22 14:22:38,011 [myid:] - ERROR [main:ZKTrustManager@162] - Failed to verify hostname: activate.navicat.com
javax.net.ssl.SSLPeerUnverifiedException: Certificate for <activate.navicat.com> doesn't match common name of the certificate subject: localhost
	at org.apache.zookeeper.common.ZKHostnameVerifier.matchCN(ZKHostnameVerifier.java:238)
	at org.apache.zookeeper.common.ZKHostnameVerifier.verify(ZKHostnameVerifier.java:184)
	at org.apache.zookeeper.common.ZKTrustManager.performHostVerification(ZKTrustManager.java:159)
	at org.apache.zookeeper.common.ZKTrustManager.checkServerTrusted(ZKTrustManager.java:90)
	at sun.security.ssl.ClientHandshaker.serverCertificate(ClientHandshaker.java:1670)
	at sun.security.ssl.ClientHandshaker.processMessage(ClientHandshaker.java:226)
	at sun.security.ssl.Handshaker.processLoop(Handshaker.java:1082)
	at sun.security.ssl.Handshaker.process_record(Handshaker.java:1010)
	at sun.security.ssl.SSLSocketImpl.readRecord(SSLSocketImpl.java:1079)
	at sun.security.ssl.SSLSocketImpl.performInitialHandshake(SSLSocketImpl.java:1388)
	at sun.security.ssl.SSLSocketImpl.startHandshake(SSLSocketImpl.java:1416)
	at sun.security.ssl.SSLSocketImpl.startHandshake(SSLSocketImpl.java:1400)
	at org.apache.zookeeper.client.FourLetterWordMain.send4LetterWord(FourLetterWordMain.java:105)
	at org.apache.zookeeper.client.FourLetterWordMain.send4LetterWord(FourLetterWordMain.java:73)
	at org.apache.zookeeper.test.ClientBase.waitForServerUp(ClientBase.java:261)
	at org.apache.zookeeper.test.ClientBase.startServerInstance(ClientBase.java:401)
	at org.apache.zookeeper.test.ClientBase.startServer(ClientBase.java:516)
	at org.apache.zookeeper.test.ClientBase.setUpWithServerId(ClientBase.java:499)
	at org.apache.zookeeper.test.ClientBase.setUp(ClientBase.java:474)
	at org.apache.zookeeper.test.SaslDigestAuthOverSSLTest.setUp(SaslDigestAuthOverSSLTest.java:62)
	at sun.reflect.NativeMethodAccessorImpl.invoke0(Native Method)
	at sun.reflect.NativeMethodAccessorImpl.invoke(NativeMethodAccessorImpl.java:62)
	at sun.reflect.DelegatingMethodAccessorImpl.invoke(DelegatingMethodAccessorImpl.java:43)
	at java.lang.reflect.Method.invoke(Method.java:498)
	at org.junit.runners.model.FrameworkMethod$1.runReflectiveCall(FrameworkMethod.java:50)
	at org.junit.internal.runners.model.ReflectiveCallable.run(ReflectiveCallable.java:12)
	at org.junit.runners.model.FrameworkMethod.invokeExplosively(FrameworkMethod.java:47)
	at mockit.integration.junit4.JUnit4TestRunnerDecorator.invokeExplosively(JUnit4TestRunnerDecorator.java:49)
	at mockit.integration.junit4.FakeFrameworkMethod.invokeExplosively(FakeFrameworkMethod.java:29)
	at org.junit.runners.model.FrameworkMethod.invokeExplosively(FrameworkMethod.java)
	at org.junit.internal.runners.statements.RunBefores.evaluate(RunBefores.java:24)
	at org.junit.internal.runners.statements.RunAfters.evaluate(RunAfters.java:27)
	at org.junit.rules.TestWatcher$1.evaluate(TestWatcher.java:55)
	at org.junit.rules.RunRules.evaluate(RunRules.java:20)
	at org.junit.runners.ParentRunner.runLeaf(ParentRunner.java:325)
	at org.junit.runners.BlockJUnit4ClassRunner.runChild(BlockJUnit4ClassRunner.java:78)
	at org.junit.runners.BlockJUnit4ClassRunner.runChild(BlockJUnit4ClassRunner.java:57)
	at org.junit.runners.ParentRunner$3.run(ParentRunner.java:290)
	at org.junit.runners.ParentRunner$1.schedule(ParentRunner.java:71)
	at org.junit.runners.ParentRunner.runChildren(ParentRunner.java:288)
	at org.junit.runners.ParentRunner.access$000(ParentRunner.java:58)
	at org.junit.runners.ParentRunner$2.evaluate(ParentRunner.java:268)
	at org.junit.internal.runners.statements.RunBefores.evaluate(RunBefores.java:26)
	at org.junit.runners.ParentRunner.run(ParentRunner.java:363)
	at org.apache.maven.surefire.junit4.JUnit4Provider.execute(JUnit4Provider.java:365)
	at org.apache.maven.surefire.junit4.JUnit4Provider.executeWithRerun(JUnit4Provider.java:273)
	at org.apache.maven.surefire.junit4.JUnit4Provider.executeTestSet(JUnit4Provider.java:238)
	at org.apache.maven.surefire.junit4.JUnit4Provider.invoke(JUnit4Provider.java:159)
	at org.apache.maven.surefire.booter.ForkedBooter.invokeProviderInSameClassLoader(ForkedBooter.java:384)
	at org.apache.maven.surefire.booter.ForkedBooter.runSuitesInProcess(ForkedBooter.java:345)
	at org.apache.maven.surefire.booter.ForkedBooter.execute(ForkedBooter.java:126)
	at org.apache.maven.surefire.booter.ForkedBooter.main(ForkedBooter.java:418)
2020-06-22 14:22:38,011 [myid:] - INFO  [main:ClientBase@270] - server 127.0.0.1:21995 not up
javax.net.ssl.SSLHandshakeException: java.security.cert.CertificateException: Failed to verify both host address and host name
	at sun.security.ssl.Alerts.getSSLException(Alerts.java:198)
	at sun.security.ssl.SSLSocketImpl.fatal(SSLSocketImpl.java:1967)
	at sun.security.ssl.Handshaker.fatalSE(Handshaker.java:331)
	at sun.security.ssl.Handshaker.fatalSE(Handshaker.java:325)
	at sun.security.ssl.ClientHandshaker.serverCertificate(ClientHandshaker.java:1688)
	at sun.security.ssl.ClientHandshaker.processMessage(ClientHandshaker.java:226)
	at sun.security.ssl.Handshaker.processLoop(Handshaker.java:1082)
	at sun.security.ssl.Handshaker.process_record(Handshaker.java:1010)
	at sun.security.ssl.SSLSocketImpl.readRecord(SSLSocketImpl.java:1079)
	at sun.security.ssl.SSLSocketImpl.performInitialHandshake(SSLSocketImpl.java:1388)
	at sun.security.ssl.SSLSocketImpl.startHandshake(SSLSocketImpl.java:1416)
	at sun.security.ssl.SSLSocketImpl.startHandshake(SSLSocketImpl.java:1400)
	at org.apache.zookeeper.client.FourLetterWordMain.send4LetterWord(FourLetterWordMain.java:105)
	at org.apache.zookeeper.client.FourLetterWordMain.send4LetterWord(FourLetterWordMain.java:73)
	at org.apache.zookeeper.test.ClientBase.waitForServerUp(ClientBase.java:261)
	at org.apache.zookeeper.test.ClientBase.startServerInstance(ClientBase.java:401)
	at org.apache.zookeeper.test.ClientBase.startServer(ClientBase.java:516)
	at org.apache.zookeeper.test.ClientBase.setUpWithServerId(ClientBase.java:499)
	at org.apache.zookeeper.test.ClientBase.setUp(ClientBase.java:474)
	at org.apache.zookeeper.test.SaslDigestAuthOverSSLTest.setUp(SaslDigestAuthOverSSLTest.java:62)
	at sun.reflect.NativeMethodAccessorImpl.invoke0(Native Method)
	at sun.reflect.NativeMethodAccessorImpl.invoke(NativeMethodAccessorImpl.java:62)
	at sun.reflect.DelegatingMethodAccessorImpl.invoke(DelegatingMethodAccessorImpl.java:43)
	at java.lang.reflect.Method.invoke(Method.java:498)
	at org.junit.runners.model.FrameworkMethod$1.runReflectiveCall(FrameworkMethod.java:50)
	at org.junit.internal.runners.model.ReflectiveCallable.run(ReflectiveCallable.java:12)
	at org.junit.runners.model.FrameworkMethod.invokeExplosively(FrameworkMethod.java:47)
	at mockit.integration.junit4.JUnit4TestRunnerDecorator.invokeExplosively(JUnit4TestRunnerDecorator.java:49)
	at mockit.integration.junit4.FakeFrameworkMethod.invokeExplosively(FakeFrameworkMethod.java:29)
	at org.junit.runners.model.FrameworkMethod.invokeExplosively(FrameworkMethod.java)
	at org.junit.internal.runners.statements.RunBefores.evaluate(RunBefores.java:24)
	at org.junit.internal.runners.statements.RunAfters.evaluate(RunAfters.java:27)
	at org.junit.rules.TestWatcher$1.evaluate(TestWatcher.java:55)
	at org.junit.rules.RunRules.evaluate(RunRules.java:20)
	at org.junit.runners.ParentRunner.runLeaf(ParentRunner.java:325)
	at org.junit.runners.BlockJUnit4ClassRunner.runChild(BlockJUnit4ClassRunner.java:78)
	at org.junit.runners.BlockJUnit4ClassRunner.runChild(BlockJUnit4ClassRunner.java:57)
	at org.junit.runners.ParentRunner$3.run(ParentRunner.java:290)
	at org.junit.runners.ParentRunner$1.schedule(ParentRunner.java:71)
	at org.junit.runners.ParentRunner.runChildren(ParentRunner.java:288)
	at org.junit.runners.ParentRunner.access$000(ParentRunner.java:58)
	at org.junit.runners.ParentRunner$2.evaluate(ParentRunner.java:268)
	at org.junit.internal.runners.statements.RunBefores.evaluate(RunBefores.java:26)
	at org.junit.runners.ParentRunner.run(ParentRunner.java:363)
	at org.apache.maven.surefire.junit4.JUnit4Provider.execute(JUnit4Provider.java:365)
	at org.apache.maven.surefire.junit4.JUnit4Provider.executeWithRerun(JUnit4Provider.java:273)
	at org.apache.maven.surefire.junit4.JUnit4Provider.executeTestSet(JUnit4Provider.java:238)
	at org.apache.maven.surefire.junit4.JUnit4Provider.invoke(JUnit4Provider.java:159)
	at org.apache.maven.surefire.booter.ForkedBooter.invokeProviderInSameClassLoader(ForkedBooter.java:384)
	at org.apache.maven.surefire.booter.ForkedBooter.runSuitesInProcess(ForkedBooter.java:345)
	at org.apache.maven.surefire.booter.ForkedBooter.execute(ForkedBooter.java:126)
	at org.apache.maven.surefire.booter.ForkedBooter.main(ForkedBooter.java:418)
Caused by: java.security.cert.CertificateException: Failed to verify both host address and host name
	at org.apache.zookeeper.common.ZKTrustManager.performHostVerification(ZKTrustManager.java:163)
	at org.apache.zookeeper.common.ZKTrustManager.checkServerTrusted(ZKTrustManager.java:90)
	at sun.security.ssl.ClientHandshaker.serverCertificate(ClientHandshaker.java:1670)
	... 47 more
Caused by: javax.net.ssl.SSLPeerUnverifiedException: Certificate for <activate.navicat.com> doesn't match common name of the certificate subject: localhost
	at org.apache.zookeeper.common.ZKHostnameVerifier.matchCN(ZKHostnameVerifier.java:238)
	at org.apache.zookeeper.common.ZKHostnameVerifier.verify(ZKHostnameVerifier.java:184)
	at org.apache.zookeeper.common.ZKTrustManager.performHostVerification(ZKTrustManager.java:159)
	... 49 more
2020-06-22 14:22:38,012 [myid:] - ERROR [nioEventLoopGroup-4-2:NettyServerCnxnFactory$CertificateVerifier@434] - Unsuccessful handshake with session 0x0
2020-06-22 14:22:38,013 [myid:] - WARN  [nioEventLoopGroup-4-2:NettyServerCnxnFactory$CnxnChannelHandler@273] - Exception caught
io.netty.handler.codec.DecoderException: javax.net.ssl.SSLException: Received fatal alert: certificate_unknown
	at io.netty.handler.codec.ByteToMessageDecoder.callDecode(ByteToMessageDecoder.java:468)
	at io.netty.handler.codec.ByteToMessageDecoder.channelRead(ByteToMessageDecoder.java:276)
	at io.netty.channel.AbstractChannelHandlerContext.invokeChannelRead(AbstractChannelHandlerContext.java:379)
	at io.netty.channel.AbstractChannelHandlerContext.invokeChannelRead(AbstractChannelHandlerContext.java:365)
	at io.netty.channel.AbstractChannelHandlerContext.fireChannelRead(AbstractChannelHandlerContext.java:357)
	at io.netty.channel.DefaultChannelPipeline$HeadContext.channelRead(DefaultChannelPipeline.java:1410)
	at io.netty.channel.AbstractChannelHandlerContext.invokeChannelRead(AbstractChannelHandlerContext.java:379)
	at io.netty.channel.AbstractChannelHandlerContext.invokeChannelRead(AbstractChannelHandlerContext.java:365)
	at io.netty.channel.DefaultChannelPipeline.fireChannelRead(DefaultChannelPipeline.java:919)
	at io.netty.channel.nio.AbstractNioByteChannel$NioByteUnsafe.read(AbstractNioByteChannel.java:163)
	at io.netty.channel.nio.NioEventLoop.processSelectedKey(NioEventLoop.java:714)
	at io.netty.channel.nio.NioEventLoop.processSelectedKeysOptimized(NioEventLoop.java:650)
	at io.netty.channel.nio.NioEventLoop.processSelectedKeys(NioEventLoop.java:576)
	at io.netty.channel.nio.NioEventLoop.run(NioEventLoop.java:493)
	at io.netty.util.concurrent.SingleThreadEventExecutor$4.run(SingleThreadEventExecutor.java:989)
	at io.netty.util.internal.ThreadExecutorMap$2.run(ThreadExecutorMap.java:74)
	at io.netty.util.concurrent.FastThreadLocalRunnable.run(FastThreadLocalRunnable.java:30)
	at java.lang.Thread.run(Thread.java:748)
Caused by: javax.net.ssl.SSLException: Received fatal alert: certificate_unknown
	at sun.security.ssl.Alerts.getSSLException(Alerts.java:214)
	at sun.security.ssl.SSLEngineImpl.fatal(SSLEngineImpl.java:1667)
	at sun.security.ssl.SSLEngineImpl.fatal(SSLEngineImpl.java:1635)
	at sun.security.ssl.SSLEngineImpl.recvAlert(SSLEngineImpl.java:1801)
	at sun.security.ssl.SSLEngineImpl.readRecord(SSLEngineImpl.java:1090)
	at sun.security.ssl.SSLEngineImpl.readNetRecord(SSLEngineImpl.java:913)
	at sun.security.ssl.SSLEngineImpl.unwrap(SSLEngineImpl.java:783)
	at javax.net.ssl.SSLEngine.unwrap(SSLEngine.java:626)
	at io.netty.handler.ssl.SslHandler$SslEngineType$3.unwrap(SslHandler.java:281)
	at io.netty.handler.ssl.SslHandler.unwrap(SslHandler.java:1340)
	at io.netty.handler.ssl.SslHandler.decodeJdkCompatible(SslHandler.java:1235)
	at io.netty.handler.ssl.SslHandler.decode(SslHandler.java:1282)
	at io.netty.handler.codec.ByteToMessageDecoder.decodeRemovalReentryProtection(ByteToMessageDecoder.java:498)
	at io.netty.handler.codec.ByteToMessageDecoder.callDecode(ByteToMessageDecoder.java:437)
	... 17 more
2020-06-22 14:22:38,014 [myid:] - WARN  [nioEventLoopGroup-4-2:NettyServerCnxnFactory$CnxnChannelHandler@273] - Exception caught
io.netty.handler.codec.DecoderException: javax.net.ssl.SSLException: Received fatal alert: certificate_unknown
	at io.netty.handler.codec.ByteToMessageDecoder.callDecode(ByteToMessageDecoder.java:468)
	at io.netty.handler.codec.ByteToMessageDecoder.channelInputClosed(ByteToMessageDecoder.java:401)
	at io.netty.handler.codec.ByteToMessageDecoder.channelInputClosed(ByteToMessageDecoder.java:368)
	at io.netty.handler.codec.ByteToMessageDecoder.channelInactive(ByteToMessageDecoder.java:351)
	at io.netty.handler.ssl.SslHandler.channelInactive(SslHandler.java:1084)
	at io.netty.channel.AbstractChannelHandlerContext.invokeChannelInactive(AbstractChannelHandlerContext.java:262)
	at io.netty.channel.AbstractChannelHandlerContext.invokeChannelInactive(AbstractChannelHandlerContext.java:248)
	at io.netty.channel.AbstractChannelHandlerContext.fireChannelInactive(AbstractChannelHandlerContext.java:241)
	at io.netty.channel.DefaultChannelPipeline$HeadContext.channelInactive(DefaultChannelPipeline.java:1405)
	at io.netty.channel.AbstractChannelHandlerContext.invokeChannelInactive(AbstractChannelHandlerContext.java:262)
	at io.netty.channel.AbstractChannelHandlerContext.invokeChannelInactive(AbstractChannelHandlerContext.java:248)
	at io.netty.channel.DefaultChannelPipeline.fireChannelInactive(DefaultChannelPipeline.java:901)
	at io.netty.channel.AbstractChannel$AbstractUnsafe$8.run(AbstractChannel.java:818)
	at io.netty.util.concurrent.AbstractEventExecutor.safeExecute(AbstractEventExecutor.java:164)
	at io.netty.util.concurrent.SingleThreadEventExecutor.runAllTasks(SingleThreadEventExecutor.java:472)
	at io.netty.channel.nio.NioEventLoop.run(NioEventLoop.java:497)
	at io.netty.util.concurrent.SingleThreadEventExecutor$4.run(SingleThreadEventExecutor.java:989)
	at io.netty.util.internal.ThreadExecutorMap$2.run(ThreadExecutorMap.java:74)
	at io.netty.util.concurrent.FastThreadLocalRunnable.run(FastThreadLocalRunnable.java:30)
	at java.lang.Thread.run(Thread.java:748)
Caused by: javax.net.ssl.SSLException: Received fatal alert: certificate_unknown
	at sun.security.ssl.Alerts.getSSLException(Alerts.java:214)
	at sun.security.ssl.SSLEngineImpl.fatal(SSLEngineImpl.java:1667)
	at sun.security.ssl.SSLEngineImpl.fatal(SSLEngineImpl.java:1635)
	at sun.security.ssl.SSLEngineImpl.recvAlert(SSLEngineImpl.java:1801)
	at sun.security.ssl.SSLEngineImpl.readRecord(SSLEngineImpl.java:1090)
	at sun.security.ssl.SSLEngineImpl.readNetRecord(SSLEngineImpl.java:913)
	at sun.security.ssl.SSLEngineImpl.unwrap(SSLEngineImpl.java:783)
	at javax.net.ssl.SSLEngine.unwrap(SSLEngine.java:626)
	at io.netty.handler.ssl.SslHandler$SslEngineType$3.unwrap(SslHandler.java:281)
	at io.netty.handler.ssl.SslHandler.unwrap(SslHandler.java:1340)
	at io.netty.handler.ssl.SslHandler.decodeJdkCompatible(SslHandler.java:1235)
	at io.netty.handler.ssl.SslHandler.decode(SslHandler.java:1282)
	at io.netty.handler.codec.ByteToMessageDecoder.decodeRemovalReentryProtection(ByteToMessageDecoder.java:498)
	at io.netty.handler.codec.ByteToMessageDecoder.callDecode(ByteToMessageDecoder.java:437)
	... 19 more
2020-06-22 14:22:38,263 [myid:] - INFO  [main:FourLetterWordMain@93] - connecting to 127.0.0.1 21995
2020-06-22 14:22:38,263 [myid:] - INFO  [main:FourLetterWordMain@99] - using secure socket
2020-06-22 14:22:38,272 [myid:] - ERROR [main:ZKTrustManager@161] - Failed to verify host address: 127.0.0.1
javax.net.ssl.SSLPeerUnverifiedException: Certificate for <127.0.0.1> doesn't match common name of the certificate subject: localhost
	at org.apache.zookeeper.common.ZKHostnameVerifier.matchCN(ZKHostnameVerifier.java:238)
	at org.apache.zookeeper.common.ZKHostnameVerifier.verify(ZKHostnameVerifier.java:184)
	at org.apache.zookeeper.common.ZKTrustManager.performHostVerification(ZKTrustManager.java:151)
	at org.apache.zookeeper.common.ZKTrustManager.checkServerTrusted(ZKTrustManager.java:90)
	at sun.security.ssl.ClientHandshaker.serverCertificate(ClientHandshaker.java:1670)
	at sun.security.ssl.ClientHandshaker.processMessage(ClientHandshaker.java:226)
	at sun.security.ssl.Handshaker.processLoop(Handshaker.java:1082)
	at sun.security.ssl.Handshaker.process_record(Handshaker.java:1010)
	at sun.security.ssl.SSLSocketImpl.readRecord(SSLSocketImpl.java:1079)
	at sun.security.ssl.SSLSocketImpl.performInitialHandshake(SSLSocketImpl.java:1388)
	at sun.security.ssl.SSLSocketImpl.startHandshake(SSLSocketImpl.java:1416)
	at sun.security.ssl.SSLSocketImpl.startHandshake(SSLSocketImpl.java:1400)
	at org.apache.zookeeper.client.FourLetterWordMain.send4LetterWord(FourLetterWordMain.java:105)
	at org.apache.zookeeper.client.FourLetterWordMain.send4LetterWord(FourLetterWordMain.java:73)
	at org.apache.zookeeper.test.ClientBase.waitForServerUp(ClientBase.java:261)
	at org.apache.zookeeper.test.ClientBase.startServerInstance(ClientBase.java:401)
	at org.apache.zookeeper.test.ClientBase.startServer(ClientBase.java:516)
	at org.apache.zookeeper.test.ClientBase.setUpWithServerId(ClientBase.java:499)
	at org.apache.zookeeper.test.ClientBase.setUp(ClientBase.java:474)
	at org.apache.zookeeper.test.SaslDigestAuthOverSSLTest.setUp(SaslDigestAuthOverSSLTest.java:62)
	at sun.reflect.NativeMethodAccessorImpl.invoke0(Native Method)
	at sun.reflect.NativeMethodAccessorImpl.invoke(NativeMethodAccessorImpl.java:62)
	at sun.reflect.DelegatingMethodAccessorImpl.invoke(DelegatingMethodAccessorImpl.java:43)
	at java.lang.reflect.Method.invoke(Method.java:498)
	at org.junit.runners.model.FrameworkMethod$1.runReflectiveCall(FrameworkMethod.java:50)
	at org.junit.internal.runners.model.ReflectiveCallable.run(ReflectiveCallable.java:12)
	at org.junit.runners.model.FrameworkMethod.invokeExplosively(FrameworkMethod.java:47)
	at mockit.integration.junit4.JUnit4TestRunnerDecorator.invokeExplosively(JUnit4TestRunnerDecorator.java:49)
	at mockit.integration.junit4.FakeFrameworkMethod.invokeExplosively(FakeFrameworkMethod.java:29)
	at org.junit.runners.model.FrameworkMethod.invokeExplosively(FrameworkMethod.java)
	at org.junit.internal.runners.statements.RunBefores.evaluate(RunBefores.java:24)
	at org.junit.internal.runners.statements.RunAfters.evaluate(RunAfters.java:27)
	at org.junit.rules.TestWatcher$1.evaluate(TestWatcher.java:55)
	at org.junit.rules.RunRules.evaluate(RunRules.java:20)
	at org.junit.runners.ParentRunner.runLeaf(ParentRunner.java:325)
	at org.junit.runners.BlockJUnit4ClassRunner.runChild(BlockJUnit4ClassRunner.java:78)
	at org.junit.runners.BlockJUnit4ClassRunner.runChild(BlockJUnit4ClassRunner.java:57)
	at org.junit.runners.ParentRunner$3.run(ParentRunner.java:290)
	at org.junit.runners.ParentRunner$1.schedule(ParentRunner.java:71)
	at org.junit.runners.ParentRunner.runChildren(ParentRunner.java:288)
	at org.junit.runners.ParentRunner.access$000(ParentRunner.java:58)
	at org.junit.runners.ParentRunner$2.evaluate(ParentRunner.java:268)
	at org.junit.internal.runners.statements.RunBefores.evaluate(RunBefores.java:26)
	at org.junit.runners.ParentRunner.run(ParentRunner.java:363)
	at org.apache.maven.surefire.junit4.JUnit4Provider.execute(JUnit4Provider.java:365)
	at org.apache.maven.surefire.junit4.JUnit4Provider.executeWithRerun(JUnit4Provider.java:273)
	at org.apache.maven.surefire.junit4.JUnit4Provider.executeTestSet(JUnit4Provider.java:238)
	at org.apache.maven.surefire.junit4.JUnit4Provider.invoke(JUnit4Provider.java:159)
	at org.apache.maven.surefire.booter.ForkedBooter.invokeProviderInSameClassLoader(ForkedBooter.java:384)
	at org.apache.maven.surefire.booter.ForkedBooter.runSuitesInProcess(ForkedBooter.java:345)
	at org.apache.maven.surefire.booter.ForkedBooter.execute(ForkedBooter.java:126)
	at org.apache.maven.surefire.booter.ForkedBooter.main(ForkedBooter.java:418)
2020-06-22 14:22:38,273 [myid:] - ERROR [main:ZKTrustManager@162] - Failed to verify hostname: activate.navicat.com
javax.net.ssl.SSLPeerUnverifiedException: Certificate for <activate.navicat.com> doesn't match common name of the certificate subject: localhost
	at org.apache.zookeeper.common.ZKHostnameVerifier.matchCN(ZKHostnameVerifier.java:238)
	at org.apache.zookeeper.common.ZKHostnameVerifier.verify(ZKHostnameVerifier.java:184)
	at org.apache.zookeeper.common.ZKTrustManager.performHostVerification(ZKTrustManager.java:159)
	at org.apache.zookeeper.common.ZKTrustManager.checkServerTrusted(ZKTrustManager.java:90)
	at sun.security.ssl.ClientHandshaker.serverCertificate(ClientHandshaker.java:1670)
	at sun.security.ssl.ClientHandshaker.processMessage(ClientHandshaker.java:226)
	at sun.security.ssl.Handshaker.processLoop(Handshaker.java:1082)
	at sun.security.ssl.Handshaker.process_record(Handshaker.java:1010)
	at sun.security.ssl.SSLSocketImpl.readRecord(SSLSocketImpl.java:1079)
	at sun.security.ssl.SSLSocketImpl.performInitialHandshake(SSLSocketImpl.java:1388)
	at sun.security.ssl.SSLSocketImpl.startHandshake(SSLSocketImpl.java:1416)
	at sun.security.ssl.SSLSocketImpl.startHandshake(SSLSocketImpl.java:1400)
	at org.apache.zookeeper.client.FourLetterWordMain.send4LetterWord(FourLetterWordMain.java:105)
	at org.apache.zookeeper.client.FourLetterWordMain.send4LetterWord(FourLetterWordMain.java:73)
	at org.apache.zookeeper.test.ClientBase.waitForServerUp(ClientBase.java:261)
	at org.apache.zookeeper.test.ClientBase.startServerInstance(ClientBase.java:401)
	at org.apache.zookeeper.test.ClientBase.startServer(ClientBase.java:516)
	at org.apache.zookeeper.test.ClientBase.setUpWithServerId(ClientBase.java:499)
	at org.apache.zookeeper.test.ClientBase.setUp(ClientBase.java:474)
	at org.apache.zookeeper.test.SaslDigestAuthOverSSLTest.setUp(SaslDigestAuthOverSSLTest.java:62)
	at sun.reflect.NativeMethodAccessorImpl.invoke0(Native Method)
	at sun.reflect.NativeMethodAccessorImpl.invoke(NativeMethodAccessorImpl.java:62)
	at sun.reflect.DelegatingMethodAccessorImpl.invoke(DelegatingMethodAccessorImpl.java:43)
	at java.lang.reflect.Method.invoke(Method.java:498)
	at org.junit.runners.model.FrameworkMethod$1.runReflectiveCall(FrameworkMethod.java:50)
	at org.junit.internal.runners.model.ReflectiveCallable.run(ReflectiveCallable.java:12)
	at org.junit.runners.model.FrameworkMethod.invokeExplosively(FrameworkMethod.java:47)
	at mockit.integration.junit4.JUnit4TestRunnerDecorator.invokeExplosively(JUnit4TestRunnerDecorator.java:49)
	at mockit.integration.junit4.FakeFrameworkMethod.invokeExplosively(FakeFrameworkMethod.java:29)
	at org.junit.runners.model.FrameworkMethod.invokeExplosively(FrameworkMethod.java)
	at org.junit.internal.runners.statements.RunBefores.evaluate(RunBefores.java:24)
	at org.junit.internal.runners.statements.RunAfters.evaluate(RunAfters.java:27)
	at org.junit.rules.TestWatcher$1.evaluate(TestWatcher.java:55)
	at org.junit.rules.RunRules.evaluate(RunRules.java:20)
	at org.junit.runners.ParentRunner.runLeaf(ParentRunner.java:325)
	at org.junit.runners.BlockJUnit4ClassRunner.runChild(BlockJUnit4ClassRunner.java:78)
	at org.junit.runners.BlockJUnit4ClassRunner.runChild(BlockJUnit4ClassRunner.java:57)
	at org.junit.runners.ParentRunner$3.run(ParentRunner.java:290)
	at org.junit.runners.ParentRunner$1.schedule(ParentRunner.java:71)
	at org.junit.runners.ParentRunner.runChildren(ParentRunner.java:288)
	at org.junit.runners.ParentRunner.access$000(ParentRunner.java:58)
	at org.junit.runners.ParentRunner$2.evaluate(ParentRunner.java:268)
	at org.junit.internal.runners.statements.RunBefores.evaluate(RunBefores.java:26)
	at org.junit.runners.ParentRunner.run(ParentRunner.java:363)
	at org.apache.maven.surefire.junit4.JUnit4Provider.execute(JUnit4Provider.java:365)
	at org.apache.maven.surefire.junit4.JUnit4Provider.executeWithRerun(JUnit4Provider.java:273)
	at org.apache.maven.surefire.junit4.JUnit4Provider.executeTestSet(JUnit4Provider.java:238)
	at org.apache.maven.surefire.junit4.JUnit4Provider.invoke(JUnit4Provider.java:159)
	at org.apache.maven.surefire.booter.ForkedBooter.invokeProviderInSameClassLoader(ForkedBooter.java:384)
	at org.apache.maven.surefire.booter.ForkedBooter.runSuitesInProcess(ForkedBooter.java:345)
	at org.apache.maven.surefire.booter.ForkedBooter.execute(ForkedBooter.java:126)
	at org.apache.maven.surefire.booter.ForkedBooter.main(ForkedBooter.java:418)
2020-06-22 14:22:38,273 [myid:] - INFO  [main:ClientBase@270] - server 127.0.0.1:21995 not up
javax.net.ssl.SSLHandshakeException: java.security.cert.CertificateException: Failed to verify both host address and host name
	at sun.security.ssl.Alerts.getSSLException(Alerts.java:198)
	at sun.security.ssl.SSLSocketImpl.fatal(SSLSocketImpl.java:1967)
	at sun.security.ssl.Handshaker.fatalSE(Handshaker.java:331)
	at sun.security.ssl.Handshaker.fatalSE(Handshaker.java:325)
	at sun.security.ssl.ClientHandshaker.serverCertificate(ClientHandshaker.java:1688)
	at sun.security.ssl.ClientHandshaker.processMessage(ClientHandshaker.java:226)
	at sun.security.ssl.Handshaker.processLoop(Handshaker.java:1082)
	at sun.security.ssl.Handshaker.process_record(Handshaker.java:1010)
	at sun.security.ssl.SSLSocketImpl.readRecord(SSLSocketImpl.java:1079)
	at sun.security.ssl.SSLSocketImpl.performInitialHandshake(SSLSocketImpl.java:1388)
	at sun.security.ssl.SSLSocketImpl.startHandshake(SSLSocketImpl.java:1416)
	at sun.security.ssl.SSLSocketImpl.startHandshake(SSLSocketImpl.java:1400)
	at org.apache.zookeeper.client.FourLetterWordMain.send4LetterWord(FourLetterWordMain.java:105)
	at org.apache.zookeeper.client.FourLetterWordMain.send4LetterWord(FourLetterWordMain.java:73)
	at org.apache.zookeeper.test.ClientBase.waitForServerUp(ClientBase.java:261)
	at org.apache.zookeeper.test.ClientBase.startServerInstance(ClientBase.java:401)
	at org.apache.zookeeper.test.ClientBase.startServer(ClientBase.java:516)
	at org.apache.zookeeper.test.ClientBase.setUpWithServerId(ClientBase.java:499)
	at org.apache.zookeeper.test.ClientBase.setUp(ClientBase.java:474)
	at org.apache.zookeeper.test.SaslDigestAuthOverSSLTest.setUp(SaslDigestAuthOverSSLTest.java:62)
	at sun.reflect.NativeMethodAccessorImpl.invoke0(Native Method)
	at sun.reflect.NativeMethodAccessorImpl.invoke(NativeMethodAccessorImpl.java:62)
	at sun.reflect.DelegatingMethodAccessorImpl.invoke(DelegatingMethodAccessorImpl.java:43)
	at java.lang.reflect.Method.invoke(Method.java:498)
	at org.junit.runners.model.FrameworkMethod$1.runReflectiveCall(FrameworkMethod.java:50)
	at org.junit.internal.runners.model.ReflectiveCallable.run(ReflectiveCallable.java:12)
	at org.junit.runners.model.FrameworkMethod.invokeExplosively(FrameworkMethod.java:47)
	at mockit.integration.junit4.JUnit4TestRunnerDecorator.invokeExplosively(JUnit4TestRunnerDecorator.java:49)
	at mockit.integration.junit4.FakeFrameworkMethod.invokeExplosively(FakeFrameworkMethod.java:29)
	at org.junit.runners.model.FrameworkMethod.invokeExplosively(FrameworkMethod.java)
	at org.junit.internal.runners.statements.RunBefores.evaluate(RunBefores.java:24)
	at org.junit.internal.runners.statements.RunAfters.evaluate(RunAfters.java:27)
	at org.junit.rules.TestWatcher$1.evaluate(TestWatcher.java:55)
	at org.junit.rules.RunRules.evaluate(RunRules.java:20)
	at org.junit.runners.ParentRunner.runLeaf(ParentRunner.java:325)
	at org.junit.runners.BlockJUnit4ClassRunner.runChild(BlockJUnit4ClassRunner.java:78)
	at org.junit.runners.BlockJUnit4ClassRunner.runChild(BlockJUnit4ClassRunner.java:57)
	at org.junit.runners.ParentRunner$3.run(ParentRunner.java:290)
	at org.junit.runners.ParentRunner$1.schedule(ParentRunner.java:71)
	at org.junit.runners.ParentRunner.runChildren(ParentRunner.java:288)
	at org.junit.runners.ParentRunner.access$000(ParentRunner.java:58)
	at org.junit.runners.ParentRunner$2.evaluate(ParentRunner.java:268)
	at org.junit.internal.runners.statements.RunBefores.evaluate(RunBefores.java:26)
	at org.junit.runners.ParentRunner.run(ParentRunner.java:363)
	at org.apache.maven.surefire.junit4.JUnit4Provider.execute(JUnit4Provider.java:365)
	at org.apache.maven.surefire.junit4.JUnit4Provider.executeWithRerun(JUnit4Provider.java:273)
	at org.apache.maven.surefire.junit4.JUnit4Provider.executeTestSet(JUnit4Provider.java:238)
	at org.apache.maven.surefire.junit4.JUnit4Provider.invoke(JUnit4Provider.java:159)
	at org.apache.maven.surefire.booter.ForkedBooter.invokeProviderInSameClassLoader(ForkedBooter.java:384)
	at org.apache.maven.surefire.booter.ForkedBooter.runSuitesInProcess(ForkedBooter.java:345)
	at org.apache.maven.surefire.booter.ForkedBooter.execute(ForkedBooter.java:126)
	at org.apache.maven.surefire.booter.ForkedBooter.main(ForkedBooter.java:418)
Caused by: java.security.cert.CertificateException: Failed to verify both host address and host name
	at org.apache.zookeeper.common.ZKTrustManager.performHostVerification(ZKTrustManager.java:163)
	at org.apache.zookeeper.common.ZKTrustManager.checkServerTrusted(ZKTrustManager.java:90)
	at sun.security.ssl.ClientHandshaker.serverCertificate(ClientHandshaker.java:1670)
	... 47 more
Caused by: javax.net.ssl.SSLPeerUnverifiedException: Certificate for <activate.navicat.com> doesn't match common name of the certificate subject: localhost
	at org.apache.zookeeper.common.ZKHostnameVerifier.matchCN(ZKHostnameVerifier.java:238)
	at org.apache.zookeeper.common.ZKHostnameVerifier.verify(ZKHostnameVerifier.java:184)
	at org.apache.zookeeper.common.ZKTrustManager.performHostVerification(ZKTrustManager.java:159)
	... 49 more
2020-06-22 14:22:38,273 [myid:] - ERROR [nioEventLoopGroup-4-3:NettyServerCnxnFactory$CertificateVerifier@434] - Unsuccessful handshake with session 0x0
2020-06-22 14:22:38,274 [myid:] - WARN  [nioEventLoopGroup-4-3:NettyServerCnxnFactory$CnxnChannelHandler@273] - Exception caught
io.netty.handler.codec.DecoderException: javax.net.ssl.SSLException: Received fatal alert: certificate_unknown
	at io.netty.handler.codec.ByteToMessageDecoder.callDecode(ByteToMessageDecoder.java:468)
	at io.netty.handler.codec.ByteToMessageDecoder.channelRead(ByteToMessageDecoder.java:276)
	at io.netty.channel.AbstractChannelHandlerContext.invokeChannelRead(AbstractChannelHandlerContext.java:379)
	at io.netty.channel.AbstractChannelHandlerContext.invokeChannelRead(AbstractChannelHandlerContext.java:365)
	at io.netty.channel.AbstractChannelHandlerContext.fireChannelRead(AbstractChannelHandlerContext.java:357)
	at io.netty.channel.DefaultChannelPipeline$HeadContext.channelRead(DefaultChannelPipeline.java:1410)
	at io.netty.channel.AbstractChannelHandlerContext.invokeChannelRead(AbstractChannelHandlerContext.java:379)
	at io.netty.channel.AbstractChannelHandlerContext.invokeChannelRead(AbstractChannelHandlerContext.java:365)
	at io.netty.channel.DefaultChannelPipeline.fireChannelRead(DefaultChannelPipeline.java:919)
	at io.netty.channel.nio.AbstractNioByteChannel$NioByteUnsafe.read(AbstractNioByteChannel.java:163)
	at io.netty.channel.nio.NioEventLoop.processSelectedKey(NioEventLoop.java:714)
	at io.netty.channel.nio.NioEventLoop.processSelectedKeysOptimized(NioEventLoop.java:650)
	at io.netty.channel.nio.NioEventLoop.processSelectedKeys(NioEventLoop.java:576)
	at io.netty.channel.nio.NioEventLoop.run(NioEventLoop.java:493)
	at io.netty.util.concurrent.SingleThreadEventExecutor$4.run(SingleThreadEventExecutor.java:989)
	at io.netty.util.internal.ThreadExecutorMap$2.run(ThreadExecutorMap.java:74)
	at io.netty.util.concurrent.FastThreadLocalRunnable.run(FastThreadLocalRunnable.java:30)
	at java.lang.Thread.run(Thread.java:748)
Caused by: javax.net.ssl.SSLException: Received fatal alert: certificate_unknown
	at sun.security.ssl.Alerts.getSSLException(Alerts.java:214)
	at sun.security.ssl.SSLEngineImpl.fatal(SSLEngineImpl.java:1667)
	at sun.security.ssl.SSLEngineImpl.fatal(SSLEngineImpl.java:1635)
	at sun.security.ssl.SSLEngineImpl.recvAlert(SSLEngineImpl.java:1801)
	at sun.security.ssl.SSLEngineImpl.readRecord(SSLEngineImpl.java:1090)
	at sun.security.ssl.SSLEngineImpl.readNetRecord(SSLEngineImpl.java:913)
	at sun.security.ssl.SSLEngineImpl.unwrap(SSLEngineImpl.java:783)
	at javax.net.ssl.SSLEngine.unwrap(SSLEngine.java:626)
	at io.netty.handler.ssl.SslHandler$SslEngineType$3.unwrap(SslHandler.java:281)
	at io.netty.handler.ssl.SslHandler.unwrap(SslHandler.java:1340)
	at io.netty.handler.ssl.SslHandler.decodeJdkCompatible(SslHandler.java:1235)
	at io.netty.handler.ssl.SslHandler.decode(SslHandler.java:1282)
	at io.netty.handler.codec.ByteToMessageDecoder.decodeRemovalReentryProtection(ByteToMessageDecoder.java:498)
	at io.netty.handler.codec.ByteToMessageDecoder.callDecode(ByteToMessageDecoder.java:437)
	... 17 more
2020-06-22 14:22:38,275 [myid:] - WARN  [nioEventLoopGroup-4-3:NettyServerCnxnFactory$CnxnChannelHandler@273] - Exception caught
io.netty.handler.codec.DecoderException: javax.net.ssl.SSLException: Received fatal alert: certificate_unknown
	at io.netty.handler.codec.ByteToMessageDecoder.callDecode(ByteToMessageDecoder.java:468)
	at io.netty.handler.codec.ByteToMessageDecoder.channelInputClosed(ByteToMessageDecoder.java:401)
	at io.netty.handler.codec.ByteToMessageDecoder.channelInputClosed(ByteToMessageDecoder.java:368)
	at io.netty.handler.codec.ByteToMessageDecoder.channelInactive(ByteToMessageDecoder.java:351)
	at io.netty.handler.ssl.SslHandler.channelInactive(SslHandler.java:1084)
	at io.netty.channel.AbstractChannelHandlerContext.invokeChannelInactive(AbstractChannelHandlerContext.java:262)
	at io.netty.channel.AbstractChannelHandlerContext.invokeChannelInactive(AbstractChannelHandlerContext.java:248)
	at io.netty.channel.AbstractChannelHandlerContext.fireChannelInactive(AbstractChannelHandlerContext.java:241)
	at io.netty.channel.DefaultChannelPipeline$HeadContext.channelInactive(DefaultChannelPipeline.java:1405)
	at io.netty.channel.AbstractChannelHandlerContext.invokeChannelInactive(AbstractChannelHandlerContext.java:262)
	at io.netty.channel.AbstractChannelHandlerContext.invokeChannelInactive(AbstractChannelHandlerContext.java:248)
	at io.netty.channel.DefaultChannelPipeline.fireChannelInactive(DefaultChannelPipeline.java:901)
	at io.netty.channel.AbstractChannel$AbstractUnsafe$8.run(AbstractChannel.java:818)
	at io.netty.util.concurrent.AbstractEventExecutor.safeExecute(AbstractEventExecutor.java:164)
	at io.netty.util.concurrent.SingleThreadEventExecutor.runAllTasks(SingleThreadEventExecutor.java:472)
	at io.netty.channel.nio.NioEventLoop.run(NioEventLoop.java:497)
	at io.netty.util.concurrent.SingleThreadEventExecutor$4.run(SingleThreadEventExecutor.java:989)
	at io.netty.util.internal.ThreadExecutorMap$2.run(ThreadExecutorMap.java:74)
	at io.netty.util.concurrent.FastThreadLocalRunnable.run(FastThreadLocalRunnable.java:30)
	at java.lang.Thread.run(Thread.java:748)
Caused by: javax.net.ssl.SSLException: Received fatal alert: certificate_unknown
	at sun.security.ssl.Alerts.getSSLException(Alerts.java:214)
	at sun.security.ssl.SSLEngineImpl.fatal(SSLEngineImpl.java:1667)
	at sun.security.ssl.SSLEngineImpl.fatal(SSLEngineImpl.java:1635)
	at sun.security.ssl.SSLEngineImpl.recvAlert(SSLEngineImpl.java:1801)
	at sun.security.ssl.SSLEngineImpl.readRecord(SSLEngineImpl.java:1090)
	at sun.security.ssl.SSLEngineImpl.readNetRecord(SSLEngineImpl.java:913)
	at sun.security.ssl.SSLEngineImpl.unwrap(SSLEngineImpl.java:783)
	at javax.net.ssl.SSLEngine.unwrap(SSLEngine.java:626)
	at io.netty.handler.ssl.SslHandler$SslEngineType$3.unwrap(SslHandler.java:281)
	at io.netty.handler.ssl.SslHandler.unwrap(SslHandler.java:1340)
	at io.netty.handler.ssl.SslHandler.decodeJdkCompatible(SslHandler.java:1235)
	at io.netty.handler.ssl.SslHandler.decode(SslHandler.java:1282)
	at io.netty.handler.codec.ByteToMessageDecoder.decodeRemovalReentryProtection(ByteToMessageDecoder.java:498)
	at io.netty.handler.codec.ByteToMessageDecoder.callDecode(ByteToMessageDecoder.java:437)
	... 19 more
2020-06-22 14:22:38,524 [myid:] - INFO  [main:FourLetterWordMain@93] - connecting to 127.0.0.1 21995
2020-06-22 14:22:38,524 [myid:] - INFO  [main:FourLetterWordMain@99] - using secure socket
2020-06-22 14:22:38,534 [myid:] - ERROR [main:ZKTrustManager@161] - Failed to verify host address: 127.0.0.1
javax.net.ssl.SSLPeerUnverifiedException: Certificate for <127.0.0.1> doesn't match common name of the certificate subject: localhost
	at org.apache.zookeeper.common.ZKHostnameVerifier.matchCN(ZKHostnameVerifier.java:238)
	at org.apache.zookeeper.common.ZKHostnameVerifier.verify(ZKHostnameVerifier.java:184)
	at org.apache.zookeeper.common.ZKTrustManager.performHostVerification(ZKTrustManager.java:151)
	at org.apache.zookeeper.common.ZKTrustManager.checkServerTrusted(ZKTrustManager.java:90)
	at sun.security.ssl.ClientHandshaker.serverCertificate(ClientHandshaker.java:1670)
	at sun.security.ssl.ClientHandshaker.processMessage(ClientHandshaker.java:226)
	at sun.security.ssl.Handshaker.processLoop(Handshaker.java:1082)
	at sun.security.ssl.Handshaker.process_record(Handshaker.java:1010)
	at sun.security.ssl.SSLSocketImpl.readRecord(SSLSocketImpl.java:1079)
	at sun.security.ssl.SSLSocketImpl.performInitialHandshake(SSLSocketImpl.java:1388)
	at sun.security.ssl.SSLSocketImpl.startHandshake(SSLSocketImpl.java:1416)
	at sun.security.ssl.SSLSocketImpl.startHandshake(SSLSocketImpl.java:1400)
	at org.apache.zookeeper.client.FourLetterWordMain.send4LetterWord(FourLetterWordMain.java:105)
	at org.apache.zookeeper.client.FourLetterWordMain.send4LetterWord(FourLetterWordMain.java:73)
	at org.apache.zookeeper.test.ClientBase.waitForServerUp(ClientBase.java:261)
	at org.apache.zookeeper.test.ClientBase.startServerInstance(ClientBase.java:401)
	at org.apache.zookeeper.test.ClientBase.startServer(ClientBase.java:516)
	at org.apache.zookeeper.test.ClientBase.setUpWithServerId(ClientBase.java:499)
	at org.apache.zookeeper.test.ClientBase.setUp(ClientBase.java:474)
	at org.apache.zookeeper.test.SaslDigestAuthOverSSLTest.setUp(SaslDigestAuthOverSSLTest.java:62)
	at sun.reflect.NativeMethodAccessorImpl.invoke0(Native Method)
	at sun.reflect.NativeMethodAccessorImpl.invoke(NativeMethodAccessorImpl.java:62)
	at sun.reflect.DelegatingMethodAccessorImpl.invoke(DelegatingMethodAccessorImpl.java:43)
	at java.lang.reflect.Method.invoke(Method.java:498)
	at org.junit.runners.model.FrameworkMethod$1.runReflectiveCall(FrameworkMethod.java:50)
	at org.junit.internal.runners.model.ReflectiveCallable.run(ReflectiveCallable.java:12)
	at org.junit.runners.model.FrameworkMethod.invokeExplosively(FrameworkMethod.java:47)
	at mockit.integration.junit4.JUnit4TestRunnerDecorator.invokeExplosively(JUnit4TestRunnerDecorator.java:49)
	at mockit.integration.junit4.FakeFrameworkMethod.invokeExplosively(FakeFrameworkMethod.java:29)
	at org.junit.runners.model.FrameworkMethod.invokeExplosively(FrameworkMethod.java)
	at org.junit.internal.runners.statements.RunBefores.evaluate(RunBefores.java:24)
	at org.junit.internal.runners.statements.RunAfters.evaluate(RunAfters.java:27)
	at org.junit.rules.TestWatcher$1.evaluate(TestWatcher.java:55)
	at org.junit.rules.RunRules.evaluate(RunRules.java:20)
	at org.junit.runners.ParentRunner.runLeaf(ParentRunner.java:325)
	at org.junit.runners.BlockJUnit4ClassRunner.runChild(BlockJUnit4ClassRunner.java:78)
	at org.junit.runners.BlockJUnit4ClassRunner.runChild(BlockJUnit4ClassRunner.java:57)
	at org.junit.runners.ParentRunner$3.run(ParentRunner.java:290)
	at org.junit.runners.ParentRunner$1.schedule(ParentRunner.java:71)
	at org.junit.runners.ParentRunner.runChildren(ParentRunner.java:288)
	at org.junit.runners.ParentRunner.access$000(ParentRunner.java:58)
	at org.junit.runners.ParentRunner$2.evaluate(ParentRunner.java:268)
	at org.junit.internal.runners.statements.RunBefores.evaluate(RunBefores.java:26)
	at org.junit.runners.ParentRunner.run(ParentRunner.java:363)
	at org.apache.maven.surefire.junit4.JUnit4Provider.execute(JUnit4Provider.java:365)
	at org.apache.maven.surefire.junit4.JUnit4Provider.executeWithRerun(JUnit4Provider.java:273)
	at org.apache.maven.surefire.junit4.JUnit4Provider.executeTestSet(JUnit4Provider.java:238)
	at org.apache.maven.surefire.junit4.JUnit4Provider.invoke(JUnit4Provider.java:159)
	at org.apache.maven.surefire.booter.ForkedBooter.invokeProviderInSameClassLoader(ForkedBooter.java:384)
	at org.apache.maven.surefire.booter.ForkedBooter.runSuitesInProcess(ForkedBooter.java:345)
	at org.apache.maven.surefire.booter.ForkedBooter.execute(ForkedBooter.java:126)
	at org.apache.maven.surefire.booter.ForkedBooter.main(ForkedBooter.java:418)
2020-06-22 14:22:38,534 [myid:] - ERROR [main:ZKTrustManager@162] - Failed to verify hostname: activate.navicat.com
javax.net.ssl.SSLPeerUnverifiedException: Certificate for <activate.navicat.com> doesn't match common name of the certificate subject: localhost
	at org.apache.zookeeper.common.ZKHostnameVerifier.matchCN(ZKHostnameVerifier.java:238)
	at org.apache.zookeeper.common.ZKHostnameVerifier.verify(ZKHostnameVerifier.java:184)
	at org.apache.zookeeper.common.ZKTrustManager.performHostVerification(ZKTrustManager.java:159)
	at org.apache.zookeeper.common.ZKTrustManager.checkServerTrusted(ZKTrustManager.java:90)
	at sun.security.ssl.ClientHandshaker.serverCertificate(ClientHandshaker.java:1670)
	at sun.security.ssl.ClientHandshaker.processMessage(ClientHandshaker.java:226)
	at sun.security.ssl.Handshaker.processLoop(Handshaker.java:1082)
	at sun.security.ssl.Handshaker.process_record(Handshaker.java:1010)
	at sun.security.ssl.SSLSocketImpl.readRecord(SSLSocketImpl.java:1079)
	at sun.security.ssl.SSLSocketImpl.performInitialHandshake(SSLSocketImpl.java:1388)
	at sun.security.ssl.SSLSocketImpl.startHandshake(SSLSocketImpl.java:1416)
	at sun.security.ssl.SSLSocketImpl.startHandshake(SSLSocketImpl.java:1400)
	at org.apache.zookeeper.client.FourLetterWordMain.send4LetterWord(FourLetterWordMain.java:105)
	at org.apache.zookeeper.client.FourLetterWordMain.send4LetterWord(FourLetterWordMain.java:73)
	at org.apache.zookeeper.test.ClientBase.waitForServerUp(ClientBase.java:261)
	at org.apache.zookeeper.test.ClientBase.startServerInstance(ClientBase.java:401)
	at org.apache.zookeeper.test.ClientBase.startServer(ClientBase.java:516)
	at org.apache.zookeeper.test.ClientBase.setUpWithServerId(ClientBase.java:499)
	at org.apache.zookeeper.test.ClientBase.setUp(ClientBase.java:474)
	at org.apache.zookeeper.test.SaslDigestAuthOverSSLTest.setUp(SaslDigestAuthOverSSLTest.java:62)
	at sun.reflect.NativeMethodAccessorImpl.invoke0(Native Method)
	at sun.reflect.NativeMethodAccessorImpl.invoke(NativeMethodAccessorImpl.java:62)
	at sun.reflect.DelegatingMethodAccessorImpl.invoke(DelegatingMethodAccessorImpl.java:43)
	at java.lang.reflect.Method.invoke(Method.java:498)
	at org.junit.runners.model.FrameworkMethod$1.runReflectiveCall(FrameworkMethod.java:50)
	at org.junit.internal.runners.model.ReflectiveCallable.run(ReflectiveCallable.java:12)
	at org.junit.runners.model.FrameworkMethod.invokeExplosively(FrameworkMethod.java:47)
	at mockit.integration.junit4.JUnit4TestRunnerDecorator.invokeExplosively(JUnit4TestRunnerDecorator.java:49)
	at mockit.integration.junit4.FakeFrameworkMethod.invokeExplosively(FakeFrameworkMethod.java:29)
	at org.junit.runners.model.FrameworkMethod.invokeExplosively(FrameworkMethod.java)
	at org.junit.internal.runners.statements.RunBefores.evaluate(RunBefores.java:24)
	at org.junit.internal.runners.statements.RunAfters.evaluate(RunAfters.java:27)
	at org.junit.rules.TestWatcher$1.evaluate(TestWatcher.java:55)
	at org.junit.rules.RunRules.evaluate(RunRules.java:20)
	at org.junit.runners.ParentRunner.runLeaf(ParentRunner.java:325)
	at org.junit.runners.BlockJUnit4ClassRunner.runChild(BlockJUnit4ClassRunner.java:78)
	at org.junit.runners.BlockJUnit4ClassRunner.runChild(BlockJUnit4ClassRunner.java:57)
	at org.junit.runners.ParentRunner$3.run(ParentRunner.java:290)
	at org.junit.runners.ParentRunner$1.schedule(ParentRunner.java:71)
	at org.junit.runners.ParentRunner.runChildren(ParentRunner.java:288)
	at org.junit.runners.ParentRunner.access$000(ParentRunner.java:58)
	at org.junit.runners.ParentRunner$2.evaluate(ParentRunner.java:268)
	at org.junit.internal.runners.statements.RunBefores.evaluate(RunBefores.java:26)
	at org.junit.runners.ParentRunner.run(ParentRunner.java:363)
	at org.apache.maven.surefire.junit4.JUnit4Provider.execute(JUnit4Provider.java:365)
	at org.apache.maven.surefire.junit4.JUnit4Provider.executeWithRerun(JUnit4Provider.java:273)
	at org.apache.maven.surefire.junit4.JUnit4Provider.executeTestSet(JUnit4Provider.java:238)
	at org.apache.maven.surefire.junit4.JUnit4Provider.invoke(JUnit4Provider.java:159)
	at org.apache.maven.surefire.booter.ForkedBooter.invokeProviderInSameClassLoader(ForkedBooter.java:384)
	at org.apache.maven.surefire.booter.ForkedBooter.runSuitesInProcess(ForkedBooter.java:345)
	at org.apache.maven.surefire.booter.ForkedBooter.execute(ForkedBooter.java:126)
	at org.apache.maven.surefire.booter.ForkedBooter.main(ForkedBooter.java:418)
2020-06-22 14:22:38,535 [myid:] - INFO  [main:ClientBase@270] - server 127.0.0.1:21995 not up
javax.net.ssl.SSLHandshakeException: java.security.cert.CertificateException: Failed to verify both host address and host name
	at sun.security.ssl.Alerts.getSSLException(Alerts.java:198)
	at sun.security.ssl.SSLSocketImpl.fatal(SSLSocketImpl.java:1967)
	at sun.security.ssl.Handshaker.fatalSE(Handshaker.java:331)
	at sun.security.ssl.Handshaker.fatalSE(Handshaker.java:325)
	at sun.security.ssl.ClientHandshaker.serverCertificate(ClientHandshaker.java:1688)
	at sun.security.ssl.ClientHandshaker.processMessage(ClientHandshaker.java:226)
	at sun.security.ssl.Handshaker.processLoop(Handshaker.java:1082)
	at sun.security.ssl.Handshaker.process_record(Handshaker.java:1010)
	at sun.security.ssl.SSLSocketImpl.readRecord(SSLSocketImpl.java:1079)
	at sun.security.ssl.SSLSocketImpl.performInitialHandshake(SSLSocketImpl.java:1388)
	at sun.security.ssl.SSLSocketImpl.startHandshake(SSLSocketImpl.java:1416)
	at sun.security.ssl.SSLSocketImpl.startHandshake(SSLSocketImpl.java:1400)
	at org.apache.zookeeper.client.FourLetterWordMain.send4LetterWord(FourLetterWordMain.java:105)
	at org.apache.zookeeper.client.FourLetterWordMain.send4LetterWord(FourLetterWordMain.java:73)
	at org.apache.zookeeper.test.ClientBase.waitForServerUp(ClientBase.java:261)
	at org.apache.zookeeper.test.ClientBase.startServerInstance(ClientBase.java:401)
	at org.apache.zookeeper.test.ClientBase.startServer(ClientBase.java:516)
	at org.apache.zookeeper.test.ClientBase.setUpWithServerId(ClientBase.java:499)
	at org.apache.zookeeper.test.ClientBase.setUp(ClientBase.java:474)
	at org.apache.zookeeper.test.SaslDigestAuthOverSSLTest.setUp(SaslDigestAuthOverSSLTest.java:62)
	at sun.reflect.NativeMethodAccessorImpl.invoke0(Native Method)
	at sun.reflect.NativeMethodAccessorImpl.invoke(NativeMethodAccessorImpl.java:62)
	at sun.reflect.DelegatingMethodAccessorImpl.invoke(DelegatingMethodAccessorImpl.java:43)
	at java.lang.reflect.Method.invoke(Method.java:498)
	at org.junit.runners.model.FrameworkMethod$1.runReflectiveCall(FrameworkMethod.java:50)
	at org.junit.internal.runners.model.ReflectiveCallable.run(ReflectiveCallable.java:12)
	at org.junit.runners.model.FrameworkMethod.invokeExplosively(FrameworkMethod.java:47)
	at mockit.integration.junit4.JUnit4TestRunnerDecorator.invokeExplosively(JUnit4TestRunnerDecorator.java:49)
	at mockit.integration.junit4.FakeFrameworkMethod.invokeExplosively(FakeFrameworkMethod.java:29)
	at org.junit.runners.model.FrameworkMethod.invokeExplosively(FrameworkMethod.java)
	at org.junit.internal.runners.statements.RunBefores.evaluate(RunBefores.java:24)
	at org.junit.internal.runners.statements.RunAfters.evaluate(RunAfters.java:27)
	at org.junit.rules.TestWatcher$1.evaluate(TestWatcher.java:55)
	at org.junit.rules.RunRules.evaluate(RunRules.java:20)
	at org.junit.runners.ParentRunner.runLeaf(ParentRunner.java:325)
	at org.junit.runners.BlockJUnit4ClassRunner.runChild(BlockJUnit4ClassRunner.java:78)
	at org.junit.runners.BlockJUnit4ClassRunner.runChild(BlockJUnit4ClassRunner.java:57)
	at org.junit.runners.ParentRunner$3.run(ParentRunner.java:290)
	at org.junit.runners.ParentRunner$1.schedule(ParentRunner.java:71)
	at org.junit.runners.ParentRunner.runChildren(ParentRunner.java:288)
	at org.junit.runners.ParentRunner.access$000(ParentRunner.java:58)
	at org.junit.runners.ParentRunner$2.evaluate(ParentRunner.java:268)
	at org.junit.internal.runners.statements.RunBefores.evaluate(RunBefores.java:26)
	at org.junit.runners.ParentRunner.run(ParentRunner.java:363)
	at org.apache.maven.surefire.junit4.JUnit4Provider.execute(JUnit4Provider.java:365)
	at org.apache.maven.surefire.junit4.JUnit4Provider.executeWithRerun(JUnit4Provider.java:273)
	at org.apache.maven.surefire.junit4.JUnit4Provider.executeTestSet(JUnit4Provider.java:238)
	at org.apache.maven.surefire.junit4.JUnit4Provider.invoke(JUnit4Provider.java:159)
	at org.apache.maven.surefire.booter.ForkedBooter.invokeProviderInSameClassLoader(ForkedBooter.java:384)
	at org.apache.maven.surefire.booter.ForkedBooter.runSuitesInProcess(ForkedBooter.java:345)
	at org.apache.maven.surefire.booter.ForkedBooter.execute(ForkedBooter.java:126)
	at org.apache.maven.surefire.booter.ForkedBooter.main(ForkedBooter.java:418)
Caused by: java.security.cert.CertificateException: Failed to verify both host address and host name
	at org.apache.zookeeper.common.ZKTrustManager.performHostVerification(ZKTrustManager.java:163)
	at org.apache.zookeeper.common.ZKTrustManager.checkServerTrusted(ZKTrustManager.java:90)
	at sun.security.ssl.ClientHandshaker.serverCertificate(ClientHandshaker.java:1670)
	... 47 more
Caused by: javax.net.ssl.SSLPeerUnverifiedException: Certificate for <activate.navicat.com> doesn't match common name of the certificate subject: localhost
	at org.apache.zookeeper.common.ZKHostnameVerifier.matchCN(ZKHostnameVerifier.java:238)
	at org.apache.zookeeper.common.ZKHostnameVerifier.verify(ZKHostnameVerifier.java:184)
	at org.apache.zookeeper.common.ZKTrustManager.performHostVerification(ZKTrustManager.java:159)
	... 49 more
2020-06-22 14:22:38,535 [myid:] - ERROR [nioEventLoopGroup-4-4:NettyServerCnxnFactory$CertificateVerifier@434] - Unsuccessful handshake with session 0x0
2020-06-22 14:22:38,536 [myid:] - WARN  [nioEventLoopGroup-4-4:NettyServerCnxnFactory$CnxnChannelHandler@273] - Exception caught
io.netty.handler.codec.DecoderException: javax.net.ssl.SSLException: Received fatal alert: certificate_unknown
	at io.netty.handler.codec.ByteToMessageDecoder.callDecode(ByteToMessageDecoder.java:468)
	at io.netty.handler.codec.ByteToMessageDecoder.channelRead(ByteToMessageDecoder.java:276)
	at io.netty.channel.AbstractChannelHandlerContext.invokeChannelRead(AbstractChannelHandlerContext.java:379)
	at io.netty.channel.AbstractChannelHandlerContext.invokeChannelRead(AbstractChannelHandlerContext.java:365)
	at io.netty.channel.AbstractChannelHandlerContext.fireChannelRead(AbstractChannelHandlerContext.java:357)
	at io.netty.channel.DefaultChannelPipeline$HeadContext.channelRead(DefaultChannelPipeline.java:1410)
	at io.netty.channel.AbstractChannelHandlerContext.invokeChannelRead(AbstractChannelHandlerContext.java:379)
	at io.netty.channel.AbstractChannelHandlerContext.invokeChannelRead(AbstractChannelHandlerContext.java:365)
	at io.netty.channel.DefaultChannelPipeline.fireChannelRead(DefaultChannelPipeline.java:919)
	at io.netty.channel.nio.AbstractNioByteChannel$NioByteUnsafe.read(AbstractNioByteChannel.java:163)
	at io.netty.channel.nio.NioEventLoop.processSelectedKey(NioEventLoop.java:714)
	at io.netty.channel.nio.NioEventLoop.processSelectedKeysOptimized(NioEventLoop.java:650)
	at io.netty.channel.nio.NioEventLoop.processSelectedKeys(NioEventLoop.java:576)
	at io.netty.channel.nio.NioEventLoop.run(NioEventLoop.java:493)
	at io.netty.util.concurrent.SingleThreadEventExecutor$4.run(SingleThreadEventExecutor.java:989)
	at io.netty.util.internal.ThreadExecutorMap$2.run(ThreadExecutorMap.java:74)
	at io.netty.util.concurrent.FastThreadLocalRunnable.run(FastThreadLocalRunnable.java:30)
	at java.lang.Thread.run(Thread.java:748)
Caused by: javax.net.ssl.SSLException: Received fatal alert: certificate_unknown
	at sun.security.ssl.Alerts.getSSLException(Alerts.java:214)
	at sun.security.ssl.SSLEngineImpl.fatal(SSLEngineImpl.java:1667)
	at sun.security.ssl.SSLEngineImpl.fatal(SSLEngineImpl.java:1635)
	at sun.security.ssl.SSLEngineImpl.recvAlert(SSLEngineImpl.java:1801)
	at sun.security.ssl.SSLEngineImpl.readRecord(SSLEngineImpl.java:1090)
	at sun.security.ssl.SSLEngineImpl.readNetRecord(SSLEngineImpl.java:913)
	at sun.security.ssl.SSLEngineImpl.unwrap(SSLEngineImpl.java:783)
	at javax.net.ssl.SSLEngine.unwrap(SSLEngine.java:626)
	at io.netty.handler.ssl.SslHandler$SslEngineType$3.unwrap(SslHandler.java:281)
	at io.netty.handler.ssl.SslHandler.unwrap(SslHandler.java:1340)
	at io.netty.handler.ssl.SslHandler.decodeJdkCompatible(SslHandler.java:1235)
	at io.netty.handler.ssl.SslHandler.decode(SslHandler.java:1282)
	at io.netty.handler.codec.ByteToMessageDecoder.decodeRemovalReentryProtection(ByteToMessageDecoder.java:498)
	at io.netty.handler.codec.ByteToMessageDecoder.callDecode(ByteToMessageDecoder.java:437)
	... 17 more
2020-06-22 14:22:38,537 [myid:] - WARN  [nioEventLoopGroup-4-4:NettyServerCnxnFactory$CnxnChannelHandler@273] - Exception caught
io.netty.handler.codec.DecoderException: javax.net.ssl.SSLException: Received fatal alert: certificate_unknown
	at io.netty.handler.codec.ByteToMessageDecoder.callDecode(ByteToMessageDecoder.java:468)
	at io.netty.handler.codec.ByteToMessageDecoder.channelInputClosed(ByteToMessageDecoder.java:401)
	at io.netty.handler.codec.ByteToMessageDecoder.channelInputClosed(ByteToMessageDecoder.java:368)
	at io.netty.handler.codec.ByteToMessageDecoder.channelInactive(ByteToMessageDecoder.java:351)
	at io.netty.handler.ssl.SslHandler.channelInactive(SslHandler.java:1084)
	at io.netty.channel.AbstractChannelHandlerContext.invokeChannelInactive(AbstractChannelHandlerContext.java:262)
	at io.netty.channel.AbstractChannelHandlerContext.invokeChannelInactive(AbstractChannelHandlerContext.java:248)
	at io.netty.channel.AbstractChannelHandlerContext.fireChannelInactive(AbstractChannelHandlerContext.java:241)
	at io.netty.channel.DefaultChannelPipeline$HeadContext.channelInactive(DefaultChannelPipeline.java:1405)
	at io.netty.channel.AbstractChannelHandlerContext.invokeChannelInactive(AbstractChannelHandlerContext.java:262)
	at io.netty.channel.AbstractChannelHandlerContext.invokeChannelInactive(AbstractChannelHandlerContext.java:248)
	at io.netty.channel.DefaultChannelPipeline.fireChannelInactive(DefaultChannelPipeline.java:901)
	at io.netty.channel.AbstractChannel$AbstractUnsafe$8.run(AbstractChannel.java:818)
	at io.netty.util.concurrent.AbstractEventExecutor.safeExecute(AbstractEventExecutor.java:164)
	at io.netty.util.concurrent.SingleThreadEventExecutor.runAllTasks(SingleThreadEventExecutor.java:472)
	at io.netty.channel.nio.NioEventLoop.run(NioEventLoop.java:497)
	at io.netty.util.concurrent.SingleThreadEventExecutor$4.run(SingleThreadEventExecutor.java:989)
	at io.netty.util.internal.ThreadExecutorMap$2.run(ThreadExecutorMap.java:74)
	at io.netty.util.concurrent.FastThreadLocalRunnable.run(FastThreadLocalRunnable.java:30)
	at java.lang.Thread.run(Thread.java:748)
Caused by: javax.net.ssl.SSLException: Received fatal alert: certificate_unknown
	at sun.security.ssl.Alerts.getSSLException(Alerts.java:214)
	at sun.security.ssl.SSLEngineImpl.fatal(SSLEngineImpl.java:1667)
	at sun.security.ssl.SSLEngineImpl.fatal(SSLEngineImpl.java:1635)
	at sun.security.ssl.SSLEngineImpl.recvAlert(SSLEngineImpl.java:1801)
	at sun.security.ssl.SSLEngineImpl.readRecord(SSLEngineImpl.java:1090)
	at sun.security.ssl.SSLEngineImpl.readNetRecord(SSLEngineImpl.java:913)
	at sun.security.ssl.SSLEngineImpl.unwrap(SSLEngineImpl.java:783)
	at javax.net.ssl.SSLEngine.unwrap(SSLEngine.java:626)
	at io.netty.handler.ssl.SslHandler$SslEngineType$3.unwrap(SslHandler.java:281)
	at io.netty.handler.ssl.SslHandler.unwrap(SslHandler.java:1340)
	at io.netty.handler.ssl.SslHandler.decodeJdkCompatible(SslHandler.java:1235)
	at io.netty.handler.ssl.SslHandler.decode(SslHandler.java:1282)
	at io.netty.handler.codec.ByteToMessageDecoder.decodeRemovalReentryProtection(ByteToMessageDecoder.java:498)
	at io.netty.handler.codec.ByteToMessageDecoder.callDecode(ByteToMessageDecoder.java:437)
	... 19 more
2020-06-22 14:22:38,786 [myid:] - INFO  [main:FourLetterWordMain@93] - connecting to 127.0.0.1 21995
2020-06-22 14:22:38,786 [myid:] - INFO  [main:FourLetterWordMain@99] - using secure socket
2020-06-22 14:22:38,795 [myid:] - ERROR [main:ZKTrustManager@161] - Failed to verify host address: 127.0.0.1
javax.net.ssl.SSLPeerUnverifiedException: Certificate for <127.0.0.1> doesn't match common name of the certificate subject: localhost
	at org.apache.zookeeper.common.ZKHostnameVerifier.matchCN(ZKHostnameVerifier.java:238)
	at org.apache.zookeeper.common.ZKHostnameVerifier.verify(ZKHostnameVerifier.java:184)
	at org.apache.zookeeper.common.ZKTrustManager.performHostVerification(ZKTrustManager.java:151)
	at org.apache.zookeeper.common.ZKTrustManager.checkServerTrusted(ZKTrustManager.java:90)
	at sun.security.ssl.ClientHandshaker.serverCertificate(ClientHandshaker.java:1670)
	at sun.security.ssl.ClientHandshaker.processMessage(ClientHandshaker.java:226)
	at sun.security.ssl.Handshaker.processLoop(Handshaker.java:1082)
	at sun.security.ssl.Handshaker.process_record(Handshaker.java:1010)
	at sun.security.ssl.SSLSocketImpl.readRecord(SSLSocketImpl.java:1079)
	at sun.security.ssl.SSLSocketImpl.performInitialHandshake(SSLSocketImpl.java:1388)
	at sun.security.ssl.SSLSocketImpl.startHandshake(SSLSocketImpl.java:1416)
	at sun.security.ssl.SSLSocketImpl.startHandshake(SSLSocketImpl.java:1400)
	at org.apache.zookeeper.client.FourLetterWordMain.send4LetterWord(FourLetterWordMain.java:105)
	at org.apache.zookeeper.client.FourLetterWordMain.send4LetterWord(FourLetterWordMain.java:73)
	at org.apache.zookeeper.test.ClientBase.waitForServerUp(ClientBase.java:261)
	at org.apache.zookeeper.test.ClientBase.startServerInstance(ClientBase.java:401)
	at org.apache.zookeeper.test.ClientBase.startServer(ClientBase.java:516)
	at org.apache.zookeeper.test.ClientBase.setUpWithServerId(ClientBase.java:499)
	at org.apache.zookeeper.test.ClientBase.setUp(ClientBase.java:474)
	at org.apache.zookeeper.test.SaslDigestAuthOverSSLTest.setUp(SaslDigestAuthOverSSLTest.java:62)
	at sun.reflect.NativeMethodAccessorImpl.invoke0(Native Method)
	at sun.reflect.NativeMethodAccessorImpl.invoke(NativeMethodAccessorImpl.java:62)
	at sun.reflect.DelegatingMethodAccessorImpl.invoke(DelegatingMethodAccessorImpl.java:43)
	at java.lang.reflect.Method.invoke(Method.java:498)
	at org.junit.runners.model.FrameworkMethod$1.runReflectiveCall(FrameworkMethod.java:50)
	at org.junit.internal.runners.model.ReflectiveCallable.run(ReflectiveCallable.java:12)
	at org.junit.runners.model.FrameworkMethod.invokeExplosively(FrameworkMethod.java:47)
	at mockit.integration.junit4.JUnit4TestRunnerDecorator.invokeExplosively(JUnit4TestRunnerDecorator.java:49)
	at mockit.integration.junit4.FakeFrameworkMethod.invokeExplosively(FakeFrameworkMethod.java:29)
	at org.junit.runners.model.FrameworkMethod.invokeExplosively(FrameworkMethod.java)
	at org.junit.internal.runners.statements.RunBefores.evaluate(RunBefores.java:24)
	at org.junit.internal.runners.statements.RunAfters.evaluate(RunAfters.java:27)
	at org.junit.rules.TestWatcher$1.evaluate(TestWatcher.java:55)
	at org.junit.rules.RunRules.evaluate(RunRules.java:20)
	at org.junit.runners.ParentRunner.runLeaf(ParentRunner.java:325)
	at org.junit.runners.BlockJUnit4ClassRunner.runChild(BlockJUnit4ClassRunner.java:78)
	at org.junit.runners.BlockJUnit4ClassRunner.runChild(BlockJUnit4ClassRunner.java:57)
	at org.junit.runners.ParentRunner$3.run(ParentRunner.java:290)
	at org.junit.runners.ParentRunner$1.schedule(ParentRunner.java:71)
	at org.junit.runners.ParentRunner.runChildren(ParentRunner.java:288)
	at org.junit.runners.ParentRunner.access$000(ParentRunner.java:58)
	at org.junit.runners.ParentRunner$2.evaluate(ParentRunner.java:268)
	at org.junit.internal.runners.statements.RunBefores.evaluate(RunBefores.java:26)
	at org.junit.runners.ParentRunner.run(ParentRunner.java:363)
	at org.apache.maven.surefire.junit4.JUnit4Provider.execute(JUnit4Provider.java:365)
	at org.apache.maven.surefire.junit4.JUnit4Provider.executeWithRerun(JUnit4Provider.java:273)
	at org.apache.maven.surefire.junit4.JUnit4Provider.executeTestSet(JUnit4Provider.java:238)
	at org.apache.maven.surefire.junit4.JUnit4Provider.invoke(JUnit4Provider.java:159)
	at org.apache.maven.surefire.booter.ForkedBooter.invokeProviderInSameClassLoader(ForkedBooter.java:384)
	at org.apache.maven.surefire.booter.ForkedBooter.runSuitesInProcess(ForkedBooter.java:345)
	at org.apache.maven.surefire.booter.ForkedBooter.execute(ForkedBooter.java:126)
	at org.apache.maven.surefire.booter.ForkedBooter.main(ForkedBooter.java:418)
2020-06-22 14:22:38,795 [myid:] - ERROR [main:ZKTrustManager@162] - Failed to verify hostname: activate.navicat.com
javax.net.ssl.SSLPeerUnverifiedException: Certificate for <activate.navicat.com> doesn't match common name of the certificate subject: localhost
	at org.apache.zookeeper.common.ZKHostnameVerifier.matchCN(ZKHostnameVerifier.java:238)
	at org.apache.zookeeper.common.ZKHostnameVerifier.verify(ZKHostnameVerifier.java:184)
	at org.apache.zookeeper.common.ZKTrustManager.performHostVerification(ZKTrustManager.java:159)
	at org.apache.zookeeper.common.ZKTrustManager.checkServerTrusted(ZKTrustManager.java:90)
	at sun.security.ssl.ClientHandshaker.serverCertificate(ClientHandshaker.java:1670)
	at sun.security.ssl.ClientHandshaker.processMessage(ClientHandshaker.java:226)
	at sun.security.ssl.Handshaker.processLoop(Handshaker.java:1082)
	at sun.security.ssl.Handshaker.process_record(Handshaker.java:1010)
	at sun.security.ssl.SSLSocketImpl.readRecord(SSLSocketImpl.java:1079)
	at sun.security.ssl.SSLSocketImpl.performInitialHandshake(SSLSocketImpl.java:1388)
	at sun.security.ssl.SSLSocketImpl.startHandshake(SSLSocketImpl.java:1416)
	at sun.security.ssl.SSLSocketImpl.startHandshake(SSLSocketImpl.java:1400)
	at org.apache.zookeeper.client.FourLetterWordMain.send4LetterWord(FourLetterWordMain.java:105)
	at org.apache.zookeeper.client.FourLetterWordMain.send4LetterWord(FourLetterWordMain.java:73)
	at org.apache.zookeeper.test.ClientBase.waitForServerUp(ClientBase.java:261)
	at org.apache.zookeeper.test.ClientBase.startServerInstance(ClientBase.java:401)
	at org.apache.zookeeper.test.ClientBase.startServer(ClientBase.java:516)
	at org.apache.zookeeper.test.ClientBase.setUpWithServerId(ClientBase.java:499)
	at org.apache.zookeeper.test.ClientBase.setUp(ClientBase.java:474)
	at org.apache.zookeeper.test.SaslDigestAuthOverSSLTest.setUp(SaslDigestAuthOverSSLTest.java:62)
	at sun.reflect.NativeMethodAccessorImpl.invoke0(Native Method)
	at sun.reflect.NativeMethodAccessorImpl.invoke(NativeMethodAccessorImpl.java:62)
	at sun.reflect.DelegatingMethodAccessorImpl.invoke(DelegatingMethodAccessorImpl.java:43)
	at java.lang.reflect.Method.invoke(Method.java:498)
	at org.junit.runners.model.FrameworkMethod$1.runReflectiveCall(FrameworkMethod.java:50)
	at org.junit.internal.runners.model.ReflectiveCallable.run(ReflectiveCallable.java:12)
	at org.junit.runners.model.FrameworkMethod.invokeExplosively(FrameworkMethod.java:47)
	at mockit.integration.junit4.JUnit4TestRunnerDecorator.invokeExplosively(JUnit4TestRunnerDecorator.java:49)
	at mockit.integration.junit4.FakeFrameworkMethod.invokeExplosively(FakeFrameworkMethod.java:29)
	at org.junit.runners.model.FrameworkMethod.invokeExplosively(FrameworkMethod.java)
	at org.junit.internal.runners.statements.RunBefores.evaluate(RunBefores.java:24)
	at org.junit.internal.runners.statements.RunAfters.evaluate(RunAfters.java:27)
	at org.junit.rules.TestWatcher$1.evaluate(TestWatcher.java:55)
	at org.junit.rules.RunRules.evaluate(RunRules.java:20)
	at org.junit.runners.ParentRunner.runLeaf(ParentRunner.java:325)
	at org.junit.runners.BlockJUnit4ClassRunner.runChild(BlockJUnit4ClassRunner.java:78)
	at org.junit.runners.BlockJUnit4ClassRunner.runChild(BlockJUnit4ClassRunner.java:57)
	at org.junit.runners.ParentRunner$3.run(ParentRunner.java:290)
	at org.junit.runners.ParentRunner$1.schedule(ParentRunner.java:71)
	at org.junit.runners.ParentRunner.runChildren(ParentRunner.java:288)
	at org.junit.runners.ParentRunner.access$000(ParentRunner.java:58)
	at org.junit.runners.ParentRunner$2.evaluate(ParentRunner.java:268)
	at org.junit.internal.runners.statements.RunBefores.evaluate(RunBefores.java:26)
	at org.junit.runners.ParentRunner.run(ParentRunner.java:363)
	at org.apache.maven.surefire.junit4.JUnit4Provider.execute(JUnit4Provider.java:365)
	at org.apache.maven.surefire.junit4.JUnit4Provider.executeWithRerun(JUnit4Provider.java:273)
	at org.apache.maven.surefire.junit4.JUnit4Provider.executeTestSet(JUnit4Provider.java:238)
	at org.apache.maven.surefire.junit4.JUnit4Provider.invoke(JUnit4Provider.java:159)
	at org.apache.maven.surefire.booter.ForkedBooter.invokeProviderInSameClassLoader(ForkedBooter.java:384)
	at org.apache.maven.surefire.booter.ForkedBooter.runSuitesInProcess(ForkedBooter.java:345)
	at org.apache.maven.surefire.booter.ForkedBooter.execute(ForkedBooter.java:126)
	at org.apache.maven.surefire.booter.ForkedBooter.main(ForkedBooter.java:418)
2020-06-22 14:22:38,795 [myid:] - INFO  [main:ClientBase@270] - server 127.0.0.1:21995 not up
javax.net.ssl.SSLHandshakeException: java.security.cert.CertificateException: Failed to verify both host address and host name
	at sun.security.ssl.Alerts.getSSLException(Alerts.java:198)
	at sun.security.ssl.SSLSocketImpl.fatal(SSLSocketImpl.java:1967)
	at sun.security.ssl.Handshaker.fatalSE(Handshaker.java:331)
	at sun.security.ssl.Handshaker.fatalSE(Handshaker.java:325)
	at sun.security.ssl.ClientHandshaker.serverCertificate(ClientHandshaker.java:1688)
	at sun.security.ssl.ClientHandshaker.processMessage(ClientHandshaker.java:226)
	at sun.security.ssl.Handshaker.processLoop(Handshaker.java:1082)
	at sun.security.ssl.Handshaker.process_record(Handshaker.java:1010)
	at sun.security.ssl.SSLSocketImpl.readRecord(SSLSocketImpl.java:1079)
	at sun.security.ssl.SSLSocketImpl.performInitialHandshake(SSLSocketImpl.java:1388)
	at sun.security.ssl.SSLSocketImpl.startHandshake(SSLSocketImpl.java:1416)
	at sun.security.ssl.SSLSocketImpl.startHandshake(SSLSocketImpl.java:1400)
	at org.apache.zookeeper.client.FourLetterWordMain.send4LetterWord(FourLetterWordMain.java:105)
	at org.apache.zookeeper.client.FourLetterWordMain.send4LetterWord(FourLetterWordMain.java:73)
	at org.apache.zookeeper.test.ClientBase.waitForServerUp(ClientBase.java:261)
	at org.apache.zookeeper.test.ClientBase.startServerInstance(ClientBase.java:401)
	at org.apache.zookeeper.test.ClientBase.startServer(ClientBase.java:516)
	at org.apache.zookeeper.test.ClientBase.setUpWithServerId(ClientBase.java:499)
	at org.apache.zookeeper.test.ClientBase.setUp(ClientBase.java:474)
	at org.apache.zookeeper.test.SaslDigestAuthOverSSLTest.setUp(SaslDigestAuthOverSSLTest.java:62)
	at sun.reflect.NativeMethodAccessorImpl.invoke0(Native Method)
	at sun.reflect.NativeMethodAccessorImpl.invoke(NativeMethodAccessorImpl.java:62)
	at sun.reflect.DelegatingMethodAccessorImpl.invoke(DelegatingMethodAccessorImpl.java:43)
	at java.lang.reflect.Method.invoke(Method.java:498)
	at org.junit.runners.model.FrameworkMethod$1.runReflectiveCall(FrameworkMethod.java:50)
	at org.junit.internal.runners.model.ReflectiveCallable.run(ReflectiveCallable.java:12)
	at org.junit.runners.model.FrameworkMethod.invokeExplosively(FrameworkMethod.java:47)
	at mockit.integration.junit4.JUnit4TestRunnerDecorator.invokeExplosively(JUnit4TestRunnerDecorator.java:49)
	at mockit.integration.junit4.FakeFrameworkMethod.invokeExplosively(FakeFrameworkMethod.java:29)
	at org.junit.runners.model.FrameworkMethod.invokeExplosively(FrameworkMethod.java)
	at org.junit.internal.runners.statements.RunBefores.evaluate(RunBefores.java:24)
	at org.junit.internal.runners.statements.RunAfters.evaluate(RunAfters.java:27)
	at org.junit.rules.TestWatcher$1.evaluate(TestWatcher.java:55)
	at org.junit.rules.RunRules.evaluate(RunRules.java:20)
	at org.junit.runners.ParentRunner.runLeaf(ParentRunner.java:325)
	at org.junit.runners.BlockJUnit4ClassRunner.runChild(BlockJUnit4ClassRunner.java:78)
	at org.junit.runners.BlockJUnit4ClassRunner.runChild(BlockJUnit4ClassRunner.java:57)
	at org.junit.runners.ParentRunner$3.run(ParentRunner.java:290)
	at org.junit.runners.ParentRunner$1.schedule(ParentRunner.java:71)
	at org.junit.runners.ParentRunner.runChildren(ParentRunner.java:288)
	at org.junit.runners.ParentRunner.access$000(ParentRunner.java:58)
	at org.junit.runners.ParentRunner$2.evaluate(ParentRunner.java:268)
	at org.junit.internal.runners.statements.RunBefores.evaluate(RunBefores.java:26)
	at org.junit.runners.ParentRunner.run(ParentRunner.java:363)
	at org.apache.maven.surefire.junit4.JUnit4Provider.execute(JUnit4Provider.java:365)
	at org.apache.maven.surefire.junit4.JUnit4Provider.executeWithRerun(JUnit4Provider.java:273)
	at org.apache.maven.surefire.junit4.JUnit4Provider.executeTestSet(JUnit4Provider.java:238)
	at org.apache.maven.surefire.junit4.JUnit4Provider.invoke(JUnit4Provider.java:159)
	at org.apache.maven.surefire.booter.ForkedBooter.invokeProviderInSameClassLoader(ForkedBooter.java:384)
	at org.apache.maven.surefire.booter.ForkedBooter.runSuitesInProcess(ForkedBooter.java:345)
	at org.apache.maven.surefire.booter.ForkedBooter.execute(ForkedBooter.java:126)
	at org.apache.maven.surefire.booter.ForkedBooter.main(ForkedBooter.java:418)
Caused by: java.security.cert.CertificateException: Failed to verify both host address and host name
	at org.apache.zookeeper.common.ZKTrustManager.performHostVerification(ZKTrustManager.java:163)
	at org.apache.zookeeper.common.ZKTrustManager.checkServerTrusted(ZKTrustManager.java:90)
	at sun.security.ssl.ClientHandshaker.serverCertificate(ClientHandshaker.java:1670)
	... 47 more
Caused by: javax.net.ssl.SSLPeerUnverifiedException: Certificate for <activate.navicat.com> doesn't match common name of the certificate subject: localhost
	at org.apache.zookeeper.common.ZKHostnameVerifier.matchCN(ZKHostnameVerifier.java:238)
	at org.apache.zookeeper.common.ZKHostnameVerifier.verify(ZKHostnameVerifier.java:184)
	at org.apache.zookeeper.common.ZKTrustManager.performHostVerification(ZKTrustManager.java:159)
	... 49 more
2020-06-22 14:22:38,796 [myid:] - ERROR [nioEventLoopGroup-4-5:NettyServerCnxnFactory$CertificateVerifier@434] - Unsuccessful handshake with session 0x0
2020-06-22 14:22:38,796 [myid:] - WARN  [nioEventLoopGroup-4-5:NettyServerCnxnFactory$CnxnChannelHandler@273] - Exception caught
io.netty.handler.codec.DecoderException: javax.net.ssl.SSLException: Received fatal alert: certificate_unknown
	at io.netty.handler.codec.ByteToMessageDecoder.callDecode(ByteToMessageDecoder.java:468)
	at io.netty.handler.codec.ByteToMessageDecoder.channelRead(ByteToMessageDecoder.java:276)
	at io.netty.channel.AbstractChannelHandlerContext.invokeChannelRead(AbstractChannelHandlerContext.java:379)
	at io.netty.channel.AbstractChannelHandlerContext.invokeChannelRead(AbstractChannelHandlerContext.java:365)
	at io.netty.channel.AbstractChannelHandlerContext.fireChannelRead(AbstractChannelHandlerContext.java:357)
	at io.netty.channel.DefaultChannelPipeline$HeadContext.channelRead(DefaultChannelPipeline.java:1410)
	at io.netty.channel.AbstractChannelHandlerContext.invokeChannelRead(AbstractChannelHandlerContext.java:379)
	at io.netty.channel.AbstractChannelHandlerContext.invokeChannelRead(AbstractChannelHandlerContext.java:365)
	at io.netty.channel.DefaultChannelPipeline.fireChannelRead(DefaultChannelPipeline.java:919)
	at io.netty.channel.nio.AbstractNioByteChannel$NioByteUnsafe.read(AbstractNioByteChannel.java:163)
	at io.netty.channel.nio.NioEventLoop.processSelectedKey(NioEventLoop.java:714)
	at io.netty.channel.nio.NioEventLoop.processSelectedKeysOptimized(NioEventLoop.java:650)
	at io.netty.channel.nio.NioEventLoop.processSelectedKeys(NioEventLoop.java:576)
	at io.netty.channel.nio.NioEventLoop.run(NioEventLoop.java:493)
	at io.netty.util.concurrent.SingleThreadEventExecutor$4.run(SingleThreadEventExecutor.java:989)
	at io.netty.util.internal.ThreadExecutorMap$2.run(ThreadExecutorMap.java:74)
	at io.netty.util.concurrent.FastThreadLocalRunnable.run(FastThreadLocalRunnable.java:30)
	at java.lang.Thread.run(Thread.java:748)
Caused by: javax.net.ssl.SSLException: Received fatal alert: certificate_unknown
	at sun.security.ssl.Alerts.getSSLException(Alerts.java:214)
	at sun.security.ssl.SSLEngineImpl.fatal(SSLEngineImpl.java:1667)
	at sun.security.ssl.SSLEngineImpl.fatal(SSLEngineImpl.java:1635)
	at sun.security.ssl.SSLEngineImpl.recvAlert(SSLEngineImpl.java:1801)
	at sun.security.ssl.SSLEngineImpl.readRecord(SSLEngineImpl.java:1090)
	at sun.security.ssl.SSLEngineImpl.readNetRecord(SSLEngineImpl.java:913)
	at sun.security.ssl.SSLEngineImpl.unwrap(SSLEngineImpl.java:783)
	at javax.net.ssl.SSLEngine.unwrap(SSLEngine.java:626)
	at io.netty.handler.ssl.SslHandler$SslEngineType$3.unwrap(SslHandler.java:281)
	at io.netty.handler.ssl.SslHandler.unwrap(SslHandler.java:1340)
	at io.netty.handler.ssl.SslHandler.decodeJdkCompatible(SslHandler.java:1235)
	at io.netty.handler.ssl.SslHandler.decode(SslHandler.java:1282)
	at io.netty.handler.codec.ByteToMessageDecoder.decodeRemovalReentryProtection(ByteToMessageDecoder.java:498)
	at io.netty.handler.codec.ByteToMessageDecoder.callDecode(ByteToMessageDecoder.java:437)
	... 17 more
2020-06-22 14:22:38,797 [myid:] - WARN  [nioEventLoopGroup-4-5:NettyServerCnxnFactory$CnxnChannelHandler@273] - Exception caught
io.netty.handler.codec.DecoderException: javax.net.ssl.SSLException: Received fatal alert: certificate_unknown
	at io.netty.handler.codec.ByteToMessageDecoder.callDecode(ByteToMessageDecoder.java:468)
	at io.netty.handler.codec.ByteToMessageDecoder.channelInputClosed(ByteToMessageDecoder.java:401)
	at io.netty.handler.codec.ByteToMessageDecoder.channelInputClosed(ByteToMessageDecoder.java:368)
	at io.netty.handler.codec.ByteToMessageDecoder.channelInactive(ByteToMessageDecoder.java:351)
	at io.netty.handler.ssl.SslHandler.channelInactive(SslHandler.java:1084)
	at io.netty.channel.AbstractChannelHandlerContext.invokeChannelInactive(AbstractChannelHandlerContext.java:262)
	at io.netty.channel.AbstractChannelHandlerContext.invokeChannelInactive(AbstractChannelHandlerContext.java:248)
	at io.netty.channel.AbstractChannelHandlerContext.fireChannelInactive(AbstractChannelHandlerContext.java:241)
	at io.netty.channel.DefaultChannelPipeline$HeadContext.channelInactive(DefaultChannelPipeline.java:1405)
	at io.netty.channel.AbstractChannelHandlerContext.invokeChannelInactive(AbstractChannelHandlerContext.java:262)
	at io.netty.channel.AbstractChannelHandlerContext.invokeChannelInactive(AbstractChannelHandlerContext.java:248)
	at io.netty.channel.DefaultChannelPipeline.fireChannelInactive(DefaultChannelPipeline.java:901)
	at io.netty.channel.AbstractChannel$AbstractUnsafe$8.run(AbstractChannel.java:818)
	at io.netty.util.concurrent.AbstractEventExecutor.safeExecute(AbstractEventExecutor.java:164)
	at io.netty.util.concurrent.SingleThreadEventExecutor.runAllTasks(SingleThreadEventExecutor.java:472)
	at io.netty.channel.nio.NioEventLoop.run(NioEventLoop.java:497)
	at io.netty.util.concurrent.SingleThreadEventExecutor$4.run(SingleThreadEventExecutor.java:989)
	at io.netty.util.internal.ThreadExecutorMap$2.run(ThreadExecutorMap.java:74)
	at io.netty.util.concurrent.FastThreadLocalRunnable.run(FastThreadLocalRunnable.java:30)
	at java.lang.Thread.run(Thread.java:748)
Caused by: javax.net.ssl.SSLException: Received fatal alert: certificate_unknown
	at sun.security.ssl.Alerts.getSSLException(Alerts.java:214)
	at sun.security.ssl.SSLEngineImpl.fatal(SSLEngineImpl.java:1667)
	at sun.security.ssl.SSLEngineImpl.fatal(SSLEngineImpl.java:1635)
	at sun.security.ssl.SSLEngineImpl.recvAlert(SSLEngineImpl.java:1801)
	at sun.security.ssl.SSLEngineImpl.readRecord(SSLEngineImpl.java:1090)
	at sun.security.ssl.SSLEngineImpl.readNetRecord(SSLEngineImpl.java:913)
	at sun.security.ssl.SSLEngineImpl.unwrap(SSLEngineImpl.java:783)
	at javax.net.ssl.SSLEngine.unwrap(SSLEngine.java:626)
	at io.netty.handler.ssl.SslHandler$SslEngineType$3.unwrap(SslHandler.java:281)
	at io.netty.handler.ssl.SslHandler.unwrap(SslHandler.java:1340)
	at io.netty.handler.ssl.SslHandler.decodeJdkCompatible(SslHandler.java:1235)
	at io.netty.handler.ssl.SslHandler.decode(SslHandler.java:1282)
	at io.netty.handler.codec.ByteToMessageDecoder.decodeRemovalReentryProtection(ByteToMessageDecoder.java:498)
	at io.netty.handler.codec.ByteToMessageDecoder.callDecode(ByteToMessageDecoder.java:437)
	... 19 more
2020-06-22 14:22:39,047 [myid:] - INFO  [main:FourLetterWordMain@93] - connecting to 127.0.0.1 21995
2020-06-22 14:22:39,047 [myid:] - INFO  [main:FourLetterWordMain@99] - using secure socket
2020-06-22 14:22:39,058 [myid:] - ERROR [main:ZKTrustManager@161] - Failed to verify host address: 127.0.0.1
javax.net.ssl.SSLPeerUnverifiedException: Certificate for <127.0.0.1> doesn't match common name of the certificate subject: localhost
	at org.apache.zookeeper.common.ZKHostnameVerifier.matchCN(ZKHostnameVerifier.java:238)
	at org.apache.zookeeper.common.ZKHostnameVerifier.verify(ZKHostnameVerifier.java:184)
	at org.apache.zookeeper.common.ZKTrustManager.performHostVerification(ZKTrustManager.java:151)
	at org.apache.zookeeper.common.ZKTrustManager.checkServerTrusted(ZKTrustManager.java:90)
	at sun.security.ssl.ClientHandshaker.serverCertificate(ClientHandshaker.java:1670)
	at sun.security.ssl.ClientHandshaker.processMessage(ClientHandshaker.java:226)
	at sun.security.ssl.Handshaker.processLoop(Handshaker.java:1082)
	at sun.security.ssl.Handshaker.process_record(Handshaker.java:1010)
	at sun.security.ssl.SSLSocketImpl.readRecord(SSLSocketImpl.java:1079)
	at sun.security.ssl.SSLSocketImpl.performInitialHandshake(SSLSocketImpl.java:1388)
	at sun.security.ssl.SSLSocketImpl.startHandshake(SSLSocketImpl.java:1416)
	at sun.security.ssl.SSLSocketImpl.startHandshake(SSLSocketImpl.java:1400)
	at org.apache.zookeeper.client.FourLetterWordMain.send4LetterWord(FourLetterWordMain.java:105)
	at org.apache.zookeeper.client.FourLetterWordMain.send4LetterWord(FourLetterWordMain.java:73)
	at org.apache.zookeeper.test.ClientBase.waitForServerUp(ClientBase.java:261)
	at org.apache.zookeeper.test.ClientBase.startServerInstance(ClientBase.java:401)
	at org.apache.zookeeper.test.ClientBase.startServer(ClientBase.java:516)
	at org.apache.zookeeper.test.ClientBase.setUpWithServerId(ClientBase.java:499)
	at org.apache.zookeeper.test.ClientBase.setUp(ClientBase.java:474)
	at org.apache.zookeeper.test.SaslDigestAuthOverSSLTest.setUp(SaslDigestAuthOverSSLTest.java:62)
	at sun.reflect.NativeMethodAccessorImpl.invoke0(Native Method)
	at sun.reflect.NativeMethodAccessorImpl.invoke(NativeMethodAccessorImpl.java:62)
	at sun.reflect.DelegatingMethodAccessorImpl.invoke(DelegatingMethodAccessorImpl.java:43)
	at java.lang.reflect.Method.invoke(Method.java:498)
	at org.junit.runners.model.FrameworkMethod$1.runReflectiveCall(FrameworkMethod.java:50)
	at org.junit.internal.runners.model.ReflectiveCallable.run(ReflectiveCallable.java:12)
	at org.junit.runners.model.FrameworkMethod.invokeExplosively(FrameworkMethod.java:47)
	at mockit.integration.junit4.JUnit4TestRunnerDecorator.invokeExplosively(JUnit4TestRunnerDecorator.java:49)
	at mockit.integration.junit4.FakeFrameworkMethod.invokeExplosively(FakeFrameworkMethod.java:29)
	at org.junit.runners.model.FrameworkMethod.invokeExplosively(FrameworkMethod.java)
	at org.junit.internal.runners.statements.RunBefores.evaluate(RunBefores.java:24)
	at org.junit.internal.runners.statements.RunAfters.evaluate(RunAfters.java:27)
	at org.junit.rules.TestWatcher$1.evaluate(TestWatcher.java:55)
	at org.junit.rules.RunRules.evaluate(RunRules.java:20)
	at org.junit.runners.ParentRunner.runLeaf(ParentRunner.java:325)
	at org.junit.runners.BlockJUnit4ClassRunner.runChild(BlockJUnit4ClassRunner.java:78)
	at org.junit.runners.BlockJUnit4ClassRunner.runChild(BlockJUnit4ClassRunner.java:57)
	at org.junit.runners.ParentRunner$3.run(ParentRunner.java:290)
	at org.junit.runners.ParentRunner$1.schedule(ParentRunner.java:71)
	at org.junit.runners.ParentRunner.runChildren(ParentRunner.java:288)
	at org.junit.runners.ParentRunner.access$000(ParentRunner.java:58)
	at org.junit.runners.ParentRunner$2.evaluate(ParentRunner.java:268)
	at org.junit.internal.runners.statements.RunBefores.evaluate(RunBefores.java:26)
	at org.junit.runners.ParentRunner.run(ParentRunner.java:363)
	at org.apache.maven.surefire.junit4.JUnit4Provider.execute(JUnit4Provider.java:365)
	at org.apache.maven.surefire.junit4.JUnit4Provider.executeWithRerun(JUnit4Provider.java:273)
	at org.apache.maven.surefire.junit4.JUnit4Provider.executeTestSet(JUnit4Provider.java:238)
	at org.apache.maven.surefire.junit4.JUnit4Provider.invoke(JUnit4Provider.java:159)
	at org.apache.maven.surefire.booter.ForkedBooter.invokeProviderInSameClassLoader(ForkedBooter.java:384)
	at org.apache.maven.surefire.booter.ForkedBooter.runSuitesInProcess(ForkedBooter.java:345)
	at org.apache.maven.surefire.booter.ForkedBooter.execute(ForkedBooter.java:126)
	at org.apache.maven.surefire.booter.ForkedBooter.main(ForkedBooter.java:418)
2020-06-22 14:22:39,059 [myid:] - ERROR [main:ZKTrustManager@162] - Failed to verify hostname: activate.navicat.com
javax.net.ssl.SSLPeerUnverifiedException: Certificate for <activate.navicat.com> doesn't match common name of the certificate subject: localhost
	at org.apache.zookeeper.common.ZKHostnameVerifier.matchCN(ZKHostnameVerifier.java:238)
	at org.apache.zookeeper.common.ZKHostnameVerifier.verify(ZKHostnameVerifier.java:184)
	at org.apache.zookeeper.common.ZKTrustManager.performHostVerification(ZKTrustManager.java:159)
	at org.apache.zookeeper.common.ZKTrustManager.checkServerTrusted(ZKTrustManager.java:90)
	at sun.security.ssl.ClientHandshaker.serverCertificate(ClientHandshaker.java:1670)
	at sun.security.ssl.ClientHandshaker.processMessage(ClientHandshaker.java:226)
	at sun.security.ssl.Handshaker.processLoop(Handshaker.java:1082)
	at sun.security.ssl.Handshaker.process_record(Handshaker.java:1010)
	at sun.security.ssl.SSLSocketImpl.readRecord(SSLSocketImpl.java:1079)
	at sun.security.ssl.SSLSocketImpl.performInitialHandshake(SSLSocketImpl.java:1388)
	at sun.security.ssl.SSLSocketImpl.startHandshake(SSLSocketImpl.java:1416)
	at sun.security.ssl.SSLSocketImpl.startHandshake(SSLSocketImpl.java:1400)
	at org.apache.zookeeper.client.FourLetterWordMain.send4LetterWord(FourLetterWordMain.java:105)
	at org.apache.zookeeper.client.FourLetterWordMain.send4LetterWord(FourLetterWordMain.java:73)
	at org.apache.zookeeper.test.ClientBase.waitForServerUp(ClientBase.java:261)
	at org.apache.zookeeper.test.ClientBase.startServerInstance(ClientBase.java:401)
	at org.apache.zookeeper.test.ClientBase.startServer(ClientBase.java:516)
	at org.apache.zookeeper.test.ClientBase.setUpWithServerId(ClientBase.java:499)
	at org.apache.zookeeper.test.ClientBase.setUp(ClientBase.java:474)
	at org.apache.zookeeper.test.SaslDigestAuthOverSSLTest.setUp(SaslDigestAuthOverSSLTest.java:62)
	at sun.reflect.NativeMethodAccessorImpl.invoke0(Native Method)
	at sun.reflect.NativeMethodAccessorImpl.invoke(NativeMethodAccessorImpl.java:62)
	at sun.reflect.DelegatingMethodAccessorImpl.invoke(DelegatingMethodAccessorImpl.java:43)
	at java.lang.reflect.Method.invoke(Method.java:498)
	at org.junit.runners.model.FrameworkMethod$1.runReflectiveCall(FrameworkMethod.java:50)
	at org.junit.internal.runners.model.ReflectiveCallable.run(ReflectiveCallable.java:12)
	at org.junit.runners.model.FrameworkMethod.invokeExplosively(FrameworkMethod.java:47)
	at mockit.integration.junit4.JUnit4TestRunnerDecorator.invokeExplosively(JUnit4TestRunnerDecorator.java:49)
	at mockit.integration.junit4.FakeFrameworkMethod.invokeExplosively(FakeFrameworkMethod.java:29)
	at org.junit.runners.model.FrameworkMethod.invokeExplosively(FrameworkMethod.java)
	at org.junit.internal.runners.statements.RunBefores.evaluate(RunBefores.java:24)
	at org.junit.internal.runners.statements.RunAfters.evaluate(RunAfters.java:27)
	at org.junit.rules.TestWatcher$1.evaluate(TestWatcher.java:55)
	at org.junit.rules.RunRules.evaluate(RunRules.java:20)
	at org.junit.runners.ParentRunner.runLeaf(ParentRunner.java:325)
	at org.junit.runners.BlockJUnit4ClassRunner.runChild(BlockJUnit4ClassRunner.java:78)
	at org.junit.runners.BlockJUnit4ClassRunner.runChild(BlockJUnit4ClassRunner.java:57)
	at org.junit.runners.ParentRunner$3.run(ParentRunner.java:290)
	at org.junit.runners.ParentRunner$1.schedule(ParentRunner.java:71)
	at org.junit.runners.ParentRunner.runChildren(ParentRunner.java:288)
	at org.junit.runners.ParentRunner.access$000(ParentRunner.java:58)
	at org.junit.runners.ParentRunner$2.evaluate(ParentRunner.java:268)
	at org.junit.internal.runners.statements.RunBefores.evaluate(RunBefores.java:26)
	at org.junit.runners.ParentRunner.run(ParentRunner.java:363)
	at org.apache.maven.surefire.junit4.JUnit4Provider.execute(JUnit4Provider.java:365)
	at org.apache.maven.surefire.junit4.JUnit4Provider.executeWithRerun(JUnit4Provider.java:273)
	at org.apache.maven.surefire.junit4.JUnit4Provider.executeTestSet(JUnit4Provider.java:238)
	at org.apache.maven.surefire.junit4.JUnit4Provider.invoke(JUnit4Provider.java:159)
	at org.apache.maven.surefire.booter.ForkedBooter.invokeProviderInSameClassLoader(ForkedBooter.java:384)
	at org.apache.maven.surefire.booter.ForkedBooter.runSuitesInProcess(ForkedBooter.java:345)
	at org.apache.maven.surefire.booter.ForkedBooter.execute(ForkedBooter.java:126)
	at org.apache.maven.surefire.booter.ForkedBooter.main(ForkedBooter.java:418)
2020-06-22 14:22:39,060 [myid:] - INFO  [main:ClientBase@270] - server 127.0.0.1:21995 not up
javax.net.ssl.SSLHandshakeException: java.security.cert.CertificateException: Failed to verify both host address and host name
	at sun.security.ssl.Alerts.getSSLException(Alerts.java:198)
	at sun.security.ssl.SSLSocketImpl.fatal(SSLSocketImpl.java:1967)
	at sun.security.ssl.Handshaker.fatalSE(Handshaker.java:331)
	at sun.security.ssl.Handshaker.fatalSE(Handshaker.java:325)
	at sun.security.ssl.ClientHandshaker.serverCertificate(ClientHandshaker.java:1688)
	at sun.security.ssl.ClientHandshaker.processMessage(ClientHandshaker.java:226)
	at sun.security.ssl.Handshaker.processLoop(Handshaker.java:1082)
	at sun.security.ssl.Handshaker.process_record(Handshaker.java:1010)
	at sun.security.ssl.SSLSocketImpl.readRecord(SSLSocketImpl.java:1079)
	at sun.security.ssl.SSLSocketImpl.performInitialHandshake(SSLSocketImpl.java:1388)
	at sun.security.ssl.SSLSocketImpl.startHandshake(SSLSocketImpl.java:1416)
	at sun.security.ssl.SSLSocketImpl.startHandshake(SSLSocketImpl.java:1400)
	at org.apache.zookeeper.client.FourLetterWordMain.send4LetterWord(FourLetterWordMain.java:105)
	at org.apache.zookeeper.client.FourLetterWordMain.send4LetterWord(FourLetterWordMain.java:73)
	at org.apache.zookeeper.test.ClientBase.waitForServerUp(ClientBase.java:261)
	at org.apache.zookeeper.test.ClientBase.startServerInstance(ClientBase.java:401)
	at org.apache.zookeeper.test.ClientBase.startServer(ClientBase.java:516)
	at org.apache.zookeeper.test.ClientBase.setUpWithServerId(ClientBase.java:499)
	at org.apache.zookeeper.test.ClientBase.setUp(ClientBase.java:474)
	at org.apache.zookeeper.test.SaslDigestAuthOverSSLTest.setUp(SaslDigestAuthOverSSLTest.java:62)
	at sun.reflect.NativeMethodAccessorImpl.invoke0(Native Method)
	at sun.reflect.NativeMethodAccessorImpl.invoke(NativeMethodAccessorImpl.java:62)
	at sun.reflect.DelegatingMethodAccessorImpl.invoke(DelegatingMethodAccessorImpl.java:43)
	at java.lang.reflect.Method.invoke(Method.java:498)
	at org.junit.runners.model.FrameworkMethod$1.runReflectiveCall(FrameworkMethod.java:50)
	at org.junit.internal.runners.model.ReflectiveCallable.run(ReflectiveCallable.java:12)
	at org.junit.runners.model.FrameworkMethod.invokeExplosively(FrameworkMethod.java:47)
	at mockit.integration.junit4.JUnit4TestRunnerDecorator.invokeExplosively(JUnit4TestRunnerDecorator.java:49)
	at mockit.integration.junit4.FakeFrameworkMethod.invokeExplosively(FakeFrameworkMethod.java:29)
	at org.junit.runners.model.FrameworkMethod.invokeExplosively(FrameworkMethod.java)
	at org.junit.internal.runners.statements.RunBefores.evaluate(RunBefores.java:24)
	at org.junit.internal.runners.statements.RunAfters.evaluate(RunAfters.java:27)
	at org.junit.rules.TestWatcher$1.evaluate(TestWatcher.java:55)
	at org.junit.rules.RunRules.evaluate(RunRules.java:20)
	at org.junit.runners.ParentRunner.runLeaf(ParentRunner.java:325)
	at org.junit.runners.BlockJUnit4ClassRunner.runChild(BlockJUnit4ClassRunner.java:78)
	at org.junit.runners.BlockJUnit4ClassRunner.runChild(BlockJUnit4ClassRunner.java:57)
	at org.junit.runners.ParentRunner$3.run(ParentRunner.java:290)
	at org.junit.runners.ParentRunner$1.schedule(ParentRunner.java:71)
	at org.junit.runners.ParentRunner.runChildren(ParentRunner.java:288)
	at org.junit.runners.ParentRunner.access$000(ParentRunner.java:58)
	at org.junit.runners.ParentRunner$2.evaluate(ParentRunner.java:268)
	at org.junit.internal.runners.statements.RunBefores.evaluate(RunBefores.java:26)
	at org.junit.runners.ParentRunner.run(ParentRunner.java:363)
	at org.apache.maven.surefire.junit4.JUnit4Provider.execute(JUnit4Provider.java:365)
	at org.apache.maven.surefire.junit4.JUnit4Provider.executeWithRerun(JUnit4Provider.java:273)
	at org.apache.maven.surefire.junit4.JUnit4Provider.executeTestSet(JUnit4Provider.java:238)
	at org.apache.maven.surefire.junit4.JUnit4Provider.invoke(JUnit4Provider.java:159)
	at org.apache.maven.surefire.booter.ForkedBooter.invokeProviderInSameClassLoader(ForkedBooter.java:384)
	at org.apache.maven.surefire.booter.ForkedBooter.runSuitesInProcess(ForkedBooter.java:345)
	at org.apache.maven.surefire.booter.ForkedBooter.execute(ForkedBooter.java:126)
	at org.apache.maven.surefire.booter.ForkedBooter.main(ForkedBooter.java:418)
Caused by: java.security.cert.CertificateException: Failed to verify both host address and host name
	at org.apache.zookeeper.common.ZKTrustManager.performHostVerification(ZKTrustManager.java:163)
	at org.apache.zookeeper.common.ZKTrustManager.checkServerTrusted(ZKTrustManager.java:90)
	at sun.security.ssl.ClientHandshaker.serverCertificate(ClientHandshaker.java:1670)
	... 47 more
Caused by: javax.net.ssl.SSLPeerUnverifiedException: Certificate for <activate.navicat.com> doesn't match common name of the certificate subject: localhost
	at org.apache.zookeeper.common.ZKHostnameVerifier.matchCN(ZKHostnameVerifier.java:238)
	at org.apache.zookeeper.common.ZKHostnameVerifier.verify(ZKHostnameVerifier.java:184)
	at org.apache.zookeeper.common.ZKTrustManager.performHostVerification(ZKTrustManager.java:159)
	... 49 more
2020-06-22 14:22:39,060 [myid:] - ERROR [nioEventLoopGroup-4-6:NettyServerCnxnFactory$CertificateVerifier@434] - Unsuccessful handshake with session 0x0
2020-06-22 14:22:39,061 [myid:] - WARN  [nioEventLoopGroup-4-6:NettyServerCnxnFactory$CnxnChannelHandler@273] - Exception caught
io.netty.handler.codec.DecoderException: javax.net.ssl.SSLException: Received fatal alert: certificate_unknown
	at io.netty.handler.codec.ByteToMessageDecoder.callDecode(ByteToMessageDecoder.java:468)
	at io.netty.handler.codec.ByteToMessageDecoder.channelRead(ByteToMessageDecoder.java:276)
	at io.netty.channel.AbstractChannelHandlerContext.invokeChannelRead(AbstractChannelHandlerContext.java:379)
	at io.netty.channel.AbstractChannelHandlerContext.invokeChannelRead(AbstractChannelHandlerContext.java:365)
	at io.netty.channel.AbstractChannelHandlerContext.fireChannelRead(AbstractChannelHandlerContext.java:357)
	at io.netty.channel.DefaultChannelPipeline$HeadContext.channelRead(DefaultChannelPipeline.java:1410)
	at io.netty.channel.AbstractChannelHandlerContext.invokeChannelRead(AbstractChannelHandlerContext.java:379)
	at io.netty.channel.AbstractChannelHandlerContext.invokeChannelRead(AbstractChannelHandlerContext.java:365)
	at io.netty.channel.DefaultChannelPipeline.fireChannelRead(DefaultChannelPipeline.java:919)
	at io.netty.channel.nio.AbstractNioByteChannel$NioByteUnsafe.read(AbstractNioByteChannel.java:163)
	at io.netty.channel.nio.NioEventLoop.processSelectedKey(NioEventLoop.java:714)
	at io.netty.channel.nio.NioEventLoop.processSelectedKeysOptimized(NioEventLoop.java:650)
	at io.netty.channel.nio.NioEventLoop.processSelectedKeys(NioEventLoop.java:576)
	at io.netty.channel.nio.NioEventLoop.run(NioEventLoop.java:493)
	at io.netty.util.concurrent.SingleThreadEventExecutor$4.run(SingleThreadEventExecutor.java:989)
	at io.netty.util.internal.ThreadExecutorMap$2.run(ThreadExecutorMap.java:74)
	at io.netty.util.concurrent.FastThreadLocalRunnable.run(FastThreadLocalRunnable.java:30)
	at java.lang.Thread.run(Thread.java:748)
Caused by: javax.net.ssl.SSLException: Received fatal alert: certificate_unknown
	at sun.security.ssl.Alerts.getSSLException(Alerts.java:214)
	at sun.security.ssl.SSLEngineImpl.fatal(SSLEngineImpl.java:1667)
	at sun.security.ssl.SSLEngineImpl.fatal(SSLEngineImpl.java:1635)
	at sun.security.ssl.SSLEngineImpl.recvAlert(SSLEngineImpl.java:1801)
	at sun.security.ssl.SSLEngineImpl.readRecord(SSLEngineImpl.java:1090)
	at sun.security.ssl.SSLEngineImpl.readNetRecord(SSLEngineImpl.java:913)
	at sun.security.ssl.SSLEngineImpl.unwrap(SSLEngineImpl.java:783)
	at javax.net.ssl.SSLEngine.unwrap(SSLEngine.java:626)
	at io.netty.handler.ssl.SslHandler$SslEngineType$3.unwrap(SslHandler.java:281)
	at io.netty.handler.ssl.SslHandler.unwrap(SslHandler.java:1340)
	at io.netty.handler.ssl.SslHandler.decodeJdkCompatible(SslHandler.java:1235)
	at io.netty.handler.ssl.SslHandler.decode(SslHandler.java:1282)
	at io.netty.handler.codec.ByteToMessageDecoder.decodeRemovalReentryProtection(ByteToMessageDecoder.java:498)
	at io.netty.handler.codec.ByteToMessageDecoder.callDecode(ByteToMessageDecoder.java:437)
	... 17 more
2020-06-22 14:22:39,061 [myid:] - WARN  [nioEventLoopGroup-4-6:NettyServerCnxnFactory$CnxnChannelHandler@273] - Exception caught
io.netty.handler.codec.DecoderException: javax.net.ssl.SSLException: Received fatal alert: certificate_unknown
	at io.netty.handler.codec.ByteToMessageDecoder.callDecode(ByteToMessageDecoder.java:468)
	at io.netty.handler.codec.ByteToMessageDecoder.channelInputClosed(ByteToMessageDecoder.java:401)
	at io.netty.handler.codec.ByteToMessageDecoder.channelInputClosed(ByteToMessageDecoder.java:368)
	at io.netty.handler.codec.ByteToMessageDecoder.channelInactive(ByteToMessageDecoder.java:351)
	at io.netty.handler.ssl.SslHandler.channelInactive(SslHandler.java:1084)
	at io.netty.channel.AbstractChannelHandlerContext.invokeChannelInactive(AbstractChannelHandlerContext.java:262)
	at io.netty.channel.AbstractChannelHandlerContext.invokeChannelInactive(AbstractChannelHandlerContext.java:248)
	at io.netty.channel.AbstractChannelHandlerContext.fireChannelInactive(AbstractChannelHandlerContext.java:241)
	at io.netty.channel.DefaultChannelPipeline$HeadContext.channelInactive(DefaultChannelPipeline.java:1405)
	at io.netty.channel.AbstractChannelHandlerContext.invokeChannelInactive(AbstractChannelHandlerContext.java:262)
	at io.netty.channel.AbstractChannelHandlerContext.invokeChannelInactive(AbstractChannelHandlerContext.java:248)
	at io.netty.channel.DefaultChannelPipeline.fireChannelInactive(DefaultChannelPipeline.java:901)
	at io.netty.channel.AbstractChannel$AbstractUnsafe$8.run(AbstractChannel.java:818)
	at io.netty.util.concurrent.AbstractEventExecutor.safeExecute(AbstractEventExecutor.java:164)
	at io.netty.util.concurrent.SingleThreadEventExecutor.runAllTasks(SingleThreadEventExecutor.java:472)
	at io.netty.channel.nio.NioEventLoop.run(NioEventLoop.java:497)
	at io.netty.util.concurrent.SingleThreadEventExecutor$4.run(SingleThreadEventExecutor.java:989)
	at io.netty.util.internal.ThreadExecutorMap$2.run(ThreadExecutorMap.java:74)
	at io.netty.util.concurrent.FastThreadLocalRunnable.run(FastThreadLocalRunnable.java:30)
	at java.lang.Thread.run(Thread.java:748)
Caused by: javax.net.ssl.SSLException: Received fatal alert: certificate_unknown
	at sun.security.ssl.Alerts.getSSLException(Alerts.java:214)
	at sun.security.ssl.SSLEngineImpl.fatal(SSLEngineImpl.java:1667)
	at sun.security.ssl.SSLEngineImpl.fatal(SSLEngineImpl.java:1635)
	at sun.security.ssl.SSLEngineImpl.recvAlert(SSLEngineImpl.java:1801)
	at sun.security.ssl.SSLEngineImpl.readRecord(SSLEngineImpl.java:1090)
	at sun.security.ssl.SSLEngineImpl.readNetRecord(SSLEngineImpl.java:913)
	at sun.security.ssl.SSLEngineImpl.unwrap(SSLEngineImpl.java:783)
	at javax.net.ssl.SSLEngine.unwrap(SSLEngine.java:626)
	at io.netty.handler.ssl.SslHandler$SslEngineType$3.unwrap(SslHandler.java:281)
	at io.netty.handler.ssl.SslHandler.unwrap(SslHandler.java:1340)
	at io.netty.handler.ssl.SslHandler.decodeJdkCompatible(SslHandler.java:1235)
	at io.netty.handler.ssl.SslHandler.decode(SslHandler.java:1282)
	at io.netty.handler.codec.ByteToMessageDecoder.decodeRemovalReentryProtection(ByteToMessageDecoder.java:498)
	at io.netty.handler.codec.ByteToMessageDecoder.callDecode(ByteToMessageDecoder.java:437)
	... 19 more
2020-06-22 14:22:39,310 [myid:] - INFO  [main:FourLetterWordMain@93] - connecting to 127.0.0.1 21995
2020-06-22 14:22:39,310 [myid:] - INFO  [main:FourLetterWordMain@99] - using secure socket
2020-06-22 14:22:39,323 [myid:] - ERROR [main:ZKTrustManager@161] - Failed to verify host address: 127.0.0.1
javax.net.ssl.SSLPeerUnverifiedException: Certificate for <127.0.0.1> doesn't match common name of the certificate subject: localhost
	at org.apache.zookeeper.common.ZKHostnameVerifier.matchCN(ZKHostnameVerifier.java:238)
	at org.apache.zookeeper.common.ZKHostnameVerifier.verify(ZKHostnameVerifier.java:184)
	at org.apache.zookeeper.common.ZKTrustManager.performHostVerification(ZKTrustManager.java:151)
	at org.apache.zookeeper.common.ZKTrustManager.checkServerTrusted(ZKTrustManager.java:90)
	at sun.security.ssl.ClientHandshaker.serverCertificate(ClientHandshaker.java:1670)
	at sun.security.ssl.ClientHandshaker.processMessage(ClientHandshaker.java:226)
	at sun.security.ssl.Handshaker.processLoop(Handshaker.java:1082)
	at sun.security.ssl.Handshaker.process_record(Handshaker.java:1010)
	at sun.security.ssl.SSLSocketImpl.readRecord(SSLSocketImpl.java:1079)
	at sun.security.ssl.SSLSocketImpl.performInitialHandshake(SSLSocketImpl.java:1388)
	at sun.security.ssl.SSLSocketImpl.startHandshake(SSLSocketImpl.java:1416)
	at sun.security.ssl.SSLSocketImpl.startHandshake(SSLSocketImpl.java:1400)
	at org.apache.zookeeper.client.FourLetterWordMain.send4LetterWord(FourLetterWordMain.java:105)
	at org.apache.zookeeper.client.FourLetterWordMain.send4LetterWord(FourLetterWordMain.java:73)
	at org.apache.zookeeper.test.ClientBase.waitForServerUp(ClientBase.java:261)
	at org.apache.zookeeper.test.ClientBase.startServerInstance(ClientBase.java:401)
	at org.apache.zookeeper.test.ClientBase.startServer(ClientBase.java:516)
	at org.apache.zookeeper.test.ClientBase.setUpWithServerId(ClientBase.java:499)
	at org.apache.zookeeper.test.ClientBase.setUp(ClientBase.java:474)
	at org.apache.zookeeper.test.SaslDigestAuthOverSSLTest.setUp(SaslDigestAuthOverSSLTest.java:62)
	at sun.reflect.NativeMethodAccessorImpl.invoke0(Native Method)
	at sun.reflect.NativeMethodAccessorImpl.invoke(NativeMethodAccessorImpl.java:62)
	at sun.reflect.DelegatingMethodAccessorImpl.invoke(DelegatingMethodAccessorImpl.java:43)
	at java.lang.reflect.Method.invoke(Method.java:498)
	at org.junit.runners.model.FrameworkMethod$1.runReflectiveCall(FrameworkMethod.java:50)
	at org.junit.internal.runners.model.ReflectiveCallable.run(ReflectiveCallable.java:12)
	at org.junit.runners.model.FrameworkMethod.invokeExplosively(FrameworkMethod.java:47)
	at mockit.integration.junit4.JUnit4TestRunnerDecorator.invokeExplosively(JUnit4TestRunnerDecorator.java:49)
	at mockit.integration.junit4.FakeFrameworkMethod.invokeExplosively(FakeFrameworkMethod.java:29)
	at org.junit.runners.model.FrameworkMethod.invokeExplosively(FrameworkMethod.java)
	at org.junit.internal.runners.statements.RunBefores.evaluate(RunBefores.java:24)
	at org.junit.internal.runners.statements.RunAfters.evaluate(RunAfters.java:27)
	at org.junit.rules.TestWatcher$1.evaluate(TestWatcher.java:55)
	at org.junit.rules.RunRules.evaluate(RunRules.java:20)
	at org.junit.runners.ParentRunner.runLeaf(ParentRunner.java:325)
	at org.junit.runners.BlockJUnit4ClassRunner.runChild(BlockJUnit4ClassRunner.java:78)
	at org.junit.runners.BlockJUnit4ClassRunner.runChild(BlockJUnit4ClassRunner.java:57)
	at org.junit.runners.ParentRunner$3.run(ParentRunner.java:290)
	at org.junit.runners.ParentRunner$1.schedule(ParentRunner.java:71)
	at org.junit.runners.ParentRunner.runChildren(ParentRunner.java:288)
	at org.junit.runners.ParentRunner.access$000(ParentRunner.java:58)
	at org.junit.runners.ParentRunner$2.evaluate(ParentRunner.java:268)
	at org.junit.internal.runners.statements.RunBefores.evaluate(RunBefores.java:26)
	at org.junit.runners.ParentRunner.run(ParentRunner.java:363)
	at org.apache.maven.surefire.junit4.JUnit4Provider.execute(JUnit4Provider.java:365)
	at org.apache.maven.surefire.junit4.JUnit4Provider.executeWithRerun(JUnit4Provider.java:273)
	at org.apache.maven.surefire.junit4.JUnit4Provider.executeTestSet(JUnit4Provider.java:238)
	at org.apache.maven.surefire.junit4.JUnit4Provider.invoke(JUnit4Provider.java:159)
	at org.apache.maven.surefire.booter.ForkedBooter.invokeProviderInSameClassLoader(ForkedBooter.java:384)
	at org.apache.maven.surefire.booter.ForkedBooter.runSuitesInProcess(ForkedBooter.java:345)
	at org.apache.maven.surefire.booter.ForkedBooter.execute(ForkedBooter.java:126)
	at org.apache.maven.surefire.booter.ForkedBooter.main(ForkedBooter.java:418)
2020-06-22 14:22:39,324 [myid:] - ERROR [main:ZKTrustManager@162] - Failed to verify hostname: activate.navicat.com
javax.net.ssl.SSLPeerUnverifiedException: Certificate for <activate.navicat.com> doesn't match common name of the certificate subject: localhost
	at org.apache.zookeeper.common.ZKHostnameVerifier.matchCN(ZKHostnameVerifier.java:238)
	at org.apache.zookeeper.common.ZKHostnameVerifier.verify(ZKHostnameVerifier.java:184)
	at org.apache.zookeeper.common.ZKTrustManager.performHostVerification(ZKTrustManager.java:159)
	at org.apache.zookeeper.common.ZKTrustManager.checkServerTrusted(ZKTrustManager.java:90)
	at sun.security.ssl.ClientHandshaker.serverCertificate(ClientHandshaker.java:1670)
	at sun.security.ssl.ClientHandshaker.processMessage(ClientHandshaker.java:226)
	at sun.security.ssl.Handshaker.processLoop(Handshaker.java:1082)
	at sun.security.ssl.Handshaker.process_record(Handshaker.java:1010)
	at sun.security.ssl.SSLSocketImpl.readRecord(SSLSocketImpl.java:1079)
	at sun.security.ssl.SSLSocketImpl.performInitialHandshake(SSLSocketImpl.java:1388)
	at sun.security.ssl.SSLSocketImpl.startHandshake(SSLSocketImpl.java:1416)
	at sun.security.ssl.SSLSocketImpl.startHandshake(SSLSocketImpl.java:1400)
	at org.apache.zookeeper.client.FourLetterWordMain.send4LetterWord(FourLetterWordMain.java:105)
	at org.apache.zookeeper.client.FourLetterWordMain.send4LetterWord(FourLetterWordMain.java:73)
	at org.apache.zookeeper.test.ClientBase.waitForServerUp(ClientBase.java:261)
	at org.apache.zookeeper.test.ClientBase.startServerInstance(ClientBase.java:401)
	at org.apache.zookeeper.test.ClientBase.startServer(ClientBase.java:516)
	at org.apache.zookeeper.test.ClientBase.setUpWithServerId(ClientBase.java:499)
	at org.apache.zookeeper.test.ClientBase.setUp(ClientBase.java:474)
	at org.apache.zookeeper.test.SaslDigestAuthOverSSLTest.setUp(SaslDigestAuthOverSSLTest.java:62)
	at sun.reflect.NativeMethodAccessorImpl.invoke0(Native Method)
	at sun.reflect.NativeMethodAccessorImpl.invoke(NativeMethodAccessorImpl.java:62)
	at sun.reflect.DelegatingMethodAccessorImpl.invoke(DelegatingMethodAccessorImpl.java:43)
	at java.lang.reflect.Method.invoke(Method.java:498)
	at org.junit.runners.model.FrameworkMethod$1.runReflectiveCall(FrameworkMethod.java:50)
	at org.junit.internal.runners.model.ReflectiveCallable.run(ReflectiveCallable.java:12)
	at org.junit.runners.model.FrameworkMethod.invokeExplosively(FrameworkMethod.java:47)
	at mockit.integration.junit4.JUnit4TestRunnerDecorator.invokeExplosively(JUnit4TestRunnerDecorator.java:49)
	at mockit.integration.junit4.FakeFrameworkMethod.invokeExplosively(FakeFrameworkMethod.java:29)
	at org.junit.runners.model.FrameworkMethod.invokeExplosively(FrameworkMethod.java)
	at org.junit.internal.runners.statements.RunBefores.evaluate(RunBefores.java:24)
	at org.junit.internal.runners.statements.RunAfters.evaluate(RunAfters.java:27)
	at org.junit.rules.TestWatcher$1.evaluate(TestWatcher.java:55)
	at org.junit.rules.RunRules.evaluate(RunRules.java:20)
	at org.junit.runners.ParentRunner.runLeaf(ParentRunner.java:325)
	at org.junit.runners.BlockJUnit4ClassRunner.runChild(BlockJUnit4ClassRunner.java:78)
	at org.junit.runners.BlockJUnit4ClassRunner.runChild(BlockJUnit4ClassRunner.java:57)
	at org.junit.runners.ParentRunner$3.run(ParentRunner.java:290)
	at org.junit.runners.ParentRunner$1.schedule(ParentRunner.java:71)
	at org.junit.runners.ParentRunner.runChildren(ParentRunner.java:288)
	at org.junit.runners.ParentRunner.access$000(ParentRunner.java:58)
	at org.junit.runners.ParentRunner$2.evaluate(ParentRunner.java:268)
	at org.junit.internal.runners.statements.RunBefores.evaluate(RunBefores.java:26)
	at org.junit.runners.ParentRunner.run(ParentRunner.java:363)
	at org.apache.maven.surefire.junit4.JUnit4Provider.execute(JUnit4Provider.java:365)
	at org.apache.maven.surefire.junit4.JUnit4Provider.executeWithRerun(JUnit4Provider.java:273)
	at org.apache.maven.surefire.junit4.JUnit4Provider.executeTestSet(JUnit4Provider.java:238)
	at org.apache.maven.surefire.junit4.JUnit4Provider.invoke(JUnit4Provider.java:159)
	at org.apache.maven.surefire.booter.ForkedBooter.invokeProviderInSameClassLoader(ForkedBooter.java:384)
	at org.apache.maven.surefire.booter.ForkedBooter.runSuitesInProcess(ForkedBooter.java:345)
	at org.apache.maven.surefire.booter.ForkedBooter.execute(ForkedBooter.java:126)
	at org.apache.maven.surefire.booter.ForkedBooter.main(ForkedBooter.java:418)
2020-06-22 14:22:39,325 [myid:] - INFO  [main:ClientBase@270] - server 127.0.0.1:21995 not up
javax.net.ssl.SSLHandshakeException: java.security.cert.CertificateException: Failed to verify both host address and host name
	at sun.security.ssl.Alerts.getSSLException(Alerts.java:198)
	at sun.security.ssl.SSLSocketImpl.fatal(SSLSocketImpl.java:1967)
	at sun.security.ssl.Handshaker.fatalSE(Handshaker.java:331)
	at sun.security.ssl.Handshaker.fatalSE(Handshaker.java:325)
	at sun.security.ssl.ClientHandshaker.serverCertificate(ClientHandshaker.java:1688)
	at sun.security.ssl.ClientHandshaker.processMessage(ClientHandshaker.java:226)
	at sun.security.ssl.Handshaker.processLoop(Handshaker.java:1082)
	at sun.security.ssl.Handshaker.process_record(Handshaker.java:1010)
	at sun.security.ssl.SSLSocketImpl.readRecord(SSLSocketImpl.java:1079)
	at sun.security.ssl.SSLSocketImpl.performInitialHandshake(SSLSocketImpl.java:1388)
	at sun.security.ssl.SSLSocketImpl.startHandshake(SSLSocketImpl.java:1416)
	at sun.security.ssl.SSLSocketImpl.startHandshake(SSLSocketImpl.java:1400)
	at org.apache.zookeeper.client.FourLetterWordMain.send4LetterWord(FourLetterWordMain.java:105)
	at org.apache.zookeeper.client.FourLetterWordMain.send4LetterWord(FourLetterWordMain.java:73)
	at org.apache.zookeeper.test.ClientBase.waitForServerUp(ClientBase.java:261)
	at org.apache.zookeeper.test.ClientBase.startServerInstance(ClientBase.java:401)
	at org.apache.zookeeper.test.ClientBase.startServer(ClientBase.java:516)
	at org.apache.zookeeper.test.ClientBase.setUpWithServerId(ClientBase.java:499)
	at org.apache.zookeeper.test.ClientBase.setUp(ClientBase.java:474)
	at org.apache.zookeeper.test.SaslDigestAuthOverSSLTest.setUp(SaslDigestAuthOverSSLTest.java:62)
	at sun.reflect.NativeMethodAccessorImpl.invoke0(Native Method)
	at sun.reflect.NativeMethodAccessorImpl.invoke(NativeMethodAccessorImpl.java:62)
	at sun.reflect.DelegatingMethodAccessorImpl.invoke(DelegatingMethodAccessorImpl.java:43)
	at java.lang.reflect.Method.invoke(Method.java:498)
	at org.junit.runners.model.FrameworkMethod$1.runReflectiveCall(FrameworkMethod.java:50)
	at org.junit.internal.runners.model.ReflectiveCallable.run(ReflectiveCallable.java:12)
	at org.junit.runners.model.FrameworkMethod.invokeExplosively(FrameworkMethod.java:47)
	at mockit.integration.junit4.JUnit4TestRunnerDecorator.invokeExplosively(JUnit4TestRunnerDecorator.java:49)
	at mockit.integration.junit4.FakeFrameworkMethod.invokeExplosively(FakeFrameworkMethod.java:29)
	at org.junit.runners.model.FrameworkMethod.invokeExplosively(FrameworkMethod.java)
	at org.junit.internal.runners.statements.RunBefores.evaluate(RunBefores.java:24)
	at org.junit.internal.runners.statements.RunAfters.evaluate(RunAfters.java:27)
	at org.junit.rules.TestWatcher$1.evaluate(TestWatcher.java:55)
	at org.junit.rules.RunRules.evaluate(RunRules.java:20)
	at org.junit.runners.ParentRunner.runLeaf(ParentRunner.java:325)
	at org.junit.runners.BlockJUnit4ClassRunner.runChild(BlockJUnit4ClassRunner.java:78)
	at org.junit.runners.BlockJUnit4ClassRunner.runChild(BlockJUnit4ClassRunner.java:57)
	at org.junit.runners.ParentRunner$3.run(ParentRunner.java:290)
	at org.junit.runners.ParentRunner$1.schedule(ParentRunner.java:71)
	at org.junit.runners.ParentRunner.runChildren(ParentRunner.java:288)
	at org.junit.runners.ParentRunner.access$000(ParentRunner.java:58)
	at org.junit.runners.ParentRunner$2.evaluate(ParentRunner.java:268)
	at org.junit.internal.runners.statements.RunBefores.evaluate(RunBefores.java:26)
	at org.junit.runners.ParentRunner.run(ParentRunner.java:363)
	at org.apache.maven.surefire.junit4.JUnit4Provider.execute(JUnit4Provider.java:365)
	at org.apache.maven.surefire.junit4.JUnit4Provider.executeWithRerun(JUnit4Provider.java:273)
	at org.apache.maven.surefire.junit4.JUnit4Provider.executeTestSet(JUnit4Provider.java:238)
	at org.apache.maven.surefire.junit4.JUnit4Provider.invoke(JUnit4Provider.java:159)
	at org.apache.maven.surefire.booter.ForkedBooter.invokeProviderInSameClassLoader(ForkedBooter.java:384)
	at org.apache.maven.surefire.booter.ForkedBooter.runSuitesInProcess(ForkedBooter.java:345)
	at org.apache.maven.surefire.booter.ForkedBooter.execute(ForkedBooter.java:126)
	at org.apache.maven.surefire.booter.ForkedBooter.main(ForkedBooter.java:418)
Caused by: java.security.cert.CertificateException: Failed to verify both host address and host name
	at org.apache.zookeeper.common.ZKTrustManager.performHostVerification(ZKTrustManager.java:163)
	at org.apache.zookeeper.common.ZKTrustManager.checkServerTrusted(ZKTrustManager.java:90)
	at sun.security.ssl.ClientHandshaker.serverCertificate(ClientHandshaker.java:1670)
	... 47 more
Caused by: javax.net.ssl.SSLPeerUnverifiedException: Certificate for <activate.navicat.com> doesn't match common name of the certificate subject: localhost
	at org.apache.zookeeper.common.ZKHostnameVerifier.matchCN(ZKHostnameVerifier.java:238)
	at org.apache.zookeeper.common.ZKHostnameVerifier.verify(ZKHostnameVerifier.java:184)
	at org.apache.zookeeper.common.ZKTrustManager.performHostVerification(ZKTrustManager.java:159)
	... 49 more
2020-06-22 14:22:39,325 [myid:] - ERROR [nioEventLoopGroup-4-7:NettyServerCnxnFactory$CertificateVerifier@434] - Unsuccessful handshake with session 0x0
2020-06-22 14:22:39,326 [myid:] - WARN  [nioEventLoopGroup-4-7:NettyServerCnxnFactory$CnxnChannelHandler@273] - Exception caught
io.netty.handler.codec.DecoderException: javax.net.ssl.SSLException: Received fatal alert: certificate_unknown
	at io.netty.handler.codec.ByteToMessageDecoder.callDecode(ByteToMessageDecoder.java:468)
	at io.netty.handler.codec.ByteToMessageDecoder.channelRead(ByteToMessageDecoder.java:276)
	at io.netty.channel.AbstractChannelHandlerContext.invokeChannelRead(AbstractChannelHandlerContext.java:379)
	at io.netty.channel.AbstractChannelHandlerContext.invokeChannelRead(AbstractChannelHandlerContext.java:365)
	at io.netty.channel.AbstractChannelHandlerContext.fireChannelRead(AbstractChannelHandlerContext.java:357)
	at io.netty.channel.DefaultChannelPipeline$HeadContext.channelRead(DefaultChannelPipeline.java:1410)
	at io.netty.channel.AbstractChannelHandlerContext.invokeChannelRead(AbstractChannelHandlerContext.java:379)
	at io.netty.channel.AbstractChannelHandlerContext.invokeChannelRead(AbstractChannelHandlerContext.java:365)
	at io.netty.channel.DefaultChannelPipeline.fireChannelRead(DefaultChannelPipeline.java:919)
	at io.netty.channel.nio.AbstractNioByteChannel$NioByteUnsafe.read(AbstractNioByteChannel.java:163)
	at io.netty.channel.nio.NioEventLoop.processSelectedKey(NioEventLoop.java:714)
	at io.netty.channel.nio.NioEventLoop.processSelectedKeysOptimized(NioEventLoop.java:650)
	at io.netty.channel.nio.NioEventLoop.processSelectedKeys(NioEventLoop.java:576)
	at io.netty.channel.nio.NioEventLoop.run(NioEventLoop.java:493)
	at io.netty.util.concurrent.SingleThreadEventExecutor$4.run(SingleThreadEventExecutor.java:989)
	at io.netty.util.internal.ThreadExecutorMap$2.run(ThreadExecutorMap.java:74)
	at io.netty.util.concurrent.FastThreadLocalRunnable.run(FastThreadLocalRunnable.java:30)
	at java.lang.Thread.run(Thread.java:748)
Caused by: javax.net.ssl.SSLException: Received fatal alert: certificate_unknown
	at sun.security.ssl.Alerts.getSSLException(Alerts.java:214)
	at sun.security.ssl.SSLEngineImpl.fatal(SSLEngineImpl.java:1667)
	at sun.security.ssl.SSLEngineImpl.fatal(SSLEngineImpl.java:1635)
	at sun.security.ssl.SSLEngineImpl.recvAlert(SSLEngineImpl.java:1801)
	at sun.security.ssl.SSLEngineImpl.readRecord(SSLEngineImpl.java:1090)
	at sun.security.ssl.SSLEngineImpl.readNetRecord(SSLEngineImpl.java:913)
	at sun.security.ssl.SSLEngineImpl.unwrap(SSLEngineImpl.java:783)
	at javax.net.ssl.SSLEngine.unwrap(SSLEngine.java:626)
	at io.netty.handler.ssl.SslHandler$SslEngineType$3.unwrap(SslHandler.java:281)
	at io.netty.handler.ssl.SslHandler.unwrap(SslHandler.java:1340)
	at io.netty.handler.ssl.SslHandler.decodeJdkCompatible(SslHandler.java:1235)
	at io.netty.handler.ssl.SslHandler.decode(SslHandler.java:1282)
	at io.netty.handler.codec.ByteToMessageDecoder.decodeRemovalReentryProtection(ByteToMessageDecoder.java:498)
	at io.netty.handler.codec.ByteToMessageDecoder.callDecode(ByteToMessageDecoder.java:437)
	... 17 more
2020-06-22 14:22:39,327 [myid:] - WARN  [nioEventLoopGroup-4-7:NettyServerCnxnFactory$CnxnChannelHandler@273] - Exception caught
io.netty.handler.codec.DecoderException: javax.net.ssl.SSLException: Received fatal alert: certificate_unknown
	at io.netty.handler.codec.ByteToMessageDecoder.callDecode(ByteToMessageDecoder.java:468)
	at io.netty.handler.codec.ByteToMessageDecoder.channelInputClosed(ByteToMessageDecoder.java:401)
	at io.netty.handler.codec.ByteToMessageDecoder.channelInputClosed(ByteToMessageDecoder.java:368)
	at io.netty.handler.codec.ByteToMessageDecoder.channelInactive(ByteToMessageDecoder.java:351)
	at io.netty.handler.ssl.SslHandler.channelInactive(SslHandler.java:1084)
	at io.netty.channel.AbstractChannelHandlerContext.invokeChannelInactive(AbstractChannelHandlerContext.java:262)
	at io.netty.channel.AbstractChannelHandlerContext.invokeChannelInactive(AbstractChannelHandlerContext.java:248)
	at io.netty.channel.AbstractChannelHandlerContext.fireChannelInactive(AbstractChannelHandlerContext.java:241)
	at io.netty.channel.DefaultChannelPipeline$HeadContext.channelInactive(DefaultChannelPipeline.java:1405)
	at io.netty.channel.AbstractChannelHandlerContext.invokeChannelInactive(AbstractChannelHandlerContext.java:262)
	at io.netty.channel.AbstractChannelHandlerContext.invokeChannelInactive(AbstractChannelHandlerContext.java:248)
	at io.netty.channel.DefaultChannelPipeline.fireChannelInactive(DefaultChannelPipeline.java:901)
	at io.netty.channel.AbstractChannel$AbstractUnsafe$8.run(AbstractChannel.java:818)
	at io.netty.util.concurrent.AbstractEventExecutor.safeExecute(AbstractEventExecutor.java:164)
	at io.netty.util.concurrent.SingleThreadEventExecutor.runAllTasks(SingleThreadEventExecutor.java:472)
	at io.netty.channel.nio.NioEventLoop.run(NioEventLoop.java:497)
	at io.netty.util.concurrent.SingleThreadEventExecutor$4.run(SingleThreadEventExecutor.java:989)
	at io.netty.util.internal.ThreadExecutorMap$2.run(ThreadExecutorMap.java:74)
	at io.netty.util.concurrent.FastThreadLocalRunnable.run(FastThreadLocalRunnable.java:30)
	at java.lang.Thread.run(Thread.java:748)
Caused by: javax.net.ssl.SSLException: Received fatal alert: certificate_unknown
	at sun.security.ssl.Alerts.getSSLException(Alerts.java:214)
	at sun.security.ssl.SSLEngineImpl.fatal(SSLEngineImpl.java:1667)
	at sun.security.ssl.SSLEngineImpl.fatal(SSLEngineImpl.java:1635)
	at sun.security.ssl.SSLEngineImpl.recvAlert(SSLEngineImpl.java:1801)
	at sun.security.ssl.SSLEngineImpl.readRecord(SSLEngineImpl.java:1090)
	at sun.security.ssl.SSLEngineImpl.readNetRecord(SSLEngineImpl.java:913)
	at sun.security.ssl.SSLEngineImpl.unwrap(SSLEngineImpl.java:783)
	at javax.net.ssl.SSLEngine.unwrap(SSLEngine.java:626)
	at io.netty.handler.ssl.SslHandler$SslEngineType$3.unwrap(SslHandler.java:281)
	at io.netty.handler.ssl.SslHandler.unwrap(SslHandler.java:1340)
	at io.netty.handler.ssl.SslHandler.decodeJdkCompatible(SslHandler.java:1235)
	at io.netty.handler.ssl.SslHandler.decode(SslHandler.java:1282)
	at io.netty.handler.codec.ByteToMessageDecoder.decodeRemovalReentryProtection(ByteToMessageDecoder.java:498)
	at io.netty.handler.codec.ByteToMessageDecoder.callDecode(ByteToMessageDecoder.java:437)
	... 19 more
2020-06-22 14:22:39,575 [myid:] - INFO  [main:FourLetterWordMain@93] - connecting to 127.0.0.1 21995
2020-06-22 14:22:39,575 [myid:] - INFO  [main:FourLetterWordMain@99] - using secure socket
2020-06-22 14:22:39,590 [myid:] - ERROR [main:ZKTrustManager@161] - Failed to verify host address: 127.0.0.1
javax.net.ssl.SSLPeerUnverifiedException: Certificate for <127.0.0.1> doesn't match common name of the certificate subject: localhost
	at org.apache.zookeeper.common.ZKHostnameVerifier.matchCN(ZKHostnameVerifier.java:238)
	at org.apache.zookeeper.common.ZKHostnameVerifier.verify(ZKHostnameVerifier.java:184)
	at org.apache.zookeeper.common.ZKTrustManager.performHostVerification(ZKTrustManager.java:151)
	at org.apache.zookeeper.common.ZKTrustManager.checkServerTrusted(ZKTrustManager.java:90)
	at sun.security.ssl.ClientHandshaker.serverCertificate(ClientHandshaker.java:1670)
	at sun.security.ssl.ClientHandshaker.processMessage(ClientHandshaker.java:226)
	at sun.security.ssl.Handshaker.processLoop(Handshaker.java:1082)
	at sun.security.ssl.Handshaker.process_record(Handshaker.java:1010)
	at sun.security.ssl.SSLSocketImpl.readRecord(SSLSocketImpl.java:1079)
	at sun.security.ssl.SSLSocketImpl.performInitialHandshake(SSLSocketImpl.java:1388)
	at sun.security.ssl.SSLSocketImpl.startHandshake(SSLSocketImpl.java:1416)
	at sun.security.ssl.SSLSocketImpl.startHandshake(SSLSocketImpl.java:1400)
	at org.apache.zookeeper.client.FourLetterWordMain.send4LetterWord(FourLetterWordMain.java:105)
	at org.apache.zookeeper.client.FourLetterWordMain.send4LetterWord(FourLetterWordMain.java:73)
	at org.apache.zookeeper.test.ClientBase.waitForServerUp(ClientBase.java:261)
	at org.apache.zookeeper.test.ClientBase.startServerInstance(ClientBase.java:401)
	at org.apache.zookeeper.test.ClientBase.startServer(ClientBase.java:516)
	at org.apache.zookeeper.test.ClientBase.setUpWithServerId(ClientBase.java:499)
	at org.apache.zookeeper.test.ClientBase.setUp(ClientBase.java:474)
	at org.apache.zookeeper.test.SaslDigestAuthOverSSLTest.setUp(SaslDigestAuthOverSSLTest.java:62)
	at sun.reflect.NativeMethodAccessorImpl.invoke0(Native Method)
	at sun.reflect.NativeMethodAccessorImpl.invoke(NativeMethodAccessorImpl.java:62)
	at sun.reflect.DelegatingMethodAccessorImpl.invoke(DelegatingMethodAccessorImpl.java:43)
	at java.lang.reflect.Method.invoke(Method.java:498)
	at org.junit.runners.model.FrameworkMethod$1.runReflectiveCall(FrameworkMethod.java:50)
	at org.junit.internal.runners.model.ReflectiveCallable.run(ReflectiveCallable.java:12)
	at org.junit.runners.model.FrameworkMethod.invokeExplosively(FrameworkMethod.java:47)
	at mockit.integration.junit4.JUnit4TestRunnerDecorator.invokeExplosively(JUnit4TestRunnerDecorator.java:49)
	at mockit.integration.junit4.FakeFrameworkMethod.invokeExplosively(FakeFrameworkMethod.java:29)
	at org.junit.runners.model.FrameworkMethod.invokeExplosively(FrameworkMethod.java)
	at org.junit.internal.runners.statements.RunBefores.evaluate(RunBefores.java:24)
	at org.junit.internal.runners.statements.RunAfters.evaluate(RunAfters.java:27)
	at org.junit.rules.TestWatcher$1.evaluate(TestWatcher.java:55)
	at org.junit.rules.RunRules.evaluate(RunRules.java:20)
	at org.junit.runners.ParentRunner.runLeaf(ParentRunner.java:325)
	at org.junit.runners.BlockJUnit4ClassRunner.runChild(BlockJUnit4ClassRunner.java:78)
	at org.junit.runners.BlockJUnit4ClassRunner.runChild(BlockJUnit4ClassRunner.java:57)
	at org.junit.runners.ParentRunner$3.run(ParentRunner.java:290)
	at org.junit.runners.ParentRunner$1.schedule(ParentRunner.java:71)
	at org.junit.runners.ParentRunner.runChildren(ParentRunner.java:288)
	at org.junit.runners.ParentRunner.access$000(ParentRunner.java:58)
	at org.junit.runners.ParentRunner$2.evaluate(ParentRunner.java:268)
	at org.junit.internal.runners.statements.RunBefores.evaluate(RunBefores.java:26)
	at org.junit.runners.ParentRunner.run(ParentRunner.java:363)
	at org.apache.maven.surefire.junit4.JUnit4Provider.execute(JUnit4Provider.java:365)
	at org.apache.maven.surefire.junit4.JUnit4Provider.executeWithRerun(JUnit4Provider.java:273)
	at org.apache.maven.surefire.junit4.JUnit4Provider.executeTestSet(JUnit4Provider.java:238)
	at org.apache.maven.surefire.junit4.JUnit4Provider.invoke(JUnit4Provider.java:159)
	at org.apache.maven.surefire.booter.ForkedBooter.invokeProviderInSameClassLoader(ForkedBooter.java:384)
	at org.apache.maven.surefire.booter.ForkedBooter.runSuitesInProcess(ForkedBooter.java:345)
	at org.apache.maven.surefire.booter.ForkedBooter.execute(ForkedBooter.java:126)
	at org.apache.maven.surefire.booter.ForkedBooter.main(ForkedBooter.java:418)
2020-06-22 14:22:39,689 [myid:] - ERROR [main:ZKTrustManager@162] - Failed to verify hostname: activate.navicat.com
javax.net.ssl.SSLPeerUnverifiedException: Certificate for <activate.navicat.com> doesn't match common name of the certificate subject: localhost
	at org.apache.zookeeper.common.ZKHostnameVerifier.matchCN(ZKHostnameVerifier.java:238)
	at org.apache.zookeeper.common.ZKHostnameVerifier.verify(ZKHostnameVerifier.java:184)
	at org.apache.zookeeper.common.ZKTrustManager.performHostVerification(ZKTrustManager.java:159)
	at org.apache.zookeeper.common.ZKTrustManager.checkServerTrusted(ZKTrustManager.java:90)
	at sun.security.ssl.ClientHandshaker.serverCertificate(ClientHandshaker.java:1670)
	at sun.security.ssl.ClientHandshaker.processMessage(ClientHandshaker.java:226)
	at sun.security.ssl.Handshaker.processLoop(Handshaker.java:1082)
	at sun.security.ssl.Handshaker.process_record(Handshaker.java:1010)
	at sun.security.ssl.SSLSocketImpl.readRecord(SSLSocketImpl.java:1079)
	at sun.security.ssl.SSLSocketImpl.performInitialHandshake(SSLSocketImpl.java:1388)
	at sun.security.ssl.SSLSocketImpl.startHandshake(SSLSocketImpl.java:1416)
	at sun.security.ssl.SSLSocketImpl.startHandshake(SSLSocketImpl.java:1400)
	at org.apache.zookeeper.client.FourLetterWordMain.send4LetterWord(FourLetterWordMain.java:105)
	at org.apache.zookeeper.client.FourLetterWordMain.send4LetterWord(FourLetterWordMain.java:73)
	at org.apache.zookeeper.test.ClientBase.waitForServerUp(ClientBase.java:261)
	at org.apache.zookeeper.test.ClientBase.startServerInstance(ClientBase.java:401)
	at org.apache.zookeeper.test.ClientBase.startServer(ClientBase.java:516)
	at org.apache.zookeeper.test.ClientBase.setUpWithServerId(ClientBase.java:499)
	at org.apache.zookeeper.test.ClientBase.setUp(ClientBase.java:474)
	at org.apache.zookeeper.test.SaslDigestAuthOverSSLTest.setUp(SaslDigestAuthOverSSLTest.java:62)
	at sun.reflect.NativeMethodAccessorImpl.invoke0(Native Method)
	at sun.reflect.NativeMethodAccessorImpl.invoke(NativeMethodAccessorImpl.java:62)
	at sun.reflect.DelegatingMethodAccessorImpl.invoke(DelegatingMethodAccessorImpl.java:43)
	at java.lang.reflect.Method.invoke(Method.java:498)
	at org.junit.runners.model.FrameworkMethod$1.runReflectiveCall(FrameworkMethod.java:50)
	at org.junit.internal.runners.model.ReflectiveCallable.run(ReflectiveCallable.java:12)
	at org.junit.runners.model.FrameworkMethod.invokeExplosively(FrameworkMethod.java:47)
	at mockit.integration.junit4.JUnit4TestRunnerDecorator.invokeExplosively(JUnit4TestRunnerDecorator.java:49)
	at mockit.integration.junit4.FakeFrameworkMethod.invokeExplosively(FakeFrameworkMethod.java:29)
	at org.junit.runners.model.FrameworkMethod.invokeExplosively(FrameworkMethod.java)
	at org.junit.internal.runners.statements.RunBefores.evaluate(RunBefores.java:24)
	at org.junit.internal.runners.statements.RunAfters.evaluate(RunAfters.java:27)
	at org.junit.rules.TestWatcher$1.evaluate(TestWatcher.java:55)
	at org.junit.rules.RunRules.evaluate(RunRules.java:20)
	at org.junit.runners.ParentRunner.runLeaf(ParentRunner.java:325)
	at org.junit.runners.BlockJUnit4ClassRunner.runChild(BlockJUnit4ClassRunner.java:78)
	at org.junit.runners.BlockJUnit4ClassRunner.runChild(BlockJUnit4ClassRunner.java:57)
	at org.junit.runners.ParentRunner$3.run(ParentRunner.java:290)
	at org.junit.runners.ParentRunner$1.schedule(ParentRunner.java:71)
	at org.junit.runners.ParentRunner.runChildren(ParentRunner.java:288)
	at org.junit.runners.ParentRunner.access$000(ParentRunner.java:58)
	at org.junit.runners.ParentRunner$2.evaluate(ParentRunner.java:268)
	at org.junit.internal.runners.statements.RunBefores.evaluate(RunBefores.java:26)
	at org.junit.runners.ParentRunner.run(ParentRunner.java:363)
	at org.apache.maven.surefire.junit4.JUnit4Provider.execute(JUnit4Provider.java:365)
	at org.apache.maven.surefire.junit4.JUnit4Provider.executeWithRerun(JUnit4Provider.java:273)
	at org.apache.maven.surefire.junit4.JUnit4Provider.executeTestSet(JUnit4Provider.java:238)
	at org.apache.maven.surefire.junit4.JUnit4Provider.invoke(JUnit4Provider.java:159)
	at org.apache.maven.surefire.booter.ForkedBooter.invokeProviderInSameClassLoader(ForkedBooter.java:384)
	at org.apache.maven.surefire.booter.ForkedBooter.runSuitesInProcess(ForkedBooter.java:345)
	at org.apache.maven.surefire.booter.ForkedBooter.execute(ForkedBooter.java:126)
	at org.apache.maven.surefire.booter.ForkedBooter.main(ForkedBooter.java:418)
2020-06-22 14:22:39,693 [myid:] - INFO  [main:ClientBase@270] - server 127.0.0.1:21995 not up
javax.net.ssl.SSLHandshakeException: java.security.cert.CertificateException: Failed to verify both host address and host name
	at sun.security.ssl.Alerts.getSSLException(Alerts.java:198)
	at sun.security.ssl.SSLSocketImpl.fatal(SSLSocketImpl.java:1967)
	at sun.security.ssl.Handshaker.fatalSE(Handshaker.java:331)
	at sun.security.ssl.Handshaker.fatalSE(Handshaker.java:325)
	at sun.security.ssl.ClientHandshaker.serverCertificate(ClientHandshaker.java:1688)
	at sun.security.ssl.ClientHandshaker.processMessage(ClientHandshaker.java:226)
	at sun.security.ssl.Handshaker.processLoop(Handshaker.java:1082)
	at sun.security.ssl.Handshaker.process_record(Handshaker.java:1010)
	at sun.security.ssl.SSLSocketImpl.readRecord(SSLSocketImpl.java:1079)
	at sun.security.ssl.SSLSocketImpl.performInitialHandshake(SSLSocketImpl.java:1388)
	at sun.security.ssl.SSLSocketImpl.startHandshake(SSLSocketImpl.java:1416)
	at sun.security.ssl.SSLSocketImpl.startHandshake(SSLSocketImpl.java:1400)
	at org.apache.zookeeper.client.FourLetterWordMain.send4LetterWord(FourLetterWordMain.java:105)
	at org.apache.zookeeper.client.FourLetterWordMain.send4LetterWord(FourLetterWordMain.java:73)
	at org.apache.zookeeper.test.ClientBase.waitForServerUp(ClientBase.java:261)
	at org.apache.zookeeper.test.ClientBase.startServerInstance(ClientBase.java:401)
	at org.apache.zookeeper.test.ClientBase.startServer(ClientBase.java:516)
	at org.apache.zookeeper.test.ClientBase.setUpWithServerId(ClientBase.java:499)
	at org.apache.zookeeper.test.ClientBase.setUp(ClientBase.java:474)
	at org.apache.zookeeper.test.SaslDigestAuthOverSSLTest.setUp(SaslDigestAuthOverSSLTest.java:62)
	at sun.reflect.NativeMethodAccessorImpl.invoke0(Native Method)
	at sun.reflect.NativeMethodAccessorImpl.invoke(NativeMethodAccessorImpl.java:62)
	at sun.reflect.DelegatingMethodAccessorImpl.invoke(DelegatingMethodAccessorImpl.java:43)
	at java.lang.reflect.Method.invoke(Method.java:498)
	at org.junit.runners.model.FrameworkMethod$1.runReflectiveCall(FrameworkMethod.java:50)
	at org.junit.internal.runners.model.ReflectiveCallable.run(ReflectiveCallable.java:12)
	at org.junit.runners.model.FrameworkMethod.invokeExplosively(FrameworkMethod.java:47)
	at mockit.integration.junit4.JUnit4TestRunnerDecorator.invokeExplosively(JUnit4TestRunnerDecorator.java:49)
	at mockit.integration.junit4.FakeFrameworkMethod.invokeExplosively(FakeFrameworkMethod.java:29)
	at org.junit.runners.model.FrameworkMethod.invokeExplosively(FrameworkMethod.java)
	at org.junit.internal.runners.statements.RunBefores.evaluate(RunBefores.java:24)
	at org.junit.internal.runners.statements.RunAfters.evaluate(RunAfters.java:27)
	at org.junit.rules.TestWatcher$1.evaluate(TestWatcher.java:55)
	at org.junit.rules.RunRules.evaluate(RunRules.java:20)
	at org.junit.runners.ParentRunner.runLeaf(ParentRunner.java:325)
	at org.junit.runners.BlockJUnit4ClassRunner.runChild(BlockJUnit4ClassRunner.java:78)
	at org.junit.runners.BlockJUnit4ClassRunner.runChild(BlockJUnit4ClassRunner.java:57)
	at org.junit.runners.ParentRunner$3.run(ParentRunner.java:290)
	at org.junit.runners.ParentRunner$1.schedule(ParentRunner.java:71)
	at org.junit.runners.ParentRunner.runChildren(ParentRunner.java:288)
	at org.junit.runners.ParentRunner.access$000(ParentRunner.java:58)
	at org.junit.runners.ParentRunner$2.evaluate(ParentRunner.java:268)
	at org.junit.internal.runners.statements.RunBefores.evaluate(RunBefores.java:26)
	at org.junit.runners.ParentRunner.run(ParentRunner.java:363)
	at org.apache.maven.surefire.junit4.JUnit4Provider.execute(JUnit4Provider.java:365)
	at org.apache.maven.surefire.junit4.JUnit4Provider.executeWithRerun(JUnit4Provider.java:273)
	at org.apache.maven.surefire.junit4.JUnit4Provider.executeTestSet(JUnit4Provider.java:238)
	at org.apache.maven.surefire.junit4.JUnit4Provider.invoke(JUnit4Provider.java:159)
	at org.apache.maven.surefire.booter.ForkedBooter.invokeProviderInSameClassLoader(ForkedBooter.java:384)
	at org.apache.maven.surefire.booter.ForkedBooter.runSuitesInProcess(ForkedBooter.java:345)
	at org.apache.maven.surefire.booter.ForkedBooter.execute(ForkedBooter.java:126)
	at org.apache.maven.surefire.booter.ForkedBooter.main(ForkedBooter.java:418)
Caused by: java.security.cert.CertificateException: Failed to verify both host address and host name
	at org.apache.zookeeper.common.ZKTrustManager.performHostVerification(ZKTrustManager.java:163)
	at org.apache.zookeeper.common.ZKTrustManager.checkServerTrusted(ZKTrustManager.java:90)
	at sun.security.ssl.ClientHandshaker.serverCertificate(ClientHandshaker.java:1670)
	... 47 more
Caused by: javax.net.ssl.SSLPeerUnverifiedException: Certificate for <activate.navicat.com> doesn't match common name of the certificate subject: localhost
	at org.apache.zookeeper.common.ZKHostnameVerifier.matchCN(ZKHostnameVerifier.java:238)
	at org.apache.zookeeper.common.ZKHostnameVerifier.verify(ZKHostnameVerifier.java:184)
	at org.apache.zookeeper.common.ZKTrustManager.performHostVerification(ZKTrustManager.java:159)
	... 49 more
2020-06-22 14:22:39,694 [myid:] - ERROR [nioEventLoopGroup-4-8:NettyServerCnxnFactory$CertificateVerifier@434] - Unsuccessful handshake with session 0x0
2020-06-22 14:22:39,700 [myid:] - WARN  [nioEventLoopGroup-4-8:NettyServerCnxnFactory$CnxnChannelHandler@273] - Exception caught
io.netty.handler.codec.DecoderException: javax.net.ssl.SSLException: Received fatal alert: certificate_unknown
	at io.netty.handler.codec.ByteToMessageDecoder.callDecode(ByteToMessageDecoder.java:468)
	at io.netty.handler.codec.ByteToMessageDecoder.channelRead(ByteToMessageDecoder.java:276)
	at io.netty.channel.AbstractChannelHandlerContext.invokeChannelRead(AbstractChannelHandlerContext.java:379)
	at io.netty.channel.AbstractChannelHandlerContext.invokeChannelRead(AbstractChannelHandlerContext.java:365)
	at io.netty.channel.AbstractChannelHandlerContext.fireChannelRead(AbstractChannelHandlerContext.java:357)
	at io.netty.channel.DefaultChannelPipeline$HeadContext.channelRead(DefaultChannelPipeline.java:1410)
	at io.netty.channel.AbstractChannelHandlerContext.invokeChannelRead(AbstractChannelHandlerContext.java:379)
	at io.netty.channel.AbstractChannelHandlerContext.invokeChannelRead(AbstractChannelHandlerContext.java:365)
	at io.netty.channel.DefaultChannelPipeline.fireChannelRead(DefaultChannelPipeline.java:919)
	at io.netty.channel.nio.AbstractNioByteChannel$NioByteUnsafe.read(AbstractNioByteChannel.java:163)
	at io.netty.channel.nio.NioEventLoop.processSelectedKey(NioEventLoop.java:714)
	at io.netty.channel.nio.NioEventLoop.processSelectedKeysOptimized(NioEventLoop.java:650)
	at io.netty.channel.nio.NioEventLoop.processSelectedKeys(NioEventLoop.java:576)
	at io.netty.channel.nio.NioEventLoop.run(NioEventLoop.java:493)
	at io.netty.util.concurrent.SingleThreadEventExecutor$4.run(SingleThreadEventExecutor.java:989)
	at io.netty.util.internal.ThreadExecutorMap$2.run(ThreadExecutorMap.java:74)
	at io.netty.util.concurrent.FastThreadLocalRunnable.run(FastThreadLocalRunnable.java:30)
	at java.lang.Thread.run(Thread.java:748)
Caused by: javax.net.ssl.SSLException: Received fatal alert: certificate_unknown
	at sun.security.ssl.Alerts.getSSLException(Alerts.java:214)
	at sun.security.ssl.SSLEngineImpl.fatal(SSLEngineImpl.java:1667)
	at sun.security.ssl.SSLEngineImpl.fatal(SSLEngineImpl.java:1635)
	at sun.security.ssl.SSLEngineImpl.recvAlert(SSLEngineImpl.java:1801)
	at sun.security.ssl.SSLEngineImpl.readRecord(SSLEngineImpl.java:1090)
	at sun.security.ssl.SSLEngineImpl.readNetRecord(SSLEngineImpl.java:913)
	at sun.security.ssl.SSLEngineImpl.unwrap(SSLEngineImpl.java:783)
	at javax.net.ssl.SSLEngine.unwrap(SSLEngine.java:626)
	at io.netty.handler.ssl.SslHandler$SslEngineType$3.unwrap(SslHandler.java:281)
	at io.netty.handler.ssl.SslHandler.unwrap(SslHandler.java:1340)
	at io.netty.handler.ssl.SslHandler.decodeJdkCompatible(SslHandler.java:1235)
	at io.netty.handler.ssl.SslHandler.decode(SslHandler.java:1282)
	at io.netty.handler.codec.ByteToMessageDecoder.decodeRemovalReentryProtection(ByteToMessageDecoder.java:498)
	at io.netty.handler.codec.ByteToMessageDecoder.callDecode(ByteToMessageDecoder.java:437)
	... 17 more
2020-06-22 14:22:39,701 [myid:] - WARN  [nioEventLoopGroup-4-8:NettyServerCnxnFactory$CnxnChannelHandler@273] - Exception caught
io.netty.handler.codec.DecoderException: javax.net.ssl.SSLException: Received fatal alert: certificate_unknown
	at io.netty.handler.codec.ByteToMessageDecoder.callDecode(ByteToMessageDecoder.java:468)
	at io.netty.handler.codec.ByteToMessageDecoder.channelInputClosed(ByteToMessageDecoder.java:401)
	at io.netty.handler.codec.ByteToMessageDecoder.channelInputClosed(ByteToMessageDecoder.java:368)
	at io.netty.handler.codec.ByteToMessageDecoder.channelInactive(ByteToMessageDecoder.java:351)
	at io.netty.handler.ssl.SslHandler.channelInactive(SslHandler.java:1084)
	at io.netty.channel.AbstractChannelHandlerContext.invokeChannelInactive(AbstractChannelHandlerContext.java:262)
	at io.netty.channel.AbstractChannelHandlerContext.invokeChannelInactive(AbstractChannelHandlerContext.java:248)
	at io.netty.channel.AbstractChannelHandlerContext.fireChannelInactive(AbstractChannelHandlerContext.java:241)
	at io.netty.channel.DefaultChannelPipeline$HeadContext.channelInactive(DefaultChannelPipeline.java:1405)
	at io.netty.channel.AbstractChannelHandlerContext.invokeChannelInactive(AbstractChannelHandlerContext.java:262)
	at io.netty.channel.AbstractChannelHandlerContext.invokeChannelInactive(AbstractChannelHandlerContext.java:248)
	at io.netty.channel.DefaultChannelPipeline.fireChannelInactive(DefaultChannelPipeline.java:901)
	at io.netty.channel.AbstractChannel$AbstractUnsafe$8.run(AbstractChannel.java:818)
	at io.netty.util.concurrent.AbstractEventExecutor.safeExecute(AbstractEventExecutor.java:164)
	at io.netty.util.concurrent.SingleThreadEventExecutor.runAllTasks(SingleThreadEventExecutor.java:472)
	at io.netty.channel.nio.NioEventLoop.run(NioEventLoop.java:497)
	at io.netty.util.concurrent.SingleThreadEventExecutor$4.run(SingleThreadEventExecutor.java:989)
	at io.netty.util.internal.ThreadExecutorMap$2.run(ThreadExecutorMap.java:74)
	at io.netty.util.concurrent.FastThreadLocalRunnable.run(FastThreadLocalRunnable.java:30)
	at java.lang.Thread.run(Thread.java:748)
Caused by: javax.net.ssl.SSLException: Received fatal alert: certificate_unknown
	at sun.security.ssl.Alerts.getSSLException(Alerts.java:214)
	at sun.security.ssl.SSLEngineImpl.fatal(SSLEngineImpl.java:1667)
	at sun.security.ssl.SSLEngineImpl.fatal(SSLEngineImpl.java:1635)
	at sun.security.ssl.SSLEngineImpl.recvAlert(SSLEngineImpl.java:1801)
	at sun.security.ssl.SSLEngineImpl.readRecord(SSLEngineImpl.java:1090)
	at sun.security.ssl.SSLEngineImpl.readNetRecord(SSLEngineImpl.java:913)
	at sun.security.ssl.SSLEngineImpl.unwrap(SSLEngineImpl.java:783)
	at javax.net.ssl.SSLEngine.unwrap(SSLEngine.java:626)
	at io.netty.handler.ssl.SslHandler$SslEngineType$3.unwrap(SslHandler.java:281)
	at io.netty.handler.ssl.SslHandler.unwrap(SslHandler.java:1340)
	at io.netty.handler.ssl.SslHandler.decodeJdkCompatible(SslHandler.java:1235)
	at io.netty.handler.ssl.SslHandler.decode(SslHandler.java:1282)
	at io.netty.handler.codec.ByteToMessageDecoder.decodeRemovalReentryProtection(ByteToMessageDecoder.java:498)
	at io.netty.handler.codec.ByteToMessageDecoder.callDecode(ByteToMessageDecoder.java:437)
	... 19 more
2020-06-22 14:22:39,945 [myid:] - INFO  [main:FourLetterWordMain@93] - connecting to 127.0.0.1 21995
2020-06-22 14:22:39,945 [myid:] - INFO  [main:FourLetterWordMain@99] - using secure socket
2020-06-22 14:22:39,960 [myid:] - ERROR [main:ZKTrustManager@161] - Failed to verify host address: 127.0.0.1
javax.net.ssl.SSLPeerUnverifiedException: Certificate for <127.0.0.1> doesn't match common name of the certificate subject: localhost
	at org.apache.zookeeper.common.ZKHostnameVerifier.matchCN(ZKHostnameVerifier.java:238)
	at org.apache.zookeeper.common.ZKHostnameVerifier.verify(ZKHostnameVerifier.java:184)
	at org.apache.zookeeper.common.ZKTrustManager.performHostVerification(ZKTrustManager.java:151)
	at org.apache.zookeeper.common.ZKTrustManager.checkServerTrusted(ZKTrustManager.java:90)
	at sun.security.ssl.ClientHandshaker.serverCertificate(ClientHandshaker.java:1670)
	at sun.security.ssl.ClientHandshaker.processMessage(ClientHandshaker.java:226)
	at sun.security.ssl.Handshaker.processLoop(Handshaker.java:1082)
	at sun.security.ssl.Handshaker.process_record(Handshaker.java:1010)
	at sun.security.ssl.SSLSocketImpl.readRecord(SSLSocketImpl.java:1079)
	at sun.security.ssl.SSLSocketImpl.performInitialHandshake(SSLSocketImpl.java:1388)
	at sun.security.ssl.SSLSocketImpl.startHandshake(SSLSocketImpl.java:1416)
	at sun.security.ssl.SSLSocketImpl.startHandshake(SSLSocketImpl.java:1400)
	at org.apache.zookeeper.client.FourLetterWordMain.send4LetterWord(FourLetterWordMain.java:105)
	at org.apache.zookeeper.client.FourLetterWordMain.send4LetterWord(FourLetterWordMain.java:73)
	at org.apache.zookeeper.test.ClientBase.waitForServerUp(ClientBase.java:261)
	at org.apache.zookeeper.test.ClientBase.startServerInstance(ClientBase.java:401)
	at org.apache.zookeeper.test.ClientBase.startServer(ClientBase.java:516)
	at org.apache.zookeeper.test.ClientBase.setUpWithServerId(ClientBase.java:499)
	at org.apache.zookeeper.test.ClientBase.setUp(ClientBase.java:474)
	at org.apache.zookeeper.test.SaslDigestAuthOverSSLTest.setUp(SaslDigestAuthOverSSLTest.java:62)
	at sun.reflect.NativeMethodAccessorImpl.invoke0(Native Method)
	at sun.reflect.NativeMethodAccessorImpl.invoke(NativeMethodAccessorImpl.java:62)
	at sun.reflect.DelegatingMethodAccessorImpl.invoke(DelegatingMethodAccessorImpl.java:43)
	at java.lang.reflect.Method.invoke(Method.java:498)
	at org.junit.runners.model.FrameworkMethod$1.runReflectiveCall(FrameworkMethod.java:50)
	at org.junit.internal.runners.model.ReflectiveCallable.run(ReflectiveCallable.java:12)
	at org.junit.runners.model.FrameworkMethod.invokeExplosively(FrameworkMethod.java:47)
	at mockit.integration.junit4.JUnit4TestRunnerDecorator.invokeExplosively(JUnit4TestRunnerDecorator.java:49)
	at mockit.integration.junit4.FakeFrameworkMethod.invokeExplosively(FakeFrameworkMethod.java:29)
	at org.junit.runners.model.FrameworkMethod.invokeExplosively(FrameworkMethod.java)
	at org.junit.internal.runners.statements.RunBefores.evaluate(RunBefores.java:24)
	at org.junit.internal.runners.statements.RunAfters.evaluate(RunAfters.java:27)
	at org.junit.rules.TestWatcher$1.evaluate(TestWatcher.java:55)
	at org.junit.rules.RunRules.evaluate(RunRules.java:20)
	at org.junit.runners.ParentRunner.runLeaf(ParentRunner.java:325)
	at org.junit.runners.BlockJUnit4ClassRunner.runChild(BlockJUnit4ClassRunner.java:78)
	at org.junit.runners.BlockJUnit4ClassRunner.runChild(BlockJUnit4ClassRunner.java:57)
	at org.junit.runners.ParentRunner$3.run(ParentRunner.java:290)
	at org.junit.runners.ParentRunner$1.schedule(ParentRunner.java:71)
	at org.junit.runners.ParentRunner.runChildren(ParentRunner.java:288)
	at org.junit.runners.ParentRunner.access$000(ParentRunner.java:58)
	at org.junit.runners.ParentRunner$2.evaluate(ParentRunner.java:268)
	at org.junit.internal.runners.statements.RunBefores.evaluate(RunBefores.java:26)
	at org.junit.runners.ParentRunner.run(ParentRunner.java:363)
	at org.apache.maven.surefire.junit4.JUnit4Provider.execute(JUnit4Provider.java:365)
	at org.apache.maven.surefire.junit4.JUnit4Provider.executeWithRerun(JUnit4Provider.java:273)
	at org.apache.maven.surefire.junit4.JUnit4Provider.executeTestSet(JUnit4Provider.java:238)
	at org.apache.maven.surefire.junit4.JUnit4Provider.invoke(JUnit4Provider.java:159)
	at org.apache.maven.surefire.booter.ForkedBooter.invokeProviderInSameClassLoader(ForkedBooter.java:384)
	at org.apache.maven.surefire.booter.ForkedBooter.runSuitesInProcess(ForkedBooter.java:345)
	at org.apache.maven.surefire.booter.ForkedBooter.execute(ForkedBooter.java:126)
	at org.apache.maven.surefire.booter.ForkedBooter.main(ForkedBooter.java:418)
2020-06-22 14:22:39,961 [myid:] - ERROR [main:ZKTrustManager@162] - Failed to verify hostname: activate.navicat.com
javax.net.ssl.SSLPeerUnverifiedException: Certificate for <activate.navicat.com> doesn't match common name of the certificate subject: localhost
	at org.apache.zookeeper.common.ZKHostnameVerifier.matchCN(ZKHostnameVerifier.java:238)
	at org.apache.zookeeper.common.ZKHostnameVerifier.verify(ZKHostnameVerifier.java:184)
	at org.apache.zookeeper.common.ZKTrustManager.performHostVerification(ZKTrustManager.java:159)
	at org.apache.zookeeper.common.ZKTrustManager.checkServerTrusted(ZKTrustManager.java:90)
	at sun.security.ssl.ClientHandshaker.serverCertificate(ClientHandshaker.java:1670)
	at sun.security.ssl.ClientHandshaker.processMessage(ClientHandshaker.java:226)
	at sun.security.ssl.Handshaker.processLoop(Handshaker.java:1082)
	at sun.security.ssl.Handshaker.process_record(Handshaker.java:1010)
	at sun.security.ssl.SSLSocketImpl.readRecord(SSLSocketImpl.java:1079)
	at sun.security.ssl.SSLSocketImpl.performInitialHandshake(SSLSocketImpl.java:1388)
	at sun.security.ssl.SSLSocketImpl.startHandshake(SSLSocketImpl.java:1416)
	at sun.security.ssl.SSLSocketImpl.startHandshake(SSLSocketImpl.java:1400)
	at org.apache.zookeeper.client.FourLetterWordMain.send4LetterWord(FourLetterWordMain.java:105)
	at org.apache.zookeeper.client.FourLetterWordMain.send4LetterWord(FourLetterWordMain.java:73)
	at org.apache.zookeeper.test.ClientBase.waitForServerUp(ClientBase.java:261)
	at org.apache.zookeeper.test.ClientBase.startServerInstance(ClientBase.java:401)
	at org.apache.zookeeper.test.ClientBase.startServer(ClientBase.java:516)
	at org.apache.zookeeper.test.ClientBase.setUpWithServerId(ClientBase.java:499)
	at org.apache.zookeeper.test.ClientBase.setUp(ClientBase.java:474)
	at org.apache.zookeeper.test.SaslDigestAuthOverSSLTest.setUp(SaslDigestAuthOverSSLTest.java:62)
	at sun.reflect.NativeMethodAccessorImpl.invoke0(Native Method)
	at sun.reflect.NativeMethodAccessorImpl.invoke(NativeMethodAccessorImpl.java:62)
	at sun.reflect.DelegatingMethodAccessorImpl.invoke(DelegatingMethodAccessorImpl.java:43)
	at java.lang.reflect.Method.invoke(Method.java:498)
	at org.junit.runners.model.FrameworkMethod$1.runReflectiveCall(FrameworkMethod.java:50)
	at org.junit.internal.runners.model.ReflectiveCallable.run(ReflectiveCallable.java:12)
	at org.junit.runners.model.FrameworkMethod.invokeExplosively(FrameworkMethod.java:47)
	at mockit.integration.junit4.JUnit4TestRunnerDecorator.invokeExplosively(JUnit4TestRunnerDecorator.java:49)
	at mockit.integration.junit4.FakeFrameworkMethod.invokeExplosively(FakeFrameworkMethod.java:29)
	at org.junit.runners.model.FrameworkMethod.invokeExplosively(FrameworkMethod.java)
	at org.junit.internal.runners.statements.RunBefores.evaluate(RunBefores.java:24)
	at org.junit.internal.runners.statements.RunAfters.evaluate(RunAfters.java:27)
	at org.junit.rules.TestWatcher$1.evaluate(TestWatcher.java:55)
	at org.junit.rules.RunRules.evaluate(RunRules.java:20)
	at org.junit.runners.ParentRunner.runLeaf(ParentRunner.java:325)
	at org.junit.runners.BlockJUnit4ClassRunner.runChild(BlockJUnit4ClassRunner.java:78)
	at org.junit.runners.BlockJUnit4ClassRunner.runChild(BlockJUnit4ClassRunner.java:57)
	at org.junit.runners.ParentRunner$3.run(ParentRunner.java:290)
	at org.junit.runners.ParentRunner$1.schedule(ParentRunner.java:71)
	at org.junit.runners.ParentRunner.runChildren(ParentRunner.java:288)
	at org.junit.runners.ParentRunner.access$000(ParentRunner.java:58)
	at org.junit.runners.ParentRunner$2.evaluate(ParentRunner.java:268)
	at org.junit.internal.runners.statements.RunBefores.evaluate(RunBefores.java:26)
	at org.junit.runners.ParentRunner.run(ParentRunner.java:363)
	at org.apache.maven.surefire.junit4.JUnit4Provider.execute(JUnit4Provider.java:365)
	at org.apache.maven.surefire.junit4.JUnit4Provider.executeWithRerun(JUnit4Provider.java:273)
	at org.apache.maven.surefire.junit4.JUnit4Provider.executeTestSet(JUnit4Provider.java:238)
	at org.apache.maven.surefire.junit4.JUnit4Provider.invoke(JUnit4Provider.java:159)
	at org.apache.maven.surefire.booter.ForkedBooter.invokeProviderInSameClassLoader(ForkedBooter.java:384)
	at org.apache.maven.surefire.booter.ForkedBooter.runSuitesInProcess(ForkedBooter.java:345)
	at org.apache.maven.surefire.booter.ForkedBooter.execute(ForkedBooter.java:126)
	at org.apache.maven.surefire.booter.ForkedBooter.main(ForkedBooter.java:418)
2020-06-22 14:22:39,972 [myid:] - INFO  [main:ClientBase@270] - server 127.0.0.1:21995 not up
javax.net.ssl.SSLHandshakeException: java.security.cert.CertificateException: Failed to verify both host address and host name
	at sun.security.ssl.Alerts.getSSLException(Alerts.java:198)
	at sun.security.ssl.SSLSocketImpl.fatal(SSLSocketImpl.java:1967)
	at sun.security.ssl.Handshaker.fatalSE(Handshaker.java:331)
	at sun.security.ssl.Handshaker.fatalSE(Handshaker.java:325)
	at sun.security.ssl.ClientHandshaker.serverCertificate(ClientHandshaker.java:1688)
	at sun.security.ssl.ClientHandshaker.processMessage(ClientHandshaker.java:226)
	at sun.security.ssl.Handshaker.processLoop(Handshaker.java:1082)
	at sun.security.ssl.Handshaker.process_record(Handshaker.java:1010)
	at sun.security.ssl.SSLSocketImpl.readRecord(SSLSocketImpl.java:1079)
	at sun.security.ssl.SSLSocketImpl.performInitialHandshake(SSLSocketImpl.java:1388)
	at sun.security.ssl.SSLSocketImpl.startHandshake(SSLSocketImpl.java:1416)
	at sun.security.ssl.SSLSocketImpl.startHandshake(SSLSocketImpl.java:1400)
	at org.apache.zookeeper.client.FourLetterWordMain.send4LetterWord(FourLetterWordMain.java:105)
	at org.apache.zookeeper.client.FourLetterWordMain.send4LetterWord(FourLetterWordMain.java:73)
	at org.apache.zookeeper.test.ClientBase.waitForServerUp(ClientBase.java:261)
	at org.apache.zookeeper.test.ClientBase.startServerInstance(ClientBase.java:401)
	at org.apache.zookeeper.test.ClientBase.startServer(ClientBase.java:516)
	at org.apache.zookeeper.test.ClientBase.setUpWithServerId(ClientBase.java:499)
	at org.apache.zookeeper.test.ClientBase.setUp(ClientBase.java:474)
	at org.apache.zookeeper.test.SaslDigestAuthOverSSLTest.setUp(SaslDigestAuthOverSSLTest.java:62)
	at sun.reflect.NativeMethodAccessorImpl.invoke0(Native Method)
	at sun.reflect.NativeMethodAccessorImpl.invoke(NativeMethodAccessorImpl.java:62)
	at sun.reflect.DelegatingMethodAccessorImpl.invoke(DelegatingMethodAccessorImpl.java:43)
	at java.lang.reflect.Method.invoke(Method.java:498)
	at org.junit.runners.model.FrameworkMethod$1.runReflectiveCall(FrameworkMethod.java:50)
	at org.junit.internal.runners.model.ReflectiveCallable.run(ReflectiveCallable.java:12)
	at org.junit.runners.model.FrameworkMethod.invokeExplosively(FrameworkMethod.java:47)
	at mockit.integration.junit4.JUnit4TestRunnerDecorator.invokeExplosively(JUnit4TestRunnerDecorator.java:49)
	at mockit.integration.junit4.FakeFrameworkMethod.invokeExplosively(FakeFrameworkMethod.java:29)
	at org.junit.runners.model.FrameworkMethod.invokeExplosively(FrameworkMethod.java)
	at org.junit.internal.runners.statements.RunBefores.evaluate(RunBefores.java:24)
	at org.junit.internal.runners.statements.RunAfters.evaluate(RunAfters.java:27)
	at org.junit.rules.TestWatcher$1.evaluate(TestWatcher.java:55)
	at org.junit.rules.RunRules.evaluate(RunRules.java:20)
	at org.junit.runners.ParentRunner.runLeaf(ParentRunner.java:325)
	at org.junit.runners.BlockJUnit4ClassRunner.runChild(BlockJUnit4ClassRunner.java:78)
	at org.junit.runners.BlockJUnit4ClassRunner.runChild(BlockJUnit4ClassRunner.java:57)
	at org.junit.runners.ParentRunner$3.run(ParentRunner.java:290)
	at org.junit.runners.ParentRunner$1.schedule(ParentRunner.java:71)
	at org.junit.runners.ParentRunner.runChildren(ParentRunner.java:288)
	at org.junit.runners.ParentRunner.access$000(ParentRunner.java:58)
	at org.junit.runners.ParentRunner$2.evaluate(ParentRunner.java:268)
	at org.junit.internal.runners.statements.RunBefores.evaluate(RunBefores.java:26)
	at org.junit.runners.ParentRunner.run(ParentRunner.java:363)
	at org.apache.maven.surefire.junit4.JUnit4Provider.execute(JUnit4Provider.java:365)
	at org.apache.maven.surefire.junit4.JUnit4Provider.executeWithRerun(JUnit4Provider.java:273)
	at org.apache.maven.surefire.junit4.JUnit4Provider.executeTestSet(JUnit4Provider.java:238)
	at org.apache.maven.surefire.junit4.JUnit4Provider.invoke(JUnit4Provider.java:159)
	at org.apache.maven.surefire.booter.ForkedBooter.invokeProviderInSameClassLoader(ForkedBooter.java:384)
	at org.apache.maven.surefire.booter.ForkedBooter.runSuitesInProcess(ForkedBooter.java:345)
	at org.apache.maven.surefire.booter.ForkedBooter.execute(ForkedBooter.java:126)
	at org.apache.maven.surefire.booter.ForkedBooter.main(ForkedBooter.java:418)
Caused by: java.security.cert.CertificateException: Failed to verify both host address and host name
	at org.apache.zookeeper.common.ZKTrustManager.performHostVerification(ZKTrustManager.java:163)
	at org.apache.zookeeper.common.ZKTrustManager.checkServerTrusted(ZKTrustManager.java:90)
	at sun.security.ssl.ClientHandshaker.serverCertificate(ClientHandshaker.java:1670)
	... 47 more
Caused by: javax.net.ssl.SSLPeerUnverifiedException: Certificate for <activate.navicat.com> doesn't match common name of the certificate subject: localhost
	at org.apache.zookeeper.common.ZKHostnameVerifier.matchCN(ZKHostnameVerifier.java:238)
	at org.apache.zookeeper.common.ZKHostnameVerifier.verify(ZKHostnameVerifier.java:184)
	at org.apache.zookeeper.common.ZKTrustManager.performHostVerification(ZKTrustManager.java:159)
	... 49 more
2020-06-22 14:22:39,972 [myid:] - ERROR [nioEventLoopGroup-4-9:NettyServerCnxnFactory$CertificateVerifier@434] - Unsuccessful handshake with session 0x0
2020-06-22 14:22:39,974 [myid:] - WARN  [nioEventLoopGroup-4-9:NettyServerCnxnFactory$CnxnChannelHandler@273] - Exception caught
io.netty.handler.codec.DecoderException: javax.net.ssl.SSLException: Received fatal alert: certificate_unknown
	at io.netty.handler.codec.ByteToMessageDecoder.callDecode(ByteToMessageDecoder.java:468)
	at io.netty.handler.codec.ByteToMessageDecoder.channelRead(ByteToMessageDecoder.java:276)
	at io.netty.channel.AbstractChannelHandlerContext.invokeChannelRead(AbstractChannelHandlerContext.java:379)
	at io.netty.channel.AbstractChannelHandlerContext.invokeChannelRead(AbstractChannelHandlerContext.java:365)
	at io.netty.channel.AbstractChannelHandlerContext.fireChannelRead(AbstractChannelHandlerContext.java:357)
	at io.netty.channel.DefaultChannelPipeline$HeadContext.channelRead(DefaultChannelPipeline.java:1410)
	at io.netty.channel.AbstractChannelHandlerContext.invokeChannelRead(AbstractChannelHandlerContext.java:379)
	at io.netty.channel.AbstractChannelHandlerContext.invokeChannelRead(AbstractChannelHandlerContext.java:365)
	at io.netty.channel.DefaultChannelPipeline.fireChannelRead(DefaultChannelPipeline.java:919)
	at io.netty.channel.nio.AbstractNioByteChannel$NioByteUnsafe.read(AbstractNioByteChannel.java:163)
	at io.netty.channel.nio.NioEventLoop.processSelectedKey(NioEventLoop.java:714)
	at io.netty.channel.nio.NioEventLoop.processSelectedKeysOptimized(NioEventLoop.java:650)
	at io.netty.channel.nio.NioEventLoop.processSelectedKeys(NioEventLoop.java:576)
	at io.netty.channel.nio.NioEventLoop.run(NioEventLoop.java:493)
	at io.netty.util.concurrent.SingleThreadEventExecutor$4.run(SingleThreadEventExecutor.java:989)
	at io.netty.util.internal.ThreadExecutorMap$2.run(ThreadExecutorMap.java:74)
	at io.netty.util.concurrent.FastThreadLocalRunnable.run(FastThreadLocalRunnable.java:30)
	at java.lang.Thread.run(Thread.java:748)
Caused by: javax.net.ssl.SSLException: Received fatal alert: certificate_unknown
	at sun.security.ssl.Alerts.getSSLException(Alerts.java:214)
	at sun.security.ssl.SSLEngineImpl.fatal(SSLEngineImpl.java:1667)
	at sun.security.ssl.SSLEngineImpl.fatal(SSLEngineImpl.java:1635)
	at sun.security.ssl.SSLEngineImpl.recvAlert(SSLEngineImpl.java:1801)
	at sun.security.ssl.SSLEngineImpl.readRecord(SSLEngineImpl.java:1090)
	at sun.security.ssl.SSLEngineImpl.readNetRecord(SSLEngineImpl.java:913)
	at sun.security.ssl.SSLEngineImpl.unwrap(SSLEngineImpl.java:783)
	at javax.net.ssl.SSLEngine.unwrap(SSLEngine.java:626)
	at io.netty.handler.ssl.SslHandler$SslEngineType$3.unwrap(SslHandler.java:281)
	at io.netty.handler.ssl.SslHandler.unwrap(SslHandler.java:1340)
	at io.netty.handler.ssl.SslHandler.decodeJdkCompatible(SslHandler.java:1235)
	at io.netty.handler.ssl.SslHandler.decode(SslHandler.java:1282)
	at io.netty.handler.codec.ByteToMessageDecoder.decodeRemovalReentryProtection(ByteToMessageDecoder.java:498)
	at io.netty.handler.codec.ByteToMessageDecoder.callDecode(ByteToMessageDecoder.java:437)
	... 17 more
2020-06-22 14:22:39,975 [myid:] - WARN  [nioEventLoopGroup-4-9:NettyServerCnxnFactory$CnxnChannelHandler@273] - Exception caught
io.netty.handler.codec.DecoderException: javax.net.ssl.SSLException: Received fatal alert: certificate_unknown
	at io.netty.handler.codec.ByteToMessageDecoder.callDecode(ByteToMessageDecoder.java:468)
	at io.netty.handler.codec.ByteToMessageDecoder.channelInputClosed(ByteToMessageDecoder.java:401)
	at io.netty.handler.codec.ByteToMessageDecoder.channelInputClosed(ByteToMessageDecoder.java:368)
	at io.netty.handler.codec.ByteToMessageDecoder.channelInactive(ByteToMessageDecoder.java:351)
	at io.netty.handler.ssl.SslHandler.channelInactive(SslHandler.java:1084)
	at io.netty.channel.AbstractChannelHandlerContext.invokeChannelInactive(AbstractChannelHandlerContext.java:262)
	at io.netty.channel.AbstractChannelHandlerContext.invokeChannelInactive(AbstractChannelHandlerContext.java:248)
	at io.netty.channel.AbstractChannelHandlerContext.fireChannelInactive(AbstractChannelHandlerContext.java:241)
	at io.netty.channel.DefaultChannelPipeline$HeadContext.channelInactive(DefaultChannelPipeline.java:1405)
	at io.netty.channel.AbstractChannelHandlerContext.invokeChannelInactive(AbstractChannelHandlerContext.java:262)
	at io.netty.channel.AbstractChannelHandlerContext.invokeChannelInactive(AbstractChannelHandlerContext.java:248)
	at io.netty.channel.DefaultChannelPipeline.fireChannelInactive(DefaultChannelPipeline.java:901)
	at io.netty.channel.AbstractChannel$AbstractUnsafe$8.run(AbstractChannel.java:818)
	at io.netty.util.concurrent.AbstractEventExecutor.safeExecute(AbstractEventExecutor.java:164)
	at io.netty.util.concurrent.SingleThreadEventExecutor.runAllTasks(SingleThreadEventExecutor.java:472)
	at io.netty.channel.nio.NioEventLoop.run(NioEventLoop.java:497)
	at io.netty.util.concurrent.SingleThreadEventExecutor$4.run(SingleThreadEventExecutor.java:989)
	at io.netty.util.internal.ThreadExecutorMap$2.run(ThreadExecutorMap.java:74)
	at io.netty.util.concurrent.FastThreadLocalRunnable.run(FastThreadLocalRunnable.java:30)
	at java.lang.Thread.run(Thread.java:748)
Caused by: javax.net.ssl.SSLException: Received fatal alert: certificate_unknown
	at sun.security.ssl.Alerts.getSSLException(Alerts.java:214)
	at sun.security.ssl.SSLEngineImpl.fatal(SSLEngineImpl.java:1667)
	at sun.security.ssl.SSLEngineImpl.fatal(SSLEngineImpl.java:1635)
	at sun.security.ssl.SSLEngineImpl.recvAlert(SSLEngineImpl.java:1801)
	at sun.security.ssl.SSLEngineImpl.readRecord(SSLEngineImpl.java:1090)
	at sun.security.ssl.SSLEngineImpl.readNetRecord(SSLEngineImpl.java:913)
	at sun.security.ssl.SSLEngineImpl.unwrap(SSLEngineImpl.java:783)
	at javax.net.ssl.SSLEngine.unwrap(SSLEngine.java:626)
	at io.netty.handler.ssl.SslHandler$SslEngineType$3.unwrap(SslHandler.java:281)
	at io.netty.handler.ssl.SslHandler.unwrap(SslHandler.java:1340)
	at io.netty.handler.ssl.SslHandler.decodeJdkCompatible(SslHandler.java:1235)
	at io.netty.handler.ssl.SslHandler.decode(SslHandler.java:1282)
	at io.netty.handler.codec.ByteToMessageDecoder.decodeRemovalReentryProtection(ByteToMessageDecoder.java:498)
	at io.netty.handler.codec.ByteToMessageDecoder.callDecode(ByteToMessageDecoder.java:437)
	... 19 more
2020-06-22 14:22:40,223 [myid:] - INFO  [main:FourLetterWordMain@93] - connecting to 127.0.0.1 21995
2020-06-22 14:22:40,223 [myid:] - INFO  [main:FourLetterWordMain@99] - using secure socket
2020-06-22 14:22:40,233 [myid:] - ERROR [main:ZKTrustManager@161] - Failed to verify host address: 127.0.0.1
javax.net.ssl.SSLPeerUnverifiedException: Certificate for <127.0.0.1> doesn't match common name of the certificate subject: localhost
	at org.apache.zookeeper.common.ZKHostnameVerifier.matchCN(ZKHostnameVerifier.java:238)
	at org.apache.zookeeper.common.ZKHostnameVerifier.verify(ZKHostnameVerifier.java:184)
	at org.apache.zookeeper.common.ZKTrustManager.performHostVerification(ZKTrustManager.java:151)
	at org.apache.zookeeper.common.ZKTrustManager.checkServerTrusted(ZKTrustManager.java:90)
	at sun.security.ssl.ClientHandshaker.serverCertificate(ClientHandshaker.java:1670)
	at sun.security.ssl.ClientHandshaker.processMessage(ClientHandshaker.java:226)
	at sun.security.ssl.Handshaker.processLoop(Handshaker.java:1082)
	at sun.security.ssl.Handshaker.process_record(Handshaker.java:1010)
	at sun.security.ssl.SSLSocketImpl.readRecord(SSLSocketImpl.java:1079)
	at sun.security.ssl.SSLSocketImpl.performInitialHandshake(SSLSocketImpl.java:1388)
	at sun.security.ssl.SSLSocketImpl.startHandshake(SSLSocketImpl.java:1416)
	at sun.security.ssl.SSLSocketImpl.startHandshake(SSLSocketImpl.java:1400)
	at org.apache.zookeeper.client.FourLetterWordMain.send4LetterWord(FourLetterWordMain.java:105)
	at org.apache.zookeeper.client.FourLetterWordMain.send4LetterWord(FourLetterWordMain.java:73)
	at org.apache.zookeeper.test.ClientBase.waitForServerUp(ClientBase.java:261)
	at org.apache.zookeeper.test.ClientBase.startServerInstance(ClientBase.java:401)
	at org.apache.zookeeper.test.ClientBase.startServer(ClientBase.java:516)
	at org.apache.zookeeper.test.ClientBase.setUpWithServerId(ClientBase.java:499)
	at org.apache.zookeeper.test.ClientBase.setUp(ClientBase.java:474)
	at org.apache.zookeeper.test.SaslDigestAuthOverSSLTest.setUp(SaslDigestAuthOverSSLTest.java:62)
	at sun.reflect.NativeMethodAccessorImpl.invoke0(Native Method)
	at sun.reflect.NativeMethodAccessorImpl.invoke(NativeMethodAccessorImpl.java:62)
	at sun.reflect.DelegatingMethodAccessorImpl.invoke(DelegatingMethodAccessorImpl.java:43)
	at java.lang.reflect.Method.invoke(Method.java:498)
	at org.junit.runners.model.FrameworkMethod$1.runReflectiveCall(FrameworkMethod.java:50)
	at org.junit.internal.runners.model.ReflectiveCallable.run(ReflectiveCallable.java:12)
	at org.junit.runners.model.FrameworkMethod.invokeExplosively(FrameworkMethod.java:47)
	at mockit.integration.junit4.JUnit4TestRunnerDecorator.invokeExplosively(JUnit4TestRunnerDecorator.java:49)
	at mockit.integration.junit4.FakeFrameworkMethod.invokeExplosively(FakeFrameworkMethod.java:29)
	at org.junit.runners.model.FrameworkMethod.invokeExplosively(FrameworkMethod.java)
	at org.junit.internal.runners.statements.RunBefores.evaluate(RunBefores.java:24)
	at org.junit.internal.runners.statements.RunAfters.evaluate(RunAfters.java:27)
	at org.junit.rules.TestWatcher$1.evaluate(TestWatcher.java:55)
	at org.junit.rules.RunRules.evaluate(RunRules.java:20)
	at org.junit.runners.ParentRunner.runLeaf(ParentRunner.java:325)
	at org.junit.runners.BlockJUnit4ClassRunner.runChild(BlockJUnit4ClassRunner.java:78)
	at org.junit.runners.BlockJUnit4ClassRunner.runChild(BlockJUnit4ClassRunner.java:57)
	at org.junit.runners.ParentRunner$3.run(ParentRunner.java:290)
	at org.junit.runners.ParentRunner$1.schedule(ParentRunner.java:71)
	at org.junit.runners.ParentRunner.runChildren(ParentRunner.java:288)
	at org.junit.runners.ParentRunner.access$000(ParentRunner.java:58)
	at org.junit.runners.ParentRunner$2.evaluate(ParentRunner.java:268)
	at org.junit.internal.runners.statements.RunBefores.evaluate(RunBefores.java:26)
	at org.junit.runners.ParentRunner.run(ParentRunner.java:363)
	at org.apache.maven.surefire.junit4.JUnit4Provider.execute(JUnit4Provider.java:365)
	at org.apache.maven.surefire.junit4.JUnit4Provider.executeWithRerun(JUnit4Provider.java:273)
	at org.apache.maven.surefire.junit4.JUnit4Provider.executeTestSet(JUnit4Provider.java:238)
	at org.apache.maven.surefire.junit4.JUnit4Provider.invoke(JUnit4Provider.java:159)
	at org.apache.maven.surefire.booter.ForkedBooter.invokeProviderInSameClassLoader(ForkedBooter.java:384)
	at org.apache.maven.surefire.booter.ForkedBooter.runSuitesInProcess(ForkedBooter.java:345)
	at org.apache.maven.surefire.booter.ForkedBooter.execute(ForkedBooter.java:126)
	at org.apache.maven.surefire.booter.ForkedBooter.main(ForkedBooter.java:418)
2020-06-22 14:22:40,233 [myid:] - ERROR [main:ZKTrustManager@162] - Failed to verify hostname: activate.navicat.com
javax.net.ssl.SSLPeerUnverifiedException: Certificate for <activate.navicat.com> doesn't match common name of the certificate subject: localhost
	at org.apache.zookeeper.common.ZKHostnameVerifier.matchCN(ZKHostnameVerifier.java:238)
	at org.apache.zookeeper.common.ZKHostnameVerifier.verify(ZKHostnameVerifier.java:184)
	at org.apache.zookeeper.common.ZKTrustManager.performHostVerification(ZKTrustManager.java:159)
	at org.apache.zookeeper.common.ZKTrustManager.checkServerTrusted(ZKTrustManager.java:90)
	at sun.security.ssl.ClientHandshaker.serverCertificate(ClientHandshaker.java:1670)
	at sun.security.ssl.ClientHandshaker.processMessage(ClientHandshaker.java:226)
	at sun.security.ssl.Handshaker.processLoop(Handshaker.java:1082)
	at sun.security.ssl.Handshaker.process_record(Handshaker.java:1010)
	at sun.security.ssl.SSLSocketImpl.readRecord(SSLSocketImpl.java:1079)
	at sun.security.ssl.SSLSocketImpl.performInitialHandshake(SSLSocketImpl.java:1388)
	at sun.security.ssl.SSLSocketImpl.startHandshake(SSLSocketImpl.java:1416)
	at sun.security.ssl.SSLSocketImpl.startHandshake(SSLSocketImpl.java:1400)
	at org.apache.zookeeper.client.FourLetterWordMain.send4LetterWord(FourLetterWordMain.java:105)
	at org.apache.zookeeper.client.FourLetterWordMain.send4LetterWord(FourLetterWordMain.java:73)
	at org.apache.zookeeper.test.ClientBase.waitForServerUp(ClientBase.java:261)
	at org.apache.zookeeper.test.ClientBase.startServerInstance(ClientBase.java:401)
	at org.apache.zookeeper.test.ClientBase.startServer(ClientBase.java:516)
	at org.apache.zookeeper.test.ClientBase.setUpWithServerId(ClientBase.java:499)
	at org.apache.zookeeper.test.ClientBase.setUp(ClientBase.java:474)
	at org.apache.zookeeper.test.SaslDigestAuthOverSSLTest.setUp(SaslDigestAuthOverSSLTest.java:62)
	at sun.reflect.NativeMethodAccessorImpl.invoke0(Native Method)
	at sun.reflect.NativeMethodAccessorImpl.invoke(NativeMethodAccessorImpl.java:62)
	at sun.reflect.DelegatingMethodAccessorImpl.invoke(DelegatingMethodAccessorImpl.java:43)
	at java.lang.reflect.Method.invoke(Method.java:498)
	at org.junit.runners.model.FrameworkMethod$1.runReflectiveCall(FrameworkMethod.java:50)
	at org.junit.internal.runners.model.ReflectiveCallable.run(ReflectiveCallable.java:12)
	at org.junit.runners.model.FrameworkMethod.invokeExplosively(FrameworkMethod.java:47)
	at mockit.integration.junit4.JUnit4TestRunnerDecorator.invokeExplosively(JUnit4TestRunnerDecorator.java:49)
	at mockit.integration.junit4.FakeFrameworkMethod.invokeExplosively(FakeFrameworkMethod.java:29)
	at org.junit.runners.model.FrameworkMethod.invokeExplosively(FrameworkMethod.java)
	at org.junit.internal.runners.statements.RunBefores.evaluate(RunBefores.java:24)
	at org.junit.internal.runners.statements.RunAfters.evaluate(RunAfters.java:27)
	at org.junit.rules.TestWatcher$1.evaluate(TestWatcher.java:55)
	at org.junit.rules.RunRules.evaluate(RunRules.java:20)
	at org.junit.runners.ParentRunner.runLeaf(ParentRunner.java:325)
	at org.junit.runners.BlockJUnit4ClassRunner.runChild(BlockJUnit4ClassRunner.java:78)
	at org.junit.runners.BlockJUnit4ClassRunner.runChild(BlockJUnit4ClassRunner.java:57)
	at org.junit.runners.ParentRunner$3.run(ParentRunner.java:290)
	at org.junit.runners.ParentRunner$1.schedule(ParentRunner.java:71)
	at org.junit.runners.ParentRunner.runChildren(ParentRunner.java:288)
	at org.junit.runners.ParentRunner.access$000(ParentRunner.java:58)
	at org.junit.runners.ParentRunner$2.evaluate(ParentRunner.java:268)
	at org.junit.internal.runners.statements.RunBefores.evaluate(RunBefores.java:26)
	at org.junit.runners.ParentRunner.run(ParentRunner.java:363)
	at org.apache.maven.surefire.junit4.JUnit4Provider.execute(JUnit4Provider.java:365)
	at org.apache.maven.surefire.junit4.JUnit4Provider.executeWithRerun(JUnit4Provider.java:273)
	at org.apache.maven.surefire.junit4.JUnit4Provider.executeTestSet(JUnit4Provider.java:238)
	at org.apache.maven.surefire.junit4.JUnit4Provider.invoke(JUnit4Provider.java:159)
	at org.apache.maven.surefire.booter.ForkedBooter.invokeProviderInSameClassLoader(ForkedBooter.java:384)
	at org.apache.maven.surefire.booter.ForkedBooter.runSuitesInProcess(ForkedBooter.java:345)
	at org.apache.maven.surefire.booter.ForkedBooter.execute(ForkedBooter.java:126)
	at org.apache.maven.surefire.booter.ForkedBooter.main(ForkedBooter.java:418)
2020-06-22 14:22:40,234 [myid:] - INFO  [main:ClientBase@270] - server 127.0.0.1:21995 not up
javax.net.ssl.SSLHandshakeException: java.security.cert.CertificateException: Failed to verify both host address and host name
	at sun.security.ssl.Alerts.getSSLException(Alerts.java:198)
	at sun.security.ssl.SSLSocketImpl.fatal(SSLSocketImpl.java:1967)
	at sun.security.ssl.Handshaker.fatalSE(Handshaker.java:331)
	at sun.security.ssl.Handshaker.fatalSE(Handshaker.java:325)
	at sun.security.ssl.ClientHandshaker.serverCertificate(ClientHandshaker.java:1688)
	at sun.security.ssl.ClientHandshaker.processMessage(ClientHandshaker.java:226)
	at sun.security.ssl.Handshaker.processLoop(Handshaker.java:1082)
	at sun.security.ssl.Handshaker.process_record(Handshaker.java:1010)
	at sun.security.ssl.SSLSocketImpl.readRecord(SSLSocketImpl.java:1079)
	at sun.security.ssl.SSLSocketImpl.performInitialHandshake(SSLSocketImpl.java:1388)
	at sun.security.ssl.SSLSocketImpl.startHandshake(SSLSocketImpl.java:1416)
	at sun.security.ssl.SSLSocketImpl.startHandshake(SSLSocketImpl.java:1400)
	at org.apache.zookeeper.client.FourLetterWordMain.send4LetterWord(FourLetterWordMain.java:105)
	at org.apache.zookeeper.client.FourLetterWordMain.send4LetterWord(FourLetterWordMain.java:73)
	at org.apache.zookeeper.test.ClientBase.waitForServerUp(ClientBase.java:261)
	at org.apache.zookeeper.test.ClientBase.startServerInstance(ClientBase.java:401)
	at org.apache.zookeeper.test.ClientBase.startServer(ClientBase.java:516)
	at org.apache.zookeeper.test.ClientBase.setUpWithServerId(ClientBase.java:499)
	at org.apache.zookeeper.test.ClientBase.setUp(ClientBase.java:474)
	at org.apache.zookeeper.test.SaslDigestAuthOverSSLTest.setUp(SaslDigestAuthOverSSLTest.java:62)
	at sun.reflect.NativeMethodAccessorImpl.invoke0(Native Method)
	at sun.reflect.NativeMethodAccessorImpl.invoke(NativeMethodAccessorImpl.java:62)
	at sun.reflect.DelegatingMethodAccessorImpl.invoke(DelegatingMethodAccessorImpl.java:43)
	at java.lang.reflect.Method.invoke(Method.java:498)
	at org.junit.runners.model.FrameworkMethod$1.runReflectiveCall(FrameworkMethod.java:50)
	at org.junit.internal.runners.model.ReflectiveCallable.run(ReflectiveCallable.java:12)
	at org.junit.runners.model.FrameworkMethod.invokeExplosively(FrameworkMethod.java:47)
	at mockit.integration.junit4.JUnit4TestRunnerDecorator.invokeExplosively(JUnit4TestRunnerDecorator.java:49)
	at mockit.integration.junit4.FakeFrameworkMethod.invokeExplosively(FakeFrameworkMethod.java:29)
	at org.junit.runners.model.FrameworkMethod.invokeExplosively(FrameworkMethod.java)
	at org.junit.internal.runners.statements.RunBefores.evaluate(RunBefores.java:24)
	at org.junit.internal.runners.statements.RunAfters.evaluate(RunAfters.java:27)
	at org.junit.rules.TestWatcher$1.evaluate(TestWatcher.java:55)
	at org.junit.rules.RunRules.evaluate(RunRules.java:20)
	at org.junit.runners.ParentRunner.runLeaf(ParentRunner.java:325)
	at org.junit.runners.BlockJUnit4ClassRunner.runChild(BlockJUnit4ClassRunner.java:78)
	at org.junit.runners.BlockJUnit4ClassRunner.runChild(BlockJUnit4ClassRunner.java:57)
	at org.junit.runners.ParentRunner$3.run(ParentRunner.java:290)
	at org.junit.runners.ParentRunner$1.schedule(ParentRunner.java:71)
	at org.junit.runners.ParentRunner.runChildren(ParentRunner.java:288)
	at org.junit.runners.ParentRunner.access$000(ParentRunner.java:58)
	at org.junit.runners.ParentRunner$2.evaluate(ParentRunner.java:268)
	at org.junit.internal.runners.statements.RunBefores.evaluate(RunBefores.java:26)
	at org.junit.runners.ParentRunner.run(ParentRunner.java:363)
	at org.apache.maven.surefire.junit4.JUnit4Provider.execute(JUnit4Provider.java:365)
	at org.apache.maven.surefire.junit4.JUnit4Provider.executeWithRerun(JUnit4Provider.java:273)
	at org.apache.maven.surefire.junit4.JUnit4Provider.executeTestSet(JUnit4Provider.java:238)
	at org.apache.maven.surefire.junit4.JUnit4Provider.invoke(JUnit4Provider.java:159)
	at org.apache.maven.surefire.booter.ForkedBooter.invokeProviderInSameClassLoader(ForkedBooter.java:384)
	at org.apache.maven.surefire.booter.ForkedBooter.runSuitesInProcess(ForkedBooter.java:345)
	at org.apache.maven.surefire.booter.ForkedBooter.execute(ForkedBooter.java:126)
	at org.apache.maven.surefire.booter.ForkedBooter.main(ForkedBooter.java:418)
Caused by: java.security.cert.CertificateException: Failed to verify both host address and host name
	at org.apache.zookeeper.common.ZKTrustManager.performHostVerification(ZKTrustManager.java:163)
	at org.apache.zookeeper.common.ZKTrustManager.checkServerTrusted(ZKTrustManager.java:90)
	at sun.security.ssl.ClientHandshaker.serverCertificate(ClientHandshaker.java:1670)
	... 47 more
Caused by: javax.net.ssl.SSLPeerUnverifiedException: Certificate for <activate.navicat.com> doesn't match common name of the certificate subject: localhost
	at org.apache.zookeeper.common.ZKHostnameVerifier.matchCN(ZKHostnameVerifier.java:238)
	at org.apache.zookeeper.common.ZKHostnameVerifier.verify(ZKHostnameVerifier.java:184)
	at org.apache.zookeeper.common.ZKTrustManager.performHostVerification(ZKTrustManager.java:159)
	... 49 more
2020-06-22 14:22:40,234 [myid:] - ERROR [nioEventLoopGroup-4-10:NettyServerCnxnFactory$CertificateVerifier@434] - Unsuccessful handshake with session 0x0
2020-06-22 14:22:40,235 [myid:] - WARN  [nioEventLoopGroup-4-10:NettyServerCnxnFactory$CnxnChannelHandler@273] - Exception caught
io.netty.handler.codec.DecoderException: javax.net.ssl.SSLException: Received fatal alert: certificate_unknown
	at io.netty.handler.codec.ByteToMessageDecoder.callDecode(ByteToMessageDecoder.java:468)
	at io.netty.handler.codec.ByteToMessageDecoder.channelRead(ByteToMessageDecoder.java:276)
	at io.netty.channel.AbstractChannelHandlerContext.invokeChannelRead(AbstractChannelHandlerContext.java:379)
	at io.netty.channel.AbstractChannelHandlerContext.invokeChannelRead(AbstractChannelHandlerContext.java:365)
	at io.netty.channel.AbstractChannelHandlerContext.fireChannelRead(AbstractChannelHandlerContext.java:357)
	at io.netty.channel.DefaultChannelPipeline$HeadContext.channelRead(DefaultChannelPipeline.java:1410)
	at io.netty.channel.AbstractChannelHandlerContext.invokeChannelRead(AbstractChannelHandlerContext.java:379)
	at io.netty.channel.AbstractChannelHandlerContext.invokeChannelRead(AbstractChannelHandlerContext.java:365)
	at io.netty.channel.DefaultChannelPipeline.fireChannelRead(DefaultChannelPipeline.java:919)
	at io.netty.channel.nio.AbstractNioByteChannel$NioByteUnsafe.read(AbstractNioByteChannel.java:163)
	at io.netty.channel.nio.NioEventLoop.processSelectedKey(NioEventLoop.java:714)
	at io.netty.channel.nio.NioEventLoop.processSelectedKeysOptimized(NioEventLoop.java:650)
	at io.netty.channel.nio.NioEventLoop.processSelectedKeys(NioEventLoop.java:576)
	at io.netty.channel.nio.NioEventLoop.run(NioEventLoop.java:493)
	at io.netty.util.concurrent.SingleThreadEventExecutor$4.run(SingleThreadEventExecutor.java:989)
	at io.netty.util.internal.ThreadExecutorMap$2.run(ThreadExecutorMap.java:74)
	at io.netty.util.concurrent.FastThreadLocalRunnable.run(FastThreadLocalRunnable.java:30)
	at java.lang.Thread.run(Thread.java:748)
Caused by: javax.net.ssl.SSLException: Received fatal alert: certificate_unknown
	at sun.security.ssl.Alerts.getSSLException(Alerts.java:214)
	at sun.security.ssl.SSLEngineImpl.fatal(SSLEngineImpl.java:1667)
	at sun.security.ssl.SSLEngineImpl.fatal(SSLEngineImpl.java:1635)
	at sun.security.ssl.SSLEngineImpl.recvAlert(SSLEngineImpl.java:1801)
	at sun.security.ssl.SSLEngineImpl.readRecord(SSLEngineImpl.java:1090)
	at sun.security.ssl.SSLEngineImpl.readNetRecord(SSLEngineImpl.java:913)
	at sun.security.ssl.SSLEngineImpl.unwrap(SSLEngineImpl.java:783)
	at javax.net.ssl.SSLEngine.unwrap(SSLEngine.java:626)
	at io.netty.handler.ssl.SslHandler$SslEngineType$3.unwrap(SslHandler.java:281)
	at io.netty.handler.ssl.SslHandler.unwrap(SslHandler.java:1340)
	at io.netty.handler.ssl.SslHandler.decodeJdkCompatible(SslHandler.java:1235)
	at io.netty.handler.ssl.SslHandler.decode(SslHandler.java:1282)
	at io.netty.handler.codec.ByteToMessageDecoder.decodeRemovalReentryProtection(ByteToMessageDecoder.java:498)
	at io.netty.handler.codec.ByteToMessageDecoder.callDecode(ByteToMessageDecoder.java:437)
	... 17 more
2020-06-22 14:22:40,236 [myid:] - WARN  [nioEventLoopGroup-4-10:NettyServerCnxnFactory$CnxnChannelHandler@273] - Exception caught
io.netty.handler.codec.DecoderException: javax.net.ssl.SSLException: Received fatal alert: certificate_unknown
	at io.netty.handler.codec.ByteToMessageDecoder.callDecode(ByteToMessageDecoder.java:468)
	at io.netty.handler.codec.ByteToMessageDecoder.channelInputClosed(ByteToMessageDecoder.java:401)
	at io.netty.handler.codec.ByteToMessageDecoder.channelInputClosed(ByteToMessageDecoder.java:368)
	at io.netty.handler.codec.ByteToMessageDecoder.channelInactive(ByteToMessageDecoder.java:351)
	at io.netty.handler.ssl.SslHandler.channelInactive(SslHandler.java:1084)
	at io.netty.channel.AbstractChannelHandlerContext.invokeChannelInactive(AbstractChannelHandlerContext.java:262)
	at io.netty.channel.AbstractChannelHandlerContext.invokeChannelInactive(AbstractChannelHandlerContext.java:248)
	at io.netty.channel.AbstractChannelHandlerContext.fireChannelInactive(AbstractChannelHandlerContext.java:241)
	at io.netty.channel.DefaultChannelPipeline$HeadContext.channelInactive(DefaultChannelPipeline.java:1405)
	at io.netty.channel.AbstractChannelHandlerContext.invokeChannelInactive(AbstractChannelHandlerContext.java:262)
	at io.netty.channel.AbstractChannelHandlerContext.invokeChannelInactive(AbstractChannelHandlerContext.java:248)
	at io.netty.channel.DefaultChannelPipeline.fireChannelInactive(DefaultChannelPipeline.java:901)
	at io.netty.channel.AbstractChannel$AbstractUnsafe$8.run(AbstractChannel.java:818)
	at io.netty.util.concurrent.AbstractEventExecutor.safeExecute(AbstractEventExecutor.java:164)
	at io.netty.util.concurrent.SingleThreadEventExecutor.runAllTasks(SingleThreadEventExecutor.java:472)
	at io.netty.channel.nio.NioEventLoop.run(NioEventLoop.java:497)
	at io.netty.util.concurrent.SingleThreadEventExecutor$4.run(SingleThreadEventExecutor.java:989)
	at io.netty.util.internal.ThreadExecutorMap$2.run(ThreadExecutorMap.java:74)
	at io.netty.util.concurrent.FastThreadLocalRunnable.run(FastThreadLocalRunnable.java:30)
	at java.lang.Thread.run(Thread.java:748)
Caused by: javax.net.ssl.SSLException: Received fatal alert: certificate_unknown
	at sun.security.ssl.Alerts.getSSLException(Alerts.java:214)
	at sun.security.ssl.SSLEngineImpl.fatal(SSLEngineImpl.java:1667)
	at sun.security.ssl.SSLEngineImpl.fatal(SSLEngineImpl.java:1635)
	at sun.security.ssl.SSLEngineImpl.recvAlert(SSLEngineImpl.java:1801)
	at sun.security.ssl.SSLEngineImpl.readRecord(SSLEngineImpl.java:1090)
	at sun.security.ssl.SSLEngineImpl.readNetRecord(SSLEngineImpl.java:913)
	at sun.security.ssl.SSLEngineImpl.unwrap(SSLEngineImpl.java:783)
	at javax.net.ssl.SSLEngine.unwrap(SSLEngine.java:626)
	at io.netty.handler.ssl.SslHandler$SslEngineType$3.unwrap(SslHandler.java:281)
	at io.netty.handler.ssl.SslHandler.unwrap(SslHandler.java:1340)
	at io.netty.handler.ssl.SslHandler.decodeJdkCompatible(SslHandler.java:1235)
	at io.netty.handler.ssl.SslHandler.decode(SslHandler.java:1282)
	at io.netty.handler.codec.ByteToMessageDecoder.decodeRemovalReentryProtection(ByteToMessageDecoder.java:498)
	at io.netty.handler.codec.ByteToMessageDecoder.callDecode(ByteToMessageDecoder.java:437)
	... 19 more
2020-06-22 14:22:40,484 [myid:] - INFO  [main:FourLetterWordMain@93] - connecting to 127.0.0.1 21995
2020-06-22 14:22:40,484 [myid:] - INFO  [main:FourLetterWordMain@99] - using secure socket
2020-06-22 14:22:40,497 [myid:] - ERROR [main:ZKTrustManager@161] - Failed to verify host address: 127.0.0.1
javax.net.ssl.SSLPeerUnverifiedException: Certificate for <127.0.0.1> doesn't match common name of the certificate subject: localhost
	at org.apache.zookeeper.common.ZKHostnameVerifier.matchCN(ZKHostnameVerifier.java:238)
	at org.apache.zookeeper.common.ZKHostnameVerifier.verify(ZKHostnameVerifier.java:184)
	at org.apache.zookeeper.common.ZKTrustManager.performHostVerification(ZKTrustManager.java:151)
	at org.apache.zookeeper.common.ZKTrustManager.checkServerTrusted(ZKTrustManager.java:90)
	at sun.security.ssl.ClientHandshaker.serverCertificate(ClientHandshaker.java:1670)
	at sun.security.ssl.ClientHandshaker.processMessage(ClientHandshaker.java:226)
	at sun.security.ssl.Handshaker.processLoop(Handshaker.java:1082)
	at sun.security.ssl.Handshaker.process_record(Handshaker.java:1010)
	at sun.security.ssl.SSLSocketImpl.readRecord(SSLSocketImpl.java:1079)
	at sun.security.ssl.SSLSocketImpl.performInitialHandshake(SSLSocketImpl.java:1388)
	at sun.security.ssl.SSLSocketImpl.startHandshake(SSLSocketImpl.java:1416)
	at sun.security.ssl.SSLSocketImpl.startHandshake(SSLSocketImpl.java:1400)
	at org.apache.zookeeper.client.FourLetterWordMain.send4LetterWord(FourLetterWordMain.java:105)
	at org.apache.zookeeper.client.FourLetterWordMain.send4LetterWord(FourLetterWordMain.java:73)
	at org.apache.zookeeper.test.ClientBase.waitForServerUp(ClientBase.java:261)
	at org.apache.zookeeper.test.ClientBase.startServerInstance(ClientBase.java:401)
	at org.apache.zookeeper.test.ClientBase.startServer(ClientBase.java:516)
	at org.apache.zookeeper.test.ClientBase.setUpWithServerId(ClientBase.java:499)
	at org.apache.zookeeper.test.ClientBase.setUp(ClientBase.java:474)
	at org.apache.zookeeper.test.SaslDigestAuthOverSSLTest.setUp(SaslDigestAuthOverSSLTest.java:62)
	at sun.reflect.NativeMethodAccessorImpl.invoke0(Native Method)
	at sun.reflect.NativeMethodAccessorImpl.invoke(NativeMethodAccessorImpl.java:62)
	at sun.reflect.DelegatingMethodAccessorImpl.invoke(DelegatingMethodAccessorImpl.java:43)
	at java.lang.reflect.Method.invoke(Method.java:498)
	at org.junit.runners.model.FrameworkMethod$1.runReflectiveCall(FrameworkMethod.java:50)
	at org.junit.internal.runners.model.ReflectiveCallable.run(ReflectiveCallable.java:12)
	at org.junit.runners.model.FrameworkMethod.invokeExplosively(FrameworkMethod.java:47)
	at mockit.integration.junit4.JUnit4TestRunnerDecorator.invokeExplosively(JUnit4TestRunnerDecorator.java:49)
	at mockit.integration.junit4.FakeFrameworkMethod.invokeExplosively(FakeFrameworkMethod.java:29)
	at org.junit.runners.model.FrameworkMethod.invokeExplosively(FrameworkMethod.java)
	at org.junit.internal.runners.statements.RunBefores.evaluate(RunBefores.java:24)
	at org.junit.internal.runners.statements.RunAfters.evaluate(RunAfters.java:27)
	at org.junit.rules.TestWatcher$1.evaluate(TestWatcher.java:55)
	at org.junit.rules.RunRules.evaluate(RunRules.java:20)
	at org.junit.runners.ParentRunner.runLeaf(ParentRunner.java:325)
	at org.junit.runners.BlockJUnit4ClassRunner.runChild(BlockJUnit4ClassRunner.java:78)
	at org.junit.runners.BlockJUnit4ClassRunner.runChild(BlockJUnit4ClassRunner.java:57)
	at org.junit.runners.ParentRunner$3.run(ParentRunner.java:290)
	at org.junit.runners.ParentRunner$1.schedule(ParentRunner.java:71)
	at org.junit.runners.ParentRunner.runChildren(ParentRunner.java:288)
	at org.junit.runners.ParentRunner.access$000(ParentRunner.java:58)
	at org.junit.runners.ParentRunner$2.evaluate(ParentRunner.java:268)
	at org.junit.internal.runners.statements.RunBefores.evaluate(RunBefores.java:26)
	at org.junit.runners.ParentRunner.run(ParentRunner.java:363)
	at org.apache.maven.surefire.junit4.JUnit4Provider.execute(JUnit4Provider.java:365)
	at org.apache.maven.surefire.junit4.JUnit4Provider.executeWithRerun(JUnit4Provider.java:273)
	at org.apache.maven.surefire.junit4.JUnit4Provider.executeTestSet(JUnit4Provider.java:238)
	at org.apache.maven.surefire.junit4.JUnit4Provider.invoke(JUnit4Provider.java:159)
	at org.apache.maven.surefire.booter.ForkedBooter.invokeProviderInSameClassLoader(ForkedBooter.java:384)
	at org.apache.maven.surefire.booter.ForkedBooter.runSuitesInProcess(ForkedBooter.java:345)
	at org.apache.maven.surefire.booter.ForkedBooter.execute(ForkedBooter.java:126)
	at org.apache.maven.surefire.booter.ForkedBooter.main(ForkedBooter.java:418)
2020-06-22 14:22:40,497 [myid:] - ERROR [main:ZKTrustManager@162] - Failed to verify hostname: activate.navicat.com
javax.net.ssl.SSLPeerUnverifiedException: Certificate for <activate.navicat.com> doesn't match common name of the certificate subject: localhost
	at org.apache.zookeeper.common.ZKHostnameVerifier.matchCN(ZKHostnameVerifier.java:238)
	at org.apache.zookeeper.common.ZKHostnameVerifier.verify(ZKHostnameVerifier.java:184)
	at org.apache.zookeeper.common.ZKTrustManager.performHostVerification(ZKTrustManager.java:159)
	at org.apache.zookeeper.common.ZKTrustManager.checkServerTrusted(ZKTrustManager.java:90)
	at sun.security.ssl.ClientHandshaker.serverCertificate(ClientHandshaker.java:1670)
	at sun.security.ssl.ClientHandshaker.processMessage(ClientHandshaker.java:226)
	at sun.security.ssl.Handshaker.processLoop(Handshaker.java:1082)
	at sun.security.ssl.Handshaker.process_record(Handshaker.java:1010)
	at sun.security.ssl.SSLSocketImpl.readRecord(SSLSocketImpl.java:1079)
	at sun.security.ssl.SSLSocketImpl.performInitialHandshake(SSLSocketImpl.java:1388)
	at sun.security.ssl.SSLSocketImpl.startHandshake(SSLSocketImpl.java:1416)
	at sun.security.ssl.SSLSocketImpl.startHandshake(SSLSocketImpl.java:1400)
	at org.apache.zookeeper.client.FourLetterWordMain.send4LetterWord(FourLetterWordMain.java:105)
	at org.apache.zookeeper.client.FourLetterWordMain.send4LetterWord(FourLetterWordMain.java:73)
	at org.apache.zookeeper.test.ClientBase.waitForServerUp(ClientBase.java:261)
	at org.apache.zookeeper.test.ClientBase.startServerInstance(ClientBase.java:401)
	at org.apache.zookeeper.test.ClientBase.startServer(ClientBase.java:516)
	at org.apache.zookeeper.test.ClientBase.setUpWithServerId(ClientBase.java:499)
	at org.apache.zookeeper.test.ClientBase.setUp(ClientBase.java:474)
	at org.apache.zookeeper.test.SaslDigestAuthOverSSLTest.setUp(SaslDigestAuthOverSSLTest.java:62)
	at sun.reflect.NativeMethodAccessorImpl.invoke0(Native Method)
	at sun.reflect.NativeMethodAccessorImpl.invoke(NativeMethodAccessorImpl.java:62)
	at sun.reflect.DelegatingMethodAccessorImpl.invoke(DelegatingMethodAccessorImpl.java:43)
	at java.lang.reflect.Method.invoke(Method.java:498)
	at org.junit.runners.model.FrameworkMethod$1.runReflectiveCall(FrameworkMethod.java:50)
	at org.junit.internal.runners.model.ReflectiveCallable.run(ReflectiveCallable.java:12)
	at org.junit.runners.model.FrameworkMethod.invokeExplosively(FrameworkMethod.java:47)
	at mockit.integration.junit4.JUnit4TestRunnerDecorator.invokeExplosively(JUnit4TestRunnerDecorator.java:49)
	at mockit.integration.junit4.FakeFrameworkMethod.invokeExplosively(FakeFrameworkMethod.java:29)
	at org.junit.runners.model.FrameworkMethod.invokeExplosively(FrameworkMethod.java)
	at org.junit.internal.runners.statements.RunBefores.evaluate(RunBefores.java:24)
	at org.junit.internal.runners.statements.RunAfters.evaluate(RunAfters.java:27)
	at org.junit.rules.TestWatcher$1.evaluate(TestWatcher.java:55)
	at org.junit.rules.RunRules.evaluate(RunRules.java:20)
	at org.junit.runners.ParentRunner.runLeaf(ParentRunner.java:325)
	at org.junit.runners.BlockJUnit4ClassRunner.runChild(BlockJUnit4ClassRunner.java:78)
	at org.junit.runners.BlockJUnit4ClassRunner.runChild(BlockJUnit4ClassRunner.java:57)
	at org.junit.runners.ParentRunner$3.run(ParentRunner.java:290)
	at org.junit.runners.ParentRunner$1.schedule(ParentRunner.java:71)
	at org.junit.runners.ParentRunner.runChildren(ParentRunner.java:288)
	at org.junit.runners.ParentRunner.access$000(ParentRunner.java:58)
	at org.junit.runners.ParentRunner$2.evaluate(ParentRunner.java:268)
	at org.junit.internal.runners.statements.RunBefores.evaluate(RunBefores.java:26)
	at org.junit.runners.ParentRunner.run(ParentRunner.java:363)
	at org.apache.maven.surefire.junit4.JUnit4Provider.execute(JUnit4Provider.java:365)
	at org.apache.maven.surefire.junit4.JUnit4Provider.executeWithRerun(JUnit4Provider.java:273)
	at org.apache.maven.surefire.junit4.JUnit4Provider.executeTestSet(JUnit4Provider.java:238)
	at org.apache.maven.surefire.junit4.JUnit4Provider.invoke(JUnit4Provider.java:159)
	at org.apache.maven.surefire.booter.ForkedBooter.invokeProviderInSameClassLoader(ForkedBooter.java:384)
	at org.apache.maven.surefire.booter.ForkedBooter.runSuitesInProcess(ForkedBooter.java:345)
	at org.apache.maven.surefire.booter.ForkedBooter.execute(ForkedBooter.java:126)
	at org.apache.maven.surefire.booter.ForkedBooter.main(ForkedBooter.java:418)
2020-06-22 14:22:40,498 [myid:] - INFO  [main:ClientBase@270] - server 127.0.0.1:21995 not up
javax.net.ssl.SSLHandshakeException: java.security.cert.CertificateException: Failed to verify both host address and host name
	at sun.security.ssl.Alerts.getSSLException(Alerts.java:198)
	at sun.security.ssl.SSLSocketImpl.fatal(SSLSocketImpl.java:1967)
	at sun.security.ssl.Handshaker.fatalSE(Handshaker.java:331)
	at sun.security.ssl.Handshaker.fatalSE(Handshaker.java:325)
	at sun.security.ssl.ClientHandshaker.serverCertificate(ClientHandshaker.java:1688)
	at sun.security.ssl.ClientHandshaker.processMessage(ClientHandshaker.java:226)
	at sun.security.ssl.Handshaker.processLoop(Handshaker.java:1082)
	at sun.security.ssl.Handshaker.process_record(Handshaker.java:1010)
	at sun.security.ssl.SSLSocketImpl.readRecord(SSLSocketImpl.java:1079)
	at sun.security.ssl.SSLSocketImpl.performInitialHandshake(SSLSocketImpl.java:1388)
	at sun.security.ssl.SSLSocketImpl.startHandshake(SSLSocketImpl.java:1416)
	at sun.security.ssl.SSLSocketImpl.startHandshake(SSLSocketImpl.java:1400)
	at org.apache.zookeeper.client.FourLetterWordMain.send4LetterWord(FourLetterWordMain.java:105)
	at org.apache.zookeeper.client.FourLetterWordMain.send4LetterWord(FourLetterWordMain.java:73)
	at org.apache.zookeeper.test.ClientBase.waitForServerUp(ClientBase.java:261)
	at org.apache.zookeeper.test.ClientBase.startServerInstance(ClientBase.java:401)
	at org.apache.zookeeper.test.ClientBase.startServer(ClientBase.java:516)
	at org.apache.zookeeper.test.ClientBase.setUpWithServerId(ClientBase.java:499)
	at org.apache.zookeeper.test.ClientBase.setUp(ClientBase.java:474)
	at org.apache.zookeeper.test.SaslDigestAuthOverSSLTest.setUp(SaslDigestAuthOverSSLTest.java:62)
	at sun.reflect.NativeMethodAccessorImpl.invoke0(Native Method)
	at sun.reflect.NativeMethodAccessorImpl.invoke(NativeMethodAccessorImpl.java:62)
	at sun.reflect.DelegatingMethodAccessorImpl.invoke(DelegatingMethodAccessorImpl.java:43)
	at java.lang.reflect.Method.invoke(Method.java:498)
	at org.junit.runners.model.FrameworkMethod$1.runReflectiveCall(FrameworkMethod.java:50)
	at org.junit.internal.runners.model.ReflectiveCallable.run(ReflectiveCallable.java:12)
	at org.junit.runners.model.FrameworkMethod.invokeExplosively(FrameworkMethod.java:47)
	at mockit.integration.junit4.JUnit4TestRunnerDecorator.invokeExplosively(JUnit4TestRunnerDecorator.java:49)
	at mockit.integration.junit4.FakeFrameworkMethod.invokeExplosively(FakeFrameworkMethod.java:29)
	at org.junit.runners.model.FrameworkMethod.invokeExplosively(FrameworkMethod.java)
	at org.junit.internal.runners.statements.RunBefores.evaluate(RunBefores.java:24)
	at org.junit.internal.runners.statements.RunAfters.evaluate(RunAfters.java:27)
	at org.junit.rules.TestWatcher$1.evaluate(TestWatcher.java:55)
	at org.junit.rules.RunRules.evaluate(RunRules.java:20)
	at org.junit.runners.ParentRunner.runLeaf(ParentRunner.java:325)
	at org.junit.runners.BlockJUnit4ClassRunner.runChild(BlockJUnit4ClassRunner.java:78)
	at org.junit.runners.BlockJUnit4ClassRunner.runChild(BlockJUnit4ClassRunner.java:57)
	at org.junit.runners.ParentRunner$3.run(ParentRunner.java:290)
	at org.junit.runners.ParentRunner$1.schedule(ParentRunner.java:71)
	at org.junit.runners.ParentRunner.runChildren(ParentRunner.java:288)
	at org.junit.runners.ParentRunner.access$000(ParentRunner.java:58)
	at org.junit.runners.ParentRunner$2.evaluate(ParentRunner.java:268)
	at org.junit.internal.runners.statements.RunBefores.evaluate(RunBefores.java:26)
	at org.junit.runners.ParentRunner.run(ParentRunner.java:363)
	at org.apache.maven.surefire.junit4.JUnit4Provider.execute(JUnit4Provider.java:365)
	at org.apache.maven.surefire.junit4.JUnit4Provider.executeWithRerun(JUnit4Provider.java:273)
	at org.apache.maven.surefire.junit4.JUnit4Provider.executeTestSet(JUnit4Provider.java:238)
	at org.apache.maven.surefire.junit4.JUnit4Provider.invoke(JUnit4Provider.java:159)
	at org.apache.maven.surefire.booter.ForkedBooter.invokeProviderInSameClassLoader(ForkedBooter.java:384)
	at org.apache.maven.surefire.booter.ForkedBooter.runSuitesInProcess(ForkedBooter.java:345)
	at org.apache.maven.surefire.booter.ForkedBooter.execute(ForkedBooter.java:126)
	at org.apache.maven.surefire.booter.ForkedBooter.main(ForkedBooter.java:418)
Caused by: java.security.cert.CertificateException: Failed to verify both host address and host name
	at org.apache.zookeeper.common.ZKTrustManager.performHostVerification(ZKTrustManager.java:163)
	at org.apache.zookeeper.common.ZKTrustManager.checkServerTrusted(ZKTrustManager.java:90)
	at sun.security.ssl.ClientHandshaker.serverCertificate(ClientHandshaker.java:1670)
	... 47 more
Caused by: javax.net.ssl.SSLPeerUnverifiedException: Certificate for <activate.navicat.com> doesn't match common name of the certificate subject: localhost
	at org.apache.zookeeper.common.ZKHostnameVerifier.matchCN(ZKHostnameVerifier.java:238)
	at org.apache.zookeeper.common.ZKHostnameVerifier.verify(ZKHostnameVerifier.java:184)
	at org.apache.zookeeper.common.ZKTrustManager.performHostVerification(ZKTrustManager.java:159)
	... 49 more
2020-06-22 14:22:40,499 [myid:] - ERROR [nioEventLoopGroup-4-11:NettyServerCnxnFactory$CertificateVerifier@434] - Unsuccessful handshake with session 0x0
2020-06-22 14:22:40,501 [myid:] - WARN  [nioEventLoopGroup-4-11:NettyServerCnxnFactory$CnxnChannelHandler@273] - Exception caught
io.netty.handler.codec.DecoderException: javax.net.ssl.SSLException: Received fatal alert: certificate_unknown
	at io.netty.handler.codec.ByteToMessageDecoder.callDecode(ByteToMessageDecoder.java:468)
	at io.netty.handler.codec.ByteToMessageDecoder.channelRead(ByteToMessageDecoder.java:276)
	at io.netty.channel.AbstractChannelHandlerContext.invokeChannelRead(AbstractChannelHandlerContext.java:379)
	at io.netty.channel.AbstractChannelHandlerContext.invokeChannelRead(AbstractChannelHandlerContext.java:365)
	at io.netty.channel.AbstractChannelHandlerContext.fireChannelRead(AbstractChannelHandlerContext.java:357)
	at io.netty.channel.DefaultChannelPipeline$HeadContext.channelRead(DefaultChannelPipeline.java:1410)
	at io.netty.channel.AbstractChannelHandlerContext.invokeChannelRead(AbstractChannelHandlerContext.java:379)
	at io.netty.channel.AbstractChannelHandlerContext.invokeChannelRead(AbstractChannelHandlerContext.java:365)
	at io.netty.channel.DefaultChannelPipeline.fireChannelRead(DefaultChannelPipeline.java:919)
	at io.netty.channel.nio.AbstractNioByteChannel$NioByteUnsafe.read(AbstractNioByteChannel.java:163)
	at io.netty.channel.nio.NioEventLoop.processSelectedKey(NioEventLoop.java:714)
	at io.netty.channel.nio.NioEventLoop.processSelectedKeysOptimized(NioEventLoop.java:650)
	at io.netty.channel.nio.NioEventLoop.processSelectedKeys(NioEventLoop.java:576)
	at io.netty.channel.nio.NioEventLoop.run(NioEventLoop.java:493)
	at io.netty.util.concurrent.SingleThreadEventExecutor$4.run(SingleThreadEventExecutor.java:989)
	at io.netty.util.internal.ThreadExecutorMap$2.run(ThreadExecutorMap.java:74)
	at io.netty.util.concurrent.FastThreadLocalRunnable.run(FastThreadLocalRunnable.java:30)
	at java.lang.Thread.run(Thread.java:748)
Caused by: javax.net.ssl.SSLException: Received fatal alert: certificate_unknown
	at sun.security.ssl.Alerts.getSSLException(Alerts.java:214)
	at sun.security.ssl.SSLEngineImpl.fatal(SSLEngineImpl.java:1667)
	at sun.security.ssl.SSLEngineImpl.fatal(SSLEngineImpl.java:1635)
	at sun.security.ssl.SSLEngineImpl.recvAlert(SSLEngineImpl.java:1801)
	at sun.security.ssl.SSLEngineImpl.readRecord(SSLEngineImpl.java:1090)
	at sun.security.ssl.SSLEngineImpl.readNetRecord(SSLEngineImpl.java:913)
	at sun.security.ssl.SSLEngineImpl.unwrap(SSLEngineImpl.java:783)
	at javax.net.ssl.SSLEngine.unwrap(SSLEngine.java:626)
	at io.netty.handler.ssl.SslHandler$SslEngineType$3.unwrap(SslHandler.java:281)
	at io.netty.handler.ssl.SslHandler.unwrap(SslHandler.java:1340)
	at io.netty.handler.ssl.SslHandler.decodeJdkCompatible(SslHandler.java:1235)
	at io.netty.handler.ssl.SslHandler.decode(SslHandler.java:1282)
	at io.netty.handler.codec.ByteToMessageDecoder.decodeRemovalReentryProtection(ByteToMessageDecoder.java:498)
	at io.netty.handler.codec.ByteToMessageDecoder.callDecode(ByteToMessageDecoder.java:437)
	... 17 more
2020-06-22 14:22:40,502 [myid:] - WARN  [nioEventLoopGroup-4-11:NettyServerCnxnFactory$CnxnChannelHandler@273] - Exception caught
io.netty.handler.codec.DecoderException: javax.net.ssl.SSLException: Received fatal alert: certificate_unknown
	at io.netty.handler.codec.ByteToMessageDecoder.callDecode(ByteToMessageDecoder.java:468)
	at io.netty.handler.codec.ByteToMessageDecoder.channelInputClosed(ByteToMessageDecoder.java:401)
	at io.netty.handler.codec.ByteToMessageDecoder.channelInputClosed(ByteToMessageDecoder.java:368)
	at io.netty.handler.codec.ByteToMessageDecoder.channelInactive(ByteToMessageDecoder.java:351)
	at io.netty.handler.ssl.SslHandler.channelInactive(SslHandler.java:1084)
	at io.netty.channel.AbstractChannelHandlerContext.invokeChannelInactive(AbstractChannelHandlerContext.java:262)
	at io.netty.channel.AbstractChannelHandlerContext.invokeChannelInactive(AbstractChannelHandlerContext.java:248)
	at io.netty.channel.AbstractChannelHandlerContext.fireChannelInactive(AbstractChannelHandlerContext.java:241)
	at io.netty.channel.DefaultChannelPipeline$HeadContext.channelInactive(DefaultChannelPipeline.java:1405)
	at io.netty.channel.AbstractChannelHandlerContext.invokeChannelInactive(AbstractChannelHandlerContext.java:262)
	at io.netty.channel.AbstractChannelHandlerContext.invokeChannelInactive(AbstractChannelHandlerContext.java:248)
	at io.netty.channel.DefaultChannelPipeline.fireChannelInactive(DefaultChannelPipeline.java:901)
	at io.netty.channel.AbstractChannel$AbstractUnsafe$8.run(AbstractChannel.java:818)
	at io.netty.util.concurrent.AbstractEventExecutor.safeExecute(AbstractEventExecutor.java:164)
	at io.netty.util.concurrent.SingleThreadEventExecutor.runAllTasks(SingleThreadEventExecutor.java:472)
	at io.netty.channel.nio.NioEventLoop.run(NioEventLoop.java:497)
	at io.netty.util.concurrent.SingleThreadEventExecutor$4.run(SingleThreadEventExecutor.java:989)
	at io.netty.util.internal.ThreadExecutorMap$2.run(ThreadExecutorMap.java:74)
	at io.netty.util.concurrent.FastThreadLocalRunnable.run(FastThreadLocalRunnable.java:30)
	at java.lang.Thread.run(Thread.java:748)
Caused by: javax.net.ssl.SSLException: Received fatal alert: certificate_unknown
	at sun.security.ssl.Alerts.getSSLException(Alerts.java:214)
	at sun.security.ssl.SSLEngineImpl.fatal(SSLEngineImpl.java:1667)
	at sun.security.ssl.SSLEngineImpl.fatal(SSLEngineImpl.java:1635)
	at sun.security.ssl.SSLEngineImpl.recvAlert(SSLEngineImpl.java:1801)
	at sun.security.ssl.SSLEngineImpl.readRecord(SSLEngineImpl.java:1090)
	at sun.security.ssl.SSLEngineImpl.readNetRecord(SSLEngineImpl.java:913)
	at sun.security.ssl.SSLEngineImpl.unwrap(SSLEngineImpl.java:783)
	at javax.net.ssl.SSLEngine.unwrap(SSLEngine.java:626)
	at io.netty.handler.ssl.SslHandler$SslEngineType$3.unwrap(SslHandler.java:281)
	at io.netty.handler.ssl.SslHandler.unwrap(SslHandler.java:1340)
	at io.netty.handler.ssl.SslHandler.decodeJdkCompatible(SslHandler.java:1235)
	at io.netty.handler.ssl.SslHandler.decode(SslHandler.java:1282)
	at io.netty.handler.codec.ByteToMessageDecoder.decodeRemovalReentryProtection(ByteToMessageDecoder.java:498)
	at io.netty.handler.codec.ByteToMessageDecoder.callDecode(ByteToMessageDecoder.java:437)
	... 19 more
2020-06-22 14:22:40,751 [myid:] - INFO  [main:FourLetterWordMain@93] - connecting to 127.0.0.1 21995
2020-06-22 14:22:40,751 [myid:] - INFO  [main:FourLetterWordMain@99] - using secure socket
2020-06-22 14:22:40,760 [myid:] - ERROR [main:ZKTrustManager@161] - Failed to verify host address: 127.0.0.1
javax.net.ssl.SSLPeerUnverifiedException: Certificate for <127.0.0.1> doesn't match common name of the certificate subject: localhost
	at org.apache.zookeeper.common.ZKHostnameVerifier.matchCN(ZKHostnameVerifier.java:238)
	at org.apache.zookeeper.common.ZKHostnameVerifier.verify(ZKHostnameVerifier.java:184)
	at org.apache.zookeeper.common.ZKTrustManager.performHostVerification(ZKTrustManager.java:151)
	at org.apache.zookeeper.common.ZKTrustManager.checkServerTrusted(ZKTrustManager.java:90)
	at sun.security.ssl.ClientHandshaker.serverCertificate(ClientHandshaker.java:1670)
	at sun.security.ssl.ClientHandshaker.processMessage(ClientHandshaker.java:226)
	at sun.security.ssl.Handshaker.processLoop(Handshaker.java:1082)
	at sun.security.ssl.Handshaker.process_record(Handshaker.java:1010)
	at sun.security.ssl.SSLSocketImpl.readRecord(SSLSocketImpl.java:1079)
	at sun.security.ssl.SSLSocketImpl.performInitialHandshake(SSLSocketImpl.java:1388)
	at sun.security.ssl.SSLSocketImpl.startHandshake(SSLSocketImpl.java:1416)
	at sun.security.ssl.SSLSocketImpl.startHandshake(SSLSocketImpl.java:1400)
	at org.apache.zookeeper.client.FourLetterWordMain.send4LetterWord(FourLetterWordMain.java:105)
	at org.apache.zookeeper.client.FourLetterWordMain.send4LetterWord(FourLetterWordMain.java:73)
	at org.apache.zookeeper.test.ClientBase.waitForServerUp(ClientBase.java:261)
	at org.apache.zookeeper.test.ClientBase.startServerInstance(ClientBase.java:401)
	at org.apache.zookeeper.test.ClientBase.startServer(ClientBase.java:516)
	at org.apache.zookeeper.test.ClientBase.setUpWithServerId(ClientBase.java:499)
	at org.apache.zookeeper.test.ClientBase.setUp(ClientBase.java:474)
	at org.apache.zookeeper.test.SaslDigestAuthOverSSLTest.setUp(SaslDigestAuthOverSSLTest.java:62)
	at sun.reflect.NativeMethodAccessorImpl.invoke0(Native Method)
	at sun.reflect.NativeMethodAccessorImpl.invoke(NativeMethodAccessorImpl.java:62)
	at sun.reflect.DelegatingMethodAccessorImpl.invoke(DelegatingMethodAccessorImpl.java:43)
	at java.lang.reflect.Method.invoke(Method.java:498)
	at org.junit.runners.model.FrameworkMethod$1.runReflectiveCall(FrameworkMethod.java:50)
	at org.junit.internal.runners.model.ReflectiveCallable.run(ReflectiveCallable.java:12)
	at org.junit.runners.model.FrameworkMethod.invokeExplosively(FrameworkMethod.java:47)
	at mockit.integration.junit4.JUnit4TestRunnerDecorator.invokeExplosively(JUnit4TestRunnerDecorator.java:49)
	at mockit.integration.junit4.FakeFrameworkMethod.invokeExplosively(FakeFrameworkMethod.java:29)
	at org.junit.runners.model.FrameworkMethod.invokeExplosively(FrameworkMethod.java)
	at org.junit.internal.runners.statements.RunBefores.evaluate(RunBefores.java:24)
	at org.junit.internal.runners.statements.RunAfters.evaluate(RunAfters.java:27)
	at org.junit.rules.TestWatcher$1.evaluate(TestWatcher.java:55)
	at org.junit.rules.RunRules.evaluate(RunRules.java:20)
	at org.junit.runners.ParentRunner.runLeaf(ParentRunner.java:325)
	at org.junit.runners.BlockJUnit4ClassRunner.runChild(BlockJUnit4ClassRunner.java:78)
	at org.junit.runners.BlockJUnit4ClassRunner.runChild(BlockJUnit4ClassRunner.java:57)
	at org.junit.runners.ParentRunner$3.run(ParentRunner.java:290)
	at org.junit.runners.ParentRunner$1.schedule(ParentRunner.java:71)
	at org.junit.runners.ParentRunner.runChildren(ParentRunner.java:288)
	at org.junit.runners.ParentRunner.access$000(ParentRunner.java:58)
	at org.junit.runners.ParentRunner$2.evaluate(ParentRunner.java:268)
	at org.junit.internal.runners.statements.RunBefores.evaluate(RunBefores.java:26)
	at org.junit.runners.ParentRunner.run(ParentRunner.java:363)
	at org.apache.maven.surefire.junit4.JUnit4Provider.execute(JUnit4Provider.java:365)
	at org.apache.maven.surefire.junit4.JUnit4Provider.executeWithRerun(JUnit4Provider.java:273)
	at org.apache.maven.surefire.junit4.JUnit4Provider.executeTestSet(JUnit4Provider.java:238)
	at org.apache.maven.surefire.junit4.JUnit4Provider.invoke(JUnit4Provider.java:159)
	at org.apache.maven.surefire.booter.ForkedBooter.invokeProviderInSameClassLoader(ForkedBooter.java:384)
	at org.apache.maven.surefire.booter.ForkedBooter.runSuitesInProcess(ForkedBooter.java:345)
	at org.apache.maven.surefire.booter.ForkedBooter.execute(ForkedBooter.java:126)
	at org.apache.maven.surefire.booter.ForkedBooter.main(ForkedBooter.java:418)
2020-06-22 14:22:40,760 [myid:] - ERROR [main:ZKTrustManager@162] - Failed to verify hostname: activate.navicat.com
javax.net.ssl.SSLPeerUnverifiedException: Certificate for <activate.navicat.com> doesn't match common name of the certificate subject: localhost
	at org.apache.zookeeper.common.ZKHostnameVerifier.matchCN(ZKHostnameVerifier.java:238)
	at org.apache.zookeeper.common.ZKHostnameVerifier.verify(ZKHostnameVerifier.java:184)
	at org.apache.zookeeper.common.ZKTrustManager.performHostVerification(ZKTrustManager.java:159)
	at org.apache.zookeeper.common.ZKTrustManager.checkServerTrusted(ZKTrustManager.java:90)
	at sun.security.ssl.ClientHandshaker.serverCertificate(ClientHandshaker.java:1670)
	at sun.security.ssl.ClientHandshaker.processMessage(ClientHandshaker.java:226)
	at sun.security.ssl.Handshaker.processLoop(Handshaker.java:1082)
	at sun.security.ssl.Handshaker.process_record(Handshaker.java:1010)
	at sun.security.ssl.SSLSocketImpl.readRecord(SSLSocketImpl.java:1079)
	at sun.security.ssl.SSLSocketImpl.performInitialHandshake(SSLSocketImpl.java:1388)
	at sun.security.ssl.SSLSocketImpl.startHandshake(SSLSocketImpl.java:1416)
	at sun.security.ssl.SSLSocketImpl.startHandshake(SSLSocketImpl.java:1400)
	at org.apache.zookeeper.client.FourLetterWordMain.send4LetterWord(FourLetterWordMain.java:105)
	at org.apache.zookeeper.client.FourLetterWordMain.send4LetterWord(FourLetterWordMain.java:73)
	at org.apache.zookeeper.test.ClientBase.waitForServerUp(ClientBase.java:261)
	at org.apache.zookeeper.test.ClientBase.startServerInstance(ClientBase.java:401)
	at org.apache.zookeeper.test.ClientBase.startServer(ClientBase.java:516)
	at org.apache.zookeeper.test.ClientBase.setUpWithServerId(ClientBase.java:499)
	at org.apache.zookeeper.test.ClientBase.setUp(ClientBase.java:474)
	at org.apache.zookeeper.test.SaslDigestAuthOverSSLTest.setUp(SaslDigestAuthOverSSLTest.java:62)
	at sun.reflect.NativeMethodAccessorImpl.invoke0(Native Method)
	at sun.reflect.NativeMethodAccessorImpl.invoke(NativeMethodAccessorImpl.java:62)
	at sun.reflect.DelegatingMethodAccessorImpl.invoke(DelegatingMethodAccessorImpl.java:43)
	at java.lang.reflect.Method.invoke(Method.java:498)
	at org.junit.runners.model.FrameworkMethod$1.runReflectiveCall(FrameworkMethod.java:50)
	at org.junit.internal.runners.model.ReflectiveCallable.run(ReflectiveCallable.java:12)
	at org.junit.runners.model.FrameworkMethod.invokeExplosively(FrameworkMethod.java:47)
	at mockit.integration.junit4.JUnit4TestRunnerDecorator.invokeExplosively(JUnit4TestRunnerDecorator.java:49)
	at mockit.integration.junit4.FakeFrameworkMethod.invokeExplosively(FakeFrameworkMethod.java:29)
	at org.junit.runners.model.FrameworkMethod.invokeExplosively(FrameworkMethod.java)
	at org.junit.internal.runners.statements.RunBefores.evaluate(RunBefores.java:24)
	at org.junit.internal.runners.statements.RunAfters.evaluate(RunAfters.java:27)
	at org.junit.rules.TestWatcher$1.evaluate(TestWatcher.java:55)
	at org.junit.rules.RunRules.evaluate(RunRules.java:20)
	at org.junit.runners.ParentRunner.runLeaf(ParentRunner.java:325)
	at org.junit.runners.BlockJUnit4ClassRunner.runChild(BlockJUnit4ClassRunner.java:78)
	at org.junit.runners.BlockJUnit4ClassRunner.runChild(BlockJUnit4ClassRunner.java:57)
	at org.junit.runners.ParentRunner$3.run(ParentRunner.java:290)
	at org.junit.runners.ParentRunner$1.schedule(ParentRunner.java:71)
	at org.junit.runners.ParentRunner.runChildren(ParentRunner.java:288)
	at org.junit.runners.ParentRunner.access$000(ParentRunner.java:58)
	at org.junit.runners.ParentRunner$2.evaluate(ParentRunner.java:268)
	at org.junit.internal.runners.statements.RunBefores.evaluate(RunBefores.java:26)
	at org.junit.runners.ParentRunner.run(ParentRunner.java:363)
	at org.apache.maven.surefire.junit4.JUnit4Provider.execute(JUnit4Provider.java:365)
	at org.apache.maven.surefire.junit4.JUnit4Provider.executeWithRerun(JUnit4Provider.java:273)
	at org.apache.maven.surefire.junit4.JUnit4Provider.executeTestSet(JUnit4Provider.java:238)
	at org.apache.maven.surefire.junit4.JUnit4Provider.invoke(JUnit4Provider.java:159)
	at org.apache.maven.surefire.booter.ForkedBooter.invokeProviderInSameClassLoader(ForkedBooter.java:384)
	at org.apache.maven.surefire.booter.ForkedBooter.runSuitesInProcess(ForkedBooter.java:345)
	at org.apache.maven.surefire.booter.ForkedBooter.execute(ForkedBooter.java:126)
	at org.apache.maven.surefire.booter.ForkedBooter.main(ForkedBooter.java:418)
2020-06-22 14:22:40,761 [myid:] - INFO  [main:ClientBase@270] - server 127.0.0.1:21995 not up
javax.net.ssl.SSLHandshakeException: java.security.cert.CertificateException: Failed to verify both host address and host name
	at sun.security.ssl.Alerts.getSSLException(Alerts.java:198)
	at sun.security.ssl.SSLSocketImpl.fatal(SSLSocketImpl.java:1967)
	at sun.security.ssl.Handshaker.fatalSE(Handshaker.java:331)
	at sun.security.ssl.Handshaker.fatalSE(Handshaker.java:325)
	at sun.security.ssl.ClientHandshaker.serverCertificate(ClientHandshaker.java:1688)
	at sun.security.ssl.ClientHandshaker.processMessage(ClientHandshaker.java:226)
	at sun.security.ssl.Handshaker.processLoop(Handshaker.java:1082)
	at sun.security.ssl.Handshaker.process_record(Handshaker.java:1010)
	at sun.security.ssl.SSLSocketImpl.readRecord(SSLSocketImpl.java:1079)
	at sun.security.ssl.SSLSocketImpl.performInitialHandshake(SSLSocketImpl.java:1388)
	at sun.security.ssl.SSLSocketImpl.startHandshake(SSLSocketImpl.java:1416)
	at sun.security.ssl.SSLSocketImpl.startHandshake(SSLSocketImpl.java:1400)
	at org.apache.zookeeper.client.FourLetterWordMain.send4LetterWord(FourLetterWordMain.java:105)
	at org.apache.zookeeper.client.FourLetterWordMain.send4LetterWord(FourLetterWordMain.java:73)
	at org.apache.zookeeper.test.ClientBase.waitForServerUp(ClientBase.java:261)
	at org.apache.zookeeper.test.ClientBase.startServerInstance(ClientBase.java:401)
	at org.apache.zookeeper.test.ClientBase.startServer(ClientBase.java:516)
	at org.apache.zookeeper.test.ClientBase.setUpWithServerId(ClientBase.java:499)
	at org.apache.zookeeper.test.ClientBase.setUp(ClientBase.java:474)
	at org.apache.zookeeper.test.SaslDigestAuthOverSSLTest.setUp(SaslDigestAuthOverSSLTest.java:62)
	at sun.reflect.NativeMethodAccessorImpl.invoke0(Native Method)
	at sun.reflect.NativeMethodAccessorImpl.invoke(NativeMethodAccessorImpl.java:62)
	at sun.reflect.DelegatingMethodAccessorImpl.invoke(DelegatingMethodAccessorImpl.java:43)
	at java.lang.reflect.Method.invoke(Method.java:498)
	at org.junit.runners.model.FrameworkMethod$1.runReflectiveCall(FrameworkMethod.java:50)
	at org.junit.internal.runners.model.ReflectiveCallable.run(ReflectiveCallable.java:12)
	at org.junit.runners.model.FrameworkMethod.invokeExplosively(FrameworkMethod.java:47)
	at mockit.integration.junit4.JUnit4TestRunnerDecorator.invokeExplosively(JUnit4TestRunnerDecorator.java:49)
	at mockit.integration.junit4.FakeFrameworkMethod.invokeExplosively(FakeFrameworkMethod.java:29)
	at org.junit.runners.model.FrameworkMethod.invokeExplosively(FrameworkMethod.java)
	at org.junit.internal.runners.statements.RunBefores.evaluate(RunBefores.java:24)
	at org.junit.internal.runners.statements.RunAfters.evaluate(RunAfters.java:27)
	at org.junit.rules.TestWatcher$1.evaluate(TestWatcher.java:55)
	at org.junit.rules.RunRules.evaluate(RunRules.java:20)
	at org.junit.runners.ParentRunner.runLeaf(ParentRunner.java:325)
	at org.junit.runners.BlockJUnit4ClassRunner.runChild(BlockJUnit4ClassRunner.java:78)
	at org.junit.runners.BlockJUnit4ClassRunner.runChild(BlockJUnit4ClassRunner.java:57)
	at org.junit.runners.ParentRunner$3.run(ParentRunner.java:290)
	at org.junit.runners.ParentRunner$1.schedule(ParentRunner.java:71)
	at org.junit.runners.ParentRunner.runChildren(ParentRunner.java:288)
	at org.junit.runners.ParentRunner.access$000(ParentRunner.java:58)
	at org.junit.runners.ParentRunner$2.evaluate(ParentRunner.java:268)
	at org.junit.internal.runners.statements.RunBefores.evaluate(RunBefores.java:26)
	at org.junit.runners.ParentRunner.run(ParentRunner.java:363)
	at org.apache.maven.surefire.junit4.JUnit4Provider.execute(JUnit4Provider.java:365)
	at org.apache.maven.surefire.junit4.JUnit4Provider.executeWithRerun(JUnit4Provider.java:273)
	at org.apache.maven.surefire.junit4.JUnit4Provider.executeTestSet(JUnit4Provider.java:238)
	at org.apache.maven.surefire.junit4.JUnit4Provider.invoke(JUnit4Provider.java:159)
	at org.apache.maven.surefire.booter.ForkedBooter.invokeProviderInSameClassLoader(ForkedBooter.java:384)
	at org.apache.maven.surefire.booter.ForkedBooter.runSuitesInProcess(ForkedBooter.java:345)
	at org.apache.maven.surefire.booter.ForkedBooter.execute(ForkedBooter.java:126)
	at org.apache.maven.surefire.booter.ForkedBooter.main(ForkedBooter.java:418)
Caused by: java.security.cert.CertificateException: Failed to verify both host address and host name
	at org.apache.zookeeper.common.ZKTrustManager.performHostVerification(ZKTrustManager.java:163)
	at org.apache.zookeeper.common.ZKTrustManager.checkServerTrusted(ZKTrustManager.java:90)
	at sun.security.ssl.ClientHandshaker.serverCertificate(ClientHandshaker.java:1670)
	... 47 more
Caused by: javax.net.ssl.SSLPeerUnverifiedException: Certificate for <activate.navicat.com> doesn't match common name of the certificate subject: localhost
	at org.apache.zookeeper.common.ZKHostnameVerifier.matchCN(ZKHostnameVerifier.java:238)
	at org.apache.zookeeper.common.ZKHostnameVerifier.verify(ZKHostnameVerifier.java:184)
	at org.apache.zookeeper.common.ZKTrustManager.performHostVerification(ZKTrustManager.java:159)
	... 49 more
2020-06-22 14:22:40,761 [myid:] - ERROR [nioEventLoopGroup-4-12:NettyServerCnxnFactory$CertificateVerifier@434] - Unsuccessful handshake with session 0x0
2020-06-22 14:22:40,762 [myid:] - WARN  [nioEventLoopGroup-4-12:NettyServerCnxnFactory$CnxnChannelHandler@273] - Exception caught
io.netty.handler.codec.DecoderException: javax.net.ssl.SSLException: Received fatal alert: certificate_unknown
	at io.netty.handler.codec.ByteToMessageDecoder.callDecode(ByteToMessageDecoder.java:468)
	at io.netty.handler.codec.ByteToMessageDecoder.channelRead(ByteToMessageDecoder.java:276)
	at io.netty.channel.AbstractChannelHandlerContext.invokeChannelRead(AbstractChannelHandlerContext.java:379)
	at io.netty.channel.AbstractChannelHandlerContext.invokeChannelRead(AbstractChannelHandlerContext.java:365)
	at io.netty.channel.AbstractChannelHandlerContext.fireChannelRead(AbstractChannelHandlerContext.java:357)
	at io.netty.channel.DefaultChannelPipeline$HeadContext.channelRead(DefaultChannelPipeline.java:1410)
	at io.netty.channel.AbstractChannelHandlerContext.invokeChannelRead(AbstractChannelHandlerContext.java:379)
	at io.netty.channel.AbstractChannelHandlerContext.invokeChannelRead(AbstractChannelHandlerContext.java:365)
	at io.netty.channel.DefaultChannelPipeline.fireChannelRead(DefaultChannelPipeline.java:919)
	at io.netty.channel.nio.AbstractNioByteChannel$NioByteUnsafe.read(AbstractNioByteChannel.java:163)
	at io.netty.channel.nio.NioEventLoop.processSelectedKey(NioEventLoop.java:714)
	at io.netty.channel.nio.NioEventLoop.processSelectedKeysOptimized(NioEventLoop.java:650)
	at io.netty.channel.nio.NioEventLoop.processSelectedKeys(NioEventLoop.java:576)
	at io.netty.channel.nio.NioEventLoop.run(NioEventLoop.java:493)
	at io.netty.util.concurrent.SingleThreadEventExecutor$4.run(SingleThreadEventExecutor.java:989)
	at io.netty.util.internal.ThreadExecutorMap$2.run(ThreadExecutorMap.java:74)
	at io.netty.util.concurrent.FastThreadLocalRunnable.run(FastThreadLocalRunnable.java:30)
	at java.lang.Thread.run(Thread.java:748)
Caused by: javax.net.ssl.SSLException: Received fatal alert: certificate_unknown
	at sun.security.ssl.Alerts.getSSLException(Alerts.java:214)
	at sun.security.ssl.SSLEngineImpl.fatal(SSLEngineImpl.java:1667)
	at sun.security.ssl.SSLEngineImpl.fatal(SSLEngineImpl.java:1635)
	at sun.security.ssl.SSLEngineImpl.recvAlert(SSLEngineImpl.java:1801)
	at sun.security.ssl.SSLEngineImpl.readRecord(SSLEngineImpl.java:1090)
	at sun.security.ssl.SSLEngineImpl.readNetRecord(SSLEngineImpl.java:913)
	at sun.security.ssl.SSLEngineImpl.unwrap(SSLEngineImpl.java:783)
	at javax.net.ssl.SSLEngine.unwrap(SSLEngine.java:626)
	at io.netty.handler.ssl.SslHandler$SslEngineType$3.unwrap(SslHandler.java:281)
	at io.netty.handler.ssl.SslHandler.unwrap(SslHandler.java:1340)
	at io.netty.handler.ssl.SslHandler.decodeJdkCompatible(SslHandler.java:1235)
	at io.netty.handler.ssl.SslHandler.decode(SslHandler.java:1282)
	at io.netty.handler.codec.ByteToMessageDecoder.decodeRemovalReentryProtection(ByteToMessageDecoder.java:498)
	at io.netty.handler.codec.ByteToMessageDecoder.callDecode(ByteToMessageDecoder.java:437)
	... 17 more
2020-06-22 14:22:40,763 [myid:] - WARN  [nioEventLoopGroup-4-12:NettyServerCnxnFactory$CnxnChannelHandler@273] - Exception caught
io.netty.handler.codec.DecoderException: javax.net.ssl.SSLException: Received fatal alert: certificate_unknown
	at io.netty.handler.codec.ByteToMessageDecoder.callDecode(ByteToMessageDecoder.java:468)
	at io.netty.handler.codec.ByteToMessageDecoder.channelInputClosed(ByteToMessageDecoder.java:401)
	at io.netty.handler.codec.ByteToMessageDecoder.channelInputClosed(ByteToMessageDecoder.java:368)
	at io.netty.handler.codec.ByteToMessageDecoder.channelInactive(ByteToMessageDecoder.java:351)
	at io.netty.handler.ssl.SslHandler.channelInactive(SslHandler.java:1084)
	at io.netty.channel.AbstractChannelHandlerContext.invokeChannelInactive(AbstractChannelHandlerContext.java:262)
	at io.netty.channel.AbstractChannelHandlerContext.invokeChannelInactive(AbstractChannelHandlerContext.java:248)
	at io.netty.channel.AbstractChannelHandlerContext.fireChannelInactive(AbstractChannelHandlerContext.java:241)
	at io.netty.channel.DefaultChannelPipeline$HeadContext.channelInactive(DefaultChannelPipeline.java:1405)
	at io.netty.channel.AbstractChannelHandlerContext.invokeChannelInactive(AbstractChannelHandlerContext.java:262)
	at io.netty.channel.AbstractChannelHandlerContext.invokeChannelInactive(AbstractChannelHandlerContext.java:248)
	at io.netty.channel.DefaultChannelPipeline.fireChannelInactive(DefaultChannelPipeline.java:901)
	at io.netty.channel.AbstractChannel$AbstractUnsafe$8.run(AbstractChannel.java:818)
	at io.netty.util.concurrent.AbstractEventExecutor.safeExecute(AbstractEventExecutor.java:164)
	at io.netty.util.concurrent.SingleThreadEventExecutor.runAllTasks(SingleThreadEventExecutor.java:472)
	at io.netty.channel.nio.NioEventLoop.run(NioEventLoop.java:497)
	at io.netty.util.concurrent.SingleThreadEventExecutor$4.run(SingleThreadEventExecutor.java:989)
	at io.netty.util.internal.ThreadExecutorMap$2.run(ThreadExecutorMap.java:74)
	at io.netty.util.concurrent.FastThreadLocalRunnable.run(FastThreadLocalRunnable.java:30)
	at java.lang.Thread.run(Thread.java:748)
Caused by: javax.net.ssl.SSLException: Received fatal alert: certificate_unknown
	at sun.security.ssl.Alerts.getSSLException(Alerts.java:214)
	at sun.security.ssl.SSLEngineImpl.fatal(SSLEngineImpl.java:1667)
	at sun.security.ssl.SSLEngineImpl.fatal(SSLEngineImpl.java:1635)
	at sun.security.ssl.SSLEngineImpl.recvAlert(SSLEngineImpl.java:1801)
	at sun.security.ssl.SSLEngineImpl.readRecord(SSLEngineImpl.java:1090)
	at sun.security.ssl.SSLEngineImpl.readNetRecord(SSLEngineImpl.java:913)
	at sun.security.ssl.SSLEngineImpl.unwrap(SSLEngineImpl.java:783)
	at javax.net.ssl.SSLEngine.unwrap(SSLEngine.java:626)
	at io.netty.handler.ssl.SslHandler$SslEngineType$3.unwrap(SslHandler.java:281)
	at io.netty.handler.ssl.SslHandler.unwrap(SslHandler.java:1340)
	at io.netty.handler.ssl.SslHandler.decodeJdkCompatible(SslHandler.java:1235)
	at io.netty.handler.ssl.SslHandler.decode(SslHandler.java:1282)
	at io.netty.handler.codec.ByteToMessageDecoder.decodeRemovalReentryProtection(ByteToMessageDecoder.java:498)
	at io.netty.handler.codec.ByteToMessageDecoder.callDecode(ByteToMessageDecoder.java:437)
	... 19 more
2020-06-22 14:22:41,012 [myid:] - INFO  [main:FourLetterWordMain@93] - connecting to 127.0.0.1 21995
2020-06-22 14:22:41,012 [myid:] - INFO  [main:FourLetterWordMain@99] - using secure socket
2020-06-22 14:22:41,026 [myid:] - ERROR [main:ZKTrustManager@161] - Failed to verify host address: 127.0.0.1
javax.net.ssl.SSLPeerUnverifiedException: Certificate for <127.0.0.1> doesn't match common name of the certificate subject: localhost
	at org.apache.zookeeper.common.ZKHostnameVerifier.matchCN(ZKHostnameVerifier.java:238)
	at org.apache.zookeeper.common.ZKHostnameVerifier.verify(ZKHostnameVerifier.java:184)
	at org.apache.zookeeper.common.ZKTrustManager.performHostVerification(ZKTrustManager.java:151)
	at org.apache.zookeeper.common.ZKTrustManager.checkServerTrusted(ZKTrustManager.java:90)
	at sun.security.ssl.ClientHandshaker.serverCertificate(ClientHandshaker.java:1670)
	at sun.security.ssl.ClientHandshaker.processMessage(ClientHandshaker.java:226)
	at sun.security.ssl.Handshaker.processLoop(Handshaker.java:1082)
	at sun.security.ssl.Handshaker.process_record(Handshaker.java:1010)
	at sun.security.ssl.SSLSocketImpl.readRecord(SSLSocketImpl.java:1079)
	at sun.security.ssl.SSLSocketImpl.performInitialHandshake(SSLSocketImpl.java:1388)
	at sun.security.ssl.SSLSocketImpl.startHandshake(SSLSocketImpl.java:1416)
	at sun.security.ssl.SSLSocketImpl.startHandshake(SSLSocketImpl.java:1400)
	at org.apache.zookeeper.client.FourLetterWordMain.send4LetterWord(FourLetterWordMain.java:105)
	at org.apache.zookeeper.client.FourLetterWordMain.send4LetterWord(FourLetterWordMain.java:73)
	at org.apache.zookeeper.test.ClientBase.waitForServerUp(ClientBase.java:261)
	at org.apache.zookeeper.test.ClientBase.startServerInstance(ClientBase.java:401)
	at org.apache.zookeeper.test.ClientBase.startServer(ClientBase.java:516)
	at org.apache.zookeeper.test.ClientBase.setUpWithServerId(ClientBase.java:499)
	at org.apache.zookeeper.test.ClientBase.setUp(ClientBase.java:474)
	at org.apache.zookeeper.test.SaslDigestAuthOverSSLTest.setUp(SaslDigestAuthOverSSLTest.java:62)
	at sun.reflect.NativeMethodAccessorImpl.invoke0(Native Method)
	at sun.reflect.NativeMethodAccessorImpl.invoke(NativeMethodAccessorImpl.java:62)
	at sun.reflect.DelegatingMethodAccessorImpl.invoke(DelegatingMethodAccessorImpl.java:43)
	at java.lang.reflect.Method.invoke(Method.java:498)
	at org.junit.runners.model.FrameworkMethod$1.runReflectiveCall(FrameworkMethod.java:50)
	at org.junit.internal.runners.model.ReflectiveCallable.run(ReflectiveCallable.java:12)
	at org.junit.runners.model.FrameworkMethod.invokeExplosively(FrameworkMethod.java:47)
	at mockit.integration.junit4.JUnit4TestRunnerDecorator.invokeExplosively(JUnit4TestRunnerDecorator.java:49)
	at mockit.integration.junit4.FakeFrameworkMethod.invokeExplosively(FakeFrameworkMethod.java:29)
	at org.junit.runners.model.FrameworkMethod.invokeExplosively(FrameworkMethod.java)
	at org.junit.internal.runners.statements.RunBefores.evaluate(RunBefores.java:24)
	at org.junit.internal.runners.statements.RunAfters.evaluate(RunAfters.java:27)
	at org.junit.rules.TestWatcher$1.evaluate(TestWatcher.java:55)
	at org.junit.rules.RunRules.evaluate(RunRules.java:20)
	at org.junit.runners.ParentRunner.runLeaf(ParentRunner.java:325)
	at org.junit.runners.BlockJUnit4ClassRunner.runChild(BlockJUnit4ClassRunner.java:78)
	at org.junit.runners.BlockJUnit4ClassRunner.runChild(BlockJUnit4ClassRunner.java:57)
	at org.junit.runners.ParentRunner$3.run(ParentRunner.java:290)
	at org.junit.runners.ParentRunner$1.schedule(ParentRunner.java:71)
	at org.junit.runners.ParentRunner.runChildren(ParentRunner.java:288)
	at org.junit.runners.ParentRunner.access$000(ParentRunner.java:58)
	at org.junit.runners.ParentRunner$2.evaluate(ParentRunner.java:268)
	at org.junit.internal.runners.statements.RunBefores.evaluate(RunBefores.java:26)
	at org.junit.runners.ParentRunner.run(ParentRunner.java:363)
	at org.apache.maven.surefire.junit4.JUnit4Provider.execute(JUnit4Provider.java:365)
	at org.apache.maven.surefire.junit4.JUnit4Provider.executeWithRerun(JUnit4Provider.java:273)
	at org.apache.maven.surefire.junit4.JUnit4Provider.executeTestSet(JUnit4Provider.java:238)
	at org.apache.maven.surefire.junit4.JUnit4Provider.invoke(JUnit4Provider.java:159)
	at org.apache.maven.surefire.booter.ForkedBooter.invokeProviderInSameClassLoader(ForkedBooter.java:384)
	at org.apache.maven.surefire.booter.ForkedBooter.runSuitesInProcess(ForkedBooter.java:345)
	at org.apache.maven.surefire.booter.ForkedBooter.execute(ForkedBooter.java:126)
	at org.apache.maven.surefire.booter.ForkedBooter.main(ForkedBooter.java:418)
2020-06-22 14:22:41,027 [myid:] - ERROR [main:ZKTrustManager@162] - Failed to verify hostname: activate.navicat.com
javax.net.ssl.SSLPeerUnverifiedException: Certificate for <activate.navicat.com> doesn't match common name of the certificate subject: localhost
	at org.apache.zookeeper.common.ZKHostnameVerifier.matchCN(ZKHostnameVerifier.java:238)
	at org.apache.zookeeper.common.ZKHostnameVerifier.verify(ZKHostnameVerifier.java:184)
	at org.apache.zookeeper.common.ZKTrustManager.performHostVerification(ZKTrustManager.java:159)
	at org.apache.zookeeper.common.ZKTrustManager.checkServerTrusted(ZKTrustManager.java:90)
	at sun.security.ssl.ClientHandshaker.serverCertificate(ClientHandshaker.java:1670)
	at sun.security.ssl.ClientHandshaker.processMessage(ClientHandshaker.java:226)
	at sun.security.ssl.Handshaker.processLoop(Handshaker.java:1082)
	at sun.security.ssl.Handshaker.process_record(Handshaker.java:1010)
	at sun.security.ssl.SSLSocketImpl.readRecord(SSLSocketImpl.java:1079)
	at sun.security.ssl.SSLSocketImpl.performInitialHandshake(SSLSocketImpl.java:1388)
	at sun.security.ssl.SSLSocketImpl.startHandshake(SSLSocketImpl.java:1416)
	at sun.security.ssl.SSLSocketImpl.startHandshake(SSLSocketImpl.java:1400)
	at org.apache.zookeeper.client.FourLetterWordMain.send4LetterWord(FourLetterWordMain.java:105)
	at org.apache.zookeeper.client.FourLetterWordMain.send4LetterWord(FourLetterWordMain.java:73)
	at org.apache.zookeeper.test.ClientBase.waitForServerUp(ClientBase.java:261)
	at org.apache.zookeeper.test.ClientBase.startServerInstance(ClientBase.java:401)
	at org.apache.zookeeper.test.ClientBase.startServer(ClientBase.java:516)
	at org.apache.zookeeper.test.ClientBase.setUpWithServerId(ClientBase.java:499)
	at org.apache.zookeeper.test.ClientBase.setUp(ClientBase.java:474)
	at org.apache.zookeeper.test.SaslDigestAuthOverSSLTest.setUp(SaslDigestAuthOverSSLTest.java:62)
	at sun.reflect.NativeMethodAccessorImpl.invoke0(Native Method)
	at sun.reflect.NativeMethodAccessorImpl.invoke(NativeMethodAccessorImpl.java:62)
	at sun.reflect.DelegatingMethodAccessorImpl.invoke(DelegatingMethodAccessorImpl.java:43)
	at java.lang.reflect.Method.invoke(Method.java:498)
	at org.junit.runners.model.FrameworkMethod$1.runReflectiveCall(FrameworkMethod.java:50)
	at org.junit.internal.runners.model.ReflectiveCallable.run(ReflectiveCallable.java:12)
	at org.junit.runners.model.FrameworkMethod.invokeExplosively(FrameworkMethod.java:47)
	at mockit.integration.junit4.JUnit4TestRunnerDecorator.invokeExplosively(JUnit4TestRunnerDecorator.java:49)
	at mockit.integration.junit4.FakeFrameworkMethod.invokeExplosively(FakeFrameworkMethod.java:29)
	at org.junit.runners.model.FrameworkMethod.invokeExplosively(FrameworkMethod.java)
	at org.junit.internal.runners.statements.RunBefores.evaluate(RunBefores.java:24)
	at org.junit.internal.runners.statements.RunAfters.evaluate(RunAfters.java:27)
	at org.junit.rules.TestWatcher$1.evaluate(TestWatcher.java:55)
	at org.junit.rules.RunRules.evaluate(RunRules.java:20)
	at org.junit.runners.ParentRunner.runLeaf(ParentRunner.java:325)
	at org.junit.runners.BlockJUnit4ClassRunner.runChild(BlockJUnit4ClassRunner.java:78)
	at org.junit.runners.BlockJUnit4ClassRunner.runChild(BlockJUnit4ClassRunner.java:57)
	at org.junit.runners.ParentRunner$3.run(ParentRunner.java:290)
	at org.junit.runners.ParentRunner$1.schedule(ParentRunner.java:71)
	at org.junit.runners.ParentRunner.runChildren(ParentRunner.java:288)
	at org.junit.runners.ParentRunner.access$000(ParentRunner.java:58)
	at org.junit.runners.ParentRunner$2.evaluate(ParentRunner.java:268)
	at org.junit.internal.runners.statements.RunBefores.evaluate(RunBefores.java:26)
	at org.junit.runners.ParentRunner.run(ParentRunner.java:363)
	at org.apache.maven.surefire.junit4.JUnit4Provider.execute(JUnit4Provider.java:365)
	at org.apache.maven.surefire.junit4.JUnit4Provider.executeWithRerun(JUnit4Provider.java:273)
	at org.apache.maven.surefire.junit4.JUnit4Provider.executeTestSet(JUnit4Provider.java:238)
	at org.apache.maven.surefire.junit4.JUnit4Provider.invoke(JUnit4Provider.java:159)
	at org.apache.maven.surefire.booter.ForkedBooter.invokeProviderInSameClassLoader(ForkedBooter.java:384)
	at org.apache.maven.surefire.booter.ForkedBooter.runSuitesInProcess(ForkedBooter.java:345)
	at org.apache.maven.surefire.booter.ForkedBooter.execute(ForkedBooter.java:126)
	at org.apache.maven.surefire.booter.ForkedBooter.main(ForkedBooter.java:418)
2020-06-22 14:22:41,027 [myid:] - INFO  [main:ClientBase@270] - server 127.0.0.1:21995 not up
javax.net.ssl.SSLHandshakeException: java.security.cert.CertificateException: Failed to verify both host address and host name
	at sun.security.ssl.Alerts.getSSLException(Alerts.java:198)
	at sun.security.ssl.SSLSocketImpl.fatal(SSLSocketImpl.java:1967)
	at sun.security.ssl.Handshaker.fatalSE(Handshaker.java:331)
	at sun.security.ssl.Handshaker.fatalSE(Handshaker.java:325)
	at sun.security.ssl.ClientHandshaker.serverCertificate(ClientHandshaker.java:1688)
	at sun.security.ssl.ClientHandshaker.processMessage(ClientHandshaker.java:226)
	at sun.security.ssl.Handshaker.processLoop(Handshaker.java:1082)
	at sun.security.ssl.Handshaker.process_record(Handshaker.java:1010)
	at sun.security.ssl.SSLSocketImpl.readRecord(SSLSocketImpl.java:1079)
	at sun.security.ssl.SSLSocketImpl.performInitialHandshake(SSLSocketImpl.java:1388)
	at sun.security.ssl.SSLSocketImpl.startHandshake(SSLSocketImpl.java:1416)
	at sun.security.ssl.SSLSocketImpl.startHandshake(SSLSocketImpl.java:1400)
	at org.apache.zookeeper.client.FourLetterWordMain.send4LetterWord(FourLetterWordMain.java:105)
	at org.apache.zookeeper.client.FourLetterWordMain.send4LetterWord(FourLetterWordMain.java:73)
	at org.apache.zookeeper.test.ClientBase.waitForServerUp(ClientBase.java:261)
	at org.apache.zookeeper.test.ClientBase.startServerInstance(ClientBase.java:401)
	at org.apache.zookeeper.test.ClientBase.startServer(ClientBase.java:516)
	at org.apache.zookeeper.test.ClientBase.setUpWithServerId(ClientBase.java:499)
	at org.apache.zookeeper.test.ClientBase.setUp(ClientBase.java:474)
	at org.apache.zookeeper.test.SaslDigestAuthOverSSLTest.setUp(SaslDigestAuthOverSSLTest.java:62)
	at sun.reflect.NativeMethodAccessorImpl.invoke0(Native Method)
	at sun.reflect.NativeMethodAccessorImpl.invoke(NativeMethodAccessorImpl.java:62)
	at sun.reflect.DelegatingMethodAccessorImpl.invoke(DelegatingMethodAccessorImpl.java:43)
	at java.lang.reflect.Method.invoke(Method.java:498)
	at org.junit.runners.model.FrameworkMethod$1.runReflectiveCall(FrameworkMethod.java:50)
	at org.junit.internal.runners.model.ReflectiveCallable.run(ReflectiveCallable.java:12)
	at org.junit.runners.model.FrameworkMethod.invokeExplosively(FrameworkMethod.java:47)
	at mockit.integration.junit4.JUnit4TestRunnerDecorator.invokeExplosively(JUnit4TestRunnerDecorator.java:49)
	at mockit.integration.junit4.FakeFrameworkMethod.invokeExplosively(FakeFrameworkMethod.java:29)
	at org.junit.runners.model.FrameworkMethod.invokeExplosively(FrameworkMethod.java)
	at org.junit.internal.runners.statements.RunBefores.evaluate(RunBefores.java:24)
	at org.junit.internal.runners.statements.RunAfters.evaluate(RunAfters.java:27)
	at org.junit.rules.TestWatcher$1.evaluate(TestWatcher.java:55)
	at org.junit.rules.RunRules.evaluate(RunRules.java:20)
	at org.junit.runners.ParentRunner.runLeaf(ParentRunner.java:325)
	at org.junit.runners.BlockJUnit4ClassRunner.runChild(BlockJUnit4ClassRunner.java:78)
	at org.junit.runners.BlockJUnit4ClassRunner.runChild(BlockJUnit4ClassRunner.java:57)
	at org.junit.runners.ParentRunner$3.run(ParentRunner.java:290)
	at org.junit.runners.ParentRunner$1.schedule(ParentRunner.java:71)
	at org.junit.runners.ParentRunner.runChildren(ParentRunner.java:288)
	at org.junit.runners.ParentRunner.access$000(ParentRunner.java:58)
	at org.junit.runners.ParentRunner$2.evaluate(ParentRunner.java:268)
	at org.junit.internal.runners.statements.RunBefores.evaluate(RunBefores.java:26)
	at org.junit.runners.ParentRunner.run(ParentRunner.java:363)
	at org.apache.maven.surefire.junit4.JUnit4Provider.execute(JUnit4Provider.java:365)
	at org.apache.maven.surefire.junit4.JUnit4Provider.executeWithRerun(JUnit4Provider.java:273)
	at org.apache.maven.surefire.junit4.JUnit4Provider.executeTestSet(JUnit4Provider.java:238)
	at org.apache.maven.surefire.junit4.JUnit4Provider.invoke(JUnit4Provider.java:159)
	at org.apache.maven.surefire.booter.ForkedBooter.invokeProviderInSameClassLoader(ForkedBooter.java:384)
	at org.apache.maven.surefire.booter.ForkedBooter.runSuitesInProcess(ForkedBooter.java:345)
	at org.apache.maven.surefire.booter.ForkedBooter.execute(ForkedBooter.java:126)
	at org.apache.maven.surefire.booter.ForkedBooter.main(ForkedBooter.java:418)
Caused by: java.security.cert.CertificateException: Failed to verify both host address and host name
	at org.apache.zookeeper.common.ZKTrustManager.performHostVerification(ZKTrustManager.java:163)
	at org.apache.zookeeper.common.ZKTrustManager.checkServerTrusted(ZKTrustManager.java:90)
	at sun.security.ssl.ClientHandshaker.serverCertificate(ClientHandshaker.java:1670)
	... 47 more
Caused by: javax.net.ssl.SSLPeerUnverifiedException: Certificate for <activate.navicat.com> doesn't match common name of the certificate subject: localhost
	at org.apache.zookeeper.common.ZKHostnameVerifier.matchCN(ZKHostnameVerifier.java:238)
	at org.apache.zookeeper.common.ZKHostnameVerifier.verify(ZKHostnameVerifier.java:184)
	at org.apache.zookeeper.common.ZKTrustManager.performHostVerification(ZKTrustManager.java:159)
	... 49 more
2020-06-22 14:22:41,028 [myid:] - ERROR [nioEventLoopGroup-4-13:NettyServerCnxnFactory$CertificateVerifier@434] - Unsuccessful handshake with session 0x0
2020-06-22 14:22:41,029 [myid:] - WARN  [nioEventLoopGroup-4-13:NettyServerCnxnFactory$CnxnChannelHandler@273] - Exception caught
io.netty.handler.codec.DecoderException: javax.net.ssl.SSLException: Received fatal alert: certificate_unknown
	at io.netty.handler.codec.ByteToMessageDecoder.callDecode(ByteToMessageDecoder.java:468)
	at io.netty.handler.codec.ByteToMessageDecoder.channelRead(ByteToMessageDecoder.java:276)
	at io.netty.channel.AbstractChannelHandlerContext.invokeChannelRead(AbstractChannelHandlerContext.java:379)
	at io.netty.channel.AbstractChannelHandlerContext.invokeChannelRead(AbstractChannelHandlerContext.java:365)
	at io.netty.channel.AbstractChannelHandlerContext.fireChannelRead(AbstractChannelHandlerContext.java:357)
	at io.netty.channel.DefaultChannelPipeline$HeadContext.channelRead(DefaultChannelPipeline.java:1410)
	at io.netty.channel.AbstractChannelHandlerContext.invokeChannelRead(AbstractChannelHandlerContext.java:379)
	at io.netty.channel.AbstractChannelHandlerContext.invokeChannelRead(AbstractChannelHandlerContext.java:365)
	at io.netty.channel.DefaultChannelPipeline.fireChannelRead(DefaultChannelPipeline.java:919)
	at io.netty.channel.nio.AbstractNioByteChannel$NioByteUnsafe.read(AbstractNioByteChannel.java:163)
	at io.netty.channel.nio.NioEventLoop.processSelectedKey(NioEventLoop.java:714)
	at io.netty.channel.nio.NioEventLoop.processSelectedKeysOptimized(NioEventLoop.java:650)
	at io.netty.channel.nio.NioEventLoop.processSelectedKeys(NioEventLoop.java:576)
	at io.netty.channel.nio.NioEventLoop.run(NioEventLoop.java:493)
	at io.netty.util.concurrent.SingleThreadEventExecutor$4.run(SingleThreadEventExecutor.java:989)
	at io.netty.util.internal.ThreadExecutorMap$2.run(ThreadExecutorMap.java:74)
	at io.netty.util.concurrent.FastThreadLocalRunnable.run(FastThreadLocalRunnable.java:30)
	at java.lang.Thread.run(Thread.java:748)
Caused by: javax.net.ssl.SSLException: Received fatal alert: certificate_unknown
	at sun.security.ssl.Alerts.getSSLException(Alerts.java:214)
	at sun.security.ssl.SSLEngineImpl.fatal(SSLEngineImpl.java:1667)
	at sun.security.ssl.SSLEngineImpl.fatal(SSLEngineImpl.java:1635)
	at sun.security.ssl.SSLEngineImpl.recvAlert(SSLEngineImpl.java:1801)
	at sun.security.ssl.SSLEngineImpl.readRecord(SSLEngineImpl.java:1090)
	at sun.security.ssl.SSLEngineImpl.readNetRecord(SSLEngineImpl.java:913)
	at sun.security.ssl.SSLEngineImpl.unwrap(SSLEngineImpl.java:783)
	at javax.net.ssl.SSLEngine.unwrap(SSLEngine.java:626)
	at io.netty.handler.ssl.SslHandler$SslEngineType$3.unwrap(SslHandler.java:281)
	at io.netty.handler.ssl.SslHandler.unwrap(SslHandler.java:1340)
	at io.netty.handler.ssl.SslHandler.decodeJdkCompatible(SslHandler.java:1235)
	at io.netty.handler.ssl.SslHandler.decode(SslHandler.java:1282)
	at io.netty.handler.codec.ByteToMessageDecoder.decodeRemovalReentryProtection(ByteToMessageDecoder.java:498)
	at io.netty.handler.codec.ByteToMessageDecoder.callDecode(ByteToMessageDecoder.java:437)
	... 17 more
2020-06-22 14:22:41,029 [myid:] - WARN  [nioEventLoopGroup-4-13:NettyServerCnxnFactory$CnxnChannelHandler@273] - Exception caught
io.netty.handler.codec.DecoderException: javax.net.ssl.SSLException: Received fatal alert: certificate_unknown
	at io.netty.handler.codec.ByteToMessageDecoder.callDecode(ByteToMessageDecoder.java:468)
	at io.netty.handler.codec.ByteToMessageDecoder.channelInputClosed(ByteToMessageDecoder.java:401)
	at io.netty.handler.codec.ByteToMessageDecoder.channelInputClosed(ByteToMessageDecoder.java:368)
	at io.netty.handler.codec.ByteToMessageDecoder.channelInactive(ByteToMessageDecoder.java:351)
	at io.netty.handler.ssl.SslHandler.channelInactive(SslHandler.java:1084)
	at io.netty.channel.AbstractChannelHandlerContext.invokeChannelInactive(AbstractChannelHandlerContext.java:262)
	at io.netty.channel.AbstractChannelHandlerContext.invokeChannelInactive(AbstractChannelHandlerContext.java:248)
	at io.netty.channel.AbstractChannelHandlerContext.fireChannelInactive(AbstractChannelHandlerContext.java:241)
	at io.netty.channel.DefaultChannelPipeline$HeadContext.channelInactive(DefaultChannelPipeline.java:1405)
	at io.netty.channel.AbstractChannelHandlerContext.invokeChannelInactive(AbstractChannelHandlerContext.java:262)
	at io.netty.channel.AbstractChannelHandlerContext.invokeChannelInactive(AbstractChannelHandlerContext.java:248)
	at io.netty.channel.DefaultChannelPipeline.fireChannelInactive(DefaultChannelPipeline.java:901)
	at io.netty.channel.AbstractChannel$AbstractUnsafe$8.run(AbstractChannel.java:818)
	at io.netty.util.concurrent.AbstractEventExecutor.safeExecute(AbstractEventExecutor.java:164)
	at io.netty.util.concurrent.SingleThreadEventExecutor.runAllTasks(SingleThreadEventExecutor.java:472)
	at io.netty.channel.nio.NioEventLoop.run(NioEventLoop.java:497)
	at io.netty.util.concurrent.SingleThreadEventExecutor$4.run(SingleThreadEventExecutor.java:989)
	at io.netty.util.internal.ThreadExecutorMap$2.run(ThreadExecutorMap.java:74)
	at io.netty.util.concurrent.FastThreadLocalRunnable.run(FastThreadLocalRunnable.java:30)
	at java.lang.Thread.run(Thread.java:748)
Caused by: javax.net.ssl.SSLException: Received fatal alert: certificate_unknown
	at sun.security.ssl.Alerts.getSSLException(Alerts.java:214)
	at sun.security.ssl.SSLEngineImpl.fatal(SSLEngineImpl.java:1667)
	at sun.security.ssl.SSLEngineImpl.fatal(SSLEngineImpl.java:1635)
	at sun.security.ssl.SSLEngineImpl.recvAlert(SSLEngineImpl.java:1801)
	at sun.security.ssl.SSLEngineImpl.readRecord(SSLEngineImpl.java:1090)
	at sun.security.ssl.SSLEngineImpl.readNetRecord(SSLEngineImpl.java:913)
	at sun.security.ssl.SSLEngineImpl.unwrap(SSLEngineImpl.java:783)
	at javax.net.ssl.SSLEngine.unwrap(SSLEngine.java:626)
	at io.netty.handler.ssl.SslHandler$SslEngineType$3.unwrap(SslHandler.java:281)
	at io.netty.handler.ssl.SslHandler.unwrap(SslHandler.java:1340)
	at io.netty.handler.ssl.SslHandler.decodeJdkCompatible(SslHandler.java:1235)
	at io.netty.handler.ssl.SslHandler.decode(SslHandler.java:1282)
	at io.netty.handler.codec.ByteToMessageDecoder.decodeRemovalReentryProtection(ByteToMessageDecoder.java:498)
	at io.netty.handler.codec.ByteToMessageDecoder.callDecode(ByteToMessageDecoder.java:437)
	... 19 more
2020-06-22 14:22:41,278 [myid:] - INFO  [main:FourLetterWordMain@93] - connecting to 127.0.0.1 21995
2020-06-22 14:22:41,278 [myid:] - INFO  [main:FourLetterWordMain@99] - using secure socket
2020-06-22 14:22:41,293 [myid:] - ERROR [main:ZKTrustManager@161] - Failed to verify host address: 127.0.0.1
javax.net.ssl.SSLPeerUnverifiedException: Certificate for <127.0.0.1> doesn't match common name of the certificate subject: localhost
	at org.apache.zookeeper.common.ZKHostnameVerifier.matchCN(ZKHostnameVerifier.java:238)
	at org.apache.zookeeper.common.ZKHostnameVerifier.verify(ZKHostnameVerifier.java:184)
	at org.apache.zookeeper.common.ZKTrustManager.performHostVerification(ZKTrustManager.java:151)
	at org.apache.zookeeper.common.ZKTrustManager.checkServerTrusted(ZKTrustManager.java:90)
	at sun.security.ssl.ClientHandshaker.serverCertificate(ClientHandshaker.java:1670)
	at sun.security.ssl.ClientHandshaker.processMessage(ClientHandshaker.java:226)
	at sun.security.ssl.Handshaker.processLoop(Handshaker.java:1082)
	at sun.security.ssl.Handshaker.process_record(Handshaker.java:1010)
	at sun.security.ssl.SSLSocketImpl.readRecord(SSLSocketImpl.java:1079)
	at sun.security.ssl.SSLSocketImpl.performInitialHandshake(SSLSocketImpl.java:1388)
	at sun.security.ssl.SSLSocketImpl.startHandshake(SSLSocketImpl.java:1416)
	at sun.security.ssl.SSLSocketImpl.startHandshake(SSLSocketImpl.java:1400)
	at org.apache.zookeeper.client.FourLetterWordMain.send4LetterWord(FourLetterWordMain.java:105)
	at org.apache.zookeeper.client.FourLetterWordMain.send4LetterWord(FourLetterWordMain.java:73)
	at org.apache.zookeeper.test.ClientBase.waitForServerUp(ClientBase.java:261)
	at org.apache.zookeeper.test.ClientBase.startServerInstance(ClientBase.java:401)
	at org.apache.zookeeper.test.ClientBase.startServer(ClientBase.java:516)
	at org.apache.zookeeper.test.ClientBase.setUpWithServerId(ClientBase.java:499)
	at org.apache.zookeeper.test.ClientBase.setUp(ClientBase.java:474)
	at org.apache.zookeeper.test.SaslDigestAuthOverSSLTest.setUp(SaslDigestAuthOverSSLTest.java:62)
	at sun.reflect.NativeMethodAccessorImpl.invoke0(Native Method)
	at sun.reflect.NativeMethodAccessorImpl.invoke(NativeMethodAccessorImpl.java:62)
	at sun.reflect.DelegatingMethodAccessorImpl.invoke(DelegatingMethodAccessorImpl.java:43)
	at java.lang.reflect.Method.invoke(Method.java:498)
	at org.junit.runners.model.FrameworkMethod$1.runReflectiveCall(FrameworkMethod.java:50)
	at org.junit.internal.runners.model.ReflectiveCallable.run(ReflectiveCallable.java:12)
	at org.junit.runners.model.FrameworkMethod.invokeExplosively(FrameworkMethod.java:47)
	at mockit.integration.junit4.JUnit4TestRunnerDecorator.invokeExplosively(JUnit4TestRunnerDecorator.java:49)
	at mockit.integration.junit4.FakeFrameworkMethod.invokeExplosively(FakeFrameworkMethod.java:29)
	at org.junit.runners.model.FrameworkMethod.invokeExplosively(FrameworkMethod.java)
	at org.junit.internal.runners.statements.RunBefores.evaluate(RunBefores.java:24)
	at org.junit.internal.runners.statements.RunAfters.evaluate(RunAfters.java:27)
	at org.junit.rules.TestWatcher$1.evaluate(TestWatcher.java:55)
	at org.junit.rules.RunRules.evaluate(RunRules.java:20)
	at org.junit.runners.ParentRunner.runLeaf(ParentRunner.java:325)
	at org.junit.runners.BlockJUnit4ClassRunner.runChild(BlockJUnit4ClassRunner.java:78)
	at org.junit.runners.BlockJUnit4ClassRunner.runChild(BlockJUnit4ClassRunner.java:57)
	at org.junit.runners.ParentRunner$3.run(ParentRunner.java:290)
	at org.junit.runners.ParentRunner$1.schedule(ParentRunner.java:71)
	at org.junit.runners.ParentRunner.runChildren(ParentRunner.java:288)
	at org.junit.runners.ParentRunner.access$000(ParentRunner.java:58)
	at org.junit.runners.ParentRunner$2.evaluate(ParentRunner.java:268)
	at org.junit.internal.runners.statements.RunBefores.evaluate(RunBefores.java:26)
	at org.junit.runners.ParentRunner.run(ParentRunner.java:363)
	at org.apache.maven.surefire.junit4.JUnit4Provider.execute(JUnit4Provider.java:365)
	at org.apache.maven.surefire.junit4.JUnit4Provider.executeWithRerun(JUnit4Provider.java:273)
	at org.apache.maven.surefire.junit4.JUnit4Provider.executeTestSet(JUnit4Provider.java:238)
	at org.apache.maven.surefire.junit4.JUnit4Provider.invoke(JUnit4Provider.java:159)
	at org.apache.maven.surefire.booter.ForkedBooter.invokeProviderInSameClassLoader(ForkedBooter.java:384)
	at org.apache.maven.surefire.booter.ForkedBooter.runSuitesInProcess(ForkedBooter.java:345)
	at org.apache.maven.surefire.booter.ForkedBooter.execute(ForkedBooter.java:126)
	at org.apache.maven.surefire.booter.ForkedBooter.main(ForkedBooter.java:418)
2020-06-22 14:22:41,293 [myid:] - ERROR [main:ZKTrustManager@162] - Failed to verify hostname: activate.navicat.com
javax.net.ssl.SSLPeerUnverifiedException: Certificate for <activate.navicat.com> doesn't match common name of the certificate subject: localhost
	at org.apache.zookeeper.common.ZKHostnameVerifier.matchCN(ZKHostnameVerifier.java:238)
	at org.apache.zookeeper.common.ZKHostnameVerifier.verify(ZKHostnameVerifier.java:184)
	at org.apache.zookeeper.common.ZKTrustManager.performHostVerification(ZKTrustManager.java:159)
	at org.apache.zookeeper.common.ZKTrustManager.checkServerTrusted(ZKTrustManager.java:90)
	at sun.security.ssl.ClientHandshaker.serverCertificate(ClientHandshaker.java:1670)
	at sun.security.ssl.ClientHandshaker.processMessage(ClientHandshaker.java:226)
	at sun.security.ssl.Handshaker.processLoop(Handshaker.java:1082)
	at sun.security.ssl.Handshaker.process_record(Handshaker.java:1010)
	at sun.security.ssl.SSLSocketImpl.readRecord(SSLSocketImpl.java:1079)
	at sun.security.ssl.SSLSocketImpl.performInitialHandshake(SSLSocketImpl.java:1388)
	at sun.security.ssl.SSLSocketImpl.startHandshake(SSLSocketImpl.java:1416)
	at sun.security.ssl.SSLSocketImpl.startHandshake(SSLSocketImpl.java:1400)
	at org.apache.zookeeper.client.FourLetterWordMain.send4LetterWord(FourLetterWordMain.java:105)
	at org.apache.zookeeper.client.FourLetterWordMain.send4LetterWord(FourLetterWordMain.java:73)
	at org.apache.zookeeper.test.ClientBase.waitForServerUp(ClientBase.java:261)
	at org.apache.zookeeper.test.ClientBase.startServerInstance(ClientBase.java:401)
	at org.apache.zookeeper.test.ClientBase.startServer(ClientBase.java:516)
	at org.apache.zookeeper.test.ClientBase.setUpWithServerId(ClientBase.java:499)
	at org.apache.zookeeper.test.ClientBase.setUp(ClientBase.java:474)
	at org.apache.zookeeper.test.SaslDigestAuthOverSSLTest.setUp(SaslDigestAuthOverSSLTest.java:62)
	at sun.reflect.NativeMethodAccessorImpl.invoke0(Native Method)
	at sun.reflect.NativeMethodAccessorImpl.invoke(NativeMethodAccessorImpl.java:62)
	at sun.reflect.DelegatingMethodAccessorImpl.invoke(DelegatingMethodAccessorImpl.java:43)
	at java.lang.reflect.Method.invoke(Method.java:498)
	at org.junit.runners.model.FrameworkMethod$1.runReflectiveCall(FrameworkMethod.java:50)
	at org.junit.internal.runners.model.ReflectiveCallable.run(ReflectiveCallable.java:12)
	at org.junit.runners.model.FrameworkMethod.invokeExplosively(FrameworkMethod.java:47)
	at mockit.integration.junit4.JUnit4TestRunnerDecorator.invokeExplosively(JUnit4TestRunnerDecorator.java:49)
	at mockit.integration.junit4.FakeFrameworkMethod.invokeExplosively(FakeFrameworkMethod.java:29)
	at org.junit.runners.model.FrameworkMethod.invokeExplosively(FrameworkMethod.java)
	at org.junit.internal.runners.statements.RunBefores.evaluate(RunBefores.java:24)
	at org.junit.internal.runners.statements.RunAfters.evaluate(RunAfters.java:27)
	at org.junit.rules.TestWatcher$1.evaluate(TestWatcher.java:55)
	at org.junit.rules.RunRules.evaluate(RunRules.java:20)
	at org.junit.runners.ParentRunner.runLeaf(ParentRunner.java:325)
	at org.junit.runners.BlockJUnit4ClassRunner.runChild(BlockJUnit4ClassRunner.java:78)
	at org.junit.runners.BlockJUnit4ClassRunner.runChild(BlockJUnit4ClassRunner.java:57)
	at org.junit.runners.ParentRunner$3.run(ParentRunner.java:290)
	at org.junit.runners.ParentRunner$1.schedule(ParentRunner.java:71)
	at org.junit.runners.ParentRunner.runChildren(ParentRunner.java:288)
	at org.junit.runners.ParentRunner.access$000(ParentRunner.java:58)
	at org.junit.runners.ParentRunner$2.evaluate(ParentRunner.java:268)
	at org.junit.internal.runners.statements.RunBefores.evaluate(RunBefores.java:26)
	at org.junit.runners.ParentRunner.run(ParentRunner.java:363)
	at org.apache.maven.surefire.junit4.JUnit4Provider.execute(JUnit4Provider.java:365)
	at org.apache.maven.surefire.junit4.JUnit4Provider.executeWithRerun(JUnit4Provider.java:273)
	at org.apache.maven.surefire.junit4.JUnit4Provider.executeTestSet(JUnit4Provider.java:238)
	at org.apache.maven.surefire.junit4.JUnit4Provider.invoke(JUnit4Provider.java:159)
	at org.apache.maven.surefire.booter.ForkedBooter.invokeProviderInSameClassLoader(ForkedBooter.java:384)
	at org.apache.maven.surefire.booter.ForkedBooter.runSuitesInProcess(ForkedBooter.java:345)
	at org.apache.maven.surefire.booter.ForkedBooter.execute(ForkedBooter.java:126)
	at org.apache.maven.surefire.booter.ForkedBooter.main(ForkedBooter.java:418)
2020-06-22 14:22:41,294 [myid:] - INFO  [main:ClientBase@270] - server 127.0.0.1:21995 not up
javax.net.ssl.SSLHandshakeException: java.security.cert.CertificateException: Failed to verify both host address and host name
	at sun.security.ssl.Alerts.getSSLException(Alerts.java:198)
	at sun.security.ssl.SSLSocketImpl.fatal(SSLSocketImpl.java:1967)
	at sun.security.ssl.Handshaker.fatalSE(Handshaker.java:331)
	at sun.security.ssl.Handshaker.fatalSE(Handshaker.java:325)
	at sun.security.ssl.ClientHandshaker.serverCertificate(ClientHandshaker.java:1688)
	at sun.security.ssl.ClientHandshaker.processMessage(ClientHandshaker.java:226)
	at sun.security.ssl.Handshaker.processLoop(Handshaker.java:1082)
	at sun.security.ssl.Handshaker.process_record(Handshaker.java:1010)
	at sun.security.ssl.SSLSocketImpl.readRecord(SSLSocketImpl.java:1079)
	at sun.security.ssl.SSLSocketImpl.performInitialHandshake(SSLSocketImpl.java:1388)
	at sun.security.ssl.SSLSocketImpl.startHandshake(SSLSocketImpl.java:1416)
	at sun.security.ssl.SSLSocketImpl.startHandshake(SSLSocketImpl.java:1400)
	at org.apache.zookeeper.client.FourLetterWordMain.send4LetterWord(FourLetterWordMain.java:105)
	at org.apache.zookeeper.client.FourLetterWordMain.send4LetterWord(FourLetterWordMain.java:73)
	at org.apache.zookeeper.test.ClientBase.waitForServerUp(ClientBase.java:261)
	at org.apache.zookeeper.test.ClientBase.startServerInstance(ClientBase.java:401)
	at org.apache.zookeeper.test.ClientBase.startServer(ClientBase.java:516)
	at org.apache.zookeeper.test.ClientBase.setUpWithServerId(ClientBase.java:499)
	at org.apache.zookeeper.test.ClientBase.setUp(ClientBase.java:474)
	at org.apache.zookeeper.test.SaslDigestAuthOverSSLTest.setUp(SaslDigestAuthOverSSLTest.java:62)
	at sun.reflect.NativeMethodAccessorImpl.invoke0(Native Method)
	at sun.reflect.NativeMethodAccessorImpl.invoke(NativeMethodAccessorImpl.java:62)
	at sun.reflect.DelegatingMethodAccessorImpl.invoke(DelegatingMethodAccessorImpl.java:43)
	at java.lang.reflect.Method.invoke(Method.java:498)
	at org.junit.runners.model.FrameworkMethod$1.runReflectiveCall(FrameworkMethod.java:50)
	at org.junit.internal.runners.model.ReflectiveCallable.run(ReflectiveCallable.java:12)
	at org.junit.runners.model.FrameworkMethod.invokeExplosively(FrameworkMethod.java:47)
	at mockit.integration.junit4.JUnit4TestRunnerDecorator.invokeExplosively(JUnit4TestRunnerDecorator.java:49)
	at mockit.integration.junit4.FakeFrameworkMethod.invokeExplosively(FakeFrameworkMethod.java:29)
	at org.junit.runners.model.FrameworkMethod.invokeExplosively(FrameworkMethod.java)
	at org.junit.internal.runners.statements.RunBefores.evaluate(RunBefores.java:24)
	at org.junit.internal.runners.statements.RunAfters.evaluate(RunAfters.java:27)
	at org.junit.rules.TestWatcher$1.evaluate(TestWatcher.java:55)
	at org.junit.rules.RunRules.evaluate(RunRules.java:20)
	at org.junit.runners.ParentRunner.runLeaf(ParentRunner.java:325)
	at org.junit.runners.BlockJUnit4ClassRunner.runChild(BlockJUnit4ClassRunner.java:78)
	at org.junit.runners.BlockJUnit4ClassRunner.runChild(BlockJUnit4ClassRunner.java:57)
	at org.junit.runners.ParentRunner$3.run(ParentRunner.java:290)
	at org.junit.runners.ParentRunner$1.schedule(ParentRunner.java:71)
	at org.junit.runners.ParentRunner.runChildren(ParentRunner.java:288)
	at org.junit.runners.ParentRunner.access$000(ParentRunner.java:58)
	at org.junit.runners.ParentRunner$2.evaluate(ParentRunner.java:268)
	at org.junit.internal.runners.statements.RunBefores.evaluate(RunBefores.java:26)
	at org.junit.runners.ParentRunner.run(ParentRunner.java:363)
	at org.apache.maven.surefire.junit4.JUnit4Provider.execute(JUnit4Provider.java:365)
	at org.apache.maven.surefire.junit4.JUnit4Provider.executeWithRerun(JUnit4Provider.java:273)
	at org.apache.maven.surefire.junit4.JUnit4Provider.executeTestSet(JUnit4Provider.java:238)
	at org.apache.maven.surefire.junit4.JUnit4Provider.invoke(JUnit4Provider.java:159)
	at org.apache.maven.surefire.booter.ForkedBooter.invokeProviderInSameClassLoader(ForkedBooter.java:384)
	at org.apache.maven.surefire.booter.ForkedBooter.runSuitesInProcess(ForkedBooter.java:345)
	at org.apache.maven.surefire.booter.ForkedBooter.execute(ForkedBooter.java:126)
	at org.apache.maven.surefire.booter.ForkedBooter.main(ForkedBooter.java:418)
Caused by: java.security.cert.CertificateException: Failed to verify both host address and host name
	at org.apache.zookeeper.common.ZKTrustManager.performHostVerification(ZKTrustManager.java:163)
	at org.apache.zookeeper.common.ZKTrustManager.checkServerTrusted(ZKTrustManager.java:90)
	at sun.security.ssl.ClientHandshaker.serverCertificate(ClientHandshaker.java:1670)
	... 47 more
Caused by: javax.net.ssl.SSLPeerUnverifiedException: Certificate for <activate.navicat.com> doesn't match common name of the certificate subject: localhost
	at org.apache.zookeeper.common.ZKHostnameVerifier.matchCN(ZKHostnameVerifier.java:238)
	at org.apache.zookeeper.common.ZKHostnameVerifier.verify(ZKHostnameVerifier.java:184)
	at org.apache.zookeeper.common.ZKTrustManager.performHostVerification(ZKTrustManager.java:159)
	... 49 more
2020-06-22 14:22:41,294 [myid:] - ERROR [nioEventLoopGroup-4-14:NettyServerCnxnFactory$CertificateVerifier@434] - Unsuccessful handshake with session 0x0
2020-06-22 14:22:41,296 [myid:] - WARN  [nioEventLoopGroup-4-14:NettyServerCnxnFactory$CnxnChannelHandler@273] - Exception caught
io.netty.handler.codec.DecoderException: javax.net.ssl.SSLException: Received fatal alert: certificate_unknown
	at io.netty.handler.codec.ByteToMessageDecoder.callDecode(ByteToMessageDecoder.java:468)
	at io.netty.handler.codec.ByteToMessageDecoder.channelRead(ByteToMessageDecoder.java:276)
	at io.netty.channel.AbstractChannelHandlerContext.invokeChannelRead(AbstractChannelHandlerContext.java:379)
	at io.netty.channel.AbstractChannelHandlerContext.invokeChannelRead(AbstractChannelHandlerContext.java:365)
	at io.netty.channel.AbstractChannelHandlerContext.fireChannelRead(AbstractChannelHandlerContext.java:357)
	at io.netty.channel.DefaultChannelPipeline$HeadContext.channelRead(DefaultChannelPipeline.java:1410)
	at io.netty.channel.AbstractChannelHandlerContext.invokeChannelRead(AbstractChannelHandlerContext.java:379)
	at io.netty.channel.AbstractChannelHandlerContext.invokeChannelRead(AbstractChannelHandlerContext.java:365)
	at io.netty.channel.DefaultChannelPipeline.fireChannelRead(DefaultChannelPipeline.java:919)
	at io.netty.channel.nio.AbstractNioByteChannel$NioByteUnsafe.read(AbstractNioByteChannel.java:163)
	at io.netty.channel.nio.NioEventLoop.processSelectedKey(NioEventLoop.java:714)
	at io.netty.channel.nio.NioEventLoop.processSelectedKeysOptimized(NioEventLoop.java:650)
	at io.netty.channel.nio.NioEventLoop.processSelectedKeys(NioEventLoop.java:576)
	at io.netty.channel.nio.NioEventLoop.run(NioEventLoop.java:493)
	at io.netty.util.concurrent.SingleThreadEventExecutor$4.run(SingleThreadEventExecutor.java:989)
	at io.netty.util.internal.ThreadExecutorMap$2.run(ThreadExecutorMap.java:74)
	at io.netty.util.concurrent.FastThreadLocalRunnable.run(FastThreadLocalRunnable.java:30)
	at java.lang.Thread.run(Thread.java:748)
Caused by: javax.net.ssl.SSLException: Received fatal alert: certificate_unknown
	at sun.security.ssl.Alerts.getSSLException(Alerts.java:214)
	at sun.security.ssl.SSLEngineImpl.fatal(SSLEngineImpl.java:1667)
	at sun.security.ssl.SSLEngineImpl.fatal(SSLEngineImpl.java:1635)
	at sun.security.ssl.SSLEngineImpl.recvAlert(SSLEngineImpl.java:1801)
	at sun.security.ssl.SSLEngineImpl.readRecord(SSLEngineImpl.java:1090)
	at sun.security.ssl.SSLEngineImpl.readNetRecord(SSLEngineImpl.java:913)
	at sun.security.ssl.SSLEngineImpl.unwrap(SSLEngineImpl.java:783)
	at javax.net.ssl.SSLEngine.unwrap(SSLEngine.java:626)
	at io.netty.handler.ssl.SslHandler$SslEngineType$3.unwrap(SslHandler.java:281)
	at io.netty.handler.ssl.SslHandler.unwrap(SslHandler.java:1340)
	at io.netty.handler.ssl.SslHandler.decodeJdkCompatible(SslHandler.java:1235)
	at io.netty.handler.ssl.SslHandler.decode(SslHandler.java:1282)
	at io.netty.handler.codec.ByteToMessageDecoder.decodeRemovalReentryProtection(ByteToMessageDecoder.java:498)
	at io.netty.handler.codec.ByteToMessageDecoder.callDecode(ByteToMessageDecoder.java:437)
	... 17 more
2020-06-22 14:22:41,297 [myid:] - WARN  [nioEventLoopGroup-4-14:NettyServerCnxnFactory$CnxnChannelHandler@273] - Exception caught
io.netty.handler.codec.DecoderException: javax.net.ssl.SSLException: Received fatal alert: certificate_unknown
	at io.netty.handler.codec.ByteToMessageDecoder.callDecode(ByteToMessageDecoder.java:468)
	at io.netty.handler.codec.ByteToMessageDecoder.channelInputClosed(ByteToMessageDecoder.java:401)
	at io.netty.handler.codec.ByteToMessageDecoder.channelInputClosed(ByteToMessageDecoder.java:368)
	at io.netty.handler.codec.ByteToMessageDecoder.channelInactive(ByteToMessageDecoder.java:351)
	at io.netty.handler.ssl.SslHandler.channelInactive(SslHandler.java:1084)
	at io.netty.channel.AbstractChannelHandlerContext.invokeChannelInactive(AbstractChannelHandlerContext.java:262)
	at io.netty.channel.AbstractChannelHandlerContext.invokeChannelInactive(AbstractChannelHandlerContext.java:248)
	at io.netty.channel.AbstractChannelHandlerContext.fireChannelInactive(AbstractChannelHandlerContext.java:241)
	at io.netty.channel.DefaultChannelPipeline$HeadContext.channelInactive(DefaultChannelPipeline.java:1405)
	at io.netty.channel.AbstractChannelHandlerContext.invokeChannelInactive(AbstractChannelHandlerContext.java:262)
	at io.netty.channel.AbstractChannelHandlerContext.invokeChannelInactive(AbstractChannelHandlerContext.java:248)
	at io.netty.channel.DefaultChannelPipeline.fireChannelInactive(DefaultChannelPipeline.java:901)
	at io.netty.channel.AbstractChannel$AbstractUnsafe$8.run(AbstractChannel.java:818)
	at io.netty.util.concurrent.AbstractEventExecutor.safeExecute(AbstractEventExecutor.java:164)
	at io.netty.util.concurrent.SingleThreadEventExecutor.runAllTasks(SingleThreadEventExecutor.java:472)
	at io.netty.channel.nio.NioEventLoop.run(NioEventLoop.java:497)
	at io.netty.util.concurrent.SingleThreadEventExecutor$4.run(SingleThreadEventExecutor.java:989)
	at io.netty.util.internal.ThreadExecutorMap$2.run(ThreadExecutorMap.java:74)
	at io.netty.util.concurrent.FastThreadLocalRunnable.run(FastThreadLocalRunnable.java:30)
	at java.lang.Thread.run(Thread.java:748)
Caused by: javax.net.ssl.SSLException: Received fatal alert: certificate_unknown
	at sun.security.ssl.Alerts.getSSLException(Alerts.java:214)
	at sun.security.ssl.SSLEngineImpl.fatal(SSLEngineImpl.java:1667)
	at sun.security.ssl.SSLEngineImpl.fatal(SSLEngineImpl.java:1635)
	at sun.security.ssl.SSLEngineImpl.recvAlert(SSLEngineImpl.java:1801)
	at sun.security.ssl.SSLEngineImpl.readRecord(SSLEngineImpl.java:1090)
	at sun.security.ssl.SSLEngineImpl.readNetRecord(SSLEngineImpl.java:913)
	at sun.security.ssl.SSLEngineImpl.unwrap(SSLEngineImpl.java:783)
	at javax.net.ssl.SSLEngine.unwrap(SSLEngine.java:626)
	at io.netty.handler.ssl.SslHandler$SslEngineType$3.unwrap(SslHandler.java:281)
	at io.netty.handler.ssl.SslHandler.unwrap(SslHandler.java:1340)
	at io.netty.handler.ssl.SslHandler.decodeJdkCompatible(SslHandler.java:1235)
	at io.netty.handler.ssl.SslHandler.decode(SslHandler.java:1282)
	at io.netty.handler.codec.ByteToMessageDecoder.decodeRemovalReentryProtection(ByteToMessageDecoder.java:498)
	at io.netty.handler.codec.ByteToMessageDecoder.callDecode(ByteToMessageDecoder.java:437)
	... 19 more
2020-06-22 14:22:41,545 [myid:] - INFO  [main:FourLetterWordMain@93] - connecting to 127.0.0.1 21995
2020-06-22 14:22:41,545 [myid:] - INFO  [main:FourLetterWordMain@99] - using secure socket
2020-06-22 14:22:41,559 [myid:] - ERROR [main:ZKTrustManager@161] - Failed to verify host address: 127.0.0.1
javax.net.ssl.SSLPeerUnverifiedException: Certificate for <127.0.0.1> doesn't match common name of the certificate subject: localhost
	at org.apache.zookeeper.common.ZKHostnameVerifier.matchCN(ZKHostnameVerifier.java:238)
	at org.apache.zookeeper.common.ZKHostnameVerifier.verify(ZKHostnameVerifier.java:184)
	at org.apache.zookeeper.common.ZKTrustManager.performHostVerification(ZKTrustManager.java:151)
	at org.apache.zookeeper.common.ZKTrustManager.checkServerTrusted(ZKTrustManager.java:90)
	at sun.security.ssl.ClientHandshaker.serverCertificate(ClientHandshaker.java:1670)
	at sun.security.ssl.ClientHandshaker.processMessage(ClientHandshaker.java:226)
	at sun.security.ssl.Handshaker.processLoop(Handshaker.java:1082)
	at sun.security.ssl.Handshaker.process_record(Handshaker.java:1010)
	at sun.security.ssl.SSLSocketImpl.readRecord(SSLSocketImpl.java:1079)
	at sun.security.ssl.SSLSocketImpl.performInitialHandshake(SSLSocketImpl.java:1388)
	at sun.security.ssl.SSLSocketImpl.startHandshake(SSLSocketImpl.java:1416)
	at sun.security.ssl.SSLSocketImpl.startHandshake(SSLSocketImpl.java:1400)
	at org.apache.zookeeper.client.FourLetterWordMain.send4LetterWord(FourLetterWordMain.java:105)
	at org.apache.zookeeper.client.FourLetterWordMain.send4LetterWord(FourLetterWordMain.java:73)
	at org.apache.zookeeper.test.ClientBase.waitForServerUp(ClientBase.java:261)
	at org.apache.zookeeper.test.ClientBase.startServerInstance(ClientBase.java:401)
	at org.apache.zookeeper.test.ClientBase.startServer(ClientBase.java:516)
	at org.apache.zookeeper.test.ClientBase.setUpWithServerId(ClientBase.java:499)
	at org.apache.zookeeper.test.ClientBase.setUp(ClientBase.java:474)
	at org.apache.zookeeper.test.SaslDigestAuthOverSSLTest.setUp(SaslDigestAuthOverSSLTest.java:62)
	at sun.reflect.NativeMethodAccessorImpl.invoke0(Native Method)
	at sun.reflect.NativeMethodAccessorImpl.invoke(NativeMethodAccessorImpl.java:62)
	at sun.reflect.DelegatingMethodAccessorImpl.invoke(DelegatingMethodAccessorImpl.java:43)
	at java.lang.reflect.Method.invoke(Method.java:498)
	at org.junit.runners.model.FrameworkMethod$1.runReflectiveCall(FrameworkMethod.java:50)
	at org.junit.internal.runners.model.ReflectiveCallable.run(ReflectiveCallable.java:12)
	at org.junit.runners.model.FrameworkMethod.invokeExplosively(FrameworkMethod.java:47)
	at mockit.integration.junit4.JUnit4TestRunnerDecorator.invokeExplosively(JUnit4TestRunnerDecorator.java:49)
	at mockit.integration.junit4.FakeFrameworkMethod.invokeExplosively(FakeFrameworkMethod.java:29)
	at org.junit.runners.model.FrameworkMethod.invokeExplosively(FrameworkMethod.java)
	at org.junit.internal.runners.statements.RunBefores.evaluate(RunBefores.java:24)
	at org.junit.internal.runners.statements.RunAfters.evaluate(RunAfters.java:27)
	at org.junit.rules.TestWatcher$1.evaluate(TestWatcher.java:55)
	at org.junit.rules.RunRules.evaluate(RunRules.java:20)
	at org.junit.runners.ParentRunner.runLeaf(ParentRunner.java:325)
	at org.junit.runners.BlockJUnit4ClassRunner.runChild(BlockJUnit4ClassRunner.java:78)
	at org.junit.runners.BlockJUnit4ClassRunner.runChild(BlockJUnit4ClassRunner.java:57)
	at org.junit.runners.ParentRunner$3.run(ParentRunner.java:290)
	at org.junit.runners.ParentRunner$1.schedule(ParentRunner.java:71)
	at org.junit.runners.ParentRunner.runChildren(ParentRunner.java:288)
	at org.junit.runners.ParentRunner.access$000(ParentRunner.java:58)
	at org.junit.runners.ParentRunner$2.evaluate(ParentRunner.java:268)
	at org.junit.internal.runners.statements.RunBefores.evaluate(RunBefores.java:26)
	at org.junit.runners.ParentRunner.run(ParentRunner.java:363)
	at org.apache.maven.surefire.junit4.JUnit4Provider.execute(JUnit4Provider.java:365)
	at org.apache.maven.surefire.junit4.JUnit4Provider.executeWithRerun(JUnit4Provider.java:273)
	at org.apache.maven.surefire.junit4.JUnit4Provider.executeTestSet(JUnit4Provider.java:238)
	at org.apache.maven.surefire.junit4.JUnit4Provider.invoke(JUnit4Provider.java:159)
	at org.apache.maven.surefire.booter.ForkedBooter.invokeProviderInSameClassLoader(ForkedBooter.java:384)
	at org.apache.maven.surefire.booter.ForkedBooter.runSuitesInProcess(ForkedBooter.java:345)
	at org.apache.maven.surefire.booter.ForkedBooter.execute(ForkedBooter.java:126)
	at org.apache.maven.surefire.booter.ForkedBooter.main(ForkedBooter.java:418)
2020-06-22 14:22:41,560 [myid:] - ERROR [main:ZKTrustManager@162] - Failed to verify hostname: activate.navicat.com
javax.net.ssl.SSLPeerUnverifiedException: Certificate for <activate.navicat.com> doesn't match common name of the certificate subject: localhost
	at org.apache.zookeeper.common.ZKHostnameVerifier.matchCN(ZKHostnameVerifier.java:238)
	at org.apache.zookeeper.common.ZKHostnameVerifier.verify(ZKHostnameVerifier.java:184)
	at org.apache.zookeeper.common.ZKTrustManager.performHostVerification(ZKTrustManager.java:159)
	at org.apache.zookeeper.common.ZKTrustManager.checkServerTrusted(ZKTrustManager.java:90)
	at sun.security.ssl.ClientHandshaker.serverCertificate(ClientHandshaker.java:1670)
	at sun.security.ssl.ClientHandshaker.processMessage(ClientHandshaker.java:226)
	at sun.security.ssl.Handshaker.processLoop(Handshaker.java:1082)
	at sun.security.ssl.Handshaker.process_record(Handshaker.java:1010)
	at sun.security.ssl.SSLSocketImpl.readRecord(SSLSocketImpl.java:1079)
	at sun.security.ssl.SSLSocketImpl.performInitialHandshake(SSLSocketImpl.java:1388)
	at sun.security.ssl.SSLSocketImpl.startHandshake(SSLSocketImpl.java:1416)
	at sun.security.ssl.SSLSocketImpl.startHandshake(SSLSocketImpl.java:1400)
	at org.apache.zookeeper.client.FourLetterWordMain.send4LetterWord(FourLetterWordMain.java:105)
	at org.apache.zookeeper.client.FourLetterWordMain.send4LetterWord(FourLetterWordMain.java:73)
	at org.apache.zookeeper.test.ClientBase.waitForServerUp(ClientBase.java:261)
	at org.apache.zookeeper.test.ClientBase.startServerInstance(ClientBase.java:401)
	at org.apache.zookeeper.test.ClientBase.startServer(ClientBase.java:516)
	at org.apache.zookeeper.test.ClientBase.setUpWithServerId(ClientBase.java:499)
	at org.apache.zookeeper.test.ClientBase.setUp(ClientBase.java:474)
	at org.apache.zookeeper.test.SaslDigestAuthOverSSLTest.setUp(SaslDigestAuthOverSSLTest.java:62)
	at sun.reflect.NativeMethodAccessorImpl.invoke0(Native Method)
	at sun.reflect.NativeMethodAccessorImpl.invoke(NativeMethodAccessorImpl.java:62)
	at sun.reflect.DelegatingMethodAccessorImpl.invoke(DelegatingMethodAccessorImpl.java:43)
	at java.lang.reflect.Method.invoke(Method.java:498)
	at org.junit.runners.model.FrameworkMethod$1.runReflectiveCall(FrameworkMethod.java:50)
	at org.junit.internal.runners.model.ReflectiveCallable.run(ReflectiveCallable.java:12)
	at org.junit.runners.model.FrameworkMethod.invokeExplosively(FrameworkMethod.java:47)
	at mockit.integration.junit4.JUnit4TestRunnerDecorator.invokeExplosively(JUnit4TestRunnerDecorator.java:49)
	at mockit.integration.junit4.FakeFrameworkMethod.invokeExplosively(FakeFrameworkMethod.java:29)
	at org.junit.runners.model.FrameworkMethod.invokeExplosively(FrameworkMethod.java)
	at org.junit.internal.runners.statements.RunBefores.evaluate(RunBefores.java:24)
	at org.junit.internal.runners.statements.RunAfters.evaluate(RunAfters.java:27)
	at org.junit.rules.TestWatcher$1.evaluate(TestWatcher.java:55)
	at org.junit.rules.RunRules.evaluate(RunRules.java:20)
	at org.junit.runners.ParentRunner.runLeaf(ParentRunner.java:325)
	at org.junit.runners.BlockJUnit4ClassRunner.runChild(BlockJUnit4ClassRunner.java:78)
	at org.junit.runners.BlockJUnit4ClassRunner.runChild(BlockJUnit4ClassRunner.java:57)
	at org.junit.runners.ParentRunner$3.run(ParentRunner.java:290)
	at org.junit.runners.ParentRunner$1.schedule(ParentRunner.java:71)
	at org.junit.runners.ParentRunner.runChildren(ParentRunner.java:288)
	at org.junit.runners.ParentRunner.access$000(ParentRunner.java:58)
	at org.junit.runners.ParentRunner$2.evaluate(ParentRunner.java:268)
	at org.junit.internal.runners.statements.RunBefores.evaluate(RunBefores.java:26)
	at org.junit.runners.ParentRunner.run(ParentRunner.java:363)
	at org.apache.maven.surefire.junit4.JUnit4Provider.execute(JUnit4Provider.java:365)
	at org.apache.maven.surefire.junit4.JUnit4Provider.executeWithRerun(JUnit4Provider.java:273)
	at org.apache.maven.surefire.junit4.JUnit4Provider.executeTestSet(JUnit4Provider.java:238)
	at org.apache.maven.surefire.junit4.JUnit4Provider.invoke(JUnit4Provider.java:159)
	at org.apache.maven.surefire.booter.ForkedBooter.invokeProviderInSameClassLoader(ForkedBooter.java:384)
	at org.apache.maven.surefire.booter.ForkedBooter.runSuitesInProcess(ForkedBooter.java:345)
	at org.apache.maven.surefire.booter.ForkedBooter.execute(ForkedBooter.java:126)
	at org.apache.maven.surefire.booter.ForkedBooter.main(ForkedBooter.java:418)
2020-06-22 14:22:41,561 [myid:] - INFO  [main:ClientBase@270] - server 127.0.0.1:21995 not up
javax.net.ssl.SSLHandshakeException: java.security.cert.CertificateException: Failed to verify both host address and host name
	at sun.security.ssl.Alerts.getSSLException(Alerts.java:198)
	at sun.security.ssl.SSLSocketImpl.fatal(SSLSocketImpl.java:1967)
	at sun.security.ssl.Handshaker.fatalSE(Handshaker.java:331)
	at sun.security.ssl.Handshaker.fatalSE(Handshaker.java:325)
	at sun.security.ssl.ClientHandshaker.serverCertificate(ClientHandshaker.java:1688)
	at sun.security.ssl.ClientHandshaker.processMessage(ClientHandshaker.java:226)
	at sun.security.ssl.Handshaker.processLoop(Handshaker.java:1082)
	at sun.security.ssl.Handshaker.process_record(Handshaker.java:1010)
	at sun.security.ssl.SSLSocketImpl.readRecord(SSLSocketImpl.java:1079)
	at sun.security.ssl.SSLSocketImpl.performInitialHandshake(SSLSocketImpl.java:1388)
	at sun.security.ssl.SSLSocketImpl.startHandshake(SSLSocketImpl.java:1416)
	at sun.security.ssl.SSLSocketImpl.startHandshake(SSLSocketImpl.java:1400)
	at org.apache.zookeeper.client.FourLetterWordMain.send4LetterWord(FourLetterWordMain.java:105)
	at org.apache.zookeeper.client.FourLetterWordMain.send4LetterWord(FourLetterWordMain.java:73)
	at org.apache.zookeeper.test.ClientBase.waitForServerUp(ClientBase.java:261)
	at org.apache.zookeeper.test.ClientBase.startServerInstance(ClientBase.java:401)
	at org.apache.zookeeper.test.ClientBase.startServer(ClientBase.java:516)
	at org.apache.zookeeper.test.ClientBase.setUpWithServerId(ClientBase.java:499)
	at org.apache.zookeeper.test.ClientBase.setUp(ClientBase.java:474)
	at org.apache.zookeeper.test.SaslDigestAuthOverSSLTest.setUp(SaslDigestAuthOverSSLTest.java:62)
	at sun.reflect.NativeMethodAccessorImpl.invoke0(Native Method)
	at sun.reflect.NativeMethodAccessorImpl.invoke(NativeMethodAccessorImpl.java:62)
	at sun.reflect.DelegatingMethodAccessorImpl.invoke(DelegatingMethodAccessorImpl.java:43)
	at java.lang.reflect.Method.invoke(Method.java:498)
	at org.junit.runners.model.FrameworkMethod$1.runReflectiveCall(FrameworkMethod.java:50)
	at org.junit.internal.runners.model.ReflectiveCallable.run(ReflectiveCallable.java:12)
	at org.junit.runners.model.FrameworkMethod.invokeExplosively(FrameworkMethod.java:47)
	at mockit.integration.junit4.JUnit4TestRunnerDecorator.invokeExplosively(JUnit4TestRunnerDecorator.java:49)
	at mockit.integration.junit4.FakeFrameworkMethod.invokeExplosively(FakeFrameworkMethod.java:29)
	at org.junit.runners.model.FrameworkMethod.invokeExplosively(FrameworkMethod.java)
	at org.junit.internal.runners.statements.RunBefores.evaluate(RunBefores.java:24)
	at org.junit.internal.runners.statements.RunAfters.evaluate(RunAfters.java:27)
	at org.junit.rules.TestWatcher$1.evaluate(TestWatcher.java:55)
	at org.junit.rules.RunRules.evaluate(RunRules.java:20)
	at org.junit.runners.ParentRunner.runLeaf(ParentRunner.java:325)
	at org.junit.runners.BlockJUnit4ClassRunner.runChild(BlockJUnit4ClassRunner.java:78)
	at org.junit.runners.BlockJUnit4ClassRunner.runChild(BlockJUnit4ClassRunner.java:57)
	at org.junit.runners.ParentRunner$3.run(ParentRunner.java:290)
	at org.junit.runners.ParentRunner$1.schedule(ParentRunner.java:71)
	at org.junit.runners.ParentRunner.runChildren(ParentRunner.java:288)
	at org.junit.runners.ParentRunner.access$000(ParentRunner.java:58)
	at org.junit.runners.ParentRunner$2.evaluate(ParentRunner.java:268)
	at org.junit.internal.runners.statements.RunBefores.evaluate(RunBefores.java:26)
	at org.junit.runners.ParentRunner.run(ParentRunner.java:363)
	at org.apache.maven.surefire.junit4.JUnit4Provider.execute(JUnit4Provider.java:365)
	at org.apache.maven.surefire.junit4.JUnit4Provider.executeWithRerun(JUnit4Provider.java:273)
	at org.apache.maven.surefire.junit4.JUnit4Provider.executeTestSet(JUnit4Provider.java:238)
	at org.apache.maven.surefire.junit4.JUnit4Provider.invoke(JUnit4Provider.java:159)
	at org.apache.maven.surefire.booter.ForkedBooter.invokeProviderInSameClassLoader(ForkedBooter.java:384)
	at org.apache.maven.surefire.booter.ForkedBooter.runSuitesInProcess(ForkedBooter.java:345)
	at org.apache.maven.surefire.booter.ForkedBooter.execute(ForkedBooter.java:126)
	at org.apache.maven.surefire.booter.ForkedBooter.main(ForkedBooter.java:418)
Caused by: java.security.cert.CertificateException: Failed to verify both host address and host name
	at org.apache.zookeeper.common.ZKTrustManager.performHostVerification(ZKTrustManager.java:163)
	at org.apache.zookeeper.common.ZKTrustManager.checkServerTrusted(ZKTrustManager.java:90)
	at sun.security.ssl.ClientHandshaker.serverCertificate(ClientHandshaker.java:1670)
	... 47 more
Caused by: javax.net.ssl.SSLPeerUnverifiedException: Certificate for <activate.navicat.com> doesn't match common name of the certificate subject: localhost
	at org.apache.zookeeper.common.ZKHostnameVerifier.matchCN(ZKHostnameVerifier.java:238)
	at org.apache.zookeeper.common.ZKHostnameVerifier.verify(ZKHostnameVerifier.java:184)
	at org.apache.zookeeper.common.ZKTrustManager.performHostVerification(ZKTrustManager.java:159)
	... 49 more
2020-06-22 14:22:41,561 [myid:] - ERROR [nioEventLoopGroup-4-15:NettyServerCnxnFactory$CertificateVerifier@434] - Unsuccessful handshake with session 0x0
2020-06-22 14:22:41,562 [myid:] - WARN  [nioEventLoopGroup-4-15:NettyServerCnxnFactory$CnxnChannelHandler@273] - Exception caught
io.netty.handler.codec.DecoderException: javax.net.ssl.SSLException: Received fatal alert: certificate_unknown
	at io.netty.handler.codec.ByteToMessageDecoder.callDecode(ByteToMessageDecoder.java:468)
	at io.netty.handler.codec.ByteToMessageDecoder.channelRead(ByteToMessageDecoder.java:276)
	at io.netty.channel.AbstractChannelHandlerContext.invokeChannelRead(AbstractChannelHandlerContext.java:379)
	at io.netty.channel.AbstractChannelHandlerContext.invokeChannelRead(AbstractChannelHandlerContext.java:365)
	at io.netty.channel.AbstractChannelHandlerContext.fireChannelRead(AbstractChannelHandlerContext.java:357)
	at io.netty.channel.DefaultChannelPipeline$HeadContext.channelRead(DefaultChannelPipeline.java:1410)
	at io.netty.channel.AbstractChannelHandlerContext.invokeChannelRead(AbstractChannelHandlerContext.java:379)
	at io.netty.channel.AbstractChannelHandlerContext.invokeChannelRead(AbstractChannelHandlerContext.java:365)
	at io.netty.channel.DefaultChannelPipeline.fireChannelRead(DefaultChannelPipeline.java:919)
	at io.netty.channel.nio.AbstractNioByteChannel$NioByteUnsafe.read(AbstractNioByteChannel.java:163)
	at io.netty.channel.nio.NioEventLoop.processSelectedKey(NioEventLoop.java:714)
	at io.netty.channel.nio.NioEventLoop.processSelectedKeysOptimized(NioEventLoop.java:650)
	at io.netty.channel.nio.NioEventLoop.processSelectedKeys(NioEventLoop.java:576)
	at io.netty.channel.nio.NioEventLoop.run(NioEventLoop.java:493)
	at io.netty.util.concurrent.SingleThreadEventExecutor$4.run(SingleThreadEventExecutor.java:989)
	at io.netty.util.internal.ThreadExecutorMap$2.run(ThreadExecutorMap.java:74)
	at io.netty.util.concurrent.FastThreadLocalRunnable.run(FastThreadLocalRunnable.java:30)
	at java.lang.Thread.run(Thread.java:748)
Caused by: javax.net.ssl.SSLException: Received fatal alert: certificate_unknown
	at sun.security.ssl.Alerts.getSSLException(Alerts.java:214)
	at sun.security.ssl.SSLEngineImpl.fatal(SSLEngineImpl.java:1667)
	at sun.security.ssl.SSLEngineImpl.fatal(SSLEngineImpl.java:1635)
	at sun.security.ssl.SSLEngineImpl.recvAlert(SSLEngineImpl.java:1801)
	at sun.security.ssl.SSLEngineImpl.readRecord(SSLEngineImpl.java:1090)
	at sun.security.ssl.SSLEngineImpl.readNetRecord(SSLEngineImpl.java:913)
	at sun.security.ssl.SSLEngineImpl.unwrap(SSLEngineImpl.java:783)
	at javax.net.ssl.SSLEngine.unwrap(SSLEngine.java:626)
	at io.netty.handler.ssl.SslHandler$SslEngineType$3.unwrap(SslHandler.java:281)
	at io.netty.handler.ssl.SslHandler.unwrap(SslHandler.java:1340)
	at io.netty.handler.ssl.SslHandler.decodeJdkCompatible(SslHandler.java:1235)
	at io.netty.handler.ssl.SslHandler.decode(SslHandler.java:1282)
	at io.netty.handler.codec.ByteToMessageDecoder.decodeRemovalReentryProtection(ByteToMessageDecoder.java:498)
	at io.netty.handler.codec.ByteToMessageDecoder.callDecode(ByteToMessageDecoder.java:437)
	... 17 more
2020-06-22 14:22:41,563 [myid:] - WARN  [nioEventLoopGroup-4-15:NettyServerCnxnFactory$CnxnChannelHandler@273] - Exception caught
io.netty.handler.codec.DecoderException: javax.net.ssl.SSLException: Received fatal alert: certificate_unknown
	at io.netty.handler.codec.ByteToMessageDecoder.callDecode(ByteToMessageDecoder.java:468)
	at io.netty.handler.codec.ByteToMessageDecoder.channelInputClosed(ByteToMessageDecoder.java:401)
	at io.netty.handler.codec.ByteToMessageDecoder.channelInputClosed(ByteToMessageDecoder.java:368)
	at io.netty.handler.codec.ByteToMessageDecoder.channelInactive(ByteToMessageDecoder.java:351)
	at io.netty.handler.ssl.SslHandler.channelInactive(SslHandler.java:1084)
	at io.netty.channel.AbstractChannelHandlerContext.invokeChannelInactive(AbstractChannelHandlerContext.java:262)
	at io.netty.channel.AbstractChannelHandlerContext.invokeChannelInactive(AbstractChannelHandlerContext.java:248)
	at io.netty.channel.AbstractChannelHandlerContext.fireChannelInactive(AbstractChannelHandlerContext.java:241)
	at io.netty.channel.DefaultChannelPipeline$HeadContext.channelInactive(DefaultChannelPipeline.java:1405)
	at io.netty.channel.AbstractChannelHandlerContext.invokeChannelInactive(AbstractChannelHandlerContext.java:262)
	at io.netty.channel.AbstractChannelHandlerContext.invokeChannelInactive(AbstractChannelHandlerContext.java:248)
	at io.netty.channel.DefaultChannelPipeline.fireChannelInactive(DefaultChannelPipeline.java:901)
	at io.netty.channel.AbstractChannel$AbstractUnsafe$8.run(AbstractChannel.java:818)
	at io.netty.util.concurrent.AbstractEventExecutor.safeExecute(AbstractEventExecutor.java:164)
	at io.netty.util.concurrent.SingleThreadEventExecutor.runAllTasks(SingleThreadEventExecutor.java:472)
	at io.netty.channel.nio.NioEventLoop.run(NioEventLoop.java:497)
	at io.netty.util.concurrent.SingleThreadEventExecutor$4.run(SingleThreadEventExecutor.java:989)
	at io.netty.util.internal.ThreadExecutorMap$2.run(ThreadExecutorMap.java:74)
	at io.netty.util.concurrent.FastThreadLocalRunnable.run(FastThreadLocalRunnable.java:30)
	at java.lang.Thread.run(Thread.java:748)
Caused by: javax.net.ssl.SSLException: Received fatal alert: certificate_unknown
	at sun.security.ssl.Alerts.getSSLException(Alerts.java:214)
	at sun.security.ssl.SSLEngineImpl.fatal(SSLEngineImpl.java:1667)
	at sun.security.ssl.SSLEngineImpl.fatal(SSLEngineImpl.java:1635)
	at sun.security.ssl.SSLEngineImpl.recvAlert(SSLEngineImpl.java:1801)
	at sun.security.ssl.SSLEngineImpl.readRecord(SSLEngineImpl.java:1090)
	at sun.security.ssl.SSLEngineImpl.readNetRecord(SSLEngineImpl.java:913)
	at sun.security.ssl.SSLEngineImpl.unwrap(SSLEngineImpl.java:783)
	at javax.net.ssl.SSLEngine.unwrap(SSLEngine.java:626)
	at io.netty.handler.ssl.SslHandler$SslEngineType$3.unwrap(SslHandler.java:281)
	at io.netty.handler.ssl.SslHandler.unwrap(SslHandler.java:1340)
	at io.netty.handler.ssl.SslHandler.decodeJdkCompatible(SslHandler.java:1235)
	at io.netty.handler.ssl.SslHandler.decode(SslHandler.java:1282)
	at io.netty.handler.codec.ByteToMessageDecoder.decodeRemovalReentryProtection(ByteToMessageDecoder.java:498)
	at io.netty.handler.codec.ByteToMessageDecoder.callDecode(ByteToMessageDecoder.java:437)
	... 19 more
2020-06-22 14:22:41,812 [myid:] - INFO  [main:FourLetterWordMain@93] - connecting to 127.0.0.1 21995
2020-06-22 14:22:41,812 [myid:] - INFO  [main:FourLetterWordMain@99] - using secure socket
2020-06-22 14:22:41,825 [myid:] - ERROR [main:ZKTrustManager@161] - Failed to verify host address: 127.0.0.1
javax.net.ssl.SSLPeerUnverifiedException: Certificate for <127.0.0.1> doesn't match common name of the certificate subject: localhost
	at org.apache.zookeeper.common.ZKHostnameVerifier.matchCN(ZKHostnameVerifier.java:238)
	at org.apache.zookeeper.common.ZKHostnameVerifier.verify(ZKHostnameVerifier.java:184)
	at org.apache.zookeeper.common.ZKTrustManager.performHostVerification(ZKTrustManager.java:151)
	at org.apache.zookeeper.common.ZKTrustManager.checkServerTrusted(ZKTrustManager.java:90)
	at sun.security.ssl.ClientHandshaker.serverCertificate(ClientHandshaker.java:1670)
	at sun.security.ssl.ClientHandshaker.processMessage(ClientHandshaker.java:226)
	at sun.security.ssl.Handshaker.processLoop(Handshaker.java:1082)
	at sun.security.ssl.Handshaker.process_record(Handshaker.java:1010)
	at sun.security.ssl.SSLSocketImpl.readRecord(SSLSocketImpl.java:1079)
	at sun.security.ssl.SSLSocketImpl.performInitialHandshake(SSLSocketImpl.java:1388)
	at sun.security.ssl.SSLSocketImpl.startHandshake(SSLSocketImpl.java:1416)
	at sun.security.ssl.SSLSocketImpl.startHandshake(SSLSocketImpl.java:1400)
	at org.apache.zookeeper.client.FourLetterWordMain.send4LetterWord(FourLetterWordMain.java:105)
	at org.apache.zookeeper.client.FourLetterWordMain.send4LetterWord(FourLetterWordMain.java:73)
	at org.apache.zookeeper.test.ClientBase.waitForServerUp(ClientBase.java:261)
	at org.apache.zookeeper.test.ClientBase.startServerInstance(ClientBase.java:401)
	at org.apache.zookeeper.test.ClientBase.startServer(ClientBase.java:516)
	at org.apache.zookeeper.test.ClientBase.setUpWithServerId(ClientBase.java:499)
	at org.apache.zookeeper.test.ClientBase.setUp(ClientBase.java:474)
	at org.apache.zookeeper.test.SaslDigestAuthOverSSLTest.setUp(SaslDigestAuthOverSSLTest.java:62)
	at sun.reflect.NativeMethodAccessorImpl.invoke0(Native Method)
	at sun.reflect.NativeMethodAccessorImpl.invoke(NativeMethodAccessorImpl.java:62)
	at sun.reflect.DelegatingMethodAccessorImpl.invoke(DelegatingMethodAccessorImpl.java:43)
	at java.lang.reflect.Method.invoke(Method.java:498)
	at org.junit.runners.model.FrameworkMethod$1.runReflectiveCall(FrameworkMethod.java:50)
	at org.junit.internal.runners.model.ReflectiveCallable.run(ReflectiveCallable.java:12)
	at org.junit.runners.model.FrameworkMethod.invokeExplosively(FrameworkMethod.java:47)
	at mockit.integration.junit4.JUnit4TestRunnerDecorator.invokeExplosively(JUnit4TestRunnerDecorator.java:49)
	at mockit.integration.junit4.FakeFrameworkMethod.invokeExplosively(FakeFrameworkMethod.java:29)
	at org.junit.runners.model.FrameworkMethod.invokeExplosively(FrameworkMethod.java)
	at org.junit.internal.runners.statements.RunBefores.evaluate(RunBefores.java:24)
	at org.junit.internal.runners.statements.RunAfters.evaluate(RunAfters.java:27)
	at org.junit.rules.TestWatcher$1.evaluate(TestWatcher.java:55)
	at org.junit.rules.RunRules.evaluate(RunRules.java:20)
	at org.junit.runners.ParentRunner.runLeaf(ParentRunner.java:325)
	at org.junit.runners.BlockJUnit4ClassRunner.runChild(BlockJUnit4ClassRunner.java:78)
	at org.junit.runners.BlockJUnit4ClassRunner.runChild(BlockJUnit4ClassRunner.java:57)
	at org.junit.runners.ParentRunner$3.run(ParentRunner.java:290)
	at org.junit.runners.ParentRunner$1.schedule(ParentRunner.java:71)
	at org.junit.runners.ParentRunner.runChildren(ParentRunner.java:288)
	at org.junit.runners.ParentRunner.access$000(ParentRunner.java:58)
	at org.junit.runners.ParentRunner$2.evaluate(ParentRunner.java:268)
	at org.junit.internal.runners.statements.RunBefores.evaluate(RunBefores.java:26)
	at org.junit.runners.ParentRunner.run(ParentRunner.java:363)
	at org.apache.maven.surefire.junit4.JUnit4Provider.execute(JUnit4Provider.java:365)
	at org.apache.maven.surefire.junit4.JUnit4Provider.executeWithRerun(JUnit4Provider.java:273)
	at org.apache.maven.surefire.junit4.JUnit4Provider.executeTestSet(JUnit4Provider.java:238)
	at org.apache.maven.surefire.junit4.JUnit4Provider.invoke(JUnit4Provider.java:159)
	at org.apache.maven.surefire.booter.ForkedBooter.invokeProviderInSameClassLoader(ForkedBooter.java:384)
	at org.apache.maven.surefire.booter.ForkedBooter.runSuitesInProcess(ForkedBooter.java:345)
	at org.apache.maven.surefire.booter.ForkedBooter.execute(ForkedBooter.java:126)
	at org.apache.maven.surefire.booter.ForkedBooter.main(ForkedBooter.java:418)
2020-06-22 14:22:41,826 [myid:] - ERROR [main:ZKTrustManager@162] - Failed to verify hostname: activate.navicat.com
javax.net.ssl.SSLPeerUnverifiedException: Certificate for <activate.navicat.com> doesn't match common name of the certificate subject: localhost
	at org.apache.zookeeper.common.ZKHostnameVerifier.matchCN(ZKHostnameVerifier.java:238)
	at org.apache.zookeeper.common.ZKHostnameVerifier.verify(ZKHostnameVerifier.java:184)
	at org.apache.zookeeper.common.ZKTrustManager.performHostVerification(ZKTrustManager.java:159)
	at org.apache.zookeeper.common.ZKTrustManager.checkServerTrusted(ZKTrustManager.java:90)
	at sun.security.ssl.ClientHandshaker.serverCertificate(ClientHandshaker.java:1670)
	at sun.security.ssl.ClientHandshaker.processMessage(ClientHandshaker.java:226)
	at sun.security.ssl.Handshaker.processLoop(Handshaker.java:1082)
	at sun.security.ssl.Handshaker.process_record(Handshaker.java:1010)
	at sun.security.ssl.SSLSocketImpl.readRecord(SSLSocketImpl.java:1079)
	at sun.security.ssl.SSLSocketImpl.performInitialHandshake(SSLSocketImpl.java:1388)
	at sun.security.ssl.SSLSocketImpl.startHandshake(SSLSocketImpl.java:1416)
	at sun.security.ssl.SSLSocketImpl.startHandshake(SSLSocketImpl.java:1400)
	at org.apache.zookeeper.client.FourLetterWordMain.send4LetterWord(FourLetterWordMain.java:105)
	at org.apache.zookeeper.client.FourLetterWordMain.send4LetterWord(FourLetterWordMain.java:73)
	at org.apache.zookeeper.test.ClientBase.waitForServerUp(ClientBase.java:261)
	at org.apache.zookeeper.test.ClientBase.startServerInstance(ClientBase.java:401)
	at org.apache.zookeeper.test.ClientBase.startServer(ClientBase.java:516)
	at org.apache.zookeeper.test.ClientBase.setUpWithServerId(ClientBase.java:499)
	at org.apache.zookeeper.test.ClientBase.setUp(ClientBase.java:474)
	at org.apache.zookeeper.test.SaslDigestAuthOverSSLTest.setUp(SaslDigestAuthOverSSLTest.java:62)
	at sun.reflect.NativeMethodAccessorImpl.invoke0(Native Method)
	at sun.reflect.NativeMethodAccessorImpl.invoke(NativeMethodAccessorImpl.java:62)
	at sun.reflect.DelegatingMethodAccessorImpl.invoke(DelegatingMethodAccessorImpl.java:43)
	at java.lang.reflect.Method.invoke(Method.java:498)
	at org.junit.runners.model.FrameworkMethod$1.runReflectiveCall(FrameworkMethod.java:50)
	at org.junit.internal.runners.model.ReflectiveCallable.run(ReflectiveCallable.java:12)
	at org.junit.runners.model.FrameworkMethod.invokeExplosively(FrameworkMethod.java:47)
	at mockit.integration.junit4.JUnit4TestRunnerDecorator.invokeExplosively(JUnit4TestRunnerDecorator.java:49)
	at mockit.integration.junit4.FakeFrameworkMethod.invokeExplosively(FakeFrameworkMethod.java:29)
	at org.junit.runners.model.FrameworkMethod.invokeExplosively(FrameworkMethod.java)
	at org.junit.internal.runners.statements.RunBefores.evaluate(RunBefores.java:24)
	at org.junit.internal.runners.statements.RunAfters.evaluate(RunAfters.java:27)
	at org.junit.rules.TestWatcher$1.evaluate(TestWatcher.java:55)
	at org.junit.rules.RunRules.evaluate(RunRules.java:20)
	at org.junit.runners.ParentRunner.runLeaf(ParentRunner.java:325)
	at org.junit.runners.BlockJUnit4ClassRunner.runChild(BlockJUnit4ClassRunner.java:78)
	at org.junit.runners.BlockJUnit4ClassRunner.runChild(BlockJUnit4ClassRunner.java:57)
	at org.junit.runners.ParentRunner$3.run(ParentRunner.java:290)
	at org.junit.runners.ParentRunner$1.schedule(ParentRunner.java:71)
	at org.junit.runners.ParentRunner.runChildren(ParentRunner.java:288)
	at org.junit.runners.ParentRunner.access$000(ParentRunner.java:58)
	at org.junit.runners.ParentRunner$2.evaluate(ParentRunner.java:268)
	at org.junit.internal.runners.statements.RunBefores.evaluate(RunBefores.java:26)
	at org.junit.runners.ParentRunner.run(ParentRunner.java:363)
	at org.apache.maven.surefire.junit4.JUnit4Provider.execute(JUnit4Provider.java:365)
	at org.apache.maven.surefire.junit4.JUnit4Provider.executeWithRerun(JUnit4Provider.java:273)
	at org.apache.maven.surefire.junit4.JUnit4Provider.executeTestSet(JUnit4Provider.java:238)
	at org.apache.maven.surefire.junit4.JUnit4Provider.invoke(JUnit4Provider.java:159)
	at org.apache.maven.surefire.booter.ForkedBooter.invokeProviderInSameClassLoader(ForkedBooter.java:384)
	at org.apache.maven.surefire.booter.ForkedBooter.runSuitesInProcess(ForkedBooter.java:345)
	at org.apache.maven.surefire.booter.ForkedBooter.execute(ForkedBooter.java:126)
	at org.apache.maven.surefire.booter.ForkedBooter.main(ForkedBooter.java:418)
2020-06-22 14:22:41,831 [myid:] - INFO  [main:ClientBase@270] - server 127.0.0.1:21995 not up
javax.net.ssl.SSLHandshakeException: java.security.cert.CertificateException: Failed to verify both host address and host name
	at sun.security.ssl.Alerts.getSSLException(Alerts.java:198)
	at sun.security.ssl.SSLSocketImpl.fatal(SSLSocketImpl.java:1967)
	at sun.security.ssl.Handshaker.fatalSE(Handshaker.java:331)
	at sun.security.ssl.Handshaker.fatalSE(Handshaker.java:325)
	at sun.security.ssl.ClientHandshaker.serverCertificate(ClientHandshaker.java:1688)
	at sun.security.ssl.ClientHandshaker.processMessage(ClientHandshaker.java:226)
	at sun.security.ssl.Handshaker.processLoop(Handshaker.java:1082)
	at sun.security.ssl.Handshaker.process_record(Handshaker.java:1010)
	at sun.security.ssl.SSLSocketImpl.readRecord(SSLSocketImpl.java:1079)
	at sun.security.ssl.SSLSocketImpl.performInitialHandshake(SSLSocketImpl.java:1388)
	at sun.security.ssl.SSLSocketImpl.startHandshake(SSLSocketImpl.java:1416)
	at sun.security.ssl.SSLSocketImpl.startHandshake(SSLSocketImpl.java:1400)
	at org.apache.zookeeper.client.FourLetterWordMain.send4LetterWord(FourLetterWordMain.java:105)
	at org.apache.zookeeper.client.FourLetterWordMain.send4LetterWord(FourLetterWordMain.java:73)
	at org.apache.zookeeper.test.ClientBase.waitForServerUp(ClientBase.java:261)
	at org.apache.zookeeper.test.ClientBase.startServerInstance(ClientBase.java:401)
	at org.apache.zookeeper.test.ClientBase.startServer(ClientBase.java:516)
	at org.apache.zookeeper.test.ClientBase.setUpWithServerId(ClientBase.java:499)
	at org.apache.zookeeper.test.ClientBase.setUp(ClientBase.java:474)
	at org.apache.zookeeper.test.SaslDigestAuthOverSSLTest.setUp(SaslDigestAuthOverSSLTest.java:62)
	at sun.reflect.NativeMethodAccessorImpl.invoke0(Native Method)
	at sun.reflect.NativeMethodAccessorImpl.invoke(NativeMethodAccessorImpl.java:62)
	at sun.reflect.DelegatingMethodAccessorImpl.invoke(DelegatingMethodAccessorImpl.java:43)
	at java.lang.reflect.Method.invoke(Method.java:498)
	at org.junit.runners.model.FrameworkMethod$1.runReflectiveCall(FrameworkMethod.java:50)
	at org.junit.internal.runners.model.ReflectiveCallable.run(ReflectiveCallable.java:12)
	at org.junit.runners.model.FrameworkMethod.invokeExplosively(FrameworkMethod.java:47)
	at mockit.integration.junit4.JUnit4TestRunnerDecorator.invokeExplosively(JUnit4TestRunnerDecorator.java:49)
	at mockit.integration.junit4.FakeFrameworkMethod.invokeExplosively(FakeFrameworkMethod.java:29)
	at org.junit.runners.model.FrameworkMethod.invokeExplosively(FrameworkMethod.java)
	at org.junit.internal.runners.statements.RunBefores.evaluate(RunBefores.java:24)
	at org.junit.internal.runners.statements.RunAfters.evaluate(RunAfters.java:27)
	at org.junit.rules.TestWatcher$1.evaluate(TestWatcher.java:55)
	at org.junit.rules.RunRules.evaluate(RunRules.java:20)
	at org.junit.runners.ParentRunner.runLeaf(ParentRunner.java:325)
	at org.junit.runners.BlockJUnit4ClassRunner.runChild(BlockJUnit4ClassRunner.java:78)
	at org.junit.runners.BlockJUnit4ClassRunner.runChild(BlockJUnit4ClassRunner.java:57)
	at org.junit.runners.ParentRunner$3.run(ParentRunner.java:290)
	at org.junit.runners.ParentRunner$1.schedule(ParentRunner.java:71)
	at org.junit.runners.ParentRunner.runChildren(ParentRunner.java:288)
	at org.junit.runners.ParentRunner.access$000(ParentRunner.java:58)
	at org.junit.runners.ParentRunner$2.evaluate(ParentRunner.java:268)
	at org.junit.internal.runners.statements.RunBefores.evaluate(RunBefores.java:26)
	at org.junit.runners.ParentRunner.run(ParentRunner.java:363)
	at org.apache.maven.surefire.junit4.JUnit4Provider.execute(JUnit4Provider.java:365)
	at org.apache.maven.surefire.junit4.JUnit4Provider.executeWithRerun(JUnit4Provider.java:273)
	at org.apache.maven.surefire.junit4.JUnit4Provider.executeTestSet(JUnit4Provider.java:238)
	at org.apache.maven.surefire.junit4.JUnit4Provider.invoke(JUnit4Provider.java:159)
	at org.apache.maven.surefire.booter.ForkedBooter.invokeProviderInSameClassLoader(ForkedBooter.java:384)
	at org.apache.maven.surefire.booter.ForkedBooter.runSuitesInProcess(ForkedBooter.java:345)
	at org.apache.maven.surefire.booter.ForkedBooter.execute(ForkedBooter.java:126)
	at org.apache.maven.surefire.booter.ForkedBooter.main(ForkedBooter.java:418)
Caused by: java.security.cert.CertificateException: Failed to verify both host address and host name
	at org.apache.zookeeper.common.ZKTrustManager.performHostVerification(ZKTrustManager.java:163)
	at org.apache.zookeeper.common.ZKTrustManager.checkServerTrusted(ZKTrustManager.java:90)
	at sun.security.ssl.ClientHandshaker.serverCertificate(ClientHandshaker.java:1670)
	... 47 more
Caused by: javax.net.ssl.SSLPeerUnverifiedException: Certificate for <activate.navicat.com> doesn't match common name of the certificate subject: localhost
	at org.apache.zookeeper.common.ZKHostnameVerifier.matchCN(ZKHostnameVerifier.java:238)
	at org.apache.zookeeper.common.ZKHostnameVerifier.verify(ZKHostnameVerifier.java:184)
	at org.apache.zookeeper.common.ZKTrustManager.performHostVerification(ZKTrustManager.java:159)
	... 49 more
2020-06-22 14:22:41,831 [myid:] - ERROR [nioEventLoopGroup-4-16:NettyServerCnxnFactory$CertificateVerifier@434] - Unsuccessful handshake with session 0x0
2020-06-22 14:22:41,833 [myid:] - WARN  [nioEventLoopGroup-4-16:NettyServerCnxnFactory$CnxnChannelHandler@273] - Exception caught
io.netty.handler.codec.DecoderException: javax.net.ssl.SSLException: Received fatal alert: certificate_unknown
	at io.netty.handler.codec.ByteToMessageDecoder.callDecode(ByteToMessageDecoder.java:468)
	at io.netty.handler.codec.ByteToMessageDecoder.channelRead(ByteToMessageDecoder.java:276)
	at io.netty.channel.AbstractChannelHandlerContext.invokeChannelRead(AbstractChannelHandlerContext.java:379)
	at io.netty.channel.AbstractChannelHandlerContext.invokeChannelRead(AbstractChannelHandlerContext.java:365)
	at io.netty.channel.AbstractChannelHandlerContext.fireChannelRead(AbstractChannelHandlerContext.java:357)
	at io.netty.channel.DefaultChannelPipeline$HeadContext.channelRead(DefaultChannelPipeline.java:1410)
	at io.netty.channel.AbstractChannelHandlerContext.invokeChannelRead(AbstractChannelHandlerContext.java:379)
	at io.netty.channel.AbstractChannelHandlerContext.invokeChannelRead(AbstractChannelHandlerContext.java:365)
	at io.netty.channel.DefaultChannelPipeline.fireChannelRead(DefaultChannelPipeline.java:919)
	at io.netty.channel.nio.AbstractNioByteChannel$NioByteUnsafe.read(AbstractNioByteChannel.java:163)
	at io.netty.channel.nio.NioEventLoop.processSelectedKey(NioEventLoop.java:714)
	at io.netty.channel.nio.NioEventLoop.processSelectedKeysOptimized(NioEventLoop.java:650)
	at io.netty.channel.nio.NioEventLoop.processSelectedKeys(NioEventLoop.java:576)
	at io.netty.channel.nio.NioEventLoop.run(NioEventLoop.java:493)
	at io.netty.util.concurrent.SingleThreadEventExecutor$4.run(SingleThreadEventExecutor.java:989)
	at io.netty.util.internal.ThreadExecutorMap$2.run(ThreadExecutorMap.java:74)
	at io.netty.util.concurrent.FastThreadLocalRunnable.run(FastThreadLocalRunnable.java:30)
	at java.lang.Thread.run(Thread.java:748)
Caused by: javax.net.ssl.SSLException: Received fatal alert: certificate_unknown
	at sun.security.ssl.Alerts.getSSLException(Alerts.java:214)
	at sun.security.ssl.SSLEngineImpl.fatal(SSLEngineImpl.java:1667)
	at sun.security.ssl.SSLEngineImpl.fatal(SSLEngineImpl.java:1635)
	at sun.security.ssl.SSLEngineImpl.recvAlert(SSLEngineImpl.java:1801)
	at sun.security.ssl.SSLEngineImpl.readRecord(SSLEngineImpl.java:1090)
	at sun.security.ssl.SSLEngineImpl.readNetRecord(SSLEngineImpl.java:913)
	at sun.security.ssl.SSLEngineImpl.unwrap(SSLEngineImpl.java:783)
	at javax.net.ssl.SSLEngine.unwrap(SSLEngine.java:626)
	at io.netty.handler.ssl.SslHandler$SslEngineType$3.unwrap(SslHandler.java:281)
	at io.netty.handler.ssl.SslHandler.unwrap(SslHandler.java:1340)
	at io.netty.handler.ssl.SslHandler.decodeJdkCompatible(SslHandler.java:1235)
	at io.netty.handler.ssl.SslHandler.decode(SslHandler.java:1282)
	at io.netty.handler.codec.ByteToMessageDecoder.decodeRemovalReentryProtection(ByteToMessageDecoder.java:498)
	at io.netty.handler.codec.ByteToMessageDecoder.callDecode(ByteToMessageDecoder.java:437)
	... 17 more
2020-06-22 14:22:41,834 [myid:] - WARN  [nioEventLoopGroup-4-16:NettyServerCnxnFactory$CnxnChannelHandler@273] - Exception caught
io.netty.handler.codec.DecoderException: javax.net.ssl.SSLException: Received fatal alert: certificate_unknown
	at io.netty.handler.codec.ByteToMessageDecoder.callDecode(ByteToMessageDecoder.java:468)
	at io.netty.handler.codec.ByteToMessageDecoder.channelInputClosed(ByteToMessageDecoder.java:401)
	at io.netty.handler.codec.ByteToMessageDecoder.channelInputClosed(ByteToMessageDecoder.java:368)
	at io.netty.handler.codec.ByteToMessageDecoder.channelInactive(ByteToMessageDecoder.java:351)
	at io.netty.handler.ssl.SslHandler.channelInactive(SslHandler.java:1084)
	at io.netty.channel.AbstractChannelHandlerContext.invokeChannelInactive(AbstractChannelHandlerContext.java:262)
	at io.netty.channel.AbstractChannelHandlerContext.invokeChannelInactive(AbstractChannelHandlerContext.java:248)
	at io.netty.channel.AbstractChannelHandlerContext.fireChannelInactive(AbstractChannelHandlerContext.java:241)
	at io.netty.channel.DefaultChannelPipeline$HeadContext.channelInactive(DefaultChannelPipeline.java:1405)
	at io.netty.channel.AbstractChannelHandlerContext.invokeChannelInactive(AbstractChannelHandlerContext.java:262)
	at io.netty.channel.AbstractChannelHandlerContext.invokeChannelInactive(AbstractChannelHandlerContext.java:248)
	at io.netty.channel.DefaultChannelPipeline.fireChannelInactive(DefaultChannelPipeline.java:901)
	at io.netty.channel.AbstractChannel$AbstractUnsafe$8.run(AbstractChannel.java:818)
	at io.netty.util.concurrent.AbstractEventExecutor.safeExecute(AbstractEventExecutor.java:164)
	at io.netty.util.concurrent.SingleThreadEventExecutor.runAllTasks(SingleThreadEventExecutor.java:472)
	at io.netty.channel.nio.NioEventLoop.run(NioEventLoop.java:497)
	at io.netty.util.concurrent.SingleThreadEventExecutor$4.run(SingleThreadEventExecutor.java:989)
	at io.netty.util.internal.ThreadExecutorMap$2.run(ThreadExecutorMap.java:74)
	at io.netty.util.concurrent.FastThreadLocalRunnable.run(FastThreadLocalRunnable.java:30)
	at java.lang.Thread.run(Thread.java:748)
Caused by: javax.net.ssl.SSLException: Received fatal alert: certificate_unknown
	at sun.security.ssl.Alerts.getSSLException(Alerts.java:214)
	at sun.security.ssl.SSLEngineImpl.fatal(SSLEngineImpl.java:1667)
	at sun.security.ssl.SSLEngineImpl.fatal(SSLEngineImpl.java:1635)
	at sun.security.ssl.SSLEngineImpl.recvAlert(SSLEngineImpl.java:1801)
	at sun.security.ssl.SSLEngineImpl.readRecord(SSLEngineImpl.java:1090)
	at sun.security.ssl.SSLEngineImpl.readNetRecord(SSLEngineImpl.java:913)
	at sun.security.ssl.SSLEngineImpl.unwrap(SSLEngineImpl.java:783)
	at javax.net.ssl.SSLEngine.unwrap(SSLEngine.java:626)
	at io.netty.handler.ssl.SslHandler$SslEngineType$3.unwrap(SslHandler.java:281)
	at io.netty.handler.ssl.SslHandler.unwrap(SslHandler.java:1340)
	at io.netty.handler.ssl.SslHandler.decodeJdkCompatible(SslHandler.java:1235)
	at io.netty.handler.ssl.SslHandler.decode(SslHandler.java:1282)
	at io.netty.handler.codec.ByteToMessageDecoder.decodeRemovalReentryProtection(ByteToMessageDecoder.java:498)
	at io.netty.handler.codec.ByteToMessageDecoder.callDecode(ByteToMessageDecoder.java:437)
	... 19 more
2020-06-22 14:22:42,082 [myid:] - INFO  [main:FourLetterWordMain@93] - connecting to 127.0.0.1 21995
2020-06-22 14:22:42,082 [myid:] - INFO  [main:FourLetterWordMain@99] - using secure socket
2020-06-22 14:22:42,094 [myid:] - ERROR [main:ZKTrustManager@161] - Failed to verify host address: 127.0.0.1
javax.net.ssl.SSLPeerUnverifiedException: Certificate for <127.0.0.1> doesn't match common name of the certificate subject: localhost
	at org.apache.zookeeper.common.ZKHostnameVerifier.matchCN(ZKHostnameVerifier.java:238)
	at org.apache.zookeeper.common.ZKHostnameVerifier.verify(ZKHostnameVerifier.java:184)
	at org.apache.zookeeper.common.ZKTrustManager.performHostVerification(ZKTrustManager.java:151)
	at org.apache.zookeeper.common.ZKTrustManager.checkServerTrusted(ZKTrustManager.java:90)
	at sun.security.ssl.ClientHandshaker.serverCertificate(ClientHandshaker.java:1670)
	at sun.security.ssl.ClientHandshaker.processMessage(ClientHandshaker.java:226)
	at sun.security.ssl.Handshaker.processLoop(Handshaker.java:1082)
	at sun.security.ssl.Handshaker.process_record(Handshaker.java:1010)
	at sun.security.ssl.SSLSocketImpl.readRecord(SSLSocketImpl.java:1079)
	at sun.security.ssl.SSLSocketImpl.performInitialHandshake(SSLSocketImpl.java:1388)
	at sun.security.ssl.SSLSocketImpl.startHandshake(SSLSocketImpl.java:1416)
	at sun.security.ssl.SSLSocketImpl.startHandshake(SSLSocketImpl.java:1400)
	at org.apache.zookeeper.client.FourLetterWordMain.send4LetterWord(FourLetterWordMain.java:105)
	at org.apache.zookeeper.client.FourLetterWordMain.send4LetterWord(FourLetterWordMain.java:73)
	at org.apache.zookeeper.test.ClientBase.waitForServerUp(ClientBase.java:261)
	at org.apache.zookeeper.test.ClientBase.startServerInstance(ClientBase.java:401)
	at org.apache.zookeeper.test.ClientBase.startServer(ClientBase.java:516)
	at org.apache.zookeeper.test.ClientBase.setUpWithServerId(ClientBase.java:499)
	at org.apache.zookeeper.test.ClientBase.setUp(ClientBase.java:474)
	at org.apache.zookeeper.test.SaslDigestAuthOverSSLTest.setUp(SaslDigestAuthOverSSLTest.java:62)
	at sun.reflect.NativeMethodAccessorImpl.invoke0(Native Method)
	at sun.reflect.NativeMethodAccessorImpl.invoke(NativeMethodAccessorImpl.java:62)
	at sun.reflect.DelegatingMethodAccessorImpl.invoke(DelegatingMethodAccessorImpl.java:43)
	at java.lang.reflect.Method.invoke(Method.java:498)
	at org.junit.runners.model.FrameworkMethod$1.runReflectiveCall(FrameworkMethod.java:50)
	at org.junit.internal.runners.model.ReflectiveCallable.run(ReflectiveCallable.java:12)
	at org.junit.runners.model.FrameworkMethod.invokeExplosively(FrameworkMethod.java:47)
	at mockit.integration.junit4.JUnit4TestRunnerDecorator.invokeExplosively(JUnit4TestRunnerDecorator.java:49)
	at mockit.integration.junit4.FakeFrameworkMethod.invokeExplosively(FakeFrameworkMethod.java:29)
	at org.junit.runners.model.FrameworkMethod.invokeExplosively(FrameworkMethod.java)
	at org.junit.internal.runners.statements.RunBefores.evaluate(RunBefores.java:24)
	at org.junit.internal.runners.statements.RunAfters.evaluate(RunAfters.java:27)
	at org.junit.rules.TestWatcher$1.evaluate(TestWatcher.java:55)
	at org.junit.rules.RunRules.evaluate(RunRules.java:20)
	at org.junit.runners.ParentRunner.runLeaf(ParentRunner.java:325)
	at org.junit.runners.BlockJUnit4ClassRunner.runChild(BlockJUnit4ClassRunner.java:78)
	at org.junit.runners.BlockJUnit4ClassRunner.runChild(BlockJUnit4ClassRunner.java:57)
	at org.junit.runners.ParentRunner$3.run(ParentRunner.java:290)
	at org.junit.runners.ParentRunner$1.schedule(ParentRunner.java:71)
	at org.junit.runners.ParentRunner.runChildren(ParentRunner.java:288)
	at org.junit.runners.ParentRunner.access$000(ParentRunner.java:58)
	at org.junit.runners.ParentRunner$2.evaluate(ParentRunner.java:268)
	at org.junit.internal.runners.statements.RunBefores.evaluate(RunBefores.java:26)
	at org.junit.runners.ParentRunner.run(ParentRunner.java:363)
	at org.apache.maven.surefire.junit4.JUnit4Provider.execute(JUnit4Provider.java:365)
	at org.apache.maven.surefire.junit4.JUnit4Provider.executeWithRerun(JUnit4Provider.java:273)
	at org.apache.maven.surefire.junit4.JUnit4Provider.executeTestSet(JUnit4Provider.java:238)
	at org.apache.maven.surefire.junit4.JUnit4Provider.invoke(JUnit4Provider.java:159)
	at org.apache.maven.surefire.booter.ForkedBooter.invokeProviderInSameClassLoader(ForkedBooter.java:384)
	at org.apache.maven.surefire.booter.ForkedBooter.runSuitesInProcess(ForkedBooter.java:345)
	at org.apache.maven.surefire.booter.ForkedBooter.execute(ForkedBooter.java:126)
	at org.apache.maven.surefire.booter.ForkedBooter.main(ForkedBooter.java:418)
2020-06-22 14:22:42,094 [myid:] - ERROR [main:ZKTrustManager@162] - Failed to verify hostname: activate.navicat.com
javax.net.ssl.SSLPeerUnverifiedException: Certificate for <activate.navicat.com> doesn't match common name of the certificate subject: localhost
	at org.apache.zookeeper.common.ZKHostnameVerifier.matchCN(ZKHostnameVerifier.java:238)
	at org.apache.zookeeper.common.ZKHostnameVerifier.verify(ZKHostnameVerifier.java:184)
	at org.apache.zookeeper.common.ZKTrustManager.performHostVerification(ZKTrustManager.java:159)
	at org.apache.zookeeper.common.ZKTrustManager.checkServerTrusted(ZKTrustManager.java:90)
	at sun.security.ssl.ClientHandshaker.serverCertificate(ClientHandshaker.java:1670)
	at sun.security.ssl.ClientHandshaker.processMessage(ClientHandshaker.java:226)
	at sun.security.ssl.Handshaker.processLoop(Handshaker.java:1082)
	at sun.security.ssl.Handshaker.process_record(Handshaker.java:1010)
	at sun.security.ssl.SSLSocketImpl.readRecord(SSLSocketImpl.java:1079)
	at sun.security.ssl.SSLSocketImpl.performInitialHandshake(SSLSocketImpl.java:1388)
	at sun.security.ssl.SSLSocketImpl.startHandshake(SSLSocketImpl.java:1416)
	at sun.security.ssl.SSLSocketImpl.startHandshake(SSLSocketImpl.java:1400)
	at org.apache.zookeeper.client.FourLetterWordMain.send4LetterWord(FourLetterWordMain.java:105)
	at org.apache.zookeeper.client.FourLetterWordMain.send4LetterWord(FourLetterWordMain.java:73)
	at org.apache.zookeeper.test.ClientBase.waitForServerUp(ClientBase.java:261)
	at org.apache.zookeeper.test.ClientBase.startServerInstance(ClientBase.java:401)
	at org.apache.zookeeper.test.ClientBase.startServer(ClientBase.java:516)
	at org.apache.zookeeper.test.ClientBase.setUpWithServerId(ClientBase.java:499)
	at org.apache.zookeeper.test.ClientBase.setUp(ClientBase.java:474)
	at org.apache.zookeeper.test.SaslDigestAuthOverSSLTest.setUp(SaslDigestAuthOverSSLTest.java:62)
	at sun.reflect.NativeMethodAccessorImpl.invoke0(Native Method)
	at sun.reflect.NativeMethodAccessorImpl.invoke(NativeMethodAccessorImpl.java:62)
	at sun.reflect.DelegatingMethodAccessorImpl.invoke(DelegatingMethodAccessorImpl.java:43)
	at java.lang.reflect.Method.invoke(Method.java:498)
	at org.junit.runners.model.FrameworkMethod$1.runReflectiveCall(FrameworkMethod.java:50)
	at org.junit.internal.runners.model.ReflectiveCallable.run(ReflectiveCallable.java:12)
	at org.junit.runners.model.FrameworkMethod.invokeExplosively(FrameworkMethod.java:47)
	at mockit.integration.junit4.JUnit4TestRunnerDecorator.invokeExplosively(JUnit4TestRunnerDecorator.java:49)
	at mockit.integration.junit4.FakeFrameworkMethod.invokeExplosively(FakeFrameworkMethod.java:29)
	at org.junit.runners.model.FrameworkMethod.invokeExplosively(FrameworkMethod.java)
	at org.junit.internal.runners.statements.RunBefores.evaluate(RunBefores.java:24)
	at org.junit.internal.runners.statements.RunAfters.evaluate(RunAfters.java:27)
	at org.junit.rules.TestWatcher$1.evaluate(TestWatcher.java:55)
	at org.junit.rules.RunRules.evaluate(RunRules.java:20)
	at org.junit.runners.ParentRunner.runLeaf(ParentRunner.java:325)
	at org.junit.runners.BlockJUnit4ClassRunner.runChild(BlockJUnit4ClassRunner.java:78)
	at org.junit.runners.BlockJUnit4ClassRunner.runChild(BlockJUnit4ClassRunner.java:57)
	at org.junit.runners.ParentRunner$3.run(ParentRunner.java:290)
	at org.junit.runners.ParentRunner$1.schedule(ParentRunner.java:71)
	at org.junit.runners.ParentRunner.runChildren(ParentRunner.java:288)
	at org.junit.runners.ParentRunner.access$000(ParentRunner.java:58)
	at org.junit.runners.ParentRunner$2.evaluate(ParentRunner.java:268)
	at org.junit.internal.runners.statements.RunBefores.evaluate(RunBefores.java:26)
	at org.junit.runners.ParentRunner.run(ParentRunner.java:363)
	at org.apache.maven.surefire.junit4.JUnit4Provider.execute(JUnit4Provider.java:365)
	at org.apache.maven.surefire.junit4.JUnit4Provider.executeWithRerun(JUnit4Provider.java:273)
	at org.apache.maven.surefire.junit4.JUnit4Provider.executeTestSet(JUnit4Provider.java:238)
	at org.apache.maven.surefire.junit4.JUnit4Provider.invoke(JUnit4Provider.java:159)
	at org.apache.maven.surefire.booter.ForkedBooter.invokeProviderInSameClassLoader(ForkedBooter.java:384)
	at org.apache.maven.surefire.booter.ForkedBooter.runSuitesInProcess(ForkedBooter.java:345)
	at org.apache.maven.surefire.booter.ForkedBooter.execute(ForkedBooter.java:126)
	at org.apache.maven.surefire.booter.ForkedBooter.main(ForkedBooter.java:418)
2020-06-22 14:22:42,095 [myid:] - INFO  [main:ClientBase@270] - server 127.0.0.1:21995 not up
javax.net.ssl.SSLHandshakeException: java.security.cert.CertificateException: Failed to verify both host address and host name
	at sun.security.ssl.Alerts.getSSLException(Alerts.java:198)
	at sun.security.ssl.SSLSocketImpl.fatal(SSLSocketImpl.java:1967)
	at sun.security.ssl.Handshaker.fatalSE(Handshaker.java:331)
	at sun.security.ssl.Handshaker.fatalSE(Handshaker.java:325)
	at sun.security.ssl.ClientHandshaker.serverCertificate(ClientHandshaker.java:1688)
	at sun.security.ssl.ClientHandshaker.processMessage(ClientHandshaker.java:226)
	at sun.security.ssl.Handshaker.processLoop(Handshaker.java:1082)
	at sun.security.ssl.Handshaker.process_record(Handshaker.java:1010)
	at sun.security.ssl.SSLSocketImpl.readRecord(SSLSocketImpl.java:1079)
	at sun.security.ssl.SSLSocketImpl.performInitialHandshake(SSLSocketImpl.java:1388)
	at sun.security.ssl.SSLSocketImpl.startHandshake(SSLSocketImpl.java:1416)
	at sun.security.ssl.SSLSocketImpl.startHandshake(SSLSocketImpl.java:1400)
	at org.apache.zookeeper.client.FourLetterWordMain.send4LetterWord(FourLetterWordMain.java:105)
	at org.apache.zookeeper.client.FourLetterWordMain.send4LetterWord(FourLetterWordMain.java:73)
	at org.apache.zookeeper.test.ClientBase.waitForServerUp(ClientBase.java:261)
	at org.apache.zookeeper.test.ClientBase.startServerInstance(ClientBase.java:401)
	at org.apache.zookeeper.test.ClientBase.startServer(ClientBase.java:516)
	at org.apache.zookeeper.test.ClientBase.setUpWithServerId(ClientBase.java:499)
	at org.apache.zookeeper.test.ClientBase.setUp(ClientBase.java:474)
	at org.apache.zookeeper.test.SaslDigestAuthOverSSLTest.setUp(SaslDigestAuthOverSSLTest.java:62)
	at sun.reflect.NativeMethodAccessorImpl.invoke0(Native Method)
	at sun.reflect.NativeMethodAccessorImpl.invoke(NativeMethodAccessorImpl.java:62)
	at sun.reflect.DelegatingMethodAccessorImpl.invoke(DelegatingMethodAccessorImpl.java:43)
	at java.lang.reflect.Method.invoke(Method.java:498)
	at org.junit.runners.model.FrameworkMethod$1.runReflectiveCall(FrameworkMethod.java:50)
	at org.junit.internal.runners.model.ReflectiveCallable.run(ReflectiveCallable.java:12)
	at org.junit.runners.model.FrameworkMethod.invokeExplosively(FrameworkMethod.java:47)
	at mockit.integration.junit4.JUnit4TestRunnerDecorator.invokeExplosively(JUnit4TestRunnerDecorator.java:49)
	at mockit.integration.junit4.FakeFrameworkMethod.invokeExplosively(FakeFrameworkMethod.java:29)
	at org.junit.runners.model.FrameworkMethod.invokeExplosively(FrameworkMethod.java)
	at org.junit.internal.runners.statements.RunBefores.evaluate(RunBefores.java:24)
	at org.junit.internal.runners.statements.RunAfters.evaluate(RunAfters.java:27)
	at org.junit.rules.TestWatcher$1.evaluate(TestWatcher.java:55)
	at org.junit.rules.RunRules.evaluate(RunRules.java:20)
	at org.junit.runners.ParentRunner.runLeaf(ParentRunner.java:325)
	at org.junit.runners.BlockJUnit4ClassRunner.runChild(BlockJUnit4ClassRunner.java:78)
	at org.junit.runners.BlockJUnit4ClassRunner.runChild(BlockJUnit4ClassRunner.java:57)
	at org.junit.runners.ParentRunner$3.run(ParentRunner.java:290)
	at org.junit.runners.ParentRunner$1.schedule(ParentRunner.java:71)
	at org.junit.runners.ParentRunner.runChildren(ParentRunner.java:288)
	at org.junit.runners.ParentRunner.access$000(ParentRunner.java:58)
	at org.junit.runners.ParentRunner$2.evaluate(ParentRunner.java:268)
	at org.junit.internal.runners.statements.RunBefores.evaluate(RunBefores.java:26)
	at org.junit.runners.ParentRunner.run(ParentRunner.java:363)
	at org.apache.maven.surefire.junit4.JUnit4Provider.execute(JUnit4Provider.java:365)
	at org.apache.maven.surefire.junit4.JUnit4Provider.executeWithRerun(JUnit4Provider.java:273)
	at org.apache.maven.surefire.junit4.JUnit4Provider.executeTestSet(JUnit4Provider.java:238)
	at org.apache.maven.surefire.junit4.JUnit4Provider.invoke(JUnit4Provider.java:159)
	at org.apache.maven.surefire.booter.ForkedBooter.invokeProviderInSameClassLoader(ForkedBooter.java:384)
	at org.apache.maven.surefire.booter.ForkedBooter.runSuitesInProcess(ForkedBooter.java:345)
	at org.apache.maven.surefire.booter.ForkedBooter.execute(ForkedBooter.java:126)
	at org.apache.maven.surefire.booter.ForkedBooter.main(ForkedBooter.java:418)
Caused by: java.security.cert.CertificateException: Failed to verify both host address and host name
	at org.apache.zookeeper.common.ZKTrustManager.performHostVerification(ZKTrustManager.java:163)
	at org.apache.zookeeper.common.ZKTrustManager.checkServerTrusted(ZKTrustManager.java:90)
	at sun.security.ssl.ClientHandshaker.serverCertificate(ClientHandshaker.java:1670)
	... 47 more
Caused by: javax.net.ssl.SSLPeerUnverifiedException: Certificate for <activate.navicat.com> doesn't match common name of the certificate subject: localhost
	at org.apache.zookeeper.common.ZKHostnameVerifier.matchCN(ZKHostnameVerifier.java:238)
	at org.apache.zookeeper.common.ZKHostnameVerifier.verify(ZKHostnameVerifier.java:184)
	at org.apache.zookeeper.common.ZKTrustManager.performHostVerification(ZKTrustManager.java:159)
	... 49 more
2020-06-22 14:22:42,095 [myid:] - ERROR [nioEventLoopGroup-4-1:NettyServerCnxnFactory$CertificateVerifier@434] - Unsuccessful handshake with session 0x0
2020-06-22 14:22:42,096 [myid:] - WARN  [nioEventLoopGroup-4-1:NettyServerCnxnFactory$CnxnChannelHandler@273] - Exception caught
io.netty.handler.codec.DecoderException: javax.net.ssl.SSLException: Received fatal alert: certificate_unknown
	at io.netty.handler.codec.ByteToMessageDecoder.callDecode(ByteToMessageDecoder.java:468)
	at io.netty.handler.codec.ByteToMessageDecoder.channelRead(ByteToMessageDecoder.java:276)
	at io.netty.channel.AbstractChannelHandlerContext.invokeChannelRead(AbstractChannelHandlerContext.java:379)
	at io.netty.channel.AbstractChannelHandlerContext.invokeChannelRead(AbstractChannelHandlerContext.java:365)
	at io.netty.channel.AbstractChannelHandlerContext.fireChannelRead(AbstractChannelHandlerContext.java:357)
	at io.netty.channel.DefaultChannelPipeline$HeadContext.channelRead(DefaultChannelPipeline.java:1410)
	at io.netty.channel.AbstractChannelHandlerContext.invokeChannelRead(AbstractChannelHandlerContext.java:379)
	at io.netty.channel.AbstractChannelHandlerContext.invokeChannelRead(AbstractChannelHandlerContext.java:365)
	at io.netty.channel.DefaultChannelPipeline.fireChannelRead(DefaultChannelPipeline.java:919)
	at io.netty.channel.nio.AbstractNioByteChannel$NioByteUnsafe.read(AbstractNioByteChannel.java:163)
	at io.netty.channel.nio.NioEventLoop.processSelectedKey(NioEventLoop.java:714)
	at io.netty.channel.nio.NioEventLoop.processSelectedKeysOptimized(NioEventLoop.java:650)
	at io.netty.channel.nio.NioEventLoop.processSelectedKeys(NioEventLoop.java:576)
	at io.netty.channel.nio.NioEventLoop.run(NioEventLoop.java:493)
	at io.netty.util.concurrent.SingleThreadEventExecutor$4.run(SingleThreadEventExecutor.java:989)
	at io.netty.util.internal.ThreadExecutorMap$2.run(ThreadExecutorMap.java:74)
	at io.netty.util.concurrent.FastThreadLocalRunnable.run(FastThreadLocalRunnable.java:30)
	at java.lang.Thread.run(Thread.java:748)
Caused by: javax.net.ssl.SSLException: Received fatal alert: certificate_unknown
	at sun.security.ssl.Alerts.getSSLException(Alerts.java:214)
	at sun.security.ssl.SSLEngineImpl.fatal(SSLEngineImpl.java:1667)
	at sun.security.ssl.SSLEngineImpl.fatal(SSLEngineImpl.java:1635)
	at sun.security.ssl.SSLEngineImpl.recvAlert(SSLEngineImpl.java:1801)
	at sun.security.ssl.SSLEngineImpl.readRecord(SSLEngineImpl.java:1090)
	at sun.security.ssl.SSLEngineImpl.readNetRecord(SSLEngineImpl.java:913)
	at sun.security.ssl.SSLEngineImpl.unwrap(SSLEngineImpl.java:783)
	at javax.net.ssl.SSLEngine.unwrap(SSLEngine.java:626)
	at io.netty.handler.ssl.SslHandler$SslEngineType$3.unwrap(SslHandler.java:281)
	at io.netty.handler.ssl.SslHandler.unwrap(SslHandler.java:1340)
	at io.netty.handler.ssl.SslHandler.decodeJdkCompatible(SslHandler.java:1235)
	at io.netty.handler.ssl.SslHandler.decode(SslHandler.java:1282)
	at io.netty.handler.codec.ByteToMessageDecoder.decodeRemovalReentryProtection(ByteToMessageDecoder.java:498)
	at io.netty.handler.codec.ByteToMessageDecoder.callDecode(ByteToMessageDecoder.java:437)
	... 17 more
2020-06-22 14:22:42,097 [myid:] - WARN  [nioEventLoopGroup-4-1:NettyServerCnxnFactory$CnxnChannelHandler@273] - Exception caught
io.netty.handler.codec.DecoderException: javax.net.ssl.SSLException: Received fatal alert: certificate_unknown
	at io.netty.handler.codec.ByteToMessageDecoder.callDecode(ByteToMessageDecoder.java:468)
	at io.netty.handler.codec.ByteToMessageDecoder.channelInputClosed(ByteToMessageDecoder.java:401)
	at io.netty.handler.codec.ByteToMessageDecoder.channelInputClosed(ByteToMessageDecoder.java:368)
	at io.netty.handler.codec.ByteToMessageDecoder.channelInactive(ByteToMessageDecoder.java:351)
	at io.netty.handler.ssl.SslHandler.channelInactive(SslHandler.java:1084)
	at io.netty.channel.AbstractChannelHandlerContext.invokeChannelInactive(AbstractChannelHandlerContext.java:262)
	at io.netty.channel.AbstractChannelHandlerContext.invokeChannelInactive(AbstractChannelHandlerContext.java:248)
	at io.netty.channel.AbstractChannelHandlerContext.fireChannelInactive(AbstractChannelHandlerContext.java:241)
	at io.netty.channel.DefaultChannelPipeline$HeadContext.channelInactive(DefaultChannelPipeline.java:1405)
	at io.netty.channel.AbstractChannelHandlerContext.invokeChannelInactive(AbstractChannelHandlerContext.java:262)
	at io.netty.channel.AbstractChannelHandlerContext.invokeChannelInactive(AbstractChannelHandlerContext.java:248)
	at io.netty.channel.DefaultChannelPipeline.fireChannelInactive(DefaultChannelPipeline.java:901)
	at io.netty.channel.AbstractChannel$AbstractUnsafe$8.run(AbstractChannel.java:818)
	at io.netty.util.concurrent.AbstractEventExecutor.safeExecute(AbstractEventExecutor.java:164)
	at io.netty.util.concurrent.SingleThreadEventExecutor.runAllTasks(SingleThreadEventExecutor.java:472)
	at io.netty.channel.nio.NioEventLoop.run(NioEventLoop.java:497)
	at io.netty.util.concurrent.SingleThreadEventExecutor$4.run(SingleThreadEventExecutor.java:989)
	at io.netty.util.internal.ThreadExecutorMap$2.run(ThreadExecutorMap.java:74)
	at io.netty.util.concurrent.FastThreadLocalRunnable.run(FastThreadLocalRunnable.java:30)
	at java.lang.Thread.run(Thread.java:748)
Caused by: javax.net.ssl.SSLException: Received fatal alert: certificate_unknown
	at sun.security.ssl.Alerts.getSSLException(Alerts.java:214)
	at sun.security.ssl.SSLEngineImpl.fatal(SSLEngineImpl.java:1667)
	at sun.security.ssl.SSLEngineImpl.fatal(SSLEngineImpl.java:1635)
	at sun.security.ssl.SSLEngineImpl.recvAlert(SSLEngineImpl.java:1801)
	at sun.security.ssl.SSLEngineImpl.readRecord(SSLEngineImpl.java:1090)
	at sun.security.ssl.SSLEngineImpl.readNetRecord(SSLEngineImpl.java:913)
	at sun.security.ssl.SSLEngineImpl.unwrap(SSLEngineImpl.java:783)
	at javax.net.ssl.SSLEngine.unwrap(SSLEngine.java:626)
	at io.netty.handler.ssl.SslHandler$SslEngineType$3.unwrap(SslHandler.java:281)
	at io.netty.handler.ssl.SslHandler.unwrap(SslHandler.java:1340)
	at io.netty.handler.ssl.SslHandler.decodeJdkCompatible(SslHandler.java:1235)
	at io.netty.handler.ssl.SslHandler.decode(SslHandler.java:1282)
	at io.netty.handler.codec.ByteToMessageDecoder.decodeRemovalReentryProtection(ByteToMessageDecoder.java:498)
	at io.netty.handler.codec.ByteToMessageDecoder.callDecode(ByteToMessageDecoder.java:437)
	... 19 more
2020-06-22 14:22:42,345 [myid:] - INFO  [main:FourLetterWordMain@93] - connecting to 127.0.0.1 21995
2020-06-22 14:22:42,345 [myid:] - INFO  [main:FourLetterWordMain@99] - using secure socket
2020-06-22 14:22:42,357 [myid:] - ERROR [main:ZKTrustManager@161] - Failed to verify host address: 127.0.0.1
javax.net.ssl.SSLPeerUnverifiedException: Certificate for <127.0.0.1> doesn't match common name of the certificate subject: localhost
	at org.apache.zookeeper.common.ZKHostnameVerifier.matchCN(ZKHostnameVerifier.java:238)
	at org.apache.zookeeper.common.ZKHostnameVerifier.verify(ZKHostnameVerifier.java:184)
	at org.apache.zookeeper.common.ZKTrustManager.performHostVerification(ZKTrustManager.java:151)
	at org.apache.zookeeper.common.ZKTrustManager.checkServerTrusted(ZKTrustManager.java:90)
	at sun.security.ssl.ClientHandshaker.serverCertificate(ClientHandshaker.java:1670)
	at sun.security.ssl.ClientHandshaker.processMessage(ClientHandshaker.java:226)
	at sun.security.ssl.Handshaker.processLoop(Handshaker.java:1082)
	at sun.security.ssl.Handshaker.process_record(Handshaker.java:1010)
	at sun.security.ssl.SSLSocketImpl.readRecord(SSLSocketImpl.java:1079)
	at sun.security.ssl.SSLSocketImpl.performInitialHandshake(SSLSocketImpl.java:1388)
	at sun.security.ssl.SSLSocketImpl.startHandshake(SSLSocketImpl.java:1416)
	at sun.security.ssl.SSLSocketImpl.startHandshake(SSLSocketImpl.java:1400)
	at org.apache.zookeeper.client.FourLetterWordMain.send4LetterWord(FourLetterWordMain.java:105)
	at org.apache.zookeeper.client.FourLetterWordMain.send4LetterWord(FourLetterWordMain.java:73)
	at org.apache.zookeeper.test.ClientBase.waitForServerUp(ClientBase.java:261)
	at org.apache.zookeeper.test.ClientBase.startServerInstance(ClientBase.java:401)
	at org.apache.zookeeper.test.ClientBase.startServer(ClientBase.java:516)
	at org.apache.zookeeper.test.ClientBase.setUpWithServerId(ClientBase.java:499)
	at org.apache.zookeeper.test.ClientBase.setUp(ClientBase.java:474)
	at org.apache.zookeeper.test.SaslDigestAuthOverSSLTest.setUp(SaslDigestAuthOverSSLTest.java:62)
	at sun.reflect.NativeMethodAccessorImpl.invoke0(Native Method)
	at sun.reflect.NativeMethodAccessorImpl.invoke(NativeMethodAccessorImpl.java:62)
	at sun.reflect.DelegatingMethodAccessorImpl.invoke(DelegatingMethodAccessorImpl.java:43)
	at java.lang.reflect.Method.invoke(Method.java:498)
	at org.junit.runners.model.FrameworkMethod$1.runReflectiveCall(FrameworkMethod.java:50)
	at org.junit.internal.runners.model.ReflectiveCallable.run(ReflectiveCallable.java:12)
	at org.junit.runners.model.FrameworkMethod.invokeExplosively(FrameworkMethod.java:47)
	at mockit.integration.junit4.JUnit4TestRunnerDecorator.invokeExplosively(JUnit4TestRunnerDecorator.java:49)
	at mockit.integration.junit4.FakeFrameworkMethod.invokeExplosively(FakeFrameworkMethod.java:29)
	at org.junit.runners.model.FrameworkMethod.invokeExplosively(FrameworkMethod.java)
	at org.junit.internal.runners.statements.RunBefores.evaluate(RunBefores.java:24)
	at org.junit.internal.runners.statements.RunAfters.evaluate(RunAfters.java:27)
	at org.junit.rules.TestWatcher$1.evaluate(TestWatcher.java:55)
	at org.junit.rules.RunRules.evaluate(RunRules.java:20)
	at org.junit.runners.ParentRunner.runLeaf(ParentRunner.java:325)
	at org.junit.runners.BlockJUnit4ClassRunner.runChild(BlockJUnit4ClassRunner.java:78)
	at org.junit.runners.BlockJUnit4ClassRunner.runChild(BlockJUnit4ClassRunner.java:57)
	at org.junit.runners.ParentRunner$3.run(ParentRunner.java:290)
	at org.junit.runners.ParentRunner$1.schedule(ParentRunner.java:71)
	at org.junit.runners.ParentRunner.runChildren(ParentRunner.java:288)
	at org.junit.runners.ParentRunner.access$000(ParentRunner.java:58)
	at org.junit.runners.ParentRunner$2.evaluate(ParentRunner.java:268)
	at org.junit.internal.runners.statements.RunBefores.evaluate(RunBefores.java:26)
	at org.junit.runners.ParentRunner.run(ParentRunner.java:363)
	at org.apache.maven.surefire.junit4.JUnit4Provider.execute(JUnit4Provider.java:365)
	at org.apache.maven.surefire.junit4.JUnit4Provider.executeWithRerun(JUnit4Provider.java:273)
	at org.apache.maven.surefire.junit4.JUnit4Provider.executeTestSet(JUnit4Provider.java:238)
	at org.apache.maven.surefire.junit4.JUnit4Provider.invoke(JUnit4Provider.java:159)
	at org.apache.maven.surefire.booter.ForkedBooter.invokeProviderInSameClassLoader(ForkedBooter.java:384)
	at org.apache.maven.surefire.booter.ForkedBooter.runSuitesInProcess(ForkedBooter.java:345)
	at org.apache.maven.surefire.booter.ForkedBooter.execute(ForkedBooter.java:126)
	at org.apache.maven.surefire.booter.ForkedBooter.main(ForkedBooter.java:418)
2020-06-22 14:22:42,358 [myid:] - ERROR [main:ZKTrustManager@162] - Failed to verify hostname: activate.navicat.com
javax.net.ssl.SSLPeerUnverifiedException: Certificate for <activate.navicat.com> doesn't match common name of the certificate subject: localhost
	at org.apache.zookeeper.common.ZKHostnameVerifier.matchCN(ZKHostnameVerifier.java:238)
	at org.apache.zookeeper.common.ZKHostnameVerifier.verify(ZKHostnameVerifier.java:184)
	at org.apache.zookeeper.common.ZKTrustManager.performHostVerification(ZKTrustManager.java:159)
	at org.apache.zookeeper.common.ZKTrustManager.checkServerTrusted(ZKTrustManager.java:90)
	at sun.security.ssl.ClientHandshaker.serverCertificate(ClientHandshaker.java:1670)
	at sun.security.ssl.ClientHandshaker.processMessage(ClientHandshaker.java:226)
	at sun.security.ssl.Handshaker.processLoop(Handshaker.java:1082)
	at sun.security.ssl.Handshaker.process_record(Handshaker.java:1010)
	at sun.security.ssl.SSLSocketImpl.readRecord(SSLSocketImpl.java:1079)
	at sun.security.ssl.SSLSocketImpl.performInitialHandshake(SSLSocketImpl.java:1388)
	at sun.security.ssl.SSLSocketImpl.startHandshake(SSLSocketImpl.java:1416)
	at sun.security.ssl.SSLSocketImpl.startHandshake(SSLSocketImpl.java:1400)
	at org.apache.zookeeper.client.FourLetterWordMain.send4LetterWord(FourLetterWordMain.java:105)
	at org.apache.zookeeper.client.FourLetterWordMain.send4LetterWord(FourLetterWordMain.java:73)
	at org.apache.zookeeper.test.ClientBase.waitForServerUp(ClientBase.java:261)
	at org.apache.zookeeper.test.ClientBase.startServerInstance(ClientBase.java:401)
	at org.apache.zookeeper.test.ClientBase.startServer(ClientBase.java:516)
	at org.apache.zookeeper.test.ClientBase.setUpWithServerId(ClientBase.java:499)
	at org.apache.zookeeper.test.ClientBase.setUp(ClientBase.java:474)
	at org.apache.zookeeper.test.SaslDigestAuthOverSSLTest.setUp(SaslDigestAuthOverSSLTest.java:62)
	at sun.reflect.NativeMethodAccessorImpl.invoke0(Native Method)
	at sun.reflect.NativeMethodAccessorImpl.invoke(NativeMethodAccessorImpl.java:62)
	at sun.reflect.DelegatingMethodAccessorImpl.invoke(DelegatingMethodAccessorImpl.java:43)
	at java.lang.reflect.Method.invoke(Method.java:498)
	at org.junit.runners.model.FrameworkMethod$1.runReflectiveCall(FrameworkMethod.java:50)
	at org.junit.internal.runners.model.ReflectiveCallable.run(ReflectiveCallable.java:12)
	at org.junit.runners.model.FrameworkMethod.invokeExplosively(FrameworkMethod.java:47)
	at mockit.integration.junit4.JUnit4TestRunnerDecorator.invokeExplosively(JUnit4TestRunnerDecorator.java:49)
	at mockit.integration.junit4.FakeFrameworkMethod.invokeExplosively(FakeFrameworkMethod.java:29)
	at org.junit.runners.model.FrameworkMethod.invokeExplosively(FrameworkMethod.java)
	at org.junit.internal.runners.statements.RunBefores.evaluate(RunBefores.java:24)
	at org.junit.internal.runners.statements.RunAfters.evaluate(RunAfters.java:27)
	at org.junit.rules.TestWatcher$1.evaluate(TestWatcher.java:55)
	at org.junit.rules.RunRules.evaluate(RunRules.java:20)
	at org.junit.runners.ParentRunner.runLeaf(ParentRunner.java:325)
	at org.junit.runners.BlockJUnit4ClassRunner.runChild(BlockJUnit4ClassRunner.java:78)
	at org.junit.runners.BlockJUnit4ClassRunner.runChild(BlockJUnit4ClassRunner.java:57)
	at org.junit.runners.ParentRunner$3.run(ParentRunner.java:290)
	at org.junit.runners.ParentRunner$1.schedule(ParentRunner.java:71)
	at org.junit.runners.ParentRunner.runChildren(ParentRunner.java:288)
	at org.junit.runners.ParentRunner.access$000(ParentRunner.java:58)
	at org.junit.runners.ParentRunner$2.evaluate(ParentRunner.java:268)
	at org.junit.internal.runners.statements.RunBefores.evaluate(RunBefores.java:26)
	at org.junit.runners.ParentRunner.run(ParentRunner.java:363)
	at org.apache.maven.surefire.junit4.JUnit4Provider.execute(JUnit4Provider.java:365)
	at org.apache.maven.surefire.junit4.JUnit4Provider.executeWithRerun(JUnit4Provider.java:273)
	at org.apache.maven.surefire.junit4.JUnit4Provider.executeTestSet(JUnit4Provider.java:238)
	at org.apache.maven.surefire.junit4.JUnit4Provider.invoke(JUnit4Provider.java:159)
	at org.apache.maven.surefire.booter.ForkedBooter.invokeProviderInSameClassLoader(ForkedBooter.java:384)
	at org.apache.maven.surefire.booter.ForkedBooter.runSuitesInProcess(ForkedBooter.java:345)
	at org.apache.maven.surefire.booter.ForkedBooter.execute(ForkedBooter.java:126)
	at org.apache.maven.surefire.booter.ForkedBooter.main(ForkedBooter.java:418)
2020-06-22 14:22:42,359 [myid:] - INFO  [main:ClientBase@270] - server 127.0.0.1:21995 not up
javax.net.ssl.SSLHandshakeException: java.security.cert.CertificateException: Failed to verify both host address and host name
	at sun.security.ssl.Alerts.getSSLException(Alerts.java:198)
	at sun.security.ssl.SSLSocketImpl.fatal(SSLSocketImpl.java:1967)
	at sun.security.ssl.Handshaker.fatalSE(Handshaker.java:331)
	at sun.security.ssl.Handshaker.fatalSE(Handshaker.java:325)
	at sun.security.ssl.ClientHandshaker.serverCertificate(ClientHandshaker.java:1688)
	at sun.security.ssl.ClientHandshaker.processMessage(ClientHandshaker.java:226)
	at sun.security.ssl.Handshaker.processLoop(Handshaker.java:1082)
	at sun.security.ssl.Handshaker.process_record(Handshaker.java:1010)
	at sun.security.ssl.SSLSocketImpl.readRecord(SSLSocketImpl.java:1079)
	at sun.security.ssl.SSLSocketImpl.performInitialHandshake(SSLSocketImpl.java:1388)
	at sun.security.ssl.SSLSocketImpl.startHandshake(SSLSocketImpl.java:1416)
	at sun.security.ssl.SSLSocketImpl.startHandshake(SSLSocketImpl.java:1400)
	at org.apache.zookeeper.client.FourLetterWordMain.send4LetterWord(FourLetterWordMain.java:105)
	at org.apache.zookeeper.client.FourLetterWordMain.send4LetterWord(FourLetterWordMain.java:73)
	at org.apache.zookeeper.test.ClientBase.waitForServerUp(ClientBase.java:261)
	at org.apache.zookeeper.test.ClientBase.startServerInstance(ClientBase.java:401)
	at org.apache.zookeeper.test.ClientBase.startServer(ClientBase.java:516)
	at org.apache.zookeeper.test.ClientBase.setUpWithServerId(ClientBase.java:499)
	at org.apache.zookeeper.test.ClientBase.setUp(ClientBase.java:474)
	at org.apache.zookeeper.test.SaslDigestAuthOverSSLTest.setUp(SaslDigestAuthOverSSLTest.java:62)
	at sun.reflect.NativeMethodAccessorImpl.invoke0(Native Method)
	at sun.reflect.NativeMethodAccessorImpl.invoke(NativeMethodAccessorImpl.java:62)
	at sun.reflect.DelegatingMethodAccessorImpl.invoke(DelegatingMethodAccessorImpl.java:43)
	at java.lang.reflect.Method.invoke(Method.java:498)
	at org.junit.runners.model.FrameworkMethod$1.runReflectiveCall(FrameworkMethod.java:50)
	at org.junit.internal.runners.model.ReflectiveCallable.run(ReflectiveCallable.java:12)
	at org.junit.runners.model.FrameworkMethod.invokeExplosively(FrameworkMethod.java:47)
	at mockit.integration.junit4.JUnit4TestRunnerDecorator.invokeExplosively(JUnit4TestRunnerDecorator.java:49)
	at mockit.integration.junit4.FakeFrameworkMethod.invokeExplosively(FakeFrameworkMethod.java:29)
	at org.junit.runners.model.FrameworkMethod.invokeExplosively(FrameworkMethod.java)
	at org.junit.internal.runners.statements.RunBefores.evaluate(RunBefores.java:24)
	at org.junit.internal.runners.statements.RunAfters.evaluate(RunAfters.java:27)
	at org.junit.rules.TestWatcher$1.evaluate(TestWatcher.java:55)
	at org.junit.rules.RunRules.evaluate(RunRules.java:20)
	at org.junit.runners.ParentRunner.runLeaf(ParentRunner.java:325)
	at org.junit.runners.BlockJUnit4ClassRunner.runChild(BlockJUnit4ClassRunner.java:78)
	at org.junit.runners.BlockJUnit4ClassRunner.runChild(BlockJUnit4ClassRunner.java:57)
	at org.junit.runners.ParentRunner$3.run(ParentRunner.java:290)
	at org.junit.runners.ParentRunner$1.schedule(ParentRunner.java:71)
	at org.junit.runners.ParentRunner.runChildren(ParentRunner.java:288)
	at org.junit.runners.ParentRunner.access$000(ParentRunner.java:58)
	at org.junit.runners.ParentRunner$2.evaluate(ParentRunner.java:268)
	at org.junit.internal.runners.statements.RunBefores.evaluate(RunBefores.java:26)
	at org.junit.runners.ParentRunner.run(ParentRunner.java:363)
	at org.apache.maven.surefire.junit4.JUnit4Provider.execute(JUnit4Provider.java:365)
	at org.apache.maven.surefire.junit4.JUnit4Provider.executeWithRerun(JUnit4Provider.java:273)
	at org.apache.maven.surefire.junit4.JUnit4Provider.executeTestSet(JUnit4Provider.java:238)
	at org.apache.maven.surefire.junit4.JUnit4Provider.invoke(JUnit4Provider.java:159)
	at org.apache.maven.surefire.booter.ForkedBooter.invokeProviderInSameClassLoader(ForkedBooter.java:384)
	at org.apache.maven.surefire.booter.ForkedBooter.runSuitesInProcess(ForkedBooter.java:345)
	at org.apache.maven.surefire.booter.ForkedBooter.execute(ForkedBooter.java:126)
	at org.apache.maven.surefire.booter.ForkedBooter.main(ForkedBooter.java:418)
Caused by: java.security.cert.CertificateException: Failed to verify both host address and host name
	at org.apache.zookeeper.common.ZKTrustManager.performHostVerification(ZKTrustManager.java:163)
	at org.apache.zookeeper.common.ZKTrustManager.checkServerTrusted(ZKTrustManager.java:90)
	at sun.security.ssl.ClientHandshaker.serverCertificate(ClientHandshaker.java:1670)
	... 47 more
Caused by: javax.net.ssl.SSLPeerUnverifiedException: Certificate for <activate.navicat.com> doesn't match common name of the certificate subject: localhost
	at org.apache.zookeeper.common.ZKHostnameVerifier.matchCN(ZKHostnameVerifier.java:238)
	at org.apache.zookeeper.common.ZKHostnameVerifier.verify(ZKHostnameVerifier.java:184)
	at org.apache.zookeeper.common.ZKTrustManager.performHostVerification(ZKTrustManager.java:159)
	... 49 more
2020-06-22 14:22:42,359 [myid:] - ERROR [nioEventLoopGroup-4-2:NettyServerCnxnFactory$CertificateVerifier@434] - Unsuccessful handshake with session 0x0
2020-06-22 14:22:42,360 [myid:] - WARN  [nioEventLoopGroup-4-2:NettyServerCnxnFactory$CnxnChannelHandler@273] - Exception caught
io.netty.handler.codec.DecoderException: javax.net.ssl.SSLException: Received fatal alert: certificate_unknown
	at io.netty.handler.codec.ByteToMessageDecoder.callDecode(ByteToMessageDecoder.java:468)
	at io.netty.handler.codec.ByteToMessageDecoder.channelRead(ByteToMessageDecoder.java:276)
	at io.netty.channel.AbstractChannelHandlerContext.invokeChannelRead(AbstractChannelHandlerContext.java:379)
	at io.netty.channel.AbstractChannelHandlerContext.invokeChannelRead(AbstractChannelHandlerContext.java:365)
	at io.netty.channel.AbstractChannelHandlerContext.fireChannelRead(AbstractChannelHandlerContext.java:357)
	at io.netty.channel.DefaultChannelPipeline$HeadContext.channelRead(DefaultChannelPipeline.java:1410)
	at io.netty.channel.AbstractChannelHandlerContext.invokeChannelRead(AbstractChannelHandlerContext.java:379)
	at io.netty.channel.AbstractChannelHandlerContext.invokeChannelRead(AbstractChannelHandlerContext.java:365)
	at io.netty.channel.DefaultChannelPipeline.fireChannelRead(DefaultChannelPipeline.java:919)
	at io.netty.channel.nio.AbstractNioByteChannel$NioByteUnsafe.read(AbstractNioByteChannel.java:163)
	at io.netty.channel.nio.NioEventLoop.processSelectedKey(NioEventLoop.java:714)
	at io.netty.channel.nio.NioEventLoop.processSelectedKeysOptimized(NioEventLoop.java:650)
	at io.netty.channel.nio.NioEventLoop.processSelectedKeys(NioEventLoop.java:576)
	at io.netty.channel.nio.NioEventLoop.run(NioEventLoop.java:493)
	at io.netty.util.concurrent.SingleThreadEventExecutor$4.run(SingleThreadEventExecutor.java:989)
	at io.netty.util.internal.ThreadExecutorMap$2.run(ThreadExecutorMap.java:74)
	at io.netty.util.concurrent.FastThreadLocalRunnable.run(FastThreadLocalRunnable.java:30)
	at java.lang.Thread.run(Thread.java:748)
Caused by: javax.net.ssl.SSLException: Received fatal alert: certificate_unknown
	at sun.security.ssl.Alerts.getSSLException(Alerts.java:214)
	at sun.security.ssl.SSLEngineImpl.fatal(SSLEngineImpl.java:1667)
	at sun.security.ssl.SSLEngineImpl.fatal(SSLEngineImpl.java:1635)
	at sun.security.ssl.SSLEngineImpl.recvAlert(SSLEngineImpl.java:1801)
	at sun.security.ssl.SSLEngineImpl.readRecord(SSLEngineImpl.java:1090)
	at sun.security.ssl.SSLEngineImpl.readNetRecord(SSLEngineImpl.java:913)
	at sun.security.ssl.SSLEngineImpl.unwrap(SSLEngineImpl.java:783)
	at javax.net.ssl.SSLEngine.unwrap(SSLEngine.java:626)
	at io.netty.handler.ssl.SslHandler$SslEngineType$3.unwrap(SslHandler.java:281)
	at io.netty.handler.ssl.SslHandler.unwrap(SslHandler.java:1340)
	at io.netty.handler.ssl.SslHandler.decodeJdkCompatible(SslHandler.java:1235)
	at io.netty.handler.ssl.SslHandler.decode(SslHandler.java:1282)
	at io.netty.handler.codec.ByteToMessageDecoder.decodeRemovalReentryProtection(ByteToMessageDecoder.java:498)
	at io.netty.handler.codec.ByteToMessageDecoder.callDecode(ByteToMessageDecoder.java:437)
	... 17 more
2020-06-22 14:22:42,361 [myid:] - WARN  [nioEventLoopGroup-4-2:NettyServerCnxnFactory$CnxnChannelHandler@273] - Exception caught
io.netty.handler.codec.DecoderException: javax.net.ssl.SSLException: Received fatal alert: certificate_unknown
	at io.netty.handler.codec.ByteToMessageDecoder.callDecode(ByteToMessageDecoder.java:468)
	at io.netty.handler.codec.ByteToMessageDecoder.channelInputClosed(ByteToMessageDecoder.java:401)
	at io.netty.handler.codec.ByteToMessageDecoder.channelInputClosed(ByteToMessageDecoder.java:368)
	at io.netty.handler.codec.ByteToMessageDecoder.channelInactive(ByteToMessageDecoder.java:351)
	at io.netty.handler.ssl.SslHandler.channelInactive(SslHandler.java:1084)
	at io.netty.channel.AbstractChannelHandlerContext.invokeChannelInactive(AbstractChannelHandlerContext.java:262)
	at io.netty.channel.AbstractChannelHandlerContext.invokeChannelInactive(AbstractChannelHandlerContext.java:248)
	at io.netty.channel.AbstractChannelHandlerContext.fireChannelInactive(AbstractChannelHandlerContext.java:241)
	at io.netty.channel.DefaultChannelPipeline$HeadContext.channelInactive(DefaultChannelPipeline.java:1405)
	at io.netty.channel.AbstractChannelHandlerContext.invokeChannelInactive(AbstractChannelHandlerContext.java:262)
	at io.netty.channel.AbstractChannelHandlerContext.invokeChannelInactive(AbstractChannelHandlerContext.java:248)
	at io.netty.channel.DefaultChannelPipeline.fireChannelInactive(DefaultChannelPipeline.java:901)
	at io.netty.channel.AbstractChannel$AbstractUnsafe$8.run(AbstractChannel.java:818)
	at io.netty.util.concurrent.AbstractEventExecutor.safeExecute(AbstractEventExecutor.java:164)
	at io.netty.util.concurrent.SingleThreadEventExecutor.runAllTasks(SingleThreadEventExecutor.java:472)
	at io.netty.channel.nio.NioEventLoop.run(NioEventLoop.java:497)
	at io.netty.util.concurrent.SingleThreadEventExecutor$4.run(SingleThreadEventExecutor.java:989)
	at io.netty.util.internal.ThreadExecutorMap$2.run(ThreadExecutorMap.java:74)
	at io.netty.util.concurrent.FastThreadLocalRunnable.run(FastThreadLocalRunnable.java:30)
	at java.lang.Thread.run(Thread.java:748)
Caused by: javax.net.ssl.SSLException: Received fatal alert: certificate_unknown
	at sun.security.ssl.Alerts.getSSLException(Alerts.java:214)
	at sun.security.ssl.SSLEngineImpl.fatal(SSLEngineImpl.java:1667)
	at sun.security.ssl.SSLEngineImpl.fatal(SSLEngineImpl.java:1635)
	at sun.security.ssl.SSLEngineImpl.recvAlert(SSLEngineImpl.java:1801)
	at sun.security.ssl.SSLEngineImpl.readRecord(SSLEngineImpl.java:1090)
	at sun.security.ssl.SSLEngineImpl.readNetRecord(SSLEngineImpl.java:913)
	at sun.security.ssl.SSLEngineImpl.unwrap(SSLEngineImpl.java:783)
	at javax.net.ssl.SSLEngine.unwrap(SSLEngine.java:626)
	at io.netty.handler.ssl.SslHandler$SslEngineType$3.unwrap(SslHandler.java:281)
	at io.netty.handler.ssl.SslHandler.unwrap(SslHandler.java:1340)
	at io.netty.handler.ssl.SslHandler.decodeJdkCompatible(SslHandler.java:1235)
	at io.netty.handler.ssl.SslHandler.decode(SslHandler.java:1282)
	at io.netty.handler.codec.ByteToMessageDecoder.decodeRemovalReentryProtection(ByteToMessageDecoder.java:498)
	at io.netty.handler.codec.ByteToMessageDecoder.callDecode(ByteToMessageDecoder.java:437)
	... 19 more
2020-06-22 14:22:42,610 [myid:] - INFO  [main:FourLetterWordMain@93] - connecting to 127.0.0.1 21995
2020-06-22 14:22:42,610 [myid:] - INFO  [main:FourLetterWordMain@99] - using secure socket
2020-06-22 14:22:42,620 [myid:] - ERROR [main:ZKTrustManager@161] - Failed to verify host address: 127.0.0.1
javax.net.ssl.SSLPeerUnverifiedException: Certificate for <127.0.0.1> doesn't match common name of the certificate subject: localhost
	at org.apache.zookeeper.common.ZKHostnameVerifier.matchCN(ZKHostnameVerifier.java:238)
	at org.apache.zookeeper.common.ZKHostnameVerifier.verify(ZKHostnameVerifier.java:184)
	at org.apache.zookeeper.common.ZKTrustManager.performHostVerification(ZKTrustManager.java:151)
	at org.apache.zookeeper.common.ZKTrustManager.checkServerTrusted(ZKTrustManager.java:90)
	at sun.security.ssl.ClientHandshaker.serverCertificate(ClientHandshaker.java:1670)
	at sun.security.ssl.ClientHandshaker.processMessage(ClientHandshaker.java:226)
	at sun.security.ssl.Handshaker.processLoop(Handshaker.java:1082)
	at sun.security.ssl.Handshaker.process_record(Handshaker.java:1010)
	at sun.security.ssl.SSLSocketImpl.readRecord(SSLSocketImpl.java:1079)
	at sun.security.ssl.SSLSocketImpl.performInitialHandshake(SSLSocketImpl.java:1388)
	at sun.security.ssl.SSLSocketImpl.startHandshake(SSLSocketImpl.java:1416)
	at sun.security.ssl.SSLSocketImpl.startHandshake(SSLSocketImpl.java:1400)
	at org.apache.zookeeper.client.FourLetterWordMain.send4LetterWord(FourLetterWordMain.java:105)
	at org.apache.zookeeper.client.FourLetterWordMain.send4LetterWord(FourLetterWordMain.java:73)
	at org.apache.zookeeper.test.ClientBase.waitForServerUp(ClientBase.java:261)
	at org.apache.zookeeper.test.ClientBase.startServerInstance(ClientBase.java:401)
	at org.apache.zookeeper.test.ClientBase.startServer(ClientBase.java:516)
	at org.apache.zookeeper.test.ClientBase.setUpWithServerId(ClientBase.java:499)
	at org.apache.zookeeper.test.ClientBase.setUp(ClientBase.java:474)
	at org.apache.zookeeper.test.SaslDigestAuthOverSSLTest.setUp(SaslDigestAuthOverSSLTest.java:62)
	at sun.reflect.NativeMethodAccessorImpl.invoke0(Native Method)
	at sun.reflect.NativeMethodAccessorImpl.invoke(NativeMethodAccessorImpl.java:62)
	at sun.reflect.DelegatingMethodAccessorImpl.invoke(DelegatingMethodAccessorImpl.java:43)
	at java.lang.reflect.Method.invoke(Method.java:498)
	at org.junit.runners.model.FrameworkMethod$1.runReflectiveCall(FrameworkMethod.java:50)
	at org.junit.internal.runners.model.ReflectiveCallable.run(ReflectiveCallable.java:12)
	at org.junit.runners.model.FrameworkMethod.invokeExplosively(FrameworkMethod.java:47)
	at mockit.integration.junit4.JUnit4TestRunnerDecorator.invokeExplosively(JUnit4TestRunnerDecorator.java:49)
	at mockit.integration.junit4.FakeFrameworkMethod.invokeExplosively(FakeFrameworkMethod.java:29)
	at org.junit.runners.model.FrameworkMethod.invokeExplosively(FrameworkMethod.java)
	at org.junit.internal.runners.statements.RunBefores.evaluate(RunBefores.java:24)
	at org.junit.internal.runners.statements.RunAfters.evaluate(RunAfters.java:27)
	at org.junit.rules.TestWatcher$1.evaluate(TestWatcher.java:55)
	at org.junit.rules.RunRules.evaluate(RunRules.java:20)
	at org.junit.runners.ParentRunner.runLeaf(ParentRunner.java:325)
	at org.junit.runners.BlockJUnit4ClassRunner.runChild(BlockJUnit4ClassRunner.java:78)
	at org.junit.runners.BlockJUnit4ClassRunner.runChild(BlockJUnit4ClassRunner.java:57)
	at org.junit.runners.ParentRunner$3.run(ParentRunner.java:290)
	at org.junit.runners.ParentRunner$1.schedule(ParentRunner.java:71)
	at org.junit.runners.ParentRunner.runChildren(ParentRunner.java:288)
	at org.junit.runners.ParentRunner.access$000(ParentRunner.java:58)
	at org.junit.runners.ParentRunner$2.evaluate(ParentRunner.java:268)
	at org.junit.internal.runners.statements.RunBefores.evaluate(RunBefores.java:26)
	at org.junit.runners.ParentRunner.run(ParentRunner.java:363)
	at org.apache.maven.surefire.junit4.JUnit4Provider.execute(JUnit4Provider.java:365)
	at org.apache.maven.surefire.junit4.JUnit4Provider.executeWithRerun(JUnit4Provider.java:273)
	at org.apache.maven.surefire.junit4.JUnit4Provider.executeTestSet(JUnit4Provider.java:238)
	at org.apache.maven.surefire.junit4.JUnit4Provider.invoke(JUnit4Provider.java:159)
	at org.apache.maven.surefire.booter.ForkedBooter.invokeProviderInSameClassLoader(ForkedBooter.java:384)
	at org.apache.maven.surefire.booter.ForkedBooter.runSuitesInProcess(ForkedBooter.java:345)
	at org.apache.maven.surefire.booter.ForkedBooter.execute(ForkedBooter.java:126)
	at org.apache.maven.surefire.booter.ForkedBooter.main(ForkedBooter.java:418)
2020-06-22 14:22:42,620 [myid:] - ERROR [main:ZKTrustManager@162] - Failed to verify hostname: activate.navicat.com
javax.net.ssl.SSLPeerUnverifiedException: Certificate for <activate.navicat.com> doesn't match common name of the certificate subject: localhost
	at org.apache.zookeeper.common.ZKHostnameVerifier.matchCN(ZKHostnameVerifier.java:238)
	at org.apache.zookeeper.common.ZKHostnameVerifier.verify(ZKHostnameVerifier.java:184)
	at org.apache.zookeeper.common.ZKTrustManager.performHostVerification(ZKTrustManager.java:159)
	at org.apache.zookeeper.common.ZKTrustManager.checkServerTrusted(ZKTrustManager.java:90)
	at sun.security.ssl.ClientHandshaker.serverCertificate(ClientHandshaker.java:1670)
	at sun.security.ssl.ClientHandshaker.processMessage(ClientHandshaker.java:226)
	at sun.security.ssl.Handshaker.processLoop(Handshaker.java:1082)
	at sun.security.ssl.Handshaker.process_record(Handshaker.java:1010)
	at sun.security.ssl.SSLSocketImpl.readRecord(SSLSocketImpl.java:1079)
	at sun.security.ssl.SSLSocketImpl.performInitialHandshake(SSLSocketImpl.java:1388)
	at sun.security.ssl.SSLSocketImpl.startHandshake(SSLSocketImpl.java:1416)
	at sun.security.ssl.SSLSocketImpl.startHandshake(SSLSocketImpl.java:1400)
	at org.apache.zookeeper.client.FourLetterWordMain.send4LetterWord(FourLetterWordMain.java:105)
	at org.apache.zookeeper.client.FourLetterWordMain.send4LetterWord(FourLetterWordMain.java:73)
	at org.apache.zookeeper.test.ClientBase.waitForServerUp(ClientBase.java:261)
	at org.apache.zookeeper.test.ClientBase.startServerInstance(ClientBase.java:401)
	at org.apache.zookeeper.test.ClientBase.startServer(ClientBase.java:516)
	at org.apache.zookeeper.test.ClientBase.setUpWithServerId(ClientBase.java:499)
	at org.apache.zookeeper.test.ClientBase.setUp(ClientBase.java:474)
	at org.apache.zookeeper.test.SaslDigestAuthOverSSLTest.setUp(SaslDigestAuthOverSSLTest.java:62)
	at sun.reflect.NativeMethodAccessorImpl.invoke0(Native Method)
	at sun.reflect.NativeMethodAccessorImpl.invoke(NativeMethodAccessorImpl.java:62)
	at sun.reflect.DelegatingMethodAccessorImpl.invoke(DelegatingMethodAccessorImpl.java:43)
	at java.lang.reflect.Method.invoke(Method.java:498)
	at org.junit.runners.model.FrameworkMethod$1.runReflectiveCall(FrameworkMethod.java:50)
	at org.junit.internal.runners.model.ReflectiveCallable.run(ReflectiveCallable.java:12)
	at org.junit.runners.model.FrameworkMethod.invokeExplosively(FrameworkMethod.java:47)
	at mockit.integration.junit4.JUnit4TestRunnerDecorator.invokeExplosively(JUnit4TestRunnerDecorator.java:49)
	at mockit.integration.junit4.FakeFrameworkMethod.invokeExplosively(FakeFrameworkMethod.java:29)
	at org.junit.runners.model.FrameworkMethod.invokeExplosively(FrameworkMethod.java)
	at org.junit.internal.runners.statements.RunBefores.evaluate(RunBefores.java:24)
	at org.junit.internal.runners.statements.RunAfters.evaluate(RunAfters.java:27)
	at org.junit.rules.TestWatcher$1.evaluate(TestWatcher.java:55)
	at org.junit.rules.RunRules.evaluate(RunRules.java:20)
	at org.junit.runners.ParentRunner.runLeaf(ParentRunner.java:325)
	at org.junit.runners.BlockJUnit4ClassRunner.runChild(BlockJUnit4ClassRunner.java:78)
	at org.junit.runners.BlockJUnit4ClassRunner.runChild(BlockJUnit4ClassRunner.java:57)
	at org.junit.runners.ParentRunner$3.run(ParentRunner.java:290)
	at org.junit.runners.ParentRunner$1.schedule(ParentRunner.java:71)
	at org.junit.runners.ParentRunner.runChildren(ParentRunner.java:288)
	at org.junit.runners.ParentRunner.access$000(ParentRunner.java:58)
	at org.junit.runners.ParentRunner$2.evaluate(ParentRunner.java:268)
	at org.junit.internal.runners.statements.RunBefores.evaluate(RunBefores.java:26)
	at org.junit.runners.ParentRunner.run(ParentRunner.java:363)
	at org.apache.maven.surefire.junit4.JUnit4Provider.execute(JUnit4Provider.java:365)
	at org.apache.maven.surefire.junit4.JUnit4Provider.executeWithRerun(JUnit4Provider.java:273)
	at org.apache.maven.surefire.junit4.JUnit4Provider.executeTestSet(JUnit4Provider.java:238)
	at org.apache.maven.surefire.junit4.JUnit4Provider.invoke(JUnit4Provider.java:159)
	at org.apache.maven.surefire.booter.ForkedBooter.invokeProviderInSameClassLoader(ForkedBooter.java:384)
	at org.apache.maven.surefire.booter.ForkedBooter.runSuitesInProcess(ForkedBooter.java:345)
	at org.apache.maven.surefire.booter.ForkedBooter.execute(ForkedBooter.java:126)
	at org.apache.maven.surefire.booter.ForkedBooter.main(ForkedBooter.java:418)
2020-06-22 14:22:42,621 [myid:] - INFO  [main:ClientBase@270] - server 127.0.0.1:21995 not up
javax.net.ssl.SSLHandshakeException: java.security.cert.CertificateException: Failed to verify both host address and host name
	at sun.security.ssl.Alerts.getSSLException(Alerts.java:198)
	at sun.security.ssl.SSLSocketImpl.fatal(SSLSocketImpl.java:1967)
	at sun.security.ssl.Handshaker.fatalSE(Handshaker.java:331)
	at sun.security.ssl.Handshaker.fatalSE(Handshaker.java:325)
	at sun.security.ssl.ClientHandshaker.serverCertificate(ClientHandshaker.java:1688)
	at sun.security.ssl.ClientHandshaker.processMessage(ClientHandshaker.java:226)
	at sun.security.ssl.Handshaker.processLoop(Handshaker.java:1082)
	at sun.security.ssl.Handshaker.process_record(Handshaker.java:1010)
	at sun.security.ssl.SSLSocketImpl.readRecord(SSLSocketImpl.java:1079)
	at sun.security.ssl.SSLSocketImpl.performInitialHandshake(SSLSocketImpl.java:1388)
	at sun.security.ssl.SSLSocketImpl.startHandshake(SSLSocketImpl.java:1416)
	at sun.security.ssl.SSLSocketImpl.startHandshake(SSLSocketImpl.java:1400)
	at org.apache.zookeeper.client.FourLetterWordMain.send4LetterWord(FourLetterWordMain.java:105)
	at org.apache.zookeeper.client.FourLetterWordMain.send4LetterWord(FourLetterWordMain.java:73)
	at org.apache.zookeeper.test.ClientBase.waitForServerUp(ClientBase.java:261)
	at org.apache.zookeeper.test.ClientBase.startServerInstance(ClientBase.java:401)
	at org.apache.zookeeper.test.ClientBase.startServer(ClientBase.java:516)
	at org.apache.zookeeper.test.ClientBase.setUpWithServerId(ClientBase.java:499)
	at org.apache.zookeeper.test.ClientBase.setUp(ClientBase.java:474)
	at org.apache.zookeeper.test.SaslDigestAuthOverSSLTest.setUp(SaslDigestAuthOverSSLTest.java:62)
	at sun.reflect.NativeMethodAccessorImpl.invoke0(Native Method)
	at sun.reflect.NativeMethodAccessorImpl.invoke(NativeMethodAccessorImpl.java:62)
	at sun.reflect.DelegatingMethodAccessorImpl.invoke(DelegatingMethodAccessorImpl.java:43)
	at java.lang.reflect.Method.invoke(Method.java:498)
	at org.junit.runners.model.FrameworkMethod$1.runReflectiveCall(FrameworkMethod.java:50)
	at org.junit.internal.runners.model.ReflectiveCallable.run(ReflectiveCallable.java:12)
	at org.junit.runners.model.FrameworkMethod.invokeExplosively(FrameworkMethod.java:47)
	at mockit.integration.junit4.JUnit4TestRunnerDecorator.invokeExplosively(JUnit4TestRunnerDecorator.java:49)
	at mockit.integration.junit4.FakeFrameworkMethod.invokeExplosively(FakeFrameworkMethod.java:29)
	at org.junit.runners.model.FrameworkMethod.invokeExplosively(FrameworkMethod.java)
	at org.junit.internal.runners.statements.RunBefores.evaluate(RunBefores.java:24)
	at org.junit.internal.runners.statements.RunAfters.evaluate(RunAfters.java:27)
	at org.junit.rules.TestWatcher$1.evaluate(TestWatcher.java:55)
	at org.junit.rules.RunRules.evaluate(RunRules.java:20)
	at org.junit.runners.ParentRunner.runLeaf(ParentRunner.java:325)
	at org.junit.runners.BlockJUnit4ClassRunner.runChild(BlockJUnit4ClassRunner.java:78)
	at org.junit.runners.BlockJUnit4ClassRunner.runChild(BlockJUnit4ClassRunner.java:57)
	at org.junit.runners.ParentRunner$3.run(ParentRunner.java:290)
	at org.junit.runners.ParentRunner$1.schedule(ParentRunner.java:71)
	at org.junit.runners.ParentRunner.runChildren(ParentRunner.java:288)
	at org.junit.runners.ParentRunner.access$000(ParentRunner.java:58)
	at org.junit.runners.ParentRunner$2.evaluate(ParentRunner.java:268)
	at org.junit.internal.runners.statements.RunBefores.evaluate(RunBefores.java:26)
	at org.junit.runners.ParentRunner.run(ParentRunner.java:363)
	at org.apache.maven.surefire.junit4.JUnit4Provider.execute(JUnit4Provider.java:365)
	at org.apache.maven.surefire.junit4.JUnit4Provider.executeWithRerun(JUnit4Provider.java:273)
	at org.apache.maven.surefire.junit4.JUnit4Provider.executeTestSet(JUnit4Provider.java:238)
	at org.apache.maven.surefire.junit4.JUnit4Provider.invoke(JUnit4Provider.java:159)
	at org.apache.maven.surefire.booter.ForkedBooter.invokeProviderInSameClassLoader(ForkedBooter.java:384)
	at org.apache.maven.surefire.booter.ForkedBooter.runSuitesInProcess(ForkedBooter.java:345)
	at org.apache.maven.surefire.booter.ForkedBooter.execute(ForkedBooter.java:126)
	at org.apache.maven.surefire.booter.ForkedBooter.main(ForkedBooter.java:418)
Caused by: java.security.cert.CertificateException: Failed to verify both host address and host name
	at org.apache.zookeeper.common.ZKTrustManager.performHostVerification(ZKTrustManager.java:163)
	at org.apache.zookeeper.common.ZKTrustManager.checkServerTrusted(ZKTrustManager.java:90)
	at sun.security.ssl.ClientHandshaker.serverCertificate(ClientHandshaker.java:1670)
	... 47 more
Caused by: javax.net.ssl.SSLPeerUnverifiedException: Certificate for <activate.navicat.com> doesn't match common name of the certificate subject: localhost
	at org.apache.zookeeper.common.ZKHostnameVerifier.matchCN(ZKHostnameVerifier.java:238)
	at org.apache.zookeeper.common.ZKHostnameVerifier.verify(ZKHostnameVerifier.java:184)
	at org.apache.zookeeper.common.ZKTrustManager.performHostVerification(ZKTrustManager.java:159)
	... 49 more
2020-06-22 14:22:42,621 [myid:] - ERROR [nioEventLoopGroup-4-3:NettyServerCnxnFactory$CertificateVerifier@434] - Unsuccessful handshake with session 0x0
2020-06-22 14:22:42,622 [myid:] - WARN  [nioEventLoopGroup-4-3:NettyServerCnxnFactory$CnxnChannelHandler@273] - Exception caught
io.netty.handler.codec.DecoderException: javax.net.ssl.SSLException: Received fatal alert: certificate_unknown
	at io.netty.handler.codec.ByteToMessageDecoder.callDecode(ByteToMessageDecoder.java:468)
	at io.netty.handler.codec.ByteToMessageDecoder.channelRead(ByteToMessageDecoder.java:276)
	at io.netty.channel.AbstractChannelHandlerContext.invokeChannelRead(AbstractChannelHandlerContext.java:379)
	at io.netty.channel.AbstractChannelHandlerContext.invokeChannelRead(AbstractChannelHandlerContext.java:365)
	at io.netty.channel.AbstractChannelHandlerContext.fireChannelRead(AbstractChannelHandlerContext.java:357)
	at io.netty.channel.DefaultChannelPipeline$HeadContext.channelRead(DefaultChannelPipeline.java:1410)
	at io.netty.channel.AbstractChannelHandlerContext.invokeChannelRead(AbstractChannelHandlerContext.java:379)
	at io.netty.channel.AbstractChannelHandlerContext.invokeChannelRead(AbstractChannelHandlerContext.java:365)
	at io.netty.channel.DefaultChannelPipeline.fireChannelRead(DefaultChannelPipeline.java:919)
	at io.netty.channel.nio.AbstractNioByteChannel$NioByteUnsafe.read(AbstractNioByteChannel.java:163)
	at io.netty.channel.nio.NioEventLoop.processSelectedKey(NioEventLoop.java:714)
	at io.netty.channel.nio.NioEventLoop.processSelectedKeysOptimized(NioEventLoop.java:650)
	at io.netty.channel.nio.NioEventLoop.processSelectedKeys(NioEventLoop.java:576)
	at io.netty.channel.nio.NioEventLoop.run(NioEventLoop.java:493)
	at io.netty.util.concurrent.SingleThreadEventExecutor$4.run(SingleThreadEventExecutor.java:989)
	at io.netty.util.internal.ThreadExecutorMap$2.run(ThreadExecutorMap.java:74)
	at io.netty.util.concurrent.FastThreadLocalRunnable.run(FastThreadLocalRunnable.java:30)
	at java.lang.Thread.run(Thread.java:748)
Caused by: javax.net.ssl.SSLException: Received fatal alert: certificate_unknown
	at sun.security.ssl.Alerts.getSSLException(Alerts.java:214)
	at sun.security.ssl.SSLEngineImpl.fatal(SSLEngineImpl.java:1667)
	at sun.security.ssl.SSLEngineImpl.fatal(SSLEngineImpl.java:1635)
	at sun.security.ssl.SSLEngineImpl.recvAlert(SSLEngineImpl.java:1801)
	at sun.security.ssl.SSLEngineImpl.readRecord(SSLEngineImpl.java:1090)
	at sun.security.ssl.SSLEngineImpl.readNetRecord(SSLEngineImpl.java:913)
	at sun.security.ssl.SSLEngineImpl.unwrap(SSLEngineImpl.java:783)
	at javax.net.ssl.SSLEngine.unwrap(SSLEngine.java:626)
	at io.netty.handler.ssl.SslHandler$SslEngineType$3.unwrap(SslHandler.java:281)
	at io.netty.handler.ssl.SslHandler.unwrap(SslHandler.java:1340)
	at io.netty.handler.ssl.SslHandler.decodeJdkCompatible(SslHandler.java:1235)
	at io.netty.handler.ssl.SslHandler.decode(SslHandler.java:1282)
	at io.netty.handler.codec.ByteToMessageDecoder.decodeRemovalReentryProtection(ByteToMessageDecoder.java:498)
	at io.netty.handler.codec.ByteToMessageDecoder.callDecode(ByteToMessageDecoder.java:437)
	... 17 more
2020-06-22 14:22:42,622 [myid:] - WARN  [nioEventLoopGroup-4-3:NettyServerCnxnFactory$CnxnChannelHandler@273] - Exception caught
io.netty.handler.codec.DecoderException: javax.net.ssl.SSLException: Received fatal alert: certificate_unknown
	at io.netty.handler.codec.ByteToMessageDecoder.callDecode(ByteToMessageDecoder.java:468)
	at io.netty.handler.codec.ByteToMessageDecoder.channelInputClosed(ByteToMessageDecoder.java:401)
	at io.netty.handler.codec.ByteToMessageDecoder.channelInputClosed(ByteToMessageDecoder.java:368)
	at io.netty.handler.codec.ByteToMessageDecoder.channelInactive(ByteToMessageDecoder.java:351)
	at io.netty.handler.ssl.SslHandler.channelInactive(SslHandler.java:1084)
	at io.netty.channel.AbstractChannelHandlerContext.invokeChannelInactive(AbstractChannelHandlerContext.java:262)
	at io.netty.channel.AbstractChannelHandlerContext.invokeChannelInactive(AbstractChannelHandlerContext.java:248)
	at io.netty.channel.AbstractChannelHandlerContext.fireChannelInactive(AbstractChannelHandlerContext.java:241)
	at io.netty.channel.DefaultChannelPipeline$HeadContext.channelInactive(DefaultChannelPipeline.java:1405)
	at io.netty.channel.AbstractChannelHandlerContext.invokeChannelInactive(AbstractChannelHandlerContext.java:262)
	at io.netty.channel.AbstractChannelHandlerContext.invokeChannelInactive(AbstractChannelHandlerContext.java:248)
	at io.netty.channel.DefaultChannelPipeline.fireChannelInactive(DefaultChannelPipeline.java:901)
	at io.netty.channel.AbstractChannel$AbstractUnsafe$8.run(AbstractChannel.java:818)
	at io.netty.util.concurrent.AbstractEventExecutor.safeExecute(AbstractEventExecutor.java:164)
	at io.netty.util.concurrent.SingleThreadEventExecutor.runAllTasks(SingleThreadEventExecutor.java:472)
	at io.netty.channel.nio.NioEventLoop.run(NioEventLoop.java:497)
	at io.netty.util.concurrent.SingleThreadEventExecutor$4.run(SingleThreadEventExecutor.java:989)
	at io.netty.util.internal.ThreadExecutorMap$2.run(ThreadExecutorMap.java:74)
	at io.netty.util.concurrent.FastThreadLocalRunnable.run(FastThreadLocalRunnable.java:30)
	at java.lang.Thread.run(Thread.java:748)
Caused by: javax.net.ssl.SSLException: Received fatal alert: certificate_unknown
	at sun.security.ssl.Alerts.getSSLException(Alerts.java:214)
	at sun.security.ssl.SSLEngineImpl.fatal(SSLEngineImpl.java:1667)
	at sun.security.ssl.SSLEngineImpl.fatal(SSLEngineImpl.java:1635)
	at sun.security.ssl.SSLEngineImpl.recvAlert(SSLEngineImpl.java:1801)
	at sun.security.ssl.SSLEngineImpl.readRecord(SSLEngineImpl.java:1090)
	at sun.security.ssl.SSLEngineImpl.readNetRecord(SSLEngineImpl.java:913)
	at sun.security.ssl.SSLEngineImpl.unwrap(SSLEngineImpl.java:783)
	at javax.net.ssl.SSLEngine.unwrap(SSLEngine.java:626)
	at io.netty.handler.ssl.SslHandler$SslEngineType$3.unwrap(SslHandler.java:281)
	at io.netty.handler.ssl.SslHandler.unwrap(SslHandler.java:1340)
	at io.netty.handler.ssl.SslHandler.decodeJdkCompatible(SslHandler.java:1235)
	at io.netty.handler.ssl.SslHandler.decode(SslHandler.java:1282)
	at io.netty.handler.codec.ByteToMessageDecoder.decodeRemovalReentryProtection(ByteToMessageDecoder.java:498)
	at io.netty.handler.codec.ByteToMessageDecoder.callDecode(ByteToMessageDecoder.java:437)
	... 19 more
2020-06-22 14:22:42,871 [myid:] - INFO  [main:FourLetterWordMain@93] - connecting to 127.0.0.1 21995
2020-06-22 14:22:42,871 [myid:] - INFO  [main:FourLetterWordMain@99] - using secure socket
2020-06-22 14:22:42,883 [myid:] - ERROR [main:ZKTrustManager@161] - Failed to verify host address: 127.0.0.1
javax.net.ssl.SSLPeerUnverifiedException: Certificate for <127.0.0.1> doesn't match common name of the certificate subject: localhost
	at org.apache.zookeeper.common.ZKHostnameVerifier.matchCN(ZKHostnameVerifier.java:238)
	at org.apache.zookeeper.common.ZKHostnameVerifier.verify(ZKHostnameVerifier.java:184)
	at org.apache.zookeeper.common.ZKTrustManager.performHostVerification(ZKTrustManager.java:151)
	at org.apache.zookeeper.common.ZKTrustManager.checkServerTrusted(ZKTrustManager.java:90)
	at sun.security.ssl.ClientHandshaker.serverCertificate(ClientHandshaker.java:1670)
	at sun.security.ssl.ClientHandshaker.processMessage(ClientHandshaker.java:226)
	at sun.security.ssl.Handshaker.processLoop(Handshaker.java:1082)
	at sun.security.ssl.Handshaker.process_record(Handshaker.java:1010)
	at sun.security.ssl.SSLSocketImpl.readRecord(SSLSocketImpl.java:1079)
	at sun.security.ssl.SSLSocketImpl.performInitialHandshake(SSLSocketImpl.java:1388)
	at sun.security.ssl.SSLSocketImpl.startHandshake(SSLSocketImpl.java:1416)
	at sun.security.ssl.SSLSocketImpl.startHandshake(SSLSocketImpl.java:1400)
	at org.apache.zookeeper.client.FourLetterWordMain.send4LetterWord(FourLetterWordMain.java:105)
	at org.apache.zookeeper.client.FourLetterWordMain.send4LetterWord(FourLetterWordMain.java:73)
	at org.apache.zookeeper.test.ClientBase.waitForServerUp(ClientBase.java:261)
	at org.apache.zookeeper.test.ClientBase.startServerInstance(ClientBase.java:401)
	at org.apache.zookeeper.test.ClientBase.startServer(ClientBase.java:516)
	at org.apache.zookeeper.test.ClientBase.setUpWithServerId(ClientBase.java:499)
	at org.apache.zookeeper.test.ClientBase.setUp(ClientBase.java:474)
	at org.apache.zookeeper.test.SaslDigestAuthOverSSLTest.setUp(SaslDigestAuthOverSSLTest.java:62)
	at sun.reflect.NativeMethodAccessorImpl.invoke0(Native Method)
	at sun.reflect.NativeMethodAccessorImpl.invoke(NativeMethodAccessorImpl.java:62)
	at sun.reflect.DelegatingMethodAccessorImpl.invoke(DelegatingMethodAccessorImpl.java:43)
	at java.lang.reflect.Method.invoke(Method.java:498)
	at org.junit.runners.model.FrameworkMethod$1.runReflectiveCall(FrameworkMethod.java:50)
	at org.junit.internal.runners.model.ReflectiveCallable.run(ReflectiveCallable.java:12)
	at org.junit.runners.model.FrameworkMethod.invokeExplosively(FrameworkMethod.java:47)
	at mockit.integration.junit4.JUnit4TestRunnerDecorator.invokeExplosively(JUnit4TestRunnerDecorator.java:49)
	at mockit.integration.junit4.FakeFrameworkMethod.invokeExplosively(FakeFrameworkMethod.java:29)
	at org.junit.runners.model.FrameworkMethod.invokeExplosively(FrameworkMethod.java)
	at org.junit.internal.runners.statements.RunBefores.evaluate(RunBefores.java:24)
	at org.junit.internal.runners.statements.RunAfters.evaluate(RunAfters.java:27)
	at org.junit.rules.TestWatcher$1.evaluate(TestWatcher.java:55)
	at org.junit.rules.RunRules.evaluate(RunRules.java:20)
	at org.junit.runners.ParentRunner.runLeaf(ParentRunner.java:325)
	at org.junit.runners.BlockJUnit4ClassRunner.runChild(BlockJUnit4ClassRunner.java:78)
	at org.junit.runners.BlockJUnit4ClassRunner.runChild(BlockJUnit4ClassRunner.java:57)
	at org.junit.runners.ParentRunner$3.run(ParentRunner.java:290)
	at org.junit.runners.ParentRunner$1.schedule(ParentRunner.java:71)
	at org.junit.runners.ParentRunner.runChildren(ParentRunner.java:288)
	at org.junit.runners.ParentRunner.access$000(ParentRunner.java:58)
	at org.junit.runners.ParentRunner$2.evaluate(ParentRunner.java:268)
	at org.junit.internal.runners.statements.RunBefores.evaluate(RunBefores.java:26)
	at org.junit.runners.ParentRunner.run(ParentRunner.java:363)
	at org.apache.maven.surefire.junit4.JUnit4Provider.execute(JUnit4Provider.java:365)
	at org.apache.maven.surefire.junit4.JUnit4Provider.executeWithRerun(JUnit4Provider.java:273)
	at org.apache.maven.surefire.junit4.JUnit4Provider.executeTestSet(JUnit4Provider.java:238)
	at org.apache.maven.surefire.junit4.JUnit4Provider.invoke(JUnit4Provider.java:159)
	at org.apache.maven.surefire.booter.ForkedBooter.invokeProviderInSameClassLoader(ForkedBooter.java:384)
	at org.apache.maven.surefire.booter.ForkedBooter.runSuitesInProcess(ForkedBooter.java:345)
	at org.apache.maven.surefire.booter.ForkedBooter.execute(ForkedBooter.java:126)
	at org.apache.maven.surefire.booter.ForkedBooter.main(ForkedBooter.java:418)
2020-06-22 14:22:42,883 [myid:] - ERROR [main:ZKTrustManager@162] - Failed to verify hostname: activate.navicat.com
javax.net.ssl.SSLPeerUnverifiedException: Certificate for <activate.navicat.com> doesn't match common name of the certificate subject: localhost
	at org.apache.zookeeper.common.ZKHostnameVerifier.matchCN(ZKHostnameVerifier.java:238)
	at org.apache.zookeeper.common.ZKHostnameVerifier.verify(ZKHostnameVerifier.java:184)
	at org.apache.zookeeper.common.ZKTrustManager.performHostVerification(ZKTrustManager.java:159)
	at org.apache.zookeeper.common.ZKTrustManager.checkServerTrusted(ZKTrustManager.java:90)
	at sun.security.ssl.ClientHandshaker.serverCertificate(ClientHandshaker.java:1670)
	at sun.security.ssl.ClientHandshaker.processMessage(ClientHandshaker.java:226)
	at sun.security.ssl.Handshaker.processLoop(Handshaker.java:1082)
	at sun.security.ssl.Handshaker.process_record(Handshaker.java:1010)
	at sun.security.ssl.SSLSocketImpl.readRecord(SSLSocketImpl.java:1079)
	at sun.security.ssl.SSLSocketImpl.performInitialHandshake(SSLSocketImpl.java:1388)
	at sun.security.ssl.SSLSocketImpl.startHandshake(SSLSocketImpl.java:1416)
	at sun.security.ssl.SSLSocketImpl.startHandshake(SSLSocketImpl.java:1400)
	at org.apache.zookeeper.client.FourLetterWordMain.send4LetterWord(FourLetterWordMain.java:105)
	at org.apache.zookeeper.client.FourLetterWordMain.send4LetterWord(FourLetterWordMain.java:73)
	at org.apache.zookeeper.test.ClientBase.waitForServerUp(ClientBase.java:261)
	at org.apache.zookeeper.test.ClientBase.startServerInstance(ClientBase.java:401)
	at org.apache.zookeeper.test.ClientBase.startServer(ClientBase.java:516)
	at org.apache.zookeeper.test.ClientBase.setUpWithServerId(ClientBase.java:499)
	at org.apache.zookeeper.test.ClientBase.setUp(ClientBase.java:474)
	at org.apache.zookeeper.test.SaslDigestAuthOverSSLTest.setUp(SaslDigestAuthOverSSLTest.java:62)
	at sun.reflect.NativeMethodAccessorImpl.invoke0(Native Method)
	at sun.reflect.NativeMethodAccessorImpl.invoke(NativeMethodAccessorImpl.java:62)
	at sun.reflect.DelegatingMethodAccessorImpl.invoke(DelegatingMethodAccessorImpl.java:43)
	at java.lang.reflect.Method.invoke(Method.java:498)
	at org.junit.runners.model.FrameworkMethod$1.runReflectiveCall(FrameworkMethod.java:50)
	at org.junit.internal.runners.model.ReflectiveCallable.run(ReflectiveCallable.java:12)
	at org.junit.runners.model.FrameworkMethod.invokeExplosively(FrameworkMethod.java:47)
	at mockit.integration.junit4.JUnit4TestRunnerDecorator.invokeExplosively(JUnit4TestRunnerDecorator.java:49)
	at mockit.integration.junit4.FakeFrameworkMethod.invokeExplosively(FakeFrameworkMethod.java:29)
	at org.junit.runners.model.FrameworkMethod.invokeExplosively(FrameworkMethod.java)
	at org.junit.internal.runners.statements.RunBefores.evaluate(RunBefores.java:24)
	at org.junit.internal.runners.statements.RunAfters.evaluate(RunAfters.java:27)
	at org.junit.rules.TestWatcher$1.evaluate(TestWatcher.java:55)
	at org.junit.rules.RunRules.evaluate(RunRules.java:20)
	at org.junit.runners.ParentRunner.runLeaf(ParentRunner.java:325)
	at org.junit.runners.BlockJUnit4ClassRunner.runChild(BlockJUnit4ClassRunner.java:78)
	at org.junit.runners.BlockJUnit4ClassRunner.runChild(BlockJUnit4ClassRunner.java:57)
	at org.junit.runners.ParentRunner$3.run(ParentRunner.java:290)
	at org.junit.runners.ParentRunner$1.schedule(ParentRunner.java:71)
	at org.junit.runners.ParentRunner.runChildren(ParentRunner.java:288)
	at org.junit.runners.ParentRunner.access$000(ParentRunner.java:58)
	at org.junit.runners.ParentRunner$2.evaluate(ParentRunner.java:268)
	at org.junit.internal.runners.statements.RunBefores.evaluate(RunBefores.java:26)
	at org.junit.runners.ParentRunner.run(ParentRunner.java:363)
	at org.apache.maven.surefire.junit4.JUnit4Provider.execute(JUnit4Provider.java:365)
	at org.apache.maven.surefire.junit4.JUnit4Provider.executeWithRerun(JUnit4Provider.java:273)
	at org.apache.maven.surefire.junit4.JUnit4Provider.executeTestSet(JUnit4Provider.java:238)
	at org.apache.maven.surefire.junit4.JUnit4Provider.invoke(JUnit4Provider.java:159)
	at org.apache.maven.surefire.booter.ForkedBooter.invokeProviderInSameClassLoader(ForkedBooter.java:384)
	at org.apache.maven.surefire.booter.ForkedBooter.runSuitesInProcess(ForkedBooter.java:345)
	at org.apache.maven.surefire.booter.ForkedBooter.execute(ForkedBooter.java:126)
	at org.apache.maven.surefire.booter.ForkedBooter.main(ForkedBooter.java:418)
2020-06-22 14:22:42,884 [myid:] - INFO  [main:ClientBase@270] - server 127.0.0.1:21995 not up
javax.net.ssl.SSLHandshakeException: java.security.cert.CertificateException: Failed to verify both host address and host name
	at sun.security.ssl.Alerts.getSSLException(Alerts.java:198)
	at sun.security.ssl.SSLSocketImpl.fatal(SSLSocketImpl.java:1967)
	at sun.security.ssl.Handshaker.fatalSE(Handshaker.java:331)
	at sun.security.ssl.Handshaker.fatalSE(Handshaker.java:325)
	at sun.security.ssl.ClientHandshaker.serverCertificate(ClientHandshaker.java:1688)
	at sun.security.ssl.ClientHandshaker.processMessage(ClientHandshaker.java:226)
	at sun.security.ssl.Handshaker.processLoop(Handshaker.java:1082)
	at sun.security.ssl.Handshaker.process_record(Handshaker.java:1010)
	at sun.security.ssl.SSLSocketImpl.readRecord(SSLSocketImpl.java:1079)
	at sun.security.ssl.SSLSocketImpl.performInitialHandshake(SSLSocketImpl.java:1388)
	at sun.security.ssl.SSLSocketImpl.startHandshake(SSLSocketImpl.java:1416)
	at sun.security.ssl.SSLSocketImpl.startHandshake(SSLSocketImpl.java:1400)
	at org.apache.zookeeper.client.FourLetterWordMain.send4LetterWord(FourLetterWordMain.java:105)
	at org.apache.zookeeper.client.FourLetterWordMain.send4LetterWord(FourLetterWordMain.java:73)
	at org.apache.zookeeper.test.ClientBase.waitForServerUp(ClientBase.java:261)
	at org.apache.zookeeper.test.ClientBase.startServerInstance(ClientBase.java:401)
	at org.apache.zookeeper.test.ClientBase.startServer(ClientBase.java:516)
	at org.apache.zookeeper.test.ClientBase.setUpWithServerId(ClientBase.java:499)
	at org.apache.zookeeper.test.ClientBase.setUp(ClientBase.java:474)
	at org.apache.zookeeper.test.SaslDigestAuthOverSSLTest.setUp(SaslDigestAuthOverSSLTest.java:62)
	at sun.reflect.NativeMethodAccessorImpl.invoke0(Native Method)
	at sun.reflect.NativeMethodAccessorImpl.invoke(NativeMethodAccessorImpl.java:62)
	at sun.reflect.DelegatingMethodAccessorImpl.invoke(DelegatingMethodAccessorImpl.java:43)
	at java.lang.reflect.Method.invoke(Method.java:498)
	at org.junit.runners.model.FrameworkMethod$1.runReflectiveCall(FrameworkMethod.java:50)
	at org.junit.internal.runners.model.ReflectiveCallable.run(ReflectiveCallable.java:12)
	at org.junit.runners.model.FrameworkMethod.invokeExplosively(FrameworkMethod.java:47)
	at mockit.integration.junit4.JUnit4TestRunnerDecorator.invokeExplosively(JUnit4TestRunnerDecorator.java:49)
	at mockit.integration.junit4.FakeFrameworkMethod.invokeExplosively(FakeFrameworkMethod.java:29)
	at org.junit.runners.model.FrameworkMethod.invokeExplosively(FrameworkMethod.java)
	at org.junit.internal.runners.statements.RunBefores.evaluate(RunBefores.java:24)
	at org.junit.internal.runners.statements.RunAfters.evaluate(RunAfters.java:27)
	at org.junit.rules.TestWatcher$1.evaluate(TestWatcher.java:55)
	at org.junit.rules.RunRules.evaluate(RunRules.java:20)
	at org.junit.runners.ParentRunner.runLeaf(ParentRunner.java:325)
	at org.junit.runners.BlockJUnit4ClassRunner.runChild(BlockJUnit4ClassRunner.java:78)
	at org.junit.runners.BlockJUnit4ClassRunner.runChild(BlockJUnit4ClassRunner.java:57)
	at org.junit.runners.ParentRunner$3.run(ParentRunner.java:290)
	at org.junit.runners.ParentRunner$1.schedule(ParentRunner.java:71)
	at org.junit.runners.ParentRunner.runChildren(ParentRunner.java:288)
	at org.junit.runners.ParentRunner.access$000(ParentRunner.java:58)
	at org.junit.runners.ParentRunner$2.evaluate(ParentRunner.java:268)
	at org.junit.internal.runners.statements.RunBefores.evaluate(RunBefores.java:26)
	at org.junit.runners.ParentRunner.run(ParentRunner.java:363)
	at org.apache.maven.surefire.junit4.JUnit4Provider.execute(JUnit4Provider.java:365)
	at org.apache.maven.surefire.junit4.JUnit4Provider.executeWithRerun(JUnit4Provider.java:273)
	at org.apache.maven.surefire.junit4.JUnit4Provider.executeTestSet(JUnit4Provider.java:238)
	at org.apache.maven.surefire.junit4.JUnit4Provider.invoke(JUnit4Provider.java:159)
	at org.apache.maven.surefire.booter.ForkedBooter.invokeProviderInSameClassLoader(ForkedBooter.java:384)
	at org.apache.maven.surefire.booter.ForkedBooter.runSuitesInProcess(ForkedBooter.java:345)
	at org.apache.maven.surefire.booter.ForkedBooter.execute(ForkedBooter.java:126)
	at org.apache.maven.surefire.booter.ForkedBooter.main(ForkedBooter.java:418)
Caused by: java.security.cert.CertificateException: Failed to verify both host address and host name
	at org.apache.zookeeper.common.ZKTrustManager.performHostVerification(ZKTrustManager.java:163)
	at org.apache.zookeeper.common.ZKTrustManager.checkServerTrusted(ZKTrustManager.java:90)
	at sun.security.ssl.ClientHandshaker.serverCertificate(ClientHandshaker.java:1670)
	... 47 more
Caused by: javax.net.ssl.SSLPeerUnverifiedException: Certificate for <activate.navicat.com> doesn't match common name of the certificate subject: localhost
	at org.apache.zookeeper.common.ZKHostnameVerifier.matchCN(ZKHostnameVerifier.java:238)
	at org.apache.zookeeper.common.ZKHostnameVerifier.verify(ZKHostnameVerifier.java:184)
	at org.apache.zookeeper.common.ZKTrustManager.performHostVerification(ZKTrustManager.java:159)
	... 49 more
2020-06-22 14:22:42,884 [myid:] - ERROR [nioEventLoopGroup-4-4:NettyServerCnxnFactory$CertificateVerifier@434] - Unsuccessful handshake with session 0x0
2020-06-22 14:22:42,885 [myid:] - WARN  [nioEventLoopGroup-4-4:NettyServerCnxnFactory$CnxnChannelHandler@273] - Exception caught
io.netty.handler.codec.DecoderException: javax.net.ssl.SSLException: Received fatal alert: certificate_unknown
	at io.netty.handler.codec.ByteToMessageDecoder.callDecode(ByteToMessageDecoder.java:468)
	at io.netty.handler.codec.ByteToMessageDecoder.channelRead(ByteToMessageDecoder.java:276)
	at io.netty.channel.AbstractChannelHandlerContext.invokeChannelRead(AbstractChannelHandlerContext.java:379)
	at io.netty.channel.AbstractChannelHandlerContext.invokeChannelRead(AbstractChannelHandlerContext.java:365)
	at io.netty.channel.AbstractChannelHandlerContext.fireChannelRead(AbstractChannelHandlerContext.java:357)
	at io.netty.channel.DefaultChannelPipeline$HeadContext.channelRead(DefaultChannelPipeline.java:1410)
	at io.netty.channel.AbstractChannelHandlerContext.invokeChannelRead(AbstractChannelHandlerContext.java:379)
	at io.netty.channel.AbstractChannelHandlerContext.invokeChannelRead(AbstractChannelHandlerContext.java:365)
	at io.netty.channel.DefaultChannelPipeline.fireChannelRead(DefaultChannelPipeline.java:919)
	at io.netty.channel.nio.AbstractNioByteChannel$NioByteUnsafe.read(AbstractNioByteChannel.java:163)
	at io.netty.channel.nio.NioEventLoop.processSelectedKey(NioEventLoop.java:714)
	at io.netty.channel.nio.NioEventLoop.processSelectedKeysOptimized(NioEventLoop.java:650)
	at io.netty.channel.nio.NioEventLoop.processSelectedKeys(NioEventLoop.java:576)
	at io.netty.channel.nio.NioEventLoop.run(NioEventLoop.java:493)
	at io.netty.util.concurrent.SingleThreadEventExecutor$4.run(SingleThreadEventExecutor.java:989)
	at io.netty.util.internal.ThreadExecutorMap$2.run(ThreadExecutorMap.java:74)
	at io.netty.util.concurrent.FastThreadLocalRunnable.run(FastThreadLocalRunnable.java:30)
	at java.lang.Thread.run(Thread.java:748)
Caused by: javax.net.ssl.SSLException: Received fatal alert: certificate_unknown
	at sun.security.ssl.Alerts.getSSLException(Alerts.java:214)
	at sun.security.ssl.SSLEngineImpl.fatal(SSLEngineImpl.java:1667)
	at sun.security.ssl.SSLEngineImpl.fatal(SSLEngineImpl.java:1635)
	at sun.security.ssl.SSLEngineImpl.recvAlert(SSLEngineImpl.java:1801)
	at sun.security.ssl.SSLEngineImpl.readRecord(SSLEngineImpl.java:1090)
	at sun.security.ssl.SSLEngineImpl.readNetRecord(SSLEngineImpl.java:913)
	at sun.security.ssl.SSLEngineImpl.unwrap(SSLEngineImpl.java:783)
	at javax.net.ssl.SSLEngine.unwrap(SSLEngine.java:626)
	at io.netty.handler.ssl.SslHandler$SslEngineType$3.unwrap(SslHandler.java:281)
	at io.netty.handler.ssl.SslHandler.unwrap(SslHandler.java:1340)
	at io.netty.handler.ssl.SslHandler.decodeJdkCompatible(SslHandler.java:1235)
	at io.netty.handler.ssl.SslHandler.decode(SslHandler.java:1282)
	at io.netty.handler.codec.ByteToMessageDecoder.decodeRemovalReentryProtection(ByteToMessageDecoder.java:498)
	at io.netty.handler.codec.ByteToMessageDecoder.callDecode(ByteToMessageDecoder.java:437)
	... 17 more
2020-06-22 14:22:42,886 [myid:] - WARN  [nioEventLoopGroup-4-4:NettyServerCnxnFactory$CnxnChannelHandler@273] - Exception caught
io.netty.handler.codec.DecoderException: javax.net.ssl.SSLException: Received fatal alert: certificate_unknown
	at io.netty.handler.codec.ByteToMessageDecoder.callDecode(ByteToMessageDecoder.java:468)
	at io.netty.handler.codec.ByteToMessageDecoder.channelInputClosed(ByteToMessageDecoder.java:401)
	at io.netty.handler.codec.ByteToMessageDecoder.channelInputClosed(ByteToMessageDecoder.java:368)
	at io.netty.handler.codec.ByteToMessageDecoder.channelInactive(ByteToMessageDecoder.java:351)
	at io.netty.handler.ssl.SslHandler.channelInactive(SslHandler.java:1084)
	at io.netty.channel.AbstractChannelHandlerContext.invokeChannelInactive(AbstractChannelHandlerContext.java:262)
	at io.netty.channel.AbstractChannelHandlerContext.invokeChannelInactive(AbstractChannelHandlerContext.java:248)
	at io.netty.channel.AbstractChannelHandlerContext.fireChannelInactive(AbstractChannelHandlerContext.java:241)
	at io.netty.channel.DefaultChannelPipeline$HeadContext.channelInactive(DefaultChannelPipeline.java:1405)
	at io.netty.channel.AbstractChannelHandlerContext.invokeChannelInactive(AbstractChannelHandlerContext.java:262)
	at io.netty.channel.AbstractChannelHandlerContext.invokeChannelInactive(AbstractChannelHandlerContext.java:248)
	at io.netty.channel.DefaultChannelPipeline.fireChannelInactive(DefaultChannelPipeline.java:901)
	at io.netty.channel.AbstractChannel$AbstractUnsafe$8.run(AbstractChannel.java:818)
	at io.netty.util.concurrent.AbstractEventExecutor.safeExecute(AbstractEventExecutor.java:164)
	at io.netty.util.concurrent.SingleThreadEventExecutor.runAllTasks(SingleThreadEventExecutor.java:472)
	at io.netty.channel.nio.NioEventLoop.run(NioEventLoop.java:497)
	at io.netty.util.concurrent.SingleThreadEventExecutor$4.run(SingleThreadEventExecutor.java:989)
	at io.netty.util.internal.ThreadExecutorMap$2.run(ThreadExecutorMap.java:74)
	at io.netty.util.concurrent.FastThreadLocalRunnable.run(FastThreadLocalRunnable.java:30)
	at java.lang.Thread.run(Thread.java:748)
Caused by: javax.net.ssl.SSLException: Received fatal alert: certificate_unknown
	at sun.security.ssl.Alerts.getSSLException(Alerts.java:214)
	at sun.security.ssl.SSLEngineImpl.fatal(SSLEngineImpl.java:1667)
	at sun.security.ssl.SSLEngineImpl.fatal(SSLEngineImpl.java:1635)
	at sun.security.ssl.SSLEngineImpl.recvAlert(SSLEngineImpl.java:1801)
	at sun.security.ssl.SSLEngineImpl.readRecord(SSLEngineImpl.java:1090)
	at sun.security.ssl.SSLEngineImpl.readNetRecord(SSLEngineImpl.java:913)
	at sun.security.ssl.SSLEngineImpl.unwrap(SSLEngineImpl.java:783)
	at javax.net.ssl.SSLEngine.unwrap(SSLEngine.java:626)
	at io.netty.handler.ssl.SslHandler$SslEngineType$3.unwrap(SslHandler.java:281)
	at io.netty.handler.ssl.SslHandler.unwrap(SslHandler.java:1340)
	at io.netty.handler.ssl.SslHandler.decodeJdkCompatible(SslHandler.java:1235)
	at io.netty.handler.ssl.SslHandler.decode(SslHandler.java:1282)
	at io.netty.handler.codec.ByteToMessageDecoder.decodeRemovalReentryProtection(ByteToMessageDecoder.java:498)
	at io.netty.handler.codec.ByteToMessageDecoder.callDecode(ByteToMessageDecoder.java:437)
	... 19 more
2020-06-22 14:22:43,134 [myid:] - INFO  [main:FourLetterWordMain@93] - connecting to 127.0.0.1 21995
2020-06-22 14:22:43,134 [myid:] - INFO  [main:FourLetterWordMain@99] - using secure socket
2020-06-22 14:22:43,144 [myid:] - ERROR [main:ZKTrustManager@161] - Failed to verify host address: 127.0.0.1
javax.net.ssl.SSLPeerUnverifiedException: Certificate for <127.0.0.1> doesn't match common name of the certificate subject: localhost
	at org.apache.zookeeper.common.ZKHostnameVerifier.matchCN(ZKHostnameVerifier.java:238)
	at org.apache.zookeeper.common.ZKHostnameVerifier.verify(ZKHostnameVerifier.java:184)
	at org.apache.zookeeper.common.ZKTrustManager.performHostVerification(ZKTrustManager.java:151)
	at org.apache.zookeeper.common.ZKTrustManager.checkServerTrusted(ZKTrustManager.java:90)
	at sun.security.ssl.ClientHandshaker.serverCertificate(ClientHandshaker.java:1670)
	at sun.security.ssl.ClientHandshaker.processMessage(ClientHandshaker.java:226)
	at sun.security.ssl.Handshaker.processLoop(Handshaker.java:1082)
	at sun.security.ssl.Handshaker.process_record(Handshaker.java:1010)
	at sun.security.ssl.SSLSocketImpl.readRecord(SSLSocketImpl.java:1079)
	at sun.security.ssl.SSLSocketImpl.performInitialHandshake(SSLSocketImpl.java:1388)
	at sun.security.ssl.SSLSocketImpl.startHandshake(SSLSocketImpl.java:1416)
	at sun.security.ssl.SSLSocketImpl.startHandshake(SSLSocketImpl.java:1400)
	at org.apache.zookeeper.client.FourLetterWordMain.send4LetterWord(FourLetterWordMain.java:105)
	at org.apache.zookeeper.client.FourLetterWordMain.send4LetterWord(FourLetterWordMain.java:73)
	at org.apache.zookeeper.test.ClientBase.waitForServerUp(ClientBase.java:261)
	at org.apache.zookeeper.test.ClientBase.startServerInstance(ClientBase.java:401)
	at org.apache.zookeeper.test.ClientBase.startServer(ClientBase.java:516)
	at org.apache.zookeeper.test.ClientBase.setUpWithServerId(ClientBase.java:499)
	at org.apache.zookeeper.test.ClientBase.setUp(ClientBase.java:474)
	at org.apache.zookeeper.test.SaslDigestAuthOverSSLTest.setUp(SaslDigestAuthOverSSLTest.java:62)
	at sun.reflect.NativeMethodAccessorImpl.invoke0(Native Method)
	at sun.reflect.NativeMethodAccessorImpl.invoke(NativeMethodAccessorImpl.java:62)
	at sun.reflect.DelegatingMethodAccessorImpl.invoke(DelegatingMethodAccessorImpl.java:43)
	at java.lang.reflect.Method.invoke(Method.java:498)
	at org.junit.runners.model.FrameworkMethod$1.runReflectiveCall(FrameworkMethod.java:50)
	at org.junit.internal.runners.model.ReflectiveCallable.run(ReflectiveCallable.java:12)
	at org.junit.runners.model.FrameworkMethod.invokeExplosively(FrameworkMethod.java:47)
	at mockit.integration.junit4.JUnit4TestRunnerDecorator.invokeExplosively(JUnit4TestRunnerDecorator.java:49)
	at mockit.integration.junit4.FakeFrameworkMethod.invokeExplosively(FakeFrameworkMethod.java:29)
	at org.junit.runners.model.FrameworkMethod.invokeExplosively(FrameworkMethod.java)
	at org.junit.internal.runners.statements.RunBefores.evaluate(RunBefores.java:24)
	at org.junit.internal.runners.statements.RunAfters.evaluate(RunAfters.java:27)
	at org.junit.rules.TestWatcher$1.evaluate(TestWatcher.java:55)
	at org.junit.rules.RunRules.evaluate(RunRules.java:20)
	at org.junit.runners.ParentRunner.runLeaf(ParentRunner.java:325)
	at org.junit.runners.BlockJUnit4ClassRunner.runChild(BlockJUnit4ClassRunner.java:78)
	at org.junit.runners.BlockJUnit4ClassRunner.runChild(BlockJUnit4ClassRunner.java:57)
	at org.junit.runners.ParentRunner$3.run(ParentRunner.java:290)
	at org.junit.runners.ParentRunner$1.schedule(ParentRunner.java:71)
	at org.junit.runners.ParentRunner.runChildren(ParentRunner.java:288)
	at org.junit.runners.ParentRunner.access$000(ParentRunner.java:58)
	at org.junit.runners.ParentRunner$2.evaluate(ParentRunner.java:268)
	at org.junit.internal.runners.statements.RunBefores.evaluate(RunBefores.java:26)
	at org.junit.runners.ParentRunner.run(ParentRunner.java:363)
	at org.apache.maven.surefire.junit4.JUnit4Provider.execute(JUnit4Provider.java:365)
	at org.apache.maven.surefire.junit4.JUnit4Provider.executeWithRerun(JUnit4Provider.java:273)
	at org.apache.maven.surefire.junit4.JUnit4Provider.executeTestSet(JUnit4Provider.java:238)
	at org.apache.maven.surefire.junit4.JUnit4Provider.invoke(JUnit4Provider.java:159)
	at org.apache.maven.surefire.booter.ForkedBooter.invokeProviderInSameClassLoader(ForkedBooter.java:384)
	at org.apache.maven.surefire.booter.ForkedBooter.runSuitesInProcess(ForkedBooter.java:345)
	at org.apache.maven.surefire.booter.ForkedBooter.execute(ForkedBooter.java:126)
	at org.apache.maven.surefire.booter.ForkedBooter.main(ForkedBooter.java:418)
2020-06-22 14:22:43,145 [myid:] - ERROR [main:ZKTrustManager@162] - Failed to verify hostname: activate.navicat.com
javax.net.ssl.SSLPeerUnverifiedException: Certificate for <activate.navicat.com> doesn't match common name of the certificate subject: localhost
	at org.apache.zookeeper.common.ZKHostnameVerifier.matchCN(ZKHostnameVerifier.java:238)
	at org.apache.zookeeper.common.ZKHostnameVerifier.verify(ZKHostnameVerifier.java:184)
	at org.apache.zookeeper.common.ZKTrustManager.performHostVerification(ZKTrustManager.java:159)
	at org.apache.zookeeper.common.ZKTrustManager.checkServerTrusted(ZKTrustManager.java:90)
	at sun.security.ssl.ClientHandshaker.serverCertificate(ClientHandshaker.java:1670)
	at sun.security.ssl.ClientHandshaker.processMessage(ClientHandshaker.java:226)
	at sun.security.ssl.Handshaker.processLoop(Handshaker.java:1082)
	at sun.security.ssl.Handshaker.process_record(Handshaker.java:1010)
	at sun.security.ssl.SSLSocketImpl.readRecord(SSLSocketImpl.java:1079)
	at sun.security.ssl.SSLSocketImpl.performInitialHandshake(SSLSocketImpl.java:1388)
	at sun.security.ssl.SSLSocketImpl.startHandshake(SSLSocketImpl.java:1416)
	at sun.security.ssl.SSLSocketImpl.startHandshake(SSLSocketImpl.java:1400)
	at org.apache.zookeeper.client.FourLetterWordMain.send4LetterWord(FourLetterWordMain.java:105)
	at org.apache.zookeeper.client.FourLetterWordMain.send4LetterWord(FourLetterWordMain.java:73)
	at org.apache.zookeeper.test.ClientBase.waitForServerUp(ClientBase.java:261)
	at org.apache.zookeeper.test.ClientBase.startServerInstance(ClientBase.java:401)
	at org.apache.zookeeper.test.ClientBase.startServer(ClientBase.java:516)
	at org.apache.zookeeper.test.ClientBase.setUpWithServerId(ClientBase.java:499)
	at org.apache.zookeeper.test.ClientBase.setUp(ClientBase.java:474)
	at org.apache.zookeeper.test.SaslDigestAuthOverSSLTest.setUp(SaslDigestAuthOverSSLTest.java:62)
	at sun.reflect.NativeMethodAccessorImpl.invoke0(Native Method)
	at sun.reflect.NativeMethodAccessorImpl.invoke(NativeMethodAccessorImpl.java:62)
	at sun.reflect.DelegatingMethodAccessorImpl.invoke(DelegatingMethodAccessorImpl.java:43)
	at java.lang.reflect.Method.invoke(Method.java:498)
	at org.junit.runners.model.FrameworkMethod$1.runReflectiveCall(FrameworkMethod.java:50)
	at org.junit.internal.runners.model.ReflectiveCallable.run(ReflectiveCallable.java:12)
	at org.junit.runners.model.FrameworkMethod.invokeExplosively(FrameworkMethod.java:47)
	at mockit.integration.junit4.JUnit4TestRunnerDecorator.invokeExplosively(JUnit4TestRunnerDecorator.java:49)
	at mockit.integration.junit4.FakeFrameworkMethod.invokeExplosively(FakeFrameworkMethod.java:29)
	at org.junit.runners.model.FrameworkMethod.invokeExplosively(FrameworkMethod.java)
	at org.junit.internal.runners.statements.RunBefores.evaluate(RunBefores.java:24)
	at org.junit.internal.runners.statements.RunAfters.evaluate(RunAfters.java:27)
	at org.junit.rules.TestWatcher$1.evaluate(TestWatcher.java:55)
	at org.junit.rules.RunRules.evaluate(RunRules.java:20)
	at org.junit.runners.ParentRunner.runLeaf(ParentRunner.java:325)
	at org.junit.runners.BlockJUnit4ClassRunner.runChild(BlockJUnit4ClassRunner.java:78)
	at org.junit.runners.BlockJUnit4ClassRunner.runChild(BlockJUnit4ClassRunner.java:57)
	at org.junit.runners.ParentRunner$3.run(ParentRunner.java:290)
	at org.junit.runners.ParentRunner$1.schedule(ParentRunner.java:71)
	at org.junit.runners.ParentRunner.runChildren(ParentRunner.java:288)
	at org.junit.runners.ParentRunner.access$000(ParentRunner.java:58)
	at org.junit.runners.ParentRunner$2.evaluate(ParentRunner.java:268)
	at org.junit.internal.runners.statements.RunBefores.evaluate(RunBefores.java:26)
	at org.junit.runners.ParentRunner.run(ParentRunner.java:363)
	at org.apache.maven.surefire.junit4.JUnit4Provider.execute(JUnit4Provider.java:365)
	at org.apache.maven.surefire.junit4.JUnit4Provider.executeWithRerun(JUnit4Provider.java:273)
	at org.apache.maven.surefire.junit4.JUnit4Provider.executeTestSet(JUnit4Provider.java:238)
	at org.apache.maven.surefire.junit4.JUnit4Provider.invoke(JUnit4Provider.java:159)
	at org.apache.maven.surefire.booter.ForkedBooter.invokeProviderInSameClassLoader(ForkedBooter.java:384)
	at org.apache.maven.surefire.booter.ForkedBooter.runSuitesInProcess(ForkedBooter.java:345)
	at org.apache.maven.surefire.booter.ForkedBooter.execute(ForkedBooter.java:126)
	at org.apache.maven.surefire.booter.ForkedBooter.main(ForkedBooter.java:418)
2020-06-22 14:22:43,145 [myid:] - INFO  [main:ClientBase@270] - server 127.0.0.1:21995 not up
javax.net.ssl.SSLHandshakeException: java.security.cert.CertificateException: Failed to verify both host address and host name
	at sun.security.ssl.Alerts.getSSLException(Alerts.java:198)
	at sun.security.ssl.SSLSocketImpl.fatal(SSLSocketImpl.java:1967)
	at sun.security.ssl.Handshaker.fatalSE(Handshaker.java:331)
	at sun.security.ssl.Handshaker.fatalSE(Handshaker.java:325)
	at sun.security.ssl.ClientHandshaker.serverCertificate(ClientHandshaker.java:1688)
	at sun.security.ssl.ClientHandshaker.processMessage(ClientHandshaker.java:226)
	at sun.security.ssl.Handshaker.processLoop(Handshaker.java:1082)
	at sun.security.ssl.Handshaker.process_record(Handshaker.java:1010)
	at sun.security.ssl.SSLSocketImpl.readRecord(SSLSocketImpl.java:1079)
	at sun.security.ssl.SSLSocketImpl.performInitialHandshake(SSLSocketImpl.java:1388)
	at sun.security.ssl.SSLSocketImpl.startHandshake(SSLSocketImpl.java:1416)
	at sun.security.ssl.SSLSocketImpl.startHandshake(SSLSocketImpl.java:1400)
	at org.apache.zookeeper.client.FourLetterWordMain.send4LetterWord(FourLetterWordMain.java:105)
	at org.apache.zookeeper.client.FourLetterWordMain.send4LetterWord(FourLetterWordMain.java:73)
	at org.apache.zookeeper.test.ClientBase.waitForServerUp(ClientBase.java:261)
	at org.apache.zookeeper.test.ClientBase.startServerInstance(ClientBase.java:401)
	at org.apache.zookeeper.test.ClientBase.startServer(ClientBase.java:516)
	at org.apache.zookeeper.test.ClientBase.setUpWithServerId(ClientBase.java:499)
	at org.apache.zookeeper.test.ClientBase.setUp(ClientBase.java:474)
	at org.apache.zookeeper.test.SaslDigestAuthOverSSLTest.setUp(SaslDigestAuthOverSSLTest.java:62)
	at sun.reflect.NativeMethodAccessorImpl.invoke0(Native Method)
	at sun.reflect.NativeMethodAccessorImpl.invoke(NativeMethodAccessorImpl.java:62)
	at sun.reflect.DelegatingMethodAccessorImpl.invoke(DelegatingMethodAccessorImpl.java:43)
	at java.lang.reflect.Method.invoke(Method.java:498)
	at org.junit.runners.model.FrameworkMethod$1.runReflectiveCall(FrameworkMethod.java:50)
	at org.junit.internal.runners.model.ReflectiveCallable.run(ReflectiveCallable.java:12)
	at org.junit.runners.model.FrameworkMethod.invokeExplosively(FrameworkMethod.java:47)
	at mockit.integration.junit4.JUnit4TestRunnerDecorator.invokeExplosively(JUnit4TestRunnerDecorator.java:49)
	at mockit.integration.junit4.FakeFrameworkMethod.invokeExplosively(FakeFrameworkMethod.java:29)
	at org.junit.runners.model.FrameworkMethod.invokeExplosively(FrameworkMethod.java)
	at org.junit.internal.runners.statements.RunBefores.evaluate(RunBefores.java:24)
	at org.junit.internal.runners.statements.RunAfters.evaluate(RunAfters.java:27)
	at org.junit.rules.TestWatcher$1.evaluate(TestWatcher.java:55)
	at org.junit.rules.RunRules.evaluate(RunRules.java:20)
	at org.junit.runners.ParentRunner.runLeaf(ParentRunner.java:325)
	at org.junit.runners.BlockJUnit4ClassRunner.runChild(BlockJUnit4ClassRunner.java:78)
	at org.junit.runners.BlockJUnit4ClassRunner.runChild(BlockJUnit4ClassRunner.java:57)
	at org.junit.runners.ParentRunner$3.run(ParentRunner.java:290)
	at org.junit.runners.ParentRunner$1.schedule(ParentRunner.java:71)
	at org.junit.runners.ParentRunner.runChildren(ParentRunner.java:288)
	at org.junit.runners.ParentRunner.access$000(ParentRunner.java:58)
	at org.junit.runners.ParentRunner$2.evaluate(ParentRunner.java:268)
	at org.junit.internal.runners.statements.RunBefores.evaluate(RunBefores.java:26)
	at org.junit.runners.ParentRunner.run(ParentRunner.java:363)
	at org.apache.maven.surefire.junit4.JUnit4Provider.execute(JUnit4Provider.java:365)
	at org.apache.maven.surefire.junit4.JUnit4Provider.executeWithRerun(JUnit4Provider.java:273)
	at org.apache.maven.surefire.junit4.JUnit4Provider.executeTestSet(JUnit4Provider.java:238)
	at org.apache.maven.surefire.junit4.JUnit4Provider.invoke(JUnit4Provider.java:159)
	at org.apache.maven.surefire.booter.ForkedBooter.invokeProviderInSameClassLoader(ForkedBooter.java:384)
	at org.apache.maven.surefire.booter.ForkedBooter.runSuitesInProcess(ForkedBooter.java:345)
	at org.apache.maven.surefire.booter.ForkedBooter.execute(ForkedBooter.java:126)
	at org.apache.maven.surefire.booter.ForkedBooter.main(ForkedBooter.java:418)
Caused by: java.security.cert.CertificateException: Failed to verify both host address and host name
	at org.apache.zookeeper.common.ZKTrustManager.performHostVerification(ZKTrustManager.java:163)
	at org.apache.zookeeper.common.ZKTrustManager.checkServerTrusted(ZKTrustManager.java:90)
	at sun.security.ssl.ClientHandshaker.serverCertificate(ClientHandshaker.java:1670)
	... 47 more
Caused by: javax.net.ssl.SSLPeerUnverifiedException: Certificate for <activate.navicat.com> doesn't match common name of the certificate subject: localhost
	at org.apache.zookeeper.common.ZKHostnameVerifier.matchCN(ZKHostnameVerifier.java:238)
	at org.apache.zookeeper.common.ZKHostnameVerifier.verify(ZKHostnameVerifier.java:184)
	at org.apache.zookeeper.common.ZKTrustManager.performHostVerification(ZKTrustManager.java:159)
	... 49 more
2020-06-22 14:22:43,145 [myid:] - ERROR [nioEventLoopGroup-4-5:NettyServerCnxnFactory$CertificateVerifier@434] - Unsuccessful handshake with session 0x0
2020-06-22 14:22:43,146 [myid:] - WARN  [nioEventLoopGroup-4-5:NettyServerCnxnFactory$CnxnChannelHandler@273] - Exception caught
io.netty.handler.codec.DecoderException: javax.net.ssl.SSLException: Received fatal alert: certificate_unknown
	at io.netty.handler.codec.ByteToMessageDecoder.callDecode(ByteToMessageDecoder.java:468)
	at io.netty.handler.codec.ByteToMessageDecoder.channelRead(ByteToMessageDecoder.java:276)
	at io.netty.channel.AbstractChannelHandlerContext.invokeChannelRead(AbstractChannelHandlerContext.java:379)
	at io.netty.channel.AbstractChannelHandlerContext.invokeChannelRead(AbstractChannelHandlerContext.java:365)
	at io.netty.channel.AbstractChannelHandlerContext.fireChannelRead(AbstractChannelHandlerContext.java:357)
	at io.netty.channel.DefaultChannelPipeline$HeadContext.channelRead(DefaultChannelPipeline.java:1410)
	at io.netty.channel.AbstractChannelHandlerContext.invokeChannelRead(AbstractChannelHandlerContext.java:379)
	at io.netty.channel.AbstractChannelHandlerContext.invokeChannelRead(AbstractChannelHandlerContext.java:365)
	at io.netty.channel.DefaultChannelPipeline.fireChannelRead(DefaultChannelPipeline.java:919)
	at io.netty.channel.nio.AbstractNioByteChannel$NioByteUnsafe.read(AbstractNioByteChannel.java:163)
	at io.netty.channel.nio.NioEventLoop.processSelectedKey(NioEventLoop.java:714)
	at io.netty.channel.nio.NioEventLoop.processSelectedKeysOptimized(NioEventLoop.java:650)
	at io.netty.channel.nio.NioEventLoop.processSelectedKeys(NioEventLoop.java:576)
	at io.netty.channel.nio.NioEventLoop.run(NioEventLoop.java:493)
	at io.netty.util.concurrent.SingleThreadEventExecutor$4.run(SingleThreadEventExecutor.java:989)
	at io.netty.util.internal.ThreadExecutorMap$2.run(ThreadExecutorMap.java:74)
	at io.netty.util.concurrent.FastThreadLocalRunnable.run(FastThreadLocalRunnable.java:30)
	at java.lang.Thread.run(Thread.java:748)
Caused by: javax.net.ssl.SSLException: Received fatal alert: certificate_unknown
	at sun.security.ssl.Alerts.getSSLException(Alerts.java:214)
	at sun.security.ssl.SSLEngineImpl.fatal(SSLEngineImpl.java:1667)
	at sun.security.ssl.SSLEngineImpl.fatal(SSLEngineImpl.java:1635)
	at sun.security.ssl.SSLEngineImpl.recvAlert(SSLEngineImpl.java:1801)
	at sun.security.ssl.SSLEngineImpl.readRecord(SSLEngineImpl.java:1090)
	at sun.security.ssl.SSLEngineImpl.readNetRecord(SSLEngineImpl.java:913)
	at sun.security.ssl.SSLEngineImpl.unwrap(SSLEngineImpl.java:783)
	at javax.net.ssl.SSLEngine.unwrap(SSLEngine.java:626)
	at io.netty.handler.ssl.SslHandler$SslEngineType$3.unwrap(SslHandler.java:281)
	at io.netty.handler.ssl.SslHandler.unwrap(SslHandler.java:1340)
	at io.netty.handler.ssl.SslHandler.decodeJdkCompatible(SslHandler.java:1235)
	at io.netty.handler.ssl.SslHandler.decode(SslHandler.java:1282)
	at io.netty.handler.codec.ByteToMessageDecoder.decodeRemovalReentryProtection(ByteToMessageDecoder.java:498)
	at io.netty.handler.codec.ByteToMessageDecoder.callDecode(ByteToMessageDecoder.java:437)
	... 17 more
2020-06-22 14:22:43,147 [myid:] - WARN  [nioEventLoopGroup-4-5:NettyServerCnxnFactory$CnxnChannelHandler@273] - Exception caught
io.netty.handler.codec.DecoderException: javax.net.ssl.SSLException: Received fatal alert: certificate_unknown
	at io.netty.handler.codec.ByteToMessageDecoder.callDecode(ByteToMessageDecoder.java:468)
	at io.netty.handler.codec.ByteToMessageDecoder.channelInputClosed(ByteToMessageDecoder.java:401)
	at io.netty.handler.codec.ByteToMessageDecoder.channelInputClosed(ByteToMessageDecoder.java:368)
	at io.netty.handler.codec.ByteToMessageDecoder.channelInactive(ByteToMessageDecoder.java:351)
	at io.netty.handler.ssl.SslHandler.channelInactive(SslHandler.java:1084)
	at io.netty.channel.AbstractChannelHandlerContext.invokeChannelInactive(AbstractChannelHandlerContext.java:262)
	at io.netty.channel.AbstractChannelHandlerContext.invokeChannelInactive(AbstractChannelHandlerContext.java:248)
	at io.netty.channel.AbstractChannelHandlerContext.fireChannelInactive(AbstractChannelHandlerContext.java:241)
	at io.netty.channel.DefaultChannelPipeline$HeadContext.channelInactive(DefaultChannelPipeline.java:1405)
	at io.netty.channel.AbstractChannelHandlerContext.invokeChannelInactive(AbstractChannelHandlerContext.java:262)
	at io.netty.channel.AbstractChannelHandlerContext.invokeChannelInactive(AbstractChannelHandlerContext.java:248)
	at io.netty.channel.DefaultChannelPipeline.fireChannelInactive(DefaultChannelPipeline.java:901)
	at io.netty.channel.AbstractChannel$AbstractUnsafe$8.run(AbstractChannel.java:818)
	at io.netty.util.concurrent.AbstractEventExecutor.safeExecute(AbstractEventExecutor.java:164)
	at io.netty.util.concurrent.SingleThreadEventExecutor.runAllTasks(SingleThreadEventExecutor.java:472)
	at io.netty.channel.nio.NioEventLoop.run(NioEventLoop.java:497)
	at io.netty.util.concurrent.SingleThreadEventExecutor$4.run(SingleThreadEventExecutor.java:989)
	at io.netty.util.internal.ThreadExecutorMap$2.run(ThreadExecutorMap.java:74)
	at io.netty.util.concurrent.FastThreadLocalRunnable.run(FastThreadLocalRunnable.java:30)
	at java.lang.Thread.run(Thread.java:748)
Caused by: javax.net.ssl.SSLException: Received fatal alert: certificate_unknown
	at sun.security.ssl.Alerts.getSSLException(Alerts.java:214)
	at sun.security.ssl.SSLEngineImpl.fatal(SSLEngineImpl.java:1667)
	at sun.security.ssl.SSLEngineImpl.fatal(SSLEngineImpl.java:1635)
	at sun.security.ssl.SSLEngineImpl.recvAlert(SSLEngineImpl.java:1801)
	at sun.security.ssl.SSLEngineImpl.readRecord(SSLEngineImpl.java:1090)
	at sun.security.ssl.SSLEngineImpl.readNetRecord(SSLEngineImpl.java:913)
	at sun.security.ssl.SSLEngineImpl.unwrap(SSLEngineImpl.java:783)
	at javax.net.ssl.SSLEngine.unwrap(SSLEngine.java:626)
	at io.netty.handler.ssl.SslHandler$SslEngineType$3.unwrap(SslHandler.java:281)
	at io.netty.handler.ssl.SslHandler.unwrap(SslHandler.java:1340)
	at io.netty.handler.ssl.SslHandler.decodeJdkCompatible(SslHandler.java:1235)
	at io.netty.handler.ssl.SslHandler.decode(SslHandler.java:1282)
	at io.netty.handler.codec.ByteToMessageDecoder.decodeRemovalReentryProtection(ByteToMessageDecoder.java:498)
	at io.netty.handler.codec.ByteToMessageDecoder.callDecode(ByteToMessageDecoder.java:437)
	... 19 more
2020-06-22 14:22:43,397 [myid:] - INFO  [main:FourLetterWordMain@93] - connecting to 127.0.0.1 21995
2020-06-22 14:22:43,397 [myid:] - INFO  [main:FourLetterWordMain@99] - using secure socket
2020-06-22 14:22:43,405 [myid:] - ERROR [main:ZKTrustManager@161] - Failed to verify host address: 127.0.0.1
javax.net.ssl.SSLPeerUnverifiedException: Certificate for <127.0.0.1> doesn't match common name of the certificate subject: localhost
	at org.apache.zookeeper.common.ZKHostnameVerifier.matchCN(ZKHostnameVerifier.java:238)
	at org.apache.zookeeper.common.ZKHostnameVerifier.verify(ZKHostnameVerifier.java:184)
	at org.apache.zookeeper.common.ZKTrustManager.performHostVerification(ZKTrustManager.java:151)
	at org.apache.zookeeper.common.ZKTrustManager.checkServerTrusted(ZKTrustManager.java:90)
	at sun.security.ssl.ClientHandshaker.serverCertificate(ClientHandshaker.java:1670)
	at sun.security.ssl.ClientHandshaker.processMessage(ClientHandshaker.java:226)
	at sun.security.ssl.Handshaker.processLoop(Handshaker.java:1082)
	at sun.security.ssl.Handshaker.process_record(Handshaker.java:1010)
	at sun.security.ssl.SSLSocketImpl.readRecord(SSLSocketImpl.java:1079)
	at sun.security.ssl.SSLSocketImpl.performInitialHandshake(SSLSocketImpl.java:1388)
	at sun.security.ssl.SSLSocketImpl.startHandshake(SSLSocketImpl.java:1416)
	at sun.security.ssl.SSLSocketImpl.startHandshake(SSLSocketImpl.java:1400)
	at org.apache.zookeeper.client.FourLetterWordMain.send4LetterWord(FourLetterWordMain.java:105)
	at org.apache.zookeeper.client.FourLetterWordMain.send4LetterWord(FourLetterWordMain.java:73)
	at org.apache.zookeeper.test.ClientBase.waitForServerUp(ClientBase.java:261)
	at org.apache.zookeeper.test.ClientBase.startServerInstance(ClientBase.java:401)
	at org.apache.zookeeper.test.ClientBase.startServer(ClientBase.java:516)
	at org.apache.zookeeper.test.ClientBase.setUpWithServerId(ClientBase.java:499)
	at org.apache.zookeeper.test.ClientBase.setUp(ClientBase.java:474)
	at org.apache.zookeeper.test.SaslDigestAuthOverSSLTest.setUp(SaslDigestAuthOverSSLTest.java:62)
	at sun.reflect.NativeMethodAccessorImpl.invoke0(Native Method)
	at sun.reflect.NativeMethodAccessorImpl.invoke(NativeMethodAccessorImpl.java:62)
	at sun.reflect.DelegatingMethodAccessorImpl.invoke(DelegatingMethodAccessorImpl.java:43)
	at java.lang.reflect.Method.invoke(Method.java:498)
	at org.junit.runners.model.FrameworkMethod$1.runReflectiveCall(FrameworkMethod.java:50)
	at org.junit.internal.runners.model.ReflectiveCallable.run(ReflectiveCallable.java:12)
	at org.junit.runners.model.FrameworkMethod.invokeExplosively(FrameworkMethod.java:47)
	at mockit.integration.junit4.JUnit4TestRunnerDecorator.invokeExplosively(JUnit4TestRunnerDecorator.java:49)
	at mockit.integration.junit4.FakeFrameworkMethod.invokeExplosively(FakeFrameworkMethod.java:29)
	at org.junit.runners.model.FrameworkMethod.invokeExplosively(FrameworkMethod.java)
	at org.junit.internal.runners.statements.RunBefores.evaluate(RunBefores.java:24)
	at org.junit.internal.runners.statements.RunAfters.evaluate(RunAfters.java:27)
	at org.junit.rules.TestWatcher$1.evaluate(TestWatcher.java:55)
	at org.junit.rules.RunRules.evaluate(RunRules.java:20)
	at org.junit.runners.ParentRunner.runLeaf(ParentRunner.java:325)
	at org.junit.runners.BlockJUnit4ClassRunner.runChild(BlockJUnit4ClassRunner.java:78)
	at org.junit.runners.BlockJUnit4ClassRunner.runChild(BlockJUnit4ClassRunner.java:57)
	at org.junit.runners.ParentRunner$3.run(ParentRunner.java:290)
	at org.junit.runners.ParentRunner$1.schedule(ParentRunner.java:71)
	at org.junit.runners.ParentRunner.runChildren(ParentRunner.java:288)
	at org.junit.runners.ParentRunner.access$000(ParentRunner.java:58)
	at org.junit.runners.ParentRunner$2.evaluate(ParentRunner.java:268)
	at org.junit.internal.runners.statements.RunBefores.evaluate(RunBefores.java:26)
	at org.junit.runners.ParentRunner.run(ParentRunner.java:363)
	at org.apache.maven.surefire.junit4.JUnit4Provider.execute(JUnit4Provider.java:365)
	at org.apache.maven.surefire.junit4.JUnit4Provider.executeWithRerun(JUnit4Provider.java:273)
	at org.apache.maven.surefire.junit4.JUnit4Provider.executeTestSet(JUnit4Provider.java:238)
	at org.apache.maven.surefire.junit4.JUnit4Provider.invoke(JUnit4Provider.java:159)
	at org.apache.maven.surefire.booter.ForkedBooter.invokeProviderInSameClassLoader(ForkedBooter.java:384)
	at org.apache.maven.surefire.booter.ForkedBooter.runSuitesInProcess(ForkedBooter.java:345)
	at org.apache.maven.surefire.booter.ForkedBooter.execute(ForkedBooter.java:126)
	at org.apache.maven.surefire.booter.ForkedBooter.main(ForkedBooter.java:418)
2020-06-22 14:22:43,405 [myid:] - ERROR [main:ZKTrustManager@162] - Failed to verify hostname: activate.navicat.com
javax.net.ssl.SSLPeerUnverifiedException: Certificate for <activate.navicat.com> doesn't match common name of the certificate subject: localhost
	at org.apache.zookeeper.common.ZKHostnameVerifier.matchCN(ZKHostnameVerifier.java:238)
	at org.apache.zookeeper.common.ZKHostnameVerifier.verify(ZKHostnameVerifier.java:184)
	at org.apache.zookeeper.common.ZKTrustManager.performHostVerification(ZKTrustManager.java:159)
	at org.apache.zookeeper.common.ZKTrustManager.checkServerTrusted(ZKTrustManager.java:90)
	at sun.security.ssl.ClientHandshaker.serverCertificate(ClientHandshaker.java:1670)
	at sun.security.ssl.ClientHandshaker.processMessage(ClientHandshaker.java:226)
	at sun.security.ssl.Handshaker.processLoop(Handshaker.java:1082)
	at sun.security.ssl.Handshaker.process_record(Handshaker.java:1010)
	at sun.security.ssl.SSLSocketImpl.readRecord(SSLSocketImpl.java:1079)
	at sun.security.ssl.SSLSocketImpl.performInitialHandshake(SSLSocketImpl.java:1388)
	at sun.security.ssl.SSLSocketImpl.startHandshake(SSLSocketImpl.java:1416)
	at sun.security.ssl.SSLSocketImpl.startHandshake(SSLSocketImpl.java:1400)
	at org.apache.zookeeper.client.FourLetterWordMain.send4LetterWord(FourLetterWordMain.java:105)
	at org.apache.zookeeper.client.FourLetterWordMain.send4LetterWord(FourLetterWordMain.java:73)
	at org.apache.zookeeper.test.ClientBase.waitForServerUp(ClientBase.java:261)
	at org.apache.zookeeper.test.ClientBase.startServerInstance(ClientBase.java:401)
	at org.apache.zookeeper.test.ClientBase.startServer(ClientBase.java:516)
	at org.apache.zookeeper.test.ClientBase.setUpWithServerId(ClientBase.java:499)
	at org.apache.zookeeper.test.ClientBase.setUp(ClientBase.java:474)
	at org.apache.zookeeper.test.SaslDigestAuthOverSSLTest.setUp(SaslDigestAuthOverSSLTest.java:62)
	at sun.reflect.NativeMethodAccessorImpl.invoke0(Native Method)
	at sun.reflect.NativeMethodAccessorImpl.invoke(NativeMethodAccessorImpl.java:62)
	at sun.reflect.DelegatingMethodAccessorImpl.invoke(DelegatingMethodAccessorImpl.java:43)
	at java.lang.reflect.Method.invoke(Method.java:498)
	at org.junit.runners.model.FrameworkMethod$1.runReflectiveCall(FrameworkMethod.java:50)
	at org.junit.internal.runners.model.ReflectiveCallable.run(ReflectiveCallable.java:12)
	at org.junit.runners.model.FrameworkMethod.invokeExplosively(FrameworkMethod.java:47)
	at mockit.integration.junit4.JUnit4TestRunnerDecorator.invokeExplosively(JUnit4TestRunnerDecorator.java:49)
	at mockit.integration.junit4.FakeFrameworkMethod.invokeExplosively(FakeFrameworkMethod.java:29)
	at org.junit.runners.model.FrameworkMethod.invokeExplosively(FrameworkMethod.java)
	at org.junit.internal.runners.statements.RunBefores.evaluate(RunBefores.java:24)
	at org.junit.internal.runners.statements.RunAfters.evaluate(RunAfters.java:27)
	at org.junit.rules.TestWatcher$1.evaluate(TestWatcher.java:55)
	at org.junit.rules.RunRules.evaluate(RunRules.java:20)
	at org.junit.runners.ParentRunner.runLeaf(ParentRunner.java:325)
	at org.junit.runners.BlockJUnit4ClassRunner.runChild(BlockJUnit4ClassRunner.java:78)
	at org.junit.runners.BlockJUnit4ClassRunner.runChild(BlockJUnit4ClassRunner.java:57)
	at org.junit.runners.ParentRunner$3.run(ParentRunner.java:290)
	at org.junit.runners.ParentRunner$1.schedule(ParentRunner.java:71)
	at org.junit.runners.ParentRunner.runChildren(ParentRunner.java:288)
	at org.junit.runners.ParentRunner.access$000(ParentRunner.java:58)
	at org.junit.runners.ParentRunner$2.evaluate(ParentRunner.java:268)
	at org.junit.internal.runners.statements.RunBefores.evaluate(RunBefores.java:26)
	at org.junit.runners.ParentRunner.run(ParentRunner.java:363)
	at org.apache.maven.surefire.junit4.JUnit4Provider.execute(JUnit4Provider.java:365)
	at org.apache.maven.surefire.junit4.JUnit4Provider.executeWithRerun(JUnit4Provider.java:273)
	at org.apache.maven.surefire.junit4.JUnit4Provider.executeTestSet(JUnit4Provider.java:238)
	at org.apache.maven.surefire.junit4.JUnit4Provider.invoke(JUnit4Provider.java:159)
	at org.apache.maven.surefire.booter.ForkedBooter.invokeProviderInSameClassLoader(ForkedBooter.java:384)
	at org.apache.maven.surefire.booter.ForkedBooter.runSuitesInProcess(ForkedBooter.java:345)
	at org.apache.maven.surefire.booter.ForkedBooter.execute(ForkedBooter.java:126)
	at org.apache.maven.surefire.booter.ForkedBooter.main(ForkedBooter.java:418)
2020-06-22 14:22:43,406 [myid:] - INFO  [main:ClientBase@270] - server 127.0.0.1:21995 not up
javax.net.ssl.SSLHandshakeException: java.security.cert.CertificateException: Failed to verify both host address and host name
	at sun.security.ssl.Alerts.getSSLException(Alerts.java:198)
	at sun.security.ssl.SSLSocketImpl.fatal(SSLSocketImpl.java:1967)
	at sun.security.ssl.Handshaker.fatalSE(Handshaker.java:331)
	at sun.security.ssl.Handshaker.fatalSE(Handshaker.java:325)
	at sun.security.ssl.ClientHandshaker.serverCertificate(ClientHandshaker.java:1688)
	at sun.security.ssl.ClientHandshaker.processMessage(ClientHandshaker.java:226)
	at sun.security.ssl.Handshaker.processLoop(Handshaker.java:1082)
	at sun.security.ssl.Handshaker.process_record(Handshaker.java:1010)
	at sun.security.ssl.SSLSocketImpl.readRecord(SSLSocketImpl.java:1079)
	at sun.security.ssl.SSLSocketImpl.performInitialHandshake(SSLSocketImpl.java:1388)
	at sun.security.ssl.SSLSocketImpl.startHandshake(SSLSocketImpl.java:1416)
	at sun.security.ssl.SSLSocketImpl.startHandshake(SSLSocketImpl.java:1400)
	at org.apache.zookeeper.client.FourLetterWordMain.send4LetterWord(FourLetterWordMain.java:105)
	at org.apache.zookeeper.client.FourLetterWordMain.send4LetterWord(FourLetterWordMain.java:73)
	at org.apache.zookeeper.test.ClientBase.waitForServerUp(ClientBase.java:261)
	at org.apache.zookeeper.test.ClientBase.startServerInstance(ClientBase.java:401)
	at org.apache.zookeeper.test.ClientBase.startServer(ClientBase.java:516)
	at org.apache.zookeeper.test.ClientBase.setUpWithServerId(ClientBase.java:499)
	at org.apache.zookeeper.test.ClientBase.setUp(ClientBase.java:474)
	at org.apache.zookeeper.test.SaslDigestAuthOverSSLTest.setUp(SaslDigestAuthOverSSLTest.java:62)
	at sun.reflect.NativeMethodAccessorImpl.invoke0(Native Method)
	at sun.reflect.NativeMethodAccessorImpl.invoke(NativeMethodAccessorImpl.java:62)
	at sun.reflect.DelegatingMethodAccessorImpl.invoke(DelegatingMethodAccessorImpl.java:43)
	at java.lang.reflect.Method.invoke(Method.java:498)
	at org.junit.runners.model.FrameworkMethod$1.runReflectiveCall(FrameworkMethod.java:50)
	at org.junit.internal.runners.model.ReflectiveCallable.run(ReflectiveCallable.java:12)
	at org.junit.runners.model.FrameworkMethod.invokeExplosively(FrameworkMethod.java:47)
	at mockit.integration.junit4.JUnit4TestRunnerDecorator.invokeExplosively(JUnit4TestRunnerDecorator.java:49)
	at mockit.integration.junit4.FakeFrameworkMethod.invokeExplosively(FakeFrameworkMethod.java:29)
	at org.junit.runners.model.FrameworkMethod.invokeExplosively(FrameworkMethod.java)
	at org.junit.internal.runners.statements.RunBefores.evaluate(RunBefores.java:24)
	at org.junit.internal.runners.statements.RunAfters.evaluate(RunAfters.java:27)
	at org.junit.rules.TestWatcher$1.evaluate(TestWatcher.java:55)
	at org.junit.rules.RunRules.evaluate(RunRules.java:20)
	at org.junit.runners.ParentRunner.runLeaf(ParentRunner.java:325)
	at org.junit.runners.BlockJUnit4ClassRunner.runChild(BlockJUnit4ClassRunner.java:78)
	at org.junit.runners.BlockJUnit4ClassRunner.runChild(BlockJUnit4ClassRunner.java:57)
	at org.junit.runners.ParentRunner$3.run(ParentRunner.java:290)
	at org.junit.runners.ParentRunner$1.schedule(ParentRunner.java:71)
	at org.junit.runners.ParentRunner.runChildren(ParentRunner.java:288)
	at org.junit.runners.ParentRunner.access$000(ParentRunner.java:58)
	at org.junit.runners.ParentRunner$2.evaluate(ParentRunner.java:268)
	at org.junit.internal.runners.statements.RunBefores.evaluate(RunBefores.java:26)
	at org.junit.runners.ParentRunner.run(ParentRunner.java:363)
	at org.apache.maven.surefire.junit4.JUnit4Provider.execute(JUnit4Provider.java:365)
	at org.apache.maven.surefire.junit4.JUnit4Provider.executeWithRerun(JUnit4Provider.java:273)
	at org.apache.maven.surefire.junit4.JUnit4Provider.executeTestSet(JUnit4Provider.java:238)
	at org.apache.maven.surefire.junit4.JUnit4Provider.invoke(JUnit4Provider.java:159)
	at org.apache.maven.surefire.booter.ForkedBooter.invokeProviderInSameClassLoader(ForkedBooter.java:384)
	at org.apache.maven.surefire.booter.ForkedBooter.runSuitesInProcess(ForkedBooter.java:345)
	at org.apache.maven.surefire.booter.ForkedBooter.execute(ForkedBooter.java:126)
	at org.apache.maven.surefire.booter.ForkedBooter.main(ForkedBooter.java:418)
Caused by: java.security.cert.CertificateException: Failed to verify both host address and host name
	at org.apache.zookeeper.common.ZKTrustManager.performHostVerification(ZKTrustManager.java:163)
	at org.apache.zookeeper.common.ZKTrustManager.checkServerTrusted(ZKTrustManager.java:90)
	at sun.security.ssl.ClientHandshaker.serverCertificate(ClientHandshaker.java:1670)
	... 47 more
Caused by: javax.net.ssl.SSLPeerUnverifiedException: Certificate for <activate.navicat.com> doesn't match common name of the certificate subject: localhost
	at org.apache.zookeeper.common.ZKHostnameVerifier.matchCN(ZKHostnameVerifier.java:238)
	at org.apache.zookeeper.common.ZKHostnameVerifier.verify(ZKHostnameVerifier.java:184)
	at org.apache.zookeeper.common.ZKTrustManager.performHostVerification(ZKTrustManager.java:159)
	... 49 more
2020-06-22 14:22:43,406 [myid:] - ERROR [nioEventLoopGroup-4-6:NettyServerCnxnFactory$CertificateVerifier@434] - Unsuccessful handshake with session 0x0
2020-06-22 14:22:43,407 [myid:] - WARN  [nioEventLoopGroup-4-6:NettyServerCnxnFactory$CnxnChannelHandler@273] - Exception caught
io.netty.handler.codec.DecoderException: javax.net.ssl.SSLException: Received fatal alert: certificate_unknown
	at io.netty.handler.codec.ByteToMessageDecoder.callDecode(ByteToMessageDecoder.java:468)
	at io.netty.handler.codec.ByteToMessageDecoder.channelRead(ByteToMessageDecoder.java:276)
	at io.netty.channel.AbstractChannelHandlerContext.invokeChannelRead(AbstractChannelHandlerContext.java:379)
	at io.netty.channel.AbstractChannelHandlerContext.invokeChannelRead(AbstractChannelHandlerContext.java:365)
	at io.netty.channel.AbstractChannelHandlerContext.fireChannelRead(AbstractChannelHandlerContext.java:357)
	at io.netty.channel.DefaultChannelPipeline$HeadContext.channelRead(DefaultChannelPipeline.java:1410)
	at io.netty.channel.AbstractChannelHandlerContext.invokeChannelRead(AbstractChannelHandlerContext.java:379)
	at io.netty.channel.AbstractChannelHandlerContext.invokeChannelRead(AbstractChannelHandlerContext.java:365)
	at io.netty.channel.DefaultChannelPipeline.fireChannelRead(DefaultChannelPipeline.java:919)
	at io.netty.channel.nio.AbstractNioByteChannel$NioByteUnsafe.read(AbstractNioByteChannel.java:163)
	at io.netty.channel.nio.NioEventLoop.processSelectedKey(NioEventLoop.java:714)
	at io.netty.channel.nio.NioEventLoop.processSelectedKeysOptimized(NioEventLoop.java:650)
	at io.netty.channel.nio.NioEventLoop.processSelectedKeys(NioEventLoop.java:576)
	at io.netty.channel.nio.NioEventLoop.run(NioEventLoop.java:493)
	at io.netty.util.concurrent.SingleThreadEventExecutor$4.run(SingleThreadEventExecutor.java:989)
	at io.netty.util.internal.ThreadExecutorMap$2.run(ThreadExecutorMap.java:74)
	at io.netty.util.concurrent.FastThreadLocalRunnable.run(FastThreadLocalRunnable.java:30)
	at java.lang.Thread.run(Thread.java:748)
Caused by: javax.net.ssl.SSLException: Received fatal alert: certificate_unknown
	at sun.security.ssl.Alerts.getSSLException(Alerts.java:214)
	at sun.security.ssl.SSLEngineImpl.fatal(SSLEngineImpl.java:1667)
	at sun.security.ssl.SSLEngineImpl.fatal(SSLEngineImpl.java:1635)
	at sun.security.ssl.SSLEngineImpl.recvAlert(SSLEngineImpl.java:1801)
	at sun.security.ssl.SSLEngineImpl.readRecord(SSLEngineImpl.java:1090)
	at sun.security.ssl.SSLEngineImpl.readNetRecord(SSLEngineImpl.java:913)
	at sun.security.ssl.SSLEngineImpl.unwrap(SSLEngineImpl.java:783)
	at javax.net.ssl.SSLEngine.unwrap(SSLEngine.java:626)
	at io.netty.handler.ssl.SslHandler$SslEngineType$3.unwrap(SslHandler.java:281)
	at io.netty.handler.ssl.SslHandler.unwrap(SslHandler.java:1340)
	at io.netty.handler.ssl.SslHandler.decodeJdkCompatible(SslHandler.java:1235)
	at io.netty.handler.ssl.SslHandler.decode(SslHandler.java:1282)
	at io.netty.handler.codec.ByteToMessageDecoder.decodeRemovalReentryProtection(ByteToMessageDecoder.java:498)
	at io.netty.handler.codec.ByteToMessageDecoder.callDecode(ByteToMessageDecoder.java:437)
	... 17 more
2020-06-22 14:22:43,407 [myid:] - WARN  [nioEventLoopGroup-4-6:NettyServerCnxnFactory$CnxnChannelHandler@273] - Exception caught
io.netty.handler.codec.DecoderException: javax.net.ssl.SSLException: Received fatal alert: certificate_unknown
	at io.netty.handler.codec.ByteToMessageDecoder.callDecode(ByteToMessageDecoder.java:468)
	at io.netty.handler.codec.ByteToMessageDecoder.channelInputClosed(ByteToMessageDecoder.java:401)
	at io.netty.handler.codec.ByteToMessageDecoder.channelInputClosed(ByteToMessageDecoder.java:368)
	at io.netty.handler.codec.ByteToMessageDecoder.channelInactive(ByteToMessageDecoder.java:351)
	at io.netty.handler.ssl.SslHandler.channelInactive(SslHandler.java:1084)
	at io.netty.channel.AbstractChannelHandlerContext.invokeChannelInactive(AbstractChannelHandlerContext.java:262)
	at io.netty.channel.AbstractChannelHandlerContext.invokeChannelInactive(AbstractChannelHandlerContext.java:248)
	at io.netty.channel.AbstractChannelHandlerContext.fireChannelInactive(AbstractChannelHandlerContext.java:241)
	at io.netty.channel.DefaultChannelPipeline$HeadContext.channelInactive(DefaultChannelPipeline.java:1405)
	at io.netty.channel.AbstractChannelHandlerContext.invokeChannelInactive(AbstractChannelHandlerContext.java:262)
	at io.netty.channel.AbstractChannelHandlerContext.invokeChannelInactive(AbstractChannelHandlerContext.java:248)
	at io.netty.channel.DefaultChannelPipeline.fireChannelInactive(DefaultChannelPipeline.java:901)
	at io.netty.channel.AbstractChannel$AbstractUnsafe$8.run(AbstractChannel.java:818)
	at io.netty.util.concurrent.AbstractEventExecutor.safeExecute(AbstractEventExecutor.java:164)
	at io.netty.util.concurrent.SingleThreadEventExecutor.runAllTasks(SingleThreadEventExecutor.java:472)
	at io.netty.channel.nio.NioEventLoop.run(NioEventLoop.java:497)
	at io.netty.util.concurrent.SingleThreadEventExecutor$4.run(SingleThreadEventExecutor.java:989)
	at io.netty.util.internal.ThreadExecutorMap$2.run(ThreadExecutorMap.java:74)
	at io.netty.util.concurrent.FastThreadLocalRunnable.run(FastThreadLocalRunnable.java:30)
	at java.lang.Thread.run(Thread.java:748)
Caused by: javax.net.ssl.SSLException: Received fatal alert: certificate_unknown
	at sun.security.ssl.Alerts.getSSLException(Alerts.java:214)
	at sun.security.ssl.SSLEngineImpl.fatal(SSLEngineImpl.java:1667)
	at sun.security.ssl.SSLEngineImpl.fatal(SSLEngineImpl.java:1635)
	at sun.security.ssl.SSLEngineImpl.recvAlert(SSLEngineImpl.java:1801)
	at sun.security.ssl.SSLEngineImpl.readRecord(SSLEngineImpl.java:1090)
	at sun.security.ssl.SSLEngineImpl.readNetRecord(SSLEngineImpl.java:913)
	at sun.security.ssl.SSLEngineImpl.unwrap(SSLEngineImpl.java:783)
	at javax.net.ssl.SSLEngine.unwrap(SSLEngine.java:626)
	at io.netty.handler.ssl.SslHandler$SslEngineType$3.unwrap(SslHandler.java:281)
	at io.netty.handler.ssl.SslHandler.unwrap(SslHandler.java:1340)
	at io.netty.handler.ssl.SslHandler.decodeJdkCompatible(SslHandler.java:1235)
	at io.netty.handler.ssl.SslHandler.decode(SslHandler.java:1282)
	at io.netty.handler.codec.ByteToMessageDecoder.decodeRemovalReentryProtection(ByteToMessageDecoder.java:498)
	at io.netty.handler.codec.ByteToMessageDecoder.callDecode(ByteToMessageDecoder.java:437)
	... 19 more
2020-06-22 14:22:43,657 [myid:] - INFO  [main:FourLetterWordMain@93] - connecting to 127.0.0.1 21995
2020-06-22 14:22:43,657 [myid:] - INFO  [main:FourLetterWordMain@99] - using secure socket
2020-06-22 14:22:43,664 [myid:] - ERROR [main:ZKTrustManager@161] - Failed to verify host address: 127.0.0.1
javax.net.ssl.SSLPeerUnverifiedException: Certificate for <127.0.0.1> doesn't match common name of the certificate subject: localhost
	at org.apache.zookeeper.common.ZKHostnameVerifier.matchCN(ZKHostnameVerifier.java:238)
	at org.apache.zookeeper.common.ZKHostnameVerifier.verify(ZKHostnameVerifier.java:184)
	at org.apache.zookeeper.common.ZKTrustManager.performHostVerification(ZKTrustManager.java:151)
	at org.apache.zookeeper.common.ZKTrustManager.checkServerTrusted(ZKTrustManager.java:90)
	at sun.security.ssl.ClientHandshaker.serverCertificate(ClientHandshaker.java:1670)
	at sun.security.ssl.ClientHandshaker.processMessage(ClientHandshaker.java:226)
	at sun.security.ssl.Handshaker.processLoop(Handshaker.java:1082)
	at sun.security.ssl.Handshaker.process_record(Handshaker.java:1010)
	at sun.security.ssl.SSLSocketImpl.readRecord(SSLSocketImpl.java:1079)
	at sun.security.ssl.SSLSocketImpl.performInitialHandshake(SSLSocketImpl.java:1388)
	at sun.security.ssl.SSLSocketImpl.startHandshake(SSLSocketImpl.java:1416)
	at sun.security.ssl.SSLSocketImpl.startHandshake(SSLSocketImpl.java:1400)
	at org.apache.zookeeper.client.FourLetterWordMain.send4LetterWord(FourLetterWordMain.java:105)
	at org.apache.zookeeper.client.FourLetterWordMain.send4LetterWord(FourLetterWordMain.java:73)
	at org.apache.zookeeper.test.ClientBase.waitForServerUp(ClientBase.java:261)
	at org.apache.zookeeper.test.ClientBase.startServerInstance(ClientBase.java:401)
	at org.apache.zookeeper.test.ClientBase.startServer(ClientBase.java:516)
	at org.apache.zookeeper.test.ClientBase.setUpWithServerId(ClientBase.java:499)
	at org.apache.zookeeper.test.ClientBase.setUp(ClientBase.java:474)
	at org.apache.zookeeper.test.SaslDigestAuthOverSSLTest.setUp(SaslDigestAuthOverSSLTest.java:62)
	at sun.reflect.NativeMethodAccessorImpl.invoke0(Native Method)
	at sun.reflect.NativeMethodAccessorImpl.invoke(NativeMethodAccessorImpl.java:62)
	at sun.reflect.DelegatingMethodAccessorImpl.invoke(DelegatingMethodAccessorImpl.java:43)
	at java.lang.reflect.Method.invoke(Method.java:498)
	at org.junit.runners.model.FrameworkMethod$1.runReflectiveCall(FrameworkMethod.java:50)
	at org.junit.internal.runners.model.ReflectiveCallable.run(ReflectiveCallable.java:12)
	at org.junit.runners.model.FrameworkMethod.invokeExplosively(FrameworkMethod.java:47)
	at mockit.integration.junit4.JUnit4TestRunnerDecorator.invokeExplosively(JUnit4TestRunnerDecorator.java:49)
	at mockit.integration.junit4.FakeFrameworkMethod.invokeExplosively(FakeFrameworkMethod.java:29)
	at org.junit.runners.model.FrameworkMethod.invokeExplosively(FrameworkMethod.java)
	at org.junit.internal.runners.statements.RunBefores.evaluate(RunBefores.java:24)
	at org.junit.internal.runners.statements.RunAfters.evaluate(RunAfters.java:27)
	at org.junit.rules.TestWatcher$1.evaluate(TestWatcher.java:55)
	at org.junit.rules.RunRules.evaluate(RunRules.java:20)
	at org.junit.runners.ParentRunner.runLeaf(ParentRunner.java:325)
	at org.junit.runners.BlockJUnit4ClassRunner.runChild(BlockJUnit4ClassRunner.java:78)
	at org.junit.runners.BlockJUnit4ClassRunner.runChild(BlockJUnit4ClassRunner.java:57)
	at org.junit.runners.ParentRunner$3.run(ParentRunner.java:290)
	at org.junit.runners.ParentRunner$1.schedule(ParentRunner.java:71)
	at org.junit.runners.ParentRunner.runChildren(ParentRunner.java:288)
	at org.junit.runners.ParentRunner.access$000(ParentRunner.java:58)
	at org.junit.runners.ParentRunner$2.evaluate(ParentRunner.java:268)
	at org.junit.internal.runners.statements.RunBefores.evaluate(RunBefores.java:26)
	at org.junit.runners.ParentRunner.run(ParentRunner.java:363)
	at org.apache.maven.surefire.junit4.JUnit4Provider.execute(JUnit4Provider.java:365)
	at org.apache.maven.surefire.junit4.JUnit4Provider.executeWithRerun(JUnit4Provider.java:273)
	at org.apache.maven.surefire.junit4.JUnit4Provider.executeTestSet(JUnit4Provider.java:238)
	at org.apache.maven.surefire.junit4.JUnit4Provider.invoke(JUnit4Provider.java:159)
	at org.apache.maven.surefire.booter.ForkedBooter.invokeProviderInSameClassLoader(ForkedBooter.java:384)
	at org.apache.maven.surefire.booter.ForkedBooter.runSuitesInProcess(ForkedBooter.java:345)
	at org.apache.maven.surefire.booter.ForkedBooter.execute(ForkedBooter.java:126)
	at org.apache.maven.surefire.booter.ForkedBooter.main(ForkedBooter.java:418)
2020-06-22 14:22:43,664 [myid:] - ERROR [main:ZKTrustManager@162] - Failed to verify hostname: activate.navicat.com
javax.net.ssl.SSLPeerUnverifiedException: Certificate for <activate.navicat.com> doesn't match common name of the certificate subject: localhost
	at org.apache.zookeeper.common.ZKHostnameVerifier.matchCN(ZKHostnameVerifier.java:238)
	at org.apache.zookeeper.common.ZKHostnameVerifier.verify(ZKHostnameVerifier.java:184)
	at org.apache.zookeeper.common.ZKTrustManager.performHostVerification(ZKTrustManager.java:159)
	at org.apache.zookeeper.common.ZKTrustManager.checkServerTrusted(ZKTrustManager.java:90)
	at sun.security.ssl.ClientHandshaker.serverCertificate(ClientHandshaker.java:1670)
	at sun.security.ssl.ClientHandshaker.processMessage(ClientHandshaker.java:226)
	at sun.security.ssl.Handshaker.processLoop(Handshaker.java:1082)
	at sun.security.ssl.Handshaker.process_record(Handshaker.java:1010)
	at sun.security.ssl.SSLSocketImpl.readRecord(SSLSocketImpl.java:1079)
	at sun.security.ssl.SSLSocketImpl.performInitialHandshake(SSLSocketImpl.java:1388)
	at sun.security.ssl.SSLSocketImpl.startHandshake(SSLSocketImpl.java:1416)
	at sun.security.ssl.SSLSocketImpl.startHandshake(SSLSocketImpl.java:1400)
	at org.apache.zookeeper.client.FourLetterWordMain.send4LetterWord(FourLetterWordMain.java:105)
	at org.apache.zookeeper.client.FourLetterWordMain.send4LetterWord(FourLetterWordMain.java:73)
	at org.apache.zookeeper.test.ClientBase.waitForServerUp(ClientBase.java:261)
	at org.apache.zookeeper.test.ClientBase.startServerInstance(ClientBase.java:401)
	at org.apache.zookeeper.test.ClientBase.startServer(ClientBase.java:516)
	at org.apache.zookeeper.test.ClientBase.setUpWithServerId(ClientBase.java:499)
	at org.apache.zookeeper.test.ClientBase.setUp(ClientBase.java:474)
	at org.apache.zookeeper.test.SaslDigestAuthOverSSLTest.setUp(SaslDigestAuthOverSSLTest.java:62)
	at sun.reflect.NativeMethodAccessorImpl.invoke0(Native Method)
	at sun.reflect.NativeMethodAccessorImpl.invoke(NativeMethodAccessorImpl.java:62)
	at sun.reflect.DelegatingMethodAccessorImpl.invoke(DelegatingMethodAccessorImpl.java:43)
	at java.lang.reflect.Method.invoke(Method.java:498)
	at org.junit.runners.model.FrameworkMethod$1.runReflectiveCall(FrameworkMethod.java:50)
	at org.junit.internal.runners.model.ReflectiveCallable.run(ReflectiveCallable.java:12)
	at org.junit.runners.model.FrameworkMethod.invokeExplosively(FrameworkMethod.java:47)
	at mockit.integration.junit4.JUnit4TestRunnerDecorator.invokeExplosively(JUnit4TestRunnerDecorator.java:49)
	at mockit.integration.junit4.FakeFrameworkMethod.invokeExplosively(FakeFrameworkMethod.java:29)
	at org.junit.runners.model.FrameworkMethod.invokeExplosively(FrameworkMethod.java)
	at org.junit.internal.runners.statements.RunBefores.evaluate(RunBefores.java:24)
	at org.junit.internal.runners.statements.RunAfters.evaluate(RunAfters.java:27)
	at org.junit.rules.TestWatcher$1.evaluate(TestWatcher.java:55)
	at org.junit.rules.RunRules.evaluate(RunRules.java:20)
	at org.junit.runners.ParentRunner.runLeaf(ParentRunner.java:325)
	at org.junit.runners.BlockJUnit4ClassRunner.runChild(BlockJUnit4ClassRunner.java:78)
	at org.junit.runners.BlockJUnit4ClassRunner.runChild(BlockJUnit4ClassRunner.java:57)
	at org.junit.runners.ParentRunner$3.run(ParentRunner.java:290)
	at org.junit.runners.ParentRunner$1.schedule(ParentRunner.java:71)
	at org.junit.runners.ParentRunner.runChildren(ParentRunner.java:288)
	at org.junit.runners.ParentRunner.access$000(ParentRunner.java:58)
	at org.junit.runners.ParentRunner$2.evaluate(ParentRunner.java:268)
	at org.junit.internal.runners.statements.RunBefores.evaluate(RunBefores.java:26)
	at org.junit.runners.ParentRunner.run(ParentRunner.java:363)
	at org.apache.maven.surefire.junit4.JUnit4Provider.execute(JUnit4Provider.java:365)
	at org.apache.maven.surefire.junit4.JUnit4Provider.executeWithRerun(JUnit4Provider.java:273)
	at org.apache.maven.surefire.junit4.JUnit4Provider.executeTestSet(JUnit4Provider.java:238)
	at org.apache.maven.surefire.junit4.JUnit4Provider.invoke(JUnit4Provider.java:159)
	at org.apache.maven.surefire.booter.ForkedBooter.invokeProviderInSameClassLoader(ForkedBooter.java:384)
	at org.apache.maven.surefire.booter.ForkedBooter.runSuitesInProcess(ForkedBooter.java:345)
	at org.apache.maven.surefire.booter.ForkedBooter.execute(ForkedBooter.java:126)
	at org.apache.maven.surefire.booter.ForkedBooter.main(ForkedBooter.java:418)
2020-06-22 14:22:43,665 [myid:] - INFO  [main:ClientBase@270] - server 127.0.0.1:21995 not up
javax.net.ssl.SSLHandshakeException: java.security.cert.CertificateException: Failed to verify both host address and host name
	at sun.security.ssl.Alerts.getSSLException(Alerts.java:198)
	at sun.security.ssl.SSLSocketImpl.fatal(SSLSocketImpl.java:1967)
	at sun.security.ssl.Handshaker.fatalSE(Handshaker.java:331)
	at sun.security.ssl.Handshaker.fatalSE(Handshaker.java:325)
	at sun.security.ssl.ClientHandshaker.serverCertificate(ClientHandshaker.java:1688)
	at sun.security.ssl.ClientHandshaker.processMessage(ClientHandshaker.java:226)
	at sun.security.ssl.Handshaker.processLoop(Handshaker.java:1082)
	at sun.security.ssl.Handshaker.process_record(Handshaker.java:1010)
	at sun.security.ssl.SSLSocketImpl.readRecord(SSLSocketImpl.java:1079)
	at sun.security.ssl.SSLSocketImpl.performInitialHandshake(SSLSocketImpl.java:1388)
	at sun.security.ssl.SSLSocketImpl.startHandshake(SSLSocketImpl.java:1416)
	at sun.security.ssl.SSLSocketImpl.startHandshake(SSLSocketImpl.java:1400)
	at org.apache.zookeeper.client.FourLetterWordMain.send4LetterWord(FourLetterWordMain.java:105)
	at org.apache.zookeeper.client.FourLetterWordMain.send4LetterWord(FourLetterWordMain.java:73)
	at org.apache.zookeeper.test.ClientBase.waitForServerUp(ClientBase.java:261)
	at org.apache.zookeeper.test.ClientBase.startServerInstance(ClientBase.java:401)
	at org.apache.zookeeper.test.ClientBase.startServer(ClientBase.java:516)
	at org.apache.zookeeper.test.ClientBase.setUpWithServerId(ClientBase.java:499)
	at org.apache.zookeeper.test.ClientBase.setUp(ClientBase.java:474)
	at org.apache.zookeeper.test.SaslDigestAuthOverSSLTest.setUp(SaslDigestAuthOverSSLTest.java:62)
	at sun.reflect.NativeMethodAccessorImpl.invoke0(Native Method)
	at sun.reflect.NativeMethodAccessorImpl.invoke(NativeMethodAccessorImpl.java:62)
	at sun.reflect.DelegatingMethodAccessorImpl.invoke(DelegatingMethodAccessorImpl.java:43)
	at java.lang.reflect.Method.invoke(Method.java:498)
	at org.junit.runners.model.FrameworkMethod$1.runReflectiveCall(FrameworkMethod.java:50)
	at org.junit.internal.runners.model.ReflectiveCallable.run(ReflectiveCallable.java:12)
	at org.junit.runners.model.FrameworkMethod.invokeExplosively(FrameworkMethod.java:47)
	at mockit.integration.junit4.JUnit4TestRunnerDecorator.invokeExplosively(JUnit4TestRunnerDecorator.java:49)
	at mockit.integration.junit4.FakeFrameworkMethod.invokeExplosively(FakeFrameworkMethod.java:29)
	at org.junit.runners.model.FrameworkMethod.invokeExplosively(FrameworkMethod.java)
	at org.junit.internal.runners.statements.RunBefores.evaluate(RunBefores.java:24)
	at org.junit.internal.runners.statements.RunAfters.evaluate(RunAfters.java:27)
	at org.junit.rules.TestWatcher$1.evaluate(TestWatcher.java:55)
	at org.junit.rules.RunRules.evaluate(RunRules.java:20)
	at org.junit.runners.ParentRunner.runLeaf(ParentRunner.java:325)
	at org.junit.runners.BlockJUnit4ClassRunner.runChild(BlockJUnit4ClassRunner.java:78)
	at org.junit.runners.BlockJUnit4ClassRunner.runChild(BlockJUnit4ClassRunner.java:57)
	at org.junit.runners.ParentRunner$3.run(ParentRunner.java:290)
	at org.junit.runners.ParentRunner$1.schedule(ParentRunner.java:71)
	at org.junit.runners.ParentRunner.runChildren(ParentRunner.java:288)
	at org.junit.runners.ParentRunner.access$000(ParentRunner.java:58)
	at org.junit.runners.ParentRunner$2.evaluate(ParentRunner.java:268)
	at org.junit.internal.runners.statements.RunBefores.evaluate(RunBefores.java:26)
	at org.junit.runners.ParentRunner.run(ParentRunner.java:363)
	at org.apache.maven.surefire.junit4.JUnit4Provider.execute(JUnit4Provider.java:365)
	at org.apache.maven.surefire.junit4.JUnit4Provider.executeWithRerun(JUnit4Provider.java:273)
	at org.apache.maven.surefire.junit4.JUnit4Provider.executeTestSet(JUnit4Provider.java:238)
	at org.apache.maven.surefire.junit4.JUnit4Provider.invoke(JUnit4Provider.java:159)
	at org.apache.maven.surefire.booter.ForkedBooter.invokeProviderInSameClassLoader(ForkedBooter.java:384)
	at org.apache.maven.surefire.booter.ForkedBooter.runSuitesInProcess(ForkedBooter.java:345)
	at org.apache.maven.surefire.booter.ForkedBooter.execute(ForkedBooter.java:126)
	at org.apache.maven.surefire.booter.ForkedBooter.main(ForkedBooter.java:418)
Caused by: java.security.cert.CertificateException: Failed to verify both host address and host name
	at org.apache.zookeeper.common.ZKTrustManager.performHostVerification(ZKTrustManager.java:163)
	at org.apache.zookeeper.common.ZKTrustManager.checkServerTrusted(ZKTrustManager.java:90)
	at sun.security.ssl.ClientHandshaker.serverCertificate(ClientHandshaker.java:1670)
	... 47 more
Caused by: javax.net.ssl.SSLPeerUnverifiedException: Certificate for <activate.navicat.com> doesn't match common name of the certificate subject: localhost
	at org.apache.zookeeper.common.ZKHostnameVerifier.matchCN(ZKHostnameVerifier.java:238)
	at org.apache.zookeeper.common.ZKHostnameVerifier.verify(ZKHostnameVerifier.java:184)
	at org.apache.zookeeper.common.ZKTrustManager.performHostVerification(ZKTrustManager.java:159)
	... 49 more
2020-06-22 14:22:43,665 [myid:] - ERROR [nioEventLoopGroup-4-7:NettyServerCnxnFactory$CertificateVerifier@434] - Unsuccessful handshake with session 0x0
2020-06-22 14:22:43,666 [myid:] - WARN  [nioEventLoopGroup-4-7:NettyServerCnxnFactory$CnxnChannelHandler@273] - Exception caught
io.netty.handler.codec.DecoderException: javax.net.ssl.SSLException: Received fatal alert: certificate_unknown
	at io.netty.handler.codec.ByteToMessageDecoder.callDecode(ByteToMessageDecoder.java:468)
	at io.netty.handler.codec.ByteToMessageDecoder.channelRead(ByteToMessageDecoder.java:276)
	at io.netty.channel.AbstractChannelHandlerContext.invokeChannelRead(AbstractChannelHandlerContext.java:379)
	at io.netty.channel.AbstractChannelHandlerContext.invokeChannelRead(AbstractChannelHandlerContext.java:365)
	at io.netty.channel.AbstractChannelHandlerContext.fireChannelRead(AbstractChannelHandlerContext.java:357)
	at io.netty.channel.DefaultChannelPipeline$HeadContext.channelRead(DefaultChannelPipeline.java:1410)
	at io.netty.channel.AbstractChannelHandlerContext.invokeChannelRead(AbstractChannelHandlerContext.java:379)
	at io.netty.channel.AbstractChannelHandlerContext.invokeChannelRead(AbstractChannelHandlerContext.java:365)
	at io.netty.channel.DefaultChannelPipeline.fireChannelRead(DefaultChannelPipeline.java:919)
	at io.netty.channel.nio.AbstractNioByteChannel$NioByteUnsafe.read(AbstractNioByteChannel.java:163)
	at io.netty.channel.nio.NioEventLoop.processSelectedKey(NioEventLoop.java:714)
	at io.netty.channel.nio.NioEventLoop.processSelectedKeysOptimized(NioEventLoop.java:650)
	at io.netty.channel.nio.NioEventLoop.processSelectedKeys(NioEventLoop.java:576)
	at io.netty.channel.nio.NioEventLoop.run(NioEventLoop.java:493)
	at io.netty.util.concurrent.SingleThreadEventExecutor$4.run(SingleThreadEventExecutor.java:989)
	at io.netty.util.internal.ThreadExecutorMap$2.run(ThreadExecutorMap.java:74)
	at io.netty.util.concurrent.FastThreadLocalRunnable.run(FastThreadLocalRunnable.java:30)
	at java.lang.Thread.run(Thread.java:748)
Caused by: javax.net.ssl.SSLException: Received fatal alert: certificate_unknown
	at sun.security.ssl.Alerts.getSSLException(Alerts.java:214)
	at sun.security.ssl.SSLEngineImpl.fatal(SSLEngineImpl.java:1667)
	at sun.security.ssl.SSLEngineImpl.fatal(SSLEngineImpl.java:1635)
	at sun.security.ssl.SSLEngineImpl.recvAlert(SSLEngineImpl.java:1801)
	at sun.security.ssl.SSLEngineImpl.readRecord(SSLEngineImpl.java:1090)
	at sun.security.ssl.SSLEngineImpl.readNetRecord(SSLEngineImpl.java:913)
	at sun.security.ssl.SSLEngineImpl.unwrap(SSLEngineImpl.java:783)
	at javax.net.ssl.SSLEngine.unwrap(SSLEngine.java:626)
	at io.netty.handler.ssl.SslHandler$SslEngineType$3.unwrap(SslHandler.java:281)
	at io.netty.handler.ssl.SslHandler.unwrap(SslHandler.java:1340)
	at io.netty.handler.ssl.SslHandler.decodeJdkCompatible(SslHandler.java:1235)
	at io.netty.handler.ssl.SslHandler.decode(SslHandler.java:1282)
	at io.netty.handler.codec.ByteToMessageDecoder.decodeRemovalReentryProtection(ByteToMessageDecoder.java:498)
	at io.netty.handler.codec.ByteToMessageDecoder.callDecode(ByteToMessageDecoder.java:437)
	... 17 more
2020-06-22 14:22:43,667 [myid:] - WARN  [nioEventLoopGroup-4-7:NettyServerCnxnFactory$CnxnChannelHandler@273] - Exception caught
io.netty.handler.codec.DecoderException: javax.net.ssl.SSLException: Received fatal alert: certificate_unknown
	at io.netty.handler.codec.ByteToMessageDecoder.callDecode(ByteToMessageDecoder.java:468)
	at io.netty.handler.codec.ByteToMessageDecoder.channelInputClosed(ByteToMessageDecoder.java:401)
	at io.netty.handler.codec.ByteToMessageDecoder.channelInputClosed(ByteToMessageDecoder.java:368)
	at io.netty.handler.codec.ByteToMessageDecoder.channelInactive(ByteToMessageDecoder.java:351)
	at io.netty.handler.ssl.SslHandler.channelInactive(SslHandler.java:1084)
	at io.netty.channel.AbstractChannelHandlerContext.invokeChannelInactive(AbstractChannelHandlerContext.java:262)
	at io.netty.channel.AbstractChannelHandlerContext.invokeChannelInactive(AbstractChannelHandlerContext.java:248)
	at io.netty.channel.AbstractChannelHandlerContext.fireChannelInactive(AbstractChannelHandlerContext.java:241)
	at io.netty.channel.DefaultChannelPipeline$HeadContext.channelInactive(DefaultChannelPipeline.java:1405)
	at io.netty.channel.AbstractChannelHandlerContext.invokeChannelInactive(AbstractChannelHandlerContext.java:262)
	at io.netty.channel.AbstractChannelHandlerContext.invokeChannelInactive(AbstractChannelHandlerContext.java:248)
	at io.netty.channel.DefaultChannelPipeline.fireChannelInactive(DefaultChannelPipeline.java:901)
	at io.netty.channel.AbstractChannel$AbstractUnsafe$8.run(AbstractChannel.java:818)
	at io.netty.util.concurrent.AbstractEventExecutor.safeExecute(AbstractEventExecutor.java:164)
	at io.netty.util.concurrent.SingleThreadEventExecutor.runAllTasks(SingleThreadEventExecutor.java:472)
	at io.netty.channel.nio.NioEventLoop.run(NioEventLoop.java:497)
	at io.netty.util.concurrent.SingleThreadEventExecutor$4.run(SingleThreadEventExecutor.java:989)
	at io.netty.util.internal.ThreadExecutorMap$2.run(ThreadExecutorMap.java:74)
	at io.netty.util.concurrent.FastThreadLocalRunnable.run(FastThreadLocalRunnable.java:30)
	at java.lang.Thread.run(Thread.java:748)
Caused by: javax.net.ssl.SSLException: Received fatal alert: certificate_unknown
	at sun.security.ssl.Alerts.getSSLException(Alerts.java:214)
	at sun.security.ssl.SSLEngineImpl.fatal(SSLEngineImpl.java:1667)
	at sun.security.ssl.SSLEngineImpl.fatal(SSLEngineImpl.java:1635)
	at sun.security.ssl.SSLEngineImpl.recvAlert(SSLEngineImpl.java:1801)
	at sun.security.ssl.SSLEngineImpl.readRecord(SSLEngineImpl.java:1090)
	at sun.security.ssl.SSLEngineImpl.readNetRecord(SSLEngineImpl.java:913)
	at sun.security.ssl.SSLEngineImpl.unwrap(SSLEngineImpl.java:783)
	at javax.net.ssl.SSLEngine.unwrap(SSLEngine.java:626)
	at io.netty.handler.ssl.SslHandler$SslEngineType$3.unwrap(SslHandler.java:281)
	at io.netty.handler.ssl.SslHandler.unwrap(SslHandler.java:1340)
	at io.netty.handler.ssl.SslHandler.decodeJdkCompatible(SslHandler.java:1235)
	at io.netty.handler.ssl.SslHandler.decode(SslHandler.java:1282)
	at io.netty.handler.codec.ByteToMessageDecoder.decodeRemovalReentryProtection(ByteToMessageDecoder.java:498)
	at io.netty.handler.codec.ByteToMessageDecoder.callDecode(ByteToMessageDecoder.java:437)
	... 19 more
2020-06-22 14:22:43,916 [myid:] - INFO  [main:FourLetterWordMain@93] - connecting to 127.0.0.1 21995
2020-06-22 14:22:43,916 [myid:] - INFO  [main:FourLetterWordMain@99] - using secure socket
2020-06-22 14:22:43,923 [myid:] - ERROR [main:ZKTrustManager@161] - Failed to verify host address: 127.0.0.1
javax.net.ssl.SSLPeerUnverifiedException: Certificate for <127.0.0.1> doesn't match common name of the certificate subject: localhost
	at org.apache.zookeeper.common.ZKHostnameVerifier.matchCN(ZKHostnameVerifier.java:238)
	at org.apache.zookeeper.common.ZKHostnameVerifier.verify(ZKHostnameVerifier.java:184)
	at org.apache.zookeeper.common.ZKTrustManager.performHostVerification(ZKTrustManager.java:151)
	at org.apache.zookeeper.common.ZKTrustManager.checkServerTrusted(ZKTrustManager.java:90)
	at sun.security.ssl.ClientHandshaker.serverCertificate(ClientHandshaker.java:1670)
	at sun.security.ssl.ClientHandshaker.processMessage(ClientHandshaker.java:226)
	at sun.security.ssl.Handshaker.processLoop(Handshaker.java:1082)
	at sun.security.ssl.Handshaker.process_record(Handshaker.java:1010)
	at sun.security.ssl.SSLSocketImpl.readRecord(SSLSocketImpl.java:1079)
	at sun.security.ssl.SSLSocketImpl.performInitialHandshake(SSLSocketImpl.java:1388)
	at sun.security.ssl.SSLSocketImpl.startHandshake(SSLSocketImpl.java:1416)
	at sun.security.ssl.SSLSocketImpl.startHandshake(SSLSocketImpl.java:1400)
	at org.apache.zookeeper.client.FourLetterWordMain.send4LetterWord(FourLetterWordMain.java:105)
	at org.apache.zookeeper.client.FourLetterWordMain.send4LetterWord(FourLetterWordMain.java:73)
	at org.apache.zookeeper.test.ClientBase.waitForServerUp(ClientBase.java:261)
	at org.apache.zookeeper.test.ClientBase.startServerInstance(ClientBase.java:401)
	at org.apache.zookeeper.test.ClientBase.startServer(ClientBase.java:516)
	at org.apache.zookeeper.test.ClientBase.setUpWithServerId(ClientBase.java:499)
	at org.apache.zookeeper.test.ClientBase.setUp(ClientBase.java:474)
	at org.apache.zookeeper.test.SaslDigestAuthOverSSLTest.setUp(SaslDigestAuthOverSSLTest.java:62)
	at sun.reflect.NativeMethodAccessorImpl.invoke0(Native Method)
	at sun.reflect.NativeMethodAccessorImpl.invoke(NativeMethodAccessorImpl.java:62)
	at sun.reflect.DelegatingMethodAccessorImpl.invoke(DelegatingMethodAccessorImpl.java:43)
	at java.lang.reflect.Method.invoke(Method.java:498)
	at org.junit.runners.model.FrameworkMethod$1.runReflectiveCall(FrameworkMethod.java:50)
	at org.junit.internal.runners.model.ReflectiveCallable.run(ReflectiveCallable.java:12)
	at org.junit.runners.model.FrameworkMethod.invokeExplosively(FrameworkMethod.java:47)
	at mockit.integration.junit4.JUnit4TestRunnerDecorator.invokeExplosively(JUnit4TestRunnerDecorator.java:49)
	at mockit.integration.junit4.FakeFrameworkMethod.invokeExplosively(FakeFrameworkMethod.java:29)
	at org.junit.runners.model.FrameworkMethod.invokeExplosively(FrameworkMethod.java)
	at org.junit.internal.runners.statements.RunBefores.evaluate(RunBefores.java:24)
	at org.junit.internal.runners.statements.RunAfters.evaluate(RunAfters.java:27)
	at org.junit.rules.TestWatcher$1.evaluate(TestWatcher.java:55)
	at org.junit.rules.RunRules.evaluate(RunRules.java:20)
	at org.junit.runners.ParentRunner.runLeaf(ParentRunner.java:325)
	at org.junit.runners.BlockJUnit4ClassRunner.runChild(BlockJUnit4ClassRunner.java:78)
	at org.junit.runners.BlockJUnit4ClassRunner.runChild(BlockJUnit4ClassRunner.java:57)
	at org.junit.runners.ParentRunner$3.run(ParentRunner.java:290)
	at org.junit.runners.ParentRunner$1.schedule(ParentRunner.java:71)
	at org.junit.runners.ParentRunner.runChildren(ParentRunner.java:288)
	at org.junit.runners.ParentRunner.access$000(ParentRunner.java:58)
	at org.junit.runners.ParentRunner$2.evaluate(ParentRunner.java:268)
	at org.junit.internal.runners.statements.RunBefores.evaluate(RunBefores.java:26)
	at org.junit.runners.ParentRunner.run(ParentRunner.java:363)
	at org.apache.maven.surefire.junit4.JUnit4Provider.execute(JUnit4Provider.java:365)
	at org.apache.maven.surefire.junit4.JUnit4Provider.executeWithRerun(JUnit4Provider.java:273)
	at org.apache.maven.surefire.junit4.JUnit4Provider.executeTestSet(JUnit4Provider.java:238)
	at org.apache.maven.surefire.junit4.JUnit4Provider.invoke(JUnit4Provider.java:159)
	at org.apache.maven.surefire.booter.ForkedBooter.invokeProviderInSameClassLoader(ForkedBooter.java:384)
	at org.apache.maven.surefire.booter.ForkedBooter.runSuitesInProcess(ForkedBooter.java:345)
	at org.apache.maven.surefire.booter.ForkedBooter.execute(ForkedBooter.java:126)
	at org.apache.maven.surefire.booter.ForkedBooter.main(ForkedBooter.java:418)
2020-06-22 14:22:43,924 [myid:] - ERROR [main:ZKTrustManager@162] - Failed to verify hostname: activate.navicat.com
javax.net.ssl.SSLPeerUnverifiedException: Certificate for <activate.navicat.com> doesn't match common name of the certificate subject: localhost
	at org.apache.zookeeper.common.ZKHostnameVerifier.matchCN(ZKHostnameVerifier.java:238)
	at org.apache.zookeeper.common.ZKHostnameVerifier.verify(ZKHostnameVerifier.java:184)
	at org.apache.zookeeper.common.ZKTrustManager.performHostVerification(ZKTrustManager.java:159)
	at org.apache.zookeeper.common.ZKTrustManager.checkServerTrusted(ZKTrustManager.java:90)
	at sun.security.ssl.ClientHandshaker.serverCertificate(ClientHandshaker.java:1670)
	at sun.security.ssl.ClientHandshaker.processMessage(ClientHandshaker.java:226)
	at sun.security.ssl.Handshaker.processLoop(Handshaker.java:1082)
	at sun.security.ssl.Handshaker.process_record(Handshaker.java:1010)
	at sun.security.ssl.SSLSocketImpl.readRecord(SSLSocketImpl.java:1079)
	at sun.security.ssl.SSLSocketImpl.performInitialHandshake(SSLSocketImpl.java:1388)
	at sun.security.ssl.SSLSocketImpl.startHandshake(SSLSocketImpl.java:1416)
	at sun.security.ssl.SSLSocketImpl.startHandshake(SSLSocketImpl.java:1400)
	at org.apache.zookeeper.client.FourLetterWordMain.send4LetterWord(FourLetterWordMain.java:105)
	at org.apache.zookeeper.client.FourLetterWordMain.send4LetterWord(FourLetterWordMain.java:73)
	at org.apache.zookeeper.test.ClientBase.waitForServerUp(ClientBase.java:261)
	at org.apache.zookeeper.test.ClientBase.startServerInstance(ClientBase.java:401)
	at org.apache.zookeeper.test.ClientBase.startServer(ClientBase.java:516)
	at org.apache.zookeeper.test.ClientBase.setUpWithServerId(ClientBase.java:499)
	at org.apache.zookeeper.test.ClientBase.setUp(ClientBase.java:474)
	at org.apache.zookeeper.test.SaslDigestAuthOverSSLTest.setUp(SaslDigestAuthOverSSLTest.java:62)
	at sun.reflect.NativeMethodAccessorImpl.invoke0(Native Method)
	at sun.reflect.NativeMethodAccessorImpl.invoke(NativeMethodAccessorImpl.java:62)
	at sun.reflect.DelegatingMethodAccessorImpl.invoke(DelegatingMethodAccessorImpl.java:43)
	at java.lang.reflect.Method.invoke(Method.java:498)
	at org.junit.runners.model.FrameworkMethod$1.runReflectiveCall(FrameworkMethod.java:50)
	at org.junit.internal.runners.model.ReflectiveCallable.run(ReflectiveCallable.java:12)
	at org.junit.runners.model.FrameworkMethod.invokeExplosively(FrameworkMethod.java:47)
	at mockit.integration.junit4.JUnit4TestRunnerDecorator.invokeExplosively(JUnit4TestRunnerDecorator.java:49)
	at mockit.integration.junit4.FakeFrameworkMethod.invokeExplosively(FakeFrameworkMethod.java:29)
	at org.junit.runners.model.FrameworkMethod.invokeExplosively(FrameworkMethod.java)
	at org.junit.internal.runners.statements.RunBefores.evaluate(RunBefores.java:24)
	at org.junit.internal.runners.statements.RunAfters.evaluate(RunAfters.java:27)
	at org.junit.rules.TestWatcher$1.evaluate(TestWatcher.java:55)
	at org.junit.rules.RunRules.evaluate(RunRules.java:20)
	at org.junit.runners.ParentRunner.runLeaf(ParentRunner.java:325)
	at org.junit.runners.BlockJUnit4ClassRunner.runChild(BlockJUnit4ClassRunner.java:78)
	at org.junit.runners.BlockJUnit4ClassRunner.runChild(BlockJUnit4ClassRunner.java:57)
	at org.junit.runners.ParentRunner$3.run(ParentRunner.java:290)
	at org.junit.runners.ParentRunner$1.schedule(ParentRunner.java:71)
	at org.junit.runners.ParentRunner.runChildren(ParentRunner.java:288)
	at org.junit.runners.ParentRunner.access$000(ParentRunner.java:58)
	at org.junit.runners.ParentRunner$2.evaluate(ParentRunner.java:268)
	at org.junit.internal.runners.statements.RunBefores.evaluate(RunBefores.java:26)
	at org.junit.runners.ParentRunner.run(ParentRunner.java:363)
	at org.apache.maven.surefire.junit4.JUnit4Provider.execute(JUnit4Provider.java:365)
	at org.apache.maven.surefire.junit4.JUnit4Provider.executeWithRerun(JUnit4Provider.java:273)
	at org.apache.maven.surefire.junit4.JUnit4Provider.executeTestSet(JUnit4Provider.java:238)
	at org.apache.maven.surefire.junit4.JUnit4Provider.invoke(JUnit4Provider.java:159)
	at org.apache.maven.surefire.booter.ForkedBooter.invokeProviderInSameClassLoader(ForkedBooter.java:384)
	at org.apache.maven.surefire.booter.ForkedBooter.runSuitesInProcess(ForkedBooter.java:345)
	at org.apache.maven.surefire.booter.ForkedBooter.execute(ForkedBooter.java:126)
	at org.apache.maven.surefire.booter.ForkedBooter.main(ForkedBooter.java:418)
2020-06-22 14:22:43,924 [myid:] - INFO  [main:ClientBase@270] - server 127.0.0.1:21995 not up
javax.net.ssl.SSLHandshakeException: java.security.cert.CertificateException: Failed to verify both host address and host name
	at sun.security.ssl.Alerts.getSSLException(Alerts.java:198)
	at sun.security.ssl.SSLSocketImpl.fatal(SSLSocketImpl.java:1967)
	at sun.security.ssl.Handshaker.fatalSE(Handshaker.java:331)
	at sun.security.ssl.Handshaker.fatalSE(Handshaker.java:325)
	at sun.security.ssl.ClientHandshaker.serverCertificate(ClientHandshaker.java:1688)
	at sun.security.ssl.ClientHandshaker.processMessage(ClientHandshaker.java:226)
	at sun.security.ssl.Handshaker.processLoop(Handshaker.java:1082)
	at sun.security.ssl.Handshaker.process_record(Handshaker.java:1010)
	at sun.security.ssl.SSLSocketImpl.readRecord(SSLSocketImpl.java:1079)
	at sun.security.ssl.SSLSocketImpl.performInitialHandshake(SSLSocketImpl.java:1388)
	at sun.security.ssl.SSLSocketImpl.startHandshake(SSLSocketImpl.java:1416)
	at sun.security.ssl.SSLSocketImpl.startHandshake(SSLSocketImpl.java:1400)
	at org.apache.zookeeper.client.FourLetterWordMain.send4LetterWord(FourLetterWordMain.java:105)
	at org.apache.zookeeper.client.FourLetterWordMain.send4LetterWord(FourLetterWordMain.java:73)
	at org.apache.zookeeper.test.ClientBase.waitForServerUp(ClientBase.java:261)
	at org.apache.zookeeper.test.ClientBase.startServerInstance(ClientBase.java:401)
	at org.apache.zookeeper.test.ClientBase.startServer(ClientBase.java:516)
	at org.apache.zookeeper.test.ClientBase.setUpWithServerId(ClientBase.java:499)
	at org.apache.zookeeper.test.ClientBase.setUp(ClientBase.java:474)
	at org.apache.zookeeper.test.SaslDigestAuthOverSSLTest.setUp(SaslDigestAuthOverSSLTest.java:62)
	at sun.reflect.NativeMethodAccessorImpl.invoke0(Native Method)
	at sun.reflect.NativeMethodAccessorImpl.invoke(NativeMethodAccessorImpl.java:62)
	at sun.reflect.DelegatingMethodAccessorImpl.invoke(DelegatingMethodAccessorImpl.java:43)
	at java.lang.reflect.Method.invoke(Method.java:498)
	at org.junit.runners.model.FrameworkMethod$1.runReflectiveCall(FrameworkMethod.java:50)
	at org.junit.internal.runners.model.ReflectiveCallable.run(ReflectiveCallable.java:12)
	at org.junit.runners.model.FrameworkMethod.invokeExplosively(FrameworkMethod.java:47)
	at mockit.integration.junit4.JUnit4TestRunnerDecorator.invokeExplosively(JUnit4TestRunnerDecorator.java:49)
	at mockit.integration.junit4.FakeFrameworkMethod.invokeExplosively(FakeFrameworkMethod.java:29)
	at org.junit.runners.model.FrameworkMethod.invokeExplosively(FrameworkMethod.java)
	at org.junit.internal.runners.statements.RunBefores.evaluate(RunBefores.java:24)
	at org.junit.internal.runners.statements.RunAfters.evaluate(RunAfters.java:27)
	at org.junit.rules.TestWatcher$1.evaluate(TestWatcher.java:55)
	at org.junit.rules.RunRules.evaluate(RunRules.java:20)
	at org.junit.runners.ParentRunner.runLeaf(ParentRunner.java:325)
	at org.junit.runners.BlockJUnit4ClassRunner.runChild(BlockJUnit4ClassRunner.java:78)
	at org.junit.runners.BlockJUnit4ClassRunner.runChild(BlockJUnit4ClassRunner.java:57)
	at org.junit.runners.ParentRunner$3.run(ParentRunner.java:290)
	at org.junit.runners.ParentRunner$1.schedule(ParentRunner.java:71)
	at org.junit.runners.ParentRunner.runChildren(ParentRunner.java:288)
	at org.junit.runners.ParentRunner.access$000(ParentRunner.java:58)
	at org.junit.runners.ParentRunner$2.evaluate(ParentRunner.java:268)
	at org.junit.internal.runners.statements.RunBefores.evaluate(RunBefores.java:26)
	at org.junit.runners.ParentRunner.run(ParentRunner.java:363)
	at org.apache.maven.surefire.junit4.JUnit4Provider.execute(JUnit4Provider.java:365)
	at org.apache.maven.surefire.junit4.JUnit4Provider.executeWithRerun(JUnit4Provider.java:273)
	at org.apache.maven.surefire.junit4.JUnit4Provider.executeTestSet(JUnit4Provider.java:238)
	at org.apache.maven.surefire.junit4.JUnit4Provider.invoke(JUnit4Provider.java:159)
	at org.apache.maven.surefire.booter.ForkedBooter.invokeProviderInSameClassLoader(ForkedBooter.java:384)
	at org.apache.maven.surefire.booter.ForkedBooter.runSuitesInProcess(ForkedBooter.java:345)
	at org.apache.maven.surefire.booter.ForkedBooter.execute(ForkedBooter.java:126)
	at org.apache.maven.surefire.booter.ForkedBooter.main(ForkedBooter.java:418)
Caused by: java.security.cert.CertificateException: Failed to verify both host address and host name
	at org.apache.zookeeper.common.ZKTrustManager.performHostVerification(ZKTrustManager.java:163)
	at org.apache.zookeeper.common.ZKTrustManager.checkServerTrusted(ZKTrustManager.java:90)
	at sun.security.ssl.ClientHandshaker.serverCertificate(ClientHandshaker.java:1670)
	... 47 more
Caused by: javax.net.ssl.SSLPeerUnverifiedException: Certificate for <activate.navicat.com> doesn't match common name of the certificate subject: localhost
	at org.apache.zookeeper.common.ZKHostnameVerifier.matchCN(ZKHostnameVerifier.java:238)
	at org.apache.zookeeper.common.ZKHostnameVerifier.verify(ZKHostnameVerifier.java:184)
	at org.apache.zookeeper.common.ZKTrustManager.performHostVerification(ZKTrustManager.java:159)
	... 49 more
2020-06-22 14:22:43,924 [myid:] - ERROR [nioEventLoopGroup-4-8:NettyServerCnxnFactory$CertificateVerifier@434] - Unsuccessful handshake with session 0x0
2020-06-22 14:22:43,926 [myid:] - WARN  [nioEventLoopGroup-4-8:NettyServerCnxnFactory$CnxnChannelHandler@273] - Exception caught
io.netty.handler.codec.DecoderException: javax.net.ssl.SSLException: Received fatal alert: certificate_unknown
	at io.netty.handler.codec.ByteToMessageDecoder.callDecode(ByteToMessageDecoder.java:468)
	at io.netty.handler.codec.ByteToMessageDecoder.channelRead(ByteToMessageDecoder.java:276)
	at io.netty.channel.AbstractChannelHandlerContext.invokeChannelRead(AbstractChannelHandlerContext.java:379)
	at io.netty.channel.AbstractChannelHandlerContext.invokeChannelRead(AbstractChannelHandlerContext.java:365)
	at io.netty.channel.AbstractChannelHandlerContext.fireChannelRead(AbstractChannelHandlerContext.java:357)
	at io.netty.channel.DefaultChannelPipeline$HeadContext.channelRead(DefaultChannelPipeline.java:1410)
	at io.netty.channel.AbstractChannelHandlerContext.invokeChannelRead(AbstractChannelHandlerContext.java:379)
	at io.netty.channel.AbstractChannelHandlerContext.invokeChannelRead(AbstractChannelHandlerContext.java:365)
	at io.netty.channel.DefaultChannelPipeline.fireChannelRead(DefaultChannelPipeline.java:919)
	at io.netty.channel.nio.AbstractNioByteChannel$NioByteUnsafe.read(AbstractNioByteChannel.java:163)
	at io.netty.channel.nio.NioEventLoop.processSelectedKey(NioEventLoop.java:714)
	at io.netty.channel.nio.NioEventLoop.processSelectedKeysOptimized(NioEventLoop.java:650)
	at io.netty.channel.nio.NioEventLoop.processSelectedKeys(NioEventLoop.java:576)
	at io.netty.channel.nio.NioEventLoop.run(NioEventLoop.java:493)
	at io.netty.util.concurrent.SingleThreadEventExecutor$4.run(SingleThreadEventExecutor.java:989)
	at io.netty.util.internal.ThreadExecutorMap$2.run(ThreadExecutorMap.java:74)
	at io.netty.util.concurrent.FastThreadLocalRunnable.run(FastThreadLocalRunnable.java:30)
	at java.lang.Thread.run(Thread.java:748)
Caused by: javax.net.ssl.SSLException: Received fatal alert: certificate_unknown
	at sun.security.ssl.Alerts.getSSLException(Alerts.java:214)
	at sun.security.ssl.SSLEngineImpl.fatal(SSLEngineImpl.java:1667)
	at sun.security.ssl.SSLEngineImpl.fatal(SSLEngineImpl.java:1635)
	at sun.security.ssl.SSLEngineImpl.recvAlert(SSLEngineImpl.java:1801)
	at sun.security.ssl.SSLEngineImpl.readRecord(SSLEngineImpl.java:1090)
	at sun.security.ssl.SSLEngineImpl.readNetRecord(SSLEngineImpl.java:913)
	at sun.security.ssl.SSLEngineImpl.unwrap(SSLEngineImpl.java:783)
	at javax.net.ssl.SSLEngine.unwrap(SSLEngine.java:626)
	at io.netty.handler.ssl.SslHandler$SslEngineType$3.unwrap(SslHandler.java:281)
	at io.netty.handler.ssl.SslHandler.unwrap(SslHandler.java:1340)
	at io.netty.handler.ssl.SslHandler.decodeJdkCompatible(SslHandler.java:1235)
	at io.netty.handler.ssl.SslHandler.decode(SslHandler.java:1282)
	at io.netty.handler.codec.ByteToMessageDecoder.decodeRemovalReentryProtection(ByteToMessageDecoder.java:498)
	at io.netty.handler.codec.ByteToMessageDecoder.callDecode(ByteToMessageDecoder.java:437)
	... 17 more
2020-06-22 14:22:43,926 [myid:] - WARN  [nioEventLoopGroup-4-8:NettyServerCnxnFactory$CnxnChannelHandler@273] - Exception caught
io.netty.handler.codec.DecoderException: javax.net.ssl.SSLException: Received fatal alert: certificate_unknown
	at io.netty.handler.codec.ByteToMessageDecoder.callDecode(ByteToMessageDecoder.java:468)
	at io.netty.handler.codec.ByteToMessageDecoder.channelInputClosed(ByteToMessageDecoder.java:401)
	at io.netty.handler.codec.ByteToMessageDecoder.channelInputClosed(ByteToMessageDecoder.java:368)
	at io.netty.handler.codec.ByteToMessageDecoder.channelInactive(ByteToMessageDecoder.java:351)
	at io.netty.handler.ssl.SslHandler.channelInactive(SslHandler.java:1084)
	at io.netty.channel.AbstractChannelHandlerContext.invokeChannelInactive(AbstractChannelHandlerContext.java:262)
	at io.netty.channel.AbstractChannelHandlerContext.invokeChannelInactive(AbstractChannelHandlerContext.java:248)
	at io.netty.channel.AbstractChannelHandlerContext.fireChannelInactive(AbstractChannelHandlerContext.java:241)
	at io.netty.channel.DefaultChannelPipeline$HeadContext.channelInactive(DefaultChannelPipeline.java:1405)
	at io.netty.channel.AbstractChannelHandlerContext.invokeChannelInactive(AbstractChannelHandlerContext.java:262)
	at io.netty.channel.AbstractChannelHandlerContext.invokeChannelInactive(AbstractChannelHandlerContext.java:248)
	at io.netty.channel.DefaultChannelPipeline.fireChannelInactive(DefaultChannelPipeline.java:901)
	at io.netty.channel.AbstractChannel$AbstractUnsafe$8.run(AbstractChannel.java:818)
	at io.netty.util.concurrent.AbstractEventExecutor.safeExecute(AbstractEventExecutor.java:164)
	at io.netty.util.concurrent.SingleThreadEventExecutor.runAllTasks(SingleThreadEventExecutor.java:472)
	at io.netty.channel.nio.NioEventLoop.run(NioEventLoop.java:497)
	at io.netty.util.concurrent.SingleThreadEventExecutor$4.run(SingleThreadEventExecutor.java:989)
	at io.netty.util.internal.ThreadExecutorMap$2.run(ThreadExecutorMap.java:74)
	at io.netty.util.concurrent.FastThreadLocalRunnable.run(FastThreadLocalRunnable.java:30)
	at java.lang.Thread.run(Thread.java:748)
Caused by: javax.net.ssl.SSLException: Received fatal alert: certificate_unknown
	at sun.security.ssl.Alerts.getSSLException(Alerts.java:214)
	at sun.security.ssl.SSLEngineImpl.fatal(SSLEngineImpl.java:1667)
	at sun.security.ssl.SSLEngineImpl.fatal(SSLEngineImpl.java:1635)
	at sun.security.ssl.SSLEngineImpl.recvAlert(SSLEngineImpl.java:1801)
	at sun.security.ssl.SSLEngineImpl.readRecord(SSLEngineImpl.java:1090)
	at sun.security.ssl.SSLEngineImpl.readNetRecord(SSLEngineImpl.java:913)
	at sun.security.ssl.SSLEngineImpl.unwrap(SSLEngineImpl.java:783)
	at javax.net.ssl.SSLEngine.unwrap(SSLEngine.java:626)
	at io.netty.handler.ssl.SslHandler$SslEngineType$3.unwrap(SslHandler.java:281)
	at io.netty.handler.ssl.SslHandler.unwrap(SslHandler.java:1340)
	at io.netty.handler.ssl.SslHandler.decodeJdkCompatible(SslHandler.java:1235)
	at io.netty.handler.ssl.SslHandler.decode(SslHandler.java:1282)
	at io.netty.handler.codec.ByteToMessageDecoder.decodeRemovalReentryProtection(ByteToMessageDecoder.java:498)
	at io.netty.handler.codec.ByteToMessageDecoder.callDecode(ByteToMessageDecoder.java:437)
	... 19 more
2020-06-22 14:22:44,176 [myid:] - INFO  [main:FourLetterWordMain@93] - connecting to 127.0.0.1 21995
2020-06-22 14:22:44,176 [myid:] - INFO  [main:FourLetterWordMain@99] - using secure socket
2020-06-22 14:22:44,184 [myid:] - ERROR [main:ZKTrustManager@161] - Failed to verify host address: 127.0.0.1
javax.net.ssl.SSLPeerUnverifiedException: Certificate for <127.0.0.1> doesn't match common name of the certificate subject: localhost
	at org.apache.zookeeper.common.ZKHostnameVerifier.matchCN(ZKHostnameVerifier.java:238)
	at org.apache.zookeeper.common.ZKHostnameVerifier.verify(ZKHostnameVerifier.java:184)
	at org.apache.zookeeper.common.ZKTrustManager.performHostVerification(ZKTrustManager.java:151)
	at org.apache.zookeeper.common.ZKTrustManager.checkServerTrusted(ZKTrustManager.java:90)
	at sun.security.ssl.ClientHandshaker.serverCertificate(ClientHandshaker.java:1670)
	at sun.security.ssl.ClientHandshaker.processMessage(ClientHandshaker.java:226)
	at sun.security.ssl.Handshaker.processLoop(Handshaker.java:1082)
	at sun.security.ssl.Handshaker.process_record(Handshaker.java:1010)
	at sun.security.ssl.SSLSocketImpl.readRecord(SSLSocketImpl.java:1079)
	at sun.security.ssl.SSLSocketImpl.performInitialHandshake(SSLSocketImpl.java:1388)
	at sun.security.ssl.SSLSocketImpl.startHandshake(SSLSocketImpl.java:1416)
	at sun.security.ssl.SSLSocketImpl.startHandshake(SSLSocketImpl.java:1400)
	at org.apache.zookeeper.client.FourLetterWordMain.send4LetterWord(FourLetterWordMain.java:105)
	at org.apache.zookeeper.client.FourLetterWordMain.send4LetterWord(FourLetterWordMain.java:73)
	at org.apache.zookeeper.test.ClientBase.waitForServerUp(ClientBase.java:261)
	at org.apache.zookeeper.test.ClientBase.startServerInstance(ClientBase.java:401)
	at org.apache.zookeeper.test.ClientBase.startServer(ClientBase.java:516)
	at org.apache.zookeeper.test.ClientBase.setUpWithServerId(ClientBase.java:499)
	at org.apache.zookeeper.test.ClientBase.setUp(ClientBase.java:474)
	at org.apache.zookeeper.test.SaslDigestAuthOverSSLTest.setUp(SaslDigestAuthOverSSLTest.java:62)
	at sun.reflect.NativeMethodAccessorImpl.invoke0(Native Method)
	at sun.reflect.NativeMethodAccessorImpl.invoke(NativeMethodAccessorImpl.java:62)
	at sun.reflect.DelegatingMethodAccessorImpl.invoke(DelegatingMethodAccessorImpl.java:43)
	at java.lang.reflect.Method.invoke(Method.java:498)
	at org.junit.runners.model.FrameworkMethod$1.runReflectiveCall(FrameworkMethod.java:50)
	at org.junit.internal.runners.model.ReflectiveCallable.run(ReflectiveCallable.java:12)
	at org.junit.runners.model.FrameworkMethod.invokeExplosively(FrameworkMethod.java:47)
	at mockit.integration.junit4.JUnit4TestRunnerDecorator.invokeExplosively(JUnit4TestRunnerDecorator.java:49)
	at mockit.integration.junit4.FakeFrameworkMethod.invokeExplosively(FakeFrameworkMethod.java:29)
	at org.junit.runners.model.FrameworkMethod.invokeExplosively(FrameworkMethod.java)
	at org.junit.internal.runners.statements.RunBefores.evaluate(RunBefores.java:24)
	at org.junit.internal.runners.statements.RunAfters.evaluate(RunAfters.java:27)
	at org.junit.rules.TestWatcher$1.evaluate(TestWatcher.java:55)
	at org.junit.rules.RunRules.evaluate(RunRules.java:20)
	at org.junit.runners.ParentRunner.runLeaf(ParentRunner.java:325)
	at org.junit.runners.BlockJUnit4ClassRunner.runChild(BlockJUnit4ClassRunner.java:78)
	at org.junit.runners.BlockJUnit4ClassRunner.runChild(BlockJUnit4ClassRunner.java:57)
	at org.junit.runners.ParentRunner$3.run(ParentRunner.java:290)
	at org.junit.runners.ParentRunner$1.schedule(ParentRunner.java:71)
	at org.junit.runners.ParentRunner.runChildren(ParentRunner.java:288)
	at org.junit.runners.ParentRunner.access$000(ParentRunner.java:58)
	at org.junit.runners.ParentRunner$2.evaluate(ParentRunner.java:268)
	at org.junit.internal.runners.statements.RunBefores.evaluate(RunBefores.java:26)
	at org.junit.runners.ParentRunner.run(ParentRunner.java:363)
	at org.apache.maven.surefire.junit4.JUnit4Provider.execute(JUnit4Provider.java:365)
	at org.apache.maven.surefire.junit4.JUnit4Provider.executeWithRerun(JUnit4Provider.java:273)
	at org.apache.maven.surefire.junit4.JUnit4Provider.executeTestSet(JUnit4Provider.java:238)
	at org.apache.maven.surefire.junit4.JUnit4Provider.invoke(JUnit4Provider.java:159)
	at org.apache.maven.surefire.booter.ForkedBooter.invokeProviderInSameClassLoader(ForkedBooter.java:384)
	at org.apache.maven.surefire.booter.ForkedBooter.runSuitesInProcess(ForkedBooter.java:345)
	at org.apache.maven.surefire.booter.ForkedBooter.execute(ForkedBooter.java:126)
	at org.apache.maven.surefire.booter.ForkedBooter.main(ForkedBooter.java:418)
2020-06-22 14:22:44,185 [myid:] - ERROR [main:ZKTrustManager@162] - Failed to verify hostname: activate.navicat.com
javax.net.ssl.SSLPeerUnverifiedException: Certificate for <activate.navicat.com> doesn't match common name of the certificate subject: localhost
	at org.apache.zookeeper.common.ZKHostnameVerifier.matchCN(ZKHostnameVerifier.java:238)
	at org.apache.zookeeper.common.ZKHostnameVerifier.verify(ZKHostnameVerifier.java:184)
	at org.apache.zookeeper.common.ZKTrustManager.performHostVerification(ZKTrustManager.java:159)
	at org.apache.zookeeper.common.ZKTrustManager.checkServerTrusted(ZKTrustManager.java:90)
	at sun.security.ssl.ClientHandshaker.serverCertificate(ClientHandshaker.java:1670)
	at sun.security.ssl.ClientHandshaker.processMessage(ClientHandshaker.java:226)
	at sun.security.ssl.Handshaker.processLoop(Handshaker.java:1082)
	at sun.security.ssl.Handshaker.process_record(Handshaker.java:1010)
	at sun.security.ssl.SSLSocketImpl.readRecord(SSLSocketImpl.java:1079)
	at sun.security.ssl.SSLSocketImpl.performInitialHandshake(SSLSocketImpl.java:1388)
	at sun.security.ssl.SSLSocketImpl.startHandshake(SSLSocketImpl.java:1416)
	at sun.security.ssl.SSLSocketImpl.startHandshake(SSLSocketImpl.java:1400)
	at org.apache.zookeeper.client.FourLetterWordMain.send4LetterWord(FourLetterWordMain.java:105)
	at org.apache.zookeeper.client.FourLetterWordMain.send4LetterWord(FourLetterWordMain.java:73)
	at org.apache.zookeeper.test.ClientBase.waitForServerUp(ClientBase.java:261)
	at org.apache.zookeeper.test.ClientBase.startServerInstance(ClientBase.java:401)
	at org.apache.zookeeper.test.ClientBase.startServer(ClientBase.java:516)
	at org.apache.zookeeper.test.ClientBase.setUpWithServerId(ClientBase.java:499)
	at org.apache.zookeeper.test.ClientBase.setUp(ClientBase.java:474)
	at org.apache.zookeeper.test.SaslDigestAuthOverSSLTest.setUp(SaslDigestAuthOverSSLTest.java:62)
	at sun.reflect.NativeMethodAccessorImpl.invoke0(Native Method)
	at sun.reflect.NativeMethodAccessorImpl.invoke(NativeMethodAccessorImpl.java:62)
	at sun.reflect.DelegatingMethodAccessorImpl.invoke(DelegatingMethodAccessorImpl.java:43)
	at java.lang.reflect.Method.invoke(Method.java:498)
	at org.junit.runners.model.FrameworkMethod$1.runReflectiveCall(FrameworkMethod.java:50)
	at org.junit.internal.runners.model.ReflectiveCallable.run(ReflectiveCallable.java:12)
	at org.junit.runners.model.FrameworkMethod.invokeExplosively(FrameworkMethod.java:47)
	at mockit.integration.junit4.JUnit4TestRunnerDecorator.invokeExplosively(JUnit4TestRunnerDecorator.java:49)
	at mockit.integration.junit4.FakeFrameworkMethod.invokeExplosively(FakeFrameworkMethod.java:29)
	at org.junit.runners.model.FrameworkMethod.invokeExplosively(FrameworkMethod.java)
	at org.junit.internal.runners.statements.RunBefores.evaluate(RunBefores.java:24)
	at org.junit.internal.runners.statements.RunAfters.evaluate(RunAfters.java:27)
	at org.junit.rules.TestWatcher$1.evaluate(TestWatcher.java:55)
	at org.junit.rules.RunRules.evaluate(RunRules.java:20)
	at org.junit.runners.ParentRunner.runLeaf(ParentRunner.java:325)
	at org.junit.runners.BlockJUnit4ClassRunner.runChild(BlockJUnit4ClassRunner.java:78)
	at org.junit.runners.BlockJUnit4ClassRunner.runChild(BlockJUnit4ClassRunner.java:57)
	at org.junit.runners.ParentRunner$3.run(ParentRunner.java:290)
	at org.junit.runners.ParentRunner$1.schedule(ParentRunner.java:71)
	at org.junit.runners.ParentRunner.runChildren(ParentRunner.java:288)
	at org.junit.runners.ParentRunner.access$000(ParentRunner.java:58)
	at org.junit.runners.ParentRunner$2.evaluate(ParentRunner.java:268)
	at org.junit.internal.runners.statements.RunBefores.evaluate(RunBefores.java:26)
	at org.junit.runners.ParentRunner.run(ParentRunner.java:363)
	at org.apache.maven.surefire.junit4.JUnit4Provider.execute(JUnit4Provider.java:365)
	at org.apache.maven.surefire.junit4.JUnit4Provider.executeWithRerun(JUnit4Provider.java:273)
	at org.apache.maven.surefire.junit4.JUnit4Provider.executeTestSet(JUnit4Provider.java:238)
	at org.apache.maven.surefire.junit4.JUnit4Provider.invoke(JUnit4Provider.java:159)
	at org.apache.maven.surefire.booter.ForkedBooter.invokeProviderInSameClassLoader(ForkedBooter.java:384)
	at org.apache.maven.surefire.booter.ForkedBooter.runSuitesInProcess(ForkedBooter.java:345)
	at org.apache.maven.surefire.booter.ForkedBooter.execute(ForkedBooter.java:126)
	at org.apache.maven.surefire.booter.ForkedBooter.main(ForkedBooter.java:418)
2020-06-22 14:22:44,185 [myid:] - INFO  [main:ClientBase@270] - server 127.0.0.1:21995 not up
javax.net.ssl.SSLHandshakeException: java.security.cert.CertificateException: Failed to verify both host address and host name
	at sun.security.ssl.Alerts.getSSLException(Alerts.java:198)
	at sun.security.ssl.SSLSocketImpl.fatal(SSLSocketImpl.java:1967)
	at sun.security.ssl.Handshaker.fatalSE(Handshaker.java:331)
	at sun.security.ssl.Handshaker.fatalSE(Handshaker.java:325)
	at sun.security.ssl.ClientHandshaker.serverCertificate(ClientHandshaker.java:1688)
	at sun.security.ssl.ClientHandshaker.processMessage(ClientHandshaker.java:226)
	at sun.security.ssl.Handshaker.processLoop(Handshaker.java:1082)
	at sun.security.ssl.Handshaker.process_record(Handshaker.java:1010)
	at sun.security.ssl.SSLSocketImpl.readRecord(SSLSocketImpl.java:1079)
	at sun.security.ssl.SSLSocketImpl.performInitialHandshake(SSLSocketImpl.java:1388)
	at sun.security.ssl.SSLSocketImpl.startHandshake(SSLSocketImpl.java:1416)
	at sun.security.ssl.SSLSocketImpl.startHandshake(SSLSocketImpl.java:1400)
	at org.apache.zookeeper.client.FourLetterWordMain.send4LetterWord(FourLetterWordMain.java:105)
	at org.apache.zookeeper.client.FourLetterWordMain.send4LetterWord(FourLetterWordMain.java:73)
	at org.apache.zookeeper.test.ClientBase.waitForServerUp(ClientBase.java:261)
	at org.apache.zookeeper.test.ClientBase.startServerInstance(ClientBase.java:401)
	at org.apache.zookeeper.test.ClientBase.startServer(ClientBase.java:516)
	at org.apache.zookeeper.test.ClientBase.setUpWithServerId(ClientBase.java:499)
	at org.apache.zookeeper.test.ClientBase.setUp(ClientBase.java:474)
	at org.apache.zookeeper.test.SaslDigestAuthOverSSLTest.setUp(SaslDigestAuthOverSSLTest.java:62)
	at sun.reflect.NativeMethodAccessorImpl.invoke0(Native Method)
	at sun.reflect.NativeMethodAccessorImpl.invoke(NativeMethodAccessorImpl.java:62)
	at sun.reflect.DelegatingMethodAccessorImpl.invoke(DelegatingMethodAccessorImpl.java:43)
	at java.lang.reflect.Method.invoke(Method.java:498)
	at org.junit.runners.model.FrameworkMethod$1.runReflectiveCall(FrameworkMethod.java:50)
	at org.junit.internal.runners.model.ReflectiveCallable.run(ReflectiveCallable.java:12)
	at org.junit.runners.model.FrameworkMethod.invokeExplosively(FrameworkMethod.java:47)
	at mockit.integration.junit4.JUnit4TestRunnerDecorator.invokeExplosively(JUnit4TestRunnerDecorator.java:49)
	at mockit.integration.junit4.FakeFrameworkMethod.invokeExplosively(FakeFrameworkMethod.java:29)
	at org.junit.runners.model.FrameworkMethod.invokeExplosively(FrameworkMethod.java)
	at org.junit.internal.runners.statements.RunBefores.evaluate(RunBefores.java:24)
	at org.junit.internal.runners.statements.RunAfters.evaluate(RunAfters.java:27)
	at org.junit.rules.TestWatcher$1.evaluate(TestWatcher.java:55)
	at org.junit.rules.RunRules.evaluate(RunRules.java:20)
	at org.junit.runners.ParentRunner.runLeaf(ParentRunner.java:325)
	at org.junit.runners.BlockJUnit4ClassRunner.runChild(BlockJUnit4ClassRunner.java:78)
	at org.junit.runners.BlockJUnit4ClassRunner.runChild(BlockJUnit4ClassRunner.java:57)
	at org.junit.runners.ParentRunner$3.run(ParentRunner.java:290)
	at org.junit.runners.ParentRunner$1.schedule(ParentRunner.java:71)
	at org.junit.runners.ParentRunner.runChildren(ParentRunner.java:288)
	at org.junit.runners.ParentRunner.access$000(ParentRunner.java:58)
	at org.junit.runners.ParentRunner$2.evaluate(ParentRunner.java:268)
	at org.junit.internal.runners.statements.RunBefores.evaluate(RunBefores.java:26)
	at org.junit.runners.ParentRunner.run(ParentRunner.java:363)
	at org.apache.maven.surefire.junit4.JUnit4Provider.execute(JUnit4Provider.java:365)
	at org.apache.maven.surefire.junit4.JUnit4Provider.executeWithRerun(JUnit4Provider.java:273)
	at org.apache.maven.surefire.junit4.JUnit4Provider.executeTestSet(JUnit4Provider.java:238)
	at org.apache.maven.surefire.junit4.JUnit4Provider.invoke(JUnit4Provider.java:159)
	at org.apache.maven.surefire.booter.ForkedBooter.invokeProviderInSameClassLoader(ForkedBooter.java:384)
	at org.apache.maven.surefire.booter.ForkedBooter.runSuitesInProcess(ForkedBooter.java:345)
	at org.apache.maven.surefire.booter.ForkedBooter.execute(ForkedBooter.java:126)
	at org.apache.maven.surefire.booter.ForkedBooter.main(ForkedBooter.java:418)
Caused by: java.security.cert.CertificateException: Failed to verify both host address and host name
	at org.apache.zookeeper.common.ZKTrustManager.performHostVerification(ZKTrustManager.java:163)
	at org.apache.zookeeper.common.ZKTrustManager.checkServerTrusted(ZKTrustManager.java:90)
	at sun.security.ssl.ClientHandshaker.serverCertificate(ClientHandshaker.java:1670)
	... 47 more
Caused by: javax.net.ssl.SSLPeerUnverifiedException: Certificate for <activate.navicat.com> doesn't match common name of the certificate subject: localhost
	at org.apache.zookeeper.common.ZKHostnameVerifier.matchCN(ZKHostnameVerifier.java:238)
	at org.apache.zookeeper.common.ZKHostnameVerifier.verify(ZKHostnameVerifier.java:184)
	at org.apache.zookeeper.common.ZKTrustManager.performHostVerification(ZKTrustManager.java:159)
	... 49 more
2020-06-22 14:22:44,185 [myid:] - ERROR [nioEventLoopGroup-4-9:NettyServerCnxnFactory$CertificateVerifier@434] - Unsuccessful handshake with session 0x0
2020-06-22 14:22:44,186 [myid:] - WARN  [nioEventLoopGroup-4-9:NettyServerCnxnFactory$CnxnChannelHandler@273] - Exception caught
io.netty.handler.codec.DecoderException: javax.net.ssl.SSLException: Received fatal alert: certificate_unknown
	at io.netty.handler.codec.ByteToMessageDecoder.callDecode(ByteToMessageDecoder.java:468)
	at io.netty.handler.codec.ByteToMessageDecoder.channelRead(ByteToMessageDecoder.java:276)
	at io.netty.channel.AbstractChannelHandlerContext.invokeChannelRead(AbstractChannelHandlerContext.java:379)
	at io.netty.channel.AbstractChannelHandlerContext.invokeChannelRead(AbstractChannelHandlerContext.java:365)
	at io.netty.channel.AbstractChannelHandlerContext.fireChannelRead(AbstractChannelHandlerContext.java:357)
	at io.netty.channel.DefaultChannelPipeline$HeadContext.channelRead(DefaultChannelPipeline.java:1410)
	at io.netty.channel.AbstractChannelHandlerContext.invokeChannelRead(AbstractChannelHandlerContext.java:379)
	at io.netty.channel.AbstractChannelHandlerContext.invokeChannelRead(AbstractChannelHandlerContext.java:365)
	at io.netty.channel.DefaultChannelPipeline.fireChannelRead(DefaultChannelPipeline.java:919)
	at io.netty.channel.nio.AbstractNioByteChannel$NioByteUnsafe.read(AbstractNioByteChannel.java:163)
	at io.netty.channel.nio.NioEventLoop.processSelectedKey(NioEventLoop.java:714)
	at io.netty.channel.nio.NioEventLoop.processSelectedKeysOptimized(NioEventLoop.java:650)
	at io.netty.channel.nio.NioEventLoop.processSelectedKeys(NioEventLoop.java:576)
	at io.netty.channel.nio.NioEventLoop.run(NioEventLoop.java:493)
	at io.netty.util.concurrent.SingleThreadEventExecutor$4.run(SingleThreadEventExecutor.java:989)
	at io.netty.util.internal.ThreadExecutorMap$2.run(ThreadExecutorMap.java:74)
	at io.netty.util.concurrent.FastThreadLocalRunnable.run(FastThreadLocalRunnable.java:30)
	at java.lang.Thread.run(Thread.java:748)
Caused by: javax.net.ssl.SSLException: Received fatal alert: certificate_unknown
	at sun.security.ssl.Alerts.getSSLException(Alerts.java:214)
	at sun.security.ssl.SSLEngineImpl.fatal(SSLEngineImpl.java:1667)
	at sun.security.ssl.SSLEngineImpl.fatal(SSLEngineImpl.java:1635)
	at sun.security.ssl.SSLEngineImpl.recvAlert(SSLEngineImpl.java:1801)
	at sun.security.ssl.SSLEngineImpl.readRecord(SSLEngineImpl.java:1090)
	at sun.security.ssl.SSLEngineImpl.readNetRecord(SSLEngineImpl.java:913)
	at sun.security.ssl.SSLEngineImpl.unwrap(SSLEngineImpl.java:783)
	at javax.net.ssl.SSLEngine.unwrap(SSLEngine.java:626)
	at io.netty.handler.ssl.SslHandler$SslEngineType$3.unwrap(SslHandler.java:281)
	at io.netty.handler.ssl.SslHandler.unwrap(SslHandler.java:1340)
	at io.netty.handler.ssl.SslHandler.decodeJdkCompatible(SslHandler.java:1235)
	at io.netty.handler.ssl.SslHandler.decode(SslHandler.java:1282)
	at io.netty.handler.codec.ByteToMessageDecoder.decodeRemovalReentryProtection(ByteToMessageDecoder.java:498)
	at io.netty.handler.codec.ByteToMessageDecoder.callDecode(ByteToMessageDecoder.java:437)
	... 17 more
2020-06-22 14:22:44,187 [myid:] - WARN  [nioEventLoopGroup-4-9:NettyServerCnxnFactory$CnxnChannelHandler@273] - Exception caught
io.netty.handler.codec.DecoderException: javax.net.ssl.SSLException: Received fatal alert: certificate_unknown
	at io.netty.handler.codec.ByteToMessageDecoder.callDecode(ByteToMessageDecoder.java:468)
	at io.netty.handler.codec.ByteToMessageDecoder.channelInputClosed(ByteToMessageDecoder.java:401)
	at io.netty.handler.codec.ByteToMessageDecoder.channelInputClosed(ByteToMessageDecoder.java:368)
	at io.netty.handler.codec.ByteToMessageDecoder.channelInactive(ByteToMessageDecoder.java:351)
	at io.netty.handler.ssl.SslHandler.channelInactive(SslHandler.java:1084)
	at io.netty.channel.AbstractChannelHandlerContext.invokeChannelInactive(AbstractChannelHandlerContext.java:262)
	at io.netty.channel.AbstractChannelHandlerContext.invokeChannelInactive(AbstractChannelHandlerContext.java:248)
	at io.netty.channel.AbstractChannelHandlerContext.fireChannelInactive(AbstractChannelHandlerContext.java:241)
	at io.netty.channel.DefaultChannelPipeline$HeadContext.channelInactive(DefaultChannelPipeline.java:1405)
	at io.netty.channel.AbstractChannelHandlerContext.invokeChannelInactive(AbstractChannelHandlerContext.java:262)
	at io.netty.channel.AbstractChannelHandlerContext.invokeChannelInactive(AbstractChannelHandlerContext.java:248)
	at io.netty.channel.DefaultChannelPipeline.fireChannelInactive(DefaultChannelPipeline.java:901)
	at io.netty.channel.AbstractChannel$AbstractUnsafe$8.run(AbstractChannel.java:818)
	at io.netty.util.concurrent.AbstractEventExecutor.safeExecute(AbstractEventExecutor.java:164)
	at io.netty.util.concurrent.SingleThreadEventExecutor.runAllTasks(SingleThreadEventExecutor.java:472)
	at io.netty.channel.nio.NioEventLoop.run(NioEventLoop.java:497)
	at io.netty.util.concurrent.SingleThreadEventExecutor$4.run(SingleThreadEventExecutor.java:989)
	at io.netty.util.internal.ThreadExecutorMap$2.run(ThreadExecutorMap.java:74)
	at io.netty.util.concurrent.FastThreadLocalRunnable.run(FastThreadLocalRunnable.java:30)
	at java.lang.Thread.run(Thread.java:748)
Caused by: javax.net.ssl.SSLException: Received fatal alert: certificate_unknown
	at sun.security.ssl.Alerts.getSSLException(Alerts.java:214)
	at sun.security.ssl.SSLEngineImpl.fatal(SSLEngineImpl.java:1667)
	at sun.security.ssl.SSLEngineImpl.fatal(SSLEngineImpl.java:1635)
	at sun.security.ssl.SSLEngineImpl.recvAlert(SSLEngineImpl.java:1801)
	at sun.security.ssl.SSLEngineImpl.readRecord(SSLEngineImpl.java:1090)
	at sun.security.ssl.SSLEngineImpl.readNetRecord(SSLEngineImpl.java:913)
	at sun.security.ssl.SSLEngineImpl.unwrap(SSLEngineImpl.java:783)
	at javax.net.ssl.SSLEngine.unwrap(SSLEngine.java:626)
	at io.netty.handler.ssl.SslHandler$SslEngineType$3.unwrap(SslHandler.java:281)
	at io.netty.handler.ssl.SslHandler.unwrap(SslHandler.java:1340)
	at io.netty.handler.ssl.SslHandler.decodeJdkCompatible(SslHandler.java:1235)
	at io.netty.handler.ssl.SslHandler.decode(SslHandler.java:1282)
	at io.netty.handler.codec.ByteToMessageDecoder.decodeRemovalReentryProtection(ByteToMessageDecoder.java:498)
	at io.netty.handler.codec.ByteToMessageDecoder.callDecode(ByteToMessageDecoder.java:437)
	... 19 more
2020-06-22 14:22:44,436 [myid:] - INFO  [main:FourLetterWordMain@93] - connecting to 127.0.0.1 21995
2020-06-22 14:22:44,436 [myid:] - INFO  [main:FourLetterWordMain@99] - using secure socket
2020-06-22 14:22:44,442 [myid:] - ERROR [main:ZKTrustManager@161] - Failed to verify host address: 127.0.0.1
javax.net.ssl.SSLPeerUnverifiedException: Certificate for <127.0.0.1> doesn't match common name of the certificate subject: localhost
	at org.apache.zookeeper.common.ZKHostnameVerifier.matchCN(ZKHostnameVerifier.java:238)
	at org.apache.zookeeper.common.ZKHostnameVerifier.verify(ZKHostnameVerifier.java:184)
	at org.apache.zookeeper.common.ZKTrustManager.performHostVerification(ZKTrustManager.java:151)
	at org.apache.zookeeper.common.ZKTrustManager.checkServerTrusted(ZKTrustManager.java:90)
	at sun.security.ssl.ClientHandshaker.serverCertificate(ClientHandshaker.java:1670)
	at sun.security.ssl.ClientHandshaker.processMessage(ClientHandshaker.java:226)
	at sun.security.ssl.Handshaker.processLoop(Handshaker.java:1082)
	at sun.security.ssl.Handshaker.process_record(Handshaker.java:1010)
	at sun.security.ssl.SSLSocketImpl.readRecord(SSLSocketImpl.java:1079)
	at sun.security.ssl.SSLSocketImpl.performInitialHandshake(SSLSocketImpl.java:1388)
	at sun.security.ssl.SSLSocketImpl.startHandshake(SSLSocketImpl.java:1416)
	at sun.security.ssl.SSLSocketImpl.startHandshake(SSLSocketImpl.java:1400)
	at org.apache.zookeeper.client.FourLetterWordMain.send4LetterWord(FourLetterWordMain.java:105)
	at org.apache.zookeeper.client.FourLetterWordMain.send4LetterWord(FourLetterWordMain.java:73)
	at org.apache.zookeeper.test.ClientBase.waitForServerUp(ClientBase.java:261)
	at org.apache.zookeeper.test.ClientBase.startServerInstance(ClientBase.java:401)
	at org.apache.zookeeper.test.ClientBase.startServer(ClientBase.java:516)
	at org.apache.zookeeper.test.ClientBase.setUpWithServerId(ClientBase.java:499)
	at org.apache.zookeeper.test.ClientBase.setUp(ClientBase.java:474)
	at org.apache.zookeeper.test.SaslDigestAuthOverSSLTest.setUp(SaslDigestAuthOverSSLTest.java:62)
	at sun.reflect.NativeMethodAccessorImpl.invoke0(Native Method)
	at sun.reflect.NativeMethodAccessorImpl.invoke(NativeMethodAccessorImpl.java:62)
	at sun.reflect.DelegatingMethodAccessorImpl.invoke(DelegatingMethodAccessorImpl.java:43)
	at java.lang.reflect.Method.invoke(Method.java:498)
	at org.junit.runners.model.FrameworkMethod$1.runReflectiveCall(FrameworkMethod.java:50)
	at org.junit.internal.runners.model.ReflectiveCallable.run(ReflectiveCallable.java:12)
	at org.junit.runners.model.FrameworkMethod.invokeExplosively(FrameworkMethod.java:47)
	at mockit.integration.junit4.JUnit4TestRunnerDecorator.invokeExplosively(JUnit4TestRunnerDecorator.java:49)
	at mockit.integration.junit4.FakeFrameworkMethod.invokeExplosively(FakeFrameworkMethod.java:29)
	at org.junit.runners.model.FrameworkMethod.invokeExplosively(FrameworkMethod.java)
	at org.junit.internal.runners.statements.RunBefores.evaluate(RunBefores.java:24)
	at org.junit.internal.runners.statements.RunAfters.evaluate(RunAfters.java:27)
	at org.junit.rules.TestWatcher$1.evaluate(TestWatcher.java:55)
	at org.junit.rules.RunRules.evaluate(RunRules.java:20)
	at org.junit.runners.ParentRunner.runLeaf(ParentRunner.java:325)
	at org.junit.runners.BlockJUnit4ClassRunner.runChild(BlockJUnit4ClassRunner.java:78)
	at org.junit.runners.BlockJUnit4ClassRunner.runChild(BlockJUnit4ClassRunner.java:57)
	at org.junit.runners.ParentRunner$3.run(ParentRunner.java:290)
	at org.junit.runners.ParentRunner$1.schedule(ParentRunner.java:71)
	at org.junit.runners.ParentRunner.runChildren(ParentRunner.java:288)
	at org.junit.runners.ParentRunner.access$000(ParentRunner.java:58)
	at org.junit.runners.ParentRunner$2.evaluate(ParentRunner.java:268)
	at org.junit.internal.runners.statements.RunBefores.evaluate(RunBefores.java:26)
	at org.junit.runners.ParentRunner.run(ParentRunner.java:363)
	at org.apache.maven.surefire.junit4.JUnit4Provider.execute(JUnit4Provider.java:365)
	at org.apache.maven.surefire.junit4.JUnit4Provider.executeWithRerun(JUnit4Provider.java:273)
	at org.apache.maven.surefire.junit4.JUnit4Provider.executeTestSet(JUnit4Provider.java:238)
	at org.apache.maven.surefire.junit4.JUnit4Provider.invoke(JUnit4Provider.java:159)
	at org.apache.maven.surefire.booter.ForkedBooter.invokeProviderInSameClassLoader(ForkedBooter.java:384)
	at org.apache.maven.surefire.booter.ForkedBooter.runSuitesInProcess(ForkedBooter.java:345)
	at org.apache.maven.surefire.booter.ForkedBooter.execute(ForkedBooter.java:126)
	at org.apache.maven.surefire.booter.ForkedBooter.main(ForkedBooter.java:418)
2020-06-22 14:22:44,443 [myid:] - ERROR [main:ZKTrustManager@162] - Failed to verify hostname: activate.navicat.com
javax.net.ssl.SSLPeerUnverifiedException: Certificate for <activate.navicat.com> doesn't match common name of the certificate subject: localhost
	at org.apache.zookeeper.common.ZKHostnameVerifier.matchCN(ZKHostnameVerifier.java:238)
	at org.apache.zookeeper.common.ZKHostnameVerifier.verify(ZKHostnameVerifier.java:184)
	at org.apache.zookeeper.common.ZKTrustManager.performHostVerification(ZKTrustManager.java:159)
	at org.apache.zookeeper.common.ZKTrustManager.checkServerTrusted(ZKTrustManager.java:90)
	at sun.security.ssl.ClientHandshaker.serverCertificate(ClientHandshaker.java:1670)
	at sun.security.ssl.ClientHandshaker.processMessage(ClientHandshaker.java:226)
	at sun.security.ssl.Handshaker.processLoop(Handshaker.java:1082)
	at sun.security.ssl.Handshaker.process_record(Handshaker.java:1010)
	at sun.security.ssl.SSLSocketImpl.readRecord(SSLSocketImpl.java:1079)
	at sun.security.ssl.SSLSocketImpl.performInitialHandshake(SSLSocketImpl.java:1388)
	at sun.security.ssl.SSLSocketImpl.startHandshake(SSLSocketImpl.java:1416)
	at sun.security.ssl.SSLSocketImpl.startHandshake(SSLSocketImpl.java:1400)
	at org.apache.zookeeper.client.FourLetterWordMain.send4LetterWord(FourLetterWordMain.java:105)
	at org.apache.zookeeper.client.FourLetterWordMain.send4LetterWord(FourLetterWordMain.java:73)
	at org.apache.zookeeper.test.ClientBase.waitForServerUp(ClientBase.java:261)
	at org.apache.zookeeper.test.ClientBase.startServerInstance(ClientBase.java:401)
	at org.apache.zookeeper.test.ClientBase.startServer(ClientBase.java:516)
	at org.apache.zookeeper.test.ClientBase.setUpWithServerId(ClientBase.java:499)
	at org.apache.zookeeper.test.ClientBase.setUp(ClientBase.java:474)
	at org.apache.zookeeper.test.SaslDigestAuthOverSSLTest.setUp(SaslDigestAuthOverSSLTest.java:62)
	at sun.reflect.NativeMethodAccessorImpl.invoke0(Native Method)
	at sun.reflect.NativeMethodAccessorImpl.invoke(NativeMethodAccessorImpl.java:62)
	at sun.reflect.DelegatingMethodAccessorImpl.invoke(DelegatingMethodAccessorImpl.java:43)
	at java.lang.reflect.Method.invoke(Method.java:498)
	at org.junit.runners.model.FrameworkMethod$1.runReflectiveCall(FrameworkMethod.java:50)
	at org.junit.internal.runners.model.ReflectiveCallable.run(ReflectiveCallable.java:12)
	at org.junit.runners.model.FrameworkMethod.invokeExplosively(FrameworkMethod.java:47)
	at mockit.integration.junit4.JUnit4TestRunnerDecorator.invokeExplosively(JUnit4TestRunnerDecorator.java:49)
	at mockit.integration.junit4.FakeFrameworkMethod.invokeExplosively(FakeFrameworkMethod.java:29)
	at org.junit.runners.model.FrameworkMethod.invokeExplosively(FrameworkMethod.java)
	at org.junit.internal.runners.statements.RunBefores.evaluate(RunBefores.java:24)
	at org.junit.internal.runners.statements.RunAfters.evaluate(RunAfters.java:27)
	at org.junit.rules.TestWatcher$1.evaluate(TestWatcher.java:55)
	at org.junit.rules.RunRules.evaluate(RunRules.java:20)
	at org.junit.runners.ParentRunner.runLeaf(ParentRunner.java:325)
	at org.junit.runners.BlockJUnit4ClassRunner.runChild(BlockJUnit4ClassRunner.java:78)
	at org.junit.runners.BlockJUnit4ClassRunner.runChild(BlockJUnit4ClassRunner.java:57)
	at org.junit.runners.ParentRunner$3.run(ParentRunner.java:290)
	at org.junit.runners.ParentRunner$1.schedule(ParentRunner.java:71)
	at org.junit.runners.ParentRunner.runChildren(ParentRunner.java:288)
	at org.junit.runners.ParentRunner.access$000(ParentRunner.java:58)
	at org.junit.runners.ParentRunner$2.evaluate(ParentRunner.java:268)
	at org.junit.internal.runners.statements.RunBefores.evaluate(RunBefores.java:26)
	at org.junit.runners.ParentRunner.run(ParentRunner.java:363)
	at org.apache.maven.surefire.junit4.JUnit4Provider.execute(JUnit4Provider.java:365)
	at org.apache.maven.surefire.junit4.JUnit4Provider.executeWithRerun(JUnit4Provider.java:273)
	at org.apache.maven.surefire.junit4.JUnit4Provider.executeTestSet(JUnit4Provider.java:238)
	at org.apache.maven.surefire.junit4.JUnit4Provider.invoke(JUnit4Provider.java:159)
	at org.apache.maven.surefire.booter.ForkedBooter.invokeProviderInSameClassLoader(ForkedBooter.java:384)
	at org.apache.maven.surefire.booter.ForkedBooter.runSuitesInProcess(ForkedBooter.java:345)
	at org.apache.maven.surefire.booter.ForkedBooter.execute(ForkedBooter.java:126)
	at org.apache.maven.surefire.booter.ForkedBooter.main(ForkedBooter.java:418)
2020-06-22 14:22:44,443 [myid:] - INFO  [main:ClientBase@270] - server 127.0.0.1:21995 not up
javax.net.ssl.SSLHandshakeException: java.security.cert.CertificateException: Failed to verify both host address and host name
	at sun.security.ssl.Alerts.getSSLException(Alerts.java:198)
	at sun.security.ssl.SSLSocketImpl.fatal(SSLSocketImpl.java:1967)
	at sun.security.ssl.Handshaker.fatalSE(Handshaker.java:331)
	at sun.security.ssl.Handshaker.fatalSE(Handshaker.java:325)
	at sun.security.ssl.ClientHandshaker.serverCertificate(ClientHandshaker.java:1688)
	at sun.security.ssl.ClientHandshaker.processMessage(ClientHandshaker.java:226)
	at sun.security.ssl.Handshaker.processLoop(Handshaker.java:1082)
	at sun.security.ssl.Handshaker.process_record(Handshaker.java:1010)
	at sun.security.ssl.SSLSocketImpl.readRecord(SSLSocketImpl.java:1079)
	at sun.security.ssl.SSLSocketImpl.performInitialHandshake(SSLSocketImpl.java:1388)
	at sun.security.ssl.SSLSocketImpl.startHandshake(SSLSocketImpl.java:1416)
	at sun.security.ssl.SSLSocketImpl.startHandshake(SSLSocketImpl.java:1400)
	at org.apache.zookeeper.client.FourLetterWordMain.send4LetterWord(FourLetterWordMain.java:105)
	at org.apache.zookeeper.client.FourLetterWordMain.send4LetterWord(FourLetterWordMain.java:73)
	at org.apache.zookeeper.test.ClientBase.waitForServerUp(ClientBase.java:261)
	at org.apache.zookeeper.test.ClientBase.startServerInstance(ClientBase.java:401)
	at org.apache.zookeeper.test.ClientBase.startServer(ClientBase.java:516)
	at org.apache.zookeeper.test.ClientBase.setUpWithServerId(ClientBase.java:499)
	at org.apache.zookeeper.test.ClientBase.setUp(ClientBase.java:474)
	at org.apache.zookeeper.test.SaslDigestAuthOverSSLTest.setUp(SaslDigestAuthOverSSLTest.java:62)
	at sun.reflect.NativeMethodAccessorImpl.invoke0(Native Method)
	at sun.reflect.NativeMethodAccessorImpl.invoke(NativeMethodAccessorImpl.java:62)
	at sun.reflect.DelegatingMethodAccessorImpl.invoke(DelegatingMethodAccessorImpl.java:43)
	at java.lang.reflect.Method.invoke(Method.java:498)
	at org.junit.runners.model.FrameworkMethod$1.runReflectiveCall(FrameworkMethod.java:50)
	at org.junit.internal.runners.model.ReflectiveCallable.run(ReflectiveCallable.java:12)
	at org.junit.runners.model.FrameworkMethod.invokeExplosively(FrameworkMethod.java:47)
	at mockit.integration.junit4.JUnit4TestRunnerDecorator.invokeExplosively(JUnit4TestRunnerDecorator.java:49)
	at mockit.integration.junit4.FakeFrameworkMethod.invokeExplosively(FakeFrameworkMethod.java:29)
	at org.junit.runners.model.FrameworkMethod.invokeExplosively(FrameworkMethod.java)
	at org.junit.internal.runners.statements.RunBefores.evaluate(RunBefores.java:24)
	at org.junit.internal.runners.statements.RunAfters.evaluate(RunAfters.java:27)
	at org.junit.rules.TestWatcher$1.evaluate(TestWatcher.java:55)
	at org.junit.rules.RunRules.evaluate(RunRules.java:20)
	at org.junit.runners.ParentRunner.runLeaf(ParentRunner.java:325)
	at org.junit.runners.BlockJUnit4ClassRunner.runChild(BlockJUnit4ClassRunner.java:78)
	at org.junit.runners.BlockJUnit4ClassRunner.runChild(BlockJUnit4ClassRunner.java:57)
	at org.junit.runners.ParentRunner$3.run(ParentRunner.java:290)
	at org.junit.runners.ParentRunner$1.schedule(ParentRunner.java:71)
	at org.junit.runners.ParentRunner.runChildren(ParentRunner.java:288)
	at org.junit.runners.ParentRunner.access$000(ParentRunner.java:58)
	at org.junit.runners.ParentRunner$2.evaluate(ParentRunner.java:268)
	at org.junit.internal.runners.statements.RunBefores.evaluate(RunBefores.java:26)
	at org.junit.runners.ParentRunner.run(ParentRunner.java:363)
	at org.apache.maven.surefire.junit4.JUnit4Provider.execute(JUnit4Provider.java:365)
	at org.apache.maven.surefire.junit4.JUnit4Provider.executeWithRerun(JUnit4Provider.java:273)
	at org.apache.maven.surefire.junit4.JUnit4Provider.executeTestSet(JUnit4Provider.java:238)
	at org.apache.maven.surefire.junit4.JUnit4Provider.invoke(JUnit4Provider.java:159)
	at org.apache.maven.surefire.booter.ForkedBooter.invokeProviderInSameClassLoader(ForkedBooter.java:384)
	at org.apache.maven.surefire.booter.ForkedBooter.runSuitesInProcess(ForkedBooter.java:345)
	at org.apache.maven.surefire.booter.ForkedBooter.execute(ForkedBooter.java:126)
	at org.apache.maven.surefire.booter.ForkedBooter.main(ForkedBooter.java:418)
Caused by: java.security.cert.CertificateException: Failed to verify both host address and host name
	at org.apache.zookeeper.common.ZKTrustManager.performHostVerification(ZKTrustManager.java:163)
	at org.apache.zookeeper.common.ZKTrustManager.checkServerTrusted(ZKTrustManager.java:90)
	at sun.security.ssl.ClientHandshaker.serverCertificate(ClientHandshaker.java:1670)
	... 47 more
Caused by: javax.net.ssl.SSLPeerUnverifiedException: Certificate for <activate.navicat.com> doesn't match common name of the certificate subject: localhost
	at org.apache.zookeeper.common.ZKHostnameVerifier.matchCN(ZKHostnameVerifier.java:238)
	at org.apache.zookeeper.common.ZKHostnameVerifier.verify(ZKHostnameVerifier.java:184)
	at org.apache.zookeeper.common.ZKTrustManager.performHostVerification(ZKTrustManager.java:159)
	... 49 more
2020-06-22 14:22:44,443 [myid:] - ERROR [nioEventLoopGroup-4-10:NettyServerCnxnFactory$CertificateVerifier@434] - Unsuccessful handshake with session 0x0
2020-06-22 14:22:44,444 [myid:] - WARN  [nioEventLoopGroup-4-10:NettyServerCnxnFactory$CnxnChannelHandler@273] - Exception caught
io.netty.handler.codec.DecoderException: javax.net.ssl.SSLException: Received fatal alert: certificate_unknown
	at io.netty.handler.codec.ByteToMessageDecoder.callDecode(ByteToMessageDecoder.java:468)
	at io.netty.handler.codec.ByteToMessageDecoder.channelRead(ByteToMessageDecoder.java:276)
	at io.netty.channel.AbstractChannelHandlerContext.invokeChannelRead(AbstractChannelHandlerContext.java:379)
	at io.netty.channel.AbstractChannelHandlerContext.invokeChannelRead(AbstractChannelHandlerContext.java:365)
	at io.netty.channel.AbstractChannelHandlerContext.fireChannelRead(AbstractChannelHandlerContext.java:357)
	at io.netty.channel.DefaultChannelPipeline$HeadContext.channelRead(DefaultChannelPipeline.java:1410)
	at io.netty.channel.AbstractChannelHandlerContext.invokeChannelRead(AbstractChannelHandlerContext.java:379)
	at io.netty.channel.AbstractChannelHandlerContext.invokeChannelRead(AbstractChannelHandlerContext.java:365)
	at io.netty.channel.DefaultChannelPipeline.fireChannelRead(DefaultChannelPipeline.java:919)
	at io.netty.channel.nio.AbstractNioByteChannel$NioByteUnsafe.read(AbstractNioByteChannel.java:163)
	at io.netty.channel.nio.NioEventLoop.processSelectedKey(NioEventLoop.java:714)
	at io.netty.channel.nio.NioEventLoop.processSelectedKeysOptimized(NioEventLoop.java:650)
	at io.netty.channel.nio.NioEventLoop.processSelectedKeys(NioEventLoop.java:576)
	at io.netty.channel.nio.NioEventLoop.run(NioEventLoop.java:493)
	at io.netty.util.concurrent.SingleThreadEventExecutor$4.run(SingleThreadEventExecutor.java:989)
	at io.netty.util.internal.ThreadExecutorMap$2.run(ThreadExecutorMap.java:74)
	at io.netty.util.concurrent.FastThreadLocalRunnable.run(FastThreadLocalRunnable.java:30)
	at java.lang.Thread.run(Thread.java:748)
Caused by: javax.net.ssl.SSLException: Received fatal alert: certificate_unknown
	at sun.security.ssl.Alerts.getSSLException(Alerts.java:214)
	at sun.security.ssl.SSLEngineImpl.fatal(SSLEngineImpl.java:1667)
	at sun.security.ssl.SSLEngineImpl.fatal(SSLEngineImpl.java:1635)
	at sun.security.ssl.SSLEngineImpl.recvAlert(SSLEngineImpl.java:1801)
	at sun.security.ssl.SSLEngineImpl.readRecord(SSLEngineImpl.java:1090)
	at sun.security.ssl.SSLEngineImpl.readNetRecord(SSLEngineImpl.java:913)
	at sun.security.ssl.SSLEngineImpl.unwrap(SSLEngineImpl.java:783)
	at javax.net.ssl.SSLEngine.unwrap(SSLEngine.java:626)
	at io.netty.handler.ssl.SslHandler$SslEngineType$3.unwrap(SslHandler.java:281)
	at io.netty.handler.ssl.SslHandler.unwrap(SslHandler.java:1340)
	at io.netty.handler.ssl.SslHandler.decodeJdkCompatible(SslHandler.java:1235)
	at io.netty.handler.ssl.SslHandler.decode(SslHandler.java:1282)
	at io.netty.handler.codec.ByteToMessageDecoder.decodeRemovalReentryProtection(ByteToMessageDecoder.java:498)
	at io.netty.handler.codec.ByteToMessageDecoder.callDecode(ByteToMessageDecoder.java:437)
	... 17 more
2020-06-22 14:22:44,444 [myid:] - WARN  [nioEventLoopGroup-4-10:NettyServerCnxnFactory$CnxnChannelHandler@273] - Exception caught
io.netty.handler.codec.DecoderException: javax.net.ssl.SSLException: Received fatal alert: certificate_unknown
	at io.netty.handler.codec.ByteToMessageDecoder.callDecode(ByteToMessageDecoder.java:468)
	at io.netty.handler.codec.ByteToMessageDecoder.channelInputClosed(ByteToMessageDecoder.java:401)
	at io.netty.handler.codec.ByteToMessageDecoder.channelInputClosed(ByteToMessageDecoder.java:368)
	at io.netty.handler.codec.ByteToMessageDecoder.channelInactive(ByteToMessageDecoder.java:351)
	at io.netty.handler.ssl.SslHandler.channelInactive(SslHandler.java:1084)
	at io.netty.channel.AbstractChannelHandlerContext.invokeChannelInactive(AbstractChannelHandlerContext.java:262)
	at io.netty.channel.AbstractChannelHandlerContext.invokeChannelInactive(AbstractChannelHandlerContext.java:248)
	at io.netty.channel.AbstractChannelHandlerContext.fireChannelInactive(AbstractChannelHandlerContext.java:241)
	at io.netty.channel.DefaultChannelPipeline$HeadContext.channelInactive(DefaultChannelPipeline.java:1405)
	at io.netty.channel.AbstractChannelHandlerContext.invokeChannelInactive(AbstractChannelHandlerContext.java:262)
	at io.netty.channel.AbstractChannelHandlerContext.invokeChannelInactive(AbstractChannelHandlerContext.java:248)
	at io.netty.channel.DefaultChannelPipeline.fireChannelInactive(DefaultChannelPipeline.java:901)
	at io.netty.channel.AbstractChannel$AbstractUnsafe$8.run(AbstractChannel.java:818)
	at io.netty.util.concurrent.AbstractEventExecutor.safeExecute(AbstractEventExecutor.java:164)
	at io.netty.util.concurrent.SingleThreadEventExecutor.runAllTasks(SingleThreadEventExecutor.java:472)
	at io.netty.channel.nio.NioEventLoop.run(NioEventLoop.java:497)
	at io.netty.util.concurrent.SingleThreadEventExecutor$4.run(SingleThreadEventExecutor.java:989)
	at io.netty.util.internal.ThreadExecutorMap$2.run(ThreadExecutorMap.java:74)
	at io.netty.util.concurrent.FastThreadLocalRunnable.run(FastThreadLocalRunnable.java:30)
	at java.lang.Thread.run(Thread.java:748)
Caused by: javax.net.ssl.SSLException: Received fatal alert: certificate_unknown
	at sun.security.ssl.Alerts.getSSLException(Alerts.java:214)
	at sun.security.ssl.SSLEngineImpl.fatal(SSLEngineImpl.java:1667)
	at sun.security.ssl.SSLEngineImpl.fatal(SSLEngineImpl.java:1635)
	at sun.security.ssl.SSLEngineImpl.recvAlert(SSLEngineImpl.java:1801)
	at sun.security.ssl.SSLEngineImpl.readRecord(SSLEngineImpl.java:1090)
	at sun.security.ssl.SSLEngineImpl.readNetRecord(SSLEngineImpl.java:913)
	at sun.security.ssl.SSLEngineImpl.unwrap(SSLEngineImpl.java:783)
	at javax.net.ssl.SSLEngine.unwrap(SSLEngine.java:626)
	at io.netty.handler.ssl.SslHandler$SslEngineType$3.unwrap(SslHandler.java:281)
	at io.netty.handler.ssl.SslHandler.unwrap(SslHandler.java:1340)
	at io.netty.handler.ssl.SslHandler.decodeJdkCompatible(SslHandler.java:1235)
	at io.netty.handler.ssl.SslHandler.decode(SslHandler.java:1282)
	at io.netty.handler.codec.ByteToMessageDecoder.decodeRemovalReentryProtection(ByteToMessageDecoder.java:498)
	at io.netty.handler.codec.ByteToMessageDecoder.callDecode(ByteToMessageDecoder.java:437)
	... 19 more
2020-06-22 14:22:44,694 [myid:] - INFO  [main:FourLetterWordMain@93] - connecting to 127.0.0.1 21995
2020-06-22 14:22:44,694 [myid:] - INFO  [main:FourLetterWordMain@99] - using secure socket
2020-06-22 14:22:44,703 [myid:] - ERROR [main:ZKTrustManager@161] - Failed to verify host address: 127.0.0.1
javax.net.ssl.SSLPeerUnverifiedException: Certificate for <127.0.0.1> doesn't match common name of the certificate subject: localhost
	at org.apache.zookeeper.common.ZKHostnameVerifier.matchCN(ZKHostnameVerifier.java:238)
	at org.apache.zookeeper.common.ZKHostnameVerifier.verify(ZKHostnameVerifier.java:184)
	at org.apache.zookeeper.common.ZKTrustManager.performHostVerification(ZKTrustManager.java:151)
	at org.apache.zookeeper.common.ZKTrustManager.checkServerTrusted(ZKTrustManager.java:90)
	at sun.security.ssl.ClientHandshaker.serverCertificate(ClientHandshaker.java:1670)
	at sun.security.ssl.ClientHandshaker.processMessage(ClientHandshaker.java:226)
	at sun.security.ssl.Handshaker.processLoop(Handshaker.java:1082)
	at sun.security.ssl.Handshaker.process_record(Handshaker.java:1010)
	at sun.security.ssl.SSLSocketImpl.readRecord(SSLSocketImpl.java:1079)
	at sun.security.ssl.SSLSocketImpl.performInitialHandshake(SSLSocketImpl.java:1388)
	at sun.security.ssl.SSLSocketImpl.startHandshake(SSLSocketImpl.java:1416)
	at sun.security.ssl.SSLSocketImpl.startHandshake(SSLSocketImpl.java:1400)
	at org.apache.zookeeper.client.FourLetterWordMain.send4LetterWord(FourLetterWordMain.java:105)
	at org.apache.zookeeper.client.FourLetterWordMain.send4LetterWord(FourLetterWordMain.java:73)
	at org.apache.zookeeper.test.ClientBase.waitForServerUp(ClientBase.java:261)
	at org.apache.zookeeper.test.ClientBase.startServerInstance(ClientBase.java:401)
	at org.apache.zookeeper.test.ClientBase.startServer(ClientBase.java:516)
	at org.apache.zookeeper.test.ClientBase.setUpWithServerId(ClientBase.java:499)
	at org.apache.zookeeper.test.ClientBase.setUp(ClientBase.java:474)
	at org.apache.zookeeper.test.SaslDigestAuthOverSSLTest.setUp(SaslDigestAuthOverSSLTest.java:62)
	at sun.reflect.NativeMethodAccessorImpl.invoke0(Native Method)
	at sun.reflect.NativeMethodAccessorImpl.invoke(NativeMethodAccessorImpl.java:62)
	at sun.reflect.DelegatingMethodAccessorImpl.invoke(DelegatingMethodAccessorImpl.java:43)
	at java.lang.reflect.Method.invoke(Method.java:498)
	at org.junit.runners.model.FrameworkMethod$1.runReflectiveCall(FrameworkMethod.java:50)
	at org.junit.internal.runners.model.ReflectiveCallable.run(ReflectiveCallable.java:12)
	at org.junit.runners.model.FrameworkMethod.invokeExplosively(FrameworkMethod.java:47)
	at mockit.integration.junit4.JUnit4TestRunnerDecorator.invokeExplosively(JUnit4TestRunnerDecorator.java:49)
	at mockit.integration.junit4.FakeFrameworkMethod.invokeExplosively(FakeFrameworkMethod.java:29)
	at org.junit.runners.model.FrameworkMethod.invokeExplosively(FrameworkMethod.java)
	at org.junit.internal.runners.statements.RunBefores.evaluate(RunBefores.java:24)
	at org.junit.internal.runners.statements.RunAfters.evaluate(RunAfters.java:27)
	at org.junit.rules.TestWatcher$1.evaluate(TestWatcher.java:55)
	at org.junit.rules.RunRules.evaluate(RunRules.java:20)
	at org.junit.runners.ParentRunner.runLeaf(ParentRunner.java:325)
	at org.junit.runners.BlockJUnit4ClassRunner.runChild(BlockJUnit4ClassRunner.java:78)
	at org.junit.runners.BlockJUnit4ClassRunner.runChild(BlockJUnit4ClassRunner.java:57)
	at org.junit.runners.ParentRunner$3.run(ParentRunner.java:290)
	at org.junit.runners.ParentRunner$1.schedule(ParentRunner.java:71)
	at org.junit.runners.ParentRunner.runChildren(ParentRunner.java:288)
	at org.junit.runners.ParentRunner.access$000(ParentRunner.java:58)
	at org.junit.runners.ParentRunner$2.evaluate(ParentRunner.java:268)
	at org.junit.internal.runners.statements.RunBefores.evaluate(RunBefores.java:26)
	at org.junit.runners.ParentRunner.run(ParentRunner.java:363)
	at org.apache.maven.surefire.junit4.JUnit4Provider.execute(JUnit4Provider.java:365)
	at org.apache.maven.surefire.junit4.JUnit4Provider.executeWithRerun(JUnit4Provider.java:273)
	at org.apache.maven.surefire.junit4.JUnit4Provider.executeTestSet(JUnit4Provider.java:238)
	at org.apache.maven.surefire.junit4.JUnit4Provider.invoke(JUnit4Provider.java:159)
	at org.apache.maven.surefire.booter.ForkedBooter.invokeProviderInSameClassLoader(ForkedBooter.java:384)
	at org.apache.maven.surefire.booter.ForkedBooter.runSuitesInProcess(ForkedBooter.java:345)
	at org.apache.maven.surefire.booter.ForkedBooter.execute(ForkedBooter.java:126)
	at org.apache.maven.surefire.booter.ForkedBooter.main(ForkedBooter.java:418)
2020-06-22 14:22:44,703 [myid:] - ERROR [main:ZKTrustManager@162] - Failed to verify hostname: activate.navicat.com
javax.net.ssl.SSLPeerUnverifiedException: Certificate for <activate.navicat.com> doesn't match common name of the certificate subject: localhost
	at org.apache.zookeeper.common.ZKHostnameVerifier.matchCN(ZKHostnameVerifier.java:238)
	at org.apache.zookeeper.common.ZKHostnameVerifier.verify(ZKHostnameVerifier.java:184)
	at org.apache.zookeeper.common.ZKTrustManager.performHostVerification(ZKTrustManager.java:159)
	at org.apache.zookeeper.common.ZKTrustManager.checkServerTrusted(ZKTrustManager.java:90)
	at sun.security.ssl.ClientHandshaker.serverCertificate(ClientHandshaker.java:1670)
	at sun.security.ssl.ClientHandshaker.processMessage(ClientHandshaker.java:226)
	at sun.security.ssl.Handshaker.processLoop(Handshaker.java:1082)
	at sun.security.ssl.Handshaker.process_record(Handshaker.java:1010)
	at sun.security.ssl.SSLSocketImpl.readRecord(SSLSocketImpl.java:1079)
	at sun.security.ssl.SSLSocketImpl.performInitialHandshake(SSLSocketImpl.java:1388)
	at sun.security.ssl.SSLSocketImpl.startHandshake(SSLSocketImpl.java:1416)
	at sun.security.ssl.SSLSocketImpl.startHandshake(SSLSocketImpl.java:1400)
	at org.apache.zookeeper.client.FourLetterWordMain.send4LetterWord(FourLetterWordMain.java:105)
	at org.apache.zookeeper.client.FourLetterWordMain.send4LetterWord(FourLetterWordMain.java:73)
	at org.apache.zookeeper.test.ClientBase.waitForServerUp(ClientBase.java:261)
	at org.apache.zookeeper.test.ClientBase.startServerInstance(ClientBase.java:401)
	at org.apache.zookeeper.test.ClientBase.startServer(ClientBase.java:516)
	at org.apache.zookeeper.test.ClientBase.setUpWithServerId(ClientBase.java:499)
	at org.apache.zookeeper.test.ClientBase.setUp(ClientBase.java:474)
	at org.apache.zookeeper.test.SaslDigestAuthOverSSLTest.setUp(SaslDigestAuthOverSSLTest.java:62)
	at sun.reflect.NativeMethodAccessorImpl.invoke0(Native Method)
	at sun.reflect.NativeMethodAccessorImpl.invoke(NativeMethodAccessorImpl.java:62)
	at sun.reflect.DelegatingMethodAccessorImpl.invoke(DelegatingMethodAccessorImpl.java:43)
	at java.lang.reflect.Method.invoke(Method.java:498)
	at org.junit.runners.model.FrameworkMethod$1.runReflectiveCall(FrameworkMethod.java:50)
	at org.junit.internal.runners.model.ReflectiveCallable.run(ReflectiveCallable.java:12)
	at org.junit.runners.model.FrameworkMethod.invokeExplosively(FrameworkMethod.java:47)
	at mockit.integration.junit4.JUnit4TestRunnerDecorator.invokeExplosively(JUnit4TestRunnerDecorator.java:49)
	at mockit.integration.junit4.FakeFrameworkMethod.invokeExplosively(FakeFrameworkMethod.java:29)
	at org.junit.runners.model.FrameworkMethod.invokeExplosively(FrameworkMethod.java)
	at org.junit.internal.runners.statements.RunBefores.evaluate(RunBefores.java:24)
	at org.junit.internal.runners.statements.RunAfters.evaluate(RunAfters.java:27)
	at org.junit.rules.TestWatcher$1.evaluate(TestWatcher.java:55)
	at org.junit.rules.RunRules.evaluate(RunRules.java:20)
	at org.junit.runners.ParentRunner.runLeaf(ParentRunner.java:325)
	at org.junit.runners.BlockJUnit4ClassRunner.runChild(BlockJUnit4ClassRunner.java:78)
	at org.junit.runners.BlockJUnit4ClassRunner.runChild(BlockJUnit4ClassRunner.java:57)
	at org.junit.runners.ParentRunner$3.run(ParentRunner.java:290)
	at org.junit.runners.ParentRunner$1.schedule(ParentRunner.java:71)
	at org.junit.runners.ParentRunner.runChildren(ParentRunner.java:288)
	at org.junit.runners.ParentRunner.access$000(ParentRunner.java:58)
	at org.junit.runners.ParentRunner$2.evaluate(ParentRunner.java:268)
	at org.junit.internal.runners.statements.RunBefores.evaluate(RunBefores.java:26)
	at org.junit.runners.ParentRunner.run(ParentRunner.java:363)
	at org.apache.maven.surefire.junit4.JUnit4Provider.execute(JUnit4Provider.java:365)
	at org.apache.maven.surefire.junit4.JUnit4Provider.executeWithRerun(JUnit4Provider.java:273)
	at org.apache.maven.surefire.junit4.JUnit4Provider.executeTestSet(JUnit4Provider.java:238)
	at org.apache.maven.surefire.junit4.JUnit4Provider.invoke(JUnit4Provider.java:159)
	at org.apache.maven.surefire.booter.ForkedBooter.invokeProviderInSameClassLoader(ForkedBooter.java:384)
	at org.apache.maven.surefire.booter.ForkedBooter.runSuitesInProcess(ForkedBooter.java:345)
	at org.apache.maven.surefire.booter.ForkedBooter.execute(ForkedBooter.java:126)
	at org.apache.maven.surefire.booter.ForkedBooter.main(ForkedBooter.java:418)
2020-06-22 14:22:44,703 [myid:] - INFO  [main:ClientBase@270] - server 127.0.0.1:21995 not up
javax.net.ssl.SSLHandshakeException: java.security.cert.CertificateException: Failed to verify both host address and host name
	at sun.security.ssl.Alerts.getSSLException(Alerts.java:198)
	at sun.security.ssl.SSLSocketImpl.fatal(SSLSocketImpl.java:1967)
	at sun.security.ssl.Handshaker.fatalSE(Handshaker.java:331)
	at sun.security.ssl.Handshaker.fatalSE(Handshaker.java:325)
	at sun.security.ssl.ClientHandshaker.serverCertificate(ClientHandshaker.java:1688)
	at sun.security.ssl.ClientHandshaker.processMessage(ClientHandshaker.java:226)
	at sun.security.ssl.Handshaker.processLoop(Handshaker.java:1082)
	at sun.security.ssl.Handshaker.process_record(Handshaker.java:1010)
	at sun.security.ssl.SSLSocketImpl.readRecord(SSLSocketImpl.java:1079)
	at sun.security.ssl.SSLSocketImpl.performInitialHandshake(SSLSocketImpl.java:1388)
	at sun.security.ssl.SSLSocketImpl.startHandshake(SSLSocketImpl.java:1416)
	at sun.security.ssl.SSLSocketImpl.startHandshake(SSLSocketImpl.java:1400)
	at org.apache.zookeeper.client.FourLetterWordMain.send4LetterWord(FourLetterWordMain.java:105)
	at org.apache.zookeeper.client.FourLetterWordMain.send4LetterWord(FourLetterWordMain.java:73)
	at org.apache.zookeeper.test.ClientBase.waitForServerUp(ClientBase.java:261)
	at org.apache.zookeeper.test.ClientBase.startServerInstance(ClientBase.java:401)
	at org.apache.zookeeper.test.ClientBase.startServer(ClientBase.java:516)
	at org.apache.zookeeper.test.ClientBase.setUpWithServerId(ClientBase.java:499)
	at org.apache.zookeeper.test.ClientBase.setUp(ClientBase.java:474)
	at org.apache.zookeeper.test.SaslDigestAuthOverSSLTest.setUp(SaslDigestAuthOverSSLTest.java:62)
	at sun.reflect.NativeMethodAccessorImpl.invoke0(Native Method)
	at sun.reflect.NativeMethodAccessorImpl.invoke(NativeMethodAccessorImpl.java:62)
	at sun.reflect.DelegatingMethodAccessorImpl.invoke(DelegatingMethodAccessorImpl.java:43)
	at java.lang.reflect.Method.invoke(Method.java:498)
	at org.junit.runners.model.FrameworkMethod$1.runReflectiveCall(FrameworkMethod.java:50)
	at org.junit.internal.runners.model.ReflectiveCallable.run(ReflectiveCallable.java:12)
	at org.junit.runners.model.FrameworkMethod.invokeExplosively(FrameworkMethod.java:47)
	at mockit.integration.junit4.JUnit4TestRunnerDecorator.invokeExplosively(JUnit4TestRunnerDecorator.java:49)
	at mockit.integration.junit4.FakeFrameworkMethod.invokeExplosively(FakeFrameworkMethod.java:29)
	at org.junit.runners.model.FrameworkMethod.invokeExplosively(FrameworkMethod.java)
	at org.junit.internal.runners.statements.RunBefores.evaluate(RunBefores.java:24)
	at org.junit.internal.runners.statements.RunAfters.evaluate(RunAfters.java:27)
	at org.junit.rules.TestWatcher$1.evaluate(TestWatcher.java:55)
	at org.junit.rules.RunRules.evaluate(RunRules.java:20)
	at org.junit.runners.ParentRunner.runLeaf(ParentRunner.java:325)
	at org.junit.runners.BlockJUnit4ClassRunner.runChild(BlockJUnit4ClassRunner.java:78)
	at org.junit.runners.BlockJUnit4ClassRunner.runChild(BlockJUnit4ClassRunner.java:57)
	at org.junit.runners.ParentRunner$3.run(ParentRunner.java:290)
	at org.junit.runners.ParentRunner$1.schedule(ParentRunner.java:71)
	at org.junit.runners.ParentRunner.runChildren(ParentRunner.java:288)
	at org.junit.runners.ParentRunner.access$000(ParentRunner.java:58)
	at org.junit.runners.ParentRunner$2.evaluate(ParentRunner.java:268)
	at org.junit.internal.runners.statements.RunBefores.evaluate(RunBefores.java:26)
	at org.junit.runners.ParentRunner.run(ParentRunner.java:363)
	at org.apache.maven.surefire.junit4.JUnit4Provider.execute(JUnit4Provider.java:365)
	at org.apache.maven.surefire.junit4.JUnit4Provider.executeWithRerun(JUnit4Provider.java:273)
	at org.apache.maven.surefire.junit4.JUnit4Provider.executeTestSet(JUnit4Provider.java:238)
	at org.apache.maven.surefire.junit4.JUnit4Provider.invoke(JUnit4Provider.java:159)
	at org.apache.maven.surefire.booter.ForkedBooter.invokeProviderInSameClassLoader(ForkedBooter.java:384)
	at org.apache.maven.surefire.booter.ForkedBooter.runSuitesInProcess(ForkedBooter.java:345)
	at org.apache.maven.surefire.booter.ForkedBooter.execute(ForkedBooter.java:126)
	at org.apache.maven.surefire.booter.ForkedBooter.main(ForkedBooter.java:418)
Caused by: java.security.cert.CertificateException: Failed to verify both host address and host name
	at org.apache.zookeeper.common.ZKTrustManager.performHostVerification(ZKTrustManager.java:163)
	at org.apache.zookeeper.common.ZKTrustManager.checkServerTrusted(ZKTrustManager.java:90)
	at sun.security.ssl.ClientHandshaker.serverCertificate(ClientHandshaker.java:1670)
	... 47 more
Caused by: javax.net.ssl.SSLPeerUnverifiedException: Certificate for <activate.navicat.com> doesn't match common name of the certificate subject: localhost
	at org.apache.zookeeper.common.ZKHostnameVerifier.matchCN(ZKHostnameVerifier.java:238)
	at org.apache.zookeeper.common.ZKHostnameVerifier.verify(ZKHostnameVerifier.java:184)
	at org.apache.zookeeper.common.ZKTrustManager.performHostVerification(ZKTrustManager.java:159)
	... 49 more
2020-06-22 14:22:44,704 [myid:] - ERROR [nioEventLoopGroup-4-11:NettyServerCnxnFactory$CertificateVerifier@434] - Unsuccessful handshake with session 0x0
2020-06-22 14:22:44,705 [myid:] - WARN  [nioEventLoopGroup-4-11:NettyServerCnxnFactory$CnxnChannelHandler@273] - Exception caught
io.netty.handler.codec.DecoderException: javax.net.ssl.SSLException: Received fatal alert: certificate_unknown
	at io.netty.handler.codec.ByteToMessageDecoder.callDecode(ByteToMessageDecoder.java:468)
	at io.netty.handler.codec.ByteToMessageDecoder.channelRead(ByteToMessageDecoder.java:276)
	at io.netty.channel.AbstractChannelHandlerContext.invokeChannelRead(AbstractChannelHandlerContext.java:379)
	at io.netty.channel.AbstractChannelHandlerContext.invokeChannelRead(AbstractChannelHandlerContext.java:365)
	at io.netty.channel.AbstractChannelHandlerContext.fireChannelRead(AbstractChannelHandlerContext.java:357)
	at io.netty.channel.DefaultChannelPipeline$HeadContext.channelRead(DefaultChannelPipeline.java:1410)
	at io.netty.channel.AbstractChannelHandlerContext.invokeChannelRead(AbstractChannelHandlerContext.java:379)
	at io.netty.channel.AbstractChannelHandlerContext.invokeChannelRead(AbstractChannelHandlerContext.java:365)
	at io.netty.channel.DefaultChannelPipeline.fireChannelRead(DefaultChannelPipeline.java:919)
	at io.netty.channel.nio.AbstractNioByteChannel$NioByteUnsafe.read(AbstractNioByteChannel.java:163)
	at io.netty.channel.nio.NioEventLoop.processSelectedKey(NioEventLoop.java:714)
	at io.netty.channel.nio.NioEventLoop.processSelectedKeysOptimized(NioEventLoop.java:650)
	at io.netty.channel.nio.NioEventLoop.processSelectedKeys(NioEventLoop.java:576)
	at io.netty.channel.nio.NioEventLoop.run(NioEventLoop.java:493)
	at io.netty.util.concurrent.SingleThreadEventExecutor$4.run(SingleThreadEventExecutor.java:989)
	at io.netty.util.internal.ThreadExecutorMap$2.run(ThreadExecutorMap.java:74)
	at io.netty.util.concurrent.FastThreadLocalRunnable.run(FastThreadLocalRunnable.java:30)
	at java.lang.Thread.run(Thread.java:748)
Caused by: javax.net.ssl.SSLException: Received fatal alert: certificate_unknown
	at sun.security.ssl.Alerts.getSSLException(Alerts.java:214)
	at sun.security.ssl.SSLEngineImpl.fatal(SSLEngineImpl.java:1667)
	at sun.security.ssl.SSLEngineImpl.fatal(SSLEngineImpl.java:1635)
	at sun.security.ssl.SSLEngineImpl.recvAlert(SSLEngineImpl.java:1801)
	at sun.security.ssl.SSLEngineImpl.readRecord(SSLEngineImpl.java:1090)
	at sun.security.ssl.SSLEngineImpl.readNetRecord(SSLEngineImpl.java:913)
	at sun.security.ssl.SSLEngineImpl.unwrap(SSLEngineImpl.java:783)
	at javax.net.ssl.SSLEngine.unwrap(SSLEngine.java:626)
	at io.netty.handler.ssl.SslHandler$SslEngineType$3.unwrap(SslHandler.java:281)
	at io.netty.handler.ssl.SslHandler.unwrap(SslHandler.java:1340)
	at io.netty.handler.ssl.SslHandler.decodeJdkCompatible(SslHandler.java:1235)
	at io.netty.handler.ssl.SslHandler.decode(SslHandler.java:1282)
	at io.netty.handler.codec.ByteToMessageDecoder.decodeRemovalReentryProtection(ByteToMessageDecoder.java:498)
	at io.netty.handler.codec.ByteToMessageDecoder.callDecode(ByteToMessageDecoder.java:437)
	... 17 more
2020-06-22 14:22:44,706 [myid:] - WARN  [nioEventLoopGroup-4-11:NettyServerCnxnFactory$CnxnChannelHandler@273] - Exception caught
io.netty.handler.codec.DecoderException: javax.net.ssl.SSLException: Received fatal alert: certificate_unknown
	at io.netty.handler.codec.ByteToMessageDecoder.callDecode(ByteToMessageDecoder.java:468)
	at io.netty.handler.codec.ByteToMessageDecoder.channelInputClosed(ByteToMessageDecoder.java:401)
	at io.netty.handler.codec.ByteToMessageDecoder.channelInputClosed(ByteToMessageDecoder.java:368)
	at io.netty.handler.codec.ByteToMessageDecoder.channelInactive(ByteToMessageDecoder.java:351)
	at io.netty.handler.ssl.SslHandler.channelInactive(SslHandler.java:1084)
	at io.netty.channel.AbstractChannelHandlerContext.invokeChannelInactive(AbstractChannelHandlerContext.java:262)
	at io.netty.channel.AbstractChannelHandlerContext.invokeChannelInactive(AbstractChannelHandlerContext.java:248)
	at io.netty.channel.AbstractChannelHandlerContext.fireChannelInactive(AbstractChannelHandlerContext.java:241)
	at io.netty.channel.DefaultChannelPipeline$HeadContext.channelInactive(DefaultChannelPipeline.java:1405)
	at io.netty.channel.AbstractChannelHandlerContext.invokeChannelInactive(AbstractChannelHandlerContext.java:262)
	at io.netty.channel.AbstractChannelHandlerContext.invokeChannelInactive(AbstractChannelHandlerContext.java:248)
	at io.netty.channel.DefaultChannelPipeline.fireChannelInactive(DefaultChannelPipeline.java:901)
	at io.netty.channel.AbstractChannel$AbstractUnsafe$8.run(AbstractChannel.java:818)
	at io.netty.util.concurrent.AbstractEventExecutor.safeExecute(AbstractEventExecutor.java:164)
	at io.netty.util.concurrent.SingleThreadEventExecutor.runAllTasks(SingleThreadEventExecutor.java:472)
	at io.netty.channel.nio.NioEventLoop.run(NioEventLoop.java:497)
	at io.netty.util.concurrent.SingleThreadEventExecutor$4.run(SingleThreadEventExecutor.java:989)
	at io.netty.util.internal.ThreadExecutorMap$2.run(ThreadExecutorMap.java:74)
	at io.netty.util.concurrent.FastThreadLocalRunnable.run(FastThreadLocalRunnable.java:30)
	at java.lang.Thread.run(Thread.java:748)
Caused by: javax.net.ssl.SSLException: Received fatal alert: certificate_unknown
	at sun.security.ssl.Alerts.getSSLException(Alerts.java:214)
	at sun.security.ssl.SSLEngineImpl.fatal(SSLEngineImpl.java:1667)
	at sun.security.ssl.SSLEngineImpl.fatal(SSLEngineImpl.java:1635)
	at sun.security.ssl.SSLEngineImpl.recvAlert(SSLEngineImpl.java:1801)
	at sun.security.ssl.SSLEngineImpl.readRecord(SSLEngineImpl.java:1090)
	at sun.security.ssl.SSLEngineImpl.readNetRecord(SSLEngineImpl.java:913)
	at sun.security.ssl.SSLEngineImpl.unwrap(SSLEngineImpl.java:783)
	at javax.net.ssl.SSLEngine.unwrap(SSLEngine.java:626)
	at io.netty.handler.ssl.SslHandler$SslEngineType$3.unwrap(SslHandler.java:281)
	at io.netty.handler.ssl.SslHandler.unwrap(SslHandler.java:1340)
	at io.netty.handler.ssl.SslHandler.decodeJdkCompatible(SslHandler.java:1235)
	at io.netty.handler.ssl.SslHandler.decode(SslHandler.java:1282)
	at io.netty.handler.codec.ByteToMessageDecoder.decodeRemovalReentryProtection(ByteToMessageDecoder.java:498)
	at io.netty.handler.codec.ByteToMessageDecoder.callDecode(ByteToMessageDecoder.java:437)
	... 19 more
2020-06-22 14:22:44,955 [myid:] - INFO  [main:FourLetterWordMain@93] - connecting to 127.0.0.1 21995
2020-06-22 14:22:44,955 [myid:] - INFO  [main:FourLetterWordMain@99] - using secure socket
2020-06-22 14:22:44,962 [myid:] - ERROR [main:ZKTrustManager@161] - Failed to verify host address: 127.0.0.1
javax.net.ssl.SSLPeerUnverifiedException: Certificate for <127.0.0.1> doesn't match common name of the certificate subject: localhost
	at org.apache.zookeeper.common.ZKHostnameVerifier.matchCN(ZKHostnameVerifier.java:238)
	at org.apache.zookeeper.common.ZKHostnameVerifier.verify(ZKHostnameVerifier.java:184)
	at org.apache.zookeeper.common.ZKTrustManager.performHostVerification(ZKTrustManager.java:151)
	at org.apache.zookeeper.common.ZKTrustManager.checkServerTrusted(ZKTrustManager.java:90)
	at sun.security.ssl.ClientHandshaker.serverCertificate(ClientHandshaker.java:1670)
	at sun.security.ssl.ClientHandshaker.processMessage(ClientHandshaker.java:226)
	at sun.security.ssl.Handshaker.processLoop(Handshaker.java:1082)
	at sun.security.ssl.Handshaker.process_record(Handshaker.java:1010)
	at sun.security.ssl.SSLSocketImpl.readRecord(SSLSocketImpl.java:1079)
	at sun.security.ssl.SSLSocketImpl.performInitialHandshake(SSLSocketImpl.java:1388)
	at sun.security.ssl.SSLSocketImpl.startHandshake(SSLSocketImpl.java:1416)
	at sun.security.ssl.SSLSocketImpl.startHandshake(SSLSocketImpl.java:1400)
	at org.apache.zookeeper.client.FourLetterWordMain.send4LetterWord(FourLetterWordMain.java:105)
	at org.apache.zookeeper.client.FourLetterWordMain.send4LetterWord(FourLetterWordMain.java:73)
	at org.apache.zookeeper.test.ClientBase.waitForServerUp(ClientBase.java:261)
	at org.apache.zookeeper.test.ClientBase.startServerInstance(ClientBase.java:401)
	at org.apache.zookeeper.test.ClientBase.startServer(ClientBase.java:516)
	at org.apache.zookeeper.test.ClientBase.setUpWithServerId(ClientBase.java:499)
	at org.apache.zookeeper.test.ClientBase.setUp(ClientBase.java:474)
	at org.apache.zookeeper.test.SaslDigestAuthOverSSLTest.setUp(SaslDigestAuthOverSSLTest.java:62)
	at sun.reflect.NativeMethodAccessorImpl.invoke0(Native Method)
	at sun.reflect.NativeMethodAccessorImpl.invoke(NativeMethodAccessorImpl.java:62)
	at sun.reflect.DelegatingMethodAccessorImpl.invoke(DelegatingMethodAccessorImpl.java:43)
	at java.lang.reflect.Method.invoke(Method.java:498)
	at org.junit.runners.model.FrameworkMethod$1.runReflectiveCall(FrameworkMethod.java:50)
	at org.junit.internal.runners.model.ReflectiveCallable.run(ReflectiveCallable.java:12)
	at org.junit.runners.model.FrameworkMethod.invokeExplosively(FrameworkMethod.java:47)
	at mockit.integration.junit4.JUnit4TestRunnerDecorator.invokeExplosively(JUnit4TestRunnerDecorator.java:49)
	at mockit.integration.junit4.FakeFrameworkMethod.invokeExplosively(FakeFrameworkMethod.java:29)
	at org.junit.runners.model.FrameworkMethod.invokeExplosively(FrameworkMethod.java)
	at org.junit.internal.runners.statements.RunBefores.evaluate(RunBefores.java:24)
	at org.junit.internal.runners.statements.RunAfters.evaluate(RunAfters.java:27)
	at org.junit.rules.TestWatcher$1.evaluate(TestWatcher.java:55)
	at org.junit.rules.RunRules.evaluate(RunRules.java:20)
	at org.junit.runners.ParentRunner.runLeaf(ParentRunner.java:325)
	at org.junit.runners.BlockJUnit4ClassRunner.runChild(BlockJUnit4ClassRunner.java:78)
	at org.junit.runners.BlockJUnit4ClassRunner.runChild(BlockJUnit4ClassRunner.java:57)
	at org.junit.runners.ParentRunner$3.run(ParentRunner.java:290)
	at org.junit.runners.ParentRunner$1.schedule(ParentRunner.java:71)
	at org.junit.runners.ParentRunner.runChildren(ParentRunner.java:288)
	at org.junit.runners.ParentRunner.access$000(ParentRunner.java:58)
	at org.junit.runners.ParentRunner$2.evaluate(ParentRunner.java:268)
	at org.junit.internal.runners.statements.RunBefores.evaluate(RunBefores.java:26)
	at org.junit.runners.ParentRunner.run(ParentRunner.java:363)
	at org.apache.maven.surefire.junit4.JUnit4Provider.execute(JUnit4Provider.java:365)
	at org.apache.maven.surefire.junit4.JUnit4Provider.executeWithRerun(JUnit4Provider.java:273)
	at org.apache.maven.surefire.junit4.JUnit4Provider.executeTestSet(JUnit4Provider.java:238)
	at org.apache.maven.surefire.junit4.JUnit4Provider.invoke(JUnit4Provider.java:159)
	at org.apache.maven.surefire.booter.ForkedBooter.invokeProviderInSameClassLoader(ForkedBooter.java:384)
	at org.apache.maven.surefire.booter.ForkedBooter.runSuitesInProcess(ForkedBooter.java:345)
	at org.apache.maven.surefire.booter.ForkedBooter.execute(ForkedBooter.java:126)
	at org.apache.maven.surefire.booter.ForkedBooter.main(ForkedBooter.java:418)
2020-06-22 14:22:44,962 [myid:] - ERROR [main:ZKTrustManager@162] - Failed to verify hostname: activate.navicat.com
javax.net.ssl.SSLPeerUnverifiedException: Certificate for <activate.navicat.com> doesn't match common name of the certificate subject: localhost
	at org.apache.zookeeper.common.ZKHostnameVerifier.matchCN(ZKHostnameVerifier.java:238)
	at org.apache.zookeeper.common.ZKHostnameVerifier.verify(ZKHostnameVerifier.java:184)
	at org.apache.zookeeper.common.ZKTrustManager.performHostVerification(ZKTrustManager.java:159)
	at org.apache.zookeeper.common.ZKTrustManager.checkServerTrusted(ZKTrustManager.java:90)
	at sun.security.ssl.ClientHandshaker.serverCertificate(ClientHandshaker.java:1670)
	at sun.security.ssl.ClientHandshaker.processMessage(ClientHandshaker.java:226)
	at sun.security.ssl.Handshaker.processLoop(Handshaker.java:1082)
	at sun.security.ssl.Handshaker.process_record(Handshaker.java:1010)
	at sun.security.ssl.SSLSocketImpl.readRecord(SSLSocketImpl.java:1079)
	at sun.security.ssl.SSLSocketImpl.performInitialHandshake(SSLSocketImpl.java:1388)
	at sun.security.ssl.SSLSocketImpl.startHandshake(SSLSocketImpl.java:1416)
	at sun.security.ssl.SSLSocketImpl.startHandshake(SSLSocketImpl.java:1400)
	at org.apache.zookeeper.client.FourLetterWordMain.send4LetterWord(FourLetterWordMain.java:105)
	at org.apache.zookeeper.client.FourLetterWordMain.send4LetterWord(FourLetterWordMain.java:73)
	at org.apache.zookeeper.test.ClientBase.waitForServerUp(ClientBase.java:261)
	at org.apache.zookeeper.test.ClientBase.startServerInstance(ClientBase.java:401)
	at org.apache.zookeeper.test.ClientBase.startServer(ClientBase.java:516)
	at org.apache.zookeeper.test.ClientBase.setUpWithServerId(ClientBase.java:499)
	at org.apache.zookeeper.test.ClientBase.setUp(ClientBase.java:474)
	at org.apache.zookeeper.test.SaslDigestAuthOverSSLTest.setUp(SaslDigestAuthOverSSLTest.java:62)
	at sun.reflect.NativeMethodAccessorImpl.invoke0(Native Method)
	at sun.reflect.NativeMethodAccessorImpl.invoke(NativeMethodAccessorImpl.java:62)
	at sun.reflect.DelegatingMethodAccessorImpl.invoke(DelegatingMethodAccessorImpl.java:43)
	at java.lang.reflect.Method.invoke(Method.java:498)
	at org.junit.runners.model.FrameworkMethod$1.runReflectiveCall(FrameworkMethod.java:50)
	at org.junit.internal.runners.model.ReflectiveCallable.run(ReflectiveCallable.java:12)
	at org.junit.runners.model.FrameworkMethod.invokeExplosively(FrameworkMethod.java:47)
	at mockit.integration.junit4.JUnit4TestRunnerDecorator.invokeExplosively(JUnit4TestRunnerDecorator.java:49)
	at mockit.integration.junit4.FakeFrameworkMethod.invokeExplosively(FakeFrameworkMethod.java:29)
	at org.junit.runners.model.FrameworkMethod.invokeExplosively(FrameworkMethod.java)
	at org.junit.internal.runners.statements.RunBefores.evaluate(RunBefores.java:24)
	at org.junit.internal.runners.statements.RunAfters.evaluate(RunAfters.java:27)
	at org.junit.rules.TestWatcher$1.evaluate(TestWatcher.java:55)
	at org.junit.rules.RunRules.evaluate(RunRules.java:20)
	at org.junit.runners.ParentRunner.runLeaf(ParentRunner.java:325)
	at org.junit.runners.BlockJUnit4ClassRunner.runChild(BlockJUnit4ClassRunner.java:78)
	at org.junit.runners.BlockJUnit4ClassRunner.runChild(BlockJUnit4ClassRunner.java:57)
	at org.junit.runners.ParentRunner$3.run(ParentRunner.java:290)
	at org.junit.runners.ParentRunner$1.schedule(ParentRunner.java:71)
	at org.junit.runners.ParentRunner.runChildren(ParentRunner.java:288)
	at org.junit.runners.ParentRunner.access$000(ParentRunner.java:58)
	at org.junit.runners.ParentRunner$2.evaluate(ParentRunner.java:268)
	at org.junit.internal.runners.statements.RunBefores.evaluate(RunBefores.java:26)
	at org.junit.runners.ParentRunner.run(ParentRunner.java:363)
	at org.apache.maven.surefire.junit4.JUnit4Provider.execute(JUnit4Provider.java:365)
	at org.apache.maven.surefire.junit4.JUnit4Provider.executeWithRerun(JUnit4Provider.java:273)
	at org.apache.maven.surefire.junit4.JUnit4Provider.executeTestSet(JUnit4Provider.java:238)
	at org.apache.maven.surefire.junit4.JUnit4Provider.invoke(JUnit4Provider.java:159)
	at org.apache.maven.surefire.booter.ForkedBooter.invokeProviderInSameClassLoader(ForkedBooter.java:384)
	at org.apache.maven.surefire.booter.ForkedBooter.runSuitesInProcess(ForkedBooter.java:345)
	at org.apache.maven.surefire.booter.ForkedBooter.execute(ForkedBooter.java:126)
	at org.apache.maven.surefire.booter.ForkedBooter.main(ForkedBooter.java:418)
2020-06-22 14:22:44,963 [myid:] - INFO  [main:ClientBase@270] - server 127.0.0.1:21995 not up
javax.net.ssl.SSLHandshakeException: java.security.cert.CertificateException: Failed to verify both host address and host name
	at sun.security.ssl.Alerts.getSSLException(Alerts.java:198)
	at sun.security.ssl.SSLSocketImpl.fatal(SSLSocketImpl.java:1967)
	at sun.security.ssl.Handshaker.fatalSE(Handshaker.java:331)
	at sun.security.ssl.Handshaker.fatalSE(Handshaker.java:325)
	at sun.security.ssl.ClientHandshaker.serverCertificate(ClientHandshaker.java:1688)
	at sun.security.ssl.ClientHandshaker.processMessage(ClientHandshaker.java:226)
	at sun.security.ssl.Handshaker.processLoop(Handshaker.java:1082)
	at sun.security.ssl.Handshaker.process_record(Handshaker.java:1010)
	at sun.security.ssl.SSLSocketImpl.readRecord(SSLSocketImpl.java:1079)
	at sun.security.ssl.SSLSocketImpl.performInitialHandshake(SSLSocketImpl.java:1388)
	at sun.security.ssl.SSLSocketImpl.startHandshake(SSLSocketImpl.java:1416)
	at sun.security.ssl.SSLSocketImpl.startHandshake(SSLSocketImpl.java:1400)
	at org.apache.zookeeper.client.FourLetterWordMain.send4LetterWord(FourLetterWordMain.java:105)
	at org.apache.zookeeper.client.FourLetterWordMain.send4LetterWord(FourLetterWordMain.java:73)
	at org.apache.zookeeper.test.ClientBase.waitForServerUp(ClientBase.java:261)
	at org.apache.zookeeper.test.ClientBase.startServerInstance(ClientBase.java:401)
	at org.apache.zookeeper.test.ClientBase.startServer(ClientBase.java:516)
	at org.apache.zookeeper.test.ClientBase.setUpWithServerId(ClientBase.java:499)
	at org.apache.zookeeper.test.ClientBase.setUp(ClientBase.java:474)
	at org.apache.zookeeper.test.SaslDigestAuthOverSSLTest.setUp(SaslDigestAuthOverSSLTest.java:62)
	at sun.reflect.NativeMethodAccessorImpl.invoke0(Native Method)
	at sun.reflect.NativeMethodAccessorImpl.invoke(NativeMethodAccessorImpl.java:62)
	at sun.reflect.DelegatingMethodAccessorImpl.invoke(DelegatingMethodAccessorImpl.java:43)
	at java.lang.reflect.Method.invoke(Method.java:498)
	at org.junit.runners.model.FrameworkMethod$1.runReflectiveCall(FrameworkMethod.java:50)
	at org.junit.internal.runners.model.ReflectiveCallable.run(ReflectiveCallable.java:12)
	at org.junit.runners.model.FrameworkMethod.invokeExplosively(FrameworkMethod.java:47)
	at mockit.integration.junit4.JUnit4TestRunnerDecorator.invokeExplosively(JUnit4TestRunnerDecorator.java:49)
	at mockit.integration.junit4.FakeFrameworkMethod.invokeExplosively(FakeFrameworkMethod.java:29)
	at org.junit.runners.model.FrameworkMethod.invokeExplosively(FrameworkMethod.java)
	at org.junit.internal.runners.statements.RunBefores.evaluate(RunBefores.java:24)
	at org.junit.internal.runners.statements.RunAfters.evaluate(RunAfters.java:27)
	at org.junit.rules.TestWatcher$1.evaluate(TestWatcher.java:55)
	at org.junit.rules.RunRules.evaluate(RunRules.java:20)
	at org.junit.runners.ParentRunner.runLeaf(ParentRunner.java:325)
	at org.junit.runners.BlockJUnit4ClassRunner.runChild(BlockJUnit4ClassRunner.java:78)
	at org.junit.runners.BlockJUnit4ClassRunner.runChild(BlockJUnit4ClassRunner.java:57)
	at org.junit.runners.ParentRunner$3.run(ParentRunner.java:290)
	at org.junit.runners.ParentRunner$1.schedule(ParentRunner.java:71)
	at org.junit.runners.ParentRunner.runChildren(ParentRunner.java:288)
	at org.junit.runners.ParentRunner.access$000(ParentRunner.java:58)
	at org.junit.runners.ParentRunner$2.evaluate(ParentRunner.java:268)
	at org.junit.internal.runners.statements.RunBefores.evaluate(RunBefores.java:26)
	at org.junit.runners.ParentRunner.run(ParentRunner.java:363)
	at org.apache.maven.surefire.junit4.JUnit4Provider.execute(JUnit4Provider.java:365)
	at org.apache.maven.surefire.junit4.JUnit4Provider.executeWithRerun(JUnit4Provider.java:273)
	at org.apache.maven.surefire.junit4.JUnit4Provider.executeTestSet(JUnit4Provider.java:238)
	at org.apache.maven.surefire.junit4.JUnit4Provider.invoke(JUnit4Provider.java:159)
	at org.apache.maven.surefire.booter.ForkedBooter.invokeProviderInSameClassLoader(ForkedBooter.java:384)
	at org.apache.maven.surefire.booter.ForkedBooter.runSuitesInProcess(ForkedBooter.java:345)
	at org.apache.maven.surefire.booter.ForkedBooter.execute(ForkedBooter.java:126)
	at org.apache.maven.surefire.booter.ForkedBooter.main(ForkedBooter.java:418)
Caused by: java.security.cert.CertificateException: Failed to verify both host address and host name
	at org.apache.zookeeper.common.ZKTrustManager.performHostVerification(ZKTrustManager.java:163)
	at org.apache.zookeeper.common.ZKTrustManager.checkServerTrusted(ZKTrustManager.java:90)
	at sun.security.ssl.ClientHandshaker.serverCertificate(ClientHandshaker.java:1670)
	... 47 more
Caused by: javax.net.ssl.SSLPeerUnverifiedException: Certificate for <activate.navicat.com> doesn't match common name of the certificate subject: localhost
	at org.apache.zookeeper.common.ZKHostnameVerifier.matchCN(ZKHostnameVerifier.java:238)
	at org.apache.zookeeper.common.ZKHostnameVerifier.verify(ZKHostnameVerifier.java:184)
	at org.apache.zookeeper.common.ZKTrustManager.performHostVerification(ZKTrustManager.java:159)
	... 49 more
2020-06-22 14:22:44,963 [myid:] - ERROR [nioEventLoopGroup-4-12:NettyServerCnxnFactory$CertificateVerifier@434] - Unsuccessful handshake with session 0x0
2020-06-22 14:22:44,964 [myid:] - WARN  [nioEventLoopGroup-4-12:NettyServerCnxnFactory$CnxnChannelHandler@273] - Exception caught
io.netty.handler.codec.DecoderException: javax.net.ssl.SSLException: Received fatal alert: certificate_unknown
	at io.netty.handler.codec.ByteToMessageDecoder.callDecode(ByteToMessageDecoder.java:468)
	at io.netty.handler.codec.ByteToMessageDecoder.channelRead(ByteToMessageDecoder.java:276)
	at io.netty.channel.AbstractChannelHandlerContext.invokeChannelRead(AbstractChannelHandlerContext.java:379)
	at io.netty.channel.AbstractChannelHandlerContext.invokeChannelRead(AbstractChannelHandlerContext.java:365)
	at io.netty.channel.AbstractChannelHandlerContext.fireChannelRead(AbstractChannelHandlerContext.java:357)
	at io.netty.channel.DefaultChannelPipeline$HeadContext.channelRead(DefaultChannelPipeline.java:1410)
	at io.netty.channel.AbstractChannelHandlerContext.invokeChannelRead(AbstractChannelHandlerContext.java:379)
	at io.netty.channel.AbstractChannelHandlerContext.invokeChannelRead(AbstractChannelHandlerContext.java:365)
	at io.netty.channel.DefaultChannelPipeline.fireChannelRead(DefaultChannelPipeline.java:919)
	at io.netty.channel.nio.AbstractNioByteChannel$NioByteUnsafe.read(AbstractNioByteChannel.java:163)
	at io.netty.channel.nio.NioEventLoop.processSelectedKey(NioEventLoop.java:714)
	at io.netty.channel.nio.NioEventLoop.processSelectedKeysOptimized(NioEventLoop.java:650)
	at io.netty.channel.nio.NioEventLoop.processSelectedKeys(NioEventLoop.java:576)
	at io.netty.channel.nio.NioEventLoop.run(NioEventLoop.java:493)
	at io.netty.util.concurrent.SingleThreadEventExecutor$4.run(SingleThreadEventExecutor.java:989)
	at io.netty.util.internal.ThreadExecutorMap$2.run(ThreadExecutorMap.java:74)
	at io.netty.util.concurrent.FastThreadLocalRunnable.run(FastThreadLocalRunnable.java:30)
	at java.lang.Thread.run(Thread.java:748)
Caused by: javax.net.ssl.SSLException: Received fatal alert: certificate_unknown
	at sun.security.ssl.Alerts.getSSLException(Alerts.java:214)
	at sun.security.ssl.SSLEngineImpl.fatal(SSLEngineImpl.java:1667)
	at sun.security.ssl.SSLEngineImpl.fatal(SSLEngineImpl.java:1635)
	at sun.security.ssl.SSLEngineImpl.recvAlert(SSLEngineImpl.java:1801)
	at sun.security.ssl.SSLEngineImpl.readRecord(SSLEngineImpl.java:1090)
	at sun.security.ssl.SSLEngineImpl.readNetRecord(SSLEngineImpl.java:913)
	at sun.security.ssl.SSLEngineImpl.unwrap(SSLEngineImpl.java:783)
	at javax.net.ssl.SSLEngine.unwrap(SSLEngine.java:626)
	at io.netty.handler.ssl.SslHandler$SslEngineType$3.unwrap(SslHandler.java:281)
	at io.netty.handler.ssl.SslHandler.unwrap(SslHandler.java:1340)
	at io.netty.handler.ssl.SslHandler.decodeJdkCompatible(SslHandler.java:1235)
	at io.netty.handler.ssl.SslHandler.decode(SslHandler.java:1282)
	at io.netty.handler.codec.ByteToMessageDecoder.decodeRemovalReentryProtection(ByteToMessageDecoder.java:498)
	at io.netty.handler.codec.ByteToMessageDecoder.callDecode(ByteToMessageDecoder.java:437)
	... 17 more
2020-06-22 14:22:44,964 [myid:] - WARN  [nioEventLoopGroup-4-12:NettyServerCnxnFactory$CnxnChannelHandler@273] - Exception caught
io.netty.handler.codec.DecoderException: javax.net.ssl.SSLException: Received fatal alert: certificate_unknown
	at io.netty.handler.codec.ByteToMessageDecoder.callDecode(ByteToMessageDecoder.java:468)
	at io.netty.handler.codec.ByteToMessageDecoder.channelInputClosed(ByteToMessageDecoder.java:401)
	at io.netty.handler.codec.ByteToMessageDecoder.channelInputClosed(ByteToMessageDecoder.java:368)
	at io.netty.handler.codec.ByteToMessageDecoder.channelInactive(ByteToMessageDecoder.java:351)
	at io.netty.handler.ssl.SslHandler.channelInactive(SslHandler.java:1084)
	at io.netty.channel.AbstractChannelHandlerContext.invokeChannelInactive(AbstractChannelHandlerContext.java:262)
	at io.netty.channel.AbstractChannelHandlerContext.invokeChannelInactive(AbstractChannelHandlerContext.java:248)
	at io.netty.channel.AbstractChannelHandlerContext.fireChannelInactive(AbstractChannelHandlerContext.java:241)
	at io.netty.channel.DefaultChannelPipeline$HeadContext.channelInactive(DefaultChannelPipeline.java:1405)
	at io.netty.channel.AbstractChannelHandlerContext.invokeChannelInactive(AbstractChannelHandlerContext.java:262)
	at io.netty.channel.AbstractChannelHandlerContext.invokeChannelInactive(AbstractChannelHandlerContext.java:248)
	at io.netty.channel.DefaultChannelPipeline.fireChannelInactive(DefaultChannelPipeline.java:901)
	at io.netty.channel.AbstractChannel$AbstractUnsafe$8.run(AbstractChannel.java:818)
	at io.netty.util.concurrent.AbstractEventExecutor.safeExecute(AbstractEventExecutor.java:164)
	at io.netty.util.concurrent.SingleThreadEventExecutor.runAllTasks(SingleThreadEventExecutor.java:472)
	at io.netty.channel.nio.NioEventLoop.run(NioEventLoop.java:497)
	at io.netty.util.concurrent.SingleThreadEventExecutor$4.run(SingleThreadEventExecutor.java:989)
	at io.netty.util.internal.ThreadExecutorMap$2.run(ThreadExecutorMap.java:74)
	at io.netty.util.concurrent.FastThreadLocalRunnable.run(FastThreadLocalRunnable.java:30)
	at java.lang.Thread.run(Thread.java:748)
Caused by: javax.net.ssl.SSLException: Received fatal alert: certificate_unknown
	at sun.security.ssl.Alerts.getSSLException(Alerts.java:214)
	at sun.security.ssl.SSLEngineImpl.fatal(SSLEngineImpl.java:1667)
	at sun.security.ssl.SSLEngineImpl.fatal(SSLEngineImpl.java:1635)
	at sun.security.ssl.SSLEngineImpl.recvAlert(SSLEngineImpl.java:1801)
	at sun.security.ssl.SSLEngineImpl.readRecord(SSLEngineImpl.java:1090)
	at sun.security.ssl.SSLEngineImpl.readNetRecord(SSLEngineImpl.java:913)
	at sun.security.ssl.SSLEngineImpl.unwrap(SSLEngineImpl.java:783)
	at javax.net.ssl.SSLEngine.unwrap(SSLEngine.java:626)
	at io.netty.handler.ssl.SslHandler$SslEngineType$3.unwrap(SslHandler.java:281)
	at io.netty.handler.ssl.SslHandler.unwrap(SslHandler.java:1340)
	at io.netty.handler.ssl.SslHandler.decodeJdkCompatible(SslHandler.java:1235)
	at io.netty.handler.ssl.SslHandler.decode(SslHandler.java:1282)
	at io.netty.handler.codec.ByteToMessageDecoder.decodeRemovalReentryProtection(ByteToMessageDecoder.java:498)
	at io.netty.handler.codec.ByteToMessageDecoder.callDecode(ByteToMessageDecoder.java:437)
	... 19 more
2020-06-22 14:22:45,213 [myid:] - INFO  [main:FourLetterWordMain@93] - connecting to 127.0.0.1 21995
2020-06-22 14:22:45,213 [myid:] - INFO  [main:FourLetterWordMain@99] - using secure socket
2020-06-22 14:22:45,223 [myid:] - ERROR [main:ZKTrustManager@161] - Failed to verify host address: 127.0.0.1
javax.net.ssl.SSLPeerUnverifiedException: Certificate for <127.0.0.1> doesn't match common name of the certificate subject: localhost
	at org.apache.zookeeper.common.ZKHostnameVerifier.matchCN(ZKHostnameVerifier.java:238)
	at org.apache.zookeeper.common.ZKHostnameVerifier.verify(ZKHostnameVerifier.java:184)
	at org.apache.zookeeper.common.ZKTrustManager.performHostVerification(ZKTrustManager.java:151)
	at org.apache.zookeeper.common.ZKTrustManager.checkServerTrusted(ZKTrustManager.java:90)
	at sun.security.ssl.ClientHandshaker.serverCertificate(ClientHandshaker.java:1670)
	at sun.security.ssl.ClientHandshaker.processMessage(ClientHandshaker.java:226)
	at sun.security.ssl.Handshaker.processLoop(Handshaker.java:1082)
	at sun.security.ssl.Handshaker.process_record(Handshaker.java:1010)
	at sun.security.ssl.SSLSocketImpl.readRecord(SSLSocketImpl.java:1079)
	at sun.security.ssl.SSLSocketImpl.performInitialHandshake(SSLSocketImpl.java:1388)
	at sun.security.ssl.SSLSocketImpl.startHandshake(SSLSocketImpl.java:1416)
	at sun.security.ssl.SSLSocketImpl.startHandshake(SSLSocketImpl.java:1400)
	at org.apache.zookeeper.client.FourLetterWordMain.send4LetterWord(FourLetterWordMain.java:105)
	at org.apache.zookeeper.client.FourLetterWordMain.send4LetterWord(FourLetterWordMain.java:73)
	at org.apache.zookeeper.test.ClientBase.waitForServerUp(ClientBase.java:261)
	at org.apache.zookeeper.test.ClientBase.startServerInstance(ClientBase.java:401)
	at org.apache.zookeeper.test.ClientBase.startServer(ClientBase.java:516)
	at org.apache.zookeeper.test.ClientBase.setUpWithServerId(ClientBase.java:499)
	at org.apache.zookeeper.test.ClientBase.setUp(ClientBase.java:474)
	at org.apache.zookeeper.test.SaslDigestAuthOverSSLTest.setUp(SaslDigestAuthOverSSLTest.java:62)
	at sun.reflect.NativeMethodAccessorImpl.invoke0(Native Method)
	at sun.reflect.NativeMethodAccessorImpl.invoke(NativeMethodAccessorImpl.java:62)
	at sun.reflect.DelegatingMethodAccessorImpl.invoke(DelegatingMethodAccessorImpl.java:43)
	at java.lang.reflect.Method.invoke(Method.java:498)
	at org.junit.runners.model.FrameworkMethod$1.runReflectiveCall(FrameworkMethod.java:50)
	at org.junit.internal.runners.model.ReflectiveCallable.run(ReflectiveCallable.java:12)
	at org.junit.runners.model.FrameworkMethod.invokeExplosively(FrameworkMethod.java:47)
	at mockit.integration.junit4.JUnit4TestRunnerDecorator.invokeExplosively(JUnit4TestRunnerDecorator.java:49)
	at mockit.integration.junit4.FakeFrameworkMethod.invokeExplosively(FakeFrameworkMethod.java:29)
	at org.junit.runners.model.FrameworkMethod.invokeExplosively(FrameworkMethod.java)
	at org.junit.internal.runners.statements.RunBefores.evaluate(RunBefores.java:24)
	at org.junit.internal.runners.statements.RunAfters.evaluate(RunAfters.java:27)
	at org.junit.rules.TestWatcher$1.evaluate(TestWatcher.java:55)
	at org.junit.rules.RunRules.evaluate(RunRules.java:20)
	at org.junit.runners.ParentRunner.runLeaf(ParentRunner.java:325)
	at org.junit.runners.BlockJUnit4ClassRunner.runChild(BlockJUnit4ClassRunner.java:78)
	at org.junit.runners.BlockJUnit4ClassRunner.runChild(BlockJUnit4ClassRunner.java:57)
	at org.junit.runners.ParentRunner$3.run(ParentRunner.java:290)
	at org.junit.runners.ParentRunner$1.schedule(ParentRunner.java:71)
	at org.junit.runners.ParentRunner.runChildren(ParentRunner.java:288)
	at org.junit.runners.ParentRunner.access$000(ParentRunner.java:58)
	at org.junit.runners.ParentRunner$2.evaluate(ParentRunner.java:268)
	at org.junit.internal.runners.statements.RunBefores.evaluate(RunBefores.java:26)
	at org.junit.runners.ParentRunner.run(ParentRunner.java:363)
	at org.apache.maven.surefire.junit4.JUnit4Provider.execute(JUnit4Provider.java:365)
	at org.apache.maven.surefire.junit4.JUnit4Provider.executeWithRerun(JUnit4Provider.java:273)
	at org.apache.maven.surefire.junit4.JUnit4Provider.executeTestSet(JUnit4Provider.java:238)
	at org.apache.maven.surefire.junit4.JUnit4Provider.invoke(JUnit4Provider.java:159)
	at org.apache.maven.surefire.booter.ForkedBooter.invokeProviderInSameClassLoader(ForkedBooter.java:384)
	at org.apache.maven.surefire.booter.ForkedBooter.runSuitesInProcess(ForkedBooter.java:345)
	at org.apache.maven.surefire.booter.ForkedBooter.execute(ForkedBooter.java:126)
	at org.apache.maven.surefire.booter.ForkedBooter.main(ForkedBooter.java:418)
2020-06-22 14:22:45,224 [myid:] - ERROR [main:ZKTrustManager@162] - Failed to verify hostname: activate.navicat.com
javax.net.ssl.SSLPeerUnverifiedException: Certificate for <activate.navicat.com> doesn't match common name of the certificate subject: localhost
	at org.apache.zookeeper.common.ZKHostnameVerifier.matchCN(ZKHostnameVerifier.java:238)
	at org.apache.zookeeper.common.ZKHostnameVerifier.verify(ZKHostnameVerifier.java:184)
	at org.apache.zookeeper.common.ZKTrustManager.performHostVerification(ZKTrustManager.java:159)
	at org.apache.zookeeper.common.ZKTrustManager.checkServerTrusted(ZKTrustManager.java:90)
	at sun.security.ssl.ClientHandshaker.serverCertificate(ClientHandshaker.java:1670)
	at sun.security.ssl.ClientHandshaker.processMessage(ClientHandshaker.java:226)
	at sun.security.ssl.Handshaker.processLoop(Handshaker.java:1082)
	at sun.security.ssl.Handshaker.process_record(Handshaker.java:1010)
	at sun.security.ssl.SSLSocketImpl.readRecord(SSLSocketImpl.java:1079)
	at sun.security.ssl.SSLSocketImpl.performInitialHandshake(SSLSocketImpl.java:1388)
	at sun.security.ssl.SSLSocketImpl.startHandshake(SSLSocketImpl.java:1416)
	at sun.security.ssl.SSLSocketImpl.startHandshake(SSLSocketImpl.java:1400)
	at org.apache.zookeeper.client.FourLetterWordMain.send4LetterWord(FourLetterWordMain.java:105)
	at org.apache.zookeeper.client.FourLetterWordMain.send4LetterWord(FourLetterWordMain.java:73)
	at org.apache.zookeeper.test.ClientBase.waitForServerUp(ClientBase.java:261)
	at org.apache.zookeeper.test.ClientBase.startServerInstance(ClientBase.java:401)
	at org.apache.zookeeper.test.ClientBase.startServer(ClientBase.java:516)
	at org.apache.zookeeper.test.ClientBase.setUpWithServerId(ClientBase.java:499)
	at org.apache.zookeeper.test.ClientBase.setUp(ClientBase.java:474)
	at org.apache.zookeeper.test.SaslDigestAuthOverSSLTest.setUp(SaslDigestAuthOverSSLTest.java:62)
	at sun.reflect.NativeMethodAccessorImpl.invoke0(Native Method)
	at sun.reflect.NativeMethodAccessorImpl.invoke(NativeMethodAccessorImpl.java:62)
	at sun.reflect.DelegatingMethodAccessorImpl.invoke(DelegatingMethodAccessorImpl.java:43)
	at java.lang.reflect.Method.invoke(Method.java:498)
	at org.junit.runners.model.FrameworkMethod$1.runReflectiveCall(FrameworkMethod.java:50)
	at org.junit.internal.runners.model.ReflectiveCallable.run(ReflectiveCallable.java:12)
	at org.junit.runners.model.FrameworkMethod.invokeExplosively(FrameworkMethod.java:47)
	at mockit.integration.junit4.JUnit4TestRunnerDecorator.invokeExplosively(JUnit4TestRunnerDecorator.java:49)
	at mockit.integration.junit4.FakeFrameworkMethod.invokeExplosively(FakeFrameworkMethod.java:29)
	at org.junit.runners.model.FrameworkMethod.invokeExplosively(FrameworkMethod.java)
	at org.junit.internal.runners.statements.RunBefores.evaluate(RunBefores.java:24)
	at org.junit.internal.runners.statements.RunAfters.evaluate(RunAfters.java:27)
	at org.junit.rules.TestWatcher$1.evaluate(TestWatcher.java:55)
	at org.junit.rules.RunRules.evaluate(RunRules.java:20)
	at org.junit.runners.ParentRunner.runLeaf(ParentRunner.java:325)
	at org.junit.runners.BlockJUnit4ClassRunner.runChild(BlockJUnit4ClassRunner.java:78)
	at org.junit.runners.BlockJUnit4ClassRunner.runChild(BlockJUnit4ClassRunner.java:57)
	at org.junit.runners.ParentRunner$3.run(ParentRunner.java:290)
	at org.junit.runners.ParentRunner$1.schedule(ParentRunner.java:71)
	at org.junit.runners.ParentRunner.runChildren(ParentRunner.java:288)
	at org.junit.runners.ParentRunner.access$000(ParentRunner.java:58)
	at org.junit.runners.ParentRunner$2.evaluate(ParentRunner.java:268)
	at org.junit.internal.runners.statements.RunBefores.evaluate(RunBefores.java:26)
	at org.junit.runners.ParentRunner.run(ParentRunner.java:363)
	at org.apache.maven.surefire.junit4.JUnit4Provider.execute(JUnit4Provider.java:365)
	at org.apache.maven.surefire.junit4.JUnit4Provider.executeWithRerun(JUnit4Provider.java:273)
	at org.apache.maven.surefire.junit4.JUnit4Provider.executeTestSet(JUnit4Provider.java:238)
	at org.apache.maven.surefire.junit4.JUnit4Provider.invoke(JUnit4Provider.java:159)
	at org.apache.maven.surefire.booter.ForkedBooter.invokeProviderInSameClassLoader(ForkedBooter.java:384)
	at org.apache.maven.surefire.booter.ForkedBooter.runSuitesInProcess(ForkedBooter.java:345)
	at org.apache.maven.surefire.booter.ForkedBooter.execute(ForkedBooter.java:126)
	at org.apache.maven.surefire.booter.ForkedBooter.main(ForkedBooter.java:418)
2020-06-22 14:22:45,224 [myid:] - INFO  [main:ClientBase@270] - server 127.0.0.1:21995 not up
javax.net.ssl.SSLHandshakeException: java.security.cert.CertificateException: Failed to verify both host address and host name
	at sun.security.ssl.Alerts.getSSLException(Alerts.java:198)
	at sun.security.ssl.SSLSocketImpl.fatal(SSLSocketImpl.java:1967)
	at sun.security.ssl.Handshaker.fatalSE(Handshaker.java:331)
	at sun.security.ssl.Handshaker.fatalSE(Handshaker.java:325)
	at sun.security.ssl.ClientHandshaker.serverCertificate(ClientHandshaker.java:1688)
	at sun.security.ssl.ClientHandshaker.processMessage(ClientHandshaker.java:226)
	at sun.security.ssl.Handshaker.processLoop(Handshaker.java:1082)
	at sun.security.ssl.Handshaker.process_record(Handshaker.java:1010)
	at sun.security.ssl.SSLSocketImpl.readRecord(SSLSocketImpl.java:1079)
	at sun.security.ssl.SSLSocketImpl.performInitialHandshake(SSLSocketImpl.java:1388)
	at sun.security.ssl.SSLSocketImpl.startHandshake(SSLSocketImpl.java:1416)
	at sun.security.ssl.SSLSocketImpl.startHandshake(SSLSocketImpl.java:1400)
	at org.apache.zookeeper.client.FourLetterWordMain.send4LetterWord(FourLetterWordMain.java:105)
	at org.apache.zookeeper.client.FourLetterWordMain.send4LetterWord(FourLetterWordMain.java:73)
	at org.apache.zookeeper.test.ClientBase.waitForServerUp(ClientBase.java:261)
	at org.apache.zookeeper.test.ClientBase.startServerInstance(ClientBase.java:401)
	at org.apache.zookeeper.test.ClientBase.startServer(ClientBase.java:516)
	at org.apache.zookeeper.test.ClientBase.setUpWithServerId(ClientBase.java:499)
	at org.apache.zookeeper.test.ClientBase.setUp(ClientBase.java:474)
	at org.apache.zookeeper.test.SaslDigestAuthOverSSLTest.setUp(SaslDigestAuthOverSSLTest.java:62)
	at sun.reflect.NativeMethodAccessorImpl.invoke0(Native Method)
	at sun.reflect.NativeMethodAccessorImpl.invoke(NativeMethodAccessorImpl.java:62)
	at sun.reflect.DelegatingMethodAccessorImpl.invoke(DelegatingMethodAccessorImpl.java:43)
	at java.lang.reflect.Method.invoke(Method.java:498)
	at org.junit.runners.model.FrameworkMethod$1.runReflectiveCall(FrameworkMethod.java:50)
	at org.junit.internal.runners.model.ReflectiveCallable.run(ReflectiveCallable.java:12)
	at org.junit.runners.model.FrameworkMethod.invokeExplosively(FrameworkMethod.java:47)
	at mockit.integration.junit4.JUnit4TestRunnerDecorator.invokeExplosively(JUnit4TestRunnerDecorator.java:49)
	at mockit.integration.junit4.FakeFrameworkMethod.invokeExplosively(FakeFrameworkMethod.java:29)
	at org.junit.runners.model.FrameworkMethod.invokeExplosively(FrameworkMethod.java)
	at org.junit.internal.runners.statements.RunBefores.evaluate(RunBefores.java:24)
	at org.junit.internal.runners.statements.RunAfters.evaluate(RunAfters.java:27)
	at org.junit.rules.TestWatcher$1.evaluate(TestWatcher.java:55)
	at org.junit.rules.RunRules.evaluate(RunRules.java:20)
	at org.junit.runners.ParentRunner.runLeaf(ParentRunner.java:325)
	at org.junit.runners.BlockJUnit4ClassRunner.runChild(BlockJUnit4ClassRunner.java:78)
	at org.junit.runners.BlockJUnit4ClassRunner.runChild(BlockJUnit4ClassRunner.java:57)
	at org.junit.runners.ParentRunner$3.run(ParentRunner.java:290)
	at org.junit.runners.ParentRunner$1.schedule(ParentRunner.java:71)
	at org.junit.runners.ParentRunner.runChildren(ParentRunner.java:288)
	at org.junit.runners.ParentRunner.access$000(ParentRunner.java:58)
	at org.junit.runners.ParentRunner$2.evaluate(ParentRunner.java:268)
	at org.junit.internal.runners.statements.RunBefores.evaluate(RunBefores.java:26)
	at org.junit.runners.ParentRunner.run(ParentRunner.java:363)
	at org.apache.maven.surefire.junit4.JUnit4Provider.execute(JUnit4Provider.java:365)
	at org.apache.maven.surefire.junit4.JUnit4Provider.executeWithRerun(JUnit4Provider.java:273)
	at org.apache.maven.surefire.junit4.JUnit4Provider.executeTestSet(JUnit4Provider.java:238)
	at org.apache.maven.surefire.junit4.JUnit4Provider.invoke(JUnit4Provider.java:159)
	at org.apache.maven.surefire.booter.ForkedBooter.invokeProviderInSameClassLoader(ForkedBooter.java:384)
	at org.apache.maven.surefire.booter.ForkedBooter.runSuitesInProcess(ForkedBooter.java:345)
	at org.apache.maven.surefire.booter.ForkedBooter.execute(ForkedBooter.java:126)
	at org.apache.maven.surefire.booter.ForkedBooter.main(ForkedBooter.java:418)
Caused by: java.security.cert.CertificateException: Failed to verify both host address and host name
	at org.apache.zookeeper.common.ZKTrustManager.performHostVerification(ZKTrustManager.java:163)
	at org.apache.zookeeper.common.ZKTrustManager.checkServerTrusted(ZKTrustManager.java:90)
	at sun.security.ssl.ClientHandshaker.serverCertificate(ClientHandshaker.java:1670)
	... 47 more
Caused by: javax.net.ssl.SSLPeerUnverifiedException: Certificate for <activate.navicat.com> doesn't match common name of the certificate subject: localhost
	at org.apache.zookeeper.common.ZKHostnameVerifier.matchCN(ZKHostnameVerifier.java:238)
	at org.apache.zookeeper.common.ZKHostnameVerifier.verify(ZKHostnameVerifier.java:184)
	at org.apache.zookeeper.common.ZKTrustManager.performHostVerification(ZKTrustManager.java:159)
	... 49 more
2020-06-22 14:22:45,224 [myid:] - ERROR [nioEventLoopGroup-4-13:NettyServerCnxnFactory$CertificateVerifier@434] - Unsuccessful handshake with session 0x0
2020-06-22 14:22:45,225 [myid:] - WARN  [nioEventLoopGroup-4-13:NettyServerCnxnFactory$CnxnChannelHandler@273] - Exception caught
io.netty.handler.codec.DecoderException: javax.net.ssl.SSLException: Received fatal alert: certificate_unknown
	at io.netty.handler.codec.ByteToMessageDecoder.callDecode(ByteToMessageDecoder.java:468)
	at io.netty.handler.codec.ByteToMessageDecoder.channelRead(ByteToMessageDecoder.java:276)
	at io.netty.channel.AbstractChannelHandlerContext.invokeChannelRead(AbstractChannelHandlerContext.java:379)
	at io.netty.channel.AbstractChannelHandlerContext.invokeChannelRead(AbstractChannelHandlerContext.java:365)
	at io.netty.channel.AbstractChannelHandlerContext.fireChannelRead(AbstractChannelHandlerContext.java:357)
	at io.netty.channel.DefaultChannelPipeline$HeadContext.channelRead(DefaultChannelPipeline.java:1410)
	at io.netty.channel.AbstractChannelHandlerContext.invokeChannelRead(AbstractChannelHandlerContext.java:379)
	at io.netty.channel.AbstractChannelHandlerContext.invokeChannelRead(AbstractChannelHandlerContext.java:365)
	at io.netty.channel.DefaultChannelPipeline.fireChannelRead(DefaultChannelPipeline.java:919)
	at io.netty.channel.nio.AbstractNioByteChannel$NioByteUnsafe.read(AbstractNioByteChannel.java:163)
	at io.netty.channel.nio.NioEventLoop.processSelectedKey(NioEventLoop.java:714)
	at io.netty.channel.nio.NioEventLoop.processSelectedKeysOptimized(NioEventLoop.java:650)
	at io.netty.channel.nio.NioEventLoop.processSelectedKeys(NioEventLoop.java:576)
	at io.netty.channel.nio.NioEventLoop.run(NioEventLoop.java:493)
	at io.netty.util.concurrent.SingleThreadEventExecutor$4.run(SingleThreadEventExecutor.java:989)
	at io.netty.util.internal.ThreadExecutorMap$2.run(ThreadExecutorMap.java:74)
	at io.netty.util.concurrent.FastThreadLocalRunnable.run(FastThreadLocalRunnable.java:30)
	at java.lang.Thread.run(Thread.java:748)
Caused by: javax.net.ssl.SSLException: Received fatal alert: certificate_unknown
	at sun.security.ssl.Alerts.getSSLException(Alerts.java:214)
	at sun.security.ssl.SSLEngineImpl.fatal(SSLEngineImpl.java:1667)
	at sun.security.ssl.SSLEngineImpl.fatal(SSLEngineImpl.java:1635)
	at sun.security.ssl.SSLEngineImpl.recvAlert(SSLEngineImpl.java:1801)
	at sun.security.ssl.SSLEngineImpl.readRecord(SSLEngineImpl.java:1090)
	at sun.security.ssl.SSLEngineImpl.readNetRecord(SSLEngineImpl.java:913)
	at sun.security.ssl.SSLEngineImpl.unwrap(SSLEngineImpl.java:783)
	at javax.net.ssl.SSLEngine.unwrap(SSLEngine.java:626)
	at io.netty.handler.ssl.SslHandler$SslEngineType$3.unwrap(SslHandler.java:281)
	at io.netty.handler.ssl.SslHandler.unwrap(SslHandler.java:1340)
	at io.netty.handler.ssl.SslHandler.decodeJdkCompatible(SslHandler.java:1235)
	at io.netty.handler.ssl.SslHandler.decode(SslHandler.java:1282)
	at io.netty.handler.codec.ByteToMessageDecoder.decodeRemovalReentryProtection(ByteToMessageDecoder.java:498)
	at io.netty.handler.codec.ByteToMessageDecoder.callDecode(ByteToMessageDecoder.java:437)
	... 17 more
2020-06-22 14:22:45,225 [myid:] - WARN  [nioEventLoopGroup-4-13:NettyServerCnxnFactory$CnxnChannelHandler@273] - Exception caught
io.netty.handler.codec.DecoderException: javax.net.ssl.SSLException: Received fatal alert: certificate_unknown
	at io.netty.handler.codec.ByteToMessageDecoder.callDecode(ByteToMessageDecoder.java:468)
	at io.netty.handler.codec.ByteToMessageDecoder.channelInputClosed(ByteToMessageDecoder.java:401)
	at io.netty.handler.codec.ByteToMessageDecoder.channelInputClosed(ByteToMessageDecoder.java:368)
	at io.netty.handler.codec.ByteToMessageDecoder.channelInactive(ByteToMessageDecoder.java:351)
	at io.netty.handler.ssl.SslHandler.channelInactive(SslHandler.java:1084)
	at io.netty.channel.AbstractChannelHandlerContext.invokeChannelInactive(AbstractChannelHandlerContext.java:262)
	at io.netty.channel.AbstractChannelHandlerContext.invokeChannelInactive(AbstractChannelHandlerContext.java:248)
	at io.netty.channel.AbstractChannelHandlerContext.fireChannelInactive(AbstractChannelHandlerContext.java:241)
	at io.netty.channel.DefaultChannelPipeline$HeadContext.channelInactive(DefaultChannelPipeline.java:1405)
	at io.netty.channel.AbstractChannelHandlerContext.invokeChannelInactive(AbstractChannelHandlerContext.java:262)
	at io.netty.channel.AbstractChannelHandlerContext.invokeChannelInactive(AbstractChannelHandlerContext.java:248)
	at io.netty.channel.DefaultChannelPipeline.fireChannelInactive(DefaultChannelPipeline.java:901)
	at io.netty.channel.AbstractChannel$AbstractUnsafe$8.run(AbstractChannel.java:818)
	at io.netty.util.concurrent.AbstractEventExecutor.safeExecute(AbstractEventExecutor.java:164)
	at io.netty.util.concurrent.SingleThreadEventExecutor.runAllTasks(SingleThreadEventExecutor.java:472)
	at io.netty.channel.nio.NioEventLoop.run(NioEventLoop.java:497)
	at io.netty.util.concurrent.SingleThreadEventExecutor$4.run(SingleThreadEventExecutor.java:989)
	at io.netty.util.internal.ThreadExecutorMap$2.run(ThreadExecutorMap.java:74)
	at io.netty.util.concurrent.FastThreadLocalRunnable.run(FastThreadLocalRunnable.java:30)
	at java.lang.Thread.run(Thread.java:748)
Caused by: javax.net.ssl.SSLException: Received fatal alert: certificate_unknown
	at sun.security.ssl.Alerts.getSSLException(Alerts.java:214)
	at sun.security.ssl.SSLEngineImpl.fatal(SSLEngineImpl.java:1667)
	at sun.security.ssl.SSLEngineImpl.fatal(SSLEngineImpl.java:1635)
	at sun.security.ssl.SSLEngineImpl.recvAlert(SSLEngineImpl.java:1801)
	at sun.security.ssl.SSLEngineImpl.readRecord(SSLEngineImpl.java:1090)
	at sun.security.ssl.SSLEngineImpl.readNetRecord(SSLEngineImpl.java:913)
	at sun.security.ssl.SSLEngineImpl.unwrap(SSLEngineImpl.java:783)
	at javax.net.ssl.SSLEngine.unwrap(SSLEngine.java:626)
	at io.netty.handler.ssl.SslHandler$SslEngineType$3.unwrap(SslHandler.java:281)
	at io.netty.handler.ssl.SslHandler.unwrap(SslHandler.java:1340)
	at io.netty.handler.ssl.SslHandler.decodeJdkCompatible(SslHandler.java:1235)
	at io.netty.handler.ssl.SslHandler.decode(SslHandler.java:1282)
	at io.netty.handler.codec.ByteToMessageDecoder.decodeRemovalReentryProtection(ByteToMessageDecoder.java:498)
	at io.netty.handler.codec.ByteToMessageDecoder.callDecode(ByteToMessageDecoder.java:437)
	... 19 more
2020-06-22 14:22:45,474 [myid:] - INFO  [main:FourLetterWordMain@93] - connecting to 127.0.0.1 21995
2020-06-22 14:22:45,474 [myid:] - INFO  [main:FourLetterWordMain@99] - using secure socket
2020-06-22 14:22:45,481 [myid:] - ERROR [main:ZKTrustManager@161] - Failed to verify host address: 127.0.0.1
javax.net.ssl.SSLPeerUnverifiedException: Certificate for <127.0.0.1> doesn't match common name of the certificate subject: localhost
	at org.apache.zookeeper.common.ZKHostnameVerifier.matchCN(ZKHostnameVerifier.java:238)
	at org.apache.zookeeper.common.ZKHostnameVerifier.verify(ZKHostnameVerifier.java:184)
	at org.apache.zookeeper.common.ZKTrustManager.performHostVerification(ZKTrustManager.java:151)
	at org.apache.zookeeper.common.ZKTrustManager.checkServerTrusted(ZKTrustManager.java:90)
	at sun.security.ssl.ClientHandshaker.serverCertificate(ClientHandshaker.java:1670)
	at sun.security.ssl.ClientHandshaker.processMessage(ClientHandshaker.java:226)
	at sun.security.ssl.Handshaker.processLoop(Handshaker.java:1082)
	at sun.security.ssl.Handshaker.process_record(Handshaker.java:1010)
	at sun.security.ssl.SSLSocketImpl.readRecord(SSLSocketImpl.java:1079)
	at sun.security.ssl.SSLSocketImpl.performInitialHandshake(SSLSocketImpl.java:1388)
	at sun.security.ssl.SSLSocketImpl.startHandshake(SSLSocketImpl.java:1416)
	at sun.security.ssl.SSLSocketImpl.startHandshake(SSLSocketImpl.java:1400)
	at org.apache.zookeeper.client.FourLetterWordMain.send4LetterWord(FourLetterWordMain.java:105)
	at org.apache.zookeeper.client.FourLetterWordMain.send4LetterWord(FourLetterWordMain.java:73)
	at org.apache.zookeeper.test.ClientBase.waitForServerUp(ClientBase.java:261)
	at org.apache.zookeeper.test.ClientBase.startServerInstance(ClientBase.java:401)
	at org.apache.zookeeper.test.ClientBase.startServer(ClientBase.java:516)
	at org.apache.zookeeper.test.ClientBase.setUpWithServerId(ClientBase.java:499)
	at org.apache.zookeeper.test.ClientBase.setUp(ClientBase.java:474)
	at org.apache.zookeeper.test.SaslDigestAuthOverSSLTest.setUp(SaslDigestAuthOverSSLTest.java:62)
	at sun.reflect.NativeMethodAccessorImpl.invoke0(Native Method)
	at sun.reflect.NativeMethodAccessorImpl.invoke(NativeMethodAccessorImpl.java:62)
	at sun.reflect.DelegatingMethodAccessorImpl.invoke(DelegatingMethodAccessorImpl.java:43)
	at java.lang.reflect.Method.invoke(Method.java:498)
	at org.junit.runners.model.FrameworkMethod$1.runReflectiveCall(FrameworkMethod.java:50)
	at org.junit.internal.runners.model.ReflectiveCallable.run(ReflectiveCallable.java:12)
	at org.junit.runners.model.FrameworkMethod.invokeExplosively(FrameworkMethod.java:47)
	at mockit.integration.junit4.JUnit4TestRunnerDecorator.invokeExplosively(JUnit4TestRunnerDecorator.java:49)
	at mockit.integration.junit4.FakeFrameworkMethod.invokeExplosively(FakeFrameworkMethod.java:29)
	at org.junit.runners.model.FrameworkMethod.invokeExplosively(FrameworkMethod.java)
	at org.junit.internal.runners.statements.RunBefores.evaluate(RunBefores.java:24)
	at org.junit.internal.runners.statements.RunAfters.evaluate(RunAfters.java:27)
	at org.junit.rules.TestWatcher$1.evaluate(TestWatcher.java:55)
	at org.junit.rules.RunRules.evaluate(RunRules.java:20)
	at org.junit.runners.ParentRunner.runLeaf(ParentRunner.java:325)
	at org.junit.runners.BlockJUnit4ClassRunner.runChild(BlockJUnit4ClassRunner.java:78)
	at org.junit.runners.BlockJUnit4ClassRunner.runChild(BlockJUnit4ClassRunner.java:57)
	at org.junit.runners.ParentRunner$3.run(ParentRunner.java:290)
	at org.junit.runners.ParentRunner$1.schedule(ParentRunner.java:71)
	at org.junit.runners.ParentRunner.runChildren(ParentRunner.java:288)
	at org.junit.runners.ParentRunner.access$000(ParentRunner.java:58)
	at org.junit.runners.ParentRunner$2.evaluate(ParentRunner.java:268)
	at org.junit.internal.runners.statements.RunBefores.evaluate(RunBefores.java:26)
	at org.junit.runners.ParentRunner.run(ParentRunner.java:363)
	at org.apache.maven.surefire.junit4.JUnit4Provider.execute(JUnit4Provider.java:365)
	at org.apache.maven.surefire.junit4.JUnit4Provider.executeWithRerun(JUnit4Provider.java:273)
	at org.apache.maven.surefire.junit4.JUnit4Provider.executeTestSet(JUnit4Provider.java:238)
	at org.apache.maven.surefire.junit4.JUnit4Provider.invoke(JUnit4Provider.java:159)
	at org.apache.maven.surefire.booter.ForkedBooter.invokeProviderInSameClassLoader(ForkedBooter.java:384)
	at org.apache.maven.surefire.booter.ForkedBooter.runSuitesInProcess(ForkedBooter.java:345)
	at org.apache.maven.surefire.booter.ForkedBooter.execute(ForkedBooter.java:126)
	at org.apache.maven.surefire.booter.ForkedBooter.main(ForkedBooter.java:418)
2020-06-22 14:22:45,482 [myid:] - ERROR [main:ZKTrustManager@162] - Failed to verify hostname: activate.navicat.com
javax.net.ssl.SSLPeerUnverifiedException: Certificate for <activate.navicat.com> doesn't match common name of the certificate subject: localhost
	at org.apache.zookeeper.common.ZKHostnameVerifier.matchCN(ZKHostnameVerifier.java:238)
	at org.apache.zookeeper.common.ZKHostnameVerifier.verify(ZKHostnameVerifier.java:184)
	at org.apache.zookeeper.common.ZKTrustManager.performHostVerification(ZKTrustManager.java:159)
	at org.apache.zookeeper.common.ZKTrustManager.checkServerTrusted(ZKTrustManager.java:90)
	at sun.security.ssl.ClientHandshaker.serverCertificate(ClientHandshaker.java:1670)
	at sun.security.ssl.ClientHandshaker.processMessage(ClientHandshaker.java:226)
	at sun.security.ssl.Handshaker.processLoop(Handshaker.java:1082)
	at sun.security.ssl.Handshaker.process_record(Handshaker.java:1010)
	at sun.security.ssl.SSLSocketImpl.readRecord(SSLSocketImpl.java:1079)
	at sun.security.ssl.SSLSocketImpl.performInitialHandshake(SSLSocketImpl.java:1388)
	at sun.security.ssl.SSLSocketImpl.startHandshake(SSLSocketImpl.java:1416)
	at sun.security.ssl.SSLSocketImpl.startHandshake(SSLSocketImpl.java:1400)
	at org.apache.zookeeper.client.FourLetterWordMain.send4LetterWord(FourLetterWordMain.java:105)
	at org.apache.zookeeper.client.FourLetterWordMain.send4LetterWord(FourLetterWordMain.java:73)
	at org.apache.zookeeper.test.ClientBase.waitForServerUp(ClientBase.java:261)
	at org.apache.zookeeper.test.ClientBase.startServerInstance(ClientBase.java:401)
	at org.apache.zookeeper.test.ClientBase.startServer(ClientBase.java:516)
	at org.apache.zookeeper.test.ClientBase.setUpWithServerId(ClientBase.java:499)
	at org.apache.zookeeper.test.ClientBase.setUp(ClientBase.java:474)
	at org.apache.zookeeper.test.SaslDigestAuthOverSSLTest.setUp(SaslDigestAuthOverSSLTest.java:62)
	at sun.reflect.NativeMethodAccessorImpl.invoke0(Native Method)
	at sun.reflect.NativeMethodAccessorImpl.invoke(NativeMethodAccessorImpl.java:62)
	at sun.reflect.DelegatingMethodAccessorImpl.invoke(DelegatingMethodAccessorImpl.java:43)
	at java.lang.reflect.Method.invoke(Method.java:498)
	at org.junit.runners.model.FrameworkMethod$1.runReflectiveCall(FrameworkMethod.java:50)
	at org.junit.internal.runners.model.ReflectiveCallable.run(ReflectiveCallable.java:12)
	at org.junit.runners.model.FrameworkMethod.invokeExplosively(FrameworkMethod.java:47)
	at mockit.integration.junit4.JUnit4TestRunnerDecorator.invokeExplosively(JUnit4TestRunnerDecorator.java:49)
	at mockit.integration.junit4.FakeFrameworkMethod.invokeExplosively(FakeFrameworkMethod.java:29)
	at org.junit.runners.model.FrameworkMethod.invokeExplosively(FrameworkMethod.java)
	at org.junit.internal.runners.statements.RunBefores.evaluate(RunBefores.java:24)
	at org.junit.internal.runners.statements.RunAfters.evaluate(RunAfters.java:27)
	at org.junit.rules.TestWatcher$1.evaluate(TestWatcher.java:55)
	at org.junit.rules.RunRules.evaluate(RunRules.java:20)
	at org.junit.runners.ParentRunner.runLeaf(ParentRunner.java:325)
	at org.junit.runners.BlockJUnit4ClassRunner.runChild(BlockJUnit4ClassRunner.java:78)
	at org.junit.runners.BlockJUnit4ClassRunner.runChild(BlockJUnit4ClassRunner.java:57)
	at org.junit.runners.ParentRunner$3.run(ParentRunner.java:290)
	at org.junit.runners.ParentRunner$1.schedule(ParentRunner.java:71)
	at org.junit.runners.ParentRunner.runChildren(ParentRunner.java:288)
	at org.junit.runners.ParentRunner.access$000(ParentRunner.java:58)
	at org.junit.runners.ParentRunner$2.evaluate(ParentRunner.java:268)
	at org.junit.internal.runners.statements.RunBefores.evaluate(RunBefores.java:26)
	at org.junit.runners.ParentRunner.run(ParentRunner.java:363)
	at org.apache.maven.surefire.junit4.JUnit4Provider.execute(JUnit4Provider.java:365)
	at org.apache.maven.surefire.junit4.JUnit4Provider.executeWithRerun(JUnit4Provider.java:273)
	at org.apache.maven.surefire.junit4.JUnit4Provider.executeTestSet(JUnit4Provider.java:238)
	at org.apache.maven.surefire.junit4.JUnit4Provider.invoke(JUnit4Provider.java:159)
	at org.apache.maven.surefire.booter.ForkedBooter.invokeProviderInSameClassLoader(ForkedBooter.java:384)
	at org.apache.maven.surefire.booter.ForkedBooter.runSuitesInProcess(ForkedBooter.java:345)
	at org.apache.maven.surefire.booter.ForkedBooter.execute(ForkedBooter.java:126)
	at org.apache.maven.surefire.booter.ForkedBooter.main(ForkedBooter.java:418)
2020-06-22 14:22:45,482 [myid:] - INFO  [main:ClientBase@270] - server 127.0.0.1:21995 not up
javax.net.ssl.SSLHandshakeException: java.security.cert.CertificateException: Failed to verify both host address and host name
	at sun.security.ssl.Alerts.getSSLException(Alerts.java:198)
	at sun.security.ssl.SSLSocketImpl.fatal(SSLSocketImpl.java:1967)
	at sun.security.ssl.Handshaker.fatalSE(Handshaker.java:331)
	at sun.security.ssl.Handshaker.fatalSE(Handshaker.java:325)
	at sun.security.ssl.ClientHandshaker.serverCertificate(ClientHandshaker.java:1688)
	at sun.security.ssl.ClientHandshaker.processMessage(ClientHandshaker.java:226)
	at sun.security.ssl.Handshaker.processLoop(Handshaker.java:1082)
	at sun.security.ssl.Handshaker.process_record(Handshaker.java:1010)
	at sun.security.ssl.SSLSocketImpl.readRecord(SSLSocketImpl.java:1079)
	at sun.security.ssl.SSLSocketImpl.performInitialHandshake(SSLSocketImpl.java:1388)
	at sun.security.ssl.SSLSocketImpl.startHandshake(SSLSocketImpl.java:1416)
	at sun.security.ssl.SSLSocketImpl.startHandshake(SSLSocketImpl.java:1400)
	at org.apache.zookeeper.client.FourLetterWordMain.send4LetterWord(FourLetterWordMain.java:105)
	at org.apache.zookeeper.client.FourLetterWordMain.send4LetterWord(FourLetterWordMain.java:73)
	at org.apache.zookeeper.test.ClientBase.waitForServerUp(ClientBase.java:261)
	at org.apache.zookeeper.test.ClientBase.startServerInstance(ClientBase.java:401)
	at org.apache.zookeeper.test.ClientBase.startServer(ClientBase.java:516)
	at org.apache.zookeeper.test.ClientBase.setUpWithServerId(ClientBase.java:499)
	at org.apache.zookeeper.test.ClientBase.setUp(ClientBase.java:474)
	at org.apache.zookeeper.test.SaslDigestAuthOverSSLTest.setUp(SaslDigestAuthOverSSLTest.java:62)
	at sun.reflect.NativeMethodAccessorImpl.invoke0(Native Method)
	at sun.reflect.NativeMethodAccessorImpl.invoke(NativeMethodAccessorImpl.java:62)
	at sun.reflect.DelegatingMethodAccessorImpl.invoke(DelegatingMethodAccessorImpl.java:43)
	at java.lang.reflect.Method.invoke(Method.java:498)
	at org.junit.runners.model.FrameworkMethod$1.runReflectiveCall(FrameworkMethod.java:50)
	at org.junit.internal.runners.model.ReflectiveCallable.run(ReflectiveCallable.java:12)
	at org.junit.runners.model.FrameworkMethod.invokeExplosively(FrameworkMethod.java:47)
	at mockit.integration.junit4.JUnit4TestRunnerDecorator.invokeExplosively(JUnit4TestRunnerDecorator.java:49)
	at mockit.integration.junit4.FakeFrameworkMethod.invokeExplosively(FakeFrameworkMethod.java:29)
	at org.junit.runners.model.FrameworkMethod.invokeExplosively(FrameworkMethod.java)
	at org.junit.internal.runners.statements.RunBefores.evaluate(RunBefores.java:24)
	at org.junit.internal.runners.statements.RunAfters.evaluate(RunAfters.java:27)
	at org.junit.rules.TestWatcher$1.evaluate(TestWatcher.java:55)
	at org.junit.rules.RunRules.evaluate(RunRules.java:20)
	at org.junit.runners.ParentRunner.runLeaf(ParentRunner.java:325)
	at org.junit.runners.BlockJUnit4ClassRunner.runChild(BlockJUnit4ClassRunner.java:78)
	at org.junit.runners.BlockJUnit4ClassRunner.runChild(BlockJUnit4ClassRunner.java:57)
	at org.junit.runners.ParentRunner$3.run(ParentRunner.java:290)
	at org.junit.runners.ParentRunner$1.schedule(ParentRunner.java:71)
	at org.junit.runners.ParentRunner.runChildren(ParentRunner.java:288)
	at org.junit.runners.ParentRunner.access$000(ParentRunner.java:58)
	at org.junit.runners.ParentRunner$2.evaluate(ParentRunner.java:268)
	at org.junit.internal.runners.statements.RunBefores.evaluate(RunBefores.java:26)
	at org.junit.runners.ParentRunner.run(ParentRunner.java:363)
	at org.apache.maven.surefire.junit4.JUnit4Provider.execute(JUnit4Provider.java:365)
	at org.apache.maven.surefire.junit4.JUnit4Provider.executeWithRerun(JUnit4Provider.java:273)
	at org.apache.maven.surefire.junit4.JUnit4Provider.executeTestSet(JUnit4Provider.java:238)
	at org.apache.maven.surefire.junit4.JUnit4Provider.invoke(JUnit4Provider.java:159)
	at org.apache.maven.surefire.booter.ForkedBooter.invokeProviderInSameClassLoader(ForkedBooter.java:384)
	at org.apache.maven.surefire.booter.ForkedBooter.runSuitesInProcess(ForkedBooter.java:345)
	at org.apache.maven.surefire.booter.ForkedBooter.execute(ForkedBooter.java:126)
	at org.apache.maven.surefire.booter.ForkedBooter.main(ForkedBooter.java:418)
Caused by: java.security.cert.CertificateException: Failed to verify both host address and host name
	at org.apache.zookeeper.common.ZKTrustManager.performHostVerification(ZKTrustManager.java:163)
	at org.apache.zookeeper.common.ZKTrustManager.checkServerTrusted(ZKTrustManager.java:90)
	at sun.security.ssl.ClientHandshaker.serverCertificate(ClientHandshaker.java:1670)
	... 47 more
Caused by: javax.net.ssl.SSLPeerUnverifiedException: Certificate for <activate.navicat.com> doesn't match common name of the certificate subject: localhost
	at org.apache.zookeeper.common.ZKHostnameVerifier.matchCN(ZKHostnameVerifier.java:238)
	at org.apache.zookeeper.common.ZKHostnameVerifier.verify(ZKHostnameVerifier.java:184)
	at org.apache.zookeeper.common.ZKTrustManager.performHostVerification(ZKTrustManager.java:159)
	... 49 more
2020-06-22 14:22:45,482 [myid:] - ERROR [nioEventLoopGroup-4-14:NettyServerCnxnFactory$CertificateVerifier@434] - Unsuccessful handshake with session 0x0
2020-06-22 14:22:45,483 [myid:] - WARN  [nioEventLoopGroup-4-14:NettyServerCnxnFactory$CnxnChannelHandler@273] - Exception caught
io.netty.handler.codec.DecoderException: javax.net.ssl.SSLException: Received fatal alert: certificate_unknown
	at io.netty.handler.codec.ByteToMessageDecoder.callDecode(ByteToMessageDecoder.java:468)
	at io.netty.handler.codec.ByteToMessageDecoder.channelRead(ByteToMessageDecoder.java:276)
	at io.netty.channel.AbstractChannelHandlerContext.invokeChannelRead(AbstractChannelHandlerContext.java:379)
	at io.netty.channel.AbstractChannelHandlerContext.invokeChannelRead(AbstractChannelHandlerContext.java:365)
	at io.netty.channel.AbstractChannelHandlerContext.fireChannelRead(AbstractChannelHandlerContext.java:357)
	at io.netty.channel.DefaultChannelPipeline$HeadContext.channelRead(DefaultChannelPipeline.java:1410)
	at io.netty.channel.AbstractChannelHandlerContext.invokeChannelRead(AbstractChannelHandlerContext.java:379)
	at io.netty.channel.AbstractChannelHandlerContext.invokeChannelRead(AbstractChannelHandlerContext.java:365)
	at io.netty.channel.DefaultChannelPipeline.fireChannelRead(DefaultChannelPipeline.java:919)
	at io.netty.channel.nio.AbstractNioByteChannel$NioByteUnsafe.read(AbstractNioByteChannel.java:163)
	at io.netty.channel.nio.NioEventLoop.processSelectedKey(NioEventLoop.java:714)
	at io.netty.channel.nio.NioEventLoop.processSelectedKeysOptimized(NioEventLoop.java:650)
	at io.netty.channel.nio.NioEventLoop.processSelectedKeys(NioEventLoop.java:576)
	at io.netty.channel.nio.NioEventLoop.run(NioEventLoop.java:493)
	at io.netty.util.concurrent.SingleThreadEventExecutor$4.run(SingleThreadEventExecutor.java:989)
	at io.netty.util.internal.ThreadExecutorMap$2.run(ThreadExecutorMap.java:74)
	at io.netty.util.concurrent.FastThreadLocalRunnable.run(FastThreadLocalRunnable.java:30)
	at java.lang.Thread.run(Thread.java:748)
Caused by: javax.net.ssl.SSLException: Received fatal alert: certificate_unknown
	at sun.security.ssl.Alerts.getSSLException(Alerts.java:214)
	at sun.security.ssl.SSLEngineImpl.fatal(SSLEngineImpl.java:1667)
	at sun.security.ssl.SSLEngineImpl.fatal(SSLEngineImpl.java:1635)
	at sun.security.ssl.SSLEngineImpl.recvAlert(SSLEngineImpl.java:1801)
	at sun.security.ssl.SSLEngineImpl.readRecord(SSLEngineImpl.java:1090)
	at sun.security.ssl.SSLEngineImpl.readNetRecord(SSLEngineImpl.java:913)
	at sun.security.ssl.SSLEngineImpl.unwrap(SSLEngineImpl.java:783)
	at javax.net.ssl.SSLEngine.unwrap(SSLEngine.java:626)
	at io.netty.handler.ssl.SslHandler$SslEngineType$3.unwrap(SslHandler.java:281)
	at io.netty.handler.ssl.SslHandler.unwrap(SslHandler.java:1340)
	at io.netty.handler.ssl.SslHandler.decodeJdkCompatible(SslHandler.java:1235)
	at io.netty.handler.ssl.SslHandler.decode(SslHandler.java:1282)
	at io.netty.handler.codec.ByteToMessageDecoder.decodeRemovalReentryProtection(ByteToMessageDecoder.java:498)
	at io.netty.handler.codec.ByteToMessageDecoder.callDecode(ByteToMessageDecoder.java:437)
	... 17 more
2020-06-22 14:22:45,483 [myid:] - WARN  [nioEventLoopGroup-4-14:NettyServerCnxnFactory$CnxnChannelHandler@273] - Exception caught
io.netty.handler.codec.DecoderException: javax.net.ssl.SSLException: Received fatal alert: certificate_unknown
	at io.netty.handler.codec.ByteToMessageDecoder.callDecode(ByteToMessageDecoder.java:468)
	at io.netty.handler.codec.ByteToMessageDecoder.channelInputClosed(ByteToMessageDecoder.java:401)
	at io.netty.handler.codec.ByteToMessageDecoder.channelInputClosed(ByteToMessageDecoder.java:368)
	at io.netty.handler.codec.ByteToMessageDecoder.channelInactive(ByteToMessageDecoder.java:351)
	at io.netty.handler.ssl.SslHandler.channelInactive(SslHandler.java:1084)
	at io.netty.channel.AbstractChannelHandlerContext.invokeChannelInactive(AbstractChannelHandlerContext.java:262)
	at io.netty.channel.AbstractChannelHandlerContext.invokeChannelInactive(AbstractChannelHandlerContext.java:248)
	at io.netty.channel.AbstractChannelHandlerContext.fireChannelInactive(AbstractChannelHandlerContext.java:241)
	at io.netty.channel.DefaultChannelPipeline$HeadContext.channelInactive(DefaultChannelPipeline.java:1405)
	at io.netty.channel.AbstractChannelHandlerContext.invokeChannelInactive(AbstractChannelHandlerContext.java:262)
	at io.netty.channel.AbstractChannelHandlerContext.invokeChannelInactive(AbstractChannelHandlerContext.java:248)
	at io.netty.channel.DefaultChannelPipeline.fireChannelInactive(DefaultChannelPipeline.java:901)
	at io.netty.channel.AbstractChannel$AbstractUnsafe$8.run(AbstractChannel.java:818)
	at io.netty.util.concurrent.AbstractEventExecutor.safeExecute(AbstractEventExecutor.java:164)
	at io.netty.util.concurrent.SingleThreadEventExecutor.runAllTasks(SingleThreadEventExecutor.java:472)
	at io.netty.channel.nio.NioEventLoop.run(NioEventLoop.java:497)
	at io.netty.util.concurrent.SingleThreadEventExecutor$4.run(SingleThreadEventExecutor.java:989)
	at io.netty.util.internal.ThreadExecutorMap$2.run(ThreadExecutorMap.java:74)
	at io.netty.util.concurrent.FastThreadLocalRunnable.run(FastThreadLocalRunnable.java:30)
	at java.lang.Thread.run(Thread.java:748)
Caused by: javax.net.ssl.SSLException: Received fatal alert: certificate_unknown
	at sun.security.ssl.Alerts.getSSLException(Alerts.java:214)
	at sun.security.ssl.SSLEngineImpl.fatal(SSLEngineImpl.java:1667)
	at sun.security.ssl.SSLEngineImpl.fatal(SSLEngineImpl.java:1635)
	at sun.security.ssl.SSLEngineImpl.recvAlert(SSLEngineImpl.java:1801)
	at sun.security.ssl.SSLEngineImpl.readRecord(SSLEngineImpl.java:1090)
	at sun.security.ssl.SSLEngineImpl.readNetRecord(SSLEngineImpl.java:913)
	at sun.security.ssl.SSLEngineImpl.unwrap(SSLEngineImpl.java:783)
	at javax.net.ssl.SSLEngine.unwrap(SSLEngine.java:626)
	at io.netty.handler.ssl.SslHandler$SslEngineType$3.unwrap(SslHandler.java:281)
	at io.netty.handler.ssl.SslHandler.unwrap(SslHandler.java:1340)
	at io.netty.handler.ssl.SslHandler.decodeJdkCompatible(SslHandler.java:1235)
	at io.netty.handler.ssl.SslHandler.decode(SslHandler.java:1282)
	at io.netty.handler.codec.ByteToMessageDecoder.decodeRemovalReentryProtection(ByteToMessageDecoder.java:498)
	at io.netty.handler.codec.ByteToMessageDecoder.callDecode(ByteToMessageDecoder.java:437)
	... 19 more
2020-06-22 14:22:45,733 [myid:] - INFO  [main:FourLetterWordMain@93] - connecting to 127.0.0.1 21995
2020-06-22 14:22:45,733 [myid:] - INFO  [main:FourLetterWordMain@99] - using secure socket
2020-06-22 14:22:45,740 [myid:] - ERROR [main:ZKTrustManager@161] - Failed to verify host address: 127.0.0.1
javax.net.ssl.SSLPeerUnverifiedException: Certificate for <127.0.0.1> doesn't match common name of the certificate subject: localhost
	at org.apache.zookeeper.common.ZKHostnameVerifier.matchCN(ZKHostnameVerifier.java:238)
	at org.apache.zookeeper.common.ZKHostnameVerifier.verify(ZKHostnameVerifier.java:184)
	at org.apache.zookeeper.common.ZKTrustManager.performHostVerification(ZKTrustManager.java:151)
	at org.apache.zookeeper.common.ZKTrustManager.checkServerTrusted(ZKTrustManager.java:90)
	at sun.security.ssl.ClientHandshaker.serverCertificate(ClientHandshaker.java:1670)
	at sun.security.ssl.ClientHandshaker.processMessage(ClientHandshaker.java:226)
	at sun.security.ssl.Handshaker.processLoop(Handshaker.java:1082)
	at sun.security.ssl.Handshaker.process_record(Handshaker.java:1010)
	at sun.security.ssl.SSLSocketImpl.readRecord(SSLSocketImpl.java:1079)
	at sun.security.ssl.SSLSocketImpl.performInitialHandshake(SSLSocketImpl.java:1388)
	at sun.security.ssl.SSLSocketImpl.startHandshake(SSLSocketImpl.java:1416)
	at sun.security.ssl.SSLSocketImpl.startHandshake(SSLSocketImpl.java:1400)
	at org.apache.zookeeper.client.FourLetterWordMain.send4LetterWord(FourLetterWordMain.java:105)
	at org.apache.zookeeper.client.FourLetterWordMain.send4LetterWord(FourLetterWordMain.java:73)
	at org.apache.zookeeper.test.ClientBase.waitForServerUp(ClientBase.java:261)
	at org.apache.zookeeper.test.ClientBase.startServerInstance(ClientBase.java:401)
	at org.apache.zookeeper.test.ClientBase.startServer(ClientBase.java:516)
	at org.apache.zookeeper.test.ClientBase.setUpWithServerId(ClientBase.java:499)
	at org.apache.zookeeper.test.ClientBase.setUp(ClientBase.java:474)
	at org.apache.zookeeper.test.SaslDigestAuthOverSSLTest.setUp(SaslDigestAuthOverSSLTest.java:62)
	at sun.reflect.NativeMethodAccessorImpl.invoke0(Native Method)
	at sun.reflect.NativeMethodAccessorImpl.invoke(NativeMethodAccessorImpl.java:62)
	at sun.reflect.DelegatingMethodAccessorImpl.invoke(DelegatingMethodAccessorImpl.java:43)
	at java.lang.reflect.Method.invoke(Method.java:498)
	at org.junit.runners.model.FrameworkMethod$1.runReflectiveCall(FrameworkMethod.java:50)
	at org.junit.internal.runners.model.ReflectiveCallable.run(ReflectiveCallable.java:12)
	at org.junit.runners.model.FrameworkMethod.invokeExplosively(FrameworkMethod.java:47)
	at mockit.integration.junit4.JUnit4TestRunnerDecorator.invokeExplosively(JUnit4TestRunnerDecorator.java:49)
	at mockit.integration.junit4.FakeFrameworkMethod.invokeExplosively(FakeFrameworkMethod.java:29)
	at org.junit.runners.model.FrameworkMethod.invokeExplosively(FrameworkMethod.java)
	at org.junit.internal.runners.statements.RunBefores.evaluate(RunBefores.java:24)
	at org.junit.internal.runners.statements.RunAfters.evaluate(RunAfters.java:27)
	at org.junit.rules.TestWatcher$1.evaluate(TestWatcher.java:55)
	at org.junit.rules.RunRules.evaluate(RunRules.java:20)
	at org.junit.runners.ParentRunner.runLeaf(ParentRunner.java:325)
	at org.junit.runners.BlockJUnit4ClassRunner.runChild(BlockJUnit4ClassRunner.java:78)
	at org.junit.runners.BlockJUnit4ClassRunner.runChild(BlockJUnit4ClassRunner.java:57)
	at org.junit.runners.ParentRunner$3.run(ParentRunner.java:290)
	at org.junit.runners.ParentRunner$1.schedule(ParentRunner.java:71)
	at org.junit.runners.ParentRunner.runChildren(ParentRunner.java:288)
	at org.junit.runners.ParentRunner.access$000(ParentRunner.java:58)
	at org.junit.runners.ParentRunner$2.evaluate(ParentRunner.java:268)
	at org.junit.internal.runners.statements.RunBefores.evaluate(RunBefores.java:26)
	at org.junit.runners.ParentRunner.run(ParentRunner.java:363)
	at org.apache.maven.surefire.junit4.JUnit4Provider.execute(JUnit4Provider.java:365)
	at org.apache.maven.surefire.junit4.JUnit4Provider.executeWithRerun(JUnit4Provider.java:273)
	at org.apache.maven.surefire.junit4.JUnit4Provider.executeTestSet(JUnit4Provider.java:238)
	at org.apache.maven.surefire.junit4.JUnit4Provider.invoke(JUnit4Provider.java:159)
	at org.apache.maven.surefire.booter.ForkedBooter.invokeProviderInSameClassLoader(ForkedBooter.java:384)
	at org.apache.maven.surefire.booter.ForkedBooter.runSuitesInProcess(ForkedBooter.java:345)
	at org.apache.maven.surefire.booter.ForkedBooter.execute(ForkedBooter.java:126)
	at org.apache.maven.surefire.booter.ForkedBooter.main(ForkedBooter.java:418)
2020-06-22 14:22:45,740 [myid:] - ERROR [main:ZKTrustManager@162] - Failed to verify hostname: activate.navicat.com
javax.net.ssl.SSLPeerUnverifiedException: Certificate for <activate.navicat.com> doesn't match common name of the certificate subject: localhost
	at org.apache.zookeeper.common.ZKHostnameVerifier.matchCN(ZKHostnameVerifier.java:238)
	at org.apache.zookeeper.common.ZKHostnameVerifier.verify(ZKHostnameVerifier.java:184)
	at org.apache.zookeeper.common.ZKTrustManager.performHostVerification(ZKTrustManager.java:159)
	at org.apache.zookeeper.common.ZKTrustManager.checkServerTrusted(ZKTrustManager.java:90)
	at sun.security.ssl.ClientHandshaker.serverCertificate(ClientHandshaker.java:1670)
	at sun.security.ssl.ClientHandshaker.processMessage(ClientHandshaker.java:226)
	at sun.security.ssl.Handshaker.processLoop(Handshaker.java:1082)
	at sun.security.ssl.Handshaker.process_record(Handshaker.java:1010)
	at sun.security.ssl.SSLSocketImpl.readRecord(SSLSocketImpl.java:1079)
	at sun.security.ssl.SSLSocketImpl.performInitialHandshake(SSLSocketImpl.java:1388)
	at sun.security.ssl.SSLSocketImpl.startHandshake(SSLSocketImpl.java:1416)
	at sun.security.ssl.SSLSocketImpl.startHandshake(SSLSocketImpl.java:1400)
	at org.apache.zookeeper.client.FourLetterWordMain.send4LetterWord(FourLetterWordMain.java:105)
	at org.apache.zookeeper.client.FourLetterWordMain.send4LetterWord(FourLetterWordMain.java:73)
	at org.apache.zookeeper.test.ClientBase.waitForServerUp(ClientBase.java:261)
	at org.apache.zookeeper.test.ClientBase.startServerInstance(ClientBase.java:401)
	at org.apache.zookeeper.test.ClientBase.startServer(ClientBase.java:516)
	at org.apache.zookeeper.test.ClientBase.setUpWithServerId(ClientBase.java:499)
	at org.apache.zookeeper.test.ClientBase.setUp(ClientBase.java:474)
	at org.apache.zookeeper.test.SaslDigestAuthOverSSLTest.setUp(SaslDigestAuthOverSSLTest.java:62)
	at sun.reflect.NativeMethodAccessorImpl.invoke0(Native Method)
	at sun.reflect.NativeMethodAccessorImpl.invoke(NativeMethodAccessorImpl.java:62)
	at sun.reflect.DelegatingMethodAccessorImpl.invoke(DelegatingMethodAccessorImpl.java:43)
	at java.lang.reflect.Method.invoke(Method.java:498)
	at org.junit.runners.model.FrameworkMethod$1.runReflectiveCall(FrameworkMethod.java:50)
	at org.junit.internal.runners.model.ReflectiveCallable.run(ReflectiveCallable.java:12)
	at org.junit.runners.model.FrameworkMethod.invokeExplosively(FrameworkMethod.java:47)
	at mockit.integration.junit4.JUnit4TestRunnerDecorator.invokeExplosively(JUnit4TestRunnerDecorator.java:49)
	at mockit.integration.junit4.FakeFrameworkMethod.invokeExplosively(FakeFrameworkMethod.java:29)
	at org.junit.runners.model.FrameworkMethod.invokeExplosively(FrameworkMethod.java)
	at org.junit.internal.runners.statements.RunBefores.evaluate(RunBefores.java:24)
	at org.junit.internal.runners.statements.RunAfters.evaluate(RunAfters.java:27)
	at org.junit.rules.TestWatcher$1.evaluate(TestWatcher.java:55)
	at org.junit.rules.RunRules.evaluate(RunRules.java:20)
	at org.junit.runners.ParentRunner.runLeaf(ParentRunner.java:325)
	at org.junit.runners.BlockJUnit4ClassRunner.runChild(BlockJUnit4ClassRunner.java:78)
	at org.junit.runners.BlockJUnit4ClassRunner.runChild(BlockJUnit4ClassRunner.java:57)
	at org.junit.runners.ParentRunner$3.run(ParentRunner.java:290)
	at org.junit.runners.ParentRunner$1.schedule(ParentRunner.java:71)
	at org.junit.runners.ParentRunner.runChildren(ParentRunner.java:288)
	at org.junit.runners.ParentRunner.access$000(ParentRunner.java:58)
	at org.junit.runners.ParentRunner$2.evaluate(ParentRunner.java:268)
	at org.junit.internal.runners.statements.RunBefores.evaluate(RunBefores.java:26)
	at org.junit.runners.ParentRunner.run(ParentRunner.java:363)
	at org.apache.maven.surefire.junit4.JUnit4Provider.execute(JUnit4Provider.java:365)
	at org.apache.maven.surefire.junit4.JUnit4Provider.executeWithRerun(JUnit4Provider.java:273)
	at org.apache.maven.surefire.junit4.JUnit4Provider.executeTestSet(JUnit4Provider.java:238)
	at org.apache.maven.surefire.junit4.JUnit4Provider.invoke(JUnit4Provider.java:159)
	at org.apache.maven.surefire.booter.ForkedBooter.invokeProviderInSameClassLoader(ForkedBooter.java:384)
	at org.apache.maven.surefire.booter.ForkedBooter.runSuitesInProcess(ForkedBooter.java:345)
	at org.apache.maven.surefire.booter.ForkedBooter.execute(ForkedBooter.java:126)
	at org.apache.maven.surefire.booter.ForkedBooter.main(ForkedBooter.java:418)
2020-06-22 14:22:45,741 [myid:] - INFO  [main:ClientBase@270] - server 127.0.0.1:21995 not up
javax.net.ssl.SSLHandshakeException: java.security.cert.CertificateException: Failed to verify both host address and host name
	at sun.security.ssl.Alerts.getSSLException(Alerts.java:198)
	at sun.security.ssl.SSLSocketImpl.fatal(SSLSocketImpl.java:1967)
	at sun.security.ssl.Handshaker.fatalSE(Handshaker.java:331)
	at sun.security.ssl.Handshaker.fatalSE(Handshaker.java:325)
	at sun.security.ssl.ClientHandshaker.serverCertificate(ClientHandshaker.java:1688)
	at sun.security.ssl.ClientHandshaker.processMessage(ClientHandshaker.java:226)
	at sun.security.ssl.Handshaker.processLoop(Handshaker.java:1082)
	at sun.security.ssl.Handshaker.process_record(Handshaker.java:1010)
	at sun.security.ssl.SSLSocketImpl.readRecord(SSLSocketImpl.java:1079)
	at sun.security.ssl.SSLSocketImpl.performInitialHandshake(SSLSocketImpl.java:1388)
	at sun.security.ssl.SSLSocketImpl.startHandshake(SSLSocketImpl.java:1416)
	at sun.security.ssl.SSLSocketImpl.startHandshake(SSLSocketImpl.java:1400)
	at org.apache.zookeeper.client.FourLetterWordMain.send4LetterWord(FourLetterWordMain.java:105)
	at org.apache.zookeeper.client.FourLetterWordMain.send4LetterWord(FourLetterWordMain.java:73)
	at org.apache.zookeeper.test.ClientBase.waitForServerUp(ClientBase.java:261)
	at org.apache.zookeeper.test.ClientBase.startServerInstance(ClientBase.java:401)
	at org.apache.zookeeper.test.ClientBase.startServer(ClientBase.java:516)
	at org.apache.zookeeper.test.ClientBase.setUpWithServerId(ClientBase.java:499)
	at org.apache.zookeeper.test.ClientBase.setUp(ClientBase.java:474)
	at org.apache.zookeeper.test.SaslDigestAuthOverSSLTest.setUp(SaslDigestAuthOverSSLTest.java:62)
	at sun.reflect.NativeMethodAccessorImpl.invoke0(Native Method)
	at sun.reflect.NativeMethodAccessorImpl.invoke(NativeMethodAccessorImpl.java:62)
	at sun.reflect.DelegatingMethodAccessorImpl.invoke(DelegatingMethodAccessorImpl.java:43)
	at java.lang.reflect.Method.invoke(Method.java:498)
	at org.junit.runners.model.FrameworkMethod$1.runReflectiveCall(FrameworkMethod.java:50)
	at org.junit.internal.runners.model.ReflectiveCallable.run(ReflectiveCallable.java:12)
	at org.junit.runners.model.FrameworkMethod.invokeExplosively(FrameworkMethod.java:47)
	at mockit.integration.junit4.JUnit4TestRunnerDecorator.invokeExplosively(JUnit4TestRunnerDecorator.java:49)
	at mockit.integration.junit4.FakeFrameworkMethod.invokeExplosively(FakeFrameworkMethod.java:29)
	at org.junit.runners.model.FrameworkMethod.invokeExplosively(FrameworkMethod.java)
	at org.junit.internal.runners.statements.RunBefores.evaluate(RunBefores.java:24)
	at org.junit.internal.runners.statements.RunAfters.evaluate(RunAfters.java:27)
	at org.junit.rules.TestWatcher$1.evaluate(TestWatcher.java:55)
	at org.junit.rules.RunRules.evaluate(RunRules.java:20)
	at org.junit.runners.ParentRunner.runLeaf(ParentRunner.java:325)
	at org.junit.runners.BlockJUnit4ClassRunner.runChild(BlockJUnit4ClassRunner.java:78)
	at org.junit.runners.BlockJUnit4ClassRunner.runChild(BlockJUnit4ClassRunner.java:57)
	at org.junit.runners.ParentRunner$3.run(ParentRunner.java:290)
	at org.junit.runners.ParentRunner$1.schedule(ParentRunner.java:71)
	at org.junit.runners.ParentRunner.runChildren(ParentRunner.java:288)
	at org.junit.runners.ParentRunner.access$000(ParentRunner.java:58)
	at org.junit.runners.ParentRunner$2.evaluate(ParentRunner.java:268)
	at org.junit.internal.runners.statements.RunBefores.evaluate(RunBefores.java:26)
	at org.junit.runners.ParentRunner.run(ParentRunner.java:363)
	at org.apache.maven.surefire.junit4.JUnit4Provider.execute(JUnit4Provider.java:365)
	at org.apache.maven.surefire.junit4.JUnit4Provider.executeWithRerun(JUnit4Provider.java:273)
	at org.apache.maven.surefire.junit4.JUnit4Provider.executeTestSet(JUnit4Provider.java:238)
	at org.apache.maven.surefire.junit4.JUnit4Provider.invoke(JUnit4Provider.java:159)
	at org.apache.maven.surefire.booter.ForkedBooter.invokeProviderInSameClassLoader(ForkedBooter.java:384)
	at org.apache.maven.surefire.booter.ForkedBooter.runSuitesInProcess(ForkedBooter.java:345)
	at org.apache.maven.surefire.booter.ForkedBooter.execute(ForkedBooter.java:126)
	at org.apache.maven.surefire.booter.ForkedBooter.main(ForkedBooter.java:418)
Caused by: java.security.cert.CertificateException: Failed to verify both host address and host name
	at org.apache.zookeeper.common.ZKTrustManager.performHostVerification(ZKTrustManager.java:163)
	at org.apache.zookeeper.common.ZKTrustManager.checkServerTrusted(ZKTrustManager.java:90)
	at sun.security.ssl.ClientHandshaker.serverCertificate(ClientHandshaker.java:1670)
	... 47 more
Caused by: javax.net.ssl.SSLPeerUnverifiedException: Certificate for <activate.navicat.com> doesn't match common name of the certificate subject: localhost
	at org.apache.zookeeper.common.ZKHostnameVerifier.matchCN(ZKHostnameVerifier.java:238)
	at org.apache.zookeeper.common.ZKHostnameVerifier.verify(ZKHostnameVerifier.java:184)
	at org.apache.zookeeper.common.ZKTrustManager.performHostVerification(ZKTrustManager.java:159)
	... 49 more
2020-06-22 14:22:45,741 [myid:] - ERROR [nioEventLoopGroup-4-15:NettyServerCnxnFactory$CertificateVerifier@434] - Unsuccessful handshake with session 0x0
2020-06-22 14:22:45,744 [myid:] - WARN  [nioEventLoopGroup-4-15:NettyServerCnxnFactory$CnxnChannelHandler@273] - Exception caught
io.netty.handler.codec.DecoderException: javax.net.ssl.SSLException: Received fatal alert: certificate_unknown
	at io.netty.handler.codec.ByteToMessageDecoder.callDecode(ByteToMessageDecoder.java:468)
	at io.netty.handler.codec.ByteToMessageDecoder.channelRead(ByteToMessageDecoder.java:276)
	at io.netty.channel.AbstractChannelHandlerContext.invokeChannelRead(AbstractChannelHandlerContext.java:379)
	at io.netty.channel.AbstractChannelHandlerContext.invokeChannelRead(AbstractChannelHandlerContext.java:365)
	at io.netty.channel.AbstractChannelHandlerContext.fireChannelRead(AbstractChannelHandlerContext.java:357)
	at io.netty.channel.DefaultChannelPipeline$HeadContext.channelRead(DefaultChannelPipeline.java:1410)
	at io.netty.channel.AbstractChannelHandlerContext.invokeChannelRead(AbstractChannelHandlerContext.java:379)
	at io.netty.channel.AbstractChannelHandlerContext.invokeChannelRead(AbstractChannelHandlerContext.java:365)
	at io.netty.channel.DefaultChannelPipeline.fireChannelRead(DefaultChannelPipeline.java:919)
	at io.netty.channel.nio.AbstractNioByteChannel$NioByteUnsafe.read(AbstractNioByteChannel.java:163)
	at io.netty.channel.nio.NioEventLoop.processSelectedKey(NioEventLoop.java:714)
	at io.netty.channel.nio.NioEventLoop.processSelectedKeysOptimized(NioEventLoop.java:650)
	at io.netty.channel.nio.NioEventLoop.processSelectedKeys(NioEventLoop.java:576)
	at io.netty.channel.nio.NioEventLoop.run(NioEventLoop.java:493)
	at io.netty.util.concurrent.SingleThreadEventExecutor$4.run(SingleThreadEventExecutor.java:989)
	at io.netty.util.internal.ThreadExecutorMap$2.run(ThreadExecutorMap.java:74)
	at io.netty.util.concurrent.FastThreadLocalRunnable.run(FastThreadLocalRunnable.java:30)
	at java.lang.Thread.run(Thread.java:748)
Caused by: javax.net.ssl.SSLException: Received fatal alert: certificate_unknown
	at sun.security.ssl.Alerts.getSSLException(Alerts.java:214)
	at sun.security.ssl.SSLEngineImpl.fatal(SSLEngineImpl.java:1667)
	at sun.security.ssl.SSLEngineImpl.fatal(SSLEngineImpl.java:1635)
	at sun.security.ssl.SSLEngineImpl.recvAlert(SSLEngineImpl.java:1801)
	at sun.security.ssl.SSLEngineImpl.readRecord(SSLEngineImpl.java:1090)
	at sun.security.ssl.SSLEngineImpl.readNetRecord(SSLEngineImpl.java:913)
	at sun.security.ssl.SSLEngineImpl.unwrap(SSLEngineImpl.java:783)
	at javax.net.ssl.SSLEngine.unwrap(SSLEngine.java:626)
	at io.netty.handler.ssl.SslHandler$SslEngineType$3.unwrap(SslHandler.java:281)
	at io.netty.handler.ssl.SslHandler.unwrap(SslHandler.java:1340)
	at io.netty.handler.ssl.SslHandler.decodeJdkCompatible(SslHandler.java:1235)
	at io.netty.handler.ssl.SslHandler.decode(SslHandler.java:1282)
	at io.netty.handler.codec.ByteToMessageDecoder.decodeRemovalReentryProtection(ByteToMessageDecoder.java:498)
	at io.netty.handler.codec.ByteToMessageDecoder.callDecode(ByteToMessageDecoder.java:437)
	... 17 more
2020-06-22 14:22:45,745 [myid:] - WARN  [nioEventLoopGroup-4-15:NettyServerCnxnFactory$CnxnChannelHandler@273] - Exception caught
io.netty.handler.codec.DecoderException: javax.net.ssl.SSLException: Received fatal alert: certificate_unknown
	at io.netty.handler.codec.ByteToMessageDecoder.callDecode(ByteToMessageDecoder.java:468)
	at io.netty.handler.codec.ByteToMessageDecoder.channelInputClosed(ByteToMessageDecoder.java:401)
	at io.netty.handler.codec.ByteToMessageDecoder.channelInputClosed(ByteToMessageDecoder.java:368)
	at io.netty.handler.codec.ByteToMessageDecoder.channelInactive(ByteToMessageDecoder.java:351)
	at io.netty.handler.ssl.SslHandler.channelInactive(SslHandler.java:1084)
	at io.netty.channel.AbstractChannelHandlerContext.invokeChannelInactive(AbstractChannelHandlerContext.java:262)
	at io.netty.channel.AbstractChannelHandlerContext.invokeChannelInactive(AbstractChannelHandlerContext.java:248)
	at io.netty.channel.AbstractChannelHandlerContext.fireChannelInactive(AbstractChannelHandlerContext.java:241)
	at io.netty.channel.DefaultChannelPipeline$HeadContext.channelInactive(DefaultChannelPipeline.java:1405)
	at io.netty.channel.AbstractChannelHandlerContext.invokeChannelInactive(AbstractChannelHandlerContext.java:262)
	at io.netty.channel.AbstractChannelHandlerContext.invokeChannelInactive(AbstractChannelHandlerContext.java:248)
	at io.netty.channel.DefaultChannelPipeline.fireChannelInactive(DefaultChannelPipeline.java:901)
	at io.netty.channel.AbstractChannel$AbstractUnsafe$8.run(AbstractChannel.java:818)
	at io.netty.util.concurrent.AbstractEventExecutor.safeExecute(AbstractEventExecutor.java:164)
	at io.netty.util.concurrent.SingleThreadEventExecutor.runAllTasks(SingleThreadEventExecutor.java:472)
	at io.netty.channel.nio.NioEventLoop.run(NioEventLoop.java:497)
	at io.netty.util.concurrent.SingleThreadEventExecutor$4.run(SingleThreadEventExecutor.java:989)
	at io.netty.util.internal.ThreadExecutorMap$2.run(ThreadExecutorMap.java:74)
	at io.netty.util.concurrent.FastThreadLocalRunnable.run(FastThreadLocalRunnable.java:30)
	at java.lang.Thread.run(Thread.java:748)
Caused by: javax.net.ssl.SSLException: Received fatal alert: certificate_unknown
	at sun.security.ssl.Alerts.getSSLException(Alerts.java:214)
	at sun.security.ssl.SSLEngineImpl.fatal(SSLEngineImpl.java:1667)
	at sun.security.ssl.SSLEngineImpl.fatal(SSLEngineImpl.java:1635)
	at sun.security.ssl.SSLEngineImpl.recvAlert(SSLEngineImpl.java:1801)
	at sun.security.ssl.SSLEngineImpl.readRecord(SSLEngineImpl.java:1090)
	at sun.security.ssl.SSLEngineImpl.readNetRecord(SSLEngineImpl.java:913)
	at sun.security.ssl.SSLEngineImpl.unwrap(SSLEngineImpl.java:783)
	at javax.net.ssl.SSLEngine.unwrap(SSLEngine.java:626)
	at io.netty.handler.ssl.SslHandler$SslEngineType$3.unwrap(SslHandler.java:281)
	at io.netty.handler.ssl.SslHandler.unwrap(SslHandler.java:1340)
	at io.netty.handler.ssl.SslHandler.decodeJdkCompatible(SslHandler.java:1235)
	at io.netty.handler.ssl.SslHandler.decode(SslHandler.java:1282)
	at io.netty.handler.codec.ByteToMessageDecoder.decodeRemovalReentryProtection(ByteToMessageDecoder.java:498)
	at io.netty.handler.codec.ByteToMessageDecoder.callDecode(ByteToMessageDecoder.java:437)
	... 19 more
2020-06-22 14:22:45,994 [myid:] - INFO  [main:FourLetterWordMain@93] - connecting to 127.0.0.1 21995
2020-06-22 14:22:45,994 [myid:] - INFO  [main:FourLetterWordMain@99] - using secure socket
2020-06-22 14:22:46,000 [myid:] - ERROR [main:ZKTrustManager@161] - Failed to verify host address: 127.0.0.1
javax.net.ssl.SSLPeerUnverifiedException: Certificate for <127.0.0.1> doesn't match common name of the certificate subject: localhost
	at org.apache.zookeeper.common.ZKHostnameVerifier.matchCN(ZKHostnameVerifier.java:238)
	at org.apache.zookeeper.common.ZKHostnameVerifier.verify(ZKHostnameVerifier.java:184)
	at org.apache.zookeeper.common.ZKTrustManager.performHostVerification(ZKTrustManager.java:151)
	at org.apache.zookeeper.common.ZKTrustManager.checkServerTrusted(ZKTrustManager.java:90)
	at sun.security.ssl.ClientHandshaker.serverCertificate(ClientHandshaker.java:1670)
	at sun.security.ssl.ClientHandshaker.processMessage(ClientHandshaker.java:226)
	at sun.security.ssl.Handshaker.processLoop(Handshaker.java:1082)
	at sun.security.ssl.Handshaker.process_record(Handshaker.java:1010)
	at sun.security.ssl.SSLSocketImpl.readRecord(SSLSocketImpl.java:1079)
	at sun.security.ssl.SSLSocketImpl.performInitialHandshake(SSLSocketImpl.java:1388)
	at sun.security.ssl.SSLSocketImpl.startHandshake(SSLSocketImpl.java:1416)
	at sun.security.ssl.SSLSocketImpl.startHandshake(SSLSocketImpl.java:1400)
	at org.apache.zookeeper.client.FourLetterWordMain.send4LetterWord(FourLetterWordMain.java:105)
	at org.apache.zookeeper.client.FourLetterWordMain.send4LetterWord(FourLetterWordMain.java:73)
	at org.apache.zookeeper.test.ClientBase.waitForServerUp(ClientBase.java:261)
	at org.apache.zookeeper.test.ClientBase.startServerInstance(ClientBase.java:401)
	at org.apache.zookeeper.test.ClientBase.startServer(ClientBase.java:516)
	at org.apache.zookeeper.test.ClientBase.setUpWithServerId(ClientBase.java:499)
	at org.apache.zookeeper.test.ClientBase.setUp(ClientBase.java:474)
	at org.apache.zookeeper.test.SaslDigestAuthOverSSLTest.setUp(SaslDigestAuthOverSSLTest.java:62)
	at sun.reflect.NativeMethodAccessorImpl.invoke0(Native Method)
	at sun.reflect.NativeMethodAccessorImpl.invoke(NativeMethodAccessorImpl.java:62)
	at sun.reflect.DelegatingMethodAccessorImpl.invoke(DelegatingMethodAccessorImpl.java:43)
	at java.lang.reflect.Method.invoke(Method.java:498)
	at org.junit.runners.model.FrameworkMethod$1.runReflectiveCall(FrameworkMethod.java:50)
	at org.junit.internal.runners.model.ReflectiveCallable.run(ReflectiveCallable.java:12)
	at org.junit.runners.model.FrameworkMethod.invokeExplosively(FrameworkMethod.java:47)
	at mockit.integration.junit4.JUnit4TestRunnerDecorator.invokeExplosively(JUnit4TestRunnerDecorator.java:49)
	at mockit.integration.junit4.FakeFrameworkMethod.invokeExplosively(FakeFrameworkMethod.java:29)
	at org.junit.runners.model.FrameworkMethod.invokeExplosively(FrameworkMethod.java)
	at org.junit.internal.runners.statements.RunBefores.evaluate(RunBefores.java:24)
	at org.junit.internal.runners.statements.RunAfters.evaluate(RunAfters.java:27)
	at org.junit.rules.TestWatcher$1.evaluate(TestWatcher.java:55)
	at org.junit.rules.RunRules.evaluate(RunRules.java:20)
	at org.junit.runners.ParentRunner.runLeaf(ParentRunner.java:325)
	at org.junit.runners.BlockJUnit4ClassRunner.runChild(BlockJUnit4ClassRunner.java:78)
	at org.junit.runners.BlockJUnit4ClassRunner.runChild(BlockJUnit4ClassRunner.java:57)
	at org.junit.runners.ParentRunner$3.run(ParentRunner.java:290)
	at org.junit.runners.ParentRunner$1.schedule(ParentRunner.java:71)
	at org.junit.runners.ParentRunner.runChildren(ParentRunner.java:288)
	at org.junit.runners.ParentRunner.access$000(ParentRunner.java:58)
	at org.junit.runners.ParentRunner$2.evaluate(ParentRunner.java:268)
	at org.junit.internal.runners.statements.RunBefores.evaluate(RunBefores.java:26)
	at org.junit.runners.ParentRunner.run(ParentRunner.java:363)
	at org.apache.maven.surefire.junit4.JUnit4Provider.execute(JUnit4Provider.java:365)
	at org.apache.maven.surefire.junit4.JUnit4Provider.executeWithRerun(JUnit4Provider.java:273)
	at org.apache.maven.surefire.junit4.JUnit4Provider.executeTestSet(JUnit4Provider.java:238)
	at org.apache.maven.surefire.junit4.JUnit4Provider.invoke(JUnit4Provider.java:159)
	at org.apache.maven.surefire.booter.ForkedBooter.invokeProviderInSameClassLoader(ForkedBooter.java:384)
	at org.apache.maven.surefire.booter.ForkedBooter.runSuitesInProcess(ForkedBooter.java:345)
	at org.apache.maven.surefire.booter.ForkedBooter.execute(ForkedBooter.java:126)
	at org.apache.maven.surefire.booter.ForkedBooter.main(ForkedBooter.java:418)
2020-06-22 14:22:46,001 [myid:] - ERROR [main:ZKTrustManager@162] - Failed to verify hostname: activate.navicat.com
javax.net.ssl.SSLPeerUnverifiedException: Certificate for <activate.navicat.com> doesn't match common name of the certificate subject: localhost
	at org.apache.zookeeper.common.ZKHostnameVerifier.matchCN(ZKHostnameVerifier.java:238)
	at org.apache.zookeeper.common.ZKHostnameVerifier.verify(ZKHostnameVerifier.java:184)
	at org.apache.zookeeper.common.ZKTrustManager.performHostVerification(ZKTrustManager.java:159)
	at org.apache.zookeeper.common.ZKTrustManager.checkServerTrusted(ZKTrustManager.java:90)
	at sun.security.ssl.ClientHandshaker.serverCertificate(ClientHandshaker.java:1670)
	at sun.security.ssl.ClientHandshaker.processMessage(ClientHandshaker.java:226)
	at sun.security.ssl.Handshaker.processLoop(Handshaker.java:1082)
	at sun.security.ssl.Handshaker.process_record(Handshaker.java:1010)
	at sun.security.ssl.SSLSocketImpl.readRecord(SSLSocketImpl.java:1079)
	at sun.security.ssl.SSLSocketImpl.performInitialHandshake(SSLSocketImpl.java:1388)
	at sun.security.ssl.SSLSocketImpl.startHandshake(SSLSocketImpl.java:1416)
	at sun.security.ssl.SSLSocketImpl.startHandshake(SSLSocketImpl.java:1400)
	at org.apache.zookeeper.client.FourLetterWordMain.send4LetterWord(FourLetterWordMain.java:105)
	at org.apache.zookeeper.client.FourLetterWordMain.send4LetterWord(FourLetterWordMain.java:73)
	at org.apache.zookeeper.test.ClientBase.waitForServerUp(ClientBase.java:261)
	at org.apache.zookeeper.test.ClientBase.startServerInstance(ClientBase.java:401)
	at org.apache.zookeeper.test.ClientBase.startServer(ClientBase.java:516)
	at org.apache.zookeeper.test.ClientBase.setUpWithServerId(ClientBase.java:499)
	at org.apache.zookeeper.test.ClientBase.setUp(ClientBase.java:474)
	at org.apache.zookeeper.test.SaslDigestAuthOverSSLTest.setUp(SaslDigestAuthOverSSLTest.java:62)
	at sun.reflect.NativeMethodAccessorImpl.invoke0(Native Method)
	at sun.reflect.NativeMethodAccessorImpl.invoke(NativeMethodAccessorImpl.java:62)
	at sun.reflect.DelegatingMethodAccessorImpl.invoke(DelegatingMethodAccessorImpl.java:43)
	at java.lang.reflect.Method.invoke(Method.java:498)
	at org.junit.runners.model.FrameworkMethod$1.runReflectiveCall(FrameworkMethod.java:50)
	at org.junit.internal.runners.model.ReflectiveCallable.run(ReflectiveCallable.java:12)
	at org.junit.runners.model.FrameworkMethod.invokeExplosively(FrameworkMethod.java:47)
	at mockit.integration.junit4.JUnit4TestRunnerDecorator.invokeExplosively(JUnit4TestRunnerDecorator.java:49)
	at mockit.integration.junit4.FakeFrameworkMethod.invokeExplosively(FakeFrameworkMethod.java:29)
	at org.junit.runners.model.FrameworkMethod.invokeExplosively(FrameworkMethod.java)
	at org.junit.internal.runners.statements.RunBefores.evaluate(RunBefores.java:24)
	at org.junit.internal.runners.statements.RunAfters.evaluate(RunAfters.java:27)
	at org.junit.rules.TestWatcher$1.evaluate(TestWatcher.java:55)
	at org.junit.rules.RunRules.evaluate(RunRules.java:20)
	at org.junit.runners.ParentRunner.runLeaf(ParentRunner.java:325)
	at org.junit.runners.BlockJUnit4ClassRunner.runChild(BlockJUnit4ClassRunner.java:78)
	at org.junit.runners.BlockJUnit4ClassRunner.runChild(BlockJUnit4ClassRunner.java:57)
	at org.junit.runners.ParentRunner$3.run(ParentRunner.java:290)
	at org.junit.runners.ParentRunner$1.schedule(ParentRunner.java:71)
	at org.junit.runners.ParentRunner.runChildren(ParentRunner.java:288)
	at org.junit.runners.ParentRunner.access$000(ParentRunner.java:58)
	at org.junit.runners.ParentRunner$2.evaluate(ParentRunner.java:268)
	at org.junit.internal.runners.statements.RunBefores.evaluate(RunBefores.java:26)
	at org.junit.runners.ParentRunner.run(ParentRunner.java:363)
	at org.apache.maven.surefire.junit4.JUnit4Provider.execute(JUnit4Provider.java:365)
	at org.apache.maven.surefire.junit4.JUnit4Provider.executeWithRerun(JUnit4Provider.java:273)
	at org.apache.maven.surefire.junit4.JUnit4Provider.executeTestSet(JUnit4Provider.java:238)
	at org.apache.maven.surefire.junit4.JUnit4Provider.invoke(JUnit4Provider.java:159)
	at org.apache.maven.surefire.booter.ForkedBooter.invokeProviderInSameClassLoader(ForkedBooter.java:384)
	at org.apache.maven.surefire.booter.ForkedBooter.runSuitesInProcess(ForkedBooter.java:345)
	at org.apache.maven.surefire.booter.ForkedBooter.execute(ForkedBooter.java:126)
	at org.apache.maven.surefire.booter.ForkedBooter.main(ForkedBooter.java:418)
2020-06-22 14:22:46,001 [myid:] - INFO  [main:ClientBase@270] - server 127.0.0.1:21995 not up
javax.net.ssl.SSLHandshakeException: java.security.cert.CertificateException: Failed to verify both host address and host name
	at sun.security.ssl.Alerts.getSSLException(Alerts.java:198)
	at sun.security.ssl.SSLSocketImpl.fatal(SSLSocketImpl.java:1967)
	at sun.security.ssl.Handshaker.fatalSE(Handshaker.java:331)
	at sun.security.ssl.Handshaker.fatalSE(Handshaker.java:325)
	at sun.security.ssl.ClientHandshaker.serverCertificate(ClientHandshaker.java:1688)
	at sun.security.ssl.ClientHandshaker.processMessage(ClientHandshaker.java:226)
	at sun.security.ssl.Handshaker.processLoop(Handshaker.java:1082)
	at sun.security.ssl.Handshaker.process_record(Handshaker.java:1010)
	at sun.security.ssl.SSLSocketImpl.readRecord(SSLSocketImpl.java:1079)
	at sun.security.ssl.SSLSocketImpl.performInitialHandshake(SSLSocketImpl.java:1388)
	at sun.security.ssl.SSLSocketImpl.startHandshake(SSLSocketImpl.java:1416)
	at sun.security.ssl.SSLSocketImpl.startHandshake(SSLSocketImpl.java:1400)
	at org.apache.zookeeper.client.FourLetterWordMain.send4LetterWord(FourLetterWordMain.java:105)
	at org.apache.zookeeper.client.FourLetterWordMain.send4LetterWord(FourLetterWordMain.java:73)
	at org.apache.zookeeper.test.ClientBase.waitForServerUp(ClientBase.java:261)
	at org.apache.zookeeper.test.ClientBase.startServerInstance(ClientBase.java:401)
	at org.apache.zookeeper.test.ClientBase.startServer(ClientBase.java:516)
	at org.apache.zookeeper.test.ClientBase.setUpWithServerId(ClientBase.java:499)
	at org.apache.zookeeper.test.ClientBase.setUp(ClientBase.java:474)
	at org.apache.zookeeper.test.SaslDigestAuthOverSSLTest.setUp(SaslDigestAuthOverSSLTest.java:62)
	at sun.reflect.NativeMethodAccessorImpl.invoke0(Native Method)
	at sun.reflect.NativeMethodAccessorImpl.invoke(NativeMethodAccessorImpl.java:62)
	at sun.reflect.DelegatingMethodAccessorImpl.invoke(DelegatingMethodAccessorImpl.java:43)
	at java.lang.reflect.Method.invoke(Method.java:498)
	at org.junit.runners.model.FrameworkMethod$1.runReflectiveCall(FrameworkMethod.java:50)
	at org.junit.internal.runners.model.ReflectiveCallable.run(ReflectiveCallable.java:12)
	at org.junit.runners.model.FrameworkMethod.invokeExplosively(FrameworkMethod.java:47)
	at mockit.integration.junit4.JUnit4TestRunnerDecorator.invokeExplosively(JUnit4TestRunnerDecorator.java:49)
	at mockit.integration.junit4.FakeFrameworkMethod.invokeExplosively(FakeFrameworkMethod.java:29)
	at org.junit.runners.model.FrameworkMethod.invokeExplosively(FrameworkMethod.java)
	at org.junit.internal.runners.statements.RunBefores.evaluate(RunBefores.java:24)
	at org.junit.internal.runners.statements.RunAfters.evaluate(RunAfters.java:27)
	at org.junit.rules.TestWatcher$1.evaluate(TestWatcher.java:55)
	at org.junit.rules.RunRules.evaluate(RunRules.java:20)
	at org.junit.runners.ParentRunner.runLeaf(ParentRunner.java:325)
	at org.junit.runners.BlockJUnit4ClassRunner.runChild(BlockJUnit4ClassRunner.java:78)
	at org.junit.runners.BlockJUnit4ClassRunner.runChild(BlockJUnit4ClassRunner.java:57)
	at org.junit.runners.ParentRunner$3.run(ParentRunner.java:290)
	at org.junit.runners.ParentRunner$1.schedule(ParentRunner.java:71)
	at org.junit.runners.ParentRunner.runChildren(ParentRunner.java:288)
	at org.junit.runners.ParentRunner.access$000(ParentRunner.java:58)
	at org.junit.runners.ParentRunner$2.evaluate(ParentRunner.java:268)
	at org.junit.internal.runners.statements.RunBefores.evaluate(RunBefores.java:26)
	at org.junit.runners.ParentRunner.run(ParentRunner.java:363)
	at org.apache.maven.surefire.junit4.JUnit4Provider.execute(JUnit4Provider.java:365)
	at org.apache.maven.surefire.junit4.JUnit4Provider.executeWithRerun(JUnit4Provider.java:273)
	at org.apache.maven.surefire.junit4.JUnit4Provider.executeTestSet(JUnit4Provider.java:238)
	at org.apache.maven.surefire.junit4.JUnit4Provider.invoke(JUnit4Provider.java:159)
	at org.apache.maven.surefire.booter.ForkedBooter.invokeProviderInSameClassLoader(ForkedBooter.java:384)
	at org.apache.maven.surefire.booter.ForkedBooter.runSuitesInProcess(ForkedBooter.java:345)
	at org.apache.maven.surefire.booter.ForkedBooter.execute(ForkedBooter.java:126)
	at org.apache.maven.surefire.booter.ForkedBooter.main(ForkedBooter.java:418)
Caused by: java.security.cert.CertificateException: Failed to verify both host address and host name
	at org.apache.zookeeper.common.ZKTrustManager.performHostVerification(ZKTrustManager.java:163)
	at org.apache.zookeeper.common.ZKTrustManager.checkServerTrusted(ZKTrustManager.java:90)
	at sun.security.ssl.ClientHandshaker.serverCertificate(ClientHandshaker.java:1670)
	... 47 more
Caused by: javax.net.ssl.SSLPeerUnverifiedException: Certificate for <activate.navicat.com> doesn't match common name of the certificate subject: localhost
	at org.apache.zookeeper.common.ZKHostnameVerifier.matchCN(ZKHostnameVerifier.java:238)
	at org.apache.zookeeper.common.ZKHostnameVerifier.verify(ZKHostnameVerifier.java:184)
	at org.apache.zookeeper.common.ZKTrustManager.performHostVerification(ZKTrustManager.java:159)
	... 49 more
2020-06-22 14:22:46,001 [myid:] - ERROR [nioEventLoopGroup-4-16:NettyServerCnxnFactory$CertificateVerifier@434] - Unsuccessful handshake with session 0x0
2020-06-22 14:22:46,002 [myid:] - WARN  [nioEventLoopGroup-4-16:NettyServerCnxnFactory$CnxnChannelHandler@273] - Exception caught
io.netty.handler.codec.DecoderException: javax.net.ssl.SSLException: Received fatal alert: certificate_unknown
	at io.netty.handler.codec.ByteToMessageDecoder.callDecode(ByteToMessageDecoder.java:468)
	at io.netty.handler.codec.ByteToMessageDecoder.channelRead(ByteToMessageDecoder.java:276)
	at io.netty.channel.AbstractChannelHandlerContext.invokeChannelRead(AbstractChannelHandlerContext.java:379)
	at io.netty.channel.AbstractChannelHandlerContext.invokeChannelRead(AbstractChannelHandlerContext.java:365)
	at io.netty.channel.AbstractChannelHandlerContext.fireChannelRead(AbstractChannelHandlerContext.java:357)
	at io.netty.channel.DefaultChannelPipeline$HeadContext.channelRead(DefaultChannelPipeline.java:1410)
	at io.netty.channel.AbstractChannelHandlerContext.invokeChannelRead(AbstractChannelHandlerContext.java:379)
	at io.netty.channel.AbstractChannelHandlerContext.invokeChannelRead(AbstractChannelHandlerContext.java:365)
	at io.netty.channel.DefaultChannelPipeline.fireChannelRead(DefaultChannelPipeline.java:919)
	at io.netty.channel.nio.AbstractNioByteChannel$NioByteUnsafe.read(AbstractNioByteChannel.java:163)
	at io.netty.channel.nio.NioEventLoop.processSelectedKey(NioEventLoop.java:714)
	at io.netty.channel.nio.NioEventLoop.processSelectedKeysOptimized(NioEventLoop.java:650)
	at io.netty.channel.nio.NioEventLoop.processSelectedKeys(NioEventLoop.java:576)
	at io.netty.channel.nio.NioEventLoop.run(NioEventLoop.java:493)
	at io.netty.util.concurrent.SingleThreadEventExecutor$4.run(SingleThreadEventExecutor.java:989)
	at io.netty.util.internal.ThreadExecutorMap$2.run(ThreadExecutorMap.java:74)
	at io.netty.util.concurrent.FastThreadLocalRunnable.run(FastThreadLocalRunnable.java:30)
	at java.lang.Thread.run(Thread.java:748)
Caused by: javax.net.ssl.SSLException: Received fatal alert: certificate_unknown
	at sun.security.ssl.Alerts.getSSLException(Alerts.java:214)
	at sun.security.ssl.SSLEngineImpl.fatal(SSLEngineImpl.java:1667)
	at sun.security.ssl.SSLEngineImpl.fatal(SSLEngineImpl.java:1635)
	at sun.security.ssl.SSLEngineImpl.recvAlert(SSLEngineImpl.java:1801)
	at sun.security.ssl.SSLEngineImpl.readRecord(SSLEngineImpl.java:1090)
	at sun.security.ssl.SSLEngineImpl.readNetRecord(SSLEngineImpl.java:913)
	at sun.security.ssl.SSLEngineImpl.unwrap(SSLEngineImpl.java:783)
	at javax.net.ssl.SSLEngine.unwrap(SSLEngine.java:626)
	at io.netty.handler.ssl.SslHandler$SslEngineType$3.unwrap(SslHandler.java:281)
	at io.netty.handler.ssl.SslHandler.unwrap(SslHandler.java:1340)
	at io.netty.handler.ssl.SslHandler.decodeJdkCompatible(SslHandler.java:1235)
	at io.netty.handler.ssl.SslHandler.decode(SslHandler.java:1282)
	at io.netty.handler.codec.ByteToMessageDecoder.decodeRemovalReentryProtection(ByteToMessageDecoder.java:498)
	at io.netty.handler.codec.ByteToMessageDecoder.callDecode(ByteToMessageDecoder.java:437)
	... 17 more
2020-06-22 14:22:46,003 [myid:] - WARN  [nioEventLoopGroup-4-16:NettyServerCnxnFactory$CnxnChannelHandler@273] - Exception caught
io.netty.handler.codec.DecoderException: javax.net.ssl.SSLException: Received fatal alert: certificate_unknown
	at io.netty.handler.codec.ByteToMessageDecoder.callDecode(ByteToMessageDecoder.java:468)
	at io.netty.handler.codec.ByteToMessageDecoder.channelInputClosed(ByteToMessageDecoder.java:401)
	at io.netty.handler.codec.ByteToMessageDecoder.channelInputClosed(ByteToMessageDecoder.java:368)
	at io.netty.handler.codec.ByteToMessageDecoder.channelInactive(ByteToMessageDecoder.java:351)
	at io.netty.handler.ssl.SslHandler.channelInactive(SslHandler.java:1084)
	at io.netty.channel.AbstractChannelHandlerContext.invokeChannelInactive(AbstractChannelHandlerContext.java:262)
	at io.netty.channel.AbstractChannelHandlerContext.invokeChannelInactive(AbstractChannelHandlerContext.java:248)
	at io.netty.channel.AbstractChannelHandlerContext.fireChannelInactive(AbstractChannelHandlerContext.java:241)
	at io.netty.channel.DefaultChannelPipeline$HeadContext.channelInactive(DefaultChannelPipeline.java:1405)
	at io.netty.channel.AbstractChannelHandlerContext.invokeChannelInactive(AbstractChannelHandlerContext.java:262)
	at io.netty.channel.AbstractChannelHandlerContext.invokeChannelInactive(AbstractChannelHandlerContext.java:248)
	at io.netty.channel.DefaultChannelPipeline.fireChannelInactive(DefaultChannelPipeline.java:901)
	at io.netty.channel.AbstractChannel$AbstractUnsafe$8.run(AbstractChannel.java:818)
	at io.netty.util.concurrent.AbstractEventExecutor.safeExecute(AbstractEventExecutor.java:164)
	at io.netty.util.concurrent.SingleThreadEventExecutor.runAllTasks(SingleThreadEventExecutor.java:472)
	at io.netty.channel.nio.NioEventLoop.run(NioEventLoop.java:497)
	at io.netty.util.concurrent.SingleThreadEventExecutor$4.run(SingleThreadEventExecutor.java:989)
	at io.netty.util.internal.ThreadExecutorMap$2.run(ThreadExecutorMap.java:74)
	at io.netty.util.concurrent.FastThreadLocalRunnable.run(FastThreadLocalRunnable.java:30)
	at java.lang.Thread.run(Thread.java:748)
Caused by: javax.net.ssl.SSLException: Received fatal alert: certificate_unknown
	at sun.security.ssl.Alerts.getSSLException(Alerts.java:214)
	at sun.security.ssl.SSLEngineImpl.fatal(SSLEngineImpl.java:1667)
	at sun.security.ssl.SSLEngineImpl.fatal(SSLEngineImpl.java:1635)
	at sun.security.ssl.SSLEngineImpl.recvAlert(SSLEngineImpl.java:1801)
	at sun.security.ssl.SSLEngineImpl.readRecord(SSLEngineImpl.java:1090)
	at sun.security.ssl.SSLEngineImpl.readNetRecord(SSLEngineImpl.java:913)
	at sun.security.ssl.SSLEngineImpl.unwrap(SSLEngineImpl.java:783)
	at javax.net.ssl.SSLEngine.unwrap(SSLEngine.java:626)
	at io.netty.handler.ssl.SslHandler$SslEngineType$3.unwrap(SslHandler.java:281)
	at io.netty.handler.ssl.SslHandler.unwrap(SslHandler.java:1340)
	at io.netty.handler.ssl.SslHandler.decodeJdkCompatible(SslHandler.java:1235)
	at io.netty.handler.ssl.SslHandler.decode(SslHandler.java:1282)
	at io.netty.handler.codec.ByteToMessageDecoder.decodeRemovalReentryProtection(ByteToMessageDecoder.java:498)
	at io.netty.handler.codec.ByteToMessageDecoder.callDecode(ByteToMessageDecoder.java:437)
	... 19 more
2020-06-22 14:22:46,252 [myid:] - INFO  [main:FourLetterWordMain@93] - connecting to 127.0.0.1 21995
2020-06-22 14:22:46,252 [myid:] - INFO  [main:FourLetterWordMain@99] - using secure socket
2020-06-22 14:22:46,259 [myid:] - ERROR [main:ZKTrustManager@161] - Failed to verify host address: 127.0.0.1
javax.net.ssl.SSLPeerUnverifiedException: Certificate for <127.0.0.1> doesn't match common name of the certificate subject: localhost
	at org.apache.zookeeper.common.ZKHostnameVerifier.matchCN(ZKHostnameVerifier.java:238)
	at org.apache.zookeeper.common.ZKHostnameVerifier.verify(ZKHostnameVerifier.java:184)
	at org.apache.zookeeper.common.ZKTrustManager.performHostVerification(ZKTrustManager.java:151)
	at org.apache.zookeeper.common.ZKTrustManager.checkServerTrusted(ZKTrustManager.java:90)
	at sun.security.ssl.ClientHandshaker.serverCertificate(ClientHandshaker.java:1670)
	at sun.security.ssl.ClientHandshaker.processMessage(ClientHandshaker.java:226)
	at sun.security.ssl.Handshaker.processLoop(Handshaker.java:1082)
	at sun.security.ssl.Handshaker.process_record(Handshaker.java:1010)
	at sun.security.ssl.SSLSocketImpl.readRecord(SSLSocketImpl.java:1079)
	at sun.security.ssl.SSLSocketImpl.performInitialHandshake(SSLSocketImpl.java:1388)
	at sun.security.ssl.SSLSocketImpl.startHandshake(SSLSocketImpl.java:1416)
	at sun.security.ssl.SSLSocketImpl.startHandshake(SSLSocketImpl.java:1400)
	at org.apache.zookeeper.client.FourLetterWordMain.send4LetterWord(FourLetterWordMain.java:105)
	at org.apache.zookeeper.client.FourLetterWordMain.send4LetterWord(FourLetterWordMain.java:73)
	at org.apache.zookeeper.test.ClientBase.waitForServerUp(ClientBase.java:261)
	at org.apache.zookeeper.test.ClientBase.startServerInstance(ClientBase.java:401)
	at org.apache.zookeeper.test.ClientBase.startServer(ClientBase.java:516)
	at org.apache.zookeeper.test.ClientBase.setUpWithServerId(ClientBase.java:499)
	at org.apache.zookeeper.test.ClientBase.setUp(ClientBase.java:474)
	at org.apache.zookeeper.test.SaslDigestAuthOverSSLTest.setUp(SaslDigestAuthOverSSLTest.java:62)
	at sun.reflect.NativeMethodAccessorImpl.invoke0(Native Method)
	at sun.reflect.NativeMethodAccessorImpl.invoke(NativeMethodAccessorImpl.java:62)
	at sun.reflect.DelegatingMethodAccessorImpl.invoke(DelegatingMethodAccessorImpl.java:43)
	at java.lang.reflect.Method.invoke(Method.java:498)
	at org.junit.runners.model.FrameworkMethod$1.runReflectiveCall(FrameworkMethod.java:50)
	at org.junit.internal.runners.model.ReflectiveCallable.run(ReflectiveCallable.java:12)
	at org.junit.runners.model.FrameworkMethod.invokeExplosively(FrameworkMethod.java:47)
	at mockit.integration.junit4.JUnit4TestRunnerDecorator.invokeExplosively(JUnit4TestRunnerDecorator.java:49)
	at mockit.integration.junit4.FakeFrameworkMethod.invokeExplosively(FakeFrameworkMethod.java:29)
	at org.junit.runners.model.FrameworkMethod.invokeExplosively(FrameworkMethod.java)
	at org.junit.internal.runners.statements.RunBefores.evaluate(RunBefores.java:24)
	at org.junit.internal.runners.statements.RunAfters.evaluate(RunAfters.java:27)
	at org.junit.rules.TestWatcher$1.evaluate(TestWatcher.java:55)
	at org.junit.rules.RunRules.evaluate(RunRules.java:20)
	at org.junit.runners.ParentRunner.runLeaf(ParentRunner.java:325)
	at org.junit.runners.BlockJUnit4ClassRunner.runChild(BlockJUnit4ClassRunner.java:78)
	at org.junit.runners.BlockJUnit4ClassRunner.runChild(BlockJUnit4ClassRunner.java:57)
	at org.junit.runners.ParentRunner$3.run(ParentRunner.java:290)
	at org.junit.runners.ParentRunner$1.schedule(ParentRunner.java:71)
	at org.junit.runners.ParentRunner.runChildren(ParentRunner.java:288)
	at org.junit.runners.ParentRunner.access$000(ParentRunner.java:58)
	at org.junit.runners.ParentRunner$2.evaluate(ParentRunner.java:268)
	at org.junit.internal.runners.statements.RunBefores.evaluate(RunBefores.java:26)
	at org.junit.runners.ParentRunner.run(ParentRunner.java:363)
	at org.apache.maven.surefire.junit4.JUnit4Provider.execute(JUnit4Provider.java:365)
	at org.apache.maven.surefire.junit4.JUnit4Provider.executeWithRerun(JUnit4Provider.java:273)
	at org.apache.maven.surefire.junit4.JUnit4Provider.executeTestSet(JUnit4Provider.java:238)
	at org.apache.maven.surefire.junit4.JUnit4Provider.invoke(JUnit4Provider.java:159)
	at org.apache.maven.surefire.booter.ForkedBooter.invokeProviderInSameClassLoader(ForkedBooter.java:384)
	at org.apache.maven.surefire.booter.ForkedBooter.runSuitesInProcess(ForkedBooter.java:345)
	at org.apache.maven.surefire.booter.ForkedBooter.execute(ForkedBooter.java:126)
	at org.apache.maven.surefire.booter.ForkedBooter.main(ForkedBooter.java:418)
2020-06-22 14:22:46,259 [myid:] - ERROR [main:ZKTrustManager@162] - Failed to verify hostname: activate.navicat.com
javax.net.ssl.SSLPeerUnverifiedException: Certificate for <activate.navicat.com> doesn't match common name of the certificate subject: localhost
	at org.apache.zookeeper.common.ZKHostnameVerifier.matchCN(ZKHostnameVerifier.java:238)
	at org.apache.zookeeper.common.ZKHostnameVerifier.verify(ZKHostnameVerifier.java:184)
	at org.apache.zookeeper.common.ZKTrustManager.performHostVerification(ZKTrustManager.java:159)
	at org.apache.zookeeper.common.ZKTrustManager.checkServerTrusted(ZKTrustManager.java:90)
	at sun.security.ssl.ClientHandshaker.serverCertificate(ClientHandshaker.java:1670)
	at sun.security.ssl.ClientHandshaker.processMessage(ClientHandshaker.java:226)
	at sun.security.ssl.Handshaker.processLoop(Handshaker.java:1082)
	at sun.security.ssl.Handshaker.process_record(Handshaker.java:1010)
	at sun.security.ssl.SSLSocketImpl.readRecord(SSLSocketImpl.java:1079)
	at sun.security.ssl.SSLSocketImpl.performInitialHandshake(SSLSocketImpl.java:1388)
	at sun.security.ssl.SSLSocketImpl.startHandshake(SSLSocketImpl.java:1416)
	at sun.security.ssl.SSLSocketImpl.startHandshake(SSLSocketImpl.java:1400)
	at org.apache.zookeeper.client.FourLetterWordMain.send4LetterWord(FourLetterWordMain.java:105)
	at org.apache.zookeeper.client.FourLetterWordMain.send4LetterWord(FourLetterWordMain.java:73)
	at org.apache.zookeeper.test.ClientBase.waitForServerUp(ClientBase.java:261)
	at org.apache.zookeeper.test.ClientBase.startServerInstance(ClientBase.java:401)
	at org.apache.zookeeper.test.ClientBase.startServer(ClientBase.java:516)
	at org.apache.zookeeper.test.ClientBase.setUpWithServerId(ClientBase.java:499)
	at org.apache.zookeeper.test.ClientBase.setUp(ClientBase.java:474)
	at org.apache.zookeeper.test.SaslDigestAuthOverSSLTest.setUp(SaslDigestAuthOverSSLTest.java:62)
	at sun.reflect.NativeMethodAccessorImpl.invoke0(Native Method)
	at sun.reflect.NativeMethodAccessorImpl.invoke(NativeMethodAccessorImpl.java:62)
	at sun.reflect.DelegatingMethodAccessorImpl.invoke(DelegatingMethodAccessorImpl.java:43)
	at java.lang.reflect.Method.invoke(Method.java:498)
	at org.junit.runners.model.FrameworkMethod$1.runReflectiveCall(FrameworkMethod.java:50)
	at org.junit.internal.runners.model.ReflectiveCallable.run(ReflectiveCallable.java:12)
	at org.junit.runners.model.FrameworkMethod.invokeExplosively(FrameworkMethod.java:47)
	at mockit.integration.junit4.JUnit4TestRunnerDecorator.invokeExplosively(JUnit4TestRunnerDecorator.java:49)
	at mockit.integration.junit4.FakeFrameworkMethod.invokeExplosively(FakeFrameworkMethod.java:29)
	at org.junit.runners.model.FrameworkMethod.invokeExplosively(FrameworkMethod.java)
	at org.junit.internal.runners.statements.RunBefores.evaluate(RunBefores.java:24)
	at org.junit.internal.runners.statements.RunAfters.evaluate(RunAfters.java:27)
	at org.junit.rules.TestWatcher$1.evaluate(TestWatcher.java:55)
	at org.junit.rules.RunRules.evaluate(RunRules.java:20)
	at org.junit.runners.ParentRunner.runLeaf(ParentRunner.java:325)
	at org.junit.runners.BlockJUnit4ClassRunner.runChild(BlockJUnit4ClassRunner.java:78)
	at org.junit.runners.BlockJUnit4ClassRunner.runChild(BlockJUnit4ClassRunner.java:57)
	at org.junit.runners.ParentRunner$3.run(ParentRunner.java:290)
	at org.junit.runners.ParentRunner$1.schedule(ParentRunner.java:71)
	at org.junit.runners.ParentRunner.runChildren(ParentRunner.java:288)
	at org.junit.runners.ParentRunner.access$000(ParentRunner.java:58)
	at org.junit.runners.ParentRunner$2.evaluate(ParentRunner.java:268)
	at org.junit.internal.runners.statements.RunBefores.evaluate(RunBefores.java:26)
	at org.junit.runners.ParentRunner.run(ParentRunner.java:363)
	at org.apache.maven.surefire.junit4.JUnit4Provider.execute(JUnit4Provider.java:365)
	at org.apache.maven.surefire.junit4.JUnit4Provider.executeWithRerun(JUnit4Provider.java:273)
	at org.apache.maven.surefire.junit4.JUnit4Provider.executeTestSet(JUnit4Provider.java:238)
	at org.apache.maven.surefire.junit4.JUnit4Provider.invoke(JUnit4Provider.java:159)
	at org.apache.maven.surefire.booter.ForkedBooter.invokeProviderInSameClassLoader(ForkedBooter.java:384)
	at org.apache.maven.surefire.booter.ForkedBooter.runSuitesInProcess(ForkedBooter.java:345)
	at org.apache.maven.surefire.booter.ForkedBooter.execute(ForkedBooter.java:126)
	at org.apache.maven.surefire.booter.ForkedBooter.main(ForkedBooter.java:418)
2020-06-22 14:22:46,259 [myid:] - INFO  [main:ClientBase@270] - server 127.0.0.1:21995 not up
javax.net.ssl.SSLHandshakeException: java.security.cert.CertificateException: Failed to verify both host address and host name
	at sun.security.ssl.Alerts.getSSLException(Alerts.java:198)
	at sun.security.ssl.SSLSocketImpl.fatal(SSLSocketImpl.java:1967)
	at sun.security.ssl.Handshaker.fatalSE(Handshaker.java:331)
	at sun.security.ssl.Handshaker.fatalSE(Handshaker.java:325)
	at sun.security.ssl.ClientHandshaker.serverCertificate(ClientHandshaker.java:1688)
	at sun.security.ssl.ClientHandshaker.processMessage(ClientHandshaker.java:226)
	at sun.security.ssl.Handshaker.processLoop(Handshaker.java:1082)
	at sun.security.ssl.Handshaker.process_record(Handshaker.java:1010)
	at sun.security.ssl.SSLSocketImpl.readRecord(SSLSocketImpl.java:1079)
	at sun.security.ssl.SSLSocketImpl.performInitialHandshake(SSLSocketImpl.java:1388)
	at sun.security.ssl.SSLSocketImpl.startHandshake(SSLSocketImpl.java:1416)
	at sun.security.ssl.SSLSocketImpl.startHandshake(SSLSocketImpl.java:1400)
	at org.apache.zookeeper.client.FourLetterWordMain.send4LetterWord(FourLetterWordMain.java:105)
	at org.apache.zookeeper.client.FourLetterWordMain.send4LetterWord(FourLetterWordMain.java:73)
	at org.apache.zookeeper.test.ClientBase.waitForServerUp(ClientBase.java:261)
	at org.apache.zookeeper.test.ClientBase.startServerInstance(ClientBase.java:401)
	at org.apache.zookeeper.test.ClientBase.startServer(ClientBase.java:516)
	at org.apache.zookeeper.test.ClientBase.setUpWithServerId(ClientBase.java:499)
	at org.apache.zookeeper.test.ClientBase.setUp(ClientBase.java:474)
	at org.apache.zookeeper.test.SaslDigestAuthOverSSLTest.setUp(SaslDigestAuthOverSSLTest.java:62)
	at sun.reflect.NativeMethodAccessorImpl.invoke0(Native Method)
	at sun.reflect.NativeMethodAccessorImpl.invoke(NativeMethodAccessorImpl.java:62)
	at sun.reflect.DelegatingMethodAccessorImpl.invoke(DelegatingMethodAccessorImpl.java:43)
	at java.lang.reflect.Method.invoke(Method.java:498)
	at org.junit.runners.model.FrameworkMethod$1.runReflectiveCall(FrameworkMethod.java:50)
	at org.junit.internal.runners.model.ReflectiveCallable.run(ReflectiveCallable.java:12)
	at org.junit.runners.model.FrameworkMethod.invokeExplosively(FrameworkMethod.java:47)
	at mockit.integration.junit4.JUnit4TestRunnerDecorator.invokeExplosively(JUnit4TestRunnerDecorator.java:49)
	at mockit.integration.junit4.FakeFrameworkMethod.invokeExplosively(FakeFrameworkMethod.java:29)
	at org.junit.runners.model.FrameworkMethod.invokeExplosively(FrameworkMethod.java)
	at org.junit.internal.runners.statements.RunBefores.evaluate(RunBefores.java:24)
	at org.junit.internal.runners.statements.RunAfters.evaluate(RunAfters.java:27)
	at org.junit.rules.TestWatcher$1.evaluate(TestWatcher.java:55)
	at org.junit.rules.RunRules.evaluate(RunRules.java:20)
	at org.junit.runners.ParentRunner.runLeaf(ParentRunner.java:325)
	at org.junit.runners.BlockJUnit4ClassRunner.runChild(BlockJUnit4ClassRunner.java:78)
	at org.junit.runners.BlockJUnit4ClassRunner.runChild(BlockJUnit4ClassRunner.java:57)
	at org.junit.runners.ParentRunner$3.run(ParentRunner.java:290)
	at org.junit.runners.ParentRunner$1.schedule(ParentRunner.java:71)
	at org.junit.runners.ParentRunner.runChildren(ParentRunner.java:288)
	at org.junit.runners.ParentRunner.access$000(ParentRunner.java:58)
	at org.junit.runners.ParentRunner$2.evaluate(ParentRunner.java:268)
	at org.junit.internal.runners.statements.RunBefores.evaluate(RunBefores.java:26)
	at org.junit.runners.ParentRunner.run(ParentRunner.java:363)
	at org.apache.maven.surefire.junit4.JUnit4Provider.execute(JUnit4Provider.java:365)
	at org.apache.maven.surefire.junit4.JUnit4Provider.executeWithRerun(JUnit4Provider.java:273)
	at org.apache.maven.surefire.junit4.JUnit4Provider.executeTestSet(JUnit4Provider.java:238)
	at org.apache.maven.surefire.junit4.JUnit4Provider.invoke(JUnit4Provider.java:159)
	at org.apache.maven.surefire.booter.ForkedBooter.invokeProviderInSameClassLoader(ForkedBooter.java:384)
	at org.apache.maven.surefire.booter.ForkedBooter.runSuitesInProcess(ForkedBooter.java:345)
	at org.apache.maven.surefire.booter.ForkedBooter.execute(ForkedBooter.java:126)
	at org.apache.maven.surefire.booter.ForkedBooter.main(ForkedBooter.java:418)
Caused by: java.security.cert.CertificateException: Failed to verify both host address and host name
	at org.apache.zookeeper.common.ZKTrustManager.performHostVerification(ZKTrustManager.java:163)
	at org.apache.zookeeper.common.ZKTrustManager.checkServerTrusted(ZKTrustManager.java:90)
	at sun.security.ssl.ClientHandshaker.serverCertificate(ClientHandshaker.java:1670)
	... 47 more
Caused by: javax.net.ssl.SSLPeerUnverifiedException: Certificate for <activate.navicat.com> doesn't match common name of the certificate subject: localhost
	at org.apache.zookeeper.common.ZKHostnameVerifier.matchCN(ZKHostnameVerifier.java:238)
	at org.apache.zookeeper.common.ZKHostnameVerifier.verify(ZKHostnameVerifier.java:184)
	at org.apache.zookeeper.common.ZKTrustManager.performHostVerification(ZKTrustManager.java:159)
	... 49 more
2020-06-22 14:22:46,260 [myid:] - ERROR [nioEventLoopGroup-4-1:NettyServerCnxnFactory$CertificateVerifier@434] - Unsuccessful handshake with session 0x0
2020-06-22 14:22:46,260 [myid:] - WARN  [nioEventLoopGroup-4-1:NettyServerCnxnFactory$CnxnChannelHandler@273] - Exception caught
io.netty.handler.codec.DecoderException: javax.net.ssl.SSLException: Received fatal alert: certificate_unknown
	at io.netty.handler.codec.ByteToMessageDecoder.callDecode(ByteToMessageDecoder.java:468)
	at io.netty.handler.codec.ByteToMessageDecoder.channelRead(ByteToMessageDecoder.java:276)
	at io.netty.channel.AbstractChannelHandlerContext.invokeChannelRead(AbstractChannelHandlerContext.java:379)
	at io.netty.channel.AbstractChannelHandlerContext.invokeChannelRead(AbstractChannelHandlerContext.java:365)
	at io.netty.channel.AbstractChannelHandlerContext.fireChannelRead(AbstractChannelHandlerContext.java:357)
	at io.netty.channel.DefaultChannelPipeline$HeadContext.channelRead(DefaultChannelPipeline.java:1410)
	at io.netty.channel.AbstractChannelHandlerContext.invokeChannelRead(AbstractChannelHandlerContext.java:379)
	at io.netty.channel.AbstractChannelHandlerContext.invokeChannelRead(AbstractChannelHandlerContext.java:365)
	at io.netty.channel.DefaultChannelPipeline.fireChannelRead(DefaultChannelPipeline.java:919)
	at io.netty.channel.nio.AbstractNioByteChannel$NioByteUnsafe.read(AbstractNioByteChannel.java:163)
	at io.netty.channel.nio.NioEventLoop.processSelectedKey(NioEventLoop.java:714)
	at io.netty.channel.nio.NioEventLoop.processSelectedKeysOptimized(NioEventLoop.java:650)
	at io.netty.channel.nio.NioEventLoop.processSelectedKeys(NioEventLoop.java:576)
	at io.netty.channel.nio.NioEventLoop.run(NioEventLoop.java:493)
	at io.netty.util.concurrent.SingleThreadEventExecutor$4.run(SingleThreadEventExecutor.java:989)
	at io.netty.util.internal.ThreadExecutorMap$2.run(ThreadExecutorMap.java:74)
	at io.netty.util.concurrent.FastThreadLocalRunnable.run(FastThreadLocalRunnable.java:30)
	at java.lang.Thread.run(Thread.java:748)
Caused by: javax.net.ssl.SSLException: Received fatal alert: certificate_unknown
	at sun.security.ssl.Alerts.getSSLException(Alerts.java:214)
	at sun.security.ssl.SSLEngineImpl.fatal(SSLEngineImpl.java:1667)
	at sun.security.ssl.SSLEngineImpl.fatal(SSLEngineImpl.java:1635)
	at sun.security.ssl.SSLEngineImpl.recvAlert(SSLEngineImpl.java:1801)
	at sun.security.ssl.SSLEngineImpl.readRecord(SSLEngineImpl.java:1090)
	at sun.security.ssl.SSLEngineImpl.readNetRecord(SSLEngineImpl.java:913)
	at sun.security.ssl.SSLEngineImpl.unwrap(SSLEngineImpl.java:783)
	at javax.net.ssl.SSLEngine.unwrap(SSLEngine.java:626)
	at io.netty.handler.ssl.SslHandler$SslEngineType$3.unwrap(SslHandler.java:281)
	at io.netty.handler.ssl.SslHandler.unwrap(SslHandler.java:1340)
	at io.netty.handler.ssl.SslHandler.decodeJdkCompatible(SslHandler.java:1235)
	at io.netty.handler.ssl.SslHandler.decode(SslHandler.java:1282)
	at io.netty.handler.codec.ByteToMessageDecoder.decodeRemovalReentryProtection(ByteToMessageDecoder.java:498)
	at io.netty.handler.codec.ByteToMessageDecoder.callDecode(ByteToMessageDecoder.java:437)
	... 17 more
2020-06-22 14:22:46,261 [myid:] - WARN  [nioEventLoopGroup-4-1:NettyServerCnxnFactory$CnxnChannelHandler@273] - Exception caught
io.netty.handler.codec.DecoderException: javax.net.ssl.SSLException: Received fatal alert: certificate_unknown
	at io.netty.handler.codec.ByteToMessageDecoder.callDecode(ByteToMessageDecoder.java:468)
	at io.netty.handler.codec.ByteToMessageDecoder.channelInputClosed(ByteToMessageDecoder.java:401)
	at io.netty.handler.codec.ByteToMessageDecoder.channelInputClosed(ByteToMessageDecoder.java:368)
	at io.netty.handler.codec.ByteToMessageDecoder.channelInactive(ByteToMessageDecoder.java:351)
	at io.netty.handler.ssl.SslHandler.channelInactive(SslHandler.java:1084)
	at io.netty.channel.AbstractChannelHandlerContext.invokeChannelInactive(AbstractChannelHandlerContext.java:262)
	at io.netty.channel.AbstractChannelHandlerContext.invokeChannelInactive(AbstractChannelHandlerContext.java:248)
	at io.netty.channel.AbstractChannelHandlerContext.fireChannelInactive(AbstractChannelHandlerContext.java:241)
	at io.netty.channel.DefaultChannelPipeline$HeadContext.channelInactive(DefaultChannelPipeline.java:1405)
	at io.netty.channel.AbstractChannelHandlerContext.invokeChannelInactive(AbstractChannelHandlerContext.java:262)
	at io.netty.channel.AbstractChannelHandlerContext.invokeChannelInactive(AbstractChannelHandlerContext.java:248)
	at io.netty.channel.DefaultChannelPipeline.fireChannelInactive(DefaultChannelPipeline.java:901)
	at io.netty.channel.AbstractChannel$AbstractUnsafe$8.run(AbstractChannel.java:818)
	at io.netty.util.concurrent.AbstractEventExecutor.safeExecute(AbstractEventExecutor.java:164)
	at io.netty.util.concurrent.SingleThreadEventExecutor.runAllTasks(SingleThreadEventExecutor.java:472)
	at io.netty.channel.nio.NioEventLoop.run(NioEventLoop.java:497)
	at io.netty.util.concurrent.SingleThreadEventExecutor$4.run(SingleThreadEventExecutor.java:989)
	at io.netty.util.internal.ThreadExecutorMap$2.run(ThreadExecutorMap.java:74)
	at io.netty.util.concurrent.FastThreadLocalRunnable.run(FastThreadLocalRunnable.java:30)
	at java.lang.Thread.run(Thread.java:748)
Caused by: javax.net.ssl.SSLException: Received fatal alert: certificate_unknown
	at sun.security.ssl.Alerts.getSSLException(Alerts.java:214)
	at sun.security.ssl.SSLEngineImpl.fatal(SSLEngineImpl.java:1667)
	at sun.security.ssl.SSLEngineImpl.fatal(SSLEngineImpl.java:1635)
	at sun.security.ssl.SSLEngineImpl.recvAlert(SSLEngineImpl.java:1801)
	at sun.security.ssl.SSLEngineImpl.readRecord(SSLEngineImpl.java:1090)
	at sun.security.ssl.SSLEngineImpl.readNetRecord(SSLEngineImpl.java:913)
	at sun.security.ssl.SSLEngineImpl.unwrap(SSLEngineImpl.java:783)
	at javax.net.ssl.SSLEngine.unwrap(SSLEngine.java:626)
	at io.netty.handler.ssl.SslHandler$SslEngineType$3.unwrap(SslHandler.java:281)
	at io.netty.handler.ssl.SslHandler.unwrap(SslHandler.java:1340)
	at io.netty.handler.ssl.SslHandler.decodeJdkCompatible(SslHandler.java:1235)
	at io.netty.handler.ssl.SslHandler.decode(SslHandler.java:1282)
	at io.netty.handler.codec.ByteToMessageDecoder.decodeRemovalReentryProtection(ByteToMessageDecoder.java:498)
	at io.netty.handler.codec.ByteToMessageDecoder.callDecode(ByteToMessageDecoder.java:437)
	... 19 more
2020-06-22 14:22:46,511 [myid:] - INFO  [main:FourLetterWordMain@93] - connecting to 127.0.0.1 21995
2020-06-22 14:22:46,511 [myid:] - INFO  [main:FourLetterWordMain@99] - using secure socket
2020-06-22 14:22:46,520 [myid:] - ERROR [main:ZKTrustManager@161] - Failed to verify host address: 127.0.0.1
javax.net.ssl.SSLPeerUnverifiedException: Certificate for <127.0.0.1> doesn't match common name of the certificate subject: localhost
	at org.apache.zookeeper.common.ZKHostnameVerifier.matchCN(ZKHostnameVerifier.java:238)
	at org.apache.zookeeper.common.ZKHostnameVerifier.verify(ZKHostnameVerifier.java:184)
	at org.apache.zookeeper.common.ZKTrustManager.performHostVerification(ZKTrustManager.java:151)
	at org.apache.zookeeper.common.ZKTrustManager.checkServerTrusted(ZKTrustManager.java:90)
	at sun.security.ssl.ClientHandshaker.serverCertificate(ClientHandshaker.java:1670)
	at sun.security.ssl.ClientHandshaker.processMessage(ClientHandshaker.java:226)
	at sun.security.ssl.Handshaker.processLoop(Handshaker.java:1082)
	at sun.security.ssl.Handshaker.process_record(Handshaker.java:1010)
	at sun.security.ssl.SSLSocketImpl.readRecord(SSLSocketImpl.java:1079)
	at sun.security.ssl.SSLSocketImpl.performInitialHandshake(SSLSocketImpl.java:1388)
	at sun.security.ssl.SSLSocketImpl.startHandshake(SSLSocketImpl.java:1416)
	at sun.security.ssl.SSLSocketImpl.startHandshake(SSLSocketImpl.java:1400)
	at org.apache.zookeeper.client.FourLetterWordMain.send4LetterWord(FourLetterWordMain.java:105)
	at org.apache.zookeeper.client.FourLetterWordMain.send4LetterWord(FourLetterWordMain.java:73)
	at org.apache.zookeeper.test.ClientBase.waitForServerUp(ClientBase.java:261)
	at org.apache.zookeeper.test.ClientBase.startServerInstance(ClientBase.java:401)
	at org.apache.zookeeper.test.ClientBase.startServer(ClientBase.java:516)
	at org.apache.zookeeper.test.ClientBase.setUpWithServerId(ClientBase.java:499)
	at org.apache.zookeeper.test.ClientBase.setUp(ClientBase.java:474)
	at org.apache.zookeeper.test.SaslDigestAuthOverSSLTest.setUp(SaslDigestAuthOverSSLTest.java:62)
	at sun.reflect.NativeMethodAccessorImpl.invoke0(Native Method)
	at sun.reflect.NativeMethodAccessorImpl.invoke(NativeMethodAccessorImpl.java:62)
	at sun.reflect.DelegatingMethodAccessorImpl.invoke(DelegatingMethodAccessorImpl.java:43)
	at java.lang.reflect.Method.invoke(Method.java:498)
	at org.junit.runners.model.FrameworkMethod$1.runReflectiveCall(FrameworkMethod.java:50)
	at org.junit.internal.runners.model.ReflectiveCallable.run(ReflectiveCallable.java:12)
	at org.junit.runners.model.FrameworkMethod.invokeExplosively(FrameworkMethod.java:47)
	at mockit.integration.junit4.JUnit4TestRunnerDecorator.invokeExplosively(JUnit4TestRunnerDecorator.java:49)
	at mockit.integration.junit4.FakeFrameworkMethod.invokeExplosively(FakeFrameworkMethod.java:29)
	at org.junit.runners.model.FrameworkMethod.invokeExplosively(FrameworkMethod.java)
	at org.junit.internal.runners.statements.RunBefores.evaluate(RunBefores.java:24)
	at org.junit.internal.runners.statements.RunAfters.evaluate(RunAfters.java:27)
	at org.junit.rules.TestWatcher$1.evaluate(TestWatcher.java:55)
	at org.junit.rules.RunRules.evaluate(RunRules.java:20)
	at org.junit.runners.ParentRunner.runLeaf(ParentRunner.java:325)
	at org.junit.runners.BlockJUnit4ClassRunner.runChild(BlockJUnit4ClassRunner.java:78)
	at org.junit.runners.BlockJUnit4ClassRunner.runChild(BlockJUnit4ClassRunner.java:57)
	at org.junit.runners.ParentRunner$3.run(ParentRunner.java:290)
	at org.junit.runners.ParentRunner$1.schedule(ParentRunner.java:71)
	at org.junit.runners.ParentRunner.runChildren(ParentRunner.java:288)
	at org.junit.runners.ParentRunner.access$000(ParentRunner.java:58)
	at org.junit.runners.ParentRunner$2.evaluate(ParentRunner.java:268)
	at org.junit.internal.runners.statements.RunBefores.evaluate(RunBefores.java:26)
	at org.junit.runners.ParentRunner.run(ParentRunner.java:363)
	at org.apache.maven.surefire.junit4.JUnit4Provider.execute(JUnit4Provider.java:365)
	at org.apache.maven.surefire.junit4.JUnit4Provider.executeWithRerun(JUnit4Provider.java:273)
	at org.apache.maven.surefire.junit4.JUnit4Provider.executeTestSet(JUnit4Provider.java:238)
	at org.apache.maven.surefire.junit4.JUnit4Provider.invoke(JUnit4Provider.java:159)
	at org.apache.maven.surefire.booter.ForkedBooter.invokeProviderInSameClassLoader(ForkedBooter.java:384)
	at org.apache.maven.surefire.booter.ForkedBooter.runSuitesInProcess(ForkedBooter.java:345)
	at org.apache.maven.surefire.booter.ForkedBooter.execute(ForkedBooter.java:126)
	at org.apache.maven.surefire.booter.ForkedBooter.main(ForkedBooter.java:418)
2020-06-22 14:22:46,521 [myid:] - ERROR [main:ZKTrustManager@162] - Failed to verify hostname: activate.navicat.com
javax.net.ssl.SSLPeerUnverifiedException: Certificate for <activate.navicat.com> doesn't match common name of the certificate subject: localhost
	at org.apache.zookeeper.common.ZKHostnameVerifier.matchCN(ZKHostnameVerifier.java:238)
	at org.apache.zookeeper.common.ZKHostnameVerifier.verify(ZKHostnameVerifier.java:184)
	at org.apache.zookeeper.common.ZKTrustManager.performHostVerification(ZKTrustManager.java:159)
	at org.apache.zookeeper.common.ZKTrustManager.checkServerTrusted(ZKTrustManager.java:90)
	at sun.security.ssl.ClientHandshaker.serverCertificate(ClientHandshaker.java:1670)
	at sun.security.ssl.ClientHandshaker.processMessage(ClientHandshaker.java:226)
	at sun.security.ssl.Handshaker.processLoop(Handshaker.java:1082)
	at sun.security.ssl.Handshaker.process_record(Handshaker.java:1010)
	at sun.security.ssl.SSLSocketImpl.readRecord(SSLSocketImpl.java:1079)
	at sun.security.ssl.SSLSocketImpl.performInitialHandshake(SSLSocketImpl.java:1388)
	at sun.security.ssl.SSLSocketImpl.startHandshake(SSLSocketImpl.java:1416)
	at sun.security.ssl.SSLSocketImpl.startHandshake(SSLSocketImpl.java:1400)
	at org.apache.zookeeper.client.FourLetterWordMain.send4LetterWord(FourLetterWordMain.java:105)
	at org.apache.zookeeper.client.FourLetterWordMain.send4LetterWord(FourLetterWordMain.java:73)
	at org.apache.zookeeper.test.ClientBase.waitForServerUp(ClientBase.java:261)
	at org.apache.zookeeper.test.ClientBase.startServerInstance(ClientBase.java:401)
	at org.apache.zookeeper.test.ClientBase.startServer(ClientBase.java:516)
	at org.apache.zookeeper.test.ClientBase.setUpWithServerId(ClientBase.java:499)
	at org.apache.zookeeper.test.ClientBase.setUp(ClientBase.java:474)
	at org.apache.zookeeper.test.SaslDigestAuthOverSSLTest.setUp(SaslDigestAuthOverSSLTest.java:62)
	at sun.reflect.NativeMethodAccessorImpl.invoke0(Native Method)
	at sun.reflect.NativeMethodAccessorImpl.invoke(NativeMethodAccessorImpl.java:62)
	at sun.reflect.DelegatingMethodAccessorImpl.invoke(DelegatingMethodAccessorImpl.java:43)
	at java.lang.reflect.Method.invoke(Method.java:498)
	at org.junit.runners.model.FrameworkMethod$1.runReflectiveCall(FrameworkMethod.java:50)
	at org.junit.internal.runners.model.ReflectiveCallable.run(ReflectiveCallable.java:12)
	at org.junit.runners.model.FrameworkMethod.invokeExplosively(FrameworkMethod.java:47)
	at mockit.integration.junit4.JUnit4TestRunnerDecorator.invokeExplosively(JUnit4TestRunnerDecorator.java:49)
	at mockit.integration.junit4.FakeFrameworkMethod.invokeExplosively(FakeFrameworkMethod.java:29)
	at org.junit.runners.model.FrameworkMethod.invokeExplosively(FrameworkMethod.java)
	at org.junit.internal.runners.statements.RunBefores.evaluate(RunBefores.java:24)
	at org.junit.internal.runners.statements.RunAfters.evaluate(RunAfters.java:27)
	at org.junit.rules.TestWatcher$1.evaluate(TestWatcher.java:55)
	at org.junit.rules.RunRules.evaluate(RunRules.java:20)
	at org.junit.runners.ParentRunner.runLeaf(ParentRunner.java:325)
	at org.junit.runners.BlockJUnit4ClassRunner.runChild(BlockJUnit4ClassRunner.java:78)
	at org.junit.runners.BlockJUnit4ClassRunner.runChild(BlockJUnit4ClassRunner.java:57)
	at org.junit.runners.ParentRunner$3.run(ParentRunner.java:290)
	at org.junit.runners.ParentRunner$1.schedule(ParentRunner.java:71)
	at org.junit.runners.ParentRunner.runChildren(ParentRunner.java:288)
	at org.junit.runners.ParentRunner.access$000(ParentRunner.java:58)
	at org.junit.runners.ParentRunner$2.evaluate(ParentRunner.java:268)
	at org.junit.internal.runners.statements.RunBefores.evaluate(RunBefores.java:26)
	at org.junit.runners.ParentRunner.run(ParentRunner.java:363)
	at org.apache.maven.surefire.junit4.JUnit4Provider.execute(JUnit4Provider.java:365)
	at org.apache.maven.surefire.junit4.JUnit4Provider.executeWithRerun(JUnit4Provider.java:273)
	at org.apache.maven.surefire.junit4.JUnit4Provider.executeTestSet(JUnit4Provider.java:238)
	at org.apache.maven.surefire.junit4.JUnit4Provider.invoke(JUnit4Provider.java:159)
	at org.apache.maven.surefire.booter.ForkedBooter.invokeProviderInSameClassLoader(ForkedBooter.java:384)
	at org.apache.maven.surefire.booter.ForkedBooter.runSuitesInProcess(ForkedBooter.java:345)
	at org.apache.maven.surefire.booter.ForkedBooter.execute(ForkedBooter.java:126)
	at org.apache.maven.surefire.booter.ForkedBooter.main(ForkedBooter.java:418)
2020-06-22 14:22:46,521 [myid:] - INFO  [main:ClientBase@270] - server 127.0.0.1:21995 not up
javax.net.ssl.SSLHandshakeException: java.security.cert.CertificateException: Failed to verify both host address and host name
	at sun.security.ssl.Alerts.getSSLException(Alerts.java:198)
	at sun.security.ssl.SSLSocketImpl.fatal(SSLSocketImpl.java:1967)
	at sun.security.ssl.Handshaker.fatalSE(Handshaker.java:331)
	at sun.security.ssl.Handshaker.fatalSE(Handshaker.java:325)
	at sun.security.ssl.ClientHandshaker.serverCertificate(ClientHandshaker.java:1688)
	at sun.security.ssl.ClientHandshaker.processMessage(ClientHandshaker.java:226)
	at sun.security.ssl.Handshaker.processLoop(Handshaker.java:1082)
	at sun.security.ssl.Handshaker.process_record(Handshaker.java:1010)
	at sun.security.ssl.SSLSocketImpl.readRecord(SSLSocketImpl.java:1079)
	at sun.security.ssl.SSLSocketImpl.performInitialHandshake(SSLSocketImpl.java:1388)
	at sun.security.ssl.SSLSocketImpl.startHandshake(SSLSocketImpl.java:1416)
	at sun.security.ssl.SSLSocketImpl.startHandshake(SSLSocketImpl.java:1400)
	at org.apache.zookeeper.client.FourLetterWordMain.send4LetterWord(FourLetterWordMain.java:105)
	at org.apache.zookeeper.client.FourLetterWordMain.send4LetterWord(FourLetterWordMain.java:73)
	at org.apache.zookeeper.test.ClientBase.waitForServerUp(ClientBase.java:261)
	at org.apache.zookeeper.test.ClientBase.startServerInstance(ClientBase.java:401)
	at org.apache.zookeeper.test.ClientBase.startServer(ClientBase.java:516)
	at org.apache.zookeeper.test.ClientBase.setUpWithServerId(ClientBase.java:499)
	at org.apache.zookeeper.test.ClientBase.setUp(ClientBase.java:474)
	at org.apache.zookeeper.test.SaslDigestAuthOverSSLTest.setUp(SaslDigestAuthOverSSLTest.java:62)
	at sun.reflect.NativeMethodAccessorImpl.invoke0(Native Method)
	at sun.reflect.NativeMethodAccessorImpl.invoke(NativeMethodAccessorImpl.java:62)
	at sun.reflect.DelegatingMethodAccessorImpl.invoke(DelegatingMethodAccessorImpl.java:43)
	at java.lang.reflect.Method.invoke(Method.java:498)
	at org.junit.runners.model.FrameworkMethod$1.runReflectiveCall(FrameworkMethod.java:50)
	at org.junit.internal.runners.model.ReflectiveCallable.run(ReflectiveCallable.java:12)
	at org.junit.runners.model.FrameworkMethod.invokeExplosively(FrameworkMethod.java:47)
	at mockit.integration.junit4.JUnit4TestRunnerDecorator.invokeExplosively(JUnit4TestRunnerDecorator.java:49)
	at mockit.integration.junit4.FakeFrameworkMethod.invokeExplosively(FakeFrameworkMethod.java:29)
	at org.junit.runners.model.FrameworkMethod.invokeExplosively(FrameworkMethod.java)
	at org.junit.internal.runners.statements.RunBefores.evaluate(RunBefores.java:24)
	at org.junit.internal.runners.statements.RunAfters.evaluate(RunAfters.java:27)
	at org.junit.rules.TestWatcher$1.evaluate(TestWatcher.java:55)
	at org.junit.rules.RunRules.evaluate(RunRules.java:20)
	at org.junit.runners.ParentRunner.runLeaf(ParentRunner.java:325)
	at org.junit.runners.BlockJUnit4ClassRunner.runChild(BlockJUnit4ClassRunner.java:78)
	at org.junit.runners.BlockJUnit4ClassRunner.runChild(BlockJUnit4ClassRunner.java:57)
	at org.junit.runners.ParentRunner$3.run(ParentRunner.java:290)
	at org.junit.runners.ParentRunner$1.schedule(ParentRunner.java:71)
	at org.junit.runners.ParentRunner.runChildren(ParentRunner.java:288)
	at org.junit.runners.ParentRunner.access$000(ParentRunner.java:58)
	at org.junit.runners.ParentRunner$2.evaluate(ParentRunner.java:268)
	at org.junit.internal.runners.statements.RunBefores.evaluate(RunBefores.java:26)
	at org.junit.runners.ParentRunner.run(ParentRunner.java:363)
	at org.apache.maven.surefire.junit4.JUnit4Provider.execute(JUnit4Provider.java:365)
	at org.apache.maven.surefire.junit4.JUnit4Provider.executeWithRerun(JUnit4Provider.java:273)
	at org.apache.maven.surefire.junit4.JUnit4Provider.executeTestSet(JUnit4Provider.java:238)
	at org.apache.maven.surefire.junit4.JUnit4Provider.invoke(JUnit4Provider.java:159)
	at org.apache.maven.surefire.booter.ForkedBooter.invokeProviderInSameClassLoader(ForkedBooter.java:384)
	at org.apache.maven.surefire.booter.ForkedBooter.runSuitesInProcess(ForkedBooter.java:345)
	at org.apache.maven.surefire.booter.ForkedBooter.execute(ForkedBooter.java:126)
	at org.apache.maven.surefire.booter.ForkedBooter.main(ForkedBooter.java:418)
Caused by: java.security.cert.CertificateException: Failed to verify both host address and host name
	at org.apache.zookeeper.common.ZKTrustManager.performHostVerification(ZKTrustManager.java:163)
	at org.apache.zookeeper.common.ZKTrustManager.checkServerTrusted(ZKTrustManager.java:90)
	at sun.security.ssl.ClientHandshaker.serverCertificate(ClientHandshaker.java:1670)
	... 47 more
Caused by: javax.net.ssl.SSLPeerUnverifiedException: Certificate for <activate.navicat.com> doesn't match common name of the certificate subject: localhost
	at org.apache.zookeeper.common.ZKHostnameVerifier.matchCN(ZKHostnameVerifier.java:238)
	at org.apache.zookeeper.common.ZKHostnameVerifier.verify(ZKHostnameVerifier.java:184)
	at org.apache.zookeeper.common.ZKTrustManager.performHostVerification(ZKTrustManager.java:159)
	... 49 more
2020-06-22 14:22:46,521 [myid:] - ERROR [nioEventLoopGroup-4-2:NettyServerCnxnFactory$CertificateVerifier@434] - Unsuccessful handshake with session 0x0
2020-06-22 14:22:46,522 [myid:] - WARN  [nioEventLoopGroup-4-2:NettyServerCnxnFactory$CnxnChannelHandler@273] - Exception caught
io.netty.handler.codec.DecoderException: javax.net.ssl.SSLException: Received fatal alert: certificate_unknown
	at io.netty.handler.codec.ByteToMessageDecoder.callDecode(ByteToMessageDecoder.java:468)
	at io.netty.handler.codec.ByteToMessageDecoder.channelRead(ByteToMessageDecoder.java:276)
	at io.netty.channel.AbstractChannelHandlerContext.invokeChannelRead(AbstractChannelHandlerContext.java:379)
	at io.netty.channel.AbstractChannelHandlerContext.invokeChannelRead(AbstractChannelHandlerContext.java:365)
	at io.netty.channel.AbstractChannelHandlerContext.fireChannelRead(AbstractChannelHandlerContext.java:357)
	at io.netty.channel.DefaultChannelPipeline$HeadContext.channelRead(DefaultChannelPipeline.java:1410)
	at io.netty.channel.AbstractChannelHandlerContext.invokeChannelRead(AbstractChannelHandlerContext.java:379)
	at io.netty.channel.AbstractChannelHandlerContext.invokeChannelRead(AbstractChannelHandlerContext.java:365)
	at io.netty.channel.DefaultChannelPipeline.fireChannelRead(DefaultChannelPipeline.java:919)
	at io.netty.channel.nio.AbstractNioByteChannel$NioByteUnsafe.read(AbstractNioByteChannel.java:163)
	at io.netty.channel.nio.NioEventLoop.processSelectedKey(NioEventLoop.java:714)
	at io.netty.channel.nio.NioEventLoop.processSelectedKeysOptimized(NioEventLoop.java:650)
	at io.netty.channel.nio.NioEventLoop.processSelectedKeys(NioEventLoop.java:576)
	at io.netty.channel.nio.NioEventLoop.run(NioEventLoop.java:493)
	at io.netty.util.concurrent.SingleThreadEventExecutor$4.run(SingleThreadEventExecutor.java:989)
	at io.netty.util.internal.ThreadExecutorMap$2.run(ThreadExecutorMap.java:74)
	at io.netty.util.concurrent.FastThreadLocalRunnable.run(FastThreadLocalRunnable.java:30)
	at java.lang.Thread.run(Thread.java:748)
Caused by: javax.net.ssl.SSLException: Received fatal alert: certificate_unknown
	at sun.security.ssl.Alerts.getSSLException(Alerts.java:214)
	at sun.security.ssl.SSLEngineImpl.fatal(SSLEngineImpl.java:1667)
	at sun.security.ssl.SSLEngineImpl.fatal(SSLEngineImpl.java:1635)
	at sun.security.ssl.SSLEngineImpl.recvAlert(SSLEngineImpl.java:1801)
	at sun.security.ssl.SSLEngineImpl.readRecord(SSLEngineImpl.java:1090)
	at sun.security.ssl.SSLEngineImpl.readNetRecord(SSLEngineImpl.java:913)
	at sun.security.ssl.SSLEngineImpl.unwrap(SSLEngineImpl.java:783)
	at javax.net.ssl.SSLEngine.unwrap(SSLEngine.java:626)
	at io.netty.handler.ssl.SslHandler$SslEngineType$3.unwrap(SslHandler.java:281)
	at io.netty.handler.ssl.SslHandler.unwrap(SslHandler.java:1340)
	at io.netty.handler.ssl.SslHandler.decodeJdkCompatible(SslHandler.java:1235)
	at io.netty.handler.ssl.SslHandler.decode(SslHandler.java:1282)
	at io.netty.handler.codec.ByteToMessageDecoder.decodeRemovalReentryProtection(ByteToMessageDecoder.java:498)
	at io.netty.handler.codec.ByteToMessageDecoder.callDecode(ByteToMessageDecoder.java:437)
	... 17 more
2020-06-22 14:22:46,523 [myid:] - WARN  [nioEventLoopGroup-4-2:NettyServerCnxnFactory$CnxnChannelHandler@273] - Exception caught
io.netty.handler.codec.DecoderException: javax.net.ssl.SSLException: Received fatal alert: certificate_unknown
	at io.netty.handler.codec.ByteToMessageDecoder.callDecode(ByteToMessageDecoder.java:468)
	at io.netty.handler.codec.ByteToMessageDecoder.channelInputClosed(ByteToMessageDecoder.java:401)
	at io.netty.handler.codec.ByteToMessageDecoder.channelInputClosed(ByteToMessageDecoder.java:368)
	at io.netty.handler.codec.ByteToMessageDecoder.channelInactive(ByteToMessageDecoder.java:351)
	at io.netty.handler.ssl.SslHandler.channelInactive(SslHandler.java:1084)
	at io.netty.channel.AbstractChannelHandlerContext.invokeChannelInactive(AbstractChannelHandlerContext.java:262)
	at io.netty.channel.AbstractChannelHandlerContext.invokeChannelInactive(AbstractChannelHandlerContext.java:248)
	at io.netty.channel.AbstractChannelHandlerContext.fireChannelInactive(AbstractChannelHandlerContext.java:241)
	at io.netty.channel.DefaultChannelPipeline$HeadContext.channelInactive(DefaultChannelPipeline.java:1405)
	at io.netty.channel.AbstractChannelHandlerContext.invokeChannelInactive(AbstractChannelHandlerContext.java:262)
	at io.netty.channel.AbstractChannelHandlerContext.invokeChannelInactive(AbstractChannelHandlerContext.java:248)
	at io.netty.channel.DefaultChannelPipeline.fireChannelInactive(DefaultChannelPipeline.java:901)
	at io.netty.channel.AbstractChannel$AbstractUnsafe$8.run(AbstractChannel.java:818)
	at io.netty.util.concurrent.AbstractEventExecutor.safeExecute(AbstractEventExecutor.java:164)
	at io.netty.util.concurrent.SingleThreadEventExecutor.runAllTasks(SingleThreadEventExecutor.java:472)
	at io.netty.channel.nio.NioEventLoop.run(NioEventLoop.java:497)
	at io.netty.util.concurrent.SingleThreadEventExecutor$4.run(SingleThreadEventExecutor.java:989)
	at io.netty.util.internal.ThreadExecutorMap$2.run(ThreadExecutorMap.java:74)
	at io.netty.util.concurrent.FastThreadLocalRunnable.run(FastThreadLocalRunnable.java:30)
	at java.lang.Thread.run(Thread.java:748)
Caused by: javax.net.ssl.SSLException: Received fatal alert: certificate_unknown
	at sun.security.ssl.Alerts.getSSLException(Alerts.java:214)
	at sun.security.ssl.SSLEngineImpl.fatal(SSLEngineImpl.java:1667)
	at sun.security.ssl.SSLEngineImpl.fatal(SSLEngineImpl.java:1635)
	at sun.security.ssl.SSLEngineImpl.recvAlert(SSLEngineImpl.java:1801)
	at sun.security.ssl.SSLEngineImpl.readRecord(SSLEngineImpl.java:1090)
	at sun.security.ssl.SSLEngineImpl.readNetRecord(SSLEngineImpl.java:913)
	at sun.security.ssl.SSLEngineImpl.unwrap(SSLEngineImpl.java:783)
	at javax.net.ssl.SSLEngine.unwrap(SSLEngine.java:626)
	at io.netty.handler.ssl.SslHandler$SslEngineType$3.unwrap(SslHandler.java:281)
	at io.netty.handler.ssl.SslHandler.unwrap(SslHandler.java:1340)
	at io.netty.handler.ssl.SslHandler.decodeJdkCompatible(SslHandler.java:1235)
	at io.netty.handler.ssl.SslHandler.decode(SslHandler.java:1282)
	at io.netty.handler.codec.ByteToMessageDecoder.decodeRemovalReentryProtection(ByteToMessageDecoder.java:498)
	at io.netty.handler.codec.ByteToMessageDecoder.callDecode(ByteToMessageDecoder.java:437)
	... 19 more
2020-06-22 14:22:46,771 [myid:] - INFO  [main:FourLetterWordMain@93] - connecting to 127.0.0.1 21995
2020-06-22 14:22:46,771 [myid:] - INFO  [main:FourLetterWordMain@99] - using secure socket
2020-06-22 14:22:46,779 [myid:] - ERROR [main:ZKTrustManager@161] - Failed to verify host address: 127.0.0.1
javax.net.ssl.SSLPeerUnverifiedException: Certificate for <127.0.0.1> doesn't match common name of the certificate subject: localhost
	at org.apache.zookeeper.common.ZKHostnameVerifier.matchCN(ZKHostnameVerifier.java:238)
	at org.apache.zookeeper.common.ZKHostnameVerifier.verify(ZKHostnameVerifier.java:184)
	at org.apache.zookeeper.common.ZKTrustManager.performHostVerification(ZKTrustManager.java:151)
	at org.apache.zookeeper.common.ZKTrustManager.checkServerTrusted(ZKTrustManager.java:90)
	at sun.security.ssl.ClientHandshaker.serverCertificate(ClientHandshaker.java:1670)
	at sun.security.ssl.ClientHandshaker.processMessage(ClientHandshaker.java:226)
	at sun.security.ssl.Handshaker.processLoop(Handshaker.java:1082)
	at sun.security.ssl.Handshaker.process_record(Handshaker.java:1010)
	at sun.security.ssl.SSLSocketImpl.readRecord(SSLSocketImpl.java:1079)
	at sun.security.ssl.SSLSocketImpl.performInitialHandshake(SSLSocketImpl.java:1388)
	at sun.security.ssl.SSLSocketImpl.startHandshake(SSLSocketImpl.java:1416)
	at sun.security.ssl.SSLSocketImpl.startHandshake(SSLSocketImpl.java:1400)
	at org.apache.zookeeper.client.FourLetterWordMain.send4LetterWord(FourLetterWordMain.java:105)
	at org.apache.zookeeper.client.FourLetterWordMain.send4LetterWord(FourLetterWordMain.java:73)
	at org.apache.zookeeper.test.ClientBase.waitForServerUp(ClientBase.java:261)
	at org.apache.zookeeper.test.ClientBase.startServerInstance(ClientBase.java:401)
	at org.apache.zookeeper.test.ClientBase.startServer(ClientBase.java:516)
	at org.apache.zookeeper.test.ClientBase.setUpWithServerId(ClientBase.java:499)
	at org.apache.zookeeper.test.ClientBase.setUp(ClientBase.java:474)
	at org.apache.zookeeper.test.SaslDigestAuthOverSSLTest.setUp(SaslDigestAuthOverSSLTest.java:62)
	at sun.reflect.NativeMethodAccessorImpl.invoke0(Native Method)
	at sun.reflect.NativeMethodAccessorImpl.invoke(NativeMethodAccessorImpl.java:62)
	at sun.reflect.DelegatingMethodAccessorImpl.invoke(DelegatingMethodAccessorImpl.java:43)
	at java.lang.reflect.Method.invoke(Method.java:498)
	at org.junit.runners.model.FrameworkMethod$1.runReflectiveCall(FrameworkMethod.java:50)
	at org.junit.internal.runners.model.ReflectiveCallable.run(ReflectiveCallable.java:12)
	at org.junit.runners.model.FrameworkMethod.invokeExplosively(FrameworkMethod.java:47)
	at mockit.integration.junit4.JUnit4TestRunnerDecorator.invokeExplosively(JUnit4TestRunnerDecorator.java:49)
	at mockit.integration.junit4.FakeFrameworkMethod.invokeExplosively(FakeFrameworkMethod.java:29)
	at org.junit.runners.model.FrameworkMethod.invokeExplosively(FrameworkMethod.java)
	at org.junit.internal.runners.statements.RunBefores.evaluate(RunBefores.java:24)
	at org.junit.internal.runners.statements.RunAfters.evaluate(RunAfters.java:27)
	at org.junit.rules.TestWatcher$1.evaluate(TestWatcher.java:55)
	at org.junit.rules.RunRules.evaluate(RunRules.java:20)
	at org.junit.runners.ParentRunner.runLeaf(ParentRunner.java:325)
	at org.junit.runners.BlockJUnit4ClassRunner.runChild(BlockJUnit4ClassRunner.java:78)
	at org.junit.runners.BlockJUnit4ClassRunner.runChild(BlockJUnit4ClassRunner.java:57)
	at org.junit.runners.ParentRunner$3.run(ParentRunner.java:290)
	at org.junit.runners.ParentRunner$1.schedule(ParentRunner.java:71)
	at org.junit.runners.ParentRunner.runChildren(ParentRunner.java:288)
	at org.junit.runners.ParentRunner.access$000(ParentRunner.java:58)
	at org.junit.runners.ParentRunner$2.evaluate(ParentRunner.java:268)
	at org.junit.internal.runners.statements.RunBefores.evaluate(RunBefores.java:26)
	at org.junit.runners.ParentRunner.run(ParentRunner.java:363)
	at org.apache.maven.surefire.junit4.JUnit4Provider.execute(JUnit4Provider.java:365)
	at org.apache.maven.surefire.junit4.JUnit4Provider.executeWithRerun(JUnit4Provider.java:273)
	at org.apache.maven.surefire.junit4.JUnit4Provider.executeTestSet(JUnit4Provider.java:238)
	at org.apache.maven.surefire.junit4.JUnit4Provider.invoke(JUnit4Provider.java:159)
	at org.apache.maven.surefire.booter.ForkedBooter.invokeProviderInSameClassLoader(ForkedBooter.java:384)
	at org.apache.maven.surefire.booter.ForkedBooter.runSuitesInProcess(ForkedBooter.java:345)
	at org.apache.maven.surefire.booter.ForkedBooter.execute(ForkedBooter.java:126)
	at org.apache.maven.surefire.booter.ForkedBooter.main(ForkedBooter.java:418)
2020-06-22 14:22:46,780 [myid:] - ERROR [main:ZKTrustManager@162] - Failed to verify hostname: activate.navicat.com
javax.net.ssl.SSLPeerUnverifiedException: Certificate for <activate.navicat.com> doesn't match common name of the certificate subject: localhost
	at org.apache.zookeeper.common.ZKHostnameVerifier.matchCN(ZKHostnameVerifier.java:238)
	at org.apache.zookeeper.common.ZKHostnameVerifier.verify(ZKHostnameVerifier.java:184)
	at org.apache.zookeeper.common.ZKTrustManager.performHostVerification(ZKTrustManager.java:159)
	at org.apache.zookeeper.common.ZKTrustManager.checkServerTrusted(ZKTrustManager.java:90)
	at sun.security.ssl.ClientHandshaker.serverCertificate(ClientHandshaker.java:1670)
	at sun.security.ssl.ClientHandshaker.processMessage(ClientHandshaker.java:226)
	at sun.security.ssl.Handshaker.processLoop(Handshaker.java:1082)
	at sun.security.ssl.Handshaker.process_record(Handshaker.java:1010)
	at sun.security.ssl.SSLSocketImpl.readRecord(SSLSocketImpl.java:1079)
	at sun.security.ssl.SSLSocketImpl.performInitialHandshake(SSLSocketImpl.java:1388)
	at sun.security.ssl.SSLSocketImpl.startHandshake(SSLSocketImpl.java:1416)
	at sun.security.ssl.SSLSocketImpl.startHandshake(SSLSocketImpl.java:1400)
	at org.apache.zookeeper.client.FourLetterWordMain.send4LetterWord(FourLetterWordMain.java:105)
	at org.apache.zookeeper.client.FourLetterWordMain.send4LetterWord(FourLetterWordMain.java:73)
	at org.apache.zookeeper.test.ClientBase.waitForServerUp(ClientBase.java:261)
	at org.apache.zookeeper.test.ClientBase.startServerInstance(ClientBase.java:401)
	at org.apache.zookeeper.test.ClientBase.startServer(ClientBase.java:516)
	at org.apache.zookeeper.test.ClientBase.setUpWithServerId(ClientBase.java:499)
	at org.apache.zookeeper.test.ClientBase.setUp(ClientBase.java:474)
	at org.apache.zookeeper.test.SaslDigestAuthOverSSLTest.setUp(SaslDigestAuthOverSSLTest.java:62)
	at sun.reflect.NativeMethodAccessorImpl.invoke0(Native Method)
	at sun.reflect.NativeMethodAccessorImpl.invoke(NativeMethodAccessorImpl.java:62)
	at sun.reflect.DelegatingMethodAccessorImpl.invoke(DelegatingMethodAccessorImpl.java:43)
	at java.lang.reflect.Method.invoke(Method.java:498)
	at org.junit.runners.model.FrameworkMethod$1.runReflectiveCall(FrameworkMethod.java:50)
	at org.junit.internal.runners.model.ReflectiveCallable.run(ReflectiveCallable.java:12)
	at org.junit.runners.model.FrameworkMethod.invokeExplosively(FrameworkMethod.java:47)
	at mockit.integration.junit4.JUnit4TestRunnerDecorator.invokeExplosively(JUnit4TestRunnerDecorator.java:49)
	at mockit.integration.junit4.FakeFrameworkMethod.invokeExplosively(FakeFrameworkMethod.java:29)
	at org.junit.runners.model.FrameworkMethod.invokeExplosively(FrameworkMethod.java)
	at org.junit.internal.runners.statements.RunBefores.evaluate(RunBefores.java:24)
	at org.junit.internal.runners.statements.RunAfters.evaluate(RunAfters.java:27)
	at org.junit.rules.TestWatcher$1.evaluate(TestWatcher.java:55)
	at org.junit.rules.RunRules.evaluate(RunRules.java:20)
	at org.junit.runners.ParentRunner.runLeaf(ParentRunner.java:325)
	at org.junit.runners.BlockJUnit4ClassRunner.runChild(BlockJUnit4ClassRunner.java:78)
	at org.junit.runners.BlockJUnit4ClassRunner.runChild(BlockJUnit4ClassRunner.java:57)
	at org.junit.runners.ParentRunner$3.run(ParentRunner.java:290)
	at org.junit.runners.ParentRunner$1.schedule(ParentRunner.java:71)
	at org.junit.runners.ParentRunner.runChildren(ParentRunner.java:288)
	at org.junit.runners.ParentRunner.access$000(ParentRunner.java:58)
	at org.junit.runners.ParentRunner$2.evaluate(ParentRunner.java:268)
	at org.junit.internal.runners.statements.RunBefores.evaluate(RunBefores.java:26)
	at org.junit.runners.ParentRunner.run(ParentRunner.java:363)
	at org.apache.maven.surefire.junit4.JUnit4Provider.execute(JUnit4Provider.java:365)
	at org.apache.maven.surefire.junit4.JUnit4Provider.executeWithRerun(JUnit4Provider.java:273)
	at org.apache.maven.surefire.junit4.JUnit4Provider.executeTestSet(JUnit4Provider.java:238)
	at org.apache.maven.surefire.junit4.JUnit4Provider.invoke(JUnit4Provider.java:159)
	at org.apache.maven.surefire.booter.ForkedBooter.invokeProviderInSameClassLoader(ForkedBooter.java:384)
	at org.apache.maven.surefire.booter.ForkedBooter.runSuitesInProcess(ForkedBooter.java:345)
	at org.apache.maven.surefire.booter.ForkedBooter.execute(ForkedBooter.java:126)
	at org.apache.maven.surefire.booter.ForkedBooter.main(ForkedBooter.java:418)
2020-06-22 14:22:46,780 [myid:] - INFO  [main:ClientBase@270] - server 127.0.0.1:21995 not up
javax.net.ssl.SSLHandshakeException: java.security.cert.CertificateException: Failed to verify both host address and host name
	at sun.security.ssl.Alerts.getSSLException(Alerts.java:198)
	at sun.security.ssl.SSLSocketImpl.fatal(SSLSocketImpl.java:1967)
	at sun.security.ssl.Handshaker.fatalSE(Handshaker.java:331)
	at sun.security.ssl.Handshaker.fatalSE(Handshaker.java:325)
	at sun.security.ssl.ClientHandshaker.serverCertificate(ClientHandshaker.java:1688)
	at sun.security.ssl.ClientHandshaker.processMessage(ClientHandshaker.java:226)
	at sun.security.ssl.Handshaker.processLoop(Handshaker.java:1082)
	at sun.security.ssl.Handshaker.process_record(Handshaker.java:1010)
	at sun.security.ssl.SSLSocketImpl.readRecord(SSLSocketImpl.java:1079)
	at sun.security.ssl.SSLSocketImpl.performInitialHandshake(SSLSocketImpl.java:1388)
	at sun.security.ssl.SSLSocketImpl.startHandshake(SSLSocketImpl.java:1416)
	at sun.security.ssl.SSLSocketImpl.startHandshake(SSLSocketImpl.java:1400)
	at org.apache.zookeeper.client.FourLetterWordMain.send4LetterWord(FourLetterWordMain.java:105)
	at org.apache.zookeeper.client.FourLetterWordMain.send4LetterWord(FourLetterWordMain.java:73)
	at org.apache.zookeeper.test.ClientBase.waitForServerUp(ClientBase.java:261)
	at org.apache.zookeeper.test.ClientBase.startServerInstance(ClientBase.java:401)
	at org.apache.zookeeper.test.ClientBase.startServer(ClientBase.java:516)
	at org.apache.zookeeper.test.ClientBase.setUpWithServerId(ClientBase.java:499)
	at org.apache.zookeeper.test.ClientBase.setUp(ClientBase.java:474)
	at org.apache.zookeeper.test.SaslDigestAuthOverSSLTest.setUp(SaslDigestAuthOverSSLTest.java:62)
	at sun.reflect.NativeMethodAccessorImpl.invoke0(Native Method)
	at sun.reflect.NativeMethodAccessorImpl.invoke(NativeMethodAccessorImpl.java:62)
	at sun.reflect.DelegatingMethodAccessorImpl.invoke(DelegatingMethodAccessorImpl.java:43)
	at java.lang.reflect.Method.invoke(Method.java:498)
	at org.junit.runners.model.FrameworkMethod$1.runReflectiveCall(FrameworkMethod.java:50)
	at org.junit.internal.runners.model.ReflectiveCallable.run(ReflectiveCallable.java:12)
	at org.junit.runners.model.FrameworkMethod.invokeExplosively(FrameworkMethod.java:47)
	at mockit.integration.junit4.JUnit4TestRunnerDecorator.invokeExplosively(JUnit4TestRunnerDecorator.java:49)
	at mockit.integration.junit4.FakeFrameworkMethod.invokeExplosively(FakeFrameworkMethod.java:29)
	at org.junit.runners.model.FrameworkMethod.invokeExplosively(FrameworkMethod.java)
	at org.junit.internal.runners.statements.RunBefores.evaluate(RunBefores.java:24)
	at org.junit.internal.runners.statements.RunAfters.evaluate(RunAfters.java:27)
	at org.junit.rules.TestWatcher$1.evaluate(TestWatcher.java:55)
	at org.junit.rules.RunRules.evaluate(RunRules.java:20)
	at org.junit.runners.ParentRunner.runLeaf(ParentRunner.java:325)
	at org.junit.runners.BlockJUnit4ClassRunner.runChild(BlockJUnit4ClassRunner.java:78)
	at org.junit.runners.BlockJUnit4ClassRunner.runChild(BlockJUnit4ClassRunner.java:57)
	at org.junit.runners.ParentRunner$3.run(ParentRunner.java:290)
	at org.junit.runners.ParentRunner$1.schedule(ParentRunner.java:71)
	at org.junit.runners.ParentRunner.runChildren(ParentRunner.java:288)
	at org.junit.runners.ParentRunner.access$000(ParentRunner.java:58)
	at org.junit.runners.ParentRunner$2.evaluate(ParentRunner.java:268)
	at org.junit.internal.runners.statements.RunBefores.evaluate(RunBefores.java:26)
	at org.junit.runners.ParentRunner.run(ParentRunner.java:363)
	at org.apache.maven.surefire.junit4.JUnit4Provider.execute(JUnit4Provider.java:365)
	at org.apache.maven.surefire.junit4.JUnit4Provider.executeWithRerun(JUnit4Provider.java:273)
	at org.apache.maven.surefire.junit4.JUnit4Provider.executeTestSet(JUnit4Provider.java:238)
	at org.apache.maven.surefire.junit4.JUnit4Provider.invoke(JUnit4Provider.java:159)
	at org.apache.maven.surefire.booter.ForkedBooter.invokeProviderInSameClassLoader(ForkedBooter.java:384)
	at org.apache.maven.surefire.booter.ForkedBooter.runSuitesInProcess(ForkedBooter.java:345)
	at org.apache.maven.surefire.booter.ForkedBooter.execute(ForkedBooter.java:126)
	at org.apache.maven.surefire.booter.ForkedBooter.main(ForkedBooter.java:418)
Caused by: java.security.cert.CertificateException: Failed to verify both host address and host name
	at org.apache.zookeeper.common.ZKTrustManager.performHostVerification(ZKTrustManager.java:163)
	at org.apache.zookeeper.common.ZKTrustManager.checkServerTrusted(ZKTrustManager.java:90)
	at sun.security.ssl.ClientHandshaker.serverCertificate(ClientHandshaker.java:1670)
	... 47 more
Caused by: javax.net.ssl.SSLPeerUnverifiedException: Certificate for <activate.navicat.com> doesn't match common name of the certificate subject: localhost
	at org.apache.zookeeper.common.ZKHostnameVerifier.matchCN(ZKHostnameVerifier.java:238)
	at org.apache.zookeeper.common.ZKHostnameVerifier.verify(ZKHostnameVerifier.java:184)
	at org.apache.zookeeper.common.ZKTrustManager.performHostVerification(ZKTrustManager.java:159)
	... 49 more
2020-06-22 14:22:46,780 [myid:] - ERROR [nioEventLoopGroup-4-3:NettyServerCnxnFactory$CertificateVerifier@434] - Unsuccessful handshake with session 0x0
2020-06-22 14:22:46,781 [myid:] - WARN  [nioEventLoopGroup-4-3:NettyServerCnxnFactory$CnxnChannelHandler@273] - Exception caught
io.netty.handler.codec.DecoderException: javax.net.ssl.SSLException: Received fatal alert: certificate_unknown
	at io.netty.handler.codec.ByteToMessageDecoder.callDecode(ByteToMessageDecoder.java:468)
	at io.netty.handler.codec.ByteToMessageDecoder.channelRead(ByteToMessageDecoder.java:276)
	at io.netty.channel.AbstractChannelHandlerContext.invokeChannelRead(AbstractChannelHandlerContext.java:379)
	at io.netty.channel.AbstractChannelHandlerContext.invokeChannelRead(AbstractChannelHandlerContext.java:365)
	at io.netty.channel.AbstractChannelHandlerContext.fireChannelRead(AbstractChannelHandlerContext.java:357)
	at io.netty.channel.DefaultChannelPipeline$HeadContext.channelRead(DefaultChannelPipeline.java:1410)
	at io.netty.channel.AbstractChannelHandlerContext.invokeChannelRead(AbstractChannelHandlerContext.java:379)
	at io.netty.channel.AbstractChannelHandlerContext.invokeChannelRead(AbstractChannelHandlerContext.java:365)
	at io.netty.channel.DefaultChannelPipeline.fireChannelRead(DefaultChannelPipeline.java:919)
	at io.netty.channel.nio.AbstractNioByteChannel$NioByteUnsafe.read(AbstractNioByteChannel.java:163)
	at io.netty.channel.nio.NioEventLoop.processSelectedKey(NioEventLoop.java:714)
	at io.netty.channel.nio.NioEventLoop.processSelectedKeysOptimized(NioEventLoop.java:650)
	at io.netty.channel.nio.NioEventLoop.processSelectedKeys(NioEventLoop.java:576)
	at io.netty.channel.nio.NioEventLoop.run(NioEventLoop.java:493)
	at io.netty.util.concurrent.SingleThreadEventExecutor$4.run(SingleThreadEventExecutor.java:989)
	at io.netty.util.internal.ThreadExecutorMap$2.run(ThreadExecutorMap.java:74)
	at io.netty.util.concurrent.FastThreadLocalRunnable.run(FastThreadLocalRunnable.java:30)
	at java.lang.Thread.run(Thread.java:748)
Caused by: javax.net.ssl.SSLException: Received fatal alert: certificate_unknown
	at sun.security.ssl.Alerts.getSSLException(Alerts.java:214)
	at sun.security.ssl.SSLEngineImpl.fatal(SSLEngineImpl.java:1667)
	at sun.security.ssl.SSLEngineImpl.fatal(SSLEngineImpl.java:1635)
	at sun.security.ssl.SSLEngineImpl.recvAlert(SSLEngineImpl.java:1801)
	at sun.security.ssl.SSLEngineImpl.readRecord(SSLEngineImpl.java:1090)
	at sun.security.ssl.SSLEngineImpl.readNetRecord(SSLEngineImpl.java:913)
	at sun.security.ssl.SSLEngineImpl.unwrap(SSLEngineImpl.java:783)
	at javax.net.ssl.SSLEngine.unwrap(SSLEngine.java:626)
	at io.netty.handler.ssl.SslHandler$SslEngineType$3.unwrap(SslHandler.java:281)
	at io.netty.handler.ssl.SslHandler.unwrap(SslHandler.java:1340)
	at io.netty.handler.ssl.SslHandler.decodeJdkCompatible(SslHandler.java:1235)
	at io.netty.handler.ssl.SslHandler.decode(SslHandler.java:1282)
	at io.netty.handler.codec.ByteToMessageDecoder.decodeRemovalReentryProtection(ByteToMessageDecoder.java:498)
	at io.netty.handler.codec.ByteToMessageDecoder.callDecode(ByteToMessageDecoder.java:437)
	... 17 more
2020-06-22 14:22:46,782 [myid:] - WARN  [nioEventLoopGroup-4-3:NettyServerCnxnFactory$CnxnChannelHandler@273] - Exception caught
io.netty.handler.codec.DecoderException: javax.net.ssl.SSLException: Received fatal alert: certificate_unknown
	at io.netty.handler.codec.ByteToMessageDecoder.callDecode(ByteToMessageDecoder.java:468)
	at io.netty.handler.codec.ByteToMessageDecoder.channelInputClosed(ByteToMessageDecoder.java:401)
	at io.netty.handler.codec.ByteToMessageDecoder.channelInputClosed(ByteToMessageDecoder.java:368)
	at io.netty.handler.codec.ByteToMessageDecoder.channelInactive(ByteToMessageDecoder.java:351)
	at io.netty.handler.ssl.SslHandler.channelInactive(SslHandler.java:1084)
	at io.netty.channel.AbstractChannelHandlerContext.invokeChannelInactive(AbstractChannelHandlerContext.java:262)
	at io.netty.channel.AbstractChannelHandlerContext.invokeChannelInactive(AbstractChannelHandlerContext.java:248)
	at io.netty.channel.AbstractChannelHandlerContext.fireChannelInactive(AbstractChannelHandlerContext.java:241)
	at io.netty.channel.DefaultChannelPipeline$HeadContext.channelInactive(DefaultChannelPipeline.java:1405)
	at io.netty.channel.AbstractChannelHandlerContext.invokeChannelInactive(AbstractChannelHandlerContext.java:262)
	at io.netty.channel.AbstractChannelHandlerContext.invokeChannelInactive(AbstractChannelHandlerContext.java:248)
	at io.netty.channel.DefaultChannelPipeline.fireChannelInactive(DefaultChannelPipeline.java:901)
	at io.netty.channel.AbstractChannel$AbstractUnsafe$8.run(AbstractChannel.java:818)
	at io.netty.util.concurrent.AbstractEventExecutor.safeExecute(AbstractEventExecutor.java:164)
	at io.netty.util.concurrent.SingleThreadEventExecutor.runAllTasks(SingleThreadEventExecutor.java:472)
	at io.netty.channel.nio.NioEventLoop.run(NioEventLoop.java:497)
	at io.netty.util.concurrent.SingleThreadEventExecutor$4.run(SingleThreadEventExecutor.java:989)
	at io.netty.util.internal.ThreadExecutorMap$2.run(ThreadExecutorMap.java:74)
	at io.netty.util.concurrent.FastThreadLocalRunnable.run(FastThreadLocalRunnable.java:30)
	at java.lang.Thread.run(Thread.java:748)
Caused by: javax.net.ssl.SSLException: Received fatal alert: certificate_unknown
	at sun.security.ssl.Alerts.getSSLException(Alerts.java:214)
	at sun.security.ssl.SSLEngineImpl.fatal(SSLEngineImpl.java:1667)
	at sun.security.ssl.SSLEngineImpl.fatal(SSLEngineImpl.java:1635)
	at sun.security.ssl.SSLEngineImpl.recvAlert(SSLEngineImpl.java:1801)
	at sun.security.ssl.SSLEngineImpl.readRecord(SSLEngineImpl.java:1090)
	at sun.security.ssl.SSLEngineImpl.readNetRecord(SSLEngineImpl.java:913)
	at sun.security.ssl.SSLEngineImpl.unwrap(SSLEngineImpl.java:783)
	at javax.net.ssl.SSLEngine.unwrap(SSLEngine.java:626)
	at io.netty.handler.ssl.SslHandler$SslEngineType$3.unwrap(SslHandler.java:281)
	at io.netty.handler.ssl.SslHandler.unwrap(SslHandler.java:1340)
	at io.netty.handler.ssl.SslHandler.decodeJdkCompatible(SslHandler.java:1235)
	at io.netty.handler.ssl.SslHandler.decode(SslHandler.java:1282)
	at io.netty.handler.codec.ByteToMessageDecoder.decodeRemovalReentryProtection(ByteToMessageDecoder.java:498)
	at io.netty.handler.codec.ByteToMessageDecoder.callDecode(ByteToMessageDecoder.java:437)
	... 19 more
2020-06-22 14:22:47,030 [myid:] - INFO  [main:FourLetterWordMain@93] - connecting to 127.0.0.1 21995
2020-06-22 14:22:47,030 [myid:] - INFO  [main:FourLetterWordMain@99] - using secure socket
2020-06-22 14:22:47,040 [myid:] - ERROR [main:ZKTrustManager@161] - Failed to verify host address: 127.0.0.1
javax.net.ssl.SSLPeerUnverifiedException: Certificate for <127.0.0.1> doesn't match common name of the certificate subject: localhost
	at org.apache.zookeeper.common.ZKHostnameVerifier.matchCN(ZKHostnameVerifier.java:238)
	at org.apache.zookeeper.common.ZKHostnameVerifier.verify(ZKHostnameVerifier.java:184)
	at org.apache.zookeeper.common.ZKTrustManager.performHostVerification(ZKTrustManager.java:151)
	at org.apache.zookeeper.common.ZKTrustManager.checkServerTrusted(ZKTrustManager.java:90)
	at sun.security.ssl.ClientHandshaker.serverCertificate(ClientHandshaker.java:1670)
	at sun.security.ssl.ClientHandshaker.processMessage(ClientHandshaker.java:226)
	at sun.security.ssl.Handshaker.processLoop(Handshaker.java:1082)
	at sun.security.ssl.Handshaker.process_record(Handshaker.java:1010)
	at sun.security.ssl.SSLSocketImpl.readRecord(SSLSocketImpl.java:1079)
	at sun.security.ssl.SSLSocketImpl.performInitialHandshake(SSLSocketImpl.java:1388)
	at sun.security.ssl.SSLSocketImpl.startHandshake(SSLSocketImpl.java:1416)
	at sun.security.ssl.SSLSocketImpl.startHandshake(SSLSocketImpl.java:1400)
	at org.apache.zookeeper.client.FourLetterWordMain.send4LetterWord(FourLetterWordMain.java:105)
	at org.apache.zookeeper.client.FourLetterWordMain.send4LetterWord(FourLetterWordMain.java:73)
	at org.apache.zookeeper.test.ClientBase.waitForServerUp(ClientBase.java:261)
	at org.apache.zookeeper.test.ClientBase.startServerInstance(ClientBase.java:401)
	at org.apache.zookeeper.test.ClientBase.startServer(ClientBase.java:516)
	at org.apache.zookeeper.test.ClientBase.setUpWithServerId(ClientBase.java:499)
	at org.apache.zookeeper.test.ClientBase.setUp(ClientBase.java:474)
	at org.apache.zookeeper.test.SaslDigestAuthOverSSLTest.setUp(SaslDigestAuthOverSSLTest.java:62)
	at sun.reflect.NativeMethodAccessorImpl.invoke0(Native Method)
	at sun.reflect.NativeMethodAccessorImpl.invoke(NativeMethodAccessorImpl.java:62)
	at sun.reflect.DelegatingMethodAccessorImpl.invoke(DelegatingMethodAccessorImpl.java:43)
	at java.lang.reflect.Method.invoke(Method.java:498)
	at org.junit.runners.model.FrameworkMethod$1.runReflectiveCall(FrameworkMethod.java:50)
	at org.junit.internal.runners.model.ReflectiveCallable.run(ReflectiveCallable.java:12)
	at org.junit.runners.model.FrameworkMethod.invokeExplosively(FrameworkMethod.java:47)
	at mockit.integration.junit4.JUnit4TestRunnerDecorator.invokeExplosively(JUnit4TestRunnerDecorator.java:49)
	at mockit.integration.junit4.FakeFrameworkMethod.invokeExplosively(FakeFrameworkMethod.java:29)
	at org.junit.runners.model.FrameworkMethod.invokeExplosively(FrameworkMethod.java)
	at org.junit.internal.runners.statements.RunBefores.evaluate(RunBefores.java:24)
	at org.junit.internal.runners.statements.RunAfters.evaluate(RunAfters.java:27)
	at org.junit.rules.TestWatcher$1.evaluate(TestWatcher.java:55)
	at org.junit.rules.RunRules.evaluate(RunRules.java:20)
	at org.junit.runners.ParentRunner.runLeaf(ParentRunner.java:325)
	at org.junit.runners.BlockJUnit4ClassRunner.runChild(BlockJUnit4ClassRunner.java:78)
	at org.junit.runners.BlockJUnit4ClassRunner.runChild(BlockJUnit4ClassRunner.java:57)
	at org.junit.runners.ParentRunner$3.run(ParentRunner.java:290)
	at org.junit.runners.ParentRunner$1.schedule(ParentRunner.java:71)
	at org.junit.runners.ParentRunner.runChildren(ParentRunner.java:288)
	at org.junit.runners.ParentRunner.access$000(ParentRunner.java:58)
	at org.junit.runners.ParentRunner$2.evaluate(ParentRunner.java:268)
	at org.junit.internal.runners.statements.RunBefores.evaluate(RunBefores.java:26)
	at org.junit.runners.ParentRunner.run(ParentRunner.java:363)
	at org.apache.maven.surefire.junit4.JUnit4Provider.execute(JUnit4Provider.java:365)
	at org.apache.maven.surefire.junit4.JUnit4Provider.executeWithRerun(JUnit4Provider.java:273)
	at org.apache.maven.surefire.junit4.JUnit4Provider.executeTestSet(JUnit4Provider.java:238)
	at org.apache.maven.surefire.junit4.JUnit4Provider.invoke(JUnit4Provider.java:159)
	at org.apache.maven.surefire.booter.ForkedBooter.invokeProviderInSameClassLoader(ForkedBooter.java:384)
	at org.apache.maven.surefire.booter.ForkedBooter.runSuitesInProcess(ForkedBooter.java:345)
	at org.apache.maven.surefire.booter.ForkedBooter.execute(ForkedBooter.java:126)
	at org.apache.maven.surefire.booter.ForkedBooter.main(ForkedBooter.java:418)
2020-06-22 14:22:47,041 [myid:] - ERROR [main:ZKTrustManager@162] - Failed to verify hostname: activate.navicat.com
javax.net.ssl.SSLPeerUnverifiedException: Certificate for <activate.navicat.com> doesn't match common name of the certificate subject: localhost
	at org.apache.zookeeper.common.ZKHostnameVerifier.matchCN(ZKHostnameVerifier.java:238)
	at org.apache.zookeeper.common.ZKHostnameVerifier.verify(ZKHostnameVerifier.java:184)
	at org.apache.zookeeper.common.ZKTrustManager.performHostVerification(ZKTrustManager.java:159)
	at org.apache.zookeeper.common.ZKTrustManager.checkServerTrusted(ZKTrustManager.java:90)
	at sun.security.ssl.ClientHandshaker.serverCertificate(ClientHandshaker.java:1670)
	at sun.security.ssl.ClientHandshaker.processMessage(ClientHandshaker.java:226)
	at sun.security.ssl.Handshaker.processLoop(Handshaker.java:1082)
	at sun.security.ssl.Handshaker.process_record(Handshaker.java:1010)
	at sun.security.ssl.SSLSocketImpl.readRecord(SSLSocketImpl.java:1079)
	at sun.security.ssl.SSLSocketImpl.performInitialHandshake(SSLSocketImpl.java:1388)
	at sun.security.ssl.SSLSocketImpl.startHandshake(SSLSocketImpl.java:1416)
	at sun.security.ssl.SSLSocketImpl.startHandshake(SSLSocketImpl.java:1400)
	at org.apache.zookeeper.client.FourLetterWordMain.send4LetterWord(FourLetterWordMain.java:105)
	at org.apache.zookeeper.client.FourLetterWordMain.send4LetterWord(FourLetterWordMain.java:73)
	at org.apache.zookeeper.test.ClientBase.waitForServerUp(ClientBase.java:261)
	at org.apache.zookeeper.test.ClientBase.startServerInstance(ClientBase.java:401)
	at org.apache.zookeeper.test.ClientBase.startServer(ClientBase.java:516)
	at org.apache.zookeeper.test.ClientBase.setUpWithServerId(ClientBase.java:499)
	at org.apache.zookeeper.test.ClientBase.setUp(ClientBase.java:474)
	at org.apache.zookeeper.test.SaslDigestAuthOverSSLTest.setUp(SaslDigestAuthOverSSLTest.java:62)
	at sun.reflect.NativeMethodAccessorImpl.invoke0(Native Method)
	at sun.reflect.NativeMethodAccessorImpl.invoke(NativeMethodAccessorImpl.java:62)
	at sun.reflect.DelegatingMethodAccessorImpl.invoke(DelegatingMethodAccessorImpl.java:43)
	at java.lang.reflect.Method.invoke(Method.java:498)
	at org.junit.runners.model.FrameworkMethod$1.runReflectiveCall(FrameworkMethod.java:50)
	at org.junit.internal.runners.model.ReflectiveCallable.run(ReflectiveCallable.java:12)
	at org.junit.runners.model.FrameworkMethod.invokeExplosively(FrameworkMethod.java:47)
	at mockit.integration.junit4.JUnit4TestRunnerDecorator.invokeExplosively(JUnit4TestRunnerDecorator.java:49)
	at mockit.integration.junit4.FakeFrameworkMethod.invokeExplosively(FakeFrameworkMethod.java:29)
	at org.junit.runners.model.FrameworkMethod.invokeExplosively(FrameworkMethod.java)
	at org.junit.internal.runners.statements.RunBefores.evaluate(RunBefores.java:24)
	at org.junit.internal.runners.statements.RunAfters.evaluate(RunAfters.java:27)
	at org.junit.rules.TestWatcher$1.evaluate(TestWatcher.java:55)
	at org.junit.rules.RunRules.evaluate(RunRules.java:20)
	at org.junit.runners.ParentRunner.runLeaf(ParentRunner.java:325)
	at org.junit.runners.BlockJUnit4ClassRunner.runChild(BlockJUnit4ClassRunner.java:78)
	at org.junit.runners.BlockJUnit4ClassRunner.runChild(BlockJUnit4ClassRunner.java:57)
	at org.junit.runners.ParentRunner$3.run(ParentRunner.java:290)
	at org.junit.runners.ParentRunner$1.schedule(ParentRunner.java:71)
	at org.junit.runners.ParentRunner.runChildren(ParentRunner.java:288)
	at org.junit.runners.ParentRunner.access$000(ParentRunner.java:58)
	at org.junit.runners.ParentRunner$2.evaluate(ParentRunner.java:268)
	at org.junit.internal.runners.statements.RunBefores.evaluate(RunBefores.java:26)
	at org.junit.runners.ParentRunner.run(ParentRunner.java:363)
	at org.apache.maven.surefire.junit4.JUnit4Provider.execute(JUnit4Provider.java:365)
	at org.apache.maven.surefire.junit4.JUnit4Provider.executeWithRerun(JUnit4Provider.java:273)
	at org.apache.maven.surefire.junit4.JUnit4Provider.executeTestSet(JUnit4Provider.java:238)
	at org.apache.maven.surefire.junit4.JUnit4Provider.invoke(JUnit4Provider.java:159)
	at org.apache.maven.surefire.booter.ForkedBooter.invokeProviderInSameClassLoader(ForkedBooter.java:384)
	at org.apache.maven.surefire.booter.ForkedBooter.runSuitesInProcess(ForkedBooter.java:345)
	at org.apache.maven.surefire.booter.ForkedBooter.execute(ForkedBooter.java:126)
	at org.apache.maven.surefire.booter.ForkedBooter.main(ForkedBooter.java:418)
2020-06-22 14:22:47,042 [myid:] - INFO  [main:ClientBase@270] - server 127.0.0.1:21995 not up
javax.net.ssl.SSLHandshakeException: java.security.cert.CertificateException: Failed to verify both host address and host name
	at sun.security.ssl.Alerts.getSSLException(Alerts.java:198)
	at sun.security.ssl.SSLSocketImpl.fatal(SSLSocketImpl.java:1967)
	at sun.security.ssl.Handshaker.fatalSE(Handshaker.java:331)
	at sun.security.ssl.Handshaker.fatalSE(Handshaker.java:325)
	at sun.security.ssl.ClientHandshaker.serverCertificate(ClientHandshaker.java:1688)
	at sun.security.ssl.ClientHandshaker.processMessage(ClientHandshaker.java:226)
	at sun.security.ssl.Handshaker.processLoop(Handshaker.java:1082)
	at sun.security.ssl.Handshaker.process_record(Handshaker.java:1010)
	at sun.security.ssl.SSLSocketImpl.readRecord(SSLSocketImpl.java:1079)
	at sun.security.ssl.SSLSocketImpl.performInitialHandshake(SSLSocketImpl.java:1388)
	at sun.security.ssl.SSLSocketImpl.startHandshake(SSLSocketImpl.java:1416)
	at sun.security.ssl.SSLSocketImpl.startHandshake(SSLSocketImpl.java:1400)
	at org.apache.zookeeper.client.FourLetterWordMain.send4LetterWord(FourLetterWordMain.java:105)
	at org.apache.zookeeper.client.FourLetterWordMain.send4LetterWord(FourLetterWordMain.java:73)
	at org.apache.zookeeper.test.ClientBase.waitForServerUp(ClientBase.java:261)
	at org.apache.zookeeper.test.ClientBase.startServerInstance(ClientBase.java:401)
	at org.apache.zookeeper.test.ClientBase.startServer(ClientBase.java:516)
	at org.apache.zookeeper.test.ClientBase.setUpWithServerId(ClientBase.java:499)
	at org.apache.zookeeper.test.ClientBase.setUp(ClientBase.java:474)
	at org.apache.zookeeper.test.SaslDigestAuthOverSSLTest.setUp(SaslDigestAuthOverSSLTest.java:62)
	at sun.reflect.NativeMethodAccessorImpl.invoke0(Native Method)
	at sun.reflect.NativeMethodAccessorImpl.invoke(NativeMethodAccessorImpl.java:62)
	at sun.reflect.DelegatingMethodAccessorImpl.invoke(DelegatingMethodAccessorImpl.java:43)
	at java.lang.reflect.Method.invoke(Method.java:498)
	at org.junit.runners.model.FrameworkMethod$1.runReflectiveCall(FrameworkMethod.java:50)
	at org.junit.internal.runners.model.ReflectiveCallable.run(ReflectiveCallable.java:12)
	at org.junit.runners.model.FrameworkMethod.invokeExplosively(FrameworkMethod.java:47)
	at mockit.integration.junit4.JUnit4TestRunnerDecorator.invokeExplosively(JUnit4TestRunnerDecorator.java:49)
	at mockit.integration.junit4.FakeFrameworkMethod.invokeExplosively(FakeFrameworkMethod.java:29)
	at org.junit.runners.model.FrameworkMethod.invokeExplosively(FrameworkMethod.java)
	at org.junit.internal.runners.statements.RunBefores.evaluate(RunBefores.java:24)
	at org.junit.internal.runners.statements.RunAfters.evaluate(RunAfters.java:27)
	at org.junit.rules.TestWatcher$1.evaluate(TestWatcher.java:55)
	at org.junit.rules.RunRules.evaluate(RunRules.java:20)
	at org.junit.runners.ParentRunner.runLeaf(ParentRunner.java:325)
	at org.junit.runners.BlockJUnit4ClassRunner.runChild(BlockJUnit4ClassRunner.java:78)
	at org.junit.runners.BlockJUnit4ClassRunner.runChild(BlockJUnit4ClassRunner.java:57)
	at org.junit.runners.ParentRunner$3.run(ParentRunner.java:290)
	at org.junit.runners.ParentRunner$1.schedule(ParentRunner.java:71)
	at org.junit.runners.ParentRunner.runChildren(ParentRunner.java:288)
	at org.junit.runners.ParentRunner.access$000(ParentRunner.java:58)
	at org.junit.runners.ParentRunner$2.evaluate(ParentRunner.java:268)
	at org.junit.internal.runners.statements.RunBefores.evaluate(RunBefores.java:26)
	at org.junit.runners.ParentRunner.run(ParentRunner.java:363)
	at org.apache.maven.surefire.junit4.JUnit4Provider.execute(JUnit4Provider.java:365)
	at org.apache.maven.surefire.junit4.JUnit4Provider.executeWithRerun(JUnit4Provider.java:273)
	at org.apache.maven.surefire.junit4.JUnit4Provider.executeTestSet(JUnit4Provider.java:238)
	at org.apache.maven.surefire.junit4.JUnit4Provider.invoke(JUnit4Provider.java:159)
	at org.apache.maven.surefire.booter.ForkedBooter.invokeProviderInSameClassLoader(ForkedBooter.java:384)
	at org.apache.maven.surefire.booter.ForkedBooter.runSuitesInProcess(ForkedBooter.java:345)
	at org.apache.maven.surefire.booter.ForkedBooter.execute(ForkedBooter.java:126)
	at org.apache.maven.surefire.booter.ForkedBooter.main(ForkedBooter.java:418)
Caused by: java.security.cert.CertificateException: Failed to verify both host address and host name
	at org.apache.zookeeper.common.ZKTrustManager.performHostVerification(ZKTrustManager.java:163)
	at org.apache.zookeeper.common.ZKTrustManager.checkServerTrusted(ZKTrustManager.java:90)
	at sun.security.ssl.ClientHandshaker.serverCertificate(ClientHandshaker.java:1670)
	... 47 more
Caused by: javax.net.ssl.SSLPeerUnverifiedException: Certificate for <activate.navicat.com> doesn't match common name of the certificate subject: localhost
	at org.apache.zookeeper.common.ZKHostnameVerifier.matchCN(ZKHostnameVerifier.java:238)
	at org.apache.zookeeper.common.ZKHostnameVerifier.verify(ZKHostnameVerifier.java:184)
	at org.apache.zookeeper.common.ZKTrustManager.performHostVerification(ZKTrustManager.java:159)
	... 49 more
2020-06-22 14:22:47,042 [myid:] - ERROR [nioEventLoopGroup-4-4:NettyServerCnxnFactory$CertificateVerifier@434] - Unsuccessful handshake with session 0x0
2020-06-22 14:22:47,043 [myid:] - WARN  [nioEventLoopGroup-4-4:NettyServerCnxnFactory$CnxnChannelHandler@273] - Exception caught
io.netty.handler.codec.DecoderException: javax.net.ssl.SSLException: Received fatal alert: certificate_unknown
	at io.netty.handler.codec.ByteToMessageDecoder.callDecode(ByteToMessageDecoder.java:468)
	at io.netty.handler.codec.ByteToMessageDecoder.channelRead(ByteToMessageDecoder.java:276)
	at io.netty.channel.AbstractChannelHandlerContext.invokeChannelRead(AbstractChannelHandlerContext.java:379)
	at io.netty.channel.AbstractChannelHandlerContext.invokeChannelRead(AbstractChannelHandlerContext.java:365)
	at io.netty.channel.AbstractChannelHandlerContext.fireChannelRead(AbstractChannelHandlerContext.java:357)
	at io.netty.channel.DefaultChannelPipeline$HeadContext.channelRead(DefaultChannelPipeline.java:1410)
	at io.netty.channel.AbstractChannelHandlerContext.invokeChannelRead(AbstractChannelHandlerContext.java:379)
	at io.netty.channel.AbstractChannelHandlerContext.invokeChannelRead(AbstractChannelHandlerContext.java:365)
	at io.netty.channel.DefaultChannelPipeline.fireChannelRead(DefaultChannelPipeline.java:919)
	at io.netty.channel.nio.AbstractNioByteChannel$NioByteUnsafe.read(AbstractNioByteChannel.java:163)
	at io.netty.channel.nio.NioEventLoop.processSelectedKey(NioEventLoop.java:714)
	at io.netty.channel.nio.NioEventLoop.processSelectedKeysOptimized(NioEventLoop.java:650)
	at io.netty.channel.nio.NioEventLoop.processSelectedKeys(NioEventLoop.java:576)
	at io.netty.channel.nio.NioEventLoop.run(NioEventLoop.java:493)
	at io.netty.util.concurrent.SingleThreadEventExecutor$4.run(SingleThreadEventExecutor.java:989)
	at io.netty.util.internal.ThreadExecutorMap$2.run(ThreadExecutorMap.java:74)
	at io.netty.util.concurrent.FastThreadLocalRunnable.run(FastThreadLocalRunnable.java:30)
	at java.lang.Thread.run(Thread.java:748)
Caused by: javax.net.ssl.SSLException: Received fatal alert: certificate_unknown
	at sun.security.ssl.Alerts.getSSLException(Alerts.java:214)
	at sun.security.ssl.SSLEngineImpl.fatal(SSLEngineImpl.java:1667)
	at sun.security.ssl.SSLEngineImpl.fatal(SSLEngineImpl.java:1635)
	at sun.security.ssl.SSLEngineImpl.recvAlert(SSLEngineImpl.java:1801)
	at sun.security.ssl.SSLEngineImpl.readRecord(SSLEngineImpl.java:1090)
	at sun.security.ssl.SSLEngineImpl.readNetRecord(SSLEngineImpl.java:913)
	at sun.security.ssl.SSLEngineImpl.unwrap(SSLEngineImpl.java:783)
	at javax.net.ssl.SSLEngine.unwrap(SSLEngine.java:626)
	at io.netty.handler.ssl.SslHandler$SslEngineType$3.unwrap(SslHandler.java:281)
	at io.netty.handler.ssl.SslHandler.unwrap(SslHandler.java:1340)
	at io.netty.handler.ssl.SslHandler.decodeJdkCompatible(SslHandler.java:1235)
	at io.netty.handler.ssl.SslHandler.decode(SslHandler.java:1282)
	at io.netty.handler.codec.ByteToMessageDecoder.decodeRemovalReentryProtection(ByteToMessageDecoder.java:498)
	at io.netty.handler.codec.ByteToMessageDecoder.callDecode(ByteToMessageDecoder.java:437)
	... 17 more
2020-06-22 14:22:47,044 [myid:] - WARN  [nioEventLoopGroup-4-4:NettyServerCnxnFactory$CnxnChannelHandler@273] - Exception caught
io.netty.handler.codec.DecoderException: javax.net.ssl.SSLException: Received fatal alert: certificate_unknown
	at io.netty.handler.codec.ByteToMessageDecoder.callDecode(ByteToMessageDecoder.java:468)
	at io.netty.handler.codec.ByteToMessageDecoder.channelInputClosed(ByteToMessageDecoder.java:401)
	at io.netty.handler.codec.ByteToMessageDecoder.channelInputClosed(ByteToMessageDecoder.java:368)
	at io.netty.handler.codec.ByteToMessageDecoder.channelInactive(ByteToMessageDecoder.java:351)
	at io.netty.handler.ssl.SslHandler.channelInactive(SslHandler.java:1084)
	at io.netty.channel.AbstractChannelHandlerContext.invokeChannelInactive(AbstractChannelHandlerContext.java:262)
	at io.netty.channel.AbstractChannelHandlerContext.invokeChannelInactive(AbstractChannelHandlerContext.java:248)
	at io.netty.channel.AbstractChannelHandlerContext.fireChannelInactive(AbstractChannelHandlerContext.java:241)
	at io.netty.channel.DefaultChannelPipeline$HeadContext.channelInactive(DefaultChannelPipeline.java:1405)
	at io.netty.channel.AbstractChannelHandlerContext.invokeChannelInactive(AbstractChannelHandlerContext.java:262)
	at io.netty.channel.AbstractChannelHandlerContext.invokeChannelInactive(AbstractChannelHandlerContext.java:248)
	at io.netty.channel.DefaultChannelPipeline.fireChannelInactive(DefaultChannelPipeline.java:901)
	at io.netty.channel.AbstractChannel$AbstractUnsafe$8.run(AbstractChannel.java:818)
	at io.netty.util.concurrent.AbstractEventExecutor.safeExecute(AbstractEventExecutor.java:164)
	at io.netty.util.concurrent.SingleThreadEventExecutor.runAllTasks(SingleThreadEventExecutor.java:472)
	at io.netty.channel.nio.NioEventLoop.run(NioEventLoop.java:497)
	at io.netty.util.concurrent.SingleThreadEventExecutor$4.run(SingleThreadEventExecutor.java:989)
	at io.netty.util.internal.ThreadExecutorMap$2.run(ThreadExecutorMap.java:74)
	at io.netty.util.concurrent.FastThreadLocalRunnable.run(FastThreadLocalRunnable.java:30)
	at java.lang.Thread.run(Thread.java:748)
Caused by: javax.net.ssl.SSLException: Received fatal alert: certificate_unknown
	at sun.security.ssl.Alerts.getSSLException(Alerts.java:214)
	at sun.security.ssl.SSLEngineImpl.fatal(SSLEngineImpl.java:1667)
	at sun.security.ssl.SSLEngineImpl.fatal(SSLEngineImpl.java:1635)
	at sun.security.ssl.SSLEngineImpl.recvAlert(SSLEngineImpl.java:1801)
	at sun.security.ssl.SSLEngineImpl.readRecord(SSLEngineImpl.java:1090)
	at sun.security.ssl.SSLEngineImpl.readNetRecord(SSLEngineImpl.java:913)
	at sun.security.ssl.SSLEngineImpl.unwrap(SSLEngineImpl.java:783)
	at javax.net.ssl.SSLEngine.unwrap(SSLEngine.java:626)
	at io.netty.handler.ssl.SslHandler$SslEngineType$3.unwrap(SslHandler.java:281)
	at io.netty.handler.ssl.SslHandler.unwrap(SslHandler.java:1340)
	at io.netty.handler.ssl.SslHandler.decodeJdkCompatible(SslHandler.java:1235)
	at io.netty.handler.ssl.SslHandler.decode(SslHandler.java:1282)
	at io.netty.handler.codec.ByteToMessageDecoder.decodeRemovalReentryProtection(ByteToMessageDecoder.java:498)
	at io.netty.handler.codec.ByteToMessageDecoder.callDecode(ByteToMessageDecoder.java:437)
	... 19 more
2020-06-22 14:22:47,292 [myid:] - INFO  [main:FourLetterWordMain@93] - connecting to 127.0.0.1 21995
2020-06-22 14:22:47,292 [myid:] - INFO  [main:FourLetterWordMain@99] - using secure socket
2020-06-22 14:22:47,302 [myid:] - ERROR [main:ZKTrustManager@161] - Failed to verify host address: 127.0.0.1
javax.net.ssl.SSLPeerUnverifiedException: Certificate for <127.0.0.1> doesn't match common name of the certificate subject: localhost
	at org.apache.zookeeper.common.ZKHostnameVerifier.matchCN(ZKHostnameVerifier.java:238)
	at org.apache.zookeeper.common.ZKHostnameVerifier.verify(ZKHostnameVerifier.java:184)
	at org.apache.zookeeper.common.ZKTrustManager.performHostVerification(ZKTrustManager.java:151)
	at org.apache.zookeeper.common.ZKTrustManager.checkServerTrusted(ZKTrustManager.java:90)
	at sun.security.ssl.ClientHandshaker.serverCertificate(ClientHandshaker.java:1670)
	at sun.security.ssl.ClientHandshaker.processMessage(ClientHandshaker.java:226)
	at sun.security.ssl.Handshaker.processLoop(Handshaker.java:1082)
	at sun.security.ssl.Handshaker.process_record(Handshaker.java:1010)
	at sun.security.ssl.SSLSocketImpl.readRecord(SSLSocketImpl.java:1079)
	at sun.security.ssl.SSLSocketImpl.performInitialHandshake(SSLSocketImpl.java:1388)
	at sun.security.ssl.SSLSocketImpl.startHandshake(SSLSocketImpl.java:1416)
	at sun.security.ssl.SSLSocketImpl.startHandshake(SSLSocketImpl.java:1400)
	at org.apache.zookeeper.client.FourLetterWordMain.send4LetterWord(FourLetterWordMain.java:105)
	at org.apache.zookeeper.client.FourLetterWordMain.send4LetterWord(FourLetterWordMain.java:73)
	at org.apache.zookeeper.test.ClientBase.waitForServerUp(ClientBase.java:261)
	at org.apache.zookeeper.test.ClientBase.startServerInstance(ClientBase.java:401)
	at org.apache.zookeeper.test.ClientBase.startServer(ClientBase.java:516)
	at org.apache.zookeeper.test.ClientBase.setUpWithServerId(ClientBase.java:499)
	at org.apache.zookeeper.test.ClientBase.setUp(ClientBase.java:474)
	at org.apache.zookeeper.test.SaslDigestAuthOverSSLTest.setUp(SaslDigestAuthOverSSLTest.java:62)
	at sun.reflect.NativeMethodAccessorImpl.invoke0(Native Method)
	at sun.reflect.NativeMethodAccessorImpl.invoke(NativeMethodAccessorImpl.java:62)
	at sun.reflect.DelegatingMethodAccessorImpl.invoke(DelegatingMethodAccessorImpl.java:43)
	at java.lang.reflect.Method.invoke(Method.java:498)
	at org.junit.runners.model.FrameworkMethod$1.runReflectiveCall(FrameworkMethod.java:50)
	at org.junit.internal.runners.model.ReflectiveCallable.run(ReflectiveCallable.java:12)
	at org.junit.runners.model.FrameworkMethod.invokeExplosively(FrameworkMethod.java:47)
	at mockit.integration.junit4.JUnit4TestRunnerDecorator.invokeExplosively(JUnit4TestRunnerDecorator.java:49)
	at mockit.integration.junit4.FakeFrameworkMethod.invokeExplosively(FakeFrameworkMethod.java:29)
	at org.junit.runners.model.FrameworkMethod.invokeExplosively(FrameworkMethod.java)
	at org.junit.internal.runners.statements.RunBefores.evaluate(RunBefores.java:24)
	at org.junit.internal.runners.statements.RunAfters.evaluate(RunAfters.java:27)
	at org.junit.rules.TestWatcher$1.evaluate(TestWatcher.java:55)
	at org.junit.rules.RunRules.evaluate(RunRules.java:20)
	at org.junit.runners.ParentRunner.runLeaf(ParentRunner.java:325)
	at org.junit.runners.BlockJUnit4ClassRunner.runChild(BlockJUnit4ClassRunner.java:78)
	at org.junit.runners.BlockJUnit4ClassRunner.runChild(BlockJUnit4ClassRunner.java:57)
	at org.junit.runners.ParentRunner$3.run(ParentRunner.java:290)
	at org.junit.runners.ParentRunner$1.schedule(ParentRunner.java:71)
	at org.junit.runners.ParentRunner.runChildren(ParentRunner.java:288)
	at org.junit.runners.ParentRunner.access$000(ParentRunner.java:58)
	at org.junit.runners.ParentRunner$2.evaluate(ParentRunner.java:268)
	at org.junit.internal.runners.statements.RunBefores.evaluate(RunBefores.java:26)
	at org.junit.runners.ParentRunner.run(ParentRunner.java:363)
	at org.apache.maven.surefire.junit4.JUnit4Provider.execute(JUnit4Provider.java:365)
	at org.apache.maven.surefire.junit4.JUnit4Provider.executeWithRerun(JUnit4Provider.java:273)
	at org.apache.maven.surefire.junit4.JUnit4Provider.executeTestSet(JUnit4Provider.java:238)
	at org.apache.maven.surefire.junit4.JUnit4Provider.invoke(JUnit4Provider.java:159)
	at org.apache.maven.surefire.booter.ForkedBooter.invokeProviderInSameClassLoader(ForkedBooter.java:384)
	at org.apache.maven.surefire.booter.ForkedBooter.runSuitesInProcess(ForkedBooter.java:345)
	at org.apache.maven.surefire.booter.ForkedBooter.execute(ForkedBooter.java:126)
	at org.apache.maven.surefire.booter.ForkedBooter.main(ForkedBooter.java:418)
2020-06-22 14:22:47,303 [myid:] - ERROR [main:ZKTrustManager@162] - Failed to verify hostname: activate.navicat.com
javax.net.ssl.SSLPeerUnverifiedException: Certificate for <activate.navicat.com> doesn't match common name of the certificate subject: localhost
	at org.apache.zookeeper.common.ZKHostnameVerifier.matchCN(ZKHostnameVerifier.java:238)
	at org.apache.zookeeper.common.ZKHostnameVerifier.verify(ZKHostnameVerifier.java:184)
	at org.apache.zookeeper.common.ZKTrustManager.performHostVerification(ZKTrustManager.java:159)
	at org.apache.zookeeper.common.ZKTrustManager.checkServerTrusted(ZKTrustManager.java:90)
	at sun.security.ssl.ClientHandshaker.serverCertificate(ClientHandshaker.java:1670)
	at sun.security.ssl.ClientHandshaker.processMessage(ClientHandshaker.java:226)
	at sun.security.ssl.Handshaker.processLoop(Handshaker.java:1082)
	at sun.security.ssl.Handshaker.process_record(Handshaker.java:1010)
	at sun.security.ssl.SSLSocketImpl.readRecord(SSLSocketImpl.java:1079)
	at sun.security.ssl.SSLSocketImpl.performInitialHandshake(SSLSocketImpl.java:1388)
	at sun.security.ssl.SSLSocketImpl.startHandshake(SSLSocketImpl.java:1416)
	at sun.security.ssl.SSLSocketImpl.startHandshake(SSLSocketImpl.java:1400)
	at org.apache.zookeeper.client.FourLetterWordMain.send4LetterWord(FourLetterWordMain.java:105)
	at org.apache.zookeeper.client.FourLetterWordMain.send4LetterWord(FourLetterWordMain.java:73)
	at org.apache.zookeeper.test.ClientBase.waitForServerUp(ClientBase.java:261)
	at org.apache.zookeeper.test.ClientBase.startServerInstance(ClientBase.java:401)
	at org.apache.zookeeper.test.ClientBase.startServer(ClientBase.java:516)
	at org.apache.zookeeper.test.ClientBase.setUpWithServerId(ClientBase.java:499)
	at org.apache.zookeeper.test.ClientBase.setUp(ClientBase.java:474)
	at org.apache.zookeeper.test.SaslDigestAuthOverSSLTest.setUp(SaslDigestAuthOverSSLTest.java:62)
	at sun.reflect.NativeMethodAccessorImpl.invoke0(Native Method)
	at sun.reflect.NativeMethodAccessorImpl.invoke(NativeMethodAccessorImpl.java:62)
	at sun.reflect.DelegatingMethodAccessorImpl.invoke(DelegatingMethodAccessorImpl.java:43)
	at java.lang.reflect.Method.invoke(Method.java:498)
	at org.junit.runners.model.FrameworkMethod$1.runReflectiveCall(FrameworkMethod.java:50)
	at org.junit.internal.runners.model.ReflectiveCallable.run(ReflectiveCallable.java:12)
	at org.junit.runners.model.FrameworkMethod.invokeExplosively(FrameworkMethod.java:47)
	at mockit.integration.junit4.JUnit4TestRunnerDecorator.invokeExplosively(JUnit4TestRunnerDecorator.java:49)
	at mockit.integration.junit4.FakeFrameworkMethod.invokeExplosively(FakeFrameworkMethod.java:29)
	at org.junit.runners.model.FrameworkMethod.invokeExplosively(FrameworkMethod.java)
	at org.junit.internal.runners.statements.RunBefores.evaluate(RunBefores.java:24)
	at org.junit.internal.runners.statements.RunAfters.evaluate(RunAfters.java:27)
	at org.junit.rules.TestWatcher$1.evaluate(TestWatcher.java:55)
	at org.junit.rules.RunRules.evaluate(RunRules.java:20)
	at org.junit.runners.ParentRunner.runLeaf(ParentRunner.java:325)
	at org.junit.runners.BlockJUnit4ClassRunner.runChild(BlockJUnit4ClassRunner.java:78)
	at org.junit.runners.BlockJUnit4ClassRunner.runChild(BlockJUnit4ClassRunner.java:57)
	at org.junit.runners.ParentRunner$3.run(ParentRunner.java:290)
	at org.junit.runners.ParentRunner$1.schedule(ParentRunner.java:71)
	at org.junit.runners.ParentRunner.runChildren(ParentRunner.java:288)
	at org.junit.runners.ParentRunner.access$000(ParentRunner.java:58)
	at org.junit.runners.ParentRunner$2.evaluate(ParentRunner.java:268)
	at org.junit.internal.runners.statements.RunBefores.evaluate(RunBefores.java:26)
	at org.junit.runners.ParentRunner.run(ParentRunner.java:363)
	at org.apache.maven.surefire.junit4.JUnit4Provider.execute(JUnit4Provider.java:365)
	at org.apache.maven.surefire.junit4.JUnit4Provider.executeWithRerun(JUnit4Provider.java:273)
	at org.apache.maven.surefire.junit4.JUnit4Provider.executeTestSet(JUnit4Provider.java:238)
	at org.apache.maven.surefire.junit4.JUnit4Provider.invoke(JUnit4Provider.java:159)
	at org.apache.maven.surefire.booter.ForkedBooter.invokeProviderInSameClassLoader(ForkedBooter.java:384)
	at org.apache.maven.surefire.booter.ForkedBooter.runSuitesInProcess(ForkedBooter.java:345)
	at org.apache.maven.surefire.booter.ForkedBooter.execute(ForkedBooter.java:126)
	at org.apache.maven.surefire.booter.ForkedBooter.main(ForkedBooter.java:418)
2020-06-22 14:22:47,303 [myid:] - INFO  [main:ClientBase@270] - server 127.0.0.1:21995 not up
javax.net.ssl.SSLHandshakeException: java.security.cert.CertificateException: Failed to verify both host address and host name
	at sun.security.ssl.Alerts.getSSLException(Alerts.java:198)
	at sun.security.ssl.SSLSocketImpl.fatal(SSLSocketImpl.java:1967)
	at sun.security.ssl.Handshaker.fatalSE(Handshaker.java:331)
	at sun.security.ssl.Handshaker.fatalSE(Handshaker.java:325)
	at sun.security.ssl.ClientHandshaker.serverCertificate(ClientHandshaker.java:1688)
	at sun.security.ssl.ClientHandshaker.processMessage(ClientHandshaker.java:226)
	at sun.security.ssl.Handshaker.processLoop(Handshaker.java:1082)
	at sun.security.ssl.Handshaker.process_record(Handshaker.java:1010)
	at sun.security.ssl.SSLSocketImpl.readRecord(SSLSocketImpl.java:1079)
	at sun.security.ssl.SSLSocketImpl.performInitialHandshake(SSLSocketImpl.java:1388)
	at sun.security.ssl.SSLSocketImpl.startHandshake(SSLSocketImpl.java:1416)
	at sun.security.ssl.SSLSocketImpl.startHandshake(SSLSocketImpl.java:1400)
	at org.apache.zookeeper.client.FourLetterWordMain.send4LetterWord(FourLetterWordMain.java:105)
	at org.apache.zookeeper.client.FourLetterWordMain.send4LetterWord(FourLetterWordMain.java:73)
	at org.apache.zookeeper.test.ClientBase.waitForServerUp(ClientBase.java:261)
	at org.apache.zookeeper.test.ClientBase.startServerInstance(ClientBase.java:401)
	at org.apache.zookeeper.test.ClientBase.startServer(ClientBase.java:516)
	at org.apache.zookeeper.test.ClientBase.setUpWithServerId(ClientBase.java:499)
	at org.apache.zookeeper.test.ClientBase.setUp(ClientBase.java:474)
	at org.apache.zookeeper.test.SaslDigestAuthOverSSLTest.setUp(SaslDigestAuthOverSSLTest.java:62)
	at sun.reflect.NativeMethodAccessorImpl.invoke0(Native Method)
	at sun.reflect.NativeMethodAccessorImpl.invoke(NativeMethodAccessorImpl.java:62)
	at sun.reflect.DelegatingMethodAccessorImpl.invoke(DelegatingMethodAccessorImpl.java:43)
	at java.lang.reflect.Method.invoke(Method.java:498)
	at org.junit.runners.model.FrameworkMethod$1.runReflectiveCall(FrameworkMethod.java:50)
	at org.junit.internal.runners.model.ReflectiveCallable.run(ReflectiveCallable.java:12)
	at org.junit.runners.model.FrameworkMethod.invokeExplosively(FrameworkMethod.java:47)
	at mockit.integration.junit4.JUnit4TestRunnerDecorator.invokeExplosively(JUnit4TestRunnerDecorator.java:49)
	at mockit.integration.junit4.FakeFrameworkMethod.invokeExplosively(FakeFrameworkMethod.java:29)
	at org.junit.runners.model.FrameworkMethod.invokeExplosively(FrameworkMethod.java)
	at org.junit.internal.runners.statements.RunBefores.evaluate(RunBefores.java:24)
	at org.junit.internal.runners.statements.RunAfters.evaluate(RunAfters.java:27)
	at org.junit.rules.TestWatcher$1.evaluate(TestWatcher.java:55)
	at org.junit.rules.RunRules.evaluate(RunRules.java:20)
	at org.junit.runners.ParentRunner.runLeaf(ParentRunner.java:325)
	at org.junit.runners.BlockJUnit4ClassRunner.runChild(BlockJUnit4ClassRunner.java:78)
	at org.junit.runners.BlockJUnit4ClassRunner.runChild(BlockJUnit4ClassRunner.java:57)
	at org.junit.runners.ParentRunner$3.run(ParentRunner.java:290)
	at org.junit.runners.ParentRunner$1.schedule(ParentRunner.java:71)
	at org.junit.runners.ParentRunner.runChildren(ParentRunner.java:288)
	at org.junit.runners.ParentRunner.access$000(ParentRunner.java:58)
	at org.junit.runners.ParentRunner$2.evaluate(ParentRunner.java:268)
	at org.junit.internal.runners.statements.RunBefores.evaluate(RunBefores.java:26)
	at org.junit.runners.ParentRunner.run(ParentRunner.java:363)
	at org.apache.maven.surefire.junit4.JUnit4Provider.execute(JUnit4Provider.java:365)
	at org.apache.maven.surefire.junit4.JUnit4Provider.executeWithRerun(JUnit4Provider.java:273)
	at org.apache.maven.surefire.junit4.JUnit4Provider.executeTestSet(JUnit4Provider.java:238)
	at org.apache.maven.surefire.junit4.JUnit4Provider.invoke(JUnit4Provider.java:159)
	at org.apache.maven.surefire.booter.ForkedBooter.invokeProviderInSameClassLoader(ForkedBooter.java:384)
	at org.apache.maven.surefire.booter.ForkedBooter.runSuitesInProcess(ForkedBooter.java:345)
	at org.apache.maven.surefire.booter.ForkedBooter.execute(ForkedBooter.java:126)
	at org.apache.maven.surefire.booter.ForkedBooter.main(ForkedBooter.java:418)
Caused by: java.security.cert.CertificateException: Failed to verify both host address and host name
	at org.apache.zookeeper.common.ZKTrustManager.performHostVerification(ZKTrustManager.java:163)
	at org.apache.zookeeper.common.ZKTrustManager.checkServerTrusted(ZKTrustManager.java:90)
	at sun.security.ssl.ClientHandshaker.serverCertificate(ClientHandshaker.java:1670)
	... 47 more
Caused by: javax.net.ssl.SSLPeerUnverifiedException: Certificate for <activate.navicat.com> doesn't match common name of the certificate subject: localhost
	at org.apache.zookeeper.common.ZKHostnameVerifier.matchCN(ZKHostnameVerifier.java:238)
	at org.apache.zookeeper.common.ZKHostnameVerifier.verify(ZKHostnameVerifier.java:184)
	at org.apache.zookeeper.common.ZKTrustManager.performHostVerification(ZKTrustManager.java:159)
	... 49 more
2020-06-22 14:22:47,303 [myid:] - ERROR [nioEventLoopGroup-4-5:NettyServerCnxnFactory$CertificateVerifier@434] - Unsuccessful handshake with session 0x0
2020-06-22 14:22:47,304 [myid:] - WARN  [nioEventLoopGroup-4-5:NettyServerCnxnFactory$CnxnChannelHandler@273] - Exception caught
io.netty.handler.codec.DecoderException: javax.net.ssl.SSLException: Received fatal alert: certificate_unknown
	at io.netty.handler.codec.ByteToMessageDecoder.callDecode(ByteToMessageDecoder.java:468)
	at io.netty.handler.codec.ByteToMessageDecoder.channelRead(ByteToMessageDecoder.java:276)
	at io.netty.channel.AbstractChannelHandlerContext.invokeChannelRead(AbstractChannelHandlerContext.java:379)
	at io.netty.channel.AbstractChannelHandlerContext.invokeChannelRead(AbstractChannelHandlerContext.java:365)
	at io.netty.channel.AbstractChannelHandlerContext.fireChannelRead(AbstractChannelHandlerContext.java:357)
	at io.netty.channel.DefaultChannelPipeline$HeadContext.channelRead(DefaultChannelPipeline.java:1410)
	at io.netty.channel.AbstractChannelHandlerContext.invokeChannelRead(AbstractChannelHandlerContext.java:379)
	at io.netty.channel.AbstractChannelHandlerContext.invokeChannelRead(AbstractChannelHandlerContext.java:365)
	at io.netty.channel.DefaultChannelPipeline.fireChannelRead(DefaultChannelPipeline.java:919)
	at io.netty.channel.nio.AbstractNioByteChannel$NioByteUnsafe.read(AbstractNioByteChannel.java:163)
	at io.netty.channel.nio.NioEventLoop.processSelectedKey(NioEventLoop.java:714)
	at io.netty.channel.nio.NioEventLoop.processSelectedKeysOptimized(NioEventLoop.java:650)
	at io.netty.channel.nio.NioEventLoop.processSelectedKeys(NioEventLoop.java:576)
	at io.netty.channel.nio.NioEventLoop.run(NioEventLoop.java:493)
	at io.netty.util.concurrent.SingleThreadEventExecutor$4.run(SingleThreadEventExecutor.java:989)
	at io.netty.util.internal.ThreadExecutorMap$2.run(ThreadExecutorMap.java:74)
	at io.netty.util.concurrent.FastThreadLocalRunnable.run(FastThreadLocalRunnable.java:30)
	at java.lang.Thread.run(Thread.java:748)
Caused by: javax.net.ssl.SSLException: Received fatal alert: certificate_unknown
	at sun.security.ssl.Alerts.getSSLException(Alerts.java:214)
	at sun.security.ssl.SSLEngineImpl.fatal(SSLEngineImpl.java:1667)
	at sun.security.ssl.SSLEngineImpl.fatal(SSLEngineImpl.java:1635)
	at sun.security.ssl.SSLEngineImpl.recvAlert(SSLEngineImpl.java:1801)
	at sun.security.ssl.SSLEngineImpl.readRecord(SSLEngineImpl.java:1090)
	at sun.security.ssl.SSLEngineImpl.readNetRecord(SSLEngineImpl.java:913)
	at sun.security.ssl.SSLEngineImpl.unwrap(SSLEngineImpl.java:783)
	at javax.net.ssl.SSLEngine.unwrap(SSLEngine.java:626)
	at io.netty.handler.ssl.SslHandler$SslEngineType$3.unwrap(SslHandler.java:281)
	at io.netty.handler.ssl.SslHandler.unwrap(SslHandler.java:1340)
	at io.netty.handler.ssl.SslHandler.decodeJdkCompatible(SslHandler.java:1235)
	at io.netty.handler.ssl.SslHandler.decode(SslHandler.java:1282)
	at io.netty.handler.codec.ByteToMessageDecoder.decodeRemovalReentryProtection(ByteToMessageDecoder.java:498)
	at io.netty.handler.codec.ByteToMessageDecoder.callDecode(ByteToMessageDecoder.java:437)
	... 17 more
2020-06-22 14:22:47,305 [myid:] - WARN  [nioEventLoopGroup-4-5:NettyServerCnxnFactory$CnxnChannelHandler@273] - Exception caught
io.netty.handler.codec.DecoderException: javax.net.ssl.SSLException: Received fatal alert: certificate_unknown
	at io.netty.handler.codec.ByteToMessageDecoder.callDecode(ByteToMessageDecoder.java:468)
	at io.netty.handler.codec.ByteToMessageDecoder.channelInputClosed(ByteToMessageDecoder.java:401)
	at io.netty.handler.codec.ByteToMessageDecoder.channelInputClosed(ByteToMessageDecoder.java:368)
	at io.netty.handler.codec.ByteToMessageDecoder.channelInactive(ByteToMessageDecoder.java:351)
	at io.netty.handler.ssl.SslHandler.channelInactive(SslHandler.java:1084)
	at io.netty.channel.AbstractChannelHandlerContext.invokeChannelInactive(AbstractChannelHandlerContext.java:262)
	at io.netty.channel.AbstractChannelHandlerContext.invokeChannelInactive(AbstractChannelHandlerContext.java:248)
	at io.netty.channel.AbstractChannelHandlerContext.fireChannelInactive(AbstractChannelHandlerContext.java:241)
	at io.netty.channel.DefaultChannelPipeline$HeadContext.channelInactive(DefaultChannelPipeline.java:1405)
	at io.netty.channel.AbstractChannelHandlerContext.invokeChannelInactive(AbstractChannelHandlerContext.java:262)
	at io.netty.channel.AbstractChannelHandlerContext.invokeChannelInactive(AbstractChannelHandlerContext.java:248)
	at io.netty.channel.DefaultChannelPipeline.fireChannelInactive(DefaultChannelPipeline.java:901)
	at io.netty.channel.AbstractChannel$AbstractUnsafe$8.run(AbstractChannel.java:818)
	at io.netty.util.concurrent.AbstractEventExecutor.safeExecute(AbstractEventExecutor.java:164)
	at io.netty.util.concurrent.SingleThreadEventExecutor.runAllTasks(SingleThreadEventExecutor.java:472)
	at io.netty.channel.nio.NioEventLoop.run(NioEventLoop.java:497)
	at io.netty.util.concurrent.SingleThreadEventExecutor$4.run(SingleThreadEventExecutor.java:989)
	at io.netty.util.internal.ThreadExecutorMap$2.run(ThreadExecutorMap.java:74)
	at io.netty.util.concurrent.FastThreadLocalRunnable.run(FastThreadLocalRunnable.java:30)
	at java.lang.Thread.run(Thread.java:748)
Caused by: javax.net.ssl.SSLException: Received fatal alert: certificate_unknown
	at sun.security.ssl.Alerts.getSSLException(Alerts.java:214)
	at sun.security.ssl.SSLEngineImpl.fatal(SSLEngineImpl.java:1667)
	at sun.security.ssl.SSLEngineImpl.fatal(SSLEngineImpl.java:1635)
	at sun.security.ssl.SSLEngineImpl.recvAlert(SSLEngineImpl.java:1801)
	at sun.security.ssl.SSLEngineImpl.readRecord(SSLEngineImpl.java:1090)
	at sun.security.ssl.SSLEngineImpl.readNetRecord(SSLEngineImpl.java:913)
	at sun.security.ssl.SSLEngineImpl.unwrap(SSLEngineImpl.java:783)
	at javax.net.ssl.SSLEngine.unwrap(SSLEngine.java:626)
	at io.netty.handler.ssl.SslHandler$SslEngineType$3.unwrap(SslHandler.java:281)
	at io.netty.handler.ssl.SslHandler.unwrap(SslHandler.java:1340)
	at io.netty.handler.ssl.SslHandler.decodeJdkCompatible(SslHandler.java:1235)
	at io.netty.handler.ssl.SslHandler.decode(SslHandler.java:1282)
	at io.netty.handler.codec.ByteToMessageDecoder.decodeRemovalReentryProtection(ByteToMessageDecoder.java:498)
	at io.netty.handler.codec.ByteToMessageDecoder.callDecode(ByteToMessageDecoder.java:437)
	... 19 more
2020-06-22 14:22:47,555 [myid:] - INFO  [main:FourLetterWordMain@93] - connecting to 127.0.0.1 21995
2020-06-22 14:22:47,555 [myid:] - INFO  [main:FourLetterWordMain@99] - using secure socket
2020-06-22 14:22:47,562 [myid:] - ERROR [main:ZKTrustManager@161] - Failed to verify host address: 127.0.0.1
javax.net.ssl.SSLPeerUnverifiedException: Certificate for <127.0.0.1> doesn't match common name of the certificate subject: localhost
	at org.apache.zookeeper.common.ZKHostnameVerifier.matchCN(ZKHostnameVerifier.java:238)
	at org.apache.zookeeper.common.ZKHostnameVerifier.verify(ZKHostnameVerifier.java:184)
	at org.apache.zookeeper.common.ZKTrustManager.performHostVerification(ZKTrustManager.java:151)
	at org.apache.zookeeper.common.ZKTrustManager.checkServerTrusted(ZKTrustManager.java:90)
	at sun.security.ssl.ClientHandshaker.serverCertificate(ClientHandshaker.java:1670)
	at sun.security.ssl.ClientHandshaker.processMessage(ClientHandshaker.java:226)
	at sun.security.ssl.Handshaker.processLoop(Handshaker.java:1082)
	at sun.security.ssl.Handshaker.process_record(Handshaker.java:1010)
	at sun.security.ssl.SSLSocketImpl.readRecord(SSLSocketImpl.java:1079)
	at sun.security.ssl.SSLSocketImpl.performInitialHandshake(SSLSocketImpl.java:1388)
	at sun.security.ssl.SSLSocketImpl.startHandshake(SSLSocketImpl.java:1416)
	at sun.security.ssl.SSLSocketImpl.startHandshake(SSLSocketImpl.java:1400)
	at org.apache.zookeeper.client.FourLetterWordMain.send4LetterWord(FourLetterWordMain.java:105)
	at org.apache.zookeeper.client.FourLetterWordMain.send4LetterWord(FourLetterWordMain.java:73)
	at org.apache.zookeeper.test.ClientBase.waitForServerUp(ClientBase.java:261)
	at org.apache.zookeeper.test.ClientBase.startServerInstance(ClientBase.java:401)
	at org.apache.zookeeper.test.ClientBase.startServer(ClientBase.java:516)
	at org.apache.zookeeper.test.ClientBase.setUpWithServerId(ClientBase.java:499)
	at org.apache.zookeeper.test.ClientBase.setUp(ClientBase.java:474)
	at org.apache.zookeeper.test.SaslDigestAuthOverSSLTest.setUp(SaslDigestAuthOverSSLTest.java:62)
	at sun.reflect.NativeMethodAccessorImpl.invoke0(Native Method)
	at sun.reflect.NativeMethodAccessorImpl.invoke(NativeMethodAccessorImpl.java:62)
	at sun.reflect.DelegatingMethodAccessorImpl.invoke(DelegatingMethodAccessorImpl.java:43)
	at java.lang.reflect.Method.invoke(Method.java:498)
	at org.junit.runners.model.FrameworkMethod$1.runReflectiveCall(FrameworkMethod.java:50)
	at org.junit.internal.runners.model.ReflectiveCallable.run(ReflectiveCallable.java:12)
	at org.junit.runners.model.FrameworkMethod.invokeExplosively(FrameworkMethod.java:47)
	at mockit.integration.junit4.JUnit4TestRunnerDecorator.invokeExplosively(JUnit4TestRunnerDecorator.java:49)
	at mockit.integration.junit4.FakeFrameworkMethod.invokeExplosively(FakeFrameworkMethod.java:29)
	at org.junit.runners.model.FrameworkMethod.invokeExplosively(FrameworkMethod.java)
	at org.junit.internal.runners.statements.RunBefores.evaluate(RunBefores.java:24)
	at org.junit.internal.runners.statements.RunAfters.evaluate(RunAfters.java:27)
	at org.junit.rules.TestWatcher$1.evaluate(TestWatcher.java:55)
	at org.junit.rules.RunRules.evaluate(RunRules.java:20)
	at org.junit.runners.ParentRunner.runLeaf(ParentRunner.java:325)
	at org.junit.runners.BlockJUnit4ClassRunner.runChild(BlockJUnit4ClassRunner.java:78)
	at org.junit.runners.BlockJUnit4ClassRunner.runChild(BlockJUnit4ClassRunner.java:57)
	at org.junit.runners.ParentRunner$3.run(ParentRunner.java:290)
	at org.junit.runners.ParentRunner$1.schedule(ParentRunner.java:71)
	at org.junit.runners.ParentRunner.runChildren(ParentRunner.java:288)
	at org.junit.runners.ParentRunner.access$000(ParentRunner.java:58)
	at org.junit.runners.ParentRunner$2.evaluate(ParentRunner.java:268)
	at org.junit.internal.runners.statements.RunBefores.evaluate(RunBefores.java:26)
	at org.junit.runners.ParentRunner.run(ParentRunner.java:363)
	at org.apache.maven.surefire.junit4.JUnit4Provider.execute(JUnit4Provider.java:365)
	at org.apache.maven.surefire.junit4.JUnit4Provider.executeWithRerun(JUnit4Provider.java:273)
	at org.apache.maven.surefire.junit4.JUnit4Provider.executeTestSet(JUnit4Provider.java:238)
	at org.apache.maven.surefire.junit4.JUnit4Provider.invoke(JUnit4Provider.java:159)
	at org.apache.maven.surefire.booter.ForkedBooter.invokeProviderInSameClassLoader(ForkedBooter.java:384)
	at org.apache.maven.surefire.booter.ForkedBooter.runSuitesInProcess(ForkedBooter.java:345)
	at org.apache.maven.surefire.booter.ForkedBooter.execute(ForkedBooter.java:126)
	at org.apache.maven.surefire.booter.ForkedBooter.main(ForkedBooter.java:418)
2020-06-22 14:22:47,563 [myid:] - ERROR [main:ZKTrustManager@162] - Failed to verify hostname: activate.navicat.com
javax.net.ssl.SSLPeerUnverifiedException: Certificate for <activate.navicat.com> doesn't match common name of the certificate subject: localhost
	at org.apache.zookeeper.common.ZKHostnameVerifier.matchCN(ZKHostnameVerifier.java:238)
	at org.apache.zookeeper.common.ZKHostnameVerifier.verify(ZKHostnameVerifier.java:184)
	at org.apache.zookeeper.common.ZKTrustManager.performHostVerification(ZKTrustManager.java:159)
	at org.apache.zookeeper.common.ZKTrustManager.checkServerTrusted(ZKTrustManager.java:90)
	at sun.security.ssl.ClientHandshaker.serverCertificate(ClientHandshaker.java:1670)
	at sun.security.ssl.ClientHandshaker.processMessage(ClientHandshaker.java:226)
	at sun.security.ssl.Handshaker.processLoop(Handshaker.java:1082)
	at sun.security.ssl.Handshaker.process_record(Handshaker.java:1010)
	at sun.security.ssl.SSLSocketImpl.readRecord(SSLSocketImpl.java:1079)
	at sun.security.ssl.SSLSocketImpl.performInitialHandshake(SSLSocketImpl.java:1388)
	at sun.security.ssl.SSLSocketImpl.startHandshake(SSLSocketImpl.java:1416)
	at sun.security.ssl.SSLSocketImpl.startHandshake(SSLSocketImpl.java:1400)
	at org.apache.zookeeper.client.FourLetterWordMain.send4LetterWord(FourLetterWordMain.java:105)
	at org.apache.zookeeper.client.FourLetterWordMain.send4LetterWord(FourLetterWordMain.java:73)
	at org.apache.zookeeper.test.ClientBase.waitForServerUp(ClientBase.java:261)
	at org.apache.zookeeper.test.ClientBase.startServerInstance(ClientBase.java:401)
	at org.apache.zookeeper.test.ClientBase.startServer(ClientBase.java:516)
	at org.apache.zookeeper.test.ClientBase.setUpWithServerId(ClientBase.java:499)
	at org.apache.zookeeper.test.ClientBase.setUp(ClientBase.java:474)
	at org.apache.zookeeper.test.SaslDigestAuthOverSSLTest.setUp(SaslDigestAuthOverSSLTest.java:62)
	at sun.reflect.NativeMethodAccessorImpl.invoke0(Native Method)
	at sun.reflect.NativeMethodAccessorImpl.invoke(NativeMethodAccessorImpl.java:62)
	at sun.reflect.DelegatingMethodAccessorImpl.invoke(DelegatingMethodAccessorImpl.java:43)
	at java.lang.reflect.Method.invoke(Method.java:498)
	at org.junit.runners.model.FrameworkMethod$1.runReflectiveCall(FrameworkMethod.java:50)
	at org.junit.internal.runners.model.ReflectiveCallable.run(ReflectiveCallable.java:12)
	at org.junit.runners.model.FrameworkMethod.invokeExplosively(FrameworkMethod.java:47)
	at mockit.integration.junit4.JUnit4TestRunnerDecorator.invokeExplosively(JUnit4TestRunnerDecorator.java:49)
	at mockit.integration.junit4.FakeFrameworkMethod.invokeExplosively(FakeFrameworkMethod.java:29)
	at org.junit.runners.model.FrameworkMethod.invokeExplosively(FrameworkMethod.java)
	at org.junit.internal.runners.statements.RunBefores.evaluate(RunBefores.java:24)
	at org.junit.internal.runners.statements.RunAfters.evaluate(RunAfters.java:27)
	at org.junit.rules.TestWatcher$1.evaluate(TestWatcher.java:55)
	at org.junit.rules.RunRules.evaluate(RunRules.java:20)
	at org.junit.runners.ParentRunner.runLeaf(ParentRunner.java:325)
	at org.junit.runners.BlockJUnit4ClassRunner.runChild(BlockJUnit4ClassRunner.java:78)
	at org.junit.runners.BlockJUnit4ClassRunner.runChild(BlockJUnit4ClassRunner.java:57)
	at org.junit.runners.ParentRunner$3.run(ParentRunner.java:290)
	at org.junit.runners.ParentRunner$1.schedule(ParentRunner.java:71)
	at org.junit.runners.ParentRunner.runChildren(ParentRunner.java:288)
	at org.junit.runners.ParentRunner.access$000(ParentRunner.java:58)
	at org.junit.runners.ParentRunner$2.evaluate(ParentRunner.java:268)
	at org.junit.internal.runners.statements.RunBefores.evaluate(RunBefores.java:26)
	at org.junit.runners.ParentRunner.run(ParentRunner.java:363)
	at org.apache.maven.surefire.junit4.JUnit4Provider.execute(JUnit4Provider.java:365)
	at org.apache.maven.surefire.junit4.JUnit4Provider.executeWithRerun(JUnit4Provider.java:273)
	at org.apache.maven.surefire.junit4.JUnit4Provider.executeTestSet(JUnit4Provider.java:238)
	at org.apache.maven.surefire.junit4.JUnit4Provider.invoke(JUnit4Provider.java:159)
	at org.apache.maven.surefire.booter.ForkedBooter.invokeProviderInSameClassLoader(ForkedBooter.java:384)
	at org.apache.maven.surefire.booter.ForkedBooter.runSuitesInProcess(ForkedBooter.java:345)
	at org.apache.maven.surefire.booter.ForkedBooter.execute(ForkedBooter.java:126)
	at org.apache.maven.surefire.booter.ForkedBooter.main(ForkedBooter.java:418)
2020-06-22 14:22:47,563 [myid:] - INFO  [main:ClientBase@270] - server 127.0.0.1:21995 not up
javax.net.ssl.SSLHandshakeException: java.security.cert.CertificateException: Failed to verify both host address and host name
	at sun.security.ssl.Alerts.getSSLException(Alerts.java:198)
	at sun.security.ssl.SSLSocketImpl.fatal(SSLSocketImpl.java:1967)
	at sun.security.ssl.Handshaker.fatalSE(Handshaker.java:331)
	at sun.security.ssl.Handshaker.fatalSE(Handshaker.java:325)
	at sun.security.ssl.ClientHandshaker.serverCertificate(ClientHandshaker.java:1688)
	at sun.security.ssl.ClientHandshaker.processMessage(ClientHandshaker.java:226)
	at sun.security.ssl.Handshaker.processLoop(Handshaker.java:1082)
	at sun.security.ssl.Handshaker.process_record(Handshaker.java:1010)
	at sun.security.ssl.SSLSocketImpl.readRecord(SSLSocketImpl.java:1079)
	at sun.security.ssl.SSLSocketImpl.performInitialHandshake(SSLSocketImpl.java:1388)
	at sun.security.ssl.SSLSocketImpl.startHandshake(SSLSocketImpl.java:1416)
	at sun.security.ssl.SSLSocketImpl.startHandshake(SSLSocketImpl.java:1400)
	at org.apache.zookeeper.client.FourLetterWordMain.send4LetterWord(FourLetterWordMain.java:105)
	at org.apache.zookeeper.client.FourLetterWordMain.send4LetterWord(FourLetterWordMain.java:73)
	at org.apache.zookeeper.test.ClientBase.waitForServerUp(ClientBase.java:261)
	at org.apache.zookeeper.test.ClientBase.startServerInstance(ClientBase.java:401)
	at org.apache.zookeeper.test.ClientBase.startServer(ClientBase.java:516)
	at org.apache.zookeeper.test.ClientBase.setUpWithServerId(ClientBase.java:499)
	at org.apache.zookeeper.test.ClientBase.setUp(ClientBase.java:474)
	at org.apache.zookeeper.test.SaslDigestAuthOverSSLTest.setUp(SaslDigestAuthOverSSLTest.java:62)
	at sun.reflect.NativeMethodAccessorImpl.invoke0(Native Method)
	at sun.reflect.NativeMethodAccessorImpl.invoke(NativeMethodAccessorImpl.java:62)
	at sun.reflect.DelegatingMethodAccessorImpl.invoke(DelegatingMethodAccessorImpl.java:43)
	at java.lang.reflect.Method.invoke(Method.java:498)
	at org.junit.runners.model.FrameworkMethod$1.runReflectiveCall(FrameworkMethod.java:50)
	at org.junit.internal.runners.model.ReflectiveCallable.run(ReflectiveCallable.java:12)
	at org.junit.runners.model.FrameworkMethod.invokeExplosively(FrameworkMethod.java:47)
	at mockit.integration.junit4.JUnit4TestRunnerDecorator.invokeExplosively(JUnit4TestRunnerDecorator.java:49)
	at mockit.integration.junit4.FakeFrameworkMethod.invokeExplosively(FakeFrameworkMethod.java:29)
	at org.junit.runners.model.FrameworkMethod.invokeExplosively(FrameworkMethod.java)
	at org.junit.internal.runners.statements.RunBefores.evaluate(RunBefores.java:24)
	at org.junit.internal.runners.statements.RunAfters.evaluate(RunAfters.java:27)
	at org.junit.rules.TestWatcher$1.evaluate(TestWatcher.java:55)
	at org.junit.rules.RunRules.evaluate(RunRules.java:20)
	at org.junit.runners.ParentRunner.runLeaf(ParentRunner.java:325)
	at org.junit.runners.BlockJUnit4ClassRunner.runChild(BlockJUnit4ClassRunner.java:78)
	at org.junit.runners.BlockJUnit4ClassRunner.runChild(BlockJUnit4ClassRunner.java:57)
	at org.junit.runners.ParentRunner$3.run(ParentRunner.java:290)
	at org.junit.runners.ParentRunner$1.schedule(ParentRunner.java:71)
	at org.junit.runners.ParentRunner.runChildren(ParentRunner.java:288)
	at org.junit.runners.ParentRunner.access$000(ParentRunner.java:58)
	at org.junit.runners.ParentRunner$2.evaluate(ParentRunner.java:268)
	at org.junit.internal.runners.statements.RunBefores.evaluate(RunBefores.java:26)
	at org.junit.runners.ParentRunner.run(ParentRunner.java:363)
	at org.apache.maven.surefire.junit4.JUnit4Provider.execute(JUnit4Provider.java:365)
	at org.apache.maven.surefire.junit4.JUnit4Provider.executeWithRerun(JUnit4Provider.java:273)
	at org.apache.maven.surefire.junit4.JUnit4Provider.executeTestSet(JUnit4Provider.java:238)
	at org.apache.maven.surefire.junit4.JUnit4Provider.invoke(JUnit4Provider.java:159)
	at org.apache.maven.surefire.booter.ForkedBooter.invokeProviderInSameClassLoader(ForkedBooter.java:384)
	at org.apache.maven.surefire.booter.ForkedBooter.runSuitesInProcess(ForkedBooter.java:345)
	at org.apache.maven.surefire.booter.ForkedBooter.execute(ForkedBooter.java:126)
	at org.apache.maven.surefire.booter.ForkedBooter.main(ForkedBooter.java:418)
Caused by: java.security.cert.CertificateException: Failed to verify both host address and host name
	at org.apache.zookeeper.common.ZKTrustManager.performHostVerification(ZKTrustManager.java:163)
	at org.apache.zookeeper.common.ZKTrustManager.checkServerTrusted(ZKTrustManager.java:90)
	at sun.security.ssl.ClientHandshaker.serverCertificate(ClientHandshaker.java:1670)
	... 47 more
Caused by: javax.net.ssl.SSLPeerUnverifiedException: Certificate for <activate.navicat.com> doesn't match common name of the certificate subject: localhost
	at org.apache.zookeeper.common.ZKHostnameVerifier.matchCN(ZKHostnameVerifier.java:238)
	at org.apache.zookeeper.common.ZKHostnameVerifier.verify(ZKHostnameVerifier.java:184)
	at org.apache.zookeeper.common.ZKTrustManager.performHostVerification(ZKTrustManager.java:159)
	... 49 more
2020-06-22 14:22:47,563 [myid:] - ERROR [nioEventLoopGroup-4-6:NettyServerCnxnFactory$CertificateVerifier@434] - Unsuccessful handshake with session 0x0
2020-06-22 14:22:47,564 [myid:] - WARN  [nioEventLoopGroup-4-6:NettyServerCnxnFactory$CnxnChannelHandler@273] - Exception caught
io.netty.handler.codec.DecoderException: javax.net.ssl.SSLException: Received fatal alert: certificate_unknown
	at io.netty.handler.codec.ByteToMessageDecoder.callDecode(ByteToMessageDecoder.java:468)
	at io.netty.handler.codec.ByteToMessageDecoder.channelRead(ByteToMessageDecoder.java:276)
	at io.netty.channel.AbstractChannelHandlerContext.invokeChannelRead(AbstractChannelHandlerContext.java:379)
	at io.netty.channel.AbstractChannelHandlerContext.invokeChannelRead(AbstractChannelHandlerContext.java:365)
	at io.netty.channel.AbstractChannelHandlerContext.fireChannelRead(AbstractChannelHandlerContext.java:357)
	at io.netty.channel.DefaultChannelPipeline$HeadContext.channelRead(DefaultChannelPipeline.java:1410)
	at io.netty.channel.AbstractChannelHandlerContext.invokeChannelRead(AbstractChannelHandlerContext.java:379)
	at io.netty.channel.AbstractChannelHandlerContext.invokeChannelRead(AbstractChannelHandlerContext.java:365)
	at io.netty.channel.DefaultChannelPipeline.fireChannelRead(DefaultChannelPipeline.java:919)
	at io.netty.channel.nio.AbstractNioByteChannel$NioByteUnsafe.read(AbstractNioByteChannel.java:163)
	at io.netty.channel.nio.NioEventLoop.processSelectedKey(NioEventLoop.java:714)
	at io.netty.channel.nio.NioEventLoop.processSelectedKeysOptimized(NioEventLoop.java:650)
	at io.netty.channel.nio.NioEventLoop.processSelectedKeys(NioEventLoop.java:576)
	at io.netty.channel.nio.NioEventLoop.run(NioEventLoop.java:493)
	at io.netty.util.concurrent.SingleThreadEventExecutor$4.run(SingleThreadEventExecutor.java:989)
	at io.netty.util.internal.ThreadExecutorMap$2.run(ThreadExecutorMap.java:74)
	at io.netty.util.concurrent.FastThreadLocalRunnable.run(FastThreadLocalRunnable.java:30)
	at java.lang.Thread.run(Thread.java:748)
Caused by: javax.net.ssl.SSLException: Received fatal alert: certificate_unknown
	at sun.security.ssl.Alerts.getSSLException(Alerts.java:214)
	at sun.security.ssl.SSLEngineImpl.fatal(SSLEngineImpl.java:1667)
	at sun.security.ssl.SSLEngineImpl.fatal(SSLEngineImpl.java:1635)
	at sun.security.ssl.SSLEngineImpl.recvAlert(SSLEngineImpl.java:1801)
	at sun.security.ssl.SSLEngineImpl.readRecord(SSLEngineImpl.java:1090)
	at sun.security.ssl.SSLEngineImpl.readNetRecord(SSLEngineImpl.java:913)
	at sun.security.ssl.SSLEngineImpl.unwrap(SSLEngineImpl.java:783)
	at javax.net.ssl.SSLEngine.unwrap(SSLEngine.java:626)
	at io.netty.handler.ssl.SslHandler$SslEngineType$3.unwrap(SslHandler.java:281)
	at io.netty.handler.ssl.SslHandler.unwrap(SslHandler.java:1340)
	at io.netty.handler.ssl.SslHandler.decodeJdkCompatible(SslHandler.java:1235)
	at io.netty.handler.ssl.SslHandler.decode(SslHandler.java:1282)
	at io.netty.handler.codec.ByteToMessageDecoder.decodeRemovalReentryProtection(ByteToMessageDecoder.java:498)
	at io.netty.handler.codec.ByteToMessageDecoder.callDecode(ByteToMessageDecoder.java:437)
	... 17 more
2020-06-22 14:22:47,564 [myid:] - WARN  [nioEventLoopGroup-4-6:NettyServerCnxnFactory$CnxnChannelHandler@273] - Exception caught
io.netty.handler.codec.DecoderException: javax.net.ssl.SSLException: Received fatal alert: certificate_unknown
	at io.netty.handler.codec.ByteToMessageDecoder.callDecode(ByteToMessageDecoder.java:468)
	at io.netty.handler.codec.ByteToMessageDecoder.channelInputClosed(ByteToMessageDecoder.java:401)
	at io.netty.handler.codec.ByteToMessageDecoder.channelInputClosed(ByteToMessageDecoder.java:368)
	at io.netty.handler.codec.ByteToMessageDecoder.channelInactive(ByteToMessageDecoder.java:351)
	at io.netty.handler.ssl.SslHandler.channelInactive(SslHandler.java:1084)
	at io.netty.channel.AbstractChannelHandlerContext.invokeChannelInactive(AbstractChannelHandlerContext.java:262)
	at io.netty.channel.AbstractChannelHandlerContext.invokeChannelInactive(AbstractChannelHandlerContext.java:248)
	at io.netty.channel.AbstractChannelHandlerContext.fireChannelInactive(AbstractChannelHandlerContext.java:241)
	at io.netty.channel.DefaultChannelPipeline$HeadContext.channelInactive(DefaultChannelPipeline.java:1405)
	at io.netty.channel.AbstractChannelHandlerContext.invokeChannelInactive(AbstractChannelHandlerContext.java:262)
	at io.netty.channel.AbstractChannelHandlerContext.invokeChannelInactive(AbstractChannelHandlerContext.java:248)
	at io.netty.channel.DefaultChannelPipeline.fireChannelInactive(DefaultChannelPipeline.java:901)
	at io.netty.channel.AbstractChannel$AbstractUnsafe$8.run(AbstractChannel.java:818)
	at io.netty.util.concurrent.AbstractEventExecutor.safeExecute(AbstractEventExecutor.java:164)
	at io.netty.util.concurrent.SingleThreadEventExecutor.runAllTasks(SingleThreadEventExecutor.java:472)
	at io.netty.channel.nio.NioEventLoop.run(NioEventLoop.java:497)
	at io.netty.util.concurrent.SingleThreadEventExecutor$4.run(SingleThreadEventExecutor.java:989)
	at io.netty.util.internal.ThreadExecutorMap$2.run(ThreadExecutorMap.java:74)
	at io.netty.util.concurrent.FastThreadLocalRunnable.run(FastThreadLocalRunnable.java:30)
	at java.lang.Thread.run(Thread.java:748)
Caused by: javax.net.ssl.SSLException: Received fatal alert: certificate_unknown
	at sun.security.ssl.Alerts.getSSLException(Alerts.java:214)
	at sun.security.ssl.SSLEngineImpl.fatal(SSLEngineImpl.java:1667)
	at sun.security.ssl.SSLEngineImpl.fatal(SSLEngineImpl.java:1635)
	at sun.security.ssl.SSLEngineImpl.recvAlert(SSLEngineImpl.java:1801)
	at sun.security.ssl.SSLEngineImpl.readRecord(SSLEngineImpl.java:1090)
	at sun.security.ssl.SSLEngineImpl.readNetRecord(SSLEngineImpl.java:913)
	at sun.security.ssl.SSLEngineImpl.unwrap(SSLEngineImpl.java:783)
	at javax.net.ssl.SSLEngine.unwrap(SSLEngine.java:626)
	at io.netty.handler.ssl.SslHandler$SslEngineType$3.unwrap(SslHandler.java:281)
	at io.netty.handler.ssl.SslHandler.unwrap(SslHandler.java:1340)
	at io.netty.handler.ssl.SslHandler.decodeJdkCompatible(SslHandler.java:1235)
	at io.netty.handler.ssl.SslHandler.decode(SslHandler.java:1282)
	at io.netty.handler.codec.ByteToMessageDecoder.decodeRemovalReentryProtection(ByteToMessageDecoder.java:498)
	at io.netty.handler.codec.ByteToMessageDecoder.callDecode(ByteToMessageDecoder.java:437)
	... 19 more
2020-06-22 14:22:47,813 [myid:] - INFO  [main:FourLetterWordMain@93] - connecting to 127.0.0.1 21995
2020-06-22 14:22:47,813 [myid:] - INFO  [main:FourLetterWordMain@99] - using secure socket
2020-06-22 14:22:47,820 [myid:] - ERROR [main:ZKTrustManager@161] - Failed to verify host address: 127.0.0.1
javax.net.ssl.SSLPeerUnverifiedException: Certificate for <127.0.0.1> doesn't match common name of the certificate subject: localhost
	at org.apache.zookeeper.common.ZKHostnameVerifier.matchCN(ZKHostnameVerifier.java:238)
	at org.apache.zookeeper.common.ZKHostnameVerifier.verify(ZKHostnameVerifier.java:184)
	at org.apache.zookeeper.common.ZKTrustManager.performHostVerification(ZKTrustManager.java:151)
	at org.apache.zookeeper.common.ZKTrustManager.checkServerTrusted(ZKTrustManager.java:90)
	at sun.security.ssl.ClientHandshaker.serverCertificate(ClientHandshaker.java:1670)
	at sun.security.ssl.ClientHandshaker.processMessage(ClientHandshaker.java:226)
	at sun.security.ssl.Handshaker.processLoop(Handshaker.java:1082)
	at sun.security.ssl.Handshaker.process_record(Handshaker.java:1010)
	at sun.security.ssl.SSLSocketImpl.readRecord(SSLSocketImpl.java:1079)
	at sun.security.ssl.SSLSocketImpl.performInitialHandshake(SSLSocketImpl.java:1388)
	at sun.security.ssl.SSLSocketImpl.startHandshake(SSLSocketImpl.java:1416)
	at sun.security.ssl.SSLSocketImpl.startHandshake(SSLSocketImpl.java:1400)
	at org.apache.zookeeper.client.FourLetterWordMain.send4LetterWord(FourLetterWordMain.java:105)
	at org.apache.zookeeper.client.FourLetterWordMain.send4LetterWord(FourLetterWordMain.java:73)
	at org.apache.zookeeper.test.ClientBase.waitForServerUp(ClientBase.java:261)
	at org.apache.zookeeper.test.ClientBase.startServerInstance(ClientBase.java:401)
	at org.apache.zookeeper.test.ClientBase.startServer(ClientBase.java:516)
	at org.apache.zookeeper.test.ClientBase.setUpWithServerId(ClientBase.java:499)
	at org.apache.zookeeper.test.ClientBase.setUp(ClientBase.java:474)
	at org.apache.zookeeper.test.SaslDigestAuthOverSSLTest.setUp(SaslDigestAuthOverSSLTest.java:62)
	at sun.reflect.NativeMethodAccessorImpl.invoke0(Native Method)
	at sun.reflect.NativeMethodAccessorImpl.invoke(NativeMethodAccessorImpl.java:62)
	at sun.reflect.DelegatingMethodAccessorImpl.invoke(DelegatingMethodAccessorImpl.java:43)
	at java.lang.reflect.Method.invoke(Method.java:498)
	at org.junit.runners.model.FrameworkMethod$1.runReflectiveCall(FrameworkMethod.java:50)
	at org.junit.internal.runners.model.ReflectiveCallable.run(ReflectiveCallable.java:12)
	at org.junit.runners.model.FrameworkMethod.invokeExplosively(FrameworkMethod.java:47)
	at mockit.integration.junit4.JUnit4TestRunnerDecorator.invokeExplosively(JUnit4TestRunnerDecorator.java:49)
	at mockit.integration.junit4.FakeFrameworkMethod.invokeExplosively(FakeFrameworkMethod.java:29)
	at org.junit.runners.model.FrameworkMethod.invokeExplosively(FrameworkMethod.java)
	at org.junit.internal.runners.statements.RunBefores.evaluate(RunBefores.java:24)
	at org.junit.internal.runners.statements.RunAfters.evaluate(RunAfters.java:27)
	at org.junit.rules.TestWatcher$1.evaluate(TestWatcher.java:55)
	at org.junit.rules.RunRules.evaluate(RunRules.java:20)
	at org.junit.runners.ParentRunner.runLeaf(ParentRunner.java:325)
	at org.junit.runners.BlockJUnit4ClassRunner.runChild(BlockJUnit4ClassRunner.java:78)
	at org.junit.runners.BlockJUnit4ClassRunner.runChild(BlockJUnit4ClassRunner.java:57)
	at org.junit.runners.ParentRunner$3.run(ParentRunner.java:290)
	at org.junit.runners.ParentRunner$1.schedule(ParentRunner.java:71)
	at org.junit.runners.ParentRunner.runChildren(ParentRunner.java:288)
	at org.junit.runners.ParentRunner.access$000(ParentRunner.java:58)
	at org.junit.runners.ParentRunner$2.evaluate(ParentRunner.java:268)
	at org.junit.internal.runners.statements.RunBefores.evaluate(RunBefores.java:26)
	at org.junit.runners.ParentRunner.run(ParentRunner.java:363)
	at org.apache.maven.surefire.junit4.JUnit4Provider.execute(JUnit4Provider.java:365)
	at org.apache.maven.surefire.junit4.JUnit4Provider.executeWithRerun(JUnit4Provider.java:273)
	at org.apache.maven.surefire.junit4.JUnit4Provider.executeTestSet(JUnit4Provider.java:238)
	at org.apache.maven.surefire.junit4.JUnit4Provider.invoke(JUnit4Provider.java:159)
	at org.apache.maven.surefire.booter.ForkedBooter.invokeProviderInSameClassLoader(ForkedBooter.java:384)
	at org.apache.maven.surefire.booter.ForkedBooter.runSuitesInProcess(ForkedBooter.java:345)
	at org.apache.maven.surefire.booter.ForkedBooter.execute(ForkedBooter.java:126)
	at org.apache.maven.surefire.booter.ForkedBooter.main(ForkedBooter.java:418)
2020-06-22 14:22:47,820 [myid:] - ERROR [main:ZKTrustManager@162] - Failed to verify hostname: activate.navicat.com
javax.net.ssl.SSLPeerUnverifiedException: Certificate for <activate.navicat.com> doesn't match common name of the certificate subject: localhost
	at org.apache.zookeeper.common.ZKHostnameVerifier.matchCN(ZKHostnameVerifier.java:238)
	at org.apache.zookeeper.common.ZKHostnameVerifier.verify(ZKHostnameVerifier.java:184)
	at org.apache.zookeeper.common.ZKTrustManager.performHostVerification(ZKTrustManager.java:159)
	at org.apache.zookeeper.common.ZKTrustManager.checkServerTrusted(ZKTrustManager.java:90)
	at sun.security.ssl.ClientHandshaker.serverCertificate(ClientHandshaker.java:1670)
	at sun.security.ssl.ClientHandshaker.processMessage(ClientHandshaker.java:226)
	at sun.security.ssl.Handshaker.processLoop(Handshaker.java:1082)
	at sun.security.ssl.Handshaker.process_record(Handshaker.java:1010)
	at sun.security.ssl.SSLSocketImpl.readRecord(SSLSocketImpl.java:1079)
	at sun.security.ssl.SSLSocketImpl.performInitialHandshake(SSLSocketImpl.java:1388)
	at sun.security.ssl.SSLSocketImpl.startHandshake(SSLSocketImpl.java:1416)
	at sun.security.ssl.SSLSocketImpl.startHandshake(SSLSocketImpl.java:1400)
	at org.apache.zookeeper.client.FourLetterWordMain.send4LetterWord(FourLetterWordMain.java:105)
	at org.apache.zookeeper.client.FourLetterWordMain.send4LetterWord(FourLetterWordMain.java:73)
	at org.apache.zookeeper.test.ClientBase.waitForServerUp(ClientBase.java:261)
	at org.apache.zookeeper.test.ClientBase.startServerInstance(ClientBase.java:401)
	at org.apache.zookeeper.test.ClientBase.startServer(ClientBase.java:516)
	at org.apache.zookeeper.test.ClientBase.setUpWithServerId(ClientBase.java:499)
	at org.apache.zookeeper.test.ClientBase.setUp(ClientBase.java:474)
	at org.apache.zookeeper.test.SaslDigestAuthOverSSLTest.setUp(SaslDigestAuthOverSSLTest.java:62)
	at sun.reflect.NativeMethodAccessorImpl.invoke0(Native Method)
	at sun.reflect.NativeMethodAccessorImpl.invoke(NativeMethodAccessorImpl.java:62)
	at sun.reflect.DelegatingMethodAccessorImpl.invoke(DelegatingMethodAccessorImpl.java:43)
	at java.lang.reflect.Method.invoke(Method.java:498)
	at org.junit.runners.model.FrameworkMethod$1.runReflectiveCall(FrameworkMethod.java:50)
	at org.junit.internal.runners.model.ReflectiveCallable.run(ReflectiveCallable.java:12)
	at org.junit.runners.model.FrameworkMethod.invokeExplosively(FrameworkMethod.java:47)
	at mockit.integration.junit4.JUnit4TestRunnerDecorator.invokeExplosively(JUnit4TestRunnerDecorator.java:49)
	at mockit.integration.junit4.FakeFrameworkMethod.invokeExplosively(FakeFrameworkMethod.java:29)
	at org.junit.runners.model.FrameworkMethod.invokeExplosively(FrameworkMethod.java)
	at org.junit.internal.runners.statements.RunBefores.evaluate(RunBefores.java:24)
	at org.junit.internal.runners.statements.RunAfters.evaluate(RunAfters.java:27)
	at org.junit.rules.TestWatcher$1.evaluate(TestWatcher.java:55)
	at org.junit.rules.RunRules.evaluate(RunRules.java:20)
	at org.junit.runners.ParentRunner.runLeaf(ParentRunner.java:325)
	at org.junit.runners.BlockJUnit4ClassRunner.runChild(BlockJUnit4ClassRunner.java:78)
	at org.junit.runners.BlockJUnit4ClassRunner.runChild(BlockJUnit4ClassRunner.java:57)
	at org.junit.runners.ParentRunner$3.run(ParentRunner.java:290)
	at org.junit.runners.ParentRunner$1.schedule(ParentRunner.java:71)
	at org.junit.runners.ParentRunner.runChildren(ParentRunner.java:288)
	at org.junit.runners.ParentRunner.access$000(ParentRunner.java:58)
	at org.junit.runners.ParentRunner$2.evaluate(ParentRunner.java:268)
	at org.junit.internal.runners.statements.RunBefores.evaluate(RunBefores.java:26)
	at org.junit.runners.ParentRunner.run(ParentRunner.java:363)
	at org.apache.maven.surefire.junit4.JUnit4Provider.execute(JUnit4Provider.java:365)
	at org.apache.maven.surefire.junit4.JUnit4Provider.executeWithRerun(JUnit4Provider.java:273)
	at org.apache.maven.surefire.junit4.JUnit4Provider.executeTestSet(JUnit4Provider.java:238)
	at org.apache.maven.surefire.junit4.JUnit4Provider.invoke(JUnit4Provider.java:159)
	at org.apache.maven.surefire.booter.ForkedBooter.invokeProviderInSameClassLoader(ForkedBooter.java:384)
	at org.apache.maven.surefire.booter.ForkedBooter.runSuitesInProcess(ForkedBooter.java:345)
	at org.apache.maven.surefire.booter.ForkedBooter.execute(ForkedBooter.java:126)
	at org.apache.maven.surefire.booter.ForkedBooter.main(ForkedBooter.java:418)
2020-06-22 14:22:47,821 [myid:] - INFO  [main:ClientBase@270] - server 127.0.0.1:21995 not up
javax.net.ssl.SSLHandshakeException: java.security.cert.CertificateException: Failed to verify both host address and host name
	at sun.security.ssl.Alerts.getSSLException(Alerts.java:198)
	at sun.security.ssl.SSLSocketImpl.fatal(SSLSocketImpl.java:1967)
	at sun.security.ssl.Handshaker.fatalSE(Handshaker.java:331)
	at sun.security.ssl.Handshaker.fatalSE(Handshaker.java:325)
	at sun.security.ssl.ClientHandshaker.serverCertificate(ClientHandshaker.java:1688)
	at sun.security.ssl.ClientHandshaker.processMessage(ClientHandshaker.java:226)
	at sun.security.ssl.Handshaker.processLoop(Handshaker.java:1082)
	at sun.security.ssl.Handshaker.process_record(Handshaker.java:1010)
	at sun.security.ssl.SSLSocketImpl.readRecord(SSLSocketImpl.java:1079)
	at sun.security.ssl.SSLSocketImpl.performInitialHandshake(SSLSocketImpl.java:1388)
	at sun.security.ssl.SSLSocketImpl.startHandshake(SSLSocketImpl.java:1416)
	at sun.security.ssl.SSLSocketImpl.startHandshake(SSLSocketImpl.java:1400)
	at org.apache.zookeeper.client.FourLetterWordMain.send4LetterWord(FourLetterWordMain.java:105)
	at org.apache.zookeeper.client.FourLetterWordMain.send4LetterWord(FourLetterWordMain.java:73)
	at org.apache.zookeeper.test.ClientBase.waitForServerUp(ClientBase.java:261)
	at org.apache.zookeeper.test.ClientBase.startServerInstance(ClientBase.java:401)
	at org.apache.zookeeper.test.ClientBase.startServer(ClientBase.java:516)
	at org.apache.zookeeper.test.ClientBase.setUpWithServerId(ClientBase.java:499)
	at org.apache.zookeeper.test.ClientBase.setUp(ClientBase.java:474)
	at org.apache.zookeeper.test.SaslDigestAuthOverSSLTest.setUp(SaslDigestAuthOverSSLTest.java:62)
	at sun.reflect.NativeMethodAccessorImpl.invoke0(Native Method)
	at sun.reflect.NativeMethodAccessorImpl.invoke(NativeMethodAccessorImpl.java:62)
	at sun.reflect.DelegatingMethodAccessorImpl.invoke(DelegatingMethodAccessorImpl.java:43)
	at java.lang.reflect.Method.invoke(Method.java:498)
	at org.junit.runners.model.FrameworkMethod$1.runReflectiveCall(FrameworkMethod.java:50)
	at org.junit.internal.runners.model.ReflectiveCallable.run(ReflectiveCallable.java:12)
	at org.junit.runners.model.FrameworkMethod.invokeExplosively(FrameworkMethod.java:47)
	at mockit.integration.junit4.JUnit4TestRunnerDecorator.invokeExplosively(JUnit4TestRunnerDecorator.java:49)
	at mockit.integration.junit4.FakeFrameworkMethod.invokeExplosively(FakeFrameworkMethod.java:29)
	at org.junit.runners.model.FrameworkMethod.invokeExplosively(FrameworkMethod.java)
	at org.junit.internal.runners.statements.RunBefores.evaluate(RunBefores.java:24)
	at org.junit.internal.runners.statements.RunAfters.evaluate(RunAfters.java:27)
	at org.junit.rules.TestWatcher$1.evaluate(TestWatcher.java:55)
	at org.junit.rules.RunRules.evaluate(RunRules.java:20)
	at org.junit.runners.ParentRunner.runLeaf(ParentRunner.java:325)
	at org.junit.runners.BlockJUnit4ClassRunner.runChild(BlockJUnit4ClassRunner.java:78)
	at org.junit.runners.BlockJUnit4ClassRunner.runChild(BlockJUnit4ClassRunner.java:57)
	at org.junit.runners.ParentRunner$3.run(ParentRunner.java:290)
	at org.junit.runners.ParentRunner$1.schedule(ParentRunner.java:71)
	at org.junit.runners.ParentRunner.runChildren(ParentRunner.java:288)
	at org.junit.runners.ParentRunner.access$000(ParentRunner.java:58)
	at org.junit.runners.ParentRunner$2.evaluate(ParentRunner.java:268)
	at org.junit.internal.runners.statements.RunBefores.evaluate(RunBefores.java:26)
	at org.junit.runners.ParentRunner.run(ParentRunner.java:363)
	at org.apache.maven.surefire.junit4.JUnit4Provider.execute(JUnit4Provider.java:365)
	at org.apache.maven.surefire.junit4.JUnit4Provider.executeWithRerun(JUnit4Provider.java:273)
	at org.apache.maven.surefire.junit4.JUnit4Provider.executeTestSet(JUnit4Provider.java:238)
	at org.apache.maven.surefire.junit4.JUnit4Provider.invoke(JUnit4Provider.java:159)
	at org.apache.maven.surefire.booter.ForkedBooter.invokeProviderInSameClassLoader(ForkedBooter.java:384)
	at org.apache.maven.surefire.booter.ForkedBooter.runSuitesInProcess(ForkedBooter.java:345)
	at org.apache.maven.surefire.booter.ForkedBooter.execute(ForkedBooter.java:126)
	at org.apache.maven.surefire.booter.ForkedBooter.main(ForkedBooter.java:418)
Caused by: java.security.cert.CertificateException: Failed to verify both host address and host name
	at org.apache.zookeeper.common.ZKTrustManager.performHostVerification(ZKTrustManager.java:163)
	at org.apache.zookeeper.common.ZKTrustManager.checkServerTrusted(ZKTrustManager.java:90)
	at sun.security.ssl.ClientHandshaker.serverCertificate(ClientHandshaker.java:1670)
	... 47 more
Caused by: javax.net.ssl.SSLPeerUnverifiedException: Certificate for <activate.navicat.com> doesn't match common name of the certificate subject: localhost
	at org.apache.zookeeper.common.ZKHostnameVerifier.matchCN(ZKHostnameVerifier.java:238)
	at org.apache.zookeeper.common.ZKHostnameVerifier.verify(ZKHostnameVerifier.java:184)
	at org.apache.zookeeper.common.ZKTrustManager.performHostVerification(ZKTrustManager.java:159)
	... 49 more
2020-06-22 14:22:47,821 [myid:] - ERROR [nioEventLoopGroup-4-7:NettyServerCnxnFactory$CertificateVerifier@434] - Unsuccessful handshake with session 0x0
2020-06-22 14:22:47,822 [myid:] - WARN  [nioEventLoopGroup-4-7:NettyServerCnxnFactory$CnxnChannelHandler@273] - Exception caught
io.netty.handler.codec.DecoderException: javax.net.ssl.SSLException: Received fatal alert: certificate_unknown
	at io.netty.handler.codec.ByteToMessageDecoder.callDecode(ByteToMessageDecoder.java:468)
	at io.netty.handler.codec.ByteToMessageDecoder.channelRead(ByteToMessageDecoder.java:276)
	at io.netty.channel.AbstractChannelHandlerContext.invokeChannelRead(AbstractChannelHandlerContext.java:379)
	at io.netty.channel.AbstractChannelHandlerContext.invokeChannelRead(AbstractChannelHandlerContext.java:365)
	at io.netty.channel.AbstractChannelHandlerContext.fireChannelRead(AbstractChannelHandlerContext.java:357)
	at io.netty.channel.DefaultChannelPipeline$HeadContext.channelRead(DefaultChannelPipeline.java:1410)
	at io.netty.channel.AbstractChannelHandlerContext.invokeChannelRead(AbstractChannelHandlerContext.java:379)
	at io.netty.channel.AbstractChannelHandlerContext.invokeChannelRead(AbstractChannelHandlerContext.java:365)
	at io.netty.channel.DefaultChannelPipeline.fireChannelRead(DefaultChannelPipeline.java:919)
	at io.netty.channel.nio.AbstractNioByteChannel$NioByteUnsafe.read(AbstractNioByteChannel.java:163)
	at io.netty.channel.nio.NioEventLoop.processSelectedKey(NioEventLoop.java:714)
	at io.netty.channel.nio.NioEventLoop.processSelectedKeysOptimized(NioEventLoop.java:650)
	at io.netty.channel.nio.NioEventLoop.processSelectedKeys(NioEventLoop.java:576)
	at io.netty.channel.nio.NioEventLoop.run(NioEventLoop.java:493)
	at io.netty.util.concurrent.SingleThreadEventExecutor$4.run(SingleThreadEventExecutor.java:989)
	at io.netty.util.internal.ThreadExecutorMap$2.run(ThreadExecutorMap.java:74)
	at io.netty.util.concurrent.FastThreadLocalRunnable.run(FastThreadLocalRunnable.java:30)
	at java.lang.Thread.run(Thread.java:748)
Caused by: javax.net.ssl.SSLException: Received fatal alert: certificate_unknown
	at sun.security.ssl.Alerts.getSSLException(Alerts.java:214)
	at sun.security.ssl.SSLEngineImpl.fatal(SSLEngineImpl.java:1667)
	at sun.security.ssl.SSLEngineImpl.fatal(SSLEngineImpl.java:1635)
	at sun.security.ssl.SSLEngineImpl.recvAlert(SSLEngineImpl.java:1801)
	at sun.security.ssl.SSLEngineImpl.readRecord(SSLEngineImpl.java:1090)
	at sun.security.ssl.SSLEngineImpl.readNetRecord(SSLEngineImpl.java:913)
	at sun.security.ssl.SSLEngineImpl.unwrap(SSLEngineImpl.java:783)
	at javax.net.ssl.SSLEngine.unwrap(SSLEngine.java:626)
	at io.netty.handler.ssl.SslHandler$SslEngineType$3.unwrap(SslHandler.java:281)
	at io.netty.handler.ssl.SslHandler.unwrap(SslHandler.java:1340)
	at io.netty.handler.ssl.SslHandler.decodeJdkCompatible(SslHandler.java:1235)
	at io.netty.handler.ssl.SslHandler.decode(SslHandler.java:1282)
	at io.netty.handler.codec.ByteToMessageDecoder.decodeRemovalReentryProtection(ByteToMessageDecoder.java:498)
	at io.netty.handler.codec.ByteToMessageDecoder.callDecode(ByteToMessageDecoder.java:437)
	... 17 more
2020-06-22 14:22:47,822 [myid:] - WARN  [nioEventLoopGroup-4-7:NettyServerCnxnFactory$CnxnChannelHandler@273] - Exception caught
io.netty.handler.codec.DecoderException: javax.net.ssl.SSLException: Received fatal alert: certificate_unknown
	at io.netty.handler.codec.ByteToMessageDecoder.callDecode(ByteToMessageDecoder.java:468)
	at io.netty.handler.codec.ByteToMessageDecoder.channelInputClosed(ByteToMessageDecoder.java:401)
	at io.netty.handler.codec.ByteToMessageDecoder.channelInputClosed(ByteToMessageDecoder.java:368)
	at io.netty.handler.codec.ByteToMessageDecoder.channelInactive(ByteToMessageDecoder.java:351)
	at io.netty.handler.ssl.SslHandler.channelInactive(SslHandler.java:1084)
	at io.netty.channel.AbstractChannelHandlerContext.invokeChannelInactive(AbstractChannelHandlerContext.java:262)
	at io.netty.channel.AbstractChannelHandlerContext.invokeChannelInactive(AbstractChannelHandlerContext.java:248)
	at io.netty.channel.AbstractChannelHandlerContext.fireChannelInactive(AbstractChannelHandlerContext.java:241)
	at io.netty.channel.DefaultChannelPipeline$HeadContext.channelInactive(DefaultChannelPipeline.java:1405)
	at io.netty.channel.AbstractChannelHandlerContext.invokeChannelInactive(AbstractChannelHandlerContext.java:262)
	at io.netty.channel.AbstractChannelHandlerContext.invokeChannelInactive(AbstractChannelHandlerContext.java:248)
	at io.netty.channel.DefaultChannelPipeline.fireChannelInactive(DefaultChannelPipeline.java:901)
	at io.netty.channel.AbstractChannel$AbstractUnsafe$8.run(AbstractChannel.java:818)
	at io.netty.util.concurrent.AbstractEventExecutor.safeExecute(AbstractEventExecutor.java:164)
	at io.netty.util.concurrent.SingleThreadEventExecutor.runAllTasks(SingleThreadEventExecutor.java:472)
	at io.netty.channel.nio.NioEventLoop.run(NioEventLoop.java:497)
	at io.netty.util.concurrent.SingleThreadEventExecutor$4.run(SingleThreadEventExecutor.java:989)
	at io.netty.util.internal.ThreadExecutorMap$2.run(ThreadExecutorMap.java:74)
	at io.netty.util.concurrent.FastThreadLocalRunnable.run(FastThreadLocalRunnable.java:30)
	at java.lang.Thread.run(Thread.java:748)
Caused by: javax.net.ssl.SSLException: Received fatal alert: certificate_unknown
	at sun.security.ssl.Alerts.getSSLException(Alerts.java:214)
	at sun.security.ssl.SSLEngineImpl.fatal(SSLEngineImpl.java:1667)
	at sun.security.ssl.SSLEngineImpl.fatal(SSLEngineImpl.java:1635)
	at sun.security.ssl.SSLEngineImpl.recvAlert(SSLEngineImpl.java:1801)
	at sun.security.ssl.SSLEngineImpl.readRecord(SSLEngineImpl.java:1090)
	at sun.security.ssl.SSLEngineImpl.readNetRecord(SSLEngineImpl.java:913)
	at sun.security.ssl.SSLEngineImpl.unwrap(SSLEngineImpl.java:783)
	at javax.net.ssl.SSLEngine.unwrap(SSLEngine.java:626)
	at io.netty.handler.ssl.SslHandler$SslEngineType$3.unwrap(SslHandler.java:281)
	at io.netty.handler.ssl.SslHandler.unwrap(SslHandler.java:1340)
	at io.netty.handler.ssl.SslHandler.decodeJdkCompatible(SslHandler.java:1235)
	at io.netty.handler.ssl.SslHandler.decode(SslHandler.java:1282)
	at io.netty.handler.codec.ByteToMessageDecoder.decodeRemovalReentryProtection(ByteToMessageDecoder.java:498)
	at io.netty.handler.codec.ByteToMessageDecoder.callDecode(ByteToMessageDecoder.java:437)
	... 19 more
2020-06-22 14:22:48,075 [myid:] - INFO  [main:FourLetterWordMain@93] - connecting to 127.0.0.1 21995
2020-06-22 14:22:48,077 [myid:] - INFO  [main:FourLetterWordMain@99] - using secure socket
2020-06-22 14:22:48,091 [myid:] - ERROR [main:ZKTrustManager@161] - Failed to verify host address: 127.0.0.1
javax.net.ssl.SSLPeerUnverifiedException: Certificate for <127.0.0.1> doesn't match common name of the certificate subject: localhost
	at org.apache.zookeeper.common.ZKHostnameVerifier.matchCN(ZKHostnameVerifier.java:238)
	at org.apache.zookeeper.common.ZKHostnameVerifier.verify(ZKHostnameVerifier.java:184)
	at org.apache.zookeeper.common.ZKTrustManager.performHostVerification(ZKTrustManager.java:151)
	at org.apache.zookeeper.common.ZKTrustManager.checkServerTrusted(ZKTrustManager.java:90)
	at sun.security.ssl.ClientHandshaker.serverCertificate(ClientHandshaker.java:1670)
	at sun.security.ssl.ClientHandshaker.processMessage(ClientHandshaker.java:226)
	at sun.security.ssl.Handshaker.processLoop(Handshaker.java:1082)
	at sun.security.ssl.Handshaker.process_record(Handshaker.java:1010)
	at sun.security.ssl.SSLSocketImpl.readRecord(SSLSocketImpl.java:1079)
	at sun.security.ssl.SSLSocketImpl.performInitialHandshake(SSLSocketImpl.java:1388)
	at sun.security.ssl.SSLSocketImpl.startHandshake(SSLSocketImpl.java:1416)
	at sun.security.ssl.SSLSocketImpl.startHandshake(SSLSocketImpl.java:1400)
	at org.apache.zookeeper.client.FourLetterWordMain.send4LetterWord(FourLetterWordMain.java:105)
	at org.apache.zookeeper.client.FourLetterWordMain.send4LetterWord(FourLetterWordMain.java:73)
	at org.apache.zookeeper.test.ClientBase.waitForServerUp(ClientBase.java:261)
	at org.apache.zookeeper.test.ClientBase.startServerInstance(ClientBase.java:401)
	at org.apache.zookeeper.test.ClientBase.startServer(ClientBase.java:516)
	at org.apache.zookeeper.test.ClientBase.setUpWithServerId(ClientBase.java:499)
	at org.apache.zookeeper.test.ClientBase.setUp(ClientBase.java:474)
	at org.apache.zookeeper.test.SaslDigestAuthOverSSLTest.setUp(SaslDigestAuthOverSSLTest.java:62)
	at sun.reflect.NativeMethodAccessorImpl.invoke0(Native Method)
	at sun.reflect.NativeMethodAccessorImpl.invoke(NativeMethodAccessorImpl.java:62)
	at sun.reflect.DelegatingMethodAccessorImpl.invoke(DelegatingMethodAccessorImpl.java:43)
	at java.lang.reflect.Method.invoke(Method.java:498)
	at org.junit.runners.model.FrameworkMethod$1.runReflectiveCall(FrameworkMethod.java:50)
	at org.junit.internal.runners.model.ReflectiveCallable.run(ReflectiveCallable.java:12)
	at org.junit.runners.model.FrameworkMethod.invokeExplosively(FrameworkMethod.java:47)
	at mockit.integration.junit4.JUnit4TestRunnerDecorator.invokeExplosively(JUnit4TestRunnerDecorator.java:49)
	at mockit.integration.junit4.FakeFrameworkMethod.invokeExplosively(FakeFrameworkMethod.java:29)
	at org.junit.runners.model.FrameworkMethod.invokeExplosively(FrameworkMethod.java)
	at org.junit.internal.runners.statements.RunBefores.evaluate(RunBefores.java:24)
	at org.junit.internal.runners.statements.RunAfters.evaluate(RunAfters.java:27)
	at org.junit.rules.TestWatcher$1.evaluate(TestWatcher.java:55)
	at org.junit.rules.RunRules.evaluate(RunRules.java:20)
	at org.junit.runners.ParentRunner.runLeaf(ParentRunner.java:325)
	at org.junit.runners.BlockJUnit4ClassRunner.runChild(BlockJUnit4ClassRunner.java:78)
	at org.junit.runners.BlockJUnit4ClassRunner.runChild(BlockJUnit4ClassRunner.java:57)
	at org.junit.runners.ParentRunner$3.run(ParentRunner.java:290)
	at org.junit.runners.ParentRunner$1.schedule(ParentRunner.java:71)
	at org.junit.runners.ParentRunner.runChildren(ParentRunner.java:288)
	at org.junit.runners.ParentRunner.access$000(ParentRunner.java:58)
	at org.junit.runners.ParentRunner$2.evaluate(ParentRunner.java:268)
	at org.junit.internal.runners.statements.RunBefores.evaluate(RunBefores.java:26)
	at org.junit.runners.ParentRunner.run(ParentRunner.java:363)
	at org.apache.maven.surefire.junit4.JUnit4Provider.execute(JUnit4Provider.java:365)
	at org.apache.maven.surefire.junit4.JUnit4Provider.executeWithRerun(JUnit4Provider.java:273)
	at org.apache.maven.surefire.junit4.JUnit4Provider.executeTestSet(JUnit4Provider.java:238)
	at org.apache.maven.surefire.junit4.JUnit4Provider.invoke(JUnit4Provider.java:159)
	at org.apache.maven.surefire.booter.ForkedBooter.invokeProviderInSameClassLoader(ForkedBooter.java:384)
	at org.apache.maven.surefire.booter.ForkedBooter.runSuitesInProcess(ForkedBooter.java:345)
	at org.apache.maven.surefire.booter.ForkedBooter.execute(ForkedBooter.java:126)
	at org.apache.maven.surefire.booter.ForkedBooter.main(ForkedBooter.java:418)
2020-06-22 14:22:48,092 [myid:] - ERROR [main:ZKTrustManager@162] - Failed to verify hostname: activate.navicat.com
javax.net.ssl.SSLPeerUnverifiedException: Certificate for <activate.navicat.com> doesn't match common name of the certificate subject: localhost
	at org.apache.zookeeper.common.ZKHostnameVerifier.matchCN(ZKHostnameVerifier.java:238)
	at org.apache.zookeeper.common.ZKHostnameVerifier.verify(ZKHostnameVerifier.java:184)
	at org.apache.zookeeper.common.ZKTrustManager.performHostVerification(ZKTrustManager.java:159)
	at org.apache.zookeeper.common.ZKTrustManager.checkServerTrusted(ZKTrustManager.java:90)
	at sun.security.ssl.ClientHandshaker.serverCertificate(ClientHandshaker.java:1670)
	at sun.security.ssl.ClientHandshaker.processMessage(ClientHandshaker.java:226)
	at sun.security.ssl.Handshaker.processLoop(Handshaker.java:1082)
	at sun.security.ssl.Handshaker.process_record(Handshaker.java:1010)
	at sun.security.ssl.SSLSocketImpl.readRecord(SSLSocketImpl.java:1079)
	at sun.security.ssl.SSLSocketImpl.performInitialHandshake(SSLSocketImpl.java:1388)
	at sun.security.ssl.SSLSocketImpl.startHandshake(SSLSocketImpl.java:1416)
	at sun.security.ssl.SSLSocketImpl.startHandshake(SSLSocketImpl.java:1400)
	at org.apache.zookeeper.client.FourLetterWordMain.send4LetterWord(FourLetterWordMain.java:105)
	at org.apache.zookeeper.client.FourLetterWordMain.send4LetterWord(FourLetterWordMain.java:73)
	at org.apache.zookeeper.test.ClientBase.waitForServerUp(ClientBase.java:261)
	at org.apache.zookeeper.test.ClientBase.startServerInstance(ClientBase.java:401)
	at org.apache.zookeeper.test.ClientBase.startServer(ClientBase.java:516)
	at org.apache.zookeeper.test.ClientBase.setUpWithServerId(ClientBase.java:499)
	at org.apache.zookeeper.test.ClientBase.setUp(ClientBase.java:474)
	at org.apache.zookeeper.test.SaslDigestAuthOverSSLTest.setUp(SaslDigestAuthOverSSLTest.java:62)
	at sun.reflect.NativeMethodAccessorImpl.invoke0(Native Method)
	at sun.reflect.NativeMethodAccessorImpl.invoke(NativeMethodAccessorImpl.java:62)
	at sun.reflect.DelegatingMethodAccessorImpl.invoke(DelegatingMethodAccessorImpl.java:43)
	at java.lang.reflect.Method.invoke(Method.java:498)
	at org.junit.runners.model.FrameworkMethod$1.runReflectiveCall(FrameworkMethod.java:50)
	at org.junit.internal.runners.model.ReflectiveCallable.run(ReflectiveCallable.java:12)
	at org.junit.runners.model.FrameworkMethod.invokeExplosively(FrameworkMethod.java:47)
	at mockit.integration.junit4.JUnit4TestRunnerDecorator.invokeExplosively(JUnit4TestRunnerDecorator.java:49)
	at mockit.integration.junit4.FakeFrameworkMethod.invokeExplosively(FakeFrameworkMethod.java:29)
	at org.junit.runners.model.FrameworkMethod.invokeExplosively(FrameworkMethod.java)
	at org.junit.internal.runners.statements.RunBefores.evaluate(RunBefores.java:24)
	at org.junit.internal.runners.statements.RunAfters.evaluate(RunAfters.java:27)
	at org.junit.rules.TestWatcher$1.evaluate(TestWatcher.java:55)
	at org.junit.rules.RunRules.evaluate(RunRules.java:20)
	at org.junit.runners.ParentRunner.runLeaf(ParentRunner.java:325)
	at org.junit.runners.BlockJUnit4ClassRunner.runChild(BlockJUnit4ClassRunner.java:78)
	at org.junit.runners.BlockJUnit4ClassRunner.runChild(BlockJUnit4ClassRunner.java:57)
	at org.junit.runners.ParentRunner$3.run(ParentRunner.java:290)
	at org.junit.runners.ParentRunner$1.schedule(ParentRunner.java:71)
	at org.junit.runners.ParentRunner.runChildren(ParentRunner.java:288)
	at org.junit.runners.ParentRunner.access$000(ParentRunner.java:58)
	at org.junit.runners.ParentRunner$2.evaluate(ParentRunner.java:268)
	at org.junit.internal.runners.statements.RunBefores.evaluate(RunBefores.java:26)
	at org.junit.runners.ParentRunner.run(ParentRunner.java:363)
	at org.apache.maven.surefire.junit4.JUnit4Provider.execute(JUnit4Provider.java:365)
	at org.apache.maven.surefire.junit4.JUnit4Provider.executeWithRerun(JUnit4Provider.java:273)
	at org.apache.maven.surefire.junit4.JUnit4Provider.executeTestSet(JUnit4Provider.java:238)
	at org.apache.maven.surefire.junit4.JUnit4Provider.invoke(JUnit4Provider.java:159)
	at org.apache.maven.surefire.booter.ForkedBooter.invokeProviderInSameClassLoader(ForkedBooter.java:384)
	at org.apache.maven.surefire.booter.ForkedBooter.runSuitesInProcess(ForkedBooter.java:345)
	at org.apache.maven.surefire.booter.ForkedBooter.execute(ForkedBooter.java:126)
	at org.apache.maven.surefire.booter.ForkedBooter.main(ForkedBooter.java:418)
2020-06-22 14:22:48,092 [myid:] - INFO  [main:ClientBase@270] - server 127.0.0.1:21995 not up
javax.net.ssl.SSLHandshakeException: java.security.cert.CertificateException: Failed to verify both host address and host name
	at sun.security.ssl.Alerts.getSSLException(Alerts.java:198)
	at sun.security.ssl.SSLSocketImpl.fatal(SSLSocketImpl.java:1967)
	at sun.security.ssl.Handshaker.fatalSE(Handshaker.java:331)
	at sun.security.ssl.Handshaker.fatalSE(Handshaker.java:325)
	at sun.security.ssl.ClientHandshaker.serverCertificate(ClientHandshaker.java:1688)
	at sun.security.ssl.ClientHandshaker.processMessage(ClientHandshaker.java:226)
	at sun.security.ssl.Handshaker.processLoop(Handshaker.java:1082)
	at sun.security.ssl.Handshaker.process_record(Handshaker.java:1010)
	at sun.security.ssl.SSLSocketImpl.readRecord(SSLSocketImpl.java:1079)
	at sun.security.ssl.SSLSocketImpl.performInitialHandshake(SSLSocketImpl.java:1388)
	at sun.security.ssl.SSLSocketImpl.startHandshake(SSLSocketImpl.java:1416)
	at sun.security.ssl.SSLSocketImpl.startHandshake(SSLSocketImpl.java:1400)
	at org.apache.zookeeper.client.FourLetterWordMain.send4LetterWord(FourLetterWordMain.java:105)
	at org.apache.zookeeper.client.FourLetterWordMain.send4LetterWord(FourLetterWordMain.java:73)
	at org.apache.zookeeper.test.ClientBase.waitForServerUp(ClientBase.java:261)
	at org.apache.zookeeper.test.ClientBase.startServerInstance(ClientBase.java:401)
	at org.apache.zookeeper.test.ClientBase.startServer(ClientBase.java:516)
	at org.apache.zookeeper.test.ClientBase.setUpWithServerId(ClientBase.java:499)
	at org.apache.zookeeper.test.ClientBase.setUp(ClientBase.java:474)
	at org.apache.zookeeper.test.SaslDigestAuthOverSSLTest.setUp(SaslDigestAuthOverSSLTest.java:62)
	at sun.reflect.NativeMethodAccessorImpl.invoke0(Native Method)
	at sun.reflect.NativeMethodAccessorImpl.invoke(NativeMethodAccessorImpl.java:62)
	at sun.reflect.DelegatingMethodAccessorImpl.invoke(DelegatingMethodAccessorImpl.java:43)
	at java.lang.reflect.Method.invoke(Method.java:498)
	at org.junit.runners.model.FrameworkMethod$1.runReflectiveCall(FrameworkMethod.java:50)
	at org.junit.internal.runners.model.ReflectiveCallable.run(ReflectiveCallable.java:12)
	at org.junit.runners.model.FrameworkMethod.invokeExplosively(FrameworkMethod.java:47)
	at mockit.integration.junit4.JUnit4TestRunnerDecorator.invokeExplosively(JUnit4TestRunnerDecorator.java:49)
	at mockit.integration.junit4.FakeFrameworkMethod.invokeExplosively(FakeFrameworkMethod.java:29)
	at org.junit.runners.model.FrameworkMethod.invokeExplosively(FrameworkMethod.java)
	at org.junit.internal.runners.statements.RunBefores.evaluate(RunBefores.java:24)
	at org.junit.internal.runners.statements.RunAfters.evaluate(RunAfters.java:27)
	at org.junit.rules.TestWatcher$1.evaluate(TestWatcher.java:55)
	at org.junit.rules.RunRules.evaluate(RunRules.java:20)
	at org.junit.runners.ParentRunner.runLeaf(ParentRunner.java:325)
	at org.junit.runners.BlockJUnit4ClassRunner.runChild(BlockJUnit4ClassRunner.java:78)
	at org.junit.runners.BlockJUnit4ClassRunner.runChild(BlockJUnit4ClassRunner.java:57)
	at org.junit.runners.ParentRunner$3.run(ParentRunner.java:290)
	at org.junit.runners.ParentRunner$1.schedule(ParentRunner.java:71)
	at org.junit.runners.ParentRunner.runChildren(ParentRunner.java:288)
	at org.junit.runners.ParentRunner.access$000(ParentRunner.java:58)
	at org.junit.runners.ParentRunner$2.evaluate(ParentRunner.java:268)
	at org.junit.internal.runners.statements.RunBefores.evaluate(RunBefores.java:26)
	at org.junit.runners.ParentRunner.run(ParentRunner.java:363)
	at org.apache.maven.surefire.junit4.JUnit4Provider.execute(JUnit4Provider.java:365)
	at org.apache.maven.surefire.junit4.JUnit4Provider.executeWithRerun(JUnit4Provider.java:273)
	at org.apache.maven.surefire.junit4.JUnit4Provider.executeTestSet(JUnit4Provider.java:238)
	at org.apache.maven.surefire.junit4.JUnit4Provider.invoke(JUnit4Provider.java:159)
	at org.apache.maven.surefire.booter.ForkedBooter.invokeProviderInSameClassLoader(ForkedBooter.java:384)
	at org.apache.maven.surefire.booter.ForkedBooter.runSuitesInProcess(ForkedBooter.java:345)
	at org.apache.maven.surefire.booter.ForkedBooter.execute(ForkedBooter.java:126)
	at org.apache.maven.surefire.booter.ForkedBooter.main(ForkedBooter.java:418)
Caused by: java.security.cert.CertificateException: Failed to verify both host address and host name
	at org.apache.zookeeper.common.ZKTrustManager.performHostVerification(ZKTrustManager.java:163)
	at org.apache.zookeeper.common.ZKTrustManager.checkServerTrusted(ZKTrustManager.java:90)
	at sun.security.ssl.ClientHandshaker.serverCertificate(ClientHandshaker.java:1670)
	... 47 more
Caused by: javax.net.ssl.SSLPeerUnverifiedException: Certificate for <activate.navicat.com> doesn't match common name of the certificate subject: localhost
	at org.apache.zookeeper.common.ZKHostnameVerifier.matchCN(ZKHostnameVerifier.java:238)
	at org.apache.zookeeper.common.ZKHostnameVerifier.verify(ZKHostnameVerifier.java:184)
	at org.apache.zookeeper.common.ZKTrustManager.performHostVerification(ZKTrustManager.java:159)
	... 49 more
2020-06-22 14:22:48,093 [myid:] - ERROR [nioEventLoopGroup-4-8:NettyServerCnxnFactory$CertificateVerifier@434] - Unsuccessful handshake with session 0x0
2020-06-22 14:22:48,094 [myid:] - WARN  [nioEventLoopGroup-4-8:NettyServerCnxnFactory$CnxnChannelHandler@273] - Exception caught
io.netty.handler.codec.DecoderException: javax.net.ssl.SSLException: Received fatal alert: certificate_unknown
	at io.netty.handler.codec.ByteToMessageDecoder.callDecode(ByteToMessageDecoder.java:468)
	at io.netty.handler.codec.ByteToMessageDecoder.channelRead(ByteToMessageDecoder.java:276)
	at io.netty.channel.AbstractChannelHandlerContext.invokeChannelRead(AbstractChannelHandlerContext.java:379)
	at io.netty.channel.AbstractChannelHandlerContext.invokeChannelRead(AbstractChannelHandlerContext.java:365)
	at io.netty.channel.AbstractChannelHandlerContext.fireChannelRead(AbstractChannelHandlerContext.java:357)
	at io.netty.channel.DefaultChannelPipeline$HeadContext.channelRead(DefaultChannelPipeline.java:1410)
	at io.netty.channel.AbstractChannelHandlerContext.invokeChannelRead(AbstractChannelHandlerContext.java:379)
	at io.netty.channel.AbstractChannelHandlerContext.invokeChannelRead(AbstractChannelHandlerContext.java:365)
	at io.netty.channel.DefaultChannelPipeline.fireChannelRead(DefaultChannelPipeline.java:919)
	at io.netty.channel.nio.AbstractNioByteChannel$NioByteUnsafe.read(AbstractNioByteChannel.java:163)
	at io.netty.channel.nio.NioEventLoop.processSelectedKey(NioEventLoop.java:714)
	at io.netty.channel.nio.NioEventLoop.processSelectedKeysOptimized(NioEventLoop.java:650)
	at io.netty.channel.nio.NioEventLoop.processSelectedKeys(NioEventLoop.java:576)
	at io.netty.channel.nio.NioEventLoop.run(NioEventLoop.java:493)
	at io.netty.util.concurrent.SingleThreadEventExecutor$4.run(SingleThreadEventExecutor.java:989)
	at io.netty.util.internal.ThreadExecutorMap$2.run(ThreadExecutorMap.java:74)
	at io.netty.util.concurrent.FastThreadLocalRunnable.run(FastThreadLocalRunnable.java:30)
	at java.lang.Thread.run(Thread.java:748)
Caused by: javax.net.ssl.SSLException: Received fatal alert: certificate_unknown
	at sun.security.ssl.Alerts.getSSLException(Alerts.java:214)
	at sun.security.ssl.SSLEngineImpl.fatal(SSLEngineImpl.java:1667)
	at sun.security.ssl.SSLEngineImpl.fatal(SSLEngineImpl.java:1635)
	at sun.security.ssl.SSLEngineImpl.recvAlert(SSLEngineImpl.java:1801)
	at sun.security.ssl.SSLEngineImpl.readRecord(SSLEngineImpl.java:1090)
	at sun.security.ssl.SSLEngineImpl.readNetRecord(SSLEngineImpl.java:913)
	at sun.security.ssl.SSLEngineImpl.unwrap(SSLEngineImpl.java:783)
	at javax.net.ssl.SSLEngine.unwrap(SSLEngine.java:626)
	at io.netty.handler.ssl.SslHandler$SslEngineType$3.unwrap(SslHandler.java:281)
	at io.netty.handler.ssl.SslHandler.unwrap(SslHandler.java:1340)
	at io.netty.handler.ssl.SslHandler.decodeJdkCompatible(SslHandler.java:1235)
	at io.netty.handler.ssl.SslHandler.decode(SslHandler.java:1282)
	at io.netty.handler.codec.ByteToMessageDecoder.decodeRemovalReentryProtection(ByteToMessageDecoder.java:498)
	at io.netty.handler.codec.ByteToMessageDecoder.callDecode(ByteToMessageDecoder.java:437)
	... 17 more
2020-06-22 14:22:48,095 [myid:] - WARN  [nioEventLoopGroup-4-8:NettyServerCnxnFactory$CnxnChannelHandler@273] - Exception caught
io.netty.handler.codec.DecoderException: javax.net.ssl.SSLException: Received fatal alert: certificate_unknown
	at io.netty.handler.codec.ByteToMessageDecoder.callDecode(ByteToMessageDecoder.java:468)
	at io.netty.handler.codec.ByteToMessageDecoder.channelInputClosed(ByteToMessageDecoder.java:401)
	at io.netty.handler.codec.ByteToMessageDecoder.channelInputClosed(ByteToMessageDecoder.java:368)
	at io.netty.handler.codec.ByteToMessageDecoder.channelInactive(ByteToMessageDecoder.java:351)
	at io.netty.handler.ssl.SslHandler.channelInactive(SslHandler.java:1084)
	at io.netty.channel.AbstractChannelHandlerContext.invokeChannelInactive(AbstractChannelHandlerContext.java:262)
	at io.netty.channel.AbstractChannelHandlerContext.invokeChannelInactive(AbstractChannelHandlerContext.java:248)
	at io.netty.channel.AbstractChannelHandlerContext.fireChannelInactive(AbstractChannelHandlerContext.java:241)
	at io.netty.channel.DefaultChannelPipeline$HeadContext.channelInactive(DefaultChannelPipeline.java:1405)
	at io.netty.channel.AbstractChannelHandlerContext.invokeChannelInactive(AbstractChannelHandlerContext.java:262)
	at io.netty.channel.AbstractChannelHandlerContext.invokeChannelInactive(AbstractChannelHandlerContext.java:248)
	at io.netty.channel.DefaultChannelPipeline.fireChannelInactive(DefaultChannelPipeline.java:901)
	at io.netty.channel.AbstractChannel$AbstractUnsafe$8.run(AbstractChannel.java:818)
	at io.netty.util.concurrent.AbstractEventExecutor.safeExecute(AbstractEventExecutor.java:164)
	at io.netty.util.concurrent.SingleThreadEventExecutor.runAllTasks(SingleThreadEventExecutor.java:472)
	at io.netty.channel.nio.NioEventLoop.run(NioEventLoop.java:497)
	at io.netty.util.concurrent.SingleThreadEventExecutor$4.run(SingleThreadEventExecutor.java:989)
	at io.netty.util.internal.ThreadExecutorMap$2.run(ThreadExecutorMap.java:74)
	at io.netty.util.concurrent.FastThreadLocalRunnable.run(FastThreadLocalRunnable.java:30)
	at java.lang.Thread.run(Thread.java:748)
Caused by: javax.net.ssl.SSLException: Received fatal alert: certificate_unknown
	at sun.security.ssl.Alerts.getSSLException(Alerts.java:214)
	at sun.security.ssl.SSLEngineImpl.fatal(SSLEngineImpl.java:1667)
	at sun.security.ssl.SSLEngineImpl.fatal(SSLEngineImpl.java:1635)
	at sun.security.ssl.SSLEngineImpl.recvAlert(SSLEngineImpl.java:1801)
	at sun.security.ssl.SSLEngineImpl.readRecord(SSLEngineImpl.java:1090)
	at sun.security.ssl.SSLEngineImpl.readNetRecord(SSLEngineImpl.java:913)
	at sun.security.ssl.SSLEngineImpl.unwrap(SSLEngineImpl.java:783)
	at javax.net.ssl.SSLEngine.unwrap(SSLEngine.java:626)
	at io.netty.handler.ssl.SslHandler$SslEngineType$3.unwrap(SslHandler.java:281)
	at io.netty.handler.ssl.SslHandler.unwrap(SslHandler.java:1340)
	at io.netty.handler.ssl.SslHandler.decodeJdkCompatible(SslHandler.java:1235)
	at io.netty.handler.ssl.SslHandler.decode(SslHandler.java:1282)
	at io.netty.handler.codec.ByteToMessageDecoder.decodeRemovalReentryProtection(ByteToMessageDecoder.java:498)
	at io.netty.handler.codec.ByteToMessageDecoder.callDecode(ByteToMessageDecoder.java:437)
	... 19 more
2020-06-22 14:22:48,344 [myid:] - INFO  [main:FourLetterWordMain@93] - connecting to 127.0.0.1 21995
2020-06-22 14:22:48,344 [myid:] - INFO  [main:FourLetterWordMain@99] - using secure socket
2020-06-22 14:22:48,355 [myid:] - ERROR [main:ZKTrustManager@161] - Failed to verify host address: 127.0.0.1
javax.net.ssl.SSLPeerUnverifiedException: Certificate for <127.0.0.1> doesn't match common name of the certificate subject: localhost
	at org.apache.zookeeper.common.ZKHostnameVerifier.matchCN(ZKHostnameVerifier.java:238)
	at org.apache.zookeeper.common.ZKHostnameVerifier.verify(ZKHostnameVerifier.java:184)
	at org.apache.zookeeper.common.ZKTrustManager.performHostVerification(ZKTrustManager.java:151)
	at org.apache.zookeeper.common.ZKTrustManager.checkServerTrusted(ZKTrustManager.java:90)
	at sun.security.ssl.ClientHandshaker.serverCertificate(ClientHandshaker.java:1670)
	at sun.security.ssl.ClientHandshaker.processMessage(ClientHandshaker.java:226)
	at sun.security.ssl.Handshaker.processLoop(Handshaker.java:1082)
	at sun.security.ssl.Handshaker.process_record(Handshaker.java:1010)
	at sun.security.ssl.SSLSocketImpl.readRecord(SSLSocketImpl.java:1079)
	at sun.security.ssl.SSLSocketImpl.performInitialHandshake(SSLSocketImpl.java:1388)
	at sun.security.ssl.SSLSocketImpl.startHandshake(SSLSocketImpl.java:1416)
	at sun.security.ssl.SSLSocketImpl.startHandshake(SSLSocketImpl.java:1400)
	at org.apache.zookeeper.client.FourLetterWordMain.send4LetterWord(FourLetterWordMain.java:105)
	at org.apache.zookeeper.client.FourLetterWordMain.send4LetterWord(FourLetterWordMain.java:73)
	at org.apache.zookeeper.test.ClientBase.waitForServerUp(ClientBase.java:261)
	at org.apache.zookeeper.test.ClientBase.startServerInstance(ClientBase.java:401)
	at org.apache.zookeeper.test.ClientBase.startServer(ClientBase.java:516)
	at org.apache.zookeeper.test.ClientBase.setUpWithServerId(ClientBase.java:499)
	at org.apache.zookeeper.test.ClientBase.setUp(ClientBase.java:474)
	at org.apache.zookeeper.test.SaslDigestAuthOverSSLTest.setUp(SaslDigestAuthOverSSLTest.java:62)
	at sun.reflect.NativeMethodAccessorImpl.invoke0(Native Method)
	at sun.reflect.NativeMethodAccessorImpl.invoke(NativeMethodAccessorImpl.java:62)
	at sun.reflect.DelegatingMethodAccessorImpl.invoke(DelegatingMethodAccessorImpl.java:43)
	at java.lang.reflect.Method.invoke(Method.java:498)
	at org.junit.runners.model.FrameworkMethod$1.runReflectiveCall(FrameworkMethod.java:50)
	at org.junit.internal.runners.model.ReflectiveCallable.run(ReflectiveCallable.java:12)
	at org.junit.runners.model.FrameworkMethod.invokeExplosively(FrameworkMethod.java:47)
	at mockit.integration.junit4.JUnit4TestRunnerDecorator.invokeExplosively(JUnit4TestRunnerDecorator.java:49)
	at mockit.integration.junit4.FakeFrameworkMethod.invokeExplosively(FakeFrameworkMethod.java:29)
	at org.junit.runners.model.FrameworkMethod.invokeExplosively(FrameworkMethod.java)
	at org.junit.internal.runners.statements.RunBefores.evaluate(RunBefores.java:24)
	at org.junit.internal.runners.statements.RunAfters.evaluate(RunAfters.java:27)
	at org.junit.rules.TestWatcher$1.evaluate(TestWatcher.java:55)
	at org.junit.rules.RunRules.evaluate(RunRules.java:20)
	at org.junit.runners.ParentRunner.runLeaf(ParentRunner.java:325)
	at org.junit.runners.BlockJUnit4ClassRunner.runChild(BlockJUnit4ClassRunner.java:78)
	at org.junit.runners.BlockJUnit4ClassRunner.runChild(BlockJUnit4ClassRunner.java:57)
	at org.junit.runners.ParentRunner$3.run(ParentRunner.java:290)
	at org.junit.runners.ParentRunner$1.schedule(ParentRunner.java:71)
	at org.junit.runners.ParentRunner.runChildren(ParentRunner.java:288)
	at org.junit.runners.ParentRunner.access$000(ParentRunner.java:58)
	at org.junit.runners.ParentRunner$2.evaluate(ParentRunner.java:268)
	at org.junit.internal.runners.statements.RunBefores.evaluate(RunBefores.java:26)
	at org.junit.runners.ParentRunner.run(ParentRunner.java:363)
	at org.apache.maven.surefire.junit4.JUnit4Provider.execute(JUnit4Provider.java:365)
	at org.apache.maven.surefire.junit4.JUnit4Provider.executeWithRerun(JUnit4Provider.java:273)
	at org.apache.maven.surefire.junit4.JUnit4Provider.executeTestSet(JUnit4Provider.java:238)
	at org.apache.maven.surefire.junit4.JUnit4Provider.invoke(JUnit4Provider.java:159)
	at org.apache.maven.surefire.booter.ForkedBooter.invokeProviderInSameClassLoader(ForkedBooter.java:384)
	at org.apache.maven.surefire.booter.ForkedBooter.runSuitesInProcess(ForkedBooter.java:345)
	at org.apache.maven.surefire.booter.ForkedBooter.execute(ForkedBooter.java:126)
	at org.apache.maven.surefire.booter.ForkedBooter.main(ForkedBooter.java:418)
2020-06-22 14:22:48,355 [myid:] - ERROR [main:ZKTrustManager@162] - Failed to verify hostname: activate.navicat.com
javax.net.ssl.SSLPeerUnverifiedException: Certificate for <activate.navicat.com> doesn't match common name of the certificate subject: localhost
	at org.apache.zookeeper.common.ZKHostnameVerifier.matchCN(ZKHostnameVerifier.java:238)
	at org.apache.zookeeper.common.ZKHostnameVerifier.verify(ZKHostnameVerifier.java:184)
	at org.apache.zookeeper.common.ZKTrustManager.performHostVerification(ZKTrustManager.java:159)
	at org.apache.zookeeper.common.ZKTrustManager.checkServerTrusted(ZKTrustManager.java:90)
	at sun.security.ssl.ClientHandshaker.serverCertificate(ClientHandshaker.java:1670)
	at sun.security.ssl.ClientHandshaker.processMessage(ClientHandshaker.java:226)
	at sun.security.ssl.Handshaker.processLoop(Handshaker.java:1082)
	at sun.security.ssl.Handshaker.process_record(Handshaker.java:1010)
	at sun.security.ssl.SSLSocketImpl.readRecord(SSLSocketImpl.java:1079)
	at sun.security.ssl.SSLSocketImpl.performInitialHandshake(SSLSocketImpl.java:1388)
	at sun.security.ssl.SSLSocketImpl.startHandshake(SSLSocketImpl.java:1416)
	at sun.security.ssl.SSLSocketImpl.startHandshake(SSLSocketImpl.java:1400)
	at org.apache.zookeeper.client.FourLetterWordMain.send4LetterWord(FourLetterWordMain.java:105)
	at org.apache.zookeeper.client.FourLetterWordMain.send4LetterWord(FourLetterWordMain.java:73)
	at org.apache.zookeeper.test.ClientBase.waitForServerUp(ClientBase.java:261)
	at org.apache.zookeeper.test.ClientBase.startServerInstance(ClientBase.java:401)
	at org.apache.zookeeper.test.ClientBase.startServer(ClientBase.java:516)
	at org.apache.zookeeper.test.ClientBase.setUpWithServerId(ClientBase.java:499)
	at org.apache.zookeeper.test.ClientBase.setUp(ClientBase.java:474)
	at org.apache.zookeeper.test.SaslDigestAuthOverSSLTest.setUp(SaslDigestAuthOverSSLTest.java:62)
	at sun.reflect.NativeMethodAccessorImpl.invoke0(Native Method)
	at sun.reflect.NativeMethodAccessorImpl.invoke(NativeMethodAccessorImpl.java:62)
	at sun.reflect.DelegatingMethodAccessorImpl.invoke(DelegatingMethodAccessorImpl.java:43)
	at java.lang.reflect.Method.invoke(Method.java:498)
	at org.junit.runners.model.FrameworkMethod$1.runReflectiveCall(FrameworkMethod.java:50)
	at org.junit.internal.runners.model.ReflectiveCallable.run(ReflectiveCallable.java:12)
	at org.junit.runners.model.FrameworkMethod.invokeExplosively(FrameworkMethod.java:47)
	at mockit.integration.junit4.JUnit4TestRunnerDecorator.invokeExplosively(JUnit4TestRunnerDecorator.java:49)
	at mockit.integration.junit4.FakeFrameworkMethod.invokeExplosively(FakeFrameworkMethod.java:29)
	at org.junit.runners.model.FrameworkMethod.invokeExplosively(FrameworkMethod.java)
	at org.junit.internal.runners.statements.RunBefores.evaluate(RunBefores.java:24)
	at org.junit.internal.runners.statements.RunAfters.evaluate(RunAfters.java:27)
	at org.junit.rules.TestWatcher$1.evaluate(TestWatcher.java:55)
	at org.junit.rules.RunRules.evaluate(RunRules.java:20)
	at org.junit.runners.ParentRunner.runLeaf(ParentRunner.java:325)
	at org.junit.runners.BlockJUnit4ClassRunner.runChild(BlockJUnit4ClassRunner.java:78)
	at org.junit.runners.BlockJUnit4ClassRunner.runChild(BlockJUnit4ClassRunner.java:57)
	at org.junit.runners.ParentRunner$3.run(ParentRunner.java:290)
	at org.junit.runners.ParentRunner$1.schedule(ParentRunner.java:71)
	at org.junit.runners.ParentRunner.runChildren(ParentRunner.java:288)
	at org.junit.runners.ParentRunner.access$000(ParentRunner.java:58)
	at org.junit.runners.ParentRunner$2.evaluate(ParentRunner.java:268)
	at org.junit.internal.runners.statements.RunBefores.evaluate(RunBefores.java:26)
	at org.junit.runners.ParentRunner.run(ParentRunner.java:363)
	at org.apache.maven.surefire.junit4.JUnit4Provider.execute(JUnit4Provider.java:365)
	at org.apache.maven.surefire.junit4.JUnit4Provider.executeWithRerun(JUnit4Provider.java:273)
	at org.apache.maven.surefire.junit4.JUnit4Provider.executeTestSet(JUnit4Provider.java:238)
	at org.apache.maven.surefire.junit4.JUnit4Provider.invoke(JUnit4Provider.java:159)
	at org.apache.maven.surefire.booter.ForkedBooter.invokeProviderInSameClassLoader(ForkedBooter.java:384)
	at org.apache.maven.surefire.booter.ForkedBooter.runSuitesInProcess(ForkedBooter.java:345)
	at org.apache.maven.surefire.booter.ForkedBooter.execute(ForkedBooter.java:126)
	at org.apache.maven.surefire.booter.ForkedBooter.main(ForkedBooter.java:418)
2020-06-22 14:22:48,356 [myid:] - INFO  [main:ClientBase@270] - server 127.0.0.1:21995 not up
javax.net.ssl.SSLHandshakeException: java.security.cert.CertificateException: Failed to verify both host address and host name
	at sun.security.ssl.Alerts.getSSLException(Alerts.java:198)
	at sun.security.ssl.SSLSocketImpl.fatal(SSLSocketImpl.java:1967)
	at sun.security.ssl.Handshaker.fatalSE(Handshaker.java:331)
	at sun.security.ssl.Handshaker.fatalSE(Handshaker.java:325)
	at sun.security.ssl.ClientHandshaker.serverCertificate(ClientHandshaker.java:1688)
	at sun.security.ssl.ClientHandshaker.processMessage(ClientHandshaker.java:226)
	at sun.security.ssl.Handshaker.processLoop(Handshaker.java:1082)
	at sun.security.ssl.Handshaker.process_record(Handshaker.java:1010)
	at sun.security.ssl.SSLSocketImpl.readRecord(SSLSocketImpl.java:1079)
	at sun.security.ssl.SSLSocketImpl.performInitialHandshake(SSLSocketImpl.java:1388)
	at sun.security.ssl.SSLSocketImpl.startHandshake(SSLSocketImpl.java:1416)
	at sun.security.ssl.SSLSocketImpl.startHandshake(SSLSocketImpl.java:1400)
	at org.apache.zookeeper.client.FourLetterWordMain.send4LetterWord(FourLetterWordMain.java:105)
	at org.apache.zookeeper.client.FourLetterWordMain.send4LetterWord(FourLetterWordMain.java:73)
	at org.apache.zookeeper.test.ClientBase.waitForServerUp(ClientBase.java:261)
	at org.apache.zookeeper.test.ClientBase.startServerInstance(ClientBase.java:401)
	at org.apache.zookeeper.test.ClientBase.startServer(ClientBase.java:516)
	at org.apache.zookeeper.test.ClientBase.setUpWithServerId(ClientBase.java:499)
	at org.apache.zookeeper.test.ClientBase.setUp(ClientBase.java:474)
	at org.apache.zookeeper.test.SaslDigestAuthOverSSLTest.setUp(SaslDigestAuthOverSSLTest.java:62)
	at sun.reflect.NativeMethodAccessorImpl.invoke0(Native Method)
	at sun.reflect.NativeMethodAccessorImpl.invoke(NativeMethodAccessorImpl.java:62)
	at sun.reflect.DelegatingMethodAccessorImpl.invoke(DelegatingMethodAccessorImpl.java:43)
	at java.lang.reflect.Method.invoke(Method.java:498)
	at org.junit.runners.model.FrameworkMethod$1.runReflectiveCall(FrameworkMethod.java:50)
	at org.junit.internal.runners.model.ReflectiveCallable.run(ReflectiveCallable.java:12)
	at org.junit.runners.model.FrameworkMethod.invokeExplosively(FrameworkMethod.java:47)
	at mockit.integration.junit4.JUnit4TestRunnerDecorator.invokeExplosively(JUnit4TestRunnerDecorator.java:49)
	at mockit.integration.junit4.FakeFrameworkMethod.invokeExplosively(FakeFrameworkMethod.java:29)
	at org.junit.runners.model.FrameworkMethod.invokeExplosively(FrameworkMethod.java)
	at org.junit.internal.runners.statements.RunBefores.evaluate(RunBefores.java:24)
	at org.junit.internal.runners.statements.RunAfters.evaluate(RunAfters.java:27)
	at org.junit.rules.TestWatcher$1.evaluate(TestWatcher.java:55)
	at org.junit.rules.RunRules.evaluate(RunRules.java:20)
	at org.junit.runners.ParentRunner.runLeaf(ParentRunner.java:325)
	at org.junit.runners.BlockJUnit4ClassRunner.runChild(BlockJUnit4ClassRunner.java:78)
	at org.junit.runners.BlockJUnit4ClassRunner.runChild(BlockJUnit4ClassRunner.java:57)
	at org.junit.runners.ParentRunner$3.run(ParentRunner.java:290)
	at org.junit.runners.ParentRunner$1.schedule(ParentRunner.java:71)
	at org.junit.runners.ParentRunner.runChildren(ParentRunner.java:288)
	at org.junit.runners.ParentRunner.access$000(ParentRunner.java:58)
	at org.junit.runners.ParentRunner$2.evaluate(ParentRunner.java:268)
	at org.junit.internal.runners.statements.RunBefores.evaluate(RunBefores.java:26)
	at org.junit.runners.ParentRunner.run(ParentRunner.java:363)
	at org.apache.maven.surefire.junit4.JUnit4Provider.execute(JUnit4Provider.java:365)
	at org.apache.maven.surefire.junit4.JUnit4Provider.executeWithRerun(JUnit4Provider.java:273)
	at org.apache.maven.surefire.junit4.JUnit4Provider.executeTestSet(JUnit4Provider.java:238)
	at org.apache.maven.surefire.junit4.JUnit4Provider.invoke(JUnit4Provider.java:159)
	at org.apache.maven.surefire.booter.ForkedBooter.invokeProviderInSameClassLoader(ForkedBooter.java:384)
	at org.apache.maven.surefire.booter.ForkedBooter.runSuitesInProcess(ForkedBooter.java:345)
	at org.apache.maven.surefire.booter.ForkedBooter.execute(ForkedBooter.java:126)
	at org.apache.maven.surefire.booter.ForkedBooter.main(ForkedBooter.java:418)
Caused by: java.security.cert.CertificateException: Failed to verify both host address and host name
	at org.apache.zookeeper.common.ZKTrustManager.performHostVerification(ZKTrustManager.java:163)
	at org.apache.zookeeper.common.ZKTrustManager.checkServerTrusted(ZKTrustManager.java:90)
	at sun.security.ssl.ClientHandshaker.serverCertificate(ClientHandshaker.java:1670)
	... 47 more
Caused by: javax.net.ssl.SSLPeerUnverifiedException: Certificate for <activate.navicat.com> doesn't match common name of the certificate subject: localhost
	at org.apache.zookeeper.common.ZKHostnameVerifier.matchCN(ZKHostnameVerifier.java:238)
	at org.apache.zookeeper.common.ZKHostnameVerifier.verify(ZKHostnameVerifier.java:184)
	at org.apache.zookeeper.common.ZKTrustManager.performHostVerification(ZKTrustManager.java:159)
	... 49 more
2020-06-22 14:22:48,356 [myid:] - ERROR [nioEventLoopGroup-4-9:NettyServerCnxnFactory$CertificateVerifier@434] - Unsuccessful handshake with session 0x0
2020-06-22 14:22:48,357 [myid:] - WARN  [nioEventLoopGroup-4-9:NettyServerCnxnFactory$CnxnChannelHandler@273] - Exception caught
io.netty.handler.codec.DecoderException: javax.net.ssl.SSLException: Received fatal alert: certificate_unknown
	at io.netty.handler.codec.ByteToMessageDecoder.callDecode(ByteToMessageDecoder.java:468)
	at io.netty.handler.codec.ByteToMessageDecoder.channelRead(ByteToMessageDecoder.java:276)
	at io.netty.channel.AbstractChannelHandlerContext.invokeChannelRead(AbstractChannelHandlerContext.java:379)
	at io.netty.channel.AbstractChannelHandlerContext.invokeChannelRead(AbstractChannelHandlerContext.java:365)
	at io.netty.channel.AbstractChannelHandlerContext.fireChannelRead(AbstractChannelHandlerContext.java:357)
	at io.netty.channel.DefaultChannelPipeline$HeadContext.channelRead(DefaultChannelPipeline.java:1410)
	at io.netty.channel.AbstractChannelHandlerContext.invokeChannelRead(AbstractChannelHandlerContext.java:379)
	at io.netty.channel.AbstractChannelHandlerContext.invokeChannelRead(AbstractChannelHandlerContext.java:365)
	at io.netty.channel.DefaultChannelPipeline.fireChannelRead(DefaultChannelPipeline.java:919)
	at io.netty.channel.nio.AbstractNioByteChannel$NioByteUnsafe.read(AbstractNioByteChannel.java:163)
	at io.netty.channel.nio.NioEventLoop.processSelectedKey(NioEventLoop.java:714)
	at io.netty.channel.nio.NioEventLoop.processSelectedKeysOptimized(NioEventLoop.java:650)
	at io.netty.channel.nio.NioEventLoop.processSelectedKeys(NioEventLoop.java:576)
	at io.netty.channel.nio.NioEventLoop.run(NioEventLoop.java:493)
	at io.netty.util.concurrent.SingleThreadEventExecutor$4.run(SingleThreadEventExecutor.java:989)
	at io.netty.util.internal.ThreadExecutorMap$2.run(ThreadExecutorMap.java:74)
	at io.netty.util.concurrent.FastThreadLocalRunnable.run(FastThreadLocalRunnable.java:30)
	at java.lang.Thread.run(Thread.java:748)
Caused by: javax.net.ssl.SSLException: Received fatal alert: certificate_unknown
	at sun.security.ssl.Alerts.getSSLException(Alerts.java:214)
	at sun.security.ssl.SSLEngineImpl.fatal(SSLEngineImpl.java:1667)
	at sun.security.ssl.SSLEngineImpl.fatal(SSLEngineImpl.java:1635)
	at sun.security.ssl.SSLEngineImpl.recvAlert(SSLEngineImpl.java:1801)
	at sun.security.ssl.SSLEngineImpl.readRecord(SSLEngineImpl.java:1090)
	at sun.security.ssl.SSLEngineImpl.readNetRecord(SSLEngineImpl.java:913)
	at sun.security.ssl.SSLEngineImpl.unwrap(SSLEngineImpl.java:783)
	at javax.net.ssl.SSLEngine.unwrap(SSLEngine.java:626)
	at io.netty.handler.ssl.SslHandler$SslEngineType$3.unwrap(SslHandler.java:281)
	at io.netty.handler.ssl.SslHandler.unwrap(SslHandler.java:1340)
	at io.netty.handler.ssl.SslHandler.decodeJdkCompatible(SslHandler.java:1235)
	at io.netty.handler.ssl.SslHandler.decode(SslHandler.java:1282)
	at io.netty.handler.codec.ByteToMessageDecoder.decodeRemovalReentryProtection(ByteToMessageDecoder.java:498)
	at io.netty.handler.codec.ByteToMessageDecoder.callDecode(ByteToMessageDecoder.java:437)
	... 17 more
2020-06-22 14:22:48,358 [myid:] - WARN  [nioEventLoopGroup-4-9:NettyServerCnxnFactory$CnxnChannelHandler@273] - Exception caught
io.netty.handler.codec.DecoderException: javax.net.ssl.SSLException: Received fatal alert: certificate_unknown
	at io.netty.handler.codec.ByteToMessageDecoder.callDecode(ByteToMessageDecoder.java:468)
	at io.netty.handler.codec.ByteToMessageDecoder.channelInputClosed(ByteToMessageDecoder.java:401)
	at io.netty.handler.codec.ByteToMessageDecoder.channelInputClosed(ByteToMessageDecoder.java:368)
	at io.netty.handler.codec.ByteToMessageDecoder.channelInactive(ByteToMessageDecoder.java:351)
	at io.netty.handler.ssl.SslHandler.channelInactive(SslHandler.java:1084)
	at io.netty.channel.AbstractChannelHandlerContext.invokeChannelInactive(AbstractChannelHandlerContext.java:262)
	at io.netty.channel.AbstractChannelHandlerContext.invokeChannelInactive(AbstractChannelHandlerContext.java:248)
	at io.netty.channel.AbstractChannelHandlerContext.fireChannelInactive(AbstractChannelHandlerContext.java:241)
	at io.netty.channel.DefaultChannelPipeline$HeadContext.channelInactive(DefaultChannelPipeline.java:1405)
	at io.netty.channel.AbstractChannelHandlerContext.invokeChannelInactive(AbstractChannelHandlerContext.java:262)
	at io.netty.channel.AbstractChannelHandlerContext.invokeChannelInactive(AbstractChannelHandlerContext.java:248)
	at io.netty.channel.DefaultChannelPipeline.fireChannelInactive(DefaultChannelPipeline.java:901)
	at io.netty.channel.AbstractChannel$AbstractUnsafe$8.run(AbstractChannel.java:818)
	at io.netty.util.concurrent.AbstractEventExecutor.safeExecute(AbstractEventExecutor.java:164)
	at io.netty.util.concurrent.SingleThreadEventExecutor.runAllTasks(SingleThreadEventExecutor.java:472)
	at io.netty.channel.nio.NioEventLoop.run(NioEventLoop.java:497)
	at io.netty.util.concurrent.SingleThreadEventExecutor$4.run(SingleThreadEventExecutor.java:989)
	at io.netty.util.internal.ThreadExecutorMap$2.run(ThreadExecutorMap.java:74)
	at io.netty.util.concurrent.FastThreadLocalRunnable.run(FastThreadLocalRunnable.java:30)
	at java.lang.Thread.run(Thread.java:748)
Caused by: javax.net.ssl.SSLException: Received fatal alert: certificate_unknown
	at sun.security.ssl.Alerts.getSSLException(Alerts.java:214)
	at sun.security.ssl.SSLEngineImpl.fatal(SSLEngineImpl.java:1667)
	at sun.security.ssl.SSLEngineImpl.fatal(SSLEngineImpl.java:1635)
	at sun.security.ssl.SSLEngineImpl.recvAlert(SSLEngineImpl.java:1801)
	at sun.security.ssl.SSLEngineImpl.readRecord(SSLEngineImpl.java:1090)
	at sun.security.ssl.SSLEngineImpl.readNetRecord(SSLEngineImpl.java:913)
	at sun.security.ssl.SSLEngineImpl.unwrap(SSLEngineImpl.java:783)
	at javax.net.ssl.SSLEngine.unwrap(SSLEngine.java:626)
	at io.netty.handler.ssl.SslHandler$SslEngineType$3.unwrap(SslHandler.java:281)
	at io.netty.handler.ssl.SslHandler.unwrap(SslHandler.java:1340)
	at io.netty.handler.ssl.SslHandler.decodeJdkCompatible(SslHandler.java:1235)
	at io.netty.handler.ssl.SslHandler.decode(SslHandler.java:1282)
	at io.netty.handler.codec.ByteToMessageDecoder.decodeRemovalReentryProtection(ByteToMessageDecoder.java:498)
	at io.netty.handler.codec.ByteToMessageDecoder.callDecode(ByteToMessageDecoder.java:437)
	... 19 more
2020-06-22 14:22:48,606 [myid:] - INFO  [main:FourLetterWordMain@93] - connecting to 127.0.0.1 21995
2020-06-22 14:22:48,606 [myid:] - INFO  [main:FourLetterWordMain@99] - using secure socket
2020-06-22 14:22:48,617 [myid:] - ERROR [main:ZKTrustManager@161] - Failed to verify host address: 127.0.0.1
javax.net.ssl.SSLPeerUnverifiedException: Certificate for <127.0.0.1> doesn't match common name of the certificate subject: localhost
	at org.apache.zookeeper.common.ZKHostnameVerifier.matchCN(ZKHostnameVerifier.java:238)
	at org.apache.zookeeper.common.ZKHostnameVerifier.verify(ZKHostnameVerifier.java:184)
	at org.apache.zookeeper.common.ZKTrustManager.performHostVerification(ZKTrustManager.java:151)
	at org.apache.zookeeper.common.ZKTrustManager.checkServerTrusted(ZKTrustManager.java:90)
	at sun.security.ssl.ClientHandshaker.serverCertificate(ClientHandshaker.java:1670)
	at sun.security.ssl.ClientHandshaker.processMessage(ClientHandshaker.java:226)
	at sun.security.ssl.Handshaker.processLoop(Handshaker.java:1082)
	at sun.security.ssl.Handshaker.process_record(Handshaker.java:1010)
	at sun.security.ssl.SSLSocketImpl.readRecord(SSLSocketImpl.java:1079)
	at sun.security.ssl.SSLSocketImpl.performInitialHandshake(SSLSocketImpl.java:1388)
	at sun.security.ssl.SSLSocketImpl.startHandshake(SSLSocketImpl.java:1416)
	at sun.security.ssl.SSLSocketImpl.startHandshake(SSLSocketImpl.java:1400)
	at org.apache.zookeeper.client.FourLetterWordMain.send4LetterWord(FourLetterWordMain.java:105)
	at org.apache.zookeeper.client.FourLetterWordMain.send4LetterWord(FourLetterWordMain.java:73)
	at org.apache.zookeeper.test.ClientBase.waitForServerUp(ClientBase.java:261)
	at org.apache.zookeeper.test.ClientBase.startServerInstance(ClientBase.java:401)
	at org.apache.zookeeper.test.ClientBase.startServer(ClientBase.java:516)
	at org.apache.zookeeper.test.ClientBase.setUpWithServerId(ClientBase.java:499)
	at org.apache.zookeeper.test.ClientBase.setUp(ClientBase.java:474)
	at org.apache.zookeeper.test.SaslDigestAuthOverSSLTest.setUp(SaslDigestAuthOverSSLTest.java:62)
	at sun.reflect.NativeMethodAccessorImpl.invoke0(Native Method)
	at sun.reflect.NativeMethodAccessorImpl.invoke(NativeMethodAccessorImpl.java:62)
	at sun.reflect.DelegatingMethodAccessorImpl.invoke(DelegatingMethodAccessorImpl.java:43)
	at java.lang.reflect.Method.invoke(Method.java:498)
	at org.junit.runners.model.FrameworkMethod$1.runReflectiveCall(FrameworkMethod.java:50)
	at org.junit.internal.runners.model.ReflectiveCallable.run(ReflectiveCallable.java:12)
	at org.junit.runners.model.FrameworkMethod.invokeExplosively(FrameworkMethod.java:47)
	at mockit.integration.junit4.JUnit4TestRunnerDecorator.invokeExplosively(JUnit4TestRunnerDecorator.java:49)
	at mockit.integration.junit4.FakeFrameworkMethod.invokeExplosively(FakeFrameworkMethod.java:29)
	at org.junit.runners.model.FrameworkMethod.invokeExplosively(FrameworkMethod.java)
	at org.junit.internal.runners.statements.RunBefores.evaluate(RunBefores.java:24)
	at org.junit.internal.runners.statements.RunAfters.evaluate(RunAfters.java:27)
	at org.junit.rules.TestWatcher$1.evaluate(TestWatcher.java:55)
	at org.junit.rules.RunRules.evaluate(RunRules.java:20)
	at org.junit.runners.ParentRunner.runLeaf(ParentRunner.java:325)
	at org.junit.runners.BlockJUnit4ClassRunner.runChild(BlockJUnit4ClassRunner.java:78)
	at org.junit.runners.BlockJUnit4ClassRunner.runChild(BlockJUnit4ClassRunner.java:57)
	at org.junit.runners.ParentRunner$3.run(ParentRunner.java:290)
	at org.junit.runners.ParentRunner$1.schedule(ParentRunner.java:71)
	at org.junit.runners.ParentRunner.runChildren(ParentRunner.java:288)
	at org.junit.runners.ParentRunner.access$000(ParentRunner.java:58)
	at org.junit.runners.ParentRunner$2.evaluate(ParentRunner.java:268)
	at org.junit.internal.runners.statements.RunBefores.evaluate(RunBefores.java:26)
	at org.junit.runners.ParentRunner.run(ParentRunner.java:363)
	at org.apache.maven.surefire.junit4.JUnit4Provider.execute(JUnit4Provider.java:365)
	at org.apache.maven.surefire.junit4.JUnit4Provider.executeWithRerun(JUnit4Provider.java:273)
	at org.apache.maven.surefire.junit4.JUnit4Provider.executeTestSet(JUnit4Provider.java:238)
	at org.apache.maven.surefire.junit4.JUnit4Provider.invoke(JUnit4Provider.java:159)
	at org.apache.maven.surefire.booter.ForkedBooter.invokeProviderInSameClassLoader(ForkedBooter.java:384)
	at org.apache.maven.surefire.booter.ForkedBooter.runSuitesInProcess(ForkedBooter.java:345)
	at org.apache.maven.surefire.booter.ForkedBooter.execute(ForkedBooter.java:126)
	at org.apache.maven.surefire.booter.ForkedBooter.main(ForkedBooter.java:418)
2020-06-22 14:22:48,617 [myid:] - ERROR [main:ZKTrustManager@162] - Failed to verify hostname: activate.navicat.com
javax.net.ssl.SSLPeerUnverifiedException: Certificate for <activate.navicat.com> doesn't match common name of the certificate subject: localhost
	at org.apache.zookeeper.common.ZKHostnameVerifier.matchCN(ZKHostnameVerifier.java:238)
	at org.apache.zookeeper.common.ZKHostnameVerifier.verify(ZKHostnameVerifier.java:184)
	at org.apache.zookeeper.common.ZKTrustManager.performHostVerification(ZKTrustManager.java:159)
	at org.apache.zookeeper.common.ZKTrustManager.checkServerTrusted(ZKTrustManager.java:90)
	at sun.security.ssl.ClientHandshaker.serverCertificate(ClientHandshaker.java:1670)
	at sun.security.ssl.ClientHandshaker.processMessage(ClientHandshaker.java:226)
	at sun.security.ssl.Handshaker.processLoop(Handshaker.java:1082)
	at sun.security.ssl.Handshaker.process_record(Handshaker.java:1010)
	at sun.security.ssl.SSLSocketImpl.readRecord(SSLSocketImpl.java:1079)
	at sun.security.ssl.SSLSocketImpl.performInitialHandshake(SSLSocketImpl.java:1388)
	at sun.security.ssl.SSLSocketImpl.startHandshake(SSLSocketImpl.java:1416)
	at sun.security.ssl.SSLSocketImpl.startHandshake(SSLSocketImpl.java:1400)
	at org.apache.zookeeper.client.FourLetterWordMain.send4LetterWord(FourLetterWordMain.java:105)
	at org.apache.zookeeper.client.FourLetterWordMain.send4LetterWord(FourLetterWordMain.java:73)
	at org.apache.zookeeper.test.ClientBase.waitForServerUp(ClientBase.java:261)
	at org.apache.zookeeper.test.ClientBase.startServerInstance(ClientBase.java:401)
	at org.apache.zookeeper.test.ClientBase.startServer(ClientBase.java:516)
	at org.apache.zookeeper.test.ClientBase.setUpWithServerId(ClientBase.java:499)
	at org.apache.zookeeper.test.ClientBase.setUp(ClientBase.java:474)
	at org.apache.zookeeper.test.SaslDigestAuthOverSSLTest.setUp(SaslDigestAuthOverSSLTest.java:62)
	at sun.reflect.NativeMethodAccessorImpl.invoke0(Native Method)
	at sun.reflect.NativeMethodAccessorImpl.invoke(NativeMethodAccessorImpl.java:62)
	at sun.reflect.DelegatingMethodAccessorImpl.invoke(DelegatingMethodAccessorImpl.java:43)
	at java.lang.reflect.Method.invoke(Method.java:498)
	at org.junit.runners.model.FrameworkMethod$1.runReflectiveCall(FrameworkMethod.java:50)
	at org.junit.internal.runners.model.ReflectiveCallable.run(ReflectiveCallable.java:12)
	at org.junit.runners.model.FrameworkMethod.invokeExplosively(FrameworkMethod.java:47)
	at mockit.integration.junit4.JUnit4TestRunnerDecorator.invokeExplosively(JUnit4TestRunnerDecorator.java:49)
	at mockit.integration.junit4.FakeFrameworkMethod.invokeExplosively(FakeFrameworkMethod.java:29)
	at org.junit.runners.model.FrameworkMethod.invokeExplosively(FrameworkMethod.java)
	at org.junit.internal.runners.statements.RunBefores.evaluate(RunBefores.java:24)
	at org.junit.internal.runners.statements.RunAfters.evaluate(RunAfters.java:27)
	at org.junit.rules.TestWatcher$1.evaluate(TestWatcher.java:55)
	at org.junit.rules.RunRules.evaluate(RunRules.java:20)
	at org.junit.runners.ParentRunner.runLeaf(ParentRunner.java:325)
	at org.junit.runners.BlockJUnit4ClassRunner.runChild(BlockJUnit4ClassRunner.java:78)
	at org.junit.runners.BlockJUnit4ClassRunner.runChild(BlockJUnit4ClassRunner.java:57)
	at org.junit.runners.ParentRunner$3.run(ParentRunner.java:290)
	at org.junit.runners.ParentRunner$1.schedule(ParentRunner.java:71)
	at org.junit.runners.ParentRunner.runChildren(ParentRunner.java:288)
	at org.junit.runners.ParentRunner.access$000(ParentRunner.java:58)
	at org.junit.runners.ParentRunner$2.evaluate(ParentRunner.java:268)
	at org.junit.internal.runners.statements.RunBefores.evaluate(RunBefores.java:26)
	at org.junit.runners.ParentRunner.run(ParentRunner.java:363)
	at org.apache.maven.surefire.junit4.JUnit4Provider.execute(JUnit4Provider.java:365)
	at org.apache.maven.surefire.junit4.JUnit4Provider.executeWithRerun(JUnit4Provider.java:273)
	at org.apache.maven.surefire.junit4.JUnit4Provider.executeTestSet(JUnit4Provider.java:238)
	at org.apache.maven.surefire.junit4.JUnit4Provider.invoke(JUnit4Provider.java:159)
	at org.apache.maven.surefire.booter.ForkedBooter.invokeProviderInSameClassLoader(ForkedBooter.java:384)
	at org.apache.maven.surefire.booter.ForkedBooter.runSuitesInProcess(ForkedBooter.java:345)
	at org.apache.maven.surefire.booter.ForkedBooter.execute(ForkedBooter.java:126)
	at org.apache.maven.surefire.booter.ForkedBooter.main(ForkedBooter.java:418)
2020-06-22 14:22:48,618 [myid:] - INFO  [main:ClientBase@270] - server 127.0.0.1:21995 not up
javax.net.ssl.SSLHandshakeException: java.security.cert.CertificateException: Failed to verify both host address and host name
	at sun.security.ssl.Alerts.getSSLException(Alerts.java:198)
	at sun.security.ssl.SSLSocketImpl.fatal(SSLSocketImpl.java:1967)
	at sun.security.ssl.Handshaker.fatalSE(Handshaker.java:331)
	at sun.security.ssl.Handshaker.fatalSE(Handshaker.java:325)
	at sun.security.ssl.ClientHandshaker.serverCertificate(ClientHandshaker.java:1688)
	at sun.security.ssl.ClientHandshaker.processMessage(ClientHandshaker.java:226)
	at sun.security.ssl.Handshaker.processLoop(Handshaker.java:1082)
	at sun.security.ssl.Handshaker.process_record(Handshaker.java:1010)
	at sun.security.ssl.SSLSocketImpl.readRecord(SSLSocketImpl.java:1079)
	at sun.security.ssl.SSLSocketImpl.performInitialHandshake(SSLSocketImpl.java:1388)
	at sun.security.ssl.SSLSocketImpl.startHandshake(SSLSocketImpl.java:1416)
	at sun.security.ssl.SSLSocketImpl.startHandshake(SSLSocketImpl.java:1400)
	at org.apache.zookeeper.client.FourLetterWordMain.send4LetterWord(FourLetterWordMain.java:105)
	at org.apache.zookeeper.client.FourLetterWordMain.send4LetterWord(FourLetterWordMain.java:73)
	at org.apache.zookeeper.test.ClientBase.waitForServerUp(ClientBase.java:261)
	at org.apache.zookeeper.test.ClientBase.startServerInstance(ClientBase.java:401)
	at org.apache.zookeeper.test.ClientBase.startServer(ClientBase.java:516)
	at org.apache.zookeeper.test.ClientBase.setUpWithServerId(ClientBase.java:499)
	at org.apache.zookeeper.test.ClientBase.setUp(ClientBase.java:474)
	at org.apache.zookeeper.test.SaslDigestAuthOverSSLTest.setUp(SaslDigestAuthOverSSLTest.java:62)
	at sun.reflect.NativeMethodAccessorImpl.invoke0(Native Method)
	at sun.reflect.NativeMethodAccessorImpl.invoke(NativeMethodAccessorImpl.java:62)
	at sun.reflect.DelegatingMethodAccessorImpl.invoke(DelegatingMethodAccessorImpl.java:43)
	at java.lang.reflect.Method.invoke(Method.java:498)
	at org.junit.runners.model.FrameworkMethod$1.runReflectiveCall(FrameworkMethod.java:50)
	at org.junit.internal.runners.model.ReflectiveCallable.run(ReflectiveCallable.java:12)
	at org.junit.runners.model.FrameworkMethod.invokeExplosively(FrameworkMethod.java:47)
	at mockit.integration.junit4.JUnit4TestRunnerDecorator.invokeExplosively(JUnit4TestRunnerDecorator.java:49)
	at mockit.integration.junit4.FakeFrameworkMethod.invokeExplosively(FakeFrameworkMethod.java:29)
	at org.junit.runners.model.FrameworkMethod.invokeExplosively(FrameworkMethod.java)
	at org.junit.internal.runners.statements.RunBefores.evaluate(RunBefores.java:24)
	at org.junit.internal.runners.statements.RunAfters.evaluate(RunAfters.java:27)
	at org.junit.rules.TestWatcher$1.evaluate(TestWatcher.java:55)
	at org.junit.rules.RunRules.evaluate(RunRules.java:20)
	at org.junit.runners.ParentRunner.runLeaf(ParentRunner.java:325)
	at org.junit.runners.BlockJUnit4ClassRunner.runChild(BlockJUnit4ClassRunner.java:78)
	at org.junit.runners.BlockJUnit4ClassRunner.runChild(BlockJUnit4ClassRunner.java:57)
	at org.junit.runners.ParentRunner$3.run(ParentRunner.java:290)
	at org.junit.runners.ParentRunner$1.schedule(ParentRunner.java:71)
	at org.junit.runners.ParentRunner.runChildren(ParentRunner.java:288)
	at org.junit.runners.ParentRunner.access$000(ParentRunner.java:58)
	at org.junit.runners.ParentRunner$2.evaluate(ParentRunner.java:268)
	at org.junit.internal.runners.statements.RunBefores.evaluate(RunBefores.java:26)
	at org.junit.runners.ParentRunner.run(ParentRunner.java:363)
	at org.apache.maven.surefire.junit4.JUnit4Provider.execute(JUnit4Provider.java:365)
	at org.apache.maven.surefire.junit4.JUnit4Provider.executeWithRerun(JUnit4Provider.java:273)
	at org.apache.maven.surefire.junit4.JUnit4Provider.executeTestSet(JUnit4Provider.java:238)
	at org.apache.maven.surefire.junit4.JUnit4Provider.invoke(JUnit4Provider.java:159)
	at org.apache.maven.surefire.booter.ForkedBooter.invokeProviderInSameClassLoader(ForkedBooter.java:384)
	at org.apache.maven.surefire.booter.ForkedBooter.runSuitesInProcess(ForkedBooter.java:345)
	at org.apache.maven.surefire.booter.ForkedBooter.execute(ForkedBooter.java:126)
	at org.apache.maven.surefire.booter.ForkedBooter.main(ForkedBooter.java:418)
Caused by: java.security.cert.CertificateException: Failed to verify both host address and host name
	at org.apache.zookeeper.common.ZKTrustManager.performHostVerification(ZKTrustManager.java:163)
	at org.apache.zookeeper.common.ZKTrustManager.checkServerTrusted(ZKTrustManager.java:90)
	at sun.security.ssl.ClientHandshaker.serverCertificate(ClientHandshaker.java:1670)
	... 47 more
Caused by: javax.net.ssl.SSLPeerUnverifiedException: Certificate for <activate.navicat.com> doesn't match common name of the certificate subject: localhost
	at org.apache.zookeeper.common.ZKHostnameVerifier.matchCN(ZKHostnameVerifier.java:238)
	at org.apache.zookeeper.common.ZKHostnameVerifier.verify(ZKHostnameVerifier.java:184)
	at org.apache.zookeeper.common.ZKTrustManager.performHostVerification(ZKTrustManager.java:159)
	... 49 more
2020-06-22 14:22:48,618 [myid:] - ERROR [nioEventLoopGroup-4-10:NettyServerCnxnFactory$CertificateVerifier@434] - Unsuccessful handshake with session 0x0
2020-06-22 14:22:48,622 [myid:] - WARN  [nioEventLoopGroup-4-10:NettyServerCnxnFactory$CnxnChannelHandler@273] - Exception caught
io.netty.handler.codec.DecoderException: javax.net.ssl.SSLException: Received fatal alert: certificate_unknown
	at io.netty.handler.codec.ByteToMessageDecoder.callDecode(ByteToMessageDecoder.java:468)
	at io.netty.handler.codec.ByteToMessageDecoder.channelRead(ByteToMessageDecoder.java:276)
	at io.netty.channel.AbstractChannelHandlerContext.invokeChannelRead(AbstractChannelHandlerContext.java:379)
	at io.netty.channel.AbstractChannelHandlerContext.invokeChannelRead(AbstractChannelHandlerContext.java:365)
	at io.netty.channel.AbstractChannelHandlerContext.fireChannelRead(AbstractChannelHandlerContext.java:357)
	at io.netty.channel.DefaultChannelPipeline$HeadContext.channelRead(DefaultChannelPipeline.java:1410)
	at io.netty.channel.AbstractChannelHandlerContext.invokeChannelRead(AbstractChannelHandlerContext.java:379)
	at io.netty.channel.AbstractChannelHandlerContext.invokeChannelRead(AbstractChannelHandlerContext.java:365)
	at io.netty.channel.DefaultChannelPipeline.fireChannelRead(DefaultChannelPipeline.java:919)
	at io.netty.channel.nio.AbstractNioByteChannel$NioByteUnsafe.read(AbstractNioByteChannel.java:163)
	at io.netty.channel.nio.NioEventLoop.processSelectedKey(NioEventLoop.java:714)
	at io.netty.channel.nio.NioEventLoop.processSelectedKeysOptimized(NioEventLoop.java:650)
	at io.netty.channel.nio.NioEventLoop.processSelectedKeys(NioEventLoop.java:576)
	at io.netty.channel.nio.NioEventLoop.run(NioEventLoop.java:493)
	at io.netty.util.concurrent.SingleThreadEventExecutor$4.run(SingleThreadEventExecutor.java:989)
	at io.netty.util.internal.ThreadExecutorMap$2.run(ThreadExecutorMap.java:74)
	at io.netty.util.concurrent.FastThreadLocalRunnable.run(FastThreadLocalRunnable.java:30)
	at java.lang.Thread.run(Thread.java:748)
Caused by: javax.net.ssl.SSLException: Received fatal alert: certificate_unknown
	at sun.security.ssl.Alerts.getSSLException(Alerts.java:214)
	at sun.security.ssl.SSLEngineImpl.fatal(SSLEngineImpl.java:1667)
	at sun.security.ssl.SSLEngineImpl.fatal(SSLEngineImpl.java:1635)
	at sun.security.ssl.SSLEngineImpl.recvAlert(SSLEngineImpl.java:1801)
	at sun.security.ssl.SSLEngineImpl.readRecord(SSLEngineImpl.java:1090)
	at sun.security.ssl.SSLEngineImpl.readNetRecord(SSLEngineImpl.java:913)
	at sun.security.ssl.SSLEngineImpl.unwrap(SSLEngineImpl.java:783)
	at javax.net.ssl.SSLEngine.unwrap(SSLEngine.java:626)
	at io.netty.handler.ssl.SslHandler$SslEngineType$3.unwrap(SslHandler.java:281)
	at io.netty.handler.ssl.SslHandler.unwrap(SslHandler.java:1340)
	at io.netty.handler.ssl.SslHandler.decodeJdkCompatible(SslHandler.java:1235)
	at io.netty.handler.ssl.SslHandler.decode(SslHandler.java:1282)
	at io.netty.handler.codec.ByteToMessageDecoder.decodeRemovalReentryProtection(ByteToMessageDecoder.java:498)
	at io.netty.handler.codec.ByteToMessageDecoder.callDecode(ByteToMessageDecoder.java:437)
	... 17 more
2020-06-22 14:22:48,623 [myid:] - WARN  [nioEventLoopGroup-4-10:NettyServerCnxnFactory$CnxnChannelHandler@273] - Exception caught
io.netty.handler.codec.DecoderException: javax.net.ssl.SSLException: Received fatal alert: certificate_unknown
	at io.netty.handler.codec.ByteToMessageDecoder.callDecode(ByteToMessageDecoder.java:468)
	at io.netty.handler.codec.ByteToMessageDecoder.channelInputClosed(ByteToMessageDecoder.java:401)
	at io.netty.handler.codec.ByteToMessageDecoder.channelInputClosed(ByteToMessageDecoder.java:368)
	at io.netty.handler.codec.ByteToMessageDecoder.channelInactive(ByteToMessageDecoder.java:351)
	at io.netty.handler.ssl.SslHandler.channelInactive(SslHandler.java:1084)
	at io.netty.channel.AbstractChannelHandlerContext.invokeChannelInactive(AbstractChannelHandlerContext.java:262)
	at io.netty.channel.AbstractChannelHandlerContext.invokeChannelInactive(AbstractChannelHandlerContext.java:248)
	at io.netty.channel.AbstractChannelHandlerContext.fireChannelInactive(AbstractChannelHandlerContext.java:241)
	at io.netty.channel.DefaultChannelPipeline$HeadContext.channelInactive(DefaultChannelPipeline.java:1405)
	at io.netty.channel.AbstractChannelHandlerContext.invokeChannelInactive(AbstractChannelHandlerContext.java:262)
	at io.netty.channel.AbstractChannelHandlerContext.invokeChannelInactive(AbstractChannelHandlerContext.java:248)
	at io.netty.channel.DefaultChannelPipeline.fireChannelInactive(DefaultChannelPipeline.java:901)
	at io.netty.channel.AbstractChannel$AbstractUnsafe$8.run(AbstractChannel.java:818)
	at io.netty.util.concurrent.AbstractEventExecutor.safeExecute(AbstractEventExecutor.java:164)
	at io.netty.util.concurrent.SingleThreadEventExecutor.runAllTasks(SingleThreadEventExecutor.java:472)
	at io.netty.channel.nio.NioEventLoop.run(NioEventLoop.java:497)
	at io.netty.util.concurrent.SingleThreadEventExecutor$4.run(SingleThreadEventExecutor.java:989)
	at io.netty.util.internal.ThreadExecutorMap$2.run(ThreadExecutorMap.java:74)
	at io.netty.util.concurrent.FastThreadLocalRunnable.run(FastThreadLocalRunnable.java:30)
	at java.lang.Thread.run(Thread.java:748)
Caused by: javax.net.ssl.SSLException: Received fatal alert: certificate_unknown
	at sun.security.ssl.Alerts.getSSLException(Alerts.java:214)
	at sun.security.ssl.SSLEngineImpl.fatal(SSLEngineImpl.java:1667)
	at sun.security.ssl.SSLEngineImpl.fatal(SSLEngineImpl.java:1635)
	at sun.security.ssl.SSLEngineImpl.recvAlert(SSLEngineImpl.java:1801)
	at sun.security.ssl.SSLEngineImpl.readRecord(SSLEngineImpl.java:1090)
	at sun.security.ssl.SSLEngineImpl.readNetRecord(SSLEngineImpl.java:913)
	at sun.security.ssl.SSLEngineImpl.unwrap(SSLEngineImpl.java:783)
	at javax.net.ssl.SSLEngine.unwrap(SSLEngine.java:626)
	at io.netty.handler.ssl.SslHandler$SslEngineType$3.unwrap(SslHandler.java:281)
	at io.netty.handler.ssl.SslHandler.unwrap(SslHandler.java:1340)
	at io.netty.handler.ssl.SslHandler.decodeJdkCompatible(SslHandler.java:1235)
	at io.netty.handler.ssl.SslHandler.decode(SslHandler.java:1282)
	at io.netty.handler.codec.ByteToMessageDecoder.decodeRemovalReentryProtection(ByteToMessageDecoder.java:498)
	at io.netty.handler.codec.ByteToMessageDecoder.callDecode(ByteToMessageDecoder.java:437)
	... 19 more
2020-06-22 14:22:48,871 [myid:] - INFO  [main:FourLetterWordMain@93] - connecting to 127.0.0.1 21995
2020-06-22 14:22:48,871 [myid:] - INFO  [main:FourLetterWordMain@99] - using secure socket
2020-06-22 14:22:48,886 [myid:] - ERROR [main:ZKTrustManager@161] - Failed to verify host address: 127.0.0.1
javax.net.ssl.SSLPeerUnverifiedException: Certificate for <127.0.0.1> doesn't match common name of the certificate subject: localhost
	at org.apache.zookeeper.common.ZKHostnameVerifier.matchCN(ZKHostnameVerifier.java:238)
	at org.apache.zookeeper.common.ZKHostnameVerifier.verify(ZKHostnameVerifier.java:184)
	at org.apache.zookeeper.common.ZKTrustManager.performHostVerification(ZKTrustManager.java:151)
	at org.apache.zookeeper.common.ZKTrustManager.checkServerTrusted(ZKTrustManager.java:90)
	at sun.security.ssl.ClientHandshaker.serverCertificate(ClientHandshaker.java:1670)
	at sun.security.ssl.ClientHandshaker.processMessage(ClientHandshaker.java:226)
	at sun.security.ssl.Handshaker.processLoop(Handshaker.java:1082)
	at sun.security.ssl.Handshaker.process_record(Handshaker.java:1010)
	at sun.security.ssl.SSLSocketImpl.readRecord(SSLSocketImpl.java:1079)
	at sun.security.ssl.SSLSocketImpl.performInitialHandshake(SSLSocketImpl.java:1388)
	at sun.security.ssl.SSLSocketImpl.startHandshake(SSLSocketImpl.java:1416)
	at sun.security.ssl.SSLSocketImpl.startHandshake(SSLSocketImpl.java:1400)
	at org.apache.zookeeper.client.FourLetterWordMain.send4LetterWord(FourLetterWordMain.java:105)
	at org.apache.zookeeper.client.FourLetterWordMain.send4LetterWord(FourLetterWordMain.java:73)
	at org.apache.zookeeper.test.ClientBase.waitForServerUp(ClientBase.java:261)
	at org.apache.zookeeper.test.ClientBase.startServerInstance(ClientBase.java:401)
	at org.apache.zookeeper.test.ClientBase.startServer(ClientBase.java:516)
	at org.apache.zookeeper.test.ClientBase.setUpWithServerId(ClientBase.java:499)
	at org.apache.zookeeper.test.ClientBase.setUp(ClientBase.java:474)
	at org.apache.zookeeper.test.SaslDigestAuthOverSSLTest.setUp(SaslDigestAuthOverSSLTest.java:62)
	at sun.reflect.NativeMethodAccessorImpl.invoke0(Native Method)
	at sun.reflect.NativeMethodAccessorImpl.invoke(NativeMethodAccessorImpl.java:62)
	at sun.reflect.DelegatingMethodAccessorImpl.invoke(DelegatingMethodAccessorImpl.java:43)
	at java.lang.reflect.Method.invoke(Method.java:498)
	at org.junit.runners.model.FrameworkMethod$1.runReflectiveCall(FrameworkMethod.java:50)
	at org.junit.internal.runners.model.ReflectiveCallable.run(ReflectiveCallable.java:12)
	at org.junit.runners.model.FrameworkMethod.invokeExplosively(FrameworkMethod.java:47)
	at mockit.integration.junit4.JUnit4TestRunnerDecorator.invokeExplosively(JUnit4TestRunnerDecorator.java:49)
	at mockit.integration.junit4.FakeFrameworkMethod.invokeExplosively(FakeFrameworkMethod.java:29)
	at org.junit.runners.model.FrameworkMethod.invokeExplosively(FrameworkMethod.java)
	at org.junit.internal.runners.statements.RunBefores.evaluate(RunBefores.java:24)
	at org.junit.internal.runners.statements.RunAfters.evaluate(RunAfters.java:27)
	at org.junit.rules.TestWatcher$1.evaluate(TestWatcher.java:55)
	at org.junit.rules.RunRules.evaluate(RunRules.java:20)
	at org.junit.runners.ParentRunner.runLeaf(ParentRunner.java:325)
	at org.junit.runners.BlockJUnit4ClassRunner.runChild(BlockJUnit4ClassRunner.java:78)
	at org.junit.runners.BlockJUnit4ClassRunner.runChild(BlockJUnit4ClassRunner.java:57)
	at org.junit.runners.ParentRunner$3.run(ParentRunner.java:290)
	at org.junit.runners.ParentRunner$1.schedule(ParentRunner.java:71)
	at org.junit.runners.ParentRunner.runChildren(ParentRunner.java:288)
	at org.junit.runners.ParentRunner.access$000(ParentRunner.java:58)
	at org.junit.runners.ParentRunner$2.evaluate(ParentRunner.java:268)
	at org.junit.internal.runners.statements.RunBefores.evaluate(RunBefores.java:26)
	at org.junit.runners.ParentRunner.run(ParentRunner.java:363)
	at org.apache.maven.surefire.junit4.JUnit4Provider.execute(JUnit4Provider.java:365)
	at org.apache.maven.surefire.junit4.JUnit4Provider.executeWithRerun(JUnit4Provider.java:273)
	at org.apache.maven.surefire.junit4.JUnit4Provider.executeTestSet(JUnit4Provider.java:238)
	at org.apache.maven.surefire.junit4.JUnit4Provider.invoke(JUnit4Provider.java:159)
	at org.apache.maven.surefire.booter.ForkedBooter.invokeProviderInSameClassLoader(ForkedBooter.java:384)
	at org.apache.maven.surefire.booter.ForkedBooter.runSuitesInProcess(ForkedBooter.java:345)
	at org.apache.maven.surefire.booter.ForkedBooter.execute(ForkedBooter.java:126)
	at org.apache.maven.surefire.booter.ForkedBooter.main(ForkedBooter.java:418)
2020-06-22 14:22:48,886 [myid:] - ERROR [main:ZKTrustManager@162] - Failed to verify hostname: activate.navicat.com
javax.net.ssl.SSLPeerUnverifiedException: Certificate for <activate.navicat.com> doesn't match common name of the certificate subject: localhost
	at org.apache.zookeeper.common.ZKHostnameVerifier.matchCN(ZKHostnameVerifier.java:238)
	at org.apache.zookeeper.common.ZKHostnameVerifier.verify(ZKHostnameVerifier.java:184)
	at org.apache.zookeeper.common.ZKTrustManager.performHostVerification(ZKTrustManager.java:159)
	at org.apache.zookeeper.common.ZKTrustManager.checkServerTrusted(ZKTrustManager.java:90)
	at sun.security.ssl.ClientHandshaker.serverCertificate(ClientHandshaker.java:1670)
	at sun.security.ssl.ClientHandshaker.processMessage(ClientHandshaker.java:226)
	at sun.security.ssl.Handshaker.processLoop(Handshaker.java:1082)
	at sun.security.ssl.Handshaker.process_record(Handshaker.java:1010)
	at sun.security.ssl.SSLSocketImpl.readRecord(SSLSocketImpl.java:1079)
	at sun.security.ssl.SSLSocketImpl.performInitialHandshake(SSLSocketImpl.java:1388)
	at sun.security.ssl.SSLSocketImpl.startHandshake(SSLSocketImpl.java:1416)
	at sun.security.ssl.SSLSocketImpl.startHandshake(SSLSocketImpl.java:1400)
	at org.apache.zookeeper.client.FourLetterWordMain.send4LetterWord(FourLetterWordMain.java:105)
	at org.apache.zookeeper.client.FourLetterWordMain.send4LetterWord(FourLetterWordMain.java:73)
	at org.apache.zookeeper.test.ClientBase.waitForServerUp(ClientBase.java:261)
	at org.apache.zookeeper.test.ClientBase.startServerInstance(ClientBase.java:401)
	at org.apache.zookeeper.test.ClientBase.startServer(ClientBase.java:516)
	at org.apache.zookeeper.test.ClientBase.setUpWithServerId(ClientBase.java:499)
	at org.apache.zookeeper.test.ClientBase.setUp(ClientBase.java:474)
	at org.apache.zookeeper.test.SaslDigestAuthOverSSLTest.setUp(SaslDigestAuthOverSSLTest.java:62)
	at sun.reflect.NativeMethodAccessorImpl.invoke0(Native Method)
	at sun.reflect.NativeMethodAccessorImpl.invoke(NativeMethodAccessorImpl.java:62)
	at sun.reflect.DelegatingMethodAccessorImpl.invoke(DelegatingMethodAccessorImpl.java:43)
	at java.lang.reflect.Method.invoke(Method.java:498)
	at org.junit.runners.model.FrameworkMethod$1.runReflectiveCall(FrameworkMethod.java:50)
	at org.junit.internal.runners.model.ReflectiveCallable.run(ReflectiveCallable.java:12)
	at org.junit.runners.model.FrameworkMethod.invokeExplosively(FrameworkMethod.java:47)
	at mockit.integration.junit4.JUnit4TestRunnerDecorator.invokeExplosively(JUnit4TestRunnerDecorator.java:49)
	at mockit.integration.junit4.FakeFrameworkMethod.invokeExplosively(FakeFrameworkMethod.java:29)
	at org.junit.runners.model.FrameworkMethod.invokeExplosively(FrameworkMethod.java)
	at org.junit.internal.runners.statements.RunBefores.evaluate(RunBefores.java:24)
	at org.junit.internal.runners.statements.RunAfters.evaluate(RunAfters.java:27)
	at org.junit.rules.TestWatcher$1.evaluate(TestWatcher.java:55)
	at org.junit.rules.RunRules.evaluate(RunRules.java:20)
	at org.junit.runners.ParentRunner.runLeaf(ParentRunner.java:325)
	at org.junit.runners.BlockJUnit4ClassRunner.runChild(BlockJUnit4ClassRunner.java:78)
	at org.junit.runners.BlockJUnit4ClassRunner.runChild(BlockJUnit4ClassRunner.java:57)
	at org.junit.runners.ParentRunner$3.run(ParentRunner.java:290)
	at org.junit.runners.ParentRunner$1.schedule(ParentRunner.java:71)
	at org.junit.runners.ParentRunner.runChildren(ParentRunner.java:288)
	at org.junit.runners.ParentRunner.access$000(ParentRunner.java:58)
	at org.junit.runners.ParentRunner$2.evaluate(ParentRunner.java:268)
	at org.junit.internal.runners.statements.RunBefores.evaluate(RunBefores.java:26)
	at org.junit.runners.ParentRunner.run(ParentRunner.java:363)
	at org.apache.maven.surefire.junit4.JUnit4Provider.execute(JUnit4Provider.java:365)
	at org.apache.maven.surefire.junit4.JUnit4Provider.executeWithRerun(JUnit4Provider.java:273)
	at org.apache.maven.surefire.junit4.JUnit4Provider.executeTestSet(JUnit4Provider.java:238)
	at org.apache.maven.surefire.junit4.JUnit4Provider.invoke(JUnit4Provider.java:159)
	at org.apache.maven.surefire.booter.ForkedBooter.invokeProviderInSameClassLoader(ForkedBooter.java:384)
	at org.apache.maven.surefire.booter.ForkedBooter.runSuitesInProcess(ForkedBooter.java:345)
	at org.apache.maven.surefire.booter.ForkedBooter.execute(ForkedBooter.java:126)
	at org.apache.maven.surefire.booter.ForkedBooter.main(ForkedBooter.java:418)
2020-06-22 14:22:48,888 [myid:] - INFO  [main:ClientBase@270] - server 127.0.0.1:21995 not up
javax.net.ssl.SSLHandshakeException: java.security.cert.CertificateException: Failed to verify both host address and host name
	at sun.security.ssl.Alerts.getSSLException(Alerts.java:198)
	at sun.security.ssl.SSLSocketImpl.fatal(SSLSocketImpl.java:1967)
	at sun.security.ssl.Handshaker.fatalSE(Handshaker.java:331)
	at sun.security.ssl.Handshaker.fatalSE(Handshaker.java:325)
	at sun.security.ssl.ClientHandshaker.serverCertificate(ClientHandshaker.java:1688)
	at sun.security.ssl.ClientHandshaker.processMessage(ClientHandshaker.java:226)
	at sun.security.ssl.Handshaker.processLoop(Handshaker.java:1082)
	at sun.security.ssl.Handshaker.process_record(Handshaker.java:1010)
	at sun.security.ssl.SSLSocketImpl.readRecord(SSLSocketImpl.java:1079)
	at sun.security.ssl.SSLSocketImpl.performInitialHandshake(SSLSocketImpl.java:1388)
	at sun.security.ssl.SSLSocketImpl.startHandshake(SSLSocketImpl.java:1416)
	at sun.security.ssl.SSLSocketImpl.startHandshake(SSLSocketImpl.java:1400)
	at org.apache.zookeeper.client.FourLetterWordMain.send4LetterWord(FourLetterWordMain.java:105)
	at org.apache.zookeeper.client.FourLetterWordMain.send4LetterWord(FourLetterWordMain.java:73)
	at org.apache.zookeeper.test.ClientBase.waitForServerUp(ClientBase.java:261)
	at org.apache.zookeeper.test.ClientBase.startServerInstance(ClientBase.java:401)
	at org.apache.zookeeper.test.ClientBase.startServer(ClientBase.java:516)
	at org.apache.zookeeper.test.ClientBase.setUpWithServerId(ClientBase.java:499)
	at org.apache.zookeeper.test.ClientBase.setUp(ClientBase.java:474)
	at org.apache.zookeeper.test.SaslDigestAuthOverSSLTest.setUp(SaslDigestAuthOverSSLTest.java:62)
	at sun.reflect.NativeMethodAccessorImpl.invoke0(Native Method)
	at sun.reflect.NativeMethodAccessorImpl.invoke(NativeMethodAccessorImpl.java:62)
	at sun.reflect.DelegatingMethodAccessorImpl.invoke(DelegatingMethodAccessorImpl.java:43)
	at java.lang.reflect.Method.invoke(Method.java:498)
	at org.junit.runners.model.FrameworkMethod$1.runReflectiveCall(FrameworkMethod.java:50)
	at org.junit.internal.runners.model.ReflectiveCallable.run(ReflectiveCallable.java:12)
	at org.junit.runners.model.FrameworkMethod.invokeExplosively(FrameworkMethod.java:47)
	at mockit.integration.junit4.JUnit4TestRunnerDecorator.invokeExplosively(JUnit4TestRunnerDecorator.java:49)
	at mockit.integration.junit4.FakeFrameworkMethod.invokeExplosively(FakeFrameworkMethod.java:29)
	at org.junit.runners.model.FrameworkMethod.invokeExplosively(FrameworkMethod.java)
	at org.junit.internal.runners.statements.RunBefores.evaluate(RunBefores.java:24)
	at org.junit.internal.runners.statements.RunAfters.evaluate(RunAfters.java:27)
	at org.junit.rules.TestWatcher$1.evaluate(TestWatcher.java:55)
	at org.junit.rules.RunRules.evaluate(RunRules.java:20)
	at org.junit.runners.ParentRunner.runLeaf(ParentRunner.java:325)
	at org.junit.runners.BlockJUnit4ClassRunner.runChild(BlockJUnit4ClassRunner.java:78)
	at org.junit.runners.BlockJUnit4ClassRunner.runChild(BlockJUnit4ClassRunner.java:57)
	at org.junit.runners.ParentRunner$3.run(ParentRunner.java:290)
	at org.junit.runners.ParentRunner$1.schedule(ParentRunner.java:71)
	at org.junit.runners.ParentRunner.runChildren(ParentRunner.java:288)
	at org.junit.runners.ParentRunner.access$000(ParentRunner.java:58)
	at org.junit.runners.ParentRunner$2.evaluate(ParentRunner.java:268)
	at org.junit.internal.runners.statements.RunBefores.evaluate(RunBefores.java:26)
	at org.junit.runners.ParentRunner.run(ParentRunner.java:363)
	at org.apache.maven.surefire.junit4.JUnit4Provider.execute(JUnit4Provider.java:365)
	at org.apache.maven.surefire.junit4.JUnit4Provider.executeWithRerun(JUnit4Provider.java:273)
	at org.apache.maven.surefire.junit4.JUnit4Provider.executeTestSet(JUnit4Provider.java:238)
	at org.apache.maven.surefire.junit4.JUnit4Provider.invoke(JUnit4Provider.java:159)
	at org.apache.maven.surefire.booter.ForkedBooter.invokeProviderInSameClassLoader(ForkedBooter.java:384)
	at org.apache.maven.surefire.booter.ForkedBooter.runSuitesInProcess(ForkedBooter.java:345)
	at org.apache.maven.surefire.booter.ForkedBooter.execute(ForkedBooter.java:126)
	at org.apache.maven.surefire.booter.ForkedBooter.main(ForkedBooter.java:418)
Caused by: java.security.cert.CertificateException: Failed to verify both host address and host name
	at org.apache.zookeeper.common.ZKTrustManager.performHostVerification(ZKTrustManager.java:163)
	at org.apache.zookeeper.common.ZKTrustManager.checkServerTrusted(ZKTrustManager.java:90)
	at sun.security.ssl.ClientHandshaker.serverCertificate(ClientHandshaker.java:1670)
	... 47 more
Caused by: javax.net.ssl.SSLPeerUnverifiedException: Certificate for <activate.navicat.com> doesn't match common name of the certificate subject: localhost
	at org.apache.zookeeper.common.ZKHostnameVerifier.matchCN(ZKHostnameVerifier.java:238)
	at org.apache.zookeeper.common.ZKHostnameVerifier.verify(ZKHostnameVerifier.java:184)
	at org.apache.zookeeper.common.ZKTrustManager.performHostVerification(ZKTrustManager.java:159)
	... 49 more
2020-06-22 14:22:48,888 [myid:] - ERROR [nioEventLoopGroup-4-11:NettyServerCnxnFactory$CertificateVerifier@434] - Unsuccessful handshake with session 0x0
2020-06-22 14:22:48,890 [myid:] - WARN  [nioEventLoopGroup-4-11:NettyServerCnxnFactory$CnxnChannelHandler@273] - Exception caught
io.netty.handler.codec.DecoderException: javax.net.ssl.SSLException: Received fatal alert: certificate_unknown
	at io.netty.handler.codec.ByteToMessageDecoder.callDecode(ByteToMessageDecoder.java:468)
	at io.netty.handler.codec.ByteToMessageDecoder.channelRead(ByteToMessageDecoder.java:276)
	at io.netty.channel.AbstractChannelHandlerContext.invokeChannelRead(AbstractChannelHandlerContext.java:379)
	at io.netty.channel.AbstractChannelHandlerContext.invokeChannelRead(AbstractChannelHandlerContext.java:365)
	at io.netty.channel.AbstractChannelHandlerContext.fireChannelRead(AbstractChannelHandlerContext.java:357)
	at io.netty.channel.DefaultChannelPipeline$HeadContext.channelRead(DefaultChannelPipeline.java:1410)
	at io.netty.channel.AbstractChannelHandlerContext.invokeChannelRead(AbstractChannelHandlerContext.java:379)
	at io.netty.channel.AbstractChannelHandlerContext.invokeChannelRead(AbstractChannelHandlerContext.java:365)
	at io.netty.channel.DefaultChannelPipeline.fireChannelRead(DefaultChannelPipeline.java:919)
	at io.netty.channel.nio.AbstractNioByteChannel$NioByteUnsafe.read(AbstractNioByteChannel.java:163)
	at io.netty.channel.nio.NioEventLoop.processSelectedKey(NioEventLoop.java:714)
	at io.netty.channel.nio.NioEventLoop.processSelectedKeysOptimized(NioEventLoop.java:650)
	at io.netty.channel.nio.NioEventLoop.processSelectedKeys(NioEventLoop.java:576)
	at io.netty.channel.nio.NioEventLoop.run(NioEventLoop.java:493)
	at io.netty.util.concurrent.SingleThreadEventExecutor$4.run(SingleThreadEventExecutor.java:989)
	at io.netty.util.internal.ThreadExecutorMap$2.run(ThreadExecutorMap.java:74)
	at io.netty.util.concurrent.FastThreadLocalRunnable.run(FastThreadLocalRunnable.java:30)
	at java.lang.Thread.run(Thread.java:748)
Caused by: javax.net.ssl.SSLException: Received fatal alert: certificate_unknown
	at sun.security.ssl.Alerts.getSSLException(Alerts.java:214)
	at sun.security.ssl.SSLEngineImpl.fatal(SSLEngineImpl.java:1667)
	at sun.security.ssl.SSLEngineImpl.fatal(SSLEngineImpl.java:1635)
	at sun.security.ssl.SSLEngineImpl.recvAlert(SSLEngineImpl.java:1801)
	at sun.security.ssl.SSLEngineImpl.readRecord(SSLEngineImpl.java:1090)
	at sun.security.ssl.SSLEngineImpl.readNetRecord(SSLEngineImpl.java:913)
	at sun.security.ssl.SSLEngineImpl.unwrap(SSLEngineImpl.java:783)
	at javax.net.ssl.SSLEngine.unwrap(SSLEngine.java:626)
	at io.netty.handler.ssl.SslHandler$SslEngineType$3.unwrap(SslHandler.java:281)
	at io.netty.handler.ssl.SslHandler.unwrap(SslHandler.java:1340)
	at io.netty.handler.ssl.SslHandler.decodeJdkCompatible(SslHandler.java:1235)
	at io.netty.handler.ssl.SslHandler.decode(SslHandler.java:1282)
	at io.netty.handler.codec.ByteToMessageDecoder.decodeRemovalReentryProtection(ByteToMessageDecoder.java:498)
	at io.netty.handler.codec.ByteToMessageDecoder.callDecode(ByteToMessageDecoder.java:437)
	... 17 more
2020-06-22 14:22:48,891 [myid:] - WARN  [nioEventLoopGroup-4-11:NettyServerCnxnFactory$CnxnChannelHandler@273] - Exception caught
io.netty.handler.codec.DecoderException: javax.net.ssl.SSLException: Received fatal alert: certificate_unknown
	at io.netty.handler.codec.ByteToMessageDecoder.callDecode(ByteToMessageDecoder.java:468)
	at io.netty.handler.codec.ByteToMessageDecoder.channelInputClosed(ByteToMessageDecoder.java:401)
	at io.netty.handler.codec.ByteToMessageDecoder.channelInputClosed(ByteToMessageDecoder.java:368)
	at io.netty.handler.codec.ByteToMessageDecoder.channelInactive(ByteToMessageDecoder.java:351)
	at io.netty.handler.ssl.SslHandler.channelInactive(SslHandler.java:1084)
	at io.netty.channel.AbstractChannelHandlerContext.invokeChannelInactive(AbstractChannelHandlerContext.java:262)
	at io.netty.channel.AbstractChannelHandlerContext.invokeChannelInactive(AbstractChannelHandlerContext.java:248)
	at io.netty.channel.AbstractChannelHandlerContext.fireChannelInactive(AbstractChannelHandlerContext.java:241)
	at io.netty.channel.DefaultChannelPipeline$HeadContext.channelInactive(DefaultChannelPipeline.java:1405)
	at io.netty.channel.AbstractChannelHandlerContext.invokeChannelInactive(AbstractChannelHandlerContext.java:262)
	at io.netty.channel.AbstractChannelHandlerContext.invokeChannelInactive(AbstractChannelHandlerContext.java:248)
	at io.netty.channel.DefaultChannelPipeline.fireChannelInactive(DefaultChannelPipeline.java:901)
	at io.netty.channel.AbstractChannel$AbstractUnsafe$8.run(AbstractChannel.java:818)
	at io.netty.util.concurrent.AbstractEventExecutor.safeExecute(AbstractEventExecutor.java:164)
	at io.netty.util.concurrent.SingleThreadEventExecutor.runAllTasks(SingleThreadEventExecutor.java:472)
	at io.netty.channel.nio.NioEventLoop.run(NioEventLoop.java:497)
	at io.netty.util.concurrent.SingleThreadEventExecutor$4.run(SingleThreadEventExecutor.java:989)
	at io.netty.util.internal.ThreadExecutorMap$2.run(ThreadExecutorMap.java:74)
	at io.netty.util.concurrent.FastThreadLocalRunnable.run(FastThreadLocalRunnable.java:30)
	at java.lang.Thread.run(Thread.java:748)
Caused by: javax.net.ssl.SSLException: Received fatal alert: certificate_unknown
	at sun.security.ssl.Alerts.getSSLException(Alerts.java:214)
	at sun.security.ssl.SSLEngineImpl.fatal(SSLEngineImpl.java:1667)
	at sun.security.ssl.SSLEngineImpl.fatal(SSLEngineImpl.java:1635)
	at sun.security.ssl.SSLEngineImpl.recvAlert(SSLEngineImpl.java:1801)
	at sun.security.ssl.SSLEngineImpl.readRecord(SSLEngineImpl.java:1090)
	at sun.security.ssl.SSLEngineImpl.readNetRecord(SSLEngineImpl.java:913)
	at sun.security.ssl.SSLEngineImpl.unwrap(SSLEngineImpl.java:783)
	at javax.net.ssl.SSLEngine.unwrap(SSLEngine.java:626)
	at io.netty.handler.ssl.SslHandler$SslEngineType$3.unwrap(SslHandler.java:281)
	at io.netty.handler.ssl.SslHandler.unwrap(SslHandler.java:1340)
	at io.netty.handler.ssl.SslHandler.decodeJdkCompatible(SslHandler.java:1235)
	at io.netty.handler.ssl.SslHandler.decode(SslHandler.java:1282)
	at io.netty.handler.codec.ByteToMessageDecoder.decodeRemovalReentryProtection(ByteToMessageDecoder.java:498)
	at io.netty.handler.codec.ByteToMessageDecoder.callDecode(ByteToMessageDecoder.java:437)
	... 19 more
2020-06-22 14:22:49,139 [myid:] - INFO  [main:FourLetterWordMain@93] - connecting to 127.0.0.1 21995
2020-06-22 14:22:49,139 [myid:] - INFO  [main:FourLetterWordMain@99] - using secure socket
2020-06-22 14:22:49,148 [myid:] - ERROR [main:ZKTrustManager@161] - Failed to verify host address: 127.0.0.1
javax.net.ssl.SSLPeerUnverifiedException: Certificate for <127.0.0.1> doesn't match common name of the certificate subject: localhost
	at org.apache.zookeeper.common.ZKHostnameVerifier.matchCN(ZKHostnameVerifier.java:238)
	at org.apache.zookeeper.common.ZKHostnameVerifier.verify(ZKHostnameVerifier.java:184)
	at org.apache.zookeeper.common.ZKTrustManager.performHostVerification(ZKTrustManager.java:151)
	at org.apache.zookeeper.common.ZKTrustManager.checkServerTrusted(ZKTrustManager.java:90)
	at sun.security.ssl.ClientHandshaker.serverCertificate(ClientHandshaker.java:1670)
	at sun.security.ssl.ClientHandshaker.processMessage(ClientHandshaker.java:226)
	at sun.security.ssl.Handshaker.processLoop(Handshaker.java:1082)
	at sun.security.ssl.Handshaker.process_record(Handshaker.java:1010)
	at sun.security.ssl.SSLSocketImpl.readRecord(SSLSocketImpl.java:1079)
	at sun.security.ssl.SSLSocketImpl.performInitialHandshake(SSLSocketImpl.java:1388)
	at sun.security.ssl.SSLSocketImpl.startHandshake(SSLSocketImpl.java:1416)
	at sun.security.ssl.SSLSocketImpl.startHandshake(SSLSocketImpl.java:1400)
	at org.apache.zookeeper.client.FourLetterWordMain.send4LetterWord(FourLetterWordMain.java:105)
	at org.apache.zookeeper.client.FourLetterWordMain.send4LetterWord(FourLetterWordMain.java:73)
	at org.apache.zookeeper.test.ClientBase.waitForServerUp(ClientBase.java:261)
	at org.apache.zookeeper.test.ClientBase.startServerInstance(ClientBase.java:401)
	at org.apache.zookeeper.test.ClientBase.startServer(ClientBase.java:516)
	at org.apache.zookeeper.test.ClientBase.setUpWithServerId(ClientBase.java:499)
	at org.apache.zookeeper.test.ClientBase.setUp(ClientBase.java:474)
	at org.apache.zookeeper.test.SaslDigestAuthOverSSLTest.setUp(SaslDigestAuthOverSSLTest.java:62)
	at sun.reflect.NativeMethodAccessorImpl.invoke0(Native Method)
	at sun.reflect.NativeMethodAccessorImpl.invoke(NativeMethodAccessorImpl.java:62)
	at sun.reflect.DelegatingMethodAccessorImpl.invoke(DelegatingMethodAccessorImpl.java:43)
	at java.lang.reflect.Method.invoke(Method.java:498)
	at org.junit.runners.model.FrameworkMethod$1.runReflectiveCall(FrameworkMethod.java:50)
	at org.junit.internal.runners.model.ReflectiveCallable.run(ReflectiveCallable.java:12)
	at org.junit.runners.model.FrameworkMethod.invokeExplosively(FrameworkMethod.java:47)
	at mockit.integration.junit4.JUnit4TestRunnerDecorator.invokeExplosively(JUnit4TestRunnerDecorator.java:49)
	at mockit.integration.junit4.FakeFrameworkMethod.invokeExplosively(FakeFrameworkMethod.java:29)
	at org.junit.runners.model.FrameworkMethod.invokeExplosively(FrameworkMethod.java)
	at org.junit.internal.runners.statements.RunBefores.evaluate(RunBefores.java:24)
	at org.junit.internal.runners.statements.RunAfters.evaluate(RunAfters.java:27)
	at org.junit.rules.TestWatcher$1.evaluate(TestWatcher.java:55)
	at org.junit.rules.RunRules.evaluate(RunRules.java:20)
	at org.junit.runners.ParentRunner.runLeaf(ParentRunner.java:325)
	at org.junit.runners.BlockJUnit4ClassRunner.runChild(BlockJUnit4ClassRunner.java:78)
	at org.junit.runners.BlockJUnit4ClassRunner.runChild(BlockJUnit4ClassRunner.java:57)
	at org.junit.runners.ParentRunner$3.run(ParentRunner.java:290)
	at org.junit.runners.ParentRunner$1.schedule(ParentRunner.java:71)
	at org.junit.runners.ParentRunner.runChildren(ParentRunner.java:288)
	at org.junit.runners.ParentRunner.access$000(ParentRunner.java:58)
	at org.junit.runners.ParentRunner$2.evaluate(ParentRunner.java:268)
	at org.junit.internal.runners.statements.RunBefores.evaluate(RunBefores.java:26)
	at org.junit.runners.ParentRunner.run(ParentRunner.java:363)
	at org.apache.maven.surefire.junit4.JUnit4Provider.execute(JUnit4Provider.java:365)
	at org.apache.maven.surefire.junit4.JUnit4Provider.executeWithRerun(JUnit4Provider.java:273)
	at org.apache.maven.surefire.junit4.JUnit4Provider.executeTestSet(JUnit4Provider.java:238)
	at org.apache.maven.surefire.junit4.JUnit4Provider.invoke(JUnit4Provider.java:159)
	at org.apache.maven.surefire.booter.ForkedBooter.invokeProviderInSameClassLoader(ForkedBooter.java:384)
	at org.apache.maven.surefire.booter.ForkedBooter.runSuitesInProcess(ForkedBooter.java:345)
	at org.apache.maven.surefire.booter.ForkedBooter.execute(ForkedBooter.java:126)
	at org.apache.maven.surefire.booter.ForkedBooter.main(ForkedBooter.java:418)
2020-06-22 14:22:49,149 [myid:] - ERROR [main:ZKTrustManager@162] - Failed to verify hostname: activate.navicat.com
javax.net.ssl.SSLPeerUnverifiedException: Certificate for <activate.navicat.com> doesn't match common name of the certificate subject: localhost
	at org.apache.zookeeper.common.ZKHostnameVerifier.matchCN(ZKHostnameVerifier.java:238)
	at org.apache.zookeeper.common.ZKHostnameVerifier.verify(ZKHostnameVerifier.java:184)
	at org.apache.zookeeper.common.ZKTrustManager.performHostVerification(ZKTrustManager.java:159)
	at org.apache.zookeeper.common.ZKTrustManager.checkServerTrusted(ZKTrustManager.java:90)
	at sun.security.ssl.ClientHandshaker.serverCertificate(ClientHandshaker.java:1670)
	at sun.security.ssl.ClientHandshaker.processMessage(ClientHandshaker.java:226)
	at sun.security.ssl.Handshaker.processLoop(Handshaker.java:1082)
	at sun.security.ssl.Handshaker.process_record(Handshaker.java:1010)
	at sun.security.ssl.SSLSocketImpl.readRecord(SSLSocketImpl.java:1079)
	at sun.security.ssl.SSLSocketImpl.performInitialHandshake(SSLSocketImpl.java:1388)
	at sun.security.ssl.SSLSocketImpl.startHandshake(SSLSocketImpl.java:1416)
	at sun.security.ssl.SSLSocketImpl.startHandshake(SSLSocketImpl.java:1400)
	at org.apache.zookeeper.client.FourLetterWordMain.send4LetterWord(FourLetterWordMain.java:105)
	at org.apache.zookeeper.client.FourLetterWordMain.send4LetterWord(FourLetterWordMain.java:73)
	at org.apache.zookeeper.test.ClientBase.waitForServerUp(ClientBase.java:261)
	at org.apache.zookeeper.test.ClientBase.startServerInstance(ClientBase.java:401)
	at org.apache.zookeeper.test.ClientBase.startServer(ClientBase.java:516)
	at org.apache.zookeeper.test.ClientBase.setUpWithServerId(ClientBase.java:499)
	at org.apache.zookeeper.test.ClientBase.setUp(ClientBase.java:474)
	at org.apache.zookeeper.test.SaslDigestAuthOverSSLTest.setUp(SaslDigestAuthOverSSLTest.java:62)
	at sun.reflect.NativeMethodAccessorImpl.invoke0(Native Method)
	at sun.reflect.NativeMethodAccessorImpl.invoke(NativeMethodAccessorImpl.java:62)
	at sun.reflect.DelegatingMethodAccessorImpl.invoke(DelegatingMethodAccessorImpl.java:43)
	at java.lang.reflect.Method.invoke(Method.java:498)
	at org.junit.runners.model.FrameworkMethod$1.runReflectiveCall(FrameworkMethod.java:50)
	at org.junit.internal.runners.model.ReflectiveCallable.run(ReflectiveCallable.java:12)
	at org.junit.runners.model.FrameworkMethod.invokeExplosively(FrameworkMethod.java:47)
	at mockit.integration.junit4.JUnit4TestRunnerDecorator.invokeExplosively(JUnit4TestRunnerDecorator.java:49)
	at mockit.integration.junit4.FakeFrameworkMethod.invokeExplosively(FakeFrameworkMethod.java:29)
	at org.junit.runners.model.FrameworkMethod.invokeExplosively(FrameworkMethod.java)
	at org.junit.internal.runners.statements.RunBefores.evaluate(RunBefores.java:24)
	at org.junit.internal.runners.statements.RunAfters.evaluate(RunAfters.java:27)
	at org.junit.rules.TestWatcher$1.evaluate(TestWatcher.java:55)
	at org.junit.rules.RunRules.evaluate(RunRules.java:20)
	at org.junit.runners.ParentRunner.runLeaf(ParentRunner.java:325)
	at org.junit.runners.BlockJUnit4ClassRunner.runChild(BlockJUnit4ClassRunner.java:78)
	at org.junit.runners.BlockJUnit4ClassRunner.runChild(BlockJUnit4ClassRunner.java:57)
	at org.junit.runners.ParentRunner$3.run(ParentRunner.java:290)
	at org.junit.runners.ParentRunner$1.schedule(ParentRunner.java:71)
	at org.junit.runners.ParentRunner.runChildren(ParentRunner.java:288)
	at org.junit.runners.ParentRunner.access$000(ParentRunner.java:58)
	at org.junit.runners.ParentRunner$2.evaluate(ParentRunner.java:268)
	at org.junit.internal.runners.statements.RunBefores.evaluate(RunBefores.java:26)
	at org.junit.runners.ParentRunner.run(ParentRunner.java:363)
	at org.apache.maven.surefire.junit4.JUnit4Provider.execute(JUnit4Provider.java:365)
	at org.apache.maven.surefire.junit4.JUnit4Provider.executeWithRerun(JUnit4Provider.java:273)
	at org.apache.maven.surefire.junit4.JUnit4Provider.executeTestSet(JUnit4Provider.java:238)
	at org.apache.maven.surefire.junit4.JUnit4Provider.invoke(JUnit4Provider.java:159)
	at org.apache.maven.surefire.booter.ForkedBooter.invokeProviderInSameClassLoader(ForkedBooter.java:384)
	at org.apache.maven.surefire.booter.ForkedBooter.runSuitesInProcess(ForkedBooter.java:345)
	at org.apache.maven.surefire.booter.ForkedBooter.execute(ForkedBooter.java:126)
	at org.apache.maven.surefire.booter.ForkedBooter.main(ForkedBooter.java:418)
2020-06-22 14:22:49,149 [myid:] - INFO  [main:ClientBase@270] - server 127.0.0.1:21995 not up
javax.net.ssl.SSLHandshakeException: java.security.cert.CertificateException: Failed to verify both host address and host name
	at sun.security.ssl.Alerts.getSSLException(Alerts.java:198)
	at sun.security.ssl.SSLSocketImpl.fatal(SSLSocketImpl.java:1967)
	at sun.security.ssl.Handshaker.fatalSE(Handshaker.java:331)
	at sun.security.ssl.Handshaker.fatalSE(Handshaker.java:325)
	at sun.security.ssl.ClientHandshaker.serverCertificate(ClientHandshaker.java:1688)
	at sun.security.ssl.ClientHandshaker.processMessage(ClientHandshaker.java:226)
	at sun.security.ssl.Handshaker.processLoop(Handshaker.java:1082)
	at sun.security.ssl.Handshaker.process_record(Handshaker.java:1010)
	at sun.security.ssl.SSLSocketImpl.readRecord(SSLSocketImpl.java:1079)
	at sun.security.ssl.SSLSocketImpl.performInitialHandshake(SSLSocketImpl.java:1388)
	at sun.security.ssl.SSLSocketImpl.startHandshake(SSLSocketImpl.java:1416)
	at sun.security.ssl.SSLSocketImpl.startHandshake(SSLSocketImpl.java:1400)
	at org.apache.zookeeper.client.FourLetterWordMain.send4LetterWord(FourLetterWordMain.java:105)
	at org.apache.zookeeper.client.FourLetterWordMain.send4LetterWord(FourLetterWordMain.java:73)
	at org.apache.zookeeper.test.ClientBase.waitForServerUp(ClientBase.java:261)
	at org.apache.zookeeper.test.ClientBase.startServerInstance(ClientBase.java:401)
	at org.apache.zookeeper.test.ClientBase.startServer(ClientBase.java:516)
	at org.apache.zookeeper.test.ClientBase.setUpWithServerId(ClientBase.java:499)
	at org.apache.zookeeper.test.ClientBase.setUp(ClientBase.java:474)
	at org.apache.zookeeper.test.SaslDigestAuthOverSSLTest.setUp(SaslDigestAuthOverSSLTest.java:62)
	at sun.reflect.NativeMethodAccessorImpl.invoke0(Native Method)
	at sun.reflect.NativeMethodAccessorImpl.invoke(NativeMethodAccessorImpl.java:62)
	at sun.reflect.DelegatingMethodAccessorImpl.invoke(DelegatingMethodAccessorImpl.java:43)
	at java.lang.reflect.Method.invoke(Method.java:498)
	at org.junit.runners.model.FrameworkMethod$1.runReflectiveCall(FrameworkMethod.java:50)
	at org.junit.internal.runners.model.ReflectiveCallable.run(ReflectiveCallable.java:12)
	at org.junit.runners.model.FrameworkMethod.invokeExplosively(FrameworkMethod.java:47)
	at mockit.integration.junit4.JUnit4TestRunnerDecorator.invokeExplosively(JUnit4TestRunnerDecorator.java:49)
	at mockit.integration.junit4.FakeFrameworkMethod.invokeExplosively(FakeFrameworkMethod.java:29)
	at org.junit.runners.model.FrameworkMethod.invokeExplosively(FrameworkMethod.java)
	at org.junit.internal.runners.statements.RunBefores.evaluate(RunBefores.java:24)
	at org.junit.internal.runners.statements.RunAfters.evaluate(RunAfters.java:27)
	at org.junit.rules.TestWatcher$1.evaluate(TestWatcher.java:55)
	at org.junit.rules.RunRules.evaluate(RunRules.java:20)
	at org.junit.runners.ParentRunner.runLeaf(ParentRunner.java:325)
	at org.junit.runners.BlockJUnit4ClassRunner.runChild(BlockJUnit4ClassRunner.java:78)
	at org.junit.runners.BlockJUnit4ClassRunner.runChild(BlockJUnit4ClassRunner.java:57)
	at org.junit.runners.ParentRunner$3.run(ParentRunner.java:290)
	at org.junit.runners.ParentRunner$1.schedule(ParentRunner.java:71)
	at org.junit.runners.ParentRunner.runChildren(ParentRunner.java:288)
	at org.junit.runners.ParentRunner.access$000(ParentRunner.java:58)
	at org.junit.runners.ParentRunner$2.evaluate(ParentRunner.java:268)
	at org.junit.internal.runners.statements.RunBefores.evaluate(RunBefores.java:26)
	at org.junit.runners.ParentRunner.run(ParentRunner.java:363)
	at org.apache.maven.surefire.junit4.JUnit4Provider.execute(JUnit4Provider.java:365)
	at org.apache.maven.surefire.junit4.JUnit4Provider.executeWithRerun(JUnit4Provider.java:273)
	at org.apache.maven.surefire.junit4.JUnit4Provider.executeTestSet(JUnit4Provider.java:238)
	at org.apache.maven.surefire.junit4.JUnit4Provider.invoke(JUnit4Provider.java:159)
	at org.apache.maven.surefire.booter.ForkedBooter.invokeProviderInSameClassLoader(ForkedBooter.java:384)
	at org.apache.maven.surefire.booter.ForkedBooter.runSuitesInProcess(ForkedBooter.java:345)
	at org.apache.maven.surefire.booter.ForkedBooter.execute(ForkedBooter.java:126)
	at org.apache.maven.surefire.booter.ForkedBooter.main(ForkedBooter.java:418)
Caused by: java.security.cert.CertificateException: Failed to verify both host address and host name
	at org.apache.zookeeper.common.ZKTrustManager.performHostVerification(ZKTrustManager.java:163)
	at org.apache.zookeeper.common.ZKTrustManager.checkServerTrusted(ZKTrustManager.java:90)
	at sun.security.ssl.ClientHandshaker.serverCertificate(ClientHandshaker.java:1670)
	... 47 more
Caused by: javax.net.ssl.SSLPeerUnverifiedException: Certificate for <activate.navicat.com> doesn't match common name of the certificate subject: localhost
	at org.apache.zookeeper.common.ZKHostnameVerifier.matchCN(ZKHostnameVerifier.java:238)
	at org.apache.zookeeper.common.ZKHostnameVerifier.verify(ZKHostnameVerifier.java:184)
	at org.apache.zookeeper.common.ZKTrustManager.performHostVerification(ZKTrustManager.java:159)
	... 49 more
2020-06-22 14:22:49,149 [myid:] - ERROR [nioEventLoopGroup-4-12:NettyServerCnxnFactory$CertificateVerifier@434] - Unsuccessful handshake with session 0x0
2020-06-22 14:22:49,150 [myid:] - WARN  [nioEventLoopGroup-4-12:NettyServerCnxnFactory$CnxnChannelHandler@273] - Exception caught
io.netty.handler.codec.DecoderException: javax.net.ssl.SSLException: Received fatal alert: certificate_unknown
	at io.netty.handler.codec.ByteToMessageDecoder.callDecode(ByteToMessageDecoder.java:468)
	at io.netty.handler.codec.ByteToMessageDecoder.channelRead(ByteToMessageDecoder.java:276)
	at io.netty.channel.AbstractChannelHandlerContext.invokeChannelRead(AbstractChannelHandlerContext.java:379)
	at io.netty.channel.AbstractChannelHandlerContext.invokeChannelRead(AbstractChannelHandlerContext.java:365)
	at io.netty.channel.AbstractChannelHandlerContext.fireChannelRead(AbstractChannelHandlerContext.java:357)
	at io.netty.channel.DefaultChannelPipeline$HeadContext.channelRead(DefaultChannelPipeline.java:1410)
	at io.netty.channel.AbstractChannelHandlerContext.invokeChannelRead(AbstractChannelHandlerContext.java:379)
	at io.netty.channel.AbstractChannelHandlerContext.invokeChannelRead(AbstractChannelHandlerContext.java:365)
	at io.netty.channel.DefaultChannelPipeline.fireChannelRead(DefaultChannelPipeline.java:919)
	at io.netty.channel.nio.AbstractNioByteChannel$NioByteUnsafe.read(AbstractNioByteChannel.java:163)
	at io.netty.channel.nio.NioEventLoop.processSelectedKey(NioEventLoop.java:714)
	at io.netty.channel.nio.NioEventLoop.processSelectedKeysOptimized(NioEventLoop.java:650)
	at io.netty.channel.nio.NioEventLoop.processSelectedKeys(NioEventLoop.java:576)
	at io.netty.channel.nio.NioEventLoop.run(NioEventLoop.java:493)
	at io.netty.util.concurrent.SingleThreadEventExecutor$4.run(SingleThreadEventExecutor.java:989)
	at io.netty.util.internal.ThreadExecutorMap$2.run(ThreadExecutorMap.java:74)
	at io.netty.util.concurrent.FastThreadLocalRunnable.run(FastThreadLocalRunnable.java:30)
	at java.lang.Thread.run(Thread.java:748)
Caused by: javax.net.ssl.SSLException: Received fatal alert: certificate_unknown
	at sun.security.ssl.Alerts.getSSLException(Alerts.java:214)
	at sun.security.ssl.SSLEngineImpl.fatal(SSLEngineImpl.java:1667)
	at sun.security.ssl.SSLEngineImpl.fatal(SSLEngineImpl.java:1635)
	at sun.security.ssl.SSLEngineImpl.recvAlert(SSLEngineImpl.java:1801)
	at sun.security.ssl.SSLEngineImpl.readRecord(SSLEngineImpl.java:1090)
	at sun.security.ssl.SSLEngineImpl.readNetRecord(SSLEngineImpl.java:913)
	at sun.security.ssl.SSLEngineImpl.unwrap(SSLEngineImpl.java:783)
	at javax.net.ssl.SSLEngine.unwrap(SSLEngine.java:626)
	at io.netty.handler.ssl.SslHandler$SslEngineType$3.unwrap(SslHandler.java:281)
	at io.netty.handler.ssl.SslHandler.unwrap(SslHandler.java:1340)
	at io.netty.handler.ssl.SslHandler.decodeJdkCompatible(SslHandler.java:1235)
	at io.netty.handler.ssl.SslHandler.decode(SslHandler.java:1282)
	at io.netty.handler.codec.ByteToMessageDecoder.decodeRemovalReentryProtection(ByteToMessageDecoder.java:498)
	at io.netty.handler.codec.ByteToMessageDecoder.callDecode(ByteToMessageDecoder.java:437)
	... 17 more
2020-06-22 14:22:49,151 [myid:] - WARN  [nioEventLoopGroup-4-12:NettyServerCnxnFactory$CnxnChannelHandler@273] - Exception caught
io.netty.handler.codec.DecoderException: javax.net.ssl.SSLException: Received fatal alert: certificate_unknown
	at io.netty.handler.codec.ByteToMessageDecoder.callDecode(ByteToMessageDecoder.java:468)
	at io.netty.handler.codec.ByteToMessageDecoder.channelInputClosed(ByteToMessageDecoder.java:401)
	at io.netty.handler.codec.ByteToMessageDecoder.channelInputClosed(ByteToMessageDecoder.java:368)
	at io.netty.handler.codec.ByteToMessageDecoder.channelInactive(ByteToMessageDecoder.java:351)
	at io.netty.handler.ssl.SslHandler.channelInactive(SslHandler.java:1084)
	at io.netty.channel.AbstractChannelHandlerContext.invokeChannelInactive(AbstractChannelHandlerContext.java:262)
	at io.netty.channel.AbstractChannelHandlerContext.invokeChannelInactive(AbstractChannelHandlerContext.java:248)
	at io.netty.channel.AbstractChannelHandlerContext.fireChannelInactive(AbstractChannelHandlerContext.java:241)
	at io.netty.channel.DefaultChannelPipeline$HeadContext.channelInactive(DefaultChannelPipeline.java:1405)
	at io.netty.channel.AbstractChannelHandlerContext.invokeChannelInactive(AbstractChannelHandlerContext.java:262)
	at io.netty.channel.AbstractChannelHandlerContext.invokeChannelInactive(AbstractChannelHandlerContext.java:248)
	at io.netty.channel.DefaultChannelPipeline.fireChannelInactive(DefaultChannelPipeline.java:901)
	at io.netty.channel.AbstractChannel$AbstractUnsafe$8.run(AbstractChannel.java:818)
	at io.netty.util.concurrent.AbstractEventExecutor.safeExecute(AbstractEventExecutor.java:164)
	at io.netty.util.concurrent.SingleThreadEventExecutor.runAllTasks(SingleThreadEventExecutor.java:472)
	at io.netty.channel.nio.NioEventLoop.run(NioEventLoop.java:497)
	at io.netty.util.concurrent.SingleThreadEventExecutor$4.run(SingleThreadEventExecutor.java:989)
	at io.netty.util.internal.ThreadExecutorMap$2.run(ThreadExecutorMap.java:74)
	at io.netty.util.concurrent.FastThreadLocalRunnable.run(FastThreadLocalRunnable.java:30)
	at java.lang.Thread.run(Thread.java:748)
Caused by: javax.net.ssl.SSLException: Received fatal alert: certificate_unknown
	at sun.security.ssl.Alerts.getSSLException(Alerts.java:214)
	at sun.security.ssl.SSLEngineImpl.fatal(SSLEngineImpl.java:1667)
	at sun.security.ssl.SSLEngineImpl.fatal(SSLEngineImpl.java:1635)
	at sun.security.ssl.SSLEngineImpl.recvAlert(SSLEngineImpl.java:1801)
	at sun.security.ssl.SSLEngineImpl.readRecord(SSLEngineImpl.java:1090)
	at sun.security.ssl.SSLEngineImpl.readNetRecord(SSLEngineImpl.java:913)
	at sun.security.ssl.SSLEngineImpl.unwrap(SSLEngineImpl.java:783)
	at javax.net.ssl.SSLEngine.unwrap(SSLEngine.java:626)
	at io.netty.handler.ssl.SslHandler$SslEngineType$3.unwrap(SslHandler.java:281)
	at io.netty.handler.ssl.SslHandler.unwrap(SslHandler.java:1340)
	at io.netty.handler.ssl.SslHandler.decodeJdkCompatible(SslHandler.java:1235)
	at io.netty.handler.ssl.SslHandler.decode(SslHandler.java:1282)
	at io.netty.handler.codec.ByteToMessageDecoder.decodeRemovalReentryProtection(ByteToMessageDecoder.java:498)
	at io.netty.handler.codec.ByteToMessageDecoder.callDecode(ByteToMessageDecoder.java:437)
	... 19 more
2020-06-22 14:22:49,399 [myid:] - INFO  [main:FourLetterWordMain@93] - connecting to 127.0.0.1 21995
2020-06-22 14:22:49,399 [myid:] - INFO  [main:FourLetterWordMain@99] - using secure socket
2020-06-22 14:22:49,407 [myid:] - ERROR [main:ZKTrustManager@161] - Failed to verify host address: 127.0.0.1
javax.net.ssl.SSLPeerUnverifiedException: Certificate for <127.0.0.1> doesn't match common name of the certificate subject: localhost
	at org.apache.zookeeper.common.ZKHostnameVerifier.matchCN(ZKHostnameVerifier.java:238)
	at org.apache.zookeeper.common.ZKHostnameVerifier.verify(ZKHostnameVerifier.java:184)
	at org.apache.zookeeper.common.ZKTrustManager.performHostVerification(ZKTrustManager.java:151)
	at org.apache.zookeeper.common.ZKTrustManager.checkServerTrusted(ZKTrustManager.java:90)
	at sun.security.ssl.ClientHandshaker.serverCertificate(ClientHandshaker.java:1670)
	at sun.security.ssl.ClientHandshaker.processMessage(ClientHandshaker.java:226)
	at sun.security.ssl.Handshaker.processLoop(Handshaker.java:1082)
	at sun.security.ssl.Handshaker.process_record(Handshaker.java:1010)
	at sun.security.ssl.SSLSocketImpl.readRecord(SSLSocketImpl.java:1079)
	at sun.security.ssl.SSLSocketImpl.performInitialHandshake(SSLSocketImpl.java:1388)
	at sun.security.ssl.SSLSocketImpl.startHandshake(SSLSocketImpl.java:1416)
	at sun.security.ssl.SSLSocketImpl.startHandshake(SSLSocketImpl.java:1400)
	at org.apache.zookeeper.client.FourLetterWordMain.send4LetterWord(FourLetterWordMain.java:105)
	at org.apache.zookeeper.client.FourLetterWordMain.send4LetterWord(FourLetterWordMain.java:73)
	at org.apache.zookeeper.test.ClientBase.waitForServerUp(ClientBase.java:261)
	at org.apache.zookeeper.test.ClientBase.startServerInstance(ClientBase.java:401)
	at org.apache.zookeeper.test.ClientBase.startServer(ClientBase.java:516)
	at org.apache.zookeeper.test.ClientBase.setUpWithServerId(ClientBase.java:499)
	at org.apache.zookeeper.test.ClientBase.setUp(ClientBase.java:474)
	at org.apache.zookeeper.test.SaslDigestAuthOverSSLTest.setUp(SaslDigestAuthOverSSLTest.java:62)
	at sun.reflect.NativeMethodAccessorImpl.invoke0(Native Method)
	at sun.reflect.NativeMethodAccessorImpl.invoke(NativeMethodAccessorImpl.java:62)
	at sun.reflect.DelegatingMethodAccessorImpl.invoke(DelegatingMethodAccessorImpl.java:43)
	at java.lang.reflect.Method.invoke(Method.java:498)
	at org.junit.runners.model.FrameworkMethod$1.runReflectiveCall(FrameworkMethod.java:50)
	at org.junit.internal.runners.model.ReflectiveCallable.run(ReflectiveCallable.java:12)
	at org.junit.runners.model.FrameworkMethod.invokeExplosively(FrameworkMethod.java:47)
	at mockit.integration.junit4.JUnit4TestRunnerDecorator.invokeExplosively(JUnit4TestRunnerDecorator.java:49)
	at mockit.integration.junit4.FakeFrameworkMethod.invokeExplosively(FakeFrameworkMethod.java:29)
	at org.junit.runners.model.FrameworkMethod.invokeExplosively(FrameworkMethod.java)
	at org.junit.internal.runners.statements.RunBefores.evaluate(RunBefores.java:24)
	at org.junit.internal.runners.statements.RunAfters.evaluate(RunAfters.java:27)
	at org.junit.rules.TestWatcher$1.evaluate(TestWatcher.java:55)
	at org.junit.rules.RunRules.evaluate(RunRules.java:20)
	at org.junit.runners.ParentRunner.runLeaf(ParentRunner.java:325)
	at org.junit.runners.BlockJUnit4ClassRunner.runChild(BlockJUnit4ClassRunner.java:78)
	at org.junit.runners.BlockJUnit4ClassRunner.runChild(BlockJUnit4ClassRunner.java:57)
	at org.junit.runners.ParentRunner$3.run(ParentRunner.java:290)
	at org.junit.runners.ParentRunner$1.schedule(ParentRunner.java:71)
	at org.junit.runners.ParentRunner.runChildren(ParentRunner.java:288)
	at org.junit.runners.ParentRunner.access$000(ParentRunner.java:58)
	at org.junit.runners.ParentRunner$2.evaluate(ParentRunner.java:268)
	at org.junit.internal.runners.statements.RunBefores.evaluate(RunBefores.java:26)
	at org.junit.runners.ParentRunner.run(ParentRunner.java:363)
	at org.apache.maven.surefire.junit4.JUnit4Provider.execute(JUnit4Provider.java:365)
	at org.apache.maven.surefire.junit4.JUnit4Provider.executeWithRerun(JUnit4Provider.java:273)
	at org.apache.maven.surefire.junit4.JUnit4Provider.executeTestSet(JUnit4Provider.java:238)
	at org.apache.maven.surefire.junit4.JUnit4Provider.invoke(JUnit4Provider.java:159)
	at org.apache.maven.surefire.booter.ForkedBooter.invokeProviderInSameClassLoader(ForkedBooter.java:384)
	at org.apache.maven.surefire.booter.ForkedBooter.runSuitesInProcess(ForkedBooter.java:345)
	at org.apache.maven.surefire.booter.ForkedBooter.execute(ForkedBooter.java:126)
	at org.apache.maven.surefire.booter.ForkedBooter.main(ForkedBooter.java:418)
2020-06-22 14:22:49,407 [myid:] - ERROR [main:ZKTrustManager@162] - Failed to verify hostname: activate.navicat.com
javax.net.ssl.SSLPeerUnverifiedException: Certificate for <activate.navicat.com> doesn't match common name of the certificate subject: localhost
	at org.apache.zookeeper.common.ZKHostnameVerifier.matchCN(ZKHostnameVerifier.java:238)
	at org.apache.zookeeper.common.ZKHostnameVerifier.verify(ZKHostnameVerifier.java:184)
	at org.apache.zookeeper.common.ZKTrustManager.performHostVerification(ZKTrustManager.java:159)
	at org.apache.zookeeper.common.ZKTrustManager.checkServerTrusted(ZKTrustManager.java:90)
	at sun.security.ssl.ClientHandshaker.serverCertificate(ClientHandshaker.java:1670)
	at sun.security.ssl.ClientHandshaker.processMessage(ClientHandshaker.java:226)
	at sun.security.ssl.Handshaker.processLoop(Handshaker.java:1082)
	at sun.security.ssl.Handshaker.process_record(Handshaker.java:1010)
	at sun.security.ssl.SSLSocketImpl.readRecord(SSLSocketImpl.java:1079)
	at sun.security.ssl.SSLSocketImpl.performInitialHandshake(SSLSocketImpl.java:1388)
	at sun.security.ssl.SSLSocketImpl.startHandshake(SSLSocketImpl.java:1416)
	at sun.security.ssl.SSLSocketImpl.startHandshake(SSLSocketImpl.java:1400)
	at org.apache.zookeeper.client.FourLetterWordMain.send4LetterWord(FourLetterWordMain.java:105)
	at org.apache.zookeeper.client.FourLetterWordMain.send4LetterWord(FourLetterWordMain.java:73)
	at org.apache.zookeeper.test.ClientBase.waitForServerUp(ClientBase.java:261)
	at org.apache.zookeeper.test.ClientBase.startServerInstance(ClientBase.java:401)
	at org.apache.zookeeper.test.ClientBase.startServer(ClientBase.java:516)
	at org.apache.zookeeper.test.ClientBase.setUpWithServerId(ClientBase.java:499)
	at org.apache.zookeeper.test.ClientBase.setUp(ClientBase.java:474)
	at org.apache.zookeeper.test.SaslDigestAuthOverSSLTest.setUp(SaslDigestAuthOverSSLTest.java:62)
	at sun.reflect.NativeMethodAccessorImpl.invoke0(Native Method)
	at sun.reflect.NativeMethodAccessorImpl.invoke(NativeMethodAccessorImpl.java:62)
	at sun.reflect.DelegatingMethodAccessorImpl.invoke(DelegatingMethodAccessorImpl.java:43)
	at java.lang.reflect.Method.invoke(Method.java:498)
	at org.junit.runners.model.FrameworkMethod$1.runReflectiveCall(FrameworkMethod.java:50)
	at org.junit.internal.runners.model.ReflectiveCallable.run(ReflectiveCallable.java:12)
	at org.junit.runners.model.FrameworkMethod.invokeExplosively(FrameworkMethod.java:47)
	at mockit.integration.junit4.JUnit4TestRunnerDecorator.invokeExplosively(JUnit4TestRunnerDecorator.java:49)
	at mockit.integration.junit4.FakeFrameworkMethod.invokeExplosively(FakeFrameworkMethod.java:29)
	at org.junit.runners.model.FrameworkMethod.invokeExplosively(FrameworkMethod.java)
	at org.junit.internal.runners.statements.RunBefores.evaluate(RunBefores.java:24)
	at org.junit.internal.runners.statements.RunAfters.evaluate(RunAfters.java:27)
	at org.junit.rules.TestWatcher$1.evaluate(TestWatcher.java:55)
	at org.junit.rules.RunRules.evaluate(RunRules.java:20)
	at org.junit.runners.ParentRunner.runLeaf(ParentRunner.java:325)
	at org.junit.runners.BlockJUnit4ClassRunner.runChild(BlockJUnit4ClassRunner.java:78)
	at org.junit.runners.BlockJUnit4ClassRunner.runChild(BlockJUnit4ClassRunner.java:57)
	at org.junit.runners.ParentRunner$3.run(ParentRunner.java:290)
	at org.junit.runners.ParentRunner$1.schedule(ParentRunner.java:71)
	at org.junit.runners.ParentRunner.runChildren(ParentRunner.java:288)
	at org.junit.runners.ParentRunner.access$000(ParentRunner.java:58)
	at org.junit.runners.ParentRunner$2.evaluate(ParentRunner.java:268)
	at org.junit.internal.runners.statements.RunBefores.evaluate(RunBefores.java:26)
	at org.junit.runners.ParentRunner.run(ParentRunner.java:363)
	at org.apache.maven.surefire.junit4.JUnit4Provider.execute(JUnit4Provider.java:365)
	at org.apache.maven.surefire.junit4.JUnit4Provider.executeWithRerun(JUnit4Provider.java:273)
	at org.apache.maven.surefire.junit4.JUnit4Provider.executeTestSet(JUnit4Provider.java:238)
	at org.apache.maven.surefire.junit4.JUnit4Provider.invoke(JUnit4Provider.java:159)
	at org.apache.maven.surefire.booter.ForkedBooter.invokeProviderInSameClassLoader(ForkedBooter.java:384)
	at org.apache.maven.surefire.booter.ForkedBooter.runSuitesInProcess(ForkedBooter.java:345)
	at org.apache.maven.surefire.booter.ForkedBooter.execute(ForkedBooter.java:126)
	at org.apache.maven.surefire.booter.ForkedBooter.main(ForkedBooter.java:418)
2020-06-22 14:22:49,408 [myid:] - INFO  [main:ClientBase@270] - server 127.0.0.1:21995 not up
javax.net.ssl.SSLHandshakeException: java.security.cert.CertificateException: Failed to verify both host address and host name
	at sun.security.ssl.Alerts.getSSLException(Alerts.java:198)
	at sun.security.ssl.SSLSocketImpl.fatal(SSLSocketImpl.java:1967)
	at sun.security.ssl.Handshaker.fatalSE(Handshaker.java:331)
	at sun.security.ssl.Handshaker.fatalSE(Handshaker.java:325)
	at sun.security.ssl.ClientHandshaker.serverCertificate(ClientHandshaker.java:1688)
	at sun.security.ssl.ClientHandshaker.processMessage(ClientHandshaker.java:226)
	at sun.security.ssl.Handshaker.processLoop(Handshaker.java:1082)
	at sun.security.ssl.Handshaker.process_record(Handshaker.java:1010)
	at sun.security.ssl.SSLSocketImpl.readRecord(SSLSocketImpl.java:1079)
	at sun.security.ssl.SSLSocketImpl.performInitialHandshake(SSLSocketImpl.java:1388)
	at sun.security.ssl.SSLSocketImpl.startHandshake(SSLSocketImpl.java:1416)
	at sun.security.ssl.SSLSocketImpl.startHandshake(SSLSocketImpl.java:1400)
	at org.apache.zookeeper.client.FourLetterWordMain.send4LetterWord(FourLetterWordMain.java:105)
	at org.apache.zookeeper.client.FourLetterWordMain.send4LetterWord(FourLetterWordMain.java:73)
	at org.apache.zookeeper.test.ClientBase.waitForServerUp(ClientBase.java:261)
	at org.apache.zookeeper.test.ClientBase.startServerInstance(ClientBase.java:401)
	at org.apache.zookeeper.test.ClientBase.startServer(ClientBase.java:516)
	at org.apache.zookeeper.test.ClientBase.setUpWithServerId(ClientBase.java:499)
	at org.apache.zookeeper.test.ClientBase.setUp(ClientBase.java:474)
	at org.apache.zookeeper.test.SaslDigestAuthOverSSLTest.setUp(SaslDigestAuthOverSSLTest.java:62)
	at sun.reflect.NativeMethodAccessorImpl.invoke0(Native Method)
	at sun.reflect.NativeMethodAccessorImpl.invoke(NativeMethodAccessorImpl.java:62)
	at sun.reflect.DelegatingMethodAccessorImpl.invoke(DelegatingMethodAccessorImpl.java:43)
	at java.lang.reflect.Method.invoke(Method.java:498)
	at org.junit.runners.model.FrameworkMethod$1.runReflectiveCall(FrameworkMethod.java:50)
	at org.junit.internal.runners.model.ReflectiveCallable.run(ReflectiveCallable.java:12)
	at org.junit.runners.model.FrameworkMethod.invokeExplosively(FrameworkMethod.java:47)
	at mockit.integration.junit4.JUnit4TestRunnerDecorator.invokeExplosively(JUnit4TestRunnerDecorator.java:49)
	at mockit.integration.junit4.FakeFrameworkMethod.invokeExplosively(FakeFrameworkMethod.java:29)
	at org.junit.runners.model.FrameworkMethod.invokeExplosively(FrameworkMethod.java)
	at org.junit.internal.runners.statements.RunBefores.evaluate(RunBefores.java:24)
	at org.junit.internal.runners.statements.RunAfters.evaluate(RunAfters.java:27)
	at org.junit.rules.TestWatcher$1.evaluate(TestWatcher.java:55)
	at org.junit.rules.RunRules.evaluate(RunRules.java:20)
	at org.junit.runners.ParentRunner.runLeaf(ParentRunner.java:325)
	at org.junit.runners.BlockJUnit4ClassRunner.runChild(BlockJUnit4ClassRunner.java:78)
	at org.junit.runners.BlockJUnit4ClassRunner.runChild(BlockJUnit4ClassRunner.java:57)
	at org.junit.runners.ParentRunner$3.run(ParentRunner.java:290)
	at org.junit.runners.ParentRunner$1.schedule(ParentRunner.java:71)
	at org.junit.runners.ParentRunner.runChildren(ParentRunner.java:288)
	at org.junit.runners.ParentRunner.access$000(ParentRunner.java:58)
	at org.junit.runners.ParentRunner$2.evaluate(ParentRunner.java:268)
	at org.junit.internal.runners.statements.RunBefores.evaluate(RunBefores.java:26)
	at org.junit.runners.ParentRunner.run(ParentRunner.java:363)
	at org.apache.maven.surefire.junit4.JUnit4Provider.execute(JUnit4Provider.java:365)
	at org.apache.maven.surefire.junit4.JUnit4Provider.executeWithRerun(JUnit4Provider.java:273)
	at org.apache.maven.surefire.junit4.JUnit4Provider.executeTestSet(JUnit4Provider.java:238)
	at org.apache.maven.surefire.junit4.JUnit4Provider.invoke(JUnit4Provider.java:159)
	at org.apache.maven.surefire.booter.ForkedBooter.invokeProviderInSameClassLoader(ForkedBooter.java:384)
	at org.apache.maven.surefire.booter.ForkedBooter.runSuitesInProcess(ForkedBooter.java:345)
	at org.apache.maven.surefire.booter.ForkedBooter.execute(ForkedBooter.java:126)
	at org.apache.maven.surefire.booter.ForkedBooter.main(ForkedBooter.java:418)
Caused by: java.security.cert.CertificateException: Failed to verify both host address and host name
	at org.apache.zookeeper.common.ZKTrustManager.performHostVerification(ZKTrustManager.java:163)
	at org.apache.zookeeper.common.ZKTrustManager.checkServerTrusted(ZKTrustManager.java:90)
	at sun.security.ssl.ClientHandshaker.serverCertificate(ClientHandshaker.java:1670)
	... 47 more
Caused by: javax.net.ssl.SSLPeerUnverifiedException: Certificate for <activate.navicat.com> doesn't match common name of the certificate subject: localhost
	at org.apache.zookeeper.common.ZKHostnameVerifier.matchCN(ZKHostnameVerifier.java:238)
	at org.apache.zookeeper.common.ZKHostnameVerifier.verify(ZKHostnameVerifier.java:184)
	at org.apache.zookeeper.common.ZKTrustManager.performHostVerification(ZKTrustManager.java:159)
	... 49 more
2020-06-22 14:22:49,408 [myid:] - ERROR [nioEventLoopGroup-4-13:NettyServerCnxnFactory$CertificateVerifier@434] - Unsuccessful handshake with session 0x0
2020-06-22 14:22:49,409 [myid:] - WARN  [nioEventLoopGroup-4-13:NettyServerCnxnFactory$CnxnChannelHandler@273] - Exception caught
io.netty.handler.codec.DecoderException: javax.net.ssl.SSLException: Received fatal alert: certificate_unknown
	at io.netty.handler.codec.ByteToMessageDecoder.callDecode(ByteToMessageDecoder.java:468)
	at io.netty.handler.codec.ByteToMessageDecoder.channelRead(ByteToMessageDecoder.java:276)
	at io.netty.channel.AbstractChannelHandlerContext.invokeChannelRead(AbstractChannelHandlerContext.java:379)
	at io.netty.channel.AbstractChannelHandlerContext.invokeChannelRead(AbstractChannelHandlerContext.java:365)
	at io.netty.channel.AbstractChannelHandlerContext.fireChannelRead(AbstractChannelHandlerContext.java:357)
	at io.netty.channel.DefaultChannelPipeline$HeadContext.channelRead(DefaultChannelPipeline.java:1410)
	at io.netty.channel.AbstractChannelHandlerContext.invokeChannelRead(AbstractChannelHandlerContext.java:379)
	at io.netty.channel.AbstractChannelHandlerContext.invokeChannelRead(AbstractChannelHandlerContext.java:365)
	at io.netty.channel.DefaultChannelPipeline.fireChannelRead(DefaultChannelPipeline.java:919)
	at io.netty.channel.nio.AbstractNioByteChannel$NioByteUnsafe.read(AbstractNioByteChannel.java:163)
	at io.netty.channel.nio.NioEventLoop.processSelectedKey(NioEventLoop.java:714)
	at io.netty.channel.nio.NioEventLoop.processSelectedKeysOptimized(NioEventLoop.java:650)
	at io.netty.channel.nio.NioEventLoop.processSelectedKeys(NioEventLoop.java:576)
	at io.netty.channel.nio.NioEventLoop.run(NioEventLoop.java:493)
	at io.netty.util.concurrent.SingleThreadEventExecutor$4.run(SingleThreadEventExecutor.java:989)
	at io.netty.util.internal.ThreadExecutorMap$2.run(ThreadExecutorMap.java:74)
	at io.netty.util.concurrent.FastThreadLocalRunnable.run(FastThreadLocalRunnable.java:30)
	at java.lang.Thread.run(Thread.java:748)
Caused by: javax.net.ssl.SSLException: Received fatal alert: certificate_unknown
	at sun.security.ssl.Alerts.getSSLException(Alerts.java:214)
	at sun.security.ssl.SSLEngineImpl.fatal(SSLEngineImpl.java:1667)
	at sun.security.ssl.SSLEngineImpl.fatal(SSLEngineImpl.java:1635)
	at sun.security.ssl.SSLEngineImpl.recvAlert(SSLEngineImpl.java:1801)
	at sun.security.ssl.SSLEngineImpl.readRecord(SSLEngineImpl.java:1090)
	at sun.security.ssl.SSLEngineImpl.readNetRecord(SSLEngineImpl.java:913)
	at sun.security.ssl.SSLEngineImpl.unwrap(SSLEngineImpl.java:783)
	at javax.net.ssl.SSLEngine.unwrap(SSLEngine.java:626)
	at io.netty.handler.ssl.SslHandler$SslEngineType$3.unwrap(SslHandler.java:281)
	at io.netty.handler.ssl.SslHandler.unwrap(SslHandler.java:1340)
	at io.netty.handler.ssl.SslHandler.decodeJdkCompatible(SslHandler.java:1235)
	at io.netty.handler.ssl.SslHandler.decode(SslHandler.java:1282)
	at io.netty.handler.codec.ByteToMessageDecoder.decodeRemovalReentryProtection(ByteToMessageDecoder.java:498)
	at io.netty.handler.codec.ByteToMessageDecoder.callDecode(ByteToMessageDecoder.java:437)
	... 17 more
2020-06-22 14:22:49,409 [myid:] - WARN  [nioEventLoopGroup-4-13:NettyServerCnxnFactory$CnxnChannelHandler@273] - Exception caught
io.netty.handler.codec.DecoderException: javax.net.ssl.SSLException: Received fatal alert: certificate_unknown
	at io.netty.handler.codec.ByteToMessageDecoder.callDecode(ByteToMessageDecoder.java:468)
	at io.netty.handler.codec.ByteToMessageDecoder.channelInputClosed(ByteToMessageDecoder.java:401)
	at io.netty.handler.codec.ByteToMessageDecoder.channelInputClosed(ByteToMessageDecoder.java:368)
	at io.netty.handler.codec.ByteToMessageDecoder.channelInactive(ByteToMessageDecoder.java:351)
	at io.netty.handler.ssl.SslHandler.channelInactive(SslHandler.java:1084)
	at io.netty.channel.AbstractChannelHandlerContext.invokeChannelInactive(AbstractChannelHandlerContext.java:262)
	at io.netty.channel.AbstractChannelHandlerContext.invokeChannelInactive(AbstractChannelHandlerContext.java:248)
	at io.netty.channel.AbstractChannelHandlerContext.fireChannelInactive(AbstractChannelHandlerContext.java:241)
	at io.netty.channel.DefaultChannelPipeline$HeadContext.channelInactive(DefaultChannelPipeline.java:1405)
	at io.netty.channel.AbstractChannelHandlerContext.invokeChannelInactive(AbstractChannelHandlerContext.java:262)
	at io.netty.channel.AbstractChannelHandlerContext.invokeChannelInactive(AbstractChannelHandlerContext.java:248)
	at io.netty.channel.DefaultChannelPipeline.fireChannelInactive(DefaultChannelPipeline.java:901)
	at io.netty.channel.AbstractChannel$AbstractUnsafe$8.run(AbstractChannel.java:818)
	at io.netty.util.concurrent.AbstractEventExecutor.safeExecute(AbstractEventExecutor.java:164)
	at io.netty.util.concurrent.SingleThreadEventExecutor.runAllTasks(SingleThreadEventExecutor.java:472)
	at io.netty.channel.nio.NioEventLoop.run(NioEventLoop.java:497)
	at io.netty.util.concurrent.SingleThreadEventExecutor$4.run(SingleThreadEventExecutor.java:989)
	at io.netty.util.internal.ThreadExecutorMap$2.run(ThreadExecutorMap.java:74)
	at io.netty.util.concurrent.FastThreadLocalRunnable.run(FastThreadLocalRunnable.java:30)
	at java.lang.Thread.run(Thread.java:748)
Caused by: javax.net.ssl.SSLException: Received fatal alert: certificate_unknown
	at sun.security.ssl.Alerts.getSSLException(Alerts.java:214)
	at sun.security.ssl.SSLEngineImpl.fatal(SSLEngineImpl.java:1667)
	at sun.security.ssl.SSLEngineImpl.fatal(SSLEngineImpl.java:1635)
	at sun.security.ssl.SSLEngineImpl.recvAlert(SSLEngineImpl.java:1801)
	at sun.security.ssl.SSLEngineImpl.readRecord(SSLEngineImpl.java:1090)
	at sun.security.ssl.SSLEngineImpl.readNetRecord(SSLEngineImpl.java:913)
	at sun.security.ssl.SSLEngineImpl.unwrap(SSLEngineImpl.java:783)
	at javax.net.ssl.SSLEngine.unwrap(SSLEngine.java:626)
	at io.netty.handler.ssl.SslHandler$SslEngineType$3.unwrap(SslHandler.java:281)
	at io.netty.handler.ssl.SslHandler.unwrap(SslHandler.java:1340)
	at io.netty.handler.ssl.SslHandler.decodeJdkCompatible(SslHandler.java:1235)
	at io.netty.handler.ssl.SslHandler.decode(SslHandler.java:1282)
	at io.netty.handler.codec.ByteToMessageDecoder.decodeRemovalReentryProtection(ByteToMessageDecoder.java:498)
	at io.netty.handler.codec.ByteToMessageDecoder.callDecode(ByteToMessageDecoder.java:437)
	... 19 more
2020-06-22 14:22:49,659 [myid:] - INFO  [main:FourLetterWordMain@93] - connecting to 127.0.0.1 21995
2020-06-22 14:22:49,659 [myid:] - INFO  [main:FourLetterWordMain@99] - using secure socket
2020-06-22 14:22:49,672 [myid:] - ERROR [main:ZKTrustManager@161] - Failed to verify host address: 127.0.0.1
javax.net.ssl.SSLPeerUnverifiedException: Certificate for <127.0.0.1> doesn't match common name of the certificate subject: localhost
	at org.apache.zookeeper.common.ZKHostnameVerifier.matchCN(ZKHostnameVerifier.java:238)
	at org.apache.zookeeper.common.ZKHostnameVerifier.verify(ZKHostnameVerifier.java:184)
	at org.apache.zookeeper.common.ZKTrustManager.performHostVerification(ZKTrustManager.java:151)
	at org.apache.zookeeper.common.ZKTrustManager.checkServerTrusted(ZKTrustManager.java:90)
	at sun.security.ssl.ClientHandshaker.serverCertificate(ClientHandshaker.java:1670)
	at sun.security.ssl.ClientHandshaker.processMessage(ClientHandshaker.java:226)
	at sun.security.ssl.Handshaker.processLoop(Handshaker.java:1082)
	at sun.security.ssl.Handshaker.process_record(Handshaker.java:1010)
	at sun.security.ssl.SSLSocketImpl.readRecord(SSLSocketImpl.java:1079)
	at sun.security.ssl.SSLSocketImpl.performInitialHandshake(SSLSocketImpl.java:1388)
	at sun.security.ssl.SSLSocketImpl.startHandshake(SSLSocketImpl.java:1416)
	at sun.security.ssl.SSLSocketImpl.startHandshake(SSLSocketImpl.java:1400)
	at org.apache.zookeeper.client.FourLetterWordMain.send4LetterWord(FourLetterWordMain.java:105)
	at org.apache.zookeeper.client.FourLetterWordMain.send4LetterWord(FourLetterWordMain.java:73)
	at org.apache.zookeeper.test.ClientBase.waitForServerUp(ClientBase.java:261)
	at org.apache.zookeeper.test.ClientBase.startServerInstance(ClientBase.java:401)
	at org.apache.zookeeper.test.ClientBase.startServer(ClientBase.java:516)
	at org.apache.zookeeper.test.ClientBase.setUpWithServerId(ClientBase.java:499)
	at org.apache.zookeeper.test.ClientBase.setUp(ClientBase.java:474)
	at org.apache.zookeeper.test.SaslDigestAuthOverSSLTest.setUp(SaslDigestAuthOverSSLTest.java:62)
	at sun.reflect.NativeMethodAccessorImpl.invoke0(Native Method)
	at sun.reflect.NativeMethodAccessorImpl.invoke(NativeMethodAccessorImpl.java:62)
	at sun.reflect.DelegatingMethodAccessorImpl.invoke(DelegatingMethodAccessorImpl.java:43)
	at java.lang.reflect.Method.invoke(Method.java:498)
	at org.junit.runners.model.FrameworkMethod$1.runReflectiveCall(FrameworkMethod.java:50)
	at org.junit.internal.runners.model.ReflectiveCallable.run(ReflectiveCallable.java:12)
	at org.junit.runners.model.FrameworkMethod.invokeExplosively(FrameworkMethod.java:47)
	at mockit.integration.junit4.JUnit4TestRunnerDecorator.invokeExplosively(JUnit4TestRunnerDecorator.java:49)
	at mockit.integration.junit4.FakeFrameworkMethod.invokeExplosively(FakeFrameworkMethod.java:29)
	at org.junit.runners.model.FrameworkMethod.invokeExplosively(FrameworkMethod.java)
	at org.junit.internal.runners.statements.RunBefores.evaluate(RunBefores.java:24)
	at org.junit.internal.runners.statements.RunAfters.evaluate(RunAfters.java:27)
	at org.junit.rules.TestWatcher$1.evaluate(TestWatcher.java:55)
	at org.junit.rules.RunRules.evaluate(RunRules.java:20)
	at org.junit.runners.ParentRunner.runLeaf(ParentRunner.java:325)
	at org.junit.runners.BlockJUnit4ClassRunner.runChild(BlockJUnit4ClassRunner.java:78)
	at org.junit.runners.BlockJUnit4ClassRunner.runChild(BlockJUnit4ClassRunner.java:57)
	at org.junit.runners.ParentRunner$3.run(ParentRunner.java:290)
	at org.junit.runners.ParentRunner$1.schedule(ParentRunner.java:71)
	at org.junit.runners.ParentRunner.runChildren(ParentRunner.java:288)
	at org.junit.runners.ParentRunner.access$000(ParentRunner.java:58)
	at org.junit.runners.ParentRunner$2.evaluate(ParentRunner.java:268)
	at org.junit.internal.runners.statements.RunBefores.evaluate(RunBefores.java:26)
	at org.junit.runners.ParentRunner.run(ParentRunner.java:363)
	at org.apache.maven.surefire.junit4.JUnit4Provider.execute(JUnit4Provider.java:365)
	at org.apache.maven.surefire.junit4.JUnit4Provider.executeWithRerun(JUnit4Provider.java:273)
	at org.apache.maven.surefire.junit4.JUnit4Provider.executeTestSet(JUnit4Provider.java:238)
	at org.apache.maven.surefire.junit4.JUnit4Provider.invoke(JUnit4Provider.java:159)
	at org.apache.maven.surefire.booter.ForkedBooter.invokeProviderInSameClassLoader(ForkedBooter.java:384)
	at org.apache.maven.surefire.booter.ForkedBooter.runSuitesInProcess(ForkedBooter.java:345)
	at org.apache.maven.surefire.booter.ForkedBooter.execute(ForkedBooter.java:126)
	at org.apache.maven.surefire.booter.ForkedBooter.main(ForkedBooter.java:418)
2020-06-22 14:22:49,673 [myid:] - ERROR [main:ZKTrustManager@162] - Failed to verify hostname: activate.navicat.com
javax.net.ssl.SSLPeerUnverifiedException: Certificate for <activate.navicat.com> doesn't match common name of the certificate subject: localhost
	at org.apache.zookeeper.common.ZKHostnameVerifier.matchCN(ZKHostnameVerifier.java:238)
	at org.apache.zookeeper.common.ZKHostnameVerifier.verify(ZKHostnameVerifier.java:184)
	at org.apache.zookeeper.common.ZKTrustManager.performHostVerification(ZKTrustManager.java:159)
	at org.apache.zookeeper.common.ZKTrustManager.checkServerTrusted(ZKTrustManager.java:90)
	at sun.security.ssl.ClientHandshaker.serverCertificate(ClientHandshaker.java:1670)
	at sun.security.ssl.ClientHandshaker.processMessage(ClientHandshaker.java:226)
	at sun.security.ssl.Handshaker.processLoop(Handshaker.java:1082)
	at sun.security.ssl.Handshaker.process_record(Handshaker.java:1010)
	at sun.security.ssl.SSLSocketImpl.readRecord(SSLSocketImpl.java:1079)
	at sun.security.ssl.SSLSocketImpl.performInitialHandshake(SSLSocketImpl.java:1388)
	at sun.security.ssl.SSLSocketImpl.startHandshake(SSLSocketImpl.java:1416)
	at sun.security.ssl.SSLSocketImpl.startHandshake(SSLSocketImpl.java:1400)
	at org.apache.zookeeper.client.FourLetterWordMain.send4LetterWord(FourLetterWordMain.java:105)
	at org.apache.zookeeper.client.FourLetterWordMain.send4LetterWord(FourLetterWordMain.java:73)
	at org.apache.zookeeper.test.ClientBase.waitForServerUp(ClientBase.java:261)
	at org.apache.zookeeper.test.ClientBase.startServerInstance(ClientBase.java:401)
	at org.apache.zookeeper.test.ClientBase.startServer(ClientBase.java:516)
	at org.apache.zookeeper.test.ClientBase.setUpWithServerId(ClientBase.java:499)
	at org.apache.zookeeper.test.ClientBase.setUp(ClientBase.java:474)
	at org.apache.zookeeper.test.SaslDigestAuthOverSSLTest.setUp(SaslDigestAuthOverSSLTest.java:62)
	at sun.reflect.NativeMethodAccessorImpl.invoke0(Native Method)
	at sun.reflect.NativeMethodAccessorImpl.invoke(NativeMethodAccessorImpl.java:62)
	at sun.reflect.DelegatingMethodAccessorImpl.invoke(DelegatingMethodAccessorImpl.java:43)
	at java.lang.reflect.Method.invoke(Method.java:498)
	at org.junit.runners.model.FrameworkMethod$1.runReflectiveCall(FrameworkMethod.java:50)
	at org.junit.internal.runners.model.ReflectiveCallable.run(ReflectiveCallable.java:12)
	at org.junit.runners.model.FrameworkMethod.invokeExplosively(FrameworkMethod.java:47)
	at mockit.integration.junit4.JUnit4TestRunnerDecorator.invokeExplosively(JUnit4TestRunnerDecorator.java:49)
	at mockit.integration.junit4.FakeFrameworkMethod.invokeExplosively(FakeFrameworkMethod.java:29)
	at org.junit.runners.model.FrameworkMethod.invokeExplosively(FrameworkMethod.java)
	at org.junit.internal.runners.statements.RunBefores.evaluate(RunBefores.java:24)
	at org.junit.internal.runners.statements.RunAfters.evaluate(RunAfters.java:27)
	at org.junit.rules.TestWatcher$1.evaluate(TestWatcher.java:55)
	at org.junit.rules.RunRules.evaluate(RunRules.java:20)
	at org.junit.runners.ParentRunner.runLeaf(ParentRunner.java:325)
	at org.junit.runners.BlockJUnit4ClassRunner.runChild(BlockJUnit4ClassRunner.java:78)
	at org.junit.runners.BlockJUnit4ClassRunner.runChild(BlockJUnit4ClassRunner.java:57)
	at org.junit.runners.ParentRunner$3.run(ParentRunner.java:290)
	at org.junit.runners.ParentRunner$1.schedule(ParentRunner.java:71)
	at org.junit.runners.ParentRunner.runChildren(ParentRunner.java:288)
	at org.junit.runners.ParentRunner.access$000(ParentRunner.java:58)
	at org.junit.runners.ParentRunner$2.evaluate(ParentRunner.java:268)
	at org.junit.internal.runners.statements.RunBefores.evaluate(RunBefores.java:26)
	at org.junit.runners.ParentRunner.run(ParentRunner.java:363)
	at org.apache.maven.surefire.junit4.JUnit4Provider.execute(JUnit4Provider.java:365)
	at org.apache.maven.surefire.junit4.JUnit4Provider.executeWithRerun(JUnit4Provider.java:273)
	at org.apache.maven.surefire.junit4.JUnit4Provider.executeTestSet(JUnit4Provider.java:238)
	at org.apache.maven.surefire.junit4.JUnit4Provider.invoke(JUnit4Provider.java:159)
	at org.apache.maven.surefire.booter.ForkedBooter.invokeProviderInSameClassLoader(ForkedBooter.java:384)
	at org.apache.maven.surefire.booter.ForkedBooter.runSuitesInProcess(ForkedBooter.java:345)
	at org.apache.maven.surefire.booter.ForkedBooter.execute(ForkedBooter.java:126)
	at org.apache.maven.surefire.booter.ForkedBooter.main(ForkedBooter.java:418)
2020-06-22 14:22:49,674 [myid:] - INFO  [main:ClientBase@270] - server 127.0.0.1:21995 not up
javax.net.ssl.SSLHandshakeException: java.security.cert.CertificateException: Failed to verify both host address and host name
	at sun.security.ssl.Alerts.getSSLException(Alerts.java:198)
	at sun.security.ssl.SSLSocketImpl.fatal(SSLSocketImpl.java:1967)
	at sun.security.ssl.Handshaker.fatalSE(Handshaker.java:331)
	at sun.security.ssl.Handshaker.fatalSE(Handshaker.java:325)
	at sun.security.ssl.ClientHandshaker.serverCertificate(ClientHandshaker.java:1688)
	at sun.security.ssl.ClientHandshaker.processMessage(ClientHandshaker.java:226)
	at sun.security.ssl.Handshaker.processLoop(Handshaker.java:1082)
	at sun.security.ssl.Handshaker.process_record(Handshaker.java:1010)
	at sun.security.ssl.SSLSocketImpl.readRecord(SSLSocketImpl.java:1079)
	at sun.security.ssl.SSLSocketImpl.performInitialHandshake(SSLSocketImpl.java:1388)
	at sun.security.ssl.SSLSocketImpl.startHandshake(SSLSocketImpl.java:1416)
	at sun.security.ssl.SSLSocketImpl.startHandshake(SSLSocketImpl.java:1400)
	at org.apache.zookeeper.client.FourLetterWordMain.send4LetterWord(FourLetterWordMain.java:105)
	at org.apache.zookeeper.client.FourLetterWordMain.send4LetterWord(FourLetterWordMain.java:73)
	at org.apache.zookeeper.test.ClientBase.waitForServerUp(ClientBase.java:261)
	at org.apache.zookeeper.test.ClientBase.startServerInstance(ClientBase.java:401)
	at org.apache.zookeeper.test.ClientBase.startServer(ClientBase.java:516)
	at org.apache.zookeeper.test.ClientBase.setUpWithServerId(ClientBase.java:499)
	at org.apache.zookeeper.test.ClientBase.setUp(ClientBase.java:474)
	at org.apache.zookeeper.test.SaslDigestAuthOverSSLTest.setUp(SaslDigestAuthOverSSLTest.java:62)
	at sun.reflect.NativeMethodAccessorImpl.invoke0(Native Method)
	at sun.reflect.NativeMethodAccessorImpl.invoke(NativeMethodAccessorImpl.java:62)
	at sun.reflect.DelegatingMethodAccessorImpl.invoke(DelegatingMethodAccessorImpl.java:43)
	at java.lang.reflect.Method.invoke(Method.java:498)
	at org.junit.runners.model.FrameworkMethod$1.runReflectiveCall(FrameworkMethod.java:50)
	at org.junit.internal.runners.model.ReflectiveCallable.run(ReflectiveCallable.java:12)
	at org.junit.runners.model.FrameworkMethod.invokeExplosively(FrameworkMethod.java:47)
	at mockit.integration.junit4.JUnit4TestRunnerDecorator.invokeExplosively(JUnit4TestRunnerDecorator.java:49)
	at mockit.integration.junit4.FakeFrameworkMethod.invokeExplosively(FakeFrameworkMethod.java:29)
	at org.junit.runners.model.FrameworkMethod.invokeExplosively(FrameworkMethod.java)
	at org.junit.internal.runners.statements.RunBefores.evaluate(RunBefores.java:24)
	at org.junit.internal.runners.statements.RunAfters.evaluate(RunAfters.java:27)
	at org.junit.rules.TestWatcher$1.evaluate(TestWatcher.java:55)
	at org.junit.rules.RunRules.evaluate(RunRules.java:20)
	at org.junit.runners.ParentRunner.runLeaf(ParentRunner.java:325)
	at org.junit.runners.BlockJUnit4ClassRunner.runChild(BlockJUnit4ClassRunner.java:78)
	at org.junit.runners.BlockJUnit4ClassRunner.runChild(BlockJUnit4ClassRunner.java:57)
	at org.junit.runners.ParentRunner$3.run(ParentRunner.java:290)
	at org.junit.runners.ParentRunner$1.schedule(ParentRunner.java:71)
	at org.junit.runners.ParentRunner.runChildren(ParentRunner.java:288)
	at org.junit.runners.ParentRunner.access$000(ParentRunner.java:58)
	at org.junit.runners.ParentRunner$2.evaluate(ParentRunner.java:268)
	at org.junit.internal.runners.statements.RunBefores.evaluate(RunBefores.java:26)
	at org.junit.runners.ParentRunner.run(ParentRunner.java:363)
	at org.apache.maven.surefire.junit4.JUnit4Provider.execute(JUnit4Provider.java:365)
	at org.apache.maven.surefire.junit4.JUnit4Provider.executeWithRerun(JUnit4Provider.java:273)
	at org.apache.maven.surefire.junit4.JUnit4Provider.executeTestSet(JUnit4Provider.java:238)
	at org.apache.maven.surefire.junit4.JUnit4Provider.invoke(JUnit4Provider.java:159)
	at org.apache.maven.surefire.booter.ForkedBooter.invokeProviderInSameClassLoader(ForkedBooter.java:384)
	at org.apache.maven.surefire.booter.ForkedBooter.runSuitesInProcess(ForkedBooter.java:345)
	at org.apache.maven.surefire.booter.ForkedBooter.execute(ForkedBooter.java:126)
	at org.apache.maven.surefire.booter.ForkedBooter.main(ForkedBooter.java:418)
Caused by: java.security.cert.CertificateException: Failed to verify both host address and host name
	at org.apache.zookeeper.common.ZKTrustManager.performHostVerification(ZKTrustManager.java:163)
	at org.apache.zookeeper.common.ZKTrustManager.checkServerTrusted(ZKTrustManager.java:90)
	at sun.security.ssl.ClientHandshaker.serverCertificate(ClientHandshaker.java:1670)
	... 47 more
Caused by: javax.net.ssl.SSLPeerUnverifiedException: Certificate for <activate.navicat.com> doesn't match common name of the certificate subject: localhost
	at org.apache.zookeeper.common.ZKHostnameVerifier.matchCN(ZKHostnameVerifier.java:238)
	at org.apache.zookeeper.common.ZKHostnameVerifier.verify(ZKHostnameVerifier.java:184)
	at org.apache.zookeeper.common.ZKTrustManager.performHostVerification(ZKTrustManager.java:159)
	... 49 more
2020-06-22 14:22:49,675 [myid:] - ERROR [nioEventLoopGroup-4-14:NettyServerCnxnFactory$CertificateVerifier@434] - Unsuccessful handshake with session 0x0
2020-06-22 14:22:49,676 [myid:] - WARN  [nioEventLoopGroup-4-14:NettyServerCnxnFactory$CnxnChannelHandler@273] - Exception caught
io.netty.handler.codec.DecoderException: javax.net.ssl.SSLException: Received fatal alert: certificate_unknown
	at io.netty.handler.codec.ByteToMessageDecoder.callDecode(ByteToMessageDecoder.java:468)
	at io.netty.handler.codec.ByteToMessageDecoder.channelRead(ByteToMessageDecoder.java:276)
	at io.netty.channel.AbstractChannelHandlerContext.invokeChannelRead(AbstractChannelHandlerContext.java:379)
	at io.netty.channel.AbstractChannelHandlerContext.invokeChannelRead(AbstractChannelHandlerContext.java:365)
	at io.netty.channel.AbstractChannelHandlerContext.fireChannelRead(AbstractChannelHandlerContext.java:357)
	at io.netty.channel.DefaultChannelPipeline$HeadContext.channelRead(DefaultChannelPipeline.java:1410)
	at io.netty.channel.AbstractChannelHandlerContext.invokeChannelRead(AbstractChannelHandlerContext.java:379)
	at io.netty.channel.AbstractChannelHandlerContext.invokeChannelRead(AbstractChannelHandlerContext.java:365)
	at io.netty.channel.DefaultChannelPipeline.fireChannelRead(DefaultChannelPipeline.java:919)
	at io.netty.channel.nio.AbstractNioByteChannel$NioByteUnsafe.read(AbstractNioByteChannel.java:163)
	at io.netty.channel.nio.NioEventLoop.processSelectedKey(NioEventLoop.java:714)
	at io.netty.channel.nio.NioEventLoop.processSelectedKeysOptimized(NioEventLoop.java:650)
	at io.netty.channel.nio.NioEventLoop.processSelectedKeys(NioEventLoop.java:576)
	at io.netty.channel.nio.NioEventLoop.run(NioEventLoop.java:493)
	at io.netty.util.concurrent.SingleThreadEventExecutor$4.run(SingleThreadEventExecutor.java:989)
	at io.netty.util.internal.ThreadExecutorMap$2.run(ThreadExecutorMap.java:74)
	at io.netty.util.concurrent.FastThreadLocalRunnable.run(FastThreadLocalRunnable.java:30)
	at java.lang.Thread.run(Thread.java:748)
Caused by: javax.net.ssl.SSLException: Received fatal alert: certificate_unknown
	at sun.security.ssl.Alerts.getSSLException(Alerts.java:214)
	at sun.security.ssl.SSLEngineImpl.fatal(SSLEngineImpl.java:1667)
	at sun.security.ssl.SSLEngineImpl.fatal(SSLEngineImpl.java:1635)
	at sun.security.ssl.SSLEngineImpl.recvAlert(SSLEngineImpl.java:1801)
	at sun.security.ssl.SSLEngineImpl.readRecord(SSLEngineImpl.java:1090)
	at sun.security.ssl.SSLEngineImpl.readNetRecord(SSLEngineImpl.java:913)
	at sun.security.ssl.SSLEngineImpl.unwrap(SSLEngineImpl.java:783)
	at javax.net.ssl.SSLEngine.unwrap(SSLEngine.java:626)
	at io.netty.handler.ssl.SslHandler$SslEngineType$3.unwrap(SslHandler.java:281)
	at io.netty.handler.ssl.SslHandler.unwrap(SslHandler.java:1340)
	at io.netty.handler.ssl.SslHandler.decodeJdkCompatible(SslHandler.java:1235)
	at io.netty.handler.ssl.SslHandler.decode(SslHandler.java:1282)
	at io.netty.handler.codec.ByteToMessageDecoder.decodeRemovalReentryProtection(ByteToMessageDecoder.java:498)
	at io.netty.handler.codec.ByteToMessageDecoder.callDecode(ByteToMessageDecoder.java:437)
	... 17 more
2020-06-22 14:22:49,677 [myid:] - WARN  [nioEventLoopGroup-4-14:NettyServerCnxnFactory$CnxnChannelHandler@273] - Exception caught
io.netty.handler.codec.DecoderException: javax.net.ssl.SSLException: Received fatal alert: certificate_unknown
	at io.netty.handler.codec.ByteToMessageDecoder.callDecode(ByteToMessageDecoder.java:468)
	at io.netty.handler.codec.ByteToMessageDecoder.channelInputClosed(ByteToMessageDecoder.java:401)
	at io.netty.handler.codec.ByteToMessageDecoder.channelInputClosed(ByteToMessageDecoder.java:368)
	at io.netty.handler.codec.ByteToMessageDecoder.channelInactive(ByteToMessageDecoder.java:351)
	at io.netty.handler.ssl.SslHandler.channelInactive(SslHandler.java:1084)
	at io.netty.channel.AbstractChannelHandlerContext.invokeChannelInactive(AbstractChannelHandlerContext.java:262)
	at io.netty.channel.AbstractChannelHandlerContext.invokeChannelInactive(AbstractChannelHandlerContext.java:248)
	at io.netty.channel.AbstractChannelHandlerContext.fireChannelInactive(AbstractChannelHandlerContext.java:241)
	at io.netty.channel.DefaultChannelPipeline$HeadContext.channelInactive(DefaultChannelPipeline.java:1405)
	at io.netty.channel.AbstractChannelHandlerContext.invokeChannelInactive(AbstractChannelHandlerContext.java:262)
	at io.netty.channel.AbstractChannelHandlerContext.invokeChannelInactive(AbstractChannelHandlerContext.java:248)
	at io.netty.channel.DefaultChannelPipeline.fireChannelInactive(DefaultChannelPipeline.java:901)
	at io.netty.channel.AbstractChannel$AbstractUnsafe$8.run(AbstractChannel.java:818)
	at io.netty.util.concurrent.AbstractEventExecutor.safeExecute(AbstractEventExecutor.java:164)
	at io.netty.util.concurrent.SingleThreadEventExecutor.runAllTasks(SingleThreadEventExecutor.java:472)
	at io.netty.channel.nio.NioEventLoop.run(NioEventLoop.java:497)
	at io.netty.util.concurrent.SingleThreadEventExecutor$4.run(SingleThreadEventExecutor.java:989)
	at io.netty.util.internal.ThreadExecutorMap$2.run(ThreadExecutorMap.java:74)
	at io.netty.util.concurrent.FastThreadLocalRunnable.run(FastThreadLocalRunnable.java:30)
	at java.lang.Thread.run(Thread.java:748)
Caused by: javax.net.ssl.SSLException: Received fatal alert: certificate_unknown
	at sun.security.ssl.Alerts.getSSLException(Alerts.java:214)
	at sun.security.ssl.SSLEngineImpl.fatal(SSLEngineImpl.java:1667)
	at sun.security.ssl.SSLEngineImpl.fatal(SSLEngineImpl.java:1635)
	at sun.security.ssl.SSLEngineImpl.recvAlert(SSLEngineImpl.java:1801)
	at sun.security.ssl.SSLEngineImpl.readRecord(SSLEngineImpl.java:1090)
	at sun.security.ssl.SSLEngineImpl.readNetRecord(SSLEngineImpl.java:913)
	at sun.security.ssl.SSLEngineImpl.unwrap(SSLEngineImpl.java:783)
	at javax.net.ssl.SSLEngine.unwrap(SSLEngine.java:626)
	at io.netty.handler.ssl.SslHandler$SslEngineType$3.unwrap(SslHandler.java:281)
	at io.netty.handler.ssl.SslHandler.unwrap(SslHandler.java:1340)
	at io.netty.handler.ssl.SslHandler.decodeJdkCompatible(SslHandler.java:1235)
	at io.netty.handler.ssl.SslHandler.decode(SslHandler.java:1282)
	at io.netty.handler.codec.ByteToMessageDecoder.decodeRemovalReentryProtection(ByteToMessageDecoder.java:498)
	at io.netty.handler.codec.ByteToMessageDecoder.callDecode(ByteToMessageDecoder.java:437)
	... 19 more
2020-06-22 14:22:49,925 [myid:] - INFO  [main:FourLetterWordMain@93] - connecting to 127.0.0.1 21995
2020-06-22 14:22:49,925 [myid:] - INFO  [main:FourLetterWordMain@99] - using secure socket
2020-06-22 14:22:49,933 [myid:] - ERROR [main:ZKTrustManager@161] - Failed to verify host address: 127.0.0.1
javax.net.ssl.SSLPeerUnverifiedException: Certificate for <127.0.0.1> doesn't match common name of the certificate subject: localhost
	at org.apache.zookeeper.common.ZKHostnameVerifier.matchCN(ZKHostnameVerifier.java:238)
	at org.apache.zookeeper.common.ZKHostnameVerifier.verify(ZKHostnameVerifier.java:184)
	at org.apache.zookeeper.common.ZKTrustManager.performHostVerification(ZKTrustManager.java:151)
	at org.apache.zookeeper.common.ZKTrustManager.checkServerTrusted(ZKTrustManager.java:90)
	at sun.security.ssl.ClientHandshaker.serverCertificate(ClientHandshaker.java:1670)
	at sun.security.ssl.ClientHandshaker.processMessage(ClientHandshaker.java:226)
	at sun.security.ssl.Handshaker.processLoop(Handshaker.java:1082)
	at sun.security.ssl.Handshaker.process_record(Handshaker.java:1010)
	at sun.security.ssl.SSLSocketImpl.readRecord(SSLSocketImpl.java:1079)
	at sun.security.ssl.SSLSocketImpl.performInitialHandshake(SSLSocketImpl.java:1388)
	at sun.security.ssl.SSLSocketImpl.startHandshake(SSLSocketImpl.java:1416)
	at sun.security.ssl.SSLSocketImpl.startHandshake(SSLSocketImpl.java:1400)
	at org.apache.zookeeper.client.FourLetterWordMain.send4LetterWord(FourLetterWordMain.java:105)
	at org.apache.zookeeper.client.FourLetterWordMain.send4LetterWord(FourLetterWordMain.java:73)
	at org.apache.zookeeper.test.ClientBase.waitForServerUp(ClientBase.java:261)
	at org.apache.zookeeper.test.ClientBase.startServerInstance(ClientBase.java:401)
	at org.apache.zookeeper.test.ClientBase.startServer(ClientBase.java:516)
	at org.apache.zookeeper.test.ClientBase.setUpWithServerId(ClientBase.java:499)
	at org.apache.zookeeper.test.ClientBase.setUp(ClientBase.java:474)
	at org.apache.zookeeper.test.SaslDigestAuthOverSSLTest.setUp(SaslDigestAuthOverSSLTest.java:62)
	at sun.reflect.NativeMethodAccessorImpl.invoke0(Native Method)
	at sun.reflect.NativeMethodAccessorImpl.invoke(NativeMethodAccessorImpl.java:62)
	at sun.reflect.DelegatingMethodAccessorImpl.invoke(DelegatingMethodAccessorImpl.java:43)
	at java.lang.reflect.Method.invoke(Method.java:498)
	at org.junit.runners.model.FrameworkMethod$1.runReflectiveCall(FrameworkMethod.java:50)
	at org.junit.internal.runners.model.ReflectiveCallable.run(ReflectiveCallable.java:12)
	at org.junit.runners.model.FrameworkMethod.invokeExplosively(FrameworkMethod.java:47)
	at mockit.integration.junit4.JUnit4TestRunnerDecorator.invokeExplosively(JUnit4TestRunnerDecorator.java:49)
	at mockit.integration.junit4.FakeFrameworkMethod.invokeExplosively(FakeFrameworkMethod.java:29)
	at org.junit.runners.model.FrameworkMethod.invokeExplosively(FrameworkMethod.java)
	at org.junit.internal.runners.statements.RunBefores.evaluate(RunBefores.java:24)
	at org.junit.internal.runners.statements.RunAfters.evaluate(RunAfters.java:27)
	at org.junit.rules.TestWatcher$1.evaluate(TestWatcher.java:55)
	at org.junit.rules.RunRules.evaluate(RunRules.java:20)
	at org.junit.runners.ParentRunner.runLeaf(ParentRunner.java:325)
	at org.junit.runners.BlockJUnit4ClassRunner.runChild(BlockJUnit4ClassRunner.java:78)
	at org.junit.runners.BlockJUnit4ClassRunner.runChild(BlockJUnit4ClassRunner.java:57)
	at org.junit.runners.ParentRunner$3.run(ParentRunner.java:290)
	at org.junit.runners.ParentRunner$1.schedule(ParentRunner.java:71)
	at org.junit.runners.ParentRunner.runChildren(ParentRunner.java:288)
	at org.junit.runners.ParentRunner.access$000(ParentRunner.java:58)
	at org.junit.runners.ParentRunner$2.evaluate(ParentRunner.java:268)
	at org.junit.internal.runners.statements.RunBefores.evaluate(RunBefores.java:26)
	at org.junit.runners.ParentRunner.run(ParentRunner.java:363)
	at org.apache.maven.surefire.junit4.JUnit4Provider.execute(JUnit4Provider.java:365)
	at org.apache.maven.surefire.junit4.JUnit4Provider.executeWithRerun(JUnit4Provider.java:273)
	at org.apache.maven.surefire.junit4.JUnit4Provider.executeTestSet(JUnit4Provider.java:238)
	at org.apache.maven.surefire.junit4.JUnit4Provider.invoke(JUnit4Provider.java:159)
	at org.apache.maven.surefire.booter.ForkedBooter.invokeProviderInSameClassLoader(ForkedBooter.java:384)
	at org.apache.maven.surefire.booter.ForkedBooter.runSuitesInProcess(ForkedBooter.java:345)
	at org.apache.maven.surefire.booter.ForkedBooter.execute(ForkedBooter.java:126)
	at org.apache.maven.surefire.booter.ForkedBooter.main(ForkedBooter.java:418)
2020-06-22 14:22:49,933 [myid:] - ERROR [main:ZKTrustManager@162] - Failed to verify hostname: activate.navicat.com
javax.net.ssl.SSLPeerUnverifiedException: Certificate for <activate.navicat.com> doesn't match common name of the certificate subject: localhost
	at org.apache.zookeeper.common.ZKHostnameVerifier.matchCN(ZKHostnameVerifier.java:238)
	at org.apache.zookeeper.common.ZKHostnameVerifier.verify(ZKHostnameVerifier.java:184)
	at org.apache.zookeeper.common.ZKTrustManager.performHostVerification(ZKTrustManager.java:159)
	at org.apache.zookeeper.common.ZKTrustManager.checkServerTrusted(ZKTrustManager.java:90)
	at sun.security.ssl.ClientHandshaker.serverCertificate(ClientHandshaker.java:1670)
	at sun.security.ssl.ClientHandshaker.processMessage(ClientHandshaker.java:226)
	at sun.security.ssl.Handshaker.processLoop(Handshaker.java:1082)
	at sun.security.ssl.Handshaker.process_record(Handshaker.java:1010)
	at sun.security.ssl.SSLSocketImpl.readRecord(SSLSocketImpl.java:1079)
	at sun.security.ssl.SSLSocketImpl.performInitialHandshake(SSLSocketImpl.java:1388)
	at sun.security.ssl.SSLSocketImpl.startHandshake(SSLSocketImpl.java:1416)
	at sun.security.ssl.SSLSocketImpl.startHandshake(SSLSocketImpl.java:1400)
	at org.apache.zookeeper.client.FourLetterWordMain.send4LetterWord(FourLetterWordMain.java:105)
	at org.apache.zookeeper.client.FourLetterWordMain.send4LetterWord(FourLetterWordMain.java:73)
	at org.apache.zookeeper.test.ClientBase.waitForServerUp(ClientBase.java:261)
	at org.apache.zookeeper.test.ClientBase.startServerInstance(ClientBase.java:401)
	at org.apache.zookeeper.test.ClientBase.startServer(ClientBase.java:516)
	at org.apache.zookeeper.test.ClientBase.setUpWithServerId(ClientBase.java:499)
	at org.apache.zookeeper.test.ClientBase.setUp(ClientBase.java:474)
	at org.apache.zookeeper.test.SaslDigestAuthOverSSLTest.setUp(SaslDigestAuthOverSSLTest.java:62)
	at sun.reflect.NativeMethodAccessorImpl.invoke0(Native Method)
	at sun.reflect.NativeMethodAccessorImpl.invoke(NativeMethodAccessorImpl.java:62)
	at sun.reflect.DelegatingMethodAccessorImpl.invoke(DelegatingMethodAccessorImpl.java:43)
	at java.lang.reflect.Method.invoke(Method.java:498)
	at org.junit.runners.model.FrameworkMethod$1.runReflectiveCall(FrameworkMethod.java:50)
	at org.junit.internal.runners.model.ReflectiveCallable.run(ReflectiveCallable.java:12)
	at org.junit.runners.model.FrameworkMethod.invokeExplosively(FrameworkMethod.java:47)
	at mockit.integration.junit4.JUnit4TestRunnerDecorator.invokeExplosively(JUnit4TestRunnerDecorator.java:49)
	at mockit.integration.junit4.FakeFrameworkMethod.invokeExplosively(FakeFrameworkMethod.java:29)
	at org.junit.runners.model.FrameworkMethod.invokeExplosively(FrameworkMethod.java)
	at org.junit.internal.runners.statements.RunBefores.evaluate(RunBefores.java:24)
	at org.junit.internal.runners.statements.RunAfters.evaluate(RunAfters.java:27)
	at org.junit.rules.TestWatcher$1.evaluate(TestWatcher.java:55)
	at org.junit.rules.RunRules.evaluate(RunRules.java:20)
	at org.junit.runners.ParentRunner.runLeaf(ParentRunner.java:325)
	at org.junit.runners.BlockJUnit4ClassRunner.runChild(BlockJUnit4ClassRunner.java:78)
	at org.junit.runners.BlockJUnit4ClassRunner.runChild(BlockJUnit4ClassRunner.java:57)
	at org.junit.runners.ParentRunner$3.run(ParentRunner.java:290)
	at org.junit.runners.ParentRunner$1.schedule(ParentRunner.java:71)
	at org.junit.runners.ParentRunner.runChildren(ParentRunner.java:288)
	at org.junit.runners.ParentRunner.access$000(ParentRunner.java:58)
	at org.junit.runners.ParentRunner$2.evaluate(ParentRunner.java:268)
	at org.junit.internal.runners.statements.RunBefores.evaluate(RunBefores.java:26)
	at org.junit.runners.ParentRunner.run(ParentRunner.java:363)
	at org.apache.maven.surefire.junit4.JUnit4Provider.execute(JUnit4Provider.java:365)
	at org.apache.maven.surefire.junit4.JUnit4Provider.executeWithRerun(JUnit4Provider.java:273)
	at org.apache.maven.surefire.junit4.JUnit4Provider.executeTestSet(JUnit4Provider.java:238)
	at org.apache.maven.surefire.junit4.JUnit4Provider.invoke(JUnit4Provider.java:159)
	at org.apache.maven.surefire.booter.ForkedBooter.invokeProviderInSameClassLoader(ForkedBooter.java:384)
	at org.apache.maven.surefire.booter.ForkedBooter.runSuitesInProcess(ForkedBooter.java:345)
	at org.apache.maven.surefire.booter.ForkedBooter.execute(ForkedBooter.java:126)
	at org.apache.maven.surefire.booter.ForkedBooter.main(ForkedBooter.java:418)
2020-06-22 14:22:49,934 [myid:] - INFO  [main:ClientBase@270] - server 127.0.0.1:21995 not up
javax.net.ssl.SSLHandshakeException: java.security.cert.CertificateException: Failed to verify both host address and host name
	at sun.security.ssl.Alerts.getSSLException(Alerts.java:198)
	at sun.security.ssl.SSLSocketImpl.fatal(SSLSocketImpl.java:1967)
	at sun.security.ssl.Handshaker.fatalSE(Handshaker.java:331)
	at sun.security.ssl.Handshaker.fatalSE(Handshaker.java:325)
	at sun.security.ssl.ClientHandshaker.serverCertificate(ClientHandshaker.java:1688)
	at sun.security.ssl.ClientHandshaker.processMessage(ClientHandshaker.java:226)
	at sun.security.ssl.Handshaker.processLoop(Handshaker.java:1082)
	at sun.security.ssl.Handshaker.process_record(Handshaker.java:1010)
	at sun.security.ssl.SSLSocketImpl.readRecord(SSLSocketImpl.java:1079)
	at sun.security.ssl.SSLSocketImpl.performInitialHandshake(SSLSocketImpl.java:1388)
	at sun.security.ssl.SSLSocketImpl.startHandshake(SSLSocketImpl.java:1416)
	at sun.security.ssl.SSLSocketImpl.startHandshake(SSLSocketImpl.java:1400)
	at org.apache.zookeeper.client.FourLetterWordMain.send4LetterWord(FourLetterWordMain.java:105)
	at org.apache.zookeeper.client.FourLetterWordMain.send4LetterWord(FourLetterWordMain.java:73)
	at org.apache.zookeeper.test.ClientBase.waitForServerUp(ClientBase.java:261)
	at org.apache.zookeeper.test.ClientBase.startServerInstance(ClientBase.java:401)
	at org.apache.zookeeper.test.ClientBase.startServer(ClientBase.java:516)
	at org.apache.zookeeper.test.ClientBase.setUpWithServerId(ClientBase.java:499)
	at org.apache.zookeeper.test.ClientBase.setUp(ClientBase.java:474)
	at org.apache.zookeeper.test.SaslDigestAuthOverSSLTest.setUp(SaslDigestAuthOverSSLTest.java:62)
	at sun.reflect.NativeMethodAccessorImpl.invoke0(Native Method)
	at sun.reflect.NativeMethodAccessorImpl.invoke(NativeMethodAccessorImpl.java:62)
	at sun.reflect.DelegatingMethodAccessorImpl.invoke(DelegatingMethodAccessorImpl.java:43)
	at java.lang.reflect.Method.invoke(Method.java:498)
	at org.junit.runners.model.FrameworkMethod$1.runReflectiveCall(FrameworkMethod.java:50)
	at org.junit.internal.runners.model.ReflectiveCallable.run(ReflectiveCallable.java:12)
	at org.junit.runners.model.FrameworkMethod.invokeExplosively(FrameworkMethod.java:47)
	at mockit.integration.junit4.JUnit4TestRunnerDecorator.invokeExplosively(JUnit4TestRunnerDecorator.java:49)
	at mockit.integration.junit4.FakeFrameworkMethod.invokeExplosively(FakeFrameworkMethod.java:29)
	at org.junit.runners.model.FrameworkMethod.invokeExplosively(FrameworkMethod.java)
	at org.junit.internal.runners.statements.RunBefores.evaluate(RunBefores.java:24)
	at org.junit.internal.runners.statements.RunAfters.evaluate(RunAfters.java:27)
	at org.junit.rules.TestWatcher$1.evaluate(TestWatcher.java:55)
	at org.junit.rules.RunRules.evaluate(RunRules.java:20)
	at org.junit.runners.ParentRunner.runLeaf(ParentRunner.java:325)
	at org.junit.runners.BlockJUnit4ClassRunner.runChild(BlockJUnit4ClassRunner.java:78)
	at org.junit.runners.BlockJUnit4ClassRunner.runChild(BlockJUnit4ClassRunner.java:57)
	at org.junit.runners.ParentRunner$3.run(ParentRunner.java:290)
	at org.junit.runners.ParentRunner$1.schedule(ParentRunner.java:71)
	at org.junit.runners.ParentRunner.runChildren(ParentRunner.java:288)
	at org.junit.runners.ParentRunner.access$000(ParentRunner.java:58)
	at org.junit.runners.ParentRunner$2.evaluate(ParentRunner.java:268)
	at org.junit.internal.runners.statements.RunBefores.evaluate(RunBefores.java:26)
	at org.junit.runners.ParentRunner.run(ParentRunner.java:363)
	at org.apache.maven.surefire.junit4.JUnit4Provider.execute(JUnit4Provider.java:365)
	at org.apache.maven.surefire.junit4.JUnit4Provider.executeWithRerun(JUnit4Provider.java:273)
	at org.apache.maven.surefire.junit4.JUnit4Provider.executeTestSet(JUnit4Provider.java:238)
	at org.apache.maven.surefire.junit4.JUnit4Provider.invoke(JUnit4Provider.java:159)
	at org.apache.maven.surefire.booter.ForkedBooter.invokeProviderInSameClassLoader(ForkedBooter.java:384)
	at org.apache.maven.surefire.booter.ForkedBooter.runSuitesInProcess(ForkedBooter.java:345)
	at org.apache.maven.surefire.booter.ForkedBooter.execute(ForkedBooter.java:126)
	at org.apache.maven.surefire.booter.ForkedBooter.main(ForkedBooter.java:418)
Caused by: java.security.cert.CertificateException: Failed to verify both host address and host name
	at org.apache.zookeeper.common.ZKTrustManager.performHostVerification(ZKTrustManager.java:163)
	at org.apache.zookeeper.common.ZKTrustManager.checkServerTrusted(ZKTrustManager.java:90)
	at sun.security.ssl.ClientHandshaker.serverCertificate(ClientHandshaker.java:1670)
	... 47 more
Caused by: javax.net.ssl.SSLPeerUnverifiedException: Certificate for <activate.navicat.com> doesn't match common name of the certificate subject: localhost
	at org.apache.zookeeper.common.ZKHostnameVerifier.matchCN(ZKHostnameVerifier.java:238)
	at org.apache.zookeeper.common.ZKHostnameVerifier.verify(ZKHostnameVerifier.java:184)
	at org.apache.zookeeper.common.ZKTrustManager.performHostVerification(ZKTrustManager.java:159)
	... 49 more
2020-06-22 14:22:49,934 [myid:] - ERROR [nioEventLoopGroup-4-15:NettyServerCnxnFactory$CertificateVerifier@434] - Unsuccessful handshake with session 0x0
2020-06-22 14:22:49,935 [myid:] - WARN  [nioEventLoopGroup-4-15:NettyServerCnxnFactory$CnxnChannelHandler@273] - Exception caught
io.netty.handler.codec.DecoderException: javax.net.ssl.SSLException: Received fatal alert: certificate_unknown
	at io.netty.handler.codec.ByteToMessageDecoder.callDecode(ByteToMessageDecoder.java:468)
	at io.netty.handler.codec.ByteToMessageDecoder.channelRead(ByteToMessageDecoder.java:276)
	at io.netty.channel.AbstractChannelHandlerContext.invokeChannelRead(AbstractChannelHandlerContext.java:379)
	at io.netty.channel.AbstractChannelHandlerContext.invokeChannelRead(AbstractChannelHandlerContext.java:365)
	at io.netty.channel.AbstractChannelHandlerContext.fireChannelRead(AbstractChannelHandlerContext.java:357)
	at io.netty.channel.DefaultChannelPipeline$HeadContext.channelRead(DefaultChannelPipeline.java:1410)
	at io.netty.channel.AbstractChannelHandlerContext.invokeChannelRead(AbstractChannelHandlerContext.java:379)
	at io.netty.channel.AbstractChannelHandlerContext.invokeChannelRead(AbstractChannelHandlerContext.java:365)
	at io.netty.channel.DefaultChannelPipeline.fireChannelRead(DefaultChannelPipeline.java:919)
	at io.netty.channel.nio.AbstractNioByteChannel$NioByteUnsafe.read(AbstractNioByteChannel.java:163)
	at io.netty.channel.nio.NioEventLoop.processSelectedKey(NioEventLoop.java:714)
	at io.netty.channel.nio.NioEventLoop.processSelectedKeysOptimized(NioEventLoop.java:650)
	at io.netty.channel.nio.NioEventLoop.processSelectedKeys(NioEventLoop.java:576)
	at io.netty.channel.nio.NioEventLoop.run(NioEventLoop.java:493)
	at io.netty.util.concurrent.SingleThreadEventExecutor$4.run(SingleThreadEventExecutor.java:989)
	at io.netty.util.internal.ThreadExecutorMap$2.run(ThreadExecutorMap.java:74)
	at io.netty.util.concurrent.FastThreadLocalRunnable.run(FastThreadLocalRunnable.java:30)
	at java.lang.Thread.run(Thread.java:748)
Caused by: javax.net.ssl.SSLException: Received fatal alert: certificate_unknown
	at sun.security.ssl.Alerts.getSSLException(Alerts.java:214)
	at sun.security.ssl.SSLEngineImpl.fatal(SSLEngineImpl.java:1667)
	at sun.security.ssl.SSLEngineImpl.fatal(SSLEngineImpl.java:1635)
	at sun.security.ssl.SSLEngineImpl.recvAlert(SSLEngineImpl.java:1801)
	at sun.security.ssl.SSLEngineImpl.readRecord(SSLEngineImpl.java:1090)
	at sun.security.ssl.SSLEngineImpl.readNetRecord(SSLEngineImpl.java:913)
	at sun.security.ssl.SSLEngineImpl.unwrap(SSLEngineImpl.java:783)
	at javax.net.ssl.SSLEngine.unwrap(SSLEngine.java:626)
	at io.netty.handler.ssl.SslHandler$SslEngineType$3.unwrap(SslHandler.java:281)
	at io.netty.handler.ssl.SslHandler.unwrap(SslHandler.java:1340)
	at io.netty.handler.ssl.SslHandler.decodeJdkCompatible(SslHandler.java:1235)
	at io.netty.handler.ssl.SslHandler.decode(SslHandler.java:1282)
	at io.netty.handler.codec.ByteToMessageDecoder.decodeRemovalReentryProtection(ByteToMessageDecoder.java:498)
	at io.netty.handler.codec.ByteToMessageDecoder.callDecode(ByteToMessageDecoder.java:437)
	... 17 more
2020-06-22 14:22:49,935 [myid:] - WARN  [nioEventLoopGroup-4-15:NettyServerCnxnFactory$CnxnChannelHandler@273] - Exception caught
io.netty.handler.codec.DecoderException: javax.net.ssl.SSLException: Received fatal alert: certificate_unknown
	at io.netty.handler.codec.ByteToMessageDecoder.callDecode(ByteToMessageDecoder.java:468)
	at io.netty.handler.codec.ByteToMessageDecoder.channelInputClosed(ByteToMessageDecoder.java:401)
	at io.netty.handler.codec.ByteToMessageDecoder.channelInputClosed(ByteToMessageDecoder.java:368)
	at io.netty.handler.codec.ByteToMessageDecoder.channelInactive(ByteToMessageDecoder.java:351)
	at io.netty.handler.ssl.SslHandler.channelInactive(SslHandler.java:1084)
	at io.netty.channel.AbstractChannelHandlerContext.invokeChannelInactive(AbstractChannelHandlerContext.java:262)
	at io.netty.channel.AbstractChannelHandlerContext.invokeChannelInactive(AbstractChannelHandlerContext.java:248)
	at io.netty.channel.AbstractChannelHandlerContext.fireChannelInactive(AbstractChannelHandlerContext.java:241)
	at io.netty.channel.DefaultChannelPipeline$HeadContext.channelInactive(DefaultChannelPipeline.java:1405)
	at io.netty.channel.AbstractChannelHandlerContext.invokeChannelInactive(AbstractChannelHandlerContext.java:262)
	at io.netty.channel.AbstractChannelHandlerContext.invokeChannelInactive(AbstractChannelHandlerContext.java:248)
	at io.netty.channel.DefaultChannelPipeline.fireChannelInactive(DefaultChannelPipeline.java:901)
	at io.netty.channel.AbstractChannel$AbstractUnsafe$8.run(AbstractChannel.java:818)
	at io.netty.util.concurrent.AbstractEventExecutor.safeExecute(AbstractEventExecutor.java:164)
	at io.netty.util.concurrent.SingleThreadEventExecutor.runAllTasks(SingleThreadEventExecutor.java:472)
	at io.netty.channel.nio.NioEventLoop.run(NioEventLoop.java:497)
	at io.netty.util.concurrent.SingleThreadEventExecutor$4.run(SingleThreadEventExecutor.java:989)
	at io.netty.util.internal.ThreadExecutorMap$2.run(ThreadExecutorMap.java:74)
	at io.netty.util.concurrent.FastThreadLocalRunnable.run(FastThreadLocalRunnable.java:30)
	at java.lang.Thread.run(Thread.java:748)
Caused by: javax.net.ssl.SSLException: Received fatal alert: certificate_unknown
	at sun.security.ssl.Alerts.getSSLException(Alerts.java:214)
	at sun.security.ssl.SSLEngineImpl.fatal(SSLEngineImpl.java:1667)
	at sun.security.ssl.SSLEngineImpl.fatal(SSLEngineImpl.java:1635)
	at sun.security.ssl.SSLEngineImpl.recvAlert(SSLEngineImpl.java:1801)
	at sun.security.ssl.SSLEngineImpl.readRecord(SSLEngineImpl.java:1090)
	at sun.security.ssl.SSLEngineImpl.readNetRecord(SSLEngineImpl.java:913)
	at sun.security.ssl.SSLEngineImpl.unwrap(SSLEngineImpl.java:783)
	at javax.net.ssl.SSLEngine.unwrap(SSLEngine.java:626)
	at io.netty.handler.ssl.SslHandler$SslEngineType$3.unwrap(SslHandler.java:281)
	at io.netty.handler.ssl.SslHandler.unwrap(SslHandler.java:1340)
	at io.netty.handler.ssl.SslHandler.decodeJdkCompatible(SslHandler.java:1235)
	at io.netty.handler.ssl.SslHandler.decode(SslHandler.java:1282)
	at io.netty.handler.codec.ByteToMessageDecoder.decodeRemovalReentryProtection(ByteToMessageDecoder.java:498)
	at io.netty.handler.codec.ByteToMessageDecoder.callDecode(ByteToMessageDecoder.java:437)
	... 19 more
2020-06-22 14:22:50,184 [myid:] - INFO  [main:FourLetterWordMain@93] - connecting to 127.0.0.1 21995
2020-06-22 14:22:50,184 [myid:] - INFO  [main:FourLetterWordMain@99] - using secure socket
2020-06-22 14:22:50,195 [myid:] - ERROR [main:ZKTrustManager@161] - Failed to verify host address: 127.0.0.1
javax.net.ssl.SSLPeerUnverifiedException: Certificate for <127.0.0.1> doesn't match common name of the certificate subject: localhost
	at org.apache.zookeeper.common.ZKHostnameVerifier.matchCN(ZKHostnameVerifier.java:238)
	at org.apache.zookeeper.common.ZKHostnameVerifier.verify(ZKHostnameVerifier.java:184)
	at org.apache.zookeeper.common.ZKTrustManager.performHostVerification(ZKTrustManager.java:151)
	at org.apache.zookeeper.common.ZKTrustManager.checkServerTrusted(ZKTrustManager.java:90)
	at sun.security.ssl.ClientHandshaker.serverCertificate(ClientHandshaker.java:1670)
	at sun.security.ssl.ClientHandshaker.processMessage(ClientHandshaker.java:226)
	at sun.security.ssl.Handshaker.processLoop(Handshaker.java:1082)
	at sun.security.ssl.Handshaker.process_record(Handshaker.java:1010)
	at sun.security.ssl.SSLSocketImpl.readRecord(SSLSocketImpl.java:1079)
	at sun.security.ssl.SSLSocketImpl.performInitialHandshake(SSLSocketImpl.java:1388)
	at sun.security.ssl.SSLSocketImpl.startHandshake(SSLSocketImpl.java:1416)
	at sun.security.ssl.SSLSocketImpl.startHandshake(SSLSocketImpl.java:1400)
	at org.apache.zookeeper.client.FourLetterWordMain.send4LetterWord(FourLetterWordMain.java:105)
	at org.apache.zookeeper.client.FourLetterWordMain.send4LetterWord(FourLetterWordMain.java:73)
	at org.apache.zookeeper.test.ClientBase.waitForServerUp(ClientBase.java:261)
	at org.apache.zookeeper.test.ClientBase.startServerInstance(ClientBase.java:401)
	at org.apache.zookeeper.test.ClientBase.startServer(ClientBase.java:516)
	at org.apache.zookeeper.test.ClientBase.setUpWithServerId(ClientBase.java:499)
	at org.apache.zookeeper.test.ClientBase.setUp(ClientBase.java:474)
	at org.apache.zookeeper.test.SaslDigestAuthOverSSLTest.setUp(SaslDigestAuthOverSSLTest.java:62)
	at sun.reflect.NativeMethodAccessorImpl.invoke0(Native Method)
	at sun.reflect.NativeMethodAccessorImpl.invoke(NativeMethodAccessorImpl.java:62)
	at sun.reflect.DelegatingMethodAccessorImpl.invoke(DelegatingMethodAccessorImpl.java:43)
	at java.lang.reflect.Method.invoke(Method.java:498)
	at org.junit.runners.model.FrameworkMethod$1.runReflectiveCall(FrameworkMethod.java:50)
	at org.junit.internal.runners.model.ReflectiveCallable.run(ReflectiveCallable.java:12)
	at org.junit.runners.model.FrameworkMethod.invokeExplosively(FrameworkMethod.java:47)
	at mockit.integration.junit4.JUnit4TestRunnerDecorator.invokeExplosively(JUnit4TestRunnerDecorator.java:49)
	at mockit.integration.junit4.FakeFrameworkMethod.invokeExplosively(FakeFrameworkMethod.java:29)
	at org.junit.runners.model.FrameworkMethod.invokeExplosively(FrameworkMethod.java)
	at org.junit.internal.runners.statements.RunBefores.evaluate(RunBefores.java:24)
	at org.junit.internal.runners.statements.RunAfters.evaluate(RunAfters.java:27)
	at org.junit.rules.TestWatcher$1.evaluate(TestWatcher.java:55)
	at org.junit.rules.RunRules.evaluate(RunRules.java:20)
	at org.junit.runners.ParentRunner.runLeaf(ParentRunner.java:325)
	at org.junit.runners.BlockJUnit4ClassRunner.runChild(BlockJUnit4ClassRunner.java:78)
	at org.junit.runners.BlockJUnit4ClassRunner.runChild(BlockJUnit4ClassRunner.java:57)
	at org.junit.runners.ParentRunner$3.run(ParentRunner.java:290)
	at org.junit.runners.ParentRunner$1.schedule(ParentRunner.java:71)
	at org.junit.runners.ParentRunner.runChildren(ParentRunner.java:288)
	at org.junit.runners.ParentRunner.access$000(ParentRunner.java:58)
	at org.junit.runners.ParentRunner$2.evaluate(ParentRunner.java:268)
	at org.junit.internal.runners.statements.RunBefores.evaluate(RunBefores.java:26)
	at org.junit.runners.ParentRunner.run(ParentRunner.java:363)
	at org.apache.maven.surefire.junit4.JUnit4Provider.execute(JUnit4Provider.java:365)
	at org.apache.maven.surefire.junit4.JUnit4Provider.executeWithRerun(JUnit4Provider.java:273)
	at org.apache.maven.surefire.junit4.JUnit4Provider.executeTestSet(JUnit4Provider.java:238)
	at org.apache.maven.surefire.junit4.JUnit4Provider.invoke(JUnit4Provider.java:159)
	at org.apache.maven.surefire.booter.ForkedBooter.invokeProviderInSameClassLoader(ForkedBooter.java:384)
	at org.apache.maven.surefire.booter.ForkedBooter.runSuitesInProcess(ForkedBooter.java:345)
	at org.apache.maven.surefire.booter.ForkedBooter.execute(ForkedBooter.java:126)
	at org.apache.maven.surefire.booter.ForkedBooter.main(ForkedBooter.java:418)
2020-06-22 14:22:50,195 [myid:] - ERROR [main:ZKTrustManager@162] - Failed to verify hostname: activate.navicat.com
javax.net.ssl.SSLPeerUnverifiedException: Certificate for <activate.navicat.com> doesn't match common name of the certificate subject: localhost
	at org.apache.zookeeper.common.ZKHostnameVerifier.matchCN(ZKHostnameVerifier.java:238)
	at org.apache.zookeeper.common.ZKHostnameVerifier.verify(ZKHostnameVerifier.java:184)
	at org.apache.zookeeper.common.ZKTrustManager.performHostVerification(ZKTrustManager.java:159)
	at org.apache.zookeeper.common.ZKTrustManager.checkServerTrusted(ZKTrustManager.java:90)
	at sun.security.ssl.ClientHandshaker.serverCertificate(ClientHandshaker.java:1670)
	at sun.security.ssl.ClientHandshaker.processMessage(ClientHandshaker.java:226)
	at sun.security.ssl.Handshaker.processLoop(Handshaker.java:1082)
	at sun.security.ssl.Handshaker.process_record(Handshaker.java:1010)
	at sun.security.ssl.SSLSocketImpl.readRecord(SSLSocketImpl.java:1079)
	at sun.security.ssl.SSLSocketImpl.performInitialHandshake(SSLSocketImpl.java:1388)
	at sun.security.ssl.SSLSocketImpl.startHandshake(SSLSocketImpl.java:1416)
	at sun.security.ssl.SSLSocketImpl.startHandshake(SSLSocketImpl.java:1400)
	at org.apache.zookeeper.client.FourLetterWordMain.send4LetterWord(FourLetterWordMain.java:105)
	at org.apache.zookeeper.client.FourLetterWordMain.send4LetterWord(FourLetterWordMain.java:73)
	at org.apache.zookeeper.test.ClientBase.waitForServerUp(ClientBase.java:261)
	at org.apache.zookeeper.test.ClientBase.startServerInstance(ClientBase.java:401)
	at org.apache.zookeeper.test.ClientBase.startServer(ClientBase.java:516)
	at org.apache.zookeeper.test.ClientBase.setUpWithServerId(ClientBase.java:499)
	at org.apache.zookeeper.test.ClientBase.setUp(ClientBase.java:474)
	at org.apache.zookeeper.test.SaslDigestAuthOverSSLTest.setUp(SaslDigestAuthOverSSLTest.java:62)
	at sun.reflect.NativeMethodAccessorImpl.invoke0(Native Method)
	at sun.reflect.NativeMethodAccessorImpl.invoke(NativeMethodAccessorImpl.java:62)
	at sun.reflect.DelegatingMethodAccessorImpl.invoke(DelegatingMethodAccessorImpl.java:43)
	at java.lang.reflect.Method.invoke(Method.java:498)
	at org.junit.runners.model.FrameworkMethod$1.runReflectiveCall(FrameworkMethod.java:50)
	at org.junit.internal.runners.model.ReflectiveCallable.run(ReflectiveCallable.java:12)
	at org.junit.runners.model.FrameworkMethod.invokeExplosively(FrameworkMethod.java:47)
	at mockit.integration.junit4.JUnit4TestRunnerDecorator.invokeExplosively(JUnit4TestRunnerDecorator.java:49)
	at mockit.integration.junit4.FakeFrameworkMethod.invokeExplosively(FakeFrameworkMethod.java:29)
	at org.junit.runners.model.FrameworkMethod.invokeExplosively(FrameworkMethod.java)
	at org.junit.internal.runners.statements.RunBefores.evaluate(RunBefores.java:24)
	at org.junit.internal.runners.statements.RunAfters.evaluate(RunAfters.java:27)
	at org.junit.rules.TestWatcher$1.evaluate(TestWatcher.java:55)
	at org.junit.rules.RunRules.evaluate(RunRules.java:20)
	at org.junit.runners.ParentRunner.runLeaf(ParentRunner.java:325)
	at org.junit.runners.BlockJUnit4ClassRunner.runChild(BlockJUnit4ClassRunner.java:78)
	at org.junit.runners.BlockJUnit4ClassRunner.runChild(BlockJUnit4ClassRunner.java:57)
	at org.junit.runners.ParentRunner$3.run(ParentRunner.java:290)
	at org.junit.runners.ParentRunner$1.schedule(ParentRunner.java:71)
	at org.junit.runners.ParentRunner.runChildren(ParentRunner.java:288)
	at org.junit.runners.ParentRunner.access$000(ParentRunner.java:58)
	at org.junit.runners.ParentRunner$2.evaluate(ParentRunner.java:268)
	at org.junit.internal.runners.statements.RunBefores.evaluate(RunBefores.java:26)
	at org.junit.runners.ParentRunner.run(ParentRunner.java:363)
	at org.apache.maven.surefire.junit4.JUnit4Provider.execute(JUnit4Provider.java:365)
	at org.apache.maven.surefire.junit4.JUnit4Provider.executeWithRerun(JUnit4Provider.java:273)
	at org.apache.maven.surefire.junit4.JUnit4Provider.executeTestSet(JUnit4Provider.java:238)
	at org.apache.maven.surefire.junit4.JUnit4Provider.invoke(JUnit4Provider.java:159)
	at org.apache.maven.surefire.booter.ForkedBooter.invokeProviderInSameClassLoader(ForkedBooter.java:384)
	at org.apache.maven.surefire.booter.ForkedBooter.runSuitesInProcess(ForkedBooter.java:345)
	at org.apache.maven.surefire.booter.ForkedBooter.execute(ForkedBooter.java:126)
	at org.apache.maven.surefire.booter.ForkedBooter.main(ForkedBooter.java:418)
2020-06-22 14:22:50,196 [myid:] - INFO  [main:ClientBase@270] - server 127.0.0.1:21995 not up
javax.net.ssl.SSLHandshakeException: java.security.cert.CertificateException: Failed to verify both host address and host name
	at sun.security.ssl.Alerts.getSSLException(Alerts.java:198)
	at sun.security.ssl.SSLSocketImpl.fatal(SSLSocketImpl.java:1967)
	at sun.security.ssl.Handshaker.fatalSE(Handshaker.java:331)
	at sun.security.ssl.Handshaker.fatalSE(Handshaker.java:325)
	at sun.security.ssl.ClientHandshaker.serverCertificate(ClientHandshaker.java:1688)
	at sun.security.ssl.ClientHandshaker.processMessage(ClientHandshaker.java:226)
	at sun.security.ssl.Handshaker.processLoop(Handshaker.java:1082)
	at sun.security.ssl.Handshaker.process_record(Handshaker.java:1010)
	at sun.security.ssl.SSLSocketImpl.readRecord(SSLSocketImpl.java:1079)
	at sun.security.ssl.SSLSocketImpl.performInitialHandshake(SSLSocketImpl.java:1388)
	at sun.security.ssl.SSLSocketImpl.startHandshake(SSLSocketImpl.java:1416)
	at sun.security.ssl.SSLSocketImpl.startHandshake(SSLSocketImpl.java:1400)
	at org.apache.zookeeper.client.FourLetterWordMain.send4LetterWord(FourLetterWordMain.java:105)
	at org.apache.zookeeper.client.FourLetterWordMain.send4LetterWord(FourLetterWordMain.java:73)
	at org.apache.zookeeper.test.ClientBase.waitForServerUp(ClientBase.java:261)
	at org.apache.zookeeper.test.ClientBase.startServerInstance(ClientBase.java:401)
	at org.apache.zookeeper.test.ClientBase.startServer(ClientBase.java:516)
	at org.apache.zookeeper.test.ClientBase.setUpWithServerId(ClientBase.java:499)
	at org.apache.zookeeper.test.ClientBase.setUp(ClientBase.java:474)
	at org.apache.zookeeper.test.SaslDigestAuthOverSSLTest.setUp(SaslDigestAuthOverSSLTest.java:62)
	at sun.reflect.NativeMethodAccessorImpl.invoke0(Native Method)
	at sun.reflect.NativeMethodAccessorImpl.invoke(NativeMethodAccessorImpl.java:62)
	at sun.reflect.DelegatingMethodAccessorImpl.invoke(DelegatingMethodAccessorImpl.java:43)
	at java.lang.reflect.Method.invoke(Method.java:498)
	at org.junit.runners.model.FrameworkMethod$1.runReflectiveCall(FrameworkMethod.java:50)
	at org.junit.internal.runners.model.ReflectiveCallable.run(ReflectiveCallable.java:12)
	at org.junit.runners.model.FrameworkMethod.invokeExplosively(FrameworkMethod.java:47)
	at mockit.integration.junit4.JUnit4TestRunnerDecorator.invokeExplosively(JUnit4TestRunnerDecorator.java:49)
	at mockit.integration.junit4.FakeFrameworkMethod.invokeExplosively(FakeFrameworkMethod.java:29)
	at org.junit.runners.model.FrameworkMethod.invokeExplosively(FrameworkMethod.java)
	at org.junit.internal.runners.statements.RunBefores.evaluate(RunBefores.java:24)
	at org.junit.internal.runners.statements.RunAfters.evaluate(RunAfters.java:27)
	at org.junit.rules.TestWatcher$1.evaluate(TestWatcher.java:55)
	at org.junit.rules.RunRules.evaluate(RunRules.java:20)
	at org.junit.runners.ParentRunner.runLeaf(ParentRunner.java:325)
	at org.junit.runners.BlockJUnit4ClassRunner.runChild(BlockJUnit4ClassRunner.java:78)
	at org.junit.runners.BlockJUnit4ClassRunner.runChild(BlockJUnit4ClassRunner.java:57)
	at org.junit.runners.ParentRunner$3.run(ParentRunner.java:290)
	at org.junit.runners.ParentRunner$1.schedule(ParentRunner.java:71)
	at org.junit.runners.ParentRunner.runChildren(ParentRunner.java:288)
	at org.junit.runners.ParentRunner.access$000(ParentRunner.java:58)
	at org.junit.runners.ParentRunner$2.evaluate(ParentRunner.java:268)
	at org.junit.internal.runners.statements.RunBefores.evaluate(RunBefores.java:26)
	at org.junit.runners.ParentRunner.run(ParentRunner.java:363)
	at org.apache.maven.surefire.junit4.JUnit4Provider.execute(JUnit4Provider.java:365)
	at org.apache.maven.surefire.junit4.JUnit4Provider.executeWithRerun(JUnit4Provider.java:273)
	at org.apache.maven.surefire.junit4.JUnit4Provider.executeTestSet(JUnit4Provider.java:238)
	at org.apache.maven.surefire.junit4.JUnit4Provider.invoke(JUnit4Provider.java:159)
	at org.apache.maven.surefire.booter.ForkedBooter.invokeProviderInSameClassLoader(ForkedBooter.java:384)
	at org.apache.maven.surefire.booter.ForkedBooter.runSuitesInProcess(ForkedBooter.java:345)
	at org.apache.maven.surefire.booter.ForkedBooter.execute(ForkedBooter.java:126)
	at org.apache.maven.surefire.booter.ForkedBooter.main(ForkedBooter.java:418)
Caused by: java.security.cert.CertificateException: Failed to verify both host address and host name
	at org.apache.zookeeper.common.ZKTrustManager.performHostVerification(ZKTrustManager.java:163)
	at org.apache.zookeeper.common.ZKTrustManager.checkServerTrusted(ZKTrustManager.java:90)
	at sun.security.ssl.ClientHandshaker.serverCertificate(ClientHandshaker.java:1670)
	... 47 more
Caused by: javax.net.ssl.SSLPeerUnverifiedException: Certificate for <activate.navicat.com> doesn't match common name of the certificate subject: localhost
	at org.apache.zookeeper.common.ZKHostnameVerifier.matchCN(ZKHostnameVerifier.java:238)
	at org.apache.zookeeper.common.ZKHostnameVerifier.verify(ZKHostnameVerifier.java:184)
	at org.apache.zookeeper.common.ZKTrustManager.performHostVerification(ZKTrustManager.java:159)
	... 49 more
2020-06-22 14:22:50,196 [myid:] - ERROR [nioEventLoopGroup-4-16:NettyServerCnxnFactory$CertificateVerifier@434] - Unsuccessful handshake with session 0x0
2020-06-22 14:22:50,197 [myid:] - WARN  [nioEventLoopGroup-4-16:NettyServerCnxnFactory$CnxnChannelHandler@273] - Exception caught
io.netty.handler.codec.DecoderException: javax.net.ssl.SSLException: Received fatal alert: certificate_unknown
	at io.netty.handler.codec.ByteToMessageDecoder.callDecode(ByteToMessageDecoder.java:468)
	at io.netty.handler.codec.ByteToMessageDecoder.channelRead(ByteToMessageDecoder.java:276)
	at io.netty.channel.AbstractChannelHandlerContext.invokeChannelRead(AbstractChannelHandlerContext.java:379)
	at io.netty.channel.AbstractChannelHandlerContext.invokeChannelRead(AbstractChannelHandlerContext.java:365)
	at io.netty.channel.AbstractChannelHandlerContext.fireChannelRead(AbstractChannelHandlerContext.java:357)
	at io.netty.channel.DefaultChannelPipeline$HeadContext.channelRead(DefaultChannelPipeline.java:1410)
	at io.netty.channel.AbstractChannelHandlerContext.invokeChannelRead(AbstractChannelHandlerContext.java:379)
	at io.netty.channel.AbstractChannelHandlerContext.invokeChannelRead(AbstractChannelHandlerContext.java:365)
	at io.netty.channel.DefaultChannelPipeline.fireChannelRead(DefaultChannelPipeline.java:919)
	at io.netty.channel.nio.AbstractNioByteChannel$NioByteUnsafe.read(AbstractNioByteChannel.java:163)
	at io.netty.channel.nio.NioEventLoop.processSelectedKey(NioEventLoop.java:714)
	at io.netty.channel.nio.NioEventLoop.processSelectedKeysOptimized(NioEventLoop.java:650)
	at io.netty.channel.nio.NioEventLoop.processSelectedKeys(NioEventLoop.java:576)
	at io.netty.channel.nio.NioEventLoop.run(NioEventLoop.java:493)
	at io.netty.util.concurrent.SingleThreadEventExecutor$4.run(SingleThreadEventExecutor.java:989)
	at io.netty.util.internal.ThreadExecutorMap$2.run(ThreadExecutorMap.java:74)
	at io.netty.util.concurrent.FastThreadLocalRunnable.run(FastThreadLocalRunnable.java:30)
	at java.lang.Thread.run(Thread.java:748)
Caused by: javax.net.ssl.SSLException: Received fatal alert: certificate_unknown
	at sun.security.ssl.Alerts.getSSLException(Alerts.java:214)
	at sun.security.ssl.SSLEngineImpl.fatal(SSLEngineImpl.java:1667)
	at sun.security.ssl.SSLEngineImpl.fatal(SSLEngineImpl.java:1635)
	at sun.security.ssl.SSLEngineImpl.recvAlert(SSLEngineImpl.java:1801)
	at sun.security.ssl.SSLEngineImpl.readRecord(SSLEngineImpl.java:1090)
	at sun.security.ssl.SSLEngineImpl.readNetRecord(SSLEngineImpl.java:913)
	at sun.security.ssl.SSLEngineImpl.unwrap(SSLEngineImpl.java:783)
	at javax.net.ssl.SSLEngine.unwrap(SSLEngine.java:626)
	at io.netty.handler.ssl.SslHandler$SslEngineType$3.unwrap(SslHandler.java:281)
	at io.netty.handler.ssl.SslHandler.unwrap(SslHandler.java:1340)
	at io.netty.handler.ssl.SslHandler.decodeJdkCompatible(SslHandler.java:1235)
	at io.netty.handler.ssl.SslHandler.decode(SslHandler.java:1282)
	at io.netty.handler.codec.ByteToMessageDecoder.decodeRemovalReentryProtection(ByteToMessageDecoder.java:498)
	at io.netty.handler.codec.ByteToMessageDecoder.callDecode(ByteToMessageDecoder.java:437)
	... 17 more
2020-06-22 14:22:50,198 [myid:] - WARN  [nioEventLoopGroup-4-16:NettyServerCnxnFactory$CnxnChannelHandler@273] - Exception caught
io.netty.handler.codec.DecoderException: javax.net.ssl.SSLException: Received fatal alert: certificate_unknown
	at io.netty.handler.codec.ByteToMessageDecoder.callDecode(ByteToMessageDecoder.java:468)
	at io.netty.handler.codec.ByteToMessageDecoder.channelInputClosed(ByteToMessageDecoder.java:401)
	at io.netty.handler.codec.ByteToMessageDecoder.channelInputClosed(ByteToMessageDecoder.java:368)
	at io.netty.handler.codec.ByteToMessageDecoder.channelInactive(ByteToMessageDecoder.java:351)
	at io.netty.handler.ssl.SslHandler.channelInactive(SslHandler.java:1084)
	at io.netty.channel.AbstractChannelHandlerContext.invokeChannelInactive(AbstractChannelHandlerContext.java:262)
	at io.netty.channel.AbstractChannelHandlerContext.invokeChannelInactive(AbstractChannelHandlerContext.java:248)
	at io.netty.channel.AbstractChannelHandlerContext.fireChannelInactive(AbstractChannelHandlerContext.java:241)
	at io.netty.channel.DefaultChannelPipeline$HeadContext.channelInactive(DefaultChannelPipeline.java:1405)
	at io.netty.channel.AbstractChannelHandlerContext.invokeChannelInactive(AbstractChannelHandlerContext.java:262)
	at io.netty.channel.AbstractChannelHandlerContext.invokeChannelInactive(AbstractChannelHandlerContext.java:248)
	at io.netty.channel.DefaultChannelPipeline.fireChannelInactive(DefaultChannelPipeline.java:901)
	at io.netty.channel.AbstractChannel$AbstractUnsafe$8.run(AbstractChannel.java:818)
	at io.netty.util.concurrent.AbstractEventExecutor.safeExecute(AbstractEventExecutor.java:164)
	at io.netty.util.concurrent.SingleThreadEventExecutor.runAllTasks(SingleThreadEventExecutor.java:472)
	at io.netty.channel.nio.NioEventLoop.run(NioEventLoop.java:497)
	at io.netty.util.concurrent.SingleThreadEventExecutor$4.run(SingleThreadEventExecutor.java:989)
	at io.netty.util.internal.ThreadExecutorMap$2.run(ThreadExecutorMap.java:74)
	at io.netty.util.concurrent.FastThreadLocalRunnable.run(FastThreadLocalRunnable.java:30)
	at java.lang.Thread.run(Thread.java:748)
Caused by: javax.net.ssl.SSLException: Received fatal alert: certificate_unknown
	at sun.security.ssl.Alerts.getSSLException(Alerts.java:214)
	at sun.security.ssl.SSLEngineImpl.fatal(SSLEngineImpl.java:1667)
	at sun.security.ssl.SSLEngineImpl.fatal(SSLEngineImpl.java:1635)
	at sun.security.ssl.SSLEngineImpl.recvAlert(SSLEngineImpl.java:1801)
	at sun.security.ssl.SSLEngineImpl.readRecord(SSLEngineImpl.java:1090)
	at sun.security.ssl.SSLEngineImpl.readNetRecord(SSLEngineImpl.java:913)
	at sun.security.ssl.SSLEngineImpl.unwrap(SSLEngineImpl.java:783)
	at javax.net.ssl.SSLEngine.unwrap(SSLEngine.java:626)
	at io.netty.handler.ssl.SslHandler$SslEngineType$3.unwrap(SslHandler.java:281)
	at io.netty.handler.ssl.SslHandler.unwrap(SslHandler.java:1340)
	at io.netty.handler.ssl.SslHandler.decodeJdkCompatible(SslHandler.java:1235)
	at io.netty.handler.ssl.SslHandler.decode(SslHandler.java:1282)
	at io.netty.handler.codec.ByteToMessageDecoder.decodeRemovalReentryProtection(ByteToMessageDecoder.java:498)
	at io.netty.handler.codec.ByteToMessageDecoder.callDecode(ByteToMessageDecoder.java:437)
	... 19 more
2020-06-22 14:22:50,447 [myid:] - INFO  [main:FourLetterWordMain@93] - connecting to 127.0.0.1 21995
2020-06-22 14:22:50,447 [myid:] - INFO  [main:FourLetterWordMain@99] - using secure socket
2020-06-22 14:22:50,455 [myid:] - ERROR [main:ZKTrustManager@161] - Failed to verify host address: 127.0.0.1
javax.net.ssl.SSLPeerUnverifiedException: Certificate for <127.0.0.1> doesn't match common name of the certificate subject: localhost
	at org.apache.zookeeper.common.ZKHostnameVerifier.matchCN(ZKHostnameVerifier.java:238)
	at org.apache.zookeeper.common.ZKHostnameVerifier.verify(ZKHostnameVerifier.java:184)
	at org.apache.zookeeper.common.ZKTrustManager.performHostVerification(ZKTrustManager.java:151)
	at org.apache.zookeeper.common.ZKTrustManager.checkServerTrusted(ZKTrustManager.java:90)
	at sun.security.ssl.ClientHandshaker.serverCertificate(ClientHandshaker.java:1670)
	at sun.security.ssl.ClientHandshaker.processMessage(ClientHandshaker.java:226)
	at sun.security.ssl.Handshaker.processLoop(Handshaker.java:1082)
	at sun.security.ssl.Handshaker.process_record(Handshaker.java:1010)
	at sun.security.ssl.SSLSocketImpl.readRecord(SSLSocketImpl.java:1079)
	at sun.security.ssl.SSLSocketImpl.performInitialHandshake(SSLSocketImpl.java:1388)
	at sun.security.ssl.SSLSocketImpl.startHandshake(SSLSocketImpl.java:1416)
	at sun.security.ssl.SSLSocketImpl.startHandshake(SSLSocketImpl.java:1400)
	at org.apache.zookeeper.client.FourLetterWordMain.send4LetterWord(FourLetterWordMain.java:105)
	at org.apache.zookeeper.client.FourLetterWordMain.send4LetterWord(FourLetterWordMain.java:73)
	at org.apache.zookeeper.test.ClientBase.waitForServerUp(ClientBase.java:261)
	at org.apache.zookeeper.test.ClientBase.startServerInstance(ClientBase.java:401)
	at org.apache.zookeeper.test.ClientBase.startServer(ClientBase.java:516)
	at org.apache.zookeeper.test.ClientBase.setUpWithServerId(ClientBase.java:499)
	at org.apache.zookeeper.test.ClientBase.setUp(ClientBase.java:474)
	at org.apache.zookeeper.test.SaslDigestAuthOverSSLTest.setUp(SaslDigestAuthOverSSLTest.java:62)
	at sun.reflect.NativeMethodAccessorImpl.invoke0(Native Method)
	at sun.reflect.NativeMethodAccessorImpl.invoke(NativeMethodAccessorImpl.java:62)
	at sun.reflect.DelegatingMethodAccessorImpl.invoke(DelegatingMethodAccessorImpl.java:43)
	at java.lang.reflect.Method.invoke(Method.java:498)
	at org.junit.runners.model.FrameworkMethod$1.runReflectiveCall(FrameworkMethod.java:50)
	at org.junit.internal.runners.model.ReflectiveCallable.run(ReflectiveCallable.java:12)
	at org.junit.runners.model.FrameworkMethod.invokeExplosively(FrameworkMethod.java:47)
	at mockit.integration.junit4.JUnit4TestRunnerDecorator.invokeExplosively(JUnit4TestRunnerDecorator.java:49)
	at mockit.integration.junit4.FakeFrameworkMethod.invokeExplosively(FakeFrameworkMethod.java:29)
	at org.junit.runners.model.FrameworkMethod.invokeExplosively(FrameworkMethod.java)
	at org.junit.internal.runners.statements.RunBefores.evaluate(RunBefores.java:24)
	at org.junit.internal.runners.statements.RunAfters.evaluate(RunAfters.java:27)
	at org.junit.rules.TestWatcher$1.evaluate(TestWatcher.java:55)
	at org.junit.rules.RunRules.evaluate(RunRules.java:20)
	at org.junit.runners.ParentRunner.runLeaf(ParentRunner.java:325)
	at org.junit.runners.BlockJUnit4ClassRunner.runChild(BlockJUnit4ClassRunner.java:78)
	at org.junit.runners.BlockJUnit4ClassRunner.runChild(BlockJUnit4ClassRunner.java:57)
	at org.junit.runners.ParentRunner$3.run(ParentRunner.java:290)
	at org.junit.runners.ParentRunner$1.schedule(ParentRunner.java:71)
	at org.junit.runners.ParentRunner.runChildren(ParentRunner.java:288)
	at org.junit.runners.ParentRunner.access$000(ParentRunner.java:58)
	at org.junit.runners.ParentRunner$2.evaluate(ParentRunner.java:268)
	at org.junit.internal.runners.statements.RunBefores.evaluate(RunBefores.java:26)
	at org.junit.runners.ParentRunner.run(ParentRunner.java:363)
	at org.apache.maven.surefire.junit4.JUnit4Provider.execute(JUnit4Provider.java:365)
	at org.apache.maven.surefire.junit4.JUnit4Provider.executeWithRerun(JUnit4Provider.java:273)
	at org.apache.maven.surefire.junit4.JUnit4Provider.executeTestSet(JUnit4Provider.java:238)
	at org.apache.maven.surefire.junit4.JUnit4Provider.invoke(JUnit4Provider.java:159)
	at org.apache.maven.surefire.booter.ForkedBooter.invokeProviderInSameClassLoader(ForkedBooter.java:384)
	at org.apache.maven.surefire.booter.ForkedBooter.runSuitesInProcess(ForkedBooter.java:345)
	at org.apache.maven.surefire.booter.ForkedBooter.execute(ForkedBooter.java:126)
	at org.apache.maven.surefire.booter.ForkedBooter.main(ForkedBooter.java:418)
2020-06-22 14:22:50,455 [myid:] - ERROR [main:ZKTrustManager@162] - Failed to verify hostname: activate.navicat.com
javax.net.ssl.SSLPeerUnverifiedException: Certificate for <activate.navicat.com> doesn't match common name of the certificate subject: localhost
	at org.apache.zookeeper.common.ZKHostnameVerifier.matchCN(ZKHostnameVerifier.java:238)
	at org.apache.zookeeper.common.ZKHostnameVerifier.verify(ZKHostnameVerifier.java:184)
	at org.apache.zookeeper.common.ZKTrustManager.performHostVerification(ZKTrustManager.java:159)
	at org.apache.zookeeper.common.ZKTrustManager.checkServerTrusted(ZKTrustManager.java:90)
	at sun.security.ssl.ClientHandshaker.serverCertificate(ClientHandshaker.java:1670)
	at sun.security.ssl.ClientHandshaker.processMessage(ClientHandshaker.java:226)
	at sun.security.ssl.Handshaker.processLoop(Handshaker.java:1082)
	at sun.security.ssl.Handshaker.process_record(Handshaker.java:1010)
	at sun.security.ssl.SSLSocketImpl.readRecord(SSLSocketImpl.java:1079)
	at sun.security.ssl.SSLSocketImpl.performInitialHandshake(SSLSocketImpl.java:1388)
	at sun.security.ssl.SSLSocketImpl.startHandshake(SSLSocketImpl.java:1416)
	at sun.security.ssl.SSLSocketImpl.startHandshake(SSLSocketImpl.java:1400)
	at org.apache.zookeeper.client.FourLetterWordMain.send4LetterWord(FourLetterWordMain.java:105)
	at org.apache.zookeeper.client.FourLetterWordMain.send4LetterWord(FourLetterWordMain.java:73)
	at org.apache.zookeeper.test.ClientBase.waitForServerUp(ClientBase.java:261)
	at org.apache.zookeeper.test.ClientBase.startServerInstance(ClientBase.java:401)
	at org.apache.zookeeper.test.ClientBase.startServer(ClientBase.java:516)
	at org.apache.zookeeper.test.ClientBase.setUpWithServerId(ClientBase.java:499)
	at org.apache.zookeeper.test.ClientBase.setUp(ClientBase.java:474)
	at org.apache.zookeeper.test.SaslDigestAuthOverSSLTest.setUp(SaslDigestAuthOverSSLTest.java:62)
	at sun.reflect.NativeMethodAccessorImpl.invoke0(Native Method)
	at sun.reflect.NativeMethodAccessorImpl.invoke(NativeMethodAccessorImpl.java:62)
	at sun.reflect.DelegatingMethodAccessorImpl.invoke(DelegatingMethodAccessorImpl.java:43)
	at java.lang.reflect.Method.invoke(Method.java:498)
	at org.junit.runners.model.FrameworkMethod$1.runReflectiveCall(FrameworkMethod.java:50)
	at org.junit.internal.runners.model.ReflectiveCallable.run(ReflectiveCallable.java:12)
	at org.junit.runners.model.FrameworkMethod.invokeExplosively(FrameworkMethod.java:47)
	at mockit.integration.junit4.JUnit4TestRunnerDecorator.invokeExplosively(JUnit4TestRunnerDecorator.java:49)
	at mockit.integration.junit4.FakeFrameworkMethod.invokeExplosively(FakeFrameworkMethod.java:29)
	at org.junit.runners.model.FrameworkMethod.invokeExplosively(FrameworkMethod.java)
	at org.junit.internal.runners.statements.RunBefores.evaluate(RunBefores.java:24)
	at org.junit.internal.runners.statements.RunAfters.evaluate(RunAfters.java:27)
	at org.junit.rules.TestWatcher$1.evaluate(TestWatcher.java:55)
	at org.junit.rules.RunRules.evaluate(RunRules.java:20)
	at org.junit.runners.ParentRunner.runLeaf(ParentRunner.java:325)
	at org.junit.runners.BlockJUnit4ClassRunner.runChild(BlockJUnit4ClassRunner.java:78)
	at org.junit.runners.BlockJUnit4ClassRunner.runChild(BlockJUnit4ClassRunner.java:57)
	at org.junit.runners.ParentRunner$3.run(ParentRunner.java:290)
	at org.junit.runners.ParentRunner$1.schedule(ParentRunner.java:71)
	at org.junit.runners.ParentRunner.runChildren(ParentRunner.java:288)
	at org.junit.runners.ParentRunner.access$000(ParentRunner.java:58)
	at org.junit.runners.ParentRunner$2.evaluate(ParentRunner.java:268)
	at org.junit.internal.runners.statements.RunBefores.evaluate(RunBefores.java:26)
	at org.junit.runners.ParentRunner.run(ParentRunner.java:363)
	at org.apache.maven.surefire.junit4.JUnit4Provider.execute(JUnit4Provider.java:365)
	at org.apache.maven.surefire.junit4.JUnit4Provider.executeWithRerun(JUnit4Provider.java:273)
	at org.apache.maven.surefire.junit4.JUnit4Provider.executeTestSet(JUnit4Provider.java:238)
	at org.apache.maven.surefire.junit4.JUnit4Provider.invoke(JUnit4Provider.java:159)
	at org.apache.maven.surefire.booter.ForkedBooter.invokeProviderInSameClassLoader(ForkedBooter.java:384)
	at org.apache.maven.surefire.booter.ForkedBooter.runSuitesInProcess(ForkedBooter.java:345)
	at org.apache.maven.surefire.booter.ForkedBooter.execute(ForkedBooter.java:126)
	at org.apache.maven.surefire.booter.ForkedBooter.main(ForkedBooter.java:418)
2020-06-22 14:22:50,455 [myid:] - INFO  [main:ClientBase@270] - server 127.0.0.1:21995 not up
javax.net.ssl.SSLHandshakeException: java.security.cert.CertificateException: Failed to verify both host address and host name
	at sun.security.ssl.Alerts.getSSLException(Alerts.java:198)
	at sun.security.ssl.SSLSocketImpl.fatal(SSLSocketImpl.java:1967)
	at sun.security.ssl.Handshaker.fatalSE(Handshaker.java:331)
	at sun.security.ssl.Handshaker.fatalSE(Handshaker.java:325)
	at sun.security.ssl.ClientHandshaker.serverCertificate(ClientHandshaker.java:1688)
	at sun.security.ssl.ClientHandshaker.processMessage(ClientHandshaker.java:226)
	at sun.security.ssl.Handshaker.processLoop(Handshaker.java:1082)
	at sun.security.ssl.Handshaker.process_record(Handshaker.java:1010)
	at sun.security.ssl.SSLSocketImpl.readRecord(SSLSocketImpl.java:1079)
	at sun.security.ssl.SSLSocketImpl.performInitialHandshake(SSLSocketImpl.java:1388)
	at sun.security.ssl.SSLSocketImpl.startHandshake(SSLSocketImpl.java:1416)
	at sun.security.ssl.SSLSocketImpl.startHandshake(SSLSocketImpl.java:1400)
	at org.apache.zookeeper.client.FourLetterWordMain.send4LetterWord(FourLetterWordMain.java:105)
	at org.apache.zookeeper.client.FourLetterWordMain.send4LetterWord(FourLetterWordMain.java:73)
	at org.apache.zookeeper.test.ClientBase.waitForServerUp(ClientBase.java:261)
	at org.apache.zookeeper.test.ClientBase.startServerInstance(ClientBase.java:401)
	at org.apache.zookeeper.test.ClientBase.startServer(ClientBase.java:516)
	at org.apache.zookeeper.test.ClientBase.setUpWithServerId(ClientBase.java:499)
	at org.apache.zookeeper.test.ClientBase.setUp(ClientBase.java:474)
	at org.apache.zookeeper.test.SaslDigestAuthOverSSLTest.setUp(SaslDigestAuthOverSSLTest.java:62)
	at sun.reflect.NativeMethodAccessorImpl.invoke0(Native Method)
	at sun.reflect.NativeMethodAccessorImpl.invoke(NativeMethodAccessorImpl.java:62)
	at sun.reflect.DelegatingMethodAccessorImpl.invoke(DelegatingMethodAccessorImpl.java:43)
	at java.lang.reflect.Method.invoke(Method.java:498)
	at org.junit.runners.model.FrameworkMethod$1.runReflectiveCall(FrameworkMethod.java:50)
	at org.junit.internal.runners.model.ReflectiveCallable.run(ReflectiveCallable.java:12)
	at org.junit.runners.model.FrameworkMethod.invokeExplosively(FrameworkMethod.java:47)
	at mockit.integration.junit4.JUnit4TestRunnerDecorator.invokeExplosively(JUnit4TestRunnerDecorator.java:49)
	at mockit.integration.junit4.FakeFrameworkMethod.invokeExplosively(FakeFrameworkMethod.java:29)
	at org.junit.runners.model.FrameworkMethod.invokeExplosively(FrameworkMethod.java)
	at org.junit.internal.runners.statements.RunBefores.evaluate(RunBefores.java:24)
	at org.junit.internal.runners.statements.RunAfters.evaluate(RunAfters.java:27)
	at org.junit.rules.TestWatcher$1.evaluate(TestWatcher.java:55)
	at org.junit.rules.RunRules.evaluate(RunRules.java:20)
	at org.junit.runners.ParentRunner.runLeaf(ParentRunner.java:325)
	at org.junit.runners.BlockJUnit4ClassRunner.runChild(BlockJUnit4ClassRunner.java:78)
	at org.junit.runners.BlockJUnit4ClassRunner.runChild(BlockJUnit4ClassRunner.java:57)
	at org.junit.runners.ParentRunner$3.run(ParentRunner.java:290)
	at org.junit.runners.ParentRunner$1.schedule(ParentRunner.java:71)
	at org.junit.runners.ParentRunner.runChildren(ParentRunner.java:288)
	at org.junit.runners.ParentRunner.access$000(ParentRunner.java:58)
	at org.junit.runners.ParentRunner$2.evaluate(ParentRunner.java:268)
	at org.junit.internal.runners.statements.RunBefores.evaluate(RunBefores.java:26)
	at org.junit.runners.ParentRunner.run(ParentRunner.java:363)
	at org.apache.maven.surefire.junit4.JUnit4Provider.execute(JUnit4Provider.java:365)
	at org.apache.maven.surefire.junit4.JUnit4Provider.executeWithRerun(JUnit4Provider.java:273)
	at org.apache.maven.surefire.junit4.JUnit4Provider.executeTestSet(JUnit4Provider.java:238)
	at org.apache.maven.surefire.junit4.JUnit4Provider.invoke(JUnit4Provider.java:159)
	at org.apache.maven.surefire.booter.ForkedBooter.invokeProviderInSameClassLoader(ForkedBooter.java:384)
	at org.apache.maven.surefire.booter.ForkedBooter.runSuitesInProcess(ForkedBooter.java:345)
	at org.apache.maven.surefire.booter.ForkedBooter.execute(ForkedBooter.java:126)
	at org.apache.maven.surefire.booter.ForkedBooter.main(ForkedBooter.java:418)
Caused by: java.security.cert.CertificateException: Failed to verify both host address and host name
	at org.apache.zookeeper.common.ZKTrustManager.performHostVerification(ZKTrustManager.java:163)
	at org.apache.zookeeper.common.ZKTrustManager.checkServerTrusted(ZKTrustManager.java:90)
	at sun.security.ssl.ClientHandshaker.serverCertificate(ClientHandshaker.java:1670)
	... 47 more
Caused by: javax.net.ssl.SSLPeerUnverifiedException: Certificate for <activate.navicat.com> doesn't match common name of the certificate subject: localhost
	at org.apache.zookeeper.common.ZKHostnameVerifier.matchCN(ZKHostnameVerifier.java:238)
	at org.apache.zookeeper.common.ZKHostnameVerifier.verify(ZKHostnameVerifier.java:184)
	at org.apache.zookeeper.common.ZKTrustManager.performHostVerification(ZKTrustManager.java:159)
	... 49 more
2020-06-22 14:22:50,455 [myid:] - ERROR [nioEventLoopGroup-4-1:NettyServerCnxnFactory$CertificateVerifier@434] - Unsuccessful handshake with session 0x0
2020-06-22 14:22:50,456 [myid:] - WARN  [nioEventLoopGroup-4-1:NettyServerCnxnFactory$CnxnChannelHandler@273] - Exception caught
io.netty.handler.codec.DecoderException: javax.net.ssl.SSLException: Received fatal alert: certificate_unknown
	at io.netty.handler.codec.ByteToMessageDecoder.callDecode(ByteToMessageDecoder.java:468)
	at io.netty.handler.codec.ByteToMessageDecoder.channelRead(ByteToMessageDecoder.java:276)
	at io.netty.channel.AbstractChannelHandlerContext.invokeChannelRead(AbstractChannelHandlerContext.java:379)
	at io.netty.channel.AbstractChannelHandlerContext.invokeChannelRead(AbstractChannelHandlerContext.java:365)
	at io.netty.channel.AbstractChannelHandlerContext.fireChannelRead(AbstractChannelHandlerContext.java:357)
	at io.netty.channel.DefaultChannelPipeline$HeadContext.channelRead(DefaultChannelPipeline.java:1410)
	at io.netty.channel.AbstractChannelHandlerContext.invokeChannelRead(AbstractChannelHandlerContext.java:379)
	at io.netty.channel.AbstractChannelHandlerContext.invokeChannelRead(AbstractChannelHandlerContext.java:365)
	at io.netty.channel.DefaultChannelPipeline.fireChannelRead(DefaultChannelPipeline.java:919)
	at io.netty.channel.nio.AbstractNioByteChannel$NioByteUnsafe.read(AbstractNioByteChannel.java:163)
	at io.netty.channel.nio.NioEventLoop.processSelectedKey(NioEventLoop.java:714)
	at io.netty.channel.nio.NioEventLoop.processSelectedKeysOptimized(NioEventLoop.java:650)
	at io.netty.channel.nio.NioEventLoop.processSelectedKeys(NioEventLoop.java:576)
	at io.netty.channel.nio.NioEventLoop.run(NioEventLoop.java:493)
	at io.netty.util.concurrent.SingleThreadEventExecutor$4.run(SingleThreadEventExecutor.java:989)
	at io.netty.util.internal.ThreadExecutorMap$2.run(ThreadExecutorMap.java:74)
	at io.netty.util.concurrent.FastThreadLocalRunnable.run(FastThreadLocalRunnable.java:30)
	at java.lang.Thread.run(Thread.java:748)
Caused by: javax.net.ssl.SSLException: Received fatal alert: certificate_unknown
	at sun.security.ssl.Alerts.getSSLException(Alerts.java:214)
	at sun.security.ssl.SSLEngineImpl.fatal(SSLEngineImpl.java:1667)
	at sun.security.ssl.SSLEngineImpl.fatal(SSLEngineImpl.java:1635)
	at sun.security.ssl.SSLEngineImpl.recvAlert(SSLEngineImpl.java:1801)
	at sun.security.ssl.SSLEngineImpl.readRecord(SSLEngineImpl.java:1090)
	at sun.security.ssl.SSLEngineImpl.readNetRecord(SSLEngineImpl.java:913)
	at sun.security.ssl.SSLEngineImpl.unwrap(SSLEngineImpl.java:783)
	at javax.net.ssl.SSLEngine.unwrap(SSLEngine.java:626)
	at io.netty.handler.ssl.SslHandler$SslEngineType$3.unwrap(SslHandler.java:281)
	at io.netty.handler.ssl.SslHandler.unwrap(SslHandler.java:1340)
	at io.netty.handler.ssl.SslHandler.decodeJdkCompatible(SslHandler.java:1235)
	at io.netty.handler.ssl.SslHandler.decode(SslHandler.java:1282)
	at io.netty.handler.codec.ByteToMessageDecoder.decodeRemovalReentryProtection(ByteToMessageDecoder.java:498)
	at io.netty.handler.codec.ByteToMessageDecoder.callDecode(ByteToMessageDecoder.java:437)
	... 17 more
2020-06-22 14:22:50,457 [myid:] - WARN  [nioEventLoopGroup-4-1:NettyServerCnxnFactory$CnxnChannelHandler@273] - Exception caught
io.netty.handler.codec.DecoderException: javax.net.ssl.SSLException: Received fatal alert: certificate_unknown
	at io.netty.handler.codec.ByteToMessageDecoder.callDecode(ByteToMessageDecoder.java:468)
	at io.netty.handler.codec.ByteToMessageDecoder.channelInputClosed(ByteToMessageDecoder.java:401)
	at io.netty.handler.codec.ByteToMessageDecoder.channelInputClosed(ByteToMessageDecoder.java:368)
	at io.netty.handler.codec.ByteToMessageDecoder.channelInactive(ByteToMessageDecoder.java:351)
	at io.netty.handler.ssl.SslHandler.channelInactive(SslHandler.java:1084)
	at io.netty.channel.AbstractChannelHandlerContext.invokeChannelInactive(AbstractChannelHandlerContext.java:262)
	at io.netty.channel.AbstractChannelHandlerContext.invokeChannelInactive(AbstractChannelHandlerContext.java:248)
	at io.netty.channel.AbstractChannelHandlerContext.fireChannelInactive(AbstractChannelHandlerContext.java:241)
	at io.netty.channel.DefaultChannelPipeline$HeadContext.channelInactive(DefaultChannelPipeline.java:1405)
	at io.netty.channel.AbstractChannelHandlerContext.invokeChannelInactive(AbstractChannelHandlerContext.java:262)
	at io.netty.channel.AbstractChannelHandlerContext.invokeChannelInactive(AbstractChannelHandlerContext.java:248)
	at io.netty.channel.DefaultChannelPipeline.fireChannelInactive(DefaultChannelPipeline.java:901)
	at io.netty.channel.AbstractChannel$AbstractUnsafe$8.run(AbstractChannel.java:818)
	at io.netty.util.concurrent.AbstractEventExecutor.safeExecute(AbstractEventExecutor.java:164)
	at io.netty.util.concurrent.SingleThreadEventExecutor.runAllTasks(SingleThreadEventExecutor.java:472)
	at io.netty.channel.nio.NioEventLoop.run(NioEventLoop.java:497)
	at io.netty.util.concurrent.SingleThreadEventExecutor$4.run(SingleThreadEventExecutor.java:989)
	at io.netty.util.internal.ThreadExecutorMap$2.run(ThreadExecutorMap.java:74)
	at io.netty.util.concurrent.FastThreadLocalRunnable.run(FastThreadLocalRunnable.java:30)
	at java.lang.Thread.run(Thread.java:748)
Caused by: javax.net.ssl.SSLException: Received fatal alert: certificate_unknown
	at sun.security.ssl.Alerts.getSSLException(Alerts.java:214)
	at sun.security.ssl.SSLEngineImpl.fatal(SSLEngineImpl.java:1667)
	at sun.security.ssl.SSLEngineImpl.fatal(SSLEngineImpl.java:1635)
	at sun.security.ssl.SSLEngineImpl.recvAlert(SSLEngineImpl.java:1801)
	at sun.security.ssl.SSLEngineImpl.readRecord(SSLEngineImpl.java:1090)
	at sun.security.ssl.SSLEngineImpl.readNetRecord(SSLEngineImpl.java:913)
	at sun.security.ssl.SSLEngineImpl.unwrap(SSLEngineImpl.java:783)
	at javax.net.ssl.SSLEngine.unwrap(SSLEngine.java:626)
	at io.netty.handler.ssl.SslHandler$SslEngineType$3.unwrap(SslHandler.java:281)
	at io.netty.handler.ssl.SslHandler.unwrap(SslHandler.java:1340)
	at io.netty.handler.ssl.SslHandler.decodeJdkCompatible(SslHandler.java:1235)
	at io.netty.handler.ssl.SslHandler.decode(SslHandler.java:1282)
	at io.netty.handler.codec.ByteToMessageDecoder.decodeRemovalReentryProtection(ByteToMessageDecoder.java:498)
	at io.netty.handler.codec.ByteToMessageDecoder.callDecode(ByteToMessageDecoder.java:437)
	... 19 more
2020-06-22 14:22:50,706 [myid:] - INFO  [main:FourLetterWordMain@93] - connecting to 127.0.0.1 21995
2020-06-22 14:22:50,706 [myid:] - INFO  [main:FourLetterWordMain@99] - using secure socket
2020-06-22 14:22:50,715 [myid:] - ERROR [main:ZKTrustManager@161] - Failed to verify host address: 127.0.0.1
javax.net.ssl.SSLPeerUnverifiedException: Certificate for <127.0.0.1> doesn't match common name of the certificate subject: localhost
	at org.apache.zookeeper.common.ZKHostnameVerifier.matchCN(ZKHostnameVerifier.java:238)
	at org.apache.zookeeper.common.ZKHostnameVerifier.verify(ZKHostnameVerifier.java:184)
	at org.apache.zookeeper.common.ZKTrustManager.performHostVerification(ZKTrustManager.java:151)
	at org.apache.zookeeper.common.ZKTrustManager.checkServerTrusted(ZKTrustManager.java:90)
	at sun.security.ssl.ClientHandshaker.serverCertificate(ClientHandshaker.java:1670)
	at sun.security.ssl.ClientHandshaker.processMessage(ClientHandshaker.java:226)
	at sun.security.ssl.Handshaker.processLoop(Handshaker.java:1082)
	at sun.security.ssl.Handshaker.process_record(Handshaker.java:1010)
	at sun.security.ssl.SSLSocketImpl.readRecord(SSLSocketImpl.java:1079)
	at sun.security.ssl.SSLSocketImpl.performInitialHandshake(SSLSocketImpl.java:1388)
	at sun.security.ssl.SSLSocketImpl.startHandshake(SSLSocketImpl.java:1416)
	at sun.security.ssl.SSLSocketImpl.startHandshake(SSLSocketImpl.java:1400)
	at org.apache.zookeeper.client.FourLetterWordMain.send4LetterWord(FourLetterWordMain.java:105)
	at org.apache.zookeeper.client.FourLetterWordMain.send4LetterWord(FourLetterWordMain.java:73)
	at org.apache.zookeeper.test.ClientBase.waitForServerUp(ClientBase.java:261)
	at org.apache.zookeeper.test.ClientBase.startServerInstance(ClientBase.java:401)
	at org.apache.zookeeper.test.ClientBase.startServer(ClientBase.java:516)
	at org.apache.zookeeper.test.ClientBase.setUpWithServerId(ClientBase.java:499)
	at org.apache.zookeeper.test.ClientBase.setUp(ClientBase.java:474)
	at org.apache.zookeeper.test.SaslDigestAuthOverSSLTest.setUp(SaslDigestAuthOverSSLTest.java:62)
	at sun.reflect.NativeMethodAccessorImpl.invoke0(Native Method)
	at sun.reflect.NativeMethodAccessorImpl.invoke(NativeMethodAccessorImpl.java:62)
	at sun.reflect.DelegatingMethodAccessorImpl.invoke(DelegatingMethodAccessorImpl.java:43)
	at java.lang.reflect.Method.invoke(Method.java:498)
	at org.junit.runners.model.FrameworkMethod$1.runReflectiveCall(FrameworkMethod.java:50)
	at org.junit.internal.runners.model.ReflectiveCallable.run(ReflectiveCallable.java:12)
	at org.junit.runners.model.FrameworkMethod.invokeExplosively(FrameworkMethod.java:47)
	at mockit.integration.junit4.JUnit4TestRunnerDecorator.invokeExplosively(JUnit4TestRunnerDecorator.java:49)
	at mockit.integration.junit4.FakeFrameworkMethod.invokeExplosively(FakeFrameworkMethod.java:29)
	at org.junit.runners.model.FrameworkMethod.invokeExplosively(FrameworkMethod.java)
	at org.junit.internal.runners.statements.RunBefores.evaluate(RunBefores.java:24)
	at org.junit.internal.runners.statements.RunAfters.evaluate(RunAfters.java:27)
	at org.junit.rules.TestWatcher$1.evaluate(TestWatcher.java:55)
	at org.junit.rules.RunRules.evaluate(RunRules.java:20)
	at org.junit.runners.ParentRunner.runLeaf(ParentRunner.java:325)
	at org.junit.runners.BlockJUnit4ClassRunner.runChild(BlockJUnit4ClassRunner.java:78)
	at org.junit.runners.BlockJUnit4ClassRunner.runChild(BlockJUnit4ClassRunner.java:57)
	at org.junit.runners.ParentRunner$3.run(ParentRunner.java:290)
	at org.junit.runners.ParentRunner$1.schedule(ParentRunner.java:71)
	at org.junit.runners.ParentRunner.runChildren(ParentRunner.java:288)
	at org.junit.runners.ParentRunner.access$000(ParentRunner.java:58)
	at org.junit.runners.ParentRunner$2.evaluate(ParentRunner.java:268)
	at org.junit.internal.runners.statements.RunBefores.evaluate(RunBefores.java:26)
	at org.junit.runners.ParentRunner.run(ParentRunner.java:363)
	at org.apache.maven.surefire.junit4.JUnit4Provider.execute(JUnit4Provider.java:365)
	at org.apache.maven.surefire.junit4.JUnit4Provider.executeWithRerun(JUnit4Provider.java:273)
	at org.apache.maven.surefire.junit4.JUnit4Provider.executeTestSet(JUnit4Provider.java:238)
	at org.apache.maven.surefire.junit4.JUnit4Provider.invoke(JUnit4Provider.java:159)
	at org.apache.maven.surefire.booter.ForkedBooter.invokeProviderInSameClassLoader(ForkedBooter.java:384)
	at org.apache.maven.surefire.booter.ForkedBooter.runSuitesInProcess(ForkedBooter.java:345)
	at org.apache.maven.surefire.booter.ForkedBooter.execute(ForkedBooter.java:126)
	at org.apache.maven.surefire.booter.ForkedBooter.main(ForkedBooter.java:418)
2020-06-22 14:22:50,715 [myid:] - ERROR [main:ZKTrustManager@162] - Failed to verify hostname: activate.navicat.com
javax.net.ssl.SSLPeerUnverifiedException: Certificate for <activate.navicat.com> doesn't match common name of the certificate subject: localhost
	at org.apache.zookeeper.common.ZKHostnameVerifier.matchCN(ZKHostnameVerifier.java:238)
	at org.apache.zookeeper.common.ZKHostnameVerifier.verify(ZKHostnameVerifier.java:184)
	at org.apache.zookeeper.common.ZKTrustManager.performHostVerification(ZKTrustManager.java:159)
	at org.apache.zookeeper.common.ZKTrustManager.checkServerTrusted(ZKTrustManager.java:90)
	at sun.security.ssl.ClientHandshaker.serverCertificate(ClientHandshaker.java:1670)
	at sun.security.ssl.ClientHandshaker.processMessage(ClientHandshaker.java:226)
	at sun.security.ssl.Handshaker.processLoop(Handshaker.java:1082)
	at sun.security.ssl.Handshaker.process_record(Handshaker.java:1010)
	at sun.security.ssl.SSLSocketImpl.readRecord(SSLSocketImpl.java:1079)
	at sun.security.ssl.SSLSocketImpl.performInitialHandshake(SSLSocketImpl.java:1388)
	at sun.security.ssl.SSLSocketImpl.startHandshake(SSLSocketImpl.java:1416)
	at sun.security.ssl.SSLSocketImpl.startHandshake(SSLSocketImpl.java:1400)
	at org.apache.zookeeper.client.FourLetterWordMain.send4LetterWord(FourLetterWordMain.java:105)
	at org.apache.zookeeper.client.FourLetterWordMain.send4LetterWord(FourLetterWordMain.java:73)
	at org.apache.zookeeper.test.ClientBase.waitForServerUp(ClientBase.java:261)
	at org.apache.zookeeper.test.ClientBase.startServerInstance(ClientBase.java:401)
	at org.apache.zookeeper.test.ClientBase.startServer(ClientBase.java:516)
	at org.apache.zookeeper.test.ClientBase.setUpWithServerId(ClientBase.java:499)
	at org.apache.zookeeper.test.ClientBase.setUp(ClientBase.java:474)
	at org.apache.zookeeper.test.SaslDigestAuthOverSSLTest.setUp(SaslDigestAuthOverSSLTest.java:62)
	at sun.reflect.NativeMethodAccessorImpl.invoke0(Native Method)
	at sun.reflect.NativeMethodAccessorImpl.invoke(NativeMethodAccessorImpl.java:62)
	at sun.reflect.DelegatingMethodAccessorImpl.invoke(DelegatingMethodAccessorImpl.java:43)
	at java.lang.reflect.Method.invoke(Method.java:498)
	at org.junit.runners.model.FrameworkMethod$1.runReflectiveCall(FrameworkMethod.java:50)
	at org.junit.internal.runners.model.ReflectiveCallable.run(ReflectiveCallable.java:12)
	at org.junit.runners.model.FrameworkMethod.invokeExplosively(FrameworkMethod.java:47)
	at mockit.integration.junit4.JUnit4TestRunnerDecorator.invokeExplosively(JUnit4TestRunnerDecorator.java:49)
	at mockit.integration.junit4.FakeFrameworkMethod.invokeExplosively(FakeFrameworkMethod.java:29)
	at org.junit.runners.model.FrameworkMethod.invokeExplosively(FrameworkMethod.java)
	at org.junit.internal.runners.statements.RunBefores.evaluate(RunBefores.java:24)
	at org.junit.internal.runners.statements.RunAfters.evaluate(RunAfters.java:27)
	at org.junit.rules.TestWatcher$1.evaluate(TestWatcher.java:55)
	at org.junit.rules.RunRules.evaluate(RunRules.java:20)
	at org.junit.runners.ParentRunner.runLeaf(ParentRunner.java:325)
	at org.junit.runners.BlockJUnit4ClassRunner.runChild(BlockJUnit4ClassRunner.java:78)
	at org.junit.runners.BlockJUnit4ClassRunner.runChild(BlockJUnit4ClassRunner.java:57)
	at org.junit.runners.ParentRunner$3.run(ParentRunner.java:290)
	at org.junit.runners.ParentRunner$1.schedule(ParentRunner.java:71)
	at org.junit.runners.ParentRunner.runChildren(ParentRunner.java:288)
	at org.junit.runners.ParentRunner.access$000(ParentRunner.java:58)
	at org.junit.runners.ParentRunner$2.evaluate(ParentRunner.java:268)
	at org.junit.internal.runners.statements.RunBefores.evaluate(RunBefores.java:26)
	at org.junit.runners.ParentRunner.run(ParentRunner.java:363)
	at org.apache.maven.surefire.junit4.JUnit4Provider.execute(JUnit4Provider.java:365)
	at org.apache.maven.surefire.junit4.JUnit4Provider.executeWithRerun(JUnit4Provider.java:273)
	at org.apache.maven.surefire.junit4.JUnit4Provider.executeTestSet(JUnit4Provider.java:238)
	at org.apache.maven.surefire.junit4.JUnit4Provider.invoke(JUnit4Provider.java:159)
	at org.apache.maven.surefire.booter.ForkedBooter.invokeProviderInSameClassLoader(ForkedBooter.java:384)
	at org.apache.maven.surefire.booter.ForkedBooter.runSuitesInProcess(ForkedBooter.java:345)
	at org.apache.maven.surefire.booter.ForkedBooter.execute(ForkedBooter.java:126)
	at org.apache.maven.surefire.booter.ForkedBooter.main(ForkedBooter.java:418)
2020-06-22 14:22:50,716 [myid:] - INFO  [main:ClientBase@270] - server 127.0.0.1:21995 not up
javax.net.ssl.SSLHandshakeException: java.security.cert.CertificateException: Failed to verify both host address and host name
	at sun.security.ssl.Alerts.getSSLException(Alerts.java:198)
	at sun.security.ssl.SSLSocketImpl.fatal(SSLSocketImpl.java:1967)
	at sun.security.ssl.Handshaker.fatalSE(Handshaker.java:331)
	at sun.security.ssl.Handshaker.fatalSE(Handshaker.java:325)
	at sun.security.ssl.ClientHandshaker.serverCertificate(ClientHandshaker.java:1688)
	at sun.security.ssl.ClientHandshaker.processMessage(ClientHandshaker.java:226)
	at sun.security.ssl.Handshaker.processLoop(Handshaker.java:1082)
	at sun.security.ssl.Handshaker.process_record(Handshaker.java:1010)
	at sun.security.ssl.SSLSocketImpl.readRecord(SSLSocketImpl.java:1079)
	at sun.security.ssl.SSLSocketImpl.performInitialHandshake(SSLSocketImpl.java:1388)
	at sun.security.ssl.SSLSocketImpl.startHandshake(SSLSocketImpl.java:1416)
	at sun.security.ssl.SSLSocketImpl.startHandshake(SSLSocketImpl.java:1400)
	at org.apache.zookeeper.client.FourLetterWordMain.send4LetterWord(FourLetterWordMain.java:105)
	at org.apache.zookeeper.client.FourLetterWordMain.send4LetterWord(FourLetterWordMain.java:73)
	at org.apache.zookeeper.test.ClientBase.waitForServerUp(ClientBase.java:261)
	at org.apache.zookeeper.test.ClientBase.startServerInstance(ClientBase.java:401)
	at org.apache.zookeeper.test.ClientBase.startServer(ClientBase.java:516)
	at org.apache.zookeeper.test.ClientBase.setUpWithServerId(ClientBase.java:499)
	at org.apache.zookeeper.test.ClientBase.setUp(ClientBase.java:474)
	at org.apache.zookeeper.test.SaslDigestAuthOverSSLTest.setUp(SaslDigestAuthOverSSLTest.java:62)
	at sun.reflect.NativeMethodAccessorImpl.invoke0(Native Method)
	at sun.reflect.NativeMethodAccessorImpl.invoke(NativeMethodAccessorImpl.java:62)
	at sun.reflect.DelegatingMethodAccessorImpl.invoke(DelegatingMethodAccessorImpl.java:43)
	at java.lang.reflect.Method.invoke(Method.java:498)
	at org.junit.runners.model.FrameworkMethod$1.runReflectiveCall(FrameworkMethod.java:50)
	at org.junit.internal.runners.model.ReflectiveCallable.run(ReflectiveCallable.java:12)
	at org.junit.runners.model.FrameworkMethod.invokeExplosively(FrameworkMethod.java:47)
	at mockit.integration.junit4.JUnit4TestRunnerDecorator.invokeExplosively(JUnit4TestRunnerDecorator.java:49)
	at mockit.integration.junit4.FakeFrameworkMethod.invokeExplosively(FakeFrameworkMethod.java:29)
	at org.junit.runners.model.FrameworkMethod.invokeExplosively(FrameworkMethod.java)
	at org.junit.internal.runners.statements.RunBefores.evaluate(RunBefores.java:24)
	at org.junit.internal.runners.statements.RunAfters.evaluate(RunAfters.java:27)
	at org.junit.rules.TestWatcher$1.evaluate(TestWatcher.java:55)
	at org.junit.rules.RunRules.evaluate(RunRules.java:20)
	at org.junit.runners.ParentRunner.runLeaf(ParentRunner.java:325)
	at org.junit.runners.BlockJUnit4ClassRunner.runChild(BlockJUnit4ClassRunner.java:78)
	at org.junit.runners.BlockJUnit4ClassRunner.runChild(BlockJUnit4ClassRunner.java:57)
	at org.junit.runners.ParentRunner$3.run(ParentRunner.java:290)
	at org.junit.runners.ParentRunner$1.schedule(ParentRunner.java:71)
	at org.junit.runners.ParentRunner.runChildren(ParentRunner.java:288)
	at org.junit.runners.ParentRunner.access$000(ParentRunner.java:58)
	at org.junit.runners.ParentRunner$2.evaluate(ParentRunner.java:268)
	at org.junit.internal.runners.statements.RunBefores.evaluate(RunBefores.java:26)
	at org.junit.runners.ParentRunner.run(ParentRunner.java:363)
	at org.apache.maven.surefire.junit4.JUnit4Provider.execute(JUnit4Provider.java:365)
	at org.apache.maven.surefire.junit4.JUnit4Provider.executeWithRerun(JUnit4Provider.java:273)
	at org.apache.maven.surefire.junit4.JUnit4Provider.executeTestSet(JUnit4Provider.java:238)
	at org.apache.maven.surefire.junit4.JUnit4Provider.invoke(JUnit4Provider.java:159)
	at org.apache.maven.surefire.booter.ForkedBooter.invokeProviderInSameClassLoader(ForkedBooter.java:384)
	at org.apache.maven.surefire.booter.ForkedBooter.runSuitesInProcess(ForkedBooter.java:345)
	at org.apache.maven.surefire.booter.ForkedBooter.execute(ForkedBooter.java:126)
	at org.apache.maven.surefire.booter.ForkedBooter.main(ForkedBooter.java:418)
Caused by: java.security.cert.CertificateException: Failed to verify both host address and host name
	at org.apache.zookeeper.common.ZKTrustManager.performHostVerification(ZKTrustManager.java:163)
	at org.apache.zookeeper.common.ZKTrustManager.checkServerTrusted(ZKTrustManager.java:90)
	at sun.security.ssl.ClientHandshaker.serverCertificate(ClientHandshaker.java:1670)
	... 47 more
Caused by: javax.net.ssl.SSLPeerUnverifiedException: Certificate for <activate.navicat.com> doesn't match common name of the certificate subject: localhost
	at org.apache.zookeeper.common.ZKHostnameVerifier.matchCN(ZKHostnameVerifier.java:238)
	at org.apache.zookeeper.common.ZKHostnameVerifier.verify(ZKHostnameVerifier.java:184)
	at org.apache.zookeeper.common.ZKTrustManager.performHostVerification(ZKTrustManager.java:159)
	... 49 more
2020-06-22 14:22:50,716 [myid:] - ERROR [nioEventLoopGroup-4-2:NettyServerCnxnFactory$CertificateVerifier@434] - Unsuccessful handshake with session 0x0
2020-06-22 14:22:50,717 [myid:] - WARN  [nioEventLoopGroup-4-2:NettyServerCnxnFactory$CnxnChannelHandler@273] - Exception caught
io.netty.handler.codec.DecoderException: javax.net.ssl.SSLException: Received fatal alert: certificate_unknown
	at io.netty.handler.codec.ByteToMessageDecoder.callDecode(ByteToMessageDecoder.java:468)
	at io.netty.handler.codec.ByteToMessageDecoder.channelRead(ByteToMessageDecoder.java:276)
	at io.netty.channel.AbstractChannelHandlerContext.invokeChannelRead(AbstractChannelHandlerContext.java:379)
	at io.netty.channel.AbstractChannelHandlerContext.invokeChannelRead(AbstractChannelHandlerContext.java:365)
	at io.netty.channel.AbstractChannelHandlerContext.fireChannelRead(AbstractChannelHandlerContext.java:357)
	at io.netty.channel.DefaultChannelPipeline$HeadContext.channelRead(DefaultChannelPipeline.java:1410)
	at io.netty.channel.AbstractChannelHandlerContext.invokeChannelRead(AbstractChannelHandlerContext.java:379)
	at io.netty.channel.AbstractChannelHandlerContext.invokeChannelRead(AbstractChannelHandlerContext.java:365)
	at io.netty.channel.DefaultChannelPipeline.fireChannelRead(DefaultChannelPipeline.java:919)
	at io.netty.channel.nio.AbstractNioByteChannel$NioByteUnsafe.read(AbstractNioByteChannel.java:163)
	at io.netty.channel.nio.NioEventLoop.processSelectedKey(NioEventLoop.java:714)
	at io.netty.channel.nio.NioEventLoop.processSelectedKeysOptimized(NioEventLoop.java:650)
	at io.netty.channel.nio.NioEventLoop.processSelectedKeys(NioEventLoop.java:576)
	at io.netty.channel.nio.NioEventLoop.run(NioEventLoop.java:493)
	at io.netty.util.concurrent.SingleThreadEventExecutor$4.run(SingleThreadEventExecutor.java:989)
	at io.netty.util.internal.ThreadExecutorMap$2.run(ThreadExecutorMap.java:74)
	at io.netty.util.concurrent.FastThreadLocalRunnable.run(FastThreadLocalRunnable.java:30)
	at java.lang.Thread.run(Thread.java:748)
Caused by: javax.net.ssl.SSLException: Received fatal alert: certificate_unknown
	at sun.security.ssl.Alerts.getSSLException(Alerts.java:214)
	at sun.security.ssl.SSLEngineImpl.fatal(SSLEngineImpl.java:1667)
	at sun.security.ssl.SSLEngineImpl.fatal(SSLEngineImpl.java:1635)
	at sun.security.ssl.SSLEngineImpl.recvAlert(SSLEngineImpl.java:1801)
	at sun.security.ssl.SSLEngineImpl.readRecord(SSLEngineImpl.java:1090)
	at sun.security.ssl.SSLEngineImpl.readNetRecord(SSLEngineImpl.java:913)
	at sun.security.ssl.SSLEngineImpl.unwrap(SSLEngineImpl.java:783)
	at javax.net.ssl.SSLEngine.unwrap(SSLEngine.java:626)
	at io.netty.handler.ssl.SslHandler$SslEngineType$3.unwrap(SslHandler.java:281)
	at io.netty.handler.ssl.SslHandler.unwrap(SslHandler.java:1340)
	at io.netty.handler.ssl.SslHandler.decodeJdkCompatible(SslHandler.java:1235)
	at io.netty.handler.ssl.SslHandler.decode(SslHandler.java:1282)
	at io.netty.handler.codec.ByteToMessageDecoder.decodeRemovalReentryProtection(ByteToMessageDecoder.java:498)
	at io.netty.handler.codec.ByteToMessageDecoder.callDecode(ByteToMessageDecoder.java:437)
	... 17 more
2020-06-22 14:22:50,718 [myid:] - WARN  [nioEventLoopGroup-4-2:NettyServerCnxnFactory$CnxnChannelHandler@273] - Exception caught
io.netty.handler.codec.DecoderException: javax.net.ssl.SSLException: Received fatal alert: certificate_unknown
	at io.netty.handler.codec.ByteToMessageDecoder.callDecode(ByteToMessageDecoder.java:468)
	at io.netty.handler.codec.ByteToMessageDecoder.channelInputClosed(ByteToMessageDecoder.java:401)
	at io.netty.handler.codec.ByteToMessageDecoder.channelInputClosed(ByteToMessageDecoder.java:368)
	at io.netty.handler.codec.ByteToMessageDecoder.channelInactive(ByteToMessageDecoder.java:351)
	at io.netty.handler.ssl.SslHandler.channelInactive(SslHandler.java:1084)
	at io.netty.channel.AbstractChannelHandlerContext.invokeChannelInactive(AbstractChannelHandlerContext.java:262)
	at io.netty.channel.AbstractChannelHandlerContext.invokeChannelInactive(AbstractChannelHandlerContext.java:248)
	at io.netty.channel.AbstractChannelHandlerContext.fireChannelInactive(AbstractChannelHandlerContext.java:241)
	at io.netty.channel.DefaultChannelPipeline$HeadContext.channelInactive(DefaultChannelPipeline.java:1405)
	at io.netty.channel.AbstractChannelHandlerContext.invokeChannelInactive(AbstractChannelHandlerContext.java:262)
	at io.netty.channel.AbstractChannelHandlerContext.invokeChannelInactive(AbstractChannelHandlerContext.java:248)
	at io.netty.channel.DefaultChannelPipeline.fireChannelInactive(DefaultChannelPipeline.java:901)
	at io.netty.channel.AbstractChannel$AbstractUnsafe$8.run(AbstractChannel.java:818)
	at io.netty.util.concurrent.AbstractEventExecutor.safeExecute(AbstractEventExecutor.java:164)
	at io.netty.util.concurrent.SingleThreadEventExecutor.runAllTasks(SingleThreadEventExecutor.java:472)
	at io.netty.channel.nio.NioEventLoop.run(NioEventLoop.java:497)
	at io.netty.util.concurrent.SingleThreadEventExecutor$4.run(SingleThreadEventExecutor.java:989)
	at io.netty.util.internal.ThreadExecutorMap$2.run(ThreadExecutorMap.java:74)
	at io.netty.util.concurrent.FastThreadLocalRunnable.run(FastThreadLocalRunnable.java:30)
	at java.lang.Thread.run(Thread.java:748)
Caused by: javax.net.ssl.SSLException: Received fatal alert: certificate_unknown
	at sun.security.ssl.Alerts.getSSLException(Alerts.java:214)
	at sun.security.ssl.SSLEngineImpl.fatal(SSLEngineImpl.java:1667)
	at sun.security.ssl.SSLEngineImpl.fatal(SSLEngineImpl.java:1635)
	at sun.security.ssl.SSLEngineImpl.recvAlert(SSLEngineImpl.java:1801)
	at sun.security.ssl.SSLEngineImpl.readRecord(SSLEngineImpl.java:1090)
	at sun.security.ssl.SSLEngineImpl.readNetRecord(SSLEngineImpl.java:913)
	at sun.security.ssl.SSLEngineImpl.unwrap(SSLEngineImpl.java:783)
	at javax.net.ssl.SSLEngine.unwrap(SSLEngine.java:626)
	at io.netty.handler.ssl.SslHandler$SslEngineType$3.unwrap(SslHandler.java:281)
	at io.netty.handler.ssl.SslHandler.unwrap(SslHandler.java:1340)
	at io.netty.handler.ssl.SslHandler.decodeJdkCompatible(SslHandler.java:1235)
	at io.netty.handler.ssl.SslHandler.decode(SslHandler.java:1282)
	at io.netty.handler.codec.ByteToMessageDecoder.decodeRemovalReentryProtection(ByteToMessageDecoder.java:498)
	at io.netty.handler.codec.ByteToMessageDecoder.callDecode(ByteToMessageDecoder.java:437)
	... 19 more
2020-06-22 14:22:50,966 [myid:] - INFO  [main:FourLetterWordMain@93] - connecting to 127.0.0.1 21995
2020-06-22 14:22:50,966 [myid:] - INFO  [main:FourLetterWordMain@99] - using secure socket
2020-06-22 14:22:50,977 [myid:] - ERROR [main:ZKTrustManager@161] - Failed to verify host address: 127.0.0.1
javax.net.ssl.SSLPeerUnverifiedException: Certificate for <127.0.0.1> doesn't match common name of the certificate subject: localhost
	at org.apache.zookeeper.common.ZKHostnameVerifier.matchCN(ZKHostnameVerifier.java:238)
	at org.apache.zookeeper.common.ZKHostnameVerifier.verify(ZKHostnameVerifier.java:184)
	at org.apache.zookeeper.common.ZKTrustManager.performHostVerification(ZKTrustManager.java:151)
	at org.apache.zookeeper.common.ZKTrustManager.checkServerTrusted(ZKTrustManager.java:90)
	at sun.security.ssl.ClientHandshaker.serverCertificate(ClientHandshaker.java:1670)
	at sun.security.ssl.ClientHandshaker.processMessage(ClientHandshaker.java:226)
	at sun.security.ssl.Handshaker.processLoop(Handshaker.java:1082)
	at sun.security.ssl.Handshaker.process_record(Handshaker.java:1010)
	at sun.security.ssl.SSLSocketImpl.readRecord(SSLSocketImpl.java:1079)
	at sun.security.ssl.SSLSocketImpl.performInitialHandshake(SSLSocketImpl.java:1388)
	at sun.security.ssl.SSLSocketImpl.startHandshake(SSLSocketImpl.java:1416)
	at sun.security.ssl.SSLSocketImpl.startHandshake(SSLSocketImpl.java:1400)
	at org.apache.zookeeper.client.FourLetterWordMain.send4LetterWord(FourLetterWordMain.java:105)
	at org.apache.zookeeper.client.FourLetterWordMain.send4LetterWord(FourLetterWordMain.java:73)
	at org.apache.zookeeper.test.ClientBase.waitForServerUp(ClientBase.java:261)
	at org.apache.zookeeper.test.ClientBase.startServerInstance(ClientBase.java:401)
	at org.apache.zookeeper.test.ClientBase.startServer(ClientBase.java:516)
	at org.apache.zookeeper.test.ClientBase.setUpWithServerId(ClientBase.java:499)
	at org.apache.zookeeper.test.ClientBase.setUp(ClientBase.java:474)
	at org.apache.zookeeper.test.SaslDigestAuthOverSSLTest.setUp(SaslDigestAuthOverSSLTest.java:62)
	at sun.reflect.NativeMethodAccessorImpl.invoke0(Native Method)
	at sun.reflect.NativeMethodAccessorImpl.invoke(NativeMethodAccessorImpl.java:62)
	at sun.reflect.DelegatingMethodAccessorImpl.invoke(DelegatingMethodAccessorImpl.java:43)
	at java.lang.reflect.Method.invoke(Method.java:498)
	at org.junit.runners.model.FrameworkMethod$1.runReflectiveCall(FrameworkMethod.java:50)
	at org.junit.internal.runners.model.ReflectiveCallable.run(ReflectiveCallable.java:12)
	at org.junit.runners.model.FrameworkMethod.invokeExplosively(FrameworkMethod.java:47)
	at mockit.integration.junit4.JUnit4TestRunnerDecorator.invokeExplosively(JUnit4TestRunnerDecorator.java:49)
	at mockit.integration.junit4.FakeFrameworkMethod.invokeExplosively(FakeFrameworkMethod.java:29)
	at org.junit.runners.model.FrameworkMethod.invokeExplosively(FrameworkMethod.java)
	at org.junit.internal.runners.statements.RunBefores.evaluate(RunBefores.java:24)
	at org.junit.internal.runners.statements.RunAfters.evaluate(RunAfters.java:27)
	at org.junit.rules.TestWatcher$1.evaluate(TestWatcher.java:55)
	at org.junit.rules.RunRules.evaluate(RunRules.java:20)
	at org.junit.runners.ParentRunner.runLeaf(ParentRunner.java:325)
	at org.junit.runners.BlockJUnit4ClassRunner.runChild(BlockJUnit4ClassRunner.java:78)
	at org.junit.runners.BlockJUnit4ClassRunner.runChild(BlockJUnit4ClassRunner.java:57)
	at org.junit.runners.ParentRunner$3.run(ParentRunner.java:290)
	at org.junit.runners.ParentRunner$1.schedule(ParentRunner.java:71)
	at org.junit.runners.ParentRunner.runChildren(ParentRunner.java:288)
	at org.junit.runners.ParentRunner.access$000(ParentRunner.java:58)
	at org.junit.runners.ParentRunner$2.evaluate(ParentRunner.java:268)
	at org.junit.internal.runners.statements.RunBefores.evaluate(RunBefores.java:26)
	at org.junit.runners.ParentRunner.run(ParentRunner.java:363)
	at org.apache.maven.surefire.junit4.JUnit4Provider.execute(JUnit4Provider.java:365)
	at org.apache.maven.surefire.junit4.JUnit4Provider.executeWithRerun(JUnit4Provider.java:273)
	at org.apache.maven.surefire.junit4.JUnit4Provider.executeTestSet(JUnit4Provider.java:238)
	at org.apache.maven.surefire.junit4.JUnit4Provider.invoke(JUnit4Provider.java:159)
	at org.apache.maven.surefire.booter.ForkedBooter.invokeProviderInSameClassLoader(ForkedBooter.java:384)
	at org.apache.maven.surefire.booter.ForkedBooter.runSuitesInProcess(ForkedBooter.java:345)
	at org.apache.maven.surefire.booter.ForkedBooter.execute(ForkedBooter.java:126)
	at org.apache.maven.surefire.booter.ForkedBooter.main(ForkedBooter.java:418)
2020-06-22 14:22:50,978 [myid:] - ERROR [main:ZKTrustManager@162] - Failed to verify hostname: activate.navicat.com
javax.net.ssl.SSLPeerUnverifiedException: Certificate for <activate.navicat.com> doesn't match common name of the certificate subject: localhost
	at org.apache.zookeeper.common.ZKHostnameVerifier.matchCN(ZKHostnameVerifier.java:238)
	at org.apache.zookeeper.common.ZKHostnameVerifier.verify(ZKHostnameVerifier.java:184)
	at org.apache.zookeeper.common.ZKTrustManager.performHostVerification(ZKTrustManager.java:159)
	at org.apache.zookeeper.common.ZKTrustManager.checkServerTrusted(ZKTrustManager.java:90)
	at sun.security.ssl.ClientHandshaker.serverCertificate(ClientHandshaker.java:1670)
	at sun.security.ssl.ClientHandshaker.processMessage(ClientHandshaker.java:226)
	at sun.security.ssl.Handshaker.processLoop(Handshaker.java:1082)
	at sun.security.ssl.Handshaker.process_record(Handshaker.java:1010)
	at sun.security.ssl.SSLSocketImpl.readRecord(SSLSocketImpl.java:1079)
	at sun.security.ssl.SSLSocketImpl.performInitialHandshake(SSLSocketImpl.java:1388)
	at sun.security.ssl.SSLSocketImpl.startHandshake(SSLSocketImpl.java:1416)
	at sun.security.ssl.SSLSocketImpl.startHandshake(SSLSocketImpl.java:1400)
	at org.apache.zookeeper.client.FourLetterWordMain.send4LetterWord(FourLetterWordMain.java:105)
	at org.apache.zookeeper.client.FourLetterWordMain.send4LetterWord(FourLetterWordMain.java:73)
	at org.apache.zookeeper.test.ClientBase.waitForServerUp(ClientBase.java:261)
	at org.apache.zookeeper.test.ClientBase.startServerInstance(ClientBase.java:401)
	at org.apache.zookeeper.test.ClientBase.startServer(ClientBase.java:516)
	at org.apache.zookeeper.test.ClientBase.setUpWithServerId(ClientBase.java:499)
	at org.apache.zookeeper.test.ClientBase.setUp(ClientBase.java:474)
	at org.apache.zookeeper.test.SaslDigestAuthOverSSLTest.setUp(SaslDigestAuthOverSSLTest.java:62)
	at sun.reflect.NativeMethodAccessorImpl.invoke0(Native Method)
	at sun.reflect.NativeMethodAccessorImpl.invoke(NativeMethodAccessorImpl.java:62)
	at sun.reflect.DelegatingMethodAccessorImpl.invoke(DelegatingMethodAccessorImpl.java:43)
	at java.lang.reflect.Method.invoke(Method.java:498)
	at org.junit.runners.model.FrameworkMethod$1.runReflectiveCall(FrameworkMethod.java:50)
	at org.junit.internal.runners.model.ReflectiveCallable.run(ReflectiveCallable.java:12)
	at org.junit.runners.model.FrameworkMethod.invokeExplosively(FrameworkMethod.java:47)
	at mockit.integration.junit4.JUnit4TestRunnerDecorator.invokeExplosively(JUnit4TestRunnerDecorator.java:49)
	at mockit.integration.junit4.FakeFrameworkMethod.invokeExplosively(FakeFrameworkMethod.java:29)
	at org.junit.runners.model.FrameworkMethod.invokeExplosively(FrameworkMethod.java)
	at org.junit.internal.runners.statements.RunBefores.evaluate(RunBefores.java:24)
	at org.junit.internal.runners.statements.RunAfters.evaluate(RunAfters.java:27)
	at org.junit.rules.TestWatcher$1.evaluate(TestWatcher.java:55)
	at org.junit.rules.RunRules.evaluate(RunRules.java:20)
	at org.junit.runners.ParentRunner.runLeaf(ParentRunner.java:325)
	at org.junit.runners.BlockJUnit4ClassRunner.runChild(BlockJUnit4ClassRunner.java:78)
	at org.junit.runners.BlockJUnit4ClassRunner.runChild(BlockJUnit4ClassRunner.java:57)
	at org.junit.runners.ParentRunner$3.run(ParentRunner.java:290)
	at org.junit.runners.ParentRunner$1.schedule(ParentRunner.java:71)
	at org.junit.runners.ParentRunner.runChildren(ParentRunner.java:288)
	at org.junit.runners.ParentRunner.access$000(ParentRunner.java:58)
	at org.junit.runners.ParentRunner$2.evaluate(ParentRunner.java:268)
	at org.junit.internal.runners.statements.RunBefores.evaluate(RunBefores.java:26)
	at org.junit.runners.ParentRunner.run(ParentRunner.java:363)
	at org.apache.maven.surefire.junit4.JUnit4Provider.execute(JUnit4Provider.java:365)
	at org.apache.maven.surefire.junit4.JUnit4Provider.executeWithRerun(JUnit4Provider.java:273)
	at org.apache.maven.surefire.junit4.JUnit4Provider.executeTestSet(JUnit4Provider.java:238)
	at org.apache.maven.surefire.junit4.JUnit4Provider.invoke(JUnit4Provider.java:159)
	at org.apache.maven.surefire.booter.ForkedBooter.invokeProviderInSameClassLoader(ForkedBooter.java:384)
	at org.apache.maven.surefire.booter.ForkedBooter.runSuitesInProcess(ForkedBooter.java:345)
	at org.apache.maven.surefire.booter.ForkedBooter.execute(ForkedBooter.java:126)
	at org.apache.maven.surefire.booter.ForkedBooter.main(ForkedBooter.java:418)
2020-06-22 14:22:50,981 [myid:] - INFO  [main:ClientBase@270] - server 127.0.0.1:21995 not up
javax.net.ssl.SSLHandshakeException: java.security.cert.CertificateException: Failed to verify both host address and host name
	at sun.security.ssl.Alerts.getSSLException(Alerts.java:198)
	at sun.security.ssl.SSLSocketImpl.fatal(SSLSocketImpl.java:1967)
	at sun.security.ssl.Handshaker.fatalSE(Handshaker.java:331)
	at sun.security.ssl.Handshaker.fatalSE(Handshaker.java:325)
	at sun.security.ssl.ClientHandshaker.serverCertificate(ClientHandshaker.java:1688)
	at sun.security.ssl.ClientHandshaker.processMessage(ClientHandshaker.java:226)
	at sun.security.ssl.Handshaker.processLoop(Handshaker.java:1082)
	at sun.security.ssl.Handshaker.process_record(Handshaker.java:1010)
	at sun.security.ssl.SSLSocketImpl.readRecord(SSLSocketImpl.java:1079)
	at sun.security.ssl.SSLSocketImpl.performInitialHandshake(SSLSocketImpl.java:1388)
	at sun.security.ssl.SSLSocketImpl.startHandshake(SSLSocketImpl.java:1416)
	at sun.security.ssl.SSLSocketImpl.startHandshake(SSLSocketImpl.java:1400)
	at org.apache.zookeeper.client.FourLetterWordMain.send4LetterWord(FourLetterWordMain.java:105)
	at org.apache.zookeeper.client.FourLetterWordMain.send4LetterWord(FourLetterWordMain.java:73)
	at org.apache.zookeeper.test.ClientBase.waitForServerUp(ClientBase.java:261)
	at org.apache.zookeeper.test.ClientBase.startServerInstance(ClientBase.java:401)
	at org.apache.zookeeper.test.ClientBase.startServer(ClientBase.java:516)
	at org.apache.zookeeper.test.ClientBase.setUpWithServerId(ClientBase.java:499)
	at org.apache.zookeeper.test.ClientBase.setUp(ClientBase.java:474)
	at org.apache.zookeeper.test.SaslDigestAuthOverSSLTest.setUp(SaslDigestAuthOverSSLTest.java:62)
	at sun.reflect.NativeMethodAccessorImpl.invoke0(Native Method)
	at sun.reflect.NativeMethodAccessorImpl.invoke(NativeMethodAccessorImpl.java:62)
	at sun.reflect.DelegatingMethodAccessorImpl.invoke(DelegatingMethodAccessorImpl.java:43)
	at java.lang.reflect.Method.invoke(Method.java:498)
	at org.junit.runners.model.FrameworkMethod$1.runReflectiveCall(FrameworkMethod.java:50)
	at org.junit.internal.runners.model.ReflectiveCallable.run(ReflectiveCallable.java:12)
	at org.junit.runners.model.FrameworkMethod.invokeExplosively(FrameworkMethod.java:47)
	at mockit.integration.junit4.JUnit4TestRunnerDecorator.invokeExplosively(JUnit4TestRunnerDecorator.java:49)
	at mockit.integration.junit4.FakeFrameworkMethod.invokeExplosively(FakeFrameworkMethod.java:29)
	at org.junit.runners.model.FrameworkMethod.invokeExplosively(FrameworkMethod.java)
	at org.junit.internal.runners.statements.RunBefores.evaluate(RunBefores.java:24)
	at org.junit.internal.runners.statements.RunAfters.evaluate(RunAfters.java:27)
	at org.junit.rules.TestWatcher$1.evaluate(TestWatcher.java:55)
	at org.junit.rules.RunRules.evaluate(RunRules.java:20)
	at org.junit.runners.ParentRunner.runLeaf(ParentRunner.java:325)
	at org.junit.runners.BlockJUnit4ClassRunner.runChild(BlockJUnit4ClassRunner.java:78)
	at org.junit.runners.BlockJUnit4ClassRunner.runChild(BlockJUnit4ClassRunner.java:57)
	at org.junit.runners.ParentRunner$3.run(ParentRunner.java:290)
	at org.junit.runners.ParentRunner$1.schedule(ParentRunner.java:71)
	at org.junit.runners.ParentRunner.runChildren(ParentRunner.java:288)
	at org.junit.runners.ParentRunner.access$000(ParentRunner.java:58)
	at org.junit.runners.ParentRunner$2.evaluate(ParentRunner.java:268)
	at org.junit.internal.runners.statements.RunBefores.evaluate(RunBefores.java:26)
	at org.junit.runners.ParentRunner.run(ParentRunner.java:363)
	at org.apache.maven.surefire.junit4.JUnit4Provider.execute(JUnit4Provider.java:365)
	at org.apache.maven.surefire.junit4.JUnit4Provider.executeWithRerun(JUnit4Provider.java:273)
	at org.apache.maven.surefire.junit4.JUnit4Provider.executeTestSet(JUnit4Provider.java:238)
	at org.apache.maven.surefire.junit4.JUnit4Provider.invoke(JUnit4Provider.java:159)
	at org.apache.maven.surefire.booter.ForkedBooter.invokeProviderInSameClassLoader(ForkedBooter.java:384)
	at org.apache.maven.surefire.booter.ForkedBooter.runSuitesInProcess(ForkedBooter.java:345)
	at org.apache.maven.surefire.booter.ForkedBooter.execute(ForkedBooter.java:126)
	at org.apache.maven.surefire.booter.ForkedBooter.main(ForkedBooter.java:418)
Caused by: java.security.cert.CertificateException: Failed to verify both host address and host name
	at org.apache.zookeeper.common.ZKTrustManager.performHostVerification(ZKTrustManager.java:163)
	at org.apache.zookeeper.common.ZKTrustManager.checkServerTrusted(ZKTrustManager.java:90)
	at sun.security.ssl.ClientHandshaker.serverCertificate(ClientHandshaker.java:1670)
	... 47 more
Caused by: javax.net.ssl.SSLPeerUnverifiedException: Certificate for <activate.navicat.com> doesn't match common name of the certificate subject: localhost
	at org.apache.zookeeper.common.ZKHostnameVerifier.matchCN(ZKHostnameVerifier.java:238)
	at org.apache.zookeeper.common.ZKHostnameVerifier.verify(ZKHostnameVerifier.java:184)
	at org.apache.zookeeper.common.ZKTrustManager.performHostVerification(ZKTrustManager.java:159)
	... 49 more
2020-06-22 14:22:50,981 [myid:] - ERROR [nioEventLoopGroup-4-3:NettyServerCnxnFactory$CertificateVerifier@434] - Unsuccessful handshake with session 0x0
2020-06-22 14:22:50,982 [myid:] - WARN  [nioEventLoopGroup-4-3:NettyServerCnxnFactory$CnxnChannelHandler@273] - Exception caught
io.netty.handler.codec.DecoderException: javax.net.ssl.SSLException: Received fatal alert: certificate_unknown
	at io.netty.handler.codec.ByteToMessageDecoder.callDecode(ByteToMessageDecoder.java:468)
	at io.netty.handler.codec.ByteToMessageDecoder.channelRead(ByteToMessageDecoder.java:276)
	at io.netty.channel.AbstractChannelHandlerContext.invokeChannelRead(AbstractChannelHandlerContext.java:379)
	at io.netty.channel.AbstractChannelHandlerContext.invokeChannelRead(AbstractChannelHandlerContext.java:365)
	at io.netty.channel.AbstractChannelHandlerContext.fireChannelRead(AbstractChannelHandlerContext.java:357)
	at io.netty.channel.DefaultChannelPipeline$HeadContext.channelRead(DefaultChannelPipeline.java:1410)
	at io.netty.channel.AbstractChannelHandlerContext.invokeChannelRead(AbstractChannelHandlerContext.java:379)
	at io.netty.channel.AbstractChannelHandlerContext.invokeChannelRead(AbstractChannelHandlerContext.java:365)
	at io.netty.channel.DefaultChannelPipeline.fireChannelRead(DefaultChannelPipeline.java:919)
	at io.netty.channel.nio.AbstractNioByteChannel$NioByteUnsafe.read(AbstractNioByteChannel.java:163)
	at io.netty.channel.nio.NioEventLoop.processSelectedKey(NioEventLoop.java:714)
	at io.netty.channel.nio.NioEventLoop.processSelectedKeysOptimized(NioEventLoop.java:650)
	at io.netty.channel.nio.NioEventLoop.processSelectedKeys(NioEventLoop.java:576)
	at io.netty.channel.nio.NioEventLoop.run(NioEventLoop.java:493)
	at io.netty.util.concurrent.SingleThreadEventExecutor$4.run(SingleThreadEventExecutor.java:989)
	at io.netty.util.internal.ThreadExecutorMap$2.run(ThreadExecutorMap.java:74)
	at io.netty.util.concurrent.FastThreadLocalRunnable.run(FastThreadLocalRunnable.java:30)
	at java.lang.Thread.run(Thread.java:748)
Caused by: javax.net.ssl.SSLException: Received fatal alert: certificate_unknown
	at sun.security.ssl.Alerts.getSSLException(Alerts.java:214)
	at sun.security.ssl.SSLEngineImpl.fatal(SSLEngineImpl.java:1667)
	at sun.security.ssl.SSLEngineImpl.fatal(SSLEngineImpl.java:1635)
	at sun.security.ssl.SSLEngineImpl.recvAlert(SSLEngineImpl.java:1801)
	at sun.security.ssl.SSLEngineImpl.readRecord(SSLEngineImpl.java:1090)
	at sun.security.ssl.SSLEngineImpl.readNetRecord(SSLEngineImpl.java:913)
	at sun.security.ssl.SSLEngineImpl.unwrap(SSLEngineImpl.java:783)
	at javax.net.ssl.SSLEngine.unwrap(SSLEngine.java:626)
	at io.netty.handler.ssl.SslHandler$SslEngineType$3.unwrap(SslHandler.java:281)
	at io.netty.handler.ssl.SslHandler.unwrap(SslHandler.java:1340)
	at io.netty.handler.ssl.SslHandler.decodeJdkCompatible(SslHandler.java:1235)
	at io.netty.handler.ssl.SslHandler.decode(SslHandler.java:1282)
	at io.netty.handler.codec.ByteToMessageDecoder.decodeRemovalReentryProtection(ByteToMessageDecoder.java:498)
	at io.netty.handler.codec.ByteToMessageDecoder.callDecode(ByteToMessageDecoder.java:437)
	... 17 more
2020-06-22 14:22:50,983 [myid:] - WARN  [nioEventLoopGroup-4-3:NettyServerCnxnFactory$CnxnChannelHandler@273] - Exception caught
io.netty.handler.codec.DecoderException: javax.net.ssl.SSLException: Received fatal alert: certificate_unknown
	at io.netty.handler.codec.ByteToMessageDecoder.callDecode(ByteToMessageDecoder.java:468)
	at io.netty.handler.codec.ByteToMessageDecoder.channelInputClosed(ByteToMessageDecoder.java:401)
	at io.netty.handler.codec.ByteToMessageDecoder.channelInputClosed(ByteToMessageDecoder.java:368)
	at io.netty.handler.codec.ByteToMessageDecoder.channelInactive(ByteToMessageDecoder.java:351)
	at io.netty.handler.ssl.SslHandler.channelInactive(SslHandler.java:1084)
	at io.netty.channel.AbstractChannelHandlerContext.invokeChannelInactive(AbstractChannelHandlerContext.java:262)
	at io.netty.channel.AbstractChannelHandlerContext.invokeChannelInactive(AbstractChannelHandlerContext.java:248)
	at io.netty.channel.AbstractChannelHandlerContext.fireChannelInactive(AbstractChannelHandlerContext.java:241)
	at io.netty.channel.DefaultChannelPipeline$HeadContext.channelInactive(DefaultChannelPipeline.java:1405)
	at io.netty.channel.AbstractChannelHandlerContext.invokeChannelInactive(AbstractChannelHandlerContext.java:262)
	at io.netty.channel.AbstractChannelHandlerContext.invokeChannelInactive(AbstractChannelHandlerContext.java:248)
	at io.netty.channel.DefaultChannelPipeline.fireChannelInactive(DefaultChannelPipeline.java:901)
	at io.netty.channel.AbstractChannel$AbstractUnsafe$8.run(AbstractChannel.java:818)
	at io.netty.util.concurrent.AbstractEventExecutor.safeExecute(AbstractEventExecutor.java:164)
	at io.netty.util.concurrent.SingleThreadEventExecutor.runAllTasks(SingleThreadEventExecutor.java:472)
	at io.netty.channel.nio.NioEventLoop.run(NioEventLoop.java:497)
	at io.netty.util.concurrent.SingleThreadEventExecutor$4.run(SingleThreadEventExecutor.java:989)
	at io.netty.util.internal.ThreadExecutorMap$2.run(ThreadExecutorMap.java:74)
	at io.netty.util.concurrent.FastThreadLocalRunnable.run(FastThreadLocalRunnable.java:30)
	at java.lang.Thread.run(Thread.java:748)
Caused by: javax.net.ssl.SSLException: Received fatal alert: certificate_unknown
	at sun.security.ssl.Alerts.getSSLException(Alerts.java:214)
	at sun.security.ssl.SSLEngineImpl.fatal(SSLEngineImpl.java:1667)
	at sun.security.ssl.SSLEngineImpl.fatal(SSLEngineImpl.java:1635)
	at sun.security.ssl.SSLEngineImpl.recvAlert(SSLEngineImpl.java:1801)
	at sun.security.ssl.SSLEngineImpl.readRecord(SSLEngineImpl.java:1090)
	at sun.security.ssl.SSLEngineImpl.readNetRecord(SSLEngineImpl.java:913)
	at sun.security.ssl.SSLEngineImpl.unwrap(SSLEngineImpl.java:783)
	at javax.net.ssl.SSLEngine.unwrap(SSLEngine.java:626)
	at io.netty.handler.ssl.SslHandler$SslEngineType$3.unwrap(SslHandler.java:281)
	at io.netty.handler.ssl.SslHandler.unwrap(SslHandler.java:1340)
	at io.netty.handler.ssl.SslHandler.decodeJdkCompatible(SslHandler.java:1235)
	at io.netty.handler.ssl.SslHandler.decode(SslHandler.java:1282)
	at io.netty.handler.codec.ByteToMessageDecoder.decodeRemovalReentryProtection(ByteToMessageDecoder.java:498)
	at io.netty.handler.codec.ByteToMessageDecoder.callDecode(ByteToMessageDecoder.java:437)
	... 19 more
2020-06-22 14:22:51,231 [myid:] - INFO  [main:FourLetterWordMain@93] - connecting to 127.0.0.1 21995
2020-06-22 14:22:51,231 [myid:] - INFO  [main:FourLetterWordMain@99] - using secure socket
2020-06-22 14:22:51,243 [myid:] - ERROR [main:ZKTrustManager@161] - Failed to verify host address: 127.0.0.1
javax.net.ssl.SSLPeerUnverifiedException: Certificate for <127.0.0.1> doesn't match common name of the certificate subject: localhost
	at org.apache.zookeeper.common.ZKHostnameVerifier.matchCN(ZKHostnameVerifier.java:238)
	at org.apache.zookeeper.common.ZKHostnameVerifier.verify(ZKHostnameVerifier.java:184)
	at org.apache.zookeeper.common.ZKTrustManager.performHostVerification(ZKTrustManager.java:151)
	at org.apache.zookeeper.common.ZKTrustManager.checkServerTrusted(ZKTrustManager.java:90)
	at sun.security.ssl.ClientHandshaker.serverCertificate(ClientHandshaker.java:1670)
	at sun.security.ssl.ClientHandshaker.processMessage(ClientHandshaker.java:226)
	at sun.security.ssl.Handshaker.processLoop(Handshaker.java:1082)
	at sun.security.ssl.Handshaker.process_record(Handshaker.java:1010)
	at sun.security.ssl.SSLSocketImpl.readRecord(SSLSocketImpl.java:1079)
	at sun.security.ssl.SSLSocketImpl.performInitialHandshake(SSLSocketImpl.java:1388)
	at sun.security.ssl.SSLSocketImpl.startHandshake(SSLSocketImpl.java:1416)
	at sun.security.ssl.SSLSocketImpl.startHandshake(SSLSocketImpl.java:1400)
	at org.apache.zookeeper.client.FourLetterWordMain.send4LetterWord(FourLetterWordMain.java:105)
	at org.apache.zookeeper.client.FourLetterWordMain.send4LetterWord(FourLetterWordMain.java:73)
	at org.apache.zookeeper.test.ClientBase.waitForServerUp(ClientBase.java:261)
	at org.apache.zookeeper.test.ClientBase.startServerInstance(ClientBase.java:401)
	at org.apache.zookeeper.test.ClientBase.startServer(ClientBase.java:516)
	at org.apache.zookeeper.test.ClientBase.setUpWithServerId(ClientBase.java:499)
	at org.apache.zookeeper.test.ClientBase.setUp(ClientBase.java:474)
	at org.apache.zookeeper.test.SaslDigestAuthOverSSLTest.setUp(SaslDigestAuthOverSSLTest.java:62)
	at sun.reflect.NativeMethodAccessorImpl.invoke0(Native Method)
	at sun.reflect.NativeMethodAccessorImpl.invoke(NativeMethodAccessorImpl.java:62)
	at sun.reflect.DelegatingMethodAccessorImpl.invoke(DelegatingMethodAccessorImpl.java:43)
	at java.lang.reflect.Method.invoke(Method.java:498)
	at org.junit.runners.model.FrameworkMethod$1.runReflectiveCall(FrameworkMethod.java:50)
	at org.junit.internal.runners.model.ReflectiveCallable.run(ReflectiveCallable.java:12)
	at org.junit.runners.model.FrameworkMethod.invokeExplosively(FrameworkMethod.java:47)
	at mockit.integration.junit4.JUnit4TestRunnerDecorator.invokeExplosively(JUnit4TestRunnerDecorator.java:49)
	at mockit.integration.junit4.FakeFrameworkMethod.invokeExplosively(FakeFrameworkMethod.java:29)
	at org.junit.runners.model.FrameworkMethod.invokeExplosively(FrameworkMethod.java)
	at org.junit.internal.runners.statements.RunBefores.evaluate(RunBefores.java:24)
	at org.junit.internal.runners.statements.RunAfters.evaluate(RunAfters.java:27)
	at org.junit.rules.TestWatcher$1.evaluate(TestWatcher.java:55)
	at org.junit.rules.RunRules.evaluate(RunRules.java:20)
	at org.junit.runners.ParentRunner.runLeaf(ParentRunner.java:325)
	at org.junit.runners.BlockJUnit4ClassRunner.runChild(BlockJUnit4ClassRunner.java:78)
	at org.junit.runners.BlockJUnit4ClassRunner.runChild(BlockJUnit4ClassRunner.java:57)
	at org.junit.runners.ParentRunner$3.run(ParentRunner.java:290)
	at org.junit.runners.ParentRunner$1.schedule(ParentRunner.java:71)
	at org.junit.runners.ParentRunner.runChildren(ParentRunner.java:288)
	at org.junit.runners.ParentRunner.access$000(ParentRunner.java:58)
	at org.junit.runners.ParentRunner$2.evaluate(ParentRunner.java:268)
	at org.junit.internal.runners.statements.RunBefores.evaluate(RunBefores.java:26)
	at org.junit.runners.ParentRunner.run(ParentRunner.java:363)
	at org.apache.maven.surefire.junit4.JUnit4Provider.execute(JUnit4Provider.java:365)
	at org.apache.maven.surefire.junit4.JUnit4Provider.executeWithRerun(JUnit4Provider.java:273)
	at org.apache.maven.surefire.junit4.JUnit4Provider.executeTestSet(JUnit4Provider.java:238)
	at org.apache.maven.surefire.junit4.JUnit4Provider.invoke(JUnit4Provider.java:159)
	at org.apache.maven.surefire.booter.ForkedBooter.invokeProviderInSameClassLoader(ForkedBooter.java:384)
	at org.apache.maven.surefire.booter.ForkedBooter.runSuitesInProcess(ForkedBooter.java:345)
	at org.apache.maven.surefire.booter.ForkedBooter.execute(ForkedBooter.java:126)
	at org.apache.maven.surefire.booter.ForkedBooter.main(ForkedBooter.java:418)
2020-06-22 14:22:51,244 [myid:] - ERROR [main:ZKTrustManager@162] - Failed to verify hostname: activate.navicat.com
javax.net.ssl.SSLPeerUnverifiedException: Certificate for <activate.navicat.com> doesn't match common name of the certificate subject: localhost
	at org.apache.zookeeper.common.ZKHostnameVerifier.matchCN(ZKHostnameVerifier.java:238)
	at org.apache.zookeeper.common.ZKHostnameVerifier.verify(ZKHostnameVerifier.java:184)
	at org.apache.zookeeper.common.ZKTrustManager.performHostVerification(ZKTrustManager.java:159)
	at org.apache.zookeeper.common.ZKTrustManager.checkServerTrusted(ZKTrustManager.java:90)
	at sun.security.ssl.ClientHandshaker.serverCertificate(ClientHandshaker.java:1670)
	at sun.security.ssl.ClientHandshaker.processMessage(ClientHandshaker.java:226)
	at sun.security.ssl.Handshaker.processLoop(Handshaker.java:1082)
	at sun.security.ssl.Handshaker.process_record(Handshaker.java:1010)
	at sun.security.ssl.SSLSocketImpl.readRecord(SSLSocketImpl.java:1079)
	at sun.security.ssl.SSLSocketImpl.performInitialHandshake(SSLSocketImpl.java:1388)
	at sun.security.ssl.SSLSocketImpl.startHandshake(SSLSocketImpl.java:1416)
	at sun.security.ssl.SSLSocketImpl.startHandshake(SSLSocketImpl.java:1400)
	at org.apache.zookeeper.client.FourLetterWordMain.send4LetterWord(FourLetterWordMain.java:105)
	at org.apache.zookeeper.client.FourLetterWordMain.send4LetterWord(FourLetterWordMain.java:73)
	at org.apache.zookeeper.test.ClientBase.waitForServerUp(ClientBase.java:261)
	at org.apache.zookeeper.test.ClientBase.startServerInstance(ClientBase.java:401)
	at org.apache.zookeeper.test.ClientBase.startServer(ClientBase.java:516)
	at org.apache.zookeeper.test.ClientBase.setUpWithServerId(ClientBase.java:499)
	at org.apache.zookeeper.test.ClientBase.setUp(ClientBase.java:474)
	at org.apache.zookeeper.test.SaslDigestAuthOverSSLTest.setUp(SaslDigestAuthOverSSLTest.java:62)
	at sun.reflect.NativeMethodAccessorImpl.invoke0(Native Method)
	at sun.reflect.NativeMethodAccessorImpl.invoke(NativeMethodAccessorImpl.java:62)
	at sun.reflect.DelegatingMethodAccessorImpl.invoke(DelegatingMethodAccessorImpl.java:43)
	at java.lang.reflect.Method.invoke(Method.java:498)
	at org.junit.runners.model.FrameworkMethod$1.runReflectiveCall(FrameworkMethod.java:50)
	at org.junit.internal.runners.model.ReflectiveCallable.run(ReflectiveCallable.java:12)
	at org.junit.runners.model.FrameworkMethod.invokeExplosively(FrameworkMethod.java:47)
	at mockit.integration.junit4.JUnit4TestRunnerDecorator.invokeExplosively(JUnit4TestRunnerDecorator.java:49)
	at mockit.integration.junit4.FakeFrameworkMethod.invokeExplosively(FakeFrameworkMethod.java:29)
	at org.junit.runners.model.FrameworkMethod.invokeExplosively(FrameworkMethod.java)
	at org.junit.internal.runners.statements.RunBefores.evaluate(RunBefores.java:24)
	at org.junit.internal.runners.statements.RunAfters.evaluate(RunAfters.java:27)
	at org.junit.rules.TestWatcher$1.evaluate(TestWatcher.java:55)
	at org.junit.rules.RunRules.evaluate(RunRules.java:20)
	at org.junit.runners.ParentRunner.runLeaf(ParentRunner.java:325)
	at org.junit.runners.BlockJUnit4ClassRunner.runChild(BlockJUnit4ClassRunner.java:78)
	at org.junit.runners.BlockJUnit4ClassRunner.runChild(BlockJUnit4ClassRunner.java:57)
	at org.junit.runners.ParentRunner$3.run(ParentRunner.java:290)
	at org.junit.runners.ParentRunner$1.schedule(ParentRunner.java:71)
	at org.junit.runners.ParentRunner.runChildren(ParentRunner.java:288)
	at org.junit.runners.ParentRunner.access$000(ParentRunner.java:58)
	at org.junit.runners.ParentRunner$2.evaluate(ParentRunner.java:268)
	at org.junit.internal.runners.statements.RunBefores.evaluate(RunBefores.java:26)
	at org.junit.runners.ParentRunner.run(ParentRunner.java:363)
	at org.apache.maven.surefire.junit4.JUnit4Provider.execute(JUnit4Provider.java:365)
	at org.apache.maven.surefire.junit4.JUnit4Provider.executeWithRerun(JUnit4Provider.java:273)
	at org.apache.maven.surefire.junit4.JUnit4Provider.executeTestSet(JUnit4Provider.java:238)
	at org.apache.maven.surefire.junit4.JUnit4Provider.invoke(JUnit4Provider.java:159)
	at org.apache.maven.surefire.booter.ForkedBooter.invokeProviderInSameClassLoader(ForkedBooter.java:384)
	at org.apache.maven.surefire.booter.ForkedBooter.runSuitesInProcess(ForkedBooter.java:345)
	at org.apache.maven.surefire.booter.ForkedBooter.execute(ForkedBooter.java:126)
	at org.apache.maven.surefire.booter.ForkedBooter.main(ForkedBooter.java:418)
2020-06-22 14:22:51,244 [myid:] - INFO  [main:ClientBase@270] - server 127.0.0.1:21995 not up
javax.net.ssl.SSLHandshakeException: java.security.cert.CertificateException: Failed to verify both host address and host name
	at sun.security.ssl.Alerts.getSSLException(Alerts.java:198)
	at sun.security.ssl.SSLSocketImpl.fatal(SSLSocketImpl.java:1967)
	at sun.security.ssl.Handshaker.fatalSE(Handshaker.java:331)
	at sun.security.ssl.Handshaker.fatalSE(Handshaker.java:325)
	at sun.security.ssl.ClientHandshaker.serverCertificate(ClientHandshaker.java:1688)
	at sun.security.ssl.ClientHandshaker.processMessage(ClientHandshaker.java:226)
	at sun.security.ssl.Handshaker.processLoop(Handshaker.java:1082)
	at sun.security.ssl.Handshaker.process_record(Handshaker.java:1010)
	at sun.security.ssl.SSLSocketImpl.readRecord(SSLSocketImpl.java:1079)
	at sun.security.ssl.SSLSocketImpl.performInitialHandshake(SSLSocketImpl.java:1388)
	at sun.security.ssl.SSLSocketImpl.startHandshake(SSLSocketImpl.java:1416)
	at sun.security.ssl.SSLSocketImpl.startHandshake(SSLSocketImpl.java:1400)
	at org.apache.zookeeper.client.FourLetterWordMain.send4LetterWord(FourLetterWordMain.java:105)
	at org.apache.zookeeper.client.FourLetterWordMain.send4LetterWord(FourLetterWordMain.java:73)
	at org.apache.zookeeper.test.ClientBase.waitForServerUp(ClientBase.java:261)
	at org.apache.zookeeper.test.ClientBase.startServerInstance(ClientBase.java:401)
	at org.apache.zookeeper.test.ClientBase.startServer(ClientBase.java:516)
	at org.apache.zookeeper.test.ClientBase.setUpWithServerId(ClientBase.java:499)
	at org.apache.zookeeper.test.ClientBase.setUp(ClientBase.java:474)
	at org.apache.zookeeper.test.SaslDigestAuthOverSSLTest.setUp(SaslDigestAuthOverSSLTest.java:62)
	at sun.reflect.NativeMethodAccessorImpl.invoke0(Native Method)
	at sun.reflect.NativeMethodAccessorImpl.invoke(NativeMethodAccessorImpl.java:62)
	at sun.reflect.DelegatingMethodAccessorImpl.invoke(DelegatingMethodAccessorImpl.java:43)
	at java.lang.reflect.Method.invoke(Method.java:498)
	at org.junit.runners.model.FrameworkMethod$1.runReflectiveCall(FrameworkMethod.java:50)
	at org.junit.internal.runners.model.ReflectiveCallable.run(ReflectiveCallable.java:12)
	at org.junit.runners.model.FrameworkMethod.invokeExplosively(FrameworkMethod.java:47)
	at mockit.integration.junit4.JUnit4TestRunnerDecorator.invokeExplosively(JUnit4TestRunnerDecorator.java:49)
	at mockit.integration.junit4.FakeFrameworkMethod.invokeExplosively(FakeFrameworkMethod.java:29)
	at org.junit.runners.model.FrameworkMethod.invokeExplosively(FrameworkMethod.java)
	at org.junit.internal.runners.statements.RunBefores.evaluate(RunBefores.java:24)
	at org.junit.internal.runners.statements.RunAfters.evaluate(RunAfters.java:27)
	at org.junit.rules.TestWatcher$1.evaluate(TestWatcher.java:55)
	at org.junit.rules.RunRules.evaluate(RunRules.java:20)
	at org.junit.runners.ParentRunner.runLeaf(ParentRunner.java:325)
	at org.junit.runners.BlockJUnit4ClassRunner.runChild(BlockJUnit4ClassRunner.java:78)
	at org.junit.runners.BlockJUnit4ClassRunner.runChild(BlockJUnit4ClassRunner.java:57)
	at org.junit.runners.ParentRunner$3.run(ParentRunner.java:290)
	at org.junit.runners.ParentRunner$1.schedule(ParentRunner.java:71)
	at org.junit.runners.ParentRunner.runChildren(ParentRunner.java:288)
	at org.junit.runners.ParentRunner.access$000(ParentRunner.java:58)
	at org.junit.runners.ParentRunner$2.evaluate(ParentRunner.java:268)
	at org.junit.internal.runners.statements.RunBefores.evaluate(RunBefores.java:26)
	at org.junit.runners.ParentRunner.run(ParentRunner.java:363)
	at org.apache.maven.surefire.junit4.JUnit4Provider.execute(JUnit4Provider.java:365)
	at org.apache.maven.surefire.junit4.JUnit4Provider.executeWithRerun(JUnit4Provider.java:273)
	at org.apache.maven.surefire.junit4.JUnit4Provider.executeTestSet(JUnit4Provider.java:238)
	at org.apache.maven.surefire.junit4.JUnit4Provider.invoke(JUnit4Provider.java:159)
	at org.apache.maven.surefire.booter.ForkedBooter.invokeProviderInSameClassLoader(ForkedBooter.java:384)
	at org.apache.maven.surefire.booter.ForkedBooter.runSuitesInProcess(ForkedBooter.java:345)
	at org.apache.maven.surefire.booter.ForkedBooter.execute(ForkedBooter.java:126)
	at org.apache.maven.surefire.booter.ForkedBooter.main(ForkedBooter.java:418)
Caused by: java.security.cert.CertificateException: Failed to verify both host address and host name
	at org.apache.zookeeper.common.ZKTrustManager.performHostVerification(ZKTrustManager.java:163)
	at org.apache.zookeeper.common.ZKTrustManager.checkServerTrusted(ZKTrustManager.java:90)
	at sun.security.ssl.ClientHandshaker.serverCertificate(ClientHandshaker.java:1670)
	... 47 more
Caused by: javax.net.ssl.SSLPeerUnverifiedException: Certificate for <activate.navicat.com> doesn't match common name of the certificate subject: localhost
	at org.apache.zookeeper.common.ZKHostnameVerifier.matchCN(ZKHostnameVerifier.java:238)
	at org.apache.zookeeper.common.ZKHostnameVerifier.verify(ZKHostnameVerifier.java:184)
	at org.apache.zookeeper.common.ZKTrustManager.performHostVerification(ZKTrustManager.java:159)
	... 49 more
2020-06-22 14:22:51,245 [myid:] - ERROR [nioEventLoopGroup-4-4:NettyServerCnxnFactory$CertificateVerifier@434] - Unsuccessful handshake with session 0x0
2020-06-22 14:22:51,246 [myid:] - WARN  [nioEventLoopGroup-4-4:NettyServerCnxnFactory$CnxnChannelHandler@273] - Exception caught
io.netty.handler.codec.DecoderException: javax.net.ssl.SSLException: Received fatal alert: certificate_unknown
	at io.netty.handler.codec.ByteToMessageDecoder.callDecode(ByteToMessageDecoder.java:468)
	at io.netty.handler.codec.ByteToMessageDecoder.channelRead(ByteToMessageDecoder.java:276)
	at io.netty.channel.AbstractChannelHandlerContext.invokeChannelRead(AbstractChannelHandlerContext.java:379)
	at io.netty.channel.AbstractChannelHandlerContext.invokeChannelRead(AbstractChannelHandlerContext.java:365)
	at io.netty.channel.AbstractChannelHandlerContext.fireChannelRead(AbstractChannelHandlerContext.java:357)
	at io.netty.channel.DefaultChannelPipeline$HeadContext.channelRead(DefaultChannelPipeline.java:1410)
	at io.netty.channel.AbstractChannelHandlerContext.invokeChannelRead(AbstractChannelHandlerContext.java:379)
	at io.netty.channel.AbstractChannelHandlerContext.invokeChannelRead(AbstractChannelHandlerContext.java:365)
	at io.netty.channel.DefaultChannelPipeline.fireChannelRead(DefaultChannelPipeline.java:919)
	at io.netty.channel.nio.AbstractNioByteChannel$NioByteUnsafe.read(AbstractNioByteChannel.java:163)
	at io.netty.channel.nio.NioEventLoop.processSelectedKey(NioEventLoop.java:714)
	at io.netty.channel.nio.NioEventLoop.processSelectedKeysOptimized(NioEventLoop.java:650)
	at io.netty.channel.nio.NioEventLoop.processSelectedKeys(NioEventLoop.java:576)
	at io.netty.channel.nio.NioEventLoop.run(NioEventLoop.java:493)
	at io.netty.util.concurrent.SingleThreadEventExecutor$4.run(SingleThreadEventExecutor.java:989)
	at io.netty.util.internal.ThreadExecutorMap$2.run(ThreadExecutorMap.java:74)
	at io.netty.util.concurrent.FastThreadLocalRunnable.run(FastThreadLocalRunnable.java:30)
	at java.lang.Thread.run(Thread.java:748)
Caused by: javax.net.ssl.SSLException: Received fatal alert: certificate_unknown
	at sun.security.ssl.Alerts.getSSLException(Alerts.java:214)
	at sun.security.ssl.SSLEngineImpl.fatal(SSLEngineImpl.java:1667)
	at sun.security.ssl.SSLEngineImpl.fatal(SSLEngineImpl.java:1635)
	at sun.security.ssl.SSLEngineImpl.recvAlert(SSLEngineImpl.java:1801)
	at sun.security.ssl.SSLEngineImpl.readRecord(SSLEngineImpl.java:1090)
	at sun.security.ssl.SSLEngineImpl.readNetRecord(SSLEngineImpl.java:913)
	at sun.security.ssl.SSLEngineImpl.unwrap(SSLEngineImpl.java:783)
	at javax.net.ssl.SSLEngine.unwrap(SSLEngine.java:626)
	at io.netty.handler.ssl.SslHandler$SslEngineType$3.unwrap(SslHandler.java:281)
	at io.netty.handler.ssl.SslHandler.unwrap(SslHandler.java:1340)
	at io.netty.handler.ssl.SslHandler.decodeJdkCompatible(SslHandler.java:1235)
	at io.netty.handler.ssl.SslHandler.decode(SslHandler.java:1282)
	at io.netty.handler.codec.ByteToMessageDecoder.decodeRemovalReentryProtection(ByteToMessageDecoder.java:498)
	at io.netty.handler.codec.ByteToMessageDecoder.callDecode(ByteToMessageDecoder.java:437)
	... 17 more
2020-06-22 14:22:51,247 [myid:] - WARN  [nioEventLoopGroup-4-4:NettyServerCnxnFactory$CnxnChannelHandler@273] - Exception caught
io.netty.handler.codec.DecoderException: javax.net.ssl.SSLException: Received fatal alert: certificate_unknown
	at io.netty.handler.codec.ByteToMessageDecoder.callDecode(ByteToMessageDecoder.java:468)
	at io.netty.handler.codec.ByteToMessageDecoder.channelInputClosed(ByteToMessageDecoder.java:401)
	at io.netty.handler.codec.ByteToMessageDecoder.channelInputClosed(ByteToMessageDecoder.java:368)
	at io.netty.handler.codec.ByteToMessageDecoder.channelInactive(ByteToMessageDecoder.java:351)
	at io.netty.handler.ssl.SslHandler.channelInactive(SslHandler.java:1084)
	at io.netty.channel.AbstractChannelHandlerContext.invokeChannelInactive(AbstractChannelHandlerContext.java:262)
	at io.netty.channel.AbstractChannelHandlerContext.invokeChannelInactive(AbstractChannelHandlerContext.java:248)
	at io.netty.channel.AbstractChannelHandlerContext.fireChannelInactive(AbstractChannelHandlerContext.java:241)
	at io.netty.channel.DefaultChannelPipeline$HeadContext.channelInactive(DefaultChannelPipeline.java:1405)
	at io.netty.channel.AbstractChannelHandlerContext.invokeChannelInactive(AbstractChannelHandlerContext.java:262)
	at io.netty.channel.AbstractChannelHandlerContext.invokeChannelInactive(AbstractChannelHandlerContext.java:248)
	at io.netty.channel.DefaultChannelPipeline.fireChannelInactive(DefaultChannelPipeline.java:901)
	at io.netty.channel.AbstractChannel$AbstractUnsafe$8.run(AbstractChannel.java:818)
	at io.netty.util.concurrent.AbstractEventExecutor.safeExecute(AbstractEventExecutor.java:164)
	at io.netty.util.concurrent.SingleThreadEventExecutor.runAllTasks(SingleThreadEventExecutor.java:472)
	at io.netty.channel.nio.NioEventLoop.run(NioEventLoop.java:497)
	at io.netty.util.concurrent.SingleThreadEventExecutor$4.run(SingleThreadEventExecutor.java:989)
	at io.netty.util.internal.ThreadExecutorMap$2.run(ThreadExecutorMap.java:74)
	at io.netty.util.concurrent.FastThreadLocalRunnable.run(FastThreadLocalRunnable.java:30)
	at java.lang.Thread.run(Thread.java:748)
Caused by: javax.net.ssl.SSLException: Received fatal alert: certificate_unknown
	at sun.security.ssl.Alerts.getSSLException(Alerts.java:214)
	at sun.security.ssl.SSLEngineImpl.fatal(SSLEngineImpl.java:1667)
	at sun.security.ssl.SSLEngineImpl.fatal(SSLEngineImpl.java:1635)
	at sun.security.ssl.SSLEngineImpl.recvAlert(SSLEngineImpl.java:1801)
	at sun.security.ssl.SSLEngineImpl.readRecord(SSLEngineImpl.java:1090)
	at sun.security.ssl.SSLEngineImpl.readNetRecord(SSLEngineImpl.java:913)
	at sun.security.ssl.SSLEngineImpl.unwrap(SSLEngineImpl.java:783)
	at javax.net.ssl.SSLEngine.unwrap(SSLEngine.java:626)
	at io.netty.handler.ssl.SslHandler$SslEngineType$3.unwrap(SslHandler.java:281)
	at io.netty.handler.ssl.SslHandler.unwrap(SslHandler.java:1340)
	at io.netty.handler.ssl.SslHandler.decodeJdkCompatible(SslHandler.java:1235)
	at io.netty.handler.ssl.SslHandler.decode(SslHandler.java:1282)
	at io.netty.handler.codec.ByteToMessageDecoder.decodeRemovalReentryProtection(ByteToMessageDecoder.java:498)
	at io.netty.handler.codec.ByteToMessageDecoder.callDecode(ByteToMessageDecoder.java:437)
	... 19 more
2020-06-22 14:22:51,496 [myid:] - INFO  [main:FourLetterWordMain@93] - connecting to 127.0.0.1 21995
2020-06-22 14:22:51,496 [myid:] - INFO  [main:FourLetterWordMain@99] - using secure socket
2020-06-22 14:22:51,504 [myid:] - ERROR [main:ZKTrustManager@161] - Failed to verify host address: 127.0.0.1
javax.net.ssl.SSLPeerUnverifiedException: Certificate for <127.0.0.1> doesn't match common name of the certificate subject: localhost
	at org.apache.zookeeper.common.ZKHostnameVerifier.matchCN(ZKHostnameVerifier.java:238)
	at org.apache.zookeeper.common.ZKHostnameVerifier.verify(ZKHostnameVerifier.java:184)
	at org.apache.zookeeper.common.ZKTrustManager.performHostVerification(ZKTrustManager.java:151)
	at org.apache.zookeeper.common.ZKTrustManager.checkServerTrusted(ZKTrustManager.java:90)
	at sun.security.ssl.ClientHandshaker.serverCertificate(ClientHandshaker.java:1670)
	at sun.security.ssl.ClientHandshaker.processMessage(ClientHandshaker.java:226)
	at sun.security.ssl.Handshaker.processLoop(Handshaker.java:1082)
	at sun.security.ssl.Handshaker.process_record(Handshaker.java:1010)
	at sun.security.ssl.SSLSocketImpl.readRecord(SSLSocketImpl.java:1079)
	at sun.security.ssl.SSLSocketImpl.performInitialHandshake(SSLSocketImpl.java:1388)
	at sun.security.ssl.SSLSocketImpl.startHandshake(SSLSocketImpl.java:1416)
	at sun.security.ssl.SSLSocketImpl.startHandshake(SSLSocketImpl.java:1400)
	at org.apache.zookeeper.client.FourLetterWordMain.send4LetterWord(FourLetterWordMain.java:105)
	at org.apache.zookeeper.client.FourLetterWordMain.send4LetterWord(FourLetterWordMain.java:73)
	at org.apache.zookeeper.test.ClientBase.waitForServerUp(ClientBase.java:261)
	at org.apache.zookeeper.test.ClientBase.startServerInstance(ClientBase.java:401)
	at org.apache.zookeeper.test.ClientBase.startServer(ClientBase.java:516)
	at org.apache.zookeeper.test.ClientBase.setUpWithServerId(ClientBase.java:499)
	at org.apache.zookeeper.test.ClientBase.setUp(ClientBase.java:474)
	at org.apache.zookeeper.test.SaslDigestAuthOverSSLTest.setUp(SaslDigestAuthOverSSLTest.java:62)
	at sun.reflect.NativeMethodAccessorImpl.invoke0(Native Method)
	at sun.reflect.NativeMethodAccessorImpl.invoke(NativeMethodAccessorImpl.java:62)
	at sun.reflect.DelegatingMethodAccessorImpl.invoke(DelegatingMethodAccessorImpl.java:43)
	at java.lang.reflect.Method.invoke(Method.java:498)
	at org.junit.runners.model.FrameworkMethod$1.runReflectiveCall(FrameworkMethod.java:50)
	at org.junit.internal.runners.model.ReflectiveCallable.run(ReflectiveCallable.java:12)
	at org.junit.runners.model.FrameworkMethod.invokeExplosively(FrameworkMethod.java:47)
	at mockit.integration.junit4.JUnit4TestRunnerDecorator.invokeExplosively(JUnit4TestRunnerDecorator.java:49)
	at mockit.integration.junit4.FakeFrameworkMethod.invokeExplosively(FakeFrameworkMethod.java:29)
	at org.junit.runners.model.FrameworkMethod.invokeExplosively(FrameworkMethod.java)
	at org.junit.internal.runners.statements.RunBefores.evaluate(RunBefores.java:24)
	at org.junit.internal.runners.statements.RunAfters.evaluate(RunAfters.java:27)
	at org.junit.rules.TestWatcher$1.evaluate(TestWatcher.java:55)
	at org.junit.rules.RunRules.evaluate(RunRules.java:20)
	at org.junit.runners.ParentRunner.runLeaf(ParentRunner.java:325)
	at org.junit.runners.BlockJUnit4ClassRunner.runChild(BlockJUnit4ClassRunner.java:78)
	at org.junit.runners.BlockJUnit4ClassRunner.runChild(BlockJUnit4ClassRunner.java:57)
	at org.junit.runners.ParentRunner$3.run(ParentRunner.java:290)
	at org.junit.runners.ParentRunner$1.schedule(ParentRunner.java:71)
	at org.junit.runners.ParentRunner.runChildren(ParentRunner.java:288)
	at org.junit.runners.ParentRunner.access$000(ParentRunner.java:58)
	at org.junit.runners.ParentRunner$2.evaluate(ParentRunner.java:268)
	at org.junit.internal.runners.statements.RunBefores.evaluate(RunBefores.java:26)
	at org.junit.runners.ParentRunner.run(ParentRunner.java:363)
	at org.apache.maven.surefire.junit4.JUnit4Provider.execute(JUnit4Provider.java:365)
	at org.apache.maven.surefire.junit4.JUnit4Provider.executeWithRerun(JUnit4Provider.java:273)
	at org.apache.maven.surefire.junit4.JUnit4Provider.executeTestSet(JUnit4Provider.java:238)
	at org.apache.maven.surefire.junit4.JUnit4Provider.invoke(JUnit4Provider.java:159)
	at org.apache.maven.surefire.booter.ForkedBooter.invokeProviderInSameClassLoader(ForkedBooter.java:384)
	at org.apache.maven.surefire.booter.ForkedBooter.runSuitesInProcess(ForkedBooter.java:345)
	at org.apache.maven.surefire.booter.ForkedBooter.execute(ForkedBooter.java:126)
	at org.apache.maven.surefire.booter.ForkedBooter.main(ForkedBooter.java:418)
2020-06-22 14:22:51,504 [myid:] - ERROR [main:ZKTrustManager@162] - Failed to verify hostname: activate.navicat.com
javax.net.ssl.SSLPeerUnverifiedException: Certificate for <activate.navicat.com> doesn't match common name of the certificate subject: localhost
	at org.apache.zookeeper.common.ZKHostnameVerifier.matchCN(ZKHostnameVerifier.java:238)
	at org.apache.zookeeper.common.ZKHostnameVerifier.verify(ZKHostnameVerifier.java:184)
	at org.apache.zookeeper.common.ZKTrustManager.performHostVerification(ZKTrustManager.java:159)
	at org.apache.zookeeper.common.ZKTrustManager.checkServerTrusted(ZKTrustManager.java:90)
	at sun.security.ssl.ClientHandshaker.serverCertificate(ClientHandshaker.java:1670)
	at sun.security.ssl.ClientHandshaker.processMessage(ClientHandshaker.java:226)
	at sun.security.ssl.Handshaker.processLoop(Handshaker.java:1082)
	at sun.security.ssl.Handshaker.process_record(Handshaker.java:1010)
	at sun.security.ssl.SSLSocketImpl.readRecord(SSLSocketImpl.java:1079)
	at sun.security.ssl.SSLSocketImpl.performInitialHandshake(SSLSocketImpl.java:1388)
	at sun.security.ssl.SSLSocketImpl.startHandshake(SSLSocketImpl.java:1416)
	at sun.security.ssl.SSLSocketImpl.startHandshake(SSLSocketImpl.java:1400)
	at org.apache.zookeeper.client.FourLetterWordMain.send4LetterWord(FourLetterWordMain.java:105)
	at org.apache.zookeeper.client.FourLetterWordMain.send4LetterWord(FourLetterWordMain.java:73)
	at org.apache.zookeeper.test.ClientBase.waitForServerUp(ClientBase.java:261)
	at org.apache.zookeeper.test.ClientBase.startServerInstance(ClientBase.java:401)
	at org.apache.zookeeper.test.ClientBase.startServer(ClientBase.java:516)
	at org.apache.zookeeper.test.ClientBase.setUpWithServerId(ClientBase.java:499)
	at org.apache.zookeeper.test.ClientBase.setUp(ClientBase.java:474)
	at org.apache.zookeeper.test.SaslDigestAuthOverSSLTest.setUp(SaslDigestAuthOverSSLTest.java:62)
	at sun.reflect.NativeMethodAccessorImpl.invoke0(Native Method)
	at sun.reflect.NativeMethodAccessorImpl.invoke(NativeMethodAccessorImpl.java:62)
	at sun.reflect.DelegatingMethodAccessorImpl.invoke(DelegatingMethodAccessorImpl.java:43)
	at java.lang.reflect.Method.invoke(Method.java:498)
	at org.junit.runners.model.FrameworkMethod$1.runReflectiveCall(FrameworkMethod.java:50)
	at org.junit.internal.runners.model.ReflectiveCallable.run(ReflectiveCallable.java:12)
	at org.junit.runners.model.FrameworkMethod.invokeExplosively(FrameworkMethod.java:47)
	at mockit.integration.junit4.JUnit4TestRunnerDecorator.invokeExplosively(JUnit4TestRunnerDecorator.java:49)
	at mockit.integration.junit4.FakeFrameworkMethod.invokeExplosively(FakeFrameworkMethod.java:29)
	at org.junit.runners.model.FrameworkMethod.invokeExplosively(FrameworkMethod.java)
	at org.junit.internal.runners.statements.RunBefores.evaluate(RunBefores.java:24)
	at org.junit.internal.runners.statements.RunAfters.evaluate(RunAfters.java:27)
	at org.junit.rules.TestWatcher$1.evaluate(TestWatcher.java:55)
	at org.junit.rules.RunRules.evaluate(RunRules.java:20)
	at org.junit.runners.ParentRunner.runLeaf(ParentRunner.java:325)
	at org.junit.runners.BlockJUnit4ClassRunner.runChild(BlockJUnit4ClassRunner.java:78)
	at org.junit.runners.BlockJUnit4ClassRunner.runChild(BlockJUnit4ClassRunner.java:57)
	at org.junit.runners.ParentRunner$3.run(ParentRunner.java:290)
	at org.junit.runners.ParentRunner$1.schedule(ParentRunner.java:71)
	at org.junit.runners.ParentRunner.runChildren(ParentRunner.java:288)
	at org.junit.runners.ParentRunner.access$000(ParentRunner.java:58)
	at org.junit.runners.ParentRunner$2.evaluate(ParentRunner.java:268)
	at org.junit.internal.runners.statements.RunBefores.evaluate(RunBefores.java:26)
	at org.junit.runners.ParentRunner.run(ParentRunner.java:363)
	at org.apache.maven.surefire.junit4.JUnit4Provider.execute(JUnit4Provider.java:365)
	at org.apache.maven.surefire.junit4.JUnit4Provider.executeWithRerun(JUnit4Provider.java:273)
	at org.apache.maven.surefire.junit4.JUnit4Provider.executeTestSet(JUnit4Provider.java:238)
	at org.apache.maven.surefire.junit4.JUnit4Provider.invoke(JUnit4Provider.java:159)
	at org.apache.maven.surefire.booter.ForkedBooter.invokeProviderInSameClassLoader(ForkedBooter.java:384)
	at org.apache.maven.surefire.booter.ForkedBooter.runSuitesInProcess(ForkedBooter.java:345)
	at org.apache.maven.surefire.booter.ForkedBooter.execute(ForkedBooter.java:126)
	at org.apache.maven.surefire.booter.ForkedBooter.main(ForkedBooter.java:418)
2020-06-22 14:22:51,505 [myid:] - INFO  [main:ClientBase@270] - server 127.0.0.1:21995 not up
javax.net.ssl.SSLHandshakeException: java.security.cert.CertificateException: Failed to verify both host address and host name
	at sun.security.ssl.Alerts.getSSLException(Alerts.java:198)
	at sun.security.ssl.SSLSocketImpl.fatal(SSLSocketImpl.java:1967)
	at sun.security.ssl.Handshaker.fatalSE(Handshaker.java:331)
	at sun.security.ssl.Handshaker.fatalSE(Handshaker.java:325)
	at sun.security.ssl.ClientHandshaker.serverCertificate(ClientHandshaker.java:1688)
	at sun.security.ssl.ClientHandshaker.processMessage(ClientHandshaker.java:226)
	at sun.security.ssl.Handshaker.processLoop(Handshaker.java:1082)
	at sun.security.ssl.Handshaker.process_record(Handshaker.java:1010)
	at sun.security.ssl.SSLSocketImpl.readRecord(SSLSocketImpl.java:1079)
	at sun.security.ssl.SSLSocketImpl.performInitialHandshake(SSLSocketImpl.java:1388)
	at sun.security.ssl.SSLSocketImpl.startHandshake(SSLSocketImpl.java:1416)
	at sun.security.ssl.SSLSocketImpl.startHandshake(SSLSocketImpl.java:1400)
	at org.apache.zookeeper.client.FourLetterWordMain.send4LetterWord(FourLetterWordMain.java:105)
	at org.apache.zookeeper.client.FourLetterWordMain.send4LetterWord(FourLetterWordMain.java:73)
	at org.apache.zookeeper.test.ClientBase.waitForServerUp(ClientBase.java:261)
	at org.apache.zookeeper.test.ClientBase.startServerInstance(ClientBase.java:401)
	at org.apache.zookeeper.test.ClientBase.startServer(ClientBase.java:516)
	at org.apache.zookeeper.test.ClientBase.setUpWithServerId(ClientBase.java:499)
	at org.apache.zookeeper.test.ClientBase.setUp(ClientBase.java:474)
	at org.apache.zookeeper.test.SaslDigestAuthOverSSLTest.setUp(SaslDigestAuthOverSSLTest.java:62)
	at sun.reflect.NativeMethodAccessorImpl.invoke0(Native Method)
	at sun.reflect.NativeMethodAccessorImpl.invoke(NativeMethodAccessorImpl.java:62)
	at sun.reflect.DelegatingMethodAccessorImpl.invoke(DelegatingMethodAccessorImpl.java:43)
	at java.lang.reflect.Method.invoke(Method.java:498)
	at org.junit.runners.model.FrameworkMethod$1.runReflectiveCall(FrameworkMethod.java:50)
	at org.junit.internal.runners.model.ReflectiveCallable.run(ReflectiveCallable.java:12)
	at org.junit.runners.model.FrameworkMethod.invokeExplosively(FrameworkMethod.java:47)
	at mockit.integration.junit4.JUnit4TestRunnerDecorator.invokeExplosively(JUnit4TestRunnerDecorator.java:49)
	at mockit.integration.junit4.FakeFrameworkMethod.invokeExplosively(FakeFrameworkMethod.java:29)
	at org.junit.runners.model.FrameworkMethod.invokeExplosively(FrameworkMethod.java)
	at org.junit.internal.runners.statements.RunBefores.evaluate(RunBefores.java:24)
	at org.junit.internal.runners.statements.RunAfters.evaluate(RunAfters.java:27)
	at org.junit.rules.TestWatcher$1.evaluate(TestWatcher.java:55)
	at org.junit.rules.RunRules.evaluate(RunRules.java:20)
	at org.junit.runners.ParentRunner.runLeaf(ParentRunner.java:325)
	at org.junit.runners.BlockJUnit4ClassRunner.runChild(BlockJUnit4ClassRunner.java:78)
	at org.junit.runners.BlockJUnit4ClassRunner.runChild(BlockJUnit4ClassRunner.java:57)
	at org.junit.runners.ParentRunner$3.run(ParentRunner.java:290)
	at org.junit.runners.ParentRunner$1.schedule(ParentRunner.java:71)
	at org.junit.runners.ParentRunner.runChildren(ParentRunner.java:288)
	at org.junit.runners.ParentRunner.access$000(ParentRunner.java:58)
	at org.junit.runners.ParentRunner$2.evaluate(ParentRunner.java:268)
	at org.junit.internal.runners.statements.RunBefores.evaluate(RunBefores.java:26)
	at org.junit.runners.ParentRunner.run(ParentRunner.java:363)
	at org.apache.maven.surefire.junit4.JUnit4Provider.execute(JUnit4Provider.java:365)
	at org.apache.maven.surefire.junit4.JUnit4Provider.executeWithRerun(JUnit4Provider.java:273)
	at org.apache.maven.surefire.junit4.JUnit4Provider.executeTestSet(JUnit4Provider.java:238)
	at org.apache.maven.surefire.junit4.JUnit4Provider.invoke(JUnit4Provider.java:159)
	at org.apache.maven.surefire.booter.ForkedBooter.invokeProviderInSameClassLoader(ForkedBooter.java:384)
	at org.apache.maven.surefire.booter.ForkedBooter.runSuitesInProcess(ForkedBooter.java:345)
	at org.apache.maven.surefire.booter.ForkedBooter.execute(ForkedBooter.java:126)
	at org.apache.maven.surefire.booter.ForkedBooter.main(ForkedBooter.java:418)
Caused by: java.security.cert.CertificateException: Failed to verify both host address and host name
	at org.apache.zookeeper.common.ZKTrustManager.performHostVerification(ZKTrustManager.java:163)
	at org.apache.zookeeper.common.ZKTrustManager.checkServerTrusted(ZKTrustManager.java:90)
	at sun.security.ssl.ClientHandshaker.serverCertificate(ClientHandshaker.java:1670)
	... 47 more
Caused by: javax.net.ssl.SSLPeerUnverifiedException: Certificate for <activate.navicat.com> doesn't match common name of the certificate subject: localhost
	at org.apache.zookeeper.common.ZKHostnameVerifier.matchCN(ZKHostnameVerifier.java:238)
	at org.apache.zookeeper.common.ZKHostnameVerifier.verify(ZKHostnameVerifier.java:184)
	at org.apache.zookeeper.common.ZKTrustManager.performHostVerification(ZKTrustManager.java:159)
	... 49 more
2020-06-22 14:22:51,505 [myid:] - ERROR [nioEventLoopGroup-4-5:NettyServerCnxnFactory$CertificateVerifier@434] - Unsuccessful handshake with session 0x0
2020-06-22 14:22:51,505 [myid:] - WARN  [nioEventLoopGroup-4-5:NettyServerCnxnFactory$CnxnChannelHandler@273] - Exception caught
io.netty.handler.codec.DecoderException: javax.net.ssl.SSLException: Received fatal alert: certificate_unknown
	at io.netty.handler.codec.ByteToMessageDecoder.callDecode(ByteToMessageDecoder.java:468)
	at io.netty.handler.codec.ByteToMessageDecoder.channelRead(ByteToMessageDecoder.java:276)
	at io.netty.channel.AbstractChannelHandlerContext.invokeChannelRead(AbstractChannelHandlerContext.java:379)
	at io.netty.channel.AbstractChannelHandlerContext.invokeChannelRead(AbstractChannelHandlerContext.java:365)
	at io.netty.channel.AbstractChannelHandlerContext.fireChannelRead(AbstractChannelHandlerContext.java:357)
	at io.netty.channel.DefaultChannelPipeline$HeadContext.channelRead(DefaultChannelPipeline.java:1410)
	at io.netty.channel.AbstractChannelHandlerContext.invokeChannelRead(AbstractChannelHandlerContext.java:379)
	at io.netty.channel.AbstractChannelHandlerContext.invokeChannelRead(AbstractChannelHandlerContext.java:365)
	at io.netty.channel.DefaultChannelPipeline.fireChannelRead(DefaultChannelPipeline.java:919)
	at io.netty.channel.nio.AbstractNioByteChannel$NioByteUnsafe.read(AbstractNioByteChannel.java:163)
	at io.netty.channel.nio.NioEventLoop.processSelectedKey(NioEventLoop.java:714)
	at io.netty.channel.nio.NioEventLoop.processSelectedKeysOptimized(NioEventLoop.java:650)
	at io.netty.channel.nio.NioEventLoop.processSelectedKeys(NioEventLoop.java:576)
	at io.netty.channel.nio.NioEventLoop.run(NioEventLoop.java:493)
	at io.netty.util.concurrent.SingleThreadEventExecutor$4.run(SingleThreadEventExecutor.java:989)
	at io.netty.util.internal.ThreadExecutorMap$2.run(ThreadExecutorMap.java:74)
	at io.netty.util.concurrent.FastThreadLocalRunnable.run(FastThreadLocalRunnable.java:30)
	at java.lang.Thread.run(Thread.java:748)
Caused by: javax.net.ssl.SSLException: Received fatal alert: certificate_unknown
	at sun.security.ssl.Alerts.getSSLException(Alerts.java:214)
	at sun.security.ssl.SSLEngineImpl.fatal(SSLEngineImpl.java:1667)
	at sun.security.ssl.SSLEngineImpl.fatal(SSLEngineImpl.java:1635)
	at sun.security.ssl.SSLEngineImpl.recvAlert(SSLEngineImpl.java:1801)
	at sun.security.ssl.SSLEngineImpl.readRecord(SSLEngineImpl.java:1090)
	at sun.security.ssl.SSLEngineImpl.readNetRecord(SSLEngineImpl.java:913)
	at sun.security.ssl.SSLEngineImpl.unwrap(SSLEngineImpl.java:783)
	at javax.net.ssl.SSLEngine.unwrap(SSLEngine.java:626)
	at io.netty.handler.ssl.SslHandler$SslEngineType$3.unwrap(SslHandler.java:281)
	at io.netty.handler.ssl.SslHandler.unwrap(SslHandler.java:1340)
	at io.netty.handler.ssl.SslHandler.decodeJdkCompatible(SslHandler.java:1235)
	at io.netty.handler.ssl.SslHandler.decode(SslHandler.java:1282)
	at io.netty.handler.codec.ByteToMessageDecoder.decodeRemovalReentryProtection(ByteToMessageDecoder.java:498)
	at io.netty.handler.codec.ByteToMessageDecoder.callDecode(ByteToMessageDecoder.java:437)
	... 17 more
2020-06-22 14:22:51,506 [myid:] - WARN  [nioEventLoopGroup-4-5:NettyServerCnxnFactory$CnxnChannelHandler@273] - Exception caught
io.netty.handler.codec.DecoderException: javax.net.ssl.SSLException: Received fatal alert: certificate_unknown
	at io.netty.handler.codec.ByteToMessageDecoder.callDecode(ByteToMessageDecoder.java:468)
	at io.netty.handler.codec.ByteToMessageDecoder.channelInputClosed(ByteToMessageDecoder.java:401)
	at io.netty.handler.codec.ByteToMessageDecoder.channelInputClosed(ByteToMessageDecoder.java:368)
	at io.netty.handler.codec.ByteToMessageDecoder.channelInactive(ByteToMessageDecoder.java:351)
	at io.netty.handler.ssl.SslHandler.channelInactive(SslHandler.java:1084)
	at io.netty.channel.AbstractChannelHandlerContext.invokeChannelInactive(AbstractChannelHandlerContext.java:262)
	at io.netty.channel.AbstractChannelHandlerContext.invokeChannelInactive(AbstractChannelHandlerContext.java:248)
	at io.netty.channel.AbstractChannelHandlerContext.fireChannelInactive(AbstractChannelHandlerContext.java:241)
	at io.netty.channel.DefaultChannelPipeline$HeadContext.channelInactive(DefaultChannelPipeline.java:1405)
	at io.netty.channel.AbstractChannelHandlerContext.invokeChannelInactive(AbstractChannelHandlerContext.java:262)
	at io.netty.channel.AbstractChannelHandlerContext.invokeChannelInactive(AbstractChannelHandlerContext.java:248)
	at io.netty.channel.DefaultChannelPipeline.fireChannelInactive(DefaultChannelPipeline.java:901)
	at io.netty.channel.AbstractChannel$AbstractUnsafe$8.run(AbstractChannel.java:818)
	at io.netty.util.concurrent.AbstractEventExecutor.safeExecute(AbstractEventExecutor.java:164)
	at io.netty.util.concurrent.SingleThreadEventExecutor.runAllTasks(SingleThreadEventExecutor.java:472)
	at io.netty.channel.nio.NioEventLoop.run(NioEventLoop.java:497)
	at io.netty.util.concurrent.SingleThreadEventExecutor$4.run(SingleThreadEventExecutor.java:989)
	at io.netty.util.internal.ThreadExecutorMap$2.run(ThreadExecutorMap.java:74)
	at io.netty.util.concurrent.FastThreadLocalRunnable.run(FastThreadLocalRunnable.java:30)
	at java.lang.Thread.run(Thread.java:748)
Caused by: javax.net.ssl.SSLException: Received fatal alert: certificate_unknown
	at sun.security.ssl.Alerts.getSSLException(Alerts.java:214)
	at sun.security.ssl.SSLEngineImpl.fatal(SSLEngineImpl.java:1667)
	at sun.security.ssl.SSLEngineImpl.fatal(SSLEngineImpl.java:1635)
	at sun.security.ssl.SSLEngineImpl.recvAlert(SSLEngineImpl.java:1801)
	at sun.security.ssl.SSLEngineImpl.readRecord(SSLEngineImpl.java:1090)
	at sun.security.ssl.SSLEngineImpl.readNetRecord(SSLEngineImpl.java:913)
	at sun.security.ssl.SSLEngineImpl.unwrap(SSLEngineImpl.java:783)
	at javax.net.ssl.SSLEngine.unwrap(SSLEngine.java:626)
	at io.netty.handler.ssl.SslHandler$SslEngineType$3.unwrap(SslHandler.java:281)
	at io.netty.handler.ssl.SslHandler.unwrap(SslHandler.java:1340)
	at io.netty.handler.ssl.SslHandler.decodeJdkCompatible(SslHandler.java:1235)
	at io.netty.handler.ssl.SslHandler.decode(SslHandler.java:1282)
	at io.netty.handler.codec.ByteToMessageDecoder.decodeRemovalReentryProtection(ByteToMessageDecoder.java:498)
	at io.netty.handler.codec.ByteToMessageDecoder.callDecode(ByteToMessageDecoder.java:437)
	... 19 more
2020-06-22 14:22:51,755 [myid:] - INFO  [main:FourLetterWordMain@93] - connecting to 127.0.0.1 21995
2020-06-22 14:22:51,755 [myid:] - INFO  [main:FourLetterWordMain@99] - using secure socket
2020-06-22 14:22:51,764 [myid:] - ERROR [main:ZKTrustManager@161] - Failed to verify host address: 127.0.0.1
javax.net.ssl.SSLPeerUnverifiedException: Certificate for <127.0.0.1> doesn't match common name of the certificate subject: localhost
	at org.apache.zookeeper.common.ZKHostnameVerifier.matchCN(ZKHostnameVerifier.java:238)
	at org.apache.zookeeper.common.ZKHostnameVerifier.verify(ZKHostnameVerifier.java:184)
	at org.apache.zookeeper.common.ZKTrustManager.performHostVerification(ZKTrustManager.java:151)
	at org.apache.zookeeper.common.ZKTrustManager.checkServerTrusted(ZKTrustManager.java:90)
	at sun.security.ssl.ClientHandshaker.serverCertificate(ClientHandshaker.java:1670)
	at sun.security.ssl.ClientHandshaker.processMessage(ClientHandshaker.java:226)
	at sun.security.ssl.Handshaker.processLoop(Handshaker.java:1082)
	at sun.security.ssl.Handshaker.process_record(Handshaker.java:1010)
	at sun.security.ssl.SSLSocketImpl.readRecord(SSLSocketImpl.java:1079)
	at sun.security.ssl.SSLSocketImpl.performInitialHandshake(SSLSocketImpl.java:1388)
	at sun.security.ssl.SSLSocketImpl.startHandshake(SSLSocketImpl.java:1416)
	at sun.security.ssl.SSLSocketImpl.startHandshake(SSLSocketImpl.java:1400)
	at org.apache.zookeeper.client.FourLetterWordMain.send4LetterWord(FourLetterWordMain.java:105)
	at org.apache.zookeeper.client.FourLetterWordMain.send4LetterWord(FourLetterWordMain.java:73)
	at org.apache.zookeeper.test.ClientBase.waitForServerUp(ClientBase.java:261)
	at org.apache.zookeeper.test.ClientBase.startServerInstance(ClientBase.java:401)
	at org.apache.zookeeper.test.ClientBase.startServer(ClientBase.java:516)
	at org.apache.zookeeper.test.ClientBase.setUpWithServerId(ClientBase.java:499)
	at org.apache.zookeeper.test.ClientBase.setUp(ClientBase.java:474)
	at org.apache.zookeeper.test.SaslDigestAuthOverSSLTest.setUp(SaslDigestAuthOverSSLTest.java:62)
	at sun.reflect.NativeMethodAccessorImpl.invoke0(Native Method)
	at sun.reflect.NativeMethodAccessorImpl.invoke(NativeMethodAccessorImpl.java:62)
	at sun.reflect.DelegatingMethodAccessorImpl.invoke(DelegatingMethodAccessorImpl.java:43)
	at java.lang.reflect.Method.invoke(Method.java:498)
	at org.junit.runners.model.FrameworkMethod$1.runReflectiveCall(FrameworkMethod.java:50)
	at org.junit.internal.runners.model.ReflectiveCallable.run(ReflectiveCallable.java:12)
	at org.junit.runners.model.FrameworkMethod.invokeExplosively(FrameworkMethod.java:47)
	at mockit.integration.junit4.JUnit4TestRunnerDecorator.invokeExplosively(JUnit4TestRunnerDecorator.java:49)
	at mockit.integration.junit4.FakeFrameworkMethod.invokeExplosively(FakeFrameworkMethod.java:29)
	at org.junit.runners.model.FrameworkMethod.invokeExplosively(FrameworkMethod.java)
	at org.junit.internal.runners.statements.RunBefores.evaluate(RunBefores.java:24)
	at org.junit.internal.runners.statements.RunAfters.evaluate(RunAfters.java:27)
	at org.junit.rules.TestWatcher$1.evaluate(TestWatcher.java:55)
	at org.junit.rules.RunRules.evaluate(RunRules.java:20)
	at org.junit.runners.ParentRunner.runLeaf(ParentRunner.java:325)
	at org.junit.runners.BlockJUnit4ClassRunner.runChild(BlockJUnit4ClassRunner.java:78)
	at org.junit.runners.BlockJUnit4ClassRunner.runChild(BlockJUnit4ClassRunner.java:57)
	at org.junit.runners.ParentRunner$3.run(ParentRunner.java:290)
	at org.junit.runners.ParentRunner$1.schedule(ParentRunner.java:71)
	at org.junit.runners.ParentRunner.runChildren(ParentRunner.java:288)
	at org.junit.runners.ParentRunner.access$000(ParentRunner.java:58)
	at org.junit.runners.ParentRunner$2.evaluate(ParentRunner.java:268)
	at org.junit.internal.runners.statements.RunBefores.evaluate(RunBefores.java:26)
	at org.junit.runners.ParentRunner.run(ParentRunner.java:363)
	at org.apache.maven.surefire.junit4.JUnit4Provider.execute(JUnit4Provider.java:365)
	at org.apache.maven.surefire.junit4.JUnit4Provider.executeWithRerun(JUnit4Provider.java:273)
	at org.apache.maven.surefire.junit4.JUnit4Provider.executeTestSet(JUnit4Provider.java:238)
	at org.apache.maven.surefire.junit4.JUnit4Provider.invoke(JUnit4Provider.java:159)
	at org.apache.maven.surefire.booter.ForkedBooter.invokeProviderInSameClassLoader(ForkedBooter.java:384)
	at org.apache.maven.surefire.booter.ForkedBooter.runSuitesInProcess(ForkedBooter.java:345)
	at org.apache.maven.surefire.booter.ForkedBooter.execute(ForkedBooter.java:126)
	at org.apache.maven.surefire.booter.ForkedBooter.main(ForkedBooter.java:418)
2020-06-22 14:22:51,765 [myid:] - ERROR [main:ZKTrustManager@162] - Failed to verify hostname: activate.navicat.com
javax.net.ssl.SSLPeerUnverifiedException: Certificate for <activate.navicat.com> doesn't match common name of the certificate subject: localhost
	at org.apache.zookeeper.common.ZKHostnameVerifier.matchCN(ZKHostnameVerifier.java:238)
	at org.apache.zookeeper.common.ZKHostnameVerifier.verify(ZKHostnameVerifier.java:184)
	at org.apache.zookeeper.common.ZKTrustManager.performHostVerification(ZKTrustManager.java:159)
	at org.apache.zookeeper.common.ZKTrustManager.checkServerTrusted(ZKTrustManager.java:90)
	at sun.security.ssl.ClientHandshaker.serverCertificate(ClientHandshaker.java:1670)
	at sun.security.ssl.ClientHandshaker.processMessage(ClientHandshaker.java:226)
	at sun.security.ssl.Handshaker.processLoop(Handshaker.java:1082)
	at sun.security.ssl.Handshaker.process_record(Handshaker.java:1010)
	at sun.security.ssl.SSLSocketImpl.readRecord(SSLSocketImpl.java:1079)
	at sun.security.ssl.SSLSocketImpl.performInitialHandshake(SSLSocketImpl.java:1388)
	at sun.security.ssl.SSLSocketImpl.startHandshake(SSLSocketImpl.java:1416)
	at sun.security.ssl.SSLSocketImpl.startHandshake(SSLSocketImpl.java:1400)
	at org.apache.zookeeper.client.FourLetterWordMain.send4LetterWord(FourLetterWordMain.java:105)
	at org.apache.zookeeper.client.FourLetterWordMain.send4LetterWord(FourLetterWordMain.java:73)
	at org.apache.zookeeper.test.ClientBase.waitForServerUp(ClientBase.java:261)
	at org.apache.zookeeper.test.ClientBase.startServerInstance(ClientBase.java:401)
	at org.apache.zookeeper.test.ClientBase.startServer(ClientBase.java:516)
	at org.apache.zookeeper.test.ClientBase.setUpWithServerId(ClientBase.java:499)
	at org.apache.zookeeper.test.ClientBase.setUp(ClientBase.java:474)
	at org.apache.zookeeper.test.SaslDigestAuthOverSSLTest.setUp(SaslDigestAuthOverSSLTest.java:62)
	at sun.reflect.NativeMethodAccessorImpl.invoke0(Native Method)
	at sun.reflect.NativeMethodAccessorImpl.invoke(NativeMethodAccessorImpl.java:62)
	at sun.reflect.DelegatingMethodAccessorImpl.invoke(DelegatingMethodAccessorImpl.java:43)
	at java.lang.reflect.Method.invoke(Method.java:498)
	at org.junit.runners.model.FrameworkMethod$1.runReflectiveCall(FrameworkMethod.java:50)
	at org.junit.internal.runners.model.ReflectiveCallable.run(ReflectiveCallable.java:12)
	at org.junit.runners.model.FrameworkMethod.invokeExplosively(FrameworkMethod.java:47)
	at mockit.integration.junit4.JUnit4TestRunnerDecorator.invokeExplosively(JUnit4TestRunnerDecorator.java:49)
	at mockit.integration.junit4.FakeFrameworkMethod.invokeExplosively(FakeFrameworkMethod.java:29)
	at org.junit.runners.model.FrameworkMethod.invokeExplosively(FrameworkMethod.java)
	at org.junit.internal.runners.statements.RunBefores.evaluate(RunBefores.java:24)
	at org.junit.internal.runners.statements.RunAfters.evaluate(RunAfters.java:27)
	at org.junit.rules.TestWatcher$1.evaluate(TestWatcher.java:55)
	at org.junit.rules.RunRules.evaluate(RunRules.java:20)
	at org.junit.runners.ParentRunner.runLeaf(ParentRunner.java:325)
	at org.junit.runners.BlockJUnit4ClassRunner.runChild(BlockJUnit4ClassRunner.java:78)
	at org.junit.runners.BlockJUnit4ClassRunner.runChild(BlockJUnit4ClassRunner.java:57)
	at org.junit.runners.ParentRunner$3.run(ParentRunner.java:290)
	at org.junit.runners.ParentRunner$1.schedule(ParentRunner.java:71)
	at org.junit.runners.ParentRunner.runChildren(ParentRunner.java:288)
	at org.junit.runners.ParentRunner.access$000(ParentRunner.java:58)
	at org.junit.runners.ParentRunner$2.evaluate(ParentRunner.java:268)
	at org.junit.internal.runners.statements.RunBefores.evaluate(RunBefores.java:26)
	at org.junit.runners.ParentRunner.run(ParentRunner.java:363)
	at org.apache.maven.surefire.junit4.JUnit4Provider.execute(JUnit4Provider.java:365)
	at org.apache.maven.surefire.junit4.JUnit4Provider.executeWithRerun(JUnit4Provider.java:273)
	at org.apache.maven.surefire.junit4.JUnit4Provider.executeTestSet(JUnit4Provider.java:238)
	at org.apache.maven.surefire.junit4.JUnit4Provider.invoke(JUnit4Provider.java:159)
	at org.apache.maven.surefire.booter.ForkedBooter.invokeProviderInSameClassLoader(ForkedBooter.java:384)
	at org.apache.maven.surefire.booter.ForkedBooter.runSuitesInProcess(ForkedBooter.java:345)
	at org.apache.maven.surefire.booter.ForkedBooter.execute(ForkedBooter.java:126)
	at org.apache.maven.surefire.booter.ForkedBooter.main(ForkedBooter.java:418)
2020-06-22 14:22:51,765 [myid:] - INFO  [main:ClientBase@270] - server 127.0.0.1:21995 not up
javax.net.ssl.SSLHandshakeException: java.security.cert.CertificateException: Failed to verify both host address and host name
	at sun.security.ssl.Alerts.getSSLException(Alerts.java:198)
	at sun.security.ssl.SSLSocketImpl.fatal(SSLSocketImpl.java:1967)
	at sun.security.ssl.Handshaker.fatalSE(Handshaker.java:331)
	at sun.security.ssl.Handshaker.fatalSE(Handshaker.java:325)
	at sun.security.ssl.ClientHandshaker.serverCertificate(ClientHandshaker.java:1688)
	at sun.security.ssl.ClientHandshaker.processMessage(ClientHandshaker.java:226)
	at sun.security.ssl.Handshaker.processLoop(Handshaker.java:1082)
	at sun.security.ssl.Handshaker.process_record(Handshaker.java:1010)
	at sun.security.ssl.SSLSocketImpl.readRecord(SSLSocketImpl.java:1079)
	at sun.security.ssl.SSLSocketImpl.performInitialHandshake(SSLSocketImpl.java:1388)
	at sun.security.ssl.SSLSocketImpl.startHandshake(SSLSocketImpl.java:1416)
	at sun.security.ssl.SSLSocketImpl.startHandshake(SSLSocketImpl.java:1400)
	at org.apache.zookeeper.client.FourLetterWordMain.send4LetterWord(FourLetterWordMain.java:105)
	at org.apache.zookeeper.client.FourLetterWordMain.send4LetterWord(FourLetterWordMain.java:73)
	at org.apache.zookeeper.test.ClientBase.waitForServerUp(ClientBase.java:261)
	at org.apache.zookeeper.test.ClientBase.startServerInstance(ClientBase.java:401)
	at org.apache.zookeeper.test.ClientBase.startServer(ClientBase.java:516)
	at org.apache.zookeeper.test.ClientBase.setUpWithServerId(ClientBase.java:499)
	at org.apache.zookeeper.test.ClientBase.setUp(ClientBase.java:474)
	at org.apache.zookeeper.test.SaslDigestAuthOverSSLTest.setUp(SaslDigestAuthOverSSLTest.java:62)
	at sun.reflect.NativeMethodAccessorImpl.invoke0(Native Method)
	at sun.reflect.NativeMethodAccessorImpl.invoke(NativeMethodAccessorImpl.java:62)
	at sun.reflect.DelegatingMethodAccessorImpl.invoke(DelegatingMethodAccessorImpl.java:43)
	at java.lang.reflect.Method.invoke(Method.java:498)
	at org.junit.runners.model.FrameworkMethod$1.runReflectiveCall(FrameworkMethod.java:50)
	at org.junit.internal.runners.model.ReflectiveCallable.run(ReflectiveCallable.java:12)
	at org.junit.runners.model.FrameworkMethod.invokeExplosively(FrameworkMethod.java:47)
	at mockit.integration.junit4.JUnit4TestRunnerDecorator.invokeExplosively(JUnit4TestRunnerDecorator.java:49)
	at mockit.integration.junit4.FakeFrameworkMethod.invokeExplosively(FakeFrameworkMethod.java:29)
	at org.junit.runners.model.FrameworkMethod.invokeExplosively(FrameworkMethod.java)
	at org.junit.internal.runners.statements.RunBefores.evaluate(RunBefores.java:24)
	at org.junit.internal.runners.statements.RunAfters.evaluate(RunAfters.java:27)
	at org.junit.rules.TestWatcher$1.evaluate(TestWatcher.java:55)
	at org.junit.rules.RunRules.evaluate(RunRules.java:20)
	at org.junit.runners.ParentRunner.runLeaf(ParentRunner.java:325)
	at org.junit.runners.BlockJUnit4ClassRunner.runChild(BlockJUnit4ClassRunner.java:78)
	at org.junit.runners.BlockJUnit4ClassRunner.runChild(BlockJUnit4ClassRunner.java:57)
	at org.junit.runners.ParentRunner$3.run(ParentRunner.java:290)
	at org.junit.runners.ParentRunner$1.schedule(ParentRunner.java:71)
	at org.junit.runners.ParentRunner.runChildren(ParentRunner.java:288)
	at org.junit.runners.ParentRunner.access$000(ParentRunner.java:58)
	at org.junit.runners.ParentRunner$2.evaluate(ParentRunner.java:268)
	at org.junit.internal.runners.statements.RunBefores.evaluate(RunBefores.java:26)
	at org.junit.runners.ParentRunner.run(ParentRunner.java:363)
	at org.apache.maven.surefire.junit4.JUnit4Provider.execute(JUnit4Provider.java:365)
	at org.apache.maven.surefire.junit4.JUnit4Provider.executeWithRerun(JUnit4Provider.java:273)
	at org.apache.maven.surefire.junit4.JUnit4Provider.executeTestSet(JUnit4Provider.java:238)
	at org.apache.maven.surefire.junit4.JUnit4Provider.invoke(JUnit4Provider.java:159)
	at org.apache.maven.surefire.booter.ForkedBooter.invokeProviderInSameClassLoader(ForkedBooter.java:384)
	at org.apache.maven.surefire.booter.ForkedBooter.runSuitesInProcess(ForkedBooter.java:345)
	at org.apache.maven.surefire.booter.ForkedBooter.execute(ForkedBooter.java:126)
	at org.apache.maven.surefire.booter.ForkedBooter.main(ForkedBooter.java:418)
Caused by: java.security.cert.CertificateException: Failed to verify both host address and host name
	at org.apache.zookeeper.common.ZKTrustManager.performHostVerification(ZKTrustManager.java:163)
	at org.apache.zookeeper.common.ZKTrustManager.checkServerTrusted(ZKTrustManager.java:90)
	at sun.security.ssl.ClientHandshaker.serverCertificate(ClientHandshaker.java:1670)
	... 47 more
Caused by: javax.net.ssl.SSLPeerUnverifiedException: Certificate for <activate.navicat.com> doesn't match common name of the certificate subject: localhost
	at org.apache.zookeeper.common.ZKHostnameVerifier.matchCN(ZKHostnameVerifier.java:238)
	at org.apache.zookeeper.common.ZKHostnameVerifier.verify(ZKHostnameVerifier.java:184)
	at org.apache.zookeeper.common.ZKTrustManager.performHostVerification(ZKTrustManager.java:159)
	... 49 more
2020-06-22 14:22:51,766 [myid:] - ERROR [nioEventLoopGroup-4-6:NettyServerCnxnFactory$CertificateVerifier@434] - Unsuccessful handshake with session 0x0
2020-06-22 14:22:51,766 [myid:] - WARN  [nioEventLoopGroup-4-6:NettyServerCnxnFactory$CnxnChannelHandler@273] - Exception caught
io.netty.handler.codec.DecoderException: javax.net.ssl.SSLException: Received fatal alert: certificate_unknown
	at io.netty.handler.codec.ByteToMessageDecoder.callDecode(ByteToMessageDecoder.java:468)
	at io.netty.handler.codec.ByteToMessageDecoder.channelRead(ByteToMessageDecoder.java:276)
	at io.netty.channel.AbstractChannelHandlerContext.invokeChannelRead(AbstractChannelHandlerContext.java:379)
	at io.netty.channel.AbstractChannelHandlerContext.invokeChannelRead(AbstractChannelHandlerContext.java:365)
	at io.netty.channel.AbstractChannelHandlerContext.fireChannelRead(AbstractChannelHandlerContext.java:357)
	at io.netty.channel.DefaultChannelPipeline$HeadContext.channelRead(DefaultChannelPipeline.java:1410)
	at io.netty.channel.AbstractChannelHandlerContext.invokeChannelRead(AbstractChannelHandlerContext.java:379)
	at io.netty.channel.AbstractChannelHandlerContext.invokeChannelRead(AbstractChannelHandlerContext.java:365)
	at io.netty.channel.DefaultChannelPipeline.fireChannelRead(DefaultChannelPipeline.java:919)
	at io.netty.channel.nio.AbstractNioByteChannel$NioByteUnsafe.read(AbstractNioByteChannel.java:163)
	at io.netty.channel.nio.NioEventLoop.processSelectedKey(NioEventLoop.java:714)
	at io.netty.channel.nio.NioEventLoop.processSelectedKeysOptimized(NioEventLoop.java:650)
	at io.netty.channel.nio.NioEventLoop.processSelectedKeys(NioEventLoop.java:576)
	at io.netty.channel.nio.NioEventLoop.run(NioEventLoop.java:493)
	at io.netty.util.concurrent.SingleThreadEventExecutor$4.run(SingleThreadEventExecutor.java:989)
	at io.netty.util.internal.ThreadExecutorMap$2.run(ThreadExecutorMap.java:74)
	at io.netty.util.concurrent.FastThreadLocalRunnable.run(FastThreadLocalRunnable.java:30)
	at java.lang.Thread.run(Thread.java:748)
Caused by: javax.net.ssl.SSLException: Received fatal alert: certificate_unknown
	at sun.security.ssl.Alerts.getSSLException(Alerts.java:214)
	at sun.security.ssl.SSLEngineImpl.fatal(SSLEngineImpl.java:1667)
	at sun.security.ssl.SSLEngineImpl.fatal(SSLEngineImpl.java:1635)
	at sun.security.ssl.SSLEngineImpl.recvAlert(SSLEngineImpl.java:1801)
	at sun.security.ssl.SSLEngineImpl.readRecord(SSLEngineImpl.java:1090)
	at sun.security.ssl.SSLEngineImpl.readNetRecord(SSLEngineImpl.java:913)
	at sun.security.ssl.SSLEngineImpl.unwrap(SSLEngineImpl.java:783)
	at javax.net.ssl.SSLEngine.unwrap(SSLEngine.java:626)
	at io.netty.handler.ssl.SslHandler$SslEngineType$3.unwrap(SslHandler.java:281)
	at io.netty.handler.ssl.SslHandler.unwrap(SslHandler.java:1340)
	at io.netty.handler.ssl.SslHandler.decodeJdkCompatible(SslHandler.java:1235)
	at io.netty.handler.ssl.SslHandler.decode(SslHandler.java:1282)
	at io.netty.handler.codec.ByteToMessageDecoder.decodeRemovalReentryProtection(ByteToMessageDecoder.java:498)
	at io.netty.handler.codec.ByteToMessageDecoder.callDecode(ByteToMessageDecoder.java:437)
	... 17 more
2020-06-22 14:22:51,767 [myid:] - WARN  [nioEventLoopGroup-4-6:NettyServerCnxnFactory$CnxnChannelHandler@273] - Exception caught
io.netty.handler.codec.DecoderException: javax.net.ssl.SSLException: Received fatal alert: certificate_unknown
	at io.netty.handler.codec.ByteToMessageDecoder.callDecode(ByteToMessageDecoder.java:468)
	at io.netty.handler.codec.ByteToMessageDecoder.channelInputClosed(ByteToMessageDecoder.java:401)
	at io.netty.handler.codec.ByteToMessageDecoder.channelInputClosed(ByteToMessageDecoder.java:368)
	at io.netty.handler.codec.ByteToMessageDecoder.channelInactive(ByteToMessageDecoder.java:351)
	at io.netty.handler.ssl.SslHandler.channelInactive(SslHandler.java:1084)
	at io.netty.channel.AbstractChannelHandlerContext.invokeChannelInactive(AbstractChannelHandlerContext.java:262)
	at io.netty.channel.AbstractChannelHandlerContext.invokeChannelInactive(AbstractChannelHandlerContext.java:248)
	at io.netty.channel.AbstractChannelHandlerContext.fireChannelInactive(AbstractChannelHandlerContext.java:241)
	at io.netty.channel.DefaultChannelPipeline$HeadContext.channelInactive(DefaultChannelPipeline.java:1405)
	at io.netty.channel.AbstractChannelHandlerContext.invokeChannelInactive(AbstractChannelHandlerContext.java:262)
	at io.netty.channel.AbstractChannelHandlerContext.invokeChannelInactive(AbstractChannelHandlerContext.java:248)
	at io.netty.channel.DefaultChannelPipeline.fireChannelInactive(DefaultChannelPipeline.java:901)
	at io.netty.channel.AbstractChannel$AbstractUnsafe$8.run(AbstractChannel.java:818)
	at io.netty.util.concurrent.AbstractEventExecutor.safeExecute(AbstractEventExecutor.java:164)
	at io.netty.util.concurrent.SingleThreadEventExecutor.runAllTasks(SingleThreadEventExecutor.java:472)
	at io.netty.channel.nio.NioEventLoop.run(NioEventLoop.java:497)
	at io.netty.util.concurrent.SingleThreadEventExecutor$4.run(SingleThreadEventExecutor.java:989)
	at io.netty.util.internal.ThreadExecutorMap$2.run(ThreadExecutorMap.java:74)
	at io.netty.util.concurrent.FastThreadLocalRunnable.run(FastThreadLocalRunnable.java:30)
	at java.lang.Thread.run(Thread.java:748)
Caused by: javax.net.ssl.SSLException: Received fatal alert: certificate_unknown
	at sun.security.ssl.Alerts.getSSLException(Alerts.java:214)
	at sun.security.ssl.SSLEngineImpl.fatal(SSLEngineImpl.java:1667)
	at sun.security.ssl.SSLEngineImpl.fatal(SSLEngineImpl.java:1635)
	at sun.security.ssl.SSLEngineImpl.recvAlert(SSLEngineImpl.java:1801)
	at sun.security.ssl.SSLEngineImpl.readRecord(SSLEngineImpl.java:1090)
	at sun.security.ssl.SSLEngineImpl.readNetRecord(SSLEngineImpl.java:913)
	at sun.security.ssl.SSLEngineImpl.unwrap(SSLEngineImpl.java:783)
	at javax.net.ssl.SSLEngine.unwrap(SSLEngine.java:626)
	at io.netty.handler.ssl.SslHandler$SslEngineType$3.unwrap(SslHandler.java:281)
	at io.netty.handler.ssl.SslHandler.unwrap(SslHandler.java:1340)
	at io.netty.handler.ssl.SslHandler.decodeJdkCompatible(SslHandler.java:1235)
	at io.netty.handler.ssl.SslHandler.decode(SslHandler.java:1282)
	at io.netty.handler.codec.ByteToMessageDecoder.decodeRemovalReentryProtection(ByteToMessageDecoder.java:498)
	at io.netty.handler.codec.ByteToMessageDecoder.callDecode(ByteToMessageDecoder.java:437)
	... 19 more
2020-06-22 14:22:52,016 [myid:] - INFO  [main:FourLetterWordMain@93] - connecting to 127.0.0.1 21995
2020-06-22 14:22:52,016 [myid:] - INFO  [main:FourLetterWordMain@99] - using secure socket
2020-06-22 14:22:52,029 [myid:] - ERROR [main:ZKTrustManager@161] - Failed to verify host address: 127.0.0.1
javax.net.ssl.SSLPeerUnverifiedException: Certificate for <127.0.0.1> doesn't match common name of the certificate subject: localhost
	at org.apache.zookeeper.common.ZKHostnameVerifier.matchCN(ZKHostnameVerifier.java:238)
	at org.apache.zookeeper.common.ZKHostnameVerifier.verify(ZKHostnameVerifier.java:184)
	at org.apache.zookeeper.common.ZKTrustManager.performHostVerification(ZKTrustManager.java:151)
	at org.apache.zookeeper.common.ZKTrustManager.checkServerTrusted(ZKTrustManager.java:90)
	at sun.security.ssl.ClientHandshaker.serverCertificate(ClientHandshaker.java:1670)
	at sun.security.ssl.ClientHandshaker.processMessage(ClientHandshaker.java:226)
	at sun.security.ssl.Handshaker.processLoop(Handshaker.java:1082)
	at sun.security.ssl.Handshaker.process_record(Handshaker.java:1010)
	at sun.security.ssl.SSLSocketImpl.readRecord(SSLSocketImpl.java:1079)
	at sun.security.ssl.SSLSocketImpl.performInitialHandshake(SSLSocketImpl.java:1388)
	at sun.security.ssl.SSLSocketImpl.startHandshake(SSLSocketImpl.java:1416)
	at sun.security.ssl.SSLSocketImpl.startHandshake(SSLSocketImpl.java:1400)
	at org.apache.zookeeper.client.FourLetterWordMain.send4LetterWord(FourLetterWordMain.java:105)
	at org.apache.zookeeper.client.FourLetterWordMain.send4LetterWord(FourLetterWordMain.java:73)
	at org.apache.zookeeper.test.ClientBase.waitForServerUp(ClientBase.java:261)
	at org.apache.zookeeper.test.ClientBase.startServerInstance(ClientBase.java:401)
	at org.apache.zookeeper.test.ClientBase.startServer(ClientBase.java:516)
	at org.apache.zookeeper.test.ClientBase.setUpWithServerId(ClientBase.java:499)
	at org.apache.zookeeper.test.ClientBase.setUp(ClientBase.java:474)
	at org.apache.zookeeper.test.SaslDigestAuthOverSSLTest.setUp(SaslDigestAuthOverSSLTest.java:62)
	at sun.reflect.NativeMethodAccessorImpl.invoke0(Native Method)
	at sun.reflect.NativeMethodAccessorImpl.invoke(NativeMethodAccessorImpl.java:62)
	at sun.reflect.DelegatingMethodAccessorImpl.invoke(DelegatingMethodAccessorImpl.java:43)
	at java.lang.reflect.Method.invoke(Method.java:498)
	at org.junit.runners.model.FrameworkMethod$1.runReflectiveCall(FrameworkMethod.java:50)
	at org.junit.internal.runners.model.ReflectiveCallable.run(ReflectiveCallable.java:12)
	at org.junit.runners.model.FrameworkMethod.invokeExplosively(FrameworkMethod.java:47)
	at mockit.integration.junit4.JUnit4TestRunnerDecorator.invokeExplosively(JUnit4TestRunnerDecorator.java:49)
	at mockit.integration.junit4.FakeFrameworkMethod.invokeExplosively(FakeFrameworkMethod.java:29)
	at org.junit.runners.model.FrameworkMethod.invokeExplosively(FrameworkMethod.java)
	at org.junit.internal.runners.statements.RunBefores.evaluate(RunBefores.java:24)
	at org.junit.internal.runners.statements.RunAfters.evaluate(RunAfters.java:27)
	at org.junit.rules.TestWatcher$1.evaluate(TestWatcher.java:55)
	at org.junit.rules.RunRules.evaluate(RunRules.java:20)
	at org.junit.runners.ParentRunner.runLeaf(ParentRunner.java:325)
	at org.junit.runners.BlockJUnit4ClassRunner.runChild(BlockJUnit4ClassRunner.java:78)
	at org.junit.runners.BlockJUnit4ClassRunner.runChild(BlockJUnit4ClassRunner.java:57)
	at org.junit.runners.ParentRunner$3.run(ParentRunner.java:290)
	at org.junit.runners.ParentRunner$1.schedule(ParentRunner.java:71)
	at org.junit.runners.ParentRunner.runChildren(ParentRunner.java:288)
	at org.junit.runners.ParentRunner.access$000(ParentRunner.java:58)
	at org.junit.runners.ParentRunner$2.evaluate(ParentRunner.java:268)
	at org.junit.internal.runners.statements.RunBefores.evaluate(RunBefores.java:26)
	at org.junit.runners.ParentRunner.run(ParentRunner.java:363)
	at org.apache.maven.surefire.junit4.JUnit4Provider.execute(JUnit4Provider.java:365)
	at org.apache.maven.surefire.junit4.JUnit4Provider.executeWithRerun(JUnit4Provider.java:273)
	at org.apache.maven.surefire.junit4.JUnit4Provider.executeTestSet(JUnit4Provider.java:238)
	at org.apache.maven.surefire.junit4.JUnit4Provider.invoke(JUnit4Provider.java:159)
	at org.apache.maven.surefire.booter.ForkedBooter.invokeProviderInSameClassLoader(ForkedBooter.java:384)
	at org.apache.maven.surefire.booter.ForkedBooter.runSuitesInProcess(ForkedBooter.java:345)
	at org.apache.maven.surefire.booter.ForkedBooter.execute(ForkedBooter.java:126)
	at org.apache.maven.surefire.booter.ForkedBooter.main(ForkedBooter.java:418)
2020-06-22 14:22:52,030 [myid:] - ERROR [main:ZKTrustManager@162] - Failed to verify hostname: activate.navicat.com
javax.net.ssl.SSLPeerUnverifiedException: Certificate for <activate.navicat.com> doesn't match common name of the certificate subject: localhost
	at org.apache.zookeeper.common.ZKHostnameVerifier.matchCN(ZKHostnameVerifier.java:238)
	at org.apache.zookeeper.common.ZKHostnameVerifier.verify(ZKHostnameVerifier.java:184)
	at org.apache.zookeeper.common.ZKTrustManager.performHostVerification(ZKTrustManager.java:159)
	at org.apache.zookeeper.common.ZKTrustManager.checkServerTrusted(ZKTrustManager.java:90)
	at sun.security.ssl.ClientHandshaker.serverCertificate(ClientHandshaker.java:1670)
	at sun.security.ssl.ClientHandshaker.processMessage(ClientHandshaker.java:226)
	at sun.security.ssl.Handshaker.processLoop(Handshaker.java:1082)
	at sun.security.ssl.Handshaker.process_record(Handshaker.java:1010)
	at sun.security.ssl.SSLSocketImpl.readRecord(SSLSocketImpl.java:1079)
	at sun.security.ssl.SSLSocketImpl.performInitialHandshake(SSLSocketImpl.java:1388)
	at sun.security.ssl.SSLSocketImpl.startHandshake(SSLSocketImpl.java:1416)
	at sun.security.ssl.SSLSocketImpl.startHandshake(SSLSocketImpl.java:1400)
	at org.apache.zookeeper.client.FourLetterWordMain.send4LetterWord(FourLetterWordMain.java:105)
	at org.apache.zookeeper.client.FourLetterWordMain.send4LetterWord(FourLetterWordMain.java:73)
	at org.apache.zookeeper.test.ClientBase.waitForServerUp(ClientBase.java:261)
	at org.apache.zookeeper.test.ClientBase.startServerInstance(ClientBase.java:401)
	at org.apache.zookeeper.test.ClientBase.startServer(ClientBase.java:516)
	at org.apache.zookeeper.test.ClientBase.setUpWithServerId(ClientBase.java:499)
	at org.apache.zookeeper.test.ClientBase.setUp(ClientBase.java:474)
	at org.apache.zookeeper.test.SaslDigestAuthOverSSLTest.setUp(SaslDigestAuthOverSSLTest.java:62)
	at sun.reflect.NativeMethodAccessorImpl.invoke0(Native Method)
	at sun.reflect.NativeMethodAccessorImpl.invoke(NativeMethodAccessorImpl.java:62)
	at sun.reflect.DelegatingMethodAccessorImpl.invoke(DelegatingMethodAccessorImpl.java:43)
	at java.lang.reflect.Method.invoke(Method.java:498)
	at org.junit.runners.model.FrameworkMethod$1.runReflectiveCall(FrameworkMethod.java:50)
	at org.junit.internal.runners.model.ReflectiveCallable.run(ReflectiveCallable.java:12)
	at org.junit.runners.model.FrameworkMethod.invokeExplosively(FrameworkMethod.java:47)
	at mockit.integration.junit4.JUnit4TestRunnerDecorator.invokeExplosively(JUnit4TestRunnerDecorator.java:49)
	at mockit.integration.junit4.FakeFrameworkMethod.invokeExplosively(FakeFrameworkMethod.java:29)
	at org.junit.runners.model.FrameworkMethod.invokeExplosively(FrameworkMethod.java)
	at org.junit.internal.runners.statements.RunBefores.evaluate(RunBefores.java:24)
	at org.junit.internal.runners.statements.RunAfters.evaluate(RunAfters.java:27)
	at org.junit.rules.TestWatcher$1.evaluate(TestWatcher.java:55)
	at org.junit.rules.RunRules.evaluate(RunRules.java:20)
	at org.junit.runners.ParentRunner.runLeaf(ParentRunner.java:325)
	at org.junit.runners.BlockJUnit4ClassRunner.runChild(BlockJUnit4ClassRunner.java:78)
	at org.junit.runners.BlockJUnit4ClassRunner.runChild(BlockJUnit4ClassRunner.java:57)
	at org.junit.runners.ParentRunner$3.run(ParentRunner.java:290)
	at org.junit.runners.ParentRunner$1.schedule(ParentRunner.java:71)
	at org.junit.runners.ParentRunner.runChildren(ParentRunner.java:288)
	at org.junit.runners.ParentRunner.access$000(ParentRunner.java:58)
	at org.junit.runners.ParentRunner$2.evaluate(ParentRunner.java:268)
	at org.junit.internal.runners.statements.RunBefores.evaluate(RunBefores.java:26)
	at org.junit.runners.ParentRunner.run(ParentRunner.java:363)
	at org.apache.maven.surefire.junit4.JUnit4Provider.execute(JUnit4Provider.java:365)
	at org.apache.maven.surefire.junit4.JUnit4Provider.executeWithRerun(JUnit4Provider.java:273)
	at org.apache.maven.surefire.junit4.JUnit4Provider.executeTestSet(JUnit4Provider.java:238)
	at org.apache.maven.surefire.junit4.JUnit4Provider.invoke(JUnit4Provider.java:159)
	at org.apache.maven.surefire.booter.ForkedBooter.invokeProviderInSameClassLoader(ForkedBooter.java:384)
	at org.apache.maven.surefire.booter.ForkedBooter.runSuitesInProcess(ForkedBooter.java:345)
	at org.apache.maven.surefire.booter.ForkedBooter.execute(ForkedBooter.java:126)
	at org.apache.maven.surefire.booter.ForkedBooter.main(ForkedBooter.java:418)
2020-06-22 14:22:52,030 [myid:] - INFO  [main:ClientBase@270] - server 127.0.0.1:21995 not up
javax.net.ssl.SSLHandshakeException: java.security.cert.CertificateException: Failed to verify both host address and host name
	at sun.security.ssl.Alerts.getSSLException(Alerts.java:198)
	at sun.security.ssl.SSLSocketImpl.fatal(SSLSocketImpl.java:1967)
	at sun.security.ssl.Handshaker.fatalSE(Handshaker.java:331)
	at sun.security.ssl.Handshaker.fatalSE(Handshaker.java:325)
	at sun.security.ssl.ClientHandshaker.serverCertificate(ClientHandshaker.java:1688)
	at sun.security.ssl.ClientHandshaker.processMessage(ClientHandshaker.java:226)
	at sun.security.ssl.Handshaker.processLoop(Handshaker.java:1082)
	at sun.security.ssl.Handshaker.process_record(Handshaker.java:1010)
	at sun.security.ssl.SSLSocketImpl.readRecord(SSLSocketImpl.java:1079)
	at sun.security.ssl.SSLSocketImpl.performInitialHandshake(SSLSocketImpl.java:1388)
	at sun.security.ssl.SSLSocketImpl.startHandshake(SSLSocketImpl.java:1416)
	at sun.security.ssl.SSLSocketImpl.startHandshake(SSLSocketImpl.java:1400)
	at org.apache.zookeeper.client.FourLetterWordMain.send4LetterWord(FourLetterWordMain.java:105)
	at org.apache.zookeeper.client.FourLetterWordMain.send4LetterWord(FourLetterWordMain.java:73)
	at org.apache.zookeeper.test.ClientBase.waitForServerUp(ClientBase.java:261)
	at org.apache.zookeeper.test.ClientBase.startServerInstance(ClientBase.java:401)
	at org.apache.zookeeper.test.ClientBase.startServer(ClientBase.java:516)
	at org.apache.zookeeper.test.ClientBase.setUpWithServerId(ClientBase.java:499)
	at org.apache.zookeeper.test.ClientBase.setUp(ClientBase.java:474)
	at org.apache.zookeeper.test.SaslDigestAuthOverSSLTest.setUp(SaslDigestAuthOverSSLTest.java:62)
	at sun.reflect.NativeMethodAccessorImpl.invoke0(Native Method)
	at sun.reflect.NativeMethodAccessorImpl.invoke(NativeMethodAccessorImpl.java:62)
	at sun.reflect.DelegatingMethodAccessorImpl.invoke(DelegatingMethodAccessorImpl.java:43)
	at java.lang.reflect.Method.invoke(Method.java:498)
	at org.junit.runners.model.FrameworkMethod$1.runReflectiveCall(FrameworkMethod.java:50)
	at org.junit.internal.runners.model.ReflectiveCallable.run(ReflectiveCallable.java:12)
	at org.junit.runners.model.FrameworkMethod.invokeExplosively(FrameworkMethod.java:47)
	at mockit.integration.junit4.JUnit4TestRunnerDecorator.invokeExplosively(JUnit4TestRunnerDecorator.java:49)
	at mockit.integration.junit4.FakeFrameworkMethod.invokeExplosively(FakeFrameworkMethod.java:29)
	at org.junit.runners.model.FrameworkMethod.invokeExplosively(FrameworkMethod.java)
	at org.junit.internal.runners.statements.RunBefores.evaluate(RunBefores.java:24)
	at org.junit.internal.runners.statements.RunAfters.evaluate(RunAfters.java:27)
	at org.junit.rules.TestWatcher$1.evaluate(TestWatcher.java:55)
	at org.junit.rules.RunRules.evaluate(RunRules.java:20)
	at org.junit.runners.ParentRunner.runLeaf(ParentRunner.java:325)
	at org.junit.runners.BlockJUnit4ClassRunner.runChild(BlockJUnit4ClassRunner.java:78)
	at org.junit.runners.BlockJUnit4ClassRunner.runChild(BlockJUnit4ClassRunner.java:57)
	at org.junit.runners.ParentRunner$3.run(ParentRunner.java:290)
	at org.junit.runners.ParentRunner$1.schedule(ParentRunner.java:71)
	at org.junit.runners.ParentRunner.runChildren(ParentRunner.java:288)
	at org.junit.runners.ParentRunner.access$000(ParentRunner.java:58)
	at org.junit.runners.ParentRunner$2.evaluate(ParentRunner.java:268)
	at org.junit.internal.runners.statements.RunBefores.evaluate(RunBefores.java:26)
	at org.junit.runners.ParentRunner.run(ParentRunner.java:363)
	at org.apache.maven.surefire.junit4.JUnit4Provider.execute(JUnit4Provider.java:365)
	at org.apache.maven.surefire.junit4.JUnit4Provider.executeWithRerun(JUnit4Provider.java:273)
	at org.apache.maven.surefire.junit4.JUnit4Provider.executeTestSet(JUnit4Provider.java:238)
	at org.apache.maven.surefire.junit4.JUnit4Provider.invoke(JUnit4Provider.java:159)
	at org.apache.maven.surefire.booter.ForkedBooter.invokeProviderInSameClassLoader(ForkedBooter.java:384)
	at org.apache.maven.surefire.booter.ForkedBooter.runSuitesInProcess(ForkedBooter.java:345)
	at org.apache.maven.surefire.booter.ForkedBooter.execute(ForkedBooter.java:126)
	at org.apache.maven.surefire.booter.ForkedBooter.main(ForkedBooter.java:418)
Caused by: java.security.cert.CertificateException: Failed to verify both host address and host name
	at org.apache.zookeeper.common.ZKTrustManager.performHostVerification(ZKTrustManager.java:163)
	at org.apache.zookeeper.common.ZKTrustManager.checkServerTrusted(ZKTrustManager.java:90)
	at sun.security.ssl.ClientHandshaker.serverCertificate(ClientHandshaker.java:1670)
	... 47 more
Caused by: javax.net.ssl.SSLPeerUnverifiedException: Certificate for <activate.navicat.com> doesn't match common name of the certificate subject: localhost
	at org.apache.zookeeper.common.ZKHostnameVerifier.matchCN(ZKHostnameVerifier.java:238)
	at org.apache.zookeeper.common.ZKHostnameVerifier.verify(ZKHostnameVerifier.java:184)
	at org.apache.zookeeper.common.ZKTrustManager.performHostVerification(ZKTrustManager.java:159)
	... 49 more
2020-06-22 14:22:52,031 [myid:] - ERROR [nioEventLoopGroup-4-7:NettyServerCnxnFactory$CertificateVerifier@434] - Unsuccessful handshake with session 0x0
2020-06-22 14:22:52,032 [myid:] - WARN  [nioEventLoopGroup-4-7:NettyServerCnxnFactory$CnxnChannelHandler@273] - Exception caught
io.netty.handler.codec.DecoderException: javax.net.ssl.SSLException: Received fatal alert: certificate_unknown
	at io.netty.handler.codec.ByteToMessageDecoder.callDecode(ByteToMessageDecoder.java:468)
	at io.netty.handler.codec.ByteToMessageDecoder.channelRead(ByteToMessageDecoder.java:276)
	at io.netty.channel.AbstractChannelHandlerContext.invokeChannelRead(AbstractChannelHandlerContext.java:379)
	at io.netty.channel.AbstractChannelHandlerContext.invokeChannelRead(AbstractChannelHandlerContext.java:365)
	at io.netty.channel.AbstractChannelHandlerContext.fireChannelRead(AbstractChannelHandlerContext.java:357)
	at io.netty.channel.DefaultChannelPipeline$HeadContext.channelRead(DefaultChannelPipeline.java:1410)
	at io.netty.channel.AbstractChannelHandlerContext.invokeChannelRead(AbstractChannelHandlerContext.java:379)
	at io.netty.channel.AbstractChannelHandlerContext.invokeChannelRead(AbstractChannelHandlerContext.java:365)
	at io.netty.channel.DefaultChannelPipeline.fireChannelRead(DefaultChannelPipeline.java:919)
	at io.netty.channel.nio.AbstractNioByteChannel$NioByteUnsafe.read(AbstractNioByteChannel.java:163)
	at io.netty.channel.nio.NioEventLoop.processSelectedKey(NioEventLoop.java:714)
	at io.netty.channel.nio.NioEventLoop.processSelectedKeysOptimized(NioEventLoop.java:650)
	at io.netty.channel.nio.NioEventLoop.processSelectedKeys(NioEventLoop.java:576)
	at io.netty.channel.nio.NioEventLoop.run(NioEventLoop.java:493)
	at io.netty.util.concurrent.SingleThreadEventExecutor$4.run(SingleThreadEventExecutor.java:989)
	at io.netty.util.internal.ThreadExecutorMap$2.run(ThreadExecutorMap.java:74)
	at io.netty.util.concurrent.FastThreadLocalRunnable.run(FastThreadLocalRunnable.java:30)
	at java.lang.Thread.run(Thread.java:748)
Caused by: javax.net.ssl.SSLException: Received fatal alert: certificate_unknown
	at sun.security.ssl.Alerts.getSSLException(Alerts.java:214)
	at sun.security.ssl.SSLEngineImpl.fatal(SSLEngineImpl.java:1667)
	at sun.security.ssl.SSLEngineImpl.fatal(SSLEngineImpl.java:1635)
	at sun.security.ssl.SSLEngineImpl.recvAlert(SSLEngineImpl.java:1801)
	at sun.security.ssl.SSLEngineImpl.readRecord(SSLEngineImpl.java:1090)
	at sun.security.ssl.SSLEngineImpl.readNetRecord(SSLEngineImpl.java:913)
	at sun.security.ssl.SSLEngineImpl.unwrap(SSLEngineImpl.java:783)
	at javax.net.ssl.SSLEngine.unwrap(SSLEngine.java:626)
	at io.netty.handler.ssl.SslHandler$SslEngineType$3.unwrap(SslHandler.java:281)
	at io.netty.handler.ssl.SslHandler.unwrap(SslHandler.java:1340)
	at io.netty.handler.ssl.SslHandler.decodeJdkCompatible(SslHandler.java:1235)
	at io.netty.handler.ssl.SslHandler.decode(SslHandler.java:1282)
	at io.netty.handler.codec.ByteToMessageDecoder.decodeRemovalReentryProtection(ByteToMessageDecoder.java:498)
	at io.netty.handler.codec.ByteToMessageDecoder.callDecode(ByteToMessageDecoder.java:437)
	... 17 more
2020-06-22 14:22:52,032 [myid:] - WARN  [nioEventLoopGroup-4-7:NettyServerCnxnFactory$CnxnChannelHandler@273] - Exception caught
io.netty.handler.codec.DecoderException: javax.net.ssl.SSLException: Received fatal alert: certificate_unknown
	at io.netty.handler.codec.ByteToMessageDecoder.callDecode(ByteToMessageDecoder.java:468)
	at io.netty.handler.codec.ByteToMessageDecoder.channelInputClosed(ByteToMessageDecoder.java:401)
	at io.netty.handler.codec.ByteToMessageDecoder.channelInputClosed(ByteToMessageDecoder.java:368)
	at io.netty.handler.codec.ByteToMessageDecoder.channelInactive(ByteToMessageDecoder.java:351)
	at io.netty.handler.ssl.SslHandler.channelInactive(SslHandler.java:1084)
	at io.netty.channel.AbstractChannelHandlerContext.invokeChannelInactive(AbstractChannelHandlerContext.java:262)
	at io.netty.channel.AbstractChannelHandlerContext.invokeChannelInactive(AbstractChannelHandlerContext.java:248)
	at io.netty.channel.AbstractChannelHandlerContext.fireChannelInactive(AbstractChannelHandlerContext.java:241)
	at io.netty.channel.DefaultChannelPipeline$HeadContext.channelInactive(DefaultChannelPipeline.java:1405)
	at io.netty.channel.AbstractChannelHandlerContext.invokeChannelInactive(AbstractChannelHandlerContext.java:262)
	at io.netty.channel.AbstractChannelHandlerContext.invokeChannelInactive(AbstractChannelHandlerContext.java:248)
	at io.netty.channel.DefaultChannelPipeline.fireChannelInactive(DefaultChannelPipeline.java:901)
	at io.netty.channel.AbstractChannel$AbstractUnsafe$8.run(AbstractChannel.java:818)
	at io.netty.util.concurrent.AbstractEventExecutor.safeExecute(AbstractEventExecutor.java:164)
	at io.netty.util.concurrent.SingleThreadEventExecutor.runAllTasks(SingleThreadEventExecutor.java:472)
	at io.netty.channel.nio.NioEventLoop.run(NioEventLoop.java:497)
	at io.netty.util.concurrent.SingleThreadEventExecutor$4.run(SingleThreadEventExecutor.java:989)
	at io.netty.util.internal.ThreadExecutorMap$2.run(ThreadExecutorMap.java:74)
	at io.netty.util.concurrent.FastThreadLocalRunnable.run(FastThreadLocalRunnable.java:30)
	at java.lang.Thread.run(Thread.java:748)
Caused by: javax.net.ssl.SSLException: Received fatal alert: certificate_unknown
	at sun.security.ssl.Alerts.getSSLException(Alerts.java:214)
	at sun.security.ssl.SSLEngineImpl.fatal(SSLEngineImpl.java:1667)
	at sun.security.ssl.SSLEngineImpl.fatal(SSLEngineImpl.java:1635)
	at sun.security.ssl.SSLEngineImpl.recvAlert(SSLEngineImpl.java:1801)
	at sun.security.ssl.SSLEngineImpl.readRecord(SSLEngineImpl.java:1090)
	at sun.security.ssl.SSLEngineImpl.readNetRecord(SSLEngineImpl.java:913)
	at sun.security.ssl.SSLEngineImpl.unwrap(SSLEngineImpl.java:783)
	at javax.net.ssl.SSLEngine.unwrap(SSLEngine.java:626)
	at io.netty.handler.ssl.SslHandler$SslEngineType$3.unwrap(SslHandler.java:281)
	at io.netty.handler.ssl.SslHandler.unwrap(SslHandler.java:1340)
	at io.netty.handler.ssl.SslHandler.decodeJdkCompatible(SslHandler.java:1235)
	at io.netty.handler.ssl.SslHandler.decode(SslHandler.java:1282)
	at io.netty.handler.codec.ByteToMessageDecoder.decodeRemovalReentryProtection(ByteToMessageDecoder.java:498)
	at io.netty.handler.codec.ByteToMessageDecoder.callDecode(ByteToMessageDecoder.java:437)
	... 19 more
2020-06-22 14:22:52,282 [myid:] - INFO  [main:FourLetterWordMain@93] - connecting to 127.0.0.1 21995
2020-06-22 14:22:52,282 [myid:] - INFO  [main:FourLetterWordMain@99] - using secure socket
2020-06-22 14:22:52,302 [myid:] - ERROR [main:ZKTrustManager@161] - Failed to verify host address: 127.0.0.1
javax.net.ssl.SSLPeerUnverifiedException: Certificate for <127.0.0.1> doesn't match common name of the certificate subject: localhost
	at org.apache.zookeeper.common.ZKHostnameVerifier.matchCN(ZKHostnameVerifier.java:238)
	at org.apache.zookeeper.common.ZKHostnameVerifier.verify(ZKHostnameVerifier.java:184)
	at org.apache.zookeeper.common.ZKTrustManager.performHostVerification(ZKTrustManager.java:151)
	at org.apache.zookeeper.common.ZKTrustManager.checkServerTrusted(ZKTrustManager.java:90)
	at sun.security.ssl.ClientHandshaker.serverCertificate(ClientHandshaker.java:1670)
	at sun.security.ssl.ClientHandshaker.processMessage(ClientHandshaker.java:226)
	at sun.security.ssl.Handshaker.processLoop(Handshaker.java:1082)
	at sun.security.ssl.Handshaker.process_record(Handshaker.java:1010)
	at sun.security.ssl.SSLSocketImpl.readRecord(SSLSocketImpl.java:1079)
	at sun.security.ssl.SSLSocketImpl.performInitialHandshake(SSLSocketImpl.java:1388)
	at sun.security.ssl.SSLSocketImpl.startHandshake(SSLSocketImpl.java:1416)
	at sun.security.ssl.SSLSocketImpl.startHandshake(SSLSocketImpl.java:1400)
	at org.apache.zookeeper.client.FourLetterWordMain.send4LetterWord(FourLetterWordMain.java:105)
	at org.apache.zookeeper.client.FourLetterWordMain.send4LetterWord(FourLetterWordMain.java:73)
	at org.apache.zookeeper.test.ClientBase.waitForServerUp(ClientBase.java:261)
	at org.apache.zookeeper.test.ClientBase.startServerInstance(ClientBase.java:401)
	at org.apache.zookeeper.test.ClientBase.startServer(ClientBase.java:516)
	at org.apache.zookeeper.test.ClientBase.setUpWithServerId(ClientBase.java:499)
	at org.apache.zookeeper.test.ClientBase.setUp(ClientBase.java:474)
	at org.apache.zookeeper.test.SaslDigestAuthOverSSLTest.setUp(SaslDigestAuthOverSSLTest.java:62)
	at sun.reflect.NativeMethodAccessorImpl.invoke0(Native Method)
	at sun.reflect.NativeMethodAccessorImpl.invoke(NativeMethodAccessorImpl.java:62)
	at sun.reflect.DelegatingMethodAccessorImpl.invoke(DelegatingMethodAccessorImpl.java:43)
	at java.lang.reflect.Method.invoke(Method.java:498)
	at org.junit.runners.model.FrameworkMethod$1.runReflectiveCall(FrameworkMethod.java:50)
	at org.junit.internal.runners.model.ReflectiveCallable.run(ReflectiveCallable.java:12)
	at org.junit.runners.model.FrameworkMethod.invokeExplosively(FrameworkMethod.java:47)
	at mockit.integration.junit4.JUnit4TestRunnerDecorator.invokeExplosively(JUnit4TestRunnerDecorator.java:49)
	at mockit.integration.junit4.FakeFrameworkMethod.invokeExplosively(FakeFrameworkMethod.java:29)
	at org.junit.runners.model.FrameworkMethod.invokeExplosively(FrameworkMethod.java)
	at org.junit.internal.runners.statements.RunBefores.evaluate(RunBefores.java:24)
	at org.junit.internal.runners.statements.RunAfters.evaluate(RunAfters.java:27)
	at org.junit.rules.TestWatcher$1.evaluate(TestWatcher.java:55)
	at org.junit.rules.RunRules.evaluate(RunRules.java:20)
	at org.junit.runners.ParentRunner.runLeaf(ParentRunner.java:325)
	at org.junit.runners.BlockJUnit4ClassRunner.runChild(BlockJUnit4ClassRunner.java:78)
	at org.junit.runners.BlockJUnit4ClassRunner.runChild(BlockJUnit4ClassRunner.java:57)
	at org.junit.runners.ParentRunner$3.run(ParentRunner.java:290)
	at org.junit.runners.ParentRunner$1.schedule(ParentRunner.java:71)
	at org.junit.runners.ParentRunner.runChildren(ParentRunner.java:288)
	at org.junit.runners.ParentRunner.access$000(ParentRunner.java:58)
	at org.junit.runners.ParentRunner$2.evaluate(ParentRunner.java:268)
	at org.junit.internal.runners.statements.RunBefores.evaluate(RunBefores.java:26)
	at org.junit.runners.ParentRunner.run(ParentRunner.java:363)
	at org.apache.maven.surefire.junit4.JUnit4Provider.execute(JUnit4Provider.java:365)
	at org.apache.maven.surefire.junit4.JUnit4Provider.executeWithRerun(JUnit4Provider.java:273)
	at org.apache.maven.surefire.junit4.JUnit4Provider.executeTestSet(JUnit4Provider.java:238)
	at org.apache.maven.surefire.junit4.JUnit4Provider.invoke(JUnit4Provider.java:159)
	at org.apache.maven.surefire.booter.ForkedBooter.invokeProviderInSameClassLoader(ForkedBooter.java:384)
	at org.apache.maven.surefire.booter.ForkedBooter.runSuitesInProcess(ForkedBooter.java:345)
	at org.apache.maven.surefire.booter.ForkedBooter.execute(ForkedBooter.java:126)
	at org.apache.maven.surefire.booter.ForkedBooter.main(ForkedBooter.java:418)
2020-06-22 14:22:52,302 [myid:] - ERROR [main:ZKTrustManager@162] - Failed to verify hostname: activate.navicat.com
javax.net.ssl.SSLPeerUnverifiedException: Certificate for <activate.navicat.com> doesn't match common name of the certificate subject: localhost
	at org.apache.zookeeper.common.ZKHostnameVerifier.matchCN(ZKHostnameVerifier.java:238)
	at org.apache.zookeeper.common.ZKHostnameVerifier.verify(ZKHostnameVerifier.java:184)
	at org.apache.zookeeper.common.ZKTrustManager.performHostVerification(ZKTrustManager.java:159)
	at org.apache.zookeeper.common.ZKTrustManager.checkServerTrusted(ZKTrustManager.java:90)
	at sun.security.ssl.ClientHandshaker.serverCertificate(ClientHandshaker.java:1670)
	at sun.security.ssl.ClientHandshaker.processMessage(ClientHandshaker.java:226)
	at sun.security.ssl.Handshaker.processLoop(Handshaker.java:1082)
	at sun.security.ssl.Handshaker.process_record(Handshaker.java:1010)
	at sun.security.ssl.SSLSocketImpl.readRecord(SSLSocketImpl.java:1079)
	at sun.security.ssl.SSLSocketImpl.performInitialHandshake(SSLSocketImpl.java:1388)
	at sun.security.ssl.SSLSocketImpl.startHandshake(SSLSocketImpl.java:1416)
	at sun.security.ssl.SSLSocketImpl.startHandshake(SSLSocketImpl.java:1400)
	at org.apache.zookeeper.client.FourLetterWordMain.send4LetterWord(FourLetterWordMain.java:105)
	at org.apache.zookeeper.client.FourLetterWordMain.send4LetterWord(FourLetterWordMain.java:73)
	at org.apache.zookeeper.test.ClientBase.waitForServerUp(ClientBase.java:261)
	at org.apache.zookeeper.test.ClientBase.startServerInstance(ClientBase.java:401)
	at org.apache.zookeeper.test.ClientBase.startServer(ClientBase.java:516)
	at org.apache.zookeeper.test.ClientBase.setUpWithServerId(ClientBase.java:499)
	at org.apache.zookeeper.test.ClientBase.setUp(ClientBase.java:474)
	at org.apache.zookeeper.test.SaslDigestAuthOverSSLTest.setUp(SaslDigestAuthOverSSLTest.java:62)
	at sun.reflect.NativeMethodAccessorImpl.invoke0(Native Method)
	at sun.reflect.NativeMethodAccessorImpl.invoke(NativeMethodAccessorImpl.java:62)
	at sun.reflect.DelegatingMethodAccessorImpl.invoke(DelegatingMethodAccessorImpl.java:43)
	at java.lang.reflect.Method.invoke(Method.java:498)
	at org.junit.runners.model.FrameworkMethod$1.runReflectiveCall(FrameworkMethod.java:50)
	at org.junit.internal.runners.model.ReflectiveCallable.run(ReflectiveCallable.java:12)
	at org.junit.runners.model.FrameworkMethod.invokeExplosively(FrameworkMethod.java:47)
	at mockit.integration.junit4.JUnit4TestRunnerDecorator.invokeExplosively(JUnit4TestRunnerDecorator.java:49)
	at mockit.integration.junit4.FakeFrameworkMethod.invokeExplosively(FakeFrameworkMethod.java:29)
	at org.junit.runners.model.FrameworkMethod.invokeExplosively(FrameworkMethod.java)
	at org.junit.internal.runners.statements.RunBefores.evaluate(RunBefores.java:24)
	at org.junit.internal.runners.statements.RunAfters.evaluate(RunAfters.java:27)
	at org.junit.rules.TestWatcher$1.evaluate(TestWatcher.java:55)
	at org.junit.rules.RunRules.evaluate(RunRules.java:20)
	at org.junit.runners.ParentRunner.runLeaf(ParentRunner.java:325)
	at org.junit.runners.BlockJUnit4ClassRunner.runChild(BlockJUnit4ClassRunner.java:78)
	at org.junit.runners.BlockJUnit4ClassRunner.runChild(BlockJUnit4ClassRunner.java:57)
	at org.junit.runners.ParentRunner$3.run(ParentRunner.java:290)
	at org.junit.runners.ParentRunner$1.schedule(ParentRunner.java:71)
	at org.junit.runners.ParentRunner.runChildren(ParentRunner.java:288)
	at org.junit.runners.ParentRunner.access$000(ParentRunner.java:58)
	at org.junit.runners.ParentRunner$2.evaluate(ParentRunner.java:268)
	at org.junit.internal.runners.statements.RunBefores.evaluate(RunBefores.java:26)
	at org.junit.runners.ParentRunner.run(ParentRunner.java:363)
	at org.apache.maven.surefire.junit4.JUnit4Provider.execute(JUnit4Provider.java:365)
	at org.apache.maven.surefire.junit4.JUnit4Provider.executeWithRerun(JUnit4Provider.java:273)
	at org.apache.maven.surefire.junit4.JUnit4Provider.executeTestSet(JUnit4Provider.java:238)
	at org.apache.maven.surefire.junit4.JUnit4Provider.invoke(JUnit4Provider.java:159)
	at org.apache.maven.surefire.booter.ForkedBooter.invokeProviderInSameClassLoader(ForkedBooter.java:384)
	at org.apache.maven.surefire.booter.ForkedBooter.runSuitesInProcess(ForkedBooter.java:345)
	at org.apache.maven.surefire.booter.ForkedBooter.execute(ForkedBooter.java:126)
	at org.apache.maven.surefire.booter.ForkedBooter.main(ForkedBooter.java:418)
2020-06-22 14:22:52,303 [myid:] - INFO  [main:ClientBase@270] - server 127.0.0.1:21995 not up
javax.net.ssl.SSLHandshakeException: java.security.cert.CertificateException: Failed to verify both host address and host name
	at sun.security.ssl.Alerts.getSSLException(Alerts.java:198)
	at sun.security.ssl.SSLSocketImpl.fatal(SSLSocketImpl.java:1967)
	at sun.security.ssl.Handshaker.fatalSE(Handshaker.java:331)
	at sun.security.ssl.Handshaker.fatalSE(Handshaker.java:325)
	at sun.security.ssl.ClientHandshaker.serverCertificate(ClientHandshaker.java:1688)
	at sun.security.ssl.ClientHandshaker.processMessage(ClientHandshaker.java:226)
	at sun.security.ssl.Handshaker.processLoop(Handshaker.java:1082)
	at sun.security.ssl.Handshaker.process_record(Handshaker.java:1010)
	at sun.security.ssl.SSLSocketImpl.readRecord(SSLSocketImpl.java:1079)
	at sun.security.ssl.SSLSocketImpl.performInitialHandshake(SSLSocketImpl.java:1388)
	at sun.security.ssl.SSLSocketImpl.startHandshake(SSLSocketImpl.java:1416)
	at sun.security.ssl.SSLSocketImpl.startHandshake(SSLSocketImpl.java:1400)
	at org.apache.zookeeper.client.FourLetterWordMain.send4LetterWord(FourLetterWordMain.java:105)
	at org.apache.zookeeper.client.FourLetterWordMain.send4LetterWord(FourLetterWordMain.java:73)
	at org.apache.zookeeper.test.ClientBase.waitForServerUp(ClientBase.java:261)
	at org.apache.zookeeper.test.ClientBase.startServerInstance(ClientBase.java:401)
	at org.apache.zookeeper.test.ClientBase.startServer(ClientBase.java:516)
	at org.apache.zookeeper.test.ClientBase.setUpWithServerId(ClientBase.java:499)
	at org.apache.zookeeper.test.ClientBase.setUp(ClientBase.java:474)
	at org.apache.zookeeper.test.SaslDigestAuthOverSSLTest.setUp(SaslDigestAuthOverSSLTest.java:62)
	at sun.reflect.NativeMethodAccessorImpl.invoke0(Native Method)
	at sun.reflect.NativeMethodAccessorImpl.invoke(NativeMethodAccessorImpl.java:62)
	at sun.reflect.DelegatingMethodAccessorImpl.invoke(DelegatingMethodAccessorImpl.java:43)
	at java.lang.reflect.Method.invoke(Method.java:498)
	at org.junit.runners.model.FrameworkMethod$1.runReflectiveCall(FrameworkMethod.java:50)
	at org.junit.internal.runners.model.ReflectiveCallable.run(ReflectiveCallable.java:12)
	at org.junit.runners.model.FrameworkMethod.invokeExplosively(FrameworkMethod.java:47)
	at mockit.integration.junit4.JUnit4TestRunnerDecorator.invokeExplosively(JUnit4TestRunnerDecorator.java:49)
	at mockit.integration.junit4.FakeFrameworkMethod.invokeExplosively(FakeFrameworkMethod.java:29)
	at org.junit.runners.model.FrameworkMethod.invokeExplosively(FrameworkMethod.java)
	at org.junit.internal.runners.statements.RunBefores.evaluate(RunBefores.java:24)
	at org.junit.internal.runners.statements.RunAfters.evaluate(RunAfters.java:27)
	at org.junit.rules.TestWatcher$1.evaluate(TestWatcher.java:55)
	at org.junit.rules.RunRules.evaluate(RunRules.java:20)
	at org.junit.runners.ParentRunner.runLeaf(ParentRunner.java:325)
	at org.junit.runners.BlockJUnit4ClassRunner.runChild(BlockJUnit4ClassRunner.java:78)
	at org.junit.runners.BlockJUnit4ClassRunner.runChild(BlockJUnit4ClassRunner.java:57)
	at org.junit.runners.ParentRunner$3.run(ParentRunner.java:290)
	at org.junit.runners.ParentRunner$1.schedule(ParentRunner.java:71)
	at org.junit.runners.ParentRunner.runChildren(ParentRunner.java:288)
	at org.junit.runners.ParentRunner.access$000(ParentRunner.java:58)
	at org.junit.runners.ParentRunner$2.evaluate(ParentRunner.java:268)
	at org.junit.internal.runners.statements.RunBefores.evaluate(RunBefores.java:26)
	at org.junit.runners.ParentRunner.run(ParentRunner.java:363)
	at org.apache.maven.surefire.junit4.JUnit4Provider.execute(JUnit4Provider.java:365)
	at org.apache.maven.surefire.junit4.JUnit4Provider.executeWithRerun(JUnit4Provider.java:273)
	at org.apache.maven.surefire.junit4.JUnit4Provider.executeTestSet(JUnit4Provider.java:238)
	at org.apache.maven.surefire.junit4.JUnit4Provider.invoke(JUnit4Provider.java:159)
	at org.apache.maven.surefire.booter.ForkedBooter.invokeProviderInSameClassLoader(ForkedBooter.java:384)
	at org.apache.maven.surefire.booter.ForkedBooter.runSuitesInProcess(ForkedBooter.java:345)
	at org.apache.maven.surefire.booter.ForkedBooter.execute(ForkedBooter.java:126)
	at org.apache.maven.surefire.booter.ForkedBooter.main(ForkedBooter.java:418)
Caused by: java.security.cert.CertificateException: Failed to verify both host address and host name
	at org.apache.zookeeper.common.ZKTrustManager.performHostVerification(ZKTrustManager.java:163)
	at org.apache.zookeeper.common.ZKTrustManager.checkServerTrusted(ZKTrustManager.java:90)
	at sun.security.ssl.ClientHandshaker.serverCertificate(ClientHandshaker.java:1670)
	... 47 more
Caused by: javax.net.ssl.SSLPeerUnverifiedException: Certificate for <activate.navicat.com> doesn't match common name of the certificate subject: localhost
	at org.apache.zookeeper.common.ZKHostnameVerifier.matchCN(ZKHostnameVerifier.java:238)
	at org.apache.zookeeper.common.ZKHostnameVerifier.verify(ZKHostnameVerifier.java:184)
	at org.apache.zookeeper.common.ZKTrustManager.performHostVerification(ZKTrustManager.java:159)
	... 49 more
2020-06-22 14:22:52,303 [myid:] - ERROR [nioEventLoopGroup-4-8:NettyServerCnxnFactory$CertificateVerifier@434] - Unsuccessful handshake with session 0x0
2020-06-22 14:22:52,305 [myid:] - WARN  [nioEventLoopGroup-4-8:NettyServerCnxnFactory$CnxnChannelHandler@273] - Exception caught
io.netty.handler.codec.DecoderException: javax.net.ssl.SSLException: Received fatal alert: certificate_unknown
	at io.netty.handler.codec.ByteToMessageDecoder.callDecode(ByteToMessageDecoder.java:468)
	at io.netty.handler.codec.ByteToMessageDecoder.channelRead(ByteToMessageDecoder.java:276)
	at io.netty.channel.AbstractChannelHandlerContext.invokeChannelRead(AbstractChannelHandlerContext.java:379)
	at io.netty.channel.AbstractChannelHandlerContext.invokeChannelRead(AbstractChannelHandlerContext.java:365)
	at io.netty.channel.AbstractChannelHandlerContext.fireChannelRead(AbstractChannelHandlerContext.java:357)
	at io.netty.channel.DefaultChannelPipeline$HeadContext.channelRead(DefaultChannelPipeline.java:1410)
	at io.netty.channel.AbstractChannelHandlerContext.invokeChannelRead(AbstractChannelHandlerContext.java:379)
	at io.netty.channel.AbstractChannelHandlerContext.invokeChannelRead(AbstractChannelHandlerContext.java:365)
	at io.netty.channel.DefaultChannelPipeline.fireChannelRead(DefaultChannelPipeline.java:919)
	at io.netty.channel.nio.AbstractNioByteChannel$NioByteUnsafe.read(AbstractNioByteChannel.java:163)
	at io.netty.channel.nio.NioEventLoop.processSelectedKey(NioEventLoop.java:714)
	at io.netty.channel.nio.NioEventLoop.processSelectedKeysOptimized(NioEventLoop.java:650)
	at io.netty.channel.nio.NioEventLoop.processSelectedKeys(NioEventLoop.java:576)
	at io.netty.channel.nio.NioEventLoop.run(NioEventLoop.java:493)
	at io.netty.util.concurrent.SingleThreadEventExecutor$4.run(SingleThreadEventExecutor.java:989)
	at io.netty.util.internal.ThreadExecutorMap$2.run(ThreadExecutorMap.java:74)
	at io.netty.util.concurrent.FastThreadLocalRunnable.run(FastThreadLocalRunnable.java:30)
	at java.lang.Thread.run(Thread.java:748)
Caused by: javax.net.ssl.SSLException: Received fatal alert: certificate_unknown
	at sun.security.ssl.Alerts.getSSLException(Alerts.java:214)
	at sun.security.ssl.SSLEngineImpl.fatal(SSLEngineImpl.java:1667)
	at sun.security.ssl.SSLEngineImpl.fatal(SSLEngineImpl.java:1635)
	at sun.security.ssl.SSLEngineImpl.recvAlert(SSLEngineImpl.java:1801)
	at sun.security.ssl.SSLEngineImpl.readRecord(SSLEngineImpl.java:1090)
	at sun.security.ssl.SSLEngineImpl.readNetRecord(SSLEngineImpl.java:913)
	at sun.security.ssl.SSLEngineImpl.unwrap(SSLEngineImpl.java:783)
	at javax.net.ssl.SSLEngine.unwrap(SSLEngine.java:626)
	at io.netty.handler.ssl.SslHandler$SslEngineType$3.unwrap(SslHandler.java:281)
	at io.netty.handler.ssl.SslHandler.unwrap(SslHandler.java:1340)
	at io.netty.handler.ssl.SslHandler.decodeJdkCompatible(SslHandler.java:1235)
	at io.netty.handler.ssl.SslHandler.decode(SslHandler.java:1282)
	at io.netty.handler.codec.ByteToMessageDecoder.decodeRemovalReentryProtection(ByteToMessageDecoder.java:498)
	at io.netty.handler.codec.ByteToMessageDecoder.callDecode(ByteToMessageDecoder.java:437)
	... 17 more
2020-06-22 14:22:52,305 [myid:] - WARN  [nioEventLoopGroup-4-8:NettyServerCnxnFactory$CnxnChannelHandler@273] - Exception caught
io.netty.handler.codec.DecoderException: javax.net.ssl.SSLException: Received fatal alert: certificate_unknown
	at io.netty.handler.codec.ByteToMessageDecoder.callDecode(ByteToMessageDecoder.java:468)
	at io.netty.handler.codec.ByteToMessageDecoder.channelInputClosed(ByteToMessageDecoder.java:401)
	at io.netty.handler.codec.ByteToMessageDecoder.channelInputClosed(ByteToMessageDecoder.java:368)
	at io.netty.handler.codec.ByteToMessageDecoder.channelInactive(ByteToMessageDecoder.java:351)
	at io.netty.handler.ssl.SslHandler.channelInactive(SslHandler.java:1084)
	at io.netty.channel.AbstractChannelHandlerContext.invokeChannelInactive(AbstractChannelHandlerContext.java:262)
	at io.netty.channel.AbstractChannelHandlerContext.invokeChannelInactive(AbstractChannelHandlerContext.java:248)
	at io.netty.channel.AbstractChannelHandlerContext.fireChannelInactive(AbstractChannelHandlerContext.java:241)
	at io.netty.channel.DefaultChannelPipeline$HeadContext.channelInactive(DefaultChannelPipeline.java:1405)
	at io.netty.channel.AbstractChannelHandlerContext.invokeChannelInactive(AbstractChannelHandlerContext.java:262)
	at io.netty.channel.AbstractChannelHandlerContext.invokeChannelInactive(AbstractChannelHandlerContext.java:248)
	at io.netty.channel.DefaultChannelPipeline.fireChannelInactive(DefaultChannelPipeline.java:901)
	at io.netty.channel.AbstractChannel$AbstractUnsafe$8.run(AbstractChannel.java:818)
	at io.netty.util.concurrent.AbstractEventExecutor.safeExecute(AbstractEventExecutor.java:164)
	at io.netty.util.concurrent.SingleThreadEventExecutor.runAllTasks(SingleThreadEventExecutor.java:472)
	at io.netty.channel.nio.NioEventLoop.run(NioEventLoop.java:497)
	at io.netty.util.concurrent.SingleThreadEventExecutor$4.run(SingleThreadEventExecutor.java:989)
	at io.netty.util.internal.ThreadExecutorMap$2.run(ThreadExecutorMap.java:74)
	at io.netty.util.concurrent.FastThreadLocalRunnable.run(FastThreadLocalRunnable.java:30)
	at java.lang.Thread.run(Thread.java:748)
Caused by: javax.net.ssl.SSLException: Received fatal alert: certificate_unknown
	at sun.security.ssl.Alerts.getSSLException(Alerts.java:214)
	at sun.security.ssl.SSLEngineImpl.fatal(SSLEngineImpl.java:1667)
	at sun.security.ssl.SSLEngineImpl.fatal(SSLEngineImpl.java:1635)
	at sun.security.ssl.SSLEngineImpl.recvAlert(SSLEngineImpl.java:1801)
	at sun.security.ssl.SSLEngineImpl.readRecord(SSLEngineImpl.java:1090)
	at sun.security.ssl.SSLEngineImpl.readNetRecord(SSLEngineImpl.java:913)
	at sun.security.ssl.SSLEngineImpl.unwrap(SSLEngineImpl.java:783)
	at javax.net.ssl.SSLEngine.unwrap(SSLEngine.java:626)
	at io.netty.handler.ssl.SslHandler$SslEngineType$3.unwrap(SslHandler.java:281)
	at io.netty.handler.ssl.SslHandler.unwrap(SslHandler.java:1340)
	at io.netty.handler.ssl.SslHandler.decodeJdkCompatible(SslHandler.java:1235)
	at io.netty.handler.ssl.SslHandler.decode(SslHandler.java:1282)
	at io.netty.handler.codec.ByteToMessageDecoder.decodeRemovalReentryProtection(ByteToMessageDecoder.java:498)
	at io.netty.handler.codec.ByteToMessageDecoder.callDecode(ByteToMessageDecoder.java:437)
	... 19 more
2020-06-22 14:22:52,554 [myid:] - INFO  [main:FourLetterWordMain@93] - connecting to 127.0.0.1 21995
2020-06-22 14:22:52,556 [myid:] - INFO  [main:FourLetterWordMain@99] - using secure socket
2020-06-22 14:22:52,574 [myid:] - ERROR [main:ZKTrustManager@161] - Failed to verify host address: 127.0.0.1
javax.net.ssl.SSLPeerUnverifiedException: Certificate for <127.0.0.1> doesn't match common name of the certificate subject: localhost
	at org.apache.zookeeper.common.ZKHostnameVerifier.matchCN(ZKHostnameVerifier.java:238)
	at org.apache.zookeeper.common.ZKHostnameVerifier.verify(ZKHostnameVerifier.java:184)
	at org.apache.zookeeper.common.ZKTrustManager.performHostVerification(ZKTrustManager.java:151)
	at org.apache.zookeeper.common.ZKTrustManager.checkServerTrusted(ZKTrustManager.java:90)
	at sun.security.ssl.ClientHandshaker.serverCertificate(ClientHandshaker.java:1670)
	at sun.security.ssl.ClientHandshaker.processMessage(ClientHandshaker.java:226)
	at sun.security.ssl.Handshaker.processLoop(Handshaker.java:1082)
	at sun.security.ssl.Handshaker.process_record(Handshaker.java:1010)
	at sun.security.ssl.SSLSocketImpl.readRecord(SSLSocketImpl.java:1079)
	at sun.security.ssl.SSLSocketImpl.performInitialHandshake(SSLSocketImpl.java:1388)
	at sun.security.ssl.SSLSocketImpl.startHandshake(SSLSocketImpl.java:1416)
	at sun.security.ssl.SSLSocketImpl.startHandshake(SSLSocketImpl.java:1400)
	at org.apache.zookeeper.client.FourLetterWordMain.send4LetterWord(FourLetterWordMain.java:105)
	at org.apache.zookeeper.client.FourLetterWordMain.send4LetterWord(FourLetterWordMain.java:73)
	at org.apache.zookeeper.test.ClientBase.waitForServerUp(ClientBase.java:261)
	at org.apache.zookeeper.test.ClientBase.startServerInstance(ClientBase.java:401)
	at org.apache.zookeeper.test.ClientBase.startServer(ClientBase.java:516)
	at org.apache.zookeeper.test.ClientBase.setUpWithServerId(ClientBase.java:499)
	at org.apache.zookeeper.test.ClientBase.setUp(ClientBase.java:474)
	at org.apache.zookeeper.test.SaslDigestAuthOverSSLTest.setUp(SaslDigestAuthOverSSLTest.java:62)
	at sun.reflect.NativeMethodAccessorImpl.invoke0(Native Method)
	at sun.reflect.NativeMethodAccessorImpl.invoke(NativeMethodAccessorImpl.java:62)
	at sun.reflect.DelegatingMethodAccessorImpl.invoke(DelegatingMethodAccessorImpl.java:43)
	at java.lang.reflect.Method.invoke(Method.java:498)
	at org.junit.runners.model.FrameworkMethod$1.runReflectiveCall(FrameworkMethod.java:50)
	at org.junit.internal.runners.model.ReflectiveCallable.run(ReflectiveCallable.java:12)
	at org.junit.runners.model.FrameworkMethod.invokeExplosively(FrameworkMethod.java:47)
	at mockit.integration.junit4.JUnit4TestRunnerDecorator.invokeExplosively(JUnit4TestRunnerDecorator.java:49)
	at mockit.integration.junit4.FakeFrameworkMethod.invokeExplosively(FakeFrameworkMethod.java:29)
	at org.junit.runners.model.FrameworkMethod.invokeExplosively(FrameworkMethod.java)
	at org.junit.internal.runners.statements.RunBefores.evaluate(RunBefores.java:24)
	at org.junit.internal.runners.statements.RunAfters.evaluate(RunAfters.java:27)
	at org.junit.rules.TestWatcher$1.evaluate(TestWatcher.java:55)
	at org.junit.rules.RunRules.evaluate(RunRules.java:20)
	at org.junit.runners.ParentRunner.runLeaf(ParentRunner.java:325)
	at org.junit.runners.BlockJUnit4ClassRunner.runChild(BlockJUnit4ClassRunner.java:78)
	at org.junit.runners.BlockJUnit4ClassRunner.runChild(BlockJUnit4ClassRunner.java:57)
	at org.junit.runners.ParentRunner$3.run(ParentRunner.java:290)
	at org.junit.runners.ParentRunner$1.schedule(ParentRunner.java:71)
	at org.junit.runners.ParentRunner.runChildren(ParentRunner.java:288)
	at org.junit.runners.ParentRunner.access$000(ParentRunner.java:58)
	at org.junit.runners.ParentRunner$2.evaluate(ParentRunner.java:268)
	at org.junit.internal.runners.statements.RunBefores.evaluate(RunBefores.java:26)
	at org.junit.runners.ParentRunner.run(ParentRunner.java:363)
	at org.apache.maven.surefire.junit4.JUnit4Provider.execute(JUnit4Provider.java:365)
	at org.apache.maven.surefire.junit4.JUnit4Provider.executeWithRerun(JUnit4Provider.java:273)
	at org.apache.maven.surefire.junit4.JUnit4Provider.executeTestSet(JUnit4Provider.java:238)
	at org.apache.maven.surefire.junit4.JUnit4Provider.invoke(JUnit4Provider.java:159)
	at org.apache.maven.surefire.booter.ForkedBooter.invokeProviderInSameClassLoader(ForkedBooter.java:384)
	at org.apache.maven.surefire.booter.ForkedBooter.runSuitesInProcess(ForkedBooter.java:345)
	at org.apache.maven.surefire.booter.ForkedBooter.execute(ForkedBooter.java:126)
	at org.apache.maven.surefire.booter.ForkedBooter.main(ForkedBooter.java:418)
2020-06-22 14:22:52,575 [myid:] - ERROR [main:ZKTrustManager@162] - Failed to verify hostname: activate.navicat.com
javax.net.ssl.SSLPeerUnverifiedException: Certificate for <activate.navicat.com> doesn't match common name of the certificate subject: localhost
	at org.apache.zookeeper.common.ZKHostnameVerifier.matchCN(ZKHostnameVerifier.java:238)
	at org.apache.zookeeper.common.ZKHostnameVerifier.verify(ZKHostnameVerifier.java:184)
	at org.apache.zookeeper.common.ZKTrustManager.performHostVerification(ZKTrustManager.java:159)
	at org.apache.zookeeper.common.ZKTrustManager.checkServerTrusted(ZKTrustManager.java:90)
	at sun.security.ssl.ClientHandshaker.serverCertificate(ClientHandshaker.java:1670)
	at sun.security.ssl.ClientHandshaker.processMessage(ClientHandshaker.java:226)
	at sun.security.ssl.Handshaker.processLoop(Handshaker.java:1082)
	at sun.security.ssl.Handshaker.process_record(Handshaker.java:1010)
	at sun.security.ssl.SSLSocketImpl.readRecord(SSLSocketImpl.java:1079)
	at sun.security.ssl.SSLSocketImpl.performInitialHandshake(SSLSocketImpl.java:1388)
	at sun.security.ssl.SSLSocketImpl.startHandshake(SSLSocketImpl.java:1416)
	at sun.security.ssl.SSLSocketImpl.startHandshake(SSLSocketImpl.java:1400)
	at org.apache.zookeeper.client.FourLetterWordMain.send4LetterWord(FourLetterWordMain.java:105)
	at org.apache.zookeeper.client.FourLetterWordMain.send4LetterWord(FourLetterWordMain.java:73)
	at org.apache.zookeeper.test.ClientBase.waitForServerUp(ClientBase.java:261)
	at org.apache.zookeeper.test.ClientBase.startServerInstance(ClientBase.java:401)
	at org.apache.zookeeper.test.ClientBase.startServer(ClientBase.java:516)
	at org.apache.zookeeper.test.ClientBase.setUpWithServerId(ClientBase.java:499)
	at org.apache.zookeeper.test.ClientBase.setUp(ClientBase.java:474)
	at org.apache.zookeeper.test.SaslDigestAuthOverSSLTest.setUp(SaslDigestAuthOverSSLTest.java:62)
	at sun.reflect.NativeMethodAccessorImpl.invoke0(Native Method)
	at sun.reflect.NativeMethodAccessorImpl.invoke(NativeMethodAccessorImpl.java:62)
	at sun.reflect.DelegatingMethodAccessorImpl.invoke(DelegatingMethodAccessorImpl.java:43)
	at java.lang.reflect.Method.invoke(Method.java:498)
	at org.junit.runners.model.FrameworkMethod$1.runReflectiveCall(FrameworkMethod.java:50)
	at org.junit.internal.runners.model.ReflectiveCallable.run(ReflectiveCallable.java:12)
	at org.junit.runners.model.FrameworkMethod.invokeExplosively(FrameworkMethod.java:47)
	at mockit.integration.junit4.JUnit4TestRunnerDecorator.invokeExplosively(JUnit4TestRunnerDecorator.java:49)
	at mockit.integration.junit4.FakeFrameworkMethod.invokeExplosively(FakeFrameworkMethod.java:29)
	at org.junit.runners.model.FrameworkMethod.invokeExplosively(FrameworkMethod.java)
	at org.junit.internal.runners.statements.RunBefores.evaluate(RunBefores.java:24)
	at org.junit.internal.runners.statements.RunAfters.evaluate(RunAfters.java:27)
	at org.junit.rules.TestWatcher$1.evaluate(TestWatcher.java:55)
	at org.junit.rules.RunRules.evaluate(RunRules.java:20)
	at org.junit.runners.ParentRunner.runLeaf(ParentRunner.java:325)
	at org.junit.runners.BlockJUnit4ClassRunner.runChild(BlockJUnit4ClassRunner.java:78)
	at org.junit.runners.BlockJUnit4ClassRunner.runChild(BlockJUnit4ClassRunner.java:57)
	at org.junit.runners.ParentRunner$3.run(ParentRunner.java:290)
	at org.junit.runners.ParentRunner$1.schedule(ParentRunner.java:71)
	at org.junit.runners.ParentRunner.runChildren(ParentRunner.java:288)
	at org.junit.runners.ParentRunner.access$000(ParentRunner.java:58)
	at org.junit.runners.ParentRunner$2.evaluate(ParentRunner.java:268)
	at org.junit.internal.runners.statements.RunBefores.evaluate(RunBefores.java:26)
	at org.junit.runners.ParentRunner.run(ParentRunner.java:363)
	at org.apache.maven.surefire.junit4.JUnit4Provider.execute(JUnit4Provider.java:365)
	at org.apache.maven.surefire.junit4.JUnit4Provider.executeWithRerun(JUnit4Provider.java:273)
	at org.apache.maven.surefire.junit4.JUnit4Provider.executeTestSet(JUnit4Provider.java:238)
	at org.apache.maven.surefire.junit4.JUnit4Provider.invoke(JUnit4Provider.java:159)
	at org.apache.maven.surefire.booter.ForkedBooter.invokeProviderInSameClassLoader(ForkedBooter.java:384)
	at org.apache.maven.surefire.booter.ForkedBooter.runSuitesInProcess(ForkedBooter.java:345)
	at org.apache.maven.surefire.booter.ForkedBooter.execute(ForkedBooter.java:126)
	at org.apache.maven.surefire.booter.ForkedBooter.main(ForkedBooter.java:418)
2020-06-22 14:22:52,576 [myid:] - INFO  [main:ClientBase@270] - server 127.0.0.1:21995 not up
javax.net.ssl.SSLHandshakeException: java.security.cert.CertificateException: Failed to verify both host address and host name
	at sun.security.ssl.Alerts.getSSLException(Alerts.java:198)
	at sun.security.ssl.SSLSocketImpl.fatal(SSLSocketImpl.java:1967)
	at sun.security.ssl.Handshaker.fatalSE(Handshaker.java:331)
	at sun.security.ssl.Handshaker.fatalSE(Handshaker.java:325)
	at sun.security.ssl.ClientHandshaker.serverCertificate(ClientHandshaker.java:1688)
	at sun.security.ssl.ClientHandshaker.processMessage(ClientHandshaker.java:226)
	at sun.security.ssl.Handshaker.processLoop(Handshaker.java:1082)
	at sun.security.ssl.Handshaker.process_record(Handshaker.java:1010)
	at sun.security.ssl.SSLSocketImpl.readRecord(SSLSocketImpl.java:1079)
	at sun.security.ssl.SSLSocketImpl.performInitialHandshake(SSLSocketImpl.java:1388)
	at sun.security.ssl.SSLSocketImpl.startHandshake(SSLSocketImpl.java:1416)
	at sun.security.ssl.SSLSocketImpl.startHandshake(SSLSocketImpl.java:1400)
	at org.apache.zookeeper.client.FourLetterWordMain.send4LetterWord(FourLetterWordMain.java:105)
	at org.apache.zookeeper.client.FourLetterWordMain.send4LetterWord(FourLetterWordMain.java:73)
	at org.apache.zookeeper.test.ClientBase.waitForServerUp(ClientBase.java:261)
	at org.apache.zookeeper.test.ClientBase.startServerInstance(ClientBase.java:401)
	at org.apache.zookeeper.test.ClientBase.startServer(ClientBase.java:516)
	at org.apache.zookeeper.test.ClientBase.setUpWithServerId(ClientBase.java:499)
	at org.apache.zookeeper.test.ClientBase.setUp(ClientBase.java:474)
	at org.apache.zookeeper.test.SaslDigestAuthOverSSLTest.setUp(SaslDigestAuthOverSSLTest.java:62)
	at sun.reflect.NativeMethodAccessorImpl.invoke0(Native Method)
	at sun.reflect.NativeMethodAccessorImpl.invoke(NativeMethodAccessorImpl.java:62)
	at sun.reflect.DelegatingMethodAccessorImpl.invoke(DelegatingMethodAccessorImpl.java:43)
	at java.lang.reflect.Method.invoke(Method.java:498)
	at org.junit.runners.model.FrameworkMethod$1.runReflectiveCall(FrameworkMethod.java:50)
	at org.junit.internal.runners.model.ReflectiveCallable.run(ReflectiveCallable.java:12)
	at org.junit.runners.model.FrameworkMethod.invokeExplosively(FrameworkMethod.java:47)
	at mockit.integration.junit4.JUnit4TestRunnerDecorator.invokeExplosively(JUnit4TestRunnerDecorator.java:49)
	at mockit.integration.junit4.FakeFrameworkMethod.invokeExplosively(FakeFrameworkMethod.java:29)
	at org.junit.runners.model.FrameworkMethod.invokeExplosively(FrameworkMethod.java)
	at org.junit.internal.runners.statements.RunBefores.evaluate(RunBefores.java:24)
	at org.junit.internal.runners.statements.RunAfters.evaluate(RunAfters.java:27)
	at org.junit.rules.TestWatcher$1.evaluate(TestWatcher.java:55)
	at org.junit.rules.RunRules.evaluate(RunRules.java:20)
	at org.junit.runners.ParentRunner.runLeaf(ParentRunner.java:325)
	at org.junit.runners.BlockJUnit4ClassRunner.runChild(BlockJUnit4ClassRunner.java:78)
	at org.junit.runners.BlockJUnit4ClassRunner.runChild(BlockJUnit4ClassRunner.java:57)
	at org.junit.runners.ParentRunner$3.run(ParentRunner.java:290)
	at org.junit.runners.ParentRunner$1.schedule(ParentRunner.java:71)
	at org.junit.runners.ParentRunner.runChildren(ParentRunner.java:288)
	at org.junit.runners.ParentRunner.access$000(ParentRunner.java:58)
	at org.junit.runners.ParentRunner$2.evaluate(ParentRunner.java:268)
	at org.junit.internal.runners.statements.RunBefores.evaluate(RunBefores.java:26)
	at org.junit.runners.ParentRunner.run(ParentRunner.java:363)
	at org.apache.maven.surefire.junit4.JUnit4Provider.execute(JUnit4Provider.java:365)
	at org.apache.maven.surefire.junit4.JUnit4Provider.executeWithRerun(JUnit4Provider.java:273)
	at org.apache.maven.surefire.junit4.JUnit4Provider.executeTestSet(JUnit4Provider.java:238)
	at org.apache.maven.surefire.junit4.JUnit4Provider.invoke(JUnit4Provider.java:159)
	at org.apache.maven.surefire.booter.ForkedBooter.invokeProviderInSameClassLoader(ForkedBooter.java:384)
	at org.apache.maven.surefire.booter.ForkedBooter.runSuitesInProcess(ForkedBooter.java:345)
	at org.apache.maven.surefire.booter.ForkedBooter.execute(ForkedBooter.java:126)
	at org.apache.maven.surefire.booter.ForkedBooter.main(ForkedBooter.java:418)
Caused by: java.security.cert.CertificateException: Failed to verify both host address and host name
	at org.apache.zookeeper.common.ZKTrustManager.performHostVerification(ZKTrustManager.java:163)
	at org.apache.zookeeper.common.ZKTrustManager.checkServerTrusted(ZKTrustManager.java:90)
	at sun.security.ssl.ClientHandshaker.serverCertificate(ClientHandshaker.java:1670)
	... 47 more
Caused by: javax.net.ssl.SSLPeerUnverifiedException: Certificate for <activate.navicat.com> doesn't match common name of the certificate subject: localhost
	at org.apache.zookeeper.common.ZKHostnameVerifier.matchCN(ZKHostnameVerifier.java:238)
	at org.apache.zookeeper.common.ZKHostnameVerifier.verify(ZKHostnameVerifier.java:184)
	at org.apache.zookeeper.common.ZKTrustManager.performHostVerification(ZKTrustManager.java:159)
	... 49 more
2020-06-22 14:22:52,576 [myid:] - ERROR [nioEventLoopGroup-4-9:NettyServerCnxnFactory$CertificateVerifier@434] - Unsuccessful handshake with session 0x0
2020-06-22 14:22:52,577 [myid:] - WARN  [nioEventLoopGroup-4-9:NettyServerCnxnFactory$CnxnChannelHandler@273] - Exception caught
io.netty.handler.codec.DecoderException: javax.net.ssl.SSLException: Received fatal alert: certificate_unknown
	at io.netty.handler.codec.ByteToMessageDecoder.callDecode(ByteToMessageDecoder.java:468)
	at io.netty.handler.codec.ByteToMessageDecoder.channelRead(ByteToMessageDecoder.java:276)
	at io.netty.channel.AbstractChannelHandlerContext.invokeChannelRead(AbstractChannelHandlerContext.java:379)
	at io.netty.channel.AbstractChannelHandlerContext.invokeChannelRead(AbstractChannelHandlerContext.java:365)
	at io.netty.channel.AbstractChannelHandlerContext.fireChannelRead(AbstractChannelHandlerContext.java:357)
	at io.netty.channel.DefaultChannelPipeline$HeadContext.channelRead(DefaultChannelPipeline.java:1410)
	at io.netty.channel.AbstractChannelHandlerContext.invokeChannelRead(AbstractChannelHandlerContext.java:379)
	at io.netty.channel.AbstractChannelHandlerContext.invokeChannelRead(AbstractChannelHandlerContext.java:365)
	at io.netty.channel.DefaultChannelPipeline.fireChannelRead(DefaultChannelPipeline.java:919)
	at io.netty.channel.nio.AbstractNioByteChannel$NioByteUnsafe.read(AbstractNioByteChannel.java:163)
	at io.netty.channel.nio.NioEventLoop.processSelectedKey(NioEventLoop.java:714)
	at io.netty.channel.nio.NioEventLoop.processSelectedKeysOptimized(NioEventLoop.java:650)
	at io.netty.channel.nio.NioEventLoop.processSelectedKeys(NioEventLoop.java:576)
	at io.netty.channel.nio.NioEventLoop.run(NioEventLoop.java:493)
	at io.netty.util.concurrent.SingleThreadEventExecutor$4.run(SingleThreadEventExecutor.java:989)
	at io.netty.util.internal.ThreadExecutorMap$2.run(ThreadExecutorMap.java:74)
	at io.netty.util.concurrent.FastThreadLocalRunnable.run(FastThreadLocalRunnable.java:30)
	at java.lang.Thread.run(Thread.java:748)
Caused by: javax.net.ssl.SSLException: Received fatal alert: certificate_unknown
	at sun.security.ssl.Alerts.getSSLException(Alerts.java:214)
	at sun.security.ssl.SSLEngineImpl.fatal(SSLEngineImpl.java:1667)
	at sun.security.ssl.SSLEngineImpl.fatal(SSLEngineImpl.java:1635)
	at sun.security.ssl.SSLEngineImpl.recvAlert(SSLEngineImpl.java:1801)
	at sun.security.ssl.SSLEngineImpl.readRecord(SSLEngineImpl.java:1090)
	at sun.security.ssl.SSLEngineImpl.readNetRecord(SSLEngineImpl.java:913)
	at sun.security.ssl.SSLEngineImpl.unwrap(SSLEngineImpl.java:783)
	at javax.net.ssl.SSLEngine.unwrap(SSLEngine.java:626)
	at io.netty.handler.ssl.SslHandler$SslEngineType$3.unwrap(SslHandler.java:281)
	at io.netty.handler.ssl.SslHandler.unwrap(SslHandler.java:1340)
	at io.netty.handler.ssl.SslHandler.decodeJdkCompatible(SslHandler.java:1235)
	at io.netty.handler.ssl.SslHandler.decode(SslHandler.java:1282)
	at io.netty.handler.codec.ByteToMessageDecoder.decodeRemovalReentryProtection(ByteToMessageDecoder.java:498)
	at io.netty.handler.codec.ByteToMessageDecoder.callDecode(ByteToMessageDecoder.java:437)
	... 17 more
2020-06-22 14:22:52,578 [myid:] - WARN  [nioEventLoopGroup-4-9:NettyServerCnxnFactory$CnxnChannelHandler@273] - Exception caught
io.netty.handler.codec.DecoderException: javax.net.ssl.SSLException: Received fatal alert: certificate_unknown
	at io.netty.handler.codec.ByteToMessageDecoder.callDecode(ByteToMessageDecoder.java:468)
	at io.netty.handler.codec.ByteToMessageDecoder.channelInputClosed(ByteToMessageDecoder.java:401)
	at io.netty.handler.codec.ByteToMessageDecoder.channelInputClosed(ByteToMessageDecoder.java:368)
	at io.netty.handler.codec.ByteToMessageDecoder.channelInactive(ByteToMessageDecoder.java:351)
	at io.netty.handler.ssl.SslHandler.channelInactive(SslHandler.java:1084)
	at io.netty.channel.AbstractChannelHandlerContext.invokeChannelInactive(AbstractChannelHandlerContext.java:262)
	at io.netty.channel.AbstractChannelHandlerContext.invokeChannelInactive(AbstractChannelHandlerContext.java:248)
	at io.netty.channel.AbstractChannelHandlerContext.fireChannelInactive(AbstractChannelHandlerContext.java:241)
	at io.netty.channel.DefaultChannelPipeline$HeadContext.channelInactive(DefaultChannelPipeline.java:1405)
	at io.netty.channel.AbstractChannelHandlerContext.invokeChannelInactive(AbstractChannelHandlerContext.java:262)
	at io.netty.channel.AbstractChannelHandlerContext.invokeChannelInactive(AbstractChannelHandlerContext.java:248)
	at io.netty.channel.DefaultChannelPipeline.fireChannelInactive(DefaultChannelPipeline.java:901)
	at io.netty.channel.AbstractChannel$AbstractUnsafe$8.run(AbstractChannel.java:818)
	at io.netty.util.concurrent.AbstractEventExecutor.safeExecute(AbstractEventExecutor.java:164)
	at io.netty.util.concurrent.SingleThreadEventExecutor.runAllTasks(SingleThreadEventExecutor.java:472)
	at io.netty.channel.nio.NioEventLoop.run(NioEventLoop.java:497)
	at io.netty.util.concurrent.SingleThreadEventExecutor$4.run(SingleThreadEventExecutor.java:989)
	at io.netty.util.internal.ThreadExecutorMap$2.run(ThreadExecutorMap.java:74)
	at io.netty.util.concurrent.FastThreadLocalRunnable.run(FastThreadLocalRunnable.java:30)
	at java.lang.Thread.run(Thread.java:748)
Caused by: javax.net.ssl.SSLException: Received fatal alert: certificate_unknown
	at sun.security.ssl.Alerts.getSSLException(Alerts.java:214)
	at sun.security.ssl.SSLEngineImpl.fatal(SSLEngineImpl.java:1667)
	at sun.security.ssl.SSLEngineImpl.fatal(SSLEngineImpl.java:1635)
	at sun.security.ssl.SSLEngineImpl.recvAlert(SSLEngineImpl.java:1801)
	at sun.security.ssl.SSLEngineImpl.readRecord(SSLEngineImpl.java:1090)
	at sun.security.ssl.SSLEngineImpl.readNetRecord(SSLEngineImpl.java:913)
	at sun.security.ssl.SSLEngineImpl.unwrap(SSLEngineImpl.java:783)
	at javax.net.ssl.SSLEngine.unwrap(SSLEngine.java:626)
	at io.netty.handler.ssl.SslHandler$SslEngineType$3.unwrap(SslHandler.java:281)
	at io.netty.handler.ssl.SslHandler.unwrap(SslHandler.java:1340)
	at io.netty.handler.ssl.SslHandler.decodeJdkCompatible(SslHandler.java:1235)
	at io.netty.handler.ssl.SslHandler.decode(SslHandler.java:1282)
	at io.netty.handler.codec.ByteToMessageDecoder.decodeRemovalReentryProtection(ByteToMessageDecoder.java:498)
	at io.netty.handler.codec.ByteToMessageDecoder.callDecode(ByteToMessageDecoder.java:437)
	... 19 more
2020-06-22 14:22:52,826 [myid:] - INFO  [main:FourLetterWordMain@93] - connecting to 127.0.0.1 21995
2020-06-22 14:22:52,826 [myid:] - INFO  [main:FourLetterWordMain@99] - using secure socket
2020-06-22 14:22:52,837 [myid:] - ERROR [main:ZKTrustManager@161] - Failed to verify host address: 127.0.0.1
javax.net.ssl.SSLPeerUnverifiedException: Certificate for <127.0.0.1> doesn't match common name of the certificate subject: localhost
	at org.apache.zookeeper.common.ZKHostnameVerifier.matchCN(ZKHostnameVerifier.java:238)
	at org.apache.zookeeper.common.ZKHostnameVerifier.verify(ZKHostnameVerifier.java:184)
	at org.apache.zookeeper.common.ZKTrustManager.performHostVerification(ZKTrustManager.java:151)
	at org.apache.zookeeper.common.ZKTrustManager.checkServerTrusted(ZKTrustManager.java:90)
	at sun.security.ssl.ClientHandshaker.serverCertificate(ClientHandshaker.java:1670)
	at sun.security.ssl.ClientHandshaker.processMessage(ClientHandshaker.java:226)
	at sun.security.ssl.Handshaker.processLoop(Handshaker.java:1082)
	at sun.security.ssl.Handshaker.process_record(Handshaker.java:1010)
	at sun.security.ssl.SSLSocketImpl.readRecord(SSLSocketImpl.java:1079)
	at sun.security.ssl.SSLSocketImpl.performInitialHandshake(SSLSocketImpl.java:1388)
	at sun.security.ssl.SSLSocketImpl.startHandshake(SSLSocketImpl.java:1416)
	at sun.security.ssl.SSLSocketImpl.startHandshake(SSLSocketImpl.java:1400)
	at org.apache.zookeeper.client.FourLetterWordMain.send4LetterWord(FourLetterWordMain.java:105)
	at org.apache.zookeeper.client.FourLetterWordMain.send4LetterWord(FourLetterWordMain.java:73)
	at org.apache.zookeeper.test.ClientBase.waitForServerUp(ClientBase.java:261)
	at org.apache.zookeeper.test.ClientBase.startServerInstance(ClientBase.java:401)
	at org.apache.zookeeper.test.ClientBase.startServer(ClientBase.java:516)
	at org.apache.zookeeper.test.ClientBase.setUpWithServerId(ClientBase.java:499)
	at org.apache.zookeeper.test.ClientBase.setUp(ClientBase.java:474)
	at org.apache.zookeeper.test.SaslDigestAuthOverSSLTest.setUp(SaslDigestAuthOverSSLTest.java:62)
	at sun.reflect.NativeMethodAccessorImpl.invoke0(Native Method)
	at sun.reflect.NativeMethodAccessorImpl.invoke(NativeMethodAccessorImpl.java:62)
	at sun.reflect.DelegatingMethodAccessorImpl.invoke(DelegatingMethodAccessorImpl.java:43)
	at java.lang.reflect.Method.invoke(Method.java:498)
	at org.junit.runners.model.FrameworkMethod$1.runReflectiveCall(FrameworkMethod.java:50)
	at org.junit.internal.runners.model.ReflectiveCallable.run(ReflectiveCallable.java:12)
	at org.junit.runners.model.FrameworkMethod.invokeExplosively(FrameworkMethod.java:47)
	at mockit.integration.junit4.JUnit4TestRunnerDecorator.invokeExplosively(JUnit4TestRunnerDecorator.java:49)
	at mockit.integration.junit4.FakeFrameworkMethod.invokeExplosively(FakeFrameworkMethod.java:29)
	at org.junit.runners.model.FrameworkMethod.invokeExplosively(FrameworkMethod.java)
	at org.junit.internal.runners.statements.RunBefores.evaluate(RunBefores.java:24)
	at org.junit.internal.runners.statements.RunAfters.evaluate(RunAfters.java:27)
	at org.junit.rules.TestWatcher$1.evaluate(TestWatcher.java:55)
	at org.junit.rules.RunRules.evaluate(RunRules.java:20)
	at org.junit.runners.ParentRunner.runLeaf(ParentRunner.java:325)
	at org.junit.runners.BlockJUnit4ClassRunner.runChild(BlockJUnit4ClassRunner.java:78)
	at org.junit.runners.BlockJUnit4ClassRunner.runChild(BlockJUnit4ClassRunner.java:57)
	at org.junit.runners.ParentRunner$3.run(ParentRunner.java:290)
	at org.junit.runners.ParentRunner$1.schedule(ParentRunner.java:71)
	at org.junit.runners.ParentRunner.runChildren(ParentRunner.java:288)
	at org.junit.runners.ParentRunner.access$000(ParentRunner.java:58)
	at org.junit.runners.ParentRunner$2.evaluate(ParentRunner.java:268)
	at org.junit.internal.runners.statements.RunBefores.evaluate(RunBefores.java:26)
	at org.junit.runners.ParentRunner.run(ParentRunner.java:363)
	at org.apache.maven.surefire.junit4.JUnit4Provider.execute(JUnit4Provider.java:365)
	at org.apache.maven.surefire.junit4.JUnit4Provider.executeWithRerun(JUnit4Provider.java:273)
	at org.apache.maven.surefire.junit4.JUnit4Provider.executeTestSet(JUnit4Provider.java:238)
	at org.apache.maven.surefire.junit4.JUnit4Provider.invoke(JUnit4Provider.java:159)
	at org.apache.maven.surefire.booter.ForkedBooter.invokeProviderInSameClassLoader(ForkedBooter.java:384)
	at org.apache.maven.surefire.booter.ForkedBooter.runSuitesInProcess(ForkedBooter.java:345)
	at org.apache.maven.surefire.booter.ForkedBooter.execute(ForkedBooter.java:126)
	at org.apache.maven.surefire.booter.ForkedBooter.main(ForkedBooter.java:418)
2020-06-22 14:22:52,838 [myid:] - ERROR [main:ZKTrustManager@162] - Failed to verify hostname: activate.navicat.com
javax.net.ssl.SSLPeerUnverifiedException: Certificate for <activate.navicat.com> doesn't match common name of the certificate subject: localhost
	at org.apache.zookeeper.common.ZKHostnameVerifier.matchCN(ZKHostnameVerifier.java:238)
	at org.apache.zookeeper.common.ZKHostnameVerifier.verify(ZKHostnameVerifier.java:184)
	at org.apache.zookeeper.common.ZKTrustManager.performHostVerification(ZKTrustManager.java:159)
	at org.apache.zookeeper.common.ZKTrustManager.checkServerTrusted(ZKTrustManager.java:90)
	at sun.security.ssl.ClientHandshaker.serverCertificate(ClientHandshaker.java:1670)
	at sun.security.ssl.ClientHandshaker.processMessage(ClientHandshaker.java:226)
	at sun.security.ssl.Handshaker.processLoop(Handshaker.java:1082)
	at sun.security.ssl.Handshaker.process_record(Handshaker.java:1010)
	at sun.security.ssl.SSLSocketImpl.readRecord(SSLSocketImpl.java:1079)
	at sun.security.ssl.SSLSocketImpl.performInitialHandshake(SSLSocketImpl.java:1388)
	at sun.security.ssl.SSLSocketImpl.startHandshake(SSLSocketImpl.java:1416)
	at sun.security.ssl.SSLSocketImpl.startHandshake(SSLSocketImpl.java:1400)
	at org.apache.zookeeper.client.FourLetterWordMain.send4LetterWord(FourLetterWordMain.java:105)
	at org.apache.zookeeper.client.FourLetterWordMain.send4LetterWord(FourLetterWordMain.java:73)
	at org.apache.zookeeper.test.ClientBase.waitForServerUp(ClientBase.java:261)
	at org.apache.zookeeper.test.ClientBase.startServerInstance(ClientBase.java:401)
	at org.apache.zookeeper.test.ClientBase.startServer(ClientBase.java:516)
	at org.apache.zookeeper.test.ClientBase.setUpWithServerId(ClientBase.java:499)
	at org.apache.zookeeper.test.ClientBase.setUp(ClientBase.java:474)
	at org.apache.zookeeper.test.SaslDigestAuthOverSSLTest.setUp(SaslDigestAuthOverSSLTest.java:62)
	at sun.reflect.NativeMethodAccessorImpl.invoke0(Native Method)
	at sun.reflect.NativeMethodAccessorImpl.invoke(NativeMethodAccessorImpl.java:62)
	at sun.reflect.DelegatingMethodAccessorImpl.invoke(DelegatingMethodAccessorImpl.java:43)
	at java.lang.reflect.Method.invoke(Method.java:498)
	at org.junit.runners.model.FrameworkMethod$1.runReflectiveCall(FrameworkMethod.java:50)
	at org.junit.internal.runners.model.ReflectiveCallable.run(ReflectiveCallable.java:12)
	at org.junit.runners.model.FrameworkMethod.invokeExplosively(FrameworkMethod.java:47)
	at mockit.integration.junit4.JUnit4TestRunnerDecorator.invokeExplosively(JUnit4TestRunnerDecorator.java:49)
	at mockit.integration.junit4.FakeFrameworkMethod.invokeExplosively(FakeFrameworkMethod.java:29)
	at org.junit.runners.model.FrameworkMethod.invokeExplosively(FrameworkMethod.java)
	at org.junit.internal.runners.statements.RunBefores.evaluate(RunBefores.java:24)
	at org.junit.internal.runners.statements.RunAfters.evaluate(RunAfters.java:27)
	at org.junit.rules.TestWatcher$1.evaluate(TestWatcher.java:55)
	at org.junit.rules.RunRules.evaluate(RunRules.java:20)
	at org.junit.runners.ParentRunner.runLeaf(ParentRunner.java:325)
	at org.junit.runners.BlockJUnit4ClassRunner.runChild(BlockJUnit4ClassRunner.java:78)
	at org.junit.runners.BlockJUnit4ClassRunner.runChild(BlockJUnit4ClassRunner.java:57)
	at org.junit.runners.ParentRunner$3.run(ParentRunner.java:290)
	at org.junit.runners.ParentRunner$1.schedule(ParentRunner.java:71)
	at org.junit.runners.ParentRunner.runChildren(ParentRunner.java:288)
	at org.junit.runners.ParentRunner.access$000(ParentRunner.java:58)
	at org.junit.runners.ParentRunner$2.evaluate(ParentRunner.java:268)
	at org.junit.internal.runners.statements.RunBefores.evaluate(RunBefores.java:26)
	at org.junit.runners.ParentRunner.run(ParentRunner.java:363)
	at org.apache.maven.surefire.junit4.JUnit4Provider.execute(JUnit4Provider.java:365)
	at org.apache.maven.surefire.junit4.JUnit4Provider.executeWithRerun(JUnit4Provider.java:273)
	at org.apache.maven.surefire.junit4.JUnit4Provider.executeTestSet(JUnit4Provider.java:238)
	at org.apache.maven.surefire.junit4.JUnit4Provider.invoke(JUnit4Provider.java:159)
	at org.apache.maven.surefire.booter.ForkedBooter.invokeProviderInSameClassLoader(ForkedBooter.java:384)
	at org.apache.maven.surefire.booter.ForkedBooter.runSuitesInProcess(ForkedBooter.java:345)
	at org.apache.maven.surefire.booter.ForkedBooter.execute(ForkedBooter.java:126)
	at org.apache.maven.surefire.booter.ForkedBooter.main(ForkedBooter.java:418)
2020-06-22 14:22:52,839 [myid:] - INFO  [main:ClientBase@270] - server 127.0.0.1:21995 not up
javax.net.ssl.SSLHandshakeException: java.security.cert.CertificateException: Failed to verify both host address and host name
	at sun.security.ssl.Alerts.getSSLException(Alerts.java:198)
	at sun.security.ssl.SSLSocketImpl.fatal(SSLSocketImpl.java:1967)
	at sun.security.ssl.Handshaker.fatalSE(Handshaker.java:331)
	at sun.security.ssl.Handshaker.fatalSE(Handshaker.java:325)
	at sun.security.ssl.ClientHandshaker.serverCertificate(ClientHandshaker.java:1688)
	at sun.security.ssl.ClientHandshaker.processMessage(ClientHandshaker.java:226)
	at sun.security.ssl.Handshaker.processLoop(Handshaker.java:1082)
	at sun.security.ssl.Handshaker.process_record(Handshaker.java:1010)
	at sun.security.ssl.SSLSocketImpl.readRecord(SSLSocketImpl.java:1079)
	at sun.security.ssl.SSLSocketImpl.performInitialHandshake(SSLSocketImpl.java:1388)
	at sun.security.ssl.SSLSocketImpl.startHandshake(SSLSocketImpl.java:1416)
	at sun.security.ssl.SSLSocketImpl.startHandshake(SSLSocketImpl.java:1400)
	at org.apache.zookeeper.client.FourLetterWordMain.send4LetterWord(FourLetterWordMain.java:105)
	at org.apache.zookeeper.client.FourLetterWordMain.send4LetterWord(FourLetterWordMain.java:73)
	at org.apache.zookeeper.test.ClientBase.waitForServerUp(ClientBase.java:261)
	at org.apache.zookeeper.test.ClientBase.startServerInstance(ClientBase.java:401)
	at org.apache.zookeeper.test.ClientBase.startServer(ClientBase.java:516)
	at org.apache.zookeeper.test.ClientBase.setUpWithServerId(ClientBase.java:499)
	at org.apache.zookeeper.test.ClientBase.setUp(ClientBase.java:474)
	at org.apache.zookeeper.test.SaslDigestAuthOverSSLTest.setUp(SaslDigestAuthOverSSLTest.java:62)
	at sun.reflect.NativeMethodAccessorImpl.invoke0(Native Method)
	at sun.reflect.NativeMethodAccessorImpl.invoke(NativeMethodAccessorImpl.java:62)
	at sun.reflect.DelegatingMethodAccessorImpl.invoke(DelegatingMethodAccessorImpl.java:43)
	at java.lang.reflect.Method.invoke(Method.java:498)
	at org.junit.runners.model.FrameworkMethod$1.runReflectiveCall(FrameworkMethod.java:50)
	at org.junit.internal.runners.model.ReflectiveCallable.run(ReflectiveCallable.java:12)
	at org.junit.runners.model.FrameworkMethod.invokeExplosively(FrameworkMethod.java:47)
	at mockit.integration.junit4.JUnit4TestRunnerDecorator.invokeExplosively(JUnit4TestRunnerDecorator.java:49)
	at mockit.integration.junit4.FakeFrameworkMethod.invokeExplosively(FakeFrameworkMethod.java:29)
	at org.junit.runners.model.FrameworkMethod.invokeExplosively(FrameworkMethod.java)
	at org.junit.internal.runners.statements.RunBefores.evaluate(RunBefores.java:24)
	at org.junit.internal.runners.statements.RunAfters.evaluate(RunAfters.java:27)
	at org.junit.rules.TestWatcher$1.evaluate(TestWatcher.java:55)
	at org.junit.rules.RunRules.evaluate(RunRules.java:20)
	at org.junit.runners.ParentRunner.runLeaf(ParentRunner.java:325)
	at org.junit.runners.BlockJUnit4ClassRunner.runChild(BlockJUnit4ClassRunner.java:78)
	at org.junit.runners.BlockJUnit4ClassRunner.runChild(BlockJUnit4ClassRunner.java:57)
	at org.junit.runners.ParentRunner$3.run(ParentRunner.java:290)
	at org.junit.runners.ParentRunner$1.schedule(ParentRunner.java:71)
	at org.junit.runners.ParentRunner.runChildren(ParentRunner.java:288)
	at org.junit.runners.ParentRunner.access$000(ParentRunner.java:58)
	at org.junit.runners.ParentRunner$2.evaluate(ParentRunner.java:268)
	at org.junit.internal.runners.statements.RunBefores.evaluate(RunBefores.java:26)
	at org.junit.runners.ParentRunner.run(ParentRunner.java:363)
	at org.apache.maven.surefire.junit4.JUnit4Provider.execute(JUnit4Provider.java:365)
	at org.apache.maven.surefire.junit4.JUnit4Provider.executeWithRerun(JUnit4Provider.java:273)
	at org.apache.maven.surefire.junit4.JUnit4Provider.executeTestSet(JUnit4Provider.java:238)
	at org.apache.maven.surefire.junit4.JUnit4Provider.invoke(JUnit4Provider.java:159)
	at org.apache.maven.surefire.booter.ForkedBooter.invokeProviderInSameClassLoader(ForkedBooter.java:384)
	at org.apache.maven.surefire.booter.ForkedBooter.runSuitesInProcess(ForkedBooter.java:345)
	at org.apache.maven.surefire.booter.ForkedBooter.execute(ForkedBooter.java:126)
	at org.apache.maven.surefire.booter.ForkedBooter.main(ForkedBooter.java:418)
Caused by: java.security.cert.CertificateException: Failed to verify both host address and host name
	at org.apache.zookeeper.common.ZKTrustManager.performHostVerification(ZKTrustManager.java:163)
	at org.apache.zookeeper.common.ZKTrustManager.checkServerTrusted(ZKTrustManager.java:90)
	at sun.security.ssl.ClientHandshaker.serverCertificate(ClientHandshaker.java:1670)
	... 47 more
Caused by: javax.net.ssl.SSLPeerUnverifiedException: Certificate for <activate.navicat.com> doesn't match common name of the certificate subject: localhost
	at org.apache.zookeeper.common.ZKHostnameVerifier.matchCN(ZKHostnameVerifier.java:238)
	at org.apache.zookeeper.common.ZKHostnameVerifier.verify(ZKHostnameVerifier.java:184)
	at org.apache.zookeeper.common.ZKTrustManager.performHostVerification(ZKTrustManager.java:159)
	... 49 more
2020-06-22 14:22:52,839 [myid:] - ERROR [nioEventLoopGroup-4-10:NettyServerCnxnFactory$CertificateVerifier@434] - Unsuccessful handshake with session 0x0
2020-06-22 14:22:52,840 [myid:] - WARN  [nioEventLoopGroup-4-10:NettyServerCnxnFactory$CnxnChannelHandler@273] - Exception caught
io.netty.handler.codec.DecoderException: javax.net.ssl.SSLException: Received fatal alert: certificate_unknown
	at io.netty.handler.codec.ByteToMessageDecoder.callDecode(ByteToMessageDecoder.java:468)
	at io.netty.handler.codec.ByteToMessageDecoder.channelRead(ByteToMessageDecoder.java:276)
	at io.netty.channel.AbstractChannelHandlerContext.invokeChannelRead(AbstractChannelHandlerContext.java:379)
	at io.netty.channel.AbstractChannelHandlerContext.invokeChannelRead(AbstractChannelHandlerContext.java:365)
	at io.netty.channel.AbstractChannelHandlerContext.fireChannelRead(AbstractChannelHandlerContext.java:357)
	at io.netty.channel.DefaultChannelPipeline$HeadContext.channelRead(DefaultChannelPipeline.java:1410)
	at io.netty.channel.AbstractChannelHandlerContext.invokeChannelRead(AbstractChannelHandlerContext.java:379)
	at io.netty.channel.AbstractChannelHandlerContext.invokeChannelRead(AbstractChannelHandlerContext.java:365)
	at io.netty.channel.DefaultChannelPipeline.fireChannelRead(DefaultChannelPipeline.java:919)
	at io.netty.channel.nio.AbstractNioByteChannel$NioByteUnsafe.read(AbstractNioByteChannel.java:163)
	at io.netty.channel.nio.NioEventLoop.processSelectedKey(NioEventLoop.java:714)
	at io.netty.channel.nio.NioEventLoop.processSelectedKeysOptimized(NioEventLoop.java:650)
	at io.netty.channel.nio.NioEventLoop.processSelectedKeys(NioEventLoop.java:576)
	at io.netty.channel.nio.NioEventLoop.run(NioEventLoop.java:493)
	at io.netty.util.concurrent.SingleThreadEventExecutor$4.run(SingleThreadEventExecutor.java:989)
	at io.netty.util.internal.ThreadExecutorMap$2.run(ThreadExecutorMap.java:74)
	at io.netty.util.concurrent.FastThreadLocalRunnable.run(FastThreadLocalRunnable.java:30)
	at java.lang.Thread.run(Thread.java:748)
Caused by: javax.net.ssl.SSLException: Received fatal alert: certificate_unknown
	at sun.security.ssl.Alerts.getSSLException(Alerts.java:214)
	at sun.security.ssl.SSLEngineImpl.fatal(SSLEngineImpl.java:1667)
	at sun.security.ssl.SSLEngineImpl.fatal(SSLEngineImpl.java:1635)
	at sun.security.ssl.SSLEngineImpl.recvAlert(SSLEngineImpl.java:1801)
	at sun.security.ssl.SSLEngineImpl.readRecord(SSLEngineImpl.java:1090)
	at sun.security.ssl.SSLEngineImpl.readNetRecord(SSLEngineImpl.java:913)
	at sun.security.ssl.SSLEngineImpl.unwrap(SSLEngineImpl.java:783)
	at javax.net.ssl.SSLEngine.unwrap(SSLEngine.java:626)
	at io.netty.handler.ssl.SslHandler$SslEngineType$3.unwrap(SslHandler.java:281)
	at io.netty.handler.ssl.SslHandler.unwrap(SslHandler.java:1340)
	at io.netty.handler.ssl.SslHandler.decodeJdkCompatible(SslHandler.java:1235)
	at io.netty.handler.ssl.SslHandler.decode(SslHandler.java:1282)
	at io.netty.handler.codec.ByteToMessageDecoder.decodeRemovalReentryProtection(ByteToMessageDecoder.java:498)
	at io.netty.handler.codec.ByteToMessageDecoder.callDecode(ByteToMessageDecoder.java:437)
	... 17 more
2020-06-22 14:22:52,841 [myid:] - WARN  [nioEventLoopGroup-4-10:NettyServerCnxnFactory$CnxnChannelHandler@273] - Exception caught
io.netty.handler.codec.DecoderException: javax.net.ssl.SSLException: Received fatal alert: certificate_unknown
	at io.netty.handler.codec.ByteToMessageDecoder.callDecode(ByteToMessageDecoder.java:468)
	at io.netty.handler.codec.ByteToMessageDecoder.channelInputClosed(ByteToMessageDecoder.java:401)
	at io.netty.handler.codec.ByteToMessageDecoder.channelInputClosed(ByteToMessageDecoder.java:368)
	at io.netty.handler.codec.ByteToMessageDecoder.channelInactive(ByteToMessageDecoder.java:351)
	at io.netty.handler.ssl.SslHandler.channelInactive(SslHandler.java:1084)
	at io.netty.channel.AbstractChannelHandlerContext.invokeChannelInactive(AbstractChannelHandlerContext.java:262)
	at io.netty.channel.AbstractChannelHandlerContext.invokeChannelInactive(AbstractChannelHandlerContext.java:248)
	at io.netty.channel.AbstractChannelHandlerContext.fireChannelInactive(AbstractChannelHandlerContext.java:241)
	at io.netty.channel.DefaultChannelPipeline$HeadContext.channelInactive(DefaultChannelPipeline.java:1405)
	at io.netty.channel.AbstractChannelHandlerContext.invokeChannelInactive(AbstractChannelHandlerContext.java:262)
	at io.netty.channel.AbstractChannelHandlerContext.invokeChannelInactive(AbstractChannelHandlerContext.java:248)
	at io.netty.channel.DefaultChannelPipeline.fireChannelInactive(DefaultChannelPipeline.java:901)
	at io.netty.channel.AbstractChannel$AbstractUnsafe$8.run(AbstractChannel.java:818)
	at io.netty.util.concurrent.AbstractEventExecutor.safeExecute(AbstractEventExecutor.java:164)
	at io.netty.util.concurrent.SingleThreadEventExecutor.runAllTasks(SingleThreadEventExecutor.java:472)
	at io.netty.channel.nio.NioEventLoop.run(NioEventLoop.java:497)
	at io.netty.util.concurrent.SingleThreadEventExecutor$4.run(SingleThreadEventExecutor.java:989)
	at io.netty.util.internal.ThreadExecutorMap$2.run(ThreadExecutorMap.java:74)
	at io.netty.util.concurrent.FastThreadLocalRunnable.run(FastThreadLocalRunnable.java:30)
	at java.lang.Thread.run(Thread.java:748)
Caused by: javax.net.ssl.SSLException: Received fatal alert: certificate_unknown
	at sun.security.ssl.Alerts.getSSLException(Alerts.java:214)
	at sun.security.ssl.SSLEngineImpl.fatal(SSLEngineImpl.java:1667)
	at sun.security.ssl.SSLEngineImpl.fatal(SSLEngineImpl.java:1635)
	at sun.security.ssl.SSLEngineImpl.recvAlert(SSLEngineImpl.java:1801)
	at sun.security.ssl.SSLEngineImpl.readRecord(SSLEngineImpl.java:1090)
	at sun.security.ssl.SSLEngineImpl.readNetRecord(SSLEngineImpl.java:913)
	at sun.security.ssl.SSLEngineImpl.unwrap(SSLEngineImpl.java:783)
	at javax.net.ssl.SSLEngine.unwrap(SSLEngine.java:626)
	at io.netty.handler.ssl.SslHandler$SslEngineType$3.unwrap(SslHandler.java:281)
	at io.netty.handler.ssl.SslHandler.unwrap(SslHandler.java:1340)
	at io.netty.handler.ssl.SslHandler.decodeJdkCompatible(SslHandler.java:1235)
	at io.netty.handler.ssl.SslHandler.decode(SslHandler.java:1282)
	at io.netty.handler.codec.ByteToMessageDecoder.decodeRemovalReentryProtection(ByteToMessageDecoder.java:498)
	at io.netty.handler.codec.ByteToMessageDecoder.callDecode(ByteToMessageDecoder.java:437)
	... 19 more
2020-06-22 14:22:53,089 [myid:] - INFO  [main:FourLetterWordMain@93] - connecting to 127.0.0.1 21995
2020-06-22 14:22:53,089 [myid:] - INFO  [main:FourLetterWordMain@99] - using secure socket
2020-06-22 14:22:53,102 [myid:] - ERROR [main:ZKTrustManager@161] - Failed to verify host address: 127.0.0.1
javax.net.ssl.SSLPeerUnverifiedException: Certificate for <127.0.0.1> doesn't match common name of the certificate subject: localhost
	at org.apache.zookeeper.common.ZKHostnameVerifier.matchCN(ZKHostnameVerifier.java:238)
	at org.apache.zookeeper.common.ZKHostnameVerifier.verify(ZKHostnameVerifier.java:184)
	at org.apache.zookeeper.common.ZKTrustManager.performHostVerification(ZKTrustManager.java:151)
	at org.apache.zookeeper.common.ZKTrustManager.checkServerTrusted(ZKTrustManager.java:90)
	at sun.security.ssl.ClientHandshaker.serverCertificate(ClientHandshaker.java:1670)
	at sun.security.ssl.ClientHandshaker.processMessage(ClientHandshaker.java:226)
	at sun.security.ssl.Handshaker.processLoop(Handshaker.java:1082)
	at sun.security.ssl.Handshaker.process_record(Handshaker.java:1010)
	at sun.security.ssl.SSLSocketImpl.readRecord(SSLSocketImpl.java:1079)
	at sun.security.ssl.SSLSocketImpl.performInitialHandshake(SSLSocketImpl.java:1388)
	at sun.security.ssl.SSLSocketImpl.startHandshake(SSLSocketImpl.java:1416)
	at sun.security.ssl.SSLSocketImpl.startHandshake(SSLSocketImpl.java:1400)
	at org.apache.zookeeper.client.FourLetterWordMain.send4LetterWord(FourLetterWordMain.java:105)
	at org.apache.zookeeper.client.FourLetterWordMain.send4LetterWord(FourLetterWordMain.java:73)
	at org.apache.zookeeper.test.ClientBase.waitForServerUp(ClientBase.java:261)
	at org.apache.zookeeper.test.ClientBase.startServerInstance(ClientBase.java:401)
	at org.apache.zookeeper.test.ClientBase.startServer(ClientBase.java:516)
	at org.apache.zookeeper.test.ClientBase.setUpWithServerId(ClientBase.java:499)
	at org.apache.zookeeper.test.ClientBase.setUp(ClientBase.java:474)
	at org.apache.zookeeper.test.SaslDigestAuthOverSSLTest.setUp(SaslDigestAuthOverSSLTest.java:62)
	at sun.reflect.NativeMethodAccessorImpl.invoke0(Native Method)
	at sun.reflect.NativeMethodAccessorImpl.invoke(NativeMethodAccessorImpl.java:62)
	at sun.reflect.DelegatingMethodAccessorImpl.invoke(DelegatingMethodAccessorImpl.java:43)
	at java.lang.reflect.Method.invoke(Method.java:498)
	at org.junit.runners.model.FrameworkMethod$1.runReflectiveCall(FrameworkMethod.java:50)
	at org.junit.internal.runners.model.ReflectiveCallable.run(ReflectiveCallable.java:12)
	at org.junit.runners.model.FrameworkMethod.invokeExplosively(FrameworkMethod.java:47)
	at mockit.integration.junit4.JUnit4TestRunnerDecorator.invokeExplosively(JUnit4TestRunnerDecorator.java:49)
	at mockit.integration.junit4.FakeFrameworkMethod.invokeExplosively(FakeFrameworkMethod.java:29)
	at org.junit.runners.model.FrameworkMethod.invokeExplosively(FrameworkMethod.java)
	at org.junit.internal.runners.statements.RunBefores.evaluate(RunBefores.java:24)
	at org.junit.internal.runners.statements.RunAfters.evaluate(RunAfters.java:27)
	at org.junit.rules.TestWatcher$1.evaluate(TestWatcher.java:55)
	at org.junit.rules.RunRules.evaluate(RunRules.java:20)
	at org.junit.runners.ParentRunner.runLeaf(ParentRunner.java:325)
	at org.junit.runners.BlockJUnit4ClassRunner.runChild(BlockJUnit4ClassRunner.java:78)
	at org.junit.runners.BlockJUnit4ClassRunner.runChild(BlockJUnit4ClassRunner.java:57)
	at org.junit.runners.ParentRunner$3.run(ParentRunner.java:290)
	at org.junit.runners.ParentRunner$1.schedule(ParentRunner.java:71)
	at org.junit.runners.ParentRunner.runChildren(ParentRunner.java:288)
	at org.junit.runners.ParentRunner.access$000(ParentRunner.java:58)
	at org.junit.runners.ParentRunner$2.evaluate(ParentRunner.java:268)
	at org.junit.internal.runners.statements.RunBefores.evaluate(RunBefores.java:26)
	at org.junit.runners.ParentRunner.run(ParentRunner.java:363)
	at org.apache.maven.surefire.junit4.JUnit4Provider.execute(JUnit4Provider.java:365)
	at org.apache.maven.surefire.junit4.JUnit4Provider.executeWithRerun(JUnit4Provider.java:273)
	at org.apache.maven.surefire.junit4.JUnit4Provider.executeTestSet(JUnit4Provider.java:238)
	at org.apache.maven.surefire.junit4.JUnit4Provider.invoke(JUnit4Provider.java:159)
	at org.apache.maven.surefire.booter.ForkedBooter.invokeProviderInSameClassLoader(ForkedBooter.java:384)
	at org.apache.maven.surefire.booter.ForkedBooter.runSuitesInProcess(ForkedBooter.java:345)
	at org.apache.maven.surefire.booter.ForkedBooter.execute(ForkedBooter.java:126)
	at org.apache.maven.surefire.booter.ForkedBooter.main(ForkedBooter.java:418)
2020-06-22 14:22:53,102 [myid:] - ERROR [main:ZKTrustManager@162] - Failed to verify hostname: activate.navicat.com
javax.net.ssl.SSLPeerUnverifiedException: Certificate for <activate.navicat.com> doesn't match common name of the certificate subject: localhost
	at org.apache.zookeeper.common.ZKHostnameVerifier.matchCN(ZKHostnameVerifier.java:238)
	at org.apache.zookeeper.common.ZKHostnameVerifier.verify(ZKHostnameVerifier.java:184)
	at org.apache.zookeeper.common.ZKTrustManager.performHostVerification(ZKTrustManager.java:159)
	at org.apache.zookeeper.common.ZKTrustManager.checkServerTrusted(ZKTrustManager.java:90)
	at sun.security.ssl.ClientHandshaker.serverCertificate(ClientHandshaker.java:1670)
	at sun.security.ssl.ClientHandshaker.processMessage(ClientHandshaker.java:226)
	at sun.security.ssl.Handshaker.processLoop(Handshaker.java:1082)
	at sun.security.ssl.Handshaker.process_record(Handshaker.java:1010)
	at sun.security.ssl.SSLSocketImpl.readRecord(SSLSocketImpl.java:1079)
	at sun.security.ssl.SSLSocketImpl.performInitialHandshake(SSLSocketImpl.java:1388)
	at sun.security.ssl.SSLSocketImpl.startHandshake(SSLSocketImpl.java:1416)
	at sun.security.ssl.SSLSocketImpl.startHandshake(SSLSocketImpl.java:1400)
	at org.apache.zookeeper.client.FourLetterWordMain.send4LetterWord(FourLetterWordMain.java:105)
	at org.apache.zookeeper.client.FourLetterWordMain.send4LetterWord(FourLetterWordMain.java:73)
	at org.apache.zookeeper.test.ClientBase.waitForServerUp(ClientBase.java:261)
	at org.apache.zookeeper.test.ClientBase.startServerInstance(ClientBase.java:401)
	at org.apache.zookeeper.test.ClientBase.startServer(ClientBase.java:516)
	at org.apache.zookeeper.test.ClientBase.setUpWithServerId(ClientBase.java:499)
	at org.apache.zookeeper.test.ClientBase.setUp(ClientBase.java:474)
	at org.apache.zookeeper.test.SaslDigestAuthOverSSLTest.setUp(SaslDigestAuthOverSSLTest.java:62)
	at sun.reflect.NativeMethodAccessorImpl.invoke0(Native Method)
	at sun.reflect.NativeMethodAccessorImpl.invoke(NativeMethodAccessorImpl.java:62)
	at sun.reflect.DelegatingMethodAccessorImpl.invoke(DelegatingMethodAccessorImpl.java:43)
	at java.lang.reflect.Method.invoke(Method.java:498)
	at org.junit.runners.model.FrameworkMethod$1.runReflectiveCall(FrameworkMethod.java:50)
	at org.junit.internal.runners.model.ReflectiveCallable.run(ReflectiveCallable.java:12)
	at org.junit.runners.model.FrameworkMethod.invokeExplosively(FrameworkMethod.java:47)
	at mockit.integration.junit4.JUnit4TestRunnerDecorator.invokeExplosively(JUnit4TestRunnerDecorator.java:49)
	at mockit.integration.junit4.FakeFrameworkMethod.invokeExplosively(FakeFrameworkMethod.java:29)
	at org.junit.runners.model.FrameworkMethod.invokeExplosively(FrameworkMethod.java)
	at org.junit.internal.runners.statements.RunBefores.evaluate(RunBefores.java:24)
	at org.junit.internal.runners.statements.RunAfters.evaluate(RunAfters.java:27)
	at org.junit.rules.TestWatcher$1.evaluate(TestWatcher.java:55)
	at org.junit.rules.RunRules.evaluate(RunRules.java:20)
	at org.junit.runners.ParentRunner.runLeaf(ParentRunner.java:325)
	at org.junit.runners.BlockJUnit4ClassRunner.runChild(BlockJUnit4ClassRunner.java:78)
	at org.junit.runners.BlockJUnit4ClassRunner.runChild(BlockJUnit4ClassRunner.java:57)
	at org.junit.runners.ParentRunner$3.run(ParentRunner.java:290)
	at org.junit.runners.ParentRunner$1.schedule(ParentRunner.java:71)
	at org.junit.runners.ParentRunner.runChildren(ParentRunner.java:288)
	at org.junit.runners.ParentRunner.access$000(ParentRunner.java:58)
	at org.junit.runners.ParentRunner$2.evaluate(ParentRunner.java:268)
	at org.junit.internal.runners.statements.RunBefores.evaluate(RunBefores.java:26)
	at org.junit.runners.ParentRunner.run(ParentRunner.java:363)
	at org.apache.maven.surefire.junit4.JUnit4Provider.execute(JUnit4Provider.java:365)
	at org.apache.maven.surefire.junit4.JUnit4Provider.executeWithRerun(JUnit4Provider.java:273)
	at org.apache.maven.surefire.junit4.JUnit4Provider.executeTestSet(JUnit4Provider.java:238)
	at org.apache.maven.surefire.junit4.JUnit4Provider.invoke(JUnit4Provider.java:159)
	at org.apache.maven.surefire.booter.ForkedBooter.invokeProviderInSameClassLoader(ForkedBooter.java:384)
	at org.apache.maven.surefire.booter.ForkedBooter.runSuitesInProcess(ForkedBooter.java:345)
	at org.apache.maven.surefire.booter.ForkedBooter.execute(ForkedBooter.java:126)
	at org.apache.maven.surefire.booter.ForkedBooter.main(ForkedBooter.java:418)
2020-06-22 14:22:53,103 [myid:] - INFO  [main:ClientBase@270] - server 127.0.0.1:21995 not up
javax.net.ssl.SSLHandshakeException: java.security.cert.CertificateException: Failed to verify both host address and host name
	at sun.security.ssl.Alerts.getSSLException(Alerts.java:198)
	at sun.security.ssl.SSLSocketImpl.fatal(SSLSocketImpl.java:1967)
	at sun.security.ssl.Handshaker.fatalSE(Handshaker.java:331)
	at sun.security.ssl.Handshaker.fatalSE(Handshaker.java:325)
	at sun.security.ssl.ClientHandshaker.serverCertificate(ClientHandshaker.java:1688)
	at sun.security.ssl.ClientHandshaker.processMessage(ClientHandshaker.java:226)
	at sun.security.ssl.Handshaker.processLoop(Handshaker.java:1082)
	at sun.security.ssl.Handshaker.process_record(Handshaker.java:1010)
	at sun.security.ssl.SSLSocketImpl.readRecord(SSLSocketImpl.java:1079)
	at sun.security.ssl.SSLSocketImpl.performInitialHandshake(SSLSocketImpl.java:1388)
	at sun.security.ssl.SSLSocketImpl.startHandshake(SSLSocketImpl.java:1416)
	at sun.security.ssl.SSLSocketImpl.startHandshake(SSLSocketImpl.java:1400)
	at org.apache.zookeeper.client.FourLetterWordMain.send4LetterWord(FourLetterWordMain.java:105)
	at org.apache.zookeeper.client.FourLetterWordMain.send4LetterWord(FourLetterWordMain.java:73)
	at org.apache.zookeeper.test.ClientBase.waitForServerUp(ClientBase.java:261)
	at org.apache.zookeeper.test.ClientBase.startServerInstance(ClientBase.java:401)
	at org.apache.zookeeper.test.ClientBase.startServer(ClientBase.java:516)
	at org.apache.zookeeper.test.ClientBase.setUpWithServerId(ClientBase.java:499)
	at org.apache.zookeeper.test.ClientBase.setUp(ClientBase.java:474)
	at org.apache.zookeeper.test.SaslDigestAuthOverSSLTest.setUp(SaslDigestAuthOverSSLTest.java:62)
	at sun.reflect.NativeMethodAccessorImpl.invoke0(Native Method)
	at sun.reflect.NativeMethodAccessorImpl.invoke(NativeMethodAccessorImpl.java:62)
	at sun.reflect.DelegatingMethodAccessorImpl.invoke(DelegatingMethodAccessorImpl.java:43)
	at java.lang.reflect.Method.invoke(Method.java:498)
	at org.junit.runners.model.FrameworkMethod$1.runReflectiveCall(FrameworkMethod.java:50)
	at org.junit.internal.runners.model.ReflectiveCallable.run(ReflectiveCallable.java:12)
	at org.junit.runners.model.FrameworkMethod.invokeExplosively(FrameworkMethod.java:47)
	at mockit.integration.junit4.JUnit4TestRunnerDecorator.invokeExplosively(JUnit4TestRunnerDecorator.java:49)
	at mockit.integration.junit4.FakeFrameworkMethod.invokeExplosively(FakeFrameworkMethod.java:29)
	at org.junit.runners.model.FrameworkMethod.invokeExplosively(FrameworkMethod.java)
	at org.junit.internal.runners.statements.RunBefores.evaluate(RunBefores.java:24)
	at org.junit.internal.runners.statements.RunAfters.evaluate(RunAfters.java:27)
	at org.junit.rules.TestWatcher$1.evaluate(TestWatcher.java:55)
	at org.junit.rules.RunRules.evaluate(RunRules.java:20)
	at org.junit.runners.ParentRunner.runLeaf(ParentRunner.java:325)
	at org.junit.runners.BlockJUnit4ClassRunner.runChild(BlockJUnit4ClassRunner.java:78)
	at org.junit.runners.BlockJUnit4ClassRunner.runChild(BlockJUnit4ClassRunner.java:57)
	at org.junit.runners.ParentRunner$3.run(ParentRunner.java:290)
	at org.junit.runners.ParentRunner$1.schedule(ParentRunner.java:71)
	at org.junit.runners.ParentRunner.runChildren(ParentRunner.java:288)
	at org.junit.runners.ParentRunner.access$000(ParentRunner.java:58)
	at org.junit.runners.ParentRunner$2.evaluate(ParentRunner.java:268)
	at org.junit.internal.runners.statements.RunBefores.evaluate(RunBefores.java:26)
	at org.junit.runners.ParentRunner.run(ParentRunner.java:363)
	at org.apache.maven.surefire.junit4.JUnit4Provider.execute(JUnit4Provider.java:365)
	at org.apache.maven.surefire.junit4.JUnit4Provider.executeWithRerun(JUnit4Provider.java:273)
	at org.apache.maven.surefire.junit4.JUnit4Provider.executeTestSet(JUnit4Provider.java:238)
	at org.apache.maven.surefire.junit4.JUnit4Provider.invoke(JUnit4Provider.java:159)
	at org.apache.maven.surefire.booter.ForkedBooter.invokeProviderInSameClassLoader(ForkedBooter.java:384)
	at org.apache.maven.surefire.booter.ForkedBooter.runSuitesInProcess(ForkedBooter.java:345)
	at org.apache.maven.surefire.booter.ForkedBooter.execute(ForkedBooter.java:126)
	at org.apache.maven.surefire.booter.ForkedBooter.main(ForkedBooter.java:418)
Caused by: java.security.cert.CertificateException: Failed to verify both host address and host name
	at org.apache.zookeeper.common.ZKTrustManager.performHostVerification(ZKTrustManager.java:163)
	at org.apache.zookeeper.common.ZKTrustManager.checkServerTrusted(ZKTrustManager.java:90)
	at sun.security.ssl.ClientHandshaker.serverCertificate(ClientHandshaker.java:1670)
	... 47 more
Caused by: javax.net.ssl.SSLPeerUnverifiedException: Certificate for <activate.navicat.com> doesn't match common name of the certificate subject: localhost
	at org.apache.zookeeper.common.ZKHostnameVerifier.matchCN(ZKHostnameVerifier.java:238)
	at org.apache.zookeeper.common.ZKHostnameVerifier.verify(ZKHostnameVerifier.java:184)
	at org.apache.zookeeper.common.ZKTrustManager.performHostVerification(ZKTrustManager.java:159)
	... 49 more
2020-06-22 14:22:53,103 [myid:] - ERROR [nioEventLoopGroup-4-11:NettyServerCnxnFactory$CertificateVerifier@434] - Unsuccessful handshake with session 0x0
2020-06-22 14:22:53,104 [myid:] - WARN  [nioEventLoopGroup-4-11:NettyServerCnxnFactory$CnxnChannelHandler@273] - Exception caught
io.netty.handler.codec.DecoderException: javax.net.ssl.SSLException: Received fatal alert: certificate_unknown
	at io.netty.handler.codec.ByteToMessageDecoder.callDecode(ByteToMessageDecoder.java:468)
	at io.netty.handler.codec.ByteToMessageDecoder.channelRead(ByteToMessageDecoder.java:276)
	at io.netty.channel.AbstractChannelHandlerContext.invokeChannelRead(AbstractChannelHandlerContext.java:379)
	at io.netty.channel.AbstractChannelHandlerContext.invokeChannelRead(AbstractChannelHandlerContext.java:365)
	at io.netty.channel.AbstractChannelHandlerContext.fireChannelRead(AbstractChannelHandlerContext.java:357)
	at io.netty.channel.DefaultChannelPipeline$HeadContext.channelRead(DefaultChannelPipeline.java:1410)
	at io.netty.channel.AbstractChannelHandlerContext.invokeChannelRead(AbstractChannelHandlerContext.java:379)
	at io.netty.channel.AbstractChannelHandlerContext.invokeChannelRead(AbstractChannelHandlerContext.java:365)
	at io.netty.channel.DefaultChannelPipeline.fireChannelRead(DefaultChannelPipeline.java:919)
	at io.netty.channel.nio.AbstractNioByteChannel$NioByteUnsafe.read(AbstractNioByteChannel.java:163)
	at io.netty.channel.nio.NioEventLoop.processSelectedKey(NioEventLoop.java:714)
	at io.netty.channel.nio.NioEventLoop.processSelectedKeysOptimized(NioEventLoop.java:650)
	at io.netty.channel.nio.NioEventLoop.processSelectedKeys(NioEventLoop.java:576)
	at io.netty.channel.nio.NioEventLoop.run(NioEventLoop.java:493)
	at io.netty.util.concurrent.SingleThreadEventExecutor$4.run(SingleThreadEventExecutor.java:989)
	at io.netty.util.internal.ThreadExecutorMap$2.run(ThreadExecutorMap.java:74)
	at io.netty.util.concurrent.FastThreadLocalRunnable.run(FastThreadLocalRunnable.java:30)
	at java.lang.Thread.run(Thread.java:748)
Caused by: javax.net.ssl.SSLException: Received fatal alert: certificate_unknown
	at sun.security.ssl.Alerts.getSSLException(Alerts.java:214)
	at sun.security.ssl.SSLEngineImpl.fatal(SSLEngineImpl.java:1667)
	at sun.security.ssl.SSLEngineImpl.fatal(SSLEngineImpl.java:1635)
	at sun.security.ssl.SSLEngineImpl.recvAlert(SSLEngineImpl.java:1801)
	at sun.security.ssl.SSLEngineImpl.readRecord(SSLEngineImpl.java:1090)
	at sun.security.ssl.SSLEngineImpl.readNetRecord(SSLEngineImpl.java:913)
	at sun.security.ssl.SSLEngineImpl.unwrap(SSLEngineImpl.java:783)
	at javax.net.ssl.SSLEngine.unwrap(SSLEngine.java:626)
	at io.netty.handler.ssl.SslHandler$SslEngineType$3.unwrap(SslHandler.java:281)
	at io.netty.handler.ssl.SslHandler.unwrap(SslHandler.java:1340)
	at io.netty.handler.ssl.SslHandler.decodeJdkCompatible(SslHandler.java:1235)
	at io.netty.handler.ssl.SslHandler.decode(SslHandler.java:1282)
	at io.netty.handler.codec.ByteToMessageDecoder.decodeRemovalReentryProtection(ByteToMessageDecoder.java:498)
	at io.netty.handler.codec.ByteToMessageDecoder.callDecode(ByteToMessageDecoder.java:437)
	... 17 more
2020-06-22 14:22:53,105 [myid:] - WARN  [nioEventLoopGroup-4-11:NettyServerCnxnFactory$CnxnChannelHandler@273] - Exception caught
io.netty.handler.codec.DecoderException: javax.net.ssl.SSLException: Received fatal alert: certificate_unknown
	at io.netty.handler.codec.ByteToMessageDecoder.callDecode(ByteToMessageDecoder.java:468)
	at io.netty.handler.codec.ByteToMessageDecoder.channelInputClosed(ByteToMessageDecoder.java:401)
	at io.netty.handler.codec.ByteToMessageDecoder.channelInputClosed(ByteToMessageDecoder.java:368)
	at io.netty.handler.codec.ByteToMessageDecoder.channelInactive(ByteToMessageDecoder.java:351)
	at io.netty.handler.ssl.SslHandler.channelInactive(SslHandler.java:1084)
	at io.netty.channel.AbstractChannelHandlerContext.invokeChannelInactive(AbstractChannelHandlerContext.java:262)
	at io.netty.channel.AbstractChannelHandlerContext.invokeChannelInactive(AbstractChannelHandlerContext.java:248)
	at io.netty.channel.AbstractChannelHandlerContext.fireChannelInactive(AbstractChannelHandlerContext.java:241)
	at io.netty.channel.DefaultChannelPipeline$HeadContext.channelInactive(DefaultChannelPipeline.java:1405)
	at io.netty.channel.AbstractChannelHandlerContext.invokeChannelInactive(AbstractChannelHandlerContext.java:262)
	at io.netty.channel.AbstractChannelHandlerContext.invokeChannelInactive(AbstractChannelHandlerContext.java:248)
	at io.netty.channel.DefaultChannelPipeline.fireChannelInactive(DefaultChannelPipeline.java:901)
	at io.netty.channel.AbstractChannel$AbstractUnsafe$8.run(AbstractChannel.java:818)
	at io.netty.util.concurrent.AbstractEventExecutor.safeExecute(AbstractEventExecutor.java:164)
	at io.netty.util.concurrent.SingleThreadEventExecutor.runAllTasks(SingleThreadEventExecutor.java:472)
	at io.netty.channel.nio.NioEventLoop.run(NioEventLoop.java:497)
	at io.netty.util.concurrent.SingleThreadEventExecutor$4.run(SingleThreadEventExecutor.java:989)
	at io.netty.util.internal.ThreadExecutorMap$2.run(ThreadExecutorMap.java:74)
	at io.netty.util.concurrent.FastThreadLocalRunnable.run(FastThreadLocalRunnable.java:30)
	at java.lang.Thread.run(Thread.java:748)
Caused by: javax.net.ssl.SSLException: Received fatal alert: certificate_unknown
	at sun.security.ssl.Alerts.getSSLException(Alerts.java:214)
	at sun.security.ssl.SSLEngineImpl.fatal(SSLEngineImpl.java:1667)
	at sun.security.ssl.SSLEngineImpl.fatal(SSLEngineImpl.java:1635)
	at sun.security.ssl.SSLEngineImpl.recvAlert(SSLEngineImpl.java:1801)
	at sun.security.ssl.SSLEngineImpl.readRecord(SSLEngineImpl.java:1090)
	at sun.security.ssl.SSLEngineImpl.readNetRecord(SSLEngineImpl.java:913)
	at sun.security.ssl.SSLEngineImpl.unwrap(SSLEngineImpl.java:783)
	at javax.net.ssl.SSLEngine.unwrap(SSLEngine.java:626)
	at io.netty.handler.ssl.SslHandler$SslEngineType$3.unwrap(SslHandler.java:281)
	at io.netty.handler.ssl.SslHandler.unwrap(SslHandler.java:1340)
	at io.netty.handler.ssl.SslHandler.decodeJdkCompatible(SslHandler.java:1235)
	at io.netty.handler.ssl.SslHandler.decode(SslHandler.java:1282)
	at io.netty.handler.codec.ByteToMessageDecoder.decodeRemovalReentryProtection(ByteToMessageDecoder.java:498)
	at io.netty.handler.codec.ByteToMessageDecoder.callDecode(ByteToMessageDecoder.java:437)
	... 19 more
2020-06-22 14:22:53,355 [myid:] - INFO  [main:FourLetterWordMain@93] - connecting to 127.0.0.1 21995
2020-06-22 14:22:53,355 [myid:] - INFO  [main:FourLetterWordMain@99] - using secure socket
2020-06-22 14:22:53,370 [myid:] - ERROR [main:ZKTrustManager@161] - Failed to verify host address: 127.0.0.1
javax.net.ssl.SSLPeerUnverifiedException: Certificate for <127.0.0.1> doesn't match common name of the certificate subject: localhost
	at org.apache.zookeeper.common.ZKHostnameVerifier.matchCN(ZKHostnameVerifier.java:238)
	at org.apache.zookeeper.common.ZKHostnameVerifier.verify(ZKHostnameVerifier.java:184)
	at org.apache.zookeeper.common.ZKTrustManager.performHostVerification(ZKTrustManager.java:151)
	at org.apache.zookeeper.common.ZKTrustManager.checkServerTrusted(ZKTrustManager.java:90)
	at sun.security.ssl.ClientHandshaker.serverCertificate(ClientHandshaker.java:1670)
	at sun.security.ssl.ClientHandshaker.processMessage(ClientHandshaker.java:226)
	at sun.security.ssl.Handshaker.processLoop(Handshaker.java:1082)
	at sun.security.ssl.Handshaker.process_record(Handshaker.java:1010)
	at sun.security.ssl.SSLSocketImpl.readRecord(SSLSocketImpl.java:1079)
	at sun.security.ssl.SSLSocketImpl.performInitialHandshake(SSLSocketImpl.java:1388)
	at sun.security.ssl.SSLSocketImpl.startHandshake(SSLSocketImpl.java:1416)
	at sun.security.ssl.SSLSocketImpl.startHandshake(SSLSocketImpl.java:1400)
	at org.apache.zookeeper.client.FourLetterWordMain.send4LetterWord(FourLetterWordMain.java:105)
	at org.apache.zookeeper.client.FourLetterWordMain.send4LetterWord(FourLetterWordMain.java:73)
	at org.apache.zookeeper.test.ClientBase.waitForServerUp(ClientBase.java:261)
	at org.apache.zookeeper.test.ClientBase.startServerInstance(ClientBase.java:401)
	at org.apache.zookeeper.test.ClientBase.startServer(ClientBase.java:516)
	at org.apache.zookeeper.test.ClientBase.setUpWithServerId(ClientBase.java:499)
	at org.apache.zookeeper.test.ClientBase.setUp(ClientBase.java:474)
	at org.apache.zookeeper.test.SaslDigestAuthOverSSLTest.setUp(SaslDigestAuthOverSSLTest.java:62)
	at sun.reflect.NativeMethodAccessorImpl.invoke0(Native Method)
	at sun.reflect.NativeMethodAccessorImpl.invoke(NativeMethodAccessorImpl.java:62)
	at sun.reflect.DelegatingMethodAccessorImpl.invoke(DelegatingMethodAccessorImpl.java:43)
	at java.lang.reflect.Method.invoke(Method.java:498)
	at org.junit.runners.model.FrameworkMethod$1.runReflectiveCall(FrameworkMethod.java:50)
	at org.junit.internal.runners.model.ReflectiveCallable.run(ReflectiveCallable.java:12)
	at org.junit.runners.model.FrameworkMethod.invokeExplosively(FrameworkMethod.java:47)
	at mockit.integration.junit4.JUnit4TestRunnerDecorator.invokeExplosively(JUnit4TestRunnerDecorator.java:49)
	at mockit.integration.junit4.FakeFrameworkMethod.invokeExplosively(FakeFrameworkMethod.java:29)
	at org.junit.runners.model.FrameworkMethod.invokeExplosively(FrameworkMethod.java)
	at org.junit.internal.runners.statements.RunBefores.evaluate(RunBefores.java:24)
	at org.junit.internal.runners.statements.RunAfters.evaluate(RunAfters.java:27)
	at org.junit.rules.TestWatcher$1.evaluate(TestWatcher.java:55)
	at org.junit.rules.RunRules.evaluate(RunRules.java:20)
	at org.junit.runners.ParentRunner.runLeaf(ParentRunner.java:325)
	at org.junit.runners.BlockJUnit4ClassRunner.runChild(BlockJUnit4ClassRunner.java:78)
	at org.junit.runners.BlockJUnit4ClassRunner.runChild(BlockJUnit4ClassRunner.java:57)
	at org.junit.runners.ParentRunner$3.run(ParentRunner.java:290)
	at org.junit.runners.ParentRunner$1.schedule(ParentRunner.java:71)
	at org.junit.runners.ParentRunner.runChildren(ParentRunner.java:288)
	at org.junit.runners.ParentRunner.access$000(ParentRunner.java:58)
	at org.junit.runners.ParentRunner$2.evaluate(ParentRunner.java:268)
	at org.junit.internal.runners.statements.RunBefores.evaluate(RunBefores.java:26)
	at org.junit.runners.ParentRunner.run(ParentRunner.java:363)
	at org.apache.maven.surefire.junit4.JUnit4Provider.execute(JUnit4Provider.java:365)
	at org.apache.maven.surefire.junit4.JUnit4Provider.executeWithRerun(JUnit4Provider.java:273)
	at org.apache.maven.surefire.junit4.JUnit4Provider.executeTestSet(JUnit4Provider.java:238)
	at org.apache.maven.surefire.junit4.JUnit4Provider.invoke(JUnit4Provider.java:159)
	at org.apache.maven.surefire.booter.ForkedBooter.invokeProviderInSameClassLoader(ForkedBooter.java:384)
	at org.apache.maven.surefire.booter.ForkedBooter.runSuitesInProcess(ForkedBooter.java:345)
	at org.apache.maven.surefire.booter.ForkedBooter.execute(ForkedBooter.java:126)
	at org.apache.maven.surefire.booter.ForkedBooter.main(ForkedBooter.java:418)
2020-06-22 14:22:53,370 [myid:] - ERROR [main:ZKTrustManager@162] - Failed to verify hostname: activate.navicat.com
javax.net.ssl.SSLPeerUnverifiedException: Certificate for <activate.navicat.com> doesn't match common name of the certificate subject: localhost
	at org.apache.zookeeper.common.ZKHostnameVerifier.matchCN(ZKHostnameVerifier.java:238)
	at org.apache.zookeeper.common.ZKHostnameVerifier.verify(ZKHostnameVerifier.java:184)
	at org.apache.zookeeper.common.ZKTrustManager.performHostVerification(ZKTrustManager.java:159)
	at org.apache.zookeeper.common.ZKTrustManager.checkServerTrusted(ZKTrustManager.java:90)
	at sun.security.ssl.ClientHandshaker.serverCertificate(ClientHandshaker.java:1670)
	at sun.security.ssl.ClientHandshaker.processMessage(ClientHandshaker.java:226)
	at sun.security.ssl.Handshaker.processLoop(Handshaker.java:1082)
	at sun.security.ssl.Handshaker.process_record(Handshaker.java:1010)
	at sun.security.ssl.SSLSocketImpl.readRecord(SSLSocketImpl.java:1079)
	at sun.security.ssl.SSLSocketImpl.performInitialHandshake(SSLSocketImpl.java:1388)
	at sun.security.ssl.SSLSocketImpl.startHandshake(SSLSocketImpl.java:1416)
	at sun.security.ssl.SSLSocketImpl.startHandshake(SSLSocketImpl.java:1400)
	at org.apache.zookeeper.client.FourLetterWordMain.send4LetterWord(FourLetterWordMain.java:105)
	at org.apache.zookeeper.client.FourLetterWordMain.send4LetterWord(FourLetterWordMain.java:73)
	at org.apache.zookeeper.test.ClientBase.waitForServerUp(ClientBase.java:261)
	at org.apache.zookeeper.test.ClientBase.startServerInstance(ClientBase.java:401)
	at org.apache.zookeeper.test.ClientBase.startServer(ClientBase.java:516)
	at org.apache.zookeeper.test.ClientBase.setUpWithServerId(ClientBase.java:499)
	at org.apache.zookeeper.test.ClientBase.setUp(ClientBase.java:474)
	at org.apache.zookeeper.test.SaslDigestAuthOverSSLTest.setUp(SaslDigestAuthOverSSLTest.java:62)
	at sun.reflect.NativeMethodAccessorImpl.invoke0(Native Method)
	at sun.reflect.NativeMethodAccessorImpl.invoke(NativeMethodAccessorImpl.java:62)
	at sun.reflect.DelegatingMethodAccessorImpl.invoke(DelegatingMethodAccessorImpl.java:43)
	at java.lang.reflect.Method.invoke(Method.java:498)
	at org.junit.runners.model.FrameworkMethod$1.runReflectiveCall(FrameworkMethod.java:50)
	at org.junit.internal.runners.model.ReflectiveCallable.run(ReflectiveCallable.java:12)
	at org.junit.runners.model.FrameworkMethod.invokeExplosively(FrameworkMethod.java:47)
	at mockit.integration.junit4.JUnit4TestRunnerDecorator.invokeExplosively(JUnit4TestRunnerDecorator.java:49)
	at mockit.integration.junit4.FakeFrameworkMethod.invokeExplosively(FakeFrameworkMethod.java:29)
	at org.junit.runners.model.FrameworkMethod.invokeExplosively(FrameworkMethod.java)
	at org.junit.internal.runners.statements.RunBefores.evaluate(RunBefores.java:24)
	at org.junit.internal.runners.statements.RunAfters.evaluate(RunAfters.java:27)
	at org.junit.rules.TestWatcher$1.evaluate(TestWatcher.java:55)
	at org.junit.rules.RunRules.evaluate(RunRules.java:20)
	at org.junit.runners.ParentRunner.runLeaf(ParentRunner.java:325)
	at org.junit.runners.BlockJUnit4ClassRunner.runChild(BlockJUnit4ClassRunner.java:78)
	at org.junit.runners.BlockJUnit4ClassRunner.runChild(BlockJUnit4ClassRunner.java:57)
	at org.junit.runners.ParentRunner$3.run(ParentRunner.java:290)
	at org.junit.runners.ParentRunner$1.schedule(ParentRunner.java:71)
	at org.junit.runners.ParentRunner.runChildren(ParentRunner.java:288)
	at org.junit.runners.ParentRunner.access$000(ParentRunner.java:58)
	at org.junit.runners.ParentRunner$2.evaluate(ParentRunner.java:268)
	at org.junit.internal.runners.statements.RunBefores.evaluate(RunBefores.java:26)
	at org.junit.runners.ParentRunner.run(ParentRunner.java:363)
	at org.apache.maven.surefire.junit4.JUnit4Provider.execute(JUnit4Provider.java:365)
	at org.apache.maven.surefire.junit4.JUnit4Provider.executeWithRerun(JUnit4Provider.java:273)
	at org.apache.maven.surefire.junit4.JUnit4Provider.executeTestSet(JUnit4Provider.java:238)
	at org.apache.maven.surefire.junit4.JUnit4Provider.invoke(JUnit4Provider.java:159)
	at org.apache.maven.surefire.booter.ForkedBooter.invokeProviderInSameClassLoader(ForkedBooter.java:384)
	at org.apache.maven.surefire.booter.ForkedBooter.runSuitesInProcess(ForkedBooter.java:345)
	at org.apache.maven.surefire.booter.ForkedBooter.execute(ForkedBooter.java:126)
	at org.apache.maven.surefire.booter.ForkedBooter.main(ForkedBooter.java:418)
2020-06-22 14:22:53,371 [myid:] - INFO  [main:ClientBase@270] - server 127.0.0.1:21995 not up
javax.net.ssl.SSLHandshakeException: java.security.cert.CertificateException: Failed to verify both host address and host name
	at sun.security.ssl.Alerts.getSSLException(Alerts.java:198)
	at sun.security.ssl.SSLSocketImpl.fatal(SSLSocketImpl.java:1967)
	at sun.security.ssl.Handshaker.fatalSE(Handshaker.java:331)
	at sun.security.ssl.Handshaker.fatalSE(Handshaker.java:325)
	at sun.security.ssl.ClientHandshaker.serverCertificate(ClientHandshaker.java:1688)
	at sun.security.ssl.ClientHandshaker.processMessage(ClientHandshaker.java:226)
	at sun.security.ssl.Handshaker.processLoop(Handshaker.java:1082)
	at sun.security.ssl.Handshaker.process_record(Handshaker.java:1010)
	at sun.security.ssl.SSLSocketImpl.readRecord(SSLSocketImpl.java:1079)
	at sun.security.ssl.SSLSocketImpl.performInitialHandshake(SSLSocketImpl.java:1388)
	at sun.security.ssl.SSLSocketImpl.startHandshake(SSLSocketImpl.java:1416)
	at sun.security.ssl.SSLSocketImpl.startHandshake(SSLSocketImpl.java:1400)
	at org.apache.zookeeper.client.FourLetterWordMain.send4LetterWord(FourLetterWordMain.java:105)
	at org.apache.zookeeper.client.FourLetterWordMain.send4LetterWord(FourLetterWordMain.java:73)
	at org.apache.zookeeper.test.ClientBase.waitForServerUp(ClientBase.java:261)
	at org.apache.zookeeper.test.ClientBase.startServerInstance(ClientBase.java:401)
	at org.apache.zookeeper.test.ClientBase.startServer(ClientBase.java:516)
	at org.apache.zookeeper.test.ClientBase.setUpWithServerId(ClientBase.java:499)
	at org.apache.zookeeper.test.ClientBase.setUp(ClientBase.java:474)
	at org.apache.zookeeper.test.SaslDigestAuthOverSSLTest.setUp(SaslDigestAuthOverSSLTest.java:62)
	at sun.reflect.NativeMethodAccessorImpl.invoke0(Native Method)
	at sun.reflect.NativeMethodAccessorImpl.invoke(NativeMethodAccessorImpl.java:62)
	at sun.reflect.DelegatingMethodAccessorImpl.invoke(DelegatingMethodAccessorImpl.java:43)
	at java.lang.reflect.Method.invoke(Method.java:498)
	at org.junit.runners.model.FrameworkMethod$1.runReflectiveCall(FrameworkMethod.java:50)
	at org.junit.internal.runners.model.ReflectiveCallable.run(ReflectiveCallable.java:12)
	at org.junit.runners.model.FrameworkMethod.invokeExplosively(FrameworkMethod.java:47)
	at mockit.integration.junit4.JUnit4TestRunnerDecorator.invokeExplosively(JUnit4TestRunnerDecorator.java:49)
	at mockit.integration.junit4.FakeFrameworkMethod.invokeExplosively(FakeFrameworkMethod.java:29)
	at org.junit.runners.model.FrameworkMethod.invokeExplosively(FrameworkMethod.java)
	at org.junit.internal.runners.statements.RunBefores.evaluate(RunBefores.java:24)
	at org.junit.internal.runners.statements.RunAfters.evaluate(RunAfters.java:27)
	at org.junit.rules.TestWatcher$1.evaluate(TestWatcher.java:55)
	at org.junit.rules.RunRules.evaluate(RunRules.java:20)
	at org.junit.runners.ParentRunner.runLeaf(ParentRunner.java:325)
	at org.junit.runners.BlockJUnit4ClassRunner.runChild(BlockJUnit4ClassRunner.java:78)
	at org.junit.runners.BlockJUnit4ClassRunner.runChild(BlockJUnit4ClassRunner.java:57)
	at org.junit.runners.ParentRunner$3.run(ParentRunner.java:290)
	at org.junit.runners.ParentRunner$1.schedule(ParentRunner.java:71)
	at org.junit.runners.ParentRunner.runChildren(ParentRunner.java:288)
	at org.junit.runners.ParentRunner.access$000(ParentRunner.java:58)
	at org.junit.runners.ParentRunner$2.evaluate(ParentRunner.java:268)
	at org.junit.internal.runners.statements.RunBefores.evaluate(RunBefores.java:26)
	at org.junit.runners.ParentRunner.run(ParentRunner.java:363)
	at org.apache.maven.surefire.junit4.JUnit4Provider.execute(JUnit4Provider.java:365)
	at org.apache.maven.surefire.junit4.JUnit4Provider.executeWithRerun(JUnit4Provider.java:273)
	at org.apache.maven.surefire.junit4.JUnit4Provider.executeTestSet(JUnit4Provider.java:238)
	at org.apache.maven.surefire.junit4.JUnit4Provider.invoke(JUnit4Provider.java:159)
	at org.apache.maven.surefire.booter.ForkedBooter.invokeProviderInSameClassLoader(ForkedBooter.java:384)
	at org.apache.maven.surefire.booter.ForkedBooter.runSuitesInProcess(ForkedBooter.java:345)
	at org.apache.maven.surefire.booter.ForkedBooter.execute(ForkedBooter.java:126)
	at org.apache.maven.surefire.booter.ForkedBooter.main(ForkedBooter.java:418)
Caused by: java.security.cert.CertificateException: Failed to verify both host address and host name
	at org.apache.zookeeper.common.ZKTrustManager.performHostVerification(ZKTrustManager.java:163)
	at org.apache.zookeeper.common.ZKTrustManager.checkServerTrusted(ZKTrustManager.java:90)
	at sun.security.ssl.ClientHandshaker.serverCertificate(ClientHandshaker.java:1670)
	... 47 more
Caused by: javax.net.ssl.SSLPeerUnverifiedException: Certificate for <activate.navicat.com> doesn't match common name of the certificate subject: localhost
	at org.apache.zookeeper.common.ZKHostnameVerifier.matchCN(ZKHostnameVerifier.java:238)
	at org.apache.zookeeper.common.ZKHostnameVerifier.verify(ZKHostnameVerifier.java:184)
	at org.apache.zookeeper.common.ZKTrustManager.performHostVerification(ZKTrustManager.java:159)
	... 49 more
2020-06-22 14:22:53,371 [myid:] - ERROR [nioEventLoopGroup-4-12:NettyServerCnxnFactory$CertificateVerifier@434] - Unsuccessful handshake with session 0x0
2020-06-22 14:22:53,373 [myid:] - WARN  [nioEventLoopGroup-4-12:NettyServerCnxnFactory$CnxnChannelHandler@273] - Exception caught
io.netty.handler.codec.DecoderException: javax.net.ssl.SSLException: Received fatal alert: certificate_unknown
	at io.netty.handler.codec.ByteToMessageDecoder.callDecode(ByteToMessageDecoder.java:468)
	at io.netty.handler.codec.ByteToMessageDecoder.channelRead(ByteToMessageDecoder.java:276)
	at io.netty.channel.AbstractChannelHandlerContext.invokeChannelRead(AbstractChannelHandlerContext.java:379)
	at io.netty.channel.AbstractChannelHandlerContext.invokeChannelRead(AbstractChannelHandlerContext.java:365)
	at io.netty.channel.AbstractChannelHandlerContext.fireChannelRead(AbstractChannelHandlerContext.java:357)
	at io.netty.channel.DefaultChannelPipeline$HeadContext.channelRead(DefaultChannelPipeline.java:1410)
	at io.netty.channel.AbstractChannelHandlerContext.invokeChannelRead(AbstractChannelHandlerContext.java:379)
	at io.netty.channel.AbstractChannelHandlerContext.invokeChannelRead(AbstractChannelHandlerContext.java:365)
	at io.netty.channel.DefaultChannelPipeline.fireChannelRead(DefaultChannelPipeline.java:919)
	at io.netty.channel.nio.AbstractNioByteChannel$NioByteUnsafe.read(AbstractNioByteChannel.java:163)
	at io.netty.channel.nio.NioEventLoop.processSelectedKey(NioEventLoop.java:714)
	at io.netty.channel.nio.NioEventLoop.processSelectedKeysOptimized(NioEventLoop.java:650)
	at io.netty.channel.nio.NioEventLoop.processSelectedKeys(NioEventLoop.java:576)
	at io.netty.channel.nio.NioEventLoop.run(NioEventLoop.java:493)
	at io.netty.util.concurrent.SingleThreadEventExecutor$4.run(SingleThreadEventExecutor.java:989)
	at io.netty.util.internal.ThreadExecutorMap$2.run(ThreadExecutorMap.java:74)
	at io.netty.util.concurrent.FastThreadLocalRunnable.run(FastThreadLocalRunnable.java:30)
	at java.lang.Thread.run(Thread.java:748)
Caused by: javax.net.ssl.SSLException: Received fatal alert: certificate_unknown
	at sun.security.ssl.Alerts.getSSLException(Alerts.java:214)
	at sun.security.ssl.SSLEngineImpl.fatal(SSLEngineImpl.java:1667)
	at sun.security.ssl.SSLEngineImpl.fatal(SSLEngineImpl.java:1635)
	at sun.security.ssl.SSLEngineImpl.recvAlert(SSLEngineImpl.java:1801)
	at sun.security.ssl.SSLEngineImpl.readRecord(SSLEngineImpl.java:1090)
	at sun.security.ssl.SSLEngineImpl.readNetRecord(SSLEngineImpl.java:913)
	at sun.security.ssl.SSLEngineImpl.unwrap(SSLEngineImpl.java:783)
	at javax.net.ssl.SSLEngine.unwrap(SSLEngine.java:626)
	at io.netty.handler.ssl.SslHandler$SslEngineType$3.unwrap(SslHandler.java:281)
	at io.netty.handler.ssl.SslHandler.unwrap(SslHandler.java:1340)
	at io.netty.handler.ssl.SslHandler.decodeJdkCompatible(SslHandler.java:1235)
	at io.netty.handler.ssl.SslHandler.decode(SslHandler.java:1282)
	at io.netty.handler.codec.ByteToMessageDecoder.decodeRemovalReentryProtection(ByteToMessageDecoder.java:498)
	at io.netty.handler.codec.ByteToMessageDecoder.callDecode(ByteToMessageDecoder.java:437)
	... 17 more
2020-06-22 14:22:53,373 [myid:] - WARN  [nioEventLoopGroup-4-12:NettyServerCnxnFactory$CnxnChannelHandler@273] - Exception caught
io.netty.handler.codec.DecoderException: javax.net.ssl.SSLException: Received fatal alert: certificate_unknown
	at io.netty.handler.codec.ByteToMessageDecoder.callDecode(ByteToMessageDecoder.java:468)
	at io.netty.handler.codec.ByteToMessageDecoder.channelInputClosed(ByteToMessageDecoder.java:401)
	at io.netty.handler.codec.ByteToMessageDecoder.channelInputClosed(ByteToMessageDecoder.java:368)
	at io.netty.handler.codec.ByteToMessageDecoder.channelInactive(ByteToMessageDecoder.java:351)
	at io.netty.handler.ssl.SslHandler.channelInactive(SslHandler.java:1084)
	at io.netty.channel.AbstractChannelHandlerContext.invokeChannelInactive(AbstractChannelHandlerContext.java:262)
	at io.netty.channel.AbstractChannelHandlerContext.invokeChannelInactive(AbstractChannelHandlerContext.java:248)
	at io.netty.channel.AbstractChannelHandlerContext.fireChannelInactive(AbstractChannelHandlerContext.java:241)
	at io.netty.channel.DefaultChannelPipeline$HeadContext.channelInactive(DefaultChannelPipeline.java:1405)
	at io.netty.channel.AbstractChannelHandlerContext.invokeChannelInactive(AbstractChannelHandlerContext.java:262)
	at io.netty.channel.AbstractChannelHandlerContext.invokeChannelInactive(AbstractChannelHandlerContext.java:248)
	at io.netty.channel.DefaultChannelPipeline.fireChannelInactive(DefaultChannelPipeline.java:901)
	at io.netty.channel.AbstractChannel$AbstractUnsafe$8.run(AbstractChannel.java:818)
	at io.netty.util.concurrent.AbstractEventExecutor.safeExecute(AbstractEventExecutor.java:164)
	at io.netty.util.concurrent.SingleThreadEventExecutor.runAllTasks(SingleThreadEventExecutor.java:472)
	at io.netty.channel.nio.NioEventLoop.run(NioEventLoop.java:497)
	at io.netty.util.concurrent.SingleThreadEventExecutor$4.run(SingleThreadEventExecutor.java:989)
	at io.netty.util.internal.ThreadExecutorMap$2.run(ThreadExecutorMap.java:74)
	at io.netty.util.concurrent.FastThreadLocalRunnable.run(FastThreadLocalRunnable.java:30)
	at java.lang.Thread.run(Thread.java:748)
Caused by: javax.net.ssl.SSLException: Received fatal alert: certificate_unknown
	at sun.security.ssl.Alerts.getSSLException(Alerts.java:214)
	at sun.security.ssl.SSLEngineImpl.fatal(SSLEngineImpl.java:1667)
	at sun.security.ssl.SSLEngineImpl.fatal(SSLEngineImpl.java:1635)
	at sun.security.ssl.SSLEngineImpl.recvAlert(SSLEngineImpl.java:1801)
	at sun.security.ssl.SSLEngineImpl.readRecord(SSLEngineImpl.java:1090)
	at sun.security.ssl.SSLEngineImpl.readNetRecord(SSLEngineImpl.java:913)
	at sun.security.ssl.SSLEngineImpl.unwrap(SSLEngineImpl.java:783)
	at javax.net.ssl.SSLEngine.unwrap(SSLEngine.java:626)
	at io.netty.handler.ssl.SslHandler$SslEngineType$3.unwrap(SslHandler.java:281)
	at io.netty.handler.ssl.SslHandler.unwrap(SslHandler.java:1340)
	at io.netty.handler.ssl.SslHandler.decodeJdkCompatible(SslHandler.java:1235)
	at io.netty.handler.ssl.SslHandler.decode(SslHandler.java:1282)
	at io.netty.handler.codec.ByteToMessageDecoder.decodeRemovalReentryProtection(ByteToMessageDecoder.java:498)
	at io.netty.handler.codec.ByteToMessageDecoder.callDecode(ByteToMessageDecoder.java:437)
	... 19 more
2020-06-22 14:22:53,622 [myid:] - INFO  [main:FourLetterWordMain@93] - connecting to 127.0.0.1 21995
2020-06-22 14:22:53,622 [myid:] - INFO  [main:FourLetterWordMain@99] - using secure socket
2020-06-22 14:22:53,636 [myid:] - ERROR [main:ZKTrustManager@161] - Failed to verify host address: 127.0.0.1
javax.net.ssl.SSLPeerUnverifiedException: Certificate for <127.0.0.1> doesn't match common name of the certificate subject: localhost
	at org.apache.zookeeper.common.ZKHostnameVerifier.matchCN(ZKHostnameVerifier.java:238)
	at org.apache.zookeeper.common.ZKHostnameVerifier.verify(ZKHostnameVerifier.java:184)
	at org.apache.zookeeper.common.ZKTrustManager.performHostVerification(ZKTrustManager.java:151)
	at org.apache.zookeeper.common.ZKTrustManager.checkServerTrusted(ZKTrustManager.java:90)
	at sun.security.ssl.ClientHandshaker.serverCertificate(ClientHandshaker.java:1670)
	at sun.security.ssl.ClientHandshaker.processMessage(ClientHandshaker.java:226)
	at sun.security.ssl.Handshaker.processLoop(Handshaker.java:1082)
	at sun.security.ssl.Handshaker.process_record(Handshaker.java:1010)
	at sun.security.ssl.SSLSocketImpl.readRecord(SSLSocketImpl.java:1079)
	at sun.security.ssl.SSLSocketImpl.performInitialHandshake(SSLSocketImpl.java:1388)
	at sun.security.ssl.SSLSocketImpl.startHandshake(SSLSocketImpl.java:1416)
	at sun.security.ssl.SSLSocketImpl.startHandshake(SSLSocketImpl.java:1400)
	at org.apache.zookeeper.client.FourLetterWordMain.send4LetterWord(FourLetterWordMain.java:105)
	at org.apache.zookeeper.client.FourLetterWordMain.send4LetterWord(FourLetterWordMain.java:73)
	at org.apache.zookeeper.test.ClientBase.waitForServerUp(ClientBase.java:261)
	at org.apache.zookeeper.test.ClientBase.startServerInstance(ClientBase.java:401)
	at org.apache.zookeeper.test.ClientBase.startServer(ClientBase.java:516)
	at org.apache.zookeeper.test.ClientBase.setUpWithServerId(ClientBase.java:499)
	at org.apache.zookeeper.test.ClientBase.setUp(ClientBase.java:474)
	at org.apache.zookeeper.test.SaslDigestAuthOverSSLTest.setUp(SaslDigestAuthOverSSLTest.java:62)
	at sun.reflect.NativeMethodAccessorImpl.invoke0(Native Method)
	at sun.reflect.NativeMethodAccessorImpl.invoke(NativeMethodAccessorImpl.java:62)
	at sun.reflect.DelegatingMethodAccessorImpl.invoke(DelegatingMethodAccessorImpl.java:43)
	at java.lang.reflect.Method.invoke(Method.java:498)
	at org.junit.runners.model.FrameworkMethod$1.runReflectiveCall(FrameworkMethod.java:50)
	at org.junit.internal.runners.model.ReflectiveCallable.run(ReflectiveCallable.java:12)
	at org.junit.runners.model.FrameworkMethod.invokeExplosively(FrameworkMethod.java:47)
	at mockit.integration.junit4.JUnit4TestRunnerDecorator.invokeExplosively(JUnit4TestRunnerDecorator.java:49)
	at mockit.integration.junit4.FakeFrameworkMethod.invokeExplosively(FakeFrameworkMethod.java:29)
	at org.junit.runners.model.FrameworkMethod.invokeExplosively(FrameworkMethod.java)
	at org.junit.internal.runners.statements.RunBefores.evaluate(RunBefores.java:24)
	at org.junit.internal.runners.statements.RunAfters.evaluate(RunAfters.java:27)
	at org.junit.rules.TestWatcher$1.evaluate(TestWatcher.java:55)
	at org.junit.rules.RunRules.evaluate(RunRules.java:20)
	at org.junit.runners.ParentRunner.runLeaf(ParentRunner.java:325)
	at org.junit.runners.BlockJUnit4ClassRunner.runChild(BlockJUnit4ClassRunner.java:78)
	at org.junit.runners.BlockJUnit4ClassRunner.runChild(BlockJUnit4ClassRunner.java:57)
	at org.junit.runners.ParentRunner$3.run(ParentRunner.java:290)
	at org.junit.runners.ParentRunner$1.schedule(ParentRunner.java:71)
	at org.junit.runners.ParentRunner.runChildren(ParentRunner.java:288)
	at org.junit.runners.ParentRunner.access$000(ParentRunner.java:58)
	at org.junit.runners.ParentRunner$2.evaluate(ParentRunner.java:268)
	at org.junit.internal.runners.statements.RunBefores.evaluate(RunBefores.java:26)
	at org.junit.runners.ParentRunner.run(ParentRunner.java:363)
	at org.apache.maven.surefire.junit4.JUnit4Provider.execute(JUnit4Provider.java:365)
	at org.apache.maven.surefire.junit4.JUnit4Provider.executeWithRerun(JUnit4Provider.java:273)
	at org.apache.maven.surefire.junit4.JUnit4Provider.executeTestSet(JUnit4Provider.java:238)
	at org.apache.maven.surefire.junit4.JUnit4Provider.invoke(JUnit4Provider.java:159)
	at org.apache.maven.surefire.booter.ForkedBooter.invokeProviderInSameClassLoader(ForkedBooter.java:384)
	at org.apache.maven.surefire.booter.ForkedBooter.runSuitesInProcess(ForkedBooter.java:345)
	at org.apache.maven.surefire.booter.ForkedBooter.execute(ForkedBooter.java:126)
	at org.apache.maven.surefire.booter.ForkedBooter.main(ForkedBooter.java:418)
2020-06-22 14:22:53,636 [myid:] - ERROR [main:ZKTrustManager@162] - Failed to verify hostname: activate.navicat.com
javax.net.ssl.SSLPeerUnverifiedException: Certificate for <activate.navicat.com> doesn't match common name of the certificate subject: localhost
	at org.apache.zookeeper.common.ZKHostnameVerifier.matchCN(ZKHostnameVerifier.java:238)
	at org.apache.zookeeper.common.ZKHostnameVerifier.verify(ZKHostnameVerifier.java:184)
	at org.apache.zookeeper.common.ZKTrustManager.performHostVerification(ZKTrustManager.java:159)
	at org.apache.zookeeper.common.ZKTrustManager.checkServerTrusted(ZKTrustManager.java:90)
	at sun.security.ssl.ClientHandshaker.serverCertificate(ClientHandshaker.java:1670)
	at sun.security.ssl.ClientHandshaker.processMessage(ClientHandshaker.java:226)
	at sun.security.ssl.Handshaker.processLoop(Handshaker.java:1082)
	at sun.security.ssl.Handshaker.process_record(Handshaker.java:1010)
	at sun.security.ssl.SSLSocketImpl.readRecord(SSLSocketImpl.java:1079)
	at sun.security.ssl.SSLSocketImpl.performInitialHandshake(SSLSocketImpl.java:1388)
	at sun.security.ssl.SSLSocketImpl.startHandshake(SSLSocketImpl.java:1416)
	at sun.security.ssl.SSLSocketImpl.startHandshake(SSLSocketImpl.java:1400)
	at org.apache.zookeeper.client.FourLetterWordMain.send4LetterWord(FourLetterWordMain.java:105)
	at org.apache.zookeeper.client.FourLetterWordMain.send4LetterWord(FourLetterWordMain.java:73)
	at org.apache.zookeeper.test.ClientBase.waitForServerUp(ClientBase.java:261)
	at org.apache.zookeeper.test.ClientBase.startServerInstance(ClientBase.java:401)
	at org.apache.zookeeper.test.ClientBase.startServer(ClientBase.java:516)
	at org.apache.zookeeper.test.ClientBase.setUpWithServerId(ClientBase.java:499)
	at org.apache.zookeeper.test.ClientBase.setUp(ClientBase.java:474)
	at org.apache.zookeeper.test.SaslDigestAuthOverSSLTest.setUp(SaslDigestAuthOverSSLTest.java:62)
	at sun.reflect.NativeMethodAccessorImpl.invoke0(Native Method)
	at sun.reflect.NativeMethodAccessorImpl.invoke(NativeMethodAccessorImpl.java:62)
	at sun.reflect.DelegatingMethodAccessorImpl.invoke(DelegatingMethodAccessorImpl.java:43)
	at java.lang.reflect.Method.invoke(Method.java:498)
	at org.junit.runners.model.FrameworkMethod$1.runReflectiveCall(FrameworkMethod.java:50)
	at org.junit.internal.runners.model.ReflectiveCallable.run(ReflectiveCallable.java:12)
	at org.junit.runners.model.FrameworkMethod.invokeExplosively(FrameworkMethod.java:47)
	at mockit.integration.junit4.JUnit4TestRunnerDecorator.invokeExplosively(JUnit4TestRunnerDecorator.java:49)
	at mockit.integration.junit4.FakeFrameworkMethod.invokeExplosively(FakeFrameworkMethod.java:29)
	at org.junit.runners.model.FrameworkMethod.invokeExplosively(FrameworkMethod.java)
	at org.junit.internal.runners.statements.RunBefores.evaluate(RunBefores.java:24)
	at org.junit.internal.runners.statements.RunAfters.evaluate(RunAfters.java:27)
	at org.junit.rules.TestWatcher$1.evaluate(TestWatcher.java:55)
	at org.junit.rules.RunRules.evaluate(RunRules.java:20)
	at org.junit.runners.ParentRunner.runLeaf(ParentRunner.java:325)
	at org.junit.runners.BlockJUnit4ClassRunner.runChild(BlockJUnit4ClassRunner.java:78)
	at org.junit.runners.BlockJUnit4ClassRunner.runChild(BlockJUnit4ClassRunner.java:57)
	at org.junit.runners.ParentRunner$3.run(ParentRunner.java:290)
	at org.junit.runners.ParentRunner$1.schedule(ParentRunner.java:71)
	at org.junit.runners.ParentRunner.runChildren(ParentRunner.java:288)
	at org.junit.runners.ParentRunner.access$000(ParentRunner.java:58)
	at org.junit.runners.ParentRunner$2.evaluate(ParentRunner.java:268)
	at org.junit.internal.runners.statements.RunBefores.evaluate(RunBefores.java:26)
	at org.junit.runners.ParentRunner.run(ParentRunner.java:363)
	at org.apache.maven.surefire.junit4.JUnit4Provider.execute(JUnit4Provider.java:365)
	at org.apache.maven.surefire.junit4.JUnit4Provider.executeWithRerun(JUnit4Provider.java:273)
	at org.apache.maven.surefire.junit4.JUnit4Provider.executeTestSet(JUnit4Provider.java:238)
	at org.apache.maven.surefire.junit4.JUnit4Provider.invoke(JUnit4Provider.java:159)
	at org.apache.maven.surefire.booter.ForkedBooter.invokeProviderInSameClassLoader(ForkedBooter.java:384)
	at org.apache.maven.surefire.booter.ForkedBooter.runSuitesInProcess(ForkedBooter.java:345)
	at org.apache.maven.surefire.booter.ForkedBooter.execute(ForkedBooter.java:126)
	at org.apache.maven.surefire.booter.ForkedBooter.main(ForkedBooter.java:418)
2020-06-22 14:22:53,637 [myid:] - INFO  [main:ClientBase@270] - server 127.0.0.1:21995 not up
javax.net.ssl.SSLHandshakeException: java.security.cert.CertificateException: Failed to verify both host address and host name
	at sun.security.ssl.Alerts.getSSLException(Alerts.java:198)
	at sun.security.ssl.SSLSocketImpl.fatal(SSLSocketImpl.java:1967)
	at sun.security.ssl.Handshaker.fatalSE(Handshaker.java:331)
	at sun.security.ssl.Handshaker.fatalSE(Handshaker.java:325)
	at sun.security.ssl.ClientHandshaker.serverCertificate(ClientHandshaker.java:1688)
	at sun.security.ssl.ClientHandshaker.processMessage(ClientHandshaker.java:226)
	at sun.security.ssl.Handshaker.processLoop(Handshaker.java:1082)
	at sun.security.ssl.Handshaker.process_record(Handshaker.java:1010)
	at sun.security.ssl.SSLSocketImpl.readRecord(SSLSocketImpl.java:1079)
	at sun.security.ssl.SSLSocketImpl.performInitialHandshake(SSLSocketImpl.java:1388)
	at sun.security.ssl.SSLSocketImpl.startHandshake(SSLSocketImpl.java:1416)
	at sun.security.ssl.SSLSocketImpl.startHandshake(SSLSocketImpl.java:1400)
	at org.apache.zookeeper.client.FourLetterWordMain.send4LetterWord(FourLetterWordMain.java:105)
	at org.apache.zookeeper.client.FourLetterWordMain.send4LetterWord(FourLetterWordMain.java:73)
	at org.apache.zookeeper.test.ClientBase.waitForServerUp(ClientBase.java:261)
	at org.apache.zookeeper.test.ClientBase.startServerInstance(ClientBase.java:401)
	at org.apache.zookeeper.test.ClientBase.startServer(ClientBase.java:516)
	at org.apache.zookeeper.test.ClientBase.setUpWithServerId(ClientBase.java:499)
	at org.apache.zookeeper.test.ClientBase.setUp(ClientBase.java:474)
	at org.apache.zookeeper.test.SaslDigestAuthOverSSLTest.setUp(SaslDigestAuthOverSSLTest.java:62)
	at sun.reflect.NativeMethodAccessorImpl.invoke0(Native Method)
	at sun.reflect.NativeMethodAccessorImpl.invoke(NativeMethodAccessorImpl.java:62)
	at sun.reflect.DelegatingMethodAccessorImpl.invoke(DelegatingMethodAccessorImpl.java:43)
	at java.lang.reflect.Method.invoke(Method.java:498)
	at org.junit.runners.model.FrameworkMethod$1.runReflectiveCall(FrameworkMethod.java:50)
	at org.junit.internal.runners.model.ReflectiveCallable.run(ReflectiveCallable.java:12)
	at org.junit.runners.model.FrameworkMethod.invokeExplosively(FrameworkMethod.java:47)
	at mockit.integration.junit4.JUnit4TestRunnerDecorator.invokeExplosively(JUnit4TestRunnerDecorator.java:49)
	at mockit.integration.junit4.FakeFrameworkMethod.invokeExplosively(FakeFrameworkMethod.java:29)
	at org.junit.runners.model.FrameworkMethod.invokeExplosively(FrameworkMethod.java)
	at org.junit.internal.runners.statements.RunBefores.evaluate(RunBefores.java:24)
	at org.junit.internal.runners.statements.RunAfters.evaluate(RunAfters.java:27)
	at org.junit.rules.TestWatcher$1.evaluate(TestWatcher.java:55)
	at org.junit.rules.RunRules.evaluate(RunRules.java:20)
	at org.junit.runners.ParentRunner.runLeaf(ParentRunner.java:325)
	at org.junit.runners.BlockJUnit4ClassRunner.runChild(BlockJUnit4ClassRunner.java:78)
	at org.junit.runners.BlockJUnit4ClassRunner.runChild(BlockJUnit4ClassRunner.java:57)
	at org.junit.runners.ParentRunner$3.run(ParentRunner.java:290)
	at org.junit.runners.ParentRunner$1.schedule(ParentRunner.java:71)
	at org.junit.runners.ParentRunner.runChildren(ParentRunner.java:288)
	at org.junit.runners.ParentRunner.access$000(ParentRunner.java:58)
	at org.junit.runners.ParentRunner$2.evaluate(ParentRunner.java:268)
	at org.junit.internal.runners.statements.RunBefores.evaluate(RunBefores.java:26)
	at org.junit.runners.ParentRunner.run(ParentRunner.java:363)
	at org.apache.maven.surefire.junit4.JUnit4Provider.execute(JUnit4Provider.java:365)
	at org.apache.maven.surefire.junit4.JUnit4Provider.executeWithRerun(JUnit4Provider.java:273)
	at org.apache.maven.surefire.junit4.JUnit4Provider.executeTestSet(JUnit4Provider.java:238)
	at org.apache.maven.surefire.junit4.JUnit4Provider.invoke(JUnit4Provider.java:159)
	at org.apache.maven.surefire.booter.ForkedBooter.invokeProviderInSameClassLoader(ForkedBooter.java:384)
	at org.apache.maven.surefire.booter.ForkedBooter.runSuitesInProcess(ForkedBooter.java:345)
	at org.apache.maven.surefire.booter.ForkedBooter.execute(ForkedBooter.java:126)
	at org.apache.maven.surefire.booter.ForkedBooter.main(ForkedBooter.java:418)
Caused by: java.security.cert.CertificateException: Failed to verify both host address and host name
	at org.apache.zookeeper.common.ZKTrustManager.performHostVerification(ZKTrustManager.java:163)
	at org.apache.zookeeper.common.ZKTrustManager.checkServerTrusted(ZKTrustManager.java:90)
	at sun.security.ssl.ClientHandshaker.serverCertificate(ClientHandshaker.java:1670)
	... 47 more
Caused by: javax.net.ssl.SSLPeerUnverifiedException: Certificate for <activate.navicat.com> doesn't match common name of the certificate subject: localhost
	at org.apache.zookeeper.common.ZKHostnameVerifier.matchCN(ZKHostnameVerifier.java:238)
	at org.apache.zookeeper.common.ZKHostnameVerifier.verify(ZKHostnameVerifier.java:184)
	at org.apache.zookeeper.common.ZKTrustManager.performHostVerification(ZKTrustManager.java:159)
	... 49 more
2020-06-22 14:22:53,637 [myid:] - ERROR [nioEventLoopGroup-4-13:NettyServerCnxnFactory$CertificateVerifier@434] - Unsuccessful handshake with session 0x0
2020-06-22 14:22:53,638 [myid:] - WARN  [nioEventLoopGroup-4-13:NettyServerCnxnFactory$CnxnChannelHandler@273] - Exception caught
io.netty.handler.codec.DecoderException: javax.net.ssl.SSLException: Received fatal alert: certificate_unknown
	at io.netty.handler.codec.ByteToMessageDecoder.callDecode(ByteToMessageDecoder.java:468)
	at io.netty.handler.codec.ByteToMessageDecoder.channelRead(ByteToMessageDecoder.java:276)
	at io.netty.channel.AbstractChannelHandlerContext.invokeChannelRead(AbstractChannelHandlerContext.java:379)
	at io.netty.channel.AbstractChannelHandlerContext.invokeChannelRead(AbstractChannelHandlerContext.java:365)
	at io.netty.channel.AbstractChannelHandlerContext.fireChannelRead(AbstractChannelHandlerContext.java:357)
	at io.netty.channel.DefaultChannelPipeline$HeadContext.channelRead(DefaultChannelPipeline.java:1410)
	at io.netty.channel.AbstractChannelHandlerContext.invokeChannelRead(AbstractChannelHandlerContext.java:379)
	at io.netty.channel.AbstractChannelHandlerContext.invokeChannelRead(AbstractChannelHandlerContext.java:365)
	at io.netty.channel.DefaultChannelPipeline.fireChannelRead(DefaultChannelPipeline.java:919)
	at io.netty.channel.nio.AbstractNioByteChannel$NioByteUnsafe.read(AbstractNioByteChannel.java:163)
	at io.netty.channel.nio.NioEventLoop.processSelectedKey(NioEventLoop.java:714)
	at io.netty.channel.nio.NioEventLoop.processSelectedKeysOptimized(NioEventLoop.java:650)
	at io.netty.channel.nio.NioEventLoop.processSelectedKeys(NioEventLoop.java:576)
	at io.netty.channel.nio.NioEventLoop.run(NioEventLoop.java:493)
	at io.netty.util.concurrent.SingleThreadEventExecutor$4.run(SingleThreadEventExecutor.java:989)
	at io.netty.util.internal.ThreadExecutorMap$2.run(ThreadExecutorMap.java:74)
	at io.netty.util.concurrent.FastThreadLocalRunnable.run(FastThreadLocalRunnable.java:30)
	at java.lang.Thread.run(Thread.java:748)
Caused by: javax.net.ssl.SSLException: Received fatal alert: certificate_unknown
	at sun.security.ssl.Alerts.getSSLException(Alerts.java:214)
	at sun.security.ssl.SSLEngineImpl.fatal(SSLEngineImpl.java:1667)
	at sun.security.ssl.SSLEngineImpl.fatal(SSLEngineImpl.java:1635)
	at sun.security.ssl.SSLEngineImpl.recvAlert(SSLEngineImpl.java:1801)
	at sun.security.ssl.SSLEngineImpl.readRecord(SSLEngineImpl.java:1090)
	at sun.security.ssl.SSLEngineImpl.readNetRecord(SSLEngineImpl.java:913)
	at sun.security.ssl.SSLEngineImpl.unwrap(SSLEngineImpl.java:783)
	at javax.net.ssl.SSLEngine.unwrap(SSLEngine.java:626)
	at io.netty.handler.ssl.SslHandler$SslEngineType$3.unwrap(SslHandler.java:281)
	at io.netty.handler.ssl.SslHandler.unwrap(SslHandler.java:1340)
	at io.netty.handler.ssl.SslHandler.decodeJdkCompatible(SslHandler.java:1235)
	at io.netty.handler.ssl.SslHandler.decode(SslHandler.java:1282)
	at io.netty.handler.codec.ByteToMessageDecoder.decodeRemovalReentryProtection(ByteToMessageDecoder.java:498)
	at io.netty.handler.codec.ByteToMessageDecoder.callDecode(ByteToMessageDecoder.java:437)
	... 17 more
2020-06-22 14:22:53,639 [myid:] - WARN  [nioEventLoopGroup-4-13:NettyServerCnxnFactory$CnxnChannelHandler@273] - Exception caught
io.netty.handler.codec.DecoderException: javax.net.ssl.SSLException: Received fatal alert: certificate_unknown
	at io.netty.handler.codec.ByteToMessageDecoder.callDecode(ByteToMessageDecoder.java:468)
	at io.netty.handler.codec.ByteToMessageDecoder.channelInputClosed(ByteToMessageDecoder.java:401)
	at io.netty.handler.codec.ByteToMessageDecoder.channelInputClosed(ByteToMessageDecoder.java:368)
	at io.netty.handler.codec.ByteToMessageDecoder.channelInactive(ByteToMessageDecoder.java:351)
	at io.netty.handler.ssl.SslHandler.channelInactive(SslHandler.java:1084)
	at io.netty.channel.AbstractChannelHandlerContext.invokeChannelInactive(AbstractChannelHandlerContext.java:262)
	at io.netty.channel.AbstractChannelHandlerContext.invokeChannelInactive(AbstractChannelHandlerContext.java:248)
	at io.netty.channel.AbstractChannelHandlerContext.fireChannelInactive(AbstractChannelHandlerContext.java:241)
	at io.netty.channel.DefaultChannelPipeline$HeadContext.channelInactive(DefaultChannelPipeline.java:1405)
	at io.netty.channel.AbstractChannelHandlerContext.invokeChannelInactive(AbstractChannelHandlerContext.java:262)
	at io.netty.channel.AbstractChannelHandlerContext.invokeChannelInactive(AbstractChannelHandlerContext.java:248)
	at io.netty.channel.DefaultChannelPipeline.fireChannelInactive(DefaultChannelPipeline.java:901)
	at io.netty.channel.AbstractChannel$AbstractUnsafe$8.run(AbstractChannel.java:818)
	at io.netty.util.concurrent.AbstractEventExecutor.safeExecute(AbstractEventExecutor.java:164)
	at io.netty.util.concurrent.SingleThreadEventExecutor.runAllTasks(SingleThreadEventExecutor.java:472)
	at io.netty.channel.nio.NioEventLoop.run(NioEventLoop.java:497)
	at io.netty.util.concurrent.SingleThreadEventExecutor$4.run(SingleThreadEventExecutor.java:989)
	at io.netty.util.internal.ThreadExecutorMap$2.run(ThreadExecutorMap.java:74)
	at io.netty.util.concurrent.FastThreadLocalRunnable.run(FastThreadLocalRunnable.java:30)
	at java.lang.Thread.run(Thread.java:748)
Caused by: javax.net.ssl.SSLException: Received fatal alert: certificate_unknown
	at sun.security.ssl.Alerts.getSSLException(Alerts.java:214)
	at sun.security.ssl.SSLEngineImpl.fatal(SSLEngineImpl.java:1667)
	at sun.security.ssl.SSLEngineImpl.fatal(SSLEngineImpl.java:1635)
	at sun.security.ssl.SSLEngineImpl.recvAlert(SSLEngineImpl.java:1801)
	at sun.security.ssl.SSLEngineImpl.readRecord(SSLEngineImpl.java:1090)
	at sun.security.ssl.SSLEngineImpl.readNetRecord(SSLEngineImpl.java:913)
	at sun.security.ssl.SSLEngineImpl.unwrap(SSLEngineImpl.java:783)
	at javax.net.ssl.SSLEngine.unwrap(SSLEngine.java:626)
	at io.netty.handler.ssl.SslHandler$SslEngineType$3.unwrap(SslHandler.java:281)
	at io.netty.handler.ssl.SslHandler.unwrap(SslHandler.java:1340)
	at io.netty.handler.ssl.SslHandler.decodeJdkCompatible(SslHandler.java:1235)
	at io.netty.handler.ssl.SslHandler.decode(SslHandler.java:1282)
	at io.netty.handler.codec.ByteToMessageDecoder.decodeRemovalReentryProtection(ByteToMessageDecoder.java:498)
	at io.netty.handler.codec.ByteToMessageDecoder.callDecode(ByteToMessageDecoder.java:437)
	... 19 more
2020-06-22 14:22:53,888 [myid:] - INFO  [main:FourLetterWordMain@93] - connecting to 127.0.0.1 21995
2020-06-22 14:22:53,888 [myid:] - INFO  [main:FourLetterWordMain@99] - using secure socket
2020-06-22 14:22:53,903 [myid:] - ERROR [main:ZKTrustManager@161] - Failed to verify host address: 127.0.0.1
javax.net.ssl.SSLPeerUnverifiedException: Certificate for <127.0.0.1> doesn't match common name of the certificate subject: localhost
	at org.apache.zookeeper.common.ZKHostnameVerifier.matchCN(ZKHostnameVerifier.java:238)
	at org.apache.zookeeper.common.ZKHostnameVerifier.verify(ZKHostnameVerifier.java:184)
	at org.apache.zookeeper.common.ZKTrustManager.performHostVerification(ZKTrustManager.java:151)
	at org.apache.zookeeper.common.ZKTrustManager.checkServerTrusted(ZKTrustManager.java:90)
	at sun.security.ssl.ClientHandshaker.serverCertificate(ClientHandshaker.java:1670)
	at sun.security.ssl.ClientHandshaker.processMessage(ClientHandshaker.java:226)
	at sun.security.ssl.Handshaker.processLoop(Handshaker.java:1082)
	at sun.security.ssl.Handshaker.process_record(Handshaker.java:1010)
	at sun.security.ssl.SSLSocketImpl.readRecord(SSLSocketImpl.java:1079)
	at sun.security.ssl.SSLSocketImpl.performInitialHandshake(SSLSocketImpl.java:1388)
	at sun.security.ssl.SSLSocketImpl.startHandshake(SSLSocketImpl.java:1416)
	at sun.security.ssl.SSLSocketImpl.startHandshake(SSLSocketImpl.java:1400)
	at org.apache.zookeeper.client.FourLetterWordMain.send4LetterWord(FourLetterWordMain.java:105)
	at org.apache.zookeeper.client.FourLetterWordMain.send4LetterWord(FourLetterWordMain.java:73)
	at org.apache.zookeeper.test.ClientBase.waitForServerUp(ClientBase.java:261)
	at org.apache.zookeeper.test.ClientBase.startServerInstance(ClientBase.java:401)
	at org.apache.zookeeper.test.ClientBase.startServer(ClientBase.java:516)
	at org.apache.zookeeper.test.ClientBase.setUpWithServerId(ClientBase.java:499)
	at org.apache.zookeeper.test.ClientBase.setUp(ClientBase.java:474)
	at org.apache.zookeeper.test.SaslDigestAuthOverSSLTest.setUp(SaslDigestAuthOverSSLTest.java:62)
	at sun.reflect.NativeMethodAccessorImpl.invoke0(Native Method)
	at sun.reflect.NativeMethodAccessorImpl.invoke(NativeMethodAccessorImpl.java:62)
	at sun.reflect.DelegatingMethodAccessorImpl.invoke(DelegatingMethodAccessorImpl.java:43)
	at java.lang.reflect.Method.invoke(Method.java:498)
	at org.junit.runners.model.FrameworkMethod$1.runReflectiveCall(FrameworkMethod.java:50)
	at org.junit.internal.runners.model.ReflectiveCallable.run(ReflectiveCallable.java:12)
	at org.junit.runners.model.FrameworkMethod.invokeExplosively(FrameworkMethod.java:47)
	at mockit.integration.junit4.JUnit4TestRunnerDecorator.invokeExplosively(JUnit4TestRunnerDecorator.java:49)
	at mockit.integration.junit4.FakeFrameworkMethod.invokeExplosively(FakeFrameworkMethod.java:29)
	at org.junit.runners.model.FrameworkMethod.invokeExplosively(FrameworkMethod.java)
	at org.junit.internal.runners.statements.RunBefores.evaluate(RunBefores.java:24)
	at org.junit.internal.runners.statements.RunAfters.evaluate(RunAfters.java:27)
	at org.junit.rules.TestWatcher$1.evaluate(TestWatcher.java:55)
	at org.junit.rules.RunRules.evaluate(RunRules.java:20)
	at org.junit.runners.ParentRunner.runLeaf(ParentRunner.java:325)
	at org.junit.runners.BlockJUnit4ClassRunner.runChild(BlockJUnit4ClassRunner.java:78)
	at org.junit.runners.BlockJUnit4ClassRunner.runChild(BlockJUnit4ClassRunner.java:57)
	at org.junit.runners.ParentRunner$3.run(ParentRunner.java:290)
	at org.junit.runners.ParentRunner$1.schedule(ParentRunner.java:71)
	at org.junit.runners.ParentRunner.runChildren(ParentRunner.java:288)
	at org.junit.runners.ParentRunner.access$000(ParentRunner.java:58)
	at org.junit.runners.ParentRunner$2.evaluate(ParentRunner.java:268)
	at org.junit.internal.runners.statements.RunBefores.evaluate(RunBefores.java:26)
	at org.junit.runners.ParentRunner.run(ParentRunner.java:363)
	at org.apache.maven.surefire.junit4.JUnit4Provider.execute(JUnit4Provider.java:365)
	at org.apache.maven.surefire.junit4.JUnit4Provider.executeWithRerun(JUnit4Provider.java:273)
	at org.apache.maven.surefire.junit4.JUnit4Provider.executeTestSet(JUnit4Provider.java:238)
	at org.apache.maven.surefire.junit4.JUnit4Provider.invoke(JUnit4Provider.java:159)
	at org.apache.maven.surefire.booter.ForkedBooter.invokeProviderInSameClassLoader(ForkedBooter.java:384)
	at org.apache.maven.surefire.booter.ForkedBooter.runSuitesInProcess(ForkedBooter.java:345)
	at org.apache.maven.surefire.booter.ForkedBooter.execute(ForkedBooter.java:126)
	at org.apache.maven.surefire.booter.ForkedBooter.main(ForkedBooter.java:418)
2020-06-22 14:22:53,903 [myid:] - ERROR [main:ZKTrustManager@162] - Failed to verify hostname: activate.navicat.com
javax.net.ssl.SSLPeerUnverifiedException: Certificate for <activate.navicat.com> doesn't match common name of the certificate subject: localhost
	at org.apache.zookeeper.common.ZKHostnameVerifier.matchCN(ZKHostnameVerifier.java:238)
	at org.apache.zookeeper.common.ZKHostnameVerifier.verify(ZKHostnameVerifier.java:184)
	at org.apache.zookeeper.common.ZKTrustManager.performHostVerification(ZKTrustManager.java:159)
	at org.apache.zookeeper.common.ZKTrustManager.checkServerTrusted(ZKTrustManager.java:90)
	at sun.security.ssl.ClientHandshaker.serverCertificate(ClientHandshaker.java:1670)
	at sun.security.ssl.ClientHandshaker.processMessage(ClientHandshaker.java:226)
	at sun.security.ssl.Handshaker.processLoop(Handshaker.java:1082)
	at sun.security.ssl.Handshaker.process_record(Handshaker.java:1010)
	at sun.security.ssl.SSLSocketImpl.readRecord(SSLSocketImpl.java:1079)
	at sun.security.ssl.SSLSocketImpl.performInitialHandshake(SSLSocketImpl.java:1388)
	at sun.security.ssl.SSLSocketImpl.startHandshake(SSLSocketImpl.java:1416)
	at sun.security.ssl.SSLSocketImpl.startHandshake(SSLSocketImpl.java:1400)
	at org.apache.zookeeper.client.FourLetterWordMain.send4LetterWord(FourLetterWordMain.java:105)
	at org.apache.zookeeper.client.FourLetterWordMain.send4LetterWord(FourLetterWordMain.java:73)
	at org.apache.zookeeper.test.ClientBase.waitForServerUp(ClientBase.java:261)
	at org.apache.zookeeper.test.ClientBase.startServerInstance(ClientBase.java:401)
	at org.apache.zookeeper.test.ClientBase.startServer(ClientBase.java:516)
	at org.apache.zookeeper.test.ClientBase.setUpWithServerId(ClientBase.java:499)
	at org.apache.zookeeper.test.ClientBase.setUp(ClientBase.java:474)
	at org.apache.zookeeper.test.SaslDigestAuthOverSSLTest.setUp(SaslDigestAuthOverSSLTest.java:62)
	at sun.reflect.NativeMethodAccessorImpl.invoke0(Native Method)
	at sun.reflect.NativeMethodAccessorImpl.invoke(NativeMethodAccessorImpl.java:62)
	at sun.reflect.DelegatingMethodAccessorImpl.invoke(DelegatingMethodAccessorImpl.java:43)
	at java.lang.reflect.Method.invoke(Method.java:498)
	at org.junit.runners.model.FrameworkMethod$1.runReflectiveCall(FrameworkMethod.java:50)
	at org.junit.internal.runners.model.ReflectiveCallable.run(ReflectiveCallable.java:12)
	at org.junit.runners.model.FrameworkMethod.invokeExplosively(FrameworkMethod.java:47)
	at mockit.integration.junit4.JUnit4TestRunnerDecorator.invokeExplosively(JUnit4TestRunnerDecorator.java:49)
	at mockit.integration.junit4.FakeFrameworkMethod.invokeExplosively(FakeFrameworkMethod.java:29)
	at org.junit.runners.model.FrameworkMethod.invokeExplosively(FrameworkMethod.java)
	at org.junit.internal.runners.statements.RunBefores.evaluate(RunBefores.java:24)
	at org.junit.internal.runners.statements.RunAfters.evaluate(RunAfters.java:27)
	at org.junit.rules.TestWatcher$1.evaluate(TestWatcher.java:55)
	at org.junit.rules.RunRules.evaluate(RunRules.java:20)
	at org.junit.runners.ParentRunner.runLeaf(ParentRunner.java:325)
	at org.junit.runners.BlockJUnit4ClassRunner.runChild(BlockJUnit4ClassRunner.java:78)
	at org.junit.runners.BlockJUnit4ClassRunner.runChild(BlockJUnit4ClassRunner.java:57)
	at org.junit.runners.ParentRunner$3.run(ParentRunner.java:290)
	at org.junit.runners.ParentRunner$1.schedule(ParentRunner.java:71)
	at org.junit.runners.ParentRunner.runChildren(ParentRunner.java:288)
	at org.junit.runners.ParentRunner.access$000(ParentRunner.java:58)
	at org.junit.runners.ParentRunner$2.evaluate(ParentRunner.java:268)
	at org.junit.internal.runners.statements.RunBefores.evaluate(RunBefores.java:26)
	at org.junit.runners.ParentRunner.run(ParentRunner.java:363)
	at org.apache.maven.surefire.junit4.JUnit4Provider.execute(JUnit4Provider.java:365)
	at org.apache.maven.surefire.junit4.JUnit4Provider.executeWithRerun(JUnit4Provider.java:273)
	at org.apache.maven.surefire.junit4.JUnit4Provider.executeTestSet(JUnit4Provider.java:238)
	at org.apache.maven.surefire.junit4.JUnit4Provider.invoke(JUnit4Provider.java:159)
	at org.apache.maven.surefire.booter.ForkedBooter.invokeProviderInSameClassLoader(ForkedBooter.java:384)
	at org.apache.maven.surefire.booter.ForkedBooter.runSuitesInProcess(ForkedBooter.java:345)
	at org.apache.maven.surefire.booter.ForkedBooter.execute(ForkedBooter.java:126)
	at org.apache.maven.surefire.booter.ForkedBooter.main(ForkedBooter.java:418)
2020-06-22 14:22:53,904 [myid:] - INFO  [main:ClientBase@270] - server 127.0.0.1:21995 not up
javax.net.ssl.SSLHandshakeException: java.security.cert.CertificateException: Failed to verify both host address and host name
	at sun.security.ssl.Alerts.getSSLException(Alerts.java:198)
	at sun.security.ssl.SSLSocketImpl.fatal(SSLSocketImpl.java:1967)
	at sun.security.ssl.Handshaker.fatalSE(Handshaker.java:331)
	at sun.security.ssl.Handshaker.fatalSE(Handshaker.java:325)
	at sun.security.ssl.ClientHandshaker.serverCertificate(ClientHandshaker.java:1688)
	at sun.security.ssl.ClientHandshaker.processMessage(ClientHandshaker.java:226)
	at sun.security.ssl.Handshaker.processLoop(Handshaker.java:1082)
	at sun.security.ssl.Handshaker.process_record(Handshaker.java:1010)
	at sun.security.ssl.SSLSocketImpl.readRecord(SSLSocketImpl.java:1079)
	at sun.security.ssl.SSLSocketImpl.performInitialHandshake(SSLSocketImpl.java:1388)
	at sun.security.ssl.SSLSocketImpl.startHandshake(SSLSocketImpl.java:1416)
	at sun.security.ssl.SSLSocketImpl.startHandshake(SSLSocketImpl.java:1400)
	at org.apache.zookeeper.client.FourLetterWordMain.send4LetterWord(FourLetterWordMain.java:105)
	at org.apache.zookeeper.client.FourLetterWordMain.send4LetterWord(FourLetterWordMain.java:73)
	at org.apache.zookeeper.test.ClientBase.waitForServerUp(ClientBase.java:261)
	at org.apache.zookeeper.test.ClientBase.startServerInstance(ClientBase.java:401)
	at org.apache.zookeeper.test.ClientBase.startServer(ClientBase.java:516)
	at org.apache.zookeeper.test.ClientBase.setUpWithServerId(ClientBase.java:499)
	at org.apache.zookeeper.test.ClientBase.setUp(ClientBase.java:474)
	at org.apache.zookeeper.test.SaslDigestAuthOverSSLTest.setUp(SaslDigestAuthOverSSLTest.java:62)
	at sun.reflect.NativeMethodAccessorImpl.invoke0(Native Method)
	at sun.reflect.NativeMethodAccessorImpl.invoke(NativeMethodAccessorImpl.java:62)
	at sun.reflect.DelegatingMethodAccessorImpl.invoke(DelegatingMethodAccessorImpl.java:43)
	at java.lang.reflect.Method.invoke(Method.java:498)
	at org.junit.runners.model.FrameworkMethod$1.runReflectiveCall(FrameworkMethod.java:50)
	at org.junit.internal.runners.model.ReflectiveCallable.run(ReflectiveCallable.java:12)
	at org.junit.runners.model.FrameworkMethod.invokeExplosively(FrameworkMethod.java:47)
	at mockit.integration.junit4.JUnit4TestRunnerDecorator.invokeExplosively(JUnit4TestRunnerDecorator.java:49)
	at mockit.integration.junit4.FakeFrameworkMethod.invokeExplosively(FakeFrameworkMethod.java:29)
	at org.junit.runners.model.FrameworkMethod.invokeExplosively(FrameworkMethod.java)
	at org.junit.internal.runners.statements.RunBefores.evaluate(RunBefores.java:24)
	at org.junit.internal.runners.statements.RunAfters.evaluate(RunAfters.java:27)
	at org.junit.rules.TestWatcher$1.evaluate(TestWatcher.java:55)
	at org.junit.rules.RunRules.evaluate(RunRules.java:20)
	at org.junit.runners.ParentRunner.runLeaf(ParentRunner.java:325)
	at org.junit.runners.BlockJUnit4ClassRunner.runChild(BlockJUnit4ClassRunner.java:78)
	at org.junit.runners.BlockJUnit4ClassRunner.runChild(BlockJUnit4ClassRunner.java:57)
	at org.junit.runners.ParentRunner$3.run(ParentRunner.java:290)
	at org.junit.runners.ParentRunner$1.schedule(ParentRunner.java:71)
	at org.junit.runners.ParentRunner.runChildren(ParentRunner.java:288)
	at org.junit.runners.ParentRunner.access$000(ParentRunner.java:58)
	at org.junit.runners.ParentRunner$2.evaluate(ParentRunner.java:268)
	at org.junit.internal.runners.statements.RunBefores.evaluate(RunBefores.java:26)
	at org.junit.runners.ParentRunner.run(ParentRunner.java:363)
	at org.apache.maven.surefire.junit4.JUnit4Provider.execute(JUnit4Provider.java:365)
	at org.apache.maven.surefire.junit4.JUnit4Provider.executeWithRerun(JUnit4Provider.java:273)
	at org.apache.maven.surefire.junit4.JUnit4Provider.executeTestSet(JUnit4Provider.java:238)
	at org.apache.maven.surefire.junit4.JUnit4Provider.invoke(JUnit4Provider.java:159)
	at org.apache.maven.surefire.booter.ForkedBooter.invokeProviderInSameClassLoader(ForkedBooter.java:384)
	at org.apache.maven.surefire.booter.ForkedBooter.runSuitesInProcess(ForkedBooter.java:345)
	at org.apache.maven.surefire.booter.ForkedBooter.execute(ForkedBooter.java:126)
	at org.apache.maven.surefire.booter.ForkedBooter.main(ForkedBooter.java:418)
Caused by: java.security.cert.CertificateException: Failed to verify both host address and host name
	at org.apache.zookeeper.common.ZKTrustManager.performHostVerification(ZKTrustManager.java:163)
	at org.apache.zookeeper.common.ZKTrustManager.checkServerTrusted(ZKTrustManager.java:90)
	at sun.security.ssl.ClientHandshaker.serverCertificate(ClientHandshaker.java:1670)
	... 47 more
Caused by: javax.net.ssl.SSLPeerUnverifiedException: Certificate for <activate.navicat.com> doesn't match common name of the certificate subject: localhost
	at org.apache.zookeeper.common.ZKHostnameVerifier.matchCN(ZKHostnameVerifier.java:238)
	at org.apache.zookeeper.common.ZKHostnameVerifier.verify(ZKHostnameVerifier.java:184)
	at org.apache.zookeeper.common.ZKTrustManager.performHostVerification(ZKTrustManager.java:159)
	... 49 more
2020-06-22 14:22:53,904 [myid:] - ERROR [nioEventLoopGroup-4-14:NettyServerCnxnFactory$CertificateVerifier@434] - Unsuccessful handshake with session 0x0
2020-06-22 14:22:53,906 [myid:] - WARN  [nioEventLoopGroup-4-14:NettyServerCnxnFactory$CnxnChannelHandler@273] - Exception caught
io.netty.handler.codec.DecoderException: javax.net.ssl.SSLException: Received fatal alert: certificate_unknown
	at io.netty.handler.codec.ByteToMessageDecoder.callDecode(ByteToMessageDecoder.java:468)
	at io.netty.handler.codec.ByteToMessageDecoder.channelRead(ByteToMessageDecoder.java:276)
	at io.netty.channel.AbstractChannelHandlerContext.invokeChannelRead(AbstractChannelHandlerContext.java:379)
	at io.netty.channel.AbstractChannelHandlerContext.invokeChannelRead(AbstractChannelHandlerContext.java:365)
	at io.netty.channel.AbstractChannelHandlerContext.fireChannelRead(AbstractChannelHandlerContext.java:357)
	at io.netty.channel.DefaultChannelPipeline$HeadContext.channelRead(DefaultChannelPipeline.java:1410)
	at io.netty.channel.AbstractChannelHandlerContext.invokeChannelRead(AbstractChannelHandlerContext.java:379)
	at io.netty.channel.AbstractChannelHandlerContext.invokeChannelRead(AbstractChannelHandlerContext.java:365)
	at io.netty.channel.DefaultChannelPipeline.fireChannelRead(DefaultChannelPipeline.java:919)
	at io.netty.channel.nio.AbstractNioByteChannel$NioByteUnsafe.read(AbstractNioByteChannel.java:163)
	at io.netty.channel.nio.NioEventLoop.processSelectedKey(NioEventLoop.java:714)
	at io.netty.channel.nio.NioEventLoop.processSelectedKeysOptimized(NioEventLoop.java:650)
	at io.netty.channel.nio.NioEventLoop.processSelectedKeys(NioEventLoop.java:576)
	at io.netty.channel.nio.NioEventLoop.run(NioEventLoop.java:493)
	at io.netty.util.concurrent.SingleThreadEventExecutor$4.run(SingleThreadEventExecutor.java:989)
	at io.netty.util.internal.ThreadExecutorMap$2.run(ThreadExecutorMap.java:74)
	at io.netty.util.concurrent.FastThreadLocalRunnable.run(FastThreadLocalRunnable.java:30)
	at java.lang.Thread.run(Thread.java:748)
Caused by: javax.net.ssl.SSLException: Received fatal alert: certificate_unknown
	at sun.security.ssl.Alerts.getSSLException(Alerts.java:214)
	at sun.security.ssl.SSLEngineImpl.fatal(SSLEngineImpl.java:1667)
	at sun.security.ssl.SSLEngineImpl.fatal(SSLEngineImpl.java:1635)
	at sun.security.ssl.SSLEngineImpl.recvAlert(SSLEngineImpl.java:1801)
	at sun.security.ssl.SSLEngineImpl.readRecord(SSLEngineImpl.java:1090)
	at sun.security.ssl.SSLEngineImpl.readNetRecord(SSLEngineImpl.java:913)
	at sun.security.ssl.SSLEngineImpl.unwrap(SSLEngineImpl.java:783)
	at javax.net.ssl.SSLEngine.unwrap(SSLEngine.java:626)
	at io.netty.handler.ssl.SslHandler$SslEngineType$3.unwrap(SslHandler.java:281)
	at io.netty.handler.ssl.SslHandler.unwrap(SslHandler.java:1340)
	at io.netty.handler.ssl.SslHandler.decodeJdkCompatible(SslHandler.java:1235)
	at io.netty.handler.ssl.SslHandler.decode(SslHandler.java:1282)
	at io.netty.handler.codec.ByteToMessageDecoder.decodeRemovalReentryProtection(ByteToMessageDecoder.java:498)
	at io.netty.handler.codec.ByteToMessageDecoder.callDecode(ByteToMessageDecoder.java:437)
	... 17 more
2020-06-22 14:22:53,907 [myid:] - WARN  [nioEventLoopGroup-4-14:NettyServerCnxnFactory$CnxnChannelHandler@273] - Exception caught
io.netty.handler.codec.DecoderException: javax.net.ssl.SSLException: Received fatal alert: certificate_unknown
	at io.netty.handler.codec.ByteToMessageDecoder.callDecode(ByteToMessageDecoder.java:468)
	at io.netty.handler.codec.ByteToMessageDecoder.channelInputClosed(ByteToMessageDecoder.java:401)
	at io.netty.handler.codec.ByteToMessageDecoder.channelInputClosed(ByteToMessageDecoder.java:368)
	at io.netty.handler.codec.ByteToMessageDecoder.channelInactive(ByteToMessageDecoder.java:351)
	at io.netty.handler.ssl.SslHandler.channelInactive(SslHandler.java:1084)
	at io.netty.channel.AbstractChannelHandlerContext.invokeChannelInactive(AbstractChannelHandlerContext.java:262)
	at io.netty.channel.AbstractChannelHandlerContext.invokeChannelInactive(AbstractChannelHandlerContext.java:248)
	at io.netty.channel.AbstractChannelHandlerContext.fireChannelInactive(AbstractChannelHandlerContext.java:241)
	at io.netty.channel.DefaultChannelPipeline$HeadContext.channelInactive(DefaultChannelPipeline.java:1405)
	at io.netty.channel.AbstractChannelHandlerContext.invokeChannelInactive(AbstractChannelHandlerContext.java:262)
	at io.netty.channel.AbstractChannelHandlerContext.invokeChannelInactive(AbstractChannelHandlerContext.java:248)
	at io.netty.channel.DefaultChannelPipeline.fireChannelInactive(DefaultChannelPipeline.java:901)
	at io.netty.channel.AbstractChannel$AbstractUnsafe$8.run(AbstractChannel.java:818)
	at io.netty.util.concurrent.AbstractEventExecutor.safeExecute(AbstractEventExecutor.java:164)
	at io.netty.util.concurrent.SingleThreadEventExecutor.runAllTasks(SingleThreadEventExecutor.java:472)
	at io.netty.channel.nio.NioEventLoop.run(NioEventLoop.java:497)
	at io.netty.util.concurrent.SingleThreadEventExecutor$4.run(SingleThreadEventExecutor.java:989)
	at io.netty.util.internal.ThreadExecutorMap$2.run(ThreadExecutorMap.java:74)
	at io.netty.util.concurrent.FastThreadLocalRunnable.run(FastThreadLocalRunnable.java:30)
	at java.lang.Thread.run(Thread.java:748)
Caused by: javax.net.ssl.SSLException: Received fatal alert: certificate_unknown
	at sun.security.ssl.Alerts.getSSLException(Alerts.java:214)
	at sun.security.ssl.SSLEngineImpl.fatal(SSLEngineImpl.java:1667)
	at sun.security.ssl.SSLEngineImpl.fatal(SSLEngineImpl.java:1635)
	at sun.security.ssl.SSLEngineImpl.recvAlert(SSLEngineImpl.java:1801)
	at sun.security.ssl.SSLEngineImpl.readRecord(SSLEngineImpl.java:1090)
	at sun.security.ssl.SSLEngineImpl.readNetRecord(SSLEngineImpl.java:913)
	at sun.security.ssl.SSLEngineImpl.unwrap(SSLEngineImpl.java:783)
	at javax.net.ssl.SSLEngine.unwrap(SSLEngine.java:626)
	at io.netty.handler.ssl.SslHandler$SslEngineType$3.unwrap(SslHandler.java:281)
	at io.netty.handler.ssl.SslHandler.unwrap(SslHandler.java:1340)
	at io.netty.handler.ssl.SslHandler.decodeJdkCompatible(SslHandler.java:1235)
	at io.netty.handler.ssl.SslHandler.decode(SslHandler.java:1282)
	at io.netty.handler.codec.ByteToMessageDecoder.decodeRemovalReentryProtection(ByteToMessageDecoder.java:498)
	at io.netty.handler.codec.ByteToMessageDecoder.callDecode(ByteToMessageDecoder.java:437)
	... 19 more
2020-06-22 14:22:54,156 [myid:] - INFO  [main:FourLetterWordMain@93] - connecting to 127.0.0.1 21995
2020-06-22 14:22:54,156 [myid:] - INFO  [main:FourLetterWordMain@99] - using secure socket
2020-06-22 14:22:54,169 [myid:] - ERROR [main:ZKTrustManager@161] - Failed to verify host address: 127.0.0.1
javax.net.ssl.SSLPeerUnverifiedException: Certificate for <127.0.0.1> doesn't match common name of the certificate subject: localhost
	at org.apache.zookeeper.common.ZKHostnameVerifier.matchCN(ZKHostnameVerifier.java:238)
	at org.apache.zookeeper.common.ZKHostnameVerifier.verify(ZKHostnameVerifier.java:184)
	at org.apache.zookeeper.common.ZKTrustManager.performHostVerification(ZKTrustManager.java:151)
	at org.apache.zookeeper.common.ZKTrustManager.checkServerTrusted(ZKTrustManager.java:90)
	at sun.security.ssl.ClientHandshaker.serverCertificate(ClientHandshaker.java:1670)
	at sun.security.ssl.ClientHandshaker.processMessage(ClientHandshaker.java:226)
	at sun.security.ssl.Handshaker.processLoop(Handshaker.java:1082)
	at sun.security.ssl.Handshaker.process_record(Handshaker.java:1010)
	at sun.security.ssl.SSLSocketImpl.readRecord(SSLSocketImpl.java:1079)
	at sun.security.ssl.SSLSocketImpl.performInitialHandshake(SSLSocketImpl.java:1388)
	at sun.security.ssl.SSLSocketImpl.startHandshake(SSLSocketImpl.java:1416)
	at sun.security.ssl.SSLSocketImpl.startHandshake(SSLSocketImpl.java:1400)
	at org.apache.zookeeper.client.FourLetterWordMain.send4LetterWord(FourLetterWordMain.java:105)
	at org.apache.zookeeper.client.FourLetterWordMain.send4LetterWord(FourLetterWordMain.java:73)
	at org.apache.zookeeper.test.ClientBase.waitForServerUp(ClientBase.java:261)
	at org.apache.zookeeper.test.ClientBase.startServerInstance(ClientBase.java:401)
	at org.apache.zookeeper.test.ClientBase.startServer(ClientBase.java:516)
	at org.apache.zookeeper.test.ClientBase.setUpWithServerId(ClientBase.java:499)
	at org.apache.zookeeper.test.ClientBase.setUp(ClientBase.java:474)
	at org.apache.zookeeper.test.SaslDigestAuthOverSSLTest.setUp(SaslDigestAuthOverSSLTest.java:62)
	at sun.reflect.NativeMethodAccessorImpl.invoke0(Native Method)
	at sun.reflect.NativeMethodAccessorImpl.invoke(NativeMethodAccessorImpl.java:62)
	at sun.reflect.DelegatingMethodAccessorImpl.invoke(DelegatingMethodAccessorImpl.java:43)
	at java.lang.reflect.Method.invoke(Method.java:498)
	at org.junit.runners.model.FrameworkMethod$1.runReflectiveCall(FrameworkMethod.java:50)
	at org.junit.internal.runners.model.ReflectiveCallable.run(ReflectiveCallable.java:12)
	at org.junit.runners.model.FrameworkMethod.invokeExplosively(FrameworkMethod.java:47)
	at mockit.integration.junit4.JUnit4TestRunnerDecorator.invokeExplosively(JUnit4TestRunnerDecorator.java:49)
	at mockit.integration.junit4.FakeFrameworkMethod.invokeExplosively(FakeFrameworkMethod.java:29)
	at org.junit.runners.model.FrameworkMethod.invokeExplosively(FrameworkMethod.java)
	at org.junit.internal.runners.statements.RunBefores.evaluate(RunBefores.java:24)
	at org.junit.internal.runners.statements.RunAfters.evaluate(RunAfters.java:27)
	at org.junit.rules.TestWatcher$1.evaluate(TestWatcher.java:55)
	at org.junit.rules.RunRules.evaluate(RunRules.java:20)
	at org.junit.runners.ParentRunner.runLeaf(ParentRunner.java:325)
	at org.junit.runners.BlockJUnit4ClassRunner.runChild(BlockJUnit4ClassRunner.java:78)
	at org.junit.runners.BlockJUnit4ClassRunner.runChild(BlockJUnit4ClassRunner.java:57)
	at org.junit.runners.ParentRunner$3.run(ParentRunner.java:290)
	at org.junit.runners.ParentRunner$1.schedule(ParentRunner.java:71)
	at org.junit.runners.ParentRunner.runChildren(ParentRunner.java:288)
	at org.junit.runners.ParentRunner.access$000(ParentRunner.java:58)
	at org.junit.runners.ParentRunner$2.evaluate(ParentRunner.java:268)
	at org.junit.internal.runners.statements.RunBefores.evaluate(RunBefores.java:26)
	at org.junit.runners.ParentRunner.run(ParentRunner.java:363)
	at org.apache.maven.surefire.junit4.JUnit4Provider.execute(JUnit4Provider.java:365)
	at org.apache.maven.surefire.junit4.JUnit4Provider.executeWithRerun(JUnit4Provider.java:273)
	at org.apache.maven.surefire.junit4.JUnit4Provider.executeTestSet(JUnit4Provider.java:238)
	at org.apache.maven.surefire.junit4.JUnit4Provider.invoke(JUnit4Provider.java:159)
	at org.apache.maven.surefire.booter.ForkedBooter.invokeProviderInSameClassLoader(ForkedBooter.java:384)
	at org.apache.maven.surefire.booter.ForkedBooter.runSuitesInProcess(ForkedBooter.java:345)
	at org.apache.maven.surefire.booter.ForkedBooter.execute(ForkedBooter.java:126)
	at org.apache.maven.surefire.booter.ForkedBooter.main(ForkedBooter.java:418)
2020-06-22 14:22:54,170 [myid:] - ERROR [main:ZKTrustManager@162] - Failed to verify hostname: activate.navicat.com
javax.net.ssl.SSLPeerUnverifiedException: Certificate for <activate.navicat.com> doesn't match common name of the certificate subject: localhost
	at org.apache.zookeeper.common.ZKHostnameVerifier.matchCN(ZKHostnameVerifier.java:238)
	at org.apache.zookeeper.common.ZKHostnameVerifier.verify(ZKHostnameVerifier.java:184)
	at org.apache.zookeeper.common.ZKTrustManager.performHostVerification(ZKTrustManager.java:159)
	at org.apache.zookeeper.common.ZKTrustManager.checkServerTrusted(ZKTrustManager.java:90)
	at sun.security.ssl.ClientHandshaker.serverCertificate(ClientHandshaker.java:1670)
	at sun.security.ssl.ClientHandshaker.processMessage(ClientHandshaker.java:226)
	at sun.security.ssl.Handshaker.processLoop(Handshaker.java:1082)
	at sun.security.ssl.Handshaker.process_record(Handshaker.java:1010)
	at sun.security.ssl.SSLSocketImpl.readRecord(SSLSocketImpl.java:1079)
	at sun.security.ssl.SSLSocketImpl.performInitialHandshake(SSLSocketImpl.java:1388)
	at sun.security.ssl.SSLSocketImpl.startHandshake(SSLSocketImpl.java:1416)
	at sun.security.ssl.SSLSocketImpl.startHandshake(SSLSocketImpl.java:1400)
	at org.apache.zookeeper.client.FourLetterWordMain.send4LetterWord(FourLetterWordMain.java:105)
	at org.apache.zookeeper.client.FourLetterWordMain.send4LetterWord(FourLetterWordMain.java:73)
	at org.apache.zookeeper.test.ClientBase.waitForServerUp(ClientBase.java:261)
	at org.apache.zookeeper.test.ClientBase.startServerInstance(ClientBase.java:401)
	at org.apache.zookeeper.test.ClientBase.startServer(ClientBase.java:516)
	at org.apache.zookeeper.test.ClientBase.setUpWithServerId(ClientBase.java:499)
	at org.apache.zookeeper.test.ClientBase.setUp(ClientBase.java:474)
	at org.apache.zookeeper.test.SaslDigestAuthOverSSLTest.setUp(SaslDigestAuthOverSSLTest.java:62)
	at sun.reflect.NativeMethodAccessorImpl.invoke0(Native Method)
	at sun.reflect.NativeMethodAccessorImpl.invoke(NativeMethodAccessorImpl.java:62)
	at sun.reflect.DelegatingMethodAccessorImpl.invoke(DelegatingMethodAccessorImpl.java:43)
	at java.lang.reflect.Method.invoke(Method.java:498)
	at org.junit.runners.model.FrameworkMethod$1.runReflectiveCall(FrameworkMethod.java:50)
	at org.junit.internal.runners.model.ReflectiveCallable.run(ReflectiveCallable.java:12)
	at org.junit.runners.model.FrameworkMethod.invokeExplosively(FrameworkMethod.java:47)
	at mockit.integration.junit4.JUnit4TestRunnerDecorator.invokeExplosively(JUnit4TestRunnerDecorator.java:49)
	at mockit.integration.junit4.FakeFrameworkMethod.invokeExplosively(FakeFrameworkMethod.java:29)
	at org.junit.runners.model.FrameworkMethod.invokeExplosively(FrameworkMethod.java)
	at org.junit.internal.runners.statements.RunBefores.evaluate(RunBefores.java:24)
	at org.junit.internal.runners.statements.RunAfters.evaluate(RunAfters.java:27)
	at org.junit.rules.TestWatcher$1.evaluate(TestWatcher.java:55)
	at org.junit.rules.RunRules.evaluate(RunRules.java:20)
	at org.junit.runners.ParentRunner.runLeaf(ParentRunner.java:325)
	at org.junit.runners.BlockJUnit4ClassRunner.runChild(BlockJUnit4ClassRunner.java:78)
	at org.junit.runners.BlockJUnit4ClassRunner.runChild(BlockJUnit4ClassRunner.java:57)
	at org.junit.runners.ParentRunner$3.run(ParentRunner.java:290)
	at org.junit.runners.ParentRunner$1.schedule(ParentRunner.java:71)
	at org.junit.runners.ParentRunner.runChildren(ParentRunner.java:288)
	at org.junit.runners.ParentRunner.access$000(ParentRunner.java:58)
	at org.junit.runners.ParentRunner$2.evaluate(ParentRunner.java:268)
	at org.junit.internal.runners.statements.RunBefores.evaluate(RunBefores.java:26)
	at org.junit.runners.ParentRunner.run(ParentRunner.java:363)
	at org.apache.maven.surefire.junit4.JUnit4Provider.execute(JUnit4Provider.java:365)
	at org.apache.maven.surefire.junit4.JUnit4Provider.executeWithRerun(JUnit4Provider.java:273)
	at org.apache.maven.surefire.junit4.JUnit4Provider.executeTestSet(JUnit4Provider.java:238)
	at org.apache.maven.surefire.junit4.JUnit4Provider.invoke(JUnit4Provider.java:159)
	at org.apache.maven.surefire.booter.ForkedBooter.invokeProviderInSameClassLoader(ForkedBooter.java:384)
	at org.apache.maven.surefire.booter.ForkedBooter.runSuitesInProcess(ForkedBooter.java:345)
	at org.apache.maven.surefire.booter.ForkedBooter.execute(ForkedBooter.java:126)
	at org.apache.maven.surefire.booter.ForkedBooter.main(ForkedBooter.java:418)
2020-06-22 14:22:54,171 [myid:] - INFO  [main:ClientBase@270] - server 127.0.0.1:21995 not up
javax.net.ssl.SSLHandshakeException: java.security.cert.CertificateException: Failed to verify both host address and host name
	at sun.security.ssl.Alerts.getSSLException(Alerts.java:198)
	at sun.security.ssl.SSLSocketImpl.fatal(SSLSocketImpl.java:1967)
	at sun.security.ssl.Handshaker.fatalSE(Handshaker.java:331)
	at sun.security.ssl.Handshaker.fatalSE(Handshaker.java:325)
	at sun.security.ssl.ClientHandshaker.serverCertificate(ClientHandshaker.java:1688)
	at sun.security.ssl.ClientHandshaker.processMessage(ClientHandshaker.java:226)
	at sun.security.ssl.Handshaker.processLoop(Handshaker.java:1082)
	at sun.security.ssl.Handshaker.process_record(Handshaker.java:1010)
	at sun.security.ssl.SSLSocketImpl.readRecord(SSLSocketImpl.java:1079)
	at sun.security.ssl.SSLSocketImpl.performInitialHandshake(SSLSocketImpl.java:1388)
	at sun.security.ssl.SSLSocketImpl.startHandshake(SSLSocketImpl.java:1416)
	at sun.security.ssl.SSLSocketImpl.startHandshake(SSLSocketImpl.java:1400)
	at org.apache.zookeeper.client.FourLetterWordMain.send4LetterWord(FourLetterWordMain.java:105)
	at org.apache.zookeeper.client.FourLetterWordMain.send4LetterWord(FourLetterWordMain.java:73)
	at org.apache.zookeeper.test.ClientBase.waitForServerUp(ClientBase.java:261)
	at org.apache.zookeeper.test.ClientBase.startServerInstance(ClientBase.java:401)
	at org.apache.zookeeper.test.ClientBase.startServer(ClientBase.java:516)
	at org.apache.zookeeper.test.ClientBase.setUpWithServerId(ClientBase.java:499)
	at org.apache.zookeeper.test.ClientBase.setUp(ClientBase.java:474)
	at org.apache.zookeeper.test.SaslDigestAuthOverSSLTest.setUp(SaslDigestAuthOverSSLTest.java:62)
	at sun.reflect.NativeMethodAccessorImpl.invoke0(Native Method)
	at sun.reflect.NativeMethodAccessorImpl.invoke(NativeMethodAccessorImpl.java:62)
	at sun.reflect.DelegatingMethodAccessorImpl.invoke(DelegatingMethodAccessorImpl.java:43)
	at java.lang.reflect.Method.invoke(Method.java:498)
	at org.junit.runners.model.FrameworkMethod$1.runReflectiveCall(FrameworkMethod.java:50)
	at org.junit.internal.runners.model.ReflectiveCallable.run(ReflectiveCallable.java:12)
	at org.junit.runners.model.FrameworkMethod.invokeExplosively(FrameworkMethod.java:47)
	at mockit.integration.junit4.JUnit4TestRunnerDecorator.invokeExplosively(JUnit4TestRunnerDecorator.java:49)
	at mockit.integration.junit4.FakeFrameworkMethod.invokeExplosively(FakeFrameworkMethod.java:29)
	at org.junit.runners.model.FrameworkMethod.invokeExplosively(FrameworkMethod.java)
	at org.junit.internal.runners.statements.RunBefores.evaluate(RunBefores.java:24)
	at org.junit.internal.runners.statements.RunAfters.evaluate(RunAfters.java:27)
	at org.junit.rules.TestWatcher$1.evaluate(TestWatcher.java:55)
	at org.junit.rules.RunRules.evaluate(RunRules.java:20)
	at org.junit.runners.ParentRunner.runLeaf(ParentRunner.java:325)
	at org.junit.runners.BlockJUnit4ClassRunner.runChild(BlockJUnit4ClassRunner.java:78)
	at org.junit.runners.BlockJUnit4ClassRunner.runChild(BlockJUnit4ClassRunner.java:57)
	at org.junit.runners.ParentRunner$3.run(ParentRunner.java:290)
	at org.junit.runners.ParentRunner$1.schedule(ParentRunner.java:71)
	at org.junit.runners.ParentRunner.runChildren(ParentRunner.java:288)
	at org.junit.runners.ParentRunner.access$000(ParentRunner.java:58)
	at org.junit.runners.ParentRunner$2.evaluate(ParentRunner.java:268)
	at org.junit.internal.runners.statements.RunBefores.evaluate(RunBefores.java:26)
	at org.junit.runners.ParentRunner.run(ParentRunner.java:363)
	at org.apache.maven.surefire.junit4.JUnit4Provider.execute(JUnit4Provider.java:365)
	at org.apache.maven.surefire.junit4.JUnit4Provider.executeWithRerun(JUnit4Provider.java:273)
	at org.apache.maven.surefire.junit4.JUnit4Provider.executeTestSet(JUnit4Provider.java:238)
	at org.apache.maven.surefire.junit4.JUnit4Provider.invoke(JUnit4Provider.java:159)
	at org.apache.maven.surefire.booter.ForkedBooter.invokeProviderInSameClassLoader(ForkedBooter.java:384)
	at org.apache.maven.surefire.booter.ForkedBooter.runSuitesInProcess(ForkedBooter.java:345)
	at org.apache.maven.surefire.booter.ForkedBooter.execute(ForkedBooter.java:126)
	at org.apache.maven.surefire.booter.ForkedBooter.main(ForkedBooter.java:418)
Caused by: java.security.cert.CertificateException: Failed to verify both host address and host name
	at org.apache.zookeeper.common.ZKTrustManager.performHostVerification(ZKTrustManager.java:163)
	at org.apache.zookeeper.common.ZKTrustManager.checkServerTrusted(ZKTrustManager.java:90)
	at sun.security.ssl.ClientHandshaker.serverCertificate(ClientHandshaker.java:1670)
	... 47 more
Caused by: javax.net.ssl.SSLPeerUnverifiedException: Certificate for <activate.navicat.com> doesn't match common name of the certificate subject: localhost
	at org.apache.zookeeper.common.ZKHostnameVerifier.matchCN(ZKHostnameVerifier.java:238)
	at org.apache.zookeeper.common.ZKHostnameVerifier.verify(ZKHostnameVerifier.java:184)
	at org.apache.zookeeper.common.ZKTrustManager.performHostVerification(ZKTrustManager.java:159)
	... 49 more
2020-06-22 14:22:54,171 [myid:] - ERROR [nioEventLoopGroup-4-15:NettyServerCnxnFactory$CertificateVerifier@434] - Unsuccessful handshake with session 0x0
2020-06-22 14:22:54,172 [myid:] - WARN  [nioEventLoopGroup-4-15:NettyServerCnxnFactory$CnxnChannelHandler@273] - Exception caught
io.netty.handler.codec.DecoderException: javax.net.ssl.SSLException: Received fatal alert: certificate_unknown
	at io.netty.handler.codec.ByteToMessageDecoder.callDecode(ByteToMessageDecoder.java:468)
	at io.netty.handler.codec.ByteToMessageDecoder.channelRead(ByteToMessageDecoder.java:276)
	at io.netty.channel.AbstractChannelHandlerContext.invokeChannelRead(AbstractChannelHandlerContext.java:379)
	at io.netty.channel.AbstractChannelHandlerContext.invokeChannelRead(AbstractChannelHandlerContext.java:365)
	at io.netty.channel.AbstractChannelHandlerContext.fireChannelRead(AbstractChannelHandlerContext.java:357)
	at io.netty.channel.DefaultChannelPipeline$HeadContext.channelRead(DefaultChannelPipeline.java:1410)
	at io.netty.channel.AbstractChannelHandlerContext.invokeChannelRead(AbstractChannelHandlerContext.java:379)
	at io.netty.channel.AbstractChannelHandlerContext.invokeChannelRead(AbstractChannelHandlerContext.java:365)
	at io.netty.channel.DefaultChannelPipeline.fireChannelRead(DefaultChannelPipeline.java:919)
	at io.netty.channel.nio.AbstractNioByteChannel$NioByteUnsafe.read(AbstractNioByteChannel.java:163)
	at io.netty.channel.nio.NioEventLoop.processSelectedKey(NioEventLoop.java:714)
	at io.netty.channel.nio.NioEventLoop.processSelectedKeysOptimized(NioEventLoop.java:650)
	at io.netty.channel.nio.NioEventLoop.processSelectedKeys(NioEventLoop.java:576)
	at io.netty.channel.nio.NioEventLoop.run(NioEventLoop.java:493)
	at io.netty.util.concurrent.SingleThreadEventExecutor$4.run(SingleThreadEventExecutor.java:989)
	at io.netty.util.internal.ThreadExecutorMap$2.run(ThreadExecutorMap.java:74)
	at io.netty.util.concurrent.FastThreadLocalRunnable.run(FastThreadLocalRunnable.java:30)
	at java.lang.Thread.run(Thread.java:748)
Caused by: javax.net.ssl.SSLException: Received fatal alert: certificate_unknown
	at sun.security.ssl.Alerts.getSSLException(Alerts.java:214)
	at sun.security.ssl.SSLEngineImpl.fatal(SSLEngineImpl.java:1667)
	at sun.security.ssl.SSLEngineImpl.fatal(SSLEngineImpl.java:1635)
	at sun.security.ssl.SSLEngineImpl.recvAlert(SSLEngineImpl.java:1801)
	at sun.security.ssl.SSLEngineImpl.readRecord(SSLEngineImpl.java:1090)
	at sun.security.ssl.SSLEngineImpl.readNetRecord(SSLEngineImpl.java:913)
	at sun.security.ssl.SSLEngineImpl.unwrap(SSLEngineImpl.java:783)
	at javax.net.ssl.SSLEngine.unwrap(SSLEngine.java:626)
	at io.netty.handler.ssl.SslHandler$SslEngineType$3.unwrap(SslHandler.java:281)
	at io.netty.handler.ssl.SslHandler.unwrap(SslHandler.java:1340)
	at io.netty.handler.ssl.SslHandler.decodeJdkCompatible(SslHandler.java:1235)
	at io.netty.handler.ssl.SslHandler.decode(SslHandler.java:1282)
	at io.netty.handler.codec.ByteToMessageDecoder.decodeRemovalReentryProtection(ByteToMessageDecoder.java:498)
	at io.netty.handler.codec.ByteToMessageDecoder.callDecode(ByteToMessageDecoder.java:437)
	... 17 more
2020-06-22 14:22:54,173 [myid:] - WARN  [nioEventLoopGroup-4-15:NettyServerCnxnFactory$CnxnChannelHandler@273] - Exception caught
io.netty.handler.codec.DecoderException: javax.net.ssl.SSLException: Received fatal alert: certificate_unknown
	at io.netty.handler.codec.ByteToMessageDecoder.callDecode(ByteToMessageDecoder.java:468)
	at io.netty.handler.codec.ByteToMessageDecoder.channelInputClosed(ByteToMessageDecoder.java:401)
	at io.netty.handler.codec.ByteToMessageDecoder.channelInputClosed(ByteToMessageDecoder.java:368)
	at io.netty.handler.codec.ByteToMessageDecoder.channelInactive(ByteToMessageDecoder.java:351)
	at io.netty.handler.ssl.SslHandler.channelInactive(SslHandler.java:1084)
	at io.netty.channel.AbstractChannelHandlerContext.invokeChannelInactive(AbstractChannelHandlerContext.java:262)
	at io.netty.channel.AbstractChannelHandlerContext.invokeChannelInactive(AbstractChannelHandlerContext.java:248)
	at io.netty.channel.AbstractChannelHandlerContext.fireChannelInactive(AbstractChannelHandlerContext.java:241)
	at io.netty.channel.DefaultChannelPipeline$HeadContext.channelInactive(DefaultChannelPipeline.java:1405)
	at io.netty.channel.AbstractChannelHandlerContext.invokeChannelInactive(AbstractChannelHandlerContext.java:262)
	at io.netty.channel.AbstractChannelHandlerContext.invokeChannelInactive(AbstractChannelHandlerContext.java:248)
	at io.netty.channel.DefaultChannelPipeline.fireChannelInactive(DefaultChannelPipeline.java:901)
	at io.netty.channel.AbstractChannel$AbstractUnsafe$8.run(AbstractChannel.java:818)
	at io.netty.util.concurrent.AbstractEventExecutor.safeExecute(AbstractEventExecutor.java:164)
	at io.netty.util.concurrent.SingleThreadEventExecutor.runAllTasks(SingleThreadEventExecutor.java:472)
	at io.netty.channel.nio.NioEventLoop.run(NioEventLoop.java:497)
	at io.netty.util.concurrent.SingleThreadEventExecutor$4.run(SingleThreadEventExecutor.java:989)
	at io.netty.util.internal.ThreadExecutorMap$2.run(ThreadExecutorMap.java:74)
	at io.netty.util.concurrent.FastThreadLocalRunnable.run(FastThreadLocalRunnable.java:30)
	at java.lang.Thread.run(Thread.java:748)
Caused by: javax.net.ssl.SSLException: Received fatal alert: certificate_unknown
	at sun.security.ssl.Alerts.getSSLException(Alerts.java:214)
	at sun.security.ssl.SSLEngineImpl.fatal(SSLEngineImpl.java:1667)
	at sun.security.ssl.SSLEngineImpl.fatal(SSLEngineImpl.java:1635)
	at sun.security.ssl.SSLEngineImpl.recvAlert(SSLEngineImpl.java:1801)
	at sun.security.ssl.SSLEngineImpl.readRecord(SSLEngineImpl.java:1090)
	at sun.security.ssl.SSLEngineImpl.readNetRecord(SSLEngineImpl.java:913)
	at sun.security.ssl.SSLEngineImpl.unwrap(SSLEngineImpl.java:783)
	at javax.net.ssl.SSLEngine.unwrap(SSLEngine.java:626)
	at io.netty.handler.ssl.SslHandler$SslEngineType$3.unwrap(SslHandler.java:281)
	at io.netty.handler.ssl.SslHandler.unwrap(SslHandler.java:1340)
	at io.netty.handler.ssl.SslHandler.decodeJdkCompatible(SslHandler.java:1235)
	at io.netty.handler.ssl.SslHandler.decode(SslHandler.java:1282)
	at io.netty.handler.codec.ByteToMessageDecoder.decodeRemovalReentryProtection(ByteToMessageDecoder.java:498)
	at io.netty.handler.codec.ByteToMessageDecoder.callDecode(ByteToMessageDecoder.java:437)
	... 19 more
2020-06-22 14:22:54,421 [myid:] - INFO  [main:FourLetterWordMain@93] - connecting to 127.0.0.1 21995
2020-06-22 14:22:54,421 [myid:] - INFO  [main:FourLetterWordMain@99] - using secure socket
2020-06-22 14:22:54,434 [myid:] - ERROR [main:ZKTrustManager@161] - Failed to verify host address: 127.0.0.1
javax.net.ssl.SSLPeerUnverifiedException: Certificate for <127.0.0.1> doesn't match common name of the certificate subject: localhost
	at org.apache.zookeeper.common.ZKHostnameVerifier.matchCN(ZKHostnameVerifier.java:238)
	at org.apache.zookeeper.common.ZKHostnameVerifier.verify(ZKHostnameVerifier.java:184)
	at org.apache.zookeeper.common.ZKTrustManager.performHostVerification(ZKTrustManager.java:151)
	at org.apache.zookeeper.common.ZKTrustManager.checkServerTrusted(ZKTrustManager.java:90)
	at sun.security.ssl.ClientHandshaker.serverCertificate(ClientHandshaker.java:1670)
	at sun.security.ssl.ClientHandshaker.processMessage(ClientHandshaker.java:226)
	at sun.security.ssl.Handshaker.processLoop(Handshaker.java:1082)
	at sun.security.ssl.Handshaker.process_record(Handshaker.java:1010)
	at sun.security.ssl.SSLSocketImpl.readRecord(SSLSocketImpl.java:1079)
	at sun.security.ssl.SSLSocketImpl.performInitialHandshake(SSLSocketImpl.java:1388)
	at sun.security.ssl.SSLSocketImpl.startHandshake(SSLSocketImpl.java:1416)
	at sun.security.ssl.SSLSocketImpl.startHandshake(SSLSocketImpl.java:1400)
	at org.apache.zookeeper.client.FourLetterWordMain.send4LetterWord(FourLetterWordMain.java:105)
	at org.apache.zookeeper.client.FourLetterWordMain.send4LetterWord(FourLetterWordMain.java:73)
	at org.apache.zookeeper.test.ClientBase.waitForServerUp(ClientBase.java:261)
	at org.apache.zookeeper.test.ClientBase.startServerInstance(ClientBase.java:401)
	at org.apache.zookeeper.test.ClientBase.startServer(ClientBase.java:516)
	at org.apache.zookeeper.test.ClientBase.setUpWithServerId(ClientBase.java:499)
	at org.apache.zookeeper.test.ClientBase.setUp(ClientBase.java:474)
	at org.apache.zookeeper.test.SaslDigestAuthOverSSLTest.setUp(SaslDigestAuthOverSSLTest.java:62)
	at sun.reflect.NativeMethodAccessorImpl.invoke0(Native Method)
	at sun.reflect.NativeMethodAccessorImpl.invoke(NativeMethodAccessorImpl.java:62)
	at sun.reflect.DelegatingMethodAccessorImpl.invoke(DelegatingMethodAccessorImpl.java:43)
	at java.lang.reflect.Method.invoke(Method.java:498)
	at org.junit.runners.model.FrameworkMethod$1.runReflectiveCall(FrameworkMethod.java:50)
	at org.junit.internal.runners.model.ReflectiveCallable.run(ReflectiveCallable.java:12)
	at org.junit.runners.model.FrameworkMethod.invokeExplosively(FrameworkMethod.java:47)
	at mockit.integration.junit4.JUnit4TestRunnerDecorator.invokeExplosively(JUnit4TestRunnerDecorator.java:49)
	at mockit.integration.junit4.FakeFrameworkMethod.invokeExplosively(FakeFrameworkMethod.java:29)
	at org.junit.runners.model.FrameworkMethod.invokeExplosively(FrameworkMethod.java)
	at org.junit.internal.runners.statements.RunBefores.evaluate(RunBefores.java:24)
	at org.junit.internal.runners.statements.RunAfters.evaluate(RunAfters.java:27)
	at org.junit.rules.TestWatcher$1.evaluate(TestWatcher.java:55)
	at org.junit.rules.RunRules.evaluate(RunRules.java:20)
	at org.junit.runners.ParentRunner.runLeaf(ParentRunner.java:325)
	at org.junit.runners.BlockJUnit4ClassRunner.runChild(BlockJUnit4ClassRunner.java:78)
	at org.junit.runners.BlockJUnit4ClassRunner.runChild(BlockJUnit4ClassRunner.java:57)
	at org.junit.runners.ParentRunner$3.run(ParentRunner.java:290)
	at org.junit.runners.ParentRunner$1.schedule(ParentRunner.java:71)
	at org.junit.runners.ParentRunner.runChildren(ParentRunner.java:288)
	at org.junit.runners.ParentRunner.access$000(ParentRunner.java:58)
	at org.junit.runners.ParentRunner$2.evaluate(ParentRunner.java:268)
	at org.junit.internal.runners.statements.RunBefores.evaluate(RunBefores.java:26)
	at org.junit.runners.ParentRunner.run(ParentRunner.java:363)
	at org.apache.maven.surefire.junit4.JUnit4Provider.execute(JUnit4Provider.java:365)
	at org.apache.maven.surefire.junit4.JUnit4Provider.executeWithRerun(JUnit4Provider.java:273)
	at org.apache.maven.surefire.junit4.JUnit4Provider.executeTestSet(JUnit4Provider.java:238)
	at org.apache.maven.surefire.junit4.JUnit4Provider.invoke(JUnit4Provider.java:159)
	at org.apache.maven.surefire.booter.ForkedBooter.invokeProviderInSameClassLoader(ForkedBooter.java:384)
	at org.apache.maven.surefire.booter.ForkedBooter.runSuitesInProcess(ForkedBooter.java:345)
	at org.apache.maven.surefire.booter.ForkedBooter.execute(ForkedBooter.java:126)
	at org.apache.maven.surefire.booter.ForkedBooter.main(ForkedBooter.java:418)
2020-06-22 14:22:54,434 [myid:] - ERROR [main:ZKTrustManager@162] - Failed to verify hostname: activate.navicat.com
javax.net.ssl.SSLPeerUnverifiedException: Certificate for <activate.navicat.com> doesn't match common name of the certificate subject: localhost
	at org.apache.zookeeper.common.ZKHostnameVerifier.matchCN(ZKHostnameVerifier.java:238)
	at org.apache.zookeeper.common.ZKHostnameVerifier.verify(ZKHostnameVerifier.java:184)
	at org.apache.zookeeper.common.ZKTrustManager.performHostVerification(ZKTrustManager.java:159)
	at org.apache.zookeeper.common.ZKTrustManager.checkServerTrusted(ZKTrustManager.java:90)
	at sun.security.ssl.ClientHandshaker.serverCertificate(ClientHandshaker.java:1670)
	at sun.security.ssl.ClientHandshaker.processMessage(ClientHandshaker.java:226)
	at sun.security.ssl.Handshaker.processLoop(Handshaker.java:1082)
	at sun.security.ssl.Handshaker.process_record(Handshaker.java:1010)
	at sun.security.ssl.SSLSocketImpl.readRecord(SSLSocketImpl.java:1079)
	at sun.security.ssl.SSLSocketImpl.performInitialHandshake(SSLSocketImpl.java:1388)
	at sun.security.ssl.SSLSocketImpl.startHandshake(SSLSocketImpl.java:1416)
	at sun.security.ssl.SSLSocketImpl.startHandshake(SSLSocketImpl.java:1400)
	at org.apache.zookeeper.client.FourLetterWordMain.send4LetterWord(FourLetterWordMain.java:105)
	at org.apache.zookeeper.client.FourLetterWordMain.send4LetterWord(FourLetterWordMain.java:73)
	at org.apache.zookeeper.test.ClientBase.waitForServerUp(ClientBase.java:261)
	at org.apache.zookeeper.test.ClientBase.startServerInstance(ClientBase.java:401)
	at org.apache.zookeeper.test.ClientBase.startServer(ClientBase.java:516)
	at org.apache.zookeeper.test.ClientBase.setUpWithServerId(ClientBase.java:499)
	at org.apache.zookeeper.test.ClientBase.setUp(ClientBase.java:474)
	at org.apache.zookeeper.test.SaslDigestAuthOverSSLTest.setUp(SaslDigestAuthOverSSLTest.java:62)
	at sun.reflect.NativeMethodAccessorImpl.invoke0(Native Method)
	at sun.reflect.NativeMethodAccessorImpl.invoke(NativeMethodAccessorImpl.java:62)
	at sun.reflect.DelegatingMethodAccessorImpl.invoke(DelegatingMethodAccessorImpl.java:43)
	at java.lang.reflect.Method.invoke(Method.java:498)
	at org.junit.runners.model.FrameworkMethod$1.runReflectiveCall(FrameworkMethod.java:50)
	at org.junit.internal.runners.model.ReflectiveCallable.run(ReflectiveCallable.java:12)
	at org.junit.runners.model.FrameworkMethod.invokeExplosively(FrameworkMethod.java:47)
	at mockit.integration.junit4.JUnit4TestRunnerDecorator.invokeExplosively(JUnit4TestRunnerDecorator.java:49)
	at mockit.integration.junit4.FakeFrameworkMethod.invokeExplosively(FakeFrameworkMethod.java:29)
	at org.junit.runners.model.FrameworkMethod.invokeExplosively(FrameworkMethod.java)
	at org.junit.internal.runners.statements.RunBefores.evaluate(RunBefores.java:24)
	at org.junit.internal.runners.statements.RunAfters.evaluate(RunAfters.java:27)
	at org.junit.rules.TestWatcher$1.evaluate(TestWatcher.java:55)
	at org.junit.rules.RunRules.evaluate(RunRules.java:20)
	at org.junit.runners.ParentRunner.runLeaf(ParentRunner.java:325)
	at org.junit.runners.BlockJUnit4ClassRunner.runChild(BlockJUnit4ClassRunner.java:78)
	at org.junit.runners.BlockJUnit4ClassRunner.runChild(BlockJUnit4ClassRunner.java:57)
	at org.junit.runners.ParentRunner$3.run(ParentRunner.java:290)
	at org.junit.runners.ParentRunner$1.schedule(ParentRunner.java:71)
	at org.junit.runners.ParentRunner.runChildren(ParentRunner.java:288)
	at org.junit.runners.ParentRunner.access$000(ParentRunner.java:58)
	at org.junit.runners.ParentRunner$2.evaluate(ParentRunner.java:268)
	at org.junit.internal.runners.statements.RunBefores.evaluate(RunBefores.java:26)
	at org.junit.runners.ParentRunner.run(ParentRunner.java:363)
	at org.apache.maven.surefire.junit4.JUnit4Provider.execute(JUnit4Provider.java:365)
	at org.apache.maven.surefire.junit4.JUnit4Provider.executeWithRerun(JUnit4Provider.java:273)
	at org.apache.maven.surefire.junit4.JUnit4Provider.executeTestSet(JUnit4Provider.java:238)
	at org.apache.maven.surefire.junit4.JUnit4Provider.invoke(JUnit4Provider.java:159)
	at org.apache.maven.surefire.booter.ForkedBooter.invokeProviderInSameClassLoader(ForkedBooter.java:384)
	at org.apache.maven.surefire.booter.ForkedBooter.runSuitesInProcess(ForkedBooter.java:345)
	at org.apache.maven.surefire.booter.ForkedBooter.execute(ForkedBooter.java:126)
	at org.apache.maven.surefire.booter.ForkedBooter.main(ForkedBooter.java:418)
2020-06-22 14:22:54,435 [myid:] - INFO  [main:ClientBase@270] - server 127.0.0.1:21995 not up
javax.net.ssl.SSLHandshakeException: java.security.cert.CertificateException: Failed to verify both host address and host name
	at sun.security.ssl.Alerts.getSSLException(Alerts.java:198)
	at sun.security.ssl.SSLSocketImpl.fatal(SSLSocketImpl.java:1967)
	at sun.security.ssl.Handshaker.fatalSE(Handshaker.java:331)
	at sun.security.ssl.Handshaker.fatalSE(Handshaker.java:325)
	at sun.security.ssl.ClientHandshaker.serverCertificate(ClientHandshaker.java:1688)
	at sun.security.ssl.ClientHandshaker.processMessage(ClientHandshaker.java:226)
	at sun.security.ssl.Handshaker.processLoop(Handshaker.java:1082)
	at sun.security.ssl.Handshaker.process_record(Handshaker.java:1010)
	at sun.security.ssl.SSLSocketImpl.readRecord(SSLSocketImpl.java:1079)
	at sun.security.ssl.SSLSocketImpl.performInitialHandshake(SSLSocketImpl.java:1388)
	at sun.security.ssl.SSLSocketImpl.startHandshake(SSLSocketImpl.java:1416)
	at sun.security.ssl.SSLSocketImpl.startHandshake(SSLSocketImpl.java:1400)
	at org.apache.zookeeper.client.FourLetterWordMain.send4LetterWord(FourLetterWordMain.java:105)
	at org.apache.zookeeper.client.FourLetterWordMain.send4LetterWord(FourLetterWordMain.java:73)
	at org.apache.zookeeper.test.ClientBase.waitForServerUp(ClientBase.java:261)
	at org.apache.zookeeper.test.ClientBase.startServerInstance(ClientBase.java:401)
	at org.apache.zookeeper.test.ClientBase.startServer(ClientBase.java:516)
	at org.apache.zookeeper.test.ClientBase.setUpWithServerId(ClientBase.java:499)
	at org.apache.zookeeper.test.ClientBase.setUp(ClientBase.java:474)
	at org.apache.zookeeper.test.SaslDigestAuthOverSSLTest.setUp(SaslDigestAuthOverSSLTest.java:62)
	at sun.reflect.NativeMethodAccessorImpl.invoke0(Native Method)
	at sun.reflect.NativeMethodAccessorImpl.invoke(NativeMethodAccessorImpl.java:62)
	at sun.reflect.DelegatingMethodAccessorImpl.invoke(DelegatingMethodAccessorImpl.java:43)
	at java.lang.reflect.Method.invoke(Method.java:498)
	at org.junit.runners.model.FrameworkMethod$1.runReflectiveCall(FrameworkMethod.java:50)
	at org.junit.internal.runners.model.ReflectiveCallable.run(ReflectiveCallable.java:12)
	at org.junit.runners.model.FrameworkMethod.invokeExplosively(FrameworkMethod.java:47)
	at mockit.integration.junit4.JUnit4TestRunnerDecorator.invokeExplosively(JUnit4TestRunnerDecorator.java:49)
	at mockit.integration.junit4.FakeFrameworkMethod.invokeExplosively(FakeFrameworkMethod.java:29)
	at org.junit.runners.model.FrameworkMethod.invokeExplosively(FrameworkMethod.java)
	at org.junit.internal.runners.statements.RunBefores.evaluate(RunBefores.java:24)
	at org.junit.internal.runners.statements.RunAfters.evaluate(RunAfters.java:27)
	at org.junit.rules.TestWatcher$1.evaluate(TestWatcher.java:55)
	at org.junit.rules.RunRules.evaluate(RunRules.java:20)
	at org.junit.runners.ParentRunner.runLeaf(ParentRunner.java:325)
	at org.junit.runners.BlockJUnit4ClassRunner.runChild(BlockJUnit4ClassRunner.java:78)
	at org.junit.runners.BlockJUnit4ClassRunner.runChild(BlockJUnit4ClassRunner.java:57)
	at org.junit.runners.ParentRunner$3.run(ParentRunner.java:290)
	at org.junit.runners.ParentRunner$1.schedule(ParentRunner.java:71)
	at org.junit.runners.ParentRunner.runChildren(ParentRunner.java:288)
	at org.junit.runners.ParentRunner.access$000(ParentRunner.java:58)
	at org.junit.runners.ParentRunner$2.evaluate(ParentRunner.java:268)
	at org.junit.internal.runners.statements.RunBefores.evaluate(RunBefores.java:26)
	at org.junit.runners.ParentRunner.run(ParentRunner.java:363)
	at org.apache.maven.surefire.junit4.JUnit4Provider.execute(JUnit4Provider.java:365)
	at org.apache.maven.surefire.junit4.JUnit4Provider.executeWithRerun(JUnit4Provider.java:273)
	at org.apache.maven.surefire.junit4.JUnit4Provider.executeTestSet(JUnit4Provider.java:238)
	at org.apache.maven.surefire.junit4.JUnit4Provider.invoke(JUnit4Provider.java:159)
	at org.apache.maven.surefire.booter.ForkedBooter.invokeProviderInSameClassLoader(ForkedBooter.java:384)
	at org.apache.maven.surefire.booter.ForkedBooter.runSuitesInProcess(ForkedBooter.java:345)
	at org.apache.maven.surefire.booter.ForkedBooter.execute(ForkedBooter.java:126)
	at org.apache.maven.surefire.booter.ForkedBooter.main(ForkedBooter.java:418)
Caused by: java.security.cert.CertificateException: Failed to verify both host address and host name
	at org.apache.zookeeper.common.ZKTrustManager.performHostVerification(ZKTrustManager.java:163)
	at org.apache.zookeeper.common.ZKTrustManager.checkServerTrusted(ZKTrustManager.java:90)
	at sun.security.ssl.ClientHandshaker.serverCertificate(ClientHandshaker.java:1670)
	... 47 more
Caused by: javax.net.ssl.SSLPeerUnverifiedException: Certificate for <activate.navicat.com> doesn't match common name of the certificate subject: localhost
	at org.apache.zookeeper.common.ZKHostnameVerifier.matchCN(ZKHostnameVerifier.java:238)
	at org.apache.zookeeper.common.ZKHostnameVerifier.verify(ZKHostnameVerifier.java:184)
	at org.apache.zookeeper.common.ZKTrustManager.performHostVerification(ZKTrustManager.java:159)
	... 49 more
2020-06-22 14:22:54,435 [myid:] - ERROR [nioEventLoopGroup-4-16:NettyServerCnxnFactory$CertificateVerifier@434] - Unsuccessful handshake with session 0x0
2020-06-22 14:22:54,436 [myid:] - WARN  [nioEventLoopGroup-4-16:NettyServerCnxnFactory$CnxnChannelHandler@273] - Exception caught
io.netty.handler.codec.DecoderException: javax.net.ssl.SSLException: Received fatal alert: certificate_unknown
	at io.netty.handler.codec.ByteToMessageDecoder.callDecode(ByteToMessageDecoder.java:468)
	at io.netty.handler.codec.ByteToMessageDecoder.channelRead(ByteToMessageDecoder.java:276)
	at io.netty.channel.AbstractChannelHandlerContext.invokeChannelRead(AbstractChannelHandlerContext.java:379)
	at io.netty.channel.AbstractChannelHandlerContext.invokeChannelRead(AbstractChannelHandlerContext.java:365)
	at io.netty.channel.AbstractChannelHandlerContext.fireChannelRead(AbstractChannelHandlerContext.java:357)
	at io.netty.channel.DefaultChannelPipeline$HeadContext.channelRead(DefaultChannelPipeline.java:1410)
	at io.netty.channel.AbstractChannelHandlerContext.invokeChannelRead(AbstractChannelHandlerContext.java:379)
	at io.netty.channel.AbstractChannelHandlerContext.invokeChannelRead(AbstractChannelHandlerContext.java:365)
	at io.netty.channel.DefaultChannelPipeline.fireChannelRead(DefaultChannelPipeline.java:919)
	at io.netty.channel.nio.AbstractNioByteChannel$NioByteUnsafe.read(AbstractNioByteChannel.java:163)
	at io.netty.channel.nio.NioEventLoop.processSelectedKey(NioEventLoop.java:714)
	at io.netty.channel.nio.NioEventLoop.processSelectedKeysOptimized(NioEventLoop.java:650)
	at io.netty.channel.nio.NioEventLoop.processSelectedKeys(NioEventLoop.java:576)
	at io.netty.channel.nio.NioEventLoop.run(NioEventLoop.java:493)
	at io.netty.util.concurrent.SingleThreadEventExecutor$4.run(SingleThreadEventExecutor.java:989)
	at io.netty.util.internal.ThreadExecutorMap$2.run(ThreadExecutorMap.java:74)
	at io.netty.util.concurrent.FastThreadLocalRunnable.run(FastThreadLocalRunnable.java:30)
	at java.lang.Thread.run(Thread.java:748)
Caused by: javax.net.ssl.SSLException: Received fatal alert: certificate_unknown
	at sun.security.ssl.Alerts.getSSLException(Alerts.java:214)
	at sun.security.ssl.SSLEngineImpl.fatal(SSLEngineImpl.java:1667)
	at sun.security.ssl.SSLEngineImpl.fatal(SSLEngineImpl.java:1635)
	at sun.security.ssl.SSLEngineImpl.recvAlert(SSLEngineImpl.java:1801)
	at sun.security.ssl.SSLEngineImpl.readRecord(SSLEngineImpl.java:1090)
	at sun.security.ssl.SSLEngineImpl.readNetRecord(SSLEngineImpl.java:913)
	at sun.security.ssl.SSLEngineImpl.unwrap(SSLEngineImpl.java:783)
	at javax.net.ssl.SSLEngine.unwrap(SSLEngine.java:626)
	at io.netty.handler.ssl.SslHandler$SslEngineType$3.unwrap(SslHandler.java:281)
	at io.netty.handler.ssl.SslHandler.unwrap(SslHandler.java:1340)
	at io.netty.handler.ssl.SslHandler.decodeJdkCompatible(SslHandler.java:1235)
	at io.netty.handler.ssl.SslHandler.decode(SslHandler.java:1282)
	at io.netty.handler.codec.ByteToMessageDecoder.decodeRemovalReentryProtection(ByteToMessageDecoder.java:498)
	at io.netty.handler.codec.ByteToMessageDecoder.callDecode(ByteToMessageDecoder.java:437)
	... 17 more
2020-06-22 14:22:54,437 [myid:] - WARN  [nioEventLoopGroup-4-16:NettyServerCnxnFactory$CnxnChannelHandler@273] - Exception caught
io.netty.handler.codec.DecoderException: javax.net.ssl.SSLException: Received fatal alert: certificate_unknown
	at io.netty.handler.codec.ByteToMessageDecoder.callDecode(ByteToMessageDecoder.java:468)
	at io.netty.handler.codec.ByteToMessageDecoder.channelInputClosed(ByteToMessageDecoder.java:401)
	at io.netty.handler.codec.ByteToMessageDecoder.channelInputClosed(ByteToMessageDecoder.java:368)
	at io.netty.handler.codec.ByteToMessageDecoder.channelInactive(ByteToMessageDecoder.java:351)
	at io.netty.handler.ssl.SslHandler.channelInactive(SslHandler.java:1084)
	at io.netty.channel.AbstractChannelHandlerContext.invokeChannelInactive(AbstractChannelHandlerContext.java:262)
	at io.netty.channel.AbstractChannelHandlerContext.invokeChannelInactive(AbstractChannelHandlerContext.java:248)
	at io.netty.channel.AbstractChannelHandlerContext.fireChannelInactive(AbstractChannelHandlerContext.java:241)
	at io.netty.channel.DefaultChannelPipeline$HeadContext.channelInactive(DefaultChannelPipeline.java:1405)
	at io.netty.channel.AbstractChannelHandlerContext.invokeChannelInactive(AbstractChannelHandlerContext.java:262)
	at io.netty.channel.AbstractChannelHandlerContext.invokeChannelInactive(AbstractChannelHandlerContext.java:248)
	at io.netty.channel.DefaultChannelPipeline.fireChannelInactive(DefaultChannelPipeline.java:901)
	at io.netty.channel.AbstractChannel$AbstractUnsafe$8.run(AbstractChannel.java:818)
	at io.netty.util.concurrent.AbstractEventExecutor.safeExecute(AbstractEventExecutor.java:164)
	at io.netty.util.concurrent.SingleThreadEventExecutor.runAllTasks(SingleThreadEventExecutor.java:472)
	at io.netty.channel.nio.NioEventLoop.run(NioEventLoop.java:497)
	at io.netty.util.concurrent.SingleThreadEventExecutor$4.run(SingleThreadEventExecutor.java:989)
	at io.netty.util.internal.ThreadExecutorMap$2.run(ThreadExecutorMap.java:74)
	at io.netty.util.concurrent.FastThreadLocalRunnable.run(FastThreadLocalRunnable.java:30)
	at java.lang.Thread.run(Thread.java:748)
Caused by: javax.net.ssl.SSLException: Received fatal alert: certificate_unknown
	at sun.security.ssl.Alerts.getSSLException(Alerts.java:214)
	at sun.security.ssl.SSLEngineImpl.fatal(SSLEngineImpl.java:1667)
	at sun.security.ssl.SSLEngineImpl.fatal(SSLEngineImpl.java:1635)
	at sun.security.ssl.SSLEngineImpl.recvAlert(SSLEngineImpl.java:1801)
	at sun.security.ssl.SSLEngineImpl.readRecord(SSLEngineImpl.java:1090)
	at sun.security.ssl.SSLEngineImpl.readNetRecord(SSLEngineImpl.java:913)
	at sun.security.ssl.SSLEngineImpl.unwrap(SSLEngineImpl.java:783)
	at javax.net.ssl.SSLEngine.unwrap(SSLEngine.java:626)
	at io.netty.handler.ssl.SslHandler$SslEngineType$3.unwrap(SslHandler.java:281)
	at io.netty.handler.ssl.SslHandler.unwrap(SslHandler.java:1340)
	at io.netty.handler.ssl.SslHandler.decodeJdkCompatible(SslHandler.java:1235)
	at io.netty.handler.ssl.SslHandler.decode(SslHandler.java:1282)
	at io.netty.handler.codec.ByteToMessageDecoder.decodeRemovalReentryProtection(ByteToMessageDecoder.java:498)
	at io.netty.handler.codec.ByteToMessageDecoder.callDecode(ByteToMessageDecoder.java:437)
	... 19 more
2020-06-22 14:22:54,686 [myid:] - INFO  [main:FourLetterWordMain@93] - connecting to 127.0.0.1 21995
2020-06-22 14:22:54,686 [myid:] - INFO  [main:FourLetterWordMain@99] - using secure socket
2020-06-22 14:22:54,700 [myid:] - ERROR [main:ZKTrustManager@161] - Failed to verify host address: 127.0.0.1
javax.net.ssl.SSLPeerUnverifiedException: Certificate for <127.0.0.1> doesn't match common name of the certificate subject: localhost
	at org.apache.zookeeper.common.ZKHostnameVerifier.matchCN(ZKHostnameVerifier.java:238)
	at org.apache.zookeeper.common.ZKHostnameVerifier.verify(ZKHostnameVerifier.java:184)
	at org.apache.zookeeper.common.ZKTrustManager.performHostVerification(ZKTrustManager.java:151)
	at org.apache.zookeeper.common.ZKTrustManager.checkServerTrusted(ZKTrustManager.java:90)
	at sun.security.ssl.ClientHandshaker.serverCertificate(ClientHandshaker.java:1670)
	at sun.security.ssl.ClientHandshaker.processMessage(ClientHandshaker.java:226)
	at sun.security.ssl.Handshaker.processLoop(Handshaker.java:1082)
	at sun.security.ssl.Handshaker.process_record(Handshaker.java:1010)
	at sun.security.ssl.SSLSocketImpl.readRecord(SSLSocketImpl.java:1079)
	at sun.security.ssl.SSLSocketImpl.performInitialHandshake(SSLSocketImpl.java:1388)
	at sun.security.ssl.SSLSocketImpl.startHandshake(SSLSocketImpl.java:1416)
	at sun.security.ssl.SSLSocketImpl.startHandshake(SSLSocketImpl.java:1400)
	at org.apache.zookeeper.client.FourLetterWordMain.send4LetterWord(FourLetterWordMain.java:105)
	at org.apache.zookeeper.client.FourLetterWordMain.send4LetterWord(FourLetterWordMain.java:73)
	at org.apache.zookeeper.test.ClientBase.waitForServerUp(ClientBase.java:261)
	at org.apache.zookeeper.test.ClientBase.startServerInstance(ClientBase.java:401)
	at org.apache.zookeeper.test.ClientBase.startServer(ClientBase.java:516)
	at org.apache.zookeeper.test.ClientBase.setUpWithServerId(ClientBase.java:499)
	at org.apache.zookeeper.test.ClientBase.setUp(ClientBase.java:474)
	at org.apache.zookeeper.test.SaslDigestAuthOverSSLTest.setUp(SaslDigestAuthOverSSLTest.java:62)
	at sun.reflect.NativeMethodAccessorImpl.invoke0(Native Method)
	at sun.reflect.NativeMethodAccessorImpl.invoke(NativeMethodAccessorImpl.java:62)
	at sun.reflect.DelegatingMethodAccessorImpl.invoke(DelegatingMethodAccessorImpl.java:43)
	at java.lang.reflect.Method.invoke(Method.java:498)
	at org.junit.runners.model.FrameworkMethod$1.runReflectiveCall(FrameworkMethod.java:50)
	at org.junit.internal.runners.model.ReflectiveCallable.run(ReflectiveCallable.java:12)
	at org.junit.runners.model.FrameworkMethod.invokeExplosively(FrameworkMethod.java:47)
	at mockit.integration.junit4.JUnit4TestRunnerDecorator.invokeExplosively(JUnit4TestRunnerDecorator.java:49)
	at mockit.integration.junit4.FakeFrameworkMethod.invokeExplosively(FakeFrameworkMethod.java:29)
	at org.junit.runners.model.FrameworkMethod.invokeExplosively(FrameworkMethod.java)
	at org.junit.internal.runners.statements.RunBefores.evaluate(RunBefores.java:24)
	at org.junit.internal.runners.statements.RunAfters.evaluate(RunAfters.java:27)
	at org.junit.rules.TestWatcher$1.evaluate(TestWatcher.java:55)
	at org.junit.rules.RunRules.evaluate(RunRules.java:20)
	at org.junit.runners.ParentRunner.runLeaf(ParentRunner.java:325)
	at org.junit.runners.BlockJUnit4ClassRunner.runChild(BlockJUnit4ClassRunner.java:78)
	at org.junit.runners.BlockJUnit4ClassRunner.runChild(BlockJUnit4ClassRunner.java:57)
	at org.junit.runners.ParentRunner$3.run(ParentRunner.java:290)
	at org.junit.runners.ParentRunner$1.schedule(ParentRunner.java:71)
	at org.junit.runners.ParentRunner.runChildren(ParentRunner.java:288)
	at org.junit.runners.ParentRunner.access$000(ParentRunner.java:58)
	at org.junit.runners.ParentRunner$2.evaluate(ParentRunner.java:268)
	at org.junit.internal.runners.statements.RunBefores.evaluate(RunBefores.java:26)
	at org.junit.runners.ParentRunner.run(ParentRunner.java:363)
	at org.apache.maven.surefire.junit4.JUnit4Provider.execute(JUnit4Provider.java:365)
	at org.apache.maven.surefire.junit4.JUnit4Provider.executeWithRerun(JUnit4Provider.java:273)
	at org.apache.maven.surefire.junit4.JUnit4Provider.executeTestSet(JUnit4Provider.java:238)
	at org.apache.maven.surefire.junit4.JUnit4Provider.invoke(JUnit4Provider.java:159)
	at org.apache.maven.surefire.booter.ForkedBooter.invokeProviderInSameClassLoader(ForkedBooter.java:384)
	at org.apache.maven.surefire.booter.ForkedBooter.runSuitesInProcess(ForkedBooter.java:345)
	at org.apache.maven.surefire.booter.ForkedBooter.execute(ForkedBooter.java:126)
	at org.apache.maven.surefire.booter.ForkedBooter.main(ForkedBooter.java:418)
2020-06-22 14:22:54,700 [myid:] - ERROR [main:ZKTrustManager@162] - Failed to verify hostname: activate.navicat.com
javax.net.ssl.SSLPeerUnverifiedException: Certificate for <activate.navicat.com> doesn't match common name of the certificate subject: localhost
	at org.apache.zookeeper.common.ZKHostnameVerifier.matchCN(ZKHostnameVerifier.java:238)
	at org.apache.zookeeper.common.ZKHostnameVerifier.verify(ZKHostnameVerifier.java:184)
	at org.apache.zookeeper.common.ZKTrustManager.performHostVerification(ZKTrustManager.java:159)
	at org.apache.zookeeper.common.ZKTrustManager.checkServerTrusted(ZKTrustManager.java:90)
	at sun.security.ssl.ClientHandshaker.serverCertificate(ClientHandshaker.java:1670)
	at sun.security.ssl.ClientHandshaker.processMessage(ClientHandshaker.java:226)
	at sun.security.ssl.Handshaker.processLoop(Handshaker.java:1082)
	at sun.security.ssl.Handshaker.process_record(Handshaker.java:1010)
	at sun.security.ssl.SSLSocketImpl.readRecord(SSLSocketImpl.java:1079)
	at sun.security.ssl.SSLSocketImpl.performInitialHandshake(SSLSocketImpl.java:1388)
	at sun.security.ssl.SSLSocketImpl.startHandshake(SSLSocketImpl.java:1416)
	at sun.security.ssl.SSLSocketImpl.startHandshake(SSLSocketImpl.java:1400)
	at org.apache.zookeeper.client.FourLetterWordMain.send4LetterWord(FourLetterWordMain.java:105)
	at org.apache.zookeeper.client.FourLetterWordMain.send4LetterWord(FourLetterWordMain.java:73)
	at org.apache.zookeeper.test.ClientBase.waitForServerUp(ClientBase.java:261)
	at org.apache.zookeeper.test.ClientBase.startServerInstance(ClientBase.java:401)
	at org.apache.zookeeper.test.ClientBase.startServer(ClientBase.java:516)
	at org.apache.zookeeper.test.ClientBase.setUpWithServerId(ClientBase.java:499)
	at org.apache.zookeeper.test.ClientBase.setUp(ClientBase.java:474)
	at org.apache.zookeeper.test.SaslDigestAuthOverSSLTest.setUp(SaslDigestAuthOverSSLTest.java:62)
	at sun.reflect.NativeMethodAccessorImpl.invoke0(Native Method)
	at sun.reflect.NativeMethodAccessorImpl.invoke(NativeMethodAccessorImpl.java:62)
	at sun.reflect.DelegatingMethodAccessorImpl.invoke(DelegatingMethodAccessorImpl.java:43)
	at java.lang.reflect.Method.invoke(Method.java:498)
	at org.junit.runners.model.FrameworkMethod$1.runReflectiveCall(FrameworkMethod.java:50)
	at org.junit.internal.runners.model.ReflectiveCallable.run(ReflectiveCallable.java:12)
	at org.junit.runners.model.FrameworkMethod.invokeExplosively(FrameworkMethod.java:47)
	at mockit.integration.junit4.JUnit4TestRunnerDecorator.invokeExplosively(JUnit4TestRunnerDecorator.java:49)
	at mockit.integration.junit4.FakeFrameworkMethod.invokeExplosively(FakeFrameworkMethod.java:29)
	at org.junit.runners.model.FrameworkMethod.invokeExplosively(FrameworkMethod.java)
	at org.junit.internal.runners.statements.RunBefores.evaluate(RunBefores.java:24)
	at org.junit.internal.runners.statements.RunAfters.evaluate(RunAfters.java:27)
	at org.junit.rules.TestWatcher$1.evaluate(TestWatcher.java:55)
	at org.junit.rules.RunRules.evaluate(RunRules.java:20)
	at org.junit.runners.ParentRunner.runLeaf(ParentRunner.java:325)
	at org.junit.runners.BlockJUnit4ClassRunner.runChild(BlockJUnit4ClassRunner.java:78)
	at org.junit.runners.BlockJUnit4ClassRunner.runChild(BlockJUnit4ClassRunner.java:57)
	at org.junit.runners.ParentRunner$3.run(ParentRunner.java:290)
	at org.junit.runners.ParentRunner$1.schedule(ParentRunner.java:71)
	at org.junit.runners.ParentRunner.runChildren(ParentRunner.java:288)
	at org.junit.runners.ParentRunner.access$000(ParentRunner.java:58)
	at org.junit.runners.ParentRunner$2.evaluate(ParentRunner.java:268)
	at org.junit.internal.runners.statements.RunBefores.evaluate(RunBefores.java:26)
	at org.junit.runners.ParentRunner.run(ParentRunner.java:363)
	at org.apache.maven.surefire.junit4.JUnit4Provider.execute(JUnit4Provider.java:365)
	at org.apache.maven.surefire.junit4.JUnit4Provider.executeWithRerun(JUnit4Provider.java:273)
	at org.apache.maven.surefire.junit4.JUnit4Provider.executeTestSet(JUnit4Provider.java:238)
	at org.apache.maven.surefire.junit4.JUnit4Provider.invoke(JUnit4Provider.java:159)
	at org.apache.maven.surefire.booter.ForkedBooter.invokeProviderInSameClassLoader(ForkedBooter.java:384)
	at org.apache.maven.surefire.booter.ForkedBooter.runSuitesInProcess(ForkedBooter.java:345)
	at org.apache.maven.surefire.booter.ForkedBooter.execute(ForkedBooter.java:126)
	at org.apache.maven.surefire.booter.ForkedBooter.main(ForkedBooter.java:418)
2020-06-22 14:22:54,701 [myid:] - INFO  [main:ClientBase@270] - server 127.0.0.1:21995 not up
javax.net.ssl.SSLHandshakeException: java.security.cert.CertificateException: Failed to verify both host address and host name
	at sun.security.ssl.Alerts.getSSLException(Alerts.java:198)
	at sun.security.ssl.SSLSocketImpl.fatal(SSLSocketImpl.java:1967)
	at sun.security.ssl.Handshaker.fatalSE(Handshaker.java:331)
	at sun.security.ssl.Handshaker.fatalSE(Handshaker.java:325)
	at sun.security.ssl.ClientHandshaker.serverCertificate(ClientHandshaker.java:1688)
	at sun.security.ssl.ClientHandshaker.processMessage(ClientHandshaker.java:226)
	at sun.security.ssl.Handshaker.processLoop(Handshaker.java:1082)
	at sun.security.ssl.Handshaker.process_record(Handshaker.java:1010)
	at sun.security.ssl.SSLSocketImpl.readRecord(SSLSocketImpl.java:1079)
	at sun.security.ssl.SSLSocketImpl.performInitialHandshake(SSLSocketImpl.java:1388)
	at sun.security.ssl.SSLSocketImpl.startHandshake(SSLSocketImpl.java:1416)
	at sun.security.ssl.SSLSocketImpl.startHandshake(SSLSocketImpl.java:1400)
	at org.apache.zookeeper.client.FourLetterWordMain.send4LetterWord(FourLetterWordMain.java:105)
	at org.apache.zookeeper.client.FourLetterWordMain.send4LetterWord(FourLetterWordMain.java:73)
	at org.apache.zookeeper.test.ClientBase.waitForServerUp(ClientBase.java:261)
	at org.apache.zookeeper.test.ClientBase.startServerInstance(ClientBase.java:401)
	at org.apache.zookeeper.test.ClientBase.startServer(ClientBase.java:516)
	at org.apache.zookeeper.test.ClientBase.setUpWithServerId(ClientBase.java:499)
	at org.apache.zookeeper.test.ClientBase.setUp(ClientBase.java:474)
	at org.apache.zookeeper.test.SaslDigestAuthOverSSLTest.setUp(SaslDigestAuthOverSSLTest.java:62)
	at sun.reflect.NativeMethodAccessorImpl.invoke0(Native Method)
	at sun.reflect.NativeMethodAccessorImpl.invoke(NativeMethodAccessorImpl.java:62)
	at sun.reflect.DelegatingMethodAccessorImpl.invoke(DelegatingMethodAccessorImpl.java:43)
	at java.lang.reflect.Method.invoke(Method.java:498)
	at org.junit.runners.model.FrameworkMethod$1.runReflectiveCall(FrameworkMethod.java:50)
	at org.junit.internal.runners.model.ReflectiveCallable.run(ReflectiveCallable.java:12)
	at org.junit.runners.model.FrameworkMethod.invokeExplosively(FrameworkMethod.java:47)
	at mockit.integration.junit4.JUnit4TestRunnerDecorator.invokeExplosively(JUnit4TestRunnerDecorator.java:49)
	at mockit.integration.junit4.FakeFrameworkMethod.invokeExplosively(FakeFrameworkMethod.java:29)
	at org.junit.runners.model.FrameworkMethod.invokeExplosively(FrameworkMethod.java)
	at org.junit.internal.runners.statements.RunBefores.evaluate(RunBefores.java:24)
	at org.junit.internal.runners.statements.RunAfters.evaluate(RunAfters.java:27)
	at org.junit.rules.TestWatcher$1.evaluate(TestWatcher.java:55)
	at org.junit.rules.RunRules.evaluate(RunRules.java:20)
	at org.junit.runners.ParentRunner.runLeaf(ParentRunner.java:325)
	at org.junit.runners.BlockJUnit4ClassRunner.runChild(BlockJUnit4ClassRunner.java:78)
	at org.junit.runners.BlockJUnit4ClassRunner.runChild(BlockJUnit4ClassRunner.java:57)
	at org.junit.runners.ParentRunner$3.run(ParentRunner.java:290)
	at org.junit.runners.ParentRunner$1.schedule(ParentRunner.java:71)
	at org.junit.runners.ParentRunner.runChildren(ParentRunner.java:288)
	at org.junit.runners.ParentRunner.access$000(ParentRunner.java:58)
	at org.junit.runners.ParentRunner$2.evaluate(ParentRunner.java:268)
	at org.junit.internal.runners.statements.RunBefores.evaluate(RunBefores.java:26)
	at org.junit.runners.ParentRunner.run(ParentRunner.java:363)
	at org.apache.maven.surefire.junit4.JUnit4Provider.execute(JUnit4Provider.java:365)
	at org.apache.maven.surefire.junit4.JUnit4Provider.executeWithRerun(JUnit4Provider.java:273)
	at org.apache.maven.surefire.junit4.JUnit4Provider.executeTestSet(JUnit4Provider.java:238)
	at org.apache.maven.surefire.junit4.JUnit4Provider.invoke(JUnit4Provider.java:159)
	at org.apache.maven.surefire.booter.ForkedBooter.invokeProviderInSameClassLoader(ForkedBooter.java:384)
	at org.apache.maven.surefire.booter.ForkedBooter.runSuitesInProcess(ForkedBooter.java:345)
	at org.apache.maven.surefire.booter.ForkedBooter.execute(ForkedBooter.java:126)
	at org.apache.maven.surefire.booter.ForkedBooter.main(ForkedBooter.java:418)
Caused by: java.security.cert.CertificateException: Failed to verify both host address and host name
	at org.apache.zookeeper.common.ZKTrustManager.performHostVerification(ZKTrustManager.java:163)
	at org.apache.zookeeper.common.ZKTrustManager.checkServerTrusted(ZKTrustManager.java:90)
	at sun.security.ssl.ClientHandshaker.serverCertificate(ClientHandshaker.java:1670)
	... 47 more
Caused by: javax.net.ssl.SSLPeerUnverifiedException: Certificate for <activate.navicat.com> doesn't match common name of the certificate subject: localhost
	at org.apache.zookeeper.common.ZKHostnameVerifier.matchCN(ZKHostnameVerifier.java:238)
	at org.apache.zookeeper.common.ZKHostnameVerifier.verify(ZKHostnameVerifier.java:184)
	at org.apache.zookeeper.common.ZKTrustManager.performHostVerification(ZKTrustManager.java:159)
	... 49 more
2020-06-22 14:22:54,701 [myid:] - ERROR [nioEventLoopGroup-4-1:NettyServerCnxnFactory$CertificateVerifier@434] - Unsuccessful handshake with session 0x0
2020-06-22 14:22:54,702 [myid:] - WARN  [nioEventLoopGroup-4-1:NettyServerCnxnFactory$CnxnChannelHandler@273] - Exception caught
io.netty.handler.codec.DecoderException: javax.net.ssl.SSLException: Received fatal alert: certificate_unknown
	at io.netty.handler.codec.ByteToMessageDecoder.callDecode(ByteToMessageDecoder.java:468)
	at io.netty.handler.codec.ByteToMessageDecoder.channelRead(ByteToMessageDecoder.java:276)
	at io.netty.channel.AbstractChannelHandlerContext.invokeChannelRead(AbstractChannelHandlerContext.java:379)
	at io.netty.channel.AbstractChannelHandlerContext.invokeChannelRead(AbstractChannelHandlerContext.java:365)
	at io.netty.channel.AbstractChannelHandlerContext.fireChannelRead(AbstractChannelHandlerContext.java:357)
	at io.netty.channel.DefaultChannelPipeline$HeadContext.channelRead(DefaultChannelPipeline.java:1410)
	at io.netty.channel.AbstractChannelHandlerContext.invokeChannelRead(AbstractChannelHandlerContext.java:379)
	at io.netty.channel.AbstractChannelHandlerContext.invokeChannelRead(AbstractChannelHandlerContext.java:365)
	at io.netty.channel.DefaultChannelPipeline.fireChannelRead(DefaultChannelPipeline.java:919)
	at io.netty.channel.nio.AbstractNioByteChannel$NioByteUnsafe.read(AbstractNioByteChannel.java:163)
	at io.netty.channel.nio.NioEventLoop.processSelectedKey(NioEventLoop.java:714)
	at io.netty.channel.nio.NioEventLoop.processSelectedKeysOptimized(NioEventLoop.java:650)
	at io.netty.channel.nio.NioEventLoop.processSelectedKeys(NioEventLoop.java:576)
	at io.netty.channel.nio.NioEventLoop.run(NioEventLoop.java:493)
	at io.netty.util.concurrent.SingleThreadEventExecutor$4.run(SingleThreadEventExecutor.java:989)
	at io.netty.util.internal.ThreadExecutorMap$2.run(ThreadExecutorMap.java:74)
	at io.netty.util.concurrent.FastThreadLocalRunnable.run(FastThreadLocalRunnable.java:30)
	at java.lang.Thread.run(Thread.java:748)
Caused by: javax.net.ssl.SSLException: Received fatal alert: certificate_unknown
	at sun.security.ssl.Alerts.getSSLException(Alerts.java:214)
	at sun.security.ssl.SSLEngineImpl.fatal(SSLEngineImpl.java:1667)
	at sun.security.ssl.SSLEngineImpl.fatal(SSLEngineImpl.java:1635)
	at sun.security.ssl.SSLEngineImpl.recvAlert(SSLEngineImpl.java:1801)
	at sun.security.ssl.SSLEngineImpl.readRecord(SSLEngineImpl.java:1090)
	at sun.security.ssl.SSLEngineImpl.readNetRecord(SSLEngineImpl.java:913)
	at sun.security.ssl.SSLEngineImpl.unwrap(SSLEngineImpl.java:783)
	at javax.net.ssl.SSLEngine.unwrap(SSLEngine.java:626)
	at io.netty.handler.ssl.SslHandler$SslEngineType$3.unwrap(SslHandler.java:281)
	at io.netty.handler.ssl.SslHandler.unwrap(SslHandler.java:1340)
	at io.netty.handler.ssl.SslHandler.decodeJdkCompatible(SslHandler.java:1235)
	at io.netty.handler.ssl.SslHandler.decode(SslHandler.java:1282)
	at io.netty.handler.codec.ByteToMessageDecoder.decodeRemovalReentryProtection(ByteToMessageDecoder.java:498)
	at io.netty.handler.codec.ByteToMessageDecoder.callDecode(ByteToMessageDecoder.java:437)
	... 17 more
2020-06-22 14:22:54,703 [myid:] - WARN  [nioEventLoopGroup-4-1:NettyServerCnxnFactory$CnxnChannelHandler@273] - Exception caught
io.netty.handler.codec.DecoderException: javax.net.ssl.SSLException: Received fatal alert: certificate_unknown
	at io.netty.handler.codec.ByteToMessageDecoder.callDecode(ByteToMessageDecoder.java:468)
	at io.netty.handler.codec.ByteToMessageDecoder.channelInputClosed(ByteToMessageDecoder.java:401)
	at io.netty.handler.codec.ByteToMessageDecoder.channelInputClosed(ByteToMessageDecoder.java:368)
	at io.netty.handler.codec.ByteToMessageDecoder.channelInactive(ByteToMessageDecoder.java:351)
	at io.netty.handler.ssl.SslHandler.channelInactive(SslHandler.java:1084)
	at io.netty.channel.AbstractChannelHandlerContext.invokeChannelInactive(AbstractChannelHandlerContext.java:262)
	at io.netty.channel.AbstractChannelHandlerContext.invokeChannelInactive(AbstractChannelHandlerContext.java:248)
	at io.netty.channel.AbstractChannelHandlerContext.fireChannelInactive(AbstractChannelHandlerContext.java:241)
	at io.netty.channel.DefaultChannelPipeline$HeadContext.channelInactive(DefaultChannelPipeline.java:1405)
	at io.netty.channel.AbstractChannelHandlerContext.invokeChannelInactive(AbstractChannelHandlerContext.java:262)
	at io.netty.channel.AbstractChannelHandlerContext.invokeChannelInactive(AbstractChannelHandlerContext.java:248)
	at io.netty.channel.DefaultChannelPipeline.fireChannelInactive(DefaultChannelPipeline.java:901)
	at io.netty.channel.AbstractChannel$AbstractUnsafe$8.run(AbstractChannel.java:818)
	at io.netty.util.concurrent.AbstractEventExecutor.safeExecute(AbstractEventExecutor.java:164)
	at io.netty.util.concurrent.SingleThreadEventExecutor.runAllTasks(SingleThreadEventExecutor.java:472)
	at io.netty.channel.nio.NioEventLoop.run(NioEventLoop.java:497)
	at io.netty.util.concurrent.SingleThreadEventExecutor$4.run(SingleThreadEventExecutor.java:989)
	at io.netty.util.internal.ThreadExecutorMap$2.run(ThreadExecutorMap.java:74)
	at io.netty.util.concurrent.FastThreadLocalRunnable.run(FastThreadLocalRunnable.java:30)
	at java.lang.Thread.run(Thread.java:748)
Caused by: javax.net.ssl.SSLException: Received fatal alert: certificate_unknown
	at sun.security.ssl.Alerts.getSSLException(Alerts.java:214)
	at sun.security.ssl.SSLEngineImpl.fatal(SSLEngineImpl.java:1667)
	at sun.security.ssl.SSLEngineImpl.fatal(SSLEngineImpl.java:1635)
	at sun.security.ssl.SSLEngineImpl.recvAlert(SSLEngineImpl.java:1801)
	at sun.security.ssl.SSLEngineImpl.readRecord(SSLEngineImpl.java:1090)
	at sun.security.ssl.SSLEngineImpl.readNetRecord(SSLEngineImpl.java:913)
	at sun.security.ssl.SSLEngineImpl.unwrap(SSLEngineImpl.java:783)
	at javax.net.ssl.SSLEngine.unwrap(SSLEngine.java:626)
	at io.netty.handler.ssl.SslHandler$SslEngineType$3.unwrap(SslHandler.java:281)
	at io.netty.handler.ssl.SslHandler.unwrap(SslHandler.java:1340)
	at io.netty.handler.ssl.SslHandler.decodeJdkCompatible(SslHandler.java:1235)
	at io.netty.handler.ssl.SslHandler.decode(SslHandler.java:1282)
	at io.netty.handler.codec.ByteToMessageDecoder.decodeRemovalReentryProtection(ByteToMessageDecoder.java:498)
	at io.netty.handler.codec.ByteToMessageDecoder.callDecode(ByteToMessageDecoder.java:437)
	... 19 more
2020-06-22 14:22:54,952 [myid:] - INFO  [main:FourLetterWordMain@93] - connecting to 127.0.0.1 21995
2020-06-22 14:22:54,952 [myid:] - INFO  [main:FourLetterWordMain@99] - using secure socket
2020-06-22 14:22:54,965 [myid:] - ERROR [main:ZKTrustManager@161] - Failed to verify host address: 127.0.0.1
javax.net.ssl.SSLPeerUnverifiedException: Certificate for <127.0.0.1> doesn't match common name of the certificate subject: localhost
	at org.apache.zookeeper.common.ZKHostnameVerifier.matchCN(ZKHostnameVerifier.java:238)
	at org.apache.zookeeper.common.ZKHostnameVerifier.verify(ZKHostnameVerifier.java:184)
	at org.apache.zookeeper.common.ZKTrustManager.performHostVerification(ZKTrustManager.java:151)
	at org.apache.zookeeper.common.ZKTrustManager.checkServerTrusted(ZKTrustManager.java:90)
	at sun.security.ssl.ClientHandshaker.serverCertificate(ClientHandshaker.java:1670)
	at sun.security.ssl.ClientHandshaker.processMessage(ClientHandshaker.java:226)
	at sun.security.ssl.Handshaker.processLoop(Handshaker.java:1082)
	at sun.security.ssl.Handshaker.process_record(Handshaker.java:1010)
	at sun.security.ssl.SSLSocketImpl.readRecord(SSLSocketImpl.java:1079)
	at sun.security.ssl.SSLSocketImpl.performInitialHandshake(SSLSocketImpl.java:1388)
	at sun.security.ssl.SSLSocketImpl.startHandshake(SSLSocketImpl.java:1416)
	at sun.security.ssl.SSLSocketImpl.startHandshake(SSLSocketImpl.java:1400)
	at org.apache.zookeeper.client.FourLetterWordMain.send4LetterWord(FourLetterWordMain.java:105)
	at org.apache.zookeeper.client.FourLetterWordMain.send4LetterWord(FourLetterWordMain.java:73)
	at org.apache.zookeeper.test.ClientBase.waitForServerUp(ClientBase.java:261)
	at org.apache.zookeeper.test.ClientBase.startServerInstance(ClientBase.java:401)
	at org.apache.zookeeper.test.ClientBase.startServer(ClientBase.java:516)
	at org.apache.zookeeper.test.ClientBase.setUpWithServerId(ClientBase.java:499)
	at org.apache.zookeeper.test.ClientBase.setUp(ClientBase.java:474)
	at org.apache.zookeeper.test.SaslDigestAuthOverSSLTest.setUp(SaslDigestAuthOverSSLTest.java:62)
	at sun.reflect.NativeMethodAccessorImpl.invoke0(Native Method)
	at sun.reflect.NativeMethodAccessorImpl.invoke(NativeMethodAccessorImpl.java:62)
	at sun.reflect.DelegatingMethodAccessorImpl.invoke(DelegatingMethodAccessorImpl.java:43)
	at java.lang.reflect.Method.invoke(Method.java:498)
	at org.junit.runners.model.FrameworkMethod$1.runReflectiveCall(FrameworkMethod.java:50)
	at org.junit.internal.runners.model.ReflectiveCallable.run(ReflectiveCallable.java:12)
	at org.junit.runners.model.FrameworkMethod.invokeExplosively(FrameworkMethod.java:47)
	at mockit.integration.junit4.JUnit4TestRunnerDecorator.invokeExplosively(JUnit4TestRunnerDecorator.java:49)
	at mockit.integration.junit4.FakeFrameworkMethod.invokeExplosively(FakeFrameworkMethod.java:29)
	at org.junit.runners.model.FrameworkMethod.invokeExplosively(FrameworkMethod.java)
	at org.junit.internal.runners.statements.RunBefores.evaluate(RunBefores.java:24)
	at org.junit.internal.runners.statements.RunAfters.evaluate(RunAfters.java:27)
	at org.junit.rules.TestWatcher$1.evaluate(TestWatcher.java:55)
	at org.junit.rules.RunRules.evaluate(RunRules.java:20)
	at org.junit.runners.ParentRunner.runLeaf(ParentRunner.java:325)
	at org.junit.runners.BlockJUnit4ClassRunner.runChild(BlockJUnit4ClassRunner.java:78)
	at org.junit.runners.BlockJUnit4ClassRunner.runChild(BlockJUnit4ClassRunner.java:57)
	at org.junit.runners.ParentRunner$3.run(ParentRunner.java:290)
	at org.junit.runners.ParentRunner$1.schedule(ParentRunner.java:71)
	at org.junit.runners.ParentRunner.runChildren(ParentRunner.java:288)
	at org.junit.runners.ParentRunner.access$000(ParentRunner.java:58)
	at org.junit.runners.ParentRunner$2.evaluate(ParentRunner.java:268)
	at org.junit.internal.runners.statements.RunBefores.evaluate(RunBefores.java:26)
	at org.junit.runners.ParentRunner.run(ParentRunner.java:363)
	at org.apache.maven.surefire.junit4.JUnit4Provider.execute(JUnit4Provider.java:365)
	at org.apache.maven.surefire.junit4.JUnit4Provider.executeWithRerun(JUnit4Provider.java:273)
	at org.apache.maven.surefire.junit4.JUnit4Provider.executeTestSet(JUnit4Provider.java:238)
	at org.apache.maven.surefire.junit4.JUnit4Provider.invoke(JUnit4Provider.java:159)
	at org.apache.maven.surefire.booter.ForkedBooter.invokeProviderInSameClassLoader(ForkedBooter.java:384)
	at org.apache.maven.surefire.booter.ForkedBooter.runSuitesInProcess(ForkedBooter.java:345)
	at org.apache.maven.surefire.booter.ForkedBooter.execute(ForkedBooter.java:126)
	at org.apache.maven.surefire.booter.ForkedBooter.main(ForkedBooter.java:418)
2020-06-22 14:22:54,966 [myid:] - ERROR [main:ZKTrustManager@162] - Failed to verify hostname: activate.navicat.com
javax.net.ssl.SSLPeerUnverifiedException: Certificate for <activate.navicat.com> doesn't match common name of the certificate subject: localhost
	at org.apache.zookeeper.common.ZKHostnameVerifier.matchCN(ZKHostnameVerifier.java:238)
	at org.apache.zookeeper.common.ZKHostnameVerifier.verify(ZKHostnameVerifier.java:184)
	at org.apache.zookeeper.common.ZKTrustManager.performHostVerification(ZKTrustManager.java:159)
	at org.apache.zookeeper.common.ZKTrustManager.checkServerTrusted(ZKTrustManager.java:90)
	at sun.security.ssl.ClientHandshaker.serverCertificate(ClientHandshaker.java:1670)
	at sun.security.ssl.ClientHandshaker.processMessage(ClientHandshaker.java:226)
	at sun.security.ssl.Handshaker.processLoop(Handshaker.java:1082)
	at sun.security.ssl.Handshaker.process_record(Handshaker.java:1010)
	at sun.security.ssl.SSLSocketImpl.readRecord(SSLSocketImpl.java:1079)
	at sun.security.ssl.SSLSocketImpl.performInitialHandshake(SSLSocketImpl.java:1388)
	at sun.security.ssl.SSLSocketImpl.startHandshake(SSLSocketImpl.java:1416)
	at sun.security.ssl.SSLSocketImpl.startHandshake(SSLSocketImpl.java:1400)
	at org.apache.zookeeper.client.FourLetterWordMain.send4LetterWord(FourLetterWordMain.java:105)
	at org.apache.zookeeper.client.FourLetterWordMain.send4LetterWord(FourLetterWordMain.java:73)
	at org.apache.zookeeper.test.ClientBase.waitForServerUp(ClientBase.java:261)
	at org.apache.zookeeper.test.ClientBase.startServerInstance(ClientBase.java:401)
	at org.apache.zookeeper.test.ClientBase.startServer(ClientBase.java:516)
	at org.apache.zookeeper.test.ClientBase.setUpWithServerId(ClientBase.java:499)
	at org.apache.zookeeper.test.ClientBase.setUp(ClientBase.java:474)
	at org.apache.zookeeper.test.SaslDigestAuthOverSSLTest.setUp(SaslDigestAuthOverSSLTest.java:62)
	at sun.reflect.NativeMethodAccessorImpl.invoke0(Native Method)
	at sun.reflect.NativeMethodAccessorImpl.invoke(NativeMethodAccessorImpl.java:62)
	at sun.reflect.DelegatingMethodAccessorImpl.invoke(DelegatingMethodAccessorImpl.java:43)
	at java.lang.reflect.Method.invoke(Method.java:498)
	at org.junit.runners.model.FrameworkMethod$1.runReflectiveCall(FrameworkMethod.java:50)
	at org.junit.internal.runners.model.ReflectiveCallable.run(ReflectiveCallable.java:12)
	at org.junit.runners.model.FrameworkMethod.invokeExplosively(FrameworkMethod.java:47)
	at mockit.integration.junit4.JUnit4TestRunnerDecorator.invokeExplosively(JUnit4TestRunnerDecorator.java:49)
	at mockit.integration.junit4.FakeFrameworkMethod.invokeExplosively(FakeFrameworkMethod.java:29)
	at org.junit.runners.model.FrameworkMethod.invokeExplosively(FrameworkMethod.java)
	at org.junit.internal.runners.statements.RunBefores.evaluate(RunBefores.java:24)
	at org.junit.internal.runners.statements.RunAfters.evaluate(RunAfters.java:27)
	at org.junit.rules.TestWatcher$1.evaluate(TestWatcher.java:55)
	at org.junit.rules.RunRules.evaluate(RunRules.java:20)
	at org.junit.runners.ParentRunner.runLeaf(ParentRunner.java:325)
	at org.junit.runners.BlockJUnit4ClassRunner.runChild(BlockJUnit4ClassRunner.java:78)
	at org.junit.runners.BlockJUnit4ClassRunner.runChild(BlockJUnit4ClassRunner.java:57)
	at org.junit.runners.ParentRunner$3.run(ParentRunner.java:290)
	at org.junit.runners.ParentRunner$1.schedule(ParentRunner.java:71)
	at org.junit.runners.ParentRunner.runChildren(ParentRunner.java:288)
	at org.junit.runners.ParentRunner.access$000(ParentRunner.java:58)
	at org.junit.runners.ParentRunner$2.evaluate(ParentRunner.java:268)
	at org.junit.internal.runners.statements.RunBefores.evaluate(RunBefores.java:26)
	at org.junit.runners.ParentRunner.run(ParentRunner.java:363)
	at org.apache.maven.surefire.junit4.JUnit4Provider.execute(JUnit4Provider.java:365)
	at org.apache.maven.surefire.junit4.JUnit4Provider.executeWithRerun(JUnit4Provider.java:273)
	at org.apache.maven.surefire.junit4.JUnit4Provider.executeTestSet(JUnit4Provider.java:238)
	at org.apache.maven.surefire.junit4.JUnit4Provider.invoke(JUnit4Provider.java:159)
	at org.apache.maven.surefire.booter.ForkedBooter.invokeProviderInSameClassLoader(ForkedBooter.java:384)
	at org.apache.maven.surefire.booter.ForkedBooter.runSuitesInProcess(ForkedBooter.java:345)
	at org.apache.maven.surefire.booter.ForkedBooter.execute(ForkedBooter.java:126)
	at org.apache.maven.surefire.booter.ForkedBooter.main(ForkedBooter.java:418)
2020-06-22 14:22:54,967 [myid:] - INFO  [main:ClientBase@270] - server 127.0.0.1:21995 not up
javax.net.ssl.SSLHandshakeException: java.security.cert.CertificateException: Failed to verify both host address and host name
	at sun.security.ssl.Alerts.getSSLException(Alerts.java:198)
	at sun.security.ssl.SSLSocketImpl.fatal(SSLSocketImpl.java:1967)
	at sun.security.ssl.Handshaker.fatalSE(Handshaker.java:331)
	at sun.security.ssl.Handshaker.fatalSE(Handshaker.java:325)
	at sun.security.ssl.ClientHandshaker.serverCertificate(ClientHandshaker.java:1688)
	at sun.security.ssl.ClientHandshaker.processMessage(ClientHandshaker.java:226)
	at sun.security.ssl.Handshaker.processLoop(Handshaker.java:1082)
	at sun.security.ssl.Handshaker.process_record(Handshaker.java:1010)
	at sun.security.ssl.SSLSocketImpl.readRecord(SSLSocketImpl.java:1079)
	at sun.security.ssl.SSLSocketImpl.performInitialHandshake(SSLSocketImpl.java:1388)
	at sun.security.ssl.SSLSocketImpl.startHandshake(SSLSocketImpl.java:1416)
	at sun.security.ssl.SSLSocketImpl.startHandshake(SSLSocketImpl.java:1400)
	at org.apache.zookeeper.client.FourLetterWordMain.send4LetterWord(FourLetterWordMain.java:105)
	at org.apache.zookeeper.client.FourLetterWordMain.send4LetterWord(FourLetterWordMain.java:73)
	at org.apache.zookeeper.test.ClientBase.waitForServerUp(ClientBase.java:261)
	at org.apache.zookeeper.test.ClientBase.startServerInstance(ClientBase.java:401)
	at org.apache.zookeeper.test.ClientBase.startServer(ClientBase.java:516)
	at org.apache.zookeeper.test.ClientBase.setUpWithServerId(ClientBase.java:499)
	at org.apache.zookeeper.test.ClientBase.setUp(ClientBase.java:474)
	at org.apache.zookeeper.test.SaslDigestAuthOverSSLTest.setUp(SaslDigestAuthOverSSLTest.java:62)
	at sun.reflect.NativeMethodAccessorImpl.invoke0(Native Method)
	at sun.reflect.NativeMethodAccessorImpl.invoke(NativeMethodAccessorImpl.java:62)
	at sun.reflect.DelegatingMethodAccessorImpl.invoke(DelegatingMethodAccessorImpl.java:43)
	at java.lang.reflect.Method.invoke(Method.java:498)
	at org.junit.runners.model.FrameworkMethod$1.runReflectiveCall(FrameworkMethod.java:50)
	at org.junit.internal.runners.model.ReflectiveCallable.run(ReflectiveCallable.java:12)
	at org.junit.runners.model.FrameworkMethod.invokeExplosively(FrameworkMethod.java:47)
	at mockit.integration.junit4.JUnit4TestRunnerDecorator.invokeExplosively(JUnit4TestRunnerDecorator.java:49)
	at mockit.integration.junit4.FakeFrameworkMethod.invokeExplosively(FakeFrameworkMethod.java:29)
	at org.junit.runners.model.FrameworkMethod.invokeExplosively(FrameworkMethod.java)
	at org.junit.internal.runners.statements.RunBefores.evaluate(RunBefores.java:24)
	at org.junit.internal.runners.statements.RunAfters.evaluate(RunAfters.java:27)
	at org.junit.rules.TestWatcher$1.evaluate(TestWatcher.java:55)
	at org.junit.rules.RunRules.evaluate(RunRules.java:20)
	at org.junit.runners.ParentRunner.runLeaf(ParentRunner.java:325)
	at org.junit.runners.BlockJUnit4ClassRunner.runChild(BlockJUnit4ClassRunner.java:78)
	at org.junit.runners.BlockJUnit4ClassRunner.runChild(BlockJUnit4ClassRunner.java:57)
	at org.junit.runners.ParentRunner$3.run(ParentRunner.java:290)
	at org.junit.runners.ParentRunner$1.schedule(ParentRunner.java:71)
	at org.junit.runners.ParentRunner.runChildren(ParentRunner.java:288)
	at org.junit.runners.ParentRunner.access$000(ParentRunner.java:58)
	at org.junit.runners.ParentRunner$2.evaluate(ParentRunner.java:268)
	at org.junit.internal.runners.statements.RunBefores.evaluate(RunBefores.java:26)
	at org.junit.runners.ParentRunner.run(ParentRunner.java:363)
	at org.apache.maven.surefire.junit4.JUnit4Provider.execute(JUnit4Provider.java:365)
	at org.apache.maven.surefire.junit4.JUnit4Provider.executeWithRerun(JUnit4Provider.java:273)
	at org.apache.maven.surefire.junit4.JUnit4Provider.executeTestSet(JUnit4Provider.java:238)
	at org.apache.maven.surefire.junit4.JUnit4Provider.invoke(JUnit4Provider.java:159)
	at org.apache.maven.surefire.booter.ForkedBooter.invokeProviderInSameClassLoader(ForkedBooter.java:384)
	at org.apache.maven.surefire.booter.ForkedBooter.runSuitesInProcess(ForkedBooter.java:345)
	at org.apache.maven.surefire.booter.ForkedBooter.execute(ForkedBooter.java:126)
	at org.apache.maven.surefire.booter.ForkedBooter.main(ForkedBooter.java:418)
Caused by: java.security.cert.CertificateException: Failed to verify both host address and host name
	at org.apache.zookeeper.common.ZKTrustManager.performHostVerification(ZKTrustManager.java:163)
	at org.apache.zookeeper.common.ZKTrustManager.checkServerTrusted(ZKTrustManager.java:90)
	at sun.security.ssl.ClientHandshaker.serverCertificate(ClientHandshaker.java:1670)
	... 47 more
Caused by: javax.net.ssl.SSLPeerUnverifiedException: Certificate for <activate.navicat.com> doesn't match common name of the certificate subject: localhost
	at org.apache.zookeeper.common.ZKHostnameVerifier.matchCN(ZKHostnameVerifier.java:238)
	at org.apache.zookeeper.common.ZKHostnameVerifier.verify(ZKHostnameVerifier.java:184)
	at org.apache.zookeeper.common.ZKTrustManager.performHostVerification(ZKTrustManager.java:159)
	... 49 more
2020-06-22 14:22:54,967 [myid:] - ERROR [nioEventLoopGroup-4-2:NettyServerCnxnFactory$CertificateVerifier@434] - Unsuccessful handshake with session 0x0
2020-06-22 14:22:54,969 [myid:] - WARN  [nioEventLoopGroup-4-2:NettyServerCnxnFactory$CnxnChannelHandler@273] - Exception caught
io.netty.handler.codec.DecoderException: javax.net.ssl.SSLException: Received fatal alert: certificate_unknown
	at io.netty.handler.codec.ByteToMessageDecoder.callDecode(ByteToMessageDecoder.java:468)
	at io.netty.handler.codec.ByteToMessageDecoder.channelRead(ByteToMessageDecoder.java:276)
	at io.netty.channel.AbstractChannelHandlerContext.invokeChannelRead(AbstractChannelHandlerContext.java:379)
	at io.netty.channel.AbstractChannelHandlerContext.invokeChannelRead(AbstractChannelHandlerContext.java:365)
	at io.netty.channel.AbstractChannelHandlerContext.fireChannelRead(AbstractChannelHandlerContext.java:357)
	at io.netty.channel.DefaultChannelPipeline$HeadContext.channelRead(DefaultChannelPipeline.java:1410)
	at io.netty.channel.AbstractChannelHandlerContext.invokeChannelRead(AbstractChannelHandlerContext.java:379)
	at io.netty.channel.AbstractChannelHandlerContext.invokeChannelRead(AbstractChannelHandlerContext.java:365)
	at io.netty.channel.DefaultChannelPipeline.fireChannelRead(DefaultChannelPipeline.java:919)
	at io.netty.channel.nio.AbstractNioByteChannel$NioByteUnsafe.read(AbstractNioByteChannel.java:163)
	at io.netty.channel.nio.NioEventLoop.processSelectedKey(NioEventLoop.java:714)
	at io.netty.channel.nio.NioEventLoop.processSelectedKeysOptimized(NioEventLoop.java:650)
	at io.netty.channel.nio.NioEventLoop.processSelectedKeys(NioEventLoop.java:576)
	at io.netty.channel.nio.NioEventLoop.run(NioEventLoop.java:493)
	at io.netty.util.concurrent.SingleThreadEventExecutor$4.run(SingleThreadEventExecutor.java:989)
	at io.netty.util.internal.ThreadExecutorMap$2.run(ThreadExecutorMap.java:74)
	at io.netty.util.concurrent.FastThreadLocalRunnable.run(FastThreadLocalRunnable.java:30)
	at java.lang.Thread.run(Thread.java:748)
Caused by: javax.net.ssl.SSLException: Received fatal alert: certificate_unknown
	at sun.security.ssl.Alerts.getSSLException(Alerts.java:214)
	at sun.security.ssl.SSLEngineImpl.fatal(SSLEngineImpl.java:1667)
	at sun.security.ssl.SSLEngineImpl.fatal(SSLEngineImpl.java:1635)
	at sun.security.ssl.SSLEngineImpl.recvAlert(SSLEngineImpl.java:1801)
	at sun.security.ssl.SSLEngineImpl.readRecord(SSLEngineImpl.java:1090)
	at sun.security.ssl.SSLEngineImpl.readNetRecord(SSLEngineImpl.java:913)
	at sun.security.ssl.SSLEngineImpl.unwrap(SSLEngineImpl.java:783)
	at javax.net.ssl.SSLEngine.unwrap(SSLEngine.java:626)
	at io.netty.handler.ssl.SslHandler$SslEngineType$3.unwrap(SslHandler.java:281)
	at io.netty.handler.ssl.SslHandler.unwrap(SslHandler.java:1340)
	at io.netty.handler.ssl.SslHandler.decodeJdkCompatible(SslHandler.java:1235)
	at io.netty.handler.ssl.SslHandler.decode(SslHandler.java:1282)
	at io.netty.handler.codec.ByteToMessageDecoder.decodeRemovalReentryProtection(ByteToMessageDecoder.java:498)
	at io.netty.handler.codec.ByteToMessageDecoder.callDecode(ByteToMessageDecoder.java:437)
	... 17 more
2020-06-22 14:22:54,970 [myid:] - WARN  [nioEventLoopGroup-4-2:NettyServerCnxnFactory$CnxnChannelHandler@273] - Exception caught
io.netty.handler.codec.DecoderException: javax.net.ssl.SSLException: Received fatal alert: certificate_unknown
	at io.netty.handler.codec.ByteToMessageDecoder.callDecode(ByteToMessageDecoder.java:468)
	at io.netty.handler.codec.ByteToMessageDecoder.channelInputClosed(ByteToMessageDecoder.java:401)
	at io.netty.handler.codec.ByteToMessageDecoder.channelInputClosed(ByteToMessageDecoder.java:368)
	at io.netty.handler.codec.ByteToMessageDecoder.channelInactive(ByteToMessageDecoder.java:351)
	at io.netty.handler.ssl.SslHandler.channelInactive(SslHandler.java:1084)
	at io.netty.channel.AbstractChannelHandlerContext.invokeChannelInactive(AbstractChannelHandlerContext.java:262)
	at io.netty.channel.AbstractChannelHandlerContext.invokeChannelInactive(AbstractChannelHandlerContext.java:248)
	at io.netty.channel.AbstractChannelHandlerContext.fireChannelInactive(AbstractChannelHandlerContext.java:241)
	at io.netty.channel.DefaultChannelPipeline$HeadContext.channelInactive(DefaultChannelPipeline.java:1405)
	at io.netty.channel.AbstractChannelHandlerContext.invokeChannelInactive(AbstractChannelHandlerContext.java:262)
	at io.netty.channel.AbstractChannelHandlerContext.invokeChannelInactive(AbstractChannelHandlerContext.java:248)
	at io.netty.channel.DefaultChannelPipeline.fireChannelInactive(DefaultChannelPipeline.java:901)
	at io.netty.channel.AbstractChannel$AbstractUnsafe$8.run(AbstractChannel.java:818)
	at io.netty.util.concurrent.AbstractEventExecutor.safeExecute(AbstractEventExecutor.java:164)
	at io.netty.util.concurrent.SingleThreadEventExecutor.runAllTasks(SingleThreadEventExecutor.java:472)
	at io.netty.channel.nio.NioEventLoop.run(NioEventLoop.java:497)
	at io.netty.util.concurrent.SingleThreadEventExecutor$4.run(SingleThreadEventExecutor.java:989)
	at io.netty.util.internal.ThreadExecutorMap$2.run(ThreadExecutorMap.java:74)
	at io.netty.util.concurrent.FastThreadLocalRunnable.run(FastThreadLocalRunnable.java:30)
	at java.lang.Thread.run(Thread.java:748)
Caused by: javax.net.ssl.SSLException: Received fatal alert: certificate_unknown
	at sun.security.ssl.Alerts.getSSLException(Alerts.java:214)
	at sun.security.ssl.SSLEngineImpl.fatal(SSLEngineImpl.java:1667)
	at sun.security.ssl.SSLEngineImpl.fatal(SSLEngineImpl.java:1635)
	at sun.security.ssl.SSLEngineImpl.recvAlert(SSLEngineImpl.java:1801)
	at sun.security.ssl.SSLEngineImpl.readRecord(SSLEngineImpl.java:1090)
	at sun.security.ssl.SSLEngineImpl.readNetRecord(SSLEngineImpl.java:913)
	at sun.security.ssl.SSLEngineImpl.unwrap(SSLEngineImpl.java:783)
	at javax.net.ssl.SSLEngine.unwrap(SSLEngine.java:626)
	at io.netty.handler.ssl.SslHandler$SslEngineType$3.unwrap(SslHandler.java:281)
	at io.netty.handler.ssl.SslHandler.unwrap(SslHandler.java:1340)
	at io.netty.handler.ssl.SslHandler.decodeJdkCompatible(SslHandler.java:1235)
	at io.netty.handler.ssl.SslHandler.decode(SslHandler.java:1282)
	at io.netty.handler.codec.ByteToMessageDecoder.decodeRemovalReentryProtection(ByteToMessageDecoder.java:498)
	at io.netty.handler.codec.ByteToMessageDecoder.callDecode(ByteToMessageDecoder.java:437)
	... 19 more
2020-06-22 14:22:55,218 [myid:] - INFO  [main:FourLetterWordMain@93] - connecting to 127.0.0.1 21995
2020-06-22 14:22:55,218 [myid:] - INFO  [main:FourLetterWordMain@99] - using secure socket
2020-06-22 14:22:55,231 [myid:] - ERROR [main:ZKTrustManager@161] - Failed to verify host address: 127.0.0.1
javax.net.ssl.SSLPeerUnverifiedException: Certificate for <127.0.0.1> doesn't match common name of the certificate subject: localhost
	at org.apache.zookeeper.common.ZKHostnameVerifier.matchCN(ZKHostnameVerifier.java:238)
	at org.apache.zookeeper.common.ZKHostnameVerifier.verify(ZKHostnameVerifier.java:184)
	at org.apache.zookeeper.common.ZKTrustManager.performHostVerification(ZKTrustManager.java:151)
	at org.apache.zookeeper.common.ZKTrustManager.checkServerTrusted(ZKTrustManager.java:90)
	at sun.security.ssl.ClientHandshaker.serverCertificate(ClientHandshaker.java:1670)
	at sun.security.ssl.ClientHandshaker.processMessage(ClientHandshaker.java:226)
	at sun.security.ssl.Handshaker.processLoop(Handshaker.java:1082)
	at sun.security.ssl.Handshaker.process_record(Handshaker.java:1010)
	at sun.security.ssl.SSLSocketImpl.readRecord(SSLSocketImpl.java:1079)
	at sun.security.ssl.SSLSocketImpl.performInitialHandshake(SSLSocketImpl.java:1388)
	at sun.security.ssl.SSLSocketImpl.startHandshake(SSLSocketImpl.java:1416)
	at sun.security.ssl.SSLSocketImpl.startHandshake(SSLSocketImpl.java:1400)
	at org.apache.zookeeper.client.FourLetterWordMain.send4LetterWord(FourLetterWordMain.java:105)
	at org.apache.zookeeper.client.FourLetterWordMain.send4LetterWord(FourLetterWordMain.java:73)
	at org.apache.zookeeper.test.ClientBase.waitForServerUp(ClientBase.java:261)
	at org.apache.zookeeper.test.ClientBase.startServerInstance(ClientBase.java:401)
	at org.apache.zookeeper.test.ClientBase.startServer(ClientBase.java:516)
	at org.apache.zookeeper.test.ClientBase.setUpWithServerId(ClientBase.java:499)
	at org.apache.zookeeper.test.ClientBase.setUp(ClientBase.java:474)
	at org.apache.zookeeper.test.SaslDigestAuthOverSSLTest.setUp(SaslDigestAuthOverSSLTest.java:62)
	at sun.reflect.NativeMethodAccessorImpl.invoke0(Native Method)
	at sun.reflect.NativeMethodAccessorImpl.invoke(NativeMethodAccessorImpl.java:62)
	at sun.reflect.DelegatingMethodAccessorImpl.invoke(DelegatingMethodAccessorImpl.java:43)
	at java.lang.reflect.Method.invoke(Method.java:498)
	at org.junit.runners.model.FrameworkMethod$1.runReflectiveCall(FrameworkMethod.java:50)
	at org.junit.internal.runners.model.ReflectiveCallable.run(ReflectiveCallable.java:12)
	at org.junit.runners.model.FrameworkMethod.invokeExplosively(FrameworkMethod.java:47)
	at mockit.integration.junit4.JUnit4TestRunnerDecorator.invokeExplosively(JUnit4TestRunnerDecorator.java:49)
	at mockit.integration.junit4.FakeFrameworkMethod.invokeExplosively(FakeFrameworkMethod.java:29)
	at org.junit.runners.model.FrameworkMethod.invokeExplosively(FrameworkMethod.java)
	at org.junit.internal.runners.statements.RunBefores.evaluate(RunBefores.java:24)
	at org.junit.internal.runners.statements.RunAfters.evaluate(RunAfters.java:27)
	at org.junit.rules.TestWatcher$1.evaluate(TestWatcher.java:55)
	at org.junit.rules.RunRules.evaluate(RunRules.java:20)
	at org.junit.runners.ParentRunner.runLeaf(ParentRunner.java:325)
	at org.junit.runners.BlockJUnit4ClassRunner.runChild(BlockJUnit4ClassRunner.java:78)
	at org.junit.runners.BlockJUnit4ClassRunner.runChild(BlockJUnit4ClassRunner.java:57)
	at org.junit.runners.ParentRunner$3.run(ParentRunner.java:290)
	at org.junit.runners.ParentRunner$1.schedule(ParentRunner.java:71)
	at org.junit.runners.ParentRunner.runChildren(ParentRunner.java:288)
	at org.junit.runners.ParentRunner.access$000(ParentRunner.java:58)
	at org.junit.runners.ParentRunner$2.evaluate(ParentRunner.java:268)
	at org.junit.internal.runners.statements.RunBefores.evaluate(RunBefores.java:26)
	at org.junit.runners.ParentRunner.run(ParentRunner.java:363)
	at org.apache.maven.surefire.junit4.JUnit4Provider.execute(JUnit4Provider.java:365)
	at org.apache.maven.surefire.junit4.JUnit4Provider.executeWithRerun(JUnit4Provider.java:273)
	at org.apache.maven.surefire.junit4.JUnit4Provider.executeTestSet(JUnit4Provider.java:238)
	at org.apache.maven.surefire.junit4.JUnit4Provider.invoke(JUnit4Provider.java:159)
	at org.apache.maven.surefire.booter.ForkedBooter.invokeProviderInSameClassLoader(ForkedBooter.java:384)
	at org.apache.maven.surefire.booter.ForkedBooter.runSuitesInProcess(ForkedBooter.java:345)
	at org.apache.maven.surefire.booter.ForkedBooter.execute(ForkedBooter.java:126)
	at org.apache.maven.surefire.booter.ForkedBooter.main(ForkedBooter.java:418)
2020-06-22 14:22:55,232 [myid:] - ERROR [main:ZKTrustManager@162] - Failed to verify hostname: activate.navicat.com
javax.net.ssl.SSLPeerUnverifiedException: Certificate for <activate.navicat.com> doesn't match common name of the certificate subject: localhost
	at org.apache.zookeeper.common.ZKHostnameVerifier.matchCN(ZKHostnameVerifier.java:238)
	at org.apache.zookeeper.common.ZKHostnameVerifier.verify(ZKHostnameVerifier.java:184)
	at org.apache.zookeeper.common.ZKTrustManager.performHostVerification(ZKTrustManager.java:159)
	at org.apache.zookeeper.common.ZKTrustManager.checkServerTrusted(ZKTrustManager.java:90)
	at sun.security.ssl.ClientHandshaker.serverCertificate(ClientHandshaker.java:1670)
	at sun.security.ssl.ClientHandshaker.processMessage(ClientHandshaker.java:226)
	at sun.security.ssl.Handshaker.processLoop(Handshaker.java:1082)
	at sun.security.ssl.Handshaker.process_record(Handshaker.java:1010)
	at sun.security.ssl.SSLSocketImpl.readRecord(SSLSocketImpl.java:1079)
	at sun.security.ssl.SSLSocketImpl.performInitialHandshake(SSLSocketImpl.java:1388)
	at sun.security.ssl.SSLSocketImpl.startHandshake(SSLSocketImpl.java:1416)
	at sun.security.ssl.SSLSocketImpl.startHandshake(SSLSocketImpl.java:1400)
	at org.apache.zookeeper.client.FourLetterWordMain.send4LetterWord(FourLetterWordMain.java:105)
	at org.apache.zookeeper.client.FourLetterWordMain.send4LetterWord(FourLetterWordMain.java:73)
	at org.apache.zookeeper.test.ClientBase.waitForServerUp(ClientBase.java:261)
	at org.apache.zookeeper.test.ClientBase.startServerInstance(ClientBase.java:401)
	at org.apache.zookeeper.test.ClientBase.startServer(ClientBase.java:516)
	at org.apache.zookeeper.test.ClientBase.setUpWithServerId(ClientBase.java:499)
	at org.apache.zookeeper.test.ClientBase.setUp(ClientBase.java:474)
	at org.apache.zookeeper.test.SaslDigestAuthOverSSLTest.setUp(SaslDigestAuthOverSSLTest.java:62)
	at sun.reflect.NativeMethodAccessorImpl.invoke0(Native Method)
	at sun.reflect.NativeMethodAccessorImpl.invoke(NativeMethodAccessorImpl.java:62)
	at sun.reflect.DelegatingMethodAccessorImpl.invoke(DelegatingMethodAccessorImpl.java:43)
	at java.lang.reflect.Method.invoke(Method.java:498)
	at org.junit.runners.model.FrameworkMethod$1.runReflectiveCall(FrameworkMethod.java:50)
	at org.junit.internal.runners.model.ReflectiveCallable.run(ReflectiveCallable.java:12)
	at org.junit.runners.model.FrameworkMethod.invokeExplosively(FrameworkMethod.java:47)
	at mockit.integration.junit4.JUnit4TestRunnerDecorator.invokeExplosively(JUnit4TestRunnerDecorator.java:49)
	at mockit.integration.junit4.FakeFrameworkMethod.invokeExplosively(FakeFrameworkMethod.java:29)
	at org.junit.runners.model.FrameworkMethod.invokeExplosively(FrameworkMethod.java)
	at org.junit.internal.runners.statements.RunBefores.evaluate(RunBefores.java:24)
	at org.junit.internal.runners.statements.RunAfters.evaluate(RunAfters.java:27)
	at org.junit.rules.TestWatcher$1.evaluate(TestWatcher.java:55)
	at org.junit.rules.RunRules.evaluate(RunRules.java:20)
	at org.junit.runners.ParentRunner.runLeaf(ParentRunner.java:325)
	at org.junit.runners.BlockJUnit4ClassRunner.runChild(BlockJUnit4ClassRunner.java:78)
	at org.junit.runners.BlockJUnit4ClassRunner.runChild(BlockJUnit4ClassRunner.java:57)
	at org.junit.runners.ParentRunner$3.run(ParentRunner.java:290)
	at org.junit.runners.ParentRunner$1.schedule(ParentRunner.java:71)
	at org.junit.runners.ParentRunner.runChildren(ParentRunner.java:288)
	at org.junit.runners.ParentRunner.access$000(ParentRunner.java:58)
	at org.junit.runners.ParentRunner$2.evaluate(ParentRunner.java:268)
	at org.junit.internal.runners.statements.RunBefores.evaluate(RunBefores.java:26)
	at org.junit.runners.ParentRunner.run(ParentRunner.java:363)
	at org.apache.maven.surefire.junit4.JUnit4Provider.execute(JUnit4Provider.java:365)
	at org.apache.maven.surefire.junit4.JUnit4Provider.executeWithRerun(JUnit4Provider.java:273)
	at org.apache.maven.surefire.junit4.JUnit4Provider.executeTestSet(JUnit4Provider.java:238)
	at org.apache.maven.surefire.junit4.JUnit4Provider.invoke(JUnit4Provider.java:159)
	at org.apache.maven.surefire.booter.ForkedBooter.invokeProviderInSameClassLoader(ForkedBooter.java:384)
	at org.apache.maven.surefire.booter.ForkedBooter.runSuitesInProcess(ForkedBooter.java:345)
	at org.apache.maven.surefire.booter.ForkedBooter.execute(ForkedBooter.java:126)
	at org.apache.maven.surefire.booter.ForkedBooter.main(ForkedBooter.java:418)
2020-06-22 14:22:55,233 [myid:] - INFO  [main:ClientBase@270] - server 127.0.0.1:21995 not up
javax.net.ssl.SSLHandshakeException: java.security.cert.CertificateException: Failed to verify both host address and host name
	at sun.security.ssl.Alerts.getSSLException(Alerts.java:198)
	at sun.security.ssl.SSLSocketImpl.fatal(SSLSocketImpl.java:1967)
	at sun.security.ssl.Handshaker.fatalSE(Handshaker.java:331)
	at sun.security.ssl.Handshaker.fatalSE(Handshaker.java:325)
	at sun.security.ssl.ClientHandshaker.serverCertificate(ClientHandshaker.java:1688)
	at sun.security.ssl.ClientHandshaker.processMessage(ClientHandshaker.java:226)
	at sun.security.ssl.Handshaker.processLoop(Handshaker.java:1082)
	at sun.security.ssl.Handshaker.process_record(Handshaker.java:1010)
	at sun.security.ssl.SSLSocketImpl.readRecord(SSLSocketImpl.java:1079)
	at sun.security.ssl.SSLSocketImpl.performInitialHandshake(SSLSocketImpl.java:1388)
	at sun.security.ssl.SSLSocketImpl.startHandshake(SSLSocketImpl.java:1416)
	at sun.security.ssl.SSLSocketImpl.startHandshake(SSLSocketImpl.java:1400)
	at org.apache.zookeeper.client.FourLetterWordMain.send4LetterWord(FourLetterWordMain.java:105)
	at org.apache.zookeeper.client.FourLetterWordMain.send4LetterWord(FourLetterWordMain.java:73)
	at org.apache.zookeeper.test.ClientBase.waitForServerUp(ClientBase.java:261)
	at org.apache.zookeeper.test.ClientBase.startServerInstance(ClientBase.java:401)
	at org.apache.zookeeper.test.ClientBase.startServer(ClientBase.java:516)
	at org.apache.zookeeper.test.ClientBase.setUpWithServerId(ClientBase.java:499)
	at org.apache.zookeeper.test.ClientBase.setUp(ClientBase.java:474)
	at org.apache.zookeeper.test.SaslDigestAuthOverSSLTest.setUp(SaslDigestAuthOverSSLTest.java:62)
	at sun.reflect.NativeMethodAccessorImpl.invoke0(Native Method)
	at sun.reflect.NativeMethodAccessorImpl.invoke(NativeMethodAccessorImpl.java:62)
	at sun.reflect.DelegatingMethodAccessorImpl.invoke(DelegatingMethodAccessorImpl.java:43)
	at java.lang.reflect.Method.invoke(Method.java:498)
	at org.junit.runners.model.FrameworkMethod$1.runReflectiveCall(FrameworkMethod.java:50)
	at org.junit.internal.runners.model.ReflectiveCallable.run(ReflectiveCallable.java:12)
	at org.junit.runners.model.FrameworkMethod.invokeExplosively(FrameworkMethod.java:47)
	at mockit.integration.junit4.JUnit4TestRunnerDecorator.invokeExplosively(JUnit4TestRunnerDecorator.java:49)
	at mockit.integration.junit4.FakeFrameworkMethod.invokeExplosively(FakeFrameworkMethod.java:29)
	at org.junit.runners.model.FrameworkMethod.invokeExplosively(FrameworkMethod.java)
	at org.junit.internal.runners.statements.RunBefores.evaluate(RunBefores.java:24)
	at org.junit.internal.runners.statements.RunAfters.evaluate(RunAfters.java:27)
	at org.junit.rules.TestWatcher$1.evaluate(TestWatcher.java:55)
	at org.junit.rules.RunRules.evaluate(RunRules.java:20)
	at org.junit.runners.ParentRunner.runLeaf(ParentRunner.java:325)
	at org.junit.runners.BlockJUnit4ClassRunner.runChild(BlockJUnit4ClassRunner.java:78)
	at org.junit.runners.BlockJUnit4ClassRunner.runChild(BlockJUnit4ClassRunner.java:57)
	at org.junit.runners.ParentRunner$3.run(ParentRunner.java:290)
	at org.junit.runners.ParentRunner$1.schedule(ParentRunner.java:71)
	at org.junit.runners.ParentRunner.runChildren(ParentRunner.java:288)
	at org.junit.runners.ParentRunner.access$000(ParentRunner.java:58)
	at org.junit.runners.ParentRunner$2.evaluate(ParentRunner.java:268)
	at org.junit.internal.runners.statements.RunBefores.evaluate(RunBefores.java:26)
	at org.junit.runners.ParentRunner.run(ParentRunner.java:363)
	at org.apache.maven.surefire.junit4.JUnit4Provider.execute(JUnit4Provider.java:365)
	at org.apache.maven.surefire.junit4.JUnit4Provider.executeWithRerun(JUnit4Provider.java:273)
	at org.apache.maven.surefire.junit4.JUnit4Provider.executeTestSet(JUnit4Provider.java:238)
	at org.apache.maven.surefire.junit4.JUnit4Provider.invoke(JUnit4Provider.java:159)
	at org.apache.maven.surefire.booter.ForkedBooter.invokeProviderInSameClassLoader(ForkedBooter.java:384)
	at org.apache.maven.surefire.booter.ForkedBooter.runSuitesInProcess(ForkedBooter.java:345)
	at org.apache.maven.surefire.booter.ForkedBooter.execute(ForkedBooter.java:126)
	at org.apache.maven.surefire.booter.ForkedBooter.main(ForkedBooter.java:418)
Caused by: java.security.cert.CertificateException: Failed to verify both host address and host name
	at org.apache.zookeeper.common.ZKTrustManager.performHostVerification(ZKTrustManager.java:163)
	at org.apache.zookeeper.common.ZKTrustManager.checkServerTrusted(ZKTrustManager.java:90)
	at sun.security.ssl.ClientHandshaker.serverCertificate(ClientHandshaker.java:1670)
	... 47 more
Caused by: javax.net.ssl.SSLPeerUnverifiedException: Certificate for <activate.navicat.com> doesn't match common name of the certificate subject: localhost
	at org.apache.zookeeper.common.ZKHostnameVerifier.matchCN(ZKHostnameVerifier.java:238)
	at org.apache.zookeeper.common.ZKHostnameVerifier.verify(ZKHostnameVerifier.java:184)
	at org.apache.zookeeper.common.ZKTrustManager.performHostVerification(ZKTrustManager.java:159)
	... 49 more
2020-06-22 14:22:55,233 [myid:] - ERROR [nioEventLoopGroup-4-3:NettyServerCnxnFactory$CertificateVerifier@434] - Unsuccessful handshake with session 0x0
2020-06-22 14:22:55,234 [myid:] - WARN  [nioEventLoopGroup-4-3:NettyServerCnxnFactory$CnxnChannelHandler@273] - Exception caught
io.netty.handler.codec.DecoderException: javax.net.ssl.SSLException: Received fatal alert: certificate_unknown
	at io.netty.handler.codec.ByteToMessageDecoder.callDecode(ByteToMessageDecoder.java:468)
	at io.netty.handler.codec.ByteToMessageDecoder.channelRead(ByteToMessageDecoder.java:276)
	at io.netty.channel.AbstractChannelHandlerContext.invokeChannelRead(AbstractChannelHandlerContext.java:379)
	at io.netty.channel.AbstractChannelHandlerContext.invokeChannelRead(AbstractChannelHandlerContext.java:365)
	at io.netty.channel.AbstractChannelHandlerContext.fireChannelRead(AbstractChannelHandlerContext.java:357)
	at io.netty.channel.DefaultChannelPipeline$HeadContext.channelRead(DefaultChannelPipeline.java:1410)
	at io.netty.channel.AbstractChannelHandlerContext.invokeChannelRead(AbstractChannelHandlerContext.java:379)
	at io.netty.channel.AbstractChannelHandlerContext.invokeChannelRead(AbstractChannelHandlerContext.java:365)
	at io.netty.channel.DefaultChannelPipeline.fireChannelRead(DefaultChannelPipeline.java:919)
	at io.netty.channel.nio.AbstractNioByteChannel$NioByteUnsafe.read(AbstractNioByteChannel.java:163)
	at io.netty.channel.nio.NioEventLoop.processSelectedKey(NioEventLoop.java:714)
	at io.netty.channel.nio.NioEventLoop.processSelectedKeysOptimized(NioEventLoop.java:650)
	at io.netty.channel.nio.NioEventLoop.processSelectedKeys(NioEventLoop.java:576)
	at io.netty.channel.nio.NioEventLoop.run(NioEventLoop.java:493)
	at io.netty.util.concurrent.SingleThreadEventExecutor$4.run(SingleThreadEventExecutor.java:989)
	at io.netty.util.internal.ThreadExecutorMap$2.run(ThreadExecutorMap.java:74)
	at io.netty.util.concurrent.FastThreadLocalRunnable.run(FastThreadLocalRunnable.java:30)
	at java.lang.Thread.run(Thread.java:748)
Caused by: javax.net.ssl.SSLException: Received fatal alert: certificate_unknown
	at sun.security.ssl.Alerts.getSSLException(Alerts.java:214)
	at sun.security.ssl.SSLEngineImpl.fatal(SSLEngineImpl.java:1667)
	at sun.security.ssl.SSLEngineImpl.fatal(SSLEngineImpl.java:1635)
	at sun.security.ssl.SSLEngineImpl.recvAlert(SSLEngineImpl.java:1801)
	at sun.security.ssl.SSLEngineImpl.readRecord(SSLEngineImpl.java:1090)
	at sun.security.ssl.SSLEngineImpl.readNetRecord(SSLEngineImpl.java:913)
	at sun.security.ssl.SSLEngineImpl.unwrap(SSLEngineImpl.java:783)
	at javax.net.ssl.SSLEngine.unwrap(SSLEngine.java:626)
	at io.netty.handler.ssl.SslHandler$SslEngineType$3.unwrap(SslHandler.java:281)
	at io.netty.handler.ssl.SslHandler.unwrap(SslHandler.java:1340)
	at io.netty.handler.ssl.SslHandler.decodeJdkCompatible(SslHandler.java:1235)
	at io.netty.handler.ssl.SslHandler.decode(SslHandler.java:1282)
	at io.netty.handler.codec.ByteToMessageDecoder.decodeRemovalReentryProtection(ByteToMessageDecoder.java:498)
	at io.netty.handler.codec.ByteToMessageDecoder.callDecode(ByteToMessageDecoder.java:437)
	... 17 more
2020-06-22 14:22:55,235 [myid:] - WARN  [nioEventLoopGroup-4-3:NettyServerCnxnFactory$CnxnChannelHandler@273] - Exception caught
io.netty.handler.codec.DecoderException: javax.net.ssl.SSLException: Received fatal alert: certificate_unknown
	at io.netty.handler.codec.ByteToMessageDecoder.callDecode(ByteToMessageDecoder.java:468)
	at io.netty.handler.codec.ByteToMessageDecoder.channelInputClosed(ByteToMessageDecoder.java:401)
	at io.netty.handler.codec.ByteToMessageDecoder.channelInputClosed(ByteToMessageDecoder.java:368)
	at io.netty.handler.codec.ByteToMessageDecoder.channelInactive(ByteToMessageDecoder.java:351)
	at io.netty.handler.ssl.SslHandler.channelInactive(SslHandler.java:1084)
	at io.netty.channel.AbstractChannelHandlerContext.invokeChannelInactive(AbstractChannelHandlerContext.java:262)
	at io.netty.channel.AbstractChannelHandlerContext.invokeChannelInactive(AbstractChannelHandlerContext.java:248)
	at io.netty.channel.AbstractChannelHandlerContext.fireChannelInactive(AbstractChannelHandlerContext.java:241)
	at io.netty.channel.DefaultChannelPipeline$HeadContext.channelInactive(DefaultChannelPipeline.java:1405)
	at io.netty.channel.AbstractChannelHandlerContext.invokeChannelInactive(AbstractChannelHandlerContext.java:262)
	at io.netty.channel.AbstractChannelHandlerContext.invokeChannelInactive(AbstractChannelHandlerContext.java:248)
	at io.netty.channel.DefaultChannelPipeline.fireChannelInactive(DefaultChannelPipeline.java:901)
	at io.netty.channel.AbstractChannel$AbstractUnsafe$8.run(AbstractChannel.java:818)
	at io.netty.util.concurrent.AbstractEventExecutor.safeExecute(AbstractEventExecutor.java:164)
	at io.netty.util.concurrent.SingleThreadEventExecutor.runAllTasks(SingleThreadEventExecutor.java:472)
	at io.netty.channel.nio.NioEventLoop.run(NioEventLoop.java:497)
	at io.netty.util.concurrent.SingleThreadEventExecutor$4.run(SingleThreadEventExecutor.java:989)
	at io.netty.util.internal.ThreadExecutorMap$2.run(ThreadExecutorMap.java:74)
	at io.netty.util.concurrent.FastThreadLocalRunnable.run(FastThreadLocalRunnable.java:30)
	at java.lang.Thread.run(Thread.java:748)
Caused by: javax.net.ssl.SSLException: Received fatal alert: certificate_unknown
	at sun.security.ssl.Alerts.getSSLException(Alerts.java:214)
	at sun.security.ssl.SSLEngineImpl.fatal(SSLEngineImpl.java:1667)
	at sun.security.ssl.SSLEngineImpl.fatal(SSLEngineImpl.java:1635)
	at sun.security.ssl.SSLEngineImpl.recvAlert(SSLEngineImpl.java:1801)
	at sun.security.ssl.SSLEngineImpl.readRecord(SSLEngineImpl.java:1090)
	at sun.security.ssl.SSLEngineImpl.readNetRecord(SSLEngineImpl.java:913)
	at sun.security.ssl.SSLEngineImpl.unwrap(SSLEngineImpl.java:783)
	at javax.net.ssl.SSLEngine.unwrap(SSLEngine.java:626)
	at io.netty.handler.ssl.SslHandler$SslEngineType$3.unwrap(SslHandler.java:281)
	at io.netty.handler.ssl.SslHandler.unwrap(SslHandler.java:1340)
	at io.netty.handler.ssl.SslHandler.decodeJdkCompatible(SslHandler.java:1235)
	at io.netty.handler.ssl.SslHandler.decode(SslHandler.java:1282)
	at io.netty.handler.codec.ByteToMessageDecoder.decodeRemovalReentryProtection(ByteToMessageDecoder.java:498)
	at io.netty.handler.codec.ByteToMessageDecoder.callDecode(ByteToMessageDecoder.java:437)
	... 19 more
2020-06-22 14:22:55,483 [myid:] - INFO  [main:FourLetterWordMain@93] - connecting to 127.0.0.1 21995
2020-06-22 14:22:55,483 [myid:] - INFO  [main:FourLetterWordMain@99] - using secure socket
2020-06-22 14:22:55,498 [myid:] - ERROR [main:ZKTrustManager@161] - Failed to verify host address: 127.0.0.1
javax.net.ssl.SSLPeerUnverifiedException: Certificate for <127.0.0.1> doesn't match common name of the certificate subject: localhost
	at org.apache.zookeeper.common.ZKHostnameVerifier.matchCN(ZKHostnameVerifier.java:238)
	at org.apache.zookeeper.common.ZKHostnameVerifier.verify(ZKHostnameVerifier.java:184)
	at org.apache.zookeeper.common.ZKTrustManager.performHostVerification(ZKTrustManager.java:151)
	at org.apache.zookeeper.common.ZKTrustManager.checkServerTrusted(ZKTrustManager.java:90)
	at sun.security.ssl.ClientHandshaker.serverCertificate(ClientHandshaker.java:1670)
	at sun.security.ssl.ClientHandshaker.processMessage(ClientHandshaker.java:226)
	at sun.security.ssl.Handshaker.processLoop(Handshaker.java:1082)
	at sun.security.ssl.Handshaker.process_record(Handshaker.java:1010)
	at sun.security.ssl.SSLSocketImpl.readRecord(SSLSocketImpl.java:1079)
	at sun.security.ssl.SSLSocketImpl.performInitialHandshake(SSLSocketImpl.java:1388)
	at sun.security.ssl.SSLSocketImpl.startHandshake(SSLSocketImpl.java:1416)
	at sun.security.ssl.SSLSocketImpl.startHandshake(SSLSocketImpl.java:1400)
	at org.apache.zookeeper.client.FourLetterWordMain.send4LetterWord(FourLetterWordMain.java:105)
	at org.apache.zookeeper.client.FourLetterWordMain.send4LetterWord(FourLetterWordMain.java:73)
	at org.apache.zookeeper.test.ClientBase.waitForServerUp(ClientBase.java:261)
	at org.apache.zookeeper.test.ClientBase.startServerInstance(ClientBase.java:401)
	at org.apache.zookeeper.test.ClientBase.startServer(ClientBase.java:516)
	at org.apache.zookeeper.test.ClientBase.setUpWithServerId(ClientBase.java:499)
	at org.apache.zookeeper.test.ClientBase.setUp(ClientBase.java:474)
	at org.apache.zookeeper.test.SaslDigestAuthOverSSLTest.setUp(SaslDigestAuthOverSSLTest.java:62)
	at sun.reflect.NativeMethodAccessorImpl.invoke0(Native Method)
	at sun.reflect.NativeMethodAccessorImpl.invoke(NativeMethodAccessorImpl.java:62)
	at sun.reflect.DelegatingMethodAccessorImpl.invoke(DelegatingMethodAccessorImpl.java:43)
	at java.lang.reflect.Method.invoke(Method.java:498)
	at org.junit.runners.model.FrameworkMethod$1.runReflectiveCall(FrameworkMethod.java:50)
	at org.junit.internal.runners.model.ReflectiveCallable.run(ReflectiveCallable.java:12)
	at org.junit.runners.model.FrameworkMethod.invokeExplosively(FrameworkMethod.java:47)
	at mockit.integration.junit4.JUnit4TestRunnerDecorator.invokeExplosively(JUnit4TestRunnerDecorator.java:49)
	at mockit.integration.junit4.FakeFrameworkMethod.invokeExplosively(FakeFrameworkMethod.java:29)
	at org.junit.runners.model.FrameworkMethod.invokeExplosively(FrameworkMethod.java)
	at org.junit.internal.runners.statements.RunBefores.evaluate(RunBefores.java:24)
	at org.junit.internal.runners.statements.RunAfters.evaluate(RunAfters.java:27)
	at org.junit.rules.TestWatcher$1.evaluate(TestWatcher.java:55)
	at org.junit.rules.RunRules.evaluate(RunRules.java:20)
	at org.junit.runners.ParentRunner.runLeaf(ParentRunner.java:325)
	at org.junit.runners.BlockJUnit4ClassRunner.runChild(BlockJUnit4ClassRunner.java:78)
	at org.junit.runners.BlockJUnit4ClassRunner.runChild(BlockJUnit4ClassRunner.java:57)
	at org.junit.runners.ParentRunner$3.run(ParentRunner.java:290)
	at org.junit.runners.ParentRunner$1.schedule(ParentRunner.java:71)
	at org.junit.runners.ParentRunner.runChildren(ParentRunner.java:288)
	at org.junit.runners.ParentRunner.access$000(ParentRunner.java:58)
	at org.junit.runners.ParentRunner$2.evaluate(ParentRunner.java:268)
	at org.junit.internal.runners.statements.RunBefores.evaluate(RunBefores.java:26)
	at org.junit.runners.ParentRunner.run(ParentRunner.java:363)
	at org.apache.maven.surefire.junit4.JUnit4Provider.execute(JUnit4Provider.java:365)
	at org.apache.maven.surefire.junit4.JUnit4Provider.executeWithRerun(JUnit4Provider.java:273)
	at org.apache.maven.surefire.junit4.JUnit4Provider.executeTestSet(JUnit4Provider.java:238)
	at org.apache.maven.surefire.junit4.JUnit4Provider.invoke(JUnit4Provider.java:159)
	at org.apache.maven.surefire.booter.ForkedBooter.invokeProviderInSameClassLoader(ForkedBooter.java:384)
	at org.apache.maven.surefire.booter.ForkedBooter.runSuitesInProcess(ForkedBooter.java:345)
	at org.apache.maven.surefire.booter.ForkedBooter.execute(ForkedBooter.java:126)
	at org.apache.maven.surefire.booter.ForkedBooter.main(ForkedBooter.java:418)
2020-06-22 14:22:55,498 [myid:] - ERROR [main:ZKTrustManager@162] - Failed to verify hostname: activate.navicat.com
javax.net.ssl.SSLPeerUnverifiedException: Certificate for <activate.navicat.com> doesn't match common name of the certificate subject: localhost
	at org.apache.zookeeper.common.ZKHostnameVerifier.matchCN(ZKHostnameVerifier.java:238)
	at org.apache.zookeeper.common.ZKHostnameVerifier.verify(ZKHostnameVerifier.java:184)
	at org.apache.zookeeper.common.ZKTrustManager.performHostVerification(ZKTrustManager.java:159)
	at org.apache.zookeeper.common.ZKTrustManager.checkServerTrusted(ZKTrustManager.java:90)
	at sun.security.ssl.ClientHandshaker.serverCertificate(ClientHandshaker.java:1670)
	at sun.security.ssl.ClientHandshaker.processMessage(ClientHandshaker.java:226)
	at sun.security.ssl.Handshaker.processLoop(Handshaker.java:1082)
	at sun.security.ssl.Handshaker.process_record(Handshaker.java:1010)
	at sun.security.ssl.SSLSocketImpl.readRecord(SSLSocketImpl.java:1079)
	at sun.security.ssl.SSLSocketImpl.performInitialHandshake(SSLSocketImpl.java:1388)
	at sun.security.ssl.SSLSocketImpl.startHandshake(SSLSocketImpl.java:1416)
	at sun.security.ssl.SSLSocketImpl.startHandshake(SSLSocketImpl.java:1400)
	at org.apache.zookeeper.client.FourLetterWordMain.send4LetterWord(FourLetterWordMain.java:105)
	at org.apache.zookeeper.client.FourLetterWordMain.send4LetterWord(FourLetterWordMain.java:73)
	at org.apache.zookeeper.test.ClientBase.waitForServerUp(ClientBase.java:261)
	at org.apache.zookeeper.test.ClientBase.startServerInstance(ClientBase.java:401)
	at org.apache.zookeeper.test.ClientBase.startServer(ClientBase.java:516)
	at org.apache.zookeeper.test.ClientBase.setUpWithServerId(ClientBase.java:499)
	at org.apache.zookeeper.test.ClientBase.setUp(ClientBase.java:474)
	at org.apache.zookeeper.test.SaslDigestAuthOverSSLTest.setUp(SaslDigestAuthOverSSLTest.java:62)
	at sun.reflect.NativeMethodAccessorImpl.invoke0(Native Method)
	at sun.reflect.NativeMethodAccessorImpl.invoke(NativeMethodAccessorImpl.java:62)
	at sun.reflect.DelegatingMethodAccessorImpl.invoke(DelegatingMethodAccessorImpl.java:43)
	at java.lang.reflect.Method.invoke(Method.java:498)
	at org.junit.runners.model.FrameworkMethod$1.runReflectiveCall(FrameworkMethod.java:50)
	at org.junit.internal.runners.model.ReflectiveCallable.run(ReflectiveCallable.java:12)
	at org.junit.runners.model.FrameworkMethod.invokeExplosively(FrameworkMethod.java:47)
	at mockit.integration.junit4.JUnit4TestRunnerDecorator.invokeExplosively(JUnit4TestRunnerDecorator.java:49)
	at mockit.integration.junit4.FakeFrameworkMethod.invokeExplosively(FakeFrameworkMethod.java:29)
	at org.junit.runners.model.FrameworkMethod.invokeExplosively(FrameworkMethod.java)
	at org.junit.internal.runners.statements.RunBefores.evaluate(RunBefores.java:24)
	at org.junit.internal.runners.statements.RunAfters.evaluate(RunAfters.java:27)
	at org.junit.rules.TestWatcher$1.evaluate(TestWatcher.java:55)
	at org.junit.rules.RunRules.evaluate(RunRules.java:20)
	at org.junit.runners.ParentRunner.runLeaf(ParentRunner.java:325)
	at org.junit.runners.BlockJUnit4ClassRunner.runChild(BlockJUnit4ClassRunner.java:78)
	at org.junit.runners.BlockJUnit4ClassRunner.runChild(BlockJUnit4ClassRunner.java:57)
	at org.junit.runners.ParentRunner$3.run(ParentRunner.java:290)
	at org.junit.runners.ParentRunner$1.schedule(ParentRunner.java:71)
	at org.junit.runners.ParentRunner.runChildren(ParentRunner.java:288)
	at org.junit.runners.ParentRunner.access$000(ParentRunner.java:58)
	at org.junit.runners.ParentRunner$2.evaluate(ParentRunner.java:268)
	at org.junit.internal.runners.statements.RunBefores.evaluate(RunBefores.java:26)
	at org.junit.runners.ParentRunner.run(ParentRunner.java:363)
	at org.apache.maven.surefire.junit4.JUnit4Provider.execute(JUnit4Provider.java:365)
	at org.apache.maven.surefire.junit4.JUnit4Provider.executeWithRerun(JUnit4Provider.java:273)
	at org.apache.maven.surefire.junit4.JUnit4Provider.executeTestSet(JUnit4Provider.java:238)
	at org.apache.maven.surefire.junit4.JUnit4Provider.invoke(JUnit4Provider.java:159)
	at org.apache.maven.surefire.booter.ForkedBooter.invokeProviderInSameClassLoader(ForkedBooter.java:384)
	at org.apache.maven.surefire.booter.ForkedBooter.runSuitesInProcess(ForkedBooter.java:345)
	at org.apache.maven.surefire.booter.ForkedBooter.execute(ForkedBooter.java:126)
	at org.apache.maven.surefire.booter.ForkedBooter.main(ForkedBooter.java:418)
2020-06-22 14:22:55,499 [myid:] - INFO  [main:ClientBase@270] - server 127.0.0.1:21995 not up
javax.net.ssl.SSLHandshakeException: java.security.cert.CertificateException: Failed to verify both host address and host name
	at sun.security.ssl.Alerts.getSSLException(Alerts.java:198)
	at sun.security.ssl.SSLSocketImpl.fatal(SSLSocketImpl.java:1967)
	at sun.security.ssl.Handshaker.fatalSE(Handshaker.java:331)
	at sun.security.ssl.Handshaker.fatalSE(Handshaker.java:325)
	at sun.security.ssl.ClientHandshaker.serverCertificate(ClientHandshaker.java:1688)
	at sun.security.ssl.ClientHandshaker.processMessage(ClientHandshaker.java:226)
	at sun.security.ssl.Handshaker.processLoop(Handshaker.java:1082)
	at sun.security.ssl.Handshaker.process_record(Handshaker.java:1010)
	at sun.security.ssl.SSLSocketImpl.readRecord(SSLSocketImpl.java:1079)
	at sun.security.ssl.SSLSocketImpl.performInitialHandshake(SSLSocketImpl.java:1388)
	at sun.security.ssl.SSLSocketImpl.startHandshake(SSLSocketImpl.java:1416)
	at sun.security.ssl.SSLSocketImpl.startHandshake(SSLSocketImpl.java:1400)
	at org.apache.zookeeper.client.FourLetterWordMain.send4LetterWord(FourLetterWordMain.java:105)
	at org.apache.zookeeper.client.FourLetterWordMain.send4LetterWord(FourLetterWordMain.java:73)
	at org.apache.zookeeper.test.ClientBase.waitForServerUp(ClientBase.java:261)
	at org.apache.zookeeper.test.ClientBase.startServerInstance(ClientBase.java:401)
	at org.apache.zookeeper.test.ClientBase.startServer(ClientBase.java:516)
	at org.apache.zookeeper.test.ClientBase.setUpWithServerId(ClientBase.java:499)
	at org.apache.zookeeper.test.ClientBase.setUp(ClientBase.java:474)
	at org.apache.zookeeper.test.SaslDigestAuthOverSSLTest.setUp(SaslDigestAuthOverSSLTest.java:62)
	at sun.reflect.NativeMethodAccessorImpl.invoke0(Native Method)
	at sun.reflect.NativeMethodAccessorImpl.invoke(NativeMethodAccessorImpl.java:62)
	at sun.reflect.DelegatingMethodAccessorImpl.invoke(DelegatingMethodAccessorImpl.java:43)
	at java.lang.reflect.Method.invoke(Method.java:498)
	at org.junit.runners.model.FrameworkMethod$1.runReflectiveCall(FrameworkMethod.java:50)
	at org.junit.internal.runners.model.ReflectiveCallable.run(ReflectiveCallable.java:12)
	at org.junit.runners.model.FrameworkMethod.invokeExplosively(FrameworkMethod.java:47)
	at mockit.integration.junit4.JUnit4TestRunnerDecorator.invokeExplosively(JUnit4TestRunnerDecorator.java:49)
	at mockit.integration.junit4.FakeFrameworkMethod.invokeExplosively(FakeFrameworkMethod.java:29)
	at org.junit.runners.model.FrameworkMethod.invokeExplosively(FrameworkMethod.java)
	at org.junit.internal.runners.statements.RunBefores.evaluate(RunBefores.java:24)
	at org.junit.internal.runners.statements.RunAfters.evaluate(RunAfters.java:27)
	at org.junit.rules.TestWatcher$1.evaluate(TestWatcher.java:55)
	at org.junit.rules.RunRules.evaluate(RunRules.java:20)
	at org.junit.runners.ParentRunner.runLeaf(ParentRunner.java:325)
	at org.junit.runners.BlockJUnit4ClassRunner.runChild(BlockJUnit4ClassRunner.java:78)
	at org.junit.runners.BlockJUnit4ClassRunner.runChild(BlockJUnit4ClassRunner.java:57)
	at org.junit.runners.ParentRunner$3.run(ParentRunner.java:290)
	at org.junit.runners.ParentRunner$1.schedule(ParentRunner.java:71)
	at org.junit.runners.ParentRunner.runChildren(ParentRunner.java:288)
	at org.junit.runners.ParentRunner.access$000(ParentRunner.java:58)
	at org.junit.runners.ParentRunner$2.evaluate(ParentRunner.java:268)
	at org.junit.internal.runners.statements.RunBefores.evaluate(RunBefores.java:26)
	at org.junit.runners.ParentRunner.run(ParentRunner.java:363)
	at org.apache.maven.surefire.junit4.JUnit4Provider.execute(JUnit4Provider.java:365)
	at org.apache.maven.surefire.junit4.JUnit4Provider.executeWithRerun(JUnit4Provider.java:273)
	at org.apache.maven.surefire.junit4.JUnit4Provider.executeTestSet(JUnit4Provider.java:238)
	at org.apache.maven.surefire.junit4.JUnit4Provider.invoke(JUnit4Provider.java:159)
	at org.apache.maven.surefire.booter.ForkedBooter.invokeProviderInSameClassLoader(ForkedBooter.java:384)
	at org.apache.maven.surefire.booter.ForkedBooter.runSuitesInProcess(ForkedBooter.java:345)
	at org.apache.maven.surefire.booter.ForkedBooter.execute(ForkedBooter.java:126)
	at org.apache.maven.surefire.booter.ForkedBooter.main(ForkedBooter.java:418)
Caused by: java.security.cert.CertificateException: Failed to verify both host address and host name
	at org.apache.zookeeper.common.ZKTrustManager.performHostVerification(ZKTrustManager.java:163)
	at org.apache.zookeeper.common.ZKTrustManager.checkServerTrusted(ZKTrustManager.java:90)
	at sun.security.ssl.ClientHandshaker.serverCertificate(ClientHandshaker.java:1670)
	... 47 more
Caused by: javax.net.ssl.SSLPeerUnverifiedException: Certificate for <activate.navicat.com> doesn't match common name of the certificate subject: localhost
	at org.apache.zookeeper.common.ZKHostnameVerifier.matchCN(ZKHostnameVerifier.java:238)
	at org.apache.zookeeper.common.ZKHostnameVerifier.verify(ZKHostnameVerifier.java:184)
	at org.apache.zookeeper.common.ZKTrustManager.performHostVerification(ZKTrustManager.java:159)
	... 49 more
2020-06-22 14:22:55,500 [myid:] - ERROR [nioEventLoopGroup-4-4:NettyServerCnxnFactory$CertificateVerifier@434] - Unsuccessful handshake with session 0x0
2020-06-22 14:22:55,502 [myid:] - WARN  [nioEventLoopGroup-4-4:NettyServerCnxnFactory$CnxnChannelHandler@273] - Exception caught
io.netty.handler.codec.DecoderException: javax.net.ssl.SSLException: Received fatal alert: certificate_unknown
	at io.netty.handler.codec.ByteToMessageDecoder.callDecode(ByteToMessageDecoder.java:468)
	at io.netty.handler.codec.ByteToMessageDecoder.channelRead(ByteToMessageDecoder.java:276)
	at io.netty.channel.AbstractChannelHandlerContext.invokeChannelRead(AbstractChannelHandlerContext.java:379)
	at io.netty.channel.AbstractChannelHandlerContext.invokeChannelRead(AbstractChannelHandlerContext.java:365)
	at io.netty.channel.AbstractChannelHandlerContext.fireChannelRead(AbstractChannelHandlerContext.java:357)
	at io.netty.channel.DefaultChannelPipeline$HeadContext.channelRead(DefaultChannelPipeline.java:1410)
	at io.netty.channel.AbstractChannelHandlerContext.invokeChannelRead(AbstractChannelHandlerContext.java:379)
	at io.netty.channel.AbstractChannelHandlerContext.invokeChannelRead(AbstractChannelHandlerContext.java:365)
	at io.netty.channel.DefaultChannelPipeline.fireChannelRead(DefaultChannelPipeline.java:919)
	at io.netty.channel.nio.AbstractNioByteChannel$NioByteUnsafe.read(AbstractNioByteChannel.java:163)
	at io.netty.channel.nio.NioEventLoop.processSelectedKey(NioEventLoop.java:714)
	at io.netty.channel.nio.NioEventLoop.processSelectedKeysOptimized(NioEventLoop.java:650)
	at io.netty.channel.nio.NioEventLoop.processSelectedKeys(NioEventLoop.java:576)
	at io.netty.channel.nio.NioEventLoop.run(NioEventLoop.java:493)
	at io.netty.util.concurrent.SingleThreadEventExecutor$4.run(SingleThreadEventExecutor.java:989)
	at io.netty.util.internal.ThreadExecutorMap$2.run(ThreadExecutorMap.java:74)
	at io.netty.util.concurrent.FastThreadLocalRunnable.run(FastThreadLocalRunnable.java:30)
	at java.lang.Thread.run(Thread.java:748)
Caused by: javax.net.ssl.SSLException: Received fatal alert: certificate_unknown
	at sun.security.ssl.Alerts.getSSLException(Alerts.java:214)
	at sun.security.ssl.SSLEngineImpl.fatal(SSLEngineImpl.java:1667)
	at sun.security.ssl.SSLEngineImpl.fatal(SSLEngineImpl.java:1635)
	at sun.security.ssl.SSLEngineImpl.recvAlert(SSLEngineImpl.java:1801)
	at sun.security.ssl.SSLEngineImpl.readRecord(SSLEngineImpl.java:1090)
	at sun.security.ssl.SSLEngineImpl.readNetRecord(SSLEngineImpl.java:913)
	at sun.security.ssl.SSLEngineImpl.unwrap(SSLEngineImpl.java:783)
	at javax.net.ssl.SSLEngine.unwrap(SSLEngine.java:626)
	at io.netty.handler.ssl.SslHandler$SslEngineType$3.unwrap(SslHandler.java:281)
	at io.netty.handler.ssl.SslHandler.unwrap(SslHandler.java:1340)
	at io.netty.handler.ssl.SslHandler.decodeJdkCompatible(SslHandler.java:1235)
	at io.netty.handler.ssl.SslHandler.decode(SslHandler.java:1282)
	at io.netty.handler.codec.ByteToMessageDecoder.decodeRemovalReentryProtection(ByteToMessageDecoder.java:498)
	at io.netty.handler.codec.ByteToMessageDecoder.callDecode(ByteToMessageDecoder.java:437)
	... 17 more
2020-06-22 14:22:55,503 [myid:] - WARN  [nioEventLoopGroup-4-4:NettyServerCnxnFactory$CnxnChannelHandler@273] - Exception caught
io.netty.handler.codec.DecoderException: javax.net.ssl.SSLException: Received fatal alert: certificate_unknown
	at io.netty.handler.codec.ByteToMessageDecoder.callDecode(ByteToMessageDecoder.java:468)
	at io.netty.handler.codec.ByteToMessageDecoder.channelInputClosed(ByteToMessageDecoder.java:401)
	at io.netty.handler.codec.ByteToMessageDecoder.channelInputClosed(ByteToMessageDecoder.java:368)
	at io.netty.handler.codec.ByteToMessageDecoder.channelInactive(ByteToMessageDecoder.java:351)
	at io.netty.handler.ssl.SslHandler.channelInactive(SslHandler.java:1084)
	at io.netty.channel.AbstractChannelHandlerContext.invokeChannelInactive(AbstractChannelHandlerContext.java:262)
	at io.netty.channel.AbstractChannelHandlerContext.invokeChannelInactive(AbstractChannelHandlerContext.java:248)
	at io.netty.channel.AbstractChannelHandlerContext.fireChannelInactive(AbstractChannelHandlerContext.java:241)
	at io.netty.channel.DefaultChannelPipeline$HeadContext.channelInactive(DefaultChannelPipeline.java:1405)
	at io.netty.channel.AbstractChannelHandlerContext.invokeChannelInactive(AbstractChannelHandlerContext.java:262)
	at io.netty.channel.AbstractChannelHandlerContext.invokeChannelInactive(AbstractChannelHandlerContext.java:248)
	at io.netty.channel.DefaultChannelPipeline.fireChannelInactive(DefaultChannelPipeline.java:901)
	at io.netty.channel.AbstractChannel$AbstractUnsafe$8.run(AbstractChannel.java:818)
	at io.netty.util.concurrent.AbstractEventExecutor.safeExecute(AbstractEventExecutor.java:164)
	at io.netty.util.concurrent.SingleThreadEventExecutor.runAllTasks(SingleThreadEventExecutor.java:472)
	at io.netty.channel.nio.NioEventLoop.run(NioEventLoop.java:497)
	at io.netty.util.concurrent.SingleThreadEventExecutor$4.run(SingleThreadEventExecutor.java:989)
	at io.netty.util.internal.ThreadExecutorMap$2.run(ThreadExecutorMap.java:74)
	at io.netty.util.concurrent.FastThreadLocalRunnable.run(FastThreadLocalRunnable.java:30)
	at java.lang.Thread.run(Thread.java:748)
Caused by: javax.net.ssl.SSLException: Received fatal alert: certificate_unknown
	at sun.security.ssl.Alerts.getSSLException(Alerts.java:214)
	at sun.security.ssl.SSLEngineImpl.fatal(SSLEngineImpl.java:1667)
	at sun.security.ssl.SSLEngineImpl.fatal(SSLEngineImpl.java:1635)
	at sun.security.ssl.SSLEngineImpl.recvAlert(SSLEngineImpl.java:1801)
	at sun.security.ssl.SSLEngineImpl.readRecord(SSLEngineImpl.java:1090)
	at sun.security.ssl.SSLEngineImpl.readNetRecord(SSLEngineImpl.java:913)
	at sun.security.ssl.SSLEngineImpl.unwrap(SSLEngineImpl.java:783)
	at javax.net.ssl.SSLEngine.unwrap(SSLEngine.java:626)
	at io.netty.handler.ssl.SslHandler$SslEngineType$3.unwrap(SslHandler.java:281)
	at io.netty.handler.ssl.SslHandler.unwrap(SslHandler.java:1340)
	at io.netty.handler.ssl.SslHandler.decodeJdkCompatible(SslHandler.java:1235)
	at io.netty.handler.ssl.SslHandler.decode(SslHandler.java:1282)
	at io.netty.handler.codec.ByteToMessageDecoder.decodeRemovalReentryProtection(ByteToMessageDecoder.java:498)
	at io.netty.handler.codec.ByteToMessageDecoder.callDecode(ByteToMessageDecoder.java:437)
	... 19 more
2020-06-22 14:22:55,751 [myid:] - INFO  [main:FourLetterWordMain@93] - connecting to 127.0.0.1 21995
2020-06-22 14:22:55,751 [myid:] - INFO  [main:FourLetterWordMain@99] - using secure socket
2020-06-22 14:22:55,764 [myid:] - ERROR [main:ZKTrustManager@161] - Failed to verify host address: 127.0.0.1
javax.net.ssl.SSLPeerUnverifiedException: Certificate for <127.0.0.1> doesn't match common name of the certificate subject: localhost
	at org.apache.zookeeper.common.ZKHostnameVerifier.matchCN(ZKHostnameVerifier.java:238)
	at org.apache.zookeeper.common.ZKHostnameVerifier.verify(ZKHostnameVerifier.java:184)
	at org.apache.zookeeper.common.ZKTrustManager.performHostVerification(ZKTrustManager.java:151)
	at org.apache.zookeeper.common.ZKTrustManager.checkServerTrusted(ZKTrustManager.java:90)
	at sun.security.ssl.ClientHandshaker.serverCertificate(ClientHandshaker.java:1670)
	at sun.security.ssl.ClientHandshaker.processMessage(ClientHandshaker.java:226)
	at sun.security.ssl.Handshaker.processLoop(Handshaker.java:1082)
	at sun.security.ssl.Handshaker.process_record(Handshaker.java:1010)
	at sun.security.ssl.SSLSocketImpl.readRecord(SSLSocketImpl.java:1079)
	at sun.security.ssl.SSLSocketImpl.performInitialHandshake(SSLSocketImpl.java:1388)
	at sun.security.ssl.SSLSocketImpl.startHandshake(SSLSocketImpl.java:1416)
	at sun.security.ssl.SSLSocketImpl.startHandshake(SSLSocketImpl.java:1400)
	at org.apache.zookeeper.client.FourLetterWordMain.send4LetterWord(FourLetterWordMain.java:105)
	at org.apache.zookeeper.client.FourLetterWordMain.send4LetterWord(FourLetterWordMain.java:73)
	at org.apache.zookeeper.test.ClientBase.waitForServerUp(ClientBase.java:261)
	at org.apache.zookeeper.test.ClientBase.startServerInstance(ClientBase.java:401)
	at org.apache.zookeeper.test.ClientBase.startServer(ClientBase.java:516)
	at org.apache.zookeeper.test.ClientBase.setUpWithServerId(ClientBase.java:499)
	at org.apache.zookeeper.test.ClientBase.setUp(ClientBase.java:474)
	at org.apache.zookeeper.test.SaslDigestAuthOverSSLTest.setUp(SaslDigestAuthOverSSLTest.java:62)
	at sun.reflect.NativeMethodAccessorImpl.invoke0(Native Method)
	at sun.reflect.NativeMethodAccessorImpl.invoke(NativeMethodAccessorImpl.java:62)
	at sun.reflect.DelegatingMethodAccessorImpl.invoke(DelegatingMethodAccessorImpl.java:43)
	at java.lang.reflect.Method.invoke(Method.java:498)
	at org.junit.runners.model.FrameworkMethod$1.runReflectiveCall(FrameworkMethod.java:50)
	at org.junit.internal.runners.model.ReflectiveCallable.run(ReflectiveCallable.java:12)
	at org.junit.runners.model.FrameworkMethod.invokeExplosively(FrameworkMethod.java:47)
	at mockit.integration.junit4.JUnit4TestRunnerDecorator.invokeExplosively(JUnit4TestRunnerDecorator.java:49)
	at mockit.integration.junit4.FakeFrameworkMethod.invokeExplosively(FakeFrameworkMethod.java:29)
	at org.junit.runners.model.FrameworkMethod.invokeExplosively(FrameworkMethod.java)
	at org.junit.internal.runners.statements.RunBefores.evaluate(RunBefores.java:24)
	at org.junit.internal.runners.statements.RunAfters.evaluate(RunAfters.java:27)
	at org.junit.rules.TestWatcher$1.evaluate(TestWatcher.java:55)
	at org.junit.rules.RunRules.evaluate(RunRules.java:20)
	at org.junit.runners.ParentRunner.runLeaf(ParentRunner.java:325)
	at org.junit.runners.BlockJUnit4ClassRunner.runChild(BlockJUnit4ClassRunner.java:78)
	at org.junit.runners.BlockJUnit4ClassRunner.runChild(BlockJUnit4ClassRunner.java:57)
	at org.junit.runners.ParentRunner$3.run(ParentRunner.java:290)
	at org.junit.runners.ParentRunner$1.schedule(ParentRunner.java:71)
	at org.junit.runners.ParentRunner.runChildren(ParentRunner.java:288)
	at org.junit.runners.ParentRunner.access$000(ParentRunner.java:58)
	at org.junit.runners.ParentRunner$2.evaluate(ParentRunner.java:268)
	at org.junit.internal.runners.statements.RunBefores.evaluate(RunBefores.java:26)
	at org.junit.runners.ParentRunner.run(ParentRunner.java:363)
	at org.apache.maven.surefire.junit4.JUnit4Provider.execute(JUnit4Provider.java:365)
	at org.apache.maven.surefire.junit4.JUnit4Provider.executeWithRerun(JUnit4Provider.java:273)
	at org.apache.maven.surefire.junit4.JUnit4Provider.executeTestSet(JUnit4Provider.java:238)
	at org.apache.maven.surefire.junit4.JUnit4Provider.invoke(JUnit4Provider.java:159)
	at org.apache.maven.surefire.booter.ForkedBooter.invokeProviderInSameClassLoader(ForkedBooter.java:384)
	at org.apache.maven.surefire.booter.ForkedBooter.runSuitesInProcess(ForkedBooter.java:345)
	at org.apache.maven.surefire.booter.ForkedBooter.execute(ForkedBooter.java:126)
	at org.apache.maven.surefire.booter.ForkedBooter.main(ForkedBooter.java:418)
2020-06-22 14:22:55,764 [myid:] - ERROR [main:ZKTrustManager@162] - Failed to verify hostname: activate.navicat.com
javax.net.ssl.SSLPeerUnverifiedException: Certificate for <activate.navicat.com> doesn't match common name of the certificate subject: localhost
	at org.apache.zookeeper.common.ZKHostnameVerifier.matchCN(ZKHostnameVerifier.java:238)
	at org.apache.zookeeper.common.ZKHostnameVerifier.verify(ZKHostnameVerifier.java:184)
	at org.apache.zookeeper.common.ZKTrustManager.performHostVerification(ZKTrustManager.java:159)
	at org.apache.zookeeper.common.ZKTrustManager.checkServerTrusted(ZKTrustManager.java:90)
	at sun.security.ssl.ClientHandshaker.serverCertificate(ClientHandshaker.java:1670)
	at sun.security.ssl.ClientHandshaker.processMessage(ClientHandshaker.java:226)
	at sun.security.ssl.Handshaker.processLoop(Handshaker.java:1082)
	at sun.security.ssl.Handshaker.process_record(Handshaker.java:1010)
	at sun.security.ssl.SSLSocketImpl.readRecord(SSLSocketImpl.java:1079)
	at sun.security.ssl.SSLSocketImpl.performInitialHandshake(SSLSocketImpl.java:1388)
	at sun.security.ssl.SSLSocketImpl.startHandshake(SSLSocketImpl.java:1416)
	at sun.security.ssl.SSLSocketImpl.startHandshake(SSLSocketImpl.java:1400)
	at org.apache.zookeeper.client.FourLetterWordMain.send4LetterWord(FourLetterWordMain.java:105)
	at org.apache.zookeeper.client.FourLetterWordMain.send4LetterWord(FourLetterWordMain.java:73)
	at org.apache.zookeeper.test.ClientBase.waitForServerUp(ClientBase.java:261)
	at org.apache.zookeeper.test.ClientBase.startServerInstance(ClientBase.java:401)
	at org.apache.zookeeper.test.ClientBase.startServer(ClientBase.java:516)
	at org.apache.zookeeper.test.ClientBase.setUpWithServerId(ClientBase.java:499)
	at org.apache.zookeeper.test.ClientBase.setUp(ClientBase.java:474)
	at org.apache.zookeeper.test.SaslDigestAuthOverSSLTest.setUp(SaslDigestAuthOverSSLTest.java:62)
	at sun.reflect.NativeMethodAccessorImpl.invoke0(Native Method)
	at sun.reflect.NativeMethodAccessorImpl.invoke(NativeMethodAccessorImpl.java:62)
	at sun.reflect.DelegatingMethodAccessorImpl.invoke(DelegatingMethodAccessorImpl.java:43)
	at java.lang.reflect.Method.invoke(Method.java:498)
	at org.junit.runners.model.FrameworkMethod$1.runReflectiveCall(FrameworkMethod.java:50)
	at org.junit.internal.runners.model.ReflectiveCallable.run(ReflectiveCallable.java:12)
	at org.junit.runners.model.FrameworkMethod.invokeExplosively(FrameworkMethod.java:47)
	at mockit.integration.junit4.JUnit4TestRunnerDecorator.invokeExplosively(JUnit4TestRunnerDecorator.java:49)
	at mockit.integration.junit4.FakeFrameworkMethod.invokeExplosively(FakeFrameworkMethod.java:29)
	at org.junit.runners.model.FrameworkMethod.invokeExplosively(FrameworkMethod.java)
	at org.junit.internal.runners.statements.RunBefores.evaluate(RunBefores.java:24)
	at org.junit.internal.runners.statements.RunAfters.evaluate(RunAfters.java:27)
	at org.junit.rules.TestWatcher$1.evaluate(TestWatcher.java:55)
	at org.junit.rules.RunRules.evaluate(RunRules.java:20)
	at org.junit.runners.ParentRunner.runLeaf(ParentRunner.java:325)
	at org.junit.runners.BlockJUnit4ClassRunner.runChild(BlockJUnit4ClassRunner.java:78)
	at org.junit.runners.BlockJUnit4ClassRunner.runChild(BlockJUnit4ClassRunner.java:57)
	at org.junit.runners.ParentRunner$3.run(ParentRunner.java:290)
	at org.junit.runners.ParentRunner$1.schedule(ParentRunner.java:71)
	at org.junit.runners.ParentRunner.runChildren(ParentRunner.java:288)
	at org.junit.runners.ParentRunner.access$000(ParentRunner.java:58)
	at org.junit.runners.ParentRunner$2.evaluate(ParentRunner.java:268)
	at org.junit.internal.runners.statements.RunBefores.evaluate(RunBefores.java:26)
	at org.junit.runners.ParentRunner.run(ParentRunner.java:363)
	at org.apache.maven.surefire.junit4.JUnit4Provider.execute(JUnit4Provider.java:365)
	at org.apache.maven.surefire.junit4.JUnit4Provider.executeWithRerun(JUnit4Provider.java:273)
	at org.apache.maven.surefire.junit4.JUnit4Provider.executeTestSet(JUnit4Provider.java:238)
	at org.apache.maven.surefire.junit4.JUnit4Provider.invoke(JUnit4Provider.java:159)
	at org.apache.maven.surefire.booter.ForkedBooter.invokeProviderInSameClassLoader(ForkedBooter.java:384)
	at org.apache.maven.surefire.booter.ForkedBooter.runSuitesInProcess(ForkedBooter.java:345)
	at org.apache.maven.surefire.booter.ForkedBooter.execute(ForkedBooter.java:126)
	at org.apache.maven.surefire.booter.ForkedBooter.main(ForkedBooter.java:418)
2020-06-22 14:22:55,765 [myid:] - INFO  [main:ClientBase@270] - server 127.0.0.1:21995 not up
javax.net.ssl.SSLHandshakeException: java.security.cert.CertificateException: Failed to verify both host address and host name
	at sun.security.ssl.Alerts.getSSLException(Alerts.java:198)
	at sun.security.ssl.SSLSocketImpl.fatal(SSLSocketImpl.java:1967)
	at sun.security.ssl.Handshaker.fatalSE(Handshaker.java:331)
	at sun.security.ssl.Handshaker.fatalSE(Handshaker.java:325)
	at sun.security.ssl.ClientHandshaker.serverCertificate(ClientHandshaker.java:1688)
	at sun.security.ssl.ClientHandshaker.processMessage(ClientHandshaker.java:226)
	at sun.security.ssl.Handshaker.processLoop(Handshaker.java:1082)
	at sun.security.ssl.Handshaker.process_record(Handshaker.java:1010)
	at sun.security.ssl.SSLSocketImpl.readRecord(SSLSocketImpl.java:1079)
	at sun.security.ssl.SSLSocketImpl.performInitialHandshake(SSLSocketImpl.java:1388)
	at sun.security.ssl.SSLSocketImpl.startHandshake(SSLSocketImpl.java:1416)
	at sun.security.ssl.SSLSocketImpl.startHandshake(SSLSocketImpl.java:1400)
	at org.apache.zookeeper.client.FourLetterWordMain.send4LetterWord(FourLetterWordMain.java:105)
	at org.apache.zookeeper.client.FourLetterWordMain.send4LetterWord(FourLetterWordMain.java:73)
	at org.apache.zookeeper.test.ClientBase.waitForServerUp(ClientBase.java:261)
	at org.apache.zookeeper.test.ClientBase.startServerInstance(ClientBase.java:401)
	at org.apache.zookeeper.test.ClientBase.startServer(ClientBase.java:516)
	at org.apache.zookeeper.test.ClientBase.setUpWithServerId(ClientBase.java:499)
	at org.apache.zookeeper.test.ClientBase.setUp(ClientBase.java:474)
	at org.apache.zookeeper.test.SaslDigestAuthOverSSLTest.setUp(SaslDigestAuthOverSSLTest.java:62)
	at sun.reflect.NativeMethodAccessorImpl.invoke0(Native Method)
	at sun.reflect.NativeMethodAccessorImpl.invoke(NativeMethodAccessorImpl.java:62)
	at sun.reflect.DelegatingMethodAccessorImpl.invoke(DelegatingMethodAccessorImpl.java:43)
	at java.lang.reflect.Method.invoke(Method.java:498)
	at org.junit.runners.model.FrameworkMethod$1.runReflectiveCall(FrameworkMethod.java:50)
	at org.junit.internal.runners.model.ReflectiveCallable.run(ReflectiveCallable.java:12)
	at org.junit.runners.model.FrameworkMethod.invokeExplosively(FrameworkMethod.java:47)
	at mockit.integration.junit4.JUnit4TestRunnerDecorator.invokeExplosively(JUnit4TestRunnerDecorator.java:49)
	at mockit.integration.junit4.FakeFrameworkMethod.invokeExplosively(FakeFrameworkMethod.java:29)
	at org.junit.runners.model.FrameworkMethod.invokeExplosively(FrameworkMethod.java)
	at org.junit.internal.runners.statements.RunBefores.evaluate(RunBefores.java:24)
	at org.junit.internal.runners.statements.RunAfters.evaluate(RunAfters.java:27)
	at org.junit.rules.TestWatcher$1.evaluate(TestWatcher.java:55)
	at org.junit.rules.RunRules.evaluate(RunRules.java:20)
	at org.junit.runners.ParentRunner.runLeaf(ParentRunner.java:325)
	at org.junit.runners.BlockJUnit4ClassRunner.runChild(BlockJUnit4ClassRunner.java:78)
	at org.junit.runners.BlockJUnit4ClassRunner.runChild(BlockJUnit4ClassRunner.java:57)
	at org.junit.runners.ParentRunner$3.run(ParentRunner.java:290)
	at org.junit.runners.ParentRunner$1.schedule(ParentRunner.java:71)
	at org.junit.runners.ParentRunner.runChildren(ParentRunner.java:288)
	at org.junit.runners.ParentRunner.access$000(ParentRunner.java:58)
	at org.junit.runners.ParentRunner$2.evaluate(ParentRunner.java:268)
	at org.junit.internal.runners.statements.RunBefores.evaluate(RunBefores.java:26)
	at org.junit.runners.ParentRunner.run(ParentRunner.java:363)
	at org.apache.maven.surefire.junit4.JUnit4Provider.execute(JUnit4Provider.java:365)
	at org.apache.maven.surefire.junit4.JUnit4Provider.executeWithRerun(JUnit4Provider.java:273)
	at org.apache.maven.surefire.junit4.JUnit4Provider.executeTestSet(JUnit4Provider.java:238)
	at org.apache.maven.surefire.junit4.JUnit4Provider.invoke(JUnit4Provider.java:159)
	at org.apache.maven.surefire.booter.ForkedBooter.invokeProviderInSameClassLoader(ForkedBooter.java:384)
	at org.apache.maven.surefire.booter.ForkedBooter.runSuitesInProcess(ForkedBooter.java:345)
	at org.apache.maven.surefire.booter.ForkedBooter.execute(ForkedBooter.java:126)
	at org.apache.maven.surefire.booter.ForkedBooter.main(ForkedBooter.java:418)
Caused by: java.security.cert.CertificateException: Failed to verify both host address and host name
	at org.apache.zookeeper.common.ZKTrustManager.performHostVerification(ZKTrustManager.java:163)
	at org.apache.zookeeper.common.ZKTrustManager.checkServerTrusted(ZKTrustManager.java:90)
	at sun.security.ssl.ClientHandshaker.serverCertificate(ClientHandshaker.java:1670)
	... 47 more
Caused by: javax.net.ssl.SSLPeerUnverifiedException: Certificate for <activate.navicat.com> doesn't match common name of the certificate subject: localhost
	at org.apache.zookeeper.common.ZKHostnameVerifier.matchCN(ZKHostnameVerifier.java:238)
	at org.apache.zookeeper.common.ZKHostnameVerifier.verify(ZKHostnameVerifier.java:184)
	at org.apache.zookeeper.common.ZKTrustManager.performHostVerification(ZKTrustManager.java:159)
	... 49 more
2020-06-22 14:22:55,765 [myid:] - ERROR [nioEventLoopGroup-4-5:NettyServerCnxnFactory$CertificateVerifier@434] - Unsuccessful handshake with session 0x0
2020-06-22 14:22:55,766 [myid:] - WARN  [nioEventLoopGroup-4-5:NettyServerCnxnFactory$CnxnChannelHandler@273] - Exception caught
io.netty.handler.codec.DecoderException: javax.net.ssl.SSLException: Received fatal alert: certificate_unknown
	at io.netty.handler.codec.ByteToMessageDecoder.callDecode(ByteToMessageDecoder.java:468)
	at io.netty.handler.codec.ByteToMessageDecoder.channelRead(ByteToMessageDecoder.java:276)
	at io.netty.channel.AbstractChannelHandlerContext.invokeChannelRead(AbstractChannelHandlerContext.java:379)
	at io.netty.channel.AbstractChannelHandlerContext.invokeChannelRead(AbstractChannelHandlerContext.java:365)
	at io.netty.channel.AbstractChannelHandlerContext.fireChannelRead(AbstractChannelHandlerContext.java:357)
	at io.netty.channel.DefaultChannelPipeline$HeadContext.channelRead(DefaultChannelPipeline.java:1410)
	at io.netty.channel.AbstractChannelHandlerContext.invokeChannelRead(AbstractChannelHandlerContext.java:379)
	at io.netty.channel.AbstractChannelHandlerContext.invokeChannelRead(AbstractChannelHandlerContext.java:365)
	at io.netty.channel.DefaultChannelPipeline.fireChannelRead(DefaultChannelPipeline.java:919)
	at io.netty.channel.nio.AbstractNioByteChannel$NioByteUnsafe.read(AbstractNioByteChannel.java:163)
	at io.netty.channel.nio.NioEventLoop.processSelectedKey(NioEventLoop.java:714)
	at io.netty.channel.nio.NioEventLoop.processSelectedKeysOptimized(NioEventLoop.java:650)
	at io.netty.channel.nio.NioEventLoop.processSelectedKeys(NioEventLoop.java:576)
	at io.netty.channel.nio.NioEventLoop.run(NioEventLoop.java:493)
	at io.netty.util.concurrent.SingleThreadEventExecutor$4.run(SingleThreadEventExecutor.java:989)
	at io.netty.util.internal.ThreadExecutorMap$2.run(ThreadExecutorMap.java:74)
	at io.netty.util.concurrent.FastThreadLocalRunnable.run(FastThreadLocalRunnable.java:30)
	at java.lang.Thread.run(Thread.java:748)
Caused by: javax.net.ssl.SSLException: Received fatal alert: certificate_unknown
	at sun.security.ssl.Alerts.getSSLException(Alerts.java:214)
	at sun.security.ssl.SSLEngineImpl.fatal(SSLEngineImpl.java:1667)
	at sun.security.ssl.SSLEngineImpl.fatal(SSLEngineImpl.java:1635)
	at sun.security.ssl.SSLEngineImpl.recvAlert(SSLEngineImpl.java:1801)
	at sun.security.ssl.SSLEngineImpl.readRecord(SSLEngineImpl.java:1090)
	at sun.security.ssl.SSLEngineImpl.readNetRecord(SSLEngineImpl.java:913)
	at sun.security.ssl.SSLEngineImpl.unwrap(SSLEngineImpl.java:783)
	at javax.net.ssl.SSLEngine.unwrap(SSLEngine.java:626)
	at io.netty.handler.ssl.SslHandler$SslEngineType$3.unwrap(SslHandler.java:281)
	at io.netty.handler.ssl.SslHandler.unwrap(SslHandler.java:1340)
	at io.netty.handler.ssl.SslHandler.decodeJdkCompatible(SslHandler.java:1235)
	at io.netty.handler.ssl.SslHandler.decode(SslHandler.java:1282)
	at io.netty.handler.codec.ByteToMessageDecoder.decodeRemovalReentryProtection(ByteToMessageDecoder.java:498)
	at io.netty.handler.codec.ByteToMessageDecoder.callDecode(ByteToMessageDecoder.java:437)
	... 17 more
2020-06-22 14:22:55,767 [myid:] - WARN  [nioEventLoopGroup-4-5:NettyServerCnxnFactory$CnxnChannelHandler@273] - Exception caught
io.netty.handler.codec.DecoderException: javax.net.ssl.SSLException: Received fatal alert: certificate_unknown
	at io.netty.handler.codec.ByteToMessageDecoder.callDecode(ByteToMessageDecoder.java:468)
	at io.netty.handler.codec.ByteToMessageDecoder.channelInputClosed(ByteToMessageDecoder.java:401)
	at io.netty.handler.codec.ByteToMessageDecoder.channelInputClosed(ByteToMessageDecoder.java:368)
	at io.netty.handler.codec.ByteToMessageDecoder.channelInactive(ByteToMessageDecoder.java:351)
	at io.netty.handler.ssl.SslHandler.channelInactive(SslHandler.java:1084)
	at io.netty.channel.AbstractChannelHandlerContext.invokeChannelInactive(AbstractChannelHandlerContext.java:262)
	at io.netty.channel.AbstractChannelHandlerContext.invokeChannelInactive(AbstractChannelHandlerContext.java:248)
	at io.netty.channel.AbstractChannelHandlerContext.fireChannelInactive(AbstractChannelHandlerContext.java:241)
	at io.netty.channel.DefaultChannelPipeline$HeadContext.channelInactive(DefaultChannelPipeline.java:1405)
	at io.netty.channel.AbstractChannelHandlerContext.invokeChannelInactive(AbstractChannelHandlerContext.java:262)
	at io.netty.channel.AbstractChannelHandlerContext.invokeChannelInactive(AbstractChannelHandlerContext.java:248)
	at io.netty.channel.DefaultChannelPipeline.fireChannelInactive(DefaultChannelPipeline.java:901)
	at io.netty.channel.AbstractChannel$AbstractUnsafe$8.run(AbstractChannel.java:818)
	at io.netty.util.concurrent.AbstractEventExecutor.safeExecute(AbstractEventExecutor.java:164)
	at io.netty.util.concurrent.SingleThreadEventExecutor.runAllTasks(SingleThreadEventExecutor.java:472)
	at io.netty.channel.nio.NioEventLoop.run(NioEventLoop.java:497)
	at io.netty.util.concurrent.SingleThreadEventExecutor$4.run(SingleThreadEventExecutor.java:989)
	at io.netty.util.internal.ThreadExecutorMap$2.run(ThreadExecutorMap.java:74)
	at io.netty.util.concurrent.FastThreadLocalRunnable.run(FastThreadLocalRunnable.java:30)
	at java.lang.Thread.run(Thread.java:748)
Caused by: javax.net.ssl.SSLException: Received fatal alert: certificate_unknown
	at sun.security.ssl.Alerts.getSSLException(Alerts.java:214)
	at sun.security.ssl.SSLEngineImpl.fatal(SSLEngineImpl.java:1667)
	at sun.security.ssl.SSLEngineImpl.fatal(SSLEngineImpl.java:1635)
	at sun.security.ssl.SSLEngineImpl.recvAlert(SSLEngineImpl.java:1801)
	at sun.security.ssl.SSLEngineImpl.readRecord(SSLEngineImpl.java:1090)
	at sun.security.ssl.SSLEngineImpl.readNetRecord(SSLEngineImpl.java:913)
	at sun.security.ssl.SSLEngineImpl.unwrap(SSLEngineImpl.java:783)
	at javax.net.ssl.SSLEngine.unwrap(SSLEngine.java:626)
	at io.netty.handler.ssl.SslHandler$SslEngineType$3.unwrap(SslHandler.java:281)
	at io.netty.handler.ssl.SslHandler.unwrap(SslHandler.java:1340)
	at io.netty.handler.ssl.SslHandler.decodeJdkCompatible(SslHandler.java:1235)
	at io.netty.handler.ssl.SslHandler.decode(SslHandler.java:1282)
	at io.netty.handler.codec.ByteToMessageDecoder.decodeRemovalReentryProtection(ByteToMessageDecoder.java:498)
	at io.netty.handler.codec.ByteToMessageDecoder.callDecode(ByteToMessageDecoder.java:437)
	... 19 more
2020-06-22 14:22:56,016 [myid:] - INFO  [main:FourLetterWordMain@93] - connecting to 127.0.0.1 21995
2020-06-22 14:22:56,016 [myid:] - INFO  [main:FourLetterWordMain@99] - using secure socket
2020-06-22 14:22:56,025 [myid:] - ERROR [main:ZKTrustManager@161] - Failed to verify host address: 127.0.0.1
javax.net.ssl.SSLPeerUnverifiedException: Certificate for <127.0.0.1> doesn't match common name of the certificate subject: localhost
	at org.apache.zookeeper.common.ZKHostnameVerifier.matchCN(ZKHostnameVerifier.java:238)
	at org.apache.zookeeper.common.ZKHostnameVerifier.verify(ZKHostnameVerifier.java:184)
	at org.apache.zookeeper.common.ZKTrustManager.performHostVerification(ZKTrustManager.java:151)
	at org.apache.zookeeper.common.ZKTrustManager.checkServerTrusted(ZKTrustManager.java:90)
	at sun.security.ssl.ClientHandshaker.serverCertificate(ClientHandshaker.java:1670)
	at sun.security.ssl.ClientHandshaker.processMessage(ClientHandshaker.java:226)
	at sun.security.ssl.Handshaker.processLoop(Handshaker.java:1082)
	at sun.security.ssl.Handshaker.process_record(Handshaker.java:1010)
	at sun.security.ssl.SSLSocketImpl.readRecord(SSLSocketImpl.java:1079)
	at sun.security.ssl.SSLSocketImpl.performInitialHandshake(SSLSocketImpl.java:1388)
	at sun.security.ssl.SSLSocketImpl.startHandshake(SSLSocketImpl.java:1416)
	at sun.security.ssl.SSLSocketImpl.startHandshake(SSLSocketImpl.java:1400)
	at org.apache.zookeeper.client.FourLetterWordMain.send4LetterWord(FourLetterWordMain.java:105)
	at org.apache.zookeeper.client.FourLetterWordMain.send4LetterWord(FourLetterWordMain.java:73)
	at org.apache.zookeeper.test.ClientBase.waitForServerUp(ClientBase.java:261)
	at org.apache.zookeeper.test.ClientBase.startServerInstance(ClientBase.java:401)
	at org.apache.zookeeper.test.ClientBase.startServer(ClientBase.java:516)
	at org.apache.zookeeper.test.ClientBase.setUpWithServerId(ClientBase.java:499)
	at org.apache.zookeeper.test.ClientBase.setUp(ClientBase.java:474)
	at org.apache.zookeeper.test.SaslDigestAuthOverSSLTest.setUp(SaslDigestAuthOverSSLTest.java:62)
	at sun.reflect.NativeMethodAccessorImpl.invoke0(Native Method)
	at sun.reflect.NativeMethodAccessorImpl.invoke(NativeMethodAccessorImpl.java:62)
	at sun.reflect.DelegatingMethodAccessorImpl.invoke(DelegatingMethodAccessorImpl.java:43)
	at java.lang.reflect.Method.invoke(Method.java:498)
	at org.junit.runners.model.FrameworkMethod$1.runReflectiveCall(FrameworkMethod.java:50)
	at org.junit.internal.runners.model.ReflectiveCallable.run(ReflectiveCallable.java:12)
	at org.junit.runners.model.FrameworkMethod.invokeExplosively(FrameworkMethod.java:47)
	at mockit.integration.junit4.JUnit4TestRunnerDecorator.invokeExplosively(JUnit4TestRunnerDecorator.java:49)
	at mockit.integration.junit4.FakeFrameworkMethod.invokeExplosively(FakeFrameworkMethod.java:29)
	at org.junit.runners.model.FrameworkMethod.invokeExplosively(FrameworkMethod.java)
	at org.junit.internal.runners.statements.RunBefores.evaluate(RunBefores.java:24)
	at org.junit.internal.runners.statements.RunAfters.evaluate(RunAfters.java:27)
	at org.junit.rules.TestWatcher$1.evaluate(TestWatcher.java:55)
	at org.junit.rules.RunRules.evaluate(RunRules.java:20)
	at org.junit.runners.ParentRunner.runLeaf(ParentRunner.java:325)
	at org.junit.runners.BlockJUnit4ClassRunner.runChild(BlockJUnit4ClassRunner.java:78)
	at org.junit.runners.BlockJUnit4ClassRunner.runChild(BlockJUnit4ClassRunner.java:57)
	at org.junit.runners.ParentRunner$3.run(ParentRunner.java:290)
	at org.junit.runners.ParentRunner$1.schedule(ParentRunner.java:71)
	at org.junit.runners.ParentRunner.runChildren(ParentRunner.java:288)
	at org.junit.runners.ParentRunner.access$000(ParentRunner.java:58)
	at org.junit.runners.ParentRunner$2.evaluate(ParentRunner.java:268)
	at org.junit.internal.runners.statements.RunBefores.evaluate(RunBefores.java:26)
	at org.junit.runners.ParentRunner.run(ParentRunner.java:363)
	at org.apache.maven.surefire.junit4.JUnit4Provider.execute(JUnit4Provider.java:365)
	at org.apache.maven.surefire.junit4.JUnit4Provider.executeWithRerun(JUnit4Provider.java:273)
	at org.apache.maven.surefire.junit4.JUnit4Provider.executeTestSet(JUnit4Provider.java:238)
	at org.apache.maven.surefire.junit4.JUnit4Provider.invoke(JUnit4Provider.java:159)
	at org.apache.maven.surefire.booter.ForkedBooter.invokeProviderInSameClassLoader(ForkedBooter.java:384)
	at org.apache.maven.surefire.booter.ForkedBooter.runSuitesInProcess(ForkedBooter.java:345)
	at org.apache.maven.surefire.booter.ForkedBooter.execute(ForkedBooter.java:126)
	at org.apache.maven.surefire.booter.ForkedBooter.main(ForkedBooter.java:418)
2020-06-22 14:22:56,025 [myid:] - ERROR [main:ZKTrustManager@162] - Failed to verify hostname: activate.navicat.com
javax.net.ssl.SSLPeerUnverifiedException: Certificate for <activate.navicat.com> doesn't match common name of the certificate subject: localhost
	at org.apache.zookeeper.common.ZKHostnameVerifier.matchCN(ZKHostnameVerifier.java:238)
	at org.apache.zookeeper.common.ZKHostnameVerifier.verify(ZKHostnameVerifier.java:184)
	at org.apache.zookeeper.common.ZKTrustManager.performHostVerification(ZKTrustManager.java:159)
	at org.apache.zookeeper.common.ZKTrustManager.checkServerTrusted(ZKTrustManager.java:90)
	at sun.security.ssl.ClientHandshaker.serverCertificate(ClientHandshaker.java:1670)
	at sun.security.ssl.ClientHandshaker.processMessage(ClientHandshaker.java:226)
	at sun.security.ssl.Handshaker.processLoop(Handshaker.java:1082)
	at sun.security.ssl.Handshaker.process_record(Handshaker.java:1010)
	at sun.security.ssl.SSLSocketImpl.readRecord(SSLSocketImpl.java:1079)
	at sun.security.ssl.SSLSocketImpl.performInitialHandshake(SSLSocketImpl.java:1388)
	at sun.security.ssl.SSLSocketImpl.startHandshake(SSLSocketImpl.java:1416)
	at sun.security.ssl.SSLSocketImpl.startHandshake(SSLSocketImpl.java:1400)
	at org.apache.zookeeper.client.FourLetterWordMain.send4LetterWord(FourLetterWordMain.java:105)
	at org.apache.zookeeper.client.FourLetterWordMain.send4LetterWord(FourLetterWordMain.java:73)
	at org.apache.zookeeper.test.ClientBase.waitForServerUp(ClientBase.java:261)
	at org.apache.zookeeper.test.ClientBase.startServerInstance(ClientBase.java:401)
	at org.apache.zookeeper.test.ClientBase.startServer(ClientBase.java:516)
	at org.apache.zookeeper.test.ClientBase.setUpWithServerId(ClientBase.java:499)
	at org.apache.zookeeper.test.ClientBase.setUp(ClientBase.java:474)
	at org.apache.zookeeper.test.SaslDigestAuthOverSSLTest.setUp(SaslDigestAuthOverSSLTest.java:62)
	at sun.reflect.NativeMethodAccessorImpl.invoke0(Native Method)
	at sun.reflect.NativeMethodAccessorImpl.invoke(NativeMethodAccessorImpl.java:62)
	at sun.reflect.DelegatingMethodAccessorImpl.invoke(DelegatingMethodAccessorImpl.java:43)
	at java.lang.reflect.Method.invoke(Method.java:498)
	at org.junit.runners.model.FrameworkMethod$1.runReflectiveCall(FrameworkMethod.java:50)
	at org.junit.internal.runners.model.ReflectiveCallable.run(ReflectiveCallable.java:12)
	at org.junit.runners.model.FrameworkMethod.invokeExplosively(FrameworkMethod.java:47)
	at mockit.integration.junit4.JUnit4TestRunnerDecorator.invokeExplosively(JUnit4TestRunnerDecorator.java:49)
	at mockit.integration.junit4.FakeFrameworkMethod.invokeExplosively(FakeFrameworkMethod.java:29)
	at org.junit.runners.model.FrameworkMethod.invokeExplosively(FrameworkMethod.java)
	at org.junit.internal.runners.statements.RunBefores.evaluate(RunBefores.java:24)
	at org.junit.internal.runners.statements.RunAfters.evaluate(RunAfters.java:27)
	at org.junit.rules.TestWatcher$1.evaluate(TestWatcher.java:55)
	at org.junit.rules.RunRules.evaluate(RunRules.java:20)
	at org.junit.runners.ParentRunner.runLeaf(ParentRunner.java:325)
	at org.junit.runners.BlockJUnit4ClassRunner.runChild(BlockJUnit4ClassRunner.java:78)
	at org.junit.runners.BlockJUnit4ClassRunner.runChild(BlockJUnit4ClassRunner.java:57)
	at org.junit.runners.ParentRunner$3.run(ParentRunner.java:290)
	at org.junit.runners.ParentRunner$1.schedule(ParentRunner.java:71)
	at org.junit.runners.ParentRunner.runChildren(ParentRunner.java:288)
	at org.junit.runners.ParentRunner.access$000(ParentRunner.java:58)
	at org.junit.runners.ParentRunner$2.evaluate(ParentRunner.java:268)
	at org.junit.internal.runners.statements.RunBefores.evaluate(RunBefores.java:26)
	at org.junit.runners.ParentRunner.run(ParentRunner.java:363)
	at org.apache.maven.surefire.junit4.JUnit4Provider.execute(JUnit4Provider.java:365)
	at org.apache.maven.surefire.junit4.JUnit4Provider.executeWithRerun(JUnit4Provider.java:273)
	at org.apache.maven.surefire.junit4.JUnit4Provider.executeTestSet(JUnit4Provider.java:238)
	at org.apache.maven.surefire.junit4.JUnit4Provider.invoke(JUnit4Provider.java:159)
	at org.apache.maven.surefire.booter.ForkedBooter.invokeProviderInSameClassLoader(ForkedBooter.java:384)
	at org.apache.maven.surefire.booter.ForkedBooter.runSuitesInProcess(ForkedBooter.java:345)
	at org.apache.maven.surefire.booter.ForkedBooter.execute(ForkedBooter.java:126)
	at org.apache.maven.surefire.booter.ForkedBooter.main(ForkedBooter.java:418)
2020-06-22 14:22:56,025 [myid:] - INFO  [main:ClientBase@270] - server 127.0.0.1:21995 not up
javax.net.ssl.SSLHandshakeException: java.security.cert.CertificateException: Failed to verify both host address and host name
	at sun.security.ssl.Alerts.getSSLException(Alerts.java:198)
	at sun.security.ssl.SSLSocketImpl.fatal(SSLSocketImpl.java:1967)
	at sun.security.ssl.Handshaker.fatalSE(Handshaker.java:331)
	at sun.security.ssl.Handshaker.fatalSE(Handshaker.java:325)
	at sun.security.ssl.ClientHandshaker.serverCertificate(ClientHandshaker.java:1688)
	at sun.security.ssl.ClientHandshaker.processMessage(ClientHandshaker.java:226)
	at sun.security.ssl.Handshaker.processLoop(Handshaker.java:1082)
	at sun.security.ssl.Handshaker.process_record(Handshaker.java:1010)
	at sun.security.ssl.SSLSocketImpl.readRecord(SSLSocketImpl.java:1079)
	at sun.security.ssl.SSLSocketImpl.performInitialHandshake(SSLSocketImpl.java:1388)
	at sun.security.ssl.SSLSocketImpl.startHandshake(SSLSocketImpl.java:1416)
	at sun.security.ssl.SSLSocketImpl.startHandshake(SSLSocketImpl.java:1400)
	at org.apache.zookeeper.client.FourLetterWordMain.send4LetterWord(FourLetterWordMain.java:105)
	at org.apache.zookeeper.client.FourLetterWordMain.send4LetterWord(FourLetterWordMain.java:73)
	at org.apache.zookeeper.test.ClientBase.waitForServerUp(ClientBase.java:261)
	at org.apache.zookeeper.test.ClientBase.startServerInstance(ClientBase.java:401)
	at org.apache.zookeeper.test.ClientBase.startServer(ClientBase.java:516)
	at org.apache.zookeeper.test.ClientBase.setUpWithServerId(ClientBase.java:499)
	at org.apache.zookeeper.test.ClientBase.setUp(ClientBase.java:474)
	at org.apache.zookeeper.test.SaslDigestAuthOverSSLTest.setUp(SaslDigestAuthOverSSLTest.java:62)
	at sun.reflect.NativeMethodAccessorImpl.invoke0(Native Method)
	at sun.reflect.NativeMethodAccessorImpl.invoke(NativeMethodAccessorImpl.java:62)
	at sun.reflect.DelegatingMethodAccessorImpl.invoke(DelegatingMethodAccessorImpl.java:43)
	at java.lang.reflect.Method.invoke(Method.java:498)
	at org.junit.runners.model.FrameworkMethod$1.runReflectiveCall(FrameworkMethod.java:50)
	at org.junit.internal.runners.model.ReflectiveCallable.run(ReflectiveCallable.java:12)
	at org.junit.runners.model.FrameworkMethod.invokeExplosively(FrameworkMethod.java:47)
	at mockit.integration.junit4.JUnit4TestRunnerDecorator.invokeExplosively(JUnit4TestRunnerDecorator.java:49)
	at mockit.integration.junit4.FakeFrameworkMethod.invokeExplosively(FakeFrameworkMethod.java:29)
	at org.junit.runners.model.FrameworkMethod.invokeExplosively(FrameworkMethod.java)
	at org.junit.internal.runners.statements.RunBefores.evaluate(RunBefores.java:24)
	at org.junit.internal.runners.statements.RunAfters.evaluate(RunAfters.java:27)
	at org.junit.rules.TestWatcher$1.evaluate(TestWatcher.java:55)
	at org.junit.rules.RunRules.evaluate(RunRules.java:20)
	at org.junit.runners.ParentRunner.runLeaf(ParentRunner.java:325)
	at org.junit.runners.BlockJUnit4ClassRunner.runChild(BlockJUnit4ClassRunner.java:78)
	at org.junit.runners.BlockJUnit4ClassRunner.runChild(BlockJUnit4ClassRunner.java:57)
	at org.junit.runners.ParentRunner$3.run(ParentRunner.java:290)
	at org.junit.runners.ParentRunner$1.schedule(ParentRunner.java:71)
	at org.junit.runners.ParentRunner.runChildren(ParentRunner.java:288)
	at org.junit.runners.ParentRunner.access$000(ParentRunner.java:58)
	at org.junit.runners.ParentRunner$2.evaluate(ParentRunner.java:268)
	at org.junit.internal.runners.statements.RunBefores.evaluate(RunBefores.java:26)
	at org.junit.runners.ParentRunner.run(ParentRunner.java:363)
	at org.apache.maven.surefire.junit4.JUnit4Provider.execute(JUnit4Provider.java:365)
	at org.apache.maven.surefire.junit4.JUnit4Provider.executeWithRerun(JUnit4Provider.java:273)
	at org.apache.maven.surefire.junit4.JUnit4Provider.executeTestSet(JUnit4Provider.java:238)
	at org.apache.maven.surefire.junit4.JUnit4Provider.invoke(JUnit4Provider.java:159)
	at org.apache.maven.surefire.booter.ForkedBooter.invokeProviderInSameClassLoader(ForkedBooter.java:384)
	at org.apache.maven.surefire.booter.ForkedBooter.runSuitesInProcess(ForkedBooter.java:345)
	at org.apache.maven.surefire.booter.ForkedBooter.execute(ForkedBooter.java:126)
	at org.apache.maven.surefire.booter.ForkedBooter.main(ForkedBooter.java:418)
Caused by: java.security.cert.CertificateException: Failed to verify both host address and host name
	at org.apache.zookeeper.common.ZKTrustManager.performHostVerification(ZKTrustManager.java:163)
	at org.apache.zookeeper.common.ZKTrustManager.checkServerTrusted(ZKTrustManager.java:90)
	at sun.security.ssl.ClientHandshaker.serverCertificate(ClientHandshaker.java:1670)
	... 47 more
Caused by: javax.net.ssl.SSLPeerUnverifiedException: Certificate for <activate.navicat.com> doesn't match common name of the certificate subject: localhost
	at org.apache.zookeeper.common.ZKHostnameVerifier.matchCN(ZKHostnameVerifier.java:238)
	at org.apache.zookeeper.common.ZKHostnameVerifier.verify(ZKHostnameVerifier.java:184)
	at org.apache.zookeeper.common.ZKTrustManager.performHostVerification(ZKTrustManager.java:159)
	... 49 more
2020-06-22 14:22:56,026 [myid:] - ERROR [nioEventLoopGroup-4-6:NettyServerCnxnFactory$CertificateVerifier@434] - Unsuccessful handshake with session 0x0
2020-06-22 14:22:56,026 [myid:] - WARN  [nioEventLoopGroup-4-6:NettyServerCnxnFactory$CnxnChannelHandler@273] - Exception caught
io.netty.handler.codec.DecoderException: javax.net.ssl.SSLException: Received fatal alert: certificate_unknown
	at io.netty.handler.codec.ByteToMessageDecoder.callDecode(ByteToMessageDecoder.java:468)
	at io.netty.handler.codec.ByteToMessageDecoder.channelRead(ByteToMessageDecoder.java:276)
	at io.netty.channel.AbstractChannelHandlerContext.invokeChannelRead(AbstractChannelHandlerContext.java:379)
	at io.netty.channel.AbstractChannelHandlerContext.invokeChannelRead(AbstractChannelHandlerContext.java:365)
	at io.netty.channel.AbstractChannelHandlerContext.fireChannelRead(AbstractChannelHandlerContext.java:357)
	at io.netty.channel.DefaultChannelPipeline$HeadContext.channelRead(DefaultChannelPipeline.java:1410)
	at io.netty.channel.AbstractChannelHandlerContext.invokeChannelRead(AbstractChannelHandlerContext.java:379)
	at io.netty.channel.AbstractChannelHandlerContext.invokeChannelRead(AbstractChannelHandlerContext.java:365)
	at io.netty.channel.DefaultChannelPipeline.fireChannelRead(DefaultChannelPipeline.java:919)
	at io.netty.channel.nio.AbstractNioByteChannel$NioByteUnsafe.read(AbstractNioByteChannel.java:163)
	at io.netty.channel.nio.NioEventLoop.processSelectedKey(NioEventLoop.java:714)
	at io.netty.channel.nio.NioEventLoop.processSelectedKeysOptimized(NioEventLoop.java:650)
	at io.netty.channel.nio.NioEventLoop.processSelectedKeys(NioEventLoop.java:576)
	at io.netty.channel.nio.NioEventLoop.run(NioEventLoop.java:493)
	at io.netty.util.concurrent.SingleThreadEventExecutor$4.run(SingleThreadEventExecutor.java:989)
	at io.netty.util.internal.ThreadExecutorMap$2.run(ThreadExecutorMap.java:74)
	at io.netty.util.concurrent.FastThreadLocalRunnable.run(FastThreadLocalRunnable.java:30)
	at java.lang.Thread.run(Thread.java:748)
Caused by: javax.net.ssl.SSLException: Received fatal alert: certificate_unknown
	at sun.security.ssl.Alerts.getSSLException(Alerts.java:214)
	at sun.security.ssl.SSLEngineImpl.fatal(SSLEngineImpl.java:1667)
	at sun.security.ssl.SSLEngineImpl.fatal(SSLEngineImpl.java:1635)
	at sun.security.ssl.SSLEngineImpl.recvAlert(SSLEngineImpl.java:1801)
	at sun.security.ssl.SSLEngineImpl.readRecord(SSLEngineImpl.java:1090)
	at sun.security.ssl.SSLEngineImpl.readNetRecord(SSLEngineImpl.java:913)
	at sun.security.ssl.SSLEngineImpl.unwrap(SSLEngineImpl.java:783)
	at javax.net.ssl.SSLEngine.unwrap(SSLEngine.java:626)
	at io.netty.handler.ssl.SslHandler$SslEngineType$3.unwrap(SslHandler.java:281)
	at io.netty.handler.ssl.SslHandler.unwrap(SslHandler.java:1340)
	at io.netty.handler.ssl.SslHandler.decodeJdkCompatible(SslHandler.java:1235)
	at io.netty.handler.ssl.SslHandler.decode(SslHandler.java:1282)
	at io.netty.handler.codec.ByteToMessageDecoder.decodeRemovalReentryProtection(ByteToMessageDecoder.java:498)
	at io.netty.handler.codec.ByteToMessageDecoder.callDecode(ByteToMessageDecoder.java:437)
	... 17 more
2020-06-22 14:22:56,027 [myid:] - WARN  [nioEventLoopGroup-4-6:NettyServerCnxnFactory$CnxnChannelHandler@273] - Exception caught
io.netty.handler.codec.DecoderException: javax.net.ssl.SSLException: Received fatal alert: certificate_unknown
	at io.netty.handler.codec.ByteToMessageDecoder.callDecode(ByteToMessageDecoder.java:468)
	at io.netty.handler.codec.ByteToMessageDecoder.channelInputClosed(ByteToMessageDecoder.java:401)
	at io.netty.handler.codec.ByteToMessageDecoder.channelInputClosed(ByteToMessageDecoder.java:368)
	at io.netty.handler.codec.ByteToMessageDecoder.channelInactive(ByteToMessageDecoder.java:351)
	at io.netty.handler.ssl.SslHandler.channelInactive(SslHandler.java:1084)
	at io.netty.channel.AbstractChannelHandlerContext.invokeChannelInactive(AbstractChannelHandlerContext.java:262)
	at io.netty.channel.AbstractChannelHandlerContext.invokeChannelInactive(AbstractChannelHandlerContext.java:248)
	at io.netty.channel.AbstractChannelHandlerContext.fireChannelInactive(AbstractChannelHandlerContext.java:241)
	at io.netty.channel.DefaultChannelPipeline$HeadContext.channelInactive(DefaultChannelPipeline.java:1405)
	at io.netty.channel.AbstractChannelHandlerContext.invokeChannelInactive(AbstractChannelHandlerContext.java:262)
	at io.netty.channel.AbstractChannelHandlerContext.invokeChannelInactive(AbstractChannelHandlerContext.java:248)
	at io.netty.channel.DefaultChannelPipeline.fireChannelInactive(DefaultChannelPipeline.java:901)
	at io.netty.channel.AbstractChannel$AbstractUnsafe$8.run(AbstractChannel.java:818)
	at io.netty.util.concurrent.AbstractEventExecutor.safeExecute(AbstractEventExecutor.java:164)
	at io.netty.util.concurrent.SingleThreadEventExecutor.runAllTasks(SingleThreadEventExecutor.java:472)
	at io.netty.channel.nio.NioEventLoop.run(NioEventLoop.java:497)
	at io.netty.util.concurrent.SingleThreadEventExecutor$4.run(SingleThreadEventExecutor.java:989)
	at io.netty.util.internal.ThreadExecutorMap$2.run(ThreadExecutorMap.java:74)
	at io.netty.util.concurrent.FastThreadLocalRunnable.run(FastThreadLocalRunnable.java:30)
	at java.lang.Thread.run(Thread.java:748)
Caused by: javax.net.ssl.SSLException: Received fatal alert: certificate_unknown
	at sun.security.ssl.Alerts.getSSLException(Alerts.java:214)
	at sun.security.ssl.SSLEngineImpl.fatal(SSLEngineImpl.java:1667)
	at sun.security.ssl.SSLEngineImpl.fatal(SSLEngineImpl.java:1635)
	at sun.security.ssl.SSLEngineImpl.recvAlert(SSLEngineImpl.java:1801)
	at sun.security.ssl.SSLEngineImpl.readRecord(SSLEngineImpl.java:1090)
	at sun.security.ssl.SSLEngineImpl.readNetRecord(SSLEngineImpl.java:913)
	at sun.security.ssl.SSLEngineImpl.unwrap(SSLEngineImpl.java:783)
	at javax.net.ssl.SSLEngine.unwrap(SSLEngine.java:626)
	at io.netty.handler.ssl.SslHandler$SslEngineType$3.unwrap(SslHandler.java:281)
	at io.netty.handler.ssl.SslHandler.unwrap(SslHandler.java:1340)
	at io.netty.handler.ssl.SslHandler.decodeJdkCompatible(SslHandler.java:1235)
	at io.netty.handler.ssl.SslHandler.decode(SslHandler.java:1282)
	at io.netty.handler.codec.ByteToMessageDecoder.decodeRemovalReentryProtection(ByteToMessageDecoder.java:498)
	at io.netty.handler.codec.ByteToMessageDecoder.callDecode(ByteToMessageDecoder.java:437)
	... 19 more
2020-06-22 14:22:56,276 [myid:] - INFO  [main:FourLetterWordMain@93] - connecting to 127.0.0.1 21995
2020-06-22 14:22:56,276 [myid:] - INFO  [main:FourLetterWordMain@99] - using secure socket
2020-06-22 14:22:56,287 [myid:] - ERROR [main:ZKTrustManager@161] - Failed to verify host address: 127.0.0.1
javax.net.ssl.SSLPeerUnverifiedException: Certificate for <127.0.0.1> doesn't match common name of the certificate subject: localhost
	at org.apache.zookeeper.common.ZKHostnameVerifier.matchCN(ZKHostnameVerifier.java:238)
	at org.apache.zookeeper.common.ZKHostnameVerifier.verify(ZKHostnameVerifier.java:184)
	at org.apache.zookeeper.common.ZKTrustManager.performHostVerification(ZKTrustManager.java:151)
	at org.apache.zookeeper.common.ZKTrustManager.checkServerTrusted(ZKTrustManager.java:90)
	at sun.security.ssl.ClientHandshaker.serverCertificate(ClientHandshaker.java:1670)
	at sun.security.ssl.ClientHandshaker.processMessage(ClientHandshaker.java:226)
	at sun.security.ssl.Handshaker.processLoop(Handshaker.java:1082)
	at sun.security.ssl.Handshaker.process_record(Handshaker.java:1010)
	at sun.security.ssl.SSLSocketImpl.readRecord(SSLSocketImpl.java:1079)
	at sun.security.ssl.SSLSocketImpl.performInitialHandshake(SSLSocketImpl.java:1388)
	at sun.security.ssl.SSLSocketImpl.startHandshake(SSLSocketImpl.java:1416)
	at sun.security.ssl.SSLSocketImpl.startHandshake(SSLSocketImpl.java:1400)
	at org.apache.zookeeper.client.FourLetterWordMain.send4LetterWord(FourLetterWordMain.java:105)
	at org.apache.zookeeper.client.FourLetterWordMain.send4LetterWord(FourLetterWordMain.java:73)
	at org.apache.zookeeper.test.ClientBase.waitForServerUp(ClientBase.java:261)
	at org.apache.zookeeper.test.ClientBase.startServerInstance(ClientBase.java:401)
	at org.apache.zookeeper.test.ClientBase.startServer(ClientBase.java:516)
	at org.apache.zookeeper.test.ClientBase.setUpWithServerId(ClientBase.java:499)
	at org.apache.zookeeper.test.ClientBase.setUp(ClientBase.java:474)
	at org.apache.zookeeper.test.SaslDigestAuthOverSSLTest.setUp(SaslDigestAuthOverSSLTest.java:62)
	at sun.reflect.NativeMethodAccessorImpl.invoke0(Native Method)
	at sun.reflect.NativeMethodAccessorImpl.invoke(NativeMethodAccessorImpl.java:62)
	at sun.reflect.DelegatingMethodAccessorImpl.invoke(DelegatingMethodAccessorImpl.java:43)
	at java.lang.reflect.Method.invoke(Method.java:498)
	at org.junit.runners.model.FrameworkMethod$1.runReflectiveCall(FrameworkMethod.java:50)
	at org.junit.internal.runners.model.ReflectiveCallable.run(ReflectiveCallable.java:12)
	at org.junit.runners.model.FrameworkMethod.invokeExplosively(FrameworkMethod.java:47)
	at mockit.integration.junit4.JUnit4TestRunnerDecorator.invokeExplosively(JUnit4TestRunnerDecorator.java:49)
	at mockit.integration.junit4.FakeFrameworkMethod.invokeExplosively(FakeFrameworkMethod.java:29)
	at org.junit.runners.model.FrameworkMethod.invokeExplosively(FrameworkMethod.java)
	at org.junit.internal.runners.statements.RunBefores.evaluate(RunBefores.java:24)
	at org.junit.internal.runners.statements.RunAfters.evaluate(RunAfters.java:27)
	at org.junit.rules.TestWatcher$1.evaluate(TestWatcher.java:55)
	at org.junit.rules.RunRules.evaluate(RunRules.java:20)
	at org.junit.runners.ParentRunner.runLeaf(ParentRunner.java:325)
	at org.junit.runners.BlockJUnit4ClassRunner.runChild(BlockJUnit4ClassRunner.java:78)
	at org.junit.runners.BlockJUnit4ClassRunner.runChild(BlockJUnit4ClassRunner.java:57)
	at org.junit.runners.ParentRunner$3.run(ParentRunner.java:290)
	at org.junit.runners.ParentRunner$1.schedule(ParentRunner.java:71)
	at org.junit.runners.ParentRunner.runChildren(ParentRunner.java:288)
	at org.junit.runners.ParentRunner.access$000(ParentRunner.java:58)
	at org.junit.runners.ParentRunner$2.evaluate(ParentRunner.java:268)
	at org.junit.internal.runners.statements.RunBefores.evaluate(RunBefores.java:26)
	at org.junit.runners.ParentRunner.run(ParentRunner.java:363)
	at org.apache.maven.surefire.junit4.JUnit4Provider.execute(JUnit4Provider.java:365)
	at org.apache.maven.surefire.junit4.JUnit4Provider.executeWithRerun(JUnit4Provider.java:273)
	at org.apache.maven.surefire.junit4.JUnit4Provider.executeTestSet(JUnit4Provider.java:238)
	at org.apache.maven.surefire.junit4.JUnit4Provider.invoke(JUnit4Provider.java:159)
	at org.apache.maven.surefire.booter.ForkedBooter.invokeProviderInSameClassLoader(ForkedBooter.java:384)
	at org.apache.maven.surefire.booter.ForkedBooter.runSuitesInProcess(ForkedBooter.java:345)
	at org.apache.maven.surefire.booter.ForkedBooter.execute(ForkedBooter.java:126)
	at org.apache.maven.surefire.booter.ForkedBooter.main(ForkedBooter.java:418)
2020-06-22 14:22:56,288 [myid:] - ERROR [main:ZKTrustManager@162] - Failed to verify hostname: activate.navicat.com
javax.net.ssl.SSLPeerUnverifiedException: Certificate for <activate.navicat.com> doesn't match common name of the certificate subject: localhost
	at org.apache.zookeeper.common.ZKHostnameVerifier.matchCN(ZKHostnameVerifier.java:238)
	at org.apache.zookeeper.common.ZKHostnameVerifier.verify(ZKHostnameVerifier.java:184)
	at org.apache.zookeeper.common.ZKTrustManager.performHostVerification(ZKTrustManager.java:159)
	at org.apache.zookeeper.common.ZKTrustManager.checkServerTrusted(ZKTrustManager.java:90)
	at sun.security.ssl.ClientHandshaker.serverCertificate(ClientHandshaker.java:1670)
	at sun.security.ssl.ClientHandshaker.processMessage(ClientHandshaker.java:226)
	at sun.security.ssl.Handshaker.processLoop(Handshaker.java:1082)
	at sun.security.ssl.Handshaker.process_record(Handshaker.java:1010)
	at sun.security.ssl.SSLSocketImpl.readRecord(SSLSocketImpl.java:1079)
	at sun.security.ssl.SSLSocketImpl.performInitialHandshake(SSLSocketImpl.java:1388)
	at sun.security.ssl.SSLSocketImpl.startHandshake(SSLSocketImpl.java:1416)
	at sun.security.ssl.SSLSocketImpl.startHandshake(SSLSocketImpl.java:1400)
	at org.apache.zookeeper.client.FourLetterWordMain.send4LetterWord(FourLetterWordMain.java:105)
	at org.apache.zookeeper.client.FourLetterWordMain.send4LetterWord(FourLetterWordMain.java:73)
	at org.apache.zookeeper.test.ClientBase.waitForServerUp(ClientBase.java:261)
	at org.apache.zookeeper.test.ClientBase.startServerInstance(ClientBase.java:401)
	at org.apache.zookeeper.test.ClientBase.startServer(ClientBase.java:516)
	at org.apache.zookeeper.test.ClientBase.setUpWithServerId(ClientBase.java:499)
	at org.apache.zookeeper.test.ClientBase.setUp(ClientBase.java:474)
	at org.apache.zookeeper.test.SaslDigestAuthOverSSLTest.setUp(SaslDigestAuthOverSSLTest.java:62)
	at sun.reflect.NativeMethodAccessorImpl.invoke0(Native Method)
	at sun.reflect.NativeMethodAccessorImpl.invoke(NativeMethodAccessorImpl.java:62)
	at sun.reflect.DelegatingMethodAccessorImpl.invoke(DelegatingMethodAccessorImpl.java:43)
	at java.lang.reflect.Method.invoke(Method.java:498)
	at org.junit.runners.model.FrameworkMethod$1.runReflectiveCall(FrameworkMethod.java:50)
	at org.junit.internal.runners.model.ReflectiveCallable.run(ReflectiveCallable.java:12)
	at org.junit.runners.model.FrameworkMethod.invokeExplosively(FrameworkMethod.java:47)
	at mockit.integration.junit4.JUnit4TestRunnerDecorator.invokeExplosively(JUnit4TestRunnerDecorator.java:49)
	at mockit.integration.junit4.FakeFrameworkMethod.invokeExplosively(FakeFrameworkMethod.java:29)
	at org.junit.runners.model.FrameworkMethod.invokeExplosively(FrameworkMethod.java)
	at org.junit.internal.runners.statements.RunBefores.evaluate(RunBefores.java:24)
	at org.junit.internal.runners.statements.RunAfters.evaluate(RunAfters.java:27)
	at org.junit.rules.TestWatcher$1.evaluate(TestWatcher.java:55)
	at org.junit.rules.RunRules.evaluate(RunRules.java:20)
	at org.junit.runners.ParentRunner.runLeaf(ParentRunner.java:325)
	at org.junit.runners.BlockJUnit4ClassRunner.runChild(BlockJUnit4ClassRunner.java:78)
	at org.junit.runners.BlockJUnit4ClassRunner.runChild(BlockJUnit4ClassRunner.java:57)
	at org.junit.runners.ParentRunner$3.run(ParentRunner.java:290)
	at org.junit.runners.ParentRunner$1.schedule(ParentRunner.java:71)
	at org.junit.runners.ParentRunner.runChildren(ParentRunner.java:288)
	at org.junit.runners.ParentRunner.access$000(ParentRunner.java:58)
	at org.junit.runners.ParentRunner$2.evaluate(ParentRunner.java:268)
	at org.junit.internal.runners.statements.RunBefores.evaluate(RunBefores.java:26)
	at org.junit.runners.ParentRunner.run(ParentRunner.java:363)
	at org.apache.maven.surefire.junit4.JUnit4Provider.execute(JUnit4Provider.java:365)
	at org.apache.maven.surefire.junit4.JUnit4Provider.executeWithRerun(JUnit4Provider.java:273)
	at org.apache.maven.surefire.junit4.JUnit4Provider.executeTestSet(JUnit4Provider.java:238)
	at org.apache.maven.surefire.junit4.JUnit4Provider.invoke(JUnit4Provider.java:159)
	at org.apache.maven.surefire.booter.ForkedBooter.invokeProviderInSameClassLoader(ForkedBooter.java:384)
	at org.apache.maven.surefire.booter.ForkedBooter.runSuitesInProcess(ForkedBooter.java:345)
	at org.apache.maven.surefire.booter.ForkedBooter.execute(ForkedBooter.java:126)
	at org.apache.maven.surefire.booter.ForkedBooter.main(ForkedBooter.java:418)
2020-06-22 14:22:56,288 [myid:] - INFO  [main:ClientBase@270] - server 127.0.0.1:21995 not up
javax.net.ssl.SSLHandshakeException: java.security.cert.CertificateException: Failed to verify both host address and host name
	at sun.security.ssl.Alerts.getSSLException(Alerts.java:198)
	at sun.security.ssl.SSLSocketImpl.fatal(SSLSocketImpl.java:1967)
	at sun.security.ssl.Handshaker.fatalSE(Handshaker.java:331)
	at sun.security.ssl.Handshaker.fatalSE(Handshaker.java:325)
	at sun.security.ssl.ClientHandshaker.serverCertificate(ClientHandshaker.java:1688)
	at sun.security.ssl.ClientHandshaker.processMessage(ClientHandshaker.java:226)
	at sun.security.ssl.Handshaker.processLoop(Handshaker.java:1082)
	at sun.security.ssl.Handshaker.process_record(Handshaker.java:1010)
	at sun.security.ssl.SSLSocketImpl.readRecord(SSLSocketImpl.java:1079)
	at sun.security.ssl.SSLSocketImpl.performInitialHandshake(SSLSocketImpl.java:1388)
	at sun.security.ssl.SSLSocketImpl.startHandshake(SSLSocketImpl.java:1416)
	at sun.security.ssl.SSLSocketImpl.startHandshake(SSLSocketImpl.java:1400)
	at org.apache.zookeeper.client.FourLetterWordMain.send4LetterWord(FourLetterWordMain.java:105)
	at org.apache.zookeeper.client.FourLetterWordMain.send4LetterWord(FourLetterWordMain.java:73)
	at org.apache.zookeeper.test.ClientBase.waitForServerUp(ClientBase.java:261)
	at org.apache.zookeeper.test.ClientBase.startServerInstance(ClientBase.java:401)
	at org.apache.zookeeper.test.ClientBase.startServer(ClientBase.java:516)
	at org.apache.zookeeper.test.ClientBase.setUpWithServerId(ClientBase.java:499)
	at org.apache.zookeeper.test.ClientBase.setUp(ClientBase.java:474)
	at org.apache.zookeeper.test.SaslDigestAuthOverSSLTest.setUp(SaslDigestAuthOverSSLTest.java:62)
	at sun.reflect.NativeMethodAccessorImpl.invoke0(Native Method)
	at sun.reflect.NativeMethodAccessorImpl.invoke(NativeMethodAccessorImpl.java:62)
	at sun.reflect.DelegatingMethodAccessorImpl.invoke(DelegatingMethodAccessorImpl.java:43)
	at java.lang.reflect.Method.invoke(Method.java:498)
	at org.junit.runners.model.FrameworkMethod$1.runReflectiveCall(FrameworkMethod.java:50)
	at org.junit.internal.runners.model.ReflectiveCallable.run(ReflectiveCallable.java:12)
	at org.junit.runners.model.FrameworkMethod.invokeExplosively(FrameworkMethod.java:47)
	at mockit.integration.junit4.JUnit4TestRunnerDecorator.invokeExplosively(JUnit4TestRunnerDecorator.java:49)
	at mockit.integration.junit4.FakeFrameworkMethod.invokeExplosively(FakeFrameworkMethod.java:29)
	at org.junit.runners.model.FrameworkMethod.invokeExplosively(FrameworkMethod.java)
	at org.junit.internal.runners.statements.RunBefores.evaluate(RunBefores.java:24)
	at org.junit.internal.runners.statements.RunAfters.evaluate(RunAfters.java:27)
	at org.junit.rules.TestWatcher$1.evaluate(TestWatcher.java:55)
	at org.junit.rules.RunRules.evaluate(RunRules.java:20)
	at org.junit.runners.ParentRunner.runLeaf(ParentRunner.java:325)
	at org.junit.runners.BlockJUnit4ClassRunner.runChild(BlockJUnit4ClassRunner.java:78)
	at org.junit.runners.BlockJUnit4ClassRunner.runChild(BlockJUnit4ClassRunner.java:57)
	at org.junit.runners.ParentRunner$3.run(ParentRunner.java:290)
	at org.junit.runners.ParentRunner$1.schedule(ParentRunner.java:71)
	at org.junit.runners.ParentRunner.runChildren(ParentRunner.java:288)
	at org.junit.runners.ParentRunner.access$000(ParentRunner.java:58)
	at org.junit.runners.ParentRunner$2.evaluate(ParentRunner.java:268)
	at org.junit.internal.runners.statements.RunBefores.evaluate(RunBefores.java:26)
	at org.junit.runners.ParentRunner.run(ParentRunner.java:363)
	at org.apache.maven.surefire.junit4.JUnit4Provider.execute(JUnit4Provider.java:365)
	at org.apache.maven.surefire.junit4.JUnit4Provider.executeWithRerun(JUnit4Provider.java:273)
	at org.apache.maven.surefire.junit4.JUnit4Provider.executeTestSet(JUnit4Provider.java:238)
	at org.apache.maven.surefire.junit4.JUnit4Provider.invoke(JUnit4Provider.java:159)
	at org.apache.maven.surefire.booter.ForkedBooter.invokeProviderInSameClassLoader(ForkedBooter.java:384)
	at org.apache.maven.surefire.booter.ForkedBooter.runSuitesInProcess(ForkedBooter.java:345)
	at org.apache.maven.surefire.booter.ForkedBooter.execute(ForkedBooter.java:126)
	at org.apache.maven.surefire.booter.ForkedBooter.main(ForkedBooter.java:418)
Caused by: java.security.cert.CertificateException: Failed to verify both host address and host name
	at org.apache.zookeeper.common.ZKTrustManager.performHostVerification(ZKTrustManager.java:163)
	at org.apache.zookeeper.common.ZKTrustManager.checkServerTrusted(ZKTrustManager.java:90)
	at sun.security.ssl.ClientHandshaker.serverCertificate(ClientHandshaker.java:1670)
	... 47 more
Caused by: javax.net.ssl.SSLPeerUnverifiedException: Certificate for <activate.navicat.com> doesn't match common name of the certificate subject: localhost
	at org.apache.zookeeper.common.ZKHostnameVerifier.matchCN(ZKHostnameVerifier.java:238)
	at org.apache.zookeeper.common.ZKHostnameVerifier.verify(ZKHostnameVerifier.java:184)
	at org.apache.zookeeper.common.ZKTrustManager.performHostVerification(ZKTrustManager.java:159)
	... 49 more
2020-06-22 14:22:56,288 [myid:] - ERROR [nioEventLoopGroup-4-7:NettyServerCnxnFactory$CertificateVerifier@434] - Unsuccessful handshake with session 0x0
2020-06-22 14:22:56,290 [myid:] - WARN  [nioEventLoopGroup-4-7:NettyServerCnxnFactory$CnxnChannelHandler@273] - Exception caught
io.netty.handler.codec.DecoderException: javax.net.ssl.SSLException: Received fatal alert: certificate_unknown
	at io.netty.handler.codec.ByteToMessageDecoder.callDecode(ByteToMessageDecoder.java:468)
	at io.netty.handler.codec.ByteToMessageDecoder.channelRead(ByteToMessageDecoder.java:276)
	at io.netty.channel.AbstractChannelHandlerContext.invokeChannelRead(AbstractChannelHandlerContext.java:379)
	at io.netty.channel.AbstractChannelHandlerContext.invokeChannelRead(AbstractChannelHandlerContext.java:365)
	at io.netty.channel.AbstractChannelHandlerContext.fireChannelRead(AbstractChannelHandlerContext.java:357)
	at io.netty.channel.DefaultChannelPipeline$HeadContext.channelRead(DefaultChannelPipeline.java:1410)
	at io.netty.channel.AbstractChannelHandlerContext.invokeChannelRead(AbstractChannelHandlerContext.java:379)
	at io.netty.channel.AbstractChannelHandlerContext.invokeChannelRead(AbstractChannelHandlerContext.java:365)
	at io.netty.channel.DefaultChannelPipeline.fireChannelRead(DefaultChannelPipeline.java:919)
	at io.netty.channel.nio.AbstractNioByteChannel$NioByteUnsafe.read(AbstractNioByteChannel.java:163)
	at io.netty.channel.nio.NioEventLoop.processSelectedKey(NioEventLoop.java:714)
	at io.netty.channel.nio.NioEventLoop.processSelectedKeysOptimized(NioEventLoop.java:650)
	at io.netty.channel.nio.NioEventLoop.processSelectedKeys(NioEventLoop.java:576)
	at io.netty.channel.nio.NioEventLoop.run(NioEventLoop.java:493)
	at io.netty.util.concurrent.SingleThreadEventExecutor$4.run(SingleThreadEventExecutor.java:989)
	at io.netty.util.internal.ThreadExecutorMap$2.run(ThreadExecutorMap.java:74)
	at io.netty.util.concurrent.FastThreadLocalRunnable.run(FastThreadLocalRunnable.java:30)
	at java.lang.Thread.run(Thread.java:748)
Caused by: javax.net.ssl.SSLException: Received fatal alert: certificate_unknown
	at sun.security.ssl.Alerts.getSSLException(Alerts.java:214)
	at sun.security.ssl.SSLEngineImpl.fatal(SSLEngineImpl.java:1667)
	at sun.security.ssl.SSLEngineImpl.fatal(SSLEngineImpl.java:1635)
	at sun.security.ssl.SSLEngineImpl.recvAlert(SSLEngineImpl.java:1801)
	at sun.security.ssl.SSLEngineImpl.readRecord(SSLEngineImpl.java:1090)
	at sun.security.ssl.SSLEngineImpl.readNetRecord(SSLEngineImpl.java:913)
	at sun.security.ssl.SSLEngineImpl.unwrap(SSLEngineImpl.java:783)
	at javax.net.ssl.SSLEngine.unwrap(SSLEngine.java:626)
	at io.netty.handler.ssl.SslHandler$SslEngineType$3.unwrap(SslHandler.java:281)
	at io.netty.handler.ssl.SslHandler.unwrap(SslHandler.java:1340)
	at io.netty.handler.ssl.SslHandler.decodeJdkCompatible(SslHandler.java:1235)
	at io.netty.handler.ssl.SslHandler.decode(SslHandler.java:1282)
	at io.netty.handler.codec.ByteToMessageDecoder.decodeRemovalReentryProtection(ByteToMessageDecoder.java:498)
	at io.netty.handler.codec.ByteToMessageDecoder.callDecode(ByteToMessageDecoder.java:437)
	... 17 more
2020-06-22 14:22:56,290 [myid:] - WARN  [nioEventLoopGroup-4-7:NettyServerCnxnFactory$CnxnChannelHandler@273] - Exception caught
io.netty.handler.codec.DecoderException: javax.net.ssl.SSLException: Received fatal alert: certificate_unknown
	at io.netty.handler.codec.ByteToMessageDecoder.callDecode(ByteToMessageDecoder.java:468)
	at io.netty.handler.codec.ByteToMessageDecoder.channelInputClosed(ByteToMessageDecoder.java:401)
	at io.netty.handler.codec.ByteToMessageDecoder.channelInputClosed(ByteToMessageDecoder.java:368)
	at io.netty.handler.codec.ByteToMessageDecoder.channelInactive(ByteToMessageDecoder.java:351)
	at io.netty.handler.ssl.SslHandler.channelInactive(SslHandler.java:1084)
	at io.netty.channel.AbstractChannelHandlerContext.invokeChannelInactive(AbstractChannelHandlerContext.java:262)
	at io.netty.channel.AbstractChannelHandlerContext.invokeChannelInactive(AbstractChannelHandlerContext.java:248)
	at io.netty.channel.AbstractChannelHandlerContext.fireChannelInactive(AbstractChannelHandlerContext.java:241)
	at io.netty.channel.DefaultChannelPipeline$HeadContext.channelInactive(DefaultChannelPipeline.java:1405)
	at io.netty.channel.AbstractChannelHandlerContext.invokeChannelInactive(AbstractChannelHandlerContext.java:262)
	at io.netty.channel.AbstractChannelHandlerContext.invokeChannelInactive(AbstractChannelHandlerContext.java:248)
	at io.netty.channel.DefaultChannelPipeline.fireChannelInactive(DefaultChannelPipeline.java:901)
	at io.netty.channel.AbstractChannel$AbstractUnsafe$8.run(AbstractChannel.java:818)
	at io.netty.util.concurrent.AbstractEventExecutor.safeExecute(AbstractEventExecutor.java:164)
	at io.netty.util.concurrent.SingleThreadEventExecutor.runAllTasks(SingleThreadEventExecutor.java:472)
	at io.netty.channel.nio.NioEventLoop.run(NioEventLoop.java:497)
	at io.netty.util.concurrent.SingleThreadEventExecutor$4.run(SingleThreadEventExecutor.java:989)
	at io.netty.util.internal.ThreadExecutorMap$2.run(ThreadExecutorMap.java:74)
	at io.netty.util.concurrent.FastThreadLocalRunnable.run(FastThreadLocalRunnable.java:30)
	at java.lang.Thread.run(Thread.java:748)
Caused by: javax.net.ssl.SSLException: Received fatal alert: certificate_unknown
	at sun.security.ssl.Alerts.getSSLException(Alerts.java:214)
	at sun.security.ssl.SSLEngineImpl.fatal(SSLEngineImpl.java:1667)
	at sun.security.ssl.SSLEngineImpl.fatal(SSLEngineImpl.java:1635)
	at sun.security.ssl.SSLEngineImpl.recvAlert(SSLEngineImpl.java:1801)
	at sun.security.ssl.SSLEngineImpl.readRecord(SSLEngineImpl.java:1090)
	at sun.security.ssl.SSLEngineImpl.readNetRecord(SSLEngineImpl.java:913)
	at sun.security.ssl.SSLEngineImpl.unwrap(SSLEngineImpl.java:783)
	at javax.net.ssl.SSLEngine.unwrap(SSLEngine.java:626)
	at io.netty.handler.ssl.SslHandler$SslEngineType$3.unwrap(SslHandler.java:281)
	at io.netty.handler.ssl.SslHandler.unwrap(SslHandler.java:1340)
	at io.netty.handler.ssl.SslHandler.decodeJdkCompatible(SslHandler.java:1235)
	at io.netty.handler.ssl.SslHandler.decode(SslHandler.java:1282)
	at io.netty.handler.codec.ByteToMessageDecoder.decodeRemovalReentryProtection(ByteToMessageDecoder.java:498)
	at io.netty.handler.codec.ByteToMessageDecoder.callDecode(ByteToMessageDecoder.java:437)
	... 19 more
2020-06-22 14:22:56,539 [myid:] - INFO  [main:FourLetterWordMain@93] - connecting to 127.0.0.1 21995
2020-06-22 14:22:56,539 [myid:] - INFO  [main:FourLetterWordMain@99] - using secure socket
2020-06-22 14:22:56,550 [myid:] - ERROR [main:ZKTrustManager@161] - Failed to verify host address: 127.0.0.1
javax.net.ssl.SSLPeerUnverifiedException: Certificate for <127.0.0.1> doesn't match common name of the certificate subject: localhost
	at org.apache.zookeeper.common.ZKHostnameVerifier.matchCN(ZKHostnameVerifier.java:238)
	at org.apache.zookeeper.common.ZKHostnameVerifier.verify(ZKHostnameVerifier.java:184)
	at org.apache.zookeeper.common.ZKTrustManager.performHostVerification(ZKTrustManager.java:151)
	at org.apache.zookeeper.common.ZKTrustManager.checkServerTrusted(ZKTrustManager.java:90)
	at sun.security.ssl.ClientHandshaker.serverCertificate(ClientHandshaker.java:1670)
	at sun.security.ssl.ClientHandshaker.processMessage(ClientHandshaker.java:226)
	at sun.security.ssl.Handshaker.processLoop(Handshaker.java:1082)
	at sun.security.ssl.Handshaker.process_record(Handshaker.java:1010)
	at sun.security.ssl.SSLSocketImpl.readRecord(SSLSocketImpl.java:1079)
	at sun.security.ssl.SSLSocketImpl.performInitialHandshake(SSLSocketImpl.java:1388)
	at sun.security.ssl.SSLSocketImpl.startHandshake(SSLSocketImpl.java:1416)
	at sun.security.ssl.SSLSocketImpl.startHandshake(SSLSocketImpl.java:1400)
	at org.apache.zookeeper.client.FourLetterWordMain.send4LetterWord(FourLetterWordMain.java:105)
	at org.apache.zookeeper.client.FourLetterWordMain.send4LetterWord(FourLetterWordMain.java:73)
	at org.apache.zookeeper.test.ClientBase.waitForServerUp(ClientBase.java:261)
	at org.apache.zookeeper.test.ClientBase.startServerInstance(ClientBase.java:401)
	at org.apache.zookeeper.test.ClientBase.startServer(ClientBase.java:516)
	at org.apache.zookeeper.test.ClientBase.setUpWithServerId(ClientBase.java:499)
	at org.apache.zookeeper.test.ClientBase.setUp(ClientBase.java:474)
	at org.apache.zookeeper.test.SaslDigestAuthOverSSLTest.setUp(SaslDigestAuthOverSSLTest.java:62)
	at sun.reflect.NativeMethodAccessorImpl.invoke0(Native Method)
	at sun.reflect.NativeMethodAccessorImpl.invoke(NativeMethodAccessorImpl.java:62)
	at sun.reflect.DelegatingMethodAccessorImpl.invoke(DelegatingMethodAccessorImpl.java:43)
	at java.lang.reflect.Method.invoke(Method.java:498)
	at org.junit.runners.model.FrameworkMethod$1.runReflectiveCall(FrameworkMethod.java:50)
	at org.junit.internal.runners.model.ReflectiveCallable.run(ReflectiveCallable.java:12)
	at org.junit.runners.model.FrameworkMethod.invokeExplosively(FrameworkMethod.java:47)
	at mockit.integration.junit4.JUnit4TestRunnerDecorator.invokeExplosively(JUnit4TestRunnerDecorator.java:49)
	at mockit.integration.junit4.FakeFrameworkMethod.invokeExplosively(FakeFrameworkMethod.java:29)
	at org.junit.runners.model.FrameworkMethod.invokeExplosively(FrameworkMethod.java)
	at org.junit.internal.runners.statements.RunBefores.evaluate(RunBefores.java:24)
	at org.junit.internal.runners.statements.RunAfters.evaluate(RunAfters.java:27)
	at org.junit.rules.TestWatcher$1.evaluate(TestWatcher.java:55)
	at org.junit.rules.RunRules.evaluate(RunRules.java:20)
	at org.junit.runners.ParentRunner.runLeaf(ParentRunner.java:325)
	at org.junit.runners.BlockJUnit4ClassRunner.runChild(BlockJUnit4ClassRunner.java:78)
	at org.junit.runners.BlockJUnit4ClassRunner.runChild(BlockJUnit4ClassRunner.java:57)
	at org.junit.runners.ParentRunner$3.run(ParentRunner.java:290)
	at org.junit.runners.ParentRunner$1.schedule(ParentRunner.java:71)
	at org.junit.runners.ParentRunner.runChildren(ParentRunner.java:288)
	at org.junit.runners.ParentRunner.access$000(ParentRunner.java:58)
	at org.junit.runners.ParentRunner$2.evaluate(ParentRunner.java:268)
	at org.junit.internal.runners.statements.RunBefores.evaluate(RunBefores.java:26)
	at org.junit.runners.ParentRunner.run(ParentRunner.java:363)
	at org.apache.maven.surefire.junit4.JUnit4Provider.execute(JUnit4Provider.java:365)
	at org.apache.maven.surefire.junit4.JUnit4Provider.executeWithRerun(JUnit4Provider.java:273)
	at org.apache.maven.surefire.junit4.JUnit4Provider.executeTestSet(JUnit4Provider.java:238)
	at org.apache.maven.surefire.junit4.JUnit4Provider.invoke(JUnit4Provider.java:159)
	at org.apache.maven.surefire.booter.ForkedBooter.invokeProviderInSameClassLoader(ForkedBooter.java:384)
	at org.apache.maven.surefire.booter.ForkedBooter.runSuitesInProcess(ForkedBooter.java:345)
	at org.apache.maven.surefire.booter.ForkedBooter.execute(ForkedBooter.java:126)
	at org.apache.maven.surefire.booter.ForkedBooter.main(ForkedBooter.java:418)
2020-06-22 14:22:56,550 [myid:] - ERROR [main:ZKTrustManager@162] - Failed to verify hostname: activate.navicat.com
javax.net.ssl.SSLPeerUnverifiedException: Certificate for <activate.navicat.com> doesn't match common name of the certificate subject: localhost
	at org.apache.zookeeper.common.ZKHostnameVerifier.matchCN(ZKHostnameVerifier.java:238)
	at org.apache.zookeeper.common.ZKHostnameVerifier.verify(ZKHostnameVerifier.java:184)
	at org.apache.zookeeper.common.ZKTrustManager.performHostVerification(ZKTrustManager.java:159)
	at org.apache.zookeeper.common.ZKTrustManager.checkServerTrusted(ZKTrustManager.java:90)
	at sun.security.ssl.ClientHandshaker.serverCertificate(ClientHandshaker.java:1670)
	at sun.security.ssl.ClientHandshaker.processMessage(ClientHandshaker.java:226)
	at sun.security.ssl.Handshaker.processLoop(Handshaker.java:1082)
	at sun.security.ssl.Handshaker.process_record(Handshaker.java:1010)
	at sun.security.ssl.SSLSocketImpl.readRecord(SSLSocketImpl.java:1079)
	at sun.security.ssl.SSLSocketImpl.performInitialHandshake(SSLSocketImpl.java:1388)
	at sun.security.ssl.SSLSocketImpl.startHandshake(SSLSocketImpl.java:1416)
	at sun.security.ssl.SSLSocketImpl.startHandshake(SSLSocketImpl.java:1400)
	at org.apache.zookeeper.client.FourLetterWordMain.send4LetterWord(FourLetterWordMain.java:105)
	at org.apache.zookeeper.client.FourLetterWordMain.send4LetterWord(FourLetterWordMain.java:73)
	at org.apache.zookeeper.test.ClientBase.waitForServerUp(ClientBase.java:261)
	at org.apache.zookeeper.test.ClientBase.startServerInstance(ClientBase.java:401)
	at org.apache.zookeeper.test.ClientBase.startServer(ClientBase.java:516)
	at org.apache.zookeeper.test.ClientBase.setUpWithServerId(ClientBase.java:499)
	at org.apache.zookeeper.test.ClientBase.setUp(ClientBase.java:474)
	at org.apache.zookeeper.test.SaslDigestAuthOverSSLTest.setUp(SaslDigestAuthOverSSLTest.java:62)
	at sun.reflect.NativeMethodAccessorImpl.invoke0(Native Method)
	at sun.reflect.NativeMethodAccessorImpl.invoke(NativeMethodAccessorImpl.java:62)
	at sun.reflect.DelegatingMethodAccessorImpl.invoke(DelegatingMethodAccessorImpl.java:43)
	at java.lang.reflect.Method.invoke(Method.java:498)
	at org.junit.runners.model.FrameworkMethod$1.runReflectiveCall(FrameworkMethod.java:50)
	at org.junit.internal.runners.model.ReflectiveCallable.run(ReflectiveCallable.java:12)
	at org.junit.runners.model.FrameworkMethod.invokeExplosively(FrameworkMethod.java:47)
	at mockit.integration.junit4.JUnit4TestRunnerDecorator.invokeExplosively(JUnit4TestRunnerDecorator.java:49)
	at mockit.integration.junit4.FakeFrameworkMethod.invokeExplosively(FakeFrameworkMethod.java:29)
	at org.junit.runners.model.FrameworkMethod.invokeExplosively(FrameworkMethod.java)
	at org.junit.internal.runners.statements.RunBefores.evaluate(RunBefores.java:24)
	at org.junit.internal.runners.statements.RunAfters.evaluate(RunAfters.java:27)
	at org.junit.rules.TestWatcher$1.evaluate(TestWatcher.java:55)
	at org.junit.rules.RunRules.evaluate(RunRules.java:20)
	at org.junit.runners.ParentRunner.runLeaf(ParentRunner.java:325)
	at org.junit.runners.BlockJUnit4ClassRunner.runChild(BlockJUnit4ClassRunner.java:78)
	at org.junit.runners.BlockJUnit4ClassRunner.runChild(BlockJUnit4ClassRunner.java:57)
	at org.junit.runners.ParentRunner$3.run(ParentRunner.java:290)
	at org.junit.runners.ParentRunner$1.schedule(ParentRunner.java:71)
	at org.junit.runners.ParentRunner.runChildren(ParentRunner.java:288)
	at org.junit.runners.ParentRunner.access$000(ParentRunner.java:58)
	at org.junit.runners.ParentRunner$2.evaluate(ParentRunner.java:268)
	at org.junit.internal.runners.statements.RunBefores.evaluate(RunBefores.java:26)
	at org.junit.runners.ParentRunner.run(ParentRunner.java:363)
	at org.apache.maven.surefire.junit4.JUnit4Provider.execute(JUnit4Provider.java:365)
	at org.apache.maven.surefire.junit4.JUnit4Provider.executeWithRerun(JUnit4Provider.java:273)
	at org.apache.maven.surefire.junit4.JUnit4Provider.executeTestSet(JUnit4Provider.java:238)
	at org.apache.maven.surefire.junit4.JUnit4Provider.invoke(JUnit4Provider.java:159)
	at org.apache.maven.surefire.booter.ForkedBooter.invokeProviderInSameClassLoader(ForkedBooter.java:384)
	at org.apache.maven.surefire.booter.ForkedBooter.runSuitesInProcess(ForkedBooter.java:345)
	at org.apache.maven.surefire.booter.ForkedBooter.execute(ForkedBooter.java:126)
	at org.apache.maven.surefire.booter.ForkedBooter.main(ForkedBooter.java:418)
2020-06-22 14:22:56,551 [myid:] - INFO  [main:ClientBase@270] - server 127.0.0.1:21995 not up
javax.net.ssl.SSLHandshakeException: java.security.cert.CertificateException: Failed to verify both host address and host name
	at sun.security.ssl.Alerts.getSSLException(Alerts.java:198)
	at sun.security.ssl.SSLSocketImpl.fatal(SSLSocketImpl.java:1967)
	at sun.security.ssl.Handshaker.fatalSE(Handshaker.java:331)
	at sun.security.ssl.Handshaker.fatalSE(Handshaker.java:325)
	at sun.security.ssl.ClientHandshaker.serverCertificate(ClientHandshaker.java:1688)
	at sun.security.ssl.ClientHandshaker.processMessage(ClientHandshaker.java:226)
	at sun.security.ssl.Handshaker.processLoop(Handshaker.java:1082)
	at sun.security.ssl.Handshaker.process_record(Handshaker.java:1010)
	at sun.security.ssl.SSLSocketImpl.readRecord(SSLSocketImpl.java:1079)
	at sun.security.ssl.SSLSocketImpl.performInitialHandshake(SSLSocketImpl.java:1388)
	at sun.security.ssl.SSLSocketImpl.startHandshake(SSLSocketImpl.java:1416)
	at sun.security.ssl.SSLSocketImpl.startHandshake(SSLSocketImpl.java:1400)
	at org.apache.zookeeper.client.FourLetterWordMain.send4LetterWord(FourLetterWordMain.java:105)
	at org.apache.zookeeper.client.FourLetterWordMain.send4LetterWord(FourLetterWordMain.java:73)
	at org.apache.zookeeper.test.ClientBase.waitForServerUp(ClientBase.java:261)
	at org.apache.zookeeper.test.ClientBase.startServerInstance(ClientBase.java:401)
	at org.apache.zookeeper.test.ClientBase.startServer(ClientBase.java:516)
	at org.apache.zookeeper.test.ClientBase.setUpWithServerId(ClientBase.java:499)
	at org.apache.zookeeper.test.ClientBase.setUp(ClientBase.java:474)
	at org.apache.zookeeper.test.SaslDigestAuthOverSSLTest.setUp(SaslDigestAuthOverSSLTest.java:62)
	at sun.reflect.NativeMethodAccessorImpl.invoke0(Native Method)
	at sun.reflect.NativeMethodAccessorImpl.invoke(NativeMethodAccessorImpl.java:62)
	at sun.reflect.DelegatingMethodAccessorImpl.invoke(DelegatingMethodAccessorImpl.java:43)
	at java.lang.reflect.Method.invoke(Method.java:498)
	at org.junit.runners.model.FrameworkMethod$1.runReflectiveCall(FrameworkMethod.java:50)
	at org.junit.internal.runners.model.ReflectiveCallable.run(ReflectiveCallable.java:12)
	at org.junit.runners.model.FrameworkMethod.invokeExplosively(FrameworkMethod.java:47)
	at mockit.integration.junit4.JUnit4TestRunnerDecorator.invokeExplosively(JUnit4TestRunnerDecorator.java:49)
	at mockit.integration.junit4.FakeFrameworkMethod.invokeExplosively(FakeFrameworkMethod.java:29)
	at org.junit.runners.model.FrameworkMethod.invokeExplosively(FrameworkMethod.java)
	at org.junit.internal.runners.statements.RunBefores.evaluate(RunBefores.java:24)
	at org.junit.internal.runners.statements.RunAfters.evaluate(RunAfters.java:27)
	at org.junit.rules.TestWatcher$1.evaluate(TestWatcher.java:55)
	at org.junit.rules.RunRules.evaluate(RunRules.java:20)
	at org.junit.runners.ParentRunner.runLeaf(ParentRunner.java:325)
	at org.junit.runners.BlockJUnit4ClassRunner.runChild(BlockJUnit4ClassRunner.java:78)
	at org.junit.runners.BlockJUnit4ClassRunner.runChild(BlockJUnit4ClassRunner.java:57)
	at org.junit.runners.ParentRunner$3.run(ParentRunner.java:290)
	at org.junit.runners.ParentRunner$1.schedule(ParentRunner.java:71)
	at org.junit.runners.ParentRunner.runChildren(ParentRunner.java:288)
	at org.junit.runners.ParentRunner.access$000(ParentRunner.java:58)
	at org.junit.runners.ParentRunner$2.evaluate(ParentRunner.java:268)
	at org.junit.internal.runners.statements.RunBefores.evaluate(RunBefores.java:26)
	at org.junit.runners.ParentRunner.run(ParentRunner.java:363)
	at org.apache.maven.surefire.junit4.JUnit4Provider.execute(JUnit4Provider.java:365)
	at org.apache.maven.surefire.junit4.JUnit4Provider.executeWithRerun(JUnit4Provider.java:273)
	at org.apache.maven.surefire.junit4.JUnit4Provider.executeTestSet(JUnit4Provider.java:238)
	at org.apache.maven.surefire.junit4.JUnit4Provider.invoke(JUnit4Provider.java:159)
	at org.apache.maven.surefire.booter.ForkedBooter.invokeProviderInSameClassLoader(ForkedBooter.java:384)
	at org.apache.maven.surefire.booter.ForkedBooter.runSuitesInProcess(ForkedBooter.java:345)
	at org.apache.maven.surefire.booter.ForkedBooter.execute(ForkedBooter.java:126)
	at org.apache.maven.surefire.booter.ForkedBooter.main(ForkedBooter.java:418)
Caused by: java.security.cert.CertificateException: Failed to verify both host address and host name
	at org.apache.zookeeper.common.ZKTrustManager.performHostVerification(ZKTrustManager.java:163)
	at org.apache.zookeeper.common.ZKTrustManager.checkServerTrusted(ZKTrustManager.java:90)
	at sun.security.ssl.ClientHandshaker.serverCertificate(ClientHandshaker.java:1670)
	... 47 more
Caused by: javax.net.ssl.SSLPeerUnverifiedException: Certificate for <activate.navicat.com> doesn't match common name of the certificate subject: localhost
	at org.apache.zookeeper.common.ZKHostnameVerifier.matchCN(ZKHostnameVerifier.java:238)
	at org.apache.zookeeper.common.ZKHostnameVerifier.verify(ZKHostnameVerifier.java:184)
	at org.apache.zookeeper.common.ZKTrustManager.performHostVerification(ZKTrustManager.java:159)
	... 49 more
2020-06-22 14:22:56,551 [myid:] - ERROR [nioEventLoopGroup-4-8:NettyServerCnxnFactory$CertificateVerifier@434] - Unsuccessful handshake with session 0x0
2020-06-22 14:22:56,553 [myid:] - WARN  [nioEventLoopGroup-4-8:NettyServerCnxnFactory$CnxnChannelHandler@273] - Exception caught
io.netty.handler.codec.DecoderException: javax.net.ssl.SSLException: Received fatal alert: certificate_unknown
	at io.netty.handler.codec.ByteToMessageDecoder.callDecode(ByteToMessageDecoder.java:468)
	at io.netty.handler.codec.ByteToMessageDecoder.channelRead(ByteToMessageDecoder.java:276)
	at io.netty.channel.AbstractChannelHandlerContext.invokeChannelRead(AbstractChannelHandlerContext.java:379)
	at io.netty.channel.AbstractChannelHandlerContext.invokeChannelRead(AbstractChannelHandlerContext.java:365)
	at io.netty.channel.AbstractChannelHandlerContext.fireChannelRead(AbstractChannelHandlerContext.java:357)
	at io.netty.channel.DefaultChannelPipeline$HeadContext.channelRead(DefaultChannelPipeline.java:1410)
	at io.netty.channel.AbstractChannelHandlerContext.invokeChannelRead(AbstractChannelHandlerContext.java:379)
	at io.netty.channel.AbstractChannelHandlerContext.invokeChannelRead(AbstractChannelHandlerContext.java:365)
	at io.netty.channel.DefaultChannelPipeline.fireChannelRead(DefaultChannelPipeline.java:919)
	at io.netty.channel.nio.AbstractNioByteChannel$NioByteUnsafe.read(AbstractNioByteChannel.java:163)
	at io.netty.channel.nio.NioEventLoop.processSelectedKey(NioEventLoop.java:714)
	at io.netty.channel.nio.NioEventLoop.processSelectedKeysOptimized(NioEventLoop.java:650)
	at io.netty.channel.nio.NioEventLoop.processSelectedKeys(NioEventLoop.java:576)
	at io.netty.channel.nio.NioEventLoop.run(NioEventLoop.java:493)
	at io.netty.util.concurrent.SingleThreadEventExecutor$4.run(SingleThreadEventExecutor.java:989)
	at io.netty.util.internal.ThreadExecutorMap$2.run(ThreadExecutorMap.java:74)
	at io.netty.util.concurrent.FastThreadLocalRunnable.run(FastThreadLocalRunnable.java:30)
	at java.lang.Thread.run(Thread.java:748)
Caused by: javax.net.ssl.SSLException: Received fatal alert: certificate_unknown
	at sun.security.ssl.Alerts.getSSLException(Alerts.java:214)
	at sun.security.ssl.SSLEngineImpl.fatal(SSLEngineImpl.java:1667)
	at sun.security.ssl.SSLEngineImpl.fatal(SSLEngineImpl.java:1635)
	at sun.security.ssl.SSLEngineImpl.recvAlert(SSLEngineImpl.java:1801)
	at sun.security.ssl.SSLEngineImpl.readRecord(SSLEngineImpl.java:1090)
	at sun.security.ssl.SSLEngineImpl.readNetRecord(SSLEngineImpl.java:913)
	at sun.security.ssl.SSLEngineImpl.unwrap(SSLEngineImpl.java:783)
	at javax.net.ssl.SSLEngine.unwrap(SSLEngine.java:626)
	at io.netty.handler.ssl.SslHandler$SslEngineType$3.unwrap(SslHandler.java:281)
	at io.netty.handler.ssl.SslHandler.unwrap(SslHandler.java:1340)
	at io.netty.handler.ssl.SslHandler.decodeJdkCompatible(SslHandler.java:1235)
	at io.netty.handler.ssl.SslHandler.decode(SslHandler.java:1282)
	at io.netty.handler.codec.ByteToMessageDecoder.decodeRemovalReentryProtection(ByteToMessageDecoder.java:498)
	at io.netty.handler.codec.ByteToMessageDecoder.callDecode(ByteToMessageDecoder.java:437)
	... 17 more
2020-06-22 14:22:56,553 [myid:] - WARN  [nioEventLoopGroup-4-8:NettyServerCnxnFactory$CnxnChannelHandler@273] - Exception caught
io.netty.handler.codec.DecoderException: javax.net.ssl.SSLException: Received fatal alert: certificate_unknown
	at io.netty.handler.codec.ByteToMessageDecoder.callDecode(ByteToMessageDecoder.java:468)
	at io.netty.handler.codec.ByteToMessageDecoder.channelInputClosed(ByteToMessageDecoder.java:401)
	at io.netty.handler.codec.ByteToMessageDecoder.channelInputClosed(ByteToMessageDecoder.java:368)
	at io.netty.handler.codec.ByteToMessageDecoder.channelInactive(ByteToMessageDecoder.java:351)
	at io.netty.handler.ssl.SslHandler.channelInactive(SslHandler.java:1084)
	at io.netty.channel.AbstractChannelHandlerContext.invokeChannelInactive(AbstractChannelHandlerContext.java:262)
	at io.netty.channel.AbstractChannelHandlerContext.invokeChannelInactive(AbstractChannelHandlerContext.java:248)
	at io.netty.channel.AbstractChannelHandlerContext.fireChannelInactive(AbstractChannelHandlerContext.java:241)
	at io.netty.channel.DefaultChannelPipeline$HeadContext.channelInactive(DefaultChannelPipeline.java:1405)
	at io.netty.channel.AbstractChannelHandlerContext.invokeChannelInactive(AbstractChannelHandlerContext.java:262)
	at io.netty.channel.AbstractChannelHandlerContext.invokeChannelInactive(AbstractChannelHandlerContext.java:248)
	at io.netty.channel.DefaultChannelPipeline.fireChannelInactive(DefaultChannelPipeline.java:901)
	at io.netty.channel.AbstractChannel$AbstractUnsafe$8.run(AbstractChannel.java:818)
	at io.netty.util.concurrent.AbstractEventExecutor.safeExecute(AbstractEventExecutor.java:164)
	at io.netty.util.concurrent.SingleThreadEventExecutor.runAllTasks(SingleThreadEventExecutor.java:472)
	at io.netty.channel.nio.NioEventLoop.run(NioEventLoop.java:497)
	at io.netty.util.concurrent.SingleThreadEventExecutor$4.run(SingleThreadEventExecutor.java:989)
	at io.netty.util.internal.ThreadExecutorMap$2.run(ThreadExecutorMap.java:74)
	at io.netty.util.concurrent.FastThreadLocalRunnable.run(FastThreadLocalRunnable.java:30)
	at java.lang.Thread.run(Thread.java:748)
Caused by: javax.net.ssl.SSLException: Received fatal alert: certificate_unknown
	at sun.security.ssl.Alerts.getSSLException(Alerts.java:214)
	at sun.security.ssl.SSLEngineImpl.fatal(SSLEngineImpl.java:1667)
	at sun.security.ssl.SSLEngineImpl.fatal(SSLEngineImpl.java:1635)
	at sun.security.ssl.SSLEngineImpl.recvAlert(SSLEngineImpl.java:1801)
	at sun.security.ssl.SSLEngineImpl.readRecord(SSLEngineImpl.java:1090)
	at sun.security.ssl.SSLEngineImpl.readNetRecord(SSLEngineImpl.java:913)
	at sun.security.ssl.SSLEngineImpl.unwrap(SSLEngineImpl.java:783)
	at javax.net.ssl.SSLEngine.unwrap(SSLEngine.java:626)
	at io.netty.handler.ssl.SslHandler$SslEngineType$3.unwrap(SslHandler.java:281)
	at io.netty.handler.ssl.SslHandler.unwrap(SslHandler.java:1340)
	at io.netty.handler.ssl.SslHandler.decodeJdkCompatible(SslHandler.java:1235)
	at io.netty.handler.ssl.SslHandler.decode(SslHandler.java:1282)
	at io.netty.handler.codec.ByteToMessageDecoder.decodeRemovalReentryProtection(ByteToMessageDecoder.java:498)
	at io.netty.handler.codec.ByteToMessageDecoder.callDecode(ByteToMessageDecoder.java:437)
	... 19 more
2020-06-22 14:22:56,803 [myid:] - INFO  [main:FourLetterWordMain@93] - connecting to 127.0.0.1 21995
2020-06-22 14:22:56,803 [myid:] - INFO  [main:FourLetterWordMain@99] - using secure socket
2020-06-22 14:22:56,811 [myid:] - ERROR [main:ZKTrustManager@161] - Failed to verify host address: 127.0.0.1
javax.net.ssl.SSLPeerUnverifiedException: Certificate for <127.0.0.1> doesn't match common name of the certificate subject: localhost
	at org.apache.zookeeper.common.ZKHostnameVerifier.matchCN(ZKHostnameVerifier.java:238)
	at org.apache.zookeeper.common.ZKHostnameVerifier.verify(ZKHostnameVerifier.java:184)
	at org.apache.zookeeper.common.ZKTrustManager.performHostVerification(ZKTrustManager.java:151)
	at org.apache.zookeeper.common.ZKTrustManager.checkServerTrusted(ZKTrustManager.java:90)
	at sun.security.ssl.ClientHandshaker.serverCertificate(ClientHandshaker.java:1670)
	at sun.security.ssl.ClientHandshaker.processMessage(ClientHandshaker.java:226)
	at sun.security.ssl.Handshaker.processLoop(Handshaker.java:1082)
	at sun.security.ssl.Handshaker.process_record(Handshaker.java:1010)
	at sun.security.ssl.SSLSocketImpl.readRecord(SSLSocketImpl.java:1079)
	at sun.security.ssl.SSLSocketImpl.performInitialHandshake(SSLSocketImpl.java:1388)
	at sun.security.ssl.SSLSocketImpl.startHandshake(SSLSocketImpl.java:1416)
	at sun.security.ssl.SSLSocketImpl.startHandshake(SSLSocketImpl.java:1400)
	at org.apache.zookeeper.client.FourLetterWordMain.send4LetterWord(FourLetterWordMain.java:105)
	at org.apache.zookeeper.client.FourLetterWordMain.send4LetterWord(FourLetterWordMain.java:73)
	at org.apache.zookeeper.test.ClientBase.waitForServerUp(ClientBase.java:261)
	at org.apache.zookeeper.test.ClientBase.startServerInstance(ClientBase.java:401)
	at org.apache.zookeeper.test.ClientBase.startServer(ClientBase.java:516)
	at org.apache.zookeeper.test.ClientBase.setUpWithServerId(ClientBase.java:499)
	at org.apache.zookeeper.test.ClientBase.setUp(ClientBase.java:474)
	at org.apache.zookeeper.test.SaslDigestAuthOverSSLTest.setUp(SaslDigestAuthOverSSLTest.java:62)
	at sun.reflect.NativeMethodAccessorImpl.invoke0(Native Method)
	at sun.reflect.NativeMethodAccessorImpl.invoke(NativeMethodAccessorImpl.java:62)
	at sun.reflect.DelegatingMethodAccessorImpl.invoke(DelegatingMethodAccessorImpl.java:43)
	at java.lang.reflect.Method.invoke(Method.java:498)
	at org.junit.runners.model.FrameworkMethod$1.runReflectiveCall(FrameworkMethod.java:50)
	at org.junit.internal.runners.model.ReflectiveCallable.run(ReflectiveCallable.java:12)
	at org.junit.runners.model.FrameworkMethod.invokeExplosively(FrameworkMethod.java:47)
	at mockit.integration.junit4.JUnit4TestRunnerDecorator.invokeExplosively(JUnit4TestRunnerDecorator.java:49)
	at mockit.integration.junit4.FakeFrameworkMethod.invokeExplosively(FakeFrameworkMethod.java:29)
	at org.junit.runners.model.FrameworkMethod.invokeExplosively(FrameworkMethod.java)
	at org.junit.internal.runners.statements.RunBefores.evaluate(RunBefores.java:24)
	at org.junit.internal.runners.statements.RunAfters.evaluate(RunAfters.java:27)
	at org.junit.rules.TestWatcher$1.evaluate(TestWatcher.java:55)
	at org.junit.rules.RunRules.evaluate(RunRules.java:20)
	at org.junit.runners.ParentRunner.runLeaf(ParentRunner.java:325)
	at org.junit.runners.BlockJUnit4ClassRunner.runChild(BlockJUnit4ClassRunner.java:78)
	at org.junit.runners.BlockJUnit4ClassRunner.runChild(BlockJUnit4ClassRunner.java:57)
	at org.junit.runners.ParentRunner$3.run(ParentRunner.java:290)
	at org.junit.runners.ParentRunner$1.schedule(ParentRunner.java:71)
	at org.junit.runners.ParentRunner.runChildren(ParentRunner.java:288)
	at org.junit.runners.ParentRunner.access$000(ParentRunner.java:58)
	at org.junit.runners.ParentRunner$2.evaluate(ParentRunner.java:268)
	at org.junit.internal.runners.statements.RunBefores.evaluate(RunBefores.java:26)
	at org.junit.runners.ParentRunner.run(ParentRunner.java:363)
	at org.apache.maven.surefire.junit4.JUnit4Provider.execute(JUnit4Provider.java:365)
	at org.apache.maven.surefire.junit4.JUnit4Provider.executeWithRerun(JUnit4Provider.java:273)
	at org.apache.maven.surefire.junit4.JUnit4Provider.executeTestSet(JUnit4Provider.java:238)
	at org.apache.maven.surefire.junit4.JUnit4Provider.invoke(JUnit4Provider.java:159)
	at org.apache.maven.surefire.booter.ForkedBooter.invokeProviderInSameClassLoader(ForkedBooter.java:384)
	at org.apache.maven.surefire.booter.ForkedBooter.runSuitesInProcess(ForkedBooter.java:345)
	at org.apache.maven.surefire.booter.ForkedBooter.execute(ForkedBooter.java:126)
	at org.apache.maven.surefire.booter.ForkedBooter.main(ForkedBooter.java:418)
2020-06-22 14:22:56,811 [myid:] - ERROR [main:ZKTrustManager@162] - Failed to verify hostname: activate.navicat.com
javax.net.ssl.SSLPeerUnverifiedException: Certificate for <activate.navicat.com> doesn't match common name of the certificate subject: localhost
	at org.apache.zookeeper.common.ZKHostnameVerifier.matchCN(ZKHostnameVerifier.java:238)
	at org.apache.zookeeper.common.ZKHostnameVerifier.verify(ZKHostnameVerifier.java:184)
	at org.apache.zookeeper.common.ZKTrustManager.performHostVerification(ZKTrustManager.java:159)
	at org.apache.zookeeper.common.ZKTrustManager.checkServerTrusted(ZKTrustManager.java:90)
	at sun.security.ssl.ClientHandshaker.serverCertificate(ClientHandshaker.java:1670)
	at sun.security.ssl.ClientHandshaker.processMessage(ClientHandshaker.java:226)
	at sun.security.ssl.Handshaker.processLoop(Handshaker.java:1082)
	at sun.security.ssl.Handshaker.process_record(Handshaker.java:1010)
	at sun.security.ssl.SSLSocketImpl.readRecord(SSLSocketImpl.java:1079)
	at sun.security.ssl.SSLSocketImpl.performInitialHandshake(SSLSocketImpl.java:1388)
	at sun.security.ssl.SSLSocketImpl.startHandshake(SSLSocketImpl.java:1416)
	at sun.security.ssl.SSLSocketImpl.startHandshake(SSLSocketImpl.java:1400)
	at org.apache.zookeeper.client.FourLetterWordMain.send4LetterWord(FourLetterWordMain.java:105)
	at org.apache.zookeeper.client.FourLetterWordMain.send4LetterWord(FourLetterWordMain.java:73)
	at org.apache.zookeeper.test.ClientBase.waitForServerUp(ClientBase.java:261)
	at org.apache.zookeeper.test.ClientBase.startServerInstance(ClientBase.java:401)
	at org.apache.zookeeper.test.ClientBase.startServer(ClientBase.java:516)
	at org.apache.zookeeper.test.ClientBase.setUpWithServerId(ClientBase.java:499)
	at org.apache.zookeeper.test.ClientBase.setUp(ClientBase.java:474)
	at org.apache.zookeeper.test.SaslDigestAuthOverSSLTest.setUp(SaslDigestAuthOverSSLTest.java:62)
	at sun.reflect.NativeMethodAccessorImpl.invoke0(Native Method)
	at sun.reflect.NativeMethodAccessorImpl.invoke(NativeMethodAccessorImpl.java:62)
	at sun.reflect.DelegatingMethodAccessorImpl.invoke(DelegatingMethodAccessorImpl.java:43)
	at java.lang.reflect.Method.invoke(Method.java:498)
	at org.junit.runners.model.FrameworkMethod$1.runReflectiveCall(FrameworkMethod.java:50)
	at org.junit.internal.runners.model.ReflectiveCallable.run(ReflectiveCallable.java:12)
	at org.junit.runners.model.FrameworkMethod.invokeExplosively(FrameworkMethod.java:47)
	at mockit.integration.junit4.JUnit4TestRunnerDecorator.invokeExplosively(JUnit4TestRunnerDecorator.java:49)
	at mockit.integration.junit4.FakeFrameworkMethod.invokeExplosively(FakeFrameworkMethod.java:29)
	at org.junit.runners.model.FrameworkMethod.invokeExplosively(FrameworkMethod.java)
	at org.junit.internal.runners.statements.RunBefores.evaluate(RunBefores.java:24)
	at org.junit.internal.runners.statements.RunAfters.evaluate(RunAfters.java:27)
	at org.junit.rules.TestWatcher$1.evaluate(TestWatcher.java:55)
	at org.junit.rules.RunRules.evaluate(RunRules.java:20)
	at org.junit.runners.ParentRunner.runLeaf(ParentRunner.java:325)
	at org.junit.runners.BlockJUnit4ClassRunner.runChild(BlockJUnit4ClassRunner.java:78)
	at org.junit.runners.BlockJUnit4ClassRunner.runChild(BlockJUnit4ClassRunner.java:57)
	at org.junit.runners.ParentRunner$3.run(ParentRunner.java:290)
	at org.junit.runners.ParentRunner$1.schedule(ParentRunner.java:71)
	at org.junit.runners.ParentRunner.runChildren(ParentRunner.java:288)
	at org.junit.runners.ParentRunner.access$000(ParentRunner.java:58)
	at org.junit.runners.ParentRunner$2.evaluate(ParentRunner.java:268)
	at org.junit.internal.runners.statements.RunBefores.evaluate(RunBefores.java:26)
	at org.junit.runners.ParentRunner.run(ParentRunner.java:363)
	at org.apache.maven.surefire.junit4.JUnit4Provider.execute(JUnit4Provider.java:365)
	at org.apache.maven.surefire.junit4.JUnit4Provider.executeWithRerun(JUnit4Provider.java:273)
	at org.apache.maven.surefire.junit4.JUnit4Provider.executeTestSet(JUnit4Provider.java:238)
	at org.apache.maven.surefire.junit4.JUnit4Provider.invoke(JUnit4Provider.java:159)
	at org.apache.maven.surefire.booter.ForkedBooter.invokeProviderInSameClassLoader(ForkedBooter.java:384)
	at org.apache.maven.surefire.booter.ForkedBooter.runSuitesInProcess(ForkedBooter.java:345)
	at org.apache.maven.surefire.booter.ForkedBooter.execute(ForkedBooter.java:126)
	at org.apache.maven.surefire.booter.ForkedBooter.main(ForkedBooter.java:418)
2020-06-22 14:22:56,813 [myid:] - INFO  [main:ClientBase@270] - server 127.0.0.1:21995 not up
javax.net.ssl.SSLHandshakeException: java.security.cert.CertificateException: Failed to verify both host address and host name
	at sun.security.ssl.Alerts.getSSLException(Alerts.java:198)
	at sun.security.ssl.SSLSocketImpl.fatal(SSLSocketImpl.java:1967)
	at sun.security.ssl.Handshaker.fatalSE(Handshaker.java:331)
	at sun.security.ssl.Handshaker.fatalSE(Handshaker.java:325)
	at sun.security.ssl.ClientHandshaker.serverCertificate(ClientHandshaker.java:1688)
	at sun.security.ssl.ClientHandshaker.processMessage(ClientHandshaker.java:226)
	at sun.security.ssl.Handshaker.processLoop(Handshaker.java:1082)
	at sun.security.ssl.Handshaker.process_record(Handshaker.java:1010)
	at sun.security.ssl.SSLSocketImpl.readRecord(SSLSocketImpl.java:1079)
	at sun.security.ssl.SSLSocketImpl.performInitialHandshake(SSLSocketImpl.java:1388)
	at sun.security.ssl.SSLSocketImpl.startHandshake(SSLSocketImpl.java:1416)
	at sun.security.ssl.SSLSocketImpl.startHandshake(SSLSocketImpl.java:1400)
	at org.apache.zookeeper.client.FourLetterWordMain.send4LetterWord(FourLetterWordMain.java:105)
	at org.apache.zookeeper.client.FourLetterWordMain.send4LetterWord(FourLetterWordMain.java:73)
	at org.apache.zookeeper.test.ClientBase.waitForServerUp(ClientBase.java:261)
	at org.apache.zookeeper.test.ClientBase.startServerInstance(ClientBase.java:401)
	at org.apache.zookeeper.test.ClientBase.startServer(ClientBase.java:516)
	at org.apache.zookeeper.test.ClientBase.setUpWithServerId(ClientBase.java:499)
	at org.apache.zookeeper.test.ClientBase.setUp(ClientBase.java:474)
	at org.apache.zookeeper.test.SaslDigestAuthOverSSLTest.setUp(SaslDigestAuthOverSSLTest.java:62)
	at sun.reflect.NativeMethodAccessorImpl.invoke0(Native Method)
	at sun.reflect.NativeMethodAccessorImpl.invoke(NativeMethodAccessorImpl.java:62)
	at sun.reflect.DelegatingMethodAccessorImpl.invoke(DelegatingMethodAccessorImpl.java:43)
	at java.lang.reflect.Method.invoke(Method.java:498)
	at org.junit.runners.model.FrameworkMethod$1.runReflectiveCall(FrameworkMethod.java:50)
	at org.junit.internal.runners.model.ReflectiveCallable.run(ReflectiveCallable.java:12)
	at org.junit.runners.model.FrameworkMethod.invokeExplosively(FrameworkMethod.java:47)
	at mockit.integration.junit4.JUnit4TestRunnerDecorator.invokeExplosively(JUnit4TestRunnerDecorator.java:49)
	at mockit.integration.junit4.FakeFrameworkMethod.invokeExplosively(FakeFrameworkMethod.java:29)
	at org.junit.runners.model.FrameworkMethod.invokeExplosively(FrameworkMethod.java)
	at org.junit.internal.runners.statements.RunBefores.evaluate(RunBefores.java:24)
	at org.junit.internal.runners.statements.RunAfters.evaluate(RunAfters.java:27)
	at org.junit.rules.TestWatcher$1.evaluate(TestWatcher.java:55)
	at org.junit.rules.RunRules.evaluate(RunRules.java:20)
	at org.junit.runners.ParentRunner.runLeaf(ParentRunner.java:325)
	at org.junit.runners.BlockJUnit4ClassRunner.runChild(BlockJUnit4ClassRunner.java:78)
	at org.junit.runners.BlockJUnit4ClassRunner.runChild(BlockJUnit4ClassRunner.java:57)
	at org.junit.runners.ParentRunner$3.run(ParentRunner.java:290)
	at org.junit.runners.ParentRunner$1.schedule(ParentRunner.java:71)
	at org.junit.runners.ParentRunner.runChildren(ParentRunner.java:288)
	at org.junit.runners.ParentRunner.access$000(ParentRunner.java:58)
	at org.junit.runners.ParentRunner$2.evaluate(ParentRunner.java:268)
	at org.junit.internal.runners.statements.RunBefores.evaluate(RunBefores.java:26)
	at org.junit.runners.ParentRunner.run(ParentRunner.java:363)
	at org.apache.maven.surefire.junit4.JUnit4Provider.execute(JUnit4Provider.java:365)
	at org.apache.maven.surefire.junit4.JUnit4Provider.executeWithRerun(JUnit4Provider.java:273)
	at org.apache.maven.surefire.junit4.JUnit4Provider.executeTestSet(JUnit4Provider.java:238)
	at org.apache.maven.surefire.junit4.JUnit4Provider.invoke(JUnit4Provider.java:159)
	at org.apache.maven.surefire.booter.ForkedBooter.invokeProviderInSameClassLoader(ForkedBooter.java:384)
	at org.apache.maven.surefire.booter.ForkedBooter.runSuitesInProcess(ForkedBooter.java:345)
	at org.apache.maven.surefire.booter.ForkedBooter.execute(ForkedBooter.java:126)
	at org.apache.maven.surefire.booter.ForkedBooter.main(ForkedBooter.java:418)
Caused by: java.security.cert.CertificateException: Failed to verify both host address and host name
	at org.apache.zookeeper.common.ZKTrustManager.performHostVerification(ZKTrustManager.java:163)
	at org.apache.zookeeper.common.ZKTrustManager.checkServerTrusted(ZKTrustManager.java:90)
	at sun.security.ssl.ClientHandshaker.serverCertificate(ClientHandshaker.java:1670)
	... 47 more
Caused by: javax.net.ssl.SSLPeerUnverifiedException: Certificate for <activate.navicat.com> doesn't match common name of the certificate subject: localhost
	at org.apache.zookeeper.common.ZKHostnameVerifier.matchCN(ZKHostnameVerifier.java:238)
	at org.apache.zookeeper.common.ZKHostnameVerifier.verify(ZKHostnameVerifier.java:184)
	at org.apache.zookeeper.common.ZKTrustManager.performHostVerification(ZKTrustManager.java:159)
	... 49 more
2020-06-22 14:22:56,813 [myid:] - ERROR [nioEventLoopGroup-4-9:NettyServerCnxnFactory$CertificateVerifier@434] - Unsuccessful handshake with session 0x0
2020-06-22 14:22:56,814 [myid:] - WARN  [nioEventLoopGroup-4-9:NettyServerCnxnFactory$CnxnChannelHandler@273] - Exception caught
io.netty.handler.codec.DecoderException: javax.net.ssl.SSLException: Received fatal alert: certificate_unknown
	at io.netty.handler.codec.ByteToMessageDecoder.callDecode(ByteToMessageDecoder.java:468)
	at io.netty.handler.codec.ByteToMessageDecoder.channelRead(ByteToMessageDecoder.java:276)
	at io.netty.channel.AbstractChannelHandlerContext.invokeChannelRead(AbstractChannelHandlerContext.java:379)
	at io.netty.channel.AbstractChannelHandlerContext.invokeChannelRead(AbstractChannelHandlerContext.java:365)
	at io.netty.channel.AbstractChannelHandlerContext.fireChannelRead(AbstractChannelHandlerContext.java:357)
	at io.netty.channel.DefaultChannelPipeline$HeadContext.channelRead(DefaultChannelPipeline.java:1410)
	at io.netty.channel.AbstractChannelHandlerContext.invokeChannelRead(AbstractChannelHandlerContext.java:379)
	at io.netty.channel.AbstractChannelHandlerContext.invokeChannelRead(AbstractChannelHandlerContext.java:365)
	at io.netty.channel.DefaultChannelPipeline.fireChannelRead(DefaultChannelPipeline.java:919)
	at io.netty.channel.nio.AbstractNioByteChannel$NioByteUnsafe.read(AbstractNioByteChannel.java:163)
	at io.netty.channel.nio.NioEventLoop.processSelectedKey(NioEventLoop.java:714)
	at io.netty.channel.nio.NioEventLoop.processSelectedKeysOptimized(NioEventLoop.java:650)
	at io.netty.channel.nio.NioEventLoop.processSelectedKeys(NioEventLoop.java:576)
	at io.netty.channel.nio.NioEventLoop.run(NioEventLoop.java:493)
	at io.netty.util.concurrent.SingleThreadEventExecutor$4.run(SingleThreadEventExecutor.java:989)
	at io.netty.util.internal.ThreadExecutorMap$2.run(ThreadExecutorMap.java:74)
	at io.netty.util.concurrent.FastThreadLocalRunnable.run(FastThreadLocalRunnable.java:30)
	at java.lang.Thread.run(Thread.java:748)
Caused by: javax.net.ssl.SSLException: Received fatal alert: certificate_unknown
	at sun.security.ssl.Alerts.getSSLException(Alerts.java:214)
	at sun.security.ssl.SSLEngineImpl.fatal(SSLEngineImpl.java:1667)
	at sun.security.ssl.SSLEngineImpl.fatal(SSLEngineImpl.java:1635)
	at sun.security.ssl.SSLEngineImpl.recvAlert(SSLEngineImpl.java:1801)
	at sun.security.ssl.SSLEngineImpl.readRecord(SSLEngineImpl.java:1090)
	at sun.security.ssl.SSLEngineImpl.readNetRecord(SSLEngineImpl.java:913)
	at sun.security.ssl.SSLEngineImpl.unwrap(SSLEngineImpl.java:783)
	at javax.net.ssl.SSLEngine.unwrap(SSLEngine.java:626)
	at io.netty.handler.ssl.SslHandler$SslEngineType$3.unwrap(SslHandler.java:281)
	at io.netty.handler.ssl.SslHandler.unwrap(SslHandler.java:1340)
	at io.netty.handler.ssl.SslHandler.decodeJdkCompatible(SslHandler.java:1235)
	at io.netty.handler.ssl.SslHandler.decode(SslHandler.java:1282)
	at io.netty.handler.codec.ByteToMessageDecoder.decodeRemovalReentryProtection(ByteToMessageDecoder.java:498)
	at io.netty.handler.codec.ByteToMessageDecoder.callDecode(ByteToMessageDecoder.java:437)
	... 17 more
2020-06-22 14:22:56,815 [myid:] - WARN  [nioEventLoopGroup-4-9:NettyServerCnxnFactory$CnxnChannelHandler@273] - Exception caught
io.netty.handler.codec.DecoderException: javax.net.ssl.SSLException: Received fatal alert: certificate_unknown
	at io.netty.handler.codec.ByteToMessageDecoder.callDecode(ByteToMessageDecoder.java:468)
	at io.netty.handler.codec.ByteToMessageDecoder.channelInputClosed(ByteToMessageDecoder.java:401)
	at io.netty.handler.codec.ByteToMessageDecoder.channelInputClosed(ByteToMessageDecoder.java:368)
	at io.netty.handler.codec.ByteToMessageDecoder.channelInactive(ByteToMessageDecoder.java:351)
	at io.netty.handler.ssl.SslHandler.channelInactive(SslHandler.java:1084)
	at io.netty.channel.AbstractChannelHandlerContext.invokeChannelInactive(AbstractChannelHandlerContext.java:262)
	at io.netty.channel.AbstractChannelHandlerContext.invokeChannelInactive(AbstractChannelHandlerContext.java:248)
	at io.netty.channel.AbstractChannelHandlerContext.fireChannelInactive(AbstractChannelHandlerContext.java:241)
	at io.netty.channel.DefaultChannelPipeline$HeadContext.channelInactive(DefaultChannelPipeline.java:1405)
	at io.netty.channel.AbstractChannelHandlerContext.invokeChannelInactive(AbstractChannelHandlerContext.java:262)
	at io.netty.channel.AbstractChannelHandlerContext.invokeChannelInactive(AbstractChannelHandlerContext.java:248)
	at io.netty.channel.DefaultChannelPipeline.fireChannelInactive(DefaultChannelPipeline.java:901)
	at io.netty.channel.AbstractChannel$AbstractUnsafe$8.run(AbstractChannel.java:818)
	at io.netty.util.concurrent.AbstractEventExecutor.safeExecute(AbstractEventExecutor.java:164)
	at io.netty.util.concurrent.SingleThreadEventExecutor.runAllTasks(SingleThreadEventExecutor.java:472)
	at io.netty.channel.nio.NioEventLoop.run(NioEventLoop.java:497)
	at io.netty.util.concurrent.SingleThreadEventExecutor$4.run(SingleThreadEventExecutor.java:989)
	at io.netty.util.internal.ThreadExecutorMap$2.run(ThreadExecutorMap.java:74)
	at io.netty.util.concurrent.FastThreadLocalRunnable.run(FastThreadLocalRunnable.java:30)
	at java.lang.Thread.run(Thread.java:748)
Caused by: javax.net.ssl.SSLException: Received fatal alert: certificate_unknown
	at sun.security.ssl.Alerts.getSSLException(Alerts.java:214)
	at sun.security.ssl.SSLEngineImpl.fatal(SSLEngineImpl.java:1667)
	at sun.security.ssl.SSLEngineImpl.fatal(SSLEngineImpl.java:1635)
	at sun.security.ssl.SSLEngineImpl.recvAlert(SSLEngineImpl.java:1801)
	at sun.security.ssl.SSLEngineImpl.readRecord(SSLEngineImpl.java:1090)
	at sun.security.ssl.SSLEngineImpl.readNetRecord(SSLEngineImpl.java:913)
	at sun.security.ssl.SSLEngineImpl.unwrap(SSLEngineImpl.java:783)
	at javax.net.ssl.SSLEngine.unwrap(SSLEngine.java:626)
	at io.netty.handler.ssl.SslHandler$SslEngineType$3.unwrap(SslHandler.java:281)
	at io.netty.handler.ssl.SslHandler.unwrap(SslHandler.java:1340)
	at io.netty.handler.ssl.SslHandler.decodeJdkCompatible(SslHandler.java:1235)
	at io.netty.handler.ssl.SslHandler.decode(SslHandler.java:1282)
	at io.netty.handler.codec.ByteToMessageDecoder.decodeRemovalReentryProtection(ByteToMessageDecoder.java:498)
	at io.netty.handler.codec.ByteToMessageDecoder.callDecode(ByteToMessageDecoder.java:437)
	... 19 more
2020-06-22 14:22:57,064 [myid:] - INFO  [main:FourLetterWordMain@93] - connecting to 127.0.0.1 21995
2020-06-22 14:22:57,064 [myid:] - INFO  [main:FourLetterWordMain@99] - using secure socket
2020-06-22 14:22:57,073 [myid:] - ERROR [main:ZKTrustManager@161] - Failed to verify host address: 127.0.0.1
javax.net.ssl.SSLPeerUnverifiedException: Certificate for <127.0.0.1> doesn't match common name of the certificate subject: localhost
	at org.apache.zookeeper.common.ZKHostnameVerifier.matchCN(ZKHostnameVerifier.java:238)
	at org.apache.zookeeper.common.ZKHostnameVerifier.verify(ZKHostnameVerifier.java:184)
	at org.apache.zookeeper.common.ZKTrustManager.performHostVerification(ZKTrustManager.java:151)
	at org.apache.zookeeper.common.ZKTrustManager.checkServerTrusted(ZKTrustManager.java:90)
	at sun.security.ssl.ClientHandshaker.serverCertificate(ClientHandshaker.java:1670)
	at sun.security.ssl.ClientHandshaker.processMessage(ClientHandshaker.java:226)
	at sun.security.ssl.Handshaker.processLoop(Handshaker.java:1082)
	at sun.security.ssl.Handshaker.process_record(Handshaker.java:1010)
	at sun.security.ssl.SSLSocketImpl.readRecord(SSLSocketImpl.java:1079)
	at sun.security.ssl.SSLSocketImpl.performInitialHandshake(SSLSocketImpl.java:1388)
	at sun.security.ssl.SSLSocketImpl.startHandshake(SSLSocketImpl.java:1416)
	at sun.security.ssl.SSLSocketImpl.startHandshake(SSLSocketImpl.java:1400)
	at org.apache.zookeeper.client.FourLetterWordMain.send4LetterWord(FourLetterWordMain.java:105)
	at org.apache.zookeeper.client.FourLetterWordMain.send4LetterWord(FourLetterWordMain.java:73)
	at org.apache.zookeeper.test.ClientBase.waitForServerUp(ClientBase.java:261)
	at org.apache.zookeeper.test.ClientBase.startServerInstance(ClientBase.java:401)
	at org.apache.zookeeper.test.ClientBase.startServer(ClientBase.java:516)
	at org.apache.zookeeper.test.ClientBase.setUpWithServerId(ClientBase.java:499)
	at org.apache.zookeeper.test.ClientBase.setUp(ClientBase.java:474)
	at org.apache.zookeeper.test.SaslDigestAuthOverSSLTest.setUp(SaslDigestAuthOverSSLTest.java:62)
	at sun.reflect.NativeMethodAccessorImpl.invoke0(Native Method)
	at sun.reflect.NativeMethodAccessorImpl.invoke(NativeMethodAccessorImpl.java:62)
	at sun.reflect.DelegatingMethodAccessorImpl.invoke(DelegatingMethodAccessorImpl.java:43)
	at java.lang.reflect.Method.invoke(Method.java:498)
	at org.junit.runners.model.FrameworkMethod$1.runReflectiveCall(FrameworkMethod.java:50)
	at org.junit.internal.runners.model.ReflectiveCallable.run(ReflectiveCallable.java:12)
	at org.junit.runners.model.FrameworkMethod.invokeExplosively(FrameworkMethod.java:47)
	at mockit.integration.junit4.JUnit4TestRunnerDecorator.invokeExplosively(JUnit4TestRunnerDecorator.java:49)
	at mockit.integration.junit4.FakeFrameworkMethod.invokeExplosively(FakeFrameworkMethod.java:29)
	at org.junit.runners.model.FrameworkMethod.invokeExplosively(FrameworkMethod.java)
	at org.junit.internal.runners.statements.RunBefores.evaluate(RunBefores.java:24)
	at org.junit.internal.runners.statements.RunAfters.evaluate(RunAfters.java:27)
	at org.junit.rules.TestWatcher$1.evaluate(TestWatcher.java:55)
	at org.junit.rules.RunRules.evaluate(RunRules.java:20)
	at org.junit.runners.ParentRunner.runLeaf(ParentRunner.java:325)
	at org.junit.runners.BlockJUnit4ClassRunner.runChild(BlockJUnit4ClassRunner.java:78)
	at org.junit.runners.BlockJUnit4ClassRunner.runChild(BlockJUnit4ClassRunner.java:57)
	at org.junit.runners.ParentRunner$3.run(ParentRunner.java:290)
	at org.junit.runners.ParentRunner$1.schedule(ParentRunner.java:71)
	at org.junit.runners.ParentRunner.runChildren(ParentRunner.java:288)
	at org.junit.runners.ParentRunner.access$000(ParentRunner.java:58)
	at org.junit.runners.ParentRunner$2.evaluate(ParentRunner.java:268)
	at org.junit.internal.runners.statements.RunBefores.evaluate(RunBefores.java:26)
	at org.junit.runners.ParentRunner.run(ParentRunner.java:363)
	at org.apache.maven.surefire.junit4.JUnit4Provider.execute(JUnit4Provider.java:365)
	at org.apache.maven.surefire.junit4.JUnit4Provider.executeWithRerun(JUnit4Provider.java:273)
	at org.apache.maven.surefire.junit4.JUnit4Provider.executeTestSet(JUnit4Provider.java:238)
	at org.apache.maven.surefire.junit4.JUnit4Provider.invoke(JUnit4Provider.java:159)
	at org.apache.maven.surefire.booter.ForkedBooter.invokeProviderInSameClassLoader(ForkedBooter.java:384)
	at org.apache.maven.surefire.booter.ForkedBooter.runSuitesInProcess(ForkedBooter.java:345)
	at org.apache.maven.surefire.booter.ForkedBooter.execute(ForkedBooter.java:126)
	at org.apache.maven.surefire.booter.ForkedBooter.main(ForkedBooter.java:418)
2020-06-22 14:22:57,073 [myid:] - ERROR [main:ZKTrustManager@162] - Failed to verify hostname: activate.navicat.com
javax.net.ssl.SSLPeerUnverifiedException: Certificate for <activate.navicat.com> doesn't match common name of the certificate subject: localhost
	at org.apache.zookeeper.common.ZKHostnameVerifier.matchCN(ZKHostnameVerifier.java:238)
	at org.apache.zookeeper.common.ZKHostnameVerifier.verify(ZKHostnameVerifier.java:184)
	at org.apache.zookeeper.common.ZKTrustManager.performHostVerification(ZKTrustManager.java:159)
	at org.apache.zookeeper.common.ZKTrustManager.checkServerTrusted(ZKTrustManager.java:90)
	at sun.security.ssl.ClientHandshaker.serverCertificate(ClientHandshaker.java:1670)
	at sun.security.ssl.ClientHandshaker.processMessage(ClientHandshaker.java:226)
	at sun.security.ssl.Handshaker.processLoop(Handshaker.java:1082)
	at sun.security.ssl.Handshaker.process_record(Handshaker.java:1010)
	at sun.security.ssl.SSLSocketImpl.readRecord(SSLSocketImpl.java:1079)
	at sun.security.ssl.SSLSocketImpl.performInitialHandshake(SSLSocketImpl.java:1388)
	at sun.security.ssl.SSLSocketImpl.startHandshake(SSLSocketImpl.java:1416)
	at sun.security.ssl.SSLSocketImpl.startHandshake(SSLSocketImpl.java:1400)
	at org.apache.zookeeper.client.FourLetterWordMain.send4LetterWord(FourLetterWordMain.java:105)
	at org.apache.zookeeper.client.FourLetterWordMain.send4LetterWord(FourLetterWordMain.java:73)
	at org.apache.zookeeper.test.ClientBase.waitForServerUp(ClientBase.java:261)
	at org.apache.zookeeper.test.ClientBase.startServerInstance(ClientBase.java:401)
	at org.apache.zookeeper.test.ClientBase.startServer(ClientBase.java:516)
	at org.apache.zookeeper.test.ClientBase.setUpWithServerId(ClientBase.java:499)
	at org.apache.zookeeper.test.ClientBase.setUp(ClientBase.java:474)
	at org.apache.zookeeper.test.SaslDigestAuthOverSSLTest.setUp(SaslDigestAuthOverSSLTest.java:62)
	at sun.reflect.NativeMethodAccessorImpl.invoke0(Native Method)
	at sun.reflect.NativeMethodAccessorImpl.invoke(NativeMethodAccessorImpl.java:62)
	at sun.reflect.DelegatingMethodAccessorImpl.invoke(DelegatingMethodAccessorImpl.java:43)
	at java.lang.reflect.Method.invoke(Method.java:498)
	at org.junit.runners.model.FrameworkMethod$1.runReflectiveCall(FrameworkMethod.java:50)
	at org.junit.internal.runners.model.ReflectiveCallable.run(ReflectiveCallable.java:12)
	at org.junit.runners.model.FrameworkMethod.invokeExplosively(FrameworkMethod.java:47)
	at mockit.integration.junit4.JUnit4TestRunnerDecorator.invokeExplosively(JUnit4TestRunnerDecorator.java:49)
	at mockit.integration.junit4.FakeFrameworkMethod.invokeExplosively(FakeFrameworkMethod.java:29)
	at org.junit.runners.model.FrameworkMethod.invokeExplosively(FrameworkMethod.java)
	at org.junit.internal.runners.statements.RunBefores.evaluate(RunBefores.java:24)
	at org.junit.internal.runners.statements.RunAfters.evaluate(RunAfters.java:27)
	at org.junit.rules.TestWatcher$1.evaluate(TestWatcher.java:55)
	at org.junit.rules.RunRules.evaluate(RunRules.java:20)
	at org.junit.runners.ParentRunner.runLeaf(ParentRunner.java:325)
	at org.junit.runners.BlockJUnit4ClassRunner.runChild(BlockJUnit4ClassRunner.java:78)
	at org.junit.runners.BlockJUnit4ClassRunner.runChild(BlockJUnit4ClassRunner.java:57)
	at org.junit.runners.ParentRunner$3.run(ParentRunner.java:290)
	at org.junit.runners.ParentRunner$1.schedule(ParentRunner.java:71)
	at org.junit.runners.ParentRunner.runChildren(ParentRunner.java:288)
	at org.junit.runners.ParentRunner.access$000(ParentRunner.java:58)
	at org.junit.runners.ParentRunner$2.evaluate(ParentRunner.java:268)
	at org.junit.internal.runners.statements.RunBefores.evaluate(RunBefores.java:26)
	at org.junit.runners.ParentRunner.run(ParentRunner.java:363)
	at org.apache.maven.surefire.junit4.JUnit4Provider.execute(JUnit4Provider.java:365)
	at org.apache.maven.surefire.junit4.JUnit4Provider.executeWithRerun(JUnit4Provider.java:273)
	at org.apache.maven.surefire.junit4.JUnit4Provider.executeTestSet(JUnit4Provider.java:238)
	at org.apache.maven.surefire.junit4.JUnit4Provider.invoke(JUnit4Provider.java:159)
	at org.apache.maven.surefire.booter.ForkedBooter.invokeProviderInSameClassLoader(ForkedBooter.java:384)
	at org.apache.maven.surefire.booter.ForkedBooter.runSuitesInProcess(ForkedBooter.java:345)
	at org.apache.maven.surefire.booter.ForkedBooter.execute(ForkedBooter.java:126)
	at org.apache.maven.surefire.booter.ForkedBooter.main(ForkedBooter.java:418)
2020-06-22 14:22:57,077 [myid:] - INFO  [main:ClientBase@270] - server 127.0.0.1:21995 not up
javax.net.ssl.SSLHandshakeException: java.security.cert.CertificateException: Failed to verify both host address and host name
	at sun.security.ssl.Alerts.getSSLException(Alerts.java:198)
	at sun.security.ssl.SSLSocketImpl.fatal(SSLSocketImpl.java:1967)
	at sun.security.ssl.Handshaker.fatalSE(Handshaker.java:331)
	at sun.security.ssl.Handshaker.fatalSE(Handshaker.java:325)
	at sun.security.ssl.ClientHandshaker.serverCertificate(ClientHandshaker.java:1688)
	at sun.security.ssl.ClientHandshaker.processMessage(ClientHandshaker.java:226)
	at sun.security.ssl.Handshaker.processLoop(Handshaker.java:1082)
	at sun.security.ssl.Handshaker.process_record(Handshaker.java:1010)
	at sun.security.ssl.SSLSocketImpl.readRecord(SSLSocketImpl.java:1079)
	at sun.security.ssl.SSLSocketImpl.performInitialHandshake(SSLSocketImpl.java:1388)
	at sun.security.ssl.SSLSocketImpl.startHandshake(SSLSocketImpl.java:1416)
	at sun.security.ssl.SSLSocketImpl.startHandshake(SSLSocketImpl.java:1400)
	at org.apache.zookeeper.client.FourLetterWordMain.send4LetterWord(FourLetterWordMain.java:105)
	at org.apache.zookeeper.client.FourLetterWordMain.send4LetterWord(FourLetterWordMain.java:73)
	at org.apache.zookeeper.test.ClientBase.waitForServerUp(ClientBase.java:261)
	at org.apache.zookeeper.test.ClientBase.startServerInstance(ClientBase.java:401)
	at org.apache.zookeeper.test.ClientBase.startServer(ClientBase.java:516)
	at org.apache.zookeeper.test.ClientBase.setUpWithServerId(ClientBase.java:499)
	at org.apache.zookeeper.test.ClientBase.setUp(ClientBase.java:474)
	at org.apache.zookeeper.test.SaslDigestAuthOverSSLTest.setUp(SaslDigestAuthOverSSLTest.java:62)
	at sun.reflect.NativeMethodAccessorImpl.invoke0(Native Method)
	at sun.reflect.NativeMethodAccessorImpl.invoke(NativeMethodAccessorImpl.java:62)
	at sun.reflect.DelegatingMethodAccessorImpl.invoke(DelegatingMethodAccessorImpl.java:43)
	at java.lang.reflect.Method.invoke(Method.java:498)
	at org.junit.runners.model.FrameworkMethod$1.runReflectiveCall(FrameworkMethod.java:50)
	at org.junit.internal.runners.model.ReflectiveCallable.run(ReflectiveCallable.java:12)
	at org.junit.runners.model.FrameworkMethod.invokeExplosively(FrameworkMethod.java:47)
	at mockit.integration.junit4.JUnit4TestRunnerDecorator.invokeExplosively(JUnit4TestRunnerDecorator.java:49)
	at mockit.integration.junit4.FakeFrameworkMethod.invokeExplosively(FakeFrameworkMethod.java:29)
	at org.junit.runners.model.FrameworkMethod.invokeExplosively(FrameworkMethod.java)
	at org.junit.internal.runners.statements.RunBefores.evaluate(RunBefores.java:24)
	at org.junit.internal.runners.statements.RunAfters.evaluate(RunAfters.java:27)
	at org.junit.rules.TestWatcher$1.evaluate(TestWatcher.java:55)
	at org.junit.rules.RunRules.evaluate(RunRules.java:20)
	at org.junit.runners.ParentRunner.runLeaf(ParentRunner.java:325)
	at org.junit.runners.BlockJUnit4ClassRunner.runChild(BlockJUnit4ClassRunner.java:78)
	at org.junit.runners.BlockJUnit4ClassRunner.runChild(BlockJUnit4ClassRunner.java:57)
	at org.junit.runners.ParentRunner$3.run(ParentRunner.java:290)
	at org.junit.runners.ParentRunner$1.schedule(ParentRunner.java:71)
	at org.junit.runners.ParentRunner.runChildren(ParentRunner.java:288)
	at org.junit.runners.ParentRunner.access$000(ParentRunner.java:58)
	at org.junit.runners.ParentRunner$2.evaluate(ParentRunner.java:268)
	at org.junit.internal.runners.statements.RunBefores.evaluate(RunBefores.java:26)
	at org.junit.runners.ParentRunner.run(ParentRunner.java:363)
	at org.apache.maven.surefire.junit4.JUnit4Provider.execute(JUnit4Provider.java:365)
	at org.apache.maven.surefire.junit4.JUnit4Provider.executeWithRerun(JUnit4Provider.java:273)
	at org.apache.maven.surefire.junit4.JUnit4Provider.executeTestSet(JUnit4Provider.java:238)
	at org.apache.maven.surefire.junit4.JUnit4Provider.invoke(JUnit4Provider.java:159)
	at org.apache.maven.surefire.booter.ForkedBooter.invokeProviderInSameClassLoader(ForkedBooter.java:384)
	at org.apache.maven.surefire.booter.ForkedBooter.runSuitesInProcess(ForkedBooter.java:345)
	at org.apache.maven.surefire.booter.ForkedBooter.execute(ForkedBooter.java:126)
	at org.apache.maven.surefire.booter.ForkedBooter.main(ForkedBooter.java:418)
Caused by: java.security.cert.CertificateException: Failed to verify both host address and host name
	at org.apache.zookeeper.common.ZKTrustManager.performHostVerification(ZKTrustManager.java:163)
	at org.apache.zookeeper.common.ZKTrustManager.checkServerTrusted(ZKTrustManager.java:90)
	at sun.security.ssl.ClientHandshaker.serverCertificate(ClientHandshaker.java:1670)
	... 47 more
Caused by: javax.net.ssl.SSLPeerUnverifiedException: Certificate for <activate.navicat.com> doesn't match common name of the certificate subject: localhost
	at org.apache.zookeeper.common.ZKHostnameVerifier.matchCN(ZKHostnameVerifier.java:238)
	at org.apache.zookeeper.common.ZKHostnameVerifier.verify(ZKHostnameVerifier.java:184)
	at org.apache.zookeeper.common.ZKTrustManager.performHostVerification(ZKTrustManager.java:159)
	... 49 more
2020-06-22 14:22:57,077 [myid:] - ERROR [nioEventLoopGroup-4-10:NettyServerCnxnFactory$CertificateVerifier@434] - Unsuccessful handshake with session 0x0
2020-06-22 14:22:57,078 [myid:] - WARN  [nioEventLoopGroup-4-10:NettyServerCnxnFactory$CnxnChannelHandler@273] - Exception caught
io.netty.handler.codec.DecoderException: javax.net.ssl.SSLException: Received fatal alert: certificate_unknown
	at io.netty.handler.codec.ByteToMessageDecoder.callDecode(ByteToMessageDecoder.java:468)
	at io.netty.handler.codec.ByteToMessageDecoder.channelRead(ByteToMessageDecoder.java:276)
	at io.netty.channel.AbstractChannelHandlerContext.invokeChannelRead(AbstractChannelHandlerContext.java:379)
	at io.netty.channel.AbstractChannelHandlerContext.invokeChannelRead(AbstractChannelHandlerContext.java:365)
	at io.netty.channel.AbstractChannelHandlerContext.fireChannelRead(AbstractChannelHandlerContext.java:357)
	at io.netty.channel.DefaultChannelPipeline$HeadContext.channelRead(DefaultChannelPipeline.java:1410)
	at io.netty.channel.AbstractChannelHandlerContext.invokeChannelRead(AbstractChannelHandlerContext.java:379)
	at io.netty.channel.AbstractChannelHandlerContext.invokeChannelRead(AbstractChannelHandlerContext.java:365)
	at io.netty.channel.DefaultChannelPipeline.fireChannelRead(DefaultChannelPipeline.java:919)
	at io.netty.channel.nio.AbstractNioByteChannel$NioByteUnsafe.read(AbstractNioByteChannel.java:163)
	at io.netty.channel.nio.NioEventLoop.processSelectedKey(NioEventLoop.java:714)
	at io.netty.channel.nio.NioEventLoop.processSelectedKeysOptimized(NioEventLoop.java:650)
	at io.netty.channel.nio.NioEventLoop.processSelectedKeys(NioEventLoop.java:576)
	at io.netty.channel.nio.NioEventLoop.run(NioEventLoop.java:493)
	at io.netty.util.concurrent.SingleThreadEventExecutor$4.run(SingleThreadEventExecutor.java:989)
	at io.netty.util.internal.ThreadExecutorMap$2.run(ThreadExecutorMap.java:74)
	at io.netty.util.concurrent.FastThreadLocalRunnable.run(FastThreadLocalRunnable.java:30)
	at java.lang.Thread.run(Thread.java:748)
Caused by: javax.net.ssl.SSLException: Received fatal alert: certificate_unknown
	at sun.security.ssl.Alerts.getSSLException(Alerts.java:214)
	at sun.security.ssl.SSLEngineImpl.fatal(SSLEngineImpl.java:1667)
	at sun.security.ssl.SSLEngineImpl.fatal(SSLEngineImpl.java:1635)
	at sun.security.ssl.SSLEngineImpl.recvAlert(SSLEngineImpl.java:1801)
	at sun.security.ssl.SSLEngineImpl.readRecord(SSLEngineImpl.java:1090)
	at sun.security.ssl.SSLEngineImpl.readNetRecord(SSLEngineImpl.java:913)
	at sun.security.ssl.SSLEngineImpl.unwrap(SSLEngineImpl.java:783)
	at javax.net.ssl.SSLEngine.unwrap(SSLEngine.java:626)
	at io.netty.handler.ssl.SslHandler$SslEngineType$3.unwrap(SslHandler.java:281)
	at io.netty.handler.ssl.SslHandler.unwrap(SslHandler.java:1340)
	at io.netty.handler.ssl.SslHandler.decodeJdkCompatible(SslHandler.java:1235)
	at io.netty.handler.ssl.SslHandler.decode(SslHandler.java:1282)
	at io.netty.handler.codec.ByteToMessageDecoder.decodeRemovalReentryProtection(ByteToMessageDecoder.java:498)
	at io.netty.handler.codec.ByteToMessageDecoder.callDecode(ByteToMessageDecoder.java:437)
	... 17 more
2020-06-22 14:22:57,078 [myid:] - WARN  [nioEventLoopGroup-4-10:NettyServerCnxnFactory$CnxnChannelHandler@273] - Exception caught
io.netty.handler.codec.DecoderException: javax.net.ssl.SSLException: Received fatal alert: certificate_unknown
	at io.netty.handler.codec.ByteToMessageDecoder.callDecode(ByteToMessageDecoder.java:468)
	at io.netty.handler.codec.ByteToMessageDecoder.channelInputClosed(ByteToMessageDecoder.java:401)
	at io.netty.handler.codec.ByteToMessageDecoder.channelInputClosed(ByteToMessageDecoder.java:368)
	at io.netty.handler.codec.ByteToMessageDecoder.channelInactive(ByteToMessageDecoder.java:351)
	at io.netty.handler.ssl.SslHandler.channelInactive(SslHandler.java:1084)
	at io.netty.channel.AbstractChannelHandlerContext.invokeChannelInactive(AbstractChannelHandlerContext.java:262)
	at io.netty.channel.AbstractChannelHandlerContext.invokeChannelInactive(AbstractChannelHandlerContext.java:248)
	at io.netty.channel.AbstractChannelHandlerContext.fireChannelInactive(AbstractChannelHandlerContext.java:241)
	at io.netty.channel.DefaultChannelPipeline$HeadContext.channelInactive(DefaultChannelPipeline.java:1405)
	at io.netty.channel.AbstractChannelHandlerContext.invokeChannelInactive(AbstractChannelHandlerContext.java:262)
	at io.netty.channel.AbstractChannelHandlerContext.invokeChannelInactive(AbstractChannelHandlerContext.java:248)
	at io.netty.channel.DefaultChannelPipeline.fireChannelInactive(DefaultChannelPipeline.java:901)
	at io.netty.channel.AbstractChannel$AbstractUnsafe$8.run(AbstractChannel.java:818)
	at io.netty.util.concurrent.AbstractEventExecutor.safeExecute(AbstractEventExecutor.java:164)
	at io.netty.util.concurrent.SingleThreadEventExecutor.runAllTasks(SingleThreadEventExecutor.java:472)
	at io.netty.channel.nio.NioEventLoop.run(NioEventLoop.java:497)
	at io.netty.util.concurrent.SingleThreadEventExecutor$4.run(SingleThreadEventExecutor.java:989)
	at io.netty.util.internal.ThreadExecutorMap$2.run(ThreadExecutorMap.java:74)
	at io.netty.util.concurrent.FastThreadLocalRunnable.run(FastThreadLocalRunnable.java:30)
	at java.lang.Thread.run(Thread.java:748)
Caused by: javax.net.ssl.SSLException: Received fatal alert: certificate_unknown
	at sun.security.ssl.Alerts.getSSLException(Alerts.java:214)
	at sun.security.ssl.SSLEngineImpl.fatal(SSLEngineImpl.java:1667)
	at sun.security.ssl.SSLEngineImpl.fatal(SSLEngineImpl.java:1635)
	at sun.security.ssl.SSLEngineImpl.recvAlert(SSLEngineImpl.java:1801)
	at sun.security.ssl.SSLEngineImpl.readRecord(SSLEngineImpl.java:1090)
	at sun.security.ssl.SSLEngineImpl.readNetRecord(SSLEngineImpl.java:913)
	at sun.security.ssl.SSLEngineImpl.unwrap(SSLEngineImpl.java:783)
	at javax.net.ssl.SSLEngine.unwrap(SSLEngine.java:626)
	at io.netty.handler.ssl.SslHandler$SslEngineType$3.unwrap(SslHandler.java:281)
	at io.netty.handler.ssl.SslHandler.unwrap(SslHandler.java:1340)
	at io.netty.handler.ssl.SslHandler.decodeJdkCompatible(SslHandler.java:1235)
	at io.netty.handler.ssl.SslHandler.decode(SslHandler.java:1282)
	at io.netty.handler.codec.ByteToMessageDecoder.decodeRemovalReentryProtection(ByteToMessageDecoder.java:498)
	at io.netty.handler.codec.ByteToMessageDecoder.callDecode(ByteToMessageDecoder.java:437)
	... 19 more
2020-06-22 14:22:57,327 [myid:] - INFO  [main:FourLetterWordMain@93] - connecting to 127.0.0.1 21995
2020-06-22 14:22:57,327 [myid:] - INFO  [main:FourLetterWordMain@99] - using secure socket
2020-06-22 14:22:57,334 [myid:] - ERROR [main:ZKTrustManager@161] - Failed to verify host address: 127.0.0.1
javax.net.ssl.SSLPeerUnverifiedException: Certificate for <127.0.0.1> doesn't match common name of the certificate subject: localhost
	at org.apache.zookeeper.common.ZKHostnameVerifier.matchCN(ZKHostnameVerifier.java:238)
	at org.apache.zookeeper.common.ZKHostnameVerifier.verify(ZKHostnameVerifier.java:184)
	at org.apache.zookeeper.common.ZKTrustManager.performHostVerification(ZKTrustManager.java:151)
	at org.apache.zookeeper.common.ZKTrustManager.checkServerTrusted(ZKTrustManager.java:90)
	at sun.security.ssl.ClientHandshaker.serverCertificate(ClientHandshaker.java:1670)
	at sun.security.ssl.ClientHandshaker.processMessage(ClientHandshaker.java:226)
	at sun.security.ssl.Handshaker.processLoop(Handshaker.java:1082)
	at sun.security.ssl.Handshaker.process_record(Handshaker.java:1010)
	at sun.security.ssl.SSLSocketImpl.readRecord(SSLSocketImpl.java:1079)
	at sun.security.ssl.SSLSocketImpl.performInitialHandshake(SSLSocketImpl.java:1388)
	at sun.security.ssl.SSLSocketImpl.startHandshake(SSLSocketImpl.java:1416)
	at sun.security.ssl.SSLSocketImpl.startHandshake(SSLSocketImpl.java:1400)
	at org.apache.zookeeper.client.FourLetterWordMain.send4LetterWord(FourLetterWordMain.java:105)
	at org.apache.zookeeper.client.FourLetterWordMain.send4LetterWord(FourLetterWordMain.java:73)
	at org.apache.zookeeper.test.ClientBase.waitForServerUp(ClientBase.java:261)
	at org.apache.zookeeper.test.ClientBase.startServerInstance(ClientBase.java:401)
	at org.apache.zookeeper.test.ClientBase.startServer(ClientBase.java:516)
	at org.apache.zookeeper.test.ClientBase.setUpWithServerId(ClientBase.java:499)
	at org.apache.zookeeper.test.ClientBase.setUp(ClientBase.java:474)
	at org.apache.zookeeper.test.SaslDigestAuthOverSSLTest.setUp(SaslDigestAuthOverSSLTest.java:62)
	at sun.reflect.NativeMethodAccessorImpl.invoke0(Native Method)
	at sun.reflect.NativeMethodAccessorImpl.invoke(NativeMethodAccessorImpl.java:62)
	at sun.reflect.DelegatingMethodAccessorImpl.invoke(DelegatingMethodAccessorImpl.java:43)
	at java.lang.reflect.Method.invoke(Method.java:498)
	at org.junit.runners.model.FrameworkMethod$1.runReflectiveCall(FrameworkMethod.java:50)
	at org.junit.internal.runners.model.ReflectiveCallable.run(ReflectiveCallable.java:12)
	at org.junit.runners.model.FrameworkMethod.invokeExplosively(FrameworkMethod.java:47)
	at mockit.integration.junit4.JUnit4TestRunnerDecorator.invokeExplosively(JUnit4TestRunnerDecorator.java:49)
	at mockit.integration.junit4.FakeFrameworkMethod.invokeExplosively(FakeFrameworkMethod.java:29)
	at org.junit.runners.model.FrameworkMethod.invokeExplosively(FrameworkMethod.java)
	at org.junit.internal.runners.statements.RunBefores.evaluate(RunBefores.java:24)
	at org.junit.internal.runners.statements.RunAfters.evaluate(RunAfters.java:27)
	at org.junit.rules.TestWatcher$1.evaluate(TestWatcher.java:55)
	at org.junit.rules.RunRules.evaluate(RunRules.java:20)
	at org.junit.runners.ParentRunner.runLeaf(ParentRunner.java:325)
	at org.junit.runners.BlockJUnit4ClassRunner.runChild(BlockJUnit4ClassRunner.java:78)
	at org.junit.runners.BlockJUnit4ClassRunner.runChild(BlockJUnit4ClassRunner.java:57)
	at org.junit.runners.ParentRunner$3.run(ParentRunner.java:290)
	at org.junit.runners.ParentRunner$1.schedule(ParentRunner.java:71)
	at org.junit.runners.ParentRunner.runChildren(ParentRunner.java:288)
	at org.junit.runners.ParentRunner.access$000(ParentRunner.java:58)
	at org.junit.runners.ParentRunner$2.evaluate(ParentRunner.java:268)
	at org.junit.internal.runners.statements.RunBefores.evaluate(RunBefores.java:26)
	at org.junit.runners.ParentRunner.run(ParentRunner.java:363)
	at org.apache.maven.surefire.junit4.JUnit4Provider.execute(JUnit4Provider.java:365)
	at org.apache.maven.surefire.junit4.JUnit4Provider.executeWithRerun(JUnit4Provider.java:273)
	at org.apache.maven.surefire.junit4.JUnit4Provider.executeTestSet(JUnit4Provider.java:238)
	at org.apache.maven.surefire.junit4.JUnit4Provider.invoke(JUnit4Provider.java:159)
	at org.apache.maven.surefire.booter.ForkedBooter.invokeProviderInSameClassLoader(ForkedBooter.java:384)
	at org.apache.maven.surefire.booter.ForkedBooter.runSuitesInProcess(ForkedBooter.java:345)
	at org.apache.maven.surefire.booter.ForkedBooter.execute(ForkedBooter.java:126)
	at org.apache.maven.surefire.booter.ForkedBooter.main(ForkedBooter.java:418)
2020-06-22 14:22:57,335 [myid:] - ERROR [main:ZKTrustManager@162] - Failed to verify hostname: activate.navicat.com
javax.net.ssl.SSLPeerUnverifiedException: Certificate for <activate.navicat.com> doesn't match common name of the certificate subject: localhost
	at org.apache.zookeeper.common.ZKHostnameVerifier.matchCN(ZKHostnameVerifier.java:238)
	at org.apache.zookeeper.common.ZKHostnameVerifier.verify(ZKHostnameVerifier.java:184)
	at org.apache.zookeeper.common.ZKTrustManager.performHostVerification(ZKTrustManager.java:159)
	at org.apache.zookeeper.common.ZKTrustManager.checkServerTrusted(ZKTrustManager.java:90)
	at sun.security.ssl.ClientHandshaker.serverCertificate(ClientHandshaker.java:1670)
	at sun.security.ssl.ClientHandshaker.processMessage(ClientHandshaker.java:226)
	at sun.security.ssl.Handshaker.processLoop(Handshaker.java:1082)
	at sun.security.ssl.Handshaker.process_record(Handshaker.java:1010)
	at sun.security.ssl.SSLSocketImpl.readRecord(SSLSocketImpl.java:1079)
	at sun.security.ssl.SSLSocketImpl.performInitialHandshake(SSLSocketImpl.java:1388)
	at sun.security.ssl.SSLSocketImpl.startHandshake(SSLSocketImpl.java:1416)
	at sun.security.ssl.SSLSocketImpl.startHandshake(SSLSocketImpl.java:1400)
	at org.apache.zookeeper.client.FourLetterWordMain.send4LetterWord(FourLetterWordMain.java:105)
	at org.apache.zookeeper.client.FourLetterWordMain.send4LetterWord(FourLetterWordMain.java:73)
	at org.apache.zookeeper.test.ClientBase.waitForServerUp(ClientBase.java:261)
	at org.apache.zookeeper.test.ClientBase.startServerInstance(ClientBase.java:401)
	at org.apache.zookeeper.test.ClientBase.startServer(ClientBase.java:516)
	at org.apache.zookeeper.test.ClientBase.setUpWithServerId(ClientBase.java:499)
	at org.apache.zookeeper.test.ClientBase.setUp(ClientBase.java:474)
	at org.apache.zookeeper.test.SaslDigestAuthOverSSLTest.setUp(SaslDigestAuthOverSSLTest.java:62)
	at sun.reflect.NativeMethodAccessorImpl.invoke0(Native Method)
	at sun.reflect.NativeMethodAccessorImpl.invoke(NativeMethodAccessorImpl.java:62)
	at sun.reflect.DelegatingMethodAccessorImpl.invoke(DelegatingMethodAccessorImpl.java:43)
	at java.lang.reflect.Method.invoke(Method.java:498)
	at org.junit.runners.model.FrameworkMethod$1.runReflectiveCall(FrameworkMethod.java:50)
	at org.junit.internal.runners.model.ReflectiveCallable.run(ReflectiveCallable.java:12)
	at org.junit.runners.model.FrameworkMethod.invokeExplosively(FrameworkMethod.java:47)
	at mockit.integration.junit4.JUnit4TestRunnerDecorator.invokeExplosively(JUnit4TestRunnerDecorator.java:49)
	at mockit.integration.junit4.FakeFrameworkMethod.invokeExplosively(FakeFrameworkMethod.java:29)
	at org.junit.runners.model.FrameworkMethod.invokeExplosively(FrameworkMethod.java)
	at org.junit.internal.runners.statements.RunBefores.evaluate(RunBefores.java:24)
	at org.junit.internal.runners.statements.RunAfters.evaluate(RunAfters.java:27)
	at org.junit.rules.TestWatcher$1.evaluate(TestWatcher.java:55)
	at org.junit.rules.RunRules.evaluate(RunRules.java:20)
	at org.junit.runners.ParentRunner.runLeaf(ParentRunner.java:325)
	at org.junit.runners.BlockJUnit4ClassRunner.runChild(BlockJUnit4ClassRunner.java:78)
	at org.junit.runners.BlockJUnit4ClassRunner.runChild(BlockJUnit4ClassRunner.java:57)
	at org.junit.runners.ParentRunner$3.run(ParentRunner.java:290)
	at org.junit.runners.ParentRunner$1.schedule(ParentRunner.java:71)
	at org.junit.runners.ParentRunner.runChildren(ParentRunner.java:288)
	at org.junit.runners.ParentRunner.access$000(ParentRunner.java:58)
	at org.junit.runners.ParentRunner$2.evaluate(ParentRunner.java:268)
	at org.junit.internal.runners.statements.RunBefores.evaluate(RunBefores.java:26)
	at org.junit.runners.ParentRunner.run(ParentRunner.java:363)
	at org.apache.maven.surefire.junit4.JUnit4Provider.execute(JUnit4Provider.java:365)
	at org.apache.maven.surefire.junit4.JUnit4Provider.executeWithRerun(JUnit4Provider.java:273)
	at org.apache.maven.surefire.junit4.JUnit4Provider.executeTestSet(JUnit4Provider.java:238)
	at org.apache.maven.surefire.junit4.JUnit4Provider.invoke(JUnit4Provider.java:159)
	at org.apache.maven.surefire.booter.ForkedBooter.invokeProviderInSameClassLoader(ForkedBooter.java:384)
	at org.apache.maven.surefire.booter.ForkedBooter.runSuitesInProcess(ForkedBooter.java:345)
	at org.apache.maven.surefire.booter.ForkedBooter.execute(ForkedBooter.java:126)
	at org.apache.maven.surefire.booter.ForkedBooter.main(ForkedBooter.java:418)
2020-06-22 14:22:57,335 [myid:] - INFO  [main:ClientBase@270] - server 127.0.0.1:21995 not up
javax.net.ssl.SSLHandshakeException: java.security.cert.CertificateException: Failed to verify both host address and host name
	at sun.security.ssl.Alerts.getSSLException(Alerts.java:198)
	at sun.security.ssl.SSLSocketImpl.fatal(SSLSocketImpl.java:1967)
	at sun.security.ssl.Handshaker.fatalSE(Handshaker.java:331)
	at sun.security.ssl.Handshaker.fatalSE(Handshaker.java:325)
	at sun.security.ssl.ClientHandshaker.serverCertificate(ClientHandshaker.java:1688)
	at sun.security.ssl.ClientHandshaker.processMessage(ClientHandshaker.java:226)
	at sun.security.ssl.Handshaker.processLoop(Handshaker.java:1082)
	at sun.security.ssl.Handshaker.process_record(Handshaker.java:1010)
	at sun.security.ssl.SSLSocketImpl.readRecord(SSLSocketImpl.java:1079)
	at sun.security.ssl.SSLSocketImpl.performInitialHandshake(SSLSocketImpl.java:1388)
	at sun.security.ssl.SSLSocketImpl.startHandshake(SSLSocketImpl.java:1416)
	at sun.security.ssl.SSLSocketImpl.startHandshake(SSLSocketImpl.java:1400)
	at org.apache.zookeeper.client.FourLetterWordMain.send4LetterWord(FourLetterWordMain.java:105)
	at org.apache.zookeeper.client.FourLetterWordMain.send4LetterWord(FourLetterWordMain.java:73)
	at org.apache.zookeeper.test.ClientBase.waitForServerUp(ClientBase.java:261)
	at org.apache.zookeeper.test.ClientBase.startServerInstance(ClientBase.java:401)
	at org.apache.zookeeper.test.ClientBase.startServer(ClientBase.java:516)
	at org.apache.zookeeper.test.ClientBase.setUpWithServerId(ClientBase.java:499)
	at org.apache.zookeeper.test.ClientBase.setUp(ClientBase.java:474)
	at org.apache.zookeeper.test.SaslDigestAuthOverSSLTest.setUp(SaslDigestAuthOverSSLTest.java:62)
	at sun.reflect.NativeMethodAccessorImpl.invoke0(Native Method)
	at sun.reflect.NativeMethodAccessorImpl.invoke(NativeMethodAccessorImpl.java:62)
	at sun.reflect.DelegatingMethodAccessorImpl.invoke(DelegatingMethodAccessorImpl.java:43)
	at java.lang.reflect.Method.invoke(Method.java:498)
	at org.junit.runners.model.FrameworkMethod$1.runReflectiveCall(FrameworkMethod.java:50)
	at org.junit.internal.runners.model.ReflectiveCallable.run(ReflectiveCallable.java:12)
	at org.junit.runners.model.FrameworkMethod.invokeExplosively(FrameworkMethod.java:47)
	at mockit.integration.junit4.JUnit4TestRunnerDecorator.invokeExplosively(JUnit4TestRunnerDecorator.java:49)
	at mockit.integration.junit4.FakeFrameworkMethod.invokeExplosively(FakeFrameworkMethod.java:29)
	at org.junit.runners.model.FrameworkMethod.invokeExplosively(FrameworkMethod.java)
	at org.junit.internal.runners.statements.RunBefores.evaluate(RunBefores.java:24)
	at org.junit.internal.runners.statements.RunAfters.evaluate(RunAfters.java:27)
	at org.junit.rules.TestWatcher$1.evaluate(TestWatcher.java:55)
	at org.junit.rules.RunRules.evaluate(RunRules.java:20)
	at org.junit.runners.ParentRunner.runLeaf(ParentRunner.java:325)
	at org.junit.runners.BlockJUnit4ClassRunner.runChild(BlockJUnit4ClassRunner.java:78)
	at org.junit.runners.BlockJUnit4ClassRunner.runChild(BlockJUnit4ClassRunner.java:57)
	at org.junit.runners.ParentRunner$3.run(ParentRunner.java:290)
	at org.junit.runners.ParentRunner$1.schedule(ParentRunner.java:71)
	at org.junit.runners.ParentRunner.runChildren(ParentRunner.java:288)
	at org.junit.runners.ParentRunner.access$000(ParentRunner.java:58)
	at org.junit.runners.ParentRunner$2.evaluate(ParentRunner.java:268)
	at org.junit.internal.runners.statements.RunBefores.evaluate(RunBefores.java:26)
	at org.junit.runners.ParentRunner.run(ParentRunner.java:363)
	at org.apache.maven.surefire.junit4.JUnit4Provider.execute(JUnit4Provider.java:365)
	at org.apache.maven.surefire.junit4.JUnit4Provider.executeWithRerun(JUnit4Provider.java:273)
	at org.apache.maven.surefire.junit4.JUnit4Provider.executeTestSet(JUnit4Provider.java:238)
	at org.apache.maven.surefire.junit4.JUnit4Provider.invoke(JUnit4Provider.java:159)
	at org.apache.maven.surefire.booter.ForkedBooter.invokeProviderInSameClassLoader(ForkedBooter.java:384)
	at org.apache.maven.surefire.booter.ForkedBooter.runSuitesInProcess(ForkedBooter.java:345)
	at org.apache.maven.surefire.booter.ForkedBooter.execute(ForkedBooter.java:126)
	at org.apache.maven.surefire.booter.ForkedBooter.main(ForkedBooter.java:418)
Caused by: java.security.cert.CertificateException: Failed to verify both host address and host name
	at org.apache.zookeeper.common.ZKTrustManager.performHostVerification(ZKTrustManager.java:163)
	at org.apache.zookeeper.common.ZKTrustManager.checkServerTrusted(ZKTrustManager.java:90)
	at sun.security.ssl.ClientHandshaker.serverCertificate(ClientHandshaker.java:1670)
	... 47 more
Caused by: javax.net.ssl.SSLPeerUnverifiedException: Certificate for <activate.navicat.com> doesn't match common name of the certificate subject: localhost
	at org.apache.zookeeper.common.ZKHostnameVerifier.matchCN(ZKHostnameVerifier.java:238)
	at org.apache.zookeeper.common.ZKHostnameVerifier.verify(ZKHostnameVerifier.java:184)
	at org.apache.zookeeper.common.ZKTrustManager.performHostVerification(ZKTrustManager.java:159)
	... 49 more
2020-06-22 14:22:57,335 [myid:] - ERROR [nioEventLoopGroup-4-11:NettyServerCnxnFactory$CertificateVerifier@434] - Unsuccessful handshake with session 0x0
2020-06-22 14:22:57,336 [myid:] - WARN  [nioEventLoopGroup-4-11:NettyServerCnxnFactory$CnxnChannelHandler@273] - Exception caught
io.netty.handler.codec.DecoderException: javax.net.ssl.SSLException: Received fatal alert: certificate_unknown
	at io.netty.handler.codec.ByteToMessageDecoder.callDecode(ByteToMessageDecoder.java:468)
	at io.netty.handler.codec.ByteToMessageDecoder.channelRead(ByteToMessageDecoder.java:276)
	at io.netty.channel.AbstractChannelHandlerContext.invokeChannelRead(AbstractChannelHandlerContext.java:379)
	at io.netty.channel.AbstractChannelHandlerContext.invokeChannelRead(AbstractChannelHandlerContext.java:365)
	at io.netty.channel.AbstractChannelHandlerContext.fireChannelRead(AbstractChannelHandlerContext.java:357)
	at io.netty.channel.DefaultChannelPipeline$HeadContext.channelRead(DefaultChannelPipeline.java:1410)
	at io.netty.channel.AbstractChannelHandlerContext.invokeChannelRead(AbstractChannelHandlerContext.java:379)
	at io.netty.channel.AbstractChannelHandlerContext.invokeChannelRead(AbstractChannelHandlerContext.java:365)
	at io.netty.channel.DefaultChannelPipeline.fireChannelRead(DefaultChannelPipeline.java:919)
	at io.netty.channel.nio.AbstractNioByteChannel$NioByteUnsafe.read(AbstractNioByteChannel.java:163)
	at io.netty.channel.nio.NioEventLoop.processSelectedKey(NioEventLoop.java:714)
	at io.netty.channel.nio.NioEventLoop.processSelectedKeysOptimized(NioEventLoop.java:650)
	at io.netty.channel.nio.NioEventLoop.processSelectedKeys(NioEventLoop.java:576)
	at io.netty.channel.nio.NioEventLoop.run(NioEventLoop.java:493)
	at io.netty.util.concurrent.SingleThreadEventExecutor$4.run(SingleThreadEventExecutor.java:989)
	at io.netty.util.internal.ThreadExecutorMap$2.run(ThreadExecutorMap.java:74)
	at io.netty.util.concurrent.FastThreadLocalRunnable.run(FastThreadLocalRunnable.java:30)
	at java.lang.Thread.run(Thread.java:748)
Caused by: javax.net.ssl.SSLException: Received fatal alert: certificate_unknown
	at sun.security.ssl.Alerts.getSSLException(Alerts.java:214)
	at sun.security.ssl.SSLEngineImpl.fatal(SSLEngineImpl.java:1667)
	at sun.security.ssl.SSLEngineImpl.fatal(SSLEngineImpl.java:1635)
	at sun.security.ssl.SSLEngineImpl.recvAlert(SSLEngineImpl.java:1801)
	at sun.security.ssl.SSLEngineImpl.readRecord(SSLEngineImpl.java:1090)
	at sun.security.ssl.SSLEngineImpl.readNetRecord(SSLEngineImpl.java:913)
	at sun.security.ssl.SSLEngineImpl.unwrap(SSLEngineImpl.java:783)
	at javax.net.ssl.SSLEngine.unwrap(SSLEngine.java:626)
	at io.netty.handler.ssl.SslHandler$SslEngineType$3.unwrap(SslHandler.java:281)
	at io.netty.handler.ssl.SslHandler.unwrap(SslHandler.java:1340)
	at io.netty.handler.ssl.SslHandler.decodeJdkCompatible(SslHandler.java:1235)
	at io.netty.handler.ssl.SslHandler.decode(SslHandler.java:1282)
	at io.netty.handler.codec.ByteToMessageDecoder.decodeRemovalReentryProtection(ByteToMessageDecoder.java:498)
	at io.netty.handler.codec.ByteToMessageDecoder.callDecode(ByteToMessageDecoder.java:437)
	... 17 more
2020-06-22 14:22:57,336 [myid:] - WARN  [nioEventLoopGroup-4-11:NettyServerCnxnFactory$CnxnChannelHandler@273] - Exception caught
io.netty.handler.codec.DecoderException: javax.net.ssl.SSLException: Received fatal alert: certificate_unknown
	at io.netty.handler.codec.ByteToMessageDecoder.callDecode(ByteToMessageDecoder.java:468)
	at io.netty.handler.codec.ByteToMessageDecoder.channelInputClosed(ByteToMessageDecoder.java:401)
	at io.netty.handler.codec.ByteToMessageDecoder.channelInputClosed(ByteToMessageDecoder.java:368)
	at io.netty.handler.codec.ByteToMessageDecoder.channelInactive(ByteToMessageDecoder.java:351)
	at io.netty.handler.ssl.SslHandler.channelInactive(SslHandler.java:1084)
	at io.netty.channel.AbstractChannelHandlerContext.invokeChannelInactive(AbstractChannelHandlerContext.java:262)
	at io.netty.channel.AbstractChannelHandlerContext.invokeChannelInactive(AbstractChannelHandlerContext.java:248)
	at io.netty.channel.AbstractChannelHandlerContext.fireChannelInactive(AbstractChannelHandlerContext.java:241)
	at io.netty.channel.DefaultChannelPipeline$HeadContext.channelInactive(DefaultChannelPipeline.java:1405)
	at io.netty.channel.AbstractChannelHandlerContext.invokeChannelInactive(AbstractChannelHandlerContext.java:262)
	at io.netty.channel.AbstractChannelHandlerContext.invokeChannelInactive(AbstractChannelHandlerContext.java:248)
	at io.netty.channel.DefaultChannelPipeline.fireChannelInactive(DefaultChannelPipeline.java:901)
	at io.netty.channel.AbstractChannel$AbstractUnsafe$8.run(AbstractChannel.java:818)
	at io.netty.util.concurrent.AbstractEventExecutor.safeExecute(AbstractEventExecutor.java:164)
	at io.netty.util.concurrent.SingleThreadEventExecutor.runAllTasks(SingleThreadEventExecutor.java:472)
	at io.netty.channel.nio.NioEventLoop.run(NioEventLoop.java:497)
	at io.netty.util.concurrent.SingleThreadEventExecutor$4.run(SingleThreadEventExecutor.java:989)
	at io.netty.util.internal.ThreadExecutorMap$2.run(ThreadExecutorMap.java:74)
	at io.netty.util.concurrent.FastThreadLocalRunnable.run(FastThreadLocalRunnable.java:30)
	at java.lang.Thread.run(Thread.java:748)
Caused by: javax.net.ssl.SSLException: Received fatal alert: certificate_unknown
	at sun.security.ssl.Alerts.getSSLException(Alerts.java:214)
	at sun.security.ssl.SSLEngineImpl.fatal(SSLEngineImpl.java:1667)
	at sun.security.ssl.SSLEngineImpl.fatal(SSLEngineImpl.java:1635)
	at sun.security.ssl.SSLEngineImpl.recvAlert(SSLEngineImpl.java:1801)
	at sun.security.ssl.SSLEngineImpl.readRecord(SSLEngineImpl.java:1090)
	at sun.security.ssl.SSLEngineImpl.readNetRecord(SSLEngineImpl.java:913)
	at sun.security.ssl.SSLEngineImpl.unwrap(SSLEngineImpl.java:783)
	at javax.net.ssl.SSLEngine.unwrap(SSLEngine.java:626)
	at io.netty.handler.ssl.SslHandler$SslEngineType$3.unwrap(SslHandler.java:281)
	at io.netty.handler.ssl.SslHandler.unwrap(SslHandler.java:1340)
	at io.netty.handler.ssl.SslHandler.decodeJdkCompatible(SslHandler.java:1235)
	at io.netty.handler.ssl.SslHandler.decode(SslHandler.java:1282)
	at io.netty.handler.codec.ByteToMessageDecoder.decodeRemovalReentryProtection(ByteToMessageDecoder.java:498)
	at io.netty.handler.codec.ByteToMessageDecoder.callDecode(ByteToMessageDecoder.java:437)
	... 19 more
2020-06-22 14:22:57,586 [myid:] - INFO  [main:FourLetterWordMain@93] - connecting to 127.0.0.1 21995
2020-06-22 14:22:57,586 [myid:] - INFO  [main:FourLetterWordMain@99] - using secure socket
2020-06-22 14:22:57,595 [myid:] - ERROR [main:ZKTrustManager@161] - Failed to verify host address: 127.0.0.1
javax.net.ssl.SSLPeerUnverifiedException: Certificate for <127.0.0.1> doesn't match common name of the certificate subject: localhost
	at org.apache.zookeeper.common.ZKHostnameVerifier.matchCN(ZKHostnameVerifier.java:238)
	at org.apache.zookeeper.common.ZKHostnameVerifier.verify(ZKHostnameVerifier.java:184)
	at org.apache.zookeeper.common.ZKTrustManager.performHostVerification(ZKTrustManager.java:151)
	at org.apache.zookeeper.common.ZKTrustManager.checkServerTrusted(ZKTrustManager.java:90)
	at sun.security.ssl.ClientHandshaker.serverCertificate(ClientHandshaker.java:1670)
	at sun.security.ssl.ClientHandshaker.processMessage(ClientHandshaker.java:226)
	at sun.security.ssl.Handshaker.processLoop(Handshaker.java:1082)
	at sun.security.ssl.Handshaker.process_record(Handshaker.java:1010)
	at sun.security.ssl.SSLSocketImpl.readRecord(SSLSocketImpl.java:1079)
	at sun.security.ssl.SSLSocketImpl.performInitialHandshake(SSLSocketImpl.java:1388)
	at sun.security.ssl.SSLSocketImpl.startHandshake(SSLSocketImpl.java:1416)
	at sun.security.ssl.SSLSocketImpl.startHandshake(SSLSocketImpl.java:1400)
	at org.apache.zookeeper.client.FourLetterWordMain.send4LetterWord(FourLetterWordMain.java:105)
	at org.apache.zookeeper.client.FourLetterWordMain.send4LetterWord(FourLetterWordMain.java:73)
	at org.apache.zookeeper.test.ClientBase.waitForServerUp(ClientBase.java:261)
	at org.apache.zookeeper.test.ClientBase.startServerInstance(ClientBase.java:401)
	at org.apache.zookeeper.test.ClientBase.startServer(ClientBase.java:516)
	at org.apache.zookeeper.test.ClientBase.setUpWithServerId(ClientBase.java:499)
	at org.apache.zookeeper.test.ClientBase.setUp(ClientBase.java:474)
	at org.apache.zookeeper.test.SaslDigestAuthOverSSLTest.setUp(SaslDigestAuthOverSSLTest.java:62)
	at sun.reflect.NativeMethodAccessorImpl.invoke0(Native Method)
	at sun.reflect.NativeMethodAccessorImpl.invoke(NativeMethodAccessorImpl.java:62)
	at sun.reflect.DelegatingMethodAccessorImpl.invoke(DelegatingMethodAccessorImpl.java:43)
	at java.lang.reflect.Method.invoke(Method.java:498)
	at org.junit.runners.model.FrameworkMethod$1.runReflectiveCall(FrameworkMethod.java:50)
	at org.junit.internal.runners.model.ReflectiveCallable.run(ReflectiveCallable.java:12)
	at org.junit.runners.model.FrameworkMethod.invokeExplosively(FrameworkMethod.java:47)
	at mockit.integration.junit4.JUnit4TestRunnerDecorator.invokeExplosively(JUnit4TestRunnerDecorator.java:49)
	at mockit.integration.junit4.FakeFrameworkMethod.invokeExplosively(FakeFrameworkMethod.java:29)
	at org.junit.runners.model.FrameworkMethod.invokeExplosively(FrameworkMethod.java)
	at org.junit.internal.runners.statements.RunBefores.evaluate(RunBefores.java:24)
	at org.junit.internal.runners.statements.RunAfters.evaluate(RunAfters.java:27)
	at org.junit.rules.TestWatcher$1.evaluate(TestWatcher.java:55)
	at org.junit.rules.RunRules.evaluate(RunRules.java:20)
	at org.junit.runners.ParentRunner.runLeaf(ParentRunner.java:325)
	at org.junit.runners.BlockJUnit4ClassRunner.runChild(BlockJUnit4ClassRunner.java:78)
	at org.junit.runners.BlockJUnit4ClassRunner.runChild(BlockJUnit4ClassRunner.java:57)
	at org.junit.runners.ParentRunner$3.run(ParentRunner.java:290)
	at org.junit.runners.ParentRunner$1.schedule(ParentRunner.java:71)
	at org.junit.runners.ParentRunner.runChildren(ParentRunner.java:288)
	at org.junit.runners.ParentRunner.access$000(ParentRunner.java:58)
	at org.junit.runners.ParentRunner$2.evaluate(ParentRunner.java:268)
	at org.junit.internal.runners.statements.RunBefores.evaluate(RunBefores.java:26)
	at org.junit.runners.ParentRunner.run(ParentRunner.java:363)
	at org.apache.maven.surefire.junit4.JUnit4Provider.execute(JUnit4Provider.java:365)
	at org.apache.maven.surefire.junit4.JUnit4Provider.executeWithRerun(JUnit4Provider.java:273)
	at org.apache.maven.surefire.junit4.JUnit4Provider.executeTestSet(JUnit4Provider.java:238)
	at org.apache.maven.surefire.junit4.JUnit4Provider.invoke(JUnit4Provider.java:159)
	at org.apache.maven.surefire.booter.ForkedBooter.invokeProviderInSameClassLoader(ForkedBooter.java:384)
	at org.apache.maven.surefire.booter.ForkedBooter.runSuitesInProcess(ForkedBooter.java:345)
	at org.apache.maven.surefire.booter.ForkedBooter.execute(ForkedBooter.java:126)
	at org.apache.maven.surefire.booter.ForkedBooter.main(ForkedBooter.java:418)
2020-06-22 14:22:57,595 [myid:] - ERROR [main:ZKTrustManager@162] - Failed to verify hostname: activate.navicat.com
javax.net.ssl.SSLPeerUnverifiedException: Certificate for <activate.navicat.com> doesn't match common name of the certificate subject: localhost
	at org.apache.zookeeper.common.ZKHostnameVerifier.matchCN(ZKHostnameVerifier.java:238)
	at org.apache.zookeeper.common.ZKHostnameVerifier.verify(ZKHostnameVerifier.java:184)
	at org.apache.zookeeper.common.ZKTrustManager.performHostVerification(ZKTrustManager.java:159)
	at org.apache.zookeeper.common.ZKTrustManager.checkServerTrusted(ZKTrustManager.java:90)
	at sun.security.ssl.ClientHandshaker.serverCertificate(ClientHandshaker.java:1670)
	at sun.security.ssl.ClientHandshaker.processMessage(ClientHandshaker.java:226)
	at sun.security.ssl.Handshaker.processLoop(Handshaker.java:1082)
	at sun.security.ssl.Handshaker.process_record(Handshaker.java:1010)
	at sun.security.ssl.SSLSocketImpl.readRecord(SSLSocketImpl.java:1079)
	at sun.security.ssl.SSLSocketImpl.performInitialHandshake(SSLSocketImpl.java:1388)
	at sun.security.ssl.SSLSocketImpl.startHandshake(SSLSocketImpl.java:1416)
	at sun.security.ssl.SSLSocketImpl.startHandshake(SSLSocketImpl.java:1400)
	at org.apache.zookeeper.client.FourLetterWordMain.send4LetterWord(FourLetterWordMain.java:105)
	at org.apache.zookeeper.client.FourLetterWordMain.send4LetterWord(FourLetterWordMain.java:73)
	at org.apache.zookeeper.test.ClientBase.waitForServerUp(ClientBase.java:261)
	at org.apache.zookeeper.test.ClientBase.startServerInstance(ClientBase.java:401)
	at org.apache.zookeeper.test.ClientBase.startServer(ClientBase.java:516)
	at org.apache.zookeeper.test.ClientBase.setUpWithServerId(ClientBase.java:499)
	at org.apache.zookeeper.test.ClientBase.setUp(ClientBase.java:474)
	at org.apache.zookeeper.test.SaslDigestAuthOverSSLTest.setUp(SaslDigestAuthOverSSLTest.java:62)
	at sun.reflect.NativeMethodAccessorImpl.invoke0(Native Method)
	at sun.reflect.NativeMethodAccessorImpl.invoke(NativeMethodAccessorImpl.java:62)
	at sun.reflect.DelegatingMethodAccessorImpl.invoke(DelegatingMethodAccessorImpl.java:43)
	at java.lang.reflect.Method.invoke(Method.java:498)
	at org.junit.runners.model.FrameworkMethod$1.runReflectiveCall(FrameworkMethod.java:50)
	at org.junit.internal.runners.model.ReflectiveCallable.run(ReflectiveCallable.java:12)
	at org.junit.runners.model.FrameworkMethod.invokeExplosively(FrameworkMethod.java:47)
	at mockit.integration.junit4.JUnit4TestRunnerDecorator.invokeExplosively(JUnit4TestRunnerDecorator.java:49)
	at mockit.integration.junit4.FakeFrameworkMethod.invokeExplosively(FakeFrameworkMethod.java:29)
	at org.junit.runners.model.FrameworkMethod.invokeExplosively(FrameworkMethod.java)
	at org.junit.internal.runners.statements.RunBefores.evaluate(RunBefores.java:24)
	at org.junit.internal.runners.statements.RunAfters.evaluate(RunAfters.java:27)
	at org.junit.rules.TestWatcher$1.evaluate(TestWatcher.java:55)
	at org.junit.rules.RunRules.evaluate(RunRules.java:20)
	at org.junit.runners.ParentRunner.runLeaf(ParentRunner.java:325)
	at org.junit.runners.BlockJUnit4ClassRunner.runChild(BlockJUnit4ClassRunner.java:78)
	at org.junit.runners.BlockJUnit4ClassRunner.runChild(BlockJUnit4ClassRunner.java:57)
	at org.junit.runners.ParentRunner$3.run(ParentRunner.java:290)
	at org.junit.runners.ParentRunner$1.schedule(ParentRunner.java:71)
	at org.junit.runners.ParentRunner.runChildren(ParentRunner.java:288)
	at org.junit.runners.ParentRunner.access$000(ParentRunner.java:58)
	at org.junit.runners.ParentRunner$2.evaluate(ParentRunner.java:268)
	at org.junit.internal.runners.statements.RunBefores.evaluate(RunBefores.java:26)
	at org.junit.runners.ParentRunner.run(ParentRunner.java:363)
	at org.apache.maven.surefire.junit4.JUnit4Provider.execute(JUnit4Provider.java:365)
	at org.apache.maven.surefire.junit4.JUnit4Provider.executeWithRerun(JUnit4Provider.java:273)
	at org.apache.maven.surefire.junit4.JUnit4Provider.executeTestSet(JUnit4Provider.java:238)
	at org.apache.maven.surefire.junit4.JUnit4Provider.invoke(JUnit4Provider.java:159)
	at org.apache.maven.surefire.booter.ForkedBooter.invokeProviderInSameClassLoader(ForkedBooter.java:384)
	at org.apache.maven.surefire.booter.ForkedBooter.runSuitesInProcess(ForkedBooter.java:345)
	at org.apache.maven.surefire.booter.ForkedBooter.execute(ForkedBooter.java:126)
	at org.apache.maven.surefire.booter.ForkedBooter.main(ForkedBooter.java:418)
2020-06-22 14:22:57,595 [myid:] - INFO  [main:ClientBase@270] - server 127.0.0.1:21995 not up
javax.net.ssl.SSLHandshakeException: java.security.cert.CertificateException: Failed to verify both host address and host name
	at sun.security.ssl.Alerts.getSSLException(Alerts.java:198)
	at sun.security.ssl.SSLSocketImpl.fatal(SSLSocketImpl.java:1967)
	at sun.security.ssl.Handshaker.fatalSE(Handshaker.java:331)
	at sun.security.ssl.Handshaker.fatalSE(Handshaker.java:325)
	at sun.security.ssl.ClientHandshaker.serverCertificate(ClientHandshaker.java:1688)
	at sun.security.ssl.ClientHandshaker.processMessage(ClientHandshaker.java:226)
	at sun.security.ssl.Handshaker.processLoop(Handshaker.java:1082)
	at sun.security.ssl.Handshaker.process_record(Handshaker.java:1010)
	at sun.security.ssl.SSLSocketImpl.readRecord(SSLSocketImpl.java:1079)
	at sun.security.ssl.SSLSocketImpl.performInitialHandshake(SSLSocketImpl.java:1388)
	at sun.security.ssl.SSLSocketImpl.startHandshake(SSLSocketImpl.java:1416)
	at sun.security.ssl.SSLSocketImpl.startHandshake(SSLSocketImpl.java:1400)
	at org.apache.zookeeper.client.FourLetterWordMain.send4LetterWord(FourLetterWordMain.java:105)
	at org.apache.zookeeper.client.FourLetterWordMain.send4LetterWord(FourLetterWordMain.java:73)
	at org.apache.zookeeper.test.ClientBase.waitForServerUp(ClientBase.java:261)
	at org.apache.zookeeper.test.ClientBase.startServerInstance(ClientBase.java:401)
	at org.apache.zookeeper.test.ClientBase.startServer(ClientBase.java:516)
	at org.apache.zookeeper.test.ClientBase.setUpWithServerId(ClientBase.java:499)
	at org.apache.zookeeper.test.ClientBase.setUp(ClientBase.java:474)
	at org.apache.zookeeper.test.SaslDigestAuthOverSSLTest.setUp(SaslDigestAuthOverSSLTest.java:62)
	at sun.reflect.NativeMethodAccessorImpl.invoke0(Native Method)
	at sun.reflect.NativeMethodAccessorImpl.invoke(NativeMethodAccessorImpl.java:62)
	at sun.reflect.DelegatingMethodAccessorImpl.invoke(DelegatingMethodAccessorImpl.java:43)
	at java.lang.reflect.Method.invoke(Method.java:498)
	at org.junit.runners.model.FrameworkMethod$1.runReflectiveCall(FrameworkMethod.java:50)
	at org.junit.internal.runners.model.ReflectiveCallable.run(ReflectiveCallable.java:12)
	at org.junit.runners.model.FrameworkMethod.invokeExplosively(FrameworkMethod.java:47)
	at mockit.integration.junit4.JUnit4TestRunnerDecorator.invokeExplosively(JUnit4TestRunnerDecorator.java:49)
	at mockit.integration.junit4.FakeFrameworkMethod.invokeExplosively(FakeFrameworkMethod.java:29)
	at org.junit.runners.model.FrameworkMethod.invokeExplosively(FrameworkMethod.java)
	at org.junit.internal.runners.statements.RunBefores.evaluate(RunBefores.java:24)
	at org.junit.internal.runners.statements.RunAfters.evaluate(RunAfters.java:27)
	at org.junit.rules.TestWatcher$1.evaluate(TestWatcher.java:55)
	at org.junit.rules.RunRules.evaluate(RunRules.java:20)
	at org.junit.runners.ParentRunner.runLeaf(ParentRunner.java:325)
	at org.junit.runners.BlockJUnit4ClassRunner.runChild(BlockJUnit4ClassRunner.java:78)
	at org.junit.runners.BlockJUnit4ClassRunner.runChild(BlockJUnit4ClassRunner.java:57)
	at org.junit.runners.ParentRunner$3.run(ParentRunner.java:290)
	at org.junit.runners.ParentRunner$1.schedule(ParentRunner.java:71)
	at org.junit.runners.ParentRunner.runChildren(ParentRunner.java:288)
	at org.junit.runners.ParentRunner.access$000(ParentRunner.java:58)
	at org.junit.runners.ParentRunner$2.evaluate(ParentRunner.java:268)
	at org.junit.internal.runners.statements.RunBefores.evaluate(RunBefores.java:26)
	at org.junit.runners.ParentRunner.run(ParentRunner.java:363)
	at org.apache.maven.surefire.junit4.JUnit4Provider.execute(JUnit4Provider.java:365)
	at org.apache.maven.surefire.junit4.JUnit4Provider.executeWithRerun(JUnit4Provider.java:273)
	at org.apache.maven.surefire.junit4.JUnit4Provider.executeTestSet(JUnit4Provider.java:238)
	at org.apache.maven.surefire.junit4.JUnit4Provider.invoke(JUnit4Provider.java:159)
	at org.apache.maven.surefire.booter.ForkedBooter.invokeProviderInSameClassLoader(ForkedBooter.java:384)
	at org.apache.maven.surefire.booter.ForkedBooter.runSuitesInProcess(ForkedBooter.java:345)
	at org.apache.maven.surefire.booter.ForkedBooter.execute(ForkedBooter.java:126)
	at org.apache.maven.surefire.booter.ForkedBooter.main(ForkedBooter.java:418)
Caused by: java.security.cert.CertificateException: Failed to verify both host address and host name
	at org.apache.zookeeper.common.ZKTrustManager.performHostVerification(ZKTrustManager.java:163)
	at org.apache.zookeeper.common.ZKTrustManager.checkServerTrusted(ZKTrustManager.java:90)
	at sun.security.ssl.ClientHandshaker.serverCertificate(ClientHandshaker.java:1670)
	... 47 more
Caused by: javax.net.ssl.SSLPeerUnverifiedException: Certificate for <activate.navicat.com> doesn't match common name of the certificate subject: localhost
	at org.apache.zookeeper.common.ZKHostnameVerifier.matchCN(ZKHostnameVerifier.java:238)
	at org.apache.zookeeper.common.ZKHostnameVerifier.verify(ZKHostnameVerifier.java:184)
	at org.apache.zookeeper.common.ZKTrustManager.performHostVerification(ZKTrustManager.java:159)
	... 49 more
2020-06-22 14:22:57,595 [myid:] - ERROR [nioEventLoopGroup-4-12:NettyServerCnxnFactory$CertificateVerifier@434] - Unsuccessful handshake with session 0x0
2020-06-22 14:22:57,596 [myid:] - WARN  [nioEventLoopGroup-4-12:NettyServerCnxnFactory$CnxnChannelHandler@273] - Exception caught
io.netty.handler.codec.DecoderException: javax.net.ssl.SSLException: Received fatal alert: certificate_unknown
	at io.netty.handler.codec.ByteToMessageDecoder.callDecode(ByteToMessageDecoder.java:468)
	at io.netty.handler.codec.ByteToMessageDecoder.channelRead(ByteToMessageDecoder.java:276)
	at io.netty.channel.AbstractChannelHandlerContext.invokeChannelRead(AbstractChannelHandlerContext.java:379)
	at io.netty.channel.AbstractChannelHandlerContext.invokeChannelRead(AbstractChannelHandlerContext.java:365)
	at io.netty.channel.AbstractChannelHandlerContext.fireChannelRead(AbstractChannelHandlerContext.java:357)
	at io.netty.channel.DefaultChannelPipeline$HeadContext.channelRead(DefaultChannelPipeline.java:1410)
	at io.netty.channel.AbstractChannelHandlerContext.invokeChannelRead(AbstractChannelHandlerContext.java:379)
	at io.netty.channel.AbstractChannelHandlerContext.invokeChannelRead(AbstractChannelHandlerContext.java:365)
	at io.netty.channel.DefaultChannelPipeline.fireChannelRead(DefaultChannelPipeline.java:919)
	at io.netty.channel.nio.AbstractNioByteChannel$NioByteUnsafe.read(AbstractNioByteChannel.java:163)
	at io.netty.channel.nio.NioEventLoop.processSelectedKey(NioEventLoop.java:714)
	at io.netty.channel.nio.NioEventLoop.processSelectedKeysOptimized(NioEventLoop.java:650)
	at io.netty.channel.nio.NioEventLoop.processSelectedKeys(NioEventLoop.java:576)
	at io.netty.channel.nio.NioEventLoop.run(NioEventLoop.java:493)
	at io.netty.util.concurrent.SingleThreadEventExecutor$4.run(SingleThreadEventExecutor.java:989)
	at io.netty.util.internal.ThreadExecutorMap$2.run(ThreadExecutorMap.java:74)
	at io.netty.util.concurrent.FastThreadLocalRunnable.run(FastThreadLocalRunnable.java:30)
	at java.lang.Thread.run(Thread.java:748)
Caused by: javax.net.ssl.SSLException: Received fatal alert: certificate_unknown
	at sun.security.ssl.Alerts.getSSLException(Alerts.java:214)
	at sun.security.ssl.SSLEngineImpl.fatal(SSLEngineImpl.java:1667)
	at sun.security.ssl.SSLEngineImpl.fatal(SSLEngineImpl.java:1635)
	at sun.security.ssl.SSLEngineImpl.recvAlert(SSLEngineImpl.java:1801)
	at sun.security.ssl.SSLEngineImpl.readRecord(SSLEngineImpl.java:1090)
	at sun.security.ssl.SSLEngineImpl.readNetRecord(SSLEngineImpl.java:913)
	at sun.security.ssl.SSLEngineImpl.unwrap(SSLEngineImpl.java:783)
	at javax.net.ssl.SSLEngine.unwrap(SSLEngine.java:626)
	at io.netty.handler.ssl.SslHandler$SslEngineType$3.unwrap(SslHandler.java:281)
	at io.netty.handler.ssl.SslHandler.unwrap(SslHandler.java:1340)
	at io.netty.handler.ssl.SslHandler.decodeJdkCompatible(SslHandler.java:1235)
	at io.netty.handler.ssl.SslHandler.decode(SslHandler.java:1282)
	at io.netty.handler.codec.ByteToMessageDecoder.decodeRemovalReentryProtection(ByteToMessageDecoder.java:498)
	at io.netty.handler.codec.ByteToMessageDecoder.callDecode(ByteToMessageDecoder.java:437)
	... 17 more
2020-06-22 14:22:57,596 [myid:] - WARN  [nioEventLoopGroup-4-12:NettyServerCnxnFactory$CnxnChannelHandler@273] - Exception caught
io.netty.handler.codec.DecoderException: javax.net.ssl.SSLException: Received fatal alert: certificate_unknown
	at io.netty.handler.codec.ByteToMessageDecoder.callDecode(ByteToMessageDecoder.java:468)
	at io.netty.handler.codec.ByteToMessageDecoder.channelInputClosed(ByteToMessageDecoder.java:401)
	at io.netty.handler.codec.ByteToMessageDecoder.channelInputClosed(ByteToMessageDecoder.java:368)
	at io.netty.handler.codec.ByteToMessageDecoder.channelInactive(ByteToMessageDecoder.java:351)
	at io.netty.handler.ssl.SslHandler.channelInactive(SslHandler.java:1084)
	at io.netty.channel.AbstractChannelHandlerContext.invokeChannelInactive(AbstractChannelHandlerContext.java:262)
	at io.netty.channel.AbstractChannelHandlerContext.invokeChannelInactive(AbstractChannelHandlerContext.java:248)
	at io.netty.channel.AbstractChannelHandlerContext.fireChannelInactive(AbstractChannelHandlerContext.java:241)
	at io.netty.channel.DefaultChannelPipeline$HeadContext.channelInactive(DefaultChannelPipeline.java:1405)
	at io.netty.channel.AbstractChannelHandlerContext.invokeChannelInactive(AbstractChannelHandlerContext.java:262)
	at io.netty.channel.AbstractChannelHandlerContext.invokeChannelInactive(AbstractChannelHandlerContext.java:248)
	at io.netty.channel.DefaultChannelPipeline.fireChannelInactive(DefaultChannelPipeline.java:901)
	at io.netty.channel.AbstractChannel$AbstractUnsafe$8.run(AbstractChannel.java:818)
	at io.netty.util.concurrent.AbstractEventExecutor.safeExecute(AbstractEventExecutor.java:164)
	at io.netty.util.concurrent.SingleThreadEventExecutor.runAllTasks(SingleThreadEventExecutor.java:472)
	at io.netty.channel.nio.NioEventLoop.run(NioEventLoop.java:497)
	at io.netty.util.concurrent.SingleThreadEventExecutor$4.run(SingleThreadEventExecutor.java:989)
	at io.netty.util.internal.ThreadExecutorMap$2.run(ThreadExecutorMap.java:74)
	at io.netty.util.concurrent.FastThreadLocalRunnable.run(FastThreadLocalRunnable.java:30)
	at java.lang.Thread.run(Thread.java:748)
Caused by: javax.net.ssl.SSLException: Received fatal alert: certificate_unknown
	at sun.security.ssl.Alerts.getSSLException(Alerts.java:214)
	at sun.security.ssl.SSLEngineImpl.fatal(SSLEngineImpl.java:1667)
	at sun.security.ssl.SSLEngineImpl.fatal(SSLEngineImpl.java:1635)
	at sun.security.ssl.SSLEngineImpl.recvAlert(SSLEngineImpl.java:1801)
	at sun.security.ssl.SSLEngineImpl.readRecord(SSLEngineImpl.java:1090)
	at sun.security.ssl.SSLEngineImpl.readNetRecord(SSLEngineImpl.java:913)
	at sun.security.ssl.SSLEngineImpl.unwrap(SSLEngineImpl.java:783)
	at javax.net.ssl.SSLEngine.unwrap(SSLEngine.java:626)
	at io.netty.handler.ssl.SslHandler$SslEngineType$3.unwrap(SslHandler.java:281)
	at io.netty.handler.ssl.SslHandler.unwrap(SslHandler.java:1340)
	at io.netty.handler.ssl.SslHandler.decodeJdkCompatible(SslHandler.java:1235)
	at io.netty.handler.ssl.SslHandler.decode(SslHandler.java:1282)
	at io.netty.handler.codec.ByteToMessageDecoder.decodeRemovalReentryProtection(ByteToMessageDecoder.java:498)
	at io.netty.handler.codec.ByteToMessageDecoder.callDecode(ByteToMessageDecoder.java:437)
	... 19 more
2020-06-22 14:22:57,847 [myid:] - INFO  [main:FourLetterWordMain@93] - connecting to 127.0.0.1 21995
2020-06-22 14:22:57,847 [myid:] - INFO  [main:FourLetterWordMain@99] - using secure socket
2020-06-22 14:22:57,854 [myid:] - ERROR [main:ZKTrustManager@161] - Failed to verify host address: 127.0.0.1
javax.net.ssl.SSLPeerUnverifiedException: Certificate for <127.0.0.1> doesn't match common name of the certificate subject: localhost
	at org.apache.zookeeper.common.ZKHostnameVerifier.matchCN(ZKHostnameVerifier.java:238)
	at org.apache.zookeeper.common.ZKHostnameVerifier.verify(ZKHostnameVerifier.java:184)
	at org.apache.zookeeper.common.ZKTrustManager.performHostVerification(ZKTrustManager.java:151)
	at org.apache.zookeeper.common.ZKTrustManager.checkServerTrusted(ZKTrustManager.java:90)
	at sun.security.ssl.ClientHandshaker.serverCertificate(ClientHandshaker.java:1670)
	at sun.security.ssl.ClientHandshaker.processMessage(ClientHandshaker.java:226)
	at sun.security.ssl.Handshaker.processLoop(Handshaker.java:1082)
	at sun.security.ssl.Handshaker.process_record(Handshaker.java:1010)
	at sun.security.ssl.SSLSocketImpl.readRecord(SSLSocketImpl.java:1079)
	at sun.security.ssl.SSLSocketImpl.performInitialHandshake(SSLSocketImpl.java:1388)
	at sun.security.ssl.SSLSocketImpl.startHandshake(SSLSocketImpl.java:1416)
	at sun.security.ssl.SSLSocketImpl.startHandshake(SSLSocketImpl.java:1400)
	at org.apache.zookeeper.client.FourLetterWordMain.send4LetterWord(FourLetterWordMain.java:105)
	at org.apache.zookeeper.client.FourLetterWordMain.send4LetterWord(FourLetterWordMain.java:73)
	at org.apache.zookeeper.test.ClientBase.waitForServerUp(ClientBase.java:261)
	at org.apache.zookeeper.test.ClientBase.startServerInstance(ClientBase.java:401)
	at org.apache.zookeeper.test.ClientBase.startServer(ClientBase.java:516)
	at org.apache.zookeeper.test.ClientBase.setUpWithServerId(ClientBase.java:499)
	at org.apache.zookeeper.test.ClientBase.setUp(ClientBase.java:474)
	at org.apache.zookeeper.test.SaslDigestAuthOverSSLTest.setUp(SaslDigestAuthOverSSLTest.java:62)
	at sun.reflect.NativeMethodAccessorImpl.invoke0(Native Method)
	at sun.reflect.NativeMethodAccessorImpl.invoke(NativeMethodAccessorImpl.java:62)
	at sun.reflect.DelegatingMethodAccessorImpl.invoke(DelegatingMethodAccessorImpl.java:43)
	at java.lang.reflect.Method.invoke(Method.java:498)
	at org.junit.runners.model.FrameworkMethod$1.runReflectiveCall(FrameworkMethod.java:50)
	at org.junit.internal.runners.model.ReflectiveCallable.run(ReflectiveCallable.java:12)
	at org.junit.runners.model.FrameworkMethod.invokeExplosively(FrameworkMethod.java:47)
	at mockit.integration.junit4.JUnit4TestRunnerDecorator.invokeExplosively(JUnit4TestRunnerDecorator.java:49)
	at mockit.integration.junit4.FakeFrameworkMethod.invokeExplosively(FakeFrameworkMethod.java:29)
	at org.junit.runners.model.FrameworkMethod.invokeExplosively(FrameworkMethod.java)
	at org.junit.internal.runners.statements.RunBefores.evaluate(RunBefores.java:24)
	at org.junit.internal.runners.statements.RunAfters.evaluate(RunAfters.java:27)
	at org.junit.rules.TestWatcher$1.evaluate(TestWatcher.java:55)
	at org.junit.rules.RunRules.evaluate(RunRules.java:20)
	at org.junit.runners.ParentRunner.runLeaf(ParentRunner.java:325)
	at org.junit.runners.BlockJUnit4ClassRunner.runChild(BlockJUnit4ClassRunner.java:78)
	at org.junit.runners.BlockJUnit4ClassRunner.runChild(BlockJUnit4ClassRunner.java:57)
	at org.junit.runners.ParentRunner$3.run(ParentRunner.java:290)
	at org.junit.runners.ParentRunner$1.schedule(ParentRunner.java:71)
	at org.junit.runners.ParentRunner.runChildren(ParentRunner.java:288)
	at org.junit.runners.ParentRunner.access$000(ParentRunner.java:58)
	at org.junit.runners.ParentRunner$2.evaluate(ParentRunner.java:268)
	at org.junit.internal.runners.statements.RunBefores.evaluate(RunBefores.java:26)
	at org.junit.runners.ParentRunner.run(ParentRunner.java:363)
	at org.apache.maven.surefire.junit4.JUnit4Provider.execute(JUnit4Provider.java:365)
	at org.apache.maven.surefire.junit4.JUnit4Provider.executeWithRerun(JUnit4Provider.java:273)
	at org.apache.maven.surefire.junit4.JUnit4Provider.executeTestSet(JUnit4Provider.java:238)
	at org.apache.maven.surefire.junit4.JUnit4Provider.invoke(JUnit4Provider.java:159)
	at org.apache.maven.surefire.booter.ForkedBooter.invokeProviderInSameClassLoader(ForkedBooter.java:384)
	at org.apache.maven.surefire.booter.ForkedBooter.runSuitesInProcess(ForkedBooter.java:345)
	at org.apache.maven.surefire.booter.ForkedBooter.execute(ForkedBooter.java:126)
	at org.apache.maven.surefire.booter.ForkedBooter.main(ForkedBooter.java:418)
2020-06-22 14:22:57,854 [myid:] - ERROR [main:ZKTrustManager@162] - Failed to verify hostname: activate.navicat.com
javax.net.ssl.SSLPeerUnverifiedException: Certificate for <activate.navicat.com> doesn't match common name of the certificate subject: localhost
	at org.apache.zookeeper.common.ZKHostnameVerifier.matchCN(ZKHostnameVerifier.java:238)
	at org.apache.zookeeper.common.ZKHostnameVerifier.verify(ZKHostnameVerifier.java:184)
	at org.apache.zookeeper.common.ZKTrustManager.performHostVerification(ZKTrustManager.java:159)
	at org.apache.zookeeper.common.ZKTrustManager.checkServerTrusted(ZKTrustManager.java:90)
	at sun.security.ssl.ClientHandshaker.serverCertificate(ClientHandshaker.java:1670)
	at sun.security.ssl.ClientHandshaker.processMessage(ClientHandshaker.java:226)
	at sun.security.ssl.Handshaker.processLoop(Handshaker.java:1082)
	at sun.security.ssl.Handshaker.process_record(Handshaker.java:1010)
	at sun.security.ssl.SSLSocketImpl.readRecord(SSLSocketImpl.java:1079)
	at sun.security.ssl.SSLSocketImpl.performInitialHandshake(SSLSocketImpl.java:1388)
	at sun.security.ssl.SSLSocketImpl.startHandshake(SSLSocketImpl.java:1416)
	at sun.security.ssl.SSLSocketImpl.startHandshake(SSLSocketImpl.java:1400)
	at org.apache.zookeeper.client.FourLetterWordMain.send4LetterWord(FourLetterWordMain.java:105)
	at org.apache.zookeeper.client.FourLetterWordMain.send4LetterWord(FourLetterWordMain.java:73)
	at org.apache.zookeeper.test.ClientBase.waitForServerUp(ClientBase.java:261)
	at org.apache.zookeeper.test.ClientBase.startServerInstance(ClientBase.java:401)
	at org.apache.zookeeper.test.ClientBase.startServer(ClientBase.java:516)
	at org.apache.zookeeper.test.ClientBase.setUpWithServerId(ClientBase.java:499)
	at org.apache.zookeeper.test.ClientBase.setUp(ClientBase.java:474)
	at org.apache.zookeeper.test.SaslDigestAuthOverSSLTest.setUp(SaslDigestAuthOverSSLTest.java:62)
	at sun.reflect.NativeMethodAccessorImpl.invoke0(Native Method)
	at sun.reflect.NativeMethodAccessorImpl.invoke(NativeMethodAccessorImpl.java:62)
	at sun.reflect.DelegatingMethodAccessorImpl.invoke(DelegatingMethodAccessorImpl.java:43)
	at java.lang.reflect.Method.invoke(Method.java:498)
	at org.junit.runners.model.FrameworkMethod$1.runReflectiveCall(FrameworkMethod.java:50)
	at org.junit.internal.runners.model.ReflectiveCallable.run(ReflectiveCallable.java:12)
	at org.junit.runners.model.FrameworkMethod.invokeExplosively(FrameworkMethod.java:47)
	at mockit.integration.junit4.JUnit4TestRunnerDecorator.invokeExplosively(JUnit4TestRunnerDecorator.java:49)
	at mockit.integration.junit4.FakeFrameworkMethod.invokeExplosively(FakeFrameworkMethod.java:29)
	at org.junit.runners.model.FrameworkMethod.invokeExplosively(FrameworkMethod.java)
	at org.junit.internal.runners.statements.RunBefores.evaluate(RunBefores.java:24)
	at org.junit.internal.runners.statements.RunAfters.evaluate(RunAfters.java:27)
	at org.junit.rules.TestWatcher$1.evaluate(TestWatcher.java:55)
	at org.junit.rules.RunRules.evaluate(RunRules.java:20)
	at org.junit.runners.ParentRunner.runLeaf(ParentRunner.java:325)
	at org.junit.runners.BlockJUnit4ClassRunner.runChild(BlockJUnit4ClassRunner.java:78)
	at org.junit.runners.BlockJUnit4ClassRunner.runChild(BlockJUnit4ClassRunner.java:57)
	at org.junit.runners.ParentRunner$3.run(ParentRunner.java:290)
	at org.junit.runners.ParentRunner$1.schedule(ParentRunner.java:71)
	at org.junit.runners.ParentRunner.runChildren(ParentRunner.java:288)
	at org.junit.runners.ParentRunner.access$000(ParentRunner.java:58)
	at org.junit.runners.ParentRunner$2.evaluate(ParentRunner.java:268)
	at org.junit.internal.runners.statements.RunBefores.evaluate(RunBefores.java:26)
	at org.junit.runners.ParentRunner.run(ParentRunner.java:363)
	at org.apache.maven.surefire.junit4.JUnit4Provider.execute(JUnit4Provider.java:365)
	at org.apache.maven.surefire.junit4.JUnit4Provider.executeWithRerun(JUnit4Provider.java:273)
	at org.apache.maven.surefire.junit4.JUnit4Provider.executeTestSet(JUnit4Provider.java:238)
	at org.apache.maven.surefire.junit4.JUnit4Provider.invoke(JUnit4Provider.java:159)
	at org.apache.maven.surefire.booter.ForkedBooter.invokeProviderInSameClassLoader(ForkedBooter.java:384)
	at org.apache.maven.surefire.booter.ForkedBooter.runSuitesInProcess(ForkedBooter.java:345)
	at org.apache.maven.surefire.booter.ForkedBooter.execute(ForkedBooter.java:126)
	at org.apache.maven.surefire.booter.ForkedBooter.main(ForkedBooter.java:418)
2020-06-22 14:22:57,855 [myid:] - INFO  [main:ClientBase@270] - server 127.0.0.1:21995 not up
javax.net.ssl.SSLHandshakeException: java.security.cert.CertificateException: Failed to verify both host address and host name
	at sun.security.ssl.Alerts.getSSLException(Alerts.java:198)
	at sun.security.ssl.SSLSocketImpl.fatal(SSLSocketImpl.java:1967)
	at sun.security.ssl.Handshaker.fatalSE(Handshaker.java:331)
	at sun.security.ssl.Handshaker.fatalSE(Handshaker.java:325)
	at sun.security.ssl.ClientHandshaker.serverCertificate(ClientHandshaker.java:1688)
	at sun.security.ssl.ClientHandshaker.processMessage(ClientHandshaker.java:226)
	at sun.security.ssl.Handshaker.processLoop(Handshaker.java:1082)
	at sun.security.ssl.Handshaker.process_record(Handshaker.java:1010)
	at sun.security.ssl.SSLSocketImpl.readRecord(SSLSocketImpl.java:1079)
	at sun.security.ssl.SSLSocketImpl.performInitialHandshake(SSLSocketImpl.java:1388)
	at sun.security.ssl.SSLSocketImpl.startHandshake(SSLSocketImpl.java:1416)
	at sun.security.ssl.SSLSocketImpl.startHandshake(SSLSocketImpl.java:1400)
	at org.apache.zookeeper.client.FourLetterWordMain.send4LetterWord(FourLetterWordMain.java:105)
	at org.apache.zookeeper.client.FourLetterWordMain.send4LetterWord(FourLetterWordMain.java:73)
	at org.apache.zookeeper.test.ClientBase.waitForServerUp(ClientBase.java:261)
	at org.apache.zookeeper.test.ClientBase.startServerInstance(ClientBase.java:401)
	at org.apache.zookeeper.test.ClientBase.startServer(ClientBase.java:516)
	at org.apache.zookeeper.test.ClientBase.setUpWithServerId(ClientBase.java:499)
	at org.apache.zookeeper.test.ClientBase.setUp(ClientBase.java:474)
	at org.apache.zookeeper.test.SaslDigestAuthOverSSLTest.setUp(SaslDigestAuthOverSSLTest.java:62)
	at sun.reflect.NativeMethodAccessorImpl.invoke0(Native Method)
	at sun.reflect.NativeMethodAccessorImpl.invoke(NativeMethodAccessorImpl.java:62)
	at sun.reflect.DelegatingMethodAccessorImpl.invoke(DelegatingMethodAccessorImpl.java:43)
	at java.lang.reflect.Method.invoke(Method.java:498)
	at org.junit.runners.model.FrameworkMethod$1.runReflectiveCall(FrameworkMethod.java:50)
	at org.junit.internal.runners.model.ReflectiveCallable.run(ReflectiveCallable.java:12)
	at org.junit.runners.model.FrameworkMethod.invokeExplosively(FrameworkMethod.java:47)
	at mockit.integration.junit4.JUnit4TestRunnerDecorator.invokeExplosively(JUnit4TestRunnerDecorator.java:49)
	at mockit.integration.junit4.FakeFrameworkMethod.invokeExplosively(FakeFrameworkMethod.java:29)
	at org.junit.runners.model.FrameworkMethod.invokeExplosively(FrameworkMethod.java)
	at org.junit.internal.runners.statements.RunBefores.evaluate(RunBefores.java:24)
	at org.junit.internal.runners.statements.RunAfters.evaluate(RunAfters.java:27)
	at org.junit.rules.TestWatcher$1.evaluate(TestWatcher.java:55)
	at org.junit.rules.RunRules.evaluate(RunRules.java:20)
	at org.junit.runners.ParentRunner.runLeaf(ParentRunner.java:325)
	at org.junit.runners.BlockJUnit4ClassRunner.runChild(BlockJUnit4ClassRunner.java:78)
	at org.junit.runners.BlockJUnit4ClassRunner.runChild(BlockJUnit4ClassRunner.java:57)
	at org.junit.runners.ParentRunner$3.run(ParentRunner.java:290)
	at org.junit.runners.ParentRunner$1.schedule(ParentRunner.java:71)
	at org.junit.runners.ParentRunner.runChildren(ParentRunner.java:288)
	at org.junit.runners.ParentRunner.access$000(ParentRunner.java:58)
	at org.junit.runners.ParentRunner$2.evaluate(ParentRunner.java:268)
	at org.junit.internal.runners.statements.RunBefores.evaluate(RunBefores.java:26)
	at org.junit.runners.ParentRunner.run(ParentRunner.java:363)
	at org.apache.maven.surefire.junit4.JUnit4Provider.execute(JUnit4Provider.java:365)
	at org.apache.maven.surefire.junit4.JUnit4Provider.executeWithRerun(JUnit4Provider.java:273)
	at org.apache.maven.surefire.junit4.JUnit4Provider.executeTestSet(JUnit4Provider.java:238)
	at org.apache.maven.surefire.junit4.JUnit4Provider.invoke(JUnit4Provider.java:159)
	at org.apache.maven.surefire.booter.ForkedBooter.invokeProviderInSameClassLoader(ForkedBooter.java:384)
	at org.apache.maven.surefire.booter.ForkedBooter.runSuitesInProcess(ForkedBooter.java:345)
	at org.apache.maven.surefire.booter.ForkedBooter.execute(ForkedBooter.java:126)
	at org.apache.maven.surefire.booter.ForkedBooter.main(ForkedBooter.java:418)
Caused by: java.security.cert.CertificateException: Failed to verify both host address and host name
	at org.apache.zookeeper.common.ZKTrustManager.performHostVerification(ZKTrustManager.java:163)
	at org.apache.zookeeper.common.ZKTrustManager.checkServerTrusted(ZKTrustManager.java:90)
	at sun.security.ssl.ClientHandshaker.serverCertificate(ClientHandshaker.java:1670)
	... 47 more
Caused by: javax.net.ssl.SSLPeerUnverifiedException: Certificate for <activate.navicat.com> doesn't match common name of the certificate subject: localhost
	at org.apache.zookeeper.common.ZKHostnameVerifier.matchCN(ZKHostnameVerifier.java:238)
	at org.apache.zookeeper.common.ZKHostnameVerifier.verify(ZKHostnameVerifier.java:184)
	at org.apache.zookeeper.common.ZKTrustManager.performHostVerification(ZKTrustManager.java:159)
	... 49 more
2020-06-22 14:22:57,855 [myid:] - ERROR [nioEventLoopGroup-4-13:NettyServerCnxnFactory$CertificateVerifier@434] - Unsuccessful handshake with session 0x0
2020-06-22 14:22:57,855 [myid:] - WARN  [nioEventLoopGroup-4-13:NettyServerCnxnFactory$CnxnChannelHandler@273] - Exception caught
io.netty.handler.codec.DecoderException: javax.net.ssl.SSLException: Received fatal alert: certificate_unknown
	at io.netty.handler.codec.ByteToMessageDecoder.callDecode(ByteToMessageDecoder.java:468)
	at io.netty.handler.codec.ByteToMessageDecoder.channelRead(ByteToMessageDecoder.java:276)
	at io.netty.channel.AbstractChannelHandlerContext.invokeChannelRead(AbstractChannelHandlerContext.java:379)
	at io.netty.channel.AbstractChannelHandlerContext.invokeChannelRead(AbstractChannelHandlerContext.java:365)
	at io.netty.channel.AbstractChannelHandlerContext.fireChannelRead(AbstractChannelHandlerContext.java:357)
	at io.netty.channel.DefaultChannelPipeline$HeadContext.channelRead(DefaultChannelPipeline.java:1410)
	at io.netty.channel.AbstractChannelHandlerContext.invokeChannelRead(AbstractChannelHandlerContext.java:379)
	at io.netty.channel.AbstractChannelHandlerContext.invokeChannelRead(AbstractChannelHandlerContext.java:365)
	at io.netty.channel.DefaultChannelPipeline.fireChannelRead(DefaultChannelPipeline.java:919)
	at io.netty.channel.nio.AbstractNioByteChannel$NioByteUnsafe.read(AbstractNioByteChannel.java:163)
	at io.netty.channel.nio.NioEventLoop.processSelectedKey(NioEventLoop.java:714)
	at io.netty.channel.nio.NioEventLoop.processSelectedKeysOptimized(NioEventLoop.java:650)
	at io.netty.channel.nio.NioEventLoop.processSelectedKeys(NioEventLoop.java:576)
	at io.netty.channel.nio.NioEventLoop.run(NioEventLoop.java:493)
	at io.netty.util.concurrent.SingleThreadEventExecutor$4.run(SingleThreadEventExecutor.java:989)
	at io.netty.util.internal.ThreadExecutorMap$2.run(ThreadExecutorMap.java:74)
	at io.netty.util.concurrent.FastThreadLocalRunnable.run(FastThreadLocalRunnable.java:30)
	at java.lang.Thread.run(Thread.java:748)
Caused by: javax.net.ssl.SSLException: Received fatal alert: certificate_unknown
	at sun.security.ssl.Alerts.getSSLException(Alerts.java:214)
	at sun.security.ssl.SSLEngineImpl.fatal(SSLEngineImpl.java:1667)
	at sun.security.ssl.SSLEngineImpl.fatal(SSLEngineImpl.java:1635)
	at sun.security.ssl.SSLEngineImpl.recvAlert(SSLEngineImpl.java:1801)
	at sun.security.ssl.SSLEngineImpl.readRecord(SSLEngineImpl.java:1090)
	at sun.security.ssl.SSLEngineImpl.readNetRecord(SSLEngineImpl.java:913)
	at sun.security.ssl.SSLEngineImpl.unwrap(SSLEngineImpl.java:783)
	at javax.net.ssl.SSLEngine.unwrap(SSLEngine.java:626)
	at io.netty.handler.ssl.SslHandler$SslEngineType$3.unwrap(SslHandler.java:281)
	at io.netty.handler.ssl.SslHandler.unwrap(SslHandler.java:1340)
	at io.netty.handler.ssl.SslHandler.decodeJdkCompatible(SslHandler.java:1235)
	at io.netty.handler.ssl.SslHandler.decode(SslHandler.java:1282)
	at io.netty.handler.codec.ByteToMessageDecoder.decodeRemovalReentryProtection(ByteToMessageDecoder.java:498)
	at io.netty.handler.codec.ByteToMessageDecoder.callDecode(ByteToMessageDecoder.java:437)
	... 17 more
2020-06-22 14:22:57,856 [myid:] - WARN  [nioEventLoopGroup-4-13:NettyServerCnxnFactory$CnxnChannelHandler@273] - Exception caught
io.netty.handler.codec.DecoderException: javax.net.ssl.SSLException: Received fatal alert: certificate_unknown
	at io.netty.handler.codec.ByteToMessageDecoder.callDecode(ByteToMessageDecoder.java:468)
	at io.netty.handler.codec.ByteToMessageDecoder.channelInputClosed(ByteToMessageDecoder.java:401)
	at io.netty.handler.codec.ByteToMessageDecoder.channelInputClosed(ByteToMessageDecoder.java:368)
	at io.netty.handler.codec.ByteToMessageDecoder.channelInactive(ByteToMessageDecoder.java:351)
	at io.netty.handler.ssl.SslHandler.channelInactive(SslHandler.java:1084)
	at io.netty.channel.AbstractChannelHandlerContext.invokeChannelInactive(AbstractChannelHandlerContext.java:262)
	at io.netty.channel.AbstractChannelHandlerContext.invokeChannelInactive(AbstractChannelHandlerContext.java:248)
	at io.netty.channel.AbstractChannelHandlerContext.fireChannelInactive(AbstractChannelHandlerContext.java:241)
	at io.netty.channel.DefaultChannelPipeline$HeadContext.channelInactive(DefaultChannelPipeline.java:1405)
	at io.netty.channel.AbstractChannelHandlerContext.invokeChannelInactive(AbstractChannelHandlerContext.java:262)
	at io.netty.channel.AbstractChannelHandlerContext.invokeChannelInactive(AbstractChannelHandlerContext.java:248)
	at io.netty.channel.DefaultChannelPipeline.fireChannelInactive(DefaultChannelPipeline.java:901)
	at io.netty.channel.AbstractChannel$AbstractUnsafe$8.run(AbstractChannel.java:818)
	at io.netty.util.concurrent.AbstractEventExecutor.safeExecute(AbstractEventExecutor.java:164)
	at io.netty.util.concurrent.SingleThreadEventExecutor.runAllTasks(SingleThreadEventExecutor.java:472)
	at io.netty.channel.nio.NioEventLoop.run(NioEventLoop.java:497)
	at io.netty.util.concurrent.SingleThreadEventExecutor$4.run(SingleThreadEventExecutor.java:989)
	at io.netty.util.internal.ThreadExecutorMap$2.run(ThreadExecutorMap.java:74)
	at io.netty.util.concurrent.FastThreadLocalRunnable.run(FastThreadLocalRunnable.java:30)
	at java.lang.Thread.run(Thread.java:748)
Caused by: javax.net.ssl.SSLException: Received fatal alert: certificate_unknown
	at sun.security.ssl.Alerts.getSSLException(Alerts.java:214)
	at sun.security.ssl.SSLEngineImpl.fatal(SSLEngineImpl.java:1667)
	at sun.security.ssl.SSLEngineImpl.fatal(SSLEngineImpl.java:1635)
	at sun.security.ssl.SSLEngineImpl.recvAlert(SSLEngineImpl.java:1801)
	at sun.security.ssl.SSLEngineImpl.readRecord(SSLEngineImpl.java:1090)
	at sun.security.ssl.SSLEngineImpl.readNetRecord(SSLEngineImpl.java:913)
	at sun.security.ssl.SSLEngineImpl.unwrap(SSLEngineImpl.java:783)
	at javax.net.ssl.SSLEngine.unwrap(SSLEngine.java:626)
	at io.netty.handler.ssl.SslHandler$SslEngineType$3.unwrap(SslHandler.java:281)
	at io.netty.handler.ssl.SslHandler.unwrap(SslHandler.java:1340)
	at io.netty.handler.ssl.SslHandler.decodeJdkCompatible(SslHandler.java:1235)
	at io.netty.handler.ssl.SslHandler.decode(SslHandler.java:1282)
	at io.netty.handler.codec.ByteToMessageDecoder.decodeRemovalReentryProtection(ByteToMessageDecoder.java:498)
	at io.netty.handler.codec.ByteToMessageDecoder.callDecode(ByteToMessageDecoder.java:437)
	... 19 more
2020-06-22 14:22:58,105 [myid:] - INFO  [main:FourLetterWordMain@93] - connecting to 127.0.0.1 21995
2020-06-22 14:22:58,105 [myid:] - INFO  [main:FourLetterWordMain@99] - using secure socket
2020-06-22 14:22:58,113 [myid:] - ERROR [main:ZKTrustManager@161] - Failed to verify host address: 127.0.0.1
javax.net.ssl.SSLPeerUnverifiedException: Certificate for <127.0.0.1> doesn't match common name of the certificate subject: localhost
	at org.apache.zookeeper.common.ZKHostnameVerifier.matchCN(ZKHostnameVerifier.java:238)
	at org.apache.zookeeper.common.ZKHostnameVerifier.verify(ZKHostnameVerifier.java:184)
	at org.apache.zookeeper.common.ZKTrustManager.performHostVerification(ZKTrustManager.java:151)
	at org.apache.zookeeper.common.ZKTrustManager.checkServerTrusted(ZKTrustManager.java:90)
	at sun.security.ssl.ClientHandshaker.serverCertificate(ClientHandshaker.java:1670)
	at sun.security.ssl.ClientHandshaker.processMessage(ClientHandshaker.java:226)
	at sun.security.ssl.Handshaker.processLoop(Handshaker.java:1082)
	at sun.security.ssl.Handshaker.process_record(Handshaker.java:1010)
	at sun.security.ssl.SSLSocketImpl.readRecord(SSLSocketImpl.java:1079)
	at sun.security.ssl.SSLSocketImpl.performInitialHandshake(SSLSocketImpl.java:1388)
	at sun.security.ssl.SSLSocketImpl.startHandshake(SSLSocketImpl.java:1416)
	at sun.security.ssl.SSLSocketImpl.startHandshake(SSLSocketImpl.java:1400)
	at org.apache.zookeeper.client.FourLetterWordMain.send4LetterWord(FourLetterWordMain.java:105)
	at org.apache.zookeeper.client.FourLetterWordMain.send4LetterWord(FourLetterWordMain.java:73)
	at org.apache.zookeeper.test.ClientBase.waitForServerUp(ClientBase.java:261)
	at org.apache.zookeeper.test.ClientBase.startServerInstance(ClientBase.java:401)
	at org.apache.zookeeper.test.ClientBase.startServer(ClientBase.java:516)
	at org.apache.zookeeper.test.ClientBase.setUpWithServerId(ClientBase.java:499)
	at org.apache.zookeeper.test.ClientBase.setUp(ClientBase.java:474)
	at org.apache.zookeeper.test.SaslDigestAuthOverSSLTest.setUp(SaslDigestAuthOverSSLTest.java:62)
	at sun.reflect.NativeMethodAccessorImpl.invoke0(Native Method)
	at sun.reflect.NativeMethodAccessorImpl.invoke(NativeMethodAccessorImpl.java:62)
	at sun.reflect.DelegatingMethodAccessorImpl.invoke(DelegatingMethodAccessorImpl.java:43)
	at java.lang.reflect.Method.invoke(Method.java:498)
	at org.junit.runners.model.FrameworkMethod$1.runReflectiveCall(FrameworkMethod.java:50)
	at org.junit.internal.runners.model.ReflectiveCallable.run(ReflectiveCallable.java:12)
	at org.junit.runners.model.FrameworkMethod.invokeExplosively(FrameworkMethod.java:47)
	at mockit.integration.junit4.JUnit4TestRunnerDecorator.invokeExplosively(JUnit4TestRunnerDecorator.java:49)
	at mockit.integration.junit4.FakeFrameworkMethod.invokeExplosively(FakeFrameworkMethod.java:29)
	at org.junit.runners.model.FrameworkMethod.invokeExplosively(FrameworkMethod.java)
	at org.junit.internal.runners.statements.RunBefores.evaluate(RunBefores.java:24)
	at org.junit.internal.runners.statements.RunAfters.evaluate(RunAfters.java:27)
	at org.junit.rules.TestWatcher$1.evaluate(TestWatcher.java:55)
	at org.junit.rules.RunRules.evaluate(RunRules.java:20)
	at org.junit.runners.ParentRunner.runLeaf(ParentRunner.java:325)
	at org.junit.runners.BlockJUnit4ClassRunner.runChild(BlockJUnit4ClassRunner.java:78)
	at org.junit.runners.BlockJUnit4ClassRunner.runChild(BlockJUnit4ClassRunner.java:57)
	at org.junit.runners.ParentRunner$3.run(ParentRunner.java:290)
	at org.junit.runners.ParentRunner$1.schedule(ParentRunner.java:71)
	at org.junit.runners.ParentRunner.runChildren(ParentRunner.java:288)
	at org.junit.runners.ParentRunner.access$000(ParentRunner.java:58)
	at org.junit.runners.ParentRunner$2.evaluate(ParentRunner.java:268)
	at org.junit.internal.runners.statements.RunBefores.evaluate(RunBefores.java:26)
	at org.junit.runners.ParentRunner.run(ParentRunner.java:363)
	at org.apache.maven.surefire.junit4.JUnit4Provider.execute(JUnit4Provider.java:365)
	at org.apache.maven.surefire.junit4.JUnit4Provider.executeWithRerun(JUnit4Provider.java:273)
	at org.apache.maven.surefire.junit4.JUnit4Provider.executeTestSet(JUnit4Provider.java:238)
	at org.apache.maven.surefire.junit4.JUnit4Provider.invoke(JUnit4Provider.java:159)
	at org.apache.maven.surefire.booter.ForkedBooter.invokeProviderInSameClassLoader(ForkedBooter.java:384)
	at org.apache.maven.surefire.booter.ForkedBooter.runSuitesInProcess(ForkedBooter.java:345)
	at org.apache.maven.surefire.booter.ForkedBooter.execute(ForkedBooter.java:126)
	at org.apache.maven.surefire.booter.ForkedBooter.main(ForkedBooter.java:418)
2020-06-22 14:22:58,114 [myid:] - ERROR [main:ZKTrustManager@162] - Failed to verify hostname: activate.navicat.com
javax.net.ssl.SSLPeerUnverifiedException: Certificate for <activate.navicat.com> doesn't match common name of the certificate subject: localhost
	at org.apache.zookeeper.common.ZKHostnameVerifier.matchCN(ZKHostnameVerifier.java:238)
	at org.apache.zookeeper.common.ZKHostnameVerifier.verify(ZKHostnameVerifier.java:184)
	at org.apache.zookeeper.common.ZKTrustManager.performHostVerification(ZKTrustManager.java:159)
	at org.apache.zookeeper.common.ZKTrustManager.checkServerTrusted(ZKTrustManager.java:90)
	at sun.security.ssl.ClientHandshaker.serverCertificate(ClientHandshaker.java:1670)
	at sun.security.ssl.ClientHandshaker.processMessage(ClientHandshaker.java:226)
	at sun.security.ssl.Handshaker.processLoop(Handshaker.java:1082)
	at sun.security.ssl.Handshaker.process_record(Handshaker.java:1010)
	at sun.security.ssl.SSLSocketImpl.readRecord(SSLSocketImpl.java:1079)
	at sun.security.ssl.SSLSocketImpl.performInitialHandshake(SSLSocketImpl.java:1388)
	at sun.security.ssl.SSLSocketImpl.startHandshake(SSLSocketImpl.java:1416)
	at sun.security.ssl.SSLSocketImpl.startHandshake(SSLSocketImpl.java:1400)
	at org.apache.zookeeper.client.FourLetterWordMain.send4LetterWord(FourLetterWordMain.java:105)
	at org.apache.zookeeper.client.FourLetterWordMain.send4LetterWord(FourLetterWordMain.java:73)
	at org.apache.zookeeper.test.ClientBase.waitForServerUp(ClientBase.java:261)
	at org.apache.zookeeper.test.ClientBase.startServerInstance(ClientBase.java:401)
	at org.apache.zookeeper.test.ClientBase.startServer(ClientBase.java:516)
	at org.apache.zookeeper.test.ClientBase.setUpWithServerId(ClientBase.java:499)
	at org.apache.zookeeper.test.ClientBase.setUp(ClientBase.java:474)
	at org.apache.zookeeper.test.SaslDigestAuthOverSSLTest.setUp(SaslDigestAuthOverSSLTest.java:62)
	at sun.reflect.NativeMethodAccessorImpl.invoke0(Native Method)
	at sun.reflect.NativeMethodAccessorImpl.invoke(NativeMethodAccessorImpl.java:62)
	at sun.reflect.DelegatingMethodAccessorImpl.invoke(DelegatingMethodAccessorImpl.java:43)
	at java.lang.reflect.Method.invoke(Method.java:498)
	at org.junit.runners.model.FrameworkMethod$1.runReflectiveCall(FrameworkMethod.java:50)
	at org.junit.internal.runners.model.ReflectiveCallable.run(ReflectiveCallable.java:12)
	at org.junit.runners.model.FrameworkMethod.invokeExplosively(FrameworkMethod.java:47)
	at mockit.integration.junit4.JUnit4TestRunnerDecorator.invokeExplosively(JUnit4TestRunnerDecorator.java:49)
	at mockit.integration.junit4.FakeFrameworkMethod.invokeExplosively(FakeFrameworkMethod.java:29)
	at org.junit.runners.model.FrameworkMethod.invokeExplosively(FrameworkMethod.java)
	at org.junit.internal.runners.statements.RunBefores.evaluate(RunBefores.java:24)
	at org.junit.internal.runners.statements.RunAfters.evaluate(RunAfters.java:27)
	at org.junit.rules.TestWatcher$1.evaluate(TestWatcher.java:55)
	at org.junit.rules.RunRules.evaluate(RunRules.java:20)
	at org.junit.runners.ParentRunner.runLeaf(ParentRunner.java:325)
	at org.junit.runners.BlockJUnit4ClassRunner.runChild(BlockJUnit4ClassRunner.java:78)
	at org.junit.runners.BlockJUnit4ClassRunner.runChild(BlockJUnit4ClassRunner.java:57)
	at org.junit.runners.ParentRunner$3.run(ParentRunner.java:290)
	at org.junit.runners.ParentRunner$1.schedule(ParentRunner.java:71)
	at org.junit.runners.ParentRunner.runChildren(ParentRunner.java:288)
	at org.junit.runners.ParentRunner.access$000(ParentRunner.java:58)
	at org.junit.runners.ParentRunner$2.evaluate(ParentRunner.java:268)
	at org.junit.internal.runners.statements.RunBefores.evaluate(RunBefores.java:26)
	at org.junit.runners.ParentRunner.run(ParentRunner.java:363)
	at org.apache.maven.surefire.junit4.JUnit4Provider.execute(JUnit4Provider.java:365)
	at org.apache.maven.surefire.junit4.JUnit4Provider.executeWithRerun(JUnit4Provider.java:273)
	at org.apache.maven.surefire.junit4.JUnit4Provider.executeTestSet(JUnit4Provider.java:238)
	at org.apache.maven.surefire.junit4.JUnit4Provider.invoke(JUnit4Provider.java:159)
	at org.apache.maven.surefire.booter.ForkedBooter.invokeProviderInSameClassLoader(ForkedBooter.java:384)
	at org.apache.maven.surefire.booter.ForkedBooter.runSuitesInProcess(ForkedBooter.java:345)
	at org.apache.maven.surefire.booter.ForkedBooter.execute(ForkedBooter.java:126)
	at org.apache.maven.surefire.booter.ForkedBooter.main(ForkedBooter.java:418)
2020-06-22 14:22:58,114 [myid:] - INFO  [main:ClientBase@270] - server 127.0.0.1:21995 not up
javax.net.ssl.SSLHandshakeException: java.security.cert.CertificateException: Failed to verify both host address and host name
	at sun.security.ssl.Alerts.getSSLException(Alerts.java:198)
	at sun.security.ssl.SSLSocketImpl.fatal(SSLSocketImpl.java:1967)
	at sun.security.ssl.Handshaker.fatalSE(Handshaker.java:331)
	at sun.security.ssl.Handshaker.fatalSE(Handshaker.java:325)
	at sun.security.ssl.ClientHandshaker.serverCertificate(ClientHandshaker.java:1688)
	at sun.security.ssl.ClientHandshaker.processMessage(ClientHandshaker.java:226)
	at sun.security.ssl.Handshaker.processLoop(Handshaker.java:1082)
	at sun.security.ssl.Handshaker.process_record(Handshaker.java:1010)
	at sun.security.ssl.SSLSocketImpl.readRecord(SSLSocketImpl.java:1079)
	at sun.security.ssl.SSLSocketImpl.performInitialHandshake(SSLSocketImpl.java:1388)
	at sun.security.ssl.SSLSocketImpl.startHandshake(SSLSocketImpl.java:1416)
	at sun.security.ssl.SSLSocketImpl.startHandshake(SSLSocketImpl.java:1400)
	at org.apache.zookeeper.client.FourLetterWordMain.send4LetterWord(FourLetterWordMain.java:105)
	at org.apache.zookeeper.client.FourLetterWordMain.send4LetterWord(FourLetterWordMain.java:73)
	at org.apache.zookeeper.test.ClientBase.waitForServerUp(ClientBase.java:261)
	at org.apache.zookeeper.test.ClientBase.startServerInstance(ClientBase.java:401)
	at org.apache.zookeeper.test.ClientBase.startServer(ClientBase.java:516)
	at org.apache.zookeeper.test.ClientBase.setUpWithServerId(ClientBase.java:499)
	at org.apache.zookeeper.test.ClientBase.setUp(ClientBase.java:474)
	at org.apache.zookeeper.test.SaslDigestAuthOverSSLTest.setUp(SaslDigestAuthOverSSLTest.java:62)
	at sun.reflect.NativeMethodAccessorImpl.invoke0(Native Method)
	at sun.reflect.NativeMethodAccessorImpl.invoke(NativeMethodAccessorImpl.java:62)
	at sun.reflect.DelegatingMethodAccessorImpl.invoke(DelegatingMethodAccessorImpl.java:43)
	at java.lang.reflect.Method.invoke(Method.java:498)
	at org.junit.runners.model.FrameworkMethod$1.runReflectiveCall(FrameworkMethod.java:50)
	at org.junit.internal.runners.model.ReflectiveCallable.run(ReflectiveCallable.java:12)
	at org.junit.runners.model.FrameworkMethod.invokeExplosively(FrameworkMethod.java:47)
	at mockit.integration.junit4.JUnit4TestRunnerDecorator.invokeExplosively(JUnit4TestRunnerDecorator.java:49)
	at mockit.integration.junit4.FakeFrameworkMethod.invokeExplosively(FakeFrameworkMethod.java:29)
	at org.junit.runners.model.FrameworkMethod.invokeExplosively(FrameworkMethod.java)
	at org.junit.internal.runners.statements.RunBefores.evaluate(RunBefores.java:24)
	at org.junit.internal.runners.statements.RunAfters.evaluate(RunAfters.java:27)
	at org.junit.rules.TestWatcher$1.evaluate(TestWatcher.java:55)
	at org.junit.rules.RunRules.evaluate(RunRules.java:20)
	at org.junit.runners.ParentRunner.runLeaf(ParentRunner.java:325)
	at org.junit.runners.BlockJUnit4ClassRunner.runChild(BlockJUnit4ClassRunner.java:78)
	at org.junit.runners.BlockJUnit4ClassRunner.runChild(BlockJUnit4ClassRunner.java:57)
	at org.junit.runners.ParentRunner$3.run(ParentRunner.java:290)
	at org.junit.runners.ParentRunner$1.schedule(ParentRunner.java:71)
	at org.junit.runners.ParentRunner.runChildren(ParentRunner.java:288)
	at org.junit.runners.ParentRunner.access$000(ParentRunner.java:58)
	at org.junit.runners.ParentRunner$2.evaluate(ParentRunner.java:268)
	at org.junit.internal.runners.statements.RunBefores.evaluate(RunBefores.java:26)
	at org.junit.runners.ParentRunner.run(ParentRunner.java:363)
	at org.apache.maven.surefire.junit4.JUnit4Provider.execute(JUnit4Provider.java:365)
	at org.apache.maven.surefire.junit4.JUnit4Provider.executeWithRerun(JUnit4Provider.java:273)
	at org.apache.maven.surefire.junit4.JUnit4Provider.executeTestSet(JUnit4Provider.java:238)
	at org.apache.maven.surefire.junit4.JUnit4Provider.invoke(JUnit4Provider.java:159)
	at org.apache.maven.surefire.booter.ForkedBooter.invokeProviderInSameClassLoader(ForkedBooter.java:384)
	at org.apache.maven.surefire.booter.ForkedBooter.runSuitesInProcess(ForkedBooter.java:345)
	at org.apache.maven.surefire.booter.ForkedBooter.execute(ForkedBooter.java:126)
	at org.apache.maven.surefire.booter.ForkedBooter.main(ForkedBooter.java:418)
Caused by: java.security.cert.CertificateException: Failed to verify both host address and host name
	at org.apache.zookeeper.common.ZKTrustManager.performHostVerification(ZKTrustManager.java:163)
	at org.apache.zookeeper.common.ZKTrustManager.checkServerTrusted(ZKTrustManager.java:90)
	at sun.security.ssl.ClientHandshaker.serverCertificate(ClientHandshaker.java:1670)
	... 47 more
Caused by: javax.net.ssl.SSLPeerUnverifiedException: Certificate for <activate.navicat.com> doesn't match common name of the certificate subject: localhost
	at org.apache.zookeeper.common.ZKHostnameVerifier.matchCN(ZKHostnameVerifier.java:238)
	at org.apache.zookeeper.common.ZKHostnameVerifier.verify(ZKHostnameVerifier.java:184)
	at org.apache.zookeeper.common.ZKTrustManager.performHostVerification(ZKTrustManager.java:159)
	... 49 more
2020-06-22 14:22:58,114 [myid:] - ERROR [nioEventLoopGroup-4-14:NettyServerCnxnFactory$CertificateVerifier@434] - Unsuccessful handshake with session 0x0
2020-06-22 14:22:58,115 [myid:] - WARN  [nioEventLoopGroup-4-14:NettyServerCnxnFactory$CnxnChannelHandler@273] - Exception caught
io.netty.handler.codec.DecoderException: javax.net.ssl.SSLException: Received fatal alert: certificate_unknown
	at io.netty.handler.codec.ByteToMessageDecoder.callDecode(ByteToMessageDecoder.java:468)
	at io.netty.handler.codec.ByteToMessageDecoder.channelRead(ByteToMessageDecoder.java:276)
	at io.netty.channel.AbstractChannelHandlerContext.invokeChannelRead(AbstractChannelHandlerContext.java:379)
	at io.netty.channel.AbstractChannelHandlerContext.invokeChannelRead(AbstractChannelHandlerContext.java:365)
	at io.netty.channel.AbstractChannelHandlerContext.fireChannelRead(AbstractChannelHandlerContext.java:357)
	at io.netty.channel.DefaultChannelPipeline$HeadContext.channelRead(DefaultChannelPipeline.java:1410)
	at io.netty.channel.AbstractChannelHandlerContext.invokeChannelRead(AbstractChannelHandlerContext.java:379)
	at io.netty.channel.AbstractChannelHandlerContext.invokeChannelRead(AbstractChannelHandlerContext.java:365)
	at io.netty.channel.DefaultChannelPipeline.fireChannelRead(DefaultChannelPipeline.java:919)
	at io.netty.channel.nio.AbstractNioByteChannel$NioByteUnsafe.read(AbstractNioByteChannel.java:163)
	at io.netty.channel.nio.NioEventLoop.processSelectedKey(NioEventLoop.java:714)
	at io.netty.channel.nio.NioEventLoop.processSelectedKeysOptimized(NioEventLoop.java:650)
	at io.netty.channel.nio.NioEventLoop.processSelectedKeys(NioEventLoop.java:576)
	at io.netty.channel.nio.NioEventLoop.run(NioEventLoop.java:493)
	at io.netty.util.concurrent.SingleThreadEventExecutor$4.run(SingleThreadEventExecutor.java:989)
	at io.netty.util.internal.ThreadExecutorMap$2.run(ThreadExecutorMap.java:74)
	at io.netty.util.concurrent.FastThreadLocalRunnable.run(FastThreadLocalRunnable.java:30)
	at java.lang.Thread.run(Thread.java:748)
Caused by: javax.net.ssl.SSLException: Received fatal alert: certificate_unknown
	at sun.security.ssl.Alerts.getSSLException(Alerts.java:214)
	at sun.security.ssl.SSLEngineImpl.fatal(SSLEngineImpl.java:1667)
	at sun.security.ssl.SSLEngineImpl.fatal(SSLEngineImpl.java:1635)
	at sun.security.ssl.SSLEngineImpl.recvAlert(SSLEngineImpl.java:1801)
	at sun.security.ssl.SSLEngineImpl.readRecord(SSLEngineImpl.java:1090)
	at sun.security.ssl.SSLEngineImpl.readNetRecord(SSLEngineImpl.java:913)
	at sun.security.ssl.SSLEngineImpl.unwrap(SSLEngineImpl.java:783)
	at javax.net.ssl.SSLEngine.unwrap(SSLEngine.java:626)
	at io.netty.handler.ssl.SslHandler$SslEngineType$3.unwrap(SslHandler.java:281)
	at io.netty.handler.ssl.SslHandler.unwrap(SslHandler.java:1340)
	at io.netty.handler.ssl.SslHandler.decodeJdkCompatible(SslHandler.java:1235)
	at io.netty.handler.ssl.SslHandler.decode(SslHandler.java:1282)
	at io.netty.handler.codec.ByteToMessageDecoder.decodeRemovalReentryProtection(ByteToMessageDecoder.java:498)
	at io.netty.handler.codec.ByteToMessageDecoder.callDecode(ByteToMessageDecoder.java:437)
	... 17 more
2020-06-22 14:22:58,116 [myid:] - WARN  [nioEventLoopGroup-4-14:NettyServerCnxnFactory$CnxnChannelHandler@273] - Exception caught
io.netty.handler.codec.DecoderException: javax.net.ssl.SSLException: Received fatal alert: certificate_unknown
	at io.netty.handler.codec.ByteToMessageDecoder.callDecode(ByteToMessageDecoder.java:468)
	at io.netty.handler.codec.ByteToMessageDecoder.channelInputClosed(ByteToMessageDecoder.java:401)
	at io.netty.handler.codec.ByteToMessageDecoder.channelInputClosed(ByteToMessageDecoder.java:368)
	at io.netty.handler.codec.ByteToMessageDecoder.channelInactive(ByteToMessageDecoder.java:351)
	at io.netty.handler.ssl.SslHandler.channelInactive(SslHandler.java:1084)
	at io.netty.channel.AbstractChannelHandlerContext.invokeChannelInactive(AbstractChannelHandlerContext.java:262)
	at io.netty.channel.AbstractChannelHandlerContext.invokeChannelInactive(AbstractChannelHandlerContext.java:248)
	at io.netty.channel.AbstractChannelHandlerContext.fireChannelInactive(AbstractChannelHandlerContext.java:241)
	at io.netty.channel.DefaultChannelPipeline$HeadContext.channelInactive(DefaultChannelPipeline.java:1405)
	at io.netty.channel.AbstractChannelHandlerContext.invokeChannelInactive(AbstractChannelHandlerContext.java:262)
	at io.netty.channel.AbstractChannelHandlerContext.invokeChannelInactive(AbstractChannelHandlerContext.java:248)
	at io.netty.channel.DefaultChannelPipeline.fireChannelInactive(DefaultChannelPipeline.java:901)
	at io.netty.channel.AbstractChannel$AbstractUnsafe$8.run(AbstractChannel.java:818)
	at io.netty.util.concurrent.AbstractEventExecutor.safeExecute(AbstractEventExecutor.java:164)
	at io.netty.util.concurrent.SingleThreadEventExecutor.runAllTasks(SingleThreadEventExecutor.java:472)
	at io.netty.channel.nio.NioEventLoop.run(NioEventLoop.java:497)
	at io.netty.util.concurrent.SingleThreadEventExecutor$4.run(SingleThreadEventExecutor.java:989)
	at io.netty.util.internal.ThreadExecutorMap$2.run(ThreadExecutorMap.java:74)
	at io.netty.util.concurrent.FastThreadLocalRunnable.run(FastThreadLocalRunnable.java:30)
	at java.lang.Thread.run(Thread.java:748)
Caused by: javax.net.ssl.SSLException: Received fatal alert: certificate_unknown
	at sun.security.ssl.Alerts.getSSLException(Alerts.java:214)
	at sun.security.ssl.SSLEngineImpl.fatal(SSLEngineImpl.java:1667)
	at sun.security.ssl.SSLEngineImpl.fatal(SSLEngineImpl.java:1635)
	at sun.security.ssl.SSLEngineImpl.recvAlert(SSLEngineImpl.java:1801)
	at sun.security.ssl.SSLEngineImpl.readRecord(SSLEngineImpl.java:1090)
	at sun.security.ssl.SSLEngineImpl.readNetRecord(SSLEngineImpl.java:913)
	at sun.security.ssl.SSLEngineImpl.unwrap(SSLEngineImpl.java:783)
	at javax.net.ssl.SSLEngine.unwrap(SSLEngine.java:626)
	at io.netty.handler.ssl.SslHandler$SslEngineType$3.unwrap(SslHandler.java:281)
	at io.netty.handler.ssl.SslHandler.unwrap(SslHandler.java:1340)
	at io.netty.handler.ssl.SslHandler.decodeJdkCompatible(SslHandler.java:1235)
	at io.netty.handler.ssl.SslHandler.decode(SslHandler.java:1282)
	at io.netty.handler.codec.ByteToMessageDecoder.decodeRemovalReentryProtection(ByteToMessageDecoder.java:498)
	at io.netty.handler.codec.ByteToMessageDecoder.callDecode(ByteToMessageDecoder.java:437)
	... 19 more
2020-06-22 14:22:58,365 [myid:] - INFO  [main:FourLetterWordMain@93] - connecting to 127.0.0.1 21995
2020-06-22 14:22:58,365 [myid:] - INFO  [main:FourLetterWordMain@99] - using secure socket
2020-06-22 14:22:58,378 [myid:] - ERROR [main:ZKTrustManager@161] - Failed to verify host address: 127.0.0.1
javax.net.ssl.SSLPeerUnverifiedException: Certificate for <127.0.0.1> doesn't match common name of the certificate subject: localhost
	at org.apache.zookeeper.common.ZKHostnameVerifier.matchCN(ZKHostnameVerifier.java:238)
	at org.apache.zookeeper.common.ZKHostnameVerifier.verify(ZKHostnameVerifier.java:184)
	at org.apache.zookeeper.common.ZKTrustManager.performHostVerification(ZKTrustManager.java:151)
	at org.apache.zookeeper.common.ZKTrustManager.checkServerTrusted(ZKTrustManager.java:90)
	at sun.security.ssl.ClientHandshaker.serverCertificate(ClientHandshaker.java:1670)
	at sun.security.ssl.ClientHandshaker.processMessage(ClientHandshaker.java:226)
	at sun.security.ssl.Handshaker.processLoop(Handshaker.java:1082)
	at sun.security.ssl.Handshaker.process_record(Handshaker.java:1010)
	at sun.security.ssl.SSLSocketImpl.readRecord(SSLSocketImpl.java:1079)
	at sun.security.ssl.SSLSocketImpl.performInitialHandshake(SSLSocketImpl.java:1388)
	at sun.security.ssl.SSLSocketImpl.startHandshake(SSLSocketImpl.java:1416)
	at sun.security.ssl.SSLSocketImpl.startHandshake(SSLSocketImpl.java:1400)
	at org.apache.zookeeper.client.FourLetterWordMain.send4LetterWord(FourLetterWordMain.java:105)
	at org.apache.zookeeper.client.FourLetterWordMain.send4LetterWord(FourLetterWordMain.java:73)
	at org.apache.zookeeper.test.ClientBase.waitForServerUp(ClientBase.java:261)
	at org.apache.zookeeper.test.ClientBase.startServerInstance(ClientBase.java:401)
	at org.apache.zookeeper.test.ClientBase.startServer(ClientBase.java:516)
	at org.apache.zookeeper.test.ClientBase.setUpWithServerId(ClientBase.java:499)
	at org.apache.zookeeper.test.ClientBase.setUp(ClientBase.java:474)
	at org.apache.zookeeper.test.SaslDigestAuthOverSSLTest.setUp(SaslDigestAuthOverSSLTest.java:62)
	at sun.reflect.NativeMethodAccessorImpl.invoke0(Native Method)
	at sun.reflect.NativeMethodAccessorImpl.invoke(NativeMethodAccessorImpl.java:62)
	at sun.reflect.DelegatingMethodAccessorImpl.invoke(DelegatingMethodAccessorImpl.java:43)
	at java.lang.reflect.Method.invoke(Method.java:498)
	at org.junit.runners.model.FrameworkMethod$1.runReflectiveCall(FrameworkMethod.java:50)
	at org.junit.internal.runners.model.ReflectiveCallable.run(ReflectiveCallable.java:12)
	at org.junit.runners.model.FrameworkMethod.invokeExplosively(FrameworkMethod.java:47)
	at mockit.integration.junit4.JUnit4TestRunnerDecorator.invokeExplosively(JUnit4TestRunnerDecorator.java:49)
	at mockit.integration.junit4.FakeFrameworkMethod.invokeExplosively(FakeFrameworkMethod.java:29)
	at org.junit.runners.model.FrameworkMethod.invokeExplosively(FrameworkMethod.java)
	at org.junit.internal.runners.statements.RunBefores.evaluate(RunBefores.java:24)
	at org.junit.internal.runners.statements.RunAfters.evaluate(RunAfters.java:27)
	at org.junit.rules.TestWatcher$1.evaluate(TestWatcher.java:55)
	at org.junit.rules.RunRules.evaluate(RunRules.java:20)
	at org.junit.runners.ParentRunner.runLeaf(ParentRunner.java:325)
	at org.junit.runners.BlockJUnit4ClassRunner.runChild(BlockJUnit4ClassRunner.java:78)
	at org.junit.runners.BlockJUnit4ClassRunner.runChild(BlockJUnit4ClassRunner.java:57)
	at org.junit.runners.ParentRunner$3.run(ParentRunner.java:290)
	at org.junit.runners.ParentRunner$1.schedule(ParentRunner.java:71)
	at org.junit.runners.ParentRunner.runChildren(ParentRunner.java:288)
	at org.junit.runners.ParentRunner.access$000(ParentRunner.java:58)
	at org.junit.runners.ParentRunner$2.evaluate(ParentRunner.java:268)
	at org.junit.internal.runners.statements.RunBefores.evaluate(RunBefores.java:26)
	at org.junit.runners.ParentRunner.run(ParentRunner.java:363)
	at org.apache.maven.surefire.junit4.JUnit4Provider.execute(JUnit4Provider.java:365)
	at org.apache.maven.surefire.junit4.JUnit4Provider.executeWithRerun(JUnit4Provider.java:273)
	at org.apache.maven.surefire.junit4.JUnit4Provider.executeTestSet(JUnit4Provider.java:238)
	at org.apache.maven.surefire.junit4.JUnit4Provider.invoke(JUnit4Provider.java:159)
	at org.apache.maven.surefire.booter.ForkedBooter.invokeProviderInSameClassLoader(ForkedBooter.java:384)
	at org.apache.maven.surefire.booter.ForkedBooter.runSuitesInProcess(ForkedBooter.java:345)
	at org.apache.maven.surefire.booter.ForkedBooter.execute(ForkedBooter.java:126)
	at org.apache.maven.surefire.booter.ForkedBooter.main(ForkedBooter.java:418)
2020-06-22 14:22:58,379 [myid:] - ERROR [main:ZKTrustManager@162] - Failed to verify hostname: activate.navicat.com
javax.net.ssl.SSLPeerUnverifiedException: Certificate for <activate.navicat.com> doesn't match common name of the certificate subject: localhost
	at org.apache.zookeeper.common.ZKHostnameVerifier.matchCN(ZKHostnameVerifier.java:238)
	at org.apache.zookeeper.common.ZKHostnameVerifier.verify(ZKHostnameVerifier.java:184)
	at org.apache.zookeeper.common.ZKTrustManager.performHostVerification(ZKTrustManager.java:159)
	at org.apache.zookeeper.common.ZKTrustManager.checkServerTrusted(ZKTrustManager.java:90)
	at sun.security.ssl.ClientHandshaker.serverCertificate(ClientHandshaker.java:1670)
	at sun.security.ssl.ClientHandshaker.processMessage(ClientHandshaker.java:226)
	at sun.security.ssl.Handshaker.processLoop(Handshaker.java:1082)
	at sun.security.ssl.Handshaker.process_record(Handshaker.java:1010)
	at sun.security.ssl.SSLSocketImpl.readRecord(SSLSocketImpl.java:1079)
	at sun.security.ssl.SSLSocketImpl.performInitialHandshake(SSLSocketImpl.java:1388)
	at sun.security.ssl.SSLSocketImpl.startHandshake(SSLSocketImpl.java:1416)
	at sun.security.ssl.SSLSocketImpl.startHandshake(SSLSocketImpl.java:1400)
	at org.apache.zookeeper.client.FourLetterWordMain.send4LetterWord(FourLetterWordMain.java:105)
	at org.apache.zookeeper.client.FourLetterWordMain.send4LetterWord(FourLetterWordMain.java:73)
	at org.apache.zookeeper.test.ClientBase.waitForServerUp(ClientBase.java:261)
	at org.apache.zookeeper.test.ClientBase.startServerInstance(ClientBase.java:401)
	at org.apache.zookeeper.test.ClientBase.startServer(ClientBase.java:516)
	at org.apache.zookeeper.test.ClientBase.setUpWithServerId(ClientBase.java:499)
	at org.apache.zookeeper.test.ClientBase.setUp(ClientBase.java:474)
	at org.apache.zookeeper.test.SaslDigestAuthOverSSLTest.setUp(SaslDigestAuthOverSSLTest.java:62)
	at sun.reflect.NativeMethodAccessorImpl.invoke0(Native Method)
	at sun.reflect.NativeMethodAccessorImpl.invoke(NativeMethodAccessorImpl.java:62)
	at sun.reflect.DelegatingMethodAccessorImpl.invoke(DelegatingMethodAccessorImpl.java:43)
	at java.lang.reflect.Method.invoke(Method.java:498)
	at org.junit.runners.model.FrameworkMethod$1.runReflectiveCall(FrameworkMethod.java:50)
	at org.junit.internal.runners.model.ReflectiveCallable.run(ReflectiveCallable.java:12)
	at org.junit.runners.model.FrameworkMethod.invokeExplosively(FrameworkMethod.java:47)
	at mockit.integration.junit4.JUnit4TestRunnerDecorator.invokeExplosively(JUnit4TestRunnerDecorator.java:49)
	at mockit.integration.junit4.FakeFrameworkMethod.invokeExplosively(FakeFrameworkMethod.java:29)
	at org.junit.runners.model.FrameworkMethod.invokeExplosively(FrameworkMethod.java)
	at org.junit.internal.runners.statements.RunBefores.evaluate(RunBefores.java:24)
	at org.junit.internal.runners.statements.RunAfters.evaluate(RunAfters.java:27)
	at org.junit.rules.TestWatcher$1.evaluate(TestWatcher.java:55)
	at org.junit.rules.RunRules.evaluate(RunRules.java:20)
	at org.junit.runners.ParentRunner.runLeaf(ParentRunner.java:325)
	at org.junit.runners.BlockJUnit4ClassRunner.runChild(BlockJUnit4ClassRunner.java:78)
	at org.junit.runners.BlockJUnit4ClassRunner.runChild(BlockJUnit4ClassRunner.java:57)
	at org.junit.runners.ParentRunner$3.run(ParentRunner.java:290)
	at org.junit.runners.ParentRunner$1.schedule(ParentRunner.java:71)
	at org.junit.runners.ParentRunner.runChildren(ParentRunner.java:288)
	at org.junit.runners.ParentRunner.access$000(ParentRunner.java:58)
	at org.junit.runners.ParentRunner$2.evaluate(ParentRunner.java:268)
	at org.junit.internal.runners.statements.RunBefores.evaluate(RunBefores.java:26)
	at org.junit.runners.ParentRunner.run(ParentRunner.java:363)
	at org.apache.maven.surefire.junit4.JUnit4Provider.execute(JUnit4Provider.java:365)
	at org.apache.maven.surefire.junit4.JUnit4Provider.executeWithRerun(JUnit4Provider.java:273)
	at org.apache.maven.surefire.junit4.JUnit4Provider.executeTestSet(JUnit4Provider.java:238)
	at org.apache.maven.surefire.junit4.JUnit4Provider.invoke(JUnit4Provider.java:159)
	at org.apache.maven.surefire.booter.ForkedBooter.invokeProviderInSameClassLoader(ForkedBooter.java:384)
	at org.apache.maven.surefire.booter.ForkedBooter.runSuitesInProcess(ForkedBooter.java:345)
	at org.apache.maven.surefire.booter.ForkedBooter.execute(ForkedBooter.java:126)
	at org.apache.maven.surefire.booter.ForkedBooter.main(ForkedBooter.java:418)
2020-06-22 14:22:58,379 [myid:] - INFO  [main:ClientBase@270] - server 127.0.0.1:21995 not up
javax.net.ssl.SSLHandshakeException: java.security.cert.CertificateException: Failed to verify both host address and host name
	at sun.security.ssl.Alerts.getSSLException(Alerts.java:198)
	at sun.security.ssl.SSLSocketImpl.fatal(SSLSocketImpl.java:1967)
	at sun.security.ssl.Handshaker.fatalSE(Handshaker.java:331)
	at sun.security.ssl.Handshaker.fatalSE(Handshaker.java:325)
	at sun.security.ssl.ClientHandshaker.serverCertificate(ClientHandshaker.java:1688)
	at sun.security.ssl.ClientHandshaker.processMessage(ClientHandshaker.java:226)
	at sun.security.ssl.Handshaker.processLoop(Handshaker.java:1082)
	at sun.security.ssl.Handshaker.process_record(Handshaker.java:1010)
	at sun.security.ssl.SSLSocketImpl.readRecord(SSLSocketImpl.java:1079)
	at sun.security.ssl.SSLSocketImpl.performInitialHandshake(SSLSocketImpl.java:1388)
	at sun.security.ssl.SSLSocketImpl.startHandshake(SSLSocketImpl.java:1416)
	at sun.security.ssl.SSLSocketImpl.startHandshake(SSLSocketImpl.java:1400)
	at org.apache.zookeeper.client.FourLetterWordMain.send4LetterWord(FourLetterWordMain.java:105)
	at org.apache.zookeeper.client.FourLetterWordMain.send4LetterWord(FourLetterWordMain.java:73)
	at org.apache.zookeeper.test.ClientBase.waitForServerUp(ClientBase.java:261)
	at org.apache.zookeeper.test.ClientBase.startServerInstance(ClientBase.java:401)
	at org.apache.zookeeper.test.ClientBase.startServer(ClientBase.java:516)
	at org.apache.zookeeper.test.ClientBase.setUpWithServerId(ClientBase.java:499)
	at org.apache.zookeeper.test.ClientBase.setUp(ClientBase.java:474)
	at org.apache.zookeeper.test.SaslDigestAuthOverSSLTest.setUp(SaslDigestAuthOverSSLTest.java:62)
	at sun.reflect.NativeMethodAccessorImpl.invoke0(Native Method)
	at sun.reflect.NativeMethodAccessorImpl.invoke(NativeMethodAccessorImpl.java:62)
	at sun.reflect.DelegatingMethodAccessorImpl.invoke(DelegatingMethodAccessorImpl.java:43)
	at java.lang.reflect.Method.invoke(Method.java:498)
	at org.junit.runners.model.FrameworkMethod$1.runReflectiveCall(FrameworkMethod.java:50)
	at org.junit.internal.runners.model.ReflectiveCallable.run(ReflectiveCallable.java:12)
	at org.junit.runners.model.FrameworkMethod.invokeExplosively(FrameworkMethod.java:47)
	at mockit.integration.junit4.JUnit4TestRunnerDecorator.invokeExplosively(JUnit4TestRunnerDecorator.java:49)
	at mockit.integration.junit4.FakeFrameworkMethod.invokeExplosively(FakeFrameworkMethod.java:29)
	at org.junit.runners.model.FrameworkMethod.invokeExplosively(FrameworkMethod.java)
	at org.junit.internal.runners.statements.RunBefores.evaluate(RunBefores.java:24)
	at org.junit.internal.runners.statements.RunAfters.evaluate(RunAfters.java:27)
	at org.junit.rules.TestWatcher$1.evaluate(TestWatcher.java:55)
	at org.junit.rules.RunRules.evaluate(RunRules.java:20)
	at org.junit.runners.ParentRunner.runLeaf(ParentRunner.java:325)
	at org.junit.runners.BlockJUnit4ClassRunner.runChild(BlockJUnit4ClassRunner.java:78)
	at org.junit.runners.BlockJUnit4ClassRunner.runChild(BlockJUnit4ClassRunner.java:57)
	at org.junit.runners.ParentRunner$3.run(ParentRunner.java:290)
	at org.junit.runners.ParentRunner$1.schedule(ParentRunner.java:71)
	at org.junit.runners.ParentRunner.runChildren(ParentRunner.java:288)
	at org.junit.runners.ParentRunner.access$000(ParentRunner.java:58)
	at org.junit.runners.ParentRunner$2.evaluate(ParentRunner.java:268)
	at org.junit.internal.runners.statements.RunBefores.evaluate(RunBefores.java:26)
	at org.junit.runners.ParentRunner.run(ParentRunner.java:363)
	at org.apache.maven.surefire.junit4.JUnit4Provider.execute(JUnit4Provider.java:365)
	at org.apache.maven.surefire.junit4.JUnit4Provider.executeWithRerun(JUnit4Provider.java:273)
	at org.apache.maven.surefire.junit4.JUnit4Provider.executeTestSet(JUnit4Provider.java:238)
	at org.apache.maven.surefire.junit4.JUnit4Provider.invoke(JUnit4Provider.java:159)
	at org.apache.maven.surefire.booter.ForkedBooter.invokeProviderInSameClassLoader(ForkedBooter.java:384)
	at org.apache.maven.surefire.booter.ForkedBooter.runSuitesInProcess(ForkedBooter.java:345)
	at org.apache.maven.surefire.booter.ForkedBooter.execute(ForkedBooter.java:126)
	at org.apache.maven.surefire.booter.ForkedBooter.main(ForkedBooter.java:418)
Caused by: java.security.cert.CertificateException: Failed to verify both host address and host name
	at org.apache.zookeeper.common.ZKTrustManager.performHostVerification(ZKTrustManager.java:163)
	at org.apache.zookeeper.common.ZKTrustManager.checkServerTrusted(ZKTrustManager.java:90)
	at sun.security.ssl.ClientHandshaker.serverCertificate(ClientHandshaker.java:1670)
	... 47 more
Caused by: javax.net.ssl.SSLPeerUnverifiedException: Certificate for <activate.navicat.com> doesn't match common name of the certificate subject: localhost
	at org.apache.zookeeper.common.ZKHostnameVerifier.matchCN(ZKHostnameVerifier.java:238)
	at org.apache.zookeeper.common.ZKHostnameVerifier.verify(ZKHostnameVerifier.java:184)
	at org.apache.zookeeper.common.ZKTrustManager.performHostVerification(ZKTrustManager.java:159)
	... 49 more
2020-06-22 14:22:58,380 [myid:] - ERROR [nioEventLoopGroup-4-15:NettyServerCnxnFactory$CertificateVerifier@434] - Unsuccessful handshake with session 0x0
2020-06-22 14:22:58,381 [myid:] - WARN  [nioEventLoopGroup-4-15:NettyServerCnxnFactory$CnxnChannelHandler@273] - Exception caught
io.netty.handler.codec.DecoderException: javax.net.ssl.SSLException: Received fatal alert: certificate_unknown
	at io.netty.handler.codec.ByteToMessageDecoder.callDecode(ByteToMessageDecoder.java:468)
	at io.netty.handler.codec.ByteToMessageDecoder.channelRead(ByteToMessageDecoder.java:276)
	at io.netty.channel.AbstractChannelHandlerContext.invokeChannelRead(AbstractChannelHandlerContext.java:379)
	at io.netty.channel.AbstractChannelHandlerContext.invokeChannelRead(AbstractChannelHandlerContext.java:365)
	at io.netty.channel.AbstractChannelHandlerContext.fireChannelRead(AbstractChannelHandlerContext.java:357)
	at io.netty.channel.DefaultChannelPipeline$HeadContext.channelRead(DefaultChannelPipeline.java:1410)
	at io.netty.channel.AbstractChannelHandlerContext.invokeChannelRead(AbstractChannelHandlerContext.java:379)
	at io.netty.channel.AbstractChannelHandlerContext.invokeChannelRead(AbstractChannelHandlerContext.java:365)
	at io.netty.channel.DefaultChannelPipeline.fireChannelRead(DefaultChannelPipeline.java:919)
	at io.netty.channel.nio.AbstractNioByteChannel$NioByteUnsafe.read(AbstractNioByteChannel.java:163)
	at io.netty.channel.nio.NioEventLoop.processSelectedKey(NioEventLoop.java:714)
	at io.netty.channel.nio.NioEventLoop.processSelectedKeysOptimized(NioEventLoop.java:650)
	at io.netty.channel.nio.NioEventLoop.processSelectedKeys(NioEventLoop.java:576)
	at io.netty.channel.nio.NioEventLoop.run(NioEventLoop.java:493)
	at io.netty.util.concurrent.SingleThreadEventExecutor$4.run(SingleThreadEventExecutor.java:989)
	at io.netty.util.internal.ThreadExecutorMap$2.run(ThreadExecutorMap.java:74)
	at io.netty.util.concurrent.FastThreadLocalRunnable.run(FastThreadLocalRunnable.java:30)
	at java.lang.Thread.run(Thread.java:748)
Caused by: javax.net.ssl.SSLException: Received fatal alert: certificate_unknown
	at sun.security.ssl.Alerts.getSSLException(Alerts.java:214)
	at sun.security.ssl.SSLEngineImpl.fatal(SSLEngineImpl.java:1667)
	at sun.security.ssl.SSLEngineImpl.fatal(SSLEngineImpl.java:1635)
	at sun.security.ssl.SSLEngineImpl.recvAlert(SSLEngineImpl.java:1801)
	at sun.security.ssl.SSLEngineImpl.readRecord(SSLEngineImpl.java:1090)
	at sun.security.ssl.SSLEngineImpl.readNetRecord(SSLEngineImpl.java:913)
	at sun.security.ssl.SSLEngineImpl.unwrap(SSLEngineImpl.java:783)
	at javax.net.ssl.SSLEngine.unwrap(SSLEngine.java:626)
	at io.netty.handler.ssl.SslHandler$SslEngineType$3.unwrap(SslHandler.java:281)
	at io.netty.handler.ssl.SslHandler.unwrap(SslHandler.java:1340)
	at io.netty.handler.ssl.SslHandler.decodeJdkCompatible(SslHandler.java:1235)
	at io.netty.handler.ssl.SslHandler.decode(SslHandler.java:1282)
	at io.netty.handler.codec.ByteToMessageDecoder.decodeRemovalReentryProtection(ByteToMessageDecoder.java:498)
	at io.netty.handler.codec.ByteToMessageDecoder.callDecode(ByteToMessageDecoder.java:437)
	... 17 more
2020-06-22 14:22:58,381 [myid:] - WARN  [nioEventLoopGroup-4-15:NettyServerCnxnFactory$CnxnChannelHandler@273] - Exception caught
io.netty.handler.codec.DecoderException: javax.net.ssl.SSLException: Received fatal alert: certificate_unknown
	at io.netty.handler.codec.ByteToMessageDecoder.callDecode(ByteToMessageDecoder.java:468)
	at io.netty.handler.codec.ByteToMessageDecoder.channelInputClosed(ByteToMessageDecoder.java:401)
	at io.netty.handler.codec.ByteToMessageDecoder.channelInputClosed(ByteToMessageDecoder.java:368)
	at io.netty.handler.codec.ByteToMessageDecoder.channelInactive(ByteToMessageDecoder.java:351)
	at io.netty.handler.ssl.SslHandler.channelInactive(SslHandler.java:1084)
	at io.netty.channel.AbstractChannelHandlerContext.invokeChannelInactive(AbstractChannelHandlerContext.java:262)
	at io.netty.channel.AbstractChannelHandlerContext.invokeChannelInactive(AbstractChannelHandlerContext.java:248)
	at io.netty.channel.AbstractChannelHandlerContext.fireChannelInactive(AbstractChannelHandlerContext.java:241)
	at io.netty.channel.DefaultChannelPipeline$HeadContext.channelInactive(DefaultChannelPipeline.java:1405)
	at io.netty.channel.AbstractChannelHandlerContext.invokeChannelInactive(AbstractChannelHandlerContext.java:262)
	at io.netty.channel.AbstractChannelHandlerContext.invokeChannelInactive(AbstractChannelHandlerContext.java:248)
	at io.netty.channel.DefaultChannelPipeline.fireChannelInactive(DefaultChannelPipeline.java:901)
	at io.netty.channel.AbstractChannel$AbstractUnsafe$8.run(AbstractChannel.java:818)
	at io.netty.util.concurrent.AbstractEventExecutor.safeExecute(AbstractEventExecutor.java:164)
	at io.netty.util.concurrent.SingleThreadEventExecutor.runAllTasks(SingleThreadEventExecutor.java:472)
	at io.netty.channel.nio.NioEventLoop.run(NioEventLoop.java:497)
	at io.netty.util.concurrent.SingleThreadEventExecutor$4.run(SingleThreadEventExecutor.java:989)
	at io.netty.util.internal.ThreadExecutorMap$2.run(ThreadExecutorMap.java:74)
	at io.netty.util.concurrent.FastThreadLocalRunnable.run(FastThreadLocalRunnable.java:30)
	at java.lang.Thread.run(Thread.java:748)
Caused by: javax.net.ssl.SSLException: Received fatal alert: certificate_unknown
	at sun.security.ssl.Alerts.getSSLException(Alerts.java:214)
	at sun.security.ssl.SSLEngineImpl.fatal(SSLEngineImpl.java:1667)
	at sun.security.ssl.SSLEngineImpl.fatal(SSLEngineImpl.java:1635)
	at sun.security.ssl.SSLEngineImpl.recvAlert(SSLEngineImpl.java:1801)
	at sun.security.ssl.SSLEngineImpl.readRecord(SSLEngineImpl.java:1090)
	at sun.security.ssl.SSLEngineImpl.readNetRecord(SSLEngineImpl.java:913)
	at sun.security.ssl.SSLEngineImpl.unwrap(SSLEngineImpl.java:783)
	at javax.net.ssl.SSLEngine.unwrap(SSLEngine.java:626)
	at io.netty.handler.ssl.SslHandler$SslEngineType$3.unwrap(SslHandler.java:281)
	at io.netty.handler.ssl.SslHandler.unwrap(SslHandler.java:1340)
	at io.netty.handler.ssl.SslHandler.decodeJdkCompatible(SslHandler.java:1235)
	at io.netty.handler.ssl.SslHandler.decode(SslHandler.java:1282)
	at io.netty.handler.codec.ByteToMessageDecoder.decodeRemovalReentryProtection(ByteToMessageDecoder.java:498)
	at io.netty.handler.codec.ByteToMessageDecoder.callDecode(ByteToMessageDecoder.java:437)
	... 19 more
2020-06-22 14:22:58,631 [myid:] - INFO  [main:FourLetterWordMain@93] - connecting to 127.0.0.1 21995
2020-06-22 14:22:58,631 [myid:] - INFO  [main:FourLetterWordMain@99] - using secure socket
2020-06-22 14:22:58,640 [myid:] - ERROR [main:ZKTrustManager@161] - Failed to verify host address: 127.0.0.1
javax.net.ssl.SSLPeerUnverifiedException: Certificate for <127.0.0.1> doesn't match common name of the certificate subject: localhost
	at org.apache.zookeeper.common.ZKHostnameVerifier.matchCN(ZKHostnameVerifier.java:238)
	at org.apache.zookeeper.common.ZKHostnameVerifier.verify(ZKHostnameVerifier.java:184)
	at org.apache.zookeeper.common.ZKTrustManager.performHostVerification(ZKTrustManager.java:151)
	at org.apache.zookeeper.common.ZKTrustManager.checkServerTrusted(ZKTrustManager.java:90)
	at sun.security.ssl.ClientHandshaker.serverCertificate(ClientHandshaker.java:1670)
	at sun.security.ssl.ClientHandshaker.processMessage(ClientHandshaker.java:226)
	at sun.security.ssl.Handshaker.processLoop(Handshaker.java:1082)
	at sun.security.ssl.Handshaker.process_record(Handshaker.java:1010)
	at sun.security.ssl.SSLSocketImpl.readRecord(SSLSocketImpl.java:1079)
	at sun.security.ssl.SSLSocketImpl.performInitialHandshake(SSLSocketImpl.java:1388)
	at sun.security.ssl.SSLSocketImpl.startHandshake(SSLSocketImpl.java:1416)
	at sun.security.ssl.SSLSocketImpl.startHandshake(SSLSocketImpl.java:1400)
	at org.apache.zookeeper.client.FourLetterWordMain.send4LetterWord(FourLetterWordMain.java:105)
	at org.apache.zookeeper.client.FourLetterWordMain.send4LetterWord(FourLetterWordMain.java:73)
	at org.apache.zookeeper.test.ClientBase.waitForServerUp(ClientBase.java:261)
	at org.apache.zookeeper.test.ClientBase.startServerInstance(ClientBase.java:401)
	at org.apache.zookeeper.test.ClientBase.startServer(ClientBase.java:516)
	at org.apache.zookeeper.test.ClientBase.setUpWithServerId(ClientBase.java:499)
	at org.apache.zookeeper.test.ClientBase.setUp(ClientBase.java:474)
	at org.apache.zookeeper.test.SaslDigestAuthOverSSLTest.setUp(SaslDigestAuthOverSSLTest.java:62)
	at sun.reflect.NativeMethodAccessorImpl.invoke0(Native Method)
	at sun.reflect.NativeMethodAccessorImpl.invoke(NativeMethodAccessorImpl.java:62)
	at sun.reflect.DelegatingMethodAccessorImpl.invoke(DelegatingMethodAccessorImpl.java:43)
	at java.lang.reflect.Method.invoke(Method.java:498)
	at org.junit.runners.model.FrameworkMethod$1.runReflectiveCall(FrameworkMethod.java:50)
	at org.junit.internal.runners.model.ReflectiveCallable.run(ReflectiveCallable.java:12)
	at org.junit.runners.model.FrameworkMethod.invokeExplosively(FrameworkMethod.java:47)
	at mockit.integration.junit4.JUnit4TestRunnerDecorator.invokeExplosively(JUnit4TestRunnerDecorator.java:49)
	at mockit.integration.junit4.FakeFrameworkMethod.invokeExplosively(FakeFrameworkMethod.java:29)
	at org.junit.runners.model.FrameworkMethod.invokeExplosively(FrameworkMethod.java)
	at org.junit.internal.runners.statements.RunBefores.evaluate(RunBefores.java:24)
	at org.junit.internal.runners.statements.RunAfters.evaluate(RunAfters.java:27)
	at org.junit.rules.TestWatcher$1.evaluate(TestWatcher.java:55)
	at org.junit.rules.RunRules.evaluate(RunRules.java:20)
	at org.junit.runners.ParentRunner.runLeaf(ParentRunner.java:325)
	at org.junit.runners.BlockJUnit4ClassRunner.runChild(BlockJUnit4ClassRunner.java:78)
	at org.junit.runners.BlockJUnit4ClassRunner.runChild(BlockJUnit4ClassRunner.java:57)
	at org.junit.runners.ParentRunner$3.run(ParentRunner.java:290)
	at org.junit.runners.ParentRunner$1.schedule(ParentRunner.java:71)
	at org.junit.runners.ParentRunner.runChildren(ParentRunner.java:288)
	at org.junit.runners.ParentRunner.access$000(ParentRunner.java:58)
	at org.junit.runners.ParentRunner$2.evaluate(ParentRunner.java:268)
	at org.junit.internal.runners.statements.RunBefores.evaluate(RunBefores.java:26)
	at org.junit.runners.ParentRunner.run(ParentRunner.java:363)
	at org.apache.maven.surefire.junit4.JUnit4Provider.execute(JUnit4Provider.java:365)
	at org.apache.maven.surefire.junit4.JUnit4Provider.executeWithRerun(JUnit4Provider.java:273)
	at org.apache.maven.surefire.junit4.JUnit4Provider.executeTestSet(JUnit4Provider.java:238)
	at org.apache.maven.surefire.junit4.JUnit4Provider.invoke(JUnit4Provider.java:159)
	at org.apache.maven.surefire.booter.ForkedBooter.invokeProviderInSameClassLoader(ForkedBooter.java:384)
	at org.apache.maven.surefire.booter.ForkedBooter.runSuitesInProcess(ForkedBooter.java:345)
	at org.apache.maven.surefire.booter.ForkedBooter.execute(ForkedBooter.java:126)
	at org.apache.maven.surefire.booter.ForkedBooter.main(ForkedBooter.java:418)
2020-06-22 14:22:58,640 [myid:] - ERROR [main:ZKTrustManager@162] - Failed to verify hostname: activate.navicat.com
javax.net.ssl.SSLPeerUnverifiedException: Certificate for <activate.navicat.com> doesn't match common name of the certificate subject: localhost
	at org.apache.zookeeper.common.ZKHostnameVerifier.matchCN(ZKHostnameVerifier.java:238)
	at org.apache.zookeeper.common.ZKHostnameVerifier.verify(ZKHostnameVerifier.java:184)
	at org.apache.zookeeper.common.ZKTrustManager.performHostVerification(ZKTrustManager.java:159)
	at org.apache.zookeeper.common.ZKTrustManager.checkServerTrusted(ZKTrustManager.java:90)
	at sun.security.ssl.ClientHandshaker.serverCertificate(ClientHandshaker.java:1670)
	at sun.security.ssl.ClientHandshaker.processMessage(ClientHandshaker.java:226)
	at sun.security.ssl.Handshaker.processLoop(Handshaker.java:1082)
	at sun.security.ssl.Handshaker.process_record(Handshaker.java:1010)
	at sun.security.ssl.SSLSocketImpl.readRecord(SSLSocketImpl.java:1079)
	at sun.security.ssl.SSLSocketImpl.performInitialHandshake(SSLSocketImpl.java:1388)
	at sun.security.ssl.SSLSocketImpl.startHandshake(SSLSocketImpl.java:1416)
	at sun.security.ssl.SSLSocketImpl.startHandshake(SSLSocketImpl.java:1400)
	at org.apache.zookeeper.client.FourLetterWordMain.send4LetterWord(FourLetterWordMain.java:105)
	at org.apache.zookeeper.client.FourLetterWordMain.send4LetterWord(FourLetterWordMain.java:73)
	at org.apache.zookeeper.test.ClientBase.waitForServerUp(ClientBase.java:261)
	at org.apache.zookeeper.test.ClientBase.startServerInstance(ClientBase.java:401)
	at org.apache.zookeeper.test.ClientBase.startServer(ClientBase.java:516)
	at org.apache.zookeeper.test.ClientBase.setUpWithServerId(ClientBase.java:499)
	at org.apache.zookeeper.test.ClientBase.setUp(ClientBase.java:474)
	at org.apache.zookeeper.test.SaslDigestAuthOverSSLTest.setUp(SaslDigestAuthOverSSLTest.java:62)
	at sun.reflect.NativeMethodAccessorImpl.invoke0(Native Method)
	at sun.reflect.NativeMethodAccessorImpl.invoke(NativeMethodAccessorImpl.java:62)
	at sun.reflect.DelegatingMethodAccessorImpl.invoke(DelegatingMethodAccessorImpl.java:43)
	at java.lang.reflect.Method.invoke(Method.java:498)
	at org.junit.runners.model.FrameworkMethod$1.runReflectiveCall(FrameworkMethod.java:50)
	at org.junit.internal.runners.model.ReflectiveCallable.run(ReflectiveCallable.java:12)
	at org.junit.runners.model.FrameworkMethod.invokeExplosively(FrameworkMethod.java:47)
	at mockit.integration.junit4.JUnit4TestRunnerDecorator.invokeExplosively(JUnit4TestRunnerDecorator.java:49)
	at mockit.integration.junit4.FakeFrameworkMethod.invokeExplosively(FakeFrameworkMethod.java:29)
	at org.junit.runners.model.FrameworkMethod.invokeExplosively(FrameworkMethod.java)
	at org.junit.internal.runners.statements.RunBefores.evaluate(RunBefores.java:24)
	at org.junit.internal.runners.statements.RunAfters.evaluate(RunAfters.java:27)
	at org.junit.rules.TestWatcher$1.evaluate(TestWatcher.java:55)
	at org.junit.rules.RunRules.evaluate(RunRules.java:20)
	at org.junit.runners.ParentRunner.runLeaf(ParentRunner.java:325)
	at org.junit.runners.BlockJUnit4ClassRunner.runChild(BlockJUnit4ClassRunner.java:78)
	at org.junit.runners.BlockJUnit4ClassRunner.runChild(BlockJUnit4ClassRunner.java:57)
	at org.junit.runners.ParentRunner$3.run(ParentRunner.java:290)
	at org.junit.runners.ParentRunner$1.schedule(ParentRunner.java:71)
	at org.junit.runners.ParentRunner.runChildren(ParentRunner.java:288)
	at org.junit.runners.ParentRunner.access$000(ParentRunner.java:58)
	at org.junit.runners.ParentRunner$2.evaluate(ParentRunner.java:268)
	at org.junit.internal.runners.statements.RunBefores.evaluate(RunBefores.java:26)
	at org.junit.runners.ParentRunner.run(ParentRunner.java:363)
	at org.apache.maven.surefire.junit4.JUnit4Provider.execute(JUnit4Provider.java:365)
	at org.apache.maven.surefire.junit4.JUnit4Provider.executeWithRerun(JUnit4Provider.java:273)
	at org.apache.maven.surefire.junit4.JUnit4Provider.executeTestSet(JUnit4Provider.java:238)
	at org.apache.maven.surefire.junit4.JUnit4Provider.invoke(JUnit4Provider.java:159)
	at org.apache.maven.surefire.booter.ForkedBooter.invokeProviderInSameClassLoader(ForkedBooter.java:384)
	at org.apache.maven.surefire.booter.ForkedBooter.runSuitesInProcess(ForkedBooter.java:345)
	at org.apache.maven.surefire.booter.ForkedBooter.execute(ForkedBooter.java:126)
	at org.apache.maven.surefire.booter.ForkedBooter.main(ForkedBooter.java:418)
2020-06-22 14:22:58,641 [myid:] - INFO  [main:ClientBase@270] - server 127.0.0.1:21995 not up
javax.net.ssl.SSLHandshakeException: java.security.cert.CertificateException: Failed to verify both host address and host name
	at sun.security.ssl.Alerts.getSSLException(Alerts.java:198)
	at sun.security.ssl.SSLSocketImpl.fatal(SSLSocketImpl.java:1967)
	at sun.security.ssl.Handshaker.fatalSE(Handshaker.java:331)
	at sun.security.ssl.Handshaker.fatalSE(Handshaker.java:325)
	at sun.security.ssl.ClientHandshaker.serverCertificate(ClientHandshaker.java:1688)
	at sun.security.ssl.ClientHandshaker.processMessage(ClientHandshaker.java:226)
	at sun.security.ssl.Handshaker.processLoop(Handshaker.java:1082)
	at sun.security.ssl.Handshaker.process_record(Handshaker.java:1010)
	at sun.security.ssl.SSLSocketImpl.readRecord(SSLSocketImpl.java:1079)
	at sun.security.ssl.SSLSocketImpl.performInitialHandshake(SSLSocketImpl.java:1388)
	at sun.security.ssl.SSLSocketImpl.startHandshake(SSLSocketImpl.java:1416)
	at sun.security.ssl.SSLSocketImpl.startHandshake(SSLSocketImpl.java:1400)
	at org.apache.zookeeper.client.FourLetterWordMain.send4LetterWord(FourLetterWordMain.java:105)
	at org.apache.zookeeper.client.FourLetterWordMain.send4LetterWord(FourLetterWordMain.java:73)
	at org.apache.zookeeper.test.ClientBase.waitForServerUp(ClientBase.java:261)
	at org.apache.zookeeper.test.ClientBase.startServerInstance(ClientBase.java:401)
	at org.apache.zookeeper.test.ClientBase.startServer(ClientBase.java:516)
	at org.apache.zookeeper.test.ClientBase.setUpWithServerId(ClientBase.java:499)
	at org.apache.zookeeper.test.ClientBase.setUp(ClientBase.java:474)
	at org.apache.zookeeper.test.SaslDigestAuthOverSSLTest.setUp(SaslDigestAuthOverSSLTest.java:62)
	at sun.reflect.NativeMethodAccessorImpl.invoke0(Native Method)
	at sun.reflect.NativeMethodAccessorImpl.invoke(NativeMethodAccessorImpl.java:62)
	at sun.reflect.DelegatingMethodAccessorImpl.invoke(DelegatingMethodAccessorImpl.java:43)
	at java.lang.reflect.Method.invoke(Method.java:498)
	at org.junit.runners.model.FrameworkMethod$1.runReflectiveCall(FrameworkMethod.java:50)
	at org.junit.internal.runners.model.ReflectiveCallable.run(ReflectiveCallable.java:12)
	at org.junit.runners.model.FrameworkMethod.invokeExplosively(FrameworkMethod.java:47)
	at mockit.integration.junit4.JUnit4TestRunnerDecorator.invokeExplosively(JUnit4TestRunnerDecorator.java:49)
	at mockit.integration.junit4.FakeFrameworkMethod.invokeExplosively(FakeFrameworkMethod.java:29)
	at org.junit.runners.model.FrameworkMethod.invokeExplosively(FrameworkMethod.java)
	at org.junit.internal.runners.statements.RunBefores.evaluate(RunBefores.java:24)
	at org.junit.internal.runners.statements.RunAfters.evaluate(RunAfters.java:27)
	at org.junit.rules.TestWatcher$1.evaluate(TestWatcher.java:55)
	at org.junit.rules.RunRules.evaluate(RunRules.java:20)
	at org.junit.runners.ParentRunner.runLeaf(ParentRunner.java:325)
	at org.junit.runners.BlockJUnit4ClassRunner.runChild(BlockJUnit4ClassRunner.java:78)
	at org.junit.runners.BlockJUnit4ClassRunner.runChild(BlockJUnit4ClassRunner.java:57)
	at org.junit.runners.ParentRunner$3.run(ParentRunner.java:290)
	at org.junit.runners.ParentRunner$1.schedule(ParentRunner.java:71)
	at org.junit.runners.ParentRunner.runChildren(ParentRunner.java:288)
	at org.junit.runners.ParentRunner.access$000(ParentRunner.java:58)
	at org.junit.runners.ParentRunner$2.evaluate(ParentRunner.java:268)
	at org.junit.internal.runners.statements.RunBefores.evaluate(RunBefores.java:26)
	at org.junit.runners.ParentRunner.run(ParentRunner.java:363)
	at org.apache.maven.surefire.junit4.JUnit4Provider.execute(JUnit4Provider.java:365)
	at org.apache.maven.surefire.junit4.JUnit4Provider.executeWithRerun(JUnit4Provider.java:273)
	at org.apache.maven.surefire.junit4.JUnit4Provider.executeTestSet(JUnit4Provider.java:238)
	at org.apache.maven.surefire.junit4.JUnit4Provider.invoke(JUnit4Provider.java:159)
	at org.apache.maven.surefire.booter.ForkedBooter.invokeProviderInSameClassLoader(ForkedBooter.java:384)
	at org.apache.maven.surefire.booter.ForkedBooter.runSuitesInProcess(ForkedBooter.java:345)
	at org.apache.maven.surefire.booter.ForkedBooter.execute(ForkedBooter.java:126)
	at org.apache.maven.surefire.booter.ForkedBooter.main(ForkedBooter.java:418)
Caused by: java.security.cert.CertificateException: Failed to verify both host address and host name
	at org.apache.zookeeper.common.ZKTrustManager.performHostVerification(ZKTrustManager.java:163)
	at org.apache.zookeeper.common.ZKTrustManager.checkServerTrusted(ZKTrustManager.java:90)
	at sun.security.ssl.ClientHandshaker.serverCertificate(ClientHandshaker.java:1670)
	... 47 more
Caused by: javax.net.ssl.SSLPeerUnverifiedException: Certificate for <activate.navicat.com> doesn't match common name of the certificate subject: localhost
	at org.apache.zookeeper.common.ZKHostnameVerifier.matchCN(ZKHostnameVerifier.java:238)
	at org.apache.zookeeper.common.ZKHostnameVerifier.verify(ZKHostnameVerifier.java:184)
	at org.apache.zookeeper.common.ZKTrustManager.performHostVerification(ZKTrustManager.java:159)
	... 49 more
2020-06-22 14:22:58,641 [myid:] - ERROR [nioEventLoopGroup-4-16:NettyServerCnxnFactory$CertificateVerifier@434] - Unsuccessful handshake with session 0x0
2020-06-22 14:22:58,642 [myid:] - WARN  [nioEventLoopGroup-4-16:NettyServerCnxnFactory$CnxnChannelHandler@273] - Exception caught
io.netty.handler.codec.DecoderException: javax.net.ssl.SSLException: Received fatal alert: certificate_unknown
	at io.netty.handler.codec.ByteToMessageDecoder.callDecode(ByteToMessageDecoder.java:468)
	at io.netty.handler.codec.ByteToMessageDecoder.channelRead(ByteToMessageDecoder.java:276)
	at io.netty.channel.AbstractChannelHandlerContext.invokeChannelRead(AbstractChannelHandlerContext.java:379)
	at io.netty.channel.AbstractChannelHandlerContext.invokeChannelRead(AbstractChannelHandlerContext.java:365)
	at io.netty.channel.AbstractChannelHandlerContext.fireChannelRead(AbstractChannelHandlerContext.java:357)
	at io.netty.channel.DefaultChannelPipeline$HeadContext.channelRead(DefaultChannelPipeline.java:1410)
	at io.netty.channel.AbstractChannelHandlerContext.invokeChannelRead(AbstractChannelHandlerContext.java:379)
	at io.netty.channel.AbstractChannelHandlerContext.invokeChannelRead(AbstractChannelHandlerContext.java:365)
	at io.netty.channel.DefaultChannelPipeline.fireChannelRead(DefaultChannelPipeline.java:919)
	at io.netty.channel.nio.AbstractNioByteChannel$NioByteUnsafe.read(AbstractNioByteChannel.java:163)
	at io.netty.channel.nio.NioEventLoop.processSelectedKey(NioEventLoop.java:714)
	at io.netty.channel.nio.NioEventLoop.processSelectedKeysOptimized(NioEventLoop.java:650)
	at io.netty.channel.nio.NioEventLoop.processSelectedKeys(NioEventLoop.java:576)
	at io.netty.channel.nio.NioEventLoop.run(NioEventLoop.java:493)
	at io.netty.util.concurrent.SingleThreadEventExecutor$4.run(SingleThreadEventExecutor.java:989)
	at io.netty.util.internal.ThreadExecutorMap$2.run(ThreadExecutorMap.java:74)
	at io.netty.util.concurrent.FastThreadLocalRunnable.run(FastThreadLocalRunnable.java:30)
	at java.lang.Thread.run(Thread.java:748)
Caused by: javax.net.ssl.SSLException: Received fatal alert: certificate_unknown
	at sun.security.ssl.Alerts.getSSLException(Alerts.java:214)
	at sun.security.ssl.SSLEngineImpl.fatal(SSLEngineImpl.java:1667)
	at sun.security.ssl.SSLEngineImpl.fatal(SSLEngineImpl.java:1635)
	at sun.security.ssl.SSLEngineImpl.recvAlert(SSLEngineImpl.java:1801)
	at sun.security.ssl.SSLEngineImpl.readRecord(SSLEngineImpl.java:1090)
	at sun.security.ssl.SSLEngineImpl.readNetRecord(SSLEngineImpl.java:913)
	at sun.security.ssl.SSLEngineImpl.unwrap(SSLEngineImpl.java:783)
	at javax.net.ssl.SSLEngine.unwrap(SSLEngine.java:626)
	at io.netty.handler.ssl.SslHandler$SslEngineType$3.unwrap(SslHandler.java:281)
	at io.netty.handler.ssl.SslHandler.unwrap(SslHandler.java:1340)
	at io.netty.handler.ssl.SslHandler.decodeJdkCompatible(SslHandler.java:1235)
	at io.netty.handler.ssl.SslHandler.decode(SslHandler.java:1282)
	at io.netty.handler.codec.ByteToMessageDecoder.decodeRemovalReentryProtection(ByteToMessageDecoder.java:498)
	at io.netty.handler.codec.ByteToMessageDecoder.callDecode(ByteToMessageDecoder.java:437)
	... 17 more
2020-06-22 14:22:58,643 [myid:] - WARN  [nioEventLoopGroup-4-16:NettyServerCnxnFactory$CnxnChannelHandler@273] - Exception caught
io.netty.handler.codec.DecoderException: javax.net.ssl.SSLException: Received fatal alert: certificate_unknown
	at io.netty.handler.codec.ByteToMessageDecoder.callDecode(ByteToMessageDecoder.java:468)
	at io.netty.handler.codec.ByteToMessageDecoder.channelInputClosed(ByteToMessageDecoder.java:401)
	at io.netty.handler.codec.ByteToMessageDecoder.channelInputClosed(ByteToMessageDecoder.java:368)
	at io.netty.handler.codec.ByteToMessageDecoder.channelInactive(ByteToMessageDecoder.java:351)
	at io.netty.handler.ssl.SslHandler.channelInactive(SslHandler.java:1084)
	at io.netty.channel.AbstractChannelHandlerContext.invokeChannelInactive(AbstractChannelHandlerContext.java:262)
	at io.netty.channel.AbstractChannelHandlerContext.invokeChannelInactive(AbstractChannelHandlerContext.java:248)
	at io.netty.channel.AbstractChannelHandlerContext.fireChannelInactive(AbstractChannelHandlerContext.java:241)
	at io.netty.channel.DefaultChannelPipeline$HeadContext.channelInactive(DefaultChannelPipeline.java:1405)
	at io.netty.channel.AbstractChannelHandlerContext.invokeChannelInactive(AbstractChannelHandlerContext.java:262)
	at io.netty.channel.AbstractChannelHandlerContext.invokeChannelInactive(AbstractChannelHandlerContext.java:248)
	at io.netty.channel.DefaultChannelPipeline.fireChannelInactive(DefaultChannelPipeline.java:901)
	at io.netty.channel.AbstractChannel$AbstractUnsafe$8.run(AbstractChannel.java:818)
	at io.netty.util.concurrent.AbstractEventExecutor.safeExecute(AbstractEventExecutor.java:164)
	at io.netty.util.concurrent.SingleThreadEventExecutor.runAllTasks(SingleThreadEventExecutor.java:472)
	at io.netty.channel.nio.NioEventLoop.run(NioEventLoop.java:497)
	at io.netty.util.concurrent.SingleThreadEventExecutor$4.run(SingleThreadEventExecutor.java:989)
	at io.netty.util.internal.ThreadExecutorMap$2.run(ThreadExecutorMap.java:74)
	at io.netty.util.concurrent.FastThreadLocalRunnable.run(FastThreadLocalRunnable.java:30)
	at java.lang.Thread.run(Thread.java:748)
Caused by: javax.net.ssl.SSLException: Received fatal alert: certificate_unknown
	at sun.security.ssl.Alerts.getSSLException(Alerts.java:214)
	at sun.security.ssl.SSLEngineImpl.fatal(SSLEngineImpl.java:1667)
	at sun.security.ssl.SSLEngineImpl.fatal(SSLEngineImpl.java:1635)
	at sun.security.ssl.SSLEngineImpl.recvAlert(SSLEngineImpl.java:1801)
	at sun.security.ssl.SSLEngineImpl.readRecord(SSLEngineImpl.java:1090)
	at sun.security.ssl.SSLEngineImpl.readNetRecord(SSLEngineImpl.java:913)
	at sun.security.ssl.SSLEngineImpl.unwrap(SSLEngineImpl.java:783)
	at javax.net.ssl.SSLEngine.unwrap(SSLEngine.java:626)
	at io.netty.handler.ssl.SslHandler$SslEngineType$3.unwrap(SslHandler.java:281)
	at io.netty.handler.ssl.SslHandler.unwrap(SslHandler.java:1340)
	at io.netty.handler.ssl.SslHandler.decodeJdkCompatible(SslHandler.java:1235)
	at io.netty.handler.ssl.SslHandler.decode(SslHandler.java:1282)
	at io.netty.handler.codec.ByteToMessageDecoder.decodeRemovalReentryProtection(ByteToMessageDecoder.java:498)
	at io.netty.handler.codec.ByteToMessageDecoder.callDecode(ByteToMessageDecoder.java:437)
	... 19 more
2020-06-22 14:22:58,891 [myid:] - INFO  [main:FourLetterWordMain@93] - connecting to 127.0.0.1 21995
2020-06-22 14:22:58,891 [myid:] - INFO  [main:FourLetterWordMain@99] - using secure socket
2020-06-22 14:22:58,898 [myid:] - ERROR [main:ZKTrustManager@161] - Failed to verify host address: 127.0.0.1
javax.net.ssl.SSLPeerUnverifiedException: Certificate for <127.0.0.1> doesn't match common name of the certificate subject: localhost
	at org.apache.zookeeper.common.ZKHostnameVerifier.matchCN(ZKHostnameVerifier.java:238)
	at org.apache.zookeeper.common.ZKHostnameVerifier.verify(ZKHostnameVerifier.java:184)
	at org.apache.zookeeper.common.ZKTrustManager.performHostVerification(ZKTrustManager.java:151)
	at org.apache.zookeeper.common.ZKTrustManager.checkServerTrusted(ZKTrustManager.java:90)
	at sun.security.ssl.ClientHandshaker.serverCertificate(ClientHandshaker.java:1670)
	at sun.security.ssl.ClientHandshaker.processMessage(ClientHandshaker.java:226)
	at sun.security.ssl.Handshaker.processLoop(Handshaker.java:1082)
	at sun.security.ssl.Handshaker.process_record(Handshaker.java:1010)
	at sun.security.ssl.SSLSocketImpl.readRecord(SSLSocketImpl.java:1079)
	at sun.security.ssl.SSLSocketImpl.performInitialHandshake(SSLSocketImpl.java:1388)
	at sun.security.ssl.SSLSocketImpl.startHandshake(SSLSocketImpl.java:1416)
	at sun.security.ssl.SSLSocketImpl.startHandshake(SSLSocketImpl.java:1400)
	at org.apache.zookeeper.client.FourLetterWordMain.send4LetterWord(FourLetterWordMain.java:105)
	at org.apache.zookeeper.client.FourLetterWordMain.send4LetterWord(FourLetterWordMain.java:73)
	at org.apache.zookeeper.test.ClientBase.waitForServerUp(ClientBase.java:261)
	at org.apache.zookeeper.test.ClientBase.startServerInstance(ClientBase.java:401)
	at org.apache.zookeeper.test.ClientBase.startServer(ClientBase.java:516)
	at org.apache.zookeeper.test.ClientBase.setUpWithServerId(ClientBase.java:499)
	at org.apache.zookeeper.test.ClientBase.setUp(ClientBase.java:474)
	at org.apache.zookeeper.test.SaslDigestAuthOverSSLTest.setUp(SaslDigestAuthOverSSLTest.java:62)
	at sun.reflect.NativeMethodAccessorImpl.invoke0(Native Method)
	at sun.reflect.NativeMethodAccessorImpl.invoke(NativeMethodAccessorImpl.java:62)
	at sun.reflect.DelegatingMethodAccessorImpl.invoke(DelegatingMethodAccessorImpl.java:43)
	at java.lang.reflect.Method.invoke(Method.java:498)
	at org.junit.runners.model.FrameworkMethod$1.runReflectiveCall(FrameworkMethod.java:50)
	at org.junit.internal.runners.model.ReflectiveCallable.run(ReflectiveCallable.java:12)
	at org.junit.runners.model.FrameworkMethod.invokeExplosively(FrameworkMethod.java:47)
	at mockit.integration.junit4.JUnit4TestRunnerDecorator.invokeExplosively(JUnit4TestRunnerDecorator.java:49)
	at mockit.integration.junit4.FakeFrameworkMethod.invokeExplosively(FakeFrameworkMethod.java:29)
	at org.junit.runners.model.FrameworkMethod.invokeExplosively(FrameworkMethod.java)
	at org.junit.internal.runners.statements.RunBefores.evaluate(RunBefores.java:24)
	at org.junit.internal.runners.statements.RunAfters.evaluate(RunAfters.java:27)
	at org.junit.rules.TestWatcher$1.evaluate(TestWatcher.java:55)
	at org.junit.rules.RunRules.evaluate(RunRules.java:20)
	at org.junit.runners.ParentRunner.runLeaf(ParentRunner.java:325)
	at org.junit.runners.BlockJUnit4ClassRunner.runChild(BlockJUnit4ClassRunner.java:78)
	at org.junit.runners.BlockJUnit4ClassRunner.runChild(BlockJUnit4ClassRunner.java:57)
	at org.junit.runners.ParentRunner$3.run(ParentRunner.java:290)
	at org.junit.runners.ParentRunner$1.schedule(ParentRunner.java:71)
	at org.junit.runners.ParentRunner.runChildren(ParentRunner.java:288)
	at org.junit.runners.ParentRunner.access$000(ParentRunner.java:58)
	at org.junit.runners.ParentRunner$2.evaluate(ParentRunner.java:268)
	at org.junit.internal.runners.statements.RunBefores.evaluate(RunBefores.java:26)
	at org.junit.runners.ParentRunner.run(ParentRunner.java:363)
	at org.apache.maven.surefire.junit4.JUnit4Provider.execute(JUnit4Provider.java:365)
	at org.apache.maven.surefire.junit4.JUnit4Provider.executeWithRerun(JUnit4Provider.java:273)
	at org.apache.maven.surefire.junit4.JUnit4Provider.executeTestSet(JUnit4Provider.java:238)
	at org.apache.maven.surefire.junit4.JUnit4Provider.invoke(JUnit4Provider.java:159)
	at org.apache.maven.surefire.booter.ForkedBooter.invokeProviderInSameClassLoader(ForkedBooter.java:384)
	at org.apache.maven.surefire.booter.ForkedBooter.runSuitesInProcess(ForkedBooter.java:345)
	at org.apache.maven.surefire.booter.ForkedBooter.execute(ForkedBooter.java:126)
	at org.apache.maven.surefire.booter.ForkedBooter.main(ForkedBooter.java:418)
2020-06-22 14:22:58,898 [myid:] - ERROR [main:ZKTrustManager@162] - Failed to verify hostname: activate.navicat.com
javax.net.ssl.SSLPeerUnverifiedException: Certificate for <activate.navicat.com> doesn't match common name of the certificate subject: localhost
	at org.apache.zookeeper.common.ZKHostnameVerifier.matchCN(ZKHostnameVerifier.java:238)
	at org.apache.zookeeper.common.ZKHostnameVerifier.verify(ZKHostnameVerifier.java:184)
	at org.apache.zookeeper.common.ZKTrustManager.performHostVerification(ZKTrustManager.java:159)
	at org.apache.zookeeper.common.ZKTrustManager.checkServerTrusted(ZKTrustManager.java:90)
	at sun.security.ssl.ClientHandshaker.serverCertificate(ClientHandshaker.java:1670)
	at sun.security.ssl.ClientHandshaker.processMessage(ClientHandshaker.java:226)
	at sun.security.ssl.Handshaker.processLoop(Handshaker.java:1082)
	at sun.security.ssl.Handshaker.process_record(Handshaker.java:1010)
	at sun.security.ssl.SSLSocketImpl.readRecord(SSLSocketImpl.java:1079)
	at sun.security.ssl.SSLSocketImpl.performInitialHandshake(SSLSocketImpl.java:1388)
	at sun.security.ssl.SSLSocketImpl.startHandshake(SSLSocketImpl.java:1416)
	at sun.security.ssl.SSLSocketImpl.startHandshake(SSLSocketImpl.java:1400)
	at org.apache.zookeeper.client.FourLetterWordMain.send4LetterWord(FourLetterWordMain.java:105)
	at org.apache.zookeeper.client.FourLetterWordMain.send4LetterWord(FourLetterWordMain.java:73)
	at org.apache.zookeeper.test.ClientBase.waitForServerUp(ClientBase.java:261)
	at org.apache.zookeeper.test.ClientBase.startServerInstance(ClientBase.java:401)
	at org.apache.zookeeper.test.ClientBase.startServer(ClientBase.java:516)
	at org.apache.zookeeper.test.ClientBase.setUpWithServerId(ClientBase.java:499)
	at org.apache.zookeeper.test.ClientBase.setUp(ClientBase.java:474)
	at org.apache.zookeeper.test.SaslDigestAuthOverSSLTest.setUp(SaslDigestAuthOverSSLTest.java:62)
	at sun.reflect.NativeMethodAccessorImpl.invoke0(Native Method)
	at sun.reflect.NativeMethodAccessorImpl.invoke(NativeMethodAccessorImpl.java:62)
	at sun.reflect.DelegatingMethodAccessorImpl.invoke(DelegatingMethodAccessorImpl.java:43)
	at java.lang.reflect.Method.invoke(Method.java:498)
	at org.junit.runners.model.FrameworkMethod$1.runReflectiveCall(FrameworkMethod.java:50)
	at org.junit.internal.runners.model.ReflectiveCallable.run(ReflectiveCallable.java:12)
	at org.junit.runners.model.FrameworkMethod.invokeExplosively(FrameworkMethod.java:47)
	at mockit.integration.junit4.JUnit4TestRunnerDecorator.invokeExplosively(JUnit4TestRunnerDecorator.java:49)
	at mockit.integration.junit4.FakeFrameworkMethod.invokeExplosively(FakeFrameworkMethod.java:29)
	at org.junit.runners.model.FrameworkMethod.invokeExplosively(FrameworkMethod.java)
	at org.junit.internal.runners.statements.RunBefores.evaluate(RunBefores.java:24)
	at org.junit.internal.runners.statements.RunAfters.evaluate(RunAfters.java:27)
	at org.junit.rules.TestWatcher$1.evaluate(TestWatcher.java:55)
	at org.junit.rules.RunRules.evaluate(RunRules.java:20)
	at org.junit.runners.ParentRunner.runLeaf(ParentRunner.java:325)
	at org.junit.runners.BlockJUnit4ClassRunner.runChild(BlockJUnit4ClassRunner.java:78)
	at org.junit.runners.BlockJUnit4ClassRunner.runChild(BlockJUnit4ClassRunner.java:57)
	at org.junit.runners.ParentRunner$3.run(ParentRunner.java:290)
	at org.junit.runners.ParentRunner$1.schedule(ParentRunner.java:71)
	at org.junit.runners.ParentRunner.runChildren(ParentRunner.java:288)
	at org.junit.runners.ParentRunner.access$000(ParentRunner.java:58)
	at org.junit.runners.ParentRunner$2.evaluate(ParentRunner.java:268)
	at org.junit.internal.runners.statements.RunBefores.evaluate(RunBefores.java:26)
	at org.junit.runners.ParentRunner.run(ParentRunner.java:363)
	at org.apache.maven.surefire.junit4.JUnit4Provider.execute(JUnit4Provider.java:365)
	at org.apache.maven.surefire.junit4.JUnit4Provider.executeWithRerun(JUnit4Provider.java:273)
	at org.apache.maven.surefire.junit4.JUnit4Provider.executeTestSet(JUnit4Provider.java:238)
	at org.apache.maven.surefire.junit4.JUnit4Provider.invoke(JUnit4Provider.java:159)
	at org.apache.maven.surefire.booter.ForkedBooter.invokeProviderInSameClassLoader(ForkedBooter.java:384)
	at org.apache.maven.surefire.booter.ForkedBooter.runSuitesInProcess(ForkedBooter.java:345)
	at org.apache.maven.surefire.booter.ForkedBooter.execute(ForkedBooter.java:126)
	at org.apache.maven.surefire.booter.ForkedBooter.main(ForkedBooter.java:418)
2020-06-22 14:22:58,898 [myid:] - INFO  [main:ClientBase@270] - server 127.0.0.1:21995 not up
javax.net.ssl.SSLHandshakeException: java.security.cert.CertificateException: Failed to verify both host address and host name
	at sun.security.ssl.Alerts.getSSLException(Alerts.java:198)
	at sun.security.ssl.SSLSocketImpl.fatal(SSLSocketImpl.java:1967)
	at sun.security.ssl.Handshaker.fatalSE(Handshaker.java:331)
	at sun.security.ssl.Handshaker.fatalSE(Handshaker.java:325)
	at sun.security.ssl.ClientHandshaker.serverCertificate(ClientHandshaker.java:1688)
	at sun.security.ssl.ClientHandshaker.processMessage(ClientHandshaker.java:226)
	at sun.security.ssl.Handshaker.processLoop(Handshaker.java:1082)
	at sun.security.ssl.Handshaker.process_record(Handshaker.java:1010)
	at sun.security.ssl.SSLSocketImpl.readRecord(SSLSocketImpl.java:1079)
	at sun.security.ssl.SSLSocketImpl.performInitialHandshake(SSLSocketImpl.java:1388)
	at sun.security.ssl.SSLSocketImpl.startHandshake(SSLSocketImpl.java:1416)
	at sun.security.ssl.SSLSocketImpl.startHandshake(SSLSocketImpl.java:1400)
	at org.apache.zookeeper.client.FourLetterWordMain.send4LetterWord(FourLetterWordMain.java:105)
	at org.apache.zookeeper.client.FourLetterWordMain.send4LetterWord(FourLetterWordMain.java:73)
	at org.apache.zookeeper.test.ClientBase.waitForServerUp(ClientBase.java:261)
	at org.apache.zookeeper.test.ClientBase.startServerInstance(ClientBase.java:401)
	at org.apache.zookeeper.test.ClientBase.startServer(ClientBase.java:516)
	at org.apache.zookeeper.test.ClientBase.setUpWithServerId(ClientBase.java:499)
	at org.apache.zookeeper.test.ClientBase.setUp(ClientBase.java:474)
	at org.apache.zookeeper.test.SaslDigestAuthOverSSLTest.setUp(SaslDigestAuthOverSSLTest.java:62)
	at sun.reflect.NativeMethodAccessorImpl.invoke0(Native Method)
	at sun.reflect.NativeMethodAccessorImpl.invoke(NativeMethodAccessorImpl.java:62)
	at sun.reflect.DelegatingMethodAccessorImpl.invoke(DelegatingMethodAccessorImpl.java:43)
	at java.lang.reflect.Method.invoke(Method.java:498)
	at org.junit.runners.model.FrameworkMethod$1.runReflectiveCall(FrameworkMethod.java:50)
	at org.junit.internal.runners.model.ReflectiveCallable.run(ReflectiveCallable.java:12)
	at org.junit.runners.model.FrameworkMethod.invokeExplosively(FrameworkMethod.java:47)
	at mockit.integration.junit4.JUnit4TestRunnerDecorator.invokeExplosively(JUnit4TestRunnerDecorator.java:49)
	at mockit.integration.junit4.FakeFrameworkMethod.invokeExplosively(FakeFrameworkMethod.java:29)
	at org.junit.runners.model.FrameworkMethod.invokeExplosively(FrameworkMethod.java)
	at org.junit.internal.runners.statements.RunBefores.evaluate(RunBefores.java:24)
	at org.junit.internal.runners.statements.RunAfters.evaluate(RunAfters.java:27)
	at org.junit.rules.TestWatcher$1.evaluate(TestWatcher.java:55)
	at org.junit.rules.RunRules.evaluate(RunRules.java:20)
	at org.junit.runners.ParentRunner.runLeaf(ParentRunner.java:325)
	at org.junit.runners.BlockJUnit4ClassRunner.runChild(BlockJUnit4ClassRunner.java:78)
	at org.junit.runners.BlockJUnit4ClassRunner.runChild(BlockJUnit4ClassRunner.java:57)
	at org.junit.runners.ParentRunner$3.run(ParentRunner.java:290)
	at org.junit.runners.ParentRunner$1.schedule(ParentRunner.java:71)
	at org.junit.runners.ParentRunner.runChildren(ParentRunner.java:288)
	at org.junit.runners.ParentRunner.access$000(ParentRunner.java:58)
	at org.junit.runners.ParentRunner$2.evaluate(ParentRunner.java:268)
	at org.junit.internal.runners.statements.RunBefores.evaluate(RunBefores.java:26)
	at org.junit.runners.ParentRunner.run(ParentRunner.java:363)
	at org.apache.maven.surefire.junit4.JUnit4Provider.execute(JUnit4Provider.java:365)
	at org.apache.maven.surefire.junit4.JUnit4Provider.executeWithRerun(JUnit4Provider.java:273)
	at org.apache.maven.surefire.junit4.JUnit4Provider.executeTestSet(JUnit4Provider.java:238)
	at org.apache.maven.surefire.junit4.JUnit4Provider.invoke(JUnit4Provider.java:159)
	at org.apache.maven.surefire.booter.ForkedBooter.invokeProviderInSameClassLoader(ForkedBooter.java:384)
	at org.apache.maven.surefire.booter.ForkedBooter.runSuitesInProcess(ForkedBooter.java:345)
	at org.apache.maven.surefire.booter.ForkedBooter.execute(ForkedBooter.java:126)
	at org.apache.maven.surefire.booter.ForkedBooter.main(ForkedBooter.java:418)
Caused by: java.security.cert.CertificateException: Failed to verify both host address and host name
	at org.apache.zookeeper.common.ZKTrustManager.performHostVerification(ZKTrustManager.java:163)
	at org.apache.zookeeper.common.ZKTrustManager.checkServerTrusted(ZKTrustManager.java:90)
	at sun.security.ssl.ClientHandshaker.serverCertificate(ClientHandshaker.java:1670)
	... 47 more
Caused by: javax.net.ssl.SSLPeerUnverifiedException: Certificate for <activate.navicat.com> doesn't match common name of the certificate subject: localhost
	at org.apache.zookeeper.common.ZKHostnameVerifier.matchCN(ZKHostnameVerifier.java:238)
	at org.apache.zookeeper.common.ZKHostnameVerifier.verify(ZKHostnameVerifier.java:184)
	at org.apache.zookeeper.common.ZKTrustManager.performHostVerification(ZKTrustManager.java:159)
	... 49 more
2020-06-22 14:22:58,899 [myid:] - ERROR [nioEventLoopGroup-4-1:NettyServerCnxnFactory$CertificateVerifier@434] - Unsuccessful handshake with session 0x0
2020-06-22 14:22:58,899 [myid:] - WARN  [nioEventLoopGroup-4-1:NettyServerCnxnFactory$CnxnChannelHandler@273] - Exception caught
io.netty.handler.codec.DecoderException: javax.net.ssl.SSLException: Received fatal alert: certificate_unknown
	at io.netty.handler.codec.ByteToMessageDecoder.callDecode(ByteToMessageDecoder.java:468)
	at io.netty.handler.codec.ByteToMessageDecoder.channelRead(ByteToMessageDecoder.java:276)
	at io.netty.channel.AbstractChannelHandlerContext.invokeChannelRead(AbstractChannelHandlerContext.java:379)
	at io.netty.channel.AbstractChannelHandlerContext.invokeChannelRead(AbstractChannelHandlerContext.java:365)
	at io.netty.channel.AbstractChannelHandlerContext.fireChannelRead(AbstractChannelHandlerContext.java:357)
	at io.netty.channel.DefaultChannelPipeline$HeadContext.channelRead(DefaultChannelPipeline.java:1410)
	at io.netty.channel.AbstractChannelHandlerContext.invokeChannelRead(AbstractChannelHandlerContext.java:379)
	at io.netty.channel.AbstractChannelHandlerContext.invokeChannelRead(AbstractChannelHandlerContext.java:365)
	at io.netty.channel.DefaultChannelPipeline.fireChannelRead(DefaultChannelPipeline.java:919)
	at io.netty.channel.nio.AbstractNioByteChannel$NioByteUnsafe.read(AbstractNioByteChannel.java:163)
	at io.netty.channel.nio.NioEventLoop.processSelectedKey(NioEventLoop.java:714)
	at io.netty.channel.nio.NioEventLoop.processSelectedKeysOptimized(NioEventLoop.java:650)
	at io.netty.channel.nio.NioEventLoop.processSelectedKeys(NioEventLoop.java:576)
	at io.netty.channel.nio.NioEventLoop.run(NioEventLoop.java:493)
	at io.netty.util.concurrent.SingleThreadEventExecutor$4.run(SingleThreadEventExecutor.java:989)
	at io.netty.util.internal.ThreadExecutorMap$2.run(ThreadExecutorMap.java:74)
	at io.netty.util.concurrent.FastThreadLocalRunnable.run(FastThreadLocalRunnable.java:30)
	at java.lang.Thread.run(Thread.java:748)
Caused by: javax.net.ssl.SSLException: Received fatal alert: certificate_unknown
	at sun.security.ssl.Alerts.getSSLException(Alerts.java:214)
	at sun.security.ssl.SSLEngineImpl.fatal(SSLEngineImpl.java:1667)
	at sun.security.ssl.SSLEngineImpl.fatal(SSLEngineImpl.java:1635)
	at sun.security.ssl.SSLEngineImpl.recvAlert(SSLEngineImpl.java:1801)
	at sun.security.ssl.SSLEngineImpl.readRecord(SSLEngineImpl.java:1090)
	at sun.security.ssl.SSLEngineImpl.readNetRecord(SSLEngineImpl.java:913)
	at sun.security.ssl.SSLEngineImpl.unwrap(SSLEngineImpl.java:783)
	at javax.net.ssl.SSLEngine.unwrap(SSLEngine.java:626)
	at io.netty.handler.ssl.SslHandler$SslEngineType$3.unwrap(SslHandler.java:281)
	at io.netty.handler.ssl.SslHandler.unwrap(SslHandler.java:1340)
	at io.netty.handler.ssl.SslHandler.decodeJdkCompatible(SslHandler.java:1235)
	at io.netty.handler.ssl.SslHandler.decode(SslHandler.java:1282)
	at io.netty.handler.codec.ByteToMessageDecoder.decodeRemovalReentryProtection(ByteToMessageDecoder.java:498)
	at io.netty.handler.codec.ByteToMessageDecoder.callDecode(ByteToMessageDecoder.java:437)
	... 17 more
2020-06-22 14:22:58,900 [myid:] - WARN  [nioEventLoopGroup-4-1:NettyServerCnxnFactory$CnxnChannelHandler@273] - Exception caught
io.netty.handler.codec.DecoderException: javax.net.ssl.SSLException: Received fatal alert: certificate_unknown
	at io.netty.handler.codec.ByteToMessageDecoder.callDecode(ByteToMessageDecoder.java:468)
	at io.netty.handler.codec.ByteToMessageDecoder.channelInputClosed(ByteToMessageDecoder.java:401)
	at io.netty.handler.codec.ByteToMessageDecoder.channelInputClosed(ByteToMessageDecoder.java:368)
	at io.netty.handler.codec.ByteToMessageDecoder.channelInactive(ByteToMessageDecoder.java:351)
	at io.netty.handler.ssl.SslHandler.channelInactive(SslHandler.java:1084)
	at io.netty.channel.AbstractChannelHandlerContext.invokeChannelInactive(AbstractChannelHandlerContext.java:262)
	at io.netty.channel.AbstractChannelHandlerContext.invokeChannelInactive(AbstractChannelHandlerContext.java:248)
	at io.netty.channel.AbstractChannelHandlerContext.fireChannelInactive(AbstractChannelHandlerContext.java:241)
	at io.netty.channel.DefaultChannelPipeline$HeadContext.channelInactive(DefaultChannelPipeline.java:1405)
	at io.netty.channel.AbstractChannelHandlerContext.invokeChannelInactive(AbstractChannelHandlerContext.java:262)
	at io.netty.channel.AbstractChannelHandlerContext.invokeChannelInactive(AbstractChannelHandlerContext.java:248)
	at io.netty.channel.DefaultChannelPipeline.fireChannelInactive(DefaultChannelPipeline.java:901)
	at io.netty.channel.AbstractChannel$AbstractUnsafe$8.run(AbstractChannel.java:818)
	at io.netty.util.concurrent.AbstractEventExecutor.safeExecute(AbstractEventExecutor.java:164)
	at io.netty.util.concurrent.SingleThreadEventExecutor.runAllTasks(SingleThreadEventExecutor.java:472)
	at io.netty.channel.nio.NioEventLoop.run(NioEventLoop.java:497)
	at io.netty.util.concurrent.SingleThreadEventExecutor$4.run(SingleThreadEventExecutor.java:989)
	at io.netty.util.internal.ThreadExecutorMap$2.run(ThreadExecutorMap.java:74)
	at io.netty.util.concurrent.FastThreadLocalRunnable.run(FastThreadLocalRunnable.java:30)
	at java.lang.Thread.run(Thread.java:748)
Caused by: javax.net.ssl.SSLException: Received fatal alert: certificate_unknown
	at sun.security.ssl.Alerts.getSSLException(Alerts.java:214)
	at sun.security.ssl.SSLEngineImpl.fatal(SSLEngineImpl.java:1667)
	at sun.security.ssl.SSLEngineImpl.fatal(SSLEngineImpl.java:1635)
	at sun.security.ssl.SSLEngineImpl.recvAlert(SSLEngineImpl.java:1801)
	at sun.security.ssl.SSLEngineImpl.readRecord(SSLEngineImpl.java:1090)
	at sun.security.ssl.SSLEngineImpl.readNetRecord(SSLEngineImpl.java:913)
	at sun.security.ssl.SSLEngineImpl.unwrap(SSLEngineImpl.java:783)
	at javax.net.ssl.SSLEngine.unwrap(SSLEngine.java:626)
	at io.netty.handler.ssl.SslHandler$SslEngineType$3.unwrap(SslHandler.java:281)
	at io.netty.handler.ssl.SslHandler.unwrap(SslHandler.java:1340)
	at io.netty.handler.ssl.SslHandler.decodeJdkCompatible(SslHandler.java:1235)
	at io.netty.handler.ssl.SslHandler.decode(SslHandler.java:1282)
	at io.netty.handler.codec.ByteToMessageDecoder.decodeRemovalReentryProtection(ByteToMessageDecoder.java:498)
	at io.netty.handler.codec.ByteToMessageDecoder.callDecode(ByteToMessageDecoder.java:437)
	... 19 more
2020-06-22 14:22:59,149 [myid:] - INFO  [main:FourLetterWordMain@93] - connecting to 127.0.0.1 21995
2020-06-22 14:22:59,149 [myid:] - INFO  [main:FourLetterWordMain@99] - using secure socket
2020-06-22 14:22:59,156 [myid:] - ERROR [main:ZKTrustManager@161] - Failed to verify host address: 127.0.0.1
javax.net.ssl.SSLPeerUnverifiedException: Certificate for <127.0.0.1> doesn't match common name of the certificate subject: localhost
	at org.apache.zookeeper.common.ZKHostnameVerifier.matchCN(ZKHostnameVerifier.java:238)
	at org.apache.zookeeper.common.ZKHostnameVerifier.verify(ZKHostnameVerifier.java:184)
	at org.apache.zookeeper.common.ZKTrustManager.performHostVerification(ZKTrustManager.java:151)
	at org.apache.zookeeper.common.ZKTrustManager.checkServerTrusted(ZKTrustManager.java:90)
	at sun.security.ssl.ClientHandshaker.serverCertificate(ClientHandshaker.java:1670)
	at sun.security.ssl.ClientHandshaker.processMessage(ClientHandshaker.java:226)
	at sun.security.ssl.Handshaker.processLoop(Handshaker.java:1082)
	at sun.security.ssl.Handshaker.process_record(Handshaker.java:1010)
	at sun.security.ssl.SSLSocketImpl.readRecord(SSLSocketImpl.java:1079)
	at sun.security.ssl.SSLSocketImpl.performInitialHandshake(SSLSocketImpl.java:1388)
	at sun.security.ssl.SSLSocketImpl.startHandshake(SSLSocketImpl.java:1416)
	at sun.security.ssl.SSLSocketImpl.startHandshake(SSLSocketImpl.java:1400)
	at org.apache.zookeeper.client.FourLetterWordMain.send4LetterWord(FourLetterWordMain.java:105)
	at org.apache.zookeeper.client.FourLetterWordMain.send4LetterWord(FourLetterWordMain.java:73)
	at org.apache.zookeeper.test.ClientBase.waitForServerUp(ClientBase.java:261)
	at org.apache.zookeeper.test.ClientBase.startServerInstance(ClientBase.java:401)
	at org.apache.zookeeper.test.ClientBase.startServer(ClientBase.java:516)
	at org.apache.zookeeper.test.ClientBase.setUpWithServerId(ClientBase.java:499)
	at org.apache.zookeeper.test.ClientBase.setUp(ClientBase.java:474)
	at org.apache.zookeeper.test.SaslDigestAuthOverSSLTest.setUp(SaslDigestAuthOverSSLTest.java:62)
	at sun.reflect.NativeMethodAccessorImpl.invoke0(Native Method)
	at sun.reflect.NativeMethodAccessorImpl.invoke(NativeMethodAccessorImpl.java:62)
	at sun.reflect.DelegatingMethodAccessorImpl.invoke(DelegatingMethodAccessorImpl.java:43)
	at java.lang.reflect.Method.invoke(Method.java:498)
	at org.junit.runners.model.FrameworkMethod$1.runReflectiveCall(FrameworkMethod.java:50)
	at org.junit.internal.runners.model.ReflectiveCallable.run(ReflectiveCallable.java:12)
	at org.junit.runners.model.FrameworkMethod.invokeExplosively(FrameworkMethod.java:47)
	at mockit.integration.junit4.JUnit4TestRunnerDecorator.invokeExplosively(JUnit4TestRunnerDecorator.java:49)
	at mockit.integration.junit4.FakeFrameworkMethod.invokeExplosively(FakeFrameworkMethod.java:29)
	at org.junit.runners.model.FrameworkMethod.invokeExplosively(FrameworkMethod.java)
	at org.junit.internal.runners.statements.RunBefores.evaluate(RunBefores.java:24)
	at org.junit.internal.runners.statements.RunAfters.evaluate(RunAfters.java:27)
	at org.junit.rules.TestWatcher$1.evaluate(TestWatcher.java:55)
	at org.junit.rules.RunRules.evaluate(RunRules.java:20)
	at org.junit.runners.ParentRunner.runLeaf(ParentRunner.java:325)
	at org.junit.runners.BlockJUnit4ClassRunner.runChild(BlockJUnit4ClassRunner.java:78)
	at org.junit.runners.BlockJUnit4ClassRunner.runChild(BlockJUnit4ClassRunner.java:57)
	at org.junit.runners.ParentRunner$3.run(ParentRunner.java:290)
	at org.junit.runners.ParentRunner$1.schedule(ParentRunner.java:71)
	at org.junit.runners.ParentRunner.runChildren(ParentRunner.java:288)
	at org.junit.runners.ParentRunner.access$000(ParentRunner.java:58)
	at org.junit.runners.ParentRunner$2.evaluate(ParentRunner.java:268)
	at org.junit.internal.runners.statements.RunBefores.evaluate(RunBefores.java:26)
	at org.junit.runners.ParentRunner.run(ParentRunner.java:363)
	at org.apache.maven.surefire.junit4.JUnit4Provider.execute(JUnit4Provider.java:365)
	at org.apache.maven.surefire.junit4.JUnit4Provider.executeWithRerun(JUnit4Provider.java:273)
	at org.apache.maven.surefire.junit4.JUnit4Provider.executeTestSet(JUnit4Provider.java:238)
	at org.apache.maven.surefire.junit4.JUnit4Provider.invoke(JUnit4Provider.java:159)
	at org.apache.maven.surefire.booter.ForkedBooter.invokeProviderInSameClassLoader(ForkedBooter.java:384)
	at org.apache.maven.surefire.booter.ForkedBooter.runSuitesInProcess(ForkedBooter.java:345)
	at org.apache.maven.surefire.booter.ForkedBooter.execute(ForkedBooter.java:126)
	at org.apache.maven.surefire.booter.ForkedBooter.main(ForkedBooter.java:418)
2020-06-22 14:22:59,156 [myid:] - ERROR [main:ZKTrustManager@162] - Failed to verify hostname: activate.navicat.com
javax.net.ssl.SSLPeerUnverifiedException: Certificate for <activate.navicat.com> doesn't match common name of the certificate subject: localhost
	at org.apache.zookeeper.common.ZKHostnameVerifier.matchCN(ZKHostnameVerifier.java:238)
	at org.apache.zookeeper.common.ZKHostnameVerifier.verify(ZKHostnameVerifier.java:184)
	at org.apache.zookeeper.common.ZKTrustManager.performHostVerification(ZKTrustManager.java:159)
	at org.apache.zookeeper.common.ZKTrustManager.checkServerTrusted(ZKTrustManager.java:90)
	at sun.security.ssl.ClientHandshaker.serverCertificate(ClientHandshaker.java:1670)
	at sun.security.ssl.ClientHandshaker.processMessage(ClientHandshaker.java:226)
	at sun.security.ssl.Handshaker.processLoop(Handshaker.java:1082)
	at sun.security.ssl.Handshaker.process_record(Handshaker.java:1010)
	at sun.security.ssl.SSLSocketImpl.readRecord(SSLSocketImpl.java:1079)
	at sun.security.ssl.SSLSocketImpl.performInitialHandshake(SSLSocketImpl.java:1388)
	at sun.security.ssl.SSLSocketImpl.startHandshake(SSLSocketImpl.java:1416)
	at sun.security.ssl.SSLSocketImpl.startHandshake(SSLSocketImpl.java:1400)
	at org.apache.zookeeper.client.FourLetterWordMain.send4LetterWord(FourLetterWordMain.java:105)
	at org.apache.zookeeper.client.FourLetterWordMain.send4LetterWord(FourLetterWordMain.java:73)
	at org.apache.zookeeper.test.ClientBase.waitForServerUp(ClientBase.java:261)
	at org.apache.zookeeper.test.ClientBase.startServerInstance(ClientBase.java:401)
	at org.apache.zookeeper.test.ClientBase.startServer(ClientBase.java:516)
	at org.apache.zookeeper.test.ClientBase.setUpWithServerId(ClientBase.java:499)
	at org.apache.zookeeper.test.ClientBase.setUp(ClientBase.java:474)
	at org.apache.zookeeper.test.SaslDigestAuthOverSSLTest.setUp(SaslDigestAuthOverSSLTest.java:62)
	at sun.reflect.NativeMethodAccessorImpl.invoke0(Native Method)
	at sun.reflect.NativeMethodAccessorImpl.invoke(NativeMethodAccessorImpl.java:62)
	at sun.reflect.DelegatingMethodAccessorImpl.invoke(DelegatingMethodAccessorImpl.java:43)
	at java.lang.reflect.Method.invoke(Method.java:498)
	at org.junit.runners.model.FrameworkMethod$1.runReflectiveCall(FrameworkMethod.java:50)
	at org.junit.internal.runners.model.ReflectiveCallable.run(ReflectiveCallable.java:12)
	at org.junit.runners.model.FrameworkMethod.invokeExplosively(FrameworkMethod.java:47)
	at mockit.integration.junit4.JUnit4TestRunnerDecorator.invokeExplosively(JUnit4TestRunnerDecorator.java:49)
	at mockit.integration.junit4.FakeFrameworkMethod.invokeExplosively(FakeFrameworkMethod.java:29)
	at org.junit.runners.model.FrameworkMethod.invokeExplosively(FrameworkMethod.java)
	at org.junit.internal.runners.statements.RunBefores.evaluate(RunBefores.java:24)
	at org.junit.internal.runners.statements.RunAfters.evaluate(RunAfters.java:27)
	at org.junit.rules.TestWatcher$1.evaluate(TestWatcher.java:55)
	at org.junit.rules.RunRules.evaluate(RunRules.java:20)
	at org.junit.runners.ParentRunner.runLeaf(ParentRunner.java:325)
	at org.junit.runners.BlockJUnit4ClassRunner.runChild(BlockJUnit4ClassRunner.java:78)
	at org.junit.runners.BlockJUnit4ClassRunner.runChild(BlockJUnit4ClassRunner.java:57)
	at org.junit.runners.ParentRunner$3.run(ParentRunner.java:290)
	at org.junit.runners.ParentRunner$1.schedule(ParentRunner.java:71)
	at org.junit.runners.ParentRunner.runChildren(ParentRunner.java:288)
	at org.junit.runners.ParentRunner.access$000(ParentRunner.java:58)
	at org.junit.runners.ParentRunner$2.evaluate(ParentRunner.java:268)
	at org.junit.internal.runners.statements.RunBefores.evaluate(RunBefores.java:26)
	at org.junit.runners.ParentRunner.run(ParentRunner.java:363)
	at org.apache.maven.surefire.junit4.JUnit4Provider.execute(JUnit4Provider.java:365)
	at org.apache.maven.surefire.junit4.JUnit4Provider.executeWithRerun(JUnit4Provider.java:273)
	at org.apache.maven.surefire.junit4.JUnit4Provider.executeTestSet(JUnit4Provider.java:238)
	at org.apache.maven.surefire.junit4.JUnit4Provider.invoke(JUnit4Provider.java:159)
	at org.apache.maven.surefire.booter.ForkedBooter.invokeProviderInSameClassLoader(ForkedBooter.java:384)
	at org.apache.maven.surefire.booter.ForkedBooter.runSuitesInProcess(ForkedBooter.java:345)
	at org.apache.maven.surefire.booter.ForkedBooter.execute(ForkedBooter.java:126)
	at org.apache.maven.surefire.booter.ForkedBooter.main(ForkedBooter.java:418)
2020-06-22 14:22:59,157 [myid:] - INFO  [main:ClientBase@270] - server 127.0.0.1:21995 not up
javax.net.ssl.SSLHandshakeException: java.security.cert.CertificateException: Failed to verify both host address and host name
	at sun.security.ssl.Alerts.getSSLException(Alerts.java:198)
	at sun.security.ssl.SSLSocketImpl.fatal(SSLSocketImpl.java:1967)
	at sun.security.ssl.Handshaker.fatalSE(Handshaker.java:331)
	at sun.security.ssl.Handshaker.fatalSE(Handshaker.java:325)
	at sun.security.ssl.ClientHandshaker.serverCertificate(ClientHandshaker.java:1688)
	at sun.security.ssl.ClientHandshaker.processMessage(ClientHandshaker.java:226)
	at sun.security.ssl.Handshaker.processLoop(Handshaker.java:1082)
	at sun.security.ssl.Handshaker.process_record(Handshaker.java:1010)
	at sun.security.ssl.SSLSocketImpl.readRecord(SSLSocketImpl.java:1079)
	at sun.security.ssl.SSLSocketImpl.performInitialHandshake(SSLSocketImpl.java:1388)
	at sun.security.ssl.SSLSocketImpl.startHandshake(SSLSocketImpl.java:1416)
	at sun.security.ssl.SSLSocketImpl.startHandshake(SSLSocketImpl.java:1400)
	at org.apache.zookeeper.client.FourLetterWordMain.send4LetterWord(FourLetterWordMain.java:105)
	at org.apache.zookeeper.client.FourLetterWordMain.send4LetterWord(FourLetterWordMain.java:73)
	at org.apache.zookeeper.test.ClientBase.waitForServerUp(ClientBase.java:261)
	at org.apache.zookeeper.test.ClientBase.startServerInstance(ClientBase.java:401)
	at org.apache.zookeeper.test.ClientBase.startServer(ClientBase.java:516)
	at org.apache.zookeeper.test.ClientBase.setUpWithServerId(ClientBase.java:499)
	at org.apache.zookeeper.test.ClientBase.setUp(ClientBase.java:474)
	at org.apache.zookeeper.test.SaslDigestAuthOverSSLTest.setUp(SaslDigestAuthOverSSLTest.java:62)
	at sun.reflect.NativeMethodAccessorImpl.invoke0(Native Method)
	at sun.reflect.NativeMethodAccessorImpl.invoke(NativeMethodAccessorImpl.java:62)
	at sun.reflect.DelegatingMethodAccessorImpl.invoke(DelegatingMethodAccessorImpl.java:43)
	at java.lang.reflect.Method.invoke(Method.java:498)
	at org.junit.runners.model.FrameworkMethod$1.runReflectiveCall(FrameworkMethod.java:50)
	at org.junit.internal.runners.model.ReflectiveCallable.run(ReflectiveCallable.java:12)
	at org.junit.runners.model.FrameworkMethod.invokeExplosively(FrameworkMethod.java:47)
	at mockit.integration.junit4.JUnit4TestRunnerDecorator.invokeExplosively(JUnit4TestRunnerDecorator.java:49)
	at mockit.integration.junit4.FakeFrameworkMethod.invokeExplosively(FakeFrameworkMethod.java:29)
	at org.junit.runners.model.FrameworkMethod.invokeExplosively(FrameworkMethod.java)
	at org.junit.internal.runners.statements.RunBefores.evaluate(RunBefores.java:24)
	at org.junit.internal.runners.statements.RunAfters.evaluate(RunAfters.java:27)
	at org.junit.rules.TestWatcher$1.evaluate(TestWatcher.java:55)
	at org.junit.rules.RunRules.evaluate(RunRules.java:20)
	at org.junit.runners.ParentRunner.runLeaf(ParentRunner.java:325)
	at org.junit.runners.BlockJUnit4ClassRunner.runChild(BlockJUnit4ClassRunner.java:78)
	at org.junit.runners.BlockJUnit4ClassRunner.runChild(BlockJUnit4ClassRunner.java:57)
	at org.junit.runners.ParentRunner$3.run(ParentRunner.java:290)
	at org.junit.runners.ParentRunner$1.schedule(ParentRunner.java:71)
	at org.junit.runners.ParentRunner.runChildren(ParentRunner.java:288)
	at org.junit.runners.ParentRunner.access$000(ParentRunner.java:58)
	at org.junit.runners.ParentRunner$2.evaluate(ParentRunner.java:268)
	at org.junit.internal.runners.statements.RunBefores.evaluate(RunBefores.java:26)
	at org.junit.runners.ParentRunner.run(ParentRunner.java:363)
	at org.apache.maven.surefire.junit4.JUnit4Provider.execute(JUnit4Provider.java:365)
	at org.apache.maven.surefire.junit4.JUnit4Provider.executeWithRerun(JUnit4Provider.java:273)
	at org.apache.maven.surefire.junit4.JUnit4Provider.executeTestSet(JUnit4Provider.java:238)
	at org.apache.maven.surefire.junit4.JUnit4Provider.invoke(JUnit4Provider.java:159)
	at org.apache.maven.surefire.booter.ForkedBooter.invokeProviderInSameClassLoader(ForkedBooter.java:384)
	at org.apache.maven.surefire.booter.ForkedBooter.runSuitesInProcess(ForkedBooter.java:345)
	at org.apache.maven.surefire.booter.ForkedBooter.execute(ForkedBooter.java:126)
	at org.apache.maven.surefire.booter.ForkedBooter.main(ForkedBooter.java:418)
Caused by: java.security.cert.CertificateException: Failed to verify both host address and host name
	at org.apache.zookeeper.common.ZKTrustManager.performHostVerification(ZKTrustManager.java:163)
	at org.apache.zookeeper.common.ZKTrustManager.checkServerTrusted(ZKTrustManager.java:90)
	at sun.security.ssl.ClientHandshaker.serverCertificate(ClientHandshaker.java:1670)
	... 47 more
Caused by: javax.net.ssl.SSLPeerUnverifiedException: Certificate for <activate.navicat.com> doesn't match common name of the certificate subject: localhost
	at org.apache.zookeeper.common.ZKHostnameVerifier.matchCN(ZKHostnameVerifier.java:238)
	at org.apache.zookeeper.common.ZKHostnameVerifier.verify(ZKHostnameVerifier.java:184)
	at org.apache.zookeeper.common.ZKTrustManager.performHostVerification(ZKTrustManager.java:159)
	... 49 more
2020-06-22 14:22:59,157 [myid:] - ERROR [nioEventLoopGroup-4-2:NettyServerCnxnFactory$CertificateVerifier@434] - Unsuccessful handshake with session 0x0
2020-06-22 14:22:59,157 [myid:] - WARN  [nioEventLoopGroup-4-2:NettyServerCnxnFactory$CnxnChannelHandler@273] - Exception caught
io.netty.handler.codec.DecoderException: javax.net.ssl.SSLException: Received fatal alert: certificate_unknown
	at io.netty.handler.codec.ByteToMessageDecoder.callDecode(ByteToMessageDecoder.java:468)
	at io.netty.handler.codec.ByteToMessageDecoder.channelRead(ByteToMessageDecoder.java:276)
	at io.netty.channel.AbstractChannelHandlerContext.invokeChannelRead(AbstractChannelHandlerContext.java:379)
	at io.netty.channel.AbstractChannelHandlerContext.invokeChannelRead(AbstractChannelHandlerContext.java:365)
	at io.netty.channel.AbstractChannelHandlerContext.fireChannelRead(AbstractChannelHandlerContext.java:357)
	at io.netty.channel.DefaultChannelPipeline$HeadContext.channelRead(DefaultChannelPipeline.java:1410)
	at io.netty.channel.AbstractChannelHandlerContext.invokeChannelRead(AbstractChannelHandlerContext.java:379)
	at io.netty.channel.AbstractChannelHandlerContext.invokeChannelRead(AbstractChannelHandlerContext.java:365)
	at io.netty.channel.DefaultChannelPipeline.fireChannelRead(DefaultChannelPipeline.java:919)
	at io.netty.channel.nio.AbstractNioByteChannel$NioByteUnsafe.read(AbstractNioByteChannel.java:163)
	at io.netty.channel.nio.NioEventLoop.processSelectedKey(NioEventLoop.java:714)
	at io.netty.channel.nio.NioEventLoop.processSelectedKeysOptimized(NioEventLoop.java:650)
	at io.netty.channel.nio.NioEventLoop.processSelectedKeys(NioEventLoop.java:576)
	at io.netty.channel.nio.NioEventLoop.run(NioEventLoop.java:493)
	at io.netty.util.concurrent.SingleThreadEventExecutor$4.run(SingleThreadEventExecutor.java:989)
	at io.netty.util.internal.ThreadExecutorMap$2.run(ThreadExecutorMap.java:74)
	at io.netty.util.concurrent.FastThreadLocalRunnable.run(FastThreadLocalRunnable.java:30)
	at java.lang.Thread.run(Thread.java:748)
Caused by: javax.net.ssl.SSLException: Received fatal alert: certificate_unknown
	at sun.security.ssl.Alerts.getSSLException(Alerts.java:214)
	at sun.security.ssl.SSLEngineImpl.fatal(SSLEngineImpl.java:1667)
	at sun.security.ssl.SSLEngineImpl.fatal(SSLEngineImpl.java:1635)
	at sun.security.ssl.SSLEngineImpl.recvAlert(SSLEngineImpl.java:1801)
	at sun.security.ssl.SSLEngineImpl.readRecord(SSLEngineImpl.java:1090)
	at sun.security.ssl.SSLEngineImpl.readNetRecord(SSLEngineImpl.java:913)
	at sun.security.ssl.SSLEngineImpl.unwrap(SSLEngineImpl.java:783)
	at javax.net.ssl.SSLEngine.unwrap(SSLEngine.java:626)
	at io.netty.handler.ssl.SslHandler$SslEngineType$3.unwrap(SslHandler.java:281)
	at io.netty.handler.ssl.SslHandler.unwrap(SslHandler.java:1340)
	at io.netty.handler.ssl.SslHandler.decodeJdkCompatible(SslHandler.java:1235)
	at io.netty.handler.ssl.SslHandler.decode(SslHandler.java:1282)
	at io.netty.handler.codec.ByteToMessageDecoder.decodeRemovalReentryProtection(ByteToMessageDecoder.java:498)
	at io.netty.handler.codec.ByteToMessageDecoder.callDecode(ByteToMessageDecoder.java:437)
	... 17 more
2020-06-22 14:22:59,157 [myid:] - WARN  [nioEventLoopGroup-4-2:NettyServerCnxnFactory$CnxnChannelHandler@273] - Exception caught
io.netty.handler.codec.DecoderException: javax.net.ssl.SSLException: Received fatal alert: certificate_unknown
	at io.netty.handler.codec.ByteToMessageDecoder.callDecode(ByteToMessageDecoder.java:468)
	at io.netty.handler.codec.ByteToMessageDecoder.channelInputClosed(ByteToMessageDecoder.java:401)
	at io.netty.handler.codec.ByteToMessageDecoder.channelInputClosed(ByteToMessageDecoder.java:368)
	at io.netty.handler.codec.ByteToMessageDecoder.channelInactive(ByteToMessageDecoder.java:351)
	at io.netty.handler.ssl.SslHandler.channelInactive(SslHandler.java:1084)
	at io.netty.channel.AbstractChannelHandlerContext.invokeChannelInactive(AbstractChannelHandlerContext.java:262)
	at io.netty.channel.AbstractChannelHandlerContext.invokeChannelInactive(AbstractChannelHandlerContext.java:248)
	at io.netty.channel.AbstractChannelHandlerContext.fireChannelInactive(AbstractChannelHandlerContext.java:241)
	at io.netty.channel.DefaultChannelPipeline$HeadContext.channelInactive(DefaultChannelPipeline.java:1405)
	at io.netty.channel.AbstractChannelHandlerContext.invokeChannelInactive(AbstractChannelHandlerContext.java:262)
	at io.netty.channel.AbstractChannelHandlerContext.invokeChannelInactive(AbstractChannelHandlerContext.java:248)
	at io.netty.channel.DefaultChannelPipeline.fireChannelInactive(DefaultChannelPipeline.java:901)
	at io.netty.channel.AbstractChannel$AbstractUnsafe$8.run(AbstractChannel.java:818)
	at io.netty.util.concurrent.AbstractEventExecutor.safeExecute(AbstractEventExecutor.java:164)
	at io.netty.util.concurrent.SingleThreadEventExecutor.runAllTasks(SingleThreadEventExecutor.java:472)
	at io.netty.channel.nio.NioEventLoop.run(NioEventLoop.java:497)
	at io.netty.util.concurrent.SingleThreadEventExecutor$4.run(SingleThreadEventExecutor.java:989)
	at io.netty.util.internal.ThreadExecutorMap$2.run(ThreadExecutorMap.java:74)
	at io.netty.util.concurrent.FastThreadLocalRunnable.run(FastThreadLocalRunnable.java:30)
	at java.lang.Thread.run(Thread.java:748)
Caused by: javax.net.ssl.SSLException: Received fatal alert: certificate_unknown
	at sun.security.ssl.Alerts.getSSLException(Alerts.java:214)
	at sun.security.ssl.SSLEngineImpl.fatal(SSLEngineImpl.java:1667)
	at sun.security.ssl.SSLEngineImpl.fatal(SSLEngineImpl.java:1635)
	at sun.security.ssl.SSLEngineImpl.recvAlert(SSLEngineImpl.java:1801)
	at sun.security.ssl.SSLEngineImpl.readRecord(SSLEngineImpl.java:1090)
	at sun.security.ssl.SSLEngineImpl.readNetRecord(SSLEngineImpl.java:913)
	at sun.security.ssl.SSLEngineImpl.unwrap(SSLEngineImpl.java:783)
	at javax.net.ssl.SSLEngine.unwrap(SSLEngine.java:626)
	at io.netty.handler.ssl.SslHandler$SslEngineType$3.unwrap(SslHandler.java:281)
	at io.netty.handler.ssl.SslHandler.unwrap(SslHandler.java:1340)
	at io.netty.handler.ssl.SslHandler.decodeJdkCompatible(SslHandler.java:1235)
	at io.netty.handler.ssl.SslHandler.decode(SslHandler.java:1282)
	at io.netty.handler.codec.ByteToMessageDecoder.decodeRemovalReentryProtection(ByteToMessageDecoder.java:498)
	at io.netty.handler.codec.ByteToMessageDecoder.callDecode(ByteToMessageDecoder.java:437)
	... 19 more
2020-06-22 14:22:59,408 [myid:] - INFO  [main:FourLetterWordMain@93] - connecting to 127.0.0.1 21995
2020-06-22 14:22:59,408 [myid:] - INFO  [main:FourLetterWordMain@99] - using secure socket
2020-06-22 14:22:59,414 [myid:] - ERROR [main:ZKTrustManager@161] - Failed to verify host address: 127.0.0.1
javax.net.ssl.SSLPeerUnverifiedException: Certificate for <127.0.0.1> doesn't match common name of the certificate subject: localhost
	at org.apache.zookeeper.common.ZKHostnameVerifier.matchCN(ZKHostnameVerifier.java:238)
	at org.apache.zookeeper.common.ZKHostnameVerifier.verify(ZKHostnameVerifier.java:184)
	at org.apache.zookeeper.common.ZKTrustManager.performHostVerification(ZKTrustManager.java:151)
	at org.apache.zookeeper.common.ZKTrustManager.checkServerTrusted(ZKTrustManager.java:90)
	at sun.security.ssl.ClientHandshaker.serverCertificate(ClientHandshaker.java:1670)
	at sun.security.ssl.ClientHandshaker.processMessage(ClientHandshaker.java:226)
	at sun.security.ssl.Handshaker.processLoop(Handshaker.java:1082)
	at sun.security.ssl.Handshaker.process_record(Handshaker.java:1010)
	at sun.security.ssl.SSLSocketImpl.readRecord(SSLSocketImpl.java:1079)
	at sun.security.ssl.SSLSocketImpl.performInitialHandshake(SSLSocketImpl.java:1388)
	at sun.security.ssl.SSLSocketImpl.startHandshake(SSLSocketImpl.java:1416)
	at sun.security.ssl.SSLSocketImpl.startHandshake(SSLSocketImpl.java:1400)
	at org.apache.zookeeper.client.FourLetterWordMain.send4LetterWord(FourLetterWordMain.java:105)
	at org.apache.zookeeper.client.FourLetterWordMain.send4LetterWord(FourLetterWordMain.java:73)
	at org.apache.zookeeper.test.ClientBase.waitForServerUp(ClientBase.java:261)
	at org.apache.zookeeper.test.ClientBase.startServerInstance(ClientBase.java:401)
	at org.apache.zookeeper.test.ClientBase.startServer(ClientBase.java:516)
	at org.apache.zookeeper.test.ClientBase.setUpWithServerId(ClientBase.java:499)
	at org.apache.zookeeper.test.ClientBase.setUp(ClientBase.java:474)
	at org.apache.zookeeper.test.SaslDigestAuthOverSSLTest.setUp(SaslDigestAuthOverSSLTest.java:62)
	at sun.reflect.NativeMethodAccessorImpl.invoke0(Native Method)
	at sun.reflect.NativeMethodAccessorImpl.invoke(NativeMethodAccessorImpl.java:62)
	at sun.reflect.DelegatingMethodAccessorImpl.invoke(DelegatingMethodAccessorImpl.java:43)
	at java.lang.reflect.Method.invoke(Method.java:498)
	at org.junit.runners.model.FrameworkMethod$1.runReflectiveCall(FrameworkMethod.java:50)
	at org.junit.internal.runners.model.ReflectiveCallable.run(ReflectiveCallable.java:12)
	at org.junit.runners.model.FrameworkMethod.invokeExplosively(FrameworkMethod.java:47)
	at mockit.integration.junit4.JUnit4TestRunnerDecorator.invokeExplosively(JUnit4TestRunnerDecorator.java:49)
	at mockit.integration.junit4.FakeFrameworkMethod.invokeExplosively(FakeFrameworkMethod.java:29)
	at org.junit.runners.model.FrameworkMethod.invokeExplosively(FrameworkMethod.java)
	at org.junit.internal.runners.statements.RunBefores.evaluate(RunBefores.java:24)
	at org.junit.internal.runners.statements.RunAfters.evaluate(RunAfters.java:27)
	at org.junit.rules.TestWatcher$1.evaluate(TestWatcher.java:55)
	at org.junit.rules.RunRules.evaluate(RunRules.java:20)
	at org.junit.runners.ParentRunner.runLeaf(ParentRunner.java:325)
	at org.junit.runners.BlockJUnit4ClassRunner.runChild(BlockJUnit4ClassRunner.java:78)
	at org.junit.runners.BlockJUnit4ClassRunner.runChild(BlockJUnit4ClassRunner.java:57)
	at org.junit.runners.ParentRunner$3.run(ParentRunner.java:290)
	at org.junit.runners.ParentRunner$1.schedule(ParentRunner.java:71)
	at org.junit.runners.ParentRunner.runChildren(ParentRunner.java:288)
	at org.junit.runners.ParentRunner.access$000(ParentRunner.java:58)
	at org.junit.runners.ParentRunner$2.evaluate(ParentRunner.java:268)
	at org.junit.internal.runners.statements.RunBefores.evaluate(RunBefores.java:26)
	at org.junit.runners.ParentRunner.run(ParentRunner.java:363)
	at org.apache.maven.surefire.junit4.JUnit4Provider.execute(JUnit4Provider.java:365)
	at org.apache.maven.surefire.junit4.JUnit4Provider.executeWithRerun(JUnit4Provider.java:273)
	at org.apache.maven.surefire.junit4.JUnit4Provider.executeTestSet(JUnit4Provider.java:238)
	at org.apache.maven.surefire.junit4.JUnit4Provider.invoke(JUnit4Provider.java:159)
	at org.apache.maven.surefire.booter.ForkedBooter.invokeProviderInSameClassLoader(ForkedBooter.java:384)
	at org.apache.maven.surefire.booter.ForkedBooter.runSuitesInProcess(ForkedBooter.java:345)
	at org.apache.maven.surefire.booter.ForkedBooter.execute(ForkedBooter.java:126)
	at org.apache.maven.surefire.booter.ForkedBooter.main(ForkedBooter.java:418)
2020-06-22 14:22:59,414 [myid:] - ERROR [main:ZKTrustManager@162] - Failed to verify hostname: activate.navicat.com
javax.net.ssl.SSLPeerUnverifiedException: Certificate for <activate.navicat.com> doesn't match common name of the certificate subject: localhost
	at org.apache.zookeeper.common.ZKHostnameVerifier.matchCN(ZKHostnameVerifier.java:238)
	at org.apache.zookeeper.common.ZKHostnameVerifier.verify(ZKHostnameVerifier.java:184)
	at org.apache.zookeeper.common.ZKTrustManager.performHostVerification(ZKTrustManager.java:159)
	at org.apache.zookeeper.common.ZKTrustManager.checkServerTrusted(ZKTrustManager.java:90)
	at sun.security.ssl.ClientHandshaker.serverCertificate(ClientHandshaker.java:1670)
	at sun.security.ssl.ClientHandshaker.processMessage(ClientHandshaker.java:226)
	at sun.security.ssl.Handshaker.processLoop(Handshaker.java:1082)
	at sun.security.ssl.Handshaker.process_record(Handshaker.java:1010)
	at sun.security.ssl.SSLSocketImpl.readRecord(SSLSocketImpl.java:1079)
	at sun.security.ssl.SSLSocketImpl.performInitialHandshake(SSLSocketImpl.java:1388)
	at sun.security.ssl.SSLSocketImpl.startHandshake(SSLSocketImpl.java:1416)
	at sun.security.ssl.SSLSocketImpl.startHandshake(SSLSocketImpl.java:1400)
	at org.apache.zookeeper.client.FourLetterWordMain.send4LetterWord(FourLetterWordMain.java:105)
	at org.apache.zookeeper.client.FourLetterWordMain.send4LetterWord(FourLetterWordMain.java:73)
	at org.apache.zookeeper.test.ClientBase.waitForServerUp(ClientBase.java:261)
	at org.apache.zookeeper.test.ClientBase.startServerInstance(ClientBase.java:401)
	at org.apache.zookeeper.test.ClientBase.startServer(ClientBase.java:516)
	at org.apache.zookeeper.test.ClientBase.setUpWithServerId(ClientBase.java:499)
	at org.apache.zookeeper.test.ClientBase.setUp(ClientBase.java:474)
	at org.apache.zookeeper.test.SaslDigestAuthOverSSLTest.setUp(SaslDigestAuthOverSSLTest.java:62)
	at sun.reflect.NativeMethodAccessorImpl.invoke0(Native Method)
	at sun.reflect.NativeMethodAccessorImpl.invoke(NativeMethodAccessorImpl.java:62)
	at sun.reflect.DelegatingMethodAccessorImpl.invoke(DelegatingMethodAccessorImpl.java:43)
	at java.lang.reflect.Method.invoke(Method.java:498)
	at org.junit.runners.model.FrameworkMethod$1.runReflectiveCall(FrameworkMethod.java:50)
	at org.junit.internal.runners.model.ReflectiveCallable.run(ReflectiveCallable.java:12)
	at org.junit.runners.model.FrameworkMethod.invokeExplosively(FrameworkMethod.java:47)
	at mockit.integration.junit4.JUnit4TestRunnerDecorator.invokeExplosively(JUnit4TestRunnerDecorator.java:49)
	at mockit.integration.junit4.FakeFrameworkMethod.invokeExplosively(FakeFrameworkMethod.java:29)
	at org.junit.runners.model.FrameworkMethod.invokeExplosively(FrameworkMethod.java)
	at org.junit.internal.runners.statements.RunBefores.evaluate(RunBefores.java:24)
	at org.junit.internal.runners.statements.RunAfters.evaluate(RunAfters.java:27)
	at org.junit.rules.TestWatcher$1.evaluate(TestWatcher.java:55)
	at org.junit.rules.RunRules.evaluate(RunRules.java:20)
	at org.junit.runners.ParentRunner.runLeaf(ParentRunner.java:325)
	at org.junit.runners.BlockJUnit4ClassRunner.runChild(BlockJUnit4ClassRunner.java:78)
	at org.junit.runners.BlockJUnit4ClassRunner.runChild(BlockJUnit4ClassRunner.java:57)
	at org.junit.runners.ParentRunner$3.run(ParentRunner.java:290)
	at org.junit.runners.ParentRunner$1.schedule(ParentRunner.java:71)
	at org.junit.runners.ParentRunner.runChildren(ParentRunner.java:288)
	at org.junit.runners.ParentRunner.access$000(ParentRunner.java:58)
	at org.junit.runners.ParentRunner$2.evaluate(ParentRunner.java:268)
	at org.junit.internal.runners.statements.RunBefores.evaluate(RunBefores.java:26)
	at org.junit.runners.ParentRunner.run(ParentRunner.java:363)
	at org.apache.maven.surefire.junit4.JUnit4Provider.execute(JUnit4Provider.java:365)
	at org.apache.maven.surefire.junit4.JUnit4Provider.executeWithRerun(JUnit4Provider.java:273)
	at org.apache.maven.surefire.junit4.JUnit4Provider.executeTestSet(JUnit4Provider.java:238)
	at org.apache.maven.surefire.junit4.JUnit4Provider.invoke(JUnit4Provider.java:159)
	at org.apache.maven.surefire.booter.ForkedBooter.invokeProviderInSameClassLoader(ForkedBooter.java:384)
	at org.apache.maven.surefire.booter.ForkedBooter.runSuitesInProcess(ForkedBooter.java:345)
	at org.apache.maven.surefire.booter.ForkedBooter.execute(ForkedBooter.java:126)
	at org.apache.maven.surefire.booter.ForkedBooter.main(ForkedBooter.java:418)
2020-06-22 14:22:59,414 [myid:] - INFO  [main:ClientBase@270] - server 127.0.0.1:21995 not up
javax.net.ssl.SSLHandshakeException: java.security.cert.CertificateException: Failed to verify both host address and host name
	at sun.security.ssl.Alerts.getSSLException(Alerts.java:198)
	at sun.security.ssl.SSLSocketImpl.fatal(SSLSocketImpl.java:1967)
	at sun.security.ssl.Handshaker.fatalSE(Handshaker.java:331)
	at sun.security.ssl.Handshaker.fatalSE(Handshaker.java:325)
	at sun.security.ssl.ClientHandshaker.serverCertificate(ClientHandshaker.java:1688)
	at sun.security.ssl.ClientHandshaker.processMessage(ClientHandshaker.java:226)
	at sun.security.ssl.Handshaker.processLoop(Handshaker.java:1082)
	at sun.security.ssl.Handshaker.process_record(Handshaker.java:1010)
	at sun.security.ssl.SSLSocketImpl.readRecord(SSLSocketImpl.java:1079)
	at sun.security.ssl.SSLSocketImpl.performInitialHandshake(SSLSocketImpl.java:1388)
	at sun.security.ssl.SSLSocketImpl.startHandshake(SSLSocketImpl.java:1416)
	at sun.security.ssl.SSLSocketImpl.startHandshake(SSLSocketImpl.java:1400)
	at org.apache.zookeeper.client.FourLetterWordMain.send4LetterWord(FourLetterWordMain.java:105)
	at org.apache.zookeeper.client.FourLetterWordMain.send4LetterWord(FourLetterWordMain.java:73)
	at org.apache.zookeeper.test.ClientBase.waitForServerUp(ClientBase.java:261)
	at org.apache.zookeeper.test.ClientBase.startServerInstance(ClientBase.java:401)
	at org.apache.zookeeper.test.ClientBase.startServer(ClientBase.java:516)
	at org.apache.zookeeper.test.ClientBase.setUpWithServerId(ClientBase.java:499)
	at org.apache.zookeeper.test.ClientBase.setUp(ClientBase.java:474)
	at org.apache.zookeeper.test.SaslDigestAuthOverSSLTest.setUp(SaslDigestAuthOverSSLTest.java:62)
	at sun.reflect.NativeMethodAccessorImpl.invoke0(Native Method)
	at sun.reflect.NativeMethodAccessorImpl.invoke(NativeMethodAccessorImpl.java:62)
	at sun.reflect.DelegatingMethodAccessorImpl.invoke(DelegatingMethodAccessorImpl.java:43)
	at java.lang.reflect.Method.invoke(Method.java:498)
	at org.junit.runners.model.FrameworkMethod$1.runReflectiveCall(FrameworkMethod.java:50)
	at org.junit.internal.runners.model.ReflectiveCallable.run(ReflectiveCallable.java:12)
	at org.junit.runners.model.FrameworkMethod.invokeExplosively(FrameworkMethod.java:47)
	at mockit.integration.junit4.JUnit4TestRunnerDecorator.invokeExplosively(JUnit4TestRunnerDecorator.java:49)
	at mockit.integration.junit4.FakeFrameworkMethod.invokeExplosively(FakeFrameworkMethod.java:29)
	at org.junit.runners.model.FrameworkMethod.invokeExplosively(FrameworkMethod.java)
	at org.junit.internal.runners.statements.RunBefores.evaluate(RunBefores.java:24)
	at org.junit.internal.runners.statements.RunAfters.evaluate(RunAfters.java:27)
	at org.junit.rules.TestWatcher$1.evaluate(TestWatcher.java:55)
	at org.junit.rules.RunRules.evaluate(RunRules.java:20)
	at org.junit.runners.ParentRunner.runLeaf(ParentRunner.java:325)
	at org.junit.runners.BlockJUnit4ClassRunner.runChild(BlockJUnit4ClassRunner.java:78)
	at org.junit.runners.BlockJUnit4ClassRunner.runChild(BlockJUnit4ClassRunner.java:57)
	at org.junit.runners.ParentRunner$3.run(ParentRunner.java:290)
	at org.junit.runners.ParentRunner$1.schedule(ParentRunner.java:71)
	at org.junit.runners.ParentRunner.runChildren(ParentRunner.java:288)
	at org.junit.runners.ParentRunner.access$000(ParentRunner.java:58)
	at org.junit.runners.ParentRunner$2.evaluate(ParentRunner.java:268)
	at org.junit.internal.runners.statements.RunBefores.evaluate(RunBefores.java:26)
	at org.junit.runners.ParentRunner.run(ParentRunner.java:363)
	at org.apache.maven.surefire.junit4.JUnit4Provider.execute(JUnit4Provider.java:365)
	at org.apache.maven.surefire.junit4.JUnit4Provider.executeWithRerun(JUnit4Provider.java:273)
	at org.apache.maven.surefire.junit4.JUnit4Provider.executeTestSet(JUnit4Provider.java:238)
	at org.apache.maven.surefire.junit4.JUnit4Provider.invoke(JUnit4Provider.java:159)
	at org.apache.maven.surefire.booter.ForkedBooter.invokeProviderInSameClassLoader(ForkedBooter.java:384)
	at org.apache.maven.surefire.booter.ForkedBooter.runSuitesInProcess(ForkedBooter.java:345)
	at org.apache.maven.surefire.booter.ForkedBooter.execute(ForkedBooter.java:126)
	at org.apache.maven.surefire.booter.ForkedBooter.main(ForkedBooter.java:418)
Caused by: java.security.cert.CertificateException: Failed to verify both host address and host name
	at org.apache.zookeeper.common.ZKTrustManager.performHostVerification(ZKTrustManager.java:163)
	at org.apache.zookeeper.common.ZKTrustManager.checkServerTrusted(ZKTrustManager.java:90)
	at sun.security.ssl.ClientHandshaker.serverCertificate(ClientHandshaker.java:1670)
	... 47 more
Caused by: javax.net.ssl.SSLPeerUnverifiedException: Certificate for <activate.navicat.com> doesn't match common name of the certificate subject: localhost
	at org.apache.zookeeper.common.ZKHostnameVerifier.matchCN(ZKHostnameVerifier.java:238)
	at org.apache.zookeeper.common.ZKHostnameVerifier.verify(ZKHostnameVerifier.java:184)
	at org.apache.zookeeper.common.ZKTrustManager.performHostVerification(ZKTrustManager.java:159)
	... 49 more
2020-06-22 14:22:59,415 [myid:] - ERROR [nioEventLoopGroup-4-3:NettyServerCnxnFactory$CertificateVerifier@434] - Unsuccessful handshake with session 0x0
2020-06-22 14:22:59,415 [myid:] - WARN  [nioEventLoopGroup-4-3:NettyServerCnxnFactory$CnxnChannelHandler@273] - Exception caught
io.netty.handler.codec.DecoderException: javax.net.ssl.SSLException: Received fatal alert: certificate_unknown
	at io.netty.handler.codec.ByteToMessageDecoder.callDecode(ByteToMessageDecoder.java:468)
	at io.netty.handler.codec.ByteToMessageDecoder.channelRead(ByteToMessageDecoder.java:276)
	at io.netty.channel.AbstractChannelHandlerContext.invokeChannelRead(AbstractChannelHandlerContext.java:379)
	at io.netty.channel.AbstractChannelHandlerContext.invokeChannelRead(AbstractChannelHandlerContext.java:365)
	at io.netty.channel.AbstractChannelHandlerContext.fireChannelRead(AbstractChannelHandlerContext.java:357)
	at io.netty.channel.DefaultChannelPipeline$HeadContext.channelRead(DefaultChannelPipeline.java:1410)
	at io.netty.channel.AbstractChannelHandlerContext.invokeChannelRead(AbstractChannelHandlerContext.java:379)
	at io.netty.channel.AbstractChannelHandlerContext.invokeChannelRead(AbstractChannelHandlerContext.java:365)
	at io.netty.channel.DefaultChannelPipeline.fireChannelRead(DefaultChannelPipeline.java:919)
	at io.netty.channel.nio.AbstractNioByteChannel$NioByteUnsafe.read(AbstractNioByteChannel.java:163)
	at io.netty.channel.nio.NioEventLoop.processSelectedKey(NioEventLoop.java:714)
	at io.netty.channel.nio.NioEventLoop.processSelectedKeysOptimized(NioEventLoop.java:650)
	at io.netty.channel.nio.NioEventLoop.processSelectedKeys(NioEventLoop.java:576)
	at io.netty.channel.nio.NioEventLoop.run(NioEventLoop.java:493)
	at io.netty.util.concurrent.SingleThreadEventExecutor$4.run(SingleThreadEventExecutor.java:989)
	at io.netty.util.internal.ThreadExecutorMap$2.run(ThreadExecutorMap.java:74)
	at io.netty.util.concurrent.FastThreadLocalRunnable.run(FastThreadLocalRunnable.java:30)
	at java.lang.Thread.run(Thread.java:748)
Caused by: javax.net.ssl.SSLException: Received fatal alert: certificate_unknown
	at sun.security.ssl.Alerts.getSSLException(Alerts.java:214)
	at sun.security.ssl.SSLEngineImpl.fatal(SSLEngineImpl.java:1667)
	at sun.security.ssl.SSLEngineImpl.fatal(SSLEngineImpl.java:1635)
	at sun.security.ssl.SSLEngineImpl.recvAlert(SSLEngineImpl.java:1801)
	at sun.security.ssl.SSLEngineImpl.readRecord(SSLEngineImpl.java:1090)
	at sun.security.ssl.SSLEngineImpl.readNetRecord(SSLEngineImpl.java:913)
	at sun.security.ssl.SSLEngineImpl.unwrap(SSLEngineImpl.java:783)
	at javax.net.ssl.SSLEngine.unwrap(SSLEngine.java:626)
	at io.netty.handler.ssl.SslHandler$SslEngineType$3.unwrap(SslHandler.java:281)
	at io.netty.handler.ssl.SslHandler.unwrap(SslHandler.java:1340)
	at io.netty.handler.ssl.SslHandler.decodeJdkCompatible(SslHandler.java:1235)
	at io.netty.handler.ssl.SslHandler.decode(SslHandler.java:1282)
	at io.netty.handler.codec.ByteToMessageDecoder.decodeRemovalReentryProtection(ByteToMessageDecoder.java:498)
	at io.netty.handler.codec.ByteToMessageDecoder.callDecode(ByteToMessageDecoder.java:437)
	... 17 more
2020-06-22 14:22:59,415 [myid:] - WARN  [nioEventLoopGroup-4-3:NettyServerCnxnFactory$CnxnChannelHandler@273] - Exception caught
io.netty.handler.codec.DecoderException: javax.net.ssl.SSLException: Received fatal alert: certificate_unknown
	at io.netty.handler.codec.ByteToMessageDecoder.callDecode(ByteToMessageDecoder.java:468)
	at io.netty.handler.codec.ByteToMessageDecoder.channelInputClosed(ByteToMessageDecoder.java:401)
	at io.netty.handler.codec.ByteToMessageDecoder.channelInputClosed(ByteToMessageDecoder.java:368)
	at io.netty.handler.codec.ByteToMessageDecoder.channelInactive(ByteToMessageDecoder.java:351)
	at io.netty.handler.ssl.SslHandler.channelInactive(SslHandler.java:1084)
	at io.netty.channel.AbstractChannelHandlerContext.invokeChannelInactive(AbstractChannelHandlerContext.java:262)
	at io.netty.channel.AbstractChannelHandlerContext.invokeChannelInactive(AbstractChannelHandlerContext.java:248)
	at io.netty.channel.AbstractChannelHandlerContext.fireChannelInactive(AbstractChannelHandlerContext.java:241)
	at io.netty.channel.DefaultChannelPipeline$HeadContext.channelInactive(DefaultChannelPipeline.java:1405)
	at io.netty.channel.AbstractChannelHandlerContext.invokeChannelInactive(AbstractChannelHandlerContext.java:262)
	at io.netty.channel.AbstractChannelHandlerContext.invokeChannelInactive(AbstractChannelHandlerContext.java:248)
	at io.netty.channel.DefaultChannelPipeline.fireChannelInactive(DefaultChannelPipeline.java:901)
	at io.netty.channel.AbstractChannel$AbstractUnsafe$8.run(AbstractChannel.java:818)
	at io.netty.util.concurrent.AbstractEventExecutor.safeExecute(AbstractEventExecutor.java:164)
	at io.netty.util.concurrent.SingleThreadEventExecutor.runAllTasks(SingleThreadEventExecutor.java:472)
	at io.netty.channel.nio.NioEventLoop.run(NioEventLoop.java:497)
	at io.netty.util.concurrent.SingleThreadEventExecutor$4.run(SingleThreadEventExecutor.java:989)
	at io.netty.util.internal.ThreadExecutorMap$2.run(ThreadExecutorMap.java:74)
	at io.netty.util.concurrent.FastThreadLocalRunnable.run(FastThreadLocalRunnable.java:30)
	at java.lang.Thread.run(Thread.java:748)
Caused by: javax.net.ssl.SSLException: Received fatal alert: certificate_unknown
	at sun.security.ssl.Alerts.getSSLException(Alerts.java:214)
	at sun.security.ssl.SSLEngineImpl.fatal(SSLEngineImpl.java:1667)
	at sun.security.ssl.SSLEngineImpl.fatal(SSLEngineImpl.java:1635)
	at sun.security.ssl.SSLEngineImpl.recvAlert(SSLEngineImpl.java:1801)
	at sun.security.ssl.SSLEngineImpl.readRecord(SSLEngineImpl.java:1090)
	at sun.security.ssl.SSLEngineImpl.readNetRecord(SSLEngineImpl.java:913)
	at sun.security.ssl.SSLEngineImpl.unwrap(SSLEngineImpl.java:783)
	at javax.net.ssl.SSLEngine.unwrap(SSLEngine.java:626)
	at io.netty.handler.ssl.SslHandler$SslEngineType$3.unwrap(SslHandler.java:281)
	at io.netty.handler.ssl.SslHandler.unwrap(SslHandler.java:1340)
	at io.netty.handler.ssl.SslHandler.decodeJdkCompatible(SslHandler.java:1235)
	at io.netty.handler.ssl.SslHandler.decode(SslHandler.java:1282)
	at io.netty.handler.codec.ByteToMessageDecoder.decodeRemovalReentryProtection(ByteToMessageDecoder.java:498)
	at io.netty.handler.codec.ByteToMessageDecoder.callDecode(ByteToMessageDecoder.java:437)
	... 19 more
2020-06-22 14:22:59,665 [myid:] - INFO  [main:FourLetterWordMain@93] - connecting to 127.0.0.1 21995
2020-06-22 14:22:59,665 [myid:] - INFO  [main:FourLetterWordMain@99] - using secure socket
2020-06-22 14:22:59,674 [myid:] - ERROR [main:ZKTrustManager@161] - Failed to verify host address: 127.0.0.1
javax.net.ssl.SSLPeerUnverifiedException: Certificate for <127.0.0.1> doesn't match common name of the certificate subject: localhost
	at org.apache.zookeeper.common.ZKHostnameVerifier.matchCN(ZKHostnameVerifier.java:238)
	at org.apache.zookeeper.common.ZKHostnameVerifier.verify(ZKHostnameVerifier.java:184)
	at org.apache.zookeeper.common.ZKTrustManager.performHostVerification(ZKTrustManager.java:151)
	at org.apache.zookeeper.common.ZKTrustManager.checkServerTrusted(ZKTrustManager.java:90)
	at sun.security.ssl.ClientHandshaker.serverCertificate(ClientHandshaker.java:1670)
	at sun.security.ssl.ClientHandshaker.processMessage(ClientHandshaker.java:226)
	at sun.security.ssl.Handshaker.processLoop(Handshaker.java:1082)
	at sun.security.ssl.Handshaker.process_record(Handshaker.java:1010)
	at sun.security.ssl.SSLSocketImpl.readRecord(SSLSocketImpl.java:1079)
	at sun.security.ssl.SSLSocketImpl.performInitialHandshake(SSLSocketImpl.java:1388)
	at sun.security.ssl.SSLSocketImpl.startHandshake(SSLSocketImpl.java:1416)
	at sun.security.ssl.SSLSocketImpl.startHandshake(SSLSocketImpl.java:1400)
	at org.apache.zookeeper.client.FourLetterWordMain.send4LetterWord(FourLetterWordMain.java:105)
	at org.apache.zookeeper.client.FourLetterWordMain.send4LetterWord(FourLetterWordMain.java:73)
	at org.apache.zookeeper.test.ClientBase.waitForServerUp(ClientBase.java:261)
	at org.apache.zookeeper.test.ClientBase.startServerInstance(ClientBase.java:401)
	at org.apache.zookeeper.test.ClientBase.startServer(ClientBase.java:516)
	at org.apache.zookeeper.test.ClientBase.setUpWithServerId(ClientBase.java:499)
	at org.apache.zookeeper.test.ClientBase.setUp(ClientBase.java:474)
	at org.apache.zookeeper.test.SaslDigestAuthOverSSLTest.setUp(SaslDigestAuthOverSSLTest.java:62)
	at sun.reflect.NativeMethodAccessorImpl.invoke0(Native Method)
	at sun.reflect.NativeMethodAccessorImpl.invoke(NativeMethodAccessorImpl.java:62)
	at sun.reflect.DelegatingMethodAccessorImpl.invoke(DelegatingMethodAccessorImpl.java:43)
	at java.lang.reflect.Method.invoke(Method.java:498)
	at org.junit.runners.model.FrameworkMethod$1.runReflectiveCall(FrameworkMethod.java:50)
	at org.junit.internal.runners.model.ReflectiveCallable.run(ReflectiveCallable.java:12)
	at org.junit.runners.model.FrameworkMethod.invokeExplosively(FrameworkMethod.java:47)
	at mockit.integration.junit4.JUnit4TestRunnerDecorator.invokeExplosively(JUnit4TestRunnerDecorator.java:49)
	at mockit.integration.junit4.FakeFrameworkMethod.invokeExplosively(FakeFrameworkMethod.java:29)
	at org.junit.runners.model.FrameworkMethod.invokeExplosively(FrameworkMethod.java)
	at org.junit.internal.runners.statements.RunBefores.evaluate(RunBefores.java:24)
	at org.junit.internal.runners.statements.RunAfters.evaluate(RunAfters.java:27)
	at org.junit.rules.TestWatcher$1.evaluate(TestWatcher.java:55)
	at org.junit.rules.RunRules.evaluate(RunRules.java:20)
	at org.junit.runners.ParentRunner.runLeaf(ParentRunner.java:325)
	at org.junit.runners.BlockJUnit4ClassRunner.runChild(BlockJUnit4ClassRunner.java:78)
	at org.junit.runners.BlockJUnit4ClassRunner.runChild(BlockJUnit4ClassRunner.java:57)
	at org.junit.runners.ParentRunner$3.run(ParentRunner.java:290)
	at org.junit.runners.ParentRunner$1.schedule(ParentRunner.java:71)
	at org.junit.runners.ParentRunner.runChildren(ParentRunner.java:288)
	at org.junit.runners.ParentRunner.access$000(ParentRunner.java:58)
	at org.junit.runners.ParentRunner$2.evaluate(ParentRunner.java:268)
	at org.junit.internal.runners.statements.RunBefores.evaluate(RunBefores.java:26)
	at org.junit.runners.ParentRunner.run(ParentRunner.java:363)
	at org.apache.maven.surefire.junit4.JUnit4Provider.execute(JUnit4Provider.java:365)
	at org.apache.maven.surefire.junit4.JUnit4Provider.executeWithRerun(JUnit4Provider.java:273)
	at org.apache.maven.surefire.junit4.JUnit4Provider.executeTestSet(JUnit4Provider.java:238)
	at org.apache.maven.surefire.junit4.JUnit4Provider.invoke(JUnit4Provider.java:159)
	at org.apache.maven.surefire.booter.ForkedBooter.invokeProviderInSameClassLoader(ForkedBooter.java:384)
	at org.apache.maven.surefire.booter.ForkedBooter.runSuitesInProcess(ForkedBooter.java:345)
	at org.apache.maven.surefire.booter.ForkedBooter.execute(ForkedBooter.java:126)
	at org.apache.maven.surefire.booter.ForkedBooter.main(ForkedBooter.java:418)
2020-06-22 14:22:59,675 [myid:] - ERROR [main:ZKTrustManager@162] - Failed to verify hostname: activate.navicat.com
javax.net.ssl.SSLPeerUnverifiedException: Certificate for <activate.navicat.com> doesn't match common name of the certificate subject: localhost
	at org.apache.zookeeper.common.ZKHostnameVerifier.matchCN(ZKHostnameVerifier.java:238)
	at org.apache.zookeeper.common.ZKHostnameVerifier.verify(ZKHostnameVerifier.java:184)
	at org.apache.zookeeper.common.ZKTrustManager.performHostVerification(ZKTrustManager.java:159)
	at org.apache.zookeeper.common.ZKTrustManager.checkServerTrusted(ZKTrustManager.java:90)
	at sun.security.ssl.ClientHandshaker.serverCertificate(ClientHandshaker.java:1670)
	at sun.security.ssl.ClientHandshaker.processMessage(ClientHandshaker.java:226)
	at sun.security.ssl.Handshaker.processLoop(Handshaker.java:1082)
	at sun.security.ssl.Handshaker.process_record(Handshaker.java:1010)
	at sun.security.ssl.SSLSocketImpl.readRecord(SSLSocketImpl.java:1079)
	at sun.security.ssl.SSLSocketImpl.performInitialHandshake(SSLSocketImpl.java:1388)
	at sun.security.ssl.SSLSocketImpl.startHandshake(SSLSocketImpl.java:1416)
	at sun.security.ssl.SSLSocketImpl.startHandshake(SSLSocketImpl.java:1400)
	at org.apache.zookeeper.client.FourLetterWordMain.send4LetterWord(FourLetterWordMain.java:105)
	at org.apache.zookeeper.client.FourLetterWordMain.send4LetterWord(FourLetterWordMain.java:73)
	at org.apache.zookeeper.test.ClientBase.waitForServerUp(ClientBase.java:261)
	at org.apache.zookeeper.test.ClientBase.startServerInstance(ClientBase.java:401)
	at org.apache.zookeeper.test.ClientBase.startServer(ClientBase.java:516)
	at org.apache.zookeeper.test.ClientBase.setUpWithServerId(ClientBase.java:499)
	at org.apache.zookeeper.test.ClientBase.setUp(ClientBase.java:474)
	at org.apache.zookeeper.test.SaslDigestAuthOverSSLTest.setUp(SaslDigestAuthOverSSLTest.java:62)
	at sun.reflect.NativeMethodAccessorImpl.invoke0(Native Method)
	at sun.reflect.NativeMethodAccessorImpl.invoke(NativeMethodAccessorImpl.java:62)
	at sun.reflect.DelegatingMethodAccessorImpl.invoke(DelegatingMethodAccessorImpl.java:43)
	at java.lang.reflect.Method.invoke(Method.java:498)
	at org.junit.runners.model.FrameworkMethod$1.runReflectiveCall(FrameworkMethod.java:50)
	at org.junit.internal.runners.model.ReflectiveCallable.run(ReflectiveCallable.java:12)
	at org.junit.runners.model.FrameworkMethod.invokeExplosively(FrameworkMethod.java:47)
	at mockit.integration.junit4.JUnit4TestRunnerDecorator.invokeExplosively(JUnit4TestRunnerDecorator.java:49)
	at mockit.integration.junit4.FakeFrameworkMethod.invokeExplosively(FakeFrameworkMethod.java:29)
	at org.junit.runners.model.FrameworkMethod.invokeExplosively(FrameworkMethod.java)
	at org.junit.internal.runners.statements.RunBefores.evaluate(RunBefores.java:24)
	at org.junit.internal.runners.statements.RunAfters.evaluate(RunAfters.java:27)
	at org.junit.rules.TestWatcher$1.evaluate(TestWatcher.java:55)
	at org.junit.rules.RunRules.evaluate(RunRules.java:20)
	at org.junit.runners.ParentRunner.runLeaf(ParentRunner.java:325)
	at org.junit.runners.BlockJUnit4ClassRunner.runChild(BlockJUnit4ClassRunner.java:78)
	at org.junit.runners.BlockJUnit4ClassRunner.runChild(BlockJUnit4ClassRunner.java:57)
	at org.junit.runners.ParentRunner$3.run(ParentRunner.java:290)
	at org.junit.runners.ParentRunner$1.schedule(ParentRunner.java:71)
	at org.junit.runners.ParentRunner.runChildren(ParentRunner.java:288)
	at org.junit.runners.ParentRunner.access$000(ParentRunner.java:58)
	at org.junit.runners.ParentRunner$2.evaluate(ParentRunner.java:268)
	at org.junit.internal.runners.statements.RunBefores.evaluate(RunBefores.java:26)
	at org.junit.runners.ParentRunner.run(ParentRunner.java:363)
	at org.apache.maven.surefire.junit4.JUnit4Provider.execute(JUnit4Provider.java:365)
	at org.apache.maven.surefire.junit4.JUnit4Provider.executeWithRerun(JUnit4Provider.java:273)
	at org.apache.maven.surefire.junit4.JUnit4Provider.executeTestSet(JUnit4Provider.java:238)
	at org.apache.maven.surefire.junit4.JUnit4Provider.invoke(JUnit4Provider.java:159)
	at org.apache.maven.surefire.booter.ForkedBooter.invokeProviderInSameClassLoader(ForkedBooter.java:384)
	at org.apache.maven.surefire.booter.ForkedBooter.runSuitesInProcess(ForkedBooter.java:345)
	at org.apache.maven.surefire.booter.ForkedBooter.execute(ForkedBooter.java:126)
	at org.apache.maven.surefire.booter.ForkedBooter.main(ForkedBooter.java:418)
2020-06-22 14:22:59,675 [myid:] - INFO  [main:ClientBase@270] - server 127.0.0.1:21995 not up
javax.net.ssl.SSLHandshakeException: java.security.cert.CertificateException: Failed to verify both host address and host name
	at sun.security.ssl.Alerts.getSSLException(Alerts.java:198)
	at sun.security.ssl.SSLSocketImpl.fatal(SSLSocketImpl.java:1967)
	at sun.security.ssl.Handshaker.fatalSE(Handshaker.java:331)
	at sun.security.ssl.Handshaker.fatalSE(Handshaker.java:325)
	at sun.security.ssl.ClientHandshaker.serverCertificate(ClientHandshaker.java:1688)
	at sun.security.ssl.ClientHandshaker.processMessage(ClientHandshaker.java:226)
	at sun.security.ssl.Handshaker.processLoop(Handshaker.java:1082)
	at sun.security.ssl.Handshaker.process_record(Handshaker.java:1010)
	at sun.security.ssl.SSLSocketImpl.readRecord(SSLSocketImpl.java:1079)
	at sun.security.ssl.SSLSocketImpl.performInitialHandshake(SSLSocketImpl.java:1388)
	at sun.security.ssl.SSLSocketImpl.startHandshake(SSLSocketImpl.java:1416)
	at sun.security.ssl.SSLSocketImpl.startHandshake(SSLSocketImpl.java:1400)
	at org.apache.zookeeper.client.FourLetterWordMain.send4LetterWord(FourLetterWordMain.java:105)
	at org.apache.zookeeper.client.FourLetterWordMain.send4LetterWord(FourLetterWordMain.java:73)
	at org.apache.zookeeper.test.ClientBase.waitForServerUp(ClientBase.java:261)
	at org.apache.zookeeper.test.ClientBase.startServerInstance(ClientBase.java:401)
	at org.apache.zookeeper.test.ClientBase.startServer(ClientBase.java:516)
	at org.apache.zookeeper.test.ClientBase.setUpWithServerId(ClientBase.java:499)
	at org.apache.zookeeper.test.ClientBase.setUp(ClientBase.java:474)
	at org.apache.zookeeper.test.SaslDigestAuthOverSSLTest.setUp(SaslDigestAuthOverSSLTest.java:62)
	at sun.reflect.NativeMethodAccessorImpl.invoke0(Native Method)
	at sun.reflect.NativeMethodAccessorImpl.invoke(NativeMethodAccessorImpl.java:62)
	at sun.reflect.DelegatingMethodAccessorImpl.invoke(DelegatingMethodAccessorImpl.java:43)
	at java.lang.reflect.Method.invoke(Method.java:498)
	at org.junit.runners.model.FrameworkMethod$1.runReflectiveCall(FrameworkMethod.java:50)
	at org.junit.internal.runners.model.ReflectiveCallable.run(ReflectiveCallable.java:12)
	at org.junit.runners.model.FrameworkMethod.invokeExplosively(FrameworkMethod.java:47)
	at mockit.integration.junit4.JUnit4TestRunnerDecorator.invokeExplosively(JUnit4TestRunnerDecorator.java:49)
	at mockit.integration.junit4.FakeFrameworkMethod.invokeExplosively(FakeFrameworkMethod.java:29)
	at org.junit.runners.model.FrameworkMethod.invokeExplosively(FrameworkMethod.java)
	at org.junit.internal.runners.statements.RunBefores.evaluate(RunBefores.java:24)
	at org.junit.internal.runners.statements.RunAfters.evaluate(RunAfters.java:27)
	at org.junit.rules.TestWatcher$1.evaluate(TestWatcher.java:55)
	at org.junit.rules.RunRules.evaluate(RunRules.java:20)
	at org.junit.runners.ParentRunner.runLeaf(ParentRunner.java:325)
	at org.junit.runners.BlockJUnit4ClassRunner.runChild(BlockJUnit4ClassRunner.java:78)
	at org.junit.runners.BlockJUnit4ClassRunner.runChild(BlockJUnit4ClassRunner.java:57)
	at org.junit.runners.ParentRunner$3.run(ParentRunner.java:290)
	at org.junit.runners.ParentRunner$1.schedule(ParentRunner.java:71)
	at org.junit.runners.ParentRunner.runChildren(ParentRunner.java:288)
	at org.junit.runners.ParentRunner.access$000(ParentRunner.java:58)
	at org.junit.runners.ParentRunner$2.evaluate(ParentRunner.java:268)
	at org.junit.internal.runners.statements.RunBefores.evaluate(RunBefores.java:26)
	at org.junit.runners.ParentRunner.run(ParentRunner.java:363)
	at org.apache.maven.surefire.junit4.JUnit4Provider.execute(JUnit4Provider.java:365)
	at org.apache.maven.surefire.junit4.JUnit4Provider.executeWithRerun(JUnit4Provider.java:273)
	at org.apache.maven.surefire.junit4.JUnit4Provider.executeTestSet(JUnit4Provider.java:238)
	at org.apache.maven.surefire.junit4.JUnit4Provider.invoke(JUnit4Provider.java:159)
	at org.apache.maven.surefire.booter.ForkedBooter.invokeProviderInSameClassLoader(ForkedBooter.java:384)
	at org.apache.maven.surefire.booter.ForkedBooter.runSuitesInProcess(ForkedBooter.java:345)
	at org.apache.maven.surefire.booter.ForkedBooter.execute(ForkedBooter.java:126)
	at org.apache.maven.surefire.booter.ForkedBooter.main(ForkedBooter.java:418)
Caused by: java.security.cert.CertificateException: Failed to verify both host address and host name
	at org.apache.zookeeper.common.ZKTrustManager.performHostVerification(ZKTrustManager.java:163)
	at org.apache.zookeeper.common.ZKTrustManager.checkServerTrusted(ZKTrustManager.java:90)
	at sun.security.ssl.ClientHandshaker.serverCertificate(ClientHandshaker.java:1670)
	... 47 more
Caused by: javax.net.ssl.SSLPeerUnverifiedException: Certificate for <activate.navicat.com> doesn't match common name of the certificate subject: localhost
	at org.apache.zookeeper.common.ZKHostnameVerifier.matchCN(ZKHostnameVerifier.java:238)
	at org.apache.zookeeper.common.ZKHostnameVerifier.verify(ZKHostnameVerifier.java:184)
	at org.apache.zookeeper.common.ZKTrustManager.performHostVerification(ZKTrustManager.java:159)
	... 49 more
2020-06-22 14:22:59,675 [myid:] - ERROR [nioEventLoopGroup-4-4:NettyServerCnxnFactory$CertificateVerifier@434] - Unsuccessful handshake with session 0x0
2020-06-22 14:22:59,676 [myid:] - WARN  [nioEventLoopGroup-4-4:NettyServerCnxnFactory$CnxnChannelHandler@273] - Exception caught
io.netty.handler.codec.DecoderException: javax.net.ssl.SSLException: Received fatal alert: certificate_unknown
	at io.netty.handler.codec.ByteToMessageDecoder.callDecode(ByteToMessageDecoder.java:468)
	at io.netty.handler.codec.ByteToMessageDecoder.channelRead(ByteToMessageDecoder.java:276)
	at io.netty.channel.AbstractChannelHandlerContext.invokeChannelRead(AbstractChannelHandlerContext.java:379)
	at io.netty.channel.AbstractChannelHandlerContext.invokeChannelRead(AbstractChannelHandlerContext.java:365)
	at io.netty.channel.AbstractChannelHandlerContext.fireChannelRead(AbstractChannelHandlerContext.java:357)
	at io.netty.channel.DefaultChannelPipeline$HeadContext.channelRead(DefaultChannelPipeline.java:1410)
	at io.netty.channel.AbstractChannelHandlerContext.invokeChannelRead(AbstractChannelHandlerContext.java:379)
	at io.netty.channel.AbstractChannelHandlerContext.invokeChannelRead(AbstractChannelHandlerContext.java:365)
	at io.netty.channel.DefaultChannelPipeline.fireChannelRead(DefaultChannelPipeline.java:919)
	at io.netty.channel.nio.AbstractNioByteChannel$NioByteUnsafe.read(AbstractNioByteChannel.java:163)
	at io.netty.channel.nio.NioEventLoop.processSelectedKey(NioEventLoop.java:714)
	at io.netty.channel.nio.NioEventLoop.processSelectedKeysOptimized(NioEventLoop.java:650)
	at io.netty.channel.nio.NioEventLoop.processSelectedKeys(NioEventLoop.java:576)
	at io.netty.channel.nio.NioEventLoop.run(NioEventLoop.java:493)
	at io.netty.util.concurrent.SingleThreadEventExecutor$4.run(SingleThreadEventExecutor.java:989)
	at io.netty.util.internal.ThreadExecutorMap$2.run(ThreadExecutorMap.java:74)
	at io.netty.util.concurrent.FastThreadLocalRunnable.run(FastThreadLocalRunnable.java:30)
	at java.lang.Thread.run(Thread.java:748)
Caused by: javax.net.ssl.SSLException: Received fatal alert: certificate_unknown
	at sun.security.ssl.Alerts.getSSLException(Alerts.java:214)
	at sun.security.ssl.SSLEngineImpl.fatal(SSLEngineImpl.java:1667)
	at sun.security.ssl.SSLEngineImpl.fatal(SSLEngineImpl.java:1635)
	at sun.security.ssl.SSLEngineImpl.recvAlert(SSLEngineImpl.java:1801)
	at sun.security.ssl.SSLEngineImpl.readRecord(SSLEngineImpl.java:1090)
	at sun.security.ssl.SSLEngineImpl.readNetRecord(SSLEngineImpl.java:913)
	at sun.security.ssl.SSLEngineImpl.unwrap(SSLEngineImpl.java:783)
	at javax.net.ssl.SSLEngine.unwrap(SSLEngine.java:626)
	at io.netty.handler.ssl.SslHandler$SslEngineType$3.unwrap(SslHandler.java:281)
	at io.netty.handler.ssl.SslHandler.unwrap(SslHandler.java:1340)
	at io.netty.handler.ssl.SslHandler.decodeJdkCompatible(SslHandler.java:1235)
	at io.netty.handler.ssl.SslHandler.decode(SslHandler.java:1282)
	at io.netty.handler.codec.ByteToMessageDecoder.decodeRemovalReentryProtection(ByteToMessageDecoder.java:498)
	at io.netty.handler.codec.ByteToMessageDecoder.callDecode(ByteToMessageDecoder.java:437)
	... 17 more
2020-06-22 14:22:59,676 [myid:] - WARN  [nioEventLoopGroup-4-4:NettyServerCnxnFactory$CnxnChannelHandler@273] - Exception caught
io.netty.handler.codec.DecoderException: javax.net.ssl.SSLException: Received fatal alert: certificate_unknown
	at io.netty.handler.codec.ByteToMessageDecoder.callDecode(ByteToMessageDecoder.java:468)
	at io.netty.handler.codec.ByteToMessageDecoder.channelInputClosed(ByteToMessageDecoder.java:401)
	at io.netty.handler.codec.ByteToMessageDecoder.channelInputClosed(ByteToMessageDecoder.java:368)
	at io.netty.handler.codec.ByteToMessageDecoder.channelInactive(ByteToMessageDecoder.java:351)
	at io.netty.handler.ssl.SslHandler.channelInactive(SslHandler.java:1084)
	at io.netty.channel.AbstractChannelHandlerContext.invokeChannelInactive(AbstractChannelHandlerContext.java:262)
	at io.netty.channel.AbstractChannelHandlerContext.invokeChannelInactive(AbstractChannelHandlerContext.java:248)
	at io.netty.channel.AbstractChannelHandlerContext.fireChannelInactive(AbstractChannelHandlerContext.java:241)
	at io.netty.channel.DefaultChannelPipeline$HeadContext.channelInactive(DefaultChannelPipeline.java:1405)
	at io.netty.channel.AbstractChannelHandlerContext.invokeChannelInactive(AbstractChannelHandlerContext.java:262)
	at io.netty.channel.AbstractChannelHandlerContext.invokeChannelInactive(AbstractChannelHandlerContext.java:248)
	at io.netty.channel.DefaultChannelPipeline.fireChannelInactive(DefaultChannelPipeline.java:901)
	at io.netty.channel.AbstractChannel$AbstractUnsafe$8.run(AbstractChannel.java:818)
	at io.netty.util.concurrent.AbstractEventExecutor.safeExecute(AbstractEventExecutor.java:164)
	at io.netty.util.concurrent.SingleThreadEventExecutor.runAllTasks(SingleThreadEventExecutor.java:472)
	at io.netty.channel.nio.NioEventLoop.run(NioEventLoop.java:497)
	at io.netty.util.concurrent.SingleThreadEventExecutor$4.run(SingleThreadEventExecutor.java:989)
	at io.netty.util.internal.ThreadExecutorMap$2.run(ThreadExecutorMap.java:74)
	at io.netty.util.concurrent.FastThreadLocalRunnable.run(FastThreadLocalRunnable.java:30)
	at java.lang.Thread.run(Thread.java:748)
Caused by: javax.net.ssl.SSLException: Received fatal alert: certificate_unknown
	at sun.security.ssl.Alerts.getSSLException(Alerts.java:214)
	at sun.security.ssl.SSLEngineImpl.fatal(SSLEngineImpl.java:1667)
	at sun.security.ssl.SSLEngineImpl.fatal(SSLEngineImpl.java:1635)
	at sun.security.ssl.SSLEngineImpl.recvAlert(SSLEngineImpl.java:1801)
	at sun.security.ssl.SSLEngineImpl.readRecord(SSLEngineImpl.java:1090)
	at sun.security.ssl.SSLEngineImpl.readNetRecord(SSLEngineImpl.java:913)
	at sun.security.ssl.SSLEngineImpl.unwrap(SSLEngineImpl.java:783)
	at javax.net.ssl.SSLEngine.unwrap(SSLEngine.java:626)
	at io.netty.handler.ssl.SslHandler$SslEngineType$3.unwrap(SslHandler.java:281)
	at io.netty.handler.ssl.SslHandler.unwrap(SslHandler.java:1340)
	at io.netty.handler.ssl.SslHandler.decodeJdkCompatible(SslHandler.java:1235)
	at io.netty.handler.ssl.SslHandler.decode(SslHandler.java:1282)
	at io.netty.handler.codec.ByteToMessageDecoder.decodeRemovalReentryProtection(ByteToMessageDecoder.java:498)
	at io.netty.handler.codec.ByteToMessageDecoder.callDecode(ByteToMessageDecoder.java:437)
	... 19 more
2020-06-22 14:22:59,925 [myid:] - INFO  [main:FourLetterWordMain@93] - connecting to 127.0.0.1 21995
2020-06-22 14:22:59,925 [myid:] - INFO  [main:FourLetterWordMain@99] - using secure socket
2020-06-22 14:22:59,932 [myid:] - ERROR [main:ZKTrustManager@161] - Failed to verify host address: 127.0.0.1
javax.net.ssl.SSLPeerUnverifiedException: Certificate for <127.0.0.1> doesn't match common name of the certificate subject: localhost
	at org.apache.zookeeper.common.ZKHostnameVerifier.matchCN(ZKHostnameVerifier.java:238)
	at org.apache.zookeeper.common.ZKHostnameVerifier.verify(ZKHostnameVerifier.java:184)
	at org.apache.zookeeper.common.ZKTrustManager.performHostVerification(ZKTrustManager.java:151)
	at org.apache.zookeeper.common.ZKTrustManager.checkServerTrusted(ZKTrustManager.java:90)
	at sun.security.ssl.ClientHandshaker.serverCertificate(ClientHandshaker.java:1670)
	at sun.security.ssl.ClientHandshaker.processMessage(ClientHandshaker.java:226)
	at sun.security.ssl.Handshaker.processLoop(Handshaker.java:1082)
	at sun.security.ssl.Handshaker.process_record(Handshaker.java:1010)
	at sun.security.ssl.SSLSocketImpl.readRecord(SSLSocketImpl.java:1079)
	at sun.security.ssl.SSLSocketImpl.performInitialHandshake(SSLSocketImpl.java:1388)
	at sun.security.ssl.SSLSocketImpl.startHandshake(SSLSocketImpl.java:1416)
	at sun.security.ssl.SSLSocketImpl.startHandshake(SSLSocketImpl.java:1400)
	at org.apache.zookeeper.client.FourLetterWordMain.send4LetterWord(FourLetterWordMain.java:105)
	at org.apache.zookeeper.client.FourLetterWordMain.send4LetterWord(FourLetterWordMain.java:73)
	at org.apache.zookeeper.test.ClientBase.waitForServerUp(ClientBase.java:261)
	at org.apache.zookeeper.test.ClientBase.startServerInstance(ClientBase.java:401)
	at org.apache.zookeeper.test.ClientBase.startServer(ClientBase.java:516)
	at org.apache.zookeeper.test.ClientBase.setUpWithServerId(ClientBase.java:499)
	at org.apache.zookeeper.test.ClientBase.setUp(ClientBase.java:474)
	at org.apache.zookeeper.test.SaslDigestAuthOverSSLTest.setUp(SaslDigestAuthOverSSLTest.java:62)
	at sun.reflect.NativeMethodAccessorImpl.invoke0(Native Method)
	at sun.reflect.NativeMethodAccessorImpl.invoke(NativeMethodAccessorImpl.java:62)
	at sun.reflect.DelegatingMethodAccessorImpl.invoke(DelegatingMethodAccessorImpl.java:43)
	at java.lang.reflect.Method.invoke(Method.java:498)
	at org.junit.runners.model.FrameworkMethod$1.runReflectiveCall(FrameworkMethod.java:50)
	at org.junit.internal.runners.model.ReflectiveCallable.run(ReflectiveCallable.java:12)
	at org.junit.runners.model.FrameworkMethod.invokeExplosively(FrameworkMethod.java:47)
	at mockit.integration.junit4.JUnit4TestRunnerDecorator.invokeExplosively(JUnit4TestRunnerDecorator.java:49)
	at mockit.integration.junit4.FakeFrameworkMethod.invokeExplosively(FakeFrameworkMethod.java:29)
	at org.junit.runners.model.FrameworkMethod.invokeExplosively(FrameworkMethod.java)
	at org.junit.internal.runners.statements.RunBefores.evaluate(RunBefores.java:24)
	at org.junit.internal.runners.statements.RunAfters.evaluate(RunAfters.java:27)
	at org.junit.rules.TestWatcher$1.evaluate(TestWatcher.java:55)
	at org.junit.rules.RunRules.evaluate(RunRules.java:20)
	at org.junit.runners.ParentRunner.runLeaf(ParentRunner.java:325)
	at org.junit.runners.BlockJUnit4ClassRunner.runChild(BlockJUnit4ClassRunner.java:78)
	at org.junit.runners.BlockJUnit4ClassRunner.runChild(BlockJUnit4ClassRunner.java:57)
	at org.junit.runners.ParentRunner$3.run(ParentRunner.java:290)
	at org.junit.runners.ParentRunner$1.schedule(ParentRunner.java:71)
	at org.junit.runners.ParentRunner.runChildren(ParentRunner.java:288)
	at org.junit.runners.ParentRunner.access$000(ParentRunner.java:58)
	at org.junit.runners.ParentRunner$2.evaluate(ParentRunner.java:268)
	at org.junit.internal.runners.statements.RunBefores.evaluate(RunBefores.java:26)
	at org.junit.runners.ParentRunner.run(ParentRunner.java:363)
	at org.apache.maven.surefire.junit4.JUnit4Provider.execute(JUnit4Provider.java:365)
	at org.apache.maven.surefire.junit4.JUnit4Provider.executeWithRerun(JUnit4Provider.java:273)
	at org.apache.maven.surefire.junit4.JUnit4Provider.executeTestSet(JUnit4Provider.java:238)
	at org.apache.maven.surefire.junit4.JUnit4Provider.invoke(JUnit4Provider.java:159)
	at org.apache.maven.surefire.booter.ForkedBooter.invokeProviderInSameClassLoader(ForkedBooter.java:384)
	at org.apache.maven.surefire.booter.ForkedBooter.runSuitesInProcess(ForkedBooter.java:345)
	at org.apache.maven.surefire.booter.ForkedBooter.execute(ForkedBooter.java:126)
	at org.apache.maven.surefire.booter.ForkedBooter.main(ForkedBooter.java:418)
2020-06-22 14:22:59,932 [myid:] - ERROR [main:ZKTrustManager@162] - Failed to verify hostname: activate.navicat.com
javax.net.ssl.SSLPeerUnverifiedException: Certificate for <activate.navicat.com> doesn't match common name of the certificate subject: localhost
	at org.apache.zookeeper.common.ZKHostnameVerifier.matchCN(ZKHostnameVerifier.java:238)
	at org.apache.zookeeper.common.ZKHostnameVerifier.verify(ZKHostnameVerifier.java:184)
	at org.apache.zookeeper.common.ZKTrustManager.performHostVerification(ZKTrustManager.java:159)
	at org.apache.zookeeper.common.ZKTrustManager.checkServerTrusted(ZKTrustManager.java:90)
	at sun.security.ssl.ClientHandshaker.serverCertificate(ClientHandshaker.java:1670)
	at sun.security.ssl.ClientHandshaker.processMessage(ClientHandshaker.java:226)
	at sun.security.ssl.Handshaker.processLoop(Handshaker.java:1082)
	at sun.security.ssl.Handshaker.process_record(Handshaker.java:1010)
	at sun.security.ssl.SSLSocketImpl.readRecord(SSLSocketImpl.java:1079)
	at sun.security.ssl.SSLSocketImpl.performInitialHandshake(SSLSocketImpl.java:1388)
	at sun.security.ssl.SSLSocketImpl.startHandshake(SSLSocketImpl.java:1416)
	at sun.security.ssl.SSLSocketImpl.startHandshake(SSLSocketImpl.java:1400)
	at org.apache.zookeeper.client.FourLetterWordMain.send4LetterWord(FourLetterWordMain.java:105)
	at org.apache.zookeeper.client.FourLetterWordMain.send4LetterWord(FourLetterWordMain.java:73)
	at org.apache.zookeeper.test.ClientBase.waitForServerUp(ClientBase.java:261)
	at org.apache.zookeeper.test.ClientBase.startServerInstance(ClientBase.java:401)
	at org.apache.zookeeper.test.ClientBase.startServer(ClientBase.java:516)
	at org.apache.zookeeper.test.ClientBase.setUpWithServerId(ClientBase.java:499)
	at org.apache.zookeeper.test.ClientBase.setUp(ClientBase.java:474)
	at org.apache.zookeeper.test.SaslDigestAuthOverSSLTest.setUp(SaslDigestAuthOverSSLTest.java:62)
	at sun.reflect.NativeMethodAccessorImpl.invoke0(Native Method)
	at sun.reflect.NativeMethodAccessorImpl.invoke(NativeMethodAccessorImpl.java:62)
	at sun.reflect.DelegatingMethodAccessorImpl.invoke(DelegatingMethodAccessorImpl.java:43)
	at java.lang.reflect.Method.invoke(Method.java:498)
	at org.junit.runners.model.FrameworkMethod$1.runReflectiveCall(FrameworkMethod.java:50)
	at org.junit.internal.runners.model.ReflectiveCallable.run(ReflectiveCallable.java:12)
	at org.junit.runners.model.FrameworkMethod.invokeExplosively(FrameworkMethod.java:47)
	at mockit.integration.junit4.JUnit4TestRunnerDecorator.invokeExplosively(JUnit4TestRunnerDecorator.java:49)
	at mockit.integration.junit4.FakeFrameworkMethod.invokeExplosively(FakeFrameworkMethod.java:29)
	at org.junit.runners.model.FrameworkMethod.invokeExplosively(FrameworkMethod.java)
	at org.junit.internal.runners.statements.RunBefores.evaluate(RunBefores.java:24)
	at org.junit.internal.runners.statements.RunAfters.evaluate(RunAfters.java:27)
	at org.junit.rules.TestWatcher$1.evaluate(TestWatcher.java:55)
	at org.junit.rules.RunRules.evaluate(RunRules.java:20)
	at org.junit.runners.ParentRunner.runLeaf(ParentRunner.java:325)
	at org.junit.runners.BlockJUnit4ClassRunner.runChild(BlockJUnit4ClassRunner.java:78)
	at org.junit.runners.BlockJUnit4ClassRunner.runChild(BlockJUnit4ClassRunner.java:57)
	at org.junit.runners.ParentRunner$3.run(ParentRunner.java:290)
	at org.junit.runners.ParentRunner$1.schedule(ParentRunner.java:71)
	at org.junit.runners.ParentRunner.runChildren(ParentRunner.java:288)
	at org.junit.runners.ParentRunner.access$000(ParentRunner.java:58)
	at org.junit.runners.ParentRunner$2.evaluate(ParentRunner.java:268)
	at org.junit.internal.runners.statements.RunBefores.evaluate(RunBefores.java:26)
	at org.junit.runners.ParentRunner.run(ParentRunner.java:363)
	at org.apache.maven.surefire.junit4.JUnit4Provider.execute(JUnit4Provider.java:365)
	at org.apache.maven.surefire.junit4.JUnit4Provider.executeWithRerun(JUnit4Provider.java:273)
	at org.apache.maven.surefire.junit4.JUnit4Provider.executeTestSet(JUnit4Provider.java:238)
	at org.apache.maven.surefire.junit4.JUnit4Provider.invoke(JUnit4Provider.java:159)
	at org.apache.maven.surefire.booter.ForkedBooter.invokeProviderInSameClassLoader(ForkedBooter.java:384)
	at org.apache.maven.surefire.booter.ForkedBooter.runSuitesInProcess(ForkedBooter.java:345)
	at org.apache.maven.surefire.booter.ForkedBooter.execute(ForkedBooter.java:126)
	at org.apache.maven.surefire.booter.ForkedBooter.main(ForkedBooter.java:418)
2020-06-22 14:22:59,933 [myid:] - INFO  [main:ClientBase@270] - server 127.0.0.1:21995 not up
javax.net.ssl.SSLHandshakeException: java.security.cert.CertificateException: Failed to verify both host address and host name
	at sun.security.ssl.Alerts.getSSLException(Alerts.java:198)
	at sun.security.ssl.SSLSocketImpl.fatal(SSLSocketImpl.java:1967)
	at sun.security.ssl.Handshaker.fatalSE(Handshaker.java:331)
	at sun.security.ssl.Handshaker.fatalSE(Handshaker.java:325)
	at sun.security.ssl.ClientHandshaker.serverCertificate(ClientHandshaker.java:1688)
	at sun.security.ssl.ClientHandshaker.processMessage(ClientHandshaker.java:226)
	at sun.security.ssl.Handshaker.processLoop(Handshaker.java:1082)
	at sun.security.ssl.Handshaker.process_record(Handshaker.java:1010)
	at sun.security.ssl.SSLSocketImpl.readRecord(SSLSocketImpl.java:1079)
	at sun.security.ssl.SSLSocketImpl.performInitialHandshake(SSLSocketImpl.java:1388)
	at sun.security.ssl.SSLSocketImpl.startHandshake(SSLSocketImpl.java:1416)
	at sun.security.ssl.SSLSocketImpl.startHandshake(SSLSocketImpl.java:1400)
	at org.apache.zookeeper.client.FourLetterWordMain.send4LetterWord(FourLetterWordMain.java:105)
	at org.apache.zookeeper.client.FourLetterWordMain.send4LetterWord(FourLetterWordMain.java:73)
	at org.apache.zookeeper.test.ClientBase.waitForServerUp(ClientBase.java:261)
	at org.apache.zookeeper.test.ClientBase.startServerInstance(ClientBase.java:401)
	at org.apache.zookeeper.test.ClientBase.startServer(ClientBase.java:516)
	at org.apache.zookeeper.test.ClientBase.setUpWithServerId(ClientBase.java:499)
	at org.apache.zookeeper.test.ClientBase.setUp(ClientBase.java:474)
	at org.apache.zookeeper.test.SaslDigestAuthOverSSLTest.setUp(SaslDigestAuthOverSSLTest.java:62)
	at sun.reflect.NativeMethodAccessorImpl.invoke0(Native Method)
	at sun.reflect.NativeMethodAccessorImpl.invoke(NativeMethodAccessorImpl.java:62)
	at sun.reflect.DelegatingMethodAccessorImpl.invoke(DelegatingMethodAccessorImpl.java:43)
	at java.lang.reflect.Method.invoke(Method.java:498)
	at org.junit.runners.model.FrameworkMethod$1.runReflectiveCall(FrameworkMethod.java:50)
	at org.junit.internal.runners.model.ReflectiveCallable.run(ReflectiveCallable.java:12)
	at org.junit.runners.model.FrameworkMethod.invokeExplosively(FrameworkMethod.java:47)
	at mockit.integration.junit4.JUnit4TestRunnerDecorator.invokeExplosively(JUnit4TestRunnerDecorator.java:49)
	at mockit.integration.junit4.FakeFrameworkMethod.invokeExplosively(FakeFrameworkMethod.java:29)
	at org.junit.runners.model.FrameworkMethod.invokeExplosively(FrameworkMethod.java)
	at org.junit.internal.runners.statements.RunBefores.evaluate(RunBefores.java:24)
	at org.junit.internal.runners.statements.RunAfters.evaluate(RunAfters.java:27)
	at org.junit.rules.TestWatcher$1.evaluate(TestWatcher.java:55)
	at org.junit.rules.RunRules.evaluate(RunRules.java:20)
	at org.junit.runners.ParentRunner.runLeaf(ParentRunner.java:325)
	at org.junit.runners.BlockJUnit4ClassRunner.runChild(BlockJUnit4ClassRunner.java:78)
	at org.junit.runners.BlockJUnit4ClassRunner.runChild(BlockJUnit4ClassRunner.java:57)
	at org.junit.runners.ParentRunner$3.run(ParentRunner.java:290)
	at org.junit.runners.ParentRunner$1.schedule(ParentRunner.java:71)
	at org.junit.runners.ParentRunner.runChildren(ParentRunner.java:288)
	at org.junit.runners.ParentRunner.access$000(ParentRunner.java:58)
	at org.junit.runners.ParentRunner$2.evaluate(ParentRunner.java:268)
	at org.junit.internal.runners.statements.RunBefores.evaluate(RunBefores.java:26)
	at org.junit.runners.ParentRunner.run(ParentRunner.java:363)
	at org.apache.maven.surefire.junit4.JUnit4Provider.execute(JUnit4Provider.java:365)
	at org.apache.maven.surefire.junit4.JUnit4Provider.executeWithRerun(JUnit4Provider.java:273)
	at org.apache.maven.surefire.junit4.JUnit4Provider.executeTestSet(JUnit4Provider.java:238)
	at org.apache.maven.surefire.junit4.JUnit4Provider.invoke(JUnit4Provider.java:159)
	at org.apache.maven.surefire.booter.ForkedBooter.invokeProviderInSameClassLoader(ForkedBooter.java:384)
	at org.apache.maven.surefire.booter.ForkedBooter.runSuitesInProcess(ForkedBooter.java:345)
	at org.apache.maven.surefire.booter.ForkedBooter.execute(ForkedBooter.java:126)
	at org.apache.maven.surefire.booter.ForkedBooter.main(ForkedBooter.java:418)
Caused by: java.security.cert.CertificateException: Failed to verify both host address and host name
	at org.apache.zookeeper.common.ZKTrustManager.performHostVerification(ZKTrustManager.java:163)
	at org.apache.zookeeper.common.ZKTrustManager.checkServerTrusted(ZKTrustManager.java:90)
	at sun.security.ssl.ClientHandshaker.serverCertificate(ClientHandshaker.java:1670)
	... 47 more
Caused by: javax.net.ssl.SSLPeerUnverifiedException: Certificate for <activate.navicat.com> doesn't match common name of the certificate subject: localhost
	at org.apache.zookeeper.common.ZKHostnameVerifier.matchCN(ZKHostnameVerifier.java:238)
	at org.apache.zookeeper.common.ZKHostnameVerifier.verify(ZKHostnameVerifier.java:184)
	at org.apache.zookeeper.common.ZKTrustManager.performHostVerification(ZKTrustManager.java:159)
	... 49 more
2020-06-22 14:22:59,933 [myid:] - ERROR [nioEventLoopGroup-4-5:NettyServerCnxnFactory$CertificateVerifier@434] - Unsuccessful handshake with session 0x0
2020-06-22 14:22:59,934 [myid:] - WARN  [nioEventLoopGroup-4-5:NettyServerCnxnFactory$CnxnChannelHandler@273] - Exception caught
io.netty.handler.codec.DecoderException: javax.net.ssl.SSLException: Received fatal alert: certificate_unknown
	at io.netty.handler.codec.ByteToMessageDecoder.callDecode(ByteToMessageDecoder.java:468)
	at io.netty.handler.codec.ByteToMessageDecoder.channelRead(ByteToMessageDecoder.java:276)
	at io.netty.channel.AbstractChannelHandlerContext.invokeChannelRead(AbstractChannelHandlerContext.java:379)
	at io.netty.channel.AbstractChannelHandlerContext.invokeChannelRead(AbstractChannelHandlerContext.java:365)
	at io.netty.channel.AbstractChannelHandlerContext.fireChannelRead(AbstractChannelHandlerContext.java:357)
	at io.netty.channel.DefaultChannelPipeline$HeadContext.channelRead(DefaultChannelPipeline.java:1410)
	at io.netty.channel.AbstractChannelHandlerContext.invokeChannelRead(AbstractChannelHandlerContext.java:379)
	at io.netty.channel.AbstractChannelHandlerContext.invokeChannelRead(AbstractChannelHandlerContext.java:365)
	at io.netty.channel.DefaultChannelPipeline.fireChannelRead(DefaultChannelPipeline.java:919)
	at io.netty.channel.nio.AbstractNioByteChannel$NioByteUnsafe.read(AbstractNioByteChannel.java:163)
	at io.netty.channel.nio.NioEventLoop.processSelectedKey(NioEventLoop.java:714)
	at io.netty.channel.nio.NioEventLoop.processSelectedKeysOptimized(NioEventLoop.java:650)
	at io.netty.channel.nio.NioEventLoop.processSelectedKeys(NioEventLoop.java:576)
	at io.netty.channel.nio.NioEventLoop.run(NioEventLoop.java:493)
	at io.netty.util.concurrent.SingleThreadEventExecutor$4.run(SingleThreadEventExecutor.java:989)
	at io.netty.util.internal.ThreadExecutorMap$2.run(ThreadExecutorMap.java:74)
	at io.netty.util.concurrent.FastThreadLocalRunnable.run(FastThreadLocalRunnable.java:30)
	at java.lang.Thread.run(Thread.java:748)
Caused by: javax.net.ssl.SSLException: Received fatal alert: certificate_unknown
	at sun.security.ssl.Alerts.getSSLException(Alerts.java:214)
	at sun.security.ssl.SSLEngineImpl.fatal(SSLEngineImpl.java:1667)
	at sun.security.ssl.SSLEngineImpl.fatal(SSLEngineImpl.java:1635)
	at sun.security.ssl.SSLEngineImpl.recvAlert(SSLEngineImpl.java:1801)
	at sun.security.ssl.SSLEngineImpl.readRecord(SSLEngineImpl.java:1090)
	at sun.security.ssl.SSLEngineImpl.readNetRecord(SSLEngineImpl.java:913)
	at sun.security.ssl.SSLEngineImpl.unwrap(SSLEngineImpl.java:783)
	at javax.net.ssl.SSLEngine.unwrap(SSLEngine.java:626)
	at io.netty.handler.ssl.SslHandler$SslEngineType$3.unwrap(SslHandler.java:281)
	at io.netty.handler.ssl.SslHandler.unwrap(SslHandler.java:1340)
	at io.netty.handler.ssl.SslHandler.decodeJdkCompatible(SslHandler.java:1235)
	at io.netty.handler.ssl.SslHandler.decode(SslHandler.java:1282)
	at io.netty.handler.codec.ByteToMessageDecoder.decodeRemovalReentryProtection(ByteToMessageDecoder.java:498)
	at io.netty.handler.codec.ByteToMessageDecoder.callDecode(ByteToMessageDecoder.java:437)
	... 17 more
2020-06-22 14:22:59,934 [myid:] - WARN  [nioEventLoopGroup-4-5:NettyServerCnxnFactory$CnxnChannelHandler@273] - Exception caught
io.netty.handler.codec.DecoderException: javax.net.ssl.SSLException: Received fatal alert: certificate_unknown
	at io.netty.handler.codec.ByteToMessageDecoder.callDecode(ByteToMessageDecoder.java:468)
	at io.netty.handler.codec.ByteToMessageDecoder.channelInputClosed(ByteToMessageDecoder.java:401)
	at io.netty.handler.codec.ByteToMessageDecoder.channelInputClosed(ByteToMessageDecoder.java:368)
	at io.netty.handler.codec.ByteToMessageDecoder.channelInactive(ByteToMessageDecoder.java:351)
	at io.netty.handler.ssl.SslHandler.channelInactive(SslHandler.java:1084)
	at io.netty.channel.AbstractChannelHandlerContext.invokeChannelInactive(AbstractChannelHandlerContext.java:262)
	at io.netty.channel.AbstractChannelHandlerContext.invokeChannelInactive(AbstractChannelHandlerContext.java:248)
	at io.netty.channel.AbstractChannelHandlerContext.fireChannelInactive(AbstractChannelHandlerContext.java:241)
	at io.netty.channel.DefaultChannelPipeline$HeadContext.channelInactive(DefaultChannelPipeline.java:1405)
	at io.netty.channel.AbstractChannelHandlerContext.invokeChannelInactive(AbstractChannelHandlerContext.java:262)
	at io.netty.channel.AbstractChannelHandlerContext.invokeChannelInactive(AbstractChannelHandlerContext.java:248)
	at io.netty.channel.DefaultChannelPipeline.fireChannelInactive(DefaultChannelPipeline.java:901)
	at io.netty.channel.AbstractChannel$AbstractUnsafe$8.run(AbstractChannel.java:818)
	at io.netty.util.concurrent.AbstractEventExecutor.safeExecute(AbstractEventExecutor.java:164)
	at io.netty.util.concurrent.SingleThreadEventExecutor.runAllTasks(SingleThreadEventExecutor.java:472)
	at io.netty.channel.nio.NioEventLoop.run(NioEventLoop.java:497)
	at io.netty.util.concurrent.SingleThreadEventExecutor$4.run(SingleThreadEventExecutor.java:989)
	at io.netty.util.internal.ThreadExecutorMap$2.run(ThreadExecutorMap.java:74)
	at io.netty.util.concurrent.FastThreadLocalRunnable.run(FastThreadLocalRunnable.java:30)
	at java.lang.Thread.run(Thread.java:748)
Caused by: javax.net.ssl.SSLException: Received fatal alert: certificate_unknown
	at sun.security.ssl.Alerts.getSSLException(Alerts.java:214)
	at sun.security.ssl.SSLEngineImpl.fatal(SSLEngineImpl.java:1667)
	at sun.security.ssl.SSLEngineImpl.fatal(SSLEngineImpl.java:1635)
	at sun.security.ssl.SSLEngineImpl.recvAlert(SSLEngineImpl.java:1801)
	at sun.security.ssl.SSLEngineImpl.readRecord(SSLEngineImpl.java:1090)
	at sun.security.ssl.SSLEngineImpl.readNetRecord(SSLEngineImpl.java:913)
	at sun.security.ssl.SSLEngineImpl.unwrap(SSLEngineImpl.java:783)
	at javax.net.ssl.SSLEngine.unwrap(SSLEngine.java:626)
	at io.netty.handler.ssl.SslHandler$SslEngineType$3.unwrap(SslHandler.java:281)
	at io.netty.handler.ssl.SslHandler.unwrap(SslHandler.java:1340)
	at io.netty.handler.ssl.SslHandler.decodeJdkCompatible(SslHandler.java:1235)
	at io.netty.handler.ssl.SslHandler.decode(SslHandler.java:1282)
	at io.netty.handler.codec.ByteToMessageDecoder.decodeRemovalReentryProtection(ByteToMessageDecoder.java:498)
	at io.netty.handler.codec.ByteToMessageDecoder.callDecode(ByteToMessageDecoder.java:437)
	... 19 more
2020-06-22 14:23:00,184 [myid:] - INFO  [main:FourLetterWordMain@93] - connecting to 127.0.0.1 21995
2020-06-22 14:23:00,184 [myid:] - INFO  [main:FourLetterWordMain@99] - using secure socket
2020-06-22 14:23:00,193 [myid:] - ERROR [main:ZKTrustManager@161] - Failed to verify host address: 127.0.0.1
javax.net.ssl.SSLPeerUnverifiedException: Certificate for <127.0.0.1> doesn't match common name of the certificate subject: localhost
	at org.apache.zookeeper.common.ZKHostnameVerifier.matchCN(ZKHostnameVerifier.java:238)
	at org.apache.zookeeper.common.ZKHostnameVerifier.verify(ZKHostnameVerifier.java:184)
	at org.apache.zookeeper.common.ZKTrustManager.performHostVerification(ZKTrustManager.java:151)
	at org.apache.zookeeper.common.ZKTrustManager.checkServerTrusted(ZKTrustManager.java:90)
	at sun.security.ssl.ClientHandshaker.serverCertificate(ClientHandshaker.java:1670)
	at sun.security.ssl.ClientHandshaker.processMessage(ClientHandshaker.java:226)
	at sun.security.ssl.Handshaker.processLoop(Handshaker.java:1082)
	at sun.security.ssl.Handshaker.process_record(Handshaker.java:1010)
	at sun.security.ssl.SSLSocketImpl.readRecord(SSLSocketImpl.java:1079)
	at sun.security.ssl.SSLSocketImpl.performInitialHandshake(SSLSocketImpl.java:1388)
	at sun.security.ssl.SSLSocketImpl.startHandshake(SSLSocketImpl.java:1416)
	at sun.security.ssl.SSLSocketImpl.startHandshake(SSLSocketImpl.java:1400)
	at org.apache.zookeeper.client.FourLetterWordMain.send4LetterWord(FourLetterWordMain.java:105)
	at org.apache.zookeeper.client.FourLetterWordMain.send4LetterWord(FourLetterWordMain.java:73)
	at org.apache.zookeeper.test.ClientBase.waitForServerUp(ClientBase.java:261)
	at org.apache.zookeeper.test.ClientBase.startServerInstance(ClientBase.java:401)
	at org.apache.zookeeper.test.ClientBase.startServer(ClientBase.java:516)
	at org.apache.zookeeper.test.ClientBase.setUpWithServerId(ClientBase.java:499)
	at org.apache.zookeeper.test.ClientBase.setUp(ClientBase.java:474)
	at org.apache.zookeeper.test.SaslDigestAuthOverSSLTest.setUp(SaslDigestAuthOverSSLTest.java:62)
	at sun.reflect.NativeMethodAccessorImpl.invoke0(Native Method)
	at sun.reflect.NativeMethodAccessorImpl.invoke(NativeMethodAccessorImpl.java:62)
	at sun.reflect.DelegatingMethodAccessorImpl.invoke(DelegatingMethodAccessorImpl.java:43)
	at java.lang.reflect.Method.invoke(Method.java:498)
	at org.junit.runners.model.FrameworkMethod$1.runReflectiveCall(FrameworkMethod.java:50)
	at org.junit.internal.runners.model.ReflectiveCallable.run(ReflectiveCallable.java:12)
	at org.junit.runners.model.FrameworkMethod.invokeExplosively(FrameworkMethod.java:47)
	at mockit.integration.junit4.JUnit4TestRunnerDecorator.invokeExplosively(JUnit4TestRunnerDecorator.java:49)
	at mockit.integration.junit4.FakeFrameworkMethod.invokeExplosively(FakeFrameworkMethod.java:29)
	at org.junit.runners.model.FrameworkMethod.invokeExplosively(FrameworkMethod.java)
	at org.junit.internal.runners.statements.RunBefores.evaluate(RunBefores.java:24)
	at org.junit.internal.runners.statements.RunAfters.evaluate(RunAfters.java:27)
	at org.junit.rules.TestWatcher$1.evaluate(TestWatcher.java:55)
	at org.junit.rules.RunRules.evaluate(RunRules.java:20)
	at org.junit.runners.ParentRunner.runLeaf(ParentRunner.java:325)
	at org.junit.runners.BlockJUnit4ClassRunner.runChild(BlockJUnit4ClassRunner.java:78)
	at org.junit.runners.BlockJUnit4ClassRunner.runChild(BlockJUnit4ClassRunner.java:57)
	at org.junit.runners.ParentRunner$3.run(ParentRunner.java:290)
	at org.junit.runners.ParentRunner$1.schedule(ParentRunner.java:71)
	at org.junit.runners.ParentRunner.runChildren(ParentRunner.java:288)
	at org.junit.runners.ParentRunner.access$000(ParentRunner.java:58)
	at org.junit.runners.ParentRunner$2.evaluate(ParentRunner.java:268)
	at org.junit.internal.runners.statements.RunBefores.evaluate(RunBefores.java:26)
	at org.junit.runners.ParentRunner.run(ParentRunner.java:363)
	at org.apache.maven.surefire.junit4.JUnit4Provider.execute(JUnit4Provider.java:365)
	at org.apache.maven.surefire.junit4.JUnit4Provider.executeWithRerun(JUnit4Provider.java:273)
	at org.apache.maven.surefire.junit4.JUnit4Provider.executeTestSet(JUnit4Provider.java:238)
	at org.apache.maven.surefire.junit4.JUnit4Provider.invoke(JUnit4Provider.java:159)
	at org.apache.maven.surefire.booter.ForkedBooter.invokeProviderInSameClassLoader(ForkedBooter.java:384)
	at org.apache.maven.surefire.booter.ForkedBooter.runSuitesInProcess(ForkedBooter.java:345)
	at org.apache.maven.surefire.booter.ForkedBooter.execute(ForkedBooter.java:126)
	at org.apache.maven.surefire.booter.ForkedBooter.main(ForkedBooter.java:418)
2020-06-22 14:23:00,194 [myid:] - ERROR [main:ZKTrustManager@162] - Failed to verify hostname: activate.navicat.com
javax.net.ssl.SSLPeerUnverifiedException: Certificate for <activate.navicat.com> doesn't match common name of the certificate subject: localhost
	at org.apache.zookeeper.common.ZKHostnameVerifier.matchCN(ZKHostnameVerifier.java:238)
	at org.apache.zookeeper.common.ZKHostnameVerifier.verify(ZKHostnameVerifier.java:184)
	at org.apache.zookeeper.common.ZKTrustManager.performHostVerification(ZKTrustManager.java:159)
	at org.apache.zookeeper.common.ZKTrustManager.checkServerTrusted(ZKTrustManager.java:90)
	at sun.security.ssl.ClientHandshaker.serverCertificate(ClientHandshaker.java:1670)
	at sun.security.ssl.ClientHandshaker.processMessage(ClientHandshaker.java:226)
	at sun.security.ssl.Handshaker.processLoop(Handshaker.java:1082)
	at sun.security.ssl.Handshaker.process_record(Handshaker.java:1010)
	at sun.security.ssl.SSLSocketImpl.readRecord(SSLSocketImpl.java:1079)
	at sun.security.ssl.SSLSocketImpl.performInitialHandshake(SSLSocketImpl.java:1388)
	at sun.security.ssl.SSLSocketImpl.startHandshake(SSLSocketImpl.java:1416)
	at sun.security.ssl.SSLSocketImpl.startHandshake(SSLSocketImpl.java:1400)
	at org.apache.zookeeper.client.FourLetterWordMain.send4LetterWord(FourLetterWordMain.java:105)
	at org.apache.zookeeper.client.FourLetterWordMain.send4LetterWord(FourLetterWordMain.java:73)
	at org.apache.zookeeper.test.ClientBase.waitForServerUp(ClientBase.java:261)
	at org.apache.zookeeper.test.ClientBase.startServerInstance(ClientBase.java:401)
	at org.apache.zookeeper.test.ClientBase.startServer(ClientBase.java:516)
	at org.apache.zookeeper.test.ClientBase.setUpWithServerId(ClientBase.java:499)
	at org.apache.zookeeper.test.ClientBase.setUp(ClientBase.java:474)
	at org.apache.zookeeper.test.SaslDigestAuthOverSSLTest.setUp(SaslDigestAuthOverSSLTest.java:62)
	at sun.reflect.NativeMethodAccessorImpl.invoke0(Native Method)
	at sun.reflect.NativeMethodAccessorImpl.invoke(NativeMethodAccessorImpl.java:62)
	at sun.reflect.DelegatingMethodAccessorImpl.invoke(DelegatingMethodAccessorImpl.java:43)
	at java.lang.reflect.Method.invoke(Method.java:498)
	at org.junit.runners.model.FrameworkMethod$1.runReflectiveCall(FrameworkMethod.java:50)
	at org.junit.internal.runners.model.ReflectiveCallable.run(ReflectiveCallable.java:12)
	at org.junit.runners.model.FrameworkMethod.invokeExplosively(FrameworkMethod.java:47)
	at mockit.integration.junit4.JUnit4TestRunnerDecorator.invokeExplosively(JUnit4TestRunnerDecorator.java:49)
	at mockit.integration.junit4.FakeFrameworkMethod.invokeExplosively(FakeFrameworkMethod.java:29)
	at org.junit.runners.model.FrameworkMethod.invokeExplosively(FrameworkMethod.java)
	at org.junit.internal.runners.statements.RunBefores.evaluate(RunBefores.java:24)
	at org.junit.internal.runners.statements.RunAfters.evaluate(RunAfters.java:27)
	at org.junit.rules.TestWatcher$1.evaluate(TestWatcher.java:55)
	at org.junit.rules.RunRules.evaluate(RunRules.java:20)
	at org.junit.runners.ParentRunner.runLeaf(ParentRunner.java:325)
	at org.junit.runners.BlockJUnit4ClassRunner.runChild(BlockJUnit4ClassRunner.java:78)
	at org.junit.runners.BlockJUnit4ClassRunner.runChild(BlockJUnit4ClassRunner.java:57)
	at org.junit.runners.ParentRunner$3.run(ParentRunner.java:290)
	at org.junit.runners.ParentRunner$1.schedule(ParentRunner.java:71)
	at org.junit.runners.ParentRunner.runChildren(ParentRunner.java:288)
	at org.junit.runners.ParentRunner.access$000(ParentRunner.java:58)
	at org.junit.runners.ParentRunner$2.evaluate(ParentRunner.java:268)
	at org.junit.internal.runners.statements.RunBefores.evaluate(RunBefores.java:26)
	at org.junit.runners.ParentRunner.run(ParentRunner.java:363)
	at org.apache.maven.surefire.junit4.JUnit4Provider.execute(JUnit4Provider.java:365)
	at org.apache.maven.surefire.junit4.JUnit4Provider.executeWithRerun(JUnit4Provider.java:273)
	at org.apache.maven.surefire.junit4.JUnit4Provider.executeTestSet(JUnit4Provider.java:238)
	at org.apache.maven.surefire.junit4.JUnit4Provider.invoke(JUnit4Provider.java:159)
	at org.apache.maven.surefire.booter.ForkedBooter.invokeProviderInSameClassLoader(ForkedBooter.java:384)
	at org.apache.maven.surefire.booter.ForkedBooter.runSuitesInProcess(ForkedBooter.java:345)
	at org.apache.maven.surefire.booter.ForkedBooter.execute(ForkedBooter.java:126)
	at org.apache.maven.surefire.booter.ForkedBooter.main(ForkedBooter.java:418)
2020-06-22 14:23:00,194 [myid:] - INFO  [main:ClientBase@270] - server 127.0.0.1:21995 not up
javax.net.ssl.SSLHandshakeException: java.security.cert.CertificateException: Failed to verify both host address and host name
	at sun.security.ssl.Alerts.getSSLException(Alerts.java:198)
	at sun.security.ssl.SSLSocketImpl.fatal(SSLSocketImpl.java:1967)
	at sun.security.ssl.Handshaker.fatalSE(Handshaker.java:331)
	at sun.security.ssl.Handshaker.fatalSE(Handshaker.java:325)
	at sun.security.ssl.ClientHandshaker.serverCertificate(ClientHandshaker.java:1688)
	at sun.security.ssl.ClientHandshaker.processMessage(ClientHandshaker.java:226)
	at sun.security.ssl.Handshaker.processLoop(Handshaker.java:1082)
	at sun.security.ssl.Handshaker.process_record(Handshaker.java:1010)
	at sun.security.ssl.SSLSocketImpl.readRecord(SSLSocketImpl.java:1079)
	at sun.security.ssl.SSLSocketImpl.performInitialHandshake(SSLSocketImpl.java:1388)
	at sun.security.ssl.SSLSocketImpl.startHandshake(SSLSocketImpl.java:1416)
	at sun.security.ssl.SSLSocketImpl.startHandshake(SSLSocketImpl.java:1400)
	at org.apache.zookeeper.client.FourLetterWordMain.send4LetterWord(FourLetterWordMain.java:105)
	at org.apache.zookeeper.client.FourLetterWordMain.send4LetterWord(FourLetterWordMain.java:73)
	at org.apache.zookeeper.test.ClientBase.waitForServerUp(ClientBase.java:261)
	at org.apache.zookeeper.test.ClientBase.startServerInstance(ClientBase.java:401)
	at org.apache.zookeeper.test.ClientBase.startServer(ClientBase.java:516)
	at org.apache.zookeeper.test.ClientBase.setUpWithServerId(ClientBase.java:499)
	at org.apache.zookeeper.test.ClientBase.setUp(ClientBase.java:474)
	at org.apache.zookeeper.test.SaslDigestAuthOverSSLTest.setUp(SaslDigestAuthOverSSLTest.java:62)
	at sun.reflect.NativeMethodAccessorImpl.invoke0(Native Method)
	at sun.reflect.NativeMethodAccessorImpl.invoke(NativeMethodAccessorImpl.java:62)
	at sun.reflect.DelegatingMethodAccessorImpl.invoke(DelegatingMethodAccessorImpl.java:43)
	at java.lang.reflect.Method.invoke(Method.java:498)
	at org.junit.runners.model.FrameworkMethod$1.runReflectiveCall(FrameworkMethod.java:50)
	at org.junit.internal.runners.model.ReflectiveCallable.run(ReflectiveCallable.java:12)
	at org.junit.runners.model.FrameworkMethod.invokeExplosively(FrameworkMethod.java:47)
	at mockit.integration.junit4.JUnit4TestRunnerDecorator.invokeExplosively(JUnit4TestRunnerDecorator.java:49)
	at mockit.integration.junit4.FakeFrameworkMethod.invokeExplosively(FakeFrameworkMethod.java:29)
	at org.junit.runners.model.FrameworkMethod.invokeExplosively(FrameworkMethod.java)
	at org.junit.internal.runners.statements.RunBefores.evaluate(RunBefores.java:24)
	at org.junit.internal.runners.statements.RunAfters.evaluate(RunAfters.java:27)
	at org.junit.rules.TestWatcher$1.evaluate(TestWatcher.java:55)
	at org.junit.rules.RunRules.evaluate(RunRules.java:20)
	at org.junit.runners.ParentRunner.runLeaf(ParentRunner.java:325)
	at org.junit.runners.BlockJUnit4ClassRunner.runChild(BlockJUnit4ClassRunner.java:78)
	at org.junit.runners.BlockJUnit4ClassRunner.runChild(BlockJUnit4ClassRunner.java:57)
	at org.junit.runners.ParentRunner$3.run(ParentRunner.java:290)
	at org.junit.runners.ParentRunner$1.schedule(ParentRunner.java:71)
	at org.junit.runners.ParentRunner.runChildren(ParentRunner.java:288)
	at org.junit.runners.ParentRunner.access$000(ParentRunner.java:58)
	at org.junit.runners.ParentRunner$2.evaluate(ParentRunner.java:268)
	at org.junit.internal.runners.statements.RunBefores.evaluate(RunBefores.java:26)
	at org.junit.runners.ParentRunner.run(ParentRunner.java:363)
	at org.apache.maven.surefire.junit4.JUnit4Provider.execute(JUnit4Provider.java:365)
	at org.apache.maven.surefire.junit4.JUnit4Provider.executeWithRerun(JUnit4Provider.java:273)
	at org.apache.maven.surefire.junit4.JUnit4Provider.executeTestSet(JUnit4Provider.java:238)
	at org.apache.maven.surefire.junit4.JUnit4Provider.invoke(JUnit4Provider.java:159)
	at org.apache.maven.surefire.booter.ForkedBooter.invokeProviderInSameClassLoader(ForkedBooter.java:384)
	at org.apache.maven.surefire.booter.ForkedBooter.runSuitesInProcess(ForkedBooter.java:345)
	at org.apache.maven.surefire.booter.ForkedBooter.execute(ForkedBooter.java:126)
	at org.apache.maven.surefire.booter.ForkedBooter.main(ForkedBooter.java:418)
Caused by: java.security.cert.CertificateException: Failed to verify both host address and host name
	at org.apache.zookeeper.common.ZKTrustManager.performHostVerification(ZKTrustManager.java:163)
	at org.apache.zookeeper.common.ZKTrustManager.checkServerTrusted(ZKTrustManager.java:90)
	at sun.security.ssl.ClientHandshaker.serverCertificate(ClientHandshaker.java:1670)
	... 47 more
Caused by: javax.net.ssl.SSLPeerUnverifiedException: Certificate for <activate.navicat.com> doesn't match common name of the certificate subject: localhost
	at org.apache.zookeeper.common.ZKHostnameVerifier.matchCN(ZKHostnameVerifier.java:238)
	at org.apache.zookeeper.common.ZKHostnameVerifier.verify(ZKHostnameVerifier.java:184)
	at org.apache.zookeeper.common.ZKTrustManager.performHostVerification(ZKTrustManager.java:159)
	... 49 more
2020-06-22 14:23:00,194 [myid:] - ERROR [nioEventLoopGroup-4-6:NettyServerCnxnFactory$CertificateVerifier@434] - Unsuccessful handshake with session 0x0
2020-06-22 14:23:00,195 [myid:] - WARN  [nioEventLoopGroup-4-6:NettyServerCnxnFactory$CnxnChannelHandler@273] - Exception caught
io.netty.handler.codec.DecoderException: javax.net.ssl.SSLException: Received fatal alert: certificate_unknown
	at io.netty.handler.codec.ByteToMessageDecoder.callDecode(ByteToMessageDecoder.java:468)
	at io.netty.handler.codec.ByteToMessageDecoder.channelRead(ByteToMessageDecoder.java:276)
	at io.netty.channel.AbstractChannelHandlerContext.invokeChannelRead(AbstractChannelHandlerContext.java:379)
	at io.netty.channel.AbstractChannelHandlerContext.invokeChannelRead(AbstractChannelHandlerContext.java:365)
	at io.netty.channel.AbstractChannelHandlerContext.fireChannelRead(AbstractChannelHandlerContext.java:357)
	at io.netty.channel.DefaultChannelPipeline$HeadContext.channelRead(DefaultChannelPipeline.java:1410)
	at io.netty.channel.AbstractChannelHandlerContext.invokeChannelRead(AbstractChannelHandlerContext.java:379)
	at io.netty.channel.AbstractChannelHandlerContext.invokeChannelRead(AbstractChannelHandlerContext.java:365)
	at io.netty.channel.DefaultChannelPipeline.fireChannelRead(DefaultChannelPipeline.java:919)
	at io.netty.channel.nio.AbstractNioByteChannel$NioByteUnsafe.read(AbstractNioByteChannel.java:163)
	at io.netty.channel.nio.NioEventLoop.processSelectedKey(NioEventLoop.java:714)
	at io.netty.channel.nio.NioEventLoop.processSelectedKeysOptimized(NioEventLoop.java:650)
	at io.netty.channel.nio.NioEventLoop.processSelectedKeys(NioEventLoop.java:576)
	at io.netty.channel.nio.NioEventLoop.run(NioEventLoop.java:493)
	at io.netty.util.concurrent.SingleThreadEventExecutor$4.run(SingleThreadEventExecutor.java:989)
	at io.netty.util.internal.ThreadExecutorMap$2.run(ThreadExecutorMap.java:74)
	at io.netty.util.concurrent.FastThreadLocalRunnable.run(FastThreadLocalRunnable.java:30)
	at java.lang.Thread.run(Thread.java:748)
Caused by: javax.net.ssl.SSLException: Received fatal alert: certificate_unknown
	at sun.security.ssl.Alerts.getSSLException(Alerts.java:214)
	at sun.security.ssl.SSLEngineImpl.fatal(SSLEngineImpl.java:1667)
	at sun.security.ssl.SSLEngineImpl.fatal(SSLEngineImpl.java:1635)
	at sun.security.ssl.SSLEngineImpl.recvAlert(SSLEngineImpl.java:1801)
	at sun.security.ssl.SSLEngineImpl.readRecord(SSLEngineImpl.java:1090)
	at sun.security.ssl.SSLEngineImpl.readNetRecord(SSLEngineImpl.java:913)
	at sun.security.ssl.SSLEngineImpl.unwrap(SSLEngineImpl.java:783)
	at javax.net.ssl.SSLEngine.unwrap(SSLEngine.java:626)
	at io.netty.handler.ssl.SslHandler$SslEngineType$3.unwrap(SslHandler.java:281)
	at io.netty.handler.ssl.SslHandler.unwrap(SslHandler.java:1340)
	at io.netty.handler.ssl.SslHandler.decodeJdkCompatible(SslHandler.java:1235)
	at io.netty.handler.ssl.SslHandler.decode(SslHandler.java:1282)
	at io.netty.handler.codec.ByteToMessageDecoder.decodeRemovalReentryProtection(ByteToMessageDecoder.java:498)
	at io.netty.handler.codec.ByteToMessageDecoder.callDecode(ByteToMessageDecoder.java:437)
	... 17 more
2020-06-22 14:23:00,196 [myid:] - WARN  [nioEventLoopGroup-4-6:NettyServerCnxnFactory$CnxnChannelHandler@273] - Exception caught
io.netty.handler.codec.DecoderException: javax.net.ssl.SSLException: Received fatal alert: certificate_unknown
	at io.netty.handler.codec.ByteToMessageDecoder.callDecode(ByteToMessageDecoder.java:468)
	at io.netty.handler.codec.ByteToMessageDecoder.channelInputClosed(ByteToMessageDecoder.java:401)
	at io.netty.handler.codec.ByteToMessageDecoder.channelInputClosed(ByteToMessageDecoder.java:368)
	at io.netty.handler.codec.ByteToMessageDecoder.channelInactive(ByteToMessageDecoder.java:351)
	at io.netty.handler.ssl.SslHandler.channelInactive(SslHandler.java:1084)
	at io.netty.channel.AbstractChannelHandlerContext.invokeChannelInactive(AbstractChannelHandlerContext.java:262)
	at io.netty.channel.AbstractChannelHandlerContext.invokeChannelInactive(AbstractChannelHandlerContext.java:248)
	at io.netty.channel.AbstractChannelHandlerContext.fireChannelInactive(AbstractChannelHandlerContext.java:241)
	at io.netty.channel.DefaultChannelPipeline$HeadContext.channelInactive(DefaultChannelPipeline.java:1405)
	at io.netty.channel.AbstractChannelHandlerContext.invokeChannelInactive(AbstractChannelHandlerContext.java:262)
	at io.netty.channel.AbstractChannelHandlerContext.invokeChannelInactive(AbstractChannelHandlerContext.java:248)
	at io.netty.channel.DefaultChannelPipeline.fireChannelInactive(DefaultChannelPipeline.java:901)
	at io.netty.channel.AbstractChannel$AbstractUnsafe$8.run(AbstractChannel.java:818)
	at io.netty.util.concurrent.AbstractEventExecutor.safeExecute(AbstractEventExecutor.java:164)
	at io.netty.util.concurrent.SingleThreadEventExecutor.runAllTasks(SingleThreadEventExecutor.java:472)
	at io.netty.channel.nio.NioEventLoop.run(NioEventLoop.java:497)
	at io.netty.util.concurrent.SingleThreadEventExecutor$4.run(SingleThreadEventExecutor.java:989)
	at io.netty.util.internal.ThreadExecutorMap$2.run(ThreadExecutorMap.java:74)
	at io.netty.util.concurrent.FastThreadLocalRunnable.run(FastThreadLocalRunnable.java:30)
	at java.lang.Thread.run(Thread.java:748)
Caused by: javax.net.ssl.SSLException: Received fatal alert: certificate_unknown
	at sun.security.ssl.Alerts.getSSLException(Alerts.java:214)
	at sun.security.ssl.SSLEngineImpl.fatal(SSLEngineImpl.java:1667)
	at sun.security.ssl.SSLEngineImpl.fatal(SSLEngineImpl.java:1635)
	at sun.security.ssl.SSLEngineImpl.recvAlert(SSLEngineImpl.java:1801)
	at sun.security.ssl.SSLEngineImpl.readRecord(SSLEngineImpl.java:1090)
	at sun.security.ssl.SSLEngineImpl.readNetRecord(SSLEngineImpl.java:913)
	at sun.security.ssl.SSLEngineImpl.unwrap(SSLEngineImpl.java:783)
	at javax.net.ssl.SSLEngine.unwrap(SSLEngine.java:626)
	at io.netty.handler.ssl.SslHandler$SslEngineType$3.unwrap(SslHandler.java:281)
	at io.netty.handler.ssl.SslHandler.unwrap(SslHandler.java:1340)
	at io.netty.handler.ssl.SslHandler.decodeJdkCompatible(SslHandler.java:1235)
	at io.netty.handler.ssl.SslHandler.decode(SslHandler.java:1282)
	at io.netty.handler.codec.ByteToMessageDecoder.decodeRemovalReentryProtection(ByteToMessageDecoder.java:498)
	at io.netty.handler.codec.ByteToMessageDecoder.callDecode(ByteToMessageDecoder.java:437)
	... 19 more
2020-06-22 14:23:00,446 [myid:] - INFO  [main:FourLetterWordMain@93] - connecting to 127.0.0.1 21995
2020-06-22 14:23:00,446 [myid:] - INFO  [main:FourLetterWordMain@99] - using secure socket
2020-06-22 14:23:00,453 [myid:] - ERROR [main:ZKTrustManager@161] - Failed to verify host address: 127.0.0.1
javax.net.ssl.SSLPeerUnverifiedException: Certificate for <127.0.0.1> doesn't match common name of the certificate subject: localhost
	at org.apache.zookeeper.common.ZKHostnameVerifier.matchCN(ZKHostnameVerifier.java:238)
	at org.apache.zookeeper.common.ZKHostnameVerifier.verify(ZKHostnameVerifier.java:184)
	at org.apache.zookeeper.common.ZKTrustManager.performHostVerification(ZKTrustManager.java:151)
	at org.apache.zookeeper.common.ZKTrustManager.checkServerTrusted(ZKTrustManager.java:90)
	at sun.security.ssl.ClientHandshaker.serverCertificate(ClientHandshaker.java:1670)
	at sun.security.ssl.ClientHandshaker.processMessage(ClientHandshaker.java:226)
	at sun.security.ssl.Handshaker.processLoop(Handshaker.java:1082)
	at sun.security.ssl.Handshaker.process_record(Handshaker.java:1010)
	at sun.security.ssl.SSLSocketImpl.readRecord(SSLSocketImpl.java:1079)
	at sun.security.ssl.SSLSocketImpl.performInitialHandshake(SSLSocketImpl.java:1388)
	at sun.security.ssl.SSLSocketImpl.startHandshake(SSLSocketImpl.java:1416)
	at sun.security.ssl.SSLSocketImpl.startHandshake(SSLSocketImpl.java:1400)
	at org.apache.zookeeper.client.FourLetterWordMain.send4LetterWord(FourLetterWordMain.java:105)
	at org.apache.zookeeper.client.FourLetterWordMain.send4LetterWord(FourLetterWordMain.java:73)
	at org.apache.zookeeper.test.ClientBase.waitForServerUp(ClientBase.java:261)
	at org.apache.zookeeper.test.ClientBase.startServerInstance(ClientBase.java:401)
	at org.apache.zookeeper.test.ClientBase.startServer(ClientBase.java:516)
	at org.apache.zookeeper.test.ClientBase.setUpWithServerId(ClientBase.java:499)
	at org.apache.zookeeper.test.ClientBase.setUp(ClientBase.java:474)
	at org.apache.zookeeper.test.SaslDigestAuthOverSSLTest.setUp(SaslDigestAuthOverSSLTest.java:62)
	at sun.reflect.NativeMethodAccessorImpl.invoke0(Native Method)
	at sun.reflect.NativeMethodAccessorImpl.invoke(NativeMethodAccessorImpl.java:62)
	at sun.reflect.DelegatingMethodAccessorImpl.invoke(DelegatingMethodAccessorImpl.java:43)
	at java.lang.reflect.Method.invoke(Method.java:498)
	at org.junit.runners.model.FrameworkMethod$1.runReflectiveCall(FrameworkMethod.java:50)
	at org.junit.internal.runners.model.ReflectiveCallable.run(ReflectiveCallable.java:12)
	at org.junit.runners.model.FrameworkMethod.invokeExplosively(FrameworkMethod.java:47)
	at mockit.integration.junit4.JUnit4TestRunnerDecorator.invokeExplosively(JUnit4TestRunnerDecorator.java:49)
	at mockit.integration.junit4.FakeFrameworkMethod.invokeExplosively(FakeFrameworkMethod.java:29)
	at org.junit.runners.model.FrameworkMethod.invokeExplosively(FrameworkMethod.java)
	at org.junit.internal.runners.statements.RunBefores.evaluate(RunBefores.java:24)
	at org.junit.internal.runners.statements.RunAfters.evaluate(RunAfters.java:27)
	at org.junit.rules.TestWatcher$1.evaluate(TestWatcher.java:55)
	at org.junit.rules.RunRules.evaluate(RunRules.java:20)
	at org.junit.runners.ParentRunner.runLeaf(ParentRunner.java:325)
	at org.junit.runners.BlockJUnit4ClassRunner.runChild(BlockJUnit4ClassRunner.java:78)
	at org.junit.runners.BlockJUnit4ClassRunner.runChild(BlockJUnit4ClassRunner.java:57)
	at org.junit.runners.ParentRunner$3.run(ParentRunner.java:290)
	at org.junit.runners.ParentRunner$1.schedule(ParentRunner.java:71)
	at org.junit.runners.ParentRunner.runChildren(ParentRunner.java:288)
	at org.junit.runners.ParentRunner.access$000(ParentRunner.java:58)
	at org.junit.runners.ParentRunner$2.evaluate(ParentRunner.java:268)
	at org.junit.internal.runners.statements.RunBefores.evaluate(RunBefores.java:26)
	at org.junit.runners.ParentRunner.run(ParentRunner.java:363)
	at org.apache.maven.surefire.junit4.JUnit4Provider.execute(JUnit4Provider.java:365)
	at org.apache.maven.surefire.junit4.JUnit4Provider.executeWithRerun(JUnit4Provider.java:273)
	at org.apache.maven.surefire.junit4.JUnit4Provider.executeTestSet(JUnit4Provider.java:238)
	at org.apache.maven.surefire.junit4.JUnit4Provider.invoke(JUnit4Provider.java:159)
	at org.apache.maven.surefire.booter.ForkedBooter.invokeProviderInSameClassLoader(ForkedBooter.java:384)
	at org.apache.maven.surefire.booter.ForkedBooter.runSuitesInProcess(ForkedBooter.java:345)
	at org.apache.maven.surefire.booter.ForkedBooter.execute(ForkedBooter.java:126)
	at org.apache.maven.surefire.booter.ForkedBooter.main(ForkedBooter.java:418)
2020-06-22 14:23:00,453 [myid:] - ERROR [main:ZKTrustManager@162] - Failed to verify hostname: activate.navicat.com
javax.net.ssl.SSLPeerUnverifiedException: Certificate for <activate.navicat.com> doesn't match common name of the certificate subject: localhost
	at org.apache.zookeeper.common.ZKHostnameVerifier.matchCN(ZKHostnameVerifier.java:238)
	at org.apache.zookeeper.common.ZKHostnameVerifier.verify(ZKHostnameVerifier.java:184)
	at org.apache.zookeeper.common.ZKTrustManager.performHostVerification(ZKTrustManager.java:159)
	at org.apache.zookeeper.common.ZKTrustManager.checkServerTrusted(ZKTrustManager.java:90)
	at sun.security.ssl.ClientHandshaker.serverCertificate(ClientHandshaker.java:1670)
	at sun.security.ssl.ClientHandshaker.processMessage(ClientHandshaker.java:226)
	at sun.security.ssl.Handshaker.processLoop(Handshaker.java:1082)
	at sun.security.ssl.Handshaker.process_record(Handshaker.java:1010)
	at sun.security.ssl.SSLSocketImpl.readRecord(SSLSocketImpl.java:1079)
	at sun.security.ssl.SSLSocketImpl.performInitialHandshake(SSLSocketImpl.java:1388)
	at sun.security.ssl.SSLSocketImpl.startHandshake(SSLSocketImpl.java:1416)
	at sun.security.ssl.SSLSocketImpl.startHandshake(SSLSocketImpl.java:1400)
	at org.apache.zookeeper.client.FourLetterWordMain.send4LetterWord(FourLetterWordMain.java:105)
	at org.apache.zookeeper.client.FourLetterWordMain.send4LetterWord(FourLetterWordMain.java:73)
	at org.apache.zookeeper.test.ClientBase.waitForServerUp(ClientBase.java:261)
	at org.apache.zookeeper.test.ClientBase.startServerInstance(ClientBase.java:401)
	at org.apache.zookeeper.test.ClientBase.startServer(ClientBase.java:516)
	at org.apache.zookeeper.test.ClientBase.setUpWithServerId(ClientBase.java:499)
	at org.apache.zookeeper.test.ClientBase.setUp(ClientBase.java:474)
	at org.apache.zookeeper.test.SaslDigestAuthOverSSLTest.setUp(SaslDigestAuthOverSSLTest.java:62)
	at sun.reflect.NativeMethodAccessorImpl.invoke0(Native Method)
	at sun.reflect.NativeMethodAccessorImpl.invoke(NativeMethodAccessorImpl.java:62)
	at sun.reflect.DelegatingMethodAccessorImpl.invoke(DelegatingMethodAccessorImpl.java:43)
	at java.lang.reflect.Method.invoke(Method.java:498)
	at org.junit.runners.model.FrameworkMethod$1.runReflectiveCall(FrameworkMethod.java:50)
	at org.junit.internal.runners.model.ReflectiveCallable.run(ReflectiveCallable.java:12)
	at org.junit.runners.model.FrameworkMethod.invokeExplosively(FrameworkMethod.java:47)
	at mockit.integration.junit4.JUnit4TestRunnerDecorator.invokeExplosively(JUnit4TestRunnerDecorator.java:49)
	at mockit.integration.junit4.FakeFrameworkMethod.invokeExplosively(FakeFrameworkMethod.java:29)
	at org.junit.runners.model.FrameworkMethod.invokeExplosively(FrameworkMethod.java)
	at org.junit.internal.runners.statements.RunBefores.evaluate(RunBefores.java:24)
	at org.junit.internal.runners.statements.RunAfters.evaluate(RunAfters.java:27)
	at org.junit.rules.TestWatcher$1.evaluate(TestWatcher.java:55)
	at org.junit.rules.RunRules.evaluate(RunRules.java:20)
	at org.junit.runners.ParentRunner.runLeaf(ParentRunner.java:325)
	at org.junit.runners.BlockJUnit4ClassRunner.runChild(BlockJUnit4ClassRunner.java:78)
	at org.junit.runners.BlockJUnit4ClassRunner.runChild(BlockJUnit4ClassRunner.java:57)
	at org.junit.runners.ParentRunner$3.run(ParentRunner.java:290)
	at org.junit.runners.ParentRunner$1.schedule(ParentRunner.java:71)
	at org.junit.runners.ParentRunner.runChildren(ParentRunner.java:288)
	at org.junit.runners.ParentRunner.access$000(ParentRunner.java:58)
	at org.junit.runners.ParentRunner$2.evaluate(ParentRunner.java:268)
	at org.junit.internal.runners.statements.RunBefores.evaluate(RunBefores.java:26)
	at org.junit.runners.ParentRunner.run(ParentRunner.java:363)
	at org.apache.maven.surefire.junit4.JUnit4Provider.execute(JUnit4Provider.java:365)
	at org.apache.maven.surefire.junit4.JUnit4Provider.executeWithRerun(JUnit4Provider.java:273)
	at org.apache.maven.surefire.junit4.JUnit4Provider.executeTestSet(JUnit4Provider.java:238)
	at org.apache.maven.surefire.junit4.JUnit4Provider.invoke(JUnit4Provider.java:159)
	at org.apache.maven.surefire.booter.ForkedBooter.invokeProviderInSameClassLoader(ForkedBooter.java:384)
	at org.apache.maven.surefire.booter.ForkedBooter.runSuitesInProcess(ForkedBooter.java:345)
	at org.apache.maven.surefire.booter.ForkedBooter.execute(ForkedBooter.java:126)
	at org.apache.maven.surefire.booter.ForkedBooter.main(ForkedBooter.java:418)
2020-06-22 14:23:00,453 [myid:] - INFO  [main:ClientBase@270] - server 127.0.0.1:21995 not up
javax.net.ssl.SSLHandshakeException: java.security.cert.CertificateException: Failed to verify both host address and host name
	at sun.security.ssl.Alerts.getSSLException(Alerts.java:198)
	at sun.security.ssl.SSLSocketImpl.fatal(SSLSocketImpl.java:1967)
	at sun.security.ssl.Handshaker.fatalSE(Handshaker.java:331)
	at sun.security.ssl.Handshaker.fatalSE(Handshaker.java:325)
	at sun.security.ssl.ClientHandshaker.serverCertificate(ClientHandshaker.java:1688)
	at sun.security.ssl.ClientHandshaker.processMessage(ClientHandshaker.java:226)
	at sun.security.ssl.Handshaker.processLoop(Handshaker.java:1082)
	at sun.security.ssl.Handshaker.process_record(Handshaker.java:1010)
	at sun.security.ssl.SSLSocketImpl.readRecord(SSLSocketImpl.java:1079)
	at sun.security.ssl.SSLSocketImpl.performInitialHandshake(SSLSocketImpl.java:1388)
	at sun.security.ssl.SSLSocketImpl.startHandshake(SSLSocketImpl.java:1416)
	at sun.security.ssl.SSLSocketImpl.startHandshake(SSLSocketImpl.java:1400)
	at org.apache.zookeeper.client.FourLetterWordMain.send4LetterWord(FourLetterWordMain.java:105)
	at org.apache.zookeeper.client.FourLetterWordMain.send4LetterWord(FourLetterWordMain.java:73)
	at org.apache.zookeeper.test.ClientBase.waitForServerUp(ClientBase.java:261)
	at org.apache.zookeeper.test.ClientBase.startServerInstance(ClientBase.java:401)
	at org.apache.zookeeper.test.ClientBase.startServer(ClientBase.java:516)
	at org.apache.zookeeper.test.ClientBase.setUpWithServerId(ClientBase.java:499)
	at org.apache.zookeeper.test.ClientBase.setUp(ClientBase.java:474)
	at org.apache.zookeeper.test.SaslDigestAuthOverSSLTest.setUp(SaslDigestAuthOverSSLTest.java:62)
	at sun.reflect.NativeMethodAccessorImpl.invoke0(Native Method)
	at sun.reflect.NativeMethodAccessorImpl.invoke(NativeMethodAccessorImpl.java:62)
	at sun.reflect.DelegatingMethodAccessorImpl.invoke(DelegatingMethodAccessorImpl.java:43)
	at java.lang.reflect.Method.invoke(Method.java:498)
	at org.junit.runners.model.FrameworkMethod$1.runReflectiveCall(FrameworkMethod.java:50)
	at org.junit.internal.runners.model.ReflectiveCallable.run(ReflectiveCallable.java:12)
	at org.junit.runners.model.FrameworkMethod.invokeExplosively(FrameworkMethod.java:47)
	at mockit.integration.junit4.JUnit4TestRunnerDecorator.invokeExplosively(JUnit4TestRunnerDecorator.java:49)
	at mockit.integration.junit4.FakeFrameworkMethod.invokeExplosively(FakeFrameworkMethod.java:29)
	at org.junit.runners.model.FrameworkMethod.invokeExplosively(FrameworkMethod.java)
	at org.junit.internal.runners.statements.RunBefores.evaluate(RunBefores.java:24)
	at org.junit.internal.runners.statements.RunAfters.evaluate(RunAfters.java:27)
	at org.junit.rules.TestWatcher$1.evaluate(TestWatcher.java:55)
	at org.junit.rules.RunRules.evaluate(RunRules.java:20)
	at org.junit.runners.ParentRunner.runLeaf(ParentRunner.java:325)
	at org.junit.runners.BlockJUnit4ClassRunner.runChild(BlockJUnit4ClassRunner.java:78)
	at org.junit.runners.BlockJUnit4ClassRunner.runChild(BlockJUnit4ClassRunner.java:57)
	at org.junit.runners.ParentRunner$3.run(ParentRunner.java:290)
	at org.junit.runners.ParentRunner$1.schedule(ParentRunner.java:71)
	at org.junit.runners.ParentRunner.runChildren(ParentRunner.java:288)
	at org.junit.runners.ParentRunner.access$000(ParentRunner.java:58)
	at org.junit.runners.ParentRunner$2.evaluate(ParentRunner.java:268)
	at org.junit.internal.runners.statements.RunBefores.evaluate(RunBefores.java:26)
	at org.junit.runners.ParentRunner.run(ParentRunner.java:363)
	at org.apache.maven.surefire.junit4.JUnit4Provider.execute(JUnit4Provider.java:365)
	at org.apache.maven.surefire.junit4.JUnit4Provider.executeWithRerun(JUnit4Provider.java:273)
	at org.apache.maven.surefire.junit4.JUnit4Provider.executeTestSet(JUnit4Provider.java:238)
	at org.apache.maven.surefire.junit4.JUnit4Provider.invoke(JUnit4Provider.java:159)
	at org.apache.maven.surefire.booter.ForkedBooter.invokeProviderInSameClassLoader(ForkedBooter.java:384)
	at org.apache.maven.surefire.booter.ForkedBooter.runSuitesInProcess(ForkedBooter.java:345)
	at org.apache.maven.surefire.booter.ForkedBooter.execute(ForkedBooter.java:126)
	at org.apache.maven.surefire.booter.ForkedBooter.main(ForkedBooter.java:418)
Caused by: java.security.cert.CertificateException: Failed to verify both host address and host name
	at org.apache.zookeeper.common.ZKTrustManager.performHostVerification(ZKTrustManager.java:163)
	at org.apache.zookeeper.common.ZKTrustManager.checkServerTrusted(ZKTrustManager.java:90)
	at sun.security.ssl.ClientHandshaker.serverCertificate(ClientHandshaker.java:1670)
	... 47 more
Caused by: javax.net.ssl.SSLPeerUnverifiedException: Certificate for <activate.navicat.com> doesn't match common name of the certificate subject: localhost
	at org.apache.zookeeper.common.ZKHostnameVerifier.matchCN(ZKHostnameVerifier.java:238)
	at org.apache.zookeeper.common.ZKHostnameVerifier.verify(ZKHostnameVerifier.java:184)
	at org.apache.zookeeper.common.ZKTrustManager.performHostVerification(ZKTrustManager.java:159)
	... 49 more
2020-06-22 14:23:00,454 [myid:] - ERROR [nioEventLoopGroup-4-7:NettyServerCnxnFactory$CertificateVerifier@434] - Unsuccessful handshake with session 0x0
2020-06-22 14:23:00,454 [myid:] - WARN  [nioEventLoopGroup-4-7:NettyServerCnxnFactory$CnxnChannelHandler@273] - Exception caught
io.netty.handler.codec.DecoderException: javax.net.ssl.SSLException: Received fatal alert: certificate_unknown
	at io.netty.handler.codec.ByteToMessageDecoder.callDecode(ByteToMessageDecoder.java:468)
	at io.netty.handler.codec.ByteToMessageDecoder.channelRead(ByteToMessageDecoder.java:276)
	at io.netty.channel.AbstractChannelHandlerContext.invokeChannelRead(AbstractChannelHandlerContext.java:379)
	at io.netty.channel.AbstractChannelHandlerContext.invokeChannelRead(AbstractChannelHandlerContext.java:365)
	at io.netty.channel.AbstractChannelHandlerContext.fireChannelRead(AbstractChannelHandlerContext.java:357)
	at io.netty.channel.DefaultChannelPipeline$HeadContext.channelRead(DefaultChannelPipeline.java:1410)
	at io.netty.channel.AbstractChannelHandlerContext.invokeChannelRead(AbstractChannelHandlerContext.java:379)
	at io.netty.channel.AbstractChannelHandlerContext.invokeChannelRead(AbstractChannelHandlerContext.java:365)
	at io.netty.channel.DefaultChannelPipeline.fireChannelRead(DefaultChannelPipeline.java:919)
	at io.netty.channel.nio.AbstractNioByteChannel$NioByteUnsafe.read(AbstractNioByteChannel.java:163)
	at io.netty.channel.nio.NioEventLoop.processSelectedKey(NioEventLoop.java:714)
	at io.netty.channel.nio.NioEventLoop.processSelectedKeysOptimized(NioEventLoop.java:650)
	at io.netty.channel.nio.NioEventLoop.processSelectedKeys(NioEventLoop.java:576)
	at io.netty.channel.nio.NioEventLoop.run(NioEventLoop.java:493)
	at io.netty.util.concurrent.SingleThreadEventExecutor$4.run(SingleThreadEventExecutor.java:989)
	at io.netty.util.internal.ThreadExecutorMap$2.run(ThreadExecutorMap.java:74)
	at io.netty.util.concurrent.FastThreadLocalRunnable.run(FastThreadLocalRunnable.java:30)
	at java.lang.Thread.run(Thread.java:748)
Caused by: javax.net.ssl.SSLException: Received fatal alert: certificate_unknown
	at sun.security.ssl.Alerts.getSSLException(Alerts.java:214)
	at sun.security.ssl.SSLEngineImpl.fatal(SSLEngineImpl.java:1667)
	at sun.security.ssl.SSLEngineImpl.fatal(SSLEngineImpl.java:1635)
	at sun.security.ssl.SSLEngineImpl.recvAlert(SSLEngineImpl.java:1801)
	at sun.security.ssl.SSLEngineImpl.readRecord(SSLEngineImpl.java:1090)
	at sun.security.ssl.SSLEngineImpl.readNetRecord(SSLEngineImpl.java:913)
	at sun.security.ssl.SSLEngineImpl.unwrap(SSLEngineImpl.java:783)
	at javax.net.ssl.SSLEngine.unwrap(SSLEngine.java:626)
	at io.netty.handler.ssl.SslHandler$SslEngineType$3.unwrap(SslHandler.java:281)
	at io.netty.handler.ssl.SslHandler.unwrap(SslHandler.java:1340)
	at io.netty.handler.ssl.SslHandler.decodeJdkCompatible(SslHandler.java:1235)
	at io.netty.handler.ssl.SslHandler.decode(SslHandler.java:1282)
	at io.netty.handler.codec.ByteToMessageDecoder.decodeRemovalReentryProtection(ByteToMessageDecoder.java:498)
	at io.netty.handler.codec.ByteToMessageDecoder.callDecode(ByteToMessageDecoder.java:437)
	... 17 more
2020-06-22 14:23:00,454 [myid:] - WARN  [nioEventLoopGroup-4-7:NettyServerCnxnFactory$CnxnChannelHandler@273] - Exception caught
io.netty.handler.codec.DecoderException: javax.net.ssl.SSLException: Received fatal alert: certificate_unknown
	at io.netty.handler.codec.ByteToMessageDecoder.callDecode(ByteToMessageDecoder.java:468)
	at io.netty.handler.codec.ByteToMessageDecoder.channelInputClosed(ByteToMessageDecoder.java:401)
	at io.netty.handler.codec.ByteToMessageDecoder.channelInputClosed(ByteToMessageDecoder.java:368)
	at io.netty.handler.codec.ByteToMessageDecoder.channelInactive(ByteToMessageDecoder.java:351)
	at io.netty.handler.ssl.SslHandler.channelInactive(SslHandler.java:1084)
	at io.netty.channel.AbstractChannelHandlerContext.invokeChannelInactive(AbstractChannelHandlerContext.java:262)
	at io.netty.channel.AbstractChannelHandlerContext.invokeChannelInactive(AbstractChannelHandlerContext.java:248)
	at io.netty.channel.AbstractChannelHandlerContext.fireChannelInactive(AbstractChannelHandlerContext.java:241)
	at io.netty.channel.DefaultChannelPipeline$HeadContext.channelInactive(DefaultChannelPipeline.java:1405)
	at io.netty.channel.AbstractChannelHandlerContext.invokeChannelInactive(AbstractChannelHandlerContext.java:262)
	at io.netty.channel.AbstractChannelHandlerContext.invokeChannelInactive(AbstractChannelHandlerContext.java:248)
	at io.netty.channel.DefaultChannelPipeline.fireChannelInactive(DefaultChannelPipeline.java:901)
	at io.netty.channel.AbstractChannel$AbstractUnsafe$8.run(AbstractChannel.java:818)
	at io.netty.util.concurrent.AbstractEventExecutor.safeExecute(AbstractEventExecutor.java:164)
	at io.netty.util.concurrent.SingleThreadEventExecutor.runAllTasks(SingleThreadEventExecutor.java:472)
	at io.netty.channel.nio.NioEventLoop.run(NioEventLoop.java:497)
	at io.netty.util.concurrent.SingleThreadEventExecutor$4.run(SingleThreadEventExecutor.java:989)
	at io.netty.util.internal.ThreadExecutorMap$2.run(ThreadExecutorMap.java:74)
	at io.netty.util.concurrent.FastThreadLocalRunnable.run(FastThreadLocalRunnable.java:30)
	at java.lang.Thread.run(Thread.java:748)
Caused by: javax.net.ssl.SSLException: Received fatal alert: certificate_unknown
	at sun.security.ssl.Alerts.getSSLException(Alerts.java:214)
	at sun.security.ssl.SSLEngineImpl.fatal(SSLEngineImpl.java:1667)
	at sun.security.ssl.SSLEngineImpl.fatal(SSLEngineImpl.java:1635)
	at sun.security.ssl.SSLEngineImpl.recvAlert(SSLEngineImpl.java:1801)
	at sun.security.ssl.SSLEngineImpl.readRecord(SSLEngineImpl.java:1090)
	at sun.security.ssl.SSLEngineImpl.readNetRecord(SSLEngineImpl.java:913)
	at sun.security.ssl.SSLEngineImpl.unwrap(SSLEngineImpl.java:783)
	at javax.net.ssl.SSLEngine.unwrap(SSLEngine.java:626)
	at io.netty.handler.ssl.SslHandler$SslEngineType$3.unwrap(SslHandler.java:281)
	at io.netty.handler.ssl.SslHandler.unwrap(SslHandler.java:1340)
	at io.netty.handler.ssl.SslHandler.decodeJdkCompatible(SslHandler.java:1235)
	at io.netty.handler.ssl.SslHandler.decode(SslHandler.java:1282)
	at io.netty.handler.codec.ByteToMessageDecoder.decodeRemovalReentryProtection(ByteToMessageDecoder.java:498)
	at io.netty.handler.codec.ByteToMessageDecoder.callDecode(ByteToMessageDecoder.java:437)
	... 19 more
2020-06-22 14:23:00,704 [myid:] - INFO  [main:FourLetterWordMain@93] - connecting to 127.0.0.1 21995
2020-06-22 14:23:00,704 [myid:] - INFO  [main:FourLetterWordMain@99] - using secure socket
2020-06-22 14:23:00,714 [myid:] - ERROR [main:ZKTrustManager@161] - Failed to verify host address: 127.0.0.1
javax.net.ssl.SSLPeerUnverifiedException: Certificate for <127.0.0.1> doesn't match common name of the certificate subject: localhost
	at org.apache.zookeeper.common.ZKHostnameVerifier.matchCN(ZKHostnameVerifier.java:238)
	at org.apache.zookeeper.common.ZKHostnameVerifier.verify(ZKHostnameVerifier.java:184)
	at org.apache.zookeeper.common.ZKTrustManager.performHostVerification(ZKTrustManager.java:151)
	at org.apache.zookeeper.common.ZKTrustManager.checkServerTrusted(ZKTrustManager.java:90)
	at sun.security.ssl.ClientHandshaker.serverCertificate(ClientHandshaker.java:1670)
	at sun.security.ssl.ClientHandshaker.processMessage(ClientHandshaker.java:226)
	at sun.security.ssl.Handshaker.processLoop(Handshaker.java:1082)
	at sun.security.ssl.Handshaker.process_record(Handshaker.java:1010)
	at sun.security.ssl.SSLSocketImpl.readRecord(SSLSocketImpl.java:1079)
	at sun.security.ssl.SSLSocketImpl.performInitialHandshake(SSLSocketImpl.java:1388)
	at sun.security.ssl.SSLSocketImpl.startHandshake(SSLSocketImpl.java:1416)
	at sun.security.ssl.SSLSocketImpl.startHandshake(SSLSocketImpl.java:1400)
	at org.apache.zookeeper.client.FourLetterWordMain.send4LetterWord(FourLetterWordMain.java:105)
	at org.apache.zookeeper.client.FourLetterWordMain.send4LetterWord(FourLetterWordMain.java:73)
	at org.apache.zookeeper.test.ClientBase.waitForServerUp(ClientBase.java:261)
	at org.apache.zookeeper.test.ClientBase.startServerInstance(ClientBase.java:401)
	at org.apache.zookeeper.test.ClientBase.startServer(ClientBase.java:516)
	at org.apache.zookeeper.test.ClientBase.setUpWithServerId(ClientBase.java:499)
	at org.apache.zookeeper.test.ClientBase.setUp(ClientBase.java:474)
	at org.apache.zookeeper.test.SaslDigestAuthOverSSLTest.setUp(SaslDigestAuthOverSSLTest.java:62)
	at sun.reflect.NativeMethodAccessorImpl.invoke0(Native Method)
	at sun.reflect.NativeMethodAccessorImpl.invoke(NativeMethodAccessorImpl.java:62)
	at sun.reflect.DelegatingMethodAccessorImpl.invoke(DelegatingMethodAccessorImpl.java:43)
	at java.lang.reflect.Method.invoke(Method.java:498)
	at org.junit.runners.model.FrameworkMethod$1.runReflectiveCall(FrameworkMethod.java:50)
	at org.junit.internal.runners.model.ReflectiveCallable.run(ReflectiveCallable.java:12)
	at org.junit.runners.model.FrameworkMethod.invokeExplosively(FrameworkMethod.java:47)
	at mockit.integration.junit4.JUnit4TestRunnerDecorator.invokeExplosively(JUnit4TestRunnerDecorator.java:49)
	at mockit.integration.junit4.FakeFrameworkMethod.invokeExplosively(FakeFrameworkMethod.java:29)
	at org.junit.runners.model.FrameworkMethod.invokeExplosively(FrameworkMethod.java)
	at org.junit.internal.runners.statements.RunBefores.evaluate(RunBefores.java:24)
	at org.junit.internal.runners.statements.RunAfters.evaluate(RunAfters.java:27)
	at org.junit.rules.TestWatcher$1.evaluate(TestWatcher.java:55)
	at org.junit.rules.RunRules.evaluate(RunRules.java:20)
	at org.junit.runners.ParentRunner.runLeaf(ParentRunner.java:325)
	at org.junit.runners.BlockJUnit4ClassRunner.runChild(BlockJUnit4ClassRunner.java:78)
	at org.junit.runners.BlockJUnit4ClassRunner.runChild(BlockJUnit4ClassRunner.java:57)
	at org.junit.runners.ParentRunner$3.run(ParentRunner.java:290)
	at org.junit.runners.ParentRunner$1.schedule(ParentRunner.java:71)
	at org.junit.runners.ParentRunner.runChildren(ParentRunner.java:288)
	at org.junit.runners.ParentRunner.access$000(ParentRunner.java:58)
	at org.junit.runners.ParentRunner$2.evaluate(ParentRunner.java:268)
	at org.junit.internal.runners.statements.RunBefores.evaluate(RunBefores.java:26)
	at org.junit.runners.ParentRunner.run(ParentRunner.java:363)
	at org.apache.maven.surefire.junit4.JUnit4Provider.execute(JUnit4Provider.java:365)
	at org.apache.maven.surefire.junit4.JUnit4Provider.executeWithRerun(JUnit4Provider.java:273)
	at org.apache.maven.surefire.junit4.JUnit4Provider.executeTestSet(JUnit4Provider.java:238)
	at org.apache.maven.surefire.junit4.JUnit4Provider.invoke(JUnit4Provider.java:159)
	at org.apache.maven.surefire.booter.ForkedBooter.invokeProviderInSameClassLoader(ForkedBooter.java:384)
	at org.apache.maven.surefire.booter.ForkedBooter.runSuitesInProcess(ForkedBooter.java:345)
	at org.apache.maven.surefire.booter.ForkedBooter.execute(ForkedBooter.java:126)
	at org.apache.maven.surefire.booter.ForkedBooter.main(ForkedBooter.java:418)
2020-06-22 14:23:00,714 [myid:] - ERROR [main:ZKTrustManager@162] - Failed to verify hostname: activate.navicat.com
javax.net.ssl.SSLPeerUnverifiedException: Certificate for <activate.navicat.com> doesn't match common name of the certificate subject: localhost
	at org.apache.zookeeper.common.ZKHostnameVerifier.matchCN(ZKHostnameVerifier.java:238)
	at org.apache.zookeeper.common.ZKHostnameVerifier.verify(ZKHostnameVerifier.java:184)
	at org.apache.zookeeper.common.ZKTrustManager.performHostVerification(ZKTrustManager.java:159)
	at org.apache.zookeeper.common.ZKTrustManager.checkServerTrusted(ZKTrustManager.java:90)
	at sun.security.ssl.ClientHandshaker.serverCertificate(ClientHandshaker.java:1670)
	at sun.security.ssl.ClientHandshaker.processMessage(ClientHandshaker.java:226)
	at sun.security.ssl.Handshaker.processLoop(Handshaker.java:1082)
	at sun.security.ssl.Handshaker.process_record(Handshaker.java:1010)
	at sun.security.ssl.SSLSocketImpl.readRecord(SSLSocketImpl.java:1079)
	at sun.security.ssl.SSLSocketImpl.performInitialHandshake(SSLSocketImpl.java:1388)
	at sun.security.ssl.SSLSocketImpl.startHandshake(SSLSocketImpl.java:1416)
	at sun.security.ssl.SSLSocketImpl.startHandshake(SSLSocketImpl.java:1400)
	at org.apache.zookeeper.client.FourLetterWordMain.send4LetterWord(FourLetterWordMain.java:105)
	at org.apache.zookeeper.client.FourLetterWordMain.send4LetterWord(FourLetterWordMain.java:73)
	at org.apache.zookeeper.test.ClientBase.waitForServerUp(ClientBase.java:261)
	at org.apache.zookeeper.test.ClientBase.startServerInstance(ClientBase.java:401)
	at org.apache.zookeeper.test.ClientBase.startServer(ClientBase.java:516)
	at org.apache.zookeeper.test.ClientBase.setUpWithServerId(ClientBase.java:499)
	at org.apache.zookeeper.test.ClientBase.setUp(ClientBase.java:474)
	at org.apache.zookeeper.test.SaslDigestAuthOverSSLTest.setUp(SaslDigestAuthOverSSLTest.java:62)
	at sun.reflect.NativeMethodAccessorImpl.invoke0(Native Method)
	at sun.reflect.NativeMethodAccessorImpl.invoke(NativeMethodAccessorImpl.java:62)
	at sun.reflect.DelegatingMethodAccessorImpl.invoke(DelegatingMethodAccessorImpl.java:43)
	at java.lang.reflect.Method.invoke(Method.java:498)
	at org.junit.runners.model.FrameworkMethod$1.runReflectiveCall(FrameworkMethod.java:50)
	at org.junit.internal.runners.model.ReflectiveCallable.run(ReflectiveCallable.java:12)
	at org.junit.runners.model.FrameworkMethod.invokeExplosively(FrameworkMethod.java:47)
	at mockit.integration.junit4.JUnit4TestRunnerDecorator.invokeExplosively(JUnit4TestRunnerDecorator.java:49)
	at mockit.integration.junit4.FakeFrameworkMethod.invokeExplosively(FakeFrameworkMethod.java:29)
	at org.junit.runners.model.FrameworkMethod.invokeExplosively(FrameworkMethod.java)
	at org.junit.internal.runners.statements.RunBefores.evaluate(RunBefores.java:24)
	at org.junit.internal.runners.statements.RunAfters.evaluate(RunAfters.java:27)
	at org.junit.rules.TestWatcher$1.evaluate(TestWatcher.java:55)
	at org.junit.rules.RunRules.evaluate(RunRules.java:20)
	at org.junit.runners.ParentRunner.runLeaf(ParentRunner.java:325)
	at org.junit.runners.BlockJUnit4ClassRunner.runChild(BlockJUnit4ClassRunner.java:78)
	at org.junit.runners.BlockJUnit4ClassRunner.runChild(BlockJUnit4ClassRunner.java:57)
	at org.junit.runners.ParentRunner$3.run(ParentRunner.java:290)
	at org.junit.runners.ParentRunner$1.schedule(ParentRunner.java:71)
	at org.junit.runners.ParentRunner.runChildren(ParentRunner.java:288)
	at org.junit.runners.ParentRunner.access$000(ParentRunner.java:58)
	at org.junit.runners.ParentRunner$2.evaluate(ParentRunner.java:268)
	at org.junit.internal.runners.statements.RunBefores.evaluate(RunBefores.java:26)
	at org.junit.runners.ParentRunner.run(ParentRunner.java:363)
	at org.apache.maven.surefire.junit4.JUnit4Provider.execute(JUnit4Provider.java:365)
	at org.apache.maven.surefire.junit4.JUnit4Provider.executeWithRerun(JUnit4Provider.java:273)
	at org.apache.maven.surefire.junit4.JUnit4Provider.executeTestSet(JUnit4Provider.java:238)
	at org.apache.maven.surefire.junit4.JUnit4Provider.invoke(JUnit4Provider.java:159)
	at org.apache.maven.surefire.booter.ForkedBooter.invokeProviderInSameClassLoader(ForkedBooter.java:384)
	at org.apache.maven.surefire.booter.ForkedBooter.runSuitesInProcess(ForkedBooter.java:345)
	at org.apache.maven.surefire.booter.ForkedBooter.execute(ForkedBooter.java:126)
	at org.apache.maven.surefire.booter.ForkedBooter.main(ForkedBooter.java:418)
2020-06-22 14:23:00,714 [myid:] - INFO  [main:ClientBase@270] - server 127.0.0.1:21995 not up
javax.net.ssl.SSLHandshakeException: java.security.cert.CertificateException: Failed to verify both host address and host name
	at sun.security.ssl.Alerts.getSSLException(Alerts.java:198)
	at sun.security.ssl.SSLSocketImpl.fatal(SSLSocketImpl.java:1967)
	at sun.security.ssl.Handshaker.fatalSE(Handshaker.java:331)
	at sun.security.ssl.Handshaker.fatalSE(Handshaker.java:325)
	at sun.security.ssl.ClientHandshaker.serverCertificate(ClientHandshaker.java:1688)
	at sun.security.ssl.ClientHandshaker.processMessage(ClientHandshaker.java:226)
	at sun.security.ssl.Handshaker.processLoop(Handshaker.java:1082)
	at sun.security.ssl.Handshaker.process_record(Handshaker.java:1010)
	at sun.security.ssl.SSLSocketImpl.readRecord(SSLSocketImpl.java:1079)
	at sun.security.ssl.SSLSocketImpl.performInitialHandshake(SSLSocketImpl.java:1388)
	at sun.security.ssl.SSLSocketImpl.startHandshake(SSLSocketImpl.java:1416)
	at sun.security.ssl.SSLSocketImpl.startHandshake(SSLSocketImpl.java:1400)
	at org.apache.zookeeper.client.FourLetterWordMain.send4LetterWord(FourLetterWordMain.java:105)
	at org.apache.zookeeper.client.FourLetterWordMain.send4LetterWord(FourLetterWordMain.java:73)
	at org.apache.zookeeper.test.ClientBase.waitForServerUp(ClientBase.java:261)
	at org.apache.zookeeper.test.ClientBase.startServerInstance(ClientBase.java:401)
	at org.apache.zookeeper.test.ClientBase.startServer(ClientBase.java:516)
	at org.apache.zookeeper.test.ClientBase.setUpWithServerId(ClientBase.java:499)
	at org.apache.zookeeper.test.ClientBase.setUp(ClientBase.java:474)
	at org.apache.zookeeper.test.SaslDigestAuthOverSSLTest.setUp(SaslDigestAuthOverSSLTest.java:62)
	at sun.reflect.NativeMethodAccessorImpl.invoke0(Native Method)
	at sun.reflect.NativeMethodAccessorImpl.invoke(NativeMethodAccessorImpl.java:62)
	at sun.reflect.DelegatingMethodAccessorImpl.invoke(DelegatingMethodAccessorImpl.java:43)
	at java.lang.reflect.Method.invoke(Method.java:498)
	at org.junit.runners.model.FrameworkMethod$1.runReflectiveCall(FrameworkMethod.java:50)
	at org.junit.internal.runners.model.ReflectiveCallable.run(ReflectiveCallable.java:12)
	at org.junit.runners.model.FrameworkMethod.invokeExplosively(FrameworkMethod.java:47)
	at mockit.integration.junit4.JUnit4TestRunnerDecorator.invokeExplosively(JUnit4TestRunnerDecorator.java:49)
	at mockit.integration.junit4.FakeFrameworkMethod.invokeExplosively(FakeFrameworkMethod.java:29)
	at org.junit.runners.model.FrameworkMethod.invokeExplosively(FrameworkMethod.java)
	at org.junit.internal.runners.statements.RunBefores.evaluate(RunBefores.java:24)
	at org.junit.internal.runners.statements.RunAfters.evaluate(RunAfters.java:27)
	at org.junit.rules.TestWatcher$1.evaluate(TestWatcher.java:55)
	at org.junit.rules.RunRules.evaluate(RunRules.java:20)
	at org.junit.runners.ParentRunner.runLeaf(ParentRunner.java:325)
	at org.junit.runners.BlockJUnit4ClassRunner.runChild(BlockJUnit4ClassRunner.java:78)
	at org.junit.runners.BlockJUnit4ClassRunner.runChild(BlockJUnit4ClassRunner.java:57)
	at org.junit.runners.ParentRunner$3.run(ParentRunner.java:290)
	at org.junit.runners.ParentRunner$1.schedule(ParentRunner.java:71)
	at org.junit.runners.ParentRunner.runChildren(ParentRunner.java:288)
	at org.junit.runners.ParentRunner.access$000(ParentRunner.java:58)
	at org.junit.runners.ParentRunner$2.evaluate(ParentRunner.java:268)
	at org.junit.internal.runners.statements.RunBefores.evaluate(RunBefores.java:26)
	at org.junit.runners.ParentRunner.run(ParentRunner.java:363)
	at org.apache.maven.surefire.junit4.JUnit4Provider.execute(JUnit4Provider.java:365)
	at org.apache.maven.surefire.junit4.JUnit4Provider.executeWithRerun(JUnit4Provider.java:273)
	at org.apache.maven.surefire.junit4.JUnit4Provider.executeTestSet(JUnit4Provider.java:238)
	at org.apache.maven.surefire.junit4.JUnit4Provider.invoke(JUnit4Provider.java:159)
	at org.apache.maven.surefire.booter.ForkedBooter.invokeProviderInSameClassLoader(ForkedBooter.java:384)
	at org.apache.maven.surefire.booter.ForkedBooter.runSuitesInProcess(ForkedBooter.java:345)
	at org.apache.maven.surefire.booter.ForkedBooter.execute(ForkedBooter.java:126)
	at org.apache.maven.surefire.booter.ForkedBooter.main(ForkedBooter.java:418)
Caused by: java.security.cert.CertificateException: Failed to verify both host address and host name
	at org.apache.zookeeper.common.ZKTrustManager.performHostVerification(ZKTrustManager.java:163)
	at org.apache.zookeeper.common.ZKTrustManager.checkServerTrusted(ZKTrustManager.java:90)
	at sun.security.ssl.ClientHandshaker.serverCertificate(ClientHandshaker.java:1670)
	... 47 more
Caused by: javax.net.ssl.SSLPeerUnverifiedException: Certificate for <activate.navicat.com> doesn't match common name of the certificate subject: localhost
	at org.apache.zookeeper.common.ZKHostnameVerifier.matchCN(ZKHostnameVerifier.java:238)
	at org.apache.zookeeper.common.ZKHostnameVerifier.verify(ZKHostnameVerifier.java:184)
	at org.apache.zookeeper.common.ZKTrustManager.performHostVerification(ZKTrustManager.java:159)
	... 49 more
2020-06-22 14:23:00,714 [myid:] - ERROR [nioEventLoopGroup-4-8:NettyServerCnxnFactory$CertificateVerifier@434] - Unsuccessful handshake with session 0x0
2020-06-22 14:23:00,715 [myid:] - WARN  [nioEventLoopGroup-4-8:NettyServerCnxnFactory$CnxnChannelHandler@273] - Exception caught
io.netty.handler.codec.DecoderException: javax.net.ssl.SSLException: Received fatal alert: certificate_unknown
	at io.netty.handler.codec.ByteToMessageDecoder.callDecode(ByteToMessageDecoder.java:468)
	at io.netty.handler.codec.ByteToMessageDecoder.channelRead(ByteToMessageDecoder.java:276)
	at io.netty.channel.AbstractChannelHandlerContext.invokeChannelRead(AbstractChannelHandlerContext.java:379)
	at io.netty.channel.AbstractChannelHandlerContext.invokeChannelRead(AbstractChannelHandlerContext.java:365)
	at io.netty.channel.AbstractChannelHandlerContext.fireChannelRead(AbstractChannelHandlerContext.java:357)
	at io.netty.channel.DefaultChannelPipeline$HeadContext.channelRead(DefaultChannelPipeline.java:1410)
	at io.netty.channel.AbstractChannelHandlerContext.invokeChannelRead(AbstractChannelHandlerContext.java:379)
	at io.netty.channel.AbstractChannelHandlerContext.invokeChannelRead(AbstractChannelHandlerContext.java:365)
	at io.netty.channel.DefaultChannelPipeline.fireChannelRead(DefaultChannelPipeline.java:919)
	at io.netty.channel.nio.AbstractNioByteChannel$NioByteUnsafe.read(AbstractNioByteChannel.java:163)
	at io.netty.channel.nio.NioEventLoop.processSelectedKey(NioEventLoop.java:714)
	at io.netty.channel.nio.NioEventLoop.processSelectedKeysOptimized(NioEventLoop.java:650)
	at io.netty.channel.nio.NioEventLoop.processSelectedKeys(NioEventLoop.java:576)
	at io.netty.channel.nio.NioEventLoop.run(NioEventLoop.java:493)
	at io.netty.util.concurrent.SingleThreadEventExecutor$4.run(SingleThreadEventExecutor.java:989)
	at io.netty.util.internal.ThreadExecutorMap$2.run(ThreadExecutorMap.java:74)
	at io.netty.util.concurrent.FastThreadLocalRunnable.run(FastThreadLocalRunnable.java:30)
	at java.lang.Thread.run(Thread.java:748)
Caused by: javax.net.ssl.SSLException: Received fatal alert: certificate_unknown
	at sun.security.ssl.Alerts.getSSLException(Alerts.java:214)
	at sun.security.ssl.SSLEngineImpl.fatal(SSLEngineImpl.java:1667)
	at sun.security.ssl.SSLEngineImpl.fatal(SSLEngineImpl.java:1635)
	at sun.security.ssl.SSLEngineImpl.recvAlert(SSLEngineImpl.java:1801)
	at sun.security.ssl.SSLEngineImpl.readRecord(SSLEngineImpl.java:1090)
	at sun.security.ssl.SSLEngineImpl.readNetRecord(SSLEngineImpl.java:913)
	at sun.security.ssl.SSLEngineImpl.unwrap(SSLEngineImpl.java:783)
	at javax.net.ssl.SSLEngine.unwrap(SSLEngine.java:626)
	at io.netty.handler.ssl.SslHandler$SslEngineType$3.unwrap(SslHandler.java:281)
	at io.netty.handler.ssl.SslHandler.unwrap(SslHandler.java:1340)
	at io.netty.handler.ssl.SslHandler.decodeJdkCompatible(SslHandler.java:1235)
	at io.netty.handler.ssl.SslHandler.decode(SslHandler.java:1282)
	at io.netty.handler.codec.ByteToMessageDecoder.decodeRemovalReentryProtection(ByteToMessageDecoder.java:498)
	at io.netty.handler.codec.ByteToMessageDecoder.callDecode(ByteToMessageDecoder.java:437)
	... 17 more
2020-06-22 14:23:00,715 [myid:] - WARN  [nioEventLoopGroup-4-8:NettyServerCnxnFactory$CnxnChannelHandler@273] - Exception caught
io.netty.handler.codec.DecoderException: javax.net.ssl.SSLException: Received fatal alert: certificate_unknown
	at io.netty.handler.codec.ByteToMessageDecoder.callDecode(ByteToMessageDecoder.java:468)
	at io.netty.handler.codec.ByteToMessageDecoder.channelInputClosed(ByteToMessageDecoder.java:401)
	at io.netty.handler.codec.ByteToMessageDecoder.channelInputClosed(ByteToMessageDecoder.java:368)
	at io.netty.handler.codec.ByteToMessageDecoder.channelInactive(ByteToMessageDecoder.java:351)
	at io.netty.handler.ssl.SslHandler.channelInactive(SslHandler.java:1084)
	at io.netty.channel.AbstractChannelHandlerContext.invokeChannelInactive(AbstractChannelHandlerContext.java:262)
	at io.netty.channel.AbstractChannelHandlerContext.invokeChannelInactive(AbstractChannelHandlerContext.java:248)
	at io.netty.channel.AbstractChannelHandlerContext.fireChannelInactive(AbstractChannelHandlerContext.java:241)
	at io.netty.channel.DefaultChannelPipeline$HeadContext.channelInactive(DefaultChannelPipeline.java:1405)
	at io.netty.channel.AbstractChannelHandlerContext.invokeChannelInactive(AbstractChannelHandlerContext.java:262)
	at io.netty.channel.AbstractChannelHandlerContext.invokeChannelInactive(AbstractChannelHandlerContext.java:248)
	at io.netty.channel.DefaultChannelPipeline.fireChannelInactive(DefaultChannelPipeline.java:901)
	at io.netty.channel.AbstractChannel$AbstractUnsafe$8.run(AbstractChannel.java:818)
	at io.netty.util.concurrent.AbstractEventExecutor.safeExecute(AbstractEventExecutor.java:164)
	at io.netty.util.concurrent.SingleThreadEventExecutor.runAllTasks(SingleThreadEventExecutor.java:472)
	at io.netty.channel.nio.NioEventLoop.run(NioEventLoop.java:497)
	at io.netty.util.concurrent.SingleThreadEventExecutor$4.run(SingleThreadEventExecutor.java:989)
	at io.netty.util.internal.ThreadExecutorMap$2.run(ThreadExecutorMap.java:74)
	at io.netty.util.concurrent.FastThreadLocalRunnable.run(FastThreadLocalRunnable.java:30)
	at java.lang.Thread.run(Thread.java:748)
Caused by: javax.net.ssl.SSLException: Received fatal alert: certificate_unknown
	at sun.security.ssl.Alerts.getSSLException(Alerts.java:214)
	at sun.security.ssl.SSLEngineImpl.fatal(SSLEngineImpl.java:1667)
	at sun.security.ssl.SSLEngineImpl.fatal(SSLEngineImpl.java:1635)
	at sun.security.ssl.SSLEngineImpl.recvAlert(SSLEngineImpl.java:1801)
	at sun.security.ssl.SSLEngineImpl.readRecord(SSLEngineImpl.java:1090)
	at sun.security.ssl.SSLEngineImpl.readNetRecord(SSLEngineImpl.java:913)
	at sun.security.ssl.SSLEngineImpl.unwrap(SSLEngineImpl.java:783)
	at javax.net.ssl.SSLEngine.unwrap(SSLEngine.java:626)
	at io.netty.handler.ssl.SslHandler$SslEngineType$3.unwrap(SslHandler.java:281)
	at io.netty.handler.ssl.SslHandler.unwrap(SslHandler.java:1340)
	at io.netty.handler.ssl.SslHandler.decodeJdkCompatible(SslHandler.java:1235)
	at io.netty.handler.ssl.SslHandler.decode(SslHandler.java:1282)
	at io.netty.handler.codec.ByteToMessageDecoder.decodeRemovalReentryProtection(ByteToMessageDecoder.java:498)
	at io.netty.handler.codec.ByteToMessageDecoder.callDecode(ByteToMessageDecoder.java:437)
	... 19 more
2020-06-22 14:23:00,965 [myid:] - INFO  [main:FourLetterWordMain@93] - connecting to 127.0.0.1 21995
2020-06-22 14:23:00,965 [myid:] - INFO  [main:FourLetterWordMain@99] - using secure socket
2020-06-22 14:23:00,972 [myid:] - ERROR [main:ZKTrustManager@161] - Failed to verify host address: 127.0.0.1
javax.net.ssl.SSLPeerUnverifiedException: Certificate for <127.0.0.1> doesn't match common name of the certificate subject: localhost
	at org.apache.zookeeper.common.ZKHostnameVerifier.matchCN(ZKHostnameVerifier.java:238)
	at org.apache.zookeeper.common.ZKHostnameVerifier.verify(ZKHostnameVerifier.java:184)
	at org.apache.zookeeper.common.ZKTrustManager.performHostVerification(ZKTrustManager.java:151)
	at org.apache.zookeeper.common.ZKTrustManager.checkServerTrusted(ZKTrustManager.java:90)
	at sun.security.ssl.ClientHandshaker.serverCertificate(ClientHandshaker.java:1670)
	at sun.security.ssl.ClientHandshaker.processMessage(ClientHandshaker.java:226)
	at sun.security.ssl.Handshaker.processLoop(Handshaker.java:1082)
	at sun.security.ssl.Handshaker.process_record(Handshaker.java:1010)
	at sun.security.ssl.SSLSocketImpl.readRecord(SSLSocketImpl.java:1079)
	at sun.security.ssl.SSLSocketImpl.performInitialHandshake(SSLSocketImpl.java:1388)
	at sun.security.ssl.SSLSocketImpl.startHandshake(SSLSocketImpl.java:1416)
	at sun.security.ssl.SSLSocketImpl.startHandshake(SSLSocketImpl.java:1400)
	at org.apache.zookeeper.client.FourLetterWordMain.send4LetterWord(FourLetterWordMain.java:105)
	at org.apache.zookeeper.client.FourLetterWordMain.send4LetterWord(FourLetterWordMain.java:73)
	at org.apache.zookeeper.test.ClientBase.waitForServerUp(ClientBase.java:261)
	at org.apache.zookeeper.test.ClientBase.startServerInstance(ClientBase.java:401)
	at org.apache.zookeeper.test.ClientBase.startServer(ClientBase.java:516)
	at org.apache.zookeeper.test.ClientBase.setUpWithServerId(ClientBase.java:499)
	at org.apache.zookeeper.test.ClientBase.setUp(ClientBase.java:474)
	at org.apache.zookeeper.test.SaslDigestAuthOverSSLTest.setUp(SaslDigestAuthOverSSLTest.java:62)
	at sun.reflect.NativeMethodAccessorImpl.invoke0(Native Method)
	at sun.reflect.NativeMethodAccessorImpl.invoke(NativeMethodAccessorImpl.java:62)
	at sun.reflect.DelegatingMethodAccessorImpl.invoke(DelegatingMethodAccessorImpl.java:43)
	at java.lang.reflect.Method.invoke(Method.java:498)
	at org.junit.runners.model.FrameworkMethod$1.runReflectiveCall(FrameworkMethod.java:50)
	at org.junit.internal.runners.model.ReflectiveCallable.run(ReflectiveCallable.java:12)
	at org.junit.runners.model.FrameworkMethod.invokeExplosively(FrameworkMethod.java:47)
	at mockit.integration.junit4.JUnit4TestRunnerDecorator.invokeExplosively(JUnit4TestRunnerDecorator.java:49)
	at mockit.integration.junit4.FakeFrameworkMethod.invokeExplosively(FakeFrameworkMethod.java:29)
	at org.junit.runners.model.FrameworkMethod.invokeExplosively(FrameworkMethod.java)
	at org.junit.internal.runners.statements.RunBefores.evaluate(RunBefores.java:24)
	at org.junit.internal.runners.statements.RunAfters.evaluate(RunAfters.java:27)
	at org.junit.rules.TestWatcher$1.evaluate(TestWatcher.java:55)
	at org.junit.rules.RunRules.evaluate(RunRules.java:20)
	at org.junit.runners.ParentRunner.runLeaf(ParentRunner.java:325)
	at org.junit.runners.BlockJUnit4ClassRunner.runChild(BlockJUnit4ClassRunner.java:78)
	at org.junit.runners.BlockJUnit4ClassRunner.runChild(BlockJUnit4ClassRunner.java:57)
	at org.junit.runners.ParentRunner$3.run(ParentRunner.java:290)
	at org.junit.runners.ParentRunner$1.schedule(ParentRunner.java:71)
	at org.junit.runners.ParentRunner.runChildren(ParentRunner.java:288)
	at org.junit.runners.ParentRunner.access$000(ParentRunner.java:58)
	at org.junit.runners.ParentRunner$2.evaluate(ParentRunner.java:268)
	at org.junit.internal.runners.statements.RunBefores.evaluate(RunBefores.java:26)
	at org.junit.runners.ParentRunner.run(ParentRunner.java:363)
	at org.apache.maven.surefire.junit4.JUnit4Provider.execute(JUnit4Provider.java:365)
	at org.apache.maven.surefire.junit4.JUnit4Provider.executeWithRerun(JUnit4Provider.java:273)
	at org.apache.maven.surefire.junit4.JUnit4Provider.executeTestSet(JUnit4Provider.java:238)
	at org.apache.maven.surefire.junit4.JUnit4Provider.invoke(JUnit4Provider.java:159)
	at org.apache.maven.surefire.booter.ForkedBooter.invokeProviderInSameClassLoader(ForkedBooter.java:384)
	at org.apache.maven.surefire.booter.ForkedBooter.runSuitesInProcess(ForkedBooter.java:345)
	at org.apache.maven.surefire.booter.ForkedBooter.execute(ForkedBooter.java:126)
	at org.apache.maven.surefire.booter.ForkedBooter.main(ForkedBooter.java:418)
2020-06-22 14:23:00,972 [myid:] - ERROR [main:ZKTrustManager@162] - Failed to verify hostname: activate.navicat.com
javax.net.ssl.SSLPeerUnverifiedException: Certificate for <activate.navicat.com> doesn't match common name of the certificate subject: localhost
	at org.apache.zookeeper.common.ZKHostnameVerifier.matchCN(ZKHostnameVerifier.java:238)
	at org.apache.zookeeper.common.ZKHostnameVerifier.verify(ZKHostnameVerifier.java:184)
	at org.apache.zookeeper.common.ZKTrustManager.performHostVerification(ZKTrustManager.java:159)
	at org.apache.zookeeper.common.ZKTrustManager.checkServerTrusted(ZKTrustManager.java:90)
	at sun.security.ssl.ClientHandshaker.serverCertificate(ClientHandshaker.java:1670)
	at sun.security.ssl.ClientHandshaker.processMessage(ClientHandshaker.java:226)
	at sun.security.ssl.Handshaker.processLoop(Handshaker.java:1082)
	at sun.security.ssl.Handshaker.process_record(Handshaker.java:1010)
	at sun.security.ssl.SSLSocketImpl.readRecord(SSLSocketImpl.java:1079)
	at sun.security.ssl.SSLSocketImpl.performInitialHandshake(SSLSocketImpl.java:1388)
	at sun.security.ssl.SSLSocketImpl.startHandshake(SSLSocketImpl.java:1416)
	at sun.security.ssl.SSLSocketImpl.startHandshake(SSLSocketImpl.java:1400)
	at org.apache.zookeeper.client.FourLetterWordMain.send4LetterWord(FourLetterWordMain.java:105)
	at org.apache.zookeeper.client.FourLetterWordMain.send4LetterWord(FourLetterWordMain.java:73)
	at org.apache.zookeeper.test.ClientBase.waitForServerUp(ClientBase.java:261)
	at org.apache.zookeeper.test.ClientBase.startServerInstance(ClientBase.java:401)
	at org.apache.zookeeper.test.ClientBase.startServer(ClientBase.java:516)
	at org.apache.zookeeper.test.ClientBase.setUpWithServerId(ClientBase.java:499)
	at org.apache.zookeeper.test.ClientBase.setUp(ClientBase.java:474)
	at org.apache.zookeeper.test.SaslDigestAuthOverSSLTest.setUp(SaslDigestAuthOverSSLTest.java:62)
	at sun.reflect.NativeMethodAccessorImpl.invoke0(Native Method)
	at sun.reflect.NativeMethodAccessorImpl.invoke(NativeMethodAccessorImpl.java:62)
	at sun.reflect.DelegatingMethodAccessorImpl.invoke(DelegatingMethodAccessorImpl.java:43)
	at java.lang.reflect.Method.invoke(Method.java:498)
	at org.junit.runners.model.FrameworkMethod$1.runReflectiveCall(FrameworkMethod.java:50)
	at org.junit.internal.runners.model.ReflectiveCallable.run(ReflectiveCallable.java:12)
	at org.junit.runners.model.FrameworkMethod.invokeExplosively(FrameworkMethod.java:47)
	at mockit.integration.junit4.JUnit4TestRunnerDecorator.invokeExplosively(JUnit4TestRunnerDecorator.java:49)
	at mockit.integration.junit4.FakeFrameworkMethod.invokeExplosively(FakeFrameworkMethod.java:29)
	at org.junit.runners.model.FrameworkMethod.invokeExplosively(FrameworkMethod.java)
	at org.junit.internal.runners.statements.RunBefores.evaluate(RunBefores.java:24)
	at org.junit.internal.runners.statements.RunAfters.evaluate(RunAfters.java:27)
	at org.junit.rules.TestWatcher$1.evaluate(TestWatcher.java:55)
	at org.junit.rules.RunRules.evaluate(RunRules.java:20)
	at org.junit.runners.ParentRunner.runLeaf(ParentRunner.java:325)
	at org.junit.runners.BlockJUnit4ClassRunner.runChild(BlockJUnit4ClassRunner.java:78)
	at org.junit.runners.BlockJUnit4ClassRunner.runChild(BlockJUnit4ClassRunner.java:57)
	at org.junit.runners.ParentRunner$3.run(ParentRunner.java:290)
	at org.junit.runners.ParentRunner$1.schedule(ParentRunner.java:71)
	at org.junit.runners.ParentRunner.runChildren(ParentRunner.java:288)
	at org.junit.runners.ParentRunner.access$000(ParentRunner.java:58)
	at org.junit.runners.ParentRunner$2.evaluate(ParentRunner.java:268)
	at org.junit.internal.runners.statements.RunBefores.evaluate(RunBefores.java:26)
	at org.junit.runners.ParentRunner.run(ParentRunner.java:363)
	at org.apache.maven.surefire.junit4.JUnit4Provider.execute(JUnit4Provider.java:365)
	at org.apache.maven.surefire.junit4.JUnit4Provider.executeWithRerun(JUnit4Provider.java:273)
	at org.apache.maven.surefire.junit4.JUnit4Provider.executeTestSet(JUnit4Provider.java:238)
	at org.apache.maven.surefire.junit4.JUnit4Provider.invoke(JUnit4Provider.java:159)
	at org.apache.maven.surefire.booter.ForkedBooter.invokeProviderInSameClassLoader(ForkedBooter.java:384)
	at org.apache.maven.surefire.booter.ForkedBooter.runSuitesInProcess(ForkedBooter.java:345)
	at org.apache.maven.surefire.booter.ForkedBooter.execute(ForkedBooter.java:126)
	at org.apache.maven.surefire.booter.ForkedBooter.main(ForkedBooter.java:418)
2020-06-22 14:23:00,972 [myid:] - INFO  [main:ClientBase@270] - server 127.0.0.1:21995 not up
javax.net.ssl.SSLHandshakeException: java.security.cert.CertificateException: Failed to verify both host address and host name
	at sun.security.ssl.Alerts.getSSLException(Alerts.java:198)
	at sun.security.ssl.SSLSocketImpl.fatal(SSLSocketImpl.java:1967)
	at sun.security.ssl.Handshaker.fatalSE(Handshaker.java:331)
	at sun.security.ssl.Handshaker.fatalSE(Handshaker.java:325)
	at sun.security.ssl.ClientHandshaker.serverCertificate(ClientHandshaker.java:1688)
	at sun.security.ssl.ClientHandshaker.processMessage(ClientHandshaker.java:226)
	at sun.security.ssl.Handshaker.processLoop(Handshaker.java:1082)
	at sun.security.ssl.Handshaker.process_record(Handshaker.java:1010)
	at sun.security.ssl.SSLSocketImpl.readRecord(SSLSocketImpl.java:1079)
	at sun.security.ssl.SSLSocketImpl.performInitialHandshake(SSLSocketImpl.java:1388)
	at sun.security.ssl.SSLSocketImpl.startHandshake(SSLSocketImpl.java:1416)
	at sun.security.ssl.SSLSocketImpl.startHandshake(SSLSocketImpl.java:1400)
	at org.apache.zookeeper.client.FourLetterWordMain.send4LetterWord(FourLetterWordMain.java:105)
	at org.apache.zookeeper.client.FourLetterWordMain.send4LetterWord(FourLetterWordMain.java:73)
	at org.apache.zookeeper.test.ClientBase.waitForServerUp(ClientBase.java:261)
	at org.apache.zookeeper.test.ClientBase.startServerInstance(ClientBase.java:401)
	at org.apache.zookeeper.test.ClientBase.startServer(ClientBase.java:516)
	at org.apache.zookeeper.test.ClientBase.setUpWithServerId(ClientBase.java:499)
	at org.apache.zookeeper.test.ClientBase.setUp(ClientBase.java:474)
	at org.apache.zookeeper.test.SaslDigestAuthOverSSLTest.setUp(SaslDigestAuthOverSSLTest.java:62)
	at sun.reflect.NativeMethodAccessorImpl.invoke0(Native Method)
	at sun.reflect.NativeMethodAccessorImpl.invoke(NativeMethodAccessorImpl.java:62)
	at sun.reflect.DelegatingMethodAccessorImpl.invoke(DelegatingMethodAccessorImpl.java:43)
	at java.lang.reflect.Method.invoke(Method.java:498)
	at org.junit.runners.model.FrameworkMethod$1.runReflectiveCall(FrameworkMethod.java:50)
	at org.junit.internal.runners.model.ReflectiveCallable.run(ReflectiveCallable.java:12)
	at org.junit.runners.model.FrameworkMethod.invokeExplosively(FrameworkMethod.java:47)
	at mockit.integration.junit4.JUnit4TestRunnerDecorator.invokeExplosively(JUnit4TestRunnerDecorator.java:49)
	at mockit.integration.junit4.FakeFrameworkMethod.invokeExplosively(FakeFrameworkMethod.java:29)
	at org.junit.runners.model.FrameworkMethod.invokeExplosively(FrameworkMethod.java)
	at org.junit.internal.runners.statements.RunBefores.evaluate(RunBefores.java:24)
	at org.junit.internal.runners.statements.RunAfters.evaluate(RunAfters.java:27)
	at org.junit.rules.TestWatcher$1.evaluate(TestWatcher.java:55)
	at org.junit.rules.RunRules.evaluate(RunRules.java:20)
	at org.junit.runners.ParentRunner.runLeaf(ParentRunner.java:325)
	at org.junit.runners.BlockJUnit4ClassRunner.runChild(BlockJUnit4ClassRunner.java:78)
	at org.junit.runners.BlockJUnit4ClassRunner.runChild(BlockJUnit4ClassRunner.java:57)
	at org.junit.runners.ParentRunner$3.run(ParentRunner.java:290)
	at org.junit.runners.ParentRunner$1.schedule(ParentRunner.java:71)
	at org.junit.runners.ParentRunner.runChildren(ParentRunner.java:288)
	at org.junit.runners.ParentRunner.access$000(ParentRunner.java:58)
	at org.junit.runners.ParentRunner$2.evaluate(ParentRunner.java:268)
	at org.junit.internal.runners.statements.RunBefores.evaluate(RunBefores.java:26)
	at org.junit.runners.ParentRunner.run(ParentRunner.java:363)
	at org.apache.maven.surefire.junit4.JUnit4Provider.execute(JUnit4Provider.java:365)
	at org.apache.maven.surefire.junit4.JUnit4Provider.executeWithRerun(JUnit4Provider.java:273)
	at org.apache.maven.surefire.junit4.JUnit4Provider.executeTestSet(JUnit4Provider.java:238)
	at org.apache.maven.surefire.junit4.JUnit4Provider.invoke(JUnit4Provider.java:159)
	at org.apache.maven.surefire.booter.ForkedBooter.invokeProviderInSameClassLoader(ForkedBooter.java:384)
	at org.apache.maven.surefire.booter.ForkedBooter.runSuitesInProcess(ForkedBooter.java:345)
	at org.apache.maven.surefire.booter.ForkedBooter.execute(ForkedBooter.java:126)
	at org.apache.maven.surefire.booter.ForkedBooter.main(ForkedBooter.java:418)
Caused by: java.security.cert.CertificateException: Failed to verify both host address and host name
	at org.apache.zookeeper.common.ZKTrustManager.performHostVerification(ZKTrustManager.java:163)
	at org.apache.zookeeper.common.ZKTrustManager.checkServerTrusted(ZKTrustManager.java:90)
	at sun.security.ssl.ClientHandshaker.serverCertificate(ClientHandshaker.java:1670)
	... 47 more
Caused by: javax.net.ssl.SSLPeerUnverifiedException: Certificate for <activate.navicat.com> doesn't match common name of the certificate subject: localhost
	at org.apache.zookeeper.common.ZKHostnameVerifier.matchCN(ZKHostnameVerifier.java:238)
	at org.apache.zookeeper.common.ZKHostnameVerifier.verify(ZKHostnameVerifier.java:184)
	at org.apache.zookeeper.common.ZKTrustManager.performHostVerification(ZKTrustManager.java:159)
	... 49 more
2020-06-22 14:23:00,972 [myid:] - ERROR [nioEventLoopGroup-4-9:NettyServerCnxnFactory$CertificateVerifier@434] - Unsuccessful handshake with session 0x0
2020-06-22 14:23:00,974 [myid:] - WARN  [nioEventLoopGroup-4-9:NettyServerCnxnFactory$CnxnChannelHandler@273] - Exception caught
io.netty.handler.codec.DecoderException: javax.net.ssl.SSLException: Received fatal alert: certificate_unknown
	at io.netty.handler.codec.ByteToMessageDecoder.callDecode(ByteToMessageDecoder.java:468)
	at io.netty.handler.codec.ByteToMessageDecoder.channelRead(ByteToMessageDecoder.java:276)
	at io.netty.channel.AbstractChannelHandlerContext.invokeChannelRead(AbstractChannelHandlerContext.java:379)
	at io.netty.channel.AbstractChannelHandlerContext.invokeChannelRead(AbstractChannelHandlerContext.java:365)
	at io.netty.channel.AbstractChannelHandlerContext.fireChannelRead(AbstractChannelHandlerContext.java:357)
	at io.netty.channel.DefaultChannelPipeline$HeadContext.channelRead(DefaultChannelPipeline.java:1410)
	at io.netty.channel.AbstractChannelHandlerContext.invokeChannelRead(AbstractChannelHandlerContext.java:379)
	at io.netty.channel.AbstractChannelHandlerContext.invokeChannelRead(AbstractChannelHandlerContext.java:365)
	at io.netty.channel.DefaultChannelPipeline.fireChannelRead(DefaultChannelPipeline.java:919)
	at io.netty.channel.nio.AbstractNioByteChannel$NioByteUnsafe.read(AbstractNioByteChannel.java:163)
	at io.netty.channel.nio.NioEventLoop.processSelectedKey(NioEventLoop.java:714)
	at io.netty.channel.nio.NioEventLoop.processSelectedKeysOptimized(NioEventLoop.java:650)
	at io.netty.channel.nio.NioEventLoop.processSelectedKeys(NioEventLoop.java:576)
	at io.netty.channel.nio.NioEventLoop.run(NioEventLoop.java:493)
	at io.netty.util.concurrent.SingleThreadEventExecutor$4.run(SingleThreadEventExecutor.java:989)
	at io.netty.util.internal.ThreadExecutorMap$2.run(ThreadExecutorMap.java:74)
	at io.netty.util.concurrent.FastThreadLocalRunnable.run(FastThreadLocalRunnable.java:30)
	at java.lang.Thread.run(Thread.java:748)
Caused by: javax.net.ssl.SSLException: Received fatal alert: certificate_unknown
	at sun.security.ssl.Alerts.getSSLException(Alerts.java:214)
	at sun.security.ssl.SSLEngineImpl.fatal(SSLEngineImpl.java:1667)
	at sun.security.ssl.SSLEngineImpl.fatal(SSLEngineImpl.java:1635)
	at sun.security.ssl.SSLEngineImpl.recvAlert(SSLEngineImpl.java:1801)
	at sun.security.ssl.SSLEngineImpl.readRecord(SSLEngineImpl.java:1090)
	at sun.security.ssl.SSLEngineImpl.readNetRecord(SSLEngineImpl.java:913)
	at sun.security.ssl.SSLEngineImpl.unwrap(SSLEngineImpl.java:783)
	at javax.net.ssl.SSLEngine.unwrap(SSLEngine.java:626)
	at io.netty.handler.ssl.SslHandler$SslEngineType$3.unwrap(SslHandler.java:281)
	at io.netty.handler.ssl.SslHandler.unwrap(SslHandler.java:1340)
	at io.netty.handler.ssl.SslHandler.decodeJdkCompatible(SslHandler.java:1235)
	at io.netty.handler.ssl.SslHandler.decode(SslHandler.java:1282)
	at io.netty.handler.codec.ByteToMessageDecoder.decodeRemovalReentryProtection(ByteToMessageDecoder.java:498)
	at io.netty.handler.codec.ByteToMessageDecoder.callDecode(ByteToMessageDecoder.java:437)
	... 17 more
2020-06-22 14:23:00,974 [myid:] - WARN  [nioEventLoopGroup-4-9:NettyServerCnxnFactory$CnxnChannelHandler@273] - Exception caught
io.netty.handler.codec.DecoderException: javax.net.ssl.SSLException: Received fatal alert: certificate_unknown
	at io.netty.handler.codec.ByteToMessageDecoder.callDecode(ByteToMessageDecoder.java:468)
	at io.netty.handler.codec.ByteToMessageDecoder.channelInputClosed(ByteToMessageDecoder.java:401)
	at io.netty.handler.codec.ByteToMessageDecoder.channelInputClosed(ByteToMessageDecoder.java:368)
	at io.netty.handler.codec.ByteToMessageDecoder.channelInactive(ByteToMessageDecoder.java:351)
	at io.netty.handler.ssl.SslHandler.channelInactive(SslHandler.java:1084)
	at io.netty.channel.AbstractChannelHandlerContext.invokeChannelInactive(AbstractChannelHandlerContext.java:262)
	at io.netty.channel.AbstractChannelHandlerContext.invokeChannelInactive(AbstractChannelHandlerContext.java:248)
	at io.netty.channel.AbstractChannelHandlerContext.fireChannelInactive(AbstractChannelHandlerContext.java:241)
	at io.netty.channel.DefaultChannelPipeline$HeadContext.channelInactive(DefaultChannelPipeline.java:1405)
	at io.netty.channel.AbstractChannelHandlerContext.invokeChannelInactive(AbstractChannelHandlerContext.java:262)
	at io.netty.channel.AbstractChannelHandlerContext.invokeChannelInactive(AbstractChannelHandlerContext.java:248)
	at io.netty.channel.DefaultChannelPipeline.fireChannelInactive(DefaultChannelPipeline.java:901)
	at io.netty.channel.AbstractChannel$AbstractUnsafe$8.run(AbstractChannel.java:818)
	at io.netty.util.concurrent.AbstractEventExecutor.safeExecute(AbstractEventExecutor.java:164)
	at io.netty.util.concurrent.SingleThreadEventExecutor.runAllTasks(SingleThreadEventExecutor.java:472)
	at io.netty.channel.nio.NioEventLoop.run(NioEventLoop.java:497)
	at io.netty.util.concurrent.SingleThreadEventExecutor$4.run(SingleThreadEventExecutor.java:989)
	at io.netty.util.internal.ThreadExecutorMap$2.run(ThreadExecutorMap.java:74)
	at io.netty.util.concurrent.FastThreadLocalRunnable.run(FastThreadLocalRunnable.java:30)
	at java.lang.Thread.run(Thread.java:748)
Caused by: javax.net.ssl.SSLException: Received fatal alert: certificate_unknown
	at sun.security.ssl.Alerts.getSSLException(Alerts.java:214)
	at sun.security.ssl.SSLEngineImpl.fatal(SSLEngineImpl.java:1667)
	at sun.security.ssl.SSLEngineImpl.fatal(SSLEngineImpl.java:1635)
	at sun.security.ssl.SSLEngineImpl.recvAlert(SSLEngineImpl.java:1801)
	at sun.security.ssl.SSLEngineImpl.readRecord(SSLEngineImpl.java:1090)
	at sun.security.ssl.SSLEngineImpl.readNetRecord(SSLEngineImpl.java:913)
	at sun.security.ssl.SSLEngineImpl.unwrap(SSLEngineImpl.java:783)
	at javax.net.ssl.SSLEngine.unwrap(SSLEngine.java:626)
	at io.netty.handler.ssl.SslHandler$SslEngineType$3.unwrap(SslHandler.java:281)
	at io.netty.handler.ssl.SslHandler.unwrap(SslHandler.java:1340)
	at io.netty.handler.ssl.SslHandler.decodeJdkCompatible(SslHandler.java:1235)
	at io.netty.handler.ssl.SslHandler.decode(SslHandler.java:1282)
	at io.netty.handler.codec.ByteToMessageDecoder.decodeRemovalReentryProtection(ByteToMessageDecoder.java:498)
	at io.netty.handler.codec.ByteToMessageDecoder.callDecode(ByteToMessageDecoder.java:437)
	... 19 more
2020-06-22 14:23:01,224 [myid:] - INFO  [main:FourLetterWordMain@93] - connecting to 127.0.0.1 21995
2020-06-22 14:23:01,224 [myid:] - INFO  [main:FourLetterWordMain@99] - using secure socket
2020-06-22 14:23:01,230 [myid:] - ERROR [main:ZKTrustManager@161] - Failed to verify host address: 127.0.0.1
javax.net.ssl.SSLPeerUnverifiedException: Certificate for <127.0.0.1> doesn't match common name of the certificate subject: localhost
	at org.apache.zookeeper.common.ZKHostnameVerifier.matchCN(ZKHostnameVerifier.java:238)
	at org.apache.zookeeper.common.ZKHostnameVerifier.verify(ZKHostnameVerifier.java:184)
	at org.apache.zookeeper.common.ZKTrustManager.performHostVerification(ZKTrustManager.java:151)
	at org.apache.zookeeper.common.ZKTrustManager.checkServerTrusted(ZKTrustManager.java:90)
	at sun.security.ssl.ClientHandshaker.serverCertificate(ClientHandshaker.java:1670)
	at sun.security.ssl.ClientHandshaker.processMessage(ClientHandshaker.java:226)
	at sun.security.ssl.Handshaker.processLoop(Handshaker.java:1082)
	at sun.security.ssl.Handshaker.process_record(Handshaker.java:1010)
	at sun.security.ssl.SSLSocketImpl.readRecord(SSLSocketImpl.java:1079)
	at sun.security.ssl.SSLSocketImpl.performInitialHandshake(SSLSocketImpl.java:1388)
	at sun.security.ssl.SSLSocketImpl.startHandshake(SSLSocketImpl.java:1416)
	at sun.security.ssl.SSLSocketImpl.startHandshake(SSLSocketImpl.java:1400)
	at org.apache.zookeeper.client.FourLetterWordMain.send4LetterWord(FourLetterWordMain.java:105)
	at org.apache.zookeeper.client.FourLetterWordMain.send4LetterWord(FourLetterWordMain.java:73)
	at org.apache.zookeeper.test.ClientBase.waitForServerUp(ClientBase.java:261)
	at org.apache.zookeeper.test.ClientBase.startServerInstance(ClientBase.java:401)
	at org.apache.zookeeper.test.ClientBase.startServer(ClientBase.java:516)
	at org.apache.zookeeper.test.ClientBase.setUpWithServerId(ClientBase.java:499)
	at org.apache.zookeeper.test.ClientBase.setUp(ClientBase.java:474)
	at org.apache.zookeeper.test.SaslDigestAuthOverSSLTest.setUp(SaslDigestAuthOverSSLTest.java:62)
	at sun.reflect.NativeMethodAccessorImpl.invoke0(Native Method)
	at sun.reflect.NativeMethodAccessorImpl.invoke(NativeMethodAccessorImpl.java:62)
	at sun.reflect.DelegatingMethodAccessorImpl.invoke(DelegatingMethodAccessorImpl.java:43)
	at java.lang.reflect.Method.invoke(Method.java:498)
	at org.junit.runners.model.FrameworkMethod$1.runReflectiveCall(FrameworkMethod.java:50)
	at org.junit.internal.runners.model.ReflectiveCallable.run(ReflectiveCallable.java:12)
	at org.junit.runners.model.FrameworkMethod.invokeExplosively(FrameworkMethod.java:47)
	at mockit.integration.junit4.JUnit4TestRunnerDecorator.invokeExplosively(JUnit4TestRunnerDecorator.java:49)
	at mockit.integration.junit4.FakeFrameworkMethod.invokeExplosively(FakeFrameworkMethod.java:29)
	at org.junit.runners.model.FrameworkMethod.invokeExplosively(FrameworkMethod.java)
	at org.junit.internal.runners.statements.RunBefores.evaluate(RunBefores.java:24)
	at org.junit.internal.runners.statements.RunAfters.evaluate(RunAfters.java:27)
	at org.junit.rules.TestWatcher$1.evaluate(TestWatcher.java:55)
	at org.junit.rules.RunRules.evaluate(RunRules.java:20)
	at org.junit.runners.ParentRunner.runLeaf(ParentRunner.java:325)
	at org.junit.runners.BlockJUnit4ClassRunner.runChild(BlockJUnit4ClassRunner.java:78)
	at org.junit.runners.BlockJUnit4ClassRunner.runChild(BlockJUnit4ClassRunner.java:57)
	at org.junit.runners.ParentRunner$3.run(ParentRunner.java:290)
	at org.junit.runners.ParentRunner$1.schedule(ParentRunner.java:71)
	at org.junit.runners.ParentRunner.runChildren(ParentRunner.java:288)
	at org.junit.runners.ParentRunner.access$000(ParentRunner.java:58)
	at org.junit.runners.ParentRunner$2.evaluate(ParentRunner.java:268)
	at org.junit.internal.runners.statements.RunBefores.evaluate(RunBefores.java:26)
	at org.junit.runners.ParentRunner.run(ParentRunner.java:363)
	at org.apache.maven.surefire.junit4.JUnit4Provider.execute(JUnit4Provider.java:365)
	at org.apache.maven.surefire.junit4.JUnit4Provider.executeWithRerun(JUnit4Provider.java:273)
	at org.apache.maven.surefire.junit4.JUnit4Provider.executeTestSet(JUnit4Provider.java:238)
	at org.apache.maven.surefire.junit4.JUnit4Provider.invoke(JUnit4Provider.java:159)
	at org.apache.maven.surefire.booter.ForkedBooter.invokeProviderInSameClassLoader(ForkedBooter.java:384)
	at org.apache.maven.surefire.booter.ForkedBooter.runSuitesInProcess(ForkedBooter.java:345)
	at org.apache.maven.surefire.booter.ForkedBooter.execute(ForkedBooter.java:126)
	at org.apache.maven.surefire.booter.ForkedBooter.main(ForkedBooter.java:418)
2020-06-22 14:23:01,230 [myid:] - ERROR [main:ZKTrustManager@162] - Failed to verify hostname: activate.navicat.com
javax.net.ssl.SSLPeerUnverifiedException: Certificate for <activate.navicat.com> doesn't match common name of the certificate subject: localhost
	at org.apache.zookeeper.common.ZKHostnameVerifier.matchCN(ZKHostnameVerifier.java:238)
	at org.apache.zookeeper.common.ZKHostnameVerifier.verify(ZKHostnameVerifier.java:184)
	at org.apache.zookeeper.common.ZKTrustManager.performHostVerification(ZKTrustManager.java:159)
	at org.apache.zookeeper.common.ZKTrustManager.checkServerTrusted(ZKTrustManager.java:90)
	at sun.security.ssl.ClientHandshaker.serverCertificate(ClientHandshaker.java:1670)
	at sun.security.ssl.ClientHandshaker.processMessage(ClientHandshaker.java:226)
	at sun.security.ssl.Handshaker.processLoop(Handshaker.java:1082)
	at sun.security.ssl.Handshaker.process_record(Handshaker.java:1010)
	at sun.security.ssl.SSLSocketImpl.readRecord(SSLSocketImpl.java:1079)
	at sun.security.ssl.SSLSocketImpl.performInitialHandshake(SSLSocketImpl.java:1388)
	at sun.security.ssl.SSLSocketImpl.startHandshake(SSLSocketImpl.java:1416)
	at sun.security.ssl.SSLSocketImpl.startHandshake(SSLSocketImpl.java:1400)
	at org.apache.zookeeper.client.FourLetterWordMain.send4LetterWord(FourLetterWordMain.java:105)
	at org.apache.zookeeper.client.FourLetterWordMain.send4LetterWord(FourLetterWordMain.java:73)
	at org.apache.zookeeper.test.ClientBase.waitForServerUp(ClientBase.java:261)
	at org.apache.zookeeper.test.ClientBase.startServerInstance(ClientBase.java:401)
	at org.apache.zookeeper.test.ClientBase.startServer(ClientBase.java:516)
	at org.apache.zookeeper.test.ClientBase.setUpWithServerId(ClientBase.java:499)
	at org.apache.zookeeper.test.ClientBase.setUp(ClientBase.java:474)
	at org.apache.zookeeper.test.SaslDigestAuthOverSSLTest.setUp(SaslDigestAuthOverSSLTest.java:62)
	at sun.reflect.NativeMethodAccessorImpl.invoke0(Native Method)
	at sun.reflect.NativeMethodAccessorImpl.invoke(NativeMethodAccessorImpl.java:62)
	at sun.reflect.DelegatingMethodAccessorImpl.invoke(DelegatingMethodAccessorImpl.java:43)
	at java.lang.reflect.Method.invoke(Method.java:498)
	at org.junit.runners.model.FrameworkMethod$1.runReflectiveCall(FrameworkMethod.java:50)
	at org.junit.internal.runners.model.ReflectiveCallable.run(ReflectiveCallable.java:12)
	at org.junit.runners.model.FrameworkMethod.invokeExplosively(FrameworkMethod.java:47)
	at mockit.integration.junit4.JUnit4TestRunnerDecorator.invokeExplosively(JUnit4TestRunnerDecorator.java:49)
	at mockit.integration.junit4.FakeFrameworkMethod.invokeExplosively(FakeFrameworkMethod.java:29)
	at org.junit.runners.model.FrameworkMethod.invokeExplosively(FrameworkMethod.java)
	at org.junit.internal.runners.statements.RunBefores.evaluate(RunBefores.java:24)
	at org.junit.internal.runners.statements.RunAfters.evaluate(RunAfters.java:27)
	at org.junit.rules.TestWatcher$1.evaluate(TestWatcher.java:55)
	at org.junit.rules.RunRules.evaluate(RunRules.java:20)
	at org.junit.runners.ParentRunner.runLeaf(ParentRunner.java:325)
	at org.junit.runners.BlockJUnit4ClassRunner.runChild(BlockJUnit4ClassRunner.java:78)
	at org.junit.runners.BlockJUnit4ClassRunner.runChild(BlockJUnit4ClassRunner.java:57)
	at org.junit.runners.ParentRunner$3.run(ParentRunner.java:290)
	at org.junit.runners.ParentRunner$1.schedule(ParentRunner.java:71)
	at org.junit.runners.ParentRunner.runChildren(ParentRunner.java:288)
	at org.junit.runners.ParentRunner.access$000(ParentRunner.java:58)
	at org.junit.runners.ParentRunner$2.evaluate(ParentRunner.java:268)
	at org.junit.internal.runners.statements.RunBefores.evaluate(RunBefores.java:26)
	at org.junit.runners.ParentRunner.run(ParentRunner.java:363)
	at org.apache.maven.surefire.junit4.JUnit4Provider.execute(JUnit4Provider.java:365)
	at org.apache.maven.surefire.junit4.JUnit4Provider.executeWithRerun(JUnit4Provider.java:273)
	at org.apache.maven.surefire.junit4.JUnit4Provider.executeTestSet(JUnit4Provider.java:238)
	at org.apache.maven.surefire.junit4.JUnit4Provider.invoke(JUnit4Provider.java:159)
	at org.apache.maven.surefire.booter.ForkedBooter.invokeProviderInSameClassLoader(ForkedBooter.java:384)
	at org.apache.maven.surefire.booter.ForkedBooter.runSuitesInProcess(ForkedBooter.java:345)
	at org.apache.maven.surefire.booter.ForkedBooter.execute(ForkedBooter.java:126)
	at org.apache.maven.surefire.booter.ForkedBooter.main(ForkedBooter.java:418)
2020-06-22 14:23:01,231 [myid:] - INFO  [main:ClientBase@270] - server 127.0.0.1:21995 not up
javax.net.ssl.SSLHandshakeException: java.security.cert.CertificateException: Failed to verify both host address and host name
	at sun.security.ssl.Alerts.getSSLException(Alerts.java:198)
	at sun.security.ssl.SSLSocketImpl.fatal(SSLSocketImpl.java:1967)
	at sun.security.ssl.Handshaker.fatalSE(Handshaker.java:331)
	at sun.security.ssl.Handshaker.fatalSE(Handshaker.java:325)
	at sun.security.ssl.ClientHandshaker.serverCertificate(ClientHandshaker.java:1688)
	at sun.security.ssl.ClientHandshaker.processMessage(ClientHandshaker.java:226)
	at sun.security.ssl.Handshaker.processLoop(Handshaker.java:1082)
	at sun.security.ssl.Handshaker.process_record(Handshaker.java:1010)
	at sun.security.ssl.SSLSocketImpl.readRecord(SSLSocketImpl.java:1079)
	at sun.security.ssl.SSLSocketImpl.performInitialHandshake(SSLSocketImpl.java:1388)
	at sun.security.ssl.SSLSocketImpl.startHandshake(SSLSocketImpl.java:1416)
	at sun.security.ssl.SSLSocketImpl.startHandshake(SSLSocketImpl.java:1400)
	at org.apache.zookeeper.client.FourLetterWordMain.send4LetterWord(FourLetterWordMain.java:105)
	at org.apache.zookeeper.client.FourLetterWordMain.send4LetterWord(FourLetterWordMain.java:73)
	at org.apache.zookeeper.test.ClientBase.waitForServerUp(ClientBase.java:261)
	at org.apache.zookeeper.test.ClientBase.startServerInstance(ClientBase.java:401)
	at org.apache.zookeeper.test.ClientBase.startServer(ClientBase.java:516)
	at org.apache.zookeeper.test.ClientBase.setUpWithServerId(ClientBase.java:499)
	at org.apache.zookeeper.test.ClientBase.setUp(ClientBase.java:474)
	at org.apache.zookeeper.test.SaslDigestAuthOverSSLTest.setUp(SaslDigestAuthOverSSLTest.java:62)
	at sun.reflect.NativeMethodAccessorImpl.invoke0(Native Method)
	at sun.reflect.NativeMethodAccessorImpl.invoke(NativeMethodAccessorImpl.java:62)
	at sun.reflect.DelegatingMethodAccessorImpl.invoke(DelegatingMethodAccessorImpl.java:43)
	at java.lang.reflect.Method.invoke(Method.java:498)
	at org.junit.runners.model.FrameworkMethod$1.runReflectiveCall(FrameworkMethod.java:50)
	at org.junit.internal.runners.model.ReflectiveCallable.run(ReflectiveCallable.java:12)
	at org.junit.runners.model.FrameworkMethod.invokeExplosively(FrameworkMethod.java:47)
	at mockit.integration.junit4.JUnit4TestRunnerDecorator.invokeExplosively(JUnit4TestRunnerDecorator.java:49)
	at mockit.integration.junit4.FakeFrameworkMethod.invokeExplosively(FakeFrameworkMethod.java:29)
	at org.junit.runners.model.FrameworkMethod.invokeExplosively(FrameworkMethod.java)
	at org.junit.internal.runners.statements.RunBefores.evaluate(RunBefores.java:24)
	at org.junit.internal.runners.statements.RunAfters.evaluate(RunAfters.java:27)
	at org.junit.rules.TestWatcher$1.evaluate(TestWatcher.java:55)
	at org.junit.rules.RunRules.evaluate(RunRules.java:20)
	at org.junit.runners.ParentRunner.runLeaf(ParentRunner.java:325)
	at org.junit.runners.BlockJUnit4ClassRunner.runChild(BlockJUnit4ClassRunner.java:78)
	at org.junit.runners.BlockJUnit4ClassRunner.runChild(BlockJUnit4ClassRunner.java:57)
	at org.junit.runners.ParentRunner$3.run(ParentRunner.java:290)
	at org.junit.runners.ParentRunner$1.schedule(ParentRunner.java:71)
	at org.junit.runners.ParentRunner.runChildren(ParentRunner.java:288)
	at org.junit.runners.ParentRunner.access$000(ParentRunner.java:58)
	at org.junit.runners.ParentRunner$2.evaluate(ParentRunner.java:268)
	at org.junit.internal.runners.statements.RunBefores.evaluate(RunBefores.java:26)
	at org.junit.runners.ParentRunner.run(ParentRunner.java:363)
	at org.apache.maven.surefire.junit4.JUnit4Provider.execute(JUnit4Provider.java:365)
	at org.apache.maven.surefire.junit4.JUnit4Provider.executeWithRerun(JUnit4Provider.java:273)
	at org.apache.maven.surefire.junit4.JUnit4Provider.executeTestSet(JUnit4Provider.java:238)
	at org.apache.maven.surefire.junit4.JUnit4Provider.invoke(JUnit4Provider.java:159)
	at org.apache.maven.surefire.booter.ForkedBooter.invokeProviderInSameClassLoader(ForkedBooter.java:384)
	at org.apache.maven.surefire.booter.ForkedBooter.runSuitesInProcess(ForkedBooter.java:345)
	at org.apache.maven.surefire.booter.ForkedBooter.execute(ForkedBooter.java:126)
	at org.apache.maven.surefire.booter.ForkedBooter.main(ForkedBooter.java:418)
Caused by: java.security.cert.CertificateException: Failed to verify both host address and host name
	at org.apache.zookeeper.common.ZKTrustManager.performHostVerification(ZKTrustManager.java:163)
	at org.apache.zookeeper.common.ZKTrustManager.checkServerTrusted(ZKTrustManager.java:90)
	at sun.security.ssl.ClientHandshaker.serverCertificate(ClientHandshaker.java:1670)
	... 47 more
Caused by: javax.net.ssl.SSLPeerUnverifiedException: Certificate for <activate.navicat.com> doesn't match common name of the certificate subject: localhost
	at org.apache.zookeeper.common.ZKHostnameVerifier.matchCN(ZKHostnameVerifier.java:238)
	at org.apache.zookeeper.common.ZKHostnameVerifier.verify(ZKHostnameVerifier.java:184)
	at org.apache.zookeeper.common.ZKTrustManager.performHostVerification(ZKTrustManager.java:159)
	... 49 more
2020-06-22 14:23:01,231 [myid:] - ERROR [nioEventLoopGroup-4-10:NettyServerCnxnFactory$CertificateVerifier@434] - Unsuccessful handshake with session 0x0
2020-06-22 14:23:01,231 [myid:] - WARN  [nioEventLoopGroup-4-10:NettyServerCnxnFactory$CnxnChannelHandler@273] - Exception caught
io.netty.handler.codec.DecoderException: javax.net.ssl.SSLException: Received fatal alert: certificate_unknown
	at io.netty.handler.codec.ByteToMessageDecoder.callDecode(ByteToMessageDecoder.java:468)
	at io.netty.handler.codec.ByteToMessageDecoder.channelRead(ByteToMessageDecoder.java:276)
	at io.netty.channel.AbstractChannelHandlerContext.invokeChannelRead(AbstractChannelHandlerContext.java:379)
	at io.netty.channel.AbstractChannelHandlerContext.invokeChannelRead(AbstractChannelHandlerContext.java:365)
	at io.netty.channel.AbstractChannelHandlerContext.fireChannelRead(AbstractChannelHandlerContext.java:357)
	at io.netty.channel.DefaultChannelPipeline$HeadContext.channelRead(DefaultChannelPipeline.java:1410)
	at io.netty.channel.AbstractChannelHandlerContext.invokeChannelRead(AbstractChannelHandlerContext.java:379)
	at io.netty.channel.AbstractChannelHandlerContext.invokeChannelRead(AbstractChannelHandlerContext.java:365)
	at io.netty.channel.DefaultChannelPipeline.fireChannelRead(DefaultChannelPipeline.java:919)
	at io.netty.channel.nio.AbstractNioByteChannel$NioByteUnsafe.read(AbstractNioByteChannel.java:163)
	at io.netty.channel.nio.NioEventLoop.processSelectedKey(NioEventLoop.java:714)
	at io.netty.channel.nio.NioEventLoop.processSelectedKeysOptimized(NioEventLoop.java:650)
	at io.netty.channel.nio.NioEventLoop.processSelectedKeys(NioEventLoop.java:576)
	at io.netty.channel.nio.NioEventLoop.run(NioEventLoop.java:493)
	at io.netty.util.concurrent.SingleThreadEventExecutor$4.run(SingleThreadEventExecutor.java:989)
	at io.netty.util.internal.ThreadExecutorMap$2.run(ThreadExecutorMap.java:74)
	at io.netty.util.concurrent.FastThreadLocalRunnable.run(FastThreadLocalRunnable.java:30)
	at java.lang.Thread.run(Thread.java:748)
Caused by: javax.net.ssl.SSLException: Received fatal alert: certificate_unknown
	at sun.security.ssl.Alerts.getSSLException(Alerts.java:214)
	at sun.security.ssl.SSLEngineImpl.fatal(SSLEngineImpl.java:1667)
	at sun.security.ssl.SSLEngineImpl.fatal(SSLEngineImpl.java:1635)
	at sun.security.ssl.SSLEngineImpl.recvAlert(SSLEngineImpl.java:1801)
	at sun.security.ssl.SSLEngineImpl.readRecord(SSLEngineImpl.java:1090)
	at sun.security.ssl.SSLEngineImpl.readNetRecord(SSLEngineImpl.java:913)
	at sun.security.ssl.SSLEngineImpl.unwrap(SSLEngineImpl.java:783)
	at javax.net.ssl.SSLEngine.unwrap(SSLEngine.java:626)
	at io.netty.handler.ssl.SslHandler$SslEngineType$3.unwrap(SslHandler.java:281)
	at io.netty.handler.ssl.SslHandler.unwrap(SslHandler.java:1340)
	at io.netty.handler.ssl.SslHandler.decodeJdkCompatible(SslHandler.java:1235)
	at io.netty.handler.ssl.SslHandler.decode(SslHandler.java:1282)
	at io.netty.handler.codec.ByteToMessageDecoder.decodeRemovalReentryProtection(ByteToMessageDecoder.java:498)
	at io.netty.handler.codec.ByteToMessageDecoder.callDecode(ByteToMessageDecoder.java:437)
	... 17 more
2020-06-22 14:23:01,232 [myid:] - WARN  [nioEventLoopGroup-4-10:NettyServerCnxnFactory$CnxnChannelHandler@273] - Exception caught
io.netty.handler.codec.DecoderException: javax.net.ssl.SSLException: Received fatal alert: certificate_unknown
	at io.netty.handler.codec.ByteToMessageDecoder.callDecode(ByteToMessageDecoder.java:468)
	at io.netty.handler.codec.ByteToMessageDecoder.channelInputClosed(ByteToMessageDecoder.java:401)
	at io.netty.handler.codec.ByteToMessageDecoder.channelInputClosed(ByteToMessageDecoder.java:368)
	at io.netty.handler.codec.ByteToMessageDecoder.channelInactive(ByteToMessageDecoder.java:351)
	at io.netty.handler.ssl.SslHandler.channelInactive(SslHandler.java:1084)
	at io.netty.channel.AbstractChannelHandlerContext.invokeChannelInactive(AbstractChannelHandlerContext.java:262)
	at io.netty.channel.AbstractChannelHandlerContext.invokeChannelInactive(AbstractChannelHandlerContext.java:248)
	at io.netty.channel.AbstractChannelHandlerContext.fireChannelInactive(AbstractChannelHandlerContext.java:241)
	at io.netty.channel.DefaultChannelPipeline$HeadContext.channelInactive(DefaultChannelPipeline.java:1405)
	at io.netty.channel.AbstractChannelHandlerContext.invokeChannelInactive(AbstractChannelHandlerContext.java:262)
	at io.netty.channel.AbstractChannelHandlerContext.invokeChannelInactive(AbstractChannelHandlerContext.java:248)
	at io.netty.channel.DefaultChannelPipeline.fireChannelInactive(DefaultChannelPipeline.java:901)
	at io.netty.channel.AbstractChannel$AbstractUnsafe$8.run(AbstractChannel.java:818)
	at io.netty.util.concurrent.AbstractEventExecutor.safeExecute(AbstractEventExecutor.java:164)
	at io.netty.util.concurrent.SingleThreadEventExecutor.runAllTasks(SingleThreadEventExecutor.java:472)
	at io.netty.channel.nio.NioEventLoop.run(NioEventLoop.java:497)
	at io.netty.util.concurrent.SingleThreadEventExecutor$4.run(SingleThreadEventExecutor.java:989)
	at io.netty.util.internal.ThreadExecutorMap$2.run(ThreadExecutorMap.java:74)
	at io.netty.util.concurrent.FastThreadLocalRunnable.run(FastThreadLocalRunnable.java:30)
	at java.lang.Thread.run(Thread.java:748)
Caused by: javax.net.ssl.SSLException: Received fatal alert: certificate_unknown
	at sun.security.ssl.Alerts.getSSLException(Alerts.java:214)
	at sun.security.ssl.SSLEngineImpl.fatal(SSLEngineImpl.java:1667)
	at sun.security.ssl.SSLEngineImpl.fatal(SSLEngineImpl.java:1635)
	at sun.security.ssl.SSLEngineImpl.recvAlert(SSLEngineImpl.java:1801)
	at sun.security.ssl.SSLEngineImpl.readRecord(SSLEngineImpl.java:1090)
	at sun.security.ssl.SSLEngineImpl.readNetRecord(SSLEngineImpl.java:913)
	at sun.security.ssl.SSLEngineImpl.unwrap(SSLEngineImpl.java:783)
	at javax.net.ssl.SSLEngine.unwrap(SSLEngine.java:626)
	at io.netty.handler.ssl.SslHandler$SslEngineType$3.unwrap(SslHandler.java:281)
	at io.netty.handler.ssl.SslHandler.unwrap(SslHandler.java:1340)
	at io.netty.handler.ssl.SslHandler.decodeJdkCompatible(SslHandler.java:1235)
	at io.netty.handler.ssl.SslHandler.decode(SslHandler.java:1282)
	at io.netty.handler.codec.ByteToMessageDecoder.decodeRemovalReentryProtection(ByteToMessageDecoder.java:498)
	at io.netty.handler.codec.ByteToMessageDecoder.callDecode(ByteToMessageDecoder.java:437)
	... 19 more
2020-06-22 14:23:01,481 [myid:] - INFO  [main:FourLetterWordMain@93] - connecting to 127.0.0.1 21995
2020-06-22 14:23:01,481 [myid:] - INFO  [main:FourLetterWordMain@99] - using secure socket
2020-06-22 14:23:01,487 [myid:] - ERROR [main:ZKTrustManager@161] - Failed to verify host address: 127.0.0.1
javax.net.ssl.SSLPeerUnverifiedException: Certificate for <127.0.0.1> doesn't match common name of the certificate subject: localhost
	at org.apache.zookeeper.common.ZKHostnameVerifier.matchCN(ZKHostnameVerifier.java:238)
	at org.apache.zookeeper.common.ZKHostnameVerifier.verify(ZKHostnameVerifier.java:184)
	at org.apache.zookeeper.common.ZKTrustManager.performHostVerification(ZKTrustManager.java:151)
	at org.apache.zookeeper.common.ZKTrustManager.checkServerTrusted(ZKTrustManager.java:90)
	at sun.security.ssl.ClientHandshaker.serverCertificate(ClientHandshaker.java:1670)
	at sun.security.ssl.ClientHandshaker.processMessage(ClientHandshaker.java:226)
	at sun.security.ssl.Handshaker.processLoop(Handshaker.java:1082)
	at sun.security.ssl.Handshaker.process_record(Handshaker.java:1010)
	at sun.security.ssl.SSLSocketImpl.readRecord(SSLSocketImpl.java:1079)
	at sun.security.ssl.SSLSocketImpl.performInitialHandshake(SSLSocketImpl.java:1388)
	at sun.security.ssl.SSLSocketImpl.startHandshake(SSLSocketImpl.java:1416)
	at sun.security.ssl.SSLSocketImpl.startHandshake(SSLSocketImpl.java:1400)
	at org.apache.zookeeper.client.FourLetterWordMain.send4LetterWord(FourLetterWordMain.java:105)
	at org.apache.zookeeper.client.FourLetterWordMain.send4LetterWord(FourLetterWordMain.java:73)
	at org.apache.zookeeper.test.ClientBase.waitForServerUp(ClientBase.java:261)
	at org.apache.zookeeper.test.ClientBase.startServerInstance(ClientBase.java:401)
	at org.apache.zookeeper.test.ClientBase.startServer(ClientBase.java:516)
	at org.apache.zookeeper.test.ClientBase.setUpWithServerId(ClientBase.java:499)
	at org.apache.zookeeper.test.ClientBase.setUp(ClientBase.java:474)
	at org.apache.zookeeper.test.SaslDigestAuthOverSSLTest.setUp(SaslDigestAuthOverSSLTest.java:62)
	at sun.reflect.NativeMethodAccessorImpl.invoke0(Native Method)
	at sun.reflect.NativeMethodAccessorImpl.invoke(NativeMethodAccessorImpl.java:62)
	at sun.reflect.DelegatingMethodAccessorImpl.invoke(DelegatingMethodAccessorImpl.java:43)
	at java.lang.reflect.Method.invoke(Method.java:498)
	at org.junit.runners.model.FrameworkMethod$1.runReflectiveCall(FrameworkMethod.java:50)
	at org.junit.internal.runners.model.ReflectiveCallable.run(ReflectiveCallable.java:12)
	at org.junit.runners.model.FrameworkMethod.invokeExplosively(FrameworkMethod.java:47)
	at mockit.integration.junit4.JUnit4TestRunnerDecorator.invokeExplosively(JUnit4TestRunnerDecorator.java:49)
	at mockit.integration.junit4.FakeFrameworkMethod.invokeExplosively(FakeFrameworkMethod.java:29)
	at org.junit.runners.model.FrameworkMethod.invokeExplosively(FrameworkMethod.java)
	at org.junit.internal.runners.statements.RunBefores.evaluate(RunBefores.java:24)
	at org.junit.internal.runners.statements.RunAfters.evaluate(RunAfters.java:27)
	at org.junit.rules.TestWatcher$1.evaluate(TestWatcher.java:55)
	at org.junit.rules.RunRules.evaluate(RunRules.java:20)
	at org.junit.runners.ParentRunner.runLeaf(ParentRunner.java:325)
	at org.junit.runners.BlockJUnit4ClassRunner.runChild(BlockJUnit4ClassRunner.java:78)
	at org.junit.runners.BlockJUnit4ClassRunner.runChild(BlockJUnit4ClassRunner.java:57)
	at org.junit.runners.ParentRunner$3.run(ParentRunner.java:290)
	at org.junit.runners.ParentRunner$1.schedule(ParentRunner.java:71)
	at org.junit.runners.ParentRunner.runChildren(ParentRunner.java:288)
	at org.junit.runners.ParentRunner.access$000(ParentRunner.java:58)
	at org.junit.runners.ParentRunner$2.evaluate(ParentRunner.java:268)
	at org.junit.internal.runners.statements.RunBefores.evaluate(RunBefores.java:26)
	at org.junit.runners.ParentRunner.run(ParentRunner.java:363)
	at org.apache.maven.surefire.junit4.JUnit4Provider.execute(JUnit4Provider.java:365)
	at org.apache.maven.surefire.junit4.JUnit4Provider.executeWithRerun(JUnit4Provider.java:273)
	at org.apache.maven.surefire.junit4.JUnit4Provider.executeTestSet(JUnit4Provider.java:238)
	at org.apache.maven.surefire.junit4.JUnit4Provider.invoke(JUnit4Provider.java:159)
	at org.apache.maven.surefire.booter.ForkedBooter.invokeProviderInSameClassLoader(ForkedBooter.java:384)
	at org.apache.maven.surefire.booter.ForkedBooter.runSuitesInProcess(ForkedBooter.java:345)
	at org.apache.maven.surefire.booter.ForkedBooter.execute(ForkedBooter.java:126)
	at org.apache.maven.surefire.booter.ForkedBooter.main(ForkedBooter.java:418)
2020-06-22 14:23:01,487 [myid:] - ERROR [main:ZKTrustManager@162] - Failed to verify hostname: activate.navicat.com
javax.net.ssl.SSLPeerUnverifiedException: Certificate for <activate.navicat.com> doesn't match common name of the certificate subject: localhost
	at org.apache.zookeeper.common.ZKHostnameVerifier.matchCN(ZKHostnameVerifier.java:238)
	at org.apache.zookeeper.common.ZKHostnameVerifier.verify(ZKHostnameVerifier.java:184)
	at org.apache.zookeeper.common.ZKTrustManager.performHostVerification(ZKTrustManager.java:159)
	at org.apache.zookeeper.common.ZKTrustManager.checkServerTrusted(ZKTrustManager.java:90)
	at sun.security.ssl.ClientHandshaker.serverCertificate(ClientHandshaker.java:1670)
	at sun.security.ssl.ClientHandshaker.processMessage(ClientHandshaker.java:226)
	at sun.security.ssl.Handshaker.processLoop(Handshaker.java:1082)
	at sun.security.ssl.Handshaker.process_record(Handshaker.java:1010)
	at sun.security.ssl.SSLSocketImpl.readRecord(SSLSocketImpl.java:1079)
	at sun.security.ssl.SSLSocketImpl.performInitialHandshake(SSLSocketImpl.java:1388)
	at sun.security.ssl.SSLSocketImpl.startHandshake(SSLSocketImpl.java:1416)
	at sun.security.ssl.SSLSocketImpl.startHandshake(SSLSocketImpl.java:1400)
	at org.apache.zookeeper.client.FourLetterWordMain.send4LetterWord(FourLetterWordMain.java:105)
	at org.apache.zookeeper.client.FourLetterWordMain.send4LetterWord(FourLetterWordMain.java:73)
	at org.apache.zookeeper.test.ClientBase.waitForServerUp(ClientBase.java:261)
	at org.apache.zookeeper.test.ClientBase.startServerInstance(ClientBase.java:401)
	at org.apache.zookeeper.test.ClientBase.startServer(ClientBase.java:516)
	at org.apache.zookeeper.test.ClientBase.setUpWithServerId(ClientBase.java:499)
	at org.apache.zookeeper.test.ClientBase.setUp(ClientBase.java:474)
	at org.apache.zookeeper.test.SaslDigestAuthOverSSLTest.setUp(SaslDigestAuthOverSSLTest.java:62)
	at sun.reflect.NativeMethodAccessorImpl.invoke0(Native Method)
	at sun.reflect.NativeMethodAccessorImpl.invoke(NativeMethodAccessorImpl.java:62)
	at sun.reflect.DelegatingMethodAccessorImpl.invoke(DelegatingMethodAccessorImpl.java:43)
	at java.lang.reflect.Method.invoke(Method.java:498)
	at org.junit.runners.model.FrameworkMethod$1.runReflectiveCall(FrameworkMethod.java:50)
	at org.junit.internal.runners.model.ReflectiveCallable.run(ReflectiveCallable.java:12)
	at org.junit.runners.model.FrameworkMethod.invokeExplosively(FrameworkMethod.java:47)
	at mockit.integration.junit4.JUnit4TestRunnerDecorator.invokeExplosively(JUnit4TestRunnerDecorator.java:49)
	at mockit.integration.junit4.FakeFrameworkMethod.invokeExplosively(FakeFrameworkMethod.java:29)
	at org.junit.runners.model.FrameworkMethod.invokeExplosively(FrameworkMethod.java)
	at org.junit.internal.runners.statements.RunBefores.evaluate(RunBefores.java:24)
	at org.junit.internal.runners.statements.RunAfters.evaluate(RunAfters.java:27)
	at org.junit.rules.TestWatcher$1.evaluate(TestWatcher.java:55)
	at org.junit.rules.RunRules.evaluate(RunRules.java:20)
	at org.junit.runners.ParentRunner.runLeaf(ParentRunner.java:325)
	at org.junit.runners.BlockJUnit4ClassRunner.runChild(BlockJUnit4ClassRunner.java:78)
	at org.junit.runners.BlockJUnit4ClassRunner.runChild(BlockJUnit4ClassRunner.java:57)
	at org.junit.runners.ParentRunner$3.run(ParentRunner.java:290)
	at org.junit.runners.ParentRunner$1.schedule(ParentRunner.java:71)
	at org.junit.runners.ParentRunner.runChildren(ParentRunner.java:288)
	at org.junit.runners.ParentRunner.access$000(ParentRunner.java:58)
	at org.junit.runners.ParentRunner$2.evaluate(ParentRunner.java:268)
	at org.junit.internal.runners.statements.RunBefores.evaluate(RunBefores.java:26)
	at org.junit.runners.ParentRunner.run(ParentRunner.java:363)
	at org.apache.maven.surefire.junit4.JUnit4Provider.execute(JUnit4Provider.java:365)
	at org.apache.maven.surefire.junit4.JUnit4Provider.executeWithRerun(JUnit4Provider.java:273)
	at org.apache.maven.surefire.junit4.JUnit4Provider.executeTestSet(JUnit4Provider.java:238)
	at org.apache.maven.surefire.junit4.JUnit4Provider.invoke(JUnit4Provider.java:159)
	at org.apache.maven.surefire.booter.ForkedBooter.invokeProviderInSameClassLoader(ForkedBooter.java:384)
	at org.apache.maven.surefire.booter.ForkedBooter.runSuitesInProcess(ForkedBooter.java:345)
	at org.apache.maven.surefire.booter.ForkedBooter.execute(ForkedBooter.java:126)
	at org.apache.maven.surefire.booter.ForkedBooter.main(ForkedBooter.java:418)
2020-06-22 14:23:01,488 [myid:] - INFO  [main:ClientBase@270] - server 127.0.0.1:21995 not up
javax.net.ssl.SSLHandshakeException: java.security.cert.CertificateException: Failed to verify both host address and host name
	at sun.security.ssl.Alerts.getSSLException(Alerts.java:198)
	at sun.security.ssl.SSLSocketImpl.fatal(SSLSocketImpl.java:1967)
	at sun.security.ssl.Handshaker.fatalSE(Handshaker.java:331)
	at sun.security.ssl.Handshaker.fatalSE(Handshaker.java:325)
	at sun.security.ssl.ClientHandshaker.serverCertificate(ClientHandshaker.java:1688)
	at sun.security.ssl.ClientHandshaker.processMessage(ClientHandshaker.java:226)
	at sun.security.ssl.Handshaker.processLoop(Handshaker.java:1082)
	at sun.security.ssl.Handshaker.process_record(Handshaker.java:1010)
	at sun.security.ssl.SSLSocketImpl.readRecord(SSLSocketImpl.java:1079)
	at sun.security.ssl.SSLSocketImpl.performInitialHandshake(SSLSocketImpl.java:1388)
	at sun.security.ssl.SSLSocketImpl.startHandshake(SSLSocketImpl.java:1416)
	at sun.security.ssl.SSLSocketImpl.startHandshake(SSLSocketImpl.java:1400)
	at org.apache.zookeeper.client.FourLetterWordMain.send4LetterWord(FourLetterWordMain.java:105)
	at org.apache.zookeeper.client.FourLetterWordMain.send4LetterWord(FourLetterWordMain.java:73)
	at org.apache.zookeeper.test.ClientBase.waitForServerUp(ClientBase.java:261)
	at org.apache.zookeeper.test.ClientBase.startServerInstance(ClientBase.java:401)
	at org.apache.zookeeper.test.ClientBase.startServer(ClientBase.java:516)
	at org.apache.zookeeper.test.ClientBase.setUpWithServerId(ClientBase.java:499)
	at org.apache.zookeeper.test.ClientBase.setUp(ClientBase.java:474)
	at org.apache.zookeeper.test.SaslDigestAuthOverSSLTest.setUp(SaslDigestAuthOverSSLTest.java:62)
	at sun.reflect.NativeMethodAccessorImpl.invoke0(Native Method)
	at sun.reflect.NativeMethodAccessorImpl.invoke(NativeMethodAccessorImpl.java:62)
	at sun.reflect.DelegatingMethodAccessorImpl.invoke(DelegatingMethodAccessorImpl.java:43)
	at java.lang.reflect.Method.invoke(Method.java:498)
	at org.junit.runners.model.FrameworkMethod$1.runReflectiveCall(FrameworkMethod.java:50)
	at org.junit.internal.runners.model.ReflectiveCallable.run(ReflectiveCallable.java:12)
	at org.junit.runners.model.FrameworkMethod.invokeExplosively(FrameworkMethod.java:47)
	at mockit.integration.junit4.JUnit4TestRunnerDecorator.invokeExplosively(JUnit4TestRunnerDecorator.java:49)
	at mockit.integration.junit4.FakeFrameworkMethod.invokeExplosively(FakeFrameworkMethod.java:29)
	at org.junit.runners.model.FrameworkMethod.invokeExplosively(FrameworkMethod.java)
	at org.junit.internal.runners.statements.RunBefores.evaluate(RunBefores.java:24)
	at org.junit.internal.runners.statements.RunAfters.evaluate(RunAfters.java:27)
	at org.junit.rules.TestWatcher$1.evaluate(TestWatcher.java:55)
	at org.junit.rules.RunRules.evaluate(RunRules.java:20)
	at org.junit.runners.ParentRunner.runLeaf(ParentRunner.java:325)
	at org.junit.runners.BlockJUnit4ClassRunner.runChild(BlockJUnit4ClassRunner.java:78)
	at org.junit.runners.BlockJUnit4ClassRunner.runChild(BlockJUnit4ClassRunner.java:57)
	at org.junit.runners.ParentRunner$3.run(ParentRunner.java:290)
	at org.junit.runners.ParentRunner$1.schedule(ParentRunner.java:71)
	at org.junit.runners.ParentRunner.runChildren(ParentRunner.java:288)
	at org.junit.runners.ParentRunner.access$000(ParentRunner.java:58)
	at org.junit.runners.ParentRunner$2.evaluate(ParentRunner.java:268)
	at org.junit.internal.runners.statements.RunBefores.evaluate(RunBefores.java:26)
	at org.junit.runners.ParentRunner.run(ParentRunner.java:363)
	at org.apache.maven.surefire.junit4.JUnit4Provider.execute(JUnit4Provider.java:365)
	at org.apache.maven.surefire.junit4.JUnit4Provider.executeWithRerun(JUnit4Provider.java:273)
	at org.apache.maven.surefire.junit4.JUnit4Provider.executeTestSet(JUnit4Provider.java:238)
	at org.apache.maven.surefire.junit4.JUnit4Provider.invoke(JUnit4Provider.java:159)
	at org.apache.maven.surefire.booter.ForkedBooter.invokeProviderInSameClassLoader(ForkedBooter.java:384)
	at org.apache.maven.surefire.booter.ForkedBooter.runSuitesInProcess(ForkedBooter.java:345)
	at org.apache.maven.surefire.booter.ForkedBooter.execute(ForkedBooter.java:126)
	at org.apache.maven.surefire.booter.ForkedBooter.main(ForkedBooter.java:418)
Caused by: java.security.cert.CertificateException: Failed to verify both host address and host name
	at org.apache.zookeeper.common.ZKTrustManager.performHostVerification(ZKTrustManager.java:163)
	at org.apache.zookeeper.common.ZKTrustManager.checkServerTrusted(ZKTrustManager.java:90)
	at sun.security.ssl.ClientHandshaker.serverCertificate(ClientHandshaker.java:1670)
	... 47 more
Caused by: javax.net.ssl.SSLPeerUnverifiedException: Certificate for <activate.navicat.com> doesn't match common name of the certificate subject: localhost
	at org.apache.zookeeper.common.ZKHostnameVerifier.matchCN(ZKHostnameVerifier.java:238)
	at org.apache.zookeeper.common.ZKHostnameVerifier.verify(ZKHostnameVerifier.java:184)
	at org.apache.zookeeper.common.ZKTrustManager.performHostVerification(ZKTrustManager.java:159)
	... 49 more
2020-06-22 14:23:01,488 [myid:] - ERROR [nioEventLoopGroup-4-11:NettyServerCnxnFactory$CertificateVerifier@434] - Unsuccessful handshake with session 0x0
2020-06-22 14:23:01,488 [myid:] - WARN  [nioEventLoopGroup-4-11:NettyServerCnxnFactory$CnxnChannelHandler@273] - Exception caught
io.netty.handler.codec.DecoderException: javax.net.ssl.SSLException: Received fatal alert: certificate_unknown
	at io.netty.handler.codec.ByteToMessageDecoder.callDecode(ByteToMessageDecoder.java:468)
	at io.netty.handler.codec.ByteToMessageDecoder.channelRead(ByteToMessageDecoder.java:276)
	at io.netty.channel.AbstractChannelHandlerContext.invokeChannelRead(AbstractChannelHandlerContext.java:379)
	at io.netty.channel.AbstractChannelHandlerContext.invokeChannelRead(AbstractChannelHandlerContext.java:365)
	at io.netty.channel.AbstractChannelHandlerContext.fireChannelRead(AbstractChannelHandlerContext.java:357)
	at io.netty.channel.DefaultChannelPipeline$HeadContext.channelRead(DefaultChannelPipeline.java:1410)
	at io.netty.channel.AbstractChannelHandlerContext.invokeChannelRead(AbstractChannelHandlerContext.java:379)
	at io.netty.channel.AbstractChannelHandlerContext.invokeChannelRead(AbstractChannelHandlerContext.java:365)
	at io.netty.channel.DefaultChannelPipeline.fireChannelRead(DefaultChannelPipeline.java:919)
	at io.netty.channel.nio.AbstractNioByteChannel$NioByteUnsafe.read(AbstractNioByteChannel.java:163)
	at io.netty.channel.nio.NioEventLoop.processSelectedKey(NioEventLoop.java:714)
	at io.netty.channel.nio.NioEventLoop.processSelectedKeysOptimized(NioEventLoop.java:650)
	at io.netty.channel.nio.NioEventLoop.processSelectedKeys(NioEventLoop.java:576)
	at io.netty.channel.nio.NioEventLoop.run(NioEventLoop.java:493)
	at io.netty.util.concurrent.SingleThreadEventExecutor$4.run(SingleThreadEventExecutor.java:989)
	at io.netty.util.internal.ThreadExecutorMap$2.run(ThreadExecutorMap.java:74)
	at io.netty.util.concurrent.FastThreadLocalRunnable.run(FastThreadLocalRunnable.java:30)
	at java.lang.Thread.run(Thread.java:748)
Caused by: javax.net.ssl.SSLException: Received fatal alert: certificate_unknown
	at sun.security.ssl.Alerts.getSSLException(Alerts.java:214)
	at sun.security.ssl.SSLEngineImpl.fatal(SSLEngineImpl.java:1667)
	at sun.security.ssl.SSLEngineImpl.fatal(SSLEngineImpl.java:1635)
	at sun.security.ssl.SSLEngineImpl.recvAlert(SSLEngineImpl.java:1801)
	at sun.security.ssl.SSLEngineImpl.readRecord(SSLEngineImpl.java:1090)
	at sun.security.ssl.SSLEngineImpl.readNetRecord(SSLEngineImpl.java:913)
	at sun.security.ssl.SSLEngineImpl.unwrap(SSLEngineImpl.java:783)
	at javax.net.ssl.SSLEngine.unwrap(SSLEngine.java:626)
	at io.netty.handler.ssl.SslHandler$SslEngineType$3.unwrap(SslHandler.java:281)
	at io.netty.handler.ssl.SslHandler.unwrap(SslHandler.java:1340)
	at io.netty.handler.ssl.SslHandler.decodeJdkCompatible(SslHandler.java:1235)
	at io.netty.handler.ssl.SslHandler.decode(SslHandler.java:1282)
	at io.netty.handler.codec.ByteToMessageDecoder.decodeRemovalReentryProtection(ByteToMessageDecoder.java:498)
	at io.netty.handler.codec.ByteToMessageDecoder.callDecode(ByteToMessageDecoder.java:437)
	... 17 more
2020-06-22 14:23:01,489 [myid:] - WARN  [nioEventLoopGroup-4-11:NettyServerCnxnFactory$CnxnChannelHandler@273] - Exception caught
io.netty.handler.codec.DecoderException: javax.net.ssl.SSLException: Received fatal alert: certificate_unknown
	at io.netty.handler.codec.ByteToMessageDecoder.callDecode(ByteToMessageDecoder.java:468)
	at io.netty.handler.codec.ByteToMessageDecoder.channelInputClosed(ByteToMessageDecoder.java:401)
	at io.netty.handler.codec.ByteToMessageDecoder.channelInputClosed(ByteToMessageDecoder.java:368)
	at io.netty.handler.codec.ByteToMessageDecoder.channelInactive(ByteToMessageDecoder.java:351)
	at io.netty.handler.ssl.SslHandler.channelInactive(SslHandler.java:1084)
	at io.netty.channel.AbstractChannelHandlerContext.invokeChannelInactive(AbstractChannelHandlerContext.java:262)
	at io.netty.channel.AbstractChannelHandlerContext.invokeChannelInactive(AbstractChannelHandlerContext.java:248)
	at io.netty.channel.AbstractChannelHandlerContext.fireChannelInactive(AbstractChannelHandlerContext.java:241)
	at io.netty.channel.DefaultChannelPipeline$HeadContext.channelInactive(DefaultChannelPipeline.java:1405)
	at io.netty.channel.AbstractChannelHandlerContext.invokeChannelInactive(AbstractChannelHandlerContext.java:262)
	at io.netty.channel.AbstractChannelHandlerContext.invokeChannelInactive(AbstractChannelHandlerContext.java:248)
	at io.netty.channel.DefaultChannelPipeline.fireChannelInactive(DefaultChannelPipeline.java:901)
	at io.netty.channel.AbstractChannel$AbstractUnsafe$8.run(AbstractChannel.java:818)
	at io.netty.util.concurrent.AbstractEventExecutor.safeExecute(AbstractEventExecutor.java:164)
	at io.netty.util.concurrent.SingleThreadEventExecutor.runAllTasks(SingleThreadEventExecutor.java:472)
	at io.netty.channel.nio.NioEventLoop.run(NioEventLoop.java:497)
	at io.netty.util.concurrent.SingleThreadEventExecutor$4.run(SingleThreadEventExecutor.java:989)
	at io.netty.util.internal.ThreadExecutorMap$2.run(ThreadExecutorMap.java:74)
	at io.netty.util.concurrent.FastThreadLocalRunnable.run(FastThreadLocalRunnable.java:30)
	at java.lang.Thread.run(Thread.java:748)
Caused by: javax.net.ssl.SSLException: Received fatal alert: certificate_unknown
	at sun.security.ssl.Alerts.getSSLException(Alerts.java:214)
	at sun.security.ssl.SSLEngineImpl.fatal(SSLEngineImpl.java:1667)
	at sun.security.ssl.SSLEngineImpl.fatal(SSLEngineImpl.java:1635)
	at sun.security.ssl.SSLEngineImpl.recvAlert(SSLEngineImpl.java:1801)
	at sun.security.ssl.SSLEngineImpl.readRecord(SSLEngineImpl.java:1090)
	at sun.security.ssl.SSLEngineImpl.readNetRecord(SSLEngineImpl.java:913)
	at sun.security.ssl.SSLEngineImpl.unwrap(SSLEngineImpl.java:783)
	at javax.net.ssl.SSLEngine.unwrap(SSLEngine.java:626)
	at io.netty.handler.ssl.SslHandler$SslEngineType$3.unwrap(SslHandler.java:281)
	at io.netty.handler.ssl.SslHandler.unwrap(SslHandler.java:1340)
	at io.netty.handler.ssl.SslHandler.decodeJdkCompatible(SslHandler.java:1235)
	at io.netty.handler.ssl.SslHandler.decode(SslHandler.java:1282)
	at io.netty.handler.codec.ByteToMessageDecoder.decodeRemovalReentryProtection(ByteToMessageDecoder.java:498)
	at io.netty.handler.codec.ByteToMessageDecoder.callDecode(ByteToMessageDecoder.java:437)
	... 19 more
2020-06-22 14:23:01,739 [myid:] - INFO  [main:FourLetterWordMain@93] - connecting to 127.0.0.1 21995
2020-06-22 14:23:01,739 [myid:] - INFO  [main:FourLetterWordMain@99] - using secure socket
2020-06-22 14:23:01,746 [myid:] - ERROR [main:ZKTrustManager@161] - Failed to verify host address: 127.0.0.1
javax.net.ssl.SSLPeerUnverifiedException: Certificate for <127.0.0.1> doesn't match common name of the certificate subject: localhost
	at org.apache.zookeeper.common.ZKHostnameVerifier.matchCN(ZKHostnameVerifier.java:238)
	at org.apache.zookeeper.common.ZKHostnameVerifier.verify(ZKHostnameVerifier.java:184)
	at org.apache.zookeeper.common.ZKTrustManager.performHostVerification(ZKTrustManager.java:151)
	at org.apache.zookeeper.common.ZKTrustManager.checkServerTrusted(ZKTrustManager.java:90)
	at sun.security.ssl.ClientHandshaker.serverCertificate(ClientHandshaker.java:1670)
	at sun.security.ssl.ClientHandshaker.processMessage(ClientHandshaker.java:226)
	at sun.security.ssl.Handshaker.processLoop(Handshaker.java:1082)
	at sun.security.ssl.Handshaker.process_record(Handshaker.java:1010)
	at sun.security.ssl.SSLSocketImpl.readRecord(SSLSocketImpl.java:1079)
	at sun.security.ssl.SSLSocketImpl.performInitialHandshake(SSLSocketImpl.java:1388)
	at sun.security.ssl.SSLSocketImpl.startHandshake(SSLSocketImpl.java:1416)
	at sun.security.ssl.SSLSocketImpl.startHandshake(SSLSocketImpl.java:1400)
	at org.apache.zookeeper.client.FourLetterWordMain.send4LetterWord(FourLetterWordMain.java:105)
	at org.apache.zookeeper.client.FourLetterWordMain.send4LetterWord(FourLetterWordMain.java:73)
	at org.apache.zookeeper.test.ClientBase.waitForServerUp(ClientBase.java:261)
	at org.apache.zookeeper.test.ClientBase.startServerInstance(ClientBase.java:401)
	at org.apache.zookeeper.test.ClientBase.startServer(ClientBase.java:516)
	at org.apache.zookeeper.test.ClientBase.setUpWithServerId(ClientBase.java:499)
	at org.apache.zookeeper.test.ClientBase.setUp(ClientBase.java:474)
	at org.apache.zookeeper.test.SaslDigestAuthOverSSLTest.setUp(SaslDigestAuthOverSSLTest.java:62)
	at sun.reflect.NativeMethodAccessorImpl.invoke0(Native Method)
	at sun.reflect.NativeMethodAccessorImpl.invoke(NativeMethodAccessorImpl.java:62)
	at sun.reflect.DelegatingMethodAccessorImpl.invoke(DelegatingMethodAccessorImpl.java:43)
	at java.lang.reflect.Method.invoke(Method.java:498)
	at org.junit.runners.model.FrameworkMethod$1.runReflectiveCall(FrameworkMethod.java:50)
	at org.junit.internal.runners.model.ReflectiveCallable.run(ReflectiveCallable.java:12)
	at org.junit.runners.model.FrameworkMethod.invokeExplosively(FrameworkMethod.java:47)
	at mockit.integration.junit4.JUnit4TestRunnerDecorator.invokeExplosively(JUnit4TestRunnerDecorator.java:49)
	at mockit.integration.junit4.FakeFrameworkMethod.invokeExplosively(FakeFrameworkMethod.java:29)
	at org.junit.runners.model.FrameworkMethod.invokeExplosively(FrameworkMethod.java)
	at org.junit.internal.runners.statements.RunBefores.evaluate(RunBefores.java:24)
	at org.junit.internal.runners.statements.RunAfters.evaluate(RunAfters.java:27)
	at org.junit.rules.TestWatcher$1.evaluate(TestWatcher.java:55)
	at org.junit.rules.RunRules.evaluate(RunRules.java:20)
	at org.junit.runners.ParentRunner.runLeaf(ParentRunner.java:325)
	at org.junit.runners.BlockJUnit4ClassRunner.runChild(BlockJUnit4ClassRunner.java:78)
	at org.junit.runners.BlockJUnit4ClassRunner.runChild(BlockJUnit4ClassRunner.java:57)
	at org.junit.runners.ParentRunner$3.run(ParentRunner.java:290)
	at org.junit.runners.ParentRunner$1.schedule(ParentRunner.java:71)
	at org.junit.runners.ParentRunner.runChildren(ParentRunner.java:288)
	at org.junit.runners.ParentRunner.access$000(ParentRunner.java:58)
	at org.junit.runners.ParentRunner$2.evaluate(ParentRunner.java:268)
	at org.junit.internal.runners.statements.RunBefores.evaluate(RunBefores.java:26)
	at org.junit.runners.ParentRunner.run(ParentRunner.java:363)
	at org.apache.maven.surefire.junit4.JUnit4Provider.execute(JUnit4Provider.java:365)
	at org.apache.maven.surefire.junit4.JUnit4Provider.executeWithRerun(JUnit4Provider.java:273)
	at org.apache.maven.surefire.junit4.JUnit4Provider.executeTestSet(JUnit4Provider.java:238)
	at org.apache.maven.surefire.junit4.JUnit4Provider.invoke(JUnit4Provider.java:159)
	at org.apache.maven.surefire.booter.ForkedBooter.invokeProviderInSameClassLoader(ForkedBooter.java:384)
	at org.apache.maven.surefire.booter.ForkedBooter.runSuitesInProcess(ForkedBooter.java:345)
	at org.apache.maven.surefire.booter.ForkedBooter.execute(ForkedBooter.java:126)
	at org.apache.maven.surefire.booter.ForkedBooter.main(ForkedBooter.java:418)
2020-06-22 14:23:01,746 [myid:] - ERROR [main:ZKTrustManager@162] - Failed to verify hostname: activate.navicat.com
javax.net.ssl.SSLPeerUnverifiedException: Certificate for <activate.navicat.com> doesn't match common name of the certificate subject: localhost
	at org.apache.zookeeper.common.ZKHostnameVerifier.matchCN(ZKHostnameVerifier.java:238)
	at org.apache.zookeeper.common.ZKHostnameVerifier.verify(ZKHostnameVerifier.java:184)
	at org.apache.zookeeper.common.ZKTrustManager.performHostVerification(ZKTrustManager.java:159)
	at org.apache.zookeeper.common.ZKTrustManager.checkServerTrusted(ZKTrustManager.java:90)
	at sun.security.ssl.ClientHandshaker.serverCertificate(ClientHandshaker.java:1670)
	at sun.security.ssl.ClientHandshaker.processMessage(ClientHandshaker.java:226)
	at sun.security.ssl.Handshaker.processLoop(Handshaker.java:1082)
	at sun.security.ssl.Handshaker.process_record(Handshaker.java:1010)
	at sun.security.ssl.SSLSocketImpl.readRecord(SSLSocketImpl.java:1079)
	at sun.security.ssl.SSLSocketImpl.performInitialHandshake(SSLSocketImpl.java:1388)
	at sun.security.ssl.SSLSocketImpl.startHandshake(SSLSocketImpl.java:1416)
	at sun.security.ssl.SSLSocketImpl.startHandshake(SSLSocketImpl.java:1400)
	at org.apache.zookeeper.client.FourLetterWordMain.send4LetterWord(FourLetterWordMain.java:105)
	at org.apache.zookeeper.client.FourLetterWordMain.send4LetterWord(FourLetterWordMain.java:73)
	at org.apache.zookeeper.test.ClientBase.waitForServerUp(ClientBase.java:261)
	at org.apache.zookeeper.test.ClientBase.startServerInstance(ClientBase.java:401)
	at org.apache.zookeeper.test.ClientBase.startServer(ClientBase.java:516)
	at org.apache.zookeeper.test.ClientBase.setUpWithServerId(ClientBase.java:499)
	at org.apache.zookeeper.test.ClientBase.setUp(ClientBase.java:474)
	at org.apache.zookeeper.test.SaslDigestAuthOverSSLTest.setUp(SaslDigestAuthOverSSLTest.java:62)
	at sun.reflect.NativeMethodAccessorImpl.invoke0(Native Method)
	at sun.reflect.NativeMethodAccessorImpl.invoke(NativeMethodAccessorImpl.java:62)
	at sun.reflect.DelegatingMethodAccessorImpl.invoke(DelegatingMethodAccessorImpl.java:43)
	at java.lang.reflect.Method.invoke(Method.java:498)
	at org.junit.runners.model.FrameworkMethod$1.runReflectiveCall(FrameworkMethod.java:50)
	at org.junit.internal.runners.model.ReflectiveCallable.run(ReflectiveCallable.java:12)
	at org.junit.runners.model.FrameworkMethod.invokeExplosively(FrameworkMethod.java:47)
	at mockit.integration.junit4.JUnit4TestRunnerDecorator.invokeExplosively(JUnit4TestRunnerDecorator.java:49)
	at mockit.integration.junit4.FakeFrameworkMethod.invokeExplosively(FakeFrameworkMethod.java:29)
	at org.junit.runners.model.FrameworkMethod.invokeExplosively(FrameworkMethod.java)
	at org.junit.internal.runners.statements.RunBefores.evaluate(RunBefores.java:24)
	at org.junit.internal.runners.statements.RunAfters.evaluate(RunAfters.java:27)
	at org.junit.rules.TestWatcher$1.evaluate(TestWatcher.java:55)
	at org.junit.rules.RunRules.evaluate(RunRules.java:20)
	at org.junit.runners.ParentRunner.runLeaf(ParentRunner.java:325)
	at org.junit.runners.BlockJUnit4ClassRunner.runChild(BlockJUnit4ClassRunner.java:78)
	at org.junit.runners.BlockJUnit4ClassRunner.runChild(BlockJUnit4ClassRunner.java:57)
	at org.junit.runners.ParentRunner$3.run(ParentRunner.java:290)
	at org.junit.runners.ParentRunner$1.schedule(ParentRunner.java:71)
	at org.junit.runners.ParentRunner.runChildren(ParentRunner.java:288)
	at org.junit.runners.ParentRunner.access$000(ParentRunner.java:58)
	at org.junit.runners.ParentRunner$2.evaluate(ParentRunner.java:268)
	at org.junit.internal.runners.statements.RunBefores.evaluate(RunBefores.java:26)
	at org.junit.runners.ParentRunner.run(ParentRunner.java:363)
	at org.apache.maven.surefire.junit4.JUnit4Provider.execute(JUnit4Provider.java:365)
	at org.apache.maven.surefire.junit4.JUnit4Provider.executeWithRerun(JUnit4Provider.java:273)
	at org.apache.maven.surefire.junit4.JUnit4Provider.executeTestSet(JUnit4Provider.java:238)
	at org.apache.maven.surefire.junit4.JUnit4Provider.invoke(JUnit4Provider.java:159)
	at org.apache.maven.surefire.booter.ForkedBooter.invokeProviderInSameClassLoader(ForkedBooter.java:384)
	at org.apache.maven.surefire.booter.ForkedBooter.runSuitesInProcess(ForkedBooter.java:345)
	at org.apache.maven.surefire.booter.ForkedBooter.execute(ForkedBooter.java:126)
	at org.apache.maven.surefire.booter.ForkedBooter.main(ForkedBooter.java:418)
2020-06-22 14:23:01,746 [myid:] - INFO  [main:ClientBase@270] - server 127.0.0.1:21995 not up
javax.net.ssl.SSLHandshakeException: java.security.cert.CertificateException: Failed to verify both host address and host name
	at sun.security.ssl.Alerts.getSSLException(Alerts.java:198)
	at sun.security.ssl.SSLSocketImpl.fatal(SSLSocketImpl.java:1967)
	at sun.security.ssl.Handshaker.fatalSE(Handshaker.java:331)
	at sun.security.ssl.Handshaker.fatalSE(Handshaker.java:325)
	at sun.security.ssl.ClientHandshaker.serverCertificate(ClientHandshaker.java:1688)
	at sun.security.ssl.ClientHandshaker.processMessage(ClientHandshaker.java:226)
	at sun.security.ssl.Handshaker.processLoop(Handshaker.java:1082)
	at sun.security.ssl.Handshaker.process_record(Handshaker.java:1010)
	at sun.security.ssl.SSLSocketImpl.readRecord(SSLSocketImpl.java:1079)
	at sun.security.ssl.SSLSocketImpl.performInitialHandshake(SSLSocketImpl.java:1388)
	at sun.security.ssl.SSLSocketImpl.startHandshake(SSLSocketImpl.java:1416)
	at sun.security.ssl.SSLSocketImpl.startHandshake(SSLSocketImpl.java:1400)
	at org.apache.zookeeper.client.FourLetterWordMain.send4LetterWord(FourLetterWordMain.java:105)
	at org.apache.zookeeper.client.FourLetterWordMain.send4LetterWord(FourLetterWordMain.java:73)
	at org.apache.zookeeper.test.ClientBase.waitForServerUp(ClientBase.java:261)
	at org.apache.zookeeper.test.ClientBase.startServerInstance(ClientBase.java:401)
	at org.apache.zookeeper.test.ClientBase.startServer(ClientBase.java:516)
	at org.apache.zookeeper.test.ClientBase.setUpWithServerId(ClientBase.java:499)
	at org.apache.zookeeper.test.ClientBase.setUp(ClientBase.java:474)
	at org.apache.zookeeper.test.SaslDigestAuthOverSSLTest.setUp(SaslDigestAuthOverSSLTest.java:62)
	at sun.reflect.NativeMethodAccessorImpl.invoke0(Native Method)
	at sun.reflect.NativeMethodAccessorImpl.invoke(NativeMethodAccessorImpl.java:62)
	at sun.reflect.DelegatingMethodAccessorImpl.invoke(DelegatingMethodAccessorImpl.java:43)
	at java.lang.reflect.Method.invoke(Method.java:498)
	at org.junit.runners.model.FrameworkMethod$1.runReflectiveCall(FrameworkMethod.java:50)
	at org.junit.internal.runners.model.ReflectiveCallable.run(ReflectiveCallable.java:12)
	at org.junit.runners.model.FrameworkMethod.invokeExplosively(FrameworkMethod.java:47)
	at mockit.integration.junit4.JUnit4TestRunnerDecorator.invokeExplosively(JUnit4TestRunnerDecorator.java:49)
	at mockit.integration.junit4.FakeFrameworkMethod.invokeExplosively(FakeFrameworkMethod.java:29)
	at org.junit.runners.model.FrameworkMethod.invokeExplosively(FrameworkMethod.java)
	at org.junit.internal.runners.statements.RunBefores.evaluate(RunBefores.java:24)
	at org.junit.internal.runners.statements.RunAfters.evaluate(RunAfters.java:27)
	at org.junit.rules.TestWatcher$1.evaluate(TestWatcher.java:55)
	at org.junit.rules.RunRules.evaluate(RunRules.java:20)
	at org.junit.runners.ParentRunner.runLeaf(ParentRunner.java:325)
	at org.junit.runners.BlockJUnit4ClassRunner.runChild(BlockJUnit4ClassRunner.java:78)
	at org.junit.runners.BlockJUnit4ClassRunner.runChild(BlockJUnit4ClassRunner.java:57)
	at org.junit.runners.ParentRunner$3.run(ParentRunner.java:290)
	at org.junit.runners.ParentRunner$1.schedule(ParentRunner.java:71)
	at org.junit.runners.ParentRunner.runChildren(ParentRunner.java:288)
	at org.junit.runners.ParentRunner.access$000(ParentRunner.java:58)
	at org.junit.runners.ParentRunner$2.evaluate(ParentRunner.java:268)
	at org.junit.internal.runners.statements.RunBefores.evaluate(RunBefores.java:26)
	at org.junit.runners.ParentRunner.run(ParentRunner.java:363)
	at org.apache.maven.surefire.junit4.JUnit4Provider.execute(JUnit4Provider.java:365)
	at org.apache.maven.surefire.junit4.JUnit4Provider.executeWithRerun(JUnit4Provider.java:273)
	at org.apache.maven.surefire.junit4.JUnit4Provider.executeTestSet(JUnit4Provider.java:238)
	at org.apache.maven.surefire.junit4.JUnit4Provider.invoke(JUnit4Provider.java:159)
	at org.apache.maven.surefire.booter.ForkedBooter.invokeProviderInSameClassLoader(ForkedBooter.java:384)
	at org.apache.maven.surefire.booter.ForkedBooter.runSuitesInProcess(ForkedBooter.java:345)
	at org.apache.maven.surefire.booter.ForkedBooter.execute(ForkedBooter.java:126)
	at org.apache.maven.surefire.booter.ForkedBooter.main(ForkedBooter.java:418)
Caused by: java.security.cert.CertificateException: Failed to verify both host address and host name
	at org.apache.zookeeper.common.ZKTrustManager.performHostVerification(ZKTrustManager.java:163)
	at org.apache.zookeeper.common.ZKTrustManager.checkServerTrusted(ZKTrustManager.java:90)
	at sun.security.ssl.ClientHandshaker.serverCertificate(ClientHandshaker.java:1670)
	... 47 more
Caused by: javax.net.ssl.SSLPeerUnverifiedException: Certificate for <activate.navicat.com> doesn't match common name of the certificate subject: localhost
	at org.apache.zookeeper.common.ZKHostnameVerifier.matchCN(ZKHostnameVerifier.java:238)
	at org.apache.zookeeper.common.ZKHostnameVerifier.verify(ZKHostnameVerifier.java:184)
	at org.apache.zookeeper.common.ZKTrustManager.performHostVerification(ZKTrustManager.java:159)
	... 49 more
2020-06-22 14:23:01,746 [myid:] - ERROR [nioEventLoopGroup-4-12:NettyServerCnxnFactory$CertificateVerifier@434] - Unsuccessful handshake with session 0x0
2020-06-22 14:23:01,747 [myid:] - WARN  [nioEventLoopGroup-4-12:NettyServerCnxnFactory$CnxnChannelHandler@273] - Exception caught
io.netty.handler.codec.DecoderException: javax.net.ssl.SSLException: Received fatal alert: certificate_unknown
	at io.netty.handler.codec.ByteToMessageDecoder.callDecode(ByteToMessageDecoder.java:468)
	at io.netty.handler.codec.ByteToMessageDecoder.channelRead(ByteToMessageDecoder.java:276)
	at io.netty.channel.AbstractChannelHandlerContext.invokeChannelRead(AbstractChannelHandlerContext.java:379)
	at io.netty.channel.AbstractChannelHandlerContext.invokeChannelRead(AbstractChannelHandlerContext.java:365)
	at io.netty.channel.AbstractChannelHandlerContext.fireChannelRead(AbstractChannelHandlerContext.java:357)
	at io.netty.channel.DefaultChannelPipeline$HeadContext.channelRead(DefaultChannelPipeline.java:1410)
	at io.netty.channel.AbstractChannelHandlerContext.invokeChannelRead(AbstractChannelHandlerContext.java:379)
	at io.netty.channel.AbstractChannelHandlerContext.invokeChannelRead(AbstractChannelHandlerContext.java:365)
	at io.netty.channel.DefaultChannelPipeline.fireChannelRead(DefaultChannelPipeline.java:919)
	at io.netty.channel.nio.AbstractNioByteChannel$NioByteUnsafe.read(AbstractNioByteChannel.java:163)
	at io.netty.channel.nio.NioEventLoop.processSelectedKey(NioEventLoop.java:714)
	at io.netty.channel.nio.NioEventLoop.processSelectedKeysOptimized(NioEventLoop.java:650)
	at io.netty.channel.nio.NioEventLoop.processSelectedKeys(NioEventLoop.java:576)
	at io.netty.channel.nio.NioEventLoop.run(NioEventLoop.java:493)
	at io.netty.util.concurrent.SingleThreadEventExecutor$4.run(SingleThreadEventExecutor.java:989)
	at io.netty.util.internal.ThreadExecutorMap$2.run(ThreadExecutorMap.java:74)
	at io.netty.util.concurrent.FastThreadLocalRunnable.run(FastThreadLocalRunnable.java:30)
	at java.lang.Thread.run(Thread.java:748)
Caused by: javax.net.ssl.SSLException: Received fatal alert: certificate_unknown
	at sun.security.ssl.Alerts.getSSLException(Alerts.java:214)
	at sun.security.ssl.SSLEngineImpl.fatal(SSLEngineImpl.java:1667)
	at sun.security.ssl.SSLEngineImpl.fatal(SSLEngineImpl.java:1635)
	at sun.security.ssl.SSLEngineImpl.recvAlert(SSLEngineImpl.java:1801)
	at sun.security.ssl.SSLEngineImpl.readRecord(SSLEngineImpl.java:1090)
	at sun.security.ssl.SSLEngineImpl.readNetRecord(SSLEngineImpl.java:913)
	at sun.security.ssl.SSLEngineImpl.unwrap(SSLEngineImpl.java:783)
	at javax.net.ssl.SSLEngine.unwrap(SSLEngine.java:626)
	at io.netty.handler.ssl.SslHandler$SslEngineType$3.unwrap(SslHandler.java:281)
	at io.netty.handler.ssl.SslHandler.unwrap(SslHandler.java:1340)
	at io.netty.handler.ssl.SslHandler.decodeJdkCompatible(SslHandler.java:1235)
	at io.netty.handler.ssl.SslHandler.decode(SslHandler.java:1282)
	at io.netty.handler.codec.ByteToMessageDecoder.decodeRemovalReentryProtection(ByteToMessageDecoder.java:498)
	at io.netty.handler.codec.ByteToMessageDecoder.callDecode(ByteToMessageDecoder.java:437)
	... 17 more
2020-06-22 14:23:01,747 [myid:] - WARN  [nioEventLoopGroup-4-12:NettyServerCnxnFactory$CnxnChannelHandler@273] - Exception caught
io.netty.handler.codec.DecoderException: javax.net.ssl.SSLException: Received fatal alert: certificate_unknown
	at io.netty.handler.codec.ByteToMessageDecoder.callDecode(ByteToMessageDecoder.java:468)
	at io.netty.handler.codec.ByteToMessageDecoder.channelInputClosed(ByteToMessageDecoder.java:401)
	at io.netty.handler.codec.ByteToMessageDecoder.channelInputClosed(ByteToMessageDecoder.java:368)
	at io.netty.handler.codec.ByteToMessageDecoder.channelInactive(ByteToMessageDecoder.java:351)
	at io.netty.handler.ssl.SslHandler.channelInactive(SslHandler.java:1084)
	at io.netty.channel.AbstractChannelHandlerContext.invokeChannelInactive(AbstractChannelHandlerContext.java:262)
	at io.netty.channel.AbstractChannelHandlerContext.invokeChannelInactive(AbstractChannelHandlerContext.java:248)
	at io.netty.channel.AbstractChannelHandlerContext.fireChannelInactive(AbstractChannelHandlerContext.java:241)
	at io.netty.channel.DefaultChannelPipeline$HeadContext.channelInactive(DefaultChannelPipeline.java:1405)
	at io.netty.channel.AbstractChannelHandlerContext.invokeChannelInactive(AbstractChannelHandlerContext.java:262)
	at io.netty.channel.AbstractChannelHandlerContext.invokeChannelInactive(AbstractChannelHandlerContext.java:248)
	at io.netty.channel.DefaultChannelPipeline.fireChannelInactive(DefaultChannelPipeline.java:901)
	at io.netty.channel.AbstractChannel$AbstractUnsafe$8.run(AbstractChannel.java:818)
	at io.netty.util.concurrent.AbstractEventExecutor.safeExecute(AbstractEventExecutor.java:164)
	at io.netty.util.concurrent.SingleThreadEventExecutor.runAllTasks(SingleThreadEventExecutor.java:472)
	at io.netty.channel.nio.NioEventLoop.run(NioEventLoop.java:497)
	at io.netty.util.concurrent.SingleThreadEventExecutor$4.run(SingleThreadEventExecutor.java:989)
	at io.netty.util.internal.ThreadExecutorMap$2.run(ThreadExecutorMap.java:74)
	at io.netty.util.concurrent.FastThreadLocalRunnable.run(FastThreadLocalRunnable.java:30)
	at java.lang.Thread.run(Thread.java:748)
Caused by: javax.net.ssl.SSLException: Received fatal alert: certificate_unknown
	at sun.security.ssl.Alerts.getSSLException(Alerts.java:214)
	at sun.security.ssl.SSLEngineImpl.fatal(SSLEngineImpl.java:1667)
	at sun.security.ssl.SSLEngineImpl.fatal(SSLEngineImpl.java:1635)
	at sun.security.ssl.SSLEngineImpl.recvAlert(SSLEngineImpl.java:1801)
	at sun.security.ssl.SSLEngineImpl.readRecord(SSLEngineImpl.java:1090)
	at sun.security.ssl.SSLEngineImpl.readNetRecord(SSLEngineImpl.java:913)
	at sun.security.ssl.SSLEngineImpl.unwrap(SSLEngineImpl.java:783)
	at javax.net.ssl.SSLEngine.unwrap(SSLEngine.java:626)
	at io.netty.handler.ssl.SslHandler$SslEngineType$3.unwrap(SslHandler.java:281)
	at io.netty.handler.ssl.SslHandler.unwrap(SslHandler.java:1340)
	at io.netty.handler.ssl.SslHandler.decodeJdkCompatible(SslHandler.java:1235)
	at io.netty.handler.ssl.SslHandler.decode(SslHandler.java:1282)
	at io.netty.handler.codec.ByteToMessageDecoder.decodeRemovalReentryProtection(ByteToMessageDecoder.java:498)
	at io.netty.handler.codec.ByteToMessageDecoder.callDecode(ByteToMessageDecoder.java:437)
	... 19 more
2020-06-22 14:23:01,996 [myid:] - INFO  [main:FourLetterWordMain@93] - connecting to 127.0.0.1 21995
2020-06-22 14:23:01,996 [myid:] - INFO  [main:FourLetterWordMain@99] - using secure socket
2020-06-22 14:23:02,002 [myid:] - ERROR [main:ZKTrustManager@161] - Failed to verify host address: 127.0.0.1
javax.net.ssl.SSLPeerUnverifiedException: Certificate for <127.0.0.1> doesn't match common name of the certificate subject: localhost
	at org.apache.zookeeper.common.ZKHostnameVerifier.matchCN(ZKHostnameVerifier.java:238)
	at org.apache.zookeeper.common.ZKHostnameVerifier.verify(ZKHostnameVerifier.java:184)
	at org.apache.zookeeper.common.ZKTrustManager.performHostVerification(ZKTrustManager.java:151)
	at org.apache.zookeeper.common.ZKTrustManager.checkServerTrusted(ZKTrustManager.java:90)
	at sun.security.ssl.ClientHandshaker.serverCertificate(ClientHandshaker.java:1670)
	at sun.security.ssl.ClientHandshaker.processMessage(ClientHandshaker.java:226)
	at sun.security.ssl.Handshaker.processLoop(Handshaker.java:1082)
	at sun.security.ssl.Handshaker.process_record(Handshaker.java:1010)
	at sun.security.ssl.SSLSocketImpl.readRecord(SSLSocketImpl.java:1079)
	at sun.security.ssl.SSLSocketImpl.performInitialHandshake(SSLSocketImpl.java:1388)
	at sun.security.ssl.SSLSocketImpl.startHandshake(SSLSocketImpl.java:1416)
	at sun.security.ssl.SSLSocketImpl.startHandshake(SSLSocketImpl.java:1400)
	at org.apache.zookeeper.client.FourLetterWordMain.send4LetterWord(FourLetterWordMain.java:105)
	at org.apache.zookeeper.client.FourLetterWordMain.send4LetterWord(FourLetterWordMain.java:73)
	at org.apache.zookeeper.test.ClientBase.waitForServerUp(ClientBase.java:261)
	at org.apache.zookeeper.test.ClientBase.startServerInstance(ClientBase.java:401)
	at org.apache.zookeeper.test.ClientBase.startServer(ClientBase.java:516)
	at org.apache.zookeeper.test.ClientBase.setUpWithServerId(ClientBase.java:499)
	at org.apache.zookeeper.test.ClientBase.setUp(ClientBase.java:474)
	at org.apache.zookeeper.test.SaslDigestAuthOverSSLTest.setUp(SaslDigestAuthOverSSLTest.java:62)
	at sun.reflect.NativeMethodAccessorImpl.invoke0(Native Method)
	at sun.reflect.NativeMethodAccessorImpl.invoke(NativeMethodAccessorImpl.java:62)
	at sun.reflect.DelegatingMethodAccessorImpl.invoke(DelegatingMethodAccessorImpl.java:43)
	at java.lang.reflect.Method.invoke(Method.java:498)
	at org.junit.runners.model.FrameworkMethod$1.runReflectiveCall(FrameworkMethod.java:50)
	at org.junit.internal.runners.model.ReflectiveCallable.run(ReflectiveCallable.java:12)
	at org.junit.runners.model.FrameworkMethod.invokeExplosively(FrameworkMethod.java:47)
	at mockit.integration.junit4.JUnit4TestRunnerDecorator.invokeExplosively(JUnit4TestRunnerDecorator.java:49)
	at mockit.integration.junit4.FakeFrameworkMethod.invokeExplosively(FakeFrameworkMethod.java:29)
	at org.junit.runners.model.FrameworkMethod.invokeExplosively(FrameworkMethod.java)
	at org.junit.internal.runners.statements.RunBefores.evaluate(RunBefores.java:24)
	at org.junit.internal.runners.statements.RunAfters.evaluate(RunAfters.java:27)
	at org.junit.rules.TestWatcher$1.evaluate(TestWatcher.java:55)
	at org.junit.rules.RunRules.evaluate(RunRules.java:20)
	at org.junit.runners.ParentRunner.runLeaf(ParentRunner.java:325)
	at org.junit.runners.BlockJUnit4ClassRunner.runChild(BlockJUnit4ClassRunner.java:78)
	at org.junit.runners.BlockJUnit4ClassRunner.runChild(BlockJUnit4ClassRunner.java:57)
	at org.junit.runners.ParentRunner$3.run(ParentRunner.java:290)
	at org.junit.runners.ParentRunner$1.schedule(ParentRunner.java:71)
	at org.junit.runners.ParentRunner.runChildren(ParentRunner.java:288)
	at org.junit.runners.ParentRunner.access$000(ParentRunner.java:58)
	at org.junit.runners.ParentRunner$2.evaluate(ParentRunner.java:268)
	at org.junit.internal.runners.statements.RunBefores.evaluate(RunBefores.java:26)
	at org.junit.runners.ParentRunner.run(ParentRunner.java:363)
	at org.apache.maven.surefire.junit4.JUnit4Provider.execute(JUnit4Provider.java:365)
	at org.apache.maven.surefire.junit4.JUnit4Provider.executeWithRerun(JUnit4Provider.java:273)
	at org.apache.maven.surefire.junit4.JUnit4Provider.executeTestSet(JUnit4Provider.java:238)
	at org.apache.maven.surefire.junit4.JUnit4Provider.invoke(JUnit4Provider.java:159)
	at org.apache.maven.surefire.booter.ForkedBooter.invokeProviderInSameClassLoader(ForkedBooter.java:384)
	at org.apache.maven.surefire.booter.ForkedBooter.runSuitesInProcess(ForkedBooter.java:345)
	at org.apache.maven.surefire.booter.ForkedBooter.execute(ForkedBooter.java:126)
	at org.apache.maven.surefire.booter.ForkedBooter.main(ForkedBooter.java:418)
2020-06-22 14:23:02,003 [myid:] - ERROR [main:ZKTrustManager@162] - Failed to verify hostname: activate.navicat.com
javax.net.ssl.SSLPeerUnverifiedException: Certificate for <activate.navicat.com> doesn't match common name of the certificate subject: localhost
	at org.apache.zookeeper.common.ZKHostnameVerifier.matchCN(ZKHostnameVerifier.java:238)
	at org.apache.zookeeper.common.ZKHostnameVerifier.verify(ZKHostnameVerifier.java:184)
	at org.apache.zookeeper.common.ZKTrustManager.performHostVerification(ZKTrustManager.java:159)
	at org.apache.zookeeper.common.ZKTrustManager.checkServerTrusted(ZKTrustManager.java:90)
	at sun.security.ssl.ClientHandshaker.serverCertificate(ClientHandshaker.java:1670)
	at sun.security.ssl.ClientHandshaker.processMessage(ClientHandshaker.java:226)
	at sun.security.ssl.Handshaker.processLoop(Handshaker.java:1082)
	at sun.security.ssl.Handshaker.process_record(Handshaker.java:1010)
	at sun.security.ssl.SSLSocketImpl.readRecord(SSLSocketImpl.java:1079)
	at sun.security.ssl.SSLSocketImpl.performInitialHandshake(SSLSocketImpl.java:1388)
	at sun.security.ssl.SSLSocketImpl.startHandshake(SSLSocketImpl.java:1416)
	at sun.security.ssl.SSLSocketImpl.startHandshake(SSLSocketImpl.java:1400)
	at org.apache.zookeeper.client.FourLetterWordMain.send4LetterWord(FourLetterWordMain.java:105)
	at org.apache.zookeeper.client.FourLetterWordMain.send4LetterWord(FourLetterWordMain.java:73)
	at org.apache.zookeeper.test.ClientBase.waitForServerUp(ClientBase.java:261)
	at org.apache.zookeeper.test.ClientBase.startServerInstance(ClientBase.java:401)
	at org.apache.zookeeper.test.ClientBase.startServer(ClientBase.java:516)
	at org.apache.zookeeper.test.ClientBase.setUpWithServerId(ClientBase.java:499)
	at org.apache.zookeeper.test.ClientBase.setUp(ClientBase.java:474)
	at org.apache.zookeeper.test.SaslDigestAuthOverSSLTest.setUp(SaslDigestAuthOverSSLTest.java:62)
	at sun.reflect.NativeMethodAccessorImpl.invoke0(Native Method)
	at sun.reflect.NativeMethodAccessorImpl.invoke(NativeMethodAccessorImpl.java:62)
	at sun.reflect.DelegatingMethodAccessorImpl.invoke(DelegatingMethodAccessorImpl.java:43)
	at java.lang.reflect.Method.invoke(Method.java:498)
	at org.junit.runners.model.FrameworkMethod$1.runReflectiveCall(FrameworkMethod.java:50)
	at org.junit.internal.runners.model.ReflectiveCallable.run(ReflectiveCallable.java:12)
	at org.junit.runners.model.FrameworkMethod.invokeExplosively(FrameworkMethod.java:47)
	at mockit.integration.junit4.JUnit4TestRunnerDecorator.invokeExplosively(JUnit4TestRunnerDecorator.java:49)
	at mockit.integration.junit4.FakeFrameworkMethod.invokeExplosively(FakeFrameworkMethod.java:29)
	at org.junit.runners.model.FrameworkMethod.invokeExplosively(FrameworkMethod.java)
	at org.junit.internal.runners.statements.RunBefores.evaluate(RunBefores.java:24)
	at org.junit.internal.runners.statements.RunAfters.evaluate(RunAfters.java:27)
	at org.junit.rules.TestWatcher$1.evaluate(TestWatcher.java:55)
	at org.junit.rules.RunRules.evaluate(RunRules.java:20)
	at org.junit.runners.ParentRunner.runLeaf(ParentRunner.java:325)
	at org.junit.runners.BlockJUnit4ClassRunner.runChild(BlockJUnit4ClassRunner.java:78)
	at org.junit.runners.BlockJUnit4ClassRunner.runChild(BlockJUnit4ClassRunner.java:57)
	at org.junit.runners.ParentRunner$3.run(ParentRunner.java:290)
	at org.junit.runners.ParentRunner$1.schedule(ParentRunner.java:71)
	at org.junit.runners.ParentRunner.runChildren(ParentRunner.java:288)
	at org.junit.runners.ParentRunner.access$000(ParentRunner.java:58)
	at org.junit.runners.ParentRunner$2.evaluate(ParentRunner.java:268)
	at org.junit.internal.runners.statements.RunBefores.evaluate(RunBefores.java:26)
	at org.junit.runners.ParentRunner.run(ParentRunner.java:363)
	at org.apache.maven.surefire.junit4.JUnit4Provider.execute(JUnit4Provider.java:365)
	at org.apache.maven.surefire.junit4.JUnit4Provider.executeWithRerun(JUnit4Provider.java:273)
	at org.apache.maven.surefire.junit4.JUnit4Provider.executeTestSet(JUnit4Provider.java:238)
	at org.apache.maven.surefire.junit4.JUnit4Provider.invoke(JUnit4Provider.java:159)
	at org.apache.maven.surefire.booter.ForkedBooter.invokeProviderInSameClassLoader(ForkedBooter.java:384)
	at org.apache.maven.surefire.booter.ForkedBooter.runSuitesInProcess(ForkedBooter.java:345)
	at org.apache.maven.surefire.booter.ForkedBooter.execute(ForkedBooter.java:126)
	at org.apache.maven.surefire.booter.ForkedBooter.main(ForkedBooter.java:418)
2020-06-22 14:23:02,003 [myid:] - INFO  [main:ClientBase@270] - server 127.0.0.1:21995 not up
javax.net.ssl.SSLHandshakeException: java.security.cert.CertificateException: Failed to verify both host address and host name
	at sun.security.ssl.Alerts.getSSLException(Alerts.java:198)
	at sun.security.ssl.SSLSocketImpl.fatal(SSLSocketImpl.java:1967)
	at sun.security.ssl.Handshaker.fatalSE(Handshaker.java:331)
	at sun.security.ssl.Handshaker.fatalSE(Handshaker.java:325)
	at sun.security.ssl.ClientHandshaker.serverCertificate(ClientHandshaker.java:1688)
	at sun.security.ssl.ClientHandshaker.processMessage(ClientHandshaker.java:226)
	at sun.security.ssl.Handshaker.processLoop(Handshaker.java:1082)
	at sun.security.ssl.Handshaker.process_record(Handshaker.java:1010)
	at sun.security.ssl.SSLSocketImpl.readRecord(SSLSocketImpl.java:1079)
	at sun.security.ssl.SSLSocketImpl.performInitialHandshake(SSLSocketImpl.java:1388)
	at sun.security.ssl.SSLSocketImpl.startHandshake(SSLSocketImpl.java:1416)
	at sun.security.ssl.SSLSocketImpl.startHandshake(SSLSocketImpl.java:1400)
	at org.apache.zookeeper.client.FourLetterWordMain.send4LetterWord(FourLetterWordMain.java:105)
	at org.apache.zookeeper.client.FourLetterWordMain.send4LetterWord(FourLetterWordMain.java:73)
	at org.apache.zookeeper.test.ClientBase.waitForServerUp(ClientBase.java:261)
	at org.apache.zookeeper.test.ClientBase.startServerInstance(ClientBase.java:401)
	at org.apache.zookeeper.test.ClientBase.startServer(ClientBase.java:516)
	at org.apache.zookeeper.test.ClientBase.setUpWithServerId(ClientBase.java:499)
	at org.apache.zookeeper.test.ClientBase.setUp(ClientBase.java:474)
	at org.apache.zookeeper.test.SaslDigestAuthOverSSLTest.setUp(SaslDigestAuthOverSSLTest.java:62)
	at sun.reflect.NativeMethodAccessorImpl.invoke0(Native Method)
	at sun.reflect.NativeMethodAccessorImpl.invoke(NativeMethodAccessorImpl.java:62)
	at sun.reflect.DelegatingMethodAccessorImpl.invoke(DelegatingMethodAccessorImpl.java:43)
	at java.lang.reflect.Method.invoke(Method.java:498)
	at org.junit.runners.model.FrameworkMethod$1.runReflectiveCall(FrameworkMethod.java:50)
	at org.junit.internal.runners.model.ReflectiveCallable.run(ReflectiveCallable.java:12)
	at org.junit.runners.model.FrameworkMethod.invokeExplosively(FrameworkMethod.java:47)
	at mockit.integration.junit4.JUnit4TestRunnerDecorator.invokeExplosively(JUnit4TestRunnerDecorator.java:49)
	at mockit.integration.junit4.FakeFrameworkMethod.invokeExplosively(FakeFrameworkMethod.java:29)
	at org.junit.runners.model.FrameworkMethod.invokeExplosively(FrameworkMethod.java)
	at org.junit.internal.runners.statements.RunBefores.evaluate(RunBefores.java:24)
	at org.junit.internal.runners.statements.RunAfters.evaluate(RunAfters.java:27)
	at org.junit.rules.TestWatcher$1.evaluate(TestWatcher.java:55)
	at org.junit.rules.RunRules.evaluate(RunRules.java:20)
	at org.junit.runners.ParentRunner.runLeaf(ParentRunner.java:325)
	at org.junit.runners.BlockJUnit4ClassRunner.runChild(BlockJUnit4ClassRunner.java:78)
	at org.junit.runners.BlockJUnit4ClassRunner.runChild(BlockJUnit4ClassRunner.java:57)
	at org.junit.runners.ParentRunner$3.run(ParentRunner.java:290)
	at org.junit.runners.ParentRunner$1.schedule(ParentRunner.java:71)
	at org.junit.runners.ParentRunner.runChildren(ParentRunner.java:288)
	at org.junit.runners.ParentRunner.access$000(ParentRunner.java:58)
	at org.junit.runners.ParentRunner$2.evaluate(ParentRunner.java:268)
	at org.junit.internal.runners.statements.RunBefores.evaluate(RunBefores.java:26)
	at org.junit.runners.ParentRunner.run(ParentRunner.java:363)
	at org.apache.maven.surefire.junit4.JUnit4Provider.execute(JUnit4Provider.java:365)
	at org.apache.maven.surefire.junit4.JUnit4Provider.executeWithRerun(JUnit4Provider.java:273)
	at org.apache.maven.surefire.junit4.JUnit4Provider.executeTestSet(JUnit4Provider.java:238)
	at org.apache.maven.surefire.junit4.JUnit4Provider.invoke(JUnit4Provider.java:159)
	at org.apache.maven.surefire.booter.ForkedBooter.invokeProviderInSameClassLoader(ForkedBooter.java:384)
	at org.apache.maven.surefire.booter.ForkedBooter.runSuitesInProcess(ForkedBooter.java:345)
	at org.apache.maven.surefire.booter.ForkedBooter.execute(ForkedBooter.java:126)
	at org.apache.maven.surefire.booter.ForkedBooter.main(ForkedBooter.java:418)
Caused by: java.security.cert.CertificateException: Failed to verify both host address and host name
	at org.apache.zookeeper.common.ZKTrustManager.performHostVerification(ZKTrustManager.java:163)
	at org.apache.zookeeper.common.ZKTrustManager.checkServerTrusted(ZKTrustManager.java:90)
	at sun.security.ssl.ClientHandshaker.serverCertificate(ClientHandshaker.java:1670)
	... 47 more
Caused by: javax.net.ssl.SSLPeerUnverifiedException: Certificate for <activate.navicat.com> doesn't match common name of the certificate subject: localhost
	at org.apache.zookeeper.common.ZKHostnameVerifier.matchCN(ZKHostnameVerifier.java:238)
	at org.apache.zookeeper.common.ZKHostnameVerifier.verify(ZKHostnameVerifier.java:184)
	at org.apache.zookeeper.common.ZKTrustManager.performHostVerification(ZKTrustManager.java:159)
	... 49 more
2020-06-22 14:23:02,003 [myid:] - ERROR [nioEventLoopGroup-4-13:NettyServerCnxnFactory$CertificateVerifier@434] - Unsuccessful handshake with session 0x0
2020-06-22 14:23:02,004 [myid:] - WARN  [nioEventLoopGroup-4-13:NettyServerCnxnFactory$CnxnChannelHandler@273] - Exception caught
io.netty.handler.codec.DecoderException: javax.net.ssl.SSLException: Received fatal alert: certificate_unknown
	at io.netty.handler.codec.ByteToMessageDecoder.callDecode(ByteToMessageDecoder.java:468)
	at io.netty.handler.codec.ByteToMessageDecoder.channelRead(ByteToMessageDecoder.java:276)
	at io.netty.channel.AbstractChannelHandlerContext.invokeChannelRead(AbstractChannelHandlerContext.java:379)
	at io.netty.channel.AbstractChannelHandlerContext.invokeChannelRead(AbstractChannelHandlerContext.java:365)
	at io.netty.channel.AbstractChannelHandlerContext.fireChannelRead(AbstractChannelHandlerContext.java:357)
	at io.netty.channel.DefaultChannelPipeline$HeadContext.channelRead(DefaultChannelPipeline.java:1410)
	at io.netty.channel.AbstractChannelHandlerContext.invokeChannelRead(AbstractChannelHandlerContext.java:379)
	at io.netty.channel.AbstractChannelHandlerContext.invokeChannelRead(AbstractChannelHandlerContext.java:365)
	at io.netty.channel.DefaultChannelPipeline.fireChannelRead(DefaultChannelPipeline.java:919)
	at io.netty.channel.nio.AbstractNioByteChannel$NioByteUnsafe.read(AbstractNioByteChannel.java:163)
	at io.netty.channel.nio.NioEventLoop.processSelectedKey(NioEventLoop.java:714)
	at io.netty.channel.nio.NioEventLoop.processSelectedKeysOptimized(NioEventLoop.java:650)
	at io.netty.channel.nio.NioEventLoop.processSelectedKeys(NioEventLoop.java:576)
	at io.netty.channel.nio.NioEventLoop.run(NioEventLoop.java:493)
	at io.netty.util.concurrent.SingleThreadEventExecutor$4.run(SingleThreadEventExecutor.java:989)
	at io.netty.util.internal.ThreadExecutorMap$2.run(ThreadExecutorMap.java:74)
	at io.netty.util.concurrent.FastThreadLocalRunnable.run(FastThreadLocalRunnable.java:30)
	at java.lang.Thread.run(Thread.java:748)
Caused by: javax.net.ssl.SSLException: Received fatal alert: certificate_unknown
	at sun.security.ssl.Alerts.getSSLException(Alerts.java:214)
	at sun.security.ssl.SSLEngineImpl.fatal(SSLEngineImpl.java:1667)
	at sun.security.ssl.SSLEngineImpl.fatal(SSLEngineImpl.java:1635)
	at sun.security.ssl.SSLEngineImpl.recvAlert(SSLEngineImpl.java:1801)
	at sun.security.ssl.SSLEngineImpl.readRecord(SSLEngineImpl.java:1090)
	at sun.security.ssl.SSLEngineImpl.readNetRecord(SSLEngineImpl.java:913)
	at sun.security.ssl.SSLEngineImpl.unwrap(SSLEngineImpl.java:783)
	at javax.net.ssl.SSLEngine.unwrap(SSLEngine.java:626)
	at io.netty.handler.ssl.SslHandler$SslEngineType$3.unwrap(SslHandler.java:281)
	at io.netty.handler.ssl.SslHandler.unwrap(SslHandler.java:1340)
	at io.netty.handler.ssl.SslHandler.decodeJdkCompatible(SslHandler.java:1235)
	at io.netty.handler.ssl.SslHandler.decode(SslHandler.java:1282)
	at io.netty.handler.codec.ByteToMessageDecoder.decodeRemovalReentryProtection(ByteToMessageDecoder.java:498)
	at io.netty.handler.codec.ByteToMessageDecoder.callDecode(ByteToMessageDecoder.java:437)
	... 17 more
2020-06-22 14:23:02,004 [myid:] - WARN  [nioEventLoopGroup-4-13:NettyServerCnxnFactory$CnxnChannelHandler@273] - Exception caught
io.netty.handler.codec.DecoderException: javax.net.ssl.SSLException: Received fatal alert: certificate_unknown
	at io.netty.handler.codec.ByteToMessageDecoder.callDecode(ByteToMessageDecoder.java:468)
	at io.netty.handler.codec.ByteToMessageDecoder.channelInputClosed(ByteToMessageDecoder.java:401)
	at io.netty.handler.codec.ByteToMessageDecoder.channelInputClosed(ByteToMessageDecoder.java:368)
	at io.netty.handler.codec.ByteToMessageDecoder.channelInactive(ByteToMessageDecoder.java:351)
	at io.netty.handler.ssl.SslHandler.channelInactive(SslHandler.java:1084)
	at io.netty.channel.AbstractChannelHandlerContext.invokeChannelInactive(AbstractChannelHandlerContext.java:262)
	at io.netty.channel.AbstractChannelHandlerContext.invokeChannelInactive(AbstractChannelHandlerContext.java:248)
	at io.netty.channel.AbstractChannelHandlerContext.fireChannelInactive(AbstractChannelHandlerContext.java:241)
	at io.netty.channel.DefaultChannelPipeline$HeadContext.channelInactive(DefaultChannelPipeline.java:1405)
	at io.netty.channel.AbstractChannelHandlerContext.invokeChannelInactive(AbstractChannelHandlerContext.java:262)
	at io.netty.channel.AbstractChannelHandlerContext.invokeChannelInactive(AbstractChannelHandlerContext.java:248)
	at io.netty.channel.DefaultChannelPipeline.fireChannelInactive(DefaultChannelPipeline.java:901)
	at io.netty.channel.AbstractChannel$AbstractUnsafe$8.run(AbstractChannel.java:818)
	at io.netty.util.concurrent.AbstractEventExecutor.safeExecute(AbstractEventExecutor.java:164)
	at io.netty.util.concurrent.SingleThreadEventExecutor.runAllTasks(SingleThreadEventExecutor.java:472)
	at io.netty.channel.nio.NioEventLoop.run(NioEventLoop.java:497)
	at io.netty.util.concurrent.SingleThreadEventExecutor$4.run(SingleThreadEventExecutor.java:989)
	at io.netty.util.internal.ThreadExecutorMap$2.run(ThreadExecutorMap.java:74)
	at io.netty.util.concurrent.FastThreadLocalRunnable.run(FastThreadLocalRunnable.java:30)
	at java.lang.Thread.run(Thread.java:748)
Caused by: javax.net.ssl.SSLException: Received fatal alert: certificate_unknown
	at sun.security.ssl.Alerts.getSSLException(Alerts.java:214)
	at sun.security.ssl.SSLEngineImpl.fatal(SSLEngineImpl.java:1667)
	at sun.security.ssl.SSLEngineImpl.fatal(SSLEngineImpl.java:1635)
	at sun.security.ssl.SSLEngineImpl.recvAlert(SSLEngineImpl.java:1801)
	at sun.security.ssl.SSLEngineImpl.readRecord(SSLEngineImpl.java:1090)
	at sun.security.ssl.SSLEngineImpl.readNetRecord(SSLEngineImpl.java:913)
	at sun.security.ssl.SSLEngineImpl.unwrap(SSLEngineImpl.java:783)
	at javax.net.ssl.SSLEngine.unwrap(SSLEngine.java:626)
	at io.netty.handler.ssl.SslHandler$SslEngineType$3.unwrap(SslHandler.java:281)
	at io.netty.handler.ssl.SslHandler.unwrap(SslHandler.java:1340)
	at io.netty.handler.ssl.SslHandler.decodeJdkCompatible(SslHandler.java:1235)
	at io.netty.handler.ssl.SslHandler.decode(SslHandler.java:1282)
	at io.netty.handler.codec.ByteToMessageDecoder.decodeRemovalReentryProtection(ByteToMessageDecoder.java:498)
	at io.netty.handler.codec.ByteToMessageDecoder.callDecode(ByteToMessageDecoder.java:437)
	... 19 more
2020-06-22 14:23:02,253 [myid:] - INFO  [main:FourLetterWordMain@93] - connecting to 127.0.0.1 21995
2020-06-22 14:23:02,253 [myid:] - INFO  [main:FourLetterWordMain@99] - using secure socket
2020-06-22 14:23:02,259 [myid:] - ERROR [main:ZKTrustManager@161] - Failed to verify host address: 127.0.0.1
javax.net.ssl.SSLPeerUnverifiedException: Certificate for <127.0.0.1> doesn't match common name of the certificate subject: localhost
	at org.apache.zookeeper.common.ZKHostnameVerifier.matchCN(ZKHostnameVerifier.java:238)
	at org.apache.zookeeper.common.ZKHostnameVerifier.verify(ZKHostnameVerifier.java:184)
	at org.apache.zookeeper.common.ZKTrustManager.performHostVerification(ZKTrustManager.java:151)
	at org.apache.zookeeper.common.ZKTrustManager.checkServerTrusted(ZKTrustManager.java:90)
	at sun.security.ssl.ClientHandshaker.serverCertificate(ClientHandshaker.java:1670)
	at sun.security.ssl.ClientHandshaker.processMessage(ClientHandshaker.java:226)
	at sun.security.ssl.Handshaker.processLoop(Handshaker.java:1082)
	at sun.security.ssl.Handshaker.process_record(Handshaker.java:1010)
	at sun.security.ssl.SSLSocketImpl.readRecord(SSLSocketImpl.java:1079)
	at sun.security.ssl.SSLSocketImpl.performInitialHandshake(SSLSocketImpl.java:1388)
	at sun.security.ssl.SSLSocketImpl.startHandshake(SSLSocketImpl.java:1416)
	at sun.security.ssl.SSLSocketImpl.startHandshake(SSLSocketImpl.java:1400)
	at org.apache.zookeeper.client.FourLetterWordMain.send4LetterWord(FourLetterWordMain.java:105)
	at org.apache.zookeeper.client.FourLetterWordMain.send4LetterWord(FourLetterWordMain.java:73)
	at org.apache.zookeeper.test.ClientBase.waitForServerUp(ClientBase.java:261)
	at org.apache.zookeeper.test.ClientBase.startServerInstance(ClientBase.java:401)
	at org.apache.zookeeper.test.ClientBase.startServer(ClientBase.java:516)
	at org.apache.zookeeper.test.ClientBase.setUpWithServerId(ClientBase.java:499)
	at org.apache.zookeeper.test.ClientBase.setUp(ClientBase.java:474)
	at org.apache.zookeeper.test.SaslDigestAuthOverSSLTest.setUp(SaslDigestAuthOverSSLTest.java:62)
	at sun.reflect.NativeMethodAccessorImpl.invoke0(Native Method)
	at sun.reflect.NativeMethodAccessorImpl.invoke(NativeMethodAccessorImpl.java:62)
	at sun.reflect.DelegatingMethodAccessorImpl.invoke(DelegatingMethodAccessorImpl.java:43)
	at java.lang.reflect.Method.invoke(Method.java:498)
	at org.junit.runners.model.FrameworkMethod$1.runReflectiveCall(FrameworkMethod.java:50)
	at org.junit.internal.runners.model.ReflectiveCallable.run(ReflectiveCallable.java:12)
	at org.junit.runners.model.FrameworkMethod.invokeExplosively(FrameworkMethod.java:47)
	at mockit.integration.junit4.JUnit4TestRunnerDecorator.invokeExplosively(JUnit4TestRunnerDecorator.java:49)
	at mockit.integration.junit4.FakeFrameworkMethod.invokeExplosively(FakeFrameworkMethod.java:29)
	at org.junit.runners.model.FrameworkMethod.invokeExplosively(FrameworkMethod.java)
	at org.junit.internal.runners.statements.RunBefores.evaluate(RunBefores.java:24)
	at org.junit.internal.runners.statements.RunAfters.evaluate(RunAfters.java:27)
	at org.junit.rules.TestWatcher$1.evaluate(TestWatcher.java:55)
	at org.junit.rules.RunRules.evaluate(RunRules.java:20)
	at org.junit.runners.ParentRunner.runLeaf(ParentRunner.java:325)
	at org.junit.runners.BlockJUnit4ClassRunner.runChild(BlockJUnit4ClassRunner.java:78)
	at org.junit.runners.BlockJUnit4ClassRunner.runChild(BlockJUnit4ClassRunner.java:57)
	at org.junit.runners.ParentRunner$3.run(ParentRunner.java:290)
	at org.junit.runners.ParentRunner$1.schedule(ParentRunner.java:71)
	at org.junit.runners.ParentRunner.runChildren(ParentRunner.java:288)
	at org.junit.runners.ParentRunner.access$000(ParentRunner.java:58)
	at org.junit.runners.ParentRunner$2.evaluate(ParentRunner.java:268)
	at org.junit.internal.runners.statements.RunBefores.evaluate(RunBefores.java:26)
	at org.junit.runners.ParentRunner.run(ParentRunner.java:363)
	at org.apache.maven.surefire.junit4.JUnit4Provider.execute(JUnit4Provider.java:365)
	at org.apache.maven.surefire.junit4.JUnit4Provider.executeWithRerun(JUnit4Provider.java:273)
	at org.apache.maven.surefire.junit4.JUnit4Provider.executeTestSet(JUnit4Provider.java:238)
	at org.apache.maven.surefire.junit4.JUnit4Provider.invoke(JUnit4Provider.java:159)
	at org.apache.maven.surefire.booter.ForkedBooter.invokeProviderInSameClassLoader(ForkedBooter.java:384)
	at org.apache.maven.surefire.booter.ForkedBooter.runSuitesInProcess(ForkedBooter.java:345)
	at org.apache.maven.surefire.booter.ForkedBooter.execute(ForkedBooter.java:126)
	at org.apache.maven.surefire.booter.ForkedBooter.main(ForkedBooter.java:418)
2020-06-22 14:23:02,259 [myid:] - ERROR [main:ZKTrustManager@162] - Failed to verify hostname: activate.navicat.com
javax.net.ssl.SSLPeerUnverifiedException: Certificate for <activate.navicat.com> doesn't match common name of the certificate subject: localhost
	at org.apache.zookeeper.common.ZKHostnameVerifier.matchCN(ZKHostnameVerifier.java:238)
	at org.apache.zookeeper.common.ZKHostnameVerifier.verify(ZKHostnameVerifier.java:184)
	at org.apache.zookeeper.common.ZKTrustManager.performHostVerification(ZKTrustManager.java:159)
	at org.apache.zookeeper.common.ZKTrustManager.checkServerTrusted(ZKTrustManager.java:90)
	at sun.security.ssl.ClientHandshaker.serverCertificate(ClientHandshaker.java:1670)
	at sun.security.ssl.ClientHandshaker.processMessage(ClientHandshaker.java:226)
	at sun.security.ssl.Handshaker.processLoop(Handshaker.java:1082)
	at sun.security.ssl.Handshaker.process_record(Handshaker.java:1010)
	at sun.security.ssl.SSLSocketImpl.readRecord(SSLSocketImpl.java:1079)
	at sun.security.ssl.SSLSocketImpl.performInitialHandshake(SSLSocketImpl.java:1388)
	at sun.security.ssl.SSLSocketImpl.startHandshake(SSLSocketImpl.java:1416)
	at sun.security.ssl.SSLSocketImpl.startHandshake(SSLSocketImpl.java:1400)
	at org.apache.zookeeper.client.FourLetterWordMain.send4LetterWord(FourLetterWordMain.java:105)
	at org.apache.zookeeper.client.FourLetterWordMain.send4LetterWord(FourLetterWordMain.java:73)
	at org.apache.zookeeper.test.ClientBase.waitForServerUp(ClientBase.java:261)
	at org.apache.zookeeper.test.ClientBase.startServerInstance(ClientBase.java:401)
	at org.apache.zookeeper.test.ClientBase.startServer(ClientBase.java:516)
	at org.apache.zookeeper.test.ClientBase.setUpWithServerId(ClientBase.java:499)
	at org.apache.zookeeper.test.ClientBase.setUp(ClientBase.java:474)
	at org.apache.zookeeper.test.SaslDigestAuthOverSSLTest.setUp(SaslDigestAuthOverSSLTest.java:62)
	at sun.reflect.NativeMethodAccessorImpl.invoke0(Native Method)
	at sun.reflect.NativeMethodAccessorImpl.invoke(NativeMethodAccessorImpl.java:62)
	at sun.reflect.DelegatingMethodAccessorImpl.invoke(DelegatingMethodAccessorImpl.java:43)
	at java.lang.reflect.Method.invoke(Method.java:498)
	at org.junit.runners.model.FrameworkMethod$1.runReflectiveCall(FrameworkMethod.java:50)
	at org.junit.internal.runners.model.ReflectiveCallable.run(ReflectiveCallable.java:12)
	at org.junit.runners.model.FrameworkMethod.invokeExplosively(FrameworkMethod.java:47)
	at mockit.integration.junit4.JUnit4TestRunnerDecorator.invokeExplosively(JUnit4TestRunnerDecorator.java:49)
	at mockit.integration.junit4.FakeFrameworkMethod.invokeExplosively(FakeFrameworkMethod.java:29)
	at org.junit.runners.model.FrameworkMethod.invokeExplosively(FrameworkMethod.java)
	at org.junit.internal.runners.statements.RunBefores.evaluate(RunBefores.java:24)
	at org.junit.internal.runners.statements.RunAfters.evaluate(RunAfters.java:27)
	at org.junit.rules.TestWatcher$1.evaluate(TestWatcher.java:55)
	at org.junit.rules.RunRules.evaluate(RunRules.java:20)
	at org.junit.runners.ParentRunner.runLeaf(ParentRunner.java:325)
	at org.junit.runners.BlockJUnit4ClassRunner.runChild(BlockJUnit4ClassRunner.java:78)
	at org.junit.runners.BlockJUnit4ClassRunner.runChild(BlockJUnit4ClassRunner.java:57)
	at org.junit.runners.ParentRunner$3.run(ParentRunner.java:290)
	at org.junit.runners.ParentRunner$1.schedule(ParentRunner.java:71)
	at org.junit.runners.ParentRunner.runChildren(ParentRunner.java:288)
	at org.junit.runners.ParentRunner.access$000(ParentRunner.java:58)
	at org.junit.runners.ParentRunner$2.evaluate(ParentRunner.java:268)
	at org.junit.internal.runners.statements.RunBefores.evaluate(RunBefores.java:26)
	at org.junit.runners.ParentRunner.run(ParentRunner.java:363)
	at org.apache.maven.surefire.junit4.JUnit4Provider.execute(JUnit4Provider.java:365)
	at org.apache.maven.surefire.junit4.JUnit4Provider.executeWithRerun(JUnit4Provider.java:273)
	at org.apache.maven.surefire.junit4.JUnit4Provider.executeTestSet(JUnit4Provider.java:238)
	at org.apache.maven.surefire.junit4.JUnit4Provider.invoke(JUnit4Provider.java:159)
	at org.apache.maven.surefire.booter.ForkedBooter.invokeProviderInSameClassLoader(ForkedBooter.java:384)
	at org.apache.maven.surefire.booter.ForkedBooter.runSuitesInProcess(ForkedBooter.java:345)
	at org.apache.maven.surefire.booter.ForkedBooter.execute(ForkedBooter.java:126)
	at org.apache.maven.surefire.booter.ForkedBooter.main(ForkedBooter.java:418)
2020-06-22 14:23:02,259 [myid:] - INFO  [main:ClientBase@270] - server 127.0.0.1:21995 not up
javax.net.ssl.SSLHandshakeException: java.security.cert.CertificateException: Failed to verify both host address and host name
	at sun.security.ssl.Alerts.getSSLException(Alerts.java:198)
	at sun.security.ssl.SSLSocketImpl.fatal(SSLSocketImpl.java:1967)
	at sun.security.ssl.Handshaker.fatalSE(Handshaker.java:331)
	at sun.security.ssl.Handshaker.fatalSE(Handshaker.java:325)
	at sun.security.ssl.ClientHandshaker.serverCertificate(ClientHandshaker.java:1688)
	at sun.security.ssl.ClientHandshaker.processMessage(ClientHandshaker.java:226)
	at sun.security.ssl.Handshaker.processLoop(Handshaker.java:1082)
	at sun.security.ssl.Handshaker.process_record(Handshaker.java:1010)
	at sun.security.ssl.SSLSocketImpl.readRecord(SSLSocketImpl.java:1079)
	at sun.security.ssl.SSLSocketImpl.performInitialHandshake(SSLSocketImpl.java:1388)
	at sun.security.ssl.SSLSocketImpl.startHandshake(SSLSocketImpl.java:1416)
	at sun.security.ssl.SSLSocketImpl.startHandshake(SSLSocketImpl.java:1400)
	at org.apache.zookeeper.client.FourLetterWordMain.send4LetterWord(FourLetterWordMain.java:105)
	at org.apache.zookeeper.client.FourLetterWordMain.send4LetterWord(FourLetterWordMain.java:73)
	at org.apache.zookeeper.test.ClientBase.waitForServerUp(ClientBase.java:261)
	at org.apache.zookeeper.test.ClientBase.startServerInstance(ClientBase.java:401)
	at org.apache.zookeeper.test.ClientBase.startServer(ClientBase.java:516)
	at org.apache.zookeeper.test.ClientBase.setUpWithServerId(ClientBase.java:499)
	at org.apache.zookeeper.test.ClientBase.setUp(ClientBase.java:474)
	at org.apache.zookeeper.test.SaslDigestAuthOverSSLTest.setUp(SaslDigestAuthOverSSLTest.java:62)
	at sun.reflect.NativeMethodAccessorImpl.invoke0(Native Method)
	at sun.reflect.NativeMethodAccessorImpl.invoke(NativeMethodAccessorImpl.java:62)
	at sun.reflect.DelegatingMethodAccessorImpl.invoke(DelegatingMethodAccessorImpl.java:43)
	at java.lang.reflect.Method.invoke(Method.java:498)
	at org.junit.runners.model.FrameworkMethod$1.runReflectiveCall(FrameworkMethod.java:50)
	at org.junit.internal.runners.model.ReflectiveCallable.run(ReflectiveCallable.java:12)
	at org.junit.runners.model.FrameworkMethod.invokeExplosively(FrameworkMethod.java:47)
	at mockit.integration.junit4.JUnit4TestRunnerDecorator.invokeExplosively(JUnit4TestRunnerDecorator.java:49)
	at mockit.integration.junit4.FakeFrameworkMethod.invokeExplosively(FakeFrameworkMethod.java:29)
	at org.junit.runners.model.FrameworkMethod.invokeExplosively(FrameworkMethod.java)
	at org.junit.internal.runners.statements.RunBefores.evaluate(RunBefores.java:24)
	at org.junit.internal.runners.statements.RunAfters.evaluate(RunAfters.java:27)
	at org.junit.rules.TestWatcher$1.evaluate(TestWatcher.java:55)
	at org.junit.rules.RunRules.evaluate(RunRules.java:20)
	at org.junit.runners.ParentRunner.runLeaf(ParentRunner.java:325)
	at org.junit.runners.BlockJUnit4ClassRunner.runChild(BlockJUnit4ClassRunner.java:78)
	at org.junit.runners.BlockJUnit4ClassRunner.runChild(BlockJUnit4ClassRunner.java:57)
	at org.junit.runners.ParentRunner$3.run(ParentRunner.java:290)
	at org.junit.runners.ParentRunner$1.schedule(ParentRunner.java:71)
	at org.junit.runners.ParentRunner.runChildren(ParentRunner.java:288)
	at org.junit.runners.ParentRunner.access$000(ParentRunner.java:58)
	at org.junit.runners.ParentRunner$2.evaluate(ParentRunner.java:268)
	at org.junit.internal.runners.statements.RunBefores.evaluate(RunBefores.java:26)
	at org.junit.runners.ParentRunner.run(ParentRunner.java:363)
	at org.apache.maven.surefire.junit4.JUnit4Provider.execute(JUnit4Provider.java:365)
	at org.apache.maven.surefire.junit4.JUnit4Provider.executeWithRerun(JUnit4Provider.java:273)
	at org.apache.maven.surefire.junit4.JUnit4Provider.executeTestSet(JUnit4Provider.java:238)
	at org.apache.maven.surefire.junit4.JUnit4Provider.invoke(JUnit4Provider.java:159)
	at org.apache.maven.surefire.booter.ForkedBooter.invokeProviderInSameClassLoader(ForkedBooter.java:384)
	at org.apache.maven.surefire.booter.ForkedBooter.runSuitesInProcess(ForkedBooter.java:345)
	at org.apache.maven.surefire.booter.ForkedBooter.execute(ForkedBooter.java:126)
	at org.apache.maven.surefire.booter.ForkedBooter.main(ForkedBooter.java:418)
Caused by: java.security.cert.CertificateException: Failed to verify both host address and host name
	at org.apache.zookeeper.common.ZKTrustManager.performHostVerification(ZKTrustManager.java:163)
	at org.apache.zookeeper.common.ZKTrustManager.checkServerTrusted(ZKTrustManager.java:90)
	at sun.security.ssl.ClientHandshaker.serverCertificate(ClientHandshaker.java:1670)
	... 47 more
Caused by: javax.net.ssl.SSLPeerUnverifiedException: Certificate for <activate.navicat.com> doesn't match common name of the certificate subject: localhost
	at org.apache.zookeeper.common.ZKHostnameVerifier.matchCN(ZKHostnameVerifier.java:238)
	at org.apache.zookeeper.common.ZKHostnameVerifier.verify(ZKHostnameVerifier.java:184)
	at org.apache.zookeeper.common.ZKTrustManager.performHostVerification(ZKTrustManager.java:159)
	... 49 more
2020-06-22 14:23:02,259 [myid:] - ERROR [nioEventLoopGroup-4-14:NettyServerCnxnFactory$CertificateVerifier@434] - Unsuccessful handshake with session 0x0
2020-06-22 14:23:02,260 [myid:] - WARN  [nioEventLoopGroup-4-14:NettyServerCnxnFactory$CnxnChannelHandler@273] - Exception caught
io.netty.handler.codec.DecoderException: javax.net.ssl.SSLException: Received fatal alert: certificate_unknown
	at io.netty.handler.codec.ByteToMessageDecoder.callDecode(ByteToMessageDecoder.java:468)
	at io.netty.handler.codec.ByteToMessageDecoder.channelRead(ByteToMessageDecoder.java:276)
	at io.netty.channel.AbstractChannelHandlerContext.invokeChannelRead(AbstractChannelHandlerContext.java:379)
	at io.netty.channel.AbstractChannelHandlerContext.invokeChannelRead(AbstractChannelHandlerContext.java:365)
	at io.netty.channel.AbstractChannelHandlerContext.fireChannelRead(AbstractChannelHandlerContext.java:357)
	at io.netty.channel.DefaultChannelPipeline$HeadContext.channelRead(DefaultChannelPipeline.java:1410)
	at io.netty.channel.AbstractChannelHandlerContext.invokeChannelRead(AbstractChannelHandlerContext.java:379)
	at io.netty.channel.AbstractChannelHandlerContext.invokeChannelRead(AbstractChannelHandlerContext.java:365)
	at io.netty.channel.DefaultChannelPipeline.fireChannelRead(DefaultChannelPipeline.java:919)
	at io.netty.channel.nio.AbstractNioByteChannel$NioByteUnsafe.read(AbstractNioByteChannel.java:163)
	at io.netty.channel.nio.NioEventLoop.processSelectedKey(NioEventLoop.java:714)
	at io.netty.channel.nio.NioEventLoop.processSelectedKeysOptimized(NioEventLoop.java:650)
	at io.netty.channel.nio.NioEventLoop.processSelectedKeys(NioEventLoop.java:576)
	at io.netty.channel.nio.NioEventLoop.run(NioEventLoop.java:493)
	at io.netty.util.concurrent.SingleThreadEventExecutor$4.run(SingleThreadEventExecutor.java:989)
	at io.netty.util.internal.ThreadExecutorMap$2.run(ThreadExecutorMap.java:74)
	at io.netty.util.concurrent.FastThreadLocalRunnable.run(FastThreadLocalRunnable.java:30)
	at java.lang.Thread.run(Thread.java:748)
Caused by: javax.net.ssl.SSLException: Received fatal alert: certificate_unknown
	at sun.security.ssl.Alerts.getSSLException(Alerts.java:214)
	at sun.security.ssl.SSLEngineImpl.fatal(SSLEngineImpl.java:1667)
	at sun.security.ssl.SSLEngineImpl.fatal(SSLEngineImpl.java:1635)
	at sun.security.ssl.SSLEngineImpl.recvAlert(SSLEngineImpl.java:1801)
	at sun.security.ssl.SSLEngineImpl.readRecord(SSLEngineImpl.java:1090)
	at sun.security.ssl.SSLEngineImpl.readNetRecord(SSLEngineImpl.java:913)
	at sun.security.ssl.SSLEngineImpl.unwrap(SSLEngineImpl.java:783)
	at javax.net.ssl.SSLEngine.unwrap(SSLEngine.java:626)
	at io.netty.handler.ssl.SslHandler$SslEngineType$3.unwrap(SslHandler.java:281)
	at io.netty.handler.ssl.SslHandler.unwrap(SslHandler.java:1340)
	at io.netty.handler.ssl.SslHandler.decodeJdkCompatible(SslHandler.java:1235)
	at io.netty.handler.ssl.SslHandler.decode(SslHandler.java:1282)
	at io.netty.handler.codec.ByteToMessageDecoder.decodeRemovalReentryProtection(ByteToMessageDecoder.java:498)
	at io.netty.handler.codec.ByteToMessageDecoder.callDecode(ByteToMessageDecoder.java:437)
	... 17 more
2020-06-22 14:23:02,260 [myid:] - WARN  [nioEventLoopGroup-4-14:NettyServerCnxnFactory$CnxnChannelHandler@273] - Exception caught
io.netty.handler.codec.DecoderException: javax.net.ssl.SSLException: Received fatal alert: certificate_unknown
	at io.netty.handler.codec.ByteToMessageDecoder.callDecode(ByteToMessageDecoder.java:468)
	at io.netty.handler.codec.ByteToMessageDecoder.channelInputClosed(ByteToMessageDecoder.java:401)
	at io.netty.handler.codec.ByteToMessageDecoder.channelInputClosed(ByteToMessageDecoder.java:368)
	at io.netty.handler.codec.ByteToMessageDecoder.channelInactive(ByteToMessageDecoder.java:351)
	at io.netty.handler.ssl.SslHandler.channelInactive(SslHandler.java:1084)
	at io.netty.channel.AbstractChannelHandlerContext.invokeChannelInactive(AbstractChannelHandlerContext.java:262)
	at io.netty.channel.AbstractChannelHandlerContext.invokeChannelInactive(AbstractChannelHandlerContext.java:248)
	at io.netty.channel.AbstractChannelHandlerContext.fireChannelInactive(AbstractChannelHandlerContext.java:241)
	at io.netty.channel.DefaultChannelPipeline$HeadContext.channelInactive(DefaultChannelPipeline.java:1405)
	at io.netty.channel.AbstractChannelHandlerContext.invokeChannelInactive(AbstractChannelHandlerContext.java:262)
	at io.netty.channel.AbstractChannelHandlerContext.invokeChannelInactive(AbstractChannelHandlerContext.java:248)
	at io.netty.channel.DefaultChannelPipeline.fireChannelInactive(DefaultChannelPipeline.java:901)
	at io.netty.channel.AbstractChannel$AbstractUnsafe$8.run(AbstractChannel.java:818)
	at io.netty.util.concurrent.AbstractEventExecutor.safeExecute(AbstractEventExecutor.java:164)
	at io.netty.util.concurrent.SingleThreadEventExecutor.runAllTasks(SingleThreadEventExecutor.java:472)
	at io.netty.channel.nio.NioEventLoop.run(NioEventLoop.java:497)
	at io.netty.util.concurrent.SingleThreadEventExecutor$4.run(SingleThreadEventExecutor.java:989)
	at io.netty.util.internal.ThreadExecutorMap$2.run(ThreadExecutorMap.java:74)
	at io.netty.util.concurrent.FastThreadLocalRunnable.run(FastThreadLocalRunnable.java:30)
	at java.lang.Thread.run(Thread.java:748)
Caused by: javax.net.ssl.SSLException: Received fatal alert: certificate_unknown
	at sun.security.ssl.Alerts.getSSLException(Alerts.java:214)
	at sun.security.ssl.SSLEngineImpl.fatal(SSLEngineImpl.java:1667)
	at sun.security.ssl.SSLEngineImpl.fatal(SSLEngineImpl.java:1635)
	at sun.security.ssl.SSLEngineImpl.recvAlert(SSLEngineImpl.java:1801)
	at sun.security.ssl.SSLEngineImpl.readRecord(SSLEngineImpl.java:1090)
	at sun.security.ssl.SSLEngineImpl.readNetRecord(SSLEngineImpl.java:913)
	at sun.security.ssl.SSLEngineImpl.unwrap(SSLEngineImpl.java:783)
	at javax.net.ssl.SSLEngine.unwrap(SSLEngine.java:626)
	at io.netty.handler.ssl.SslHandler$SslEngineType$3.unwrap(SslHandler.java:281)
	at io.netty.handler.ssl.SslHandler.unwrap(SslHandler.java:1340)
	at io.netty.handler.ssl.SslHandler.decodeJdkCompatible(SslHandler.java:1235)
	at io.netty.handler.ssl.SslHandler.decode(SslHandler.java:1282)
	at io.netty.handler.codec.ByteToMessageDecoder.decodeRemovalReentryProtection(ByteToMessageDecoder.java:498)
	at io.netty.handler.codec.ByteToMessageDecoder.callDecode(ByteToMessageDecoder.java:437)
	... 19 more
2020-06-22 14:23:02,511 [myid:] - INFO  [main:FourLetterWordMain@93] - connecting to 127.0.0.1 21995
2020-06-22 14:23:02,511 [myid:] - INFO  [main:FourLetterWordMain@99] - using secure socket
2020-06-22 14:23:02,518 [myid:] - ERROR [main:ZKTrustManager@161] - Failed to verify host address: 127.0.0.1
javax.net.ssl.SSLPeerUnverifiedException: Certificate for <127.0.0.1> doesn't match common name of the certificate subject: localhost
	at org.apache.zookeeper.common.ZKHostnameVerifier.matchCN(ZKHostnameVerifier.java:238)
	at org.apache.zookeeper.common.ZKHostnameVerifier.verify(ZKHostnameVerifier.java:184)
	at org.apache.zookeeper.common.ZKTrustManager.performHostVerification(ZKTrustManager.java:151)
	at org.apache.zookeeper.common.ZKTrustManager.checkServerTrusted(ZKTrustManager.java:90)
	at sun.security.ssl.ClientHandshaker.serverCertificate(ClientHandshaker.java:1670)
	at sun.security.ssl.ClientHandshaker.processMessage(ClientHandshaker.java:226)
	at sun.security.ssl.Handshaker.processLoop(Handshaker.java:1082)
	at sun.security.ssl.Handshaker.process_record(Handshaker.java:1010)
	at sun.security.ssl.SSLSocketImpl.readRecord(SSLSocketImpl.java:1079)
	at sun.security.ssl.SSLSocketImpl.performInitialHandshake(SSLSocketImpl.java:1388)
	at sun.security.ssl.SSLSocketImpl.startHandshake(SSLSocketImpl.java:1416)
	at sun.security.ssl.SSLSocketImpl.startHandshake(SSLSocketImpl.java:1400)
	at org.apache.zookeeper.client.FourLetterWordMain.send4LetterWord(FourLetterWordMain.java:105)
	at org.apache.zookeeper.client.FourLetterWordMain.send4LetterWord(FourLetterWordMain.java:73)
	at org.apache.zookeeper.test.ClientBase.waitForServerUp(ClientBase.java:261)
	at org.apache.zookeeper.test.ClientBase.startServerInstance(ClientBase.java:401)
	at org.apache.zookeeper.test.ClientBase.startServer(ClientBase.java:516)
	at org.apache.zookeeper.test.ClientBase.setUpWithServerId(ClientBase.java:499)
	at org.apache.zookeeper.test.ClientBase.setUp(ClientBase.java:474)
	at org.apache.zookeeper.test.SaslDigestAuthOverSSLTest.setUp(SaslDigestAuthOverSSLTest.java:62)
	at sun.reflect.NativeMethodAccessorImpl.invoke0(Native Method)
	at sun.reflect.NativeMethodAccessorImpl.invoke(NativeMethodAccessorImpl.java:62)
	at sun.reflect.DelegatingMethodAccessorImpl.invoke(DelegatingMethodAccessorImpl.java:43)
	at java.lang.reflect.Method.invoke(Method.java:498)
	at org.junit.runners.model.FrameworkMethod$1.runReflectiveCall(FrameworkMethod.java:50)
	at org.junit.internal.runners.model.ReflectiveCallable.run(ReflectiveCallable.java:12)
	at org.junit.runners.model.FrameworkMethod.invokeExplosively(FrameworkMethod.java:47)
	at mockit.integration.junit4.JUnit4TestRunnerDecorator.invokeExplosively(JUnit4TestRunnerDecorator.java:49)
	at mockit.integration.junit4.FakeFrameworkMethod.invokeExplosively(FakeFrameworkMethod.java:29)
	at org.junit.runners.model.FrameworkMethod.invokeExplosively(FrameworkMethod.java)
	at org.junit.internal.runners.statements.RunBefores.evaluate(RunBefores.java:24)
	at org.junit.internal.runners.statements.RunAfters.evaluate(RunAfters.java:27)
	at org.junit.rules.TestWatcher$1.evaluate(TestWatcher.java:55)
	at org.junit.rules.RunRules.evaluate(RunRules.java:20)
	at org.junit.runners.ParentRunner.runLeaf(ParentRunner.java:325)
	at org.junit.runners.BlockJUnit4ClassRunner.runChild(BlockJUnit4ClassRunner.java:78)
	at org.junit.runners.BlockJUnit4ClassRunner.runChild(BlockJUnit4ClassRunner.java:57)
	at org.junit.runners.ParentRunner$3.run(ParentRunner.java:290)
	at org.junit.runners.ParentRunner$1.schedule(ParentRunner.java:71)
	at org.junit.runners.ParentRunner.runChildren(ParentRunner.java:288)
	at org.junit.runners.ParentRunner.access$000(ParentRunner.java:58)
	at org.junit.runners.ParentRunner$2.evaluate(ParentRunner.java:268)
	at org.junit.internal.runners.statements.RunBefores.evaluate(RunBefores.java:26)
	at org.junit.runners.ParentRunner.run(ParentRunner.java:363)
	at org.apache.maven.surefire.junit4.JUnit4Provider.execute(JUnit4Provider.java:365)
	at org.apache.maven.surefire.junit4.JUnit4Provider.executeWithRerun(JUnit4Provider.java:273)
	at org.apache.maven.surefire.junit4.JUnit4Provider.executeTestSet(JUnit4Provider.java:238)
	at org.apache.maven.surefire.junit4.JUnit4Provider.invoke(JUnit4Provider.java:159)
	at org.apache.maven.surefire.booter.ForkedBooter.invokeProviderInSameClassLoader(ForkedBooter.java:384)
	at org.apache.maven.surefire.booter.ForkedBooter.runSuitesInProcess(ForkedBooter.java:345)
	at org.apache.maven.surefire.booter.ForkedBooter.execute(ForkedBooter.java:126)
	at org.apache.maven.surefire.booter.ForkedBooter.main(ForkedBooter.java:418)
2020-06-22 14:23:02,518 [myid:] - ERROR [main:ZKTrustManager@162] - Failed to verify hostname: activate.navicat.com
javax.net.ssl.SSLPeerUnverifiedException: Certificate for <activate.navicat.com> doesn't match common name of the certificate subject: localhost
	at org.apache.zookeeper.common.ZKHostnameVerifier.matchCN(ZKHostnameVerifier.java:238)
	at org.apache.zookeeper.common.ZKHostnameVerifier.verify(ZKHostnameVerifier.java:184)
	at org.apache.zookeeper.common.ZKTrustManager.performHostVerification(ZKTrustManager.java:159)
	at org.apache.zookeeper.common.ZKTrustManager.checkServerTrusted(ZKTrustManager.java:90)
	at sun.security.ssl.ClientHandshaker.serverCertificate(ClientHandshaker.java:1670)
	at sun.security.ssl.ClientHandshaker.processMessage(ClientHandshaker.java:226)
	at sun.security.ssl.Handshaker.processLoop(Handshaker.java:1082)
	at sun.security.ssl.Handshaker.process_record(Handshaker.java:1010)
	at sun.security.ssl.SSLSocketImpl.readRecord(SSLSocketImpl.java:1079)
	at sun.security.ssl.SSLSocketImpl.performInitialHandshake(SSLSocketImpl.java:1388)
	at sun.security.ssl.SSLSocketImpl.startHandshake(SSLSocketImpl.java:1416)
	at sun.security.ssl.SSLSocketImpl.startHandshake(SSLSocketImpl.java:1400)
	at org.apache.zookeeper.client.FourLetterWordMain.send4LetterWord(FourLetterWordMain.java:105)
	at org.apache.zookeeper.client.FourLetterWordMain.send4LetterWord(FourLetterWordMain.java:73)
	at org.apache.zookeeper.test.ClientBase.waitForServerUp(ClientBase.java:261)
	at org.apache.zookeeper.test.ClientBase.startServerInstance(ClientBase.java:401)
	at org.apache.zookeeper.test.ClientBase.startServer(ClientBase.java:516)
	at org.apache.zookeeper.test.ClientBase.setUpWithServerId(ClientBase.java:499)
	at org.apache.zookeeper.test.ClientBase.setUp(ClientBase.java:474)
	at org.apache.zookeeper.test.SaslDigestAuthOverSSLTest.setUp(SaslDigestAuthOverSSLTest.java:62)
	at sun.reflect.NativeMethodAccessorImpl.invoke0(Native Method)
	at sun.reflect.NativeMethodAccessorImpl.invoke(NativeMethodAccessorImpl.java:62)
	at sun.reflect.DelegatingMethodAccessorImpl.invoke(DelegatingMethodAccessorImpl.java:43)
	at java.lang.reflect.Method.invoke(Method.java:498)
	at org.junit.runners.model.FrameworkMethod$1.runReflectiveCall(FrameworkMethod.java:50)
	at org.junit.internal.runners.model.ReflectiveCallable.run(ReflectiveCallable.java:12)
	at org.junit.runners.model.FrameworkMethod.invokeExplosively(FrameworkMethod.java:47)
	at mockit.integration.junit4.JUnit4TestRunnerDecorator.invokeExplosively(JUnit4TestRunnerDecorator.java:49)
	at mockit.integration.junit4.FakeFrameworkMethod.invokeExplosively(FakeFrameworkMethod.java:29)
	at org.junit.runners.model.FrameworkMethod.invokeExplosively(FrameworkMethod.java)
	at org.junit.internal.runners.statements.RunBefores.evaluate(RunBefores.java:24)
	at org.junit.internal.runners.statements.RunAfters.evaluate(RunAfters.java:27)
	at org.junit.rules.TestWatcher$1.evaluate(TestWatcher.java:55)
	at org.junit.rules.RunRules.evaluate(RunRules.java:20)
	at org.junit.runners.ParentRunner.runLeaf(ParentRunner.java:325)
	at org.junit.runners.BlockJUnit4ClassRunner.runChild(BlockJUnit4ClassRunner.java:78)
	at org.junit.runners.BlockJUnit4ClassRunner.runChild(BlockJUnit4ClassRunner.java:57)
	at org.junit.runners.ParentRunner$3.run(ParentRunner.java:290)
	at org.junit.runners.ParentRunner$1.schedule(ParentRunner.java:71)
	at org.junit.runners.ParentRunner.runChildren(ParentRunner.java:288)
	at org.junit.runners.ParentRunner.access$000(ParentRunner.java:58)
	at org.junit.runners.ParentRunner$2.evaluate(ParentRunner.java:268)
	at org.junit.internal.runners.statements.RunBefores.evaluate(RunBefores.java:26)
	at org.junit.runners.ParentRunner.run(ParentRunner.java:363)
	at org.apache.maven.surefire.junit4.JUnit4Provider.execute(JUnit4Provider.java:365)
	at org.apache.maven.surefire.junit4.JUnit4Provider.executeWithRerun(JUnit4Provider.java:273)
	at org.apache.maven.surefire.junit4.JUnit4Provider.executeTestSet(JUnit4Provider.java:238)
	at org.apache.maven.surefire.junit4.JUnit4Provider.invoke(JUnit4Provider.java:159)
	at org.apache.maven.surefire.booter.ForkedBooter.invokeProviderInSameClassLoader(ForkedBooter.java:384)
	at org.apache.maven.surefire.booter.ForkedBooter.runSuitesInProcess(ForkedBooter.java:345)
	at org.apache.maven.surefire.booter.ForkedBooter.execute(ForkedBooter.java:126)
	at org.apache.maven.surefire.booter.ForkedBooter.main(ForkedBooter.java:418)
2020-06-22 14:23:02,518 [myid:] - INFO  [main:ClientBase@270] - server 127.0.0.1:21995 not up
javax.net.ssl.SSLHandshakeException: java.security.cert.CertificateException: Failed to verify both host address and host name
	at sun.security.ssl.Alerts.getSSLException(Alerts.java:198)
	at sun.security.ssl.SSLSocketImpl.fatal(SSLSocketImpl.java:1967)
	at sun.security.ssl.Handshaker.fatalSE(Handshaker.java:331)
	at sun.security.ssl.Handshaker.fatalSE(Handshaker.java:325)
	at sun.security.ssl.ClientHandshaker.serverCertificate(ClientHandshaker.java:1688)
	at sun.security.ssl.ClientHandshaker.processMessage(ClientHandshaker.java:226)
	at sun.security.ssl.Handshaker.processLoop(Handshaker.java:1082)
	at sun.security.ssl.Handshaker.process_record(Handshaker.java:1010)
	at sun.security.ssl.SSLSocketImpl.readRecord(SSLSocketImpl.java:1079)
	at sun.security.ssl.SSLSocketImpl.performInitialHandshake(SSLSocketImpl.java:1388)
	at sun.security.ssl.SSLSocketImpl.startHandshake(SSLSocketImpl.java:1416)
	at sun.security.ssl.SSLSocketImpl.startHandshake(SSLSocketImpl.java:1400)
	at org.apache.zookeeper.client.FourLetterWordMain.send4LetterWord(FourLetterWordMain.java:105)
	at org.apache.zookeeper.client.FourLetterWordMain.send4LetterWord(FourLetterWordMain.java:73)
	at org.apache.zookeeper.test.ClientBase.waitForServerUp(ClientBase.java:261)
	at org.apache.zookeeper.test.ClientBase.startServerInstance(ClientBase.java:401)
	at org.apache.zookeeper.test.ClientBase.startServer(ClientBase.java:516)
	at org.apache.zookeeper.test.ClientBase.setUpWithServerId(ClientBase.java:499)
	at org.apache.zookeeper.test.ClientBase.setUp(ClientBase.java:474)
	at org.apache.zookeeper.test.SaslDigestAuthOverSSLTest.setUp(SaslDigestAuthOverSSLTest.java:62)
	at sun.reflect.NativeMethodAccessorImpl.invoke0(Native Method)
	at sun.reflect.NativeMethodAccessorImpl.invoke(NativeMethodAccessorImpl.java:62)
	at sun.reflect.DelegatingMethodAccessorImpl.invoke(DelegatingMethodAccessorImpl.java:43)
	at java.lang.reflect.Method.invoke(Method.java:498)
	at org.junit.runners.model.FrameworkMethod$1.runReflectiveCall(FrameworkMethod.java:50)
	at org.junit.internal.runners.model.ReflectiveCallable.run(ReflectiveCallable.java:12)
	at org.junit.runners.model.FrameworkMethod.invokeExplosively(FrameworkMethod.java:47)
	at mockit.integration.junit4.JUnit4TestRunnerDecorator.invokeExplosively(JUnit4TestRunnerDecorator.java:49)
	at mockit.integration.junit4.FakeFrameworkMethod.invokeExplosively(FakeFrameworkMethod.java:29)
	at org.junit.runners.model.FrameworkMethod.invokeExplosively(FrameworkMethod.java)
	at org.junit.internal.runners.statements.RunBefores.evaluate(RunBefores.java:24)
	at org.junit.internal.runners.statements.RunAfters.evaluate(RunAfters.java:27)
	at org.junit.rules.TestWatcher$1.evaluate(TestWatcher.java:55)
	at org.junit.rules.RunRules.evaluate(RunRules.java:20)
	at org.junit.runners.ParentRunner.runLeaf(ParentRunner.java:325)
	at org.junit.runners.BlockJUnit4ClassRunner.runChild(BlockJUnit4ClassRunner.java:78)
	at org.junit.runners.BlockJUnit4ClassRunner.runChild(BlockJUnit4ClassRunner.java:57)
	at org.junit.runners.ParentRunner$3.run(ParentRunner.java:290)
	at org.junit.runners.ParentRunner$1.schedule(ParentRunner.java:71)
	at org.junit.runners.ParentRunner.runChildren(ParentRunner.java:288)
	at org.junit.runners.ParentRunner.access$000(ParentRunner.java:58)
	at org.junit.runners.ParentRunner$2.evaluate(ParentRunner.java:268)
	at org.junit.internal.runners.statements.RunBefores.evaluate(RunBefores.java:26)
	at org.junit.runners.ParentRunner.run(ParentRunner.java:363)
	at org.apache.maven.surefire.junit4.JUnit4Provider.execute(JUnit4Provider.java:365)
	at org.apache.maven.surefire.junit4.JUnit4Provider.executeWithRerun(JUnit4Provider.java:273)
	at org.apache.maven.surefire.junit4.JUnit4Provider.executeTestSet(JUnit4Provider.java:238)
	at org.apache.maven.surefire.junit4.JUnit4Provider.invoke(JUnit4Provider.java:159)
	at org.apache.maven.surefire.booter.ForkedBooter.invokeProviderInSameClassLoader(ForkedBooter.java:384)
	at org.apache.maven.surefire.booter.ForkedBooter.runSuitesInProcess(ForkedBooter.java:345)
	at org.apache.maven.surefire.booter.ForkedBooter.execute(ForkedBooter.java:126)
	at org.apache.maven.surefire.booter.ForkedBooter.main(ForkedBooter.java:418)
Caused by: java.security.cert.CertificateException: Failed to verify both host address and host name
	at org.apache.zookeeper.common.ZKTrustManager.performHostVerification(ZKTrustManager.java:163)
	at org.apache.zookeeper.common.ZKTrustManager.checkServerTrusted(ZKTrustManager.java:90)
	at sun.security.ssl.ClientHandshaker.serverCertificate(ClientHandshaker.java:1670)
	... 47 more
Caused by: javax.net.ssl.SSLPeerUnverifiedException: Certificate for <activate.navicat.com> doesn't match common name of the certificate subject: localhost
	at org.apache.zookeeper.common.ZKHostnameVerifier.matchCN(ZKHostnameVerifier.java:238)
	at org.apache.zookeeper.common.ZKHostnameVerifier.verify(ZKHostnameVerifier.java:184)
	at org.apache.zookeeper.common.ZKTrustManager.performHostVerification(ZKTrustManager.java:159)
	... 49 more
2020-06-22 14:23:02,519 [myid:] - ERROR [nioEventLoopGroup-4-15:NettyServerCnxnFactory$CertificateVerifier@434] - Unsuccessful handshake with session 0x0
2020-06-22 14:23:02,519 [myid:] - WARN  [nioEventLoopGroup-4-15:NettyServerCnxnFactory$CnxnChannelHandler@273] - Exception caught
io.netty.handler.codec.DecoderException: javax.net.ssl.SSLException: Received fatal alert: certificate_unknown
	at io.netty.handler.codec.ByteToMessageDecoder.callDecode(ByteToMessageDecoder.java:468)
	at io.netty.handler.codec.ByteToMessageDecoder.channelRead(ByteToMessageDecoder.java:276)
	at io.netty.channel.AbstractChannelHandlerContext.invokeChannelRead(AbstractChannelHandlerContext.java:379)
	at io.netty.channel.AbstractChannelHandlerContext.invokeChannelRead(AbstractChannelHandlerContext.java:365)
	at io.netty.channel.AbstractChannelHandlerContext.fireChannelRead(AbstractChannelHandlerContext.java:357)
	at io.netty.channel.DefaultChannelPipeline$HeadContext.channelRead(DefaultChannelPipeline.java:1410)
	at io.netty.channel.AbstractChannelHandlerContext.invokeChannelRead(AbstractChannelHandlerContext.java:379)
	at io.netty.channel.AbstractChannelHandlerContext.invokeChannelRead(AbstractChannelHandlerContext.java:365)
	at io.netty.channel.DefaultChannelPipeline.fireChannelRead(DefaultChannelPipeline.java:919)
	at io.netty.channel.nio.AbstractNioByteChannel$NioByteUnsafe.read(AbstractNioByteChannel.java:163)
	at io.netty.channel.nio.NioEventLoop.processSelectedKey(NioEventLoop.java:714)
	at io.netty.channel.nio.NioEventLoop.processSelectedKeysOptimized(NioEventLoop.java:650)
	at io.netty.channel.nio.NioEventLoop.processSelectedKeys(NioEventLoop.java:576)
	at io.netty.channel.nio.NioEventLoop.run(NioEventLoop.java:493)
	at io.netty.util.concurrent.SingleThreadEventExecutor$4.run(SingleThreadEventExecutor.java:989)
	at io.netty.util.internal.ThreadExecutorMap$2.run(ThreadExecutorMap.java:74)
	at io.netty.util.concurrent.FastThreadLocalRunnable.run(FastThreadLocalRunnable.java:30)
	at java.lang.Thread.run(Thread.java:748)
Caused by: javax.net.ssl.SSLException: Received fatal alert: certificate_unknown
	at sun.security.ssl.Alerts.getSSLException(Alerts.java:214)
	at sun.security.ssl.SSLEngineImpl.fatal(SSLEngineImpl.java:1667)
	at sun.security.ssl.SSLEngineImpl.fatal(SSLEngineImpl.java:1635)
	at sun.security.ssl.SSLEngineImpl.recvAlert(SSLEngineImpl.java:1801)
	at sun.security.ssl.SSLEngineImpl.readRecord(SSLEngineImpl.java:1090)
	at sun.security.ssl.SSLEngineImpl.readNetRecord(SSLEngineImpl.java:913)
	at sun.security.ssl.SSLEngineImpl.unwrap(SSLEngineImpl.java:783)
	at javax.net.ssl.SSLEngine.unwrap(SSLEngine.java:626)
	at io.netty.handler.ssl.SslHandler$SslEngineType$3.unwrap(SslHandler.java:281)
	at io.netty.handler.ssl.SslHandler.unwrap(SslHandler.java:1340)
	at io.netty.handler.ssl.SslHandler.decodeJdkCompatible(SslHandler.java:1235)
	at io.netty.handler.ssl.SslHandler.decode(SslHandler.java:1282)
	at io.netty.handler.codec.ByteToMessageDecoder.decodeRemovalReentryProtection(ByteToMessageDecoder.java:498)
	at io.netty.handler.codec.ByteToMessageDecoder.callDecode(ByteToMessageDecoder.java:437)
	... 17 more
2020-06-22 14:23:02,520 [myid:] - WARN  [nioEventLoopGroup-4-15:NettyServerCnxnFactory$CnxnChannelHandler@273] - Exception caught
io.netty.handler.codec.DecoderException: javax.net.ssl.SSLException: Received fatal alert: certificate_unknown
	at io.netty.handler.codec.ByteToMessageDecoder.callDecode(ByteToMessageDecoder.java:468)
	at io.netty.handler.codec.ByteToMessageDecoder.channelInputClosed(ByteToMessageDecoder.java:401)
	at io.netty.handler.codec.ByteToMessageDecoder.channelInputClosed(ByteToMessageDecoder.java:368)
	at io.netty.handler.codec.ByteToMessageDecoder.channelInactive(ByteToMessageDecoder.java:351)
	at io.netty.handler.ssl.SslHandler.channelInactive(SslHandler.java:1084)
	at io.netty.channel.AbstractChannelHandlerContext.invokeChannelInactive(AbstractChannelHandlerContext.java:262)
	at io.netty.channel.AbstractChannelHandlerContext.invokeChannelInactive(AbstractChannelHandlerContext.java:248)
	at io.netty.channel.AbstractChannelHandlerContext.fireChannelInactive(AbstractChannelHandlerContext.java:241)
	at io.netty.channel.DefaultChannelPipeline$HeadContext.channelInactive(DefaultChannelPipeline.java:1405)
	at io.netty.channel.AbstractChannelHandlerContext.invokeChannelInactive(AbstractChannelHandlerContext.java:262)
	at io.netty.channel.AbstractChannelHandlerContext.invokeChannelInactive(AbstractChannelHandlerContext.java:248)
	at io.netty.channel.DefaultChannelPipeline.fireChannelInactive(DefaultChannelPipeline.java:901)
	at io.netty.channel.AbstractChannel$AbstractUnsafe$8.run(AbstractChannel.java:818)
	at io.netty.util.concurrent.AbstractEventExecutor.safeExecute(AbstractEventExecutor.java:164)
	at io.netty.util.concurrent.SingleThreadEventExecutor.runAllTasks(SingleThreadEventExecutor.java:472)
	at io.netty.channel.nio.NioEventLoop.run(NioEventLoop.java:497)
	at io.netty.util.concurrent.SingleThreadEventExecutor$4.run(SingleThreadEventExecutor.java:989)
	at io.netty.util.internal.ThreadExecutorMap$2.run(ThreadExecutorMap.java:74)
	at io.netty.util.concurrent.FastThreadLocalRunnable.run(FastThreadLocalRunnable.java:30)
	at java.lang.Thread.run(Thread.java:748)
Caused by: javax.net.ssl.SSLException: Received fatal alert: certificate_unknown
	at sun.security.ssl.Alerts.getSSLException(Alerts.java:214)
	at sun.security.ssl.SSLEngineImpl.fatal(SSLEngineImpl.java:1667)
	at sun.security.ssl.SSLEngineImpl.fatal(SSLEngineImpl.java:1635)
	at sun.security.ssl.SSLEngineImpl.recvAlert(SSLEngineImpl.java:1801)
	at sun.security.ssl.SSLEngineImpl.readRecord(SSLEngineImpl.java:1090)
	at sun.security.ssl.SSLEngineImpl.readNetRecord(SSLEngineImpl.java:913)
	at sun.security.ssl.SSLEngineImpl.unwrap(SSLEngineImpl.java:783)
	at javax.net.ssl.SSLEngine.unwrap(SSLEngine.java:626)
	at io.netty.handler.ssl.SslHandler$SslEngineType$3.unwrap(SslHandler.java:281)
	at io.netty.handler.ssl.SslHandler.unwrap(SslHandler.java:1340)
	at io.netty.handler.ssl.SslHandler.decodeJdkCompatible(SslHandler.java:1235)
	at io.netty.handler.ssl.SslHandler.decode(SslHandler.java:1282)
	at io.netty.handler.codec.ByteToMessageDecoder.decodeRemovalReentryProtection(ByteToMessageDecoder.java:498)
	at io.netty.handler.codec.ByteToMessageDecoder.callDecode(ByteToMessageDecoder.java:437)
	... 19 more
2020-06-22 14:23:02,769 [myid:] - INFO  [main:FourLetterWordMain@93] - connecting to 127.0.0.1 21995
2020-06-22 14:23:02,769 [myid:] - INFO  [main:FourLetterWordMain@99] - using secure socket
2020-06-22 14:23:02,779 [myid:] - ERROR [main:ZKTrustManager@161] - Failed to verify host address: 127.0.0.1
javax.net.ssl.SSLPeerUnverifiedException: Certificate for <127.0.0.1> doesn't match common name of the certificate subject: localhost
	at org.apache.zookeeper.common.ZKHostnameVerifier.matchCN(ZKHostnameVerifier.java:238)
	at org.apache.zookeeper.common.ZKHostnameVerifier.verify(ZKHostnameVerifier.java:184)
	at org.apache.zookeeper.common.ZKTrustManager.performHostVerification(ZKTrustManager.java:151)
	at org.apache.zookeeper.common.ZKTrustManager.checkServerTrusted(ZKTrustManager.java:90)
	at sun.security.ssl.ClientHandshaker.serverCertificate(ClientHandshaker.java:1670)
	at sun.security.ssl.ClientHandshaker.processMessage(ClientHandshaker.java:226)
	at sun.security.ssl.Handshaker.processLoop(Handshaker.java:1082)
	at sun.security.ssl.Handshaker.process_record(Handshaker.java:1010)
	at sun.security.ssl.SSLSocketImpl.readRecord(SSLSocketImpl.java:1079)
	at sun.security.ssl.SSLSocketImpl.performInitialHandshake(SSLSocketImpl.java:1388)
	at sun.security.ssl.SSLSocketImpl.startHandshake(SSLSocketImpl.java:1416)
	at sun.security.ssl.SSLSocketImpl.startHandshake(SSLSocketImpl.java:1400)
	at org.apache.zookeeper.client.FourLetterWordMain.send4LetterWord(FourLetterWordMain.java:105)
	at org.apache.zookeeper.client.FourLetterWordMain.send4LetterWord(FourLetterWordMain.java:73)
	at org.apache.zookeeper.test.ClientBase.waitForServerUp(ClientBase.java:261)
	at org.apache.zookeeper.test.ClientBase.startServerInstance(ClientBase.java:401)
	at org.apache.zookeeper.test.ClientBase.startServer(ClientBase.java:516)
	at org.apache.zookeeper.test.ClientBase.setUpWithServerId(ClientBase.java:499)
	at org.apache.zookeeper.test.ClientBase.setUp(ClientBase.java:474)
	at org.apache.zookeeper.test.SaslDigestAuthOverSSLTest.setUp(SaslDigestAuthOverSSLTest.java:62)
	at sun.reflect.NativeMethodAccessorImpl.invoke0(Native Method)
	at sun.reflect.NativeMethodAccessorImpl.invoke(NativeMethodAccessorImpl.java:62)
	at sun.reflect.DelegatingMethodAccessorImpl.invoke(DelegatingMethodAccessorImpl.java:43)
	at java.lang.reflect.Method.invoke(Method.java:498)
	at org.junit.runners.model.FrameworkMethod$1.runReflectiveCall(FrameworkMethod.java:50)
	at org.junit.internal.runners.model.ReflectiveCallable.run(ReflectiveCallable.java:12)
	at org.junit.runners.model.FrameworkMethod.invokeExplosively(FrameworkMethod.java:47)
	at mockit.integration.junit4.JUnit4TestRunnerDecorator.invokeExplosively(JUnit4TestRunnerDecorator.java:49)
	at mockit.integration.junit4.FakeFrameworkMethod.invokeExplosively(FakeFrameworkMethod.java:29)
	at org.junit.runners.model.FrameworkMethod.invokeExplosively(FrameworkMethod.java)
	at org.junit.internal.runners.statements.RunBefores.evaluate(RunBefores.java:24)
	at org.junit.internal.runners.statements.RunAfters.evaluate(RunAfters.java:27)
	at org.junit.rules.TestWatcher$1.evaluate(TestWatcher.java:55)
	at org.junit.rules.RunRules.evaluate(RunRules.java:20)
	at org.junit.runners.ParentRunner.runLeaf(ParentRunner.java:325)
	at org.junit.runners.BlockJUnit4ClassRunner.runChild(BlockJUnit4ClassRunner.java:78)
	at org.junit.runners.BlockJUnit4ClassRunner.runChild(BlockJUnit4ClassRunner.java:57)
	at org.junit.runners.ParentRunner$3.run(ParentRunner.java:290)
	at org.junit.runners.ParentRunner$1.schedule(ParentRunner.java:71)
	at org.junit.runners.ParentRunner.runChildren(ParentRunner.java:288)
	at org.junit.runners.ParentRunner.access$000(ParentRunner.java:58)
	at org.junit.runners.ParentRunner$2.evaluate(ParentRunner.java:268)
	at org.junit.internal.runners.statements.RunBefores.evaluate(RunBefores.java:26)
	at org.junit.runners.ParentRunner.run(ParentRunner.java:363)
	at org.apache.maven.surefire.junit4.JUnit4Provider.execute(JUnit4Provider.java:365)
	at org.apache.maven.surefire.junit4.JUnit4Provider.executeWithRerun(JUnit4Provider.java:273)
	at org.apache.maven.surefire.junit4.JUnit4Provider.executeTestSet(JUnit4Provider.java:238)
	at org.apache.maven.surefire.junit4.JUnit4Provider.invoke(JUnit4Provider.java:159)
	at org.apache.maven.surefire.booter.ForkedBooter.invokeProviderInSameClassLoader(ForkedBooter.java:384)
	at org.apache.maven.surefire.booter.ForkedBooter.runSuitesInProcess(ForkedBooter.java:345)
	at org.apache.maven.surefire.booter.ForkedBooter.execute(ForkedBooter.java:126)
	at org.apache.maven.surefire.booter.ForkedBooter.main(ForkedBooter.java:418)
2020-06-22 14:23:02,779 [myid:] - ERROR [main:ZKTrustManager@162] - Failed to verify hostname: activate.navicat.com
javax.net.ssl.SSLPeerUnverifiedException: Certificate for <activate.navicat.com> doesn't match common name of the certificate subject: localhost
	at org.apache.zookeeper.common.ZKHostnameVerifier.matchCN(ZKHostnameVerifier.java:238)
	at org.apache.zookeeper.common.ZKHostnameVerifier.verify(ZKHostnameVerifier.java:184)
	at org.apache.zookeeper.common.ZKTrustManager.performHostVerification(ZKTrustManager.java:159)
	at org.apache.zookeeper.common.ZKTrustManager.checkServerTrusted(ZKTrustManager.java:90)
	at sun.security.ssl.ClientHandshaker.serverCertificate(ClientHandshaker.java:1670)
	at sun.security.ssl.ClientHandshaker.processMessage(ClientHandshaker.java:226)
	at sun.security.ssl.Handshaker.processLoop(Handshaker.java:1082)
	at sun.security.ssl.Handshaker.process_record(Handshaker.java:1010)
	at sun.security.ssl.SSLSocketImpl.readRecord(SSLSocketImpl.java:1079)
	at sun.security.ssl.SSLSocketImpl.performInitialHandshake(SSLSocketImpl.java:1388)
	at sun.security.ssl.SSLSocketImpl.startHandshake(SSLSocketImpl.java:1416)
	at sun.security.ssl.SSLSocketImpl.startHandshake(SSLSocketImpl.java:1400)
	at org.apache.zookeeper.client.FourLetterWordMain.send4LetterWord(FourLetterWordMain.java:105)
	at org.apache.zookeeper.client.FourLetterWordMain.send4LetterWord(FourLetterWordMain.java:73)
	at org.apache.zookeeper.test.ClientBase.waitForServerUp(ClientBase.java:261)
	at org.apache.zookeeper.test.ClientBase.startServerInstance(ClientBase.java:401)
	at org.apache.zookeeper.test.ClientBase.startServer(ClientBase.java:516)
	at org.apache.zookeeper.test.ClientBase.setUpWithServerId(ClientBase.java:499)
	at org.apache.zookeeper.test.ClientBase.setUp(ClientBase.java:474)
	at org.apache.zookeeper.test.SaslDigestAuthOverSSLTest.setUp(SaslDigestAuthOverSSLTest.java:62)
	at sun.reflect.NativeMethodAccessorImpl.invoke0(Native Method)
	at sun.reflect.NativeMethodAccessorImpl.invoke(NativeMethodAccessorImpl.java:62)
	at sun.reflect.DelegatingMethodAccessorImpl.invoke(DelegatingMethodAccessorImpl.java:43)
	at java.lang.reflect.Method.invoke(Method.java:498)
	at org.junit.runners.model.FrameworkMethod$1.runReflectiveCall(FrameworkMethod.java:50)
	at org.junit.internal.runners.model.ReflectiveCallable.run(ReflectiveCallable.java:12)
	at org.junit.runners.model.FrameworkMethod.invokeExplosively(FrameworkMethod.java:47)
	at mockit.integration.junit4.JUnit4TestRunnerDecorator.invokeExplosively(JUnit4TestRunnerDecorator.java:49)
	at mockit.integration.junit4.FakeFrameworkMethod.invokeExplosively(FakeFrameworkMethod.java:29)
	at org.junit.runners.model.FrameworkMethod.invokeExplosively(FrameworkMethod.java)
	at org.junit.internal.runners.statements.RunBefores.evaluate(RunBefores.java:24)
	at org.junit.internal.runners.statements.RunAfters.evaluate(RunAfters.java:27)
	at org.junit.rules.TestWatcher$1.evaluate(TestWatcher.java:55)
	at org.junit.rules.RunRules.evaluate(RunRules.java:20)
	at org.junit.runners.ParentRunner.runLeaf(ParentRunner.java:325)
	at org.junit.runners.BlockJUnit4ClassRunner.runChild(BlockJUnit4ClassRunner.java:78)
	at org.junit.runners.BlockJUnit4ClassRunner.runChild(BlockJUnit4ClassRunner.java:57)
	at org.junit.runners.ParentRunner$3.run(ParentRunner.java:290)
	at org.junit.runners.ParentRunner$1.schedule(ParentRunner.java:71)
	at org.junit.runners.ParentRunner.runChildren(ParentRunner.java:288)
	at org.junit.runners.ParentRunner.access$000(ParentRunner.java:58)
	at org.junit.runners.ParentRunner$2.evaluate(ParentRunner.java:268)
	at org.junit.internal.runners.statements.RunBefores.evaluate(RunBefores.java:26)
	at org.junit.runners.ParentRunner.run(ParentRunner.java:363)
	at org.apache.maven.surefire.junit4.JUnit4Provider.execute(JUnit4Provider.java:365)
	at org.apache.maven.surefire.junit4.JUnit4Provider.executeWithRerun(JUnit4Provider.java:273)
	at org.apache.maven.surefire.junit4.JUnit4Provider.executeTestSet(JUnit4Provider.java:238)
	at org.apache.maven.surefire.junit4.JUnit4Provider.invoke(JUnit4Provider.java:159)
	at org.apache.maven.surefire.booter.ForkedBooter.invokeProviderInSameClassLoader(ForkedBooter.java:384)
	at org.apache.maven.surefire.booter.ForkedBooter.runSuitesInProcess(ForkedBooter.java:345)
	at org.apache.maven.surefire.booter.ForkedBooter.execute(ForkedBooter.java:126)
	at org.apache.maven.surefire.booter.ForkedBooter.main(ForkedBooter.java:418)
2020-06-22 14:23:02,780 [myid:] - INFO  [main:ClientBase@270] - server 127.0.0.1:21995 not up
javax.net.ssl.SSLHandshakeException: java.security.cert.CertificateException: Failed to verify both host address and host name
	at sun.security.ssl.Alerts.getSSLException(Alerts.java:198)
	at sun.security.ssl.SSLSocketImpl.fatal(SSLSocketImpl.java:1967)
	at sun.security.ssl.Handshaker.fatalSE(Handshaker.java:331)
	at sun.security.ssl.Handshaker.fatalSE(Handshaker.java:325)
	at sun.security.ssl.ClientHandshaker.serverCertificate(ClientHandshaker.java:1688)
	at sun.security.ssl.ClientHandshaker.processMessage(ClientHandshaker.java:226)
	at sun.security.ssl.Handshaker.processLoop(Handshaker.java:1082)
	at sun.security.ssl.Handshaker.process_record(Handshaker.java:1010)
	at sun.security.ssl.SSLSocketImpl.readRecord(SSLSocketImpl.java:1079)
	at sun.security.ssl.SSLSocketImpl.performInitialHandshake(SSLSocketImpl.java:1388)
	at sun.security.ssl.SSLSocketImpl.startHandshake(SSLSocketImpl.java:1416)
	at sun.security.ssl.SSLSocketImpl.startHandshake(SSLSocketImpl.java:1400)
	at org.apache.zookeeper.client.FourLetterWordMain.send4LetterWord(FourLetterWordMain.java:105)
	at org.apache.zookeeper.client.FourLetterWordMain.send4LetterWord(FourLetterWordMain.java:73)
	at org.apache.zookeeper.test.ClientBase.waitForServerUp(ClientBase.java:261)
	at org.apache.zookeeper.test.ClientBase.startServerInstance(ClientBase.java:401)
	at org.apache.zookeeper.test.ClientBase.startServer(ClientBase.java:516)
	at org.apache.zookeeper.test.ClientBase.setUpWithServerId(ClientBase.java:499)
	at org.apache.zookeeper.test.ClientBase.setUp(ClientBase.java:474)
	at org.apache.zookeeper.test.SaslDigestAuthOverSSLTest.setUp(SaslDigestAuthOverSSLTest.java:62)
	at sun.reflect.NativeMethodAccessorImpl.invoke0(Native Method)
	at sun.reflect.NativeMethodAccessorImpl.invoke(NativeMethodAccessorImpl.java:62)
	at sun.reflect.DelegatingMethodAccessorImpl.invoke(DelegatingMethodAccessorImpl.java:43)
	at java.lang.reflect.Method.invoke(Method.java:498)
	at org.junit.runners.model.FrameworkMethod$1.runReflectiveCall(FrameworkMethod.java:50)
	at org.junit.internal.runners.model.ReflectiveCallable.run(ReflectiveCallable.java:12)
	at org.junit.runners.model.FrameworkMethod.invokeExplosively(FrameworkMethod.java:47)
	at mockit.integration.junit4.JUnit4TestRunnerDecorator.invokeExplosively(JUnit4TestRunnerDecorator.java:49)
	at mockit.integration.junit4.FakeFrameworkMethod.invokeExplosively(FakeFrameworkMethod.java:29)
	at org.junit.runners.model.FrameworkMethod.invokeExplosively(FrameworkMethod.java)
	at org.junit.internal.runners.statements.RunBefores.evaluate(RunBefores.java:24)
	at org.junit.internal.runners.statements.RunAfters.evaluate(RunAfters.java:27)
	at org.junit.rules.TestWatcher$1.evaluate(TestWatcher.java:55)
	at org.junit.rules.RunRules.evaluate(RunRules.java:20)
	at org.junit.runners.ParentRunner.runLeaf(ParentRunner.java:325)
	at org.junit.runners.BlockJUnit4ClassRunner.runChild(BlockJUnit4ClassRunner.java:78)
	at org.junit.runners.BlockJUnit4ClassRunner.runChild(BlockJUnit4ClassRunner.java:57)
	at org.junit.runners.ParentRunner$3.run(ParentRunner.java:290)
	at org.junit.runners.ParentRunner$1.schedule(ParentRunner.java:71)
	at org.junit.runners.ParentRunner.runChildren(ParentRunner.java:288)
	at org.junit.runners.ParentRunner.access$000(ParentRunner.java:58)
	at org.junit.runners.ParentRunner$2.evaluate(ParentRunner.java:268)
	at org.junit.internal.runners.statements.RunBefores.evaluate(RunBefores.java:26)
	at org.junit.runners.ParentRunner.run(ParentRunner.java:363)
	at org.apache.maven.surefire.junit4.JUnit4Provider.execute(JUnit4Provider.java:365)
	at org.apache.maven.surefire.junit4.JUnit4Provider.executeWithRerun(JUnit4Provider.java:273)
	at org.apache.maven.surefire.junit4.JUnit4Provider.executeTestSet(JUnit4Provider.java:238)
	at org.apache.maven.surefire.junit4.JUnit4Provider.invoke(JUnit4Provider.java:159)
	at org.apache.maven.surefire.booter.ForkedBooter.invokeProviderInSameClassLoader(ForkedBooter.java:384)
	at org.apache.maven.surefire.booter.ForkedBooter.runSuitesInProcess(ForkedBooter.java:345)
	at org.apache.maven.surefire.booter.ForkedBooter.execute(ForkedBooter.java:126)
	at org.apache.maven.surefire.booter.ForkedBooter.main(ForkedBooter.java:418)
Caused by: java.security.cert.CertificateException: Failed to verify both host address and host name
	at org.apache.zookeeper.common.ZKTrustManager.performHostVerification(ZKTrustManager.java:163)
	at org.apache.zookeeper.common.ZKTrustManager.checkServerTrusted(ZKTrustManager.java:90)
	at sun.security.ssl.ClientHandshaker.serverCertificate(ClientHandshaker.java:1670)
	... 47 more
Caused by: javax.net.ssl.SSLPeerUnverifiedException: Certificate for <activate.navicat.com> doesn't match common name of the certificate subject: localhost
	at org.apache.zookeeper.common.ZKHostnameVerifier.matchCN(ZKHostnameVerifier.java:238)
	at org.apache.zookeeper.common.ZKHostnameVerifier.verify(ZKHostnameVerifier.java:184)
	at org.apache.zookeeper.common.ZKTrustManager.performHostVerification(ZKTrustManager.java:159)
	... 49 more
2020-06-22 14:23:02,780 [myid:] - ERROR [nioEventLoopGroup-4-16:NettyServerCnxnFactory$CertificateVerifier@434] - Unsuccessful handshake with session 0x0
2020-06-22 14:23:02,781 [myid:] - WARN  [nioEventLoopGroup-4-16:NettyServerCnxnFactory$CnxnChannelHandler@273] - Exception caught
io.netty.handler.codec.DecoderException: javax.net.ssl.SSLException: Received fatal alert: certificate_unknown
	at io.netty.handler.codec.ByteToMessageDecoder.callDecode(ByteToMessageDecoder.java:468)
	at io.netty.handler.codec.ByteToMessageDecoder.channelRead(ByteToMessageDecoder.java:276)
	at io.netty.channel.AbstractChannelHandlerContext.invokeChannelRead(AbstractChannelHandlerContext.java:379)
	at io.netty.channel.AbstractChannelHandlerContext.invokeChannelRead(AbstractChannelHandlerContext.java:365)
	at io.netty.channel.AbstractChannelHandlerContext.fireChannelRead(AbstractChannelHandlerContext.java:357)
	at io.netty.channel.DefaultChannelPipeline$HeadContext.channelRead(DefaultChannelPipeline.java:1410)
	at io.netty.channel.AbstractChannelHandlerContext.invokeChannelRead(AbstractChannelHandlerContext.java:379)
	at io.netty.channel.AbstractChannelHandlerContext.invokeChannelRead(AbstractChannelHandlerContext.java:365)
	at io.netty.channel.DefaultChannelPipeline.fireChannelRead(DefaultChannelPipeline.java:919)
	at io.netty.channel.nio.AbstractNioByteChannel$NioByteUnsafe.read(AbstractNioByteChannel.java:163)
	at io.netty.channel.nio.NioEventLoop.processSelectedKey(NioEventLoop.java:714)
	at io.netty.channel.nio.NioEventLoop.processSelectedKeysOptimized(NioEventLoop.java:650)
	at io.netty.channel.nio.NioEventLoop.processSelectedKeys(NioEventLoop.java:576)
	at io.netty.channel.nio.NioEventLoop.run(NioEventLoop.java:493)
	at io.netty.util.concurrent.SingleThreadEventExecutor$4.run(SingleThreadEventExecutor.java:989)
	at io.netty.util.internal.ThreadExecutorMap$2.run(ThreadExecutorMap.java:74)
	at io.netty.util.concurrent.FastThreadLocalRunnable.run(FastThreadLocalRunnable.java:30)
	at java.lang.Thread.run(Thread.java:748)
Caused by: javax.net.ssl.SSLException: Received fatal alert: certificate_unknown
	at sun.security.ssl.Alerts.getSSLException(Alerts.java:214)
	at sun.security.ssl.SSLEngineImpl.fatal(SSLEngineImpl.java:1667)
	at sun.security.ssl.SSLEngineImpl.fatal(SSLEngineImpl.java:1635)
	at sun.security.ssl.SSLEngineImpl.recvAlert(SSLEngineImpl.java:1801)
	at sun.security.ssl.SSLEngineImpl.readRecord(SSLEngineImpl.java:1090)
	at sun.security.ssl.SSLEngineImpl.readNetRecord(SSLEngineImpl.java:913)
	at sun.security.ssl.SSLEngineImpl.unwrap(SSLEngineImpl.java:783)
	at javax.net.ssl.SSLEngine.unwrap(SSLEngine.java:626)
	at io.netty.handler.ssl.SslHandler$SslEngineType$3.unwrap(SslHandler.java:281)
	at io.netty.handler.ssl.SslHandler.unwrap(SslHandler.java:1340)
	at io.netty.handler.ssl.SslHandler.decodeJdkCompatible(SslHandler.java:1235)
	at io.netty.handler.ssl.SslHandler.decode(SslHandler.java:1282)
	at io.netty.handler.codec.ByteToMessageDecoder.decodeRemovalReentryProtection(ByteToMessageDecoder.java:498)
	at io.netty.handler.codec.ByteToMessageDecoder.callDecode(ByteToMessageDecoder.java:437)
	... 17 more
2020-06-22 14:23:02,781 [myid:] - WARN  [nioEventLoopGroup-4-16:NettyServerCnxnFactory$CnxnChannelHandler@273] - Exception caught
io.netty.handler.codec.DecoderException: javax.net.ssl.SSLException: Received fatal alert: certificate_unknown
	at io.netty.handler.codec.ByteToMessageDecoder.callDecode(ByteToMessageDecoder.java:468)
	at io.netty.handler.codec.ByteToMessageDecoder.channelInputClosed(ByteToMessageDecoder.java:401)
	at io.netty.handler.codec.ByteToMessageDecoder.channelInputClosed(ByteToMessageDecoder.java:368)
	at io.netty.handler.codec.ByteToMessageDecoder.channelInactive(ByteToMessageDecoder.java:351)
	at io.netty.handler.ssl.SslHandler.channelInactive(SslHandler.java:1084)
	at io.netty.channel.AbstractChannelHandlerContext.invokeChannelInactive(AbstractChannelHandlerContext.java:262)
	at io.netty.channel.AbstractChannelHandlerContext.invokeChannelInactive(AbstractChannelHandlerContext.java:248)
	at io.netty.channel.AbstractChannelHandlerContext.fireChannelInactive(AbstractChannelHandlerContext.java:241)
	at io.netty.channel.DefaultChannelPipeline$HeadContext.channelInactive(DefaultChannelPipeline.java:1405)
	at io.netty.channel.AbstractChannelHandlerContext.invokeChannelInactive(AbstractChannelHandlerContext.java:262)
	at io.netty.channel.AbstractChannelHandlerContext.invokeChannelInactive(AbstractChannelHandlerContext.java:248)
	at io.netty.channel.DefaultChannelPipeline.fireChannelInactive(DefaultChannelPipeline.java:901)
	at io.netty.channel.AbstractChannel$AbstractUnsafe$8.run(AbstractChannel.java:818)
	at io.netty.util.concurrent.AbstractEventExecutor.safeExecute(AbstractEventExecutor.java:164)
	at io.netty.util.concurrent.SingleThreadEventExecutor.runAllTasks(SingleThreadEventExecutor.java:472)
	at io.netty.channel.nio.NioEventLoop.run(NioEventLoop.java:497)
	at io.netty.util.concurrent.SingleThreadEventExecutor$4.run(SingleThreadEventExecutor.java:989)
	at io.netty.util.internal.ThreadExecutorMap$2.run(ThreadExecutorMap.java:74)
	at io.netty.util.concurrent.FastThreadLocalRunnable.run(FastThreadLocalRunnable.java:30)
	at java.lang.Thread.run(Thread.java:748)
Caused by: javax.net.ssl.SSLException: Received fatal alert: certificate_unknown
	at sun.security.ssl.Alerts.getSSLException(Alerts.java:214)
	at sun.security.ssl.SSLEngineImpl.fatal(SSLEngineImpl.java:1667)
	at sun.security.ssl.SSLEngineImpl.fatal(SSLEngineImpl.java:1635)
	at sun.security.ssl.SSLEngineImpl.recvAlert(SSLEngineImpl.java:1801)
	at sun.security.ssl.SSLEngineImpl.readRecord(SSLEngineImpl.java:1090)
	at sun.security.ssl.SSLEngineImpl.readNetRecord(SSLEngineImpl.java:913)
	at sun.security.ssl.SSLEngineImpl.unwrap(SSLEngineImpl.java:783)
	at javax.net.ssl.SSLEngine.unwrap(SSLEngine.java:626)
	at io.netty.handler.ssl.SslHandler$SslEngineType$3.unwrap(SslHandler.java:281)
	at io.netty.handler.ssl.SslHandler.unwrap(SslHandler.java:1340)
	at io.netty.handler.ssl.SslHandler.decodeJdkCompatible(SslHandler.java:1235)
	at io.netty.handler.ssl.SslHandler.decode(SslHandler.java:1282)
	at io.netty.handler.codec.ByteToMessageDecoder.decodeRemovalReentryProtection(ByteToMessageDecoder.java:498)
	at io.netty.handler.codec.ByteToMessageDecoder.callDecode(ByteToMessageDecoder.java:437)
	... 19 more
2020-06-22 14:23:03,030 [myid:] - INFO  [main:FourLetterWordMain@93] - connecting to 127.0.0.1 21995
2020-06-22 14:23:03,030 [myid:] - INFO  [main:FourLetterWordMain@99] - using secure socket
2020-06-22 14:23:03,040 [myid:] - ERROR [main:ZKTrustManager@161] - Failed to verify host address: 127.0.0.1
javax.net.ssl.SSLPeerUnverifiedException: Certificate for <127.0.0.1> doesn't match common name of the certificate subject: localhost
	at org.apache.zookeeper.common.ZKHostnameVerifier.matchCN(ZKHostnameVerifier.java:238)
	at org.apache.zookeeper.common.ZKHostnameVerifier.verify(ZKHostnameVerifier.java:184)
	at org.apache.zookeeper.common.ZKTrustManager.performHostVerification(ZKTrustManager.java:151)
	at org.apache.zookeeper.common.ZKTrustManager.checkServerTrusted(ZKTrustManager.java:90)
	at sun.security.ssl.ClientHandshaker.serverCertificate(ClientHandshaker.java:1670)
	at sun.security.ssl.ClientHandshaker.processMessage(ClientHandshaker.java:226)
	at sun.security.ssl.Handshaker.processLoop(Handshaker.java:1082)
	at sun.security.ssl.Handshaker.process_record(Handshaker.java:1010)
	at sun.security.ssl.SSLSocketImpl.readRecord(SSLSocketImpl.java:1079)
	at sun.security.ssl.SSLSocketImpl.performInitialHandshake(SSLSocketImpl.java:1388)
	at sun.security.ssl.SSLSocketImpl.startHandshake(SSLSocketImpl.java:1416)
	at sun.security.ssl.SSLSocketImpl.startHandshake(SSLSocketImpl.java:1400)
	at org.apache.zookeeper.client.FourLetterWordMain.send4LetterWord(FourLetterWordMain.java:105)
	at org.apache.zookeeper.client.FourLetterWordMain.send4LetterWord(FourLetterWordMain.java:73)
	at org.apache.zookeeper.test.ClientBase.waitForServerUp(ClientBase.java:261)
	at org.apache.zookeeper.test.ClientBase.startServerInstance(ClientBase.java:401)
	at org.apache.zookeeper.test.ClientBase.startServer(ClientBase.java:516)
	at org.apache.zookeeper.test.ClientBase.setUpWithServerId(ClientBase.java:499)
	at org.apache.zookeeper.test.ClientBase.setUp(ClientBase.java:474)
	at org.apache.zookeeper.test.SaslDigestAuthOverSSLTest.setUp(SaslDigestAuthOverSSLTest.java:62)
	at sun.reflect.NativeMethodAccessorImpl.invoke0(Native Method)
	at sun.reflect.NativeMethodAccessorImpl.invoke(NativeMethodAccessorImpl.java:62)
	at sun.reflect.DelegatingMethodAccessorImpl.invoke(DelegatingMethodAccessorImpl.java:43)
	at java.lang.reflect.Method.invoke(Method.java:498)
	at org.junit.runners.model.FrameworkMethod$1.runReflectiveCall(FrameworkMethod.java:50)
	at org.junit.internal.runners.model.ReflectiveCallable.run(ReflectiveCallable.java:12)
	at org.junit.runners.model.FrameworkMethod.invokeExplosively(FrameworkMethod.java:47)
	at mockit.integration.junit4.JUnit4TestRunnerDecorator.invokeExplosively(JUnit4TestRunnerDecorator.java:49)
	at mockit.integration.junit4.FakeFrameworkMethod.invokeExplosively(FakeFrameworkMethod.java:29)
	at org.junit.runners.model.FrameworkMethod.invokeExplosively(FrameworkMethod.java)
	at org.junit.internal.runners.statements.RunBefores.evaluate(RunBefores.java:24)
	at org.junit.internal.runners.statements.RunAfters.evaluate(RunAfters.java:27)
	at org.junit.rules.TestWatcher$1.evaluate(TestWatcher.java:55)
	at org.junit.rules.RunRules.evaluate(RunRules.java:20)
	at org.junit.runners.ParentRunner.runLeaf(ParentRunner.java:325)
	at org.junit.runners.BlockJUnit4ClassRunner.runChild(BlockJUnit4ClassRunner.java:78)
	at org.junit.runners.BlockJUnit4ClassRunner.runChild(BlockJUnit4ClassRunner.java:57)
	at org.junit.runners.ParentRunner$3.run(ParentRunner.java:290)
	at org.junit.runners.ParentRunner$1.schedule(ParentRunner.java:71)
	at org.junit.runners.ParentRunner.runChildren(ParentRunner.java:288)
	at org.junit.runners.ParentRunner.access$000(ParentRunner.java:58)
	at org.junit.runners.ParentRunner$2.evaluate(ParentRunner.java:268)
	at org.junit.internal.runners.statements.RunBefores.evaluate(RunBefores.java:26)
	at org.junit.runners.ParentRunner.run(ParentRunner.java:363)
	at org.apache.maven.surefire.junit4.JUnit4Provider.execute(JUnit4Provider.java:365)
	at org.apache.maven.surefire.junit4.JUnit4Provider.executeWithRerun(JUnit4Provider.java:273)
	at org.apache.maven.surefire.junit4.JUnit4Provider.executeTestSet(JUnit4Provider.java:238)
	at org.apache.maven.surefire.junit4.JUnit4Provider.invoke(JUnit4Provider.java:159)
	at org.apache.maven.surefire.booter.ForkedBooter.invokeProviderInSameClassLoader(ForkedBooter.java:384)
	at org.apache.maven.surefire.booter.ForkedBooter.runSuitesInProcess(ForkedBooter.java:345)
	at org.apache.maven.surefire.booter.ForkedBooter.execute(ForkedBooter.java:126)
	at org.apache.maven.surefire.booter.ForkedBooter.main(ForkedBooter.java:418)
2020-06-22 14:23:03,041 [myid:] - ERROR [main:ZKTrustManager@162] - Failed to verify hostname: activate.navicat.com
javax.net.ssl.SSLPeerUnverifiedException: Certificate for <activate.navicat.com> doesn't match common name of the certificate subject: localhost
	at org.apache.zookeeper.common.ZKHostnameVerifier.matchCN(ZKHostnameVerifier.java:238)
	at org.apache.zookeeper.common.ZKHostnameVerifier.verify(ZKHostnameVerifier.java:184)
	at org.apache.zookeeper.common.ZKTrustManager.performHostVerification(ZKTrustManager.java:159)
	at org.apache.zookeeper.common.ZKTrustManager.checkServerTrusted(ZKTrustManager.java:90)
	at sun.security.ssl.ClientHandshaker.serverCertificate(ClientHandshaker.java:1670)
	at sun.security.ssl.ClientHandshaker.processMessage(ClientHandshaker.java:226)
	at sun.security.ssl.Handshaker.processLoop(Handshaker.java:1082)
	at sun.security.ssl.Handshaker.process_record(Handshaker.java:1010)
	at sun.security.ssl.SSLSocketImpl.readRecord(SSLSocketImpl.java:1079)
	at sun.security.ssl.SSLSocketImpl.performInitialHandshake(SSLSocketImpl.java:1388)
	at sun.security.ssl.SSLSocketImpl.startHandshake(SSLSocketImpl.java:1416)
	at sun.security.ssl.SSLSocketImpl.startHandshake(SSLSocketImpl.java:1400)
	at org.apache.zookeeper.client.FourLetterWordMain.send4LetterWord(FourLetterWordMain.java:105)
	at org.apache.zookeeper.client.FourLetterWordMain.send4LetterWord(FourLetterWordMain.java:73)
	at org.apache.zookeeper.test.ClientBase.waitForServerUp(ClientBase.java:261)
	at org.apache.zookeeper.test.ClientBase.startServerInstance(ClientBase.java:401)
	at org.apache.zookeeper.test.ClientBase.startServer(ClientBase.java:516)
	at org.apache.zookeeper.test.ClientBase.setUpWithServerId(ClientBase.java:499)
	at org.apache.zookeeper.test.ClientBase.setUp(ClientBase.java:474)
	at org.apache.zookeeper.test.SaslDigestAuthOverSSLTest.setUp(SaslDigestAuthOverSSLTest.java:62)
	at sun.reflect.NativeMethodAccessorImpl.invoke0(Native Method)
	at sun.reflect.NativeMethodAccessorImpl.invoke(NativeMethodAccessorImpl.java:62)
	at sun.reflect.DelegatingMethodAccessorImpl.invoke(DelegatingMethodAccessorImpl.java:43)
	at java.lang.reflect.Method.invoke(Method.java:498)
	at org.junit.runners.model.FrameworkMethod$1.runReflectiveCall(FrameworkMethod.java:50)
	at org.junit.internal.runners.model.ReflectiveCallable.run(ReflectiveCallable.java:12)
	at org.junit.runners.model.FrameworkMethod.invokeExplosively(FrameworkMethod.java:47)
	at mockit.integration.junit4.JUnit4TestRunnerDecorator.invokeExplosively(JUnit4TestRunnerDecorator.java:49)
	at mockit.integration.junit4.FakeFrameworkMethod.invokeExplosively(FakeFrameworkMethod.java:29)
	at org.junit.runners.model.FrameworkMethod.invokeExplosively(FrameworkMethod.java)
	at org.junit.internal.runners.statements.RunBefores.evaluate(RunBefores.java:24)
	at org.junit.internal.runners.statements.RunAfters.evaluate(RunAfters.java:27)
	at org.junit.rules.TestWatcher$1.evaluate(TestWatcher.java:55)
	at org.junit.rules.RunRules.evaluate(RunRules.java:20)
	at org.junit.runners.ParentRunner.runLeaf(ParentRunner.java:325)
	at org.junit.runners.BlockJUnit4ClassRunner.runChild(BlockJUnit4ClassRunner.java:78)
	at org.junit.runners.BlockJUnit4ClassRunner.runChild(BlockJUnit4ClassRunner.java:57)
	at org.junit.runners.ParentRunner$3.run(ParentRunner.java:290)
	at org.junit.runners.ParentRunner$1.schedule(ParentRunner.java:71)
	at org.junit.runners.ParentRunner.runChildren(ParentRunner.java:288)
	at org.junit.runners.ParentRunner.access$000(ParentRunner.java:58)
	at org.junit.runners.ParentRunner$2.evaluate(ParentRunner.java:268)
	at org.junit.internal.runners.statements.RunBefores.evaluate(RunBefores.java:26)
	at org.junit.runners.ParentRunner.run(ParentRunner.java:363)
	at org.apache.maven.surefire.junit4.JUnit4Provider.execute(JUnit4Provider.java:365)
	at org.apache.maven.surefire.junit4.JUnit4Provider.executeWithRerun(JUnit4Provider.java:273)
	at org.apache.maven.surefire.junit4.JUnit4Provider.executeTestSet(JUnit4Provider.java:238)
	at org.apache.maven.surefire.junit4.JUnit4Provider.invoke(JUnit4Provider.java:159)
	at org.apache.maven.surefire.booter.ForkedBooter.invokeProviderInSameClassLoader(ForkedBooter.java:384)
	at org.apache.maven.surefire.booter.ForkedBooter.runSuitesInProcess(ForkedBooter.java:345)
	at org.apache.maven.surefire.booter.ForkedBooter.execute(ForkedBooter.java:126)
	at org.apache.maven.surefire.booter.ForkedBooter.main(ForkedBooter.java:418)
2020-06-22 14:23:03,041 [myid:] - INFO  [main:ClientBase@270] - server 127.0.0.1:21995 not up
javax.net.ssl.SSLHandshakeException: java.security.cert.CertificateException: Failed to verify both host address and host name
	at sun.security.ssl.Alerts.getSSLException(Alerts.java:198)
	at sun.security.ssl.SSLSocketImpl.fatal(SSLSocketImpl.java:1967)
	at sun.security.ssl.Handshaker.fatalSE(Handshaker.java:331)
	at sun.security.ssl.Handshaker.fatalSE(Handshaker.java:325)
	at sun.security.ssl.ClientHandshaker.serverCertificate(ClientHandshaker.java:1688)
	at sun.security.ssl.ClientHandshaker.processMessage(ClientHandshaker.java:226)
	at sun.security.ssl.Handshaker.processLoop(Handshaker.java:1082)
	at sun.security.ssl.Handshaker.process_record(Handshaker.java:1010)
	at sun.security.ssl.SSLSocketImpl.readRecord(SSLSocketImpl.java:1079)
	at sun.security.ssl.SSLSocketImpl.performInitialHandshake(SSLSocketImpl.java:1388)
	at sun.security.ssl.SSLSocketImpl.startHandshake(SSLSocketImpl.java:1416)
	at sun.security.ssl.SSLSocketImpl.startHandshake(SSLSocketImpl.java:1400)
	at org.apache.zookeeper.client.FourLetterWordMain.send4LetterWord(FourLetterWordMain.java:105)
	at org.apache.zookeeper.client.FourLetterWordMain.send4LetterWord(FourLetterWordMain.java:73)
	at org.apache.zookeeper.test.ClientBase.waitForServerUp(ClientBase.java:261)
	at org.apache.zookeeper.test.ClientBase.startServerInstance(ClientBase.java:401)
	at org.apache.zookeeper.test.ClientBase.startServer(ClientBase.java:516)
	at org.apache.zookeeper.test.ClientBase.setUpWithServerId(ClientBase.java:499)
	at org.apache.zookeeper.test.ClientBase.setUp(ClientBase.java:474)
	at org.apache.zookeeper.test.SaslDigestAuthOverSSLTest.setUp(SaslDigestAuthOverSSLTest.java:62)
	at sun.reflect.NativeMethodAccessorImpl.invoke0(Native Method)
	at sun.reflect.NativeMethodAccessorImpl.invoke(NativeMethodAccessorImpl.java:62)
	at sun.reflect.DelegatingMethodAccessorImpl.invoke(DelegatingMethodAccessorImpl.java:43)
	at java.lang.reflect.Method.invoke(Method.java:498)
	at org.junit.runners.model.FrameworkMethod$1.runReflectiveCall(FrameworkMethod.java:50)
	at org.junit.internal.runners.model.ReflectiveCallable.run(ReflectiveCallable.java:12)
	at org.junit.runners.model.FrameworkMethod.invokeExplosively(FrameworkMethod.java:47)
	at mockit.integration.junit4.JUnit4TestRunnerDecorator.invokeExplosively(JUnit4TestRunnerDecorator.java:49)
	at mockit.integration.junit4.FakeFrameworkMethod.invokeExplosively(FakeFrameworkMethod.java:29)
	at org.junit.runners.model.FrameworkMethod.invokeExplosively(FrameworkMethod.java)
	at org.junit.internal.runners.statements.RunBefores.evaluate(RunBefores.java:24)
	at org.junit.internal.runners.statements.RunAfters.evaluate(RunAfters.java:27)
	at org.junit.rules.TestWatcher$1.evaluate(TestWatcher.java:55)
	at org.junit.rules.RunRules.evaluate(RunRules.java:20)
	at org.junit.runners.ParentRunner.runLeaf(ParentRunner.java:325)
	at org.junit.runners.BlockJUnit4ClassRunner.runChild(BlockJUnit4ClassRunner.java:78)
	at org.junit.runners.BlockJUnit4ClassRunner.runChild(BlockJUnit4ClassRunner.java:57)
	at org.junit.runners.ParentRunner$3.run(ParentRunner.java:290)
	at org.junit.runners.ParentRunner$1.schedule(ParentRunner.java:71)
	at org.junit.runners.ParentRunner.runChildren(ParentRunner.java:288)
	at org.junit.runners.ParentRunner.access$000(ParentRunner.java:58)
	at org.junit.runners.ParentRunner$2.evaluate(ParentRunner.java:268)
	at org.junit.internal.runners.statements.RunBefores.evaluate(RunBefores.java:26)
	at org.junit.runners.ParentRunner.run(ParentRunner.java:363)
	at org.apache.maven.surefire.junit4.JUnit4Provider.execute(JUnit4Provider.java:365)
	at org.apache.maven.surefire.junit4.JUnit4Provider.executeWithRerun(JUnit4Provider.java:273)
	at org.apache.maven.surefire.junit4.JUnit4Provider.executeTestSet(JUnit4Provider.java:238)
	at org.apache.maven.surefire.junit4.JUnit4Provider.invoke(JUnit4Provider.java:159)
	at org.apache.maven.surefire.booter.ForkedBooter.invokeProviderInSameClassLoader(ForkedBooter.java:384)
	at org.apache.maven.surefire.booter.ForkedBooter.runSuitesInProcess(ForkedBooter.java:345)
	at org.apache.maven.surefire.booter.ForkedBooter.execute(ForkedBooter.java:126)
	at org.apache.maven.surefire.booter.ForkedBooter.main(ForkedBooter.java:418)
Caused by: java.security.cert.CertificateException: Failed to verify both host address and host name
	at org.apache.zookeeper.common.ZKTrustManager.performHostVerification(ZKTrustManager.java:163)
	at org.apache.zookeeper.common.ZKTrustManager.checkServerTrusted(ZKTrustManager.java:90)
	at sun.security.ssl.ClientHandshaker.serverCertificate(ClientHandshaker.java:1670)
	... 47 more
Caused by: javax.net.ssl.SSLPeerUnverifiedException: Certificate for <activate.navicat.com> doesn't match common name of the certificate subject: localhost
	at org.apache.zookeeper.common.ZKHostnameVerifier.matchCN(ZKHostnameVerifier.java:238)
	at org.apache.zookeeper.common.ZKHostnameVerifier.verify(ZKHostnameVerifier.java:184)
	at org.apache.zookeeper.common.ZKTrustManager.performHostVerification(ZKTrustManager.java:159)
	... 49 more
2020-06-22 14:23:03,041 [myid:] - ERROR [nioEventLoopGroup-4-1:NettyServerCnxnFactory$CertificateVerifier@434] - Unsuccessful handshake with session 0x0
2020-06-22 14:23:03,042 [myid:] - WARN  [nioEventLoopGroup-4-1:NettyServerCnxnFactory$CnxnChannelHandler@273] - Exception caught
io.netty.handler.codec.DecoderException: javax.net.ssl.SSLException: Received fatal alert: certificate_unknown
	at io.netty.handler.codec.ByteToMessageDecoder.callDecode(ByteToMessageDecoder.java:468)
	at io.netty.handler.codec.ByteToMessageDecoder.channelRead(ByteToMessageDecoder.java:276)
	at io.netty.channel.AbstractChannelHandlerContext.invokeChannelRead(AbstractChannelHandlerContext.java:379)
	at io.netty.channel.AbstractChannelHandlerContext.invokeChannelRead(AbstractChannelHandlerContext.java:365)
	at io.netty.channel.AbstractChannelHandlerContext.fireChannelRead(AbstractChannelHandlerContext.java:357)
	at io.netty.channel.DefaultChannelPipeline$HeadContext.channelRead(DefaultChannelPipeline.java:1410)
	at io.netty.channel.AbstractChannelHandlerContext.invokeChannelRead(AbstractChannelHandlerContext.java:379)
	at io.netty.channel.AbstractChannelHandlerContext.invokeChannelRead(AbstractChannelHandlerContext.java:365)
	at io.netty.channel.DefaultChannelPipeline.fireChannelRead(DefaultChannelPipeline.java:919)
	at io.netty.channel.nio.AbstractNioByteChannel$NioByteUnsafe.read(AbstractNioByteChannel.java:163)
	at io.netty.channel.nio.NioEventLoop.processSelectedKey(NioEventLoop.java:714)
	at io.netty.channel.nio.NioEventLoop.processSelectedKeysOptimized(NioEventLoop.java:650)
	at io.netty.channel.nio.NioEventLoop.processSelectedKeys(NioEventLoop.java:576)
	at io.netty.channel.nio.NioEventLoop.run(NioEventLoop.java:493)
	at io.netty.util.concurrent.SingleThreadEventExecutor$4.run(SingleThreadEventExecutor.java:989)
	at io.netty.util.internal.ThreadExecutorMap$2.run(ThreadExecutorMap.java:74)
	at io.netty.util.concurrent.FastThreadLocalRunnable.run(FastThreadLocalRunnable.java:30)
	at java.lang.Thread.run(Thread.java:748)
Caused by: javax.net.ssl.SSLException: Received fatal alert: certificate_unknown
	at sun.security.ssl.Alerts.getSSLException(Alerts.java:214)
	at sun.security.ssl.SSLEngineImpl.fatal(SSLEngineImpl.java:1667)
	at sun.security.ssl.SSLEngineImpl.fatal(SSLEngineImpl.java:1635)
	at sun.security.ssl.SSLEngineImpl.recvAlert(SSLEngineImpl.java:1801)
	at sun.security.ssl.SSLEngineImpl.readRecord(SSLEngineImpl.java:1090)
	at sun.security.ssl.SSLEngineImpl.readNetRecord(SSLEngineImpl.java:913)
	at sun.security.ssl.SSLEngineImpl.unwrap(SSLEngineImpl.java:783)
	at javax.net.ssl.SSLEngine.unwrap(SSLEngine.java:626)
	at io.netty.handler.ssl.SslHandler$SslEngineType$3.unwrap(SslHandler.java:281)
	at io.netty.handler.ssl.SslHandler.unwrap(SslHandler.java:1340)
	at io.netty.handler.ssl.SslHandler.decodeJdkCompatible(SslHandler.java:1235)
	at io.netty.handler.ssl.SslHandler.decode(SslHandler.java:1282)
	at io.netty.handler.codec.ByteToMessageDecoder.decodeRemovalReentryProtection(ByteToMessageDecoder.java:498)
	at io.netty.handler.codec.ByteToMessageDecoder.callDecode(ByteToMessageDecoder.java:437)
	... 17 more
2020-06-22 14:23:03,043 [myid:] - WARN  [nioEventLoopGroup-4-1:NettyServerCnxnFactory$CnxnChannelHandler@273] - Exception caught
io.netty.handler.codec.DecoderException: javax.net.ssl.SSLException: Received fatal alert: certificate_unknown
	at io.netty.handler.codec.ByteToMessageDecoder.callDecode(ByteToMessageDecoder.java:468)
	at io.netty.handler.codec.ByteToMessageDecoder.channelInputClosed(ByteToMessageDecoder.java:401)
	at io.netty.handler.codec.ByteToMessageDecoder.channelInputClosed(ByteToMessageDecoder.java:368)
	at io.netty.handler.codec.ByteToMessageDecoder.channelInactive(ByteToMessageDecoder.java:351)
	at io.netty.handler.ssl.SslHandler.channelInactive(SslHandler.java:1084)
	at io.netty.channel.AbstractChannelHandlerContext.invokeChannelInactive(AbstractChannelHandlerContext.java:262)
	at io.netty.channel.AbstractChannelHandlerContext.invokeChannelInactive(AbstractChannelHandlerContext.java:248)
	at io.netty.channel.AbstractChannelHandlerContext.fireChannelInactive(AbstractChannelHandlerContext.java:241)
	at io.netty.channel.DefaultChannelPipeline$HeadContext.channelInactive(DefaultChannelPipeline.java:1405)
	at io.netty.channel.AbstractChannelHandlerContext.invokeChannelInactive(AbstractChannelHandlerContext.java:262)
	at io.netty.channel.AbstractChannelHandlerContext.invokeChannelInactive(AbstractChannelHandlerContext.java:248)
	at io.netty.channel.DefaultChannelPipeline.fireChannelInactive(DefaultChannelPipeline.java:901)
	at io.netty.channel.AbstractChannel$AbstractUnsafe$8.run(AbstractChannel.java:818)
	at io.netty.util.concurrent.AbstractEventExecutor.safeExecute(AbstractEventExecutor.java:164)
	at io.netty.util.concurrent.SingleThreadEventExecutor.runAllTasks(SingleThreadEventExecutor.java:472)
	at io.netty.channel.nio.NioEventLoop.run(NioEventLoop.java:497)
	at io.netty.util.concurrent.SingleThreadEventExecutor$4.run(SingleThreadEventExecutor.java:989)
	at io.netty.util.internal.ThreadExecutorMap$2.run(ThreadExecutorMap.java:74)
	at io.netty.util.concurrent.FastThreadLocalRunnable.run(FastThreadLocalRunnable.java:30)
	at java.lang.Thread.run(Thread.java:748)
Caused by: javax.net.ssl.SSLException: Received fatal alert: certificate_unknown
	at sun.security.ssl.Alerts.getSSLException(Alerts.java:214)
	at sun.security.ssl.SSLEngineImpl.fatal(SSLEngineImpl.java:1667)
	at sun.security.ssl.SSLEngineImpl.fatal(SSLEngineImpl.java:1635)
	at sun.security.ssl.SSLEngineImpl.recvAlert(SSLEngineImpl.java:1801)
	at sun.security.ssl.SSLEngineImpl.readRecord(SSLEngineImpl.java:1090)
	at sun.security.ssl.SSLEngineImpl.readNetRecord(SSLEngineImpl.java:913)
	at sun.security.ssl.SSLEngineImpl.unwrap(SSLEngineImpl.java:783)
	at javax.net.ssl.SSLEngine.unwrap(SSLEngine.java:626)
	at io.netty.handler.ssl.SslHandler$SslEngineType$3.unwrap(SslHandler.java:281)
	at io.netty.handler.ssl.SslHandler.unwrap(SslHandler.java:1340)
	at io.netty.handler.ssl.SslHandler.decodeJdkCompatible(SslHandler.java:1235)
	at io.netty.handler.ssl.SslHandler.decode(SslHandler.java:1282)
	at io.netty.handler.codec.ByteToMessageDecoder.decodeRemovalReentryProtection(ByteToMessageDecoder.java:498)
	at io.netty.handler.codec.ByteToMessageDecoder.callDecode(ByteToMessageDecoder.java:437)
	... 19 more
2020-06-22 14:23:03,049 [myid:] - INFO  [main:ClientBase@583] - tearDown starting
2020-06-22 14:23:03,050 [myid:] - INFO  [main:ClientBase@557] - STOPPING server
2020-06-22 14:23:03,050 [myid:] - INFO  [main:NettyServerCnxnFactory@622] - shutdown called /127.0.0.1:21995
2020-06-22 14:23:03,058 [myid:] - INFO  [main:ZooKeeperServer@784] - shutting down
2020-06-22 14:23:03,059 [myid:] - INFO  [main:RequestThrottler@244] - Shutting down
2020-06-22 14:23:03,059 [myid:] - INFO  [RequestThrottler:RequestThrottler@205] - Draining request throttler queue
2020-06-22 14:23:03,059 [myid:] - INFO  [RequestThrottler:RequestThrottler@181] - RequestThrottler shutdown. Dropped 0 requests
2020-06-22 14:23:03,059 [myid:] - INFO  [main:SessionTrackerImpl@247] - Shutting down
2020-06-22 14:23:03,060 [myid:] - INFO  [main:PrepRequestProcessor@1047] - Shutting down
2020-06-22 14:23:03,060 [myid:] - INFO  [main:SyncRequestProcessor@256] - Shutting down
2020-06-22 14:23:03,060 [myid:] - INFO  [SyncThread:0:SyncRequestProcessor@225] - SyncRequestProcessor exited!
2020-06-22 14:23:03,061 [myid:] - INFO  [main:FinalRequestProcessor@662] - shutdown of request processor complete
2020-06-22 14:23:03,061 [myid:] - INFO  [ProcessThread(sid:0 cport:-1)::PrepRequestProcessor@159] - PrepRequestProcessor exited loop!
2020-06-22 14:23:03,064 [myid:] - INFO  [main:FourLetterWordMain@93] - connecting to 127.0.0.1 21995
2020-06-22 14:23:03,064 [myid:] - INFO  [main:FourLetterWordMain@99] - using secure socket
2020-06-22 14:23:04,589 [myid:] - INFO  [SessionTracker:SessionTrackerImpl@170] - SessionTrackerImpl exited loop!
2020-06-22 14:23:05,068 [myid:] - INFO  [main:JMXEnv@142] - ensureOnly:[]
2020-06-22 14:23:05,079 [myid:] - ERROR [main:ZKTestCase$1@101] - FAILED testAuth
java.lang.AssertionError: waiting for server up
	at org.apache.zookeeper.test.ClientBase.startServerInstance(ClientBase.java:399)
	at org.apache.zookeeper.test.ClientBase.startServer(ClientBase.java:516)
	at org.apache.zookeeper.test.ClientBase.setUpWithServerId(ClientBase.java:499)
	at org.apache.zookeeper.test.ClientBase.setUp(ClientBase.java:474)
	at org.apache.zookeeper.test.SaslDigestAuthOverSSLTest.setUp(SaslDigestAuthOverSSLTest.java:62)
2020-06-22 14:23:05,079 [myid:] - INFO  [main:ZKTestCase$1@91] - FINISHED testAuth
]]></system-out>
  </testcase>
</testsuite>