<?xml version="1.0" encoding="UTF-8"?>
<testsuite xmlns:xsi="http://www.w3.org/2001/XMLSchema-instance" xsi:noNamespaceSchemaLocation="https://maven.apache.org/surefire/maven-surefire-plugin/xsd/surefire-test-report.xsd" name="org.apache.zookeeper.test.LoadFromLogTest" time="23.909" tests="6" errors="0" skipped="0" failures="1">
  <properties>
    <property name="sun.desktop" value="windows"/>
    <property name="build.test.dir" value="D:\desktop\git_repo\zookeeper-read\zookeeper-server\target/surefire"/>
    <property name="awt.toolkit" value="sun.awt.windows.WToolkit"/>
    <property name="file.encoding.pkg" value="sun.io"/>
    <property name="java.specification.version" value="1.8"/>
    <property name="sun.cpu.isalist" value="amd64"/>
    <property name="sun.jnu.encoding" value="GBK"/>
    <property name="java.class.path" value="D:\desktop\git_repo\zookeeper-read\zookeeper-server\target\test-classes;D:\desktop\git_repo\zookeeper-read\zookeeper-server\target\classes;C:\Users\admin\.m2\repository\com\github\spotbugs\spotbugs-annotations\4.0.2\spotbugs-annotations-4.0.2.jar;C:\Users\admin\.m2\repository\com\google\code\findbugs\jsr305\3.0.2\jsr305-3.0.2.jar;C:\Users\admin\.m2\repository\org\hamcrest\hamcrest-all\1.3\hamcrest-all-1.3.jar;C:\Users\admin\.m2\repository\commons-collections\commons-collections\3.2.2\commons-collections-3.2.2.jar;C:\Users\admin\.m2\repository\commons-lang\commons-lang\2.6\commons-lang-2.6.jar;D:\desktop\git_repo\zookeeper-read\zookeeper-jute\target\zookeeper-jute-3.6.1.jar;C:\Users\admin\.m2\repository\commons-cli\commons-cli\1.2\commons-cli-1.2.jar;C:\Users\admin\.m2\repository\org\apache\yetus\audience-annotations\0.5.0\audience-annotations-0.5.0.jar;C:\Users\admin\.m2\repository\io\netty\netty-handler\4.1.48.Final\netty-handler-4.1.48.Final.jar;C:\Users\admin\.m2\repository\io\netty\netty-common\4.1.48.Final\netty-common-4.1.48.Final.jar;C:\Users\admin\.m2\repository\io\netty\netty-resolver\4.1.48.Final\netty-resolver-4.1.48.Final.jar;C:\Users\admin\.m2\repository\io\netty\netty-buffer\4.1.48.Final\netty-buffer-4.1.48.Final.jar;C:\Users\admin\.m2\repository\io\netty\netty-transport\4.1.48.Final\netty-transport-4.1.48.Final.jar;C:\Users\admin\.m2\repository\io\netty\netty-codec\4.1.48.Final\netty-codec-4.1.48.Final.jar;C:\Users\admin\.m2\repository\io\netty\netty-transport-native-epoll\4.1.48.Final\netty-transport-native-epoll-4.1.48.Final.jar;C:\Users\admin\.m2\repository\io\netty\netty-transport-native-unix-common\4.1.48.Final\netty-transport-native-unix-common-4.1.48.Final.jar;C:\Users\admin\.m2\repository\org\slf4j\slf4j-api\1.7.25\slf4j-api-1.7.25.jar;C:\Users\admin\.m2\repository\org\slf4j\slf4j-log4j12\1.7.25\slf4j-log4j12-1.7.25.jar;C:\Users\admin\.m2\repository\org\eclipse\jetty\jetty-server\9.4.24.v20191120\jetty-server-9.4.24.v20191120.jar;C:\Users\admin\.m2\repository\javax\servlet\javax.servlet-api\3.1.0\javax.servlet-api-3.1.0.jar;C:\Users\admin\.m2\repository\org\eclipse\jetty\jetty-http\9.4.24.v20191120\jetty-http-9.4.24.v20191120.jar;C:\Users\admin\.m2\repository\org\eclipse\jetty\jetty-util\9.4.24.v20191120\jetty-util-9.4.24.v20191120.jar;C:\Users\admin\.m2\repository\org\eclipse\jetty\jetty-io\9.4.24.v20191120\jetty-io-9.4.24.v20191120.jar;C:\Users\admin\.m2\repository\org\eclipse\jetty\jetty-servlet\9.4.24.v20191120\jetty-servlet-9.4.24.v20191120.jar;C:\Users\admin\.m2\repository\org\eclipse\jetty\jetty-security\9.4.24.v20191120\jetty-security-9.4.24.v20191120.jar;C:\Users\admin\.m2\repository\com\fasterxml\jackson\core\jackson-databind\2.10.3\jackson-databind-2.10.3.jar;C:\Users\admin\.m2\repository\com\fasterxml\jackson\core\jackson-annotations\2.10.3\jackson-annotations-2.10.3.jar;C:\Users\admin\.m2\repository\com\fasterxml\jackson\core\jackson-core\2.10.3\jackson-core-2.10.3.jar;C:\Users\admin\.m2\repository\com\googlecode\json-simple\json-simple\1.1.1\json-simple-1.1.1.jar;C:\Users\admin\.m2\repository\org\bouncycastle\bcprov-jdk15on\1.60\bcprov-jdk15on-1.60.jar;C:\Users\admin\.m2\repository\org\bouncycastle\bcpkix-jdk15on\1.60\bcpkix-jdk15on-1.60.jar;C:\Users\admin\.m2\repository\jline\jline\2.11\jline-2.11.jar;C:\Users\admin\.m2\repository\io\dropwizard\metrics\metrics-core\3.2.5\metrics-core-3.2.5.jar;C:\Users\admin\.m2\repository\log4j\log4j\1.2.17\log4j-1.2.17.jar;C:\Users\admin\.m2\repository\org\apache\kerby\kerb-core\2.0.0\kerb-core-2.0.0.jar;C:\Users\admin\.m2\repository\org\apache\kerby\kerby-pkix\2.0.0\kerby-pkix-2.0.0.jar;C:\Users\admin\.m2\repository\org\apache\kerby\kerby-asn1\2.0.0\kerby-asn1-2.0.0.jar;C:\Users\admin\.m2\repository\org\apache\kerby\kerby-util\2.0.0\kerby-util-2.0.0.jar;C:\Users\admin\.m2\repository\org\apache\kerby\kerb-simplekdc\2.0.0\kerb-simplekdc-2.0.0.jar;C:\Users\admin\.m2\repository\org\apache\kerby\kerb-client\2.0.0\kerb-client-2.0.0.jar;C:\Users\admin\.m2\repository\org\apache\kerby\kerb-common\2.0.0\kerb-common-2.0.0.jar;C:\Users\admin\.m2\repository\org\apache\kerby\kerb-crypto\2.0.0\kerb-crypto-2.0.0.jar;C:\Users\admin\.m2\repository\commons-io\commons-io\2.6\commons-io-2.6.jar;C:\Users\admin\.m2\repository\org\apache\kerby\kerb-util\2.0.0\kerb-util-2.0.0.jar;C:\Users\admin\.m2\repository\org\apache\kerby\token-provider\2.0.0\token-provider-2.0.0.jar;C:\Users\admin\.m2\repository\com\nimbusds\nimbus-jose-jwt\4.41.2\nimbus-jose-jwt-4.41.2.jar;C:\Users\admin\.m2\repository\com\github\stephenc\jcip\jcip-annotations\1.0-1\jcip-annotations-1.0-1.jar;C:\Users\admin\.m2\repository\net\minidev\json-smart\2.3\json-smart-2.3.jar;C:\Users\admin\.m2\repository\net\minidev\accessors-smart\1.2\accessors-smart-1.2.jar;C:\Users\admin\.m2\repository\org\ow2\asm\asm\5.0.4\asm-5.0.4.jar;C:\Users\admin\.m2\repository\org\apache\kerby\kerb-admin\2.0.0\kerb-admin-2.0.0.jar;C:\Users\admin\.m2\repository\org\apache\kerby\kerb-server\2.0.0\kerb-server-2.0.0.jar;C:\Users\admin\.m2\repository\org\apache\kerby\kerb-identity\2.0.0\kerb-identity-2.0.0.jar;C:\Users\admin\.m2\repository\org\apache\kerby\kerby-xdr\2.0.0\kerby-xdr-2.0.0.jar;C:\Users\admin\.m2\repository\org\apache\kerby\kerby-config\2.0.0\kerby-config-2.0.0.jar;C:\Users\admin\.m2\repository\org\mockito\mockito-core\2.27.0\mockito-core-2.27.0.jar;C:\Users\admin\.m2\repository\net\bytebuddy\byte-buddy\1.9.10\byte-buddy-1.9.10.jar;C:\Users\admin\.m2\repository\net\bytebuddy\byte-buddy-agent\1.9.10\byte-buddy-agent-1.9.10.jar;C:\Users\admin\.m2\repository\org\objenesis\objenesis\2.6\objenesis-2.6.jar;C:\Users\admin\.m2\repository\org\jmockit\jmockit\1.48\jmockit-1.48.jar;C:\Users\admin\.m2\repository\junit\junit\4.12\junit-4.12.jar;C:\Users\admin\.m2\repository\org\hamcrest\hamcrest-core\1.3\hamcrest-core-1.3.jar;C:\Users\admin\.m2\repository\org\xerial\snappy\snappy-java\1.1.7\snappy-java-1.1.7.jar;"/>
    <property name="java.vm.vendor" value="Oracle Corporation"/>
    <property name="sun.arch.data.model" value="64"/>
    <property name="user.variant" value=""/>
    <property name="java.vendor.url" value="http://java.oracle.com/"/>
    <property name="user.timezone" value="Asia/Shanghai"/>
    <property name="java.vm.specification.version" value="1.8"/>
    <property name="os.name" value="Windows 10"/>
    <property name="user.country" value="CN"/>
    <property name="sun.java.launcher" value="SUN_STANDARD"/>
    <property name="sun.boot.library.path" value="D:\Program Files\RedHat\java-1.8.0-openjdk-1.8.0.252-2\jre\bin"/>
    <property name="sun.java.command" value="C:\Users\admin\AppData\Local\Temp\surefire817669169469973491\surefirebooter6275398428375272710.jar C:\Users\admin\AppData\Local\Temp\surefire817669169469973491 2020-06-22T14-04-30_671-jvmRun1 surefire2629637027634038106tmp surefire_2062383666579658338631tmp"/>
    <property name="surefire.test.class.path" value="D:\desktop\git_repo\zookeeper-read\zookeeper-server\target\test-classes;D:\desktop\git_repo\zookeeper-read\zookeeper-server\target\classes;C:\Users\admin\.m2\repository\com\github\spotbugs\spotbugs-annotations\4.0.2\spotbugs-annotations-4.0.2.jar;C:\Users\admin\.m2\repository\com\google\code\findbugs\jsr305\3.0.2\jsr305-3.0.2.jar;C:\Users\admin\.m2\repository\org\hamcrest\hamcrest-all\1.3\hamcrest-all-1.3.jar;C:\Users\admin\.m2\repository\commons-collections\commons-collections\3.2.2\commons-collections-3.2.2.jar;C:\Users\admin\.m2\repository\commons-lang\commons-lang\2.6\commons-lang-2.6.jar;D:\desktop\git_repo\zookeeper-read\zookeeper-jute\target\zookeeper-jute-3.6.1.jar;C:\Users\admin\.m2\repository\commons-cli\commons-cli\1.2\commons-cli-1.2.jar;C:\Users\admin\.m2\repository\org\apache\yetus\audience-annotations\0.5.0\audience-annotations-0.5.0.jar;C:\Users\admin\.m2\repository\io\netty\netty-handler\4.1.48.Final\netty-handler-4.1.48.Final.jar;C:\Users\admin\.m2\repository\io\netty\netty-common\4.1.48.Final\netty-common-4.1.48.Final.jar;C:\Users\admin\.m2\repository\io\netty\netty-resolver\4.1.48.Final\netty-resolver-4.1.48.Final.jar;C:\Users\admin\.m2\repository\io\netty\netty-buffer\4.1.48.Final\netty-buffer-4.1.48.Final.jar;C:\Users\admin\.m2\repository\io\netty\netty-transport\4.1.48.Final\netty-transport-4.1.48.Final.jar;C:\Users\admin\.m2\repository\io\netty\netty-codec\4.1.48.Final\netty-codec-4.1.48.Final.jar;C:\Users\admin\.m2\repository\io\netty\netty-transport-native-epoll\4.1.48.Final\netty-transport-native-epoll-4.1.48.Final.jar;C:\Users\admin\.m2\repository\io\netty\netty-transport-native-unix-common\4.1.48.Final\netty-transport-native-unix-common-4.1.48.Final.jar;C:\Users\admin\.m2\repository\org\slf4j\slf4j-api\1.7.25\slf4j-api-1.7.25.jar;C:\Users\admin\.m2\repository\org\slf4j\slf4j-log4j12\1.7.25\slf4j-log4j12-1.7.25.jar;C:\Users\admin\.m2\repository\org\eclipse\jetty\jetty-server\9.4.24.v20191120\jetty-server-9.4.24.v20191120.jar;C:\Users\admin\.m2\repository\javax\servlet\javax.servlet-api\3.1.0\javax.servlet-api-3.1.0.jar;C:\Users\admin\.m2\repository\org\eclipse\jetty\jetty-http\9.4.24.v20191120\jetty-http-9.4.24.v20191120.jar;C:\Users\admin\.m2\repository\org\eclipse\jetty\jetty-util\9.4.24.v20191120\jetty-util-9.4.24.v20191120.jar;C:\Users\admin\.m2\repository\org\eclipse\jetty\jetty-io\9.4.24.v20191120\jetty-io-9.4.24.v20191120.jar;C:\Users\admin\.m2\repository\org\eclipse\jetty\jetty-servlet\9.4.24.v20191120\jetty-servlet-9.4.24.v20191120.jar;C:\Users\admin\.m2\repository\org\eclipse\jetty\jetty-security\9.4.24.v20191120\jetty-security-9.4.24.v20191120.jar;C:\Users\admin\.m2\repository\com\fasterxml\jackson\core\jackson-databind\2.10.3\jackson-databind-2.10.3.jar;C:\Users\admin\.m2\repository\com\fasterxml\jackson\core\jackson-annotations\2.10.3\jackson-annotations-2.10.3.jar;C:\Users\admin\.m2\repository\com\fasterxml\jackson\core\jackson-core\2.10.3\jackson-core-2.10.3.jar;C:\Users\admin\.m2\repository\com\googlecode\json-simple\json-simple\1.1.1\json-simple-1.1.1.jar;C:\Users\admin\.m2\repository\org\bouncycastle\bcprov-jdk15on\1.60\bcprov-jdk15on-1.60.jar;C:\Users\admin\.m2\repository\org\bouncycastle\bcpkix-jdk15on\1.60\bcpkix-jdk15on-1.60.jar;C:\Users\admin\.m2\repository\jline\jline\2.11\jline-2.11.jar;C:\Users\admin\.m2\repository\io\dropwizard\metrics\metrics-core\3.2.5\metrics-core-3.2.5.jar;C:\Users\admin\.m2\repository\log4j\log4j\1.2.17\log4j-1.2.17.jar;C:\Users\admin\.m2\repository\org\apache\kerby\kerb-core\2.0.0\kerb-core-2.0.0.jar;C:\Users\admin\.m2\repository\org\apache\kerby\kerby-pkix\2.0.0\kerby-pkix-2.0.0.jar;C:\Users\admin\.m2\repository\org\apache\kerby\kerby-asn1\2.0.0\kerby-asn1-2.0.0.jar;C:\Users\admin\.m2\repository\org\apache\kerby\kerby-util\2.0.0\kerby-util-2.0.0.jar;C:\Users\admin\.m2\repository\org\apache\kerby\kerb-simplekdc\2.0.0\kerb-simplekdc-2.0.0.jar;C:\Users\admin\.m2\repository\org\apache\kerby\kerb-client\2.0.0\kerb-client-2.0.0.jar;C:\Users\admin\.m2\repository\org\apache\kerby\kerb-common\2.0.0\kerb-common-2.0.0.jar;C:\Users\admin\.m2\repository\org\apache\kerby\kerb-crypto\2.0.0\kerb-crypto-2.0.0.jar;C:\Users\admin\.m2\repository\commons-io\commons-io\2.6\commons-io-2.6.jar;C:\Users\admin\.m2\repository\org\apache\kerby\kerb-util\2.0.0\kerb-util-2.0.0.jar;C:\Users\admin\.m2\repository\org\apache\kerby\token-provider\2.0.0\token-provider-2.0.0.jar;C:\Users\admin\.m2\repository\com\nimbusds\nimbus-jose-jwt\4.41.2\nimbus-jose-jwt-4.41.2.jar;C:\Users\admin\.m2\repository\com\github\stephenc\jcip\jcip-annotations\1.0-1\jcip-annotations-1.0-1.jar;C:\Users\admin\.m2\repository\net\minidev\json-smart\2.3\json-smart-2.3.jar;C:\Users\admin\.m2\repository\net\minidev\accessors-smart\1.2\accessors-smart-1.2.jar;C:\Users\admin\.m2\repository\org\ow2\asm\asm\5.0.4\asm-5.0.4.jar;C:\Users\admin\.m2\repository\org\apache\kerby\kerb-admin\2.0.0\kerb-admin-2.0.0.jar;C:\Users\admin\.m2\repository\org\apache\kerby\kerb-server\2.0.0\kerb-server-2.0.0.jar;C:\Users\admin\.m2\repository\org\apache\kerby\kerb-identity\2.0.0\kerb-identity-2.0.0.jar;C:\Users\admin\.m2\repository\org\apache\kerby\kerby-xdr\2.0.0\kerby-xdr-2.0.0.jar;C:\Users\admin\.m2\repository\org\apache\kerby\kerby-config\2.0.0\kerby-config-2.0.0.jar;C:\Users\admin\.m2\repository\org\mockito\mockito-core\2.27.0\mockito-core-2.27.0.jar;C:\Users\admin\.m2\repository\net\bytebuddy\byte-buddy\1.9.10\byte-buddy-1.9.10.jar;C:\Users\admin\.m2\repository\net\bytebuddy\byte-buddy-agent\1.9.10\byte-buddy-agent-1.9.10.jar;C:\Users\admin\.m2\repository\org\objenesis\objenesis\2.6\objenesis-2.6.jar;C:\Users\admin\.m2\repository\org\jmockit\jmockit\1.48\jmockit-1.48.jar;C:\Users\admin\.m2\repository\junit\junit\4.12\junit-4.12.jar;C:\Users\admin\.m2\repository\org\hamcrest\hamcrest-core\1.3\hamcrest-core-1.3.jar;C:\Users\admin\.m2\repository\org\xerial\snappy\snappy-java\1.1.7\snappy-java-1.1.7.jar;"/>
    <property name="sun.cpu.endian" value="little"/>
    <property name="user.home" value="C:\Users\admin"/>
    <property name="user.language" value="zh"/>
    <property name="java.specification.vendor" value="Oracle Corporation"/>
    <property name="java.home" value="D:\Program Files\RedHat\java-1.8.0-openjdk-1.8.0.252-2\jre"/>
    <property name="zookeeper.DigestAuthenticationProvider.superDigest" value="super:D/InIHSb7yEEbrWz8b9l71RjZJU="/>
    <property name="basedir" value="D:\desktop\git_repo\zookeeper-read\zookeeper-server"/>
    <property name="file.separator" value="\"/>
    <property name="line.separator" value="&#10;"/>
    <property name="java.vm.specification.vendor" value="Oracle Corporation"/>
    <property name="java.specification.name" value="Java Platform API Specification"/>
    <property name="java.awt.graphicsenv" value="sun.awt.Win32GraphicsEnvironment"/>
    <property name="test.junit.threads" value="8"/>
    <property name="idea.version2020.1.1" value="true"/>
    <property name="surefire.real.class.path" value="C:\Users\admin\AppData\Local\Temp\surefire817669169469973491\surefirebooter6275398428375272710.jar;C:\Users\admin\.m2\repository\org\jmockit\jmockit\1.48\jmockit-1.48.jar"/>
    <property name="zookeeper.junit.threadid" value="1"/>
    <property name="sun.boot.class.path" value="D:\Program Files\RedHat\java-1.8.0-openjdk-1.8.0.252-2\jre\lib\resources.jar;D:\Program Files\RedHat\java-1.8.0-openjdk-1.8.0.252-2\jre\lib\rt.jar;D:\Program Files\RedHat\java-1.8.0-openjdk-1.8.0.252-2\jre\lib\sunrsasign.jar;D:\Program Files\RedHat\java-1.8.0-openjdk-1.8.0.252-2\jre\lib\jsse.jar;D:\Program Files\RedHat\java-1.8.0-openjdk-1.8.0.252-2\jre\lib\jce.jar;D:\Program Files\RedHat\java-1.8.0-openjdk-1.8.0.252-2\jre\lib\charsets.jar;D:\Program Files\RedHat\java-1.8.0-openjdk-1.8.0.252-2\jre\lib\jfr.jar;D:\Program Files\RedHat\java-1.8.0-openjdk-1.8.0.252-2\jre\classes"/>
    <property name="user.script" value=""/>
    <property name="sun.management.compiler" value="HotSpot 64-Bit Tiered Compilers"/>
    <property name="java.runtime.version" value="1.8.0_252-b09"/>
    <property name="user.name" value="admin"/>
    <property name="path.separator" value=";"/>
    <property name="os.version" value="10.0"/>
    <property name="java.endorsed.dirs" value="D:\Program Files\RedHat\java-1.8.0-openjdk-1.8.0.252-2\jre\lib\endorsed"/>
    <property name="java.runtime.name" value="OpenJDK Runtime Environment"/>
    <property name="file.encoding" value="GBK"/>
    <property name="java.vm.name" value="OpenJDK 64-Bit Server VM"/>
    <property name="localRepository" value="C:\Users\admin\.m2\repository"/>
    <property name="java.vendor.url.bug" value="http://bugreport.sun.com/bugreport/"/>
    <property name="java.io.tmpdir" value="C:\Users\admin\AppData\Local\Temp\"/>
    <property name="java.version" value="1.8.0_252"/>
    <property name="user.dir" value="D:\desktop\git_repo\zookeeper-read\zookeeper-server"/>
    <property name="os.arch" value="amd64"/>
    <property name="java.vm.specification.name" value="Java Virtual Machine Specification"/>
    <property name="java.awt.printerjob" value="sun.awt.windows.WPrinterJob"/>
    <property name="sun.os.patch.level" value=""/>
    <property name="java.library.path" value="D:\Program Files\RedHat\java-1.8.0-openjdk-1.8.0.252-2\jre\bin;C:\Windows\Sun\Java\bin;C:\Windows\system32;C:\Windows;D:\Program Files (x86)\NetSarang\Xshell 6\;C:\Windows\system32;C:\Windows;C:\Windows\System32\Wbem;C:\Windows\System32\WindowsPowerShell\v1.0\;C:\Windows\System32\OpenSSH\;C:\Program Files (x86)\NVIDIA Corporation\PhysX\Common;C:\Program Files\NVIDIA Corporation\NVIDIA NvDLISR;D:\Program Files\RedHat\java-1.8.0-openjdk-1.8.0.252-2\bin;D:\Program Files\RedHat\java-1.8.0-openjdk-1.8.0.252-2\jre\bin;D:\Program Files\Git\cmd;D:\Go\bin;D:\Program Files\nodejs\;C:\Users\admin\AppData\Local\Microsoft\WindowsApps;;D:\Programs\Microsoft VS Code\bin;C:\Users\admin\go\bin;C:\Users\admin\AppData\Roaming\npm;."/>
    <property name="java.vm.info" value="mixed mode"/>
    <property name="java.vendor" value="Oracle Corporation"/>
    <property name="java.vm.version" value="25.252-b09"/>
    <property name="java.ext.dirs" value="D:\Program Files\RedHat\java-1.8.0-openjdk-1.8.0.252-2\jre\lib\ext;C:\Windows\Sun\Java\lib\ext"/>
    <property name="sun.io.unicode.encoding" value="UnicodeLittle"/>
    <property name="java.class.version" value="52.0"/>
  </properties>
  <testcase name="testReloadSnapshotWithMissingParent" classname="org.apache.zookeeper.test.LoadFromLogTest" time="4.829"/>
  <testcase name="testRestoreWithTransactionErrors" classname="org.apache.zookeeper.test.LoadFromLogTest" time="4.696"/>
  <testcase name="testLoad" classname="org.apache.zookeeper.test.LoadFromLogTest" time="2.771"/>
  <testcase name="testDatadirAutocreate" classname="org.apache.zookeeper.test.LoadFromLogTest" time="4.041"/>
  <testcase name="testRestore" classname="org.apache.zookeeper.test.LoadFromLogTest" time="4.633"/>
  <testcase name="testLoadFailure" classname="org.apache.zookeeper.test.LoadFromLogTest" time="2.653">
    <failure message="file &apos;D:\desktop\git_repo\zookeeper-read\zookeeper-server\target\surefire\test5913299192910745859.junit.dir\version-2\log.26&apos; deletion failed" type="java.lang.AssertionError">java.lang.AssertionError: file 'D:\desktop\git_repo\zookeeper-read\zookeeper-server\target\surefire\test5913299192910745859.junit.dir\version-2\log.26' deletion failed
</failure>
    <system-out><![CDATA[2020-06-22 14:16:45,783 [myid:] - INFO  [main:PortAssignment@87] - Assigned port 11227 from range 11221 - 13913.
2020-06-22 14:16:45,784 [myid:] - INFO  [main:ZKTestCase$1@86] - STARTING testLoadFailure
2020-06-22 14:16:45,785 [myid:] - INFO  [main:JMXEnv@58] - connecting to addr service:jmx:rmi://127.0.0.1/stub/rO0ABXNyAC5qYXZheC5tYW5hZ2VtZW50LnJlbW90ZS5ybWkuUk1JU2VydmVySW1wbF9TdHViAAAAAAAAAAICAAB4cgAaamF2YS5ybWkuc2VydmVyLlJlbW90ZVN0dWLp/tzJi+FlGgIAAHhyABxqYXZhLnJtaS5zZXJ2ZXIuUmVtb3RlT2JqZWN002G0kQxhMx4DAAB4cHc4AAtVbmljYXN0UmVmMgAADTEwLjEwLjEyMi4xNjAAAMBtBql+NT8ZGZxjdIq7AAABctqrsp2AOAB4
2020-06-22 14:16:45,792 [myid:] - INFO  [main:ClientBase@514] - STARTING server
2020-06-22 14:16:45,793 [myid:] - INFO  [main:ClientBase@423] - CREATING server instance 127.0.0.1:11227
2020-06-22 14:16:45,793 [myid:] - INFO  [main:ServerCnxnFactory@169] - Using org.apache.zookeeper.server.NIOServerCnxnFactory as server connection factory
2020-06-22 14:16:45,793 [myid:] - WARN  [main:ServerCnxnFactory@309] - maxCnxns is not configured, using default value 0.
2020-06-22 14:16:45,793 [myid:] - INFO  [main:NIOServerCnxnFactory@666] - Configuring NIO connection handler with 10s sessionless connection timeout, 2 selector thread(s), 16 worker threads, and 64 kB direct buffers.
2020-06-22 14:16:45,795 [myid:] - INFO  [main:NIOServerCnxnFactory@674] - binding to port 0.0.0.0/0.0.0.0:11227
2020-06-22 14:16:45,796 [myid:] - INFO  [main:ClientBase@395] - STARTING server instance 127.0.0.1:11227
2020-06-22 14:16:45,796 [myid:] - INFO  [main:FileTxnSnapLog@124] - zookeeper.snapshot.trust.empty : false
2020-06-22 14:16:45,797 [myid:] - INFO  [main:WatchManagerFactory@42] - Using org.apache.zookeeper.server.watch.WatchManager as watch manager
2020-06-22 14:16:45,798 [myid:] - INFO  [main:WatchManagerFactory@42] - Using org.apache.zookeeper.server.watch.WatchManager as watch manager
2020-06-22 14:16:45,798 [myid:] - INFO  [main:ZKDatabase@132] - zookeeper.snapshotSizeFactor = 0.33
2020-06-22 14:16:45,798 [myid:] - INFO  [main:ZKDatabase@152] - zookeeper.commitLogCount=500
2020-06-22 14:16:45,798 [myid:] - INFO  [main:ZooKeeperServer@1246] - minSessionTimeout set to 6000
2020-06-22 14:16:45,798 [myid:] - INFO  [main:ZooKeeperServer@1255] - maxSessionTimeout set to 60000
2020-06-22 14:16:45,799 [myid:] - INFO  [main:ResponseCache@45] - Response cache size is initialized with value 400.
2020-06-22 14:16:45,799 [myid:] - INFO  [main:ResponseCache@45] - Response cache size is initialized with value 400.
2020-06-22 14:16:45,799 [myid:] - INFO  [main:RequestPathMetricsCollector@111] - zookeeper.pathStats.slotCapacity = 60
2020-06-22 14:16:45,799 [myid:] - INFO  [main:RequestPathMetricsCollector@112] - zookeeper.pathStats.slotDuration = 15
2020-06-22 14:16:45,799 [myid:] - INFO  [main:RequestPathMetricsCollector@113] - zookeeper.pathStats.maxDepth = 6
2020-06-22 14:16:45,799 [myid:] - INFO  [main:RequestPathMetricsCollector@114] - zookeeper.pathStats.initialDelay = 5
2020-06-22 14:16:45,799 [myid:] - INFO  [main:RequestPathMetricsCollector@115] - zookeeper.pathStats.delay = 5
2020-06-22 14:16:45,799 [myid:] - INFO  [main:RequestPathMetricsCollector@116] - zookeeper.pathStats.enabled = false
2020-06-22 14:16:45,799 [myid:] - INFO  [main:ZooKeeperServer@1471] - The max bytes for all large requests are set to 104857600
2020-06-22 14:16:45,800 [myid:] - INFO  [main:ZooKeeperServer@1485] - The large request threshold is set to -1
2020-06-22 14:16:45,800 [myid:] - INFO  [main:ZooKeeperServer@329] - Created server with tickTime 3000 minSessionTimeout 6000 maxSessionTimeout 60000 clientPortListenBacklog -1 datadir D:\desktop\git_repo\zookeeper-read\zookeeper-server\target\surefire\test5913299192910745859.junit.dir\version-2 snapdir D:\desktop\git_repo\zookeeper-read\zookeeper-server\target\surefire\test5913299192910745859.junit.dir\version-2
2020-06-22 14:16:45,800 [myid:] - INFO  [main:FileTxnSnapLog@251] - Initialize file found, an empty database will not block voting participation
2020-06-22 14:16:45,801 [myid:] - INFO  [main:FileTxnSnapLog@470] - Snapshotting: 0x0 to D:\desktop\git_repo\zookeeper-read\zookeeper-server\target\surefire\test5913299192910745859.junit.dir\version-2\snapshot.0
2020-06-22 14:16:45,802 [myid:] - INFO  [main:ZKDatabase@289] - Snapshot loaded in 2 ms, highest zxid is 0x0, digest is 1371985504
2020-06-22 14:16:45,802 [myid:] - INFO  [main:FileTxnSnapLog@470] - Snapshotting: 0x0 to D:\desktop\git_repo\zookeeper-read\zookeeper-server\target\surefire\test5913299192910745859.junit.dir\version-2\snapshot.0
2020-06-22 14:16:45,803 [myid:] - INFO  [main:ZooKeeperServer@519] - Snapshot taken in 0 ms
2020-06-22 14:16:45,804 [myid:] - INFO  [main:FourLetterWordMain@93] - connecting to 127.0.0.1 11227
2020-06-22 14:16:45,809 [myid:] - INFO  [NIOWorkerThread-1:NIOServerCnxn@507] - Processing stat command from /127.0.0.1:50274
2020-06-22 14:16:45,809 [myid:] - INFO  [NIOWorkerThread-1:StatCommand@52] - Stat command output
2020-06-22 14:16:45,810 [myid:] - INFO  [main:JMXEnv@219] - ensureParent:[InMemoryDataTree, StandaloneServer_port]
2020-06-22 14:16:45,812 [myid:] - INFO  [main:JMXEnv@235] - expect:InMemoryDataTree
2020-06-22 14:16:45,812 [myid:] - INFO  [main:JMXEnv@239] - found:InMemoryDataTree org.apache.ZooKeeperService:name0=StandaloneServer_port11227,name1=InMemoryDataTree
2020-06-22 14:16:45,812 [myid:] - INFO  [main:JMXEnv@235] - expect:StandaloneServer_port
2020-06-22 14:16:45,813 [myid:] - INFO  [main:JMXEnv@239] - found:StandaloneServer_port org.apache.ZooKeeperService:name0=StandaloneServer_port11227
2020-06-22 14:16:45,813 [myid:] - INFO  [main:ClientBase@501] - Client test setup finished
2020-06-22 14:16:45,813 [myid:] - INFO  [main:JUnit4ZKTestRunner$LoggedInvokeMethod@84] - RUNNING TEST METHOD testLoadFailure
2020-06-22 14:16:45,813 [myid:] - INFO  [main:ZooKeeper@1005] - Initiating client connection, connectString=127.0.0.1:11227 sessionTimeout=30000 watcher=org.apache.zookeeper.test.ClientBase$CountdownWatcher@3ec300f1
2020-06-22 14:16:45,815 [myid:] - INFO  [main:ClientCnxnSocket@239] - jute.maxbuffer value is 1048575 Bytes
2020-06-22 14:16:45,815 [myid:] - INFO  [main:ClientCnxn@1703] - zookeeper.request.timeout value is 0. feature enabled=false
2020-06-22 14:16:45,826 [myid:127.0.0.1:11227] - INFO  [main-SendThread(127.0.0.1:11227):ClientCnxn$SendThread@1154] - Opening socket connection to server activate.navicat.com/127.0.0.1:11227.
2020-06-22 14:16:45,826 [myid:127.0.0.1:11227] - INFO  [main-SendThread(127.0.0.1:11227):ClientCnxn$SendThread@1156] - SASL config status: Will not attempt to authenticate using SASL (unknown error)
2020-06-22 14:16:45,826 [myid:127.0.0.1:11227] - INFO  [main-SendThread(127.0.0.1:11227):ClientCnxn$SendThread@986] - Socket connection established, initiating session, client: /127.0.0.1:50281, server: activate.navicat.com/127.0.0.1:11227
2020-06-22 14:16:45,828 [myid:] - INFO  [SyncThread:0:FileTxnLog@284] - Creating new log file: log.1
2020-06-22 14:16:45,835 [myid:127.0.0.1:11227] - INFO  [main-SendThread(127.0.0.1:11227):ClientCnxn$SendThread@1420] - Session establishment complete on server activate.navicat.com/127.0.0.1:11227, session id = 0x10015f2b7770000, negotiated timeout = 30000
2020-06-22 14:16:45,906 [myid:] - INFO  [Snapshot Thread:FileTxnSnapLog@470] - Snapshotting: 0x24 to D:\desktop\git_repo\zookeeper-read\zookeeper-server\target\surefire\test5913299192910745859.junit.dir\version-2\snapshot.24
2020-06-22 14:16:45,907 [myid:] - INFO  [SyncThread:0:FileTxnLog@284] - Creating new log file: log.26
2020-06-22 14:16:45,908 [myid:] - INFO  [Snapshot Thread:ZooKeeperServer@519] - Snapshot taken in 1 ms
2020-06-22 14:16:45,948 [myid:] - INFO  [Snapshot Thread:FileTxnSnapLog@470] - Snapshotting: 0x3f to D:\desktop\git_repo\zookeeper-read\zookeeper-server\target\surefire\test5913299192910745859.junit.dir\version-2\snapshot.3f
2020-06-22 14:16:45,949 [myid:] - INFO  [SyncThread:0:FileTxnLog@284] - Creating new log file: log.41
2020-06-22 14:16:45,949 [myid:] - INFO  [Snapshot Thread:ZooKeeperServer@519] - Snapshot taken in 2 ms
2020-06-22 14:16:45,990 [myid:] - INFO  [Snapshot Thread:FileTxnSnapLog@470] - Snapshotting: 0x5a to D:\desktop\git_repo\zookeeper-read\zookeeper-server\target\surefire\test5913299192910745859.junit.dir\version-2\snapshot.5a
2020-06-22 14:16:45,991 [myid:] - INFO  [SyncThread:0:FileTxnLog@284] - Creating new log file: log.5c
2020-06-22 14:16:45,992 [myid:] - INFO  [Snapshot Thread:ZooKeeperServer@519] - Snapshot taken in 2 ms
2020-06-22 14:16:46,024 [myid:] - INFO  [Snapshot Thread:FileTxnSnapLog@470] - Snapshotting: 0x76 to D:\desktop\git_repo\zookeeper-read\zookeeper-server\target\surefire\test5913299192910745859.junit.dir\version-2\snapshot.76
2020-06-22 14:16:46,025 [myid:] - INFO  [SyncThread:0:FileTxnLog@284] - Creating new log file: log.78
2020-06-22 14:16:46,026 [myid:] - INFO  [Snapshot Thread:ZooKeeperServer@519] - Snapshot taken in 2 ms
2020-06-22 14:16:46,086 [myid:] - INFO  [SyncThread:0:FileTxnLog@284] - Creating new log file: log.a0
2020-06-22 14:16:46,086 [myid:] - INFO  [Snapshot Thread:FileTxnSnapLog@470] - Snapshotting: 0x9f to D:\desktop\git_repo\zookeeper-read\zookeeper-server\target\surefire\test5913299192910745859.junit.dir\version-2\snapshot.9f
2020-06-22 14:16:46,091 [myid:] - INFO  [Snapshot Thread:ZooKeeperServer@519] - Snapshot taken in 5 ms
2020-06-22 14:16:46,166 [myid:] - INFO  [Snapshot Thread:FileTxnSnapLog@470] - Snapshotting: 0xcf to D:\desktop\git_repo\zookeeper-read\zookeeper-server\target\surefire\test5913299192910745859.junit.dir\version-2\snapshot.cf
2020-06-22 14:16:46,167 [myid:] - INFO  [SyncThread:0:FileTxnLog@284] - Creating new log file: log.d1
2020-06-22 14:16:46,169 [myid:] - INFO  [Snapshot Thread:ZooKeeperServer@519] - Snapshot taken in 3 ms
2020-06-22 14:16:46,222 [myid:] - INFO  [Snapshot Thread:FileTxnSnapLog@470] - Snapshotting: 0xf9 to D:\desktop\git_repo\zookeeper-read\zookeeper-server\target\surefire\test5913299192910745859.junit.dir\version-2\snapshot.f9
2020-06-22 14:16:46,222 [myid:] - INFO  [SyncThread:0:FileTxnLog@284] - Creating new log file: log.fb
2020-06-22 14:16:46,224 [myid:] - INFO  [Snapshot Thread:ZooKeeperServer@519] - Snapshot taken in 2 ms
2020-06-22 14:16:46,280 [myid:] - INFO  [SyncThread:0:FileTxnLog@284] - Creating new log file: log.11c
2020-06-22 14:16:46,280 [myid:] - INFO  [Snapshot Thread:FileTxnSnapLog@470] - Snapshotting: 0x11b to D:\desktop\git_repo\zookeeper-read\zookeeper-server\target\surefire\test5913299192910745859.junit.dir\version-2\snapshot.11b
2020-06-22 14:16:46,285 [myid:] - INFO  [Snapshot Thread:ZooKeeperServer@519] - Snapshot taken in 4 ms
2020-06-22 14:16:46,419 [myid:] - INFO  [main-EventThread:ClientCnxn$EventThread@566] - EventThread shut down for session: 0x10015f2b7770000
2020-06-22 14:16:46,419 [myid:] - INFO  [main:ZooKeeper@1618] - Session: 0x10015f2b7770000 closed
2020-06-22 14:16:46,419 [myid:] - INFO  [main:ClientBase@557] - STOPPING server
2020-06-22 14:16:46,420 [myid:] - INFO  [ConnnectionExpirer:NIOServerCnxnFactory$ConnectionExpirerThread@578] - ConnnectionExpirerThread interrupted
2020-06-22 14:16:46,420 [myid:] - INFO  [NIOServerCxnFactory.AcceptThread:0.0.0.0/0.0.0.0:11227:NIOServerCnxnFactory$AcceptThread@209] - accept thread exitted run method
2020-06-22 14:16:46,420 [myid:] - INFO  [NIOServerCxnFactory.SelectorThread-1:NIOServerCnxnFactory$SelectorThread@411] - selector thread exitted run method
2020-06-22 14:16:46,420 [myid:] - INFO  [NIOServerCxnFactory.SelectorThread-0:NIOServerCnxnFactory$SelectorThread@411] - selector thread exitted run method
2020-06-22 14:16:46,421 [myid:] - INFO  [main:ZooKeeperServer@784] - shutting down
2020-06-22 14:16:46,421 [myid:] - INFO  [main:RequestThrottler@244] - Shutting down
2020-06-22 14:16:46,421 [myid:] - INFO  [RequestThrottler:RequestThrottler@205] - Draining request throttler queue
2020-06-22 14:16:46,421 [myid:] - INFO  [RequestThrottler:RequestThrottler@181] - RequestThrottler shutdown. Dropped 0 requests
2020-06-22 14:16:46,421 [myid:] - INFO  [main:SessionTrackerImpl@247] - Shutting down
2020-06-22 14:16:46,421 [myid:] - INFO  [main:PrepRequestProcessor@1047] - Shutting down
2020-06-22 14:16:46,421 [myid:] - INFO  [main:SyncRequestProcessor@256] - Shutting down
2020-06-22 14:16:46,421 [myid:] - INFO  [ProcessThread(sid:0 cport:11227)::PrepRequestProcessor@159] - PrepRequestProcessor exited loop!
2020-06-22 14:16:46,422 [myid:] - INFO  [SyncThread:0:SyncRequestProcessor@225] - SyncRequestProcessor exited!
2020-06-22 14:16:46,422 [myid:] - INFO  [main:FinalRequestProcessor@662] - shutdown of request processor complete
2020-06-22 14:16:46,423 [myid:] - INFO  [main:FourLetterWordMain@93] - connecting to 127.0.0.1 11227
2020-06-22 14:16:46,589 [myid:] - INFO  [SessionTracker:SessionTrackerImpl@170] - SessionTrackerImpl exited loop!
2020-06-22 14:16:46,590 [myid:] - INFO  [SessionTracker:SessionTrackerImpl@170] - SessionTrackerImpl exited loop!
2020-06-22 14:16:47,702 [myid:127.0.0.1:11222] - WARN  [main-SendThread(127.0.0.1:11222):ClientCnxn$SendThread@1272] - Session 0x10015f267e70000 for sever activate.navicat.com/127.0.0.1:11222, Closing socket connection. Attempting reconnect except it is a SessionExpiredException.
java.net.ConnectException: Connection refused: no further information
	at sun.nio.ch.SocketChannelImpl.checkConnect(Native Method)
	at sun.nio.ch.SocketChannelImpl.finishConnect(SocketChannelImpl.java:714)
	at org.apache.zookeeper.ClientCnxnSocketNIO.doTransport(ClientCnxnSocketNIO.java:342)
	at org.apache.zookeeper.ClientCnxn$SendThread.run(ClientCnxn.java:1262)
2020-06-22 14:16:48,429 [myid:] - INFO  [main:JMXEnv@142] - ensureOnly:[]
2020-06-22 14:16:48,431 [myid:] - INFO  [main:JUnit4ZKTestRunner$LoggedInvokeMethod@89] - Memory used 14040
2020-06-22 14:16:48,431 [myid:] - INFO  [main:JUnit4ZKTestRunner$LoggedInvokeMethod@94] - Number of threads 17
2020-06-22 14:16:48,431 [myid:] - INFO  [main:JUnit4ZKTestRunner$LoggedInvokeMethod@109] - FINISHED TEST METHOD testLoadFailure
2020-06-22 14:16:48,431 [myid:] - INFO  [main:ClientBase@583] - tearDown starting
2020-06-22 14:16:48,431 [myid:] - INFO  [main:ClientBase@557] - STOPPING server
2020-06-22 14:16:48,431 [myid:] - INFO  [main:JMXEnv@142] - ensureOnly:[]
2020-06-22 14:16:48,434 [myid:] - ERROR [main:ZKTestCase$1@101] - FAILED testLoadFailure
java.lang.AssertionError: file 'D:\desktop\git_repo\zookeeper-read\zookeeper-server\target\surefire\test5913299192910745859.junit.dir\version-2\log.26' deletion failed
	at org.apache.zookeeper.test.TestUtils.deleteFileRecursively(TestUtils.java:47)
	at org.apache.zookeeper.test.TestUtils.deleteFileRecursively(TestUtils.java:45)
	at org.apache.zookeeper.test.ClientBase.recursiveDelete(ClientBase.java:625)
	at org.apache.zookeeper.test.ClientBase.tearDown(ClientBase.java:590)
2020-06-22 14:16:48,434 [myid:] - INFO  [main:ZKTestCase$1@91] - FINISHED testLoadFailure
]]></system-out>
  </testcase>
</testsuite>