<?xml version="1.0" encoding="UTF-8"?>
<testsuite xmlns:xsi="http://www.w3.org/2001/XMLSchema-instance" xsi:noNamespaceSchemaLocation="https://maven.apache.org/surefire/maven-surefire-plugin/xsd/surefire-test-report.xsd" name="org.apache.zookeeper.server.quorum.ReconfigBackupTest" time="16.113" tests="3" errors="0" skipped="0" failures="1">
  <properties>
    <property name="sun.desktop" value="windows"/>
    <property name="build.test.dir" value="D:\desktop\git_repo\zookeeper-read\zookeeper-server\target/surefire"/>
    <property name="awt.toolkit" value="sun.awt.windows.WToolkit"/>
    <property name="file.encoding.pkg" value="sun.io"/>
    <property name="java.specification.version" value="1.8"/>
    <property name="sun.cpu.isalist" value="amd64"/>
    <property name="sun.jnu.encoding" value="GBK"/>
    <property name="java.class.path" value="D:\desktop\git_repo\zookeeper-read\zookeeper-server\target\test-classes;D:\desktop\git_repo\zookeeper-read\zookeeper-server\target\classes;C:\Users\admin\.m2\repository\com\github\spotbugs\spotbugs-annotations\4.0.2\spotbugs-annotations-4.0.2.jar;C:\Users\admin\.m2\repository\com\google\code\findbugs\jsr305\3.0.2\jsr305-3.0.2.jar;C:\Users\admin\.m2\repository\org\hamcrest\hamcrest-all\1.3\hamcrest-all-1.3.jar;C:\Users\admin\.m2\repository\commons-collections\commons-collections\3.2.2\commons-collections-3.2.2.jar;C:\Users\admin\.m2\repository\commons-lang\commons-lang\2.6\commons-lang-2.6.jar;D:\desktop\git_repo\zookeeper-read\zookeeper-jute\target\zookeeper-jute-3.6.1.jar;C:\Users\admin\.m2\repository\commons-cli\commons-cli\1.2\commons-cli-1.2.jar;C:\Users\admin\.m2\repository\org\apache\yetus\audience-annotations\0.5.0\audience-annotations-0.5.0.jar;C:\Users\admin\.m2\repository\io\netty\netty-handler\4.1.48.Final\netty-handler-4.1.48.Final.jar;C:\Users\admin\.m2\repository\io\netty\netty-common\4.1.48.Final\netty-common-4.1.48.Final.jar;C:\Users\admin\.m2\repository\io\netty\netty-resolver\4.1.48.Final\netty-resolver-4.1.48.Final.jar;C:\Users\admin\.m2\repository\io\netty\netty-buffer\4.1.48.Final\netty-buffer-4.1.48.Final.jar;C:\Users\admin\.m2\repository\io\netty\netty-transport\4.1.48.Final\netty-transport-4.1.48.Final.jar;C:\Users\admin\.m2\repository\io\netty\netty-codec\4.1.48.Final\netty-codec-4.1.48.Final.jar;C:\Users\admin\.m2\repository\io\netty\netty-transport-native-epoll\4.1.48.Final\netty-transport-native-epoll-4.1.48.Final.jar;C:\Users\admin\.m2\repository\io\netty\netty-transport-native-unix-common\4.1.48.Final\netty-transport-native-unix-common-4.1.48.Final.jar;C:\Users\admin\.m2\repository\org\slf4j\slf4j-api\1.7.25\slf4j-api-1.7.25.jar;C:\Users\admin\.m2\repository\org\slf4j\slf4j-log4j12\1.7.25\slf4j-log4j12-1.7.25.jar;C:\Users\admin\.m2\repository\org\eclipse\jetty\jetty-server\9.4.24.v20191120\jetty-server-9.4.24.v20191120.jar;C:\Users\admin\.m2\repository\javax\servlet\javax.servlet-api\3.1.0\javax.servlet-api-3.1.0.jar;C:\Users\admin\.m2\repository\org\eclipse\jetty\jetty-http\9.4.24.v20191120\jetty-http-9.4.24.v20191120.jar;C:\Users\admin\.m2\repository\org\eclipse\jetty\jetty-util\9.4.24.v20191120\jetty-util-9.4.24.v20191120.jar;C:\Users\admin\.m2\repository\org\eclipse\jetty\jetty-io\9.4.24.v20191120\jetty-io-9.4.24.v20191120.jar;C:\Users\admin\.m2\repository\org\eclipse\jetty\jetty-servlet\9.4.24.v20191120\jetty-servlet-9.4.24.v20191120.jar;C:\Users\admin\.m2\repository\org\eclipse\jetty\jetty-security\9.4.24.v20191120\jetty-security-9.4.24.v20191120.jar;C:\Users\admin\.m2\repository\com\fasterxml\jackson\core\jackson-databind\2.10.3\jackson-databind-2.10.3.jar;C:\Users\admin\.m2\repository\com\fasterxml\jackson\core\jackson-annotations\2.10.3\jackson-annotations-2.10.3.jar;C:\Users\admin\.m2\repository\com\fasterxml\jackson\core\jackson-core\2.10.3\jackson-core-2.10.3.jar;C:\Users\admin\.m2\repository\com\googlecode\json-simple\json-simple\1.1.1\json-simple-1.1.1.jar;C:\Users\admin\.m2\repository\org\bouncycastle\bcprov-jdk15on\1.60\bcprov-jdk15on-1.60.jar;C:\Users\admin\.m2\repository\org\bouncycastle\bcpkix-jdk15on\1.60\bcpkix-jdk15on-1.60.jar;C:\Users\admin\.m2\repository\jline\jline\2.11\jline-2.11.jar;C:\Users\admin\.m2\repository\io\dropwizard\metrics\metrics-core\3.2.5\metrics-core-3.2.5.jar;C:\Users\admin\.m2\repository\log4j\log4j\1.2.17\log4j-1.2.17.jar;C:\Users\admin\.m2\repository\org\apache\kerby\kerb-core\2.0.0\kerb-core-2.0.0.jar;C:\Users\admin\.m2\repository\org\apache\kerby\kerby-pkix\2.0.0\kerby-pkix-2.0.0.jar;C:\Users\admin\.m2\repository\org\apache\kerby\kerby-asn1\2.0.0\kerby-asn1-2.0.0.jar;C:\Users\admin\.m2\repository\org\apache\kerby\kerby-util\2.0.0\kerby-util-2.0.0.jar;C:\Users\admin\.m2\repository\org\apache\kerby\kerb-simplekdc\2.0.0\kerb-simplekdc-2.0.0.jar;C:\Users\admin\.m2\repository\org\apache\kerby\kerb-client\2.0.0\kerb-client-2.0.0.jar;C:\Users\admin\.m2\repository\org\apache\kerby\kerb-common\2.0.0\kerb-common-2.0.0.jar;C:\Users\admin\.m2\repository\org\apache\kerby\kerb-crypto\2.0.0\kerb-crypto-2.0.0.jar;C:\Users\admin\.m2\repository\commons-io\commons-io\2.6\commons-io-2.6.jar;C:\Users\admin\.m2\repository\org\apache\kerby\kerb-util\2.0.0\kerb-util-2.0.0.jar;C:\Users\admin\.m2\repository\org\apache\kerby\token-provider\2.0.0\token-provider-2.0.0.jar;C:\Users\admin\.m2\repository\com\nimbusds\nimbus-jose-jwt\4.41.2\nimbus-jose-jwt-4.41.2.jar;C:\Users\admin\.m2\repository\com\github\stephenc\jcip\jcip-annotations\1.0-1\jcip-annotations-1.0-1.jar;C:\Users\admin\.m2\repository\net\minidev\json-smart\2.3\json-smart-2.3.jar;C:\Users\admin\.m2\repository\net\minidev\accessors-smart\1.2\accessors-smart-1.2.jar;C:\Users\admin\.m2\repository\org\ow2\asm\asm\5.0.4\asm-5.0.4.jar;C:\Users\admin\.m2\repository\org\apache\kerby\kerb-admin\2.0.0\kerb-admin-2.0.0.jar;C:\Users\admin\.m2\repository\org\apache\kerby\kerb-server\2.0.0\kerb-server-2.0.0.jar;C:\Users\admin\.m2\repository\org\apache\kerby\kerb-identity\2.0.0\kerb-identity-2.0.0.jar;C:\Users\admin\.m2\repository\org\apache\kerby\kerby-xdr\2.0.0\kerby-xdr-2.0.0.jar;C:\Users\admin\.m2\repository\org\apache\kerby\kerby-config\2.0.0\kerby-config-2.0.0.jar;C:\Users\admin\.m2\repository\org\mockito\mockito-core\2.27.0\mockito-core-2.27.0.jar;C:\Users\admin\.m2\repository\net\bytebuddy\byte-buddy\1.9.10\byte-buddy-1.9.10.jar;C:\Users\admin\.m2\repository\net\bytebuddy\byte-buddy-agent\1.9.10\byte-buddy-agent-1.9.10.jar;C:\Users\admin\.m2\repository\org\objenesis\objenesis\2.6\objenesis-2.6.jar;C:\Users\admin\.m2\repository\org\jmockit\jmockit\1.48\jmockit-1.48.jar;C:\Users\admin\.m2\repository\junit\junit\4.12\junit-4.12.jar;C:\Users\admin\.m2\repository\org\hamcrest\hamcrest-core\1.3\hamcrest-core-1.3.jar;C:\Users\admin\.m2\repository\org\xerial\snappy\snappy-java\1.1.7\snappy-java-1.1.7.jar;"/>
    <property name="java.vm.vendor" value="Oracle Corporation"/>
    <property name="sun.arch.data.model" value="64"/>
    <property name="user.variant" value=""/>
    <property name="java.vendor.url" value="http://java.oracle.com/"/>
    <property name="user.timezone" value="Asia/Shanghai"/>
    <property name="java.vm.specification.version" value="1.8"/>
    <property name="os.name" value="Windows 10"/>
    <property name="user.country" value="CN"/>
    <property name="sun.java.launcher" value="SUN_STANDARD"/>
    <property name="sun.boot.library.path" value="D:\Program Files\RedHat\java-1.8.0-openjdk-1.8.0.252-2\jre\bin"/>
    <property name="sun.java.command" value="C:\Users\admin\AppData\Local\Temp\surefire817669169469973491\surefirebooter7314610491639914745.jar C:\Users\admin\AppData\Local\Temp\surefire817669169469973491 2020-06-22T14-04-30_671-jvmRun1 surefire156328301612772796tmp surefire_1079051882528513423598tmp"/>
    <property name="surefire.test.class.path" value="D:\desktop\git_repo\zookeeper-read\zookeeper-server\target\test-classes;D:\desktop\git_repo\zookeeper-read\zookeeper-server\target\classes;C:\Users\admin\.m2\repository\com\github\spotbugs\spotbugs-annotations\4.0.2\spotbugs-annotations-4.0.2.jar;C:\Users\admin\.m2\repository\com\google\code\findbugs\jsr305\3.0.2\jsr305-3.0.2.jar;C:\Users\admin\.m2\repository\org\hamcrest\hamcrest-all\1.3\hamcrest-all-1.3.jar;C:\Users\admin\.m2\repository\commons-collections\commons-collections\3.2.2\commons-collections-3.2.2.jar;C:\Users\admin\.m2\repository\commons-lang\commons-lang\2.6\commons-lang-2.6.jar;D:\desktop\git_repo\zookeeper-read\zookeeper-jute\target\zookeeper-jute-3.6.1.jar;C:\Users\admin\.m2\repository\commons-cli\commons-cli\1.2\commons-cli-1.2.jar;C:\Users\admin\.m2\repository\org\apache\yetus\audience-annotations\0.5.0\audience-annotations-0.5.0.jar;C:\Users\admin\.m2\repository\io\netty\netty-handler\4.1.48.Final\netty-handler-4.1.48.Final.jar;C:\Users\admin\.m2\repository\io\netty\netty-common\4.1.48.Final\netty-common-4.1.48.Final.jar;C:\Users\admin\.m2\repository\io\netty\netty-resolver\4.1.48.Final\netty-resolver-4.1.48.Final.jar;C:\Users\admin\.m2\repository\io\netty\netty-buffer\4.1.48.Final\netty-buffer-4.1.48.Final.jar;C:\Users\admin\.m2\repository\io\netty\netty-transport\4.1.48.Final\netty-transport-4.1.48.Final.jar;C:\Users\admin\.m2\repository\io\netty\netty-codec\4.1.48.Final\netty-codec-4.1.48.Final.jar;C:\Users\admin\.m2\repository\io\netty\netty-transport-native-epoll\4.1.48.Final\netty-transport-native-epoll-4.1.48.Final.jar;C:\Users\admin\.m2\repository\io\netty\netty-transport-native-unix-common\4.1.48.Final\netty-transport-native-unix-common-4.1.48.Final.jar;C:\Users\admin\.m2\repository\org\slf4j\slf4j-api\1.7.25\slf4j-api-1.7.25.jar;C:\Users\admin\.m2\repository\org\slf4j\slf4j-log4j12\1.7.25\slf4j-log4j12-1.7.25.jar;C:\Users\admin\.m2\repository\org\eclipse\jetty\jetty-server\9.4.24.v20191120\jetty-server-9.4.24.v20191120.jar;C:\Users\admin\.m2\repository\javax\servlet\javax.servlet-api\3.1.0\javax.servlet-api-3.1.0.jar;C:\Users\admin\.m2\repository\org\eclipse\jetty\jetty-http\9.4.24.v20191120\jetty-http-9.4.24.v20191120.jar;C:\Users\admin\.m2\repository\org\eclipse\jetty\jetty-util\9.4.24.v20191120\jetty-util-9.4.24.v20191120.jar;C:\Users\admin\.m2\repository\org\eclipse\jetty\jetty-io\9.4.24.v20191120\jetty-io-9.4.24.v20191120.jar;C:\Users\admin\.m2\repository\org\eclipse\jetty\jetty-servlet\9.4.24.v20191120\jetty-servlet-9.4.24.v20191120.jar;C:\Users\admin\.m2\repository\org\eclipse\jetty\jetty-security\9.4.24.v20191120\jetty-security-9.4.24.v20191120.jar;C:\Users\admin\.m2\repository\com\fasterxml\jackson\core\jackson-databind\2.10.3\jackson-databind-2.10.3.jar;C:\Users\admin\.m2\repository\com\fasterxml\jackson\core\jackson-annotations\2.10.3\jackson-annotations-2.10.3.jar;C:\Users\admin\.m2\repository\com\fasterxml\jackson\core\jackson-core\2.10.3\jackson-core-2.10.3.jar;C:\Users\admin\.m2\repository\com\googlecode\json-simple\json-simple\1.1.1\json-simple-1.1.1.jar;C:\Users\admin\.m2\repository\org\bouncycastle\bcprov-jdk15on\1.60\bcprov-jdk15on-1.60.jar;C:\Users\admin\.m2\repository\org\bouncycastle\bcpkix-jdk15on\1.60\bcpkix-jdk15on-1.60.jar;C:\Users\admin\.m2\repository\jline\jline\2.11\jline-2.11.jar;C:\Users\admin\.m2\repository\io\dropwizard\metrics\metrics-core\3.2.5\metrics-core-3.2.5.jar;C:\Users\admin\.m2\repository\log4j\log4j\1.2.17\log4j-1.2.17.jar;C:\Users\admin\.m2\repository\org\apache\kerby\kerb-core\2.0.0\kerb-core-2.0.0.jar;C:\Users\admin\.m2\repository\org\apache\kerby\kerby-pkix\2.0.0\kerby-pkix-2.0.0.jar;C:\Users\admin\.m2\repository\org\apache\kerby\kerby-asn1\2.0.0\kerby-asn1-2.0.0.jar;C:\Users\admin\.m2\repository\org\apache\kerby\kerby-util\2.0.0\kerby-util-2.0.0.jar;C:\Users\admin\.m2\repository\org\apache\kerby\kerb-simplekdc\2.0.0\kerb-simplekdc-2.0.0.jar;C:\Users\admin\.m2\repository\org\apache\kerby\kerb-client\2.0.0\kerb-client-2.0.0.jar;C:\Users\admin\.m2\repository\org\apache\kerby\kerb-common\2.0.0\kerb-common-2.0.0.jar;C:\Users\admin\.m2\repository\org\apache\kerby\kerb-crypto\2.0.0\kerb-crypto-2.0.0.jar;C:\Users\admin\.m2\repository\commons-io\commons-io\2.6\commons-io-2.6.jar;C:\Users\admin\.m2\repository\org\apache\kerby\kerb-util\2.0.0\kerb-util-2.0.0.jar;C:\Users\admin\.m2\repository\org\apache\kerby\token-provider\2.0.0\token-provider-2.0.0.jar;C:\Users\admin\.m2\repository\com\nimbusds\nimbus-jose-jwt\4.41.2\nimbus-jose-jwt-4.41.2.jar;C:\Users\admin\.m2\repository\com\github\stephenc\jcip\jcip-annotations\1.0-1\jcip-annotations-1.0-1.jar;C:\Users\admin\.m2\repository\net\minidev\json-smart\2.3\json-smart-2.3.jar;C:\Users\admin\.m2\repository\net\minidev\accessors-smart\1.2\accessors-smart-1.2.jar;C:\Users\admin\.m2\repository\org\ow2\asm\asm\5.0.4\asm-5.0.4.jar;C:\Users\admin\.m2\repository\org\apache\kerby\kerb-admin\2.0.0\kerb-admin-2.0.0.jar;C:\Users\admin\.m2\repository\org\apache\kerby\kerb-server\2.0.0\kerb-server-2.0.0.jar;C:\Users\admin\.m2\repository\org\apache\kerby\kerb-identity\2.0.0\kerb-identity-2.0.0.jar;C:\Users\admin\.m2\repository\org\apache\kerby\kerby-xdr\2.0.0\kerby-xdr-2.0.0.jar;C:\Users\admin\.m2\repository\org\apache\kerby\kerby-config\2.0.0\kerby-config-2.0.0.jar;C:\Users\admin\.m2\repository\org\mockito\mockito-core\2.27.0\mockito-core-2.27.0.jar;C:\Users\admin\.m2\repository\net\bytebuddy\byte-buddy\1.9.10\byte-buddy-1.9.10.jar;C:\Users\admin\.m2\repository\net\bytebuddy\byte-buddy-agent\1.9.10\byte-buddy-agent-1.9.10.jar;C:\Users\admin\.m2\repository\org\objenesis\objenesis\2.6\objenesis-2.6.jar;C:\Users\admin\.m2\repository\org\jmockit\jmockit\1.48\jmockit-1.48.jar;C:\Users\admin\.m2\repository\junit\junit\4.12\junit-4.12.jar;C:\Users\admin\.m2\repository\org\hamcrest\hamcrest-core\1.3\hamcrest-core-1.3.jar;C:\Users\admin\.m2\repository\org\xerial\snappy\snappy-java\1.1.7\snappy-java-1.1.7.jar;"/>
    <property name="sun.cpu.endian" value="little"/>
    <property name="user.home" value="C:\Users\admin"/>
    <property name="user.language" value="zh"/>
    <property name="java.specification.vendor" value="Oracle Corporation"/>
    <property name="java.home" value="D:\Program Files\RedHat\java-1.8.0-openjdk-1.8.0.252-2\jre"/>
    <property name="zookeeper.DigestAuthenticationProvider.superDigest" value="super:D/InIHSb7yEEbrWz8b9l71RjZJU="/>
    <property name="basedir" value="D:\desktop\git_repo\zookeeper-read\zookeeper-server"/>
    <property name="file.separator" value="\"/>
    <property name="line.separator" value="&#10;"/>
    <property name="java.vm.specification.vendor" value="Oracle Corporation"/>
    <property name="java.specification.name" value="Java Platform API Specification"/>
    <property name="java.awt.graphicsenv" value="sun.awt.Win32GraphicsEnvironment"/>
    <property name="test.junit.threads" value="8"/>
    <property name="idea.version2020.1.1" value="true"/>
    <property name="surefire.real.class.path" value="C:\Users\admin\AppData\Local\Temp\surefire817669169469973491\surefirebooter7314610491639914745.jar;C:\Users\admin\.m2\repository\org\jmockit\jmockit\1.48\jmockit-1.48.jar"/>
    <property name="zookeeper.junit.threadid" value="1"/>
    <property name="sun.boot.class.path" value="D:\Program Files\RedHat\java-1.8.0-openjdk-1.8.0.252-2\jre\lib\resources.jar;D:\Program Files\RedHat\java-1.8.0-openjdk-1.8.0.252-2\jre\lib\rt.jar;D:\Program Files\RedHat\java-1.8.0-openjdk-1.8.0.252-2\jre\lib\sunrsasign.jar;D:\Program Files\RedHat\java-1.8.0-openjdk-1.8.0.252-2\jre\lib\jsse.jar;D:\Program Files\RedHat\java-1.8.0-openjdk-1.8.0.252-2\jre\lib\jce.jar;D:\Program Files\RedHat\java-1.8.0-openjdk-1.8.0.252-2\jre\lib\charsets.jar;D:\Program Files\RedHat\java-1.8.0-openjdk-1.8.0.252-2\jre\lib\jfr.jar;D:\Program Files\RedHat\java-1.8.0-openjdk-1.8.0.252-2\jre\classes"/>
    <property name="user.script" value=""/>
    <property name="sun.management.compiler" value="HotSpot 64-Bit Tiered Compilers"/>
    <property name="java.runtime.version" value="1.8.0_252-b09"/>
    <property name="user.name" value="admin"/>
    <property name="path.separator" value=";"/>
    <property name="os.version" value="10.0"/>
    <property name="java.endorsed.dirs" value="D:\Program Files\RedHat\java-1.8.0-openjdk-1.8.0.252-2\jre\lib\endorsed"/>
    <property name="java.runtime.name" value="OpenJDK Runtime Environment"/>
    <property name="file.encoding" value="GBK"/>
    <property name="java.vm.name" value="OpenJDK 64-Bit Server VM"/>
    <property name="localRepository" value="C:\Users\admin\.m2\repository"/>
    <property name="java.vendor.url.bug" value="http://bugreport.sun.com/bugreport/"/>
    <property name="java.io.tmpdir" value="C:\Users\admin\AppData\Local\Temp\"/>
    <property name="java.version" value="1.8.0_252"/>
    <property name="user.dir" value="D:\desktop\git_repo\zookeeper-read\zookeeper-server"/>
    <property name="os.arch" value="amd64"/>
    <property name="java.vm.specification.name" value="Java Virtual Machine Specification"/>
    <property name="java.awt.printerjob" value="sun.awt.windows.WPrinterJob"/>
    <property name="sun.os.patch.level" value=""/>
    <property name="java.library.path" value="D:\Program Files\RedHat\java-1.8.0-openjdk-1.8.0.252-2\jre\bin;C:\Windows\Sun\Java\bin;C:\Windows\system32;C:\Windows;D:\Program Files (x86)\NetSarang\Xshell 6\;C:\Windows\system32;C:\Windows;C:\Windows\System32\Wbem;C:\Windows\System32\WindowsPowerShell\v1.0\;C:\Windows\System32\OpenSSH\;C:\Program Files (x86)\NVIDIA Corporation\PhysX\Common;C:\Program Files\NVIDIA Corporation\NVIDIA NvDLISR;D:\Program Files\RedHat\java-1.8.0-openjdk-1.8.0.252-2\bin;D:\Program Files\RedHat\java-1.8.0-openjdk-1.8.0.252-2\jre\bin;D:\Program Files\Git\cmd;D:\Go\bin;D:\Program Files\nodejs\;C:\Users\admin\AppData\Local\Microsoft\WindowsApps;;D:\Programs\Microsoft VS Code\bin;C:\Users\admin\go\bin;C:\Users\admin\AppData\Roaming\npm;."/>
    <property name="java.vm.info" value="mixed mode"/>
    <property name="java.vendor" value="Oracle Corporation"/>
    <property name="java.vm.version" value="25.252-b09"/>
    <property name="java.ext.dirs" value="D:\Program Files\RedHat\java-1.8.0-openjdk-1.8.0.252-2\jre\lib\ext;C:\Windows\Sun\Java\lib\ext"/>
    <property name="sun.io.unicode.encoding" value="UnicodeLittle"/>
    <property name="java.class.version" value="52.0"/>
  </properties>
  <testcase name="testReconfigCreateNewVersionFile" classname="org.apache.zookeeper.server.quorum.ReconfigBackupTest" time="13.248"/>
  <testcase name="testVersionOfDynamicFilename" classname="org.apache.zookeeper.server.quorum.ReconfigBackupTest" time="1.451">
    <failure type="java.lang.AssertionError">java.lang.AssertionError
	at org.apache.zookeeper.server.quorum.ReconfigBackupTest.testVersionOfDynamicFilename(ReconfigBackupTest.java:332)
</failure>
    <system-out><![CDATA[2020-06-22 14:08:43,737 [myid:] - INFO  [main:ZKTestCase$1@86] - STARTING testVersionOfDynamicFilename
2020-06-22 14:08:43,737 [myid:] - INFO  [main:JUnit4ZKTestRunner$LoggedInvokeMethod@84] - RUNNING TEST METHOD testVersionOfDynamicFilename
2020-06-22 14:08:43,738 [myid:] - INFO  [main:PortAssignment@87] - Assigned port 11238 from range 11221 - 13913.
2020-06-22 14:08:43,738 [myid:] - INFO  [main:PortAssignment@87] - Assigned port 11239 from range 11221 - 13913.
2020-06-22 14:08:43,738 [myid:] - INFO  [main:PortAssignment@87] - Assigned port 11240 from range 11221 - 13913.
2020-06-22 14:08:43,739 [myid:] - INFO  [main:PortAssignment@87] - Assigned port 11241 from range 11221 - 13913.
2020-06-22 14:08:43,739 [myid:] - INFO  [main:PortAssignment@87] - Assigned port 11242 from range 11221 - 13913.
2020-06-22 14:08:43,739 [myid:] - INFO  [main:PortAssignment@87] - Assigned port 11243 from range 11221 - 13913.
2020-06-22 14:08:43,739 [myid:] - INFO  [main:PortAssignment@87] - Assigned port 11244 from range 11221 - 13913.
2020-06-22 14:08:43,740 [myid:] - INFO  [main:PortAssignment@87] - Assigned port 11245 from range 11221 - 13913.
2020-06-22 14:08:43,740 [myid:] - INFO  [main:PortAssignment@87] - Assigned port 11246 from range 11221 - 13913.
2020-06-22 14:08:43,740 [myid:] - INFO  [main:PortAssignment@87] - Assigned port 11247 from range 11221 - 13913.
2020-06-22 14:08:43,740 [myid:] - INFO  [main:PortAssignment@87] - Assigned port 11248 from range 11221 - 13913.
2020-06-22 14:08:43,741 [myid:] - INFO  [main:PortAssignment@87] - Assigned port 11249 from range 11221 - 13913.
2020-06-22 14:08:43,741 [myid:] - INFO  [main:PortAssignment@87] - Assigned port 11250 from range 11221 - 13913.
2020-06-22 14:08:43,741 [myid:] - INFO  [main:PortAssignment@87] - Assigned port 11251 from range 11221 - 13913.
2020-06-22 14:08:43,742 [myid:] - INFO  [main:PortAssignment@87] - Assigned port 11252 from range 11221 - 13913.
2020-06-22 14:08:43,743 [myid:] - INFO  [main:QuorumPeerTestBase$MainThread@205] - id = 0 tmpDir = D:\desktop\git_repo\zookeeper-read\zookeeper-server\target\surefire\test686534229601697589.junit.dir clientPort = 11238 adminServerPort = 8080
2020-06-22 14:08:43,746 [myid:] - INFO  [Thread-11:QuorumPeerConfig@173] - Reading configuration from: D:\desktop\git_repo\zookeeper-read\zookeeper-server\target\surefire\test686534229601697589.junit.dir\zoo.cfg
2020-06-22 14:08:43,746 [myid:] - INFO  [Thread-11:QuorumPeerConfig@459] - clientPortAddress is 0.0.0.0:11238
2020-06-22 14:08:43,746 [myid:] - INFO  [Thread-11:QuorumPeerConfig@463] - secureClientPort is not set
2020-06-22 14:08:43,747 [myid:] - INFO  [Thread-11:QuorumPeerConfig@479] - observerMasterPort is not set
2020-06-22 14:08:43,747 [myid:] - INFO  [Thread-11:QuorumPeerConfig@496] - metricsProvider.className is org.apache.zookeeper.metrics.impl.DefaultMetricsProvider
2020-06-22 14:08:43,747 [myid:] - INFO  [main:QuorumPeerTestBase$MainThread@205] - id = 1 tmpDir = D:\desktop\git_repo\zookeeper-read\zookeeper-server\target\surefire\test5026846017242869060.junit.dir clientPort = 11241 adminServerPort = 8080
2020-06-22 14:08:43,747 [myid:0] - INFO  [Thread-11:DatadirCleanupManager@78] - autopurge.snapRetainCount set to 3
2020-06-22 14:08:43,747 [myid:0] - INFO  [Thread-11:DatadirCleanupManager@79] - autopurge.purgeInterval set to 0
2020-06-22 14:08:43,747 [myid:0] - INFO  [Thread-11:DatadirCleanupManager@101] - Purge task is not scheduled.
2020-06-22 14:08:43,747 [myid:0] - INFO  [Thread-11:ManagedUtil@44] - Log4j 1.2 jmx support found and enabled.
2020-06-22 14:08:43,748 [myid:0] - ERROR [Thread-11:ManagedUtil@109] - Problems while registering log4j 1.2 jmx beans!
javax.management.InstanceAlreadyExistsException: log4j:hierarchy=default
	at com.sun.jmx.mbeanserver.Repository.addMBean(Repository.java:437)
	at com.sun.jmx.interceptor.DefaultMBeanServerInterceptor.registerWithRepository(DefaultMBeanServerInterceptor.java:1898)
	at com.sun.jmx.interceptor.DefaultMBeanServerInterceptor.registerDynamicMBean(DefaultMBeanServerInterceptor.java:966)
	at com.sun.jmx.interceptor.DefaultMBeanServerInterceptor.registerObject(DefaultMBeanServerInterceptor.java:900)
	at com.sun.jmx.interceptor.DefaultMBeanServerInterceptor.registerMBean(DefaultMBeanServerInterceptor.java:324)
	at com.sun.jmx.mbeanserver.JmxMBeanServer.registerMBean(JmxMBeanServer.java:522)
	at org.apache.zookeeper.jmx.ManagedUtil.registerLog4jMBeans(ManagedUtil.java:72)
	at org.apache.zookeeper.server.quorum.QuorumPeerMain.runFromConfig(QuorumPeerMain.java:146)
	at org.apache.zookeeper.server.quorum.QuorumPeerMain.initializeAndRun(QuorumPeerMain.java:136)
	at org.apache.zookeeper.server.quorum.QuorumPeerTestBase$MainThread.run(QuorumPeerTestBase.java:329)
	at java.lang.Thread.run(Thread.java:748)
2020-06-22 14:08:43,748 [myid:0] - WARN  [Thread-11:QuorumPeerMain@148] - Unable to register log4j JMX control
javax.management.JMException: javax.management.InstanceAlreadyExistsException: log4j:hierarchy=default
	at org.apache.zookeeper.jmx.ManagedUtil.registerLog4jMBeans(ManagedUtil.java:110)
	at org.apache.zookeeper.server.quorum.QuorumPeerMain.runFromConfig(QuorumPeerMain.java:146)
	at org.apache.zookeeper.server.quorum.QuorumPeerMain.initializeAndRun(QuorumPeerMain.java:136)
	at org.apache.zookeeper.server.quorum.QuorumPeerTestBase$MainThread.run(QuorumPeerTestBase.java:329)
	at java.lang.Thread.run(Thread.java:748)
2020-06-22 14:08:43,748 [myid:0] - INFO  [Thread-11:QuorumPeerMain@151] - Starting quorum peer
2020-06-22 14:08:43,748 [myid:0] - INFO  [Thread-11:ServerMetrics@62] - ServerMetrics initialized with provider org.apache.zookeeper.metrics.impl.DefaultMetricsProvider@6652261c
2020-06-22 14:08:43,749 [myid:0] - INFO  [Thread-11:ServerCnxnFactory@169] - Using org.apache.zookeeper.server.NIOServerCnxnFactory as server connection factory
2020-06-22 14:08:43,749 [myid:0] - WARN  [Thread-11:ServerCnxnFactory@309] - maxCnxns is not configured, using default value 0.
2020-06-22 14:08:43,749 [myid:0] - INFO  [Thread-11:NIOServerCnxnFactory@666] - Configuring NIO connection handler with 10s sessionless connection timeout, 2 selector thread(s), 16 worker threads, and 64 kB direct buffers.
2020-06-22 14:08:43,750 [myid:] - INFO  [Thread-12:QuorumPeerConfig@173] - Reading configuration from: D:\desktop\git_repo\zookeeper-read\zookeeper-server\target\surefire\test5026846017242869060.junit.dir\zoo.cfg
2020-06-22 14:08:43,750 [myid:0] - INFO  [Thread-11:NIOServerCnxnFactory@674] - binding to port localhost/127.0.0.1:11238
2020-06-22 14:08:43,750 [myid:] - INFO  [main:QuorumPeerTestBase$MainThread@205] - id = 2 tmpDir = D:\desktop\git_repo\zookeeper-read\zookeeper-server\target\surefire\test5895676463052295538.junit.dir clientPort = 11244 adminServerPort = 8080
2020-06-22 14:08:43,751 [myid:] - INFO  [Thread-12:QuorumPeerConfig@459] - clientPortAddress is 0.0.0.0:11241
2020-06-22 14:08:43,751 [myid:] - INFO  [Thread-12:QuorumPeerConfig@463] - secureClientPort is not set
2020-06-22 14:08:43,751 [myid:] - INFO  [Thread-12:QuorumPeerConfig@479] - observerMasterPort is not set
2020-06-22 14:08:43,751 [myid:] - INFO  [Thread-12:QuorumPeerConfig@496] - metricsProvider.className is org.apache.zookeeper.metrics.impl.DefaultMetricsProvider
2020-06-22 14:08:43,751 [myid:0] - INFO  [Thread-11:FileTxnSnapLog@124] - zookeeper.snapshot.trust.empty : false
2020-06-22 14:08:43,752 [myid:1] - INFO  [Thread-12:DatadirCleanupManager@78] - autopurge.snapRetainCount set to 3
2020-06-22 14:08:43,752 [myid:1] - INFO  [Thread-12:DatadirCleanupManager@79] - autopurge.purgeInterval set to 0
2020-06-22 14:08:43,752 [myid:1] - INFO  [Thread-12:DatadirCleanupManager@101] - Purge task is not scheduled.
2020-06-22 14:08:43,752 [myid:0] - INFO  [Thread-11:QuorumPeer@1680] - Local sessions disabled
2020-06-22 14:08:43,752 [myid:1] - INFO  [Thread-12:ManagedUtil@44] - Log4j 1.2 jmx support found and enabled.
2020-06-22 14:08:43,752 [myid:0] - INFO  [Thread-11:QuorumPeer@1691] - Local session upgrading disabled
2020-06-22 14:08:43,752 [myid:0] - INFO  [Thread-11:QuorumPeer@1658] - tickTime set to 4000
2020-06-22 14:08:43,752 [myid:0] - INFO  [Thread-11:QuorumPeer@1702] - minSessionTimeout set to 8000
2020-06-22 14:08:43,752 [myid:0] - INFO  [Thread-11:QuorumPeer@1713] - maxSessionTimeout set to 80000
2020-06-22 14:08:43,752 [myid:0] - INFO  [Thread-11:QuorumPeer@1738] - initLimit set to 10
2020-06-22 14:08:43,752 [myid:0] - INFO  [Thread-11:QuorumPeer@1920] - syncLimit set to 5
2020-06-22 14:08:43,752 [myid:1] - ERROR [Thread-12:ManagedUtil@109] - Problems while registering log4j 1.2 jmx beans!
javax.management.InstanceAlreadyExistsException: log4j:hierarchy=default
	at com.sun.jmx.mbeanserver.Repository.addMBean(Repository.java:437)
	at com.sun.jmx.interceptor.DefaultMBeanServerInterceptor.registerWithRepository(DefaultMBeanServerInterceptor.java:1898)
	at com.sun.jmx.interceptor.DefaultMBeanServerInterceptor.registerDynamicMBean(DefaultMBeanServerInterceptor.java:966)
	at com.sun.jmx.interceptor.DefaultMBeanServerInterceptor.registerObject(DefaultMBeanServerInterceptor.java:900)
	at com.sun.jmx.interceptor.DefaultMBeanServerInterceptor.registerMBean(DefaultMBeanServerInterceptor.java:324)
	at com.sun.jmx.mbeanserver.JmxMBeanServer.registerMBean(JmxMBeanServer.java:522)
	at org.apache.zookeeper.jmx.ManagedUtil.registerLog4jMBeans(ManagedUtil.java:72)
	at org.apache.zookeeper.server.quorum.QuorumPeerMain.runFromConfig(QuorumPeerMain.java:146)
	at org.apache.zookeeper.server.quorum.QuorumPeerMain.initializeAndRun(QuorumPeerMain.java:136)
	at org.apache.zookeeper.server.quorum.QuorumPeerTestBase$MainThread.run(QuorumPeerTestBase.java:329)
	at java.lang.Thread.run(Thread.java:748)
2020-06-22 14:08:43,752 [myid:0] - INFO  [Thread-11:QuorumPeer@1935] - connectToLearnerMasterLimit set to 5
2020-06-22 14:08:43,752 [myid:1] - WARN  [Thread-12:QuorumPeerMain@148] - Unable to register log4j JMX control
javax.management.JMException: javax.management.InstanceAlreadyExistsException: log4j:hierarchy=default
	at org.apache.zookeeper.jmx.ManagedUtil.registerLog4jMBeans(ManagedUtil.java:110)
	at org.apache.zookeeper.server.quorum.QuorumPeerMain.runFromConfig(QuorumPeerMain.java:146)
	at org.apache.zookeeper.server.quorum.QuorumPeerMain.initializeAndRun(QuorumPeerMain.java:136)
	at org.apache.zookeeper.server.quorum.QuorumPeerTestBase$MainThread.run(QuorumPeerTestBase.java:329)
	at java.lang.Thread.run(Thread.java:748)
2020-06-22 14:08:43,752 [myid:1] - INFO  [Thread-12:QuorumPeerMain@151] - Starting quorum peer
2020-06-22 14:08:43,753 [myid:0] - INFO  [Thread-11:WatchManagerFactory@42] - Using org.apache.zookeeper.server.watch.WatchManager as watch manager
2020-06-22 14:08:43,753 [myid:1] - INFO  [Thread-12:ServerMetrics@62] - ServerMetrics initialized with provider org.apache.zookeeper.metrics.impl.DefaultMetricsProvider@aed8de0
2020-06-22 14:08:43,753 [myid:0] - INFO  [Thread-11:WatchManagerFactory@42] - Using org.apache.zookeeper.server.watch.WatchManager as watch manager
2020-06-22 14:08:43,753 [myid:0] - INFO  [Thread-11:ZKDatabase@132] - zookeeper.snapshotSizeFactor = 0.33
2020-06-22 14:08:43,753 [myid:0] - INFO  [Thread-11:ZKDatabase@152] - zookeeper.commitLogCount=500
2020-06-22 14:08:43,753 [myid:1] - INFO  [Thread-12:ServerCnxnFactory@169] - Using org.apache.zookeeper.server.NIOServerCnxnFactory as server connection factory
2020-06-22 14:08:43,753 [myid:1] - WARN  [Thread-12:ServerCnxnFactory@309] - maxCnxns is not configured, using default value 0.
2020-06-22 14:08:43,753 [myid:] - INFO  [Thread-13:QuorumPeerConfig@173] - Reading configuration from: D:\desktop\git_repo\zookeeper-read\zookeeper-server\target\surefire\test5895676463052295538.junit.dir\zoo.cfg
2020-06-22 14:08:43,753 [myid:1] - INFO  [Thread-12:NIOServerCnxnFactory@666] - Configuring NIO connection handler with 10s sessionless connection timeout, 2 selector thread(s), 16 worker threads, and 64 kB direct buffers.
2020-06-22 14:08:43,753 [myid:0] - INFO  [Thread-11:QuorumPeer@2001] - Using insecure (non-TLS) quorum communication
2020-06-22 14:08:43,753 [myid:0] - INFO  [Thread-11:QuorumPeer@2007] - Port unification disabled
2020-06-22 14:08:43,753 [myid:0] - INFO  [Thread-11:QuorumPeer@174] - multiAddress.enabled set to false
2020-06-22 14:08:43,753 [myid:0] - INFO  [Thread-11:QuorumPeer@199] - multiAddress.reachabilityCheckEnabled set to true
2020-06-22 14:08:43,753 [myid:0] - INFO  [Thread-11:QuorumPeer@186] - multiAddress.reachabilityCheckTimeoutMs set to 1000
2020-06-22 14:08:43,754 [myid:0] - INFO  [Thread-11:QuorumPeer@2461] - QuorumPeer communication is not secured! (SASL auth disabled)
2020-06-22 14:08:43,754 [myid:0] - INFO  [Thread-11:QuorumPeer@2486] - quorum.cnxn.threads.size set to 20
2020-06-22 14:08:43,753 [myid:] - INFO  [Thread-13:QuorumPeerConfig@459] - clientPortAddress is 0.0.0.0:11244
2020-06-22 14:08:43,754 [myid:] - INFO  [Thread-13:QuorumPeerConfig@463] - secureClientPort is not set
2020-06-22 14:08:43,754 [myid:] - INFO  [Thread-13:QuorumPeerConfig@479] - observerMasterPort is not set
2020-06-22 14:08:43,754 [myid:] - INFO  [Thread-13:QuorumPeerConfig@496] - metricsProvider.className is org.apache.zookeeper.metrics.impl.DefaultMetricsProvider
2020-06-22 14:08:43,754 [myid:0] - INFO  [Thread-11:FileTxnSnapLog@251] - Initialize file found, an empty database will not block voting participation
2020-06-22 14:08:43,754 [myid:] - INFO  [main:QuorumPeerTestBase$MainThread@205] - id = 3 tmpDir = D:\desktop\git_repo\zookeeper-read\zookeeper-server\target\surefire\test7881062726506247616.junit.dir clientPort = 11247 adminServerPort = 8080
2020-06-22 14:08:43,754 [myid:0] - INFO  [Thread-11:FileTxnSnapLog@470] - Snapshotting: 0x0 to D:\desktop\git_repo\zookeeper-read\zookeeper-server\target\surefire\test686534229601697589.junit.dir\data\version-2\snapshot.0
2020-06-22 14:08:43,754 [myid:2] - INFO  [Thread-13:DatadirCleanupManager@78] - autopurge.snapRetainCount set to 3
2020-06-22 14:08:43,754 [myid:2] - INFO  [Thread-13:DatadirCleanupManager@79] - autopurge.purgeInterval set to 0
2020-06-22 14:08:43,754 [myid:2] - INFO  [Thread-13:DatadirCleanupManager@101] - Purge task is not scheduled.
2020-06-22 14:08:43,754 [myid:2] - INFO  [Thread-13:ManagedUtil@44] - Log4j 1.2 jmx support found and enabled.
2020-06-22 14:08:43,755 [myid:1] - INFO  [Thread-12:NIOServerCnxnFactory@674] - binding to port localhost/127.0.0.1:11241
2020-06-22 14:08:43,755 [myid:0] - INFO  [Thread-11:ZKDatabase@289] - Snapshot loaded in 1 ms, highest zxid is 0x0, digest is 1371985504
2020-06-22 14:08:43,755 [myid:0] - INFO  [Thread-11:QuorumPeer@1102] - currentEpoch not found! Creating with a reasonable default of 0. This should only happen when you are upgrading your installation
2020-06-22 14:08:43,755 [myid:2] - ERROR [Thread-13:ManagedUtil@109] - Problems while registering log4j 1.2 jmx beans!
javax.management.InstanceAlreadyExistsException: log4j:hierarchy=default
	at com.sun.jmx.mbeanserver.Repository.addMBean(Repository.java:437)
	at com.sun.jmx.interceptor.DefaultMBeanServerInterceptor.registerWithRepository(DefaultMBeanServerInterceptor.java:1898)
	at com.sun.jmx.interceptor.DefaultMBeanServerInterceptor.registerDynamicMBean(DefaultMBeanServerInterceptor.java:966)
	at com.sun.jmx.interceptor.DefaultMBeanServerInterceptor.registerObject(DefaultMBeanServerInterceptor.java:900)
	at com.sun.jmx.interceptor.DefaultMBeanServerInterceptor.registerMBean(DefaultMBeanServerInterceptor.java:324)
	at com.sun.jmx.mbeanserver.JmxMBeanServer.registerMBean(JmxMBeanServer.java:522)
	at org.apache.zookeeper.jmx.ManagedUtil.registerLog4jMBeans(ManagedUtil.java:72)
	at org.apache.zookeeper.server.quorum.QuorumPeerMain.runFromConfig(QuorumPeerMain.java:146)
	at org.apache.zookeeper.server.quorum.QuorumPeerMain.initializeAndRun(QuorumPeerMain.java:136)
	at org.apache.zookeeper.server.quorum.QuorumPeerTestBase$MainThread.run(QuorumPeerTestBase.java:329)
	at java.lang.Thread.run(Thread.java:748)
2020-06-22 14:08:43,756 [myid:2] - WARN  [Thread-13:QuorumPeerMain@148] - Unable to register log4j JMX control
javax.management.JMException: javax.management.InstanceAlreadyExistsException: log4j:hierarchy=default
	at org.apache.zookeeper.jmx.ManagedUtil.registerLog4jMBeans(ManagedUtil.java:110)
	at org.apache.zookeeper.server.quorum.QuorumPeerMain.runFromConfig(QuorumPeerMain.java:146)
	at org.apache.zookeeper.server.quorum.QuorumPeerMain.initializeAndRun(QuorumPeerMain.java:136)
	at org.apache.zookeeper.server.quorum.QuorumPeerTestBase$MainThread.run(QuorumPeerTestBase.java:329)
	at java.lang.Thread.run(Thread.java:748)
2020-06-22 14:08:43,756 [myid:2] - INFO  [Thread-13:QuorumPeerMain@151] - Starting quorum peer
2020-06-22 14:08:43,756 [myid:1] - INFO  [Thread-12:FileTxnSnapLog@124] - zookeeper.snapshot.trust.empty : false
2020-06-22 14:08:43,756 [myid:2] - INFO  [Thread-13:ServerMetrics@62] - ServerMetrics initialized with provider org.apache.zookeeper.metrics.impl.DefaultMetricsProvider@66acb81a
2020-06-22 14:08:43,756 [myid:2] - INFO  [Thread-13:ServerCnxnFactory@169] - Using org.apache.zookeeper.server.NIOServerCnxnFactory as server connection factory
2020-06-22 14:08:43,756 [myid:2] - WARN  [Thread-13:ServerCnxnFactory@309] - maxCnxns is not configured, using default value 0.
2020-06-22 14:08:43,756 [myid:2] - INFO  [Thread-13:NIOServerCnxnFactory@666] - Configuring NIO connection handler with 10s sessionless connection timeout, 2 selector thread(s), 16 worker threads, and 64 kB direct buffers.
2020-06-22 14:08:43,757 [myid:1] - INFO  [Thread-12:QuorumPeer@1680] - Local sessions disabled
2020-06-22 14:08:43,757 [myid:1] - INFO  [Thread-12:QuorumPeer@1691] - Local session upgrading disabled
2020-06-22 14:08:43,757 [myid:1] - INFO  [Thread-12:QuorumPeer@1658] - tickTime set to 4000
2020-06-22 14:08:43,757 [myid:1] - INFO  [Thread-12:QuorumPeer@1702] - minSessionTimeout set to 8000
2020-06-22 14:08:43,757 [myid:1] - INFO  [Thread-12:QuorumPeer@1713] - maxSessionTimeout set to 80000
2020-06-22 14:08:43,757 [myid:1] - INFO  [Thread-12:QuorumPeer@1738] - initLimit set to 10
2020-06-22 14:08:43,758 [myid:1] - INFO  [Thread-12:QuorumPeer@1920] - syncLimit set to 5
2020-06-22 14:08:43,758 [myid:1] - INFO  [Thread-12:QuorumPeer@1935] - connectToLearnerMasterLimit set to 5
2020-06-22 14:08:43,758 [myid:1] - INFO  [Thread-12:WatchManagerFactory@42] - Using org.apache.zookeeper.server.watch.WatchManager as watch manager
2020-06-22 14:08:43,758 [myid:0] - INFO  [Thread-11:QuorumPeer@1122] - acceptedEpoch not found! Creating with a reasonable default of 0. This should only happen when you are upgrading your installation
2020-06-22 14:08:43,758 [myid:2] - INFO  [Thread-13:NIOServerCnxnFactory@674] - binding to port localhost/127.0.0.1:11244
2020-06-22 14:08:43,758 [myid:1] - INFO  [Thread-12:WatchManagerFactory@42] - Using org.apache.zookeeper.server.watch.WatchManager as watch manager
2020-06-22 14:08:43,758 [myid:1] - INFO  [Thread-12:ZKDatabase@132] - zookeeper.snapshotSizeFactor = 0.33
2020-06-22 14:08:43,759 [myid:1] - INFO  [Thread-12:ZKDatabase@152] - zookeeper.commitLogCount=500
2020-06-22 14:08:43,759 [myid:1] - INFO  [Thread-12:QuorumPeer@2001] - Using insecure (non-TLS) quorum communication
2020-06-22 14:08:43,759 [myid:2] - INFO  [Thread-13:FileTxnSnapLog@124] - zookeeper.snapshot.trust.empty : false
2020-06-22 14:08:43,759 [myid:1] - INFO  [Thread-12:QuorumPeer@2007] - Port unification disabled
2020-06-22 14:08:43,759 [myid:1] - INFO  [Thread-12:QuorumPeer@174] - multiAddress.enabled set to false
2020-06-22 14:08:43,759 [myid:1] - INFO  [Thread-12:QuorumPeer@199] - multiAddress.reachabilityCheckEnabled set to true
2020-06-22 14:08:43,759 [myid:1] - INFO  [Thread-12:QuorumPeer@186] - multiAddress.reachabilityCheckTimeoutMs set to 1000
2020-06-22 14:08:43,759 [myid:1] - INFO  [Thread-12:QuorumPeer@2461] - QuorumPeer communication is not secured! (SASL auth disabled)
2020-06-22 14:08:43,759 [myid:1] - INFO  [Thread-12:QuorumPeer@2486] - quorum.cnxn.threads.size set to 20
2020-06-22 14:08:43,760 [myid:2] - INFO  [Thread-13:QuorumPeer@1680] - Local sessions disabled
2020-06-22 14:08:43,760 [myid:1] - INFO  [Thread-12:FileTxnSnapLog@251] - Initialize file found, an empty database will not block voting participation
2020-06-22 14:08:43,760 [myid:2] - INFO  [Thread-13:QuorumPeer@1691] - Local session upgrading disabled
2020-06-22 14:08:43,760 [myid:2] - INFO  [Thread-13:QuorumPeer@1658] - tickTime set to 4000
2020-06-22 14:08:43,760 [myid:2] - INFO  [Thread-13:QuorumPeer@1702] - minSessionTimeout set to 8000
2020-06-22 14:08:43,760 [myid:1] - INFO  [Thread-12:FileTxnSnapLog@470] - Snapshotting: 0x0 to D:\desktop\git_repo\zookeeper-read\zookeeper-server\target\surefire\test5026846017242869060.junit.dir\data\version-2\snapshot.0
2020-06-22 14:08:43,760 [myid:2] - INFO  [Thread-13:QuorumPeer@1713] - maxSessionTimeout set to 80000
2020-06-22 14:08:43,760 [myid:2] - INFO  [Thread-13:QuorumPeer@1738] - initLimit set to 10
2020-06-22 14:08:43,760 [myid:2] - INFO  [Thread-13:QuorumPeer@1920] - syncLimit set to 5
2020-06-22 14:08:43,760 [myid:0] - INFO  [Thread-11:QuorumPeer@2503] - Using 20000ms as the quorum cnxn socket timeout
2020-06-22 14:08:43,760 [myid:2] - INFO  [Thread-13:QuorumPeer@1935] - connectToLearnerMasterLimit set to 5
2020-06-22 14:08:43,760 [myid:0] - INFO  [Thread-11:QuorumCnxManager$Listener@923] - Election port bind maximum retries is 3
2020-06-22 14:08:43,761 [myid:2] - INFO  [Thread-13:WatchManagerFactory@42] - Using org.apache.zookeeper.server.watch.WatchManager as watch manager
2020-06-22 14:08:43,761 [myid:2] - INFO  [Thread-13:WatchManagerFactory@42] - Using org.apache.zookeeper.server.watch.WatchManager as watch manager
2020-06-22 14:08:43,761 [myid:1] - INFO  [Thread-12:ZKDatabase@289] - Snapshot loaded in 1 ms, highest zxid is 0x0, digest is 1371985504
2020-06-22 14:08:43,761 [myid:1] - INFO  [Thread-12:QuorumPeer@1102] - currentEpoch not found! Creating with a reasonable default of 0. This should only happen when you are upgrading your installation
2020-06-22 14:08:43,761 [myid:2] - INFO  [Thread-13:ZKDatabase@132] - zookeeper.snapshotSizeFactor = 0.33
2020-06-22 14:08:43,762 [myid:2] - INFO  [Thread-13:ZKDatabase@152] - zookeeper.commitLogCount=500
2020-06-22 14:08:43,762 [myid:] - INFO  [Thread-14:QuorumPeerConfig@173] - Reading configuration from: D:\desktop\git_repo\zookeeper-read\zookeeper-server\target\surefire\test7881062726506247616.junit.dir\zoo.cfg
2020-06-22 14:08:43,763 [myid:2] - INFO  [Thread-13:QuorumPeer@2001] - Using insecure (non-TLS) quorum communication
2020-06-22 14:08:43,763 [myid:2] - INFO  [Thread-13:QuorumPeer@2007] - Port unification disabled
2020-06-22 14:08:43,763 [myid:2] - INFO  [Thread-13:QuorumPeer@174] - multiAddress.enabled set to false
2020-06-22 14:08:43,763 [myid:2] - INFO  [Thread-13:QuorumPeer@199] - multiAddress.reachabilityCheckEnabled set to true
2020-06-22 14:08:43,763 [myid:2] - INFO  [Thread-13:QuorumPeer@186] - multiAddress.reachabilityCheckTimeoutMs set to 1000
2020-06-22 14:08:43,763 [myid:2] - INFO  [Thread-13:QuorumPeer@2461] - QuorumPeer communication is not secured! (SASL auth disabled)
2020-06-22 14:08:43,763 [myid:0] - INFO  [QuorumPeer[myid=0](plain=127.0.0.1:11238)(secure=disabled):QuorumPeer@1371] - LOOKING
2020-06-22 14:08:43,763 [myid:0] - INFO  [ListenerHandler-localhost/127.0.0.1:11240:QuorumCnxManager$Listener$ListenerHandler@1065] - 0 is accepting connections now, my election bind port: localhost/127.0.0.1:11240
2020-06-22 14:08:43,763 [myid:2] - INFO  [Thread-13:QuorumPeer@2486] - quorum.cnxn.threads.size set to 20
2020-06-22 14:08:43,763 [myid:0] - INFO  [QuorumPeer[myid=0](plain=127.0.0.1:11238)(secure=disabled):FastLeaderElection@944] - New election. My id = 0, proposed zxid=0x0
2020-06-22 14:08:43,763 [myid:] - INFO  [Thread-14:QuorumPeerConfig@459] - clientPortAddress is 0.0.0.0:11247
2020-06-22 14:08:43,763 [myid:] - INFO  [Thread-14:QuorumPeerConfig@463] - secureClientPort is not set
2020-06-22 14:08:43,763 [myid:] - INFO  [Thread-14:QuorumPeerConfig@479] - observerMasterPort is not set
2020-06-22 14:08:43,763 [myid:] - INFO  [Thread-14:QuorumPeerConfig@496] - metricsProvider.className is org.apache.zookeeper.metrics.impl.DefaultMetricsProvider
2020-06-22 14:08:43,764 [myid:2] - INFO  [Thread-13:FileTxnSnapLog@251] - Initialize file found, an empty database will not block voting participation
2020-06-22 14:08:43,764 [myid:2] - INFO  [Thread-13:FileTxnSnapLog@470] - Snapshotting: 0x0 to D:\desktop\git_repo\zookeeper-read\zookeeper-server\target\surefire\test5895676463052295538.junit.dir\data\version-2\snapshot.0
2020-06-22 14:08:43,764 [myid:3] - INFO  [Thread-14:DatadirCleanupManager@78] - autopurge.snapRetainCount set to 3
2020-06-22 14:08:43,764 [myid:3] - INFO  [Thread-14:DatadirCleanupManager@79] - autopurge.purgeInterval set to 0
2020-06-22 14:08:43,764 [myid:3] - INFO  [Thread-14:DatadirCleanupManager@101] - Purge task is not scheduled.
2020-06-22 14:08:43,764 [myid:3] - INFO  [Thread-14:ManagedUtil@44] - Log4j 1.2 jmx support found and enabled.
2020-06-22 14:08:43,764 [myid:0] - INFO  [WorkerReceiver[myid=0]:FastLeaderElection$Messenger$WorkerReceiver@389] - Notification: my state:LOOKING; n.sid:0, n.state:LOOKING, n.leader:0, n.round:0x1, n.peerEpoch:0x0, n.zxid:0x0, message format version:0x2, n.config version:0x100000000
2020-06-22 14:08:43,764 [myid:1] - INFO  [Thread-12:QuorumPeer@1122] - acceptedEpoch not found! Creating with a reasonable default of 0. This should only happen when you are upgrading your installation
2020-06-22 14:08:43,764 [myid:3] - ERROR [Thread-14:ManagedUtil@109] - Problems while registering log4j 1.2 jmx beans!
javax.management.InstanceAlreadyExistsException: log4j:hierarchy=default
	at com.sun.jmx.mbeanserver.Repository.addMBean(Repository.java:437)
	at com.sun.jmx.interceptor.DefaultMBeanServerInterceptor.registerWithRepository(DefaultMBeanServerInterceptor.java:1898)
	at com.sun.jmx.interceptor.DefaultMBeanServerInterceptor.registerDynamicMBean(DefaultMBeanServerInterceptor.java:966)
	at com.sun.jmx.interceptor.DefaultMBeanServerInterceptor.registerObject(DefaultMBeanServerInterceptor.java:900)
	at com.sun.jmx.interceptor.DefaultMBeanServerInterceptor.registerMBean(DefaultMBeanServerInterceptor.java:324)
	at com.sun.jmx.mbeanserver.JmxMBeanServer.registerMBean(JmxMBeanServer.java:522)
	at org.apache.zookeeper.jmx.ManagedUtil.registerLog4jMBeans(ManagedUtil.java:72)
	at org.apache.zookeeper.server.quorum.QuorumPeerMain.runFromConfig(QuorumPeerMain.java:146)
	at org.apache.zookeeper.server.quorum.QuorumPeerMain.initializeAndRun(QuorumPeerMain.java:136)
	at org.apache.zookeeper.server.quorum.QuorumPeerTestBase$MainThread.run(QuorumPeerTestBase.java:329)
	at java.lang.Thread.run(Thread.java:748)
2020-06-22 14:08:43,765 [myid:3] - WARN  [Thread-14:QuorumPeerMain@148] - Unable to register log4j JMX control
javax.management.JMException: javax.management.InstanceAlreadyExistsException: log4j:hierarchy=default
	at org.apache.zookeeper.jmx.ManagedUtil.registerLog4jMBeans(ManagedUtil.java:110)
	at org.apache.zookeeper.server.quorum.QuorumPeerMain.runFromConfig(QuorumPeerMain.java:146)
	at org.apache.zookeeper.server.quorum.QuorumPeerMain.initializeAndRun(QuorumPeerMain.java:136)
	at org.apache.zookeeper.server.quorum.QuorumPeerTestBase$MainThread.run(QuorumPeerTestBase.java:329)
	at java.lang.Thread.run(Thread.java:748)
2020-06-22 14:08:43,765 [myid:3] - INFO  [Thread-14:QuorumPeerMain@151] - Starting quorum peer
2020-06-22 14:08:43,765 [myid:3] - INFO  [Thread-14:ServerMetrics@62] - ServerMetrics initialized with provider org.apache.zookeeper.metrics.impl.DefaultMetricsProvider@18b6dddf
2020-06-22 14:08:43,765 [myid:2] - INFO  [Thread-13:ZKDatabase@289] - Snapshot loaded in 2 ms, highest zxid is 0x0, digest is 1371985504
2020-06-22 14:08:43,765 [myid:] - INFO  [main:QuorumPeerTestBase$MainThread@205] - id = 4 tmpDir = D:\desktop\git_repo\zookeeper-read\zookeeper-server\target\surefire\test2480055914949451420.junit.dir clientPort = 11250 adminServerPort = 8080
2020-06-22 14:08:43,765 [myid:2] - INFO  [Thread-13:QuorumPeer@1102] - currentEpoch not found! Creating with a reasonable default of 0. This should only happen when you are upgrading your installation
2020-06-22 14:08:43,765 [myid:3] - INFO  [Thread-14:ServerCnxnFactory@169] - Using org.apache.zookeeper.server.NIOServerCnxnFactory as server connection factory
2020-06-22 14:08:43,765 [myid:3] - WARN  [Thread-14:ServerCnxnFactory@309] - maxCnxns is not configured, using default value 0.
2020-06-22 14:08:43,765 [myid:3] - INFO  [Thread-14:NIOServerCnxnFactory@666] - Configuring NIO connection handler with 10s sessionless connection timeout, 2 selector thread(s), 16 worker threads, and 64 kB direct buffers.
2020-06-22 14:08:43,766 [myid:3] - INFO  [Thread-14:NIOServerCnxnFactory@674] - binding to port localhost/127.0.0.1:11247
2020-06-22 14:08:43,767 [myid:3] - INFO  [Thread-14:FileTxnSnapLog@124] - zookeeper.snapshot.trust.empty : false
2020-06-22 14:08:43,767 [myid:1] - INFO  [Thread-12:QuorumPeer@2503] - Using 20000ms as the quorum cnxn socket timeout
2020-06-22 14:08:43,767 [myid:1] - INFO  [Thread-12:QuorumCnxManager$Listener@923] - Election port bind maximum retries is 3
2020-06-22 14:08:43,768 [myid:3] - INFO  [Thread-14:QuorumPeer@1680] - Local sessions disabled
2020-06-22 14:08:43,768 [myid:3] - INFO  [Thread-14:QuorumPeer@1691] - Local session upgrading disabled
2020-06-22 14:08:43,768 [myid:2] - INFO  [Thread-13:QuorumPeer@1122] - acceptedEpoch not found! Creating with a reasonable default of 0. This should only happen when you are upgrading your installation
2020-06-22 14:08:43,768 [myid:3] - INFO  [Thread-14:QuorumPeer@1658] - tickTime set to 4000
2020-06-22 14:08:43,768 [myid:3] - INFO  [Thread-14:QuorumPeer@1702] - minSessionTimeout set to 8000
2020-06-22 14:08:43,769 [myid:3] - INFO  [Thread-14:QuorumPeer@1713] - maxSessionTimeout set to 80000
2020-06-22 14:08:43,769 [myid:3] - INFO  [Thread-14:QuorumPeer@1738] - initLimit set to 10
2020-06-22 14:08:43,769 [myid:3] - INFO  [Thread-14:QuorumPeer@1920] - syncLimit set to 5
2020-06-22 14:08:43,769 [myid:3] - INFO  [Thread-14:QuorumPeer@1935] - connectToLearnerMasterLimit set to 5
2020-06-22 14:08:43,769 [myid:1] - INFO  [ListenerHandler-localhost/127.0.0.1:11243:QuorumCnxManager$Listener$ListenerHandler@1065] - 1 is accepting connections now, my election bind port: localhost/127.0.0.1:11243
2020-06-22 14:08:43,769 [myid:] - INFO  [main:FourLetterWordMain@93] - connecting to 127.0.0.1 11238
2020-06-22 14:08:43,769 [myid:] - INFO  [Thread-15:QuorumPeerConfig@173] - Reading configuration from: D:\desktop\git_repo\zookeeper-read\zookeeper-server\target\surefire\test2480055914949451420.junit.dir\zoo.cfg
2020-06-22 14:08:43,769 [myid:3] - INFO  [Thread-14:WatchManagerFactory@42] - Using org.apache.zookeeper.server.watch.WatchManager as watch manager
2020-06-22 14:08:43,769 [myid:1] - INFO  [QuorumPeer[myid=1](plain=127.0.0.1:11241)(secure=disabled):QuorumPeer@1371] - LOOKING
2020-06-22 14:08:43,769 [myid:3] - INFO  [Thread-14:WatchManagerFactory@42] - Using org.apache.zookeeper.server.watch.WatchManager as watch manager
2020-06-22 14:08:43,769 [myid:3] - INFO  [Thread-14:ZKDatabase@132] - zookeeper.snapshotSizeFactor = 0.33
2020-06-22 14:08:43,769 [myid:3] - INFO  [Thread-14:ZKDatabase@152] - zookeeper.commitLogCount=500
2020-06-22 14:08:43,769 [myid:1] - INFO  [QuorumPeer[myid=1](plain=127.0.0.1:11241)(secure=disabled):FastLeaderElection@944] - New election. My id = 1, proposed zxid=0x0
2020-06-22 14:08:43,770 [myid:] - INFO  [Thread-15:QuorumPeerConfig@459] - clientPortAddress is 0.0.0.0:11250
2020-06-22 14:08:43,770 [myid:] - INFO  [Thread-15:QuorumPeerConfig@463] - secureClientPort is not set
2020-06-22 14:08:43,771 [myid:3] - INFO  [Thread-14:QuorumPeer@2001] - Using insecure (non-TLS) quorum communication
2020-06-22 14:08:43,771 [myid:] - INFO  [Thread-15:QuorumPeerConfig@479] - observerMasterPort is not set
2020-06-22 14:08:43,771 [myid:3] - INFO  [Thread-14:QuorumPeer@2007] - Port unification disabled
2020-06-22 14:08:43,771 [myid:3] - INFO  [Thread-14:QuorumPeer@174] - multiAddress.enabled set to false
2020-06-22 14:08:43,772 [myid:3] - INFO  [Thread-14:QuorumPeer@199] - multiAddress.reachabilityCheckEnabled set to true
2020-06-22 14:08:43,771 [myid:2] - INFO  [Thread-13:QuorumPeer@2503] - Using 20000ms as the quorum cnxn socket timeout
2020-06-22 14:08:43,772 [myid:0] - INFO  [NIOWorkerThread-1:NIOServerCnxn@507] - Processing stat command from /127.0.0.1:60835
2020-06-22 14:08:43,772 [myid:3] - INFO  [Thread-14:QuorumPeer@186] - multiAddress.reachabilityCheckTimeoutMs set to 1000
2020-06-22 14:08:43,771 [myid:] - INFO  [Thread-15:QuorumPeerConfig@496] - metricsProvider.className is org.apache.zookeeper.metrics.impl.DefaultMetricsProvider
2020-06-22 14:08:43,773 [myid:3] - INFO  [Thread-14:QuorumPeer@2461] - QuorumPeer communication is not secured! (SASL auth disabled)
2020-06-22 14:08:43,773 [myid:3] - INFO  [Thread-14:QuorumPeer@2486] - quorum.cnxn.threads.size set to 20
2020-06-22 14:08:43,772 [myid:1] - INFO  [WorkerReceiver[myid=1]:FastLeaderElection$Messenger$WorkerReceiver@389] - Notification: my state:LOOKING; n.sid:1, n.state:LOOKING, n.leader:1, n.round:0x1, n.peerEpoch:0x0, n.zxid:0x0, message format version:0x2, n.config version:0x200000000
2020-06-22 14:08:43,772 [myid:2] - INFO  [Thread-13:QuorumCnxManager$Listener@923] - Election port bind maximum retries is 3
2020-06-22 14:08:43,773 [myid:0] - INFO  [ListenerHandler-localhost/127.0.0.1:11240:QuorumCnxManager$Listener$ListenerHandler@1070] - Received connection request from /127.0.0.1:60836
2020-06-22 14:08:43,773 [myid:3] - INFO  [Thread-14:FileTxnSnapLog@251] - Initialize file found, an empty database will not block voting participation
2020-06-22 14:08:43,774 [myid:3] - INFO  [Thread-14:FileTxnSnapLog@470] - Snapshotting: 0x0 to D:\desktop\git_repo\zookeeper-read\zookeeper-server\target\surefire\test7881062726506247616.junit.dir\data\version-2\snapshot.0
2020-06-22 14:08:43,775 [myid:4] - INFO  [Thread-15:DatadirCleanupManager@78] - autopurge.snapRetainCount set to 3
2020-06-22 14:08:43,775 [myid:4] - INFO  [Thread-15:DatadirCleanupManager@79] - autopurge.purgeInterval set to 0
2020-06-22 14:08:43,775 [myid:4] - INFO  [Thread-15:DatadirCleanupManager@101] - Purge task is not scheduled.
2020-06-22 14:08:43,775 [myid:4] - INFO  [Thread-15:ManagedUtil@44] - Log4j 1.2 jmx support found and enabled.
2020-06-22 14:08:43,776 [myid:2] - INFO  [ListenerHandler-localhost/127.0.0.1:11246:QuorumCnxManager$Listener$ListenerHandler@1065] - 2 is accepting connections now, my election bind port: localhost/127.0.0.1:11246
2020-06-22 14:08:43,776 [myid:3] - INFO  [Thread-14:ZKDatabase@289] - Snapshot loaded in 3 ms, highest zxid is 0x0, digest is 1371985504
2020-06-22 14:08:43,776 [myid:4] - ERROR [Thread-15:ManagedUtil@109] - Problems while registering log4j 1.2 jmx beans!
javax.management.InstanceAlreadyExistsException: log4j:hierarchy=default
	at com.sun.jmx.mbeanserver.Repository.addMBean(Repository.java:437)
	at com.sun.jmx.interceptor.DefaultMBeanServerInterceptor.registerWithRepository(DefaultMBeanServerInterceptor.java:1898)
	at com.sun.jmx.interceptor.DefaultMBeanServerInterceptor.registerDynamicMBean(DefaultMBeanServerInterceptor.java:966)
	at com.sun.jmx.interceptor.DefaultMBeanServerInterceptor.registerObject(DefaultMBeanServerInterceptor.java:900)
	at com.sun.jmx.interceptor.DefaultMBeanServerInterceptor.registerMBean(DefaultMBeanServerInterceptor.java:324)
	at com.sun.jmx.mbeanserver.JmxMBeanServer.registerMBean(JmxMBeanServer.java:522)
	at org.apache.zookeeper.jmx.ManagedUtil.registerLog4jMBeans(ManagedUtil.java:72)
	at org.apache.zookeeper.server.quorum.QuorumPeerMain.runFromConfig(QuorumPeerMain.java:146)
	at org.apache.zookeeper.server.quorum.QuorumPeerMain.initializeAndRun(QuorumPeerMain.java:136)
	at org.apache.zookeeper.server.quorum.QuorumPeerTestBase$MainThread.run(QuorumPeerTestBase.java:329)
	at java.lang.Thread.run(Thread.java:748)
2020-06-22 14:08:43,776 [myid:2] - INFO  [QuorumPeer[myid=2](plain=127.0.0.1:11244)(secure=disabled):QuorumPeer@1371] - LOOKING
2020-06-22 14:08:43,776 [myid:4] - WARN  [Thread-15:QuorumPeerMain@148] - Unable to register log4j JMX control
javax.management.JMException: javax.management.InstanceAlreadyExistsException: log4j:hierarchy=default
	at org.apache.zookeeper.jmx.ManagedUtil.registerLog4jMBeans(ManagedUtil.java:110)
	at org.apache.zookeeper.server.quorum.QuorumPeerMain.runFromConfig(QuorumPeerMain.java:146)
	at org.apache.zookeeper.server.quorum.QuorumPeerMain.initializeAndRun(QuorumPeerMain.java:136)
	at org.apache.zookeeper.server.quorum.QuorumPeerTestBase$MainThread.run(QuorumPeerTestBase.java:329)
	at java.lang.Thread.run(Thread.java:748)
2020-06-22 14:08:43,776 [myid:4] - INFO  [Thread-15:QuorumPeerMain@151] - Starting quorum peer
2020-06-22 14:08:43,776 [myid:3] - INFO  [Thread-14:QuorumPeer@1102] - currentEpoch not found! Creating with a reasonable default of 0. This should only happen when you are upgrading your installation
2020-06-22 14:08:43,776 [myid:0] - INFO  [WorkerReceiver[myid=0]:FastLeaderElection$Messenger$WorkerReceiver@307] - 0 Received version: 200000000 my version: 100000000
2020-06-22 14:08:43,776 [myid:1] - INFO  [WorkerReceiver[myid=1]:FastLeaderElection$Messenger$WorkerReceiver@389] - Notification: my state:LOOKING; n.sid:0, n.state:LOOKING, n.leader:0, n.round:0x1, n.peerEpoch:0x0, n.zxid:0x0, message format version:0x2, n.config version:0x100000000
2020-06-22 14:08:43,776 [myid:4] - INFO  [Thread-15:ServerMetrics@62] - ServerMetrics initialized with provider org.apache.zookeeper.metrics.impl.DefaultMetricsProvider@33d3f149
2020-06-22 14:08:43,776 [myid:2] - INFO  [QuorumPeer[myid=2](plain=127.0.0.1:11244)(secure=disabled):FastLeaderElection@944] - New election. My id = 2, proposed zxid=0x0
2020-06-22 14:08:43,777 [myid:4] - INFO  [Thread-15:ServerCnxnFactory@169] - Using org.apache.zookeeper.server.NIOServerCnxnFactory as server connection factory
2020-06-22 14:08:43,777 [myid:4] - WARN  [Thread-15:ServerCnxnFactory@309] - maxCnxns is not configured, using default value 0.
2020-06-22 14:08:43,777 [myid:4] - INFO  [Thread-15:NIOServerCnxnFactory@666] - Configuring NIO connection handler with 10s sessionless connection timeout, 2 selector thread(s), 16 worker threads, and 64 kB direct buffers.
2020-06-22 14:08:43,778 [myid:0] - INFO  [ListenerHandler-localhost/127.0.0.1:11240:QuorumCnxManager$Listener$ListenerHandler@1070] - Received connection request from /127.0.0.1:60842
2020-06-22 14:08:43,778 [myid:2] - INFO  [WorkerReceiver[myid=2]:FastLeaderElection$Messenger$WorkerReceiver@389] - Notification: my state:LOOKING; n.sid:2, n.state:LOOKING, n.leader:2, n.round:0x1, n.peerEpoch:0x0, n.zxid:0x0, message format version:0x2, n.config version:0x200000000
2020-06-22 14:08:43,779 [myid:1] - INFO  [ListenerHandler-localhost/127.0.0.1:11243:QuorumCnxManager$Listener$ListenerHandler@1070] - Received connection request from /127.0.0.1:60845
2020-06-22 14:08:43,780 [myid:3] - INFO  [Thread-14:QuorumPeer@1122] - acceptedEpoch not found! Creating with a reasonable default of 0. This should only happen when you are upgrading your installation
2020-06-22 14:08:43,781 [myid:4] - INFO  [Thread-15:NIOServerCnxnFactory@674] - binding to port localhost/127.0.0.1:11250
2020-06-22 14:08:43,782 [myid:2] - INFO  [WorkerReceiver[myid=2]:FastLeaderElection$Messenger$WorkerReceiver@389] - Notification: my state:LOOKING; n.sid:0, n.state:LOOKING, n.leader:0, n.round:0x1, n.peerEpoch:0x0, n.zxid:0x0, message format version:0x2, n.config version:0x100000000
2020-06-22 14:08:43,782 [myid:1] - INFO  [WorkerReceiver[myid=1]:FastLeaderElection$Messenger$WorkerReceiver@389] - Notification: my state:LOOKING; n.sid:2, n.state:LOOKING, n.leader:2, n.round:0x1, n.peerEpoch:0x0, n.zxid:0x0, message format version:0x2, n.config version:0x200000000
2020-06-22 14:08:43,782 [myid:2] - INFO  [WorkerReceiver[myid=2]:FastLeaderElection$Messenger$WorkerReceiver@389] - Notification: my state:LOOKING; n.sid:1, n.state:LOOKING, n.leader:1, n.round:0x1, n.peerEpoch:0x0, n.zxid:0x0, message format version:0x2, n.config version:0x200000000
2020-06-22 14:08:43,784 [myid:3] - INFO  [Thread-14:QuorumPeer@2503] - Using 20000ms as the quorum cnxn socket timeout
2020-06-22 14:08:43,784 [myid:4] - INFO  [Thread-15:FileTxnSnapLog@124] - zookeeper.snapshot.trust.empty : false
2020-06-22 14:08:43,784 [myid:3] - INFO  [Thread-14:QuorumCnxManager$Listener@923] - Election port bind maximum retries is 3
2020-06-22 14:08:43,786 [myid:4] - INFO  [Thread-15:QuorumPeer@1680] - Local sessions disabled
2020-06-22 14:08:43,786 [myid:4] - INFO  [Thread-15:QuorumPeer@1691] - Local session upgrading disabled
2020-06-22 14:08:43,786 [myid:2] - INFO  [WorkerReceiver[myid=2]:FastLeaderElection$Messenger$WorkerReceiver@389] - Notification: my state:LOOKING; n.sid:1, n.state:LOOKING, n.leader:2, n.round:0x1, n.peerEpoch:0x0, n.zxid:0x0, message format version:0x2, n.config version:0x200000000
2020-06-22 14:08:43,786 [myid:1] - INFO  [WorkerReceiver[myid=1]:FastLeaderElection$Messenger$WorkerReceiver@389] - Notification: my state:LOOKING; n.sid:1, n.state:LOOKING, n.leader:2, n.round:0x1, n.peerEpoch:0x0, n.zxid:0x0, message format version:0x2, n.config version:0x200000000
2020-06-22 14:08:43,786 [myid:4] - INFO  [Thread-15:QuorumPeer@1658] - tickTime set to 4000
2020-06-22 14:08:43,787 [myid:4] - INFO  [Thread-15:QuorumPeer@1702] - minSessionTimeout set to 8000
2020-06-22 14:08:43,787 [myid:0] - INFO  [WorkerReceiver[myid=0]:FastLeaderElection$Messenger$WorkerReceiver@315] - restarting leader election
2020-06-22 14:08:43,787 [myid:4] - INFO  [Thread-15:QuorumPeer@1713] - maxSessionTimeout set to 80000
2020-06-22 14:08:43,787 [myid:4] - INFO  [Thread-15:QuorumPeer@1738] - initLimit set to 10
2020-06-22 14:08:43,787 [myid:4] - INFO  [Thread-15:QuorumPeer@1920] - syncLimit set to 5
2020-06-22 14:08:43,787 [myid:3] - WARN  [QuorumPeer[myid=3](plain=127.0.0.1:11247)(secure=disabled):MBeanRegistry@110] - Failed to register MBean ReplicatedServer_id3
2020-06-22 14:08:43,788 [myid:3] - WARN  [QuorumPeer[myid=3](plain=127.0.0.1:11247)(secure=disabled):QuorumPeer@1360] - Failed to register with JMX
javax.management.InstanceAlreadyExistsException: org.apache.ZooKeeperService:name0=ReplicatedServer_id3
	at com.sun.jmx.mbeanserver.Repository.addMBean(Repository.java:437)
	at com.sun.jmx.interceptor.DefaultMBeanServerInterceptor.registerWithRepository(DefaultMBeanServerInterceptor.java:1898)
	at com.sun.jmx.interceptor.DefaultMBeanServerInterceptor.registerDynamicMBean(DefaultMBeanServerInterceptor.java:966)
	at com.sun.jmx.interceptor.DefaultMBeanServerInterceptor.registerObject(DefaultMBeanServerInterceptor.java:900)
	at com.sun.jmx.interceptor.DefaultMBeanServerInterceptor.registerMBean(DefaultMBeanServerInterceptor.java:324)
	at com.sun.jmx.mbeanserver.JmxMBeanServer.registerMBean(JmxMBeanServer.java:522)
	at org.apache.zookeeper.jmx.MBeanRegistry.register(MBeanRegistry.java:106)
	at org.apache.zookeeper.server.quorum.QuorumPeer.run(QuorumPeer.java:1338)
2020-06-22 14:08:43,788 [myid:3] - INFO  [QuorumPeer[myid=3](plain=127.0.0.1:11247)(secure=disabled):QuorumPeer@1371] - LOOKING
2020-06-22 14:08:43,788 [myid:3] - INFO  [ListenerHandler-localhost/127.0.0.1:11249:QuorumCnxManager$Listener$ListenerHandler@1065] - 3 is accepting connections now, my election bind port: localhost/127.0.0.1:11249
2020-06-22 14:08:43,788 [myid:4] - INFO  [Thread-15:QuorumPeer@1935] - connectToLearnerMasterLimit set to 5
2020-06-22 14:08:43,788 [myid:3] - INFO  [QuorumPeer[myid=3](plain=127.0.0.1:11247)(secure=disabled):FastLeaderElection@944] - New election. My id = 3, proposed zxid=0x0
2020-06-22 14:08:43,787 [myid:0] - INFO  [QuorumPeerListener:QuorumCnxManager$Listener@979] - Leaving listener
2020-06-22 14:08:43,788 [myid:4] - INFO  [Thread-15:WatchManagerFactory@42] - Using org.apache.zookeeper.server.watch.WatchManager as watch manager
2020-06-22 14:08:43,789 [myid:1] - WARN  [RecvWorker:0:QuorumCnxManager$RecvWorker@1395] - Connection broken for id 0, my id = 1
java.io.EOFException
	at java.io.DataInputStream.readInt(DataInputStream.java:392)
	at org.apache.zookeeper.server.quorum.QuorumCnxManager$RecvWorker.run(QuorumCnxManager.java:1383)
2020-06-22 14:08:43,790 [myid:0] - WARN  [RecvWorker:2:QuorumCnxManager$RecvWorker@1395] - Connection broken for id 2, my id = 0
java.net.SocketException: Socket closed
	at java.net.SocketInputStream.socketRead0(Native Method)
	at java.net.SocketInputStream.socketRead(SocketInputStream.java:116)
	at java.net.SocketInputStream.read(SocketInputStream.java:171)
	at java.net.SocketInputStream.read(SocketInputStream.java:141)
	at java.io.BufferedInputStream.fill(BufferedInputStream.java:246)
	at java.io.BufferedInputStream.read(BufferedInputStream.java:265)
	at java.io.DataInputStream.readInt(DataInputStream.java:387)
	at org.apache.zookeeper.server.quorum.QuorumCnxManager$RecvWorker.run(QuorumCnxManager.java:1383)
2020-06-22 14:08:43,790 [myid:0] - WARN  [RecvWorker:2:QuorumCnxManager$RecvWorker@1401] - Interrupting SendWorker thread from RecvWorker. sid: 2. myId: 0
2020-06-22 14:08:43,791 [myid:4] - INFO  [Thread-15:WatchManagerFactory@42] - Using org.apache.zookeeper.server.watch.WatchManager as watch manager
2020-06-22 14:08:43,791 [myid:4] - INFO  [Thread-15:ZKDatabase@132] - zookeeper.snapshotSizeFactor = 0.33
2020-06-22 14:08:43,791 [myid:4] - INFO  [Thread-15:ZKDatabase@152] - zookeeper.commitLogCount=500
2020-06-22 14:08:43,791 [myid:4] - INFO  [Thread-15:QuorumPeer@2001] - Using insecure (non-TLS) quorum communication
2020-06-22 14:08:43,792 [myid:4] - INFO  [Thread-15:QuorumPeer@2007] - Port unification disabled
2020-06-22 14:08:43,792 [myid:4] - INFO  [Thread-15:QuorumPeer@174] - multiAddress.enabled set to false
2020-06-22 14:08:43,792 [myid:4] - INFO  [Thread-15:QuorumPeer@199] - multiAddress.reachabilityCheckEnabled set to true
2020-06-22 14:08:43,792 [myid:4] - INFO  [Thread-15:QuorumPeer@186] - multiAddress.reachabilityCheckTimeoutMs set to 1000
2020-06-22 14:08:43,792 [myid:4] - INFO  [Thread-15:QuorumPeer@2461] - QuorumPeer communication is not secured! (SASL auth disabled)
2020-06-22 14:08:43,792 [myid:4] - INFO  [Thread-15:QuorumPeer@2486] - quorum.cnxn.threads.size set to 20
2020-06-22 14:08:43,790 [myid:0] - WARN  [SendWorker:2:QuorumCnxManager$SendWorker@1281] - Interrupted while waiting for message on queue
java.lang.InterruptedException
	at java.util.concurrent.locks.AbstractQueuedSynchronizer$ConditionObject.reportInterruptAfterWait(AbstractQueuedSynchronizer.java:2014)
	at java.util.concurrent.locks.AbstractQueuedSynchronizer$ConditionObject.awaitNanos(AbstractQueuedSynchronizer.java:2088)
	at org.apache.zookeeper.util.CircularBlockingQueue.poll(CircularBlockingQueue.java:105)
	at org.apache.zookeeper.server.quorum.QuorumCnxManager.pollSendQueue(QuorumCnxManager.java:1446)
	at org.apache.zookeeper.server.quorum.QuorumCnxManager.access$900(QuorumCnxManager.java:98)
	at org.apache.zookeeper.server.quorum.QuorumCnxManager$SendWorker.run(QuorumCnxManager.java:1270)
2020-06-22 14:08:43,792 [myid:0] - WARN  [SendWorker:2:QuorumCnxManager$SendWorker@1293] - Send worker leaving thread id 2 my id = 0
2020-06-22 14:08:43,790 [myid:0] - INFO  [WorkerReceiver[myid=0]:FastLeaderElection$Messenger$WorkerReceiver@471] - WorkerReceiver is down
2020-06-22 14:08:43,790 [myid:2] - WARN  [RecvWorker:0:QuorumCnxManager$RecvWorker@1395] - Connection broken for id 0, my id = 2
java.io.EOFException
	at java.io.DataInputStream.readInt(DataInputStream.java:392)
	at org.apache.zookeeper.server.quorum.QuorumCnxManager$RecvWorker.run(QuorumCnxManager.java:1383)
2020-06-22 14:08:43,789 [myid:0] - WARN  [RecvWorker:1:QuorumCnxManager$RecvWorker@1395] - Connection broken for id 1, my id = 0
java.net.SocketException: Socket closed
	at java.net.SocketInputStream.socketRead0(Native Method)
	at java.net.SocketInputStream.socketRead(SocketInputStream.java:116)
	at java.net.SocketInputStream.read(SocketInputStream.java:171)
	at java.net.SocketInputStream.read(SocketInputStream.java:141)
	at java.io.BufferedInputStream.fill(BufferedInputStream.java:246)
	at java.io.BufferedInputStream.read(BufferedInputStream.java:265)
	at java.io.DataInputStream.readInt(DataInputStream.java:387)
	at org.apache.zookeeper.server.quorum.QuorumCnxManager$RecvWorker.run(QuorumCnxManager.java:1383)
2020-06-22 14:08:43,793 [myid:0] - WARN  [RecvWorker:1:QuorumCnxManager$RecvWorker@1401] - Interrupting SendWorker thread from RecvWorker. sid: 1. myId: 0
2020-06-22 14:08:43,789 [myid:0] - WARN  [SendWorker:1:QuorumCnxManager$SendWorker@1281] - Interrupted while waiting for message on queue
java.lang.InterruptedException
	at java.util.concurrent.locks.AbstractQueuedSynchronizer$ConditionObject.reportInterruptAfterWait(AbstractQueuedSynchronizer.java:2014)
	at java.util.concurrent.locks.AbstractQueuedSynchronizer$ConditionObject.awaitNanos(AbstractQueuedSynchronizer.java:2088)
	at org.apache.zookeeper.util.CircularBlockingQueue.poll(CircularBlockingQueue.java:105)
	at org.apache.zookeeper.server.quorum.QuorumCnxManager.pollSendQueue(QuorumCnxManager.java:1446)
	at org.apache.zookeeper.server.quorum.QuorumCnxManager.access$900(QuorumCnxManager.java:98)
	at org.apache.zookeeper.server.quorum.QuorumCnxManager$SendWorker.run(QuorumCnxManager.java:1270)
2020-06-22 14:08:43,793 [myid:2] - INFO  [ListenerHandler-localhost/127.0.0.1:11246:QuorumCnxManager$Listener$ListenerHandler@1070] - Received connection request from /127.0.0.1:60858
2020-06-22 14:08:43,793 [myid:1] - INFO  [ListenerHandler-localhost/127.0.0.1:11243:QuorumCnxManager$Listener$ListenerHandler@1070] - Received connection request from /127.0.0.1:60855
2020-06-22 14:08:43,793 [myid:4] - INFO  [Thread-15:FileTxnSnapLog@251] - Initialize file found, an empty database will not block voting participation
2020-06-22 14:08:43,793 [myid:3] - INFO  [WorkerReceiver[myid=3]:FastLeaderElection$Messenger$WorkerReceiver@389] - Notification: my state:LOOKING; n.sid:4, n.state:LOOKING, n.leader:4, n.round:0x2, n.peerEpoch:0x1, n.zxid:0x100000019, message format version:0x2, n.config version:0x10000000d
2020-06-22 14:08:43,793 [myid:2] - WARN  [RecvWorker:0:QuorumCnxManager$RecvWorker@1401] - Interrupting SendWorker thread from RecvWorker. sid: 0. myId: 2
2020-06-22 14:08:43,792 [myid:3] - INFO  [QuorumPeer[myid=3](plain=127.0.0.1:11231)(secure=disabled):FastLeaderElection@979] - Notification time out: 3200
2020-06-22 14:08:43,797 [myid:4] - INFO  [Thread-15:FileTxnSnapLog@470] - Snapshotting: 0x0 to D:\desktop\git_repo\zookeeper-read\zookeeper-server\target\surefire\test2480055914949451420.junit.dir\data\version-2\snapshot.0
2020-06-22 14:08:43,797 [myid:1] - INFO  [WorkerReceiver[myid=1]:FastLeaderElection$Messenger$WorkerReceiver@389] - Notification: my state:LOOKING; n.sid:3, n.state:LOOKING, n.leader:3, n.round:0x1, n.peerEpoch:0x0, n.zxid:0x0, message format version:0x2, n.config version:0x200000000
2020-06-22 14:08:43,797 [myid:2] - INFO  [WorkerReceiver[myid=2]:FastLeaderElection$Messenger$WorkerReceiver@389] - Notification: my state:LOOKING; n.sid:3, n.state:LOOKING, n.leader:3, n.round:0x1, n.peerEpoch:0x0, n.zxid:0x0, message format version:0x2, n.config version:0x200000000
2020-06-22 14:08:43,792 [myid:4] - INFO  [WorkerReceiver[myid=4]:FastLeaderElection$Messenger$WorkerReceiver@389] - Notification: my state:LOOKING; n.sid:4, n.state:LOOKING, n.leader:4, n.round:0x2, n.peerEpoch:0x1, n.zxid:0x100000019, message format version:0x2, n.config version:0x10000000d
2020-06-22 14:08:43,797 [myid:4] - INFO  [WorkerReceiver[myid=4]:FastLeaderElection$Messenger$WorkerReceiver@389] - Notification: my state:LOOKING; n.sid:3, n.state:LOOKING, n.leader:4, n.round:0x2, n.peerEpoch:0x1, n.zxid:0x100000019, message format version:0x2, n.config version:0x10000000d
2020-06-22 14:08:43,791 [myid:4] - INFO  [QuorumPeer[myid=4](plain=127.0.0.1:11234)(secure=disabled):FastLeaderElection@979] - Notification time out: 3200
2020-06-22 14:08:43,790 [myid:1] - WARN  [RecvWorker:0:QuorumCnxManager$RecvWorker@1401] - Interrupting SendWorker thread from RecvWorker. sid: 0. myId: 1
2020-06-22 14:08:43,797 [myid:3] - INFO  [WorkerReceiver[myid=3]:FastLeaderElection$Messenger$WorkerReceiver@389] - Notification: my state:LOOKING; n.sid:3, n.state:LOOKING, n.leader:4, n.round:0x2, n.peerEpoch:0x1, n.zxid:0x100000019, message format version:0x2, n.config version:0x10000000d
2020-06-22 14:08:43,797 [myid:2] - WARN  [SendWorker:0:QuorumCnxManager$SendWorker@1281] - Interrupted while waiting for message on queue
java.lang.InterruptedException
	at java.util.concurrent.locks.AbstractQueuedSynchronizer$ConditionObject.reportInterruptAfterWait(AbstractQueuedSynchronizer.java:2014)
	at java.util.concurrent.locks.AbstractQueuedSynchronizer$ConditionObject.awaitNanos(AbstractQueuedSynchronizer.java:2088)
	at org.apache.zookeeper.util.CircularBlockingQueue.poll(CircularBlockingQueue.java:105)
	at org.apache.zookeeper.server.quorum.QuorumCnxManager.pollSendQueue(QuorumCnxManager.java:1446)
	at org.apache.zookeeper.server.quorum.QuorumCnxManager.access$900(QuorumCnxManager.java:98)
	at org.apache.zookeeper.server.quorum.QuorumCnxManager$SendWorker.run(QuorumCnxManager.java:1270)
2020-06-22 14:08:43,794 [myid:3] - INFO  [WorkerReceiver[myid=3]:FastLeaderElection$Messenger$WorkerReceiver@389] - Notification: my state:LOOKING; n.sid:3, n.state:LOOKING, n.leader:3, n.round:0x1, n.peerEpoch:0x0, n.zxid:0x0, message format version:0x2, n.config version:0x200000000
2020-06-22 14:08:43,800 [myid:1] - WARN  [SendWorker:0:QuorumCnxManager$SendWorker@1285] - Exception when using channel: for id 0 my id = 1
java.net.SocketException: Socket closed
	at java.net.SocketOutputStream.socketWrite(SocketOutputStream.java:118)
	at java.net.SocketOutputStream.write(SocketOutputStream.java:134)
	at java.io.DataOutputStream.writeInt(DataOutputStream.java:197)
	at org.apache.zookeeper.server.quorum.QuorumCnxManager$SendWorker.send(QuorumCnxManager.java:1227)
	at org.apache.zookeeper.server.quorum.QuorumCnxManager$SendWorker.run(QuorumCnxManager.java:1278)
2020-06-22 14:08:43,800 [myid:2] - INFO  [WorkerReceiver[myid=2]:FastLeaderElection$Messenger$WorkerReceiver@389] - Notification: my state:LOOKING; n.sid:2, n.state:LOOKING, n.leader:3, n.round:0x1, n.peerEpoch:0x0, n.zxid:0x0, message format version:0x2, n.config version:0x200000000
2020-06-22 14:08:43,794 [myid:0] - WARN  [SendWorker:1:QuorumCnxManager$SendWorker@1293] - Send worker leaving thread id 1 my id = 0
2020-06-22 14:08:43,800 [myid:2] - INFO  [WorkerReceiver[myid=2]:FastLeaderElection$Messenger$WorkerReceiver@389] - Notification: my state:LOOKING; n.sid:1, n.state:LOOKING, n.leader:3, n.round:0x1, n.peerEpoch:0x0, n.zxid:0x0, message format version:0x2, n.config version:0x200000000
2020-06-22 14:08:43,800 [myid:1] - WARN  [SendWorker:0:QuorumCnxManager$SendWorker@1293] - Send worker leaving thread id 0 my id = 1
2020-06-22 14:08:43,800 [myid:3] - INFO  [WorkerReceiver[myid=3]:FastLeaderElection$Messenger$WorkerReceiver@389] - Notification: my state:LOOKING; n.sid:1, n.state:LOOKING, n.leader:2, n.round:0x1, n.peerEpoch:0x0, n.zxid:0x0, message format version:0x2, n.config version:0x200000000
2020-06-22 14:08:43,800 [myid:1] - INFO  [WorkerReceiver[myid=1]:FastLeaderElection$Messenger$WorkerReceiver@389] - Notification: my state:LOOKING; n.sid:1, n.state:LOOKING, n.leader:3, n.round:0x1, n.peerEpoch:0x0, n.zxid:0x0, message format version:0x2, n.config version:0x200000000
2020-06-22 14:08:43,799 [myid:2] - WARN  [SendWorker:0:QuorumCnxManager$SendWorker@1293] - Send worker leaving thread id 0 my id = 2
2020-06-22 14:08:43,799 [myid:4] - INFO  [Thread-15:ZKDatabase@289] - Snapshot loaded in 7 ms, highest zxid is 0x0, digest is 1371985504
2020-06-22 14:08:43,801 [myid:1] - INFO  [WorkerReceiver[myid=1]:FastLeaderElection$Messenger$WorkerReceiver@389] - Notification: my state:LOOKING; n.sid:2, n.state:LOOKING, n.leader:3, n.round:0x1, n.peerEpoch:0x0, n.zxid:0x0, message format version:0x2, n.config version:0x200000000
2020-06-22 14:08:43,801 [myid:3] - INFO  [WorkerReceiver[myid=3]:FastLeaderElection$Messenger$WorkerReceiver@389] - Notification: my state:LOOKING; n.sid:2, n.state:LOOKING, n.leader:2, n.round:0x1, n.peerEpoch:0x0, n.zxid:0x0, message format version:0x2, n.config version:0x200000000
2020-06-22 14:08:43,801 [myid:4] - INFO  [Thread-15:QuorumPeer@1102] - currentEpoch not found! Creating with a reasonable default of 0. This should only happen when you are upgrading your installation
2020-06-22 14:08:43,801 [myid:3] - INFO  [WorkerReceiver[myid=3]:FastLeaderElection$Messenger$WorkerReceiver@389] - Notification: my state:LOOKING; n.sid:1, n.state:LOOKING, n.leader:3, n.round:0x1, n.peerEpoch:0x0, n.zxid:0x0, message format version:0x2, n.config version:0x200000000
2020-06-22 14:08:43,801 [myid:3] - INFO  [WorkerReceiver[myid=3]:FastLeaderElection$Messenger$WorkerReceiver@389] - Notification: my state:LOOKING; n.sid:2, n.state:LOOKING, n.leader:3, n.round:0x1, n.peerEpoch:0x0, n.zxid:0x0, message format version:0x2, n.config version:0x200000000
2020-06-22 14:08:43,803 [myid:4] - INFO  [Thread-15:QuorumPeer@1122] - acceptedEpoch not found! Creating with a reasonable default of 0. This should only happen when you are upgrading your installation
2020-06-22 14:08:43,805 [myid:4] - INFO  [Thread-15:QuorumPeer@2503] - Using 20000ms as the quorum cnxn socket timeout
2020-06-22 14:08:43,806 [myid:4] - INFO  [Thread-15:QuorumCnxManager$Listener@923] - Election port bind maximum retries is 3
2020-06-22 14:08:43,806 [myid:4] - WARN  [QuorumPeer[myid=4](plain=127.0.0.1:11250)(secure=disabled):MBeanRegistry@110] - Failed to register MBean ReplicatedServer_id4
2020-06-22 14:08:43,807 [myid:4] - WARN  [QuorumPeer[myid=4](plain=127.0.0.1:11250)(secure=disabled):QuorumPeer@1360] - Failed to register with JMX
javax.management.InstanceAlreadyExistsException: org.apache.ZooKeeperService:name0=ReplicatedServer_id4
	at com.sun.jmx.mbeanserver.Repository.addMBean(Repository.java:437)
	at com.sun.jmx.interceptor.DefaultMBeanServerInterceptor.registerWithRepository(DefaultMBeanServerInterceptor.java:1898)
	at com.sun.jmx.interceptor.DefaultMBeanServerInterceptor.registerDynamicMBean(DefaultMBeanServerInterceptor.java:966)
	at com.sun.jmx.interceptor.DefaultMBeanServerInterceptor.registerObject(DefaultMBeanServerInterceptor.java:900)
	at com.sun.jmx.interceptor.DefaultMBeanServerInterceptor.registerMBean(DefaultMBeanServerInterceptor.java:324)
	at com.sun.jmx.mbeanserver.JmxMBeanServer.registerMBean(JmxMBeanServer.java:522)
	at org.apache.zookeeper.jmx.MBeanRegistry.register(MBeanRegistry.java:106)
	at org.apache.zookeeper.server.quorum.QuorumPeer.run(QuorumPeer.java:1338)
2020-06-22 14:08:43,807 [myid:4] - INFO  [ListenerHandler-localhost/127.0.0.1:11252:QuorumCnxManager$Listener$ListenerHandler@1065] - 4 is accepting connections now, my election bind port: localhost/127.0.0.1:11252
2020-06-22 14:08:43,807 [myid:4] - INFO  [QuorumPeer[myid=4](plain=127.0.0.1:11250)(secure=disabled):QuorumPeer@1371] - LOOKING
2020-06-22 14:08:43,807 [myid:4] - WARN  [QuorumPeer[myid=4](plain=127.0.0.1:11250)(secure=disabled):MBeanRegistry@110] - Failed to register MBean LeaderElection
2020-06-22 14:08:43,807 [myid:4] - WARN  [QuorumPeer[myid=4](plain=127.0.0.1:11250)(secure=disabled):FastLeaderElection@915] - Failed to register with JMX
javax.management.InstanceAlreadyExistsException: org.apache.ZooKeeperService:name0=LeaderElection
	at com.sun.jmx.mbeanserver.Repository.addMBean(Repository.java:437)
	at com.sun.jmx.interceptor.DefaultMBeanServerInterceptor.registerWithRepository(DefaultMBeanServerInterceptor.java:1898)
	at com.sun.jmx.interceptor.DefaultMBeanServerInterceptor.registerDynamicMBean(DefaultMBeanServerInterceptor.java:966)
	at com.sun.jmx.interceptor.DefaultMBeanServerInterceptor.registerObject(DefaultMBeanServerInterceptor.java:900)
	at com.sun.jmx.interceptor.DefaultMBeanServerInterceptor.registerMBean(DefaultMBeanServerInterceptor.java:324)
	at com.sun.jmx.mbeanserver.JmxMBeanServer.registerMBean(JmxMBeanServer.java:522)
	at org.apache.zookeeper.jmx.MBeanRegistry.register(MBeanRegistry.java:106)
	at org.apache.zookeeper.server.quorum.FastLeaderElection.lookForLeader(FastLeaderElection.java:913)
	at org.apache.zookeeper.server.quorum.QuorumPeer.run(QuorumPeer.java:1425)
2020-06-22 14:08:43,807 [myid:4] - INFO  [QuorumPeer[myid=4](plain=127.0.0.1:11250)(secure=disabled):FastLeaderElection@944] - New election. My id = 4, proposed zxid=0x0
2020-06-22 14:08:43,808 [myid:1] - INFO  [ListenerHandler-localhost/127.0.0.1:11243:QuorumCnxManager$Listener$ListenerHandler@1070] - Received connection request from /127.0.0.1:60861
2020-06-22 14:08:43,808 [myid:4] - INFO  [WorkerReceiver[myid=4]:FastLeaderElection$Messenger$WorkerReceiver@389] - Notification: my state:LOOKING; n.sid:4, n.state:LOOKING, n.leader:4, n.round:0x1, n.peerEpoch:0x0, n.zxid:0x0, message format version:0x2, n.config version:0x200000000
2020-06-22 14:08:43,809 [myid:2] - INFO  [ListenerHandler-localhost/127.0.0.1:11246:QuorumCnxManager$Listener$ListenerHandler@1070] - Received connection request from /127.0.0.1:60863
2020-06-22 14:08:43,809 [myid:3] - INFO  [ListenerHandler-localhost/127.0.0.1:11249:QuorumCnxManager$Listener$ListenerHandler@1070] - Received connection request from /127.0.0.1:60864
2020-06-22 14:08:43,810 [myid:4] - INFO  [WorkerReceiver[myid=4]:FastLeaderElection$Messenger$WorkerReceiver@389] - Notification: my state:LOOKING; n.sid:1, n.state:LOOKING, n.leader:3, n.round:0x1, n.peerEpoch:0x0, n.zxid:0x0, message format version:0x2, n.config version:0x200000000
2020-06-22 14:08:43,810 [myid:1] - INFO  [WorkerReceiver[myid=1]:FastLeaderElection$Messenger$WorkerReceiver@389] - Notification: my state:LOOKING; n.sid:4, n.state:LOOKING, n.leader:4, n.round:0x1, n.peerEpoch:0x0, n.zxid:0x0, message format version:0x2, n.config version:0x200000000
2020-06-22 14:08:43,812 [myid:2] - INFO  [WorkerReceiver[myid=2]:FastLeaderElection$Messenger$WorkerReceiver@389] - Notification: my state:LOOKING; n.sid:4, n.state:LOOKING, n.leader:4, n.round:0x1, n.peerEpoch:0x0, n.zxid:0x0, message format version:0x2, n.config version:0x200000000
2020-06-22 14:08:43,812 [myid:4] - INFO  [WorkerReceiver[myid=4]:FastLeaderElection$Messenger$WorkerReceiver@389] - Notification: my state:LOOKING; n.sid:2, n.state:LOOKING, n.leader:3, n.round:0x1, n.peerEpoch:0x0, n.zxid:0x0, message format version:0x2, n.config version:0x200000000
2020-06-22 14:08:43,813 [myid:4] - INFO  [WorkerReceiver[myid=4]:FastLeaderElection$Messenger$WorkerReceiver@389] - Notification: my state:LOOKING; n.sid:3, n.state:LOOKING, n.leader:3, n.round:0x1, n.peerEpoch:0x0, n.zxid:0x0, message format version:0x2, n.config version:0x200000000
2020-06-22 14:08:43,813 [myid:3] - INFO  [WorkerReceiver[myid=3]:FastLeaderElection$Messenger$WorkerReceiver@389] - Notification: my state:LOOKING; n.sid:4, n.state:LOOKING, n.leader:4, n.round:0x1, n.peerEpoch:0x0, n.zxid:0x0, message format version:0x2, n.config version:0x200000000
2020-06-22 14:08:43,813 [myid:1] - INFO  [WorkerReceiver[myid=1]:FastLeaderElection$Messenger$WorkerReceiver@389] - Notification: my state:LOOKING; n.sid:1, n.state:LOOKING, n.leader:4, n.round:0x1, n.peerEpoch:0x0, n.zxid:0x0, message format version:0x2, n.config version:0x200000000
2020-06-22 14:08:43,814 [myid:2] - INFO  [WorkerReceiver[myid=2]:FastLeaderElection$Messenger$WorkerReceiver@389] - Notification: my state:LOOKING; n.sid:2, n.state:LOOKING, n.leader:4, n.round:0x1, n.peerEpoch:0x0, n.zxid:0x0, message format version:0x2, n.config version:0x200000000
2020-06-22 14:08:43,814 [myid:2] - INFO  [WorkerReceiver[myid=2]:FastLeaderElection$Messenger$WorkerReceiver@389] - Notification: my state:LOOKING; n.sid:1, n.state:LOOKING, n.leader:4, n.round:0x1, n.peerEpoch:0x0, n.zxid:0x0, message format version:0x2, n.config version:0x200000000
2020-06-22 14:08:43,814 [myid:4] - INFO  [WorkerReceiver[myid=4]:FastLeaderElection$Messenger$WorkerReceiver@389] - Notification: my state:LOOKING; n.sid:1, n.state:LOOKING, n.leader:4, n.round:0x1, n.peerEpoch:0x0, n.zxid:0x0, message format version:0x2, n.config version:0x200000000
2020-06-22 14:08:43,815 [myid:3] - INFO  [WorkerReceiver[myid=3]:FastLeaderElection$Messenger$WorkerReceiver@389] - Notification: my state:LOOKING; n.sid:1, n.state:LOOKING, n.leader:4, n.round:0x1, n.peerEpoch:0x0, n.zxid:0x0, message format version:0x2, n.config version:0x200000000
2020-06-22 14:08:43,815 [myid:3] - INFO  [WorkerReceiver[myid=3]:FastLeaderElection$Messenger$WorkerReceiver@389] - Notification: my state:LOOKING; n.sid:2, n.state:LOOKING, n.leader:4, n.round:0x1, n.peerEpoch:0x0, n.zxid:0x0, message format version:0x2, n.config version:0x200000000
2020-06-22 14:08:43,815 [myid:1] - INFO  [WorkerReceiver[myid=1]:FastLeaderElection$Messenger$WorkerReceiver@389] - Notification: my state:LOOKING; n.sid:2, n.state:LOOKING, n.leader:4, n.round:0x1, n.peerEpoch:0x0, n.zxid:0x0, message format version:0x2, n.config version:0x200000000
2020-06-22 14:08:43,816 [myid:3] - INFO  [WorkerReceiver[myid=3]:FastLeaderElection$Messenger$WorkerReceiver@389] - Notification: my state:LOOKING; n.sid:3, n.state:LOOKING, n.leader:4, n.round:0x1, n.peerEpoch:0x0, n.zxid:0x0, message format version:0x2, n.config version:0x200000000
2020-06-22 14:08:43,816 [myid:1] - INFO  [WorkerReceiver[myid=1]:FastLeaderElection$Messenger$WorkerReceiver@389] - Notification: my state:LOOKING; n.sid:3, n.state:LOOKING, n.leader:4, n.round:0x1, n.peerEpoch:0x0, n.zxid:0x0, message format version:0x2, n.config version:0x200000000
2020-06-22 14:08:43,816 [myid:4] - INFO  [WorkerReceiver[myid=4]:FastLeaderElection$Messenger$WorkerReceiver@389] - Notification: my state:LOOKING; n.sid:2, n.state:LOOKING, n.leader:4, n.round:0x1, n.peerEpoch:0x0, n.zxid:0x0, message format version:0x2, n.config version:0x200000000
2020-06-22 14:08:43,816 [myid:2] - INFO  [WorkerReceiver[myid=2]:FastLeaderElection$Messenger$WorkerReceiver@389] - Notification: my state:LOOKING; n.sid:3, n.state:LOOKING, n.leader:4, n.round:0x1, n.peerEpoch:0x0, n.zxid:0x0, message format version:0x2, n.config version:0x200000000
2020-06-22 14:08:43,816 [myid:4] - INFO  [WorkerReceiver[myid=4]:FastLeaderElection$Messenger$WorkerReceiver@389] - Notification: my state:LOOKING; n.sid:3, n.state:LOOKING, n.leader:4, n.round:0x1, n.peerEpoch:0x0, n.zxid:0x0, message format version:0x2, n.config version:0x200000000
2020-06-22 14:08:43,950 [myid:127.0.0.1:11234] - INFO  [main-SendThread(127.0.0.1:11234):ClientCnxn$SendThread@1154] - Opening socket connection to server activate.navicat.com/127.0.0.1:11234.
2020-06-22 14:08:43,950 [myid:127.0.0.1:11234] - INFO  [main-SendThread(127.0.0.1:11234):ClientCnxn$SendThread@1156] - SASL config status: Will not attempt to authenticate using SASL (unknown error)
2020-06-22 14:08:43,951 [myid:127.0.0.1:11234] - INFO  [main-SendThread(127.0.0.1:11234):ClientCnxn$SendThread@986] - Socket connection established, initiating session, client: /127.0.0.1:60867, server: activate.navicat.com/127.0.0.1:11234
2020-06-22 14:08:43,951 [myid:4] - WARN  [NIOWorkerThread-11:NIOServerCnxn@373] - Close of session 0x0
java.io.IOException: ZooKeeperServer not running
	at org.apache.zookeeper.server.NIOServerCnxn.readLength(NIOServerCnxn.java:544)
	at org.apache.zookeeper.server.NIOServerCnxn.doIO(NIOServerCnxn.java:332)
	at org.apache.zookeeper.server.NIOServerCnxnFactory$IOWorkRequest.doWork(NIOServerCnxnFactory.java:522)
	at org.apache.zookeeper.server.WorkerService$ScheduledWorkRequest.run(WorkerService.java:154)
	at java.util.concurrent.ThreadPoolExecutor.runWorker(ThreadPoolExecutor.java:1149)
	at java.util.concurrent.ThreadPoolExecutor$Worker.run(ThreadPoolExecutor.java:624)
	at java.lang.Thread.run(Thread.java:748)
2020-06-22 14:08:43,951 [myid:127.0.0.1:11234] - WARN  [main-SendThread(127.0.0.1:11234):ClientCnxn$SendThread@1272] - Session 0x40015eb2eb10000 for sever activate.navicat.com/127.0.0.1:11234, Closing socket connection. Attempting reconnect except it is a SessionExpiredException.
EndOfStreamException: Unable to read additional data from server sessionid 0x40015eb2eb10000, likely server has closed socket
	at org.apache.zookeeper.ClientCnxnSocketNIO.doIO(ClientCnxnSocketNIO.java:75)
	at org.apache.zookeeper.ClientCnxnSocketNIO.doTransport(ClientCnxnSocketNIO.java:348)
	at org.apache.zookeeper.ClientCnxn$SendThread.run(ClientCnxn.java:1262)
2020-06-22 14:08:43,966 [myid:0] - INFO  [WorkerSender[myid=0]:FastLeaderElection$Messenger$WorkerSender@505] - WorkerSender is down
2020-06-22 14:08:43,966 [myid:0] - INFO  [QuorumPeer[myid=0](plain=127.0.0.1:11238)(secure=disabled):FastLeaderElection@979] - Notification time out: 400
2020-06-22 14:08:43,966 [myid:0] - INFO  [QuorumPeer[myid=0](plain=127.0.0.1:11238)(secure=disabled):QuorumPeer@1371] - LOOKING
2020-06-22 14:08:43,966 [myid:0] - INFO  [QuorumPeer[myid=0](plain=127.0.0.1:11238)(secure=disabled):QuorumPeer@2503] - Using 20000ms as the quorum cnxn socket timeout
2020-06-22 14:08:43,967 [myid:0] - INFO  [QuorumPeer[myid=0](plain=127.0.0.1:11238)(secure=disabled):QuorumCnxManager$Listener@923] - Election port bind maximum retries is 3
2020-06-22 14:08:43,967 [myid:0] - WARN  [QuorumPeer[myid=0](plain=127.0.0.1:11238)(secure=disabled):QuorumPeer@1281] - Clobbering already-set QuorumCnxManager (restarting leader election?)
2020-06-22 14:08:43,967 [myid:0] - INFO  [QuorumPeer[myid=0](plain=127.0.0.1:11238)(secure=disabled):FastLeaderElection@944] - New election. My id = 0, proposed zxid=0x0
2020-06-22 14:08:43,967 [myid:0] - INFO  [ListenerHandler-localhost/127.0.0.1:11240:QuorumCnxManager$Listener$ListenerHandler@1065] - 0 is accepting connections now, my election bind port: localhost/127.0.0.1:11240
2020-06-22 14:08:43,968 [myid:0] - INFO  [WorkerReceiver[myid=0]:FastLeaderElection$Messenger$WorkerReceiver@389] - Notification: my state:LOOKING; n.sid:0, n.state:LOOKING, n.leader:0, n.round:0x1, n.peerEpoch:0x0, n.zxid:0x0, message format version:0x2, n.config version:0x200000000
2020-06-22 14:08:43,968 [myid:1] - INFO  [ListenerHandler-localhost/127.0.0.1:11243:QuorumCnxManager$Listener$ListenerHandler@1070] - Received connection request from /127.0.0.1:60868
2020-06-22 14:08:43,968 [myid:2] - INFO  [ListenerHandler-localhost/127.0.0.1:11246:QuorumCnxManager$Listener$ListenerHandler@1070] - Received connection request from /127.0.0.1:60869
2020-06-22 14:08:43,968 [myid:0] - INFO  [QuorumConnectionThread-[myid=0]-1:QuorumCnxManager@513] - Have smaller server identifier, so dropping the connection: (myId:0 --> sid:1)
2020-06-22 14:08:43,969 [myid:4] - INFO  [ListenerHandler-localhost/127.0.0.1:11252:QuorumCnxManager$Listener$ListenerHandler@1070] - Received connection request from /127.0.0.1:60871
2020-06-22 14:08:43,968 [myid:3] - INFO  [ListenerHandler-localhost/127.0.0.1:11249:QuorumCnxManager$Listener$ListenerHandler@1070] - Received connection request from /127.0.0.1:60870
2020-06-22 14:08:43,969 [myid:0] - INFO  [QuorumConnectionThread-[myid=0]-4:QuorumCnxManager@513] - Have smaller server identifier, so dropping the connection: (myId:0 --> sid:4)
2020-06-22 14:08:43,969 [myid:0] - INFO  [QuorumConnectionThread-[myid=0]-3:QuorumCnxManager@513] - Have smaller server identifier, so dropping the connection: (myId:0 --> sid:3)
2020-06-22 14:08:43,969 [myid:0] - INFO  [QuorumConnectionThread-[myid=0]-2:QuorumCnxManager@513] - Have smaller server identifier, so dropping the connection: (myId:0 --> sid:2)
2020-06-22 14:08:44,018 [myid:1] - INFO  [QuorumPeer[myid=1](plain=127.0.0.1:11241)(secure=disabled):QuorumPeer@857] - Peer state changed: following
2020-06-22 14:08:44,018 [myid:3] - INFO  [QuorumPeer[myid=3](plain=127.0.0.1:11247)(secure=disabled):QuorumPeer@857] - Peer state changed: following
2020-06-22 14:08:44,018 [myid:4] - INFO  [QuorumPeer[myid=4](plain=127.0.0.1:11250)(secure=disabled):QuorumPeer@857] - Peer state changed: leading
2020-06-22 14:08:44,018 [myid:2] - INFO  [QuorumPeer[myid=2](plain=127.0.0.1:11244)(secure=disabled):QuorumPeer@857] - Peer state changed: following
2020-06-22 14:08:44,018 [myid:4] - INFO  [QuorumPeer[myid=4](plain=127.0.0.1:11250)(secure=disabled):QuorumPeer@1465] - LEADING
2020-06-22 14:08:44,018 [myid:3] - INFO  [QuorumPeer[myid=3](plain=127.0.0.1:11247)(secure=disabled):QuorumPeer@1453] - FOLLOWING
2020-06-22 14:08:44,018 [myid:1] - INFO  [QuorumPeer[myid=1](plain=127.0.0.1:11241)(secure=disabled):QuorumPeer@1453] - FOLLOWING
2020-06-22 14:08:44,018 [myid:1] - INFO  [QuorumPeer[myid=1](plain=127.0.0.1:11241)(secure=disabled):ZooKeeperServer@1246] - minSessionTimeout set to 8000
2020-06-22 14:08:44,018 [myid:1] - INFO  [QuorumPeer[myid=1](plain=127.0.0.1:11241)(secure=disabled):ZooKeeperServer@1255] - maxSessionTimeout set to 80000
2020-06-22 14:08:44,018 [myid:3] - INFO  [QuorumPeer[myid=3](plain=127.0.0.1:11247)(secure=disabled):ZooKeeperServer@1246] - minSessionTimeout set to 8000
2020-06-22 14:08:44,018 [myid:3] - INFO  [QuorumPeer[myid=3](plain=127.0.0.1:11247)(secure=disabled):ZooKeeperServer@1255] - maxSessionTimeout set to 80000
2020-06-22 14:08:44,018 [myid:4] - INFO  [QuorumPeer[myid=4](plain=127.0.0.1:11250)(secure=disabled):ZooKeeperServer@1246] - minSessionTimeout set to 8000
2020-06-22 14:08:44,018 [myid:4] - INFO  [QuorumPeer[myid=4](plain=127.0.0.1:11250)(secure=disabled):ZooKeeperServer@1255] - maxSessionTimeout set to 80000
2020-06-22 14:08:44,018 [myid:2] - INFO  [QuorumPeer[myid=2](plain=127.0.0.1:11244)(secure=disabled):QuorumPeer@1453] - FOLLOWING
2020-06-22 14:08:44,018 [myid:4] - INFO  [QuorumPeer[myid=4](plain=127.0.0.1:11250)(secure=disabled):ResponseCache@45] - Response cache size is initialized with value 400.
2020-06-22 14:08:44,018 [myid:3] - INFO  [QuorumPeer[myid=3](plain=127.0.0.1:11247)(secure=disabled):ResponseCache@45] - Response cache size is initialized with value 400.
2020-06-22 14:08:44,018 [myid:1] - INFO  [QuorumPeer[myid=1](plain=127.0.0.1:11241)(secure=disabled):ResponseCache@45] - Response cache size is initialized with value 400.
2020-06-22 14:08:44,018 [myid:3] - INFO  [QuorumPeer[myid=3](plain=127.0.0.1:11247)(secure=disabled):ResponseCache@45] - Response cache size is initialized with value 400.
2020-06-22 14:08:44,018 [myid:4] - INFO  [QuorumPeer[myid=4](plain=127.0.0.1:11250)(secure=disabled):ResponseCache@45] - Response cache size is initialized with value 400.
2020-06-22 14:08:44,018 [myid:2] - INFO  [QuorumPeer[myid=2](plain=127.0.0.1:11244)(secure=disabled):ZooKeeperServer@1246] - minSessionTimeout set to 8000
2020-06-22 14:08:44,019 [myid:2] - INFO  [QuorumPeer[myid=2](plain=127.0.0.1:11244)(secure=disabled):ZooKeeperServer@1255] - maxSessionTimeout set to 80000
2020-06-22 14:08:44,019 [myid:4] - INFO  [QuorumPeer[myid=4](plain=127.0.0.1:11250)(secure=disabled):RequestPathMetricsCollector@111] - zookeeper.pathStats.slotCapacity = 60
2020-06-22 14:08:44,019 [myid:3] - INFO  [QuorumPeer[myid=3](plain=127.0.0.1:11247)(secure=disabled):RequestPathMetricsCollector@111] - zookeeper.pathStats.slotCapacity = 60
2020-06-22 14:08:44,019 [myid:3] - INFO  [QuorumPeer[myid=3](plain=127.0.0.1:11247)(secure=disabled):RequestPathMetricsCollector@112] - zookeeper.pathStats.slotDuration = 15
2020-06-22 14:08:44,019 [myid:3] - INFO  [QuorumPeer[myid=3](plain=127.0.0.1:11247)(secure=disabled):RequestPathMetricsCollector@113] - zookeeper.pathStats.maxDepth = 6
2020-06-22 14:08:44,018 [myid:1] - INFO  [QuorumPeer[myid=1](plain=127.0.0.1:11241)(secure=disabled):ResponseCache@45] - Response cache size is initialized with value 400.
2020-06-22 14:08:44,019 [myid:3] - INFO  [QuorumPeer[myid=3](plain=127.0.0.1:11247)(secure=disabled):RequestPathMetricsCollector@114] - zookeeper.pathStats.initialDelay = 5
2020-06-22 14:08:44,019 [myid:3] - INFO  [QuorumPeer[myid=3](plain=127.0.0.1:11247)(secure=disabled):RequestPathMetricsCollector@115] - zookeeper.pathStats.delay = 5
2020-06-22 14:08:44,019 [myid:3] - INFO  [QuorumPeer[myid=3](plain=127.0.0.1:11247)(secure=disabled):RequestPathMetricsCollector@116] - zookeeper.pathStats.enabled = false
2020-06-22 14:08:44,019 [myid:4] - INFO  [QuorumPeer[myid=4](plain=127.0.0.1:11250)(secure=disabled):RequestPathMetricsCollector@112] - zookeeper.pathStats.slotDuration = 15
2020-06-22 14:08:44,019 [myid:4] - INFO  [QuorumPeer[myid=4](plain=127.0.0.1:11250)(secure=disabled):RequestPathMetricsCollector@113] - zookeeper.pathStats.maxDepth = 6
2020-06-22 14:08:44,019 [myid:2] - INFO  [QuorumPeer[myid=2](plain=127.0.0.1:11244)(secure=disabled):ResponseCache@45] - Response cache size is initialized with value 400.
2020-06-22 14:08:44,019 [myid:4] - INFO  [QuorumPeer[myid=4](plain=127.0.0.1:11250)(secure=disabled):RequestPathMetricsCollector@114] - zookeeper.pathStats.initialDelay = 5
2020-06-22 14:08:44,019 [myid:4] - INFO  [QuorumPeer[myid=4](plain=127.0.0.1:11250)(secure=disabled):RequestPathMetricsCollector@115] - zookeeper.pathStats.delay = 5
2020-06-22 14:08:44,019 [myid:3] - INFO  [QuorumPeer[myid=3](plain=127.0.0.1:11247)(secure=disabled):ZooKeeperServer@1471] - The max bytes for all large requests are set to 104857600
2020-06-22 14:08:44,019 [myid:1] - INFO  [QuorumPeer[myid=1](plain=127.0.0.1:11241)(secure=disabled):RequestPathMetricsCollector@111] - zookeeper.pathStats.slotCapacity = 60
2020-06-22 14:08:44,019 [myid:3] - INFO  [QuorumPeer[myid=3](plain=127.0.0.1:11247)(secure=disabled):ZooKeeperServer@1485] - The large request threshold is set to -1
2020-06-22 14:08:44,019 [myid:4] - INFO  [QuorumPeer[myid=4](plain=127.0.0.1:11250)(secure=disabled):RequestPathMetricsCollector@116] - zookeeper.pathStats.enabled = false
2020-06-22 14:08:44,019 [myid:2] - INFO  [QuorumPeer[myid=2](plain=127.0.0.1:11244)(secure=disabled):ResponseCache@45] - Response cache size is initialized with value 400.
2020-06-22 14:08:44,019 [myid:4] - INFO  [QuorumPeer[myid=4](plain=127.0.0.1:11250)(secure=disabled):ZooKeeperServer@1471] - The max bytes for all large requests are set to 104857600
2020-06-22 14:08:44,019 [myid:3] - INFO  [QuorumPeer[myid=3](plain=127.0.0.1:11247)(secure=disabled):ZooKeeperServer@329] - Created server with tickTime 4000 minSessionTimeout 8000 maxSessionTimeout 80000 clientPortListenBacklog -1 datadir D:\desktop\git_repo\zookeeper-read\zookeeper-server\target\surefire\test7881062726506247616.junit.dir\data\version-2 snapdir D:\desktop\git_repo\zookeeper-read\zookeeper-server\target\surefire\test7881062726506247616.junit.dir\data\version-2
2020-06-22 14:08:44,019 [myid:1] - INFO  [QuorumPeer[myid=1](plain=127.0.0.1:11241)(secure=disabled):RequestPathMetricsCollector@112] - zookeeper.pathStats.slotDuration = 15
2020-06-22 14:08:44,020 [myid:3] - INFO  [QuorumPeer[myid=3](plain=127.0.0.1:11247)(secure=disabled):Follower@75] - FOLLOWING - LEADER ELECTION TOOK - 232 MS
2020-06-22 14:08:44,020 [myid:4] - INFO  [QuorumPeer[myid=4](plain=127.0.0.1:11250)(secure=disabled):ZooKeeperServer@1485] - The large request threshold is set to -1
2020-06-22 14:08:44,019 [myid:2] - INFO  [QuorumPeer[myid=2](plain=127.0.0.1:11244)(secure=disabled):RequestPathMetricsCollector@111] - zookeeper.pathStats.slotCapacity = 60
2020-06-22 14:08:44,020 [myid:4] - INFO  [QuorumPeer[myid=4](plain=127.0.0.1:11250)(secure=disabled):ZooKeeperServer@329] - Created server with tickTime 4000 minSessionTimeout 8000 maxSessionTimeout 80000 clientPortListenBacklog -1 datadir D:\desktop\git_repo\zookeeper-read\zookeeper-server\target\surefire\test2480055914949451420.junit.dir\data\version-2 snapdir D:\desktop\git_repo\zookeeper-read\zookeeper-server\target\surefire\test2480055914949451420.junit.dir\data\version-2
2020-06-22 14:08:44,020 [myid:1] - INFO  [QuorumPeer[myid=1](plain=127.0.0.1:11241)(secure=disabled):RequestPathMetricsCollector@113] - zookeeper.pathStats.maxDepth = 6
2020-06-22 14:08:44,020 [myid:3] - INFO  [QuorumPeer[myid=3](plain=127.0.0.1:11247)(secure=disabled):QuorumPeer@863] - Peer state changed: following - discovery
2020-06-22 14:08:44,020 [myid:2] - INFO  [QuorumPeer[myid=2](plain=127.0.0.1:11244)(secure=disabled):RequestPathMetricsCollector@112] - zookeeper.pathStats.slotDuration = 15
2020-06-22 14:08:44,020 [myid:2] - INFO  [QuorumPeer[myid=2](plain=127.0.0.1:11244)(secure=disabled):RequestPathMetricsCollector@113] - zookeeper.pathStats.maxDepth = 6
2020-06-22 14:08:44,020 [myid:2] - INFO  [QuorumPeer[myid=2](plain=127.0.0.1:11244)(secure=disabled):RequestPathMetricsCollector@114] - zookeeper.pathStats.initialDelay = 5
2020-06-22 14:08:44,020 [myid:2] - INFO  [QuorumPeer[myid=2](plain=127.0.0.1:11244)(secure=disabled):RequestPathMetricsCollector@115] - zookeeper.pathStats.delay = 5
2020-06-22 14:08:44,020 [myid:1] - INFO  [QuorumPeer[myid=1](plain=127.0.0.1:11241)(secure=disabled):RequestPathMetricsCollector@114] - zookeeper.pathStats.initialDelay = 5
2020-06-22 14:08:44,020 [myid:2] - INFO  [QuorumPeer[myid=2](plain=127.0.0.1:11244)(secure=disabled):RequestPathMetricsCollector@116] - zookeeper.pathStats.enabled = false
2020-06-22 14:08:44,020 [myid:4] - INFO  [QuorumPeer[myid=4](plain=127.0.0.1:11250)(secure=disabled):Leader@581] - LEADING - LEADER ELECTION TOOK - 214 MS
2020-06-22 14:08:44,020 [myid:1] - INFO  [QuorumPeer[myid=1](plain=127.0.0.1:11241)(secure=disabled):RequestPathMetricsCollector@115] - zookeeper.pathStats.delay = 5
2020-06-22 14:08:44,020 [myid:2] - INFO  [QuorumPeer[myid=2](plain=127.0.0.1:11244)(secure=disabled):ZooKeeperServer@1471] - The max bytes for all large requests are set to 104857600
2020-06-22 14:08:44,021 [myid:2] - INFO  [QuorumPeer[myid=2](plain=127.0.0.1:11244)(secure=disabled):ZooKeeperServer@1485] - The large request threshold is set to -1
2020-06-22 14:08:44,021 [myid:1] - INFO  [QuorumPeer[myid=1](plain=127.0.0.1:11241)(secure=disabled):RequestPathMetricsCollector@116] - zookeeper.pathStats.enabled = false
2020-06-22 14:08:44,021 [myid:2] - INFO  [QuorumPeer[myid=2](plain=127.0.0.1:11244)(secure=disabled):ZooKeeperServer@329] - Created server with tickTime 4000 minSessionTimeout 8000 maxSessionTimeout 80000 clientPortListenBacklog -1 datadir D:\desktop\git_repo\zookeeper-read\zookeeper-server\target\surefire\test5895676463052295538.junit.dir\data\version-2 snapdir D:\desktop\git_repo\zookeeper-read\zookeeper-server\target\surefire\test5895676463052295538.junit.dir\data\version-2
2020-06-22 14:08:44,021 [myid:1] - INFO  [QuorumPeer[myid=1](plain=127.0.0.1:11241)(secure=disabled):ZooKeeperServer@1471] - The max bytes for all large requests are set to 104857600
2020-06-22 14:08:44,021 [myid:1] - INFO  [QuorumPeer[myid=1](plain=127.0.0.1:11241)(secure=disabled):ZooKeeperServer@1485] - The large request threshold is set to -1
2020-06-22 14:08:44,021 [myid:4] - INFO  [QuorumPeer[myid=4](plain=127.0.0.1:11250)(secure=disabled):QuorumPeer@863] - Peer state changed: leading - discovery
2020-06-22 14:08:44,021 [myid:1] - INFO  [QuorumPeer[myid=1](plain=127.0.0.1:11241)(secure=disabled):ZooKeeperServer@329] - Created server with tickTime 4000 minSessionTimeout 8000 maxSessionTimeout 80000 clientPortListenBacklog -1 datadir D:\desktop\git_repo\zookeeper-read\zookeeper-server\target\surefire\test5026846017242869060.junit.dir\data\version-2 snapdir D:\desktop\git_repo\zookeeper-read\zookeeper-server\target\surefire\test5026846017242869060.junit.dir\data\version-2
2020-06-22 14:08:44,021 [myid:2] - INFO  [QuorumPeer[myid=2](plain=127.0.0.1:11244)(secure=disabled):Follower@75] - FOLLOWING - LEADER ELECTION TOOK - 245 MS
2020-06-22 14:08:44,021 [myid:1] - INFO  [QuorumPeer[myid=1](plain=127.0.0.1:11241)(secure=disabled):Follower@75] - FOLLOWING - LEADER ELECTION TOOK - 253 MS
2020-06-22 14:08:44,021 [myid:3] - INFO  [LeaderConnector-localhost/127.0.0.1:11251:Learner$LeaderConnector@330] - Successfully connected to leader, using address: localhost/127.0.0.1:11251
2020-06-22 14:08:44,021 [myid:4] - INFO  [QuorumPeer[myid=4](plain=127.0.0.1:11250)(secure=disabled):FileTxnSnapLog@470] - Snapshotting: 0x0 to D:\desktop\git_repo\zookeeper-read\zookeeper-server\target\surefire\test2480055914949451420.junit.dir\data\version-2\snapshot.0
2020-06-22 14:08:44,021 [myid:2] - INFO  [QuorumPeer[myid=2](plain=127.0.0.1:11244)(secure=disabled):QuorumPeer@863] - Peer state changed: following - discovery
2020-06-22 14:08:44,022 [myid:1] - INFO  [QuorumPeer[myid=1](plain=127.0.0.1:11241)(secure=disabled):QuorumPeer@863] - Peer state changed: following - discovery
2020-06-22 14:08:44,023 [myid:] - INFO  [main:FourLetterWordMain@93] - connecting to 127.0.0.1 11238
2020-06-22 14:08:44,024 [myid:4] - INFO  [QuorumPeer[myid=4](plain=127.0.0.1:11250)(secure=disabled):ZooKeeperServer@519] - Snapshot taken in 4 ms
2020-06-22 14:08:44,024 [myid:2] - INFO  [LeaderConnector-localhost/127.0.0.1:11251:Learner$LeaderConnector@330] - Successfully connected to leader, using address: localhost/127.0.0.1:11251
2020-06-22 14:08:44,024 [myid:1] - INFO  [LeaderConnector-localhost/127.0.0.1:11251:Learner$LeaderConnector@330] - Successfully connected to leader, using address: localhost/127.0.0.1:11251
2020-06-22 14:08:44,026 [myid:0] - INFO  [NIOWorkerThread-2:NIOServerCnxn@507] - Processing stat command from /127.0.0.1:60875
2020-06-22 14:08:44,027 [myid:4] - INFO  [LearnerHandler-/127.0.0.1:60872:LearnerHandler@504] - Follower sid: 3 : info : localhost:11248:11249:participant;localhost:11247
2020-06-22 14:08:44,029 [myid:4] - INFO  [LearnerHandler-/127.0.0.1:60873:LearnerHandler@504] - Follower sid: 2 : info : localhost:11245:11246:participant;localhost:11244
2020-06-22 14:08:44,029 [myid:4] - INFO  [LearnerHandler-/127.0.0.1:60874:LearnerHandler@504] - Follower sid: 1 : info : localhost:11242:11243:participant;localhost:11241
2020-06-22 14:08:44,034 [myid:3] - INFO  [QuorumPeer[myid=3](plain=127.0.0.1:11247)(secure=disabled):QuorumPeer@863] - Peer state changed: following - synchronization
2020-06-22 14:08:44,034 [myid:1] - INFO  [QuorumPeer[myid=1](plain=127.0.0.1:11241)(secure=disabled):QuorumPeer@863] - Peer state changed: following - synchronization
2020-06-22 14:08:44,034 [myid:4] - INFO  [LearnerHandler-/127.0.0.1:60874:ZKDatabase@345] - On disk txn sync enabled with snapshotSizeFactor 0.33
2020-06-22 14:08:44,034 [myid:4] - INFO  [LearnerHandler-/127.0.0.1:60872:ZKDatabase@345] - On disk txn sync enabled with snapshotSizeFactor 0.33
2020-06-22 14:08:44,034 [myid:4] - INFO  [LearnerHandler-/127.0.0.1:60873:ZKDatabase@345] - On disk txn sync enabled with snapshotSizeFactor 0.33
2020-06-22 14:08:44,034 [myid:2] - INFO  [QuorumPeer[myid=2](plain=127.0.0.1:11244)(secure=disabled):QuorumPeer@863] - Peer state changed: following - synchronization
2020-06-22 14:08:44,034 [myid:4] - INFO  [LearnerHandler-/127.0.0.1:60873:LearnerHandler@800] - Synchronizing with Learner sid: 2 maxCommittedLog=0x0 minCommittedLog=0x0 lastProcessedZxid=0x0 peerLastZxid=0x0
2020-06-22 14:08:44,034 [myid:4] - INFO  [LearnerHandler-/127.0.0.1:60872:LearnerHandler@800] - Synchronizing with Learner sid: 3 maxCommittedLog=0x0 minCommittedLog=0x0 lastProcessedZxid=0x0 peerLastZxid=0x0
2020-06-22 14:08:44,034 [myid:4] - INFO  [LearnerHandler-/127.0.0.1:60874:LearnerHandler@800] - Synchronizing with Learner sid: 1 maxCommittedLog=0x0 minCommittedLog=0x0 lastProcessedZxid=0x0 peerLastZxid=0x0
2020-06-22 14:08:44,035 [myid:4] - INFO  [LearnerHandler-/127.0.0.1:60872:LearnerHandler@845] - Sending DIFF zxid=0x0 for peer sid: 3
2020-06-22 14:08:44,035 [myid:4] - INFO  [LearnerHandler-/127.0.0.1:60873:LearnerHandler@845] - Sending DIFF zxid=0x0 for peer sid: 2
2020-06-22 14:08:44,035 [myid:4] - INFO  [LearnerHandler-/127.0.0.1:60874:LearnerHandler@845] - Sending DIFF zxid=0x0 for peer sid: 1
2020-06-22 14:08:44,037 [myid:2] - INFO  [QuorumPeer[myid=2](plain=127.0.0.1:11244)(secure=disabled):Learner@511] - Getting a diff from the leader 0x0
2020-06-22 14:08:44,037 [myid:3] - INFO  [QuorumPeer[myid=3](plain=127.0.0.1:11247)(secure=disabled):Learner@511] - Getting a diff from the leader 0x0
2020-06-22 14:08:44,037 [myid:1] - INFO  [QuorumPeer[myid=1](plain=127.0.0.1:11241)(secure=disabled):Learner@511] - Getting a diff from the leader 0x0
2020-06-22 14:08:44,037 [myid:3] - INFO  [QuorumPeer[myid=3](plain=127.0.0.1:11247)(secure=disabled):QuorumPeer@868] - Peer state changed: following - synchronization - diff
2020-06-22 14:08:44,037 [myid:4] - INFO  [QuorumPeer[myid=4](plain=127.0.0.1:11250)(secure=disabled):QuorumPeer@863] - Peer state changed: leading - synchronization
2020-06-22 14:08:44,037 [myid:2] - INFO  [QuorumPeer[myid=2](plain=127.0.0.1:11244)(secure=disabled):QuorumPeer@868] - Peer state changed: following - synchronization - diff
2020-06-22 14:08:44,037 [myid:1] - INFO  [QuorumPeer[myid=1](plain=127.0.0.1:11241)(secure=disabled):QuorumPeer@868] - Peer state changed: following - synchronization - diff
2020-06-22 14:08:44,039 [myid:2] - INFO  [QuorumPeer[myid=2](plain=127.0.0.1:11244)(secure=disabled):Learner@677] - Learner received NEWLEADER message
2020-06-22 14:08:44,039 [myid:1] - INFO  [QuorumPeer[myid=1](plain=127.0.0.1:11241)(secure=disabled):Learner@677] - Learner received NEWLEADER message
2020-06-22 14:08:44,039 [myid:3] - INFO  [QuorumPeer[myid=3](plain=127.0.0.1:11247)(secure=disabled):Learner@677] - Learner received NEWLEADER message
2020-06-22 14:08:44,042 [myid:4] - INFO  [QuorumPeer[myid=4](plain=127.0.0.1:11250)(secure=disabled):Leader@1501] - Have quorum of supporters, sids: [[1, 3, 4]]; starting up and setting last processed zxid: 0x100000000
2020-06-22 14:08:44,043 [myid:4] - INFO  [QuorumPeer[myid=4](plain=127.0.0.1:11250)(secure=disabled):CommitProcessor@476] - Configuring CommitProcessor with readBatchSize -1 commitBatchSize 1
2020-06-22 14:08:44,044 [myid:4] - INFO  [QuorumPeer[myid=4](plain=127.0.0.1:11250)(secure=disabled):CommitProcessor@438] - Configuring CommitProcessor with 8 worker threads.
2020-06-22 14:08:44,044 [myid:4] - INFO  [QuorumPeer[myid=4](plain=127.0.0.1:11250)(secure=disabled):ContainerManager@83] - Using checkIntervalMs=60000 maxPerMinute=10000 maxNeverUsedIntervalMs=0
2020-06-22 14:08:44,044 [myid:4] - INFO  [QuorumPeer[myid=4](plain=127.0.0.1:11250)(secure=disabled):QuorumPeer@863] - Peer state changed: leading - broadcast
2020-06-22 14:08:44,045 [myid:1] - INFO  [QuorumPeer[myid=1](plain=127.0.0.1:11241)(secure=disabled):Learner@661] - Learner received UPTODATE message
2020-06-22 14:08:44,045 [myid:2] - INFO  [QuorumPeer[myid=2](plain=127.0.0.1:11244)(secure=disabled):Learner@661] - Learner received UPTODATE message
2020-06-22 14:08:44,045 [myid:3] - INFO  [QuorumPeer[myid=3](plain=127.0.0.1:11247)(secure=disabled):Learner@661] - Learner received UPTODATE message
2020-06-22 14:08:44,045 [myid:1] - INFO  [QuorumPeer[myid=1](plain=127.0.0.1:11241)(secure=disabled):QuorumPeer@868] - Peer state changed: following - synchronization
2020-06-22 14:08:44,045 [myid:2] - INFO  [QuorumPeer[myid=2](plain=127.0.0.1:11244)(secure=disabled):QuorumPeer@868] - Peer state changed: following - synchronization
2020-06-22 14:08:44,045 [myid:3] - INFO  [QuorumPeer[myid=3](plain=127.0.0.1:11247)(secure=disabled):QuorumPeer@868] - Peer state changed: following - synchronization
2020-06-22 14:08:44,045 [myid:2] - INFO  [QuorumPeer[myid=2](plain=127.0.0.1:11244)(secure=disabled):CommitProcessor@476] - Configuring CommitProcessor with readBatchSize -1 commitBatchSize 1
2020-06-22 14:08:44,045 [myid:1] - INFO  [QuorumPeer[myid=1](plain=127.0.0.1:11241)(secure=disabled):CommitProcessor@476] - Configuring CommitProcessor with readBatchSize -1 commitBatchSize 1
2020-06-22 14:08:44,045 [myid:2] - INFO  [QuorumPeer[myid=2](plain=127.0.0.1:11244)(secure=disabled):CommitProcessor@438] - Configuring CommitProcessor with 8 worker threads.
2020-06-22 14:08:44,045 [myid:3] - INFO  [QuorumPeer[myid=3](plain=127.0.0.1:11247)(secure=disabled):CommitProcessor@476] - Configuring CommitProcessor with readBatchSize -1 commitBatchSize 1
2020-06-22 14:08:44,046 [myid:1] - INFO  [QuorumPeer[myid=1](plain=127.0.0.1:11241)(secure=disabled):CommitProcessor@438] - Configuring CommitProcessor with 8 worker threads.
2020-06-22 14:08:44,046 [myid:3] - INFO  [QuorumPeer[myid=3](plain=127.0.0.1:11247)(secure=disabled):CommitProcessor@438] - Configuring CommitProcessor with 8 worker threads.
2020-06-22 14:08:44,049 [myid:2] - INFO  [QuorumPeer[myid=2](plain=127.0.0.1:11244)(secure=disabled):QuorumPeer@863] - Peer state changed: following - broadcast
2020-06-22 14:08:44,051 [myid:1] - INFO  [QuorumPeer[myid=1](plain=127.0.0.1:11241)(secure=disabled):QuorumPeer@863] - Peer state changed: following - broadcast
2020-06-22 14:08:44,051 [myid:3] - INFO  [QuorumPeer[myid=3](plain=127.0.0.1:11247)(secure=disabled):QuorumPeer@863] - Peer state changed: following - broadcast
2020-06-22 14:08:44,170 [myid:0] - INFO  [QuorumPeer[myid=0](plain=127.0.0.1:11238)(secure=disabled):FastLeaderElection@979] - Notification time out: 400
2020-06-22 14:08:44,171 [myid:2] - INFO  [ListenerHandler-localhost/127.0.0.1:11246:QuorumCnxManager$Listener$ListenerHandler@1070] - Received connection request from /127.0.0.1:60878
2020-06-22 14:08:44,171 [myid:0] - INFO  [QuorumConnectionThread-[myid=0]-3:QuorumCnxManager@513] - Have smaller server identifier, so dropping the connection: (myId:0 --> sid:2)
2020-06-22 14:08:44,171 [myid:0] - INFO  [QuorumConnectionThread-[myid=0]-2:QuorumCnxManager@513] - Have smaller server identifier, so dropping the connection: (myId:0 --> sid:1)
2020-06-22 14:08:44,171 [myid:0] - INFO  [QuorumConnectionThread-[myid=0]-1:QuorumCnxManager@513] - Have smaller server identifier, so dropping the connection: (myId:0 --> sid:4)
2020-06-22 14:08:44,171 [myid:1] - INFO  [ListenerHandler-localhost/127.0.0.1:11243:QuorumCnxManager$Listener$ListenerHandler@1070] - Received connection request from /127.0.0.1:60877
2020-06-22 14:08:44,171 [myid:4] - INFO  [ListenerHandler-localhost/127.0.0.1:11252:QuorumCnxManager$Listener$ListenerHandler@1070] - Received connection request from /127.0.0.1:60880
2020-06-22 14:08:44,171 [myid:3] - INFO  [ListenerHandler-localhost/127.0.0.1:11249:QuorumCnxManager$Listener$ListenerHandler@1070] - Received connection request from /127.0.0.1:60879
2020-06-22 14:08:44,171 [myid:0] - INFO  [QuorumConnectionThread-[myid=0]-4:QuorumCnxManager@513] - Have smaller server identifier, so dropping the connection: (myId:0 --> sid:3)
2020-06-22 14:08:44,267 [myid:2] - INFO  [ListenerHandler-localhost/127.0.0.1:11246:QuorumCnxManager$Listener$ListenerHandler@1070] - Received connection request from /127.0.0.1:60828
2020-06-22 14:08:44,267 [myid:0] - INFO  [QuorumConnectionThread-[myid=0]-2:QuorumCnxManager@513] - Have smaller server identifier, so dropping the connection: (myId:0 --> sid:2)
2020-06-22 14:08:44,268 [myid:1] - INFO  [ListenerHandler-localhost/127.0.0.1:11243:QuorumCnxManager$Listener$ListenerHandler@1070] - Received connection request from /127.0.0.1:60827
2020-06-22 14:08:44,268 [myid:0] - INFO  [QuorumConnectionThread-[myid=0]-1:QuorumCnxManager@513] - Have smaller server identifier, so dropping the connection: (myId:0 --> sid:1)
2020-06-22 14:08:44,277 [myid:4] - INFO  [ListenerHandler-localhost/127.0.0.1:11252:QuorumCnxManager$Listener$ListenerHandler@1070] - Received connection request from /127.0.0.1:60839
2020-06-22 14:08:44,277 [myid:1] - INFO  [QuorumConnectionThread-[myid=1]-3:QuorumCnxManager@513] - Have smaller server identifier, so dropping the connection: (myId:1 --> sid:3)
2020-06-22 14:08:44,277 [myid:1] - INFO  [QuorumConnectionThread-[myid=1]-1:QuorumCnxManager@513] - Have smaller server identifier, so dropping the connection: (myId:1 --> sid:4)
2020-06-22 14:08:44,277 [myid:1] - INFO  [QuorumConnectionThread-[myid=1]-2:QuorumCnxManager@513] - Have smaller server identifier, so dropping the connection: (myId:1 --> sid:2)
2020-06-22 14:08:44,277 [myid:2] - INFO  [ListenerHandler-localhost/127.0.0.1:11246:QuorumCnxManager$Listener$ListenerHandler@1070] - Received connection request from /127.0.0.1:60837
2020-06-22 14:08:44,280 [myid:4] - INFO  [ListenerHandler-localhost/127.0.0.1:11252:QuorumCnxManager$Listener$ListenerHandler@1070] - Received connection request from /127.0.0.1:60847
2020-06-22 14:08:44,280 [myid:4] - WARN  [SendWorker:1:QuorumCnxManager$SendWorker@1281] - Interrupted while waiting for message on queue
java.lang.InterruptedException
	at java.util.concurrent.locks.AbstractQueuedSynchronizer$ConditionObject.reportInterruptAfterWait(AbstractQueuedSynchronizer.java:2014)
	at java.util.concurrent.locks.AbstractQueuedSynchronizer$ConditionObject.awaitNanos(AbstractQueuedSynchronizer.java:2088)
	at org.apache.zookeeper.util.CircularBlockingQueue.poll(CircularBlockingQueue.java:105)
	at org.apache.zookeeper.server.quorum.QuorumCnxManager.pollSendQueue(QuorumCnxManager.java:1446)
	at org.apache.zookeeper.server.quorum.QuorumCnxManager.access$900(QuorumCnxManager.java:98)
	at org.apache.zookeeper.server.quorum.QuorumCnxManager$SendWorker.run(QuorumCnxManager.java:1270)
2020-06-22 14:08:44,280 [myid:4] - WARN  [RecvWorker:1:QuorumCnxManager$RecvWorker@1395] - Connection broken for id 1, my id = 4
java.net.SocketException: Socket closed
	at java.net.SocketInputStream.socketRead0(Native Method)
	at java.net.SocketInputStream.socketRead(SocketInputStream.java:116)
	at java.net.SocketInputStream.read(SocketInputStream.java:171)
	at java.net.SocketInputStream.read(SocketInputStream.java:141)
	at java.io.BufferedInputStream.fill(BufferedInputStream.java:246)
	at java.io.BufferedInputStream.read(BufferedInputStream.java:265)
	at java.io.DataInputStream.readInt(DataInputStream.java:387)
	at org.apache.zookeeper.server.quorum.QuorumCnxManager$RecvWorker.run(QuorumCnxManager.java:1383)
2020-06-22 14:08:44,280 [myid:1] - WARN  [RecvWorker:4:QuorumCnxManager$RecvWorker@1395] - Connection broken for id 4, my id = 1
java.io.EOFException
	at java.io.DataInputStream.readInt(DataInputStream.java:392)
	at org.apache.zookeeper.server.quorum.QuorumCnxManager$RecvWorker.run(QuorumCnxManager.java:1383)
2020-06-22 14:08:44,280 [myid:3] - INFO  [ListenerHandler-localhost/127.0.0.1:11249:QuorumCnxManager$Listener$ListenerHandler@1070] - Received connection request from /127.0.0.1:60838
2020-06-22 14:08:44,282 [myid:2] - INFO  [ListenerHandler-localhost/127.0.0.1:11246:QuorumCnxManager$Listener$ListenerHandler@1070] - Received connection request from /127.0.0.1:60883
2020-06-22 14:08:44,280 [myid:] - INFO  [main:FourLetterWordMain@93] - connecting to 127.0.0.1 11238
2020-06-22 14:08:44,281 [myid:2] - WARN  [RecvWorker:4:QuorumCnxManager$RecvWorker@1395] - Connection broken for id 4, my id = 2
java.io.EOFException
	at java.io.DataInputStream.readInt(DataInputStream.java:392)
	at org.apache.zookeeper.server.quorum.QuorumCnxManager$RecvWorker.run(QuorumCnxManager.java:1383)
2020-06-22 14:08:44,283 [myid:3] - INFO  [ListenerHandler-localhost/127.0.0.1:11249:QuorumCnxManager$Listener$ListenerHandler@1070] - Received connection request from /127.0.0.1:60846
2020-06-22 14:08:44,283 [myid:2] - WARN  [SendWorker:4:QuorumCnxManager$SendWorker@1281] - Interrupted while waiting for message on queue
java.lang.InterruptedException
	at java.util.concurrent.locks.AbstractQueuedSynchronizer$ConditionObject.reportInterruptAfterWait(AbstractQueuedSynchronizer.java:2014)
	at java.util.concurrent.locks.AbstractQueuedSynchronizer$ConditionObject.awaitNanos(AbstractQueuedSynchronizer.java:2088)
	at org.apache.zookeeper.util.CircularBlockingQueue.poll(CircularBlockingQueue.java:105)
	at org.apache.zookeeper.server.quorum.QuorumCnxManager.pollSendQueue(QuorumCnxManager.java:1446)
	at org.apache.zookeeper.server.quorum.QuorumCnxManager.access$900(QuorumCnxManager.java:98)
	at org.apache.zookeeper.server.quorum.QuorumCnxManager$SendWorker.run(QuorumCnxManager.java:1270)
2020-06-22 14:08:44,285 [myid:2] - WARN  [SendWorker:4:QuorumCnxManager$SendWorker@1293] - Send worker leaving thread id 4 my id = 2
2020-06-22 14:08:44,285 [myid:3] - WARN  [RecvWorker:2:QuorumCnxManager$RecvWorker@1395] - Connection broken for id 2, my id = 3
java.net.SocketException: Socket closed
	at java.net.SocketInputStream.socketRead0(Native Method)
	at java.net.SocketInputStream.socketRead(SocketInputStream.java:116)
	at java.net.SocketInputStream.read(SocketInputStream.java:171)
	at java.net.SocketInputStream.read(SocketInputStream.java:141)
	at java.io.BufferedInputStream.fill(BufferedInputStream.java:246)
	at java.io.BufferedInputStream.read(BufferedInputStream.java:265)
	at java.io.DataInputStream.readInt(DataInputStream.java:387)
	at org.apache.zookeeper.server.quorum.QuorumCnxManager$RecvWorker.run(QuorumCnxManager.java:1383)
2020-06-22 14:08:44,283 [myid:3] - WARN  [SendWorker:1:QuorumCnxManager$SendWorker@1281] - Interrupted while waiting for message on queue
java.lang.InterruptedException
	at java.util.concurrent.locks.AbstractQueuedSynchronizer$ConditionObject.reportInterruptAfterWait(AbstractQueuedSynchronizer.java:2014)
	at java.util.concurrent.locks.AbstractQueuedSynchronizer$ConditionObject.awaitNanos(AbstractQueuedSynchronizer.java:2088)
	at org.apache.zookeeper.util.CircularBlockingQueue.poll(CircularBlockingQueue.java:105)
	at org.apache.zookeeper.server.quorum.QuorumCnxManager.pollSendQueue(QuorumCnxManager.java:1446)
	at org.apache.zookeeper.server.quorum.QuorumCnxManager.access$900(QuorumCnxManager.java:98)
	at org.apache.zookeeper.server.quorum.QuorumCnxManager$SendWorker.run(QuorumCnxManager.java:1270)
2020-06-22 14:08:44,283 [myid:3] - WARN  [RecvWorker:1:QuorumCnxManager$RecvWorker@1395] - Connection broken for id 1, my id = 3
java.net.SocketException: Socket closed
	at java.net.SocketInputStream.socketRead0(Native Method)
	at java.net.SocketInputStream.socketRead(SocketInputStream.java:116)
	at java.net.SocketInputStream.read(SocketInputStream.java:171)
	at java.net.SocketInputStream.read(SocketInputStream.java:141)
	at java.io.BufferedInputStream.fill(BufferedInputStream.java:246)
	at java.io.BufferedInputStream.read(BufferedInputStream.java:265)
	at java.io.DataInputStream.readInt(DataInputStream.java:387)
	at org.apache.zookeeper.server.quorum.QuorumCnxManager$RecvWorker.run(QuorumCnxManager.java:1383)
2020-06-22 14:08:44,282 [myid:1] - WARN  [RecvWorker:3:QuorumCnxManager$RecvWorker@1395] - Connection broken for id 3, my id = 1
java.io.EOFException
	at java.io.DataInputStream.readInt(DataInputStream.java:392)
	at org.apache.zookeeper.server.quorum.QuorumCnxManager$RecvWorker.run(QuorumCnxManager.java:1383)
2020-06-22 14:08:44,282 [myid:1] - WARN  [RecvWorker:4:QuorumCnxManager$RecvWorker@1401] - Interrupting SendWorker thread from RecvWorker. sid: 4. myId: 1
2020-06-22 14:08:44,282 [myid:4] - WARN  [RecvWorker:1:QuorumCnxManager$RecvWorker@1401] - Interrupting SendWorker thread from RecvWorker. sid: 1. myId: 4
2020-06-22 14:08:44,281 [myid:4] - WARN  [SendWorker:1:QuorumCnxManager$SendWorker@1293] - Send worker leaving thread id 1 my id = 4
2020-06-22 14:08:44,281 [myid:4] - WARN  [SendWorker:2:QuorumCnxManager$SendWorker@1281] - Interrupted while waiting for message on queue
java.lang.InterruptedException
	at java.util.concurrent.locks.AbstractQueuedSynchronizer$ConditionObject.reportInterruptAfterWait(AbstractQueuedSynchronizer.java:2014)
	at java.util.concurrent.locks.AbstractQueuedSynchronizer$ConditionObject.awaitNanos(AbstractQueuedSynchronizer.java:2088)
	at org.apache.zookeeper.util.CircularBlockingQueue.poll(CircularBlockingQueue.java:105)
	at org.apache.zookeeper.server.quorum.QuorumCnxManager.pollSendQueue(QuorumCnxManager.java:1446)
	at org.apache.zookeeper.server.quorum.QuorumCnxManager.access$900(QuorumCnxManager.java:98)
	at org.apache.zookeeper.server.quorum.QuorumCnxManager$SendWorker.run(QuorumCnxManager.java:1270)
2020-06-22 14:08:44,281 [myid:4] - WARN  [RecvWorker:2:QuorumCnxManager$RecvWorker@1395] - Connection broken for id 2, my id = 4
java.net.SocketException: Socket closed
	at java.net.SocketInputStream.socketRead0(Native Method)
	at java.net.SocketInputStream.socketRead(SocketInputStream.java:116)
	at java.net.SocketInputStream.read(SocketInputStream.java:171)
	at java.net.SocketInputStream.read(SocketInputStream.java:141)
	at java.io.BufferedInputStream.fill(BufferedInputStream.java:246)
	at java.io.BufferedInputStream.read(BufferedInputStream.java:265)
	at java.io.DataInputStream.readInt(DataInputStream.java:387)
	at org.apache.zookeeper.server.quorum.QuorumCnxManager$RecvWorker.run(QuorumCnxManager.java:1383)
2020-06-22 14:08:44,281 [myid:2] - WARN  [RecvWorker:1:QuorumCnxManager$RecvWorker@1395] - Connection broken for id 1, my id = 2
java.net.SocketException: Socket closed
	at java.net.SocketInputStream.socketRead0(Native Method)
	at java.net.SocketInputStream.socketRead(SocketInputStream.java:116)
	at java.net.SocketInputStream.read(SocketInputStream.java:171)
	at java.net.SocketInputStream.read(SocketInputStream.java:141)
	at java.io.BufferedInputStream.fill(BufferedInputStream.java:246)
	at java.io.BufferedInputStream.read(BufferedInputStream.java:265)
	at java.io.DataInputStream.readInt(DataInputStream.java:387)
	at org.apache.zookeeper.server.quorum.QuorumCnxManager$RecvWorker.run(QuorumCnxManager.java:1383)
2020-06-22 14:08:44,281 [myid:2] - WARN  [SendWorker:1:QuorumCnxManager$SendWorker@1281] - Interrupted while waiting for message on queue
java.lang.InterruptedException
	at java.util.concurrent.locks.AbstractQueuedSynchronizer$ConditionObject.reportInterruptAfterWait(AbstractQueuedSynchronizer.java:2014)
	at java.util.concurrent.locks.AbstractQueuedSynchronizer$ConditionObject.awaitNanos(AbstractQueuedSynchronizer.java:2088)
	at org.apache.zookeeper.util.CircularBlockingQueue.poll(CircularBlockingQueue.java:105)
	at org.apache.zookeeper.server.quorum.QuorumCnxManager.pollSendQueue(QuorumCnxManager.java:1446)
	at org.apache.zookeeper.server.quorum.QuorumCnxManager.access$900(QuorumCnxManager.java:98)
	at org.apache.zookeeper.server.quorum.QuorumCnxManager$SendWorker.run(QuorumCnxManager.java:1270)
2020-06-22 14:08:44,281 [myid:1] - WARN  [RecvWorker:2:QuorumCnxManager$RecvWorker@1395] - Connection broken for id 2, my id = 1
java.io.EOFException
	at java.io.DataInputStream.readInt(DataInputStream.java:392)
	at org.apache.zookeeper.server.quorum.QuorumCnxManager$RecvWorker.run(QuorumCnxManager.java:1383)
2020-06-22 14:08:44,281 [myid:1] - INFO  [ListenerHandler-localhost/127.0.0.1:11243:QuorumCnxManager$Listener$ListenerHandler@1070] - Received connection request from /127.0.0.1:60882
2020-06-22 14:08:44,280 [myid:2] - INFO  [QuorumConnectionThread-[myid=2]-3:QuorumCnxManager@513] - Have smaller server identifier, so dropping the connection: (myId:2 --> sid:3)
2020-06-22 14:08:44,280 [myid:2] - INFO  [QuorumConnectionThread-[myid=2]-4:QuorumCnxManager@513] - Have smaller server identifier, so dropping the connection: (myId:2 --> sid:4)
2020-06-22 14:08:44,288 [myid:1] - WARN  [RecvWorker:2:QuorumCnxManager$RecvWorker@1401] - Interrupting SendWorker thread from RecvWorker. sid: 2. myId: 1
2020-06-22 14:08:44,288 [myid:2] - WARN  [SendWorker:1:QuorumCnxManager$SendWorker@1293] - Send worker leaving thread id 1 my id = 2
2020-06-22 14:08:44,288 [myid:2] - WARN  [RecvWorker:1:QuorumCnxManager$RecvWorker@1401] - Interrupting SendWorker thread from RecvWorker. sid: 1. myId: 2
2020-06-22 14:08:44,288 [myid:4] - WARN  [RecvWorker:2:QuorumCnxManager$RecvWorker@1401] - Interrupting SendWorker thread from RecvWorker. sid: 2. myId: 4
2020-06-22 14:08:44,288 [myid:4] - WARN  [SendWorker:2:QuorumCnxManager$SendWorker@1293] - Send worker leaving thread id 2 my id = 4
2020-06-22 14:08:44,287 [myid:1] - WARN  [SendWorker:4:QuorumCnxManager$SendWorker@1281] - Interrupted while waiting for message on queue
java.lang.InterruptedException
	at java.util.concurrent.locks.AbstractQueuedSynchronizer$ConditionObject.reportInterruptAfterWait(AbstractQueuedSynchronizer.java:2014)
	at java.util.concurrent.locks.AbstractQueuedSynchronizer$ConditionObject.awaitNanos(AbstractQueuedSynchronizer.java:2088)
	at org.apache.zookeeper.util.CircularBlockingQueue.poll(CircularBlockingQueue.java:105)
	at org.apache.zookeeper.server.quorum.QuorumCnxManager.pollSendQueue(QuorumCnxManager.java:1446)
	at org.apache.zookeeper.server.quorum.QuorumCnxManager.access$900(QuorumCnxManager.java:98)
	at org.apache.zookeeper.server.quorum.QuorumCnxManager$SendWorker.run(QuorumCnxManager.java:1270)
2020-06-22 14:08:44,287 [myid:1] - WARN  [RecvWorker:3:QuorumCnxManager$RecvWorker@1401] - Interrupting SendWorker thread from RecvWorker. sid: 3. myId: 1
2020-06-22 14:08:44,286 [myid:3] - WARN  [RecvWorker:1:QuorumCnxManager$RecvWorker@1401] - Interrupting SendWorker thread from RecvWorker. sid: 1. myId: 3
2020-06-22 14:08:44,286 [myid:0] - INFO  [NIOWorkerThread-3:NIOServerCnxn@507] - Processing stat command from /127.0.0.1:60885
2020-06-22 14:08:44,286 [myid:2] - INFO  [ListenerHandler-localhost/127.0.0.1:11246:QuorumCnxManager$Listener$ListenerHandler@1070] - Received connection request from /127.0.0.1:60887
2020-06-22 14:08:44,286 [myid:3] - WARN  [SendWorker:1:QuorumCnxManager$SendWorker@1293] - Send worker leaving thread id 1 my id = 3
2020-06-22 14:08:44,286 [myid:4] - INFO  [WorkerReceiver[myid=4]:FastLeaderElection$Messenger$WorkerReceiver@389] - Notification: my state:LEADING; n.sid:2, n.state:LOOKING, n.leader:4, n.round:0x1, n.peerEpoch:0x0, n.zxid:0x0, message format version:0x2, n.config version:0x200000000
2020-06-22 14:08:44,286 [myid:2] - INFO  [WorkerReceiver[myid=2]:FastLeaderElection$Messenger$WorkerReceiver@389] - Notification: my state:FOLLOWING; n.sid:4, n.state:LOOKING, n.leader:4, n.round:0x1, n.peerEpoch:0x0, n.zxid:0x0, message format version:0x2, n.config version:0x200000000
2020-06-22 14:08:44,286 [myid:3] - WARN  [RecvWorker:2:QuorumCnxManager$RecvWorker@1401] - Interrupting SendWorker thread from RecvWorker. sid: 2. myId: 3
2020-06-22 14:08:44,284 [myid:2] - WARN  [RecvWorker:3:QuorumCnxManager$RecvWorker@1395] - Connection broken for id 3, my id = 2
java.io.EOFException
	at java.io.DataInputStream.readInt(DataInputStream.java:392)
	at org.apache.zookeeper.server.quorum.QuorumCnxManager$RecvWorker.run(QuorumCnxManager.java:1383)
2020-06-22 14:08:44,285 [myid:3] - WARN  [SendWorker:2:QuorumCnxManager$SendWorker@1281] - Interrupted while waiting for message on queue
java.lang.InterruptedException
	at java.util.concurrent.locks.AbstractQueuedSynchronizer$ConditionObject.reportInterruptAfterWait(AbstractQueuedSynchronizer.java:2014)
	at java.util.concurrent.locks.AbstractQueuedSynchronizer$ConditionObject.awaitNanos(AbstractQueuedSynchronizer.java:2088)
	at org.apache.zookeeper.util.CircularBlockingQueue.poll(CircularBlockingQueue.java:105)
	at org.apache.zookeeper.server.quorum.QuorumCnxManager.pollSendQueue(QuorumCnxManager.java:1446)
	at org.apache.zookeeper.server.quorum.QuorumCnxManager.access$900(QuorumCnxManager.java:98)
	at org.apache.zookeeper.server.quorum.QuorumCnxManager$SendWorker.run(QuorumCnxManager.java:1270)
2020-06-22 14:08:44,284 [myid:2] - WARN  [RecvWorker:4:QuorumCnxManager$RecvWorker@1401] - Interrupting SendWorker thread from RecvWorker. sid: 4. myId: 2
2020-06-22 14:08:44,293 [myid:3] - INFO  [WorkerReceiver[myid=3]:FastLeaderElection$Messenger$WorkerReceiver@389] - Notification: my state:FOLLOWING; n.sid:2, n.state:LOOKING, n.leader:4, n.round:0x1, n.peerEpoch:0x0, n.zxid:0x0, message format version:0x2, n.config version:0x200000000
2020-06-22 14:08:44,293 [myid:3] - WARN  [SendWorker:2:QuorumCnxManager$SendWorker@1293] - Send worker leaving thread id 2 my id = 3
2020-06-22 14:08:44,293 [myid:2] - INFO  [WorkerReceiver[myid=2]:FastLeaderElection$Messenger$WorkerReceiver@389] - Notification: my state:FOLLOWING; n.sid:3, n.state:LOOKING, n.leader:4, n.round:0x1, n.peerEpoch:0x0, n.zxid:0x0, message format version:0x2, n.config version:0x200000000
2020-06-22 14:08:44,293 [myid:4] - INFO  [WorkerReceiver[myid=4]:FastLeaderElection$Messenger$WorkerReceiver@389] - Notification: my state:LEADING; n.sid:1, n.state:LOOKING, n.leader:4, n.round:0x1, n.peerEpoch:0x0, n.zxid:0x0, message format version:0x2, n.config version:0x200000000
2020-06-22 14:08:44,293 [myid:2] - WARN  [RecvWorker:3:QuorumCnxManager$RecvWorker@1401] - Interrupting SendWorker thread from RecvWorker. sid: 3. myId: 2
2020-06-22 14:08:44,292 [myid:2] - WARN  [SendWorker:3:QuorumCnxManager$SendWorker@1281] - Interrupted while waiting for message on queue
java.lang.InterruptedException
	at java.util.concurrent.locks.AbstractQueuedSynchronizer$ConditionObject.reportInterruptAfterWait(AbstractQueuedSynchronizer.java:2014)
	at java.util.concurrent.locks.AbstractQueuedSynchronizer$ConditionObject.awaitNanos(AbstractQueuedSynchronizer.java:2088)
	at org.apache.zookeeper.util.CircularBlockingQueue.poll(CircularBlockingQueue.java:105)
	at org.apache.zookeeper.server.quorum.QuorumCnxManager.pollSendQueue(QuorumCnxManager.java:1446)
	at org.apache.zookeeper.server.quorum.QuorumCnxManager.access$900(QuorumCnxManager.java:98)
	at org.apache.zookeeper.server.quorum.QuorumCnxManager$SendWorker.run(QuorumCnxManager.java:1270)
2020-06-22 14:08:44,292 [myid:1] - WARN  [SendWorker:3:QuorumCnxManager$SendWorker@1281] - Interrupted while waiting for message on queue
java.lang.InterruptedException
	at java.util.concurrent.locks.AbstractQueuedSynchronizer$ConditionObject.reportInterruptAfterWait(AbstractQueuedSynchronizer.java:2014)
	at java.util.concurrent.locks.AbstractQueuedSynchronizer$ConditionObject.awaitNanos(AbstractQueuedSynchronizer.java:2088)
	at org.apache.zookeeper.util.CircularBlockingQueue.poll(CircularBlockingQueue.java:105)
	at org.apache.zookeeper.server.quorum.QuorumCnxManager.pollSendQueue(QuorumCnxManager.java:1446)
	at org.apache.zookeeper.server.quorum.QuorumCnxManager.access$900(QuorumCnxManager.java:98)
	at org.apache.zookeeper.server.quorum.QuorumCnxManager$SendWorker.run(QuorumCnxManager.java:1270)
2020-06-22 14:08:44,291 [myid:1] - WARN  [SendWorker:4:QuorumCnxManager$SendWorker@1293] - Send worker leaving thread id 4 my id = 1
2020-06-22 14:08:44,290 [myid:1] - INFO  [WorkerReceiver[myid=1]:FastLeaderElection$Messenger$WorkerReceiver@389] - Notification: my state:FOLLOWING; n.sid:4, n.state:LOOKING, n.leader:4, n.round:0x1, n.peerEpoch:0x0, n.zxid:0x0, message format version:0x2, n.config version:0x200000000
2020-06-22 14:08:44,290 [myid:1] - INFO  [ListenerHandler-localhost/127.0.0.1:11243:QuorumCnxManager$Listener$ListenerHandler@1070] - Received connection request from /127.0.0.1:60884
2020-06-22 14:08:44,289 [myid:1] - WARN  [SendWorker:2:QuorumCnxManager$SendWorker@1281] - Interrupted while waiting for message on queue
java.lang.InterruptedException
	at java.util.concurrent.locks.AbstractQueuedSynchronizer$ConditionObject.reportInterruptAfterWait(AbstractQueuedSynchronizer.java:2014)
	at java.util.concurrent.locks.AbstractQueuedSynchronizer$ConditionObject.awaitNanos(AbstractQueuedSynchronizer.java:2088)
	at org.apache.zookeeper.util.CircularBlockingQueue.poll(CircularBlockingQueue.java:105)
	at org.apache.zookeeper.server.quorum.QuorumCnxManager.pollSendQueue(QuorumCnxManager.java:1446)
	at org.apache.zookeeper.server.quorum.QuorumCnxManager.access$900(QuorumCnxManager.java:98)
	at org.apache.zookeeper.server.quorum.QuorumCnxManager$SendWorker.run(QuorumCnxManager.java:1270)
2020-06-22 14:08:44,298 [myid:1] - WARN  [SendWorker:2:QuorumCnxManager$SendWorker@1293] - Send worker leaving thread id 2 my id = 1
2020-06-22 14:08:44,298 [myid:1] - WARN  [SendWorker:3:QuorumCnxManager$SendWorker@1293] - Send worker leaving thread id 3 my id = 1
2020-06-22 14:08:44,298 [myid:4] - INFO  [WorkerReceiver[myid=4]:FastLeaderElection$Messenger$WorkerReceiver@389] - Notification: my state:LEADING; n.sid:2, n.state:FOLLOWING, n.leader:4, n.round:0x1, n.peerEpoch:0x1, n.zxid:0x0, message format version:0x2, n.config version:0x200000000
2020-06-22 14:08:44,298 [myid:3] - INFO  [WorkerReceiver[myid=3]:FastLeaderElection$Messenger$WorkerReceiver@389] - Notification: my state:FOLLOWING; n.sid:2, n.state:FOLLOWING, n.leader:4, n.round:0x1, n.peerEpoch:0x1, n.zxid:0x0, message format version:0x2, n.config version:0x200000000
2020-06-22 14:08:44,298 [myid:2] - WARN  [SendWorker:3:QuorumCnxManager$SendWorker@1293] - Send worker leaving thread id 3 my id = 2
2020-06-22 14:08:44,297 [myid:2] - INFO  [WorkerReceiver[myid=2]:FastLeaderElection$Messenger$WorkerReceiver@389] - Notification: my state:FOLLOWING; n.sid:4, n.state:LEADING, n.leader:4, n.round:0x1, n.peerEpoch:0x1, n.zxid:0x0, message format version:0x2, n.config version:0x200000000
2020-06-22 14:08:44,294 [myid:3] - INFO  [QuorumConnectionThread-[myid=3]-4:QuorumCnxManager@513] - Have smaller server identifier, so dropping the connection: (myId:3 --> sid:4)
2020-06-22 14:08:44,294 [myid:4] - INFO  [ListenerHandler-localhost/127.0.0.1:11252:QuorumCnxManager$Listener$ListenerHandler@1070] - Received connection request from /127.0.0.1:60856
2020-06-22 14:08:44,294 [myid:0] - INFO  [ListenerHandler-localhost/127.0.0.1:11240:QuorumCnxManager$Listener$ListenerHandler@1070] - Received connection request from /127.0.0.1:60857
2020-06-22 14:08:44,300 [myid:2] - INFO  [WorkerReceiver[myid=2]:FastLeaderElection$Messenger$WorkerReceiver@389] - Notification: my state:FOLLOWING; n.sid:3, n.state:FOLLOWING, n.leader:4, n.round:0x1, n.peerEpoch:0x1, n.zxid:0x0, message format version:0x2, n.config version:0x200000000
2020-06-22 14:08:44,300 [myid:3] - WARN  [RecvWorker:4:QuorumCnxManager$RecvWorker@1395] - Connection broken for id 4, my id = 3
java.io.EOFException
	at java.io.DataInputStream.readInt(DataInputStream.java:392)
	at org.apache.zookeeper.server.quorum.QuorumCnxManager$RecvWorker.run(QuorumCnxManager.java:1383)
2020-06-22 14:08:44,300 [myid:3] - WARN  [RecvWorker:4:QuorumCnxManager$RecvWorker@1401] - Interrupting SendWorker thread from RecvWorker. sid: 4. myId: 3
2020-06-22 14:08:44,299 [myid:4] - INFO  [WorkerReceiver[myid=4]:FastLeaderElection$Messenger$WorkerReceiver@389] - Notification: my state:LEADING; n.sid:1, n.state:FOLLOWING, n.leader:4, n.round:0x1, n.peerEpoch:0x1, n.zxid:0x0, message format version:0x2, n.config version:0x200000000
2020-06-22 14:08:44,299 [myid:1] - INFO  [ListenerHandler-localhost/127.0.0.1:11243:QuorumCnxManager$Listener$ListenerHandler@1070] - Received connection request from /127.0.0.1:60886
2020-06-22 14:08:44,298 [myid:1] - INFO  [WorkerReceiver[myid=1]:FastLeaderElection$Messenger$WorkerReceiver@389] - Notification: my state:FOLLOWING; n.sid:4, n.state:LEADING, n.leader:4, n.round:0x1, n.peerEpoch:0x1, n.zxid:0x0, message format version:0x2, n.config version:0x200000000
2020-06-22 14:08:44,305 [myid:0] - INFO  [ListenerHandler-localhost/127.0.0.1:11240:QuorumCnxManager$Listener$ListenerHandler@1070] - Received connection request from /127.0.0.1:60860
2020-06-22 14:08:44,300 [myid:3] - WARN  [SendWorker:4:QuorumCnxManager$SendWorker@1281] - Interrupted while waiting for message on queue
java.lang.InterruptedException
	at java.util.concurrent.locks.AbstractQueuedSynchronizer$ConditionObject.reportInterruptAfterWait(AbstractQueuedSynchronizer.java:2014)
	at java.util.concurrent.locks.AbstractQueuedSynchronizer$ConditionObject.awaitNanos(AbstractQueuedSynchronizer.java:2088)
	at org.apache.zookeeper.util.CircularBlockingQueue.poll(CircularBlockingQueue.java:105)
	at org.apache.zookeeper.server.quorum.QuorumCnxManager.pollSendQueue(QuorumCnxManager.java:1446)
	at org.apache.zookeeper.server.quorum.QuorumCnxManager.access$900(QuorumCnxManager.java:98)
	at org.apache.zookeeper.server.quorum.QuorumCnxManager$SendWorker.run(QuorumCnxManager.java:1270)
2020-06-22 14:08:44,300 [myid:4] - WARN  [SendWorker:3:QuorumCnxManager$SendWorker@1281] - Interrupted while waiting for message on queue
java.lang.InterruptedException
	at java.util.concurrent.locks.AbstractQueuedSynchronizer$ConditionObject.reportInterruptAfterWait(AbstractQueuedSynchronizer.java:2014)
	at java.util.concurrent.locks.AbstractQueuedSynchronizer$ConditionObject.awaitNanos(AbstractQueuedSynchronizer.java:2088)
	at org.apache.zookeeper.util.CircularBlockingQueue.poll(CircularBlockingQueue.java:105)
	at org.apache.zookeeper.server.quorum.QuorumCnxManager.pollSendQueue(QuorumCnxManager.java:1446)
	at org.apache.zookeeper.server.quorum.QuorumCnxManager.access$900(QuorumCnxManager.java:98)
	at org.apache.zookeeper.server.quorum.QuorumCnxManager$SendWorker.run(QuorumCnxManager.java:1270)
2020-06-22 14:08:44,300 [myid:2] - INFO  [WorkerReceiver[myid=2]:FastLeaderElection$Messenger$WorkerReceiver@389] - Notification: my state:FOLLOWING; n.sid:1, n.state:LOOKING, n.leader:4, n.round:0x1, n.peerEpoch:0x0, n.zxid:0x0, message format version:0x2, n.config version:0x200000000
2020-06-22 14:08:44,300 [myid:4] - WARN  [RecvWorker:3:QuorumCnxManager$RecvWorker@1395] - Connection broken for id 3, my id = 4
java.net.SocketException: Socket closed
	at java.net.SocketInputStream.socketRead0(Native Method)
	at java.net.SocketInputStream.socketRead(SocketInputStream.java:116)
	at java.net.SocketInputStream.read(SocketInputStream.java:171)
	at java.net.SocketInputStream.read(SocketInputStream.java:141)
	at java.io.BufferedInputStream.fill(BufferedInputStream.java:246)
	at java.io.BufferedInputStream.read(BufferedInputStream.java:265)
	at java.io.DataInputStream.readInt(DataInputStream.java:387)
	at org.apache.zookeeper.server.quorum.QuorumCnxManager$RecvWorker.run(QuorumCnxManager.java:1383)
2020-06-22 14:08:44,307 [myid:4] - WARN  [SendWorker:3:QuorumCnxManager$SendWorker@1293] - Send worker leaving thread id 3 my id = 4
2020-06-22 14:08:44,307 [myid:3] - INFO  [ListenerHandler-localhost/127.0.0.1:11249:QuorumCnxManager$Listener$ListenerHandler@1070] - Received connection request from /127.0.0.1:60888
2020-06-22 14:08:44,307 [myid:3] - WARN  [SendWorker:4:QuorumCnxManager$SendWorker@1293] - Send worker leaving thread id 4 my id = 3
2020-06-22 14:08:44,307 [myid:1] - INFO  [WorkerReceiver[myid=1]:FastLeaderElection$Messenger$WorkerReceiver@389] - Notification: my state:FOLLOWING; n.sid:2, n.state:LOOKING, n.leader:4, n.round:0x1, n.peerEpoch:0x0, n.zxid:0x0, message format version:0x2, n.config version:0x200000000
2020-06-22 14:08:44,307 [myid:3] - INFO  [WorkerReceiver[myid=3]:FastLeaderElection$Messenger$WorkerReceiver@389] - Notification: my state:FOLLOWING; n.sid:0, n.state:LOOKING, n.leader:0, n.round:0x1, n.peerEpoch:0x0, n.zxid:0x0, message format version:0x2, n.config version:0x200000000
2020-06-22 14:08:44,306 [myid:0] - INFO  [WorkerReceiver[myid=0]:FastLeaderElection$Messenger$WorkerReceiver@389] - Notification: my state:LOOKING; n.sid:3, n.state:LOOKING, n.leader:4, n.round:0x1, n.peerEpoch:0x0, n.zxid:0x0, message format version:0x2, n.config version:0x200000000
2020-06-22 14:08:44,309 [myid:0] - INFO  [ListenerHandler-localhost/127.0.0.1:11240:QuorumCnxManager$Listener$ListenerHandler@1070] - Received connection request from /127.0.0.1:60862
2020-06-22 14:08:44,307 [myid:4] - WARN  [RecvWorker:3:QuorumCnxManager$RecvWorker@1401] - Interrupting SendWorker thread from RecvWorker. sid: 3. myId: 4
2020-06-22 14:08:44,309 [myid:3] - INFO  [WorkerReceiver[myid=3]:FastLeaderElection$Messenger$WorkerReceiver@389] - Notification: my state:FOLLOWING; n.sid:1, n.state:LOOKING, n.leader:4, n.round:0x1, n.peerEpoch:0x0, n.zxid:0x0, message format version:0x2, n.config version:0x200000000
2020-06-22 14:08:44,310 [myid:1] - INFO  [WorkerReceiver[myid=1]:FastLeaderElection$Messenger$WorkerReceiver@389] - Notification: my state:FOLLOWING; n.sid:2, n.state:FOLLOWING, n.leader:4, n.round:0x1, n.peerEpoch:0x1, n.zxid:0x0, message format version:0x2, n.config version:0x200000000
2020-06-22 14:08:44,310 [myid:1] - INFO  [WorkerReceiver[myid=1]:FastLeaderElection$Messenger$WorkerReceiver@389] - Notification: my state:FOLLOWING; n.sid:3, n.state:LOOKING, n.leader:4, n.round:0x1, n.peerEpoch:0x0, n.zxid:0x0, message format version:0x2, n.config version:0x200000000
2020-06-22 14:08:44,310 [myid:0] - INFO  [WorkerReceiver[myid=0]:FastLeaderElection$Messenger$WorkerReceiver@389] - Notification: my state:LOOKING; n.sid:2, n.state:LOOKING, n.leader:4, n.round:0x1, n.peerEpoch:0x0, n.zxid:0x0, message format version:0x2, n.config version:0x200000000
2020-06-22 14:08:44,311 [myid:4] - INFO  [WorkerReceiver[myid=4]:FastLeaderElection$Messenger$WorkerReceiver@389] - Notification: my state:LEADING; n.sid:3, n.state:LOOKING, n.leader:4, n.round:0x1, n.peerEpoch:0x0, n.zxid:0x0, message format version:0x2, n.config version:0x200000000
2020-06-22 14:08:44,312 [myid:0] - INFO  [WorkerReceiver[myid=0]:FastLeaderElection$Messenger$WorkerReceiver@389] - Notification: my state:LOOKING; n.sid:0, n.state:LOOKING, n.leader:4, n.round:0x1, n.peerEpoch:0x0, n.zxid:0x0, message format version:0x2, n.config version:0x200000000
2020-06-22 14:08:44,311 [myid:2] - INFO  [WorkerReceiver[myid=2]:FastLeaderElection$Messenger$WorkerReceiver@389] - Notification: my state:FOLLOWING; n.sid:0, n.state:LOOKING, n.leader:0, n.round:0x1, n.peerEpoch:0x0, n.zxid:0x0, message format version:0x2, n.config version:0x200000000
2020-06-22 14:08:44,311 [myid:0] - INFO  [QuorumConnectionThread-[myid=0]-4:QuorumCnxManager@513] - Have smaller server identifier, so dropping the connection: (myId:0 --> sid:1)
2020-06-22 14:08:44,311 [myid:1] - INFO  [ListenerHandler-localhost/127.0.0.1:11243:QuorumCnxManager$Listener$ListenerHandler@1070] - Received connection request from /127.0.0.1:60889
2020-06-22 14:08:44,313 [myid:3] - INFO  [WorkerReceiver[myid=3]:FastLeaderElection$Messenger$WorkerReceiver@389] - Notification: my state:FOLLOWING; n.sid:1, n.state:FOLLOWING, n.leader:4, n.round:0x1, n.peerEpoch:0x1, n.zxid:0x0, message format version:0x2, n.config version:0x200000000
2020-06-22 14:08:44,315 [myid:2] - INFO  [WorkerReceiver[myid=2]:FastLeaderElection$Messenger$WorkerReceiver@389] - Notification: my state:FOLLOWING; n.sid:1, n.state:FOLLOWING, n.leader:4, n.round:0x1, n.peerEpoch:0x1, n.zxid:0x0, message format version:0x2, n.config version:0x200000000
2020-06-22 14:08:44,315 [myid:3] - INFO  [WorkerReceiver[myid=3]:FastLeaderElection$Messenger$WorkerReceiver@389] - Notification: my state:FOLLOWING; n.sid:4, n.state:LOOKING, n.leader:4, n.round:0x1, n.peerEpoch:0x0, n.zxid:0x0, message format version:0x2, n.config version:0x200000000
2020-06-22 14:08:44,315 [myid:0] - INFO  [WorkerReceiver[myid=0]:FastLeaderElection$Messenger$WorkerReceiver@389] - Notification: my state:LOOKING; n.sid:3, n.state:FOLLOWING, n.leader:4, n.round:0x1, n.peerEpoch:0x1, n.zxid:0x0, message format version:0x2, n.config version:0x200000000
2020-06-22 14:08:44,316 [myid:1] - INFO  [WorkerReceiver[myid=1]:FastLeaderElection$Messenger$WorkerReceiver@389] - Notification: my state:FOLLOWING; n.sid:3, n.state:FOLLOWING, n.leader:4, n.round:0x1, n.peerEpoch:0x1, n.zxid:0x0, message format version:0x2, n.config version:0x200000000
2020-06-22 14:08:44,316 [myid:0] - INFO  [WorkerReceiver[myid=0]:FastLeaderElection$Messenger$WorkerReceiver@389] - Notification: my state:LOOKING; n.sid:2, n.state:FOLLOWING, n.leader:4, n.round:0x1, n.peerEpoch:0x1, n.zxid:0x0, message format version:0x2, n.config version:0x200000000
2020-06-22 14:08:44,316 [myid:3] - INFO  [WorkerReceiver[myid=3]:FastLeaderElection$Messenger$WorkerReceiver@389] - Notification: my state:FOLLOWING; n.sid:0, n.state:LOOKING, n.leader:4, n.round:0x1, n.peerEpoch:0x0, n.zxid:0x0, message format version:0x2, n.config version:0x200000000
2020-06-22 14:08:44,316 [myid:2] - INFO  [WorkerReceiver[myid=2]:FastLeaderElection$Messenger$WorkerReceiver@389] - Notification: my state:FOLLOWING; n.sid:0, n.state:LOOKING, n.leader:4, n.round:0x1, n.peerEpoch:0x0, n.zxid:0x0, message format version:0x2, n.config version:0x200000000
2020-06-22 14:08:44,316 [myid:3] - INFO  [WorkerReceiver[myid=3]:FastLeaderElection$Messenger$WorkerReceiver@389] - Notification: my state:FOLLOWING; n.sid:4, n.state:LEADING, n.leader:4, n.round:0x1, n.peerEpoch:0x1, n.zxid:0x0, message format version:0x2, n.config version:0x200000000
2020-06-22 14:08:44,316 [myid:0] - INFO  [WorkerReceiver[myid=0]:FastLeaderElection$Messenger$WorkerReceiver@389] - Notification: my state:LOOKING; n.sid:4, n.state:LOOKING, n.leader:4, n.round:0x1, n.peerEpoch:0x0, n.zxid:0x0, message format version:0x2, n.config version:0x200000000
2020-06-22 14:08:44,316 [myid:4] - INFO  [WorkerReceiver[myid=4]:FastLeaderElection$Messenger$WorkerReceiver@389] - Notification: my state:LEADING; n.sid:0, n.state:LOOKING, n.leader:0, n.round:0x1, n.peerEpoch:0x0, n.zxid:0x0, message format version:0x2, n.config version:0x200000000
2020-06-22 14:08:44,317 [myid:0] - INFO  [WorkerReceiver[myid=0]:FastLeaderElection$Messenger$WorkerReceiver@389] - Notification: my state:LOOKING; n.sid:3, n.state:FOLLOWING, n.leader:4, n.round:0x1, n.peerEpoch:0x1, n.zxid:0x0, message format version:0x2, n.config version:0x200000000
2020-06-22 14:08:44,317 [myid:4] - INFO  [WorkerReceiver[myid=4]:FastLeaderElection$Messenger$WorkerReceiver@389] - Notification: my state:LEADING; n.sid:0, n.state:LOOKING, n.leader:4, n.round:0x1, n.peerEpoch:0x0, n.zxid:0x0, message format version:0x2, n.config version:0x200000000
2020-06-22 14:08:44,317 [myid:0] - INFO  [WorkerReceiver[myid=0]:FastLeaderElection$Messenger$WorkerReceiver@389] - Notification: my state:LOOKING; n.sid:2, n.state:FOLLOWING, n.leader:4, n.round:0x1, n.peerEpoch:0x1, n.zxid:0x0, message format version:0x2, n.config version:0x200000000
2020-06-22 14:08:44,317 [myid:0] - INFO  [WorkerReceiver[myid=0]:FastLeaderElection$Messenger$WorkerReceiver@389] - Notification: my state:LOOKING; n.sid:4, n.state:LEADING, n.leader:4, n.round:0x1, n.peerEpoch:0x1, n.zxid:0x0, message format version:0x2, n.config version:0x200000000
2020-06-22 14:08:44,317 [myid:4] - INFO  [WorkerReceiver[myid=4]:FastLeaderElection$Messenger$WorkerReceiver@389] - Notification: my state:LEADING; n.sid:3, n.state:FOLLOWING, n.leader:4, n.round:0x1, n.peerEpoch:0x1, n.zxid:0x0, message format version:0x2, n.config version:0x200000000
2020-06-22 14:08:44,317 [myid:0] - INFO  [WorkerReceiver[myid=0]:FastLeaderElection$Messenger$WorkerReceiver@389] - Notification: my state:LOOKING; n.sid:4, n.state:LEADING, n.leader:4, n.round:0x1, n.peerEpoch:0x1, n.zxid:0x0, message format version:0x2, n.config version:0x200000000
2020-06-22 14:08:44,317 [myid:0] - INFO  [QuorumPeer[myid=0](plain=127.0.0.1:11238)(secure=disabled):QuorumPeer@857] - Peer state changed: following
2020-06-22 14:08:44,318 [myid:0] - INFO  [QuorumPeer[myid=0](plain=127.0.0.1:11238)(secure=disabled):QuorumPeer@1453] - FOLLOWING
2020-06-22 14:08:44,318 [myid:0] - INFO  [QuorumPeer[myid=0](plain=127.0.0.1:11238)(secure=disabled):ZooKeeperServer@1246] - minSessionTimeout set to 8000
2020-06-22 14:08:44,318 [myid:0] - INFO  [QuorumPeer[myid=0](plain=127.0.0.1:11238)(secure=disabled):ZooKeeperServer@1255] - maxSessionTimeout set to 80000
2020-06-22 14:08:44,318 [myid:0] - INFO  [QuorumPeer[myid=0](plain=127.0.0.1:11238)(secure=disabled):ResponseCache@45] - Response cache size is initialized with value 400.
2020-06-22 14:08:44,318 [myid:0] - INFO  [QuorumPeer[myid=0](plain=127.0.0.1:11238)(secure=disabled):ResponseCache@45] - Response cache size is initialized with value 400.
2020-06-22 14:08:44,318 [myid:0] - INFO  [QuorumPeer[myid=0](plain=127.0.0.1:11238)(secure=disabled):RequestPathMetricsCollector@111] - zookeeper.pathStats.slotCapacity = 60
2020-06-22 14:08:44,318 [myid:0] - INFO  [QuorumPeer[myid=0](plain=127.0.0.1:11238)(secure=disabled):RequestPathMetricsCollector@112] - zookeeper.pathStats.slotDuration = 15
2020-06-22 14:08:44,318 [myid:0] - INFO  [QuorumPeer[myid=0](plain=127.0.0.1:11238)(secure=disabled):RequestPathMetricsCollector@113] - zookeeper.pathStats.maxDepth = 6
2020-06-22 14:08:44,318 [myid:0] - INFO  [QuorumPeer[myid=0](plain=127.0.0.1:11238)(secure=disabled):RequestPathMetricsCollector@114] - zookeeper.pathStats.initialDelay = 5
2020-06-22 14:08:44,318 [myid:0] - INFO  [QuorumPeer[myid=0](plain=127.0.0.1:11238)(secure=disabled):RequestPathMetricsCollector@115] - zookeeper.pathStats.delay = 5
2020-06-22 14:08:44,318 [myid:0] - INFO  [QuorumPeer[myid=0](plain=127.0.0.1:11238)(secure=disabled):RequestPathMetricsCollector@116] - zookeeper.pathStats.enabled = false
2020-06-22 14:08:44,318 [myid:0] - INFO  [QuorumPeer[myid=0](plain=127.0.0.1:11238)(secure=disabled):ZooKeeperServer@1471] - The max bytes for all large requests are set to 104857600
2020-06-22 14:08:44,318 [myid:0] - INFO  [QuorumPeer[myid=0](plain=127.0.0.1:11238)(secure=disabled):ZooKeeperServer@1485] - The large request threshold is set to -1
2020-06-22 14:08:44,318 [myid:0] - INFO  [QuorumPeer[myid=0](plain=127.0.0.1:11238)(secure=disabled):ZooKeeperServer@329] - Created server with tickTime 4000 minSessionTimeout 8000 maxSessionTimeout 80000 clientPortListenBacklog -1 datadir D:\desktop\git_repo\zookeeper-read\zookeeper-server\target\surefire\test686534229601697589.junit.dir\data\version-2 snapdir D:\desktop\git_repo\zookeeper-read\zookeeper-server\target\surefire\test686534229601697589.junit.dir\data\version-2
2020-06-22 14:08:44,318 [myid:0] - INFO  [QuorumPeer[myid=0](plain=127.0.0.1:11238)(secure=disabled):Follower@75] - FOLLOWING - LEADER ELECTION TOOK - 352 MS
2020-06-22 14:08:44,319 [myid:0] - INFO  [QuorumPeer[myid=0](plain=127.0.0.1:11238)(secure=disabled):QuorumPeer@863] - Peer state changed: following - discovery
2020-06-22 14:08:44,320 [myid:0] - INFO  [ListenerHandler-localhost/127.0.0.1:11240:QuorumCnxManager$Listener$ListenerHandler@1070] - Received connection request from /127.0.0.1:60865
2020-06-22 14:08:44,320 [myid:0] - INFO  [LeaderConnector-localhost/127.0.0.1:11251:Learner$LeaderConnector@330] - Successfully connected to leader, using address: localhost/127.0.0.1:11251
2020-06-22 14:08:44,324 [myid:1] - INFO  [WorkerReceiver[myid=1]:FastLeaderElection$Messenger$WorkerReceiver@389] - Notification: my state:FOLLOWING; n.sid:0, n.state:LOOKING, n.leader:4, n.round:0x1, n.peerEpoch:0x0, n.zxid:0x0, message format version:0x2, n.config version:0x200000000
2020-06-22 14:08:44,324 [myid:0] - INFO  [WorkerReceiver[myid=0]:FastLeaderElection$Messenger$WorkerReceiver@389] - Notification: my state:FOLLOWING; n.sid:1, n.state:LOOKING, n.leader:4, n.round:0x1, n.peerEpoch:0x0, n.zxid:0x0, message format version:0x2, n.config version:0x200000000
2020-06-22 14:08:44,324 [myid:4] - INFO  [LearnerHandler-/127.0.0.1:60890:LearnerHandler@504] - Follower sid: 0 : info : localhost:11239:11240:participant;localhost:11238
2020-06-22 14:08:44,324 [myid:0] - INFO  [WorkerReceiver[myid=0]:FastLeaderElection$Messenger$WorkerReceiver@389] - Notification: my state:FOLLOWING; n.sid:1, n.state:FOLLOWING, n.leader:4, n.round:0x1, n.peerEpoch:0x1, n.zxid:0x0, message format version:0x2, n.config version:0x200000000
2020-06-22 14:08:44,324 [myid:1] - INFO  [WorkerReceiver[myid=1]:FastLeaderElection$Messenger$WorkerReceiver@389] - Notification: my state:FOLLOWING; n.sid:0, n.state:FOLLOWING, n.leader:4, n.round:0x1, n.peerEpoch:0x1, n.zxid:0x0, message format version:0x2, n.config version:0x200000000
2020-06-22 14:08:44,327 [myid:4] - INFO  [LearnerHandler-/127.0.0.1:60890:ZKDatabase@345] - On disk txn sync enabled with snapshotSizeFactor 0.33
2020-06-22 14:08:44,327 [myid:0] - INFO  [QuorumPeer[myid=0](plain=127.0.0.1:11238)(secure=disabled):QuorumPeer@863] - Peer state changed: following - synchronization
2020-06-22 14:08:44,327 [myid:4] - INFO  [LearnerHandler-/127.0.0.1:60890:LearnerHandler@800] - Synchronizing with Learner sid: 0 maxCommittedLog=0x0 minCommittedLog=0x0 lastProcessedZxid=0x100000000 peerLastZxid=0x0
2020-06-22 14:08:44,328 [myid:4] - INFO  [LearnerHandler-/127.0.0.1:60890:LearnerHandler@565] - Sending snapshot last zxid of peer is 0x0, zxid of leader is 0x100000000, send zxid of db as 0x100000000, 1 concurrent snapshot sync, snapshot sync was exempt from throttle
2020-06-22 14:08:44,328 [myid:0] - INFO  [QuorumPeer[myid=0](plain=127.0.0.1:11238)(secure=disabled):QuorumPeer@868] - Peer state changed: following - synchronization - snap
2020-06-22 14:08:44,328 [myid:0] - INFO  [QuorumPeer[myid=0](plain=127.0.0.1:11238)(secure=disabled):Learner@516] - Getting a snapshot from leader 0x100000000
2020-06-22 14:08:44,328 [myid:0] - INFO  [QuorumPeer[myid=0](plain=127.0.0.1:11238)(secure=disabled):WatchManagerFactory@42] - Using org.apache.zookeeper.server.watch.WatchManager as watch manager
2020-06-22 14:08:44,328 [myid:0] - INFO  [QuorumPeer[myid=0](plain=127.0.0.1:11238)(secure=disabled):WatchManagerFactory@42] - Using org.apache.zookeeper.server.watch.WatchManager as watch manager
2020-06-22 14:08:44,329 [myid:0] - INFO  [QuorumPeer[myid=0](plain=127.0.0.1:11238)(secure=disabled):Learner@677] - Learner received NEWLEADER message
2020-06-22 14:08:44,330 [myid:0] - INFO  [QuorumPeer[myid=0](plain=127.0.0.1:11238)(secure=disabled):FileTxnSnapLog@470] - Snapshotting: 0x100000000 to D:\desktop\git_repo\zookeeper-read\zookeeper-server\target\surefire\test686534229601697589.junit.dir\data\version-2\snapshot.100000000
2020-06-22 14:08:44,331 [myid:0] - INFO  [QuorumPeer[myid=0](plain=127.0.0.1:11238)(secure=disabled):ZooKeeperServer@519] - Snapshot taken in 2 ms
2020-06-22 14:08:44,334 [myid:0] - INFO  [QuorumPeer[myid=0](plain=127.0.0.1:11238)(secure=disabled):Learner@661] - Learner received UPTODATE message
2020-06-22 14:08:44,335 [myid:0] - INFO  [QuorumPeer[myid=0](plain=127.0.0.1:11238)(secure=disabled):QuorumPeer@868] - Peer state changed: following - synchronization
2020-06-22 14:08:44,335 [myid:0] - INFO  [QuorumPeer[myid=0](plain=127.0.0.1:11238)(secure=disabled):CommitProcessor@476] - Configuring CommitProcessor with readBatchSize -1 commitBatchSize 1
2020-06-22 14:08:44,335 [myid:0] - INFO  [QuorumPeer[myid=0](plain=127.0.0.1:11238)(secure=disabled):CommitProcessor@438] - Configuring CommitProcessor with 8 worker threads.
2020-06-22 14:08:44,336 [myid:0] - INFO  [QuorumPeer[myid=0](plain=127.0.0.1:11238)(secure=disabled):QuorumPeer@863] - Peer state changed: following - broadcast
2020-06-22 14:08:44,421 [myid:127.0.0.1:11231] - INFO  [main-SendThread(127.0.0.1:11231):ClientCnxn$SendThread@1154] - Opening socket connection to server activate.navicat.com/127.0.0.1:11231.
2020-06-22 14:08:44,421 [myid:127.0.0.1:11231] - INFO  [main-SendThread(127.0.0.1:11231):ClientCnxn$SendThread@1156] - SASL config status: Will not attempt to authenticate using SASL (unknown error)
2020-06-22 14:08:44,422 [myid:127.0.0.1:11231] - INFO  [main-SendThread(127.0.0.1:11231):ClientCnxn$SendThread@986] - Socket connection established, initiating session, client: /127.0.0.1:60891, server: activate.navicat.com/127.0.0.1:11231
2020-06-22 14:08:44,422 [myid:3] - WARN  [NIOWorkerThread-12:NIOServerCnxn@373] - Close of session 0x0
java.io.IOException: ZooKeeperServer not running
	at org.apache.zookeeper.server.NIOServerCnxn.readLength(NIOServerCnxn.java:544)
	at org.apache.zookeeper.server.NIOServerCnxn.doIO(NIOServerCnxn.java:332)
	at org.apache.zookeeper.server.NIOServerCnxnFactory$IOWorkRequest.doWork(NIOServerCnxnFactory.java:522)
	at org.apache.zookeeper.server.WorkerService$ScheduledWorkRequest.run(WorkerService.java:154)
	at java.util.concurrent.ThreadPoolExecutor.runWorker(ThreadPoolExecutor.java:1149)
	at java.util.concurrent.ThreadPoolExecutor$Worker.run(ThreadPoolExecutor.java:624)
	at java.lang.Thread.run(Thread.java:748)
2020-06-22 14:08:44,423 [myid:127.0.0.1:11231] - WARN  [main-SendThread(127.0.0.1:11231):ClientCnxn$SendThread@1272] - Session 0x30015eb2eb10000 for sever activate.navicat.com/127.0.0.1:11231, Closing socket connection. Attempting reconnect except it is a SessionExpiredException.
EndOfStreamException: Unable to read additional data from server sessionid 0x30015eb2eb10000, likely server has closed socket
	at org.apache.zookeeper.ClientCnxnSocketNIO.doIO(ClientCnxnSocketNIO.java:75)
	at org.apache.zookeeper.ClientCnxnSocketNIO.doTransport(ClientCnxnSocketNIO.java:348)
	at org.apache.zookeeper.ClientCnxn$SendThread.run(ClientCnxn.java:1262)
2020-06-22 14:08:44,542 [myid:] - INFO  [main:FourLetterWordMain@93] - connecting to 127.0.0.1 11238
2020-06-22 14:08:44,543 [myid:0] - INFO  [NIOWorkerThread-4:NIOServerCnxn@507] - Processing stat command from /127.0.0.1:60893
2020-06-22 14:08:44,543 [myid:0] - INFO  [NIOWorkerThread-4:StatCommand@52] - Stat command output
2020-06-22 14:08:44,544 [myid:] - INFO  [main:ZooKeeper@1005] - Initiating client connection, connectString=127.0.0.1:11238 sessionTimeout=30000 watcher=org.apache.zookeeper.test.ClientBase$CountdownWatcher@42f93a98
2020-06-22 14:08:44,545 [myid:] - INFO  [main:ClientCnxnSocket@239] - jute.maxbuffer value is 1048575 Bytes
2020-06-22 14:08:44,545 [myid:] - INFO  [main:ClientCnxn@1703] - zookeeper.request.timeout value is 0. feature enabled=false
2020-06-22 14:08:44,547 [myid:127.0.0.1:11238] - INFO  [main-SendThread(127.0.0.1:11238):ClientCnxn$SendThread@1154] - Opening socket connection to server activate.navicat.com/127.0.0.1:11238.
2020-06-22 14:08:44,547 [myid:127.0.0.1:11238] - INFO  [main-SendThread(127.0.0.1:11238):ClientCnxn$SendThread@1156] - SASL config status: Will not attempt to authenticate using SASL (unknown error)
2020-06-22 14:08:44,547 [myid:127.0.0.1:11238] - INFO  [main-SendThread(127.0.0.1:11238):ClientCnxn$SendThread@986] - Socket connection established, initiating session, client: /127.0.0.1:60896, server: activate.navicat.com/127.0.0.1:11238
2020-06-22 14:08:44,551 [myid:3] - WARN  [QuorumPeer[myid=3](plain=127.0.0.1:11247)(secure=disabled):Follower@170] - Got zxid 0x100000001 expected 0x1
2020-06-22 14:08:44,551 [myid:2] - WARN  [QuorumPeer[myid=2](plain=127.0.0.1:11244)(secure=disabled):Follower@170] - Got zxid 0x100000001 expected 0x1
2020-06-22 14:08:44,551 [myid:0] - WARN  [QuorumPeer[myid=0](plain=127.0.0.1:11238)(secure=disabled):Follower@170] - Got zxid 0x100000001 expected 0x1
2020-06-22 14:08:44,552 [myid:4] - INFO  [SyncThread:4:FileTxnLog@284] - Creating new log file: log.100000001
2020-06-22 14:08:44,551 [myid:1] - WARN  [QuorumPeer[myid=1](plain=127.0.0.1:11241)(secure=disabled):Follower@170] - Got zxid 0x100000001 expected 0x1
2020-06-22 14:08:44,553 [myid:0] - INFO  [SyncThread:0:FileTxnLog@284] - Creating new log file: log.100000001
2020-06-22 14:08:44,552 [myid:2] - INFO  [SyncThread:2:FileTxnLog@284] - Creating new log file: log.100000001
2020-06-22 14:08:44,552 [myid:3] - INFO  [SyncThread:3:FileTxnLog@284] - Creating new log file: log.100000001
2020-06-22 14:08:44,553 [myid:1] - INFO  [SyncThread:1:FileTxnLog@284] - Creating new log file: log.100000001
2020-06-22 14:08:44,557 [myid:3] - INFO  [CommitProcessor:3:LearnerSessionTracker@116] - Committing global session 0x15eb5eb40000
2020-06-22 14:08:44,557 [myid:4] - INFO  [CommitProcessor:4:LeaderSessionTracker@104] - Committing global session 0x15eb5eb40000
2020-06-22 14:08:44,557 [myid:1] - INFO  [CommitProcessor:1:LearnerSessionTracker@116] - Committing global session 0x15eb5eb40000
2020-06-22 14:08:44,557 [myid:2] - INFO  [CommitProcessor:2:LearnerSessionTracker@116] - Committing global session 0x15eb5eb40000
2020-06-22 14:08:44,557 [myid:0] - INFO  [CommitProcessor:0:LearnerSessionTracker@116] - Committing global session 0x15eb5eb40000
2020-06-22 14:08:44,560 [myid:127.0.0.1:11238] - INFO  [main-SendThread(127.0.0.1:11238):ClientCnxn$SendThread@1420] - Session establishment complete on server activate.navicat.com/127.0.0.1:11238, session id = 0x15eb5eb40000, negotiated timeout = 30000
2020-06-22 14:08:44,575 [myid:0] - INFO  [RequestThrottler:QuorumZooKeeperServer@158] - Submitting global closeSession request for session 0x15eb5eb40000
2020-06-22 14:08:44,680 [myid:] - INFO  [main:ZooKeeper@1618] - Session: 0x15eb5eb40000 closed
2020-06-22 14:08:44,680 [myid:] - INFO  [main-EventThread:ClientCnxn$EventThread@566] - EventThread shut down for session: 0x15eb5eb40000
2020-06-22 14:08:44,680 [myid:] - INFO  [main:FourLetterWordMain@93] - connecting to 127.0.0.1 11241
2020-06-22 14:08:44,683 [myid:1] - INFO  [NIOWorkerThread-1:NIOServerCnxn@507] - Processing stat command from /127.0.0.1:60897
2020-06-22 14:08:44,683 [myid:1] - INFO  [NIOWorkerThread-1:StatCommand@52] - Stat command output
2020-06-22 14:08:44,685 [myid:] - INFO  [main:ZooKeeper@1005] - Initiating client connection, connectString=127.0.0.1:11241 sessionTimeout=30000 watcher=org.apache.zookeeper.test.ClientBase$CountdownWatcher@3234e239
2020-06-22 14:08:44,686 [myid:] - INFO  [main:ClientCnxnSocket@239] - jute.maxbuffer value is 1048575 Bytes
2020-06-22 14:08:44,686 [myid:] - INFO  [main:ClientCnxn@1703] - zookeeper.request.timeout value is 0. feature enabled=false
2020-06-22 14:08:44,690 [myid:127.0.0.1:11241] - INFO  [main-SendThread(127.0.0.1:11241):ClientCnxn$SendThread@1154] - Opening socket connection to server activate.navicat.com/127.0.0.1:11241.
2020-06-22 14:08:44,691 [myid:127.0.0.1:11241] - INFO  [main-SendThread(127.0.0.1:11241):ClientCnxn$SendThread@1156] - SASL config status: Will not attempt to authenticate using SASL (unknown error)
2020-06-22 14:08:44,691 [myid:127.0.0.1:11241] - INFO  [main-SendThread(127.0.0.1:11241):ClientCnxn$SendThread@986] - Socket connection established, initiating session, client: /127.0.0.1:60901, server: activate.navicat.com/127.0.0.1:11241
2020-06-22 14:08:44,694 [myid:4] - INFO  [CommitProcessor:4:LeaderSessionTracker@104] - Committing global session 0x10015eb5d940000
2020-06-22 14:08:44,694 [myid:2] - INFO  [CommitProcessor:2:LearnerSessionTracker@116] - Committing global session 0x10015eb5d940000
2020-06-22 14:08:44,695 [myid:0] - INFO  [CommitProcessor:0:LearnerSessionTracker@116] - Committing global session 0x10015eb5d940000
2020-06-22 14:08:44,694 [myid:3] - INFO  [CommitProcessor:3:LearnerSessionTracker@116] - Committing global session 0x10015eb5d940000
2020-06-22 14:08:44,694 [myid:1] - INFO  [CommitProcessor:1:LearnerSessionTracker@116] - Committing global session 0x10015eb5d940000
2020-06-22 14:08:44,697 [myid:127.0.0.1:11241] - INFO  [main-SendThread(127.0.0.1:11241):ClientCnxn$SendThread@1420] - Session establishment complete on server activate.navicat.com/127.0.0.1:11241, session id = 0x10015eb5d940000, negotiated timeout = 30000
2020-06-22 14:08:44,710 [myid:1] - INFO  [RequestThrottler:QuorumZooKeeperServer@158] - Submitting global closeSession request for session 0x10015eb5d940000
2020-06-22 14:08:44,813 [myid:] - INFO  [main:ZooKeeper@1618] - Session: 0x10015eb5d940000 closed
2020-06-22 14:08:44,813 [myid:] - INFO  [main-EventThread:ClientCnxn$EventThread@566] - EventThread shut down for session: 0x10015eb5d940000
2020-06-22 14:08:44,813 [myid:] - INFO  [main:FourLetterWordMain@93] - connecting to 127.0.0.1 11244
2020-06-22 14:08:44,815 [myid:2] - INFO  [NIOWorkerThread-1:NIOServerCnxn@507] - Processing stat command from /127.0.0.1:60902
2020-06-22 14:08:44,815 [myid:2] - INFO  [NIOWorkerThread-1:StatCommand@52] - Stat command output
2020-06-22 14:08:44,816 [myid:] - INFO  [main:ZooKeeper@1005] - Initiating client connection, connectString=127.0.0.1:11244 sessionTimeout=30000 watcher=org.apache.zookeeper.test.ClientBase$CountdownWatcher@36b4cef0
2020-06-22 14:08:44,817 [myid:] - INFO  [main:ClientCnxnSocket@239] - jute.maxbuffer value is 1048575 Bytes
2020-06-22 14:08:44,818 [myid:] - INFO  [main:ClientCnxn@1703] - zookeeper.request.timeout value is 0. feature enabled=false
2020-06-22 14:08:44,819 [myid:127.0.0.1:11244] - INFO  [main-SendThread(127.0.0.1:11244):ClientCnxn$SendThread@1154] - Opening socket connection to server activate.navicat.com/127.0.0.1:11244.
2020-06-22 14:08:44,819 [myid:127.0.0.1:11244] - INFO  [main-SendThread(127.0.0.1:11244):ClientCnxn$SendThread@1156] - SASL config status: Will not attempt to authenticate using SASL (unknown error)
2020-06-22 14:08:44,819 [myid:127.0.0.1:11244] - INFO  [main-SendThread(127.0.0.1:11244):ClientCnxn$SendThread@986] - Socket connection established, initiating session, client: /127.0.0.1:60905, server: activate.navicat.com/127.0.0.1:11244
2020-06-22 14:08:44,822 [myid:4] - INFO  [CommitProcessor:4:LeaderSessionTracker@104] - Committing global session 0x20015eb5d930000
2020-06-22 14:08:44,822 [myid:0] - INFO  [CommitProcessor:0:LearnerSessionTracker@116] - Committing global session 0x20015eb5d930000
2020-06-22 14:08:44,822 [myid:2] - INFO  [CommitProcessor:2:LearnerSessionTracker@116] - Committing global session 0x20015eb5d930000
2020-06-22 14:08:44,822 [myid:1] - INFO  [CommitProcessor:1:LearnerSessionTracker@116] - Committing global session 0x20015eb5d930000
2020-06-22 14:08:44,822 [myid:3] - INFO  [CommitProcessor:3:LearnerSessionTracker@116] - Committing global session 0x20015eb5d930000
2020-06-22 14:08:44,823 [myid:127.0.0.1:11244] - INFO  [main-SendThread(127.0.0.1:11244):ClientCnxn$SendThread@1420] - Session establishment complete on server activate.navicat.com/127.0.0.1:11244, session id = 0x20015eb5d930000, negotiated timeout = 30000
2020-06-22 14:08:44,831 [myid:2] - INFO  [RequestThrottler:QuorumZooKeeperServer@158] - Submitting global closeSession request for session 0x20015eb5d930000
2020-06-22 14:08:44,934 [myid:] - INFO  [main:ZooKeeper@1618] - Session: 0x20015eb5d930000 closed
2020-06-22 14:08:44,934 [myid:] - INFO  [main-EventThread:ClientCnxn$EventThread@566] - EventThread shut down for session: 0x20015eb5d930000
2020-06-22 14:08:44,934 [myid:] - INFO  [main:FourLetterWordMain@93] - connecting to 127.0.0.1 11247
2020-06-22 14:08:44,936 [myid:3] - INFO  [NIOWorkerThread-1:NIOServerCnxn@507] - Processing stat command from /127.0.0.1:60909
2020-06-22 14:08:44,936 [myid:3] - INFO  [NIOWorkerThread-1:StatCommand@52] - Stat command output
2020-06-22 14:08:44,937 [myid:] - INFO  [main:ZooKeeper@1005] - Initiating client connection, connectString=127.0.0.1:11247 sessionTimeout=30000 watcher=org.apache.zookeeper.test.ClientBase$CountdownWatcher@1a1d6a08
2020-06-22 14:08:44,937 [myid:] - INFO  [main:ClientCnxnSocket@239] - jute.maxbuffer value is 1048575 Bytes
2020-06-22 14:08:44,938 [myid:] - INFO  [main:ClientCnxn@1703] - zookeeper.request.timeout value is 0. feature enabled=false
2020-06-22 14:08:44,939 [myid:127.0.0.1:11247] - INFO  [main-SendThread(127.0.0.1:11247):ClientCnxn$SendThread@1154] - Opening socket connection to server activate.navicat.com/127.0.0.1:11247.
2020-06-22 14:08:44,939 [myid:127.0.0.1:11247] - INFO  [main-SendThread(127.0.0.1:11247):ClientCnxn$SendThread@1156] - SASL config status: Will not attempt to authenticate using SASL (unknown error)
2020-06-22 14:08:44,939 [myid:127.0.0.1:11247] - INFO  [main-SendThread(127.0.0.1:11247):ClientCnxn$SendThread@986] - Socket connection established, initiating session, client: /127.0.0.1:60913, server: activate.navicat.com/127.0.0.1:11247
2020-06-22 14:08:44,942 [myid:4] - INFO  [CommitProcessor:4:LeaderSessionTracker@104] - Committing global session 0x30015eb5d930000
2020-06-22 14:08:44,942 [myid:3] - INFO  [CommitProcessor:3:LearnerSessionTracker@116] - Committing global session 0x30015eb5d930000
2020-06-22 14:08:44,942 [myid:2] - INFO  [CommitProcessor:2:LearnerSessionTracker@116] - Committing global session 0x30015eb5d930000
2020-06-22 14:08:44,942 [myid:0] - INFO  [CommitProcessor:0:LearnerSessionTracker@116] - Committing global session 0x30015eb5d930000
2020-06-22 14:08:44,942 [myid:1] - INFO  [CommitProcessor:1:LearnerSessionTracker@116] - Committing global session 0x30015eb5d930000
2020-06-22 14:08:44,943 [myid:127.0.0.1:11247] - INFO  [main-SendThread(127.0.0.1:11247):ClientCnxn$SendThread@1420] - Session establishment complete on server activate.navicat.com/127.0.0.1:11247, session id = 0x30015eb5d930000, negotiated timeout = 30000
2020-06-22 14:08:44,954 [myid:3] - INFO  [RequestThrottler:QuorumZooKeeperServer@158] - Submitting global closeSession request for session 0x30015eb5d930000
2020-06-22 14:08:45,058 [myid:] - INFO  [main:ZooKeeper@1618] - Session: 0x30015eb5d930000 closed
2020-06-22 14:08:45,058 [myid:] - INFO  [main-EventThread:ClientCnxn$EventThread@566] - EventThread shut down for session: 0x30015eb5d930000
2020-06-22 14:08:45,058 [myid:] - INFO  [main:FourLetterWordMain@93] - connecting to 127.0.0.1 11250
2020-06-22 14:08:45,060 [myid:4] - INFO  [NIOWorkerThread-1:NIOServerCnxn@507] - Processing stat command from /127.0.0.1:60915
2020-06-22 14:08:45,060 [myid:4] - INFO  [NIOWorkerThread-1:StatCommand@52] - Stat command output
2020-06-22 14:08:45,062 [myid:] - INFO  [main:ZooKeeper@1005] - Initiating client connection, connectString=127.0.0.1:11250 sessionTimeout=30000 watcher=org.apache.zookeeper.test.ClientBase$CountdownWatcher@27808f31
2020-06-22 14:08:45,063 [myid:] - INFO  [main:ClientCnxnSocket@239] - jute.maxbuffer value is 1048575 Bytes
2020-06-22 14:08:45,063 [myid:] - INFO  [main:ClientCnxn@1703] - zookeeper.request.timeout value is 0. feature enabled=false
2020-06-22 14:08:45,064 [myid:127.0.0.1:11250] - INFO  [main-SendThread(127.0.0.1:11250):ClientCnxn$SendThread@1154] - Opening socket connection to server activate.navicat.com/127.0.0.1:11250.
2020-06-22 14:08:45,064 [myid:127.0.0.1:11250] - INFO  [main-SendThread(127.0.0.1:11250):ClientCnxn$SendThread@1156] - SASL config status: Will not attempt to authenticate using SASL (unknown error)
2020-06-22 14:08:45,066 [myid:127.0.0.1:11250] - INFO  [main-SendThread(127.0.0.1:11250):ClientCnxn$SendThread@986] - Socket connection established, initiating session, client: /127.0.0.1:60918, server: activate.navicat.com/127.0.0.1:11250
2020-06-22 14:08:45,068 [myid:4] - INFO  [CommitProcessor:4:LeaderSessionTracker@104] - Committing global session 0x40015eb5d980000
2020-06-22 14:08:45,068 [myid:0] - INFO  [CommitProcessor:0:LearnerSessionTracker@116] - Committing global session 0x40015eb5d980000
2020-06-22 14:08:45,068 [myid:3] - INFO  [CommitProcessor:3:LearnerSessionTracker@116] - Committing global session 0x40015eb5d980000
2020-06-22 14:08:45,068 [myid:1] - INFO  [CommitProcessor:1:LearnerSessionTracker@116] - Committing global session 0x40015eb5d980000
2020-06-22 14:08:45,068 [myid:2] - INFO  [CommitProcessor:2:LearnerSessionTracker@116] - Committing global session 0x40015eb5d980000
2020-06-22 14:08:45,069 [myid:127.0.0.1:11250] - INFO  [main-SendThread(127.0.0.1:11250):ClientCnxn$SendThread@1420] - Session establishment complete on server activate.navicat.com/127.0.0.1:11250, session id = 0x40015eb5d980000, negotiated timeout = 30000
2020-06-22 14:08:45,079 [myid:4] - INFO  [RequestThrottler:QuorumZooKeeperServer@158] - Submitting global closeSession request for session 0x40015eb5d980000
2020-06-22 14:08:45,181 [myid:] - INFO  [main:ZooKeeper@1618] - Session: 0x40015eb5d980000 closed
2020-06-22 14:08:45,181 [myid:] - INFO  [main-EventThread:ClientCnxn$EventThread@566] - EventThread shut down for session: 0x40015eb5d980000
2020-06-22 14:08:45,183 [myid:] - WARN  [main:JUnit4ZKTestRunner$LoggedInvokeMethod@105] - TEST METHOD FAILED testVersionOfDynamicFilename
java.lang.AssertionError
	at org.apache.zookeeper.server.quorum.ReconfigBackupTest.testVersionOfDynamicFilename(ReconfigBackupTest.java:332)
	at org.apache.zookeeper.JUnit4ZKTestRunner$LoggedInvokeMethod.evaluate(JUnit4ZKTestRunner.java:86)
2020-06-22 14:08:45,183 [myid:] - INFO  [main:QuorumPeerTestBase@64] - No servers to shutdown!
2020-06-22 14:08:45,184 [myid:] - ERROR [main:ZKTestCase$1@101] - FAILED testVersionOfDynamicFilename
java.lang.AssertionError
	at org.apache.zookeeper.server.quorum.ReconfigBackupTest.testVersionOfDynamicFilename(ReconfigBackupTest.java:332)
	at org.apache.zookeeper.JUnit4ZKTestRunner$LoggedInvokeMethod.evaluate(JUnit4ZKTestRunner.java:86)
2020-06-22 14:08:45,184 [myid:] - INFO  [main:ZKTestCase$1@91] - FINISHED testVersionOfDynamicFilename
]]></system-out>
  </testcase>
  <testcase name="testBackupStatic" classname="org.apache.zookeeper.server.quorum.ReconfigBackupTest" time="1.093"/>
</testsuite>