<?xml version="1.0" encoding="UTF-8"?>
<testsuite xmlns:xsi="http://www.w3.org/2001/XMLSchema-instance" xsi:noNamespaceSchemaLocation="https://maven.apache.org/surefire/maven-surefire-plugin/xsd/surefire-test-report.xsd" name="org.apache.zookeeper.server.NettyServerCnxnTest" time="133.235" tests="8" errors="2" skipped="0" failures="0">
  <properties>
    <property name="sun.desktop" value="windows"/>
    <property name="build.test.dir" value="D:\desktop\git_repo\zookeeper-read\zookeeper-server\target/surefire"/>
    <property name="awt.toolkit" value="sun.awt.windows.WToolkit"/>
    <property name="file.encoding.pkg" value="sun.io"/>
    <property name="java.specification.version" value="1.8"/>
    <property name="sun.cpu.isalist" value="amd64"/>
    <property name="sun.jnu.encoding" value="GBK"/>
    <property name="java.class.path" value="D:\desktop\git_repo\zookeeper-read\zookeeper-server\target\test-classes;D:\desktop\git_repo\zookeeper-read\zookeeper-server\target\classes;C:\Users\admin\.m2\repository\com\github\spotbugs\spotbugs-annotations\4.0.2\spotbugs-annotations-4.0.2.jar;C:\Users\admin\.m2\repository\com\google\code\findbugs\jsr305\3.0.2\jsr305-3.0.2.jar;C:\Users\admin\.m2\repository\org\hamcrest\hamcrest-all\1.3\hamcrest-all-1.3.jar;C:\Users\admin\.m2\repository\commons-collections\commons-collections\3.2.2\commons-collections-3.2.2.jar;C:\Users\admin\.m2\repository\commons-lang\commons-lang\2.6\commons-lang-2.6.jar;D:\desktop\git_repo\zookeeper-read\zookeeper-jute\target\zookeeper-jute-3.6.1.jar;C:\Users\admin\.m2\repository\commons-cli\commons-cli\1.2\commons-cli-1.2.jar;C:\Users\admin\.m2\repository\org\apache\yetus\audience-annotations\0.5.0\audience-annotations-0.5.0.jar;C:\Users\admin\.m2\repository\io\netty\netty-handler\4.1.48.Final\netty-handler-4.1.48.Final.jar;C:\Users\admin\.m2\repository\io\netty\netty-common\4.1.48.Final\netty-common-4.1.48.Final.jar;C:\Users\admin\.m2\repository\io\netty\netty-resolver\4.1.48.Final\netty-resolver-4.1.48.Final.jar;C:\Users\admin\.m2\repository\io\netty\netty-buffer\4.1.48.Final\netty-buffer-4.1.48.Final.jar;C:\Users\admin\.m2\repository\io\netty\netty-transport\4.1.48.Final\netty-transport-4.1.48.Final.jar;C:\Users\admin\.m2\repository\io\netty\netty-codec\4.1.48.Final\netty-codec-4.1.48.Final.jar;C:\Users\admin\.m2\repository\io\netty\netty-transport-native-epoll\4.1.48.Final\netty-transport-native-epoll-4.1.48.Final.jar;C:\Users\admin\.m2\repository\io\netty\netty-transport-native-unix-common\4.1.48.Final\netty-transport-native-unix-common-4.1.48.Final.jar;C:\Users\admin\.m2\repository\org\slf4j\slf4j-api\1.7.25\slf4j-api-1.7.25.jar;C:\Users\admin\.m2\repository\org\slf4j\slf4j-log4j12\1.7.25\slf4j-log4j12-1.7.25.jar;C:\Users\admin\.m2\repository\org\eclipse\jetty\jetty-server\9.4.24.v20191120\jetty-server-9.4.24.v20191120.jar;C:\Users\admin\.m2\repository\javax\servlet\javax.servlet-api\3.1.0\javax.servlet-api-3.1.0.jar;C:\Users\admin\.m2\repository\org\eclipse\jetty\jetty-http\9.4.24.v20191120\jetty-http-9.4.24.v20191120.jar;C:\Users\admin\.m2\repository\org\eclipse\jetty\jetty-util\9.4.24.v20191120\jetty-util-9.4.24.v20191120.jar;C:\Users\admin\.m2\repository\org\eclipse\jetty\jetty-io\9.4.24.v20191120\jetty-io-9.4.24.v20191120.jar;C:\Users\admin\.m2\repository\org\eclipse\jetty\jetty-servlet\9.4.24.v20191120\jetty-servlet-9.4.24.v20191120.jar;C:\Users\admin\.m2\repository\org\eclipse\jetty\jetty-security\9.4.24.v20191120\jetty-security-9.4.24.v20191120.jar;C:\Users\admin\.m2\repository\com\fasterxml\jackson\core\jackson-databind\2.10.3\jackson-databind-2.10.3.jar;C:\Users\admin\.m2\repository\com\fasterxml\jackson\core\jackson-annotations\2.10.3\jackson-annotations-2.10.3.jar;C:\Users\admin\.m2\repository\com\fasterxml\jackson\core\jackson-core\2.10.3\jackson-core-2.10.3.jar;C:\Users\admin\.m2\repository\com\googlecode\json-simple\json-simple\1.1.1\json-simple-1.1.1.jar;C:\Users\admin\.m2\repository\org\bouncycastle\bcprov-jdk15on\1.60\bcprov-jdk15on-1.60.jar;C:\Users\admin\.m2\repository\org\bouncycastle\bcpkix-jdk15on\1.60\bcpkix-jdk15on-1.60.jar;C:\Users\admin\.m2\repository\jline\jline\2.11\jline-2.11.jar;C:\Users\admin\.m2\repository\io\dropwizard\metrics\metrics-core\3.2.5\metrics-core-3.2.5.jar;C:\Users\admin\.m2\repository\log4j\log4j\1.2.17\log4j-1.2.17.jar;C:\Users\admin\.m2\repository\org\apache\kerby\kerb-core\2.0.0\kerb-core-2.0.0.jar;C:\Users\admin\.m2\repository\org\apache\kerby\kerby-pkix\2.0.0\kerby-pkix-2.0.0.jar;C:\Users\admin\.m2\repository\org\apache\kerby\kerby-asn1\2.0.0\kerby-asn1-2.0.0.jar;C:\Users\admin\.m2\repository\org\apache\kerby\kerby-util\2.0.0\kerby-util-2.0.0.jar;C:\Users\admin\.m2\repository\org\apache\kerby\kerb-simplekdc\2.0.0\kerb-simplekdc-2.0.0.jar;C:\Users\admin\.m2\repository\org\apache\kerby\kerb-client\2.0.0\kerb-client-2.0.0.jar;C:\Users\admin\.m2\repository\org\apache\kerby\kerb-common\2.0.0\kerb-common-2.0.0.jar;C:\Users\admin\.m2\repository\org\apache\kerby\kerb-crypto\2.0.0\kerb-crypto-2.0.0.jar;C:\Users\admin\.m2\repository\commons-io\commons-io\2.6\commons-io-2.6.jar;C:\Users\admin\.m2\repository\org\apache\kerby\kerb-util\2.0.0\kerb-util-2.0.0.jar;C:\Users\admin\.m2\repository\org\apache\kerby\token-provider\2.0.0\token-provider-2.0.0.jar;C:\Users\admin\.m2\repository\com\nimbusds\nimbus-jose-jwt\4.41.2\nimbus-jose-jwt-4.41.2.jar;C:\Users\admin\.m2\repository\com\github\stephenc\jcip\jcip-annotations\1.0-1\jcip-annotations-1.0-1.jar;C:\Users\admin\.m2\repository\net\minidev\json-smart\2.3\json-smart-2.3.jar;C:\Users\admin\.m2\repository\net\minidev\accessors-smart\1.2\accessors-smart-1.2.jar;C:\Users\admin\.m2\repository\org\ow2\asm\asm\5.0.4\asm-5.0.4.jar;C:\Users\admin\.m2\repository\org\apache\kerby\kerb-admin\2.0.0\kerb-admin-2.0.0.jar;C:\Users\admin\.m2\repository\org\apache\kerby\kerb-server\2.0.0\kerb-server-2.0.0.jar;C:\Users\admin\.m2\repository\org\apache\kerby\kerb-identity\2.0.0\kerb-identity-2.0.0.jar;C:\Users\admin\.m2\repository\org\apache\kerby\kerby-xdr\2.0.0\kerby-xdr-2.0.0.jar;C:\Users\admin\.m2\repository\org\apache\kerby\kerby-config\2.0.0\kerby-config-2.0.0.jar;C:\Users\admin\.m2\repository\org\mockito\mockito-core\2.27.0\mockito-core-2.27.0.jar;C:\Users\admin\.m2\repository\net\bytebuddy\byte-buddy\1.9.10\byte-buddy-1.9.10.jar;C:\Users\admin\.m2\repository\net\bytebuddy\byte-buddy-agent\1.9.10\byte-buddy-agent-1.9.10.jar;C:\Users\admin\.m2\repository\org\objenesis\objenesis\2.6\objenesis-2.6.jar;C:\Users\admin\.m2\repository\org\jmockit\jmockit\1.48\jmockit-1.48.jar;C:\Users\admin\.m2\repository\junit\junit\4.12\junit-4.12.jar;C:\Users\admin\.m2\repository\org\hamcrest\hamcrest-core\1.3\hamcrest-core-1.3.jar;C:\Users\admin\.m2\repository\org\xerial\snappy\snappy-java\1.1.7\snappy-java-1.1.7.jar;"/>
    <property name="java.vm.vendor" value="Oracle Corporation"/>
    <property name="sun.arch.data.model" value="64"/>
    <property name="user.variant" value=""/>
    <property name="java.vendor.url" value="http://java.oracle.com/"/>
    <property name="user.timezone" value="Asia/Shanghai"/>
    <property name="java.vm.specification.version" value="1.8"/>
    <property name="os.name" value="Windows 10"/>
    <property name="user.country" value="CN"/>
    <property name="sun.java.launcher" value="SUN_STANDARD"/>
    <property name="sun.boot.library.path" value="D:\Program Files\RedHat\java-1.8.0-openjdk-1.8.0.252-2\jre\bin"/>
    <property name="sun.java.command" value="C:\Users\admin\AppData\Local\Temp\surefire817669169469973491\surefirebooter4316548634992532245.jar C:\Users\admin\AppData\Local\Temp\surefire817669169469973491 2020-06-22T14-04-30_671-jvmRun8 surefire971964455560255173tmp surefire_553420171697109435854tmp"/>
    <property name="surefire.test.class.path" value="D:\desktop\git_repo\zookeeper-read\zookeeper-server\target\test-classes;D:\desktop\git_repo\zookeeper-read\zookeeper-server\target\classes;C:\Users\admin\.m2\repository\com\github\spotbugs\spotbugs-annotations\4.0.2\spotbugs-annotations-4.0.2.jar;C:\Users\admin\.m2\repository\com\google\code\findbugs\jsr305\3.0.2\jsr305-3.0.2.jar;C:\Users\admin\.m2\repository\org\hamcrest\hamcrest-all\1.3\hamcrest-all-1.3.jar;C:\Users\admin\.m2\repository\commons-collections\commons-collections\3.2.2\commons-collections-3.2.2.jar;C:\Users\admin\.m2\repository\commons-lang\commons-lang\2.6\commons-lang-2.6.jar;D:\desktop\git_repo\zookeeper-read\zookeeper-jute\target\zookeeper-jute-3.6.1.jar;C:\Users\admin\.m2\repository\commons-cli\commons-cli\1.2\commons-cli-1.2.jar;C:\Users\admin\.m2\repository\org\apache\yetus\audience-annotations\0.5.0\audience-annotations-0.5.0.jar;C:\Users\admin\.m2\repository\io\netty\netty-handler\4.1.48.Final\netty-handler-4.1.48.Final.jar;C:\Users\admin\.m2\repository\io\netty\netty-common\4.1.48.Final\netty-common-4.1.48.Final.jar;C:\Users\admin\.m2\repository\io\netty\netty-resolver\4.1.48.Final\netty-resolver-4.1.48.Final.jar;C:\Users\admin\.m2\repository\io\netty\netty-buffer\4.1.48.Final\netty-buffer-4.1.48.Final.jar;C:\Users\admin\.m2\repository\io\netty\netty-transport\4.1.48.Final\netty-transport-4.1.48.Final.jar;C:\Users\admin\.m2\repository\io\netty\netty-codec\4.1.48.Final\netty-codec-4.1.48.Final.jar;C:\Users\admin\.m2\repository\io\netty\netty-transport-native-epoll\4.1.48.Final\netty-transport-native-epoll-4.1.48.Final.jar;C:\Users\admin\.m2\repository\io\netty\netty-transport-native-unix-common\4.1.48.Final\netty-transport-native-unix-common-4.1.48.Final.jar;C:\Users\admin\.m2\repository\org\slf4j\slf4j-api\1.7.25\slf4j-api-1.7.25.jar;C:\Users\admin\.m2\repository\org\slf4j\slf4j-log4j12\1.7.25\slf4j-log4j12-1.7.25.jar;C:\Users\admin\.m2\repository\org\eclipse\jetty\jetty-server\9.4.24.v20191120\jetty-server-9.4.24.v20191120.jar;C:\Users\admin\.m2\repository\javax\servlet\javax.servlet-api\3.1.0\javax.servlet-api-3.1.0.jar;C:\Users\admin\.m2\repository\org\eclipse\jetty\jetty-http\9.4.24.v20191120\jetty-http-9.4.24.v20191120.jar;C:\Users\admin\.m2\repository\org\eclipse\jetty\jetty-util\9.4.24.v20191120\jetty-util-9.4.24.v20191120.jar;C:\Users\admin\.m2\repository\org\eclipse\jetty\jetty-io\9.4.24.v20191120\jetty-io-9.4.24.v20191120.jar;C:\Users\admin\.m2\repository\org\eclipse\jetty\jetty-servlet\9.4.24.v20191120\jetty-servlet-9.4.24.v20191120.jar;C:\Users\admin\.m2\repository\org\eclipse\jetty\jetty-security\9.4.24.v20191120\jetty-security-9.4.24.v20191120.jar;C:\Users\admin\.m2\repository\com\fasterxml\jackson\core\jackson-databind\2.10.3\jackson-databind-2.10.3.jar;C:\Users\admin\.m2\repository\com\fasterxml\jackson\core\jackson-annotations\2.10.3\jackson-annotations-2.10.3.jar;C:\Users\admin\.m2\repository\com\fasterxml\jackson\core\jackson-core\2.10.3\jackson-core-2.10.3.jar;C:\Users\admin\.m2\repository\com\googlecode\json-simple\json-simple\1.1.1\json-simple-1.1.1.jar;C:\Users\admin\.m2\repository\org\bouncycastle\bcprov-jdk15on\1.60\bcprov-jdk15on-1.60.jar;C:\Users\admin\.m2\repository\org\bouncycastle\bcpkix-jdk15on\1.60\bcpkix-jdk15on-1.60.jar;C:\Users\admin\.m2\repository\jline\jline\2.11\jline-2.11.jar;C:\Users\admin\.m2\repository\io\dropwizard\metrics\metrics-core\3.2.5\metrics-core-3.2.5.jar;C:\Users\admin\.m2\repository\log4j\log4j\1.2.17\log4j-1.2.17.jar;C:\Users\admin\.m2\repository\org\apache\kerby\kerb-core\2.0.0\kerb-core-2.0.0.jar;C:\Users\admin\.m2\repository\org\apache\kerby\kerby-pkix\2.0.0\kerby-pkix-2.0.0.jar;C:\Users\admin\.m2\repository\org\apache\kerby\kerby-asn1\2.0.0\kerby-asn1-2.0.0.jar;C:\Users\admin\.m2\repository\org\apache\kerby\kerby-util\2.0.0\kerby-util-2.0.0.jar;C:\Users\admin\.m2\repository\org\apache\kerby\kerb-simplekdc\2.0.0\kerb-simplekdc-2.0.0.jar;C:\Users\admin\.m2\repository\org\apache\kerby\kerb-client\2.0.0\kerb-client-2.0.0.jar;C:\Users\admin\.m2\repository\org\apache\kerby\kerb-common\2.0.0\kerb-common-2.0.0.jar;C:\Users\admin\.m2\repository\org\apache\kerby\kerb-crypto\2.0.0\kerb-crypto-2.0.0.jar;C:\Users\admin\.m2\repository\commons-io\commons-io\2.6\commons-io-2.6.jar;C:\Users\admin\.m2\repository\org\apache\kerby\kerb-util\2.0.0\kerb-util-2.0.0.jar;C:\Users\admin\.m2\repository\org\apache\kerby\token-provider\2.0.0\token-provider-2.0.0.jar;C:\Users\admin\.m2\repository\com\nimbusds\nimbus-jose-jwt\4.41.2\nimbus-jose-jwt-4.41.2.jar;C:\Users\admin\.m2\repository\com\github\stephenc\jcip\jcip-annotations\1.0-1\jcip-annotations-1.0-1.jar;C:\Users\admin\.m2\repository\net\minidev\json-smart\2.3\json-smart-2.3.jar;C:\Users\admin\.m2\repository\net\minidev\accessors-smart\1.2\accessors-smart-1.2.jar;C:\Users\admin\.m2\repository\org\ow2\asm\asm\5.0.4\asm-5.0.4.jar;C:\Users\admin\.m2\repository\org\apache\kerby\kerb-admin\2.0.0\kerb-admin-2.0.0.jar;C:\Users\admin\.m2\repository\org\apache\kerby\kerb-server\2.0.0\kerb-server-2.0.0.jar;C:\Users\admin\.m2\repository\org\apache\kerby\kerb-identity\2.0.0\kerb-identity-2.0.0.jar;C:\Users\admin\.m2\repository\org\apache\kerby\kerby-xdr\2.0.0\kerby-xdr-2.0.0.jar;C:\Users\admin\.m2\repository\org\apache\kerby\kerby-config\2.0.0\kerby-config-2.0.0.jar;C:\Users\admin\.m2\repository\org\mockito\mockito-core\2.27.0\mockito-core-2.27.0.jar;C:\Users\admin\.m2\repository\net\bytebuddy\byte-buddy\1.9.10\byte-buddy-1.9.10.jar;C:\Users\admin\.m2\repository\net\bytebuddy\byte-buddy-agent\1.9.10\byte-buddy-agent-1.9.10.jar;C:\Users\admin\.m2\repository\org\objenesis\objenesis\2.6\objenesis-2.6.jar;C:\Users\admin\.m2\repository\org\jmockit\jmockit\1.48\jmockit-1.48.jar;C:\Users\admin\.m2\repository\junit\junit\4.12\junit-4.12.jar;C:\Users\admin\.m2\repository\org\hamcrest\hamcrest-core\1.3\hamcrest-core-1.3.jar;C:\Users\admin\.m2\repository\org\xerial\snappy\snappy-java\1.1.7\snappy-java-1.1.7.jar;"/>
    <property name="sun.cpu.endian" value="little"/>
    <property name="user.home" value="C:\Users\admin"/>
    <property name="user.language" value="zh"/>
    <property name="java.specification.vendor" value="Oracle Corporation"/>
    <property name="java.home" value="D:\Program Files\RedHat\java-1.8.0-openjdk-1.8.0.252-2\jre"/>
    <property name="zookeeper.DigestAuthenticationProvider.superDigest" value="super:D/InIHSb7yEEbrWz8b9l71RjZJU="/>
    <property name="basedir" value="D:\desktop\git_repo\zookeeper-read\zookeeper-server"/>
    <property name="file.separator" value="\"/>
    <property name="line.separator" value="&#10;"/>
    <property name="java.vm.specification.vendor" value="Oracle Corporation"/>
    <property name="java.specification.name" value="Java Platform API Specification"/>
    <property name="java.awt.graphicsenv" value="sun.awt.Win32GraphicsEnvironment"/>
    <property name="test.junit.threads" value="8"/>
    <property name="idea.version2020.1.1" value="true"/>
    <property name="surefire.real.class.path" value="C:\Users\admin\AppData\Local\Temp\surefire817669169469973491\surefirebooter4316548634992532245.jar;C:\Users\admin\.m2\repository\org\jmockit\jmockit\1.48\jmockit-1.48.jar"/>
    <property name="zookeeper.junit.threadid" value="8"/>
    <property name="sun.boot.class.path" value="D:\Program Files\RedHat\java-1.8.0-openjdk-1.8.0.252-2\jre\lib\resources.jar;D:\Program Files\RedHat\java-1.8.0-openjdk-1.8.0.252-2\jre\lib\rt.jar;D:\Program Files\RedHat\java-1.8.0-openjdk-1.8.0.252-2\jre\lib\sunrsasign.jar;D:\Program Files\RedHat\java-1.8.0-openjdk-1.8.0.252-2\jre\lib\jsse.jar;D:\Program Files\RedHat\java-1.8.0-openjdk-1.8.0.252-2\jre\lib\jce.jar;D:\Program Files\RedHat\java-1.8.0-openjdk-1.8.0.252-2\jre\lib\charsets.jar;D:\Program Files\RedHat\java-1.8.0-openjdk-1.8.0.252-2\jre\lib\jfr.jar;D:\Program Files\RedHat\java-1.8.0-openjdk-1.8.0.252-2\jre\classes"/>
    <property name="user.script" value=""/>
    <property name="sun.management.compiler" value="HotSpot 64-Bit Tiered Compilers"/>
    <property name="java.runtime.version" value="1.8.0_252-b09"/>
    <property name="user.name" value="admin"/>
    <property name="path.separator" value=";"/>
    <property name="os.version" value="10.0"/>
    <property name="java.endorsed.dirs" value="D:\Program Files\RedHat\java-1.8.0-openjdk-1.8.0.252-2\jre\lib\endorsed"/>
    <property name="java.runtime.name" value="OpenJDK Runtime Environment"/>
    <property name="file.encoding" value="GBK"/>
    <property name="java.vm.name" value="OpenJDK 64-Bit Server VM"/>
    <property name="localRepository" value="C:\Users\admin\.m2\repository"/>
    <property name="java.vendor.url.bug" value="http://bugreport.sun.com/bugreport/"/>
    <property name="java.io.tmpdir" value="C:\Users\admin\AppData\Local\Temp\"/>
    <property name="java.version" value="1.8.0_252"/>
    <property name="user.dir" value="D:\desktop\git_repo\zookeeper-read\zookeeper-server"/>
    <property name="os.arch" value="amd64"/>
    <property name="java.vm.specification.name" value="Java Virtual Machine Specification"/>
    <property name="java.awt.printerjob" value="sun.awt.windows.WPrinterJob"/>
    <property name="sun.os.patch.level" value=""/>
    <property name="java.library.path" value="D:\Program Files\RedHat\java-1.8.0-openjdk-1.8.0.252-2\jre\bin;C:\Windows\Sun\Java\bin;C:\Windows\system32;C:\Windows;D:\Program Files (x86)\NetSarang\Xshell 6\;C:\Windows\system32;C:\Windows;C:\Windows\System32\Wbem;C:\Windows\System32\WindowsPowerShell\v1.0\;C:\Windows\System32\OpenSSH\;C:\Program Files (x86)\NVIDIA Corporation\PhysX\Common;C:\Program Files\NVIDIA Corporation\NVIDIA NvDLISR;D:\Program Files\RedHat\java-1.8.0-openjdk-1.8.0.252-2\bin;D:\Program Files\RedHat\java-1.8.0-openjdk-1.8.0.252-2\jre\bin;D:\Program Files\Git\cmd;D:\Go\bin;D:\Program Files\nodejs\;C:\Users\admin\AppData\Local\Microsoft\WindowsApps;;D:\Programs\Microsoft VS Code\bin;C:\Users\admin\go\bin;C:\Users\admin\AppData\Roaming\npm;."/>
    <property name="java.vm.info" value="mixed mode"/>
    <property name="java.vendor" value="Oracle Corporation"/>
    <property name="java.vm.version" value="25.252-b09"/>
    <property name="java.ext.dirs" value="D:\Program Files\RedHat\java-1.8.0-openjdk-1.8.0.252-2\jre\lib\ext;C:\Windows\Sun\Java\lib\ext"/>
    <property name="sun.io.unicode.encoding" value="UnicodeLittle"/>
    <property name="java.class.version" value="52.0"/>
  </properties>
  <testcase name="testEnableDisableThrottling_secure_random" classname="org.apache.zookeeper.server.NettyServerCnxnTest" time="33.099">
    <error message="Unable to connect to server" type="java.net.ProtocolException">java.net.ProtocolException: Unable to connect to server
	at org.apache.zookeeper.server.NettyServerCnxnTest.runEnableDisableThrottling(NettyServerCnxnTest.java:233)
	at org.apache.zookeeper.server.NettyServerCnxnTest.testEnableDisableThrottling_secure_random(NettyServerCnxnTest.java:202)
</error>
    <system-out><![CDATA[2020-06-22 14:06:06,900 [myid:] - INFO  [main:JUnit4ZKTestRunner@51] - No test.method specified. using default methods.
2020-06-22 14:06:06,904 [myid:] - INFO  [main:JUnit4ZKTestRunner@51] - No test.method specified. using default methods.
2020-06-22 14:06:06,967 [myid:] - INFO  [main:PortAssignment@154] - Test process 8/8 using ports from 30072 - 32764.
2020-06-22 14:06:06,973 [myid:] - INFO  [main:PortAssignment@87] - Assigned port 30073 from range 30072 - 32764.
2020-06-22 14:06:06,976 [myid:] - INFO  [main:ZKTestCase$1@86] - STARTING testEnableDisableThrottling_secure_random
2020-06-22 14:06:07,318 [myid:] - INFO  [main:JMXEnv@58] - connecting to addr service:jmx:rmi://127.0.0.1/stub/rO0ABXNyAC5qYXZheC5tYW5hZ2VtZW50LnJlbW90ZS5ybWkuUk1JU2VydmVySW1wbF9TdHViAAAAAAAAAAICAAB4cgAaamF2YS5ybWkuc2VydmVyLlJlbW90ZVN0dWLp/tzJi+FlGgIAAHhyABxqYXZhLnJtaS5zZXJ2ZXIuUmVtb3RlT2JqZWN002G0kQxhMx4DAAB4cHc4AAtVbmljYXN0UmVmMgAADTEwLjEwLjEyMi4xNjAAANRab3YkUsKSoHAM8A+fAAABctqiRQ2AAQB4
2020-06-22 14:06:07,350 [myid:] - INFO  [main:ClientBase@514] - STARTING server
2020-06-22 14:06:07,351 [myid:] - INFO  [main:ClientBase@423] - CREATING server instance 127.0.0.1:30073
2020-06-22 14:06:07,376 [myid:] - INFO  [main:X509Util@77] - Setting -D jdk.tls.rejectClientInitiatedRenegotiation=true to disable client-initiated TLS renegotiation
2020-06-22 14:06:07,377 [myid:] - INFO  [main:NettyServerCnxnFactory@483] - zookeeper.client.portUnification=false
2020-06-22 14:06:07,377 [myid:] - INFO  [main:NettyServerCnxnFactory@495] - zookeeper.netty.advancedFlowControl.enabled = false
2020-06-22 14:06:07,377 [myid:] - INFO  [main:NettyServerCnxnFactory@105] - handshakeThrottlingEnabled = false, zookeeper.netty.server.outstandingHandshake.limit = -1
2020-06-22 14:06:07,541 [myid:] - INFO  [main:ServerCnxnFactory@169] - Using org.apache.zookeeper.server.NettyServerCnxnFactory as server connection factory
2020-06-22 14:06:07,543 [myid:] - WARN  [main:ServerCnxnFactory@309] - maxCnxns is not configured, using default value 0.
2020-06-22 14:06:07,543 [myid:] - INFO  [main:ClientBase@395] - STARTING server instance 127.0.0.1:30073
2020-06-22 14:06:07,550 [myid:] - INFO  [main:ZookeeperBanner@42] - 
2020-06-22 14:06:07,550 [myid:] - INFO  [main:ZookeeperBanner@42] -   ______                  _                                          
2020-06-22 14:06:07,550 [myid:] - INFO  [main:ZookeeperBanner@42] -  |___  /                 | |                                         
2020-06-22 14:06:07,551 [myid:] - INFO  [main:ZookeeperBanner@42] -     / /    ___     ___   | | __   ___    ___   _ __     ___   _ __   
2020-06-22 14:06:07,551 [myid:] - INFO  [main:ZookeeperBanner@42] -    / /    / _ \   / _ \  | |/ /  / _ \  / _ \ | '_ \   / _ \ | '__|
2020-06-22 14:06:07,551 [myid:] - INFO  [main:ZookeeperBanner@42] -   / /__  | (_) | | (_) | |   <  |  __/ |  __/ | |_) | |  __/ | |    
2020-06-22 14:06:07,551 [myid:] - INFO  [main:ZookeeperBanner@42] -  /_____|  \___/   \___/  |_|\_\  \___|  \___| | .__/   \___| |_|
2020-06-22 14:06:07,551 [myid:] - INFO  [main:ZookeeperBanner@42] -                                               | |                     
2020-06-22 14:06:07,551 [myid:] - INFO  [main:ZookeeperBanner@42] -                                               |_|                     
2020-06-22 14:06:07,551 [myid:] - INFO  [main:ZookeeperBanner@42] - 
2020-06-22 14:06:07,553 [myid:] - INFO  [main:Environment@98] - Server environment:zookeeper.version=3.6.1--9de128fcd2cb3170e738547b0603a1ba7049df48, built on 06/22/2020 06:04 GMT
2020-06-22 14:06:07,553 [myid:] - INFO  [main:Environment@98] - Server environment:host.name=LAPTOP-D7DF36F6
2020-06-22 14:06:07,553 [myid:] - INFO  [main:Environment@98] - Server environment:java.version=1.8.0_252
2020-06-22 14:06:07,554 [myid:] - INFO  [main:Environment@98] - Server environment:java.vendor=Oracle Corporation
2020-06-22 14:06:07,554 [myid:] - INFO  [main:Environment@98] - Server environment:java.home=D:\Program Files\RedHat\java-1.8.0-openjdk-1.8.0.252-2\jre
2020-06-22 14:06:07,554 [myid:] - INFO  [main:Environment@98] - Server environment:java.class.path=D:\desktop\git_repo\zookeeper-read\zookeeper-server\target\test-classes;D:\desktop\git_repo\zookeeper-read\zookeeper-server\target\classes;C:\Users\admin\.m2\repository\com\github\spotbugs\spotbugs-annotations\4.0.2\spotbugs-annotations-4.0.2.jar;C:\Users\admin\.m2\repository\com\google\code\findbugs\jsr305\3.0.2\jsr305-3.0.2.jar;C:\Users\admin\.m2\repository\org\hamcrest\hamcrest-all\1.3\hamcrest-all-1.3.jar;C:\Users\admin\.m2\repository\commons-collections\commons-collections\3.2.2\commons-collections-3.2.2.jar;C:\Users\admin\.m2\repository\commons-lang\commons-lang\2.6\commons-lang-2.6.jar;D:\desktop\git_repo\zookeeper-read\zookeeper-jute\target\zookeeper-jute-3.6.1.jar;C:\Users\admin\.m2\repository\commons-cli\commons-cli\1.2\commons-cli-1.2.jar;C:\Users\admin\.m2\repository\org\apache\yetus\audience-annotations\0.5.0\audience-annotations-0.5.0.jar;C:\Users\admin\.m2\repository\io\netty\netty-handler\4.1.48.Final\netty-handler-4.1.48.Final.jar;C:\Users\admin\.m2\repository\io\netty\netty-common\4.1.48.Final\netty-common-4.1.48.Final.jar;C:\Users\admin\.m2\repository\io\netty\netty-resolver\4.1.48.Final\netty-resolver-4.1.48.Final.jar;C:\Users\admin\.m2\repository\io\netty\netty-buffer\4.1.48.Final\netty-buffer-4.1.48.Final.jar;C:\Users\admin\.m2\repository\io\netty\netty-transport\4.1.48.Final\netty-transport-4.1.48.Final.jar;C:\Users\admin\.m2\repository\io\netty\netty-codec\4.1.48.Final\netty-codec-4.1.48.Final.jar;C:\Users\admin\.m2\repository\io\netty\netty-transport-native-epoll\4.1.48.Final\netty-transport-native-epoll-4.1.48.Final.jar;C:\Users\admin\.m2\repository\io\netty\netty-transport-native-unix-common\4.1.48.Final\netty-transport-native-unix-common-4.1.48.Final.jar;C:\Users\admin\.m2\repository\org\slf4j\slf4j-api\1.7.25\slf4j-api-1.7.25.jar;C:\Users\admin\.m2\repository\org\slf4j\slf4j-log4j12\1.7.25\slf4j-log4j12-1.7.25.jar;C:\Users\admin\.m2\repository\org\eclipse\jetty\jetty-server\9.4.24.v20191120\jetty-server-9.4.24.v20191120.jar;C:\Users\admin\.m2\repository\javax\servlet\javax.servlet-api\3.1.0\javax.servlet-api-3.1.0.jar;C:\Users\admin\.m2\repository\org\eclipse\jetty\jetty-http\9.4.24.v20191120\jetty-http-9.4.24.v20191120.jar;C:\Users\admin\.m2\repository\org\eclipse\jetty\jetty-util\9.4.24.v20191120\jetty-util-9.4.24.v20191120.jar;C:\Users\admin\.m2\repository\org\eclipse\jetty\jetty-io\9.4.24.v20191120\jetty-io-9.4.24.v20191120.jar;C:\Users\admin\.m2\repository\org\eclipse\jetty\jetty-servlet\9.4.24.v20191120\jetty-servlet-9.4.24.v20191120.jar;C:\Users\admin\.m2\repository\org\eclipse\jetty\jetty-security\9.4.24.v20191120\jetty-security-9.4.24.v20191120.jar;C:\Users\admin\.m2\repository\com\fasterxml\jackson\core\jackson-databind\2.10.3\jackson-databind-2.10.3.jar;C:\Users\admin\.m2\repository\com\fasterxml\jackson\core\jackson-annotations\2.10.3\jackson-annotations-2.10.3.jar;C:\Users\admin\.m2\repository\com\fasterxml\jackson\core\jackson-core\2.10.3\jackson-core-2.10.3.jar;C:\Users\admin\.m2\repository\com\googlecode\json-simple\json-simple\1.1.1\json-simple-1.1.1.jar;C:\Users\admin\.m2\repository\org\bouncycastle\bcprov-jdk15on\1.60\bcprov-jdk15on-1.60.jar;C:\Users\admin\.m2\repository\org\bouncycastle\bcpkix-jdk15on\1.60\bcpkix-jdk15on-1.60.jar;C:\Users\admin\.m2\repository\jline\jline\2.11\jline-2.11.jar;C:\Users\admin\.m2\repository\io\dropwizard\metrics\metrics-core\3.2.5\metrics-core-3.2.5.jar;C:\Users\admin\.m2\repository\log4j\log4j\1.2.17\log4j-1.2.17.jar;C:\Users\admin\.m2\repository\org\apache\kerby\kerb-core\2.0.0\kerb-core-2.0.0.jar;C:\Users\admin\.m2\repository\org\apache\kerby\kerby-pkix\2.0.0\kerby-pkix-2.0.0.jar;C:\Users\admin\.m2\repository\org\apache\kerby\kerby-asn1\2.0.0\kerby-asn1-2.0.0.jar;C:\Users\admin\.m2\repository\org\apache\kerby\kerby-util\2.0.0\kerby-util-2.0.0.jar;C:\Users\admin\.m2\repository\org\apache\kerby\kerb-simplekdc\2.0.0\kerb-simplekdc-2.0.0.jar;C:\Users\admin\.m2\repository\org\apache\kerby\kerb-client\2.0.0\kerb-client-2.0.0.jar;C:\Users\admin\.m2\repository\org\apache\kerby\kerb-common\2.0.0\kerb-common-2.0.0.jar;C:\Users\admin\.m2\repository\org\apache\kerby\kerb-crypto\2.0.0\kerb-crypto-2.0.0.jar;C:\Users\admin\.m2\repository\commons-io\commons-io\2.6\commons-io-2.6.jar;C:\Users\admin\.m2\repository\org\apache\kerby\kerb-util\2.0.0\kerb-util-2.0.0.jar;C:\Users\admin\.m2\repository\org\apache\kerby\token-provider\2.0.0\token-provider-2.0.0.jar;C:\Users\admin\.m2\repository\com\nimbusds\nimbus-jose-jwt\4.41.2\nimbus-jose-jwt-4.41.2.jar;C:\Users\admin\.m2\repository\com\github\stephenc\jcip\jcip-annotations\1.0-1\jcip-annotations-1.0-1.jar;C:\Users\admin\.m2\repository\net\minidev\json-smart\2.3\json-smart-2.3.jar;C:\Users\admin\.m2\repository\net\minidev\accessors-smart\1.2\accessors-smart-1.2.jar;C:\Users\admin\.m2\repository\org\ow2\asm\asm\5.0.4\asm-5.0.4.jar;C:\Users\admin\.m2\repository\org\apache\kerby\kerb-admin\2.0.0\kerb-admin-2.0.0.jar;C:\Users\admin\.m2\repository\org\apache\kerby\kerb-server\2.0.0\kerb-server-2.0.0.jar;C:\Users\admin\.m2\repository\org\apache\kerby\kerb-identity\2.0.0\kerb-identity-2.0.0.jar;C:\Users\admin\.m2\repository\org\apache\kerby\kerby-xdr\2.0.0\kerby-xdr-2.0.0.jar;C:\Users\admin\.m2\repository\org\apache\kerby\kerby-config\2.0.0\kerby-config-2.0.0.jar;C:\Users\admin\.m2\repository\org\mockito\mockito-core\2.27.0\mockito-core-2.27.0.jar;C:\Users\admin\.m2\repository\net\bytebuddy\byte-buddy\1.9.10\byte-buddy-1.9.10.jar;C:\Users\admin\.m2\repository\net\bytebuddy\byte-buddy-agent\1.9.10\byte-buddy-agent-1.9.10.jar;C:\Users\admin\.m2\repository\org\objenesis\objenesis\2.6\objenesis-2.6.jar;C:\Users\admin\.m2\repository\org\jmockit\jmockit\1.48\jmockit-1.48.jar;C:\Users\admin\.m2\repository\junit\junit\4.12\junit-4.12.jar;C:\Users\admin\.m2\repository\org\hamcrest\hamcrest-core\1.3\hamcrest-core-1.3.jar;C:\Users\admin\.m2\repository\org\xerial\snappy\snappy-java\1.1.7\snappy-java-1.1.7.jar;
2020-06-22 14:06:07,554 [myid:] - INFO  [main:Environment@98] - Server environment:java.library.path=D:\Program Files\RedHat\java-1.8.0-openjdk-1.8.0.252-2\jre\bin;C:\Windows\Sun\Java\bin;C:\Windows\system32;C:\Windows;D:\Program Files (x86)\NetSarang\Xshell 6\;C:\Windows\system32;C:\Windows;C:\Windows\System32\Wbem;C:\Windows\System32\WindowsPowerShell\v1.0\;C:\Windows\System32\OpenSSH\;C:\Program Files (x86)\NVIDIA Corporation\PhysX\Common;C:\Program Files\NVIDIA Corporation\NVIDIA NvDLISR;D:\Program Files\RedHat\java-1.8.0-openjdk-1.8.0.252-2\bin;D:\Program Files\RedHat\java-1.8.0-openjdk-1.8.0.252-2\jre\bin;D:\Program Files\Git\cmd;D:\Go\bin;D:\Program Files\nodejs\;C:\Users\admin\AppData\Local\Microsoft\WindowsApps;;D:\Programs\Microsoft VS Code\bin;C:\Users\admin\go\bin;C:\Users\admin\AppData\Roaming\npm;.
2020-06-22 14:06:07,554 [myid:] - INFO  [main:Environment@98] - Server environment:java.io.tmpdir=C:\Users\admin\AppData\Local\Temp\
2020-06-22 14:06:07,555 [myid:] - INFO  [main:Environment@98] - Server environment:java.compiler=<NA>
2020-06-22 14:06:07,555 [myid:] - INFO  [main:Environment@98] - Server environment:os.name=Windows 10
2020-06-22 14:06:07,555 [myid:] - INFO  [main:Environment@98] - Server environment:os.arch=amd64
2020-06-22 14:06:07,555 [myid:] - INFO  [main:Environment@98] - Server environment:os.version=10.0
2020-06-22 14:06:07,555 [myid:] - INFO  [main:Environment@98] - Server environment:user.name=admin
2020-06-22 14:06:07,555 [myid:] - INFO  [main:Environment@98] - Server environment:user.home=C:\Users\admin
2020-06-22 14:06:07,555 [myid:] - INFO  [main:Environment@98] - Server environment:user.dir=D:\desktop\git_repo\zookeeper-read\zookeeper-server
2020-06-22 14:06:07,555 [myid:] - INFO  [main:Environment@98] - Server environment:os.memory.free=106MB
2020-06-22 14:06:07,555 [myid:] - INFO  [main:Environment@98] - Server environment:os.memory.max=455MB
2020-06-22 14:06:07,555 [myid:] - INFO  [main:Environment@98] - Server environment:os.memory.total=121MB
2020-06-22 14:06:07,556 [myid:] - INFO  [main:ZooKeeperServer@128] - zookeeper.enableEagerACLCheck = false
2020-06-22 14:06:07,556 [myid:] - INFO  [main:ZooKeeperServer@136] - zookeeper.digest.enabled = true
2020-06-22 14:06:07,556 [myid:] - INFO  [main:ZooKeeperServer@140] - zookeeper.closeSessionTxn.enabled = true
2020-06-22 14:06:07,556 [myid:] - INFO  [main:ZooKeeperServer@1434] - zookeeper.flushDelay=0
2020-06-22 14:06:07,556 [myid:] - INFO  [main:ZooKeeperServer@1443] - zookeeper.maxWriteQueuePollTime=0
2020-06-22 14:06:07,556 [myid:] - INFO  [main:ZooKeeperServer@1452] - zookeeper.maxBatchSize=1000
2020-06-22 14:06:07,556 [myid:] - INFO  [main:ZooKeeperServer@241] - zookeeper.intBufferStartingSizeBytes = 1024
2020-06-22 14:06:07,558 [myid:] - INFO  [main:FileTxnSnapLog@124] - zookeeper.snapshot.trust.empty : false
2020-06-22 14:06:07,571 [myid:] - INFO  [main:WatchManagerFactory@42] - Using org.apache.zookeeper.server.watch.WatchManager as watch manager
2020-06-22 14:06:07,571 [myid:] - INFO  [main:WatchManagerFactory@42] - Using org.apache.zookeeper.server.watch.WatchManager as watch manager
2020-06-22 14:06:07,571 [myid:] - INFO  [main:ZKDatabase@132] - zookeeper.snapshotSizeFactor = 0.33
2020-06-22 14:06:07,571 [myid:] - INFO  [main:ZKDatabase@152] - zookeeper.commitLogCount=500
2020-06-22 14:06:07,572 [myid:] - INFO  [main:BlueThrottle@141] - Weighed connection throttling is disabled
2020-06-22 14:06:07,574 [myid:] - INFO  [main:ZooKeeperServer@1246] - minSessionTimeout set to 6000
2020-06-22 14:06:07,574 [myid:] - INFO  [main:ZooKeeperServer@1255] - maxSessionTimeout set to 60000
2020-06-22 14:06:07,575 [myid:] - INFO  [main:ResponseCache@45] - Response cache size is initialized with value 400.
2020-06-22 14:06:07,575 [myid:] - INFO  [main:ResponseCache@45] - Response cache size is initialized with value 400.
2020-06-22 14:06:07,576 [myid:] - INFO  [main:RequestPathMetricsCollector@111] - zookeeper.pathStats.slotCapacity = 60
2020-06-22 14:06:07,576 [myid:] - INFO  [main:RequestPathMetricsCollector@112] - zookeeper.pathStats.slotDuration = 15
2020-06-22 14:06:07,576 [myid:] - INFO  [main:RequestPathMetricsCollector@113] - zookeeper.pathStats.maxDepth = 6
2020-06-22 14:06:07,576 [myid:] - INFO  [main:RequestPathMetricsCollector@114] - zookeeper.pathStats.initialDelay = 5
2020-06-22 14:06:07,576 [myid:] - INFO  [main:RequestPathMetricsCollector@115] - zookeeper.pathStats.delay = 5
2020-06-22 14:06:07,577 [myid:] - INFO  [main:RequestPathMetricsCollector@116] - zookeeper.pathStats.enabled = false
2020-06-22 14:06:07,578 [myid:] - INFO  [main:ZooKeeperServer@1471] - The max bytes for all large requests are set to 104857600
2020-06-22 14:06:07,578 [myid:] - INFO  [main:ZooKeeperServer@1485] - The large request threshold is set to -1
2020-06-22 14:06:07,578 [myid:] - INFO  [main:ZooKeeperServer@329] - Created server with tickTime 3000 minSessionTimeout 6000 maxSessionTimeout 60000 clientPortListenBacklog -1 datadir D:\desktop\git_repo\zookeeper-read\zookeeper-server\target\surefire\test7140394784473020206.junit.dir\version-2 snapdir D:\desktop\git_repo\zookeeper-read\zookeeper-server\target\surefire\test7140394784473020206.junit.dir\version-2
2020-06-22 14:06:07,578 [myid:] - INFO  [main:NettyServerCnxnFactory@670] - binding to port 0.0.0.0/0.0.0.0:30073
2020-06-22 14:06:07,859 [myid:] - INFO  [main:NettyServerCnxnFactory@675] - bound to port 30073
2020-06-22 14:06:07,871 [myid:] - INFO  [main:FileTxnSnapLog@251] - Initialize file found, an empty database will not block voting participation
2020-06-22 14:06:07,877 [myid:] - INFO  [main:SnapStream@61] - zookeeper.snapshot.compression.method = CHECKED
2020-06-22 14:06:07,877 [myid:] - INFO  [main:FileTxnSnapLog@470] - Snapshotting: 0x0 to D:\desktop\git_repo\zookeeper-read\zookeeper-server\target\surefire\test7140394784473020206.junit.dir\version-2\snapshot.0
2020-06-22 14:06:07,881 [myid:] - INFO  [main:ZKDatabase@289] - Snapshot loaded in 22 ms, highest zxid is 0x0, digest is 1371985504
2020-06-22 14:06:07,881 [myid:] - INFO  [main:FileTxnSnapLog@470] - Snapshotting: 0x0 to D:\desktop\git_repo\zookeeper-read\zookeeper-server\target\surefire\test7140394784473020206.junit.dir\version-2\snapshot.0
2020-06-22 14:06:07,882 [myid:] - INFO  [main:ZooKeeperServer@519] - Snapshot taken in 1 ms
2020-06-22 14:06:07,892 [myid:] - INFO  [main:RequestThrottler@74] - zookeeper.request_throttler.shutdownTimeout = 10000
2020-06-22 14:06:07,906 [myid:] - INFO  [main:FourLetterWordMain@93] - connecting to 127.0.0.1 30073
2020-06-22 14:06:07,941 [myid:] - INFO  [nioEventLoopGroup-4-1:FourLetterCommands@223] - The list of known four letter word commands is : [{1936881266=srvr, 1937006964=stat, 2003003491=wchc, 1685417328=dump, 1668445044=crst, 1936880500=srst, 1701738089=envi, 1668247142=conf, -720899=telnet close, 1751217000=hash, 2003003507=wchs, 2003003504=wchp, 1684632179=dirs, 1668247155=cons, 1835955314=mntr, 1769173615=isro, 1920298859=ruok, 1735683435=gtmk, 1937010027=stmk}]
2020-06-22 14:06:07,941 [myid:] - INFO  [nioEventLoopGroup-4-1:FourLetterCommands@224] - The list of enabled four letter word commands is : [[wchs, stat, wchp, dirs, stmk, conf, ruok, mntr, srvr, wchc, envi, srst, isro, dump, gtmk, telnet close, crst, hash, cons]]
2020-06-22 14:06:07,942 [myid:] - INFO  [nioEventLoopGroup-4-1:NettyServerCnxn@285] - Processing stat command from /127.0.0.1:54401
2020-06-22 14:06:07,946 [myid:] - INFO  [nioEventLoopGroup-4-1:StatCommand@52] - Stat command output
2020-06-22 14:06:07,961 [myid:] - INFO  [main:JMXEnv@219] - ensureParent:[InMemoryDataTree, StandaloneServer_port]
2020-06-22 14:06:07,966 [myid:] - INFO  [main:JMXEnv@235] - expect:InMemoryDataTree
2020-06-22 14:06:07,966 [myid:] - INFO  [main:JMXEnv@239] - found:InMemoryDataTree org.apache.ZooKeeperService:name0=StandaloneServer_port30073,name1=InMemoryDataTree
2020-06-22 14:06:07,966 [myid:] - INFO  [main:JMXEnv@235] - expect:StandaloneServer_port
2020-06-22 14:06:07,966 [myid:] - INFO  [main:JMXEnv@239] - found:StandaloneServer_port org.apache.ZooKeeperService:name0=StandaloneServer_port30073
2020-06-22 14:06:07,967 [myid:] - INFO  [main:ClientBase@501] - Client test setup finished
2020-06-22 14:06:07,967 [myid:] - INFO  [main:JUnit4ZKTestRunner$LoggedInvokeMethod@84] - RUNNING TEST METHOD testEnableDisableThrottling_secure_random
2020-06-22 14:06:07,974 [myid:] - INFO  [main:Environment@98] - Client environment:zookeeper.version=3.6.1--9de128fcd2cb3170e738547b0603a1ba7049df48, built on 06/22/2020 06:04 GMT
2020-06-22 14:06:07,975 [myid:] - INFO  [main:Environment@98] - Client environment:host.name=LAPTOP-D7DF36F6
2020-06-22 14:06:07,975 [myid:] - INFO  [main:Environment@98] - Client environment:java.version=1.8.0_252
2020-06-22 14:06:07,975 [myid:] - INFO  [main:Environment@98] - Client environment:java.vendor=Oracle Corporation
2020-06-22 14:06:07,975 [myid:] - INFO  [main:Environment@98] - Client environment:java.home=D:\Program Files\RedHat\java-1.8.0-openjdk-1.8.0.252-2\jre
2020-06-22 14:06:07,975 [myid:] - INFO  [main:Environment@98] - Client environment:java.class.path=D:\desktop\git_repo\zookeeper-read\zookeeper-server\target\test-classes;D:\desktop\git_repo\zookeeper-read\zookeeper-server\target\classes;C:\Users\admin\.m2\repository\com\github\spotbugs\spotbugs-annotations\4.0.2\spotbugs-annotations-4.0.2.jar;C:\Users\admin\.m2\repository\com\google\code\findbugs\jsr305\3.0.2\jsr305-3.0.2.jar;C:\Users\admin\.m2\repository\org\hamcrest\hamcrest-all\1.3\hamcrest-all-1.3.jar;C:\Users\admin\.m2\repository\commons-collections\commons-collections\3.2.2\commons-collections-3.2.2.jar;C:\Users\admin\.m2\repository\commons-lang\commons-lang\2.6\commons-lang-2.6.jar;D:\desktop\git_repo\zookeeper-read\zookeeper-jute\target\zookeeper-jute-3.6.1.jar;C:\Users\admin\.m2\repository\commons-cli\commons-cli\1.2\commons-cli-1.2.jar;C:\Users\admin\.m2\repository\org\apache\yetus\audience-annotations\0.5.0\audience-annotations-0.5.0.jar;C:\Users\admin\.m2\repository\io\netty\netty-handler\4.1.48.Final\netty-handler-4.1.48.Final.jar;C:\Users\admin\.m2\repository\io\netty\netty-common\4.1.48.Final\netty-common-4.1.48.Final.jar;C:\Users\admin\.m2\repository\io\netty\netty-resolver\4.1.48.Final\netty-resolver-4.1.48.Final.jar;C:\Users\admin\.m2\repository\io\netty\netty-buffer\4.1.48.Final\netty-buffer-4.1.48.Final.jar;C:\Users\admin\.m2\repository\io\netty\netty-transport\4.1.48.Final\netty-transport-4.1.48.Final.jar;C:\Users\admin\.m2\repository\io\netty\netty-codec\4.1.48.Final\netty-codec-4.1.48.Final.jar;C:\Users\admin\.m2\repository\io\netty\netty-transport-native-epoll\4.1.48.Final\netty-transport-native-epoll-4.1.48.Final.jar;C:\Users\admin\.m2\repository\io\netty\netty-transport-native-unix-common\4.1.48.Final\netty-transport-native-unix-common-4.1.48.Final.jar;C:\Users\admin\.m2\repository\org\slf4j\slf4j-api\1.7.25\slf4j-api-1.7.25.jar;C:\Users\admin\.m2\repository\org\slf4j\slf4j-log4j12\1.7.25\slf4j-log4j12-1.7.25.jar;C:\Users\admin\.m2\repository\org\eclipse\jetty\jetty-server\9.4.24.v20191120\jetty-server-9.4.24.v20191120.jar;C:\Users\admin\.m2\repository\javax\servlet\javax.servlet-api\3.1.0\javax.servlet-api-3.1.0.jar;C:\Users\admin\.m2\repository\org\eclipse\jetty\jetty-http\9.4.24.v20191120\jetty-http-9.4.24.v20191120.jar;C:\Users\admin\.m2\repository\org\eclipse\jetty\jetty-util\9.4.24.v20191120\jetty-util-9.4.24.v20191120.jar;C:\Users\admin\.m2\repository\org\eclipse\jetty\jetty-io\9.4.24.v20191120\jetty-io-9.4.24.v20191120.jar;C:\Users\admin\.m2\repository\org\eclipse\jetty\jetty-servlet\9.4.24.v20191120\jetty-servlet-9.4.24.v20191120.jar;C:\Users\admin\.m2\repository\org\eclipse\jetty\jetty-security\9.4.24.v20191120\jetty-security-9.4.24.v20191120.jar;C:\Users\admin\.m2\repository\com\fasterxml\jackson\core\jackson-databind\2.10.3\jackson-databind-2.10.3.jar;C:\Users\admin\.m2\repository\com\fasterxml\jackson\core\jackson-annotations\2.10.3\jackson-annotations-2.10.3.jar;C:\Users\admin\.m2\repository\com\fasterxml\jackson\core\jackson-core\2.10.3\jackson-core-2.10.3.jar;C:\Users\admin\.m2\repository\com\googlecode\json-simple\json-simple\1.1.1\json-simple-1.1.1.jar;C:\Users\admin\.m2\repository\org\bouncycastle\bcprov-jdk15on\1.60\bcprov-jdk15on-1.60.jar;C:\Users\admin\.m2\repository\org\bouncycastle\bcpkix-jdk15on\1.60\bcpkix-jdk15on-1.60.jar;C:\Users\admin\.m2\repository\jline\jline\2.11\jline-2.11.jar;C:\Users\admin\.m2\repository\io\dropwizard\metrics\metrics-core\3.2.5\metrics-core-3.2.5.jar;C:\Users\admin\.m2\repository\log4j\log4j\1.2.17\log4j-1.2.17.jar;C:\Users\admin\.m2\repository\org\apache\kerby\kerb-core\2.0.0\kerb-core-2.0.0.jar;C:\Users\admin\.m2\repository\org\apache\kerby\kerby-pkix\2.0.0\kerby-pkix-2.0.0.jar;C:\Users\admin\.m2\repository\org\apache\kerby\kerby-asn1\2.0.0\kerby-asn1-2.0.0.jar;C:\Users\admin\.m2\repository\org\apache\kerby\kerby-util\2.0.0\kerby-util-2.0.0.jar;C:\Users\admin\.m2\repository\org\apache\kerby\kerb-simplekdc\2.0.0\kerb-simplekdc-2.0.0.jar;C:\Users\admin\.m2\repository\org\apache\kerby\kerb-client\2.0.0\kerb-client-2.0.0.jar;C:\Users\admin\.m2\repository\org\apache\kerby\kerb-common\2.0.0\kerb-common-2.0.0.jar;C:\Users\admin\.m2\repository\org\apache\kerby\kerb-crypto\2.0.0\kerb-crypto-2.0.0.jar;C:\Users\admin\.m2\repository\commons-io\commons-io\2.6\commons-io-2.6.jar;C:\Users\admin\.m2\repository\org\apache\kerby\kerb-util\2.0.0\kerb-util-2.0.0.jar;C:\Users\admin\.m2\repository\org\apache\kerby\token-provider\2.0.0\token-provider-2.0.0.jar;C:\Users\admin\.m2\repository\com\nimbusds\nimbus-jose-jwt\4.41.2\nimbus-jose-jwt-4.41.2.jar;C:\Users\admin\.m2\repository\com\github\stephenc\jcip\jcip-annotations\1.0-1\jcip-annotations-1.0-1.jar;C:\Users\admin\.m2\repository\net\minidev\json-smart\2.3\json-smart-2.3.jar;C:\Users\admin\.m2\repository\net\minidev\accessors-smart\1.2\accessors-smart-1.2.jar;C:\Users\admin\.m2\repository\org\ow2\asm\asm\5.0.4\asm-5.0.4.jar;C:\Users\admin\.m2\repository\org\apache\kerby\kerb-admin\2.0.0\kerb-admin-2.0.0.jar;C:\Users\admin\.m2\repository\org\apache\kerby\kerb-server\2.0.0\kerb-server-2.0.0.jar;C:\Users\admin\.m2\repository\org\apache\kerby\kerb-identity\2.0.0\kerb-identity-2.0.0.jar;C:\Users\admin\.m2\repository\org\apache\kerby\kerby-xdr\2.0.0\kerby-xdr-2.0.0.jar;C:\Users\admin\.m2\repository\org\apache\kerby\kerby-config\2.0.0\kerby-config-2.0.0.jar;C:\Users\admin\.m2\repository\org\mockito\mockito-core\2.27.0\mockito-core-2.27.0.jar;C:\Users\admin\.m2\repository\net\bytebuddy\byte-buddy\1.9.10\byte-buddy-1.9.10.jar;C:\Users\admin\.m2\repository\net\bytebuddy\byte-buddy-agent\1.9.10\byte-buddy-agent-1.9.10.jar;C:\Users\admin\.m2\repository\org\objenesis\objenesis\2.6\objenesis-2.6.jar;C:\Users\admin\.m2\repository\org\jmockit\jmockit\1.48\jmockit-1.48.jar;C:\Users\admin\.m2\repository\junit\junit\4.12\junit-4.12.jar;C:\Users\admin\.m2\repository\org\hamcrest\hamcrest-core\1.3\hamcrest-core-1.3.jar;C:\Users\admin\.m2\repository\org\xerial\snappy\snappy-java\1.1.7\snappy-java-1.1.7.jar;
2020-06-22 14:06:07,975 [myid:] - INFO  [main:Environment@98] - Client environment:java.library.path=D:\Program Files\RedHat\java-1.8.0-openjdk-1.8.0.252-2\jre\bin;C:\Windows\Sun\Java\bin;C:\Windows\system32;C:\Windows;D:\Program Files (x86)\NetSarang\Xshell 6\;C:\Windows\system32;C:\Windows;C:\Windows\System32\Wbem;C:\Windows\System32\WindowsPowerShell\v1.0\;C:\Windows\System32\OpenSSH\;C:\Program Files (x86)\NVIDIA Corporation\PhysX\Common;C:\Program Files\NVIDIA Corporation\NVIDIA NvDLISR;D:\Program Files\RedHat\java-1.8.0-openjdk-1.8.0.252-2\bin;D:\Program Files\RedHat\java-1.8.0-openjdk-1.8.0.252-2\jre\bin;D:\Program Files\Git\cmd;D:\Go\bin;D:\Program Files\nodejs\;C:\Users\admin\AppData\Local\Microsoft\WindowsApps;;D:\Programs\Microsoft VS Code\bin;C:\Users\admin\go\bin;C:\Users\admin\AppData\Roaming\npm;.
2020-06-22 14:06:07,975 [myid:] - INFO  [main:Environment@98] - Client environment:java.io.tmpdir=C:\Users\admin\AppData\Local\Temp\
2020-06-22 14:06:07,975 [myid:] - INFO  [main:Environment@98] - Client environment:java.compiler=<NA>
2020-06-22 14:06:07,976 [myid:] - INFO  [main:Environment@98] - Client environment:os.name=Windows 10
2020-06-22 14:06:07,976 [myid:] - INFO  [main:Environment@98] - Client environment:os.arch=amd64
2020-06-22 14:06:07,976 [myid:] - INFO  [main:Environment@98] - Client environment:os.version=10.0
2020-06-22 14:06:07,976 [myid:] - INFO  [main:Environment@98] - Client environment:user.name=admin
2020-06-22 14:06:07,976 [myid:] - INFO  [main:Environment@98] - Client environment:user.home=C:\Users\admin
2020-06-22 14:06:07,976 [myid:] - INFO  [main:Environment@98] - Client environment:user.dir=D:\desktop\git_repo\zookeeper-read\zookeeper-server
2020-06-22 14:06:07,976 [myid:] - INFO  [main:Environment@98] - Client environment:os.memory.free=92MB
2020-06-22 14:06:07,976 [myid:] - INFO  [main:Environment@98] - Client environment:os.memory.max=455MB
2020-06-22 14:06:07,976 [myid:] - INFO  [main:Environment@98] - Client environment:os.memory.total=121MB
2020-06-22 14:06:07,979 [myid:] - INFO  [main:ZooKeeper@1005] - Initiating client connection, connectString=127.0.0.1:30073 sessionTimeout=30000 watcher=org.apache.zookeeper.test.ClientBase$CountdownWatcher@2a798d51
2020-06-22 14:06:07,989 [myid:] - INFO  [main:ClientCnxnSocket@239] - jute.maxbuffer value is 1048575 Bytes
2020-06-22 14:06:07,996 [myid:] - INFO  [main:ClientCnxn@1703] - zookeeper.request.timeout value is 0. feature enabled=false
2020-06-22 14:06:08,002 [myid:127.0.0.1:30073] - INFO  [main-SendThread(127.0.0.1:30073):ClientCnxn$SendThread@1154] - Opening socket connection to server activate.navicat.com/127.0.0.1:30073.
2020-06-22 14:06:08,003 [myid:127.0.0.1:30073] - INFO  [main-SendThread(127.0.0.1:30073):ClientCnxn$SendThread@1156] - SASL config status: Will not attempt to authenticate using SASL (unknown error)
adding as trusted cert:
  Subject: CN=localhost, OU=ZooKeeper, O=Apache, L=Unknown, ST=Unknown, C=Unknown
  Issuer:  CN=localhost, OU=ZooKeeper, O=Apache, L=Unknown, ST=Unknown, C=Unknown
  Algorithm: RSA; Serial number: 0x7334b506
  Valid from Sat Jan 31 02:57:30 CST 2015 until Wed Feb 08 02:57:30 CST 3015

System property jdk.tls.client.cipherSuites is set to 'null'
System property jdk.tls.server.cipherSuites is set to 'null'
Ignoring disabled cipher suite: TLS_DH_anon_WITH_AES_256_CBC_SHA
Ignoring disabled cipher suite: TLS_DH_anon_WITH_AES_256_CBC_SHA256
Ignoring disabled cipher suite: TLS_ECDHE_RSA_WITH_NULL_SHA
Ignoring disabled cipher suite: SSL_RSA_WITH_DES_CBC_SHA
Ignoring disabled cipher suite: SSL_DHE_DSS_EXPORT_WITH_DES40_CBC_SHA
Ignoring disabled cipher suite: TLS_KRB5_WITH_DES_CBC_MD5
Ignoring disabled cipher suite: TLS_ECDH_RSA_WITH_NULL_SHA
Ignoring disabled cipher suite: SSL_DH_anon_EXPORT_WITH_RC4_40_MD5
Ignoring disabled cipher suite: SSL_DH_anon_WITH_DES_CBC_SHA
Ignoring disabled cipher suite: TLS_DH_anon_WITH_AES_128_CBC_SHA
Ignoring disabled cipher suite: TLS_KRB5_WITH_3DES_EDE_CBC_SHA
Ignoring disabled cipher suite: TLS_ECDHE_RSA_WITH_3DES_EDE_CBC_SHA
Ignoring disabled cipher suite: TLS_KRB5_WITH_DES_CBC_SHA
Ignoring disabled cipher suite: TLS_KRB5_EXPORT_WITH_DES_CBC_40_MD5
Ignoring disabled cipher suite: TLS_ECDHE_ECDSA_WITH_RC4_128_SHA
Ignoring disabled cipher suite: SSL_DHE_RSA_WITH_DES_CBC_SHA
Ignoring disabled cipher suite: TLS_KRB5_WITH_3DES_EDE_CBC_MD5
Ignoring disabled cipher suite: SSL_DH_anon_WITH_RC4_128_MD5
Ignoring disabled cipher suite: TLS_ECDHE_ECDSA_WITH_NULL_SHA
Ignoring disabled cipher suite: SSL_DHE_DSS_WITH_3DES_EDE_CBC_SHA
Ignoring disabled cipher suite: TLS_RSA_WITH_NULL_SHA256
Ignoring disabled cipher suite: TLS_ECDHE_ECDSA_WITH_3DES_EDE_CBC_SHA
Ignoring disabled cipher suite: SSL_DH_anon_WITH_3DES_EDE_CBC_SHA
Ignoring disabled cipher suite: TLS_ECDH_anon_WITH_NULL_SHA
Ignoring disabled cipher suite: SSL_RSA_WITH_3DES_EDE_CBC_SHA
Ignoring disabled cipher suite: SSL_DHE_RSA_EXPORT_WITH_DES40_CBC_SHA
Ignoring disabled cipher suite: TLS_ECDH_anon_WITH_RC4_128_SHA
Ignoring disabled cipher suite: SSL_DHE_DSS_WITH_DES_CBC_SHA
Ignoring disabled cipher suite: TLS_KRB5_EXPORT_WITH_RC4_40_SHA
Ignoring disabled cipher suite: SSL_RSA_EXPORT_WITH_DES40_CBC_SHA
Ignoring disabled cipher suite: TLS_KRB5_WITH_RC4_128_SHA
Ignoring disabled cipher suite: TLS_ECDH_anon_WITH_AES_256_CBC_SHA
Ignoring disabled cipher suite: SSL_RSA_EXPORT_WITH_RC4_40_MD5
Ignoring disabled cipher suite: TLS_KRB5_EXPORT_WITH_DES_CBC_40_SHA
Ignoring disabled cipher suite: TLS_KRB5_EXPORT_WITH_RC4_40_MD5
Ignoring disabled cipher suite: TLS_ECDH_anon_WITH_AES_128_CBC_SHA
Ignoring disabled cipher suite: TLS_ECDH_ECDSA_WITH_RC4_128_SHA
Ignoring disabled cipher suite: TLS_KRB5_WITH_RC4_128_MD5
Ignoring disabled cipher suite: TLS_ECDH_RSA_WITH_3DES_EDE_CBC_SHA
Ignoring disabled cipher suite: TLS_ECDH_ECDSA_WITH_3DES_EDE_CBC_SHA
Ignoring disabled cipher suite: SSL_RSA_WITH_RC4_128_SHA
Ignoring disabled cipher suite: TLS_ECDH_ECDSA_WITH_NULL_SHA
Ignoring disabled cipher suite: TLS_ECDH_anon_WITH_3DES_EDE_CBC_SHA
Ignoring disabled cipher suite: TLS_ECDH_RSA_WITH_RC4_128_SHA
Ignoring disabled cipher suite: SSL_DH_anon_EXPORT_WITH_DES40_CBC_SHA
Ignoring disabled cipher suite: SSL_DHE_RSA_WITH_3DES_EDE_CBC_SHA
Ignoring disabled cipher suite: SSL_RSA_WITH_NULL_SHA
Ignoring disabled cipher suite: TLS_ECDHE_RSA_WITH_RC4_128_SHA
Ignoring disabled cipher suite: SSL_RSA_WITH_RC4_128_MD5
Ignoring disabled cipher suite: TLS_DH_anon_WITH_AES_128_CBC_SHA256
Ignoring disabled cipher suite: SSL_RSA_WITH_NULL_MD5
Ignoring disabled cipher suite: TLS_DH_anon_WITH_AES_128_GCM_SHA256
Ignoring disabled cipher suite: TLS_DH_anon_WITH_AES_256_GCM_SHA384
Ignoring disabled cipher suite: TLS_ECDHE_RSA_WITH_3DES_EDE_CBC_SHA
Ignoring disabled cipher suite: SSL_DHE_DSS_WITH_3DES_EDE_CBC_SHA
Ignoring disabled cipher suite: TLS_ECDHE_ECDSA_WITH_3DES_EDE_CBC_SHA
Ignoring disabled cipher suite: SSL_RSA_WITH_3DES_EDE_CBC_SHA
Ignoring disabled cipher suite: TLS_ECDH_RSA_WITH_3DES_EDE_CBC_SHA
Ignoring disabled cipher suite: TLS_ECDH_ECDSA_WITH_3DES_EDE_CBC_SHA
Ignoring disabled cipher suite: SSL_DHE_RSA_WITH_3DES_EDE_CBC_SHA
Ignoring disabled cipher suite: TLS_ECDHE_RSA_WITH_3DES_EDE_CBC_SHA
Ignoring disabled cipher suite: SSL_DHE_DSS_WITH_3DES_EDE_CBC_SHA
Ignoring disabled cipher suite: TLS_ECDHE_ECDSA_WITH_3DES_EDE_CBC_SHA
Ignoring disabled cipher suite: SSL_RSA_WITH_3DES_EDE_CBC_SHA
Ignoring disabled cipher suite: TLS_ECDH_RSA_WITH_3DES_EDE_CBC_SHA
Ignoring disabled cipher suite: TLS_ECDH_ECDSA_WITH_3DES_EDE_CBC_SHA
Ignoring disabled cipher suite: SSL_DHE_RSA_WITH_3DES_EDE_CBC_SHA
trigger seeding of SecureRandom
done seeding SecureRandom
Using SSLEngineImpl.
%% Initialized:  [Session-1, SSL_NULL_WITH_NULL_NULL]
2020-06-22 14:06:08,120 [myid:127.0.0.1:30073] - INFO  [nioEventLoopGroup-5-1:ClientCnxnSocketNetty$ZKClientPipelineFactory@454] - SSL handler added for channel: [id: 0x711c4028]
2020-06-22 14:06:08,126 [myid:127.0.0.1:30073] - INFO  [nioEventLoopGroup-5-1:ClientCnxn$SendThread@986] - Socket connection established, initiating session, client: /127.0.0.1:54419, server: activate.navicat.com/127.0.0.1:30073
2020-06-22 14:06:08,128 [myid:127.0.0.1:30073] - INFO  [nioEventLoopGroup-5-1:ClientCnxnSocketNetty$1@184] - channel is connected: [id: 0x711c4028, L:/127.0.0.1:54419 - R:activate.navicat.com/127.0.0.1:30073]
adding as trusted cert:
  Subject: CN=localhost, OU=ZooKeeper, O=Apache, L=Unknown, ST=Unknown, C=Unknown
  Issuer:  CN=localhost, OU=ZooKeeper, O=Apache, L=Unknown, ST=Unknown, C=Unknown
  Algorithm: RSA; Serial number: 0x7334b506
  Valid from Sat Jan 31 02:57:30 CST 2015 until Wed Feb 08 02:57:30 CST 3015

trigger seeding of SecureRandom
done seeding SecureRandom
adding as trusted cert:
  Subject: CN=localhost, OU=ZooKeeper, O=Apache, L=Unknown, ST=Unknown, C=Unknown
  Issuer:  CN=localhost, OU=ZooKeeper, O=Apache, L=Unknown, ST=Unknown, C=Unknown
  Algorithm: RSA; Serial number: 0x7334b506
  Valid from Sat Jan 31 02:57:30 CST 2015 until Wed Feb 08 02:57:30 CST 3015

trigger seeding of SecureRandom
done seeding SecureRandom
Allow unsafe renegotiation: false
Allow legacy hello messages: true
Is initial handshake: true
Is secure renegotiation: false
Ignoring unsupported cipher suite: TLS_ECDHE_ECDSA_WITH_AES_256_CBC_SHA384 for TLSv1
Ignoring unsupported cipher suite: TLS_ECDHE_RSA_WITH_AES_256_CBC_SHA384 for TLSv1
Ignoring unsupported cipher suite: TLS_RSA_WITH_AES_256_CBC_SHA256 for TLSv1
Ignoring unsupported cipher suite: TLS_ECDH_ECDSA_WITH_AES_256_CBC_SHA384 for TLSv1
Ignoring unsupported cipher suite: TLS_ECDH_RSA_WITH_AES_256_CBC_SHA384 for TLSv1
Ignoring unsupported cipher suite: TLS_DHE_RSA_WITH_AES_256_CBC_SHA256 for TLSv1
Ignoring unsupported cipher suite: TLS_DHE_DSS_WITH_AES_256_CBC_SHA256 for TLSv1
Ignoring unsupported cipher suite: TLS_ECDHE_ECDSA_WITH_AES_256_CBC_SHA384 for TLSv1.1
Ignoring unsupported cipher suite: TLS_ECDHE_RSA_WITH_AES_256_CBC_SHA384 for TLSv1.1
Ignoring unsupported cipher suite: TLS_RSA_WITH_AES_256_CBC_SHA256 for TLSv1.1
Ignoring unsupported cipher suite: TLS_ECDH_ECDSA_WITH_AES_256_CBC_SHA384 for TLSv1.1
Ignoring unsupported cipher suite: TLS_ECDH_RSA_WITH_AES_256_CBC_SHA384 for TLSv1.1
Ignoring unsupported cipher suite: TLS_DHE_RSA_WITH_AES_256_CBC_SHA256 for TLSv1.1
Ignoring unsupported cipher suite: TLS_DHE_DSS_WITH_AES_256_CBC_SHA256 for TLSv1.1
%% No cached client session
Ignoring disabled cipher suite: TLS_ECDHE_RSA_WITH_3DES_EDE_CBC_SHA
Ignoring disabled cipher suite: SSL_DHE_DSS_WITH_3DES_EDE_CBC_SHA
Ignoring disabled cipher suite: TLS_ECDHE_ECDSA_WITH_3DES_EDE_CBC_SHA
Ignoring disabled cipher suite: SSL_RSA_WITH_3DES_EDE_CBC_SHA
Ignoring disabled cipher suite: TLS_ECDH_RSA_WITH_3DES_EDE_CBC_SHA
Ignoring disabled cipher suite: TLS_ECDH_ECDSA_WITH_3DES_EDE_CBC_SHA
Ignoring disabled cipher suite: SSL_DHE_RSA_WITH_3DES_EDE_CBC_SHA
update handshake state: client_hello[1]
upcoming handshake states: server_hello[2]
*** ClientHello, TLSv1.2
RandomCookie:  GMT: 1576028752 bytes = { 166, 14, 155, 244, 244, 226, 68, 43, 155, 50, 15, 218, 156, 179, 160, 43, 174, 116, 56, 21, 31, 221, 144, 133, 11, 11, 191, 187 }
Session ID:  {}
Cipher Suites: [TLS_ECDHE_ECDSA_WITH_AES_256_CBC_SHA384, TLS_ECDHE_RSA_WITH_AES_256_CBC_SHA384, TLS_RSA_WITH_AES_256_CBC_SHA256, TLS_ECDH_ECDSA_WITH_AES_256_CBC_SHA384, TLS_ECDH_RSA_WITH_AES_256_CBC_SHA384, TLS_DHE_RSA_WITH_AES_256_CBC_SHA256, TLS_DHE_DSS_WITH_AES_256_CBC_SHA256, TLS_ECDHE_ECDSA_WITH_AES_256_CBC_SHA, TLS_ECDHE_RSA_WITH_AES_256_CBC_SHA, TLS_RSA_WITH_AES_256_CBC_SHA, TLS_ECDH_ECDSA_WITH_AES_256_CBC_SHA, TLS_ECDH_RSA_WITH_AES_256_CBC_SHA, TLS_DHE_RSA_WITH_AES_256_CBC_SHA, TLS_DHE_DSS_WITH_AES_256_CBC_SHA, TLS_ECDHE_ECDSA_WITH_AES_128_CBC_SHA256, TLS_ECDHE_RSA_WITH_AES_128_CBC_SHA256, TLS_RSA_WITH_AES_128_CBC_SHA256, TLS_ECDH_ECDSA_WITH_AES_128_CBC_SHA256, TLS_ECDH_RSA_WITH_AES_128_CBC_SHA256, TLS_DHE_RSA_WITH_AES_128_CBC_SHA256, TLS_DHE_DSS_WITH_AES_128_CBC_SHA256, TLS_ECDHE_ECDSA_WITH_AES_128_CBC_SHA, TLS_ECDHE_RSA_WITH_AES_128_CBC_SHA, TLS_RSA_WITH_AES_128_CBC_SHA, TLS_ECDH_ECDSA_WITH_AES_128_CBC_SHA, TLS_ECDH_RSA_WITH_AES_128_CBC_SHA, TLS_DHE_RSA_WITH_AES_128_CBC_SHA, TLS_DHE_DSS_WITH_AES_128_CBC_SHA, TLS_ECDHE_ECDSA_WITH_AES_256_GCM_SHA384, TLS_ECDHE_ECDSA_WITH_AES_128_GCM_SHA256, TLS_ECDHE_RSA_WITH_AES_256_GCM_SHA384, TLS_RSA_WITH_AES_256_GCM_SHA384, TLS_ECDH_ECDSA_WITH_AES_256_GCM_SHA384, TLS_ECDH_RSA_WITH_AES_256_GCM_SHA384, TLS_DHE_RSA_WITH_AES_256_GCM_SHA384, TLS_DHE_DSS_WITH_AES_256_GCM_SHA384, TLS_ECDHE_RSA_WITH_AES_128_GCM_SHA256, TLS_RSA_WITH_AES_128_GCM_SHA256, TLS_ECDH_ECDSA_WITH_AES_128_GCM_SHA256, TLS_ECDH_RSA_WITH_AES_128_GCM_SHA256, TLS_DHE_RSA_WITH_AES_128_GCM_SHA256, TLS_DHE_DSS_WITH_AES_128_GCM_SHA256, TLS_EMPTY_RENEGOTIATION_INFO_SCSV]
Compression Methods:  { 0 }
Extension elliptic_curves, curve names: {secp256r1, secp384r1, secp521r1}
Extension ec_point_formats, formats: [uncompressed]
Extension signature_algorithms, signature_algorithms: SHA512withECDSA, SHA512withRSA, SHA384withECDSA, SHA384withRSA, SHA256withECDSA, SHA256withRSA, SHA256withDSA, SHA1withECDSA, SHA1withRSA, SHA1withDSA
Extension extended_master_secret
Extension server_name, server_name: [type=host_name (0), value=activate.navicat.com]
***
nioEventLoopGroup-5-1, WRITE: TLSv1.2 Handshake, length = 208
Inaccessible trust store: D:\Program Files\RedHat\java-1.8.0-openjdk-1.8.0.252-2\jre\lib\security\jssecacerts
trustStore is: D:\Program Files\RedHat\java-1.8.0-openjdk-1.8.0.252-2\jre\lib\security\cacerts
trustStore type is: jks
trustStore provider is: 
the last modified time is: Mon Apr 20 10:11:50 CST 2020
Reload the trust store
Reload trust certs
Reloaded 140 trust certs
adding as trusted cert:
  Subject: CN=Hongkong Post Root CA 1, O=Hongkong Post, C=HK
  Issuer:  CN=Hongkong Post Root CA 1, O=Hongkong Post, C=HK
  Algorithm: RSA; Serial number: 0x3e8
  Valid from Thu May 15 13:13:14 CST 2003 until Mon May 15 12:52:29 CST 2023

adding as trusted cert:
  Subject: CN=SecureTrust CA, O=SecureTrust Corporation, C=US
  Issuer:  CN=SecureTrust CA, O=SecureTrust Corporation, C=US
  Algorithm: RSA; Serial number: 0xcf08e5c0816a5ad427ff0eb271859d0
  Valid from Wed Nov 08 03:31:18 CST 2006 until Tue Jan 01 03:40:55 CST 2030

adding as trusted cert:
  Subject: CN=Entrust Root Certification Authority - EC1, OU="(c) 2012 Entrust, Inc. - for authorized use only", OU=See www.entrust.net/legal-terms, O="Entrust, Inc.", C=US
  Issuer:  CN=Entrust Root Certification Authority - EC1, OU="(c) 2012 Entrust, Inc. - for authorized use only", OU=See www.entrust.net/legal-terms, O="Entrust, Inc.", C=US
  Algorithm: EC; Serial number: 0xa68b79290000000050d091f9
  Valid from Tue Dec 18 23:25:36 CST 2012 until Fri Dec 18 23:55:36 CST 2037

adding as trusted cert:
  Subject: CN=DigiCert Global Root CA, OU=www.digicert.com, O=DigiCert Inc, C=US
  Issuer:  CN=DigiCert Global Root CA, OU=www.digicert.com, O=DigiCert Inc, C=US
  Algorithm: RSA; Serial number: 0x83be056904246b1a1756ac95991c74a
  Valid from Fri Nov 10 08:00:00 CST 2006 until Mon Nov 10 08:00:00 CST 2031

adding as trusted cert:
  Subject: OU=Security Communication RootCA1, O=SECOM Trust.net, C=JP
  Issuer:  OU=Security Communication RootCA1, O=SECOM Trust.net, C=JP
  Algorithm: RSA; Serial number: 0x0
  Valid from Tue Sep 30 12:20:49 CST 2003 until Sat Sep 30 12:20:49 CST 2023

adding as trusted cert:
  Subject: CN=QuoVadis Root CA 2 G3, O=QuoVadis Limited, C=BM
  Issuer:  CN=QuoVadis Root CA 2 G3, O=QuoVadis Limited, C=BM
  Algorithm: RSA; Serial number: 0x445734245b81899b35f2ceb82b3b5ba726f07528
  Valid from Fri Jan 13 02:59:32 CST 2012 until Mon Jan 13 02:59:32 CST 2042

adding as trusted cert:
  Subject: CN=Hellenic Academic and Research Institutions RootCA 2015, O=Hellenic Academic and Research Institutions Cert. Authority, L=Athens, C=GR
  Issuer:  CN=Hellenic Academic and Research Institutions RootCA 2015, O=Hellenic Academic and Research Institutions Cert. Authority, L=Athens, C=GR
  Algorithm: RSA; Serial number: 0x0
  Valid from Tue Jul 07 18:11:21 CST 2015 until Sat Jun 30 18:11:21 CST 2040

adding as trusted cert:
  Subject: CN=DigiCert Trusted Root G4, OU=www.digicert.com, O=DigiCert Inc, C=US
  Issuer:  CN=DigiCert Trusted Root G4, OU=www.digicert.com, O=DigiCert Inc, C=US
  Algorithm: RSA; Serial number: 0x59b1b579e8e2132e23907bda777755c
  Valid from Thu Aug 01 20:00:00 CST 2013 until Fri Jan 15 20:00:00 CST 2038

adding as trusted cert:
  Subject: CN=Hellenic Academic and Research Institutions ECC RootCA 2015, O=Hellenic Academic and Research Institutions Cert. Authority, L=Athens, C=GR
  Issuer:  CN=Hellenic Academic and Research Institutions ECC RootCA 2015, O=Hellenic Academic and Research Institutions Cert. Authority, L=Athens, C=GR
  Algorithm: EC; Serial number: 0x0
  Valid from Tue Jul 07 18:37:12 CST 2015 until Sat Jun 30 18:37:12 CST 2040

adding as trusted cert:
  Subject: CN=GeoTrust Primary Certification Authority, O=GeoTrust Inc., C=US
  Issuer:  CN=GeoTrust Primary Certification Authority, O=GeoTrust Inc., C=US
  Algorithm: RSA; Serial number: 0x18acb56afd69b6153a636cafdafac4a1
  Valid from Mon Nov 27 08:00:00 CST 2006 until Thu Jul 17 07:59:59 CST 2036

adding as trusted cert:
  Subject: OU=Security Communication RootCA2, O="SECOM Trust Systems CO.,LTD.", C=JP
  Issuer:  OU=Security Communication RootCA2, O="SECOM Trust Systems CO.,LTD.", C=JP
  Algorithm: RSA; Serial number: 0x0
  Valid from Fri May 29 13:00:39 CST 2009 until Tue May 29 13:00:39 CST 2029

adding as trusted cert:
  Subject: CN=emSign ECC Root CA - G3, O=eMudhra Technologies Limited, OU=emSign PKI, C=IN
  Issuer:  CN=emSign ECC Root CA - G3, O=eMudhra Technologies Limited, OU=emSign PKI, C=IN
  Algorithm: EC; Serial number: 0x3cf607a968700eda8b84
  Valid from Mon Feb 19 02:30:00 CST 2018 until Thu Feb 19 02:30:00 CST 2043

adding as trusted cert:
  Subject: OU=ePKI Root Certification Authority, O="Chunghwa Telecom Co., Ltd.", C=TW
  Issuer:  OU=ePKI Root Certification Authority, O="Chunghwa Telecom Co., Ltd.", C=TW
  Algorithm: RSA; Serial number: 0x15c8bd65475cafb897005ee406d2bc9d
  Valid from Mon Dec 20 10:31:27 CST 2004 until Wed Dec 20 10:31:27 CST 2034

adding as trusted cert:
  Subject: CN=AffirmTrust Commercial, O=AffirmTrust, C=US
  Issuer:  CN=AffirmTrust Commercial, O=AffirmTrust, C=US
  Algorithm: RSA; Serial number: 0x7777062726a9b17c
  Valid from Fri Jan 29 22:06:06 CST 2010 until Tue Dec 31 22:06:06 CST 2030

adding as trusted cert:
  Subject: CN=Certum Trusted Network CA, OU=Certum Certification Authority, O=Unizeto Technologies S.A., C=PL
  Issuer:  CN=Certum Trusted Network CA, OU=Certum Certification Authority, O=Unizeto Technologies S.A., C=PL
  Algorithm: RSA; Serial number: 0x444c0
  Valid from Wed Oct 22 20:07:37 CST 2008 until Mon Dec 31 20:07:37 CST 2029

adding as trusted cert:
  Subject: CN=XRamp Global Certification Authority, O=XRamp Security Services Inc, OU=www.xrampsecurity.com, C=US
  Issuer:  CN=XRamp Global Certification Authority, O=XRamp Security Services Inc, OU=www.xrampsecurity.com, C=US
  Algorithm: RSA; Serial number: 0x50946cec18ead59c4dd597ef758fa0ad
  Valid from Tue Nov 02 01:14:04 CST 2004 until Mon Jan 01 13:37:19 CST 2035

adding as trusted cert:
  Subject: CN=EC-ACC, OU=Jerarquia Entitats de Certificacio Catalanes, OU=Vegeu https://www.catcert.net/verarrel (c)03, OU=Serveis Publics de Certificacio, O=Agencia Catalana de Certificacio (NIF Q-0801176-I), C=ES
  Issuer:  CN=EC-ACC, OU=Jerarquia Entitats de Certificacio Catalanes, OU=Vegeu https://www.catcert.net/verarrel (c)03, OU=Serveis Publics de Certificacio, O=Agencia Catalana de Certificacio (NIF Q-0801176-I), C=ES
  Algorithm: RSA; Serial number: 0x-11d4c2142bde21eb579d53fb0c223bff
  Valid from Wed Jan 08 07:00:00 CST 2003 until Wed Jan 08 06:59:59 CST 2031

adding as trusted cert:
  Subject: CN=emSign Root CA - G1, O=eMudhra Technologies Limited, OU=emSign PKI, C=IN
  Issuer:  CN=emSign Root CA - G1, O=eMudhra Technologies Limited, OU=emSign PKI, C=IN
  Algorithm: RSA; Serial number: 0x31f5e4620c6c58edd6d8
  Valid from Mon Feb 19 02:30:00 CST 2018 until Thu Feb 19 02:30:00 CST 2043

adding as trusted cert:
  Subject: CN=Sonera Class2 CA, O=Sonera, C=FI
  Issuer:  CN=Sonera Class2 CA, O=Sonera, C=FI
  Algorithm: RSA; Serial number: 0x1d
  Valid from Fri Apr 06 15:29:40 CST 2001 until Tue Apr 06 15:29:40 CST 2021

adding as trusted cert:
  Subject: CN=GeoTrust Primary Certification Authority - G2, OU=(c) 2007 GeoTrust Inc. - For authorized use only, O=GeoTrust Inc., C=US
  Issuer:  CN=GeoTrust Primary Certification Authority - G2, OU=(c) 2007 GeoTrust Inc. - For authorized use only, O=GeoTrust Inc., C=US
  Algorithm: EC; Serial number: 0x3cb2f4480a00e2feeb243b5e603ec36b
  Valid from Mon Nov 05 08:00:00 CST 2007 until Tue Jan 19 07:59:59 CST 2038

adding as trusted cert:
  Subject: CN=Certinomis - Root CA, OU=0002 433998903, O=Certinomis, C=FR
  Issuer:  CN=Certinomis - Root CA, OU=0002 433998903, O=Certinomis, C=FR
  Algorithm: RSA; Serial number: 0x1
  Valid from Mon Oct 21 17:17:18 CST 2013 until Fri Oct 21 17:17:18 CST 2033

adding as trusted cert:
  Subject: CN=COMODO ECC Certification Authority, O=COMODO CA Limited, L=Salford, ST=Greater Manchester, C=GB
  Issuer:  CN=COMODO ECC Certification Authority, O=COMODO CA Limited, L=Salford, ST=Greater Manchester, C=GB
  Algorithm: EC; Serial number: 0x1f47afaa62007050544c019e9b63992a
  Valid from Thu Mar 06 08:00:00 CST 2008 until Tue Jan 19 07:59:59 CST 2038

adding as trusted cert:
  Subject: CN=ISRG Root X1, O=Internet Security Research Group, C=US
  Issuer:  CN=ISRG Root X1, O=Internet Security Research Group, C=US
  Algorithm: RSA; Serial number: 0x8210cfb0d240e3594463e0bb63828b00
  Valid from Thu Jun 04 19:04:38 CST 2015 until Mon Jun 04 19:04:38 CST 2035

adding as trusted cert:
  Subject: CN=DigiCert High Assurance EV Root CA, OU=www.digicert.com, O=DigiCert Inc, C=US
  Issuer:  CN=DigiCert High Assurance EV Root CA, OU=www.digicert.com, O=DigiCert Inc, C=US
  Algorithm: RSA; Serial number: 0x2ac5c266a0b409b8f0b79f2ae462577
  Valid from Fri Nov 10 08:00:00 CST 2006 until Mon Nov 10 08:00:00 CST 2031

adding as trusted cert:
  Subject: CN=TrustCor RootCert CA-1, OU=TrustCor Certificate Authority, O=TrustCor Systems S. de R.L., L=Panama City, ST=Panama, C=PA
  Issuer:  CN=TrustCor RootCert CA-1, OU=TrustCor Certificate Authority, O=TrustCor Systems S. de R.L., L=Panama City, ST=Panama, C=PA
  Algorithm: RSA; Serial number: 0xda9bec71f303b019
  Valid from Thu Feb 04 20:32:16 CST 2016 until Tue Jan 01 01:23:16 CST 2030

adding as trusted cert:
  Subject: CN=GeoTrust Universal CA, O=GeoTrust Inc., C=US
  Issuer:  CN=GeoTrust Universal CA, O=GeoTrust Inc., C=US
  Algorithm: RSA; Serial number: 0x1
  Valid from Thu Mar 04 13:00:00 CST 2004 until Sun Mar 04 13:00:00 CST 2029

adding as trusted cert:
  Subject: CN=GlobalSign, O=GlobalSign, OU=GlobalSign Root CA - R3
  Issuer:  CN=GlobalSign, O=GlobalSign, OU=GlobalSign Root CA - R3
  Algorithm: RSA; Serial number: 0x4000000000121585308a2
  Valid from Wed Mar 18 18:00:00 CST 2009 until Sun Mar 18 18:00:00 CST 2029

adding as trusted cert:
  Subject: CN=GeoTrust Universal CA 2, O=GeoTrust Inc., C=US
  Issuer:  CN=GeoTrust Universal CA 2, O=GeoTrust Inc., C=US
  Algorithm: RSA; Serial number: 0x1
  Valid from Thu Mar 04 13:00:00 CST 2004 until Sun Mar 04 13:00:00 CST 2029

adding as trusted cert:
  Subject: CN=Baltimore CyberTrust Root, OU=CyberTrust, O=Baltimore, C=IE
  Issuer:  CN=Baltimore CyberTrust Root, OU=CyberTrust, O=Baltimore, C=IE
  Algorithm: RSA; Serial number: 0x20000b9
  Valid from Sat May 13 02:46:00 CST 2000 until Tue May 13 07:59:00 CST 2025

adding as trusted cert:
  Subject: CN=AAA Certificate Services, O=Comodo CA Limited, L=Salford, ST=Greater Manchester, C=GB
  Issuer:  CN=AAA Certificate Services, O=Comodo CA Limited, L=Salford, ST=Greater Manchester, C=GB
  Algorithm: RSA; Serial number: 0x1
  Valid from Thu Jan 01 08:00:00 CST 2004 until Mon Jan 01 07:59:59 CST 2029

adding as trusted cert:
  Subject: OU=Starfield Class 2 Certification Authority, O="Starfield Technologies, Inc.", C=US
  Issuer:  OU=Starfield Class 2 Certification Authority, O="Starfield Technologies, Inc.", C=US
  Algorithm: RSA; Serial number: 0x0
  Valid from Wed Jun 30 01:39:16 CST 2004 until Fri Jun 30 01:39:16 CST 2034

adding as trusted cert:
  Subject: CN=VeriSign Class 3 Public Primary Certification Authority - G3, OU="(c) 1999 VeriSign, Inc. - For authorized use only", OU=VeriSign Trust Network, O="VeriSign, Inc.", C=US
  Issuer:  CN=VeriSign Class 3 Public Primary Certification Authority - G3, OU="(c) 1999 VeriSign, Inc. - For authorized use only", OU=VeriSign Trust Network, O="VeriSign, Inc.", C=US
  Algorithm: RSA; Serial number: 0x9b7e0649a33e62b9d5ee90487129ef57
  Valid from Fri Oct 01 08:00:00 CST 1999 until Thu Jul 17 07:59:59 CST 2036

adding as trusted cert:
  Subject: OU=AC RAIZ FNMT-RCM, O=FNMT-RCM, C=ES
  Issuer:  OU=AC RAIZ FNMT-RCM, O=FNMT-RCM, C=ES
  Algorithm: RSA; Serial number: 0x5d938d306736c8061d1ac754846907
  Valid from Wed Oct 29 23:59:56 CST 2008 until Tue Jan 01 08:00:00 CST 2030

adding as trusted cert:
  Subject: CN=GlobalSign Root CA, OU=Root CA, O=GlobalSign nv-sa, C=BE
  Issuer:  CN=GlobalSign Root CA, OU=Root CA, O=GlobalSign nv-sa, C=BE
  Algorithm: RSA; Serial number: 0x40000000001154b5ac394
  Valid from Tue Sep 01 20:00:00 CST 1998 until Fri Jan 28 20:00:00 CST 2028

adding as trusted cert:
  Subject: CN=AffirmTrust Networking, O=AffirmTrust, C=US
  Issuer:  CN=AffirmTrust Networking, O=AffirmTrust, C=US
  Algorithm: RSA; Serial number: 0x7c4f04391cd4992d
  Valid from Fri Jan 29 22:08:24 CST 2010 until Tue Dec 31 22:08:24 CST 2030

adding as trusted cert:
  Subject: CN=TWCA Global Root CA, OU=Root CA, O=TAIWAN-CA, C=TW
  Issuer:  CN=TWCA Global Root CA, OU=Root CA, O=TAIWAN-CA, C=TW
  Algorithm: RSA; Serial number: 0xcbe
  Valid from Wed Jun 27 14:28:33 CST 2012 until Tue Dec 31 23:59:59 CST 2030

adding as trusted cert:
  Subject: CN=AffirmTrust Premium, O=AffirmTrust, C=US
  Issuer:  CN=AffirmTrust Premium, O=AffirmTrust, C=US
  Algorithm: RSA; Serial number: 0x6d8c1446b1a60aee
  Valid from Fri Jan 29 22:10:36 CST 2010 until Mon Dec 31 22:10:36 CST 2040

adding as trusted cert:
  Subject: O=Government Root Certification Authority, C=TW
  Issuer:  O=Government Root Certification Authority, C=TW
  Algorithm: RSA; Serial number: 0x1f9d595ad72fc20644a5800869e35ef6
  Valid from Thu Dec 05 21:23:33 CST 2002 until Sun Dec 05 21:23:33 CST 2032

adding as trusted cert:
  Subject: CN=GeoTrust Primary Certification Authority - G3, OU=(c) 2008 GeoTrust Inc. - For authorized use only, O=GeoTrust Inc., C=US
  Issuer:  CN=GeoTrust Primary Certification Authority - G3, OU=(c) 2008 GeoTrust Inc. - For authorized use only, O=GeoTrust Inc., C=US
  Algorithm: RSA; Serial number: 0x15ac6e9419b2794b41f627a9c3180f1f
  Valid from Wed Apr 02 08:00:00 CST 2008 until Wed Dec 02 07:59:59 CST 2037

adding as trusted cert:
  Subject: CN=TWCA Root Certification Authority, OU=Root CA, O=TAIWAN-CA, C=TW
  Issuer:  CN=TWCA Root Certification Authority, OU=Root CA, O=TAIWAN-CA, C=TW
  Algorithm: RSA; Serial number: 0x1
  Valid from Thu Aug 28 15:24:33 CST 2008 until Tue Dec 31 23:59:59 CST 2030

adding as trusted cert:
  Subject: CN=LuxTrust Global Root 2, O=LuxTrust S.A., C=LU
  Issuer:  CN=LuxTrust Global Root 2, O=LuxTrust S.A., C=LU
  Algorithm: RSA; Serial number: 0xa7ea6df4b449eda6a24859ee6b815d3167fbbb1
  Valid from Thu Mar 05 21:21:57 CST 2015 until Mon Mar 05 21:21:57 CST 2035

adding as trusted cert:
  Subject: CN=Chambers of Commerce Root - 2008, O=AC Camerfirma S.A., SERIALNUMBER=A82743287, L=Madrid (see current address at www.camerfirma.com/address), C=EU
  Issuer:  CN=Chambers of Commerce Root - 2008, O=AC Camerfirma S.A., SERIALNUMBER=A82743287, L=Madrid (see current address at www.camerfirma.com/address), C=EU
  Algorithm: RSA; Serial number: 0xa3da427ea4b1aeda
  Valid from Fri Aug 01 20:29:50 CST 2008 until Sat Jul 31 20:29:50 CST 2038

adding as trusted cert:
  Subject: C=DE, O=Atos, CN=Atos TrustedRoot 2011
  Issuer:  C=DE, O=Atos, CN=Atos TrustedRoot 2011
  Algorithm: RSA; Serial number: 0x5c33cb622c5fb332
  Valid from Thu Jul 07 22:58:30 CST 2011 until Wed Jan 01 07:59:59 CST 2031

adding as trusted cert:
  Subject: CN=SSL.com EV Root Certification Authority RSA R2, O=SSL Corporation, L=Houston, ST=Texas, C=US
  Issuer:  CN=SSL.com EV Root Certification Authority RSA R2, O=SSL Corporation, L=Houston, ST=Texas, C=US
  Algorithm: RSA; Serial number: 0x56b629cd34bc78f6
  Valid from Thu Jun 01 02:14:37 CST 2017 until Sat May 31 02:14:37 CST 2042

adding as trusted cert:
  Subject: CN=SwissSign Silver CA - G2, O=SwissSign AG, C=CH
  Issuer:  CN=SwissSign Silver CA - G2, O=SwissSign AG, C=CH
  Algorithm: RSA; Serial number: 0x4f1bd42f54bb2f4b
  Valid from Wed Oct 25 16:32:46 CST 2006 until Sat Oct 25 16:32:46 CST 2036

adding as trusted cert:
  Subject: CN=SecureSign RootCA11, O="Japan Certification Services, Inc.", C=JP
  Issuer:  CN=SecureSign RootCA11, O="Japan Certification Services, Inc.", C=JP
  Algorithm: RSA; Serial number: 0x1
  Valid from Wed Apr 08 12:56:47 CST 2009 until Sun Apr 08 12:56:47 CST 2029

adding as trusted cert:
  Subject: CN=SSL.com Root Certification Authority ECC, O=SSL Corporation, L=Houston, ST=Texas, C=US
  Issuer:  CN=SSL.com Root Certification Authority ECC, O=SSL Corporation, L=Houston, ST=Texas, C=US
  Algorithm: EC; Serial number: 0x75e6dfcbc1685ba8
  Valid from Sat Feb 13 02:14:03 CST 2016 until Wed Feb 13 02:14:03 CST 2041

adding as trusted cert:
  Subject: CN=Entrust Root Certification Authority - G2, OU="(c) 2009 Entrust, Inc. - for authorized use only", OU=See www.entrust.net/legal-terms, O="Entrust, Inc.", C=US
  Issuer:  CN=Entrust Root Certification Authority - G2, OU="(c) 2009 Entrust, Inc. - for authorized use only", OU=See www.entrust.net/legal-terms, O="Entrust, Inc.", C=US
  Algorithm: RSA; Serial number: 0x4a538c28
  Valid from Wed Jul 08 01:25:54 CST 2009 until Sun Dec 08 01:55:54 CST 2030

adding as trusted cert:
  Subject: CN=DigiCert Assured ID Root CA, OU=www.digicert.com, O=DigiCert Inc, C=US
  Issuer:  CN=DigiCert Assured ID Root CA, OU=www.digicert.com, O=DigiCert Inc, C=US
  Algorithm: RSA; Serial number: 0xce7e0e517d846fe8fe560fc1bf03039
  Valid from Fri Nov 10 08:00:00 CST 2006 until Mon Nov 10 08:00:00 CST 2031

adding as trusted cert:
  Subject: OU=Go Daddy Class 2 Certification Authority, O="The Go Daddy Group, Inc.", C=US
  Issuer:  OU=Go Daddy Class 2 Certification Authority, O="The Go Daddy Group, Inc.", C=US
  Algorithm: RSA; Serial number: 0x0
  Valid from Wed Jun 30 01:06:20 CST 2004 until Fri Jun 30 01:06:20 CST 2034

adding as trusted cert:
  Subject: CN=TrustCor RootCert CA-2, OU=TrustCor Certificate Authority, O=TrustCor Systems S. de R.L., L=Panama City, ST=Panama, C=PA
  Issuer:  CN=TrustCor RootCert CA-2, OU=TrustCor Certificate Authority, O=TrustCor Systems S. de R.L., L=Panama City, ST=Panama, C=PA
  Algorithm: RSA; Serial number: 0x25a1dfca33cb5902
  Valid from Thu Feb 04 20:32:23 CST 2016 until Mon Jan 01 01:26:39 CST 2035

adding as trusted cert:
  Subject: CN=TUBITAK Kamu SM SSL Kok Sertifikasi - Surum 1, OU=Kamu Sertifikasyon Merkezi - Kamu SM, O=Turkiye Bilimsel ve Teknolojik Arastirma Kurumu - TUBITAK, L=Gebze - Kocaeli, C=TR
  Issuer:  CN=TUBITAK Kamu SM SSL Kok Sertifikasi - Surum 1, OU=Kamu Sertifikasyon Merkezi - Kamu SM, O=Turkiye Bilimsel ve Teknolojik Arastirma Kurumu - TUBITAK, L=Gebze - Kocaeli, C=TR
  Algorithm: RSA; Serial number: 0x1
  Valid from Mon Nov 25 16:25:55 CST 2013 until Sun Oct 25 16:25:55 CST 2043

adding as trusted cert:
  Subject: CN=Secure Global CA, O=SecureTrust Corporation, C=US
  Issuer:  CN=Secure Global CA, O=SecureTrust Corporation, C=US
  Algorithm: RSA; Serial number: 0x75622a4e8d48a894df413c8f0f8eaa5
  Valid from Wed Nov 08 03:42:28 CST 2006 until Tue Jan 01 03:52:06 CST 2030

adding as trusted cert:
  Subject: CN=AddTrust External CA Root, OU=AddTrust External TTP Network, O=AddTrust AB, C=SE
  Issuer:  CN=AddTrust External CA Root, OU=AddTrust External TTP Network, O=AddTrust AB, C=SE
  Algorithm: RSA; Serial number: 0x1
  Valid from Tue May 30 18:48:38 CST 2000 until Sat May 30 18:48:38 CST 2020

adding as trusted cert:
  Subject: CN=T-TeleSec GlobalRoot Class 3, OU=T-Systems Trust Center, O=T-Systems Enterprise Services GmbH, C=DE
  Issuer:  CN=T-TeleSec GlobalRoot Class 3, OU=T-Systems Trust Center, O=T-Systems Enterprise Services GmbH, C=DE
  Algorithm: RSA; Serial number: 0x1
  Valid from Wed Oct 01 18:29:56 CST 2008 until Sun Oct 02 07:59:59 CST 2033

adding as trusted cert:
  Subject: CN=Certigna Root CA, OU=0002 48146308100036, O=Dhimyotis, C=FR
  Issuer:  CN=Certigna Root CA, OU=0002 48146308100036, O=Dhimyotis, C=FR
  Algorithm: RSA; Serial number: 0xcae91b89f155030da3e6416dc4e3a6e1
  Valid from Tue Oct 01 16:32:27 CST 2013 until Sat Oct 01 16:32:27 CST 2033

adding as trusted cert:
  Subject: CN=DigiCert Global Root G3, OU=www.digicert.com, O=DigiCert Inc, C=US
  Issuer:  CN=DigiCert Global Root G3, OU=www.digicert.com, O=DigiCert Inc, C=US
  Algorithm: EC; Serial number: 0x55556bcf25ea43535c3a40fd5ab4572
  Valid from Thu Aug 01 20:00:00 CST 2013 until Fri Jan 15 20:00:00 CST 2038

adding as trusted cert:
  Subject: CN=TrustCor ECA-1, OU=TrustCor Certificate Authority, O=TrustCor Systems S. de R.L., L=Panama City, ST=Panama, C=PA
  Issuer:  CN=TrustCor ECA-1, OU=TrustCor Certificate Authority, O=TrustCor Systems S. de R.L., L=Panama City, ST=Panama, C=PA
  Algorithm: RSA; Serial number: 0x84822c5f1c62d040
  Valid from Thu Feb 04 20:32:33 CST 2016 until Tue Jan 01 01:28:07 CST 2030

adding as trusted cert:
  Subject: CN=Class 2 Primary CA, O=Certplus, C=FR
  Issuer:  CN=Class 2 Primary CA, O=Certplus, C=FR
  Algorithm: RSA; Serial number: 0x85bd4bf3d8dae369f694d75fc3a54423
  Valid from Thu Jul 08 01:05:00 CST 1999 until Sun Jul 07 07:59:59 CST 2019

adding as trusted cert:
  Subject: CN=OISTE WISeKey Global Root GA CA, OU=OISTE Foundation Endorsed, OU=Copyright (c) 2005, O=WISeKey, C=CH
  Issuer:  CN=OISTE WISeKey Global Root GA CA, OU=OISTE Foundation Endorsed, OU=Copyright (c) 2005, O=WISeKey, C=CH
  Algorithm: RSA; Serial number: 0x413d72c7f46b1f81437df1d22854df9a
  Valid from Mon Dec 12 00:03:44 CST 2005 until Sat Dec 12 00:09:51 CST 2037

adding as trusted cert:
  Subject: CN=GeoTrust Global CA, O=GeoTrust Inc., C=US
  Issuer:  CN=GeoTrust Global CA, O=GeoTrust Inc., C=US
  Algorithm: RSA; Serial number: 0x23456
  Valid from Tue May 21 12:00:00 CST 2002 until Sat May 21 12:00:00 CST 2022

adding as trusted cert:
  Subject: CN=Network Solutions Certificate Authority, O=Network Solutions L.L.C., C=US
  Issuer:  CN=Network Solutions Certificate Authority, O=Network Solutions L.L.C., C=US
  Algorithm: RSA; Serial number: 0x57cb336fc25c16e6471617e3903168e0
  Valid from Fri Dec 01 08:00:00 CST 2006 until Tue Jan 01 07:59:59 CST 2030

adding as trusted cert:
  Subject: CN=CFCA EV ROOT, O=China Financial Certification Authority, C=CN
  Issuer:  CN=CFCA EV ROOT, O=China Financial Certification Authority, C=CN
  Algorithm: RSA; Serial number: 0x184accd6
  Valid from Wed Aug 08 11:07:01 CST 2012 until Mon Dec 31 11:07:01 CST 2029

adding as trusted cert:
  Subject: CN=GlobalSign, O=GlobalSign, OU=GlobalSign ECC Root CA - R5
  Issuer:  CN=GlobalSign, O=GlobalSign, OU=GlobalSign ECC Root CA - R5
  Algorithm: EC; Serial number: 0x605949e0262ebb55f90a778a71f94ad86c
  Valid from Tue Nov 13 08:00:00 CST 2012 until Tue Jan 19 11:14:07 CST 2038

adding as trusted cert:
  Subject: CN=Hellenic Academic and Research Institutions RootCA 2011, O=Hellenic Academic and Research Institutions Cert. Authority, C=GR
  Issuer:  CN=Hellenic Academic and Research Institutions RootCA 2011, O=Hellenic Academic and Research Institutions Cert. Authority, C=GR
  Algorithm: RSA; Serial number: 0x0
  Valid from Tue Dec 06 21:49:52 CST 2011 until Mon Dec 01 21:49:52 CST 2031

adding as trusted cert:
  Subject: CN=Certum Trusted Network CA 2, OU=Certum Certification Authority, O=Unizeto Technologies S.A., C=PL
  Issuer:  CN=Certum Trusted Network CA 2, OU=Certum Certification Authority, O=Unizeto Technologies S.A., C=PL
  Algorithm: RSA; Serial number: 0x21d6d04a4f250fc93237fcaa5e128de9
  Valid from Thu Oct 06 16:39:56 CST 2011 until Sat Oct 06 16:39:56 CST 2046

adding as trusted cert:
  Subject: CN=Starfield Root Certificate Authority - G2, O="Starfield Technologies, Inc.", L=Scottsdale, ST=Arizona, C=US
  Issuer:  CN=Starfield Root Certificate Authority - G2, O="Starfield Technologies, Inc.", L=Scottsdale, ST=Arizona, C=US
  Algorithm: RSA; Serial number: 0x0
  Valid from Tue Sep 01 08:00:00 CST 2009 until Fri Jan 01 07:59:59 CST 2038

adding as trusted cert:
  Subject: CN=IdenTrust Public Sector Root CA 1, O=IdenTrust, C=US
  Issuer:  CN=IdenTrust Public Sector Root CA 1, O=IdenTrust, C=US
  Algorithm: RSA; Serial number: 0xa0142800000014523cf467c00000002
  Valid from Fri Jan 17 01:53:32 CST 2014 until Tue Jan 17 01:53:32 CST 2034

adding as trusted cert:
  Subject: CN=Entrust.net Certification Authority (2048), OU=(c) 1999 Entrust.net Limited, OU=www.entrust.net/CPS_2048 incorp. by ref. (limits liab.), O=Entrust.net
  Issuer:  CN=Entrust.net Certification Authority (2048), OU=(c) 1999 Entrust.net Limited, OU=www.entrust.net/CPS_2048 incorp. by ref. (limits liab.), O=Entrust.net
  Algorithm: RSA; Serial number: 0x3863def8
  Valid from Sat Dec 25 01:50:51 CST 1999 until Tue Jul 24 22:15:12 CST 2029

adding as trusted cert:
  Subject: CN=Staat der Nederlanden Root CA - G3, O=Staat der Nederlanden, C=NL
  Issuer:  CN=Staat der Nederlanden Root CA - G3, O=Staat der Nederlanden, C=NL
  Algorithm: RSA; Serial number: 0x98a239
  Valid from Thu Nov 14 19:28:42 CST 2013 until Tue Nov 14 07:00:00 CST 2028

adding as trusted cert:
  Subject: CN=TeliaSonera Root CA v1, O=TeliaSonera
  Issuer:  CN=TeliaSonera Root CA v1, O=TeliaSonera
  Algorithm: RSA; Serial number: 0x95be16a0f72e46f17b398272fa8bcd96
  Valid from Thu Oct 18 20:00:50 CST 2007 until Mon Oct 18 20:00:50 CST 2032

adding as trusted cert:
  Subject: CN=thawte Primary Root CA, OU="(c) 2006 thawte, Inc. - For authorized use only", OU=Certification Services Division, O="thawte, Inc.", C=US
  Issuer:  CN=thawte Primary Root CA, OU="(c) 2006 thawte, Inc. - For authorized use only", OU=Certification Services Division, O="thawte, Inc.", C=US
  Algorithm: RSA; Serial number: 0x344ed55720d5edec49f42fce37db2b6d
  Valid from Fri Nov 17 08:00:00 CST 2006 until Thu Jul 17 07:59:59 CST 2036

adding as trusted cert:
  Subject: CN=Go Daddy Root Certificate Authority - G2, O="GoDaddy.com, Inc.", L=Scottsdale, ST=Arizona, C=US
  Issuer:  CN=Go Daddy Root Certificate Authority - G2, O="GoDaddy.com, Inc.", L=Scottsdale, ST=Arizona, C=US
  Algorithm: RSA; Serial number: 0x0
  Valid from Tue Sep 01 08:00:00 CST 2009 until Fri Jan 01 07:59:59 CST 2038

adding as trusted cert:
  Subject: CN=VeriSign Class 3 Public Primary Certification Authority - G4, OU="(c) 2007 VeriSign, Inc. - For authorized use only", OU=VeriSign Trust Network, O="VeriSign, Inc.", C=US
  Issuer:  CN=VeriSign Class 3 Public Primary Certification Authority - G4, OU="(c) 2007 VeriSign, Inc. - For authorized use only", OU=VeriSign Trust Network, O="VeriSign, Inc.", C=US
  Algorithm: EC; Serial number: 0x2f80fe238c0e220f486712289187acb3
  Valid from Mon Nov 05 08:00:00 CST 2007 until Tue Jan 19 07:59:59 CST 2038

adding as trusted cert:
  Subject: CN=Staat der Nederlanden EV Root CA, O=Staat der Nederlanden, C=NL
  Issuer:  CN=Staat der Nederlanden EV Root CA, O=Staat der Nederlanden, C=NL
  Algorithm: RSA; Serial number: 0x98968d
  Valid from Wed Dec 08 19:19:29 CST 2010 until Thu Dec 08 19:10:28 CST 2022

adding as trusted cert:
  Subject: CN=Entrust Root Certification Authority, OU="(c) 2006 Entrust, Inc.", OU=www.entrust.net/CPS is incorporated by reference, O="Entrust, Inc.", C=US
  Issuer:  CN=Entrust Root Certification Authority, OU="(c) 2006 Entrust, Inc.", OU=www.entrust.net/CPS is incorporated by reference, O="Entrust, Inc.", C=US
  Algorithm: RSA; Serial number: 0x456b5054
  Valid from Tue Nov 28 04:23:42 CST 2006 until Sat Nov 28 04:53:42 CST 2026

adding as trusted cert:
  Subject: CN=GTS Root R2, O=Google Trust Services LLC, C=US
  Issuer:  CN=GTS Root R2, O=Google Trust Services LLC, C=US
  Algorithm: RSA; Serial number: 0x6e47a9c65ab3e720c5309a3f6852f26f
  Valid from Wed Jun 22 08:00:00 CST 2016 until Sun Jun 22 08:00:00 CST 2036

adding as trusted cert:
  Subject: CN=DigiCert Assured ID Root G2, OU=www.digicert.com, O=DigiCert Inc, C=US
  Issuer:  CN=DigiCert Assured ID Root G2, OU=www.digicert.com, O=DigiCert Inc, C=US
  Algorithm: RSA; Serial number: 0xb931c3ad63967ea6723bfc3af9af44b
  Valid from Thu Aug 01 20:00:00 CST 2013 until Fri Jan 15 20:00:00 CST 2038

adding as trusted cert:
  Subject: CN=SSL.com Root Certification Authority RSA, O=SSL Corporation, L=Houston, ST=Texas, C=US
  Issuer:  CN=SSL.com Root Certification Authority RSA, O=SSL Corporation, L=Houston, ST=Texas, C=US
  Algorithm: RSA; Serial number: 0x7b2c9bd316803299
  Valid from Sat Feb 13 01:39:39 CST 2016 until Wed Feb 13 01:39:39 CST 2041

adding as trusted cert:
  Subject: CN=Amazon Root CA 4, O=Amazon, C=US
  Issuer:  CN=Amazon Root CA 4, O=Amazon, C=US
  Algorithm: EC; Serial number: 0x66c9fd7c1bb104c2943e5717b7b2cc81ac10e
  Valid from Tue May 26 08:00:00 CST 2015 until Sat May 26 08:00:00 CST 2040

adding as trusted cert:
  Subject: CN=GlobalSign, O=GlobalSign, OU=GlobalSign Root CA - R6
  Issuer:  CN=GlobalSign, O=GlobalSign, OU=GlobalSign Root CA - R6
  Algorithm: RSA; Serial number: 0x45e6bb038333c3856548e6ff4551
  Valid from Wed Dec 10 08:00:00 CST 2014 until Sun Dec 10 08:00:00 CST 2034

adding as trusted cert:
  Subject: CN=CA Disig Root R2, O=Disig a.s., L=Bratislava, C=SK
  Issuer:  CN=CA Disig Root R2, O=Disig a.s., L=Bratislava, C=SK
  Algorithm: RSA; Serial number: 0x92b888dbb08ac163
  Valid from Thu Jul 19 17:15:30 CST 2012 until Sat Jul 19 17:15:30 CST 2042

adding as trusted cert:
  Subject: CN=OISTE WISeKey Global Root GC CA, OU=OISTE Foundation Endorsed, O=WISeKey, C=CH
  Issuer:  CN=OISTE WISeKey Global Root GC CA, OU=OISTE Foundation Endorsed, O=WISeKey, C=CH
  Algorithm: EC; Serial number: 0x212a560caeda0cab4045bf2ba22d3aea
  Valid from Tue May 09 17:48:34 CST 2017 until Fri May 09 17:58:33 CST 2042

adding as trusted cert:
  Subject: CN=DST Root CA X3, O=Digital Signature Trust Co.
  Issuer:  CN=DST Root CA X3, O=Digital Signature Trust Co.
  Algorithm: RSA; Serial number: 0x44afb080d6a327ba893039862ef8406b
  Valid from Sun Oct 01 05:12:19 CST 2000 until Thu Sep 30 22:01:15 CST 2021

adding as trusted cert:
  Subject: CN=Buypass Class 2 Root CA, O=Buypass AS-983163327, C=NO
  Issuer:  CN=Buypass Class 2 Root CA, O=Buypass AS-983163327, C=NO
  Algorithm: RSA; Serial number: 0x2
  Valid from Tue Oct 26 16:38:03 CST 2010 until Fri Oct 26 16:38:03 CST 2040

adding as trusted cert:
  Subject: CN=D-TRUST Root Class 3 CA 2 EV 2009, O=D-Trust GmbH, C=DE
  Issuer:  CN=D-TRUST Root Class 3 CA 2 EV 2009, O=D-Trust GmbH, C=DE
  Algorithm: RSA; Serial number: 0x983f4
  Valid from Thu Nov 05 16:50:46 CST 2009 until Mon Nov 05 16:50:46 CST 2029

adding as trusted cert:
  Subject: CN=Hongkong Post Root CA 3, O=Hongkong Post, L=Hong Kong, ST=Hong Kong, C=HK
  Issuer:  CN=Hongkong Post Root CA 3, O=Hongkong Post, L=Hong Kong, ST=Hong Kong, C=HK
  Algorithm: RSA; Serial number: 0x8165f8a4ca5ec00c99340dfc4c6ae23b81c5aa4
  Valid from Sat Jun 03 10:29:46 CST 2017 until Tue Jun 03 10:29:46 CST 2042

adding as trusted cert:
  Subject: CN=DigiCert Assured ID Root G3, OU=www.digicert.com, O=DigiCert Inc, C=US
  Issuer:  CN=DigiCert Assured ID Root G3, OU=www.digicert.com, O=DigiCert Inc, C=US
  Algorithm: EC; Serial number: 0xba15afa1ddfa0b54944afcd24a06cec
  Valid from Thu Aug 01 20:00:00 CST 2013 until Fri Jan 15 20:00:00 CST 2038

adding as trusted cert:
  Subject: CN=SwissSign Gold CA - G2, O=SwissSign AG, C=CH
  Issuer:  CN=SwissSign Gold CA - G2, O=SwissSign AG, C=CH
  Algorithm: RSA; Serial number: 0xbb401c43f55e4fb0
  Valid from Wed Oct 25 16:30:35 CST 2006 until Sat Oct 25 16:30:35 CST 2036

adding as trusted cert:
  Subject: CN=USERTrust ECC Certification Authority, O=The USERTRUST Network, L=Jersey City, ST=New Jersey, C=US
  Issuer:  CN=USERTrust ECC Certification Authority, O=The USERTRUST Network, L=Jersey City, ST=New Jersey, C=US
  Algorithm: EC; Serial number: 0x5c8b99c55a94c5d27156decd8980cc26
  Valid from Mon Feb 01 08:00:00 CST 2010 until Tue Jan 19 07:59:59 CST 2038

adding as trusted cert:
  Subject: OU=certSIGN ROOT CA, O=certSIGN, C=RO
  Issuer:  OU=certSIGN ROOT CA, O=certSIGN, C=RO
  Algorithm: RSA; Serial number: 0x200605167002
  Valid from Wed Jul 05 01:20:04 CST 2006 until Sat Jul 05 01:20:04 CST 2031

adding as trusted cert:
  Subject: CN=QuoVadis Root CA 2, O=QuoVadis Limited, C=BM
  Issuer:  CN=QuoVadis Root CA 2, O=QuoVadis Limited, C=BM
  Algorithm: RSA; Serial number: 0x509
  Valid from Sat Nov 25 02:27:00 CST 2006 until Tue Nov 25 02:23:33 CST 2031

adding as trusted cert:
  Subject: CN=IdenTrust Commercial Root CA 1, O=IdenTrust, C=US
  Issuer:  CN=IdenTrust Commercial Root CA 1, O=IdenTrust, C=US
  Algorithm: RSA; Serial number: 0xa0142800000014523c844b500000002
  Valid from Fri Jan 17 02:12:23 CST 2014 until Tue Jan 17 02:12:23 CST 2034

adding as trusted cert:
  Subject: CN=Deutsche Telekom Root CA 2, OU=T-TeleSec Trust Center, O=Deutsche Telekom AG, C=DE
  Issuer:  CN=Deutsche Telekom Root CA 2, OU=T-TeleSec Trust Center, O=Deutsche Telekom AG, C=DE
  Algorithm: RSA; Serial number: 0x26
  Valid from Fri Jul 09 20:11:00 CST 1999 until Wed Jul 10 07:59:00 CST 2019

adding as trusted cert:
  Subject: CN=D-TRUST Root Class 3 CA 2 2009, O=D-Trust GmbH, C=DE
  Issuer:  CN=D-TRUST Root Class 3 CA 2 2009, O=D-Trust GmbH, C=DE
  Algorithm: RSA; Serial number: 0x983f3
  Valid from Thu Nov 05 16:35:58 CST 2009 until Mon Nov 05 16:35:58 CST 2029

adding as trusted cert:
  Subject: CN=QuoVadis Root CA 1 G3, O=QuoVadis Limited, C=BM
  Issuer:  CN=QuoVadis Root CA 1 G3, O=QuoVadis Limited, C=BM
  Algorithm: RSA; Serial number: 0x78585f2ead2c194be3370735341328b596d46593
  Valid from Fri Jan 13 01:27:44 CST 2012 until Mon Jan 13 01:27:44 CST 2042

adding as trusted cert:
  Subject: CN=USERTrust RSA Certification Authority, O=The USERTRUST Network, L=Jersey City, ST=New Jersey, C=US
  Issuer:  CN=USERTrust RSA Certification Authority, O=The USERTRUST Network, L=Jersey City, ST=New Jersey, C=US
  Algorithm: RSA; Serial number: 0x1fd6d30fca3ca51a81bbc640e35032d
  Valid from Mon Feb 01 08:00:00 CST 2010 until Tue Jan 19 07:59:59 CST 2038

adding as trusted cert:
  Subject: CN=Izenpe.com, O=IZENPE S.A., C=ES
  Issuer:  CN=Izenpe.com, O=IZENPE S.A., C=ES
  Algorithm: RSA; Serial number: 0xb0b75a16485fbfe1cbf58bd719e67d
  Valid from Thu Dec 13 21:08:28 CST 2007 until Sun Dec 13 16:27:25 CST 2037

adding as trusted cert:
  Subject: CN=GTS Root R3, O=Google Trust Services LLC, C=US
  Issuer:  CN=GTS Root R3, O=Google Trust Services LLC, C=US
  Algorithm: EC; Serial number: 0x6e47a9c76ca9732440890f0355dd8d1d
  Valid from Wed Jun 22 08:00:00 CST 2016 until Sun Jun 22 08:00:00 CST 2036

adding as trusted cert:
  Subject: CN=GlobalSign, O=GlobalSign, OU=GlobalSign Root CA - R2
  Issuer:  CN=GlobalSign, O=GlobalSign, OU=GlobalSign Root CA - R2
  Algorithm: RSA; Serial number: 0x400000000010f8626e60d
  Valid from Fri Dec 15 16:00:00 CST 2006 until Wed Dec 15 16:00:00 CST 2021

adding as trusted cert:
  Subject: CN=VeriSign Class 3 Public Primary Certification Authority - G5, OU="(c) 2006 VeriSign, Inc. - For authorized use only", OU=VeriSign Trust Network, O="VeriSign, Inc.", C=US
  Issuer:  CN=VeriSign Class 3 Public Primary Certification Authority - G5, OU="(c) 2006 VeriSign, Inc. - For authorized use only", OU=VeriSign Trust Network, O="VeriSign, Inc.", C=US
  Algorithm: RSA; Serial number: 0x18dad19e267de8bb4a2158cdcc6b3b4a
  Valid from Wed Nov 08 08:00:00 CST 2006 until Thu Jul 17 07:59:59 CST 2036

adding as trusted cert:
  Subject: CN=QuoVadis Root CA 3, O=QuoVadis Limited, C=BM
  Issuer:  CN=QuoVadis Root CA 3, O=QuoVadis Limited, C=BM
  Algorithm: RSA; Serial number: 0x5c6
  Valid from Sat Nov 25 03:11:23 CST 2006 until Tue Nov 25 03:06:44 CST 2031

adding as trusted cert:
  Subject: CN=Starfield Services Root Certificate Authority - G2, O="Starfield Technologies, Inc.", L=Scottsdale, ST=Arizona, C=US
  Issuer:  CN=Starfield Services Root Certificate Authority - G2, O="Starfield Technologies, Inc.", L=Scottsdale, ST=Arizona, C=US
  Algorithm: RSA; Serial number: 0x0
  Valid from Tue Sep 01 08:00:00 CST 2009 until Fri Jan 01 07:59:59 CST 2038

adding as trusted cert:
  Subject: CN=OISTE WISeKey Global Root GB CA, OU=OISTE Foundation Endorsed, O=WISeKey, C=CH
  Issuer:  CN=OISTE WISeKey Global Root GB CA, OU=OISTE Foundation Endorsed, O=WISeKey, C=CH
  Algorithm: RSA; Serial number: 0x76b1205274f0858746b3f8231af6c2c0
  Valid from Mon Dec 01 23:00:32 CST 2014 until Thu Dec 01 23:10:31 CST 2039

adding as trusted cert:
  Subject: CN=emSign ECC Root CA - C3, O=eMudhra Inc, OU=emSign PKI, C=US
  Issuer:  CN=emSign ECC Root CA - C3, O=eMudhra Inc, OU=emSign PKI, C=US
  Algorithm: EC; Serial number: 0x7b71b68256b8127c9ca8
  Valid from Mon Feb 19 02:30:00 CST 2018 until Thu Feb 19 02:30:00 CST 2043

adding as trusted cert:
  Subject: CN=Amazon Root CA 3, O=Amazon, C=US
  Issuer:  CN=Amazon Root CA 3, O=Amazon, C=US
  Algorithm: EC; Serial number: 0x66c9fd5749736663f3b0b9ad9e89e7603f24a
  Valid from Tue May 26 08:00:00 CST 2015 until Sat May 26 08:00:00 CST 2040

adding as trusted cert:
  Subject: CN=QuoVadis Root CA 3 G3, O=QuoVadis Limited, C=BM
  Issuer:  CN=QuoVadis Root CA 3 G3, O=QuoVadis Limited, C=BM
  Algorithm: RSA; Serial number: 0x2ef59b0228a7db7affd5a3a9eebd03a0cf126a1d
  Valid from Fri Jan 13 04:26:32 CST 2012 until Mon Jan 13 04:26:32 CST 2042

adding as trusted cert:
  Subject: EMAILADDRESS=info@e-szigno.hu, CN=Microsec e-Szigno Root CA 2009, O=Microsec Ltd., L=Budapest, C=HU
  Issuer:  EMAILADDRESS=info@e-szigno.hu, CN=Microsec e-Szigno Root CA 2009, O=Microsec Ltd., L=Budapest, C=HU
  Algorithm: RSA; Serial number: 0xc27e43044e473f19
  Valid from Tue Jun 16 19:30:18 CST 2009 until Sun Dec 30 19:30:18 CST 2029

adding as trusted cert:
  Subject: CN=NetLock Arany (Class Gold) F?tanúsítvány, OU=Tanúsítványkiadók (Certification Services), O=NetLock Kft., L=Budapest, C=HU
  Issuer:  CN=NetLock Arany (Class Gold) F?tanúsítvány, OU=Tanúsítványkiadók (Certification Services), O=NetLock Kft., L=Budapest, C=HU
  Algorithm: RSA; Serial number: 0x49412ce40010
  Valid from Thu Dec 11 23:08:21 CST 2008 until Wed Dec 06 23:08:21 CST 2028

adding as trusted cert:
  Subject: CN=Actalis Authentication Root CA, O=Actalis S.p.A./03358520967, L=Milan, C=IT
  Issuer:  CN=Actalis Authentication Root CA, O=Actalis S.p.A./03358520967, L=Milan, C=IT
  Algorithm: RSA; Serial number: 0x570a119742c4e3cc
  Valid from Thu Sep 22 19:22:02 CST 2011 until Sun Sep 22 19:22:02 CST 2030

adding as trusted cert:
  Subject: CN=Autoridad de Certificacion Firmaprofesional CIF A62634068, C=ES
  Issuer:  CN=Autoridad de Certificacion Firmaprofesional CIF A62634068, C=ES
  Algorithm: RSA; Serial number: 0x53ec3beefbb2485f
  Valid from Wed May 20 16:38:15 CST 2009 until Tue Dec 31 16:38:15 CST 2030

adding as trusted cert:
  Subject: CN=Certigna, O=Dhimyotis, C=FR
  Issuer:  CN=Certigna, O=Dhimyotis, C=FR
  Algorithm: RSA; Serial number: 0xfedce3010fc948ff
  Valid from Fri Jun 29 23:13:05 CST 2007 until Tue Jun 29 23:13:05 CST 2027

adding as trusted cert:
  Subject: CN=E-Tugra Certification Authority, OU=E-Tugra Sertifikasyon Merkezi, O=E-Tu?ra EBG Bili?im Teknolojileri ve Hizmetleri A.?., L=Ankara, C=TR
  Issuer:  CN=E-Tugra Certification Authority, OU=E-Tugra Sertifikasyon Merkezi, O=E-Tu?ra EBG Bili?im Teknolojileri ve Hizmetleri A.?., L=Ankara, C=TR
  Algorithm: RSA; Serial number: 0x6a683e9c519bcb53
  Valid from Tue Mar 05 20:09:48 CST 2013 until Fri Mar 03 20:09:48 CST 2023

adding as trusted cert:
  Subject: CN=GTS Root R1, O=Google Trust Services LLC, C=US
  Issuer:  CN=GTS Root R1, O=Google Trust Services LLC, C=US
  Algorithm: RSA; Serial number: 0x6e47a9c54b470c0dec33d089b91cf4e1
  Valid from Wed Jun 22 08:00:00 CST 2016 until Sun Jun 22 08:00:00 CST 2036

adding as trusted cert:
  Subject: C=ES, O=ACCV, OU=PKIACCV, CN=ACCVRAIZ1
  Issuer:  C=ES, O=ACCV, OU=PKIACCV, CN=ACCVRAIZ1
  Algorithm: RSA; Serial number: 0x5ec3b7a6437fa4e0
  Valid from Thu May 05 17:37:37 CST 2011 until Tue Dec 31 17:37:37 CST 2030

adding as trusted cert:
  Subject: CN=QuoVadis Root Certification Authority, OU=Root Certification Authority, O=QuoVadis Limited, C=BM
  Issuer:  CN=QuoVadis Root Certification Authority, OU=Root Certification Authority, O=QuoVadis Limited, C=BM
  Algorithm: RSA; Serial number: 0x3ab6508b
  Valid from Tue Mar 20 02:33:33 CST 2001 until Thu Mar 18 02:33:33 CST 2021

adding as trusted cert:
  Subject: CN=SSL.com EV Root Certification Authority ECC, O=SSL Corporation, L=Houston, ST=Texas, C=US
  Issuer:  CN=SSL.com EV Root Certification Authority ECC, O=SSL Corporation, L=Houston, ST=Texas, C=US
  Algorithm: EC; Serial number: 0x2c299c5b16ed0595
  Valid from Sat Feb 13 02:15:23 CST 2016 until Wed Feb 13 02:15:23 CST 2041

adding as trusted cert:
  Subject: CN=Buypass Class 3 Root CA, O=Buypass AS-983163327, C=NO
  Issuer:  CN=Buypass Class 3 Root CA, O=Buypass AS-983163327, C=NO
  Algorithm: RSA; Serial number: 0x2
  Valid from Tue Oct 26 16:28:58 CST 2010 until Fri Oct 26 16:28:58 CST 2040

adding as trusted cert:
  Subject: CN=thawte Primary Root CA - G2, OU="(c) 2007 thawte, Inc. - For authorized use only", O="thawte, Inc.", C=US
  Issuer:  CN=thawte Primary Root CA - G2, OU="(c) 2007 thawte, Inc. - For authorized use only", O="thawte, Inc.", C=US
  Algorithm: EC; Serial number: 0x35fc265cd9844fc93d263d579baed756
  Valid from Mon Nov 05 08:00:00 CST 2007 until Tue Jan 19 07:59:59 CST 2038

adding as trusted cert:
  Subject: CN=emSign Root CA - C1, O=eMudhra Inc, OU=emSign PKI, C=US
  Issuer:  CN=emSign Root CA - C1, O=eMudhra Inc, OU=emSign PKI, C=US
  Algorithm: RSA; Serial number: 0xaecf00bac4cf32f843b2
  Valid from Mon Feb 19 02:30:00 CST 2018 until Thu Feb 19 02:30:00 CST 2043

adding as trusted cert:
  Subject: CN=VeriSign Universal Root Certification Authority, OU="(c) 2008 VeriSign, Inc. - For authorized use only", OU=VeriSign Trust Network, O="VeriSign, Inc.", C=US
  Issuer:  CN=VeriSign Universal Root Certification Authority, OU="(c) 2008 VeriSign, Inc. - For authorized use only", OU=VeriSign Trust Network, O="VeriSign, Inc.", C=US
  Algorithm: RSA; Serial number: 0x401ac46421b31321030ebbe4121ac51d
  Valid from Wed Apr 02 08:00:00 CST 2008 until Wed Dec 02 07:59:59 CST 2037

adding as trusted cert:
  Subject: CN=Cybertrust Global Root, O="Cybertrust, Inc"
  Issuer:  CN=Cybertrust Global Root, O="Cybertrust, Inc"
  Algorithm: RSA; Serial number: 0x400000000010f85aa2d48
  Valid from Fri Dec 15 16:00:00 CST 2006 until Wed Dec 15 16:00:00 CST 2021

adding as trusted cert:
  Subject: CN=GTS Root R4, O=Google Trust Services LLC, C=US
  Issuer:  CN=GTS Root R4, O=Google Trust Services LLC, C=US
  Algorithm: EC; Serial number: 0x6e47a9c88b94b6e8bb3b2ad8a2b2c199
  Valid from Wed Jun 22 08:00:00 CST 2016 until Sun Jun 22 08:00:00 CST 2036

adding as trusted cert:
  Subject: CN=Amazon Root CA 1, O=Amazon, C=US
  Issuer:  CN=Amazon Root CA 1, O=Amazon, C=US
  Algorithm: RSA; Serial number: 0x66c9fcf99bf8c0a39e2f0788a43e696365bca
  Valid from Tue May 26 08:00:00 CST 2015 until Sun Jan 17 08:00:00 CST 2038

adding as trusted cert:
  Subject: OU=Trustis FPS Root CA, O=Trustis Limited, C=GB
  Issuer:  OU=Trustis FPS Root CA, O=Trustis Limited, C=GB
  Algorithm: RSA; Serial number: 0x1b1fadb620f924d3366bf7c7f18ca059
  Valid from Tue Dec 23 20:14:06 CST 2003 until Sun Jan 21 19:36:54 CST 2024

adding as trusted cert:
  Subject: CN=GDCA TrustAUTH R5 ROOT, O="GUANG DONG CERTIFICATE AUTHORITY CO.,LTD.", C=CN
  Issuer:  CN=GDCA TrustAUTH R5 ROOT, O="GUANG DONG CERTIFICATE AUTHORITY CO.,LTD.", C=CN
  Algorithm: RSA; Serial number: 0x7d0997fef047ea7a
  Valid from Wed Nov 26 13:13:15 CST 2014 until Mon Dec 31 23:59:59 CST 2040

adding as trusted cert:
  Subject: CN=Amazon Root CA 2, O=Amazon, C=US
  Issuer:  CN=Amazon Root CA 2, O=Amazon, C=US
  Algorithm: RSA; Serial number: 0x66c9fd29635869f0a0fe58678f85b26bb8a37
  Valid from Tue May 26 08:00:00 CST 2015 until Sat May 26 08:00:00 CST 2040

adding as trusted cert:
  Subject: CN=UCA Extended Validation Root, O=UniTrust, C=CN
  Issuer:  CN=UCA Extended Validation Root, O=UniTrust, C=CN
  Algorithm: RSA; Serial number: 0x4fd22b8ff564c8339e4f345866237060
  Valid from Fri Mar 13 08:00:00 CST 2015 until Fri Dec 31 08:00:00 CST 2038

adding as trusted cert:
  Subject: CN=GlobalSign, O=GlobalSign, OU=GlobalSign ECC Root CA - R4
  Issuer:  CN=GlobalSign, O=GlobalSign, OU=GlobalSign ECC Root CA - R4
  Algorithm: EC; Serial number: 0x2a38a41c960a04de42b228a50be8349802
  Valid from Tue Nov 13 08:00:00 CST 2012 until Tue Jan 19 11:14:07 CST 2038

adding as trusted cert:
  Subject: CN=COMODO Certification Authority, O=COMODO CA Limited, L=Salford, ST=Greater Manchester, C=GB
  Issuer:  CN=COMODO Certification Authority, O=COMODO CA Limited, L=Salford, ST=Greater Manchester, C=GB
  Algorithm: RSA; Serial number: 0x4e812d8a8265e00b02ee3e350246e53d
  Valid from Fri Dec 01 08:00:00 CST 2006 until Tue Jan 01 07:59:59 CST 2030

adding as trusted cert:
  Subject: EMAILADDRESS=pki@sk.ee, CN=EE Certification Centre Root CA, O=AS Sertifitseerimiskeskus, C=EE
  Issuer:  EMAILADDRESS=pki@sk.ee, CN=EE Certification Centre Root CA, O=AS Sertifitseerimiskeskus, C=EE
  Algorithm: RSA; Serial number: 0x5480f9a073ed3f004cca89d8e371e64a
  Valid from Sat Oct 30 18:10:30 CST 2010 until Wed Dec 18 07:59:59 CST 2030

adding as trusted cert:
  Subject: CN=Global Chambersign Root - 2008, O=AC Camerfirma S.A., SERIALNUMBER=A82743287, L=Madrid (see current address at www.camerfirma.com/address), C=EU
  Issuer:  CN=Global Chambersign Root - 2008, O=AC Camerfirma S.A., SERIALNUMBER=A82743287, L=Madrid (see current address at www.camerfirma.com/address), C=EU
  Algorithm: RSA; Serial number: 0xc9cdd3e9d57d23ce
  Valid from Fri Aug 01 20:31:40 CST 2008 until Sat Jul 31 20:31:40 CST 2038

adding as trusted cert:
  Subject: CN=COMODO RSA Certification Authority, O=COMODO CA Limited, L=Salford, ST=Greater Manchester, C=GB
  Issuer:  CN=COMODO RSA Certification Authority, O=COMODO CA Limited, L=Salford, ST=Greater Manchester, C=GB
  Algorithm: RSA; Serial number: 0x4caaf9cadb636fe01ff74ed85b03869d
  Valid from Tue Jan 19 08:00:00 CST 2010 until Tue Jan 19 07:59:59 CST 2038

adding as trusted cert:
  Subject: CN=thawte Primary Root CA - G3, OU="(c) 2008 thawte, Inc. - For authorized use only", OU=Certification Services Division, O="thawte, Inc.", C=US
  Issuer:  CN=thawte Primary Root CA - G3, OU="(c) 2008 thawte, Inc. - For authorized use only", OU=Certification Services Division, O="thawte, Inc.", C=US
  Algorithm: RSA; Serial number: 0x600197b746a7eab4b49ad64b2ff790fb
  Valid from Wed Apr 02 08:00:00 CST 2008 until Wed Dec 02 07:59:59 CST 2037

adding as trusted cert:
  Subject: CN=UCA Global G2 Root, O=UniTrust, C=CN
  Issuer:  CN=UCA Global G2 Root, O=UniTrust, C=CN
  Algorithm: RSA; Serial number: 0x5ddfb1da5aa3ed5dbe5a6520650390ef
  Valid from Fri Mar 11 08:00:00 CST 2016 until Mon Dec 31 08:00:00 CST 2040

adding as trusted cert:
  Subject: CN=AffirmTrust Premium ECC, O=AffirmTrust, C=US
  Issuer:  CN=AffirmTrust Premium ECC, O=AffirmTrust, C=US
  Algorithm: EC; Serial number: 0x7497258ac73f7a54
  Valid from Fri Jan 29 22:20:24 CST 2010 until Mon Dec 31 22:20:24 CST 2040

adding as trusted cert:
  Subject: CN=T-TeleSec GlobalRoot Class 2, OU=T-Systems Trust Center, O=T-Systems Enterprise Services GmbH, C=DE
  Issuer:  CN=T-TeleSec GlobalRoot Class 2, OU=T-Systems Trust Center, O=T-Systems Enterprise Services GmbH, C=DE
  Algorithm: RSA; Serial number: 0x1
  Valid from Wed Oct 01 18:40:14 CST 2008 until Sun Oct 02 07:59:59 CST 2033

adding as trusted cert:
  Subject: CN=Staat der Nederlanden Root CA - G2, O=Staat der Nederlanden, C=NL
  Issuer:  CN=Staat der Nederlanden Root CA - G2, O=Staat der Nederlanden, C=NL
  Algorithm: RSA; Serial number: 0x98968c
  Valid from Wed Mar 26 19:18:17 CST 2008 until Wed Mar 25 19:03:10 CST 2020

adding as trusted cert:
  Subject: CN=DigiCert Global Root G2, OU=www.digicert.com, O=DigiCert Inc, C=US
  Issuer:  CN=DigiCert Global Root G2, OU=www.digicert.com, O=DigiCert Inc, C=US
  Algorithm: RSA; Serial number: 0x33af1e6a711a9a0bb2864b11d09fae5
  Valid from Thu Aug 01 20:00:00 CST 2013 until Fri Jan 15 20:00:00 CST 2038

adding as trusted cert:
  Subject: CN=SZAFIR ROOT CA2, O=Krajowa Izba Rozliczeniowa S.A., C=PL
  Issuer:  CN=SZAFIR ROOT CA2, O=Krajowa Izba Rozliczeniowa S.A., C=PL
  Algorithm: RSA; Serial number: 0x3e8a5d07ec55d232d5b7e3b65f01eb2ddce4d6e4
  Valid from Mon Oct 19 15:43:30 CST 2015 until Fri Oct 19 15:43:30 CST 2035

trigger seeding of SecureRandom
done seeding SecureRandom
Using SSLEngineImpl.
%% Initialized:  [Session-2, SSL_NULL_WITH_NULL_NULL]
%% Initialized:  [Session-3, SSL_NULL_WITH_NULL_NULL]
Using SSLEngineImpl.
%% Initialized:  [Session-4, SSL_NULL_WITH_NULL_NULL]
Finalizer, called close()
Finalizer, called closeInternal(true)
Finalizer, called closeSocket(true)
Allow unsafe renegotiation: false
Allow legacy hello messages: true
Is initial handshake: true
Is secure renegotiation: false
nioEventLoopGroup-4-2, READ: TLSv1.2 Handshake, length = 208
check handshake state: client_hello[1]
update handshake state: client_hello[1]
upcoming handshake states: server_hello[2]
*** ClientHello, TLSv1.2
RandomCookie:  GMT: 1576028752 bytes = { 166, 14, 155, 244, 244, 226, 68, 43, 155, 50, 15, 218, 156, 179, 160, 43, 174, 116, 56, 21, 31, 221, 144, 133, 11, 11, 191, 187 }
Session ID:  {}
Cipher Suites: [TLS_ECDHE_ECDSA_WITH_AES_256_CBC_SHA384, TLS_ECDHE_RSA_WITH_AES_256_CBC_SHA384, TLS_RSA_WITH_AES_256_CBC_SHA256, TLS_ECDH_ECDSA_WITH_AES_256_CBC_SHA384, TLS_ECDH_RSA_WITH_AES_256_CBC_SHA384, TLS_DHE_RSA_WITH_AES_256_CBC_SHA256, TLS_DHE_DSS_WITH_AES_256_CBC_SHA256, TLS_ECDHE_ECDSA_WITH_AES_256_CBC_SHA, TLS_ECDHE_RSA_WITH_AES_256_CBC_SHA, TLS_RSA_WITH_AES_256_CBC_SHA, TLS_ECDH_ECDSA_WITH_AES_256_CBC_SHA, TLS_ECDH_RSA_WITH_AES_256_CBC_SHA, TLS_DHE_RSA_WITH_AES_256_CBC_SHA, TLS_DHE_DSS_WITH_AES_256_CBC_SHA, TLS_ECDHE_ECDSA_WITH_AES_128_CBC_SHA256, TLS_ECDHE_RSA_WITH_AES_128_CBC_SHA256, TLS_RSA_WITH_AES_128_CBC_SHA256, TLS_ECDH_ECDSA_WITH_AES_128_CBC_SHA256, TLS_ECDH_RSA_WITH_AES_128_CBC_SHA256, TLS_DHE_RSA_WITH_AES_128_CBC_SHA256, TLS_DHE_DSS_WITH_AES_128_CBC_SHA256, TLS_ECDHE_ECDSA_WITH_AES_128_CBC_SHA, TLS_ECDHE_RSA_WITH_AES_128_CBC_SHA, TLS_RSA_WITH_AES_128_CBC_SHA, TLS_ECDH_ECDSA_WITH_AES_128_CBC_SHA, TLS_ECDH_RSA_WITH_AES_128_CBC_SHA, TLS_DHE_RSA_WITH_AES_128_CBC_SHA, TLS_DHE_DSS_WITH_AES_128_CBC_SHA, TLS_ECDHE_ECDSA_WITH_AES_256_GCM_SHA384, TLS_ECDHE_ECDSA_WITH_AES_128_GCM_SHA256, TLS_ECDHE_RSA_WITH_AES_256_GCM_SHA384, TLS_RSA_WITH_AES_256_GCM_SHA384, TLS_ECDH_ECDSA_WITH_AES_256_GCM_SHA384, TLS_ECDH_RSA_WITH_AES_256_GCM_SHA384, TLS_DHE_RSA_WITH_AES_256_GCM_SHA384, TLS_DHE_DSS_WITH_AES_256_GCM_SHA384, TLS_ECDHE_RSA_WITH_AES_128_GCM_SHA256, TLS_RSA_WITH_AES_128_GCM_SHA256, TLS_ECDH_ECDSA_WITH_AES_128_GCM_SHA256, TLS_ECDH_RSA_WITH_AES_128_GCM_SHA256, TLS_DHE_RSA_WITH_AES_128_GCM_SHA256, TLS_DHE_DSS_WITH_AES_128_GCM_SHA256, TLS_EMPTY_RENEGOTIATION_INFO_SCSV]
Compression Methods:  { 0 }
Extension elliptic_curves, curve names: {secp256r1, secp384r1, secp521r1}
Extension ec_point_formats, formats: [uncompressed]
Extension signature_algorithms, signature_algorithms: SHA512withECDSA, SHA512withRSA, SHA384withECDSA, SHA384withRSA, SHA256withECDSA, SHA256withRSA, SHA256withDSA, SHA1withECDSA, SHA1withRSA, SHA1withDSA
Extension extended_master_secret
Extension server_name, server_name: [type=host_name (0), value=activate.navicat.com]
***
%% Initialized:  [Session-5, SSL_NULL_WITH_NULL_NULL]
Standard ciphersuite chosen: TLS_ECDHE_RSA_WITH_AES_256_CBC_SHA384
%% Negotiating:  [Session-5, TLS_ECDHE_RSA_WITH_AES_256_CBC_SHA384]
*** ServerHello, TLSv1.2
RandomCookie:  GMT: 1576028752 bytes = { 103, 173, 249, 48, 114, 179, 233, 89, 252, 17, 154, 240, 14, 4, 16, 240, 106, 25, 165, 22, 165, 153, 111, 166, 17, 159, 251, 3 }
Session ID:  {94, 240, 74, 80, 245, 164, 93, 221, 110, 251, 144, 23, 240, 1, 194, 118, 58, 192, 114, 67, 52, 222, 165, 153, 245, 90, 106, 147, 151, 254, 209, 252}
Cipher Suite: TLS_ECDHE_RSA_WITH_AES_256_CBC_SHA384
Compression Method: 0
Extension renegotiation_info, renegotiated_connection: <empty>
Extension extended_master_secret
***
Cipher suite:  TLS_ECDHE_RSA_WITH_AES_256_CBC_SHA384
update handshake state: server_hello[2]
upcoming handshake states: server certificate[11]
upcoming handshake states: server_key_exchange[12](optional)
upcoming handshake states: certificate_request[13](optional)
upcoming handshake states: server_hello_done[14]
upcoming handshake states: client certificate[11](optional)
upcoming handshake states: client_key_exchange[16]
upcoming handshake states: certificate_verify[15](optional)
upcoming handshake states: client change_cipher_spec[-1]
upcoming handshake states: client finished[20]
upcoming handshake states: server change_cipher_spec[-1]
upcoming handshake states: server finished[20]
*** Certificate chain
chain [0] = [
[
  Version: V3
  Subject: CN=localhost, OU=ZooKeeper, O=Apache, L=Unknown, ST=Unknown, C=Unknown
  Signature Algorithm: SHA256withRSA, OID = 1.2.840.113549.1.1.11

  Key:  Sun RSA public key, 2048 bits
  params: null
  modulus: 20466894428749997265095448870198652391311568515891366224735448896044144250313384062095901217219702596717622583159291680947094046474456586662132842412743846124470020097713679685492900855417800931365512472314155689881392853768001073664569106127795833231344696659209258027979401908711647617989508135190248980524852215540637603770017238536229773075995665111861820945008718990948857303373661769409475939971958531493423489844433566328219155461676589360491136984327342101195255797973694339642711115427623510874675394946293706606142706174397483349590050687482693164890194014220011640037490528845185364811025836034294701994387
  public exponent: 65537
  Validity: [From: Sat Jan 31 02:57:30 CST 2015,
               To: Wed Feb 08 02:57:30 CST 3015]
  Issuer: CN=localhost, OU=ZooKeeper, O=Apache, L=Unknown, ST=Unknown, C=Unknown
  SerialNumber: [    7334b506]

Certificate Extensions: 1
[1]: ObjectId: 2.5.29.14 Criticality=false
SubjectKeyIdentifier [
KeyIdentifier [
0000: 65 D7 B4 E0 27 45 7A 00   58 2F AD D5 0B 64 2D 77  e...'Ez.X/...d-w
0010: 88 F7 AA F5                                        ....
]
]

]
  Algorithm: [SHA256withRSA]
  Signature:
0000: 1B C8 6B 36 83 1D 28 37   5C 1F 7D F6 C6 84 A0 BF  ..k6..(7\.......
0010: CA C0 47 CF C5 34 70 7A   CF 6B EA 34 84 BE 08 7A  ..G..4pz.k.4...z
0020: 98 E6 3D ED 1D E2 6F 06   DB 23 AB 41 AD D5 DF 1D  ..=...o..#.A....
0030: 92 F4 9D 05 FD 7C EE BE   4A 87 B8 F1 FE F4 5B 79  ........J.....[y
0040: DC AD F7 44 3D 67 08 7A   3B 91 D7 5A 79 44 96 D7  ...D=g.z;..ZyD..
0050: BE 0E 41 C8 64 E3 87 C3   28 11 AB DC 36 F5 B0 AC  ..A.d...(...6...
0060: BD 2F 16 1D 6E A1 52 25   5A EC 6F AD 20 71 5A 1B  ./..n.R%Z.o. qZ.
0070: 66 D4 0D A6 49 B7 75 43   C4 84 0B 4B AC BD 16 76  f...I.uC...K...v
0080: 58 2B 07 85 E2 F1 44 15   1E 67 D1 3C 13 73 5A 2D  X+....D..g.<.sZ-
0090: D6 06 0B A1 D3 09 7E EF   88 F9 C3 0E A4 10 47 EA  ..............G.
00A0: 65 5D CD F0 39 EA 2F 59   1C 08 BC F9 CC 5B C9 BB  e]..9./Y.....[..
00B0: 2F 20 19 81 97 B5 21 BB   60 A4 39 08 6C 41 2A 51  / ....!.`.9.lA*Q
00C0: B1 C3 1A A3 8C F8 ED 67   D0 EE EC 52 01 2A E4 1E  .......g...R.*..
00D0: D2 B4 34 73 DC 7E 34 24   A9 4E 77 AD FD B3 77 0D  ..4s..4$.Nw...w.
00E0: C2 7A C0 65 F6 CC 11 9D   19 AA 59 13 C3 9D AD 5F  .z.e......Y...._
00F0: 61 E6 C2 18 F0 E5 A1 49   41 B5 EF 9E 91 0C 35 9C  a......IA.....5.

]
***
update handshake state: certificate[11]
upcoming handshake states: server_key_exchange[12](optional)
upcoming handshake states: certificate_request[13](optional)
upcoming handshake states: server_hello_done[14]
upcoming handshake states: client certificate[11](optional)
upcoming handshake states: client_key_exchange[16]
upcoming handshake states: certificate_verify[15](optional)
upcoming handshake states: client change_cipher_spec[-1]
upcoming handshake states: client finished[20]
upcoming handshake states: server change_cipher_spec[-1]
upcoming handshake states: server finished[20]
*** ECDH ServerKeyExchange
Signature Algorithm SHA512withRSA
Server key: Sun EC public key, 256 bits
  public x coord: 69179391211631125611144390063474259904420962142811032727354132729506838121705
  public y coord: 25185016485101446173380004648765621793034961902827821235988370949896261985553
  parameters: secp256r1 [NIST P-256, X9.62 prime256v1] (1.2.840.10045.3.1.7)
update handshake state: server_key_exchange[12]
upcoming handshake states: certificate_request[13](optional)
upcoming handshake states: server_hello_done[14]
upcoming handshake states: client certificate[11](optional)
upcoming handshake states: client_key_exchange[16]
upcoming handshake states: certificate_verify[15](optional)
upcoming handshake states: client change_cipher_spec[-1]
upcoming handshake states: client finished[20]
upcoming handshake states: server change_cipher_spec[-1]
upcoming handshake states: server finished[20]
*** CertificateRequest
Cert Types: RSA, DSS, ECDSA
Supported Signature Algorithms: SHA512withECDSA, SHA512withRSA, SHA384withECDSA, SHA384withRSA, SHA256withECDSA, SHA256withRSA, SHA256withDSA, SHA1withECDSA, SHA1withRSA, SHA1withDSA
Cert Authorities:
<CN=localhost, OU=ZooKeeper, O=Apache, L=Unknown, ST=Unknown, C=Unknown>
update handshake state: unknown[13]
upcoming handshake states: server_hello_done[14]
upcoming handshake states: client certificate[11](optional)
upcoming handshake states: client_key_exchange[16]
upcoming handshake states: certificate_verify[15](optional)
upcoming handshake states: client change_cipher_spec[-1]
upcoming handshake states: client finished[20]
upcoming handshake states: server change_cipher_spec[-1]
upcoming handshake states: server finished[20]
*** ServerHelloDone
update handshake state: server_hello_done[14]
upcoming handshake states: client certificate[11](optional)
upcoming handshake states: client_key_exchange[16]
upcoming handshake states: certificate_verify[15](optional)
upcoming handshake states: client change_cipher_spec[-1]
upcoming handshake states: client finished[20]
upcoming handshake states: server change_cipher_spec[-1]
upcoming handshake states: server finished[20]
nioEventLoopGroup-4-2, WRITE: TLSv1.2 Handshake, length = 1478
nioEventLoopGroup-5-1, READ: TLSv1.2 Handshake, length = 1478
check handshake state: server_hello[2]
*** ServerHello, TLSv1.2
RandomCookie:  GMT: 1576028752 bytes = { 103, 173, 249, 48, 114, 179, 233, 89, 252, 17, 154, 240, 14, 4, 16, 240, 106, 25, 165, 22, 165, 153, 111, 166, 17, 159, 251, 3 }
Session ID:  {94, 240, 74, 80, 245, 164, 93, 221, 110, 251, 144, 23, 240, 1, 194, 118, 58, 192, 114, 67, 52, 222, 165, 153, 245, 90, 106, 147, 151, 254, 209, 252}
Cipher Suite: TLS_ECDHE_RSA_WITH_AES_256_CBC_SHA384
Compression Method: 0
Extension renegotiation_info, renegotiated_connection: <empty>
Extension extended_master_secret
***
%% Initialized:  [Session-6, TLS_ECDHE_RSA_WITH_AES_256_CBC_SHA384]
** TLS_ECDHE_RSA_WITH_AES_256_CBC_SHA384
update handshake state: server_hello[2]
upcoming handshake states: server certificate[11]
upcoming handshake states: server_key_exchange[12](optional)
upcoming handshake states: certificate_request[13](optional)
upcoming handshake states: server_hello_done[14]
upcoming handshake states: client certificate[11](optional)
upcoming handshake states: client_key_exchange[16]
upcoming handshake states: certificate_verify[15](optional)
upcoming handshake states: client change_cipher_spec[-1]
upcoming handshake states: client finished[20]
upcoming handshake states: server change_cipher_spec[-1]
upcoming handshake states: server finished[20]
check handshake state: certificate[11]
update handshake state: certificate[11]
upcoming handshake states: server_key_exchange[12](optional)
upcoming handshake states: certificate_request[13](optional)
upcoming handshake states: server_hello_done[14]
upcoming handshake states: client certificate[11](optional)
upcoming handshake states: client_key_exchange[16]
upcoming handshake states: certificate_verify[15](optional)
upcoming handshake states: client change_cipher_spec[-1]
upcoming handshake states: client finished[20]
upcoming handshake states: server change_cipher_spec[-1]
upcoming handshake states: server finished[20]
*** Certificate chain
chain [0] = [
[
  Version: V3
  Subject: CN=localhost, OU=ZooKeeper, O=Apache, L=Unknown, ST=Unknown, C=Unknown
  Signature Algorithm: SHA256withRSA, OID = 1.2.840.113549.1.1.11

  Key:  Sun RSA public key, 2048 bits
  params: null
  modulus: 20466894428749997265095448870198652391311568515891366224735448896044144250313384062095901217219702596717622583159291680947094046474456586662132842412743846124470020097713679685492900855417800931365512472314155689881392853768001073664569106127795833231344696659209258027979401908711647617989508135190248980524852215540637603770017238536229773075995665111861820945008718990948857303373661769409475939971958531493423489844433566328219155461676589360491136984327342101195255797973694339642711115427623510874675394946293706606142706174397483349590050687482693164890194014220011640037490528845185364811025836034294701994387
  public exponent: 65537
  Validity: [From: Sat Jan 31 02:57:30 CST 2015,
               To: Wed Feb 08 02:57:30 CST 3015]
  Issuer: CN=localhost, OU=ZooKeeper, O=Apache, L=Unknown, ST=Unknown, C=Unknown
  SerialNumber: [    7334b506]

Certificate Extensions: 1
[1]: ObjectId: 2.5.29.14 Criticality=false
SubjectKeyIdentifier [
KeyIdentifier [
0000: 65 D7 B4 E0 27 45 7A 00   58 2F AD D5 0B 64 2D 77  e...'Ez.X/...d-w
0010: 88 F7 AA F5                                        ....
]
]

]
  Algorithm: [SHA256withRSA]
  Signature:
0000: 1B C8 6B 36 83 1D 28 37   5C 1F 7D F6 C6 84 A0 BF  ..k6..(7\.......
0010: CA C0 47 CF C5 34 70 7A   CF 6B EA 34 84 BE 08 7A  ..G..4pz.k.4...z
0020: 98 E6 3D ED 1D E2 6F 06   DB 23 AB 41 AD D5 DF 1D  ..=...o..#.A....
0030: 92 F4 9D 05 FD 7C EE BE   4A 87 B8 F1 FE F4 5B 79  ........J.....[y
0040: DC AD F7 44 3D 67 08 7A   3B 91 D7 5A 79 44 96 D7  ...D=g.z;..ZyD..
0050: BE 0E 41 C8 64 E3 87 C3   28 11 AB DC 36 F5 B0 AC  ..A.d...(...6...
0060: BD 2F 16 1D 6E A1 52 25   5A EC 6F AD 20 71 5A 1B  ./..n.R%Z.o. qZ.
0070: 66 D4 0D A6 49 B7 75 43   C4 84 0B 4B AC BD 16 76  f...I.uC...K...v
0080: 58 2B 07 85 E2 F1 44 15   1E 67 D1 3C 13 73 5A 2D  X+....D..g.<.sZ-
0090: D6 06 0B A1 D3 09 7E EF   88 F9 C3 0E A4 10 47 EA  ..............G.
00A0: 65 5D CD F0 39 EA 2F 59   1C 08 BC F9 CC 5B C9 BB  e]..9./Y.....[..
00B0: 2F 20 19 81 97 B5 21 BB   60 A4 39 08 6C 41 2A 51  / ....!.`.9.lA*Q
00C0: B1 C3 1A A3 8C F8 ED 67   D0 EE EC 52 01 2A E4 1E  .......g...R.*..
00D0: D2 B4 34 73 DC 7E 34 24   A9 4E 77 AD FD B3 77 0D  ..4s..4$.Nw...w.
00E0: C2 7A C0 65 F6 CC 11 9D   19 AA 59 13 C3 9D AD 5F  .z.e......Y...._
00F0: 61 E6 C2 18 F0 E5 A1 49   41 B5 EF 9E 91 0C 35 9C  a......IA.....5.

]
***
Found trusted certificate:
[
[
  Version: V3
  Subject: CN=localhost, OU=ZooKeeper, O=Apache, L=Unknown, ST=Unknown, C=Unknown
  Signature Algorithm: SHA256withRSA, OID = 1.2.840.113549.1.1.11

  Key:  Sun RSA public key, 2048 bits
  params: null
  modulus: 20466894428749997265095448870198652391311568515891366224735448896044144250313384062095901217219702596717622583159291680947094046474456586662132842412743846124470020097713679685492900855417800931365512472314155689881392853768001073664569106127795833231344696659209258027979401908711647617989508135190248980524852215540637603770017238536229773075995665111861820945008718990948857303373661769409475939971958531493423489844433566328219155461676589360491136984327342101195255797973694339642711115427623510874675394946293706606142706174397483349590050687482693164890194014220011640037490528845185364811025836034294701994387
  public exponent: 65537
  Validity: [From: Sat Jan 31 02:57:30 CST 2015,
               To: Wed Feb 08 02:57:30 CST 3015]
  Issuer: CN=localhost, OU=ZooKeeper, O=Apache, L=Unknown, ST=Unknown, C=Unknown
  SerialNumber: [    7334b506]

Certificate Extensions: 1
[1]: ObjectId: 2.5.29.14 Criticality=false
SubjectKeyIdentifier [
KeyIdentifier [
0000: 65 D7 B4 E0 27 45 7A 00   58 2F AD D5 0B 64 2D 77  e...'Ez.X/...d-w
0010: 88 F7 AA F5                                        ....
]
]

]
  Algorithm: [SHA256withRSA]
  Signature:
0000: 1B C8 6B 36 83 1D 28 37   5C 1F 7D F6 C6 84 A0 BF  ..k6..(7\.......
0010: CA C0 47 CF C5 34 70 7A   CF 6B EA 34 84 BE 08 7A  ..G..4pz.k.4...z
0020: 98 E6 3D ED 1D E2 6F 06   DB 23 AB 41 AD D5 DF 1D  ..=...o..#.A....
0030: 92 F4 9D 05 FD 7C EE BE   4A 87 B8 F1 FE F4 5B 79  ........J.....[y
0040: DC AD F7 44 3D 67 08 7A   3B 91 D7 5A 79 44 96 D7  ...D=g.z;..ZyD..
0050: BE 0E 41 C8 64 E3 87 C3   28 11 AB DC 36 F5 B0 AC  ..A.d...(...6...
0060: BD 2F 16 1D 6E A1 52 25   5A EC 6F AD 20 71 5A 1B  ./..n.R%Z.o. qZ.
0070: 66 D4 0D A6 49 B7 75 43   C4 84 0B 4B AC BD 16 76  f...I.uC...K...v
0080: 58 2B 07 85 E2 F1 44 15   1E 67 D1 3C 13 73 5A 2D  X+....D..g.<.sZ-
0090: D6 06 0B A1 D3 09 7E EF   88 F9 C3 0E A4 10 47 EA  ..............G.
00A0: 65 5D CD F0 39 EA 2F 59   1C 08 BC F9 CC 5B C9 BB  e]..9./Y.....[..
00B0: 2F 20 19 81 97 B5 21 BB   60 A4 39 08 6C 41 2A 51  / ....!.`.9.lA*Q
00C0: B1 C3 1A A3 8C F8 ED 67   D0 EE EC 52 01 2A E4 1E  .......g...R.*..
00D0: D2 B4 34 73 DC 7E 34 24   A9 4E 77 AD FD B3 77 0D  ..4s..4$.Nw...w.
00E0: C2 7A C0 65 F6 CC 11 9D   19 AA 59 13 C3 9D AD 5F  .z.e......Y...._
00F0: 61 E6 C2 18 F0 E5 A1 49   41 B5 EF 9E 91 0C 35 9C  a......IA.....5.

]
2020-06-22 14:06:08,336 [myid:127.0.0.1:30073] - ERROR [nioEventLoopGroup-5-1:ZKTrustManager@161] - Failed to verify host address: 127.0.0.1
javax.net.ssl.SSLPeerUnverifiedException: Certificate for <127.0.0.1> doesn't match common name of the certificate subject: localhost
	at org.apache.zookeeper.common.ZKHostnameVerifier.matchCN(ZKHostnameVerifier.java:238)
	at org.apache.zookeeper.common.ZKHostnameVerifier.verify(ZKHostnameVerifier.java:184)
	at org.apache.zookeeper.common.ZKTrustManager.performHostVerification(ZKTrustManager.java:151)
	at org.apache.zookeeper.common.ZKTrustManager.checkServerTrusted(ZKTrustManager.java:118)
	at sun.security.ssl.ClientHandshaker.serverCertificate(ClientHandshaker.java:1675)
	at sun.security.ssl.ClientHandshaker.processMessage(ClientHandshaker.java:226)
	at sun.security.ssl.Handshaker.processLoop(Handshaker.java:1082)
	at sun.security.ssl.Handshaker$1.run(Handshaker.java:1015)
	at sun.security.ssl.Handshaker$1.run(Handshaker.java:1012)
	at java.security.AccessController.doPrivileged(Native Method)
	at sun.security.ssl.Handshaker$DelegatedTask.run(Handshaker.java:1504)
	at io.netty.handler.ssl.SslHandler.runAllDelegatedTasks(SslHandler.java:1510)
	at io.netty.handler.ssl.SslHandler.runDelegatedTasks(SslHandler.java:1524)
	at io.netty.handler.ssl.SslHandler.unwrap(SslHandler.java:1408)
	at io.netty.handler.ssl.SslHandler.decodeJdkCompatible(SslHandler.java:1235)
	at io.netty.handler.ssl.SslHandler.decode(SslHandler.java:1282)
	at io.netty.handler.codec.ByteToMessageDecoder.decodeRemovalReentryProtection(ByteToMessageDecoder.java:498)
	at io.netty.handler.codec.ByteToMessageDecoder.callDecode(ByteToMessageDecoder.java:437)
	at io.netty.handler.codec.ByteToMessageDecoder.channelRead(ByteToMessageDecoder.java:276)
	at io.netty.channel.AbstractChannelHandlerContext.invokeChannelRead(AbstractChannelHandlerContext.java:379)
	at io.netty.channel.AbstractChannelHandlerContext.invokeChannelRead(AbstractChannelHandlerContext.java:365)
	at io.netty.channel.AbstractChannelHandlerContext.fireChannelRead(AbstractChannelHandlerContext.java:357)
	at io.netty.channel.DefaultChannelPipeline$HeadContext.channelRead(DefaultChannelPipeline.java:1410)
	at io.netty.channel.AbstractChannelHandlerContext.invokeChannelRead(AbstractChannelHandlerContext.java:379)
	at io.netty.channel.AbstractChannelHandlerContext.invokeChannelRead(AbstractChannelHandlerContext.java:365)
	at io.netty.channel.DefaultChannelPipeline.fireChannelRead(DefaultChannelPipeline.java:919)
	at io.netty.channel.nio.AbstractNioByteChannel$NioByteUnsafe.read(AbstractNioByteChannel.java:163)
	at io.netty.channel.nio.NioEventLoop.processSelectedKey(NioEventLoop.java:714)
	at io.netty.channel.nio.NioEventLoop.processSelectedKeysOptimized(NioEventLoop.java:650)
	at io.netty.channel.nio.NioEventLoop.processSelectedKeys(NioEventLoop.java:576)
	at io.netty.channel.nio.NioEventLoop.run(NioEventLoop.java:493)
	at io.netty.util.concurrent.SingleThreadEventExecutor$4.run(SingleThreadEventExecutor.java:989)
	at io.netty.util.internal.ThreadExecutorMap$2.run(ThreadExecutorMap.java:74)
	at io.netty.util.concurrent.FastThreadLocalRunnable.run(FastThreadLocalRunnable.java:30)
	at java.lang.Thread.run(Thread.java:748)
2020-06-22 14:06:08,338 [myid:127.0.0.1:30073] - ERROR [nioEventLoopGroup-5-1:ZKTrustManager@162] - Failed to verify hostname: activate.navicat.com
javax.net.ssl.SSLPeerUnverifiedException: Certificate for <activate.navicat.com> doesn't match common name of the certificate subject: localhost
	at org.apache.zookeeper.common.ZKHostnameVerifier.matchCN(ZKHostnameVerifier.java:238)
	at org.apache.zookeeper.common.ZKHostnameVerifier.verify(ZKHostnameVerifier.java:184)
	at org.apache.zookeeper.common.ZKTrustManager.performHostVerification(ZKTrustManager.java:159)
	at org.apache.zookeeper.common.ZKTrustManager.checkServerTrusted(ZKTrustManager.java:118)
	at sun.security.ssl.ClientHandshaker.serverCertificate(ClientHandshaker.java:1675)
	at sun.security.ssl.ClientHandshaker.processMessage(ClientHandshaker.java:226)
	at sun.security.ssl.Handshaker.processLoop(Handshaker.java:1082)
	at sun.security.ssl.Handshaker$1.run(Handshaker.java:1015)
	at sun.security.ssl.Handshaker$1.run(Handshaker.java:1012)
	at java.security.AccessController.doPrivileged(Native Method)
	at sun.security.ssl.Handshaker$DelegatedTask.run(Handshaker.java:1504)
	at io.netty.handler.ssl.SslHandler.runAllDelegatedTasks(SslHandler.java:1510)
	at io.netty.handler.ssl.SslHandler.runDelegatedTasks(SslHandler.java:1524)
	at io.netty.handler.ssl.SslHandler.unwrap(SslHandler.java:1408)
	at io.netty.handler.ssl.SslHandler.decodeJdkCompatible(SslHandler.java:1235)
	at io.netty.handler.ssl.SslHandler.decode(SslHandler.java:1282)
	at io.netty.handler.codec.ByteToMessageDecoder.decodeRemovalReentryProtection(ByteToMessageDecoder.java:498)
	at io.netty.handler.codec.ByteToMessageDecoder.callDecode(ByteToMessageDecoder.java:437)
	at io.netty.handler.codec.ByteToMessageDecoder.channelRead(ByteToMessageDecoder.java:276)
	at io.netty.channel.AbstractChannelHandlerContext.invokeChannelRead(AbstractChannelHandlerContext.java:379)
	at io.netty.channel.AbstractChannelHandlerContext.invokeChannelRead(AbstractChannelHandlerContext.java:365)
	at io.netty.channel.AbstractChannelHandlerContext.fireChannelRead(AbstractChannelHandlerContext.java:357)
	at io.netty.channel.DefaultChannelPipeline$HeadContext.channelRead(DefaultChannelPipeline.java:1410)
	at io.netty.channel.AbstractChannelHandlerContext.invokeChannelRead(AbstractChannelHandlerContext.java:379)
	at io.netty.channel.AbstractChannelHandlerContext.invokeChannelRead(AbstractChannelHandlerContext.java:365)
	at io.netty.channel.DefaultChannelPipeline.fireChannelRead(DefaultChannelPipeline.java:919)
	at io.netty.channel.nio.AbstractNioByteChannel$NioByteUnsafe.read(AbstractNioByteChannel.java:163)
	at io.netty.channel.nio.NioEventLoop.processSelectedKey(NioEventLoop.java:714)
	at io.netty.channel.nio.NioEventLoop.processSelectedKeysOptimized(NioEventLoop.java:650)
	at io.netty.channel.nio.NioEventLoop.processSelectedKeys(NioEventLoop.java:576)
	at io.netty.channel.nio.NioEventLoop.run(NioEventLoop.java:493)
	at io.netty.util.concurrent.SingleThreadEventExecutor$4.run(SingleThreadEventExecutor.java:989)
	at io.netty.util.internal.ThreadExecutorMap$2.run(ThreadExecutorMap.java:74)
	at io.netty.util.concurrent.FastThreadLocalRunnable.run(FastThreadLocalRunnable.java:30)
	at java.lang.Thread.run(Thread.java:748)
nioEventLoopGroup-5-1, fatal error: 46: General SSLEngine problem
java.security.cert.CertificateException: Failed to verify both host address and host name
%% Invalidated:  [Session-1, SSL_NULL_WITH_NULL_NULL]
%% Invalidated:  [Session-6, TLS_ECDHE_RSA_WITH_AES_256_CBC_SHA384]
nioEventLoopGroup-5-1, SEND TLSv1.2 ALERT:  fatal, description = certificate_unknown
nioEventLoopGroup-5-1, WRITE: TLSv1.2 Alert, length = 2
nioEventLoopGroup-5-1, fatal: engine already closed.  Rethrowing javax.net.ssl.SSLHandshakeException: General SSLEngine problem
nioEventLoopGroup-5-1, called closeOutbound()
nioEventLoopGroup-5-1, closeOutboundInternal()
nioEventLoopGroup-5-1, called closeInbound()
nioEventLoopGroup-5-1, fatal: engine already closed.  Rethrowing javax.net.ssl.SSLException: Inbound closed before receiving peer's close_notify: possible truncation attack?
nioEventLoopGroup-4-2, READ: TLSv1.2 Alert, length = 2
nioEventLoopGroup-4-2, RECV TLSv1.2 ALERT:  fatal, certificate_unknown
nioEventLoopGroup-4-2, fatal: engine already closed.  Rethrowing javax.net.ssl.SSLException: Received fatal alert: certificate_unknown
nioEventLoopGroup-4-2, fatal: engine already closed.  Rethrowing javax.net.ssl.SSLException: Received fatal alert: certificate_unknown
2020-06-22 14:06:08,343 [myid:] - ERROR [nioEventLoopGroup-4-2:NettyServerCnxnFactory$CertificateVerifier@434] - Unsuccessful handshake with session 0x0
2020-06-22 14:06:08,343 [myid:127.0.0.1:30073] - ERROR [nioEventLoopGroup-5-1:ClientCnxnSocketNetty$ZKClientHandler@522] - Unexpected throwable
io.netty.handler.codec.DecoderException: javax.net.ssl.SSLHandshakeException: General SSLEngine problem
	at io.netty.handler.codec.ByteToMessageDecoder.callDecode(ByteToMessageDecoder.java:468)
	at io.netty.handler.codec.ByteToMessageDecoder.channelRead(ByteToMessageDecoder.java:276)
	at io.netty.channel.AbstractChannelHandlerContext.invokeChannelRead(AbstractChannelHandlerContext.java:379)
	at io.netty.channel.AbstractChannelHandlerContext.invokeChannelRead(AbstractChannelHandlerContext.java:365)
	at io.netty.channel.AbstractChannelHandlerContext.fireChannelRead(AbstractChannelHandlerContext.java:357)
	at io.netty.channel.DefaultChannelPipeline$HeadContext.channelRead(DefaultChannelPipeline.java:1410)
	at io.netty.channel.AbstractChannelHandlerContext.invokeChannelRead(AbstractChannelHandlerContext.java:379)
	at io.netty.channel.AbstractChannelHandlerContext.invokeChannelRead(AbstractChannelHandlerContext.java:365)
	at io.netty.channel.DefaultChannelPipeline.fireChannelRead(DefaultChannelPipeline.java:919)
	at io.netty.channel.nio.AbstractNioByteChannel$NioByteUnsafe.read(AbstractNioByteChannel.java:163)
	at io.netty.channel.nio.NioEventLoop.processSelectedKey(NioEventLoop.java:714)
	at io.netty.channel.nio.NioEventLoop.processSelectedKeysOptimized(NioEventLoop.java:650)
	at io.netty.channel.nio.NioEventLoop.processSelectedKeys(NioEventLoop.java:576)
	at io.netty.channel.nio.NioEventLoop.run(NioEventLoop.java:493)
	at io.netty.util.concurrent.SingleThreadEventExecutor$4.run(SingleThreadEventExecutor.java:989)
	at io.netty.util.internal.ThreadExecutorMap$2.run(ThreadExecutorMap.java:74)
	at io.netty.util.concurrent.FastThreadLocalRunnable.run(FastThreadLocalRunnable.java:30)
	at java.lang.Thread.run(Thread.java:748)
Caused by: javax.net.ssl.SSLHandshakeException: General SSLEngine problem
	at sun.security.ssl.Handshaker.checkThrown(Handshaker.java:1566)
	at sun.security.ssl.SSLEngineImpl.checkTaskThrown(SSLEngineImpl.java:545)
	at sun.security.ssl.SSLEngineImpl.readNetRecord(SSLEngineImpl.java:819)
	at sun.security.ssl.SSLEngineImpl.unwrap(SSLEngineImpl.java:783)
	at javax.net.ssl.SSLEngine.unwrap(SSLEngine.java:626)
	at io.netty.handler.ssl.SslHandler$SslEngineType$3.unwrap(SslHandler.java:281)
	at io.netty.handler.ssl.SslHandler.unwrap(SslHandler.java:1340)
	at io.netty.handler.ssl.SslHandler.decodeJdkCompatible(SslHandler.java:1235)
	at io.netty.handler.ssl.SslHandler.decode(SslHandler.java:1282)
	at io.netty.handler.codec.ByteToMessageDecoder.decodeRemovalReentryProtection(ByteToMessageDecoder.java:498)
	at io.netty.handler.codec.ByteToMessageDecoder.callDecode(ByteToMessageDecoder.java:437)
	... 17 more
Caused by: javax.net.ssl.SSLHandshakeException: General SSLEngine problem
	at sun.security.ssl.Alerts.getSSLException(Alerts.java:198)
	at sun.security.ssl.SSLEngineImpl.fatal(SSLEngineImpl.java:1729)
	at sun.security.ssl.Handshaker.fatalSE(Handshaker.java:333)
	at sun.security.ssl.Handshaker.fatalSE(Handshaker.java:325)
	at sun.security.ssl.ClientHandshaker.serverCertificate(ClientHandshaker.java:1688)
	at sun.security.ssl.ClientHandshaker.processMessage(ClientHandshaker.java:226)
	at sun.security.ssl.Handshaker.processLoop(Handshaker.java:1082)
	at sun.security.ssl.Handshaker$1.run(Handshaker.java:1015)
	at sun.security.ssl.Handshaker$1.run(Handshaker.java:1012)
	at java.security.AccessController.doPrivileged(Native Method)
	at sun.security.ssl.Handshaker$DelegatedTask.run(Handshaker.java:1504)
	at io.netty.handler.ssl.SslHandler.runAllDelegatedTasks(SslHandler.java:1510)
	at io.netty.handler.ssl.SslHandler.runDelegatedTasks(SslHandler.java:1524)
	at io.netty.handler.ssl.SslHandler.unwrap(SslHandler.java:1408)
	... 21 more
Caused by: java.security.cert.CertificateException: Failed to verify both host address and host name
	at org.apache.zookeeper.common.ZKTrustManager.performHostVerification(ZKTrustManager.java:163)
	at org.apache.zookeeper.common.ZKTrustManager.checkServerTrusted(ZKTrustManager.java:118)
	at sun.security.ssl.ClientHandshaker.serverCertificate(ClientHandshaker.java:1675)
	... 30 more
Caused by: javax.net.ssl.SSLPeerUnverifiedException: Certificate for <activate.navicat.com> doesn't match common name of the certificate subject: localhost
	at org.apache.zookeeper.common.ZKHostnameVerifier.matchCN(ZKHostnameVerifier.java:238)
	at org.apache.zookeeper.common.ZKHostnameVerifier.verify(ZKHostnameVerifier.java:184)
	at org.apache.zookeeper.common.ZKTrustManager.performHostVerification(ZKTrustManager.java:159)
	... 32 more
nioEventLoopGroup-4-2, called closeOutbound()
nioEventLoopGroup-4-2, closeOutboundInternal()
nioEventLoopGroup-4-2, SEND TLSv1.2 ALERT:  warning, description = close_notify
nioEventLoopGroup-4-2, WRITE: TLSv1.2 Alert, length = 2
nioEventLoopGroup-4-2, called closeInbound()
nioEventLoopGroup-4-2, fatal: engine already closed.  Rethrowing javax.net.ssl.SSLException: Inbound closed before receiving peer's close_notify: possible truncation attack?
2020-06-22 14:06:08,344 [myid:127.0.0.1:30073] - INFO  [nioEventLoopGroup-5-1:ClientCnxnSocketNetty@249] - channel is told closing
nioEventLoopGroup-5-1, called closeOutbound()
nioEventLoopGroup-5-1, closeOutboundInternal()
2020-06-22 14:06:08,344 [myid:127.0.0.1:30073] - WARN  [main-SendThread(127.0.0.1:30073):ClientCnxn$SendThread@1272] - Session 0x0 for sever activate.navicat.com/127.0.0.1:30073, Closing socket connection. Attempting reconnect except it is a SessionExpiredException.
EndOfStreamException: channel for sessionid 0x0 is lost
	at org.apache.zookeeper.ClientCnxnSocketNetty.doTransport(ClientCnxnSocketNetty.java:285)
	at org.apache.zookeeper.ClientCnxn$SendThread.run(ClientCnxn.java:1262)
2020-06-22 14:06:08,344 [myid:] - WARN  [nioEventLoopGroup-4-2:NettyServerCnxnFactory$CnxnChannelHandler@273] - Exception caught
io.netty.handler.codec.DecoderException: javax.net.ssl.SSLException: Received fatal alert: certificate_unknown
	at io.netty.handler.codec.ByteToMessageDecoder.callDecode(ByteToMessageDecoder.java:468)
	at io.netty.handler.codec.ByteToMessageDecoder.channelRead(ByteToMessageDecoder.java:276)
	at io.netty.channel.AbstractChannelHandlerContext.invokeChannelRead(AbstractChannelHandlerContext.java:379)
	at io.netty.channel.AbstractChannelHandlerContext.invokeChannelRead(AbstractChannelHandlerContext.java:365)
	at io.netty.channel.AbstractChannelHandlerContext.fireChannelRead(AbstractChannelHandlerContext.java:357)
	at io.netty.channel.DefaultChannelPipeline$HeadContext.channelRead(DefaultChannelPipeline.java:1410)
	at io.netty.channel.AbstractChannelHandlerContext.invokeChannelRead(AbstractChannelHandlerContext.java:379)
	at io.netty.channel.AbstractChannelHandlerContext.invokeChannelRead(AbstractChannelHandlerContext.java:365)
	at io.netty.channel.DefaultChannelPipeline.fireChannelRead(DefaultChannelPipeline.java:919)
	at io.netty.channel.nio.AbstractNioByteChannel$NioByteUnsafe.read(AbstractNioByteChannel.java:163)
	at io.netty.channel.nio.NioEventLoop.processSelectedKey(NioEventLoop.java:714)
	at io.netty.channel.nio.NioEventLoop.processSelectedKeysOptimized(NioEventLoop.java:650)
	at io.netty.channel.nio.NioEventLoop.processSelectedKeys(NioEventLoop.java:576)
	at io.netty.channel.nio.NioEventLoop.run(NioEventLoop.java:493)
	at io.netty.util.concurrent.SingleThreadEventExecutor$4.run(SingleThreadEventExecutor.java:989)
	at io.netty.util.internal.ThreadExecutorMap$2.run(ThreadExecutorMap.java:74)
	at io.netty.util.concurrent.FastThreadLocalRunnable.run(FastThreadLocalRunnable.java:30)
	at java.lang.Thread.run(Thread.java:748)
Caused by: javax.net.ssl.SSLException: Received fatal alert: certificate_unknown
	at sun.security.ssl.Alerts.getSSLException(Alerts.java:214)
	at sun.security.ssl.SSLEngineImpl.fatal(SSLEngineImpl.java:1667)
	at sun.security.ssl.SSLEngineImpl.fatal(SSLEngineImpl.java:1635)
	at sun.security.ssl.SSLEngineImpl.recvAlert(SSLEngineImpl.java:1801)
	at sun.security.ssl.SSLEngineImpl.readRecord(SSLEngineImpl.java:1090)
	at sun.security.ssl.SSLEngineImpl.readNetRecord(SSLEngineImpl.java:913)
	at sun.security.ssl.SSLEngineImpl.unwrap(SSLEngineImpl.java:783)
	at javax.net.ssl.SSLEngine.unwrap(SSLEngine.java:626)
	at io.netty.handler.ssl.SslHandler$SslEngineType$3.unwrap(SslHandler.java:281)
	at io.netty.handler.ssl.SslHandler.unwrap(SslHandler.java:1340)
	at io.netty.handler.ssl.SslHandler.decodeJdkCompatible(SslHandler.java:1235)
	at io.netty.handler.ssl.SslHandler.decode(SslHandler.java:1282)
	at io.netty.handler.codec.ByteToMessageDecoder.decodeRemovalReentryProtection(ByteToMessageDecoder.java:498)
	at io.netty.handler.codec.ByteToMessageDecoder.callDecode(ByteToMessageDecoder.java:437)
	... 17 more
nioEventLoopGroup-4-2, called closeOutbound()
nioEventLoopGroup-4-2, closeOutboundInternal()
nioEventLoopGroup-4-2, READ: TLSv1.2 Alert, length = 2
nioEventLoopGroup-4-2, RECV TLSv1.2 ALERT:  fatal, certificate_unknown
nioEventLoopGroup-4-2, fatal: engine already closed.  Rethrowing javax.net.ssl.SSLException: Received fatal alert: certificate_unknown
nioEventLoopGroup-4-2, fatal: engine already closed.  Rethrowing javax.net.ssl.SSLException: Received fatal alert: certificate_unknown
2020-06-22 14:06:08,345 [myid:127.0.0.1:30073] - INFO  [nioEventLoopGroup-5-1:ClientCnxnSocketNetty$ZKClientHandler@469] - channel is disconnected: [id: 0x711c4028, L:/127.0.0.1:54419 ! R:activate.navicat.com/127.0.0.1:30073]
nioEventLoopGroup-4-2, called closeOutbound()
nioEventLoopGroup-4-2, closeOutboundInternal()
nioEventLoopGroup-4-2, called closeInbound()
nioEventLoopGroup-4-2, closeInboundInternal()
nioEventLoopGroup-4-2, closeOutboundInternal()
2020-06-22 14:06:08,346 [myid:] - WARN  [nioEventLoopGroup-4-2:NettyServerCnxnFactory$CnxnChannelHandler@273] - Exception caught
io.netty.handler.codec.DecoderException: javax.net.ssl.SSLException: Received fatal alert: certificate_unknown
	at io.netty.handler.codec.ByteToMessageDecoder.callDecode(ByteToMessageDecoder.java:468)
	at io.netty.handler.codec.ByteToMessageDecoder.channelInputClosed(ByteToMessageDecoder.java:401)
	at io.netty.handler.codec.ByteToMessageDecoder.channelInputClosed(ByteToMessageDecoder.java:368)
	at io.netty.handler.codec.ByteToMessageDecoder.channelInactive(ByteToMessageDecoder.java:351)
	at io.netty.handler.ssl.SslHandler.channelInactive(SslHandler.java:1084)
	at io.netty.channel.AbstractChannelHandlerContext.invokeChannelInactive(AbstractChannelHandlerContext.java:262)
	at io.netty.channel.AbstractChannelHandlerContext.invokeChannelInactive(AbstractChannelHandlerContext.java:248)
	at io.netty.channel.AbstractChannelHandlerContext.fireChannelInactive(AbstractChannelHandlerContext.java:241)
	at io.netty.channel.DefaultChannelPipeline$HeadContext.channelInactive(DefaultChannelPipeline.java:1405)
	at io.netty.channel.AbstractChannelHandlerContext.invokeChannelInactive(AbstractChannelHandlerContext.java:262)
	at io.netty.channel.AbstractChannelHandlerContext.invokeChannelInactive(AbstractChannelHandlerContext.java:248)
	at io.netty.channel.DefaultChannelPipeline.fireChannelInactive(DefaultChannelPipeline.java:901)
	at io.netty.channel.AbstractChannel$AbstractUnsafe$8.run(AbstractChannel.java:818)
	at io.netty.util.concurrent.AbstractEventExecutor.safeExecute(AbstractEventExecutor.java:164)
	at io.netty.util.concurrent.SingleThreadEventExecutor.runAllTasks(SingleThreadEventExecutor.java:472)
	at io.netty.channel.nio.NioEventLoop.run(NioEventLoop.java:497)
	at io.netty.util.concurrent.SingleThreadEventExecutor$4.run(SingleThreadEventExecutor.java:989)
	at io.netty.util.internal.ThreadExecutorMap$2.run(ThreadExecutorMap.java:74)
	at io.netty.util.concurrent.FastThreadLocalRunnable.run(FastThreadLocalRunnable.java:30)
	at java.lang.Thread.run(Thread.java:748)
Caused by: javax.net.ssl.SSLException: Received fatal alert: certificate_unknown
	at sun.security.ssl.Alerts.getSSLException(Alerts.java:214)
	at sun.security.ssl.SSLEngineImpl.fatal(SSLEngineImpl.java:1667)
	at sun.security.ssl.SSLEngineImpl.fatal(SSLEngineImpl.java:1635)
	at sun.security.ssl.SSLEngineImpl.recvAlert(SSLEngineImpl.java:1801)
	at sun.security.ssl.SSLEngineImpl.readRecord(SSLEngineImpl.java:1090)
	at sun.security.ssl.SSLEngineImpl.readNetRecord(SSLEngineImpl.java:913)
	at sun.security.ssl.SSLEngineImpl.unwrap(SSLEngineImpl.java:783)
	at javax.net.ssl.SSLEngine.unwrap(SSLEngine.java:626)
	at io.netty.handler.ssl.SslHandler$SslEngineType$3.unwrap(SslHandler.java:281)
	at io.netty.handler.ssl.SslHandler.unwrap(SslHandler.java:1340)
	at io.netty.handler.ssl.SslHandler.decodeJdkCompatible(SslHandler.java:1235)
	at io.netty.handler.ssl.SslHandler.decode(SslHandler.java:1282)
	at io.netty.handler.codec.ByteToMessageDecoder.decodeRemovalReentryProtection(ByteToMessageDecoder.java:498)
	at io.netty.handler.codec.ByteToMessageDecoder.callDecode(ByteToMessageDecoder.java:437)
	... 19 more
2020-06-22 14:06:10,112 [myid:127.0.0.1:30073] - INFO  [main-SendThread(127.0.0.1:30073):ClientCnxn$SendThread@1154] - Opening socket connection to server activate.navicat.com/127.0.0.1:30073.
2020-06-22 14:06:10,112 [myid:127.0.0.1:30073] - INFO  [main-SendThread(127.0.0.1:30073):ClientCnxn$SendThread@1156] - SASL config status: Will not attempt to authenticate using SASL (unknown error)
adding as trusted cert:
  Subject: CN=localhost, OU=ZooKeeper, O=Apache, L=Unknown, ST=Unknown, C=Unknown
  Issuer:  CN=localhost, OU=ZooKeeper, O=Apache, L=Unknown, ST=Unknown, C=Unknown
  Algorithm: RSA; Serial number: 0x7334b506
  Valid from Sat Jan 31 02:57:30 CST 2015 until Wed Feb 08 02:57:30 CST 3015

trigger seeding of SecureRandom
done seeding SecureRandom
Using SSLEngineImpl.
%% Initialized:  [Session-7, SSL_NULL_WITH_NULL_NULL]
2020-06-22 14:06:10,114 [myid:127.0.0.1:30073] - INFO  [nioEventLoopGroup-5-1:ClientCnxnSocketNetty$ZKClientPipelineFactory@454] - SSL handler added for channel: [id: 0xd9ff28f0]
2020-06-22 14:06:10,114 [myid:127.0.0.1:30073] - INFO  [nioEventLoopGroup-5-1:ClientCnxn$SendThread@986] - Socket connection established, initiating session, client: /127.0.0.1:54456, server: activate.navicat.com/127.0.0.1:30073
2020-06-22 14:06:10,115 [myid:127.0.0.1:30073] - INFO  [nioEventLoopGroup-5-1:ClientCnxnSocketNetty$1@184] - channel is connected: [id: 0xd9ff28f0, L:/127.0.0.1:54456 - R:activate.navicat.com/127.0.0.1:30073]
Allow unsafe renegotiation: false
Allow legacy hello messages: true
Is initial handshake: true
Is secure renegotiation: false
Ignoring unsupported cipher suite: TLS_ECDHE_ECDSA_WITH_AES_256_CBC_SHA384 for TLSv1
Ignoring unsupported cipher suite: TLS_ECDHE_RSA_WITH_AES_256_CBC_SHA384 for TLSv1
Ignoring unsupported cipher suite: TLS_RSA_WITH_AES_256_CBC_SHA256 for TLSv1
Ignoring unsupported cipher suite: TLS_ECDH_ECDSA_WITH_AES_256_CBC_SHA384 for TLSv1
Ignoring unsupported cipher suite: TLS_ECDH_RSA_WITH_AES_256_CBC_SHA384 for TLSv1
Ignoring unsupported cipher suite: TLS_DHE_RSA_WITH_AES_256_CBC_SHA256 for TLSv1
Ignoring unsupported cipher suite: TLS_DHE_DSS_WITH_AES_256_CBC_SHA256 for TLSv1
Ignoring unsupported cipher suite: TLS_ECDHE_ECDSA_WITH_AES_256_CBC_SHA384 for TLSv1.1
Ignoring unsupported cipher suite: TLS_ECDHE_RSA_WITH_AES_256_CBC_SHA384 for TLSv1.1
Ignoring unsupported cipher suite: TLS_RSA_WITH_AES_256_CBC_SHA256 for TLSv1.1
Ignoring unsupported cipher suite: TLS_ECDH_ECDSA_WITH_AES_256_CBC_SHA384 for TLSv1.1
Ignoring unsupported cipher suite: TLS_ECDH_RSA_WITH_AES_256_CBC_SHA384 for TLSv1.1
Ignoring unsupported cipher suite: TLS_DHE_RSA_WITH_AES_256_CBC_SHA256 for TLSv1.1
Ignoring unsupported cipher suite: TLS_DHE_DSS_WITH_AES_256_CBC_SHA256 for TLSv1.1
trigger seeding of SecureRandom
done seeding SecureRandom
Using SSLEngineImpl.
%% Initialized:  [Session-8, SSL_NULL_WITH_NULL_NULL]
%% No cached client session
update handshake state: client_hello[1]
upcoming handshake states: server_hello[2]
*** ClientHello, TLSv1.2
RandomCookie:  GMT: 1576028754 bytes = { 114, 37, 30, 138, 156, 233, 236, 34, 168, 69, 231, 148, 26, 166, 247, 112, 101, 6, 78, 127, 224, 154, 227, 59, 107, 56, 139, 231 }
Session ID:  {}
Cipher Suites: [TLS_ECDHE_ECDSA_WITH_AES_256_CBC_SHA384, TLS_ECDHE_RSA_WITH_AES_256_CBC_SHA384, TLS_RSA_WITH_AES_256_CBC_SHA256, TLS_ECDH_ECDSA_WITH_AES_256_CBC_SHA384, TLS_ECDH_RSA_WITH_AES_256_CBC_SHA384, TLS_DHE_RSA_WITH_AES_256_CBC_SHA256, TLS_DHE_DSS_WITH_AES_256_CBC_SHA256, TLS_ECDHE_ECDSA_WITH_AES_256_CBC_SHA, TLS_ECDHE_RSA_WITH_AES_256_CBC_SHA, TLS_RSA_WITH_AES_256_CBC_SHA, TLS_ECDH_ECDSA_WITH_AES_256_CBC_SHA, TLS_ECDH_RSA_WITH_AES_256_CBC_SHA, TLS_DHE_RSA_WITH_AES_256_CBC_SHA, TLS_DHE_DSS_WITH_AES_256_CBC_SHA, TLS_ECDHE_ECDSA_WITH_AES_128_CBC_SHA256, TLS_ECDHE_RSA_WITH_AES_128_CBC_SHA256, TLS_RSA_WITH_AES_128_CBC_SHA256, TLS_ECDH_ECDSA_WITH_AES_128_CBC_SHA256, TLS_ECDH_RSA_WITH_AES_128_CBC_SHA256, TLS_DHE_RSA_WITH_AES_128_CBC_SHA256, TLS_DHE_DSS_WITH_AES_128_CBC_SHA256, TLS_ECDHE_ECDSA_WITH_AES_128_CBC_SHA, TLS_ECDHE_RSA_WITH_AES_128_CBC_SHA, TLS_RSA_WITH_AES_128_CBC_SHA, TLS_ECDH_ECDSA_WITH_AES_128_CBC_SHA, TLS_ECDH_RSA_WITH_AES_128_CBC_SHA, TLS_DHE_RSA_WITH_AES_128_CBC_SHA, TLS_DHE_DSS_WITH_AES_128_CBC_SHA, TLS_ECDHE_ECDSA_WITH_AES_256_GCM_SHA384, TLS_ECDHE_ECDSA_WITH_AES_128_GCM_SHA256, TLS_ECDHE_RSA_WITH_AES_256_GCM_SHA384, TLS_RSA_WITH_AES_256_GCM_SHA384, TLS_ECDH_ECDSA_WITH_AES_256_GCM_SHA384, TLS_ECDH_RSA_WITH_AES_256_GCM_SHA384, TLS_DHE_RSA_WITH_AES_256_GCM_SHA384, TLS_DHE_DSS_WITH_AES_256_GCM_SHA384, TLS_ECDHE_RSA_WITH_AES_128_GCM_SHA256, TLS_RSA_WITH_AES_128_GCM_SHA256, TLS_ECDH_ECDSA_WITH_AES_128_GCM_SHA256, TLS_ECDH_RSA_WITH_AES_128_GCM_SHA256, TLS_DHE_RSA_WITH_AES_128_GCM_SHA256, TLS_DHE_DSS_WITH_AES_128_GCM_SHA256, TLS_EMPTY_RENEGOTIATION_INFO_SCSV]
Compression Methods:  { 0 }
Extension elliptic_curves, curve names: {secp256r1, secp384r1, secp521r1}
Extension ec_point_formats, formats: [uncompressed]
Extension signature_algorithms, signature_algorithms: SHA512withECDSA, SHA512withRSA, SHA384withECDSA, SHA384withRSA, SHA256withECDSA, SHA256withRSA, SHA256withDSA, SHA1withECDSA, SHA1withRSA, SHA1withDSA
Extension extended_master_secret
Extension server_name, server_name: [type=host_name (0), value=activate.navicat.com]
***
nioEventLoopGroup-5-1, WRITE: TLSv1.2 Handshake, length = 208
Allow unsafe renegotiation: false
Allow legacy hello messages: true
Is initial handshake: true
Is secure renegotiation: false
nioEventLoopGroup-4-3, READ: TLSv1.2 Handshake, length = 208
check handshake state: client_hello[1]
update handshake state: client_hello[1]
upcoming handshake states: server_hello[2]
*** ClientHello, TLSv1.2
RandomCookie:  GMT: 1576028754 bytes = { 114, 37, 30, 138, 156, 233, 236, 34, 168, 69, 231, 148, 26, 166, 247, 112, 101, 6, 78, 127, 224, 154, 227, 59, 107, 56, 139, 231 }
Session ID:  {}
Cipher Suites: [TLS_ECDHE_ECDSA_WITH_AES_256_CBC_SHA384, TLS_ECDHE_RSA_WITH_AES_256_CBC_SHA384, TLS_RSA_WITH_AES_256_CBC_SHA256, TLS_ECDH_ECDSA_WITH_AES_256_CBC_SHA384, TLS_ECDH_RSA_WITH_AES_256_CBC_SHA384, TLS_DHE_RSA_WITH_AES_256_CBC_SHA256, TLS_DHE_DSS_WITH_AES_256_CBC_SHA256, TLS_ECDHE_ECDSA_WITH_AES_256_CBC_SHA, TLS_ECDHE_RSA_WITH_AES_256_CBC_SHA, TLS_RSA_WITH_AES_256_CBC_SHA, TLS_ECDH_ECDSA_WITH_AES_256_CBC_SHA, TLS_ECDH_RSA_WITH_AES_256_CBC_SHA, TLS_DHE_RSA_WITH_AES_256_CBC_SHA, TLS_DHE_DSS_WITH_AES_256_CBC_SHA, TLS_ECDHE_ECDSA_WITH_AES_128_CBC_SHA256, TLS_ECDHE_RSA_WITH_AES_128_CBC_SHA256, TLS_RSA_WITH_AES_128_CBC_SHA256, TLS_ECDH_ECDSA_WITH_AES_128_CBC_SHA256, TLS_ECDH_RSA_WITH_AES_128_CBC_SHA256, TLS_DHE_RSA_WITH_AES_128_CBC_SHA256, TLS_DHE_DSS_WITH_AES_128_CBC_SHA256, TLS_ECDHE_ECDSA_WITH_AES_128_CBC_SHA, TLS_ECDHE_RSA_WITH_AES_128_CBC_SHA, TLS_RSA_WITH_AES_128_CBC_SHA, TLS_ECDH_ECDSA_WITH_AES_128_CBC_SHA, TLS_ECDH_RSA_WITH_AES_128_CBC_SHA, TLS_DHE_RSA_WITH_AES_128_CBC_SHA, TLS_DHE_DSS_WITH_AES_128_CBC_SHA, TLS_ECDHE_ECDSA_WITH_AES_256_GCM_SHA384, TLS_ECDHE_ECDSA_WITH_AES_128_GCM_SHA256, TLS_ECDHE_RSA_WITH_AES_256_GCM_SHA384, TLS_RSA_WITH_AES_256_GCM_SHA384, TLS_ECDH_ECDSA_WITH_AES_256_GCM_SHA384, TLS_ECDH_RSA_WITH_AES_256_GCM_SHA384, TLS_DHE_RSA_WITH_AES_256_GCM_SHA384, TLS_DHE_DSS_WITH_AES_256_GCM_SHA384, TLS_ECDHE_RSA_WITH_AES_128_GCM_SHA256, TLS_RSA_WITH_AES_128_GCM_SHA256, TLS_ECDH_ECDSA_WITH_AES_128_GCM_SHA256, TLS_ECDH_RSA_WITH_AES_128_GCM_SHA256, TLS_DHE_RSA_WITH_AES_128_GCM_SHA256, TLS_DHE_DSS_WITH_AES_128_GCM_SHA256, TLS_EMPTY_RENEGOTIATION_INFO_SCSV]
Compression Methods:  { 0 }
Extension elliptic_curves, curve names: {secp256r1, secp384r1, secp521r1}
Extension ec_point_formats, formats: [uncompressed]
Extension signature_algorithms, signature_algorithms: SHA512withECDSA, SHA512withRSA, SHA384withECDSA, SHA384withRSA, SHA256withECDSA, SHA256withRSA, SHA256withDSA, SHA1withECDSA, SHA1withRSA, SHA1withDSA
Extension extended_master_secret
Extension server_name, server_name: [type=host_name (0), value=activate.navicat.com]
***
%% Initialized:  [Session-9, SSL_NULL_WITH_NULL_NULL]
Standard ciphersuite chosen: TLS_ECDHE_RSA_WITH_AES_256_CBC_SHA384
%% Negotiating:  [Session-9, TLS_ECDHE_RSA_WITH_AES_256_CBC_SHA384]
*** ServerHello, TLSv1.2
RandomCookie:  GMT: 1576028754 bytes = { 250, 40, 250, 18, 63, 207, 246, 148, 225, 228, 183, 56, 63, 29, 81, 115, 13, 203, 198, 37, 238, 146, 221, 105, 198, 75, 227, 161 }
Session ID:  {94, 240, 74, 82, 44, 83, 98, 17, 67, 197, 98, 53, 205, 235, 180, 7, 17, 232, 114, 150, 102, 130, 156, 55, 194, 140, 142, 182, 71, 245, 156, 1}
Cipher Suite: TLS_ECDHE_RSA_WITH_AES_256_CBC_SHA384
Compression Method: 0
Extension renegotiation_info, renegotiated_connection: <empty>
Extension extended_master_secret
***
Cipher suite:  TLS_ECDHE_RSA_WITH_AES_256_CBC_SHA384
update handshake state: server_hello[2]
upcoming handshake states: server certificate[11]
upcoming handshake states: server_key_exchange[12](optional)
upcoming handshake states: certificate_request[13](optional)
upcoming handshake states: server_hello_done[14]
upcoming handshake states: client certificate[11](optional)
upcoming handshake states: client_key_exchange[16]
upcoming handshake states: certificate_verify[15](optional)
upcoming handshake states: client change_cipher_spec[-1]
upcoming handshake states: client finished[20]
upcoming handshake states: server change_cipher_spec[-1]
upcoming handshake states: server finished[20]
*** Certificate chain
chain [0] = [
[
  Version: V3
  Subject: CN=localhost, OU=ZooKeeper, O=Apache, L=Unknown, ST=Unknown, C=Unknown
  Signature Algorithm: SHA256withRSA, OID = 1.2.840.113549.1.1.11

  Key:  Sun RSA public key, 2048 bits
  params: null
  modulus: 20466894428749997265095448870198652391311568515891366224735448896044144250313384062095901217219702596717622583159291680947094046474456586662132842412743846124470020097713679685492900855417800931365512472314155689881392853768001073664569106127795833231344696659209258027979401908711647617989508135190248980524852215540637603770017238536229773075995665111861820945008718990948857303373661769409475939971958531493423489844433566328219155461676589360491136984327342101195255797973694339642711115427623510874675394946293706606142706174397483349590050687482693164890194014220011640037490528845185364811025836034294701994387
  public exponent: 65537
  Validity: [From: Sat Jan 31 02:57:30 CST 2015,
               To: Wed Feb 08 02:57:30 CST 3015]
  Issuer: CN=localhost, OU=ZooKeeper, O=Apache, L=Unknown, ST=Unknown, C=Unknown
  SerialNumber: [    7334b506]

Certificate Extensions: 1
[1]: ObjectId: 2.5.29.14 Criticality=false
SubjectKeyIdentifier [
KeyIdentifier [
0000: 65 D7 B4 E0 27 45 7A 00   58 2F AD D5 0B 64 2D 77  e...'Ez.X/...d-w
0010: 88 F7 AA F5                                        ....
]
]

]
  Algorithm: [SHA256withRSA]
  Signature:
0000: 1B C8 6B 36 83 1D 28 37   5C 1F 7D F6 C6 84 A0 BF  ..k6..(7\.......
0010: CA C0 47 CF C5 34 70 7A   CF 6B EA 34 84 BE 08 7A  ..G..4pz.k.4...z
0020: 98 E6 3D ED 1D E2 6F 06   DB 23 AB 41 AD D5 DF 1D  ..=...o..#.A....
0030: 92 F4 9D 05 FD 7C EE BE   4A 87 B8 F1 FE F4 5B 79  ........J.....[y
0040: DC AD F7 44 3D 67 08 7A   3B 91 D7 5A 79 44 96 D7  ...D=g.z;..ZyD..
0050: BE 0E 41 C8 64 E3 87 C3   28 11 AB DC 36 F5 B0 AC  ..A.d...(...6...
0060: BD 2F 16 1D 6E A1 52 25   5A EC 6F AD 20 71 5A 1B  ./..n.R%Z.o. qZ.
0070: 66 D4 0D A6 49 B7 75 43   C4 84 0B 4B AC BD 16 76  f...I.uC...K...v
0080: 58 2B 07 85 E2 F1 44 15   1E 67 D1 3C 13 73 5A 2D  X+....D..g.<.sZ-
0090: D6 06 0B A1 D3 09 7E EF   88 F9 C3 0E A4 10 47 EA  ..............G.
00A0: 65 5D CD F0 39 EA 2F 59   1C 08 BC F9 CC 5B C9 BB  e]..9./Y.....[..
00B0: 2F 20 19 81 97 B5 21 BB   60 A4 39 08 6C 41 2A 51  / ....!.`.9.lA*Q
00C0: B1 C3 1A A3 8C F8 ED 67   D0 EE EC 52 01 2A E4 1E  .......g...R.*..
00D0: D2 B4 34 73 DC 7E 34 24   A9 4E 77 AD FD B3 77 0D  ..4s..4$.Nw...w.
00E0: C2 7A C0 65 F6 CC 11 9D   19 AA 59 13 C3 9D AD 5F  .z.e......Y...._
00F0: 61 E6 C2 18 F0 E5 A1 49   41 B5 EF 9E 91 0C 35 9C  a......IA.....5.

]
***
update handshake state: certificate[11]
upcoming handshake states: server_key_exchange[12](optional)
upcoming handshake states: certificate_request[13](optional)
upcoming handshake states: server_hello_done[14]
upcoming handshake states: client certificate[11](optional)
upcoming handshake states: client_key_exchange[16]
upcoming handshake states: certificate_verify[15](optional)
upcoming handshake states: client change_cipher_spec[-1]
upcoming handshake states: client finished[20]
upcoming handshake states: server change_cipher_spec[-1]
upcoming handshake states: server finished[20]
*** ECDH ServerKeyExchange
Signature Algorithm SHA512withRSA
Server key: Sun EC public key, 256 bits
  public x coord: 25368703794874656101156648035682816722304566684984530536824272520919428581819
  public y coord: 33577398554596925014486946014526401945427529771346491945680735852554030286593
  parameters: secp256r1 [NIST P-256, X9.62 prime256v1] (1.2.840.10045.3.1.7)
update handshake state: server_key_exchange[12]
upcoming handshake states: certificate_request[13](optional)
upcoming handshake states: server_hello_done[14]
upcoming handshake states: client certificate[11](optional)
upcoming handshake states: client_key_exchange[16]
upcoming handshake states: certificate_verify[15](optional)
upcoming handshake states: client change_cipher_spec[-1]
upcoming handshake states: client finished[20]
upcoming handshake states: server change_cipher_spec[-1]
upcoming handshake states: server finished[20]
*** CertificateRequest
Cert Types: RSA, DSS, ECDSA
Supported Signature Algorithms: SHA512withECDSA, SHA512withRSA, SHA384withECDSA, SHA384withRSA, SHA256withECDSA, SHA256withRSA, SHA256withDSA, SHA1withECDSA, SHA1withRSA, SHA1withDSA
Cert Authorities:
<CN=localhost, OU=ZooKeeper, O=Apache, L=Unknown, ST=Unknown, C=Unknown>
update handshake state: unknown[13]
upcoming handshake states: server_hello_done[14]
upcoming handshake states: client certificate[11](optional)
upcoming handshake states: client_key_exchange[16]
upcoming handshake states: certificate_verify[15](optional)
upcoming handshake states: client change_cipher_spec[-1]
upcoming handshake states: client finished[20]
upcoming handshake states: server change_cipher_spec[-1]
upcoming handshake states: server finished[20]
*** ServerHelloDone
update handshake state: server_hello_done[14]
upcoming handshake states: client certificate[11](optional)
upcoming handshake states: client_key_exchange[16]
upcoming handshake states: certificate_verify[15](optional)
upcoming handshake states: client change_cipher_spec[-1]
upcoming handshake states: client finished[20]
upcoming handshake states: server change_cipher_spec[-1]
upcoming handshake states: server finished[20]
nioEventLoopGroup-4-3, WRITE: TLSv1.2 Handshake, length = 1478
nioEventLoopGroup-5-1, READ: TLSv1.2 Handshake, length = 1478
check handshake state: server_hello[2]
*** ServerHello, TLSv1.2
RandomCookie:  GMT: 1576028754 bytes = { 250, 40, 250, 18, 63, 207, 246, 148, 225, 228, 183, 56, 63, 29, 81, 115, 13, 203, 198, 37, 238, 146, 221, 105, 198, 75, 227, 161 }
Session ID:  {94, 240, 74, 82, 44, 83, 98, 17, 67, 197, 98, 53, 205, 235, 180, 7, 17, 232, 114, 150, 102, 130, 156, 55, 194, 140, 142, 182, 71, 245, 156, 1}
Cipher Suite: TLS_ECDHE_RSA_WITH_AES_256_CBC_SHA384
Compression Method: 0
Extension renegotiation_info, renegotiated_connection: <empty>
Extension extended_master_secret
***
%% Initialized:  [Session-10, TLS_ECDHE_RSA_WITH_AES_256_CBC_SHA384]
** TLS_ECDHE_RSA_WITH_AES_256_CBC_SHA384
update handshake state: server_hello[2]
upcoming handshake states: server certificate[11]
upcoming handshake states: server_key_exchange[12](optional)
upcoming handshake states: certificate_request[13](optional)
upcoming handshake states: server_hello_done[14]
upcoming handshake states: client certificate[11](optional)
upcoming handshake states: client_key_exchange[16]
upcoming handshake states: certificate_verify[15](optional)
upcoming handshake states: client change_cipher_spec[-1]
upcoming handshake states: client finished[20]
upcoming handshake states: server change_cipher_spec[-1]
upcoming handshake states: server finished[20]
check handshake state: certificate[11]
update handshake state: certificate[11]
upcoming handshake states: server_key_exchange[12](optional)
upcoming handshake states: certificate_request[13](optional)
upcoming handshake states: server_hello_done[14]
upcoming handshake states: client certificate[11](optional)
upcoming handshake states: client_key_exchange[16]
upcoming handshake states: certificate_verify[15](optional)
upcoming handshake states: client change_cipher_spec[-1]
upcoming handshake states: client finished[20]
upcoming handshake states: server change_cipher_spec[-1]
upcoming handshake states: server finished[20]
*** Certificate chain
chain [0] = [
[
  Version: V3
  Subject: CN=localhost, OU=ZooKeeper, O=Apache, L=Unknown, ST=Unknown, C=Unknown
  Signature Algorithm: SHA256withRSA, OID = 1.2.840.113549.1.1.11

  Key:  Sun RSA public key, 2048 bits
  params: null
  modulus: 20466894428749997265095448870198652391311568515891366224735448896044144250313384062095901217219702596717622583159291680947094046474456586662132842412743846124470020097713679685492900855417800931365512472314155689881392853768001073664569106127795833231344696659209258027979401908711647617989508135190248980524852215540637603770017238536229773075995665111861820945008718990948857303373661769409475939971958531493423489844433566328219155461676589360491136984327342101195255797973694339642711115427623510874675394946293706606142706174397483349590050687482693164890194014220011640037490528845185364811025836034294701994387
  public exponent: 65537
  Validity: [From: Sat Jan 31 02:57:30 CST 2015,
               To: Wed Feb 08 02:57:30 CST 3015]
  Issuer: CN=localhost, OU=ZooKeeper, O=Apache, L=Unknown, ST=Unknown, C=Unknown
  SerialNumber: [    7334b506]

Certificate Extensions: 1
[1]: ObjectId: 2.5.29.14 Criticality=false
SubjectKeyIdentifier [
KeyIdentifier [
0000: 65 D7 B4 E0 27 45 7A 00   58 2F AD D5 0B 64 2D 77  e...'Ez.X/...d-w
0010: 88 F7 AA F5                                        ....
]
]

]
  Algorithm: [SHA256withRSA]
  Signature:
0000: 1B C8 6B 36 83 1D 28 37   5C 1F 7D F6 C6 84 A0 BF  ..k6..(7\.......
0010: CA C0 47 CF C5 34 70 7A   CF 6B EA 34 84 BE 08 7A  ..G..4pz.k.4...z
0020: 98 E6 3D ED 1D E2 6F 06   DB 23 AB 41 AD D5 DF 1D  ..=...o..#.A....
0030: 92 F4 9D 05 FD 7C EE BE   4A 87 B8 F1 FE F4 5B 79  ........J.....[y
0040: DC AD F7 44 3D 67 08 7A   3B 91 D7 5A 79 44 96 D7  ...D=g.z;..ZyD..
0050: BE 0E 41 C8 64 E3 87 C3   28 11 AB DC 36 F5 B0 AC  ..A.d...(...6...
0060: BD 2F 16 1D 6E A1 52 25   5A EC 6F AD 20 71 5A 1B  ./..n.R%Z.o. qZ.
0070: 66 D4 0D A6 49 B7 75 43   C4 84 0B 4B AC BD 16 76  f...I.uC...K...v
0080: 58 2B 07 85 E2 F1 44 15   1E 67 D1 3C 13 73 5A 2D  X+....D..g.<.sZ-
0090: D6 06 0B A1 D3 09 7E EF   88 F9 C3 0E A4 10 47 EA  ..............G.
00A0: 65 5D CD F0 39 EA 2F 59   1C 08 BC F9 CC 5B C9 BB  e]..9./Y.....[..
00B0: 2F 20 19 81 97 B5 21 BB   60 A4 39 08 6C 41 2A 51  / ....!.`.9.lA*Q
00C0: B1 C3 1A A3 8C F8 ED 67   D0 EE EC 52 01 2A E4 1E  .......g...R.*..
00D0: D2 B4 34 73 DC 7E 34 24   A9 4E 77 AD FD B3 77 0D  ..4s..4$.Nw...w.
00E0: C2 7A C0 65 F6 CC 11 9D   19 AA 59 13 C3 9D AD 5F  .z.e......Y...._
00F0: 61 E6 C2 18 F0 E5 A1 49   41 B5 EF 9E 91 0C 35 9C  a......IA.....5.

]
***
Found trusted certificate:
[
[
  Version: V3
  Subject: CN=localhost, OU=ZooKeeper, O=Apache, L=Unknown, ST=Unknown, C=Unknown
  Signature Algorithm: SHA256withRSA, OID = 1.2.840.113549.1.1.11

  Key:  Sun RSA public key, 2048 bits
  params: null
  modulus: 20466894428749997265095448870198652391311568515891366224735448896044144250313384062095901217219702596717622583159291680947094046474456586662132842412743846124470020097713679685492900855417800931365512472314155689881392853768001073664569106127795833231344696659209258027979401908711647617989508135190248980524852215540637603770017238536229773075995665111861820945008718990948857303373661769409475939971958531493423489844433566328219155461676589360491136984327342101195255797973694339642711115427623510874675394946293706606142706174397483349590050687482693164890194014220011640037490528845185364811025836034294701994387
  public exponent: 65537
  Validity: [From: Sat Jan 31 02:57:30 CST 2015,
               To: Wed Feb 08 02:57:30 CST 3015]
  Issuer: CN=localhost, OU=ZooKeeper, O=Apache, L=Unknown, ST=Unknown, C=Unknown
  SerialNumber: [    7334b506]

Certificate Extensions: 1
[1]: ObjectId: 2.5.29.14 Criticality=false
SubjectKeyIdentifier [
KeyIdentifier [
0000: 65 D7 B4 E0 27 45 7A 00   58 2F AD D5 0B 64 2D 77  e...'Ez.X/...d-w
0010: 88 F7 AA F5                                        ....
]
]

]
  Algorithm: [SHA256withRSA]
  Signature:
0000: 1B C8 6B 36 83 1D 28 37   5C 1F 7D F6 C6 84 A0 BF  ..k6..(7\.......
0010: CA C0 47 CF C5 34 70 7A   CF 6B EA 34 84 BE 08 7A  ..G..4pz.k.4...z
0020: 98 E6 3D ED 1D E2 6F 06   DB 23 AB 41 AD D5 DF 1D  ..=...o..#.A....
0030: 92 F4 9D 05 FD 7C EE BE   4A 87 B8 F1 FE F4 5B 79  ........J.....[y
0040: DC AD F7 44 3D 67 08 7A   3B 91 D7 5A 79 44 96 D7  ...D=g.z;..ZyD..
0050: BE 0E 41 C8 64 E3 87 C3   28 11 AB DC 36 F5 B0 AC  ..A.d...(...6...
0060: BD 2F 16 1D 6E A1 52 25   5A EC 6F AD 20 71 5A 1B  ./..n.R%Z.o. qZ.
0070: 66 D4 0D A6 49 B7 75 43   C4 84 0B 4B AC BD 16 76  f...I.uC...K...v
0080: 58 2B 07 85 E2 F1 44 15   1E 67 D1 3C 13 73 5A 2D  X+....D..g.<.sZ-
0090: D6 06 0B A1 D3 09 7E EF   88 F9 C3 0E A4 10 47 EA  ..............G.
00A0: 65 5D CD F0 39 EA 2F 59   1C 08 BC F9 CC 5B C9 BB  e]..9./Y.....[..
00B0: 2F 20 19 81 97 B5 21 BB   60 A4 39 08 6C 41 2A 51  / ....!.`.9.lA*Q
00C0: B1 C3 1A A3 8C F8 ED 67   D0 EE EC 52 01 2A E4 1E  .......g...R.*..
00D0: D2 B4 34 73 DC 7E 34 24   A9 4E 77 AD FD B3 77 0D  ..4s..4$.Nw...w.
00E0: C2 7A C0 65 F6 CC 11 9D   19 AA 59 13 C3 9D AD 5F  .z.e......Y...._
00F0: 61 E6 C2 18 F0 E5 A1 49   41 B5 EF 9E 91 0C 35 9C  a......IA.....5.

]
2020-06-22 14:06:10,144 [myid:127.0.0.1:30073] - ERROR [nioEventLoopGroup-5-1:ZKTrustManager@161] - Failed to verify host address: 127.0.0.1
javax.net.ssl.SSLPeerUnverifiedException: Certificate for <127.0.0.1> doesn't match common name of the certificate subject: localhost
	at org.apache.zookeeper.common.ZKHostnameVerifier.matchCN(ZKHostnameVerifier.java:238)
	at org.apache.zookeeper.common.ZKHostnameVerifier.verify(ZKHostnameVerifier.java:184)
	at org.apache.zookeeper.common.ZKTrustManager.performHostVerification(ZKTrustManager.java:151)
	at org.apache.zookeeper.common.ZKTrustManager.checkServerTrusted(ZKTrustManager.java:118)
	at sun.security.ssl.ClientHandshaker.serverCertificate(ClientHandshaker.java:1675)
	at sun.security.ssl.ClientHandshaker.processMessage(ClientHandshaker.java:226)
	at sun.security.ssl.Handshaker.processLoop(Handshaker.java:1082)
	at sun.security.ssl.Handshaker$1.run(Handshaker.java:1015)
	at sun.security.ssl.Handshaker$1.run(Handshaker.java:1012)
	at java.security.AccessController.doPrivileged(Native Method)
	at sun.security.ssl.Handshaker$DelegatedTask.run(Handshaker.java:1504)
	at io.netty.handler.ssl.SslHandler.runAllDelegatedTasks(SslHandler.java:1510)
	at io.netty.handler.ssl.SslHandler.runDelegatedTasks(SslHandler.java:1524)
	at io.netty.handler.ssl.SslHandler.unwrap(SslHandler.java:1408)
	at io.netty.handler.ssl.SslHandler.decodeJdkCompatible(SslHandler.java:1235)
	at io.netty.handler.ssl.SslHandler.decode(SslHandler.java:1282)
	at io.netty.handler.codec.ByteToMessageDecoder.decodeRemovalReentryProtection(ByteToMessageDecoder.java:498)
	at io.netty.handler.codec.ByteToMessageDecoder.callDecode(ByteToMessageDecoder.java:437)
	at io.netty.handler.codec.ByteToMessageDecoder.channelRead(ByteToMessageDecoder.java:276)
	at io.netty.channel.AbstractChannelHandlerContext.invokeChannelRead(AbstractChannelHandlerContext.java:379)
	at io.netty.channel.AbstractChannelHandlerContext.invokeChannelRead(AbstractChannelHandlerContext.java:365)
	at io.netty.channel.AbstractChannelHandlerContext.fireChannelRead(AbstractChannelHandlerContext.java:357)
	at io.netty.channel.DefaultChannelPipeline$HeadContext.channelRead(DefaultChannelPipeline.java:1410)
	at io.netty.channel.AbstractChannelHandlerContext.invokeChannelRead(AbstractChannelHandlerContext.java:379)
	at io.netty.channel.AbstractChannelHandlerContext.invokeChannelRead(AbstractChannelHandlerContext.java:365)
	at io.netty.channel.DefaultChannelPipeline.fireChannelRead(DefaultChannelPipeline.java:919)
	at io.netty.channel.nio.AbstractNioByteChannel$NioByteUnsafe.read(AbstractNioByteChannel.java:163)
	at io.netty.channel.nio.NioEventLoop.processSelectedKey(NioEventLoop.java:714)
	at io.netty.channel.nio.NioEventLoop.processSelectedKeysOptimized(NioEventLoop.java:650)
	at io.netty.channel.nio.NioEventLoop.processSelectedKeys(NioEventLoop.java:576)
	at io.netty.channel.nio.NioEventLoop.run(NioEventLoop.java:493)
	at io.netty.util.concurrent.SingleThreadEventExecutor$4.run(SingleThreadEventExecutor.java:989)
	at io.netty.util.internal.ThreadExecutorMap$2.run(ThreadExecutorMap.java:74)
	at io.netty.util.concurrent.FastThreadLocalRunnable.run(FastThreadLocalRunnable.java:30)
	at java.lang.Thread.run(Thread.java:748)
2020-06-22 14:06:10,144 [myid:127.0.0.1:30073] - ERROR [nioEventLoopGroup-5-1:ZKTrustManager@162] - Failed to verify hostname: activate.navicat.com
javax.net.ssl.SSLPeerUnverifiedException: Certificate for <activate.navicat.com> doesn't match common name of the certificate subject: localhost
	at org.apache.zookeeper.common.ZKHostnameVerifier.matchCN(ZKHostnameVerifier.java:238)
	at org.apache.zookeeper.common.ZKHostnameVerifier.verify(ZKHostnameVerifier.java:184)
	at org.apache.zookeeper.common.ZKTrustManager.performHostVerification(ZKTrustManager.java:159)
	at org.apache.zookeeper.common.ZKTrustManager.checkServerTrusted(ZKTrustManager.java:118)
	at sun.security.ssl.ClientHandshaker.serverCertificate(ClientHandshaker.java:1675)
	at sun.security.ssl.ClientHandshaker.processMessage(ClientHandshaker.java:226)
	at sun.security.ssl.Handshaker.processLoop(Handshaker.java:1082)
	at sun.security.ssl.Handshaker$1.run(Handshaker.java:1015)
	at sun.security.ssl.Handshaker$1.run(Handshaker.java:1012)
	at java.security.AccessController.doPrivileged(Native Method)
	at sun.security.ssl.Handshaker$DelegatedTask.run(Handshaker.java:1504)
	at io.netty.handler.ssl.SslHandler.runAllDelegatedTasks(SslHandler.java:1510)
	at io.netty.handler.ssl.SslHandler.runDelegatedTasks(SslHandler.java:1524)
	at io.netty.handler.ssl.SslHandler.unwrap(SslHandler.java:1408)
	at io.netty.handler.ssl.SslHandler.decodeJdkCompatible(SslHandler.java:1235)
	at io.netty.handler.ssl.SslHandler.decode(SslHandler.java:1282)
	at io.netty.handler.codec.ByteToMessageDecoder.decodeRemovalReentryProtection(ByteToMessageDecoder.java:498)
	at io.netty.handler.codec.ByteToMessageDecoder.callDecode(ByteToMessageDecoder.java:437)
	at io.netty.handler.codec.ByteToMessageDecoder.channelRead(ByteToMessageDecoder.java:276)
	at io.netty.channel.AbstractChannelHandlerContext.invokeChannelRead(AbstractChannelHandlerContext.java:379)
	at io.netty.channel.AbstractChannelHandlerContext.invokeChannelRead(AbstractChannelHandlerContext.java:365)
	at io.netty.channel.AbstractChannelHandlerContext.fireChannelRead(AbstractChannelHandlerContext.java:357)
	at io.netty.channel.DefaultChannelPipeline$HeadContext.channelRead(DefaultChannelPipeline.java:1410)
	at io.netty.channel.AbstractChannelHandlerContext.invokeChannelRead(AbstractChannelHandlerContext.java:379)
	at io.netty.channel.AbstractChannelHandlerContext.invokeChannelRead(AbstractChannelHandlerContext.java:365)
	at io.netty.channel.DefaultChannelPipeline.fireChannelRead(DefaultChannelPipeline.java:919)
	at io.netty.channel.nio.AbstractNioByteChannel$NioByteUnsafe.read(AbstractNioByteChannel.java:163)
	at io.netty.channel.nio.NioEventLoop.processSelectedKey(NioEventLoop.java:714)
	at io.netty.channel.nio.NioEventLoop.processSelectedKeysOptimized(NioEventLoop.java:650)
	at io.netty.channel.nio.NioEventLoop.processSelectedKeys(NioEventLoop.java:576)
	at io.netty.channel.nio.NioEventLoop.run(NioEventLoop.java:493)
	at io.netty.util.concurrent.SingleThreadEventExecutor$4.run(SingleThreadEventExecutor.java:989)
	at io.netty.util.internal.ThreadExecutorMap$2.run(ThreadExecutorMap.java:74)
	at io.netty.util.concurrent.FastThreadLocalRunnable.run(FastThreadLocalRunnable.java:30)
	at java.lang.Thread.run(Thread.java:748)
nioEventLoopGroup-5-1, fatal error: 46: General SSLEngine problem
java.security.cert.CertificateException: Failed to verify both host address and host name
%% Invalidated:  [Session-7, SSL_NULL_WITH_NULL_NULL]
%% Invalidated:  [Session-10, TLS_ECDHE_RSA_WITH_AES_256_CBC_SHA384]
nioEventLoopGroup-5-1, SEND TLSv1.2 ALERT:  fatal, description = certificate_unknown
nioEventLoopGroup-5-1, WRITE: TLSv1.2 Alert, length = 2
nioEventLoopGroup-5-1, fatal: engine already closed.  Rethrowing javax.net.ssl.SSLHandshakeException: General SSLEngine problem
nioEventLoopGroup-5-1, called closeOutbound()
nioEventLoopGroup-5-1, closeOutboundInternal()
nioEventLoopGroup-5-1, called closeInbound()
nioEventLoopGroup-5-1, fatal: engine already closed.  Rethrowing javax.net.ssl.SSLException: Inbound closed before receiving peer's close_notify: possible truncation attack?
nioEventLoopGroup-4-3, READ: TLSv1.2 Alert, length = 2
nioEventLoopGroup-4-3, RECV TLSv1.2 ALERT:  fatal, certificate_unknown
nioEventLoopGroup-4-3, fatal: engine already closed.  Rethrowing javax.net.ssl.SSLException: Received fatal alert: certificate_unknown
nioEventLoopGroup-4-3, fatal: engine already closed.  Rethrowing javax.net.ssl.SSLException: Received fatal alert: certificate_unknown
2020-06-22 14:06:10,145 [myid:] - ERROR [nioEventLoopGroup-4-3:NettyServerCnxnFactory$CertificateVerifier@434] - Unsuccessful handshake with session 0x0
nioEventLoopGroup-4-3, called closeOutbound()
nioEventLoopGroup-4-3, closeOutboundInternal()
nioEventLoopGroup-4-3, SEND TLSv1.2 ALERT:  warning, description = close_notify
nioEventLoopGroup-4-3, WRITE: TLSv1.2 Alert, length = 2
nioEventLoopGroup-4-3, called closeInbound()
nioEventLoopGroup-4-3, fatal: engine already closed.  Rethrowing javax.net.ssl.SSLException: Inbound closed before receiving peer's close_notify: possible truncation attack?
2020-06-22 14:06:10,145 [myid:127.0.0.1:30073] - ERROR [nioEventLoopGroup-5-1:ClientCnxnSocketNetty$ZKClientHandler@522] - Unexpected throwable
io.netty.handler.codec.DecoderException: javax.net.ssl.SSLHandshakeException: General SSLEngine problem
	at io.netty.handler.codec.ByteToMessageDecoder.callDecode(ByteToMessageDecoder.java:468)
	at io.netty.handler.codec.ByteToMessageDecoder.channelRead(ByteToMessageDecoder.java:276)
	at io.netty.channel.AbstractChannelHandlerContext.invokeChannelRead(AbstractChannelHandlerContext.java:379)
	at io.netty.channel.AbstractChannelHandlerContext.invokeChannelRead(AbstractChannelHandlerContext.java:365)
	at io.netty.channel.AbstractChannelHandlerContext.fireChannelRead(AbstractChannelHandlerContext.java:357)
	at io.netty.channel.DefaultChannelPipeline$HeadContext.channelRead(DefaultChannelPipeline.java:1410)
	at io.netty.channel.AbstractChannelHandlerContext.invokeChannelRead(AbstractChannelHandlerContext.java:379)
	at io.netty.channel.AbstractChannelHandlerContext.invokeChannelRead(AbstractChannelHandlerContext.java:365)
	at io.netty.channel.DefaultChannelPipeline.fireChannelRead(DefaultChannelPipeline.java:919)
	at io.netty.channel.nio.AbstractNioByteChannel$NioByteUnsafe.read(AbstractNioByteChannel.java:163)
	at io.netty.channel.nio.NioEventLoop.processSelectedKey(NioEventLoop.java:714)
	at io.netty.channel.nio.NioEventLoop.processSelectedKeysOptimized(NioEventLoop.java:650)
	at io.netty.channel.nio.NioEventLoop.processSelectedKeys(NioEventLoop.java:576)
	at io.netty.channel.nio.NioEventLoop.run(NioEventLoop.java:493)
	at io.netty.util.concurrent.SingleThreadEventExecutor$4.run(SingleThreadEventExecutor.java:989)
	at io.netty.util.internal.ThreadExecutorMap$2.run(ThreadExecutorMap.java:74)
	at io.netty.util.concurrent.FastThreadLocalRunnable.run(FastThreadLocalRunnable.java:30)
	at java.lang.Thread.run(Thread.java:748)
Caused by: javax.net.ssl.SSLHandshakeException: General SSLEngine problem
	at sun.security.ssl.Handshaker.checkThrown(Handshaker.java:1566)
	at sun.security.ssl.SSLEngineImpl.checkTaskThrown(SSLEngineImpl.java:545)
	at sun.security.ssl.SSLEngineImpl.readNetRecord(SSLEngineImpl.java:819)
	at sun.security.ssl.SSLEngineImpl.unwrap(SSLEngineImpl.java:783)
	at javax.net.ssl.SSLEngine.unwrap(SSLEngine.java:626)
	at io.netty.handler.ssl.SslHandler$SslEngineType$3.unwrap(SslHandler.java:281)
	at io.netty.handler.ssl.SslHandler.unwrap(SslHandler.java:1340)
	at io.netty.handler.ssl.SslHandler.decodeJdkCompatible(SslHandler.java:1235)
	at io.netty.handler.ssl.SslHandler.decode(SslHandler.java:1282)
	at io.netty.handler.codec.ByteToMessageDecoder.decodeRemovalReentryProtection(ByteToMessageDecoder.java:498)
	at io.netty.handler.codec.ByteToMessageDecoder.callDecode(ByteToMessageDecoder.java:437)
	... 17 more
Caused by: javax.net.ssl.SSLHandshakeException: General SSLEngine problem
	at sun.security.ssl.Alerts.getSSLException(Alerts.java:198)
	at sun.security.ssl.SSLEngineImpl.fatal(SSLEngineImpl.java:1729)
	at sun.security.ssl.Handshaker.fatalSE(Handshaker.java:333)
	at sun.security.ssl.Handshaker.fatalSE(Handshaker.java:325)
	at sun.security.ssl.ClientHandshaker.serverCertificate(ClientHandshaker.java:1688)
	at sun.security.ssl.ClientHandshaker.processMessage(ClientHandshaker.java:226)
	at sun.security.ssl.Handshaker.processLoop(Handshaker.java:1082)
	at sun.security.ssl.Handshaker$1.run(Handshaker.java:1015)
	at sun.security.ssl.Handshaker$1.run(Handshaker.java:1012)
	at java.security.AccessController.doPrivileged(Native Method)
	at sun.security.ssl.Handshaker$DelegatedTask.run(Handshaker.java:1504)
	at io.netty.handler.ssl.SslHandler.runAllDelegatedTasks(SslHandler.java:1510)
	at io.netty.handler.ssl.SslHandler.runDelegatedTasks(SslHandler.java:1524)
	at io.netty.handler.ssl.SslHandler.unwrap(SslHandler.java:1408)
	... 21 more
Caused by: java.security.cert.CertificateException: Failed to verify both host address and host name
	at org.apache.zookeeper.common.ZKTrustManager.performHostVerification(ZKTrustManager.java:163)
	at org.apache.zookeeper.common.ZKTrustManager.checkServerTrusted(ZKTrustManager.java:118)
	at sun.security.ssl.ClientHandshaker.serverCertificate(ClientHandshaker.java:1675)
	... 30 more
Caused by: javax.net.ssl.SSLPeerUnverifiedException: Certificate for <activate.navicat.com> doesn't match common name of the certificate subject: localhost
	at org.apache.zookeeper.common.ZKHostnameVerifier.matchCN(ZKHostnameVerifier.java:238)
	at org.apache.zookeeper.common.ZKHostnameVerifier.verify(ZKHostnameVerifier.java:184)
	at org.apache.zookeeper.common.ZKTrustManager.performHostVerification(ZKTrustManager.java:159)
	... 32 more
2020-06-22 14:06:10,146 [myid:127.0.0.1:30073] - INFO  [nioEventLoopGroup-5-1:ClientCnxnSocketNetty@249] - channel is told closing
nioEventLoopGroup-5-1, called closeOutbound()
nioEventLoopGroup-5-1, closeOutboundInternal()
2020-06-22 14:06:10,146 [myid:] - WARN  [nioEventLoopGroup-4-3:NettyServerCnxnFactory$CnxnChannelHandler@273] - Exception caught
io.netty.handler.codec.DecoderException: javax.net.ssl.SSLException: Received fatal alert: certificate_unknown
	at io.netty.handler.codec.ByteToMessageDecoder.callDecode(ByteToMessageDecoder.java:468)
	at io.netty.handler.codec.ByteToMessageDecoder.channelRead(ByteToMessageDecoder.java:276)
	at io.netty.channel.AbstractChannelHandlerContext.invokeChannelRead(AbstractChannelHandlerContext.java:379)
	at io.netty.channel.AbstractChannelHandlerContext.invokeChannelRead(AbstractChannelHandlerContext.java:365)
	at io.netty.channel.AbstractChannelHandlerContext.fireChannelRead(AbstractChannelHandlerContext.java:357)
	at io.netty.channel.DefaultChannelPipeline$HeadContext.channelRead(DefaultChannelPipeline.java:1410)
	at io.netty.channel.AbstractChannelHandlerContext.invokeChannelRead(AbstractChannelHandlerContext.java:379)
	at io.netty.channel.AbstractChannelHandlerContext.invokeChannelRead(AbstractChannelHandlerContext.java:365)
	at io.netty.channel.DefaultChannelPipeline.fireChannelRead(DefaultChannelPipeline.java:919)
	at io.netty.channel.nio.AbstractNioByteChannel$NioByteUnsafe.read(AbstractNioByteChannel.java:163)
	at io.netty.channel.nio.NioEventLoop.processSelectedKey(NioEventLoop.java:714)
	at io.netty.channel.nio.NioEventLoop.processSelectedKeysOptimized(NioEventLoop.java:650)
	at io.netty.channel.nio.NioEventLoop.processSelectedKeys(NioEventLoop.java:576)
	at io.netty.channel.nio.NioEventLoop.run(NioEventLoop.java:493)
	at io.netty.util.concurrent.SingleThreadEventExecutor$4.run(SingleThreadEventExecutor.java:989)
	at io.netty.util.internal.ThreadExecutorMap$2.run(ThreadExecutorMap.java:74)
	at io.netty.util.concurrent.FastThreadLocalRunnable.run(FastThreadLocalRunnable.java:30)
	at java.lang.Thread.run(Thread.java:748)
Caused by: javax.net.ssl.SSLException: Received fatal alert: certificate_unknown
	at sun.security.ssl.Alerts.getSSLException(Alerts.java:214)
	at sun.security.ssl.SSLEngineImpl.fatal(SSLEngineImpl.java:1667)
	at sun.security.ssl.SSLEngineImpl.fatal(SSLEngineImpl.java:1635)
	at sun.security.ssl.SSLEngineImpl.recvAlert(SSLEngineImpl.java:1801)
	at sun.security.ssl.SSLEngineImpl.readRecord(SSLEngineImpl.java:1090)
	at sun.security.ssl.SSLEngineImpl.readNetRecord(SSLEngineImpl.java:913)
	at sun.security.ssl.SSLEngineImpl.unwrap(SSLEngineImpl.java:783)
	at javax.net.ssl.SSLEngine.unwrap(SSLEngine.java:626)
	at io.netty.handler.ssl.SslHandler$SslEngineType$3.unwrap(SslHandler.java:281)
	at io.netty.handler.ssl.SslHandler.unwrap(SslHandler.java:1340)
	at io.netty.handler.ssl.SslHandler.decodeJdkCompatible(SslHandler.java:1235)
	at io.netty.handler.ssl.SslHandler.decode(SslHandler.java:1282)
	at io.netty.handler.codec.ByteToMessageDecoder.decodeRemovalReentryProtection(ByteToMessageDecoder.java:498)
	at io.netty.handler.codec.ByteToMessageDecoder.callDecode(ByteToMessageDecoder.java:437)
	... 17 more
nioEventLoopGroup-4-3, called closeOutbound()
nioEventLoopGroup-4-3, closeOutboundInternal()
2020-06-22 14:06:10,146 [myid:127.0.0.1:30073] - WARN  [main-SendThread(127.0.0.1:30073):ClientCnxn$SendThread@1272] - Session 0x0 for sever activate.navicat.com/127.0.0.1:30073, Closing socket connection. Attempting reconnect except it is a SessionExpiredException.
EndOfStreamException: channel for sessionid 0x0 is lost
	at org.apache.zookeeper.ClientCnxnSocketNetty.doTransport(ClientCnxnSocketNetty.java:285)
	at org.apache.zookeeper.ClientCnxn$SendThread.run(ClientCnxn.java:1262)
nioEventLoopGroup-4-3, READ: TLSv1.2 Alert, length = 2
nioEventLoopGroup-4-3, RECV TLSv1.2 ALERT:  fatal, certificate_unknown
nioEventLoopGroup-4-3, fatal: engine already closed.  Rethrowing javax.net.ssl.SSLException: Received fatal alert: certificate_unknown
nioEventLoopGroup-4-3, fatal: engine already closed.  Rethrowing javax.net.ssl.SSLException: Received fatal alert: certificate_unknown
2020-06-22 14:06:10,147 [myid:127.0.0.1:30073] - INFO  [nioEventLoopGroup-5-1:ClientCnxnSocketNetty$ZKClientHandler@469] - channel is disconnected: [id: 0xd9ff28f0, L:/127.0.0.1:54456 ! R:activate.navicat.com/127.0.0.1:30073]
nioEventLoopGroup-4-3, called closeOutbound()
nioEventLoopGroup-4-3, closeOutboundInternal()
nioEventLoopGroup-4-3, called closeInbound()
nioEventLoopGroup-4-3, closeInboundInternal()
nioEventLoopGroup-4-3, closeOutboundInternal()
2020-06-22 14:06:10,147 [myid:] - WARN  [nioEventLoopGroup-4-3:NettyServerCnxnFactory$CnxnChannelHandler@273] - Exception caught
io.netty.handler.codec.DecoderException: javax.net.ssl.SSLException: Received fatal alert: certificate_unknown
	at io.netty.handler.codec.ByteToMessageDecoder.callDecode(ByteToMessageDecoder.java:468)
	at io.netty.handler.codec.ByteToMessageDecoder.channelInputClosed(ByteToMessageDecoder.java:401)
	at io.netty.handler.codec.ByteToMessageDecoder.channelInputClosed(ByteToMessageDecoder.java:368)
	at io.netty.handler.codec.ByteToMessageDecoder.channelInactive(ByteToMessageDecoder.java:351)
	at io.netty.handler.ssl.SslHandler.channelInactive(SslHandler.java:1084)
	at io.netty.channel.AbstractChannelHandlerContext.invokeChannelInactive(AbstractChannelHandlerContext.java:262)
	at io.netty.channel.AbstractChannelHandlerContext.invokeChannelInactive(AbstractChannelHandlerContext.java:248)
	at io.netty.channel.AbstractChannelHandlerContext.fireChannelInactive(AbstractChannelHandlerContext.java:241)
	at io.netty.channel.DefaultChannelPipeline$HeadContext.channelInactive(DefaultChannelPipeline.java:1405)
	at io.netty.channel.AbstractChannelHandlerContext.invokeChannelInactive(AbstractChannelHandlerContext.java:262)
	at io.netty.channel.AbstractChannelHandlerContext.invokeChannelInactive(AbstractChannelHandlerContext.java:248)
	at io.netty.channel.DefaultChannelPipeline.fireChannelInactive(DefaultChannelPipeline.java:901)
	at io.netty.channel.AbstractChannel$AbstractUnsafe$8.run(AbstractChannel.java:818)
	at io.netty.util.concurrent.AbstractEventExecutor.safeExecute(AbstractEventExecutor.java:164)
	at io.netty.util.concurrent.SingleThreadEventExecutor.runAllTasks(SingleThreadEventExecutor.java:472)
	at io.netty.channel.nio.NioEventLoop.run(NioEventLoop.java:497)
	at io.netty.util.concurrent.SingleThreadEventExecutor$4.run(SingleThreadEventExecutor.java:989)
	at io.netty.util.internal.ThreadExecutorMap$2.run(ThreadExecutorMap.java:74)
	at io.netty.util.concurrent.FastThreadLocalRunnable.run(FastThreadLocalRunnable.java:30)
	at java.lang.Thread.run(Thread.java:748)
Caused by: javax.net.ssl.SSLException: Received fatal alert: certificate_unknown
	at sun.security.ssl.Alerts.getSSLException(Alerts.java:214)
	at sun.security.ssl.SSLEngineImpl.fatal(SSLEngineImpl.java:1667)
	at sun.security.ssl.SSLEngineImpl.fatal(SSLEngineImpl.java:1635)
	at sun.security.ssl.SSLEngineImpl.recvAlert(SSLEngineImpl.java:1801)
	at sun.security.ssl.SSLEngineImpl.readRecord(SSLEngineImpl.java:1090)
	at sun.security.ssl.SSLEngineImpl.readNetRecord(SSLEngineImpl.java:913)
	at sun.security.ssl.SSLEngineImpl.unwrap(SSLEngineImpl.java:783)
	at javax.net.ssl.SSLEngine.unwrap(SSLEngine.java:626)
	at io.netty.handler.ssl.SslHandler$SslEngineType$3.unwrap(SslHandler.java:281)
	at io.netty.handler.ssl.SslHandler.unwrap(SslHandler.java:1340)
	at io.netty.handler.ssl.SslHandler.decodeJdkCompatible(SslHandler.java:1235)
	at io.netty.handler.ssl.SslHandler.decode(SslHandler.java:1282)
	at io.netty.handler.codec.ByteToMessageDecoder.decodeRemovalReentryProtection(ByteToMessageDecoder.java:498)
	at io.netty.handler.codec.ByteToMessageDecoder.callDecode(ByteToMessageDecoder.java:437)
	... 19 more
2020-06-22 14:06:11,472 [myid:127.0.0.1:30073] - INFO  [main-SendThread(127.0.0.1:30073):ClientCnxn$SendThread@1154] - Opening socket connection to server activate.navicat.com/127.0.0.1:30073.
2020-06-22 14:06:11,472 [myid:127.0.0.1:30073] - INFO  [main-SendThread(127.0.0.1:30073):ClientCnxn$SendThread@1156] - SASL config status: Will not attempt to authenticate using SASL (unknown error)
adding as trusted cert:
  Subject: CN=localhost, OU=ZooKeeper, O=Apache, L=Unknown, ST=Unknown, C=Unknown
  Issuer:  CN=localhost, OU=ZooKeeper, O=Apache, L=Unknown, ST=Unknown, C=Unknown
  Algorithm: RSA; Serial number: 0x7334b506
  Valid from Sat Jan 31 02:57:30 CST 2015 until Wed Feb 08 02:57:30 CST 3015

trigger seeding of SecureRandom
done seeding SecureRandom
Using SSLEngineImpl.
%% Initialized:  [Session-11, SSL_NULL_WITH_NULL_NULL]
2020-06-22 14:06:11,474 [myid:127.0.0.1:30073] - INFO  [nioEventLoopGroup-5-1:ClientCnxnSocketNetty$ZKClientPipelineFactory@454] - SSL handler added for channel: [id: 0x98d5fd60]
2020-06-22 14:06:11,474 [myid:127.0.0.1:30073] - INFO  [nioEventLoopGroup-5-1:ClientCnxn$SendThread@986] - Socket connection established, initiating session, client: /127.0.0.1:54500, server: activate.navicat.com/127.0.0.1:30073
2020-06-22 14:06:11,474 [myid:127.0.0.1:30073] - INFO  [nioEventLoopGroup-5-1:ClientCnxnSocketNetty$1@184] - channel is connected: [id: 0x98d5fd60, L:/127.0.0.1:54500 - R:activate.navicat.com/127.0.0.1:30073]
Allow unsafe renegotiation: false
Allow legacy hello messages: true
Is initial handshake: true
Is secure renegotiation: false
Ignoring unsupported cipher suite: TLS_ECDHE_ECDSA_WITH_AES_256_CBC_SHA384 for TLSv1
Ignoring unsupported cipher suite: TLS_ECDHE_RSA_WITH_AES_256_CBC_SHA384 for TLSv1
Ignoring unsupported cipher suite: TLS_RSA_WITH_AES_256_CBC_SHA256 for TLSv1
Ignoring unsupported cipher suite: TLS_ECDH_ECDSA_WITH_AES_256_CBC_SHA384 for TLSv1
Ignoring unsupported cipher suite: TLS_ECDH_RSA_WITH_AES_256_CBC_SHA384 for TLSv1
Ignoring unsupported cipher suite: TLS_DHE_RSA_WITH_AES_256_CBC_SHA256 for TLSv1
Ignoring unsupported cipher suite: TLS_DHE_DSS_WITH_AES_256_CBC_SHA256 for TLSv1
Ignoring unsupported cipher suite: TLS_ECDHE_ECDSA_WITH_AES_256_CBC_SHA384 for TLSv1.1
Ignoring unsupported cipher suite: TLS_ECDHE_RSA_WITH_AES_256_CBC_SHA384 for TLSv1.1
Ignoring unsupported cipher suite: TLS_RSA_WITH_AES_256_CBC_SHA256 for TLSv1.1
Ignoring unsupported cipher suite: TLS_ECDH_ECDSA_WITH_AES_256_CBC_SHA384 for TLSv1.1
Ignoring unsupported cipher suite: TLS_ECDH_RSA_WITH_AES_256_CBC_SHA384 for TLSv1.1
Ignoring unsupported cipher suite: TLS_DHE_RSA_WITH_AES_256_CBC_SHA256 for TLSv1.1
Ignoring unsupported cipher suite: TLS_DHE_DSS_WITH_AES_256_CBC_SHA256 for TLSv1.1
%% No cached client session
trigger seeding of SecureRandom
done seeding SecureRandom
Using SSLEngineImpl.
%% Initialized:  [Session-12, SSL_NULL_WITH_NULL_NULL]
update handshake state: client_hello[1]
upcoming handshake states: server_hello[2]
*** ClientHello, TLSv1.2
RandomCookie:  GMT: 1576028755 bytes = { 116, 164, 84, 226, 15, 62, 210, 83, 205, 210, 55, 143, 27, 47, 39, 225, 160, 215, 207, 52, 253, 100, 72, 220, 107, 75, 204, 115 }
Session ID:  {}
Cipher Suites: [TLS_ECDHE_ECDSA_WITH_AES_256_CBC_SHA384, TLS_ECDHE_RSA_WITH_AES_256_CBC_SHA384, TLS_RSA_WITH_AES_256_CBC_SHA256, TLS_ECDH_ECDSA_WITH_AES_256_CBC_SHA384, TLS_ECDH_RSA_WITH_AES_256_CBC_SHA384, TLS_DHE_RSA_WITH_AES_256_CBC_SHA256, TLS_DHE_DSS_WITH_AES_256_CBC_SHA256, TLS_ECDHE_ECDSA_WITH_AES_256_CBC_SHA, TLS_ECDHE_RSA_WITH_AES_256_CBC_SHA, TLS_RSA_WITH_AES_256_CBC_SHA, TLS_ECDH_ECDSA_WITH_AES_256_CBC_SHA, TLS_ECDH_RSA_WITH_AES_256_CBC_SHA, TLS_DHE_RSA_WITH_AES_256_CBC_SHA, TLS_DHE_DSS_WITH_AES_256_CBC_SHA, TLS_ECDHE_ECDSA_WITH_AES_128_CBC_SHA256, TLS_ECDHE_RSA_WITH_AES_128_CBC_SHA256, TLS_RSA_WITH_AES_128_CBC_SHA256, TLS_ECDH_ECDSA_WITH_AES_128_CBC_SHA256, TLS_ECDH_RSA_WITH_AES_128_CBC_SHA256, TLS_DHE_RSA_WITH_AES_128_CBC_SHA256, TLS_DHE_DSS_WITH_AES_128_CBC_SHA256, TLS_ECDHE_ECDSA_WITH_AES_128_CBC_SHA, TLS_ECDHE_RSA_WITH_AES_128_CBC_SHA, TLS_RSA_WITH_AES_128_CBC_SHA, TLS_ECDH_ECDSA_WITH_AES_128_CBC_SHA, TLS_ECDH_RSA_WITH_AES_128_CBC_SHA, TLS_DHE_RSA_WITH_AES_128_CBC_SHA, TLS_DHE_DSS_WITH_AES_128_CBC_SHA, TLS_ECDHE_ECDSA_WITH_AES_256_GCM_SHA384, TLS_ECDHE_ECDSA_WITH_AES_128_GCM_SHA256, TLS_ECDHE_RSA_WITH_AES_256_GCM_SHA384, TLS_RSA_WITH_AES_256_GCM_SHA384, TLS_ECDH_ECDSA_WITH_AES_256_GCM_SHA384, TLS_ECDH_RSA_WITH_AES_256_GCM_SHA384, TLS_DHE_RSA_WITH_AES_256_GCM_SHA384, TLS_DHE_DSS_WITH_AES_256_GCM_SHA384, TLS_ECDHE_RSA_WITH_AES_128_GCM_SHA256, TLS_RSA_WITH_AES_128_GCM_SHA256, TLS_ECDH_ECDSA_WITH_AES_128_GCM_SHA256, TLS_ECDH_RSA_WITH_AES_128_GCM_SHA256, TLS_DHE_RSA_WITH_AES_128_GCM_SHA256, TLS_DHE_DSS_WITH_AES_128_GCM_SHA256, TLS_EMPTY_RENEGOTIATION_INFO_SCSV]
Compression Methods:  { 0 }
Extension elliptic_curves, curve names: {secp256r1, secp384r1, secp521r1}
Extension ec_point_formats, formats: [uncompressed]
Extension signature_algorithms, signature_algorithms: SHA512withECDSA, SHA512withRSA, SHA384withECDSA, SHA384withRSA, SHA256withECDSA, SHA256withRSA, SHA256withDSA, SHA1withECDSA, SHA1withRSA, SHA1withDSA
Extension extended_master_secret
Extension server_name, server_name: [type=host_name (0), value=activate.navicat.com]
***
nioEventLoopGroup-5-1, WRITE: TLSv1.2 Handshake, length = 208
Allow unsafe renegotiation: false
Allow legacy hello messages: true
Is initial handshake: true
Is secure renegotiation: false
nioEventLoopGroup-4-4, READ: TLSv1.2 Handshake, length = 208
check handshake state: client_hello[1]
update handshake state: client_hello[1]
upcoming handshake states: server_hello[2]
*** ClientHello, TLSv1.2
RandomCookie:  GMT: 1576028755 bytes = { 116, 164, 84, 226, 15, 62, 210, 83, 205, 210, 55, 143, 27, 47, 39, 225, 160, 215, 207, 52, 253, 100, 72, 220, 107, 75, 204, 115 }
Session ID:  {}
Cipher Suites: [TLS_ECDHE_ECDSA_WITH_AES_256_CBC_SHA384, TLS_ECDHE_RSA_WITH_AES_256_CBC_SHA384, TLS_RSA_WITH_AES_256_CBC_SHA256, TLS_ECDH_ECDSA_WITH_AES_256_CBC_SHA384, TLS_ECDH_RSA_WITH_AES_256_CBC_SHA384, TLS_DHE_RSA_WITH_AES_256_CBC_SHA256, TLS_DHE_DSS_WITH_AES_256_CBC_SHA256, TLS_ECDHE_ECDSA_WITH_AES_256_CBC_SHA, TLS_ECDHE_RSA_WITH_AES_256_CBC_SHA, TLS_RSA_WITH_AES_256_CBC_SHA, TLS_ECDH_ECDSA_WITH_AES_256_CBC_SHA, TLS_ECDH_RSA_WITH_AES_256_CBC_SHA, TLS_DHE_RSA_WITH_AES_256_CBC_SHA, TLS_DHE_DSS_WITH_AES_256_CBC_SHA, TLS_ECDHE_ECDSA_WITH_AES_128_CBC_SHA256, TLS_ECDHE_RSA_WITH_AES_128_CBC_SHA256, TLS_RSA_WITH_AES_128_CBC_SHA256, TLS_ECDH_ECDSA_WITH_AES_128_CBC_SHA256, TLS_ECDH_RSA_WITH_AES_128_CBC_SHA256, TLS_DHE_RSA_WITH_AES_128_CBC_SHA256, TLS_DHE_DSS_WITH_AES_128_CBC_SHA256, TLS_ECDHE_ECDSA_WITH_AES_128_CBC_SHA, TLS_ECDHE_RSA_WITH_AES_128_CBC_SHA, TLS_RSA_WITH_AES_128_CBC_SHA, TLS_ECDH_ECDSA_WITH_AES_128_CBC_SHA, TLS_ECDH_RSA_WITH_AES_128_CBC_SHA, TLS_DHE_RSA_WITH_AES_128_CBC_SHA, TLS_DHE_DSS_WITH_AES_128_CBC_SHA, TLS_ECDHE_ECDSA_WITH_AES_256_GCM_SHA384, TLS_ECDHE_ECDSA_WITH_AES_128_GCM_SHA256, TLS_ECDHE_RSA_WITH_AES_256_GCM_SHA384, TLS_RSA_WITH_AES_256_GCM_SHA384, TLS_ECDH_ECDSA_WITH_AES_256_GCM_SHA384, TLS_ECDH_RSA_WITH_AES_256_GCM_SHA384, TLS_DHE_RSA_WITH_AES_256_GCM_SHA384, TLS_DHE_DSS_WITH_AES_256_GCM_SHA384, TLS_ECDHE_RSA_WITH_AES_128_GCM_SHA256, TLS_RSA_WITH_AES_128_GCM_SHA256, TLS_ECDH_ECDSA_WITH_AES_128_GCM_SHA256, TLS_ECDH_RSA_WITH_AES_128_GCM_SHA256, TLS_DHE_RSA_WITH_AES_128_GCM_SHA256, TLS_DHE_DSS_WITH_AES_128_GCM_SHA256, TLS_EMPTY_RENEGOTIATION_INFO_SCSV]
Compression Methods:  { 0 }
Extension elliptic_curves, curve names: {secp256r1, secp384r1, secp521r1}
Extension ec_point_formats, formats: [uncompressed]
Extension signature_algorithms, signature_algorithms: SHA512withECDSA, SHA512withRSA, SHA384withECDSA, SHA384withRSA, SHA256withECDSA, SHA256withRSA, SHA256withDSA, SHA1withECDSA, SHA1withRSA, SHA1withDSA
Extension extended_master_secret
Extension server_name, server_name: [type=host_name (0), value=activate.navicat.com]
***
%% Initialized:  [Session-13, SSL_NULL_WITH_NULL_NULL]
Standard ciphersuite chosen: TLS_ECDHE_RSA_WITH_AES_256_CBC_SHA384
%% Negotiating:  [Session-13, TLS_ECDHE_RSA_WITH_AES_256_CBC_SHA384]
*** ServerHello, TLSv1.2
RandomCookie:  GMT: 1576028755 bytes = { 38, 142, 72, 183, 240, 103, 12, 211, 226, 137, 121, 210, 160, 46, 154, 16, 44, 187, 70, 56, 55, 122, 22, 165, 197, 29, 108, 119 }
Session ID:  {94, 240, 74, 83, 75, 95, 148, 254, 190, 59, 98, 78, 239, 151, 250, 125, 90, 240, 10, 132, 247, 143, 179, 44, 220, 116, 129, 109, 173, 88, 74, 166}
Cipher Suite: TLS_ECDHE_RSA_WITH_AES_256_CBC_SHA384
Compression Method: 0
Extension renegotiation_info, renegotiated_connection: <empty>
Extension extended_master_secret
***
Cipher suite:  TLS_ECDHE_RSA_WITH_AES_256_CBC_SHA384
update handshake state: server_hello[2]
upcoming handshake states: server certificate[11]
upcoming handshake states: server_key_exchange[12](optional)
upcoming handshake states: certificate_request[13](optional)
upcoming handshake states: server_hello_done[14]
upcoming handshake states: client certificate[11](optional)
upcoming handshake states: client_key_exchange[16]
upcoming handshake states: certificate_verify[15](optional)
upcoming handshake states: client change_cipher_spec[-1]
upcoming handshake states: client finished[20]
upcoming handshake states: server change_cipher_spec[-1]
upcoming handshake states: server finished[20]
*** Certificate chain
chain [0] = [
[
  Version: V3
  Subject: CN=localhost, OU=ZooKeeper, O=Apache, L=Unknown, ST=Unknown, C=Unknown
  Signature Algorithm: SHA256withRSA, OID = 1.2.840.113549.1.1.11

  Key:  Sun RSA public key, 2048 bits
  params: null
  modulus: 20466894428749997265095448870198652391311568515891366224735448896044144250313384062095901217219702596717622583159291680947094046474456586662132842412743846124470020097713679685492900855417800931365512472314155689881392853768001073664569106127795833231344696659209258027979401908711647617989508135190248980524852215540637603770017238536229773075995665111861820945008718990948857303373661769409475939971958531493423489844433566328219155461676589360491136984327342101195255797973694339642711115427623510874675394946293706606142706174397483349590050687482693164890194014220011640037490528845185364811025836034294701994387
  public exponent: 65537
  Validity: [From: Sat Jan 31 02:57:30 CST 2015,
               To: Wed Feb 08 02:57:30 CST 3015]
  Issuer: CN=localhost, OU=ZooKeeper, O=Apache, L=Unknown, ST=Unknown, C=Unknown
  SerialNumber: [    7334b506]

Certificate Extensions: 1
[1]: ObjectId: 2.5.29.14 Criticality=false
SubjectKeyIdentifier [
KeyIdentifier [
0000: 65 D7 B4 E0 27 45 7A 00   58 2F AD D5 0B 64 2D 77  e...'Ez.X/...d-w
0010: 88 F7 AA F5                                        ....
]
]

]
  Algorithm: [SHA256withRSA]
  Signature:
0000: 1B C8 6B 36 83 1D 28 37   5C 1F 7D F6 C6 84 A0 BF  ..k6..(7\.......
0010: CA C0 47 CF C5 34 70 7A   CF 6B EA 34 84 BE 08 7A  ..G..4pz.k.4...z
0020: 98 E6 3D ED 1D E2 6F 06   DB 23 AB 41 AD D5 DF 1D  ..=...o..#.A....
0030: 92 F4 9D 05 FD 7C EE BE   4A 87 B8 F1 FE F4 5B 79  ........J.....[y
0040: DC AD F7 44 3D 67 08 7A   3B 91 D7 5A 79 44 96 D7  ...D=g.z;..ZyD..
0050: BE 0E 41 C8 64 E3 87 C3   28 11 AB DC 36 F5 B0 AC  ..A.d...(...6...
0060: BD 2F 16 1D 6E A1 52 25   5A EC 6F AD 20 71 5A 1B  ./..n.R%Z.o. qZ.
0070: 66 D4 0D A6 49 B7 75 43   C4 84 0B 4B AC BD 16 76  f...I.uC...K...v
0080: 58 2B 07 85 E2 F1 44 15   1E 67 D1 3C 13 73 5A 2D  X+....D..g.<.sZ-
0090: D6 06 0B A1 D3 09 7E EF   88 F9 C3 0E A4 10 47 EA  ..............G.
00A0: 65 5D CD F0 39 EA 2F 59   1C 08 BC F9 CC 5B C9 BB  e]..9./Y.....[..
00B0: 2F 20 19 81 97 B5 21 BB   60 A4 39 08 6C 41 2A 51  / ....!.`.9.lA*Q
00C0: B1 C3 1A A3 8C F8 ED 67   D0 EE EC 52 01 2A E4 1E  .......g...R.*..
00D0: D2 B4 34 73 DC 7E 34 24   A9 4E 77 AD FD B3 77 0D  ..4s..4$.Nw...w.
00E0: C2 7A C0 65 F6 CC 11 9D   19 AA 59 13 C3 9D AD 5F  .z.e......Y...._
00F0: 61 E6 C2 18 F0 E5 A1 49   41 B5 EF 9E 91 0C 35 9C  a......IA.....5.

]
***
update handshake state: certificate[11]
upcoming handshake states: server_key_exchange[12](optional)
upcoming handshake states: certificate_request[13](optional)
upcoming handshake states: server_hello_done[14]
upcoming handshake states: client certificate[11](optional)
upcoming handshake states: client_key_exchange[16]
upcoming handshake states: certificate_verify[15](optional)
upcoming handshake states: client change_cipher_spec[-1]
upcoming handshake states: client finished[20]
upcoming handshake states: server change_cipher_spec[-1]
upcoming handshake states: server finished[20]
*** ECDH ServerKeyExchange
Signature Algorithm SHA512withRSA
Server key: Sun EC public key, 256 bits
  public x coord: 114998289776840475840319170579184709425139715049866031398351015469240932643451
  public y coord: 53012886120427848367558274119107265566996955875593604212286654128808515123301
  parameters: secp256r1 [NIST P-256, X9.62 prime256v1] (1.2.840.10045.3.1.7)
update handshake state: server_key_exchange[12]
upcoming handshake states: certificate_request[13](optional)
upcoming handshake states: server_hello_done[14]
upcoming handshake states: client certificate[11](optional)
upcoming handshake states: client_key_exchange[16]
upcoming handshake states: certificate_verify[15](optional)
upcoming handshake states: client change_cipher_spec[-1]
upcoming handshake states: client finished[20]
upcoming handshake states: server change_cipher_spec[-1]
upcoming handshake states: server finished[20]
*** CertificateRequest
Cert Types: RSA, DSS, ECDSA
Supported Signature Algorithms: SHA512withECDSA, SHA512withRSA, SHA384withECDSA, SHA384withRSA, SHA256withECDSA, SHA256withRSA, SHA256withDSA, SHA1withECDSA, SHA1withRSA, SHA1withDSA
Cert Authorities:
<CN=localhost, OU=ZooKeeper, O=Apache, L=Unknown, ST=Unknown, C=Unknown>
update handshake state: unknown[13]
upcoming handshake states: server_hello_done[14]
upcoming handshake states: client certificate[11](optional)
upcoming handshake states: client_key_exchange[16]
upcoming handshake states: certificate_verify[15](optional)
upcoming handshake states: client change_cipher_spec[-1]
upcoming handshake states: client finished[20]
upcoming handshake states: server change_cipher_spec[-1]
upcoming handshake states: server finished[20]
*** ServerHelloDone
update handshake state: server_hello_done[14]
upcoming handshake states: client certificate[11](optional)
upcoming handshake states: client_key_exchange[16]
upcoming handshake states: certificate_verify[15](optional)
upcoming handshake states: client change_cipher_spec[-1]
upcoming handshake states: client finished[20]
upcoming handshake states: server change_cipher_spec[-1]
upcoming handshake states: server finished[20]
nioEventLoopGroup-4-4, WRITE: TLSv1.2 Handshake, length = 1478
nioEventLoopGroup-5-1, READ: TLSv1.2 Handshake, length = 1478
check handshake state: server_hello[2]
*** ServerHello, TLSv1.2
RandomCookie:  GMT: 1576028755 bytes = { 38, 142, 72, 183, 240, 103, 12, 211, 226, 137, 121, 210, 160, 46, 154, 16, 44, 187, 70, 56, 55, 122, 22, 165, 197, 29, 108, 119 }
Session ID:  {94, 240, 74, 83, 75, 95, 148, 254, 190, 59, 98, 78, 239, 151, 250, 125, 90, 240, 10, 132, 247, 143, 179, 44, 220, 116, 129, 109, 173, 88, 74, 166}
Cipher Suite: TLS_ECDHE_RSA_WITH_AES_256_CBC_SHA384
Compression Method: 0
Extension renegotiation_info, renegotiated_connection: <empty>
Extension extended_master_secret
***
%% Initialized:  [Session-14, TLS_ECDHE_RSA_WITH_AES_256_CBC_SHA384]
** TLS_ECDHE_RSA_WITH_AES_256_CBC_SHA384
update handshake state: server_hello[2]
upcoming handshake states: server certificate[11]
upcoming handshake states: server_key_exchange[12](optional)
upcoming handshake states: certificate_request[13](optional)
upcoming handshake states: server_hello_done[14]
upcoming handshake states: client certificate[11](optional)
upcoming handshake states: client_key_exchange[16]
upcoming handshake states: certificate_verify[15](optional)
upcoming handshake states: client change_cipher_spec[-1]
upcoming handshake states: client finished[20]
upcoming handshake states: server change_cipher_spec[-1]
upcoming handshake states: server finished[20]
check handshake state: certificate[11]
update handshake state: certificate[11]
upcoming handshake states: server_key_exchange[12](optional)
upcoming handshake states: certificate_request[13](optional)
upcoming handshake states: server_hello_done[14]
upcoming handshake states: client certificate[11](optional)
upcoming handshake states: client_key_exchange[16]
upcoming handshake states: certificate_verify[15](optional)
upcoming handshake states: client change_cipher_spec[-1]
upcoming handshake states: client finished[20]
upcoming handshake states: server change_cipher_spec[-1]
upcoming handshake states: server finished[20]
*** Certificate chain
chain [0] = [
[
  Version: V3
  Subject: CN=localhost, OU=ZooKeeper, O=Apache, L=Unknown, ST=Unknown, C=Unknown
  Signature Algorithm: SHA256withRSA, OID = 1.2.840.113549.1.1.11

  Key:  Sun RSA public key, 2048 bits
  params: null
  modulus: 20466894428749997265095448870198652391311568515891366224735448896044144250313384062095901217219702596717622583159291680947094046474456586662132842412743846124470020097713679685492900855417800931365512472314155689881392853768001073664569106127795833231344696659209258027979401908711647617989508135190248980524852215540637603770017238536229773075995665111861820945008718990948857303373661769409475939971958531493423489844433566328219155461676589360491136984327342101195255797973694339642711115427623510874675394946293706606142706174397483349590050687482693164890194014220011640037490528845185364811025836034294701994387
  public exponent: 65537
  Validity: [From: Sat Jan 31 02:57:30 CST 2015,
               To: Wed Feb 08 02:57:30 CST 3015]
  Issuer: CN=localhost, OU=ZooKeeper, O=Apache, L=Unknown, ST=Unknown, C=Unknown
  SerialNumber: [    7334b506]

Certificate Extensions: 1
[1]: ObjectId: 2.5.29.14 Criticality=false
SubjectKeyIdentifier [
KeyIdentifier [
0000: 65 D7 B4 E0 27 45 7A 00   58 2F AD D5 0B 64 2D 77  e...'Ez.X/...d-w
0010: 88 F7 AA F5                                        ....
]
]

]
  Algorithm: [SHA256withRSA]
  Signature:
0000: 1B C8 6B 36 83 1D 28 37   5C 1F 7D F6 C6 84 A0 BF  ..k6..(7\.......
0010: CA C0 47 CF C5 34 70 7A   CF 6B EA 34 84 BE 08 7A  ..G..4pz.k.4...z
0020: 98 E6 3D ED 1D E2 6F 06   DB 23 AB 41 AD D5 DF 1D  ..=...o..#.A....
0030: 92 F4 9D 05 FD 7C EE BE   4A 87 B8 F1 FE F4 5B 79  ........J.....[y
0040: DC AD F7 44 3D 67 08 7A   3B 91 D7 5A 79 44 96 D7  ...D=g.z;..ZyD..
0050: BE 0E 41 C8 64 E3 87 C3   28 11 AB DC 36 F5 B0 AC  ..A.d...(...6...
0060: BD 2F 16 1D 6E A1 52 25   5A EC 6F AD 20 71 5A 1B  ./..n.R%Z.o. qZ.
0070: 66 D4 0D A6 49 B7 75 43   C4 84 0B 4B AC BD 16 76  f...I.uC...K...v
0080: 58 2B 07 85 E2 F1 44 15   1E 67 D1 3C 13 73 5A 2D  X+....D..g.<.sZ-
0090: D6 06 0B A1 D3 09 7E EF   88 F9 C3 0E A4 10 47 EA  ..............G.
00A0: 65 5D CD F0 39 EA 2F 59   1C 08 BC F9 CC 5B C9 BB  e]..9./Y.....[..
00B0: 2F 20 19 81 97 B5 21 BB   60 A4 39 08 6C 41 2A 51  / ....!.`.9.lA*Q
00C0: B1 C3 1A A3 8C F8 ED 67   D0 EE EC 52 01 2A E4 1E  .......g...R.*..
00D0: D2 B4 34 73 DC 7E 34 24   A9 4E 77 AD FD B3 77 0D  ..4s..4$.Nw...w.
00E0: C2 7A C0 65 F6 CC 11 9D   19 AA 59 13 C3 9D AD 5F  .z.e......Y...._
00F0: 61 E6 C2 18 F0 E5 A1 49   41 B5 EF 9E 91 0C 35 9C  a......IA.....5.

]
***
Found trusted certificate:
[
[
  Version: V3
  Subject: CN=localhost, OU=ZooKeeper, O=Apache, L=Unknown, ST=Unknown, C=Unknown
  Signature Algorithm: SHA256withRSA, OID = 1.2.840.113549.1.1.11

  Key:  Sun RSA public key, 2048 bits
  params: null
  modulus: 20466894428749997265095448870198652391311568515891366224735448896044144250313384062095901217219702596717622583159291680947094046474456586662132842412743846124470020097713679685492900855417800931365512472314155689881392853768001073664569106127795833231344696659209258027979401908711647617989508135190248980524852215540637603770017238536229773075995665111861820945008718990948857303373661769409475939971958531493423489844433566328219155461676589360491136984327342101195255797973694339642711115427623510874675394946293706606142706174397483349590050687482693164890194014220011640037490528845185364811025836034294701994387
  public exponent: 65537
  Validity: [From: Sat Jan 31 02:57:30 CST 2015,
               To: Wed Feb 08 02:57:30 CST 3015]
  Issuer: CN=localhost, OU=ZooKeeper, O=Apache, L=Unknown, ST=Unknown, C=Unknown
  SerialNumber: [    7334b506]

Certificate Extensions: 1
[1]: ObjectId: 2.5.29.14 Criticality=false
SubjectKeyIdentifier [
KeyIdentifier [
0000: 65 D7 B4 E0 27 45 7A 00   58 2F AD D5 0B 64 2D 77  e...'Ez.X/...d-w
0010: 88 F7 AA F5                                        ....
]
]

]
  Algorithm: [SHA256withRSA]
  Signature:
0000: 1B C8 6B 36 83 1D 28 37   5C 1F 7D F6 C6 84 A0 BF  ..k6..(7\.......
0010: CA C0 47 CF C5 34 70 7A   CF 6B EA 34 84 BE 08 7A  ..G..4pz.k.4...z
0020: 98 E6 3D ED 1D E2 6F 06   DB 23 AB 41 AD D5 DF 1D  ..=...o..#.A....
0030: 92 F4 9D 05 FD 7C EE BE   4A 87 B8 F1 FE F4 5B 79  ........J.....[y
0040: DC AD F7 44 3D 67 08 7A   3B 91 D7 5A 79 44 96 D7  ...D=g.z;..ZyD..
0050: BE 0E 41 C8 64 E3 87 C3   28 11 AB DC 36 F5 B0 AC  ..A.d...(...6...
0060: BD 2F 16 1D 6E A1 52 25   5A EC 6F AD 20 71 5A 1B  ./..n.R%Z.o. qZ.
0070: 66 D4 0D A6 49 B7 75 43   C4 84 0B 4B AC BD 16 76  f...I.uC...K...v
0080: 58 2B 07 85 E2 F1 44 15   1E 67 D1 3C 13 73 5A 2D  X+....D..g.<.sZ-
0090: D6 06 0B A1 D3 09 7E EF   88 F9 C3 0E A4 10 47 EA  ..............G.
00A0: 65 5D CD F0 39 EA 2F 59   1C 08 BC F9 CC 5B C9 BB  e]..9./Y.....[..
00B0: 2F 20 19 81 97 B5 21 BB   60 A4 39 08 6C 41 2A 51  / ....!.`.9.lA*Q
00C0: B1 C3 1A A3 8C F8 ED 67   D0 EE EC 52 01 2A E4 1E  .......g...R.*..
00D0: D2 B4 34 73 DC 7E 34 24   A9 4E 77 AD FD B3 77 0D  ..4s..4$.Nw...w.
00E0: C2 7A C0 65 F6 CC 11 9D   19 AA 59 13 C3 9D AD 5F  .z.e......Y...._
00F0: 61 E6 C2 18 F0 E5 A1 49   41 B5 EF 9E 91 0C 35 9C  a......IA.....5.

]
2020-06-22 14:06:11,497 [myid:127.0.0.1:30073] - ERROR [nioEventLoopGroup-5-1:ZKTrustManager@161] - Failed to verify host address: 127.0.0.1
javax.net.ssl.SSLPeerUnverifiedException: Certificate for <127.0.0.1> doesn't match common name of the certificate subject: localhost
	at org.apache.zookeeper.common.ZKHostnameVerifier.matchCN(ZKHostnameVerifier.java:238)
	at org.apache.zookeeper.common.ZKHostnameVerifier.verify(ZKHostnameVerifier.java:184)
	at org.apache.zookeeper.common.ZKTrustManager.performHostVerification(ZKTrustManager.java:151)
	at org.apache.zookeeper.common.ZKTrustManager.checkServerTrusted(ZKTrustManager.java:118)
	at sun.security.ssl.ClientHandshaker.serverCertificate(ClientHandshaker.java:1675)
	at sun.security.ssl.ClientHandshaker.processMessage(ClientHandshaker.java:226)
	at sun.security.ssl.Handshaker.processLoop(Handshaker.java:1082)
	at sun.security.ssl.Handshaker$1.run(Handshaker.java:1015)
	at sun.security.ssl.Handshaker$1.run(Handshaker.java:1012)
	at java.security.AccessController.doPrivileged(Native Method)
	at sun.security.ssl.Handshaker$DelegatedTask.run(Handshaker.java:1504)
	at io.netty.handler.ssl.SslHandler.runAllDelegatedTasks(SslHandler.java:1510)
	at io.netty.handler.ssl.SslHandler.runDelegatedTasks(SslHandler.java:1524)
	at io.netty.handler.ssl.SslHandler.unwrap(SslHandler.java:1408)
	at io.netty.handler.ssl.SslHandler.decodeJdkCompatible(SslHandler.java:1235)
	at io.netty.handler.ssl.SslHandler.decode(SslHandler.java:1282)
	at io.netty.handler.codec.ByteToMessageDecoder.decodeRemovalReentryProtection(ByteToMessageDecoder.java:498)
	at io.netty.handler.codec.ByteToMessageDecoder.callDecode(ByteToMessageDecoder.java:437)
	at io.netty.handler.codec.ByteToMessageDecoder.channelRead(ByteToMessageDecoder.java:276)
	at io.netty.channel.AbstractChannelHandlerContext.invokeChannelRead(AbstractChannelHandlerContext.java:379)
	at io.netty.channel.AbstractChannelHandlerContext.invokeChannelRead(AbstractChannelHandlerContext.java:365)
	at io.netty.channel.AbstractChannelHandlerContext.fireChannelRead(AbstractChannelHandlerContext.java:357)
	at io.netty.channel.DefaultChannelPipeline$HeadContext.channelRead(DefaultChannelPipeline.java:1410)
	at io.netty.channel.AbstractChannelHandlerContext.invokeChannelRead(AbstractChannelHandlerContext.java:379)
	at io.netty.channel.AbstractChannelHandlerContext.invokeChannelRead(AbstractChannelHandlerContext.java:365)
	at io.netty.channel.DefaultChannelPipeline.fireChannelRead(DefaultChannelPipeline.java:919)
	at io.netty.channel.nio.AbstractNioByteChannel$NioByteUnsafe.read(AbstractNioByteChannel.java:163)
	at io.netty.channel.nio.NioEventLoop.processSelectedKey(NioEventLoop.java:714)
	at io.netty.channel.nio.NioEventLoop.processSelectedKeysOptimized(NioEventLoop.java:650)
	at io.netty.channel.nio.NioEventLoop.processSelectedKeys(NioEventLoop.java:576)
	at io.netty.channel.nio.NioEventLoop.run(NioEventLoop.java:493)
	at io.netty.util.concurrent.SingleThreadEventExecutor$4.run(SingleThreadEventExecutor.java:989)
	at io.netty.util.internal.ThreadExecutorMap$2.run(ThreadExecutorMap.java:74)
	at io.netty.util.concurrent.FastThreadLocalRunnable.run(FastThreadLocalRunnable.java:30)
	at java.lang.Thread.run(Thread.java:748)
2020-06-22 14:06:11,497 [myid:127.0.0.1:30073] - ERROR [nioEventLoopGroup-5-1:ZKTrustManager@162] - Failed to verify hostname: activate.navicat.com
javax.net.ssl.SSLPeerUnverifiedException: Certificate for <activate.navicat.com> doesn't match common name of the certificate subject: localhost
	at org.apache.zookeeper.common.ZKHostnameVerifier.matchCN(ZKHostnameVerifier.java:238)
	at org.apache.zookeeper.common.ZKHostnameVerifier.verify(ZKHostnameVerifier.java:184)
	at org.apache.zookeeper.common.ZKTrustManager.performHostVerification(ZKTrustManager.java:159)
	at org.apache.zookeeper.common.ZKTrustManager.checkServerTrusted(ZKTrustManager.java:118)
	at sun.security.ssl.ClientHandshaker.serverCertificate(ClientHandshaker.java:1675)
	at sun.security.ssl.ClientHandshaker.processMessage(ClientHandshaker.java:226)
	at sun.security.ssl.Handshaker.processLoop(Handshaker.java:1082)
	at sun.security.ssl.Handshaker$1.run(Handshaker.java:1015)
	at sun.security.ssl.Handshaker$1.run(Handshaker.java:1012)
	at java.security.AccessController.doPrivileged(Native Method)
	at sun.security.ssl.Handshaker$DelegatedTask.run(Handshaker.java:1504)
	at io.netty.handler.ssl.SslHandler.runAllDelegatedTasks(SslHandler.java:1510)
	at io.netty.handler.ssl.SslHandler.runDelegatedTasks(SslHandler.java:1524)
	at io.netty.handler.ssl.SslHandler.unwrap(SslHandler.java:1408)
	at io.netty.handler.ssl.SslHandler.decodeJdkCompatible(SslHandler.java:1235)
	at io.netty.handler.ssl.SslHandler.decode(SslHandler.java:1282)
	at io.netty.handler.codec.ByteToMessageDecoder.decodeRemovalReentryProtection(ByteToMessageDecoder.java:498)
	at io.netty.handler.codec.ByteToMessageDecoder.callDecode(ByteToMessageDecoder.java:437)
	at io.netty.handler.codec.ByteToMessageDecoder.channelRead(ByteToMessageDecoder.java:276)
	at io.netty.channel.AbstractChannelHandlerContext.invokeChannelRead(AbstractChannelHandlerContext.java:379)
	at io.netty.channel.AbstractChannelHandlerContext.invokeChannelRead(AbstractChannelHandlerContext.java:365)
	at io.netty.channel.AbstractChannelHandlerContext.fireChannelRead(AbstractChannelHandlerContext.java:357)
	at io.netty.channel.DefaultChannelPipeline$HeadContext.channelRead(DefaultChannelPipeline.java:1410)
	at io.netty.channel.AbstractChannelHandlerContext.invokeChannelRead(AbstractChannelHandlerContext.java:379)
	at io.netty.channel.AbstractChannelHandlerContext.invokeChannelRead(AbstractChannelHandlerContext.java:365)
	at io.netty.channel.DefaultChannelPipeline.fireChannelRead(DefaultChannelPipeline.java:919)
	at io.netty.channel.nio.AbstractNioByteChannel$NioByteUnsafe.read(AbstractNioByteChannel.java:163)
	at io.netty.channel.nio.NioEventLoop.processSelectedKey(NioEventLoop.java:714)
	at io.netty.channel.nio.NioEventLoop.processSelectedKeysOptimized(NioEventLoop.java:650)
	at io.netty.channel.nio.NioEventLoop.processSelectedKeys(NioEventLoop.java:576)
	at io.netty.channel.nio.NioEventLoop.run(NioEventLoop.java:493)
	at io.netty.util.concurrent.SingleThreadEventExecutor$4.run(SingleThreadEventExecutor.java:989)
	at io.netty.util.internal.ThreadExecutorMap$2.run(ThreadExecutorMap.java:74)
	at io.netty.util.concurrent.FastThreadLocalRunnable.run(FastThreadLocalRunnable.java:30)
	at java.lang.Thread.run(Thread.java:748)
nioEventLoopGroup-5-1, fatal error: 46: General SSLEngine problem
java.security.cert.CertificateException: Failed to verify both host address and host name
%% Invalidated:  [Session-11, SSL_NULL_WITH_NULL_NULL]
%% Invalidated:  [Session-14, TLS_ECDHE_RSA_WITH_AES_256_CBC_SHA384]
nioEventLoopGroup-5-1, SEND TLSv1.2 ALERT:  fatal, description = certificate_unknown
nioEventLoopGroup-5-1, WRITE: TLSv1.2 Alert, length = 2
nioEventLoopGroup-5-1, fatal: engine already closed.  Rethrowing javax.net.ssl.SSLHandshakeException: General SSLEngine problem
nioEventLoopGroup-5-1, called closeOutbound()
nioEventLoopGroup-5-1, closeOutboundInternal()
nioEventLoopGroup-5-1, called closeInbound()
nioEventLoopGroup-5-1, fatal: engine already closed.  Rethrowing javax.net.ssl.SSLException: Inbound closed before receiving peer's close_notify: possible truncation attack?
nioEventLoopGroup-4-4, READ: TLSv1.2 Alert, length = 2
nioEventLoopGroup-4-4, RECV TLSv1.2 ALERT:  fatal, certificate_unknown
nioEventLoopGroup-4-4, fatal: engine already closed.  Rethrowing javax.net.ssl.SSLException: Received fatal alert: certificate_unknown
nioEventLoopGroup-4-4, fatal: engine already closed.  Rethrowing javax.net.ssl.SSLException: Received fatal alert: certificate_unknown
2020-06-22 14:06:11,499 [myid:127.0.0.1:30073] - ERROR [nioEventLoopGroup-5-1:ClientCnxnSocketNetty$ZKClientHandler@522] - Unexpected throwable
io.netty.handler.codec.DecoderException: javax.net.ssl.SSLHandshakeException: General SSLEngine problem
	at io.netty.handler.codec.ByteToMessageDecoder.callDecode(ByteToMessageDecoder.java:468)
	at io.netty.handler.codec.ByteToMessageDecoder.channelRead(ByteToMessageDecoder.java:276)
	at io.netty.channel.AbstractChannelHandlerContext.invokeChannelRead(AbstractChannelHandlerContext.java:379)
	at io.netty.channel.AbstractChannelHandlerContext.invokeChannelRead(AbstractChannelHandlerContext.java:365)
	at io.netty.channel.AbstractChannelHandlerContext.fireChannelRead(AbstractChannelHandlerContext.java:357)
	at io.netty.channel.DefaultChannelPipeline$HeadContext.channelRead(DefaultChannelPipeline.java:1410)
	at io.netty.channel.AbstractChannelHandlerContext.invokeChannelRead(AbstractChannelHandlerContext.java:379)
	at io.netty.channel.AbstractChannelHandlerContext.invokeChannelRead(AbstractChannelHandlerContext.java:365)
	at io.netty.channel.DefaultChannelPipeline.fireChannelRead(DefaultChannelPipeline.java:919)
	at io.netty.channel.nio.AbstractNioByteChannel$NioByteUnsafe.read(AbstractNioByteChannel.java:163)
	at io.netty.channel.nio.NioEventLoop.processSelectedKey(NioEventLoop.java:714)
	at io.netty.channel.nio.NioEventLoop.processSelectedKeysOptimized(NioEventLoop.java:650)
	at io.netty.channel.nio.NioEventLoop.processSelectedKeys(NioEventLoop.java:576)
	at io.netty.channel.nio.NioEventLoop.run(NioEventLoop.java:493)
	at io.netty.util.concurrent.SingleThreadEventExecutor$4.run(SingleThreadEventExecutor.java:989)
	at io.netty.util.internal.ThreadExecutorMap$2.run(ThreadExecutorMap.java:74)
	at io.netty.util.concurrent.FastThreadLocalRunnable.run(FastThreadLocalRunnable.java:30)
	at java.lang.Thread.run(Thread.java:748)
Caused by: javax.net.ssl.SSLHandshakeException: General SSLEngine problem
	at sun.security.ssl.Handshaker.checkThrown(Handshaker.java:1566)
	at sun.security.ssl.SSLEngineImpl.checkTaskThrown(SSLEngineImpl.java:545)
	at sun.security.ssl.SSLEngineImpl.readNetRecord(SSLEngineImpl.java:819)
	at sun.security.ssl.SSLEngineImpl.unwrap(SSLEngineImpl.java:783)
	at javax.net.ssl.SSLEngine.unwrap(SSLEngine.java:626)
	at io.netty.handler.ssl.SslHandler$SslEngineType$3.unwrap(SslHandler.java:281)
	at io.netty.handler.ssl.SslHandler.unwrap(SslHandler.java:1340)
	at io.netty.handler.ssl.SslHandler.decodeJdkCompatible(SslHandler.java:1235)
	at io.netty.handler.ssl.SslHandler.decode(SslHandler.java:1282)
	at io.netty.handler.codec.ByteToMessageDecoder.decodeRemovalReentryProtection(ByteToMessageDecoder.java:498)
	at io.netty.handler.codec.ByteToMessageDecoder.callDecode(ByteToMessageDecoder.java:437)
	... 17 more
Caused by: javax.net.ssl.SSLHandshakeException: General SSLEngine problem
	at sun.security.ssl.Alerts.getSSLException(Alerts.java:198)
	at sun.security.ssl.SSLEngineImpl.fatal(SSLEngineImpl.java:1729)
	at sun.security.ssl.Handshaker.fatalSE(Handshaker.java:333)
	at sun.security.ssl.Handshaker.fatalSE(Handshaker.java:325)
	at sun.security.ssl.ClientHandshaker.serverCertificate(ClientHandshaker.java:1688)
	at sun.security.ssl.ClientHandshaker.processMessage(ClientHandshaker.java:226)
	at sun.security.ssl.Handshaker.processLoop(Handshaker.java:1082)
	at sun.security.ssl.Handshaker$1.run(Handshaker.java:1015)
	at sun.security.ssl.Handshaker$1.run(Handshaker.java:1012)
	at java.security.AccessController.doPrivileged(Native Method)
	at sun.security.ssl.Handshaker$DelegatedTask.run(Handshaker.java:1504)
	at io.netty.handler.ssl.SslHandler.runAllDelegatedTasks(SslHandler.java:1510)
	at io.netty.handler.ssl.SslHandler.runDelegatedTasks(SslHandler.java:1524)
	at io.netty.handler.ssl.SslHandler.unwrap(SslHandler.java:1408)
	... 21 more
Caused by: java.security.cert.CertificateException: Failed to verify both host address and host name
	at org.apache.zookeeper.common.ZKTrustManager.performHostVerification(ZKTrustManager.java:163)
	at org.apache.zookeeper.common.ZKTrustManager.checkServerTrusted(ZKTrustManager.java:118)
	at sun.security.ssl.ClientHandshaker.serverCertificate(ClientHandshaker.java:1675)
	... 30 more
Caused by: javax.net.ssl.SSLPeerUnverifiedException: Certificate for <activate.navicat.com> doesn't match common name of the certificate subject: localhost
	at org.apache.zookeeper.common.ZKHostnameVerifier.matchCN(ZKHostnameVerifier.java:238)
	at org.apache.zookeeper.common.ZKHostnameVerifier.verify(ZKHostnameVerifier.java:184)
	at org.apache.zookeeper.common.ZKTrustManager.performHostVerification(ZKTrustManager.java:159)
	... 32 more
2020-06-22 14:06:11,499 [myid:] - ERROR [nioEventLoopGroup-4-4:NettyServerCnxnFactory$CertificateVerifier@434] - Unsuccessful handshake with session 0x0
2020-06-22 14:06:11,499 [myid:127.0.0.1:30073] - WARN  [main-SendThread(127.0.0.1:30073):ClientCnxn$SendThread@1272] - Session 0x0 for sever activate.navicat.com/127.0.0.1:30073, Closing socket connection. Attempting reconnect except it is a SessionExpiredException.
EndOfStreamException: channel for sessionid 0x0 is lost
	at org.apache.zookeeper.ClientCnxnSocketNetty.doTransport(ClientCnxnSocketNetty.java:285)
	at org.apache.zookeeper.ClientCnxn$SendThread.run(ClientCnxn.java:1262)
nioEventLoopGroup-4-4, called closeOutbound()
nioEventLoopGroup-4-4, closeOutboundInternal()
nioEventLoopGroup-4-4, SEND TLSv1.2 ALERT:  warning, description = close_notify
nioEventLoopGroup-4-4, WRITE: TLSv1.2 Alert, length = 2
nioEventLoopGroup-4-4, called closeInbound()
nioEventLoopGroup-4-4, fatal: engine already closed.  Rethrowing javax.net.ssl.SSLException: Inbound closed before receiving peer's close_notify: possible truncation attack?
2020-06-22 14:06:11,499 [myid:127.0.0.1:30073] - INFO  [nioEventLoopGroup-5-1:ClientCnxnSocketNetty@249] - channel is told closing
nioEventLoopGroup-5-1, called closeOutbound()
nioEventLoopGroup-5-1, closeOutboundInternal()
2020-06-22 14:06:11,500 [myid:] - WARN  [nioEventLoopGroup-4-4:NettyServerCnxnFactory$CnxnChannelHandler@273] - Exception caught
io.netty.handler.codec.DecoderException: javax.net.ssl.SSLException: Received fatal alert: certificate_unknown
	at io.netty.handler.codec.ByteToMessageDecoder.callDecode(ByteToMessageDecoder.java:468)
	at io.netty.handler.codec.ByteToMessageDecoder.channelRead(ByteToMessageDecoder.java:276)
	at io.netty.channel.AbstractChannelHandlerContext.invokeChannelRead(AbstractChannelHandlerContext.java:379)
	at io.netty.channel.AbstractChannelHandlerContext.invokeChannelRead(AbstractChannelHandlerContext.java:365)
	at io.netty.channel.AbstractChannelHandlerContext.fireChannelRead(AbstractChannelHandlerContext.java:357)
	at io.netty.channel.DefaultChannelPipeline$HeadContext.channelRead(DefaultChannelPipeline.java:1410)
	at io.netty.channel.AbstractChannelHandlerContext.invokeChannelRead(AbstractChannelHandlerContext.java:379)
	at io.netty.channel.AbstractChannelHandlerContext.invokeChannelRead(AbstractChannelHandlerContext.java:365)
	at io.netty.channel.DefaultChannelPipeline.fireChannelRead(DefaultChannelPipeline.java:919)
	at io.netty.channel.nio.AbstractNioByteChannel$NioByteUnsafe.read(AbstractNioByteChannel.java:163)
	at io.netty.channel.nio.NioEventLoop.processSelectedKey(NioEventLoop.java:714)
	at io.netty.channel.nio.NioEventLoop.processSelectedKeysOptimized(NioEventLoop.java:650)
	at io.netty.channel.nio.NioEventLoop.processSelectedKeys(NioEventLoop.java:576)
	at io.netty.channel.nio.NioEventLoop.run(NioEventLoop.java:493)
	at io.netty.util.concurrent.SingleThreadEventExecutor$4.run(SingleThreadEventExecutor.java:989)
	at io.netty.util.internal.ThreadExecutorMap$2.run(ThreadExecutorMap.java:74)
	at io.netty.util.concurrent.FastThreadLocalRunnable.run(FastThreadLocalRunnable.java:30)
	at java.lang.Thread.run(Thread.java:748)
Caused by: javax.net.ssl.SSLException: Received fatal alert: certificate_unknown
	at sun.security.ssl.Alerts.getSSLException(Alerts.java:214)
	at sun.security.ssl.SSLEngineImpl.fatal(SSLEngineImpl.java:1667)
	at sun.security.ssl.SSLEngineImpl.fatal(SSLEngineImpl.java:1635)
	at sun.security.ssl.SSLEngineImpl.recvAlert(SSLEngineImpl.java:1801)
	at sun.security.ssl.SSLEngineImpl.readRecord(SSLEngineImpl.java:1090)
	at sun.security.ssl.SSLEngineImpl.readNetRecord(SSLEngineImpl.java:913)
	at sun.security.ssl.SSLEngineImpl.unwrap(SSLEngineImpl.java:783)
	at javax.net.ssl.SSLEngine.unwrap(SSLEngine.java:626)
	at io.netty.handler.ssl.SslHandler$SslEngineType$3.unwrap(SslHandler.java:281)
	at io.netty.handler.ssl.SslHandler.unwrap(SslHandler.java:1340)
	at io.netty.handler.ssl.SslHandler.decodeJdkCompatible(SslHandler.java:1235)
	at io.netty.handler.ssl.SslHandler.decode(SslHandler.java:1282)
	at io.netty.handler.codec.ByteToMessageDecoder.decodeRemovalReentryProtection(ByteToMessageDecoder.java:498)
	at io.netty.handler.codec.ByteToMessageDecoder.callDecode(ByteToMessageDecoder.java:437)
	... 17 more
nioEventLoopGroup-4-4, called closeOutbound()
nioEventLoopGroup-4-4, closeOutboundInternal()
2020-06-22 14:06:11,500 [myid:127.0.0.1:30073] - INFO  [nioEventLoopGroup-5-1:ClientCnxnSocketNetty$ZKClientHandler@469] - channel is disconnected: [id: 0x98d5fd60, L:/127.0.0.1:54500 ! R:activate.navicat.com/127.0.0.1:30073]
nioEventLoopGroup-4-4, READ: TLSv1.2 Alert, length = 2
nioEventLoopGroup-4-4, RECV TLSv1.2 ALERT:  fatal, certificate_unknown
nioEventLoopGroup-4-4, fatal: engine already closed.  Rethrowing javax.net.ssl.SSLException: Received fatal alert: certificate_unknown
nioEventLoopGroup-4-4, fatal: engine already closed.  Rethrowing javax.net.ssl.SSLException: Received fatal alert: certificate_unknown
nioEventLoopGroup-4-4, called closeOutbound()
nioEventLoopGroup-4-4, closeOutboundInternal()
nioEventLoopGroup-4-4, called closeInbound()
nioEventLoopGroup-4-4, closeInboundInternal()
nioEventLoopGroup-4-4, closeOutboundInternal()
2020-06-22 14:06:11,501 [myid:] - WARN  [nioEventLoopGroup-4-4:NettyServerCnxnFactory$CnxnChannelHandler@273] - Exception caught
io.netty.handler.codec.DecoderException: javax.net.ssl.SSLException: Received fatal alert: certificate_unknown
	at io.netty.handler.codec.ByteToMessageDecoder.callDecode(ByteToMessageDecoder.java:468)
	at io.netty.handler.codec.ByteToMessageDecoder.channelInputClosed(ByteToMessageDecoder.java:401)
	at io.netty.handler.codec.ByteToMessageDecoder.channelInputClosed(ByteToMessageDecoder.java:368)
	at io.netty.handler.codec.ByteToMessageDecoder.channelInactive(ByteToMessageDecoder.java:351)
	at io.netty.handler.ssl.SslHandler.channelInactive(SslHandler.java:1084)
	at io.netty.channel.AbstractChannelHandlerContext.invokeChannelInactive(AbstractChannelHandlerContext.java:262)
	at io.netty.channel.AbstractChannelHandlerContext.invokeChannelInactive(AbstractChannelHandlerContext.java:248)
	at io.netty.channel.AbstractChannelHandlerContext.fireChannelInactive(AbstractChannelHandlerContext.java:241)
	at io.netty.channel.DefaultChannelPipeline$HeadContext.channelInactive(DefaultChannelPipeline.java:1405)
	at io.netty.channel.AbstractChannelHandlerContext.invokeChannelInactive(AbstractChannelHandlerContext.java:262)
	at io.netty.channel.AbstractChannelHandlerContext.invokeChannelInactive(AbstractChannelHandlerContext.java:248)
	at io.netty.channel.DefaultChannelPipeline.fireChannelInactive(DefaultChannelPipeline.java:901)
	at io.netty.channel.AbstractChannel$AbstractUnsafe$8.run(AbstractChannel.java:818)
	at io.netty.util.concurrent.AbstractEventExecutor.safeExecute(AbstractEventExecutor.java:164)
	at io.netty.util.concurrent.SingleThreadEventExecutor.runAllTasks(SingleThreadEventExecutor.java:472)
	at io.netty.channel.nio.NioEventLoop.run(NioEventLoop.java:497)
	at io.netty.util.concurrent.SingleThreadEventExecutor$4.run(SingleThreadEventExecutor.java:989)
	at io.netty.util.internal.ThreadExecutorMap$2.run(ThreadExecutorMap.java:74)
	at io.netty.util.concurrent.FastThreadLocalRunnable.run(FastThreadLocalRunnable.java:30)
	at java.lang.Thread.run(Thread.java:748)
Caused by: javax.net.ssl.SSLException: Received fatal alert: certificate_unknown
	at sun.security.ssl.Alerts.getSSLException(Alerts.java:214)
	at sun.security.ssl.SSLEngineImpl.fatal(SSLEngineImpl.java:1667)
	at sun.security.ssl.SSLEngineImpl.fatal(SSLEngineImpl.java:1635)
	at sun.security.ssl.SSLEngineImpl.recvAlert(SSLEngineImpl.java:1801)
	at sun.security.ssl.SSLEngineImpl.readRecord(SSLEngineImpl.java:1090)
	at sun.security.ssl.SSLEngineImpl.readNetRecord(SSLEngineImpl.java:913)
	at sun.security.ssl.SSLEngineImpl.unwrap(SSLEngineImpl.java:783)
	at javax.net.ssl.SSLEngine.unwrap(SSLEngine.java:626)
	at io.netty.handler.ssl.SslHandler$SslEngineType$3.unwrap(SslHandler.java:281)
	at io.netty.handler.ssl.SslHandler.unwrap(SslHandler.java:1340)
	at io.netty.handler.ssl.SslHandler.decodeJdkCompatible(SslHandler.java:1235)
	at io.netty.handler.ssl.SslHandler.decode(SslHandler.java:1282)
	at io.netty.handler.codec.ByteToMessageDecoder.decodeRemovalReentryProtection(ByteToMessageDecoder.java:498)
	at io.netty.handler.codec.ByteToMessageDecoder.callDecode(ByteToMessageDecoder.java:437)
	... 19 more
2020-06-22 14:06:12,967 [myid:127.0.0.1:30073] - INFO  [main-SendThread(127.0.0.1:30073):ClientCnxn$SendThread@1154] - Opening socket connection to server activate.navicat.com/127.0.0.1:30073.
2020-06-22 14:06:12,967 [myid:127.0.0.1:30073] - INFO  [main-SendThread(127.0.0.1:30073):ClientCnxn$SendThread@1156] - SASL config status: Will not attempt to authenticate using SASL (unknown error)
adding as trusted cert:
  Subject: CN=localhost, OU=ZooKeeper, O=Apache, L=Unknown, ST=Unknown, C=Unknown
  Issuer:  CN=localhost, OU=ZooKeeper, O=Apache, L=Unknown, ST=Unknown, C=Unknown
  Algorithm: RSA; Serial number: 0x7334b506
  Valid from Sat Jan 31 02:57:30 CST 2015 until Wed Feb 08 02:57:30 CST 3015

trigger seeding of SecureRandom
done seeding SecureRandom
Using SSLEngineImpl.
%% Initialized:  [Session-15, SSL_NULL_WITH_NULL_NULL]
2020-06-22 14:06:12,969 [myid:127.0.0.1:30073] - INFO  [nioEventLoopGroup-5-1:ClientCnxnSocketNetty$ZKClientPipelineFactory@454] - SSL handler added for channel: [id: 0xba8814f8]
2020-06-22 14:06:12,970 [myid:127.0.0.1:30073] - INFO  [nioEventLoopGroup-5-1:ClientCnxn$SendThread@986] - Socket connection established, initiating session, client: /127.0.0.1:54537, server: activate.navicat.com/127.0.0.1:30073
2020-06-22 14:06:12,970 [myid:127.0.0.1:30073] - INFO  [nioEventLoopGroup-5-1:ClientCnxnSocketNetty$1@184] - channel is connected: [id: 0xba8814f8, L:/127.0.0.1:54537 - R:activate.navicat.com/127.0.0.1:30073]
Allow unsafe renegotiation: false
Allow legacy hello messages: true
Is initial handshake: true
Is secure renegotiation: false
Ignoring unsupported cipher suite: TLS_ECDHE_ECDSA_WITH_AES_256_CBC_SHA384 for TLSv1
Ignoring unsupported cipher suite: TLS_ECDHE_RSA_WITH_AES_256_CBC_SHA384 for TLSv1
Ignoring unsupported cipher suite: TLS_RSA_WITH_AES_256_CBC_SHA256 for TLSv1
Ignoring unsupported cipher suite: TLS_ECDH_ECDSA_WITH_AES_256_CBC_SHA384 for TLSv1
Ignoring unsupported cipher suite: TLS_ECDH_RSA_WITH_AES_256_CBC_SHA384 for TLSv1
Ignoring unsupported cipher suite: TLS_DHE_RSA_WITH_AES_256_CBC_SHA256 for TLSv1
Ignoring unsupported cipher suite: TLS_DHE_DSS_WITH_AES_256_CBC_SHA256 for TLSv1
Ignoring unsupported cipher suite: TLS_ECDHE_ECDSA_WITH_AES_256_CBC_SHA384 for TLSv1.1
Ignoring unsupported cipher suite: TLS_ECDHE_RSA_WITH_AES_256_CBC_SHA384 for TLSv1.1
Ignoring unsupported cipher suite: TLS_RSA_WITH_AES_256_CBC_SHA256 for TLSv1.1
Ignoring unsupported cipher suite: TLS_ECDH_ECDSA_WITH_AES_256_CBC_SHA384 for TLSv1.1
Ignoring unsupported cipher suite: TLS_ECDH_RSA_WITH_AES_256_CBC_SHA384 for TLSv1.1
Ignoring unsupported cipher suite: TLS_DHE_RSA_WITH_AES_256_CBC_SHA256 for TLSv1.1
Ignoring unsupported cipher suite: TLS_DHE_DSS_WITH_AES_256_CBC_SHA256 for TLSv1.1
trigger seeding of SecureRandom
done seeding SecureRandom
Using SSLEngineImpl.
%% Initialized:  [Session-16, SSL_NULL_WITH_NULL_NULL]
%% No cached client session
update handshake state: client_hello[1]
upcoming handshake states: server_hello[2]
*** ClientHello, TLSv1.2
RandomCookie:  GMT: 1576028756 bytes = { 54, 37, 31, 234, 215, 166, 161, 11, 10, 72, 249, 127, 168, 219, 179, 137, 11, 35, 79, 48, 1, 29, 48, 67, 157, 240, 185, 55 }
Session ID:  {}
Cipher Suites: [TLS_ECDHE_ECDSA_WITH_AES_256_CBC_SHA384, TLS_ECDHE_RSA_WITH_AES_256_CBC_SHA384, TLS_RSA_WITH_AES_256_CBC_SHA256, TLS_ECDH_ECDSA_WITH_AES_256_CBC_SHA384, TLS_ECDH_RSA_WITH_AES_256_CBC_SHA384, TLS_DHE_RSA_WITH_AES_256_CBC_SHA256, TLS_DHE_DSS_WITH_AES_256_CBC_SHA256, TLS_ECDHE_ECDSA_WITH_AES_256_CBC_SHA, TLS_ECDHE_RSA_WITH_AES_256_CBC_SHA, TLS_RSA_WITH_AES_256_CBC_SHA, TLS_ECDH_ECDSA_WITH_AES_256_CBC_SHA, TLS_ECDH_RSA_WITH_AES_256_CBC_SHA, TLS_DHE_RSA_WITH_AES_256_CBC_SHA, TLS_DHE_DSS_WITH_AES_256_CBC_SHA, TLS_ECDHE_ECDSA_WITH_AES_128_CBC_SHA256, TLS_ECDHE_RSA_WITH_AES_128_CBC_SHA256, TLS_RSA_WITH_AES_128_CBC_SHA256, TLS_ECDH_ECDSA_WITH_AES_128_CBC_SHA256, TLS_ECDH_RSA_WITH_AES_128_CBC_SHA256, TLS_DHE_RSA_WITH_AES_128_CBC_SHA256, TLS_DHE_DSS_WITH_AES_128_CBC_SHA256, TLS_ECDHE_ECDSA_WITH_AES_128_CBC_SHA, TLS_ECDHE_RSA_WITH_AES_128_CBC_SHA, TLS_RSA_WITH_AES_128_CBC_SHA, TLS_ECDH_ECDSA_WITH_AES_128_CBC_SHA, TLS_ECDH_RSA_WITH_AES_128_CBC_SHA, TLS_DHE_RSA_WITH_AES_128_CBC_SHA, TLS_DHE_DSS_WITH_AES_128_CBC_SHA, TLS_ECDHE_ECDSA_WITH_AES_256_GCM_SHA384, TLS_ECDHE_ECDSA_WITH_AES_128_GCM_SHA256, TLS_ECDHE_RSA_WITH_AES_256_GCM_SHA384, TLS_RSA_WITH_AES_256_GCM_SHA384, TLS_ECDH_ECDSA_WITH_AES_256_GCM_SHA384, TLS_ECDH_RSA_WITH_AES_256_GCM_SHA384, TLS_DHE_RSA_WITH_AES_256_GCM_SHA384, TLS_DHE_DSS_WITH_AES_256_GCM_SHA384, TLS_ECDHE_RSA_WITH_AES_128_GCM_SHA256, TLS_RSA_WITH_AES_128_GCM_SHA256, TLS_ECDH_ECDSA_WITH_AES_128_GCM_SHA256, TLS_ECDH_RSA_WITH_AES_128_GCM_SHA256, TLS_DHE_RSA_WITH_AES_128_GCM_SHA256, TLS_DHE_DSS_WITH_AES_128_GCM_SHA256, TLS_EMPTY_RENEGOTIATION_INFO_SCSV]
Compression Methods:  { 0 }
Extension elliptic_curves, curve names: {secp256r1, secp384r1, secp521r1}
Extension ec_point_formats, formats: [uncompressed]
Extension signature_algorithms, signature_algorithms: SHA512withECDSA, SHA512withRSA, SHA384withECDSA, SHA384withRSA, SHA256withECDSA, SHA256withRSA, SHA256withDSA, SHA1withECDSA, SHA1withRSA, SHA1withDSA
Extension extended_master_secret
Extension server_name, server_name: [type=host_name (0), value=activate.navicat.com]
***
nioEventLoopGroup-5-1, WRITE: TLSv1.2 Handshake, length = 208
Allow unsafe renegotiation: false
Allow legacy hello messages: true
Is initial handshake: true
Is secure renegotiation: false
nioEventLoopGroup-4-5, READ: TLSv1.2 Handshake, length = 208
check handshake state: client_hello[1]
update handshake state: client_hello[1]
upcoming handshake states: server_hello[2]
*** ClientHello, TLSv1.2
RandomCookie:  GMT: 1576028756 bytes = { 54, 37, 31, 234, 215, 166, 161, 11, 10, 72, 249, 127, 168, 219, 179, 137, 11, 35, 79, 48, 1, 29, 48, 67, 157, 240, 185, 55 }
Session ID:  {}
Cipher Suites: [TLS_ECDHE_ECDSA_WITH_AES_256_CBC_SHA384, TLS_ECDHE_RSA_WITH_AES_256_CBC_SHA384, TLS_RSA_WITH_AES_256_CBC_SHA256, TLS_ECDH_ECDSA_WITH_AES_256_CBC_SHA384, TLS_ECDH_RSA_WITH_AES_256_CBC_SHA384, TLS_DHE_RSA_WITH_AES_256_CBC_SHA256, TLS_DHE_DSS_WITH_AES_256_CBC_SHA256, TLS_ECDHE_ECDSA_WITH_AES_256_CBC_SHA, TLS_ECDHE_RSA_WITH_AES_256_CBC_SHA, TLS_RSA_WITH_AES_256_CBC_SHA, TLS_ECDH_ECDSA_WITH_AES_256_CBC_SHA, TLS_ECDH_RSA_WITH_AES_256_CBC_SHA, TLS_DHE_RSA_WITH_AES_256_CBC_SHA, TLS_DHE_DSS_WITH_AES_256_CBC_SHA, TLS_ECDHE_ECDSA_WITH_AES_128_CBC_SHA256, TLS_ECDHE_RSA_WITH_AES_128_CBC_SHA256, TLS_RSA_WITH_AES_128_CBC_SHA256, TLS_ECDH_ECDSA_WITH_AES_128_CBC_SHA256, TLS_ECDH_RSA_WITH_AES_128_CBC_SHA256, TLS_DHE_RSA_WITH_AES_128_CBC_SHA256, TLS_DHE_DSS_WITH_AES_128_CBC_SHA256, TLS_ECDHE_ECDSA_WITH_AES_128_CBC_SHA, TLS_ECDHE_RSA_WITH_AES_128_CBC_SHA, TLS_RSA_WITH_AES_128_CBC_SHA, TLS_ECDH_ECDSA_WITH_AES_128_CBC_SHA, TLS_ECDH_RSA_WITH_AES_128_CBC_SHA, TLS_DHE_RSA_WITH_AES_128_CBC_SHA, TLS_DHE_DSS_WITH_AES_128_CBC_SHA, TLS_ECDHE_ECDSA_WITH_AES_256_GCM_SHA384, TLS_ECDHE_ECDSA_WITH_AES_128_GCM_SHA256, TLS_ECDHE_RSA_WITH_AES_256_GCM_SHA384, TLS_RSA_WITH_AES_256_GCM_SHA384, TLS_ECDH_ECDSA_WITH_AES_256_GCM_SHA384, TLS_ECDH_RSA_WITH_AES_256_GCM_SHA384, TLS_DHE_RSA_WITH_AES_256_GCM_SHA384, TLS_DHE_DSS_WITH_AES_256_GCM_SHA384, TLS_ECDHE_RSA_WITH_AES_128_GCM_SHA256, TLS_RSA_WITH_AES_128_GCM_SHA256, TLS_ECDH_ECDSA_WITH_AES_128_GCM_SHA256, TLS_ECDH_RSA_WITH_AES_128_GCM_SHA256, TLS_DHE_RSA_WITH_AES_128_GCM_SHA256, TLS_DHE_DSS_WITH_AES_128_GCM_SHA256, TLS_EMPTY_RENEGOTIATION_INFO_SCSV]
Compression Methods:  { 0 }
Extension elliptic_curves, curve names: {secp256r1, secp384r1, secp521r1}
Extension ec_point_formats, formats: [uncompressed]
Extension signature_algorithms, signature_algorithms: SHA512withECDSA, SHA512withRSA, SHA384withECDSA, SHA384withRSA, SHA256withECDSA, SHA256withRSA, SHA256withDSA, SHA1withECDSA, SHA1withRSA, SHA1withDSA
Extension extended_master_secret
Extension server_name, server_name: [type=host_name (0), value=activate.navicat.com]
***
%% Initialized:  [Session-17, SSL_NULL_WITH_NULL_NULL]
Standard ciphersuite chosen: TLS_ECDHE_RSA_WITH_AES_256_CBC_SHA384
%% Negotiating:  [Session-17, TLS_ECDHE_RSA_WITH_AES_256_CBC_SHA384]
*** ServerHello, TLSv1.2
RandomCookie:  GMT: 1576028756 bytes = { 193, 243, 205, 155, 96, 126, 110, 198, 131, 67, 41, 229, 153, 170, 175, 127, 168, 87, 24, 142, 221, 28, 63, 68, 142, 31, 126, 60 }
Session ID:  {94, 240, 74, 84, 17, 252, 24, 250, 35, 170, 30, 163, 224, 54, 64, 218, 101, 253, 25, 65, 204, 14, 189, 206, 37, 28, 132, 88, 232, 135, 110, 139}
Cipher Suite: TLS_ECDHE_RSA_WITH_AES_256_CBC_SHA384
Compression Method: 0
Extension renegotiation_info, renegotiated_connection: <empty>
Extension extended_master_secret
***
Cipher suite:  TLS_ECDHE_RSA_WITH_AES_256_CBC_SHA384
update handshake state: server_hello[2]
upcoming handshake states: server certificate[11]
upcoming handshake states: server_key_exchange[12](optional)
upcoming handshake states: certificate_request[13](optional)
upcoming handshake states: server_hello_done[14]
upcoming handshake states: client certificate[11](optional)
upcoming handshake states: client_key_exchange[16]
upcoming handshake states: certificate_verify[15](optional)
upcoming handshake states: client change_cipher_spec[-1]
upcoming handshake states: client finished[20]
upcoming handshake states: server change_cipher_spec[-1]
upcoming handshake states: server finished[20]
*** Certificate chain
chain [0] = [
[
  Version: V3
  Subject: CN=localhost, OU=ZooKeeper, O=Apache, L=Unknown, ST=Unknown, C=Unknown
  Signature Algorithm: SHA256withRSA, OID = 1.2.840.113549.1.1.11

  Key:  Sun RSA public key, 2048 bits
  params: null
  modulus: 20466894428749997265095448870198652391311568515891366224735448896044144250313384062095901217219702596717622583159291680947094046474456586662132842412743846124470020097713679685492900855417800931365512472314155689881392853768001073664569106127795833231344696659209258027979401908711647617989508135190248980524852215540637603770017238536229773075995665111861820945008718990948857303373661769409475939971958531493423489844433566328219155461676589360491136984327342101195255797973694339642711115427623510874675394946293706606142706174397483349590050687482693164890194014220011640037490528845185364811025836034294701994387
  public exponent: 65537
  Validity: [From: Sat Jan 31 02:57:30 CST 2015,
               To: Wed Feb 08 02:57:30 CST 3015]
  Issuer: CN=localhost, OU=ZooKeeper, O=Apache, L=Unknown, ST=Unknown, C=Unknown
  SerialNumber: [    7334b506]

Certificate Extensions: 1
[1]: ObjectId: 2.5.29.14 Criticality=false
SubjectKeyIdentifier [
KeyIdentifier [
0000: 65 D7 B4 E0 27 45 7A 00   58 2F AD D5 0B 64 2D 77  e...'Ez.X/...d-w
0010: 88 F7 AA F5                                        ....
]
]

]
  Algorithm: [SHA256withRSA]
  Signature:
0000: 1B C8 6B 36 83 1D 28 37   5C 1F 7D F6 C6 84 A0 BF  ..k6..(7\.......
0010: CA C0 47 CF C5 34 70 7A   CF 6B EA 34 84 BE 08 7A  ..G..4pz.k.4...z
0020: 98 E6 3D ED 1D E2 6F 06   DB 23 AB 41 AD D5 DF 1D  ..=...o..#.A....
0030: 92 F4 9D 05 FD 7C EE BE   4A 87 B8 F1 FE F4 5B 79  ........J.....[y
0040: DC AD F7 44 3D 67 08 7A   3B 91 D7 5A 79 44 96 D7  ...D=g.z;..ZyD..
0050: BE 0E 41 C8 64 E3 87 C3   28 11 AB DC 36 F5 B0 AC  ..A.d...(...6...
0060: BD 2F 16 1D 6E A1 52 25   5A EC 6F AD 20 71 5A 1B  ./..n.R%Z.o. qZ.
0070: 66 D4 0D A6 49 B7 75 43   C4 84 0B 4B AC BD 16 76  f...I.uC...K...v
0080: 58 2B 07 85 E2 F1 44 15   1E 67 D1 3C 13 73 5A 2D  X+....D..g.<.sZ-
0090: D6 06 0B A1 D3 09 7E EF   88 F9 C3 0E A4 10 47 EA  ..............G.
00A0: 65 5D CD F0 39 EA 2F 59   1C 08 BC F9 CC 5B C9 BB  e]..9./Y.....[..
00B0: 2F 20 19 81 97 B5 21 BB   60 A4 39 08 6C 41 2A 51  / ....!.`.9.lA*Q
00C0: B1 C3 1A A3 8C F8 ED 67   D0 EE EC 52 01 2A E4 1E  .......g...R.*..
00D0: D2 B4 34 73 DC 7E 34 24   A9 4E 77 AD FD B3 77 0D  ..4s..4$.Nw...w.
00E0: C2 7A C0 65 F6 CC 11 9D   19 AA 59 13 C3 9D AD 5F  .z.e......Y...._
00F0: 61 E6 C2 18 F0 E5 A1 49   41 B5 EF 9E 91 0C 35 9C  a......IA.....5.

]
***
update handshake state: certificate[11]
upcoming handshake states: server_key_exchange[12](optional)
upcoming handshake states: certificate_request[13](optional)
upcoming handshake states: server_hello_done[14]
upcoming handshake states: client certificate[11](optional)
upcoming handshake states: client_key_exchange[16]
upcoming handshake states: certificate_verify[15](optional)
upcoming handshake states: client change_cipher_spec[-1]
upcoming handshake states: client finished[20]
upcoming handshake states: server change_cipher_spec[-1]
upcoming handshake states: server finished[20]
*** ECDH ServerKeyExchange
Signature Algorithm SHA512withRSA
Server key: Sun EC public key, 256 bits
  public x coord: 49269879609144030670927303807762576337182759017112697814952636695365385437956
  public y coord: 45078425095967810118484167600399966430664128474726279003570023550023501233394
  parameters: secp256r1 [NIST P-256, X9.62 prime256v1] (1.2.840.10045.3.1.7)
update handshake state: server_key_exchange[12]
upcoming handshake states: certificate_request[13](optional)
upcoming handshake states: server_hello_done[14]
upcoming handshake states: client certificate[11](optional)
upcoming handshake states: client_key_exchange[16]
upcoming handshake states: certificate_verify[15](optional)
upcoming handshake states: client change_cipher_spec[-1]
upcoming handshake states: client finished[20]
upcoming handshake states: server change_cipher_spec[-1]
upcoming handshake states: server finished[20]
*** CertificateRequest
Cert Types: RSA, DSS, ECDSA
Supported Signature Algorithms: SHA512withECDSA, SHA512withRSA, SHA384withECDSA, SHA384withRSA, SHA256withECDSA, SHA256withRSA, SHA256withDSA, SHA1withECDSA, SHA1withRSA, SHA1withDSA
Cert Authorities:
<CN=localhost, OU=ZooKeeper, O=Apache, L=Unknown, ST=Unknown, C=Unknown>
update handshake state: unknown[13]
upcoming handshake states: server_hello_done[14]
upcoming handshake states: client certificate[11](optional)
upcoming handshake states: client_key_exchange[16]
upcoming handshake states: certificate_verify[15](optional)
upcoming handshake states: client change_cipher_spec[-1]
upcoming handshake states: client finished[20]
upcoming handshake states: server change_cipher_spec[-1]
upcoming handshake states: server finished[20]
*** ServerHelloDone
update handshake state: server_hello_done[14]
upcoming handshake states: client certificate[11](optional)
upcoming handshake states: client_key_exchange[16]
upcoming handshake states: certificate_verify[15](optional)
upcoming handshake states: client change_cipher_spec[-1]
upcoming handshake states: client finished[20]
upcoming handshake states: server change_cipher_spec[-1]
upcoming handshake states: server finished[20]
nioEventLoopGroup-4-5, WRITE: TLSv1.2 Handshake, length = 1478
nioEventLoopGroup-5-1, READ: TLSv1.2 Handshake, length = 1478
check handshake state: server_hello[2]
*** ServerHello, TLSv1.2
RandomCookie:  GMT: 1576028756 bytes = { 193, 243, 205, 155, 96, 126, 110, 198, 131, 67, 41, 229, 153, 170, 175, 127, 168, 87, 24, 142, 221, 28, 63, 68, 142, 31, 126, 60 }
Session ID:  {94, 240, 74, 84, 17, 252, 24, 250, 35, 170, 30, 163, 224, 54, 64, 218, 101, 253, 25, 65, 204, 14, 189, 206, 37, 28, 132, 88, 232, 135, 110, 139}
Cipher Suite: TLS_ECDHE_RSA_WITH_AES_256_CBC_SHA384
Compression Method: 0
Extension renegotiation_info, renegotiated_connection: <empty>
Extension extended_master_secret
***
%% Initialized:  [Session-18, TLS_ECDHE_RSA_WITH_AES_256_CBC_SHA384]
** TLS_ECDHE_RSA_WITH_AES_256_CBC_SHA384
update handshake state: server_hello[2]
upcoming handshake states: server certificate[11]
upcoming handshake states: server_key_exchange[12](optional)
upcoming handshake states: certificate_request[13](optional)
upcoming handshake states: server_hello_done[14]
upcoming handshake states: client certificate[11](optional)
upcoming handshake states: client_key_exchange[16]
upcoming handshake states: certificate_verify[15](optional)
upcoming handshake states: client change_cipher_spec[-1]
upcoming handshake states: client finished[20]
upcoming handshake states: server change_cipher_spec[-1]
upcoming handshake states: server finished[20]
check handshake state: certificate[11]
update handshake state: certificate[11]
upcoming handshake states: server_key_exchange[12](optional)
upcoming handshake states: certificate_request[13](optional)
upcoming handshake states: server_hello_done[14]
upcoming handshake states: client certificate[11](optional)
upcoming handshake states: client_key_exchange[16]
upcoming handshake states: certificate_verify[15](optional)
upcoming handshake states: client change_cipher_spec[-1]
upcoming handshake states: client finished[20]
upcoming handshake states: server change_cipher_spec[-1]
upcoming handshake states: server finished[20]
*** Certificate chain
chain [0] = [
[
  Version: V3
  Subject: CN=localhost, OU=ZooKeeper, O=Apache, L=Unknown, ST=Unknown, C=Unknown
  Signature Algorithm: SHA256withRSA, OID = 1.2.840.113549.1.1.11

  Key:  Sun RSA public key, 2048 bits
  params: null
  modulus: 20466894428749997265095448870198652391311568515891366224735448896044144250313384062095901217219702596717622583159291680947094046474456586662132842412743846124470020097713679685492900855417800931365512472314155689881392853768001073664569106127795833231344696659209258027979401908711647617989508135190248980524852215540637603770017238536229773075995665111861820945008718990948857303373661769409475939971958531493423489844433566328219155461676589360491136984327342101195255797973694339642711115427623510874675394946293706606142706174397483349590050687482693164890194014220011640037490528845185364811025836034294701994387
  public exponent: 65537
  Validity: [From: Sat Jan 31 02:57:30 CST 2015,
               To: Wed Feb 08 02:57:30 CST 3015]
  Issuer: CN=localhost, OU=ZooKeeper, O=Apache, L=Unknown, ST=Unknown, C=Unknown
  SerialNumber: [    7334b506]

Certificate Extensions: 1
[1]: ObjectId: 2.5.29.14 Criticality=false
SubjectKeyIdentifier [
KeyIdentifier [
0000: 65 D7 B4 E0 27 45 7A 00   58 2F AD D5 0B 64 2D 77  e...'Ez.X/...d-w
0010: 88 F7 AA F5                                        ....
]
]

]
  Algorithm: [SHA256withRSA]
  Signature:
0000: 1B C8 6B 36 83 1D 28 37   5C 1F 7D F6 C6 84 A0 BF  ..k6..(7\.......
0010: CA C0 47 CF C5 34 70 7A   CF 6B EA 34 84 BE 08 7A  ..G..4pz.k.4...z
0020: 98 E6 3D ED 1D E2 6F 06   DB 23 AB 41 AD D5 DF 1D  ..=...o..#.A....
0030: 92 F4 9D 05 FD 7C EE BE   4A 87 B8 F1 FE F4 5B 79  ........J.....[y
0040: DC AD F7 44 3D 67 08 7A   3B 91 D7 5A 79 44 96 D7  ...D=g.z;..ZyD..
0050: BE 0E 41 C8 64 E3 87 C3   28 11 AB DC 36 F5 B0 AC  ..A.d...(...6...
0060: BD 2F 16 1D 6E A1 52 25   5A EC 6F AD 20 71 5A 1B  ./..n.R%Z.o. qZ.
0070: 66 D4 0D A6 49 B7 75 43   C4 84 0B 4B AC BD 16 76  f...I.uC...K...v
0080: 58 2B 07 85 E2 F1 44 15   1E 67 D1 3C 13 73 5A 2D  X+....D..g.<.sZ-
0090: D6 06 0B A1 D3 09 7E EF   88 F9 C3 0E A4 10 47 EA  ..............G.
00A0: 65 5D CD F0 39 EA 2F 59   1C 08 BC F9 CC 5B C9 BB  e]..9./Y.....[..
00B0: 2F 20 19 81 97 B5 21 BB   60 A4 39 08 6C 41 2A 51  / ....!.`.9.lA*Q
00C0: B1 C3 1A A3 8C F8 ED 67   D0 EE EC 52 01 2A E4 1E  .......g...R.*..
00D0: D2 B4 34 73 DC 7E 34 24   A9 4E 77 AD FD B3 77 0D  ..4s..4$.Nw...w.
00E0: C2 7A C0 65 F6 CC 11 9D   19 AA 59 13 C3 9D AD 5F  .z.e......Y...._
00F0: 61 E6 C2 18 F0 E5 A1 49   41 B5 EF 9E 91 0C 35 9C  a......IA.....5.

]
***
Found trusted certificate:
[
[
  Version: V3
  Subject: CN=localhost, OU=ZooKeeper, O=Apache, L=Unknown, ST=Unknown, C=Unknown
  Signature Algorithm: SHA256withRSA, OID = 1.2.840.113549.1.1.11

  Key:  Sun RSA public key, 2048 bits
  params: null
  modulus: 20466894428749997265095448870198652391311568515891366224735448896044144250313384062095901217219702596717622583159291680947094046474456586662132842412743846124470020097713679685492900855417800931365512472314155689881392853768001073664569106127795833231344696659209258027979401908711647617989508135190248980524852215540637603770017238536229773075995665111861820945008718990948857303373661769409475939971958531493423489844433566328219155461676589360491136984327342101195255797973694339642711115427623510874675394946293706606142706174397483349590050687482693164890194014220011640037490528845185364811025836034294701994387
  public exponent: 65537
  Validity: [From: Sat Jan 31 02:57:30 CST 2015,
               To: Wed Feb 08 02:57:30 CST 3015]
  Issuer: CN=localhost, OU=ZooKeeper, O=Apache, L=Unknown, ST=Unknown, C=Unknown
  SerialNumber: [    7334b506]

Certificate Extensions: 1
[1]: ObjectId: 2.5.29.14 Criticality=false
SubjectKeyIdentifier [
KeyIdentifier [
0000: 65 D7 B4 E0 27 45 7A 00   58 2F AD D5 0B 64 2D 77  e...'Ez.X/...d-w
0010: 88 F7 AA F5                                        ....
]
]

]
  Algorithm: [SHA256withRSA]
  Signature:
0000: 1B C8 6B 36 83 1D 28 37   5C 1F 7D F6 C6 84 A0 BF  ..k6..(7\.......
0010: CA C0 47 CF C5 34 70 7A   CF 6B EA 34 84 BE 08 7A  ..G..4pz.k.4...z
0020: 98 E6 3D ED 1D E2 6F 06   DB 23 AB 41 AD D5 DF 1D  ..=...o..#.A....
0030: 92 F4 9D 05 FD 7C EE BE   4A 87 B8 F1 FE F4 5B 79  ........J.....[y
0040: DC AD F7 44 3D 67 08 7A   3B 91 D7 5A 79 44 96 D7  ...D=g.z;..ZyD..
0050: BE 0E 41 C8 64 E3 87 C3   28 11 AB DC 36 F5 B0 AC  ..A.d...(...6...
0060: BD 2F 16 1D 6E A1 52 25   5A EC 6F AD 20 71 5A 1B  ./..n.R%Z.o. qZ.
0070: 66 D4 0D A6 49 B7 75 43   C4 84 0B 4B AC BD 16 76  f...I.uC...K...v
0080: 58 2B 07 85 E2 F1 44 15   1E 67 D1 3C 13 73 5A 2D  X+....D..g.<.sZ-
0090: D6 06 0B A1 D3 09 7E EF   88 F9 C3 0E A4 10 47 EA  ..............G.
00A0: 65 5D CD F0 39 EA 2F 59   1C 08 BC F9 CC 5B C9 BB  e]..9./Y.....[..
00B0: 2F 20 19 81 97 B5 21 BB   60 A4 39 08 6C 41 2A 51  / ....!.`.9.lA*Q
00C0: B1 C3 1A A3 8C F8 ED 67   D0 EE EC 52 01 2A E4 1E  .......g...R.*..
00D0: D2 B4 34 73 DC 7E 34 24   A9 4E 77 AD FD B3 77 0D  ..4s..4$.Nw...w.
00E0: C2 7A C0 65 F6 CC 11 9D   19 AA 59 13 C3 9D AD 5F  .z.e......Y...._
00F0: 61 E6 C2 18 F0 E5 A1 49   41 B5 EF 9E 91 0C 35 9C  a......IA.....5.

]
2020-06-22 14:06:12,994 [myid:127.0.0.1:30073] - ERROR [nioEventLoopGroup-5-1:ZKTrustManager@161] - Failed to verify host address: 127.0.0.1
javax.net.ssl.SSLPeerUnverifiedException: Certificate for <127.0.0.1> doesn't match common name of the certificate subject: localhost
	at org.apache.zookeeper.common.ZKHostnameVerifier.matchCN(ZKHostnameVerifier.java:238)
	at org.apache.zookeeper.common.ZKHostnameVerifier.verify(ZKHostnameVerifier.java:184)
	at org.apache.zookeeper.common.ZKTrustManager.performHostVerification(ZKTrustManager.java:151)
	at org.apache.zookeeper.common.ZKTrustManager.checkServerTrusted(ZKTrustManager.java:118)
	at sun.security.ssl.ClientHandshaker.serverCertificate(ClientHandshaker.java:1675)
	at sun.security.ssl.ClientHandshaker.processMessage(ClientHandshaker.java:226)
	at sun.security.ssl.Handshaker.processLoop(Handshaker.java:1082)
	at sun.security.ssl.Handshaker$1.run(Handshaker.java:1015)
	at sun.security.ssl.Handshaker$1.run(Handshaker.java:1012)
	at java.security.AccessController.doPrivileged(Native Method)
	at sun.security.ssl.Handshaker$DelegatedTask.run(Handshaker.java:1504)
	at io.netty.handler.ssl.SslHandler.runAllDelegatedTasks(SslHandler.java:1510)
	at io.netty.handler.ssl.SslHandler.runDelegatedTasks(SslHandler.java:1524)
	at io.netty.handler.ssl.SslHandler.unwrap(SslHandler.java:1408)
	at io.netty.handler.ssl.SslHandler.decodeJdkCompatible(SslHandler.java:1235)
	at io.netty.handler.ssl.SslHandler.decode(SslHandler.java:1282)
	at io.netty.handler.codec.ByteToMessageDecoder.decodeRemovalReentryProtection(ByteToMessageDecoder.java:498)
	at io.netty.handler.codec.ByteToMessageDecoder.callDecode(ByteToMessageDecoder.java:437)
	at io.netty.handler.codec.ByteToMessageDecoder.channelRead(ByteToMessageDecoder.java:276)
	at io.netty.channel.AbstractChannelHandlerContext.invokeChannelRead(AbstractChannelHandlerContext.java:379)
	at io.netty.channel.AbstractChannelHandlerContext.invokeChannelRead(AbstractChannelHandlerContext.java:365)
	at io.netty.channel.AbstractChannelHandlerContext.fireChannelRead(AbstractChannelHandlerContext.java:357)
	at io.netty.channel.DefaultChannelPipeline$HeadContext.channelRead(DefaultChannelPipeline.java:1410)
	at io.netty.channel.AbstractChannelHandlerContext.invokeChannelRead(AbstractChannelHandlerContext.java:379)
	at io.netty.channel.AbstractChannelHandlerContext.invokeChannelRead(AbstractChannelHandlerContext.java:365)
	at io.netty.channel.DefaultChannelPipeline.fireChannelRead(DefaultChannelPipeline.java:919)
	at io.netty.channel.nio.AbstractNioByteChannel$NioByteUnsafe.read(AbstractNioByteChannel.java:163)
	at io.netty.channel.nio.NioEventLoop.processSelectedKey(NioEventLoop.java:714)
	at io.netty.channel.nio.NioEventLoop.processSelectedKeysOptimized(NioEventLoop.java:650)
	at io.netty.channel.nio.NioEventLoop.processSelectedKeys(NioEventLoop.java:576)
	at io.netty.channel.nio.NioEventLoop.run(NioEventLoop.java:493)
	at io.netty.util.concurrent.SingleThreadEventExecutor$4.run(SingleThreadEventExecutor.java:989)
	at io.netty.util.internal.ThreadExecutorMap$2.run(ThreadExecutorMap.java:74)
	at io.netty.util.concurrent.FastThreadLocalRunnable.run(FastThreadLocalRunnable.java:30)
	at java.lang.Thread.run(Thread.java:748)
2020-06-22 14:06:12,994 [myid:127.0.0.1:30073] - ERROR [nioEventLoopGroup-5-1:ZKTrustManager@162] - Failed to verify hostname: activate.navicat.com
javax.net.ssl.SSLPeerUnverifiedException: Certificate for <activate.navicat.com> doesn't match common name of the certificate subject: localhost
	at org.apache.zookeeper.common.ZKHostnameVerifier.matchCN(ZKHostnameVerifier.java:238)
	at org.apache.zookeeper.common.ZKHostnameVerifier.verify(ZKHostnameVerifier.java:184)
	at org.apache.zookeeper.common.ZKTrustManager.performHostVerification(ZKTrustManager.java:159)
	at org.apache.zookeeper.common.ZKTrustManager.checkServerTrusted(ZKTrustManager.java:118)
	at sun.security.ssl.ClientHandshaker.serverCertificate(ClientHandshaker.java:1675)
	at sun.security.ssl.ClientHandshaker.processMessage(ClientHandshaker.java:226)
	at sun.security.ssl.Handshaker.processLoop(Handshaker.java:1082)
	at sun.security.ssl.Handshaker$1.run(Handshaker.java:1015)
	at sun.security.ssl.Handshaker$1.run(Handshaker.java:1012)
	at java.security.AccessController.doPrivileged(Native Method)
	at sun.security.ssl.Handshaker$DelegatedTask.run(Handshaker.java:1504)
	at io.netty.handler.ssl.SslHandler.runAllDelegatedTasks(SslHandler.java:1510)
	at io.netty.handler.ssl.SslHandler.runDelegatedTasks(SslHandler.java:1524)
	at io.netty.handler.ssl.SslHandler.unwrap(SslHandler.java:1408)
	at io.netty.handler.ssl.SslHandler.decodeJdkCompatible(SslHandler.java:1235)
	at io.netty.handler.ssl.SslHandler.decode(SslHandler.java:1282)
	at io.netty.handler.codec.ByteToMessageDecoder.decodeRemovalReentryProtection(ByteToMessageDecoder.java:498)
	at io.netty.handler.codec.ByteToMessageDecoder.callDecode(ByteToMessageDecoder.java:437)
	at io.netty.handler.codec.ByteToMessageDecoder.channelRead(ByteToMessageDecoder.java:276)
	at io.netty.channel.AbstractChannelHandlerContext.invokeChannelRead(AbstractChannelHandlerContext.java:379)
	at io.netty.channel.AbstractChannelHandlerContext.invokeChannelRead(AbstractChannelHandlerContext.java:365)
	at io.netty.channel.AbstractChannelHandlerContext.fireChannelRead(AbstractChannelHandlerContext.java:357)
	at io.netty.channel.DefaultChannelPipeline$HeadContext.channelRead(DefaultChannelPipeline.java:1410)
	at io.netty.channel.AbstractChannelHandlerContext.invokeChannelRead(AbstractChannelHandlerContext.java:379)
	at io.netty.channel.AbstractChannelHandlerContext.invokeChannelRead(AbstractChannelHandlerContext.java:365)
	at io.netty.channel.DefaultChannelPipeline.fireChannelRead(DefaultChannelPipeline.java:919)
	at io.netty.channel.nio.AbstractNioByteChannel$NioByteUnsafe.read(AbstractNioByteChannel.java:163)
	at io.netty.channel.nio.NioEventLoop.processSelectedKey(NioEventLoop.java:714)
	at io.netty.channel.nio.NioEventLoop.processSelectedKeysOptimized(NioEventLoop.java:650)
	at io.netty.channel.nio.NioEventLoop.processSelectedKeys(NioEventLoop.java:576)
	at io.netty.channel.nio.NioEventLoop.run(NioEventLoop.java:493)
	at io.netty.util.concurrent.SingleThreadEventExecutor$4.run(SingleThreadEventExecutor.java:989)
	at io.netty.util.internal.ThreadExecutorMap$2.run(ThreadExecutorMap.java:74)
	at io.netty.util.concurrent.FastThreadLocalRunnable.run(FastThreadLocalRunnable.java:30)
	at java.lang.Thread.run(Thread.java:748)
nioEventLoopGroup-5-1, fatal error: 46: General SSLEngine problem
java.security.cert.CertificateException: Failed to verify both host address and host name
%% Invalidated:  [Session-15, SSL_NULL_WITH_NULL_NULL]
%% Invalidated:  [Session-18, TLS_ECDHE_RSA_WITH_AES_256_CBC_SHA384]
nioEventLoopGroup-5-1, SEND TLSv1.2 ALERT:  fatal, description = certificate_unknown
nioEventLoopGroup-5-1, WRITE: TLSv1.2 Alert, length = 2
nioEventLoopGroup-5-1, fatal: engine already closed.  Rethrowing javax.net.ssl.SSLHandshakeException: General SSLEngine problem
nioEventLoopGroup-5-1, called closeOutbound()
nioEventLoopGroup-5-1, closeOutboundInternal()
nioEventLoopGroup-5-1, called closeInbound()
nioEventLoopGroup-5-1, fatal: engine already closed.  Rethrowing javax.net.ssl.SSLException: Inbound closed before receiving peer's close_notify: possible truncation attack?
nioEventLoopGroup-4-5, READ: TLSv1.2 Alert, length = 2
nioEventLoopGroup-4-5, RECV TLSv1.2 ALERT:  fatal, certificate_unknown
nioEventLoopGroup-4-5, fatal: engine already closed.  Rethrowing javax.net.ssl.SSLException: Received fatal alert: certificate_unknown
nioEventLoopGroup-4-5, fatal: engine already closed.  Rethrowing javax.net.ssl.SSLException: Received fatal alert: certificate_unknown
2020-06-22 14:06:12,996 [myid:] - ERROR [nioEventLoopGroup-4-5:NettyServerCnxnFactory$CertificateVerifier@434] - Unsuccessful handshake with session 0x0
nioEventLoopGroup-4-5, called closeOutbound()
nioEventLoopGroup-4-5, closeOutboundInternal()
nioEventLoopGroup-4-5, SEND TLSv1.2 ALERT:  warning, description = close_notify
nioEventLoopGroup-4-5, WRITE: TLSv1.2 Alert, length = 2
nioEventLoopGroup-4-5, called closeInbound()
nioEventLoopGroup-4-5, fatal: engine already closed.  Rethrowing javax.net.ssl.SSLException: Inbound closed before receiving peer's close_notify: possible truncation attack?
2020-06-22 14:06:12,996 [myid:127.0.0.1:30073] - ERROR [nioEventLoopGroup-5-1:ClientCnxnSocketNetty$ZKClientHandler@522] - Unexpected throwable
io.netty.handler.codec.DecoderException: javax.net.ssl.SSLHandshakeException: General SSLEngine problem
	at io.netty.handler.codec.ByteToMessageDecoder.callDecode(ByteToMessageDecoder.java:468)
	at io.netty.handler.codec.ByteToMessageDecoder.channelRead(ByteToMessageDecoder.java:276)
	at io.netty.channel.AbstractChannelHandlerContext.invokeChannelRead(AbstractChannelHandlerContext.java:379)
	at io.netty.channel.AbstractChannelHandlerContext.invokeChannelRead(AbstractChannelHandlerContext.java:365)
	at io.netty.channel.AbstractChannelHandlerContext.fireChannelRead(AbstractChannelHandlerContext.java:357)
	at io.netty.channel.DefaultChannelPipeline$HeadContext.channelRead(DefaultChannelPipeline.java:1410)
	at io.netty.channel.AbstractChannelHandlerContext.invokeChannelRead(AbstractChannelHandlerContext.java:379)
	at io.netty.channel.AbstractChannelHandlerContext.invokeChannelRead(AbstractChannelHandlerContext.java:365)
	at io.netty.channel.DefaultChannelPipeline.fireChannelRead(DefaultChannelPipeline.java:919)
	at io.netty.channel.nio.AbstractNioByteChannel$NioByteUnsafe.read(AbstractNioByteChannel.java:163)
	at io.netty.channel.nio.NioEventLoop.processSelectedKey(NioEventLoop.java:714)
	at io.netty.channel.nio.NioEventLoop.processSelectedKeysOptimized(NioEventLoop.java:650)
	at io.netty.channel.nio.NioEventLoop.processSelectedKeys(NioEventLoop.java:576)
	at io.netty.channel.nio.NioEventLoop.run(NioEventLoop.java:493)
	at io.netty.util.concurrent.SingleThreadEventExecutor$4.run(SingleThreadEventExecutor.java:989)
	at io.netty.util.internal.ThreadExecutorMap$2.run(ThreadExecutorMap.java:74)
	at io.netty.util.concurrent.FastThreadLocalRunnable.run(FastThreadLocalRunnable.java:30)
	at java.lang.Thread.run(Thread.java:748)
Caused by: javax.net.ssl.SSLHandshakeException: General SSLEngine problem
	at sun.security.ssl.Handshaker.checkThrown(Handshaker.java:1566)
	at sun.security.ssl.SSLEngineImpl.checkTaskThrown(SSLEngineImpl.java:545)
	at sun.security.ssl.SSLEngineImpl.readNetRecord(SSLEngineImpl.java:819)
	at sun.security.ssl.SSLEngineImpl.unwrap(SSLEngineImpl.java:783)
	at javax.net.ssl.SSLEngine.unwrap(SSLEngine.java:626)
	at io.netty.handler.ssl.SslHandler$SslEngineType$3.unwrap(SslHandler.java:281)
	at io.netty.handler.ssl.SslHandler.unwrap(SslHandler.java:1340)
	at io.netty.handler.ssl.SslHandler.decodeJdkCompatible(SslHandler.java:1235)
	at io.netty.handler.ssl.SslHandler.decode(SslHandler.java:1282)
	at io.netty.handler.codec.ByteToMessageDecoder.decodeRemovalReentryProtection(ByteToMessageDecoder.java:498)
	at io.netty.handler.codec.ByteToMessageDecoder.callDecode(ByteToMessageDecoder.java:437)
	... 17 more
Caused by: javax.net.ssl.SSLHandshakeException: General SSLEngine problem
	at sun.security.ssl.Alerts.getSSLException(Alerts.java:198)
	at sun.security.ssl.SSLEngineImpl.fatal(SSLEngineImpl.java:1729)
	at sun.security.ssl.Handshaker.fatalSE(Handshaker.java:333)
	at sun.security.ssl.Handshaker.fatalSE(Handshaker.java:325)
	at sun.security.ssl.ClientHandshaker.serverCertificate(ClientHandshaker.java:1688)
	at sun.security.ssl.ClientHandshaker.processMessage(ClientHandshaker.java:226)
	at sun.security.ssl.Handshaker.processLoop(Handshaker.java:1082)
	at sun.security.ssl.Handshaker$1.run(Handshaker.java:1015)
	at sun.security.ssl.Handshaker$1.run(Handshaker.java:1012)
	at java.security.AccessController.doPrivileged(Native Method)
	at sun.security.ssl.Handshaker$DelegatedTask.run(Handshaker.java:1504)
	at io.netty.handler.ssl.SslHandler.runAllDelegatedTasks(SslHandler.java:1510)
	at io.netty.handler.ssl.SslHandler.runDelegatedTasks(SslHandler.java:1524)
	at io.netty.handler.ssl.SslHandler.unwrap(SslHandler.java:1408)
	... 21 more
Caused by: java.security.cert.CertificateException: Failed to verify both host address and host name
	at org.apache.zookeeper.common.ZKTrustManager.performHostVerification(ZKTrustManager.java:163)
	at org.apache.zookeeper.common.ZKTrustManager.checkServerTrusted(ZKTrustManager.java:118)
	at sun.security.ssl.ClientHandshaker.serverCertificate(ClientHandshaker.java:1675)
	... 30 more
Caused by: javax.net.ssl.SSLPeerUnverifiedException: Certificate for <activate.navicat.com> doesn't match common name of the certificate subject: localhost
	at org.apache.zookeeper.common.ZKHostnameVerifier.matchCN(ZKHostnameVerifier.java:238)
	at org.apache.zookeeper.common.ZKHostnameVerifier.verify(ZKHostnameVerifier.java:184)
	at org.apache.zookeeper.common.ZKTrustManager.performHostVerification(ZKTrustManager.java:159)
	... 32 more
2020-06-22 14:06:12,997 [myid:127.0.0.1:30073] - INFO  [nioEventLoopGroup-5-1:ClientCnxnSocketNetty@249] - channel is told closing
nioEventLoopGroup-5-1, called closeOutbound()
nioEventLoopGroup-5-1, closeOutboundInternal()
2020-06-22 14:06:12,997 [myid:] - WARN  [nioEventLoopGroup-4-5:NettyServerCnxnFactory$CnxnChannelHandler@273] - Exception caught
io.netty.handler.codec.DecoderException: javax.net.ssl.SSLException: Received fatal alert: certificate_unknown
	at io.netty.handler.codec.ByteToMessageDecoder.callDecode(ByteToMessageDecoder.java:468)
	at io.netty.handler.codec.ByteToMessageDecoder.channelRead(ByteToMessageDecoder.java:276)
	at io.netty.channel.AbstractChannelHandlerContext.invokeChannelRead(AbstractChannelHandlerContext.java:379)
	at io.netty.channel.AbstractChannelHandlerContext.invokeChannelRead(AbstractChannelHandlerContext.java:365)
	at io.netty.channel.AbstractChannelHandlerContext.fireChannelRead(AbstractChannelHandlerContext.java:357)
	at io.netty.channel.DefaultChannelPipeline$HeadContext.channelRead(DefaultChannelPipeline.java:1410)
	at io.netty.channel.AbstractChannelHandlerContext.invokeChannelRead(AbstractChannelHandlerContext.java:379)
	at io.netty.channel.AbstractChannelHandlerContext.invokeChannelRead(AbstractChannelHandlerContext.java:365)
	at io.netty.channel.DefaultChannelPipeline.fireChannelRead(DefaultChannelPipeline.java:919)
	at io.netty.channel.nio.AbstractNioByteChannel$NioByteUnsafe.read(AbstractNioByteChannel.java:163)
	at io.netty.channel.nio.NioEventLoop.processSelectedKey(NioEventLoop.java:714)
	at io.netty.channel.nio.NioEventLoop.processSelectedKeysOptimized(NioEventLoop.java:650)
	at io.netty.channel.nio.NioEventLoop.processSelectedKeys(NioEventLoop.java:576)
	at io.netty.channel.nio.NioEventLoop.run(NioEventLoop.java:493)
	at io.netty.util.concurrent.SingleThreadEventExecutor$4.run(SingleThreadEventExecutor.java:989)
	at io.netty.util.internal.ThreadExecutorMap$2.run(ThreadExecutorMap.java:74)
	at io.netty.util.concurrent.FastThreadLocalRunnable.run(FastThreadLocalRunnable.java:30)
	at java.lang.Thread.run(Thread.java:748)
Caused by: javax.net.ssl.SSLException: Received fatal alert: certificate_unknown
	at sun.security.ssl.Alerts.getSSLException(Alerts.java:214)
	at sun.security.ssl.SSLEngineImpl.fatal(SSLEngineImpl.java:1667)
	at sun.security.ssl.SSLEngineImpl.fatal(SSLEngineImpl.java:1635)
	at sun.security.ssl.SSLEngineImpl.recvAlert(SSLEngineImpl.java:1801)
	at sun.security.ssl.SSLEngineImpl.readRecord(SSLEngineImpl.java:1090)
	at sun.security.ssl.SSLEngineImpl.readNetRecord(SSLEngineImpl.java:913)
	at sun.security.ssl.SSLEngineImpl.unwrap(SSLEngineImpl.java:783)
	at javax.net.ssl.SSLEngine.unwrap(SSLEngine.java:626)
	at io.netty.handler.ssl.SslHandler$SslEngineType$3.unwrap(SslHandler.java:281)
	at io.netty.handler.ssl.SslHandler.unwrap(SslHandler.java:1340)
	at io.netty.handler.ssl.SslHandler.decodeJdkCompatible(SslHandler.java:1235)
	at io.netty.handler.ssl.SslHandler.decode(SslHandler.java:1282)
	at io.netty.handler.codec.ByteToMessageDecoder.decodeRemovalReentryProtection(ByteToMessageDecoder.java:498)
	at io.netty.handler.codec.ByteToMessageDecoder.callDecode(ByteToMessageDecoder.java:437)
	... 17 more
nioEventLoopGroup-4-5, called closeOutbound()
nioEventLoopGroup-4-5, closeOutboundInternal()
2020-06-22 14:06:12,997 [myid:127.0.0.1:30073] - WARN  [main-SendThread(127.0.0.1:30073):ClientCnxn$SendThread@1272] - Session 0x0 for sever activate.navicat.com/127.0.0.1:30073, Closing socket connection. Attempting reconnect except it is a SessionExpiredException.
EndOfStreamException: channel for sessionid 0x0 is lost
	at org.apache.zookeeper.ClientCnxnSocketNetty.doTransport(ClientCnxnSocketNetty.java:285)
	at org.apache.zookeeper.ClientCnxn$SendThread.run(ClientCnxn.java:1262)
nioEventLoopGroup-4-5, READ: TLSv1.2 Alert, length = 2
nioEventLoopGroup-4-5, RECV TLSv1.2 ALERT:  fatal, certificate_unknown
nioEventLoopGroup-4-5, fatal: engine already closed.  Rethrowing javax.net.ssl.SSLException: Received fatal alert: certificate_unknown
nioEventLoopGroup-4-5, fatal: engine already closed.  Rethrowing javax.net.ssl.SSLException: Received fatal alert: certificate_unknown
2020-06-22 14:06:12,997 [myid:127.0.0.1:30073] - INFO  [nioEventLoopGroup-5-1:ClientCnxnSocketNetty$ZKClientHandler@469] - channel is disconnected: [id: 0xba8814f8, L:/127.0.0.1:54537 ! R:activate.navicat.com/127.0.0.1:30073]
nioEventLoopGroup-4-5, called closeOutbound()
nioEventLoopGroup-4-5, closeOutboundInternal()
nioEventLoopGroup-4-5, called closeInbound()
nioEventLoopGroup-4-5, closeInboundInternal()
nioEventLoopGroup-4-5, closeOutboundInternal()
2020-06-22 14:06:12,998 [myid:] - WARN  [nioEventLoopGroup-4-5:NettyServerCnxnFactory$CnxnChannelHandler@273] - Exception caught
io.netty.handler.codec.DecoderException: javax.net.ssl.SSLException: Received fatal alert: certificate_unknown
	at io.netty.handler.codec.ByteToMessageDecoder.callDecode(ByteToMessageDecoder.java:468)
	at io.netty.handler.codec.ByteToMessageDecoder.channelInputClosed(ByteToMessageDecoder.java:401)
	at io.netty.handler.codec.ByteToMessageDecoder.channelInputClosed(ByteToMessageDecoder.java:368)
	at io.netty.handler.codec.ByteToMessageDecoder.channelInactive(ByteToMessageDecoder.java:351)
	at io.netty.handler.ssl.SslHandler.channelInactive(SslHandler.java:1084)
	at io.netty.channel.AbstractChannelHandlerContext.invokeChannelInactive(AbstractChannelHandlerContext.java:262)
	at io.netty.channel.AbstractChannelHandlerContext.invokeChannelInactive(AbstractChannelHandlerContext.java:248)
	at io.netty.channel.AbstractChannelHandlerContext.fireChannelInactive(AbstractChannelHandlerContext.java:241)
	at io.netty.channel.DefaultChannelPipeline$HeadContext.channelInactive(DefaultChannelPipeline.java:1405)
	at io.netty.channel.AbstractChannelHandlerContext.invokeChannelInactive(AbstractChannelHandlerContext.java:262)
	at io.netty.channel.AbstractChannelHandlerContext.invokeChannelInactive(AbstractChannelHandlerContext.java:248)
	at io.netty.channel.DefaultChannelPipeline.fireChannelInactive(DefaultChannelPipeline.java:901)
	at io.netty.channel.AbstractChannel$AbstractUnsafe$8.run(AbstractChannel.java:818)
	at io.netty.util.concurrent.AbstractEventExecutor.safeExecute(AbstractEventExecutor.java:164)
	at io.netty.util.concurrent.SingleThreadEventExecutor.runAllTasks(SingleThreadEventExecutor.java:472)
	at io.netty.channel.nio.NioEventLoop.run(NioEventLoop.java:497)
	at io.netty.util.concurrent.SingleThreadEventExecutor$4.run(SingleThreadEventExecutor.java:989)
	at io.netty.util.internal.ThreadExecutorMap$2.run(ThreadExecutorMap.java:74)
	at io.netty.util.concurrent.FastThreadLocalRunnable.run(FastThreadLocalRunnable.java:30)
	at java.lang.Thread.run(Thread.java:748)
Caused by: javax.net.ssl.SSLException: Received fatal alert: certificate_unknown
	at sun.security.ssl.Alerts.getSSLException(Alerts.java:214)
	at sun.security.ssl.SSLEngineImpl.fatal(SSLEngineImpl.java:1667)
	at sun.security.ssl.SSLEngineImpl.fatal(SSLEngineImpl.java:1635)
	at sun.security.ssl.SSLEngineImpl.recvAlert(SSLEngineImpl.java:1801)
	at sun.security.ssl.SSLEngineImpl.readRecord(SSLEngineImpl.java:1090)
	at sun.security.ssl.SSLEngineImpl.readNetRecord(SSLEngineImpl.java:913)
	at sun.security.ssl.SSLEngineImpl.unwrap(SSLEngineImpl.java:783)
	at javax.net.ssl.SSLEngine.unwrap(SSLEngine.java:626)
	at io.netty.handler.ssl.SslHandler$SslEngineType$3.unwrap(SslHandler.java:281)
	at io.netty.handler.ssl.SslHandler.unwrap(SslHandler.java:1340)
	at io.netty.handler.ssl.SslHandler.decodeJdkCompatible(SslHandler.java:1235)
	at io.netty.handler.ssl.SslHandler.decode(SslHandler.java:1282)
	at io.netty.handler.codec.ByteToMessageDecoder.decodeRemovalReentryProtection(ByteToMessageDecoder.java:498)
	at io.netty.handler.codec.ByteToMessageDecoder.callDecode(ByteToMessageDecoder.java:437)
	... 19 more
2020-06-22 14:06:14,459 [myid:127.0.0.1:30073] - INFO  [main-SendThread(127.0.0.1:30073):ClientCnxn$SendThread@1154] - Opening socket connection to server activate.navicat.com/127.0.0.1:30073.
2020-06-22 14:06:14,459 [myid:127.0.0.1:30073] - INFO  [main-SendThread(127.0.0.1:30073):ClientCnxn$SendThread@1156] - SASL config status: Will not attempt to authenticate using SASL (unknown error)
adding as trusted cert:
  Subject: CN=localhost, OU=ZooKeeper, O=Apache, L=Unknown, ST=Unknown, C=Unknown
  Issuer:  CN=localhost, OU=ZooKeeper, O=Apache, L=Unknown, ST=Unknown, C=Unknown
  Algorithm: RSA; Serial number: 0x7334b506
  Valid from Sat Jan 31 02:57:30 CST 2015 until Wed Feb 08 02:57:30 CST 3015

trigger seeding of SecureRandom
done seeding SecureRandom
Using SSLEngineImpl.
%% Initialized:  [Session-19, SSL_NULL_WITH_NULL_NULL]
2020-06-22 14:06:14,460 [myid:127.0.0.1:30073] - INFO  [nioEventLoopGroup-5-1:ClientCnxnSocketNetty$ZKClientPipelineFactory@454] - SSL handler added for channel: [id: 0x60a7b31e]
2020-06-22 14:06:14,461 [myid:127.0.0.1:30073] - INFO  [nioEventLoopGroup-5-1:ClientCnxn$SendThread@986] - Socket connection established, initiating session, client: /127.0.0.1:54615, server: activate.navicat.com/127.0.0.1:30073
2020-06-22 14:06:14,461 [myid:127.0.0.1:30073] - INFO  [nioEventLoopGroup-5-1:ClientCnxnSocketNetty$1@184] - channel is connected: [id: 0x60a7b31e, L:/127.0.0.1:54615 - R:activate.navicat.com/127.0.0.1:30073]
Allow unsafe renegotiation: false
Allow legacy hello messages: true
Is initial handshake: true
Is secure renegotiation: false
Ignoring unsupported cipher suite: TLS_ECDHE_ECDSA_WITH_AES_256_CBC_SHA384 for TLSv1
Ignoring unsupported cipher suite: TLS_ECDHE_RSA_WITH_AES_256_CBC_SHA384 for TLSv1
Ignoring unsupported cipher suite: TLS_RSA_WITH_AES_256_CBC_SHA256 for TLSv1
Ignoring unsupported cipher suite: TLS_ECDH_ECDSA_WITH_AES_256_CBC_SHA384 for TLSv1
Ignoring unsupported cipher suite: TLS_ECDH_RSA_WITH_AES_256_CBC_SHA384 for TLSv1
Ignoring unsupported cipher suite: TLS_DHE_RSA_WITH_AES_256_CBC_SHA256 for TLSv1
Ignoring unsupported cipher suite: TLS_DHE_DSS_WITH_AES_256_CBC_SHA256 for TLSv1
Ignoring unsupported cipher suite: TLS_ECDHE_ECDSA_WITH_AES_256_CBC_SHA384 for TLSv1.1
Ignoring unsupported cipher suite: TLS_ECDHE_RSA_WITH_AES_256_CBC_SHA384 for TLSv1.1
Ignoring unsupported cipher suite: TLS_RSA_WITH_AES_256_CBC_SHA256 for TLSv1.1
Ignoring unsupported cipher suite: TLS_ECDH_ECDSA_WITH_AES_256_CBC_SHA384 for TLSv1.1
Ignoring unsupported cipher suite: TLS_ECDH_RSA_WITH_AES_256_CBC_SHA384 for TLSv1.1
Ignoring unsupported cipher suite: TLS_DHE_RSA_WITH_AES_256_CBC_SHA256 for TLSv1.1
Ignoring unsupported cipher suite: TLS_DHE_DSS_WITH_AES_256_CBC_SHA256 for TLSv1.1
trigger seeding of SecureRandom
done seeding SecureRandom
%% No cached client session
Using SSLEngineImpl.
%% Initialized:  [Session-20, SSL_NULL_WITH_NULL_NULL]
update handshake state: client_hello[1]
upcoming handshake states: server_hello[2]
*** ClientHello, TLSv1.2
RandomCookie:  GMT: 1576028758 bytes = { 57, 96, 37, 85, 95, 87, 222, 114, 218, 195, 254, 221, 111, 172, 4, 31, 184, 129, 43, 133, 196, 124, 132, 213, 73, 78, 160, 221 }
Session ID:  {}
Cipher Suites: [TLS_ECDHE_ECDSA_WITH_AES_256_CBC_SHA384, TLS_ECDHE_RSA_WITH_AES_256_CBC_SHA384, TLS_RSA_WITH_AES_256_CBC_SHA256, TLS_ECDH_ECDSA_WITH_AES_256_CBC_SHA384, TLS_ECDH_RSA_WITH_AES_256_CBC_SHA384, TLS_DHE_RSA_WITH_AES_256_CBC_SHA256, TLS_DHE_DSS_WITH_AES_256_CBC_SHA256, TLS_ECDHE_ECDSA_WITH_AES_256_CBC_SHA, TLS_ECDHE_RSA_WITH_AES_256_CBC_SHA, TLS_RSA_WITH_AES_256_CBC_SHA, TLS_ECDH_ECDSA_WITH_AES_256_CBC_SHA, TLS_ECDH_RSA_WITH_AES_256_CBC_SHA, TLS_DHE_RSA_WITH_AES_256_CBC_SHA, TLS_DHE_DSS_WITH_AES_256_CBC_SHA, TLS_ECDHE_ECDSA_WITH_AES_128_CBC_SHA256, TLS_ECDHE_RSA_WITH_AES_128_CBC_SHA256, TLS_RSA_WITH_AES_128_CBC_SHA256, TLS_ECDH_ECDSA_WITH_AES_128_CBC_SHA256, TLS_ECDH_RSA_WITH_AES_128_CBC_SHA256, TLS_DHE_RSA_WITH_AES_128_CBC_SHA256, TLS_DHE_DSS_WITH_AES_128_CBC_SHA256, TLS_ECDHE_ECDSA_WITH_AES_128_CBC_SHA, TLS_ECDHE_RSA_WITH_AES_128_CBC_SHA, TLS_RSA_WITH_AES_128_CBC_SHA, TLS_ECDH_ECDSA_WITH_AES_128_CBC_SHA, TLS_ECDH_RSA_WITH_AES_128_CBC_SHA, TLS_DHE_RSA_WITH_AES_128_CBC_SHA, TLS_DHE_DSS_WITH_AES_128_CBC_SHA, TLS_ECDHE_ECDSA_WITH_AES_256_GCM_SHA384, TLS_ECDHE_ECDSA_WITH_AES_128_GCM_SHA256, TLS_ECDHE_RSA_WITH_AES_256_GCM_SHA384, TLS_RSA_WITH_AES_256_GCM_SHA384, TLS_ECDH_ECDSA_WITH_AES_256_GCM_SHA384, TLS_ECDH_RSA_WITH_AES_256_GCM_SHA384, TLS_DHE_RSA_WITH_AES_256_GCM_SHA384, TLS_DHE_DSS_WITH_AES_256_GCM_SHA384, TLS_ECDHE_RSA_WITH_AES_128_GCM_SHA256, TLS_RSA_WITH_AES_128_GCM_SHA256, TLS_ECDH_ECDSA_WITH_AES_128_GCM_SHA256, TLS_ECDH_RSA_WITH_AES_128_GCM_SHA256, TLS_DHE_RSA_WITH_AES_128_GCM_SHA256, TLS_DHE_DSS_WITH_AES_128_GCM_SHA256, TLS_EMPTY_RENEGOTIATION_INFO_SCSV]
Compression Methods:  { 0 }
Extension elliptic_curves, curve names: {secp256r1, secp384r1, secp521r1}
Extension ec_point_formats, formats: [uncompressed]
Extension signature_algorithms, signature_algorithms: SHA512withECDSA, SHA512withRSA, SHA384withECDSA, SHA384withRSA, SHA256withECDSA, SHA256withRSA, SHA256withDSA, SHA1withECDSA, SHA1withRSA, SHA1withDSA
Extension extended_master_secret
Extension server_name, server_name: [type=host_name (0), value=activate.navicat.com]
***
nioEventLoopGroup-5-1, WRITE: TLSv1.2 Handshake, length = 208
Allow unsafe renegotiation: false
Allow legacy hello messages: true
Is initial handshake: true
Is secure renegotiation: false
nioEventLoopGroup-4-6, READ: TLSv1.2 Handshake, length = 208
check handshake state: client_hello[1]
update handshake state: client_hello[1]
upcoming handshake states: server_hello[2]
*** ClientHello, TLSv1.2
RandomCookie:  GMT: 1576028758 bytes = { 57, 96, 37, 85, 95, 87, 222, 114, 218, 195, 254, 221, 111, 172, 4, 31, 184, 129, 43, 133, 196, 124, 132, 213, 73, 78, 160, 221 }
Session ID:  {}
Cipher Suites: [TLS_ECDHE_ECDSA_WITH_AES_256_CBC_SHA384, TLS_ECDHE_RSA_WITH_AES_256_CBC_SHA384, TLS_RSA_WITH_AES_256_CBC_SHA256, TLS_ECDH_ECDSA_WITH_AES_256_CBC_SHA384, TLS_ECDH_RSA_WITH_AES_256_CBC_SHA384, TLS_DHE_RSA_WITH_AES_256_CBC_SHA256, TLS_DHE_DSS_WITH_AES_256_CBC_SHA256, TLS_ECDHE_ECDSA_WITH_AES_256_CBC_SHA, TLS_ECDHE_RSA_WITH_AES_256_CBC_SHA, TLS_RSA_WITH_AES_256_CBC_SHA, TLS_ECDH_ECDSA_WITH_AES_256_CBC_SHA, TLS_ECDH_RSA_WITH_AES_256_CBC_SHA, TLS_DHE_RSA_WITH_AES_256_CBC_SHA, TLS_DHE_DSS_WITH_AES_256_CBC_SHA, TLS_ECDHE_ECDSA_WITH_AES_128_CBC_SHA256, TLS_ECDHE_RSA_WITH_AES_128_CBC_SHA256, TLS_RSA_WITH_AES_128_CBC_SHA256, TLS_ECDH_ECDSA_WITH_AES_128_CBC_SHA256, TLS_ECDH_RSA_WITH_AES_128_CBC_SHA256, TLS_DHE_RSA_WITH_AES_128_CBC_SHA256, TLS_DHE_DSS_WITH_AES_128_CBC_SHA256, TLS_ECDHE_ECDSA_WITH_AES_128_CBC_SHA, TLS_ECDHE_RSA_WITH_AES_128_CBC_SHA, TLS_RSA_WITH_AES_128_CBC_SHA, TLS_ECDH_ECDSA_WITH_AES_128_CBC_SHA, TLS_ECDH_RSA_WITH_AES_128_CBC_SHA, TLS_DHE_RSA_WITH_AES_128_CBC_SHA, TLS_DHE_DSS_WITH_AES_128_CBC_SHA, TLS_ECDHE_ECDSA_WITH_AES_256_GCM_SHA384, TLS_ECDHE_ECDSA_WITH_AES_128_GCM_SHA256, TLS_ECDHE_RSA_WITH_AES_256_GCM_SHA384, TLS_RSA_WITH_AES_256_GCM_SHA384, TLS_ECDH_ECDSA_WITH_AES_256_GCM_SHA384, TLS_ECDH_RSA_WITH_AES_256_GCM_SHA384, TLS_DHE_RSA_WITH_AES_256_GCM_SHA384, TLS_DHE_DSS_WITH_AES_256_GCM_SHA384, TLS_ECDHE_RSA_WITH_AES_128_GCM_SHA256, TLS_RSA_WITH_AES_128_GCM_SHA256, TLS_ECDH_ECDSA_WITH_AES_128_GCM_SHA256, TLS_ECDH_RSA_WITH_AES_128_GCM_SHA256, TLS_DHE_RSA_WITH_AES_128_GCM_SHA256, TLS_DHE_DSS_WITH_AES_128_GCM_SHA256, TLS_EMPTY_RENEGOTIATION_INFO_SCSV]
Compression Methods:  { 0 }
Extension elliptic_curves, curve names: {secp256r1, secp384r1, secp521r1}
Extension ec_point_formats, formats: [uncompressed]
Extension signature_algorithms, signature_algorithms: SHA512withECDSA, SHA512withRSA, SHA384withECDSA, SHA384withRSA, SHA256withECDSA, SHA256withRSA, SHA256withDSA, SHA1withECDSA, SHA1withRSA, SHA1withDSA
Extension extended_master_secret
Extension server_name, server_name: [type=host_name (0), value=activate.navicat.com]
***
%% Initialized:  [Session-21, SSL_NULL_WITH_NULL_NULL]
Standard ciphersuite chosen: TLS_ECDHE_RSA_WITH_AES_256_CBC_SHA384
%% Negotiating:  [Session-21, TLS_ECDHE_RSA_WITH_AES_256_CBC_SHA384]
*** ServerHello, TLSv1.2
RandomCookie:  GMT: 1576028758 bytes = { 237, 228, 178, 172, 33, 157, 174, 48, 252, 207, 47, 57, 113, 168, 129, 94, 234, 147, 208, 232, 35, 103, 188, 157, 59, 11, 108, 137 }
Session ID:  {94, 240, 74, 86, 54, 97, 9, 149, 178, 160, 145, 105, 25, 10, 119, 196, 125, 173, 140, 139, 219, 247, 148, 169, 54, 98, 151, 103, 18, 66, 240, 8}
Cipher Suite: TLS_ECDHE_RSA_WITH_AES_256_CBC_SHA384
Compression Method: 0
Extension renegotiation_info, renegotiated_connection: <empty>
Extension extended_master_secret
***
Cipher suite:  TLS_ECDHE_RSA_WITH_AES_256_CBC_SHA384
update handshake state: server_hello[2]
upcoming handshake states: server certificate[11]
upcoming handshake states: server_key_exchange[12](optional)
upcoming handshake states: certificate_request[13](optional)
upcoming handshake states: server_hello_done[14]
upcoming handshake states: client certificate[11](optional)
upcoming handshake states: client_key_exchange[16]
upcoming handshake states: certificate_verify[15](optional)
upcoming handshake states: client change_cipher_spec[-1]
upcoming handshake states: client finished[20]
upcoming handshake states: server change_cipher_spec[-1]
upcoming handshake states: server finished[20]
*** Certificate chain
chain [0] = [
[
  Version: V3
  Subject: CN=localhost, OU=ZooKeeper, O=Apache, L=Unknown, ST=Unknown, C=Unknown
  Signature Algorithm: SHA256withRSA, OID = 1.2.840.113549.1.1.11

  Key:  Sun RSA public key, 2048 bits
  params: null
  modulus: 20466894428749997265095448870198652391311568515891366224735448896044144250313384062095901217219702596717622583159291680947094046474456586662132842412743846124470020097713679685492900855417800931365512472314155689881392853768001073664569106127795833231344696659209258027979401908711647617989508135190248980524852215540637603770017238536229773075995665111861820945008718990948857303373661769409475939971958531493423489844433566328219155461676589360491136984327342101195255797973694339642711115427623510874675394946293706606142706174397483349590050687482693164890194014220011640037490528845185364811025836034294701994387
  public exponent: 65537
  Validity: [From: Sat Jan 31 02:57:30 CST 2015,
               To: Wed Feb 08 02:57:30 CST 3015]
  Issuer: CN=localhost, OU=ZooKeeper, O=Apache, L=Unknown, ST=Unknown, C=Unknown
  SerialNumber: [    7334b506]

Certificate Extensions: 1
[1]: ObjectId: 2.5.29.14 Criticality=false
SubjectKeyIdentifier [
KeyIdentifier [
0000: 65 D7 B4 E0 27 45 7A 00   58 2F AD D5 0B 64 2D 77  e...'Ez.X/...d-w
0010: 88 F7 AA F5                                        ....
]
]

]
  Algorithm: [SHA256withRSA]
  Signature:
0000: 1B C8 6B 36 83 1D 28 37   5C 1F 7D F6 C6 84 A0 BF  ..k6..(7\.......
0010: CA C0 47 CF C5 34 70 7A   CF 6B EA 34 84 BE 08 7A  ..G..4pz.k.4...z
0020: 98 E6 3D ED 1D E2 6F 06   DB 23 AB 41 AD D5 DF 1D  ..=...o..#.A....
0030: 92 F4 9D 05 FD 7C EE BE   4A 87 B8 F1 FE F4 5B 79  ........J.....[y
0040: DC AD F7 44 3D 67 08 7A   3B 91 D7 5A 79 44 96 D7  ...D=g.z;..ZyD..
0050: BE 0E 41 C8 64 E3 87 C3   28 11 AB DC 36 F5 B0 AC  ..A.d...(...6...
0060: BD 2F 16 1D 6E A1 52 25   5A EC 6F AD 20 71 5A 1B  ./..n.R%Z.o. qZ.
0070: 66 D4 0D A6 49 B7 75 43   C4 84 0B 4B AC BD 16 76  f...I.uC...K...v
0080: 58 2B 07 85 E2 F1 44 15   1E 67 D1 3C 13 73 5A 2D  X+....D..g.<.sZ-
0090: D6 06 0B A1 D3 09 7E EF   88 F9 C3 0E A4 10 47 EA  ..............G.
00A0: 65 5D CD F0 39 EA 2F 59   1C 08 BC F9 CC 5B C9 BB  e]..9./Y.....[..
00B0: 2F 20 19 81 97 B5 21 BB   60 A4 39 08 6C 41 2A 51  / ....!.`.9.lA*Q
00C0: B1 C3 1A A3 8C F8 ED 67   D0 EE EC 52 01 2A E4 1E  .......g...R.*..
00D0: D2 B4 34 73 DC 7E 34 24   A9 4E 77 AD FD B3 77 0D  ..4s..4$.Nw...w.
00E0: C2 7A C0 65 F6 CC 11 9D   19 AA 59 13 C3 9D AD 5F  .z.e......Y...._
00F0: 61 E6 C2 18 F0 E5 A1 49   41 B5 EF 9E 91 0C 35 9C  a......IA.....5.

]
***
update handshake state: certificate[11]
upcoming handshake states: server_key_exchange[12](optional)
upcoming handshake states: certificate_request[13](optional)
upcoming handshake states: server_hello_done[14]
upcoming handshake states: client certificate[11](optional)
upcoming handshake states: client_key_exchange[16]
upcoming handshake states: certificate_verify[15](optional)
upcoming handshake states: client change_cipher_spec[-1]
upcoming handshake states: client finished[20]
upcoming handshake states: server change_cipher_spec[-1]
upcoming handshake states: server finished[20]
*** ECDH ServerKeyExchange
Signature Algorithm SHA512withRSA
Server key: Sun EC public key, 256 bits
  public x coord: 37098303476251250911481110078929008780253021644825164363635763418899447049415
  public y coord: 6124940838215647131381960382015061179604598130017013384152375246009268117842
  parameters: secp256r1 [NIST P-256, X9.62 prime256v1] (1.2.840.10045.3.1.7)
update handshake state: server_key_exchange[12]
upcoming handshake states: certificate_request[13](optional)
upcoming handshake states: server_hello_done[14]
upcoming handshake states: client certificate[11](optional)
upcoming handshake states: client_key_exchange[16]
upcoming handshake states: certificate_verify[15](optional)
upcoming handshake states: client change_cipher_spec[-1]
upcoming handshake states: client finished[20]
upcoming handshake states: server change_cipher_spec[-1]
upcoming handshake states: server finished[20]
*** CertificateRequest
Cert Types: RSA, DSS, ECDSA
Supported Signature Algorithms: SHA512withECDSA, SHA512withRSA, SHA384withECDSA, SHA384withRSA, SHA256withECDSA, SHA256withRSA, SHA256withDSA, SHA1withECDSA, SHA1withRSA, SHA1withDSA
Cert Authorities:
<CN=localhost, OU=ZooKeeper, O=Apache, L=Unknown, ST=Unknown, C=Unknown>
update handshake state: unknown[13]
upcoming handshake states: server_hello_done[14]
upcoming handshake states: client certificate[11](optional)
upcoming handshake states: client_key_exchange[16]
upcoming handshake states: certificate_verify[15](optional)
upcoming handshake states: client change_cipher_spec[-1]
upcoming handshake states: client finished[20]
upcoming handshake states: server change_cipher_spec[-1]
upcoming handshake states: server finished[20]
*** ServerHelloDone
update handshake state: server_hello_done[14]
upcoming handshake states: client certificate[11](optional)
upcoming handshake states: client_key_exchange[16]
upcoming handshake states: certificate_verify[15](optional)
upcoming handshake states: client change_cipher_spec[-1]
upcoming handshake states: client finished[20]
upcoming handshake states: server change_cipher_spec[-1]
upcoming handshake states: server finished[20]
nioEventLoopGroup-4-6, WRITE: TLSv1.2 Handshake, length = 1478
nioEventLoopGroup-5-1, READ: TLSv1.2 Handshake, length = 1478
check handshake state: server_hello[2]
*** ServerHello, TLSv1.2
RandomCookie:  GMT: 1576028758 bytes = { 237, 228, 178, 172, 33, 157, 174, 48, 252, 207, 47, 57, 113, 168, 129, 94, 234, 147, 208, 232, 35, 103, 188, 157, 59, 11, 108, 137 }
Session ID:  {94, 240, 74, 86, 54, 97, 9, 149, 178, 160, 145, 105, 25, 10, 119, 196, 125, 173, 140, 139, 219, 247, 148, 169, 54, 98, 151, 103, 18, 66, 240, 8}
Cipher Suite: TLS_ECDHE_RSA_WITH_AES_256_CBC_SHA384
Compression Method: 0
Extension renegotiation_info, renegotiated_connection: <empty>
Extension extended_master_secret
***
%% Initialized:  [Session-22, TLS_ECDHE_RSA_WITH_AES_256_CBC_SHA384]
** TLS_ECDHE_RSA_WITH_AES_256_CBC_SHA384
update handshake state: server_hello[2]
upcoming handshake states: server certificate[11]
upcoming handshake states: server_key_exchange[12](optional)
upcoming handshake states: certificate_request[13](optional)
upcoming handshake states: server_hello_done[14]
upcoming handshake states: client certificate[11](optional)
upcoming handshake states: client_key_exchange[16]
upcoming handshake states: certificate_verify[15](optional)
upcoming handshake states: client change_cipher_spec[-1]
upcoming handshake states: client finished[20]
upcoming handshake states: server change_cipher_spec[-1]
upcoming handshake states: server finished[20]
check handshake state: certificate[11]
update handshake state: certificate[11]
upcoming handshake states: server_key_exchange[12](optional)
upcoming handshake states: certificate_request[13](optional)
upcoming handshake states: server_hello_done[14]
upcoming handshake states: client certificate[11](optional)
upcoming handshake states: client_key_exchange[16]
upcoming handshake states: certificate_verify[15](optional)
upcoming handshake states: client change_cipher_spec[-1]
upcoming handshake states: client finished[20]
upcoming handshake states: server change_cipher_spec[-1]
upcoming handshake states: server finished[20]
*** Certificate chain
chain [0] = [
[
  Version: V3
  Subject: CN=localhost, OU=ZooKeeper, O=Apache, L=Unknown, ST=Unknown, C=Unknown
  Signature Algorithm: SHA256withRSA, OID = 1.2.840.113549.1.1.11

  Key:  Sun RSA public key, 2048 bits
  params: null
  modulus: 20466894428749997265095448870198652391311568515891366224735448896044144250313384062095901217219702596717622583159291680947094046474456586662132842412743846124470020097713679685492900855417800931365512472314155689881392853768001073664569106127795833231344696659209258027979401908711647617989508135190248980524852215540637603770017238536229773075995665111861820945008718990948857303373661769409475939971958531493423489844433566328219155461676589360491136984327342101195255797973694339642711115427623510874675394946293706606142706174397483349590050687482693164890194014220011640037490528845185364811025836034294701994387
  public exponent: 65537
  Validity: [From: Sat Jan 31 02:57:30 CST 2015,
               To: Wed Feb 08 02:57:30 CST 3015]
  Issuer: CN=localhost, OU=ZooKeeper, O=Apache, L=Unknown, ST=Unknown, C=Unknown
  SerialNumber: [    7334b506]

Certificate Extensions: 1
[1]: ObjectId: 2.5.29.14 Criticality=false
SubjectKeyIdentifier [
KeyIdentifier [
0000: 65 D7 B4 E0 27 45 7A 00   58 2F AD D5 0B 64 2D 77  e...'Ez.X/...d-w
0010: 88 F7 AA F5                                        ....
]
]

]
  Algorithm: [SHA256withRSA]
  Signature:
0000: 1B C8 6B 36 83 1D 28 37   5C 1F 7D F6 C6 84 A0 BF  ..k6..(7\.......
0010: CA C0 47 CF C5 34 70 7A   CF 6B EA 34 84 BE 08 7A  ..G..4pz.k.4...z
0020: 98 E6 3D ED 1D E2 6F 06   DB 23 AB 41 AD D5 DF 1D  ..=...o..#.A....
0030: 92 F4 9D 05 FD 7C EE BE   4A 87 B8 F1 FE F4 5B 79  ........J.....[y
0040: DC AD F7 44 3D 67 08 7A   3B 91 D7 5A 79 44 96 D7  ...D=g.z;..ZyD..
0050: BE 0E 41 C8 64 E3 87 C3   28 11 AB DC 36 F5 B0 AC  ..A.d...(...6...
0060: BD 2F 16 1D 6E A1 52 25   5A EC 6F AD 20 71 5A 1B  ./..n.R%Z.o. qZ.
0070: 66 D4 0D A6 49 B7 75 43   C4 84 0B 4B AC BD 16 76  f...I.uC...K...v
0080: 58 2B 07 85 E2 F1 44 15   1E 67 D1 3C 13 73 5A 2D  X+....D..g.<.sZ-
0090: D6 06 0B A1 D3 09 7E EF   88 F9 C3 0E A4 10 47 EA  ..............G.
00A0: 65 5D CD F0 39 EA 2F 59   1C 08 BC F9 CC 5B C9 BB  e]..9./Y.....[..
00B0: 2F 20 19 81 97 B5 21 BB   60 A4 39 08 6C 41 2A 51  / ....!.`.9.lA*Q
00C0: B1 C3 1A A3 8C F8 ED 67   D0 EE EC 52 01 2A E4 1E  .......g...R.*..
00D0: D2 B4 34 73 DC 7E 34 24   A9 4E 77 AD FD B3 77 0D  ..4s..4$.Nw...w.
00E0: C2 7A C0 65 F6 CC 11 9D   19 AA 59 13 C3 9D AD 5F  .z.e......Y...._
00F0: 61 E6 C2 18 F0 E5 A1 49   41 B5 EF 9E 91 0C 35 9C  a......IA.....5.

]
***
Found trusted certificate:
[
[
  Version: V3
  Subject: CN=localhost, OU=ZooKeeper, O=Apache, L=Unknown, ST=Unknown, C=Unknown
  Signature Algorithm: SHA256withRSA, OID = 1.2.840.113549.1.1.11

  Key:  Sun RSA public key, 2048 bits
  params: null
  modulus: 20466894428749997265095448870198652391311568515891366224735448896044144250313384062095901217219702596717622583159291680947094046474456586662132842412743846124470020097713679685492900855417800931365512472314155689881392853768001073664569106127795833231344696659209258027979401908711647617989508135190248980524852215540637603770017238536229773075995665111861820945008718990948857303373661769409475939971958531493423489844433566328219155461676589360491136984327342101195255797973694339642711115427623510874675394946293706606142706174397483349590050687482693164890194014220011640037490528845185364811025836034294701994387
  public exponent: 65537
  Validity: [From: Sat Jan 31 02:57:30 CST 2015,
               To: Wed Feb 08 02:57:30 CST 3015]
  Issuer: CN=localhost, OU=ZooKeeper, O=Apache, L=Unknown, ST=Unknown, C=Unknown
  SerialNumber: [    7334b506]

Certificate Extensions: 1
[1]: ObjectId: 2.5.29.14 Criticality=false
SubjectKeyIdentifier [
KeyIdentifier [
0000: 65 D7 B4 E0 27 45 7A 00   58 2F AD D5 0B 64 2D 77  e...'Ez.X/...d-w
0010: 88 F7 AA F5                                        ....
]
]

]
  Algorithm: [SHA256withRSA]
  Signature:
0000: 1B C8 6B 36 83 1D 28 37   5C 1F 7D F6 C6 84 A0 BF  ..k6..(7\.......
0010: CA C0 47 CF C5 34 70 7A   CF 6B EA 34 84 BE 08 7A  ..G..4pz.k.4...z
0020: 98 E6 3D ED 1D E2 6F 06   DB 23 AB 41 AD D5 DF 1D  ..=...o..#.A....
0030: 92 F4 9D 05 FD 7C EE BE   4A 87 B8 F1 FE F4 5B 79  ........J.....[y
0040: DC AD F7 44 3D 67 08 7A   3B 91 D7 5A 79 44 96 D7  ...D=g.z;..ZyD..
0050: BE 0E 41 C8 64 E3 87 C3   28 11 AB DC 36 F5 B0 AC  ..A.d...(...6...
0060: BD 2F 16 1D 6E A1 52 25   5A EC 6F AD 20 71 5A 1B  ./..n.R%Z.o. qZ.
0070: 66 D4 0D A6 49 B7 75 43   C4 84 0B 4B AC BD 16 76  f...I.uC...K...v
0080: 58 2B 07 85 E2 F1 44 15   1E 67 D1 3C 13 73 5A 2D  X+....D..g.<.sZ-
0090: D6 06 0B A1 D3 09 7E EF   88 F9 C3 0E A4 10 47 EA  ..............G.
00A0: 65 5D CD F0 39 EA 2F 59   1C 08 BC F9 CC 5B C9 BB  e]..9./Y.....[..
00B0: 2F 20 19 81 97 B5 21 BB   60 A4 39 08 6C 41 2A 51  / ....!.`.9.lA*Q
00C0: B1 C3 1A A3 8C F8 ED 67   D0 EE EC 52 01 2A E4 1E  .......g...R.*..
00D0: D2 B4 34 73 DC 7E 34 24   A9 4E 77 AD FD B3 77 0D  ..4s..4$.Nw...w.
00E0: C2 7A C0 65 F6 CC 11 9D   19 AA 59 13 C3 9D AD 5F  .z.e......Y...._
00F0: 61 E6 C2 18 F0 E5 A1 49   41 B5 EF 9E 91 0C 35 9C  a......IA.....5.

]
2020-06-22 14:06:14,512 [myid:127.0.0.1:30073] - ERROR [nioEventLoopGroup-5-1:ZKTrustManager@161] - Failed to verify host address: 127.0.0.1
javax.net.ssl.SSLPeerUnverifiedException: Certificate for <127.0.0.1> doesn't match common name of the certificate subject: localhost
	at org.apache.zookeeper.common.ZKHostnameVerifier.matchCN(ZKHostnameVerifier.java:238)
	at org.apache.zookeeper.common.ZKHostnameVerifier.verify(ZKHostnameVerifier.java:184)
	at org.apache.zookeeper.common.ZKTrustManager.performHostVerification(ZKTrustManager.java:151)
	at org.apache.zookeeper.common.ZKTrustManager.checkServerTrusted(ZKTrustManager.java:118)
	at sun.security.ssl.ClientHandshaker.serverCertificate(ClientHandshaker.java:1675)
	at sun.security.ssl.ClientHandshaker.processMessage(ClientHandshaker.java:226)
	at sun.security.ssl.Handshaker.processLoop(Handshaker.java:1082)
	at sun.security.ssl.Handshaker$1.run(Handshaker.java:1015)
	at sun.security.ssl.Handshaker$1.run(Handshaker.java:1012)
	at java.security.AccessController.doPrivileged(Native Method)
	at sun.security.ssl.Handshaker$DelegatedTask.run(Handshaker.java:1504)
	at io.netty.handler.ssl.SslHandler.runAllDelegatedTasks(SslHandler.java:1510)
	at io.netty.handler.ssl.SslHandler.runDelegatedTasks(SslHandler.java:1524)
	at io.netty.handler.ssl.SslHandler.unwrap(SslHandler.java:1408)
	at io.netty.handler.ssl.SslHandler.decodeJdkCompatible(SslHandler.java:1235)
	at io.netty.handler.ssl.SslHandler.decode(SslHandler.java:1282)
	at io.netty.handler.codec.ByteToMessageDecoder.decodeRemovalReentryProtection(ByteToMessageDecoder.java:498)
	at io.netty.handler.codec.ByteToMessageDecoder.callDecode(ByteToMessageDecoder.java:437)
	at io.netty.handler.codec.ByteToMessageDecoder.channelRead(ByteToMessageDecoder.java:276)
	at io.netty.channel.AbstractChannelHandlerContext.invokeChannelRead(AbstractChannelHandlerContext.java:379)
	at io.netty.channel.AbstractChannelHandlerContext.invokeChannelRead(AbstractChannelHandlerContext.java:365)
	at io.netty.channel.AbstractChannelHandlerContext.fireChannelRead(AbstractChannelHandlerContext.java:357)
	at io.netty.channel.DefaultChannelPipeline$HeadContext.channelRead(DefaultChannelPipeline.java:1410)
	at io.netty.channel.AbstractChannelHandlerContext.invokeChannelRead(AbstractChannelHandlerContext.java:379)
	at io.netty.channel.AbstractChannelHandlerContext.invokeChannelRead(AbstractChannelHandlerContext.java:365)
	at io.netty.channel.DefaultChannelPipeline.fireChannelRead(DefaultChannelPipeline.java:919)
	at io.netty.channel.nio.AbstractNioByteChannel$NioByteUnsafe.read(AbstractNioByteChannel.java:163)
	at io.netty.channel.nio.NioEventLoop.processSelectedKey(NioEventLoop.java:714)
	at io.netty.channel.nio.NioEventLoop.processSelectedKeysOptimized(NioEventLoop.java:650)
	at io.netty.channel.nio.NioEventLoop.processSelectedKeys(NioEventLoop.java:576)
	at io.netty.channel.nio.NioEventLoop.run(NioEventLoop.java:493)
	at io.netty.util.concurrent.SingleThreadEventExecutor$4.run(SingleThreadEventExecutor.java:989)
	at io.netty.util.internal.ThreadExecutorMap$2.run(ThreadExecutorMap.java:74)
	at io.netty.util.concurrent.FastThreadLocalRunnable.run(FastThreadLocalRunnable.java:30)
	at java.lang.Thread.run(Thread.java:748)
2020-06-22 14:06:14,512 [myid:127.0.0.1:30073] - ERROR [nioEventLoopGroup-5-1:ZKTrustManager@162] - Failed to verify hostname: activate.navicat.com
javax.net.ssl.SSLPeerUnverifiedException: Certificate for <activate.navicat.com> doesn't match common name of the certificate subject: localhost
	at org.apache.zookeeper.common.ZKHostnameVerifier.matchCN(ZKHostnameVerifier.java:238)
	at org.apache.zookeeper.common.ZKHostnameVerifier.verify(ZKHostnameVerifier.java:184)
	at org.apache.zookeeper.common.ZKTrustManager.performHostVerification(ZKTrustManager.java:159)
	at org.apache.zookeeper.common.ZKTrustManager.checkServerTrusted(ZKTrustManager.java:118)
	at sun.security.ssl.ClientHandshaker.serverCertificate(ClientHandshaker.java:1675)
	at sun.security.ssl.ClientHandshaker.processMessage(ClientHandshaker.java:226)
	at sun.security.ssl.Handshaker.processLoop(Handshaker.java:1082)
	at sun.security.ssl.Handshaker$1.run(Handshaker.java:1015)
	at sun.security.ssl.Handshaker$1.run(Handshaker.java:1012)
	at java.security.AccessController.doPrivileged(Native Method)
	at sun.security.ssl.Handshaker$DelegatedTask.run(Handshaker.java:1504)
	at io.netty.handler.ssl.SslHandler.runAllDelegatedTasks(SslHandler.java:1510)
	at io.netty.handler.ssl.SslHandler.runDelegatedTasks(SslHandler.java:1524)
	at io.netty.handler.ssl.SslHandler.unwrap(SslHandler.java:1408)
	at io.netty.handler.ssl.SslHandler.decodeJdkCompatible(SslHandler.java:1235)
	at io.netty.handler.ssl.SslHandler.decode(SslHandler.java:1282)
	at io.netty.handler.codec.ByteToMessageDecoder.decodeRemovalReentryProtection(ByteToMessageDecoder.java:498)
	at io.netty.handler.codec.ByteToMessageDecoder.callDecode(ByteToMessageDecoder.java:437)
	at io.netty.handler.codec.ByteToMessageDecoder.channelRead(ByteToMessageDecoder.java:276)
	at io.netty.channel.AbstractChannelHandlerContext.invokeChannelRead(AbstractChannelHandlerContext.java:379)
	at io.netty.channel.AbstractChannelHandlerContext.invokeChannelRead(AbstractChannelHandlerContext.java:365)
	at io.netty.channel.AbstractChannelHandlerContext.fireChannelRead(AbstractChannelHandlerContext.java:357)
	at io.netty.channel.DefaultChannelPipeline$HeadContext.channelRead(DefaultChannelPipeline.java:1410)
	at io.netty.channel.AbstractChannelHandlerContext.invokeChannelRead(AbstractChannelHandlerContext.java:379)
	at io.netty.channel.AbstractChannelHandlerContext.invokeChannelRead(AbstractChannelHandlerContext.java:365)
	at io.netty.channel.DefaultChannelPipeline.fireChannelRead(DefaultChannelPipeline.java:919)
	at io.netty.channel.nio.AbstractNioByteChannel$NioByteUnsafe.read(AbstractNioByteChannel.java:163)
	at io.netty.channel.nio.NioEventLoop.processSelectedKey(NioEventLoop.java:714)
	at io.netty.channel.nio.NioEventLoop.processSelectedKeysOptimized(NioEventLoop.java:650)
	at io.netty.channel.nio.NioEventLoop.processSelectedKeys(NioEventLoop.java:576)
	at io.netty.channel.nio.NioEventLoop.run(NioEventLoop.java:493)
	at io.netty.util.concurrent.SingleThreadEventExecutor$4.run(SingleThreadEventExecutor.java:989)
	at io.netty.util.internal.ThreadExecutorMap$2.run(ThreadExecutorMap.java:74)
	at io.netty.util.concurrent.FastThreadLocalRunnable.run(FastThreadLocalRunnable.java:30)
	at java.lang.Thread.run(Thread.java:748)
nioEventLoopGroup-5-1, fatal error: 46: General SSLEngine problem
java.security.cert.CertificateException: Failed to verify both host address and host name
%% Invalidated:  [Session-19, SSL_NULL_WITH_NULL_NULL]
%% Invalidated:  [Session-22, TLS_ECDHE_RSA_WITH_AES_256_CBC_SHA384]
nioEventLoopGroup-5-1, SEND TLSv1.2 ALERT:  fatal, description = certificate_unknown
nioEventLoopGroup-5-1, WRITE: TLSv1.2 Alert, length = 2
nioEventLoopGroup-5-1, fatal: engine already closed.  Rethrowing javax.net.ssl.SSLHandshakeException: General SSLEngine problem
nioEventLoopGroup-5-1, called closeOutbound()
nioEventLoopGroup-5-1, closeOutboundInternal()
nioEventLoopGroup-5-1, called closeInbound()
nioEventLoopGroup-5-1, fatal: engine already closed.  Rethrowing javax.net.ssl.SSLException: Inbound closed before receiving peer's close_notify: possible truncation attack?
nioEventLoopGroup-4-6, READ: TLSv1.2 Alert, length = 2
nioEventLoopGroup-4-6, RECV TLSv1.2 ALERT:  fatal, certificate_unknown
nioEventLoopGroup-4-6, fatal: engine already closed.  Rethrowing javax.net.ssl.SSLException: Received fatal alert: certificate_unknown
nioEventLoopGroup-4-6, fatal: engine already closed.  Rethrowing javax.net.ssl.SSLException: Received fatal alert: certificate_unknown
2020-06-22 14:06:14,514 [myid:] - ERROR [nioEventLoopGroup-4-6:NettyServerCnxnFactory$CertificateVerifier@434] - Unsuccessful handshake with session 0x0
nioEventLoopGroup-4-6, called closeOutbound()
nioEventLoopGroup-4-6, closeOutboundInternal()
nioEventLoopGroup-4-6, SEND TLSv1.2 ALERT:  warning, description = close_notify
nioEventLoopGroup-4-6, WRITE: TLSv1.2 Alert, length = 2
nioEventLoopGroup-4-6, called closeInbound()
nioEventLoopGroup-4-6, fatal: engine already closed.  Rethrowing javax.net.ssl.SSLException: Inbound closed before receiving peer's close_notify: possible truncation attack?
2020-06-22 14:06:14,514 [myid:127.0.0.1:30073] - ERROR [nioEventLoopGroup-5-1:ClientCnxnSocketNetty$ZKClientHandler@522] - Unexpected throwable
io.netty.handler.codec.DecoderException: javax.net.ssl.SSLHandshakeException: General SSLEngine problem
	at io.netty.handler.codec.ByteToMessageDecoder.callDecode(ByteToMessageDecoder.java:468)
	at io.netty.handler.codec.ByteToMessageDecoder.channelRead(ByteToMessageDecoder.java:276)
	at io.netty.channel.AbstractChannelHandlerContext.invokeChannelRead(AbstractChannelHandlerContext.java:379)
	at io.netty.channel.AbstractChannelHandlerContext.invokeChannelRead(AbstractChannelHandlerContext.java:365)
	at io.netty.channel.AbstractChannelHandlerContext.fireChannelRead(AbstractChannelHandlerContext.java:357)
	at io.netty.channel.DefaultChannelPipeline$HeadContext.channelRead(DefaultChannelPipeline.java:1410)
	at io.netty.channel.AbstractChannelHandlerContext.invokeChannelRead(AbstractChannelHandlerContext.java:379)
	at io.netty.channel.AbstractChannelHandlerContext.invokeChannelRead(AbstractChannelHandlerContext.java:365)
	at io.netty.channel.DefaultChannelPipeline.fireChannelRead(DefaultChannelPipeline.java:919)
	at io.netty.channel.nio.AbstractNioByteChannel$NioByteUnsafe.read(AbstractNioByteChannel.java:163)
	at io.netty.channel.nio.NioEventLoop.processSelectedKey(NioEventLoop.java:714)
	at io.netty.channel.nio.NioEventLoop.processSelectedKeysOptimized(NioEventLoop.java:650)
	at io.netty.channel.nio.NioEventLoop.processSelectedKeys(NioEventLoop.java:576)
	at io.netty.channel.nio.NioEventLoop.run(NioEventLoop.java:493)
	at io.netty.util.concurrent.SingleThreadEventExecutor$4.run(SingleThreadEventExecutor.java:989)
	at io.netty.util.internal.ThreadExecutorMap$2.run(ThreadExecutorMap.java:74)
	at io.netty.util.concurrent.FastThreadLocalRunnable.run(FastThreadLocalRunnable.java:30)
	at java.lang.Thread.run(Thread.java:748)
Caused by: javax.net.ssl.SSLHandshakeException: General SSLEngine problem
	at sun.security.ssl.Handshaker.checkThrown(Handshaker.java:1566)
	at sun.security.ssl.SSLEngineImpl.checkTaskThrown(SSLEngineImpl.java:545)
	at sun.security.ssl.SSLEngineImpl.readNetRecord(SSLEngineImpl.java:819)
	at sun.security.ssl.SSLEngineImpl.unwrap(SSLEngineImpl.java:783)
	at javax.net.ssl.SSLEngine.unwrap(SSLEngine.java:626)
	at io.netty.handler.ssl.SslHandler$SslEngineType$3.unwrap(SslHandler.java:281)
	at io.netty.handler.ssl.SslHandler.unwrap(SslHandler.java:1340)
	at io.netty.handler.ssl.SslHandler.decodeJdkCompatible(SslHandler.java:1235)
	at io.netty.handler.ssl.SslHandler.decode(SslHandler.java:1282)
	at io.netty.handler.codec.ByteToMessageDecoder.decodeRemovalReentryProtection(ByteToMessageDecoder.java:498)
	at io.netty.handler.codec.ByteToMessageDecoder.callDecode(ByteToMessageDecoder.java:437)
	... 17 more
Caused by: javax.net.ssl.SSLHandshakeException: General SSLEngine problem
	at sun.security.ssl.Alerts.getSSLException(Alerts.java:198)
	at sun.security.ssl.SSLEngineImpl.fatal(SSLEngineImpl.java:1729)
	at sun.security.ssl.Handshaker.fatalSE(Handshaker.java:333)
	at sun.security.ssl.Handshaker.fatalSE(Handshaker.java:325)
	at sun.security.ssl.ClientHandshaker.serverCertificate(ClientHandshaker.java:1688)
	at sun.security.ssl.ClientHandshaker.processMessage(ClientHandshaker.java:226)
	at sun.security.ssl.Handshaker.processLoop(Handshaker.java:1082)
	at sun.security.ssl.Handshaker$1.run(Handshaker.java:1015)
	at sun.security.ssl.Handshaker$1.run(Handshaker.java:1012)
	at java.security.AccessController.doPrivileged(Native Method)
	at sun.security.ssl.Handshaker$DelegatedTask.run(Handshaker.java:1504)
	at io.netty.handler.ssl.SslHandler.runAllDelegatedTasks(SslHandler.java:1510)
	at io.netty.handler.ssl.SslHandler.runDelegatedTasks(SslHandler.java:1524)
	at io.netty.handler.ssl.SslHandler.unwrap(SslHandler.java:1408)
	... 21 more
Caused by: java.security.cert.CertificateException: Failed to verify both host address and host name
	at org.apache.zookeeper.common.ZKTrustManager.performHostVerification(ZKTrustManager.java:163)
	at org.apache.zookeeper.common.ZKTrustManager.checkServerTrusted(ZKTrustManager.java:118)
	at sun.security.ssl.ClientHandshaker.serverCertificate(ClientHandshaker.java:1675)
	... 30 more
Caused by: javax.net.ssl.SSLPeerUnverifiedException: Certificate for <activate.navicat.com> doesn't match common name of the certificate subject: localhost
	at org.apache.zookeeper.common.ZKHostnameVerifier.matchCN(ZKHostnameVerifier.java:238)
	at org.apache.zookeeper.common.ZKHostnameVerifier.verify(ZKHostnameVerifier.java:184)
	at org.apache.zookeeper.common.ZKTrustManager.performHostVerification(ZKTrustManager.java:159)
	... 32 more
2020-06-22 14:06:14,514 [myid:127.0.0.1:30073] - INFO  [nioEventLoopGroup-5-1:ClientCnxnSocketNetty@249] - channel is told closing
nioEventLoopGroup-5-1, called closeOutbound()
nioEventLoopGroup-5-1, closeOutboundInternal()
2020-06-22 14:06:14,514 [myid:127.0.0.1:30073] - WARN  [main-SendThread(127.0.0.1:30073):ClientCnxn$SendThread@1272] - Session 0x0 for sever activate.navicat.com/127.0.0.1:30073, Closing socket connection. Attempting reconnect except it is a SessionExpiredException.
EndOfStreamException: channel for sessionid 0x0 is lost
	at org.apache.zookeeper.ClientCnxnSocketNetty.doTransport(ClientCnxnSocketNetty.java:285)
	at org.apache.zookeeper.ClientCnxn$SendThread.run(ClientCnxn.java:1262)
2020-06-22 14:06:14,514 [myid:] - WARN  [nioEventLoopGroup-4-6:NettyServerCnxnFactory$CnxnChannelHandler@273] - Exception caught
io.netty.handler.codec.DecoderException: javax.net.ssl.SSLException: Received fatal alert: certificate_unknown
	at io.netty.handler.codec.ByteToMessageDecoder.callDecode(ByteToMessageDecoder.java:468)
	at io.netty.handler.codec.ByteToMessageDecoder.channelRead(ByteToMessageDecoder.java:276)
	at io.netty.channel.AbstractChannelHandlerContext.invokeChannelRead(AbstractChannelHandlerContext.java:379)
	at io.netty.channel.AbstractChannelHandlerContext.invokeChannelRead(AbstractChannelHandlerContext.java:365)
	at io.netty.channel.AbstractChannelHandlerContext.fireChannelRead(AbstractChannelHandlerContext.java:357)
	at io.netty.channel.DefaultChannelPipeline$HeadContext.channelRead(DefaultChannelPipeline.java:1410)
	at io.netty.channel.AbstractChannelHandlerContext.invokeChannelRead(AbstractChannelHandlerContext.java:379)
	at io.netty.channel.AbstractChannelHandlerContext.invokeChannelRead(AbstractChannelHandlerContext.java:365)
	at io.netty.channel.DefaultChannelPipeline.fireChannelRead(DefaultChannelPipeline.java:919)
	at io.netty.channel.nio.AbstractNioByteChannel$NioByteUnsafe.read(AbstractNioByteChannel.java:163)
	at io.netty.channel.nio.NioEventLoop.processSelectedKey(NioEventLoop.java:714)
	at io.netty.channel.nio.NioEventLoop.processSelectedKeysOptimized(NioEventLoop.java:650)
	at io.netty.channel.nio.NioEventLoop.processSelectedKeys(NioEventLoop.java:576)
	at io.netty.channel.nio.NioEventLoop.run(NioEventLoop.java:493)
	at io.netty.util.concurrent.SingleThreadEventExecutor$4.run(SingleThreadEventExecutor.java:989)
	at io.netty.util.internal.ThreadExecutorMap$2.run(ThreadExecutorMap.java:74)
	at io.netty.util.concurrent.FastThreadLocalRunnable.run(FastThreadLocalRunnable.java:30)
	at java.lang.Thread.run(Thread.java:748)
Caused by: javax.net.ssl.SSLException: Received fatal alert: certificate_unknown
	at sun.security.ssl.Alerts.getSSLException(Alerts.java:214)
	at sun.security.ssl.SSLEngineImpl.fatal(SSLEngineImpl.java:1667)
	at sun.security.ssl.SSLEngineImpl.fatal(SSLEngineImpl.java:1635)
	at sun.security.ssl.SSLEngineImpl.recvAlert(SSLEngineImpl.java:1801)
	at sun.security.ssl.SSLEngineImpl.readRecord(SSLEngineImpl.java:1090)
	at sun.security.ssl.SSLEngineImpl.readNetRecord(SSLEngineImpl.java:913)
	at sun.security.ssl.SSLEngineImpl.unwrap(SSLEngineImpl.java:783)
	at javax.net.ssl.SSLEngine.unwrap(SSLEngine.java:626)
	at io.netty.handler.ssl.SslHandler$SslEngineType$3.unwrap(SslHandler.java:281)
	at io.netty.handler.ssl.SslHandler.unwrap(SslHandler.java:1340)
	at io.netty.handler.ssl.SslHandler.decodeJdkCompatible(SslHandler.java:1235)
	at io.netty.handler.ssl.SslHandler.decode(SslHandler.java:1282)
	at io.netty.handler.codec.ByteToMessageDecoder.decodeRemovalReentryProtection(ByteToMessageDecoder.java:498)
	at io.netty.handler.codec.ByteToMessageDecoder.callDecode(ByteToMessageDecoder.java:437)
	... 17 more
nioEventLoopGroup-4-6, called closeOutbound()
nioEventLoopGroup-4-6, closeOutboundInternal()
2020-06-22 14:06:14,515 [myid:127.0.0.1:30073] - INFO  [nioEventLoopGroup-5-1:ClientCnxnSocketNetty$ZKClientHandler@469] - channel is disconnected: [id: 0x60a7b31e, L:/127.0.0.1:54615 ! R:activate.navicat.com/127.0.0.1:30073]
nioEventLoopGroup-4-6, READ: TLSv1.2 Alert, length = 2
nioEventLoopGroup-4-6, RECV TLSv1.2 ALERT:  fatal, certificate_unknown
nioEventLoopGroup-4-6, fatal: engine already closed.  Rethrowing javax.net.ssl.SSLException: Received fatal alert: certificate_unknown
nioEventLoopGroup-4-6, fatal: engine already closed.  Rethrowing javax.net.ssl.SSLException: Received fatal alert: certificate_unknown
nioEventLoopGroup-4-6, called closeOutbound()
nioEventLoopGroup-4-6, closeOutboundInternal()
nioEventLoopGroup-4-6, called closeInbound()
nioEventLoopGroup-4-6, closeInboundInternal()
nioEventLoopGroup-4-6, closeOutboundInternal()
2020-06-22 14:06:14,515 [myid:] - WARN  [nioEventLoopGroup-4-6:NettyServerCnxnFactory$CnxnChannelHandler@273] - Exception caught
io.netty.handler.codec.DecoderException: javax.net.ssl.SSLException: Received fatal alert: certificate_unknown
	at io.netty.handler.codec.ByteToMessageDecoder.callDecode(ByteToMessageDecoder.java:468)
	at io.netty.handler.codec.ByteToMessageDecoder.channelInputClosed(ByteToMessageDecoder.java:401)
	at io.netty.handler.codec.ByteToMessageDecoder.channelInputClosed(ByteToMessageDecoder.java:368)
	at io.netty.handler.codec.ByteToMessageDecoder.channelInactive(ByteToMessageDecoder.java:351)
	at io.netty.handler.ssl.SslHandler.channelInactive(SslHandler.java:1084)
	at io.netty.channel.AbstractChannelHandlerContext.invokeChannelInactive(AbstractChannelHandlerContext.java:262)
	at io.netty.channel.AbstractChannelHandlerContext.invokeChannelInactive(AbstractChannelHandlerContext.java:248)
	at io.netty.channel.AbstractChannelHandlerContext.fireChannelInactive(AbstractChannelHandlerContext.java:241)
	at io.netty.channel.DefaultChannelPipeline$HeadContext.channelInactive(DefaultChannelPipeline.java:1405)
	at io.netty.channel.AbstractChannelHandlerContext.invokeChannelInactive(AbstractChannelHandlerContext.java:262)
	at io.netty.channel.AbstractChannelHandlerContext.invokeChannelInactive(AbstractChannelHandlerContext.java:248)
	at io.netty.channel.DefaultChannelPipeline.fireChannelInactive(DefaultChannelPipeline.java:901)
	at io.netty.channel.AbstractChannel$AbstractUnsafe$8.run(AbstractChannel.java:818)
	at io.netty.util.concurrent.AbstractEventExecutor.safeExecute(AbstractEventExecutor.java:164)
	at io.netty.util.concurrent.SingleThreadEventExecutor.runAllTasks(SingleThreadEventExecutor.java:472)
	at io.netty.channel.nio.NioEventLoop.run(NioEventLoop.java:497)
	at io.netty.util.concurrent.SingleThreadEventExecutor$4.run(SingleThreadEventExecutor.java:989)
	at io.netty.util.internal.ThreadExecutorMap$2.run(ThreadExecutorMap.java:74)
	at io.netty.util.concurrent.FastThreadLocalRunnable.run(FastThreadLocalRunnable.java:30)
	at java.lang.Thread.run(Thread.java:748)
Caused by: javax.net.ssl.SSLException: Received fatal alert: certificate_unknown
	at sun.security.ssl.Alerts.getSSLException(Alerts.java:214)
	at sun.security.ssl.SSLEngineImpl.fatal(SSLEngineImpl.java:1667)
	at sun.security.ssl.SSLEngineImpl.fatal(SSLEngineImpl.java:1635)
	at sun.security.ssl.SSLEngineImpl.recvAlert(SSLEngineImpl.java:1801)
	at sun.security.ssl.SSLEngineImpl.readRecord(SSLEngineImpl.java:1090)
	at sun.security.ssl.SSLEngineImpl.readNetRecord(SSLEngineImpl.java:913)
	at sun.security.ssl.SSLEngineImpl.unwrap(SSLEngineImpl.java:783)
	at javax.net.ssl.SSLEngine.unwrap(SSLEngine.java:626)
	at io.netty.handler.ssl.SslHandler$SslEngineType$3.unwrap(SslHandler.java:281)
	at io.netty.handler.ssl.SslHandler.unwrap(SslHandler.java:1340)
	at io.netty.handler.ssl.SslHandler.decodeJdkCompatible(SslHandler.java:1235)
	at io.netty.handler.ssl.SslHandler.decode(SslHandler.java:1282)
	at io.netty.handler.codec.ByteToMessageDecoder.decodeRemovalReentryProtection(ByteToMessageDecoder.java:498)
	at io.netty.handler.codec.ByteToMessageDecoder.callDecode(ByteToMessageDecoder.java:437)
	... 19 more
2020-06-22 14:06:15,865 [myid:127.0.0.1:30073] - INFO  [main-SendThread(127.0.0.1:30073):ClientCnxn$SendThread@1154] - Opening socket connection to server activate.navicat.com/127.0.0.1:30073.
2020-06-22 14:06:15,865 [myid:127.0.0.1:30073] - INFO  [main-SendThread(127.0.0.1:30073):ClientCnxn$SendThread@1156] - SASL config status: Will not attempt to authenticate using SASL (unknown error)
adding as trusted cert:
  Subject: CN=localhost, OU=ZooKeeper, O=Apache, L=Unknown, ST=Unknown, C=Unknown
  Issuer:  CN=localhost, OU=ZooKeeper, O=Apache, L=Unknown, ST=Unknown, C=Unknown
  Algorithm: RSA; Serial number: 0x7334b506
  Valid from Sat Jan 31 02:57:30 CST 2015 until Wed Feb 08 02:57:30 CST 3015

trigger seeding of SecureRandom
done seeding SecureRandom
Using SSLEngineImpl.
%% Initialized:  [Session-23, SSL_NULL_WITH_NULL_NULL]
2020-06-22 14:06:15,867 [myid:127.0.0.1:30073] - INFO  [nioEventLoopGroup-5-1:ClientCnxnSocketNetty$ZKClientPipelineFactory@454] - SSL handler added for channel: [id: 0xd9aede24]
2020-06-22 14:06:15,868 [myid:127.0.0.1:30073] - INFO  [nioEventLoopGroup-5-1:ClientCnxn$SendThread@986] - Socket connection established, initiating session, client: /127.0.0.1:54669, server: activate.navicat.com/127.0.0.1:30073
2020-06-22 14:06:15,868 [myid:127.0.0.1:30073] - INFO  [nioEventLoopGroup-5-1:ClientCnxnSocketNetty$1@184] - channel is connected: [id: 0xd9aede24, L:/127.0.0.1:54669 - R:activate.navicat.com/127.0.0.1:30073]
Allow unsafe renegotiation: false
Allow legacy hello messages: true
Is initial handshake: true
Is secure renegotiation: false
Ignoring unsupported cipher suite: TLS_ECDHE_ECDSA_WITH_AES_256_CBC_SHA384 for TLSv1
Ignoring unsupported cipher suite: TLS_ECDHE_RSA_WITH_AES_256_CBC_SHA384 for TLSv1
Ignoring unsupported cipher suite: TLS_RSA_WITH_AES_256_CBC_SHA256 for TLSv1
Ignoring unsupported cipher suite: TLS_ECDH_ECDSA_WITH_AES_256_CBC_SHA384 for TLSv1
Ignoring unsupported cipher suite: TLS_ECDH_RSA_WITH_AES_256_CBC_SHA384 for TLSv1
Ignoring unsupported cipher suite: TLS_DHE_RSA_WITH_AES_256_CBC_SHA256 for TLSv1
Ignoring unsupported cipher suite: TLS_DHE_DSS_WITH_AES_256_CBC_SHA256 for TLSv1
Ignoring unsupported cipher suite: TLS_ECDHE_ECDSA_WITH_AES_256_CBC_SHA384 for TLSv1.1
Ignoring unsupported cipher suite: TLS_ECDHE_RSA_WITH_AES_256_CBC_SHA384 for TLSv1.1
Ignoring unsupported cipher suite: TLS_RSA_WITH_AES_256_CBC_SHA256 for TLSv1.1
Ignoring unsupported cipher suite: TLS_ECDH_ECDSA_WITH_AES_256_CBC_SHA384 for TLSv1.1
Ignoring unsupported cipher suite: TLS_ECDH_RSA_WITH_AES_256_CBC_SHA384 for TLSv1.1
Ignoring unsupported cipher suite: TLS_DHE_RSA_WITH_AES_256_CBC_SHA256 for TLSv1.1
Ignoring unsupported cipher suite: TLS_DHE_DSS_WITH_AES_256_CBC_SHA256 for TLSv1.1
trigger seeding of SecureRandom
done seeding SecureRandom
Using SSLEngineImpl.
%% Initialized:  [Session-24, SSL_NULL_WITH_NULL_NULL]
%% No cached client session
update handshake state: client_hello[1]
upcoming handshake states: server_hello[2]
*** ClientHello, TLSv1.2
RandomCookie:  GMT: 1576028759 bytes = { 73, 67, 181, 190, 43, 224, 218, 169, 75, 218, 181, 197, 122, 217, 25, 176, 90, 144, 160, 241, 116, 150, 23, 110, 85, 152, 177, 79 }
Session ID:  {}
Cipher Suites: [TLS_ECDHE_ECDSA_WITH_AES_256_CBC_SHA384, TLS_ECDHE_RSA_WITH_AES_256_CBC_SHA384, TLS_RSA_WITH_AES_256_CBC_SHA256, TLS_ECDH_ECDSA_WITH_AES_256_CBC_SHA384, TLS_ECDH_RSA_WITH_AES_256_CBC_SHA384, TLS_DHE_RSA_WITH_AES_256_CBC_SHA256, TLS_DHE_DSS_WITH_AES_256_CBC_SHA256, TLS_ECDHE_ECDSA_WITH_AES_256_CBC_SHA, TLS_ECDHE_RSA_WITH_AES_256_CBC_SHA, TLS_RSA_WITH_AES_256_CBC_SHA, TLS_ECDH_ECDSA_WITH_AES_256_CBC_SHA, TLS_ECDH_RSA_WITH_AES_256_CBC_SHA, TLS_DHE_RSA_WITH_AES_256_CBC_SHA, TLS_DHE_DSS_WITH_AES_256_CBC_SHA, TLS_ECDHE_ECDSA_WITH_AES_128_CBC_SHA256, TLS_ECDHE_RSA_WITH_AES_128_CBC_SHA256, TLS_RSA_WITH_AES_128_CBC_SHA256, TLS_ECDH_ECDSA_WITH_AES_128_CBC_SHA256, TLS_ECDH_RSA_WITH_AES_128_CBC_SHA256, TLS_DHE_RSA_WITH_AES_128_CBC_SHA256, TLS_DHE_DSS_WITH_AES_128_CBC_SHA256, TLS_ECDHE_ECDSA_WITH_AES_128_CBC_SHA, TLS_ECDHE_RSA_WITH_AES_128_CBC_SHA, TLS_RSA_WITH_AES_128_CBC_SHA, TLS_ECDH_ECDSA_WITH_AES_128_CBC_SHA, TLS_ECDH_RSA_WITH_AES_128_CBC_SHA, TLS_DHE_RSA_WITH_AES_128_CBC_SHA, TLS_DHE_DSS_WITH_AES_128_CBC_SHA, TLS_ECDHE_ECDSA_WITH_AES_256_GCM_SHA384, TLS_ECDHE_ECDSA_WITH_AES_128_GCM_SHA256, TLS_ECDHE_RSA_WITH_AES_256_GCM_SHA384, TLS_RSA_WITH_AES_256_GCM_SHA384, TLS_ECDH_ECDSA_WITH_AES_256_GCM_SHA384, TLS_ECDH_RSA_WITH_AES_256_GCM_SHA384, TLS_DHE_RSA_WITH_AES_256_GCM_SHA384, TLS_DHE_DSS_WITH_AES_256_GCM_SHA384, TLS_ECDHE_RSA_WITH_AES_128_GCM_SHA256, TLS_RSA_WITH_AES_128_GCM_SHA256, TLS_ECDH_ECDSA_WITH_AES_128_GCM_SHA256, TLS_ECDH_RSA_WITH_AES_128_GCM_SHA256, TLS_DHE_RSA_WITH_AES_128_GCM_SHA256, TLS_DHE_DSS_WITH_AES_128_GCM_SHA256, TLS_EMPTY_RENEGOTIATION_INFO_SCSV]
Compression Methods:  { 0 }
Extension elliptic_curves, curve names: {secp256r1, secp384r1, secp521r1}
Extension ec_point_formats, formats: [uncompressed]
Extension signature_algorithms, signature_algorithms: SHA512withECDSA, SHA512withRSA, SHA384withECDSA, SHA384withRSA, SHA256withECDSA, SHA256withRSA, SHA256withDSA, SHA1withECDSA, SHA1withRSA, SHA1withDSA
Extension extended_master_secret
Extension server_name, server_name: [type=host_name (0), value=activate.navicat.com]
***
nioEventLoopGroup-5-1, WRITE: TLSv1.2 Handshake, length = 208
Allow unsafe renegotiation: false
Allow legacy hello messages: true
Is initial handshake: true
Is secure renegotiation: false
nioEventLoopGroup-4-7, READ: TLSv1.2 Handshake, length = 208
check handshake state: client_hello[1]
update handshake state: client_hello[1]
upcoming handshake states: server_hello[2]
*** ClientHello, TLSv1.2
RandomCookie:  GMT: 1576028759 bytes = { 73, 67, 181, 190, 43, 224, 218, 169, 75, 218, 181, 197, 122, 217, 25, 176, 90, 144, 160, 241, 116, 150, 23, 110, 85, 152, 177, 79 }
Session ID:  {}
Cipher Suites: [TLS_ECDHE_ECDSA_WITH_AES_256_CBC_SHA384, TLS_ECDHE_RSA_WITH_AES_256_CBC_SHA384, TLS_RSA_WITH_AES_256_CBC_SHA256, TLS_ECDH_ECDSA_WITH_AES_256_CBC_SHA384, TLS_ECDH_RSA_WITH_AES_256_CBC_SHA384, TLS_DHE_RSA_WITH_AES_256_CBC_SHA256, TLS_DHE_DSS_WITH_AES_256_CBC_SHA256, TLS_ECDHE_ECDSA_WITH_AES_256_CBC_SHA, TLS_ECDHE_RSA_WITH_AES_256_CBC_SHA, TLS_RSA_WITH_AES_256_CBC_SHA, TLS_ECDH_ECDSA_WITH_AES_256_CBC_SHA, TLS_ECDH_RSA_WITH_AES_256_CBC_SHA, TLS_DHE_RSA_WITH_AES_256_CBC_SHA, TLS_DHE_DSS_WITH_AES_256_CBC_SHA, TLS_ECDHE_ECDSA_WITH_AES_128_CBC_SHA256, TLS_ECDHE_RSA_WITH_AES_128_CBC_SHA256, TLS_RSA_WITH_AES_128_CBC_SHA256, TLS_ECDH_ECDSA_WITH_AES_128_CBC_SHA256, TLS_ECDH_RSA_WITH_AES_128_CBC_SHA256, TLS_DHE_RSA_WITH_AES_128_CBC_SHA256, TLS_DHE_DSS_WITH_AES_128_CBC_SHA256, TLS_ECDHE_ECDSA_WITH_AES_128_CBC_SHA, TLS_ECDHE_RSA_WITH_AES_128_CBC_SHA, TLS_RSA_WITH_AES_128_CBC_SHA, TLS_ECDH_ECDSA_WITH_AES_128_CBC_SHA, TLS_ECDH_RSA_WITH_AES_128_CBC_SHA, TLS_DHE_RSA_WITH_AES_128_CBC_SHA, TLS_DHE_DSS_WITH_AES_128_CBC_SHA, TLS_ECDHE_ECDSA_WITH_AES_256_GCM_SHA384, TLS_ECDHE_ECDSA_WITH_AES_128_GCM_SHA256, TLS_ECDHE_RSA_WITH_AES_256_GCM_SHA384, TLS_RSA_WITH_AES_256_GCM_SHA384, TLS_ECDH_ECDSA_WITH_AES_256_GCM_SHA384, TLS_ECDH_RSA_WITH_AES_256_GCM_SHA384, TLS_DHE_RSA_WITH_AES_256_GCM_SHA384, TLS_DHE_DSS_WITH_AES_256_GCM_SHA384, TLS_ECDHE_RSA_WITH_AES_128_GCM_SHA256, TLS_RSA_WITH_AES_128_GCM_SHA256, TLS_ECDH_ECDSA_WITH_AES_128_GCM_SHA256, TLS_ECDH_RSA_WITH_AES_128_GCM_SHA256, TLS_DHE_RSA_WITH_AES_128_GCM_SHA256, TLS_DHE_DSS_WITH_AES_128_GCM_SHA256, TLS_EMPTY_RENEGOTIATION_INFO_SCSV]
Compression Methods:  { 0 }
Extension elliptic_curves, curve names: {secp256r1, secp384r1, secp521r1}
Extension ec_point_formats, formats: [uncompressed]
Extension signature_algorithms, signature_algorithms: SHA512withECDSA, SHA512withRSA, SHA384withECDSA, SHA384withRSA, SHA256withECDSA, SHA256withRSA, SHA256withDSA, SHA1withECDSA, SHA1withRSA, SHA1withDSA
Extension extended_master_secret
Extension server_name, server_name: [type=host_name (0), value=activate.navicat.com]
***
%% Initialized:  [Session-25, SSL_NULL_WITH_NULL_NULL]
Standard ciphersuite chosen: TLS_ECDHE_RSA_WITH_AES_256_CBC_SHA384
%% Negotiating:  [Session-25, TLS_ECDHE_RSA_WITH_AES_256_CBC_SHA384]
*** ServerHello, TLSv1.2
RandomCookie:  GMT: 1576028759 bytes = { 113, 180, 24, 137, 198, 70, 30, 0, 1, 163, 25, 157, 109, 1, 31, 61, 140, 157, 240, 8, 217, 25, 208, 70, 89, 225, 156, 51 }
Session ID:  {94, 240, 74, 87, 220, 194, 126, 15, 192, 13, 62, 96, 34, 211, 171, 198, 152, 247, 41, 212, 51, 152, 0, 93, 54, 161, 22, 172, 175, 199, 84, 21}
Cipher Suite: TLS_ECDHE_RSA_WITH_AES_256_CBC_SHA384
Compression Method: 0
Extension renegotiation_info, renegotiated_connection: <empty>
Extension extended_master_secret
***
Cipher suite:  TLS_ECDHE_RSA_WITH_AES_256_CBC_SHA384
update handshake state: server_hello[2]
upcoming handshake states: server certificate[11]
upcoming handshake states: server_key_exchange[12](optional)
upcoming handshake states: certificate_request[13](optional)
upcoming handshake states: server_hello_done[14]
upcoming handshake states: client certificate[11](optional)
upcoming handshake states: client_key_exchange[16]
upcoming handshake states: certificate_verify[15](optional)
upcoming handshake states: client change_cipher_spec[-1]
upcoming handshake states: client finished[20]
upcoming handshake states: server change_cipher_spec[-1]
upcoming handshake states: server finished[20]
*** Certificate chain
chain [0] = [
[
  Version: V3
  Subject: CN=localhost, OU=ZooKeeper, O=Apache, L=Unknown, ST=Unknown, C=Unknown
  Signature Algorithm: SHA256withRSA, OID = 1.2.840.113549.1.1.11

  Key:  Sun RSA public key, 2048 bits
  params: null
  modulus: 20466894428749997265095448870198652391311568515891366224735448896044144250313384062095901217219702596717622583159291680947094046474456586662132842412743846124470020097713679685492900855417800931365512472314155689881392853768001073664569106127795833231344696659209258027979401908711647617989508135190248980524852215540637603770017238536229773075995665111861820945008718990948857303373661769409475939971958531493423489844433566328219155461676589360491136984327342101195255797973694339642711115427623510874675394946293706606142706174397483349590050687482693164890194014220011640037490528845185364811025836034294701994387
  public exponent: 65537
  Validity: [From: Sat Jan 31 02:57:30 CST 2015,
               To: Wed Feb 08 02:57:30 CST 3015]
  Issuer: CN=localhost, OU=ZooKeeper, O=Apache, L=Unknown, ST=Unknown, C=Unknown
  SerialNumber: [    7334b506]

Certificate Extensions: 1
[1]: ObjectId: 2.5.29.14 Criticality=false
SubjectKeyIdentifier [
KeyIdentifier [
0000: 65 D7 B4 E0 27 45 7A 00   58 2F AD D5 0B 64 2D 77  e...'Ez.X/...d-w
0010: 88 F7 AA F5                                        ....
]
]

]
  Algorithm: [SHA256withRSA]
  Signature:
0000: 1B C8 6B 36 83 1D 28 37   5C 1F 7D F6 C6 84 A0 BF  ..k6..(7\.......
0010: CA C0 47 CF C5 34 70 7A   CF 6B EA 34 84 BE 08 7A  ..G..4pz.k.4...z
0020: 98 E6 3D ED 1D E2 6F 06   DB 23 AB 41 AD D5 DF 1D  ..=...o..#.A....
0030: 92 F4 9D 05 FD 7C EE BE   4A 87 B8 F1 FE F4 5B 79  ........J.....[y
0040: DC AD F7 44 3D 67 08 7A   3B 91 D7 5A 79 44 96 D7  ...D=g.z;..ZyD..
0050: BE 0E 41 C8 64 E3 87 C3   28 11 AB DC 36 F5 B0 AC  ..A.d...(...6...
0060: BD 2F 16 1D 6E A1 52 25   5A EC 6F AD 20 71 5A 1B  ./..n.R%Z.o. qZ.
0070: 66 D4 0D A6 49 B7 75 43   C4 84 0B 4B AC BD 16 76  f...I.uC...K...v
0080: 58 2B 07 85 E2 F1 44 15   1E 67 D1 3C 13 73 5A 2D  X+....D..g.<.sZ-
0090: D6 06 0B A1 D3 09 7E EF   88 F9 C3 0E A4 10 47 EA  ..............G.
00A0: 65 5D CD F0 39 EA 2F 59   1C 08 BC F9 CC 5B C9 BB  e]..9./Y.....[..
00B0: 2F 20 19 81 97 B5 21 BB   60 A4 39 08 6C 41 2A 51  / ....!.`.9.lA*Q
00C0: B1 C3 1A A3 8C F8 ED 67   D0 EE EC 52 01 2A E4 1E  .......g...R.*..
00D0: D2 B4 34 73 DC 7E 34 24   A9 4E 77 AD FD B3 77 0D  ..4s..4$.Nw...w.
00E0: C2 7A C0 65 F6 CC 11 9D   19 AA 59 13 C3 9D AD 5F  .z.e......Y...._
00F0: 61 E6 C2 18 F0 E5 A1 49   41 B5 EF 9E 91 0C 35 9C  a......IA.....5.

]
***
update handshake state: certificate[11]
upcoming handshake states: server_key_exchange[12](optional)
upcoming handshake states: certificate_request[13](optional)
upcoming handshake states: server_hello_done[14]
upcoming handshake states: client certificate[11](optional)
upcoming handshake states: client_key_exchange[16]
upcoming handshake states: certificate_verify[15](optional)
upcoming handshake states: client change_cipher_spec[-1]
upcoming handshake states: client finished[20]
upcoming handshake states: server change_cipher_spec[-1]
upcoming handshake states: server finished[20]
*** ECDH ServerKeyExchange
Signature Algorithm SHA512withRSA
Server key: Sun EC public key, 256 bits
  public x coord: 82690663082940151506210385096954360544924039391734613698975729363601274510476
  public y coord: 59314314915280701804902389806519772265528118850666976016744663975735941800720
  parameters: secp256r1 [NIST P-256, X9.62 prime256v1] (1.2.840.10045.3.1.7)
update handshake state: server_key_exchange[12]
upcoming handshake states: certificate_request[13](optional)
upcoming handshake states: server_hello_done[14]
upcoming handshake states: client certificate[11](optional)
upcoming handshake states: client_key_exchange[16]
upcoming handshake states: certificate_verify[15](optional)
upcoming handshake states: client change_cipher_spec[-1]
upcoming handshake states: client finished[20]
upcoming handshake states: server change_cipher_spec[-1]
upcoming handshake states: server finished[20]
*** CertificateRequest
Cert Types: RSA, DSS, ECDSA
Supported Signature Algorithms: SHA512withECDSA, SHA512withRSA, SHA384withECDSA, SHA384withRSA, SHA256withECDSA, SHA256withRSA, SHA256withDSA, SHA1withECDSA, SHA1withRSA, SHA1withDSA
Cert Authorities:
<CN=localhost, OU=ZooKeeper, O=Apache, L=Unknown, ST=Unknown, C=Unknown>
update handshake state: unknown[13]
upcoming handshake states: server_hello_done[14]
upcoming handshake states: client certificate[11](optional)
upcoming handshake states: client_key_exchange[16]
upcoming handshake states: certificate_verify[15](optional)
upcoming handshake states: client change_cipher_spec[-1]
upcoming handshake states: client finished[20]
upcoming handshake states: server change_cipher_spec[-1]
upcoming handshake states: server finished[20]
*** ServerHelloDone
update handshake state: server_hello_done[14]
upcoming handshake states: client certificate[11](optional)
upcoming handshake states: client_key_exchange[16]
upcoming handshake states: certificate_verify[15](optional)
upcoming handshake states: client change_cipher_spec[-1]
upcoming handshake states: client finished[20]
upcoming handshake states: server change_cipher_spec[-1]
upcoming handshake states: server finished[20]
nioEventLoopGroup-4-7, WRITE: TLSv1.2 Handshake, length = 1478
nioEventLoopGroup-5-1, READ: TLSv1.2 Handshake, length = 1478
check handshake state: server_hello[2]
*** ServerHello, TLSv1.2
RandomCookie:  GMT: 1576028759 bytes = { 113, 180, 24, 137, 198, 70, 30, 0, 1, 163, 25, 157, 109, 1, 31, 61, 140, 157, 240, 8, 217, 25, 208, 70, 89, 225, 156, 51 }
Session ID:  {94, 240, 74, 87, 220, 194, 126, 15, 192, 13, 62, 96, 34, 211, 171, 198, 152, 247, 41, 212, 51, 152, 0, 93, 54, 161, 22, 172, 175, 199, 84, 21}
Cipher Suite: TLS_ECDHE_RSA_WITH_AES_256_CBC_SHA384
Compression Method: 0
Extension renegotiation_info, renegotiated_connection: <empty>
Extension extended_master_secret
***
%% Initialized:  [Session-26, TLS_ECDHE_RSA_WITH_AES_256_CBC_SHA384]
** TLS_ECDHE_RSA_WITH_AES_256_CBC_SHA384
update handshake state: server_hello[2]
upcoming handshake states: server certificate[11]
upcoming handshake states: server_key_exchange[12](optional)
upcoming handshake states: certificate_request[13](optional)
upcoming handshake states: server_hello_done[14]
upcoming handshake states: client certificate[11](optional)
upcoming handshake states: client_key_exchange[16]
upcoming handshake states: certificate_verify[15](optional)
upcoming handshake states: client change_cipher_spec[-1]
upcoming handshake states: client finished[20]
upcoming handshake states: server change_cipher_spec[-1]
upcoming handshake states: server finished[20]
check handshake state: certificate[11]
update handshake state: certificate[11]
upcoming handshake states: server_key_exchange[12](optional)
upcoming handshake states: certificate_request[13](optional)
upcoming handshake states: server_hello_done[14]
upcoming handshake states: client certificate[11](optional)
upcoming handshake states: client_key_exchange[16]
upcoming handshake states: certificate_verify[15](optional)
upcoming handshake states: client change_cipher_spec[-1]
upcoming handshake states: client finished[20]
upcoming handshake states: server change_cipher_spec[-1]
upcoming handshake states: server finished[20]
*** Certificate chain
chain [0] = [
[
  Version: V3
  Subject: CN=localhost, OU=ZooKeeper, O=Apache, L=Unknown, ST=Unknown, C=Unknown
  Signature Algorithm: SHA256withRSA, OID = 1.2.840.113549.1.1.11

  Key:  Sun RSA public key, 2048 bits
  params: null
  modulus: 20466894428749997265095448870198652391311568515891366224735448896044144250313384062095901217219702596717622583159291680947094046474456586662132842412743846124470020097713679685492900855417800931365512472314155689881392853768001073664569106127795833231344696659209258027979401908711647617989508135190248980524852215540637603770017238536229773075995665111861820945008718990948857303373661769409475939971958531493423489844433566328219155461676589360491136984327342101195255797973694339642711115427623510874675394946293706606142706174397483349590050687482693164890194014220011640037490528845185364811025836034294701994387
  public exponent: 65537
  Validity: [From: Sat Jan 31 02:57:30 CST 2015,
               To: Wed Feb 08 02:57:30 CST 3015]
  Issuer: CN=localhost, OU=ZooKeeper, O=Apache, L=Unknown, ST=Unknown, C=Unknown
  SerialNumber: [    7334b506]

Certificate Extensions: 1
[1]: ObjectId: 2.5.29.14 Criticality=false
SubjectKeyIdentifier [
KeyIdentifier [
0000: 65 D7 B4 E0 27 45 7A 00   58 2F AD D5 0B 64 2D 77  e...'Ez.X/...d-w
0010: 88 F7 AA F5                                        ....
]
]

]
  Algorithm: [SHA256withRSA]
  Signature:
0000: 1B C8 6B 36 83 1D 28 37   5C 1F 7D F6 C6 84 A0 BF  ..k6..(7\.......
0010: CA C0 47 CF C5 34 70 7A   CF 6B EA 34 84 BE 08 7A  ..G..4pz.k.4...z
0020: 98 E6 3D ED 1D E2 6F 06   DB 23 AB 41 AD D5 DF 1D  ..=...o..#.A....
0030: 92 F4 9D 05 FD 7C EE BE   4A 87 B8 F1 FE F4 5B 79  ........J.....[y
0040: DC AD F7 44 3D 67 08 7A   3B 91 D7 5A 79 44 96 D7  ...D=g.z;..ZyD..
0050: BE 0E 41 C8 64 E3 87 C3   28 11 AB DC 36 F5 B0 AC  ..A.d...(...6...
0060: BD 2F 16 1D 6E A1 52 25   5A EC 6F AD 20 71 5A 1B  ./..n.R%Z.o. qZ.
0070: 66 D4 0D A6 49 B7 75 43   C4 84 0B 4B AC BD 16 76  f...I.uC...K...v
0080: 58 2B 07 85 E2 F1 44 15   1E 67 D1 3C 13 73 5A 2D  X+....D..g.<.sZ-
0090: D6 06 0B A1 D3 09 7E EF   88 F9 C3 0E A4 10 47 EA  ..............G.
00A0: 65 5D CD F0 39 EA 2F 59   1C 08 BC F9 CC 5B C9 BB  e]..9./Y.....[..
00B0: 2F 20 19 81 97 B5 21 BB   60 A4 39 08 6C 41 2A 51  / ....!.`.9.lA*Q
00C0: B1 C3 1A A3 8C F8 ED 67   D0 EE EC 52 01 2A E4 1E  .......g...R.*..
00D0: D2 B4 34 73 DC 7E 34 24   A9 4E 77 AD FD B3 77 0D  ..4s..4$.Nw...w.
00E0: C2 7A C0 65 F6 CC 11 9D   19 AA 59 13 C3 9D AD 5F  .z.e......Y...._
00F0: 61 E6 C2 18 F0 E5 A1 49   41 B5 EF 9E 91 0C 35 9C  a......IA.....5.

]
***
Found trusted certificate:
[
[
  Version: V3
  Subject: CN=localhost, OU=ZooKeeper, O=Apache, L=Unknown, ST=Unknown, C=Unknown
  Signature Algorithm: SHA256withRSA, OID = 1.2.840.113549.1.1.11

  Key:  Sun RSA public key, 2048 bits
  params: null
  modulus: 20466894428749997265095448870198652391311568515891366224735448896044144250313384062095901217219702596717622583159291680947094046474456586662132842412743846124470020097713679685492900855417800931365512472314155689881392853768001073664569106127795833231344696659209258027979401908711647617989508135190248980524852215540637603770017238536229773075995665111861820945008718990948857303373661769409475939971958531493423489844433566328219155461676589360491136984327342101195255797973694339642711115427623510874675394946293706606142706174397483349590050687482693164890194014220011640037490528845185364811025836034294701994387
  public exponent: 65537
  Validity: [From: Sat Jan 31 02:57:30 CST 2015,
               To: Wed Feb 08 02:57:30 CST 3015]
  Issuer: CN=localhost, OU=ZooKeeper, O=Apache, L=Unknown, ST=Unknown, C=Unknown
  SerialNumber: [    7334b506]

Certificate Extensions: 1
[1]: ObjectId: 2.5.29.14 Criticality=false
SubjectKeyIdentifier [
KeyIdentifier [
0000: 65 D7 B4 E0 27 45 7A 00   58 2F AD D5 0B 64 2D 77  e...'Ez.X/...d-w
0010: 88 F7 AA F5                                        ....
]
]

]
  Algorithm: [SHA256withRSA]
  Signature:
0000: 1B C8 6B 36 83 1D 28 37   5C 1F 7D F6 C6 84 A0 BF  ..k6..(7\.......
0010: CA C0 47 CF C5 34 70 7A   CF 6B EA 34 84 BE 08 7A  ..G..4pz.k.4...z
0020: 98 E6 3D ED 1D E2 6F 06   DB 23 AB 41 AD D5 DF 1D  ..=...o..#.A....
0030: 92 F4 9D 05 FD 7C EE BE   4A 87 B8 F1 FE F4 5B 79  ........J.....[y
0040: DC AD F7 44 3D 67 08 7A   3B 91 D7 5A 79 44 96 D7  ...D=g.z;..ZyD..
0050: BE 0E 41 C8 64 E3 87 C3   28 11 AB DC 36 F5 B0 AC  ..A.d...(...6...
0060: BD 2F 16 1D 6E A1 52 25   5A EC 6F AD 20 71 5A 1B  ./..n.R%Z.o. qZ.
0070: 66 D4 0D A6 49 B7 75 43   C4 84 0B 4B AC BD 16 76  f...I.uC...K...v
0080: 58 2B 07 85 E2 F1 44 15   1E 67 D1 3C 13 73 5A 2D  X+....D..g.<.sZ-
0090: D6 06 0B A1 D3 09 7E EF   88 F9 C3 0E A4 10 47 EA  ..............G.
00A0: 65 5D CD F0 39 EA 2F 59   1C 08 BC F9 CC 5B C9 BB  e]..9./Y.....[..
00B0: 2F 20 19 81 97 B5 21 BB   60 A4 39 08 6C 41 2A 51  / ....!.`.9.lA*Q
00C0: B1 C3 1A A3 8C F8 ED 67   D0 EE EC 52 01 2A E4 1E  .......g...R.*..
00D0: D2 B4 34 73 DC 7E 34 24   A9 4E 77 AD FD B3 77 0D  ..4s..4$.Nw...w.
00E0: C2 7A C0 65 F6 CC 11 9D   19 AA 59 13 C3 9D AD 5F  .z.e......Y...._
00F0: 61 E6 C2 18 F0 E5 A1 49   41 B5 EF 9E 91 0C 35 9C  a......IA.....5.

]
2020-06-22 14:06:15,888 [myid:127.0.0.1:30073] - ERROR [nioEventLoopGroup-5-1:ZKTrustManager@161] - Failed to verify host address: 127.0.0.1
javax.net.ssl.SSLPeerUnverifiedException: Certificate for <127.0.0.1> doesn't match common name of the certificate subject: localhost
	at org.apache.zookeeper.common.ZKHostnameVerifier.matchCN(ZKHostnameVerifier.java:238)
	at org.apache.zookeeper.common.ZKHostnameVerifier.verify(ZKHostnameVerifier.java:184)
	at org.apache.zookeeper.common.ZKTrustManager.performHostVerification(ZKTrustManager.java:151)
	at org.apache.zookeeper.common.ZKTrustManager.checkServerTrusted(ZKTrustManager.java:118)
	at sun.security.ssl.ClientHandshaker.serverCertificate(ClientHandshaker.java:1675)
	at sun.security.ssl.ClientHandshaker.processMessage(ClientHandshaker.java:226)
	at sun.security.ssl.Handshaker.processLoop(Handshaker.java:1082)
	at sun.security.ssl.Handshaker$1.run(Handshaker.java:1015)
	at sun.security.ssl.Handshaker$1.run(Handshaker.java:1012)
	at java.security.AccessController.doPrivileged(Native Method)
	at sun.security.ssl.Handshaker$DelegatedTask.run(Handshaker.java:1504)
	at io.netty.handler.ssl.SslHandler.runAllDelegatedTasks(SslHandler.java:1510)
	at io.netty.handler.ssl.SslHandler.runDelegatedTasks(SslHandler.java:1524)
	at io.netty.handler.ssl.SslHandler.unwrap(SslHandler.java:1408)
	at io.netty.handler.ssl.SslHandler.decodeJdkCompatible(SslHandler.java:1235)
	at io.netty.handler.ssl.SslHandler.decode(SslHandler.java:1282)
	at io.netty.handler.codec.ByteToMessageDecoder.decodeRemovalReentryProtection(ByteToMessageDecoder.java:498)
	at io.netty.handler.codec.ByteToMessageDecoder.callDecode(ByteToMessageDecoder.java:437)
	at io.netty.handler.codec.ByteToMessageDecoder.channelRead(ByteToMessageDecoder.java:276)
	at io.netty.channel.AbstractChannelHandlerContext.invokeChannelRead(AbstractChannelHandlerContext.java:379)
	at io.netty.channel.AbstractChannelHandlerContext.invokeChannelRead(AbstractChannelHandlerContext.java:365)
	at io.netty.channel.AbstractChannelHandlerContext.fireChannelRead(AbstractChannelHandlerContext.java:357)
	at io.netty.channel.DefaultChannelPipeline$HeadContext.channelRead(DefaultChannelPipeline.java:1410)
	at io.netty.channel.AbstractChannelHandlerContext.invokeChannelRead(AbstractChannelHandlerContext.java:379)
	at io.netty.channel.AbstractChannelHandlerContext.invokeChannelRead(AbstractChannelHandlerContext.java:365)
	at io.netty.channel.DefaultChannelPipeline.fireChannelRead(DefaultChannelPipeline.java:919)
	at io.netty.channel.nio.AbstractNioByteChannel$NioByteUnsafe.read(AbstractNioByteChannel.java:163)
	at io.netty.channel.nio.NioEventLoop.processSelectedKey(NioEventLoop.java:714)
	at io.netty.channel.nio.NioEventLoop.processSelectedKeysOptimized(NioEventLoop.java:650)
	at io.netty.channel.nio.NioEventLoop.processSelectedKeys(NioEventLoop.java:576)
	at io.netty.channel.nio.NioEventLoop.run(NioEventLoop.java:493)
	at io.netty.util.concurrent.SingleThreadEventExecutor$4.run(SingleThreadEventExecutor.java:989)
	at io.netty.util.internal.ThreadExecutorMap$2.run(ThreadExecutorMap.java:74)
	at io.netty.util.concurrent.FastThreadLocalRunnable.run(FastThreadLocalRunnable.java:30)
	at java.lang.Thread.run(Thread.java:748)
2020-06-22 14:06:15,888 [myid:127.0.0.1:30073] - ERROR [nioEventLoopGroup-5-1:ZKTrustManager@162] - Failed to verify hostname: activate.navicat.com
javax.net.ssl.SSLPeerUnverifiedException: Certificate for <activate.navicat.com> doesn't match common name of the certificate subject: localhost
	at org.apache.zookeeper.common.ZKHostnameVerifier.matchCN(ZKHostnameVerifier.java:238)
	at org.apache.zookeeper.common.ZKHostnameVerifier.verify(ZKHostnameVerifier.java:184)
	at org.apache.zookeeper.common.ZKTrustManager.performHostVerification(ZKTrustManager.java:159)
	at org.apache.zookeeper.common.ZKTrustManager.checkServerTrusted(ZKTrustManager.java:118)
	at sun.security.ssl.ClientHandshaker.serverCertificate(ClientHandshaker.java:1675)
	at sun.security.ssl.ClientHandshaker.processMessage(ClientHandshaker.java:226)
	at sun.security.ssl.Handshaker.processLoop(Handshaker.java:1082)
	at sun.security.ssl.Handshaker$1.run(Handshaker.java:1015)
	at sun.security.ssl.Handshaker$1.run(Handshaker.java:1012)
	at java.security.AccessController.doPrivileged(Native Method)
	at sun.security.ssl.Handshaker$DelegatedTask.run(Handshaker.java:1504)
	at io.netty.handler.ssl.SslHandler.runAllDelegatedTasks(SslHandler.java:1510)
	at io.netty.handler.ssl.SslHandler.runDelegatedTasks(SslHandler.java:1524)
	at io.netty.handler.ssl.SslHandler.unwrap(SslHandler.java:1408)
	at io.netty.handler.ssl.SslHandler.decodeJdkCompatible(SslHandler.java:1235)
	at io.netty.handler.ssl.SslHandler.decode(SslHandler.java:1282)
	at io.netty.handler.codec.ByteToMessageDecoder.decodeRemovalReentryProtection(ByteToMessageDecoder.java:498)
	at io.netty.handler.codec.ByteToMessageDecoder.callDecode(ByteToMessageDecoder.java:437)
	at io.netty.handler.codec.ByteToMessageDecoder.channelRead(ByteToMessageDecoder.java:276)
	at io.netty.channel.AbstractChannelHandlerContext.invokeChannelRead(AbstractChannelHandlerContext.java:379)
	at io.netty.channel.AbstractChannelHandlerContext.invokeChannelRead(AbstractChannelHandlerContext.java:365)
	at io.netty.channel.AbstractChannelHandlerContext.fireChannelRead(AbstractChannelHandlerContext.java:357)
	at io.netty.channel.DefaultChannelPipeline$HeadContext.channelRead(DefaultChannelPipeline.java:1410)
	at io.netty.channel.AbstractChannelHandlerContext.invokeChannelRead(AbstractChannelHandlerContext.java:379)
	at io.netty.channel.AbstractChannelHandlerContext.invokeChannelRead(AbstractChannelHandlerContext.java:365)
	at io.netty.channel.DefaultChannelPipeline.fireChannelRead(DefaultChannelPipeline.java:919)
	at io.netty.channel.nio.AbstractNioByteChannel$NioByteUnsafe.read(AbstractNioByteChannel.java:163)
	at io.netty.channel.nio.NioEventLoop.processSelectedKey(NioEventLoop.java:714)
	at io.netty.channel.nio.NioEventLoop.processSelectedKeysOptimized(NioEventLoop.java:650)
	at io.netty.channel.nio.NioEventLoop.processSelectedKeys(NioEventLoop.java:576)
	at io.netty.channel.nio.NioEventLoop.run(NioEventLoop.java:493)
	at io.netty.util.concurrent.SingleThreadEventExecutor$4.run(SingleThreadEventExecutor.java:989)
	at io.netty.util.internal.ThreadExecutorMap$2.run(ThreadExecutorMap.java:74)
	at io.netty.util.concurrent.FastThreadLocalRunnable.run(FastThreadLocalRunnable.java:30)
	at java.lang.Thread.run(Thread.java:748)
nioEventLoopGroup-5-1, fatal error: 46: General SSLEngine problem
java.security.cert.CertificateException: Failed to verify both host address and host name
%% Invalidated:  [Session-23, SSL_NULL_WITH_NULL_NULL]
%% Invalidated:  [Session-26, TLS_ECDHE_RSA_WITH_AES_256_CBC_SHA384]
nioEventLoopGroup-5-1, SEND TLSv1.2 ALERT:  fatal, description = certificate_unknown
nioEventLoopGroup-5-1, WRITE: TLSv1.2 Alert, length = 2
nioEventLoopGroup-5-1, fatal: engine already closed.  Rethrowing javax.net.ssl.SSLHandshakeException: General SSLEngine problem
nioEventLoopGroup-5-1, called closeOutbound()
nioEventLoopGroup-5-1, closeOutboundInternal()
nioEventLoopGroup-5-1, called closeInbound()
nioEventLoopGroup-5-1, fatal: engine already closed.  Rethrowing javax.net.ssl.SSLException: Inbound closed before receiving peer's close_notify: possible truncation attack?
nioEventLoopGroup-4-7, READ: TLSv1.2 Alert, length = 2
nioEventLoopGroup-4-7, RECV TLSv1.2 ALERT:  fatal, certificate_unknown
nioEventLoopGroup-4-7, fatal: engine already closed.  Rethrowing javax.net.ssl.SSLException: Received fatal alert: certificate_unknown
nioEventLoopGroup-4-7, fatal: engine already closed.  Rethrowing javax.net.ssl.SSLException: Received fatal alert: certificate_unknown
2020-06-22 14:06:15,890 [myid:] - ERROR [nioEventLoopGroup-4-7:NettyServerCnxnFactory$CertificateVerifier@434] - Unsuccessful handshake with session 0x0
nioEventLoopGroup-4-7, called closeOutbound()
nioEventLoopGroup-4-7, closeOutboundInternal()
nioEventLoopGroup-4-7, SEND TLSv1.2 ALERT:  warning, description = close_notify
nioEventLoopGroup-4-7, WRITE: TLSv1.2 Alert, length = 2
nioEventLoopGroup-4-7, called closeInbound()
nioEventLoopGroup-4-7, fatal: engine already closed.  Rethrowing javax.net.ssl.SSLException: Inbound closed before receiving peer's close_notify: possible truncation attack?
2020-06-22 14:06:15,890 [myid:127.0.0.1:30073] - ERROR [nioEventLoopGroup-5-1:ClientCnxnSocketNetty$ZKClientHandler@522] - Unexpected throwable
io.netty.handler.codec.DecoderException: javax.net.ssl.SSLHandshakeException: General SSLEngine problem
	at io.netty.handler.codec.ByteToMessageDecoder.callDecode(ByteToMessageDecoder.java:468)
	at io.netty.handler.codec.ByteToMessageDecoder.channelRead(ByteToMessageDecoder.java:276)
	at io.netty.channel.AbstractChannelHandlerContext.invokeChannelRead(AbstractChannelHandlerContext.java:379)
	at io.netty.channel.AbstractChannelHandlerContext.invokeChannelRead(AbstractChannelHandlerContext.java:365)
	at io.netty.channel.AbstractChannelHandlerContext.fireChannelRead(AbstractChannelHandlerContext.java:357)
	at io.netty.channel.DefaultChannelPipeline$HeadContext.channelRead(DefaultChannelPipeline.java:1410)
	at io.netty.channel.AbstractChannelHandlerContext.invokeChannelRead(AbstractChannelHandlerContext.java:379)
	at io.netty.channel.AbstractChannelHandlerContext.invokeChannelRead(AbstractChannelHandlerContext.java:365)
	at io.netty.channel.DefaultChannelPipeline.fireChannelRead(DefaultChannelPipeline.java:919)
	at io.netty.channel.nio.AbstractNioByteChannel$NioByteUnsafe.read(AbstractNioByteChannel.java:163)
	at io.netty.channel.nio.NioEventLoop.processSelectedKey(NioEventLoop.java:714)
	at io.netty.channel.nio.NioEventLoop.processSelectedKeysOptimized(NioEventLoop.java:650)
	at io.netty.channel.nio.NioEventLoop.processSelectedKeys(NioEventLoop.java:576)
	at io.netty.channel.nio.NioEventLoop.run(NioEventLoop.java:493)
	at io.netty.util.concurrent.SingleThreadEventExecutor$4.run(SingleThreadEventExecutor.java:989)
	at io.netty.util.internal.ThreadExecutorMap$2.run(ThreadExecutorMap.java:74)
	at io.netty.util.concurrent.FastThreadLocalRunnable.run(FastThreadLocalRunnable.java:30)
	at java.lang.Thread.run(Thread.java:748)
Caused by: javax.net.ssl.SSLHandshakeException: General SSLEngine problem
	at sun.security.ssl.Handshaker.checkThrown(Handshaker.java:1566)
	at sun.security.ssl.SSLEngineImpl.checkTaskThrown(SSLEngineImpl.java:545)
	at sun.security.ssl.SSLEngineImpl.readNetRecord(SSLEngineImpl.java:819)
	at sun.security.ssl.SSLEngineImpl.unwrap(SSLEngineImpl.java:783)
	at javax.net.ssl.SSLEngine.unwrap(SSLEngine.java:626)
	at io.netty.handler.ssl.SslHandler$SslEngineType$3.unwrap(SslHandler.java:281)
	at io.netty.handler.ssl.SslHandler.unwrap(SslHandler.java:1340)
	at io.netty.handler.ssl.SslHandler.decodeJdkCompatible(SslHandler.java:1235)
	at io.netty.handler.ssl.SslHandler.decode(SslHandler.java:1282)
	at io.netty.handler.codec.ByteToMessageDecoder.decodeRemovalReentryProtection(ByteToMessageDecoder.java:498)
	at io.netty.handler.codec.ByteToMessageDecoder.callDecode(ByteToMessageDecoder.java:437)
	... 17 more
Caused by: javax.net.ssl.SSLHandshakeException: General SSLEngine problem
	at sun.security.ssl.Alerts.getSSLException(Alerts.java:198)
	at sun.security.ssl.SSLEngineImpl.fatal(SSLEngineImpl.java:1729)
	at sun.security.ssl.Handshaker.fatalSE(Handshaker.java:333)
	at sun.security.ssl.Handshaker.fatalSE(Handshaker.java:325)
	at sun.security.ssl.ClientHandshaker.serverCertificate(ClientHandshaker.java:1688)
	at sun.security.ssl.ClientHandshaker.processMessage(ClientHandshaker.java:226)
	at sun.security.ssl.Handshaker.processLoop(Handshaker.java:1082)
	at sun.security.ssl.Handshaker$1.run(Handshaker.java:1015)
	at sun.security.ssl.Handshaker$1.run(Handshaker.java:1012)
	at java.security.AccessController.doPrivileged(Native Method)
	at sun.security.ssl.Handshaker$DelegatedTask.run(Handshaker.java:1504)
	at io.netty.handler.ssl.SslHandler.runAllDelegatedTasks(SslHandler.java:1510)
	at io.netty.handler.ssl.SslHandler.runDelegatedTasks(SslHandler.java:1524)
	at io.netty.handler.ssl.SslHandler.unwrap(SslHandler.java:1408)
	... 21 more
Caused by: java.security.cert.CertificateException: Failed to verify both host address and host name
	at org.apache.zookeeper.common.ZKTrustManager.performHostVerification(ZKTrustManager.java:163)
	at org.apache.zookeeper.common.ZKTrustManager.checkServerTrusted(ZKTrustManager.java:118)
	at sun.security.ssl.ClientHandshaker.serverCertificate(ClientHandshaker.java:1675)
	... 30 more
Caused by: javax.net.ssl.SSLPeerUnverifiedException: Certificate for <activate.navicat.com> doesn't match common name of the certificate subject: localhost
	at org.apache.zookeeper.common.ZKHostnameVerifier.matchCN(ZKHostnameVerifier.java:238)
	at org.apache.zookeeper.common.ZKHostnameVerifier.verify(ZKHostnameVerifier.java:184)
	at org.apache.zookeeper.common.ZKTrustManager.performHostVerification(ZKTrustManager.java:159)
	... 32 more
2020-06-22 14:06:15,891 [myid:] - WARN  [nioEventLoopGroup-4-7:NettyServerCnxnFactory$CnxnChannelHandler@273] - Exception caught
io.netty.handler.codec.DecoderException: javax.net.ssl.SSLException: Received fatal alert: certificate_unknown
	at io.netty.handler.codec.ByteToMessageDecoder.callDecode(ByteToMessageDecoder.java:468)
	at io.netty.handler.codec.ByteToMessageDecoder.channelRead(ByteToMessageDecoder.java:276)
	at io.netty.channel.AbstractChannelHandlerContext.invokeChannelRead(AbstractChannelHandlerContext.java:379)
	at io.netty.channel.AbstractChannelHandlerContext.invokeChannelRead(AbstractChannelHandlerContext.java:365)
	at io.netty.channel.AbstractChannelHandlerContext.fireChannelRead(AbstractChannelHandlerContext.java:357)
	at io.netty.channel.DefaultChannelPipeline$HeadContext.channelRead(DefaultChannelPipeline.java:1410)
	at io.netty.channel.AbstractChannelHandlerContext.invokeChannelRead(AbstractChannelHandlerContext.java:379)
	at io.netty.channel.AbstractChannelHandlerContext.invokeChannelRead(AbstractChannelHandlerContext.java:365)
	at io.netty.channel.DefaultChannelPipeline.fireChannelRead(DefaultChannelPipeline.java:919)
	at io.netty.channel.nio.AbstractNioByteChannel$NioByteUnsafe.read(AbstractNioByteChannel.java:163)
	at io.netty.channel.nio.NioEventLoop.processSelectedKey(NioEventLoop.java:714)
	at io.netty.channel.nio.NioEventLoop.processSelectedKeysOptimized(NioEventLoop.java:650)
	at io.netty.channel.nio.NioEventLoop.processSelectedKeys(NioEventLoop.java:576)
	at io.netty.channel.nio.NioEventLoop.run(NioEventLoop.java:493)
	at io.netty.util.concurrent.SingleThreadEventExecutor$4.run(SingleThreadEventExecutor.java:989)
	at io.netty.util.internal.ThreadExecutorMap$2.run(ThreadExecutorMap.java:74)
	at io.netty.util.concurrent.FastThreadLocalRunnable.run(FastThreadLocalRunnable.java:30)
	at java.lang.Thread.run(Thread.java:748)
Caused by: javax.net.ssl.SSLException: Received fatal alert: certificate_unknown
	at sun.security.ssl.Alerts.getSSLException(Alerts.java:214)
	at sun.security.ssl.SSLEngineImpl.fatal(SSLEngineImpl.java:1667)
	at sun.security.ssl.SSLEngineImpl.fatal(SSLEngineImpl.java:1635)
	at sun.security.ssl.SSLEngineImpl.recvAlert(SSLEngineImpl.java:1801)
	at sun.security.ssl.SSLEngineImpl.readRecord(SSLEngineImpl.java:1090)
	at sun.security.ssl.SSLEngineImpl.readNetRecord(SSLEngineImpl.java:913)
	at sun.security.ssl.SSLEngineImpl.unwrap(SSLEngineImpl.java:783)
	at javax.net.ssl.SSLEngine.unwrap(SSLEngine.java:626)
	at io.netty.handler.ssl.SslHandler$SslEngineType$3.unwrap(SslHandler.java:281)
	at io.netty.handler.ssl.SslHandler.unwrap(SslHandler.java:1340)
	at io.netty.handler.ssl.SslHandler.decodeJdkCompatible(SslHandler.java:1235)
	at io.netty.handler.ssl.SslHandler.decode(SslHandler.java:1282)
	at io.netty.handler.codec.ByteToMessageDecoder.decodeRemovalReentryProtection(ByteToMessageDecoder.java:498)
	at io.netty.handler.codec.ByteToMessageDecoder.callDecode(ByteToMessageDecoder.java:437)
	... 17 more
nioEventLoopGroup-4-7, called closeOutbound()
nioEventLoopGroup-4-7, closeOutboundInternal()
2020-06-22 14:06:15,892 [myid:127.0.0.1:30073] - WARN  [main-SendThread(127.0.0.1:30073):ClientCnxn$SendThread@1272] - Session 0x0 for sever activate.navicat.com/127.0.0.1:30073, Closing socket connection. Attempting reconnect except it is a SessionExpiredException.
EndOfStreamException: channel for sessionid 0x0 is lost
	at org.apache.zookeeper.ClientCnxnSocketNetty.doTransport(ClientCnxnSocketNetty.java:285)
	at org.apache.zookeeper.ClientCnxn$SendThread.run(ClientCnxn.java:1262)
nioEventLoopGroup-4-7, READ: TLSv1.2 Alert, length = 2
nioEventLoopGroup-4-7, RECV TLSv1.2 ALERT:  fatal, certificate_unknown
nioEventLoopGroup-4-7, fatal: engine already closed.  Rethrowing javax.net.ssl.SSLException: Received fatal alert: certificate_unknown
2020-06-22 14:06:15,892 [myid:127.0.0.1:30073] - INFO  [nioEventLoopGroup-5-1:ClientCnxnSocketNetty@249] - channel is told closing
nioEventLoopGroup-4-7, fatal: engine already closed.  Rethrowing javax.net.ssl.SSLException: Received fatal alert: certificate_unknown
nioEventLoopGroup-5-1, called closeOutbound()
nioEventLoopGroup-5-1, closeOutboundInternal()
nioEventLoopGroup-4-7, called closeOutbound()
nioEventLoopGroup-4-7, closeOutboundInternal()
nioEventLoopGroup-4-7, called closeInbound()
nioEventLoopGroup-4-7, closeInboundInternal()
nioEventLoopGroup-4-7, closeOutboundInternal()
2020-06-22 14:06:15,893 [myid:] - WARN  [nioEventLoopGroup-4-7:NettyServerCnxnFactory$CnxnChannelHandler@273] - Exception caught
io.netty.handler.codec.DecoderException: javax.net.ssl.SSLException: Received fatal alert: certificate_unknown
	at io.netty.handler.codec.ByteToMessageDecoder.callDecode(ByteToMessageDecoder.java:468)
	at io.netty.handler.codec.ByteToMessageDecoder.channelInputClosed(ByteToMessageDecoder.java:401)
	at io.netty.handler.codec.ByteToMessageDecoder.channelInputClosed(ByteToMessageDecoder.java:368)
	at io.netty.handler.codec.ByteToMessageDecoder.channelInactive(ByteToMessageDecoder.java:351)
	at io.netty.handler.ssl.SslHandler.channelInactive(SslHandler.java:1084)
	at io.netty.channel.AbstractChannelHandlerContext.invokeChannelInactive(AbstractChannelHandlerContext.java:262)
	at io.netty.channel.AbstractChannelHandlerContext.invokeChannelInactive(AbstractChannelHandlerContext.java:248)
	at io.netty.channel.AbstractChannelHandlerContext.fireChannelInactive(AbstractChannelHandlerContext.java:241)
	at io.netty.channel.DefaultChannelPipeline$HeadContext.channelInactive(DefaultChannelPipeline.java:1405)
	at io.netty.channel.AbstractChannelHandlerContext.invokeChannelInactive(AbstractChannelHandlerContext.java:262)
	at io.netty.channel.AbstractChannelHandlerContext.invokeChannelInactive(AbstractChannelHandlerContext.java:248)
	at io.netty.channel.DefaultChannelPipeline.fireChannelInactive(DefaultChannelPipeline.java:901)
	at io.netty.channel.AbstractChannel$AbstractUnsafe$8.run(AbstractChannel.java:818)
	at io.netty.util.concurrent.AbstractEventExecutor.safeExecute(AbstractEventExecutor.java:164)
	at io.netty.util.concurrent.SingleThreadEventExecutor.runAllTasks(SingleThreadEventExecutor.java:472)
	at io.netty.channel.nio.NioEventLoop.run(NioEventLoop.java:497)
	at io.netty.util.concurrent.SingleThreadEventExecutor$4.run(SingleThreadEventExecutor.java:989)
	at io.netty.util.internal.ThreadExecutorMap$2.run(ThreadExecutorMap.java:74)
	at io.netty.util.concurrent.FastThreadLocalRunnable.run(FastThreadLocalRunnable.java:30)
	at java.lang.Thread.run(Thread.java:748)
Caused by: javax.net.ssl.SSLException: Received fatal alert: certificate_unknown
	at sun.security.ssl.Alerts.getSSLException(Alerts.java:214)
	at sun.security.ssl.SSLEngineImpl.fatal(SSLEngineImpl.java:1667)
	at sun.security.ssl.SSLEngineImpl.fatal(SSLEngineImpl.java:1635)
	at sun.security.ssl.SSLEngineImpl.recvAlert(SSLEngineImpl.java:1801)
	at sun.security.ssl.SSLEngineImpl.readRecord(SSLEngineImpl.java:1090)
	at sun.security.ssl.SSLEngineImpl.readNetRecord(SSLEngineImpl.java:913)
	at sun.security.ssl.SSLEngineImpl.unwrap(SSLEngineImpl.java:783)
	at javax.net.ssl.SSLEngine.unwrap(SSLEngine.java:626)
	at io.netty.handler.ssl.SslHandler$SslEngineType$3.unwrap(SslHandler.java:281)
	at io.netty.handler.ssl.SslHandler.unwrap(SslHandler.java:1340)
	at io.netty.handler.ssl.SslHandler.decodeJdkCompatible(SslHandler.java:1235)
	at io.netty.handler.ssl.SslHandler.decode(SslHandler.java:1282)
	at io.netty.handler.codec.ByteToMessageDecoder.decodeRemovalReentryProtection(ByteToMessageDecoder.java:498)
	at io.netty.handler.codec.ByteToMessageDecoder.callDecode(ByteToMessageDecoder.java:437)
	... 19 more
2020-06-22 14:06:15,894 [myid:127.0.0.1:30073] - INFO  [nioEventLoopGroup-5-1:ClientCnxnSocketNetty$ZKClientHandler@469] - channel is disconnected: [id: 0xd9aede24, L:/127.0.0.1:54669 ! R:activate.navicat.com/127.0.0.1:30073]
2020-06-22 14:06:16,952 [myid:127.0.0.1:30073] - INFO  [main-SendThread(127.0.0.1:30073):ClientCnxn$SendThread@1154] - Opening socket connection to server activate.navicat.com/127.0.0.1:30073.
2020-06-22 14:06:16,952 [myid:127.0.0.1:30073] - INFO  [main-SendThread(127.0.0.1:30073):ClientCnxn$SendThread@1156] - SASL config status: Will not attempt to authenticate using SASL (unknown error)
adding as trusted cert:
  Subject: CN=localhost, OU=ZooKeeper, O=Apache, L=Unknown, ST=Unknown, C=Unknown
  Issuer:  CN=localhost, OU=ZooKeeper, O=Apache, L=Unknown, ST=Unknown, C=Unknown
  Algorithm: RSA; Serial number: 0x7334b506
  Valid from Sat Jan 31 02:57:30 CST 2015 until Wed Feb 08 02:57:30 CST 3015

trigger seeding of SecureRandom
done seeding SecureRandom
Using SSLEngineImpl.
%% Initialized:  [Session-27, SSL_NULL_WITH_NULL_NULL]
2020-06-22 14:06:16,955 [myid:127.0.0.1:30073] - INFO  [nioEventLoopGroup-5-1:ClientCnxnSocketNetty$ZKClientPipelineFactory@454] - SSL handler added for channel: [id: 0xe7e8152c]
2020-06-22 14:06:16,956 [myid:127.0.0.1:30073] - INFO  [nioEventLoopGroup-5-1:ClientCnxn$SendThread@986] - Socket connection established, initiating session, client: /127.0.0.1:54700, server: activate.navicat.com/127.0.0.1:30073
2020-06-22 14:06:16,956 [myid:127.0.0.1:30073] - INFO  [nioEventLoopGroup-5-1:ClientCnxnSocketNetty$1@184] - channel is connected: [id: 0xe7e8152c, L:/127.0.0.1:54700 - R:activate.navicat.com/127.0.0.1:30073]
Allow unsafe renegotiation: false
Allow legacy hello messages: true
Is initial handshake: true
Is secure renegotiation: false
Ignoring unsupported cipher suite: TLS_ECDHE_ECDSA_WITH_AES_256_CBC_SHA384 for TLSv1
Ignoring unsupported cipher suite: TLS_ECDHE_RSA_WITH_AES_256_CBC_SHA384 for TLSv1
Ignoring unsupported cipher suite: TLS_RSA_WITH_AES_256_CBC_SHA256 for TLSv1
Ignoring unsupported cipher suite: TLS_ECDH_ECDSA_WITH_AES_256_CBC_SHA384 for TLSv1
Ignoring unsupported cipher suite: TLS_ECDH_RSA_WITH_AES_256_CBC_SHA384 for TLSv1
Ignoring unsupported cipher suite: TLS_DHE_RSA_WITH_AES_256_CBC_SHA256 for TLSv1
Ignoring unsupported cipher suite: TLS_DHE_DSS_WITH_AES_256_CBC_SHA256 for TLSv1
Ignoring unsupported cipher suite: TLS_ECDHE_ECDSA_WITH_AES_256_CBC_SHA384 for TLSv1.1
Ignoring unsupported cipher suite: TLS_ECDHE_RSA_WITH_AES_256_CBC_SHA384 for TLSv1.1
Ignoring unsupported cipher suite: TLS_RSA_WITH_AES_256_CBC_SHA256 for TLSv1.1
Ignoring unsupported cipher suite: TLS_ECDH_ECDSA_WITH_AES_256_CBC_SHA384 for TLSv1.1
Ignoring unsupported cipher suite: TLS_ECDH_RSA_WITH_AES_256_CBC_SHA384 for TLSv1.1
Ignoring unsupported cipher suite: TLS_DHE_RSA_WITH_AES_256_CBC_SHA256 for TLSv1.1
Ignoring unsupported cipher suite: TLS_DHE_DSS_WITH_AES_256_CBC_SHA256 for TLSv1.1
%% No cached client session
update handshake state: client_hello[1]
upcoming handshake states: server_hello[2]
*** ClientHello, TLSv1.2
RandomCookie:  GMT: 1576028760 bytes = { 78, 164, 105, 254, 213, 183, 51, 70, 76, 189, 25, 192, 254, 126, 22, 233, 205, 194, 120, 157, 228, 176, 129, 55, 121, 11, 137, 254 }
Session ID:  {}
Cipher Suites: [TLS_ECDHE_ECDSA_WITH_AES_256_CBC_SHA384, TLS_ECDHE_RSA_WITH_AES_256_CBC_SHA384, TLS_RSA_WITH_AES_256_CBC_SHA256, TLS_ECDH_ECDSA_WITH_AES_256_CBC_SHA384, TLS_ECDH_RSA_WITH_AES_256_CBC_SHA384, TLS_DHE_RSA_WITH_AES_256_CBC_SHA256, TLS_DHE_DSS_WITH_AES_256_CBC_SHA256, TLS_ECDHE_ECDSA_WITH_AES_256_CBC_SHA, TLS_ECDHE_RSA_WITH_AES_256_CBC_SHA, TLS_RSA_WITH_AES_256_CBC_SHA, TLS_ECDH_ECDSA_WITH_AES_256_CBC_SHA, TLS_ECDH_RSA_WITH_AES_256_CBC_SHA, TLS_DHE_RSA_WITH_AES_256_CBC_SHA, TLS_DHE_DSS_WITH_AES_256_CBC_SHA, TLS_ECDHE_ECDSA_WITH_AES_128_CBC_SHA256, TLS_ECDHE_RSA_WITH_AES_128_CBC_SHA256, TLS_RSA_WITH_AES_128_CBC_SHA256, TLS_ECDH_ECDSA_WITH_AES_128_CBC_SHA256, TLS_ECDH_RSA_WITH_AES_128_CBC_SHA256, TLS_DHE_RSA_WITH_AES_128_CBC_SHA256, TLS_DHE_DSS_WITH_AES_128_CBC_SHA256, TLS_ECDHE_ECDSA_WITH_AES_128_CBC_SHA, TLS_ECDHE_RSA_WITH_AES_128_CBC_SHA, TLS_RSA_WITH_AES_128_CBC_SHA, TLS_ECDH_ECDSA_WITH_AES_128_CBC_SHA, TLS_ECDH_RSA_WITH_AES_128_CBC_SHA, TLS_DHE_RSA_WITH_AES_128_CBC_SHA, TLS_DHE_DSS_WITH_AES_128_CBC_SHA, TLS_ECDHE_ECDSA_WITH_AES_256_GCM_SHA384, TLS_ECDHE_ECDSA_WITH_AES_128_GCM_SHA256, TLS_ECDHE_RSA_WITH_AES_256_GCM_SHA384, TLS_RSA_WITH_AES_256_GCM_SHA384, TLS_ECDH_ECDSA_WITH_AES_256_GCM_SHA384, TLS_ECDH_RSA_WITH_AES_256_GCM_SHA384, TLS_DHE_RSA_WITH_AES_256_GCM_SHA384, TLS_DHE_DSS_WITH_AES_256_GCM_SHA384, TLS_ECDHE_RSA_WITH_AES_128_GCM_SHA256, TLS_RSA_WITH_AES_128_GCM_SHA256, TLS_ECDH_ECDSA_WITH_AES_128_GCM_SHA256, TLS_ECDH_RSA_WITH_AES_128_GCM_SHA256, TLS_DHE_RSA_WITH_AES_128_GCM_SHA256, TLS_DHE_DSS_WITH_AES_128_GCM_SHA256, TLS_EMPTY_RENEGOTIATION_INFO_SCSV]
Compression Methods:  { 0 }
Extension elliptic_curves, curve names: {secp256r1, secp384r1, secp521r1}
Extension ec_point_formats, formats: [uncompressed]
Extension signature_algorithms, signature_algorithms: SHA512withECDSA, SHA512withRSA, SHA384withECDSA, SHA384withRSA, SHA256withECDSA, SHA256withRSA, SHA256withDSA, SHA1withECDSA, SHA1withRSA, SHA1withDSA
Extension extended_master_secret
Extension server_name, server_name: [type=host_name (0), value=activate.navicat.com]
***
nioEventLoopGroup-5-1, WRITE: TLSv1.2 Handshake, length = 208
trigger seeding of SecureRandom
done seeding SecureRandom
Using SSLEngineImpl.
%% Initialized:  [Session-28, SSL_NULL_WITH_NULL_NULL]
Allow unsafe renegotiation: false
Allow legacy hello messages: true
Is initial handshake: true
Is secure renegotiation: false
nioEventLoopGroup-4-8, READ: TLSv1.2 Handshake, length = 208
check handshake state: client_hello[1]
update handshake state: client_hello[1]
upcoming handshake states: server_hello[2]
*** ClientHello, TLSv1.2
RandomCookie:  GMT: 1576028760 bytes = { 78, 164, 105, 254, 213, 183, 51, 70, 76, 189, 25, 192, 254, 126, 22, 233, 205, 194, 120, 157, 228, 176, 129, 55, 121, 11, 137, 254 }
Session ID:  {}
Cipher Suites: [TLS_ECDHE_ECDSA_WITH_AES_256_CBC_SHA384, TLS_ECDHE_RSA_WITH_AES_256_CBC_SHA384, TLS_RSA_WITH_AES_256_CBC_SHA256, TLS_ECDH_ECDSA_WITH_AES_256_CBC_SHA384, TLS_ECDH_RSA_WITH_AES_256_CBC_SHA384, TLS_DHE_RSA_WITH_AES_256_CBC_SHA256, TLS_DHE_DSS_WITH_AES_256_CBC_SHA256, TLS_ECDHE_ECDSA_WITH_AES_256_CBC_SHA, TLS_ECDHE_RSA_WITH_AES_256_CBC_SHA, TLS_RSA_WITH_AES_256_CBC_SHA, TLS_ECDH_ECDSA_WITH_AES_256_CBC_SHA, TLS_ECDH_RSA_WITH_AES_256_CBC_SHA, TLS_DHE_RSA_WITH_AES_256_CBC_SHA, TLS_DHE_DSS_WITH_AES_256_CBC_SHA, TLS_ECDHE_ECDSA_WITH_AES_128_CBC_SHA256, TLS_ECDHE_RSA_WITH_AES_128_CBC_SHA256, TLS_RSA_WITH_AES_128_CBC_SHA256, TLS_ECDH_ECDSA_WITH_AES_128_CBC_SHA256, TLS_ECDH_RSA_WITH_AES_128_CBC_SHA256, TLS_DHE_RSA_WITH_AES_128_CBC_SHA256, TLS_DHE_DSS_WITH_AES_128_CBC_SHA256, TLS_ECDHE_ECDSA_WITH_AES_128_CBC_SHA, TLS_ECDHE_RSA_WITH_AES_128_CBC_SHA, TLS_RSA_WITH_AES_128_CBC_SHA, TLS_ECDH_ECDSA_WITH_AES_128_CBC_SHA, TLS_ECDH_RSA_WITH_AES_128_CBC_SHA, TLS_DHE_RSA_WITH_AES_128_CBC_SHA, TLS_DHE_DSS_WITH_AES_128_CBC_SHA, TLS_ECDHE_ECDSA_WITH_AES_256_GCM_SHA384, TLS_ECDHE_ECDSA_WITH_AES_128_GCM_SHA256, TLS_ECDHE_RSA_WITH_AES_256_GCM_SHA384, TLS_RSA_WITH_AES_256_GCM_SHA384, TLS_ECDH_ECDSA_WITH_AES_256_GCM_SHA384, TLS_ECDH_RSA_WITH_AES_256_GCM_SHA384, TLS_DHE_RSA_WITH_AES_256_GCM_SHA384, TLS_DHE_DSS_WITH_AES_256_GCM_SHA384, TLS_ECDHE_RSA_WITH_AES_128_GCM_SHA256, TLS_RSA_WITH_AES_128_GCM_SHA256, TLS_ECDH_ECDSA_WITH_AES_128_GCM_SHA256, TLS_ECDH_RSA_WITH_AES_128_GCM_SHA256, TLS_DHE_RSA_WITH_AES_128_GCM_SHA256, TLS_DHE_DSS_WITH_AES_128_GCM_SHA256, TLS_EMPTY_RENEGOTIATION_INFO_SCSV]
Compression Methods:  { 0 }
Extension elliptic_curves, curve names: {secp256r1, secp384r1, secp521r1}
Extension ec_point_formats, formats: [uncompressed]
Extension signature_algorithms, signature_algorithms: SHA512withECDSA, SHA512withRSA, SHA384withECDSA, SHA384withRSA, SHA256withECDSA, SHA256withRSA, SHA256withDSA, SHA1withECDSA, SHA1withRSA, SHA1withDSA
Extension extended_master_secret
Extension server_name, server_name: [type=host_name (0), value=activate.navicat.com]
***
%% Initialized:  [Session-29, SSL_NULL_WITH_NULL_NULL]
Standard ciphersuite chosen: TLS_ECDHE_RSA_WITH_AES_256_CBC_SHA384
%% Negotiating:  [Session-29, TLS_ECDHE_RSA_WITH_AES_256_CBC_SHA384]
*** ServerHello, TLSv1.2
RandomCookie:  GMT: 1576028760 bytes = { 172, 29, 220, 191, 204, 106, 171, 247, 146, 176, 251, 63, 64, 33, 29, 79, 228, 202, 148, 49, 252, 248, 29, 151, 249, 35, 70, 54 }
Session ID:  {94, 240, 74, 88, 102, 74, 194, 72, 59, 251, 174, 242, 165, 86, 217, 16, 242, 140, 30, 18, 57, 18, 65, 51, 42, 23, 122, 86, 38, 33, 217, 79}
Cipher Suite: TLS_ECDHE_RSA_WITH_AES_256_CBC_SHA384
Compression Method: 0
Extension renegotiation_info, renegotiated_connection: <empty>
Extension extended_master_secret
***
Cipher suite:  TLS_ECDHE_RSA_WITH_AES_256_CBC_SHA384
update handshake state: server_hello[2]
upcoming handshake states: server certificate[11]
upcoming handshake states: server_key_exchange[12](optional)
upcoming handshake states: certificate_request[13](optional)
upcoming handshake states: server_hello_done[14]
upcoming handshake states: client certificate[11](optional)
upcoming handshake states: client_key_exchange[16]
upcoming handshake states: certificate_verify[15](optional)
upcoming handshake states: client change_cipher_spec[-1]
upcoming handshake states: client finished[20]
upcoming handshake states: server change_cipher_spec[-1]
upcoming handshake states: server finished[20]
*** Certificate chain
chain [0] = [
[
  Version: V3
  Subject: CN=localhost, OU=ZooKeeper, O=Apache, L=Unknown, ST=Unknown, C=Unknown
  Signature Algorithm: SHA256withRSA, OID = 1.2.840.113549.1.1.11

  Key:  Sun RSA public key, 2048 bits
  params: null
  modulus: 20466894428749997265095448870198652391311568515891366224735448896044144250313384062095901217219702596717622583159291680947094046474456586662132842412743846124470020097713679685492900855417800931365512472314155689881392853768001073664569106127795833231344696659209258027979401908711647617989508135190248980524852215540637603770017238536229773075995665111861820945008718990948857303373661769409475939971958531493423489844433566328219155461676589360491136984327342101195255797973694339642711115427623510874675394946293706606142706174397483349590050687482693164890194014220011640037490528845185364811025836034294701994387
  public exponent: 65537
  Validity: [From: Sat Jan 31 02:57:30 CST 2015,
               To: Wed Feb 08 02:57:30 CST 3015]
  Issuer: CN=localhost, OU=ZooKeeper, O=Apache, L=Unknown, ST=Unknown, C=Unknown
  SerialNumber: [    7334b506]

Certificate Extensions: 1
[1]: ObjectId: 2.5.29.14 Criticality=false
SubjectKeyIdentifier [
KeyIdentifier [
0000: 65 D7 B4 E0 27 45 7A 00   58 2F AD D5 0B 64 2D 77  e...'Ez.X/...d-w
0010: 88 F7 AA F5                                        ....
]
]

]
  Algorithm: [SHA256withRSA]
  Signature:
0000: 1B C8 6B 36 83 1D 28 37   5C 1F 7D F6 C6 84 A0 BF  ..k6..(7\.......
0010: CA C0 47 CF C5 34 70 7A   CF 6B EA 34 84 BE 08 7A  ..G..4pz.k.4...z
0020: 98 E6 3D ED 1D E2 6F 06   DB 23 AB 41 AD D5 DF 1D  ..=...o..#.A....
0030: 92 F4 9D 05 FD 7C EE BE   4A 87 B8 F1 FE F4 5B 79  ........J.....[y
0040: DC AD F7 44 3D 67 08 7A   3B 91 D7 5A 79 44 96 D7  ...D=g.z;..ZyD..
0050: BE 0E 41 C8 64 E3 87 C3   28 11 AB DC 36 F5 B0 AC  ..A.d...(...6...
0060: BD 2F 16 1D 6E A1 52 25   5A EC 6F AD 20 71 5A 1B  ./..n.R%Z.o. qZ.
0070: 66 D4 0D A6 49 B7 75 43   C4 84 0B 4B AC BD 16 76  f...I.uC...K...v
0080: 58 2B 07 85 E2 F1 44 15   1E 67 D1 3C 13 73 5A 2D  X+....D..g.<.sZ-
0090: D6 06 0B A1 D3 09 7E EF   88 F9 C3 0E A4 10 47 EA  ..............G.
00A0: 65 5D CD F0 39 EA 2F 59   1C 08 BC F9 CC 5B C9 BB  e]..9./Y.....[..
00B0: 2F 20 19 81 97 B5 21 BB   60 A4 39 08 6C 41 2A 51  / ....!.`.9.lA*Q
00C0: B1 C3 1A A3 8C F8 ED 67   D0 EE EC 52 01 2A E4 1E  .......g...R.*..
00D0: D2 B4 34 73 DC 7E 34 24   A9 4E 77 AD FD B3 77 0D  ..4s..4$.Nw...w.
00E0: C2 7A C0 65 F6 CC 11 9D   19 AA 59 13 C3 9D AD 5F  .z.e......Y...._
00F0: 61 E6 C2 18 F0 E5 A1 49   41 B5 EF 9E 91 0C 35 9C  a......IA.....5.

]
***
update handshake state: certificate[11]
upcoming handshake states: server_key_exchange[12](optional)
upcoming handshake states: certificate_request[13](optional)
upcoming handshake states: server_hello_done[14]
upcoming handshake states: client certificate[11](optional)
upcoming handshake states: client_key_exchange[16]
upcoming handshake states: certificate_verify[15](optional)
upcoming handshake states: client change_cipher_spec[-1]
upcoming handshake states: client finished[20]
upcoming handshake states: server change_cipher_spec[-1]
upcoming handshake states: server finished[20]
*** ECDH ServerKeyExchange
Signature Algorithm SHA512withRSA
Server key: Sun EC public key, 256 bits
  public x coord: 79756664911166400625730129209879652728883740732647989584129913584609502170391
  public y coord: 88869183277894892536163779548039718924481304972306860631426800286290080181097
  parameters: secp256r1 [NIST P-256, X9.62 prime256v1] (1.2.840.10045.3.1.7)
update handshake state: server_key_exchange[12]
upcoming handshake states: certificate_request[13](optional)
upcoming handshake states: server_hello_done[14]
upcoming handshake states: client certificate[11](optional)
upcoming handshake states: client_key_exchange[16]
upcoming handshake states: certificate_verify[15](optional)
upcoming handshake states: client change_cipher_spec[-1]
upcoming handshake states: client finished[20]
upcoming handshake states: server change_cipher_spec[-1]
upcoming handshake states: server finished[20]
*** CertificateRequest
Cert Types: RSA, DSS, ECDSA
Supported Signature Algorithms: SHA512withECDSA, SHA512withRSA, SHA384withECDSA, SHA384withRSA, SHA256withECDSA, SHA256withRSA, SHA256withDSA, SHA1withECDSA, SHA1withRSA, SHA1withDSA
Cert Authorities:
<CN=localhost, OU=ZooKeeper, O=Apache, L=Unknown, ST=Unknown, C=Unknown>
update handshake state: unknown[13]
upcoming handshake states: server_hello_done[14]
upcoming handshake states: client certificate[11](optional)
upcoming handshake states: client_key_exchange[16]
upcoming handshake states: certificate_verify[15](optional)
upcoming handshake states: client change_cipher_spec[-1]
upcoming handshake states: client finished[20]
upcoming handshake states: server change_cipher_spec[-1]
upcoming handshake states: server finished[20]
*** ServerHelloDone
update handshake state: server_hello_done[14]
upcoming handshake states: client certificate[11](optional)
upcoming handshake states: client_key_exchange[16]
upcoming handshake states: certificate_verify[15](optional)
upcoming handshake states: client change_cipher_spec[-1]
upcoming handshake states: client finished[20]
upcoming handshake states: server change_cipher_spec[-1]
upcoming handshake states: server finished[20]
nioEventLoopGroup-4-8, WRITE: TLSv1.2 Handshake, length = 1478
nioEventLoopGroup-5-1, READ: TLSv1.2 Handshake, length = 1478
check handshake state: server_hello[2]
*** ServerHello, TLSv1.2
RandomCookie:  GMT: 1576028760 bytes = { 172, 29, 220, 191, 204, 106, 171, 247, 146, 176, 251, 63, 64, 33, 29, 79, 228, 202, 148, 49, 252, 248, 29, 151, 249, 35, 70, 54 }
Session ID:  {94, 240, 74, 88, 102, 74, 194, 72, 59, 251, 174, 242, 165, 86, 217, 16, 242, 140, 30, 18, 57, 18, 65, 51, 42, 23, 122, 86, 38, 33, 217, 79}
Cipher Suite: TLS_ECDHE_RSA_WITH_AES_256_CBC_SHA384
Compression Method: 0
Extension renegotiation_info, renegotiated_connection: <empty>
Extension extended_master_secret
***
%% Initialized:  [Session-30, TLS_ECDHE_RSA_WITH_AES_256_CBC_SHA384]
** TLS_ECDHE_RSA_WITH_AES_256_CBC_SHA384
update handshake state: server_hello[2]
upcoming handshake states: server certificate[11]
upcoming handshake states: server_key_exchange[12](optional)
upcoming handshake states: certificate_request[13](optional)
upcoming handshake states: server_hello_done[14]
upcoming handshake states: client certificate[11](optional)
upcoming handshake states: client_key_exchange[16]
upcoming handshake states: certificate_verify[15](optional)
upcoming handshake states: client change_cipher_spec[-1]
upcoming handshake states: client finished[20]
upcoming handshake states: server change_cipher_spec[-1]
upcoming handshake states: server finished[20]
check handshake state: certificate[11]
update handshake state: certificate[11]
upcoming handshake states: server_key_exchange[12](optional)
upcoming handshake states: certificate_request[13](optional)
upcoming handshake states: server_hello_done[14]
upcoming handshake states: client certificate[11](optional)
upcoming handshake states: client_key_exchange[16]
upcoming handshake states: certificate_verify[15](optional)
upcoming handshake states: client change_cipher_spec[-1]
upcoming handshake states: client finished[20]
upcoming handshake states: server change_cipher_spec[-1]
upcoming handshake states: server finished[20]
*** Certificate chain
chain [0] = [
[
  Version: V3
  Subject: CN=localhost, OU=ZooKeeper, O=Apache, L=Unknown, ST=Unknown, C=Unknown
  Signature Algorithm: SHA256withRSA, OID = 1.2.840.113549.1.1.11

  Key:  Sun RSA public key, 2048 bits
  params: null
  modulus: 20466894428749997265095448870198652391311568515891366224735448896044144250313384062095901217219702596717622583159291680947094046474456586662132842412743846124470020097713679685492900855417800931365512472314155689881392853768001073664569106127795833231344696659209258027979401908711647617989508135190248980524852215540637603770017238536229773075995665111861820945008718990948857303373661769409475939971958531493423489844433566328219155461676589360491136984327342101195255797973694339642711115427623510874675394946293706606142706174397483349590050687482693164890194014220011640037490528845185364811025836034294701994387
  public exponent: 65537
  Validity: [From: Sat Jan 31 02:57:30 CST 2015,
               To: Wed Feb 08 02:57:30 CST 3015]
  Issuer: CN=localhost, OU=ZooKeeper, O=Apache, L=Unknown, ST=Unknown, C=Unknown
  SerialNumber: [    7334b506]

Certificate Extensions: 1
[1]: ObjectId: 2.5.29.14 Criticality=false
SubjectKeyIdentifier [
KeyIdentifier [
0000: 65 D7 B4 E0 27 45 7A 00   58 2F AD D5 0B 64 2D 77  e...'Ez.X/...d-w
0010: 88 F7 AA F5                                        ....
]
]

]
  Algorithm: [SHA256withRSA]
  Signature:
0000: 1B C8 6B 36 83 1D 28 37   5C 1F 7D F6 C6 84 A0 BF  ..k6..(7\.......
0010: CA C0 47 CF C5 34 70 7A   CF 6B EA 34 84 BE 08 7A  ..G..4pz.k.4...z
0020: 98 E6 3D ED 1D E2 6F 06   DB 23 AB 41 AD D5 DF 1D  ..=...o..#.A....
0030: 92 F4 9D 05 FD 7C EE BE   4A 87 B8 F1 FE F4 5B 79  ........J.....[y
0040: DC AD F7 44 3D 67 08 7A   3B 91 D7 5A 79 44 96 D7  ...D=g.z;..ZyD..
0050: BE 0E 41 C8 64 E3 87 C3   28 11 AB DC 36 F5 B0 AC  ..A.d...(...6...
0060: BD 2F 16 1D 6E A1 52 25   5A EC 6F AD 20 71 5A 1B  ./..n.R%Z.o. qZ.
0070: 66 D4 0D A6 49 B7 75 43   C4 84 0B 4B AC BD 16 76  f...I.uC...K...v
0080: 58 2B 07 85 E2 F1 44 15   1E 67 D1 3C 13 73 5A 2D  X+....D..g.<.sZ-
0090: D6 06 0B A1 D3 09 7E EF   88 F9 C3 0E A4 10 47 EA  ..............G.
00A0: 65 5D CD F0 39 EA 2F 59   1C 08 BC F9 CC 5B C9 BB  e]..9./Y.....[..
00B0: 2F 20 19 81 97 B5 21 BB   60 A4 39 08 6C 41 2A 51  / ....!.`.9.lA*Q
00C0: B1 C3 1A A3 8C F8 ED 67   D0 EE EC 52 01 2A E4 1E  .......g...R.*..
00D0: D2 B4 34 73 DC 7E 34 24   A9 4E 77 AD FD B3 77 0D  ..4s..4$.Nw...w.
00E0: C2 7A C0 65 F6 CC 11 9D   19 AA 59 13 C3 9D AD 5F  .z.e......Y...._
00F0: 61 E6 C2 18 F0 E5 A1 49   41 B5 EF 9E 91 0C 35 9C  a......IA.....5.

]
***
Found trusted certificate:
[
[
  Version: V3
  Subject: CN=localhost, OU=ZooKeeper, O=Apache, L=Unknown, ST=Unknown, C=Unknown
  Signature Algorithm: SHA256withRSA, OID = 1.2.840.113549.1.1.11

  Key:  Sun RSA public key, 2048 bits
  params: null
  modulus: 20466894428749997265095448870198652391311568515891366224735448896044144250313384062095901217219702596717622583159291680947094046474456586662132842412743846124470020097713679685492900855417800931365512472314155689881392853768001073664569106127795833231344696659209258027979401908711647617989508135190248980524852215540637603770017238536229773075995665111861820945008718990948857303373661769409475939971958531493423489844433566328219155461676589360491136984327342101195255797973694339642711115427623510874675394946293706606142706174397483349590050687482693164890194014220011640037490528845185364811025836034294701994387
  public exponent: 65537
  Validity: [From: Sat Jan 31 02:57:30 CST 2015,
               To: Wed Feb 08 02:57:30 CST 3015]
  Issuer: CN=localhost, OU=ZooKeeper, O=Apache, L=Unknown, ST=Unknown, C=Unknown
  SerialNumber: [    7334b506]

Certificate Extensions: 1
[1]: ObjectId: 2.5.29.14 Criticality=false
SubjectKeyIdentifier [
KeyIdentifier [
0000: 65 D7 B4 E0 27 45 7A 00   58 2F AD D5 0B 64 2D 77  e...'Ez.X/...d-w
0010: 88 F7 AA F5                                        ....
]
]

]
  Algorithm: [SHA256withRSA]
  Signature:
0000: 1B C8 6B 36 83 1D 28 37   5C 1F 7D F6 C6 84 A0 BF  ..k6..(7\.......
0010: CA C0 47 CF C5 34 70 7A   CF 6B EA 34 84 BE 08 7A  ..G..4pz.k.4...z
0020: 98 E6 3D ED 1D E2 6F 06   DB 23 AB 41 AD D5 DF 1D  ..=...o..#.A....
0030: 92 F4 9D 05 FD 7C EE BE   4A 87 B8 F1 FE F4 5B 79  ........J.....[y
0040: DC AD F7 44 3D 67 08 7A   3B 91 D7 5A 79 44 96 D7  ...D=g.z;..ZyD..
0050: BE 0E 41 C8 64 E3 87 C3   28 11 AB DC 36 F5 B0 AC  ..A.d...(...6...
0060: BD 2F 16 1D 6E A1 52 25   5A EC 6F AD 20 71 5A 1B  ./..n.R%Z.o. qZ.
0070: 66 D4 0D A6 49 B7 75 43   C4 84 0B 4B AC BD 16 76  f...I.uC...K...v
0080: 58 2B 07 85 E2 F1 44 15   1E 67 D1 3C 13 73 5A 2D  X+....D..g.<.sZ-
0090: D6 06 0B A1 D3 09 7E EF   88 F9 C3 0E A4 10 47 EA  ..............G.
00A0: 65 5D CD F0 39 EA 2F 59   1C 08 BC F9 CC 5B C9 BB  e]..9./Y.....[..
00B0: 2F 20 19 81 97 B5 21 BB   60 A4 39 08 6C 41 2A 51  / ....!.`.9.lA*Q
00C0: B1 C3 1A A3 8C F8 ED 67   D0 EE EC 52 01 2A E4 1E  .......g...R.*..
00D0: D2 B4 34 73 DC 7E 34 24   A9 4E 77 AD FD B3 77 0D  ..4s..4$.Nw...w.
00E0: C2 7A C0 65 F6 CC 11 9D   19 AA 59 13 C3 9D AD 5F  .z.e......Y...._
00F0: 61 E6 C2 18 F0 E5 A1 49   41 B5 EF 9E 91 0C 35 9C  a......IA.....5.

]
2020-06-22 14:06:16,978 [myid:127.0.0.1:30073] - ERROR [nioEventLoopGroup-5-1:ZKTrustManager@161] - Failed to verify host address: 127.0.0.1
javax.net.ssl.SSLPeerUnverifiedException: Certificate for <127.0.0.1> doesn't match common name of the certificate subject: localhost
	at org.apache.zookeeper.common.ZKHostnameVerifier.matchCN(ZKHostnameVerifier.java:238)
	at org.apache.zookeeper.common.ZKHostnameVerifier.verify(ZKHostnameVerifier.java:184)
	at org.apache.zookeeper.common.ZKTrustManager.performHostVerification(ZKTrustManager.java:151)
	at org.apache.zookeeper.common.ZKTrustManager.checkServerTrusted(ZKTrustManager.java:118)
	at sun.security.ssl.ClientHandshaker.serverCertificate(ClientHandshaker.java:1675)
	at sun.security.ssl.ClientHandshaker.processMessage(ClientHandshaker.java:226)
	at sun.security.ssl.Handshaker.processLoop(Handshaker.java:1082)
	at sun.security.ssl.Handshaker$1.run(Handshaker.java:1015)
	at sun.security.ssl.Handshaker$1.run(Handshaker.java:1012)
	at java.security.AccessController.doPrivileged(Native Method)
	at sun.security.ssl.Handshaker$DelegatedTask.run(Handshaker.java:1504)
	at io.netty.handler.ssl.SslHandler.runAllDelegatedTasks(SslHandler.java:1510)
	at io.netty.handler.ssl.SslHandler.runDelegatedTasks(SslHandler.java:1524)
	at io.netty.handler.ssl.SslHandler.unwrap(SslHandler.java:1408)
	at io.netty.handler.ssl.SslHandler.decodeJdkCompatible(SslHandler.java:1235)
	at io.netty.handler.ssl.SslHandler.decode(SslHandler.java:1282)
	at io.netty.handler.codec.ByteToMessageDecoder.decodeRemovalReentryProtection(ByteToMessageDecoder.java:498)
	at io.netty.handler.codec.ByteToMessageDecoder.callDecode(ByteToMessageDecoder.java:437)
	at io.netty.handler.codec.ByteToMessageDecoder.channelRead(ByteToMessageDecoder.java:276)
	at io.netty.channel.AbstractChannelHandlerContext.invokeChannelRead(AbstractChannelHandlerContext.java:379)
	at io.netty.channel.AbstractChannelHandlerContext.invokeChannelRead(AbstractChannelHandlerContext.java:365)
	at io.netty.channel.AbstractChannelHandlerContext.fireChannelRead(AbstractChannelHandlerContext.java:357)
	at io.netty.channel.DefaultChannelPipeline$HeadContext.channelRead(DefaultChannelPipeline.java:1410)
	at io.netty.channel.AbstractChannelHandlerContext.invokeChannelRead(AbstractChannelHandlerContext.java:379)
	at io.netty.channel.AbstractChannelHandlerContext.invokeChannelRead(AbstractChannelHandlerContext.java:365)
	at io.netty.channel.DefaultChannelPipeline.fireChannelRead(DefaultChannelPipeline.java:919)
	at io.netty.channel.nio.AbstractNioByteChannel$NioByteUnsafe.read(AbstractNioByteChannel.java:163)
	at io.netty.channel.nio.NioEventLoop.processSelectedKey(NioEventLoop.java:714)
	at io.netty.channel.nio.NioEventLoop.processSelectedKeysOptimized(NioEventLoop.java:650)
	at io.netty.channel.nio.NioEventLoop.processSelectedKeys(NioEventLoop.java:576)
	at io.netty.channel.nio.NioEventLoop.run(NioEventLoop.java:493)
	at io.netty.util.concurrent.SingleThreadEventExecutor$4.run(SingleThreadEventExecutor.java:989)
	at io.netty.util.internal.ThreadExecutorMap$2.run(ThreadExecutorMap.java:74)
	at io.netty.util.concurrent.FastThreadLocalRunnable.run(FastThreadLocalRunnable.java:30)
	at java.lang.Thread.run(Thread.java:748)
2020-06-22 14:06:16,979 [myid:127.0.0.1:30073] - ERROR [nioEventLoopGroup-5-1:ZKTrustManager@162] - Failed to verify hostname: activate.navicat.com
javax.net.ssl.SSLPeerUnverifiedException: Certificate for <activate.navicat.com> doesn't match common name of the certificate subject: localhost
	at org.apache.zookeeper.common.ZKHostnameVerifier.matchCN(ZKHostnameVerifier.java:238)
	at org.apache.zookeeper.common.ZKHostnameVerifier.verify(ZKHostnameVerifier.java:184)
	at org.apache.zookeeper.common.ZKTrustManager.performHostVerification(ZKTrustManager.java:159)
	at org.apache.zookeeper.common.ZKTrustManager.checkServerTrusted(ZKTrustManager.java:118)
	at sun.security.ssl.ClientHandshaker.serverCertificate(ClientHandshaker.java:1675)
	at sun.security.ssl.ClientHandshaker.processMessage(ClientHandshaker.java:226)
	at sun.security.ssl.Handshaker.processLoop(Handshaker.java:1082)
	at sun.security.ssl.Handshaker$1.run(Handshaker.java:1015)
	at sun.security.ssl.Handshaker$1.run(Handshaker.java:1012)
	at java.security.AccessController.doPrivileged(Native Method)
	at sun.security.ssl.Handshaker$DelegatedTask.run(Handshaker.java:1504)
	at io.netty.handler.ssl.SslHandler.runAllDelegatedTasks(SslHandler.java:1510)
	at io.netty.handler.ssl.SslHandler.runDelegatedTasks(SslHandler.java:1524)
	at io.netty.handler.ssl.SslHandler.unwrap(SslHandler.java:1408)
	at io.netty.handler.ssl.SslHandler.decodeJdkCompatible(SslHandler.java:1235)
	at io.netty.handler.ssl.SslHandler.decode(SslHandler.java:1282)
	at io.netty.handler.codec.ByteToMessageDecoder.decodeRemovalReentryProtection(ByteToMessageDecoder.java:498)
	at io.netty.handler.codec.ByteToMessageDecoder.callDecode(ByteToMessageDecoder.java:437)
	at io.netty.handler.codec.ByteToMessageDecoder.channelRead(ByteToMessageDecoder.java:276)
	at io.netty.channel.AbstractChannelHandlerContext.invokeChannelRead(AbstractChannelHandlerContext.java:379)
	at io.netty.channel.AbstractChannelHandlerContext.invokeChannelRead(AbstractChannelHandlerContext.java:365)
	at io.netty.channel.AbstractChannelHandlerContext.fireChannelRead(AbstractChannelHandlerContext.java:357)
	at io.netty.channel.DefaultChannelPipeline$HeadContext.channelRead(DefaultChannelPipeline.java:1410)
	at io.netty.channel.AbstractChannelHandlerContext.invokeChannelRead(AbstractChannelHandlerContext.java:379)
	at io.netty.channel.AbstractChannelHandlerContext.invokeChannelRead(AbstractChannelHandlerContext.java:365)
	at io.netty.channel.DefaultChannelPipeline.fireChannelRead(DefaultChannelPipeline.java:919)
	at io.netty.channel.nio.AbstractNioByteChannel$NioByteUnsafe.read(AbstractNioByteChannel.java:163)
	at io.netty.channel.nio.NioEventLoop.processSelectedKey(NioEventLoop.java:714)
	at io.netty.channel.nio.NioEventLoop.processSelectedKeysOptimized(NioEventLoop.java:650)
	at io.netty.channel.nio.NioEventLoop.processSelectedKeys(NioEventLoop.java:576)
	at io.netty.channel.nio.NioEventLoop.run(NioEventLoop.java:493)
	at io.netty.util.concurrent.SingleThreadEventExecutor$4.run(SingleThreadEventExecutor.java:989)
	at io.netty.util.internal.ThreadExecutorMap$2.run(ThreadExecutorMap.java:74)
	at io.netty.util.concurrent.FastThreadLocalRunnable.run(FastThreadLocalRunnable.java:30)
	at java.lang.Thread.run(Thread.java:748)
nioEventLoopGroup-5-1, fatal error: 46: General SSLEngine problem
java.security.cert.CertificateException: Failed to verify both host address and host name
%% Invalidated:  [Session-27, SSL_NULL_WITH_NULL_NULL]
%% Invalidated:  [Session-30, TLS_ECDHE_RSA_WITH_AES_256_CBC_SHA384]
nioEventLoopGroup-5-1, SEND TLSv1.2 ALERT:  fatal, description = certificate_unknown
nioEventLoopGroup-5-1, WRITE: TLSv1.2 Alert, length = 2
nioEventLoopGroup-5-1, fatal: engine already closed.  Rethrowing javax.net.ssl.SSLHandshakeException: General SSLEngine problem
nioEventLoopGroup-5-1, called closeOutbound()
nioEventLoopGroup-5-1, closeOutboundInternal()
nioEventLoopGroup-5-1, called closeInbound()
nioEventLoopGroup-5-1, fatal: engine already closed.  Rethrowing javax.net.ssl.SSLException: Inbound closed before receiving peer's close_notify: possible truncation attack?
nioEventLoopGroup-4-8, READ: TLSv1.2 Alert, length = 2
nioEventLoopGroup-4-8, RECV TLSv1.2 ALERT:  fatal, certificate_unknown
nioEventLoopGroup-4-8, fatal: engine already closed.  Rethrowing javax.net.ssl.SSLException: Received fatal alert: certificate_unknown
nioEventLoopGroup-4-8, fatal: engine already closed.  Rethrowing javax.net.ssl.SSLException: Received fatal alert: certificate_unknown
2020-06-22 14:06:16,980 [myid:] - ERROR [nioEventLoopGroup-4-8:NettyServerCnxnFactory$CertificateVerifier@434] - Unsuccessful handshake with session 0x0
nioEventLoopGroup-4-8, called closeOutbound()
nioEventLoopGroup-4-8, closeOutboundInternal()
nioEventLoopGroup-4-8, SEND TLSv1.2 ALERT:  warning, description = close_notify
nioEventLoopGroup-4-8, WRITE: TLSv1.2 Alert, length = 2
nioEventLoopGroup-4-8, called closeInbound()
nioEventLoopGroup-4-8, fatal: engine already closed.  Rethrowing javax.net.ssl.SSLException: Inbound closed before receiving peer's close_notify: possible truncation attack?
2020-06-22 14:06:16,980 [myid:127.0.0.1:30073] - ERROR [nioEventLoopGroup-5-1:ClientCnxnSocketNetty$ZKClientHandler@522] - Unexpected throwable
io.netty.handler.codec.DecoderException: javax.net.ssl.SSLHandshakeException: General SSLEngine problem
	at io.netty.handler.codec.ByteToMessageDecoder.callDecode(ByteToMessageDecoder.java:468)
	at io.netty.handler.codec.ByteToMessageDecoder.channelRead(ByteToMessageDecoder.java:276)
	at io.netty.channel.AbstractChannelHandlerContext.invokeChannelRead(AbstractChannelHandlerContext.java:379)
	at io.netty.channel.AbstractChannelHandlerContext.invokeChannelRead(AbstractChannelHandlerContext.java:365)
	at io.netty.channel.AbstractChannelHandlerContext.fireChannelRead(AbstractChannelHandlerContext.java:357)
	at io.netty.channel.DefaultChannelPipeline$HeadContext.channelRead(DefaultChannelPipeline.java:1410)
	at io.netty.channel.AbstractChannelHandlerContext.invokeChannelRead(AbstractChannelHandlerContext.java:379)
	at io.netty.channel.AbstractChannelHandlerContext.invokeChannelRead(AbstractChannelHandlerContext.java:365)
	at io.netty.channel.DefaultChannelPipeline.fireChannelRead(DefaultChannelPipeline.java:919)
	at io.netty.channel.nio.AbstractNioByteChannel$NioByteUnsafe.read(AbstractNioByteChannel.java:163)
	at io.netty.channel.nio.NioEventLoop.processSelectedKey(NioEventLoop.java:714)
	at io.netty.channel.nio.NioEventLoop.processSelectedKeysOptimized(NioEventLoop.java:650)
	at io.netty.channel.nio.NioEventLoop.processSelectedKeys(NioEventLoop.java:576)
	at io.netty.channel.nio.NioEventLoop.run(NioEventLoop.java:493)
	at io.netty.util.concurrent.SingleThreadEventExecutor$4.run(SingleThreadEventExecutor.java:989)
	at io.netty.util.internal.ThreadExecutorMap$2.run(ThreadExecutorMap.java:74)
	at io.netty.util.concurrent.FastThreadLocalRunnable.run(FastThreadLocalRunnable.java:30)
	at java.lang.Thread.run(Thread.java:748)
Caused by: javax.net.ssl.SSLHandshakeException: General SSLEngine problem
	at sun.security.ssl.Handshaker.checkThrown(Handshaker.java:1566)
	at sun.security.ssl.SSLEngineImpl.checkTaskThrown(SSLEngineImpl.java:545)
	at sun.security.ssl.SSLEngineImpl.readNetRecord(SSLEngineImpl.java:819)
	at sun.security.ssl.SSLEngineImpl.unwrap(SSLEngineImpl.java:783)
	at javax.net.ssl.SSLEngine.unwrap(SSLEngine.java:626)
	at io.netty.handler.ssl.SslHandler$SslEngineType$3.unwrap(SslHandler.java:281)
	at io.netty.handler.ssl.SslHandler.unwrap(SslHandler.java:1340)
	at io.netty.handler.ssl.SslHandler.decodeJdkCompatible(SslHandler.java:1235)
	at io.netty.handler.ssl.SslHandler.decode(SslHandler.java:1282)
	at io.netty.handler.codec.ByteToMessageDecoder.decodeRemovalReentryProtection(ByteToMessageDecoder.java:498)
	at io.netty.handler.codec.ByteToMessageDecoder.callDecode(ByteToMessageDecoder.java:437)
	... 17 more
Caused by: javax.net.ssl.SSLHandshakeException: General SSLEngine problem
	at sun.security.ssl.Alerts.getSSLException(Alerts.java:198)
	at sun.security.ssl.SSLEngineImpl.fatal(SSLEngineImpl.java:1729)
	at sun.security.ssl.Handshaker.fatalSE(Handshaker.java:333)
	at sun.security.ssl.Handshaker.fatalSE(Handshaker.java:325)
	at sun.security.ssl.ClientHandshaker.serverCertificate(ClientHandshaker.java:1688)
	at sun.security.ssl.ClientHandshaker.processMessage(ClientHandshaker.java:226)
	at sun.security.ssl.Handshaker.processLoop(Handshaker.java:1082)
	at sun.security.ssl.Handshaker$1.run(Handshaker.java:1015)
	at sun.security.ssl.Handshaker$1.run(Handshaker.java:1012)
	at java.security.AccessController.doPrivileged(Native Method)
	at sun.security.ssl.Handshaker$DelegatedTask.run(Handshaker.java:1504)
	at io.netty.handler.ssl.SslHandler.runAllDelegatedTasks(SslHandler.java:1510)
	at io.netty.handler.ssl.SslHandler.runDelegatedTasks(SslHandler.java:1524)
	at io.netty.handler.ssl.SslHandler.unwrap(SslHandler.java:1408)
	... 21 more
Caused by: java.security.cert.CertificateException: Failed to verify both host address and host name
	at org.apache.zookeeper.common.ZKTrustManager.performHostVerification(ZKTrustManager.java:163)
	at org.apache.zookeeper.common.ZKTrustManager.checkServerTrusted(ZKTrustManager.java:118)
	at sun.security.ssl.ClientHandshaker.serverCertificate(ClientHandshaker.java:1675)
	... 30 more
Caused by: javax.net.ssl.SSLPeerUnverifiedException: Certificate for <activate.navicat.com> doesn't match common name of the certificate subject: localhost
	at org.apache.zookeeper.common.ZKHostnameVerifier.matchCN(ZKHostnameVerifier.java:238)
	at org.apache.zookeeper.common.ZKHostnameVerifier.verify(ZKHostnameVerifier.java:184)
	at org.apache.zookeeper.common.ZKTrustManager.performHostVerification(ZKTrustManager.java:159)
	... 32 more
2020-06-22 14:06:16,981 [myid:127.0.0.1:30073] - INFO  [nioEventLoopGroup-5-1:ClientCnxnSocketNetty@249] - channel is told closing
nioEventLoopGroup-5-1, called closeOutbound()
nioEventLoopGroup-5-1, closeOutboundInternal()
2020-06-22 14:06:16,981 [myid:127.0.0.1:30073] - WARN  [main-SendThread(127.0.0.1:30073):ClientCnxn$SendThread@1272] - Session 0x0 for sever activate.navicat.com/127.0.0.1:30073, Closing socket connection. Attempting reconnect except it is a SessionExpiredException.
EndOfStreamException: channel for sessionid 0x0 is lost
	at org.apache.zookeeper.ClientCnxnSocketNetty.doTransport(ClientCnxnSocketNetty.java:285)
	at org.apache.zookeeper.ClientCnxn$SendThread.run(ClientCnxn.java:1262)
2020-06-22 14:06:16,981 [myid:] - WARN  [nioEventLoopGroup-4-8:NettyServerCnxnFactory$CnxnChannelHandler@273] - Exception caught
io.netty.handler.codec.DecoderException: javax.net.ssl.SSLException: Received fatal alert: certificate_unknown
	at io.netty.handler.codec.ByteToMessageDecoder.callDecode(ByteToMessageDecoder.java:468)
	at io.netty.handler.codec.ByteToMessageDecoder.channelRead(ByteToMessageDecoder.java:276)
	at io.netty.channel.AbstractChannelHandlerContext.invokeChannelRead(AbstractChannelHandlerContext.java:379)
	at io.netty.channel.AbstractChannelHandlerContext.invokeChannelRead(AbstractChannelHandlerContext.java:365)
	at io.netty.channel.AbstractChannelHandlerContext.fireChannelRead(AbstractChannelHandlerContext.java:357)
	at io.netty.channel.DefaultChannelPipeline$HeadContext.channelRead(DefaultChannelPipeline.java:1410)
	at io.netty.channel.AbstractChannelHandlerContext.invokeChannelRead(AbstractChannelHandlerContext.java:379)
	at io.netty.channel.AbstractChannelHandlerContext.invokeChannelRead(AbstractChannelHandlerContext.java:365)
	at io.netty.channel.DefaultChannelPipeline.fireChannelRead(DefaultChannelPipeline.java:919)
	at io.netty.channel.nio.AbstractNioByteChannel$NioByteUnsafe.read(AbstractNioByteChannel.java:163)
	at io.netty.channel.nio.NioEventLoop.processSelectedKey(NioEventLoop.java:714)
	at io.netty.channel.nio.NioEventLoop.processSelectedKeysOptimized(NioEventLoop.java:650)
	at io.netty.channel.nio.NioEventLoop.processSelectedKeys(NioEventLoop.java:576)
	at io.netty.channel.nio.NioEventLoop.run(NioEventLoop.java:493)
	at io.netty.util.concurrent.SingleThreadEventExecutor$4.run(SingleThreadEventExecutor.java:989)
	at io.netty.util.internal.ThreadExecutorMap$2.run(ThreadExecutorMap.java:74)
	at io.netty.util.concurrent.FastThreadLocalRunnable.run(FastThreadLocalRunnable.java:30)
	at java.lang.Thread.run(Thread.java:748)
Caused by: javax.net.ssl.SSLException: Received fatal alert: certificate_unknown
	at sun.security.ssl.Alerts.getSSLException(Alerts.java:214)
	at sun.security.ssl.SSLEngineImpl.fatal(SSLEngineImpl.java:1667)
	at sun.security.ssl.SSLEngineImpl.fatal(SSLEngineImpl.java:1635)
	at sun.security.ssl.SSLEngineImpl.recvAlert(SSLEngineImpl.java:1801)
	at sun.security.ssl.SSLEngineImpl.readRecord(SSLEngineImpl.java:1090)
	at sun.security.ssl.SSLEngineImpl.readNetRecord(SSLEngineImpl.java:913)
	at sun.security.ssl.SSLEngineImpl.unwrap(SSLEngineImpl.java:783)
	at javax.net.ssl.SSLEngine.unwrap(SSLEngine.java:626)
	at io.netty.handler.ssl.SslHandler$SslEngineType$3.unwrap(SslHandler.java:281)
	at io.netty.handler.ssl.SslHandler.unwrap(SslHandler.java:1340)
	at io.netty.handler.ssl.SslHandler.decodeJdkCompatible(SslHandler.java:1235)
	at io.netty.handler.ssl.SslHandler.decode(SslHandler.java:1282)
	at io.netty.handler.codec.ByteToMessageDecoder.decodeRemovalReentryProtection(ByteToMessageDecoder.java:498)
	at io.netty.handler.codec.ByteToMessageDecoder.callDecode(ByteToMessageDecoder.java:437)
	... 17 more
nioEventLoopGroup-4-8, called closeOutbound()
nioEventLoopGroup-4-8, closeOutboundInternal()
2020-06-22 14:06:16,982 [myid:127.0.0.1:30073] - INFO  [nioEventLoopGroup-5-1:ClientCnxnSocketNetty$ZKClientHandler@469] - channel is disconnected: [id: 0xe7e8152c, L:/127.0.0.1:54700 ! R:activate.navicat.com/127.0.0.1:30073]
nioEventLoopGroup-4-8, READ: TLSv1.2 Alert, length = 2
nioEventLoopGroup-4-8, RECV TLSv1.2 ALERT:  fatal, certificate_unknown
nioEventLoopGroup-4-8, fatal: engine already closed.  Rethrowing javax.net.ssl.SSLException: Received fatal alert: certificate_unknown
nioEventLoopGroup-4-8, fatal: engine already closed.  Rethrowing javax.net.ssl.SSLException: Received fatal alert: certificate_unknown
nioEventLoopGroup-4-8, called closeOutbound()
nioEventLoopGroup-4-8, closeOutboundInternal()
nioEventLoopGroup-4-8, called closeInbound()
nioEventLoopGroup-4-8, closeInboundInternal()
nioEventLoopGroup-4-8, closeOutboundInternal()
2020-06-22 14:06:16,983 [myid:] - WARN  [nioEventLoopGroup-4-8:NettyServerCnxnFactory$CnxnChannelHandler@273] - Exception caught
io.netty.handler.codec.DecoderException: javax.net.ssl.SSLException: Received fatal alert: certificate_unknown
	at io.netty.handler.codec.ByteToMessageDecoder.callDecode(ByteToMessageDecoder.java:468)
	at io.netty.handler.codec.ByteToMessageDecoder.channelInputClosed(ByteToMessageDecoder.java:401)
	at io.netty.handler.codec.ByteToMessageDecoder.channelInputClosed(ByteToMessageDecoder.java:368)
	at io.netty.handler.codec.ByteToMessageDecoder.channelInactive(ByteToMessageDecoder.java:351)
	at io.netty.handler.ssl.SslHandler.channelInactive(SslHandler.java:1084)
	at io.netty.channel.AbstractChannelHandlerContext.invokeChannelInactive(AbstractChannelHandlerContext.java:262)
	at io.netty.channel.AbstractChannelHandlerContext.invokeChannelInactive(AbstractChannelHandlerContext.java:248)
	at io.netty.channel.AbstractChannelHandlerContext.fireChannelInactive(AbstractChannelHandlerContext.java:241)
	at io.netty.channel.DefaultChannelPipeline$HeadContext.channelInactive(DefaultChannelPipeline.java:1405)
	at io.netty.channel.AbstractChannelHandlerContext.invokeChannelInactive(AbstractChannelHandlerContext.java:262)
	at io.netty.channel.AbstractChannelHandlerContext.invokeChannelInactive(AbstractChannelHandlerContext.java:248)
	at io.netty.channel.DefaultChannelPipeline.fireChannelInactive(DefaultChannelPipeline.java:901)
	at io.netty.channel.AbstractChannel$AbstractUnsafe$8.run(AbstractChannel.java:818)
	at io.netty.util.concurrent.AbstractEventExecutor.safeExecute(AbstractEventExecutor.java:164)
	at io.netty.util.concurrent.SingleThreadEventExecutor.runAllTasks(SingleThreadEventExecutor.java:472)
	at io.netty.channel.nio.NioEventLoop.run(NioEventLoop.java:497)
	at io.netty.util.concurrent.SingleThreadEventExecutor$4.run(SingleThreadEventExecutor.java:989)
	at io.netty.util.internal.ThreadExecutorMap$2.run(ThreadExecutorMap.java:74)
	at io.netty.util.concurrent.FastThreadLocalRunnable.run(FastThreadLocalRunnable.java:30)
	at java.lang.Thread.run(Thread.java:748)
Caused by: javax.net.ssl.SSLException: Received fatal alert: certificate_unknown
	at sun.security.ssl.Alerts.getSSLException(Alerts.java:214)
	at sun.security.ssl.SSLEngineImpl.fatal(SSLEngineImpl.java:1667)
	at sun.security.ssl.SSLEngineImpl.fatal(SSLEngineImpl.java:1635)
	at sun.security.ssl.SSLEngineImpl.recvAlert(SSLEngineImpl.java:1801)
	at sun.security.ssl.SSLEngineImpl.readRecord(SSLEngineImpl.java:1090)
	at sun.security.ssl.SSLEngineImpl.readNetRecord(SSLEngineImpl.java:913)
	at sun.security.ssl.SSLEngineImpl.unwrap(SSLEngineImpl.java:783)
	at javax.net.ssl.SSLEngine.unwrap(SSLEngine.java:626)
	at io.netty.handler.ssl.SslHandler$SslEngineType$3.unwrap(SslHandler.java:281)
	at io.netty.handler.ssl.SslHandler.unwrap(SslHandler.java:1340)
	at io.netty.handler.ssl.SslHandler.decodeJdkCompatible(SslHandler.java:1235)
	at io.netty.handler.ssl.SslHandler.decode(SslHandler.java:1282)
	at io.netty.handler.codec.ByteToMessageDecoder.decodeRemovalReentryProtection(ByteToMessageDecoder.java:498)
	at io.netty.handler.codec.ByteToMessageDecoder.callDecode(ByteToMessageDecoder.java:437)
	... 19 more
2020-06-22 14:06:18,661 [myid:127.0.0.1:30073] - INFO  [main-SendThread(127.0.0.1:30073):ClientCnxn$SendThread@1154] - Opening socket connection to server activate.navicat.com/127.0.0.1:30073.
2020-06-22 14:06:18,661 [myid:127.0.0.1:30073] - INFO  [main-SendThread(127.0.0.1:30073):ClientCnxn$SendThread@1156] - SASL config status: Will not attempt to authenticate using SASL (unknown error)
adding as trusted cert:
  Subject: CN=localhost, OU=ZooKeeper, O=Apache, L=Unknown, ST=Unknown, C=Unknown
  Issuer:  CN=localhost, OU=ZooKeeper, O=Apache, L=Unknown, ST=Unknown, C=Unknown
  Algorithm: RSA; Serial number: 0x7334b506
  Valid from Sat Jan 31 02:57:30 CST 2015 until Wed Feb 08 02:57:30 CST 3015

trigger seeding of SecureRandom
done seeding SecureRandom
Using SSLEngineImpl.
%% Initialized:  [Session-31, SSL_NULL_WITH_NULL_NULL]
2020-06-22 14:06:18,664 [myid:127.0.0.1:30073] - INFO  [nioEventLoopGroup-5-1:ClientCnxnSocketNetty$ZKClientPipelineFactory@454] - SSL handler added for channel: [id: 0xe2b8f7d8]
2020-06-22 14:06:18,665 [myid:127.0.0.1:30073] - INFO  [nioEventLoopGroup-5-1:ClientCnxn$SendThread@986] - Socket connection established, initiating session, client: /127.0.0.1:54727, server: activate.navicat.com/127.0.0.1:30073
2020-06-22 14:06:18,665 [myid:127.0.0.1:30073] - INFO  [nioEventLoopGroup-5-1:ClientCnxnSocketNetty$1@184] - channel is connected: [id: 0xe2b8f7d8, L:/127.0.0.1:54727 - R:activate.navicat.com/127.0.0.1:30073]
Allow unsafe renegotiation: false
Allow legacy hello messages: true
Is initial handshake: true
Is secure renegotiation: false
Ignoring unsupported cipher suite: TLS_ECDHE_ECDSA_WITH_AES_256_CBC_SHA384 for TLSv1
Ignoring unsupported cipher suite: TLS_ECDHE_RSA_WITH_AES_256_CBC_SHA384 for TLSv1
Ignoring unsupported cipher suite: TLS_RSA_WITH_AES_256_CBC_SHA256 for TLSv1
Ignoring unsupported cipher suite: TLS_ECDH_ECDSA_WITH_AES_256_CBC_SHA384 for TLSv1
Ignoring unsupported cipher suite: TLS_ECDH_RSA_WITH_AES_256_CBC_SHA384 for TLSv1
Ignoring unsupported cipher suite: TLS_DHE_RSA_WITH_AES_256_CBC_SHA256 for TLSv1
Ignoring unsupported cipher suite: TLS_DHE_DSS_WITH_AES_256_CBC_SHA256 for TLSv1
trigger seeding of SecureRandom
Ignoring unsupported cipher suite: TLS_ECDHE_ECDSA_WITH_AES_256_CBC_SHA384 for TLSv1.1
Ignoring unsupported cipher suite: TLS_ECDHE_RSA_WITH_AES_256_CBC_SHA384 for TLSv1.1
Ignoring unsupported cipher suite: TLS_RSA_WITH_AES_256_CBC_SHA256 for TLSv1.1
Ignoring unsupported cipher suite: TLS_ECDH_ECDSA_WITH_AES_256_CBC_SHA384 for TLSv1.1
done seeding SecureRandom
Ignoring unsupported cipher suite: TLS_ECDH_RSA_WITH_AES_256_CBC_SHA384 for TLSv1.1
Ignoring unsupported cipher suite: TLS_DHE_RSA_WITH_AES_256_CBC_SHA256 for TLSv1.1
Ignoring unsupported cipher suite: TLS_DHE_DSS_WITH_AES_256_CBC_SHA256 for TLSv1.1
Using SSLEngineImpl.
%% Initialized:  [Session-32, SSL_NULL_WITH_NULL_NULL]
%% No cached client session
update handshake state: client_hello[1]
upcoming handshake states: server_hello[2]
*** ClientHello, TLSv1.2
RandomCookie:  GMT: 1576028762 bytes = { 69, 6, 52, 3, 235, 156, 122, 203, 123, 82, 239, 172, 227, 87, 173, 165, 35, 134, 123, 53, 5, 253, 185, 7, 152, 184, 223, 137 }
Session ID:  {}
Cipher Suites: [TLS_ECDHE_ECDSA_WITH_AES_256_CBC_SHA384, TLS_ECDHE_RSA_WITH_AES_256_CBC_SHA384, TLS_RSA_WITH_AES_256_CBC_SHA256, TLS_ECDH_ECDSA_WITH_AES_256_CBC_SHA384, TLS_ECDH_RSA_WITH_AES_256_CBC_SHA384, TLS_DHE_RSA_WITH_AES_256_CBC_SHA256, TLS_DHE_DSS_WITH_AES_256_CBC_SHA256, TLS_ECDHE_ECDSA_WITH_AES_256_CBC_SHA, TLS_ECDHE_RSA_WITH_AES_256_CBC_SHA, TLS_RSA_WITH_AES_256_CBC_SHA, TLS_ECDH_ECDSA_WITH_AES_256_CBC_SHA, TLS_ECDH_RSA_WITH_AES_256_CBC_SHA, TLS_DHE_RSA_WITH_AES_256_CBC_SHA, TLS_DHE_DSS_WITH_AES_256_CBC_SHA, TLS_ECDHE_ECDSA_WITH_AES_128_CBC_SHA256, TLS_ECDHE_RSA_WITH_AES_128_CBC_SHA256, TLS_RSA_WITH_AES_128_CBC_SHA256, TLS_ECDH_ECDSA_WITH_AES_128_CBC_SHA256, TLS_ECDH_RSA_WITH_AES_128_CBC_SHA256, TLS_DHE_RSA_WITH_AES_128_CBC_SHA256, TLS_DHE_DSS_WITH_AES_128_CBC_SHA256, TLS_ECDHE_ECDSA_WITH_AES_128_CBC_SHA, TLS_ECDHE_RSA_WITH_AES_128_CBC_SHA, TLS_RSA_WITH_AES_128_CBC_SHA, TLS_ECDH_ECDSA_WITH_AES_128_CBC_SHA, TLS_ECDH_RSA_WITH_AES_128_CBC_SHA, TLS_DHE_RSA_WITH_AES_128_CBC_SHA, TLS_DHE_DSS_WITH_AES_128_CBC_SHA, TLS_ECDHE_ECDSA_WITH_AES_256_GCM_SHA384, TLS_ECDHE_ECDSA_WITH_AES_128_GCM_SHA256, TLS_ECDHE_RSA_WITH_AES_256_GCM_SHA384, TLS_RSA_WITH_AES_256_GCM_SHA384, TLS_ECDH_ECDSA_WITH_AES_256_GCM_SHA384, TLS_ECDH_RSA_WITH_AES_256_GCM_SHA384, TLS_DHE_RSA_WITH_AES_256_GCM_SHA384, TLS_DHE_DSS_WITH_AES_256_GCM_SHA384, TLS_ECDHE_RSA_WITH_AES_128_GCM_SHA256, TLS_RSA_WITH_AES_128_GCM_SHA256, TLS_ECDH_ECDSA_WITH_AES_128_GCM_SHA256, TLS_ECDH_RSA_WITH_AES_128_GCM_SHA256, TLS_DHE_RSA_WITH_AES_128_GCM_SHA256, TLS_DHE_DSS_WITH_AES_128_GCM_SHA256, TLS_EMPTY_RENEGOTIATION_INFO_SCSV]
Compression Methods:  { 0 }
Extension elliptic_curves, curve names: {secp256r1, secp384r1, secp521r1}
Extension ec_point_formats, formats: [uncompressed]
Extension signature_algorithms, signature_algorithms: SHA512withECDSA, SHA512withRSA, SHA384withECDSA, SHA384withRSA, SHA256withECDSA, SHA256withRSA, SHA256withDSA, SHA1withECDSA, SHA1withRSA, SHA1withDSA
Extension extended_master_secret
Extension server_name, server_name: [type=host_name (0), value=activate.navicat.com]
***
nioEventLoopGroup-5-1, WRITE: TLSv1.2 Handshake, length = 208
Allow unsafe renegotiation: false
Allow legacy hello messages: true
Is initial handshake: true
Is secure renegotiation: false
nioEventLoopGroup-4-9, READ: TLSv1.2 Handshake, length = 208
check handshake state: client_hello[1]
update handshake state: client_hello[1]
upcoming handshake states: server_hello[2]
*** ClientHello, TLSv1.2
RandomCookie:  GMT: 1576028762 bytes = { 69, 6, 52, 3, 235, 156, 122, 203, 123, 82, 239, 172, 227, 87, 173, 165, 35, 134, 123, 53, 5, 253, 185, 7, 152, 184, 223, 137 }
Session ID:  {}
Cipher Suites: [TLS_ECDHE_ECDSA_WITH_AES_256_CBC_SHA384, TLS_ECDHE_RSA_WITH_AES_256_CBC_SHA384, TLS_RSA_WITH_AES_256_CBC_SHA256, TLS_ECDH_ECDSA_WITH_AES_256_CBC_SHA384, TLS_ECDH_RSA_WITH_AES_256_CBC_SHA384, TLS_DHE_RSA_WITH_AES_256_CBC_SHA256, TLS_DHE_DSS_WITH_AES_256_CBC_SHA256, TLS_ECDHE_ECDSA_WITH_AES_256_CBC_SHA, TLS_ECDHE_RSA_WITH_AES_256_CBC_SHA, TLS_RSA_WITH_AES_256_CBC_SHA, TLS_ECDH_ECDSA_WITH_AES_256_CBC_SHA, TLS_ECDH_RSA_WITH_AES_256_CBC_SHA, TLS_DHE_RSA_WITH_AES_256_CBC_SHA, TLS_DHE_DSS_WITH_AES_256_CBC_SHA, TLS_ECDHE_ECDSA_WITH_AES_128_CBC_SHA256, TLS_ECDHE_RSA_WITH_AES_128_CBC_SHA256, TLS_RSA_WITH_AES_128_CBC_SHA256, TLS_ECDH_ECDSA_WITH_AES_128_CBC_SHA256, TLS_ECDH_RSA_WITH_AES_128_CBC_SHA256, TLS_DHE_RSA_WITH_AES_128_CBC_SHA256, TLS_DHE_DSS_WITH_AES_128_CBC_SHA256, TLS_ECDHE_ECDSA_WITH_AES_128_CBC_SHA, TLS_ECDHE_RSA_WITH_AES_128_CBC_SHA, TLS_RSA_WITH_AES_128_CBC_SHA, TLS_ECDH_ECDSA_WITH_AES_128_CBC_SHA, TLS_ECDH_RSA_WITH_AES_128_CBC_SHA, TLS_DHE_RSA_WITH_AES_128_CBC_SHA, TLS_DHE_DSS_WITH_AES_128_CBC_SHA, TLS_ECDHE_ECDSA_WITH_AES_256_GCM_SHA384, TLS_ECDHE_ECDSA_WITH_AES_128_GCM_SHA256, TLS_ECDHE_RSA_WITH_AES_256_GCM_SHA384, TLS_RSA_WITH_AES_256_GCM_SHA384, TLS_ECDH_ECDSA_WITH_AES_256_GCM_SHA384, TLS_ECDH_RSA_WITH_AES_256_GCM_SHA384, TLS_DHE_RSA_WITH_AES_256_GCM_SHA384, TLS_DHE_DSS_WITH_AES_256_GCM_SHA384, TLS_ECDHE_RSA_WITH_AES_128_GCM_SHA256, TLS_RSA_WITH_AES_128_GCM_SHA256, TLS_ECDH_ECDSA_WITH_AES_128_GCM_SHA256, TLS_ECDH_RSA_WITH_AES_128_GCM_SHA256, TLS_DHE_RSA_WITH_AES_128_GCM_SHA256, TLS_DHE_DSS_WITH_AES_128_GCM_SHA256, TLS_EMPTY_RENEGOTIATION_INFO_SCSV]
Compression Methods:  { 0 }
Extension elliptic_curves, curve names: {secp256r1, secp384r1, secp521r1}
Extension ec_point_formats, formats: [uncompressed]
Extension signature_algorithms, signature_algorithms: SHA512withECDSA, SHA512withRSA, SHA384withECDSA, SHA384withRSA, SHA256withECDSA, SHA256withRSA, SHA256withDSA, SHA1withECDSA, SHA1withRSA, SHA1withDSA
Extension extended_master_secret
Extension server_name, server_name: [type=host_name (0), value=activate.navicat.com]
***
%% Initialized:  [Session-33, SSL_NULL_WITH_NULL_NULL]
Standard ciphersuite chosen: TLS_ECDHE_RSA_WITH_AES_256_CBC_SHA384
%% Negotiating:  [Session-33, TLS_ECDHE_RSA_WITH_AES_256_CBC_SHA384]
*** ServerHello, TLSv1.2
RandomCookie:  GMT: 1576028762 bytes = { 157, 17, 0, 221, 49, 28, 147, 61, 44, 235, 11, 114, 154, 86, 112, 175, 152, 206, 151, 217, 190, 226, 23, 136, 238, 88, 207, 67 }
Session ID:  {94, 240, 74, 90, 158, 137, 11, 131, 216, 112, 215, 202, 128, 2, 4, 114, 99, 231, 214, 253, 5, 187, 126, 113, 182, 183, 155, 178, 61, 164, 229, 110}
Cipher Suite: TLS_ECDHE_RSA_WITH_AES_256_CBC_SHA384
Compression Method: 0
Extension renegotiation_info, renegotiated_connection: <empty>
Extension extended_master_secret
***
Cipher suite:  TLS_ECDHE_RSA_WITH_AES_256_CBC_SHA384
update handshake state: server_hello[2]
upcoming handshake states: server certificate[11]
upcoming handshake states: server_key_exchange[12](optional)
upcoming handshake states: certificate_request[13](optional)
upcoming handshake states: server_hello_done[14]
upcoming handshake states: client certificate[11](optional)
upcoming handshake states: client_key_exchange[16]
upcoming handshake states: certificate_verify[15](optional)
upcoming handshake states: client change_cipher_spec[-1]
upcoming handshake states: client finished[20]
upcoming handshake states: server change_cipher_spec[-1]
upcoming handshake states: server finished[20]
*** Certificate chain
chain [0] = [
[
  Version: V3
  Subject: CN=localhost, OU=ZooKeeper, O=Apache, L=Unknown, ST=Unknown, C=Unknown
  Signature Algorithm: SHA256withRSA, OID = 1.2.840.113549.1.1.11

  Key:  Sun RSA public key, 2048 bits
  params: null
  modulus: 20466894428749997265095448870198652391311568515891366224735448896044144250313384062095901217219702596717622583159291680947094046474456586662132842412743846124470020097713679685492900855417800931365512472314155689881392853768001073664569106127795833231344696659209258027979401908711647617989508135190248980524852215540637603770017238536229773075995665111861820945008718990948857303373661769409475939971958531493423489844433566328219155461676589360491136984327342101195255797973694339642711115427623510874675394946293706606142706174397483349590050687482693164890194014220011640037490528845185364811025836034294701994387
  public exponent: 65537
  Validity: [From: Sat Jan 31 02:57:30 CST 2015,
               To: Wed Feb 08 02:57:30 CST 3015]
  Issuer: CN=localhost, OU=ZooKeeper, O=Apache, L=Unknown, ST=Unknown, C=Unknown
  SerialNumber: [    7334b506]

Certificate Extensions: 1
[1]: ObjectId: 2.5.29.14 Criticality=false
SubjectKeyIdentifier [
KeyIdentifier [
0000: 65 D7 B4 E0 27 45 7A 00   58 2F AD D5 0B 64 2D 77  e...'Ez.X/...d-w
0010: 88 F7 AA F5                                        ....
]
]

]
  Algorithm: [SHA256withRSA]
  Signature:
0000: 1B C8 6B 36 83 1D 28 37   5C 1F 7D F6 C6 84 A0 BF  ..k6..(7\.......
0010: CA C0 47 CF C5 34 70 7A   CF 6B EA 34 84 BE 08 7A  ..G..4pz.k.4...z
0020: 98 E6 3D ED 1D E2 6F 06   DB 23 AB 41 AD D5 DF 1D  ..=...o..#.A....
0030: 92 F4 9D 05 FD 7C EE BE   4A 87 B8 F1 FE F4 5B 79  ........J.....[y
0040: DC AD F7 44 3D 67 08 7A   3B 91 D7 5A 79 44 96 D7  ...D=g.z;..ZyD..
0050: BE 0E 41 C8 64 E3 87 C3   28 11 AB DC 36 F5 B0 AC  ..A.d...(...6...
0060: BD 2F 16 1D 6E A1 52 25   5A EC 6F AD 20 71 5A 1B  ./..n.R%Z.o. qZ.
0070: 66 D4 0D A6 49 B7 75 43   C4 84 0B 4B AC BD 16 76  f...I.uC...K...v
0080: 58 2B 07 85 E2 F1 44 15   1E 67 D1 3C 13 73 5A 2D  X+....D..g.<.sZ-
0090: D6 06 0B A1 D3 09 7E EF   88 F9 C3 0E A4 10 47 EA  ..............G.
00A0: 65 5D CD F0 39 EA 2F 59   1C 08 BC F9 CC 5B C9 BB  e]..9./Y.....[..
00B0: 2F 20 19 81 97 B5 21 BB   60 A4 39 08 6C 41 2A 51  / ....!.`.9.lA*Q
00C0: B1 C3 1A A3 8C F8 ED 67   D0 EE EC 52 01 2A E4 1E  .......g...R.*..
00D0: D2 B4 34 73 DC 7E 34 24   A9 4E 77 AD FD B3 77 0D  ..4s..4$.Nw...w.
00E0: C2 7A C0 65 F6 CC 11 9D   19 AA 59 13 C3 9D AD 5F  .z.e......Y...._
00F0: 61 E6 C2 18 F0 E5 A1 49   41 B5 EF 9E 91 0C 35 9C  a......IA.....5.

]
***
update handshake state: certificate[11]
upcoming handshake states: server_key_exchange[12](optional)
upcoming handshake states: certificate_request[13](optional)
upcoming handshake states: server_hello_done[14]
upcoming handshake states: client certificate[11](optional)
upcoming handshake states: client_key_exchange[16]
upcoming handshake states: certificate_verify[15](optional)
upcoming handshake states: client change_cipher_spec[-1]
upcoming handshake states: client finished[20]
upcoming handshake states: server change_cipher_spec[-1]
upcoming handshake states: server finished[20]
*** ECDH ServerKeyExchange
Signature Algorithm SHA512withRSA
Server key: Sun EC public key, 256 bits
  public x coord: 28460294565396529348827257619231015040643988455836600560466304399485821505617
  public y coord: 78817658146654441091169179532020659279992918990681614682614744004449991470605
  parameters: secp256r1 [NIST P-256, X9.62 prime256v1] (1.2.840.10045.3.1.7)
update handshake state: server_key_exchange[12]
upcoming handshake states: certificate_request[13](optional)
upcoming handshake states: server_hello_done[14]
upcoming handshake states: client certificate[11](optional)
upcoming handshake states: client_key_exchange[16]
upcoming handshake states: certificate_verify[15](optional)
upcoming handshake states: client change_cipher_spec[-1]
upcoming handshake states: client finished[20]
upcoming handshake states: server change_cipher_spec[-1]
upcoming handshake states: server finished[20]
*** CertificateRequest
Cert Types: RSA, DSS, ECDSA
Supported Signature Algorithms: SHA512withECDSA, SHA512withRSA, SHA384withECDSA, SHA384withRSA, SHA256withECDSA, SHA256withRSA, SHA256withDSA, SHA1withECDSA, SHA1withRSA, SHA1withDSA
Cert Authorities:
<CN=localhost, OU=ZooKeeper, O=Apache, L=Unknown, ST=Unknown, C=Unknown>
update handshake state: unknown[13]
upcoming handshake states: server_hello_done[14]
upcoming handshake states: client certificate[11](optional)
upcoming handshake states: client_key_exchange[16]
upcoming handshake states: certificate_verify[15](optional)
upcoming handshake states: client change_cipher_spec[-1]
upcoming handshake states: client finished[20]
upcoming handshake states: server change_cipher_spec[-1]
upcoming handshake states: server finished[20]
*** ServerHelloDone
update handshake state: server_hello_done[14]
upcoming handshake states: client certificate[11](optional)
upcoming handshake states: client_key_exchange[16]
upcoming handshake states: certificate_verify[15](optional)
upcoming handshake states: client change_cipher_spec[-1]
upcoming handshake states: client finished[20]
upcoming handshake states: server change_cipher_spec[-1]
upcoming handshake states: server finished[20]
nioEventLoopGroup-4-9, WRITE: TLSv1.2 Handshake, length = 1478
nioEventLoopGroup-5-1, READ: TLSv1.2 Handshake, length = 1478
check handshake state: server_hello[2]
*** ServerHello, TLSv1.2
RandomCookie:  GMT: 1576028762 bytes = { 157, 17, 0, 221, 49, 28, 147, 61, 44, 235, 11, 114, 154, 86, 112, 175, 152, 206, 151, 217, 190, 226, 23, 136, 238, 88, 207, 67 }
Session ID:  {94, 240, 74, 90, 158, 137, 11, 131, 216, 112, 215, 202, 128, 2, 4, 114, 99, 231, 214, 253, 5, 187, 126, 113, 182, 183, 155, 178, 61, 164, 229, 110}
Cipher Suite: TLS_ECDHE_RSA_WITH_AES_256_CBC_SHA384
Compression Method: 0
Extension renegotiation_info, renegotiated_connection: <empty>
Extension extended_master_secret
***
%% Initialized:  [Session-34, TLS_ECDHE_RSA_WITH_AES_256_CBC_SHA384]
** TLS_ECDHE_RSA_WITH_AES_256_CBC_SHA384
update handshake state: server_hello[2]
upcoming handshake states: server certificate[11]
upcoming handshake states: server_key_exchange[12](optional)
upcoming handshake states: certificate_request[13](optional)
upcoming handshake states: server_hello_done[14]
upcoming handshake states: client certificate[11](optional)
upcoming handshake states: client_key_exchange[16]
upcoming handshake states: certificate_verify[15](optional)
upcoming handshake states: client change_cipher_spec[-1]
upcoming handshake states: client finished[20]
upcoming handshake states: server change_cipher_spec[-1]
upcoming handshake states: server finished[20]
check handshake state: certificate[11]
update handshake state: certificate[11]
upcoming handshake states: server_key_exchange[12](optional)
upcoming handshake states: certificate_request[13](optional)
upcoming handshake states: server_hello_done[14]
upcoming handshake states: client certificate[11](optional)
upcoming handshake states: client_key_exchange[16]
upcoming handshake states: certificate_verify[15](optional)
upcoming handshake states: client change_cipher_spec[-1]
upcoming handshake states: client finished[20]
upcoming handshake states: server change_cipher_spec[-1]
upcoming handshake states: server finished[20]
*** Certificate chain
chain [0] = [
[
  Version: V3
  Subject: CN=localhost, OU=ZooKeeper, O=Apache, L=Unknown, ST=Unknown, C=Unknown
  Signature Algorithm: SHA256withRSA, OID = 1.2.840.113549.1.1.11

  Key:  Sun RSA public key, 2048 bits
  params: null
  modulus: 20466894428749997265095448870198652391311568515891366224735448896044144250313384062095901217219702596717622583159291680947094046474456586662132842412743846124470020097713679685492900855417800931365512472314155689881392853768001073664569106127795833231344696659209258027979401908711647617989508135190248980524852215540637603770017238536229773075995665111861820945008718990948857303373661769409475939971958531493423489844433566328219155461676589360491136984327342101195255797973694339642711115427623510874675394946293706606142706174397483349590050687482693164890194014220011640037490528845185364811025836034294701994387
  public exponent: 65537
  Validity: [From: Sat Jan 31 02:57:30 CST 2015,
               To: Wed Feb 08 02:57:30 CST 3015]
  Issuer: CN=localhost, OU=ZooKeeper, O=Apache, L=Unknown, ST=Unknown, C=Unknown
  SerialNumber: [    7334b506]

Certificate Extensions: 1
[1]: ObjectId: 2.5.29.14 Criticality=false
SubjectKeyIdentifier [
KeyIdentifier [
0000: 65 D7 B4 E0 27 45 7A 00   58 2F AD D5 0B 64 2D 77  e...'Ez.X/...d-w
0010: 88 F7 AA F5                                        ....
]
]

]
  Algorithm: [SHA256withRSA]
  Signature:
0000: 1B C8 6B 36 83 1D 28 37   5C 1F 7D F6 C6 84 A0 BF  ..k6..(7\.......
0010: CA C0 47 CF C5 34 70 7A   CF 6B EA 34 84 BE 08 7A  ..G..4pz.k.4...z
0020: 98 E6 3D ED 1D E2 6F 06   DB 23 AB 41 AD D5 DF 1D  ..=...o..#.A....
0030: 92 F4 9D 05 FD 7C EE BE   4A 87 B8 F1 FE F4 5B 79  ........J.....[y
0040: DC AD F7 44 3D 67 08 7A   3B 91 D7 5A 79 44 96 D7  ...D=g.z;..ZyD..
0050: BE 0E 41 C8 64 E3 87 C3   28 11 AB DC 36 F5 B0 AC  ..A.d...(...6...
0060: BD 2F 16 1D 6E A1 52 25   5A EC 6F AD 20 71 5A 1B  ./..n.R%Z.o. qZ.
0070: 66 D4 0D A6 49 B7 75 43   C4 84 0B 4B AC BD 16 76  f...I.uC...K...v
0080: 58 2B 07 85 E2 F1 44 15   1E 67 D1 3C 13 73 5A 2D  X+....D..g.<.sZ-
0090: D6 06 0B A1 D3 09 7E EF   88 F9 C3 0E A4 10 47 EA  ..............G.
00A0: 65 5D CD F0 39 EA 2F 59   1C 08 BC F9 CC 5B C9 BB  e]..9./Y.....[..
00B0: 2F 20 19 81 97 B5 21 BB   60 A4 39 08 6C 41 2A 51  / ....!.`.9.lA*Q
00C0: B1 C3 1A A3 8C F8 ED 67   D0 EE EC 52 01 2A E4 1E  .......g...R.*..
00D0: D2 B4 34 73 DC 7E 34 24   A9 4E 77 AD FD B3 77 0D  ..4s..4$.Nw...w.
00E0: C2 7A C0 65 F6 CC 11 9D   19 AA 59 13 C3 9D AD 5F  .z.e......Y...._
00F0: 61 E6 C2 18 F0 E5 A1 49   41 B5 EF 9E 91 0C 35 9C  a......IA.....5.

]
***
Found trusted certificate:
[
[
  Version: V3
  Subject: CN=localhost, OU=ZooKeeper, O=Apache, L=Unknown, ST=Unknown, C=Unknown
  Signature Algorithm: SHA256withRSA, OID = 1.2.840.113549.1.1.11

  Key:  Sun RSA public key, 2048 bits
  params: null
  modulus: 20466894428749997265095448870198652391311568515891366224735448896044144250313384062095901217219702596717622583159291680947094046474456586662132842412743846124470020097713679685492900855417800931365512472314155689881392853768001073664569106127795833231344696659209258027979401908711647617989508135190248980524852215540637603770017238536229773075995665111861820945008718990948857303373661769409475939971958531493423489844433566328219155461676589360491136984327342101195255797973694339642711115427623510874675394946293706606142706174397483349590050687482693164890194014220011640037490528845185364811025836034294701994387
  public exponent: 65537
  Validity: [From: Sat Jan 31 02:57:30 CST 2015,
               To: Wed Feb 08 02:57:30 CST 3015]
  Issuer: CN=localhost, OU=ZooKeeper, O=Apache, L=Unknown, ST=Unknown, C=Unknown
  SerialNumber: [    7334b506]

Certificate Extensions: 1
[1]: ObjectId: 2.5.29.14 Criticality=false
SubjectKeyIdentifier [
KeyIdentifier [
0000: 65 D7 B4 E0 27 45 7A 00   58 2F AD D5 0B 64 2D 77  e...'Ez.X/...d-w
0010: 88 F7 AA F5                                        ....
]
]

]
  Algorithm: [SHA256withRSA]
  Signature:
0000: 1B C8 6B 36 83 1D 28 37   5C 1F 7D F6 C6 84 A0 BF  ..k6..(7\.......
0010: CA C0 47 CF C5 34 70 7A   CF 6B EA 34 84 BE 08 7A  ..G..4pz.k.4...z
0020: 98 E6 3D ED 1D E2 6F 06   DB 23 AB 41 AD D5 DF 1D  ..=...o..#.A....
0030: 92 F4 9D 05 FD 7C EE BE   4A 87 B8 F1 FE F4 5B 79  ........J.....[y
0040: DC AD F7 44 3D 67 08 7A   3B 91 D7 5A 79 44 96 D7  ...D=g.z;..ZyD..
0050: BE 0E 41 C8 64 E3 87 C3   28 11 AB DC 36 F5 B0 AC  ..A.d...(...6...
0060: BD 2F 16 1D 6E A1 52 25   5A EC 6F AD 20 71 5A 1B  ./..n.R%Z.o. qZ.
0070: 66 D4 0D A6 49 B7 75 43   C4 84 0B 4B AC BD 16 76  f...I.uC...K...v
0080: 58 2B 07 85 E2 F1 44 15   1E 67 D1 3C 13 73 5A 2D  X+....D..g.<.sZ-
0090: D6 06 0B A1 D3 09 7E EF   88 F9 C3 0E A4 10 47 EA  ..............G.
00A0: 65 5D CD F0 39 EA 2F 59   1C 08 BC F9 CC 5B C9 BB  e]..9./Y.....[..
00B0: 2F 20 19 81 97 B5 21 BB   60 A4 39 08 6C 41 2A 51  / ....!.`.9.lA*Q
00C0: B1 C3 1A A3 8C F8 ED 67   D0 EE EC 52 01 2A E4 1E  .......g...R.*..
00D0: D2 B4 34 73 DC 7E 34 24   A9 4E 77 AD FD B3 77 0D  ..4s..4$.Nw...w.
00E0: C2 7A C0 65 F6 CC 11 9D   19 AA 59 13 C3 9D AD 5F  .z.e......Y...._
00F0: 61 E6 C2 18 F0 E5 A1 49   41 B5 EF 9E 91 0C 35 9C  a......IA.....5.

]
2020-06-22 14:06:18,684 [myid:127.0.0.1:30073] - ERROR [nioEventLoopGroup-5-1:ZKTrustManager@161] - Failed to verify host address: 127.0.0.1
javax.net.ssl.SSLPeerUnverifiedException: Certificate for <127.0.0.1> doesn't match common name of the certificate subject: localhost
	at org.apache.zookeeper.common.ZKHostnameVerifier.matchCN(ZKHostnameVerifier.java:238)
	at org.apache.zookeeper.common.ZKHostnameVerifier.verify(ZKHostnameVerifier.java:184)
	at org.apache.zookeeper.common.ZKTrustManager.performHostVerification(ZKTrustManager.java:151)
	at org.apache.zookeeper.common.ZKTrustManager.checkServerTrusted(ZKTrustManager.java:118)
	at sun.security.ssl.ClientHandshaker.serverCertificate(ClientHandshaker.java:1675)
	at sun.security.ssl.ClientHandshaker.processMessage(ClientHandshaker.java:226)
	at sun.security.ssl.Handshaker.processLoop(Handshaker.java:1082)
	at sun.security.ssl.Handshaker$1.run(Handshaker.java:1015)
	at sun.security.ssl.Handshaker$1.run(Handshaker.java:1012)
	at java.security.AccessController.doPrivileged(Native Method)
	at sun.security.ssl.Handshaker$DelegatedTask.run(Handshaker.java:1504)
	at io.netty.handler.ssl.SslHandler.runAllDelegatedTasks(SslHandler.java:1510)
	at io.netty.handler.ssl.SslHandler.runDelegatedTasks(SslHandler.java:1524)
	at io.netty.handler.ssl.SslHandler.unwrap(SslHandler.java:1408)
	at io.netty.handler.ssl.SslHandler.decodeJdkCompatible(SslHandler.java:1235)
	at io.netty.handler.ssl.SslHandler.decode(SslHandler.java:1282)
	at io.netty.handler.codec.ByteToMessageDecoder.decodeRemovalReentryProtection(ByteToMessageDecoder.java:498)
	at io.netty.handler.codec.ByteToMessageDecoder.callDecode(ByteToMessageDecoder.java:437)
	at io.netty.handler.codec.ByteToMessageDecoder.channelRead(ByteToMessageDecoder.java:276)
	at io.netty.channel.AbstractChannelHandlerContext.invokeChannelRead(AbstractChannelHandlerContext.java:379)
	at io.netty.channel.AbstractChannelHandlerContext.invokeChannelRead(AbstractChannelHandlerContext.java:365)
	at io.netty.channel.AbstractChannelHandlerContext.fireChannelRead(AbstractChannelHandlerContext.java:357)
	at io.netty.channel.DefaultChannelPipeline$HeadContext.channelRead(DefaultChannelPipeline.java:1410)
	at io.netty.channel.AbstractChannelHandlerContext.invokeChannelRead(AbstractChannelHandlerContext.java:379)
	at io.netty.channel.AbstractChannelHandlerContext.invokeChannelRead(AbstractChannelHandlerContext.java:365)
	at io.netty.channel.DefaultChannelPipeline.fireChannelRead(DefaultChannelPipeline.java:919)
	at io.netty.channel.nio.AbstractNioByteChannel$NioByteUnsafe.read(AbstractNioByteChannel.java:163)
	at io.netty.channel.nio.NioEventLoop.processSelectedKey(NioEventLoop.java:714)
	at io.netty.channel.nio.NioEventLoop.processSelectedKeysOptimized(NioEventLoop.java:650)
	at io.netty.channel.nio.NioEventLoop.processSelectedKeys(NioEventLoop.java:576)
	at io.netty.channel.nio.NioEventLoop.run(NioEventLoop.java:493)
	at io.netty.util.concurrent.SingleThreadEventExecutor$4.run(SingleThreadEventExecutor.java:989)
	at io.netty.util.internal.ThreadExecutorMap$2.run(ThreadExecutorMap.java:74)
	at io.netty.util.concurrent.FastThreadLocalRunnable.run(FastThreadLocalRunnable.java:30)
	at java.lang.Thread.run(Thread.java:748)
2020-06-22 14:06:18,684 [myid:127.0.0.1:30073] - ERROR [nioEventLoopGroup-5-1:ZKTrustManager@162] - Failed to verify hostname: activate.navicat.com
javax.net.ssl.SSLPeerUnverifiedException: Certificate for <activate.navicat.com> doesn't match common name of the certificate subject: localhost
	at org.apache.zookeeper.common.ZKHostnameVerifier.matchCN(ZKHostnameVerifier.java:238)
	at org.apache.zookeeper.common.ZKHostnameVerifier.verify(ZKHostnameVerifier.java:184)
	at org.apache.zookeeper.common.ZKTrustManager.performHostVerification(ZKTrustManager.java:159)
	at org.apache.zookeeper.common.ZKTrustManager.checkServerTrusted(ZKTrustManager.java:118)
	at sun.security.ssl.ClientHandshaker.serverCertificate(ClientHandshaker.java:1675)
	at sun.security.ssl.ClientHandshaker.processMessage(ClientHandshaker.java:226)
	at sun.security.ssl.Handshaker.processLoop(Handshaker.java:1082)
	at sun.security.ssl.Handshaker$1.run(Handshaker.java:1015)
	at sun.security.ssl.Handshaker$1.run(Handshaker.java:1012)
	at java.security.AccessController.doPrivileged(Native Method)
	at sun.security.ssl.Handshaker$DelegatedTask.run(Handshaker.java:1504)
	at io.netty.handler.ssl.SslHandler.runAllDelegatedTasks(SslHandler.java:1510)
	at io.netty.handler.ssl.SslHandler.runDelegatedTasks(SslHandler.java:1524)
	at io.netty.handler.ssl.SslHandler.unwrap(SslHandler.java:1408)
	at io.netty.handler.ssl.SslHandler.decodeJdkCompatible(SslHandler.java:1235)
	at io.netty.handler.ssl.SslHandler.decode(SslHandler.java:1282)
	at io.netty.handler.codec.ByteToMessageDecoder.decodeRemovalReentryProtection(ByteToMessageDecoder.java:498)
	at io.netty.handler.codec.ByteToMessageDecoder.callDecode(ByteToMessageDecoder.java:437)
	at io.netty.handler.codec.ByteToMessageDecoder.channelRead(ByteToMessageDecoder.java:276)
	at io.netty.channel.AbstractChannelHandlerContext.invokeChannelRead(AbstractChannelHandlerContext.java:379)
	at io.netty.channel.AbstractChannelHandlerContext.invokeChannelRead(AbstractChannelHandlerContext.java:365)
	at io.netty.channel.AbstractChannelHandlerContext.fireChannelRead(AbstractChannelHandlerContext.java:357)
	at io.netty.channel.DefaultChannelPipeline$HeadContext.channelRead(DefaultChannelPipeline.java:1410)
	at io.netty.channel.AbstractChannelHandlerContext.invokeChannelRead(AbstractChannelHandlerContext.java:379)
	at io.netty.channel.AbstractChannelHandlerContext.invokeChannelRead(AbstractChannelHandlerContext.java:365)
	at io.netty.channel.DefaultChannelPipeline.fireChannelRead(DefaultChannelPipeline.java:919)
	at io.netty.channel.nio.AbstractNioByteChannel$NioByteUnsafe.read(AbstractNioByteChannel.java:163)
	at io.netty.channel.nio.NioEventLoop.processSelectedKey(NioEventLoop.java:714)
	at io.netty.channel.nio.NioEventLoop.processSelectedKeysOptimized(NioEventLoop.java:650)
	at io.netty.channel.nio.NioEventLoop.processSelectedKeys(NioEventLoop.java:576)
	at io.netty.channel.nio.NioEventLoop.run(NioEventLoop.java:493)
	at io.netty.util.concurrent.SingleThreadEventExecutor$4.run(SingleThreadEventExecutor.java:989)
	at io.netty.util.internal.ThreadExecutorMap$2.run(ThreadExecutorMap.java:74)
	at io.netty.util.concurrent.FastThreadLocalRunnable.run(FastThreadLocalRunnable.java:30)
	at java.lang.Thread.run(Thread.java:748)
nioEventLoopGroup-5-1, fatal error: 46: General SSLEngine problem
java.security.cert.CertificateException: Failed to verify both host address and host name
%% Invalidated:  [Session-31, SSL_NULL_WITH_NULL_NULL]
%% Invalidated:  [Session-34, TLS_ECDHE_RSA_WITH_AES_256_CBC_SHA384]
nioEventLoopGroup-5-1, SEND TLSv1.2 ALERT:  fatal, description = certificate_unknown
nioEventLoopGroup-5-1, WRITE: TLSv1.2 Alert, length = 2
nioEventLoopGroup-5-1, fatal: engine already closed.  Rethrowing javax.net.ssl.SSLHandshakeException: General SSLEngine problem
nioEventLoopGroup-5-1, called closeOutbound()
nioEventLoopGroup-5-1, closeOutboundInternal()
nioEventLoopGroup-5-1, called closeInbound()
nioEventLoopGroup-5-1, fatal: engine already closed.  Rethrowing javax.net.ssl.SSLException: Inbound closed before receiving peer's close_notify: possible truncation attack?
nioEventLoopGroup-4-9, READ: TLSv1.2 Alert, length = 2
nioEventLoopGroup-4-9, RECV TLSv1.2 ALERT:  fatal, certificate_unknown
nioEventLoopGroup-4-9, fatal: engine already closed.  Rethrowing javax.net.ssl.SSLException: Received fatal alert: certificate_unknown
nioEventLoopGroup-4-9, fatal: engine already closed.  Rethrowing javax.net.ssl.SSLException: Received fatal alert: certificate_unknown
2020-06-22 14:06:18,686 [myid:] - ERROR [nioEventLoopGroup-4-9:NettyServerCnxnFactory$CertificateVerifier@434] - Unsuccessful handshake with session 0x0
nioEventLoopGroup-4-9, called closeOutbound()
nioEventLoopGroup-4-9, closeOutboundInternal()
nioEventLoopGroup-4-9, SEND TLSv1.2 ALERT:  warning, description = close_notify
nioEventLoopGroup-4-9, WRITE: TLSv1.2 Alert, length = 2
nioEventLoopGroup-4-9, called closeInbound()
nioEventLoopGroup-4-9, fatal: engine already closed.  Rethrowing javax.net.ssl.SSLException: Inbound closed before receiving peer's close_notify: possible truncation attack?
2020-06-22 14:06:18,686 [myid:127.0.0.1:30073] - ERROR [nioEventLoopGroup-5-1:ClientCnxnSocketNetty$ZKClientHandler@522] - Unexpected throwable
io.netty.handler.codec.DecoderException: javax.net.ssl.SSLHandshakeException: General SSLEngine problem
	at io.netty.handler.codec.ByteToMessageDecoder.callDecode(ByteToMessageDecoder.java:468)
	at io.netty.handler.codec.ByteToMessageDecoder.channelRead(ByteToMessageDecoder.java:276)
	at io.netty.channel.AbstractChannelHandlerContext.invokeChannelRead(AbstractChannelHandlerContext.java:379)
	at io.netty.channel.AbstractChannelHandlerContext.invokeChannelRead(AbstractChannelHandlerContext.java:365)
	at io.netty.channel.AbstractChannelHandlerContext.fireChannelRead(AbstractChannelHandlerContext.java:357)
	at io.netty.channel.DefaultChannelPipeline$HeadContext.channelRead(DefaultChannelPipeline.java:1410)
	at io.netty.channel.AbstractChannelHandlerContext.invokeChannelRead(AbstractChannelHandlerContext.java:379)
	at io.netty.channel.AbstractChannelHandlerContext.invokeChannelRead(AbstractChannelHandlerContext.java:365)
	at io.netty.channel.DefaultChannelPipeline.fireChannelRead(DefaultChannelPipeline.java:919)
	at io.netty.channel.nio.AbstractNioByteChannel$NioByteUnsafe.read(AbstractNioByteChannel.java:163)
	at io.netty.channel.nio.NioEventLoop.processSelectedKey(NioEventLoop.java:714)
	at io.netty.channel.nio.NioEventLoop.processSelectedKeysOptimized(NioEventLoop.java:650)
	at io.netty.channel.nio.NioEventLoop.processSelectedKeys(NioEventLoop.java:576)
	at io.netty.channel.nio.NioEventLoop.run(NioEventLoop.java:493)
	at io.netty.util.concurrent.SingleThreadEventExecutor$4.run(SingleThreadEventExecutor.java:989)
	at io.netty.util.internal.ThreadExecutorMap$2.run(ThreadExecutorMap.java:74)
	at io.netty.util.concurrent.FastThreadLocalRunnable.run(FastThreadLocalRunnable.java:30)
	at java.lang.Thread.run(Thread.java:748)
Caused by: javax.net.ssl.SSLHandshakeException: General SSLEngine problem
	at sun.security.ssl.Handshaker.checkThrown(Handshaker.java:1566)
	at sun.security.ssl.SSLEngineImpl.checkTaskThrown(SSLEngineImpl.java:545)
	at sun.security.ssl.SSLEngineImpl.readNetRecord(SSLEngineImpl.java:819)
	at sun.security.ssl.SSLEngineImpl.unwrap(SSLEngineImpl.java:783)
	at javax.net.ssl.SSLEngine.unwrap(SSLEngine.java:626)
	at io.netty.handler.ssl.SslHandler$SslEngineType$3.unwrap(SslHandler.java:281)
	at io.netty.handler.ssl.SslHandler.unwrap(SslHandler.java:1340)
	at io.netty.handler.ssl.SslHandler.decodeJdkCompatible(SslHandler.java:1235)
	at io.netty.handler.ssl.SslHandler.decode(SslHandler.java:1282)
	at io.netty.handler.codec.ByteToMessageDecoder.decodeRemovalReentryProtection(ByteToMessageDecoder.java:498)
	at io.netty.handler.codec.ByteToMessageDecoder.callDecode(ByteToMessageDecoder.java:437)
	... 17 more
Caused by: javax.net.ssl.SSLHandshakeException: General SSLEngine problem
	at sun.security.ssl.Alerts.getSSLException(Alerts.java:198)
	at sun.security.ssl.SSLEngineImpl.fatal(SSLEngineImpl.java:1729)
	at sun.security.ssl.Handshaker.fatalSE(Handshaker.java:333)
	at sun.security.ssl.Handshaker.fatalSE(Handshaker.java:325)
	at sun.security.ssl.ClientHandshaker.serverCertificate(ClientHandshaker.java:1688)
	at sun.security.ssl.ClientHandshaker.processMessage(ClientHandshaker.java:226)
	at sun.security.ssl.Handshaker.processLoop(Handshaker.java:1082)
	at sun.security.ssl.Handshaker$1.run(Handshaker.java:1015)
	at sun.security.ssl.Handshaker$1.run(Handshaker.java:1012)
	at java.security.AccessController.doPrivileged(Native Method)
	at sun.security.ssl.Handshaker$DelegatedTask.run(Handshaker.java:1504)
	at io.netty.handler.ssl.SslHandler.runAllDelegatedTasks(SslHandler.java:1510)
	at io.netty.handler.ssl.SslHandler.runDelegatedTasks(SslHandler.java:1524)
	at io.netty.handler.ssl.SslHandler.unwrap(SslHandler.java:1408)
	... 21 more
Caused by: java.security.cert.CertificateException: Failed to verify both host address and host name
	at org.apache.zookeeper.common.ZKTrustManager.performHostVerification(ZKTrustManager.java:163)
	at org.apache.zookeeper.common.ZKTrustManager.checkServerTrusted(ZKTrustManager.java:118)
	at sun.security.ssl.ClientHandshaker.serverCertificate(ClientHandshaker.java:1675)
	... 30 more
Caused by: javax.net.ssl.SSLPeerUnverifiedException: Certificate for <activate.navicat.com> doesn't match common name of the certificate subject: localhost
	at org.apache.zookeeper.common.ZKHostnameVerifier.matchCN(ZKHostnameVerifier.java:238)
	at org.apache.zookeeper.common.ZKHostnameVerifier.verify(ZKHostnameVerifier.java:184)
	at org.apache.zookeeper.common.ZKTrustManager.performHostVerification(ZKTrustManager.java:159)
	... 32 more
2020-06-22 14:06:18,687 [myid:127.0.0.1:30073] - INFO  [nioEventLoopGroup-5-1:ClientCnxnSocketNetty@249] - channel is told closing
nioEventLoopGroup-5-1, called closeOutbound()
nioEventLoopGroup-5-1, closeOutboundInternal()
2020-06-22 14:06:18,687 [myid:] - WARN  [nioEventLoopGroup-4-9:NettyServerCnxnFactory$CnxnChannelHandler@273] - Exception caught
io.netty.handler.codec.DecoderException: javax.net.ssl.SSLException: Received fatal alert: certificate_unknown
	at io.netty.handler.codec.ByteToMessageDecoder.callDecode(ByteToMessageDecoder.java:468)
	at io.netty.handler.codec.ByteToMessageDecoder.channelRead(ByteToMessageDecoder.java:276)
	at io.netty.channel.AbstractChannelHandlerContext.invokeChannelRead(AbstractChannelHandlerContext.java:379)
	at io.netty.channel.AbstractChannelHandlerContext.invokeChannelRead(AbstractChannelHandlerContext.java:365)
	at io.netty.channel.AbstractChannelHandlerContext.fireChannelRead(AbstractChannelHandlerContext.java:357)
	at io.netty.channel.DefaultChannelPipeline$HeadContext.channelRead(DefaultChannelPipeline.java:1410)
	at io.netty.channel.AbstractChannelHandlerContext.invokeChannelRead(AbstractChannelHandlerContext.java:379)
	at io.netty.channel.AbstractChannelHandlerContext.invokeChannelRead(AbstractChannelHandlerContext.java:365)
	at io.netty.channel.DefaultChannelPipeline.fireChannelRead(DefaultChannelPipeline.java:919)
	at io.netty.channel.nio.AbstractNioByteChannel$NioByteUnsafe.read(AbstractNioByteChannel.java:163)
	at io.netty.channel.nio.NioEventLoop.processSelectedKey(NioEventLoop.java:714)
	at io.netty.channel.nio.NioEventLoop.processSelectedKeysOptimized(NioEventLoop.java:650)
	at io.netty.channel.nio.NioEventLoop.processSelectedKeys(NioEventLoop.java:576)
	at io.netty.channel.nio.NioEventLoop.run(NioEventLoop.java:493)
	at io.netty.util.concurrent.SingleThreadEventExecutor$4.run(SingleThreadEventExecutor.java:989)
	at io.netty.util.internal.ThreadExecutorMap$2.run(ThreadExecutorMap.java:74)
	at io.netty.util.concurrent.FastThreadLocalRunnable.run(FastThreadLocalRunnable.java:30)
	at java.lang.Thread.run(Thread.java:748)
Caused by: javax.net.ssl.SSLException: Received fatal alert: certificate_unknown
	at sun.security.ssl.Alerts.getSSLException(Alerts.java:214)
	at sun.security.ssl.SSLEngineImpl.fatal(SSLEngineImpl.java:1667)
	at sun.security.ssl.SSLEngineImpl.fatal(SSLEngineImpl.java:1635)
	at sun.security.ssl.SSLEngineImpl.recvAlert(SSLEngineImpl.java:1801)
	at sun.security.ssl.SSLEngineImpl.readRecord(SSLEngineImpl.java:1090)
	at sun.security.ssl.SSLEngineImpl.readNetRecord(SSLEngineImpl.java:913)
	at sun.security.ssl.SSLEngineImpl.unwrap(SSLEngineImpl.java:783)
	at javax.net.ssl.SSLEngine.unwrap(SSLEngine.java:626)
	at io.netty.handler.ssl.SslHandler$SslEngineType$3.unwrap(SslHandler.java:281)
	at io.netty.handler.ssl.SslHandler.unwrap(SslHandler.java:1340)
	at io.netty.handler.ssl.SslHandler.decodeJdkCompatible(SslHandler.java:1235)
	at io.netty.handler.ssl.SslHandler.decode(SslHandler.java:1282)
	at io.netty.handler.codec.ByteToMessageDecoder.decodeRemovalReentryProtection(ByteToMessageDecoder.java:498)
	at io.netty.handler.codec.ByteToMessageDecoder.callDecode(ByteToMessageDecoder.java:437)
	... 17 more
nioEventLoopGroup-4-9, called closeOutbound()
nioEventLoopGroup-4-9, closeOutboundInternal()
nioEventLoopGroup-4-9, READ: TLSv1.2 Alert, length = 2
nioEventLoopGroup-4-9, RECV TLSv1.2 ALERT:  fatal, certificate_unknown
2020-06-22 14:06:18,687 [myid:127.0.0.1:30073] - INFO  [nioEventLoopGroup-5-1:ClientCnxnSocketNetty$ZKClientHandler@469] - channel is disconnected: [id: 0xe2b8f7d8, L:/127.0.0.1:54727 ! R:activate.navicat.com/127.0.0.1:30073]
nioEventLoopGroup-4-9, fatal: engine already closed.  Rethrowing javax.net.ssl.SSLException: Received fatal alert: certificate_unknown
nioEventLoopGroup-4-9, fatal: engine already closed.  Rethrowing javax.net.ssl.SSLException: Received fatal alert: certificate_unknown
nioEventLoopGroup-4-9, called closeOutbound()
nioEventLoopGroup-4-9, closeOutboundInternal()
nioEventLoopGroup-4-9, called closeInbound()
nioEventLoopGroup-4-9, closeInboundInternal()
nioEventLoopGroup-4-9, closeOutboundInternal()
2020-06-22 14:06:18,688 [myid:127.0.0.1:30073] - WARN  [main-SendThread(127.0.0.1:30073):ClientCnxn$SendThread@1272] - Session 0x0 for sever activate.navicat.com/127.0.0.1:30073, Closing socket connection. Attempting reconnect except it is a SessionExpiredException.
EndOfStreamException: channel for sessionid 0x0 is lost
	at org.apache.zookeeper.ClientCnxnSocketNetty.doTransport(ClientCnxnSocketNetty.java:285)
	at org.apache.zookeeper.ClientCnxn$SendThread.run(ClientCnxn.java:1262)
2020-06-22 14:06:18,688 [myid:] - WARN  [nioEventLoopGroup-4-9:NettyServerCnxnFactory$CnxnChannelHandler@273] - Exception caught
io.netty.handler.codec.DecoderException: javax.net.ssl.SSLException: Received fatal alert: certificate_unknown
	at io.netty.handler.codec.ByteToMessageDecoder.callDecode(ByteToMessageDecoder.java:468)
	at io.netty.handler.codec.ByteToMessageDecoder.channelInputClosed(ByteToMessageDecoder.java:401)
	at io.netty.handler.codec.ByteToMessageDecoder.channelInputClosed(ByteToMessageDecoder.java:368)
	at io.netty.handler.codec.ByteToMessageDecoder.channelInactive(ByteToMessageDecoder.java:351)
	at io.netty.handler.ssl.SslHandler.channelInactive(SslHandler.java:1084)
	at io.netty.channel.AbstractChannelHandlerContext.invokeChannelInactive(AbstractChannelHandlerContext.java:262)
	at io.netty.channel.AbstractChannelHandlerContext.invokeChannelInactive(AbstractChannelHandlerContext.java:248)
	at io.netty.channel.AbstractChannelHandlerContext.fireChannelInactive(AbstractChannelHandlerContext.java:241)
	at io.netty.channel.DefaultChannelPipeline$HeadContext.channelInactive(DefaultChannelPipeline.java:1405)
	at io.netty.channel.AbstractChannelHandlerContext.invokeChannelInactive(AbstractChannelHandlerContext.java:262)
	at io.netty.channel.AbstractChannelHandlerContext.invokeChannelInactive(AbstractChannelHandlerContext.java:248)
	at io.netty.channel.DefaultChannelPipeline.fireChannelInactive(DefaultChannelPipeline.java:901)
	at io.netty.channel.AbstractChannel$AbstractUnsafe$8.run(AbstractChannel.java:818)
	at io.netty.util.concurrent.AbstractEventExecutor.safeExecute(AbstractEventExecutor.java:164)
	at io.netty.util.concurrent.SingleThreadEventExecutor.runAllTasks(SingleThreadEventExecutor.java:472)
	at io.netty.channel.nio.NioEventLoop.run(NioEventLoop.java:497)
	at io.netty.util.concurrent.SingleThreadEventExecutor$4.run(SingleThreadEventExecutor.java:989)
	at io.netty.util.internal.ThreadExecutorMap$2.run(ThreadExecutorMap.java:74)
	at io.netty.util.concurrent.FastThreadLocalRunnable.run(FastThreadLocalRunnable.java:30)
	at java.lang.Thread.run(Thread.java:748)
Caused by: javax.net.ssl.SSLException: Received fatal alert: certificate_unknown
	at sun.security.ssl.Alerts.getSSLException(Alerts.java:214)
	at sun.security.ssl.SSLEngineImpl.fatal(SSLEngineImpl.java:1667)
	at sun.security.ssl.SSLEngineImpl.fatal(SSLEngineImpl.java:1635)
	at sun.security.ssl.SSLEngineImpl.recvAlert(SSLEngineImpl.java:1801)
	at sun.security.ssl.SSLEngineImpl.readRecord(SSLEngineImpl.java:1090)
	at sun.security.ssl.SSLEngineImpl.readNetRecord(SSLEngineImpl.java:913)
	at sun.security.ssl.SSLEngineImpl.unwrap(SSLEngineImpl.java:783)
	at javax.net.ssl.SSLEngine.unwrap(SSLEngine.java:626)
	at io.netty.handler.ssl.SslHandler$SslEngineType$3.unwrap(SslHandler.java:281)
	at io.netty.handler.ssl.SslHandler.unwrap(SslHandler.java:1340)
	at io.netty.handler.ssl.SslHandler.decodeJdkCompatible(SslHandler.java:1235)
	at io.netty.handler.ssl.SslHandler.decode(SslHandler.java:1282)
	at io.netty.handler.codec.ByteToMessageDecoder.decodeRemovalReentryProtection(ByteToMessageDecoder.java:498)
	at io.netty.handler.codec.ByteToMessageDecoder.callDecode(ByteToMessageDecoder.java:437)
	... 19 more
2020-06-22 14:06:20,015 [myid:127.0.0.1:30073] - INFO  [main-SendThread(127.0.0.1:30073):ClientCnxn$SendThread@1154] - Opening socket connection to server activate.navicat.com/127.0.0.1:30073.
2020-06-22 14:06:20,015 [myid:127.0.0.1:30073] - INFO  [main-SendThread(127.0.0.1:30073):ClientCnxn$SendThread@1156] - SASL config status: Will not attempt to authenticate using SASL (unknown error)
adding as trusted cert:
  Subject: CN=localhost, OU=ZooKeeper, O=Apache, L=Unknown, ST=Unknown, C=Unknown
  Issuer:  CN=localhost, OU=ZooKeeper, O=Apache, L=Unknown, ST=Unknown, C=Unknown
  Algorithm: RSA; Serial number: 0x7334b506
  Valid from Sat Jan 31 02:57:30 CST 2015 until Wed Feb 08 02:57:30 CST 3015

trigger seeding of SecureRandom
done seeding SecureRandom
Using SSLEngineImpl.
%% Initialized:  [Session-35, SSL_NULL_WITH_NULL_NULL]
2020-06-22 14:06:20,017 [myid:127.0.0.1:30073] - INFO  [nioEventLoopGroup-5-1:ClientCnxnSocketNetty$ZKClientPipelineFactory@454] - SSL handler added for channel: [id: 0xed69563c]
2020-06-22 14:06:20,018 [myid:127.0.0.1:30073] - INFO  [nioEventLoopGroup-5-1:ClientCnxn$SendThread@986] - Socket connection established, initiating session, client: /127.0.0.1:54776, server: activate.navicat.com/127.0.0.1:30073
2020-06-22 14:06:20,019 [myid:127.0.0.1:30073] - INFO  [nioEventLoopGroup-5-1:ClientCnxnSocketNetty$1@184] - channel is connected: [id: 0xed69563c, L:/127.0.0.1:54776 - R:activate.navicat.com/127.0.0.1:30073]
Allow unsafe renegotiation: false
Allow legacy hello messages: true
Is initial handshake: true
Is secure renegotiation: false
Ignoring unsupported cipher suite: TLS_ECDHE_ECDSA_WITH_AES_256_CBC_SHA384 for TLSv1
Ignoring unsupported cipher suite: TLS_ECDHE_RSA_WITH_AES_256_CBC_SHA384 for TLSv1
Ignoring unsupported cipher suite: TLS_RSA_WITH_AES_256_CBC_SHA256 for TLSv1
Ignoring unsupported cipher suite: TLS_ECDH_ECDSA_WITH_AES_256_CBC_SHA384 for TLSv1
Ignoring unsupported cipher suite: TLS_ECDH_RSA_WITH_AES_256_CBC_SHA384 for TLSv1
Ignoring unsupported cipher suite: TLS_DHE_RSA_WITH_AES_256_CBC_SHA256 for TLSv1
Ignoring unsupported cipher suite: TLS_DHE_DSS_WITH_AES_256_CBC_SHA256 for TLSv1
Ignoring unsupported cipher suite: TLS_ECDHE_ECDSA_WITH_AES_256_CBC_SHA384 for TLSv1.1
Ignoring unsupported cipher suite: TLS_ECDHE_RSA_WITH_AES_256_CBC_SHA384 for TLSv1.1
Ignoring unsupported cipher suite: TLS_RSA_WITH_AES_256_CBC_SHA256 for TLSv1.1
Ignoring unsupported cipher suite: TLS_ECDH_ECDSA_WITH_AES_256_CBC_SHA384 for TLSv1.1
Ignoring unsupported cipher suite: TLS_ECDH_RSA_WITH_AES_256_CBC_SHA384 for TLSv1.1
Ignoring unsupported cipher suite: TLS_DHE_RSA_WITH_AES_256_CBC_SHA256 for TLSv1.1
Ignoring unsupported cipher suite: TLS_DHE_DSS_WITH_AES_256_CBC_SHA256 for TLSv1.1
%% No cached client session
trigger seeding of SecureRandom
done seeding SecureRandom
Using SSLEngineImpl.
%% Initialized:  [Session-36, SSL_NULL_WITH_NULL_NULL]
update handshake state: client_hello[1]
upcoming handshake states: server_hello[2]
*** ClientHello, TLSv1.2
RandomCookie:  GMT: 1576028764 bytes = { 131, 112, 57, 209, 213, 179, 239, 163, 11, 65, 71, 169, 46, 65, 136, 95, 216, 128, 11, 60, 209, 60, 172, 29, 75, 230, 212, 155 }
Session ID:  {}
Cipher Suites: [TLS_ECDHE_ECDSA_WITH_AES_256_CBC_SHA384, TLS_ECDHE_RSA_WITH_AES_256_CBC_SHA384, TLS_RSA_WITH_AES_256_CBC_SHA256, TLS_ECDH_ECDSA_WITH_AES_256_CBC_SHA384, TLS_ECDH_RSA_WITH_AES_256_CBC_SHA384, TLS_DHE_RSA_WITH_AES_256_CBC_SHA256, TLS_DHE_DSS_WITH_AES_256_CBC_SHA256, TLS_ECDHE_ECDSA_WITH_AES_256_CBC_SHA, TLS_ECDHE_RSA_WITH_AES_256_CBC_SHA, TLS_RSA_WITH_AES_256_CBC_SHA, TLS_ECDH_ECDSA_WITH_AES_256_CBC_SHA, TLS_ECDH_RSA_WITH_AES_256_CBC_SHA, TLS_DHE_RSA_WITH_AES_256_CBC_SHA, TLS_DHE_DSS_WITH_AES_256_CBC_SHA, TLS_ECDHE_ECDSA_WITH_AES_128_CBC_SHA256, TLS_ECDHE_RSA_WITH_AES_128_CBC_SHA256, TLS_RSA_WITH_AES_128_CBC_SHA256, TLS_ECDH_ECDSA_WITH_AES_128_CBC_SHA256, TLS_ECDH_RSA_WITH_AES_128_CBC_SHA256, TLS_DHE_RSA_WITH_AES_128_CBC_SHA256, TLS_DHE_DSS_WITH_AES_128_CBC_SHA256, TLS_ECDHE_ECDSA_WITH_AES_128_CBC_SHA, TLS_ECDHE_RSA_WITH_AES_128_CBC_SHA, TLS_RSA_WITH_AES_128_CBC_SHA, TLS_ECDH_ECDSA_WITH_AES_128_CBC_SHA, TLS_ECDH_RSA_WITH_AES_128_CBC_SHA, TLS_DHE_RSA_WITH_AES_128_CBC_SHA, TLS_DHE_DSS_WITH_AES_128_CBC_SHA, TLS_ECDHE_ECDSA_WITH_AES_256_GCM_SHA384, TLS_ECDHE_ECDSA_WITH_AES_128_GCM_SHA256, TLS_ECDHE_RSA_WITH_AES_256_GCM_SHA384, TLS_RSA_WITH_AES_256_GCM_SHA384, TLS_ECDH_ECDSA_WITH_AES_256_GCM_SHA384, TLS_ECDH_RSA_WITH_AES_256_GCM_SHA384, TLS_DHE_RSA_WITH_AES_256_GCM_SHA384, TLS_DHE_DSS_WITH_AES_256_GCM_SHA384, TLS_ECDHE_RSA_WITH_AES_128_GCM_SHA256, TLS_RSA_WITH_AES_128_GCM_SHA256, TLS_ECDH_ECDSA_WITH_AES_128_GCM_SHA256, TLS_ECDH_RSA_WITH_AES_128_GCM_SHA256, TLS_DHE_RSA_WITH_AES_128_GCM_SHA256, TLS_DHE_DSS_WITH_AES_128_GCM_SHA256, TLS_EMPTY_RENEGOTIATION_INFO_SCSV]
Compression Methods:  { 0 }
Extension elliptic_curves, curve names: {secp256r1, secp384r1, secp521r1}
Extension ec_point_formats, formats: [uncompressed]
Extension signature_algorithms, signature_algorithms: SHA512withECDSA, SHA512withRSA, SHA384withECDSA, SHA384withRSA, SHA256withECDSA, SHA256withRSA, SHA256withDSA, SHA1withECDSA, SHA1withRSA, SHA1withDSA
Extension extended_master_secret
Extension server_name, server_name: [type=host_name (0), value=activate.navicat.com]
***
nioEventLoopGroup-5-1, WRITE: TLSv1.2 Handshake, length = 208
Allow unsafe renegotiation: false
Allow legacy hello messages: true
Is initial handshake: true
Is secure renegotiation: false
nioEventLoopGroup-4-10, READ: TLSv1.2 Handshake, length = 208
check handshake state: client_hello[1]
update handshake state: client_hello[1]
upcoming handshake states: server_hello[2]
*** ClientHello, TLSv1.2
RandomCookie:  GMT: 1576028764 bytes = { 131, 112, 57, 209, 213, 179, 239, 163, 11, 65, 71, 169, 46, 65, 136, 95, 216, 128, 11, 60, 209, 60, 172, 29, 75, 230, 212, 155 }
Session ID:  {}
Cipher Suites: [TLS_ECDHE_ECDSA_WITH_AES_256_CBC_SHA384, TLS_ECDHE_RSA_WITH_AES_256_CBC_SHA384, TLS_RSA_WITH_AES_256_CBC_SHA256, TLS_ECDH_ECDSA_WITH_AES_256_CBC_SHA384, TLS_ECDH_RSA_WITH_AES_256_CBC_SHA384, TLS_DHE_RSA_WITH_AES_256_CBC_SHA256, TLS_DHE_DSS_WITH_AES_256_CBC_SHA256, TLS_ECDHE_ECDSA_WITH_AES_256_CBC_SHA, TLS_ECDHE_RSA_WITH_AES_256_CBC_SHA, TLS_RSA_WITH_AES_256_CBC_SHA, TLS_ECDH_ECDSA_WITH_AES_256_CBC_SHA, TLS_ECDH_RSA_WITH_AES_256_CBC_SHA, TLS_DHE_RSA_WITH_AES_256_CBC_SHA, TLS_DHE_DSS_WITH_AES_256_CBC_SHA, TLS_ECDHE_ECDSA_WITH_AES_128_CBC_SHA256, TLS_ECDHE_RSA_WITH_AES_128_CBC_SHA256, TLS_RSA_WITH_AES_128_CBC_SHA256, TLS_ECDH_ECDSA_WITH_AES_128_CBC_SHA256, TLS_ECDH_RSA_WITH_AES_128_CBC_SHA256, TLS_DHE_RSA_WITH_AES_128_CBC_SHA256, TLS_DHE_DSS_WITH_AES_128_CBC_SHA256, TLS_ECDHE_ECDSA_WITH_AES_128_CBC_SHA, TLS_ECDHE_RSA_WITH_AES_128_CBC_SHA, TLS_RSA_WITH_AES_128_CBC_SHA, TLS_ECDH_ECDSA_WITH_AES_128_CBC_SHA, TLS_ECDH_RSA_WITH_AES_128_CBC_SHA, TLS_DHE_RSA_WITH_AES_128_CBC_SHA, TLS_DHE_DSS_WITH_AES_128_CBC_SHA, TLS_ECDHE_ECDSA_WITH_AES_256_GCM_SHA384, TLS_ECDHE_ECDSA_WITH_AES_128_GCM_SHA256, TLS_ECDHE_RSA_WITH_AES_256_GCM_SHA384, TLS_RSA_WITH_AES_256_GCM_SHA384, TLS_ECDH_ECDSA_WITH_AES_256_GCM_SHA384, TLS_ECDH_RSA_WITH_AES_256_GCM_SHA384, TLS_DHE_RSA_WITH_AES_256_GCM_SHA384, TLS_DHE_DSS_WITH_AES_256_GCM_SHA384, TLS_ECDHE_RSA_WITH_AES_128_GCM_SHA256, TLS_RSA_WITH_AES_128_GCM_SHA256, TLS_ECDH_ECDSA_WITH_AES_128_GCM_SHA256, TLS_ECDH_RSA_WITH_AES_128_GCM_SHA256, TLS_DHE_RSA_WITH_AES_128_GCM_SHA256, TLS_DHE_DSS_WITH_AES_128_GCM_SHA256, TLS_EMPTY_RENEGOTIATION_INFO_SCSV]
Compression Methods:  { 0 }
Extension elliptic_curves, curve names: {secp256r1, secp384r1, secp521r1}
Extension ec_point_formats, formats: [uncompressed]
Extension signature_algorithms, signature_algorithms: SHA512withECDSA, SHA512withRSA, SHA384withECDSA, SHA384withRSA, SHA256withECDSA, SHA256withRSA, SHA256withDSA, SHA1withECDSA, SHA1withRSA, SHA1withDSA
Extension extended_master_secret
Extension server_name, server_name: [type=host_name (0), value=activate.navicat.com]
***
%% Initialized:  [Session-37, SSL_NULL_WITH_NULL_NULL]
Standard ciphersuite chosen: TLS_ECDHE_RSA_WITH_AES_256_CBC_SHA384
%% Negotiating:  [Session-37, TLS_ECDHE_RSA_WITH_AES_256_CBC_SHA384]
*** ServerHello, TLSv1.2
RandomCookie:  GMT: 1576028764 bytes = { 168, 245, 160, 118, 206, 30, 95, 241, 39, 74, 120, 215, 10, 82, 135, 63, 168, 187, 180, 0, 236, 228, 48, 231, 112, 147, 16, 197 }
Session ID:  {94, 240, 74, 92, 238, 58, 53, 123, 181, 110, 118, 253, 82, 12, 99, 16, 214, 211, 88, 4, 153, 231, 109, 4, 141, 244, 135, 68, 73, 44, 79, 104}
Cipher Suite: TLS_ECDHE_RSA_WITH_AES_256_CBC_SHA384
Compression Method: 0
Extension renegotiation_info, renegotiated_connection: <empty>
Extension extended_master_secret
***
Cipher suite:  TLS_ECDHE_RSA_WITH_AES_256_CBC_SHA384
update handshake state: server_hello[2]
upcoming handshake states: server certificate[11]
upcoming handshake states: server_key_exchange[12](optional)
upcoming handshake states: certificate_request[13](optional)
upcoming handshake states: server_hello_done[14]
upcoming handshake states: client certificate[11](optional)
upcoming handshake states: client_key_exchange[16]
upcoming handshake states: certificate_verify[15](optional)
upcoming handshake states: client change_cipher_spec[-1]
upcoming handshake states: client finished[20]
upcoming handshake states: server change_cipher_spec[-1]
upcoming handshake states: server finished[20]
*** Certificate chain
chain [0] = [
[
  Version: V3
  Subject: CN=localhost, OU=ZooKeeper, O=Apache, L=Unknown, ST=Unknown, C=Unknown
  Signature Algorithm: SHA256withRSA, OID = 1.2.840.113549.1.1.11

  Key:  Sun RSA public key, 2048 bits
  params: null
  modulus: 20466894428749997265095448870198652391311568515891366224735448896044144250313384062095901217219702596717622583159291680947094046474456586662132842412743846124470020097713679685492900855417800931365512472314155689881392853768001073664569106127795833231344696659209258027979401908711647617989508135190248980524852215540637603770017238536229773075995665111861820945008718990948857303373661769409475939971958531493423489844433566328219155461676589360491136984327342101195255797973694339642711115427623510874675394946293706606142706174397483349590050687482693164890194014220011640037490528845185364811025836034294701994387
  public exponent: 65537
  Validity: [From: Sat Jan 31 02:57:30 CST 2015,
               To: Wed Feb 08 02:57:30 CST 3015]
  Issuer: CN=localhost, OU=ZooKeeper, O=Apache, L=Unknown, ST=Unknown, C=Unknown
  SerialNumber: [    7334b506]

Certificate Extensions: 1
[1]: ObjectId: 2.5.29.14 Criticality=false
SubjectKeyIdentifier [
KeyIdentifier [
0000: 65 D7 B4 E0 27 45 7A 00   58 2F AD D5 0B 64 2D 77  e...'Ez.X/...d-w
0010: 88 F7 AA F5                                        ....
]
]

]
  Algorithm: [SHA256withRSA]
  Signature:
0000: 1B C8 6B 36 83 1D 28 37   5C 1F 7D F6 C6 84 A0 BF  ..k6..(7\.......
0010: CA C0 47 CF C5 34 70 7A   CF 6B EA 34 84 BE 08 7A  ..G..4pz.k.4...z
0020: 98 E6 3D ED 1D E2 6F 06   DB 23 AB 41 AD D5 DF 1D  ..=...o..#.A....
0030: 92 F4 9D 05 FD 7C EE BE   4A 87 B8 F1 FE F4 5B 79  ........J.....[y
0040: DC AD F7 44 3D 67 08 7A   3B 91 D7 5A 79 44 96 D7  ...D=g.z;..ZyD..
0050: BE 0E 41 C8 64 E3 87 C3   28 11 AB DC 36 F5 B0 AC  ..A.d...(...6...
0060: BD 2F 16 1D 6E A1 52 25   5A EC 6F AD 20 71 5A 1B  ./..n.R%Z.o. qZ.
0070: 66 D4 0D A6 49 B7 75 43   C4 84 0B 4B AC BD 16 76  f...I.uC...K...v
0080: 58 2B 07 85 E2 F1 44 15   1E 67 D1 3C 13 73 5A 2D  X+....D..g.<.sZ-
0090: D6 06 0B A1 D3 09 7E EF   88 F9 C3 0E A4 10 47 EA  ..............G.
00A0: 65 5D CD F0 39 EA 2F 59   1C 08 BC F9 CC 5B C9 BB  e]..9./Y.....[..
00B0: 2F 20 19 81 97 B5 21 BB   60 A4 39 08 6C 41 2A 51  / ....!.`.9.lA*Q
00C0: B1 C3 1A A3 8C F8 ED 67   D0 EE EC 52 01 2A E4 1E  .......g...R.*..
00D0: D2 B4 34 73 DC 7E 34 24   A9 4E 77 AD FD B3 77 0D  ..4s..4$.Nw...w.
00E0: C2 7A C0 65 F6 CC 11 9D   19 AA 59 13 C3 9D AD 5F  .z.e......Y...._
00F0: 61 E6 C2 18 F0 E5 A1 49   41 B5 EF 9E 91 0C 35 9C  a......IA.....5.

]
***
update handshake state: certificate[11]
upcoming handshake states: server_key_exchange[12](optional)
upcoming handshake states: certificate_request[13](optional)
upcoming handshake states: server_hello_done[14]
upcoming handshake states: client certificate[11](optional)
upcoming handshake states: client_key_exchange[16]
upcoming handshake states: certificate_verify[15](optional)
upcoming handshake states: client change_cipher_spec[-1]
upcoming handshake states: client finished[20]
upcoming handshake states: server change_cipher_spec[-1]
upcoming handshake states: server finished[20]
*** ECDH ServerKeyExchange
Signature Algorithm SHA512withRSA
Server key: Sun EC public key, 256 bits
  public x coord: 77977150112054538518810989570964203513303870105575851721342150825171820827297
  public y coord: 72716335600058844486408870305383451424516284871765891617111855372304584931161
  parameters: secp256r1 [NIST P-256, X9.62 prime256v1] (1.2.840.10045.3.1.7)
update handshake state: server_key_exchange[12]
upcoming handshake states: certificate_request[13](optional)
upcoming handshake states: server_hello_done[14]
upcoming handshake states: client certificate[11](optional)
upcoming handshake states: client_key_exchange[16]
upcoming handshake states: certificate_verify[15](optional)
upcoming handshake states: client change_cipher_spec[-1]
upcoming handshake states: client finished[20]
upcoming handshake states: server change_cipher_spec[-1]
upcoming handshake states: server finished[20]
*** CertificateRequest
Cert Types: RSA, DSS, ECDSA
Supported Signature Algorithms: SHA512withECDSA, SHA512withRSA, SHA384withECDSA, SHA384withRSA, SHA256withECDSA, SHA256withRSA, SHA256withDSA, SHA1withECDSA, SHA1withRSA, SHA1withDSA
Cert Authorities:
<CN=localhost, OU=ZooKeeper, O=Apache, L=Unknown, ST=Unknown, C=Unknown>
update handshake state: unknown[13]
upcoming handshake states: server_hello_done[14]
upcoming handshake states: client certificate[11](optional)
upcoming handshake states: client_key_exchange[16]
upcoming handshake states: certificate_verify[15](optional)
upcoming handshake states: client change_cipher_spec[-1]
upcoming handshake states: client finished[20]
upcoming handshake states: server change_cipher_spec[-1]
upcoming handshake states: server finished[20]
*** ServerHelloDone
update handshake state: server_hello_done[14]
upcoming handshake states: client certificate[11](optional)
upcoming handshake states: client_key_exchange[16]
upcoming handshake states: certificate_verify[15](optional)
upcoming handshake states: client change_cipher_spec[-1]
upcoming handshake states: client finished[20]
upcoming handshake states: server change_cipher_spec[-1]
upcoming handshake states: server finished[20]
nioEventLoopGroup-4-10, WRITE: TLSv1.2 Handshake, length = 1478
nioEventLoopGroup-5-1, READ: TLSv1.2 Handshake, length = 1478
check handshake state: server_hello[2]
*** ServerHello, TLSv1.2
RandomCookie:  GMT: 1576028764 bytes = { 168, 245, 160, 118, 206, 30, 95, 241, 39, 74, 120, 215, 10, 82, 135, 63, 168, 187, 180, 0, 236, 228, 48, 231, 112, 147, 16, 197 }
Session ID:  {94, 240, 74, 92, 238, 58, 53, 123, 181, 110, 118, 253, 82, 12, 99, 16, 214, 211, 88, 4, 153, 231, 109, 4, 141, 244, 135, 68, 73, 44, 79, 104}
Cipher Suite: TLS_ECDHE_RSA_WITH_AES_256_CBC_SHA384
Compression Method: 0
Extension renegotiation_info, renegotiated_connection: <empty>
Extension extended_master_secret
***
%% Initialized:  [Session-38, TLS_ECDHE_RSA_WITH_AES_256_CBC_SHA384]
** TLS_ECDHE_RSA_WITH_AES_256_CBC_SHA384
update handshake state: server_hello[2]
upcoming handshake states: server certificate[11]
upcoming handshake states: server_key_exchange[12](optional)
upcoming handshake states: certificate_request[13](optional)
upcoming handshake states: server_hello_done[14]
upcoming handshake states: client certificate[11](optional)
upcoming handshake states: client_key_exchange[16]
upcoming handshake states: certificate_verify[15](optional)
upcoming handshake states: client change_cipher_spec[-1]
upcoming handshake states: client finished[20]
upcoming handshake states: server change_cipher_spec[-1]
upcoming handshake states: server finished[20]
check handshake state: certificate[11]
update handshake state: certificate[11]
upcoming handshake states: server_key_exchange[12](optional)
upcoming handshake states: certificate_request[13](optional)
upcoming handshake states: server_hello_done[14]
upcoming handshake states: client certificate[11](optional)
upcoming handshake states: client_key_exchange[16]
upcoming handshake states: certificate_verify[15](optional)
upcoming handshake states: client change_cipher_spec[-1]
upcoming handshake states: client finished[20]
upcoming handshake states: server change_cipher_spec[-1]
upcoming handshake states: server finished[20]
*** Certificate chain
chain [0] = [
[
  Version: V3
  Subject: CN=localhost, OU=ZooKeeper, O=Apache, L=Unknown, ST=Unknown, C=Unknown
  Signature Algorithm: SHA256withRSA, OID = 1.2.840.113549.1.1.11

  Key:  Sun RSA public key, 2048 bits
  params: null
  modulus: 20466894428749997265095448870198652391311568515891366224735448896044144250313384062095901217219702596717622583159291680947094046474456586662132842412743846124470020097713679685492900855417800931365512472314155689881392853768001073664569106127795833231344696659209258027979401908711647617989508135190248980524852215540637603770017238536229773075995665111861820945008718990948857303373661769409475939971958531493423489844433566328219155461676589360491136984327342101195255797973694339642711115427623510874675394946293706606142706174397483349590050687482693164890194014220011640037490528845185364811025836034294701994387
  public exponent: 65537
  Validity: [From: Sat Jan 31 02:57:30 CST 2015,
               To: Wed Feb 08 02:57:30 CST 3015]
  Issuer: CN=localhost, OU=ZooKeeper, O=Apache, L=Unknown, ST=Unknown, C=Unknown
  SerialNumber: [    7334b506]

Certificate Extensions: 1
[1]: ObjectId: 2.5.29.14 Criticality=false
SubjectKeyIdentifier [
KeyIdentifier [
0000: 65 D7 B4 E0 27 45 7A 00   58 2F AD D5 0B 64 2D 77  e...'Ez.X/...d-w
0010: 88 F7 AA F5                                        ....
]
]

]
  Algorithm: [SHA256withRSA]
  Signature:
0000: 1B C8 6B 36 83 1D 28 37   5C 1F 7D F6 C6 84 A0 BF  ..k6..(7\.......
0010: CA C0 47 CF C5 34 70 7A   CF 6B EA 34 84 BE 08 7A  ..G..4pz.k.4...z
0020: 98 E6 3D ED 1D E2 6F 06   DB 23 AB 41 AD D5 DF 1D  ..=...o..#.A....
0030: 92 F4 9D 05 FD 7C EE BE   4A 87 B8 F1 FE F4 5B 79  ........J.....[y
0040: DC AD F7 44 3D 67 08 7A   3B 91 D7 5A 79 44 96 D7  ...D=g.z;..ZyD..
0050: BE 0E 41 C8 64 E3 87 C3   28 11 AB DC 36 F5 B0 AC  ..A.d...(...6...
0060: BD 2F 16 1D 6E A1 52 25   5A EC 6F AD 20 71 5A 1B  ./..n.R%Z.o. qZ.
0070: 66 D4 0D A6 49 B7 75 43   C4 84 0B 4B AC BD 16 76  f...I.uC...K...v
0080: 58 2B 07 85 E2 F1 44 15   1E 67 D1 3C 13 73 5A 2D  X+....D..g.<.sZ-
0090: D6 06 0B A1 D3 09 7E EF   88 F9 C3 0E A4 10 47 EA  ..............G.
00A0: 65 5D CD F0 39 EA 2F 59   1C 08 BC F9 CC 5B C9 BB  e]..9./Y.....[..
00B0: 2F 20 19 81 97 B5 21 BB   60 A4 39 08 6C 41 2A 51  / ....!.`.9.lA*Q
00C0: B1 C3 1A A3 8C F8 ED 67   D0 EE EC 52 01 2A E4 1E  .......g...R.*..
00D0: D2 B4 34 73 DC 7E 34 24   A9 4E 77 AD FD B3 77 0D  ..4s..4$.Nw...w.
00E0: C2 7A C0 65 F6 CC 11 9D   19 AA 59 13 C3 9D AD 5F  .z.e......Y...._
00F0: 61 E6 C2 18 F0 E5 A1 49   41 B5 EF 9E 91 0C 35 9C  a......IA.....5.

]
***
Found trusted certificate:
[
[
  Version: V3
  Subject: CN=localhost, OU=ZooKeeper, O=Apache, L=Unknown, ST=Unknown, C=Unknown
  Signature Algorithm: SHA256withRSA, OID = 1.2.840.113549.1.1.11

  Key:  Sun RSA public key, 2048 bits
  params: null
  modulus: 20466894428749997265095448870198652391311568515891366224735448896044144250313384062095901217219702596717622583159291680947094046474456586662132842412743846124470020097713679685492900855417800931365512472314155689881392853768001073664569106127795833231344696659209258027979401908711647617989508135190248980524852215540637603770017238536229773075995665111861820945008718990948857303373661769409475939971958531493423489844433566328219155461676589360491136984327342101195255797973694339642711115427623510874675394946293706606142706174397483349590050687482693164890194014220011640037490528845185364811025836034294701994387
  public exponent: 65537
  Validity: [From: Sat Jan 31 02:57:30 CST 2015,
               To: Wed Feb 08 02:57:30 CST 3015]
  Issuer: CN=localhost, OU=ZooKeeper, O=Apache, L=Unknown, ST=Unknown, C=Unknown
  SerialNumber: [    7334b506]

Certificate Extensions: 1
[1]: ObjectId: 2.5.29.14 Criticality=false
SubjectKeyIdentifier [
KeyIdentifier [
0000: 65 D7 B4 E0 27 45 7A 00   58 2F AD D5 0B 64 2D 77  e...'Ez.X/...d-w
0010: 88 F7 AA F5                                        ....
]
]

]
  Algorithm: [SHA256withRSA]
  Signature:
0000: 1B C8 6B 36 83 1D 28 37   5C 1F 7D F6 C6 84 A0 BF  ..k6..(7\.......
0010: CA C0 47 CF C5 34 70 7A   CF 6B EA 34 84 BE 08 7A  ..G..4pz.k.4...z
0020: 98 E6 3D ED 1D E2 6F 06   DB 23 AB 41 AD D5 DF 1D  ..=...o..#.A....
0030: 92 F4 9D 05 FD 7C EE BE   4A 87 B8 F1 FE F4 5B 79  ........J.....[y
0040: DC AD F7 44 3D 67 08 7A   3B 91 D7 5A 79 44 96 D7  ...D=g.z;..ZyD..
0050: BE 0E 41 C8 64 E3 87 C3   28 11 AB DC 36 F5 B0 AC  ..A.d...(...6...
0060: BD 2F 16 1D 6E A1 52 25   5A EC 6F AD 20 71 5A 1B  ./..n.R%Z.o. qZ.
0070: 66 D4 0D A6 49 B7 75 43   C4 84 0B 4B AC BD 16 76  f...I.uC...K...v
0080: 58 2B 07 85 E2 F1 44 15   1E 67 D1 3C 13 73 5A 2D  X+....D..g.<.sZ-
0090: D6 06 0B A1 D3 09 7E EF   88 F9 C3 0E A4 10 47 EA  ..............G.
00A0: 65 5D CD F0 39 EA 2F 59   1C 08 BC F9 CC 5B C9 BB  e]..9./Y.....[..
00B0: 2F 20 19 81 97 B5 21 BB   60 A4 39 08 6C 41 2A 51  / ....!.`.9.lA*Q
00C0: B1 C3 1A A3 8C F8 ED 67   D0 EE EC 52 01 2A E4 1E  .......g...R.*..
00D0: D2 B4 34 73 DC 7E 34 24   A9 4E 77 AD FD B3 77 0D  ..4s..4$.Nw...w.
00E0: C2 7A C0 65 F6 CC 11 9D   19 AA 59 13 C3 9D AD 5F  .z.e......Y...._
00F0: 61 E6 C2 18 F0 E5 A1 49   41 B5 EF 9E 91 0C 35 9C  a......IA.....5.

]
2020-06-22 14:06:20,036 [myid:127.0.0.1:30073] - ERROR [nioEventLoopGroup-5-1:ZKTrustManager@161] - Failed to verify host address: 127.0.0.1
javax.net.ssl.SSLPeerUnverifiedException: Certificate for <127.0.0.1> doesn't match common name of the certificate subject: localhost
	at org.apache.zookeeper.common.ZKHostnameVerifier.matchCN(ZKHostnameVerifier.java:238)
	at org.apache.zookeeper.common.ZKHostnameVerifier.verify(ZKHostnameVerifier.java:184)
	at org.apache.zookeeper.common.ZKTrustManager.performHostVerification(ZKTrustManager.java:151)
	at org.apache.zookeeper.common.ZKTrustManager.checkServerTrusted(ZKTrustManager.java:118)
	at sun.security.ssl.ClientHandshaker.serverCertificate(ClientHandshaker.java:1675)
	at sun.security.ssl.ClientHandshaker.processMessage(ClientHandshaker.java:226)
	at sun.security.ssl.Handshaker.processLoop(Handshaker.java:1082)
	at sun.security.ssl.Handshaker$1.run(Handshaker.java:1015)
	at sun.security.ssl.Handshaker$1.run(Handshaker.java:1012)
	at java.security.AccessController.doPrivileged(Native Method)
	at sun.security.ssl.Handshaker$DelegatedTask.run(Handshaker.java:1504)
	at io.netty.handler.ssl.SslHandler.runAllDelegatedTasks(SslHandler.java:1510)
	at io.netty.handler.ssl.SslHandler.runDelegatedTasks(SslHandler.java:1524)
	at io.netty.handler.ssl.SslHandler.unwrap(SslHandler.java:1408)
	at io.netty.handler.ssl.SslHandler.decodeJdkCompatible(SslHandler.java:1235)
	at io.netty.handler.ssl.SslHandler.decode(SslHandler.java:1282)
	at io.netty.handler.codec.ByteToMessageDecoder.decodeRemovalReentryProtection(ByteToMessageDecoder.java:498)
	at io.netty.handler.codec.ByteToMessageDecoder.callDecode(ByteToMessageDecoder.java:437)
	at io.netty.handler.codec.ByteToMessageDecoder.channelRead(ByteToMessageDecoder.java:276)
	at io.netty.channel.AbstractChannelHandlerContext.invokeChannelRead(AbstractChannelHandlerContext.java:379)
	at io.netty.channel.AbstractChannelHandlerContext.invokeChannelRead(AbstractChannelHandlerContext.java:365)
	at io.netty.channel.AbstractChannelHandlerContext.fireChannelRead(AbstractChannelHandlerContext.java:357)
	at io.netty.channel.DefaultChannelPipeline$HeadContext.channelRead(DefaultChannelPipeline.java:1410)
	at io.netty.channel.AbstractChannelHandlerContext.invokeChannelRead(AbstractChannelHandlerContext.java:379)
	at io.netty.channel.AbstractChannelHandlerContext.invokeChannelRead(AbstractChannelHandlerContext.java:365)
	at io.netty.channel.DefaultChannelPipeline.fireChannelRead(DefaultChannelPipeline.java:919)
	at io.netty.channel.nio.AbstractNioByteChannel$NioByteUnsafe.read(AbstractNioByteChannel.java:163)
	at io.netty.channel.nio.NioEventLoop.processSelectedKey(NioEventLoop.java:714)
	at io.netty.channel.nio.NioEventLoop.processSelectedKeysOptimized(NioEventLoop.java:650)
	at io.netty.channel.nio.NioEventLoop.processSelectedKeys(NioEventLoop.java:576)
	at io.netty.channel.nio.NioEventLoop.run(NioEventLoop.java:493)
	at io.netty.util.concurrent.SingleThreadEventExecutor$4.run(SingleThreadEventExecutor.java:989)
	at io.netty.util.internal.ThreadExecutorMap$2.run(ThreadExecutorMap.java:74)
	at io.netty.util.concurrent.FastThreadLocalRunnable.run(FastThreadLocalRunnable.java:30)
	at java.lang.Thread.run(Thread.java:748)
2020-06-22 14:06:20,036 [myid:127.0.0.1:30073] - ERROR [nioEventLoopGroup-5-1:ZKTrustManager@162] - Failed to verify hostname: activate.navicat.com
javax.net.ssl.SSLPeerUnverifiedException: Certificate for <activate.navicat.com> doesn't match common name of the certificate subject: localhost
	at org.apache.zookeeper.common.ZKHostnameVerifier.matchCN(ZKHostnameVerifier.java:238)
	at org.apache.zookeeper.common.ZKHostnameVerifier.verify(ZKHostnameVerifier.java:184)
	at org.apache.zookeeper.common.ZKTrustManager.performHostVerification(ZKTrustManager.java:159)
	at org.apache.zookeeper.common.ZKTrustManager.checkServerTrusted(ZKTrustManager.java:118)
	at sun.security.ssl.ClientHandshaker.serverCertificate(ClientHandshaker.java:1675)
	at sun.security.ssl.ClientHandshaker.processMessage(ClientHandshaker.java:226)
	at sun.security.ssl.Handshaker.processLoop(Handshaker.java:1082)
	at sun.security.ssl.Handshaker$1.run(Handshaker.java:1015)
	at sun.security.ssl.Handshaker$1.run(Handshaker.java:1012)
	at java.security.AccessController.doPrivileged(Native Method)
	at sun.security.ssl.Handshaker$DelegatedTask.run(Handshaker.java:1504)
	at io.netty.handler.ssl.SslHandler.runAllDelegatedTasks(SslHandler.java:1510)
	at io.netty.handler.ssl.SslHandler.runDelegatedTasks(SslHandler.java:1524)
	at io.netty.handler.ssl.SslHandler.unwrap(SslHandler.java:1408)
	at io.netty.handler.ssl.SslHandler.decodeJdkCompatible(SslHandler.java:1235)
	at io.netty.handler.ssl.SslHandler.decode(SslHandler.java:1282)
	at io.netty.handler.codec.ByteToMessageDecoder.decodeRemovalReentryProtection(ByteToMessageDecoder.java:498)
	at io.netty.handler.codec.ByteToMessageDecoder.callDecode(ByteToMessageDecoder.java:437)
	at io.netty.handler.codec.ByteToMessageDecoder.channelRead(ByteToMessageDecoder.java:276)
	at io.netty.channel.AbstractChannelHandlerContext.invokeChannelRead(AbstractChannelHandlerContext.java:379)
	at io.netty.channel.AbstractChannelHandlerContext.invokeChannelRead(AbstractChannelHandlerContext.java:365)
	at io.netty.channel.AbstractChannelHandlerContext.fireChannelRead(AbstractChannelHandlerContext.java:357)
	at io.netty.channel.DefaultChannelPipeline$HeadContext.channelRead(DefaultChannelPipeline.java:1410)
	at io.netty.channel.AbstractChannelHandlerContext.invokeChannelRead(AbstractChannelHandlerContext.java:379)
	at io.netty.channel.AbstractChannelHandlerContext.invokeChannelRead(AbstractChannelHandlerContext.java:365)
	at io.netty.channel.DefaultChannelPipeline.fireChannelRead(DefaultChannelPipeline.java:919)
	at io.netty.channel.nio.AbstractNioByteChannel$NioByteUnsafe.read(AbstractNioByteChannel.java:163)
	at io.netty.channel.nio.NioEventLoop.processSelectedKey(NioEventLoop.java:714)
	at io.netty.channel.nio.NioEventLoop.processSelectedKeysOptimized(NioEventLoop.java:650)
	at io.netty.channel.nio.NioEventLoop.processSelectedKeys(NioEventLoop.java:576)
	at io.netty.channel.nio.NioEventLoop.run(NioEventLoop.java:493)
	at io.netty.util.concurrent.SingleThreadEventExecutor$4.run(SingleThreadEventExecutor.java:989)
	at io.netty.util.internal.ThreadExecutorMap$2.run(ThreadExecutorMap.java:74)
	at io.netty.util.concurrent.FastThreadLocalRunnable.run(FastThreadLocalRunnable.java:30)
	at java.lang.Thread.run(Thread.java:748)
nioEventLoopGroup-5-1, fatal error: 46: General SSLEngine problem
java.security.cert.CertificateException: Failed to verify both host address and host name
%% Invalidated:  [Session-35, SSL_NULL_WITH_NULL_NULL]
%% Invalidated:  [Session-38, TLS_ECDHE_RSA_WITH_AES_256_CBC_SHA384]
nioEventLoopGroup-5-1, SEND TLSv1.2 ALERT:  fatal, description = certificate_unknown
nioEventLoopGroup-5-1, WRITE: TLSv1.2 Alert, length = 2
nioEventLoopGroup-5-1, fatal: engine already closed.  Rethrowing javax.net.ssl.SSLHandshakeException: General SSLEngine problem
nioEventLoopGroup-5-1, called closeOutbound()
nioEventLoopGroup-5-1, closeOutboundInternal()
nioEventLoopGroup-5-1, called closeInbound()
nioEventLoopGroup-5-1, fatal: engine already closed.  Rethrowing javax.net.ssl.SSLException: Inbound closed before receiving peer's close_notify: possible truncation attack?
nioEventLoopGroup-4-10, READ: TLSv1.2 Alert, length = 2
nioEventLoopGroup-4-10, RECV TLSv1.2 ALERT:  fatal, certificate_unknown
nioEventLoopGroup-4-10, fatal: engine already closed.  Rethrowing javax.net.ssl.SSLException: Received fatal alert: certificate_unknown
nioEventLoopGroup-4-10, fatal: engine already closed.  Rethrowing javax.net.ssl.SSLException: Received fatal alert: certificate_unknown
2020-06-22 14:06:20,038 [myid:] - ERROR [nioEventLoopGroup-4-10:NettyServerCnxnFactory$CertificateVerifier@434] - Unsuccessful handshake with session 0x0
nioEventLoopGroup-4-10, called closeOutbound()
nioEventLoopGroup-4-10, closeOutboundInternal()
nioEventLoopGroup-4-10, SEND TLSv1.2 ALERT:  warning, description = close_notify
nioEventLoopGroup-4-10, WRITE: TLSv1.2 Alert, length = 2
nioEventLoopGroup-4-10, called closeInbound()
nioEventLoopGroup-4-10, fatal: engine already closed.  Rethrowing javax.net.ssl.SSLException: Inbound closed before receiving peer's close_notify: possible truncation attack?
2020-06-22 14:06:20,038 [myid:127.0.0.1:30073] - ERROR [nioEventLoopGroup-5-1:ClientCnxnSocketNetty$ZKClientHandler@522] - Unexpected throwable
io.netty.handler.codec.DecoderException: javax.net.ssl.SSLHandshakeException: General SSLEngine problem
	at io.netty.handler.codec.ByteToMessageDecoder.callDecode(ByteToMessageDecoder.java:468)
	at io.netty.handler.codec.ByteToMessageDecoder.channelRead(ByteToMessageDecoder.java:276)
	at io.netty.channel.AbstractChannelHandlerContext.invokeChannelRead(AbstractChannelHandlerContext.java:379)
	at io.netty.channel.AbstractChannelHandlerContext.invokeChannelRead(AbstractChannelHandlerContext.java:365)
	at io.netty.channel.AbstractChannelHandlerContext.fireChannelRead(AbstractChannelHandlerContext.java:357)
	at io.netty.channel.DefaultChannelPipeline$HeadContext.channelRead(DefaultChannelPipeline.java:1410)
	at io.netty.channel.AbstractChannelHandlerContext.invokeChannelRead(AbstractChannelHandlerContext.java:379)
	at io.netty.channel.AbstractChannelHandlerContext.invokeChannelRead(AbstractChannelHandlerContext.java:365)
	at io.netty.channel.DefaultChannelPipeline.fireChannelRead(DefaultChannelPipeline.java:919)
	at io.netty.channel.nio.AbstractNioByteChannel$NioByteUnsafe.read(AbstractNioByteChannel.java:163)
	at io.netty.channel.nio.NioEventLoop.processSelectedKey(NioEventLoop.java:714)
	at io.netty.channel.nio.NioEventLoop.processSelectedKeysOptimized(NioEventLoop.java:650)
	at io.netty.channel.nio.NioEventLoop.processSelectedKeys(NioEventLoop.java:576)
	at io.netty.channel.nio.NioEventLoop.run(NioEventLoop.java:493)
	at io.netty.util.concurrent.SingleThreadEventExecutor$4.run(SingleThreadEventExecutor.java:989)
	at io.netty.util.internal.ThreadExecutorMap$2.run(ThreadExecutorMap.java:74)
	at io.netty.util.concurrent.FastThreadLocalRunnable.run(FastThreadLocalRunnable.java:30)
	at java.lang.Thread.run(Thread.java:748)
Caused by: javax.net.ssl.SSLHandshakeException: General SSLEngine problem
	at sun.security.ssl.Handshaker.checkThrown(Handshaker.java:1566)
	at sun.security.ssl.SSLEngineImpl.checkTaskThrown(SSLEngineImpl.java:545)
	at sun.security.ssl.SSLEngineImpl.readNetRecord(SSLEngineImpl.java:819)
	at sun.security.ssl.SSLEngineImpl.unwrap(SSLEngineImpl.java:783)
	at javax.net.ssl.SSLEngine.unwrap(SSLEngine.java:626)
	at io.netty.handler.ssl.SslHandler$SslEngineType$3.unwrap(SslHandler.java:281)
	at io.netty.handler.ssl.SslHandler.unwrap(SslHandler.java:1340)
	at io.netty.handler.ssl.SslHandler.decodeJdkCompatible(SslHandler.java:1235)
	at io.netty.handler.ssl.SslHandler.decode(SslHandler.java:1282)
	at io.netty.handler.codec.ByteToMessageDecoder.decodeRemovalReentryProtection(ByteToMessageDecoder.java:498)
	at io.netty.handler.codec.ByteToMessageDecoder.callDecode(ByteToMessageDecoder.java:437)
	... 17 more
Caused by: javax.net.ssl.SSLHandshakeException: General SSLEngine problem
	at sun.security.ssl.Alerts.getSSLException(Alerts.java:198)
	at sun.security.ssl.SSLEngineImpl.fatal(SSLEngineImpl.java:1729)
	at sun.security.ssl.Handshaker.fatalSE(Handshaker.java:333)
	at sun.security.ssl.Handshaker.fatalSE(Handshaker.java:325)
	at sun.security.ssl.ClientHandshaker.serverCertificate(ClientHandshaker.java:1688)
	at sun.security.ssl.ClientHandshaker.processMessage(ClientHandshaker.java:226)
	at sun.security.ssl.Handshaker.processLoop(Handshaker.java:1082)
	at sun.security.ssl.Handshaker$1.run(Handshaker.java:1015)
	at sun.security.ssl.Handshaker$1.run(Handshaker.java:1012)
	at java.security.AccessController.doPrivileged(Native Method)
	at sun.security.ssl.Handshaker$DelegatedTask.run(Handshaker.java:1504)
	at io.netty.handler.ssl.SslHandler.runAllDelegatedTasks(SslHandler.java:1510)
	at io.netty.handler.ssl.SslHandler.runDelegatedTasks(SslHandler.java:1524)
	at io.netty.handler.ssl.SslHandler.unwrap(SslHandler.java:1408)
	... 21 more
Caused by: java.security.cert.CertificateException: Failed to verify both host address and host name
	at org.apache.zookeeper.common.ZKTrustManager.performHostVerification(ZKTrustManager.java:163)
	at org.apache.zookeeper.common.ZKTrustManager.checkServerTrusted(ZKTrustManager.java:118)
	at sun.security.ssl.ClientHandshaker.serverCertificate(ClientHandshaker.java:1675)
	... 30 more
Caused by: javax.net.ssl.SSLPeerUnverifiedException: Certificate for <activate.navicat.com> doesn't match common name of the certificate subject: localhost
	at org.apache.zookeeper.common.ZKHostnameVerifier.matchCN(ZKHostnameVerifier.java:238)
	at org.apache.zookeeper.common.ZKHostnameVerifier.verify(ZKHostnameVerifier.java:184)
	at org.apache.zookeeper.common.ZKTrustManager.performHostVerification(ZKTrustManager.java:159)
	... 32 more
2020-06-22 14:06:20,038 [myid:127.0.0.1:30073] - INFO  [nioEventLoopGroup-5-1:ClientCnxnSocketNetty@249] - channel is told closing
nioEventLoopGroup-5-1, called closeOutbound()
nioEventLoopGroup-5-1, closeOutboundInternal()
2020-06-22 14:06:20,039 [myid:] - WARN  [nioEventLoopGroup-4-10:NettyServerCnxnFactory$CnxnChannelHandler@273] - Exception caught
io.netty.handler.codec.DecoderException: javax.net.ssl.SSLException: Received fatal alert: certificate_unknown
	at io.netty.handler.codec.ByteToMessageDecoder.callDecode(ByteToMessageDecoder.java:468)
	at io.netty.handler.codec.ByteToMessageDecoder.channelRead(ByteToMessageDecoder.java:276)
	at io.netty.channel.AbstractChannelHandlerContext.invokeChannelRead(AbstractChannelHandlerContext.java:379)
	at io.netty.channel.AbstractChannelHandlerContext.invokeChannelRead(AbstractChannelHandlerContext.java:365)
	at io.netty.channel.AbstractChannelHandlerContext.fireChannelRead(AbstractChannelHandlerContext.java:357)
	at io.netty.channel.DefaultChannelPipeline$HeadContext.channelRead(DefaultChannelPipeline.java:1410)
	at io.netty.channel.AbstractChannelHandlerContext.invokeChannelRead(AbstractChannelHandlerContext.java:379)
	at io.netty.channel.AbstractChannelHandlerContext.invokeChannelRead(AbstractChannelHandlerContext.java:365)
	at io.netty.channel.DefaultChannelPipeline.fireChannelRead(DefaultChannelPipeline.java:919)
	at io.netty.channel.nio.AbstractNioByteChannel$NioByteUnsafe.read(AbstractNioByteChannel.java:163)
	at io.netty.channel.nio.NioEventLoop.processSelectedKey(NioEventLoop.java:714)
	at io.netty.channel.nio.NioEventLoop.processSelectedKeysOptimized(NioEventLoop.java:650)
	at io.netty.channel.nio.NioEventLoop.processSelectedKeys(NioEventLoop.java:576)
	at io.netty.channel.nio.NioEventLoop.run(NioEventLoop.java:493)
	at io.netty.util.concurrent.SingleThreadEventExecutor$4.run(SingleThreadEventExecutor.java:989)
	at io.netty.util.internal.ThreadExecutorMap$2.run(ThreadExecutorMap.java:74)
	at io.netty.util.concurrent.FastThreadLocalRunnable.run(FastThreadLocalRunnable.java:30)
	at java.lang.Thread.run(Thread.java:748)
Caused by: javax.net.ssl.SSLException: Received fatal alert: certificate_unknown
	at sun.security.ssl.Alerts.getSSLException(Alerts.java:214)
	at sun.security.ssl.SSLEngineImpl.fatal(SSLEngineImpl.java:1667)
	at sun.security.ssl.SSLEngineImpl.fatal(SSLEngineImpl.java:1635)
	at sun.security.ssl.SSLEngineImpl.recvAlert(SSLEngineImpl.java:1801)
	at sun.security.ssl.SSLEngineImpl.readRecord(SSLEngineImpl.java:1090)
	at sun.security.ssl.SSLEngineImpl.readNetRecord(SSLEngineImpl.java:913)
	at sun.security.ssl.SSLEngineImpl.unwrap(SSLEngineImpl.java:783)
	at javax.net.ssl.SSLEngine.unwrap(SSLEngine.java:626)
	at io.netty.handler.ssl.SslHandler$SslEngineType$3.unwrap(SslHandler.java:281)
	at io.netty.handler.ssl.SslHandler.unwrap(SslHandler.java:1340)
	at io.netty.handler.ssl.SslHandler.decodeJdkCompatible(SslHandler.java:1235)
	at io.netty.handler.ssl.SslHandler.decode(SslHandler.java:1282)
	at io.netty.handler.codec.ByteToMessageDecoder.decodeRemovalReentryProtection(ByteToMessageDecoder.java:498)
	at io.netty.handler.codec.ByteToMessageDecoder.callDecode(ByteToMessageDecoder.java:437)
	... 17 more
nioEventLoopGroup-4-10, called closeOutbound()
nioEventLoopGroup-4-10, closeOutboundInternal()
nioEventLoopGroup-4-10, READ: TLSv1.2 Alert, length = 2
nioEventLoopGroup-4-10, RECV TLSv1.2 ALERT:  fatal, certificate_unknown
nioEventLoopGroup-4-10, fatal: engine already closed.  Rethrowing javax.net.ssl.SSLException: Received fatal alert: certificate_unknown
nioEventLoopGroup-4-10, fatal: engine already closed.  Rethrowing javax.net.ssl.SSLException: Received fatal alert: certificate_unknown
2020-06-22 14:06:20,039 [myid:127.0.0.1:30073] - WARN  [main-SendThread(127.0.0.1:30073):ClientCnxn$SendThread@1272] - Session 0x0 for sever activate.navicat.com/127.0.0.1:30073, Closing socket connection. Attempting reconnect except it is a SessionExpiredException.
EndOfStreamException: channel for sessionid 0x0 is lost
	at org.apache.zookeeper.ClientCnxnSocketNetty.doTransport(ClientCnxnSocketNetty.java:285)
	at org.apache.zookeeper.ClientCnxn$SendThread.run(ClientCnxn.java:1262)
2020-06-22 14:06:20,039 [myid:127.0.0.1:30073] - INFO  [nioEventLoopGroup-5-1:ClientCnxnSocketNetty$ZKClientHandler@469] - channel is disconnected: [id: 0xed69563c, L:/127.0.0.1:54776 ! R:activate.navicat.com/127.0.0.1:30073]
nioEventLoopGroup-4-10, called closeOutbound()
nioEventLoopGroup-4-10, closeOutboundInternal()
nioEventLoopGroup-4-10, called closeInbound()
nioEventLoopGroup-4-10, closeInboundInternal()
nioEventLoopGroup-4-10, closeOutboundInternal()
2020-06-22 14:06:20,040 [myid:] - WARN  [nioEventLoopGroup-4-10:NettyServerCnxnFactory$CnxnChannelHandler@273] - Exception caught
io.netty.handler.codec.DecoderException: javax.net.ssl.SSLException: Received fatal alert: certificate_unknown
	at io.netty.handler.codec.ByteToMessageDecoder.callDecode(ByteToMessageDecoder.java:468)
	at io.netty.handler.codec.ByteToMessageDecoder.channelInputClosed(ByteToMessageDecoder.java:401)
	at io.netty.handler.codec.ByteToMessageDecoder.channelInputClosed(ByteToMessageDecoder.java:368)
	at io.netty.handler.codec.ByteToMessageDecoder.channelInactive(ByteToMessageDecoder.java:351)
	at io.netty.handler.ssl.SslHandler.channelInactive(SslHandler.java:1084)
	at io.netty.channel.AbstractChannelHandlerContext.invokeChannelInactive(AbstractChannelHandlerContext.java:262)
	at io.netty.channel.AbstractChannelHandlerContext.invokeChannelInactive(AbstractChannelHandlerContext.java:248)
	at io.netty.channel.AbstractChannelHandlerContext.fireChannelInactive(AbstractChannelHandlerContext.java:241)
	at io.netty.channel.DefaultChannelPipeline$HeadContext.channelInactive(DefaultChannelPipeline.java:1405)
	at io.netty.channel.AbstractChannelHandlerContext.invokeChannelInactive(AbstractChannelHandlerContext.java:262)
	at io.netty.channel.AbstractChannelHandlerContext.invokeChannelInactive(AbstractChannelHandlerContext.java:248)
	at io.netty.channel.DefaultChannelPipeline.fireChannelInactive(DefaultChannelPipeline.java:901)
	at io.netty.channel.AbstractChannel$AbstractUnsafe$8.run(AbstractChannel.java:818)
	at io.netty.util.concurrent.AbstractEventExecutor.safeExecute(AbstractEventExecutor.java:164)
	at io.netty.util.concurrent.SingleThreadEventExecutor.runAllTasks(SingleThreadEventExecutor.java:472)
	at io.netty.channel.nio.NioEventLoop.run(NioEventLoop.java:497)
	at io.netty.util.concurrent.SingleThreadEventExecutor$4.run(SingleThreadEventExecutor.java:989)
	at io.netty.util.internal.ThreadExecutorMap$2.run(ThreadExecutorMap.java:74)
	at io.netty.util.concurrent.FastThreadLocalRunnable.run(FastThreadLocalRunnable.java:30)
	at java.lang.Thread.run(Thread.java:748)
Caused by: javax.net.ssl.SSLException: Received fatal alert: certificate_unknown
	at sun.security.ssl.Alerts.getSSLException(Alerts.java:214)
	at sun.security.ssl.SSLEngineImpl.fatal(SSLEngineImpl.java:1667)
	at sun.security.ssl.SSLEngineImpl.fatal(SSLEngineImpl.java:1635)
	at sun.security.ssl.SSLEngineImpl.recvAlert(SSLEngineImpl.java:1801)
	at sun.security.ssl.SSLEngineImpl.readRecord(SSLEngineImpl.java:1090)
	at sun.security.ssl.SSLEngineImpl.readNetRecord(SSLEngineImpl.java:913)
	at sun.security.ssl.SSLEngineImpl.unwrap(SSLEngineImpl.java:783)
	at javax.net.ssl.SSLEngine.unwrap(SSLEngine.java:626)
	at io.netty.handler.ssl.SslHandler$SslEngineType$3.unwrap(SslHandler.java:281)
	at io.netty.handler.ssl.SslHandler.unwrap(SslHandler.java:1340)
	at io.netty.handler.ssl.SslHandler.decodeJdkCompatible(SslHandler.java:1235)
	at io.netty.handler.ssl.SslHandler.decode(SslHandler.java:1282)
	at io.netty.handler.codec.ByteToMessageDecoder.decodeRemovalReentryProtection(ByteToMessageDecoder.java:498)
	at io.netty.handler.codec.ByteToMessageDecoder.callDecode(ByteToMessageDecoder.java:437)
	... 19 more
2020-06-22 14:06:21,594 [myid:127.0.0.1:30073] - INFO  [main-SendThread(127.0.0.1:30073):ClientCnxn$SendThread@1154] - Opening socket connection to server activate.navicat.com/127.0.0.1:30073.
2020-06-22 14:06:21,594 [myid:127.0.0.1:30073] - INFO  [main-SendThread(127.0.0.1:30073):ClientCnxn$SendThread@1156] - SASL config status: Will not attempt to authenticate using SASL (unknown error)
adding as trusted cert:
  Subject: CN=localhost, OU=ZooKeeper, O=Apache, L=Unknown, ST=Unknown, C=Unknown
  Issuer:  CN=localhost, OU=ZooKeeper, O=Apache, L=Unknown, ST=Unknown, C=Unknown
  Algorithm: RSA; Serial number: 0x7334b506
  Valid from Sat Jan 31 02:57:30 CST 2015 until Wed Feb 08 02:57:30 CST 3015

trigger seeding of SecureRandom
done seeding SecureRandom
Using SSLEngineImpl.
%% Initialized:  [Session-39, SSL_NULL_WITH_NULL_NULL]
2020-06-22 14:06:21,597 [myid:127.0.0.1:30073] - INFO  [nioEventLoopGroup-5-1:ClientCnxnSocketNetty$ZKClientPipelineFactory@454] - SSL handler added for channel: [id: 0xc97a4d68]
2020-06-22 14:06:21,598 [myid:127.0.0.1:30073] - INFO  [nioEventLoopGroup-5-1:ClientCnxn$SendThread@986] - Socket connection established, initiating session, client: /127.0.0.1:54839, server: activate.navicat.com/127.0.0.1:30073
2020-06-22 14:06:21,598 [myid:127.0.0.1:30073] - INFO  [nioEventLoopGroup-5-1:ClientCnxnSocketNetty$1@184] - channel is connected: [id: 0xc97a4d68, L:/127.0.0.1:54839 - R:activate.navicat.com/127.0.0.1:30073]
Allow unsafe renegotiation: false
Allow legacy hello messages: true
Is initial handshake: true
Is secure renegotiation: false
Ignoring unsupported cipher suite: TLS_ECDHE_ECDSA_WITH_AES_256_CBC_SHA384 for TLSv1
Ignoring unsupported cipher suite: TLS_ECDHE_RSA_WITH_AES_256_CBC_SHA384 for TLSv1
Ignoring unsupported cipher suite: TLS_RSA_WITH_AES_256_CBC_SHA256 for TLSv1
Ignoring unsupported cipher suite: TLS_ECDH_ECDSA_WITH_AES_256_CBC_SHA384 for TLSv1
Ignoring unsupported cipher suite: TLS_ECDH_RSA_WITH_AES_256_CBC_SHA384 for TLSv1
Ignoring unsupported cipher suite: TLS_DHE_RSA_WITH_AES_256_CBC_SHA256 for TLSv1
Ignoring unsupported cipher suite: TLS_DHE_DSS_WITH_AES_256_CBC_SHA256 for TLSv1
Ignoring unsupported cipher suite: TLS_ECDHE_ECDSA_WITH_AES_256_CBC_SHA384 for TLSv1.1
Ignoring unsupported cipher suite: TLS_ECDHE_RSA_WITH_AES_256_CBC_SHA384 for TLSv1.1
Ignoring unsupported cipher suite: TLS_RSA_WITH_AES_256_CBC_SHA256 for TLSv1.1
Ignoring unsupported cipher suite: TLS_ECDH_ECDSA_WITH_AES_256_CBC_SHA384 for TLSv1.1
Ignoring unsupported cipher suite: TLS_ECDH_RSA_WITH_AES_256_CBC_SHA384 for TLSv1.1
Ignoring unsupported cipher suite: TLS_DHE_RSA_WITH_AES_256_CBC_SHA256 for TLSv1.1
Ignoring unsupported cipher suite: TLS_DHE_DSS_WITH_AES_256_CBC_SHA256 for TLSv1.1
trigger seeding of SecureRandom
done seeding SecureRandom
Using SSLEngineImpl.
%% Initialized:  [Session-40, SSL_NULL_WITH_NULL_NULL]
%% No cached client session
update handshake state: client_hello[1]
upcoming handshake states: server_hello[2]
*** ClientHello, TLSv1.2
RandomCookie:  GMT: 1576028765 bytes = { 215, 86, 135, 162, 248, 124, 190, 229, 70, 147, 90, 162, 61, 119, 61, 172, 130, 10, 254, 29, 151, 159, 28, 135, 21, 208, 30, 214 }
Session ID:  {}
Cipher Suites: [TLS_ECDHE_ECDSA_WITH_AES_256_CBC_SHA384, TLS_ECDHE_RSA_WITH_AES_256_CBC_SHA384, TLS_RSA_WITH_AES_256_CBC_SHA256, TLS_ECDH_ECDSA_WITH_AES_256_CBC_SHA384, TLS_ECDH_RSA_WITH_AES_256_CBC_SHA384, TLS_DHE_RSA_WITH_AES_256_CBC_SHA256, TLS_DHE_DSS_WITH_AES_256_CBC_SHA256, TLS_ECDHE_ECDSA_WITH_AES_256_CBC_SHA, TLS_ECDHE_RSA_WITH_AES_256_CBC_SHA, TLS_RSA_WITH_AES_256_CBC_SHA, TLS_ECDH_ECDSA_WITH_AES_256_CBC_SHA, TLS_ECDH_RSA_WITH_AES_256_CBC_SHA, TLS_DHE_RSA_WITH_AES_256_CBC_SHA, TLS_DHE_DSS_WITH_AES_256_CBC_SHA, TLS_ECDHE_ECDSA_WITH_AES_128_CBC_SHA256, TLS_ECDHE_RSA_WITH_AES_128_CBC_SHA256, TLS_RSA_WITH_AES_128_CBC_SHA256, TLS_ECDH_ECDSA_WITH_AES_128_CBC_SHA256, TLS_ECDH_RSA_WITH_AES_128_CBC_SHA256, TLS_DHE_RSA_WITH_AES_128_CBC_SHA256, TLS_DHE_DSS_WITH_AES_128_CBC_SHA256, TLS_ECDHE_ECDSA_WITH_AES_128_CBC_SHA, TLS_ECDHE_RSA_WITH_AES_128_CBC_SHA, TLS_RSA_WITH_AES_128_CBC_SHA, TLS_ECDH_ECDSA_WITH_AES_128_CBC_SHA, TLS_ECDH_RSA_WITH_AES_128_CBC_SHA, TLS_DHE_RSA_WITH_AES_128_CBC_SHA, TLS_DHE_DSS_WITH_AES_128_CBC_SHA, TLS_ECDHE_ECDSA_WITH_AES_256_GCM_SHA384, TLS_ECDHE_ECDSA_WITH_AES_128_GCM_SHA256, TLS_ECDHE_RSA_WITH_AES_256_GCM_SHA384, TLS_RSA_WITH_AES_256_GCM_SHA384, TLS_ECDH_ECDSA_WITH_AES_256_GCM_SHA384, TLS_ECDH_RSA_WITH_AES_256_GCM_SHA384, TLS_DHE_RSA_WITH_AES_256_GCM_SHA384, TLS_DHE_DSS_WITH_AES_256_GCM_SHA384, TLS_ECDHE_RSA_WITH_AES_128_GCM_SHA256, TLS_RSA_WITH_AES_128_GCM_SHA256, TLS_ECDH_ECDSA_WITH_AES_128_GCM_SHA256, TLS_ECDH_RSA_WITH_AES_128_GCM_SHA256, TLS_DHE_RSA_WITH_AES_128_GCM_SHA256, TLS_DHE_DSS_WITH_AES_128_GCM_SHA256, TLS_EMPTY_RENEGOTIATION_INFO_SCSV]
Compression Methods:  { 0 }
Extension elliptic_curves, curve names: {secp256r1, secp384r1, secp521r1}
Extension ec_point_formats, formats: [uncompressed]
Extension signature_algorithms, signature_algorithms: SHA512withECDSA, SHA512withRSA, SHA384withECDSA, SHA384withRSA, SHA256withECDSA, SHA256withRSA, SHA256withDSA, SHA1withECDSA, SHA1withRSA, SHA1withDSA
Extension extended_master_secret
Extension server_name, server_name: [type=host_name (0), value=activate.navicat.com]
***
nioEventLoopGroup-5-1, WRITE: TLSv1.2 Handshake, length = 208
Allow unsafe renegotiation: false
Allow legacy hello messages: true
Is initial handshake: true
Is secure renegotiation: false
nioEventLoopGroup-4-11, READ: TLSv1.2 Handshake, length = 208
check handshake state: client_hello[1]
update handshake state: client_hello[1]
upcoming handshake states: server_hello[2]
*** ClientHello, TLSv1.2
RandomCookie:  GMT: 1576028765 bytes = { 215, 86, 135, 162, 248, 124, 190, 229, 70, 147, 90, 162, 61, 119, 61, 172, 130, 10, 254, 29, 151, 159, 28, 135, 21, 208, 30, 214 }
Session ID:  {}
Cipher Suites: [TLS_ECDHE_ECDSA_WITH_AES_256_CBC_SHA384, TLS_ECDHE_RSA_WITH_AES_256_CBC_SHA384, TLS_RSA_WITH_AES_256_CBC_SHA256, TLS_ECDH_ECDSA_WITH_AES_256_CBC_SHA384, TLS_ECDH_RSA_WITH_AES_256_CBC_SHA384, TLS_DHE_RSA_WITH_AES_256_CBC_SHA256, TLS_DHE_DSS_WITH_AES_256_CBC_SHA256, TLS_ECDHE_ECDSA_WITH_AES_256_CBC_SHA, TLS_ECDHE_RSA_WITH_AES_256_CBC_SHA, TLS_RSA_WITH_AES_256_CBC_SHA, TLS_ECDH_ECDSA_WITH_AES_256_CBC_SHA, TLS_ECDH_RSA_WITH_AES_256_CBC_SHA, TLS_DHE_RSA_WITH_AES_256_CBC_SHA, TLS_DHE_DSS_WITH_AES_256_CBC_SHA, TLS_ECDHE_ECDSA_WITH_AES_128_CBC_SHA256, TLS_ECDHE_RSA_WITH_AES_128_CBC_SHA256, TLS_RSA_WITH_AES_128_CBC_SHA256, TLS_ECDH_ECDSA_WITH_AES_128_CBC_SHA256, TLS_ECDH_RSA_WITH_AES_128_CBC_SHA256, TLS_DHE_RSA_WITH_AES_128_CBC_SHA256, TLS_DHE_DSS_WITH_AES_128_CBC_SHA256, TLS_ECDHE_ECDSA_WITH_AES_128_CBC_SHA, TLS_ECDHE_RSA_WITH_AES_128_CBC_SHA, TLS_RSA_WITH_AES_128_CBC_SHA, TLS_ECDH_ECDSA_WITH_AES_128_CBC_SHA, TLS_ECDH_RSA_WITH_AES_128_CBC_SHA, TLS_DHE_RSA_WITH_AES_128_CBC_SHA, TLS_DHE_DSS_WITH_AES_128_CBC_SHA, TLS_ECDHE_ECDSA_WITH_AES_256_GCM_SHA384, TLS_ECDHE_ECDSA_WITH_AES_128_GCM_SHA256, TLS_ECDHE_RSA_WITH_AES_256_GCM_SHA384, TLS_RSA_WITH_AES_256_GCM_SHA384, TLS_ECDH_ECDSA_WITH_AES_256_GCM_SHA384, TLS_ECDH_RSA_WITH_AES_256_GCM_SHA384, TLS_DHE_RSA_WITH_AES_256_GCM_SHA384, TLS_DHE_DSS_WITH_AES_256_GCM_SHA384, TLS_ECDHE_RSA_WITH_AES_128_GCM_SHA256, TLS_RSA_WITH_AES_128_GCM_SHA256, TLS_ECDH_ECDSA_WITH_AES_128_GCM_SHA256, TLS_ECDH_RSA_WITH_AES_128_GCM_SHA256, TLS_DHE_RSA_WITH_AES_128_GCM_SHA256, TLS_DHE_DSS_WITH_AES_128_GCM_SHA256, TLS_EMPTY_RENEGOTIATION_INFO_SCSV]
Compression Methods:  { 0 }
Extension elliptic_curves, curve names: {secp256r1, secp384r1, secp521r1}
Extension ec_point_formats, formats: [uncompressed]
Extension signature_algorithms, signature_algorithms: SHA512withECDSA, SHA512withRSA, SHA384withECDSA, SHA384withRSA, SHA256withECDSA, SHA256withRSA, SHA256withDSA, SHA1withECDSA, SHA1withRSA, SHA1withDSA
Extension extended_master_secret
Extension server_name, server_name: [type=host_name (0), value=activate.navicat.com]
***
%% Initialized:  [Session-41, SSL_NULL_WITH_NULL_NULL]
Standard ciphersuite chosen: TLS_ECDHE_RSA_WITH_AES_256_CBC_SHA384
%% Negotiating:  [Session-41, TLS_ECDHE_RSA_WITH_AES_256_CBC_SHA384]
*** ServerHello, TLSv1.2
RandomCookie:  GMT: 1576028765 bytes = { 11, 113, 88, 13, 140, 88, 186, 209, 16, 56, 162, 10, 55, 88, 194, 31, 87, 17, 254, 66, 248, 237, 208, 115, 25, 9, 247, 102 }
Session ID:  {94, 240, 74, 93, 210, 239, 40, 164, 226, 120, 99, 92, 85, 230, 226, 162, 100, 212, 105, 62, 205, 178, 166, 139, 112, 191, 68, 114, 99, 69, 173, 127}
Cipher Suite: TLS_ECDHE_RSA_WITH_AES_256_CBC_SHA384
Compression Method: 0
Extension renegotiation_info, renegotiated_connection: <empty>
Extension extended_master_secret
***
Cipher suite:  TLS_ECDHE_RSA_WITH_AES_256_CBC_SHA384
update handshake state: server_hello[2]
upcoming handshake states: server certificate[11]
upcoming handshake states: server_key_exchange[12](optional)
upcoming handshake states: certificate_request[13](optional)
upcoming handshake states: server_hello_done[14]
upcoming handshake states: client certificate[11](optional)
upcoming handshake states: client_key_exchange[16]
upcoming handshake states: certificate_verify[15](optional)
upcoming handshake states: client change_cipher_spec[-1]
upcoming handshake states: client finished[20]
upcoming handshake states: server change_cipher_spec[-1]
upcoming handshake states: server finished[20]
*** Certificate chain
chain [0] = [
[
  Version: V3
  Subject: CN=localhost, OU=ZooKeeper, O=Apache, L=Unknown, ST=Unknown, C=Unknown
  Signature Algorithm: SHA256withRSA, OID = 1.2.840.113549.1.1.11

  Key:  Sun RSA public key, 2048 bits
  params: null
  modulus: 20466894428749997265095448870198652391311568515891366224735448896044144250313384062095901217219702596717622583159291680947094046474456586662132842412743846124470020097713679685492900855417800931365512472314155689881392853768001073664569106127795833231344696659209258027979401908711647617989508135190248980524852215540637603770017238536229773075995665111861820945008718990948857303373661769409475939971958531493423489844433566328219155461676589360491136984327342101195255797973694339642711115427623510874675394946293706606142706174397483349590050687482693164890194014220011640037490528845185364811025836034294701994387
  public exponent: 65537
  Validity: [From: Sat Jan 31 02:57:30 CST 2015,
               To: Wed Feb 08 02:57:30 CST 3015]
  Issuer: CN=localhost, OU=ZooKeeper, O=Apache, L=Unknown, ST=Unknown, C=Unknown
  SerialNumber: [    7334b506]

Certificate Extensions: 1
[1]: ObjectId: 2.5.29.14 Criticality=false
SubjectKeyIdentifier [
KeyIdentifier [
0000: 65 D7 B4 E0 27 45 7A 00   58 2F AD D5 0B 64 2D 77  e...'Ez.X/...d-w
0010: 88 F7 AA F5                                        ....
]
]

]
  Algorithm: [SHA256withRSA]
  Signature:
0000: 1B C8 6B 36 83 1D 28 37   5C 1F 7D F6 C6 84 A0 BF  ..k6..(7\.......
0010: CA C0 47 CF C5 34 70 7A   CF 6B EA 34 84 BE 08 7A  ..G..4pz.k.4...z
0020: 98 E6 3D ED 1D E2 6F 06   DB 23 AB 41 AD D5 DF 1D  ..=...o..#.A....
0030: 92 F4 9D 05 FD 7C EE BE   4A 87 B8 F1 FE F4 5B 79  ........J.....[y
0040: DC AD F7 44 3D 67 08 7A   3B 91 D7 5A 79 44 96 D7  ...D=g.z;..ZyD..
0050: BE 0E 41 C8 64 E3 87 C3   28 11 AB DC 36 F5 B0 AC  ..A.d...(...6...
0060: BD 2F 16 1D 6E A1 52 25   5A EC 6F AD 20 71 5A 1B  ./..n.R%Z.o. qZ.
0070: 66 D4 0D A6 49 B7 75 43   C4 84 0B 4B AC BD 16 76  f...I.uC...K...v
0080: 58 2B 07 85 E2 F1 44 15   1E 67 D1 3C 13 73 5A 2D  X+....D..g.<.sZ-
0090: D6 06 0B A1 D3 09 7E EF   88 F9 C3 0E A4 10 47 EA  ..............G.
00A0: 65 5D CD F0 39 EA 2F 59   1C 08 BC F9 CC 5B C9 BB  e]..9./Y.....[..
00B0: 2F 20 19 81 97 B5 21 BB   60 A4 39 08 6C 41 2A 51  / ....!.`.9.lA*Q
00C0: B1 C3 1A A3 8C F8 ED 67   D0 EE EC 52 01 2A E4 1E  .......g...R.*..
00D0: D2 B4 34 73 DC 7E 34 24   A9 4E 77 AD FD B3 77 0D  ..4s..4$.Nw...w.
00E0: C2 7A C0 65 F6 CC 11 9D   19 AA 59 13 C3 9D AD 5F  .z.e......Y...._
00F0: 61 E6 C2 18 F0 E5 A1 49   41 B5 EF 9E 91 0C 35 9C  a......IA.....5.

]
***
update handshake state: certificate[11]
upcoming handshake states: server_key_exchange[12](optional)
upcoming handshake states: certificate_request[13](optional)
upcoming handshake states: server_hello_done[14]
upcoming handshake states: client certificate[11](optional)
upcoming handshake states: client_key_exchange[16]
upcoming handshake states: certificate_verify[15](optional)
upcoming handshake states: client change_cipher_spec[-1]
upcoming handshake states: client finished[20]
upcoming handshake states: server change_cipher_spec[-1]
upcoming handshake states: server finished[20]
*** ECDH ServerKeyExchange
Signature Algorithm SHA512withRSA
Server key: Sun EC public key, 256 bits
  public x coord: 114719565901721521906210231184511014019719222037903135650497209012309056583405
  public y coord: 114883265665596575284179712750131225848477038293203340220881962755524208823449
  parameters: secp256r1 [NIST P-256, X9.62 prime256v1] (1.2.840.10045.3.1.7)
update handshake state: server_key_exchange[12]
upcoming handshake states: certificate_request[13](optional)
upcoming handshake states: server_hello_done[14]
upcoming handshake states: client certificate[11](optional)
upcoming handshake states: client_key_exchange[16]
upcoming handshake states: certificate_verify[15](optional)
upcoming handshake states: client change_cipher_spec[-1]
upcoming handshake states: client finished[20]
upcoming handshake states: server change_cipher_spec[-1]
upcoming handshake states: server finished[20]
*** CertificateRequest
Cert Types: RSA, DSS, ECDSA
Supported Signature Algorithms: SHA512withECDSA, SHA512withRSA, SHA384withECDSA, SHA384withRSA, SHA256withECDSA, SHA256withRSA, SHA256withDSA, SHA1withECDSA, SHA1withRSA, SHA1withDSA
Cert Authorities:
<CN=localhost, OU=ZooKeeper, O=Apache, L=Unknown, ST=Unknown, C=Unknown>
update handshake state: unknown[13]
upcoming handshake states: server_hello_done[14]
upcoming handshake states: client certificate[11](optional)
upcoming handshake states: client_key_exchange[16]
upcoming handshake states: certificate_verify[15](optional)
upcoming handshake states: client change_cipher_spec[-1]
upcoming handshake states: client finished[20]
upcoming handshake states: server change_cipher_spec[-1]
upcoming handshake states: server finished[20]
*** ServerHelloDone
update handshake state: server_hello_done[14]
upcoming handshake states: client certificate[11](optional)
upcoming handshake states: client_key_exchange[16]
upcoming handshake states: certificate_verify[15](optional)
upcoming handshake states: client change_cipher_spec[-1]
upcoming handshake states: client finished[20]
upcoming handshake states: server change_cipher_spec[-1]
upcoming handshake states: server finished[20]
nioEventLoopGroup-4-11, WRITE: TLSv1.2 Handshake, length = 1478
nioEventLoopGroup-5-1, READ: TLSv1.2 Handshake, length = 1478
check handshake state: server_hello[2]
*** ServerHello, TLSv1.2
RandomCookie:  GMT: 1576028765 bytes = { 11, 113, 88, 13, 140, 88, 186, 209, 16, 56, 162, 10, 55, 88, 194, 31, 87, 17, 254, 66, 248, 237, 208, 115, 25, 9, 247, 102 }
Session ID:  {94, 240, 74, 93, 210, 239, 40, 164, 226, 120, 99, 92, 85, 230, 226, 162, 100, 212, 105, 62, 205, 178, 166, 139, 112, 191, 68, 114, 99, 69, 173, 127}
Cipher Suite: TLS_ECDHE_RSA_WITH_AES_256_CBC_SHA384
Compression Method: 0
Extension renegotiation_info, renegotiated_connection: <empty>
Extension extended_master_secret
***
%% Initialized:  [Session-42, TLS_ECDHE_RSA_WITH_AES_256_CBC_SHA384]
** TLS_ECDHE_RSA_WITH_AES_256_CBC_SHA384
update handshake state: server_hello[2]
upcoming handshake states: server certificate[11]
upcoming handshake states: server_key_exchange[12](optional)
upcoming handshake states: certificate_request[13](optional)
upcoming handshake states: server_hello_done[14]
upcoming handshake states: client certificate[11](optional)
upcoming handshake states: client_key_exchange[16]
upcoming handshake states: certificate_verify[15](optional)
upcoming handshake states: client change_cipher_spec[-1]
upcoming handshake states: client finished[20]
upcoming handshake states: server change_cipher_spec[-1]
upcoming handshake states: server finished[20]
check handshake state: certificate[11]
update handshake state: certificate[11]
upcoming handshake states: server_key_exchange[12](optional)
upcoming handshake states: certificate_request[13](optional)
upcoming handshake states: server_hello_done[14]
upcoming handshake states: client certificate[11](optional)
upcoming handshake states: client_key_exchange[16]
upcoming handshake states: certificate_verify[15](optional)
upcoming handshake states: client change_cipher_spec[-1]
upcoming handshake states: client finished[20]
upcoming handshake states: server change_cipher_spec[-1]
upcoming handshake states: server finished[20]
*** Certificate chain
chain [0] = [
[
  Version: V3
  Subject: CN=localhost, OU=ZooKeeper, O=Apache, L=Unknown, ST=Unknown, C=Unknown
  Signature Algorithm: SHA256withRSA, OID = 1.2.840.113549.1.1.11

  Key:  Sun RSA public key, 2048 bits
  params: null
  modulus: 20466894428749997265095448870198652391311568515891366224735448896044144250313384062095901217219702596717622583159291680947094046474456586662132842412743846124470020097713679685492900855417800931365512472314155689881392853768001073664569106127795833231344696659209258027979401908711647617989508135190248980524852215540637603770017238536229773075995665111861820945008718990948857303373661769409475939971958531493423489844433566328219155461676589360491136984327342101195255797973694339642711115427623510874675394946293706606142706174397483349590050687482693164890194014220011640037490528845185364811025836034294701994387
  public exponent: 65537
  Validity: [From: Sat Jan 31 02:57:30 CST 2015,
               To: Wed Feb 08 02:57:30 CST 3015]
  Issuer: CN=localhost, OU=ZooKeeper, O=Apache, L=Unknown, ST=Unknown, C=Unknown
  SerialNumber: [    7334b506]

Certificate Extensions: 1
[1]: ObjectId: 2.5.29.14 Criticality=false
SubjectKeyIdentifier [
KeyIdentifier [
0000: 65 D7 B4 E0 27 45 7A 00   58 2F AD D5 0B 64 2D 77  e...'Ez.X/...d-w
0010: 88 F7 AA F5                                        ....
]
]

]
  Algorithm: [SHA256withRSA]
  Signature:
0000: 1B C8 6B 36 83 1D 28 37   5C 1F 7D F6 C6 84 A0 BF  ..k6..(7\.......
0010: CA C0 47 CF C5 34 70 7A   CF 6B EA 34 84 BE 08 7A  ..G..4pz.k.4...z
0020: 98 E6 3D ED 1D E2 6F 06   DB 23 AB 41 AD D5 DF 1D  ..=...o..#.A....
0030: 92 F4 9D 05 FD 7C EE BE   4A 87 B8 F1 FE F4 5B 79  ........J.....[y
0040: DC AD F7 44 3D 67 08 7A   3B 91 D7 5A 79 44 96 D7  ...D=g.z;..ZyD..
0050: BE 0E 41 C8 64 E3 87 C3   28 11 AB DC 36 F5 B0 AC  ..A.d...(...6...
0060: BD 2F 16 1D 6E A1 52 25   5A EC 6F AD 20 71 5A 1B  ./..n.R%Z.o. qZ.
0070: 66 D4 0D A6 49 B7 75 43   C4 84 0B 4B AC BD 16 76  f...I.uC...K...v
0080: 58 2B 07 85 E2 F1 44 15   1E 67 D1 3C 13 73 5A 2D  X+....D..g.<.sZ-
0090: D6 06 0B A1 D3 09 7E EF   88 F9 C3 0E A4 10 47 EA  ..............G.
00A0: 65 5D CD F0 39 EA 2F 59   1C 08 BC F9 CC 5B C9 BB  e]..9./Y.....[..
00B0: 2F 20 19 81 97 B5 21 BB   60 A4 39 08 6C 41 2A 51  / ....!.`.9.lA*Q
00C0: B1 C3 1A A3 8C F8 ED 67   D0 EE EC 52 01 2A E4 1E  .......g...R.*..
00D0: D2 B4 34 73 DC 7E 34 24   A9 4E 77 AD FD B3 77 0D  ..4s..4$.Nw...w.
00E0: C2 7A C0 65 F6 CC 11 9D   19 AA 59 13 C3 9D AD 5F  .z.e......Y...._
00F0: 61 E6 C2 18 F0 E5 A1 49   41 B5 EF 9E 91 0C 35 9C  a......IA.....5.

]
***
Found trusted certificate:
[
[
  Version: V3
  Subject: CN=localhost, OU=ZooKeeper, O=Apache, L=Unknown, ST=Unknown, C=Unknown
  Signature Algorithm: SHA256withRSA, OID = 1.2.840.113549.1.1.11

  Key:  Sun RSA public key, 2048 bits
  params: null
  modulus: 20466894428749997265095448870198652391311568515891366224735448896044144250313384062095901217219702596717622583159291680947094046474456586662132842412743846124470020097713679685492900855417800931365512472314155689881392853768001073664569106127795833231344696659209258027979401908711647617989508135190248980524852215540637603770017238536229773075995665111861820945008718990948857303373661769409475939971958531493423489844433566328219155461676589360491136984327342101195255797973694339642711115427623510874675394946293706606142706174397483349590050687482693164890194014220011640037490528845185364811025836034294701994387
  public exponent: 65537
  Validity: [From: Sat Jan 31 02:57:30 CST 2015,
               To: Wed Feb 08 02:57:30 CST 3015]
  Issuer: CN=localhost, OU=ZooKeeper, O=Apache, L=Unknown, ST=Unknown, C=Unknown
  SerialNumber: [    7334b506]

Certificate Extensions: 1
[1]: ObjectId: 2.5.29.14 Criticality=false
SubjectKeyIdentifier [
KeyIdentifier [
0000: 65 D7 B4 E0 27 45 7A 00   58 2F AD D5 0B 64 2D 77  e...'Ez.X/...d-w
0010: 88 F7 AA F5                                        ....
]
]

]
  Algorithm: [SHA256withRSA]
  Signature:
0000: 1B C8 6B 36 83 1D 28 37   5C 1F 7D F6 C6 84 A0 BF  ..k6..(7\.......
0010: CA C0 47 CF C5 34 70 7A   CF 6B EA 34 84 BE 08 7A  ..G..4pz.k.4...z
0020: 98 E6 3D ED 1D E2 6F 06   DB 23 AB 41 AD D5 DF 1D  ..=...o..#.A....
0030: 92 F4 9D 05 FD 7C EE BE   4A 87 B8 F1 FE F4 5B 79  ........J.....[y
0040: DC AD F7 44 3D 67 08 7A   3B 91 D7 5A 79 44 96 D7  ...D=g.z;..ZyD..
0050: BE 0E 41 C8 64 E3 87 C3   28 11 AB DC 36 F5 B0 AC  ..A.d...(...6...
0060: BD 2F 16 1D 6E A1 52 25   5A EC 6F AD 20 71 5A 1B  ./..n.R%Z.o. qZ.
0070: 66 D4 0D A6 49 B7 75 43   C4 84 0B 4B AC BD 16 76  f...I.uC...K...v
0080: 58 2B 07 85 E2 F1 44 15   1E 67 D1 3C 13 73 5A 2D  X+....D..g.<.sZ-
0090: D6 06 0B A1 D3 09 7E EF   88 F9 C3 0E A4 10 47 EA  ..............G.
00A0: 65 5D CD F0 39 EA 2F 59   1C 08 BC F9 CC 5B C9 BB  e]..9./Y.....[..
00B0: 2F 20 19 81 97 B5 21 BB   60 A4 39 08 6C 41 2A 51  / ....!.`.9.lA*Q
00C0: B1 C3 1A A3 8C F8 ED 67   D0 EE EC 52 01 2A E4 1E  .......g...R.*..
00D0: D2 B4 34 73 DC 7E 34 24   A9 4E 77 AD FD B3 77 0D  ..4s..4$.Nw...w.
00E0: C2 7A C0 65 F6 CC 11 9D   19 AA 59 13 C3 9D AD 5F  .z.e......Y...._
00F0: 61 E6 C2 18 F0 E5 A1 49   41 B5 EF 9E 91 0C 35 9C  a......IA.....5.

]
2020-06-22 14:06:21,620 [myid:127.0.0.1:30073] - ERROR [nioEventLoopGroup-5-1:ZKTrustManager@161] - Failed to verify host address: 127.0.0.1
javax.net.ssl.SSLPeerUnverifiedException: Certificate for <127.0.0.1> doesn't match common name of the certificate subject: localhost
	at org.apache.zookeeper.common.ZKHostnameVerifier.matchCN(ZKHostnameVerifier.java:238)
	at org.apache.zookeeper.common.ZKHostnameVerifier.verify(ZKHostnameVerifier.java:184)
	at org.apache.zookeeper.common.ZKTrustManager.performHostVerification(ZKTrustManager.java:151)
	at org.apache.zookeeper.common.ZKTrustManager.checkServerTrusted(ZKTrustManager.java:118)
	at sun.security.ssl.ClientHandshaker.serverCertificate(ClientHandshaker.java:1675)
	at sun.security.ssl.ClientHandshaker.processMessage(ClientHandshaker.java:226)
	at sun.security.ssl.Handshaker.processLoop(Handshaker.java:1082)
	at sun.security.ssl.Handshaker$1.run(Handshaker.java:1015)
	at sun.security.ssl.Handshaker$1.run(Handshaker.java:1012)
	at java.security.AccessController.doPrivileged(Native Method)
	at sun.security.ssl.Handshaker$DelegatedTask.run(Handshaker.java:1504)
	at io.netty.handler.ssl.SslHandler.runAllDelegatedTasks(SslHandler.java:1510)
	at io.netty.handler.ssl.SslHandler.runDelegatedTasks(SslHandler.java:1524)
	at io.netty.handler.ssl.SslHandler.unwrap(SslHandler.java:1408)
	at io.netty.handler.ssl.SslHandler.decodeJdkCompatible(SslHandler.java:1235)
	at io.netty.handler.ssl.SslHandler.decode(SslHandler.java:1282)
	at io.netty.handler.codec.ByteToMessageDecoder.decodeRemovalReentryProtection(ByteToMessageDecoder.java:498)
	at io.netty.handler.codec.ByteToMessageDecoder.callDecode(ByteToMessageDecoder.java:437)
	at io.netty.handler.codec.ByteToMessageDecoder.channelRead(ByteToMessageDecoder.java:276)
	at io.netty.channel.AbstractChannelHandlerContext.invokeChannelRead(AbstractChannelHandlerContext.java:379)
	at io.netty.channel.AbstractChannelHandlerContext.invokeChannelRead(AbstractChannelHandlerContext.java:365)
	at io.netty.channel.AbstractChannelHandlerContext.fireChannelRead(AbstractChannelHandlerContext.java:357)
	at io.netty.channel.DefaultChannelPipeline$HeadContext.channelRead(DefaultChannelPipeline.java:1410)
	at io.netty.channel.AbstractChannelHandlerContext.invokeChannelRead(AbstractChannelHandlerContext.java:379)
	at io.netty.channel.AbstractChannelHandlerContext.invokeChannelRead(AbstractChannelHandlerContext.java:365)
	at io.netty.channel.DefaultChannelPipeline.fireChannelRead(DefaultChannelPipeline.java:919)
	at io.netty.channel.nio.AbstractNioByteChannel$NioByteUnsafe.read(AbstractNioByteChannel.java:163)
	at io.netty.channel.nio.NioEventLoop.processSelectedKey(NioEventLoop.java:714)
	at io.netty.channel.nio.NioEventLoop.processSelectedKeysOptimized(NioEventLoop.java:650)
	at io.netty.channel.nio.NioEventLoop.processSelectedKeys(NioEventLoop.java:576)
	at io.netty.channel.nio.NioEventLoop.run(NioEventLoop.java:493)
	at io.netty.util.concurrent.SingleThreadEventExecutor$4.run(SingleThreadEventExecutor.java:989)
	at io.netty.util.internal.ThreadExecutorMap$2.run(ThreadExecutorMap.java:74)
	at io.netty.util.concurrent.FastThreadLocalRunnable.run(FastThreadLocalRunnable.java:30)
	at java.lang.Thread.run(Thread.java:748)
2020-06-22 14:06:21,621 [myid:127.0.0.1:30073] - ERROR [nioEventLoopGroup-5-1:ZKTrustManager@162] - Failed to verify hostname: activate.navicat.com
javax.net.ssl.SSLPeerUnverifiedException: Certificate for <activate.navicat.com> doesn't match common name of the certificate subject: localhost
	at org.apache.zookeeper.common.ZKHostnameVerifier.matchCN(ZKHostnameVerifier.java:238)
	at org.apache.zookeeper.common.ZKHostnameVerifier.verify(ZKHostnameVerifier.java:184)
	at org.apache.zookeeper.common.ZKTrustManager.performHostVerification(ZKTrustManager.java:159)
	at org.apache.zookeeper.common.ZKTrustManager.checkServerTrusted(ZKTrustManager.java:118)
	at sun.security.ssl.ClientHandshaker.serverCertificate(ClientHandshaker.java:1675)
	at sun.security.ssl.ClientHandshaker.processMessage(ClientHandshaker.java:226)
	at sun.security.ssl.Handshaker.processLoop(Handshaker.java:1082)
	at sun.security.ssl.Handshaker$1.run(Handshaker.java:1015)
	at sun.security.ssl.Handshaker$1.run(Handshaker.java:1012)
	at java.security.AccessController.doPrivileged(Native Method)
	at sun.security.ssl.Handshaker$DelegatedTask.run(Handshaker.java:1504)
	at io.netty.handler.ssl.SslHandler.runAllDelegatedTasks(SslHandler.java:1510)
	at io.netty.handler.ssl.SslHandler.runDelegatedTasks(SslHandler.java:1524)
	at io.netty.handler.ssl.SslHandler.unwrap(SslHandler.java:1408)
	at io.netty.handler.ssl.SslHandler.decodeJdkCompatible(SslHandler.java:1235)
	at io.netty.handler.ssl.SslHandler.decode(SslHandler.java:1282)
	at io.netty.handler.codec.ByteToMessageDecoder.decodeRemovalReentryProtection(ByteToMessageDecoder.java:498)
	at io.netty.handler.codec.ByteToMessageDecoder.callDecode(ByteToMessageDecoder.java:437)
	at io.netty.handler.codec.ByteToMessageDecoder.channelRead(ByteToMessageDecoder.java:276)
	at io.netty.channel.AbstractChannelHandlerContext.invokeChannelRead(AbstractChannelHandlerContext.java:379)
	at io.netty.channel.AbstractChannelHandlerContext.invokeChannelRead(AbstractChannelHandlerContext.java:365)
	at io.netty.channel.AbstractChannelHandlerContext.fireChannelRead(AbstractChannelHandlerContext.java:357)
	at io.netty.channel.DefaultChannelPipeline$HeadContext.channelRead(DefaultChannelPipeline.java:1410)
	at io.netty.channel.AbstractChannelHandlerContext.invokeChannelRead(AbstractChannelHandlerContext.java:379)
	at io.netty.channel.AbstractChannelHandlerContext.invokeChannelRead(AbstractChannelHandlerContext.java:365)
	at io.netty.channel.DefaultChannelPipeline.fireChannelRead(DefaultChannelPipeline.java:919)
	at io.netty.channel.nio.AbstractNioByteChannel$NioByteUnsafe.read(AbstractNioByteChannel.java:163)
	at io.netty.channel.nio.NioEventLoop.processSelectedKey(NioEventLoop.java:714)
	at io.netty.channel.nio.NioEventLoop.processSelectedKeysOptimized(NioEventLoop.java:650)
	at io.netty.channel.nio.NioEventLoop.processSelectedKeys(NioEventLoop.java:576)
	at io.netty.channel.nio.NioEventLoop.run(NioEventLoop.java:493)
	at io.netty.util.concurrent.SingleThreadEventExecutor$4.run(SingleThreadEventExecutor.java:989)
	at io.netty.util.internal.ThreadExecutorMap$2.run(ThreadExecutorMap.java:74)
	at io.netty.util.concurrent.FastThreadLocalRunnable.run(FastThreadLocalRunnable.java:30)
	at java.lang.Thread.run(Thread.java:748)
nioEventLoopGroup-5-1, fatal error: 46: General SSLEngine problem
java.security.cert.CertificateException: Failed to verify both host address and host name
%% Invalidated:  [Session-39, SSL_NULL_WITH_NULL_NULL]
%% Invalidated:  [Session-42, TLS_ECDHE_RSA_WITH_AES_256_CBC_SHA384]
nioEventLoopGroup-5-1, SEND TLSv1.2 ALERT:  fatal, description = certificate_unknown
nioEventLoopGroup-5-1, WRITE: TLSv1.2 Alert, length = 2
nioEventLoopGroup-5-1, fatal: engine already closed.  Rethrowing javax.net.ssl.SSLHandshakeException: General SSLEngine problem
nioEventLoopGroup-5-1, called closeOutbound()
nioEventLoopGroup-5-1, closeOutboundInternal()
nioEventLoopGroup-5-1, called closeInbound()
nioEventLoopGroup-5-1, fatal: engine already closed.  Rethrowing javax.net.ssl.SSLException: Inbound closed before receiving peer's close_notify: possible truncation attack?
nioEventLoopGroup-4-11, READ: TLSv1.2 Alert, length = 2
nioEventLoopGroup-4-11, RECV TLSv1.2 ALERT:  fatal, certificate_unknown
nioEventLoopGroup-4-11, fatal: engine already closed.  Rethrowing javax.net.ssl.SSLException: Received fatal alert: certificate_unknown
nioEventLoopGroup-4-11, fatal: engine already closed.  Rethrowing javax.net.ssl.SSLException: Received fatal alert: certificate_unknown
2020-06-22 14:06:21,622 [myid:] - ERROR [nioEventLoopGroup-4-11:NettyServerCnxnFactory$CertificateVerifier@434] - Unsuccessful handshake with session 0x0
nioEventLoopGroup-4-11, called closeOutbound()
nioEventLoopGroup-4-11, closeOutboundInternal()
nioEventLoopGroup-4-11, SEND TLSv1.2 ALERT:  warning, description = close_notify
nioEventLoopGroup-4-11, WRITE: TLSv1.2 Alert, length = 2
nioEventLoopGroup-4-11, called closeInbound()
nioEventLoopGroup-4-11, fatal: engine already closed.  Rethrowing javax.net.ssl.SSLException: Inbound closed before receiving peer's close_notify: possible truncation attack?
2020-06-22 14:06:21,623 [myid:127.0.0.1:30073] - ERROR [nioEventLoopGroup-5-1:ClientCnxnSocketNetty$ZKClientHandler@522] - Unexpected throwable
io.netty.handler.codec.DecoderException: javax.net.ssl.SSLHandshakeException: General SSLEngine problem
	at io.netty.handler.codec.ByteToMessageDecoder.callDecode(ByteToMessageDecoder.java:468)
	at io.netty.handler.codec.ByteToMessageDecoder.channelRead(ByteToMessageDecoder.java:276)
	at io.netty.channel.AbstractChannelHandlerContext.invokeChannelRead(AbstractChannelHandlerContext.java:379)
	at io.netty.channel.AbstractChannelHandlerContext.invokeChannelRead(AbstractChannelHandlerContext.java:365)
	at io.netty.channel.AbstractChannelHandlerContext.fireChannelRead(AbstractChannelHandlerContext.java:357)
	at io.netty.channel.DefaultChannelPipeline$HeadContext.channelRead(DefaultChannelPipeline.java:1410)
	at io.netty.channel.AbstractChannelHandlerContext.invokeChannelRead(AbstractChannelHandlerContext.java:379)
	at io.netty.channel.AbstractChannelHandlerContext.invokeChannelRead(AbstractChannelHandlerContext.java:365)
	at io.netty.channel.DefaultChannelPipeline.fireChannelRead(DefaultChannelPipeline.java:919)
	at io.netty.channel.nio.AbstractNioByteChannel$NioByteUnsafe.read(AbstractNioByteChannel.java:163)
	at io.netty.channel.nio.NioEventLoop.processSelectedKey(NioEventLoop.java:714)
	at io.netty.channel.nio.NioEventLoop.processSelectedKeysOptimized(NioEventLoop.java:650)
	at io.netty.channel.nio.NioEventLoop.processSelectedKeys(NioEventLoop.java:576)
	at io.netty.channel.nio.NioEventLoop.run(NioEventLoop.java:493)
	at io.netty.util.concurrent.SingleThreadEventExecutor$4.run(SingleThreadEventExecutor.java:989)
	at io.netty.util.internal.ThreadExecutorMap$2.run(ThreadExecutorMap.java:74)
	at io.netty.util.concurrent.FastThreadLocalRunnable.run(FastThreadLocalRunnable.java:30)
	at java.lang.Thread.run(Thread.java:748)
Caused by: javax.net.ssl.SSLHandshakeException: General SSLEngine problem
	at sun.security.ssl.Handshaker.checkThrown(Handshaker.java:1566)
	at sun.security.ssl.SSLEngineImpl.checkTaskThrown(SSLEngineImpl.java:545)
	at sun.security.ssl.SSLEngineImpl.readNetRecord(SSLEngineImpl.java:819)
	at sun.security.ssl.SSLEngineImpl.unwrap(SSLEngineImpl.java:783)
	at javax.net.ssl.SSLEngine.unwrap(SSLEngine.java:626)
	at io.netty.handler.ssl.SslHandler$SslEngineType$3.unwrap(SslHandler.java:281)
	at io.netty.handler.ssl.SslHandler.unwrap(SslHandler.java:1340)
	at io.netty.handler.ssl.SslHandler.decodeJdkCompatible(SslHandler.java:1235)
	at io.netty.handler.ssl.SslHandler.decode(SslHandler.java:1282)
	at io.netty.handler.codec.ByteToMessageDecoder.decodeRemovalReentryProtection(ByteToMessageDecoder.java:498)
	at io.netty.handler.codec.ByteToMessageDecoder.callDecode(ByteToMessageDecoder.java:437)
	... 17 more
Caused by: javax.net.ssl.SSLHandshakeException: General SSLEngine problem
	at sun.security.ssl.Alerts.getSSLException(Alerts.java:198)
	at sun.security.ssl.SSLEngineImpl.fatal(SSLEngineImpl.java:1729)
	at sun.security.ssl.Handshaker.fatalSE(Handshaker.java:333)
	at sun.security.ssl.Handshaker.fatalSE(Handshaker.java:325)
	at sun.security.ssl.ClientHandshaker.serverCertificate(ClientHandshaker.java:1688)
	at sun.security.ssl.ClientHandshaker.processMessage(ClientHandshaker.java:226)
	at sun.security.ssl.Handshaker.processLoop(Handshaker.java:1082)
	at sun.security.ssl.Handshaker$1.run(Handshaker.java:1015)
	at sun.security.ssl.Handshaker$1.run(Handshaker.java:1012)
	at java.security.AccessController.doPrivileged(Native Method)
	at sun.security.ssl.Handshaker$DelegatedTask.run(Handshaker.java:1504)
	at io.netty.handler.ssl.SslHandler.runAllDelegatedTasks(SslHandler.java:1510)
	at io.netty.handler.ssl.SslHandler.runDelegatedTasks(SslHandler.java:1524)
	at io.netty.handler.ssl.SslHandler.unwrap(SslHandler.java:1408)
	... 21 more
Caused by: java.security.cert.CertificateException: Failed to verify both host address and host name
	at org.apache.zookeeper.common.ZKTrustManager.performHostVerification(ZKTrustManager.java:163)
	at org.apache.zookeeper.common.ZKTrustManager.checkServerTrusted(ZKTrustManager.java:118)
	at sun.security.ssl.ClientHandshaker.serverCertificate(ClientHandshaker.java:1675)
	... 30 more
Caused by: javax.net.ssl.SSLPeerUnverifiedException: Certificate for <activate.navicat.com> doesn't match common name of the certificate subject: localhost
	at org.apache.zookeeper.common.ZKHostnameVerifier.matchCN(ZKHostnameVerifier.java:238)
	at org.apache.zookeeper.common.ZKHostnameVerifier.verify(ZKHostnameVerifier.java:184)
	at org.apache.zookeeper.common.ZKTrustManager.performHostVerification(ZKTrustManager.java:159)
	... 32 more
2020-06-22 14:06:21,623 [myid:127.0.0.1:30073] - INFO  [nioEventLoopGroup-5-1:ClientCnxnSocketNetty@249] - channel is told closing
nioEventLoopGroup-5-1, called closeOutbound()
nioEventLoopGroup-5-1, closeOutboundInternal()
2020-06-22 14:06:21,623 [myid:] - WARN  [nioEventLoopGroup-4-11:NettyServerCnxnFactory$CnxnChannelHandler@273] - Exception caught
io.netty.handler.codec.DecoderException: javax.net.ssl.SSLException: Received fatal alert: certificate_unknown
	at io.netty.handler.codec.ByteToMessageDecoder.callDecode(ByteToMessageDecoder.java:468)
	at io.netty.handler.codec.ByteToMessageDecoder.channelRead(ByteToMessageDecoder.java:276)
	at io.netty.channel.AbstractChannelHandlerContext.invokeChannelRead(AbstractChannelHandlerContext.java:379)
	at io.netty.channel.AbstractChannelHandlerContext.invokeChannelRead(AbstractChannelHandlerContext.java:365)
	at io.netty.channel.AbstractChannelHandlerContext.fireChannelRead(AbstractChannelHandlerContext.java:357)
	at io.netty.channel.DefaultChannelPipeline$HeadContext.channelRead(DefaultChannelPipeline.java:1410)
	at io.netty.channel.AbstractChannelHandlerContext.invokeChannelRead(AbstractChannelHandlerContext.java:379)
	at io.netty.channel.AbstractChannelHandlerContext.invokeChannelRead(AbstractChannelHandlerContext.java:365)
	at io.netty.channel.DefaultChannelPipeline.fireChannelRead(DefaultChannelPipeline.java:919)
	at io.netty.channel.nio.AbstractNioByteChannel$NioByteUnsafe.read(AbstractNioByteChannel.java:163)
	at io.netty.channel.nio.NioEventLoop.processSelectedKey(NioEventLoop.java:714)
	at io.netty.channel.nio.NioEventLoop.processSelectedKeysOptimized(NioEventLoop.java:650)
	at io.netty.channel.nio.NioEventLoop.processSelectedKeys(NioEventLoop.java:576)
	at io.netty.channel.nio.NioEventLoop.run(NioEventLoop.java:493)
	at io.netty.util.concurrent.SingleThreadEventExecutor$4.run(SingleThreadEventExecutor.java:989)
	at io.netty.util.internal.ThreadExecutorMap$2.run(ThreadExecutorMap.java:74)
	at io.netty.util.concurrent.FastThreadLocalRunnable.run(FastThreadLocalRunnable.java:30)
	at java.lang.Thread.run(Thread.java:748)
Caused by: javax.net.ssl.SSLException: Received fatal alert: certificate_unknown
	at sun.security.ssl.Alerts.getSSLException(Alerts.java:214)
	at sun.security.ssl.SSLEngineImpl.fatal(SSLEngineImpl.java:1667)
	at sun.security.ssl.SSLEngineImpl.fatal(SSLEngineImpl.java:1635)
	at sun.security.ssl.SSLEngineImpl.recvAlert(SSLEngineImpl.java:1801)
	at sun.security.ssl.SSLEngineImpl.readRecord(SSLEngineImpl.java:1090)
	at sun.security.ssl.SSLEngineImpl.readNetRecord(SSLEngineImpl.java:913)
	at sun.security.ssl.SSLEngineImpl.unwrap(SSLEngineImpl.java:783)
	at javax.net.ssl.SSLEngine.unwrap(SSLEngine.java:626)
	at io.netty.handler.ssl.SslHandler$SslEngineType$3.unwrap(SslHandler.java:281)
	at io.netty.handler.ssl.SslHandler.unwrap(SslHandler.java:1340)
	at io.netty.handler.ssl.SslHandler.decodeJdkCompatible(SslHandler.java:1235)
	at io.netty.handler.ssl.SslHandler.decode(SslHandler.java:1282)
	at io.netty.handler.codec.ByteToMessageDecoder.decodeRemovalReentryProtection(ByteToMessageDecoder.java:498)
	at io.netty.handler.codec.ByteToMessageDecoder.callDecode(ByteToMessageDecoder.java:437)
	... 17 more
nioEventLoopGroup-4-11, called closeOutbound()
nioEventLoopGroup-4-11, closeOutboundInternal()
2020-06-22 14:06:21,623 [myid:127.0.0.1:30073] - WARN  [main-SendThread(127.0.0.1:30073):ClientCnxn$SendThread@1272] - Session 0x0 for sever activate.navicat.com/127.0.0.1:30073, Closing socket connection. Attempting reconnect except it is a SessionExpiredException.
EndOfStreamException: channel for sessionid 0x0 is lost
	at org.apache.zookeeper.ClientCnxnSocketNetty.doTransport(ClientCnxnSocketNetty.java:285)
	at org.apache.zookeeper.ClientCnxn$SendThread.run(ClientCnxn.java:1262)
nioEventLoopGroup-4-11, READ: TLSv1.2 Alert, length = 2
nioEventLoopGroup-4-11, RECV TLSv1.2 ALERT:  fatal, certificate_unknown
nioEventLoopGroup-4-11, fatal: engine already closed.  Rethrowing javax.net.ssl.SSLException: Received fatal alert: certificate_unknown
nioEventLoopGroup-4-11, fatal: engine already closed.  Rethrowing javax.net.ssl.SSLException: Received fatal alert: certificate_unknown
2020-06-22 14:06:21,624 [myid:127.0.0.1:30073] - INFO  [nioEventLoopGroup-5-1:ClientCnxnSocketNetty$ZKClientHandler@469] - channel is disconnected: [id: 0xc97a4d68, L:/127.0.0.1:54839 ! R:activate.navicat.com/127.0.0.1:30073]
nioEventLoopGroup-4-11, called closeOutbound()
nioEventLoopGroup-4-11, closeOutboundInternal()
nioEventLoopGroup-4-11, called closeInbound()
nioEventLoopGroup-4-11, closeInboundInternal()
nioEventLoopGroup-4-11, closeOutboundInternal()
2020-06-22 14:06:21,625 [myid:] - WARN  [nioEventLoopGroup-4-11:NettyServerCnxnFactory$CnxnChannelHandler@273] - Exception caught
io.netty.handler.codec.DecoderException: javax.net.ssl.SSLException: Received fatal alert: certificate_unknown
	at io.netty.handler.codec.ByteToMessageDecoder.callDecode(ByteToMessageDecoder.java:468)
	at io.netty.handler.codec.ByteToMessageDecoder.channelInputClosed(ByteToMessageDecoder.java:401)
	at io.netty.handler.codec.ByteToMessageDecoder.channelInputClosed(ByteToMessageDecoder.java:368)
	at io.netty.handler.codec.ByteToMessageDecoder.channelInactive(ByteToMessageDecoder.java:351)
	at io.netty.handler.ssl.SslHandler.channelInactive(SslHandler.java:1084)
	at io.netty.channel.AbstractChannelHandlerContext.invokeChannelInactive(AbstractChannelHandlerContext.java:262)
	at io.netty.channel.AbstractChannelHandlerContext.invokeChannelInactive(AbstractChannelHandlerContext.java:248)
	at io.netty.channel.AbstractChannelHandlerContext.fireChannelInactive(AbstractChannelHandlerContext.java:241)
	at io.netty.channel.DefaultChannelPipeline$HeadContext.channelInactive(DefaultChannelPipeline.java:1405)
	at io.netty.channel.AbstractChannelHandlerContext.invokeChannelInactive(AbstractChannelHandlerContext.java:262)
	at io.netty.channel.AbstractChannelHandlerContext.invokeChannelInactive(AbstractChannelHandlerContext.java:248)
	at io.netty.channel.DefaultChannelPipeline.fireChannelInactive(DefaultChannelPipeline.java:901)
	at io.netty.channel.AbstractChannel$AbstractUnsafe$8.run(AbstractChannel.java:818)
	at io.netty.util.concurrent.AbstractEventExecutor.safeExecute(AbstractEventExecutor.java:164)
	at io.netty.util.concurrent.SingleThreadEventExecutor.runAllTasks(SingleThreadEventExecutor.java:472)
	at io.netty.channel.nio.NioEventLoop.run(NioEventLoop.java:497)
	at io.netty.util.concurrent.SingleThreadEventExecutor$4.run(SingleThreadEventExecutor.java:989)
	at io.netty.util.internal.ThreadExecutorMap$2.run(ThreadExecutorMap.java:74)
	at io.netty.util.concurrent.FastThreadLocalRunnable.run(FastThreadLocalRunnable.java:30)
	at java.lang.Thread.run(Thread.java:748)
Caused by: javax.net.ssl.SSLException: Received fatal alert: certificate_unknown
	at sun.security.ssl.Alerts.getSSLException(Alerts.java:214)
	at sun.security.ssl.SSLEngineImpl.fatal(SSLEngineImpl.java:1667)
	at sun.security.ssl.SSLEngineImpl.fatal(SSLEngineImpl.java:1635)
	at sun.security.ssl.SSLEngineImpl.recvAlert(SSLEngineImpl.java:1801)
	at sun.security.ssl.SSLEngineImpl.readRecord(SSLEngineImpl.java:1090)
	at sun.security.ssl.SSLEngineImpl.readNetRecord(SSLEngineImpl.java:913)
	at sun.security.ssl.SSLEngineImpl.unwrap(SSLEngineImpl.java:783)
	at javax.net.ssl.SSLEngine.unwrap(SSLEngine.java:626)
	at io.netty.handler.ssl.SslHandler$SslEngineType$3.unwrap(SslHandler.java:281)
	at io.netty.handler.ssl.SslHandler.unwrap(SslHandler.java:1340)
	at io.netty.handler.ssl.SslHandler.decodeJdkCompatible(SslHandler.java:1235)
	at io.netty.handler.ssl.SslHandler.decode(SslHandler.java:1282)
	at io.netty.handler.codec.ByteToMessageDecoder.decodeRemovalReentryProtection(ByteToMessageDecoder.java:498)
	at io.netty.handler.codec.ByteToMessageDecoder.callDecode(ByteToMessageDecoder.java:437)
	... 19 more
2020-06-22 14:06:22,762 [myid:127.0.0.1:30073] - INFO  [main-SendThread(127.0.0.1:30073):ClientCnxn$SendThread@1154] - Opening socket connection to server activate.navicat.com/127.0.0.1:30073.
2020-06-22 14:06:22,762 [myid:127.0.0.1:30073] - INFO  [main-SendThread(127.0.0.1:30073):ClientCnxn$SendThread@1156] - SASL config status: Will not attempt to authenticate using SASL (unknown error)
adding as trusted cert:
  Subject: CN=localhost, OU=ZooKeeper, O=Apache, L=Unknown, ST=Unknown, C=Unknown
  Issuer:  CN=localhost, OU=ZooKeeper, O=Apache, L=Unknown, ST=Unknown, C=Unknown
  Algorithm: RSA; Serial number: 0x7334b506
  Valid from Sat Jan 31 02:57:30 CST 2015 until Wed Feb 08 02:57:30 CST 3015

trigger seeding of SecureRandom
done seeding SecureRandom
Using SSLEngineImpl.
%% Initialized:  [Session-43, SSL_NULL_WITH_NULL_NULL]
2020-06-22 14:06:22,764 [myid:127.0.0.1:30073] - INFO  [nioEventLoopGroup-5-1:ClientCnxnSocketNetty$ZKClientPipelineFactory@454] - SSL handler added for channel: [id: 0x13b4a462]
2020-06-22 14:06:22,765 [myid:127.0.0.1:30073] - INFO  [nioEventLoopGroup-5-1:ClientCnxn$SendThread@986] - Socket connection established, initiating session, client: /127.0.0.1:54902, server: activate.navicat.com/127.0.0.1:30073
2020-06-22 14:06:22,765 [myid:127.0.0.1:30073] - INFO  [nioEventLoopGroup-5-1:ClientCnxnSocketNetty$1@184] - channel is connected: [id: 0x13b4a462, L:/127.0.0.1:54902 - R:activate.navicat.com/127.0.0.1:30073]
Allow unsafe renegotiation: false
Allow legacy hello messages: true
Is initial handshake: true
Is secure renegotiation: false
Ignoring unsupported cipher suite: TLS_ECDHE_ECDSA_WITH_AES_256_CBC_SHA384 for TLSv1
Ignoring unsupported cipher suite: TLS_ECDHE_RSA_WITH_AES_256_CBC_SHA384 for TLSv1
Ignoring unsupported cipher suite: TLS_RSA_WITH_AES_256_CBC_SHA256 for TLSv1
Ignoring unsupported cipher suite: TLS_ECDH_ECDSA_WITH_AES_256_CBC_SHA384 for TLSv1
Ignoring unsupported cipher suite: TLS_ECDH_RSA_WITH_AES_256_CBC_SHA384 for TLSv1
Ignoring unsupported cipher suite: TLS_DHE_RSA_WITH_AES_256_CBC_SHA256 for TLSv1
Ignoring unsupported cipher suite: TLS_DHE_DSS_WITH_AES_256_CBC_SHA256 for TLSv1
Ignoring unsupported cipher suite: TLS_ECDHE_ECDSA_WITH_AES_256_CBC_SHA384 for TLSv1.1
Ignoring unsupported cipher suite: TLS_ECDHE_RSA_WITH_AES_256_CBC_SHA384 for TLSv1.1
Ignoring unsupported cipher suite: TLS_RSA_WITH_AES_256_CBC_SHA256 for TLSv1.1
Ignoring unsupported cipher suite: TLS_ECDH_ECDSA_WITH_AES_256_CBC_SHA384 for TLSv1.1
Ignoring unsupported cipher suite: TLS_ECDH_RSA_WITH_AES_256_CBC_SHA384 for TLSv1.1
Ignoring unsupported cipher suite: TLS_DHE_RSA_WITH_AES_256_CBC_SHA256 for TLSv1.1
Ignoring unsupported cipher suite: TLS_DHE_DSS_WITH_AES_256_CBC_SHA256 for TLSv1.1
trigger seeding of SecureRandom
done seeding SecureRandom
Using SSLEngineImpl.
%% Initialized:  [Session-44, SSL_NULL_WITH_NULL_NULL]
%% No cached client session
update handshake state: client_hello[1]
upcoming handshake states: server_hello[2]
*** ClientHello, TLSv1.2
RandomCookie:  GMT: 1576028766 bytes = { 187, 130, 224, 13, 35, 220, 69, 51, 121, 244, 219, 80, 18, 68, 251, 151, 234, 89, 60, 105, 73, 249, 124, 229, 84, 63, 38, 169 }
Session ID:  {}
Cipher Suites: [TLS_ECDHE_ECDSA_WITH_AES_256_CBC_SHA384, TLS_ECDHE_RSA_WITH_AES_256_CBC_SHA384, TLS_RSA_WITH_AES_256_CBC_SHA256, TLS_ECDH_ECDSA_WITH_AES_256_CBC_SHA384, TLS_ECDH_RSA_WITH_AES_256_CBC_SHA384, TLS_DHE_RSA_WITH_AES_256_CBC_SHA256, TLS_DHE_DSS_WITH_AES_256_CBC_SHA256, TLS_ECDHE_ECDSA_WITH_AES_256_CBC_SHA, TLS_ECDHE_RSA_WITH_AES_256_CBC_SHA, TLS_RSA_WITH_AES_256_CBC_SHA, TLS_ECDH_ECDSA_WITH_AES_256_CBC_SHA, TLS_ECDH_RSA_WITH_AES_256_CBC_SHA, TLS_DHE_RSA_WITH_AES_256_CBC_SHA, TLS_DHE_DSS_WITH_AES_256_CBC_SHA, TLS_ECDHE_ECDSA_WITH_AES_128_CBC_SHA256, TLS_ECDHE_RSA_WITH_AES_128_CBC_SHA256, TLS_RSA_WITH_AES_128_CBC_SHA256, TLS_ECDH_ECDSA_WITH_AES_128_CBC_SHA256, TLS_ECDH_RSA_WITH_AES_128_CBC_SHA256, TLS_DHE_RSA_WITH_AES_128_CBC_SHA256, TLS_DHE_DSS_WITH_AES_128_CBC_SHA256, TLS_ECDHE_ECDSA_WITH_AES_128_CBC_SHA, TLS_ECDHE_RSA_WITH_AES_128_CBC_SHA, TLS_RSA_WITH_AES_128_CBC_SHA, TLS_ECDH_ECDSA_WITH_AES_128_CBC_SHA, TLS_ECDH_RSA_WITH_AES_128_CBC_SHA, TLS_DHE_RSA_WITH_AES_128_CBC_SHA, TLS_DHE_DSS_WITH_AES_128_CBC_SHA, TLS_ECDHE_ECDSA_WITH_AES_256_GCM_SHA384, TLS_ECDHE_ECDSA_WITH_AES_128_GCM_SHA256, TLS_ECDHE_RSA_WITH_AES_256_GCM_SHA384, TLS_RSA_WITH_AES_256_GCM_SHA384, TLS_ECDH_ECDSA_WITH_AES_256_GCM_SHA384, TLS_ECDH_RSA_WITH_AES_256_GCM_SHA384, TLS_DHE_RSA_WITH_AES_256_GCM_SHA384, TLS_DHE_DSS_WITH_AES_256_GCM_SHA384, TLS_ECDHE_RSA_WITH_AES_128_GCM_SHA256, TLS_RSA_WITH_AES_128_GCM_SHA256, TLS_ECDH_ECDSA_WITH_AES_128_GCM_SHA256, TLS_ECDH_RSA_WITH_AES_128_GCM_SHA256, TLS_DHE_RSA_WITH_AES_128_GCM_SHA256, TLS_DHE_DSS_WITH_AES_128_GCM_SHA256, TLS_EMPTY_RENEGOTIATION_INFO_SCSV]
Compression Methods:  { 0 }
Extension elliptic_curves, curve names: {secp256r1, secp384r1, secp521r1}
Extension ec_point_formats, formats: [uncompressed]
Extension signature_algorithms, signature_algorithms: SHA512withECDSA, SHA512withRSA, SHA384withECDSA, SHA384withRSA, SHA256withECDSA, SHA256withRSA, SHA256withDSA, SHA1withECDSA, SHA1withRSA, SHA1withDSA
Extension extended_master_secret
Extension server_name, server_name: [type=host_name (0), value=activate.navicat.com]
***
nioEventLoopGroup-5-1, WRITE: TLSv1.2 Handshake, length = 208
Allow unsafe renegotiation: false
Allow legacy hello messages: true
Is initial handshake: true
Is secure renegotiation: false
nioEventLoopGroup-4-12, READ: TLSv1.2 Handshake, length = 208
check handshake state: client_hello[1]
update handshake state: client_hello[1]
upcoming handshake states: server_hello[2]
*** ClientHello, TLSv1.2
RandomCookie:  GMT: 1576028766 bytes = { 187, 130, 224, 13, 35, 220, 69, 51, 121, 244, 219, 80, 18, 68, 251, 151, 234, 89, 60, 105, 73, 249, 124, 229, 84, 63, 38, 169 }
Session ID:  {}
Cipher Suites: [TLS_ECDHE_ECDSA_WITH_AES_256_CBC_SHA384, TLS_ECDHE_RSA_WITH_AES_256_CBC_SHA384, TLS_RSA_WITH_AES_256_CBC_SHA256, TLS_ECDH_ECDSA_WITH_AES_256_CBC_SHA384, TLS_ECDH_RSA_WITH_AES_256_CBC_SHA384, TLS_DHE_RSA_WITH_AES_256_CBC_SHA256, TLS_DHE_DSS_WITH_AES_256_CBC_SHA256, TLS_ECDHE_ECDSA_WITH_AES_256_CBC_SHA, TLS_ECDHE_RSA_WITH_AES_256_CBC_SHA, TLS_RSA_WITH_AES_256_CBC_SHA, TLS_ECDH_ECDSA_WITH_AES_256_CBC_SHA, TLS_ECDH_RSA_WITH_AES_256_CBC_SHA, TLS_DHE_RSA_WITH_AES_256_CBC_SHA, TLS_DHE_DSS_WITH_AES_256_CBC_SHA, TLS_ECDHE_ECDSA_WITH_AES_128_CBC_SHA256, TLS_ECDHE_RSA_WITH_AES_128_CBC_SHA256, TLS_RSA_WITH_AES_128_CBC_SHA256, TLS_ECDH_ECDSA_WITH_AES_128_CBC_SHA256, TLS_ECDH_RSA_WITH_AES_128_CBC_SHA256, TLS_DHE_RSA_WITH_AES_128_CBC_SHA256, TLS_DHE_DSS_WITH_AES_128_CBC_SHA256, TLS_ECDHE_ECDSA_WITH_AES_128_CBC_SHA, TLS_ECDHE_RSA_WITH_AES_128_CBC_SHA, TLS_RSA_WITH_AES_128_CBC_SHA, TLS_ECDH_ECDSA_WITH_AES_128_CBC_SHA, TLS_ECDH_RSA_WITH_AES_128_CBC_SHA, TLS_DHE_RSA_WITH_AES_128_CBC_SHA, TLS_DHE_DSS_WITH_AES_128_CBC_SHA, TLS_ECDHE_ECDSA_WITH_AES_256_GCM_SHA384, TLS_ECDHE_ECDSA_WITH_AES_128_GCM_SHA256, TLS_ECDHE_RSA_WITH_AES_256_GCM_SHA384, TLS_RSA_WITH_AES_256_GCM_SHA384, TLS_ECDH_ECDSA_WITH_AES_256_GCM_SHA384, TLS_ECDH_RSA_WITH_AES_256_GCM_SHA384, TLS_DHE_RSA_WITH_AES_256_GCM_SHA384, TLS_DHE_DSS_WITH_AES_256_GCM_SHA384, TLS_ECDHE_RSA_WITH_AES_128_GCM_SHA256, TLS_RSA_WITH_AES_128_GCM_SHA256, TLS_ECDH_ECDSA_WITH_AES_128_GCM_SHA256, TLS_ECDH_RSA_WITH_AES_128_GCM_SHA256, TLS_DHE_RSA_WITH_AES_128_GCM_SHA256, TLS_DHE_DSS_WITH_AES_128_GCM_SHA256, TLS_EMPTY_RENEGOTIATION_INFO_SCSV]
Compression Methods:  { 0 }
Extension elliptic_curves, curve names: {secp256r1, secp384r1, secp521r1}
Extension ec_point_formats, formats: [uncompressed]
Extension signature_algorithms, signature_algorithms: SHA512withECDSA, SHA512withRSA, SHA384withECDSA, SHA384withRSA, SHA256withECDSA, SHA256withRSA, SHA256withDSA, SHA1withECDSA, SHA1withRSA, SHA1withDSA
Extension extended_master_secret
Extension server_name, server_name: [type=host_name (0), value=activate.navicat.com]
***
%% Initialized:  [Session-45, SSL_NULL_WITH_NULL_NULL]
Standard ciphersuite chosen: TLS_ECDHE_RSA_WITH_AES_256_CBC_SHA384
%% Negotiating:  [Session-45, TLS_ECDHE_RSA_WITH_AES_256_CBC_SHA384]
*** ServerHello, TLSv1.2
RandomCookie:  GMT: 1576028766 bytes = { 105, 64, 223, 52, 229, 131, 47, 125, 124, 204, 60, 210, 184, 9, 113, 71, 19, 123, 190, 212, 70, 66, 3, 179, 22, 230, 195, 188 }
Session ID:  {94, 240, 74, 94, 221, 147, 122, 58, 154, 23, 233, 159, 172, 96, 91, 98, 99, 166, 153, 145, 45, 36, 34, 189, 172, 196, 231, 253, 139, 51, 207, 157}
Cipher Suite: TLS_ECDHE_RSA_WITH_AES_256_CBC_SHA384
Compression Method: 0
Extension renegotiation_info, renegotiated_connection: <empty>
Extension extended_master_secret
***
Cipher suite:  TLS_ECDHE_RSA_WITH_AES_256_CBC_SHA384
update handshake state: server_hello[2]
upcoming handshake states: server certificate[11]
upcoming handshake states: server_key_exchange[12](optional)
upcoming handshake states: certificate_request[13](optional)
upcoming handshake states: server_hello_done[14]
upcoming handshake states: client certificate[11](optional)
upcoming handshake states: client_key_exchange[16]
upcoming handshake states: certificate_verify[15](optional)
upcoming handshake states: client change_cipher_spec[-1]
upcoming handshake states: client finished[20]
upcoming handshake states: server change_cipher_spec[-1]
upcoming handshake states: server finished[20]
*** Certificate chain
chain [0] = [
[
  Version: V3
  Subject: CN=localhost, OU=ZooKeeper, O=Apache, L=Unknown, ST=Unknown, C=Unknown
  Signature Algorithm: SHA256withRSA, OID = 1.2.840.113549.1.1.11

  Key:  Sun RSA public key, 2048 bits
  params: null
  modulus: 20466894428749997265095448870198652391311568515891366224735448896044144250313384062095901217219702596717622583159291680947094046474456586662132842412743846124470020097713679685492900855417800931365512472314155689881392853768001073664569106127795833231344696659209258027979401908711647617989508135190248980524852215540637603770017238536229773075995665111861820945008718990948857303373661769409475939971958531493423489844433566328219155461676589360491136984327342101195255797973694339642711115427623510874675394946293706606142706174397483349590050687482693164890194014220011640037490528845185364811025836034294701994387
  public exponent: 65537
  Validity: [From: Sat Jan 31 02:57:30 CST 2015,
               To: Wed Feb 08 02:57:30 CST 3015]
  Issuer: CN=localhost, OU=ZooKeeper, O=Apache, L=Unknown, ST=Unknown, C=Unknown
  SerialNumber: [    7334b506]

Certificate Extensions: 1
[1]: ObjectId: 2.5.29.14 Criticality=false
SubjectKeyIdentifier [
KeyIdentifier [
0000: 65 D7 B4 E0 27 45 7A 00   58 2F AD D5 0B 64 2D 77  e...'Ez.X/...d-w
0010: 88 F7 AA F5                                        ....
]
]

]
  Algorithm: [SHA256withRSA]
  Signature:
0000: 1B C8 6B 36 83 1D 28 37   5C 1F 7D F6 C6 84 A0 BF  ..k6..(7\.......
0010: CA C0 47 CF C5 34 70 7A   CF 6B EA 34 84 BE 08 7A  ..G..4pz.k.4...z
0020: 98 E6 3D ED 1D E2 6F 06   DB 23 AB 41 AD D5 DF 1D  ..=...o..#.A....
0030: 92 F4 9D 05 FD 7C EE BE   4A 87 B8 F1 FE F4 5B 79  ........J.....[y
0040: DC AD F7 44 3D 67 08 7A   3B 91 D7 5A 79 44 96 D7  ...D=g.z;..ZyD..
0050: BE 0E 41 C8 64 E3 87 C3   28 11 AB DC 36 F5 B0 AC  ..A.d...(...6...
0060: BD 2F 16 1D 6E A1 52 25   5A EC 6F AD 20 71 5A 1B  ./..n.R%Z.o. qZ.
0070: 66 D4 0D A6 49 B7 75 43   C4 84 0B 4B AC BD 16 76  f...I.uC...K...v
0080: 58 2B 07 85 E2 F1 44 15   1E 67 D1 3C 13 73 5A 2D  X+....D..g.<.sZ-
0090: D6 06 0B A1 D3 09 7E EF   88 F9 C3 0E A4 10 47 EA  ..............G.
00A0: 65 5D CD F0 39 EA 2F 59   1C 08 BC F9 CC 5B C9 BB  e]..9./Y.....[..
00B0: 2F 20 19 81 97 B5 21 BB   60 A4 39 08 6C 41 2A 51  / ....!.`.9.lA*Q
00C0: B1 C3 1A A3 8C F8 ED 67   D0 EE EC 52 01 2A E4 1E  .......g...R.*..
00D0: D2 B4 34 73 DC 7E 34 24   A9 4E 77 AD FD B3 77 0D  ..4s..4$.Nw...w.
00E0: C2 7A C0 65 F6 CC 11 9D   19 AA 59 13 C3 9D AD 5F  .z.e......Y...._
00F0: 61 E6 C2 18 F0 E5 A1 49   41 B5 EF 9E 91 0C 35 9C  a......IA.....5.

]
***
update handshake state: certificate[11]
upcoming handshake states: server_key_exchange[12](optional)
upcoming handshake states: certificate_request[13](optional)
upcoming handshake states: server_hello_done[14]
upcoming handshake states: client certificate[11](optional)
upcoming handshake states: client_key_exchange[16]
upcoming handshake states: certificate_verify[15](optional)
upcoming handshake states: client change_cipher_spec[-1]
upcoming handshake states: client finished[20]
upcoming handshake states: server change_cipher_spec[-1]
upcoming handshake states: server finished[20]
*** ECDH ServerKeyExchange
Signature Algorithm SHA512withRSA
Server key: Sun EC public key, 256 bits
  public x coord: 81353260683936070164663396182244646187021320590121317625744492773158089498760
  public y coord: 35577272838849968697555815763545946680915267762464834204636470785810296581889
  parameters: secp256r1 [NIST P-256, X9.62 prime256v1] (1.2.840.10045.3.1.7)
update handshake state: server_key_exchange[12]
upcoming handshake states: certificate_request[13](optional)
upcoming handshake states: server_hello_done[14]
upcoming handshake states: client certificate[11](optional)
upcoming handshake states: client_key_exchange[16]
upcoming handshake states: certificate_verify[15](optional)
upcoming handshake states: client change_cipher_spec[-1]
upcoming handshake states: client finished[20]
upcoming handshake states: server change_cipher_spec[-1]
upcoming handshake states: server finished[20]
*** CertificateRequest
Cert Types: RSA, DSS, ECDSA
Supported Signature Algorithms: SHA512withECDSA, SHA512withRSA, SHA384withECDSA, SHA384withRSA, SHA256withECDSA, SHA256withRSA, SHA256withDSA, SHA1withECDSA, SHA1withRSA, SHA1withDSA
Cert Authorities:
<CN=localhost, OU=ZooKeeper, O=Apache, L=Unknown, ST=Unknown, C=Unknown>
update handshake state: unknown[13]
upcoming handshake states: server_hello_done[14]
upcoming handshake states: client certificate[11](optional)
upcoming handshake states: client_key_exchange[16]
upcoming handshake states: certificate_verify[15](optional)
upcoming handshake states: client change_cipher_spec[-1]
upcoming handshake states: client finished[20]
upcoming handshake states: server change_cipher_spec[-1]
upcoming handshake states: server finished[20]
*** ServerHelloDone
update handshake state: server_hello_done[14]
upcoming handshake states: client certificate[11](optional)
upcoming handshake states: client_key_exchange[16]
upcoming handshake states: certificate_verify[15](optional)
upcoming handshake states: client change_cipher_spec[-1]
upcoming handshake states: client finished[20]
upcoming handshake states: server change_cipher_spec[-1]
upcoming handshake states: server finished[20]
nioEventLoopGroup-4-12, WRITE: TLSv1.2 Handshake, length = 1478
nioEventLoopGroup-5-1, READ: TLSv1.2 Handshake, length = 1478
check handshake state: server_hello[2]
*** ServerHello, TLSv1.2
RandomCookie:  GMT: 1576028766 bytes = { 105, 64, 223, 52, 229, 131, 47, 125, 124, 204, 60, 210, 184, 9, 113, 71, 19, 123, 190, 212, 70, 66, 3, 179, 22, 230, 195, 188 }
Session ID:  {94, 240, 74, 94, 221, 147, 122, 58, 154, 23, 233, 159, 172, 96, 91, 98, 99, 166, 153, 145, 45, 36, 34, 189, 172, 196, 231, 253, 139, 51, 207, 157}
Cipher Suite: TLS_ECDHE_RSA_WITH_AES_256_CBC_SHA384
Compression Method: 0
Extension renegotiation_info, renegotiated_connection: <empty>
Extension extended_master_secret
***
%% Initialized:  [Session-46, TLS_ECDHE_RSA_WITH_AES_256_CBC_SHA384]
** TLS_ECDHE_RSA_WITH_AES_256_CBC_SHA384
update handshake state: server_hello[2]
upcoming handshake states: server certificate[11]
upcoming handshake states: server_key_exchange[12](optional)
upcoming handshake states: certificate_request[13](optional)
upcoming handshake states: server_hello_done[14]
upcoming handshake states: client certificate[11](optional)
upcoming handshake states: client_key_exchange[16]
upcoming handshake states: certificate_verify[15](optional)
upcoming handshake states: client change_cipher_spec[-1]
upcoming handshake states: client finished[20]
upcoming handshake states: server change_cipher_spec[-1]
upcoming handshake states: server finished[20]
check handshake state: certificate[11]
update handshake state: certificate[11]
upcoming handshake states: server_key_exchange[12](optional)
upcoming handshake states: certificate_request[13](optional)
upcoming handshake states: server_hello_done[14]
upcoming handshake states: client certificate[11](optional)
upcoming handshake states: client_key_exchange[16]
upcoming handshake states: certificate_verify[15](optional)
upcoming handshake states: client change_cipher_spec[-1]
upcoming handshake states: client finished[20]
upcoming handshake states: server change_cipher_spec[-1]
upcoming handshake states: server finished[20]
*** Certificate chain
chain [0] = [
[
  Version: V3
  Subject: CN=localhost, OU=ZooKeeper, O=Apache, L=Unknown, ST=Unknown, C=Unknown
  Signature Algorithm: SHA256withRSA, OID = 1.2.840.113549.1.1.11

  Key:  Sun RSA public key, 2048 bits
  params: null
  modulus: 20466894428749997265095448870198652391311568515891366224735448896044144250313384062095901217219702596717622583159291680947094046474456586662132842412743846124470020097713679685492900855417800931365512472314155689881392853768001073664569106127795833231344696659209258027979401908711647617989508135190248980524852215540637603770017238536229773075995665111861820945008718990948857303373661769409475939971958531493423489844433566328219155461676589360491136984327342101195255797973694339642711115427623510874675394946293706606142706174397483349590050687482693164890194014220011640037490528845185364811025836034294701994387
  public exponent: 65537
  Validity: [From: Sat Jan 31 02:57:30 CST 2015,
               To: Wed Feb 08 02:57:30 CST 3015]
  Issuer: CN=localhost, OU=ZooKeeper, O=Apache, L=Unknown, ST=Unknown, C=Unknown
  SerialNumber: [    7334b506]

Certificate Extensions: 1
[1]: ObjectId: 2.5.29.14 Criticality=false
SubjectKeyIdentifier [
KeyIdentifier [
0000: 65 D7 B4 E0 27 45 7A 00   58 2F AD D5 0B 64 2D 77  e...'Ez.X/...d-w
0010: 88 F7 AA F5                                        ....
]
]

]
  Algorithm: [SHA256withRSA]
  Signature:
0000: 1B C8 6B 36 83 1D 28 37   5C 1F 7D F6 C6 84 A0 BF  ..k6..(7\.......
0010: CA C0 47 CF C5 34 70 7A   CF 6B EA 34 84 BE 08 7A  ..G..4pz.k.4...z
0020: 98 E6 3D ED 1D E2 6F 06   DB 23 AB 41 AD D5 DF 1D  ..=...o..#.A....
0030: 92 F4 9D 05 FD 7C EE BE   4A 87 B8 F1 FE F4 5B 79  ........J.....[y
0040: DC AD F7 44 3D 67 08 7A   3B 91 D7 5A 79 44 96 D7  ...D=g.z;..ZyD..
0050: BE 0E 41 C8 64 E3 87 C3   28 11 AB DC 36 F5 B0 AC  ..A.d...(...6...
0060: BD 2F 16 1D 6E A1 52 25   5A EC 6F AD 20 71 5A 1B  ./..n.R%Z.o. qZ.
0070: 66 D4 0D A6 49 B7 75 43   C4 84 0B 4B AC BD 16 76  f...I.uC...K...v
0080: 58 2B 07 85 E2 F1 44 15   1E 67 D1 3C 13 73 5A 2D  X+....D..g.<.sZ-
0090: D6 06 0B A1 D3 09 7E EF   88 F9 C3 0E A4 10 47 EA  ..............G.
00A0: 65 5D CD F0 39 EA 2F 59   1C 08 BC F9 CC 5B C9 BB  e]..9./Y.....[..
00B0: 2F 20 19 81 97 B5 21 BB   60 A4 39 08 6C 41 2A 51  / ....!.`.9.lA*Q
00C0: B1 C3 1A A3 8C F8 ED 67   D0 EE EC 52 01 2A E4 1E  .......g...R.*..
00D0: D2 B4 34 73 DC 7E 34 24   A9 4E 77 AD FD B3 77 0D  ..4s..4$.Nw...w.
00E0: C2 7A C0 65 F6 CC 11 9D   19 AA 59 13 C3 9D AD 5F  .z.e......Y...._
00F0: 61 E6 C2 18 F0 E5 A1 49   41 B5 EF 9E 91 0C 35 9C  a......IA.....5.

]
***
Found trusted certificate:
[
[
  Version: V3
  Subject: CN=localhost, OU=ZooKeeper, O=Apache, L=Unknown, ST=Unknown, C=Unknown
  Signature Algorithm: SHA256withRSA, OID = 1.2.840.113549.1.1.11

  Key:  Sun RSA public key, 2048 bits
  params: null
  modulus: 20466894428749997265095448870198652391311568515891366224735448896044144250313384062095901217219702596717622583159291680947094046474456586662132842412743846124470020097713679685492900855417800931365512472314155689881392853768001073664569106127795833231344696659209258027979401908711647617989508135190248980524852215540637603770017238536229773075995665111861820945008718990948857303373661769409475939971958531493423489844433566328219155461676589360491136984327342101195255797973694339642711115427623510874675394946293706606142706174397483349590050687482693164890194014220011640037490528845185364811025836034294701994387
  public exponent: 65537
  Validity: [From: Sat Jan 31 02:57:30 CST 2015,
               To: Wed Feb 08 02:57:30 CST 3015]
  Issuer: CN=localhost, OU=ZooKeeper, O=Apache, L=Unknown, ST=Unknown, C=Unknown
  SerialNumber: [    7334b506]

Certificate Extensions: 1
[1]: ObjectId: 2.5.29.14 Criticality=false
SubjectKeyIdentifier [
KeyIdentifier [
0000: 65 D7 B4 E0 27 45 7A 00   58 2F AD D5 0B 64 2D 77  e...'Ez.X/...d-w
0010: 88 F7 AA F5                                        ....
]
]

]
  Algorithm: [SHA256withRSA]
  Signature:
0000: 1B C8 6B 36 83 1D 28 37   5C 1F 7D F6 C6 84 A0 BF  ..k6..(7\.......
0010: CA C0 47 CF C5 34 70 7A   CF 6B EA 34 84 BE 08 7A  ..G..4pz.k.4...z
0020: 98 E6 3D ED 1D E2 6F 06   DB 23 AB 41 AD D5 DF 1D  ..=...o..#.A....
0030: 92 F4 9D 05 FD 7C EE BE   4A 87 B8 F1 FE F4 5B 79  ........J.....[y
0040: DC AD F7 44 3D 67 08 7A   3B 91 D7 5A 79 44 96 D7  ...D=g.z;..ZyD..
0050: BE 0E 41 C8 64 E3 87 C3   28 11 AB DC 36 F5 B0 AC  ..A.d...(...6...
0060: BD 2F 16 1D 6E A1 52 25   5A EC 6F AD 20 71 5A 1B  ./..n.R%Z.o. qZ.
0070: 66 D4 0D A6 49 B7 75 43   C4 84 0B 4B AC BD 16 76  f...I.uC...K...v
0080: 58 2B 07 85 E2 F1 44 15   1E 67 D1 3C 13 73 5A 2D  X+....D..g.<.sZ-
0090: D6 06 0B A1 D3 09 7E EF   88 F9 C3 0E A4 10 47 EA  ..............G.
00A0: 65 5D CD F0 39 EA 2F 59   1C 08 BC F9 CC 5B C9 BB  e]..9./Y.....[..
00B0: 2F 20 19 81 97 B5 21 BB   60 A4 39 08 6C 41 2A 51  / ....!.`.9.lA*Q
00C0: B1 C3 1A A3 8C F8 ED 67   D0 EE EC 52 01 2A E4 1E  .......g...R.*..
00D0: D2 B4 34 73 DC 7E 34 24   A9 4E 77 AD FD B3 77 0D  ..4s..4$.Nw...w.
00E0: C2 7A C0 65 F6 CC 11 9D   19 AA 59 13 C3 9D AD 5F  .z.e......Y...._
00F0: 61 E6 C2 18 F0 E5 A1 49   41 B5 EF 9E 91 0C 35 9C  a......IA.....5.

]
2020-06-22 14:06:22,778 [myid:127.0.0.1:30073] - ERROR [nioEventLoopGroup-5-1:ZKTrustManager@161] - Failed to verify host address: 127.0.0.1
javax.net.ssl.SSLPeerUnverifiedException: Certificate for <127.0.0.1> doesn't match common name of the certificate subject: localhost
	at org.apache.zookeeper.common.ZKHostnameVerifier.matchCN(ZKHostnameVerifier.java:238)
	at org.apache.zookeeper.common.ZKHostnameVerifier.verify(ZKHostnameVerifier.java:184)
	at org.apache.zookeeper.common.ZKTrustManager.performHostVerification(ZKTrustManager.java:151)
	at org.apache.zookeeper.common.ZKTrustManager.checkServerTrusted(ZKTrustManager.java:118)
	at sun.security.ssl.ClientHandshaker.serverCertificate(ClientHandshaker.java:1675)
	at sun.security.ssl.ClientHandshaker.processMessage(ClientHandshaker.java:226)
	at sun.security.ssl.Handshaker.processLoop(Handshaker.java:1082)
	at sun.security.ssl.Handshaker$1.run(Handshaker.java:1015)
	at sun.security.ssl.Handshaker$1.run(Handshaker.java:1012)
	at java.security.AccessController.doPrivileged(Native Method)
	at sun.security.ssl.Handshaker$DelegatedTask.run(Handshaker.java:1504)
	at io.netty.handler.ssl.SslHandler.runAllDelegatedTasks(SslHandler.java:1510)
	at io.netty.handler.ssl.SslHandler.runDelegatedTasks(SslHandler.java:1524)
	at io.netty.handler.ssl.SslHandler.unwrap(SslHandler.java:1408)
	at io.netty.handler.ssl.SslHandler.decodeJdkCompatible(SslHandler.java:1235)
	at io.netty.handler.ssl.SslHandler.decode(SslHandler.java:1282)
	at io.netty.handler.codec.ByteToMessageDecoder.decodeRemovalReentryProtection(ByteToMessageDecoder.java:498)
	at io.netty.handler.codec.ByteToMessageDecoder.callDecode(ByteToMessageDecoder.java:437)
	at io.netty.handler.codec.ByteToMessageDecoder.channelRead(ByteToMessageDecoder.java:276)
	at io.netty.channel.AbstractChannelHandlerContext.invokeChannelRead(AbstractChannelHandlerContext.java:379)
	at io.netty.channel.AbstractChannelHandlerContext.invokeChannelRead(AbstractChannelHandlerContext.java:365)
	at io.netty.channel.AbstractChannelHandlerContext.fireChannelRead(AbstractChannelHandlerContext.java:357)
	at io.netty.channel.DefaultChannelPipeline$HeadContext.channelRead(DefaultChannelPipeline.java:1410)
	at io.netty.channel.AbstractChannelHandlerContext.invokeChannelRead(AbstractChannelHandlerContext.java:379)
	at io.netty.channel.AbstractChannelHandlerContext.invokeChannelRead(AbstractChannelHandlerContext.java:365)
	at io.netty.channel.DefaultChannelPipeline.fireChannelRead(DefaultChannelPipeline.java:919)
	at io.netty.channel.nio.AbstractNioByteChannel$NioByteUnsafe.read(AbstractNioByteChannel.java:163)
	at io.netty.channel.nio.NioEventLoop.processSelectedKey(NioEventLoop.java:714)
	at io.netty.channel.nio.NioEventLoop.processSelectedKeysOptimized(NioEventLoop.java:650)
	at io.netty.channel.nio.NioEventLoop.processSelectedKeys(NioEventLoop.java:576)
	at io.netty.channel.nio.NioEventLoop.run(NioEventLoop.java:493)
	at io.netty.util.concurrent.SingleThreadEventExecutor$4.run(SingleThreadEventExecutor.java:989)
	at io.netty.util.internal.ThreadExecutorMap$2.run(ThreadExecutorMap.java:74)
	at io.netty.util.concurrent.FastThreadLocalRunnable.run(FastThreadLocalRunnable.java:30)
	at java.lang.Thread.run(Thread.java:748)
2020-06-22 14:06:22,779 [myid:127.0.0.1:30073] - ERROR [nioEventLoopGroup-5-1:ZKTrustManager@162] - Failed to verify hostname: activate.navicat.com
javax.net.ssl.SSLPeerUnverifiedException: Certificate for <activate.navicat.com> doesn't match common name of the certificate subject: localhost
	at org.apache.zookeeper.common.ZKHostnameVerifier.matchCN(ZKHostnameVerifier.java:238)
	at org.apache.zookeeper.common.ZKHostnameVerifier.verify(ZKHostnameVerifier.java:184)
	at org.apache.zookeeper.common.ZKTrustManager.performHostVerification(ZKTrustManager.java:159)
	at org.apache.zookeeper.common.ZKTrustManager.checkServerTrusted(ZKTrustManager.java:118)
	at sun.security.ssl.ClientHandshaker.serverCertificate(ClientHandshaker.java:1675)
	at sun.security.ssl.ClientHandshaker.processMessage(ClientHandshaker.java:226)
	at sun.security.ssl.Handshaker.processLoop(Handshaker.java:1082)
	at sun.security.ssl.Handshaker$1.run(Handshaker.java:1015)
	at sun.security.ssl.Handshaker$1.run(Handshaker.java:1012)
	at java.security.AccessController.doPrivileged(Native Method)
	at sun.security.ssl.Handshaker$DelegatedTask.run(Handshaker.java:1504)
	at io.netty.handler.ssl.SslHandler.runAllDelegatedTasks(SslHandler.java:1510)
	at io.netty.handler.ssl.SslHandler.runDelegatedTasks(SslHandler.java:1524)
	at io.netty.handler.ssl.SslHandler.unwrap(SslHandler.java:1408)
	at io.netty.handler.ssl.SslHandler.decodeJdkCompatible(SslHandler.java:1235)
	at io.netty.handler.ssl.SslHandler.decode(SslHandler.java:1282)
	at io.netty.handler.codec.ByteToMessageDecoder.decodeRemovalReentryProtection(ByteToMessageDecoder.java:498)
	at io.netty.handler.codec.ByteToMessageDecoder.callDecode(ByteToMessageDecoder.java:437)
	at io.netty.handler.codec.ByteToMessageDecoder.channelRead(ByteToMessageDecoder.java:276)
	at io.netty.channel.AbstractChannelHandlerContext.invokeChannelRead(AbstractChannelHandlerContext.java:379)
	at io.netty.channel.AbstractChannelHandlerContext.invokeChannelRead(AbstractChannelHandlerContext.java:365)
	at io.netty.channel.AbstractChannelHandlerContext.fireChannelRead(AbstractChannelHandlerContext.java:357)
	at io.netty.channel.DefaultChannelPipeline$HeadContext.channelRead(DefaultChannelPipeline.java:1410)
	at io.netty.channel.AbstractChannelHandlerContext.invokeChannelRead(AbstractChannelHandlerContext.java:379)
	at io.netty.channel.AbstractChannelHandlerContext.invokeChannelRead(AbstractChannelHandlerContext.java:365)
	at io.netty.channel.DefaultChannelPipeline.fireChannelRead(DefaultChannelPipeline.java:919)
	at io.netty.channel.nio.AbstractNioByteChannel$NioByteUnsafe.read(AbstractNioByteChannel.java:163)
	at io.netty.channel.nio.NioEventLoop.processSelectedKey(NioEventLoop.java:714)
	at io.netty.channel.nio.NioEventLoop.processSelectedKeysOptimized(NioEventLoop.java:650)
	at io.netty.channel.nio.NioEventLoop.processSelectedKeys(NioEventLoop.java:576)
	at io.netty.channel.nio.NioEventLoop.run(NioEventLoop.java:493)
	at io.netty.util.concurrent.SingleThreadEventExecutor$4.run(SingleThreadEventExecutor.java:989)
	at io.netty.util.internal.ThreadExecutorMap$2.run(ThreadExecutorMap.java:74)
	at io.netty.util.concurrent.FastThreadLocalRunnable.run(FastThreadLocalRunnable.java:30)
	at java.lang.Thread.run(Thread.java:748)
nioEventLoopGroup-5-1, fatal error: 46: General SSLEngine problem
java.security.cert.CertificateException: Failed to verify both host address and host name
%% Invalidated:  [Session-43, SSL_NULL_WITH_NULL_NULL]
%% Invalidated:  [Session-46, TLS_ECDHE_RSA_WITH_AES_256_CBC_SHA384]
nioEventLoopGroup-5-1, SEND TLSv1.2 ALERT:  fatal, description = certificate_unknown
nioEventLoopGroup-5-1, WRITE: TLSv1.2 Alert, length = 2
nioEventLoopGroup-5-1, fatal: engine already closed.  Rethrowing javax.net.ssl.SSLHandshakeException: General SSLEngine problem
nioEventLoopGroup-5-1, called closeOutbound()
nioEventLoopGroup-5-1, closeOutboundInternal()
nioEventLoopGroup-5-1, called closeInbound()
nioEventLoopGroup-5-1, fatal: engine already closed.  Rethrowing javax.net.ssl.SSLException: Inbound closed before receiving peer's close_notify: possible truncation attack?
nioEventLoopGroup-4-12, READ: TLSv1.2 Alert, length = 2
nioEventLoopGroup-4-12, RECV TLSv1.2 ALERT:  fatal, certificate_unknown
nioEventLoopGroup-4-12, fatal: engine already closed.  Rethrowing javax.net.ssl.SSLException: Received fatal alert: certificate_unknown
nioEventLoopGroup-4-12, fatal: engine already closed.  Rethrowing javax.net.ssl.SSLException: Received fatal alert: certificate_unknown
2020-06-22 14:06:22,780 [myid:] - ERROR [nioEventLoopGroup-4-12:NettyServerCnxnFactory$CertificateVerifier@434] - Unsuccessful handshake with session 0x0
nioEventLoopGroup-4-12, called closeOutbound()
nioEventLoopGroup-4-12, closeOutboundInternal()
nioEventLoopGroup-4-12, SEND TLSv1.2 ALERT:  warning, description = close_notify
nioEventLoopGroup-4-12, WRITE: TLSv1.2 Alert, length = 2
nioEventLoopGroup-4-12, called closeInbound()
nioEventLoopGroup-4-12, fatal: engine already closed.  Rethrowing javax.net.ssl.SSLException: Inbound closed before receiving peer's close_notify: possible truncation attack?
2020-06-22 14:06:22,780 [myid:127.0.0.1:30073] - ERROR [nioEventLoopGroup-5-1:ClientCnxnSocketNetty$ZKClientHandler@522] - Unexpected throwable
io.netty.handler.codec.DecoderException: javax.net.ssl.SSLHandshakeException: General SSLEngine problem
	at io.netty.handler.codec.ByteToMessageDecoder.callDecode(ByteToMessageDecoder.java:468)
	at io.netty.handler.codec.ByteToMessageDecoder.channelRead(ByteToMessageDecoder.java:276)
	at io.netty.channel.AbstractChannelHandlerContext.invokeChannelRead(AbstractChannelHandlerContext.java:379)
	at io.netty.channel.AbstractChannelHandlerContext.invokeChannelRead(AbstractChannelHandlerContext.java:365)
	at io.netty.channel.AbstractChannelHandlerContext.fireChannelRead(AbstractChannelHandlerContext.java:357)
	at io.netty.channel.DefaultChannelPipeline$HeadContext.channelRead(DefaultChannelPipeline.java:1410)
	at io.netty.channel.AbstractChannelHandlerContext.invokeChannelRead(AbstractChannelHandlerContext.java:379)
	at io.netty.channel.AbstractChannelHandlerContext.invokeChannelRead(AbstractChannelHandlerContext.java:365)
	at io.netty.channel.DefaultChannelPipeline.fireChannelRead(DefaultChannelPipeline.java:919)
	at io.netty.channel.nio.AbstractNioByteChannel$NioByteUnsafe.read(AbstractNioByteChannel.java:163)
	at io.netty.channel.nio.NioEventLoop.processSelectedKey(NioEventLoop.java:714)
	at io.netty.channel.nio.NioEventLoop.processSelectedKeysOptimized(NioEventLoop.java:650)
	at io.netty.channel.nio.NioEventLoop.processSelectedKeys(NioEventLoop.java:576)
	at io.netty.channel.nio.NioEventLoop.run(NioEventLoop.java:493)
	at io.netty.util.concurrent.SingleThreadEventExecutor$4.run(SingleThreadEventExecutor.java:989)
	at io.netty.util.internal.ThreadExecutorMap$2.run(ThreadExecutorMap.java:74)
	at io.netty.util.concurrent.FastThreadLocalRunnable.run(FastThreadLocalRunnable.java:30)
	at java.lang.Thread.run(Thread.java:748)
Caused by: javax.net.ssl.SSLHandshakeException: General SSLEngine problem
	at sun.security.ssl.Handshaker.checkThrown(Handshaker.java:1566)
	at sun.security.ssl.SSLEngineImpl.checkTaskThrown(SSLEngineImpl.java:545)
	at sun.security.ssl.SSLEngineImpl.readNetRecord(SSLEngineImpl.java:819)
	at sun.security.ssl.SSLEngineImpl.unwrap(SSLEngineImpl.java:783)
	at javax.net.ssl.SSLEngine.unwrap(SSLEngine.java:626)
	at io.netty.handler.ssl.SslHandler$SslEngineType$3.unwrap(SslHandler.java:281)
	at io.netty.handler.ssl.SslHandler.unwrap(SslHandler.java:1340)
	at io.netty.handler.ssl.SslHandler.decodeJdkCompatible(SslHandler.java:1235)
	at io.netty.handler.ssl.SslHandler.decode(SslHandler.java:1282)
	at io.netty.handler.codec.ByteToMessageDecoder.decodeRemovalReentryProtection(ByteToMessageDecoder.java:498)
	at io.netty.handler.codec.ByteToMessageDecoder.callDecode(ByteToMessageDecoder.java:437)
	... 17 more
Caused by: javax.net.ssl.SSLHandshakeException: General SSLEngine problem
	at sun.security.ssl.Alerts.getSSLException(Alerts.java:198)
	at sun.security.ssl.SSLEngineImpl.fatal(SSLEngineImpl.java:1729)
	at sun.security.ssl.Handshaker.fatalSE(Handshaker.java:333)
	at sun.security.ssl.Handshaker.fatalSE(Handshaker.java:325)
	at sun.security.ssl.ClientHandshaker.serverCertificate(ClientHandshaker.java:1688)
	at sun.security.ssl.ClientHandshaker.processMessage(ClientHandshaker.java:226)
	at sun.security.ssl.Handshaker.processLoop(Handshaker.java:1082)
	at sun.security.ssl.Handshaker$1.run(Handshaker.java:1015)
	at sun.security.ssl.Handshaker$1.run(Handshaker.java:1012)
	at java.security.AccessController.doPrivileged(Native Method)
	at sun.security.ssl.Handshaker$DelegatedTask.run(Handshaker.java:1504)
	at io.netty.handler.ssl.SslHandler.runAllDelegatedTasks(SslHandler.java:1510)
	at io.netty.handler.ssl.SslHandler.runDelegatedTasks(SslHandler.java:1524)
	at io.netty.handler.ssl.SslHandler.unwrap(SslHandler.java:1408)
	... 21 more
Caused by: java.security.cert.CertificateException: Failed to verify both host address and host name
	at org.apache.zookeeper.common.ZKTrustManager.performHostVerification(ZKTrustManager.java:163)
	at org.apache.zookeeper.common.ZKTrustManager.checkServerTrusted(ZKTrustManager.java:118)
	at sun.security.ssl.ClientHandshaker.serverCertificate(ClientHandshaker.java:1675)
	... 30 more
Caused by: javax.net.ssl.SSLPeerUnverifiedException: Certificate for <activate.navicat.com> doesn't match common name of the certificate subject: localhost
	at org.apache.zookeeper.common.ZKHostnameVerifier.matchCN(ZKHostnameVerifier.java:238)
	at org.apache.zookeeper.common.ZKHostnameVerifier.verify(ZKHostnameVerifier.java:184)
	at org.apache.zookeeper.common.ZKTrustManager.performHostVerification(ZKTrustManager.java:159)
	... 32 more
2020-06-22 14:06:22,781 [myid:127.0.0.1:30073] - INFO  [nioEventLoopGroup-5-1:ClientCnxnSocketNetty@249] - channel is told closing
nioEventLoopGroup-5-1, called closeOutbound()
nioEventLoopGroup-5-1, closeOutboundInternal()
2020-06-22 14:06:22,781 [myid:127.0.0.1:30073] - WARN  [main-SendThread(127.0.0.1:30073):ClientCnxn$SendThread@1272] - Session 0x0 for sever activate.navicat.com/127.0.0.1:30073, Closing socket connection. Attempting reconnect except it is a SessionExpiredException.
EndOfStreamException: channel for sessionid 0x0 is lost
	at org.apache.zookeeper.ClientCnxnSocketNetty.doTransport(ClientCnxnSocketNetty.java:285)
	at org.apache.zookeeper.ClientCnxn$SendThread.run(ClientCnxn.java:1262)
2020-06-22 14:06:22,781 [myid:] - WARN  [nioEventLoopGroup-4-12:NettyServerCnxnFactory$CnxnChannelHandler@273] - Exception caught
io.netty.handler.codec.DecoderException: javax.net.ssl.SSLException: Received fatal alert: certificate_unknown
	at io.netty.handler.codec.ByteToMessageDecoder.callDecode(ByteToMessageDecoder.java:468)
	at io.netty.handler.codec.ByteToMessageDecoder.channelRead(ByteToMessageDecoder.java:276)
	at io.netty.channel.AbstractChannelHandlerContext.invokeChannelRead(AbstractChannelHandlerContext.java:379)
	at io.netty.channel.AbstractChannelHandlerContext.invokeChannelRead(AbstractChannelHandlerContext.java:365)
	at io.netty.channel.AbstractChannelHandlerContext.fireChannelRead(AbstractChannelHandlerContext.java:357)
	at io.netty.channel.DefaultChannelPipeline$HeadContext.channelRead(DefaultChannelPipeline.java:1410)
	at io.netty.channel.AbstractChannelHandlerContext.invokeChannelRead(AbstractChannelHandlerContext.java:379)
	at io.netty.channel.AbstractChannelHandlerContext.invokeChannelRead(AbstractChannelHandlerContext.java:365)
	at io.netty.channel.DefaultChannelPipeline.fireChannelRead(DefaultChannelPipeline.java:919)
	at io.netty.channel.nio.AbstractNioByteChannel$NioByteUnsafe.read(AbstractNioByteChannel.java:163)
	at io.netty.channel.nio.NioEventLoop.processSelectedKey(NioEventLoop.java:714)
	at io.netty.channel.nio.NioEventLoop.processSelectedKeysOptimized(NioEventLoop.java:650)
	at io.netty.channel.nio.NioEventLoop.processSelectedKeys(NioEventLoop.java:576)
	at io.netty.channel.nio.NioEventLoop.run(NioEventLoop.java:493)
	at io.netty.util.concurrent.SingleThreadEventExecutor$4.run(SingleThreadEventExecutor.java:989)
	at io.netty.util.internal.ThreadExecutorMap$2.run(ThreadExecutorMap.java:74)
	at io.netty.util.concurrent.FastThreadLocalRunnable.run(FastThreadLocalRunnable.java:30)
	at java.lang.Thread.run(Thread.java:748)
Caused by: javax.net.ssl.SSLException: Received fatal alert: certificate_unknown
	at sun.security.ssl.Alerts.getSSLException(Alerts.java:214)
	at sun.security.ssl.SSLEngineImpl.fatal(SSLEngineImpl.java:1667)
	at sun.security.ssl.SSLEngineImpl.fatal(SSLEngineImpl.java:1635)
	at sun.security.ssl.SSLEngineImpl.recvAlert(SSLEngineImpl.java:1801)
	at sun.security.ssl.SSLEngineImpl.readRecord(SSLEngineImpl.java:1090)
	at sun.security.ssl.SSLEngineImpl.readNetRecord(SSLEngineImpl.java:913)
	at sun.security.ssl.SSLEngineImpl.unwrap(SSLEngineImpl.java:783)
	at javax.net.ssl.SSLEngine.unwrap(SSLEngine.java:626)
	at io.netty.handler.ssl.SslHandler$SslEngineType$3.unwrap(SslHandler.java:281)
	at io.netty.handler.ssl.SslHandler.unwrap(SslHandler.java:1340)
	at io.netty.handler.ssl.SslHandler.decodeJdkCompatible(SslHandler.java:1235)
	at io.netty.handler.ssl.SslHandler.decode(SslHandler.java:1282)
	at io.netty.handler.codec.ByteToMessageDecoder.decodeRemovalReentryProtection(ByteToMessageDecoder.java:498)
	at io.netty.handler.codec.ByteToMessageDecoder.callDecode(ByteToMessageDecoder.java:437)
	... 17 more
nioEventLoopGroup-4-12, called closeOutbound()
nioEventLoopGroup-4-12, closeOutboundInternal()
2020-06-22 14:06:22,781 [myid:127.0.0.1:30073] - INFO  [nioEventLoopGroup-5-1:ClientCnxnSocketNetty$ZKClientHandler@469] - channel is disconnected: [id: 0x13b4a462, L:/127.0.0.1:54902 ! R:activate.navicat.com/127.0.0.1:30073]
nioEventLoopGroup-4-12, READ: TLSv1.2 Alert, length = 2
nioEventLoopGroup-4-12, RECV TLSv1.2 ALERT:  fatal, certificate_unknown
nioEventLoopGroup-4-12, fatal: engine already closed.  Rethrowing javax.net.ssl.SSLException: Received fatal alert: certificate_unknown
nioEventLoopGroup-4-12, fatal: engine already closed.  Rethrowing javax.net.ssl.SSLException: Received fatal alert: certificate_unknown
nioEventLoopGroup-4-12, called closeOutbound()
nioEventLoopGroup-4-12, closeOutboundInternal()
nioEventLoopGroup-4-12, called closeInbound()
nioEventLoopGroup-4-12, closeInboundInternal()
nioEventLoopGroup-4-12, closeOutboundInternal()
2020-06-22 14:06:22,782 [myid:] - WARN  [nioEventLoopGroup-4-12:NettyServerCnxnFactory$CnxnChannelHandler@273] - Exception caught
io.netty.handler.codec.DecoderException: javax.net.ssl.SSLException: Received fatal alert: certificate_unknown
	at io.netty.handler.codec.ByteToMessageDecoder.callDecode(ByteToMessageDecoder.java:468)
	at io.netty.handler.codec.ByteToMessageDecoder.channelInputClosed(ByteToMessageDecoder.java:401)
	at io.netty.handler.codec.ByteToMessageDecoder.channelInputClosed(ByteToMessageDecoder.java:368)
	at io.netty.handler.codec.ByteToMessageDecoder.channelInactive(ByteToMessageDecoder.java:351)
	at io.netty.handler.ssl.SslHandler.channelInactive(SslHandler.java:1084)
	at io.netty.channel.AbstractChannelHandlerContext.invokeChannelInactive(AbstractChannelHandlerContext.java:262)
	at io.netty.channel.AbstractChannelHandlerContext.invokeChannelInactive(AbstractChannelHandlerContext.java:248)
	at io.netty.channel.AbstractChannelHandlerContext.fireChannelInactive(AbstractChannelHandlerContext.java:241)
	at io.netty.channel.DefaultChannelPipeline$HeadContext.channelInactive(DefaultChannelPipeline.java:1405)
	at io.netty.channel.AbstractChannelHandlerContext.invokeChannelInactive(AbstractChannelHandlerContext.java:262)
	at io.netty.channel.AbstractChannelHandlerContext.invokeChannelInactive(AbstractChannelHandlerContext.java:248)
	at io.netty.channel.DefaultChannelPipeline.fireChannelInactive(DefaultChannelPipeline.java:901)
	at io.netty.channel.AbstractChannel$AbstractUnsafe$8.run(AbstractChannel.java:818)
	at io.netty.util.concurrent.AbstractEventExecutor.safeExecute(AbstractEventExecutor.java:164)
	at io.netty.util.concurrent.SingleThreadEventExecutor.runAllTasks(SingleThreadEventExecutor.java:472)
	at io.netty.channel.nio.NioEventLoop.run(NioEventLoop.java:497)
	at io.netty.util.concurrent.SingleThreadEventExecutor$4.run(SingleThreadEventExecutor.java:989)
	at io.netty.util.internal.ThreadExecutorMap$2.run(ThreadExecutorMap.java:74)
	at io.netty.util.concurrent.FastThreadLocalRunnable.run(FastThreadLocalRunnable.java:30)
	at java.lang.Thread.run(Thread.java:748)
Caused by: javax.net.ssl.SSLException: Received fatal alert: certificate_unknown
	at sun.security.ssl.Alerts.getSSLException(Alerts.java:214)
	at sun.security.ssl.SSLEngineImpl.fatal(SSLEngineImpl.java:1667)
	at sun.security.ssl.SSLEngineImpl.fatal(SSLEngineImpl.java:1635)
	at sun.security.ssl.SSLEngineImpl.recvAlert(SSLEngineImpl.java:1801)
	at sun.security.ssl.SSLEngineImpl.readRecord(SSLEngineImpl.java:1090)
	at sun.security.ssl.SSLEngineImpl.readNetRecord(SSLEngineImpl.java:913)
	at sun.security.ssl.SSLEngineImpl.unwrap(SSLEngineImpl.java:783)
	at javax.net.ssl.SSLEngine.unwrap(SSLEngine.java:626)
	at io.netty.handler.ssl.SslHandler$SslEngineType$3.unwrap(SslHandler.java:281)
	at io.netty.handler.ssl.SslHandler.unwrap(SslHandler.java:1340)
	at io.netty.handler.ssl.SslHandler.decodeJdkCompatible(SslHandler.java:1235)
	at io.netty.handler.ssl.SslHandler.decode(SslHandler.java:1282)
	at io.netty.handler.codec.ByteToMessageDecoder.decodeRemovalReentryProtection(ByteToMessageDecoder.java:498)
	at io.netty.handler.codec.ByteToMessageDecoder.callDecode(ByteToMessageDecoder.java:437)
	... 19 more
2020-06-22 14:06:23,963 [myid:127.0.0.1:30073] - INFO  [main-SendThread(127.0.0.1:30073):ClientCnxn$SendThread@1154] - Opening socket connection to server activate.navicat.com/127.0.0.1:30073.
2020-06-22 14:06:23,963 [myid:127.0.0.1:30073] - INFO  [main-SendThread(127.0.0.1:30073):ClientCnxn$SendThread@1156] - SASL config status: Will not attempt to authenticate using SASL (unknown error)
adding as trusted cert:
  Subject: CN=localhost, OU=ZooKeeper, O=Apache, L=Unknown, ST=Unknown, C=Unknown
  Issuer:  CN=localhost, OU=ZooKeeper, O=Apache, L=Unknown, ST=Unknown, C=Unknown
  Algorithm: RSA; Serial number: 0x7334b506
  Valid from Sat Jan 31 02:57:30 CST 2015 until Wed Feb 08 02:57:30 CST 3015

trigger seeding of SecureRandom
done seeding SecureRandom
Using SSLEngineImpl.
%% Initialized:  [Session-47, SSL_NULL_WITH_NULL_NULL]
2020-06-22 14:06:23,965 [myid:127.0.0.1:30073] - INFO  [nioEventLoopGroup-5-1:ClientCnxnSocketNetty$ZKClientPipelineFactory@454] - SSL handler added for channel: [id: 0x9e0414b8]
2020-06-22 14:06:23,966 [myid:127.0.0.1:30073] - INFO  [nioEventLoopGroup-5-1:ClientCnxn$SendThread@986] - Socket connection established, initiating session, client: /127.0.0.1:54913, server: activate.navicat.com/127.0.0.1:30073
2020-06-22 14:06:23,966 [myid:127.0.0.1:30073] - INFO  [nioEventLoopGroup-5-1:ClientCnxnSocketNetty$1@184] - channel is connected: [id: 0x9e0414b8, L:/127.0.0.1:54913 - R:activate.navicat.com/127.0.0.1:30073]
Allow unsafe renegotiation: false
Allow legacy hello messages: true
Is initial handshake: true
Is secure renegotiation: false
Ignoring unsupported cipher suite: TLS_ECDHE_ECDSA_WITH_AES_256_CBC_SHA384 for TLSv1
Ignoring unsupported cipher suite: TLS_ECDHE_RSA_WITH_AES_256_CBC_SHA384 for TLSv1
Ignoring unsupported cipher suite: TLS_RSA_WITH_AES_256_CBC_SHA256 for TLSv1
Ignoring unsupported cipher suite: TLS_ECDH_ECDSA_WITH_AES_256_CBC_SHA384 for TLSv1
Ignoring unsupported cipher suite: TLS_ECDH_RSA_WITH_AES_256_CBC_SHA384 for TLSv1
Ignoring unsupported cipher suite: TLS_DHE_RSA_WITH_AES_256_CBC_SHA256 for TLSv1
Ignoring unsupported cipher suite: TLS_DHE_DSS_WITH_AES_256_CBC_SHA256 for TLSv1
Ignoring unsupported cipher suite: TLS_ECDHE_ECDSA_WITH_AES_256_CBC_SHA384 for TLSv1.1
Ignoring unsupported cipher suite: TLS_ECDHE_RSA_WITH_AES_256_CBC_SHA384 for TLSv1.1
Ignoring unsupported cipher suite: TLS_RSA_WITH_AES_256_CBC_SHA256 for TLSv1.1
Ignoring unsupported cipher suite: TLS_ECDH_ECDSA_WITH_AES_256_CBC_SHA384 for TLSv1.1
Ignoring unsupported cipher suite: TLS_ECDH_RSA_WITH_AES_256_CBC_SHA384 for TLSv1.1
Ignoring unsupported cipher suite: TLS_DHE_RSA_WITH_AES_256_CBC_SHA256 for TLSv1.1
Ignoring unsupported cipher suite: TLS_DHE_DSS_WITH_AES_256_CBC_SHA256 for TLSv1.1
trigger seeding of SecureRandom
done seeding SecureRandom
Using SSLEngineImpl.
%% Initialized:  [Session-48, SSL_NULL_WITH_NULL_NULL]
%% No cached client session
update handshake state: client_hello[1]
upcoming handshake states: server_hello[2]
*** ClientHello, TLSv1.2
RandomCookie:  GMT: 1576028767 bytes = { 58, 106, 151, 92, 174, 14, 146, 162, 64, 31, 173, 19, 2, 135, 43, 30, 206, 10, 28, 105, 234, 182, 64, 234, 134, 121, 190, 204 }
Session ID:  {}
Cipher Suites: [TLS_ECDHE_ECDSA_WITH_AES_256_CBC_SHA384, TLS_ECDHE_RSA_WITH_AES_256_CBC_SHA384, TLS_RSA_WITH_AES_256_CBC_SHA256, TLS_ECDH_ECDSA_WITH_AES_256_CBC_SHA384, TLS_ECDH_RSA_WITH_AES_256_CBC_SHA384, TLS_DHE_RSA_WITH_AES_256_CBC_SHA256, TLS_DHE_DSS_WITH_AES_256_CBC_SHA256, TLS_ECDHE_ECDSA_WITH_AES_256_CBC_SHA, TLS_ECDHE_RSA_WITH_AES_256_CBC_SHA, TLS_RSA_WITH_AES_256_CBC_SHA, TLS_ECDH_ECDSA_WITH_AES_256_CBC_SHA, TLS_ECDH_RSA_WITH_AES_256_CBC_SHA, TLS_DHE_RSA_WITH_AES_256_CBC_SHA, TLS_DHE_DSS_WITH_AES_256_CBC_SHA, TLS_ECDHE_ECDSA_WITH_AES_128_CBC_SHA256, TLS_ECDHE_RSA_WITH_AES_128_CBC_SHA256, TLS_RSA_WITH_AES_128_CBC_SHA256, TLS_ECDH_ECDSA_WITH_AES_128_CBC_SHA256, TLS_ECDH_RSA_WITH_AES_128_CBC_SHA256, TLS_DHE_RSA_WITH_AES_128_CBC_SHA256, TLS_DHE_DSS_WITH_AES_128_CBC_SHA256, TLS_ECDHE_ECDSA_WITH_AES_128_CBC_SHA, TLS_ECDHE_RSA_WITH_AES_128_CBC_SHA, TLS_RSA_WITH_AES_128_CBC_SHA, TLS_ECDH_ECDSA_WITH_AES_128_CBC_SHA, TLS_ECDH_RSA_WITH_AES_128_CBC_SHA, TLS_DHE_RSA_WITH_AES_128_CBC_SHA, TLS_DHE_DSS_WITH_AES_128_CBC_SHA, TLS_ECDHE_ECDSA_WITH_AES_256_GCM_SHA384, TLS_ECDHE_ECDSA_WITH_AES_128_GCM_SHA256, TLS_ECDHE_RSA_WITH_AES_256_GCM_SHA384, TLS_RSA_WITH_AES_256_GCM_SHA384, TLS_ECDH_ECDSA_WITH_AES_256_GCM_SHA384, TLS_ECDH_RSA_WITH_AES_256_GCM_SHA384, TLS_DHE_RSA_WITH_AES_256_GCM_SHA384, TLS_DHE_DSS_WITH_AES_256_GCM_SHA384, TLS_ECDHE_RSA_WITH_AES_128_GCM_SHA256, TLS_RSA_WITH_AES_128_GCM_SHA256, TLS_ECDH_ECDSA_WITH_AES_128_GCM_SHA256, TLS_ECDH_RSA_WITH_AES_128_GCM_SHA256, TLS_DHE_RSA_WITH_AES_128_GCM_SHA256, TLS_DHE_DSS_WITH_AES_128_GCM_SHA256, TLS_EMPTY_RENEGOTIATION_INFO_SCSV]
Compression Methods:  { 0 }
Extension elliptic_curves, curve names: {secp256r1, secp384r1, secp521r1}
Extension ec_point_formats, formats: [uncompressed]
Extension signature_algorithms, signature_algorithms: SHA512withECDSA, SHA512withRSA, SHA384withECDSA, SHA384withRSA, SHA256withECDSA, SHA256withRSA, SHA256withDSA, SHA1withECDSA, SHA1withRSA, SHA1withDSA
Extension extended_master_secret
Extension server_name, server_name: [type=host_name (0), value=activate.navicat.com]
***
nioEventLoopGroup-5-1, WRITE: TLSv1.2 Handshake, length = 208
Allow unsafe renegotiation: false
Allow legacy hello messages: true
Is initial handshake: true
Is secure renegotiation: false
nioEventLoopGroup-4-13, READ: TLSv1.2 Handshake, length = 208
check handshake state: client_hello[1]
update handshake state: client_hello[1]
upcoming handshake states: server_hello[2]
*** ClientHello, TLSv1.2
RandomCookie:  GMT: 1576028767 bytes = { 58, 106, 151, 92, 174, 14, 146, 162, 64, 31, 173, 19, 2, 135, 43, 30, 206, 10, 28, 105, 234, 182, 64, 234, 134, 121, 190, 204 }
Session ID:  {}
Cipher Suites: [TLS_ECDHE_ECDSA_WITH_AES_256_CBC_SHA384, TLS_ECDHE_RSA_WITH_AES_256_CBC_SHA384, TLS_RSA_WITH_AES_256_CBC_SHA256, TLS_ECDH_ECDSA_WITH_AES_256_CBC_SHA384, TLS_ECDH_RSA_WITH_AES_256_CBC_SHA384, TLS_DHE_RSA_WITH_AES_256_CBC_SHA256, TLS_DHE_DSS_WITH_AES_256_CBC_SHA256, TLS_ECDHE_ECDSA_WITH_AES_256_CBC_SHA, TLS_ECDHE_RSA_WITH_AES_256_CBC_SHA, TLS_RSA_WITH_AES_256_CBC_SHA, TLS_ECDH_ECDSA_WITH_AES_256_CBC_SHA, TLS_ECDH_RSA_WITH_AES_256_CBC_SHA, TLS_DHE_RSA_WITH_AES_256_CBC_SHA, TLS_DHE_DSS_WITH_AES_256_CBC_SHA, TLS_ECDHE_ECDSA_WITH_AES_128_CBC_SHA256, TLS_ECDHE_RSA_WITH_AES_128_CBC_SHA256, TLS_RSA_WITH_AES_128_CBC_SHA256, TLS_ECDH_ECDSA_WITH_AES_128_CBC_SHA256, TLS_ECDH_RSA_WITH_AES_128_CBC_SHA256, TLS_DHE_RSA_WITH_AES_128_CBC_SHA256, TLS_DHE_DSS_WITH_AES_128_CBC_SHA256, TLS_ECDHE_ECDSA_WITH_AES_128_CBC_SHA, TLS_ECDHE_RSA_WITH_AES_128_CBC_SHA, TLS_RSA_WITH_AES_128_CBC_SHA, TLS_ECDH_ECDSA_WITH_AES_128_CBC_SHA, TLS_ECDH_RSA_WITH_AES_128_CBC_SHA, TLS_DHE_RSA_WITH_AES_128_CBC_SHA, TLS_DHE_DSS_WITH_AES_128_CBC_SHA, TLS_ECDHE_ECDSA_WITH_AES_256_GCM_SHA384, TLS_ECDHE_ECDSA_WITH_AES_128_GCM_SHA256, TLS_ECDHE_RSA_WITH_AES_256_GCM_SHA384, TLS_RSA_WITH_AES_256_GCM_SHA384, TLS_ECDH_ECDSA_WITH_AES_256_GCM_SHA384, TLS_ECDH_RSA_WITH_AES_256_GCM_SHA384, TLS_DHE_RSA_WITH_AES_256_GCM_SHA384, TLS_DHE_DSS_WITH_AES_256_GCM_SHA384, TLS_ECDHE_RSA_WITH_AES_128_GCM_SHA256, TLS_RSA_WITH_AES_128_GCM_SHA256, TLS_ECDH_ECDSA_WITH_AES_128_GCM_SHA256, TLS_ECDH_RSA_WITH_AES_128_GCM_SHA256, TLS_DHE_RSA_WITH_AES_128_GCM_SHA256, TLS_DHE_DSS_WITH_AES_128_GCM_SHA256, TLS_EMPTY_RENEGOTIATION_INFO_SCSV]
Compression Methods:  { 0 }
Extension elliptic_curves, curve names: {secp256r1, secp384r1, secp521r1}
Extension ec_point_formats, formats: [uncompressed]
Extension signature_algorithms, signature_algorithms: SHA512withECDSA, SHA512withRSA, SHA384withECDSA, SHA384withRSA, SHA256withECDSA, SHA256withRSA, SHA256withDSA, SHA1withECDSA, SHA1withRSA, SHA1withDSA
Extension extended_master_secret
Extension server_name, server_name: [type=host_name (0), value=activate.navicat.com]
***
%% Initialized:  [Session-49, SSL_NULL_WITH_NULL_NULL]
Standard ciphersuite chosen: TLS_ECDHE_RSA_WITH_AES_256_CBC_SHA384
%% Negotiating:  [Session-49, TLS_ECDHE_RSA_WITH_AES_256_CBC_SHA384]
*** ServerHello, TLSv1.2
RandomCookie:  GMT: 1576028767 bytes = { 249, 124, 192, 9, 135, 101, 247, 140, 161, 152, 142, 168, 96, 181, 189, 114, 155, 64, 7, 125, 100, 129, 235, 236, 77, 31, 75, 220 }
Session ID:  {94, 240, 74, 95, 242, 247, 25, 56, 137, 73, 121, 19, 91, 203, 190, 171, 168, 32, 12, 142, 90, 119, 248, 108, 81, 9, 65, 93, 13, 157, 32, 86}
Cipher Suite: TLS_ECDHE_RSA_WITH_AES_256_CBC_SHA384
Compression Method: 0
Extension renegotiation_info, renegotiated_connection: <empty>
Extension extended_master_secret
***
Cipher suite:  TLS_ECDHE_RSA_WITH_AES_256_CBC_SHA384
update handshake state: server_hello[2]
upcoming handshake states: server certificate[11]
upcoming handshake states: server_key_exchange[12](optional)
upcoming handshake states: certificate_request[13](optional)
upcoming handshake states: server_hello_done[14]
upcoming handshake states: client certificate[11](optional)
upcoming handshake states: client_key_exchange[16]
upcoming handshake states: certificate_verify[15](optional)
upcoming handshake states: client change_cipher_spec[-1]
upcoming handshake states: client finished[20]
upcoming handshake states: server change_cipher_spec[-1]
upcoming handshake states: server finished[20]
*** Certificate chain
chain [0] = [
[
  Version: V3
  Subject: CN=localhost, OU=ZooKeeper, O=Apache, L=Unknown, ST=Unknown, C=Unknown
  Signature Algorithm: SHA256withRSA, OID = 1.2.840.113549.1.1.11

  Key:  Sun RSA public key, 2048 bits
  params: null
  modulus: 20466894428749997265095448870198652391311568515891366224735448896044144250313384062095901217219702596717622583159291680947094046474456586662132842412743846124470020097713679685492900855417800931365512472314155689881392853768001073664569106127795833231344696659209258027979401908711647617989508135190248980524852215540637603770017238536229773075995665111861820945008718990948857303373661769409475939971958531493423489844433566328219155461676589360491136984327342101195255797973694339642711115427623510874675394946293706606142706174397483349590050687482693164890194014220011640037490528845185364811025836034294701994387
  public exponent: 65537
  Validity: [From: Sat Jan 31 02:57:30 CST 2015,
               To: Wed Feb 08 02:57:30 CST 3015]
  Issuer: CN=localhost, OU=ZooKeeper, O=Apache, L=Unknown, ST=Unknown, C=Unknown
  SerialNumber: [    7334b506]

Certificate Extensions: 1
[1]: ObjectId: 2.5.29.14 Criticality=false
SubjectKeyIdentifier [
KeyIdentifier [
0000: 65 D7 B4 E0 27 45 7A 00   58 2F AD D5 0B 64 2D 77  e...'Ez.X/...d-w
0010: 88 F7 AA F5                                        ....
]
]

]
  Algorithm: [SHA256withRSA]
  Signature:
0000: 1B C8 6B 36 83 1D 28 37   5C 1F 7D F6 C6 84 A0 BF  ..k6..(7\.......
0010: CA C0 47 CF C5 34 70 7A   CF 6B EA 34 84 BE 08 7A  ..G..4pz.k.4...z
0020: 98 E6 3D ED 1D E2 6F 06   DB 23 AB 41 AD D5 DF 1D  ..=...o..#.A....
0030: 92 F4 9D 05 FD 7C EE BE   4A 87 B8 F1 FE F4 5B 79  ........J.....[y
0040: DC AD F7 44 3D 67 08 7A   3B 91 D7 5A 79 44 96 D7  ...D=g.z;..ZyD..
0050: BE 0E 41 C8 64 E3 87 C3   28 11 AB DC 36 F5 B0 AC  ..A.d...(...6...
0060: BD 2F 16 1D 6E A1 52 25   5A EC 6F AD 20 71 5A 1B  ./..n.R%Z.o. qZ.
0070: 66 D4 0D A6 49 B7 75 43   C4 84 0B 4B AC BD 16 76  f...I.uC...K...v
0080: 58 2B 07 85 E2 F1 44 15   1E 67 D1 3C 13 73 5A 2D  X+....D..g.<.sZ-
0090: D6 06 0B A1 D3 09 7E EF   88 F9 C3 0E A4 10 47 EA  ..............G.
00A0: 65 5D CD F0 39 EA 2F 59   1C 08 BC F9 CC 5B C9 BB  e]..9./Y.....[..
00B0: 2F 20 19 81 97 B5 21 BB   60 A4 39 08 6C 41 2A 51  / ....!.`.9.lA*Q
00C0: B1 C3 1A A3 8C F8 ED 67   D0 EE EC 52 01 2A E4 1E  .......g...R.*..
00D0: D2 B4 34 73 DC 7E 34 24   A9 4E 77 AD FD B3 77 0D  ..4s..4$.Nw...w.
00E0: C2 7A C0 65 F6 CC 11 9D   19 AA 59 13 C3 9D AD 5F  .z.e......Y...._
00F0: 61 E6 C2 18 F0 E5 A1 49   41 B5 EF 9E 91 0C 35 9C  a......IA.....5.

]
***
update handshake state: certificate[11]
upcoming handshake states: server_key_exchange[12](optional)
upcoming handshake states: certificate_request[13](optional)
upcoming handshake states: server_hello_done[14]
upcoming handshake states: client certificate[11](optional)
upcoming handshake states: client_key_exchange[16]
upcoming handshake states: certificate_verify[15](optional)
upcoming handshake states: client change_cipher_spec[-1]
upcoming handshake states: client finished[20]
upcoming handshake states: server change_cipher_spec[-1]
upcoming handshake states: server finished[20]
*** ECDH ServerKeyExchange
Signature Algorithm SHA512withRSA
Server key: Sun EC public key, 256 bits
  public x coord: 62204762480749620711207378300594991669394438279740758274086411283126685259777
  public y coord: 31438465874243473732047403416625103721911087578725477892506849191376357622953
  parameters: secp256r1 [NIST P-256, X9.62 prime256v1] (1.2.840.10045.3.1.7)
update handshake state: server_key_exchange[12]
upcoming handshake states: certificate_request[13](optional)
upcoming handshake states: server_hello_done[14]
upcoming handshake states: client certificate[11](optional)
upcoming handshake states: client_key_exchange[16]
upcoming handshake states: certificate_verify[15](optional)
upcoming handshake states: client change_cipher_spec[-1]
upcoming handshake states: client finished[20]
upcoming handshake states: server change_cipher_spec[-1]
upcoming handshake states: server finished[20]
*** CertificateRequest
Cert Types: RSA, DSS, ECDSA
Supported Signature Algorithms: SHA512withECDSA, SHA512withRSA, SHA384withECDSA, SHA384withRSA, SHA256withECDSA, SHA256withRSA, SHA256withDSA, SHA1withECDSA, SHA1withRSA, SHA1withDSA
Cert Authorities:
<CN=localhost, OU=ZooKeeper, O=Apache, L=Unknown, ST=Unknown, C=Unknown>
update handshake state: unknown[13]
upcoming handshake states: server_hello_done[14]
upcoming handshake states: client certificate[11](optional)
upcoming handshake states: client_key_exchange[16]
upcoming handshake states: certificate_verify[15](optional)
upcoming handshake states: client change_cipher_spec[-1]
upcoming handshake states: client finished[20]
upcoming handshake states: server change_cipher_spec[-1]
upcoming handshake states: server finished[20]
*** ServerHelloDone
update handshake state: server_hello_done[14]
upcoming handshake states: client certificate[11](optional)
upcoming handshake states: client_key_exchange[16]
upcoming handshake states: certificate_verify[15](optional)
upcoming handshake states: client change_cipher_spec[-1]
upcoming handshake states: client finished[20]
upcoming handshake states: server change_cipher_spec[-1]
upcoming handshake states: server finished[20]
nioEventLoopGroup-4-13, WRITE: TLSv1.2 Handshake, length = 1478
nioEventLoopGroup-5-1, READ: TLSv1.2 Handshake, length = 1478
check handshake state: server_hello[2]
*** ServerHello, TLSv1.2
RandomCookie:  GMT: 1576028767 bytes = { 249, 124, 192, 9, 135, 101, 247, 140, 161, 152, 142, 168, 96, 181, 189, 114, 155, 64, 7, 125, 100, 129, 235, 236, 77, 31, 75, 220 }
Session ID:  {94, 240, 74, 95, 242, 247, 25, 56, 137, 73, 121, 19, 91, 203, 190, 171, 168, 32, 12, 142, 90, 119, 248, 108, 81, 9, 65, 93, 13, 157, 32, 86}
Cipher Suite: TLS_ECDHE_RSA_WITH_AES_256_CBC_SHA384
Compression Method: 0
Extension renegotiation_info, renegotiated_connection: <empty>
Extension extended_master_secret
***
%% Initialized:  [Session-50, TLS_ECDHE_RSA_WITH_AES_256_CBC_SHA384]
** TLS_ECDHE_RSA_WITH_AES_256_CBC_SHA384
update handshake state: server_hello[2]
upcoming handshake states: server certificate[11]
upcoming handshake states: server_key_exchange[12](optional)
upcoming handshake states: certificate_request[13](optional)
upcoming handshake states: server_hello_done[14]
upcoming handshake states: client certificate[11](optional)
upcoming handshake states: client_key_exchange[16]
upcoming handshake states: certificate_verify[15](optional)
upcoming handshake states: client change_cipher_spec[-1]
upcoming handshake states: client finished[20]
upcoming handshake states: server change_cipher_spec[-1]
upcoming handshake states: server finished[20]
check handshake state: certificate[11]
update handshake state: certificate[11]
upcoming handshake states: server_key_exchange[12](optional)
upcoming handshake states: certificate_request[13](optional)
upcoming handshake states: server_hello_done[14]
upcoming handshake states: client certificate[11](optional)
upcoming handshake states: client_key_exchange[16]
upcoming handshake states: certificate_verify[15](optional)
upcoming handshake states: client change_cipher_spec[-1]
upcoming handshake states: client finished[20]
upcoming handshake states: server change_cipher_spec[-1]
upcoming handshake states: server finished[20]
*** Certificate chain
chain [0] = [
[
  Version: V3
  Subject: CN=localhost, OU=ZooKeeper, O=Apache, L=Unknown, ST=Unknown, C=Unknown
  Signature Algorithm: SHA256withRSA, OID = 1.2.840.113549.1.1.11

  Key:  Sun RSA public key, 2048 bits
  params: null
  modulus: 20466894428749997265095448870198652391311568515891366224735448896044144250313384062095901217219702596717622583159291680947094046474456586662132842412743846124470020097713679685492900855417800931365512472314155689881392853768001073664569106127795833231344696659209258027979401908711647617989508135190248980524852215540637603770017238536229773075995665111861820945008718990948857303373661769409475939971958531493423489844433566328219155461676589360491136984327342101195255797973694339642711115427623510874675394946293706606142706174397483349590050687482693164890194014220011640037490528845185364811025836034294701994387
  public exponent: 65537
  Validity: [From: Sat Jan 31 02:57:30 CST 2015,
               To: Wed Feb 08 02:57:30 CST 3015]
  Issuer: CN=localhost, OU=ZooKeeper, O=Apache, L=Unknown, ST=Unknown, C=Unknown
  SerialNumber: [    7334b506]

Certificate Extensions: 1
[1]: ObjectId: 2.5.29.14 Criticality=false
SubjectKeyIdentifier [
KeyIdentifier [
0000: 65 D7 B4 E0 27 45 7A 00   58 2F AD D5 0B 64 2D 77  e...'Ez.X/...d-w
0010: 88 F7 AA F5                                        ....
]
]

]
  Algorithm: [SHA256withRSA]
  Signature:
0000: 1B C8 6B 36 83 1D 28 37   5C 1F 7D F6 C6 84 A0 BF  ..k6..(7\.......
0010: CA C0 47 CF C5 34 70 7A   CF 6B EA 34 84 BE 08 7A  ..G..4pz.k.4...z
0020: 98 E6 3D ED 1D E2 6F 06   DB 23 AB 41 AD D5 DF 1D  ..=...o..#.A....
0030: 92 F4 9D 05 FD 7C EE BE   4A 87 B8 F1 FE F4 5B 79  ........J.....[y
0040: DC AD F7 44 3D 67 08 7A   3B 91 D7 5A 79 44 96 D7  ...D=g.z;..ZyD..
0050: BE 0E 41 C8 64 E3 87 C3   28 11 AB DC 36 F5 B0 AC  ..A.d...(...6...
0060: BD 2F 16 1D 6E A1 52 25   5A EC 6F AD 20 71 5A 1B  ./..n.R%Z.o. qZ.
0070: 66 D4 0D A6 49 B7 75 43   C4 84 0B 4B AC BD 16 76  f...I.uC...K...v
0080: 58 2B 07 85 E2 F1 44 15   1E 67 D1 3C 13 73 5A 2D  X+....D..g.<.sZ-
0090: D6 06 0B A1 D3 09 7E EF   88 F9 C3 0E A4 10 47 EA  ..............G.
00A0: 65 5D CD F0 39 EA 2F 59   1C 08 BC F9 CC 5B C9 BB  e]..9./Y.....[..
00B0: 2F 20 19 81 97 B5 21 BB   60 A4 39 08 6C 41 2A 51  / ....!.`.9.lA*Q
00C0: B1 C3 1A A3 8C F8 ED 67   D0 EE EC 52 01 2A E4 1E  .......g...R.*..
00D0: D2 B4 34 73 DC 7E 34 24   A9 4E 77 AD FD B3 77 0D  ..4s..4$.Nw...w.
00E0: C2 7A C0 65 F6 CC 11 9D   19 AA 59 13 C3 9D AD 5F  .z.e......Y...._
00F0: 61 E6 C2 18 F0 E5 A1 49   41 B5 EF 9E 91 0C 35 9C  a......IA.....5.

]
***
Found trusted certificate:
[
[
  Version: V3
  Subject: CN=localhost, OU=ZooKeeper, O=Apache, L=Unknown, ST=Unknown, C=Unknown
  Signature Algorithm: SHA256withRSA, OID = 1.2.840.113549.1.1.11

  Key:  Sun RSA public key, 2048 bits
  params: null
  modulus: 20466894428749997265095448870198652391311568515891366224735448896044144250313384062095901217219702596717622583159291680947094046474456586662132842412743846124470020097713679685492900855417800931365512472314155689881392853768001073664569106127795833231344696659209258027979401908711647617989508135190248980524852215540637603770017238536229773075995665111861820945008718990948857303373661769409475939971958531493423489844433566328219155461676589360491136984327342101195255797973694339642711115427623510874675394946293706606142706174397483349590050687482693164890194014220011640037490528845185364811025836034294701994387
  public exponent: 65537
  Validity: [From: Sat Jan 31 02:57:30 CST 2015,
               To: Wed Feb 08 02:57:30 CST 3015]
  Issuer: CN=localhost, OU=ZooKeeper, O=Apache, L=Unknown, ST=Unknown, C=Unknown
  SerialNumber: [    7334b506]

Certificate Extensions: 1
[1]: ObjectId: 2.5.29.14 Criticality=false
SubjectKeyIdentifier [
KeyIdentifier [
0000: 65 D7 B4 E0 27 45 7A 00   58 2F AD D5 0B 64 2D 77  e...'Ez.X/...d-w
0010: 88 F7 AA F5                                        ....
]
]

]
  Algorithm: [SHA256withRSA]
  Signature:
0000: 1B C8 6B 36 83 1D 28 37   5C 1F 7D F6 C6 84 A0 BF  ..k6..(7\.......
0010: CA C0 47 CF C5 34 70 7A   CF 6B EA 34 84 BE 08 7A  ..G..4pz.k.4...z
0020: 98 E6 3D ED 1D E2 6F 06   DB 23 AB 41 AD D5 DF 1D  ..=...o..#.A....
0030: 92 F4 9D 05 FD 7C EE BE   4A 87 B8 F1 FE F4 5B 79  ........J.....[y
0040: DC AD F7 44 3D 67 08 7A   3B 91 D7 5A 79 44 96 D7  ...D=g.z;..ZyD..
0050: BE 0E 41 C8 64 E3 87 C3   28 11 AB DC 36 F5 B0 AC  ..A.d...(...6...
0060: BD 2F 16 1D 6E A1 52 25   5A EC 6F AD 20 71 5A 1B  ./..n.R%Z.o. qZ.
0070: 66 D4 0D A6 49 B7 75 43   C4 84 0B 4B AC BD 16 76  f...I.uC...K...v
0080: 58 2B 07 85 E2 F1 44 15   1E 67 D1 3C 13 73 5A 2D  X+....D..g.<.sZ-
0090: D6 06 0B A1 D3 09 7E EF   88 F9 C3 0E A4 10 47 EA  ..............G.
00A0: 65 5D CD F0 39 EA 2F 59   1C 08 BC F9 CC 5B C9 BB  e]..9./Y.....[..
00B0: 2F 20 19 81 97 B5 21 BB   60 A4 39 08 6C 41 2A 51  / ....!.`.9.lA*Q
00C0: B1 C3 1A A3 8C F8 ED 67   D0 EE EC 52 01 2A E4 1E  .......g...R.*..
00D0: D2 B4 34 73 DC 7E 34 24   A9 4E 77 AD FD B3 77 0D  ..4s..4$.Nw...w.
00E0: C2 7A C0 65 F6 CC 11 9D   19 AA 59 13 C3 9D AD 5F  .z.e......Y...._
00F0: 61 E6 C2 18 F0 E5 A1 49   41 B5 EF 9E 91 0C 35 9C  a......IA.....5.

]
2020-06-22 14:06:23,982 [myid:127.0.0.1:30073] - ERROR [nioEventLoopGroup-5-1:ZKTrustManager@161] - Failed to verify host address: 127.0.0.1
javax.net.ssl.SSLPeerUnverifiedException: Certificate for <127.0.0.1> doesn't match common name of the certificate subject: localhost
	at org.apache.zookeeper.common.ZKHostnameVerifier.matchCN(ZKHostnameVerifier.java:238)
	at org.apache.zookeeper.common.ZKHostnameVerifier.verify(ZKHostnameVerifier.java:184)
	at org.apache.zookeeper.common.ZKTrustManager.performHostVerification(ZKTrustManager.java:151)
	at org.apache.zookeeper.common.ZKTrustManager.checkServerTrusted(ZKTrustManager.java:118)
	at sun.security.ssl.ClientHandshaker.serverCertificate(ClientHandshaker.java:1675)
	at sun.security.ssl.ClientHandshaker.processMessage(ClientHandshaker.java:226)
	at sun.security.ssl.Handshaker.processLoop(Handshaker.java:1082)
	at sun.security.ssl.Handshaker$1.run(Handshaker.java:1015)
	at sun.security.ssl.Handshaker$1.run(Handshaker.java:1012)
	at java.security.AccessController.doPrivileged(Native Method)
	at sun.security.ssl.Handshaker$DelegatedTask.run(Handshaker.java:1504)
	at io.netty.handler.ssl.SslHandler.runAllDelegatedTasks(SslHandler.java:1510)
	at io.netty.handler.ssl.SslHandler.runDelegatedTasks(SslHandler.java:1524)
	at io.netty.handler.ssl.SslHandler.unwrap(SslHandler.java:1408)
	at io.netty.handler.ssl.SslHandler.decodeJdkCompatible(SslHandler.java:1235)
	at io.netty.handler.ssl.SslHandler.decode(SslHandler.java:1282)
	at io.netty.handler.codec.ByteToMessageDecoder.decodeRemovalReentryProtection(ByteToMessageDecoder.java:498)
	at io.netty.handler.codec.ByteToMessageDecoder.callDecode(ByteToMessageDecoder.java:437)
	at io.netty.handler.codec.ByteToMessageDecoder.channelRead(ByteToMessageDecoder.java:276)
	at io.netty.channel.AbstractChannelHandlerContext.invokeChannelRead(AbstractChannelHandlerContext.java:379)
	at io.netty.channel.AbstractChannelHandlerContext.invokeChannelRead(AbstractChannelHandlerContext.java:365)
	at io.netty.channel.AbstractChannelHandlerContext.fireChannelRead(AbstractChannelHandlerContext.java:357)
	at io.netty.channel.DefaultChannelPipeline$HeadContext.channelRead(DefaultChannelPipeline.java:1410)
	at io.netty.channel.AbstractChannelHandlerContext.invokeChannelRead(AbstractChannelHandlerContext.java:379)
	at io.netty.channel.AbstractChannelHandlerContext.invokeChannelRead(AbstractChannelHandlerContext.java:365)
	at io.netty.channel.DefaultChannelPipeline.fireChannelRead(DefaultChannelPipeline.java:919)
	at io.netty.channel.nio.AbstractNioByteChannel$NioByteUnsafe.read(AbstractNioByteChannel.java:163)
	at io.netty.channel.nio.NioEventLoop.processSelectedKey(NioEventLoop.java:714)
	at io.netty.channel.nio.NioEventLoop.processSelectedKeysOptimized(NioEventLoop.java:650)
	at io.netty.channel.nio.NioEventLoop.processSelectedKeys(NioEventLoop.java:576)
	at io.netty.channel.nio.NioEventLoop.run(NioEventLoop.java:493)
	at io.netty.util.concurrent.SingleThreadEventExecutor$4.run(SingleThreadEventExecutor.java:989)
	at io.netty.util.internal.ThreadExecutorMap$2.run(ThreadExecutorMap.java:74)
	at io.netty.util.concurrent.FastThreadLocalRunnable.run(FastThreadLocalRunnable.java:30)
	at java.lang.Thread.run(Thread.java:748)
2020-06-22 14:06:23,982 [myid:127.0.0.1:30073] - ERROR [nioEventLoopGroup-5-1:ZKTrustManager@162] - Failed to verify hostname: activate.navicat.com
javax.net.ssl.SSLPeerUnverifiedException: Certificate for <activate.navicat.com> doesn't match common name of the certificate subject: localhost
	at org.apache.zookeeper.common.ZKHostnameVerifier.matchCN(ZKHostnameVerifier.java:238)
	at org.apache.zookeeper.common.ZKHostnameVerifier.verify(ZKHostnameVerifier.java:184)
	at org.apache.zookeeper.common.ZKTrustManager.performHostVerification(ZKTrustManager.java:159)
	at org.apache.zookeeper.common.ZKTrustManager.checkServerTrusted(ZKTrustManager.java:118)
	at sun.security.ssl.ClientHandshaker.serverCertificate(ClientHandshaker.java:1675)
	at sun.security.ssl.ClientHandshaker.processMessage(ClientHandshaker.java:226)
	at sun.security.ssl.Handshaker.processLoop(Handshaker.java:1082)
	at sun.security.ssl.Handshaker$1.run(Handshaker.java:1015)
	at sun.security.ssl.Handshaker$1.run(Handshaker.java:1012)
	at java.security.AccessController.doPrivileged(Native Method)
	at sun.security.ssl.Handshaker$DelegatedTask.run(Handshaker.java:1504)
	at io.netty.handler.ssl.SslHandler.runAllDelegatedTasks(SslHandler.java:1510)
	at io.netty.handler.ssl.SslHandler.runDelegatedTasks(SslHandler.java:1524)
	at io.netty.handler.ssl.SslHandler.unwrap(SslHandler.java:1408)
	at io.netty.handler.ssl.SslHandler.decodeJdkCompatible(SslHandler.java:1235)
	at io.netty.handler.ssl.SslHandler.decode(SslHandler.java:1282)
	at io.netty.handler.codec.ByteToMessageDecoder.decodeRemovalReentryProtection(ByteToMessageDecoder.java:498)
	at io.netty.handler.codec.ByteToMessageDecoder.callDecode(ByteToMessageDecoder.java:437)
	at io.netty.handler.codec.ByteToMessageDecoder.channelRead(ByteToMessageDecoder.java:276)
	at io.netty.channel.AbstractChannelHandlerContext.invokeChannelRead(AbstractChannelHandlerContext.java:379)
	at io.netty.channel.AbstractChannelHandlerContext.invokeChannelRead(AbstractChannelHandlerContext.java:365)
	at io.netty.channel.AbstractChannelHandlerContext.fireChannelRead(AbstractChannelHandlerContext.java:357)
	at io.netty.channel.DefaultChannelPipeline$HeadContext.channelRead(DefaultChannelPipeline.java:1410)
	at io.netty.channel.AbstractChannelHandlerContext.invokeChannelRead(AbstractChannelHandlerContext.java:379)
	at io.netty.channel.AbstractChannelHandlerContext.invokeChannelRead(AbstractChannelHandlerContext.java:365)
	at io.netty.channel.DefaultChannelPipeline.fireChannelRead(DefaultChannelPipeline.java:919)
	at io.netty.channel.nio.AbstractNioByteChannel$NioByteUnsafe.read(AbstractNioByteChannel.java:163)
	at io.netty.channel.nio.NioEventLoop.processSelectedKey(NioEventLoop.java:714)
	at io.netty.channel.nio.NioEventLoop.processSelectedKeysOptimized(NioEventLoop.java:650)
	at io.netty.channel.nio.NioEventLoop.processSelectedKeys(NioEventLoop.java:576)
	at io.netty.channel.nio.NioEventLoop.run(NioEventLoop.java:493)
	at io.netty.util.concurrent.SingleThreadEventExecutor$4.run(SingleThreadEventExecutor.java:989)
	at io.netty.util.internal.ThreadExecutorMap$2.run(ThreadExecutorMap.java:74)
	at io.netty.util.concurrent.FastThreadLocalRunnable.run(FastThreadLocalRunnable.java:30)
	at java.lang.Thread.run(Thread.java:748)
nioEventLoopGroup-5-1, fatal error: 46: General SSLEngine problem
java.security.cert.CertificateException: Failed to verify both host address and host name
%% Invalidated:  [Session-47, SSL_NULL_WITH_NULL_NULL]
%% Invalidated:  [Session-50, TLS_ECDHE_RSA_WITH_AES_256_CBC_SHA384]
nioEventLoopGroup-5-1, SEND TLSv1.2 ALERT:  fatal, description = certificate_unknown
nioEventLoopGroup-5-1, WRITE: TLSv1.2 Alert, length = 2
nioEventLoopGroup-5-1, fatal: engine already closed.  Rethrowing javax.net.ssl.SSLHandshakeException: General SSLEngine problem
nioEventLoopGroup-5-1, called closeOutbound()
nioEventLoopGroup-5-1, closeOutboundInternal()
nioEventLoopGroup-5-1, called closeInbound()
nioEventLoopGroup-5-1, fatal: engine already closed.  Rethrowing javax.net.ssl.SSLException: Inbound closed before receiving peer's close_notify: possible truncation attack?
nioEventLoopGroup-4-13, READ: TLSv1.2 Alert, length = 2
nioEventLoopGroup-4-13, RECV TLSv1.2 ALERT:  fatal, certificate_unknown
nioEventLoopGroup-4-13, fatal: engine already closed.  Rethrowing javax.net.ssl.SSLException: Received fatal alert: certificate_unknown
nioEventLoopGroup-4-13, fatal: engine already closed.  Rethrowing javax.net.ssl.SSLException: Received fatal alert: certificate_unknown
2020-06-22 14:06:23,984 [myid:] - ERROR [nioEventLoopGroup-4-13:NettyServerCnxnFactory$CertificateVerifier@434] - Unsuccessful handshake with session 0x0
nioEventLoopGroup-4-13, called closeOutbound()
nioEventLoopGroup-4-13, closeOutboundInternal()
nioEventLoopGroup-4-13, SEND TLSv1.2 ALERT:  warning, description = close_notify
nioEventLoopGroup-4-13, WRITE: TLSv1.2 Alert, length = 2
nioEventLoopGroup-4-13, called closeInbound()
nioEventLoopGroup-4-13, fatal: engine already closed.  Rethrowing javax.net.ssl.SSLException: Inbound closed before receiving peer's close_notify: possible truncation attack?
2020-06-22 14:06:23,984 [myid:127.0.0.1:30073] - ERROR [nioEventLoopGroup-5-1:ClientCnxnSocketNetty$ZKClientHandler@522] - Unexpected throwable
io.netty.handler.codec.DecoderException: javax.net.ssl.SSLHandshakeException: General SSLEngine problem
	at io.netty.handler.codec.ByteToMessageDecoder.callDecode(ByteToMessageDecoder.java:468)
	at io.netty.handler.codec.ByteToMessageDecoder.channelRead(ByteToMessageDecoder.java:276)
	at io.netty.channel.AbstractChannelHandlerContext.invokeChannelRead(AbstractChannelHandlerContext.java:379)
	at io.netty.channel.AbstractChannelHandlerContext.invokeChannelRead(AbstractChannelHandlerContext.java:365)
	at io.netty.channel.AbstractChannelHandlerContext.fireChannelRead(AbstractChannelHandlerContext.java:357)
	at io.netty.channel.DefaultChannelPipeline$HeadContext.channelRead(DefaultChannelPipeline.java:1410)
	at io.netty.channel.AbstractChannelHandlerContext.invokeChannelRead(AbstractChannelHandlerContext.java:379)
	at io.netty.channel.AbstractChannelHandlerContext.invokeChannelRead(AbstractChannelHandlerContext.java:365)
	at io.netty.channel.DefaultChannelPipeline.fireChannelRead(DefaultChannelPipeline.java:919)
	at io.netty.channel.nio.AbstractNioByteChannel$NioByteUnsafe.read(AbstractNioByteChannel.java:163)
	at io.netty.channel.nio.NioEventLoop.processSelectedKey(NioEventLoop.java:714)
	at io.netty.channel.nio.NioEventLoop.processSelectedKeysOptimized(NioEventLoop.java:650)
	at io.netty.channel.nio.NioEventLoop.processSelectedKeys(NioEventLoop.java:576)
	at io.netty.channel.nio.NioEventLoop.run(NioEventLoop.java:493)
	at io.netty.util.concurrent.SingleThreadEventExecutor$4.run(SingleThreadEventExecutor.java:989)
	at io.netty.util.internal.ThreadExecutorMap$2.run(ThreadExecutorMap.java:74)
	at io.netty.util.concurrent.FastThreadLocalRunnable.run(FastThreadLocalRunnable.java:30)
	at java.lang.Thread.run(Thread.java:748)
Caused by: javax.net.ssl.SSLHandshakeException: General SSLEngine problem
	at sun.security.ssl.Handshaker.checkThrown(Handshaker.java:1566)
	at sun.security.ssl.SSLEngineImpl.checkTaskThrown(SSLEngineImpl.java:545)
	at sun.security.ssl.SSLEngineImpl.readNetRecord(SSLEngineImpl.java:819)
	at sun.security.ssl.SSLEngineImpl.unwrap(SSLEngineImpl.java:783)
	at javax.net.ssl.SSLEngine.unwrap(SSLEngine.java:626)
	at io.netty.handler.ssl.SslHandler$SslEngineType$3.unwrap(SslHandler.java:281)
	at io.netty.handler.ssl.SslHandler.unwrap(SslHandler.java:1340)
	at io.netty.handler.ssl.SslHandler.decodeJdkCompatible(SslHandler.java:1235)
	at io.netty.handler.ssl.SslHandler.decode(SslHandler.java:1282)
	at io.netty.handler.codec.ByteToMessageDecoder.decodeRemovalReentryProtection(ByteToMessageDecoder.java:498)
	at io.netty.handler.codec.ByteToMessageDecoder.callDecode(ByteToMessageDecoder.java:437)
	... 17 more
Caused by: javax.net.ssl.SSLHandshakeException: General SSLEngine problem
	at sun.security.ssl.Alerts.getSSLException(Alerts.java:198)
	at sun.security.ssl.SSLEngineImpl.fatal(SSLEngineImpl.java:1729)
	at sun.security.ssl.Handshaker.fatalSE(Handshaker.java:333)
	at sun.security.ssl.Handshaker.fatalSE(Handshaker.java:325)
	at sun.security.ssl.ClientHandshaker.serverCertificate(ClientHandshaker.java:1688)
	at sun.security.ssl.ClientHandshaker.processMessage(ClientHandshaker.java:226)
	at sun.security.ssl.Handshaker.processLoop(Handshaker.java:1082)
	at sun.security.ssl.Handshaker$1.run(Handshaker.java:1015)
	at sun.security.ssl.Handshaker$1.run(Handshaker.java:1012)
	at java.security.AccessController.doPrivileged(Native Method)
	at sun.security.ssl.Handshaker$DelegatedTask.run(Handshaker.java:1504)
	at io.netty.handler.ssl.SslHandler.runAllDelegatedTasks(SslHandler.java:1510)
	at io.netty.handler.ssl.SslHandler.runDelegatedTasks(SslHandler.java:1524)
	at io.netty.handler.ssl.SslHandler.unwrap(SslHandler.java:1408)
	... 21 more
Caused by: java.security.cert.CertificateException: Failed to verify both host address and host name
	at org.apache.zookeeper.common.ZKTrustManager.performHostVerification(ZKTrustManager.java:163)
	at org.apache.zookeeper.common.ZKTrustManager.checkServerTrusted(ZKTrustManager.java:118)
	at sun.security.ssl.ClientHandshaker.serverCertificate(ClientHandshaker.java:1675)
	... 30 more
Caused by: javax.net.ssl.SSLPeerUnverifiedException: Certificate for <activate.navicat.com> doesn't match common name of the certificate subject: localhost
	at org.apache.zookeeper.common.ZKHostnameVerifier.matchCN(ZKHostnameVerifier.java:238)
	at org.apache.zookeeper.common.ZKHostnameVerifier.verify(ZKHostnameVerifier.java:184)
	at org.apache.zookeeper.common.ZKTrustManager.performHostVerification(ZKTrustManager.java:159)
	... 32 more
2020-06-22 14:06:23,985 [myid:127.0.0.1:30073] - INFO  [nioEventLoopGroup-5-1:ClientCnxnSocketNetty@249] - channel is told closing
nioEventLoopGroup-5-1, called closeOutbound()
nioEventLoopGroup-5-1, closeOutboundInternal()
2020-06-22 14:06:23,985 [myid:127.0.0.1:30073] - WARN  [main-SendThread(127.0.0.1:30073):ClientCnxn$SendThread@1272] - Session 0x0 for sever activate.navicat.com/127.0.0.1:30073, Closing socket connection. Attempting reconnect except it is a SessionExpiredException.
EndOfStreamException: channel for sessionid 0x0 is lost
	at org.apache.zookeeper.ClientCnxnSocketNetty.doTransport(ClientCnxnSocketNetty.java:285)
	at org.apache.zookeeper.ClientCnxn$SendThread.run(ClientCnxn.java:1262)
2020-06-22 14:06:23,985 [myid:] - WARN  [nioEventLoopGroup-4-13:NettyServerCnxnFactory$CnxnChannelHandler@273] - Exception caught
io.netty.handler.codec.DecoderException: javax.net.ssl.SSLException: Received fatal alert: certificate_unknown
	at io.netty.handler.codec.ByteToMessageDecoder.callDecode(ByteToMessageDecoder.java:468)
	at io.netty.handler.codec.ByteToMessageDecoder.channelRead(ByteToMessageDecoder.java:276)
	at io.netty.channel.AbstractChannelHandlerContext.invokeChannelRead(AbstractChannelHandlerContext.java:379)
	at io.netty.channel.AbstractChannelHandlerContext.invokeChannelRead(AbstractChannelHandlerContext.java:365)
	at io.netty.channel.AbstractChannelHandlerContext.fireChannelRead(AbstractChannelHandlerContext.java:357)
	at io.netty.channel.DefaultChannelPipeline$HeadContext.channelRead(DefaultChannelPipeline.java:1410)
	at io.netty.channel.AbstractChannelHandlerContext.invokeChannelRead(AbstractChannelHandlerContext.java:379)
	at io.netty.channel.AbstractChannelHandlerContext.invokeChannelRead(AbstractChannelHandlerContext.java:365)
	at io.netty.channel.DefaultChannelPipeline.fireChannelRead(DefaultChannelPipeline.java:919)
	at io.netty.channel.nio.AbstractNioByteChannel$NioByteUnsafe.read(AbstractNioByteChannel.java:163)
	at io.netty.channel.nio.NioEventLoop.processSelectedKey(NioEventLoop.java:714)
	at io.netty.channel.nio.NioEventLoop.processSelectedKeysOptimized(NioEventLoop.java:650)
	at io.netty.channel.nio.NioEventLoop.processSelectedKeys(NioEventLoop.java:576)
	at io.netty.channel.nio.NioEventLoop.run(NioEventLoop.java:493)
	at io.netty.util.concurrent.SingleThreadEventExecutor$4.run(SingleThreadEventExecutor.java:989)
	at io.netty.util.internal.ThreadExecutorMap$2.run(ThreadExecutorMap.java:74)
	at io.netty.util.concurrent.FastThreadLocalRunnable.run(FastThreadLocalRunnable.java:30)
	at java.lang.Thread.run(Thread.java:748)
Caused by: javax.net.ssl.SSLException: Received fatal alert: certificate_unknown
	at sun.security.ssl.Alerts.getSSLException(Alerts.java:214)
	at sun.security.ssl.SSLEngineImpl.fatal(SSLEngineImpl.java:1667)
	at sun.security.ssl.SSLEngineImpl.fatal(SSLEngineImpl.java:1635)
	at sun.security.ssl.SSLEngineImpl.recvAlert(SSLEngineImpl.java:1801)
	at sun.security.ssl.SSLEngineImpl.readRecord(SSLEngineImpl.java:1090)
	at sun.security.ssl.SSLEngineImpl.readNetRecord(SSLEngineImpl.java:913)
	at sun.security.ssl.SSLEngineImpl.unwrap(SSLEngineImpl.java:783)
	at javax.net.ssl.SSLEngine.unwrap(SSLEngine.java:626)
	at io.netty.handler.ssl.SslHandler$SslEngineType$3.unwrap(SslHandler.java:281)
	at io.netty.handler.ssl.SslHandler.unwrap(SslHandler.java:1340)
	at io.netty.handler.ssl.SslHandler.decodeJdkCompatible(SslHandler.java:1235)
	at io.netty.handler.ssl.SslHandler.decode(SslHandler.java:1282)
	at io.netty.handler.codec.ByteToMessageDecoder.decodeRemovalReentryProtection(ByteToMessageDecoder.java:498)
	at io.netty.handler.codec.ByteToMessageDecoder.callDecode(ByteToMessageDecoder.java:437)
	... 17 more
nioEventLoopGroup-4-13, called closeOutbound()
nioEventLoopGroup-4-13, closeOutboundInternal()
2020-06-22 14:06:23,986 [myid:127.0.0.1:30073] - INFO  [nioEventLoopGroup-5-1:ClientCnxnSocketNetty$ZKClientHandler@469] - channel is disconnected: [id: 0x9e0414b8, L:/127.0.0.1:54913 ! R:activate.navicat.com/127.0.0.1:30073]
nioEventLoopGroup-4-13, READ: TLSv1.2 Alert, length = 2
nioEventLoopGroup-4-13, RECV TLSv1.2 ALERT:  fatal, certificate_unknown
nioEventLoopGroup-4-13, fatal: engine already closed.  Rethrowing javax.net.ssl.SSLException: Received fatal alert: certificate_unknown
nioEventLoopGroup-4-13, fatal: engine already closed.  Rethrowing javax.net.ssl.SSLException: Received fatal alert: certificate_unknown
nioEventLoopGroup-4-13, called closeOutbound()
nioEventLoopGroup-4-13, closeOutboundInternal()
nioEventLoopGroup-4-13, called closeInbound()
nioEventLoopGroup-4-13, closeInboundInternal()
nioEventLoopGroup-4-13, closeOutboundInternal()
2020-06-22 14:06:23,987 [myid:] - WARN  [nioEventLoopGroup-4-13:NettyServerCnxnFactory$CnxnChannelHandler@273] - Exception caught
io.netty.handler.codec.DecoderException: javax.net.ssl.SSLException: Received fatal alert: certificate_unknown
	at io.netty.handler.codec.ByteToMessageDecoder.callDecode(ByteToMessageDecoder.java:468)
	at io.netty.handler.codec.ByteToMessageDecoder.channelInputClosed(ByteToMessageDecoder.java:401)
	at io.netty.handler.codec.ByteToMessageDecoder.channelInputClosed(ByteToMessageDecoder.java:368)
	at io.netty.handler.codec.ByteToMessageDecoder.channelInactive(ByteToMessageDecoder.java:351)
	at io.netty.handler.ssl.SslHandler.channelInactive(SslHandler.java:1084)
	at io.netty.channel.AbstractChannelHandlerContext.invokeChannelInactive(AbstractChannelHandlerContext.java:262)
	at io.netty.channel.AbstractChannelHandlerContext.invokeChannelInactive(AbstractChannelHandlerContext.java:248)
	at io.netty.channel.AbstractChannelHandlerContext.fireChannelInactive(AbstractChannelHandlerContext.java:241)
	at io.netty.channel.DefaultChannelPipeline$HeadContext.channelInactive(DefaultChannelPipeline.java:1405)
	at io.netty.channel.AbstractChannelHandlerContext.invokeChannelInactive(AbstractChannelHandlerContext.java:262)
	at io.netty.channel.AbstractChannelHandlerContext.invokeChannelInactive(AbstractChannelHandlerContext.java:248)
	at io.netty.channel.DefaultChannelPipeline.fireChannelInactive(DefaultChannelPipeline.java:901)
	at io.netty.channel.AbstractChannel$AbstractUnsafe$8.run(AbstractChannel.java:818)
	at io.netty.util.concurrent.AbstractEventExecutor.safeExecute(AbstractEventExecutor.java:164)
	at io.netty.util.concurrent.SingleThreadEventExecutor.runAllTasks(SingleThreadEventExecutor.java:472)
	at io.netty.channel.nio.NioEventLoop.run(NioEventLoop.java:497)
	at io.netty.util.concurrent.SingleThreadEventExecutor$4.run(SingleThreadEventExecutor.java:989)
	at io.netty.util.internal.ThreadExecutorMap$2.run(ThreadExecutorMap.java:74)
	at io.netty.util.concurrent.FastThreadLocalRunnable.run(FastThreadLocalRunnable.java:30)
	at java.lang.Thread.run(Thread.java:748)
Caused by: javax.net.ssl.SSLException: Received fatal alert: certificate_unknown
	at sun.security.ssl.Alerts.getSSLException(Alerts.java:214)
	at sun.security.ssl.SSLEngineImpl.fatal(SSLEngineImpl.java:1667)
	at sun.security.ssl.SSLEngineImpl.fatal(SSLEngineImpl.java:1635)
	at sun.security.ssl.SSLEngineImpl.recvAlert(SSLEngineImpl.java:1801)
	at sun.security.ssl.SSLEngineImpl.readRecord(SSLEngineImpl.java:1090)
	at sun.security.ssl.SSLEngineImpl.readNetRecord(SSLEngineImpl.java:913)
	at sun.security.ssl.SSLEngineImpl.unwrap(SSLEngineImpl.java:783)
	at javax.net.ssl.SSLEngine.unwrap(SSLEngine.java:626)
	at io.netty.handler.ssl.SslHandler$SslEngineType$3.unwrap(SslHandler.java:281)
	at io.netty.handler.ssl.SslHandler.unwrap(SslHandler.java:1340)
	at io.netty.handler.ssl.SslHandler.decodeJdkCompatible(SslHandler.java:1235)
	at io.netty.handler.ssl.SslHandler.decode(SslHandler.java:1282)
	at io.netty.handler.codec.ByteToMessageDecoder.decodeRemovalReentryProtection(ByteToMessageDecoder.java:498)
	at io.netty.handler.codec.ByteToMessageDecoder.callDecode(ByteToMessageDecoder.java:437)
	... 19 more
2020-06-22 14:06:25,318 [myid:127.0.0.1:30073] - INFO  [main-SendThread(127.0.0.1:30073):ClientCnxn$SendThread@1154] - Opening socket connection to server activate.navicat.com/127.0.0.1:30073.
2020-06-22 14:06:25,318 [myid:127.0.0.1:30073] - INFO  [main-SendThread(127.0.0.1:30073):ClientCnxn$SendThread@1156] - SASL config status: Will not attempt to authenticate using SASL (unknown error)
adding as trusted cert:
  Subject: CN=localhost, OU=ZooKeeper, O=Apache, L=Unknown, ST=Unknown, C=Unknown
  Issuer:  CN=localhost, OU=ZooKeeper, O=Apache, L=Unknown, ST=Unknown, C=Unknown
  Algorithm: RSA; Serial number: 0x7334b506
  Valid from Sat Jan 31 02:57:30 CST 2015 until Wed Feb 08 02:57:30 CST 3015

trigger seeding of SecureRandom
done seeding SecureRandom
Using SSLEngineImpl.
%% Initialized:  [Session-51, SSL_NULL_WITH_NULL_NULL]
2020-06-22 14:06:25,320 [myid:127.0.0.1:30073] - INFO  [nioEventLoopGroup-5-1:ClientCnxnSocketNetty$ZKClientPipelineFactory@454] - SSL handler added for channel: [id: 0xa5ffc601]
2020-06-22 14:06:25,321 [myid:127.0.0.1:30073] - INFO  [nioEventLoopGroup-5-1:ClientCnxn$SendThread@986] - Socket connection established, initiating session, client: /127.0.0.1:54925, server: activate.navicat.com/127.0.0.1:30073
2020-06-22 14:06:25,321 [myid:127.0.0.1:30073] - INFO  [nioEventLoopGroup-5-1:ClientCnxnSocketNetty$1@184] - channel is connected: [id: 0xa5ffc601, L:/127.0.0.1:54925 - R:activate.navicat.com/127.0.0.1:30073]
Allow unsafe renegotiation: false
Allow legacy hello messages: true
Is initial handshake: true
Is secure renegotiation: false
Ignoring unsupported cipher suite: TLS_ECDHE_ECDSA_WITH_AES_256_CBC_SHA384 for TLSv1
Ignoring unsupported cipher suite: TLS_ECDHE_RSA_WITH_AES_256_CBC_SHA384 for TLSv1
Ignoring unsupported cipher suite: TLS_RSA_WITH_AES_256_CBC_SHA256 for TLSv1
Ignoring unsupported cipher suite: TLS_ECDH_ECDSA_WITH_AES_256_CBC_SHA384 for TLSv1
Ignoring unsupported cipher suite: TLS_ECDH_RSA_WITH_AES_256_CBC_SHA384 for TLSv1
Ignoring unsupported cipher suite: TLS_DHE_RSA_WITH_AES_256_CBC_SHA256 for TLSv1
Ignoring unsupported cipher suite: TLS_DHE_DSS_WITH_AES_256_CBC_SHA256 for TLSv1
Ignoring unsupported cipher suite: TLS_ECDHE_ECDSA_WITH_AES_256_CBC_SHA384 for TLSv1.1
Ignoring unsupported cipher suite: TLS_ECDHE_RSA_WITH_AES_256_CBC_SHA384 for TLSv1.1
Ignoring unsupported cipher suite: TLS_RSA_WITH_AES_256_CBC_SHA256 for TLSv1.1
Ignoring unsupported cipher suite: TLS_ECDH_ECDSA_WITH_AES_256_CBC_SHA384 for TLSv1.1
Ignoring unsupported cipher suite: TLS_ECDH_RSA_WITH_AES_256_CBC_SHA384 for TLSv1.1
Ignoring unsupported cipher suite: TLS_DHE_RSA_WITH_AES_256_CBC_SHA256 for TLSv1.1
Ignoring unsupported cipher suite: TLS_DHE_DSS_WITH_AES_256_CBC_SHA256 for TLSv1.1
trigger seeding of SecureRandom
done seeding SecureRandom
Using SSLEngineImpl.
%% Initialized:  [Session-52, SSL_NULL_WITH_NULL_NULL]
%% No cached client session
update handshake state: client_hello[1]
upcoming handshake states: server_hello[2]
*** ClientHello, TLSv1.2
RandomCookie:  GMT: 1576028769 bytes = { 153, 193, 148, 86, 112, 121, 136, 131, 116, 245, 25, 212, 214, 1, 206, 9, 197, 103, 42, 97, 12, 27, 13, 92, 243, 5, 254, 36 }
Session ID:  {}
Cipher Suites: [TLS_ECDHE_ECDSA_WITH_AES_256_CBC_SHA384, TLS_ECDHE_RSA_WITH_AES_256_CBC_SHA384, TLS_RSA_WITH_AES_256_CBC_SHA256, TLS_ECDH_ECDSA_WITH_AES_256_CBC_SHA384, TLS_ECDH_RSA_WITH_AES_256_CBC_SHA384, TLS_DHE_RSA_WITH_AES_256_CBC_SHA256, TLS_DHE_DSS_WITH_AES_256_CBC_SHA256, TLS_ECDHE_ECDSA_WITH_AES_256_CBC_SHA, TLS_ECDHE_RSA_WITH_AES_256_CBC_SHA, TLS_RSA_WITH_AES_256_CBC_SHA, TLS_ECDH_ECDSA_WITH_AES_256_CBC_SHA, TLS_ECDH_RSA_WITH_AES_256_CBC_SHA, TLS_DHE_RSA_WITH_AES_256_CBC_SHA, TLS_DHE_DSS_WITH_AES_256_CBC_SHA, TLS_ECDHE_ECDSA_WITH_AES_128_CBC_SHA256, TLS_ECDHE_RSA_WITH_AES_128_CBC_SHA256, TLS_RSA_WITH_AES_128_CBC_SHA256, TLS_ECDH_ECDSA_WITH_AES_128_CBC_SHA256, TLS_ECDH_RSA_WITH_AES_128_CBC_SHA256, TLS_DHE_RSA_WITH_AES_128_CBC_SHA256, TLS_DHE_DSS_WITH_AES_128_CBC_SHA256, TLS_ECDHE_ECDSA_WITH_AES_128_CBC_SHA, TLS_ECDHE_RSA_WITH_AES_128_CBC_SHA, TLS_RSA_WITH_AES_128_CBC_SHA, TLS_ECDH_ECDSA_WITH_AES_128_CBC_SHA, TLS_ECDH_RSA_WITH_AES_128_CBC_SHA, TLS_DHE_RSA_WITH_AES_128_CBC_SHA, TLS_DHE_DSS_WITH_AES_128_CBC_SHA, TLS_ECDHE_ECDSA_WITH_AES_256_GCM_SHA384, TLS_ECDHE_ECDSA_WITH_AES_128_GCM_SHA256, TLS_ECDHE_RSA_WITH_AES_256_GCM_SHA384, TLS_RSA_WITH_AES_256_GCM_SHA384, TLS_ECDH_ECDSA_WITH_AES_256_GCM_SHA384, TLS_ECDH_RSA_WITH_AES_256_GCM_SHA384, TLS_DHE_RSA_WITH_AES_256_GCM_SHA384, TLS_DHE_DSS_WITH_AES_256_GCM_SHA384, TLS_ECDHE_RSA_WITH_AES_128_GCM_SHA256, TLS_RSA_WITH_AES_128_GCM_SHA256, TLS_ECDH_ECDSA_WITH_AES_128_GCM_SHA256, TLS_ECDH_RSA_WITH_AES_128_GCM_SHA256, TLS_DHE_RSA_WITH_AES_128_GCM_SHA256, TLS_DHE_DSS_WITH_AES_128_GCM_SHA256, TLS_EMPTY_RENEGOTIATION_INFO_SCSV]
Compression Methods:  { 0 }
Extension elliptic_curves, curve names: {secp256r1, secp384r1, secp521r1}
Extension ec_point_formats, formats: [uncompressed]
Extension signature_algorithms, signature_algorithms: SHA512withECDSA, SHA512withRSA, SHA384withECDSA, SHA384withRSA, SHA256withECDSA, SHA256withRSA, SHA256withDSA, SHA1withECDSA, SHA1withRSA, SHA1withDSA
Extension extended_master_secret
Extension server_name, server_name: [type=host_name (0), value=activate.navicat.com]
***
nioEventLoopGroup-5-1, WRITE: TLSv1.2 Handshake, length = 208
Allow unsafe renegotiation: false
Allow legacy hello messages: true
Is initial handshake: true
Is secure renegotiation: false
nioEventLoopGroup-4-14, READ: TLSv1.2 Handshake, length = 208
check handshake state: client_hello[1]
update handshake state: client_hello[1]
upcoming handshake states: server_hello[2]
*** ClientHello, TLSv1.2
RandomCookie:  GMT: 1576028769 bytes = { 153, 193, 148, 86, 112, 121, 136, 131, 116, 245, 25, 212, 214, 1, 206, 9, 197, 103, 42, 97, 12, 27, 13, 92, 243, 5, 254, 36 }
Session ID:  {}
Cipher Suites: [TLS_ECDHE_ECDSA_WITH_AES_256_CBC_SHA384, TLS_ECDHE_RSA_WITH_AES_256_CBC_SHA384, TLS_RSA_WITH_AES_256_CBC_SHA256, TLS_ECDH_ECDSA_WITH_AES_256_CBC_SHA384, TLS_ECDH_RSA_WITH_AES_256_CBC_SHA384, TLS_DHE_RSA_WITH_AES_256_CBC_SHA256, TLS_DHE_DSS_WITH_AES_256_CBC_SHA256, TLS_ECDHE_ECDSA_WITH_AES_256_CBC_SHA, TLS_ECDHE_RSA_WITH_AES_256_CBC_SHA, TLS_RSA_WITH_AES_256_CBC_SHA, TLS_ECDH_ECDSA_WITH_AES_256_CBC_SHA, TLS_ECDH_RSA_WITH_AES_256_CBC_SHA, TLS_DHE_RSA_WITH_AES_256_CBC_SHA, TLS_DHE_DSS_WITH_AES_256_CBC_SHA, TLS_ECDHE_ECDSA_WITH_AES_128_CBC_SHA256, TLS_ECDHE_RSA_WITH_AES_128_CBC_SHA256, TLS_RSA_WITH_AES_128_CBC_SHA256, TLS_ECDH_ECDSA_WITH_AES_128_CBC_SHA256, TLS_ECDH_RSA_WITH_AES_128_CBC_SHA256, TLS_DHE_RSA_WITH_AES_128_CBC_SHA256, TLS_DHE_DSS_WITH_AES_128_CBC_SHA256, TLS_ECDHE_ECDSA_WITH_AES_128_CBC_SHA, TLS_ECDHE_RSA_WITH_AES_128_CBC_SHA, TLS_RSA_WITH_AES_128_CBC_SHA, TLS_ECDH_ECDSA_WITH_AES_128_CBC_SHA, TLS_ECDH_RSA_WITH_AES_128_CBC_SHA, TLS_DHE_RSA_WITH_AES_128_CBC_SHA, TLS_DHE_DSS_WITH_AES_128_CBC_SHA, TLS_ECDHE_ECDSA_WITH_AES_256_GCM_SHA384, TLS_ECDHE_ECDSA_WITH_AES_128_GCM_SHA256, TLS_ECDHE_RSA_WITH_AES_256_GCM_SHA384, TLS_RSA_WITH_AES_256_GCM_SHA384, TLS_ECDH_ECDSA_WITH_AES_256_GCM_SHA384, TLS_ECDH_RSA_WITH_AES_256_GCM_SHA384, TLS_DHE_RSA_WITH_AES_256_GCM_SHA384, TLS_DHE_DSS_WITH_AES_256_GCM_SHA384, TLS_ECDHE_RSA_WITH_AES_128_GCM_SHA256, TLS_RSA_WITH_AES_128_GCM_SHA256, TLS_ECDH_ECDSA_WITH_AES_128_GCM_SHA256, TLS_ECDH_RSA_WITH_AES_128_GCM_SHA256, TLS_DHE_RSA_WITH_AES_128_GCM_SHA256, TLS_DHE_DSS_WITH_AES_128_GCM_SHA256, TLS_EMPTY_RENEGOTIATION_INFO_SCSV]
Compression Methods:  { 0 }
Extension elliptic_curves, curve names: {secp256r1, secp384r1, secp521r1}
Extension ec_point_formats, formats: [uncompressed]
Extension signature_algorithms, signature_algorithms: SHA512withECDSA, SHA512withRSA, SHA384withECDSA, SHA384withRSA, SHA256withECDSA, SHA256withRSA, SHA256withDSA, SHA1withECDSA, SHA1withRSA, SHA1withDSA
Extension extended_master_secret
Extension server_name, server_name: [type=host_name (0), value=activate.navicat.com]
***
%% Initialized:  [Session-53, SSL_NULL_WITH_NULL_NULL]
Standard ciphersuite chosen: TLS_ECDHE_RSA_WITH_AES_256_CBC_SHA384
%% Negotiating:  [Session-53, TLS_ECDHE_RSA_WITH_AES_256_CBC_SHA384]
*** ServerHello, TLSv1.2
RandomCookie:  GMT: 1576028769 bytes = { 35, 182, 7, 106, 133, 2, 169, 37, 16, 223, 118, 112, 168, 121, 208, 20, 185, 90, 162, 155, 183, 1, 121, 209, 222, 80, 219, 202 }
Session ID:  {94, 240, 74, 97, 32, 169, 98, 195, 175, 169, 128, 244, 126, 79, 145, 209, 88, 207, 44, 220, 50, 148, 102, 102, 1, 146, 115, 159, 88, 79, 15, 31}
Cipher Suite: TLS_ECDHE_RSA_WITH_AES_256_CBC_SHA384
Compression Method: 0
Extension renegotiation_info, renegotiated_connection: <empty>
Extension extended_master_secret
***
Cipher suite:  TLS_ECDHE_RSA_WITH_AES_256_CBC_SHA384
update handshake state: server_hello[2]
upcoming handshake states: server certificate[11]
upcoming handshake states: server_key_exchange[12](optional)
upcoming handshake states: certificate_request[13](optional)
upcoming handshake states: server_hello_done[14]
upcoming handshake states: client certificate[11](optional)
upcoming handshake states: client_key_exchange[16]
upcoming handshake states: certificate_verify[15](optional)
upcoming handshake states: client change_cipher_spec[-1]
upcoming handshake states: client finished[20]
upcoming handshake states: server change_cipher_spec[-1]
upcoming handshake states: server finished[20]
*** Certificate chain
chain [0] = [
[
  Version: V3
  Subject: CN=localhost, OU=ZooKeeper, O=Apache, L=Unknown, ST=Unknown, C=Unknown
  Signature Algorithm: SHA256withRSA, OID = 1.2.840.113549.1.1.11

  Key:  Sun RSA public key, 2048 bits
  params: null
  modulus: 20466894428749997265095448870198652391311568515891366224735448896044144250313384062095901217219702596717622583159291680947094046474456586662132842412743846124470020097713679685492900855417800931365512472314155689881392853768001073664569106127795833231344696659209258027979401908711647617989508135190248980524852215540637603770017238536229773075995665111861820945008718990948857303373661769409475939971958531493423489844433566328219155461676589360491136984327342101195255797973694339642711115427623510874675394946293706606142706174397483349590050687482693164890194014220011640037490528845185364811025836034294701994387
  public exponent: 65537
  Validity: [From: Sat Jan 31 02:57:30 CST 2015,
               To: Wed Feb 08 02:57:30 CST 3015]
  Issuer: CN=localhost, OU=ZooKeeper, O=Apache, L=Unknown, ST=Unknown, C=Unknown
  SerialNumber: [    7334b506]

Certificate Extensions: 1
[1]: ObjectId: 2.5.29.14 Criticality=false
SubjectKeyIdentifier [
KeyIdentifier [
0000: 65 D7 B4 E0 27 45 7A 00   58 2F AD D5 0B 64 2D 77  e...'Ez.X/...d-w
0010: 88 F7 AA F5                                        ....
]
]

]
  Algorithm: [SHA256withRSA]
  Signature:
0000: 1B C8 6B 36 83 1D 28 37   5C 1F 7D F6 C6 84 A0 BF  ..k6..(7\.......
0010: CA C0 47 CF C5 34 70 7A   CF 6B EA 34 84 BE 08 7A  ..G..4pz.k.4...z
0020: 98 E6 3D ED 1D E2 6F 06   DB 23 AB 41 AD D5 DF 1D  ..=...o..#.A....
0030: 92 F4 9D 05 FD 7C EE BE   4A 87 B8 F1 FE F4 5B 79  ........J.....[y
0040: DC AD F7 44 3D 67 08 7A   3B 91 D7 5A 79 44 96 D7  ...D=g.z;..ZyD..
0050: BE 0E 41 C8 64 E3 87 C3   28 11 AB DC 36 F5 B0 AC  ..A.d...(...6...
0060: BD 2F 16 1D 6E A1 52 25   5A EC 6F AD 20 71 5A 1B  ./..n.R%Z.o. qZ.
0070: 66 D4 0D A6 49 B7 75 43   C4 84 0B 4B AC BD 16 76  f...I.uC...K...v
0080: 58 2B 07 85 E2 F1 44 15   1E 67 D1 3C 13 73 5A 2D  X+....D..g.<.sZ-
0090: D6 06 0B A1 D3 09 7E EF   88 F9 C3 0E A4 10 47 EA  ..............G.
00A0: 65 5D CD F0 39 EA 2F 59   1C 08 BC F9 CC 5B C9 BB  e]..9./Y.....[..
00B0: 2F 20 19 81 97 B5 21 BB   60 A4 39 08 6C 41 2A 51  / ....!.`.9.lA*Q
00C0: B1 C3 1A A3 8C F8 ED 67   D0 EE EC 52 01 2A E4 1E  .......g...R.*..
00D0: D2 B4 34 73 DC 7E 34 24   A9 4E 77 AD FD B3 77 0D  ..4s..4$.Nw...w.
00E0: C2 7A C0 65 F6 CC 11 9D   19 AA 59 13 C3 9D AD 5F  .z.e......Y...._
00F0: 61 E6 C2 18 F0 E5 A1 49   41 B5 EF 9E 91 0C 35 9C  a......IA.....5.

]
***
update handshake state: certificate[11]
upcoming handshake states: server_key_exchange[12](optional)
upcoming handshake states: certificate_request[13](optional)
upcoming handshake states: server_hello_done[14]
upcoming handshake states: client certificate[11](optional)
upcoming handshake states: client_key_exchange[16]
upcoming handshake states: certificate_verify[15](optional)
upcoming handshake states: client change_cipher_spec[-1]
upcoming handshake states: client finished[20]
upcoming handshake states: server change_cipher_spec[-1]
upcoming handshake states: server finished[20]
*** ECDH ServerKeyExchange
Signature Algorithm SHA512withRSA
Server key: Sun EC public key, 256 bits
  public x coord: 79782026741850223433192680458656618193440022392090582660835419999785528626274
  public y coord: 82014977711512368108060886438956430326987463391062378889550233776166063270225
  parameters: secp256r1 [NIST P-256, X9.62 prime256v1] (1.2.840.10045.3.1.7)
update handshake state: server_key_exchange[12]
upcoming handshake states: certificate_request[13](optional)
upcoming handshake states: server_hello_done[14]
upcoming handshake states: client certificate[11](optional)
upcoming handshake states: client_key_exchange[16]
upcoming handshake states: certificate_verify[15](optional)
upcoming handshake states: client change_cipher_spec[-1]
upcoming handshake states: client finished[20]
upcoming handshake states: server change_cipher_spec[-1]
upcoming handshake states: server finished[20]
*** CertificateRequest
Cert Types: RSA, DSS, ECDSA
Supported Signature Algorithms: SHA512withECDSA, SHA512withRSA, SHA384withECDSA, SHA384withRSA, SHA256withECDSA, SHA256withRSA, SHA256withDSA, SHA1withECDSA, SHA1withRSA, SHA1withDSA
Cert Authorities:
<CN=localhost, OU=ZooKeeper, O=Apache, L=Unknown, ST=Unknown, C=Unknown>
update handshake state: unknown[13]
upcoming handshake states: server_hello_done[14]
upcoming handshake states: client certificate[11](optional)
upcoming handshake states: client_key_exchange[16]
upcoming handshake states: certificate_verify[15](optional)
upcoming handshake states: client change_cipher_spec[-1]
upcoming handshake states: client finished[20]
upcoming handshake states: server change_cipher_spec[-1]
upcoming handshake states: server finished[20]
*** ServerHelloDone
update handshake state: server_hello_done[14]
upcoming handshake states: client certificate[11](optional)
upcoming handshake states: client_key_exchange[16]
upcoming handshake states: certificate_verify[15](optional)
upcoming handshake states: client change_cipher_spec[-1]
upcoming handshake states: client finished[20]
upcoming handshake states: server change_cipher_spec[-1]
upcoming handshake states: server finished[20]
nioEventLoopGroup-4-14, WRITE: TLSv1.2 Handshake, length = 1478
nioEventLoopGroup-5-1, READ: TLSv1.2 Handshake, length = 1478
check handshake state: server_hello[2]
*** ServerHello, TLSv1.2
RandomCookie:  GMT: 1576028769 bytes = { 35, 182, 7, 106, 133, 2, 169, 37, 16, 223, 118, 112, 168, 121, 208, 20, 185, 90, 162, 155, 183, 1, 121, 209, 222, 80, 219, 202 }
Session ID:  {94, 240, 74, 97, 32, 169, 98, 195, 175, 169, 128, 244, 126, 79, 145, 209, 88, 207, 44, 220, 50, 148, 102, 102, 1, 146, 115, 159, 88, 79, 15, 31}
Cipher Suite: TLS_ECDHE_RSA_WITH_AES_256_CBC_SHA384
Compression Method: 0
Extension renegotiation_info, renegotiated_connection: <empty>
Extension extended_master_secret
***
%% Initialized:  [Session-54, TLS_ECDHE_RSA_WITH_AES_256_CBC_SHA384]
** TLS_ECDHE_RSA_WITH_AES_256_CBC_SHA384
update handshake state: server_hello[2]
upcoming handshake states: server certificate[11]
upcoming handshake states: server_key_exchange[12](optional)
upcoming handshake states: certificate_request[13](optional)
upcoming handshake states: server_hello_done[14]
upcoming handshake states: client certificate[11](optional)
upcoming handshake states: client_key_exchange[16]
upcoming handshake states: certificate_verify[15](optional)
upcoming handshake states: client change_cipher_spec[-1]
upcoming handshake states: client finished[20]
upcoming handshake states: server change_cipher_spec[-1]
upcoming handshake states: server finished[20]
check handshake state: certificate[11]
update handshake state: certificate[11]
upcoming handshake states: server_key_exchange[12](optional)
upcoming handshake states: certificate_request[13](optional)
upcoming handshake states: server_hello_done[14]
upcoming handshake states: client certificate[11](optional)
upcoming handshake states: client_key_exchange[16]
upcoming handshake states: certificate_verify[15](optional)
upcoming handshake states: client change_cipher_spec[-1]
upcoming handshake states: client finished[20]
upcoming handshake states: server change_cipher_spec[-1]
upcoming handshake states: server finished[20]
*** Certificate chain
chain [0] = [
[
  Version: V3
  Subject: CN=localhost, OU=ZooKeeper, O=Apache, L=Unknown, ST=Unknown, C=Unknown
  Signature Algorithm: SHA256withRSA, OID = 1.2.840.113549.1.1.11

  Key:  Sun RSA public key, 2048 bits
  params: null
  modulus: 20466894428749997265095448870198652391311568515891366224735448896044144250313384062095901217219702596717622583159291680947094046474456586662132842412743846124470020097713679685492900855417800931365512472314155689881392853768001073664569106127795833231344696659209258027979401908711647617989508135190248980524852215540637603770017238536229773075995665111861820945008718990948857303373661769409475939971958531493423489844433566328219155461676589360491136984327342101195255797973694339642711115427623510874675394946293706606142706174397483349590050687482693164890194014220011640037490528845185364811025836034294701994387
  public exponent: 65537
  Validity: [From: Sat Jan 31 02:57:30 CST 2015,
               To: Wed Feb 08 02:57:30 CST 3015]
  Issuer: CN=localhost, OU=ZooKeeper, O=Apache, L=Unknown, ST=Unknown, C=Unknown
  SerialNumber: [    7334b506]

Certificate Extensions: 1
[1]: ObjectId: 2.5.29.14 Criticality=false
SubjectKeyIdentifier [
KeyIdentifier [
0000: 65 D7 B4 E0 27 45 7A 00   58 2F AD D5 0B 64 2D 77  e...'Ez.X/...d-w
0010: 88 F7 AA F5                                        ....
]
]

]
  Algorithm: [SHA256withRSA]
  Signature:
0000: 1B C8 6B 36 83 1D 28 37   5C 1F 7D F6 C6 84 A0 BF  ..k6..(7\.......
0010: CA C0 47 CF C5 34 70 7A   CF 6B EA 34 84 BE 08 7A  ..G..4pz.k.4...z
0020: 98 E6 3D ED 1D E2 6F 06   DB 23 AB 41 AD D5 DF 1D  ..=...o..#.A....
0030: 92 F4 9D 05 FD 7C EE BE   4A 87 B8 F1 FE F4 5B 79  ........J.....[y
0040: DC AD F7 44 3D 67 08 7A   3B 91 D7 5A 79 44 96 D7  ...D=g.z;..ZyD..
0050: BE 0E 41 C8 64 E3 87 C3   28 11 AB DC 36 F5 B0 AC  ..A.d...(...6...
0060: BD 2F 16 1D 6E A1 52 25   5A EC 6F AD 20 71 5A 1B  ./..n.R%Z.o. qZ.
0070: 66 D4 0D A6 49 B7 75 43   C4 84 0B 4B AC BD 16 76  f...I.uC...K...v
0080: 58 2B 07 85 E2 F1 44 15   1E 67 D1 3C 13 73 5A 2D  X+....D..g.<.sZ-
0090: D6 06 0B A1 D3 09 7E EF   88 F9 C3 0E A4 10 47 EA  ..............G.
00A0: 65 5D CD F0 39 EA 2F 59   1C 08 BC F9 CC 5B C9 BB  e]..9./Y.....[..
00B0: 2F 20 19 81 97 B5 21 BB   60 A4 39 08 6C 41 2A 51  / ....!.`.9.lA*Q
00C0: B1 C3 1A A3 8C F8 ED 67   D0 EE EC 52 01 2A E4 1E  .......g...R.*..
00D0: D2 B4 34 73 DC 7E 34 24   A9 4E 77 AD FD B3 77 0D  ..4s..4$.Nw...w.
00E0: C2 7A C0 65 F6 CC 11 9D   19 AA 59 13 C3 9D AD 5F  .z.e......Y...._
00F0: 61 E6 C2 18 F0 E5 A1 49   41 B5 EF 9E 91 0C 35 9C  a......IA.....5.

]
***
Found trusted certificate:
[
[
  Version: V3
  Subject: CN=localhost, OU=ZooKeeper, O=Apache, L=Unknown, ST=Unknown, C=Unknown
  Signature Algorithm: SHA256withRSA, OID = 1.2.840.113549.1.1.11

  Key:  Sun RSA public key, 2048 bits
  params: null
  modulus: 20466894428749997265095448870198652391311568515891366224735448896044144250313384062095901217219702596717622583159291680947094046474456586662132842412743846124470020097713679685492900855417800931365512472314155689881392853768001073664569106127795833231344696659209258027979401908711647617989508135190248980524852215540637603770017238536229773075995665111861820945008718990948857303373661769409475939971958531493423489844433566328219155461676589360491136984327342101195255797973694339642711115427623510874675394946293706606142706174397483349590050687482693164890194014220011640037490528845185364811025836034294701994387
  public exponent: 65537
  Validity: [From: Sat Jan 31 02:57:30 CST 2015,
               To: Wed Feb 08 02:57:30 CST 3015]
  Issuer: CN=localhost, OU=ZooKeeper, O=Apache, L=Unknown, ST=Unknown, C=Unknown
  SerialNumber: [    7334b506]

Certificate Extensions: 1
[1]: ObjectId: 2.5.29.14 Criticality=false
SubjectKeyIdentifier [
KeyIdentifier [
0000: 65 D7 B4 E0 27 45 7A 00   58 2F AD D5 0B 64 2D 77  e...'Ez.X/...d-w
0010: 88 F7 AA F5                                        ....
]
]

]
  Algorithm: [SHA256withRSA]
  Signature:
0000: 1B C8 6B 36 83 1D 28 37   5C 1F 7D F6 C6 84 A0 BF  ..k6..(7\.......
0010: CA C0 47 CF C5 34 70 7A   CF 6B EA 34 84 BE 08 7A  ..G..4pz.k.4...z
0020: 98 E6 3D ED 1D E2 6F 06   DB 23 AB 41 AD D5 DF 1D  ..=...o..#.A....
0030: 92 F4 9D 05 FD 7C EE BE   4A 87 B8 F1 FE F4 5B 79  ........J.....[y
0040: DC AD F7 44 3D 67 08 7A   3B 91 D7 5A 79 44 96 D7  ...D=g.z;..ZyD..
0050: BE 0E 41 C8 64 E3 87 C3   28 11 AB DC 36 F5 B0 AC  ..A.d...(...6...
0060: BD 2F 16 1D 6E A1 52 25   5A EC 6F AD 20 71 5A 1B  ./..n.R%Z.o. qZ.
0070: 66 D4 0D A6 49 B7 75 43   C4 84 0B 4B AC BD 16 76  f...I.uC...K...v
0080: 58 2B 07 85 E2 F1 44 15   1E 67 D1 3C 13 73 5A 2D  X+....D..g.<.sZ-
0090: D6 06 0B A1 D3 09 7E EF   88 F9 C3 0E A4 10 47 EA  ..............G.
00A0: 65 5D CD F0 39 EA 2F 59   1C 08 BC F9 CC 5B C9 BB  e]..9./Y.....[..
00B0: 2F 20 19 81 97 B5 21 BB   60 A4 39 08 6C 41 2A 51  / ....!.`.9.lA*Q
00C0: B1 C3 1A A3 8C F8 ED 67   D0 EE EC 52 01 2A E4 1E  .......g...R.*..
00D0: D2 B4 34 73 DC 7E 34 24   A9 4E 77 AD FD B3 77 0D  ..4s..4$.Nw...w.
00E0: C2 7A C0 65 F6 CC 11 9D   19 AA 59 13 C3 9D AD 5F  .z.e......Y...._
00F0: 61 E6 C2 18 F0 E5 A1 49   41 B5 EF 9E 91 0C 35 9C  a......IA.....5.

]
2020-06-22 14:06:25,339 [myid:127.0.0.1:30073] - ERROR [nioEventLoopGroup-5-1:ZKTrustManager@161] - Failed to verify host address: 127.0.0.1
javax.net.ssl.SSLPeerUnverifiedException: Certificate for <127.0.0.1> doesn't match common name of the certificate subject: localhost
	at org.apache.zookeeper.common.ZKHostnameVerifier.matchCN(ZKHostnameVerifier.java:238)
	at org.apache.zookeeper.common.ZKHostnameVerifier.verify(ZKHostnameVerifier.java:184)
	at org.apache.zookeeper.common.ZKTrustManager.performHostVerification(ZKTrustManager.java:151)
	at org.apache.zookeeper.common.ZKTrustManager.checkServerTrusted(ZKTrustManager.java:118)
	at sun.security.ssl.ClientHandshaker.serverCertificate(ClientHandshaker.java:1675)
	at sun.security.ssl.ClientHandshaker.processMessage(ClientHandshaker.java:226)
	at sun.security.ssl.Handshaker.processLoop(Handshaker.java:1082)
	at sun.security.ssl.Handshaker$1.run(Handshaker.java:1015)
	at sun.security.ssl.Handshaker$1.run(Handshaker.java:1012)
	at java.security.AccessController.doPrivileged(Native Method)
	at sun.security.ssl.Handshaker$DelegatedTask.run(Handshaker.java:1504)
	at io.netty.handler.ssl.SslHandler.runAllDelegatedTasks(SslHandler.java:1510)
	at io.netty.handler.ssl.SslHandler.runDelegatedTasks(SslHandler.java:1524)
	at io.netty.handler.ssl.SslHandler.unwrap(SslHandler.java:1408)
	at io.netty.handler.ssl.SslHandler.decodeJdkCompatible(SslHandler.java:1235)
	at io.netty.handler.ssl.SslHandler.decode(SslHandler.java:1282)
	at io.netty.handler.codec.ByteToMessageDecoder.decodeRemovalReentryProtection(ByteToMessageDecoder.java:498)
	at io.netty.handler.codec.ByteToMessageDecoder.callDecode(ByteToMessageDecoder.java:437)
	at io.netty.handler.codec.ByteToMessageDecoder.channelRead(ByteToMessageDecoder.java:276)
	at io.netty.channel.AbstractChannelHandlerContext.invokeChannelRead(AbstractChannelHandlerContext.java:379)
	at io.netty.channel.AbstractChannelHandlerContext.invokeChannelRead(AbstractChannelHandlerContext.java:365)
	at io.netty.channel.AbstractChannelHandlerContext.fireChannelRead(AbstractChannelHandlerContext.java:357)
	at io.netty.channel.DefaultChannelPipeline$HeadContext.channelRead(DefaultChannelPipeline.java:1410)
	at io.netty.channel.AbstractChannelHandlerContext.invokeChannelRead(AbstractChannelHandlerContext.java:379)
	at io.netty.channel.AbstractChannelHandlerContext.invokeChannelRead(AbstractChannelHandlerContext.java:365)
	at io.netty.channel.DefaultChannelPipeline.fireChannelRead(DefaultChannelPipeline.java:919)
	at io.netty.channel.nio.AbstractNioByteChannel$NioByteUnsafe.read(AbstractNioByteChannel.java:163)
	at io.netty.channel.nio.NioEventLoop.processSelectedKey(NioEventLoop.java:714)
	at io.netty.channel.nio.NioEventLoop.processSelectedKeysOptimized(NioEventLoop.java:650)
	at io.netty.channel.nio.NioEventLoop.processSelectedKeys(NioEventLoop.java:576)
	at io.netty.channel.nio.NioEventLoop.run(NioEventLoop.java:493)
	at io.netty.util.concurrent.SingleThreadEventExecutor$4.run(SingleThreadEventExecutor.java:989)
	at io.netty.util.internal.ThreadExecutorMap$2.run(ThreadExecutorMap.java:74)
	at io.netty.util.concurrent.FastThreadLocalRunnable.run(FastThreadLocalRunnable.java:30)
	at java.lang.Thread.run(Thread.java:748)
2020-06-22 14:06:25,340 [myid:127.0.0.1:30073] - ERROR [nioEventLoopGroup-5-1:ZKTrustManager@162] - Failed to verify hostname: activate.navicat.com
javax.net.ssl.SSLPeerUnverifiedException: Certificate for <activate.navicat.com> doesn't match common name of the certificate subject: localhost
	at org.apache.zookeeper.common.ZKHostnameVerifier.matchCN(ZKHostnameVerifier.java:238)
	at org.apache.zookeeper.common.ZKHostnameVerifier.verify(ZKHostnameVerifier.java:184)
	at org.apache.zookeeper.common.ZKTrustManager.performHostVerification(ZKTrustManager.java:159)
	at org.apache.zookeeper.common.ZKTrustManager.checkServerTrusted(ZKTrustManager.java:118)
	at sun.security.ssl.ClientHandshaker.serverCertificate(ClientHandshaker.java:1675)
	at sun.security.ssl.ClientHandshaker.processMessage(ClientHandshaker.java:226)
	at sun.security.ssl.Handshaker.processLoop(Handshaker.java:1082)
	at sun.security.ssl.Handshaker$1.run(Handshaker.java:1015)
	at sun.security.ssl.Handshaker$1.run(Handshaker.java:1012)
	at java.security.AccessController.doPrivileged(Native Method)
	at sun.security.ssl.Handshaker$DelegatedTask.run(Handshaker.java:1504)
	at io.netty.handler.ssl.SslHandler.runAllDelegatedTasks(SslHandler.java:1510)
	at io.netty.handler.ssl.SslHandler.runDelegatedTasks(SslHandler.java:1524)
	at io.netty.handler.ssl.SslHandler.unwrap(SslHandler.java:1408)
	at io.netty.handler.ssl.SslHandler.decodeJdkCompatible(SslHandler.java:1235)
	at io.netty.handler.ssl.SslHandler.decode(SslHandler.java:1282)
	at io.netty.handler.codec.ByteToMessageDecoder.decodeRemovalReentryProtection(ByteToMessageDecoder.java:498)
	at io.netty.handler.codec.ByteToMessageDecoder.callDecode(ByteToMessageDecoder.java:437)
	at io.netty.handler.codec.ByteToMessageDecoder.channelRead(ByteToMessageDecoder.java:276)
	at io.netty.channel.AbstractChannelHandlerContext.invokeChannelRead(AbstractChannelHandlerContext.java:379)
	at io.netty.channel.AbstractChannelHandlerContext.invokeChannelRead(AbstractChannelHandlerContext.java:365)
	at io.netty.channel.AbstractChannelHandlerContext.fireChannelRead(AbstractChannelHandlerContext.java:357)
	at io.netty.channel.DefaultChannelPipeline$HeadContext.channelRead(DefaultChannelPipeline.java:1410)
	at io.netty.channel.AbstractChannelHandlerContext.invokeChannelRead(AbstractChannelHandlerContext.java:379)
	at io.netty.channel.AbstractChannelHandlerContext.invokeChannelRead(AbstractChannelHandlerContext.java:365)
	at io.netty.channel.DefaultChannelPipeline.fireChannelRead(DefaultChannelPipeline.java:919)
	at io.netty.channel.nio.AbstractNioByteChannel$NioByteUnsafe.read(AbstractNioByteChannel.java:163)
	at io.netty.channel.nio.NioEventLoop.processSelectedKey(NioEventLoop.java:714)
	at io.netty.channel.nio.NioEventLoop.processSelectedKeysOptimized(NioEventLoop.java:650)
	at io.netty.channel.nio.NioEventLoop.processSelectedKeys(NioEventLoop.java:576)
	at io.netty.channel.nio.NioEventLoop.run(NioEventLoop.java:493)
	at io.netty.util.concurrent.SingleThreadEventExecutor$4.run(SingleThreadEventExecutor.java:989)
	at io.netty.util.internal.ThreadExecutorMap$2.run(ThreadExecutorMap.java:74)
	at io.netty.util.concurrent.FastThreadLocalRunnable.run(FastThreadLocalRunnable.java:30)
	at java.lang.Thread.run(Thread.java:748)
nioEventLoopGroup-5-1, fatal error: 46: General SSLEngine problem
java.security.cert.CertificateException: Failed to verify both host address and host name
%% Invalidated:  [Session-51, SSL_NULL_WITH_NULL_NULL]
%% Invalidated:  [Session-54, TLS_ECDHE_RSA_WITH_AES_256_CBC_SHA384]
nioEventLoopGroup-5-1, SEND TLSv1.2 ALERT:  fatal, description = certificate_unknown
nioEventLoopGroup-5-1, WRITE: TLSv1.2 Alert, length = 2
nioEventLoopGroup-5-1, fatal: engine already closed.  Rethrowing javax.net.ssl.SSLHandshakeException: General SSLEngine problem
nioEventLoopGroup-5-1, called closeOutbound()
nioEventLoopGroup-5-1, closeOutboundInternal()
nioEventLoopGroup-5-1, called closeInbound()
nioEventLoopGroup-5-1, fatal: engine already closed.  Rethrowing javax.net.ssl.SSLException: Inbound closed before receiving peer's close_notify: possible truncation attack?
nioEventLoopGroup-4-14, READ: TLSv1.2 Alert, length = 2
nioEventLoopGroup-4-14, RECV TLSv1.2 ALERT:  fatal, certificate_unknown
nioEventLoopGroup-4-14, fatal: engine already closed.  Rethrowing javax.net.ssl.SSLException: Received fatal alert: certificate_unknown
nioEventLoopGroup-4-14, fatal: engine already closed.  Rethrowing javax.net.ssl.SSLException: Received fatal alert: certificate_unknown
2020-06-22 14:06:25,341 [myid:] - ERROR [nioEventLoopGroup-4-14:NettyServerCnxnFactory$CertificateVerifier@434] - Unsuccessful handshake with session 0x0
nioEventLoopGroup-4-14, called closeOutbound()
nioEventLoopGroup-4-14, closeOutboundInternal()
nioEventLoopGroup-4-14, SEND TLSv1.2 ALERT:  warning, description = close_notify
nioEventLoopGroup-4-14, WRITE: TLSv1.2 Alert, length = 2
nioEventLoopGroup-4-14, called closeInbound()
nioEventLoopGroup-4-14, fatal: engine already closed.  Rethrowing javax.net.ssl.SSLException: Inbound closed before receiving peer's close_notify: possible truncation attack?
2020-06-22 14:06:25,341 [myid:127.0.0.1:30073] - ERROR [nioEventLoopGroup-5-1:ClientCnxnSocketNetty$ZKClientHandler@522] - Unexpected throwable
io.netty.handler.codec.DecoderException: javax.net.ssl.SSLHandshakeException: General SSLEngine problem
	at io.netty.handler.codec.ByteToMessageDecoder.callDecode(ByteToMessageDecoder.java:468)
	at io.netty.handler.codec.ByteToMessageDecoder.channelRead(ByteToMessageDecoder.java:276)
	at io.netty.channel.AbstractChannelHandlerContext.invokeChannelRead(AbstractChannelHandlerContext.java:379)
	at io.netty.channel.AbstractChannelHandlerContext.invokeChannelRead(AbstractChannelHandlerContext.java:365)
	at io.netty.channel.AbstractChannelHandlerContext.fireChannelRead(AbstractChannelHandlerContext.java:357)
	at io.netty.channel.DefaultChannelPipeline$HeadContext.channelRead(DefaultChannelPipeline.java:1410)
	at io.netty.channel.AbstractChannelHandlerContext.invokeChannelRead(AbstractChannelHandlerContext.java:379)
	at io.netty.channel.AbstractChannelHandlerContext.invokeChannelRead(AbstractChannelHandlerContext.java:365)
	at io.netty.channel.DefaultChannelPipeline.fireChannelRead(DefaultChannelPipeline.java:919)
	at io.netty.channel.nio.AbstractNioByteChannel$NioByteUnsafe.read(AbstractNioByteChannel.java:163)
	at io.netty.channel.nio.NioEventLoop.processSelectedKey(NioEventLoop.java:714)
	at io.netty.channel.nio.NioEventLoop.processSelectedKeysOptimized(NioEventLoop.java:650)
	at io.netty.channel.nio.NioEventLoop.processSelectedKeys(NioEventLoop.java:576)
	at io.netty.channel.nio.NioEventLoop.run(NioEventLoop.java:493)
	at io.netty.util.concurrent.SingleThreadEventExecutor$4.run(SingleThreadEventExecutor.java:989)
	at io.netty.util.internal.ThreadExecutorMap$2.run(ThreadExecutorMap.java:74)
	at io.netty.util.concurrent.FastThreadLocalRunnable.run(FastThreadLocalRunnable.java:30)
	at java.lang.Thread.run(Thread.java:748)
Caused by: javax.net.ssl.SSLHandshakeException: General SSLEngine problem
	at sun.security.ssl.Handshaker.checkThrown(Handshaker.java:1566)
	at sun.security.ssl.SSLEngineImpl.checkTaskThrown(SSLEngineImpl.java:545)
	at sun.security.ssl.SSLEngineImpl.readNetRecord(SSLEngineImpl.java:819)
	at sun.security.ssl.SSLEngineImpl.unwrap(SSLEngineImpl.java:783)
	at javax.net.ssl.SSLEngine.unwrap(SSLEngine.java:626)
	at io.netty.handler.ssl.SslHandler$SslEngineType$3.unwrap(SslHandler.java:281)
	at io.netty.handler.ssl.SslHandler.unwrap(SslHandler.java:1340)
	at io.netty.handler.ssl.SslHandler.decodeJdkCompatible(SslHandler.java:1235)
	at io.netty.handler.ssl.SslHandler.decode(SslHandler.java:1282)
	at io.netty.handler.codec.ByteToMessageDecoder.decodeRemovalReentryProtection(ByteToMessageDecoder.java:498)
	at io.netty.handler.codec.ByteToMessageDecoder.callDecode(ByteToMessageDecoder.java:437)
	... 17 more
Caused by: javax.net.ssl.SSLHandshakeException: General SSLEngine problem
	at sun.security.ssl.Alerts.getSSLException(Alerts.java:198)
	at sun.security.ssl.SSLEngineImpl.fatal(SSLEngineImpl.java:1729)
	at sun.security.ssl.Handshaker.fatalSE(Handshaker.java:333)
	at sun.security.ssl.Handshaker.fatalSE(Handshaker.java:325)
	at sun.security.ssl.ClientHandshaker.serverCertificate(ClientHandshaker.java:1688)
	at sun.security.ssl.ClientHandshaker.processMessage(ClientHandshaker.java:226)
	at sun.security.ssl.Handshaker.processLoop(Handshaker.java:1082)
	at sun.security.ssl.Handshaker$1.run(Handshaker.java:1015)
	at sun.security.ssl.Handshaker$1.run(Handshaker.java:1012)
	at java.security.AccessController.doPrivileged(Native Method)
	at sun.security.ssl.Handshaker$DelegatedTask.run(Handshaker.java:1504)
	at io.netty.handler.ssl.SslHandler.runAllDelegatedTasks(SslHandler.java:1510)
	at io.netty.handler.ssl.SslHandler.runDelegatedTasks(SslHandler.java:1524)
	at io.netty.handler.ssl.SslHandler.unwrap(SslHandler.java:1408)
	... 21 more
Caused by: java.security.cert.CertificateException: Failed to verify both host address and host name
	at org.apache.zookeeper.common.ZKTrustManager.performHostVerification(ZKTrustManager.java:163)
	at org.apache.zookeeper.common.ZKTrustManager.checkServerTrusted(ZKTrustManager.java:118)
	at sun.security.ssl.ClientHandshaker.serverCertificate(ClientHandshaker.java:1675)
	... 30 more
Caused by: javax.net.ssl.SSLPeerUnverifiedException: Certificate for <activate.navicat.com> doesn't match common name of the certificate subject: localhost
	at org.apache.zookeeper.common.ZKHostnameVerifier.matchCN(ZKHostnameVerifier.java:238)
	at org.apache.zookeeper.common.ZKHostnameVerifier.verify(ZKHostnameVerifier.java:184)
	at org.apache.zookeeper.common.ZKTrustManager.performHostVerification(ZKTrustManager.java:159)
	... 32 more
2020-06-22 14:06:25,342 [myid:127.0.0.1:30073] - INFO  [nioEventLoopGroup-5-1:ClientCnxnSocketNetty@249] - channel is told closing
nioEventLoopGroup-5-1, called closeOutbound()
nioEventLoopGroup-5-1, closeOutboundInternal()
2020-06-22 14:06:25,342 [myid:] - WARN  [nioEventLoopGroup-4-14:NettyServerCnxnFactory$CnxnChannelHandler@273] - Exception caught
io.netty.handler.codec.DecoderException: javax.net.ssl.SSLException: Received fatal alert: certificate_unknown
	at io.netty.handler.codec.ByteToMessageDecoder.callDecode(ByteToMessageDecoder.java:468)
	at io.netty.handler.codec.ByteToMessageDecoder.channelRead(ByteToMessageDecoder.java:276)
	at io.netty.channel.AbstractChannelHandlerContext.invokeChannelRead(AbstractChannelHandlerContext.java:379)
	at io.netty.channel.AbstractChannelHandlerContext.invokeChannelRead(AbstractChannelHandlerContext.java:365)
	at io.netty.channel.AbstractChannelHandlerContext.fireChannelRead(AbstractChannelHandlerContext.java:357)
	at io.netty.channel.DefaultChannelPipeline$HeadContext.channelRead(DefaultChannelPipeline.java:1410)
	at io.netty.channel.AbstractChannelHandlerContext.invokeChannelRead(AbstractChannelHandlerContext.java:379)
	at io.netty.channel.AbstractChannelHandlerContext.invokeChannelRead(AbstractChannelHandlerContext.java:365)
	at io.netty.channel.DefaultChannelPipeline.fireChannelRead(DefaultChannelPipeline.java:919)
	at io.netty.channel.nio.AbstractNioByteChannel$NioByteUnsafe.read(AbstractNioByteChannel.java:163)
	at io.netty.channel.nio.NioEventLoop.processSelectedKey(NioEventLoop.java:714)
	at io.netty.channel.nio.NioEventLoop.processSelectedKeysOptimized(NioEventLoop.java:650)
	at io.netty.channel.nio.NioEventLoop.processSelectedKeys(NioEventLoop.java:576)
	at io.netty.channel.nio.NioEventLoop.run(NioEventLoop.java:493)
	at io.netty.util.concurrent.SingleThreadEventExecutor$4.run(SingleThreadEventExecutor.java:989)
	at io.netty.util.internal.ThreadExecutorMap$2.run(ThreadExecutorMap.java:74)
	at io.netty.util.concurrent.FastThreadLocalRunnable.run(FastThreadLocalRunnable.java:30)
	at java.lang.Thread.run(Thread.java:748)
Caused by: javax.net.ssl.SSLException: Received fatal alert: certificate_unknown
	at sun.security.ssl.Alerts.getSSLException(Alerts.java:214)
	at sun.security.ssl.SSLEngineImpl.fatal(SSLEngineImpl.java:1667)
	at sun.security.ssl.SSLEngineImpl.fatal(SSLEngineImpl.java:1635)
	at sun.security.ssl.SSLEngineImpl.recvAlert(SSLEngineImpl.java:1801)
	at sun.security.ssl.SSLEngineImpl.readRecord(SSLEngineImpl.java:1090)
	at sun.security.ssl.SSLEngineImpl.readNetRecord(SSLEngineImpl.java:913)
	at sun.security.ssl.SSLEngineImpl.unwrap(SSLEngineImpl.java:783)
	at javax.net.ssl.SSLEngine.unwrap(SSLEngine.java:626)
	at io.netty.handler.ssl.SslHandler$SslEngineType$3.unwrap(SslHandler.java:281)
	at io.netty.handler.ssl.SslHandler.unwrap(SslHandler.java:1340)
	at io.netty.handler.ssl.SslHandler.decodeJdkCompatible(SslHandler.java:1235)
	at io.netty.handler.ssl.SslHandler.decode(SslHandler.java:1282)
	at io.netty.handler.codec.ByteToMessageDecoder.decodeRemovalReentryProtection(ByteToMessageDecoder.java:498)
	at io.netty.handler.codec.ByteToMessageDecoder.callDecode(ByteToMessageDecoder.java:437)
	... 17 more
nioEventLoopGroup-4-14, called closeOutbound()
nioEventLoopGroup-4-14, closeOutboundInternal()
nioEventLoopGroup-4-14, READ: TLSv1.2 Alert, length = 2
nioEventLoopGroup-4-14, RECV TLSv1.2 ALERT:  fatal, 2020-06-22 14:06:25,343 [myid:127.0.0.1:30073] - INFO  [nioEventLoopGroup-5-1:ClientCnxnSocketNetty$ZKClientHandler@469] - channel is disconnected: [id: 0xa5ffc601, L:/127.0.0.1:54925 ! R:activate.navicat.com/127.0.0.1:30073]
certificate_unknown
nioEventLoopGroup-4-14, fatal: engine already closed.  Rethrowing javax.net.ssl.SSLException: Received fatal alert: certificate_unknown
nioEventLoopGroup-4-14, fatal: engine already closed.  Rethrowing javax.net.ssl.SSLException: Received fatal alert: certificate_unknown
nioEventLoopGroup-4-14, called closeOutbound()
nioEventLoopGroup-4-14, closeOutboundInternal()
nioEventLoopGroup-4-14, called closeInbound()
nioEventLoopGroup-4-14, closeInboundInternal()
nioEventLoopGroup-4-14, closeOutboundInternal()
2020-06-22 14:06:25,343 [myid:] - WARN  [nioEventLoopGroup-4-14:NettyServerCnxnFactory$CnxnChannelHandler@273] - Exception caught
io.netty.handler.codec.DecoderException: javax.net.ssl.SSLException: Received fatal alert: certificate_unknown
	at io.netty.handler.codec.ByteToMessageDecoder.callDecode(ByteToMessageDecoder.java:468)
	at io.netty.handler.codec.ByteToMessageDecoder.channelInputClosed(ByteToMessageDecoder.java:401)
	at io.netty.handler.codec.ByteToMessageDecoder.channelInputClosed(ByteToMessageDecoder.java:368)
	at io.netty.handler.codec.ByteToMessageDecoder.channelInactive(ByteToMessageDecoder.java:351)
	at io.netty.handler.ssl.SslHandler.channelInactive(SslHandler.java:1084)
	at io.netty.channel.AbstractChannelHandlerContext.invokeChannelInactive(AbstractChannelHandlerContext.java:262)
	at io.netty.channel.AbstractChannelHandlerContext.invokeChannelInactive(AbstractChannelHandlerContext.java:248)
	at io.netty.channel.AbstractChannelHandlerContext.fireChannelInactive(AbstractChannelHandlerContext.java:241)
	at io.netty.channel.DefaultChannelPipeline$HeadContext.channelInactive(DefaultChannelPipeline.java:1405)
	at io.netty.channel.AbstractChannelHandlerContext.invokeChannelInactive(AbstractChannelHandlerContext.java:262)
	at io.netty.channel.AbstractChannelHandlerContext.invokeChannelInactive(AbstractChannelHandlerContext.java:248)
	at io.netty.channel.DefaultChannelPipeline.fireChannelInactive(DefaultChannelPipeline.java:901)
	at io.netty.channel.AbstractChannel$AbstractUnsafe$8.run(AbstractChannel.java:818)
	at io.netty.util.concurrent.AbstractEventExecutor.safeExecute(AbstractEventExecutor.java:164)
	at io.netty.util.concurrent.SingleThreadEventExecutor.runAllTasks(SingleThreadEventExecutor.java:472)
	at io.netty.channel.nio.NioEventLoop.run(NioEventLoop.java:497)
	at io.netty.util.concurrent.SingleThreadEventExecutor$4.run(SingleThreadEventExecutor.java:989)
	at io.netty.util.internal.ThreadExecutorMap$2.run(ThreadExecutorMap.java:74)
	at io.netty.util.concurrent.FastThreadLocalRunnable.run(FastThreadLocalRunnable.java:30)
	at java.lang.Thread.run(Thread.java:748)
Caused by: javax.net.ssl.SSLException: Received fatal alert: certificate_unknown
	at sun.security.ssl.Alerts.getSSLException(Alerts.java:214)
	at sun.security.ssl.SSLEngineImpl.fatal(SSLEngineImpl.java:1667)
	at sun.security.ssl.SSLEngineImpl.fatal(SSLEngineImpl.java:1635)
	at sun.security.ssl.SSLEngineImpl.recvAlert(SSLEngineImpl.java:1801)
	at sun.security.ssl.SSLEngineImpl.readRecord(SSLEngineImpl.java:1090)
	at sun.security.ssl.SSLEngineImpl.readNetRecord(SSLEngineImpl.java:913)
	at sun.security.ssl.SSLEngineImpl.unwrap(SSLEngineImpl.java:783)
	at javax.net.ssl.SSLEngine.unwrap(SSLEngine.java:626)
	at io.netty.handler.ssl.SslHandler$SslEngineType$3.unwrap(SslHandler.java:281)
	at io.netty.handler.ssl.SslHandler.unwrap(SslHandler.java:1340)
	at io.netty.handler.ssl.SslHandler.decodeJdkCompatible(SslHandler.java:1235)
	at io.netty.handler.ssl.SslHandler.decode(SslHandler.java:1282)
	at io.netty.handler.codec.ByteToMessageDecoder.decodeRemovalReentryProtection(ByteToMessageDecoder.java:498)
	at io.netty.handler.codec.ByteToMessageDecoder.callDecode(ByteToMessageDecoder.java:437)
	... 19 more
2020-06-22 14:06:25,344 [myid:127.0.0.1:30073] - WARN  [main-SendThread(127.0.0.1:30073):ClientCnxn$SendThread@1272] - Session 0x0 for sever activate.navicat.com/127.0.0.1:30073, Closing socket connection. Attempting reconnect except it is a SessionExpiredException.
EndOfStreamException: channel for sessionid 0x0 is lost
	at org.apache.zookeeper.ClientCnxnSocketNetty.doTransport(ClientCnxnSocketNetty.java:285)
	at org.apache.zookeeper.ClientCnxn$SendThread.run(ClientCnxn.java:1262)
2020-06-22 14:06:26,466 [myid:127.0.0.1:30073] - INFO  [main-SendThread(127.0.0.1:30073):ClientCnxn$SendThread@1154] - Opening socket connection to server activate.navicat.com/127.0.0.1:30073.
2020-06-22 14:06:26,466 [myid:127.0.0.1:30073] - INFO  [main-SendThread(127.0.0.1:30073):ClientCnxn$SendThread@1156] - SASL config status: Will not attempt to authenticate using SASL (unknown error)
adding as trusted cert:
  Subject: CN=localhost, OU=ZooKeeper, O=Apache, L=Unknown, ST=Unknown, C=Unknown
  Issuer:  CN=localhost, OU=ZooKeeper, O=Apache, L=Unknown, ST=Unknown, C=Unknown
  Algorithm: RSA; Serial number: 0x7334b506
  Valid from Sat Jan 31 02:57:30 CST 2015 until Wed Feb 08 02:57:30 CST 3015

trigger seeding of SecureRandom
done seeding SecureRandom
Using SSLEngineImpl.
%% Initialized:  [Session-55, SSL_NULL_WITH_NULL_NULL]
2020-06-22 14:06:26,469 [myid:127.0.0.1:30073] - INFO  [nioEventLoopGroup-5-1:ClientCnxnSocketNetty$ZKClientPipelineFactory@454] - SSL handler added for channel: [id: 0x0330d5a9]
2020-06-22 14:06:26,470 [myid:127.0.0.1:30073] - INFO  [nioEventLoopGroup-5-1:ClientCnxn$SendThread@986] - Socket connection established, initiating session, client: /127.0.0.1:55009, server: activate.navicat.com/127.0.0.1:30073
2020-06-22 14:06:26,470 [myid:127.0.0.1:30073] - INFO  [nioEventLoopGroup-5-1:ClientCnxnSocketNetty$1@184] - channel is connected: [id: 0x0330d5a9, L:/127.0.0.1:55009 - R:activate.navicat.com/127.0.0.1:30073]
Allow unsafe renegotiation: false
Allow legacy hello messages: true
Is initial handshake: true
Is secure renegotiation: false
Ignoring unsupported cipher suite: TLS_ECDHE_ECDSA_WITH_AES_256_CBC_SHA384 for TLSv1
Ignoring unsupported cipher suite: TLS_ECDHE_RSA_WITH_AES_256_CBC_SHA384 for TLSv1
Ignoring unsupported cipher suite: TLS_RSA_WITH_AES_256_CBC_SHA256 for TLSv1
Ignoring unsupported cipher suite: TLS_ECDH_ECDSA_WITH_AES_256_CBC_SHA384 for TLSv1
Ignoring unsupported cipher suite: TLS_ECDH_RSA_WITH_AES_256_CBC_SHA384 for TLSv1
Ignoring unsupported cipher suite: TLS_DHE_RSA_WITH_AES_256_CBC_SHA256 for TLSv1
Ignoring unsupported cipher suite: TLS_DHE_DSS_WITH_AES_256_CBC_SHA256 for TLSv1
Ignoring unsupported cipher suite: TLS_ECDHE_ECDSA_WITH_AES_256_CBC_SHA384 for TLSv1.1
Ignoring unsupported cipher suite: TLS_ECDHE_RSA_WITH_AES_256_CBC_SHA384 for TLSv1.1
Ignoring unsupported cipher suite: TLS_RSA_WITH_AES_256_CBC_SHA256 for TLSv1.1
Ignoring unsupported cipher suite: TLS_ECDH_ECDSA_WITH_AES_256_CBC_SHA384 for TLSv1.1
Ignoring unsupported cipher suite: TLS_ECDH_RSA_WITH_AES_256_CBC_SHA384 for TLSv1.1
Ignoring unsupported cipher suite: TLS_DHE_RSA_WITH_AES_256_CBC_SHA256 for TLSv1.1
Ignoring unsupported cipher suite: TLS_DHE_DSS_WITH_AES_256_CBC_SHA256 for TLSv1.1
%% No cached client session
update handshake state: client_hello[1]
upcoming handshake states: server_hello[2]
*** ClientHello, TLSv1.2
RandomCookie:  GMT: 1576028770 bytes = { 117, 98, 111, 247, 157, 51, 242, 239, 93, 223, 89, 91, 154, 68, 139, 72, 176, 165, 129, 105, 60, 234, 124, 93, 121, 145, 115, 217 }
Session ID:  {}
Cipher Suites: [TLS_ECDHE_ECDSA_WITH_AES_256_CBC_SHA384, TLS_ECDHE_RSA_WITH_AES_256_CBC_SHA384, TLS_RSA_WITH_AES_256_CBC_SHA256, TLS_ECDH_ECDSA_WITH_AES_256_CBC_SHA384, TLS_ECDH_RSA_WITH_AES_256_CBC_SHA384, TLS_DHE_RSA_WITH_AES_256_CBC_SHA256, TLS_DHE_DSS_WITH_AES_256_CBC_SHA256, TLS_ECDHE_ECDSA_WITH_AES_256_CBC_SHA, TLS_ECDHE_RSA_WITH_AES_256_CBC_SHA, TLS_RSA_WITH_AES_256_CBC_SHA, TLS_ECDH_ECDSA_WITH_AES_256_CBC_SHA, TLS_ECDH_RSA_WITH_AES_256_CBC_SHA, TLS_DHE_RSA_WITH_AES_256_CBC_SHA, TLS_DHE_DSS_WITH_AES_256_CBC_SHA, TLS_ECDHE_ECDSA_WITH_AES_128_CBC_SHA256, TLS_ECDHE_RSA_WITH_AES_128_CBC_SHA256, TLS_RSA_WITH_AES_128_CBC_SHA256, TLS_ECDH_ECDSA_WITH_AES_128_CBC_SHA256, TLS_ECDH_RSA_WITH_AES_128_CBC_SHA256, TLS_DHE_RSA_WITH_AES_128_CBC_SHA256, TLS_DHE_DSS_WITH_AES_128_CBC_SHA256, TLS_ECDHE_ECDSA_WITH_AES_128_CBC_SHA, TLS_ECDHE_RSA_WITH_AES_128_CBC_SHA, TLS_RSA_WITH_AES_128_CBC_SHA, TLS_ECDH_ECDSA_WITH_AES_128_CBC_SHA, TLS_ECDH_RSA_WITH_AES_128_CBC_SHA, TLS_DHE_RSA_WITH_AES_128_CBC_SHA, TLS_DHE_DSS_WITH_AES_128_CBC_SHA, TLS_ECDHE_ECDSA_WITH_AES_256_GCM_SHA384, TLS_ECDHE_ECDSA_WITH_AES_128_GCM_SHA256, TLS_ECDHE_RSA_WITH_AES_256_GCM_SHA384, TLS_RSA_WITH_AES_256_GCM_SHA384, TLS_ECDH_ECDSA_WITH_AES_256_GCM_SHA384, TLS_ECDH_RSA_WITH_AES_256_GCM_SHA384, TLS_DHE_RSA_WITH_AES_256_GCM_SHA384, TLS_DHE_DSS_WITH_AES_256_GCM_SHA384, TLS_ECDHE_RSA_WITH_AES_128_GCM_SHA256, TLS_RSA_WITH_AES_128_GCM_SHA256, TLS_ECDH_ECDSA_WITH_AES_128_GCM_SHA256, TLS_ECDH_RSA_WITH_AES_128_GCM_SHA256, TLS_DHE_RSA_WITH_AES_128_GCM_SHA256, TLS_DHE_DSS_WITH_AES_128_GCM_SHA256, TLS_EMPTY_RENEGOTIATION_INFO_SCSV]
Compression Methods:  { 0 }
Extension elliptic_curves, curve names: {secp256r1, secp384r1, secp521r1}
Extension ec_point_formats, formats: [uncompressed]
Extension signature_algorithms, signature_algorithms: SHA512withECDSA, SHA512withRSA, SHA384withECDSA, SHA384withRSA, SHA256withECDSA, SHA256withRSA, SHA256withDSA, SHA1withECDSA, SHA1withRSA, SHA1withDSA
Extension extended_master_secret
Extension server_name, server_name: [type=host_name (0), value=activate.navicat.com]
***
nioEventLoopGroup-5-1, WRITE: TLSv1.2 Handshake, length = 208
trigger seeding of SecureRandom
done seeding SecureRandom
Using SSLEngineImpl.
%% Initialized:  [Session-56, SSL_NULL_WITH_NULL_NULL]
Allow unsafe renegotiation: false
Allow legacy hello messages: true
Is initial handshake: true
Is secure renegotiation: false
nioEventLoopGroup-4-15, READ: TLSv1.2 Handshake, length = 208
check handshake state: client_hello[1]
update handshake state: client_hello[1]
upcoming handshake states: server_hello[2]
*** ClientHello, TLSv1.2
RandomCookie:  GMT: 1576028770 bytes = { 117, 98, 111, 247, 157, 51, 242, 239, 93, 223, 89, 91, 154, 68, 139, 72, 176, 165, 129, 105, 60, 234, 124, 93, 121, 145, 115, 217 }
Session ID:  {}
Cipher Suites: [TLS_ECDHE_ECDSA_WITH_AES_256_CBC_SHA384, TLS_ECDHE_RSA_WITH_AES_256_CBC_SHA384, TLS_RSA_WITH_AES_256_CBC_SHA256, TLS_ECDH_ECDSA_WITH_AES_256_CBC_SHA384, TLS_ECDH_RSA_WITH_AES_256_CBC_SHA384, TLS_DHE_RSA_WITH_AES_256_CBC_SHA256, TLS_DHE_DSS_WITH_AES_256_CBC_SHA256, TLS_ECDHE_ECDSA_WITH_AES_256_CBC_SHA, TLS_ECDHE_RSA_WITH_AES_256_CBC_SHA, TLS_RSA_WITH_AES_256_CBC_SHA, TLS_ECDH_ECDSA_WITH_AES_256_CBC_SHA, TLS_ECDH_RSA_WITH_AES_256_CBC_SHA, TLS_DHE_RSA_WITH_AES_256_CBC_SHA, TLS_DHE_DSS_WITH_AES_256_CBC_SHA, TLS_ECDHE_ECDSA_WITH_AES_128_CBC_SHA256, TLS_ECDHE_RSA_WITH_AES_128_CBC_SHA256, TLS_RSA_WITH_AES_128_CBC_SHA256, TLS_ECDH_ECDSA_WITH_AES_128_CBC_SHA256, TLS_ECDH_RSA_WITH_AES_128_CBC_SHA256, TLS_DHE_RSA_WITH_AES_128_CBC_SHA256, TLS_DHE_DSS_WITH_AES_128_CBC_SHA256, TLS_ECDHE_ECDSA_WITH_AES_128_CBC_SHA, TLS_ECDHE_RSA_WITH_AES_128_CBC_SHA, TLS_RSA_WITH_AES_128_CBC_SHA, TLS_ECDH_ECDSA_WITH_AES_128_CBC_SHA, TLS_ECDH_RSA_WITH_AES_128_CBC_SHA, TLS_DHE_RSA_WITH_AES_128_CBC_SHA, TLS_DHE_DSS_WITH_AES_128_CBC_SHA, TLS_ECDHE_ECDSA_WITH_AES_256_GCM_SHA384, TLS_ECDHE_ECDSA_WITH_AES_128_GCM_SHA256, TLS_ECDHE_RSA_WITH_AES_256_GCM_SHA384, TLS_RSA_WITH_AES_256_GCM_SHA384, TLS_ECDH_ECDSA_WITH_AES_256_GCM_SHA384, TLS_ECDH_RSA_WITH_AES_256_GCM_SHA384, TLS_DHE_RSA_WITH_AES_256_GCM_SHA384, TLS_DHE_DSS_WITH_AES_256_GCM_SHA384, TLS_ECDHE_RSA_WITH_AES_128_GCM_SHA256, TLS_RSA_WITH_AES_128_GCM_SHA256, TLS_ECDH_ECDSA_WITH_AES_128_GCM_SHA256, TLS_ECDH_RSA_WITH_AES_128_GCM_SHA256, TLS_DHE_RSA_WITH_AES_128_GCM_SHA256, TLS_DHE_DSS_WITH_AES_128_GCM_SHA256, TLS_EMPTY_RENEGOTIATION_INFO_SCSV]
Compression Methods:  { 0 }
Extension elliptic_curves, curve names: {secp256r1, secp384r1, secp521r1}
Extension ec_point_formats, formats: [uncompressed]
Extension signature_algorithms, signature_algorithms: SHA512withECDSA, SHA512withRSA, SHA384withECDSA, SHA384withRSA, SHA256withECDSA, SHA256withRSA, SHA256withDSA, SHA1withECDSA, SHA1withRSA, SHA1withDSA
Extension extended_master_secret
Extension server_name, server_name: [type=host_name (0), value=activate.navicat.com]
***
%% Initialized:  [Session-57, SSL_NULL_WITH_NULL_NULL]
Standard ciphersuite chosen: TLS_ECDHE_RSA_WITH_AES_256_CBC_SHA384
%% Negotiating:  [Session-57, TLS_ECDHE_RSA_WITH_AES_256_CBC_SHA384]
*** ServerHello, TLSv1.2
RandomCookie:  GMT: 1576028770 bytes = { 69, 170, 155, 92, 238, 69, 75, 36, 255, 156, 57, 110, 12, 156, 130, 50, 236, 166, 73, 2, 251, 109, 200, 167, 240, 252, 198, 83 }
Session ID:  {94, 240, 74, 98, 162, 135, 116, 86, 213, 137, 160, 12, 104, 67, 75, 113, 168, 182, 255, 224, 93, 168, 156, 40, 121, 143, 186, 126, 83, 242, 134, 171}
Cipher Suite: TLS_ECDHE_RSA_WITH_AES_256_CBC_SHA384
Compression Method: 0
Extension renegotiation_info, renegotiated_connection: <empty>
Extension extended_master_secret
***
Cipher suite:  TLS_ECDHE_RSA_WITH_AES_256_CBC_SHA384
update handshake state: server_hello[2]
upcoming handshake states: server certificate[11]
upcoming handshake states: server_key_exchange[12](optional)
upcoming handshake states: certificate_request[13](optional)
upcoming handshake states: server_hello_done[14]
upcoming handshake states: client certificate[11](optional)
upcoming handshake states: client_key_exchange[16]
upcoming handshake states: certificate_verify[15](optional)
upcoming handshake states: client change_cipher_spec[-1]
upcoming handshake states: client finished[20]
upcoming handshake states: server change_cipher_spec[-1]
upcoming handshake states: server finished[20]
*** Certificate chain
chain [0] = [
[
  Version: V3
  Subject: CN=localhost, OU=ZooKeeper, O=Apache, L=Unknown, ST=Unknown, C=Unknown
  Signature Algorithm: SHA256withRSA, OID = 1.2.840.113549.1.1.11

  Key:  Sun RSA public key, 2048 bits
  params: null
  modulus: 20466894428749997265095448870198652391311568515891366224735448896044144250313384062095901217219702596717622583159291680947094046474456586662132842412743846124470020097713679685492900855417800931365512472314155689881392853768001073664569106127795833231344696659209258027979401908711647617989508135190248980524852215540637603770017238536229773075995665111861820945008718990948857303373661769409475939971958531493423489844433566328219155461676589360491136984327342101195255797973694339642711115427623510874675394946293706606142706174397483349590050687482693164890194014220011640037490528845185364811025836034294701994387
  public exponent: 65537
  Validity: [From: Sat Jan 31 02:57:30 CST 2015,
               To: Wed Feb 08 02:57:30 CST 3015]
  Issuer: CN=localhost, OU=ZooKeeper, O=Apache, L=Unknown, ST=Unknown, C=Unknown
  SerialNumber: [    7334b506]

Certificate Extensions: 1
[1]: ObjectId: 2.5.29.14 Criticality=false
SubjectKeyIdentifier [
KeyIdentifier [
0000: 65 D7 B4 E0 27 45 7A 00   58 2F AD D5 0B 64 2D 77  e...'Ez.X/...d-w
0010: 88 F7 AA F5                                        ....
]
]

]
  Algorithm: [SHA256withRSA]
  Signature:
0000: 1B C8 6B 36 83 1D 28 37   5C 1F 7D F6 C6 84 A0 BF  ..k6..(7\.......
0010: CA C0 47 CF C5 34 70 7A   CF 6B EA 34 84 BE 08 7A  ..G..4pz.k.4...z
0020: 98 E6 3D ED 1D E2 6F 06   DB 23 AB 41 AD D5 DF 1D  ..=...o..#.A....
0030: 92 F4 9D 05 FD 7C EE BE   4A 87 B8 F1 FE F4 5B 79  ........J.....[y
0040: DC AD F7 44 3D 67 08 7A   3B 91 D7 5A 79 44 96 D7  ...D=g.z;..ZyD..
0050: BE 0E 41 C8 64 E3 87 C3   28 11 AB DC 36 F5 B0 AC  ..A.d...(...6...
0060: BD 2F 16 1D 6E A1 52 25   5A EC 6F AD 20 71 5A 1B  ./..n.R%Z.o. qZ.
0070: 66 D4 0D A6 49 B7 75 43   C4 84 0B 4B AC BD 16 76  f...I.uC...K...v
0080: 58 2B 07 85 E2 F1 44 15   1E 67 D1 3C 13 73 5A 2D  X+....D..g.<.sZ-
0090: D6 06 0B A1 D3 09 7E EF   88 F9 C3 0E A4 10 47 EA  ..............G.
00A0: 65 5D CD F0 39 EA 2F 59   1C 08 BC F9 CC 5B C9 BB  e]..9./Y.....[..
00B0: 2F 20 19 81 97 B5 21 BB   60 A4 39 08 6C 41 2A 51  / ....!.`.9.lA*Q
00C0: B1 C3 1A A3 8C F8 ED 67   D0 EE EC 52 01 2A E4 1E  .......g...R.*..
00D0: D2 B4 34 73 DC 7E 34 24   A9 4E 77 AD FD B3 77 0D  ..4s..4$.Nw...w.
00E0: C2 7A C0 65 F6 CC 11 9D   19 AA 59 13 C3 9D AD 5F  .z.e......Y...._
00F0: 61 E6 C2 18 F0 E5 A1 49   41 B5 EF 9E 91 0C 35 9C  a......IA.....5.

]
***
update handshake state: certificate[11]
upcoming handshake states: server_key_exchange[12](optional)
upcoming handshake states: certificate_request[13](optional)
upcoming handshake states: server_hello_done[14]
upcoming handshake states: client certificate[11](optional)
upcoming handshake states: client_key_exchange[16]
upcoming handshake states: certificate_verify[15](optional)
upcoming handshake states: client change_cipher_spec[-1]
upcoming handshake states: client finished[20]
upcoming handshake states: server change_cipher_spec[-1]
upcoming handshake states: server finished[20]
*** ECDH ServerKeyExchange
Signature Algorithm SHA512withRSA
Server key: Sun EC public key, 256 bits
  public x coord: 104154171408190217425491881249768462869018685361715731683387032151318962744043
  public y coord: 34543865677651529305850159322517947371865565302662350220806216534186750563495
  parameters: secp256r1 [NIST P-256, X9.62 prime256v1] (1.2.840.10045.3.1.7)
update handshake state: server_key_exchange[12]
upcoming handshake states: certificate_request[13](optional)
upcoming handshake states: server_hello_done[14]
upcoming handshake states: client certificate[11](optional)
upcoming handshake states: client_key_exchange[16]
upcoming handshake states: certificate_verify[15](optional)
upcoming handshake states: client change_cipher_spec[-1]
upcoming handshake states: client finished[20]
upcoming handshake states: server change_cipher_spec[-1]
upcoming handshake states: server finished[20]
*** CertificateRequest
Cert Types: RSA, DSS, ECDSA
Supported Signature Algorithms: SHA512withECDSA, SHA512withRSA, SHA384withECDSA, SHA384withRSA, SHA256withECDSA, SHA256withRSA, SHA256withDSA, SHA1withECDSA, SHA1withRSA, SHA1withDSA
Cert Authorities:
<CN=localhost, OU=ZooKeeper, O=Apache, L=Unknown, ST=Unknown, C=Unknown>
update handshake state: unknown[13]
upcoming handshake states: server_hello_done[14]
upcoming handshake states: client certificate[11](optional)
upcoming handshake states: client_key_exchange[16]
upcoming handshake states: certificate_verify[15](optional)
upcoming handshake states: client change_cipher_spec[-1]
upcoming handshake states: client finished[20]
upcoming handshake states: server change_cipher_spec[-1]
upcoming handshake states: server finished[20]
*** ServerHelloDone
update handshake state: server_hello_done[14]
upcoming handshake states: client certificate[11](optional)
upcoming handshake states: client_key_exchange[16]
upcoming handshake states: certificate_verify[15](optional)
upcoming handshake states: client change_cipher_spec[-1]
upcoming handshake states: client finished[20]
upcoming handshake states: server change_cipher_spec[-1]
upcoming handshake states: server finished[20]
nioEventLoopGroup-4-15, WRITE: TLSv1.2 Handshake, length = 1478
nioEventLoopGroup-5-1, READ: TLSv1.2 Handshake, length = 1478
check handshake state: server_hello[2]
*** ServerHello, TLSv1.2
RandomCookie:  GMT: 1576028770 bytes = { 69, 170, 155, 92, 238, 69, 75, 36, 255, 156, 57, 110, 12, 156, 130, 50, 236, 166, 73, 2, 251, 109, 200, 167, 240, 252, 198, 83 }
Session ID:  {94, 240, 74, 98, 162, 135, 116, 86, 213, 137, 160, 12, 104, 67, 75, 113, 168, 182, 255, 224, 93, 168, 156, 40, 121, 143, 186, 126, 83, 242, 134, 171}
Cipher Suite: TLS_ECDHE_RSA_WITH_AES_256_CBC_SHA384
Compression Method: 0
Extension renegotiation_info, renegotiated_connection: <empty>
Extension extended_master_secret
***
%% Initialized:  [Session-58, TLS_ECDHE_RSA_WITH_AES_256_CBC_SHA384]
** TLS_ECDHE_RSA_WITH_AES_256_CBC_SHA384
update handshake state: server_hello[2]
upcoming handshake states: server certificate[11]
upcoming handshake states: server_key_exchange[12](optional)
upcoming handshake states: certificate_request[13](optional)
upcoming handshake states: server_hello_done[14]
upcoming handshake states: client certificate[11](optional)
upcoming handshake states: client_key_exchange[16]
upcoming handshake states: certificate_verify[15](optional)
upcoming handshake states: client change_cipher_spec[-1]
upcoming handshake states: client finished[20]
upcoming handshake states: server change_cipher_spec[-1]
upcoming handshake states: server finished[20]
check handshake state: certificate[11]
update handshake state: certificate[11]
upcoming handshake states: server_key_exchange[12](optional)
upcoming handshake states: certificate_request[13](optional)
upcoming handshake states: server_hello_done[14]
upcoming handshake states: client certificate[11](optional)
upcoming handshake states: client_key_exchange[16]
upcoming handshake states: certificate_verify[15](optional)
upcoming handshake states: client change_cipher_spec[-1]
upcoming handshake states: client finished[20]
upcoming handshake states: server change_cipher_spec[-1]
upcoming handshake states: server finished[20]
*** Certificate chain
chain [0] = [
[
  Version: V3
  Subject: CN=localhost, OU=ZooKeeper, O=Apache, L=Unknown, ST=Unknown, C=Unknown
  Signature Algorithm: SHA256withRSA, OID = 1.2.840.113549.1.1.11

  Key:  Sun RSA public key, 2048 bits
  params: null
  modulus: 20466894428749997265095448870198652391311568515891366224735448896044144250313384062095901217219702596717622583159291680947094046474456586662132842412743846124470020097713679685492900855417800931365512472314155689881392853768001073664569106127795833231344696659209258027979401908711647617989508135190248980524852215540637603770017238536229773075995665111861820945008718990948857303373661769409475939971958531493423489844433566328219155461676589360491136984327342101195255797973694339642711115427623510874675394946293706606142706174397483349590050687482693164890194014220011640037490528845185364811025836034294701994387
  public exponent: 65537
  Validity: [From: Sat Jan 31 02:57:30 CST 2015,
               To: Wed Feb 08 02:57:30 CST 3015]
  Issuer: CN=localhost, OU=ZooKeeper, O=Apache, L=Unknown, ST=Unknown, C=Unknown
  SerialNumber: [    7334b506]

Certificate Extensions: 1
[1]: ObjectId: 2.5.29.14 Criticality=false
SubjectKeyIdentifier [
KeyIdentifier [
0000: 65 D7 B4 E0 27 45 7A 00   58 2F AD D5 0B 64 2D 77  e...'Ez.X/...d-w
0010: 88 F7 AA F5                                        ....
]
]

]
  Algorithm: [SHA256withRSA]
  Signature:
0000: 1B C8 6B 36 83 1D 28 37   5C 1F 7D F6 C6 84 A0 BF  ..k6..(7\.......
0010: CA C0 47 CF C5 34 70 7A   CF 6B EA 34 84 BE 08 7A  ..G..4pz.k.4...z
0020: 98 E6 3D ED 1D E2 6F 06   DB 23 AB 41 AD D5 DF 1D  ..=...o..#.A....
0030: 92 F4 9D 05 FD 7C EE BE   4A 87 B8 F1 FE F4 5B 79  ........J.....[y
0040: DC AD F7 44 3D 67 08 7A   3B 91 D7 5A 79 44 96 D7  ...D=g.z;..ZyD..
0050: BE 0E 41 C8 64 E3 87 C3   28 11 AB DC 36 F5 B0 AC  ..A.d...(...6...
0060: BD 2F 16 1D 6E A1 52 25   5A EC 6F AD 20 71 5A 1B  ./..n.R%Z.o. qZ.
0070: 66 D4 0D A6 49 B7 75 43   C4 84 0B 4B AC BD 16 76  f...I.uC...K...v
0080: 58 2B 07 85 E2 F1 44 15   1E 67 D1 3C 13 73 5A 2D  X+....D..g.<.sZ-
0090: D6 06 0B A1 D3 09 7E EF   88 F9 C3 0E A4 10 47 EA  ..............G.
00A0: 65 5D CD F0 39 EA 2F 59   1C 08 BC F9 CC 5B C9 BB  e]..9./Y.....[..
00B0: 2F 20 19 81 97 B5 21 BB   60 A4 39 08 6C 41 2A 51  / ....!.`.9.lA*Q
00C0: B1 C3 1A A3 8C F8 ED 67   D0 EE EC 52 01 2A E4 1E  .......g...R.*..
00D0: D2 B4 34 73 DC 7E 34 24   A9 4E 77 AD FD B3 77 0D  ..4s..4$.Nw...w.
00E0: C2 7A C0 65 F6 CC 11 9D   19 AA 59 13 C3 9D AD 5F  .z.e......Y...._
00F0: 61 E6 C2 18 F0 E5 A1 49   41 B5 EF 9E 91 0C 35 9C  a......IA.....5.

]
***
Found trusted certificate:
[
[
  Version: V3
  Subject: CN=localhost, OU=ZooKeeper, O=Apache, L=Unknown, ST=Unknown, C=Unknown
  Signature Algorithm: SHA256withRSA, OID = 1.2.840.113549.1.1.11

  Key:  Sun RSA public key, 2048 bits
  params: null
  modulus: 20466894428749997265095448870198652391311568515891366224735448896044144250313384062095901217219702596717622583159291680947094046474456586662132842412743846124470020097713679685492900855417800931365512472314155689881392853768001073664569106127795833231344696659209258027979401908711647617989508135190248980524852215540637603770017238536229773075995665111861820945008718990948857303373661769409475939971958531493423489844433566328219155461676589360491136984327342101195255797973694339642711115427623510874675394946293706606142706174397483349590050687482693164890194014220011640037490528845185364811025836034294701994387
  public exponent: 65537
  Validity: [From: Sat Jan 31 02:57:30 CST 2015,
               To: Wed Feb 08 02:57:30 CST 3015]
  Issuer: CN=localhost, OU=ZooKeeper, O=Apache, L=Unknown, ST=Unknown, C=Unknown
  SerialNumber: [    7334b506]

Certificate Extensions: 1
[1]: ObjectId: 2.5.29.14 Criticality=false
SubjectKeyIdentifier [
KeyIdentifier [
0000: 65 D7 B4 E0 27 45 7A 00   58 2F AD D5 0B 64 2D 77  e...'Ez.X/...d-w
0010: 88 F7 AA F5                                        ....
]
]

]
  Algorithm: [SHA256withRSA]
  Signature:
0000: 1B C8 6B 36 83 1D 28 37   5C 1F 7D F6 C6 84 A0 BF  ..k6..(7\.......
0010: CA C0 47 CF C5 34 70 7A   CF 6B EA 34 84 BE 08 7A  ..G..4pz.k.4...z
0020: 98 E6 3D ED 1D E2 6F 06   DB 23 AB 41 AD D5 DF 1D  ..=...o..#.A....
0030: 92 F4 9D 05 FD 7C EE BE   4A 87 B8 F1 FE F4 5B 79  ........J.....[y
0040: DC AD F7 44 3D 67 08 7A   3B 91 D7 5A 79 44 96 D7  ...D=g.z;..ZyD..
0050: BE 0E 41 C8 64 E3 87 C3   28 11 AB DC 36 F5 B0 AC  ..A.d...(...6...
0060: BD 2F 16 1D 6E A1 52 25   5A EC 6F AD 20 71 5A 1B  ./..n.R%Z.o. qZ.
0070: 66 D4 0D A6 49 B7 75 43   C4 84 0B 4B AC BD 16 76  f...I.uC...K...v
0080: 58 2B 07 85 E2 F1 44 15   1E 67 D1 3C 13 73 5A 2D  X+....D..g.<.sZ-
0090: D6 06 0B A1 D3 09 7E EF   88 F9 C3 0E A4 10 47 EA  ..............G.
00A0: 65 5D CD F0 39 EA 2F 59   1C 08 BC F9 CC 5B C9 BB  e]..9./Y.....[..
00B0: 2F 20 19 81 97 B5 21 BB   60 A4 39 08 6C 41 2A 51  / ....!.`.9.lA*Q
00C0: B1 C3 1A A3 8C F8 ED 67   D0 EE EC 52 01 2A E4 1E  .......g...R.*..
00D0: D2 B4 34 73 DC 7E 34 24   A9 4E 77 AD FD B3 77 0D  ..4s..4$.Nw...w.
00E0: C2 7A C0 65 F6 CC 11 9D   19 AA 59 13 C3 9D AD 5F  .z.e......Y...._
00F0: 61 E6 C2 18 F0 E5 A1 49   41 B5 EF 9E 91 0C 35 9C  a......IA.....5.

]
2020-06-22 14:06:26,494 [myid:127.0.0.1:30073] - ERROR [nioEventLoopGroup-5-1:ZKTrustManager@161] - Failed to verify host address: 127.0.0.1
javax.net.ssl.SSLPeerUnverifiedException: Certificate for <127.0.0.1> doesn't match common name of the certificate subject: localhost
	at org.apache.zookeeper.common.ZKHostnameVerifier.matchCN(ZKHostnameVerifier.java:238)
	at org.apache.zookeeper.common.ZKHostnameVerifier.verify(ZKHostnameVerifier.java:184)
	at org.apache.zookeeper.common.ZKTrustManager.performHostVerification(ZKTrustManager.java:151)
	at org.apache.zookeeper.common.ZKTrustManager.checkServerTrusted(ZKTrustManager.java:118)
	at sun.security.ssl.ClientHandshaker.serverCertificate(ClientHandshaker.java:1675)
	at sun.security.ssl.ClientHandshaker.processMessage(ClientHandshaker.java:226)
	at sun.security.ssl.Handshaker.processLoop(Handshaker.java:1082)
	at sun.security.ssl.Handshaker$1.run(Handshaker.java:1015)
	at sun.security.ssl.Handshaker$1.run(Handshaker.java:1012)
	at java.security.AccessController.doPrivileged(Native Method)
	at sun.security.ssl.Handshaker$DelegatedTask.run(Handshaker.java:1504)
	at io.netty.handler.ssl.SslHandler.runAllDelegatedTasks(SslHandler.java:1510)
	at io.netty.handler.ssl.SslHandler.runDelegatedTasks(SslHandler.java:1524)
	at io.netty.handler.ssl.SslHandler.unwrap(SslHandler.java:1408)
	at io.netty.handler.ssl.SslHandler.decodeJdkCompatible(SslHandler.java:1235)
	at io.netty.handler.ssl.SslHandler.decode(SslHandler.java:1282)
	at io.netty.handler.codec.ByteToMessageDecoder.decodeRemovalReentryProtection(ByteToMessageDecoder.java:498)
	at io.netty.handler.codec.ByteToMessageDecoder.callDecode(ByteToMessageDecoder.java:437)
	at io.netty.handler.codec.ByteToMessageDecoder.channelRead(ByteToMessageDecoder.java:276)
	at io.netty.channel.AbstractChannelHandlerContext.invokeChannelRead(AbstractChannelHandlerContext.java:379)
	at io.netty.channel.AbstractChannelHandlerContext.invokeChannelRead(AbstractChannelHandlerContext.java:365)
	at io.netty.channel.AbstractChannelHandlerContext.fireChannelRead(AbstractChannelHandlerContext.java:357)
	at io.netty.channel.DefaultChannelPipeline$HeadContext.channelRead(DefaultChannelPipeline.java:1410)
	at io.netty.channel.AbstractChannelHandlerContext.invokeChannelRead(AbstractChannelHandlerContext.java:379)
	at io.netty.channel.AbstractChannelHandlerContext.invokeChannelRead(AbstractChannelHandlerContext.java:365)
	at io.netty.channel.DefaultChannelPipeline.fireChannelRead(DefaultChannelPipeline.java:919)
	at io.netty.channel.nio.AbstractNioByteChannel$NioByteUnsafe.read(AbstractNioByteChannel.java:163)
	at io.netty.channel.nio.NioEventLoop.processSelectedKey(NioEventLoop.java:714)
	at io.netty.channel.nio.NioEventLoop.processSelectedKeysOptimized(NioEventLoop.java:650)
	at io.netty.channel.nio.NioEventLoop.processSelectedKeys(NioEventLoop.java:576)
	at io.netty.channel.nio.NioEventLoop.run(NioEventLoop.java:493)
	at io.netty.util.concurrent.SingleThreadEventExecutor$4.run(SingleThreadEventExecutor.java:989)
	at io.netty.util.internal.ThreadExecutorMap$2.run(ThreadExecutorMap.java:74)
	at io.netty.util.concurrent.FastThreadLocalRunnable.run(FastThreadLocalRunnable.java:30)
	at java.lang.Thread.run(Thread.java:748)
2020-06-22 14:06:26,494 [myid:127.0.0.1:30073] - ERROR [nioEventLoopGroup-5-1:ZKTrustManager@162] - Failed to verify hostname: activate.navicat.com
javax.net.ssl.SSLPeerUnverifiedException: Certificate for <activate.navicat.com> doesn't match common name of the certificate subject: localhost
	at org.apache.zookeeper.common.ZKHostnameVerifier.matchCN(ZKHostnameVerifier.java:238)
	at org.apache.zookeeper.common.ZKHostnameVerifier.verify(ZKHostnameVerifier.java:184)
	at org.apache.zookeeper.common.ZKTrustManager.performHostVerification(ZKTrustManager.java:159)
	at org.apache.zookeeper.common.ZKTrustManager.checkServerTrusted(ZKTrustManager.java:118)
	at sun.security.ssl.ClientHandshaker.serverCertificate(ClientHandshaker.java:1675)
	at sun.security.ssl.ClientHandshaker.processMessage(ClientHandshaker.java:226)
	at sun.security.ssl.Handshaker.processLoop(Handshaker.java:1082)
	at sun.security.ssl.Handshaker$1.run(Handshaker.java:1015)
	at sun.security.ssl.Handshaker$1.run(Handshaker.java:1012)
	at java.security.AccessController.doPrivileged(Native Method)
	at sun.security.ssl.Handshaker$DelegatedTask.run(Handshaker.java:1504)
	at io.netty.handler.ssl.SslHandler.runAllDelegatedTasks(SslHandler.java:1510)
	at io.netty.handler.ssl.SslHandler.runDelegatedTasks(SslHandler.java:1524)
	at io.netty.handler.ssl.SslHandler.unwrap(SslHandler.java:1408)
	at io.netty.handler.ssl.SslHandler.decodeJdkCompatible(SslHandler.java:1235)
	at io.netty.handler.ssl.SslHandler.decode(SslHandler.java:1282)
	at io.netty.handler.codec.ByteToMessageDecoder.decodeRemovalReentryProtection(ByteToMessageDecoder.java:498)
	at io.netty.handler.codec.ByteToMessageDecoder.callDecode(ByteToMessageDecoder.java:437)
	at io.netty.handler.codec.ByteToMessageDecoder.channelRead(ByteToMessageDecoder.java:276)
	at io.netty.channel.AbstractChannelHandlerContext.invokeChannelRead(AbstractChannelHandlerContext.java:379)
	at io.netty.channel.AbstractChannelHandlerContext.invokeChannelRead(AbstractChannelHandlerContext.java:365)
	at io.netty.channel.AbstractChannelHandlerContext.fireChannelRead(AbstractChannelHandlerContext.java:357)
	at io.netty.channel.DefaultChannelPipeline$HeadContext.channelRead(DefaultChannelPipeline.java:1410)
	at io.netty.channel.AbstractChannelHandlerContext.invokeChannelRead(AbstractChannelHandlerContext.java:379)
	at io.netty.channel.AbstractChannelHandlerContext.invokeChannelRead(AbstractChannelHandlerContext.java:365)
	at io.netty.channel.DefaultChannelPipeline.fireChannelRead(DefaultChannelPipeline.java:919)
	at io.netty.channel.nio.AbstractNioByteChannel$NioByteUnsafe.read(AbstractNioByteChannel.java:163)
	at io.netty.channel.nio.NioEventLoop.processSelectedKey(NioEventLoop.java:714)
	at io.netty.channel.nio.NioEventLoop.processSelectedKeysOptimized(NioEventLoop.java:650)
	at io.netty.channel.nio.NioEventLoop.processSelectedKeys(NioEventLoop.java:576)
	at io.netty.channel.nio.NioEventLoop.run(NioEventLoop.java:493)
	at io.netty.util.concurrent.SingleThreadEventExecutor$4.run(SingleThreadEventExecutor.java:989)
	at io.netty.util.internal.ThreadExecutorMap$2.run(ThreadExecutorMap.java:74)
	at io.netty.util.concurrent.FastThreadLocalRunnable.run(FastThreadLocalRunnable.java:30)
	at java.lang.Thread.run(Thread.java:748)
nioEventLoopGroup-5-1, fatal error: 46: General SSLEngine problem
java.security.cert.CertificateException: Failed to verify both host address and host name
%% Invalidated:  [Session-55, SSL_NULL_WITH_NULL_NULL]
%% Invalidated:  [Session-58, TLS_ECDHE_RSA_WITH_AES_256_CBC_SHA384]
nioEventLoopGroup-5-1, SEND TLSv1.2 ALERT:  fatal, description = certificate_unknown
nioEventLoopGroup-5-1, WRITE: TLSv1.2 Alert, length = 2
nioEventLoopGroup-5-1, fatal: engine already closed.  Rethrowing javax.net.ssl.SSLHandshakeException: General SSLEngine problem
nioEventLoopGroup-5-1, called closeOutbound()
nioEventLoopGroup-5-1, closeOutboundInternal()
nioEventLoopGroup-5-1, called closeInbound()
nioEventLoopGroup-5-1, fatal: engine already closed.  Rethrowing javax.net.ssl.SSLException: Inbound closed before receiving peer's close_notify: possible truncation attack?
nioEventLoopGroup-4-15, READ: TLSv1.2 Alert, length = 2
nioEventLoopGroup-4-15, RECV TLSv1.2 ALERT:  fatal, certificate_unknown
nioEventLoopGroup-4-15, fatal: engine already closed.  Rethrowing javax.net.ssl.SSLException: Received fatal alert: certificate_unknown
nioEventLoopGroup-4-15, fatal: engine already closed.  Rethrowing javax.net.ssl.SSLException: Received fatal alert: certificate_unknown
2020-06-22 14:06:26,496 [myid:] - ERROR [nioEventLoopGroup-4-15:NettyServerCnxnFactory$CertificateVerifier@434] - Unsuccessful handshake with session 0x0
nioEventLoopGroup-4-15, called closeOutbound()
nioEventLoopGroup-4-15, closeOutboundInternal()
nioEventLoopGroup-4-15, SEND TLSv1.2 ALERT:  warning, description = close_notify
nioEventLoopGroup-4-15, WRITE: TLSv1.2 Alert, length = 2
nioEventLoopGroup-4-15, called closeInbound()
nioEventLoopGroup-4-15, fatal: engine already closed.  Rethrowing javax.net.ssl.SSLException: Inbound closed before receiving peer's close_notify: possible truncation attack?
2020-06-22 14:06:26,496 [myid:127.0.0.1:30073] - ERROR [nioEventLoopGroup-5-1:ClientCnxnSocketNetty$ZKClientHandler@522] - Unexpected throwable
io.netty.handler.codec.DecoderException: javax.net.ssl.SSLHandshakeException: General SSLEngine problem
	at io.netty.handler.codec.ByteToMessageDecoder.callDecode(ByteToMessageDecoder.java:468)
	at io.netty.handler.codec.ByteToMessageDecoder.channelRead(ByteToMessageDecoder.java:276)
	at io.netty.channel.AbstractChannelHandlerContext.invokeChannelRead(AbstractChannelHandlerContext.java:379)
	at io.netty.channel.AbstractChannelHandlerContext.invokeChannelRead(AbstractChannelHandlerContext.java:365)
	at io.netty.channel.AbstractChannelHandlerContext.fireChannelRead(AbstractChannelHandlerContext.java:357)
	at io.netty.channel.DefaultChannelPipeline$HeadContext.channelRead(DefaultChannelPipeline.java:1410)
	at io.netty.channel.AbstractChannelHandlerContext.invokeChannelRead(AbstractChannelHandlerContext.java:379)
	at io.netty.channel.AbstractChannelHandlerContext.invokeChannelRead(AbstractChannelHandlerContext.java:365)
	at io.netty.channel.DefaultChannelPipeline.fireChannelRead(DefaultChannelPipeline.java:919)
	at io.netty.channel.nio.AbstractNioByteChannel$NioByteUnsafe.read(AbstractNioByteChannel.java:163)
	at io.netty.channel.nio.NioEventLoop.processSelectedKey(NioEventLoop.java:714)
	at io.netty.channel.nio.NioEventLoop.processSelectedKeysOptimized(NioEventLoop.java:650)
	at io.netty.channel.nio.NioEventLoop.processSelectedKeys(NioEventLoop.java:576)
	at io.netty.channel.nio.NioEventLoop.run(NioEventLoop.java:493)
	at io.netty.util.concurrent.SingleThreadEventExecutor$4.run(SingleThreadEventExecutor.java:989)
	at io.netty.util.internal.ThreadExecutorMap$2.run(ThreadExecutorMap.java:74)
	at io.netty.util.concurrent.FastThreadLocalRunnable.run(FastThreadLocalRunnable.java:30)
	at java.lang.Thread.run(Thread.java:748)
Caused by: javax.net.ssl.SSLHandshakeException: General SSLEngine problem
	at sun.security.ssl.Handshaker.checkThrown(Handshaker.java:1566)
	at sun.security.ssl.SSLEngineImpl.checkTaskThrown(SSLEngineImpl.java:545)
	at sun.security.ssl.SSLEngineImpl.readNetRecord(SSLEngineImpl.java:819)
	at sun.security.ssl.SSLEngineImpl.unwrap(SSLEngineImpl.java:783)
	at javax.net.ssl.SSLEngine.unwrap(SSLEngine.java:626)
	at io.netty.handler.ssl.SslHandler$SslEngineType$3.unwrap(SslHandler.java:281)
	at io.netty.handler.ssl.SslHandler.unwrap(SslHandler.java:1340)
	at io.netty.handler.ssl.SslHandler.decodeJdkCompatible(SslHandler.java:1235)
	at io.netty.handler.ssl.SslHandler.decode(SslHandler.java:1282)
	at io.netty.handler.codec.ByteToMessageDecoder.decodeRemovalReentryProtection(ByteToMessageDecoder.java:498)
	at io.netty.handler.codec.ByteToMessageDecoder.callDecode(ByteToMessageDecoder.java:437)
	... 17 more
Caused by: javax.net.ssl.SSLHandshakeException: General SSLEngine problem
	at sun.security.ssl.Alerts.getSSLException(Alerts.java:198)
	at sun.security.ssl.SSLEngineImpl.fatal(SSLEngineImpl.java:1729)
	at sun.security.ssl.Handshaker.fatalSE(Handshaker.java:333)
	at sun.security.ssl.Handshaker.fatalSE(Handshaker.java:325)
	at sun.security.ssl.ClientHandshaker.serverCertificate(ClientHandshaker.java:1688)
	at sun.security.ssl.ClientHandshaker.processMessage(ClientHandshaker.java:226)
	at sun.security.ssl.Handshaker.processLoop(Handshaker.java:1082)
	at sun.security.ssl.Handshaker$1.run(Handshaker.java:1015)
	at sun.security.ssl.Handshaker$1.run(Handshaker.java:1012)
	at java.security.AccessController.doPrivileged(Native Method)
	at sun.security.ssl.Handshaker$DelegatedTask.run(Handshaker.java:1504)
	at io.netty.handler.ssl.SslHandler.runAllDelegatedTasks(SslHandler.java:1510)
	at io.netty.handler.ssl.SslHandler.runDelegatedTasks(SslHandler.java:1524)
	at io.netty.handler.ssl.SslHandler.unwrap(SslHandler.java:1408)
	... 21 more
Caused by: java.security.cert.CertificateException: Failed to verify both host address and host name
	at org.apache.zookeeper.common.ZKTrustManager.performHostVerification(ZKTrustManager.java:163)
	at org.apache.zookeeper.common.ZKTrustManager.checkServerTrusted(ZKTrustManager.java:118)
	at sun.security.ssl.ClientHandshaker.serverCertificate(ClientHandshaker.java:1675)
	... 30 more
Caused by: javax.net.ssl.SSLPeerUnverifiedException: Certificate for <activate.navicat.com> doesn't match common name of the certificate subject: localhost
	at org.apache.zookeeper.common.ZKHostnameVerifier.matchCN(ZKHostnameVerifier.java:238)
	at org.apache.zookeeper.common.ZKHostnameVerifier.verify(ZKHostnameVerifier.java:184)
	at org.apache.zookeeper.common.ZKTrustManager.performHostVerification(ZKTrustManager.java:159)
	... 32 more
2020-06-22 14:06:26,497 [myid:127.0.0.1:30073] - INFO  [nioEventLoopGroup-5-1:ClientCnxnSocketNetty@249] - channel is told closing
nioEventLoopGroup-5-1, called closeOutbound()
nioEventLoopGroup-5-1, closeOutboundInternal()
2020-06-22 14:06:26,497 [myid:] - WARN  [nioEventLoopGroup-4-15:NettyServerCnxnFactory$CnxnChannelHandler@273] - Exception caught
io.netty.handler.codec.DecoderException: javax.net.ssl.SSLException: Received fatal alert: certificate_unknown
	at io.netty.handler.codec.ByteToMessageDecoder.callDecode(ByteToMessageDecoder.java:468)
	at io.netty.handler.codec.ByteToMessageDecoder.channelRead(ByteToMessageDecoder.java:276)
	at io.netty.channel.AbstractChannelHandlerContext.invokeChannelRead(AbstractChannelHandlerContext.java:379)
	at io.netty.channel.AbstractChannelHandlerContext.invokeChannelRead(AbstractChannelHandlerContext.java:365)
	at io.netty.channel.AbstractChannelHandlerContext.fireChannelRead(AbstractChannelHandlerContext.java:357)
	at io.netty.channel.DefaultChannelPipeline$HeadContext.channelRead(DefaultChannelPipeline.java:1410)
	at io.netty.channel.AbstractChannelHandlerContext.invokeChannelRead(AbstractChannelHandlerContext.java:379)
	at io.netty.channel.AbstractChannelHandlerContext.invokeChannelRead(AbstractChannelHandlerContext.java:365)
	at io.netty.channel.DefaultChannelPipeline.fireChannelRead(DefaultChannelPipeline.java:919)
	at io.netty.channel.nio.AbstractNioByteChannel$NioByteUnsafe.read(AbstractNioByteChannel.java:163)
	at io.netty.channel.nio.NioEventLoop.processSelectedKey(NioEventLoop.java:714)
	at io.netty.channel.nio.NioEventLoop.processSelectedKeysOptimized(NioEventLoop.java:650)
	at io.netty.channel.nio.NioEventLoop.processSelectedKeys(NioEventLoop.java:576)
	at io.netty.channel.nio.NioEventLoop.run(NioEventLoop.java:493)
	at io.netty.util.concurrent.SingleThreadEventExecutor$4.run(SingleThreadEventExecutor.java:989)
	at io.netty.util.internal.ThreadExecutorMap$2.run(ThreadExecutorMap.java:74)
	at io.netty.util.concurrent.FastThreadLocalRunnable.run(FastThreadLocalRunnable.java:30)
	at java.lang.Thread.run(Thread.java:748)
Caused by: javax.net.ssl.SSLException: Received fatal alert: certificate_unknown
	at sun.security.ssl.Alerts.getSSLException(Alerts.java:214)
	at sun.security.ssl.SSLEngineImpl.fatal(SSLEngineImpl.java:1667)
	at sun.security.ssl.SSLEngineImpl.fatal(SSLEngineImpl.java:1635)
	at sun.security.ssl.SSLEngineImpl.recvAlert(SSLEngineImpl.java:1801)
	at sun.security.ssl.SSLEngineImpl.readRecord(SSLEngineImpl.java:1090)
	at sun.security.ssl.SSLEngineImpl.readNetRecord(SSLEngineImpl.java:913)
	at sun.security.ssl.SSLEngineImpl.unwrap(SSLEngineImpl.java:783)
	at javax.net.ssl.SSLEngine.unwrap(SSLEngine.java:626)
	at io.netty.handler.ssl.SslHandler$SslEngineType$3.unwrap(SslHandler.java:281)
	at io.netty.handler.ssl.SslHandler.unwrap(SslHandler.java:1340)
	at io.netty.handler.ssl.SslHandler.decodeJdkCompatible(SslHandler.java:1235)
	at io.netty.handler.ssl.SslHandler.decode(SslHandler.java:1282)
	at io.netty.handler.codec.ByteToMessageDecoder.decodeRemovalReentryProtection(ByteToMessageDecoder.java:498)
	at io.netty.handler.codec.ByteToMessageDecoder.callDecode(ByteToMessageDecoder.java:437)
	... 17 more
nioEventLoopGroup-4-15, called closeOutbound()
nioEventLoopGroup-4-15, closeOutboundInternal()
2020-06-22 14:06:26,497 [myid:127.0.0.1:30073] - WARN  [main-SendThread(127.0.0.1:30073):ClientCnxn$SendThread@1272] - Session 0x0 for sever activate.navicat.com/127.0.0.1:30073, Closing socket connection. Attempting reconnect except it is a SessionExpiredException.
EndOfStreamException: channel for sessionid 0x0 is lost
	at org.apache.zookeeper.ClientCnxnSocketNetty.doTransport(ClientCnxnSocketNetty.java:285)
	at org.apache.zookeeper.ClientCnxn$SendThread.run(ClientCnxn.java:1262)
nioEventLoopGroup-4-15, READ: TLSv1.2 Alert, length = 2
nioEventLoopGroup-4-15, RECV TLSv1.2 ALERT:  fatal, certificate_unknown
nioEventLoopGroup-4-15, fatal: engine already closed.  Rethrowing javax.net.ssl.SSLException: Received fatal alert: certificate_unknown
nioEventLoopGroup-4-15, fatal: engine already closed.  Rethrowing javax.net.ssl.SSLException: Received fatal alert: certificate_unknown
2020-06-22 14:06:26,497 [myid:127.0.0.1:30073] - INFO  [nioEventLoopGroup-5-1:ClientCnxnSocketNetty$ZKClientHandler@469] - channel is disconnected: [id: 0x0330d5a9, L:/127.0.0.1:55009 ! R:activate.navicat.com/127.0.0.1:30073]
nioEventLoopGroup-4-15, called closeOutbound()
nioEventLoopGroup-4-15, closeOutboundInternal()
nioEventLoopGroup-4-15, called closeInbound()
nioEventLoopGroup-4-15, closeInboundInternal()
nioEventLoopGroup-4-15, closeOutboundInternal()
2020-06-22 14:06:26,498 [myid:] - WARN  [nioEventLoopGroup-4-15:NettyServerCnxnFactory$CnxnChannelHandler@273] - Exception caught
io.netty.handler.codec.DecoderException: javax.net.ssl.SSLException: Received fatal alert: certificate_unknown
	at io.netty.handler.codec.ByteToMessageDecoder.callDecode(ByteToMessageDecoder.java:468)
	at io.netty.handler.codec.ByteToMessageDecoder.channelInputClosed(ByteToMessageDecoder.java:401)
	at io.netty.handler.codec.ByteToMessageDecoder.channelInputClosed(ByteToMessageDecoder.java:368)
	at io.netty.handler.codec.ByteToMessageDecoder.channelInactive(ByteToMessageDecoder.java:351)
	at io.netty.handler.ssl.SslHandler.channelInactive(SslHandler.java:1084)
	at io.netty.channel.AbstractChannelHandlerContext.invokeChannelInactive(AbstractChannelHandlerContext.java:262)
	at io.netty.channel.AbstractChannelHandlerContext.invokeChannelInactive(AbstractChannelHandlerContext.java:248)
	at io.netty.channel.AbstractChannelHandlerContext.fireChannelInactive(AbstractChannelHandlerContext.java:241)
	at io.netty.channel.DefaultChannelPipeline$HeadContext.channelInactive(DefaultChannelPipeline.java:1405)
	at io.netty.channel.AbstractChannelHandlerContext.invokeChannelInactive(AbstractChannelHandlerContext.java:262)
	at io.netty.channel.AbstractChannelHandlerContext.invokeChannelInactive(AbstractChannelHandlerContext.java:248)
	at io.netty.channel.DefaultChannelPipeline.fireChannelInactive(DefaultChannelPipeline.java:901)
	at io.netty.channel.AbstractChannel$AbstractUnsafe$8.run(AbstractChannel.java:818)
	at io.netty.util.concurrent.AbstractEventExecutor.safeExecute(AbstractEventExecutor.java:164)
	at io.netty.util.concurrent.SingleThreadEventExecutor.runAllTasks(SingleThreadEventExecutor.java:472)
	at io.netty.channel.nio.NioEventLoop.run(NioEventLoop.java:497)
	at io.netty.util.concurrent.SingleThreadEventExecutor$4.run(SingleThreadEventExecutor.java:989)
	at io.netty.util.internal.ThreadExecutorMap$2.run(ThreadExecutorMap.java:74)
	at io.netty.util.concurrent.FastThreadLocalRunnable.run(FastThreadLocalRunnable.java:30)
	at java.lang.Thread.run(Thread.java:748)
Caused by: javax.net.ssl.SSLException: Received fatal alert: certificate_unknown
	at sun.security.ssl.Alerts.getSSLException(Alerts.java:214)
	at sun.security.ssl.SSLEngineImpl.fatal(SSLEngineImpl.java:1667)
	at sun.security.ssl.SSLEngineImpl.fatal(SSLEngineImpl.java:1635)
	at sun.security.ssl.SSLEngineImpl.recvAlert(SSLEngineImpl.java:1801)
	at sun.security.ssl.SSLEngineImpl.readRecord(SSLEngineImpl.java:1090)
	at sun.security.ssl.SSLEngineImpl.readNetRecord(SSLEngineImpl.java:913)
	at sun.security.ssl.SSLEngineImpl.unwrap(SSLEngineImpl.java:783)
	at javax.net.ssl.SSLEngine.unwrap(SSLEngine.java:626)
	at io.netty.handler.ssl.SslHandler$SslEngineType$3.unwrap(SslHandler.java:281)
	at io.netty.handler.ssl.SslHandler.unwrap(SslHandler.java:1340)
	at io.netty.handler.ssl.SslHandler.decodeJdkCompatible(SslHandler.java:1235)
	at io.netty.handler.ssl.SslHandler.decode(SslHandler.java:1282)
	at io.netty.handler.codec.ByteToMessageDecoder.decodeRemovalReentryProtection(ByteToMessageDecoder.java:498)
	at io.netty.handler.codec.ByteToMessageDecoder.callDecode(ByteToMessageDecoder.java:437)
	... 19 more
2020-06-22 14:06:27,838 [myid:127.0.0.1:30073] - INFO  [main-SendThread(127.0.0.1:30073):ClientCnxn$SendThread@1154] - Opening socket connection to server activate.navicat.com/127.0.0.1:30073.
2020-06-22 14:06:27,838 [myid:127.0.0.1:30073] - INFO  [main-SendThread(127.0.0.1:30073):ClientCnxn$SendThread@1156] - SASL config status: Will not attempt to authenticate using SASL (unknown error)
adding as trusted cert:
  Subject: CN=localhost, OU=ZooKeeper, O=Apache, L=Unknown, ST=Unknown, C=Unknown
  Issuer:  CN=localhost, OU=ZooKeeper, O=Apache, L=Unknown, ST=Unknown, C=Unknown
  Algorithm: RSA; Serial number: 0x7334b506
  Valid from Sat Jan 31 02:57:30 CST 2015 until Wed Feb 08 02:57:30 CST 3015

trigger seeding of SecureRandom
done seeding SecureRandom
Using SSLEngineImpl.
%% Initialized:  [Session-59, SSL_NULL_WITH_NULL_NULL]
2020-06-22 14:06:27,840 [myid:127.0.0.1:30073] - INFO  [nioEventLoopGroup-5-1:ClientCnxnSocketNetty$ZKClientPipelineFactory@454] - SSL handler added for channel: [id: 0x08198317]
2020-06-22 14:06:27,841 [myid:127.0.0.1:30073] - INFO  [nioEventLoopGroup-5-1:ClientCnxn$SendThread@986] - Socket connection established, initiating session, client: /127.0.0.1:55045, server: activate.navicat.com/127.0.0.1:30073
2020-06-22 14:06:27,841 [myid:127.0.0.1:30073] - INFO  [nioEventLoopGroup-5-1:ClientCnxnSocketNetty$1@184] - channel is connected: [id: 0x08198317, L:/127.0.0.1:55045 - R:activate.navicat.com/127.0.0.1:30073]
Allow unsafe renegotiation: false
Allow legacy hello messages: true
Is initial handshake: true
Is secure renegotiation: false
Ignoring unsupported cipher suite: TLS_ECDHE_ECDSA_WITH_AES_256_CBC_SHA384 for TLSv1
Ignoring unsupported cipher suite: TLS_ECDHE_RSA_WITH_AES_256_CBC_SHA384 for TLSv1
Ignoring unsupported cipher suite: TLS_RSA_WITH_AES_256_CBC_SHA256 for TLSv1
Ignoring unsupported cipher suite: TLS_ECDH_ECDSA_WITH_AES_256_CBC_SHA384 for TLSv1
Ignoring unsupported cipher suite: TLS_ECDH_RSA_WITH_AES_256_CBC_SHA384 for TLSv1
Ignoring unsupported cipher suite: TLS_DHE_RSA_WITH_AES_256_CBC_SHA256 for TLSv1
Ignoring unsupported cipher suite: TLS_DHE_DSS_WITH_AES_256_CBC_SHA256 for TLSv1
Ignoring unsupported cipher suite: TLS_ECDHE_ECDSA_WITH_AES_256_CBC_SHA384 for TLSv1.1
Ignoring unsupported cipher suite: TLS_ECDHE_RSA_WITH_AES_256_CBC_SHA384 for TLSv1.1
Ignoring unsupported cipher suite: TLS_RSA_WITH_AES_256_CBC_SHA256 for TLSv1.1
Ignoring unsupported cipher suite: TLS_ECDH_ECDSA_WITH_AES_256_CBC_SHA384 for TLSv1.1
Ignoring unsupported cipher suite: TLS_ECDH_RSA_WITH_AES_256_CBC_SHA384 for TLSv1.1
Ignoring unsupported cipher suite: TLS_DHE_RSA_WITH_AES_256_CBC_SHA256 for TLSv1.1
Ignoring unsupported cipher suite: TLS_DHE_DSS_WITH_AES_256_CBC_SHA256 for TLSv1.1
%% No cached client session
update handshake state: client_hello[1]
upcoming handshake states: server_hello[2]
*** ClientHello, TLSv1.2
RandomCookie:  GMT: 1576028771 bytes = { 145, 144, 90, 21, 120, 88, 182, 106, 117, 153, 129, 226, 21, 242, 91, 107, 6, 211, 116, 143, 38, 75, 245, 136, 127, 214, 26, 201 }
Session ID:  {}
Cipher Suites: [TLS_ECDHE_ECDSA_WITH_AES_256_CBC_SHA384, TLS_ECDHE_RSA_WITH_AES_256_CBC_SHA384, TLS_RSA_WITH_AES_256_CBC_SHA256, TLS_ECDH_ECDSA_WITH_AES_256_CBC_SHA384, TLS_ECDH_RSA_WITH_AES_256_CBC_SHA384, TLS_DHE_RSA_WITH_AES_256_CBC_SHA256, TLS_DHE_DSS_WITH_AES_256_CBC_SHA256, TLS_ECDHE_ECDSA_WITH_AES_256_CBC_SHA, TLS_ECDHE_RSA_WITH_AES_256_CBC_SHA, TLS_RSA_WITH_AES_256_CBC_SHA, TLS_ECDH_ECDSA_WITH_AES_256_CBC_SHA, TLS_ECDH_RSA_WITH_AES_256_CBC_SHA, TLS_DHE_RSA_WITH_AES_256_CBC_SHA, TLS_DHE_DSS_WITH_AES_256_CBC_SHA, TLS_ECDHE_ECDSA_WITH_AES_128_CBC_SHA256, TLS_ECDHE_RSA_WITH_AES_128_CBC_SHA256, TLS_RSA_WITH_AES_128_CBC_SHA256, TLS_ECDH_ECDSA_WITH_AES_128_CBC_SHA256, TLS_ECDH_RSA_WITH_AES_128_CBC_SHA256, TLS_DHE_RSA_WITH_AES_128_CBC_SHA256, TLS_DHE_DSS_WITH_AES_128_CBC_SHA256, TLS_ECDHE_ECDSA_WITH_AES_128_CBC_SHA, TLS_ECDHE_RSA_WITH_AES_128_CBC_SHA, TLS_RSA_WITH_AES_128_CBC_SHA, TLS_ECDH_ECDSA_WITH_AES_128_CBC_SHA, TLS_ECDH_RSA_WITH_AES_128_CBC_SHA, TLS_DHE_RSA_WITH_AES_128_CBC_SHA, TLS_DHE_DSS_WITH_AES_128_CBC_SHA, TLS_ECDHE_ECDSA_WITH_AES_256_GCM_SHA384, TLS_ECDHE_ECDSA_WITH_AES_128_GCM_SHA256, TLS_ECDHE_RSA_WITH_AES_256_GCM_SHA384, TLS_RSA_WITH_AES_256_GCM_SHA384, TLS_ECDH_ECDSA_WITH_AES_256_GCM_SHA384, TLS_ECDH_RSA_WITH_AES_256_GCM_SHA384, TLS_DHE_RSA_WITH_AES_256_GCM_SHA384, TLS_DHE_DSS_WITH_AES_256_GCM_SHA384, TLS_ECDHE_RSA_WITH_AES_128_GCM_SHA256, TLS_RSA_WITH_AES_128_GCM_SHA256, TLS_ECDH_ECDSA_WITH_AES_128_GCM_SHA256, TLS_ECDH_RSA_WITH_AES_128_GCM_SHA256, TLS_DHE_RSA_WITH_AES_128_GCM_SHA256, TLS_DHE_DSS_WITH_AES_128_GCM_SHA256, TLS_EMPTY_RENEGOTIATION_INFO_SCSV]
Compression Methods:  { 0 }
Extension elliptic_curves, curve names: {secp256r1, secp384r1, secp521r1}
Extension ec_point_formats, formats: [uncompressed]
Extension signature_algorithms, signature_algorithms: SHA512withECDSA, SHA512withRSA, SHA384withECDSA, SHA384withRSA, SHA256withECDSA, SHA256withRSA, SHA256withDSA, SHA1withECDSA, SHA1withRSA, SHA1withDSA
Extension extended_master_secret
Extension server_name, server_name: [type=host_name (0), value=activate.navicat.com]
***
nioEventLoopGroup-5-1, WRITE: TLSv1.2 Handshake, length = 208
trigger seeding of SecureRandom
done seeding SecureRandom
Using SSLEngineImpl.
%% Initialized:  [Session-60, SSL_NULL_WITH_NULL_NULL]
Allow unsafe renegotiation: false
Allow legacy hello messages: true
Is initial handshake: true
Is secure renegotiation: false
nioEventLoopGroup-4-16, READ: TLSv1.2 Handshake, length = 208
check handshake state: client_hello[1]
update handshake state: client_hello[1]
upcoming handshake states: server_hello[2]
*** ClientHello, TLSv1.2
RandomCookie:  GMT: 1576028771 bytes = { 145, 144, 90, 21, 120, 88, 182, 106, 117, 153, 129, 226, 21, 242, 91, 107, 6, 211, 116, 143, 38, 75, 245, 136, 127, 214, 26, 201 }
Session ID:  {}
Cipher Suites: [TLS_ECDHE_ECDSA_WITH_AES_256_CBC_SHA384, TLS_ECDHE_RSA_WITH_AES_256_CBC_SHA384, TLS_RSA_WITH_AES_256_CBC_SHA256, TLS_ECDH_ECDSA_WITH_AES_256_CBC_SHA384, TLS_ECDH_RSA_WITH_AES_256_CBC_SHA384, TLS_DHE_RSA_WITH_AES_256_CBC_SHA256, TLS_DHE_DSS_WITH_AES_256_CBC_SHA256, TLS_ECDHE_ECDSA_WITH_AES_256_CBC_SHA, TLS_ECDHE_RSA_WITH_AES_256_CBC_SHA, TLS_RSA_WITH_AES_256_CBC_SHA, TLS_ECDH_ECDSA_WITH_AES_256_CBC_SHA, TLS_ECDH_RSA_WITH_AES_256_CBC_SHA, TLS_DHE_RSA_WITH_AES_256_CBC_SHA, TLS_DHE_DSS_WITH_AES_256_CBC_SHA, TLS_ECDHE_ECDSA_WITH_AES_128_CBC_SHA256, TLS_ECDHE_RSA_WITH_AES_128_CBC_SHA256, TLS_RSA_WITH_AES_128_CBC_SHA256, TLS_ECDH_ECDSA_WITH_AES_128_CBC_SHA256, TLS_ECDH_RSA_WITH_AES_128_CBC_SHA256, TLS_DHE_RSA_WITH_AES_128_CBC_SHA256, TLS_DHE_DSS_WITH_AES_128_CBC_SHA256, TLS_ECDHE_ECDSA_WITH_AES_128_CBC_SHA, TLS_ECDHE_RSA_WITH_AES_128_CBC_SHA, TLS_RSA_WITH_AES_128_CBC_SHA, TLS_ECDH_ECDSA_WITH_AES_128_CBC_SHA, TLS_ECDH_RSA_WITH_AES_128_CBC_SHA, TLS_DHE_RSA_WITH_AES_128_CBC_SHA, TLS_DHE_DSS_WITH_AES_128_CBC_SHA, TLS_ECDHE_ECDSA_WITH_AES_256_GCM_SHA384, TLS_ECDHE_ECDSA_WITH_AES_128_GCM_SHA256, TLS_ECDHE_RSA_WITH_AES_256_GCM_SHA384, TLS_RSA_WITH_AES_256_GCM_SHA384, TLS_ECDH_ECDSA_WITH_AES_256_GCM_SHA384, TLS_ECDH_RSA_WITH_AES_256_GCM_SHA384, TLS_DHE_RSA_WITH_AES_256_GCM_SHA384, TLS_DHE_DSS_WITH_AES_256_GCM_SHA384, TLS_ECDHE_RSA_WITH_AES_128_GCM_SHA256, TLS_RSA_WITH_AES_128_GCM_SHA256, TLS_ECDH_ECDSA_WITH_AES_128_GCM_SHA256, TLS_ECDH_RSA_WITH_AES_128_GCM_SHA256, TLS_DHE_RSA_WITH_AES_128_GCM_SHA256, TLS_DHE_DSS_WITH_AES_128_GCM_SHA256, TLS_EMPTY_RENEGOTIATION_INFO_SCSV]
Compression Methods:  { 0 }
Extension elliptic_curves, curve names: {secp256r1, secp384r1, secp521r1}
Extension ec_point_formats, formats: [uncompressed]
Extension signature_algorithms, signature_algorithms: SHA512withECDSA, SHA512withRSA, SHA384withECDSA, SHA384withRSA, SHA256withECDSA, SHA256withRSA, SHA256withDSA, SHA1withECDSA, SHA1withRSA, SHA1withDSA
Extension extended_master_secret
Extension server_name, server_name: [type=host_name (0), value=activate.navicat.com]
***
%% Initialized:  [Session-61, SSL_NULL_WITH_NULL_NULL]
Standard ciphersuite chosen: TLS_ECDHE_RSA_WITH_AES_256_CBC_SHA384
%% Negotiating:  [Session-61, TLS_ECDHE_RSA_WITH_AES_256_CBC_SHA384]
*** ServerHello, TLSv1.2
RandomCookie:  GMT: 1576028771 bytes = { 26, 99, 14, 151, 80, 84, 88, 179, 165, 246, 37, 23, 207, 190, 190, 195, 83, 14, 81, 89, 160, 178, 168, 249, 160, 161, 221, 226 }
Session ID:  {94, 240, 74, 99, 90, 89, 157, 194, 143, 80, 158, 61, 137, 58, 22, 171, 51, 0, 215, 212, 49, 19, 201, 8, 91, 114, 28, 12, 3, 16, 246, 44}
Cipher Suite: TLS_ECDHE_RSA_WITH_AES_256_CBC_SHA384
Compression Method: 0
Extension renegotiation_info, renegotiated_connection: <empty>
Extension extended_master_secret
***
Cipher suite:  TLS_ECDHE_RSA_WITH_AES_256_CBC_SHA384
update handshake state: server_hello[2]
upcoming handshake states: server certificate[11]
upcoming handshake states: server_key_exchange[12](optional)
upcoming handshake states: certificate_request[13](optional)
upcoming handshake states: server_hello_done[14]
upcoming handshake states: client certificate[11](optional)
upcoming handshake states: client_key_exchange[16]
upcoming handshake states: certificate_verify[15](optional)
upcoming handshake states: client change_cipher_spec[-1]
upcoming handshake states: client finished[20]
upcoming handshake states: server change_cipher_spec[-1]
upcoming handshake states: server finished[20]
*** Certificate chain
chain [0] = [
[
  Version: V3
  Subject: CN=localhost, OU=ZooKeeper, O=Apache, L=Unknown, ST=Unknown, C=Unknown
  Signature Algorithm: SHA256withRSA, OID = 1.2.840.113549.1.1.11

  Key:  Sun RSA public key, 2048 bits
  params: null
  modulus: 20466894428749997265095448870198652391311568515891366224735448896044144250313384062095901217219702596717622583159291680947094046474456586662132842412743846124470020097713679685492900855417800931365512472314155689881392853768001073664569106127795833231344696659209258027979401908711647617989508135190248980524852215540637603770017238536229773075995665111861820945008718990948857303373661769409475939971958531493423489844433566328219155461676589360491136984327342101195255797973694339642711115427623510874675394946293706606142706174397483349590050687482693164890194014220011640037490528845185364811025836034294701994387
  public exponent: 65537
  Validity: [From: Sat Jan 31 02:57:30 CST 2015,
               To: Wed Feb 08 02:57:30 CST 3015]
  Issuer: CN=localhost, OU=ZooKeeper, O=Apache, L=Unknown, ST=Unknown, C=Unknown
  SerialNumber: [    7334b506]

Certificate Extensions: 1
[1]: ObjectId: 2.5.29.14 Criticality=false
SubjectKeyIdentifier [
KeyIdentifier [
0000: 65 D7 B4 E0 27 45 7A 00   58 2F AD D5 0B 64 2D 77  e...'Ez.X/...d-w
0010: 88 F7 AA F5                                        ....
]
]

]
  Algorithm: [SHA256withRSA]
  Signature:
0000: 1B C8 6B 36 83 1D 28 37   5C 1F 7D F6 C6 84 A0 BF  ..k6..(7\.......
0010: CA C0 47 CF C5 34 70 7A   CF 6B EA 34 84 BE 08 7A  ..G..4pz.k.4...z
0020: 98 E6 3D ED 1D E2 6F 06   DB 23 AB 41 AD D5 DF 1D  ..=...o..#.A....
0030: 92 F4 9D 05 FD 7C EE BE   4A 87 B8 F1 FE F4 5B 79  ........J.....[y
0040: DC AD F7 44 3D 67 08 7A   3B 91 D7 5A 79 44 96 D7  ...D=g.z;..ZyD..
0050: BE 0E 41 C8 64 E3 87 C3   28 11 AB DC 36 F5 B0 AC  ..A.d...(...6...
0060: BD 2F 16 1D 6E A1 52 25   5A EC 6F AD 20 71 5A 1B  ./..n.R%Z.o. qZ.
0070: 66 D4 0D A6 49 B7 75 43   C4 84 0B 4B AC BD 16 76  f...I.uC...K...v
0080: 58 2B 07 85 E2 F1 44 15   1E 67 D1 3C 13 73 5A 2D  X+....D..g.<.sZ-
0090: D6 06 0B A1 D3 09 7E EF   88 F9 C3 0E A4 10 47 EA  ..............G.
00A0: 65 5D CD F0 39 EA 2F 59   1C 08 BC F9 CC 5B C9 BB  e]..9./Y.....[..
00B0: 2F 20 19 81 97 B5 21 BB   60 A4 39 08 6C 41 2A 51  / ....!.`.9.lA*Q
00C0: B1 C3 1A A3 8C F8 ED 67   D0 EE EC 52 01 2A E4 1E  .......g...R.*..
00D0: D2 B4 34 73 DC 7E 34 24   A9 4E 77 AD FD B3 77 0D  ..4s..4$.Nw...w.
00E0: C2 7A C0 65 F6 CC 11 9D   19 AA 59 13 C3 9D AD 5F  .z.e......Y...._
00F0: 61 E6 C2 18 F0 E5 A1 49   41 B5 EF 9E 91 0C 35 9C  a......IA.....5.

]
***
update handshake state: certificate[11]
upcoming handshake states: server_key_exchange[12](optional)
upcoming handshake states: certificate_request[13](optional)
upcoming handshake states: server_hello_done[14]
upcoming handshake states: client certificate[11](optional)
upcoming handshake states: client_key_exchange[16]
upcoming handshake states: certificate_verify[15](optional)
upcoming handshake states: client change_cipher_spec[-1]
upcoming handshake states: client finished[20]
upcoming handshake states: server change_cipher_spec[-1]
upcoming handshake states: server finished[20]
*** ECDH ServerKeyExchange
Signature Algorithm SHA512withRSA
Server key: Sun EC public key, 256 bits
  public x coord: 78758274198087294139939227924417714410275028424598857443845905809584012356959
  public y coord: 87508981717177529253304841433540003371942099331963212329322357577611755428168
  parameters: secp256r1 [NIST P-256, X9.62 prime256v1] (1.2.840.10045.3.1.7)
update handshake state: server_key_exchange[12]
upcoming handshake states: certificate_request[13](optional)
upcoming handshake states: server_hello_done[14]
upcoming handshake states: client certificate[11](optional)
upcoming handshake states: client_key_exchange[16]
upcoming handshake states: certificate_verify[15](optional)
upcoming handshake states: client change_cipher_spec[-1]
upcoming handshake states: client finished[20]
upcoming handshake states: server change_cipher_spec[-1]
upcoming handshake states: server finished[20]
*** CertificateRequest
Cert Types: RSA, DSS, ECDSA
Supported Signature Algorithms: SHA512withECDSA, SHA512withRSA, SHA384withECDSA, SHA384withRSA, SHA256withECDSA, SHA256withRSA, SHA256withDSA, SHA1withECDSA, SHA1withRSA, SHA1withDSA
Cert Authorities:
<CN=localhost, OU=ZooKeeper, O=Apache, L=Unknown, ST=Unknown, C=Unknown>
update handshake state: unknown[13]
upcoming handshake states: server_hello_done[14]
upcoming handshake states: client certificate[11](optional)
upcoming handshake states: client_key_exchange[16]
upcoming handshake states: certificate_verify[15](optional)
upcoming handshake states: client change_cipher_spec[-1]
upcoming handshake states: client finished[20]
upcoming handshake states: server change_cipher_spec[-1]
upcoming handshake states: server finished[20]
*** ServerHelloDone
update handshake state: server_hello_done[14]
upcoming handshake states: client certificate[11](optional)
upcoming handshake states: client_key_exchange[16]
upcoming handshake states: certificate_verify[15](optional)
upcoming handshake states: client change_cipher_spec[-1]
upcoming handshake states: client finished[20]
upcoming handshake states: server change_cipher_spec[-1]
upcoming handshake states: server finished[20]
nioEventLoopGroup-4-16, WRITE: TLSv1.2 Handshake, length = 1478
nioEventLoopGroup-5-1, READ: TLSv1.2 Handshake, length = 1478
check handshake state: server_hello[2]
*** ServerHello, TLSv1.2
RandomCookie:  GMT: 1576028771 bytes = { 26, 99, 14, 151, 80, 84, 88, 179, 165, 246, 37, 23, 207, 190, 190, 195, 83, 14, 81, 89, 160, 178, 168, 249, 160, 161, 221, 226 }
Session ID:  {94, 240, 74, 99, 90, 89, 157, 194, 143, 80, 158, 61, 137, 58, 22, 171, 51, 0, 215, 212, 49, 19, 201, 8, 91, 114, 28, 12, 3, 16, 246, 44}
Cipher Suite: TLS_ECDHE_RSA_WITH_AES_256_CBC_SHA384
Compression Method: 0
Extension renegotiation_info, renegotiated_connection: <empty>
Extension extended_master_secret
***
%% Initialized:  [Session-62, TLS_ECDHE_RSA_WITH_AES_256_CBC_SHA384]
** TLS_ECDHE_RSA_WITH_AES_256_CBC_SHA384
update handshake state: server_hello[2]
upcoming handshake states: server certificate[11]
upcoming handshake states: server_key_exchange[12](optional)
upcoming handshake states: certificate_request[13](optional)
upcoming handshake states: server_hello_done[14]
upcoming handshake states: client certificate[11](optional)
upcoming handshake states: client_key_exchange[16]
upcoming handshake states: certificate_verify[15](optional)
upcoming handshake states: client change_cipher_spec[-1]
upcoming handshake states: client finished[20]
upcoming handshake states: server change_cipher_spec[-1]
upcoming handshake states: server finished[20]
check handshake state: certificate[11]
update handshake state: certificate[11]
upcoming handshake states: server_key_exchange[12](optional)
upcoming handshake states: certificate_request[13](optional)
upcoming handshake states: server_hello_done[14]
upcoming handshake states: client certificate[11](optional)
upcoming handshake states: client_key_exchange[16]
upcoming handshake states: certificate_verify[15](optional)
upcoming handshake states: client change_cipher_spec[-1]
upcoming handshake states: client finished[20]
upcoming handshake states: server change_cipher_spec[-1]
upcoming handshake states: server finished[20]
*** Certificate chain
chain [0] = [
[
  Version: V3
  Subject: CN=localhost, OU=ZooKeeper, O=Apache, L=Unknown, ST=Unknown, C=Unknown
  Signature Algorithm: SHA256withRSA, OID = 1.2.840.113549.1.1.11

  Key:  Sun RSA public key, 2048 bits
  params: null
  modulus: 20466894428749997265095448870198652391311568515891366224735448896044144250313384062095901217219702596717622583159291680947094046474456586662132842412743846124470020097713679685492900855417800931365512472314155689881392853768001073664569106127795833231344696659209258027979401908711647617989508135190248980524852215540637603770017238536229773075995665111861820945008718990948857303373661769409475939971958531493423489844433566328219155461676589360491136984327342101195255797973694339642711115427623510874675394946293706606142706174397483349590050687482693164890194014220011640037490528845185364811025836034294701994387
  public exponent: 65537
  Validity: [From: Sat Jan 31 02:57:30 CST 2015,
               To: Wed Feb 08 02:57:30 CST 3015]
  Issuer: CN=localhost, OU=ZooKeeper, O=Apache, L=Unknown, ST=Unknown, C=Unknown
  SerialNumber: [    7334b506]

Certificate Extensions: 1
[1]: ObjectId: 2.5.29.14 Criticality=false
SubjectKeyIdentifier [
KeyIdentifier [
0000: 65 D7 B4 E0 27 45 7A 00   58 2F AD D5 0B 64 2D 77  e...'Ez.X/...d-w
0010: 88 F7 AA F5                                        ....
]
]

]
  Algorithm: [SHA256withRSA]
  Signature:
0000: 1B C8 6B 36 83 1D 28 37   5C 1F 7D F6 C6 84 A0 BF  ..k6..(7\.......
0010: CA C0 47 CF C5 34 70 7A   CF 6B EA 34 84 BE 08 7A  ..G..4pz.k.4...z
0020: 98 E6 3D ED 1D E2 6F 06   DB 23 AB 41 AD D5 DF 1D  ..=...o..#.A....
0030: 92 F4 9D 05 FD 7C EE BE   4A 87 B8 F1 FE F4 5B 79  ........J.....[y
0040: DC AD F7 44 3D 67 08 7A   3B 91 D7 5A 79 44 96 D7  ...D=g.z;..ZyD..
0050: BE 0E 41 C8 64 E3 87 C3   28 11 AB DC 36 F5 B0 AC  ..A.d...(...6...
0060: BD 2F 16 1D 6E A1 52 25   5A EC 6F AD 20 71 5A 1B  ./..n.R%Z.o. qZ.
0070: 66 D4 0D A6 49 B7 75 43   C4 84 0B 4B AC BD 16 76  f...I.uC...K...v
0080: 58 2B 07 85 E2 F1 44 15   1E 67 D1 3C 13 73 5A 2D  X+....D..g.<.sZ-
0090: D6 06 0B A1 D3 09 7E EF   88 F9 C3 0E A4 10 47 EA  ..............G.
00A0: 65 5D CD F0 39 EA 2F 59   1C 08 BC F9 CC 5B C9 BB  e]..9./Y.....[..
00B0: 2F 20 19 81 97 B5 21 BB   60 A4 39 08 6C 41 2A 51  / ....!.`.9.lA*Q
00C0: B1 C3 1A A3 8C F8 ED 67   D0 EE EC 52 01 2A E4 1E  .......g...R.*..
00D0: D2 B4 34 73 DC 7E 34 24   A9 4E 77 AD FD B3 77 0D  ..4s..4$.Nw...w.
00E0: C2 7A C0 65 F6 CC 11 9D   19 AA 59 13 C3 9D AD 5F  .z.e......Y...._
00F0: 61 E6 C2 18 F0 E5 A1 49   41 B5 EF 9E 91 0C 35 9C  a......IA.....5.

]
***
Found trusted certificate:
[
[
  Version: V3
  Subject: CN=localhost, OU=ZooKeeper, O=Apache, L=Unknown, ST=Unknown, C=Unknown
  Signature Algorithm: SHA256withRSA, OID = 1.2.840.113549.1.1.11

  Key:  Sun RSA public key, 2048 bits
  params: null
  modulus: 20466894428749997265095448870198652391311568515891366224735448896044144250313384062095901217219702596717622583159291680947094046474456586662132842412743846124470020097713679685492900855417800931365512472314155689881392853768001073664569106127795833231344696659209258027979401908711647617989508135190248980524852215540637603770017238536229773075995665111861820945008718990948857303373661769409475939971958531493423489844433566328219155461676589360491136984327342101195255797973694339642711115427623510874675394946293706606142706174397483349590050687482693164890194014220011640037490528845185364811025836034294701994387
  public exponent: 65537
  Validity: [From: Sat Jan 31 02:57:30 CST 2015,
               To: Wed Feb 08 02:57:30 CST 3015]
  Issuer: CN=localhost, OU=ZooKeeper, O=Apache, L=Unknown, ST=Unknown, C=Unknown
  SerialNumber: [    7334b506]

Certificate Extensions: 1
[1]: ObjectId: 2.5.29.14 Criticality=false
SubjectKeyIdentifier [
KeyIdentifier [
0000: 65 D7 B4 E0 27 45 7A 00   58 2F AD D5 0B 64 2D 77  e...'Ez.X/...d-w
0010: 88 F7 AA F5                                        ....
]
]

]
  Algorithm: [SHA256withRSA]
  Signature:
0000: 1B C8 6B 36 83 1D 28 37   5C 1F 7D F6 C6 84 A0 BF  ..k6..(7\.......
0010: CA C0 47 CF C5 34 70 7A   CF 6B EA 34 84 BE 08 7A  ..G..4pz.k.4...z
0020: 98 E6 3D ED 1D E2 6F 06   DB 23 AB 41 AD D5 DF 1D  ..=...o..#.A....
0030: 92 F4 9D 05 FD 7C EE BE   4A 87 B8 F1 FE F4 5B 79  ........J.....[y
0040: DC AD F7 44 3D 67 08 7A   3B 91 D7 5A 79 44 96 D7  ...D=g.z;..ZyD..
0050: BE 0E 41 C8 64 E3 87 C3   28 11 AB DC 36 F5 B0 AC  ..A.d...(...6...
0060: BD 2F 16 1D 6E A1 52 25   5A EC 6F AD 20 71 5A 1B  ./..n.R%Z.o. qZ.
0070: 66 D4 0D A6 49 B7 75 43   C4 84 0B 4B AC BD 16 76  f...I.uC...K...v
0080: 58 2B 07 85 E2 F1 44 15   1E 67 D1 3C 13 73 5A 2D  X+....D..g.<.sZ-
0090: D6 06 0B A1 D3 09 7E EF   88 F9 C3 0E A4 10 47 EA  ..............G.
00A0: 65 5D CD F0 39 EA 2F 59   1C 08 BC F9 CC 5B C9 BB  e]..9./Y.....[..
00B0: 2F 20 19 81 97 B5 21 BB   60 A4 39 08 6C 41 2A 51  / ....!.`.9.lA*Q
00C0: B1 C3 1A A3 8C F8 ED 67   D0 EE EC 52 01 2A E4 1E  .......g...R.*..
00D0: D2 B4 34 73 DC 7E 34 24   A9 4E 77 AD FD B3 77 0D  ..4s..4$.Nw...w.
00E0: C2 7A C0 65 F6 CC 11 9D   19 AA 59 13 C3 9D AD 5F  .z.e......Y...._
00F0: 61 E6 C2 18 F0 E5 A1 49   41 B5 EF 9E 91 0C 35 9C  a......IA.....5.

]
2020-06-22 14:06:27,868 [myid:127.0.0.1:30073] - ERROR [nioEventLoopGroup-5-1:ZKTrustManager@161] - Failed to verify host address: 127.0.0.1
javax.net.ssl.SSLPeerUnverifiedException: Certificate for <127.0.0.1> doesn't match common name of the certificate subject: localhost
	at org.apache.zookeeper.common.ZKHostnameVerifier.matchCN(ZKHostnameVerifier.java:238)
	at org.apache.zookeeper.common.ZKHostnameVerifier.verify(ZKHostnameVerifier.java:184)
	at org.apache.zookeeper.common.ZKTrustManager.performHostVerification(ZKTrustManager.java:151)
	at org.apache.zookeeper.common.ZKTrustManager.checkServerTrusted(ZKTrustManager.java:118)
	at sun.security.ssl.ClientHandshaker.serverCertificate(ClientHandshaker.java:1675)
	at sun.security.ssl.ClientHandshaker.processMessage(ClientHandshaker.java:226)
	at sun.security.ssl.Handshaker.processLoop(Handshaker.java:1082)
	at sun.security.ssl.Handshaker$1.run(Handshaker.java:1015)
	at sun.security.ssl.Handshaker$1.run(Handshaker.java:1012)
	at java.security.AccessController.doPrivileged(Native Method)
	at sun.security.ssl.Handshaker$DelegatedTask.run(Handshaker.java:1504)
	at io.netty.handler.ssl.SslHandler.runAllDelegatedTasks(SslHandler.java:1510)
	at io.netty.handler.ssl.SslHandler.runDelegatedTasks(SslHandler.java:1524)
	at io.netty.handler.ssl.SslHandler.unwrap(SslHandler.java:1408)
	at io.netty.handler.ssl.SslHandler.decodeJdkCompatible(SslHandler.java:1235)
	at io.netty.handler.ssl.SslHandler.decode(SslHandler.java:1282)
	at io.netty.handler.codec.ByteToMessageDecoder.decodeRemovalReentryProtection(ByteToMessageDecoder.java:498)
	at io.netty.handler.codec.ByteToMessageDecoder.callDecode(ByteToMessageDecoder.java:437)
	at io.netty.handler.codec.ByteToMessageDecoder.channelRead(ByteToMessageDecoder.java:276)
	at io.netty.channel.AbstractChannelHandlerContext.invokeChannelRead(AbstractChannelHandlerContext.java:379)
	at io.netty.channel.AbstractChannelHandlerContext.invokeChannelRead(AbstractChannelHandlerContext.java:365)
	at io.netty.channel.AbstractChannelHandlerContext.fireChannelRead(AbstractChannelHandlerContext.java:357)
	at io.netty.channel.DefaultChannelPipeline$HeadContext.channelRead(DefaultChannelPipeline.java:1410)
	at io.netty.channel.AbstractChannelHandlerContext.invokeChannelRead(AbstractChannelHandlerContext.java:379)
	at io.netty.channel.AbstractChannelHandlerContext.invokeChannelRead(AbstractChannelHandlerContext.java:365)
	at io.netty.channel.DefaultChannelPipeline.fireChannelRead(DefaultChannelPipeline.java:919)
	at io.netty.channel.nio.AbstractNioByteChannel$NioByteUnsafe.read(AbstractNioByteChannel.java:163)
	at io.netty.channel.nio.NioEventLoop.processSelectedKey(NioEventLoop.java:714)
	at io.netty.channel.nio.NioEventLoop.processSelectedKeysOptimized(NioEventLoop.java:650)
	at io.netty.channel.nio.NioEventLoop.processSelectedKeys(NioEventLoop.java:576)
	at io.netty.channel.nio.NioEventLoop.run(NioEventLoop.java:493)
	at io.netty.util.concurrent.SingleThreadEventExecutor$4.run(SingleThreadEventExecutor.java:989)
	at io.netty.util.internal.ThreadExecutorMap$2.run(ThreadExecutorMap.java:74)
	at io.netty.util.concurrent.FastThreadLocalRunnable.run(FastThreadLocalRunnable.java:30)
	at java.lang.Thread.run(Thread.java:748)
2020-06-22 14:06:27,868 [myid:127.0.0.1:30073] - ERROR [nioEventLoopGroup-5-1:ZKTrustManager@162] - Failed to verify hostname: activate.navicat.com
javax.net.ssl.SSLPeerUnverifiedException: Certificate for <activate.navicat.com> doesn't match common name of the certificate subject: localhost
	at org.apache.zookeeper.common.ZKHostnameVerifier.matchCN(ZKHostnameVerifier.java:238)
	at org.apache.zookeeper.common.ZKHostnameVerifier.verify(ZKHostnameVerifier.java:184)
	at org.apache.zookeeper.common.ZKTrustManager.performHostVerification(ZKTrustManager.java:159)
	at org.apache.zookeeper.common.ZKTrustManager.checkServerTrusted(ZKTrustManager.java:118)
	at sun.security.ssl.ClientHandshaker.serverCertificate(ClientHandshaker.java:1675)
	at sun.security.ssl.ClientHandshaker.processMessage(ClientHandshaker.java:226)
	at sun.security.ssl.Handshaker.processLoop(Handshaker.java:1082)
	at sun.security.ssl.Handshaker$1.run(Handshaker.java:1015)
	at sun.security.ssl.Handshaker$1.run(Handshaker.java:1012)
	at java.security.AccessController.doPrivileged(Native Method)
	at sun.security.ssl.Handshaker$DelegatedTask.run(Handshaker.java:1504)
	at io.netty.handler.ssl.SslHandler.runAllDelegatedTasks(SslHandler.java:1510)
	at io.netty.handler.ssl.SslHandler.runDelegatedTasks(SslHandler.java:1524)
	at io.netty.handler.ssl.SslHandler.unwrap(SslHandler.java:1408)
	at io.netty.handler.ssl.SslHandler.decodeJdkCompatible(SslHandler.java:1235)
	at io.netty.handler.ssl.SslHandler.decode(SslHandler.java:1282)
	at io.netty.handler.codec.ByteToMessageDecoder.decodeRemovalReentryProtection(ByteToMessageDecoder.java:498)
	at io.netty.handler.codec.ByteToMessageDecoder.callDecode(ByteToMessageDecoder.java:437)
	at io.netty.handler.codec.ByteToMessageDecoder.channelRead(ByteToMessageDecoder.java:276)
	at io.netty.channel.AbstractChannelHandlerContext.invokeChannelRead(AbstractChannelHandlerContext.java:379)
	at io.netty.channel.AbstractChannelHandlerContext.invokeChannelRead(AbstractChannelHandlerContext.java:365)
	at io.netty.channel.AbstractChannelHandlerContext.fireChannelRead(AbstractChannelHandlerContext.java:357)
	at io.netty.channel.DefaultChannelPipeline$HeadContext.channelRead(DefaultChannelPipeline.java:1410)
	at io.netty.channel.AbstractChannelHandlerContext.invokeChannelRead(AbstractChannelHandlerContext.java:379)
	at io.netty.channel.AbstractChannelHandlerContext.invokeChannelRead(AbstractChannelHandlerContext.java:365)
	at io.netty.channel.DefaultChannelPipeline.fireChannelRead(DefaultChannelPipeline.java:919)
	at io.netty.channel.nio.AbstractNioByteChannel$NioByteUnsafe.read(AbstractNioByteChannel.java:163)
	at io.netty.channel.nio.NioEventLoop.processSelectedKey(NioEventLoop.java:714)
	at io.netty.channel.nio.NioEventLoop.processSelectedKeysOptimized(NioEventLoop.java:650)
	at io.netty.channel.nio.NioEventLoop.processSelectedKeys(NioEventLoop.java:576)
	at io.netty.channel.nio.NioEventLoop.run(NioEventLoop.java:493)
	at io.netty.util.concurrent.SingleThreadEventExecutor$4.run(SingleThreadEventExecutor.java:989)
	at io.netty.util.internal.ThreadExecutorMap$2.run(ThreadExecutorMap.java:74)
	at io.netty.util.concurrent.FastThreadLocalRunnable.run(FastThreadLocalRunnable.java:30)
	at java.lang.Thread.run(Thread.java:748)
nioEventLoopGroup-5-1, fatal error: 46: General SSLEngine problem
java.security.cert.CertificateException: Failed to verify both host address and host name
%% Invalidated:  [Session-59, SSL_NULL_WITH_NULL_NULL]
%% Invalidated:  [Session-62, TLS_ECDHE_RSA_WITH_AES_256_CBC_SHA384]
nioEventLoopGroup-5-1, SEND TLSv1.2 ALERT:  fatal, description = certificate_unknown
nioEventLoopGroup-5-1, WRITE: TLSv1.2 Alert, length = 2
nioEventLoopGroup-5-1, fatal: engine already closed.  Rethrowing javax.net.ssl.SSLHandshakeException: General SSLEngine problem
nioEventLoopGroup-5-1, called closeOutbound()
nioEventLoopGroup-5-1, closeOutboundInternal()
nioEventLoopGroup-5-1, called closeInbound()
nioEventLoopGroup-5-1, fatal: engine already closed.  Rethrowing javax.net.ssl.SSLException: Inbound closed before receiving peer's close_notify: possible truncation attack?
nioEventLoopGroup-4-16, READ: TLSv1.2 Alert, length = 2
nioEventLoopGroup-4-16, RECV TLSv1.2 ALERT:  fatal, certificate_unknown
nioEventLoopGroup-4-16, fatal: engine already closed.  Rethrowing javax.net.ssl.SSLException: Received fatal alert: certificate_unknown
nioEventLoopGroup-4-16, fatal: engine already closed.  Rethrowing javax.net.ssl.SSLException: Received fatal alert: certificate_unknown
2020-06-22 14:06:27,870 [myid:] - ERROR [nioEventLoopGroup-4-16:NettyServerCnxnFactory$CertificateVerifier@434] - Unsuccessful handshake with session 0x0
nioEventLoopGroup-4-16, called closeOutbound()
nioEventLoopGroup-4-16, closeOutboundInternal()
nioEventLoopGroup-4-16, SEND TLSv1.2 ALERT:  warning, description = close_notify
nioEventLoopGroup-4-16, WRITE: TLSv1.2 Alert, length = 2
nioEventLoopGroup-4-16, called closeInbound()
nioEventLoopGroup-4-16, fatal: engine already closed.  Rethrowing javax.net.ssl.SSLException: Inbound closed before receiving peer's close_notify: possible truncation attack?
2020-06-22 14:06:27,870 [myid:127.0.0.1:30073] - ERROR [nioEventLoopGroup-5-1:ClientCnxnSocketNetty$ZKClientHandler@522] - Unexpected throwable
io.netty.handler.codec.DecoderException: javax.net.ssl.SSLHandshakeException: General SSLEngine problem
	at io.netty.handler.codec.ByteToMessageDecoder.callDecode(ByteToMessageDecoder.java:468)
	at io.netty.handler.codec.ByteToMessageDecoder.channelRead(ByteToMessageDecoder.java:276)
	at io.netty.channel.AbstractChannelHandlerContext.invokeChannelRead(AbstractChannelHandlerContext.java:379)
	at io.netty.channel.AbstractChannelHandlerContext.invokeChannelRead(AbstractChannelHandlerContext.java:365)
	at io.netty.channel.AbstractChannelHandlerContext.fireChannelRead(AbstractChannelHandlerContext.java:357)
	at io.netty.channel.DefaultChannelPipeline$HeadContext.channelRead(DefaultChannelPipeline.java:1410)
	at io.netty.channel.AbstractChannelHandlerContext.invokeChannelRead(AbstractChannelHandlerContext.java:379)
	at io.netty.channel.AbstractChannelHandlerContext.invokeChannelRead(AbstractChannelHandlerContext.java:365)
	at io.netty.channel.DefaultChannelPipeline.fireChannelRead(DefaultChannelPipeline.java:919)
	at io.netty.channel.nio.AbstractNioByteChannel$NioByteUnsafe.read(AbstractNioByteChannel.java:163)
	at io.netty.channel.nio.NioEventLoop.processSelectedKey(NioEventLoop.java:714)
	at io.netty.channel.nio.NioEventLoop.processSelectedKeysOptimized(NioEventLoop.java:650)
	at io.netty.channel.nio.NioEventLoop.processSelectedKeys(NioEventLoop.java:576)
	at io.netty.channel.nio.NioEventLoop.run(NioEventLoop.java:493)
	at io.netty.util.concurrent.SingleThreadEventExecutor$4.run(SingleThreadEventExecutor.java:989)
	at io.netty.util.internal.ThreadExecutorMap$2.run(ThreadExecutorMap.java:74)
	at io.netty.util.concurrent.FastThreadLocalRunnable.run(FastThreadLocalRunnable.java:30)
	at java.lang.Thread.run(Thread.java:748)
Caused by: javax.net.ssl.SSLHandshakeException: General SSLEngine problem
	at sun.security.ssl.Handshaker.checkThrown(Handshaker.java:1566)
	at sun.security.ssl.SSLEngineImpl.checkTaskThrown(SSLEngineImpl.java:545)
	at sun.security.ssl.SSLEngineImpl.readNetRecord(SSLEngineImpl.java:819)
	at sun.security.ssl.SSLEngineImpl.unwrap(SSLEngineImpl.java:783)
	at javax.net.ssl.SSLEngine.unwrap(SSLEngine.java:626)
	at io.netty.handler.ssl.SslHandler$SslEngineType$3.unwrap(SslHandler.java:281)
	at io.netty.handler.ssl.SslHandler.unwrap(SslHandler.java:1340)
	at io.netty.handler.ssl.SslHandler.decodeJdkCompatible(SslHandler.java:1235)
	at io.netty.handler.ssl.SslHandler.decode(SslHandler.java:1282)
	at io.netty.handler.codec.ByteToMessageDecoder.decodeRemovalReentryProtection(ByteToMessageDecoder.java:498)
	at io.netty.handler.codec.ByteToMessageDecoder.callDecode(ByteToMessageDecoder.java:437)
	... 17 more
Caused by: javax.net.ssl.SSLHandshakeException: General SSLEngine problem
	at sun.security.ssl.Alerts.getSSLException(Alerts.java:198)
	at sun.security.ssl.SSLEngineImpl.fatal(SSLEngineImpl.java:1729)
	at sun.security.ssl.Handshaker.fatalSE(Handshaker.java:333)
	at sun.security.ssl.Handshaker.fatalSE(Handshaker.java:325)
	at sun.security.ssl.ClientHandshaker.serverCertificate(ClientHandshaker.java:1688)
	at sun.security.ssl.ClientHandshaker.processMessage(ClientHandshaker.java:226)
	at sun.security.ssl.Handshaker.processLoop(Handshaker.java:1082)
	at sun.security.ssl.Handshaker$1.run(Handshaker.java:1015)
	at sun.security.ssl.Handshaker$1.run(Handshaker.java:1012)
	at java.security.AccessController.doPrivileged(Native Method)
	at sun.security.ssl.Handshaker$DelegatedTask.run(Handshaker.java:1504)
	at io.netty.handler.ssl.SslHandler.runAllDelegatedTasks(SslHandler.java:1510)
	at io.netty.handler.ssl.SslHandler.runDelegatedTasks(SslHandler.java:1524)
	at io.netty.handler.ssl.SslHandler.unwrap(SslHandler.java:1408)
	... 21 more
Caused by: java.security.cert.CertificateException: Failed to verify both host address and host name
	at org.apache.zookeeper.common.ZKTrustManager.performHostVerification(ZKTrustManager.java:163)
	at org.apache.zookeeper.common.ZKTrustManager.checkServerTrusted(ZKTrustManager.java:118)
	at sun.security.ssl.ClientHandshaker.serverCertificate(ClientHandshaker.java:1675)
	... 30 more
Caused by: javax.net.ssl.SSLPeerUnverifiedException: Certificate for <activate.navicat.com> doesn't match common name of the certificate subject: localhost
	at org.apache.zookeeper.common.ZKHostnameVerifier.matchCN(ZKHostnameVerifier.java:238)
	at org.apache.zookeeper.common.ZKHostnameVerifier.verify(ZKHostnameVerifier.java:184)
	at org.apache.zookeeper.common.ZKTrustManager.performHostVerification(ZKTrustManager.java:159)
	... 32 more
2020-06-22 14:06:27,871 [myid:127.0.0.1:30073] - INFO  [nioEventLoopGroup-5-1:ClientCnxnSocketNetty@249] - channel is told closing
nioEventLoopGroup-5-1, called closeOutbound()
nioEventLoopGroup-5-1, closeOutboundInternal()
2020-06-22 14:06:27,871 [myid:] - WARN  [nioEventLoopGroup-4-16:NettyServerCnxnFactory$CnxnChannelHandler@273] - Exception caught
io.netty.handler.codec.DecoderException: javax.net.ssl.SSLException: Received fatal alert: certificate_unknown
	at io.netty.handler.codec.ByteToMessageDecoder.callDecode(ByteToMessageDecoder.java:468)
	at io.netty.handler.codec.ByteToMessageDecoder.channelRead(ByteToMessageDecoder.java:276)
	at io.netty.channel.AbstractChannelHandlerContext.invokeChannelRead(AbstractChannelHandlerContext.java:379)
	at io.netty.channel.AbstractChannelHandlerContext.invokeChannelRead(AbstractChannelHandlerContext.java:365)
	at io.netty.channel.AbstractChannelHandlerContext.fireChannelRead(AbstractChannelHandlerContext.java:357)
	at io.netty.channel.DefaultChannelPipeline$HeadContext.channelRead(DefaultChannelPipeline.java:1410)
	at io.netty.channel.AbstractChannelHandlerContext.invokeChannelRead(AbstractChannelHandlerContext.java:379)
	at io.netty.channel.AbstractChannelHandlerContext.invokeChannelRead(AbstractChannelHandlerContext.java:365)
	at io.netty.channel.DefaultChannelPipeline.fireChannelRead(DefaultChannelPipeline.java:919)
	at io.netty.channel.nio.AbstractNioByteChannel$NioByteUnsafe.read(AbstractNioByteChannel.java:163)
	at io.netty.channel.nio.NioEventLoop.processSelectedKey(NioEventLoop.java:714)
	at io.netty.channel.nio.NioEventLoop.processSelectedKeysOptimized(NioEventLoop.java:650)
	at io.netty.channel.nio.NioEventLoop.processSelectedKeys(NioEventLoop.java:576)
	at io.netty.channel.nio.NioEventLoop.run(NioEventLoop.java:493)
	at io.netty.util.concurrent.SingleThreadEventExecutor$4.run(SingleThreadEventExecutor.java:989)
	at io.netty.util.internal.ThreadExecutorMap$2.run(ThreadExecutorMap.java:74)
	at io.netty.util.concurrent.FastThreadLocalRunnable.run(FastThreadLocalRunnable.java:30)
	at java.lang.Thread.run(Thread.java:748)
Caused by: javax.net.ssl.SSLException: Received fatal alert: certificate_unknown
	at sun.security.ssl.Alerts.getSSLException(Alerts.java:214)
	at sun.security.ssl.SSLEngineImpl.fatal(SSLEngineImpl.java:1667)
	at sun.security.ssl.SSLEngineImpl.fatal(SSLEngineImpl.java:1635)
	at sun.security.ssl.SSLEngineImpl.recvAlert(SSLEngineImpl.java:1801)
	at sun.security.ssl.SSLEngineImpl.readRecord(SSLEngineImpl.java:1090)
	at sun.security.ssl.SSLEngineImpl.readNetRecord(SSLEngineImpl.java:913)
	at sun.security.ssl.SSLEngineImpl.unwrap(SSLEngineImpl.java:783)
	at javax.net.ssl.SSLEngine.unwrap(SSLEngine.java:626)
	at io.netty.handler.ssl.SslHandler$SslEngineType$3.unwrap(SslHandler.java:281)
	at io.netty.handler.ssl.SslHandler.unwrap(SslHandler.java:1340)
	at io.netty.handler.ssl.SslHandler.decodeJdkCompatible(SslHandler.java:1235)
	at io.netty.handler.ssl.SslHandler.decode(SslHandler.java:1282)
	at io.netty.handler.codec.ByteToMessageDecoder.decodeRemovalReentryProtection(ByteToMessageDecoder.java:498)
	at io.netty.handler.codec.ByteToMessageDecoder.callDecode(ByteToMessageDecoder.java:437)
	... 17 more
nioEventLoopGroup-4-16, called closeOutbound()
nioEventLoopGroup-4-16, closeOutboundInternal()
2020-06-22 14:06:27,871 [myid:127.0.0.1:30073] - WARN  [main-SendThread(127.0.0.1:30073):ClientCnxn$SendThread@1272] - Session 0x0 for sever activate.navicat.com/127.0.0.1:30073, Closing socket connection. Attempting reconnect except it is a SessionExpiredException.
EndOfStreamException: channel for sessionid 0x0 is lost
	at org.apache.zookeeper.ClientCnxnSocketNetty.doTransport(ClientCnxnSocketNetty.java:285)
	at org.apache.zookeeper.ClientCnxn$SendThread.run(ClientCnxn.java:1262)
nioEventLoopGroup-4-16, READ: TLSv1.2 Alert, length = 2
nioEventLoopGroup-4-162020-06-22 14:06:27,871 [myid:127.0.0.1:30073] - INFO  [nioEventLoopGroup-5-1:ClientCnxnSocketNetty$ZKClientHandler@469] - channel is disconnected: [id: 0x08198317, L:/127.0.0.1:55045 ! R:activate.navicat.com/127.0.0.1:30073]
, RECV TLSv1.2 ALERT:  fatal, certificate_unknown
nioEventLoopGroup-4-16, fatal: engine already closed.  Rethrowing javax.net.ssl.SSLException: Received fatal alert: certificate_unknown
nioEventLoopGroup-4-16, fatal: engine already closed.  Rethrowing javax.net.ssl.SSLException: Received fatal alert: certificate_unknown
nioEventLoopGroup-4-16, called closeOutbound()
nioEventLoopGroup-4-16, closeOutboundInternal()
nioEventLoopGroup-4-16, called closeInbound()
nioEventLoopGroup-4-16, closeInboundInternal()
nioEventLoopGroup-4-16, closeOutboundInternal()
2020-06-22 14:06:27,872 [myid:] - WARN  [nioEventLoopGroup-4-16:NettyServerCnxnFactory$CnxnChannelHandler@273] - Exception caught
io.netty.handler.codec.DecoderException: javax.net.ssl.SSLException: Received fatal alert: certificate_unknown
	at io.netty.handler.codec.ByteToMessageDecoder.callDecode(ByteToMessageDecoder.java:468)
	at io.netty.handler.codec.ByteToMessageDecoder.channelInputClosed(ByteToMessageDecoder.java:401)
	at io.netty.handler.codec.ByteToMessageDecoder.channelInputClosed(ByteToMessageDecoder.java:368)
	at io.netty.handler.codec.ByteToMessageDecoder.channelInactive(ByteToMessageDecoder.java:351)
	at io.netty.handler.ssl.SslHandler.channelInactive(SslHandler.java:1084)
	at io.netty.channel.AbstractChannelHandlerContext.invokeChannelInactive(AbstractChannelHandlerContext.java:262)
	at io.netty.channel.AbstractChannelHandlerContext.invokeChannelInactive(AbstractChannelHandlerContext.java:248)
	at io.netty.channel.AbstractChannelHandlerContext.fireChannelInactive(AbstractChannelHandlerContext.java:241)
	at io.netty.channel.DefaultChannelPipeline$HeadContext.channelInactive(DefaultChannelPipeline.java:1405)
	at io.netty.channel.AbstractChannelHandlerContext.invokeChannelInactive(AbstractChannelHandlerContext.java:262)
	at io.netty.channel.AbstractChannelHandlerContext.invokeChannelInactive(AbstractChannelHandlerContext.java:248)
	at io.netty.channel.DefaultChannelPipeline.fireChannelInactive(DefaultChannelPipeline.java:901)
	at io.netty.channel.AbstractChannel$AbstractUnsafe$8.run(AbstractChannel.java:818)
	at io.netty.util.concurrent.AbstractEventExecutor.safeExecute(AbstractEventExecutor.java:164)
	at io.netty.util.concurrent.SingleThreadEventExecutor.runAllTasks(SingleThreadEventExecutor.java:472)
	at io.netty.channel.nio.NioEventLoop.run(NioEventLoop.java:497)
	at io.netty.util.concurrent.SingleThreadEventExecutor$4.run(SingleThreadEventExecutor.java:989)
	at io.netty.util.internal.ThreadExecutorMap$2.run(ThreadExecutorMap.java:74)
	at io.netty.util.concurrent.FastThreadLocalRunnable.run(FastThreadLocalRunnable.java:30)
	at java.lang.Thread.run(Thread.java:748)
Caused by: javax.net.ssl.SSLException: Received fatal alert: certificate_unknown
	at sun.security.ssl.Alerts.getSSLException(Alerts.java:214)
	at sun.security.ssl.SSLEngineImpl.fatal(SSLEngineImpl.java:1667)
	at sun.security.ssl.SSLEngineImpl.fatal(SSLEngineImpl.java:1635)
	at sun.security.ssl.SSLEngineImpl.recvAlert(SSLEngineImpl.java:1801)
	at sun.security.ssl.SSLEngineImpl.readRecord(SSLEngineImpl.java:1090)
	at sun.security.ssl.SSLEngineImpl.readNetRecord(SSLEngineImpl.java:913)
	at sun.security.ssl.SSLEngineImpl.unwrap(SSLEngineImpl.java:783)
	at javax.net.ssl.SSLEngine.unwrap(SSLEngine.java:626)
	at io.netty.handler.ssl.SslHandler$SslEngineType$3.unwrap(SslHandler.java:281)
	at io.netty.handler.ssl.SslHandler.unwrap(SslHandler.java:1340)
	at io.netty.handler.ssl.SslHandler.decodeJdkCompatible(SslHandler.java:1235)
	at io.netty.handler.ssl.SslHandler.decode(SslHandler.java:1282)
	at io.netty.handler.codec.ByteToMessageDecoder.decodeRemovalReentryProtection(ByteToMessageDecoder.java:498)
	at io.netty.handler.codec.ByteToMessageDecoder.callDecode(ByteToMessageDecoder.java:437)
	... 19 more
2020-06-22 14:06:29,277 [myid:127.0.0.1:30073] - INFO  [main-SendThread(127.0.0.1:30073):ClientCnxn$SendThread@1154] - Opening socket connection to server activate.navicat.com/127.0.0.1:30073.
2020-06-22 14:06:29,277 [myid:127.0.0.1:30073] - INFO  [main-SendThread(127.0.0.1:30073):ClientCnxn$SendThread@1156] - SASL config status: Will not attempt to authenticate using SASL (unknown error)
adding as trusted cert:
  Subject: CN=localhost, OU=ZooKeeper, O=Apache, L=Unknown, ST=Unknown, C=Unknown
  Issuer:  CN=localhost, OU=ZooKeeper, O=Apache, L=Unknown, ST=Unknown, C=Unknown
  Algorithm: RSA; Serial number: 0x7334b506
  Valid from Sat Jan 31 02:57:30 CST 2015 until Wed Feb 08 02:57:30 CST 3015

trigger seeding of SecureRandom
done seeding SecureRandom
Using SSLEngineImpl.
%% Initialized:  [Session-63, SSL_NULL_WITH_NULL_NULL]
2020-06-22 14:06:29,279 [myid:127.0.0.1:30073] - INFO  [nioEventLoopGroup-5-1:ClientCnxnSocketNetty$ZKClientPipelineFactory@454] - SSL handler added for channel: [id: 0xb0013c20]
2020-06-22 14:06:29,280 [myid:127.0.0.1:30073] - INFO  [nioEventLoopGroup-5-1:ClientCnxn$SendThread@986] - Socket connection established, initiating session, client: /127.0.0.1:55191, server: activate.navicat.com/127.0.0.1:30073
2020-06-22 14:06:29,281 [myid:127.0.0.1:30073] - INFO  [nioEventLoopGroup-5-1:ClientCnxnSocketNetty$1@184] - channel is connected: [id: 0xb0013c20, L:/127.0.0.1:55191 - R:activate.navicat.com/127.0.0.1:30073]
trigger seeding of SecureRandom
Allow unsafe renegotiation: false
Allow legacy hello messages: true
Is initial handshake: true
Is secure renegotiation: false
done seeding SecureRandom
Ignoring unsupported cipher suite: TLS_ECDHE_ECDSA_WITH_AES_256_CBC_SHA384 for TLSv1
Ignoring unsupported cipher suite: TLS_ECDHE_RSA_WITH_AES_256_CBC_SHA384 for TLSv1
Using SSLEngineImpl.
Ignoring unsupported cipher suite: TLS_RSA_WITH_AES_256_CBC_SHA256 for TLSv1
Ignoring unsupported cipher suite: TLS_ECDH_ECDSA_WITH_AES_256_CBC_SHA384 for TLSv1
Ignoring unsupported cipher suite: TLS_ECDH_RSA_WITH_AES_256_CBC_SHA384 for TLSv1
Ignoring unsupported cipher suite: TLS_DHE_RSA_WITH_AES_256_CBC_SHA256 for TLSv1
%% Initialized:  [Session-64, SSL_NULL_WITH_NULL_NULL]
Ignoring unsupported cipher suite: TLS_DHE_DSS_WITH_AES_256_CBC_SHA256 for TLSv1
Ignoring unsupported cipher suite: TLS_ECDHE_ECDSA_WITH_AES_256_CBC_SHA384 for TLSv1.1
Ignoring unsupported cipher suite: TLS_ECDHE_RSA_WITH_AES_256_CBC_SHA384 for TLSv1.1
Ignoring unsupported cipher suite: TLS_RSA_WITH_AES_256_CBC_SHA256 for TLSv1.1
Ignoring unsupported cipher suite: TLS_ECDH_ECDSA_WITH_AES_256_CBC_SHA384 for TLSv1.1
Ignoring unsupported cipher suite: TLS_ECDH_RSA_WITH_AES_256_CBC_SHA384 for TLSv1.1
Ignoring unsupported cipher suite: TLS_DHE_RSA_WITH_AES_256_CBC_SHA256 for TLSv1.1
Ignoring unsupported cipher suite: TLS_DHE_DSS_WITH_AES_256_CBC_SHA256 for TLSv1.1
%% No cached client session
update handshake state: client_hello[1]
upcoming handshake states: server_hello[2]
*** ClientHello, TLSv1.2
RandomCookie:  GMT: 1576028773 bytes = { 150, 238, 82, 145, 109, 89, 199, 1, 238, 184, 166, 26, 45, 124, 66, 5, 213, 134, 37, 170, 143, 17, 238, 110, 240, 172, 179, 4 }
Session ID:  {}
Cipher Suites: [TLS_ECDHE_ECDSA_WITH_AES_256_CBC_SHA384, TLS_ECDHE_RSA_WITH_AES_256_CBC_SHA384, TLS_RSA_WITH_AES_256_CBC_SHA256, TLS_ECDH_ECDSA_WITH_AES_256_CBC_SHA384, TLS_ECDH_RSA_WITH_AES_256_CBC_SHA384, TLS_DHE_RSA_WITH_AES_256_CBC_SHA256, TLS_DHE_DSS_WITH_AES_256_CBC_SHA256, TLS_ECDHE_ECDSA_WITH_AES_256_CBC_SHA, TLS_ECDHE_RSA_WITH_AES_256_CBC_SHA, TLS_RSA_WITH_AES_256_CBC_SHA, TLS_ECDH_ECDSA_WITH_AES_256_CBC_SHA, TLS_ECDH_RSA_WITH_AES_256_CBC_SHA, TLS_DHE_RSA_WITH_AES_256_CBC_SHA, TLS_DHE_DSS_WITH_AES_256_CBC_SHA, TLS_ECDHE_ECDSA_WITH_AES_128_CBC_SHA256, TLS_ECDHE_RSA_WITH_AES_128_CBC_SHA256, TLS_RSA_WITH_AES_128_CBC_SHA256, TLS_ECDH_ECDSA_WITH_AES_128_CBC_SHA256, TLS_ECDH_RSA_WITH_AES_128_CBC_SHA256, TLS_DHE_RSA_WITH_AES_128_CBC_SHA256, TLS_DHE_DSS_WITH_AES_128_CBC_SHA256, TLS_ECDHE_ECDSA_WITH_AES_128_CBC_SHA, TLS_ECDHE_RSA_WITH_AES_128_CBC_SHA, TLS_RSA_WITH_AES_128_CBC_SHA, TLS_ECDH_ECDSA_WITH_AES_128_CBC_SHA, TLS_ECDH_RSA_WITH_AES_128_CBC_SHA, TLS_DHE_RSA_WITH_AES_128_CBC_SHA, TLS_DHE_DSS_WITH_AES_128_CBC_SHA, TLS_ECDHE_ECDSA_WITH_AES_256_GCM_SHA384, TLS_ECDHE_ECDSA_WITH_AES_128_GCM_SHA256, TLS_ECDHE_RSA_WITH_AES_256_GCM_SHA384, TLS_RSA_WITH_AES_256_GCM_SHA384, TLS_ECDH_ECDSA_WITH_AES_256_GCM_SHA384, TLS_ECDH_RSA_WITH_AES_256_GCM_SHA384, TLS_DHE_RSA_WITH_AES_256_GCM_SHA384, TLS_DHE_DSS_WITH_AES_256_GCM_SHA384, TLS_ECDHE_RSA_WITH_AES_128_GCM_SHA256, TLS_RSA_WITH_AES_128_GCM_SHA256, TLS_ECDH_ECDSA_WITH_AES_128_GCM_SHA256, TLS_ECDH_RSA_WITH_AES_128_GCM_SHA256, TLS_DHE_RSA_WITH_AES_128_GCM_SHA256, TLS_DHE_DSS_WITH_AES_128_GCM_SHA256, TLS_EMPTY_RENEGOTIATION_INFO_SCSV]
Compression Methods:  { 0 }
Extension elliptic_curves, curve names: {secp256r1, secp384r1, secp521r1}
Extension ec_point_formats, formats: [uncompressed]
Extension signature_algorithms, signature_algorithms: SHA512withECDSA, SHA512withRSA, SHA384withECDSA, SHA384withRSA, SHA256withECDSA, SHA256withRSA, SHA256withDSA, SHA1withECDSA, SHA1withRSA, SHA1withDSA
Extension extended_master_secret
Extension server_name, server_name: [type=host_name (0), value=activate.navicat.com]
***
nioEventLoopGroup-5-1, WRITE: TLSv1.2 Handshake, length = 208
Allow unsafe renegotiation: false
Allow legacy hello messages: true
Is initial handshake: true
Is secure renegotiation: false
nioEventLoopGroup-4-1, READ: TLSv1.2 Handshake, length = 208
check handshake state: client_hello[1]
update handshake state: client_hello[1]
upcoming handshake states: server_hello[2]
*** ClientHello, TLSv1.2
RandomCookie:  GMT: 1576028773 bytes = { 150, 238, 82, 145, 109, 89, 199, 1, 238, 184, 166, 26, 45, 124, 66, 5, 213, 134, 37, 170, 143, 17, 238, 110, 240, 172, 179, 4 }
Session ID:  {}
Cipher Suites: [TLS_ECDHE_ECDSA_WITH_AES_256_CBC_SHA384, TLS_ECDHE_RSA_WITH_AES_256_CBC_SHA384, TLS_RSA_WITH_AES_256_CBC_SHA256, TLS_ECDH_ECDSA_WITH_AES_256_CBC_SHA384, TLS_ECDH_RSA_WITH_AES_256_CBC_SHA384, TLS_DHE_RSA_WITH_AES_256_CBC_SHA256, TLS_DHE_DSS_WITH_AES_256_CBC_SHA256, TLS_ECDHE_ECDSA_WITH_AES_256_CBC_SHA, TLS_ECDHE_RSA_WITH_AES_256_CBC_SHA, TLS_RSA_WITH_AES_256_CBC_SHA, TLS_ECDH_ECDSA_WITH_AES_256_CBC_SHA, TLS_ECDH_RSA_WITH_AES_256_CBC_SHA, TLS_DHE_RSA_WITH_AES_256_CBC_SHA, TLS_DHE_DSS_WITH_AES_256_CBC_SHA, TLS_ECDHE_ECDSA_WITH_AES_128_CBC_SHA256, TLS_ECDHE_RSA_WITH_AES_128_CBC_SHA256, TLS_RSA_WITH_AES_128_CBC_SHA256, TLS_ECDH_ECDSA_WITH_AES_128_CBC_SHA256, TLS_ECDH_RSA_WITH_AES_128_CBC_SHA256, TLS_DHE_RSA_WITH_AES_128_CBC_SHA256, TLS_DHE_DSS_WITH_AES_128_CBC_SHA256, TLS_ECDHE_ECDSA_WITH_AES_128_CBC_SHA, TLS_ECDHE_RSA_WITH_AES_128_CBC_SHA, TLS_RSA_WITH_AES_128_CBC_SHA, TLS_ECDH_ECDSA_WITH_AES_128_CBC_SHA, TLS_ECDH_RSA_WITH_AES_128_CBC_SHA, TLS_DHE_RSA_WITH_AES_128_CBC_SHA, TLS_DHE_DSS_WITH_AES_128_CBC_SHA, TLS_ECDHE_ECDSA_WITH_AES_256_GCM_SHA384, TLS_ECDHE_ECDSA_WITH_AES_128_GCM_SHA256, TLS_ECDHE_RSA_WITH_AES_256_GCM_SHA384, TLS_RSA_WITH_AES_256_GCM_SHA384, TLS_ECDH_ECDSA_WITH_AES_256_GCM_SHA384, TLS_ECDH_RSA_WITH_AES_256_GCM_SHA384, TLS_DHE_RSA_WITH_AES_256_GCM_SHA384, TLS_DHE_DSS_WITH_AES_256_GCM_SHA384, TLS_ECDHE_RSA_WITH_AES_128_GCM_SHA256, TLS_RSA_WITH_AES_128_GCM_SHA256, TLS_ECDH_ECDSA_WITH_AES_128_GCM_SHA256, TLS_ECDH_RSA_WITH_AES_128_GCM_SHA256, TLS_DHE_RSA_WITH_AES_128_GCM_SHA256, TLS_DHE_DSS_WITH_AES_128_GCM_SHA256, TLS_EMPTY_RENEGOTIATION_INFO_SCSV]
Compression Methods:  { 0 }
Extension elliptic_curves, curve names: {secp256r1, secp384r1, secp521r1}
Extension ec_point_formats, formats: [uncompressed]
Extension signature_algorithms, signature_algorithms: SHA512withECDSA, SHA512withRSA, SHA384withECDSA, SHA384withRSA, SHA256withECDSA, SHA256withRSA, SHA256withDSA, SHA1withECDSA, SHA1withRSA, SHA1withDSA
Extension extended_master_secret
Extension server_name, server_name: [type=host_name (0), value=activate.navicat.com]
***
%% Initialized:  [Session-65, SSL_NULL_WITH_NULL_NULL]
Standard ciphersuite chosen: TLS_ECDHE_RSA_WITH_AES_256_CBC_SHA384
%% Negotiating:  [Session-65, TLS_ECDHE_RSA_WITH_AES_256_CBC_SHA384]
*** ServerHello, TLSv1.2
RandomCookie:  GMT: 1576028773 bytes = { 54, 227, 206, 157, 81, 44, 49, 70, 7, 160, 103, 161, 91, 49, 5, 240, 11, 168, 12, 56, 109, 102, 112, 9, 125, 89, 228, 37 }
Session ID:  {94, 240, 74, 101, 227, 238, 65, 195, 92, 129, 52, 53, 57, 170, 197, 97, 18, 58, 91, 160, 219, 120, 194, 170, 86, 237, 94, 204, 235, 168, 153, 93}
Cipher Suite: TLS_ECDHE_RSA_WITH_AES_256_CBC_SHA384
Compression Method: 0
Extension renegotiation_info, renegotiated_connection: <empty>
Extension extended_master_secret
***
Cipher suite:  TLS_ECDHE_RSA_WITH_AES_256_CBC_SHA384
update handshake state: server_hello[2]
upcoming handshake states: server certificate[11]
upcoming handshake states: server_key_exchange[12](optional)
upcoming handshake states: certificate_request[13](optional)
upcoming handshake states: server_hello_done[14]
upcoming handshake states: client certificate[11](optional)
upcoming handshake states: client_key_exchange[16]
upcoming handshake states: certificate_verify[15](optional)
upcoming handshake states: client change_cipher_spec[-1]
upcoming handshake states: client finished[20]
upcoming handshake states: server change_cipher_spec[-1]
upcoming handshake states: server finished[20]
*** Certificate chain
chain [0] = [
[
  Version: V3
  Subject: CN=localhost, OU=ZooKeeper, O=Apache, L=Unknown, ST=Unknown, C=Unknown
  Signature Algorithm: SHA256withRSA, OID = 1.2.840.113549.1.1.11

  Key:  Sun RSA public key, 2048 bits
  params: null
  modulus: 20466894428749997265095448870198652391311568515891366224735448896044144250313384062095901217219702596717622583159291680947094046474456586662132842412743846124470020097713679685492900855417800931365512472314155689881392853768001073664569106127795833231344696659209258027979401908711647617989508135190248980524852215540637603770017238536229773075995665111861820945008718990948857303373661769409475939971958531493423489844433566328219155461676589360491136984327342101195255797973694339642711115427623510874675394946293706606142706174397483349590050687482693164890194014220011640037490528845185364811025836034294701994387
  public exponent: 65537
  Validity: [From: Sat Jan 31 02:57:30 CST 2015,
               To: Wed Feb 08 02:57:30 CST 3015]
  Issuer: CN=localhost, OU=ZooKeeper, O=Apache, L=Unknown, ST=Unknown, C=Unknown
  SerialNumber: [    7334b506]

Certificate Extensions: 1
[1]: ObjectId: 2.5.29.14 Criticality=false
SubjectKeyIdentifier [
KeyIdentifier [
0000: 65 D7 B4 E0 27 45 7A 00   58 2F AD D5 0B 64 2D 77  e...'Ez.X/...d-w
0010: 88 F7 AA F5                                        ....
]
]

]
  Algorithm: [SHA256withRSA]
  Signature:
0000: 1B C8 6B 36 83 1D 28 37   5C 1F 7D F6 C6 84 A0 BF  ..k6..(7\.......
0010: CA C0 47 CF C5 34 70 7A   CF 6B EA 34 84 BE 08 7A  ..G..4pz.k.4...z
0020: 98 E6 3D ED 1D E2 6F 06   DB 23 AB 41 AD D5 DF 1D  ..=...o..#.A....
0030: 92 F4 9D 05 FD 7C EE BE   4A 87 B8 F1 FE F4 5B 79  ........J.....[y
0040: DC AD F7 44 3D 67 08 7A   3B 91 D7 5A 79 44 96 D7  ...D=g.z;..ZyD..
0050: BE 0E 41 C8 64 E3 87 C3   28 11 AB DC 36 F5 B0 AC  ..A.d...(...6...
0060: BD 2F 16 1D 6E A1 52 25   5A EC 6F AD 20 71 5A 1B  ./..n.R%Z.o. qZ.
0070: 66 D4 0D A6 49 B7 75 43   C4 84 0B 4B AC BD 16 76  f...I.uC...K...v
0080: 58 2B 07 85 E2 F1 44 15   1E 67 D1 3C 13 73 5A 2D  X+....D..g.<.sZ-
0090: D6 06 0B A1 D3 09 7E EF   88 F9 C3 0E A4 10 47 EA  ..............G.
00A0: 65 5D CD F0 39 EA 2F 59   1C 08 BC F9 CC 5B C9 BB  e]..9./Y.....[..
00B0: 2F 20 19 81 97 B5 21 BB   60 A4 39 08 6C 41 2A 51  / ....!.`.9.lA*Q
00C0: B1 C3 1A A3 8C F8 ED 67   D0 EE EC 52 01 2A E4 1E  .......g...R.*..
00D0: D2 B4 34 73 DC 7E 34 24   A9 4E 77 AD FD B3 77 0D  ..4s..4$.Nw...w.
00E0: C2 7A C0 65 F6 CC 11 9D   19 AA 59 13 C3 9D AD 5F  .z.e......Y...._
00F0: 61 E6 C2 18 F0 E5 A1 49   41 B5 EF 9E 91 0C 35 9C  a......IA.....5.

]
***
update handshake state: certificate[11]
upcoming handshake states: server_key_exchange[12](optional)
upcoming handshake states: certificate_request[13](optional)
upcoming handshake states: server_hello_done[14]
upcoming handshake states: client certificate[11](optional)
upcoming handshake states: client_key_exchange[16]
upcoming handshake states: certificate_verify[15](optional)
upcoming handshake states: client change_cipher_spec[-1]
upcoming handshake states: client finished[20]
upcoming handshake states: server change_cipher_spec[-1]
upcoming handshake states: server finished[20]
*** ECDH ServerKeyExchange
Signature Algorithm SHA512withRSA
Server key: Sun EC public key, 256 bits
  public x coord: 52096620719183702918373220796290007754513481723555197049770279434098344457856
  public y coord: 40435588797880475484343066293016571769669000962174075791568462886677262402956
  parameters: secp256r1 [NIST P-256, X9.62 prime256v1] (1.2.840.10045.3.1.7)
update handshake state: server_key_exchange[12]
upcoming handshake states: certificate_request[13](optional)
upcoming handshake states: server_hello_done[14]
upcoming handshake states: client certificate[11](optional)
upcoming handshake states: client_key_exchange[16]
upcoming handshake states: certificate_verify[15](optional)
upcoming handshake states: client change_cipher_spec[-1]
upcoming handshake states: client finished[20]
upcoming handshake states: server change_cipher_spec[-1]
upcoming handshake states: server finished[20]
*** CertificateRequest
Cert Types: RSA, DSS, ECDSA
Supported Signature Algorithms: SHA512withECDSA, SHA512withRSA, SHA384withECDSA, SHA384withRSA, SHA256withECDSA, SHA256withRSA, SHA256withDSA, SHA1withECDSA, SHA1withRSA, SHA1withDSA
Cert Authorities:
<CN=localhost, OU=ZooKeeper, O=Apache, L=Unknown, ST=Unknown, C=Unknown>
update handshake state: unknown[13]
upcoming handshake states: server_hello_done[14]
upcoming handshake states: client certificate[11](optional)
upcoming handshake states: client_key_exchange[16]
upcoming handshake states: certificate_verify[15](optional)
upcoming handshake states: client change_cipher_spec[-1]
upcoming handshake states: client finished[20]
upcoming handshake states: server change_cipher_spec[-1]
upcoming handshake states: server finished[20]
*** ServerHelloDone
update handshake state: server_hello_done[14]
upcoming handshake states: client certificate[11](optional)
upcoming handshake states: client_key_exchange[16]
upcoming handshake states: certificate_verify[15](optional)
upcoming handshake states: client change_cipher_spec[-1]
upcoming handshake states: client finished[20]
upcoming handshake states: server change_cipher_spec[-1]
upcoming handshake states: server finished[20]
nioEventLoopGroup-4-1, WRITE: TLSv1.2 Handshake, length = 1478
nioEventLoopGroup-5-1, READ: TLSv1.2 Handshake, length = 1478
check handshake state: server_hello[2]
*** ServerHello, TLSv1.2
RandomCookie:  GMT: 1576028773 bytes = { 54, 227, 206, 157, 81, 44, 49, 70, 7, 160, 103, 161, 91, 49, 5, 240, 11, 168, 12, 56, 109, 102, 112, 9, 125, 89, 228, 37 }
Session ID:  {94, 240, 74, 101, 227, 238, 65, 195, 92, 129, 52, 53, 57, 170, 197, 97, 18, 58, 91, 160, 219, 120, 194, 170, 86, 237, 94, 204, 235, 168, 153, 93}
Cipher Suite: TLS_ECDHE_RSA_WITH_AES_256_CBC_SHA384
Compression Method: 0
Extension renegotiation_info, renegotiated_connection: <empty>
Extension extended_master_secret
***
%% Initialized:  [Session-66, TLS_ECDHE_RSA_WITH_AES_256_CBC_SHA384]
** TLS_ECDHE_RSA_WITH_AES_256_CBC_SHA384
update handshake state: server_hello[2]
upcoming handshake states: server certificate[11]
upcoming handshake states: server_key_exchange[12](optional)
upcoming handshake states: certificate_request[13](optional)
upcoming handshake states: server_hello_done[14]
upcoming handshake states: client certificate[11](optional)
upcoming handshake states: client_key_exchange[16]
upcoming handshake states: certificate_verify[15](optional)
upcoming handshake states: client change_cipher_spec[-1]
upcoming handshake states: client finished[20]
upcoming handshake states: server change_cipher_spec[-1]
upcoming handshake states: server finished[20]
check handshake state: certificate[11]
update handshake state: certificate[11]
upcoming handshake states: server_key_exchange[12](optional)
upcoming handshake states: certificate_request[13](optional)
upcoming handshake states: server_hello_done[14]
upcoming handshake states: client certificate[11](optional)
upcoming handshake states: client_key_exchange[16]
upcoming handshake states: certificate_verify[15](optional)
upcoming handshake states: client change_cipher_spec[-1]
upcoming handshake states: client finished[20]
upcoming handshake states: server change_cipher_spec[-1]
upcoming handshake states: server finished[20]
*** Certificate chain
chain [0] = [
[
  Version: V3
  Subject: CN=localhost, OU=ZooKeeper, O=Apache, L=Unknown, ST=Unknown, C=Unknown
  Signature Algorithm: SHA256withRSA, OID = 1.2.840.113549.1.1.11

  Key:  Sun RSA public key, 2048 bits
  params: null
  modulus: 20466894428749997265095448870198652391311568515891366224735448896044144250313384062095901217219702596717622583159291680947094046474456586662132842412743846124470020097713679685492900855417800931365512472314155689881392853768001073664569106127795833231344696659209258027979401908711647617989508135190248980524852215540637603770017238536229773075995665111861820945008718990948857303373661769409475939971958531493423489844433566328219155461676589360491136984327342101195255797973694339642711115427623510874675394946293706606142706174397483349590050687482693164890194014220011640037490528845185364811025836034294701994387
  public exponent: 65537
  Validity: [From: Sat Jan 31 02:57:30 CST 2015,
               To: Wed Feb 08 02:57:30 CST 3015]
  Issuer: CN=localhost, OU=ZooKeeper, O=Apache, L=Unknown, ST=Unknown, C=Unknown
  SerialNumber: [    7334b506]

Certificate Extensions: 1
[1]: ObjectId: 2.5.29.14 Criticality=false
SubjectKeyIdentifier [
KeyIdentifier [
0000: 65 D7 B4 E0 27 45 7A 00   58 2F AD D5 0B 64 2D 77  e...'Ez.X/...d-w
0010: 88 F7 AA F5                                        ....
]
]

]
  Algorithm: [SHA256withRSA]
  Signature:
0000: 1B C8 6B 36 83 1D 28 37   5C 1F 7D F6 C6 84 A0 BF  ..k6..(7\.......
0010: CA C0 47 CF C5 34 70 7A   CF 6B EA 34 84 BE 08 7A  ..G..4pz.k.4...z
0020: 98 E6 3D ED 1D E2 6F 06   DB 23 AB 41 AD D5 DF 1D  ..=...o..#.A....
0030: 92 F4 9D 05 FD 7C EE BE   4A 87 B8 F1 FE F4 5B 79  ........J.....[y
0040: DC AD F7 44 3D 67 08 7A   3B 91 D7 5A 79 44 96 D7  ...D=g.z;..ZyD..
0050: BE 0E 41 C8 64 E3 87 C3   28 11 AB DC 36 F5 B0 AC  ..A.d...(...6...
0060: BD 2F 16 1D 6E A1 52 25   5A EC 6F AD 20 71 5A 1B  ./..n.R%Z.o. qZ.
0070: 66 D4 0D A6 49 B7 75 43   C4 84 0B 4B AC BD 16 76  f...I.uC...K...v
0080: 58 2B 07 85 E2 F1 44 15   1E 67 D1 3C 13 73 5A 2D  X+....D..g.<.sZ-
0090: D6 06 0B A1 D3 09 7E EF   88 F9 C3 0E A4 10 47 EA  ..............G.
00A0: 65 5D CD F0 39 EA 2F 59   1C 08 BC F9 CC 5B C9 BB  e]..9./Y.....[..
00B0: 2F 20 19 81 97 B5 21 BB   60 A4 39 08 6C 41 2A 51  / ....!.`.9.lA*Q
00C0: B1 C3 1A A3 8C F8 ED 67   D0 EE EC 52 01 2A E4 1E  .......g...R.*..
00D0: D2 B4 34 73 DC 7E 34 24   A9 4E 77 AD FD B3 77 0D  ..4s..4$.Nw...w.
00E0: C2 7A C0 65 F6 CC 11 9D   19 AA 59 13 C3 9D AD 5F  .z.e......Y...._
00F0: 61 E6 C2 18 F0 E5 A1 49   41 B5 EF 9E 91 0C 35 9C  a......IA.....5.

]
***
Found trusted certificate:
[
[
  Version: V3
  Subject: CN=localhost, OU=ZooKeeper, O=Apache, L=Unknown, ST=Unknown, C=Unknown
  Signature Algorithm: SHA256withRSA, OID = 1.2.840.113549.1.1.11

  Key:  Sun RSA public key, 2048 bits
  params: null
  modulus: 20466894428749997265095448870198652391311568515891366224735448896044144250313384062095901217219702596717622583159291680947094046474456586662132842412743846124470020097713679685492900855417800931365512472314155689881392853768001073664569106127795833231344696659209258027979401908711647617989508135190248980524852215540637603770017238536229773075995665111861820945008718990948857303373661769409475939971958531493423489844433566328219155461676589360491136984327342101195255797973694339642711115427623510874675394946293706606142706174397483349590050687482693164890194014220011640037490528845185364811025836034294701994387
  public exponent: 65537
  Validity: [From: Sat Jan 31 02:57:30 CST 2015,
               To: Wed Feb 08 02:57:30 CST 3015]
  Issuer: CN=localhost, OU=ZooKeeper, O=Apache, L=Unknown, ST=Unknown, C=Unknown
  SerialNumber: [    7334b506]

Certificate Extensions: 1
[1]: ObjectId: 2.5.29.14 Criticality=false
SubjectKeyIdentifier [
KeyIdentifier [
0000: 65 D7 B4 E0 27 45 7A 00   58 2F AD D5 0B 64 2D 77  e...'Ez.X/...d-w
0010: 88 F7 AA F5                                        ....
]
]

]
  Algorithm: [SHA256withRSA]
  Signature:
0000: 1B C8 6B 36 83 1D 28 37   5C 1F 7D F6 C6 84 A0 BF  ..k6..(7\.......
0010: CA C0 47 CF C5 34 70 7A   CF 6B EA 34 84 BE 08 7A  ..G..4pz.k.4...z
0020: 98 E6 3D ED 1D E2 6F 06   DB 23 AB 41 AD D5 DF 1D  ..=...o..#.A....
0030: 92 F4 9D 05 FD 7C EE BE   4A 87 B8 F1 FE F4 5B 79  ........J.....[y
0040: DC AD F7 44 3D 67 08 7A   3B 91 D7 5A 79 44 96 D7  ...D=g.z;..ZyD..
0050: BE 0E 41 C8 64 E3 87 C3   28 11 AB DC 36 F5 B0 AC  ..A.d...(...6...
0060: BD 2F 16 1D 6E A1 52 25   5A EC 6F AD 20 71 5A 1B  ./..n.R%Z.o. qZ.
0070: 66 D4 0D A6 49 B7 75 43   C4 84 0B 4B AC BD 16 76  f...I.uC...K...v
0080: 58 2B 07 85 E2 F1 44 15   1E 67 D1 3C 13 73 5A 2D  X+....D..g.<.sZ-
0090: D6 06 0B A1 D3 09 7E EF   88 F9 C3 0E A4 10 47 EA  ..............G.
00A0: 65 5D CD F0 39 EA 2F 59   1C 08 BC F9 CC 5B C9 BB  e]..9./Y.....[..
00B0: 2F 20 19 81 97 B5 21 BB   60 A4 39 08 6C 41 2A 51  / ....!.`.9.lA*Q
00C0: B1 C3 1A A3 8C F8 ED 67   D0 EE EC 52 01 2A E4 1E  .......g...R.*..
00D0: D2 B4 34 73 DC 7E 34 24   A9 4E 77 AD FD B3 77 0D  ..4s..4$.Nw...w.
00E0: C2 7A C0 65 F6 CC 11 9D   19 AA 59 13 C3 9D AD 5F  .z.e......Y...._
00F0: 61 E6 C2 18 F0 E5 A1 49   41 B5 EF 9E 91 0C 35 9C  a......IA.....5.

]
2020-06-22 14:06:29,302 [myid:127.0.0.1:30073] - ERROR [nioEventLoopGroup-5-1:ZKTrustManager@161] - Failed to verify host address: 127.0.0.1
javax.net.ssl.SSLPeerUnverifiedException: Certificate for <127.0.0.1> doesn't match common name of the certificate subject: localhost
	at org.apache.zookeeper.common.ZKHostnameVerifier.matchCN(ZKHostnameVerifier.java:238)
	at org.apache.zookeeper.common.ZKHostnameVerifier.verify(ZKHostnameVerifier.java:184)
	at org.apache.zookeeper.common.ZKTrustManager.performHostVerification(ZKTrustManager.java:151)
	at org.apache.zookeeper.common.ZKTrustManager.checkServerTrusted(ZKTrustManager.java:118)
	at sun.security.ssl.ClientHandshaker.serverCertificate(ClientHandshaker.java:1675)
	at sun.security.ssl.ClientHandshaker.processMessage(ClientHandshaker.java:226)
	at sun.security.ssl.Handshaker.processLoop(Handshaker.java:1082)
	at sun.security.ssl.Handshaker$1.run(Handshaker.java:1015)
	at sun.security.ssl.Handshaker$1.run(Handshaker.java:1012)
	at java.security.AccessController.doPrivileged(Native Method)
	at sun.security.ssl.Handshaker$DelegatedTask.run(Handshaker.java:1504)
	at io.netty.handler.ssl.SslHandler.runAllDelegatedTasks(SslHandler.java:1510)
	at io.netty.handler.ssl.SslHandler.runDelegatedTasks(SslHandler.java:1524)
	at io.netty.handler.ssl.SslHandler.unwrap(SslHandler.java:1408)
	at io.netty.handler.ssl.SslHandler.decodeJdkCompatible(SslHandler.java:1235)
	at io.netty.handler.ssl.SslHandler.decode(SslHandler.java:1282)
	at io.netty.handler.codec.ByteToMessageDecoder.decodeRemovalReentryProtection(ByteToMessageDecoder.java:498)
	at io.netty.handler.codec.ByteToMessageDecoder.callDecode(ByteToMessageDecoder.java:437)
	at io.netty.handler.codec.ByteToMessageDecoder.channelRead(ByteToMessageDecoder.java:276)
	at io.netty.channel.AbstractChannelHandlerContext.invokeChannelRead(AbstractChannelHandlerContext.java:379)
	at io.netty.channel.AbstractChannelHandlerContext.invokeChannelRead(AbstractChannelHandlerContext.java:365)
	at io.netty.channel.AbstractChannelHandlerContext.fireChannelRead(AbstractChannelHandlerContext.java:357)
	at io.netty.channel.DefaultChannelPipeline$HeadContext.channelRead(DefaultChannelPipeline.java:1410)
	at io.netty.channel.AbstractChannelHandlerContext.invokeChannelRead(AbstractChannelHandlerContext.java:379)
	at io.netty.channel.AbstractChannelHandlerContext.invokeChannelRead(AbstractChannelHandlerContext.java:365)
	at io.netty.channel.DefaultChannelPipeline.fireChannelRead(DefaultChannelPipeline.java:919)
	at io.netty.channel.nio.AbstractNioByteChannel$NioByteUnsafe.read(AbstractNioByteChannel.java:163)
	at io.netty.channel.nio.NioEventLoop.processSelectedKey(NioEventLoop.java:714)
	at io.netty.channel.nio.NioEventLoop.processSelectedKeysOptimized(NioEventLoop.java:650)
	at io.netty.channel.nio.NioEventLoop.processSelectedKeys(NioEventLoop.java:576)
	at io.netty.channel.nio.NioEventLoop.run(NioEventLoop.java:493)
	at io.netty.util.concurrent.SingleThreadEventExecutor$4.run(SingleThreadEventExecutor.java:989)
	at io.netty.util.internal.ThreadExecutorMap$2.run(ThreadExecutorMap.java:74)
	at io.netty.util.concurrent.FastThreadLocalRunnable.run(FastThreadLocalRunnable.java:30)
	at java.lang.Thread.run(Thread.java:748)
2020-06-22 14:06:29,302 [myid:127.0.0.1:30073] - ERROR [nioEventLoopGroup-5-1:ZKTrustManager@162] - Failed to verify hostname: activate.navicat.com
javax.net.ssl.SSLPeerUnverifiedException: Certificate for <activate.navicat.com> doesn't match common name of the certificate subject: localhost
	at org.apache.zookeeper.common.ZKHostnameVerifier.matchCN(ZKHostnameVerifier.java:238)
	at org.apache.zookeeper.common.ZKHostnameVerifier.verify(ZKHostnameVerifier.java:184)
	at org.apache.zookeeper.common.ZKTrustManager.performHostVerification(ZKTrustManager.java:159)
	at org.apache.zookeeper.common.ZKTrustManager.checkServerTrusted(ZKTrustManager.java:118)
	at sun.security.ssl.ClientHandshaker.serverCertificate(ClientHandshaker.java:1675)
	at sun.security.ssl.ClientHandshaker.processMessage(ClientHandshaker.java:226)
	at sun.security.ssl.Handshaker.processLoop(Handshaker.java:1082)
	at sun.security.ssl.Handshaker$1.run(Handshaker.java:1015)
	at sun.security.ssl.Handshaker$1.run(Handshaker.java:1012)
	at java.security.AccessController.doPrivileged(Native Method)
	at sun.security.ssl.Handshaker$DelegatedTask.run(Handshaker.java:1504)
	at io.netty.handler.ssl.SslHandler.runAllDelegatedTasks(SslHandler.java:1510)
	at io.netty.handler.ssl.SslHandler.runDelegatedTasks(SslHandler.java:1524)
	at io.netty.handler.ssl.SslHandler.unwrap(SslHandler.java:1408)
	at io.netty.handler.ssl.SslHandler.decodeJdkCompatible(SslHandler.java:1235)
	at io.netty.handler.ssl.SslHandler.decode(SslHandler.java:1282)
	at io.netty.handler.codec.ByteToMessageDecoder.decodeRemovalReentryProtection(ByteToMessageDecoder.java:498)
	at io.netty.handler.codec.ByteToMessageDecoder.callDecode(ByteToMessageDecoder.java:437)
	at io.netty.handler.codec.ByteToMessageDecoder.channelRead(ByteToMessageDecoder.java:276)
	at io.netty.channel.AbstractChannelHandlerContext.invokeChannelRead(AbstractChannelHandlerContext.java:379)
	at io.netty.channel.AbstractChannelHandlerContext.invokeChannelRead(AbstractChannelHandlerContext.java:365)
	at io.netty.channel.AbstractChannelHandlerContext.fireChannelRead(AbstractChannelHandlerContext.java:357)
	at io.netty.channel.DefaultChannelPipeline$HeadContext.channelRead(DefaultChannelPipeline.java:1410)
	at io.netty.channel.AbstractChannelHandlerContext.invokeChannelRead(AbstractChannelHandlerContext.java:379)
	at io.netty.channel.AbstractChannelHandlerContext.invokeChannelRead(AbstractChannelHandlerContext.java:365)
	at io.netty.channel.DefaultChannelPipeline.fireChannelRead(DefaultChannelPipeline.java:919)
	at io.netty.channel.nio.AbstractNioByteChannel$NioByteUnsafe.read(AbstractNioByteChannel.java:163)
	at io.netty.channel.nio.NioEventLoop.processSelectedKey(NioEventLoop.java:714)
	at io.netty.channel.nio.NioEventLoop.processSelectedKeysOptimized(NioEventLoop.java:650)
	at io.netty.channel.nio.NioEventLoop.processSelectedKeys(NioEventLoop.java:576)
	at io.netty.channel.nio.NioEventLoop.run(NioEventLoop.java:493)
	at io.netty.util.concurrent.SingleThreadEventExecutor$4.run(SingleThreadEventExecutor.java:989)
	at io.netty.util.internal.ThreadExecutorMap$2.run(ThreadExecutorMap.java:74)
	at io.netty.util.concurrent.FastThreadLocalRunnable.run(FastThreadLocalRunnable.java:30)
	at java.lang.Thread.run(Thread.java:748)
nioEventLoopGroup-5-1, fatal error: 46: General SSLEngine problem
java.security.cert.CertificateException: Failed to verify both host address and host name
%% Invalidated:  [Session-63, SSL_NULL_WITH_NULL_NULL]
%% Invalidated:  [Session-66, TLS_ECDHE_RSA_WITH_AES_256_CBC_SHA384]
nioEventLoopGroup-5-1, SEND TLSv1.2 ALERT:  fatal, description = certificate_unknown
nioEventLoopGroup-5-1, WRITE: TLSv1.2 Alert, length = 2
nioEventLoopGroup-5-1, fatal: engine already closed.  Rethrowing javax.net.ssl.SSLHandshakeException: General SSLEngine problem
nioEventLoopGroup-5-1, called closeOutbound()
nioEventLoopGroup-5-1, closeOutboundInternal()
nioEventLoopGroup-5-1, called closeInbound()
nioEventLoopGroup-5-1, fatal: engine already closed.  Rethrowing javax.net.ssl.SSLException: Inbound closed before receiving peer's close_notify: possible truncation attack?
nioEventLoopGroup-4-1, READ: TLSv1.2 Alert, length = 2
nioEventLoopGroup-4-1, RECV TLSv1.2 ALERT:  fatal, certificate_unknown
nioEventLoopGroup-4-1, fatal: engine already closed.  Rethrowing javax.net.ssl.SSLException: Received fatal alert: certificate_unknown
nioEventLoopGroup-4-1, fatal: engine already closed.  Rethrowing javax.net.ssl.SSLException: Received fatal alert: certificate_unknown
2020-06-22 14:06:29,303 [myid:] - ERROR [nioEventLoopGroup-4-1:NettyServerCnxnFactory$CertificateVerifier@434] - Unsuccessful handshake with session 0x0
nioEventLoopGroup-4-1, called closeOutbound()
nioEventLoopGroup-4-1, closeOutboundInternal()
nioEventLoopGroup-4-1, SEND TLSv1.2 ALERT:  warning, description = close_notify
nioEventLoopGroup-4-1, WRITE: TLSv1.2 Alert, length = 2
nioEventLoopGroup-4-1, called closeInbound()
nioEventLoopGroup-4-1, fatal: engine already closed.  Rethrowing javax.net.ssl.SSLException: Inbound closed before receiving peer's close_notify: possible truncation attack?
2020-06-22 14:06:29,303 [myid:127.0.0.1:30073] - ERROR [nioEventLoopGroup-5-1:ClientCnxnSocketNetty$ZKClientHandler@522] - Unexpected throwable
io.netty.handler.codec.DecoderException: javax.net.ssl.SSLHandshakeException: General SSLEngine problem
	at io.netty.handler.codec.ByteToMessageDecoder.callDecode(ByteToMessageDecoder.java:468)
	at io.netty.handler.codec.ByteToMessageDecoder.channelRead(ByteToMessageDecoder.java:276)
	at io.netty.channel.AbstractChannelHandlerContext.invokeChannelRead(AbstractChannelHandlerContext.java:379)
	at io.netty.channel.AbstractChannelHandlerContext.invokeChannelRead(AbstractChannelHandlerContext.java:365)
	at io.netty.channel.AbstractChannelHandlerContext.fireChannelRead(AbstractChannelHandlerContext.java:357)
	at io.netty.channel.DefaultChannelPipeline$HeadContext.channelRead(DefaultChannelPipeline.java:1410)
	at io.netty.channel.AbstractChannelHandlerContext.invokeChannelRead(AbstractChannelHandlerContext.java:379)
	at io.netty.channel.AbstractChannelHandlerContext.invokeChannelRead(AbstractChannelHandlerContext.java:365)
	at io.netty.channel.DefaultChannelPipeline.fireChannelRead(DefaultChannelPipeline.java:919)
	at io.netty.channel.nio.AbstractNioByteChannel$NioByteUnsafe.read(AbstractNioByteChannel.java:163)
	at io.netty.channel.nio.NioEventLoop.processSelectedKey(NioEventLoop.java:714)
	at io.netty.channel.nio.NioEventLoop.processSelectedKeysOptimized(NioEventLoop.java:650)
	at io.netty.channel.nio.NioEventLoop.processSelectedKeys(NioEventLoop.java:576)
	at io.netty.channel.nio.NioEventLoop.run(NioEventLoop.java:493)
	at io.netty.util.concurrent.SingleThreadEventExecutor$4.run(SingleThreadEventExecutor.java:989)
	at io.netty.util.internal.ThreadExecutorMap$2.run(ThreadExecutorMap.java:74)
	at io.netty.util.concurrent.FastThreadLocalRunnable.run(FastThreadLocalRunnable.java:30)
	at java.lang.Thread.run(Thread.java:748)
Caused by: javax.net.ssl.SSLHandshakeException: General SSLEngine problem
	at sun.security.ssl.Handshaker.checkThrown(Handshaker.java:1566)
	at sun.security.ssl.SSLEngineImpl.checkTaskThrown(SSLEngineImpl.java:545)
	at sun.security.ssl.SSLEngineImpl.readNetRecord(SSLEngineImpl.java:819)
	at sun.security.ssl.SSLEngineImpl.unwrap(SSLEngineImpl.java:783)
	at javax.net.ssl.SSLEngine.unwrap(SSLEngine.java:626)
	at io.netty.handler.ssl.SslHandler$SslEngineType$3.unwrap(SslHandler.java:281)
	at io.netty.handler.ssl.SslHandler.unwrap(SslHandler.java:1340)
	at io.netty.handler.ssl.SslHandler.decodeJdkCompatible(SslHandler.java:1235)
	at io.netty.handler.ssl.SslHandler.decode(SslHandler.java:1282)
	at io.netty.handler.codec.ByteToMessageDecoder.decodeRemovalReentryProtection(ByteToMessageDecoder.java:498)
	at io.netty.handler.codec.ByteToMessageDecoder.callDecode(ByteToMessageDecoder.java:437)
	... 17 more
Caused by: javax.net.ssl.SSLHandshakeException: General SSLEngine problem
	at sun.security.ssl.Alerts.getSSLException(Alerts.java:198)
	at sun.security.ssl.SSLEngineImpl.fatal(SSLEngineImpl.java:1729)
	at sun.security.ssl.Handshaker.fatalSE(Handshaker.java:333)
	at sun.security.ssl.Handshaker.fatalSE(Handshaker.java:325)
	at sun.security.ssl.ClientHandshaker.serverCertificate(ClientHandshaker.java:1688)
	at sun.security.ssl.ClientHandshaker.processMessage(ClientHandshaker.java:226)
	at sun.security.ssl.Handshaker.processLoop(Handshaker.java:1082)
	at sun.security.ssl.Handshaker$1.run(Handshaker.java:1015)
	at sun.security.ssl.Handshaker$1.run(Handshaker.java:1012)
	at java.security.AccessController.doPrivileged(Native Method)
	at sun.security.ssl.Handshaker$DelegatedTask.run(Handshaker.java:1504)
	at io.netty.handler.ssl.SslHandler.runAllDelegatedTasks(SslHandler.java:1510)
	at io.netty.handler.ssl.SslHandler.runDelegatedTasks(SslHandler.java:1524)
	at io.netty.handler.ssl.SslHandler.unwrap(SslHandler.java:1408)
	... 21 more
Caused by: java.security.cert.CertificateException: Failed to verify both host address and host name
	at org.apache.zookeeper.common.ZKTrustManager.performHostVerification(ZKTrustManager.java:163)
	at org.apache.zookeeper.common.ZKTrustManager.checkServerTrusted(ZKTrustManager.java:118)
	at sun.security.ssl.ClientHandshaker.serverCertificate(ClientHandshaker.java:1675)
	... 30 more
Caused by: javax.net.ssl.SSLPeerUnverifiedException: Certificate for <activate.navicat.com> doesn't match common name of the certificate subject: localhost
	at org.apache.zookeeper.common.ZKHostnameVerifier.matchCN(ZKHostnameVerifier.java:238)
	at org.apache.zookeeper.common.ZKHostnameVerifier.verify(ZKHostnameVerifier.java:184)
	at org.apache.zookeeper.common.ZKTrustManager.performHostVerification(ZKTrustManager.java:159)
	... 32 more
2020-06-22 14:06:29,305 [myid:127.0.0.1:30073] - INFO  [nioEventLoopGroup-5-1:ClientCnxnSocketNetty@249] - channel is told closing
nioEventLoopGroup-5-1, called closeOutbound()
nioEventLoopGroup-5-1, closeOutboundInternal()
2020-06-22 14:06:29,305 [myid:] - WARN  [nioEventLoopGroup-4-1:NettyServerCnxnFactory$CnxnChannelHandler@273] - Exception caught
io.netty.handler.codec.DecoderException: javax.net.ssl.SSLException: Received fatal alert: certificate_unknown
	at io.netty.handler.codec.ByteToMessageDecoder.callDecode(ByteToMessageDecoder.java:468)
	at io.netty.handler.codec.ByteToMessageDecoder.channelRead(ByteToMessageDecoder.java:276)
	at io.netty.channel.AbstractChannelHandlerContext.invokeChannelRead(AbstractChannelHandlerContext.java:379)
	at io.netty.channel.AbstractChannelHandlerContext.invokeChannelRead(AbstractChannelHandlerContext.java:365)
	at io.netty.channel.AbstractChannelHandlerContext.fireChannelRead(AbstractChannelHandlerContext.java:357)
	at io.netty.channel.DefaultChannelPipeline$HeadContext.channelRead(DefaultChannelPipeline.java:1410)
	at io.netty.channel.AbstractChannelHandlerContext.invokeChannelRead(AbstractChannelHandlerContext.java:379)
	at io.netty.channel.AbstractChannelHandlerContext.invokeChannelRead(AbstractChannelHandlerContext.java:365)
	at io.netty.channel.DefaultChannelPipeline.fireChannelRead(DefaultChannelPipeline.java:919)
	at io.netty.channel.nio.AbstractNioByteChannel$NioByteUnsafe.read(AbstractNioByteChannel.java:163)
	at io.netty.channel.nio.NioEventLoop.processSelectedKey(NioEventLoop.java:714)
	at io.netty.channel.nio.NioEventLoop.processSelectedKeysOptimized(NioEventLoop.java:650)
	at io.netty.channel.nio.NioEventLoop.processSelectedKeys(NioEventLoop.java:576)
	at io.netty.channel.nio.NioEventLoop.run(NioEventLoop.java:493)
	at io.netty.util.concurrent.SingleThreadEventExecutor$4.run(SingleThreadEventExecutor.java:989)
	at io.netty.util.internal.ThreadExecutorMap$2.run(ThreadExecutorMap.java:74)
	at io.netty.util.concurrent.FastThreadLocalRunnable.run(FastThreadLocalRunnable.java:30)
	at java.lang.Thread.run(Thread.java:748)
Caused by: javax.net.ssl.SSLException: Received fatal alert: certificate_unknown
	at sun.security.ssl.Alerts.getSSLException(Alerts.java:214)
	at sun.security.ssl.SSLEngineImpl.fatal(SSLEngineImpl.java:1667)
	at sun.security.ssl.SSLEngineImpl.fatal(SSLEngineImpl.java:1635)
	at sun.security.ssl.SSLEngineImpl.recvAlert(SSLEngineImpl.java:1801)
	at sun.security.ssl.SSLEngineImpl.readRecord(SSLEngineImpl.java:1090)
	at sun.security.ssl.SSLEngineImpl.readNetRecord(SSLEngineImpl.java:913)
	at sun.security.ssl.SSLEngineImpl.unwrap(SSLEngineImpl.java:783)
	at javax.net.ssl.SSLEngine.unwrap(SSLEngine.java:626)
	at io.netty.handler.ssl.SslHandler$SslEngineType$3.unwrap(SslHandler.java:281)
	at io.netty.handler.ssl.SslHandler.unwrap(SslHandler.java:1340)
	at io.netty.handler.ssl.SslHandler.decodeJdkCompatible(SslHandler.java:1235)
	at io.netty.handler.ssl.SslHandler.decode(SslHandler.java:1282)
	at io.netty.handler.codec.ByteToMessageDecoder.decodeRemovalReentryProtection(ByteToMessageDecoder.java:498)
	at io.netty.handler.codec.ByteToMessageDecoder.callDecode(ByteToMessageDecoder.java:437)
	... 17 more
nioEventLoopGroup-4-1, called closeOutbound()
nioEventLoopGroup-4-1, closeOutboundInternal()
2020-06-22 14:06:29,305 [myid:127.0.0.1:30073] - WARN  [main-SendThread(127.0.0.1:30073):ClientCnxn$SendThread@1272] - Session 0x0 for sever activate.navicat.com/127.0.0.1:30073, Closing socket connection. Attempting reconnect except it is a SessionExpiredException.
EndOfStreamException: channel for sessionid 0x0 is lost
	at org.apache.zookeeper.ClientCnxnSocketNetty.doTransport(ClientCnxnSocketNetty.java:285)
	at org.apache.zookeeper.ClientCnxn$SendThread.run(ClientCnxn.java:1262)
nioEventLoopGroup-4-1, READ: TLSv1.2 Alert, length = 2
nioEventLoopGroup-4-1, RECV TLSv1.2 ALERT:  fatal, certificate_unknown
2020-06-22 14:06:29,305 [myid:127.0.0.1:30073] - INFO  [nioEventLoopGroup-5-1:ClientCnxnSocketNetty$ZKClientHandler@469] - channel is disconnected: [id: 0xb0013c20, L:/127.0.0.1:55191 ! R:activate.navicat.com/127.0.0.1:30073]
nioEventLoopGroup-4-1, fatal: engine already closed.  Rethrowing javax.net.ssl.SSLException: Received fatal alert: certificate_unknown
nioEventLoopGroup-4-1, fatal: engine already closed.  Rethrowing javax.net.ssl.SSLException: Received fatal alert: certificate_unknown
nioEventLoopGroup-4-1, called closeOutbound()
nioEventLoopGroup-4-1, closeOutboundInternal()
nioEventLoopGroup-4-1, called closeInbound()
nioEventLoopGroup-4-1, closeInboundInternal()
nioEventLoopGroup-4-1, closeOutboundInternal()
2020-06-22 14:06:29,305 [myid:] - WARN  [nioEventLoopGroup-4-1:NettyServerCnxnFactory$CnxnChannelHandler@273] - Exception caught
io.netty.handler.codec.DecoderException: javax.net.ssl.SSLException: Received fatal alert: certificate_unknown
	at io.netty.handler.codec.ByteToMessageDecoder.callDecode(ByteToMessageDecoder.java:468)
	at io.netty.handler.codec.ByteToMessageDecoder.channelInputClosed(ByteToMessageDecoder.java:401)
	at io.netty.handler.codec.ByteToMessageDecoder.channelInputClosed(ByteToMessageDecoder.java:368)
	at io.netty.handler.codec.ByteToMessageDecoder.channelInactive(ByteToMessageDecoder.java:351)
	at io.netty.handler.ssl.SslHandler.channelInactive(SslHandler.java:1084)
	at io.netty.channel.AbstractChannelHandlerContext.invokeChannelInactive(AbstractChannelHandlerContext.java:262)
	at io.netty.channel.AbstractChannelHandlerContext.invokeChannelInactive(AbstractChannelHandlerContext.java:248)
	at io.netty.channel.AbstractChannelHandlerContext.fireChannelInactive(AbstractChannelHandlerContext.java:241)
	at io.netty.channel.DefaultChannelPipeline$HeadContext.channelInactive(DefaultChannelPipeline.java:1405)
	at io.netty.channel.AbstractChannelHandlerContext.invokeChannelInactive(AbstractChannelHandlerContext.java:262)
	at io.netty.channel.AbstractChannelHandlerContext.invokeChannelInactive(AbstractChannelHandlerContext.java:248)
	at io.netty.channel.DefaultChannelPipeline.fireChannelInactive(DefaultChannelPipeline.java:901)
	at io.netty.channel.AbstractChannel$AbstractUnsafe$8.run(AbstractChannel.java:818)
	at io.netty.util.concurrent.AbstractEventExecutor.safeExecute(AbstractEventExecutor.java:164)
	at io.netty.util.concurrent.SingleThreadEventExecutor.runAllTasks(SingleThreadEventExecutor.java:472)
	at io.netty.channel.nio.NioEventLoop.run(NioEventLoop.java:497)
	at io.netty.util.concurrent.SingleThreadEventExecutor$4.run(SingleThreadEventExecutor.java:989)
	at io.netty.util.internal.ThreadExecutorMap$2.run(ThreadExecutorMap.java:74)
	at io.netty.util.concurrent.FastThreadLocalRunnable.run(FastThreadLocalRunnable.java:30)
	at java.lang.Thread.run(Thread.java:748)
Caused by: javax.net.ssl.SSLException: Received fatal alert: certificate_unknown
	at sun.security.ssl.Alerts.getSSLException(Alerts.java:214)
	at sun.security.ssl.SSLEngineImpl.fatal(SSLEngineImpl.java:1667)
	at sun.security.ssl.SSLEngineImpl.fatal(SSLEngineImpl.java:1635)
	at sun.security.ssl.SSLEngineImpl.recvAlert(SSLEngineImpl.java:1801)
	at sun.security.ssl.SSLEngineImpl.readRecord(SSLEngineImpl.java:1090)
	at sun.security.ssl.SSLEngineImpl.readNetRecord(SSLEngineImpl.java:913)
	at sun.security.ssl.SSLEngineImpl.unwrap(SSLEngineImpl.java:783)
	at javax.net.ssl.SSLEngine.unwrap(SSLEngine.java:626)
	at io.netty.handler.ssl.SslHandler$SslEngineType$3.unwrap(SslHandler.java:281)
	at io.netty.handler.ssl.SslHandler.unwrap(SslHandler.java:1340)
	at io.netty.handler.ssl.SslHandler.decodeJdkCompatible(SslHandler.java:1235)
	at io.netty.handler.ssl.SslHandler.decode(SslHandler.java:1282)
	at io.netty.handler.codec.ByteToMessageDecoder.decodeRemovalReentryProtection(ByteToMessageDecoder.java:498)
	at io.netty.handler.codec.ByteToMessageDecoder.callDecode(ByteToMessageDecoder.java:437)
	... 19 more
2020-06-22 14:06:30,845 [myid:127.0.0.1:30073] - INFO  [main-SendThread(127.0.0.1:30073):ClientCnxn$SendThread@1154] - Opening socket connection to server activate.navicat.com/127.0.0.1:30073.
2020-06-22 14:06:30,845 [myid:127.0.0.1:30073] - INFO  [main-SendThread(127.0.0.1:30073):ClientCnxn$SendThread@1156] - SASL config status: Will not attempt to authenticate using SASL (unknown error)
adding as trusted cert:
  Subject: CN=localhost, OU=ZooKeeper, O=Apache, L=Unknown, ST=Unknown, C=Unknown
  Issuer:  CN=localhost, OU=ZooKeeper, O=Apache, L=Unknown, ST=Unknown, C=Unknown
  Algorithm: RSA; Serial number: 0x7334b506
  Valid from Sat Jan 31 02:57:30 CST 2015 until Wed Feb 08 02:57:30 CST 3015

trigger seeding of SecureRandom
done seeding SecureRandom
Using SSLEngineImpl.
%% Initialized:  [Session-67, SSL_NULL_WITH_NULL_NULL]
2020-06-22 14:06:30,846 [myid:127.0.0.1:30073] - INFO  [nioEventLoopGroup-5-1:ClientCnxnSocketNetty$ZKClientPipelineFactory@454] - SSL handler added for channel: [id: 0x0c65f8af]
2020-06-22 14:06:30,847 [myid:127.0.0.1:30073] - INFO  [nioEventLoopGroup-5-1:ClientCnxn$SendThread@986] - Socket connection established, initiating session, client: /127.0.0.1:55237, server: activate.navicat.com/127.0.0.1:30073
2020-06-22 14:06:30,847 [myid:127.0.0.1:30073] - INFO  [nioEventLoopGroup-5-1:ClientCnxnSocketNetty$1@184] - channel is connected: [id: 0x0c65f8af, L:/127.0.0.1:55237 - R:activate.navicat.com/127.0.0.1:30073]
Allow unsafe renegotiation: false
Allow legacy hello messages: true
Is initial handshake: true
Is secure renegotiation: false
trigger seeding of SecureRandom
done seeding SecureRandom
Ignoring unsupported cipher suite: TLS_ECDHE_ECDSA_WITH_AES_256_CBC_SHA384 for TLSv1
Ignoring unsupported cipher suite: TLS_ECDHE_RSA_WITH_AES_256_CBC_SHA384 for TLSv1
Using SSLEngineImpl.
Ignoring unsupported cipher suite: TLS_RSA_WITH_AES_256_CBC_SHA256 for TLSv1
Ignoring unsupported cipher suite: TLS_ECDH_ECDSA_WITH_AES_256_CBC_SHA384 for TLSv1
Ignoring unsupported cipher suite: TLS_ECDH_RSA_WITH_AES_256_CBC_SHA384 for TLSv1
%% Initialized:  [Session-68, SSL_NULL_WITH_NULL_NULL]
Ignoring unsupported cipher suite: TLS_DHE_RSA_WITH_AES_256_CBC_SHA256 for TLSv1
Ignoring unsupported cipher suite: TLS_DHE_DSS_WITH_AES_256_CBC_SHA256 for TLSv1
Ignoring unsupported cipher suite: TLS_ECDHE_ECDSA_WITH_AES_256_CBC_SHA384 for TLSv1.1
Ignoring unsupported cipher suite: TLS_ECDHE_RSA_WITH_AES_256_CBC_SHA384 for TLSv1.1
Ignoring unsupported cipher suite: TLS_RSA_WITH_AES_256_CBC_SHA256 for TLSv1.1
Ignoring unsupported cipher suite: TLS_ECDH_ECDSA_WITH_AES_256_CBC_SHA384 for TLSv1.1
Ignoring unsupported cipher suite: TLS_ECDH_RSA_WITH_AES_256_CBC_SHA384 for TLSv1.1
Ignoring unsupported cipher suite: TLS_DHE_RSA_WITH_AES_256_CBC_SHA256 for TLSv1.1
Ignoring unsupported cipher suite: TLS_DHE_DSS_WITH_AES_256_CBC_SHA256 for TLSv1.1
%% No cached client session
update handshake state: client_hello[1]
upcoming handshake states: server_hello[2]
*** ClientHello, TLSv1.2
RandomCookie:  GMT: 1576028774 bytes = { 174, 123, 211, 33, 34, 57, 230, 156, 134, 73, 27, 116, 187, 225, 238, 216, 241, 32, 199, 157, 200, 110, 184, 47, 101, 70, 60, 103 }
Session ID:  {}
Cipher Suites: [TLS_ECDHE_ECDSA_WITH_AES_256_CBC_SHA384, TLS_ECDHE_RSA_WITH_AES_256_CBC_SHA384, TLS_RSA_WITH_AES_256_CBC_SHA256, TLS_ECDH_ECDSA_WITH_AES_256_CBC_SHA384, TLS_ECDH_RSA_WITH_AES_256_CBC_SHA384, TLS_DHE_RSA_WITH_AES_256_CBC_SHA256, TLS_DHE_DSS_WITH_AES_256_CBC_SHA256, TLS_ECDHE_ECDSA_WITH_AES_256_CBC_SHA, TLS_ECDHE_RSA_WITH_AES_256_CBC_SHA, TLS_RSA_WITH_AES_256_CBC_SHA, TLS_ECDH_ECDSA_WITH_AES_256_CBC_SHA, TLS_ECDH_RSA_WITH_AES_256_CBC_SHA, TLS_DHE_RSA_WITH_AES_256_CBC_SHA, TLS_DHE_DSS_WITH_AES_256_CBC_SHA, TLS_ECDHE_ECDSA_WITH_AES_128_CBC_SHA256, TLS_ECDHE_RSA_WITH_AES_128_CBC_SHA256, TLS_RSA_WITH_AES_128_CBC_SHA256, TLS_ECDH_ECDSA_WITH_AES_128_CBC_SHA256, TLS_ECDH_RSA_WITH_AES_128_CBC_SHA256, TLS_DHE_RSA_WITH_AES_128_CBC_SHA256, TLS_DHE_DSS_WITH_AES_128_CBC_SHA256, TLS_ECDHE_ECDSA_WITH_AES_128_CBC_SHA, TLS_ECDHE_RSA_WITH_AES_128_CBC_SHA, TLS_RSA_WITH_AES_128_CBC_SHA, TLS_ECDH_ECDSA_WITH_AES_128_CBC_SHA, TLS_ECDH_RSA_WITH_AES_128_CBC_SHA, TLS_DHE_RSA_WITH_AES_128_CBC_SHA, TLS_DHE_DSS_WITH_AES_128_CBC_SHA, TLS_ECDHE_ECDSA_WITH_AES_256_GCM_SHA384, TLS_ECDHE_ECDSA_WITH_AES_128_GCM_SHA256, TLS_ECDHE_RSA_WITH_AES_256_GCM_SHA384, TLS_RSA_WITH_AES_256_GCM_SHA384, TLS_ECDH_ECDSA_WITH_AES_256_GCM_SHA384, TLS_ECDH_RSA_WITH_AES_256_GCM_SHA384, TLS_DHE_RSA_WITH_AES_256_GCM_SHA384, TLS_DHE_DSS_WITH_AES_256_GCM_SHA384, TLS_ECDHE_RSA_WITH_AES_128_GCM_SHA256, TLS_RSA_WITH_AES_128_GCM_SHA256, TLS_ECDH_ECDSA_WITH_AES_128_GCM_SHA256, TLS_ECDH_RSA_WITH_AES_128_GCM_SHA256, TLS_DHE_RSA_WITH_AES_128_GCM_SHA256, TLS_DHE_DSS_WITH_AES_128_GCM_SHA256, TLS_EMPTY_RENEGOTIATION_INFO_SCSV]
Compression Methods:  { 0 }
Extension elliptic_curves, curve names: {secp256r1, secp384r1, secp521r1}
Extension ec_point_formats, formats: [uncompressed]
Extension signature_algorithms, signature_algorithms: SHA512withECDSA, SHA512withRSA, SHA384withECDSA, SHA384withRSA, SHA256withECDSA, SHA256withRSA, SHA256withDSA, SHA1withECDSA, SHA1withRSA, SHA1withDSA
Extension extended_master_secret
Extension server_name, server_name: [type=host_name (0), value=activate.navicat.com]
***
nioEventLoopGroup-5-1, WRITE: TLSv1.2 Handshake, length = 208
Allow unsafe renegotiation: false
Allow legacy hello messages: true
Is initial handshake: true
Is secure renegotiation: false
nioEventLoopGroup-4-2, READ: TLSv1.2 Handshake, length = 208
check handshake state: client_hello[1]
update handshake state: client_hello[1]
upcoming handshake states: server_hello[2]
*** ClientHello, TLSv1.2
RandomCookie:  GMT: 1576028774 bytes = { 174, 123, 211, 33, 34, 57, 230, 156, 134, 73, 27, 116, 187, 225, 238, 216, 241, 32, 199, 157, 200, 110, 184, 47, 101, 70, 60, 103 }
Session ID:  {}
Cipher Suites: [TLS_ECDHE_ECDSA_WITH_AES_256_CBC_SHA384, TLS_ECDHE_RSA_WITH_AES_256_CBC_SHA384, TLS_RSA_WITH_AES_256_CBC_SHA256, TLS_ECDH_ECDSA_WITH_AES_256_CBC_SHA384, TLS_ECDH_RSA_WITH_AES_256_CBC_SHA384, TLS_DHE_RSA_WITH_AES_256_CBC_SHA256, TLS_DHE_DSS_WITH_AES_256_CBC_SHA256, TLS_ECDHE_ECDSA_WITH_AES_256_CBC_SHA, TLS_ECDHE_RSA_WITH_AES_256_CBC_SHA, TLS_RSA_WITH_AES_256_CBC_SHA, TLS_ECDH_ECDSA_WITH_AES_256_CBC_SHA, TLS_ECDH_RSA_WITH_AES_256_CBC_SHA, TLS_DHE_RSA_WITH_AES_256_CBC_SHA, TLS_DHE_DSS_WITH_AES_256_CBC_SHA, TLS_ECDHE_ECDSA_WITH_AES_128_CBC_SHA256, TLS_ECDHE_RSA_WITH_AES_128_CBC_SHA256, TLS_RSA_WITH_AES_128_CBC_SHA256, TLS_ECDH_ECDSA_WITH_AES_128_CBC_SHA256, TLS_ECDH_RSA_WITH_AES_128_CBC_SHA256, TLS_DHE_RSA_WITH_AES_128_CBC_SHA256, TLS_DHE_DSS_WITH_AES_128_CBC_SHA256, TLS_ECDHE_ECDSA_WITH_AES_128_CBC_SHA, TLS_ECDHE_RSA_WITH_AES_128_CBC_SHA, TLS_RSA_WITH_AES_128_CBC_SHA, TLS_ECDH_ECDSA_WITH_AES_128_CBC_SHA, TLS_ECDH_RSA_WITH_AES_128_CBC_SHA, TLS_DHE_RSA_WITH_AES_128_CBC_SHA, TLS_DHE_DSS_WITH_AES_128_CBC_SHA, TLS_ECDHE_ECDSA_WITH_AES_256_GCM_SHA384, TLS_ECDHE_ECDSA_WITH_AES_128_GCM_SHA256, TLS_ECDHE_RSA_WITH_AES_256_GCM_SHA384, TLS_RSA_WITH_AES_256_GCM_SHA384, TLS_ECDH_ECDSA_WITH_AES_256_GCM_SHA384, TLS_ECDH_RSA_WITH_AES_256_GCM_SHA384, TLS_DHE_RSA_WITH_AES_256_GCM_SHA384, TLS_DHE_DSS_WITH_AES_256_GCM_SHA384, TLS_ECDHE_RSA_WITH_AES_128_GCM_SHA256, TLS_RSA_WITH_AES_128_GCM_SHA256, TLS_ECDH_ECDSA_WITH_AES_128_GCM_SHA256, TLS_ECDH_RSA_WITH_AES_128_GCM_SHA256, TLS_DHE_RSA_WITH_AES_128_GCM_SHA256, TLS_DHE_DSS_WITH_AES_128_GCM_SHA256, TLS_EMPTY_RENEGOTIATION_INFO_SCSV]
Compression Methods:  { 0 }
Extension elliptic_curves, curve names: {secp256r1, secp384r1, secp521r1}
Extension ec_point_formats, formats: [uncompressed]
Extension signature_algorithms, signature_algorithms: SHA512withECDSA, SHA512withRSA, SHA384withECDSA, SHA384withRSA, SHA256withECDSA, SHA256withRSA, SHA256withDSA, SHA1withECDSA, SHA1withRSA, SHA1withDSA
Extension extended_master_secret
Extension server_name, server_name: [type=host_name (0), value=activate.navicat.com]
***
%% Initialized:  [Session-69, SSL_NULL_WITH_NULL_NULL]
Standard ciphersuite chosen: TLS_ECDHE_RSA_WITH_AES_256_CBC_SHA384
%% Negotiating:  [Session-69, TLS_ECDHE_RSA_WITH_AES_256_CBC_SHA384]
*** ServerHello, TLSv1.2
RandomCookie:  GMT: 1576028774 bytes = { 73, 250, 221, 9, 213, 234, 8, 246, 36, 119, 220, 103, 80, 109, 247, 53, 181, 64, 0, 32, 68, 229, 103, 188, 224, 250, 119, 222 }
Session ID:  {94, 240, 74, 102, 30, 161, 196, 202, 78, 0, 243, 243, 17, 132, 166, 183, 170, 67, 113, 229, 4, 92, 219, 99, 156, 69, 142, 247, 47, 68, 101, 17}
Cipher Suite: TLS_ECDHE_RSA_WITH_AES_256_CBC_SHA384
Compression Method: 0
Extension renegotiation_info, renegotiated_connection: <empty>
Extension extended_master_secret
***
Cipher suite:  TLS_ECDHE_RSA_WITH_AES_256_CBC_SHA384
update handshake state: server_hello[2]
upcoming handshake states: server certificate[11]
upcoming handshake states: server_key_exchange[12](optional)
upcoming handshake states: certificate_request[13](optional)
upcoming handshake states: server_hello_done[14]
upcoming handshake states: client certificate[11](optional)
upcoming handshake states: client_key_exchange[16]
upcoming handshake states: certificate_verify[15](optional)
upcoming handshake states: client change_cipher_spec[-1]
upcoming handshake states: client finished[20]
upcoming handshake states: server change_cipher_spec[-1]
upcoming handshake states: server finished[20]
*** Certificate chain
chain [0] = [
[
  Version: V3
  Subject: CN=localhost, OU=ZooKeeper, O=Apache, L=Unknown, ST=Unknown, C=Unknown
  Signature Algorithm: SHA256withRSA, OID = 1.2.840.113549.1.1.11

  Key:  Sun RSA public key, 2048 bits
  params: null
  modulus: 20466894428749997265095448870198652391311568515891366224735448896044144250313384062095901217219702596717622583159291680947094046474456586662132842412743846124470020097713679685492900855417800931365512472314155689881392853768001073664569106127795833231344696659209258027979401908711647617989508135190248980524852215540637603770017238536229773075995665111861820945008718990948857303373661769409475939971958531493423489844433566328219155461676589360491136984327342101195255797973694339642711115427623510874675394946293706606142706174397483349590050687482693164890194014220011640037490528845185364811025836034294701994387
  public exponent: 65537
  Validity: [From: Sat Jan 31 02:57:30 CST 2015,
               To: Wed Feb 08 02:57:30 CST 3015]
  Issuer: CN=localhost, OU=ZooKeeper, O=Apache, L=Unknown, ST=Unknown, C=Unknown
  SerialNumber: [    7334b506]

Certificate Extensions: 1
[1]: ObjectId: 2.5.29.14 Criticality=false
SubjectKeyIdentifier [
KeyIdentifier [
0000: 65 D7 B4 E0 27 45 7A 00   58 2F AD D5 0B 64 2D 77  e...'Ez.X/...d-w
0010: 88 F7 AA F5                                        ....
]
]

]
  Algorithm: [SHA256withRSA]
  Signature:
0000: 1B C8 6B 36 83 1D 28 37   5C 1F 7D F6 C6 84 A0 BF  ..k6..(7\.......
0010: CA C0 47 CF C5 34 70 7A   CF 6B EA 34 84 BE 08 7A  ..G..4pz.k.4...z
0020: 98 E6 3D ED 1D E2 6F 06   DB 23 AB 41 AD D5 DF 1D  ..=...o..#.A....
0030: 92 F4 9D 05 FD 7C EE BE   4A 87 B8 F1 FE F4 5B 79  ........J.....[y
0040: DC AD F7 44 3D 67 08 7A   3B 91 D7 5A 79 44 96 D7  ...D=g.z;..ZyD..
0050: BE 0E 41 C8 64 E3 87 C3   28 11 AB DC 36 F5 B0 AC  ..A.d...(...6...
0060: BD 2F 16 1D 6E A1 52 25   5A EC 6F AD 20 71 5A 1B  ./..n.R%Z.o. qZ.
0070: 66 D4 0D A6 49 B7 75 43   C4 84 0B 4B AC BD 16 76  f...I.uC...K...v
0080: 58 2B 07 85 E2 F1 44 15   1E 67 D1 3C 13 73 5A 2D  X+....D..g.<.sZ-
0090: D6 06 0B A1 D3 09 7E EF   88 F9 C3 0E A4 10 47 EA  ..............G.
00A0: 65 5D CD F0 39 EA 2F 59   1C 08 BC F9 CC 5B C9 BB  e]..9./Y.....[..
00B0: 2F 20 19 81 97 B5 21 BB   60 A4 39 08 6C 41 2A 51  / ....!.`.9.lA*Q
00C0: B1 C3 1A A3 8C F8 ED 67   D0 EE EC 52 01 2A E4 1E  .......g...R.*..
00D0: D2 B4 34 73 DC 7E 34 24   A9 4E 77 AD FD B3 77 0D  ..4s..4$.Nw...w.
00E0: C2 7A C0 65 F6 CC 11 9D   19 AA 59 13 C3 9D AD 5F  .z.e......Y...._
00F0: 61 E6 C2 18 F0 E5 A1 49   41 B5 EF 9E 91 0C 35 9C  a......IA.....5.

]
***
update handshake state: certificate[11]
upcoming handshake states: server_key_exchange[12](optional)
upcoming handshake states: certificate_request[13](optional)
upcoming handshake states: server_hello_done[14]
upcoming handshake states: client certificate[11](optional)
upcoming handshake states: client_key_exchange[16]
upcoming handshake states: certificate_verify[15](optional)
upcoming handshake states: client change_cipher_spec[-1]
upcoming handshake states: client finished[20]
upcoming handshake states: server change_cipher_spec[-1]
upcoming handshake states: server finished[20]
*** ECDH ServerKeyExchange
Signature Algorithm SHA512withRSA
Server key: Sun EC public key, 256 bits
  public x coord: 50594883367842733740713657640729379970020338526117381125791183677864947103322
  public y coord: 103148324229425511581831136719531053287671259946087481865109791005862260920158
  parameters: secp256r1 [NIST P-256, X9.62 prime256v1] (1.2.840.10045.3.1.7)
update handshake state: server_key_exchange[12]
upcoming handshake states: certificate_request[13](optional)
upcoming handshake states: server_hello_done[14]
upcoming handshake states: client certificate[11](optional)
upcoming handshake states: client_key_exchange[16]
upcoming handshake states: certificate_verify[15](optional)
upcoming handshake states: client change_cipher_spec[-1]
upcoming handshake states: client finished[20]
upcoming handshake states: server change_cipher_spec[-1]
upcoming handshake states: server finished[20]
*** CertificateRequest
Cert Types: RSA, DSS, ECDSA
Supported Signature Algorithms: SHA512withECDSA, SHA512withRSA, SHA384withECDSA, SHA384withRSA, SHA256withECDSA, SHA256withRSA, SHA256withDSA, SHA1withECDSA, SHA1withRSA, SHA1withDSA
Cert Authorities:
<CN=localhost, OU=ZooKeeper, O=Apache, L=Unknown, ST=Unknown, C=Unknown>
update handshake state: unknown[13]
upcoming handshake states: server_hello_done[14]
upcoming handshake states: client certificate[11](optional)
upcoming handshake states: client_key_exchange[16]
upcoming handshake states: certificate_verify[15](optional)
upcoming handshake states: client change_cipher_spec[-1]
upcoming handshake states: client finished[20]
upcoming handshake states: server change_cipher_spec[-1]
upcoming handshake states: server finished[20]
*** ServerHelloDone
update handshake state: server_hello_done[14]
upcoming handshake states: client certificate[11](optional)
upcoming handshake states: client_key_exchange[16]
upcoming handshake states: certificate_verify[15](optional)
upcoming handshake states: client change_cipher_spec[-1]
upcoming handshake states: client finished[20]
upcoming handshake states: server change_cipher_spec[-1]
upcoming handshake states: server finished[20]
nioEventLoopGroup-4-2, WRITE: TLSv1.2 Handshake, length = 1478
nioEventLoopGroup-5-1, READ: TLSv1.2 Handshake, length = 1478
check handshake state: server_hello[2]
*** ServerHello, TLSv1.2
RandomCookie:  GMT: 1576028774 bytes = { 73, 250, 221, 9, 213, 234, 8, 246, 36, 119, 220, 103, 80, 109, 247, 53, 181, 64, 0, 32, 68, 229, 103, 188, 224, 250, 119, 222 }
Session ID:  {94, 240, 74, 102, 30, 161, 196, 202, 78, 0, 243, 243, 17, 132, 166, 183, 170, 67, 113, 229, 4, 92, 219, 99, 156, 69, 142, 247, 47, 68, 101, 17}
Cipher Suite: TLS_ECDHE_RSA_WITH_AES_256_CBC_SHA384
Compression Method: 0
Extension renegotiation_info, renegotiated_connection: <empty>
Extension extended_master_secret
***
%% Initialized:  [Session-70, TLS_ECDHE_RSA_WITH_AES_256_CBC_SHA384]
** TLS_ECDHE_RSA_WITH_AES_256_CBC_SHA384
update handshake state: server_hello[2]
upcoming handshake states: server certificate[11]
upcoming handshake states: server_key_exchange[12](optional)
upcoming handshake states: certificate_request[13](optional)
upcoming handshake states: server_hello_done[14]
upcoming handshake states: client certificate[11](optional)
upcoming handshake states: client_key_exchange[16]
upcoming handshake states: certificate_verify[15](optional)
upcoming handshake states: client change_cipher_spec[-1]
upcoming handshake states: client finished[20]
upcoming handshake states: server change_cipher_spec[-1]
upcoming handshake states: server finished[20]
check handshake state: certificate[11]
update handshake state: certificate[11]
upcoming handshake states: server_key_exchange[12](optional)
upcoming handshake states: certificate_request[13](optional)
upcoming handshake states: server_hello_done[14]
upcoming handshake states: client certificate[11](optional)
upcoming handshake states: client_key_exchange[16]
upcoming handshake states: certificate_verify[15](optional)
upcoming handshake states: client change_cipher_spec[-1]
upcoming handshake states: client finished[20]
upcoming handshake states: server change_cipher_spec[-1]
upcoming handshake states: server finished[20]
*** Certificate chain
chain [0] = [
[
  Version: V3
  Subject: CN=localhost, OU=ZooKeeper, O=Apache, L=Unknown, ST=Unknown, C=Unknown
  Signature Algorithm: SHA256withRSA, OID = 1.2.840.113549.1.1.11

  Key:  Sun RSA public key, 2048 bits
  params: null
  modulus: 20466894428749997265095448870198652391311568515891366224735448896044144250313384062095901217219702596717622583159291680947094046474456586662132842412743846124470020097713679685492900855417800931365512472314155689881392853768001073664569106127795833231344696659209258027979401908711647617989508135190248980524852215540637603770017238536229773075995665111861820945008718990948857303373661769409475939971958531493423489844433566328219155461676589360491136984327342101195255797973694339642711115427623510874675394946293706606142706174397483349590050687482693164890194014220011640037490528845185364811025836034294701994387
  public exponent: 65537
  Validity: [From: Sat Jan 31 02:57:30 CST 2015,
               To: Wed Feb 08 02:57:30 CST 3015]
  Issuer: CN=localhost, OU=ZooKeeper, O=Apache, L=Unknown, ST=Unknown, C=Unknown
  SerialNumber: [    7334b506]

Certificate Extensions: 1
[1]: ObjectId: 2.5.29.14 Criticality=false
SubjectKeyIdentifier [
KeyIdentifier [
0000: 65 D7 B4 E0 27 45 7A 00   58 2F AD D5 0B 64 2D 77  e...'Ez.X/...d-w
0010: 88 F7 AA F5                                        ....
]
]

]
  Algorithm: [SHA256withRSA]
  Signature:
0000: 1B C8 6B 36 83 1D 28 37   5C 1F 7D F6 C6 84 A0 BF  ..k6..(7\.......
0010: CA C0 47 CF C5 34 70 7A   CF 6B EA 34 84 BE 08 7A  ..G..4pz.k.4...z
0020: 98 E6 3D ED 1D E2 6F 06   DB 23 AB 41 AD D5 DF 1D  ..=...o..#.A....
0030: 92 F4 9D 05 FD 7C EE BE   4A 87 B8 F1 FE F4 5B 79  ........J.....[y
0040: DC AD F7 44 3D 67 08 7A   3B 91 D7 5A 79 44 96 D7  ...D=g.z;..ZyD..
0050: BE 0E 41 C8 64 E3 87 C3   28 11 AB DC 36 F5 B0 AC  ..A.d...(...6...
0060: BD 2F 16 1D 6E A1 52 25   5A EC 6F AD 20 71 5A 1B  ./..n.R%Z.o. qZ.
0070: 66 D4 0D A6 49 B7 75 43   C4 84 0B 4B AC BD 16 76  f...I.uC...K...v
0080: 58 2B 07 85 E2 F1 44 15   1E 67 D1 3C 13 73 5A 2D  X+....D..g.<.sZ-
0090: D6 06 0B A1 D3 09 7E EF   88 F9 C3 0E A4 10 47 EA  ..............G.
00A0: 65 5D CD F0 39 EA 2F 59   1C 08 BC F9 CC 5B C9 BB  e]..9./Y.....[..
00B0: 2F 20 19 81 97 B5 21 BB   60 A4 39 08 6C 41 2A 51  / ....!.`.9.lA*Q
00C0: B1 C3 1A A3 8C F8 ED 67   D0 EE EC 52 01 2A E4 1E  .......g...R.*..
00D0: D2 B4 34 73 DC 7E 34 24   A9 4E 77 AD FD B3 77 0D  ..4s..4$.Nw...w.
00E0: C2 7A C0 65 F6 CC 11 9D   19 AA 59 13 C3 9D AD 5F  .z.e......Y...._
00F0: 61 E6 C2 18 F0 E5 A1 49   41 B5 EF 9E 91 0C 35 9C  a......IA.....5.

]
***
Found trusted certificate:
[
[
  Version: V3
  Subject: CN=localhost, OU=ZooKeeper, O=Apache, L=Unknown, ST=Unknown, C=Unknown
  Signature Algorithm: SHA256withRSA, OID = 1.2.840.113549.1.1.11

  Key:  Sun RSA public key, 2048 bits
  params: null
  modulus: 20466894428749997265095448870198652391311568515891366224735448896044144250313384062095901217219702596717622583159291680947094046474456586662132842412743846124470020097713679685492900855417800931365512472314155689881392853768001073664569106127795833231344696659209258027979401908711647617989508135190248980524852215540637603770017238536229773075995665111861820945008718990948857303373661769409475939971958531493423489844433566328219155461676589360491136984327342101195255797973694339642711115427623510874675394946293706606142706174397483349590050687482693164890194014220011640037490528845185364811025836034294701994387
  public exponent: 65537
  Validity: [From: Sat Jan 31 02:57:30 CST 2015,
               To: Wed Feb 08 02:57:30 CST 3015]
  Issuer: CN=localhost, OU=ZooKeeper, O=Apache, L=Unknown, ST=Unknown, C=Unknown
  SerialNumber: [    7334b506]

Certificate Extensions: 1
[1]: ObjectId: 2.5.29.14 Criticality=false
SubjectKeyIdentifier [
KeyIdentifier [
0000: 65 D7 B4 E0 27 45 7A 00   58 2F AD D5 0B 64 2D 77  e...'Ez.X/...d-w
0010: 88 F7 AA F5                                        ....
]
]

]
  Algorithm: [SHA256withRSA]
  Signature:
0000: 1B C8 6B 36 83 1D 28 37   5C 1F 7D F6 C6 84 A0 BF  ..k6..(7\.......
0010: CA C0 47 CF C5 34 70 7A   CF 6B EA 34 84 BE 08 7A  ..G..4pz.k.4...z
0020: 98 E6 3D ED 1D E2 6F 06   DB 23 AB 41 AD D5 DF 1D  ..=...o..#.A....
0030: 92 F4 9D 05 FD 7C EE BE   4A 87 B8 F1 FE F4 5B 79  ........J.....[y
0040: DC AD F7 44 3D 67 08 7A   3B 91 D7 5A 79 44 96 D7  ...D=g.z;..ZyD..
0050: BE 0E 41 C8 64 E3 87 C3   28 11 AB DC 36 F5 B0 AC  ..A.d...(...6...
0060: BD 2F 16 1D 6E A1 52 25   5A EC 6F AD 20 71 5A 1B  ./..n.R%Z.o. qZ.
0070: 66 D4 0D A6 49 B7 75 43   C4 84 0B 4B AC BD 16 76  f...I.uC...K...v
0080: 58 2B 07 85 E2 F1 44 15   1E 67 D1 3C 13 73 5A 2D  X+....D..g.<.sZ-
0090: D6 06 0B A1 D3 09 7E EF   88 F9 C3 0E A4 10 47 EA  ..............G.
00A0: 65 5D CD F0 39 EA 2F 59   1C 08 BC F9 CC 5B C9 BB  e]..9./Y.....[..
00B0: 2F 20 19 81 97 B5 21 BB   60 A4 39 08 6C 41 2A 51  / ....!.`.9.lA*Q
00C0: B1 C3 1A A3 8C F8 ED 67   D0 EE EC 52 01 2A E4 1E  .......g...R.*..
00D0: D2 B4 34 73 DC 7E 34 24   A9 4E 77 AD FD B3 77 0D  ..4s..4$.Nw...w.
00E0: C2 7A C0 65 F6 CC 11 9D   19 AA 59 13 C3 9D AD 5F  .z.e......Y...._
00F0: 61 E6 C2 18 F0 E5 A1 49   41 B5 EF 9E 91 0C 35 9C  a......IA.....5.

]
2020-06-22 14:06:30,856 [myid:127.0.0.1:30073] - ERROR [nioEventLoopGroup-5-1:ZKTrustManager@161] - Failed to verify host address: 127.0.0.1
javax.net.ssl.SSLPeerUnverifiedException: Certificate for <127.0.0.1> doesn't match common name of the certificate subject: localhost
	at org.apache.zookeeper.common.ZKHostnameVerifier.matchCN(ZKHostnameVerifier.java:238)
	at org.apache.zookeeper.common.ZKHostnameVerifier.verify(ZKHostnameVerifier.java:184)
	at org.apache.zookeeper.common.ZKTrustManager.performHostVerification(ZKTrustManager.java:151)
	at org.apache.zookeeper.common.ZKTrustManager.checkServerTrusted(ZKTrustManager.java:118)
	at sun.security.ssl.ClientHandshaker.serverCertificate(ClientHandshaker.java:1675)
	at sun.security.ssl.ClientHandshaker.processMessage(ClientHandshaker.java:226)
	at sun.security.ssl.Handshaker.processLoop(Handshaker.java:1082)
	at sun.security.ssl.Handshaker$1.run(Handshaker.java:1015)
	at sun.security.ssl.Handshaker$1.run(Handshaker.java:1012)
	at java.security.AccessController.doPrivileged(Native Method)
	at sun.security.ssl.Handshaker$DelegatedTask.run(Handshaker.java:1504)
	at io.netty.handler.ssl.SslHandler.runAllDelegatedTasks(SslHandler.java:1510)
	at io.netty.handler.ssl.SslHandler.runDelegatedTasks(SslHandler.java:1524)
	at io.netty.handler.ssl.SslHandler.unwrap(SslHandler.java:1408)
	at io.netty.handler.ssl.SslHandler.decodeJdkCompatible(SslHandler.java:1235)
	at io.netty.handler.ssl.SslHandler.decode(SslHandler.java:1282)
	at io.netty.handler.codec.ByteToMessageDecoder.decodeRemovalReentryProtection(ByteToMessageDecoder.java:498)
	at io.netty.handler.codec.ByteToMessageDecoder.callDecode(ByteToMessageDecoder.java:437)
	at io.netty.handler.codec.ByteToMessageDecoder.channelRead(ByteToMessageDecoder.java:276)
	at io.netty.channel.AbstractChannelHandlerContext.invokeChannelRead(AbstractChannelHandlerContext.java:379)
	at io.netty.channel.AbstractChannelHandlerContext.invokeChannelRead(AbstractChannelHandlerContext.java:365)
	at io.netty.channel.AbstractChannelHandlerContext.fireChannelRead(AbstractChannelHandlerContext.java:357)
	at io.netty.channel.DefaultChannelPipeline$HeadContext.channelRead(DefaultChannelPipeline.java:1410)
	at io.netty.channel.AbstractChannelHandlerContext.invokeChannelRead(AbstractChannelHandlerContext.java:379)
	at io.netty.channel.AbstractChannelHandlerContext.invokeChannelRead(AbstractChannelHandlerContext.java:365)
	at io.netty.channel.DefaultChannelPipeline.fireChannelRead(DefaultChannelPipeline.java:919)
	at io.netty.channel.nio.AbstractNioByteChannel$NioByteUnsafe.read(AbstractNioByteChannel.java:163)
	at io.netty.channel.nio.NioEventLoop.processSelectedKey(NioEventLoop.java:714)
	at io.netty.channel.nio.NioEventLoop.processSelectedKeysOptimized(NioEventLoop.java:650)
	at io.netty.channel.nio.NioEventLoop.processSelectedKeys(NioEventLoop.java:576)
	at io.netty.channel.nio.NioEventLoop.run(NioEventLoop.java:493)
	at io.netty.util.concurrent.SingleThreadEventExecutor$4.run(SingleThreadEventExecutor.java:989)
	at io.netty.util.internal.ThreadExecutorMap$2.run(ThreadExecutorMap.java:74)
	at io.netty.util.concurrent.FastThreadLocalRunnable.run(FastThreadLocalRunnable.java:30)
	at java.lang.Thread.run(Thread.java:748)
2020-06-22 14:06:30,856 [myid:127.0.0.1:30073] - ERROR [nioEventLoopGroup-5-1:ZKTrustManager@162] - Failed to verify hostname: activate.navicat.com
javax.net.ssl.SSLPeerUnverifiedException: Certificate for <activate.navicat.com> doesn't match common name of the certificate subject: localhost
	at org.apache.zookeeper.common.ZKHostnameVerifier.matchCN(ZKHostnameVerifier.java:238)
	at org.apache.zookeeper.common.ZKHostnameVerifier.verify(ZKHostnameVerifier.java:184)
	at org.apache.zookeeper.common.ZKTrustManager.performHostVerification(ZKTrustManager.java:159)
	at org.apache.zookeeper.common.ZKTrustManager.checkServerTrusted(ZKTrustManager.java:118)
	at sun.security.ssl.ClientHandshaker.serverCertificate(ClientHandshaker.java:1675)
	at sun.security.ssl.ClientHandshaker.processMessage(ClientHandshaker.java:226)
	at sun.security.ssl.Handshaker.processLoop(Handshaker.java:1082)
	at sun.security.ssl.Handshaker$1.run(Handshaker.java:1015)
	at sun.security.ssl.Handshaker$1.run(Handshaker.java:1012)
	at java.security.AccessController.doPrivileged(Native Method)
	at sun.security.ssl.Handshaker$DelegatedTask.run(Handshaker.java:1504)
	at io.netty.handler.ssl.SslHandler.runAllDelegatedTasks(SslHandler.java:1510)
	at io.netty.handler.ssl.SslHandler.runDelegatedTasks(SslHandler.java:1524)
	at io.netty.handler.ssl.SslHandler.unwrap(SslHandler.java:1408)
	at io.netty.handler.ssl.SslHandler.decodeJdkCompatible(SslHandler.java:1235)
	at io.netty.handler.ssl.SslHandler.decode(SslHandler.java:1282)
	at io.netty.handler.codec.ByteToMessageDecoder.decodeRemovalReentryProtection(ByteToMessageDecoder.java:498)
	at io.netty.handler.codec.ByteToMessageDecoder.callDecode(ByteToMessageDecoder.java:437)
	at io.netty.handler.codec.ByteToMessageDecoder.channelRead(ByteToMessageDecoder.java:276)
	at io.netty.channel.AbstractChannelHandlerContext.invokeChannelRead(AbstractChannelHandlerContext.java:379)
	at io.netty.channel.AbstractChannelHandlerContext.invokeChannelRead(AbstractChannelHandlerContext.java:365)
	at io.netty.channel.AbstractChannelHandlerContext.fireChannelRead(AbstractChannelHandlerContext.java:357)
	at io.netty.channel.DefaultChannelPipeline$HeadContext.channelRead(DefaultChannelPipeline.java:1410)
	at io.netty.channel.AbstractChannelHandlerContext.invokeChannelRead(AbstractChannelHandlerContext.java:379)
	at io.netty.channel.AbstractChannelHandlerContext.invokeChannelRead(AbstractChannelHandlerContext.java:365)
	at io.netty.channel.DefaultChannelPipeline.fireChannelRead(DefaultChannelPipeline.java:919)
	at io.netty.channel.nio.AbstractNioByteChannel$NioByteUnsafe.read(AbstractNioByteChannel.java:163)
	at io.netty.channel.nio.NioEventLoop.processSelectedKey(NioEventLoop.java:714)
	at io.netty.channel.nio.NioEventLoop.processSelectedKeysOptimized(NioEventLoop.java:650)
	at io.netty.channel.nio.NioEventLoop.processSelectedKeys(NioEventLoop.java:576)
	at io.netty.channel.nio.NioEventLoop.run(NioEventLoop.java:493)
	at io.netty.util.concurrent.SingleThreadEventExecutor$4.run(SingleThreadEventExecutor.java:989)
	at io.netty.util.internal.ThreadExecutorMap$2.run(ThreadExecutorMap.java:74)
	at io.netty.util.concurrent.FastThreadLocalRunnable.run(FastThreadLocalRunnable.java:30)
	at java.lang.Thread.run(Thread.java:748)
nioEventLoopGroup-5-1, fatal error: 46: General SSLEngine problem
java.security.cert.CertificateException: Failed to verify both host address and host name
%% Invalidated:  [Session-67, SSL_NULL_WITH_NULL_NULL]
%% Invalidated:  [Session-70, TLS_ECDHE_RSA_WITH_AES_256_CBC_SHA384]
nioEventLoopGroup-5-1, SEND TLSv1.2 ALERT:  fatal, description = certificate_unknown
nioEventLoopGroup-5-1, WRITE: TLSv1.2 Alert, length = 2
nioEventLoopGroup-5-1, fatal: engine already closed.  Rethrowing javax.net.ssl.SSLHandshakeException: General SSLEngine problem
nioEventLoopGroup-5-1, called closeOutbound()
nioEventLoopGroup-5-1, closeOutboundInternal()
nioEventLoopGroup-5-1, called closeInbound()
nioEventLoopGroup-5-1, fatal: engine already closed.  Rethrowing javax.net.ssl.SSLException: Inbound closed before receiving peer's close_notify: possible truncation attack?
nioEventLoopGroup-4-2, READ: TLSv1.2 Alert, length = 2
nioEventLoopGroup-4-2, RECV TLSv1.2 ALERT:  fatal, certificate_unknown
nioEventLoopGroup-4-2, fatal: engine already closed.  Rethrowing javax.net.ssl.SSLException: Received fatal alert: certificate_unknown
nioEventLoopGroup-4-2, fatal: engine already closed.  Rethrowing javax.net.ssl.SSLException: Received fatal alert: certificate_unknown
2020-06-22 14:06:30,857 [myid:] - ERROR [nioEventLoopGroup-4-2:NettyServerCnxnFactory$CertificateVerifier@434] - Unsuccessful handshake with session 0x0
nioEventLoopGroup-4-2, called closeOutbound()
nioEventLoopGroup-4-2, closeOutboundInternal()
nioEventLoopGroup-4-2, SEND TLSv1.2 ALERT:  warning, description = close_notify
nioEventLoopGroup-4-2, WRITE: TLSv1.2 Alert, length = 2
nioEventLoopGroup-4-2, called closeInbound()
nioEventLoopGroup-4-2, fatal: engine already closed.  Rethrowing javax.net.ssl.SSLException: Inbound closed before receiving peer's close_notify: possible truncation attack?
2020-06-22 14:06:30,857 [myid:127.0.0.1:30073] - ERROR [nioEventLoopGroup-5-1:ClientCnxnSocketNetty$ZKClientHandler@522] - Unexpected throwable
io.netty.handler.codec.DecoderException: javax.net.ssl.SSLHandshakeException: General SSLEngine problem
	at io.netty.handler.codec.ByteToMessageDecoder.callDecode(ByteToMessageDecoder.java:468)
	at io.netty.handler.codec.ByteToMessageDecoder.channelRead(ByteToMessageDecoder.java:276)
	at io.netty.channel.AbstractChannelHandlerContext.invokeChannelRead(AbstractChannelHandlerContext.java:379)
	at io.netty.channel.AbstractChannelHandlerContext.invokeChannelRead(AbstractChannelHandlerContext.java:365)
	at io.netty.channel.AbstractChannelHandlerContext.fireChannelRead(AbstractChannelHandlerContext.java:357)
	at io.netty.channel.DefaultChannelPipeline$HeadContext.channelRead(DefaultChannelPipeline.java:1410)
	at io.netty.channel.AbstractChannelHandlerContext.invokeChannelRead(AbstractChannelHandlerContext.java:379)
	at io.netty.channel.AbstractChannelHandlerContext.invokeChannelRead(AbstractChannelHandlerContext.java:365)
	at io.netty.channel.DefaultChannelPipeline.fireChannelRead(DefaultChannelPipeline.java:919)
	at io.netty.channel.nio.AbstractNioByteChannel$NioByteUnsafe.read(AbstractNioByteChannel.java:163)
	at io.netty.channel.nio.NioEventLoop.processSelectedKey(NioEventLoop.java:714)
	at io.netty.channel.nio.NioEventLoop.processSelectedKeysOptimized(NioEventLoop.java:650)
	at io.netty.channel.nio.NioEventLoop.processSelectedKeys(NioEventLoop.java:576)
	at io.netty.channel.nio.NioEventLoop.run(NioEventLoop.java:493)
	at io.netty.util.concurrent.SingleThreadEventExecutor$4.run(SingleThreadEventExecutor.java:989)
	at io.netty.util.internal.ThreadExecutorMap$2.run(ThreadExecutorMap.java:74)
	at io.netty.util.concurrent.FastThreadLocalRunnable.run(FastThreadLocalRunnable.java:30)
	at java.lang.Thread.run(Thread.java:748)
Caused by: javax.net.ssl.SSLHandshakeException: General SSLEngine problem
	at sun.security.ssl.Handshaker.checkThrown(Handshaker.java:1566)
	at sun.security.ssl.SSLEngineImpl.checkTaskThrown(SSLEngineImpl.java:545)
	at sun.security.ssl.SSLEngineImpl.readNetRecord(SSLEngineImpl.java:819)
	at sun.security.ssl.SSLEngineImpl.unwrap(SSLEngineImpl.java:783)
	at javax.net.ssl.SSLEngine.unwrap(SSLEngine.java:626)
	at io.netty.handler.ssl.SslHandler$SslEngineType$3.unwrap(SslHandler.java:281)
	at io.netty.handler.ssl.SslHandler.unwrap(SslHandler.java:1340)
	at io.netty.handler.ssl.SslHandler.decodeJdkCompatible(SslHandler.java:1235)
	at io.netty.handler.ssl.SslHandler.decode(SslHandler.java:1282)
	at io.netty.handler.codec.ByteToMessageDecoder.decodeRemovalReentryProtection(ByteToMessageDecoder.java:498)
	at io.netty.handler.codec.ByteToMessageDecoder.callDecode(ByteToMessageDecoder.java:437)
	... 17 more
Caused by: javax.net.ssl.SSLHandshakeException: General SSLEngine problem
	at sun.security.ssl.Alerts.getSSLException(Alerts.java:198)
	at sun.security.ssl.SSLEngineImpl.fatal(SSLEngineImpl.java:1729)
	at sun.security.ssl.Handshaker.fatalSE(Handshaker.java:333)
	at sun.security.ssl.Handshaker.fatalSE(Handshaker.java:325)
	at sun.security.ssl.ClientHandshaker.serverCertificate(ClientHandshaker.java:1688)
	at sun.security.ssl.ClientHandshaker.processMessage(ClientHandshaker.java:226)
	at sun.security.ssl.Handshaker.processLoop(Handshaker.java:1082)
	at sun.security.ssl.Handshaker$1.run(Handshaker.java:1015)
	at sun.security.ssl.Handshaker$1.run(Handshaker.java:1012)
	at java.security.AccessController.doPrivileged(Native Method)
	at sun.security.ssl.Handshaker$DelegatedTask.run(Handshaker.java:1504)
	at io.netty.handler.ssl.SslHandler.runAllDelegatedTasks(SslHandler.java:1510)
	at io.netty.handler.ssl.SslHandler.runDelegatedTasks(SslHandler.java:1524)
	at io.netty.handler.ssl.SslHandler.unwrap(SslHandler.java:1408)
	... 21 more
Caused by: java.security.cert.CertificateException: Failed to verify both host address and host name
	at org.apache.zookeeper.common.ZKTrustManager.performHostVerification(ZKTrustManager.java:163)
	at org.apache.zookeeper.common.ZKTrustManager.checkServerTrusted(ZKTrustManager.java:118)
	at sun.security.ssl.ClientHandshaker.serverCertificate(ClientHandshaker.java:1675)
	... 30 more
Caused by: javax.net.ssl.SSLPeerUnverifiedException: Certificate for <activate.navicat.com> doesn't match common name of the certificate subject: localhost
	at org.apache.zookeeper.common.ZKHostnameVerifier.matchCN(ZKHostnameVerifier.java:238)
	at org.apache.zookeeper.common.ZKHostnameVerifier.verify(ZKHostnameVerifier.java:184)
	at org.apache.zookeeper.common.ZKTrustManager.performHostVerification(ZKTrustManager.java:159)
	... 32 more
2020-06-22 14:06:30,858 [myid:127.0.0.1:30073] - INFO  [nioEventLoopGroup-5-1:ClientCnxnSocketNetty@249] - channel is told closing
nioEventLoopGroup-5-1, called closeOutbound()
nioEventLoopGroup-5-1, closeOutboundInternal()
2020-06-22 14:06:30,858 [myid:127.0.0.1:30073] - WARN  [main-SendThread(127.0.0.1:30073):ClientCnxn$SendThread@1272] - Session 0x0 for sever activate.navicat.com/127.0.0.1:30073, Closing socket connection. Attempting reconnect except it is a SessionExpiredException.
EndOfStreamException: channel for sessionid 0x0 is lost
	at org.apache.zookeeper.ClientCnxnSocketNetty.doTransport(ClientCnxnSocketNetty.java:285)
	at org.apache.zookeeper.ClientCnxn$SendThread.run(ClientCnxn.java:1262)
2020-06-22 14:06:30,858 [myid:] - WARN  [nioEventLoopGroup-4-2:NettyServerCnxnFactory$CnxnChannelHandler@273] - Exception caught
io.netty.handler.codec.DecoderException: javax.net.ssl.SSLException: Received fatal alert: certificate_unknown
	at io.netty.handler.codec.ByteToMessageDecoder.callDecode(ByteToMessageDecoder.java:468)
	at io.netty.handler.codec.ByteToMessageDecoder.channelRead(ByteToMessageDecoder.java:276)
	at io.netty.channel.AbstractChannelHandlerContext.invokeChannelRead(AbstractChannelHandlerContext.java:379)
	at io.netty.channel.AbstractChannelHandlerContext.invokeChannelRead(AbstractChannelHandlerContext.java:365)
	at io.netty.channel.AbstractChannelHandlerContext.fireChannelRead(AbstractChannelHandlerContext.java:357)
	at io.netty.channel.DefaultChannelPipeline$HeadContext.channelRead(DefaultChannelPipeline.java:1410)
	at io.netty.channel.AbstractChannelHandlerContext.invokeChannelRead(AbstractChannelHandlerContext.java:379)
	at io.netty.channel.AbstractChannelHandlerContext.invokeChannelRead(AbstractChannelHandlerContext.java:365)
	at io.netty.channel.DefaultChannelPipeline.fireChannelRead(DefaultChannelPipeline.java:919)
	at io.netty.channel.nio.AbstractNioByteChannel$NioByteUnsafe.read(AbstractNioByteChannel.java:163)
	at io.netty.channel.nio.NioEventLoop.processSelectedKey(NioEventLoop.java:714)
	at io.netty.channel.nio.NioEventLoop.processSelectedKeysOptimized(NioEventLoop.java:650)
	at io.netty.channel.nio.NioEventLoop.processSelectedKeys(NioEventLoop.java:576)
	at io.netty.channel.nio.NioEventLoop.run(NioEventLoop.java:493)
	at io.netty.util.concurrent.SingleThreadEventExecutor$4.run(SingleThreadEventExecutor.java:989)
	at io.netty.util.internal.ThreadExecutorMap$2.run(ThreadExecutorMap.java:74)
	at io.netty.util.concurrent.FastThreadLocalRunnable.run(FastThreadLocalRunnable.java:30)
	at java.lang.Thread.run(Thread.java:748)
Caused by: javax.net.ssl.SSLException: Received fatal alert: certificate_unknown
	at sun.security.ssl.Alerts.getSSLException(Alerts.java:214)
	at sun.security.ssl.SSLEngineImpl.fatal(SSLEngineImpl.java:1667)
	at sun.security.ssl.SSLEngineImpl.fatal(SSLEngineImpl.java:1635)
	at sun.security.ssl.SSLEngineImpl.recvAlert(SSLEngineImpl.java:1801)
	at sun.security.ssl.SSLEngineImpl.readRecord(SSLEngineImpl.java:1090)
	at sun.security.ssl.SSLEngineImpl.readNetRecord(SSLEngineImpl.java:913)
	at sun.security.ssl.SSLEngineImpl.unwrap(SSLEngineImpl.java:783)
	at javax.net.ssl.SSLEngine.unwrap(SSLEngine.java:626)
	at io.netty.handler.ssl.SslHandler$SslEngineType$3.unwrap(SslHandler.java:281)
	at io.netty.handler.ssl.SslHandler.unwrap(SslHandler.java:1340)
	at io.netty.handler.ssl.SslHandler.decodeJdkCompatible(SslHandler.java:1235)
	at io.netty.handler.ssl.SslHandler.decode(SslHandler.java:1282)
	at io.netty.handler.codec.ByteToMessageDecoder.decodeRemovalReentryProtection(ByteToMessageDecoder.java:498)
	at io.netty.handler.codec.ByteToMessageDecoder.callDecode(ByteToMessageDecoder.java:437)
	... 17 more
nioEventLoopGroup-4-2, called closeOutbound()
nioEventLoopGroup-4-2, closeOutboundInternal()
2020-06-22 14:06:30,858 [myid:127.0.0.1:30073] - INFO  [nioEventLoopGroup-5-1:ClientCnxnSocketNetty$ZKClientHandler@469] - channel is disconnected: [id: 0x0c65f8af, L:/127.0.0.1:55237 ! R:activate.navicat.com/127.0.0.1:30073]
nioEventLoopGroup-4-2, READ: TLSv1.2 Alert, length = 2
nioEventLoopGroup-4-2, RECV TLSv1.2 ALERT:  fatal, certificate_unknown
nioEventLoopGroup-4-2, fatal: engine already closed.  Rethrowing javax.net.ssl.SSLException: Received fatal alert: certificate_unknown
nioEventLoopGroup-4-2, fatal: engine already closed.  Rethrowing javax.net.ssl.SSLException: Received fatal alert: certificate_unknown
nioEventLoopGroup-4-2, called closeOutbound()
nioEventLoopGroup-4-2, closeOutboundInternal()
nioEventLoopGroup-4-2, called closeInbound()
nioEventLoopGroup-4-2, closeInboundInternal()
nioEventLoopGroup-4-2, closeOutboundInternal()
2020-06-22 14:06:30,859 [myid:] - WARN  [nioEventLoopGroup-4-2:NettyServerCnxnFactory$CnxnChannelHandler@273] - Exception caught
io.netty.handler.codec.DecoderException: javax.net.ssl.SSLException: Received fatal alert: certificate_unknown
	at io.netty.handler.codec.ByteToMessageDecoder.callDecode(ByteToMessageDecoder.java:468)
	at io.netty.handler.codec.ByteToMessageDecoder.channelInputClosed(ByteToMessageDecoder.java:401)
	at io.netty.handler.codec.ByteToMessageDecoder.channelInputClosed(ByteToMessageDecoder.java:368)
	at io.netty.handler.codec.ByteToMessageDecoder.channelInactive(ByteToMessageDecoder.java:351)
	at io.netty.handler.ssl.SslHandler.channelInactive(SslHandler.java:1084)
	at io.netty.channel.AbstractChannelHandlerContext.invokeChannelInactive(AbstractChannelHandlerContext.java:262)
	at io.netty.channel.AbstractChannelHandlerContext.invokeChannelInactive(AbstractChannelHandlerContext.java:248)
	at io.netty.channel.AbstractChannelHandlerContext.fireChannelInactive(AbstractChannelHandlerContext.java:241)
	at io.netty.channel.DefaultChannelPipeline$HeadContext.channelInactive(DefaultChannelPipeline.java:1405)
	at io.netty.channel.AbstractChannelHandlerContext.invokeChannelInactive(AbstractChannelHandlerContext.java:262)
	at io.netty.channel.AbstractChannelHandlerContext.invokeChannelInactive(AbstractChannelHandlerContext.java:248)
	at io.netty.channel.DefaultChannelPipeline.fireChannelInactive(DefaultChannelPipeline.java:901)
	at io.netty.channel.AbstractChannel$AbstractUnsafe$8.run(AbstractChannel.java:818)
	at io.netty.util.concurrent.AbstractEventExecutor.safeExecute(AbstractEventExecutor.java:164)
	at io.netty.util.concurrent.SingleThreadEventExecutor.runAllTasks(SingleThreadEventExecutor.java:472)
	at io.netty.channel.nio.NioEventLoop.run(NioEventLoop.java:497)
	at io.netty.util.concurrent.SingleThreadEventExecutor$4.run(SingleThreadEventExecutor.java:989)
	at io.netty.util.internal.ThreadExecutorMap$2.run(ThreadExecutorMap.java:74)
	at io.netty.util.concurrent.FastThreadLocalRunnable.run(FastThreadLocalRunnable.java:30)
	at java.lang.Thread.run(Thread.java:748)
Caused by: javax.net.ssl.SSLException: Received fatal alert: certificate_unknown
	at sun.security.ssl.Alerts.getSSLException(Alerts.java:214)
	at sun.security.ssl.SSLEngineImpl.fatal(SSLEngineImpl.java:1667)
	at sun.security.ssl.SSLEngineImpl.fatal(SSLEngineImpl.java:1635)
	at sun.security.ssl.SSLEngineImpl.recvAlert(SSLEngineImpl.java:1801)
	at sun.security.ssl.SSLEngineImpl.readRecord(SSLEngineImpl.java:1090)
	at sun.security.ssl.SSLEngineImpl.readNetRecord(SSLEngineImpl.java:913)
	at sun.security.ssl.SSLEngineImpl.unwrap(SSLEngineImpl.java:783)
	at javax.net.ssl.SSLEngine.unwrap(SSLEngine.java:626)
	at io.netty.handler.ssl.SslHandler$SslEngineType$3.unwrap(SslHandler.java:281)
	at io.netty.handler.ssl.SslHandler.unwrap(SslHandler.java:1340)
	at io.netty.handler.ssl.SslHandler.decodeJdkCompatible(SslHandler.java:1235)
	at io.netty.handler.ssl.SslHandler.decode(SslHandler.java:1282)
	at io.netty.handler.codec.ByteToMessageDecoder.decodeRemovalReentryProtection(ByteToMessageDecoder.java:498)
	at io.netty.handler.codec.ByteToMessageDecoder.callDecode(ByteToMessageDecoder.java:437)
	... 19 more
2020-06-22 14:06:32,182 [myid:127.0.0.1:30073] - INFO  [main-SendThread(127.0.0.1:30073):ClientCnxn$SendThread@1154] - Opening socket connection to server activate.navicat.com/127.0.0.1:30073.
2020-06-22 14:06:32,182 [myid:127.0.0.1:30073] - INFO  [main-SendThread(127.0.0.1:30073):ClientCnxn$SendThread@1156] - SASL config status: Will not attempt to authenticate using SASL (unknown error)
adding as trusted cert:
  Subject: CN=localhost, OU=ZooKeeper, O=Apache, L=Unknown, ST=Unknown, C=Unknown
  Issuer:  CN=localhost, OU=ZooKeeper, O=Apache, L=Unknown, ST=Unknown, C=Unknown
  Algorithm: RSA; Serial number: 0x7334b506
  Valid from Sat Jan 31 02:57:30 CST 2015 until Wed Feb 08 02:57:30 CST 3015

trigger seeding of SecureRandom
done seeding SecureRandom
Using SSLEngineImpl.
%% Initialized:  [Session-71, SSL_NULL_WITH_NULL_NULL]
2020-06-22 14:06:32,183 [myid:127.0.0.1:30073] - INFO  [nioEventLoopGroup-5-1:ClientCnxnSocketNetty$ZKClientPipelineFactory@454] - SSL handler added for channel: [id: 0xa66803de]
2020-06-22 14:06:32,184 [myid:127.0.0.1:30073] - INFO  [nioEventLoopGroup-5-1:ClientCnxn$SendThread@986] - Socket connection established, initiating session, client: /127.0.0.1:55251, server: activate.navicat.com/127.0.0.1:30073
2020-06-22 14:06:32,184 [myid:127.0.0.1:30073] - INFO  [nioEventLoopGroup-5-1:ClientCnxnSocketNetty$1@184] - channel is connected: [id: 0xa66803de, L:/127.0.0.1:55251 - R:activate.navicat.com/127.0.0.1:30073]
Allow unsafe renegotiation: false
Allow legacy hello messages: true
Is initial handshake: true
Is secure renegotiation: false
trigger seeding of SecureRandom
Ignoring unsupported cipher suite: TLS_ECDHE_ECDSA_WITH_AES_256_CBC_SHA384 for TLSv1
Ignoring unsupported cipher suite: TLS_ECDHE_RSA_WITH_AES_256_CBC_SHA384 for TLSv1
done seeding SecureRandom
Ignoring unsupported cipher suite: TLS_RSA_WITH_AES_256_CBC_SHA256 for TLSv1
Ignoring unsupported cipher suite: TLS_ECDH_ECDSA_WITH_AES_256_CBC_SHA384 for TLSv1
Ignoring unsupported cipher suite: TLS_ECDH_RSA_WITH_AES_256_CBC_SHA384 for TLSv1
Ignoring unsupported cipher suite: TLS_DHE_RSA_WITH_AES_256_CBC_SHA256 for TLSv1
Ignoring unsupported cipher suite: TLS_DHE_DSS_WITH_AES_256_CBC_SHA256 for TLSv1
Using SSLEngineImpl.
%% Initialized:  [Session-72, SSL_NULL_WITH_NULL_NULL]
Ignoring unsupported cipher suite: TLS_ECDHE_ECDSA_WITH_AES_256_CBC_SHA384 for TLSv1.1
Ignoring unsupported cipher suite: TLS_ECDHE_RSA_WITH_AES_256_CBC_SHA384 for TLSv1.1
Ignoring unsupported cipher suite: TLS_RSA_WITH_AES_256_CBC_SHA256 for TLSv1.1
Ignoring unsupported cipher suite: TLS_ECDH_ECDSA_WITH_AES_256_CBC_SHA384 for TLSv1.1
Ignoring unsupported cipher suite: TLS_ECDH_RSA_WITH_AES_256_CBC_SHA384 for TLSv1.1
Ignoring unsupported cipher suite: TLS_DHE_RSA_WITH_AES_256_CBC_SHA256 for TLSv1.1
Ignoring unsupported cipher suite: TLS_DHE_DSS_WITH_AES_256_CBC_SHA256 for TLSv1.1
%% No cached client session
update handshake state: client_hello[1]
upcoming handshake states: server_hello[2]
*** ClientHello, TLSv1.2
RandomCookie:  GMT: 1576028776 bytes = { 92, 197, 224, 37, 90, 163, 214, 88, 193, 14, 39, 105, 251, 74, 39, 94, 214, 22, 116, 7, 169, 55, 198, 41, 222, 228, 179, 124 }
Session ID:  {}
Cipher Suites: [TLS_ECDHE_ECDSA_WITH_AES_256_CBC_SHA384, TLS_ECDHE_RSA_WITH_AES_256_CBC_SHA384, TLS_RSA_WITH_AES_256_CBC_SHA256, TLS_ECDH_ECDSA_WITH_AES_256_CBC_SHA384, TLS_ECDH_RSA_WITH_AES_256_CBC_SHA384, TLS_DHE_RSA_WITH_AES_256_CBC_SHA256, TLS_DHE_DSS_WITH_AES_256_CBC_SHA256, TLS_ECDHE_ECDSA_WITH_AES_256_CBC_SHA, TLS_ECDHE_RSA_WITH_AES_256_CBC_SHA, TLS_RSA_WITH_AES_256_CBC_SHA, TLS_ECDH_ECDSA_WITH_AES_256_CBC_SHA, TLS_ECDH_RSA_WITH_AES_256_CBC_SHA, TLS_DHE_RSA_WITH_AES_256_CBC_SHA, TLS_DHE_DSS_WITH_AES_256_CBC_SHA, TLS_ECDHE_ECDSA_WITH_AES_128_CBC_SHA256, TLS_ECDHE_RSA_WITH_AES_128_CBC_SHA256, TLS_RSA_WITH_AES_128_CBC_SHA256, TLS_ECDH_ECDSA_WITH_AES_128_CBC_SHA256, TLS_ECDH_RSA_WITH_AES_128_CBC_SHA256, TLS_DHE_RSA_WITH_AES_128_CBC_SHA256, TLS_DHE_DSS_WITH_AES_128_CBC_SHA256, TLS_ECDHE_ECDSA_WITH_AES_128_CBC_SHA, TLS_ECDHE_RSA_WITH_AES_128_CBC_SHA, TLS_RSA_WITH_AES_128_CBC_SHA, TLS_ECDH_ECDSA_WITH_AES_128_CBC_SHA, TLS_ECDH_RSA_WITH_AES_128_CBC_SHA, TLS_DHE_RSA_WITH_AES_128_CBC_SHA, TLS_DHE_DSS_WITH_AES_128_CBC_SHA, TLS_ECDHE_ECDSA_WITH_AES_256_GCM_SHA384, TLS_ECDHE_ECDSA_WITH_AES_128_GCM_SHA256, TLS_ECDHE_RSA_WITH_AES_256_GCM_SHA384, TLS_RSA_WITH_AES_256_GCM_SHA384, TLS_ECDH_ECDSA_WITH_AES_256_GCM_SHA384, TLS_ECDH_RSA_WITH_AES_256_GCM_SHA384, TLS_DHE_RSA_WITH_AES_256_GCM_SHA384, TLS_DHE_DSS_WITH_AES_256_GCM_SHA384, TLS_ECDHE_RSA_WITH_AES_128_GCM_SHA256, TLS_RSA_WITH_AES_128_GCM_SHA256, TLS_ECDH_ECDSA_WITH_AES_128_GCM_SHA256, TLS_ECDH_RSA_WITH_AES_128_GCM_SHA256, TLS_DHE_RSA_WITH_AES_128_GCM_SHA256, TLS_DHE_DSS_WITH_AES_128_GCM_SHA256, TLS_EMPTY_RENEGOTIATION_INFO_SCSV]
Compression Methods:  { 0 }
Extension elliptic_curves, curve names: {secp256r1, secp384r1, secp521r1}
Extension ec_point_formats, formats: [uncompressed]
Extension signature_algorithms, signature_algorithms: SHA512withECDSA, SHA512withRSA, SHA384withECDSA, SHA384withRSA, SHA256withECDSA, SHA256withRSA, SHA256withDSA, SHA1withECDSA, SHA1withRSA, SHA1withDSA
Extension extended_master_secret
Extension server_name, server_name: [type=host_name (0), value=activate.navicat.com]
***
nioEventLoopGroup-5-1, WRITE: TLSv1.2 Handshake, length = 208
Allow unsafe renegotiation: false
Allow legacy hello messages: true
Is initial handshake: true
Is secure renegotiation: false
nioEventLoopGroup-4-3, READ: TLSv1.2 Handshake, length = 208
check handshake state: client_hello[1]
update handshake state: client_hello[1]
upcoming handshake states: server_hello[2]
*** ClientHello, TLSv1.2
RandomCookie:  GMT: 1576028776 bytes = { 92, 197, 224, 37, 90, 163, 214, 88, 193, 14, 39, 105, 251, 74, 39, 94, 214, 22, 116, 7, 169, 55, 198, 41, 222, 228, 179, 124 }
Session ID:  {}
Cipher Suites: [TLS_ECDHE_ECDSA_WITH_AES_256_CBC_SHA384, TLS_ECDHE_RSA_WITH_AES_256_CBC_SHA384, TLS_RSA_WITH_AES_256_CBC_SHA256, TLS_ECDH_ECDSA_WITH_AES_256_CBC_SHA384, TLS_ECDH_RSA_WITH_AES_256_CBC_SHA384, TLS_DHE_RSA_WITH_AES_256_CBC_SHA256, TLS_DHE_DSS_WITH_AES_256_CBC_SHA256, TLS_ECDHE_ECDSA_WITH_AES_256_CBC_SHA, TLS_ECDHE_RSA_WITH_AES_256_CBC_SHA, TLS_RSA_WITH_AES_256_CBC_SHA, TLS_ECDH_ECDSA_WITH_AES_256_CBC_SHA, TLS_ECDH_RSA_WITH_AES_256_CBC_SHA, TLS_DHE_RSA_WITH_AES_256_CBC_SHA, TLS_DHE_DSS_WITH_AES_256_CBC_SHA, TLS_ECDHE_ECDSA_WITH_AES_128_CBC_SHA256, TLS_ECDHE_RSA_WITH_AES_128_CBC_SHA256, TLS_RSA_WITH_AES_128_CBC_SHA256, TLS_ECDH_ECDSA_WITH_AES_128_CBC_SHA256, TLS_ECDH_RSA_WITH_AES_128_CBC_SHA256, TLS_DHE_RSA_WITH_AES_128_CBC_SHA256, TLS_DHE_DSS_WITH_AES_128_CBC_SHA256, TLS_ECDHE_ECDSA_WITH_AES_128_CBC_SHA, TLS_ECDHE_RSA_WITH_AES_128_CBC_SHA, TLS_RSA_WITH_AES_128_CBC_SHA, TLS_ECDH_ECDSA_WITH_AES_128_CBC_SHA, TLS_ECDH_RSA_WITH_AES_128_CBC_SHA, TLS_DHE_RSA_WITH_AES_128_CBC_SHA, TLS_DHE_DSS_WITH_AES_128_CBC_SHA, TLS_ECDHE_ECDSA_WITH_AES_256_GCM_SHA384, TLS_ECDHE_ECDSA_WITH_AES_128_GCM_SHA256, TLS_ECDHE_RSA_WITH_AES_256_GCM_SHA384, TLS_RSA_WITH_AES_256_GCM_SHA384, TLS_ECDH_ECDSA_WITH_AES_256_GCM_SHA384, TLS_ECDH_RSA_WITH_AES_256_GCM_SHA384, TLS_DHE_RSA_WITH_AES_256_GCM_SHA384, TLS_DHE_DSS_WITH_AES_256_GCM_SHA384, TLS_ECDHE_RSA_WITH_AES_128_GCM_SHA256, TLS_RSA_WITH_AES_128_GCM_SHA256, TLS_ECDH_ECDSA_WITH_AES_128_GCM_SHA256, TLS_ECDH_RSA_WITH_AES_128_GCM_SHA256, TLS_DHE_RSA_WITH_AES_128_GCM_SHA256, TLS_DHE_DSS_WITH_AES_128_GCM_SHA256, TLS_EMPTY_RENEGOTIATION_INFO_SCSV]
Compression Methods:  { 0 }
Extension elliptic_curves, curve names: {secp256r1, secp384r1, secp521r1}
Extension ec_point_formats, formats: [uncompressed]
Extension signature_algorithms, signature_algorithms: SHA512withECDSA, SHA512withRSA, SHA384withECDSA, SHA384withRSA, SHA256withECDSA, SHA256withRSA, SHA256withDSA, SHA1withECDSA, SHA1withRSA, SHA1withDSA
Extension extended_master_secret
Extension server_name, server_name: [type=host_name (0), value=activate.navicat.com]
***
%% Initialized:  [Session-73, SSL_NULL_WITH_NULL_NULL]
Standard ciphersuite chosen: TLS_ECDHE_RSA_WITH_AES_256_CBC_SHA384
%% Negotiating:  [Session-73, TLS_ECDHE_RSA_WITH_AES_256_CBC_SHA384]
*** ServerHello, TLSv1.2
RandomCookie:  GMT: 1576028776 bytes = { 108, 131, 133, 46, 105, 192, 241, 21, 246, 232, 70, 162, 82, 145, 172, 105, 37, 204, 159, 112, 75, 2, 245, 37, 10, 90, 51, 206 }
Session ID:  {94, 240, 74, 104, 117, 62, 183, 64, 201, 57, 212, 129, 173, 164, 10, 197, 249, 210, 201, 180, 10, 238, 195, 168, 135, 193, 2, 100, 225, 101, 251, 133}
Cipher Suite: TLS_ECDHE_RSA_WITH_AES_256_CBC_SHA384
Compression Method: 0
Extension renegotiation_info, renegotiated_connection: <empty>
Extension extended_master_secret
***
Cipher suite:  TLS_ECDHE_RSA_WITH_AES_256_CBC_SHA384
update handshake state: server_hello[2]
upcoming handshake states: server certificate[11]
upcoming handshake states: server_key_exchange[12](optional)
upcoming handshake states: certificate_request[13](optional)
upcoming handshake states: server_hello_done[14]
upcoming handshake states: client certificate[11](optional)
upcoming handshake states: client_key_exchange[16]
upcoming handshake states: certificate_verify[15](optional)
upcoming handshake states: client change_cipher_spec[-1]
upcoming handshake states: client finished[20]
upcoming handshake states: server change_cipher_spec[-1]
upcoming handshake states: server finished[20]
*** Certificate chain
chain [0] = [
[
  Version: V3
  Subject: CN=localhost, OU=ZooKeeper, O=Apache, L=Unknown, ST=Unknown, C=Unknown
  Signature Algorithm: SHA256withRSA, OID = 1.2.840.113549.1.1.11

  Key:  Sun RSA public key, 2048 bits
  params: null
  modulus: 20466894428749997265095448870198652391311568515891366224735448896044144250313384062095901217219702596717622583159291680947094046474456586662132842412743846124470020097713679685492900855417800931365512472314155689881392853768001073664569106127795833231344696659209258027979401908711647617989508135190248980524852215540637603770017238536229773075995665111861820945008718990948857303373661769409475939971958531493423489844433566328219155461676589360491136984327342101195255797973694339642711115427623510874675394946293706606142706174397483349590050687482693164890194014220011640037490528845185364811025836034294701994387
  public exponent: 65537
  Validity: [From: Sat Jan 31 02:57:30 CST 2015,
               To: Wed Feb 08 02:57:30 CST 3015]
  Issuer: CN=localhost, OU=ZooKeeper, O=Apache, L=Unknown, ST=Unknown, C=Unknown
  SerialNumber: [    7334b506]

Certificate Extensions: 1
[1]: ObjectId: 2.5.29.14 Criticality=false
SubjectKeyIdentifier [
KeyIdentifier [
0000: 65 D7 B4 E0 27 45 7A 00   58 2F AD D5 0B 64 2D 77  e...'Ez.X/...d-w
0010: 88 F7 AA F5                                        ....
]
]

]
  Algorithm: [SHA256withRSA]
  Signature:
0000: 1B C8 6B 36 83 1D 28 37   5C 1F 7D F6 C6 84 A0 BF  ..k6..(7\.......
0010: CA C0 47 CF C5 34 70 7A   CF 6B EA 34 84 BE 08 7A  ..G..4pz.k.4...z
0020: 98 E6 3D ED 1D E2 6F 06   DB 23 AB 41 AD D5 DF 1D  ..=...o..#.A....
0030: 92 F4 9D 05 FD 7C EE BE   4A 87 B8 F1 FE F4 5B 79  ........J.....[y
0040: DC AD F7 44 3D 67 08 7A   3B 91 D7 5A 79 44 96 D7  ...D=g.z;..ZyD..
0050: BE 0E 41 C8 64 E3 87 C3   28 11 AB DC 36 F5 B0 AC  ..A.d...(...6...
0060: BD 2F 16 1D 6E A1 52 25   5A EC 6F AD 20 71 5A 1B  ./..n.R%Z.o. qZ.
0070: 66 D4 0D A6 49 B7 75 43   C4 84 0B 4B AC BD 16 76  f...I.uC...K...v
0080: 58 2B 07 85 E2 F1 44 15   1E 67 D1 3C 13 73 5A 2D  X+....D..g.<.sZ-
0090: D6 06 0B A1 D3 09 7E EF   88 F9 C3 0E A4 10 47 EA  ..............G.
00A0: 65 5D CD F0 39 EA 2F 59   1C 08 BC F9 CC 5B C9 BB  e]..9./Y.....[..
00B0: 2F 20 19 81 97 B5 21 BB   60 A4 39 08 6C 41 2A 51  / ....!.`.9.lA*Q
00C0: B1 C3 1A A3 8C F8 ED 67   D0 EE EC 52 01 2A E4 1E  .......g...R.*..
00D0: D2 B4 34 73 DC 7E 34 24   A9 4E 77 AD FD B3 77 0D  ..4s..4$.Nw...w.
00E0: C2 7A C0 65 F6 CC 11 9D   19 AA 59 13 C3 9D AD 5F  .z.e......Y...._
00F0: 61 E6 C2 18 F0 E5 A1 49   41 B5 EF 9E 91 0C 35 9C  a......IA.....5.

]
***
update handshake state: certificate[11]
upcoming handshake states: server_key_exchange[12](optional)
upcoming handshake states: certificate_request[13](optional)
upcoming handshake states: server_hello_done[14]
upcoming handshake states: client certificate[11](optional)
upcoming handshake states: client_key_exchange[16]
upcoming handshake states: certificate_verify[15](optional)
upcoming handshake states: client change_cipher_spec[-1]
upcoming handshake states: client finished[20]
upcoming handshake states: server change_cipher_spec[-1]
upcoming handshake states: server finished[20]
*** ECDH ServerKeyExchange
Signature Algorithm SHA512withRSA
Server key: Sun EC public key, 256 bits
  public x coord: 27102496584935855761503071029421650205845914760806372145095335189776341086884
  public y coord: 56818039739044212126531719972270494819063937366351440945747989354168977789037
  parameters: secp256r1 [NIST P-256, X9.62 prime256v1] (1.2.840.10045.3.1.7)
update handshake state: server_key_exchange[12]
upcoming handshake states: certificate_request[13](optional)
upcoming handshake states: server_hello_done[14]
upcoming handshake states: client certificate[11](optional)
upcoming handshake states: client_key_exchange[16]
upcoming handshake states: certificate_verify[15](optional)
upcoming handshake states: client change_cipher_spec[-1]
upcoming handshake states: client finished[20]
upcoming handshake states: server change_cipher_spec[-1]
upcoming handshake states: server finished[20]
*** CertificateRequest
Cert Types: RSA, DSS, ECDSA
Supported Signature Algorithms: SHA512withECDSA, SHA512withRSA, SHA384withECDSA, SHA384withRSA, SHA256withECDSA, SHA256withRSA, SHA256withDSA, SHA1withECDSA, SHA1withRSA, SHA1withDSA
Cert Authorities:
<CN=localhost, OU=ZooKeeper, O=Apache, L=Unknown, ST=Unknown, C=Unknown>
update handshake state: unknown[13]
upcoming handshake states: server_hello_done[14]
upcoming handshake states: client certificate[11](optional)
upcoming handshake states: client_key_exchange[16]
upcoming handshake states: certificate_verify[15](optional)
upcoming handshake states: client change_cipher_spec[-1]
upcoming handshake states: client finished[20]
upcoming handshake states: server change_cipher_spec[-1]
upcoming handshake states: server finished[20]
*** ServerHelloDone
update handshake state: server_hello_done[14]
upcoming handshake states: client certificate[11](optional)
upcoming handshake states: client_key_exchange[16]
upcoming handshake states: certificate_verify[15](optional)
upcoming handshake states: client change_cipher_spec[-1]
upcoming handshake states: client finished[20]
upcoming handshake states: server change_cipher_spec[-1]
upcoming handshake states: server finished[20]
nioEventLoopGroup-4-3, WRITE: TLSv1.2 Handshake, length = 1478
nioEventLoopGroup-5-1, READ: TLSv1.2 Handshake, length = 1478
check handshake state: server_hello[2]
*** ServerHello, TLSv1.2
RandomCookie:  GMT: 1576028776 bytes = { 108, 131, 133, 46, 105, 192, 241, 21, 246, 232, 70, 162, 82, 145, 172, 105, 37, 204, 159, 112, 75, 2, 245, 37, 10, 90, 51, 206 }
Session ID:  {94, 240, 74, 104, 117, 62, 183, 64, 201, 57, 212, 129, 173, 164, 10, 197, 249, 210, 201, 180, 10, 238, 195, 168, 135, 193, 2, 100, 225, 101, 251, 133}
Cipher Suite: TLS_ECDHE_RSA_WITH_AES_256_CBC_SHA384
Compression Method: 0
Extension renegotiation_info, renegotiated_connection: <empty>
Extension extended_master_secret
***
%% Initialized:  [Session-74, TLS_ECDHE_RSA_WITH_AES_256_CBC_SHA384]
** TLS_ECDHE_RSA_WITH_AES_256_CBC_SHA384
update handshake state: server_hello[2]
upcoming handshake states: server certificate[11]
upcoming handshake states: server_key_exchange[12](optional)
upcoming handshake states: certificate_request[13](optional)
upcoming handshake states: server_hello_done[14]
upcoming handshake states: client certificate[11](optional)
upcoming handshake states: client_key_exchange[16]
upcoming handshake states: certificate_verify[15](optional)
upcoming handshake states: client change_cipher_spec[-1]
upcoming handshake states: client finished[20]
upcoming handshake states: server change_cipher_spec[-1]
upcoming handshake states: server finished[20]
check handshake state: certificate[11]
update handshake state: certificate[11]
upcoming handshake states: server_key_exchange[12](optional)
upcoming handshake states: certificate_request[13](optional)
upcoming handshake states: server_hello_done[14]
upcoming handshake states: client certificate[11](optional)
upcoming handshake states: client_key_exchange[16]
upcoming handshake states: certificate_verify[15](optional)
upcoming handshake states: client change_cipher_spec[-1]
upcoming handshake states: client finished[20]
upcoming handshake states: server change_cipher_spec[-1]
upcoming handshake states: server finished[20]
*** Certificate chain
chain [0] = [
[
  Version: V3
  Subject: CN=localhost, OU=ZooKeeper, O=Apache, L=Unknown, ST=Unknown, C=Unknown
  Signature Algorithm: SHA256withRSA, OID = 1.2.840.113549.1.1.11

  Key:  Sun RSA public key, 2048 bits
  params: null
  modulus: 20466894428749997265095448870198652391311568515891366224735448896044144250313384062095901217219702596717622583159291680947094046474456586662132842412743846124470020097713679685492900855417800931365512472314155689881392853768001073664569106127795833231344696659209258027979401908711647617989508135190248980524852215540637603770017238536229773075995665111861820945008718990948857303373661769409475939971958531493423489844433566328219155461676589360491136984327342101195255797973694339642711115427623510874675394946293706606142706174397483349590050687482693164890194014220011640037490528845185364811025836034294701994387
  public exponent: 65537
  Validity: [From: Sat Jan 31 02:57:30 CST 2015,
               To: Wed Feb 08 02:57:30 CST 3015]
  Issuer: CN=localhost, OU=ZooKeeper, O=Apache, L=Unknown, ST=Unknown, C=Unknown
  SerialNumber: [    7334b506]

Certificate Extensions: 1
[1]: ObjectId: 2.5.29.14 Criticality=false
SubjectKeyIdentifier [
KeyIdentifier [
0000: 65 D7 B4 E0 27 45 7A 00   58 2F AD D5 0B 64 2D 77  e...'Ez.X/...d-w
0010: 88 F7 AA F5                                        ....
]
]

]
  Algorithm: [SHA256withRSA]
  Signature:
0000: 1B C8 6B 36 83 1D 28 37   5C 1F 7D F6 C6 84 A0 BF  ..k6..(7\.......
0010: CA C0 47 CF C5 34 70 7A   CF 6B EA 34 84 BE 08 7A  ..G..4pz.k.4...z
0020: 98 E6 3D ED 1D E2 6F 06   DB 23 AB 41 AD D5 DF 1D  ..=...o..#.A....
0030: 92 F4 9D 05 FD 7C EE BE   4A 87 B8 F1 FE F4 5B 79  ........J.....[y
0040: DC AD F7 44 3D 67 08 7A   3B 91 D7 5A 79 44 96 D7  ...D=g.z;..ZyD..
0050: BE 0E 41 C8 64 E3 87 C3   28 11 AB DC 36 F5 B0 AC  ..A.d...(...6...
0060: BD 2F 16 1D 6E A1 52 25   5A EC 6F AD 20 71 5A 1B  ./..n.R%Z.o. qZ.
0070: 66 D4 0D A6 49 B7 75 43   C4 84 0B 4B AC BD 16 76  f...I.uC...K...v
0080: 58 2B 07 85 E2 F1 44 15   1E 67 D1 3C 13 73 5A 2D  X+....D..g.<.sZ-
0090: D6 06 0B A1 D3 09 7E EF   88 F9 C3 0E A4 10 47 EA  ..............G.
00A0: 65 5D CD F0 39 EA 2F 59   1C 08 BC F9 CC 5B C9 BB  e]..9./Y.....[..
00B0: 2F 20 19 81 97 B5 21 BB   60 A4 39 08 6C 41 2A 51  / ....!.`.9.lA*Q
00C0: B1 C3 1A A3 8C F8 ED 67   D0 EE EC 52 01 2A E4 1E  .......g...R.*..
00D0: D2 B4 34 73 DC 7E 34 24   A9 4E 77 AD FD B3 77 0D  ..4s..4$.Nw...w.
00E0: C2 7A C0 65 F6 CC 11 9D   19 AA 59 13 C3 9D AD 5F  .z.e......Y...._
00F0: 61 E6 C2 18 F0 E5 A1 49   41 B5 EF 9E 91 0C 35 9C  a......IA.....5.

]
***
Found trusted certificate:
[
[
  Version: V3
  Subject: CN=localhost, OU=ZooKeeper, O=Apache, L=Unknown, ST=Unknown, C=Unknown
  Signature Algorithm: SHA256withRSA, OID = 1.2.840.113549.1.1.11

  Key:  Sun RSA public key, 2048 bits
  params: null
  modulus: 20466894428749997265095448870198652391311568515891366224735448896044144250313384062095901217219702596717622583159291680947094046474456586662132842412743846124470020097713679685492900855417800931365512472314155689881392853768001073664569106127795833231344696659209258027979401908711647617989508135190248980524852215540637603770017238536229773075995665111861820945008718990948857303373661769409475939971958531493423489844433566328219155461676589360491136984327342101195255797973694339642711115427623510874675394946293706606142706174397483349590050687482693164890194014220011640037490528845185364811025836034294701994387
  public exponent: 65537
  Validity: [From: Sat Jan 31 02:57:30 CST 2015,
               To: Wed Feb 08 02:57:30 CST 3015]
  Issuer: CN=localhost, OU=ZooKeeper, O=Apache, L=Unknown, ST=Unknown, C=Unknown
  SerialNumber: [    7334b506]

Certificate Extensions: 1
[1]: ObjectId: 2.5.29.14 Criticality=false
SubjectKeyIdentifier [
KeyIdentifier [
0000: 65 D7 B4 E0 27 45 7A 00   58 2F AD D5 0B 64 2D 77  e...'Ez.X/...d-w
0010: 88 F7 AA F5                                        ....
]
]

]
  Algorithm: [SHA256withRSA]
  Signature:
0000: 1B C8 6B 36 83 1D 28 37   5C 1F 7D F6 C6 84 A0 BF  ..k6..(7\.......
0010: CA C0 47 CF C5 34 70 7A   CF 6B EA 34 84 BE 08 7A  ..G..4pz.k.4...z
0020: 98 E6 3D ED 1D E2 6F 06   DB 23 AB 41 AD D5 DF 1D  ..=...o..#.A....
0030: 92 F4 9D 05 FD 7C EE BE   4A 87 B8 F1 FE F4 5B 79  ........J.....[y
0040: DC AD F7 44 3D 67 08 7A   3B 91 D7 5A 79 44 96 D7  ...D=g.z;..ZyD..
0050: BE 0E 41 C8 64 E3 87 C3   28 11 AB DC 36 F5 B0 AC  ..A.d...(...6...
0060: BD 2F 16 1D 6E A1 52 25   5A EC 6F AD 20 71 5A 1B  ./..n.R%Z.o. qZ.
0070: 66 D4 0D A6 49 B7 75 43   C4 84 0B 4B AC BD 16 76  f...I.uC...K...v
0080: 58 2B 07 85 E2 F1 44 15   1E 67 D1 3C 13 73 5A 2D  X+....D..g.<.sZ-
0090: D6 06 0B A1 D3 09 7E EF   88 F9 C3 0E A4 10 47 EA  ..............G.
00A0: 65 5D CD F0 39 EA 2F 59   1C 08 BC F9 CC 5B C9 BB  e]..9./Y.....[..
00B0: 2F 20 19 81 97 B5 21 BB   60 A4 39 08 6C 41 2A 51  / ....!.`.9.lA*Q
00C0: B1 C3 1A A3 8C F8 ED 67   D0 EE EC 52 01 2A E4 1E  .......g...R.*..
00D0: D2 B4 34 73 DC 7E 34 24   A9 4E 77 AD FD B3 77 0D  ..4s..4$.Nw...w.
00E0: C2 7A C0 65 F6 CC 11 9D   19 AA 59 13 C3 9D AD 5F  .z.e......Y...._
00F0: 61 E6 C2 18 F0 E5 A1 49   41 B5 EF 9E 91 0C 35 9C  a......IA.....5.

]
2020-06-22 14:06:32,195 [myid:127.0.0.1:30073] - ERROR [nioEventLoopGroup-5-1:ZKTrustManager@161] - Failed to verify host address: 127.0.0.1
javax.net.ssl.SSLPeerUnverifiedException: Certificate for <127.0.0.1> doesn't match common name of the certificate subject: localhost
	at org.apache.zookeeper.common.ZKHostnameVerifier.matchCN(ZKHostnameVerifier.java:238)
	at org.apache.zookeeper.common.ZKHostnameVerifier.verify(ZKHostnameVerifier.java:184)
	at org.apache.zookeeper.common.ZKTrustManager.performHostVerification(ZKTrustManager.java:151)
	at org.apache.zookeeper.common.ZKTrustManager.checkServerTrusted(ZKTrustManager.java:118)
	at sun.security.ssl.ClientHandshaker.serverCertificate(ClientHandshaker.java:1675)
	at sun.security.ssl.ClientHandshaker.processMessage(ClientHandshaker.java:226)
	at sun.security.ssl.Handshaker.processLoop(Handshaker.java:1082)
	at sun.security.ssl.Handshaker$1.run(Handshaker.java:1015)
	at sun.security.ssl.Handshaker$1.run(Handshaker.java:1012)
	at java.security.AccessController.doPrivileged(Native Method)
	at sun.security.ssl.Handshaker$DelegatedTask.run(Handshaker.java:1504)
	at io.netty.handler.ssl.SslHandler.runAllDelegatedTasks(SslHandler.java:1510)
	at io.netty.handler.ssl.SslHandler.runDelegatedTasks(SslHandler.java:1524)
	at io.netty.handler.ssl.SslHandler.unwrap(SslHandler.java:1408)
	at io.netty.handler.ssl.SslHandler.decodeJdkCompatible(SslHandler.java:1235)
	at io.netty.handler.ssl.SslHandler.decode(SslHandler.java:1282)
	at io.netty.handler.codec.ByteToMessageDecoder.decodeRemovalReentryProtection(ByteToMessageDecoder.java:498)
	at io.netty.handler.codec.ByteToMessageDecoder.callDecode(ByteToMessageDecoder.java:437)
	at io.netty.handler.codec.ByteToMessageDecoder.channelRead(ByteToMessageDecoder.java:276)
	at io.netty.channel.AbstractChannelHandlerContext.invokeChannelRead(AbstractChannelHandlerContext.java:379)
	at io.netty.channel.AbstractChannelHandlerContext.invokeChannelRead(AbstractChannelHandlerContext.java:365)
	at io.netty.channel.AbstractChannelHandlerContext.fireChannelRead(AbstractChannelHandlerContext.java:357)
	at io.netty.channel.DefaultChannelPipeline$HeadContext.channelRead(DefaultChannelPipeline.java:1410)
	at io.netty.channel.AbstractChannelHandlerContext.invokeChannelRead(AbstractChannelHandlerContext.java:379)
	at io.netty.channel.AbstractChannelHandlerContext.invokeChannelRead(AbstractChannelHandlerContext.java:365)
	at io.netty.channel.DefaultChannelPipeline.fireChannelRead(DefaultChannelPipeline.java:919)
	at io.netty.channel.nio.AbstractNioByteChannel$NioByteUnsafe.read(AbstractNioByteChannel.java:163)
	at io.netty.channel.nio.NioEventLoop.processSelectedKey(NioEventLoop.java:714)
	at io.netty.channel.nio.NioEventLoop.processSelectedKeysOptimized(NioEventLoop.java:650)
	at io.netty.channel.nio.NioEventLoop.processSelectedKeys(NioEventLoop.java:576)
	at io.netty.channel.nio.NioEventLoop.run(NioEventLoop.java:493)
	at io.netty.util.concurrent.SingleThreadEventExecutor$4.run(SingleThreadEventExecutor.java:989)
	at io.netty.util.internal.ThreadExecutorMap$2.run(ThreadExecutorMap.java:74)
	at io.netty.util.concurrent.FastThreadLocalRunnable.run(FastThreadLocalRunnable.java:30)
	at java.lang.Thread.run(Thread.java:748)
2020-06-22 14:06:32,195 [myid:127.0.0.1:30073] - ERROR [nioEventLoopGroup-5-1:ZKTrustManager@162] - Failed to verify hostname: activate.navicat.com
javax.net.ssl.SSLPeerUnverifiedException: Certificate for <activate.navicat.com> doesn't match common name of the certificate subject: localhost
	at org.apache.zookeeper.common.ZKHostnameVerifier.matchCN(ZKHostnameVerifier.java:238)
	at org.apache.zookeeper.common.ZKHostnameVerifier.verify(ZKHostnameVerifier.java:184)
	at org.apache.zookeeper.common.ZKTrustManager.performHostVerification(ZKTrustManager.java:159)
	at org.apache.zookeeper.common.ZKTrustManager.checkServerTrusted(ZKTrustManager.java:118)
	at sun.security.ssl.ClientHandshaker.serverCertificate(ClientHandshaker.java:1675)
	at sun.security.ssl.ClientHandshaker.processMessage(ClientHandshaker.java:226)
	at sun.security.ssl.Handshaker.processLoop(Handshaker.java:1082)
	at sun.security.ssl.Handshaker$1.run(Handshaker.java:1015)
	at sun.security.ssl.Handshaker$1.run(Handshaker.java:1012)
	at java.security.AccessController.doPrivileged(Native Method)
	at sun.security.ssl.Handshaker$DelegatedTask.run(Handshaker.java:1504)
	at io.netty.handler.ssl.SslHandler.runAllDelegatedTasks(SslHandler.java:1510)
	at io.netty.handler.ssl.SslHandler.runDelegatedTasks(SslHandler.java:1524)
	at io.netty.handler.ssl.SslHandler.unwrap(SslHandler.java:1408)
	at io.netty.handler.ssl.SslHandler.decodeJdkCompatible(SslHandler.java:1235)
	at io.netty.handler.ssl.SslHandler.decode(SslHandler.java:1282)
	at io.netty.handler.codec.ByteToMessageDecoder.decodeRemovalReentryProtection(ByteToMessageDecoder.java:498)
	at io.netty.handler.codec.ByteToMessageDecoder.callDecode(ByteToMessageDecoder.java:437)
	at io.netty.handler.codec.ByteToMessageDecoder.channelRead(ByteToMessageDecoder.java:276)
	at io.netty.channel.AbstractChannelHandlerContext.invokeChannelRead(AbstractChannelHandlerContext.java:379)
	at io.netty.channel.AbstractChannelHandlerContext.invokeChannelRead(AbstractChannelHandlerContext.java:365)
	at io.netty.channel.AbstractChannelHandlerContext.fireChannelRead(AbstractChannelHandlerContext.java:357)
	at io.netty.channel.DefaultChannelPipeline$HeadContext.channelRead(DefaultChannelPipeline.java:1410)
	at io.netty.channel.AbstractChannelHandlerContext.invokeChannelRead(AbstractChannelHandlerContext.java:379)
	at io.netty.channel.AbstractChannelHandlerContext.invokeChannelRead(AbstractChannelHandlerContext.java:365)
	at io.netty.channel.DefaultChannelPipeline.fireChannelRead(DefaultChannelPipeline.java:919)
	at io.netty.channel.nio.AbstractNioByteChannel$NioByteUnsafe.read(AbstractNioByteChannel.java:163)
	at io.netty.channel.nio.NioEventLoop.processSelectedKey(NioEventLoop.java:714)
	at io.netty.channel.nio.NioEventLoop.processSelectedKeysOptimized(NioEventLoop.java:650)
	at io.netty.channel.nio.NioEventLoop.processSelectedKeys(NioEventLoop.java:576)
	at io.netty.channel.nio.NioEventLoop.run(NioEventLoop.java:493)
	at io.netty.util.concurrent.SingleThreadEventExecutor$4.run(SingleThreadEventExecutor.java:989)
	at io.netty.util.internal.ThreadExecutorMap$2.run(ThreadExecutorMap.java:74)
	at io.netty.util.concurrent.FastThreadLocalRunnable.run(FastThreadLocalRunnable.java:30)
	at java.lang.Thread.run(Thread.java:748)
nioEventLoopGroup-5-1, fatal error: 46: General SSLEngine problem
java.security.cert.CertificateException: Failed to verify both host address and host name
%% Invalidated:  [Session-71, SSL_NULL_WITH_NULL_NULL]
%% Invalidated:  [Session-74, TLS_ECDHE_RSA_WITH_AES_256_CBC_SHA384]
nioEventLoopGroup-5-1, SEND TLSv1.2 ALERT:  fatal, description = certificate_unknown
nioEventLoopGroup-5-1, WRITE: TLSv1.2 Alert, length = 2
nioEventLoopGroup-5-1, fatal: engine already closed.  Rethrowing javax.net.ssl.SSLHandshakeException: General SSLEngine problem
nioEventLoopGroup-5-1, called closeOutbound()
nioEventLoopGroup-5-1, closeOutboundInternal()
nioEventLoopGroup-5-1, called closeInbound()
nioEventLoopGroup-5-1, fatal: engine already closed.  Rethrowing javax.net.ssl.SSLException: Inbound closed before receiving peer's close_notify: possible truncation attack?
nioEventLoopGroup-4-3, READ: TLSv1.2 Alert, length = 2
nioEventLoopGroup-4-3, RECV TLSv1.2 ALERT:  fatal, certificate_unknown
nioEventLoopGroup-4-3, fatal: engine already closed.  Rethrowing javax.net.ssl.SSLException: Received fatal alert: certificate_unknown
nioEventLoopGroup-4-3, fatal: engine already closed.  Rethrowing javax.net.ssl.SSLException: Received fatal alert: certificate_unknown
2020-06-22 14:06:32,196 [myid:] - ERROR [nioEventLoopGroup-4-3:NettyServerCnxnFactory$CertificateVerifier@434] - Unsuccessful handshake with session 0x0
nioEventLoopGroup-4-3, called closeOutbound()
nioEventLoopGroup-4-3, closeOutboundInternal()
nioEventLoopGroup-4-3, SEND TLSv1.2 ALERT:  warning, description = close_notify
nioEventLoopGroup-4-3, WRITE: TLSv1.2 Alert, length = 2
nioEventLoopGroup-4-3, called closeInbound()
nioEventLoopGroup-4-3, fatal: engine already closed.  Rethrowing javax.net.ssl.SSLException: Inbound closed before receiving peer's close_notify: possible truncation attack?
2020-06-22 14:06:32,196 [myid:127.0.0.1:30073] - ERROR [nioEventLoopGroup-5-1:ClientCnxnSocketNetty$ZKClientHandler@522] - Unexpected throwable
io.netty.handler.codec.DecoderException: javax.net.ssl.SSLHandshakeException: General SSLEngine problem
	at io.netty.handler.codec.ByteToMessageDecoder.callDecode(ByteToMessageDecoder.java:468)
	at io.netty.handler.codec.ByteToMessageDecoder.channelRead(ByteToMessageDecoder.java:276)
	at io.netty.channel.AbstractChannelHandlerContext.invokeChannelRead(AbstractChannelHandlerContext.java:379)
	at io.netty.channel.AbstractChannelHandlerContext.invokeChannelRead(AbstractChannelHandlerContext.java:365)
	at io.netty.channel.AbstractChannelHandlerContext.fireChannelRead(AbstractChannelHandlerContext.java:357)
	at io.netty.channel.DefaultChannelPipeline$HeadContext.channelRead(DefaultChannelPipeline.java:1410)
	at io.netty.channel.AbstractChannelHandlerContext.invokeChannelRead(AbstractChannelHandlerContext.java:379)
	at io.netty.channel.AbstractChannelHandlerContext.invokeChannelRead(AbstractChannelHandlerContext.java:365)
	at io.netty.channel.DefaultChannelPipeline.fireChannelRead(DefaultChannelPipeline.java:919)
	at io.netty.channel.nio.AbstractNioByteChannel$NioByteUnsafe.read(AbstractNioByteChannel.java:163)
	at io.netty.channel.nio.NioEventLoop.processSelectedKey(NioEventLoop.java:714)
	at io.netty.channel.nio.NioEventLoop.processSelectedKeysOptimized(NioEventLoop.java:650)
	at io.netty.channel.nio.NioEventLoop.processSelectedKeys(NioEventLoop.java:576)
	at io.netty.channel.nio.NioEventLoop.run(NioEventLoop.java:493)
	at io.netty.util.concurrent.SingleThreadEventExecutor$4.run(SingleThreadEventExecutor.java:989)
	at io.netty.util.internal.ThreadExecutorMap$2.run(ThreadExecutorMap.java:74)
	at io.netty.util.concurrent.FastThreadLocalRunnable.run(FastThreadLocalRunnable.java:30)
	at java.lang.Thread.run(Thread.java:748)
Caused by: javax.net.ssl.SSLHandshakeException: General SSLEngine problem
	at sun.security.ssl.Handshaker.checkThrown(Handshaker.java:1566)
	at sun.security.ssl.SSLEngineImpl.checkTaskThrown(SSLEngineImpl.java:545)
	at sun.security.ssl.SSLEngineImpl.readNetRecord(SSLEngineImpl.java:819)
	at sun.security.ssl.SSLEngineImpl.unwrap(SSLEngineImpl.java:783)
	at javax.net.ssl.SSLEngine.unwrap(SSLEngine.java:626)
	at io.netty.handler.ssl.SslHandler$SslEngineType$3.unwrap(SslHandler.java:281)
	at io.netty.handler.ssl.SslHandler.unwrap(SslHandler.java:1340)
	at io.netty.handler.ssl.SslHandler.decodeJdkCompatible(SslHandler.java:1235)
	at io.netty.handler.ssl.SslHandler.decode(SslHandler.java:1282)
	at io.netty.handler.codec.ByteToMessageDecoder.decodeRemovalReentryProtection(ByteToMessageDecoder.java:498)
	at io.netty.handler.codec.ByteToMessageDecoder.callDecode(ByteToMessageDecoder.java:437)
	... 17 more
Caused by: javax.net.ssl.SSLHandshakeException: General SSLEngine problem
	at sun.security.ssl.Alerts.getSSLException(Alerts.java:198)
	at sun.security.ssl.SSLEngineImpl.fatal(SSLEngineImpl.java:1729)
	at sun.security.ssl.Handshaker.fatalSE(Handshaker.java:333)
	at sun.security.ssl.Handshaker.fatalSE(Handshaker.java:325)
	at sun.security.ssl.ClientHandshaker.serverCertificate(ClientHandshaker.java:1688)
	at sun.security.ssl.ClientHandshaker.processMessage(ClientHandshaker.java:226)
	at sun.security.ssl.Handshaker.processLoop(Handshaker.java:1082)
	at sun.security.ssl.Handshaker$1.run(Handshaker.java:1015)
	at sun.security.ssl.Handshaker$1.run(Handshaker.java:1012)
	at java.security.AccessController.doPrivileged(Native Method)
	at sun.security.ssl.Handshaker$DelegatedTask.run(Handshaker.java:1504)
	at io.netty.handler.ssl.SslHandler.runAllDelegatedTasks(SslHandler.java:1510)
	at io.netty.handler.ssl.SslHandler.runDelegatedTasks(SslHandler.java:1524)
	at io.netty.handler.ssl.SslHandler.unwrap(SslHandler.java:1408)
	... 21 more
Caused by: java.security.cert.CertificateException: Failed to verify both host address and host name
	at org.apache.zookeeper.common.ZKTrustManager.performHostVerification(ZKTrustManager.java:163)
	at org.apache.zookeeper.common.ZKTrustManager.checkServerTrusted(ZKTrustManager.java:118)
	at sun.security.ssl.ClientHandshaker.serverCertificate(ClientHandshaker.java:1675)
	... 30 more
Caused by: javax.net.ssl.SSLPeerUnverifiedException: Certificate for <activate.navicat.com> doesn't match common name of the certificate subject: localhost
	at org.apache.zookeeper.common.ZKHostnameVerifier.matchCN(ZKHostnameVerifier.java:238)
	at org.apache.zookeeper.common.ZKHostnameVerifier.verify(ZKHostnameVerifier.java:184)
	at org.apache.zookeeper.common.ZKTrustManager.performHostVerification(ZKTrustManager.java:159)
	... 32 more
2020-06-22 14:06:32,196 [myid:127.0.0.1:30073] - INFO  [nioEventLoopGroup-5-1:ClientCnxnSocketNetty@249] - channel is told closing
nioEventLoopGroup-5-1, called closeOutbound()
nioEventLoopGroup-5-1, closeOutboundInternal()
2020-06-22 14:06:32,196 [myid:127.0.0.1:30073] - WARN  [main-SendThread(127.0.0.1:30073):ClientCnxn$SendThread@1272] - Session 0x0 for sever activate.navicat.com/127.0.0.1:30073, Closing socket connection. Attempting reconnect except it is a SessionExpiredException.
EndOfStreamException: channel for sessionid 0x0 is lost
	at org.apache.zookeeper.ClientCnxnSocketNetty.doTransport(ClientCnxnSocketNetty.java:285)
	at org.apache.zookeeper.ClientCnxn$SendThread.run(ClientCnxn.java:1262)
2020-06-22 14:06:32,196 [myid:] - WARN  [nioEventLoopGroup-4-3:NettyServerCnxnFactory$CnxnChannelHandler@273] - Exception caught
io.netty.handler.codec.DecoderException: javax.net.ssl.SSLException: Received fatal alert: certificate_unknown
	at io.netty.handler.codec.ByteToMessageDecoder.callDecode(ByteToMessageDecoder.java:468)
	at io.netty.handler.codec.ByteToMessageDecoder.channelRead(ByteToMessageDecoder.java:276)
	at io.netty.channel.AbstractChannelHandlerContext.invokeChannelRead(AbstractChannelHandlerContext.java:379)
	at io.netty.channel.AbstractChannelHandlerContext.invokeChannelRead(AbstractChannelHandlerContext.java:365)
	at io.netty.channel.AbstractChannelHandlerContext.fireChannelRead(AbstractChannelHandlerContext.java:357)
	at io.netty.channel.DefaultChannelPipeline$HeadContext.channelRead(DefaultChannelPipeline.java:1410)
	at io.netty.channel.AbstractChannelHandlerContext.invokeChannelRead(AbstractChannelHandlerContext.java:379)
	at io.netty.channel.AbstractChannelHandlerContext.invokeChannelRead(AbstractChannelHandlerContext.java:365)
	at io.netty.channel.DefaultChannelPipeline.fireChannelRead(DefaultChannelPipeline.java:919)
	at io.netty.channel.nio.AbstractNioByteChannel$NioByteUnsafe.read(AbstractNioByteChannel.java:163)
	at io.netty.channel.nio.NioEventLoop.processSelectedKey(NioEventLoop.java:714)
	at io.netty.channel.nio.NioEventLoop.processSelectedKeysOptimized(NioEventLoop.java:650)
	at io.netty.channel.nio.NioEventLoop.processSelectedKeys(NioEventLoop.java:576)
	at io.netty.channel.nio.NioEventLoop.run(NioEventLoop.java:493)
	at io.netty.util.concurrent.SingleThreadEventExecutor$4.run(SingleThreadEventExecutor.java:989)
	at io.netty.util.internal.ThreadExecutorMap$2.run(ThreadExecutorMap.java:74)
	at io.netty.util.concurrent.FastThreadLocalRunnable.run(FastThreadLocalRunnable.java:30)
	at java.lang.Thread.run(Thread.java:748)
Caused by: javax.net.ssl.SSLException: Received fatal alert: certificate_unknown
	at sun.security.ssl.Alerts.getSSLException(Alerts.java:214)
	at sun.security.ssl.SSLEngineImpl.fatal(SSLEngineImpl.java:1667)
	at sun.security.ssl.SSLEngineImpl.fatal(SSLEngineImpl.java:1635)
	at sun.security.ssl.SSLEngineImpl.recvAlert(SSLEngineImpl.java:1801)
	at sun.security.ssl.SSLEngineImpl.readRecord(SSLEngineImpl.java:1090)
	at sun.security.ssl.SSLEngineImpl.readNetRecord(SSLEngineImpl.java:913)
	at sun.security.ssl.SSLEngineImpl.unwrap(SSLEngineImpl.java:783)
	at javax.net.ssl.SSLEngine.unwrap(SSLEngine.java:626)
	at io.netty.handler.ssl.SslHandler$SslEngineType$3.unwrap(SslHandler.java:281)
	at io.netty.handler.ssl.SslHandler.unwrap(SslHandler.java:1340)
	at io.netty.handler.ssl.SslHandler.decodeJdkCompatible(SslHandler.java:1235)
	at io.netty.handler.ssl.SslHandler.decode(SslHandler.java:1282)
	at io.netty.handler.codec.ByteToMessageDecoder.decodeRemovalReentryProtection(ByteToMessageDecoder.java:498)
	at io.netty.handler.codec.ByteToMessageDecoder.callDecode(ByteToMessageDecoder.java:437)
	... 17 more
nioEventLoopGroup-4-3, called closeOutbound()
nioEventLoopGroup-4-3, closeOutboundInternal()
2020-06-22 14:06:32,196 [myid:127.0.0.1:30073] - INFO  [nioEventLoopGroup-5-1:ClientCnxnSocketNetty$ZKClientHandler@469] - channel is disconnected: [id: 0xa66803de, L:/127.0.0.1:55251 ! R:activate.navicat.com/127.0.0.1:30073]
nioEventLoopGroup-4-3, READ: TLSv1.2 Alert, length = 2
nioEventLoopGroup-4-3, RECV TLSv1.2 ALERT:  fatal, certificate_unknown
nioEventLoopGroup-4-3, fatal: engine already closed.  Rethrowing javax.net.ssl.SSLException: Received fatal alert: certificate_unknown
nioEventLoopGroup-4-3, fatal: engine already closed.  Rethrowing javax.net.ssl.SSLException: Received fatal alert: certificate_unknown
nioEventLoopGroup-4-3, called closeOutbound()
nioEventLoopGroup-4-3, closeOutboundInternal()
nioEventLoopGroup-4-3, called closeInbound()
nioEventLoopGroup-4-3, closeInboundInternal()
nioEventLoopGroup-4-3, closeOutboundInternal()
2020-06-22 14:06:32,197 [myid:] - WARN  [nioEventLoopGroup-4-3:NettyServerCnxnFactory$CnxnChannelHandler@273] - Exception caught
io.netty.handler.codec.DecoderException: javax.net.ssl.SSLException: Received fatal alert: certificate_unknown
	at io.netty.handler.codec.ByteToMessageDecoder.callDecode(ByteToMessageDecoder.java:468)
	at io.netty.handler.codec.ByteToMessageDecoder.channelInputClosed(ByteToMessageDecoder.java:401)
	at io.netty.handler.codec.ByteToMessageDecoder.channelInputClosed(ByteToMessageDecoder.java:368)
	at io.netty.handler.codec.ByteToMessageDecoder.channelInactive(ByteToMessageDecoder.java:351)
	at io.netty.handler.ssl.SslHandler.channelInactive(SslHandler.java:1084)
	at io.netty.channel.AbstractChannelHandlerContext.invokeChannelInactive(AbstractChannelHandlerContext.java:262)
	at io.netty.channel.AbstractChannelHandlerContext.invokeChannelInactive(AbstractChannelHandlerContext.java:248)
	at io.netty.channel.AbstractChannelHandlerContext.fireChannelInactive(AbstractChannelHandlerContext.java:241)
	at io.netty.channel.DefaultChannelPipeline$HeadContext.channelInactive(DefaultChannelPipeline.java:1405)
	at io.netty.channel.AbstractChannelHandlerContext.invokeChannelInactive(AbstractChannelHandlerContext.java:262)
	at io.netty.channel.AbstractChannelHandlerContext.invokeChannelInactive(AbstractChannelHandlerContext.java:248)
	at io.netty.channel.DefaultChannelPipeline.fireChannelInactive(DefaultChannelPipeline.java:901)
	at io.netty.channel.AbstractChannel$AbstractUnsafe$8.run(AbstractChannel.java:818)
	at io.netty.util.concurrent.AbstractEventExecutor.safeExecute(AbstractEventExecutor.java:164)
	at io.netty.util.concurrent.SingleThreadEventExecutor.runAllTasks(SingleThreadEventExecutor.java:472)
	at io.netty.channel.nio.NioEventLoop.run(NioEventLoop.java:497)
	at io.netty.util.concurrent.SingleThreadEventExecutor$4.run(SingleThreadEventExecutor.java:989)
	at io.netty.util.internal.ThreadExecutorMap$2.run(ThreadExecutorMap.java:74)
	at io.netty.util.concurrent.FastThreadLocalRunnable.run(FastThreadLocalRunnable.java:30)
	at java.lang.Thread.run(Thread.java:748)
Caused by: javax.net.ssl.SSLException: Received fatal alert: certificate_unknown
	at sun.security.ssl.Alerts.getSSLException(Alerts.java:214)
	at sun.security.ssl.SSLEngineImpl.fatal(SSLEngineImpl.java:1667)
	at sun.security.ssl.SSLEngineImpl.fatal(SSLEngineImpl.java:1635)
	at sun.security.ssl.SSLEngineImpl.recvAlert(SSLEngineImpl.java:1801)
	at sun.security.ssl.SSLEngineImpl.readRecord(SSLEngineImpl.java:1090)
	at sun.security.ssl.SSLEngineImpl.readNetRecord(SSLEngineImpl.java:913)
	at sun.security.ssl.SSLEngineImpl.unwrap(SSLEngineImpl.java:783)
	at javax.net.ssl.SSLEngine.unwrap(SSLEngine.java:626)
	at io.netty.handler.ssl.SslHandler$SslEngineType$3.unwrap(SslHandler.java:281)
	at io.netty.handler.ssl.SslHandler.unwrap(SslHandler.java:1340)
	at io.netty.handler.ssl.SslHandler.decodeJdkCompatible(SslHandler.java:1235)
	at io.netty.handler.ssl.SslHandler.decode(SslHandler.java:1282)
	at io.netty.handler.codec.ByteToMessageDecoder.decodeRemovalReentryProtection(ByteToMessageDecoder.java:498)
	at io.netty.handler.codec.ByteToMessageDecoder.callDecode(ByteToMessageDecoder.java:437)
	... 19 more
2020-06-22 14:06:33,334 [myid:127.0.0.1:30073] - INFO  [main-SendThread(127.0.0.1:30073):ClientCnxn$SendThread@1154] - Opening socket connection to server activate.navicat.com/127.0.0.1:30073.
2020-06-22 14:06:33,334 [myid:127.0.0.1:30073] - INFO  [main-SendThread(127.0.0.1:30073):ClientCnxn$SendThread@1156] - SASL config status: Will not attempt to authenticate using SASL (unknown error)
adding as trusted cert:
  Subject: CN=localhost, OU=ZooKeeper, O=Apache, L=Unknown, ST=Unknown, C=Unknown
  Issuer:  CN=localhost, OU=ZooKeeper, O=Apache, L=Unknown, ST=Unknown, C=Unknown
  Algorithm: RSA; Serial number: 0x7334b506
  Valid from Sat Jan 31 02:57:30 CST 2015 until Wed Feb 08 02:57:30 CST 3015

trigger seeding of SecureRandom
done seeding SecureRandom
Using SSLEngineImpl.
%% Initialized:  [Session-75, SSL_NULL_WITH_NULL_NULL]
2020-06-22 14:06:33,335 [myid:127.0.0.1:30073] - INFO  [nioEventLoopGroup-5-1:ClientCnxnSocketNetty$ZKClientPipelineFactory@454] - SSL handler added for channel: [id: 0x5038ba61]
2020-06-22 14:06:33,336 [myid:127.0.0.1:30073] - INFO  [nioEventLoopGroup-5-1:ClientCnxn$SendThread@986] - Socket connection established, initiating session, client: /127.0.0.1:55294, server: activate.navicat.com/127.0.0.1:30073
2020-06-22 14:06:33,336 [myid:127.0.0.1:30073] - INFO  [nioEventLoopGroup-5-1:ClientCnxnSocketNetty$1@184] - channel is connected: [id: 0x5038ba61, L:/127.0.0.1:55294 - R:activate.navicat.com/127.0.0.1:30073]
trigger seeding of SecureRandom
Allow unsafe renegotiation: false
Allow legacy hello messages: true
Is initial handshake: true
Is secure renegotiation: false
done seeding SecureRandom
Using SSLEngineImpl.
%% Initialized:  [Session-76, SSL_NULL_WITH_NULL_NULL]
Ignoring unsupported cipher suite: TLS_ECDHE_ECDSA_WITH_AES_256_CBC_SHA384 for TLSv1
Ignoring unsupported cipher suite: TLS_ECDHE_RSA_WITH_AES_256_CBC_SHA384 for TLSv1
Ignoring unsupported cipher suite: TLS_RSA_WITH_AES_256_CBC_SHA256 for TLSv1
Ignoring unsupported cipher suite: TLS_ECDH_ECDSA_WITH_AES_256_CBC_SHA384 for TLSv1
Ignoring unsupported cipher suite: TLS_ECDH_RSA_WITH_AES_256_CBC_SHA384 for TLSv1
Ignoring unsupported cipher suite: TLS_DHE_RSA_WITH_AES_256_CBC_SHA256 for TLSv1
Ignoring unsupported cipher suite: TLS_DHE_DSS_WITH_AES_256_CBC_SHA256 for TLSv1
Ignoring unsupported cipher suite: TLS_ECDHE_ECDSA_WITH_AES_256_CBC_SHA384 for TLSv1.1
Ignoring unsupported cipher suite: TLS_ECDHE_RSA_WITH_AES_256_CBC_SHA384 for TLSv1.1
Ignoring unsupported cipher suite: TLS_RSA_WITH_AES_256_CBC_SHA256 for TLSv1.1
Ignoring unsupported cipher suite: TLS_ECDH_ECDSA_WITH_AES_256_CBC_SHA384 for TLSv1.1
Ignoring unsupported cipher suite: TLS_ECDH_RSA_WITH_AES_256_CBC_SHA384 for TLSv1.1
Ignoring unsupported cipher suite: TLS_DHE_RSA_WITH_AES_256_CBC_SHA256 for TLSv1.1
Ignoring unsupported cipher suite: TLS_DHE_DSS_WITH_AES_256_CBC_SHA256 for TLSv1.1
%% No cached client session
update handshake state: client_hello[1]
upcoming handshake states: server_hello[2]
*** ClientHello, TLSv1.2
RandomCookie:  GMT: 1576028777 bytes = { 25, 126, 138, 32, 180, 51, 217, 231, 104, 84, 171, 26, 114, 25, 216, 28, 243, 145, 45, 68, 207, 234, 145, 141, 202, 28, 232, 58 }
Session ID:  {}
Cipher Suites: [TLS_ECDHE_ECDSA_WITH_AES_256_CBC_SHA384, TLS_ECDHE_RSA_WITH_AES_256_CBC_SHA384, TLS_RSA_WITH_AES_256_CBC_SHA256, TLS_ECDH_ECDSA_WITH_AES_256_CBC_SHA384, TLS_ECDH_RSA_WITH_AES_256_CBC_SHA384, TLS_DHE_RSA_WITH_AES_256_CBC_SHA256, TLS_DHE_DSS_WITH_AES_256_CBC_SHA256, TLS_ECDHE_ECDSA_WITH_AES_256_CBC_SHA, TLS_ECDHE_RSA_WITH_AES_256_CBC_SHA, TLS_RSA_WITH_AES_256_CBC_SHA, TLS_ECDH_ECDSA_WITH_AES_256_CBC_SHA, TLS_ECDH_RSA_WITH_AES_256_CBC_SHA, TLS_DHE_RSA_WITH_AES_256_CBC_SHA, TLS_DHE_DSS_WITH_AES_256_CBC_SHA, TLS_ECDHE_ECDSA_WITH_AES_128_CBC_SHA256, TLS_ECDHE_RSA_WITH_AES_128_CBC_SHA256, TLS_RSA_WITH_AES_128_CBC_SHA256, TLS_ECDH_ECDSA_WITH_AES_128_CBC_SHA256, TLS_ECDH_RSA_WITH_AES_128_CBC_SHA256, TLS_DHE_RSA_WITH_AES_128_CBC_SHA256, TLS_DHE_DSS_WITH_AES_128_CBC_SHA256, TLS_ECDHE_ECDSA_WITH_AES_128_CBC_SHA, TLS_ECDHE_RSA_WITH_AES_128_CBC_SHA, TLS_RSA_WITH_AES_128_CBC_SHA, TLS_ECDH_ECDSA_WITH_AES_128_CBC_SHA, TLS_ECDH_RSA_WITH_AES_128_CBC_SHA, TLS_DHE_RSA_WITH_AES_128_CBC_SHA, TLS_DHE_DSS_WITH_AES_128_CBC_SHA, TLS_ECDHE_ECDSA_WITH_AES_256_GCM_SHA384, TLS_ECDHE_ECDSA_WITH_AES_128_GCM_SHA256, TLS_ECDHE_RSA_WITH_AES_256_GCM_SHA384, TLS_RSA_WITH_AES_256_GCM_SHA384, TLS_ECDH_ECDSA_WITH_AES_256_GCM_SHA384, TLS_ECDH_RSA_WITH_AES_256_GCM_SHA384, TLS_DHE_RSA_WITH_AES_256_GCM_SHA384, TLS_DHE_DSS_WITH_AES_256_GCM_SHA384, TLS_ECDHE_RSA_WITH_AES_128_GCM_SHA256, TLS_RSA_WITH_AES_128_GCM_SHA256, TLS_ECDH_ECDSA_WITH_AES_128_GCM_SHA256, TLS_ECDH_RSA_WITH_AES_128_GCM_SHA256, TLS_DHE_RSA_WITH_AES_128_GCM_SHA256, TLS_DHE_DSS_WITH_AES_128_GCM_SHA256, TLS_EMPTY_RENEGOTIATION_INFO_SCSV]
Compression Methods:  { 0 }
Extension elliptic_curves, curve names: {secp256r1, secp384r1, secp521r1}
Extension ec_point_formats, formats: [uncompressed]
Extension signature_algorithms, signature_algorithms: SHA512withECDSA, SHA512withRSA, SHA384withECDSA, SHA384withRSA, SHA256withECDSA, SHA256withRSA, SHA256withDSA, SHA1withECDSA, SHA1withRSA, SHA1withDSA
Extension extended_master_secret
Extension server_name, server_name: [type=host_name (0), value=activate.navicat.com]
***
nioEventLoopGroup-5-1, WRITE: TLSv1.2 Handshake, length = 208
Allow unsafe renegotiation: false
Allow legacy hello messages: true
Is initial handshake: true
Is secure renegotiation: false
nioEventLoopGroup-4-4, READ: TLSv1.2 Handshake, length = 208
check handshake state: client_hello[1]
update handshake state: client_hello[1]
upcoming handshake states: server_hello[2]
*** ClientHello, TLSv1.2
RandomCookie:  GMT: 1576028777 bytes = { 25, 126, 138, 32, 180, 51, 217, 231, 104, 84, 171, 26, 114, 25, 216, 28, 243, 145, 45, 68, 207, 234, 145, 141, 202, 28, 232, 58 }
Session ID:  {}
Cipher Suites: [TLS_ECDHE_ECDSA_WITH_AES_256_CBC_SHA384, TLS_ECDHE_RSA_WITH_AES_256_CBC_SHA384, TLS_RSA_WITH_AES_256_CBC_SHA256, TLS_ECDH_ECDSA_WITH_AES_256_CBC_SHA384, TLS_ECDH_RSA_WITH_AES_256_CBC_SHA384, TLS_DHE_RSA_WITH_AES_256_CBC_SHA256, TLS_DHE_DSS_WITH_AES_256_CBC_SHA256, TLS_ECDHE_ECDSA_WITH_AES_256_CBC_SHA, TLS_ECDHE_RSA_WITH_AES_256_CBC_SHA, TLS_RSA_WITH_AES_256_CBC_SHA, TLS_ECDH_ECDSA_WITH_AES_256_CBC_SHA, TLS_ECDH_RSA_WITH_AES_256_CBC_SHA, TLS_DHE_RSA_WITH_AES_256_CBC_SHA, TLS_DHE_DSS_WITH_AES_256_CBC_SHA, TLS_ECDHE_ECDSA_WITH_AES_128_CBC_SHA256, TLS_ECDHE_RSA_WITH_AES_128_CBC_SHA256, TLS_RSA_WITH_AES_128_CBC_SHA256, TLS_ECDH_ECDSA_WITH_AES_128_CBC_SHA256, TLS_ECDH_RSA_WITH_AES_128_CBC_SHA256, TLS_DHE_RSA_WITH_AES_128_CBC_SHA256, TLS_DHE_DSS_WITH_AES_128_CBC_SHA256, TLS_ECDHE_ECDSA_WITH_AES_128_CBC_SHA, TLS_ECDHE_RSA_WITH_AES_128_CBC_SHA, TLS_RSA_WITH_AES_128_CBC_SHA, TLS_ECDH_ECDSA_WITH_AES_128_CBC_SHA, TLS_ECDH_RSA_WITH_AES_128_CBC_SHA, TLS_DHE_RSA_WITH_AES_128_CBC_SHA, TLS_DHE_DSS_WITH_AES_128_CBC_SHA, TLS_ECDHE_ECDSA_WITH_AES_256_GCM_SHA384, TLS_ECDHE_ECDSA_WITH_AES_128_GCM_SHA256, TLS_ECDHE_RSA_WITH_AES_256_GCM_SHA384, TLS_RSA_WITH_AES_256_GCM_SHA384, TLS_ECDH_ECDSA_WITH_AES_256_GCM_SHA384, TLS_ECDH_RSA_WITH_AES_256_GCM_SHA384, TLS_DHE_RSA_WITH_AES_256_GCM_SHA384, TLS_DHE_DSS_WITH_AES_256_GCM_SHA384, TLS_ECDHE_RSA_WITH_AES_128_GCM_SHA256, TLS_RSA_WITH_AES_128_GCM_SHA256, TLS_ECDH_ECDSA_WITH_AES_128_GCM_SHA256, TLS_ECDH_RSA_WITH_AES_128_GCM_SHA256, TLS_DHE_RSA_WITH_AES_128_GCM_SHA256, TLS_DHE_DSS_WITH_AES_128_GCM_SHA256, TLS_EMPTY_RENEGOTIATION_INFO_SCSV]
Compression Methods:  { 0 }
Extension elliptic_curves, curve names: {secp256r1, secp384r1, secp521r1}
Extension ec_point_formats, formats: [uncompressed]
Extension signature_algorithms, signature_algorithms: SHA512withECDSA, SHA512withRSA, SHA384withECDSA, SHA384withRSA, SHA256withECDSA, SHA256withRSA, SHA256withDSA, SHA1withECDSA, SHA1withRSA, SHA1withDSA
Extension extended_master_secret
Extension server_name, server_name: [type=host_name (0), value=activate.navicat.com]
***
%% Initialized:  [Session-77, SSL_NULL_WITH_NULL_NULL]
Standard ciphersuite chosen: TLS_ECDHE_RSA_WITH_AES_256_CBC_SHA384
%% Negotiating:  [Session-77, TLS_ECDHE_RSA_WITH_AES_256_CBC_SHA384]
*** ServerHello, TLSv1.2
RandomCookie:  GMT: 1576028777 bytes = { 90, 83, 68, 190, 13, 23, 219, 148, 12, 3, 227, 96, 103, 119, 54, 137, 200, 87, 31, 25, 194, 151, 115, 158, 160, 153, 40, 101 }
Session ID:  {94, 240, 74, 105, 20, 110, 62, 39, 32, 155, 235, 235, 84, 85, 86, 70, 91, 215, 254, 176, 193, 195, 112, 51, 193, 80, 153, 166, 93, 39, 64, 149}
Cipher Suite: TLS_ECDHE_RSA_WITH_AES_256_CBC_SHA384
Compression Method: 0
Extension renegotiation_info, renegotiated_connection: <empty>
Extension extended_master_secret
***
Cipher suite:  TLS_ECDHE_RSA_WITH_AES_256_CBC_SHA384
update handshake state: server_hello[2]
upcoming handshake states: server certificate[11]
upcoming handshake states: server_key_exchange[12](optional)
upcoming handshake states: certificate_request[13](optional)
upcoming handshake states: server_hello_done[14]
upcoming handshake states: client certificate[11](optional)
upcoming handshake states: client_key_exchange[16]
upcoming handshake states: certificate_verify[15](optional)
upcoming handshake states: client change_cipher_spec[-1]
upcoming handshake states: client finished[20]
upcoming handshake states: server change_cipher_spec[-1]
upcoming handshake states: server finished[20]
*** Certificate chain
chain [0] = [
[
  Version: V3
  Subject: CN=localhost, OU=ZooKeeper, O=Apache, L=Unknown, ST=Unknown, C=Unknown
  Signature Algorithm: SHA256withRSA, OID = 1.2.840.113549.1.1.11

  Key:  Sun RSA public key, 2048 bits
  params: null
  modulus: 20466894428749997265095448870198652391311568515891366224735448896044144250313384062095901217219702596717622583159291680947094046474456586662132842412743846124470020097713679685492900855417800931365512472314155689881392853768001073664569106127795833231344696659209258027979401908711647617989508135190248980524852215540637603770017238536229773075995665111861820945008718990948857303373661769409475939971958531493423489844433566328219155461676589360491136984327342101195255797973694339642711115427623510874675394946293706606142706174397483349590050687482693164890194014220011640037490528845185364811025836034294701994387
  public exponent: 65537
  Validity: [From: Sat Jan 31 02:57:30 CST 2015,
               To: Wed Feb 08 02:57:30 CST 3015]
  Issuer: CN=localhost, OU=ZooKeeper, O=Apache, L=Unknown, ST=Unknown, C=Unknown
  SerialNumber: [    7334b506]

Certificate Extensions: 1
[1]: ObjectId: 2.5.29.14 Criticality=false
SubjectKeyIdentifier [
KeyIdentifier [
0000: 65 D7 B4 E0 27 45 7A 00   58 2F AD D5 0B 64 2D 77  e...'Ez.X/...d-w
0010: 88 F7 AA F5                                        ....
]
]

]
  Algorithm: [SHA256withRSA]
  Signature:
0000: 1B C8 6B 36 83 1D 28 37   5C 1F 7D F6 C6 84 A0 BF  ..k6..(7\.......
0010: CA C0 47 CF C5 34 70 7A   CF 6B EA 34 84 BE 08 7A  ..G..4pz.k.4...z
0020: 98 E6 3D ED 1D E2 6F 06   DB 23 AB 41 AD D5 DF 1D  ..=...o..#.A....
0030: 92 F4 9D 05 FD 7C EE BE   4A 87 B8 F1 FE F4 5B 79  ........J.....[y
0040: DC AD F7 44 3D 67 08 7A   3B 91 D7 5A 79 44 96 D7  ...D=g.z;..ZyD..
0050: BE 0E 41 C8 64 E3 87 C3   28 11 AB DC 36 F5 B0 AC  ..A.d...(...6...
0060: BD 2F 16 1D 6E A1 52 25   5A EC 6F AD 20 71 5A 1B  ./..n.R%Z.o. qZ.
0070: 66 D4 0D A6 49 B7 75 43   C4 84 0B 4B AC BD 16 76  f...I.uC...K...v
0080: 58 2B 07 85 E2 F1 44 15   1E 67 D1 3C 13 73 5A 2D  X+....D..g.<.sZ-
0090: D6 06 0B A1 D3 09 7E EF   88 F9 C3 0E A4 10 47 EA  ..............G.
00A0: 65 5D CD F0 39 EA 2F 59   1C 08 BC F9 CC 5B C9 BB  e]..9./Y.....[..
00B0: 2F 20 19 81 97 B5 21 BB   60 A4 39 08 6C 41 2A 51  / ....!.`.9.lA*Q
00C0: B1 C3 1A A3 8C F8 ED 67   D0 EE EC 52 01 2A E4 1E  .......g...R.*..
00D0: D2 B4 34 73 DC 7E 34 24   A9 4E 77 AD FD B3 77 0D  ..4s..4$.Nw...w.
00E0: C2 7A C0 65 F6 CC 11 9D   19 AA 59 13 C3 9D AD 5F  .z.e......Y...._
00F0: 61 E6 C2 18 F0 E5 A1 49   41 B5 EF 9E 91 0C 35 9C  a......IA.....5.

]
***
update handshake state: certificate[11]
upcoming handshake states: server_key_exchange[12](optional)
upcoming handshake states: certificate_request[13](optional)
upcoming handshake states: server_hello_done[14]
upcoming handshake states: client certificate[11](optional)
upcoming handshake states: client_key_exchange[16]
upcoming handshake states: certificate_verify[15](optional)
upcoming handshake states: client change_cipher_spec[-1]
upcoming handshake states: client finished[20]
upcoming handshake states: server change_cipher_spec[-1]
upcoming handshake states: server finished[20]
*** ECDH ServerKeyExchange
Signature Algorithm SHA512withRSA
Server key: Sun EC public key, 256 bits
  public x coord: 24908432706153623805207929954742815521589025843411307190486781632203349836256
  public y coord: 104362349736591501200568375362417441589105731119663833358055032754208026923443
  parameters: secp256r1 [NIST P-256, X9.62 prime256v1] (1.2.840.10045.3.1.7)
update handshake state: server_key_exchange[12]
upcoming handshake states: certificate_request[13](optional)
upcoming handshake states: server_hello_done[14]
upcoming handshake states: client certificate[11](optional)
upcoming handshake states: client_key_exchange[16]
upcoming handshake states: certificate_verify[15](optional)
upcoming handshake states: client change_cipher_spec[-1]
upcoming handshake states: client finished[20]
upcoming handshake states: server change_cipher_spec[-1]
upcoming handshake states: server finished[20]
*** CertificateRequest
Cert Types: RSA, DSS, ECDSA
Supported Signature Algorithms: SHA512withECDSA, SHA512withRSA, SHA384withECDSA, SHA384withRSA, SHA256withECDSA, SHA256withRSA, SHA256withDSA, SHA1withECDSA, SHA1withRSA, SHA1withDSA
Cert Authorities:
<CN=localhost, OU=ZooKeeper, O=Apache, L=Unknown, ST=Unknown, C=Unknown>
update handshake state: unknown[13]
upcoming handshake states: server_hello_done[14]
upcoming handshake states: client certificate[11](optional)
upcoming handshake states: client_key_exchange[16]
upcoming handshake states: certificate_verify[15](optional)
upcoming handshake states: client change_cipher_spec[-1]
upcoming handshake states: client finished[20]
upcoming handshake states: server change_cipher_spec[-1]
upcoming handshake states: server finished[20]
*** ServerHelloDone
update handshake state: server_hello_done[14]
upcoming handshake states: client certificate[11](optional)
upcoming handshake states: client_key_exchange[16]
upcoming handshake states: certificate_verify[15](optional)
upcoming handshake states: client change_cipher_spec[-1]
upcoming handshake states: client finished[20]
upcoming handshake states: server change_cipher_spec[-1]
upcoming handshake states: server finished[20]
nioEventLoopGroup-4-4, WRITE: TLSv1.2 Handshake, length = 1478
nioEventLoopGroup-5-1, READ: TLSv1.2 Handshake, length = 1478
check handshake state: server_hello[2]
*** ServerHello, TLSv1.2
RandomCookie:  GMT: 1576028777 bytes = { 90, 83, 68, 190, 13, 23, 219, 148, 12, 3, 227, 96, 103, 119, 54, 137, 200, 87, 31, 25, 194, 151, 115, 158, 160, 153, 40, 101 }
Session ID:  {94, 240, 74, 105, 20, 110, 62, 39, 32, 155, 235, 235, 84, 85, 86, 70, 91, 215, 254, 176, 193, 195, 112, 51, 193, 80, 153, 166, 93, 39, 64, 149}
Cipher Suite: TLS_ECDHE_RSA_WITH_AES_256_CBC_SHA384
Compression Method: 0
Extension renegotiation_info, renegotiated_connection: <empty>
Extension extended_master_secret
***
%% Initialized:  [Session-78, TLS_ECDHE_RSA_WITH_AES_256_CBC_SHA384]
** TLS_ECDHE_RSA_WITH_AES_256_CBC_SHA384
update handshake state: server_hello[2]
upcoming handshake states: server certificate[11]
upcoming handshake states: server_key_exchange[12](optional)
upcoming handshake states: certificate_request[13](optional)
upcoming handshake states: server_hello_done[14]
upcoming handshake states: client certificate[11](optional)
upcoming handshake states: client_key_exchange[16]
upcoming handshake states: certificate_verify[15](optional)
upcoming handshake states: client change_cipher_spec[-1]
upcoming handshake states: client finished[20]
upcoming handshake states: server change_cipher_spec[-1]
upcoming handshake states: server finished[20]
check handshake state: certificate[11]
update handshake state: certificate[11]
upcoming handshake states: server_key_exchange[12](optional)
upcoming handshake states: certificate_request[13](optional)
upcoming handshake states: server_hello_done[14]
upcoming handshake states: client certificate[11](optional)
upcoming handshake states: client_key_exchange[16]
upcoming handshake states: certificate_verify[15](optional)
upcoming handshake states: client change_cipher_spec[-1]
upcoming handshake states: client finished[20]
upcoming handshake states: server change_cipher_spec[-1]
upcoming handshake states: server finished[20]
*** Certificate chain
chain [0] = [
[
  Version: V3
  Subject: CN=localhost, OU=ZooKeeper, O=Apache, L=Unknown, ST=Unknown, C=Unknown
  Signature Algorithm: SHA256withRSA, OID = 1.2.840.113549.1.1.11

  Key:  Sun RSA public key, 2048 bits
  params: null
  modulus: 20466894428749997265095448870198652391311568515891366224735448896044144250313384062095901217219702596717622583159291680947094046474456586662132842412743846124470020097713679685492900855417800931365512472314155689881392853768001073664569106127795833231344696659209258027979401908711647617989508135190248980524852215540637603770017238536229773075995665111861820945008718990948857303373661769409475939971958531493423489844433566328219155461676589360491136984327342101195255797973694339642711115427623510874675394946293706606142706174397483349590050687482693164890194014220011640037490528845185364811025836034294701994387
  public exponent: 65537
  Validity: [From: Sat Jan 31 02:57:30 CST 2015,
               To: Wed Feb 08 02:57:30 CST 3015]
  Issuer: CN=localhost, OU=ZooKeeper, O=Apache, L=Unknown, ST=Unknown, C=Unknown
  SerialNumber: [    7334b506]

Certificate Extensions: 1
[1]: ObjectId: 2.5.29.14 Criticality=false
SubjectKeyIdentifier [
KeyIdentifier [
0000: 65 D7 B4 E0 27 45 7A 00   58 2F AD D5 0B 64 2D 77  e...'Ez.X/...d-w
0010: 88 F7 AA F5                                        ....
]
]

]
  Algorithm: [SHA256withRSA]
  Signature:
0000: 1B C8 6B 36 83 1D 28 37   5C 1F 7D F6 C6 84 A0 BF  ..k6..(7\.......
0010: CA C0 47 CF C5 34 70 7A   CF 6B EA 34 84 BE 08 7A  ..G..4pz.k.4...z
0020: 98 E6 3D ED 1D E2 6F 06   DB 23 AB 41 AD D5 DF 1D  ..=...o..#.A....
0030: 92 F4 9D 05 FD 7C EE BE   4A 87 B8 F1 FE F4 5B 79  ........J.....[y
0040: DC AD F7 44 3D 67 08 7A   3B 91 D7 5A 79 44 96 D7  ...D=g.z;..ZyD..
0050: BE 0E 41 C8 64 E3 87 C3   28 11 AB DC 36 F5 B0 AC  ..A.d...(...6...
0060: BD 2F 16 1D 6E A1 52 25   5A EC 6F AD 20 71 5A 1B  ./..n.R%Z.o. qZ.
0070: 66 D4 0D A6 49 B7 75 43   C4 84 0B 4B AC BD 16 76  f...I.uC...K...v
0080: 58 2B 07 85 E2 F1 44 15   1E 67 D1 3C 13 73 5A 2D  X+....D..g.<.sZ-
0090: D6 06 0B A1 D3 09 7E EF   88 F9 C3 0E A4 10 47 EA  ..............G.
00A0: 65 5D CD F0 39 EA 2F 59   1C 08 BC F9 CC 5B C9 BB  e]..9./Y.....[..
00B0: 2F 20 19 81 97 B5 21 BB   60 A4 39 08 6C 41 2A 51  / ....!.`.9.lA*Q
00C0: B1 C3 1A A3 8C F8 ED 67   D0 EE EC 52 01 2A E4 1E  .......g...R.*..
00D0: D2 B4 34 73 DC 7E 34 24   A9 4E 77 AD FD B3 77 0D  ..4s..4$.Nw...w.
00E0: C2 7A C0 65 F6 CC 11 9D   19 AA 59 13 C3 9D AD 5F  .z.e......Y...._
00F0: 61 E6 C2 18 F0 E5 A1 49   41 B5 EF 9E 91 0C 35 9C  a......IA.....5.

]
***
Found trusted certificate:
[
[
  Version: V3
  Subject: CN=localhost, OU=ZooKeeper, O=Apache, L=Unknown, ST=Unknown, C=Unknown
  Signature Algorithm: SHA256withRSA, OID = 1.2.840.113549.1.1.11

  Key:  Sun RSA public key, 2048 bits
  params: null
  modulus: 20466894428749997265095448870198652391311568515891366224735448896044144250313384062095901217219702596717622583159291680947094046474456586662132842412743846124470020097713679685492900855417800931365512472314155689881392853768001073664569106127795833231344696659209258027979401908711647617989508135190248980524852215540637603770017238536229773075995665111861820945008718990948857303373661769409475939971958531493423489844433566328219155461676589360491136984327342101195255797973694339642711115427623510874675394946293706606142706174397483349590050687482693164890194014220011640037490528845185364811025836034294701994387
  public exponent: 65537
  Validity: [From: Sat Jan 31 02:57:30 CST 2015,
               To: Wed Feb 08 02:57:30 CST 3015]
  Issuer: CN=localhost, OU=ZooKeeper, O=Apache, L=Unknown, ST=Unknown, C=Unknown
  SerialNumber: [    7334b506]

Certificate Extensions: 1
[1]: ObjectId: 2.5.29.14 Criticality=false
SubjectKeyIdentifier [
KeyIdentifier [
0000: 65 D7 B4 E0 27 45 7A 00   58 2F AD D5 0B 64 2D 77  e...'Ez.X/...d-w
0010: 88 F7 AA F5                                        ....
]
]

]
  Algorithm: [SHA256withRSA]
  Signature:
0000: 1B C8 6B 36 83 1D 28 37   5C 1F 7D F6 C6 84 A0 BF  ..k6..(7\.......
0010: CA C0 47 CF C5 34 70 7A   CF 6B EA 34 84 BE 08 7A  ..G..4pz.k.4...z
0020: 98 E6 3D ED 1D E2 6F 06   DB 23 AB 41 AD D5 DF 1D  ..=...o..#.A....
0030: 92 F4 9D 05 FD 7C EE BE   4A 87 B8 F1 FE F4 5B 79  ........J.....[y
0040: DC AD F7 44 3D 67 08 7A   3B 91 D7 5A 79 44 96 D7  ...D=g.z;..ZyD..
0050: BE 0E 41 C8 64 E3 87 C3   28 11 AB DC 36 F5 B0 AC  ..A.d...(...6...
0060: BD 2F 16 1D 6E A1 52 25   5A EC 6F AD 20 71 5A 1B  ./..n.R%Z.o. qZ.
0070: 66 D4 0D A6 49 B7 75 43   C4 84 0B 4B AC BD 16 76  f...I.uC...K...v
0080: 58 2B 07 85 E2 F1 44 15   1E 67 D1 3C 13 73 5A 2D  X+....D..g.<.sZ-
0090: D6 06 0B A1 D3 09 7E EF   88 F9 C3 0E A4 10 47 EA  ..............G.
00A0: 65 5D CD F0 39 EA 2F 59   1C 08 BC F9 CC 5B C9 BB  e]..9./Y.....[..
00B0: 2F 20 19 81 97 B5 21 BB   60 A4 39 08 6C 41 2A 51  / ....!.`.9.lA*Q
00C0: B1 C3 1A A3 8C F8 ED 67   D0 EE EC 52 01 2A E4 1E  .......g...R.*..
00D0: D2 B4 34 73 DC 7E 34 24   A9 4E 77 AD FD B3 77 0D  ..4s..4$.Nw...w.
00E0: C2 7A C0 65 F6 CC 11 9D   19 AA 59 13 C3 9D AD 5F  .z.e......Y...._
00F0: 61 E6 C2 18 F0 E5 A1 49   41 B5 EF 9E 91 0C 35 9C  a......IA.....5.

]
2020-06-22 14:06:33,347 [myid:127.0.0.1:30073] - ERROR [nioEventLoopGroup-5-1:ZKTrustManager@161] - Failed to verify host address: 127.0.0.1
javax.net.ssl.SSLPeerUnverifiedException: Certificate for <127.0.0.1> doesn't match common name of the certificate subject: localhost
	at org.apache.zookeeper.common.ZKHostnameVerifier.matchCN(ZKHostnameVerifier.java:238)
	at org.apache.zookeeper.common.ZKHostnameVerifier.verify(ZKHostnameVerifier.java:184)
	at org.apache.zookeeper.common.ZKTrustManager.performHostVerification(ZKTrustManager.java:151)
	at org.apache.zookeeper.common.ZKTrustManager.checkServerTrusted(ZKTrustManager.java:118)
	at sun.security.ssl.ClientHandshaker.serverCertificate(ClientHandshaker.java:1675)
	at sun.security.ssl.ClientHandshaker.processMessage(ClientHandshaker.java:226)
	at sun.security.ssl.Handshaker.processLoop(Handshaker.java:1082)
	at sun.security.ssl.Handshaker$1.run(Handshaker.java:1015)
	at sun.security.ssl.Handshaker$1.run(Handshaker.java:1012)
	at java.security.AccessController.doPrivileged(Native Method)
	at sun.security.ssl.Handshaker$DelegatedTask.run(Handshaker.java:1504)
	at io.netty.handler.ssl.SslHandler.runAllDelegatedTasks(SslHandler.java:1510)
	at io.netty.handler.ssl.SslHandler.runDelegatedTasks(SslHandler.java:1524)
	at io.netty.handler.ssl.SslHandler.unwrap(SslHandler.java:1408)
	at io.netty.handler.ssl.SslHandler.decodeJdkCompatible(SslHandler.java:1235)
	at io.netty.handler.ssl.SslHandler.decode(SslHandler.java:1282)
	at io.netty.handler.codec.ByteToMessageDecoder.decodeRemovalReentryProtection(ByteToMessageDecoder.java:498)
	at io.netty.handler.codec.ByteToMessageDecoder.callDecode(ByteToMessageDecoder.java:437)
	at io.netty.handler.codec.ByteToMessageDecoder.channelRead(ByteToMessageDecoder.java:276)
	at io.netty.channel.AbstractChannelHandlerContext.invokeChannelRead(AbstractChannelHandlerContext.java:379)
	at io.netty.channel.AbstractChannelHandlerContext.invokeChannelRead(AbstractChannelHandlerContext.java:365)
	at io.netty.channel.AbstractChannelHandlerContext.fireChannelRead(AbstractChannelHandlerContext.java:357)
	at io.netty.channel.DefaultChannelPipeline$HeadContext.channelRead(DefaultChannelPipeline.java:1410)
	at io.netty.channel.AbstractChannelHandlerContext.invokeChannelRead(AbstractChannelHandlerContext.java:379)
	at io.netty.channel.AbstractChannelHandlerContext.invokeChannelRead(AbstractChannelHandlerContext.java:365)
	at io.netty.channel.DefaultChannelPipeline.fireChannelRead(DefaultChannelPipeline.java:919)
	at io.netty.channel.nio.AbstractNioByteChannel$NioByteUnsafe.read(AbstractNioByteChannel.java:163)
	at io.netty.channel.nio.NioEventLoop.processSelectedKey(NioEventLoop.java:714)
	at io.netty.channel.nio.NioEventLoop.processSelectedKeysOptimized(NioEventLoop.java:650)
	at io.netty.channel.nio.NioEventLoop.processSelectedKeys(NioEventLoop.java:576)
	at io.netty.channel.nio.NioEventLoop.run(NioEventLoop.java:493)
	at io.netty.util.concurrent.SingleThreadEventExecutor$4.run(SingleThreadEventExecutor.java:989)
	at io.netty.util.internal.ThreadExecutorMap$2.run(ThreadExecutorMap.java:74)
	at io.netty.util.concurrent.FastThreadLocalRunnable.run(FastThreadLocalRunnable.java:30)
	at java.lang.Thread.run(Thread.java:748)
2020-06-22 14:06:33,347 [myid:127.0.0.1:30073] - ERROR [nioEventLoopGroup-5-1:ZKTrustManager@162] - Failed to verify hostname: activate.navicat.com
javax.net.ssl.SSLPeerUnverifiedException: Certificate for <activate.navicat.com> doesn't match common name of the certificate subject: localhost
	at org.apache.zookeeper.common.ZKHostnameVerifier.matchCN(ZKHostnameVerifier.java:238)
	at org.apache.zookeeper.common.ZKHostnameVerifier.verify(ZKHostnameVerifier.java:184)
	at org.apache.zookeeper.common.ZKTrustManager.performHostVerification(ZKTrustManager.java:159)
	at org.apache.zookeeper.common.ZKTrustManager.checkServerTrusted(ZKTrustManager.java:118)
	at sun.security.ssl.ClientHandshaker.serverCertificate(ClientHandshaker.java:1675)
	at sun.security.ssl.ClientHandshaker.processMessage(ClientHandshaker.java:226)
	at sun.security.ssl.Handshaker.processLoop(Handshaker.java:1082)
	at sun.security.ssl.Handshaker$1.run(Handshaker.java:1015)
	at sun.security.ssl.Handshaker$1.run(Handshaker.java:1012)
	at java.security.AccessController.doPrivileged(Native Method)
	at sun.security.ssl.Handshaker$DelegatedTask.run(Handshaker.java:1504)
	at io.netty.handler.ssl.SslHandler.runAllDelegatedTasks(SslHandler.java:1510)
	at io.netty.handler.ssl.SslHandler.runDelegatedTasks(SslHandler.java:1524)
	at io.netty.handler.ssl.SslHandler.unwrap(SslHandler.java:1408)
	at io.netty.handler.ssl.SslHandler.decodeJdkCompatible(SslHandler.java:1235)
	at io.netty.handler.ssl.SslHandler.decode(SslHandler.java:1282)
	at io.netty.handler.codec.ByteToMessageDecoder.decodeRemovalReentryProtection(ByteToMessageDecoder.java:498)
	at io.netty.handler.codec.ByteToMessageDecoder.callDecode(ByteToMessageDecoder.java:437)
	at io.netty.handler.codec.ByteToMessageDecoder.channelRead(ByteToMessageDecoder.java:276)
	at io.netty.channel.AbstractChannelHandlerContext.invokeChannelRead(AbstractChannelHandlerContext.java:379)
	at io.netty.channel.AbstractChannelHandlerContext.invokeChannelRead(AbstractChannelHandlerContext.java:365)
	at io.netty.channel.AbstractChannelHandlerContext.fireChannelRead(AbstractChannelHandlerContext.java:357)
	at io.netty.channel.DefaultChannelPipeline$HeadContext.channelRead(DefaultChannelPipeline.java:1410)
	at io.netty.channel.AbstractChannelHandlerContext.invokeChannelRead(AbstractChannelHandlerContext.java:379)
	at io.netty.channel.AbstractChannelHandlerContext.invokeChannelRead(AbstractChannelHandlerContext.java:365)
	at io.netty.channel.DefaultChannelPipeline.fireChannelRead(DefaultChannelPipeline.java:919)
	at io.netty.channel.nio.AbstractNioByteChannel$NioByteUnsafe.read(AbstractNioByteChannel.java:163)
	at io.netty.channel.nio.NioEventLoop.processSelectedKey(NioEventLoop.java:714)
	at io.netty.channel.nio.NioEventLoop.processSelectedKeysOptimized(NioEventLoop.java:650)
	at io.netty.channel.nio.NioEventLoop.processSelectedKeys(NioEventLoop.java:576)
	at io.netty.channel.nio.NioEventLoop.run(NioEventLoop.java:493)
	at io.netty.util.concurrent.SingleThreadEventExecutor$4.run(SingleThreadEventExecutor.java:989)
	at io.netty.util.internal.ThreadExecutorMap$2.run(ThreadExecutorMap.java:74)
	at io.netty.util.concurrent.FastThreadLocalRunnable.run(FastThreadLocalRunnable.java:30)
	at java.lang.Thread.run(Thread.java:748)
nioEventLoopGroup-5-1, fatal error: 46: General SSLEngine problem
java.security.cert.CertificateException: Failed to verify both host address and host name
%% Invalidated:  [Session-75, SSL_NULL_WITH_NULL_NULL]
%% Invalidated:  [Session-78, TLS_ECDHE_RSA_WITH_AES_256_CBC_SHA384]
nioEventLoopGroup-5-1, SEND TLSv1.2 ALERT:  fatal, description = certificate_unknown
nioEventLoopGroup-5-1, WRITE: TLSv1.2 Alert, length = 2
nioEventLoopGroup-5-1, fatal: engine already closed.  Rethrowing javax.net.ssl.SSLHandshakeException: General SSLEngine problem
nioEventLoopGroup-5-1, called closeOutbound()
nioEventLoopGroup-5-1, closeOutboundInternal()
nioEventLoopGroup-5-1, called closeInbound()
nioEventLoopGroup-5-1, fatal: engine already closed.  Rethrowing javax.net.ssl.SSLException: Inbound closed before receiving peer's close_notify: possible truncation attack?
nioEventLoopGroup-4-4, READ: TLSv1.2 Alert, length = 2
nioEventLoopGroup-4-4, RECV TLSv1.2 ALERT:  fatal, certificate_unknown
nioEventLoopGroup-4-4, fatal: engine already closed.  Rethrowing javax.net.ssl.SSLException: Received fatal alert: certificate_unknown
nioEventLoopGroup-4-4, fatal: engine already closed.  Rethrowing javax.net.ssl.SSLException: Received fatal alert: certificate_unknown
2020-06-22 14:06:33,348 [myid:] - ERROR [nioEventLoopGroup-4-4:NettyServerCnxnFactory$CertificateVerifier@434] - Unsuccessful handshake with session 0x0
nioEventLoopGroup-4-4, called closeOutbound()
nioEventLoopGroup-4-4, closeOutboundInternal()
nioEventLoopGroup-4-4, SEND TLSv1.2 ALERT:  warning, description = close_notify
nioEventLoopGroup-4-4, WRITE: TLSv1.2 Alert, length = 2
nioEventLoopGroup-4-4, called closeInbound()
nioEventLoopGroup-4-4, fatal: engine already closed.  Rethrowing javax.net.ssl.SSLException: Inbound closed before receiving peer's close_notify: possible truncation attack?
2020-06-22 14:06:33,348 [myid:127.0.0.1:30073] - ERROR [nioEventLoopGroup-5-1:ClientCnxnSocketNetty$ZKClientHandler@522] - Unexpected throwable
io.netty.handler.codec.DecoderException: javax.net.ssl.SSLHandshakeException: General SSLEngine problem
	at io.netty.handler.codec.ByteToMessageDecoder.callDecode(ByteToMessageDecoder.java:468)
	at io.netty.handler.codec.ByteToMessageDecoder.channelRead(ByteToMessageDecoder.java:276)
	at io.netty.channel.AbstractChannelHandlerContext.invokeChannelRead(AbstractChannelHandlerContext.java:379)
	at io.netty.channel.AbstractChannelHandlerContext.invokeChannelRead(AbstractChannelHandlerContext.java:365)
	at io.netty.channel.AbstractChannelHandlerContext.fireChannelRead(AbstractChannelHandlerContext.java:357)
	at io.netty.channel.DefaultChannelPipeline$HeadContext.channelRead(DefaultChannelPipeline.java:1410)
	at io.netty.channel.AbstractChannelHandlerContext.invokeChannelRead(AbstractChannelHandlerContext.java:379)
	at io.netty.channel.AbstractChannelHandlerContext.invokeChannelRead(AbstractChannelHandlerContext.java:365)
	at io.netty.channel.DefaultChannelPipeline.fireChannelRead(DefaultChannelPipeline.java:919)
	at io.netty.channel.nio.AbstractNioByteChannel$NioByteUnsafe.read(AbstractNioByteChannel.java:163)
	at io.netty.channel.nio.NioEventLoop.processSelectedKey(NioEventLoop.java:714)
	at io.netty.channel.nio.NioEventLoop.processSelectedKeysOptimized(NioEventLoop.java:650)
	at io.netty.channel.nio.NioEventLoop.processSelectedKeys(NioEventLoop.java:576)
	at io.netty.channel.nio.NioEventLoop.run(NioEventLoop.java:493)
	at io.netty.util.concurrent.SingleThreadEventExecutor$4.run(SingleThreadEventExecutor.java:989)
	at io.netty.util.internal.ThreadExecutorMap$2.run(ThreadExecutorMap.java:74)
	at io.netty.util.concurrent.FastThreadLocalRunnable.run(FastThreadLocalRunnable.java:30)
	at java.lang.Thread.run(Thread.java:748)
Caused by: javax.net.ssl.SSLHandshakeException: General SSLEngine problem
	at sun.security.ssl.Handshaker.checkThrown(Handshaker.java:1566)
	at sun.security.ssl.SSLEngineImpl.checkTaskThrown(SSLEngineImpl.java:545)
	at sun.security.ssl.SSLEngineImpl.readNetRecord(SSLEngineImpl.java:819)
	at sun.security.ssl.SSLEngineImpl.unwrap(SSLEngineImpl.java:783)
	at javax.net.ssl.SSLEngine.unwrap(SSLEngine.java:626)
	at io.netty.handler.ssl.SslHandler$SslEngineType$3.unwrap(SslHandler.java:281)
	at io.netty.handler.ssl.SslHandler.unwrap(SslHandler.java:1340)
	at io.netty.handler.ssl.SslHandler.decodeJdkCompatible(SslHandler.java:1235)
	at io.netty.handler.ssl.SslHandler.decode(SslHandler.java:1282)
	at io.netty.handler.codec.ByteToMessageDecoder.decodeRemovalReentryProtection(ByteToMessageDecoder.java:498)
	at io.netty.handler.codec.ByteToMessageDecoder.callDecode(ByteToMessageDecoder.java:437)
	... 17 more
Caused by: javax.net.ssl.SSLHandshakeException: General SSLEngine problem
	at sun.security.ssl.Alerts.getSSLException(Alerts.java:198)
	at sun.security.ssl.SSLEngineImpl.fatal(SSLEngineImpl.java:1729)
	at sun.security.ssl.Handshaker.fatalSE(Handshaker.java:333)
	at sun.security.ssl.Handshaker.fatalSE(Handshaker.java:325)
	at sun.security.ssl.ClientHandshaker.serverCertificate(ClientHandshaker.java:1688)
	at sun.security.ssl.ClientHandshaker.processMessage(ClientHandshaker.java:226)
	at sun.security.ssl.Handshaker.processLoop(Handshaker.java:1082)
	at sun.security.ssl.Handshaker$1.run(Handshaker.java:1015)
	at sun.security.ssl.Handshaker$1.run(Handshaker.java:1012)
	at java.security.AccessController.doPrivileged(Native Method)
	at sun.security.ssl.Handshaker$DelegatedTask.run(Handshaker.java:1504)
	at io.netty.handler.ssl.SslHandler.runAllDelegatedTasks(SslHandler.java:1510)
	at io.netty.handler.ssl.SslHandler.runDelegatedTasks(SslHandler.java:1524)
	at io.netty.handler.ssl.SslHandler.unwrap(SslHandler.java:1408)
	... 21 more
Caused by: java.security.cert.CertificateException: Failed to verify both host address and host name
	at org.apache.zookeeper.common.ZKTrustManager.performHostVerification(ZKTrustManager.java:163)
	at org.apache.zookeeper.common.ZKTrustManager.checkServerTrusted(ZKTrustManager.java:118)
	at sun.security.ssl.ClientHandshaker.serverCertificate(ClientHandshaker.java:1675)
	... 30 more
Caused by: javax.net.ssl.SSLPeerUnverifiedException: Certificate for <activate.navicat.com> doesn't match common name of the certificate subject: localhost
	at org.apache.zookeeper.common.ZKHostnameVerifier.matchCN(ZKHostnameVerifier.java:238)
	at org.apache.zookeeper.common.ZKHostnameVerifier.verify(ZKHostnameVerifier.java:184)
	at org.apache.zookeeper.common.ZKTrustManager.performHostVerification(ZKTrustManager.java:159)
	... 32 more
2020-06-22 14:06:33,348 [myid:127.0.0.1:30073] - INFO  [nioEventLoopGroup-5-1:ClientCnxnSocketNetty@249] - channel is told closing
nioEventLoopGroup-5-1, called closeOutbound()
nioEventLoopGroup-5-1, closeOutboundInternal()
2020-06-22 14:06:33,348 [myid:127.0.0.1:30073] - WARN  [main-SendThread(127.0.0.1:30073):ClientCnxn$SendThread@1272] - Session 0x0 for sever activate.navicat.com/127.0.0.1:30073, Closing socket connection. Attempting reconnect except it is a SessionExpiredException.
EndOfStreamException: channel for sessionid 0x0 is lost
	at org.apache.zookeeper.ClientCnxnSocketNetty.doTransport(ClientCnxnSocketNetty.java:285)
	at org.apache.zookeeper.ClientCnxn$SendThread.run(ClientCnxn.java:1262)
2020-06-22 14:06:33,348 [myid:] - WARN  [nioEventLoopGroup-4-4:NettyServerCnxnFactory$CnxnChannelHandler@273] - Exception caught
io.netty.handler.codec.DecoderException: javax.net.ssl.SSLException: Received fatal alert: certificate_unknown
	at io.netty.handler.codec.ByteToMessageDecoder.callDecode(ByteToMessageDecoder.java:468)
	at io.netty.handler.codec.ByteToMessageDecoder.channelRead(ByteToMessageDecoder.java:276)
	at io.netty.channel.AbstractChannelHandlerContext.invokeChannelRead(AbstractChannelHandlerContext.java:379)
	at io.netty.channel.AbstractChannelHandlerContext.invokeChannelRead(AbstractChannelHandlerContext.java:365)
	at io.netty.channel.AbstractChannelHandlerContext.fireChannelRead(AbstractChannelHandlerContext.java:357)
	at io.netty.channel.DefaultChannelPipeline$HeadContext.channelRead(DefaultChannelPipeline.java:1410)
	at io.netty.channel.AbstractChannelHandlerContext.invokeChannelRead(AbstractChannelHandlerContext.java:379)
	at io.netty.channel.AbstractChannelHandlerContext.invokeChannelRead(AbstractChannelHandlerContext.java:365)
	at io.netty.channel.DefaultChannelPipeline.fireChannelRead(DefaultChannelPipeline.java:919)
	at io.netty.channel.nio.AbstractNioByteChannel$NioByteUnsafe.read(AbstractNioByteChannel.java:163)
	at io.netty.channel.nio.NioEventLoop.processSelectedKey(NioEventLoop.java:714)
	at io.netty.channel.nio.NioEventLoop.processSelectedKeysOptimized(NioEventLoop.java:650)
	at io.netty.channel.nio.NioEventLoop.processSelectedKeys(NioEventLoop.java:576)
	at io.netty.channel.nio.NioEventLoop.run(NioEventLoop.java:493)
	at io.netty.util.concurrent.SingleThreadEventExecutor$4.run(SingleThreadEventExecutor.java:989)
	at io.netty.util.internal.ThreadExecutorMap$2.run(ThreadExecutorMap.java:74)
	at io.netty.util.concurrent.FastThreadLocalRunnable.run(FastThreadLocalRunnable.java:30)
	at java.lang.Thread.run(Thread.java:748)
Caused by: javax.net.ssl.SSLException: Received fatal alert: certificate_unknown
	at sun.security.ssl.Alerts.getSSLException(Alerts.java:214)
	at sun.security.ssl.SSLEngineImpl.fatal(SSLEngineImpl.java:1667)
	at sun.security.ssl.SSLEngineImpl.fatal(SSLEngineImpl.java:1635)
	at sun.security.ssl.SSLEngineImpl.recvAlert(SSLEngineImpl.java:1801)
	at sun.security.ssl.SSLEngineImpl.readRecord(SSLEngineImpl.java:1090)
	at sun.security.ssl.SSLEngineImpl.readNetRecord(SSLEngineImpl.java:913)
	at sun.security.ssl.SSLEngineImpl.unwrap(SSLEngineImpl.java:783)
	at javax.net.ssl.SSLEngine.unwrap(SSLEngine.java:626)
	at io.netty.handler.ssl.SslHandler$SslEngineType$3.unwrap(SslHandler.java:281)
	at io.netty.handler.ssl.SslHandler.unwrap(SslHandler.java:1340)
	at io.netty.handler.ssl.SslHandler.decodeJdkCompatible(SslHandler.java:1235)
	at io.netty.handler.ssl.SslHandler.decode(SslHandler.java:1282)
	at io.netty.handler.codec.ByteToMessageDecoder.decodeRemovalReentryProtection(ByteToMessageDecoder.java:498)
	at io.netty.handler.codec.ByteToMessageDecoder.callDecode(ByteToMessageDecoder.java:437)
	... 17 more
nioEventLoopGroup-4-4, called closeOutbound()
nioEventLoopGroup-4-4, closeOutboundInternal()
2020-06-22 14:06:33,349 [myid:127.0.0.1:30073] - INFO  [nioEventLoopGroup-5-1:ClientCnxnSocketNetty$ZKClientHandler@469] - channel is disconnected: [id: 0x5038ba61, L:/127.0.0.1:55294 ! R:activate.navicat.com/127.0.0.1:30073]
nioEventLoopGroup-4-4, READ: TLSv1.2 Alert, length = 2
nioEventLoopGroup-4-4, RECV TLSv1.2 ALERT:  fatal, certificate_unknown
nioEventLoopGroup-4-4, fatal: engine already closed.  Rethrowing javax.net.ssl.SSLException: Received fatal alert: certificate_unknown
nioEventLoopGroup-4-4, fatal: engine already closed.  Rethrowing javax.net.ssl.SSLException: Received fatal alert: certificate_unknown
nioEventLoopGroup-4-4, called closeOutbound()
nioEventLoopGroup-4-4, closeOutboundInternal()
nioEventLoopGroup-4-4, called closeInbound()
nioEventLoopGroup-4-4, closeInboundInternal()
nioEventLoopGroup-4-4, closeOutboundInternal()
2020-06-22 14:06:33,349 [myid:] - WARN  [nioEventLoopGroup-4-4:NettyServerCnxnFactory$CnxnChannelHandler@273] - Exception caught
io.netty.handler.codec.DecoderException: javax.net.ssl.SSLException: Received fatal alert: certificate_unknown
	at io.netty.handler.codec.ByteToMessageDecoder.callDecode(ByteToMessageDecoder.java:468)
	at io.netty.handler.codec.ByteToMessageDecoder.channelInputClosed(ByteToMessageDecoder.java:401)
	at io.netty.handler.codec.ByteToMessageDecoder.channelInputClosed(ByteToMessageDecoder.java:368)
	at io.netty.handler.codec.ByteToMessageDecoder.channelInactive(ByteToMessageDecoder.java:351)
	at io.netty.handler.ssl.SslHandler.channelInactive(SslHandler.java:1084)
	at io.netty.channel.AbstractChannelHandlerContext.invokeChannelInactive(AbstractChannelHandlerContext.java:262)
	at io.netty.channel.AbstractChannelHandlerContext.invokeChannelInactive(AbstractChannelHandlerContext.java:248)
	at io.netty.channel.AbstractChannelHandlerContext.fireChannelInactive(AbstractChannelHandlerContext.java:241)
	at io.netty.channel.DefaultChannelPipeline$HeadContext.channelInactive(DefaultChannelPipeline.java:1405)
	at io.netty.channel.AbstractChannelHandlerContext.invokeChannelInactive(AbstractChannelHandlerContext.java:262)
	at io.netty.channel.AbstractChannelHandlerContext.invokeChannelInactive(AbstractChannelHandlerContext.java:248)
	at io.netty.channel.DefaultChannelPipeline.fireChannelInactive(DefaultChannelPipeline.java:901)
	at io.netty.channel.AbstractChannel$AbstractUnsafe$8.run(AbstractChannel.java:818)
	at io.netty.util.concurrent.AbstractEventExecutor.safeExecute(AbstractEventExecutor.java:164)
	at io.netty.util.concurrent.SingleThreadEventExecutor.runAllTasks(SingleThreadEventExecutor.java:472)
	at io.netty.channel.nio.NioEventLoop.run(NioEventLoop.java:497)
	at io.netty.util.concurrent.SingleThreadEventExecutor$4.run(SingleThreadEventExecutor.java:989)
	at io.netty.util.internal.ThreadExecutorMap$2.run(ThreadExecutorMap.java:74)
	at io.netty.util.concurrent.FastThreadLocalRunnable.run(FastThreadLocalRunnable.java:30)
	at java.lang.Thread.run(Thread.java:748)
Caused by: javax.net.ssl.SSLException: Received fatal alert: certificate_unknown
	at sun.security.ssl.Alerts.getSSLException(Alerts.java:214)
	at sun.security.ssl.SSLEngineImpl.fatal(SSLEngineImpl.java:1667)
	at sun.security.ssl.SSLEngineImpl.fatal(SSLEngineImpl.java:1635)
	at sun.security.ssl.SSLEngineImpl.recvAlert(SSLEngineImpl.java:1801)
	at sun.security.ssl.SSLEngineImpl.readRecord(SSLEngineImpl.java:1090)
	at sun.security.ssl.SSLEngineImpl.readNetRecord(SSLEngineImpl.java:913)
	at sun.security.ssl.SSLEngineImpl.unwrap(SSLEngineImpl.java:783)
	at javax.net.ssl.SSLEngine.unwrap(SSLEngine.java:626)
	at io.netty.handler.ssl.SslHandler$SslEngineType$3.unwrap(SslHandler.java:281)
	at io.netty.handler.ssl.SslHandler.unwrap(SslHandler.java:1340)
	at io.netty.handler.ssl.SslHandler.decodeJdkCompatible(SslHandler.java:1235)
	at io.netty.handler.ssl.SslHandler.decode(SslHandler.java:1282)
	at io.netty.handler.codec.ByteToMessageDecoder.decodeRemovalReentryProtection(ByteToMessageDecoder.java:498)
	at io.netty.handler.codec.ByteToMessageDecoder.callDecode(ByteToMessageDecoder.java:437)
	... 19 more
2020-06-22 14:06:34,826 [myid:127.0.0.1:30073] - INFO  [main-SendThread(127.0.0.1:30073):ClientCnxn$SendThread@1154] - Opening socket connection to server activate.navicat.com/127.0.0.1:30073.
2020-06-22 14:06:34,826 [myid:127.0.0.1:30073] - INFO  [main-SendThread(127.0.0.1:30073):ClientCnxn$SendThread@1156] - SASL config status: Will not attempt to authenticate using SASL (unknown error)
adding as trusted cert:
  Subject: CN=localhost, OU=ZooKeeper, O=Apache, L=Unknown, ST=Unknown, C=Unknown
  Issuer:  CN=localhost, OU=ZooKeeper, O=Apache, L=Unknown, ST=Unknown, C=Unknown
  Algorithm: RSA; Serial number: 0x7334b506
  Valid from Sat Jan 31 02:57:30 CST 2015 until Wed Feb 08 02:57:30 CST 3015

trigger seeding of SecureRandom
done seeding SecureRandom
Using SSLEngineImpl.
%% Initialized:  [Session-79, SSL_NULL_WITH_NULL_NULL]
2020-06-22 14:06:34,828 [myid:127.0.0.1:30073] - INFO  [nioEventLoopGroup-5-1:ClientCnxnSocketNetty$ZKClientPipelineFactory@454] - SSL handler added for channel: [id: 0x754bbbb8]
2020-06-22 14:06:34,828 [myid:127.0.0.1:30073] - INFO  [nioEventLoopGroup-5-1:ClientCnxn$SendThread@986] - Socket connection established, initiating session, client: /127.0.0.1:55333, server: activate.navicat.com/127.0.0.1:30073
2020-06-22 14:06:34,828 [myid:127.0.0.1:30073] - INFO  [nioEventLoopGroup-5-1:ClientCnxnSocketNetty$1@184] - channel is connected: [id: 0x754bbbb8, L:/127.0.0.1:55333 - R:activate.navicat.com/127.0.0.1:30073]
Allow unsafe renegotiation: false
Allow legacy hello messages: true
Is initial handshake: true
Is secure renegotiation: false
Ignoring unsupported cipher suite: TLS_ECDHE_ECDSA_WITH_AES_256_CBC_SHA384 for TLSv1
Ignoring unsupported cipher suite: TLS_ECDHE_RSA_WITH_AES_256_CBC_SHA384 for TLSv1
Ignoring unsupported cipher suite: TLS_RSA_WITH_AES_256_CBC_SHA256 for TLSv1
Ignoring unsupported cipher suite: TLS_ECDH_ECDSA_WITH_AES_256_CBC_SHA384 for TLSv1
trigger seeding of SecureRandom
Ignoring unsupported cipher suite: TLS_ECDH_RSA_WITH_AES_256_CBC_SHA384 for TLSv1
Ignoring unsupported cipher suite: TLS_DHE_RSA_WITH_AES_256_CBC_SHA256 for TLSv1
done seeding SecureRandom
Ignoring unsupported cipher suite: TLS_DHE_DSS_WITH_AES_256_CBC_SHA256 for TLSv1
Using SSLEngineImpl.
%% Initialized:  [Session-80, SSL_NULL_WITH_NULL_NULL]
Ignoring unsupported cipher suite: TLS_ECDHE_ECDSA_WITH_AES_256_CBC_SHA384 for TLSv1.1
Ignoring unsupported cipher suite: TLS_ECDHE_RSA_WITH_AES_256_CBC_SHA384 for TLSv1.1
Ignoring unsupported cipher suite: TLS_RSA_WITH_AES_256_CBC_SHA256 for TLSv1.1
Ignoring unsupported cipher suite: TLS_ECDH_ECDSA_WITH_AES_256_CBC_SHA384 for TLSv1.1
Ignoring unsupported cipher suite: TLS_ECDH_RSA_WITH_AES_256_CBC_SHA384 for TLSv1.1
Ignoring unsupported cipher suite: TLS_DHE_RSA_WITH_AES_256_CBC_SHA256 for TLSv1.1
Ignoring unsupported cipher suite: TLS_DHE_DSS_WITH_AES_256_CBC_SHA256 for TLSv1.1
%% No cached client session
update handshake state: client_hello[1]
upcoming handshake states: server_hello[2]
*** ClientHello, TLSv1.2
RandomCookie:  GMT: 1576028778 bytes = { 50, 160, 20, 10, 190, 120, 244, 156, 127, 194, 237, 197, 112, 232, 61, 113, 160, 74, 114, 73, 196, 168, 224, 19, 111, 126, 156, 73 }
Session ID:  {}
Cipher Suites: [TLS_ECDHE_ECDSA_WITH_AES_256_CBC_SHA384, TLS_ECDHE_RSA_WITH_AES_256_CBC_SHA384, TLS_RSA_WITH_AES_256_CBC_SHA256, TLS_ECDH_ECDSA_WITH_AES_256_CBC_SHA384, TLS_ECDH_RSA_WITH_AES_256_CBC_SHA384, TLS_DHE_RSA_WITH_AES_256_CBC_SHA256, TLS_DHE_DSS_WITH_AES_256_CBC_SHA256, TLS_ECDHE_ECDSA_WITH_AES_256_CBC_SHA, TLS_ECDHE_RSA_WITH_AES_256_CBC_SHA, TLS_RSA_WITH_AES_256_CBC_SHA, TLS_ECDH_ECDSA_WITH_AES_256_CBC_SHA, TLS_ECDH_RSA_WITH_AES_256_CBC_SHA, TLS_DHE_RSA_WITH_AES_256_CBC_SHA, TLS_DHE_DSS_WITH_AES_256_CBC_SHA, TLS_ECDHE_ECDSA_WITH_AES_128_CBC_SHA256, TLS_ECDHE_RSA_WITH_AES_128_CBC_SHA256, TLS_RSA_WITH_AES_128_CBC_SHA256, TLS_ECDH_ECDSA_WITH_AES_128_CBC_SHA256, TLS_ECDH_RSA_WITH_AES_128_CBC_SHA256, TLS_DHE_RSA_WITH_AES_128_CBC_SHA256, TLS_DHE_DSS_WITH_AES_128_CBC_SHA256, TLS_ECDHE_ECDSA_WITH_AES_128_CBC_SHA, TLS_ECDHE_RSA_WITH_AES_128_CBC_SHA, TLS_RSA_WITH_AES_128_CBC_SHA, TLS_ECDH_ECDSA_WITH_AES_128_CBC_SHA, TLS_ECDH_RSA_WITH_AES_128_CBC_SHA, TLS_DHE_RSA_WITH_AES_128_CBC_SHA, TLS_DHE_DSS_WITH_AES_128_CBC_SHA, TLS_ECDHE_ECDSA_WITH_AES_256_GCM_SHA384, TLS_ECDHE_ECDSA_WITH_AES_128_GCM_SHA256, TLS_ECDHE_RSA_WITH_AES_256_GCM_SHA384, TLS_RSA_WITH_AES_256_GCM_SHA384, TLS_ECDH_ECDSA_WITH_AES_256_GCM_SHA384, TLS_ECDH_RSA_WITH_AES_256_GCM_SHA384, TLS_DHE_RSA_WITH_AES_256_GCM_SHA384, TLS_DHE_DSS_WITH_AES_256_GCM_SHA384, TLS_ECDHE_RSA_WITH_AES_128_GCM_SHA256, TLS_RSA_WITH_AES_128_GCM_SHA256, TLS_ECDH_ECDSA_WITH_AES_128_GCM_SHA256, TLS_ECDH_RSA_WITH_AES_128_GCM_SHA256, TLS_DHE_RSA_WITH_AES_128_GCM_SHA256, TLS_DHE_DSS_WITH_AES_128_GCM_SHA256, TLS_EMPTY_RENEGOTIATION_INFO_SCSV]
Compression Methods:  { 0 }
Extension elliptic_curves, curve names: {secp256r1, secp384r1, secp521r1}
Extension ec_point_formats, formats: [uncompressed]
Extension signature_algorithms, signature_algorithms: SHA512withECDSA, SHA512withRSA, SHA384withECDSA, SHA384withRSA, SHA256withECDSA, SHA256withRSA, SHA256withDSA, SHA1withECDSA, SHA1withRSA, SHA1withDSA
Extension extended_master_secret
Extension server_name, server_name: [type=host_name (0), value=activate.navicat.com]
***
nioEventLoopGroup-5-1, WRITE: TLSv1.2 Handshake, length = 208
Allow unsafe renegotiation: false
Allow legacy hello messages: true
Is initial handshake: true
Is secure renegotiation: false
nioEventLoopGroup-4-5, READ: TLSv1.2 Handshake, length = 208
check handshake state: client_hello[1]
update handshake state: client_hello[1]
upcoming handshake states: server_hello[2]
*** ClientHello, TLSv1.2
RandomCookie:  GMT: 1576028778 bytes = { 50, 160, 20, 10, 190, 120, 244, 156, 127, 194, 237, 197, 112, 232, 61, 113, 160, 74, 114, 73, 196, 168, 224, 19, 111, 126, 156, 73 }
Session ID:  {}
Cipher Suites: [TLS_ECDHE_ECDSA_WITH_AES_256_CBC_SHA384, TLS_ECDHE_RSA_WITH_AES_256_CBC_SHA384, TLS_RSA_WITH_AES_256_CBC_SHA256, TLS_ECDH_ECDSA_WITH_AES_256_CBC_SHA384, TLS_ECDH_RSA_WITH_AES_256_CBC_SHA384, TLS_DHE_RSA_WITH_AES_256_CBC_SHA256, TLS_DHE_DSS_WITH_AES_256_CBC_SHA256, TLS_ECDHE_ECDSA_WITH_AES_256_CBC_SHA, TLS_ECDHE_RSA_WITH_AES_256_CBC_SHA, TLS_RSA_WITH_AES_256_CBC_SHA, TLS_ECDH_ECDSA_WITH_AES_256_CBC_SHA, TLS_ECDH_RSA_WITH_AES_256_CBC_SHA, TLS_DHE_RSA_WITH_AES_256_CBC_SHA, TLS_DHE_DSS_WITH_AES_256_CBC_SHA, TLS_ECDHE_ECDSA_WITH_AES_128_CBC_SHA256, TLS_ECDHE_RSA_WITH_AES_128_CBC_SHA256, TLS_RSA_WITH_AES_128_CBC_SHA256, TLS_ECDH_ECDSA_WITH_AES_128_CBC_SHA256, TLS_ECDH_RSA_WITH_AES_128_CBC_SHA256, TLS_DHE_RSA_WITH_AES_128_CBC_SHA256, TLS_DHE_DSS_WITH_AES_128_CBC_SHA256, TLS_ECDHE_ECDSA_WITH_AES_128_CBC_SHA, TLS_ECDHE_RSA_WITH_AES_128_CBC_SHA, TLS_RSA_WITH_AES_128_CBC_SHA, TLS_ECDH_ECDSA_WITH_AES_128_CBC_SHA, TLS_ECDH_RSA_WITH_AES_128_CBC_SHA, TLS_DHE_RSA_WITH_AES_128_CBC_SHA, TLS_DHE_DSS_WITH_AES_128_CBC_SHA, TLS_ECDHE_ECDSA_WITH_AES_256_GCM_SHA384, TLS_ECDHE_ECDSA_WITH_AES_128_GCM_SHA256, TLS_ECDHE_RSA_WITH_AES_256_GCM_SHA384, TLS_RSA_WITH_AES_256_GCM_SHA384, TLS_ECDH_ECDSA_WITH_AES_256_GCM_SHA384, TLS_ECDH_RSA_WITH_AES_256_GCM_SHA384, TLS_DHE_RSA_WITH_AES_256_GCM_SHA384, TLS_DHE_DSS_WITH_AES_256_GCM_SHA384, TLS_ECDHE_RSA_WITH_AES_128_GCM_SHA256, TLS_RSA_WITH_AES_128_GCM_SHA256, TLS_ECDH_ECDSA_WITH_AES_128_GCM_SHA256, TLS_ECDH_RSA_WITH_AES_128_GCM_SHA256, TLS_DHE_RSA_WITH_AES_128_GCM_SHA256, TLS_DHE_DSS_WITH_AES_128_GCM_SHA256, TLS_EMPTY_RENEGOTIATION_INFO_SCSV]
Compression Methods:  { 0 }
Extension elliptic_curves, curve names: {secp256r1, secp384r1, secp521r1}
Extension ec_point_formats, formats: [uncompressed]
Extension signature_algorithms, signature_algorithms: SHA512withECDSA, SHA512withRSA, SHA384withECDSA, SHA384withRSA, SHA256withECDSA, SHA256withRSA, SHA256withDSA, SHA1withECDSA, SHA1withRSA, SHA1withDSA
Extension extended_master_secret
Extension server_name, server_name: [type=host_name (0), value=activate.navicat.com]
***
%% Initialized:  [Session-81, SSL_NULL_WITH_NULL_NULL]
Standard ciphersuite chosen: TLS_ECDHE_RSA_WITH_AES_256_CBC_SHA384
%% Negotiating:  [Session-81, TLS_ECDHE_RSA_WITH_AES_256_CBC_SHA384]
*** ServerHello, TLSv1.2
RandomCookie:  GMT: 1576028778 bytes = { 226, 8, 6, 53, 10, 83, 200, 207, 120, 3, 237, 162, 111, 215, 192, 21, 146, 255, 102, 198, 146, 227, 245, 168, 173, 77, 215, 191 }
Session ID:  {94, 240, 74, 106, 91, 113, 147, 223, 18, 113, 124, 144, 232, 115, 221, 179, 227, 214, 120, 10, 52, 168, 25, 134, 213, 25, 107, 74, 157, 111, 12, 38}
Cipher Suite: TLS_ECDHE_RSA_WITH_AES_256_CBC_SHA384
Compression Method: 0
Extension renegotiation_info, renegotiated_connection: <empty>
Extension extended_master_secret
***
Cipher suite:  TLS_ECDHE_RSA_WITH_AES_256_CBC_SHA384
update handshake state: server_hello[2]
upcoming handshake states: server certificate[11]
upcoming handshake states: server_key_exchange[12](optional)
upcoming handshake states: certificate_request[13](optional)
upcoming handshake states: server_hello_done[14]
upcoming handshake states: client certificate[11](optional)
upcoming handshake states: client_key_exchange[16]
upcoming handshake states: certificate_verify[15](optional)
upcoming handshake states: client change_cipher_spec[-1]
upcoming handshake states: client finished[20]
upcoming handshake states: server change_cipher_spec[-1]
upcoming handshake states: server finished[20]
*** Certificate chain
chain [0] = [
[
  Version: V3
  Subject: CN=localhost, OU=ZooKeeper, O=Apache, L=Unknown, ST=Unknown, C=Unknown
  Signature Algorithm: SHA256withRSA, OID = 1.2.840.113549.1.1.11

  Key:  Sun RSA public key, 2048 bits
  params: null
  modulus: 20466894428749997265095448870198652391311568515891366224735448896044144250313384062095901217219702596717622583159291680947094046474456586662132842412743846124470020097713679685492900855417800931365512472314155689881392853768001073664569106127795833231344696659209258027979401908711647617989508135190248980524852215540637603770017238536229773075995665111861820945008718990948857303373661769409475939971958531493423489844433566328219155461676589360491136984327342101195255797973694339642711115427623510874675394946293706606142706174397483349590050687482693164890194014220011640037490528845185364811025836034294701994387
  public exponent: 65537
  Validity: [From: Sat Jan 31 02:57:30 CST 2015,
               To: Wed Feb 08 02:57:30 CST 3015]
  Issuer: CN=localhost, OU=ZooKeeper, O=Apache, L=Unknown, ST=Unknown, C=Unknown
  SerialNumber: [    7334b506]

Certificate Extensions: 1
[1]: ObjectId: 2.5.29.14 Criticality=false
SubjectKeyIdentifier [
KeyIdentifier [
0000: 65 D7 B4 E0 27 45 7A 00   58 2F AD D5 0B 64 2D 77  e...'Ez.X/...d-w
0010: 88 F7 AA F5                                        ....
]
]

]
  Algorithm: [SHA256withRSA]
  Signature:
0000: 1B C8 6B 36 83 1D 28 37   5C 1F 7D F6 C6 84 A0 BF  ..k6..(7\.......
0010: CA C0 47 CF C5 34 70 7A   CF 6B EA 34 84 BE 08 7A  ..G..4pz.k.4...z
0020: 98 E6 3D ED 1D E2 6F 06   DB 23 AB 41 AD D5 DF 1D  ..=...o..#.A....
0030: 92 F4 9D 05 FD 7C EE BE   4A 87 B8 F1 FE F4 5B 79  ........J.....[y
0040: DC AD F7 44 3D 67 08 7A   3B 91 D7 5A 79 44 96 D7  ...D=g.z;..ZyD..
0050: BE 0E 41 C8 64 E3 87 C3   28 11 AB DC 36 F5 B0 AC  ..A.d...(...6...
0060: BD 2F 16 1D 6E A1 52 25   5A EC 6F AD 20 71 5A 1B  ./..n.R%Z.o. qZ.
0070: 66 D4 0D A6 49 B7 75 43   C4 84 0B 4B AC BD 16 76  f...I.uC...K...v
0080: 58 2B 07 85 E2 F1 44 15   1E 67 D1 3C 13 73 5A 2D  X+....D..g.<.sZ-
0090: D6 06 0B A1 D3 09 7E EF   88 F9 C3 0E A4 10 47 EA  ..............G.
00A0: 65 5D CD F0 39 EA 2F 59   1C 08 BC F9 CC 5B C9 BB  e]..9./Y.....[..
00B0: 2F 20 19 81 97 B5 21 BB   60 A4 39 08 6C 41 2A 51  / ....!.`.9.lA*Q
00C0: B1 C3 1A A3 8C F8 ED 67   D0 EE EC 52 01 2A E4 1E  .......g...R.*..
00D0: D2 B4 34 73 DC 7E 34 24   A9 4E 77 AD FD B3 77 0D  ..4s..4$.Nw...w.
00E0: C2 7A C0 65 F6 CC 11 9D   19 AA 59 13 C3 9D AD 5F  .z.e......Y...._
00F0: 61 E6 C2 18 F0 E5 A1 49   41 B5 EF 9E 91 0C 35 9C  a......IA.....5.

]
***
update handshake state: certificate[11]
upcoming handshake states: server_key_exchange[12](optional)
upcoming handshake states: certificate_request[13](optional)
upcoming handshake states: server_hello_done[14]
upcoming handshake states: client certificate[11](optional)
upcoming handshake states: client_key_exchange[16]
upcoming handshake states: certificate_verify[15](optional)
upcoming handshake states: client change_cipher_spec[-1]
upcoming handshake states: client finished[20]
upcoming handshake states: server change_cipher_spec[-1]
upcoming handshake states: server finished[20]
*** ECDH ServerKeyExchange
Signature Algorithm SHA512withRSA
Server key: Sun EC public key, 256 bits
  public x coord: 65787089077637827678703219790409848094416563057943031247798579970155918239479
  public y coord: 7682386669792448638949172011275813028626614706848982867797589321230135543542
  parameters: secp256r1 [NIST P-256, X9.62 prime256v1] (1.2.840.10045.3.1.7)
update handshake state: server_key_exchange[12]
upcoming handshake states: certificate_request[13](optional)
upcoming handshake states: server_hello_done[14]
upcoming handshake states: client certificate[11](optional)
upcoming handshake states: client_key_exchange[16]
upcoming handshake states: certificate_verify[15](optional)
upcoming handshake states: client change_cipher_spec[-1]
upcoming handshake states: client finished[20]
upcoming handshake states: server change_cipher_spec[-1]
upcoming handshake states: server finished[20]
*** CertificateRequest
Cert Types: RSA, DSS, ECDSA
Supported Signature Algorithms: SHA512withECDSA, SHA512withRSA, SHA384withECDSA, SHA384withRSA, SHA256withECDSA, SHA256withRSA, SHA256withDSA, SHA1withECDSA, SHA1withRSA, SHA1withDSA
Cert Authorities:
<CN=localhost, OU=ZooKeeper, O=Apache, L=Unknown, ST=Unknown, C=Unknown>
update handshake state: unknown[13]
upcoming handshake states: server_hello_done[14]
upcoming handshake states: client certificate[11](optional)
upcoming handshake states: client_key_exchange[16]
upcoming handshake states: certificate_verify[15](optional)
upcoming handshake states: client change_cipher_spec[-1]
upcoming handshake states: client finished[20]
upcoming handshake states: server change_cipher_spec[-1]
upcoming handshake states: server finished[20]
*** ServerHelloDone
update handshake state: server_hello_done[14]
upcoming handshake states: client certificate[11](optional)
upcoming handshake states: client_key_exchange[16]
upcoming handshake states: certificate_verify[15](optional)
upcoming handshake states: client change_cipher_spec[-1]
upcoming handshake states: client finished[20]
upcoming handshake states: server change_cipher_spec[-1]
upcoming handshake states: server finished[20]
nioEventLoopGroup-4-5, WRITE: TLSv1.2 Handshake, length = 1478
nioEventLoopGroup-5-1, READ: TLSv1.2 Handshake, length = 1478
check handshake state: server_hello[2]
*** ServerHello, TLSv1.2
RandomCookie:  GMT: 1576028778 bytes = { 226, 8, 6, 53, 10, 83, 200, 207, 120, 3, 237, 162, 111, 215, 192, 21, 146, 255, 102, 198, 146, 227, 245, 168, 173, 77, 215, 191 }
Session ID:  {94, 240, 74, 106, 91, 113, 147, 223, 18, 113, 124, 144, 232, 115, 221, 179, 227, 214, 120, 10, 52, 168, 25, 134, 213, 25, 107, 74, 157, 111, 12, 38}
Cipher Suite: TLS_ECDHE_RSA_WITH_AES_256_CBC_SHA384
Compression Method: 0
Extension renegotiation_info, renegotiated_connection: <empty>
Extension extended_master_secret
***
%% Initialized:  [Session-82, TLS_ECDHE_RSA_WITH_AES_256_CBC_SHA384]
** TLS_ECDHE_RSA_WITH_AES_256_CBC_SHA384
update handshake state: server_hello[2]
upcoming handshake states: server certificate[11]
upcoming handshake states: server_key_exchange[12](optional)
upcoming handshake states: certificate_request[13](optional)
upcoming handshake states: server_hello_done[14]
upcoming handshake states: client certificate[11](optional)
upcoming handshake states: client_key_exchange[16]
upcoming handshake states: certificate_verify[15](optional)
upcoming handshake states: client change_cipher_spec[-1]
upcoming handshake states: client finished[20]
upcoming handshake states: server change_cipher_spec[-1]
upcoming handshake states: server finished[20]
check handshake state: certificate[11]
update handshake state: certificate[11]
upcoming handshake states: server_key_exchange[12](optional)
upcoming handshake states: certificate_request[13](optional)
upcoming handshake states: server_hello_done[14]
upcoming handshake states: client certificate[11](optional)
upcoming handshake states: client_key_exchange[16]
upcoming handshake states: certificate_verify[15](optional)
upcoming handshake states: client change_cipher_spec[-1]
upcoming handshake states: client finished[20]
upcoming handshake states: server change_cipher_spec[-1]
upcoming handshake states: server finished[20]
*** Certificate chain
chain [0] = [
[
  Version: V3
  Subject: CN=localhost, OU=ZooKeeper, O=Apache, L=Unknown, ST=Unknown, C=Unknown
  Signature Algorithm: SHA256withRSA, OID = 1.2.840.113549.1.1.11

  Key:  Sun RSA public key, 2048 bits
  params: null
  modulus: 20466894428749997265095448870198652391311568515891366224735448896044144250313384062095901217219702596717622583159291680947094046474456586662132842412743846124470020097713679685492900855417800931365512472314155689881392853768001073664569106127795833231344696659209258027979401908711647617989508135190248980524852215540637603770017238536229773075995665111861820945008718990948857303373661769409475939971958531493423489844433566328219155461676589360491136984327342101195255797973694339642711115427623510874675394946293706606142706174397483349590050687482693164890194014220011640037490528845185364811025836034294701994387
  public exponent: 65537
  Validity: [From: Sat Jan 31 02:57:30 CST 2015,
               To: Wed Feb 08 02:57:30 CST 3015]
  Issuer: CN=localhost, OU=ZooKeeper, O=Apache, L=Unknown, ST=Unknown, C=Unknown
  SerialNumber: [    7334b506]

Certificate Extensions: 1
[1]: ObjectId: 2.5.29.14 Criticality=false
SubjectKeyIdentifier [
KeyIdentifier [
0000: 65 D7 B4 E0 27 45 7A 00   58 2F AD D5 0B 64 2D 77  e...'Ez.X/...d-w
0010: 88 F7 AA F5                                        ....
]
]

]
  Algorithm: [SHA256withRSA]
  Signature:
0000: 1B C8 6B 36 83 1D 28 37   5C 1F 7D F6 C6 84 A0 BF  ..k6..(7\.......
0010: CA C0 47 CF C5 34 70 7A   CF 6B EA 34 84 BE 08 7A  ..G..4pz.k.4...z
0020: 98 E6 3D ED 1D E2 6F 06   DB 23 AB 41 AD D5 DF 1D  ..=...o..#.A....
0030: 92 F4 9D 05 FD 7C EE BE   4A 87 B8 F1 FE F4 5B 79  ........J.....[y
0040: DC AD F7 44 3D 67 08 7A   3B 91 D7 5A 79 44 96 D7  ...D=g.z;..ZyD..
0050: BE 0E 41 C8 64 E3 87 C3   28 11 AB DC 36 F5 B0 AC  ..A.d...(...6...
0060: BD 2F 16 1D 6E A1 52 25   5A EC 6F AD 20 71 5A 1B  ./..n.R%Z.o. qZ.
0070: 66 D4 0D A6 49 B7 75 43   C4 84 0B 4B AC BD 16 76  f...I.uC...K...v
0080: 58 2B 07 85 E2 F1 44 15   1E 67 D1 3C 13 73 5A 2D  X+....D..g.<.sZ-
0090: D6 06 0B A1 D3 09 7E EF   88 F9 C3 0E A4 10 47 EA  ..............G.
00A0: 65 5D CD F0 39 EA 2F 59   1C 08 BC F9 CC 5B C9 BB  e]..9./Y.....[..
00B0: 2F 20 19 81 97 B5 21 BB   60 A4 39 08 6C 41 2A 51  / ....!.`.9.lA*Q
00C0: B1 C3 1A A3 8C F8 ED 67   D0 EE EC 52 01 2A E4 1E  .......g...R.*..
00D0: D2 B4 34 73 DC 7E 34 24   A9 4E 77 AD FD B3 77 0D  ..4s..4$.Nw...w.
00E0: C2 7A C0 65 F6 CC 11 9D   19 AA 59 13 C3 9D AD 5F  .z.e......Y...._
00F0: 61 E6 C2 18 F0 E5 A1 49   41 B5 EF 9E 91 0C 35 9C  a......IA.....5.

]
***
Found trusted certificate:
[
[
  Version: V3
  Subject: CN=localhost, OU=ZooKeeper, O=Apache, L=Unknown, ST=Unknown, C=Unknown
  Signature Algorithm: SHA256withRSA, OID = 1.2.840.113549.1.1.11

  Key:  Sun RSA public key, 2048 bits
  params: null
  modulus: 20466894428749997265095448870198652391311568515891366224735448896044144250313384062095901217219702596717622583159291680947094046474456586662132842412743846124470020097713679685492900855417800931365512472314155689881392853768001073664569106127795833231344696659209258027979401908711647617989508135190248980524852215540637603770017238536229773075995665111861820945008718990948857303373661769409475939971958531493423489844433566328219155461676589360491136984327342101195255797973694339642711115427623510874675394946293706606142706174397483349590050687482693164890194014220011640037490528845185364811025836034294701994387
  public exponent: 65537
  Validity: [From: Sat Jan 31 02:57:30 CST 2015,
               To: Wed Feb 08 02:57:30 CST 3015]
  Issuer: CN=localhost, OU=ZooKeeper, O=Apache, L=Unknown, ST=Unknown, C=Unknown
  SerialNumber: [    7334b506]

Certificate Extensions: 1
[1]: ObjectId: 2.5.29.14 Criticality=false
SubjectKeyIdentifier [
KeyIdentifier [
0000: 65 D7 B4 E0 27 45 7A 00   58 2F AD D5 0B 64 2D 77  e...'Ez.X/...d-w
0010: 88 F7 AA F5                                        ....
]
]

]
  Algorithm: [SHA256withRSA]
  Signature:
0000: 1B C8 6B 36 83 1D 28 37   5C 1F 7D F6 C6 84 A0 BF  ..k6..(7\.......
0010: CA C0 47 CF C5 34 70 7A   CF 6B EA 34 84 BE 08 7A  ..G..4pz.k.4...z
0020: 98 E6 3D ED 1D E2 6F 06   DB 23 AB 41 AD D5 DF 1D  ..=...o..#.A....
0030: 92 F4 9D 05 FD 7C EE BE   4A 87 B8 F1 FE F4 5B 79  ........J.....[y
0040: DC AD F7 44 3D 67 08 7A   3B 91 D7 5A 79 44 96 D7  ...D=g.z;..ZyD..
0050: BE 0E 41 C8 64 E3 87 C3   28 11 AB DC 36 F5 B0 AC  ..A.d...(...6...
0060: BD 2F 16 1D 6E A1 52 25   5A EC 6F AD 20 71 5A 1B  ./..n.R%Z.o. qZ.
0070: 66 D4 0D A6 49 B7 75 43   C4 84 0B 4B AC BD 16 76  f...I.uC...K...v
0080: 58 2B 07 85 E2 F1 44 15   1E 67 D1 3C 13 73 5A 2D  X+....D..g.<.sZ-
0090: D6 06 0B A1 D3 09 7E EF   88 F9 C3 0E A4 10 47 EA  ..............G.
00A0: 65 5D CD F0 39 EA 2F 59   1C 08 BC F9 CC 5B C9 BB  e]..9./Y.....[..
00B0: 2F 20 19 81 97 B5 21 BB   60 A4 39 08 6C 41 2A 51  / ....!.`.9.lA*Q
00C0: B1 C3 1A A3 8C F8 ED 67   D0 EE EC 52 01 2A E4 1E  .......g...R.*..
00D0: D2 B4 34 73 DC 7E 34 24   A9 4E 77 AD FD B3 77 0D  ..4s..4$.Nw...w.
00E0: C2 7A C0 65 F6 CC 11 9D   19 AA 59 13 C3 9D AD 5F  .z.e......Y...._
00F0: 61 E6 C2 18 F0 E5 A1 49   41 B5 EF 9E 91 0C 35 9C  a......IA.....5.

]
2020-06-22 14:06:34,837 [myid:127.0.0.1:30073] - ERROR [nioEventLoopGroup-5-1:ZKTrustManager@161] - Failed to verify host address: 127.0.0.1
javax.net.ssl.SSLPeerUnverifiedException: Certificate for <127.0.0.1> doesn't match common name of the certificate subject: localhost
	at org.apache.zookeeper.common.ZKHostnameVerifier.matchCN(ZKHostnameVerifier.java:238)
	at org.apache.zookeeper.common.ZKHostnameVerifier.verify(ZKHostnameVerifier.java:184)
	at org.apache.zookeeper.common.ZKTrustManager.performHostVerification(ZKTrustManager.java:151)
	at org.apache.zookeeper.common.ZKTrustManager.checkServerTrusted(ZKTrustManager.java:118)
	at sun.security.ssl.ClientHandshaker.serverCertificate(ClientHandshaker.java:1675)
	at sun.security.ssl.ClientHandshaker.processMessage(ClientHandshaker.java:226)
	at sun.security.ssl.Handshaker.processLoop(Handshaker.java:1082)
	at sun.security.ssl.Handshaker$1.run(Handshaker.java:1015)
	at sun.security.ssl.Handshaker$1.run(Handshaker.java:1012)
	at java.security.AccessController.doPrivileged(Native Method)
	at sun.security.ssl.Handshaker$DelegatedTask.run(Handshaker.java:1504)
	at io.netty.handler.ssl.SslHandler.runAllDelegatedTasks(SslHandler.java:1510)
	at io.netty.handler.ssl.SslHandler.runDelegatedTasks(SslHandler.java:1524)
	at io.netty.handler.ssl.SslHandler.unwrap(SslHandler.java:1408)
	at io.netty.handler.ssl.SslHandler.decodeJdkCompatible(SslHandler.java:1235)
	at io.netty.handler.ssl.SslHandler.decode(SslHandler.java:1282)
	at io.netty.handler.codec.ByteToMessageDecoder.decodeRemovalReentryProtection(ByteToMessageDecoder.java:498)
	at io.netty.handler.codec.ByteToMessageDecoder.callDecode(ByteToMessageDecoder.java:437)
	at io.netty.handler.codec.ByteToMessageDecoder.channelRead(ByteToMessageDecoder.java:276)
	at io.netty.channel.AbstractChannelHandlerContext.invokeChannelRead(AbstractChannelHandlerContext.java:379)
	at io.netty.channel.AbstractChannelHandlerContext.invokeChannelRead(AbstractChannelHandlerContext.java:365)
	at io.netty.channel.AbstractChannelHandlerContext.fireChannelRead(AbstractChannelHandlerContext.java:357)
	at io.netty.channel.DefaultChannelPipeline$HeadContext.channelRead(DefaultChannelPipeline.java:1410)
	at io.netty.channel.AbstractChannelHandlerContext.invokeChannelRead(AbstractChannelHandlerContext.java:379)
	at io.netty.channel.AbstractChannelHandlerContext.invokeChannelRead(AbstractChannelHandlerContext.java:365)
	at io.netty.channel.DefaultChannelPipeline.fireChannelRead(DefaultChannelPipeline.java:919)
	at io.netty.channel.nio.AbstractNioByteChannel$NioByteUnsafe.read(AbstractNioByteChannel.java:163)
	at io.netty.channel.nio.NioEventLoop.processSelectedKey(NioEventLoop.java:714)
	at io.netty.channel.nio.NioEventLoop.processSelectedKeysOptimized(NioEventLoop.java:650)
	at io.netty.channel.nio.NioEventLoop.processSelectedKeys(NioEventLoop.java:576)
	at io.netty.channel.nio.NioEventLoop.run(NioEventLoop.java:493)
	at io.netty.util.concurrent.SingleThreadEventExecutor$4.run(SingleThreadEventExecutor.java:989)
	at io.netty.util.internal.ThreadExecutorMap$2.run(ThreadExecutorMap.java:74)
	at io.netty.util.concurrent.FastThreadLocalRunnable.run(FastThreadLocalRunnable.java:30)
	at java.lang.Thread.run(Thread.java:748)
2020-06-22 14:06:34,837 [myid:127.0.0.1:30073] - ERROR [nioEventLoopGroup-5-1:ZKTrustManager@162] - Failed to verify hostname: activate.navicat.com
javax.net.ssl.SSLPeerUnverifiedException: Certificate for <activate.navicat.com> doesn't match common name of the certificate subject: localhost
	at org.apache.zookeeper.common.ZKHostnameVerifier.matchCN(ZKHostnameVerifier.java:238)
	at org.apache.zookeeper.common.ZKHostnameVerifier.verify(ZKHostnameVerifier.java:184)
	at org.apache.zookeeper.common.ZKTrustManager.performHostVerification(ZKTrustManager.java:159)
	at org.apache.zookeeper.common.ZKTrustManager.checkServerTrusted(ZKTrustManager.java:118)
	at sun.security.ssl.ClientHandshaker.serverCertificate(ClientHandshaker.java:1675)
	at sun.security.ssl.ClientHandshaker.processMessage(ClientHandshaker.java:226)
	at sun.security.ssl.Handshaker.processLoop(Handshaker.java:1082)
	at sun.security.ssl.Handshaker$1.run(Handshaker.java:1015)
	at sun.security.ssl.Handshaker$1.run(Handshaker.java:1012)
	at java.security.AccessController.doPrivileged(Native Method)
	at sun.security.ssl.Handshaker$DelegatedTask.run(Handshaker.java:1504)
	at io.netty.handler.ssl.SslHandler.runAllDelegatedTasks(SslHandler.java:1510)
	at io.netty.handler.ssl.SslHandler.runDelegatedTasks(SslHandler.java:1524)
	at io.netty.handler.ssl.SslHandler.unwrap(SslHandler.java:1408)
	at io.netty.handler.ssl.SslHandler.decodeJdkCompatible(SslHandler.java:1235)
	at io.netty.handler.ssl.SslHandler.decode(SslHandler.java:1282)
	at io.netty.handler.codec.ByteToMessageDecoder.decodeRemovalReentryProtection(ByteToMessageDecoder.java:498)
	at io.netty.handler.codec.ByteToMessageDecoder.callDecode(ByteToMessageDecoder.java:437)
	at io.netty.handler.codec.ByteToMessageDecoder.channelRead(ByteToMessageDecoder.java:276)
	at io.netty.channel.AbstractChannelHandlerContext.invokeChannelRead(AbstractChannelHandlerContext.java:379)
	at io.netty.channel.AbstractChannelHandlerContext.invokeChannelRead(AbstractChannelHandlerContext.java:365)
	at io.netty.channel.AbstractChannelHandlerContext.fireChannelRead(AbstractChannelHandlerContext.java:357)
	at io.netty.channel.DefaultChannelPipeline$HeadContext.channelRead(DefaultChannelPipeline.java:1410)
	at io.netty.channel.AbstractChannelHandlerContext.invokeChannelRead(AbstractChannelHandlerContext.java:379)
	at io.netty.channel.AbstractChannelHandlerContext.invokeChannelRead(AbstractChannelHandlerContext.java:365)
	at io.netty.channel.DefaultChannelPipeline.fireChannelRead(DefaultChannelPipeline.java:919)
	at io.netty.channel.nio.AbstractNioByteChannel$NioByteUnsafe.read(AbstractNioByteChannel.java:163)
	at io.netty.channel.nio.NioEventLoop.processSelectedKey(NioEventLoop.java:714)
	at io.netty.channel.nio.NioEventLoop.processSelectedKeysOptimized(NioEventLoop.java:650)
	at io.netty.channel.nio.NioEventLoop.processSelectedKeys(NioEventLoop.java:576)
	at io.netty.channel.nio.NioEventLoop.run(NioEventLoop.java:493)
	at io.netty.util.concurrent.SingleThreadEventExecutor$4.run(SingleThreadEventExecutor.java:989)
	at io.netty.util.internal.ThreadExecutorMap$2.run(ThreadExecutorMap.java:74)
	at io.netty.util.concurrent.FastThreadLocalRunnable.run(FastThreadLocalRunnable.java:30)
	at java.lang.Thread.run(Thread.java:748)
nioEventLoopGroup-5-1, fatal error: 46: General SSLEngine problem
java.security.cert.CertificateException: Failed to verify both host address and host name
%% Invalidated:  [Session-79, SSL_NULL_WITH_NULL_NULL]
%% Invalidated:  [Session-82, TLS_ECDHE_RSA_WITH_AES_256_CBC_SHA384]
nioEventLoopGroup-5-1, SEND TLSv1.2 ALERT:  fatal, description = certificate_unknown
nioEventLoopGroup-5-1, WRITE: TLSv1.2 Alert, length = 2
nioEventLoopGroup-5-1, fatal: engine already closed.  Rethrowing javax.net.ssl.SSLHandshakeException: General SSLEngine problem
nioEventLoopGroup-5-1, called closeOutbound()
nioEventLoopGroup-5-1, closeOutboundInternal()
nioEventLoopGroup-5-1, called closeInbound()
nioEventLoopGroup-5-1, fatal: engine already closed.  Rethrowing javax.net.ssl.SSLException: Inbound closed before receiving peer's close_notify: possible truncation attack?
nioEventLoopGroup-4-5, READ: TLSv1.2 Alert, length = 2
nioEventLoopGroup-4-5, RECV TLSv1.2 ALERT:  fatal, certificate_unknown
nioEventLoopGroup-4-5, fatal: engine already closed.  Rethrowing javax.net.ssl.SSLException: Received fatal alert: certificate_unknown
nioEventLoopGroup-4-5, fatal: engine already closed.  Rethrowing javax.net.ssl.SSLException: Received fatal alert: certificate_unknown
2020-06-22 14:06:34,838 [myid:] - ERROR [nioEventLoopGroup-4-5:NettyServerCnxnFactory$CertificateVerifier@434] - Unsuccessful handshake with session 0x0
nioEventLoopGroup-4-5, called closeOutbound()
nioEventLoopGroup-4-5, closeOutboundInternal()
nioEventLoopGroup-4-5, SEND TLSv1.2 ALERT:  warning, description = close_notify
nioEventLoopGroup-4-5, WRITE: TLSv1.2 Alert, length = 2
nioEventLoopGroup-4-5, called closeInbound()
nioEventLoopGroup-4-5, fatal: engine already closed.  Rethrowing javax.net.ssl.SSLException: Inbound closed before receiving peer's close_notify: possible truncation attack?
2020-06-22 14:06:34,838 [myid:127.0.0.1:30073] - ERROR [nioEventLoopGroup-5-1:ClientCnxnSocketNetty$ZKClientHandler@522] - Unexpected throwable
io.netty.handler.codec.DecoderException: javax.net.ssl.SSLHandshakeException: General SSLEngine problem
	at io.netty.handler.codec.ByteToMessageDecoder.callDecode(ByteToMessageDecoder.java:468)
	at io.netty.handler.codec.ByteToMessageDecoder.channelRead(ByteToMessageDecoder.java:276)
	at io.netty.channel.AbstractChannelHandlerContext.invokeChannelRead(AbstractChannelHandlerContext.java:379)
	at io.netty.channel.AbstractChannelHandlerContext.invokeChannelRead(AbstractChannelHandlerContext.java:365)
	at io.netty.channel.AbstractChannelHandlerContext.fireChannelRead(AbstractChannelHandlerContext.java:357)
	at io.netty.channel.DefaultChannelPipeline$HeadContext.channelRead(DefaultChannelPipeline.java:1410)
	at io.netty.channel.AbstractChannelHandlerContext.invokeChannelRead(AbstractChannelHandlerContext.java:379)
	at io.netty.channel.AbstractChannelHandlerContext.invokeChannelRead(AbstractChannelHandlerContext.java:365)
	at io.netty.channel.DefaultChannelPipeline.fireChannelRead(DefaultChannelPipeline.java:919)
	at io.netty.channel.nio.AbstractNioByteChannel$NioByteUnsafe.read(AbstractNioByteChannel.java:163)
	at io.netty.channel.nio.NioEventLoop.processSelectedKey(NioEventLoop.java:714)
	at io.netty.channel.nio.NioEventLoop.processSelectedKeysOptimized(NioEventLoop.java:650)
	at io.netty.channel.nio.NioEventLoop.processSelectedKeys(NioEventLoop.java:576)
	at io.netty.channel.nio.NioEventLoop.run(NioEventLoop.java:493)
	at io.netty.util.concurrent.SingleThreadEventExecutor$4.run(SingleThreadEventExecutor.java:989)
	at io.netty.util.internal.ThreadExecutorMap$2.run(ThreadExecutorMap.java:74)
	at io.netty.util.concurrent.FastThreadLocalRunnable.run(FastThreadLocalRunnable.java:30)
	at java.lang.Thread.run(Thread.java:748)
Caused by: javax.net.ssl.SSLHandshakeException: General SSLEngine problem
	at sun.security.ssl.Handshaker.checkThrown(Handshaker.java:1566)
	at sun.security.ssl.SSLEngineImpl.checkTaskThrown(SSLEngineImpl.java:545)
	at sun.security.ssl.SSLEngineImpl.readNetRecord(SSLEngineImpl.java:819)
	at sun.security.ssl.SSLEngineImpl.unwrap(SSLEngineImpl.java:783)
	at javax.net.ssl.SSLEngine.unwrap(SSLEngine.java:626)
	at io.netty.handler.ssl.SslHandler$SslEngineType$3.unwrap(SslHandler.java:281)
	at io.netty.handler.ssl.SslHandler.unwrap(SslHandler.java:1340)
	at io.netty.handler.ssl.SslHandler.decodeJdkCompatible(SslHandler.java:1235)
	at io.netty.handler.ssl.SslHandler.decode(SslHandler.java:1282)
	at io.netty.handler.codec.ByteToMessageDecoder.decodeRemovalReentryProtection(ByteToMessageDecoder.java:498)
	at io.netty.handler.codec.ByteToMessageDecoder.callDecode(ByteToMessageDecoder.java:437)
	... 17 more
Caused by: javax.net.ssl.SSLHandshakeException: General SSLEngine problem
	at sun.security.ssl.Alerts.getSSLException(Alerts.java:198)
	at sun.security.ssl.SSLEngineImpl.fatal(SSLEngineImpl.java:1729)
	at sun.security.ssl.Handshaker.fatalSE(Handshaker.java:333)
	at sun.security.ssl.Handshaker.fatalSE(Handshaker.java:325)
	at sun.security.ssl.ClientHandshaker.serverCertificate(ClientHandshaker.java:1688)
	at sun.security.ssl.ClientHandshaker.processMessage(ClientHandshaker.java:226)
	at sun.security.ssl.Handshaker.processLoop(Handshaker.java:1082)
	at sun.security.ssl.Handshaker$1.run(Handshaker.java:1015)
	at sun.security.ssl.Handshaker$1.run(Handshaker.java:1012)
	at java.security.AccessController.doPrivileged(Native Method)
	at sun.security.ssl.Handshaker$DelegatedTask.run(Handshaker.java:1504)
	at io.netty.handler.ssl.SslHandler.runAllDelegatedTasks(SslHandler.java:1510)
	at io.netty.handler.ssl.SslHandler.runDelegatedTasks(SslHandler.java:1524)
	at io.netty.handler.ssl.SslHandler.unwrap(SslHandler.java:1408)
	... 21 more
Caused by: java.security.cert.CertificateException: Failed to verify both host address and host name
	at org.apache.zookeeper.common.ZKTrustManager.performHostVerification(ZKTrustManager.java:163)
	at org.apache.zookeeper.common.ZKTrustManager.checkServerTrusted(ZKTrustManager.java:118)
	at sun.security.ssl.ClientHandshaker.serverCertificate(ClientHandshaker.java:1675)
	... 30 more
Caused by: javax.net.ssl.SSLPeerUnverifiedException: Certificate for <activate.navicat.com> doesn't match common name of the certificate subject: localhost
	at org.apache.zookeeper.common.ZKHostnameVerifier.matchCN(ZKHostnameVerifier.java:238)
	at org.apache.zookeeper.common.ZKHostnameVerifier.verify(ZKHostnameVerifier.java:184)
	at org.apache.zookeeper.common.ZKTrustManager.performHostVerification(ZKTrustManager.java:159)
	... 32 more
2020-06-22 14:06:34,839 [myid:127.0.0.1:30073] - INFO  [nioEventLoopGroup-5-1:ClientCnxnSocketNetty@249] - channel is told closing
nioEventLoopGroup-5-1, called closeOutbound()
nioEventLoopGroup-5-1, closeOutboundInternal()
2020-06-22 14:06:34,839 [myid:127.0.0.1:30073] - WARN  [main-SendThread(127.0.0.1:30073):ClientCnxn$SendThread@1272] - Session 0x0 for sever activate.navicat.com/127.0.0.1:30073, Closing socket connection. Attempting reconnect except it is a SessionExpiredException.
EndOfStreamException: channel for sessionid 0x0 is lost
	at org.apache.zookeeper.ClientCnxnSocketNetty.doTransport(ClientCnxnSocketNetty.java:285)
	at org.apache.zookeeper.ClientCnxn$SendThread.run(ClientCnxn.java:1262)
2020-06-22 14:06:34,839 [myid:] - WARN  [nioEventLoopGroup-4-5:NettyServerCnxnFactory$CnxnChannelHandler@273] - Exception caught
io.netty.handler.codec.DecoderException: javax.net.ssl.SSLException: Received fatal alert: certificate_unknown
	at io.netty.handler.codec.ByteToMessageDecoder.callDecode(ByteToMessageDecoder.java:468)
	at io.netty.handler.codec.ByteToMessageDecoder.channelRead(ByteToMessageDecoder.java:276)
	at io.netty.channel.AbstractChannelHandlerContext.invokeChannelRead(AbstractChannelHandlerContext.java:379)
	at io.netty.channel.AbstractChannelHandlerContext.invokeChannelRead(AbstractChannelHandlerContext.java:365)
	at io.netty.channel.AbstractChannelHandlerContext.fireChannelRead(AbstractChannelHandlerContext.java:357)
	at io.netty.channel.DefaultChannelPipeline$HeadContext.channelRead(DefaultChannelPipeline.java:1410)
	at io.netty.channel.AbstractChannelHandlerContext.invokeChannelRead(AbstractChannelHandlerContext.java:379)
	at io.netty.channel.AbstractChannelHandlerContext.invokeChannelRead(AbstractChannelHandlerContext.java:365)
	at io.netty.channel.DefaultChannelPipeline.fireChannelRead(DefaultChannelPipeline.java:919)
	at io.netty.channel.nio.AbstractNioByteChannel$NioByteUnsafe.read(AbstractNioByteChannel.java:163)
	at io.netty.channel.nio.NioEventLoop.processSelectedKey(NioEventLoop.java:714)
	at io.netty.channel.nio.NioEventLoop.processSelectedKeysOptimized(NioEventLoop.java:650)
	at io.netty.channel.nio.NioEventLoop.processSelectedKeys(NioEventLoop.java:576)
	at io.netty.channel.nio.NioEventLoop.run(NioEventLoop.java:493)
	at io.netty.util.concurrent.SingleThreadEventExecutor$4.run(SingleThreadEventExecutor.java:989)
	at io.netty.util.internal.ThreadExecutorMap$2.run(ThreadExecutorMap.java:74)
	at io.netty.util.concurrent.FastThreadLocalRunnable.run(FastThreadLocalRunnable.java:30)
	at java.lang.Thread.run(Thread.java:748)
Caused by: javax.net.ssl.SSLException: Received fatal alert: certificate_unknown
	at sun.security.ssl.Alerts.getSSLException(Alerts.java:214)
	at sun.security.ssl.SSLEngineImpl.fatal(SSLEngineImpl.java:1667)
	at sun.security.ssl.SSLEngineImpl.fatal(SSLEngineImpl.java:1635)
	at sun.security.ssl.SSLEngineImpl.recvAlert(SSLEngineImpl.java:1801)
	at sun.security.ssl.SSLEngineImpl.readRecord(SSLEngineImpl.java:1090)
	at sun.security.ssl.SSLEngineImpl.readNetRecord(SSLEngineImpl.java:913)
	at sun.security.ssl.SSLEngineImpl.unwrap(SSLEngineImpl.java:783)
	at javax.net.ssl.SSLEngine.unwrap(SSLEngine.java:626)
	at io.netty.handler.ssl.SslHandler$SslEngineType$3.unwrap(SslHandler.java:281)
	at io.netty.handler.ssl.SslHandler.unwrap(SslHandler.java:1340)
	at io.netty.handler.ssl.SslHandler.decodeJdkCompatible(SslHandler.java:1235)
	at io.netty.handler.ssl.SslHandler.decode(SslHandler.java:1282)
	at io.netty.handler.codec.ByteToMessageDecoder.decodeRemovalReentryProtection(ByteToMessageDecoder.java:498)
	at io.netty.handler.codec.ByteToMessageDecoder.callDecode(ByteToMessageDecoder.java:437)
	... 17 more
nioEventLoopGroup-4-5, called closeOutbound()
nioEventLoopGroup-4-5, closeOutboundInternal()
2020-06-22 14:06:34,840 [myid:127.0.0.1:30073] - INFO  [nioEventLoopGroup-5-1:ClientCnxnSocketNetty$ZKClientHandler@469] - channel is disconnected: [id: 0x754bbbb8, L:/127.0.0.1:55333 ! R:activate.navicat.com/127.0.0.1:30073]
nioEventLoopGroup-4-5, READ: TLSv1.2 Alert, length = 2
nioEventLoopGroup-4-5, RECV TLSv1.2 ALERT:  fatal, certificate_unknown
nioEventLoopGroup-4-5, fatal: engine already closed.  Rethrowing javax.net.ssl.SSLException: Received fatal alert: certificate_unknown
nioEventLoopGroup-4-5, fatal: engine already closed.  Rethrowing javax.net.ssl.SSLException: Received fatal alert: certificate_unknown
nioEventLoopGroup-4-5, called closeOutbound()
nioEventLoopGroup-4-5, closeOutboundInternal()
nioEventLoopGroup-4-5, called closeInbound()
nioEventLoopGroup-4-5, closeInboundInternal()
nioEventLoopGroup-4-5, closeOutboundInternal()
2020-06-22 14:06:34,841 [myid:] - WARN  [nioEventLoopGroup-4-5:NettyServerCnxnFactory$CnxnChannelHandler@273] - Exception caught
io.netty.handler.codec.DecoderException: javax.net.ssl.SSLException: Received fatal alert: certificate_unknown
	at io.netty.handler.codec.ByteToMessageDecoder.callDecode(ByteToMessageDecoder.java:468)
	at io.netty.handler.codec.ByteToMessageDecoder.channelInputClosed(ByteToMessageDecoder.java:401)
	at io.netty.handler.codec.ByteToMessageDecoder.channelInputClosed(ByteToMessageDecoder.java:368)
	at io.netty.handler.codec.ByteToMessageDecoder.channelInactive(ByteToMessageDecoder.java:351)
	at io.netty.handler.ssl.SslHandler.channelInactive(SslHandler.java:1084)
	at io.netty.channel.AbstractChannelHandlerContext.invokeChannelInactive(AbstractChannelHandlerContext.java:262)
	at io.netty.channel.AbstractChannelHandlerContext.invokeChannelInactive(AbstractChannelHandlerContext.java:248)
	at io.netty.channel.AbstractChannelHandlerContext.fireChannelInactive(AbstractChannelHandlerContext.java:241)
	at io.netty.channel.DefaultChannelPipeline$HeadContext.channelInactive(DefaultChannelPipeline.java:1405)
	at io.netty.channel.AbstractChannelHandlerContext.invokeChannelInactive(AbstractChannelHandlerContext.java:262)
	at io.netty.channel.AbstractChannelHandlerContext.invokeChannelInactive(AbstractChannelHandlerContext.java:248)
	at io.netty.channel.DefaultChannelPipeline.fireChannelInactive(DefaultChannelPipeline.java:901)
	at io.netty.channel.AbstractChannel$AbstractUnsafe$8.run(AbstractChannel.java:818)
	at io.netty.util.concurrent.AbstractEventExecutor.safeExecute(AbstractEventExecutor.java:164)
	at io.netty.util.concurrent.SingleThreadEventExecutor.runAllTasks(SingleThreadEventExecutor.java:472)
	at io.netty.channel.nio.NioEventLoop.run(NioEventLoop.java:497)
	at io.netty.util.concurrent.SingleThreadEventExecutor$4.run(SingleThreadEventExecutor.java:989)
	at io.netty.util.internal.ThreadExecutorMap$2.run(ThreadExecutorMap.java:74)
	at io.netty.util.concurrent.FastThreadLocalRunnable.run(FastThreadLocalRunnable.java:30)
	at java.lang.Thread.run(Thread.java:748)
Caused by: javax.net.ssl.SSLException: Received fatal alert: certificate_unknown
	at sun.security.ssl.Alerts.getSSLException(Alerts.java:214)
	at sun.security.ssl.SSLEngineImpl.fatal(SSLEngineImpl.java:1667)
	at sun.security.ssl.SSLEngineImpl.fatal(SSLEngineImpl.java:1635)
	at sun.security.ssl.SSLEngineImpl.recvAlert(SSLEngineImpl.java:1801)
	at sun.security.ssl.SSLEngineImpl.readRecord(SSLEngineImpl.java:1090)
	at sun.security.ssl.SSLEngineImpl.readNetRecord(SSLEngineImpl.java:913)
	at sun.security.ssl.SSLEngineImpl.unwrap(SSLEngineImpl.java:783)
	at javax.net.ssl.SSLEngine.unwrap(SSLEngine.java:626)
	at io.netty.handler.ssl.SslHandler$SslEngineType$3.unwrap(SslHandler.java:281)
	at io.netty.handler.ssl.SslHandler.unwrap(SslHandler.java:1340)
	at io.netty.handler.ssl.SslHandler.decodeJdkCompatible(SslHandler.java:1235)
	at io.netty.handler.ssl.SslHandler.decode(SslHandler.java:1282)
	at io.netty.handler.codec.ByteToMessageDecoder.decodeRemovalReentryProtection(ByteToMessageDecoder.java:498)
	at io.netty.handler.codec.ByteToMessageDecoder.callDecode(ByteToMessageDecoder.java:437)
	... 19 more
2020-06-22 14:06:36,659 [myid:127.0.0.1:30073] - INFO  [main-SendThread(127.0.0.1:30073):ClientCnxn$SendThread@1154] - Opening socket connection to server activate.navicat.com/127.0.0.1:30073.
2020-06-22 14:06:36,659 [myid:127.0.0.1:30073] - INFO  [main-SendThread(127.0.0.1:30073):ClientCnxn$SendThread@1156] - SASL config status: Will not attempt to authenticate using SASL (unknown error)
adding as trusted cert:
  Subject: CN=localhost, OU=ZooKeeper, O=Apache, L=Unknown, ST=Unknown, C=Unknown
  Issuer:  CN=localhost, OU=ZooKeeper, O=Apache, L=Unknown, ST=Unknown, C=Unknown
  Algorithm: RSA; Serial number: 0x7334b506
  Valid from Sat Jan 31 02:57:30 CST 2015 until Wed Feb 08 02:57:30 CST 3015

trigger seeding of SecureRandom
done seeding SecureRandom
Using SSLEngineImpl.
%% Initialized:  [Session-83, SSL_NULL_WITH_NULL_NULL]
2020-06-22 14:06:36,661 [myid:127.0.0.1:30073] - INFO  [nioEventLoopGroup-5-1:ClientCnxnSocketNetty$ZKClientPipelineFactory@454] - SSL handler added for channel: [id: 0xa8fcf53e]
2020-06-22 14:06:36,661 [myid:127.0.0.1:30073] - INFO  [nioEventLoopGroup-5-1:ClientCnxn$SendThread@986] - Socket connection established, initiating session, client: /127.0.0.1:55396, server: activate.navicat.com/127.0.0.1:30073
trigger seeding of SecureRandom
2020-06-22 14:06:36,662 [myid:127.0.0.1:30073] - INFO  [nioEventLoopGroup-5-1:ClientCnxnSocketNetty$1@184] - channel is connected: [id: 0xa8fcf53e, L:/127.0.0.1:55396 - R:activate.navicat.com/127.0.0.1:30073]
done seeding SecureRandom
Using SSLEngineImpl.
Allow unsafe renegotiation: false
Allow legacy hello messages: true
Is initial handshake: true
Is secure renegotiation: false
%% Initialized:  [Session-84, SSL_NULL_WITH_NULL_NULL]
Ignoring unsupported cipher suite: TLS_ECDHE_ECDSA_WITH_AES_256_CBC_SHA384 for TLSv1
Ignoring unsupported cipher suite: TLS_ECDHE_RSA_WITH_AES_256_CBC_SHA384 for TLSv1
Ignoring unsupported cipher suite: TLS_RSA_WITH_AES_256_CBC_SHA256 for TLSv1
Ignoring unsupported cipher suite: TLS_ECDH_ECDSA_WITH_AES_256_CBC_SHA384 for TLSv1
Ignoring unsupported cipher suite: TLS_ECDH_RSA_WITH_AES_256_CBC_SHA384 for TLSv1
Ignoring unsupported cipher suite: TLS_DHE_RSA_WITH_AES_256_CBC_SHA256 for TLSv1
Ignoring unsupported cipher suite: TLS_DHE_DSS_WITH_AES_256_CBC_SHA256 for TLSv1
Ignoring unsupported cipher suite: TLS_ECDHE_ECDSA_WITH_AES_256_CBC_SHA384 for TLSv1.1
Ignoring unsupported cipher suite: TLS_ECDHE_RSA_WITH_AES_256_CBC_SHA384 for TLSv1.1
Ignoring unsupported cipher suite: TLS_RSA_WITH_AES_256_CBC_SHA256 for TLSv1.1
Ignoring unsupported cipher suite: TLS_ECDH_ECDSA_WITH_AES_256_CBC_SHA384 for TLSv1.1
Ignoring unsupported cipher suite: TLS_ECDH_RSA_WITH_AES_256_CBC_SHA384 for TLSv1.1
Ignoring unsupported cipher suite: TLS_DHE_RSA_WITH_AES_256_CBC_SHA256 for TLSv1.1
Ignoring unsupported cipher suite: TLS_DHE_DSS_WITH_AES_256_CBC_SHA256 for TLSv1.1
%% No cached client session
update handshake state: client_hello[1]
upcoming handshake states: server_hello[2]
*** ClientHello, TLSv1.2
RandomCookie:  GMT: 1576028780 bytes = { 140, 255, 93, 41, 204, 220, 130, 69, 84, 159, 18, 63, 146, 241, 46, 249, 159, 245, 206, 82, 55, 74, 12, 252, 216, 75, 36, 144 }
Session ID:  {}
Cipher Suites: [TLS_ECDHE_ECDSA_WITH_AES_256_CBC_SHA384, TLS_ECDHE_RSA_WITH_AES_256_CBC_SHA384, TLS_RSA_WITH_AES_256_CBC_SHA256, TLS_ECDH_ECDSA_WITH_AES_256_CBC_SHA384, TLS_ECDH_RSA_WITH_AES_256_CBC_SHA384, TLS_DHE_RSA_WITH_AES_256_CBC_SHA256, TLS_DHE_DSS_WITH_AES_256_CBC_SHA256, TLS_ECDHE_ECDSA_WITH_AES_256_CBC_SHA, TLS_ECDHE_RSA_WITH_AES_256_CBC_SHA, TLS_RSA_WITH_AES_256_CBC_SHA, TLS_ECDH_ECDSA_WITH_AES_256_CBC_SHA, TLS_ECDH_RSA_WITH_AES_256_CBC_SHA, TLS_DHE_RSA_WITH_AES_256_CBC_SHA, TLS_DHE_DSS_WITH_AES_256_CBC_SHA, TLS_ECDHE_ECDSA_WITH_AES_128_CBC_SHA256, TLS_ECDHE_RSA_WITH_AES_128_CBC_SHA256, TLS_RSA_WITH_AES_128_CBC_SHA256, TLS_ECDH_ECDSA_WITH_AES_128_CBC_SHA256, TLS_ECDH_RSA_WITH_AES_128_CBC_SHA256, TLS_DHE_RSA_WITH_AES_128_CBC_SHA256, TLS_DHE_DSS_WITH_AES_128_CBC_SHA256, TLS_ECDHE_ECDSA_WITH_AES_128_CBC_SHA, TLS_ECDHE_RSA_WITH_AES_128_CBC_SHA, TLS_RSA_WITH_AES_128_CBC_SHA, TLS_ECDH_ECDSA_WITH_AES_128_CBC_SHA, TLS_ECDH_RSA_WITH_AES_128_CBC_SHA, TLS_DHE_RSA_WITH_AES_128_CBC_SHA, TLS_DHE_DSS_WITH_AES_128_CBC_SHA, TLS_ECDHE_ECDSA_WITH_AES_256_GCM_SHA384, TLS_ECDHE_ECDSA_WITH_AES_128_GCM_SHA256, TLS_ECDHE_RSA_WITH_AES_256_GCM_SHA384, TLS_RSA_WITH_AES_256_GCM_SHA384, TLS_ECDH_ECDSA_WITH_AES_256_GCM_SHA384, TLS_ECDH_RSA_WITH_AES_256_GCM_SHA384, TLS_DHE_RSA_WITH_AES_256_GCM_SHA384, TLS_DHE_DSS_WITH_AES_256_GCM_SHA384, TLS_ECDHE_RSA_WITH_AES_128_GCM_SHA256, TLS_RSA_WITH_AES_128_GCM_SHA256, TLS_ECDH_ECDSA_WITH_AES_128_GCM_SHA256, TLS_ECDH_RSA_WITH_AES_128_GCM_SHA256, TLS_DHE_RSA_WITH_AES_128_GCM_SHA256, TLS_DHE_DSS_WITH_AES_128_GCM_SHA256, TLS_EMPTY_RENEGOTIATION_INFO_SCSV]
Compression Methods:  { 0 }
Extension elliptic_curves, curve names: {secp256r1, secp384r1, secp521r1}
Extension ec_point_formats, formats: [uncompressed]
Extension signature_algorithms, signature_algorithms: SHA512withECDSA, SHA512withRSA, SHA384withECDSA, SHA384withRSA, SHA256withECDSA, SHA256withRSA, SHA256withDSA, SHA1withECDSA, SHA1withRSA, SHA1withDSA
Extension extended_master_secret
Extension server_name, server_name: [type=host_name (0), value=activate.navicat.com]
***
nioEventLoopGroup-5-1, WRITE: TLSv1.2 Handshake, length = 208
Allow unsafe renegotiation: false
Allow legacy hello messages: true
Is initial handshake: true
Is secure renegotiation: false
nioEventLoopGroup-4-6, READ: TLSv1.2 Handshake, length = 208
check handshake state: client_hello[1]
update handshake state: client_hello[1]
upcoming handshake states: server_hello[2]
*** ClientHello, TLSv1.2
RandomCookie:  GMT: 1576028780 bytes = { 140, 255, 93, 41, 204, 220, 130, 69, 84, 159, 18, 63, 146, 241, 46, 249, 159, 245, 206, 82, 55, 74, 12, 252, 216, 75, 36, 144 }
Session ID:  {}
Cipher Suites: [TLS_ECDHE_ECDSA_WITH_AES_256_CBC_SHA384, TLS_ECDHE_RSA_WITH_AES_256_CBC_SHA384, TLS_RSA_WITH_AES_256_CBC_SHA256, TLS_ECDH_ECDSA_WITH_AES_256_CBC_SHA384, TLS_ECDH_RSA_WITH_AES_256_CBC_SHA384, TLS_DHE_RSA_WITH_AES_256_CBC_SHA256, TLS_DHE_DSS_WITH_AES_256_CBC_SHA256, TLS_ECDHE_ECDSA_WITH_AES_256_CBC_SHA, TLS_ECDHE_RSA_WITH_AES_256_CBC_SHA, TLS_RSA_WITH_AES_256_CBC_SHA, TLS_ECDH_ECDSA_WITH_AES_256_CBC_SHA, TLS_ECDH_RSA_WITH_AES_256_CBC_SHA, TLS_DHE_RSA_WITH_AES_256_CBC_SHA, TLS_DHE_DSS_WITH_AES_256_CBC_SHA, TLS_ECDHE_ECDSA_WITH_AES_128_CBC_SHA256, TLS_ECDHE_RSA_WITH_AES_128_CBC_SHA256, TLS_RSA_WITH_AES_128_CBC_SHA256, TLS_ECDH_ECDSA_WITH_AES_128_CBC_SHA256, TLS_ECDH_RSA_WITH_AES_128_CBC_SHA256, TLS_DHE_RSA_WITH_AES_128_CBC_SHA256, TLS_DHE_DSS_WITH_AES_128_CBC_SHA256, TLS_ECDHE_ECDSA_WITH_AES_128_CBC_SHA, TLS_ECDHE_RSA_WITH_AES_128_CBC_SHA, TLS_RSA_WITH_AES_128_CBC_SHA, TLS_ECDH_ECDSA_WITH_AES_128_CBC_SHA, TLS_ECDH_RSA_WITH_AES_128_CBC_SHA, TLS_DHE_RSA_WITH_AES_128_CBC_SHA, TLS_DHE_DSS_WITH_AES_128_CBC_SHA, TLS_ECDHE_ECDSA_WITH_AES_256_GCM_SHA384, TLS_ECDHE_ECDSA_WITH_AES_128_GCM_SHA256, TLS_ECDHE_RSA_WITH_AES_256_GCM_SHA384, TLS_RSA_WITH_AES_256_GCM_SHA384, TLS_ECDH_ECDSA_WITH_AES_256_GCM_SHA384, TLS_ECDH_RSA_WITH_AES_256_GCM_SHA384, TLS_DHE_RSA_WITH_AES_256_GCM_SHA384, TLS_DHE_DSS_WITH_AES_256_GCM_SHA384, TLS_ECDHE_RSA_WITH_AES_128_GCM_SHA256, TLS_RSA_WITH_AES_128_GCM_SHA256, TLS_ECDH_ECDSA_WITH_AES_128_GCM_SHA256, TLS_ECDH_RSA_WITH_AES_128_GCM_SHA256, TLS_DHE_RSA_WITH_AES_128_GCM_SHA256, TLS_DHE_DSS_WITH_AES_128_GCM_SHA256, TLS_EMPTY_RENEGOTIATION_INFO_SCSV]
Compression Methods:  { 0 }
Extension elliptic_curves, curve names: {secp256r1, secp384r1, secp521r1}
Extension ec_point_formats, formats: [uncompressed]
Extension signature_algorithms, signature_algorithms: SHA512withECDSA, SHA512withRSA, SHA384withECDSA, SHA384withRSA, SHA256withECDSA, SHA256withRSA, SHA256withDSA, SHA1withECDSA, SHA1withRSA, SHA1withDSA
Extension extended_master_secret
Extension server_name, server_name: [type=host_name (0), value=activate.navicat.com]
***
%% Initialized:  [Session-85, SSL_NULL_WITH_NULL_NULL]
Standard ciphersuite chosen: TLS_ECDHE_RSA_WITH_AES_256_CBC_SHA384
%% Negotiating:  [Session-85, TLS_ECDHE_RSA_WITH_AES_256_CBC_SHA384]
*** ServerHello, TLSv1.2
RandomCookie:  GMT: 1576028780 bytes = { 182, 12, 98, 72, 5, 42, 54, 105, 5, 187, 216, 53, 108, 251, 252, 4, 37, 48, 238, 41, 22, 32, 47, 58, 72, 10, 15, 78 }
Session ID:  {94, 240, 74, 108, 184, 139, 3, 46, 31, 243, 44, 91, 24, 189, 94, 114, 133, 111, 8, 124, 248, 243, 61, 71, 19, 169, 172, 113, 27, 69, 162, 29}
Cipher Suite: TLS_ECDHE_RSA_WITH_AES_256_CBC_SHA384
Compression Method: 0
Extension renegotiation_info, renegotiated_connection: <empty>
Extension extended_master_secret
***
Cipher suite:  TLS_ECDHE_RSA_WITH_AES_256_CBC_SHA384
update handshake state: server_hello[2]
upcoming handshake states: server certificate[11]
upcoming handshake states: server_key_exchange[12](optional)
upcoming handshake states: certificate_request[13](optional)
upcoming handshake states: server_hello_done[14]
upcoming handshake states: client certificate[11](optional)
upcoming handshake states: client_key_exchange[16]
upcoming handshake states: certificate_verify[15](optional)
upcoming handshake states: client change_cipher_spec[-1]
upcoming handshake states: client finished[20]
upcoming handshake states: server change_cipher_spec[-1]
upcoming handshake states: server finished[20]
*** Certificate chain
chain [0] = [
[
  Version: V3
  Subject: CN=localhost, OU=ZooKeeper, O=Apache, L=Unknown, ST=Unknown, C=Unknown
  Signature Algorithm: SHA256withRSA, OID = 1.2.840.113549.1.1.11

  Key:  Sun RSA public key, 2048 bits
  params: null
  modulus: 20466894428749997265095448870198652391311568515891366224735448896044144250313384062095901217219702596717622583159291680947094046474456586662132842412743846124470020097713679685492900855417800931365512472314155689881392853768001073664569106127795833231344696659209258027979401908711647617989508135190248980524852215540637603770017238536229773075995665111861820945008718990948857303373661769409475939971958531493423489844433566328219155461676589360491136984327342101195255797973694339642711115427623510874675394946293706606142706174397483349590050687482693164890194014220011640037490528845185364811025836034294701994387
  public exponent: 65537
  Validity: [From: Sat Jan 31 02:57:30 CST 2015,
               To: Wed Feb 08 02:57:30 CST 3015]
  Issuer: CN=localhost, OU=ZooKeeper, O=Apache, L=Unknown, ST=Unknown, C=Unknown
  SerialNumber: [    7334b506]

Certificate Extensions: 1
[1]: ObjectId: 2.5.29.14 Criticality=false
SubjectKeyIdentifier [
KeyIdentifier [
0000: 65 D7 B4 E0 27 45 7A 00   58 2F AD D5 0B 64 2D 77  e...'Ez.X/...d-w
0010: 88 F7 AA F5                                        ....
]
]

]
  Algorithm: [SHA256withRSA]
  Signature:
0000: 1B C8 6B 36 83 1D 28 37   5C 1F 7D F6 C6 84 A0 BF  ..k6..(7\.......
0010: CA C0 47 CF C5 34 70 7A   CF 6B EA 34 84 BE 08 7A  ..G..4pz.k.4...z
0020: 98 E6 3D ED 1D E2 6F 06   DB 23 AB 41 AD D5 DF 1D  ..=...o..#.A....
0030: 92 F4 9D 05 FD 7C EE BE   4A 87 B8 F1 FE F4 5B 79  ........J.....[y
0040: DC AD F7 44 3D 67 08 7A   3B 91 D7 5A 79 44 96 D7  ...D=g.z;..ZyD..
0050: BE 0E 41 C8 64 E3 87 C3   28 11 AB DC 36 F5 B0 AC  ..A.d...(...6...
0060: BD 2F 16 1D 6E A1 52 25   5A EC 6F AD 20 71 5A 1B  ./..n.R%Z.o. qZ.
0070: 66 D4 0D A6 49 B7 75 43   C4 84 0B 4B AC BD 16 76  f...I.uC...K...v
0080: 58 2B 07 85 E2 F1 44 15   1E 67 D1 3C 13 73 5A 2D  X+....D..g.<.sZ-
0090: D6 06 0B A1 D3 09 7E EF   88 F9 C3 0E A4 10 47 EA  ..............G.
00A0: 65 5D CD F0 39 EA 2F 59   1C 08 BC F9 CC 5B C9 BB  e]..9./Y.....[..
00B0: 2F 20 19 81 97 B5 21 BB   60 A4 39 08 6C 41 2A 51  / ....!.`.9.lA*Q
00C0: B1 C3 1A A3 8C F8 ED 67   D0 EE EC 52 01 2A E4 1E  .......g...R.*..
00D0: D2 B4 34 73 DC 7E 34 24   A9 4E 77 AD FD B3 77 0D  ..4s..4$.Nw...w.
00E0: C2 7A C0 65 F6 CC 11 9D   19 AA 59 13 C3 9D AD 5F  .z.e......Y...._
00F0: 61 E6 C2 18 F0 E5 A1 49   41 B5 EF 9E 91 0C 35 9C  a......IA.....5.

]
***
update handshake state: certificate[11]
upcoming handshake states: server_key_exchange[12](optional)
upcoming handshake states: certificate_request[13](optional)
upcoming handshake states: server_hello_done[14]
upcoming handshake states: client certificate[11](optional)
upcoming handshake states: client_key_exchange[16]
upcoming handshake states: certificate_verify[15](optional)
upcoming handshake states: client change_cipher_spec[-1]
upcoming handshake states: client finished[20]
upcoming handshake states: server change_cipher_spec[-1]
upcoming handshake states: server finished[20]
*** ECDH ServerKeyExchange
Signature Algorithm SHA512withRSA
Server key: Sun EC public key, 256 bits
  public x coord: 74423677625556318105486114382415707312567467382585076646781242615214519463570
  public y coord: 50122233087579593680837187594637502360466291006874649527187671435109999701858
  parameters: secp256r1 [NIST P-256, X9.62 prime256v1] (1.2.840.10045.3.1.7)
update handshake state: server_key_exchange[12]
upcoming handshake states: certificate_request[13](optional)
upcoming handshake states: server_hello_done[14]
upcoming handshake states: client certificate[11](optional)
upcoming handshake states: client_key_exchange[16]
upcoming handshake states: certificate_verify[15](optional)
upcoming handshake states: client change_cipher_spec[-1]
upcoming handshake states: client finished[20]
upcoming handshake states: server change_cipher_spec[-1]
upcoming handshake states: server finished[20]
*** CertificateRequest
Cert Types: RSA, DSS, ECDSA
Supported Signature Algorithms: SHA512withECDSA, SHA512withRSA, SHA384withECDSA, SHA384withRSA, SHA256withECDSA, SHA256withRSA, SHA256withDSA, SHA1withECDSA, SHA1withRSA, SHA1withDSA
Cert Authorities:
<CN=localhost, OU=ZooKeeper, O=Apache, L=Unknown, ST=Unknown, C=Unknown>
update handshake state: unknown[13]
upcoming handshake states: server_hello_done[14]
upcoming handshake states: client certificate[11](optional)
upcoming handshake states: client_key_exchange[16]
upcoming handshake states: certificate_verify[15](optional)
upcoming handshake states: client change_cipher_spec[-1]
upcoming handshake states: client finished[20]
upcoming handshake states: server change_cipher_spec[-1]
upcoming handshake states: server finished[20]
*** ServerHelloDone
update handshake state: server_hello_done[14]
upcoming handshake states: client certificate[11](optional)
upcoming handshake states: client_key_exchange[16]
upcoming handshake states: certificate_verify[15](optional)
upcoming handshake states: client change_cipher_spec[-1]
upcoming handshake states: client finished[20]
upcoming handshake states: server change_cipher_spec[-1]
upcoming handshake states: server finished[20]
nioEventLoopGroup-4-6, WRITE: TLSv1.2 Handshake, length = 1478
nioEventLoopGroup-5-1, READ: TLSv1.2 Handshake, length = 1478
check handshake state: server_hello[2]
*** ServerHello, TLSv1.2
RandomCookie:  GMT: 1576028780 bytes = { 182, 12, 98, 72, 5, 42, 54, 105, 5, 187, 216, 53, 108, 251, 252, 4, 37, 48, 238, 41, 22, 32, 47, 58, 72, 10, 15, 78 }
Session ID:  {94, 240, 74, 108, 184, 139, 3, 46, 31, 243, 44, 91, 24, 189, 94, 114, 133, 111, 8, 124, 248, 243, 61, 71, 19, 169, 172, 113, 27, 69, 162, 29}
Cipher Suite: TLS_ECDHE_RSA_WITH_AES_256_CBC_SHA384
Compression Method: 0
Extension renegotiation_info, renegotiated_connection: <empty>
Extension extended_master_secret
***
%% Initialized:  [Session-86, TLS_ECDHE_RSA_WITH_AES_256_CBC_SHA384]
** TLS_ECDHE_RSA_WITH_AES_256_CBC_SHA384
update handshake state: server_hello[2]
upcoming handshake states: server certificate[11]
upcoming handshake states: server_key_exchange[12](optional)
upcoming handshake states: certificate_request[13](optional)
upcoming handshake states: server_hello_done[14]
upcoming handshake states: client certificate[11](optional)
upcoming handshake states: client_key_exchange[16]
upcoming handshake states: certificate_verify[15](optional)
upcoming handshake states: client change_cipher_spec[-1]
upcoming handshake states: client finished[20]
upcoming handshake states: server change_cipher_spec[-1]
upcoming handshake states: server finished[20]
check handshake state: certificate[11]
update handshake state: certificate[11]
upcoming handshake states: server_key_exchange[12](optional)
upcoming handshake states: certificate_request[13](optional)
upcoming handshake states: server_hello_done[14]
upcoming handshake states: client certificate[11](optional)
upcoming handshake states: client_key_exchange[16]
upcoming handshake states: certificate_verify[15](optional)
upcoming handshake states: client change_cipher_spec[-1]
upcoming handshake states: client finished[20]
upcoming handshake states: server change_cipher_spec[-1]
upcoming handshake states: server finished[20]
*** Certificate chain
chain [0] = [
[
  Version: V3
  Subject: CN=localhost, OU=ZooKeeper, O=Apache, L=Unknown, ST=Unknown, C=Unknown
  Signature Algorithm: SHA256withRSA, OID = 1.2.840.113549.1.1.11

  Key:  Sun RSA public key, 2048 bits
  params: null
  modulus: 20466894428749997265095448870198652391311568515891366224735448896044144250313384062095901217219702596717622583159291680947094046474456586662132842412743846124470020097713679685492900855417800931365512472314155689881392853768001073664569106127795833231344696659209258027979401908711647617989508135190248980524852215540637603770017238536229773075995665111861820945008718990948857303373661769409475939971958531493423489844433566328219155461676589360491136984327342101195255797973694339642711115427623510874675394946293706606142706174397483349590050687482693164890194014220011640037490528845185364811025836034294701994387
  public exponent: 65537
  Validity: [From: Sat Jan 31 02:57:30 CST 2015,
               To: Wed Feb 08 02:57:30 CST 3015]
  Issuer: CN=localhost, OU=ZooKeeper, O=Apache, L=Unknown, ST=Unknown, C=Unknown
  SerialNumber: [    7334b506]

Certificate Extensions: 1
[1]: ObjectId: 2.5.29.14 Criticality=false
SubjectKeyIdentifier [
KeyIdentifier [
0000: 65 D7 B4 E0 27 45 7A 00   58 2F AD D5 0B 64 2D 77  e...'Ez.X/...d-w
0010: 88 F7 AA F5                                        ....
]
]

]
  Algorithm: [SHA256withRSA]
  Signature:
0000: 1B C8 6B 36 83 1D 28 37   5C 1F 7D F6 C6 84 A0 BF  ..k6..(7\.......
0010: CA C0 47 CF C5 34 70 7A   CF 6B EA 34 84 BE 08 7A  ..G..4pz.k.4...z
0020: 98 E6 3D ED 1D E2 6F 06   DB 23 AB 41 AD D5 DF 1D  ..=...o..#.A....
0030: 92 F4 9D 05 FD 7C EE BE   4A 87 B8 F1 FE F4 5B 79  ........J.....[y
0040: DC AD F7 44 3D 67 08 7A   3B 91 D7 5A 79 44 96 D7  ...D=g.z;..ZyD..
0050: BE 0E 41 C8 64 E3 87 C3   28 11 AB DC 36 F5 B0 AC  ..A.d...(...6...
0060: BD 2F 16 1D 6E A1 52 25   5A EC 6F AD 20 71 5A 1B  ./..n.R%Z.o. qZ.
0070: 66 D4 0D A6 49 B7 75 43   C4 84 0B 4B AC BD 16 76  f...I.uC...K...v
0080: 58 2B 07 85 E2 F1 44 15   1E 67 D1 3C 13 73 5A 2D  X+....D..g.<.sZ-
0090: D6 06 0B A1 D3 09 7E EF   88 F9 C3 0E A4 10 47 EA  ..............G.
00A0: 65 5D CD F0 39 EA 2F 59   1C 08 BC F9 CC 5B C9 BB  e]..9./Y.....[..
00B0: 2F 20 19 81 97 B5 21 BB   60 A4 39 08 6C 41 2A 51  / ....!.`.9.lA*Q
00C0: B1 C3 1A A3 8C F8 ED 67   D0 EE EC 52 01 2A E4 1E  .......g...R.*..
00D0: D2 B4 34 73 DC 7E 34 24   A9 4E 77 AD FD B3 77 0D  ..4s..4$.Nw...w.
00E0: C2 7A C0 65 F6 CC 11 9D   19 AA 59 13 C3 9D AD 5F  .z.e......Y...._
00F0: 61 E6 C2 18 F0 E5 A1 49   41 B5 EF 9E 91 0C 35 9C  a......IA.....5.

]
***
Found trusted certificate:
[
[
  Version: V3
  Subject: CN=localhost, OU=ZooKeeper, O=Apache, L=Unknown, ST=Unknown, C=Unknown
  Signature Algorithm: SHA256withRSA, OID = 1.2.840.113549.1.1.11

  Key:  Sun RSA public key, 2048 bits
  params: null
  modulus: 20466894428749997265095448870198652391311568515891366224735448896044144250313384062095901217219702596717622583159291680947094046474456586662132842412743846124470020097713679685492900855417800931365512472314155689881392853768001073664569106127795833231344696659209258027979401908711647617989508135190248980524852215540637603770017238536229773075995665111861820945008718990948857303373661769409475939971958531493423489844433566328219155461676589360491136984327342101195255797973694339642711115427623510874675394946293706606142706174397483349590050687482693164890194014220011640037490528845185364811025836034294701994387
  public exponent: 65537
  Validity: [From: Sat Jan 31 02:57:30 CST 2015,
               To: Wed Feb 08 02:57:30 CST 3015]
  Issuer: CN=localhost, OU=ZooKeeper, O=Apache, L=Unknown, ST=Unknown, C=Unknown
  SerialNumber: [    7334b506]

Certificate Extensions: 1
[1]: ObjectId: 2.5.29.14 Criticality=false
SubjectKeyIdentifier [
KeyIdentifier [
0000: 65 D7 B4 E0 27 45 7A 00   58 2F AD D5 0B 64 2D 77  e...'Ez.X/...d-w
0010: 88 F7 AA F5                                        ....
]
]

]
  Algorithm: [SHA256withRSA]
  Signature:
0000: 1B C8 6B 36 83 1D 28 37   5C 1F 7D F6 C6 84 A0 BF  ..k6..(7\.......
0010: CA C0 47 CF C5 34 70 7A   CF 6B EA 34 84 BE 08 7A  ..G..4pz.k.4...z
0020: 98 E6 3D ED 1D E2 6F 06   DB 23 AB 41 AD D5 DF 1D  ..=...o..#.A....
0030: 92 F4 9D 05 FD 7C EE BE   4A 87 B8 F1 FE F4 5B 79  ........J.....[y
0040: DC AD F7 44 3D 67 08 7A   3B 91 D7 5A 79 44 96 D7  ...D=g.z;..ZyD..
0050: BE 0E 41 C8 64 E3 87 C3   28 11 AB DC 36 F5 B0 AC  ..A.d...(...6...
0060: BD 2F 16 1D 6E A1 52 25   5A EC 6F AD 20 71 5A 1B  ./..n.R%Z.o. qZ.
0070: 66 D4 0D A6 49 B7 75 43   C4 84 0B 4B AC BD 16 76  f...I.uC...K...v
0080: 58 2B 07 85 E2 F1 44 15   1E 67 D1 3C 13 73 5A 2D  X+....D..g.<.sZ-
0090: D6 06 0B A1 D3 09 7E EF   88 F9 C3 0E A4 10 47 EA  ..............G.
00A0: 65 5D CD F0 39 EA 2F 59   1C 08 BC F9 CC 5B C9 BB  e]..9./Y.....[..
00B0: 2F 20 19 81 97 B5 21 BB   60 A4 39 08 6C 41 2A 51  / ....!.`.9.lA*Q
00C0: B1 C3 1A A3 8C F8 ED 67   D0 EE EC 52 01 2A E4 1E  .......g...R.*..
00D0: D2 B4 34 73 DC 7E 34 24   A9 4E 77 AD FD B3 77 0D  ..4s..4$.Nw...w.
00E0: C2 7A C0 65 F6 CC 11 9D   19 AA 59 13 C3 9D AD 5F  .z.e......Y...._
00F0: 61 E6 C2 18 F0 E5 A1 49   41 B5 EF 9E 91 0C 35 9C  a......IA.....5.

]
2020-06-22 14:06:36,674 [myid:127.0.0.1:30073] - ERROR [nioEventLoopGroup-5-1:ZKTrustManager@161] - Failed to verify host address: 127.0.0.1
javax.net.ssl.SSLPeerUnverifiedException: Certificate for <127.0.0.1> doesn't match common name of the certificate subject: localhost
	at org.apache.zookeeper.common.ZKHostnameVerifier.matchCN(ZKHostnameVerifier.java:238)
	at org.apache.zookeeper.common.ZKHostnameVerifier.verify(ZKHostnameVerifier.java:184)
	at org.apache.zookeeper.common.ZKTrustManager.performHostVerification(ZKTrustManager.java:151)
	at org.apache.zookeeper.common.ZKTrustManager.checkServerTrusted(ZKTrustManager.java:118)
	at sun.security.ssl.ClientHandshaker.serverCertificate(ClientHandshaker.java:1675)
	at sun.security.ssl.ClientHandshaker.processMessage(ClientHandshaker.java:226)
	at sun.security.ssl.Handshaker.processLoop(Handshaker.java:1082)
	at sun.security.ssl.Handshaker$1.run(Handshaker.java:1015)
	at sun.security.ssl.Handshaker$1.run(Handshaker.java:1012)
	at java.security.AccessController.doPrivileged(Native Method)
	at sun.security.ssl.Handshaker$DelegatedTask.run(Handshaker.java:1504)
	at io.netty.handler.ssl.SslHandler.runAllDelegatedTasks(SslHandler.java:1510)
	at io.netty.handler.ssl.SslHandler.runDelegatedTasks(SslHandler.java:1524)
	at io.netty.handler.ssl.SslHandler.unwrap(SslHandler.java:1408)
	at io.netty.handler.ssl.SslHandler.decodeJdkCompatible(SslHandler.java:1235)
	at io.netty.handler.ssl.SslHandler.decode(SslHandler.java:1282)
	at io.netty.handler.codec.ByteToMessageDecoder.decodeRemovalReentryProtection(ByteToMessageDecoder.java:498)
	at io.netty.handler.codec.ByteToMessageDecoder.callDecode(ByteToMessageDecoder.java:437)
	at io.netty.handler.codec.ByteToMessageDecoder.channelRead(ByteToMessageDecoder.java:276)
	at io.netty.channel.AbstractChannelHandlerContext.invokeChannelRead(AbstractChannelHandlerContext.java:379)
	at io.netty.channel.AbstractChannelHandlerContext.invokeChannelRead(AbstractChannelHandlerContext.java:365)
	at io.netty.channel.AbstractChannelHandlerContext.fireChannelRead(AbstractChannelHandlerContext.java:357)
	at io.netty.channel.DefaultChannelPipeline$HeadContext.channelRead(DefaultChannelPipeline.java:1410)
	at io.netty.channel.AbstractChannelHandlerContext.invokeChannelRead(AbstractChannelHandlerContext.java:379)
	at io.netty.channel.AbstractChannelHandlerContext.invokeChannelRead(AbstractChannelHandlerContext.java:365)
	at io.netty.channel.DefaultChannelPipeline.fireChannelRead(DefaultChannelPipeline.java:919)
	at io.netty.channel.nio.AbstractNioByteChannel$NioByteUnsafe.read(AbstractNioByteChannel.java:163)
	at io.netty.channel.nio.NioEventLoop.processSelectedKey(NioEventLoop.java:714)
	at io.netty.channel.nio.NioEventLoop.processSelectedKeysOptimized(NioEventLoop.java:650)
	at io.netty.channel.nio.NioEventLoop.processSelectedKeys(NioEventLoop.java:576)
	at io.netty.channel.nio.NioEventLoop.run(NioEventLoop.java:493)
	at io.netty.util.concurrent.SingleThreadEventExecutor$4.run(SingleThreadEventExecutor.java:989)
	at io.netty.util.internal.ThreadExecutorMap$2.run(ThreadExecutorMap.java:74)
	at io.netty.util.concurrent.FastThreadLocalRunnable.run(FastThreadLocalRunnable.java:30)
	at java.lang.Thread.run(Thread.java:748)
2020-06-22 14:06:36,674 [myid:127.0.0.1:30073] - ERROR [nioEventLoopGroup-5-1:ZKTrustManager@162] - Failed to verify hostname: activate.navicat.com
javax.net.ssl.SSLPeerUnverifiedException: Certificate for <activate.navicat.com> doesn't match common name of the certificate subject: localhost
	at org.apache.zookeeper.common.ZKHostnameVerifier.matchCN(ZKHostnameVerifier.java:238)
	at org.apache.zookeeper.common.ZKHostnameVerifier.verify(ZKHostnameVerifier.java:184)
	at org.apache.zookeeper.common.ZKTrustManager.performHostVerification(ZKTrustManager.java:159)
	at org.apache.zookeeper.common.ZKTrustManager.checkServerTrusted(ZKTrustManager.java:118)
	at sun.security.ssl.ClientHandshaker.serverCertificate(ClientHandshaker.java:1675)
	at sun.security.ssl.ClientHandshaker.processMessage(ClientHandshaker.java:226)
	at sun.security.ssl.Handshaker.processLoop(Handshaker.java:1082)
	at sun.security.ssl.Handshaker$1.run(Handshaker.java:1015)
	at sun.security.ssl.Handshaker$1.run(Handshaker.java:1012)
	at java.security.AccessController.doPrivileged(Native Method)
	at sun.security.ssl.Handshaker$DelegatedTask.run(Handshaker.java:1504)
	at io.netty.handler.ssl.SslHandler.runAllDelegatedTasks(SslHandler.java:1510)
	at io.netty.handler.ssl.SslHandler.runDelegatedTasks(SslHandler.java:1524)
	at io.netty.handler.ssl.SslHandler.unwrap(SslHandler.java:1408)
	at io.netty.handler.ssl.SslHandler.decodeJdkCompatible(SslHandler.java:1235)
	at io.netty.handler.ssl.SslHandler.decode(SslHandler.java:1282)
	at io.netty.handler.codec.ByteToMessageDecoder.decodeRemovalReentryProtection(ByteToMessageDecoder.java:498)
	at io.netty.handler.codec.ByteToMessageDecoder.callDecode(ByteToMessageDecoder.java:437)
	at io.netty.handler.codec.ByteToMessageDecoder.channelRead(ByteToMessageDecoder.java:276)
	at io.netty.channel.AbstractChannelHandlerContext.invokeChannelRead(AbstractChannelHandlerContext.java:379)
	at io.netty.channel.AbstractChannelHandlerContext.invokeChannelRead(AbstractChannelHandlerContext.java:365)
	at io.netty.channel.AbstractChannelHandlerContext.fireChannelRead(AbstractChannelHandlerContext.java:357)
	at io.netty.channel.DefaultChannelPipeline$HeadContext.channelRead(DefaultChannelPipeline.java:1410)
	at io.netty.channel.AbstractChannelHandlerContext.invokeChannelRead(AbstractChannelHandlerContext.java:379)
	at io.netty.channel.AbstractChannelHandlerContext.invokeChannelRead(AbstractChannelHandlerContext.java:365)
	at io.netty.channel.DefaultChannelPipeline.fireChannelRead(DefaultChannelPipeline.java:919)
	at io.netty.channel.nio.AbstractNioByteChannel$NioByteUnsafe.read(AbstractNioByteChannel.java:163)
	at io.netty.channel.nio.NioEventLoop.processSelectedKey(NioEventLoop.java:714)
	at io.netty.channel.nio.NioEventLoop.processSelectedKeysOptimized(NioEventLoop.java:650)
	at io.netty.channel.nio.NioEventLoop.processSelectedKeys(NioEventLoop.java:576)
	at io.netty.channel.nio.NioEventLoop.run(NioEventLoop.java:493)
	at io.netty.util.concurrent.SingleThreadEventExecutor$4.run(SingleThreadEventExecutor.java:989)
	at io.netty.util.internal.ThreadExecutorMap$2.run(ThreadExecutorMap.java:74)
	at io.netty.util.concurrent.FastThreadLocalRunnable.run(FastThreadLocalRunnable.java:30)
	at java.lang.Thread.run(Thread.java:748)
nioEventLoopGroup-5-1, fatal error: 46: General SSLEngine problem
java.security.cert.CertificateException: Failed to verify both host address and host name
%% Invalidated:  [Session-83, SSL_NULL_WITH_NULL_NULL]
%% Invalidated:  [Session-86, TLS_ECDHE_RSA_WITH_AES_256_CBC_SHA384]
nioEventLoopGroup-5-1, SEND TLSv1.2 ALERT:  fatal, description = certificate_unknown
nioEventLoopGroup-5-1, WRITE: TLSv1.2 Alert, length = 2
nioEventLoopGroup-5-1, fatal: engine already closed.  Rethrowing javax.net.ssl.SSLHandshakeException: General SSLEngine problem
nioEventLoopGroup-5-1, called closeOutbound()
nioEventLoopGroup-5-1, closeOutboundInternal()
nioEventLoopGroup-5-1, called closeInbound()
nioEventLoopGroup-5-1, fatal: engine already closed.  Rethrowing javax.net.ssl.SSLException: Inbound closed before receiving peer's close_notify: possible truncation attack?
nioEventLoopGroup-4-6, READ: TLSv1.2 Alert, length = 2
nioEventLoopGroup-4-6, RECV TLSv1.2 ALERT:  fatal, certificate_unknown
nioEventLoopGroup-4-6, fatal: engine already closed.  Rethrowing javax.net.ssl.SSLException: Received fatal alert: certificate_unknown
nioEventLoopGroup-4-6, fatal: engine already closed.  Rethrowing javax.net.ssl.SSLException: Received fatal alert: certificate_unknown
2020-06-22 14:06:36,675 [myid:] - ERROR [nioEventLoopGroup-4-6:NettyServerCnxnFactory$CertificateVerifier@434] - Unsuccessful handshake with session 0x0
nioEventLoopGroup-4-6, called closeOutbound()
nioEventLoopGroup-4-6, closeOutboundInternal()
nioEventLoopGroup-4-6, SEND TLSv1.2 ALERT:  warning, description = close_notify
nioEventLoopGroup-4-6, WRITE: TLSv1.2 Alert, length = 2
nioEventLoopGroup-4-6, called closeInbound()
nioEventLoopGroup-4-6, fatal: engine already closed.  Rethrowing javax.net.ssl.SSLException: Inbound closed before receiving peer's close_notify: possible truncation attack?
2020-06-22 14:06:36,676 [myid:127.0.0.1:30073] - ERROR [nioEventLoopGroup-5-1:ClientCnxnSocketNetty$ZKClientHandler@522] - Unexpected throwable
io.netty.handler.codec.DecoderException: javax.net.ssl.SSLHandshakeException: General SSLEngine problem
	at io.netty.handler.codec.ByteToMessageDecoder.callDecode(ByteToMessageDecoder.java:468)
	at io.netty.handler.codec.ByteToMessageDecoder.channelRead(ByteToMessageDecoder.java:276)
	at io.netty.channel.AbstractChannelHandlerContext.invokeChannelRead(AbstractChannelHandlerContext.java:379)
	at io.netty.channel.AbstractChannelHandlerContext.invokeChannelRead(AbstractChannelHandlerContext.java:365)
	at io.netty.channel.AbstractChannelHandlerContext.fireChannelRead(AbstractChannelHandlerContext.java:357)
	at io.netty.channel.DefaultChannelPipeline$HeadContext.channelRead(DefaultChannelPipeline.java:1410)
	at io.netty.channel.AbstractChannelHandlerContext.invokeChannelRead(AbstractChannelHandlerContext.java:379)
	at io.netty.channel.AbstractChannelHandlerContext.invokeChannelRead(AbstractChannelHandlerContext.java:365)
	at io.netty.channel.DefaultChannelPipeline.fireChannelRead(DefaultChannelPipeline.java:919)
	at io.netty.channel.nio.AbstractNioByteChannel$NioByteUnsafe.read(AbstractNioByteChannel.java:163)
	at io.netty.channel.nio.NioEventLoop.processSelectedKey(NioEventLoop.java:714)
	at io.netty.channel.nio.NioEventLoop.processSelectedKeysOptimized(NioEventLoop.java:650)
	at io.netty.channel.nio.NioEventLoop.processSelectedKeys(NioEventLoop.java:576)
	at io.netty.channel.nio.NioEventLoop.run(NioEventLoop.java:493)
	at io.netty.util.concurrent.SingleThreadEventExecutor$4.run(SingleThreadEventExecutor.java:989)
	at io.netty.util.internal.ThreadExecutorMap$2.run(ThreadExecutorMap.java:74)
	at io.netty.util.concurrent.FastThreadLocalRunnable.run(FastThreadLocalRunnable.java:30)
	at java.lang.Thread.run(Thread.java:748)
Caused by: javax.net.ssl.SSLHandshakeException: General SSLEngine problem
	at sun.security.ssl.Handshaker.checkThrown(Handshaker.java:1566)
	at sun.security.ssl.SSLEngineImpl.checkTaskThrown(SSLEngineImpl.java:545)
	at sun.security.ssl.SSLEngineImpl.readNetRecord(SSLEngineImpl.java:819)
	at sun.security.ssl.SSLEngineImpl.unwrap(SSLEngineImpl.java:783)
	at javax.net.ssl.SSLEngine.unwrap(SSLEngine.java:626)
	at io.netty.handler.ssl.SslHandler$SslEngineType$3.unwrap(SslHandler.java:281)
	at io.netty.handler.ssl.SslHandler.unwrap(SslHandler.java:1340)
	at io.netty.handler.ssl.SslHandler.decodeJdkCompatible(SslHandler.java:1235)
	at io.netty.handler.ssl.SslHandler.decode(SslHandler.java:1282)
	at io.netty.handler.codec.ByteToMessageDecoder.decodeRemovalReentryProtection(ByteToMessageDecoder.java:498)
	at io.netty.handler.codec.ByteToMessageDecoder.callDecode(ByteToMessageDecoder.java:437)
	... 17 more
Caused by: javax.net.ssl.SSLHandshakeException: General SSLEngine problem
	at sun.security.ssl.Alerts.getSSLException(Alerts.java:198)
	at sun.security.ssl.SSLEngineImpl.fatal(SSLEngineImpl.java:1729)
	at sun.security.ssl.Handshaker.fatalSE(Handshaker.java:333)
	at sun.security.ssl.Handshaker.fatalSE(Handshaker.java:325)
	at sun.security.ssl.ClientHandshaker.serverCertificate(ClientHandshaker.java:1688)
	at sun.security.ssl.ClientHandshaker.processMessage(ClientHandshaker.java:226)
	at sun.security.ssl.Handshaker.processLoop(Handshaker.java:1082)
	at sun.security.ssl.Handshaker$1.run(Handshaker.java:1015)
	at sun.security.ssl.Handshaker$1.run(Handshaker.java:1012)
	at java.security.AccessController.doPrivileged(Native Method)
	at sun.security.ssl.Handshaker$DelegatedTask.run(Handshaker.java:1504)
	at io.netty.handler.ssl.SslHandler.runAllDelegatedTasks(SslHandler.java:1510)
	at io.netty.handler.ssl.SslHandler.runDelegatedTasks(SslHandler.java:1524)
	at io.netty.handler.ssl.SslHandler.unwrap(SslHandler.java:1408)
	... 21 more
Caused by: java.security.cert.CertificateException: Failed to verify both host address and host name
	at org.apache.zookeeper.common.ZKTrustManager.performHostVerification(ZKTrustManager.java:163)
	at org.apache.zookeeper.common.ZKTrustManager.checkServerTrusted(ZKTrustManager.java:118)
	at sun.security.ssl.ClientHandshaker.serverCertificate(ClientHandshaker.java:1675)
	... 30 more
Caused by: javax.net.ssl.SSLPeerUnverifiedException: Certificate for <activate.navicat.com> doesn't match common name of the certificate subject: localhost
	at org.apache.zookeeper.common.ZKHostnameVerifier.matchCN(ZKHostnameVerifier.java:238)
	at org.apache.zookeeper.common.ZKHostnameVerifier.verify(ZKHostnameVerifier.java:184)
	at org.apache.zookeeper.common.ZKTrustManager.performHostVerification(ZKTrustManager.java:159)
	... 32 more
2020-06-22 14:06:36,676 [myid:127.0.0.1:30073] - INFO  [nioEventLoopGroup-5-1:ClientCnxnSocketNetty@249] - channel is told closing
nioEventLoopGroup-5-1, called closeOutbound()
nioEventLoopGroup-5-1, closeOutboundInternal()
2020-06-22 14:06:36,676 [myid:] - WARN  [nioEventLoopGroup-4-6:NettyServerCnxnFactory$CnxnChannelHandler@273] - Exception caught
io.netty.handler.codec.DecoderException: javax.net.ssl.SSLException: Received fatal alert: certificate_unknown
	at io.netty.handler.codec.ByteToMessageDecoder.callDecode(ByteToMessageDecoder.java:468)
	at io.netty.handler.codec.ByteToMessageDecoder.channelRead(ByteToMessageDecoder.java:276)
	at io.netty.channel.AbstractChannelHandlerContext.invokeChannelRead(AbstractChannelHandlerContext.java:379)
	at io.netty.channel.AbstractChannelHandlerContext.invokeChannelRead(AbstractChannelHandlerContext.java:365)
	at io.netty.channel.AbstractChannelHandlerContext.fireChannelRead(AbstractChannelHandlerContext.java:357)
	at io.netty.channel.DefaultChannelPipeline$HeadContext.channelRead(DefaultChannelPipeline.java:1410)
	at io.netty.channel.AbstractChannelHandlerContext.invokeChannelRead(AbstractChannelHandlerContext.java:379)
	at io.netty.channel.AbstractChannelHandlerContext.invokeChannelRead(AbstractChannelHandlerContext.java:365)
	at io.netty.channel.DefaultChannelPipeline.fireChannelRead(DefaultChannelPipeline.java:919)
	at io.netty.channel.nio.AbstractNioByteChannel$NioByteUnsafe.read(AbstractNioByteChannel.java:163)
	at io.netty.channel.nio.NioEventLoop.processSelectedKey(NioEventLoop.java:714)
	at io.netty.channel.nio.NioEventLoop.processSelectedKeysOptimized(NioEventLoop.java:650)
	at io.netty.channel.nio.NioEventLoop.processSelectedKeys(NioEventLoop.java:576)
	at io.netty.channel.nio.NioEventLoop.run(NioEventLoop.java:493)
	at io.netty.util.concurrent.SingleThreadEventExecutor$4.run(SingleThreadEventExecutor.java:989)
	at io.netty.util.internal.ThreadExecutorMap$2.run(ThreadExecutorMap.java:74)
	at io.netty.util.concurrent.FastThreadLocalRunnable.run(FastThreadLocalRunnable.java:30)
	at java.lang.Thread.run(Thread.java:748)
Caused by: javax.net.ssl.SSLException: Received fatal alert: certificate_unknown
	at sun.security.ssl.Alerts.getSSLException(Alerts.java:214)
	at sun.security.ssl.SSLEngineImpl.fatal(SSLEngineImpl.java:1667)
	at sun.security.ssl.SSLEngineImpl.fatal(SSLEngineImpl.java:1635)
	at sun.security.ssl.SSLEngineImpl.recvAlert(SSLEngineImpl.java:1801)
	at sun.security.ssl.SSLEngineImpl.readRecord(SSLEngineImpl.java:1090)
	at sun.security.ssl.SSLEngineImpl.readNetRecord(SSLEngineImpl.java:913)
	at sun.security.ssl.SSLEngineImpl.unwrap(SSLEngineImpl.java:783)
	at javax.net.ssl.SSLEngine.unwrap(SSLEngine.java:626)
	at io.netty.handler.ssl.SslHandler$SslEngineType$3.unwrap(SslHandler.java:281)
	at io.netty.handler.ssl.SslHandler.unwrap(SslHandler.java:1340)
	at io.netty.handler.ssl.SslHandler.decodeJdkCompatible(SslHandler.java:1235)
	at io.netty.handler.ssl.SslHandler.decode(SslHandler.java:1282)
	at io.netty.handler.codec.ByteToMessageDecoder.decodeRemovalReentryProtection(ByteToMessageDecoder.java:498)
	at io.netty.handler.codec.ByteToMessageDecoder.callDecode(ByteToMessageDecoder.java:437)
	... 17 more
nioEventLoopGroup-4-6, called closeOutbound()
nioEventLoopGroup-4-6, closeOutboundInternal()
2020-06-22 14:06:36,676 [myid:127.0.0.1:30073] - WARN  [main-SendThread(127.0.0.1:30073):ClientCnxn$SendThread@1272] - Session 0x0 for sever activate.navicat.com/127.0.0.1:30073, Closing socket connection. Attempting reconnect except it is a SessionExpiredException.
EndOfStreamException: channel for sessionid 0x0 is lost
	at org.apache.zookeeper.ClientCnxnSocketNetty.doTransport(ClientCnxnSocketNetty.java:285)
	at org.apache.zookeeper.ClientCnxn$SendThread.run(ClientCnxn.java:1262)
nioEventLoopGroup-4-6, READ: TLSv1.2 Alert, length = 2
nioEventLoopGroup-4-6, RECV TLSv1.2 ALERT:  fatal, certificate_unknown
nioEventLoopGroup-4-6, fatal: engine already closed.  Rethrowing javax.net.ssl.SSLException: Received fatal alert: certificate_unknown
nioEventLoopGroup-4-6, fatal: engine already closed.  Rethrowing javax.net.ssl.SSLException: Received fatal alert: certificate_unknown
2020-06-22 14:06:36,677 [myid:127.0.0.1:30073] - INFO  [nioEventLoopGroup-5-1:ClientCnxnSocketNetty$ZKClientHandler@469] - channel is disconnected: [id: 0xa8fcf53e, L:/127.0.0.1:55396 ! R:activate.navicat.com/127.0.0.1:30073]
nioEventLoopGroup-4-6, called closeOutbound()
nioEventLoopGroup-4-6, closeOutboundInternal()
nioEventLoopGroup-4-6, called closeInbound()
nioEventLoopGroup-4-6, closeInboundInternal()
nioEventLoopGroup-4-6, closeOutboundInternal()
2020-06-22 14:06:36,677 [myid:] - WARN  [nioEventLoopGroup-4-6:NettyServerCnxnFactory$CnxnChannelHandler@273] - Exception caught
io.netty.handler.codec.DecoderException: javax.net.ssl.SSLException: Received fatal alert: certificate_unknown
	at io.netty.handler.codec.ByteToMessageDecoder.callDecode(ByteToMessageDecoder.java:468)
	at io.netty.handler.codec.ByteToMessageDecoder.channelInputClosed(ByteToMessageDecoder.java:401)
	at io.netty.handler.codec.ByteToMessageDecoder.channelInputClosed(ByteToMessageDecoder.java:368)
	at io.netty.handler.codec.ByteToMessageDecoder.channelInactive(ByteToMessageDecoder.java:351)
	at io.netty.handler.ssl.SslHandler.channelInactive(SslHandler.java:1084)
	at io.netty.channel.AbstractChannelHandlerContext.invokeChannelInactive(AbstractChannelHandlerContext.java:262)
	at io.netty.channel.AbstractChannelHandlerContext.invokeChannelInactive(AbstractChannelHandlerContext.java:248)
	at io.netty.channel.AbstractChannelHandlerContext.fireChannelInactive(AbstractChannelHandlerContext.java:241)
	at io.netty.channel.DefaultChannelPipeline$HeadContext.channelInactive(DefaultChannelPipeline.java:1405)
	at io.netty.channel.AbstractChannelHandlerContext.invokeChannelInactive(AbstractChannelHandlerContext.java:262)
	at io.netty.channel.AbstractChannelHandlerContext.invokeChannelInactive(AbstractChannelHandlerContext.java:248)
	at io.netty.channel.DefaultChannelPipeline.fireChannelInactive(DefaultChannelPipeline.java:901)
	at io.netty.channel.AbstractChannel$AbstractUnsafe$8.run(AbstractChannel.java:818)
	at io.netty.util.concurrent.AbstractEventExecutor.safeExecute(AbstractEventExecutor.java:164)
	at io.netty.util.concurrent.SingleThreadEventExecutor.runAllTasks(SingleThreadEventExecutor.java:472)
	at io.netty.channel.nio.NioEventLoop.run(NioEventLoop.java:497)
	at io.netty.util.concurrent.SingleThreadEventExecutor$4.run(SingleThreadEventExecutor.java:989)
	at io.netty.util.internal.ThreadExecutorMap$2.run(ThreadExecutorMap.java:74)
	at io.netty.util.concurrent.FastThreadLocalRunnable.run(FastThreadLocalRunnable.java:30)
	at java.lang.Thread.run(Thread.java:748)
Caused by: javax.net.ssl.SSLException: Received fatal alert: certificate_unknown
	at sun.security.ssl.Alerts.getSSLException(Alerts.java:214)
	at sun.security.ssl.SSLEngineImpl.fatal(SSLEngineImpl.java:1667)
	at sun.security.ssl.SSLEngineImpl.fatal(SSLEngineImpl.java:1635)
	at sun.security.ssl.SSLEngineImpl.recvAlert(SSLEngineImpl.java:1801)
	at sun.security.ssl.SSLEngineImpl.readRecord(SSLEngineImpl.java:1090)
	at sun.security.ssl.SSLEngineImpl.readNetRecord(SSLEngineImpl.java:913)
	at sun.security.ssl.SSLEngineImpl.unwrap(SSLEngineImpl.java:783)
	at javax.net.ssl.SSLEngine.unwrap(SSLEngine.java:626)
	at io.netty.handler.ssl.SslHandler$SslEngineType$3.unwrap(SslHandler.java:281)
	at io.netty.handler.ssl.SslHandler.unwrap(SslHandler.java:1340)
	at io.netty.handler.ssl.SslHandler.decodeJdkCompatible(SslHandler.java:1235)
	at io.netty.handler.ssl.SslHandler.decode(SslHandler.java:1282)
	at io.netty.handler.codec.ByteToMessageDecoder.decodeRemovalReentryProtection(ByteToMessageDecoder.java:498)
	at io.netty.handler.codec.ByteToMessageDecoder.callDecode(ByteToMessageDecoder.java:437)
	... 19 more
2020-06-22 14:06:38,009 [myid:] - WARN  [main:JUnit4ZKTestRunner$LoggedInvokeMethod@105] - TEST METHOD FAILED testEnableDisableThrottling_secure_random
java.net.ProtocolException: Unable to connect to server
	at org.apache.zookeeper.test.ClientBase.createClient(ClientBase.java:204)
	at org.apache.zookeeper.test.ClientBase.createClient(ClientBase.java:196)
	at org.apache.zookeeper.test.ClientBase.createClient(ClientBase.java:185)
	at org.apache.zookeeper.test.ClientBase.createClient(ClientBase.java:180)
	at org.apache.zookeeper.server.NettyServerCnxnTest.runEnableDisableThrottling(NettyServerCnxnTest.java:233)
	at org.apache.zookeeper.server.NettyServerCnxnTest.testEnableDisableThrottling_secure_random(NettyServerCnxnTest.java:202)
	at org.apache.zookeeper.JUnit4ZKTestRunner$LoggedInvokeMethod.evaluate(JUnit4ZKTestRunner.java:86)
2020-06-22 14:06:38,010 [myid:] - INFO  [main:ClientBase@583] - tearDown starting
2020-06-22 14:06:38,011 [myid:] - INFO  [main:ClientBase@557] - STOPPING server
2020-06-22 14:06:38,011 [myid:] - INFO  [main:NettyServerCnxnFactory@622] - shutdown called /0:0:0:0:0:0:0:0:30073
2020-06-22 14:06:38,020 [myid:] - INFO  [main:ZooKeeperServer@784] - shutting down
2020-06-22 14:06:38,020 [myid:] - INFO  [main:RequestThrottler@244] - Shutting down
2020-06-22 14:06:38,021 [myid:] - INFO  [RequestThrottler:RequestThrottler@205] - Draining request throttler queue
2020-06-22 14:06:38,021 [myid:] - INFO  [RequestThrottler:RequestThrottler@181] - RequestThrottler shutdown. Dropped 0 requests
2020-06-22 14:06:38,021 [myid:] - INFO  [main:SessionTrackerImpl@247] - Shutting down
2020-06-22 14:06:38,021 [myid:] - INFO  [main:PrepRequestProcessor@1047] - Shutting down
2020-06-22 14:06:38,022 [myid:] - INFO  [main:SyncRequestProcessor@256] - Shutting down
2020-06-22 14:06:38,023 [myid:] - INFO  [SyncThread:0:SyncRequestProcessor@225] - SyncRequestProcessor exited!
2020-06-22 14:06:38,024 [myid:] - INFO  [main:FinalRequestProcessor@662] - shutdown of request processor complete
2020-06-22 14:06:38,025 [myid:] - INFO  [ProcessThread(sid:0 cport:30073)::PrepRequestProcessor@159] - PrepRequestProcessor exited loop!
2020-06-22 14:06:38,026 [myid:] - INFO  [main:FourLetterWordMain@93] - connecting to 127.0.0.1 30073
2020-06-22 14:06:38,026 [myid:] - INFO  [main:FourLetterWordMain@99] - using secure socket
2020-06-22 14:06:38,026 [myid:] - WARN  [main:X509Util@345] - zookeeper.ssl.keyStore.location not specified
2020-06-22 14:06:38,027 [myid:] - WARN  [main:X509Util@366] - zookeeper.ssl.trustStore.location not specified
Inaccessible trust store: D:\Program Files\RedHat\java-1.8.0-openjdk-1.8.0.252-2\jre\lib\security\jssecacerts
trustStore is: D:\Program Files\RedHat\java-1.8.0-openjdk-1.8.0.252-2\jre\lib\security\cacerts
trustStore type is: jks
trustStore provider is: 
the last modified time is: Mon Apr 20 10:11:50 CST 2020
Reload the trust store
Reload trust certs
Reloaded 140 trust certs
adding as trusted cert:
  Subject: CN=Hongkong Post Root CA 1, O=Hongkong Post, C=HK
  Issuer:  CN=Hongkong Post Root CA 1, O=Hongkong Post, C=HK
  Algorithm: RSA; Serial number: 0x3e8
  Valid from Thu May 15 13:13:14 CST 2003 until Mon May 15 12:52:29 CST 2023

adding as trusted cert:
  Subject: CN=SecureTrust CA, O=SecureTrust Corporation, C=US
  Issuer:  CN=SecureTrust CA, O=SecureTrust Corporation, C=US
  Algorithm: RSA; Serial number: 0xcf08e5c0816a5ad427ff0eb271859d0
  Valid from Wed Nov 08 03:31:18 CST 2006 until Tue Jan 01 03:40:55 CST 2030

adding as trusted cert:
  Subject: CN=Entrust Root Certification Authority - EC1, OU="(c) 2012 Entrust, Inc. - for authorized use only", OU=See www.entrust.net/legal-terms, O="Entrust, Inc.", C=US
  Issuer:  CN=Entrust Root Certification Authority - EC1, OU="(c) 2012 Entrust, Inc. - for authorized use only", OU=See www.entrust.net/legal-terms, O="Entrust, Inc.", C=US
  Algorithm: EC; Serial number: 0xa68b79290000000050d091f9
  Valid from Tue Dec 18 23:25:36 CST 2012 until Fri Dec 18 23:55:36 CST 2037

adding as trusted cert:
  Subject: CN=DigiCert Global Root CA, OU=www.digicert.com, O=DigiCert Inc, C=US
  Issuer:  CN=DigiCert Global Root CA, OU=www.digicert.com, O=DigiCert Inc, C=US
  Algorithm: RSA; Serial number: 0x83be056904246b1a1756ac95991c74a
  Valid from Fri Nov 10 08:00:00 CST 2006 until Mon Nov 10 08:00:00 CST 2031

adding as trusted cert:
  Subject: OU=Security Communication RootCA1, O=SECOM Trust.net, C=JP
  Issuer:  OU=Security Communication RootCA1, O=SECOM Trust.net, C=JP
  Algorithm: RSA; Serial number: 0x0
  Valid from Tue Sep 30 12:20:49 CST 2003 until Sat Sep 30 12:20:49 CST 2023

adding as trusted cert:
  Subject: CN=QuoVadis Root CA 2 G3, O=QuoVadis Limited, C=BM
  Issuer:  CN=QuoVadis Root CA 2 G3, O=QuoVadis Limited, C=BM
  Algorithm: RSA; Serial number: 0x445734245b81899b35f2ceb82b3b5ba726f07528
  Valid from Fri Jan 13 02:59:32 CST 2012 until Mon Jan 13 02:59:32 CST 2042

adding as trusted cert:
  Subject: CN=Hellenic Academic and Research Institutions RootCA 2015, O=Hellenic Academic and Research Institutions Cert. Authority, L=Athens, C=GR
  Issuer:  CN=Hellenic Academic and Research Institutions RootCA 2015, O=Hellenic Academic and Research Institutions Cert. Authority, L=Athens, C=GR
  Algorithm: RSA; Serial number: 0x0
  Valid from Tue Jul 07 18:11:21 CST 2015 until Sat Jun 30 18:11:21 CST 2040

adding as trusted cert:
  Subject: CN=DigiCert Trusted Root G4, OU=www.digicert.com, O=DigiCert Inc, C=US
  Issuer:  CN=DigiCert Trusted Root G4, OU=www.digicert.com, O=DigiCert Inc, C=US
  Algorithm: RSA; Serial number: 0x59b1b579e8e2132e23907bda777755c
  Valid from Thu Aug 01 20:00:00 CST 2013 until Fri Jan 15 20:00:00 CST 2038

adding as trusted cert:
  Subject: CN=Hellenic Academic and Research Institutions ECC RootCA 2015, O=Hellenic Academic and Research Institutions Cert. Authority, L=Athens, C=GR
  Issuer:  CN=Hellenic Academic and Research Institutions ECC RootCA 2015, O=Hellenic Academic and Research Institutions Cert. Authority, L=Athens, C=GR
  Algorithm: EC; Serial number: 0x0
  Valid from Tue Jul 07 18:37:12 CST 2015 until Sat Jun 30 18:37:12 CST 2040

adding as trusted cert:
  Subject: CN=GeoTrust Primary Certification Authority, O=GeoTrust Inc., C=US
  Issuer:  CN=GeoTrust Primary Certification Authority, O=GeoTrust Inc., C=US
  Algorithm: RSA; Serial number: 0x18acb56afd69b6153a636cafdafac4a1
  Valid from Mon Nov 27 08:00:00 CST 2006 until Thu Jul 17 07:59:59 CST 2036

adding as trusted cert:
  Subject: OU=Security Communication RootCA2, O="SECOM Trust Systems CO.,LTD.", C=JP
  Issuer:  OU=Security Communication RootCA2, O="SECOM Trust Systems CO.,LTD.", C=JP
  Algorithm: RSA; Serial number: 0x0
  Valid from Fri May 29 13:00:39 CST 2009 until Tue May 29 13:00:39 CST 2029

adding as trusted cert:
  Subject: CN=emSign ECC Root CA - G3, O=eMudhra Technologies Limited, OU=emSign PKI, C=IN
  Issuer:  CN=emSign ECC Root CA - G3, O=eMudhra Technologies Limited, OU=emSign PKI, C=IN
  Algorithm: EC; Serial number: 0x3cf607a968700eda8b84
  Valid from Mon Feb 19 02:30:00 CST 2018 until Thu Feb 19 02:30:00 CST 2043

adding as trusted cert:
  Subject: OU=ePKI Root Certification Authority, O="Chunghwa Telecom Co., Ltd.", C=TW
  Issuer:  OU=ePKI Root Certification Authority, O="Chunghwa Telecom Co., Ltd.", C=TW
  Algorithm: RSA; Serial number: 0x15c8bd65475cafb897005ee406d2bc9d
  Valid from Mon Dec 20 10:31:27 CST 2004 until Wed Dec 20 10:31:27 CST 2034

adding as trusted cert:
  Subject: CN=AffirmTrust Commercial, O=AffirmTrust, C=US
  Issuer:  CN=AffirmTrust Commercial, O=AffirmTrust, C=US
  Algorithm: RSA; Serial number: 0x7777062726a9b17c
  Valid from Fri Jan 29 22:06:06 CST 2010 until Tue Dec 31 22:06:06 CST 2030

adding as trusted cert:
  Subject: CN=Certum Trusted Network CA, OU=Certum Certification Authority, O=Unizeto Technologies S.A., C=PL
  Issuer:  CN=Certum Trusted Network CA, OU=Certum Certification Authority, O=Unizeto Technologies S.A., C=PL
  Algorithm: RSA; Serial number: 0x444c0
  Valid from Wed Oct 22 20:07:37 CST 2008 until Mon Dec 31 20:07:37 CST 2029

adding as trusted cert:
  Subject: CN=XRamp Global Certification Authority, O=XRamp Security Services Inc, OU=www.xrampsecurity.com, C=US
  Issuer:  CN=XRamp Global Certification Authority, O=XRamp Security Services Inc, OU=www.xrampsecurity.com, C=US
  Algorithm: RSA; Serial number: 0x50946cec18ead59c4dd597ef758fa0ad
  Valid from Tue Nov 02 01:14:04 CST 2004 until Mon Jan 01 13:37:19 CST 2035

adding as trusted cert:
  Subject: CN=EC-ACC, OU=Jerarquia Entitats de Certificacio Catalanes, OU=Vegeu https://www.catcert.net/verarrel (c)03, OU=Serveis Publics de Certificacio, O=Agencia Catalana de Certificacio (NIF Q-0801176-I), C=ES
  Issuer:  CN=EC-ACC, OU=Jerarquia Entitats de Certificacio Catalanes, OU=Vegeu https://www.catcert.net/verarrel (c)03, OU=Serveis Publics de Certificacio, O=Agencia Catalana de Certificacio (NIF Q-0801176-I), C=ES
  Algorithm: RSA; Serial number: 0x-11d4c2142bde21eb579d53fb0c223bff
  Valid from Wed Jan 08 07:00:00 CST 2003 until Wed Jan 08 06:59:59 CST 2031

adding as trusted cert:
  Subject: CN=emSign Root CA - G1, O=eMudhra Technologies Limited, OU=emSign PKI, C=IN
  Issuer:  CN=emSign Root CA - G1, O=eMudhra Technologies Limited, OU=emSign PKI, C=IN
  Algorithm: RSA; Serial number: 0x31f5e4620c6c58edd6d8
  Valid from Mon Feb 19 02:30:00 CST 2018 until Thu Feb 19 02:30:00 CST 2043

adding as trusted cert:
  Subject: CN=Sonera Class2 CA, O=Sonera, C=FI
  Issuer:  CN=Sonera Class2 CA, O=Sonera, C=FI
  Algorithm: RSA; Serial number: 0x1d
  Valid from Fri Apr 06 15:29:40 CST 2001 until Tue Apr 06 15:29:40 CST 2021

adding as trusted cert:
  Subject: CN=GeoTrust Primary Certification Authority - G2, OU=(c) 2007 GeoTrust Inc. - For authorized use only, O=GeoTrust Inc., C=US
  Issuer:  CN=GeoTrust Primary Certification Authority - G2, OU=(c) 2007 GeoTrust Inc. - For authorized use only, O=GeoTrust Inc., C=US
  Algorithm: EC; Serial number: 0x3cb2f4480a00e2feeb243b5e603ec36b
  Valid from Mon Nov 05 08:00:00 CST 2007 until Tue Jan 19 07:59:59 CST 2038

adding as trusted cert:
  Subject: CN=Certinomis - Root CA, OU=0002 433998903, O=Certinomis, C=FR
  Issuer:  CN=Certinomis - Root CA, OU=0002 433998903, O=Certinomis, C=FR
  Algorithm: RSA; Serial number: 0x1
  Valid from Mon Oct 21 17:17:18 CST 2013 until Fri Oct 21 17:17:18 CST 2033

adding as trusted cert:
  Subject: CN=COMODO ECC Certification Authority, O=COMODO CA Limited, L=Salford, ST=Greater Manchester, C=GB
  Issuer:  CN=COMODO ECC Certification Authority, O=COMODO CA Limited, L=Salford, ST=Greater Manchester, C=GB
  Algorithm: EC; Serial number: 0x1f47afaa62007050544c019e9b63992a
  Valid from Thu Mar 06 08:00:00 CST 2008 until Tue Jan 19 07:59:59 CST 2038

adding as trusted cert:
  Subject: CN=ISRG Root X1, O=Internet Security Research Group, C=US
  Issuer:  CN=ISRG Root X1, O=Internet Security Research Group, C=US
  Algorithm: RSA; Serial number: 0x8210cfb0d240e3594463e0bb63828b00
  Valid from Thu Jun 04 19:04:38 CST 2015 until Mon Jun 04 19:04:38 CST 2035

adding as trusted cert:
  Subject: CN=DigiCert High Assurance EV Root CA, OU=www.digicert.com, O=DigiCert Inc, C=US
  Issuer:  CN=DigiCert High Assurance EV Root CA, OU=www.digicert.com, O=DigiCert Inc, C=US
  Algorithm: RSA; Serial number: 0x2ac5c266a0b409b8f0b79f2ae462577
  Valid from Fri Nov 10 08:00:00 CST 2006 until Mon Nov 10 08:00:00 CST 2031

adding as trusted cert:
  Subject: CN=TrustCor RootCert CA-1, OU=TrustCor Certificate Authority, O=TrustCor Systems S. de R.L., L=Panama City, ST=Panama, C=PA
  Issuer:  CN=TrustCor RootCert CA-1, OU=TrustCor Certificate Authority, O=TrustCor Systems S. de R.L., L=Panama City, ST=Panama, C=PA
  Algorithm: RSA; Serial number: 0xda9bec71f303b019
  Valid from Thu Feb 04 20:32:16 CST 2016 until Tue Jan 01 01:23:16 CST 2030

adding as trusted cert:
  Subject: CN=GeoTrust Universal CA, O=GeoTrust Inc., C=US
  Issuer:  CN=GeoTrust Universal CA, O=GeoTrust Inc., C=US
  Algorithm: RSA; Serial number: 0x1
  Valid from Thu Mar 04 13:00:00 CST 2004 until Sun Mar 04 13:00:00 CST 2029

adding as trusted cert:
  Subject: CN=GlobalSign, O=GlobalSign, OU=GlobalSign Root CA - R3
  Issuer:  CN=GlobalSign, O=GlobalSign, OU=GlobalSign Root CA - R3
  Algorithm: RSA; Serial number: 0x4000000000121585308a2
  Valid from Wed Mar 18 18:00:00 CST 2009 until Sun Mar 18 18:00:00 CST 2029

adding as trusted cert:
  Subject: CN=GeoTrust Universal CA 2, O=GeoTrust Inc., C=US
  Issuer:  CN=GeoTrust Universal CA 2, O=GeoTrust Inc., C=US
  Algorithm: RSA; Serial number: 0x1
  Valid from Thu Mar 04 13:00:00 CST 2004 until Sun Mar 04 13:00:00 CST 2029

adding as trusted cert:
  Subject: CN=Baltimore CyberTrust Root, OU=CyberTrust, O=Baltimore, C=IE
  Issuer:  CN=Baltimore CyberTrust Root, OU=CyberTrust, O=Baltimore, C=IE
  Algorithm: RSA; Serial number: 0x20000b9
  Valid from Sat May 13 02:46:00 CST 2000 until Tue May 13 07:59:00 CST 2025

adding as trusted cert:
  Subject: CN=AAA Certificate Services, O=Comodo CA Limited, L=Salford, ST=Greater Manchester, C=GB
  Issuer:  CN=AAA Certificate Services, O=Comodo CA Limited, L=Salford, ST=Greater Manchester, C=GB
  Algorithm: RSA; Serial number: 0x1
  Valid from Thu Jan 01 08:00:00 CST 2004 until Mon Jan 01 07:59:59 CST 2029

adding as trusted cert:
  Subject: OU=Starfield Class 2 Certification Authority, O="Starfield Technologies, Inc.", C=US
  Issuer:  OU=Starfield Class 2 Certification Authority, O="Starfield Technologies, Inc.", C=US
  Algorithm: RSA; Serial number: 0x0
  Valid from Wed Jun 30 01:39:16 CST 2004 until Fri Jun 30 01:39:16 CST 2034

adding as trusted cert:
  Subject: CN=VeriSign Class 3 Public Primary Certification Authority - G3, OU="(c) 1999 VeriSign, Inc. - For authorized use only", OU=VeriSign Trust Network, O="VeriSign, Inc.", C=US
  Issuer:  CN=VeriSign Class 3 Public Primary Certification Authority - G3, OU="(c) 1999 VeriSign, Inc. - For authorized use only", OU=VeriSign Trust Network, O="VeriSign, Inc.", C=US
  Algorithm: RSA; Serial number: 0x9b7e0649a33e62b9d5ee90487129ef57
  Valid from Fri Oct 01 08:00:00 CST 1999 until Thu Jul 17 07:59:59 CST 2036

adding as trusted cert:
  Subject: OU=AC RAIZ FNMT-RCM, O=FNMT-RCM, C=ES
  Issuer:  OU=AC RAIZ FNMT-RCM, O=FNMT-RCM, C=ES
  Algorithm: RSA; Serial number: 0x5d938d306736c8061d1ac754846907
  Valid from Wed Oct 29 23:59:56 CST 2008 until Tue Jan 01 08:00:00 CST 2030

adding as trusted cert:
  Subject: CN=GlobalSign Root CA, OU=Root CA, O=GlobalSign nv-sa, C=BE
  Issuer:  CN=GlobalSign Root CA, OU=Root CA, O=GlobalSign nv-sa, C=BE
  Algorithm: RSA; Serial number: 0x40000000001154b5ac394
  Valid from Tue Sep 01 20:00:00 CST 1998 until Fri Jan 28 20:00:00 CST 2028

adding as trusted cert:
  Subject: CN=AffirmTrust Networking, O=AffirmTrust, C=US
  Issuer:  CN=AffirmTrust Networking, O=AffirmTrust, C=US
  Algorithm: RSA; Serial number: 0x7c4f04391cd4992d
  Valid from Fri Jan 29 22:08:24 CST 2010 until Tue Dec 31 22:08:24 CST 2030

adding as trusted cert:
  Subject: CN=TWCA Global Root CA, OU=Root CA, O=TAIWAN-CA, C=TW
  Issuer:  CN=TWCA Global Root CA, OU=Root CA, O=TAIWAN-CA, C=TW
  Algorithm: RSA; Serial number: 0xcbe
  Valid from Wed Jun 27 14:28:33 CST 2012 until Tue Dec 31 23:59:59 CST 2030

adding as trusted cert:
  Subject: CN=AffirmTrust Premium, O=AffirmTrust, C=US
  Issuer:  CN=AffirmTrust Premium, O=AffirmTrust, C=US
  Algorithm: RSA; Serial number: 0x6d8c1446b1a60aee
  Valid from Fri Jan 29 22:10:36 CST 2010 until Mon Dec 31 22:10:36 CST 2040

adding as trusted cert:
  Subject: O=Government Root Certification Authority, C=TW
  Issuer:  O=Government Root Certification Authority, C=TW
  Algorithm: RSA; Serial number: 0x1f9d595ad72fc20644a5800869e35ef6
  Valid from Thu Dec 05 21:23:33 CST 2002 until Sun Dec 05 21:23:33 CST 2032

adding as trusted cert:
  Subject: CN=GeoTrust Primary Certification Authority - G3, OU=(c) 2008 GeoTrust Inc. - For authorized use only, O=GeoTrust Inc., C=US
  Issuer:  CN=GeoTrust Primary Certification Authority - G3, OU=(c) 2008 GeoTrust Inc. - For authorized use only, O=GeoTrust Inc., C=US
  Algorithm: RSA; Serial number: 0x15ac6e9419b2794b41f627a9c3180f1f
  Valid from Wed Apr 02 08:00:00 CST 2008 until Wed Dec 02 07:59:59 CST 2037

adding as trusted cert:
  Subject: CN=TWCA Root Certification Authority, OU=Root CA, O=TAIWAN-CA, C=TW
  Issuer:  CN=TWCA Root Certification Authority, OU=Root CA, O=TAIWAN-CA, C=TW
  Algorithm: RSA; Serial number: 0x1
  Valid from Thu Aug 28 15:24:33 CST 2008 until Tue Dec 31 23:59:59 CST 2030

adding as trusted cert:
  Subject: CN=LuxTrust Global Root 2, O=LuxTrust S.A., C=LU
  Issuer:  CN=LuxTrust Global Root 2, O=LuxTrust S.A., C=LU
  Algorithm: RSA; Serial number: 0xa7ea6df4b449eda6a24859ee6b815d3167fbbb1
  Valid from Thu Mar 05 21:21:57 CST 2015 until Mon Mar 05 21:21:57 CST 2035

adding as trusted cert:
  Subject: CN=Chambers of Commerce Root - 2008, O=AC Camerfirma S.A., SERIALNUMBER=A82743287, L=Madrid (see current address at www.camerfirma.com/address), C=EU
  Issuer:  CN=Chambers of Commerce Root - 2008, O=AC Camerfirma S.A., SERIALNUMBER=A82743287, L=Madrid (see current address at www.camerfirma.com/address), C=EU
  Algorithm: RSA; Serial number: 0xa3da427ea4b1aeda
  Valid from Fri Aug 01 20:29:50 CST 2008 until Sat Jul 31 20:29:50 CST 2038

adding as trusted cert:
  Subject: C=DE, O=Atos, CN=Atos TrustedRoot 2011
  Issuer:  C=DE, O=Atos, CN=Atos TrustedRoot 2011
  Algorithm: RSA; Serial number: 0x5c33cb622c5fb332
  Valid from Thu Jul 07 22:58:30 CST 2011 until Wed Jan 01 07:59:59 CST 2031

adding as trusted cert:
  Subject: CN=SSL.com EV Root Certification Authority RSA R2, O=SSL Corporation, L=Houston, ST=Texas, C=US
  Issuer:  CN=SSL.com EV Root Certification Authority RSA R2, O=SSL Corporation, L=Houston, ST=Texas, C=US
  Algorithm: RSA; Serial number: 0x56b629cd34bc78f6
  Valid from Thu Jun 01 02:14:37 CST 2017 until Sat May 31 02:14:37 CST 2042

adding as trusted cert:
  Subject: CN=SwissSign Silver CA - G2, O=SwissSign AG, C=CH
  Issuer:  CN=SwissSign Silver CA - G2, O=SwissSign AG, C=CH
  Algorithm: RSA; Serial number: 0x4f1bd42f54bb2f4b
  Valid from Wed Oct 25 16:32:46 CST 2006 until Sat Oct 25 16:32:46 CST 2036

adding as trusted cert:
  Subject: CN=SecureSign RootCA11, O="Japan Certification Services, Inc.", C=JP
  Issuer:  CN=SecureSign RootCA11, O="Japan Certification Services, Inc.", C=JP
  Algorithm: RSA; Serial number: 0x1
  Valid from Wed Apr 08 12:56:47 CST 2009 until Sun Apr 08 12:56:47 CST 2029

adding as trusted cert:
  Subject: CN=SSL.com Root Certification Authority ECC, O=SSL Corporation, L=Houston, ST=Texas, C=US
  Issuer:  CN=SSL.com Root Certification Authority ECC, O=SSL Corporation, L=Houston, ST=Texas, C=US
  Algorithm: EC; Serial number: 0x75e6dfcbc1685ba8
  Valid from Sat Feb 13 02:14:03 CST 2016 until Wed Feb 13 02:14:03 CST 2041

adding as trusted cert:
  Subject: CN=Entrust Root Certification Authority - G2, OU="(c) 2009 Entrust, Inc. - for authorized use only", OU=See www.entrust.net/legal-terms, O="Entrust, Inc.", C=US
  Issuer:  CN=Entrust Root Certification Authority - G2, OU="(c) 2009 Entrust, Inc. - for authorized use only", OU=See www.entrust.net/legal-terms, O="Entrust, Inc.", C=US
  Algorithm: RSA; Serial number: 0x4a538c28
  Valid from Wed Jul 08 01:25:54 CST 2009 until Sun Dec 08 01:55:54 CST 2030

adding as trusted cert:
  Subject: CN=DigiCert Assured ID Root CA, OU=www.digicert.com, O=DigiCert Inc, C=US
  Issuer:  CN=DigiCert Assured ID Root CA, OU=www.digicert.com, O=DigiCert Inc, C=US
  Algorithm: RSA; Serial number: 0xce7e0e517d846fe8fe560fc1bf03039
  Valid from Fri Nov 10 08:00:00 CST 2006 until Mon Nov 10 08:00:00 CST 2031

adding as trusted cert:
  Subject: OU=Go Daddy Class 2 Certification Authority, O="The Go Daddy Group, Inc.", C=US
  Issuer:  OU=Go Daddy Class 2 Certification Authority, O="The Go Daddy Group, Inc.", C=US
  Algorithm: RSA; Serial number: 0x0
  Valid from Wed Jun 30 01:06:20 CST 2004 until Fri Jun 30 01:06:20 CST 2034

adding as trusted cert:
  Subject: CN=TrustCor RootCert CA-2, OU=TrustCor Certificate Authority, O=TrustCor Systems S. de R.L., L=Panama City, ST=Panama, C=PA
  Issuer:  CN=TrustCor RootCert CA-2, OU=TrustCor Certificate Authority, O=TrustCor Systems S. de R.L., L=Panama City, ST=Panama, C=PA
  Algorithm: RSA; Serial number: 0x25a1dfca33cb5902
  Valid from Thu Feb 04 20:32:23 CST 2016 until Mon Jan 01 01:26:39 CST 2035

adding as trusted cert:
  Subject: CN=TUBITAK Kamu SM SSL Kok Sertifikasi - Surum 1, OU=Kamu Sertifikasyon Merkezi - Kamu SM, O=Turkiye Bilimsel ve Teknolojik Arastirma Kurumu - TUBITAK, L=Gebze - Kocaeli, C=TR
  Issuer:  CN=TUBITAK Kamu SM SSL Kok Sertifikasi - Surum 1, OU=Kamu Sertifikasyon Merkezi - Kamu SM, O=Turkiye Bilimsel ve Teknolojik Arastirma Kurumu - TUBITAK, L=Gebze - Kocaeli, C=TR
  Algorithm: RSA; Serial number: 0x1
  Valid from Mon Nov 25 16:25:55 CST 2013 until Sun Oct 25 16:25:55 CST 2043

adding as trusted cert:
  Subject: CN=Secure Global CA, O=SecureTrust Corporation, C=US
  Issuer:  CN=Secure Global CA, O=SecureTrust Corporation, C=US
  Algorithm: RSA; Serial number: 0x75622a4e8d48a894df413c8f0f8eaa5
  Valid from Wed Nov 08 03:42:28 CST 2006 until Tue Jan 01 03:52:06 CST 2030

adding as trusted cert:
  Subject: CN=AddTrust External CA Root, OU=AddTrust External TTP Network, O=AddTrust AB, C=SE
  Issuer:  CN=AddTrust External CA Root, OU=AddTrust External TTP Network, O=AddTrust AB, C=SE
  Algorithm: RSA; Serial number: 0x1
  Valid from Tue May 30 18:48:38 CST 2000 until Sat May 30 18:48:38 CST 2020

adding as trusted cert:
  Subject: CN=T-TeleSec GlobalRoot Class 3, OU=T-Systems Trust Center, O=T-Systems Enterprise Services GmbH, C=DE
  Issuer:  CN=T-TeleSec GlobalRoot Class 3, OU=T-Systems Trust Center, O=T-Systems Enterprise Services GmbH, C=DE
  Algorithm: RSA; Serial number: 0x1
  Valid from Wed Oct 01 18:29:56 CST 2008 until Sun Oct 02 07:59:59 CST 2033

adding as trusted cert:
  Subject: CN=Certigna Root CA, OU=0002 48146308100036, O=Dhimyotis, C=FR
  Issuer:  CN=Certigna Root CA, OU=0002 48146308100036, O=Dhimyotis, C=FR
  Algorithm: RSA; Serial number: 0xcae91b89f155030da3e6416dc4e3a6e1
  Valid from Tue Oct 01 16:32:27 CST 2013 until Sat Oct 01 16:32:27 CST 2033

adding as trusted cert:
  Subject: CN=DigiCert Global Root G3, OU=www.digicert.com, O=DigiCert Inc, C=US
  Issuer:  CN=DigiCert Global Root G3, OU=www.digicert.com, O=DigiCert Inc, C=US
  Algorithm: EC; Serial number: 0x55556bcf25ea43535c3a40fd5ab4572
  Valid from Thu Aug 01 20:00:00 CST 2013 until Fri Jan 15 20:00:00 CST 2038

adding as trusted cert:
  Subject: CN=TrustCor ECA-1, OU=TrustCor Certificate Authority, O=TrustCor Systems S. de R.L., L=Panama City, ST=Panama, C=PA
  Issuer:  CN=TrustCor ECA-1, OU=TrustCor Certificate Authority, O=TrustCor Systems S. de R.L., L=Panama City, ST=Panama, C=PA
  Algorithm: RSA; Serial number: 0x84822c5f1c62d040
  Valid from Thu Feb 04 20:32:33 CST 2016 until Tue Jan 01 01:28:07 CST 2030

adding as trusted cert:
  Subject: CN=Class 2 Primary CA, O=Certplus, C=FR
  Issuer:  CN=Class 2 Primary CA, O=Certplus, C=FR
  Algorithm: RSA; Serial number: 0x85bd4bf3d8dae369f694d75fc3a54423
  Valid from Thu Jul 08 01:05:00 CST 1999 until Sun Jul 07 07:59:59 CST 2019

adding as trusted cert:
  Subject: CN=OISTE WISeKey Global Root GA CA, OU=OISTE Foundation Endorsed, OU=Copyright (c) 2005, O=WISeKey, C=CH
  Issuer:  CN=OISTE WISeKey Global Root GA CA, OU=OISTE Foundation Endorsed, OU=Copyright (c) 2005, O=WISeKey, C=CH
  Algorithm: RSA; Serial number: 0x413d72c7f46b1f81437df1d22854df9a
  Valid from Mon Dec 12 00:03:44 CST 2005 until Sat Dec 12 00:09:51 CST 2037

adding as trusted cert:
  Subject: CN=GeoTrust Global CA, O=GeoTrust Inc., C=US
  Issuer:  CN=GeoTrust Global CA, O=GeoTrust Inc., C=US
  Algorithm: RSA; Serial number: 0x23456
  Valid from Tue May 21 12:00:00 CST 2002 until Sat May 21 12:00:00 CST 2022

adding as trusted cert:
  Subject: CN=Network Solutions Certificate Authority, O=Network Solutions L.L.C., C=US
  Issuer:  CN=Network Solutions Certificate Authority, O=Network Solutions L.L.C., C=US
  Algorithm: RSA; Serial number: 0x57cb336fc25c16e6471617e3903168e0
  Valid from Fri Dec 01 08:00:00 CST 2006 until Tue Jan 01 07:59:59 CST 2030

adding as trusted cert:
  Subject: CN=CFCA EV ROOT, O=China Financial Certification Authority, C=CN
  Issuer:  CN=CFCA EV ROOT, O=China Financial Certification Authority, C=CN
  Algorithm: RSA; Serial number: 0x184accd6
  Valid from Wed Aug 08 11:07:01 CST 2012 until Mon Dec 31 11:07:01 CST 2029

adding as trusted cert:
  Subject: CN=GlobalSign, O=GlobalSign, OU=GlobalSign ECC Root CA - R5
  Issuer:  CN=GlobalSign, O=GlobalSign, OU=GlobalSign ECC Root CA - R5
  Algorithm: EC; Serial number: 0x605949e0262ebb55f90a778a71f94ad86c
  Valid from Tue Nov 13 08:00:00 CST 2012 until Tue Jan 19 11:14:07 CST 2038

adding as trusted cert:
  Subject: CN=Hellenic Academic and Research Institutions RootCA 2011, O=Hellenic Academic and Research Institutions Cert. Authority, C=GR
  Issuer:  CN=Hellenic Academic and Research Institutions RootCA 2011, O=Hellenic Academic and Research Institutions Cert. Authority, C=GR
  Algorithm: RSA; Serial number: 0x0
  Valid from Tue Dec 06 21:49:52 CST 2011 until Mon Dec 01 21:49:52 CST 2031

adding as trusted cert:
  Subject: CN=Certum Trusted Network CA 2, OU=Certum Certification Authority, O=Unizeto Technologies S.A., C=PL
  Issuer:  CN=Certum Trusted Network CA 2, OU=Certum Certification Authority, O=Unizeto Technologies S.A., C=PL
  Algorithm: RSA; Serial number: 0x21d6d04a4f250fc93237fcaa5e128de9
  Valid from Thu Oct 06 16:39:56 CST 2011 until Sat Oct 06 16:39:56 CST 2046

adding as trusted cert:
  Subject: CN=Starfield Root Certificate Authority - G2, O="Starfield Technologies, Inc.", L=Scottsdale, ST=Arizona, C=US
  Issuer:  CN=Starfield Root Certificate Authority - G2, O="Starfield Technologies, Inc.", L=Scottsdale, ST=Arizona, C=US
  Algorithm: RSA; Serial number: 0x0
  Valid from Tue Sep 01 08:00:00 CST 2009 until Fri Jan 01 07:59:59 CST 2038

adding as trusted cert:
  Subject: CN=IdenTrust Public Sector Root CA 1, O=IdenTrust, C=US
  Issuer:  CN=IdenTrust Public Sector Root CA 1, O=IdenTrust, C=US
  Algorithm: RSA; Serial number: 0xa0142800000014523cf467c00000002
  Valid from Fri Jan 17 01:53:32 CST 2014 until Tue Jan 17 01:53:32 CST 2034

adding as trusted cert:
  Subject: CN=Entrust.net Certification Authority (2048), OU=(c) 1999 Entrust.net Limited, OU=www.entrust.net/CPS_2048 incorp. by ref. (limits liab.), O=Entrust.net
  Issuer:  CN=Entrust.net Certification Authority (2048), OU=(c) 1999 Entrust.net Limited, OU=www.entrust.net/CPS_2048 incorp. by ref. (limits liab.), O=Entrust.net
  Algorithm: RSA; Serial number: 0x3863def8
  Valid from Sat Dec 25 01:50:51 CST 1999 until Tue Jul 24 22:15:12 CST 2029

adding as trusted cert:
  Subject: CN=Staat der Nederlanden Root CA - G3, O=Staat der Nederlanden, C=NL
  Issuer:  CN=Staat der Nederlanden Root CA - G3, O=Staat der Nederlanden, C=NL
  Algorithm: RSA; Serial number: 0x98a239
  Valid from Thu Nov 14 19:28:42 CST 2013 until Tue Nov 14 07:00:00 CST 2028

adding as trusted cert:
  Subject: CN=TeliaSonera Root CA v1, O=TeliaSonera
  Issuer:  CN=TeliaSonera Root CA v1, O=TeliaSonera
  Algorithm: RSA; Serial number: 0x95be16a0f72e46f17b398272fa8bcd96
  Valid from Thu Oct 18 20:00:50 CST 2007 until Mon Oct 18 20:00:50 CST 2032

adding as trusted cert:
  Subject: CN=thawte Primary Root CA, OU="(c) 2006 thawte, Inc. - For authorized use only", OU=Certification Services Division, O="thawte, Inc.", C=US
  Issuer:  CN=thawte Primary Root CA, OU="(c) 2006 thawte, Inc. - For authorized use only", OU=Certification Services Division, O="thawte, Inc.", C=US
  Algorithm: RSA; Serial number: 0x344ed55720d5edec49f42fce37db2b6d
  Valid from Fri Nov 17 08:00:00 CST 2006 until Thu Jul 17 07:59:59 CST 2036

adding as trusted cert:
  Subject: CN=Go Daddy Root Certificate Authority - G2, O="GoDaddy.com, Inc.", L=Scottsdale, ST=Arizona, C=US
  Issuer:  CN=Go Daddy Root Certificate Authority - G2, O="GoDaddy.com, Inc.", L=Scottsdale, ST=Arizona, C=US
  Algorithm: RSA; Serial number: 0x0
  Valid from Tue Sep 01 08:00:00 CST 2009 until Fri Jan 01 07:59:59 CST 2038

adding as trusted cert:
  Subject: CN=VeriSign Class 3 Public Primary Certification Authority - G4, OU="(c) 2007 VeriSign, Inc. - For authorized use only", OU=VeriSign Trust Network, O="VeriSign, Inc.", C=US
  Issuer:  CN=VeriSign Class 3 Public Primary Certification Authority - G4, OU="(c) 2007 VeriSign, Inc. - For authorized use only", OU=VeriSign Trust Network, O="VeriSign, Inc.", C=US
  Algorithm: EC; Serial number: 0x2f80fe238c0e220f486712289187acb3
  Valid from Mon Nov 05 08:00:00 CST 2007 until Tue Jan 19 07:59:59 CST 2038

adding as trusted cert:
  Subject: CN=Staat der Nederlanden EV Root CA, O=Staat der Nederlanden, C=NL
  Issuer:  CN=Staat der Nederlanden EV Root CA, O=Staat der Nederlanden, C=NL
  Algorithm: RSA; Serial number: 0x98968d
  Valid from Wed Dec 08 19:19:29 CST 2010 until Thu Dec 08 19:10:28 CST 2022

adding as trusted cert:
  Subject: CN=Entrust Root Certification Authority, OU="(c) 2006 Entrust, Inc.", OU=www.entrust.net/CPS is incorporated by reference, O="Entrust, Inc.", C=US
  Issuer:  CN=Entrust Root Certification Authority, OU="(c) 2006 Entrust, Inc.", OU=www.entrust.net/CPS is incorporated by reference, O="Entrust, Inc.", C=US
  Algorithm: RSA; Serial number: 0x456b5054
  Valid from Tue Nov 28 04:23:42 CST 2006 until Sat Nov 28 04:53:42 CST 2026

adding as trusted cert:
  Subject: CN=GTS Root R2, O=Google Trust Services LLC, C=US
  Issuer:  CN=GTS Root R2, O=Google Trust Services LLC, C=US
  Algorithm: RSA; Serial number: 0x6e47a9c65ab3e720c5309a3f6852f26f
  Valid from Wed Jun 22 08:00:00 CST 2016 until Sun Jun 22 08:00:00 CST 2036

adding as trusted cert:
  Subject: CN=DigiCert Assured ID Root G2, OU=www.digicert.com, O=DigiCert Inc, C=US
  Issuer:  CN=DigiCert Assured ID Root G2, OU=www.digicert.com, O=DigiCert Inc, C=US
  Algorithm: RSA; Serial number: 0xb931c3ad63967ea6723bfc3af9af44b
  Valid from Thu Aug 01 20:00:00 CST 2013 until Fri Jan 15 20:00:00 CST 2038

adding as trusted cert:
  Subject: CN=SSL.com Root Certification Authority RSA, O=SSL Corporation, L=Houston, ST=Texas, C=US
  Issuer:  CN=SSL.com Root Certification Authority RSA, O=SSL Corporation, L=Houston, ST=Texas, C=US
  Algorithm: RSA; Serial number: 0x7b2c9bd316803299
  Valid from Sat Feb 13 01:39:39 CST 2016 until Wed Feb 13 01:39:39 CST 2041

adding as trusted cert:
  Subject: CN=Amazon Root CA 4, O=Amazon, C=US
  Issuer:  CN=Amazon Root CA 4, O=Amazon, C=US
  Algorithm: EC; Serial number: 0x66c9fd7c1bb104c2943e5717b7b2cc81ac10e
  Valid from Tue May 26 08:00:00 CST 2015 until Sat May 26 08:00:00 CST 2040

adding as trusted cert:
  Subject: CN=GlobalSign, O=GlobalSign, OU=GlobalSign Root CA - R6
  Issuer:  CN=GlobalSign, O=GlobalSign, OU=GlobalSign Root CA - R6
  Algorithm: RSA; Serial number: 0x45e6bb038333c3856548e6ff4551
  Valid from Wed Dec 10 08:00:00 CST 2014 until Sun Dec 10 08:00:00 CST 2034

adding as trusted cert:
  Subject: CN=CA Disig Root R2, O=Disig a.s., L=Bratislava, C=SK
  Issuer:  CN=CA Disig Root R2, O=Disig a.s., L=Bratislava, C=SK
  Algorithm: RSA; Serial number: 0x92b888dbb08ac163
  Valid from Thu Jul 19 17:15:30 CST 2012 until Sat Jul 19 17:15:30 CST 2042

adding as trusted cert:
  Subject: CN=OISTE WISeKey Global Root GC CA, OU=OISTE Foundation Endorsed, O=WISeKey, C=CH
  Issuer:  CN=OISTE WISeKey Global Root GC CA, OU=OISTE Foundation Endorsed, O=WISeKey, C=CH
  Algorithm: EC; Serial number: 0x212a560caeda0cab4045bf2ba22d3aea
  Valid from Tue May 09 17:48:34 CST 2017 until Fri May 09 17:58:33 CST 2042

adding as trusted cert:
  Subject: CN=DST Root CA X3, O=Digital Signature Trust Co.
  Issuer:  CN=DST Root CA X3, O=Digital Signature Trust Co.
  Algorithm: RSA; Serial number: 0x44afb080d6a327ba893039862ef8406b
  Valid from Sun Oct 01 05:12:19 CST 2000 until Thu Sep 30 22:01:15 CST 2021

adding as trusted cert:
  Subject: CN=Buypass Class 2 Root CA, O=Buypass AS-983163327, C=NO
  Issuer:  CN=Buypass Class 2 Root CA, O=Buypass AS-983163327, C=NO
  Algorithm: RSA; Serial number: 0x2
  Valid from Tue Oct 26 16:38:03 CST 2010 until Fri Oct 26 16:38:03 CST 2040

adding as trusted cert:
  Subject: CN=D-TRUST Root Class 3 CA 2 EV 2009, O=D-Trust GmbH, C=DE
  Issuer:  CN=D-TRUST Root Class 3 CA 2 EV 2009, O=D-Trust GmbH, C=DE
  Algorithm: RSA; Serial number: 0x983f4
  Valid from Thu Nov 05 16:50:46 CST 2009 until Mon Nov 05 16:50:46 CST 2029

adding as trusted cert:
  Subject: CN=Hongkong Post Root CA 3, O=Hongkong Post, L=Hong Kong, ST=Hong Kong, C=HK
  Issuer:  CN=Hongkong Post Root CA 3, O=Hongkong Post, L=Hong Kong, ST=Hong Kong, C=HK
  Algorithm: RSA; Serial number: 0x8165f8a4ca5ec00c99340dfc4c6ae23b81c5aa4
  Valid from Sat Jun 03 10:29:46 CST 2017 until Tue Jun 03 10:29:46 CST 2042

adding as trusted cert:
  Subject: CN=DigiCert Assured ID Root G3, OU=www.digicert.com, O=DigiCert Inc, C=US
  Issuer:  CN=DigiCert Assured ID Root G3, OU=www.digicert.com, O=DigiCert Inc, C=US
  Algorithm: EC; Serial number: 0xba15afa1ddfa0b54944afcd24a06cec
  Valid from Thu Aug 01 20:00:00 CST 2013 until Fri Jan 15 20:00:00 CST 2038

adding as trusted cert:
  Subject: CN=SwissSign Gold CA - G2, O=SwissSign AG, C=CH
  Issuer:  CN=SwissSign Gold CA - G2, O=SwissSign AG, C=CH
  Algorithm: RSA; Serial number: 0xbb401c43f55e4fb0
  Valid from Wed Oct 25 16:30:35 CST 2006 until Sat Oct 25 16:30:35 CST 2036

adding as trusted cert:
  Subject: CN=USERTrust ECC Certification Authority, O=The USERTRUST Network, L=Jersey City, ST=New Jersey, C=US
  Issuer:  CN=USERTrust ECC Certification Authority, O=The USERTRUST Network, L=Jersey City, ST=New Jersey, C=US
  Algorithm: EC; Serial number: 0x5c8b99c55a94c5d27156decd8980cc26
  Valid from Mon Feb 01 08:00:00 CST 2010 until Tue Jan 19 07:59:59 CST 2038

adding as trusted cert:
  Subject: OU=certSIGN ROOT CA, O=certSIGN, C=RO
  Issuer:  OU=certSIGN ROOT CA, O=certSIGN, C=RO
  Algorithm: RSA; Serial number: 0x200605167002
  Valid from Wed Jul 05 01:20:04 CST 2006 until Sat Jul 05 01:20:04 CST 2031

adding as trusted cert:
  Subject: CN=QuoVadis Root CA 2, O=QuoVadis Limited, C=BM
  Issuer:  CN=QuoVadis Root CA 2, O=QuoVadis Limited, C=BM
  Algorithm: RSA; Serial number: 0x509
  Valid from Sat Nov 25 02:27:00 CST 2006 until Tue Nov 25 02:23:33 CST 2031

adding as trusted cert:
  Subject: CN=IdenTrust Commercial Root CA 1, O=IdenTrust, C=US
  Issuer:  CN=IdenTrust Commercial Root CA 1, O=IdenTrust, C=US
  Algorithm: RSA; Serial number: 0xa0142800000014523c844b500000002
  Valid from Fri Jan 17 02:12:23 CST 2014 until Tue Jan 17 02:12:23 CST 2034

adding as trusted cert:
  Subject: CN=Deutsche Telekom Root CA 2, OU=T-TeleSec Trust Center, O=Deutsche Telekom AG, C=DE
  Issuer:  CN=Deutsche Telekom Root CA 2, OU=T-TeleSec Trust Center, O=Deutsche Telekom AG, C=DE
  Algorithm: RSA; Serial number: 0x26
  Valid from Fri Jul 09 20:11:00 CST 1999 until Wed Jul 10 07:59:00 CST 2019

adding as trusted cert:
  Subject: CN=D-TRUST Root Class 3 CA 2 2009, O=D-Trust GmbH, C=DE
  Issuer:  CN=D-TRUST Root Class 3 CA 2 2009, O=D-Trust GmbH, C=DE
  Algorithm: RSA; Serial number: 0x983f3
  Valid from Thu Nov 05 16:35:58 CST 2009 until Mon Nov 05 16:35:58 CST 2029

adding as trusted cert:
  Subject: CN=QuoVadis Root CA 1 G3, O=QuoVadis Limited, C=BM
  Issuer:  CN=QuoVadis Root CA 1 G3, O=QuoVadis Limited, C=BM
  Algorithm: RSA; Serial number: 0x78585f2ead2c194be3370735341328b596d46593
  Valid from Fri Jan 13 01:27:44 CST 2012 until Mon Jan 13 01:27:44 CST 2042

adding as trusted cert:
  Subject: CN=USERTrust RSA Certification Authority, O=The USERTRUST Network, L=Jersey City, ST=New Jersey, C=US
  Issuer:  CN=USERTrust RSA Certification Authority, O=The USERTRUST Network, L=Jersey City, ST=New Jersey, C=US
  Algorithm: RSA; Serial number: 0x1fd6d30fca3ca51a81bbc640e35032d
  Valid from Mon Feb 01 08:00:00 CST 2010 until Tue Jan 19 07:59:59 CST 2038

adding as trusted cert:
  Subject: CN=Izenpe.com, O=IZENPE S.A., C=ES
  Issuer:  CN=Izenpe.com, O=IZENPE S.A., C=ES
  Algorithm: RSA; Serial number: 0xb0b75a16485fbfe1cbf58bd719e67d
  Valid from Thu Dec 13 21:08:28 CST 2007 until Sun Dec 13 16:27:25 CST 2037

adding as trusted cert:
  Subject: CN=GTS Root R3, O=Google Trust Services LLC, C=US
  Issuer:  CN=GTS Root R3, O=Google Trust Services LLC, C=US
  Algorithm: EC; Serial number: 0x6e47a9c76ca9732440890f0355dd8d1d
  Valid from Wed Jun 22 08:00:00 CST 2016 until Sun Jun 22 08:00:00 CST 2036

adding as trusted cert:
  Subject: CN=GlobalSign, O=GlobalSign, OU=GlobalSign Root CA - R2
  Issuer:  CN=GlobalSign, O=GlobalSign, OU=GlobalSign Root CA - R2
  Algorithm: RSA; Serial number: 0x400000000010f8626e60d
  Valid from Fri Dec 15 16:00:00 CST 2006 until Wed Dec 15 16:00:00 CST 2021

adding as trusted cert:
  Subject: CN=VeriSign Class 3 Public Primary Certification Authority - G5, OU="(c) 2006 VeriSign, Inc. - For authorized use only", OU=VeriSign Trust Network, O="VeriSign, Inc.", C=US
  Issuer:  CN=VeriSign Class 3 Public Primary Certification Authority - G5, OU="(c) 2006 VeriSign, Inc. - For authorized use only", OU=VeriSign Trust Network, O="VeriSign, Inc.", C=US
  Algorithm: RSA; Serial number: 0x18dad19e267de8bb4a2158cdcc6b3b4a
  Valid from Wed Nov 08 08:00:00 CST 2006 until Thu Jul 17 07:59:59 CST 2036

adding as trusted cert:
  Subject: CN=QuoVadis Root CA 3, O=QuoVadis Limited, C=BM
  Issuer:  CN=QuoVadis Root CA 3, O=QuoVadis Limited, C=BM
  Algorithm: RSA; Serial number: 0x5c6
  Valid from Sat Nov 25 03:11:23 CST 2006 until Tue Nov 25 03:06:44 CST 2031

adding as trusted cert:
  Subject: CN=Starfield Services Root Certificate Authority - G2, O="Starfield Technologies, Inc.", L=Scottsdale, ST=Arizona, C=US
  Issuer:  CN=Starfield Services Root Certificate Authority - G2, O="Starfield Technologies, Inc.", L=Scottsdale, ST=Arizona, C=US
  Algorithm: RSA; Serial number: 0x0
  Valid from Tue Sep 01 08:00:00 CST 2009 until Fri Jan 01 07:59:59 CST 2038

adding as trusted cert:
  Subject: CN=OISTE WISeKey Global Root GB CA, OU=OISTE Foundation Endorsed, O=WISeKey, C=CH
  Issuer:  CN=OISTE WISeKey Global Root GB CA, OU=OISTE Foundation Endorsed, O=WISeKey, C=CH
  Algorithm: RSA; Serial number: 0x76b1205274f0858746b3f8231af6c2c0
  Valid from Mon Dec 01 23:00:32 CST 2014 until Thu Dec 01 23:10:31 CST 2039

adding as trusted cert:
  Subject: CN=emSign ECC Root CA - C3, O=eMudhra Inc, OU=emSign PKI, C=US
  Issuer:  CN=emSign ECC Root CA - C3, O=eMudhra Inc, OU=emSign PKI, C=US
  Algorithm: EC; Serial number: 0x7b71b68256b8127c9ca8
  Valid from Mon Feb 19 02:30:00 CST 2018 until Thu Feb 19 02:30:00 CST 2043

adding as trusted cert:
  Subject: CN=Amazon Root CA 3, O=Amazon, C=US
  Issuer:  CN=Amazon Root CA 3, O=Amazon, C=US
  Algorithm: EC; Serial number: 0x66c9fd5749736663f3b0b9ad9e89e7603f24a
  Valid from Tue May 26 08:00:00 CST 2015 until Sat May 26 08:00:00 CST 2040

adding as trusted cert:
  Subject: CN=QuoVadis Root CA 3 G3, O=QuoVadis Limited, C=BM
  Issuer:  CN=QuoVadis Root CA 3 G3, O=QuoVadis Limited, C=BM
  Algorithm: RSA; Serial number: 0x2ef59b0228a7db7affd5a3a9eebd03a0cf126a1d
  Valid from Fri Jan 13 04:26:32 CST 2012 until Mon Jan 13 04:26:32 CST 2042

adding as trusted cert:
  Subject: EMAILADDRESS=info@e-szigno.hu, CN=Microsec e-Szigno Root CA 2009, O=Microsec Ltd., L=Budapest, C=HU
  Issuer:  EMAILADDRESS=info@e-szigno.hu, CN=Microsec e-Szigno Root CA 2009, O=Microsec Ltd., L=Budapest, C=HU
  Algorithm: RSA; Serial number: 0xc27e43044e473f19
  Valid from Tue Jun 16 19:30:18 CST 2009 until Sun Dec 30 19:30:18 CST 2029

adding as trusted cert:
  Subject: CN=NetLock Arany (Class Gold) F?tanúsítvány, OU=Tanúsítványkiadók (Certification Services), O=NetLock Kft., L=Budapest, C=HU
  Issuer:  CN=NetLock Arany (Class Gold) F?tanúsítvány, OU=Tanúsítványkiadók (Certification Services), O=NetLock Kft., L=Budapest, C=HU
  Algorithm: RSA; Serial number: 0x49412ce40010
  Valid from Thu Dec 11 23:08:21 CST 2008 until Wed Dec 06 23:08:21 CST 2028

adding as trusted cert:
  Subject: CN=Actalis Authentication Root CA, O=Actalis S.p.A./03358520967, L=Milan, C=IT
  Issuer:  CN=Actalis Authentication Root CA, O=Actalis S.p.A./03358520967, L=Milan, C=IT
  Algorithm: RSA; Serial number: 0x570a119742c4e3cc
  Valid from Thu Sep 22 19:22:02 CST 2011 until Sun Sep 22 19:22:02 CST 2030

adding as trusted cert:
  Subject: CN=Autoridad de Certificacion Firmaprofesional CIF A62634068, C=ES
  Issuer:  CN=Autoridad de Certificacion Firmaprofesional CIF A62634068, C=ES
  Algorithm: RSA; Serial number: 0x53ec3beefbb2485f
  Valid from Wed May 20 16:38:15 CST 2009 until Tue Dec 31 16:38:15 CST 2030

adding as trusted cert:
  Subject: CN=Certigna, O=Dhimyotis, C=FR
  Issuer:  CN=Certigna, O=Dhimyotis, C=FR
  Algorithm: RSA; Serial number: 0xfedce3010fc948ff
  Valid from Fri Jun 29 23:13:05 CST 2007 until Tue Jun 29 23:13:05 CST 2027

adding as trusted cert:
  Subject: CN=E-Tugra Certification Authority, OU=E-Tugra Sertifikasyon Merkezi, O=E-Tu?ra EBG Bili?im Teknolojileri ve Hizmetleri A.?., L=Ankara, C=TR
  Issuer:  CN=E-Tugra Certification Authority, OU=E-Tugra Sertifikasyon Merkezi, O=E-Tu?ra EBG Bili?im Teknolojileri ve Hizmetleri A.?., L=Ankara, C=TR
  Algorithm: RSA; Serial number: 0x6a683e9c519bcb53
  Valid from Tue Mar 05 20:09:48 CST 2013 until Fri Mar 03 20:09:48 CST 2023

adding as trusted cert:
  Subject: CN=GTS Root R1, O=Google Trust Services LLC, C=US
  Issuer:  CN=GTS Root R1, O=Google Trust Services LLC, C=US
  Algorithm: RSA; Serial number: 0x6e47a9c54b470c0dec33d089b91cf4e1
  Valid from Wed Jun 22 08:00:00 CST 2016 until Sun Jun 22 08:00:00 CST 2036

adding as trusted cert:
  Subject: C=ES, O=ACCV, OU=PKIACCV, CN=ACCVRAIZ1
  Issuer:  C=ES, O=ACCV, OU=PKIACCV, CN=ACCVRAIZ1
  Algorithm: RSA; Serial number: 0x5ec3b7a6437fa4e0
  Valid from Thu May 05 17:37:37 CST 2011 until Tue Dec 31 17:37:37 CST 2030

adding as trusted cert:
  Subject: CN=QuoVadis Root Certification Authority, OU=Root Certification Authority, O=QuoVadis Limited, C=BM
  Issuer:  CN=QuoVadis Root Certification Authority, OU=Root Certification Authority, O=QuoVadis Limited, C=BM
  Algorithm: RSA; Serial number: 0x3ab6508b
  Valid from Tue Mar 20 02:33:33 CST 2001 until Thu Mar 18 02:33:33 CST 2021

adding as trusted cert:
  Subject: CN=SSL.com EV Root Certification Authority ECC, O=SSL Corporation, L=Houston, ST=Texas, C=US
  Issuer:  CN=SSL.com EV Root Certification Authority ECC, O=SSL Corporation, L=Houston, ST=Texas, C=US
  Algorithm: EC; Serial number: 0x2c299c5b16ed0595
  Valid from Sat Feb 13 02:15:23 CST 2016 until Wed Feb 13 02:15:23 CST 2041

adding as trusted cert:
  Subject: CN=Buypass Class 3 Root CA, O=Buypass AS-983163327, C=NO
  Issuer:  CN=Buypass Class 3 Root CA, O=Buypass AS-983163327, C=NO
  Algorithm: RSA; Serial number: 0x2
  Valid from Tue Oct 26 16:28:58 CST 2010 until Fri Oct 26 16:28:58 CST 2040

adding as trusted cert:
  Subject: CN=thawte Primary Root CA - G2, OU="(c) 2007 thawte, Inc. - For authorized use only", O="thawte, Inc.", C=US
  Issuer:  CN=thawte Primary Root CA - G2, OU="(c) 2007 thawte, Inc. - For authorized use only", O="thawte, Inc.", C=US
  Algorithm: EC; Serial number: 0x35fc265cd9844fc93d263d579baed756
  Valid from Mon Nov 05 08:00:00 CST 2007 until Tue Jan 19 07:59:59 CST 2038

adding as trusted cert:
  Subject: CN=emSign Root CA - C1, O=eMudhra Inc, OU=emSign PKI, C=US
  Issuer:  CN=emSign Root CA - C1, O=eMudhra Inc, OU=emSign PKI, C=US
  Algorithm: RSA; Serial number: 0xaecf00bac4cf32f843b2
  Valid from Mon Feb 19 02:30:00 CST 2018 until Thu Feb 19 02:30:00 CST 2043

adding as trusted cert:
  Subject: CN=VeriSign Universal Root Certification Authority, OU="(c) 2008 VeriSign, Inc. - For authorized use only", OU=VeriSign Trust Network, O="VeriSign, Inc.", C=US
  Issuer:  CN=VeriSign Universal Root Certification Authority, OU="(c) 2008 VeriSign, Inc. - For authorized use only", OU=VeriSign Trust Network, O="VeriSign, Inc.", C=US
  Algorithm: RSA; Serial number: 0x401ac46421b31321030ebbe4121ac51d
  Valid from Wed Apr 02 08:00:00 CST 2008 until Wed Dec 02 07:59:59 CST 2037

adding as trusted cert:
  Subject: CN=Cybertrust Global Root, O="Cybertrust, Inc"
  Issuer:  CN=Cybertrust Global Root, O="Cybertrust, Inc"
  Algorithm: RSA; Serial number: 0x400000000010f85aa2d48
  Valid from Fri Dec 15 16:00:00 CST 2006 until Wed Dec 15 16:00:00 CST 2021

adding as trusted cert:
  Subject: CN=GTS Root R4, O=Google Trust Services LLC, C=US
  Issuer:  CN=GTS Root R4, O=Google Trust Services LLC, C=US
  Algorithm: EC; Serial number: 0x6e47a9c88b94b6e8bb3b2ad8a2b2c199
  Valid from Wed Jun 22 08:00:00 CST 2016 until Sun Jun 22 08:00:00 CST 2036

adding as trusted cert:
  Subject: CN=Amazon Root CA 1, O=Amazon, C=US
  Issuer:  CN=Amazon Root CA 1, O=Amazon, C=US
  Algorithm: RSA; Serial number: 0x66c9fcf99bf8c0a39e2f0788a43e696365bca
  Valid from Tue May 26 08:00:00 CST 2015 until Sun Jan 17 08:00:00 CST 2038

adding as trusted cert:
  Subject: OU=Trustis FPS Root CA, O=Trustis Limited, C=GB
  Issuer:  OU=Trustis FPS Root CA, O=Trustis Limited, C=GB
  Algorithm: RSA; Serial number: 0x1b1fadb620f924d3366bf7c7f18ca059
  Valid from Tue Dec 23 20:14:06 CST 2003 until Sun Jan 21 19:36:54 CST 2024

adding as trusted cert:
  Subject: CN=GDCA TrustAUTH R5 ROOT, O="GUANG DONG CERTIFICATE AUTHORITY CO.,LTD.", C=CN
  Issuer:  CN=GDCA TrustAUTH R5 ROOT, O="GUANG DONG CERTIFICATE AUTHORITY CO.,LTD.", C=CN
  Algorithm: RSA; Serial number: 0x7d0997fef047ea7a
  Valid from Wed Nov 26 13:13:15 CST 2014 until Mon Dec 31 23:59:59 CST 2040

adding as trusted cert:
  Subject: CN=Amazon Root CA 2, O=Amazon, C=US
  Issuer:  CN=Amazon Root CA 2, O=Amazon, C=US
  Algorithm: RSA; Serial number: 0x66c9fd29635869f0a0fe58678f85b26bb8a37
  Valid from Tue May 26 08:00:00 CST 2015 until Sat May 26 08:00:00 CST 2040

adding as trusted cert:
  Subject: CN=UCA Extended Validation Root, O=UniTrust, C=CN
  Issuer:  CN=UCA Extended Validation Root, O=UniTrust, C=CN
  Algorithm: RSA; Serial number: 0x4fd22b8ff564c8339e4f345866237060
  Valid from Fri Mar 13 08:00:00 CST 2015 until Fri Dec 31 08:00:00 CST 2038

adding as trusted cert:
  Subject: CN=GlobalSign, O=GlobalSign, OU=GlobalSign ECC Root CA - R4
  Issuer:  CN=GlobalSign, O=GlobalSign, OU=GlobalSign ECC Root CA - R4
  Algorithm: EC; Serial number: 0x2a38a41c960a04de42b228a50be8349802
  Valid from Tue Nov 13 08:00:00 CST 2012 until Tue Jan 19 11:14:07 CST 2038

adding as trusted cert:
  Subject: CN=COMODO Certification Authority, O=COMODO CA Limited, L=Salford, ST=Greater Manchester, C=GB
  Issuer:  CN=COMODO Certification Authority, O=COMODO CA Limited, L=Salford, ST=Greater Manchester, C=GB
  Algorithm: RSA; Serial number: 0x4e812d8a8265e00b02ee3e350246e53d
  Valid from Fri Dec 01 08:00:00 CST 2006 until Tue Jan 01 07:59:59 CST 2030

adding as trusted cert:
  Subject: EMAILADDRESS=pki@sk.ee, CN=EE Certification Centre Root CA, O=AS Sertifitseerimiskeskus, C=EE
  Issuer:  EMAILADDRESS=pki@sk.ee, CN=EE Certification Centre Root CA, O=AS Sertifitseerimiskeskus, C=EE
  Algorithm: RSA; Serial number: 0x5480f9a073ed3f004cca89d8e371e64a
  Valid from Sat Oct 30 18:10:30 CST 2010 until Wed Dec 18 07:59:59 CST 2030

adding as trusted cert:
  Subject: CN=Global Chambersign Root - 2008, O=AC Camerfirma S.A., SERIALNUMBER=A82743287, L=Madrid (see current address at www.camerfirma.com/address), C=EU
  Issuer:  CN=Global Chambersign Root - 2008, O=AC Camerfirma S.A., SERIALNUMBER=A82743287, L=Madrid (see current address at www.camerfirma.com/address), C=EU
  Algorithm: RSA; Serial number: 0xc9cdd3e9d57d23ce
  Valid from Fri Aug 01 20:31:40 CST 2008 until Sat Jul 31 20:31:40 CST 2038

adding as trusted cert:
  Subject: CN=COMODO RSA Certification Authority, O=COMODO CA Limited, L=Salford, ST=Greater Manchester, C=GB
  Issuer:  CN=COMODO RSA Certification Authority, O=COMODO CA Limited, L=Salford, ST=Greater Manchester, C=GB
  Algorithm: RSA; Serial number: 0x4caaf9cadb636fe01ff74ed85b03869d
  Valid from Tue Jan 19 08:00:00 CST 2010 until Tue Jan 19 07:59:59 CST 2038

adding as trusted cert:
  Subject: CN=thawte Primary Root CA - G3, OU="(c) 2008 thawte, Inc. - For authorized use only", OU=Certification Services Division, O="thawte, Inc.", C=US
  Issuer:  CN=thawte Primary Root CA - G3, OU="(c) 2008 thawte, Inc. - For authorized use only", OU=Certification Services Division, O="thawte, Inc.", C=US
  Algorithm: RSA; Serial number: 0x600197b746a7eab4b49ad64b2ff790fb
  Valid from Wed Apr 02 08:00:00 CST 2008 until Wed Dec 02 07:59:59 CST 2037

adding as trusted cert:
  Subject: CN=UCA Global G2 Root, O=UniTrust, C=CN
  Issuer:  CN=UCA Global G2 Root, O=UniTrust, C=CN
  Algorithm: RSA; Serial number: 0x5ddfb1da5aa3ed5dbe5a6520650390ef
  Valid from Fri Mar 11 08:00:00 CST 2016 until Mon Dec 31 08:00:00 CST 2040

adding as trusted cert:
  Subject: CN=AffirmTrust Premium ECC, O=AffirmTrust, C=US
  Issuer:  CN=AffirmTrust Premium ECC, O=AffirmTrust, C=US
  Algorithm: EC; Serial number: 0x7497258ac73f7a54
  Valid from Fri Jan 29 22:20:24 CST 2010 until Mon Dec 31 22:20:24 CST 2040

adding as trusted cert:
  Subject: CN=T-TeleSec GlobalRoot Class 2, OU=T-Systems Trust Center, O=T-Systems Enterprise Services GmbH, C=DE
  Issuer:  CN=T-TeleSec GlobalRoot Class 2, OU=T-Systems Trust Center, O=T-Systems Enterprise Services GmbH, C=DE
  Algorithm: RSA; Serial number: 0x1
  Valid from Wed Oct 01 18:40:14 CST 2008 until Sun Oct 02 07:59:59 CST 2033

adding as trusted cert:
  Subject: CN=Staat der Nederlanden Root CA - G2, O=Staat der Nederlanden, C=NL
  Issuer:  CN=Staat der Nederlanden Root CA - G2, O=Staat der Nederlanden, C=NL
  Algorithm: RSA; Serial number: 0x98968c
  Valid from Wed Mar 26 19:18:17 CST 2008 until Wed Mar 25 19:03:10 CST 2020

adding as trusted cert:
  Subject: CN=DigiCert Global Root G2, OU=www.digicert.com, O=DigiCert Inc, C=US
  Issuer:  CN=DigiCert Global Root G2, OU=www.digicert.com, O=DigiCert Inc, C=US
  Algorithm: RSA; Serial number: 0x33af1e6a711a9a0bb2864b11d09fae5
  Valid from Thu Aug 01 20:00:00 CST 2013 until Fri Jan 15 20:00:00 CST 2038

adding as trusted cert:
  Subject: CN=SZAFIR ROOT CA2, O=Krajowa Izba Rozliczeniowa S.A., C=PL
  Issuer:  CN=SZAFIR ROOT CA2, O=Krajowa Izba Rozliczeniowa S.A., C=PL
  Algorithm: RSA; Serial number: 0x3e8a5d07ec55d232d5b7e3b65f01eb2ddce4d6e4
  Valid from Mon Oct 19 15:43:30 CST 2015 until Fri Oct 19 15:43:30 CST 2035

trigger seeding of SecureRandom
done seeding SecureRandom
%% Initialized:  [Session-87, SSL_NULL_WITH_NULL_NULL]
2020-06-22 14:06:38,675 [myid:127.0.0.1:30073] - INFO  [main-SendThread(127.0.0.1:30073):ClientCnxn$SendThread@1154] - Opening socket connection to server activate.navicat.com/127.0.0.1:30073.
2020-06-22 14:06:38,675 [myid:127.0.0.1:30073] - INFO  [main-SendThread(127.0.0.1:30073):ClientCnxn$SendThread@1156] - SASL config status: Will not attempt to authenticate using SASL (unknown error)
adding as trusted cert:
  Subject: CN=localhost, OU=ZooKeeper, O=Apache, L=Unknown, ST=Unknown, C=Unknown
  Issuer:  CN=localhost, OU=ZooKeeper, O=Apache, L=Unknown, ST=Unknown, C=Unknown
  Algorithm: RSA; Serial number: 0x7334b506
  Valid from Sat Jan 31 02:57:30 CST 2015 until Wed Feb 08 02:57:30 CST 3015

trigger seeding of SecureRandom
done seeding SecureRandom
Using SSLEngineImpl.
%% Initialized:  [Session-88, SSL_NULL_WITH_NULL_NULL]
2020-06-22 14:06:38,677 [myid:127.0.0.1:30073] - INFO  [nioEventLoopGroup-5-1:ClientCnxnSocketNetty$ZKClientPipelineFactory@454] - SSL handler added for channel: [id: 0x016f2653]
2020-06-22 14:06:40,058 [myid:] - INFO  [main:JMXEnv@142] - ensureOnly:[]
2020-06-22 14:06:40,070 [myid:] - ERROR [main:ZKTestCase$1@101] - FAILED testEnableDisableThrottling_secure_random
java.net.ProtocolException: Unable to connect to server
	at org.apache.zookeeper.test.ClientBase.createClient(ClientBase.java:204)
	at org.apache.zookeeper.test.ClientBase.createClient(ClientBase.java:196)
	at org.apache.zookeeper.test.ClientBase.createClient(ClientBase.java:185)
	at org.apache.zookeeper.test.ClientBase.createClient(ClientBase.java:180)
	at org.apache.zookeeper.server.NettyServerCnxnTest.runEnableDisableThrottling(NettyServerCnxnTest.java:233)
	at org.apache.zookeeper.server.NettyServerCnxnTest.testEnableDisableThrottling_secure_random(NettyServerCnxnTest.java:202)
	at org.apache.zookeeper.JUnit4ZKTestRunner$LoggedInvokeMethod.evaluate(JUnit4ZKTestRunner.java:86)
2020-06-22 14:06:40,071 [myid:] - INFO  [main:ZKTestCase$1@91] - FINISHED testEnableDisableThrottling_secure_random
]]></system-out>
    <system-err><![CDATA[ssl: Ignoring alias test: key algorithm does not match
ssl: KeyMgr: no matching key found
ssl: Certificate identity does not match Server Name Inidication (SNI): activate.navicat.com
ssl: KeyMgr: no good matching key found, returning best match out of:
ssl: [test (verified: INSENSITIVE)]
ssl: Ignoring alias test: key algorithm does not match
ssl: KeyMgr: no matching key found
ssl: Certificate identity does not match Server Name Inidication (SNI): activate.navicat.com
ssl: KeyMgr: no good matching key found, returning best match out of:
ssl: [test (verified: INSENSITIVE)]
ssl: Ignoring alias test: key algorithm does not match
ssl: KeyMgr: no matching key found
ssl: Certificate identity does not match Server Name Inidication (SNI): activate.navicat.com
ssl: KeyMgr: no good matching key found, returning best match out of:
ssl: [test (verified: INSENSITIVE)]
ssl: Ignoring alias test: key algorithm does not match
ssl: KeyMgr: no matching key found
ssl: Certificate identity does not match Server Name Inidication (SNI): activate.navicat.com
ssl: KeyMgr: no good matching key found, returning best match out of:
ssl: [test (verified: INSENSITIVE)]
ssl: Ignoring alias test: key algorithm does not match
ssl: KeyMgr: no matching key found
ssl: Certificate identity does not match Server Name Inidication (SNI): activate.navicat.com
ssl: KeyMgr: no good matching key found, returning best match out of:
ssl: [test (verified: INSENSITIVE)]
ssl: Ignoring alias test: key algorithm does not match
ssl: KeyMgr: no matching key found
ssl: Certificate identity does not match Server Name Inidication (SNI): activate.navicat.com
ssl: KeyMgr: no good matching key found, returning best match out of:
ssl: [test (verified: INSENSITIVE)]
ssl: Ignoring alias test: key algorithm does not match
ssl: KeyMgr: no matching key found
ssl: Certificate identity does not match Server Name Inidication (SNI): activate.navicat.com
ssl: KeyMgr: no good matching key found, returning best match out of:
ssl: [test (verified: INSENSITIVE)]
ssl: Ignoring alias test: key algorithm does not match
ssl: KeyMgr: no matching key found
ssl: Certificate identity does not match Server Name Inidication (SNI): activate.navicat.com
ssl: KeyMgr: no good matching key found, returning best match out of:
ssl: [test (verified: INSENSITIVE)]
ssl: Ignoring alias test: key algorithm does not match
ssl: KeyMgr: no matching key found
ssl: Certificate identity does not match Server Name Inidication (SNI): activate.navicat.com
ssl: KeyMgr: no good matching key found, returning best match out of:
ssl: [test (verified: INSENSITIVE)]
ssl: Ignoring alias test: key algorithm does not match
ssl: KeyMgr: no matching key found
ssl: Certificate identity does not match Server Name Inidication (SNI): activate.navicat.com
ssl: KeyMgr: no good matching key found, returning best match out of:
ssl: [test (verified: INSENSITIVE)]
ssl: Ignoring alias test: key algorithm does not match
ssl: KeyMgr: no matching key found
ssl: Certificate identity does not match Server Name Inidication (SNI): activate.navicat.com
ssl: KeyMgr: no good matching key found, returning best match out of:
ssl: [test (verified: INSENSITIVE)]
ssl: Ignoring alias test: key algorithm does not match
ssl: KeyMgr: no matching key found
ssl: Certificate identity does not match Server Name Inidication (SNI): activate.navicat.com
ssl: KeyMgr: no good matching key found, returning best match out of:
ssl: [test (verified: INSENSITIVE)]
ssl: Ignoring alias test: key algorithm does not match
ssl: KeyMgr: no matching key found
ssl: Certificate identity does not match Server Name Inidication (SNI): activate.navicat.com
ssl: KeyMgr: no good matching key found, returning best match out of:
ssl: [test (verified: INSENSITIVE)]
ssl: Ignoring alias test: key algorithm does not match
ssl: KeyMgr: no matching key found
ssl: Certificate identity does not match Server Name Inidication (SNI): activate.navicat.com
ssl: KeyMgr: no good matching key found, returning best match out of:
ssl: [test (verified: INSENSITIVE)]
ssl: Ignoring alias test: key algorithm does not match
ssl: KeyMgr: no matching key found
ssl: Certificate identity does not match Server Name Inidication (SNI): activate.navicat.com
ssl: KeyMgr: no good matching key found, returning best match out of:
ssl: [test (verified: INSENSITIVE)]
ssl: Ignoring alias test: key algorithm does not match
ssl: KeyMgr: no matching key found
ssl: Certificate identity does not match Server Name Inidication (SNI): activate.navicat.com
ssl: KeyMgr: no good matching key found, returning best match out of:
ssl: [test (verified: INSENSITIVE)]
ssl: Ignoring alias test: key algorithm does not match
ssl: KeyMgr: no matching key found
ssl: Certificate identity does not match Server Name Inidication (SNI): activate.navicat.com
ssl: KeyMgr: no good matching key found, returning best match out of:
ssl: [test (verified: INSENSITIVE)]
ssl: Ignoring alias test: key algorithm does not match
ssl: KeyMgr: no matching key found
ssl: Certificate identity does not match Server Name Inidication (SNI): activate.navicat.com
ssl: KeyMgr: no good matching key found, returning best match out of:
ssl: [test (verified: INSENSITIVE)]
ssl: Ignoring alias test: key algorithm does not match
ssl: KeyMgr: no matching key found
ssl: Certificate identity does not match Server Name Inidication (SNI): activate.navicat.com
ssl: KeyMgr: no good matching key found, returning best match out of:
ssl: [test (verified: INSENSITIVE)]
ssl: Ignoring alias test: key algorithm does not match
ssl: KeyMgr: no matching key found
ssl: Certificate identity does not match Server Name Inidication (SNI): activate.navicat.com
ssl: KeyMgr: no good matching key found, returning best match out of:
ssl: [test (verified: INSENSITIVE)]
ssl: Ignoring alias test: key algorithm does not match
ssl: KeyMgr: no matching key found
ssl: Certificate identity does not match Server Name Inidication (SNI): activate.navicat.com
ssl: KeyMgr: no good matching key found, returning best match out of:
ssl: [test (verified: INSENSITIVE)]
]]></system-err>
  </testcase>
  <testcase name="testEnableDisableThrottling_secure_sequentially" classname="org.apache.zookeeper.server.NettyServerCnxnTest" time="32.221">
    <error message="Unable to connect to server" type="java.net.ProtocolException">java.net.ProtocolException: Unable to connect to server
	at org.apache.zookeeper.server.NettyServerCnxnTest.runEnableDisableThrottling(NettyServerCnxnTest.java:233)
	at org.apache.zookeeper.server.NettyServerCnxnTest.testEnableDisableThrottling_secure_sequentially(NettyServerCnxnTest.java:207)
</error>
    <system-out><![CDATA[2020-06-22 14:06:40,075 [myid:] - INFO  [main:PortAssignment@87] - Assigned port 30074 from range 30072 - 32764.
2020-06-22 14:06:40,075 [myid:] - INFO  [main:ZKTestCase$1@86] - STARTING testEnableDisableThrottling_secure_sequentially
2020-06-22 14:06:40,077 [myid:] - INFO  [main:JMXEnv@58] - connecting to addr service:jmx:rmi://127.0.0.1/stub/rO0ABXNyAC5qYXZheC5tYW5hZ2VtZW50LnJlbW90ZS5ybWkuUk1JU2VydmVySW1wbF9TdHViAAAAAAAAAAICAAB4cgAaamF2YS5ybWkuc2VydmVyLlJlbW90ZVN0dWLp/tzJi+FlGgIAAHhyABxqYXZhLnJtaS5zZXJ2ZXIuUmVtb3RlT2JqZWN002G0kQxhMx4DAAB4cHc4AAtVbmljYXN0UmVmMgAADTEwLjEwLjEyMi4xNjAAANRaSwZy8QEIshsM8A+fAAABctqiRQ2ADAB4
2020-06-22 14:06:40,083 [myid:] - INFO  [main:ClientBase@514] - STARTING server
2020-06-22 14:06:40,083 [myid:] - INFO  [main:ClientBase@423] - CREATING server instance 127.0.0.1:30074
2020-06-22 14:06:40,084 [myid:] - INFO  [main:NettyServerCnxnFactory@483] - zookeeper.client.portUnification=false
2020-06-22 14:06:40,084 [myid:] - INFO  [main:NettyServerCnxnFactory@495] - zookeeper.netty.advancedFlowControl.enabled = false
2020-06-22 14:06:40,084 [myid:] - INFO  [main:NettyServerCnxnFactory@105] - handshakeThrottlingEnabled = false, zookeeper.netty.server.outstandingHandshake.limit = -1
2020-06-22 14:06:40,246 [myid:] - INFO  [main:ServerCnxnFactory@169] - Using org.apache.zookeeper.server.NettyServerCnxnFactory as server connection factory
2020-06-22 14:06:40,246 [myid:] - WARN  [main:ServerCnxnFactory@309] - maxCnxns is not configured, using default value 0.
2020-06-22 14:06:40,246 [myid:] - INFO  [main:ClientBase@395] - STARTING server instance 127.0.0.1:30074
2020-06-22 14:06:40,246 [myid:] - INFO  [main:FileTxnSnapLog@124] - zookeeper.snapshot.trust.empty : false
2020-06-22 14:06:40,247 [myid:] - INFO  [main:WatchManagerFactory@42] - Using org.apache.zookeeper.server.watch.WatchManager as watch manager
2020-06-22 14:06:40,247 [myid:] - INFO  [main:WatchManagerFactory@42] - Using org.apache.zookeeper.server.watch.WatchManager as watch manager
2020-06-22 14:06:40,247 [myid:] - INFO  [main:ZKDatabase@132] - zookeeper.snapshotSizeFactor = 0.33
2020-06-22 14:06:40,248 [myid:] - INFO  [main:ZKDatabase@152] - zookeeper.commitLogCount=500
2020-06-22 14:06:40,248 [myid:] - INFO  [main:ZooKeeperServer@1246] - minSessionTimeout set to 6000
2020-06-22 14:06:40,248 [myid:] - INFO  [main:ZooKeeperServer@1255] - maxSessionTimeout set to 60000
2020-06-22 14:06:40,248 [myid:] - INFO  [main:ResponseCache@45] - Response cache size is initialized with value 400.
2020-06-22 14:06:40,248 [myid:] - INFO  [main:ResponseCache@45] - Response cache size is initialized with value 400.
2020-06-22 14:06:40,248 [myid:] - INFO  [main:RequestPathMetricsCollector@111] - zookeeper.pathStats.slotCapacity = 60
2020-06-22 14:06:40,248 [myid:] - INFO  [main:RequestPathMetricsCollector@112] - zookeeper.pathStats.slotDuration = 15
2020-06-22 14:06:40,249 [myid:] - INFO  [main:RequestPathMetricsCollector@113] - zookeeper.pathStats.maxDepth = 6
2020-06-22 14:06:40,249 [myid:] - INFO  [main:RequestPathMetricsCollector@114] - zookeeper.pathStats.initialDelay = 5
2020-06-22 14:06:40,249 [myid:] - INFO  [main:RequestPathMetricsCollector@115] - zookeeper.pathStats.delay = 5
2020-06-22 14:06:40,249 [myid:] - INFO  [main:RequestPathMetricsCollector@116] - zookeeper.pathStats.enabled = false
2020-06-22 14:06:40,249 [myid:] - INFO  [main:ZooKeeperServer@1471] - The max bytes for all large requests are set to 104857600
2020-06-22 14:06:40,249 [myid:] - INFO  [main:ZooKeeperServer@1485] - The large request threshold is set to -1
2020-06-22 14:06:40,249 [myid:] - INFO  [main:ZooKeeperServer@329] - Created server with tickTime 3000 minSessionTimeout 6000 maxSessionTimeout 60000 clientPortListenBacklog -1 datadir D:\desktop\git_repo\zookeeper-read\zookeeper-server\target\surefire\test8668401483138409269.junit.dir\version-2 snapdir D:\desktop\git_repo\zookeeper-read\zookeeper-server\target\surefire\test8668401483138409269.junit.dir\version-2
2020-06-22 14:06:40,249 [myid:] - INFO  [main:NettyServerCnxnFactory@670] - binding to port 0.0.0.0/0.0.0.0:30074
2020-06-22 14:06:40,251 [myid:] - INFO  [main:NettyServerCnxnFactory@675] - bound to port 30074
2020-06-22 14:06:40,252 [myid:] - INFO  [main:FileTxnSnapLog@251] - Initialize file found, an empty database will not block voting participation
2020-06-22 14:06:40,252 [myid:] - INFO  [main:FileTxnSnapLog@470] - Snapshotting: 0x0 to D:\desktop\git_repo\zookeeper-read\zookeeper-server\target\surefire\test8668401483138409269.junit.dir\version-2\snapshot.0
2020-06-22 14:06:40,255 [myid:] - INFO  [main:ZKDatabase@289] - Snapshot loaded in 3 ms, highest zxid is 0x0, digest is 1371985504
2020-06-22 14:06:40,255 [myid:] - INFO  [main:FileTxnSnapLog@470] - Snapshotting: 0x0 to D:\desktop\git_repo\zookeeper-read\zookeeper-server\target\surefire\test8668401483138409269.junit.dir\version-2\snapshot.0
2020-06-22 14:06:40,256 [myid:] - INFO  [main:ZooKeeperServer@519] - Snapshot taken in 1 ms
2020-06-22 14:06:40,257 [myid:] - INFO  [main:FourLetterWordMain@93] - connecting to 127.0.0.1 30074
2020-06-22 14:06:40,259 [myid:] - INFO  [nioEventLoopGroup-8-1:NettyServerCnxn@285] - Processing stat command from /127.0.0.1:55516
2020-06-22 14:06:40,259 [myid:] - INFO  [nioEventLoopGroup-8-1:StatCommand@52] - Stat command output
2020-06-22 14:06:40,261 [myid:] - INFO  [main:JMXEnv@219] - ensureParent:[InMemoryDataTree, StandaloneServer_port]
2020-06-22 14:06:40,262 [myid:] - INFO  [main:JMXEnv@235] - expect:InMemoryDataTree
2020-06-22 14:06:40,262 [myid:] - INFO  [main:JMXEnv@239] - found:InMemoryDataTree org.apache.ZooKeeperService:name0=StandaloneServer_port30074,name1=InMemoryDataTree
2020-06-22 14:06:40,262 [myid:] - INFO  [main:JMXEnv@235] - expect:StandaloneServer_port
2020-06-22 14:06:40,263 [myid:] - INFO  [main:JMXEnv@239] - found:StandaloneServer_port org.apache.ZooKeeperService:name0=StandaloneServer_port30074
2020-06-22 14:06:40,263 [myid:] - INFO  [main:ClientBase@501] - Client test setup finished
2020-06-22 14:06:40,263 [myid:] - INFO  [main:JUnit4ZKTestRunner$LoggedInvokeMethod@84] - RUNNING TEST METHOD testEnableDisableThrottling_secure_sequentially
2020-06-22 14:06:40,263 [myid:] - INFO  [main:ZooKeeper@1005] - Initiating client connection, connectString=127.0.0.1:30074 sessionTimeout=30000 watcher=org.apache.zookeeper.test.ClientBase$CountdownWatcher@5656be13
2020-06-22 14:06:40,264 [myid:] - INFO  [main:ClientCnxnSocket@239] - jute.maxbuffer value is 1048575 Bytes
2020-06-22 14:06:40,265 [myid:] - INFO  [main:ClientCnxn@1703] - zookeeper.request.timeout value is 0. feature enabled=false
2020-06-22 14:06:40,266 [myid:127.0.0.1:30074] - INFO  [main-SendThread(127.0.0.1:30074):ClientCnxn$SendThread@1154] - Opening socket connection to server activate.navicat.com/127.0.0.1:30074.
2020-06-22 14:06:40,266 [myid:127.0.0.1:30074] - INFO  [main-SendThread(127.0.0.1:30074):ClientCnxn$SendThread@1156] - SASL config status: Will not attempt to authenticate using SASL (unknown error)
adding as trusted cert:
  Subject: CN=localhost, OU=ZooKeeper, O=Apache, L=Unknown, ST=Unknown, C=Unknown
  Issuer:  CN=localhost, OU=ZooKeeper, O=Apache, L=Unknown, ST=Unknown, C=Unknown
  Algorithm: RSA; Serial number: 0x7334b506
  Valid from Sat Jan 31 02:57:30 CST 2015 until Wed Feb 08 02:57:30 CST 3015

trigger seeding of SecureRandom
done seeding SecureRandom
Using SSLEngineImpl.
%% Initialized:  [Session-89, SSL_NULL_WITH_NULL_NULL]
2020-06-22 14:06:40,268 [myid:127.0.0.1:30074] - INFO  [nioEventLoopGroup-9-1:ClientCnxnSocketNetty$ZKClientPipelineFactory@454] - SSL handler added for channel: [id: 0xe86375e3]
2020-06-22 14:06:40,269 [myid:127.0.0.1:30074] - INFO  [nioEventLoopGroup-9-1:ClientCnxn$SendThread@986] - Socket connection established, initiating session, client: /127.0.0.1:55519, server: activate.navicat.com/127.0.0.1:30074
2020-06-22 14:06:40,269 [myid:127.0.0.1:30074] - INFO  [nioEventLoopGroup-9-1:ClientCnxnSocketNetty$1@184] - channel is connected: [id: 0xe86375e3, L:/127.0.0.1:55519 - R:activate.navicat.com/127.0.0.1:30074]
Allow unsafe renegotiation: false
Allow legacy hello messages: true
Is initial handshake: true
Is secure renegotiation: false
Ignoring unsupported cipher suite: TLS_ECDHE_ECDSA_WITH_AES_256_CBC_SHA384 for TLSv1
Ignoring unsupported cipher suite: TLS_ECDHE_RSA_WITH_AES_256_CBC_SHA384 for TLSv1
Ignoring unsupported cipher suite: TLS_RSA_WITH_AES_256_CBC_SHA256 for TLSv1
Ignoring unsupported cipher suite: TLS_ECDH_ECDSA_WITH_AES_256_CBC_SHA384 for TLSv1
Ignoring unsupported cipher suite: TLS_ECDH_RSA_WITH_AES_256_CBC_SHA384 for TLSv1
Ignoring unsupported cipher suite: TLS_DHE_RSA_WITH_AES_256_CBC_SHA256 for TLSv1
Ignoring unsupported cipher suite: TLS_DHE_DSS_WITH_AES_256_CBC_SHA256 for TLSv1
Ignoring unsupported cipher suite: TLS_ECDHE_ECDSA_WITH_AES_256_CBC_SHA384 for TLSv1.1
Ignoring unsupported cipher suite: TLS_ECDHE_RSA_WITH_AES_256_CBC_SHA384 for TLSv1.1
Ignoring unsupported cipher suite: TLS_RSA_WITH_AES_256_CBC_SHA256 for TLSv1.1
Ignoring unsupported cipher suite: TLS_ECDH_ECDSA_WITH_AES_256_CBC_SHA384 for TLSv1.1
Ignoring unsupported cipher suite: TLS_ECDH_RSA_WITH_AES_256_CBC_SHA384 for TLSv1.1
Ignoring unsupported cipher suite: TLS_DHE_RSA_WITH_AES_256_CBC_SHA256 for TLSv1.1
Ignoring unsupported cipher suite: TLS_DHE_DSS_WITH_AES_256_CBC_SHA256 for TLSv1.1
trigger seeding of SecureRandom
done seeding SecureRandom
%% No cached client session
update handshake state: client_hello[1]
upcoming handshake states: server_hello[2]
*** ClientHello, TLSv1.2
RandomCookie:  GMT: 1576028784 bytes = { 15, 53, 114, 110, 194, 170, 136, 208, 139, 182, 103, 190, 41, 229, 84, 186, 29, 69, 4, 216, adding as trusted cert:
238  Subject: CN=localhost, OU=ZooKeeper, O=Apache, L=Unknown, ST=Unknown, C=Unknown
, 244, 154, 217, 68, 201, 141, 113 }
  Issuer:  CN=localhost, OU=ZooKeeper, O=Apache, L=Unknown, ST=Unknown, C=Unknown
Session ID:  {}  Algorithm: RSA; Serial number: 0x7334b506

  Valid from Sat Jan 31 02:57:30 CST 2015 until Wed Feb 08 02:57:30 CST 3015

Cipher Suites: [TLS_ECDHE_ECDSA_WITH_AES_256_CBC_SHA384, TLS_ECDHE_RSA_WITH_AES_256_CBC_SHA384, TLS_RSA_WITH_AES_256_CBC_SHA256, TLS_ECDH_ECDSA_WITH_AES_256_CBC_SHA384, TLS_ECDH_RSA_WITH_AES_256_CBC_SHA384, TLS_DHE_RSA_WITH_AES_256_CBC_SHA256, TLS_DHE_DSS_WITH_AES_256_CBC_SHA256, TLS_ECDHE_ECDSA_WITH_AES_256_CBC_SHA, TLS_ECDHE_RSA_WITH_AES_256_CBC_SHA, TLS_RSA_WITH_AES_256_CBC_SHA, TLS_ECDH_ECDSA_WITH_AES_256_CBC_SHA, TLS_ECDH_RSA_WITH_AES_256_CBC_SHA, TLS_DHE_RSA_WITH_AES_256_CBC_SHA, TLS_DHE_DSS_WITH_AES_256_CBC_SHA, TLS_ECDHE_ECDSA_WITH_AES_128_CBC_SHA256, TLS_ECDHE_RSA_WITH_AES_128_CBC_SHA256, TLS_RSA_WITH_AES_128_CBC_SHA256, TLS_ECDH_ECDSA_WITH_AES_128_CBC_SHA256, TLS_ECDH_RSA_WITH_AES_128_CBC_SHA256, TLS_DHE_RSA_WITH_AES_128_CBC_SHA256, TLS_DHE_DSS_WITH_AES_128_CBC_SHA256, TLS_ECDHE_ECDSA_WITH_AES_128_CBC_SHA, TLS_ECDHE_RSA_WITH_AES_128_CBC_SHA, TLS_RSA_WITH_AES_128_CBC_SHA, TLS_ECDH_ECDSA_WITH_AES_128_CBC_SHA, TLS_ECDH_RSA_WITH_AES_128_CBC_SHA, TLS_DHE_RSA_WITH_AES_128_CBC_SHA, TLS_DHE_DSS_WITH_AES_128_CBC_SHA, TLS_ECDHE_ECDSA_WITH_AES_256_GCM_SHA384, TLS_ECDHE_ECDSA_WITH_AES_128_GCM_SHA256, TLS_ECDHE_RSA_WITH_AES_256_GCM_SHA384, TLS_RSA_WITH_AES_256_GCM_SHA384, TLS_ECDH_ECDSA_WITH_AES_256_GCM_SHA384, TLS_ECDH_RSA_WITH_AES_256_GCM_SHA384, TLS_DHE_RSA_WITH_AES_256_GCM_SHA384, TLS_DHE_DSS_WITH_AES_256_GCM_SHA384, TLS_ECDHE_RSA_WITH_AES_128_GCM_SHA256, TLS_RSA_WITH_AES_128_GCM_SHA256, TLS_ECDH_ECDSA_WITH_AES_128_GCM_SHA256, TLS_ECDH_RSA_WITH_AES_128_GCM_SHA256, TLS_DHE_RSA_WITH_AES_128_GCM_SHA256, TLS_DHE_DSS_WITH_AES_128_GCM_SHA256, TLS_EMPTY_RENEGOTIATION_INFO_SCSV]
Compression Methods:  { 0 }
Extension elliptic_curves, curve names: {secp256r1, secp384r1, secp521r1}
Extension ec_point_formats, formats: [uncompressed]
Extension signature_algorithms, signature_algorithms: SHA512withECDSA, SHA512withRSA, SHA384withECDSA, SHA384withRSA, SHA256withECDSA, SHA256withRSA, SHA256withDSA, SHA1withECDSA, SHA1withRSA, SHA1withDSA
Extension extended_master_secret
Extension server_name, server_name: [type=host_name (0), value=activate.navicat.com]
***
trigger seeding of SecureRandom
done seeding SecureRandom
nioEventLoopGroup-9-1, WRITE: TLSv1.2 Handshake, length = 208
Using SSLEngineImpl.
%% Initialized:  [Session-90, SSL_NULL_WITH_NULL_NULL]
Allow unsafe renegotiation: false
Allow legacy hello messages: true
Is initial handshake: true
Is secure renegotiation: false
nioEventLoopGroup-8-2, READ: TLSv1.2 Handshake, length = 208
check handshake state: client_hello[1]
update handshake state: client_hello[1]
upcoming handshake states: server_hello[2]
*** ClientHello, TLSv1.2
RandomCookie:  GMT: 1576028784 bytes = { 15, 53, 114, 110, 194, 170, 136, 208, 139, 182, 103, 190, 41, 229, 84, 186, 29, 69, 4, 216, 238, 244, 154, 217, 68, 201, 141, 113 }
Session ID:  {}
Cipher Suites: [TLS_ECDHE_ECDSA_WITH_AES_256_CBC_SHA384, TLS_ECDHE_RSA_WITH_AES_256_CBC_SHA384, TLS_RSA_WITH_AES_256_CBC_SHA256, TLS_ECDH_ECDSA_WITH_AES_256_CBC_SHA384, TLS_ECDH_RSA_WITH_AES_256_CBC_SHA384, TLS_DHE_RSA_WITH_AES_256_CBC_SHA256, TLS_DHE_DSS_WITH_AES_256_CBC_SHA256, TLS_ECDHE_ECDSA_WITH_AES_256_CBC_SHA, TLS_ECDHE_RSA_WITH_AES_256_CBC_SHA, TLS_RSA_WITH_AES_256_CBC_SHA, TLS_ECDH_ECDSA_WITH_AES_256_CBC_SHA, TLS_ECDH_RSA_WITH_AES_256_CBC_SHA, TLS_DHE_RSA_WITH_AES_256_CBC_SHA, TLS_DHE_DSS_WITH_AES_256_CBC_SHA, TLS_ECDHE_ECDSA_WITH_AES_128_CBC_SHA256, TLS_ECDHE_RSA_WITH_AES_128_CBC_SHA256, TLS_RSA_WITH_AES_128_CBC_SHA256, TLS_ECDH_ECDSA_WITH_AES_128_CBC_SHA256, TLS_ECDH_RSA_WITH_AES_128_CBC_SHA256, TLS_DHE_RSA_WITH_AES_128_CBC_SHA256, TLS_DHE_DSS_WITH_AES_128_CBC_SHA256, TLS_ECDHE_ECDSA_WITH_AES_128_CBC_SHA, TLS_ECDHE_RSA_WITH_AES_128_CBC_SHA, TLS_RSA_WITH_AES_128_CBC_SHA, TLS_ECDH_ECDSA_WITH_AES_128_CBC_SHA, TLS_ECDH_RSA_WITH_AES_128_CBC_SHA, TLS_DHE_RSA_WITH_AES_128_CBC_SHA, TLS_DHE_DSS_WITH_AES_128_CBC_SHA, TLS_ECDHE_ECDSA_WITH_AES_256_GCM_SHA384, TLS_ECDHE_ECDSA_WITH_AES_128_GCM_SHA256, TLS_ECDHE_RSA_WITH_AES_256_GCM_SHA384, TLS_RSA_WITH_AES_256_GCM_SHA384, TLS_ECDH_ECDSA_WITH_AES_256_GCM_SHA384, TLS_ECDH_RSA_WITH_AES_256_GCM_SHA384, TLS_DHE_RSA_WITH_AES_256_GCM_SHA384, TLS_DHE_DSS_WITH_AES_256_GCM_SHA384, TLS_ECDHE_RSA_WITH_AES_128_GCM_SHA256, TLS_RSA_WITH_AES_128_GCM_SHA256, TLS_ECDH_ECDSA_WITH_AES_128_GCM_SHA256, TLS_ECDH_RSA_WITH_AES_128_GCM_SHA256, TLS_DHE_RSA_WITH_AES_128_GCM_SHA256, TLS_DHE_DSS_WITH_AES_128_GCM_SHA256, TLS_EMPTY_RENEGOTIATION_INFO_SCSV]
Compression Methods:  { 0 }
Extension elliptic_curves, curve names: {secp256r1, secp384r1, secp521r1}
Extension ec_point_formats, formats: [uncompressed]
Extension signature_algorithms, signature_algorithms: SHA512withECDSA, SHA512withRSA, SHA384withECDSA, SHA384withRSA, SHA256withECDSA, SHA256withRSA, SHA256withDSA, SHA1withECDSA, SHA1withRSA, SHA1withDSA
Extension extended_master_secret
Extension server_name, server_name: [type=host_name (0), value=activate.navicat.com]
***
%% Initialized:  [Session-91, SSL_NULL_WITH_NULL_NULL]
Finalizer, called close()
Finalizer, called closeInternal(true)
Finalizer, called closeSocket(true)
Standard ciphersuite chosen: TLS_ECDHE_RSA_WITH_AES_256_CBC_SHA384
%% Negotiating:  [Session-91, TLS_ECDHE_RSA_WITH_AES_256_CBC_SHA384]
*** ServerHello, TLSv1.2
RandomCookie:  GMT: 1576028784 bytes = { 31, 23, 86, 254, 60, 221, 62, 66, 66, 158, 29, 63, 60, 224, 120, 195, 135, 225, 48, 221, 254, 138, 64, 87, 21, 184, 232, 207 }
Session ID:  {94, 240, 74, 112, 245, 128, 164, 171, 183, 88, 157, 18, 11, 10, 226, 166, 138, 141, 196, 209, 184, 235, 228, 14, 121, 132, 212, 80, 81, 149, 251, 231}
Cipher Suite: TLS_ECDHE_RSA_WITH_AES_256_CBC_SHA384
Compression Method: 0
Extension renegotiation_info, renegotiated_connection: <empty>
Extension extended_master_secret
***
Cipher suite:  TLS_ECDHE_RSA_WITH_AES_256_CBC_SHA384
update handshake state: server_hello[2]
upcoming handshake states: server certificate[11]
upcoming handshake states: server_key_exchange[12](optional)
upcoming handshake states: certificate_request[13](optional)
upcoming handshake states: server_hello_done[14]
upcoming handshake states: client certificate[11](optional)
upcoming handshake states: client_key_exchange[16]
upcoming handshake states: certificate_verify[15](optional)
upcoming handshake states: client change_cipher_spec[-1]
upcoming handshake states: client finished[20]
upcoming handshake states: server change_cipher_spec[-1]
upcoming handshake states: server finished[20]
*** Certificate chain
chain [0] = [
[
  Version: V3
  Subject: CN=localhost, OU=ZooKeeper, O=Apache, L=Unknown, ST=Unknown, C=Unknown
  Signature Algorithm: SHA256withRSA, OID = 1.2.840.113549.1.1.11

  Key:  Sun RSA public key, 2048 bits
  params: null
  modulus: 20466894428749997265095448870198652391311568515891366224735448896044144250313384062095901217219702596717622583159291680947094046474456586662132842412743846124470020097713679685492900855417800931365512472314155689881392853768001073664569106127795833231344696659209258027979401908711647617989508135190248980524852215540637603770017238536229773075995665111861820945008718990948857303373661769409475939971958531493423489844433566328219155461676589360491136984327342101195255797973694339642711115427623510874675394946293706606142706174397483349590050687482693164890194014220011640037490528845185364811025836034294701994387
  public exponent: 65537
  Validity: [From: Sat Jan 31 02:57:30 CST 2015,
               To: Wed Feb 08 02:57:30 CST 3015]
  Issuer: CN=localhost, OU=ZooKeeper, O=Apache, L=Unknown, ST=Unknown, C=Unknown
  SerialNumber: [    7334b506]

Certificate Extensions: 1
[1]: ObjectId: 2.5.29.14 Criticality=false
SubjectKeyIdentifier [
KeyIdentifier [
0000: 65 D7 B4 E0 27 45 7A 00   58 2F AD D5 0B 64 2D 77  e...'Ez.X/...d-w
0010: 88 F7 AA F5                                        ....
]
]

]
  Algorithm: [SHA256withRSA]
  Signature:
0000: 1B C8 6B 36 83 1D 28 37   5C 1F 7D F6 C6 84 A0 BF  ..k6..(7\.......
0010: CA C0 47 CF C5 34 70 7A   CF 6B EA 34 84 BE 08 7A  ..G..4pz.k.4...z
0020: 98 E6 3D ED 1D E2 6F 06   DB 23 AB 41 AD D5 DF 1D  ..=...o..#.A....
0030: 92 F4 9D 05 FD 7C EE BE   4A 87 B8 F1 FE F4 5B 79  ........J.....[y
0040: DC AD F7 44 3D 67 08 7A   3B 91 D7 5A 79 44 96 D7  ...D=g.z;..ZyD..
0050: BE 0E 41 C8 64 E3 87 C3   28 11 AB DC 36 F5 B0 AC  ..A.d...(...6...
0060: BD 2F 16 1D 6E A1 52 25   5A EC 6F AD 20 71 5A 1B  ./..n.R%Z.o. qZ.
0070: 66 D4 0D A6 49 B7 75 43   C4 84 0B 4B AC BD 16 76  f...I.uC...K...v
0080: 58 2B 07 85 E2 F1 44 15   1E 67 D1 3C 13 73 5A 2D  X+....D..g.<.sZ-
0090: D6 06 0B A1 D3 09 7E EF   88 F9 C3 0E A4 10 47 EA  ..............G.
00A0: 65 5D CD F0 39 EA 2F 59   1C 08 BC F9 CC 5B C9 BB  e]..9./Y.....[..
00B0: 2F 20 19 81 97 B5 21 BB   60 A4 39 08 6C 41 2A 51  / ....!.`.9.lA*Q
00C0: B1 C3 1A A3 8C F8 ED 67   D0 EE EC 52 01 2A E4 1E  .......g...R.*..
00D0: D2 B4 34 73 DC 7E 34 24   A9 4E 77 AD FD B3 77 0D  ..4s..4$.Nw...w.
00E0: C2 7A C0 65 F6 CC 11 9D   19 AA 59 13 C3 9D AD 5F  .z.e......Y...._
00F0: 61 E6 C2 18 F0 E5 A1 49   41 B5 EF 9E 91 0C 35 9C  a......IA.....5.

]
***
update handshake state: certificate[11]
upcoming handshake states: server_key_exchange[12](optional)
upcoming handshake states: certificate_request[13](optional)
upcoming handshake states: server_hello_done[14]
upcoming handshake states: client certificate[11](optional)
upcoming handshake states: client_key_exchange[16]
upcoming handshake states: certificate_verify[15](optional)
upcoming handshake states: client change_cipher_spec[-1]
upcoming handshake states: client finished[20]
upcoming handshake states: server change_cipher_spec[-1]
upcoming handshake states: server finished[20]
*** ECDH ServerKeyExchange
Signature Algorithm SHA512withRSA
Server key: Sun EC public key, 256 bits
  public x coord: 107610334814930714057305606504013440574742562559185977704710851257290264343480
  public y coord: 97287101784245244916774865803999942103287249827717583600040759994205931859364
  parameters: secp256r1 [NIST P-256, X9.62 prime256v1] (1.2.840.10045.3.1.7)
update handshake state: server_key_exchange[12]
upcoming handshake states: certificate_request[13](optional)
upcoming handshake states: server_hello_done[14]
upcoming handshake states: client certificate[11](optional)
upcoming handshake states: client_key_exchange[16]
upcoming handshake states: certificate_verify[15](optional)
upcoming handshake states: client change_cipher_spec[-1]
upcoming handshake states: client finished[20]
upcoming handshake states: server change_cipher_spec[-1]
upcoming handshake states: server finished[20]
*** CertificateRequest
Cert Types: RSA, DSS, ECDSA
Supported Signature Algorithms: SHA512withECDSA, SHA512withRSA, SHA384withECDSA, SHA384withRSA, SHA256withECDSA, SHA256withRSA, SHA256withDSA, SHA1withECDSA, SHA1withRSA, SHA1withDSA
Cert Authorities:
<CN=localhost, OU=ZooKeeper, O=Apache, L=Unknown, ST=Unknown, C=Unknown>
update handshake state: unknown[13]
upcoming handshake states: server_hello_done[14]
upcoming handshake states: client certificate[11](optional)
upcoming handshake states: client_key_exchange[16]
upcoming handshake states: certificate_verify[15](optional)
upcoming handshake states: client change_cipher_spec[-1]
upcoming handshake states: client finished[20]
upcoming handshake states: server change_cipher_spec[-1]
upcoming handshake states: server finished[20]
*** ServerHelloDone
update handshake state: server_hello_done[14]
upcoming handshake states: client certificate[11](optional)
upcoming handshake states: client_key_exchange[16]
upcoming handshake states: certificate_verify[15](optional)
upcoming handshake states: client change_cipher_spec[-1]
upcoming handshake states: client finished[20]
upcoming handshake states: server change_cipher_spec[-1]
upcoming handshake states: server finished[20]
nioEventLoopGroup-8-2, WRITE: TLSv1.2 Handshake, length = 1478
nioEventLoopGroup-9-1, READ: TLSv1.2 Handshake, length = 1478
check handshake state: server_hello[2]
*** ServerHello, TLSv1.2
RandomCookie:  GMT: 1576028784 bytes = { 31, 23, 86, 254, 60, 221, 62, 66, 66, 158, 29, 63, 60, 224, 120, 195, 135, 225, 48, 221, 254, 138, 64, 87, 21, 184, 232, 207 }
Session ID:  {94, 240, 74, 112, 245, 128, 164, 171, 183, 88, 157, 18, 11, 10, 226, 166, 138, 141, 196, 209, 184, 235, 228, 14, 121, 132, 212, 80, 81, 149, 251, 231}
Cipher Suite: TLS_ECDHE_RSA_WITH_AES_256_CBC_SHA384
Compression Method: 0
Extension renegotiation_info, renegotiated_connection: <empty>
Extension extended_master_secret
***
%% Initialized:  [Session-92, TLS_ECDHE_RSA_WITH_AES_256_CBC_SHA384]
** TLS_ECDHE_RSA_WITH_AES_256_CBC_SHA384
update handshake state: server_hello[2]
upcoming handshake states: server certificate[11]
upcoming handshake states: server_key_exchange[12](optional)
upcoming handshake states: certificate_request[13](optional)
upcoming handshake states: server_hello_done[14]
upcoming handshake states: client certificate[11](optional)
upcoming handshake states: client_key_exchange[16]
upcoming handshake states: certificate_verify[15](optional)
upcoming handshake states: client change_cipher_spec[-1]
upcoming handshake states: client finished[20]
upcoming handshake states: server change_cipher_spec[-1]
upcoming handshake states: server finished[20]
check handshake state: certificate[11]
update handshake state: certificate[11]
upcoming handshake states: server_key_exchange[12](optional)
upcoming handshake states: certificate_request[13](optional)
upcoming handshake states: server_hello_done[14]
upcoming handshake states: client certificate[11](optional)
upcoming handshake states: client_key_exchange[16]
upcoming handshake states: certificate_verify[15](optional)
upcoming handshake states: client change_cipher_spec[-1]
upcoming handshake states: client finished[20]
upcoming handshake states: server change_cipher_spec[-1]
upcoming handshake states: server finished[20]
*** Certificate chain
chain [0] = [
[
  Version: V3
  Subject: CN=localhost, OU=ZooKeeper, O=Apache, L=Unknown, ST=Unknown, C=Unknown
  Signature Algorithm: SHA256withRSA, OID = 1.2.840.113549.1.1.11

  Key:  Sun RSA public key, 2048 bits
  params: null
  modulus: 20466894428749997265095448870198652391311568515891366224735448896044144250313384062095901217219702596717622583159291680947094046474456586662132842412743846124470020097713679685492900855417800931365512472314155689881392853768001073664569106127795833231344696659209258027979401908711647617989508135190248980524852215540637603770017238536229773075995665111861820945008718990948857303373661769409475939971958531493423489844433566328219155461676589360491136984327342101195255797973694339642711115427623510874675394946293706606142706174397483349590050687482693164890194014220011640037490528845185364811025836034294701994387
  public exponent: 65537
  Validity: [From: Sat Jan 31 02:57:30 CST 2015,
               To: Wed Feb 08 02:57:30 CST 3015]
  Issuer: CN=localhost, OU=ZooKeeper, O=Apache, L=Unknown, ST=Unknown, C=Unknown
  SerialNumber: [    7334b506]

Certificate Extensions: 1
[1]: ObjectId: 2.5.29.14 Criticality=false
SubjectKeyIdentifier [
KeyIdentifier [
0000: 65 D7 B4 E0 27 45 7A 00   58 2F AD D5 0B 64 2D 77  e...'Ez.X/...d-w
0010: 88 F7 AA F5                                        ....
]
]

]
  Algorithm: [SHA256withRSA]
  Signature:
0000: 1B C8 6B 36 83 1D 28 37   5C 1F 7D F6 C6 84 A0 BF  ..k6..(7\.......
0010: CA C0 47 CF C5 34 70 7A   CF 6B EA 34 84 BE 08 7A  ..G..4pz.k.4...z
0020: 98 E6 3D ED 1D E2 6F 06   DB 23 AB 41 AD D5 DF 1D  ..=...o..#.A....
0030: 92 F4 9D 05 FD 7C EE BE   4A 87 B8 F1 FE F4 5B 79  ........J.....[y
0040: DC AD F7 44 3D 67 08 7A   3B 91 D7 5A 79 44 96 D7  ...D=g.z;..ZyD..
0050: BE 0E 41 C8 64 E3 87 C3   28 11 AB DC 36 F5 B0 AC  ..A.d...(...6...
0060: BD 2F 16 1D 6E A1 52 25   5A EC 6F AD 20 71 5A 1B  ./..n.R%Z.o. qZ.
0070: 66 D4 0D A6 49 B7 75 43   C4 84 0B 4B AC BD 16 76  f...I.uC...K...v
0080: 58 2B 07 85 E2 F1 44 15   1E 67 D1 3C 13 73 5A 2D  X+....D..g.<.sZ-
0090: D6 06 0B A1 D3 09 7E EF   88 F9 C3 0E A4 10 47 EA  ..............G.
00A0: 65 5D CD F0 39 EA 2F 59   1C 08 BC F9 CC 5B C9 BB  e]..9./Y.....[..
00B0: 2F 20 19 81 97 B5 21 BB   60 A4 39 08 6C 41 2A 51  / ....!.`.9.lA*Q
00C0: B1 C3 1A A3 8C F8 ED 67   D0 EE EC 52 01 2A E4 1E  .......g...R.*..
00D0: D2 B4 34 73 DC 7E 34 24   A9 4E 77 AD FD B3 77 0D  ..4s..4$.Nw...w.
00E0: C2 7A C0 65 F6 CC 11 9D   19 AA 59 13 C3 9D AD 5F  .z.e......Y...._
00F0: 61 E6 C2 18 F0 E5 A1 49   41 B5 EF 9E 91 0C 35 9C  a......IA.....5.

]
***
Found trusted certificate:
[
[
  Version: V3
  Subject: CN=localhost, OU=ZooKeeper, O=Apache, L=Unknown, ST=Unknown, C=Unknown
  Signature Algorithm: SHA256withRSA, OID = 1.2.840.113549.1.1.11

  Key:  Sun RSA public key, 2048 bits
  params: null
  modulus: 20466894428749997265095448870198652391311568515891366224735448896044144250313384062095901217219702596717622583159291680947094046474456586662132842412743846124470020097713679685492900855417800931365512472314155689881392853768001073664569106127795833231344696659209258027979401908711647617989508135190248980524852215540637603770017238536229773075995665111861820945008718990948857303373661769409475939971958531493423489844433566328219155461676589360491136984327342101195255797973694339642711115427623510874675394946293706606142706174397483349590050687482693164890194014220011640037490528845185364811025836034294701994387
  public exponent: 65537
  Validity: [From: Sat Jan 31 02:57:30 CST 2015,
               To: Wed Feb 08 02:57:30 CST 3015]
  Issuer: CN=localhost, OU=ZooKeeper, O=Apache, L=Unknown, ST=Unknown, C=Unknown
  SerialNumber: [    7334b506]

Certificate Extensions: 1
[1]: ObjectId: 2.5.29.14 Criticality=false
SubjectKeyIdentifier [
KeyIdentifier [
0000: 65 D7 B4 E0 27 45 7A 00   58 2F AD D5 0B 64 2D 77  e...'Ez.X/...d-w
0010: 88 F7 AA F5                                        ....
]
]

]
  Algorithm: [SHA256withRSA]
  Signature:
0000: 1B C8 6B 36 83 1D 28 37   5C 1F 7D F6 C6 84 A0 BF  ..k6..(7\.......
0010: CA C0 47 CF C5 34 70 7A   CF 6B EA 34 84 BE 08 7A  ..G..4pz.k.4...z
0020: 98 E6 3D ED 1D E2 6F 06   DB 23 AB 41 AD D5 DF 1D  ..=...o..#.A....
0030: 92 F4 9D 05 FD 7C EE BE   4A 87 B8 F1 FE F4 5B 79  ........J.....[y
0040: DC AD F7 44 3D 67 08 7A   3B 91 D7 5A 79 44 96 D7  ...D=g.z;..ZyD..
0050: BE 0E 41 C8 64 E3 87 C3   28 11 AB DC 36 F5 B0 AC  ..A.d...(...6...
0060: BD 2F 16 1D 6E A1 52 25   5A EC 6F AD 20 71 5A 1B  ./..n.R%Z.o. qZ.
0070: 66 D4 0D A6 49 B7 75 43   C4 84 0B 4B AC BD 16 76  f...I.uC...K...v
0080: 58 2B 07 85 E2 F1 44 15   1E 67 D1 3C 13 73 5A 2D  X+....D..g.<.sZ-
0090: D6 06 0B A1 D3 09 7E EF   88 F9 C3 0E A4 10 47 EA  ..............G.
00A0: 65 5D CD F0 39 EA 2F 59   1C 08 BC F9 CC 5B C9 BB  e]..9./Y.....[..
00B0: 2F 20 19 81 97 B5 21 BB   60 A4 39 08 6C 41 2A 51  / ....!.`.9.lA*Q
00C0: B1 C3 1A A3 8C F8 ED 67   D0 EE EC 52 01 2A E4 1E  .......g...R.*..
00D0: D2 B4 34 73 DC 7E 34 24   A9 4E 77 AD FD B3 77 0D  ..4s..4$.Nw...w.
00E0: C2 7A C0 65 F6 CC 11 9D   19 AA 59 13 C3 9D AD 5F  .z.e......Y...._
00F0: 61 E6 C2 18 F0 E5 A1 49   41 B5 EF 9E 91 0C 35 9C  a......IA.....5.

]
2020-06-22 14:06:40,295 [myid:127.0.0.1:30074] - ERROR [nioEventLoopGroup-9-1:ZKTrustManager@161] - Failed to verify host address: 127.0.0.1
javax.net.ssl.SSLPeerUnverifiedException: Certificate for <127.0.0.1> doesn't match common name of the certificate subject: localhost
	at org.apache.zookeeper.common.ZKHostnameVerifier.matchCN(ZKHostnameVerifier.java:238)
	at org.apache.zookeeper.common.ZKHostnameVerifier.verify(ZKHostnameVerifier.java:184)
	at org.apache.zookeeper.common.ZKTrustManager.performHostVerification(ZKTrustManager.java:151)
	at org.apache.zookeeper.common.ZKTrustManager.checkServerTrusted(ZKTrustManager.java:118)
	at sun.security.ssl.ClientHandshaker.serverCertificate(ClientHandshaker.java:1675)
	at sun.security.ssl.ClientHandshaker.processMessage(ClientHandshaker.java:226)
	at sun.security.ssl.Handshaker.processLoop(Handshaker.java:1082)
	at sun.security.ssl.Handshaker$1.run(Handshaker.java:1015)
	at sun.security.ssl.Handshaker$1.run(Handshaker.java:1012)
	at java.security.AccessController.doPrivileged(Native Method)
	at sun.security.ssl.Handshaker$DelegatedTask.run(Handshaker.java:1504)
	at io.netty.handler.ssl.SslHandler.runAllDelegatedTasks(SslHandler.java:1510)
	at io.netty.handler.ssl.SslHandler.runDelegatedTasks(SslHandler.java:1524)
	at io.netty.handler.ssl.SslHandler.unwrap(SslHandler.java:1408)
	at io.netty.handler.ssl.SslHandler.decodeJdkCompatible(SslHandler.java:1235)
	at io.netty.handler.ssl.SslHandler.decode(SslHandler.java:1282)
	at io.netty.handler.codec.ByteToMessageDecoder.decodeRemovalReentryProtection(ByteToMessageDecoder.java:498)
	at io.netty.handler.codec.ByteToMessageDecoder.callDecode(ByteToMessageDecoder.java:437)
	at io.netty.handler.codec.ByteToMessageDecoder.channelRead(ByteToMessageDecoder.java:276)
	at io.netty.channel.AbstractChannelHandlerContext.invokeChannelRead(AbstractChannelHandlerContext.java:379)
	at io.netty.channel.AbstractChannelHandlerContext.invokeChannelRead(AbstractChannelHandlerContext.java:365)
	at io.netty.channel.AbstractChannelHandlerContext.fireChannelRead(AbstractChannelHandlerContext.java:357)
	at io.netty.channel.DefaultChannelPipeline$HeadContext.channelRead(DefaultChannelPipeline.java:1410)
	at io.netty.channel.AbstractChannelHandlerContext.invokeChannelRead(AbstractChannelHandlerContext.java:379)
	at io.netty.channel.AbstractChannelHandlerContext.invokeChannelRead(AbstractChannelHandlerContext.java:365)
	at io.netty.channel.DefaultChannelPipeline.fireChannelRead(DefaultChannelPipeline.java:919)
	at io.netty.channel.nio.AbstractNioByteChannel$NioByteUnsafe.read(AbstractNioByteChannel.java:163)
	at io.netty.channel.nio.NioEventLoop.processSelectedKey(NioEventLoop.java:714)
	at io.netty.channel.nio.NioEventLoop.processSelectedKeysOptimized(NioEventLoop.java:650)
	at io.netty.channel.nio.NioEventLoop.processSelectedKeys(NioEventLoop.java:576)
	at io.netty.channel.nio.NioEventLoop.run(NioEventLoop.java:493)
	at io.netty.util.concurrent.SingleThreadEventExecutor$4.run(SingleThreadEventExecutor.java:989)
	at io.netty.util.internal.ThreadExecutorMap$2.run(ThreadExecutorMap.java:74)
	at io.netty.util.concurrent.FastThreadLocalRunnable.run(FastThreadLocalRunnable.java:30)
	at java.lang.Thread.run(Thread.java:748)
2020-06-22 14:06:40,296 [myid:127.0.0.1:30074] - ERROR [nioEventLoopGroup-9-1:ZKTrustManager@162] - Failed to verify hostname: activate.navicat.com
javax.net.ssl.SSLPeerUnverifiedException: Certificate for <activate.navicat.com> doesn't match common name of the certificate subject: localhost
	at org.apache.zookeeper.common.ZKHostnameVerifier.matchCN(ZKHostnameVerifier.java:238)
	at org.apache.zookeeper.common.ZKHostnameVerifier.verify(ZKHostnameVerifier.java:184)
	at org.apache.zookeeper.common.ZKTrustManager.performHostVerification(ZKTrustManager.java:159)
	at org.apache.zookeeper.common.ZKTrustManager.checkServerTrusted(ZKTrustManager.java:118)
	at sun.security.ssl.ClientHandshaker.serverCertificate(ClientHandshaker.java:1675)
	at sun.security.ssl.ClientHandshaker.processMessage(ClientHandshaker.java:226)
	at sun.security.ssl.Handshaker.processLoop(Handshaker.java:1082)
	at sun.security.ssl.Handshaker$1.run(Handshaker.java:1015)
	at sun.security.ssl.Handshaker$1.run(Handshaker.java:1012)
	at java.security.AccessController.doPrivileged(Native Method)
	at sun.security.ssl.Handshaker$DelegatedTask.run(Handshaker.java:1504)
	at io.netty.handler.ssl.SslHandler.runAllDelegatedTasks(SslHandler.java:1510)
	at io.netty.handler.ssl.SslHandler.runDelegatedTasks(SslHandler.java:1524)
	at io.netty.handler.ssl.SslHandler.unwrap(SslHandler.java:1408)
	at io.netty.handler.ssl.SslHandler.decodeJdkCompatible(SslHandler.java:1235)
	at io.netty.handler.ssl.SslHandler.decode(SslHandler.java:1282)
	at io.netty.handler.codec.ByteToMessageDecoder.decodeRemovalReentryProtection(ByteToMessageDecoder.java:498)
	at io.netty.handler.codec.ByteToMessageDecoder.callDecode(ByteToMessageDecoder.java:437)
	at io.netty.handler.codec.ByteToMessageDecoder.channelRead(ByteToMessageDecoder.java:276)
	at io.netty.channel.AbstractChannelHandlerContext.invokeChannelRead(AbstractChannelHandlerContext.java:379)
	at io.netty.channel.AbstractChannelHandlerContext.invokeChannelRead(AbstractChannelHandlerContext.java:365)
	at io.netty.channel.AbstractChannelHandlerContext.fireChannelRead(AbstractChannelHandlerContext.java:357)
	at io.netty.channel.DefaultChannelPipeline$HeadContext.channelRead(DefaultChannelPipeline.java:1410)
	at io.netty.channel.AbstractChannelHandlerContext.invokeChannelRead(AbstractChannelHandlerContext.java:379)
	at io.netty.channel.AbstractChannelHandlerContext.invokeChannelRead(AbstractChannelHandlerContext.java:365)
	at io.netty.channel.DefaultChannelPipeline.fireChannelRead(DefaultChannelPipeline.java:919)
	at io.netty.channel.nio.AbstractNioByteChannel$NioByteUnsafe.read(AbstractNioByteChannel.java:163)
	at io.netty.channel.nio.NioEventLoop.processSelectedKey(NioEventLoop.java:714)
	at io.netty.channel.nio.NioEventLoop.processSelectedKeysOptimized(NioEventLoop.java:650)
	at io.netty.channel.nio.NioEventLoop.processSelectedKeys(NioEventLoop.java:576)
	at io.netty.channel.nio.NioEventLoop.run(NioEventLoop.java:493)
	at io.netty.util.concurrent.SingleThreadEventExecutor$4.run(SingleThreadEventExecutor.java:989)
	at io.netty.util.internal.ThreadExecutorMap$2.run(ThreadExecutorMap.java:74)
	at io.netty.util.concurrent.FastThreadLocalRunnable.run(FastThreadLocalRunnable.java:30)
	at java.lang.Thread.run(Thread.java:748)
nioEventLoopGroup-9-1, fatal error: 46: General SSLEngine problem
java.security.cert.CertificateException: Failed to verify both host address and host name
%% Invalidated:  [Session-89, SSL_NULL_WITH_NULL_NULL]
%% Invalidated:  [Session-92, TLS_ECDHE_RSA_WITH_AES_256_CBC_SHA384]
nioEventLoopGroup-9-1, SEND TLSv1.2 ALERT:  fatal, description = certificate_unknown
nioEventLoopGroup-9-1, WRITE: TLSv1.2 Alert, length = 2
nioEventLoopGroup-9-1, fatal: engine already closed.  Rethrowing javax.net.ssl.SSLHandshakeException: General SSLEngine problem
nioEventLoopGroup-9-1, called closeOutbound()
nioEventLoopGroup-9-1, closeOutboundInternal()
nioEventLoopGroup-9-1, called closeInbound()
nioEventLoopGroup-9-1, fatal: engine already closed.  Rethrowing javax.net.ssl.SSLException: Inbound closed before receiving peer's close_notify: possible truncation attack?
nioEventLoopGroup-8-2, READ: TLSv1.2 Alert, length = 2
nioEventLoopGroup-8-2, RECV TLSv1.2 ALERT:  fatal, certificate_unknown
nioEventLoopGroup-8-2, fatal: engine already closed.  Rethrowing javax.net.ssl.SSLException: Received fatal alert: certificate_unknown
nioEventLoopGroup-8-2, fatal: engine already closed.  Rethrowing javax.net.ssl.SSLException: Received fatal alert: certificate_unknown
2020-06-22 14:06:40,297 [myid:] - ERROR [nioEventLoopGroup-8-2:NettyServerCnxnFactory$CertificateVerifier@434] - Unsuccessful handshake with session 0x0
nioEventLoopGroup-8-2, called closeOutbound()
nioEventLoopGroup-8-2, closeOutboundInternal()
nioEventLoopGroup-8-2, SEND TLSv1.2 ALERT:  warning, description = close_notify
nioEventLoopGroup-8-2, WRITE: TLSv1.2 Alert, length = 2
nioEventLoopGroup-8-2, called closeInbound()
nioEventLoopGroup-8-2, fatal: engine already closed.  Rethrowing javax.net.ssl.SSLException: Inbound closed before receiving peer's close_notify: possible truncation attack?
2020-06-22 14:06:40,297 [myid:127.0.0.1:30074] - ERROR [nioEventLoopGroup-9-1:ClientCnxnSocketNetty$ZKClientHandler@522] - Unexpected throwable
io.netty.handler.codec.DecoderException: javax.net.ssl.SSLHandshakeException: General SSLEngine problem
	at io.netty.handler.codec.ByteToMessageDecoder.callDecode(ByteToMessageDecoder.java:468)
	at io.netty.handler.codec.ByteToMessageDecoder.channelRead(ByteToMessageDecoder.java:276)
	at io.netty.channel.AbstractChannelHandlerContext.invokeChannelRead(AbstractChannelHandlerContext.java:379)
	at io.netty.channel.AbstractChannelHandlerContext.invokeChannelRead(AbstractChannelHandlerContext.java:365)
	at io.netty.channel.AbstractChannelHandlerContext.fireChannelRead(AbstractChannelHandlerContext.java:357)
	at io.netty.channel.DefaultChannelPipeline$HeadContext.channelRead(DefaultChannelPipeline.java:1410)
	at io.netty.channel.AbstractChannelHandlerContext.invokeChannelRead(AbstractChannelHandlerContext.java:379)
	at io.netty.channel.AbstractChannelHandlerContext.invokeChannelRead(AbstractChannelHandlerContext.java:365)
	at io.netty.channel.DefaultChannelPipeline.fireChannelRead(DefaultChannelPipeline.java:919)
	at io.netty.channel.nio.AbstractNioByteChannel$NioByteUnsafe.read(AbstractNioByteChannel.java:163)
	at io.netty.channel.nio.NioEventLoop.processSelectedKey(NioEventLoop.java:714)
	at io.netty.channel.nio.NioEventLoop.processSelectedKeysOptimized(NioEventLoop.java:650)
	at io.netty.channel.nio.NioEventLoop.processSelectedKeys(NioEventLoop.java:576)
	at io.netty.channel.nio.NioEventLoop.run(NioEventLoop.java:493)
	at io.netty.util.concurrent.SingleThreadEventExecutor$4.run(SingleThreadEventExecutor.java:989)
	at io.netty.util.internal.ThreadExecutorMap$2.run(ThreadExecutorMap.java:74)
	at io.netty.util.concurrent.FastThreadLocalRunnable.run(FastThreadLocalRunnable.java:30)
	at java.lang.Thread.run(Thread.java:748)
Caused by: javax.net.ssl.SSLHandshakeException: General SSLEngine problem
	at sun.security.ssl.Handshaker.checkThrown(Handshaker.java:1566)
	at sun.security.ssl.SSLEngineImpl.checkTaskThrown(SSLEngineImpl.java:545)
	at sun.security.ssl.SSLEngineImpl.readNetRecord(SSLEngineImpl.java:819)
	at sun.security.ssl.SSLEngineImpl.unwrap(SSLEngineImpl.java:783)
	at javax.net.ssl.SSLEngine.unwrap(SSLEngine.java:626)
	at io.netty.handler.ssl.SslHandler$SslEngineType$3.unwrap(SslHandler.java:281)
	at io.netty.handler.ssl.SslHandler.unwrap(SslHandler.java:1340)
	at io.netty.handler.ssl.SslHandler.decodeJdkCompatible(SslHandler.java:1235)
	at io.netty.handler.ssl.SslHandler.decode(SslHandler.java:1282)
	at io.netty.handler.codec.ByteToMessageDecoder.decodeRemovalReentryProtection(ByteToMessageDecoder.java:498)
	at io.netty.handler.codec.ByteToMessageDecoder.callDecode(ByteToMessageDecoder.java:437)
	... 17 more
Caused by: javax.net.ssl.SSLHandshakeException: General SSLEngine problem
	at sun.security.ssl.Alerts.getSSLException(Alerts.java:198)
	at sun.security.ssl.SSLEngineImpl.fatal(SSLEngineImpl.java:1729)
	at sun.security.ssl.Handshaker.fatalSE(Handshaker.java:333)
	at sun.security.ssl.Handshaker.fatalSE(Handshaker.java:325)
	at sun.security.ssl.ClientHandshaker.serverCertificate(ClientHandshaker.java:1688)
	at sun.security.ssl.ClientHandshaker.processMessage(ClientHandshaker.java:226)
	at sun.security.ssl.Handshaker.processLoop(Handshaker.java:1082)
	at sun.security.ssl.Handshaker$1.run(Handshaker.java:1015)
	at sun.security.ssl.Handshaker$1.run(Handshaker.java:1012)
	at java.security.AccessController.doPrivileged(Native Method)
	at sun.security.ssl.Handshaker$DelegatedTask.run(Handshaker.java:1504)
	at io.netty.handler.ssl.SslHandler.runAllDelegatedTasks(SslHandler.java:1510)
	at io.netty.handler.ssl.SslHandler.runDelegatedTasks(SslHandler.java:1524)
	at io.netty.handler.ssl.SslHandler.unwrap(SslHandler.java:1408)
	... 21 more
Caused by: java.security.cert.CertificateException: Failed to verify both host address and host name
	at org.apache.zookeeper.common.ZKTrustManager.performHostVerification(ZKTrustManager.java:163)
	at org.apache.zookeeper.common.ZKTrustManager.checkServerTrusted(ZKTrustManager.java:118)
	at sun.security.ssl.ClientHandshaker.serverCertificate(ClientHandshaker.java:1675)
	... 30 more
Caused by: javax.net.ssl.SSLPeerUnverifiedException: Certificate for <activate.navicat.com> doesn't match common name of the certificate subject: localhost
	at org.apache.zookeeper.common.ZKHostnameVerifier.matchCN(ZKHostnameVerifier.java:238)
	at org.apache.zookeeper.common.ZKHostnameVerifier.verify(ZKHostnameVerifier.java:184)
	at org.apache.zookeeper.common.ZKTrustManager.performHostVerification(ZKTrustManager.java:159)
	... 32 more
2020-06-22 14:06:40,298 [myid:127.0.0.1:30074] - INFO  [nioEventLoopGroup-9-1:ClientCnxnSocketNetty@249] - channel is told closing
nioEventLoopGroup-9-1, called closeOutbound()
nioEventLoopGroup-9-1, closeOutboundInternal()
2020-06-22 14:06:40,298 [myid:127.0.0.1:30074] - WARN  [main-SendThread(127.0.0.1:30074):ClientCnxn$SendThread@1272] - Session 0x0 for sever activate.navicat.com/127.0.0.1:30074, Closing socket connection. Attempting reconnect except it is a SessionExpiredException.
EndOfStreamException: channel for sessionid 0x0 is lost
	at org.apache.zookeeper.ClientCnxnSocketNetty.doTransport(ClientCnxnSocketNetty.java:285)
	at org.apache.zookeeper.ClientCnxn$SendThread.run(ClientCnxn.java:1262)
2020-06-22 14:06:40,298 [myid:] - WARN  [nioEventLoopGroup-8-2:NettyServerCnxnFactory$CnxnChannelHandler@273] - Exception caught
io.netty.handler.codec.DecoderException: javax.net.ssl.SSLException: Received fatal alert: certificate_unknown
	at io.netty.handler.codec.ByteToMessageDecoder.callDecode(ByteToMessageDecoder.java:468)
	at io.netty.handler.codec.ByteToMessageDecoder.channelRead(ByteToMessageDecoder.java:276)
	at io.netty.channel.AbstractChannelHandlerContext.invokeChannelRead(AbstractChannelHandlerContext.java:379)
	at io.netty.channel.AbstractChannelHandlerContext.invokeChannelRead(AbstractChannelHandlerContext.java:365)
	at io.netty.channel.AbstractChannelHandlerContext.fireChannelRead(AbstractChannelHandlerContext.java:357)
	at io.netty.channel.DefaultChannelPipeline$HeadContext.channelRead(DefaultChannelPipeline.java:1410)
	at io.netty.channel.AbstractChannelHandlerContext.invokeChannelRead(AbstractChannelHandlerContext.java:379)
	at io.netty.channel.AbstractChannelHandlerContext.invokeChannelRead(AbstractChannelHandlerContext.java:365)
	at io.netty.channel.DefaultChannelPipeline.fireChannelRead(DefaultChannelPipeline.java:919)
	at io.netty.channel.nio.AbstractNioByteChannel$NioByteUnsafe.read(AbstractNioByteChannel.java:163)
	at io.netty.channel.nio.NioEventLoop.processSelectedKey(NioEventLoop.java:714)
	at io.netty.channel.nio.NioEventLoop.processSelectedKeysOptimized(NioEventLoop.java:650)
	at io.netty.channel.nio.NioEventLoop.processSelectedKeys(NioEventLoop.java:576)
	at io.netty.channel.nio.NioEventLoop.run(NioEventLoop.java:493)
	at io.netty.util.concurrent.SingleThreadEventExecutor$4.run(SingleThreadEventExecutor.java:989)
	at io.netty.util.internal.ThreadExecutorMap$2.run(ThreadExecutorMap.java:74)
	at io.netty.util.concurrent.FastThreadLocalRunnable.run(FastThreadLocalRunnable.java:30)
	at java.lang.Thread.run(Thread.java:748)
Caused by: javax.net.ssl.SSLException: Received fatal alert: certificate_unknown
	at sun.security.ssl.Alerts.getSSLException(Alerts.java:214)
	at sun.security.ssl.SSLEngineImpl.fatal(SSLEngineImpl.java:1667)
	at sun.security.ssl.SSLEngineImpl.fatal(SSLEngineImpl.java:1635)
	at sun.security.ssl.SSLEngineImpl.recvAlert(SSLEngineImpl.java:1801)
	at sun.security.ssl.SSLEngineImpl.readRecord(SSLEngineImpl.java:1090)
	at sun.security.ssl.SSLEngineImpl.readNetRecord(SSLEngineImpl.java:913)
	at sun.security.ssl.SSLEngineImpl.unwrap(SSLEngineImpl.java:783)
	at javax.net.ssl.SSLEngine.unwrap(SSLEngine.java:626)
	at io.netty.handler.ssl.SslHandler$SslEngineType$3.unwrap(SslHandler.java:281)
	at io.netty.handler.ssl.SslHandler.unwrap(SslHandler.java:1340)
	at io.netty.handler.ssl.SslHandler.decodeJdkCompatible(SslHandler.java:1235)
	at io.netty.handler.ssl.SslHandler.decode(SslHandler.java:1282)
	at io.netty.handler.codec.ByteToMessageDecoder.decodeRemovalReentryProtection(ByteToMessageDecoder.java:498)
	at io.netty.handler.codec.ByteToMessageDecoder.callDecode(ByteToMessageDecoder.java:437)
	... 17 more
nioEventLoopGroup-8-2, called closeOutbound()
nioEventLoopGroup-8-2, closeOutboundInternal()
2020-06-22 14:06:40,299 [myid:127.0.0.1:30074] - INFO  [nioEventLoopGroup-9-1:ClientCnxnSocketNetty$ZKClientHandler@469] - channel is disconnected: [id: 0xe86375e3, L:/127.0.0.1:55519 ! R:activate.navicat.com/127.0.0.1:30074]
nioEventLoopGroup-8-2, READ: TLSv1.2 Alert, length = 2
nioEventLoopGroup-8-2, RECV TLSv1.2 ALERT:  fatal, certificate_unknown
nioEventLoopGroup-8-2, fatal: engine already closed.  Rethrowing javax.net.ssl.SSLException: Received fatal alert: certificate_unknown
nioEventLoopGroup-8-2, fatal: engine already closed.  Rethrowing javax.net.ssl.SSLException: Received fatal alert: certificate_unknown
nioEventLoopGroup-8-2, called closeOutbound()
nioEventLoopGroup-8-2, closeOutboundInternal()
nioEventLoopGroup-8-2, called closeInbound()
nioEventLoopGroup-8-2, closeInboundInternal()
nioEventLoopGroup-8-2, closeOutboundInternal()
2020-06-22 14:06:40,300 [myid:] - WARN  [nioEventLoopGroup-8-2:NettyServerCnxnFactory$CnxnChannelHandler@273] - Exception caught
io.netty.handler.codec.DecoderException: javax.net.ssl.SSLException: Received fatal alert: certificate_unknown
	at io.netty.handler.codec.ByteToMessageDecoder.callDecode(ByteToMessageDecoder.java:468)
	at io.netty.handler.codec.ByteToMessageDecoder.channelInputClosed(ByteToMessageDecoder.java:401)
	at io.netty.handler.codec.ByteToMessageDecoder.channelInputClosed(ByteToMessageDecoder.java:368)
	at io.netty.handler.codec.ByteToMessageDecoder.channelInactive(ByteToMessageDecoder.java:351)
	at io.netty.handler.ssl.SslHandler.channelInactive(SslHandler.java:1084)
	at io.netty.channel.AbstractChannelHandlerContext.invokeChannelInactive(AbstractChannelHandlerContext.java:262)
	at io.netty.channel.AbstractChannelHandlerContext.invokeChannelInactive(AbstractChannelHandlerContext.java:248)
	at io.netty.channel.AbstractChannelHandlerContext.fireChannelInactive(AbstractChannelHandlerContext.java:241)
	at io.netty.channel.DefaultChannelPipeline$HeadContext.channelInactive(DefaultChannelPipeline.java:1405)
	at io.netty.channel.AbstractChannelHandlerContext.invokeChannelInactive(AbstractChannelHandlerContext.java:262)
	at io.netty.channel.AbstractChannelHandlerContext.invokeChannelInactive(AbstractChannelHandlerContext.java:248)
	at io.netty.channel.DefaultChannelPipeline.fireChannelInactive(DefaultChannelPipeline.java:901)
	at io.netty.channel.AbstractChannel$AbstractUnsafe$8.run(AbstractChannel.java:818)
	at io.netty.util.concurrent.AbstractEventExecutor.safeExecute(AbstractEventExecutor.java:164)
	at io.netty.util.concurrent.SingleThreadEventExecutor.runAllTasks(SingleThreadEventExecutor.java:472)
	at io.netty.channel.nio.NioEventLoop.run(NioEventLoop.java:497)
	at io.netty.util.concurrent.SingleThreadEventExecutor$4.run(SingleThreadEventExecutor.java:989)
	at io.netty.util.internal.ThreadExecutorMap$2.run(ThreadExecutorMap.java:74)
	at io.netty.util.concurrent.FastThreadLocalRunnable.run(FastThreadLocalRunnable.java:30)
	at java.lang.Thread.run(Thread.java:748)
Caused by: javax.net.ssl.SSLException: Received fatal alert: certificate_unknown
	at sun.security.ssl.Alerts.getSSLException(Alerts.java:214)
	at sun.security.ssl.SSLEngineImpl.fatal(SSLEngineImpl.java:1667)
	at sun.security.ssl.SSLEngineImpl.fatal(SSLEngineImpl.java:1635)
	at sun.security.ssl.SSLEngineImpl.recvAlert(SSLEngineImpl.java:1801)
	at sun.security.ssl.SSLEngineImpl.readRecord(SSLEngineImpl.java:1090)
	at sun.security.ssl.SSLEngineImpl.readNetRecord(SSLEngineImpl.java:913)
	at sun.security.ssl.SSLEngineImpl.unwrap(SSLEngineImpl.java:783)
	at javax.net.ssl.SSLEngine.unwrap(SSLEngine.java:626)
	at io.netty.handler.ssl.SslHandler$SslEngineType$3.unwrap(SslHandler.java:281)
	at io.netty.handler.ssl.SslHandler.unwrap(SslHandler.java:1340)
	at io.netty.handler.ssl.SslHandler.decodeJdkCompatible(SslHandler.java:1235)
	at io.netty.handler.ssl.SslHandler.decode(SslHandler.java:1282)
	at io.netty.handler.codec.ByteToMessageDecoder.decodeRemovalReentryProtection(ByteToMessageDecoder.java:498)
	at io.netty.handler.codec.ByteToMessageDecoder.callDecode(ByteToMessageDecoder.java:437)
	... 19 more
2020-06-22 14:06:40,590 [myid:] - INFO  [SessionTracker:SessionTrackerImpl@170] - SessionTrackerImpl exited loop!
2020-06-22 14:06:40,682 [myid:127.0.0.1:30073] - WARN  [nioEventLoopGroup-5-1:ClientCnxnSocketNetty$1@150] - future isn't success.
io.netty.channel.AbstractChannel$AnnotatedConnectException: Connection refused: no further information: activate.navicat.com/127.0.0.1:30073
Caused by: java.net.ConnectException: Connection refused: no further information
	at sun.nio.ch.SocketChannelImpl.checkConnect(Native Method)
	at sun.nio.ch.SocketChannelImpl.finishConnect(SocketChannelImpl.java:714)
	at io.netty.channel.socket.nio.NioSocketChannel.doFinishConnect(NioSocketChannel.java:330)
	at io.netty.channel.nio.AbstractNioChannel$AbstractNioUnsafe.finishConnect(AbstractNioChannel.java:334)
	at io.netty.channel.nio.NioEventLoop.processSelectedKey(NioEventLoop.java:702)
	at io.netty.channel.nio.NioEventLoop.processSelectedKeysOptimized(NioEventLoop.java:650)
	at io.netty.channel.nio.NioEventLoop.processSelectedKeys(NioEventLoop.java:576)
	at io.netty.channel.nio.NioEventLoop.run(NioEventLoop.java:493)
	at io.netty.util.concurrent.SingleThreadEventExecutor$4.run(SingleThreadEventExecutor.java:989)
	at io.netty.util.internal.ThreadExecutorMap$2.run(ThreadExecutorMap.java:74)
	at io.netty.util.concurrent.FastThreadLocalRunnable.run(FastThreadLocalRunnable.java:30)
	at java.lang.Thread.run(Thread.java:748)
nioEventLoopGroup-5-1, called closeOutbound()
nioEventLoopGroup-5-1, closeOutboundInternal()
2020-06-22 14:06:40,683 [myid:127.0.0.1:30073] - WARN  [main-SendThread(127.0.0.1:30073):ClientCnxn$SendThread@1272] - Session 0x0 for sever activate.navicat.com/127.0.0.1:30073, Closing socket connection. Attempting reconnect except it is a SessionExpiredException.
EndOfStreamException: channel for sessionid 0x0 is lost
	at org.apache.zookeeper.ClientCnxnSocketNetty.doTransport(ClientCnxnSocketNetty.java:285)
	at org.apache.zookeeper.ClientCnxn$SendThread.run(ClientCnxn.java:1262)
2020-06-22 14:06:41,735 [myid:127.0.0.1:30074] - INFO  [main-SendThread(127.0.0.1:30074):ClientCnxn$SendThread@1154] - Opening socket connection to server activate.navicat.com/127.0.0.1:30074.
2020-06-22 14:06:41,736 [myid:127.0.0.1:30074] - INFO  [main-SendThread(127.0.0.1:30074):ClientCnxn$SendThread@1156] - SASL config status: Will not attempt to authenticate using SASL (unknown error)
adding as trusted cert:
  Subject: CN=localhost, OU=ZooKeeper, O=Apache, L=Unknown, ST=Unknown, C=Unknown
  Issuer:  CN=localhost, OU=ZooKeeper, O=Apache, L=Unknown, ST=Unknown, C=Unknown
  Algorithm: RSA; Serial number: 0x7334b506
  Valid from Sat Jan 31 02:57:30 CST 2015 until Wed Feb 08 02:57:30 CST 3015

trigger seeding of SecureRandom
done seeding SecureRandom
Using SSLEngineImpl.
%% Initialized:  [Session-93, SSL_NULL_WITH_NULL_NULL]
2020-06-22 14:06:41,737 [myid:127.0.0.1:30074] - INFO  [nioEventLoopGroup-9-1:ClientCnxnSocketNetty$ZKClientPipelineFactory@454] - SSL handler added for channel: [id: 0x3bf66f9a]
2020-06-22 14:06:41,738 [myid:127.0.0.1:30074] - INFO  [nioEventLoopGroup-9-1:ClientCnxn$SendThread@986] - Socket connection established, initiating session, client: /127.0.0.1:55576, server: activate.navicat.com/127.0.0.1:30074
2020-06-22 14:06:41,738 [myid:127.0.0.1:30074] - INFO  [nioEventLoopGroup-9-1:ClientCnxnSocketNetty$1@184] - channel is connected: [id: 0x3bf66f9a, L:/127.0.0.1:55576 - R:activate.navicat.com/127.0.0.1:30074]
Allow unsafe renegotiation: false
Allow legacy hello messages: true
Is initial handshake: true
Is secure renegotiation: false
Ignoring unsupported cipher suite: TLS_ECDHE_ECDSA_WITH_AES_256_CBC_SHA384 for TLSv1
Ignoring unsupported cipher suite: TLS_ECDHE_RSA_WITH_AES_256_CBC_SHA384 for TLSv1
Ignoring unsupported cipher suite: TLS_RSA_WITH_AES_256_CBC_SHA256 for TLSv1
Ignoring unsupported cipher suite: TLS_ECDH_ECDSA_WITH_AES_256_CBC_SHA384 for TLSv1
Ignoring unsupported cipher suite: TLS_ECDH_RSA_WITH_AES_256_CBC_SHA384 for TLSv1
Ignoring unsupported cipher suite: TLS_DHE_RSA_WITH_AES_256_CBC_SHA256 for TLSv1
Ignoring unsupported cipher suite: TLS_DHE_DSS_WITH_AES_256_CBC_SHA256 for TLSv1
Ignoring unsupported cipher suite: TLS_ECDHE_ECDSA_WITH_AES_256_CBC_SHA384 for TLSv1.1
Ignoring unsupported cipher suite: TLS_ECDHE_RSA_WITH_AES_256_CBC_SHA384 for TLSv1.1
Ignoring unsupported cipher suite: TLS_RSA_WITH_AES_256_CBC_SHA256 for TLSv1.1
Ignoring unsupported cipher suite: TLS_ECDH_ECDSA_WITH_AES_256_CBC_SHA384 for TLSv1.1
Ignoring unsupported cipher suite: TLS_ECDH_RSA_WITH_AES_256_CBC_SHA384 for TLSv1.1
Ignoring unsupported cipher suite: TLS_DHE_RSA_WITH_AES_256_CBC_SHA256 for TLSv1.1
Ignoring unsupported cipher suite: TLS_DHE_DSS_WITH_AES_256_CBC_SHA256 for TLSv1.1
%% No cached client session
update handshake state: client_hello[1]
upcoming handshake states: server_hello[2]
*** ClientHello, TLSv1.2
RandomCookie:  GMT: 1576028785 bytes = { 114, 230, 135, 116, 120, 30, 38, 1, 108, 30, 86, 128, 114, 159, 212, 59, 16, 57, 143, 162, 209, 93, 82, 19, 49, 178, 157, 0 }
Session ID:  {}
Cipher Suites: [TLS_ECDHE_ECDSA_WITH_AES_256_CBC_SHA384, TLS_ECDHE_RSA_WITH_AES_256_CBC_SHA384, TLS_RSA_WITH_AES_256_CBC_SHA256, TLS_ECDH_ECDSA_WITH_AES_256_CBC_SHA384, TLS_ECDH_RSA_WITH_AES_256_CBC_SHA384, TLS_DHE_RSA_WITH_AES_256_CBC_SHA256, TLS_DHE_DSS_WITH_AES_256_CBC_SHA256, TLS_ECDHE_ECDSA_WITH_AES_256_CBC_SHA, TLS_ECDHE_RSA_WITH_AES_256_CBC_SHA, TLS_RSA_WITH_AES_256_CBC_SHA, TLS_ECDH_ECDSA_WITH_AES_256_CBC_SHA, TLS_ECDH_RSA_WITH_AES_256_CBC_SHA, TLS_DHE_RSA_WITH_AES_256_CBC_SHA, TLS_DHE_DSS_WITH_AES_256_CBC_SHA, TLS_ECDHE_ECDSA_WITH_AES_128_CBC_SHA256, TLS_ECDHE_RSA_WITH_AES_128_CBC_SHA256, TLS_RSA_WITH_AES_128_CBC_SHA256, TLS_ECDH_ECDSA_WITH_AES_128_CBC_SHA256, TLS_ECDH_RSA_WITH_AES_128_CBC_SHA256, TLS_DHE_RSA_WITH_AES_128_CBC_SHA256, TLS_DHE_DSS_WITH_AES_128_CBC_SHA256, TLS_ECDHE_ECDSA_WITH_AES_128_CBC_SHA, TLS_ECDHE_RSA_WITH_AES_128_CBC_SHA, TLS_RSA_WITH_AES_128_CBC_SHA, TLS_ECDH_ECDSA_WITH_AES_128_CBC_SHA, TLS_ECDH_RSA_WITH_AES_128_CBC_SHA, TLS_DHE_RSA_WITH_AES_128_CBC_SHA, TLS_DHE_DSS_WITH_AES_128_CBC_SHA, TLS_ECDHE_ECDSA_WITH_AES_256_GCM_SHA384, TLS_ECDHE_ECDSA_WITH_AES_128_GCM_SHA256, TLS_ECDHE_RSA_WITH_AES_256_GCM_SHA384, TLS_RSA_WITH_AES_256_GCM_SHA384, TLS_ECDH_ECDSA_WITH_AES_256_GCM_SHA384, TLS_ECDH_RSA_WITH_AES_256_GCM_SHA384, TLS_DHE_RSA_WITH_AES_256_GCM_SHA384, TLS_DHE_DSS_WITH_AES_256_GCM_SHA384, TLS_ECDHE_RSA_WITH_AES_128_GCM_SHA256, TLS_RSA_WITH_AES_128_GCM_SHA256, TLS_ECDH_ECDSA_WITH_AES_128_GCM_SHA256, TLS_ECDH_RSA_WITH_AES_128_GCM_SHA256, TLS_DHE_RSA_WITH_AES_128_GCM_SHA256, TLS_DHE_DSS_WITH_AES_128_GCM_SHA256, TLS_EMPTY_RENEGOTIATION_INFO_SCSV]
Compression Methods:  { 0 }
Extension elliptic_curves, curve names: {secp256r1, secp384r1, secp521r1}
Extension ec_point_formats, formats: [uncompressed]
Extension signature_algorithms, signature_algorithms: SHA512withECDSA, SHA512withRSA, SHA384withECDSA, SHA384withRSA, SHA256withECDSA, SHA256withRSA, SHA256withDSA, SHA1withECDSA, SHA1withRSA, SHA1withDSA
Extension extended_master_secret
Extension server_name, server_name: [type=host_name (0), value=activate.navicat.com]
***
nioEventLoopGroup-9-1, WRITE: TLSv1.2 Handshake, length = 208
trigger seeding of SecureRandom
done seeding SecureRandom
Using SSLEngineImpl.
%% Initialized:  [Session-94, SSL_NULL_WITH_NULL_NULL]
Allow unsafe renegotiation: false
Allow legacy hello messages: true
Is initial handshake: true
Is secure renegotiation: false
nioEventLoopGroup-8-3, READ: TLSv1.2 Handshake, length = 208
check handshake state: client_hello[1]
update handshake state: client_hello[1]
upcoming handshake states: server_hello[2]
*** ClientHello, TLSv1.2
RandomCookie:  GMT: 1576028785 bytes = { 114, 230, 135, 116, 120, 30, 38, 1, 108, 30, 86, 128, 114, 159, 212, 59, 16, 57, 143, 162, 209, 93, 82, 19, 49, 178, 157, 0 }
Session ID:  {}
Cipher Suites: [TLS_ECDHE_ECDSA_WITH_AES_256_CBC_SHA384, TLS_ECDHE_RSA_WITH_AES_256_CBC_SHA384, TLS_RSA_WITH_AES_256_CBC_SHA256, TLS_ECDH_ECDSA_WITH_AES_256_CBC_SHA384, TLS_ECDH_RSA_WITH_AES_256_CBC_SHA384, TLS_DHE_RSA_WITH_AES_256_CBC_SHA256, TLS_DHE_DSS_WITH_AES_256_CBC_SHA256, TLS_ECDHE_ECDSA_WITH_AES_256_CBC_SHA, TLS_ECDHE_RSA_WITH_AES_256_CBC_SHA, TLS_RSA_WITH_AES_256_CBC_SHA, TLS_ECDH_ECDSA_WITH_AES_256_CBC_SHA, TLS_ECDH_RSA_WITH_AES_256_CBC_SHA, TLS_DHE_RSA_WITH_AES_256_CBC_SHA, TLS_DHE_DSS_WITH_AES_256_CBC_SHA, TLS_ECDHE_ECDSA_WITH_AES_128_CBC_SHA256, TLS_ECDHE_RSA_WITH_AES_128_CBC_SHA256, TLS_RSA_WITH_AES_128_CBC_SHA256, TLS_ECDH_ECDSA_WITH_AES_128_CBC_SHA256, TLS_ECDH_RSA_WITH_AES_128_CBC_SHA256, TLS_DHE_RSA_WITH_AES_128_CBC_SHA256, TLS_DHE_DSS_WITH_AES_128_CBC_SHA256, TLS_ECDHE_ECDSA_WITH_AES_128_CBC_SHA, TLS_ECDHE_RSA_WITH_AES_128_CBC_SHA, TLS_RSA_WITH_AES_128_CBC_SHA, TLS_ECDH_ECDSA_WITH_AES_128_CBC_SHA, TLS_ECDH_RSA_WITH_AES_128_CBC_SHA, TLS_DHE_RSA_WITH_AES_128_CBC_SHA, TLS_DHE_DSS_WITH_AES_128_CBC_SHA, TLS_ECDHE_ECDSA_WITH_AES_256_GCM_SHA384, TLS_ECDHE_ECDSA_WITH_AES_128_GCM_SHA256, TLS_ECDHE_RSA_WITH_AES_256_GCM_SHA384, TLS_RSA_WITH_AES_256_GCM_SHA384, TLS_ECDH_ECDSA_WITH_AES_256_GCM_SHA384, TLS_ECDH_RSA_WITH_AES_256_GCM_SHA384, TLS_DHE_RSA_WITH_AES_256_GCM_SHA384, TLS_DHE_DSS_WITH_AES_256_GCM_SHA384, TLS_ECDHE_RSA_WITH_AES_128_GCM_SHA256, TLS_RSA_WITH_AES_128_GCM_SHA256, TLS_ECDH_ECDSA_WITH_AES_128_GCM_SHA256, TLS_ECDH_RSA_WITH_AES_128_GCM_SHA256, TLS_DHE_RSA_WITH_AES_128_GCM_SHA256, TLS_DHE_DSS_WITH_AES_128_GCM_SHA256, TLS_EMPTY_RENEGOTIATION_INFO_SCSV]
Compression Methods:  { 0 }
Extension elliptic_curves, curve names: {secp256r1, secp384r1, secp521r1}
Extension ec_point_formats, formats: [uncompressed]
Extension signature_algorithms, signature_algorithms: SHA512withECDSA, SHA512withRSA, SHA384withECDSA, SHA384withRSA, SHA256withECDSA, SHA256withRSA, SHA256withDSA, SHA1withECDSA, SHA1withRSA, SHA1withDSA
Extension extended_master_secret
Extension server_name, server_name: [type=host_name (0), value=activate.navicat.com]
***
%% Initialized:  [Session-95, SSL_NULL_WITH_NULL_NULL]
Standard ciphersuite chosen: TLS_ECDHE_RSA_WITH_AES_256_CBC_SHA384
%% Negotiating:  [Session-95, TLS_ECDHE_RSA_WITH_AES_256_CBC_SHA384]
*** ServerHello, TLSv1.2
RandomCookie:  GMT: 1576028785 bytes = { 220, 205, 224, 159, 70, 203, 147, 100, 40, 63, 173, 57, 115, 168, 197, 130, 151, 188, 102, 34, 246, 248, 102, 76, 237, 46, 62, 196 }
Session ID:  {94, 240, 74, 113, 199, 86, 47, 157, 78, 234, 96, 131, 255, 43, 197, 115, 206, 127, 124, 88, 252, 232, 145, 28, 114, 45, 47, 173, 148, 93, 34, 216}
Cipher Suite: TLS_ECDHE_RSA_WITH_AES_256_CBC_SHA384
Compression Method: 0
Extension renegotiation_info, renegotiated_connection: <empty>
Extension extended_master_secret
***
Cipher suite:  TLS_ECDHE_RSA_WITH_AES_256_CBC_SHA384
update handshake state: server_hello[2]
upcoming handshake states: server certificate[11]
upcoming handshake states: server_key_exchange[12](optional)
upcoming handshake states: certificate_request[13](optional)
upcoming handshake states: server_hello_done[14]
upcoming handshake states: client certificate[11](optional)
upcoming handshake states: client_key_exchange[16]
upcoming handshake states: certificate_verify[15](optional)
upcoming handshake states: client change_cipher_spec[-1]
upcoming handshake states: client finished[20]
upcoming handshake states: server change_cipher_spec[-1]
upcoming handshake states: server finished[20]
*** Certificate chain
chain [0] = [
[
  Version: V3
  Subject: CN=localhost, OU=ZooKeeper, O=Apache, L=Unknown, ST=Unknown, C=Unknown
  Signature Algorithm: SHA256withRSA, OID = 1.2.840.113549.1.1.11

  Key:  Sun RSA public key, 2048 bits
  params: null
  modulus: 20466894428749997265095448870198652391311568515891366224735448896044144250313384062095901217219702596717622583159291680947094046474456586662132842412743846124470020097713679685492900855417800931365512472314155689881392853768001073664569106127795833231344696659209258027979401908711647617989508135190248980524852215540637603770017238536229773075995665111861820945008718990948857303373661769409475939971958531493423489844433566328219155461676589360491136984327342101195255797973694339642711115427623510874675394946293706606142706174397483349590050687482693164890194014220011640037490528845185364811025836034294701994387
  public exponent: 65537
  Validity: [From: Sat Jan 31 02:57:30 CST 2015,
               To: Wed Feb 08 02:57:30 CST 3015]
  Issuer: CN=localhost, OU=ZooKeeper, O=Apache, L=Unknown, ST=Unknown, C=Unknown
  SerialNumber: [    7334b506]

Certificate Extensions: 1
[1]: ObjectId: 2.5.29.14 Criticality=false
SubjectKeyIdentifier [
KeyIdentifier [
0000: 65 D7 B4 E0 27 45 7A 00   58 2F AD D5 0B 64 2D 77  e...'Ez.X/...d-w
0010: 88 F7 AA F5                                        ....
]
]

]
  Algorithm: [SHA256withRSA]
  Signature:
0000: 1B C8 6B 36 83 1D 28 37   5C 1F 7D F6 C6 84 A0 BF  ..k6..(7\.......
0010: CA C0 47 CF C5 34 70 7A   CF 6B EA 34 84 BE 08 7A  ..G..4pz.k.4...z
0020: 98 E6 3D ED 1D E2 6F 06   DB 23 AB 41 AD D5 DF 1D  ..=...o..#.A....
0030: 92 F4 9D 05 FD 7C EE BE   4A 87 B8 F1 FE F4 5B 79  ........J.....[y
0040: DC AD F7 44 3D 67 08 7A   3B 91 D7 5A 79 44 96 D7  ...D=g.z;..ZyD..
0050: BE 0E 41 C8 64 E3 87 C3   28 11 AB DC 36 F5 B0 AC  ..A.d...(...6...
0060: BD 2F 16 1D 6E A1 52 25   5A EC 6F AD 20 71 5A 1B  ./..n.R%Z.o. qZ.
0070: 66 D4 0D A6 49 B7 75 43   C4 84 0B 4B AC BD 16 76  f...I.uC...K...v
0080: 58 2B 07 85 E2 F1 44 15   1E 67 D1 3C 13 73 5A 2D  X+....D..g.<.sZ-
0090: D6 06 0B A1 D3 09 7E EF   88 F9 C3 0E A4 10 47 EA  ..............G.
00A0: 65 5D CD F0 39 EA 2F 59   1C 08 BC F9 CC 5B C9 BB  e]..9./Y.....[..
00B0: 2F 20 19 81 97 B5 21 BB   60 A4 39 08 6C 41 2A 51  / ....!.`.9.lA*Q
00C0: B1 C3 1A A3 8C F8 ED 67   D0 EE EC 52 01 2A E4 1E  .......g...R.*..
00D0: D2 B4 34 73 DC 7E 34 24   A9 4E 77 AD FD B3 77 0D  ..4s..4$.Nw...w.
00E0: C2 7A C0 65 F6 CC 11 9D   19 AA 59 13 C3 9D AD 5F  .z.e......Y...._
00F0: 61 E6 C2 18 F0 E5 A1 49   41 B5 EF 9E 91 0C 35 9C  a......IA.....5.

]
***
update handshake state: certificate[11]
upcoming handshake states: server_key_exchange[12](optional)
upcoming handshake states: certificate_request[13](optional)
upcoming handshake states: server_hello_done[14]
upcoming handshake states: client certificate[11](optional)
upcoming handshake states: client_key_exchange[16]
upcoming handshake states: certificate_verify[15](optional)
upcoming handshake states: client change_cipher_spec[-1]
upcoming handshake states: client finished[20]
upcoming handshake states: server change_cipher_spec[-1]
upcoming handshake states: server finished[20]
*** ECDH ServerKeyExchange
Signature Algorithm SHA512withRSA
Server key: Sun EC public key, 256 bits
  public x coord: 12857525969509669378630764807089039886782307690441074905540041611156929944097
  public y coord: 82356026009418260388575551646168821119357369431206317396476859133035764361014
  parameters: secp256r1 [NIST P-256, X9.62 prime256v1] (1.2.840.10045.3.1.7)
update handshake state: server_key_exchange[12]
upcoming handshake states: certificate_request[13](optional)
upcoming handshake states: server_hello_done[14]
upcoming handshake states: client certificate[11](optional)
upcoming handshake states: client_key_exchange[16]
upcoming handshake states: certificate_verify[15](optional)
upcoming handshake states: client change_cipher_spec[-1]
upcoming handshake states: client finished[20]
upcoming handshake states: server change_cipher_spec[-1]
upcoming handshake states: server finished[20]
*** CertificateRequest
Cert Types: RSA, DSS, ECDSA
Supported Signature Algorithms: SHA512withECDSA, SHA512withRSA, SHA384withECDSA, SHA384withRSA, SHA256withECDSA, SHA256withRSA, SHA256withDSA, SHA1withECDSA, SHA1withRSA, SHA1withDSA
Cert Authorities:
<CN=localhost, OU=ZooKeeper, O=Apache, L=Unknown, ST=Unknown, C=Unknown>
update handshake state: unknown[13]
upcoming handshake states: server_hello_done[14]
upcoming handshake states: client certificate[11](optional)
upcoming handshake states: client_key_exchange[16]
upcoming handshake states: certificate_verify[15](optional)
upcoming handshake states: client change_cipher_spec[-1]
upcoming handshake states: client finished[20]
upcoming handshake states: server change_cipher_spec[-1]
upcoming handshake states: server finished[20]
*** ServerHelloDone
update handshake state: server_hello_done[14]
upcoming handshake states: client certificate[11](optional)
upcoming handshake states: client_key_exchange[16]
upcoming handshake states: certificate_verify[15](optional)
upcoming handshake states: client change_cipher_spec[-1]
upcoming handshake states: client finished[20]
upcoming handshake states: server change_cipher_spec[-1]
upcoming handshake states: server finished[20]
nioEventLoopGroup-8-3, WRITE: TLSv1.2 Handshake, length = 1478
nioEventLoopGroup-9-1, READ: TLSv1.2 Handshake, length = 1478
check handshake state: server_hello[2]
*** ServerHello, TLSv1.2
RandomCookie:  GMT: 1576028785 bytes = { 220, 205, 224, 159, 70, 203, 147, 100, 40, 63, 173, 57, 115, 168, 197, 130, 151, 188, 102, 34, 246, 248, 102, 76, 237, 46, 62, 196 }
Session ID:  {94, 240, 74, 113, 199, 86, 47, 157, 78, 234, 96, 131, 255, 43, 197, 115, 206, 127, 124, 88, 252, 232, 145, 28, 114, 45, 47, 173, 148, 93, 34, 216}
Cipher Suite: TLS_ECDHE_RSA_WITH_AES_256_CBC_SHA384
Compression Method: 0
Extension renegotiation_info, renegotiated_connection: <empty>
Extension extended_master_secret
***
%% Initialized:  [Session-96, TLS_ECDHE_RSA_WITH_AES_256_CBC_SHA384]
** TLS_ECDHE_RSA_WITH_AES_256_CBC_SHA384
update handshake state: server_hello[2]
upcoming handshake states: server certificate[11]
upcoming handshake states: server_key_exchange[12](optional)
upcoming handshake states: certificate_request[13](optional)
upcoming handshake states: server_hello_done[14]
upcoming handshake states: client certificate[11](optional)
upcoming handshake states: client_key_exchange[16]
upcoming handshake states: certificate_verify[15](optional)
upcoming handshake states: client change_cipher_spec[-1]
upcoming handshake states: client finished[20]
upcoming handshake states: server change_cipher_spec[-1]
upcoming handshake states: server finished[20]
check handshake state: certificate[11]
update handshake state: certificate[11]
upcoming handshake states: server_key_exchange[12](optional)
upcoming handshake states: certificate_request[13](optional)
upcoming handshake states: server_hello_done[14]
upcoming handshake states: client certificate[11](optional)
upcoming handshake states: client_key_exchange[16]
upcoming handshake states: certificate_verify[15](optional)
upcoming handshake states: client change_cipher_spec[-1]
upcoming handshake states: client finished[20]
upcoming handshake states: server change_cipher_spec[-1]
upcoming handshake states: server finished[20]
*** Certificate chain
chain [0] = [
[
  Version: V3
  Subject: CN=localhost, OU=ZooKeeper, O=Apache, L=Unknown, ST=Unknown, C=Unknown
  Signature Algorithm: SHA256withRSA, OID = 1.2.840.113549.1.1.11

  Key:  Sun RSA public key, 2048 bits
  params: null
  modulus: 20466894428749997265095448870198652391311568515891366224735448896044144250313384062095901217219702596717622583159291680947094046474456586662132842412743846124470020097713679685492900855417800931365512472314155689881392853768001073664569106127795833231344696659209258027979401908711647617989508135190248980524852215540637603770017238536229773075995665111861820945008718990948857303373661769409475939971958531493423489844433566328219155461676589360491136984327342101195255797973694339642711115427623510874675394946293706606142706174397483349590050687482693164890194014220011640037490528845185364811025836034294701994387
  public exponent: 65537
  Validity: [From: Sat Jan 31 02:57:30 CST 2015,
               To: Wed Feb 08 02:57:30 CST 3015]
  Issuer: CN=localhost, OU=ZooKeeper, O=Apache, L=Unknown, ST=Unknown, C=Unknown
  SerialNumber: [    7334b506]

Certificate Extensions: 1
[1]: ObjectId: 2.5.29.14 Criticality=false
SubjectKeyIdentifier [
KeyIdentifier [
0000: 65 D7 B4 E0 27 45 7A 00   58 2F AD D5 0B 64 2D 77  e...'Ez.X/...d-w
0010: 88 F7 AA F5                                        ....
]
]

]
  Algorithm: [SHA256withRSA]
  Signature:
0000: 1B C8 6B 36 83 1D 28 37   5C 1F 7D F6 C6 84 A0 BF  ..k6..(7\.......
0010: CA C0 47 CF C5 34 70 7A   CF 6B EA 34 84 BE 08 7A  ..G..4pz.k.4...z
0020: 98 E6 3D ED 1D E2 6F 06   DB 23 AB 41 AD D5 DF 1D  ..=...o..#.A....
0030: 92 F4 9D 05 FD 7C EE BE   4A 87 B8 F1 FE F4 5B 79  ........J.....[y
0040: DC AD F7 44 3D 67 08 7A   3B 91 D7 5A 79 44 96 D7  ...D=g.z;..ZyD..
0050: BE 0E 41 C8 64 E3 87 C3   28 11 AB DC 36 F5 B0 AC  ..A.d...(...6...
0060: BD 2F 16 1D 6E A1 52 25   5A EC 6F AD 20 71 5A 1B  ./..n.R%Z.o. qZ.
0070: 66 D4 0D A6 49 B7 75 43   C4 84 0B 4B AC BD 16 76  f...I.uC...K...v
0080: 58 2B 07 85 E2 F1 44 15   1E 67 D1 3C 13 73 5A 2D  X+....D..g.<.sZ-
0090: D6 06 0B A1 D3 09 7E EF   88 F9 C3 0E A4 10 47 EA  ..............G.
00A0: 65 5D CD F0 39 EA 2F 59   1C 08 BC F9 CC 5B C9 BB  e]..9./Y.....[..
00B0: 2F 20 19 81 97 B5 21 BB   60 A4 39 08 6C 41 2A 51  / ....!.`.9.lA*Q
00C0: B1 C3 1A A3 8C F8 ED 67   D0 EE EC 52 01 2A E4 1E  .......g...R.*..
00D0: D2 B4 34 73 DC 7E 34 24   A9 4E 77 AD FD B3 77 0D  ..4s..4$.Nw...w.
00E0: C2 7A C0 65 F6 CC 11 9D   19 AA 59 13 C3 9D AD 5F  .z.e......Y...._
00F0: 61 E6 C2 18 F0 E5 A1 49   41 B5 EF 9E 91 0C 35 9C  a......IA.....5.

]
***
Found trusted certificate:
[
[
  Version: V3
  Subject: CN=localhost, OU=ZooKeeper, O=Apache, L=Unknown, ST=Unknown, C=Unknown
  Signature Algorithm: SHA256withRSA, OID = 1.2.840.113549.1.1.11

  Key:  Sun RSA public key, 2048 bits
  params: null
  modulus: 20466894428749997265095448870198652391311568515891366224735448896044144250313384062095901217219702596717622583159291680947094046474456586662132842412743846124470020097713679685492900855417800931365512472314155689881392853768001073664569106127795833231344696659209258027979401908711647617989508135190248980524852215540637603770017238536229773075995665111861820945008718990948857303373661769409475939971958531493423489844433566328219155461676589360491136984327342101195255797973694339642711115427623510874675394946293706606142706174397483349590050687482693164890194014220011640037490528845185364811025836034294701994387
  public exponent: 65537
  Validity: [From: Sat Jan 31 02:57:30 CST 2015,
               To: Wed Feb 08 02:57:30 CST 3015]
  Issuer: CN=localhost, OU=ZooKeeper, O=Apache, L=Unknown, ST=Unknown, C=Unknown
  SerialNumber: [    7334b506]

Certificate Extensions: 1
[1]: ObjectId: 2.5.29.14 Criticality=false
SubjectKeyIdentifier [
KeyIdentifier [
0000: 65 D7 B4 E0 27 45 7A 00   58 2F AD D5 0B 64 2D 77  e...'Ez.X/...d-w
0010: 88 F7 AA F5                                        ....
]
]

]
  Algorithm: [SHA256withRSA]
  Signature:
0000: 1B C8 6B 36 83 1D 28 37   5C 1F 7D F6 C6 84 A0 BF  ..k6..(7\.......
0010: CA C0 47 CF C5 34 70 7A   CF 6B EA 34 84 BE 08 7A  ..G..4pz.k.4...z
0020: 98 E6 3D ED 1D E2 6F 06   DB 23 AB 41 AD D5 DF 1D  ..=...o..#.A....
0030: 92 F4 9D 05 FD 7C EE BE   4A 87 B8 F1 FE F4 5B 79  ........J.....[y
0040: DC AD F7 44 3D 67 08 7A   3B 91 D7 5A 79 44 96 D7  ...D=g.z;..ZyD..
0050: BE 0E 41 C8 64 E3 87 C3   28 11 AB DC 36 F5 B0 AC  ..A.d...(...6...
0060: BD 2F 16 1D 6E A1 52 25   5A EC 6F AD 20 71 5A 1B  ./..n.R%Z.o. qZ.
0070: 66 D4 0D A6 49 B7 75 43   C4 84 0B 4B AC BD 16 76  f...I.uC...K...v
0080: 58 2B 07 85 E2 F1 44 15   1E 67 D1 3C 13 73 5A 2D  X+....D..g.<.sZ-
0090: D6 06 0B A1 D3 09 7E EF   88 F9 C3 0E A4 10 47 EA  ..............G.
00A0: 65 5D CD F0 39 EA 2F 59   1C 08 BC F9 CC 5B C9 BB  e]..9./Y.....[..
00B0: 2F 20 19 81 97 B5 21 BB   60 A4 39 08 6C 41 2A 51  / ....!.`.9.lA*Q
00C0: B1 C3 1A A3 8C F8 ED 67   D0 EE EC 52 01 2A E4 1E  .......g...R.*..
00D0: D2 B4 34 73 DC 7E 34 24   A9 4E 77 AD FD B3 77 0D  ..4s..4$.Nw...w.
00E0: C2 7A C0 65 F6 CC 11 9D   19 AA 59 13 C3 9D AD 5F  .z.e......Y...._
00F0: 61 E6 C2 18 F0 E5 A1 49   41 B5 EF 9E 91 0C 35 9C  a......IA.....5.

]
2020-06-22 14:06:41,756 [myid:127.0.0.1:30074] - ERROR [nioEventLoopGroup-9-1:ZKTrustManager@161] - Failed to verify host address: 127.0.0.1
javax.net.ssl.SSLPeerUnverifiedException: Certificate for <127.0.0.1> doesn't match common name of the certificate subject: localhost
	at org.apache.zookeeper.common.ZKHostnameVerifier.matchCN(ZKHostnameVerifier.java:238)
	at org.apache.zookeeper.common.ZKHostnameVerifier.verify(ZKHostnameVerifier.java:184)
	at org.apache.zookeeper.common.ZKTrustManager.performHostVerification(ZKTrustManager.java:151)
	at org.apache.zookeeper.common.ZKTrustManager.checkServerTrusted(ZKTrustManager.java:118)
	at sun.security.ssl.ClientHandshaker.serverCertificate(ClientHandshaker.java:1675)
	at sun.security.ssl.ClientHandshaker.processMessage(ClientHandshaker.java:226)
	at sun.security.ssl.Handshaker.processLoop(Handshaker.java:1082)
	at sun.security.ssl.Handshaker$1.run(Handshaker.java:1015)
	at sun.security.ssl.Handshaker$1.run(Handshaker.java:1012)
	at java.security.AccessController.doPrivileged(Native Method)
	at sun.security.ssl.Handshaker$DelegatedTask.run(Handshaker.java:1504)
	at io.netty.handler.ssl.SslHandler.runAllDelegatedTasks(SslHandler.java:1510)
	at io.netty.handler.ssl.SslHandler.runDelegatedTasks(SslHandler.java:1524)
	at io.netty.handler.ssl.SslHandler.unwrap(SslHandler.java:1408)
	at io.netty.handler.ssl.SslHandler.decodeJdkCompatible(SslHandler.java:1235)
	at io.netty.handler.ssl.SslHandler.decode(SslHandler.java:1282)
	at io.netty.handler.codec.ByteToMessageDecoder.decodeRemovalReentryProtection(ByteToMessageDecoder.java:498)
	at io.netty.handler.codec.ByteToMessageDecoder.callDecode(ByteToMessageDecoder.java:437)
	at io.netty.handler.codec.ByteToMessageDecoder.channelRead(ByteToMessageDecoder.java:276)
	at io.netty.channel.AbstractChannelHandlerContext.invokeChannelRead(AbstractChannelHandlerContext.java:379)
	at io.netty.channel.AbstractChannelHandlerContext.invokeChannelRead(AbstractChannelHandlerContext.java:365)
	at io.netty.channel.AbstractChannelHandlerContext.fireChannelRead(AbstractChannelHandlerContext.java:357)
	at io.netty.channel.DefaultChannelPipeline$HeadContext.channelRead(DefaultChannelPipeline.java:1410)
	at io.netty.channel.AbstractChannelHandlerContext.invokeChannelRead(AbstractChannelHandlerContext.java:379)
	at io.netty.channel.AbstractChannelHandlerContext.invokeChannelRead(AbstractChannelHandlerContext.java:365)
	at io.netty.channel.DefaultChannelPipeline.fireChannelRead(DefaultChannelPipeline.java:919)
	at io.netty.channel.nio.AbstractNioByteChannel$NioByteUnsafe.read(AbstractNioByteChannel.java:163)
	at io.netty.channel.nio.NioEventLoop.processSelectedKey(NioEventLoop.java:714)
	at io.netty.channel.nio.NioEventLoop.processSelectedKeysOptimized(NioEventLoop.java:650)
	at io.netty.channel.nio.NioEventLoop.processSelectedKeys(NioEventLoop.java:576)
	at io.netty.channel.nio.NioEventLoop.run(NioEventLoop.java:493)
	at io.netty.util.concurrent.SingleThreadEventExecutor$4.run(SingleThreadEventExecutor.java:989)
	at io.netty.util.internal.ThreadExecutorMap$2.run(ThreadExecutorMap.java:74)
	at io.netty.util.concurrent.FastThreadLocalRunnable.run(FastThreadLocalRunnable.java:30)
	at java.lang.Thread.run(Thread.java:748)
2020-06-22 14:06:41,757 [myid:127.0.0.1:30074] - ERROR [nioEventLoopGroup-9-1:ZKTrustManager@162] - Failed to verify hostname: activate.navicat.com
javax.net.ssl.SSLPeerUnverifiedException: Certificate for <activate.navicat.com> doesn't match common name of the certificate subject: localhost
	at org.apache.zookeeper.common.ZKHostnameVerifier.matchCN(ZKHostnameVerifier.java:238)
	at org.apache.zookeeper.common.ZKHostnameVerifier.verify(ZKHostnameVerifier.java:184)
	at org.apache.zookeeper.common.ZKTrustManager.performHostVerification(ZKTrustManager.java:159)
	at org.apache.zookeeper.common.ZKTrustManager.checkServerTrusted(ZKTrustManager.java:118)
	at sun.security.ssl.ClientHandshaker.serverCertificate(ClientHandshaker.java:1675)
	at sun.security.ssl.ClientHandshaker.processMessage(ClientHandshaker.java:226)
	at sun.security.ssl.Handshaker.processLoop(Handshaker.java:1082)
	at sun.security.ssl.Handshaker$1.run(Handshaker.java:1015)
	at sun.security.ssl.Handshaker$1.run(Handshaker.java:1012)
	at java.security.AccessController.doPrivileged(Native Method)
	at sun.security.ssl.Handshaker$DelegatedTask.run(Handshaker.java:1504)
	at io.netty.handler.ssl.SslHandler.runAllDelegatedTasks(SslHandler.java:1510)
	at io.netty.handler.ssl.SslHandler.runDelegatedTasks(SslHandler.java:1524)
	at io.netty.handler.ssl.SslHandler.unwrap(SslHandler.java:1408)
	at io.netty.handler.ssl.SslHandler.decodeJdkCompatible(SslHandler.java:1235)
	at io.netty.handler.ssl.SslHandler.decode(SslHandler.java:1282)
	at io.netty.handler.codec.ByteToMessageDecoder.decodeRemovalReentryProtection(ByteToMessageDecoder.java:498)
	at io.netty.handler.codec.ByteToMessageDecoder.callDecode(ByteToMessageDecoder.java:437)
	at io.netty.handler.codec.ByteToMessageDecoder.channelRead(ByteToMessageDecoder.java:276)
	at io.netty.channel.AbstractChannelHandlerContext.invokeChannelRead(AbstractChannelHandlerContext.java:379)
	at io.netty.channel.AbstractChannelHandlerContext.invokeChannelRead(AbstractChannelHandlerContext.java:365)
	at io.netty.channel.AbstractChannelHandlerContext.fireChannelRead(AbstractChannelHandlerContext.java:357)
	at io.netty.channel.DefaultChannelPipeline$HeadContext.channelRead(DefaultChannelPipeline.java:1410)
	at io.netty.channel.AbstractChannelHandlerContext.invokeChannelRead(AbstractChannelHandlerContext.java:379)
	at io.netty.channel.AbstractChannelHandlerContext.invokeChannelRead(AbstractChannelHandlerContext.java:365)
	at io.netty.channel.DefaultChannelPipeline.fireChannelRead(DefaultChannelPipeline.java:919)
	at io.netty.channel.nio.AbstractNioByteChannel$NioByteUnsafe.read(AbstractNioByteChannel.java:163)
	at io.netty.channel.nio.NioEventLoop.processSelectedKey(NioEventLoop.java:714)
	at io.netty.channel.nio.NioEventLoop.processSelectedKeysOptimized(NioEventLoop.java:650)
	at io.netty.channel.nio.NioEventLoop.processSelectedKeys(NioEventLoop.java:576)
	at io.netty.channel.nio.NioEventLoop.run(NioEventLoop.java:493)
	at io.netty.util.concurrent.SingleThreadEventExecutor$4.run(SingleThreadEventExecutor.java:989)
	at io.netty.util.internal.ThreadExecutorMap$2.run(ThreadExecutorMap.java:74)
	at io.netty.util.concurrent.FastThreadLocalRunnable.run(FastThreadLocalRunnable.java:30)
	at java.lang.Thread.run(Thread.java:748)
nioEventLoopGroup-9-1, fatal error: 46: General SSLEngine problem
java.security.cert.CertificateException: Failed to verify both host address and host name
%% Invalidated:  [Session-93, SSL_NULL_WITH_NULL_NULL]
%% Invalidated:  [Session-96, TLS_ECDHE_RSA_WITH_AES_256_CBC_SHA384]
nioEventLoopGroup-9-1, SEND TLSv1.2 ALERT:  fatal, description = certificate_unknown
nioEventLoopGroup-9-1, WRITE: TLSv1.2 Alert, length = 2
nioEventLoopGroup-9-1, fatal: engine already closed.  Rethrowing javax.net.ssl.SSLHandshakeException: General SSLEngine problem
nioEventLoopGroup-9-1, called closeOutbound()
nioEventLoopGroup-9-1, closeOutboundInternal()
nioEventLoopGroup-9-1, called closeInbound()
nioEventLoopGroup-9-1, fatal: engine already closed.  Rethrowing javax.net.ssl.SSLException: Inbound closed before receiving peer's close_notify: possible truncation attack?
nioEventLoopGroup-8-3, READ: TLSv1.2 Alert, length = 2
nioEventLoopGroup-8-3, RECV TLSv1.2 ALERT:  fatal, certificate_unknown
nioEventLoopGroup-8-3, fatal: engine already closed.  Rethrowing javax.net.ssl.SSLException: Received fatal alert: certificate_unknown
nioEventLoopGroup-8-3, fatal: engine already closed.  Rethrowing javax.net.ssl.SSLException: Received fatal alert: certificate_unknown
2020-06-22 14:06:41,758 [myid:] - ERROR [nioEventLoopGroup-8-3:NettyServerCnxnFactory$CertificateVerifier@434] - Unsuccessful handshake with session 0x0
nioEventLoopGroup-8-3, called closeOutbound()
nioEventLoopGroup-8-3, closeOutboundInternal()
nioEventLoopGroup-8-3, SEND TLSv1.2 ALERT:  warning, description = close_notify
nioEventLoopGroup-8-3, WRITE: TLSv1.2 Alert, length = 2
nioEventLoopGroup-8-3, called closeInbound()
nioEventLoopGroup-8-3, fatal: engine already closed.  Rethrowing javax.net.ssl.SSLException: Inbound closed before receiving peer's close_notify: possible truncation attack?
2020-06-22 14:06:41,759 [myid:127.0.0.1:30074] - ERROR [nioEventLoopGroup-9-1:ClientCnxnSocketNetty$ZKClientHandler@522] - Unexpected throwable
io.netty.handler.codec.DecoderException: javax.net.ssl.SSLHandshakeException: General SSLEngine problem
	at io.netty.handler.codec.ByteToMessageDecoder.callDecode(ByteToMessageDecoder.java:468)
	at io.netty.handler.codec.ByteToMessageDecoder.channelRead(ByteToMessageDecoder.java:276)
	at io.netty.channel.AbstractChannelHandlerContext.invokeChannelRead(AbstractChannelHandlerContext.java:379)
	at io.netty.channel.AbstractChannelHandlerContext.invokeChannelRead(AbstractChannelHandlerContext.java:365)
	at io.netty.channel.AbstractChannelHandlerContext.fireChannelRead(AbstractChannelHandlerContext.java:357)
	at io.netty.channel.DefaultChannelPipeline$HeadContext.channelRead(DefaultChannelPipeline.java:1410)
	at io.netty.channel.AbstractChannelHandlerContext.invokeChannelRead(AbstractChannelHandlerContext.java:379)
	at io.netty.channel.AbstractChannelHandlerContext.invokeChannelRead(AbstractChannelHandlerContext.java:365)
	at io.netty.channel.DefaultChannelPipeline.fireChannelRead(DefaultChannelPipeline.java:919)
	at io.netty.channel.nio.AbstractNioByteChannel$NioByteUnsafe.read(AbstractNioByteChannel.java:163)
	at io.netty.channel.nio.NioEventLoop.processSelectedKey(NioEventLoop.java:714)
	at io.netty.channel.nio.NioEventLoop.processSelectedKeysOptimized(NioEventLoop.java:650)
	at io.netty.channel.nio.NioEventLoop.processSelectedKeys(NioEventLoop.java:576)
	at io.netty.channel.nio.NioEventLoop.run(NioEventLoop.java:493)
	at io.netty.util.concurrent.SingleThreadEventExecutor$4.run(SingleThreadEventExecutor.java:989)
	at io.netty.util.internal.ThreadExecutorMap$2.run(ThreadExecutorMap.java:74)
	at io.netty.util.concurrent.FastThreadLocalRunnable.run(FastThreadLocalRunnable.java:30)
	at java.lang.Thread.run(Thread.java:748)
Caused by: javax.net.ssl.SSLHandshakeException: General SSLEngine problem
	at sun.security.ssl.Handshaker.checkThrown(Handshaker.java:1566)
	at sun.security.ssl.SSLEngineImpl.checkTaskThrown(SSLEngineImpl.java:545)
	at sun.security.ssl.SSLEngineImpl.readNetRecord(SSLEngineImpl.java:819)
	at sun.security.ssl.SSLEngineImpl.unwrap(SSLEngineImpl.java:783)
	at javax.net.ssl.SSLEngine.unwrap(SSLEngine.java:626)
	at io.netty.handler.ssl.SslHandler$SslEngineType$3.unwrap(SslHandler.java:281)
	at io.netty.handler.ssl.SslHandler.unwrap(SslHandler.java:1340)
	at io.netty.handler.ssl.SslHandler.decodeJdkCompatible(SslHandler.java:1235)
	at io.netty.handler.ssl.SslHandler.decode(SslHandler.java:1282)
	at io.netty.handler.codec.ByteToMessageDecoder.decodeRemovalReentryProtection(ByteToMessageDecoder.java:498)
	at io.netty.handler.codec.ByteToMessageDecoder.callDecode(ByteToMessageDecoder.java:437)
	... 17 more
Caused by: javax.net.ssl.SSLHandshakeException: General SSLEngine problem
	at sun.security.ssl.Alerts.getSSLException(Alerts.java:198)
	at sun.security.ssl.SSLEngineImpl.fatal(SSLEngineImpl.java:1729)
	at sun.security.ssl.Handshaker.fatalSE(Handshaker.java:333)
	at sun.security.ssl.Handshaker.fatalSE(Handshaker.java:325)
	at sun.security.ssl.ClientHandshaker.serverCertificate(ClientHandshaker.java:1688)
	at sun.security.ssl.ClientHandshaker.processMessage(ClientHandshaker.java:226)
	at sun.security.ssl.Handshaker.processLoop(Handshaker.java:1082)
	at sun.security.ssl.Handshaker$1.run(Handshaker.java:1015)
	at sun.security.ssl.Handshaker$1.run(Handshaker.java:1012)
	at java.security.AccessController.doPrivileged(Native Method)
	at sun.security.ssl.Handshaker$DelegatedTask.run(Handshaker.java:1504)
	at io.netty.handler.ssl.SslHandler.runAllDelegatedTasks(SslHandler.java:1510)
	at io.netty.handler.ssl.SslHandler.runDelegatedTasks(SslHandler.java:1524)
	at io.netty.handler.ssl.SslHandler.unwrap(SslHandler.java:1408)
	... 21 more
Caused by: java.security.cert.CertificateException: Failed to verify both host address and host name
	at org.apache.zookeeper.common.ZKTrustManager.performHostVerification(ZKTrustManager.java:163)
	at org.apache.zookeeper.common.ZKTrustManager.checkServerTrusted(ZKTrustManager.java:118)
	at sun.security.ssl.ClientHandshaker.serverCertificate(ClientHandshaker.java:1675)
	... 30 more
Caused by: javax.net.ssl.SSLPeerUnverifiedException: Certificate for <activate.navicat.com> doesn't match common name of the certificate subject: localhost
	at org.apache.zookeeper.common.ZKHostnameVerifier.matchCN(ZKHostnameVerifier.java:238)
	at org.apache.zookeeper.common.ZKHostnameVerifier.verify(ZKHostnameVerifier.java:184)
	at org.apache.zookeeper.common.ZKTrustManager.performHostVerification(ZKTrustManager.java:159)
	... 32 more
2020-06-22 14:06:41,759 [myid:127.0.0.1:30074] - INFO  [nioEventLoopGroup-9-1:ClientCnxnSocketNetty@249] - channel is told closing
nioEventLoopGroup-9-1, called closeOutbound()
nioEventLoopGroup-9-1, closeOutboundInternal()
2020-06-22 14:06:41,759 [myid:127.0.0.1:30074] - WARN  [main-SendThread(127.0.0.1:30074):ClientCnxn$SendThread@1272] - Session 0x0 for sever activate.navicat.com/127.0.0.1:30074, Closing socket connection. Attempting reconnect except it is a SessionExpiredException.
EndOfStreamException: channel for sessionid 0x0 is lost
	at org.apache.zookeeper.ClientCnxnSocketNetty.doTransport(ClientCnxnSocketNetty.java:285)
	at org.apache.zookeeper.ClientCnxn$SendThread.run(ClientCnxn.java:1262)
2020-06-22 14:06:41,759 [myid:] - WARN  [nioEventLoopGroup-8-3:NettyServerCnxnFactory$CnxnChannelHandler@273] - Exception caught
io.netty.handler.codec.DecoderException: javax.net.ssl.SSLException: Received fatal alert: certificate_unknown
	at io.netty.handler.codec.ByteToMessageDecoder.callDecode(ByteToMessageDecoder.java:468)
	at io.netty.handler.codec.ByteToMessageDecoder.channelRead(ByteToMessageDecoder.java:276)
	at io.netty.channel.AbstractChannelHandlerContext.invokeChannelRead(AbstractChannelHandlerContext.java:379)
	at io.netty.channel.AbstractChannelHandlerContext.invokeChannelRead(AbstractChannelHandlerContext.java:365)
	at io.netty.channel.AbstractChannelHandlerContext.fireChannelRead(AbstractChannelHandlerContext.java:357)
	at io.netty.channel.DefaultChannelPipeline$HeadContext.channelRead(DefaultChannelPipeline.java:1410)
	at io.netty.channel.AbstractChannelHandlerContext.invokeChannelRead(AbstractChannelHandlerContext.java:379)
	at io.netty.channel.AbstractChannelHandlerContext.invokeChannelRead(AbstractChannelHandlerContext.java:365)
	at io.netty.channel.DefaultChannelPipeline.fireChannelRead(DefaultChannelPipeline.java:919)
	at io.netty.channel.nio.AbstractNioByteChannel$NioByteUnsafe.read(AbstractNioByteChannel.java:163)
	at io.netty.channel.nio.NioEventLoop.processSelectedKey(NioEventLoop.java:714)
	at io.netty.channel.nio.NioEventLoop.processSelectedKeysOptimized(NioEventLoop.java:650)
	at io.netty.channel.nio.NioEventLoop.processSelectedKeys(NioEventLoop.java:576)
	at io.netty.channel.nio.NioEventLoop.run(NioEventLoop.java:493)
	at io.netty.util.concurrent.SingleThreadEventExecutor$4.run(SingleThreadEventExecutor.java:989)
	at io.netty.util.internal.ThreadExecutorMap$2.run(ThreadExecutorMap.java:74)
	at io.netty.util.concurrent.FastThreadLocalRunnable.run(FastThreadLocalRunnable.java:30)
	at java.lang.Thread.run(Thread.java:748)
Caused by: javax.net.ssl.SSLException: Received fatal alert: certificate_unknown
	at sun.security.ssl.Alerts.getSSLException(Alerts.java:214)
	at sun.security.ssl.SSLEngineImpl.fatal(SSLEngineImpl.java:1667)
	at sun.security.ssl.SSLEngineImpl.fatal(SSLEngineImpl.java:1635)
	at sun.security.ssl.SSLEngineImpl.recvAlert(SSLEngineImpl.java:1801)
	at sun.security.ssl.SSLEngineImpl.readRecord(SSLEngineImpl.java:1090)
	at sun.security.ssl.SSLEngineImpl.readNetRecord(SSLEngineImpl.java:913)
	at sun.security.ssl.SSLEngineImpl.unwrap(SSLEngineImpl.java:783)
	at javax.net.ssl.SSLEngine.unwrap(SSLEngine.java:626)
	at io.netty.handler.ssl.SslHandler$SslEngineType$3.unwrap(SslHandler.java:281)
	at io.netty.handler.ssl.SslHandler.unwrap(SslHandler.java:1340)
	at io.netty.handler.ssl.SslHandler.decodeJdkCompatible(SslHandler.java:1235)
	at io.netty.handler.ssl.SslHandler.decode(SslHandler.java:1282)
	at io.netty.handler.codec.ByteToMessageDecoder.decodeRemovalReentryProtection(ByteToMessageDecoder.java:498)
	at io.netty.handler.codec.ByteToMessageDecoder.callDecode(ByteToMessageDecoder.java:437)
	... 17 more
nioEventLoopGroup-8-3, called closeOutbound()
nioEventLoopGroup-8-3, closeOutboundInternal()
2020-06-22 14:06:41,760 [myid:127.0.0.1:30074] - INFO  [nioEventLoopGroup-9-1:ClientCnxnSocketNetty$ZKClientHandler@469] - channel is disconnected: [id: 0x3bf66f9a, L:/127.0.0.1:55576 ! R:activate.navicat.com/127.0.0.1:30074]
nioEventLoopGroup-8-3, READ: TLSv1.2 Alert, length = 2
nioEventLoopGroup-8-3, RECV TLSv1.2 ALERT:  fatal, certificate_unknown
nioEventLoopGroup-8-3, fatal: engine already closed.  Rethrowing javax.net.ssl.SSLException: Received fatal alert: certificate_unknown
nioEventLoopGroup-8-3, fatal: engine already closed.  Rethrowing javax.net.ssl.SSLException: Received fatal alert: certificate_unknown
nioEventLoopGroup-8-3, called closeOutbound()
nioEventLoopGroup-8-3, closeOutboundInternal()
nioEventLoopGroup-8-3, called closeInbound()
nioEventLoopGroup-8-3, closeInboundInternal()
nioEventLoopGroup-8-3, closeOutboundInternal()
2020-06-22 14:06:41,761 [myid:] - WARN  [nioEventLoopGroup-8-3:NettyServerCnxnFactory$CnxnChannelHandler@273] - Exception caught
io.netty.handler.codec.DecoderException: javax.net.ssl.SSLException: Received fatal alert: certificate_unknown
	at io.netty.handler.codec.ByteToMessageDecoder.callDecode(ByteToMessageDecoder.java:468)
	at io.netty.handler.codec.ByteToMessageDecoder.channelInputClosed(ByteToMessageDecoder.java:401)
	at io.netty.handler.codec.ByteToMessageDecoder.channelInputClosed(ByteToMessageDecoder.java:368)
	at io.netty.handler.codec.ByteToMessageDecoder.channelInactive(ByteToMessageDecoder.java:351)
	at io.netty.handler.ssl.SslHandler.channelInactive(SslHandler.java:1084)
	at io.netty.channel.AbstractChannelHandlerContext.invokeChannelInactive(AbstractChannelHandlerContext.java:262)
	at io.netty.channel.AbstractChannelHandlerContext.invokeChannelInactive(AbstractChannelHandlerContext.java:248)
	at io.netty.channel.AbstractChannelHandlerContext.fireChannelInactive(AbstractChannelHandlerContext.java:241)
	at io.netty.channel.DefaultChannelPipeline$HeadContext.channelInactive(DefaultChannelPipeline.java:1405)
	at io.netty.channel.AbstractChannelHandlerContext.invokeChannelInactive(AbstractChannelHandlerContext.java:262)
	at io.netty.channel.AbstractChannelHandlerContext.invokeChannelInactive(AbstractChannelHandlerContext.java:248)
	at io.netty.channel.DefaultChannelPipeline.fireChannelInactive(DefaultChannelPipeline.java:901)
	at io.netty.channel.AbstractChannel$AbstractUnsafe$8.run(AbstractChannel.java:818)
	at io.netty.util.concurrent.AbstractEventExecutor.safeExecute(AbstractEventExecutor.java:164)
	at io.netty.util.concurrent.SingleThreadEventExecutor.runAllTasks(SingleThreadEventExecutor.java:472)
	at io.netty.channel.nio.NioEventLoop.run(NioEventLoop.java:497)
	at io.netty.util.concurrent.SingleThreadEventExecutor$4.run(SingleThreadEventExecutor.java:989)
	at io.netty.util.internal.ThreadExecutorMap$2.run(ThreadExecutorMap.java:74)
	at io.netty.util.concurrent.FastThreadLocalRunnable.run(FastThreadLocalRunnable.java:30)
	at java.lang.Thread.run(Thread.java:748)
Caused by: javax.net.ssl.SSLException: Received fatal alert: certificate_unknown
	at sun.security.ssl.Alerts.getSSLException(Alerts.java:214)
	at sun.security.ssl.SSLEngineImpl.fatal(SSLEngineImpl.java:1667)
	at sun.security.ssl.SSLEngineImpl.fatal(SSLEngineImpl.java:1635)
	at sun.security.ssl.SSLEngineImpl.recvAlert(SSLEngineImpl.java:1801)
	at sun.security.ssl.SSLEngineImpl.readRecord(SSLEngineImpl.java:1090)
	at sun.security.ssl.SSLEngineImpl.readNetRecord(SSLEngineImpl.java:913)
	at sun.security.ssl.SSLEngineImpl.unwrap(SSLEngineImpl.java:783)
	at javax.net.ssl.SSLEngine.unwrap(SSLEngine.java:626)
	at io.netty.handler.ssl.SslHandler$SslEngineType$3.unwrap(SslHandler.java:281)
	at io.netty.handler.ssl.SslHandler.unwrap(SslHandler.java:1340)
	at io.netty.handler.ssl.SslHandler.decodeJdkCompatible(SslHandler.java:1235)
	at io.netty.handler.ssl.SslHandler.decode(SslHandler.java:1282)
	at io.netty.handler.codec.ByteToMessageDecoder.decodeRemovalReentryProtection(ByteToMessageDecoder.java:498)
	at io.netty.handler.codec.ByteToMessageDecoder.callDecode(ByteToMessageDecoder.java:437)
	... 19 more
2020-06-22 14:06:42,019 [myid:127.0.0.1:30073] - INFO  [main-SendThread(127.0.0.1:30073):ClientCnxn$SendThread@1154] - Opening socket connection to server activate.navicat.com/127.0.0.1:30073.
2020-06-22 14:06:42,019 [myid:127.0.0.1:30073] - INFO  [main-SendThread(127.0.0.1:30073):ClientCnxn$SendThread@1156] - SASL config status: Will not attempt to authenticate using SASL (unknown error)
adding as trusted cert:
  Subject: CN=localhost, OU=ZooKeeper, O=Apache, L=Unknown, ST=Unknown, C=Unknown
  Issuer:  CN=localhost, OU=ZooKeeper, O=Apache, L=Unknown, ST=Unknown, C=Unknown
  Algorithm: RSA; Serial number: 0x7334b506
  Valid from Sat Jan 31 02:57:30 CST 2015 until Wed Feb 08 02:57:30 CST 3015

trigger seeding of SecureRandom
done seeding SecureRandom
Using SSLEngineImpl.
%% Initialized:  [Session-97, SSL_NULL_WITH_NULL_NULL]
2020-06-22 14:06:42,021 [myid:127.0.0.1:30073] - INFO  [nioEventLoopGroup-5-1:ClientCnxnSocketNetty$ZKClientPipelineFactory@454] - SSL handler added for channel: [id: 0x2bc47ffa]
2020-06-22 14:06:42,824 [myid:127.0.0.1:30074] - INFO  [main-SendThread(127.0.0.1:30074):ClientCnxn$SendThread@1154] - Opening socket connection to server activate.navicat.com/127.0.0.1:30074.
2020-06-22 14:06:42,824 [myid:127.0.0.1:30074] - INFO  [main-SendThread(127.0.0.1:30074):ClientCnxn$SendThread@1156] - SASL config status: Will not attempt to authenticate using SASL (unknown error)
adding as trusted cert:
  Subject: CN=localhost, OU=ZooKeeper, O=Apache, L=Unknown, ST=Unknown, C=Unknown
  Issuer:  CN=localhost, OU=ZooKeeper, O=Apache, L=Unknown, ST=Unknown, C=Unknown
  Algorithm: RSA; Serial number: 0x7334b506
  Valid from Sat Jan 31 02:57:30 CST 2015 until Wed Feb 08 02:57:30 CST 3015

trigger seeding of SecureRandom
done seeding SecureRandom
Using SSLEngineImpl.
%% Initialized:  [Session-98, SSL_NULL_WITH_NULL_NULL]
2020-06-22 14:06:42,826 [myid:127.0.0.1:30074] - INFO  [nioEventLoopGroup-9-1:ClientCnxnSocketNetty$ZKClientPipelineFactory@454] - SSL handler added for channel: [id: 0x6000cb11]
2020-06-22 14:06:42,827 [myid:127.0.0.1:30074] - INFO  [nioEventLoopGroup-9-1:ClientCnxn$SendThread@986] - Socket connection established, initiating session, client: /127.0.0.1:55620, server: activate.navicat.com/127.0.0.1:30074
2020-06-22 14:06:42,827 [myid:127.0.0.1:30074] - INFO  [nioEventLoopGroup-9-1:ClientCnxnSocketNetty$1@184] - channel is connected: [id: 0x6000cb11, L:/127.0.0.1:55620 - R:activate.navicat.com/127.0.0.1:30074]
Allow unsafe renegotiation: false
Allow legacy hello messages: true
Is initial handshake: true
Is secure renegotiation: false
Ignoring unsupported cipher suite: TLS_ECDHE_ECDSA_WITH_AES_256_CBC_SHA384 for TLSv1
Ignoring unsupported cipher suite: TLS_ECDHE_RSA_WITH_AES_256_CBC_SHA384 for TLSv1
Ignoring unsupported cipher suite: TLS_RSA_WITH_AES_256_CBC_SHA256 for TLSv1
Ignoring unsupported cipher suite: TLS_ECDH_ECDSA_WITH_AES_256_CBC_SHA384 for TLSv1
Ignoring unsupported cipher suite: TLS_ECDH_RSA_WITH_AES_256_CBC_SHA384 for TLSv1
Ignoring unsupported cipher suite: TLS_DHE_RSA_WITH_AES_256_CBC_SHA256 for TLSv1
Ignoring unsupported cipher suite: TLS_DHE_DSS_WITH_AES_256_CBC_SHA256 for TLSv1
Ignoring unsupported cipher suite: TLS_ECDHE_ECDSA_WITH_AES_256_CBC_SHA384 for TLSv1.1
Ignoring unsupported cipher suite: TLS_ECDHE_RSA_WITH_AES_256_CBC_SHA384 for TLSv1.1
Ignoring unsupported cipher suite: TLS_RSA_WITH_AES_256_CBC_SHA256 for TLSv1.1
Ignoring unsupported cipher suite: TLS_ECDH_ECDSA_WITH_AES_256_CBC_SHA384 for TLSv1.1
Ignoring unsupported cipher suite: TLS_ECDH_RSA_WITH_AES_256_CBC_SHA384 for TLSv1.1
Ignoring unsupported cipher suite: TLS_DHE_RSA_WITH_AES_256_CBC_SHA256 for TLSv1.1
Ignoring unsupported cipher suite: TLS_DHE_DSS_WITH_AES_256_CBC_SHA256 for TLSv1.1
trigger seeding of SecureRandom
done seeding SecureRandom
Using SSLEngineImpl.
%% Initialized:  [Session-99, SSL_NULL_WITH_NULL_NULL]
%% No cached client session
update handshake state: client_hello[1]
upcoming handshake states: server_hello[2]
*** ClientHello, TLSv1.2
RandomCookie:  GMT: 1576028786 bytes = { 204, 4, 31, 6, 201, 32, 160, 128, 3, 163, 65, 144, 197, 164, 114, 26, 163, 175, 80, 45, 225, 15, 249, 75, 139, 91, 18, 218 }
Session ID:  {}
Cipher Suites: [TLS_ECDHE_ECDSA_WITH_AES_256_CBC_SHA384, TLS_ECDHE_RSA_WITH_AES_256_CBC_SHA384, TLS_RSA_WITH_AES_256_CBC_SHA256, TLS_ECDH_ECDSA_WITH_AES_256_CBC_SHA384, TLS_ECDH_RSA_WITH_AES_256_CBC_SHA384, TLS_DHE_RSA_WITH_AES_256_CBC_SHA256, TLS_DHE_DSS_WITH_AES_256_CBC_SHA256, TLS_ECDHE_ECDSA_WITH_AES_256_CBC_SHA, TLS_ECDHE_RSA_WITH_AES_256_CBC_SHA, TLS_RSA_WITH_AES_256_CBC_SHA, TLS_ECDH_ECDSA_WITH_AES_256_CBC_SHA, TLS_ECDH_RSA_WITH_AES_256_CBC_SHA, TLS_DHE_RSA_WITH_AES_256_CBC_SHA, TLS_DHE_DSS_WITH_AES_256_CBC_SHA, TLS_ECDHE_ECDSA_WITH_AES_128_CBC_SHA256, TLS_ECDHE_RSA_WITH_AES_128_CBC_SHA256, TLS_RSA_WITH_AES_128_CBC_SHA256, TLS_ECDH_ECDSA_WITH_AES_128_CBC_SHA256, TLS_ECDH_RSA_WITH_AES_128_CBC_SHA256, TLS_DHE_RSA_WITH_AES_128_CBC_SHA256, TLS_DHE_DSS_WITH_AES_128_CBC_SHA256, TLS_ECDHE_ECDSA_WITH_AES_128_CBC_SHA, TLS_ECDHE_RSA_WITH_AES_128_CBC_SHA, TLS_RSA_WITH_AES_128_CBC_SHA, TLS_ECDH_ECDSA_WITH_AES_128_CBC_SHA, TLS_ECDH_RSA_WITH_AES_128_CBC_SHA, TLS_DHE_RSA_WITH_AES_128_CBC_SHA, TLS_DHE_DSS_WITH_AES_128_CBC_SHA, TLS_ECDHE_ECDSA_WITH_AES_256_GCM_SHA384, TLS_ECDHE_ECDSA_WITH_AES_128_GCM_SHA256, TLS_ECDHE_RSA_WITH_AES_256_GCM_SHA384, TLS_RSA_WITH_AES_256_GCM_SHA384, TLS_ECDH_ECDSA_WITH_AES_256_GCM_SHA384, TLS_ECDH_RSA_WITH_AES_256_GCM_SHA384, TLS_DHE_RSA_WITH_AES_256_GCM_SHA384, TLS_DHE_DSS_WITH_AES_256_GCM_SHA384, TLS_ECDHE_RSA_WITH_AES_128_GCM_SHA256, TLS_RSA_WITH_AES_128_GCM_SHA256, TLS_ECDH_ECDSA_WITH_AES_128_GCM_SHA256, TLS_ECDH_RSA_WITH_AES_128_GCM_SHA256, TLS_DHE_RSA_WITH_AES_128_GCM_SHA256, TLS_DHE_DSS_WITH_AES_128_GCM_SHA256, TLS_EMPTY_RENEGOTIATION_INFO_SCSV]
Compression Methods:  { 0 }
Extension elliptic_curves, curve names: {secp256r1, secp384r1, secp521r1}
Extension ec_point_formats, formats: [uncompressed]
Extension signature_algorithms, signature_algorithms: SHA512withECDSA, SHA512withRSA, SHA384withECDSA, SHA384withRSA, SHA256withECDSA, SHA256withRSA, SHA256withDSA, SHA1withECDSA, SHA1withRSA, SHA1withDSA
Extension extended_master_secret
Extension server_name, server_name: [type=host_name (0), value=activate.navicat.com]
***
nioEventLoopGroup-9-1, WRITE: TLSv1.2 Handshake, length = 208
Allow unsafe renegotiation: false
Allow legacy hello messages: true
Is initial handshake: true
Is secure renegotiation: false
nioEventLoopGroup-8-4, READ: TLSv1.2 Handshake, length = 208
check handshake state: client_hello[1]
update handshake state: client_hello[1]
upcoming handshake states: server_hello[2]
*** ClientHello, TLSv1.2
RandomCookie:  GMT: 1576028786 bytes = { 204, 4, 31, 6, 201, 32, 160, 128, 3, 163, 65, 144, 197, 164, 114, 26, 163, 175, 80, 45, 225, 15, 249, 75, 139, 91, 18, 218 }
Session ID:  {}
Cipher Suites: [TLS_ECDHE_ECDSA_WITH_AES_256_CBC_SHA384, TLS_ECDHE_RSA_WITH_AES_256_CBC_SHA384, TLS_RSA_WITH_AES_256_CBC_SHA256, TLS_ECDH_ECDSA_WITH_AES_256_CBC_SHA384, TLS_ECDH_RSA_WITH_AES_256_CBC_SHA384, TLS_DHE_RSA_WITH_AES_256_CBC_SHA256, TLS_DHE_DSS_WITH_AES_256_CBC_SHA256, TLS_ECDHE_ECDSA_WITH_AES_256_CBC_SHA, TLS_ECDHE_RSA_WITH_AES_256_CBC_SHA, TLS_RSA_WITH_AES_256_CBC_SHA, TLS_ECDH_ECDSA_WITH_AES_256_CBC_SHA, TLS_ECDH_RSA_WITH_AES_256_CBC_SHA, TLS_DHE_RSA_WITH_AES_256_CBC_SHA, TLS_DHE_DSS_WITH_AES_256_CBC_SHA, TLS_ECDHE_ECDSA_WITH_AES_128_CBC_SHA256, TLS_ECDHE_RSA_WITH_AES_128_CBC_SHA256, TLS_RSA_WITH_AES_128_CBC_SHA256, TLS_ECDH_ECDSA_WITH_AES_128_CBC_SHA256, TLS_ECDH_RSA_WITH_AES_128_CBC_SHA256, TLS_DHE_RSA_WITH_AES_128_CBC_SHA256, TLS_DHE_DSS_WITH_AES_128_CBC_SHA256, TLS_ECDHE_ECDSA_WITH_AES_128_CBC_SHA, TLS_ECDHE_RSA_WITH_AES_128_CBC_SHA, TLS_RSA_WITH_AES_128_CBC_SHA, TLS_ECDH_ECDSA_WITH_AES_128_CBC_SHA, TLS_ECDH_RSA_WITH_AES_128_CBC_SHA, TLS_DHE_RSA_WITH_AES_128_CBC_SHA, TLS_DHE_DSS_WITH_AES_128_CBC_SHA, TLS_ECDHE_ECDSA_WITH_AES_256_GCM_SHA384, TLS_ECDHE_ECDSA_WITH_AES_128_GCM_SHA256, TLS_ECDHE_RSA_WITH_AES_256_GCM_SHA384, TLS_RSA_WITH_AES_256_GCM_SHA384, TLS_ECDH_ECDSA_WITH_AES_256_GCM_SHA384, TLS_ECDH_RSA_WITH_AES_256_GCM_SHA384, TLS_DHE_RSA_WITH_AES_256_GCM_SHA384, TLS_DHE_DSS_WITH_AES_256_GCM_SHA384, TLS_ECDHE_RSA_WITH_AES_128_GCM_SHA256, TLS_RSA_WITH_AES_128_GCM_SHA256, TLS_ECDH_ECDSA_WITH_AES_128_GCM_SHA256, TLS_ECDH_RSA_WITH_AES_128_GCM_SHA256, TLS_DHE_RSA_WITH_AES_128_GCM_SHA256, TLS_DHE_DSS_WITH_AES_128_GCM_SHA256, TLS_EMPTY_RENEGOTIATION_INFO_SCSV]
Compression Methods:  { 0 }
Extension elliptic_curves, curve names: {secp256r1, secp384r1, secp521r1}
Extension ec_point_formats, formats: [uncompressed]
Extension signature_algorithms, signature_algorithms: SHA512withECDSA, SHA512withRSA, SHA384withECDSA, SHA384withRSA, SHA256withECDSA, SHA256withRSA, SHA256withDSA, SHA1withECDSA, SHA1withRSA, SHA1withDSA
Extension extended_master_secret
Extension server_name, server_name: [type=host_name (0), value=activate.navicat.com]
***
%% Initialized:  [Session-100, SSL_NULL_WITH_NULL_NULL]
Standard ciphersuite chosen: TLS_ECDHE_RSA_WITH_AES_256_CBC_SHA384
%% Negotiating:  [Session-100, TLS_ECDHE_RSA_WITH_AES_256_CBC_SHA384]
*** ServerHello, TLSv1.2
RandomCookie:  GMT: 1576028786 bytes = { 246, 175, 204, 41, 220, 247, 200, 70, 59, 173, 157, 32, 188, 0, 179, 165, 229, 147, 98, 8, 66, 123, 253, 225, 8, 133, 34, 242 }
Session ID:  {94, 240, 74, 114, 15, 27, 174, 159, 111, 179, 145, 103, 39, 204, 73, 45, 93, 98, 252, 101, 52, 143, 223, 102, 21, 89, 50, 78, 48, 247, 207, 161}
Cipher Suite: TLS_ECDHE_RSA_WITH_AES_256_CBC_SHA384
Compression Method: 0
Extension renegotiation_info, renegotiated_connection: <empty>
Extension extended_master_secret
***
Cipher suite:  TLS_ECDHE_RSA_WITH_AES_256_CBC_SHA384
update handshake state: server_hello[2]
upcoming handshake states: server certificate[11]
upcoming handshake states: server_key_exchange[12](optional)
upcoming handshake states: certificate_request[13](optional)
upcoming handshake states: server_hello_done[14]
upcoming handshake states: client certificate[11](optional)
upcoming handshake states: client_key_exchange[16]
upcoming handshake states: certificate_verify[15](optional)
upcoming handshake states: client change_cipher_spec[-1]
upcoming handshake states: client finished[20]
upcoming handshake states: server change_cipher_spec[-1]
upcoming handshake states: server finished[20]
*** Certificate chain
chain [0] = [
[
  Version: V3
  Subject: CN=localhost, OU=ZooKeeper, O=Apache, L=Unknown, ST=Unknown, C=Unknown
  Signature Algorithm: SHA256withRSA, OID = 1.2.840.113549.1.1.11

  Key:  Sun RSA public key, 2048 bits
  params: null
  modulus: 20466894428749997265095448870198652391311568515891366224735448896044144250313384062095901217219702596717622583159291680947094046474456586662132842412743846124470020097713679685492900855417800931365512472314155689881392853768001073664569106127795833231344696659209258027979401908711647617989508135190248980524852215540637603770017238536229773075995665111861820945008718990948857303373661769409475939971958531493423489844433566328219155461676589360491136984327342101195255797973694339642711115427623510874675394946293706606142706174397483349590050687482693164890194014220011640037490528845185364811025836034294701994387
  public exponent: 65537
  Validity: [From: Sat Jan 31 02:57:30 CST 2015,
               To: Wed Feb 08 02:57:30 CST 3015]
  Issuer: CN=localhost, OU=ZooKeeper, O=Apache, L=Unknown, ST=Unknown, C=Unknown
  SerialNumber: [    7334b506]

Certificate Extensions: 1
[1]: ObjectId: 2.5.29.14 Criticality=false
SubjectKeyIdentifier [
KeyIdentifier [
0000: 65 D7 B4 E0 27 45 7A 00   58 2F AD D5 0B 64 2D 77  e...'Ez.X/...d-w
0010: 88 F7 AA F5                                        ....
]
]

]
  Algorithm: [SHA256withRSA]
  Signature:
0000: 1B C8 6B 36 83 1D 28 37   5C 1F 7D F6 C6 84 A0 BF  ..k6..(7\.......
0010: CA C0 47 CF C5 34 70 7A   CF 6B EA 34 84 BE 08 7A  ..G..4pz.k.4...z
0020: 98 E6 3D ED 1D E2 6F 06   DB 23 AB 41 AD D5 DF 1D  ..=...o..#.A....
0030: 92 F4 9D 05 FD 7C EE BE   4A 87 B8 F1 FE F4 5B 79  ........J.....[y
0040: DC AD F7 44 3D 67 08 7A   3B 91 D7 5A 79 44 96 D7  ...D=g.z;..ZyD..
0050: BE 0E 41 C8 64 E3 87 C3   28 11 AB DC 36 F5 B0 AC  ..A.d...(...6...
0060: BD 2F 16 1D 6E A1 52 25   5A EC 6F AD 20 71 5A 1B  ./..n.R%Z.o. qZ.
0070: 66 D4 0D A6 49 B7 75 43   C4 84 0B 4B AC BD 16 76  f...I.uC...K...v
0080: 58 2B 07 85 E2 F1 44 15   1E 67 D1 3C 13 73 5A 2D  X+....D..g.<.sZ-
0090: D6 06 0B A1 D3 09 7E EF   88 F9 C3 0E A4 10 47 EA  ..............G.
00A0: 65 5D CD F0 39 EA 2F 59   1C 08 BC F9 CC 5B C9 BB  e]..9./Y.....[..
00B0: 2F 20 19 81 97 B5 21 BB   60 A4 39 08 6C 41 2A 51  / ....!.`.9.lA*Q
00C0: B1 C3 1A A3 8C F8 ED 67   D0 EE EC 52 01 2A E4 1E  .......g...R.*..
00D0: D2 B4 34 73 DC 7E 34 24   A9 4E 77 AD FD B3 77 0D  ..4s..4$.Nw...w.
00E0: C2 7A C0 65 F6 CC 11 9D   19 AA 59 13 C3 9D AD 5F  .z.e......Y...._
00F0: 61 E6 C2 18 F0 E5 A1 49   41 B5 EF 9E 91 0C 35 9C  a......IA.....5.

]
***
update handshake state: certificate[11]
upcoming handshake states: server_key_exchange[12](optional)
upcoming handshake states: certificate_request[13](optional)
upcoming handshake states: server_hello_done[14]
upcoming handshake states: client certificate[11](optional)
upcoming handshake states: client_key_exchange[16]
upcoming handshake states: certificate_verify[15](optional)
upcoming handshake states: client change_cipher_spec[-1]
upcoming handshake states: client finished[20]
upcoming handshake states: server change_cipher_spec[-1]
upcoming handshake states: server finished[20]
*** ECDH ServerKeyExchange
Signature Algorithm SHA512withRSA
Server key: Sun EC public key, 256 bits
  public x coord: 27601885985692369360729884302799912522229439533898162257194751972524102672183
  public y coord: 37407604139190755689116593869864789276967384279165385453274830673056965940879
  parameters: secp256r1 [NIST P-256, X9.62 prime256v1] (1.2.840.10045.3.1.7)
update handshake state: server_key_exchange[12]
upcoming handshake states: certificate_request[13](optional)
upcoming handshake states: server_hello_done[14]
upcoming handshake states: client certificate[11](optional)
upcoming handshake states: client_key_exchange[16]
upcoming handshake states: certificate_verify[15](optional)
upcoming handshake states: client change_cipher_spec[-1]
upcoming handshake states: client finished[20]
upcoming handshake states: server change_cipher_spec[-1]
upcoming handshake states: server finished[20]
*** CertificateRequest
Cert Types: RSA, DSS, ECDSA
Supported Signature Algorithms: SHA512withECDSA, SHA512withRSA, SHA384withECDSA, SHA384withRSA, SHA256withECDSA, SHA256withRSA, SHA256withDSA, SHA1withECDSA, SHA1withRSA, SHA1withDSA
Cert Authorities:
<CN=localhost, OU=ZooKeeper, O=Apache, L=Unknown, ST=Unknown, C=Unknown>
update handshake state: unknown[13]
upcoming handshake states: server_hello_done[14]
upcoming handshake states: client certificate[11](optional)
upcoming handshake states: client_key_exchange[16]
upcoming handshake states: certificate_verify[15](optional)
upcoming handshake states: client change_cipher_spec[-1]
upcoming handshake states: client finished[20]
upcoming handshake states: server change_cipher_spec[-1]
upcoming handshake states: server finished[20]
*** ServerHelloDone
update handshake state: server_hello_done[14]
upcoming handshake states: client certificate[11](optional)
upcoming handshake states: client_key_exchange[16]
upcoming handshake states: certificate_verify[15](optional)
upcoming handshake states: client change_cipher_spec[-1]
upcoming handshake states: client finished[20]
upcoming handshake states: server change_cipher_spec[-1]
upcoming handshake states: server finished[20]
nioEventLoopGroup-8-4, WRITE: TLSv1.2 Handshake, length = 1478
nioEventLoopGroup-9-1, READ: TLSv1.2 Handshake, length = 1478
check handshake state: server_hello[2]
*** ServerHello, TLSv1.2
RandomCookie:  GMT: 1576028786 bytes = { 246, 175, 204, 41, 220, 247, 200, 70, 59, 173, 157, 32, 188, 0, 179, 165, 229, 147, 98, 8, 66, 123, 253, 225, 8, 133, 34, 242 }
Session ID:  {94, 240, 74, 114, 15, 27, 174, 159, 111, 179, 145, 103, 39, 204, 73, 45, 93, 98, 252, 101, 52, 143, 223, 102, 21, 89, 50, 78, 48, 247, 207, 161}
Cipher Suite: TLS_ECDHE_RSA_WITH_AES_256_CBC_SHA384
Compression Method: 0
Extension renegotiation_info, renegotiated_connection: <empty>
Extension extended_master_secret
***
%% Initialized:  [Session-101, TLS_ECDHE_RSA_WITH_AES_256_CBC_SHA384]
** TLS_ECDHE_RSA_WITH_AES_256_CBC_SHA384
update handshake state: server_hello[2]
upcoming handshake states: server certificate[11]
upcoming handshake states: server_key_exchange[12](optional)
upcoming handshake states: certificate_request[13](optional)
upcoming handshake states: server_hello_done[14]
upcoming handshake states: client certificate[11](optional)
upcoming handshake states: client_key_exchange[16]
upcoming handshake states: certificate_verify[15](optional)
upcoming handshake states: client change_cipher_spec[-1]
upcoming handshake states: client finished[20]
upcoming handshake states: server change_cipher_spec[-1]
upcoming handshake states: server finished[20]
check handshake state: certificate[11]
update handshake state: certificate[11]
upcoming handshake states: server_key_exchange[12](optional)
upcoming handshake states: certificate_request[13](optional)
upcoming handshake states: server_hello_done[14]
upcoming handshake states: client certificate[11](optional)
upcoming handshake states: client_key_exchange[16]
upcoming handshake states: certificate_verify[15](optional)
upcoming handshake states: client change_cipher_spec[-1]
upcoming handshake states: client finished[20]
upcoming handshake states: server change_cipher_spec[-1]
upcoming handshake states: server finished[20]
*** Certificate chain
chain [0] = [
[
  Version: V3
  Subject: CN=localhost, OU=ZooKeeper, O=Apache, L=Unknown, ST=Unknown, C=Unknown
  Signature Algorithm: SHA256withRSA, OID = 1.2.840.113549.1.1.11

  Key:  Sun RSA public key, 2048 bits
  params: null
  modulus: 20466894428749997265095448870198652391311568515891366224735448896044144250313384062095901217219702596717622583159291680947094046474456586662132842412743846124470020097713679685492900855417800931365512472314155689881392853768001073664569106127795833231344696659209258027979401908711647617989508135190248980524852215540637603770017238536229773075995665111861820945008718990948857303373661769409475939971958531493423489844433566328219155461676589360491136984327342101195255797973694339642711115427623510874675394946293706606142706174397483349590050687482693164890194014220011640037490528845185364811025836034294701994387
  public exponent: 65537
  Validity: [From: Sat Jan 31 02:57:30 CST 2015,
               To: Wed Feb 08 02:57:30 CST 3015]
  Issuer: CN=localhost, OU=ZooKeeper, O=Apache, L=Unknown, ST=Unknown, C=Unknown
  SerialNumber: [    7334b506]

Certificate Extensions: 1
[1]: ObjectId: 2.5.29.14 Criticality=false
SubjectKeyIdentifier [
KeyIdentifier [
0000: 65 D7 B4 E0 27 45 7A 00   58 2F AD D5 0B 64 2D 77  e...'Ez.X/...d-w
0010: 88 F7 AA F5                                        ....
]
]

]
  Algorithm: [SHA256withRSA]
  Signature:
0000: 1B C8 6B 36 83 1D 28 37   5C 1F 7D F6 C6 84 A0 BF  ..k6..(7\.......
0010: CA C0 47 CF C5 34 70 7A   CF 6B EA 34 84 BE 08 7A  ..G..4pz.k.4...z
0020: 98 E6 3D ED 1D E2 6F 06   DB 23 AB 41 AD D5 DF 1D  ..=...o..#.A....
0030: 92 F4 9D 05 FD 7C EE BE   4A 87 B8 F1 FE F4 5B 79  ........J.....[y
0040: DC AD F7 44 3D 67 08 7A   3B 91 D7 5A 79 44 96 D7  ...D=g.z;..ZyD..
0050: BE 0E 41 C8 64 E3 87 C3   28 11 AB DC 36 F5 B0 AC  ..A.d...(...6...
0060: BD 2F 16 1D 6E A1 52 25   5A EC 6F AD 20 71 5A 1B  ./..n.R%Z.o. qZ.
0070: 66 D4 0D A6 49 B7 75 43   C4 84 0B 4B AC BD 16 76  f...I.uC...K...v
0080: 58 2B 07 85 E2 F1 44 15   1E 67 D1 3C 13 73 5A 2D  X+....D..g.<.sZ-
0090: D6 06 0B A1 D3 09 7E EF   88 F9 C3 0E A4 10 47 EA  ..............G.
00A0: 65 5D CD F0 39 EA 2F 59   1C 08 BC F9 CC 5B C9 BB  e]..9./Y.....[..
00B0: 2F 20 19 81 97 B5 21 BB   60 A4 39 08 6C 41 2A 51  / ....!.`.9.lA*Q
00C0: B1 C3 1A A3 8C F8 ED 67   D0 EE EC 52 01 2A E4 1E  .......g...R.*..
00D0: D2 B4 34 73 DC 7E 34 24   A9 4E 77 AD FD B3 77 0D  ..4s..4$.Nw...w.
00E0: C2 7A C0 65 F6 CC 11 9D   19 AA 59 13 C3 9D AD 5F  .z.e......Y...._
00F0: 61 E6 C2 18 F0 E5 A1 49   41 B5 EF 9E 91 0C 35 9C  a......IA.....5.

]
***
Found trusted certificate:
[
[
  Version: V3
  Subject: CN=localhost, OU=ZooKeeper, O=Apache, L=Unknown, ST=Unknown, C=Unknown
  Signature Algorithm: SHA256withRSA, OID = 1.2.840.113549.1.1.11

  Key:  Sun RSA public key, 2048 bits
  params: null
  modulus: 20466894428749997265095448870198652391311568515891366224735448896044144250313384062095901217219702596717622583159291680947094046474456586662132842412743846124470020097713679685492900855417800931365512472314155689881392853768001073664569106127795833231344696659209258027979401908711647617989508135190248980524852215540637603770017238536229773075995665111861820945008718990948857303373661769409475939971958531493423489844433566328219155461676589360491136984327342101195255797973694339642711115427623510874675394946293706606142706174397483349590050687482693164890194014220011640037490528845185364811025836034294701994387
  public exponent: 65537
  Validity: [From: Sat Jan 31 02:57:30 CST 2015,
               To: Wed Feb 08 02:57:30 CST 3015]
  Issuer: CN=localhost, OU=ZooKeeper, O=Apache, L=Unknown, ST=Unknown, C=Unknown
  SerialNumber: [    7334b506]

Certificate Extensions: 1
[1]: ObjectId: 2.5.29.14 Criticality=false
SubjectKeyIdentifier [
KeyIdentifier [
0000: 65 D7 B4 E0 27 45 7A 00   58 2F AD D5 0B 64 2D 77  e...'Ez.X/...d-w
0010: 88 F7 AA F5                                        ....
]
]

]
  Algorithm: [SHA256withRSA]
  Signature:
0000: 1B C8 6B 36 83 1D 28 37   5C 1F 7D F6 C6 84 A0 BF  ..k6..(7\.......
0010: CA C0 47 CF C5 34 70 7A   CF 6B EA 34 84 BE 08 7A  ..G..4pz.k.4...z
0020: 98 E6 3D ED 1D E2 6F 06   DB 23 AB 41 AD D5 DF 1D  ..=...o..#.A....
0030: 92 F4 9D 05 FD 7C EE BE   4A 87 B8 F1 FE F4 5B 79  ........J.....[y
0040: DC AD F7 44 3D 67 08 7A   3B 91 D7 5A 79 44 96 D7  ...D=g.z;..ZyD..
0050: BE 0E 41 C8 64 E3 87 C3   28 11 AB DC 36 F5 B0 AC  ..A.d...(...6...
0060: BD 2F 16 1D 6E A1 52 25   5A EC 6F AD 20 71 5A 1B  ./..n.R%Z.o. qZ.
0070: 66 D4 0D A6 49 B7 75 43   C4 84 0B 4B AC BD 16 76  f...I.uC...K...v
0080: 58 2B 07 85 E2 F1 44 15   1E 67 D1 3C 13 73 5A 2D  X+....D..g.<.sZ-
0090: D6 06 0B A1 D3 09 7E EF   88 F9 C3 0E A4 10 47 EA  ..............G.
00A0: 65 5D CD F0 39 EA 2F 59   1C 08 BC F9 CC 5B C9 BB  e]..9./Y.....[..
00B0: 2F 20 19 81 97 B5 21 BB   60 A4 39 08 6C 41 2A 51  / ....!.`.9.lA*Q
00C0: B1 C3 1A A3 8C F8 ED 67   D0 EE EC 52 01 2A E4 1E  .......g...R.*..
00D0: D2 B4 34 73 DC 7E 34 24   A9 4E 77 AD FD B3 77 0D  ..4s..4$.Nw...w.
00E0: C2 7A C0 65 F6 CC 11 9D   19 AA 59 13 C3 9D AD 5F  .z.e......Y...._
00F0: 61 E6 C2 18 F0 E5 A1 49   41 B5 EF 9E 91 0C 35 9C  a......IA.....5.

]
2020-06-22 14:06:42,859 [myid:127.0.0.1:30074] - ERROR [nioEventLoopGroup-9-1:ZKTrustManager@161] - Failed to verify host address: 127.0.0.1
javax.net.ssl.SSLPeerUnverifiedException: Certificate for <127.0.0.1> doesn't match common name of the certificate subject: localhost
	at org.apache.zookeeper.common.ZKHostnameVerifier.matchCN(ZKHostnameVerifier.java:238)
	at org.apache.zookeeper.common.ZKHostnameVerifier.verify(ZKHostnameVerifier.java:184)
	at org.apache.zookeeper.common.ZKTrustManager.performHostVerification(ZKTrustManager.java:151)
	at org.apache.zookeeper.common.ZKTrustManager.checkServerTrusted(ZKTrustManager.java:118)
	at sun.security.ssl.ClientHandshaker.serverCertificate(ClientHandshaker.java:1675)
	at sun.security.ssl.ClientHandshaker.processMessage(ClientHandshaker.java:226)
	at sun.security.ssl.Handshaker.processLoop(Handshaker.java:1082)
	at sun.security.ssl.Handshaker$1.run(Handshaker.java:1015)
	at sun.security.ssl.Handshaker$1.run(Handshaker.java:1012)
	at java.security.AccessController.doPrivileged(Native Method)
	at sun.security.ssl.Handshaker$DelegatedTask.run(Handshaker.java:1504)
	at io.netty.handler.ssl.SslHandler.runAllDelegatedTasks(SslHandler.java:1510)
	at io.netty.handler.ssl.SslHandler.runDelegatedTasks(SslHandler.java:1524)
	at io.netty.handler.ssl.SslHandler.unwrap(SslHandler.java:1408)
	at io.netty.handler.ssl.SslHandler.decodeJdkCompatible(SslHandler.java:1235)
	at io.netty.handler.ssl.SslHandler.decode(SslHandler.java:1282)
	at io.netty.handler.codec.ByteToMessageDecoder.decodeRemovalReentryProtection(ByteToMessageDecoder.java:498)
	at io.netty.handler.codec.ByteToMessageDecoder.callDecode(ByteToMessageDecoder.java:437)
	at io.netty.handler.codec.ByteToMessageDecoder.channelRead(ByteToMessageDecoder.java:276)
	at io.netty.channel.AbstractChannelHandlerContext.invokeChannelRead(AbstractChannelHandlerContext.java:379)
	at io.netty.channel.AbstractChannelHandlerContext.invokeChannelRead(AbstractChannelHandlerContext.java:365)
	at io.netty.channel.AbstractChannelHandlerContext.fireChannelRead(AbstractChannelHandlerContext.java:357)
	at io.netty.channel.DefaultChannelPipeline$HeadContext.channelRead(DefaultChannelPipeline.java:1410)
	at io.netty.channel.AbstractChannelHandlerContext.invokeChannelRead(AbstractChannelHandlerContext.java:379)
	at io.netty.channel.AbstractChannelHandlerContext.invokeChannelRead(AbstractChannelHandlerContext.java:365)
	at io.netty.channel.DefaultChannelPipeline.fireChannelRead(DefaultChannelPipeline.java:919)
	at io.netty.channel.nio.AbstractNioByteChannel$NioByteUnsafe.read(AbstractNioByteChannel.java:163)
	at io.netty.channel.nio.NioEventLoop.processSelectedKey(NioEventLoop.java:714)
	at io.netty.channel.nio.NioEventLoop.processSelectedKeysOptimized(NioEventLoop.java:650)
	at io.netty.channel.nio.NioEventLoop.processSelectedKeys(NioEventLoop.java:576)
	at io.netty.channel.nio.NioEventLoop.run(NioEventLoop.java:493)
	at io.netty.util.concurrent.SingleThreadEventExecutor$4.run(SingleThreadEventExecutor.java:989)
	at io.netty.util.internal.ThreadExecutorMap$2.run(ThreadExecutorMap.java:74)
	at io.netty.util.concurrent.FastThreadLocalRunnable.run(FastThreadLocalRunnable.java:30)
	at java.lang.Thread.run(Thread.java:748)
2020-06-22 14:06:42,859 [myid:127.0.0.1:30074] - ERROR [nioEventLoopGroup-9-1:ZKTrustManager@162] - Failed to verify hostname: activate.navicat.com
javax.net.ssl.SSLPeerUnverifiedException: Certificate for <activate.navicat.com> doesn't match common name of the certificate subject: localhost
	at org.apache.zookeeper.common.ZKHostnameVerifier.matchCN(ZKHostnameVerifier.java:238)
	at org.apache.zookeeper.common.ZKHostnameVerifier.verify(ZKHostnameVerifier.java:184)
	at org.apache.zookeeper.common.ZKTrustManager.performHostVerification(ZKTrustManager.java:159)
	at org.apache.zookeeper.common.ZKTrustManager.checkServerTrusted(ZKTrustManager.java:118)
	at sun.security.ssl.ClientHandshaker.serverCertificate(ClientHandshaker.java:1675)
	at sun.security.ssl.ClientHandshaker.processMessage(ClientHandshaker.java:226)
	at sun.security.ssl.Handshaker.processLoop(Handshaker.java:1082)
	at sun.security.ssl.Handshaker$1.run(Handshaker.java:1015)
	at sun.security.ssl.Handshaker$1.run(Handshaker.java:1012)
	at java.security.AccessController.doPrivileged(Native Method)
	at sun.security.ssl.Handshaker$DelegatedTask.run(Handshaker.java:1504)
	at io.netty.handler.ssl.SslHandler.runAllDelegatedTasks(SslHandler.java:1510)
	at io.netty.handler.ssl.SslHandler.runDelegatedTasks(SslHandler.java:1524)
	at io.netty.handler.ssl.SslHandler.unwrap(SslHandler.java:1408)
	at io.netty.handler.ssl.SslHandler.decodeJdkCompatible(SslHandler.java:1235)
	at io.netty.handler.ssl.SslHandler.decode(SslHandler.java:1282)
	at io.netty.handler.codec.ByteToMessageDecoder.decodeRemovalReentryProtection(ByteToMessageDecoder.java:498)
	at io.netty.handler.codec.ByteToMessageDecoder.callDecode(ByteToMessageDecoder.java:437)
	at io.netty.handler.codec.ByteToMessageDecoder.channelRead(ByteToMessageDecoder.java:276)
	at io.netty.channel.AbstractChannelHandlerContext.invokeChannelRead(AbstractChannelHandlerContext.java:379)
	at io.netty.channel.AbstractChannelHandlerContext.invokeChannelRead(AbstractChannelHandlerContext.java:365)
	at io.netty.channel.AbstractChannelHandlerContext.fireChannelRead(AbstractChannelHandlerContext.java:357)
	at io.netty.channel.DefaultChannelPipeline$HeadContext.channelRead(DefaultChannelPipeline.java:1410)
	at io.netty.channel.AbstractChannelHandlerContext.invokeChannelRead(AbstractChannelHandlerContext.java:379)
	at io.netty.channel.AbstractChannelHandlerContext.invokeChannelRead(AbstractChannelHandlerContext.java:365)
	at io.netty.channel.DefaultChannelPipeline.fireChannelRead(DefaultChannelPipeline.java:919)
	at io.netty.channel.nio.AbstractNioByteChannel$NioByteUnsafe.read(AbstractNioByteChannel.java:163)
	at io.netty.channel.nio.NioEventLoop.processSelectedKey(NioEventLoop.java:714)
	at io.netty.channel.nio.NioEventLoop.processSelectedKeysOptimized(NioEventLoop.java:650)
	at io.netty.channel.nio.NioEventLoop.processSelectedKeys(NioEventLoop.java:576)
	at io.netty.channel.nio.NioEventLoop.run(NioEventLoop.java:493)
	at io.netty.util.concurrent.SingleThreadEventExecutor$4.run(SingleThreadEventExecutor.java:989)
	at io.netty.util.internal.ThreadExecutorMap$2.run(ThreadExecutorMap.java:74)
	at io.netty.util.concurrent.FastThreadLocalRunnable.run(FastThreadLocalRunnable.java:30)
	at java.lang.Thread.run(Thread.java:748)
nioEventLoopGroup-9-1, fatal error: 46: General SSLEngine problem
java.security.cert.CertificateException: Failed to verify both host address and host name
%% Invalidated:  [Session-98, SSL_NULL_WITH_NULL_NULL]
%% Invalidated:  [Session-101, TLS_ECDHE_RSA_WITH_AES_256_CBC_SHA384]
nioEventLoopGroup-9-1, SEND TLSv1.2 ALERT:  fatal, description = certificate_unknown
nioEventLoopGroup-9-1, WRITE: TLSv1.2 Alert, length = 2
nioEventLoopGroup-9-1, fatal: engine already closed.  Rethrowing javax.net.ssl.SSLHandshakeException: General SSLEngine problem
nioEventLoopGroup-9-1, called closeOutbound()
nioEventLoopGroup-9-1, closeOutboundInternal()
nioEventLoopGroup-9-1, called closeInbound()
nioEventLoopGroup-9-1, fatal: engine already closed.  Rethrowing javax.net.ssl.SSLException: Inbound closed before receiving peer's close_notify: possible truncation attack?
nioEventLoopGroup-8-4, READ: TLSv1.2 Alert, length = 2
nioEventLoopGroup-8-4, RECV TLSv1.2 ALERT:  fatal, certificate_unknown
nioEventLoopGroup-8-4, fatal: engine already closed.  Rethrowing javax.net.ssl.SSLException: Received fatal alert: certificate_unknown
nioEventLoopGroup-8-4, fatal: engine already closed.  Rethrowing javax.net.ssl.SSLException: Received fatal alert: certificate_unknown
2020-06-22 14:06:42,861 [myid:] - ERROR [nioEventLoopGroup-8-4:NettyServerCnxnFactory$CertificateVerifier@434] - Unsuccessful handshake with session 0x0
nioEventLoopGroup-8-4, called closeOutbound()
nioEventLoopGroup-8-4, closeOutboundInternal()
nioEventLoopGroup-8-4, SEND TLSv1.2 ALERT:  warning, description = close_notify
nioEventLoopGroup-8-4, WRITE: TLSv1.2 Alert, length = 2
nioEventLoopGroup-8-4, called closeInbound()
nioEventLoopGroup-8-4, fatal: engine already closed.  Rethrowing javax.net.ssl.SSLException: Inbound closed before receiving peer's close_notify: possible truncation attack?
2020-06-22 14:06:42,861 [myid:127.0.0.1:30074] - ERROR [nioEventLoopGroup-9-1:ClientCnxnSocketNetty$ZKClientHandler@522] - Unexpected throwable
io.netty.handler.codec.DecoderException: javax.net.ssl.SSLHandshakeException: General SSLEngine problem
	at io.netty.handler.codec.ByteToMessageDecoder.callDecode(ByteToMessageDecoder.java:468)
	at io.netty.handler.codec.ByteToMessageDecoder.channelRead(ByteToMessageDecoder.java:276)
	at io.netty.channel.AbstractChannelHandlerContext.invokeChannelRead(AbstractChannelHandlerContext.java:379)
	at io.netty.channel.AbstractChannelHandlerContext.invokeChannelRead(AbstractChannelHandlerContext.java:365)
	at io.netty.channel.AbstractChannelHandlerContext.fireChannelRead(AbstractChannelHandlerContext.java:357)
	at io.netty.channel.DefaultChannelPipeline$HeadContext.channelRead(DefaultChannelPipeline.java:1410)
	at io.netty.channel.AbstractChannelHandlerContext.invokeChannelRead(AbstractChannelHandlerContext.java:379)
	at io.netty.channel.AbstractChannelHandlerContext.invokeChannelRead(AbstractChannelHandlerContext.java:365)
	at io.netty.channel.DefaultChannelPipeline.fireChannelRead(DefaultChannelPipeline.java:919)
	at io.netty.channel.nio.AbstractNioByteChannel$NioByteUnsafe.read(AbstractNioByteChannel.java:163)
	at io.netty.channel.nio.NioEventLoop.processSelectedKey(NioEventLoop.java:714)
	at io.netty.channel.nio.NioEventLoop.processSelectedKeysOptimized(NioEventLoop.java:650)
	at io.netty.channel.nio.NioEventLoop.processSelectedKeys(NioEventLoop.java:576)
	at io.netty.channel.nio.NioEventLoop.run(NioEventLoop.java:493)
	at io.netty.util.concurrent.SingleThreadEventExecutor$4.run(SingleThreadEventExecutor.java:989)
	at io.netty.util.internal.ThreadExecutorMap$2.run(ThreadExecutorMap.java:74)
	at io.netty.util.concurrent.FastThreadLocalRunnable.run(FastThreadLocalRunnable.java:30)
	at java.lang.Thread.run(Thread.java:748)
Caused by: javax.net.ssl.SSLHandshakeException: General SSLEngine problem
	at sun.security.ssl.Handshaker.checkThrown(Handshaker.java:1566)
	at sun.security.ssl.SSLEngineImpl.checkTaskThrown(SSLEngineImpl.java:545)
	at sun.security.ssl.SSLEngineImpl.readNetRecord(SSLEngineImpl.java:819)
	at sun.security.ssl.SSLEngineImpl.unwrap(SSLEngineImpl.java:783)
	at javax.net.ssl.SSLEngine.unwrap(SSLEngine.java:626)
	at io.netty.handler.ssl.SslHandler$SslEngineType$3.unwrap(SslHandler.java:281)
	at io.netty.handler.ssl.SslHandler.unwrap(SslHandler.java:1340)
	at io.netty.handler.ssl.SslHandler.decodeJdkCompatible(SslHandler.java:1235)
	at io.netty.handler.ssl.SslHandler.decode(SslHandler.java:1282)
	at io.netty.handler.codec.ByteToMessageDecoder.decodeRemovalReentryProtection(ByteToMessageDecoder.java:498)
	at io.netty.handler.codec.ByteToMessageDecoder.callDecode(ByteToMessageDecoder.java:437)
	... 17 more
Caused by: javax.net.ssl.SSLHandshakeException: General SSLEngine problem
	at sun.security.ssl.Alerts.getSSLException(Alerts.java:198)
	at sun.security.ssl.SSLEngineImpl.fatal(SSLEngineImpl.java:1729)
	at sun.security.ssl.Handshaker.fatalSE(Handshaker.java:333)
	at sun.security.ssl.Handshaker.fatalSE(Handshaker.java:325)
	at sun.security.ssl.ClientHandshaker.serverCertificate(ClientHandshaker.java:1688)
	at sun.security.ssl.ClientHandshaker.processMessage(ClientHandshaker.java:226)
	at sun.security.ssl.Handshaker.processLoop(Handshaker.java:1082)
	at sun.security.ssl.Handshaker$1.run(Handshaker.java:1015)
	at sun.security.ssl.Handshaker$1.run(Handshaker.java:1012)
	at java.security.AccessController.doPrivileged(Native Method)
	at sun.security.ssl.Handshaker$DelegatedTask.run(Handshaker.java:1504)
	at io.netty.handler.ssl.SslHandler.runAllDelegatedTasks(SslHandler.java:1510)
	at io.netty.handler.ssl.SslHandler.runDelegatedTasks(SslHandler.java:1524)
	at io.netty.handler.ssl.SslHandler.unwrap(SslHandler.java:1408)
	... 21 more
Caused by: java.security.cert.CertificateException: Failed to verify both host address and host name
	at org.apache.zookeeper.common.ZKTrustManager.performHostVerification(ZKTrustManager.java:163)
	at org.apache.zookeeper.common.ZKTrustManager.checkServerTrusted(ZKTrustManager.java:118)
	at sun.security.ssl.ClientHandshaker.serverCertificate(ClientHandshaker.java:1675)
	... 30 more
Caused by: javax.net.ssl.SSLPeerUnverifiedException: Certificate for <activate.navicat.com> doesn't match common name of the certificate subject: localhost
	at org.apache.zookeeper.common.ZKHostnameVerifier.matchCN(ZKHostnameVerifier.java:238)
	at org.apache.zookeeper.common.ZKHostnameVerifier.verify(ZKHostnameVerifier.java:184)
	at org.apache.zookeeper.common.ZKTrustManager.performHostVerification(ZKTrustManager.java:159)
	... 32 more
2020-06-22 14:06:42,861 [myid:127.0.0.1:30074] - INFO  [nioEventLoopGroup-9-1:ClientCnxnSocketNetty@249] - channel is told closing
nioEventLoopGroup-9-1, called closeOutbound()
nioEventLoopGroup-9-1, closeOutboundInternal()
2020-06-22 14:06:42,861 [myid:] - WARN  [nioEventLoopGroup-8-4:NettyServerCnxnFactory$CnxnChannelHandler@273] - Exception caught
io.netty.handler.codec.DecoderException: javax.net.ssl.SSLException: Received fatal alert: certificate_unknown
	at io.netty.handler.codec.ByteToMessageDecoder.callDecode(ByteToMessageDecoder.java:468)
	at io.netty.handler.codec.ByteToMessageDecoder.channelRead(ByteToMessageDecoder.java:276)
	at io.netty.channel.AbstractChannelHandlerContext.invokeChannelRead(AbstractChannelHandlerContext.java:379)
	at io.netty.channel.AbstractChannelHandlerContext.invokeChannelRead(AbstractChannelHandlerContext.java:365)
	at io.netty.channel.AbstractChannelHandlerContext.fireChannelRead(AbstractChannelHandlerContext.java:357)
	at io.netty.channel.DefaultChannelPipeline$HeadContext.channelRead(DefaultChannelPipeline.java:1410)
	at io.netty.channel.AbstractChannelHandlerContext.invokeChannelRead(AbstractChannelHandlerContext.java:379)
	at io.netty.channel.AbstractChannelHandlerContext.invokeChannelRead(AbstractChannelHandlerContext.java:365)
	at io.netty.channel.DefaultChannelPipeline.fireChannelRead(DefaultChannelPipeline.java:919)
	at io.netty.channel.nio.AbstractNioByteChannel$NioByteUnsafe.read(AbstractNioByteChannel.java:163)
	at io.netty.channel.nio.NioEventLoop.processSelectedKey(NioEventLoop.java:714)
	at io.netty.channel.nio.NioEventLoop.processSelectedKeysOptimized(NioEventLoop.java:650)
	at io.netty.channel.nio.NioEventLoop.processSelectedKeys(NioEventLoop.java:576)
	at io.netty.channel.nio.NioEventLoop.run(NioEventLoop.java:493)
	at io.netty.util.concurrent.SingleThreadEventExecutor$4.run(SingleThreadEventExecutor.java:989)
	at io.netty.util.internal.ThreadExecutorMap$2.run(ThreadExecutorMap.java:74)
	at io.netty.util.concurrent.FastThreadLocalRunnable.run(FastThreadLocalRunnable.java:30)
	at java.lang.Thread.run(Thread.java:748)
Caused by: javax.net.ssl.SSLException: Received fatal alert: certificate_unknown
	at sun.security.ssl.Alerts.getSSLException(Alerts.java:214)
	at sun.security.ssl.SSLEngineImpl.fatal(SSLEngineImpl.java:1667)
	at sun.security.ssl.SSLEngineImpl.fatal(SSLEngineImpl.java:1635)
	at sun.security.ssl.SSLEngineImpl.recvAlert(SSLEngineImpl.java:1801)
	at sun.security.ssl.SSLEngineImpl.readRecord(SSLEngineImpl.java:1090)
	at sun.security.ssl.SSLEngineImpl.readNetRecord(SSLEngineImpl.java:913)
	at sun.security.ssl.SSLEngineImpl.unwrap(SSLEngineImpl.java:783)
	at javax.net.ssl.SSLEngine.unwrap(SSLEngine.java:626)
	at io.netty.handler.ssl.SslHandler$SslEngineType$3.unwrap(SslHandler.java:281)
	at io.netty.handler.ssl.SslHandler.unwrap(SslHandler.java:1340)
	at io.netty.handler.ssl.SslHandler.decodeJdkCompatible(SslHandler.java:1235)
	at io.netty.handler.ssl.SslHandler.decode(SslHandler.java:1282)
	at io.netty.handler.codec.ByteToMessageDecoder.decodeRemovalReentryProtection(ByteToMessageDecoder.java:498)
	at io.netty.handler.codec.ByteToMessageDecoder.callDecode(ByteToMessageDecoder.java:437)
	... 17 more
nioEventLoopGroup-8-4, called closeOutbound()
nioEventLoopGroup-8-4, closeOutboundInternal()
nioEventLoopGroup-8-4, READ: TLSv1.2 Alert, length = 2
nioEventLoopGroup-8-4, RECV TLSv1.2 ALERT:  fatal, certificate_unknown
nioEventLoopGroup-8-4, fatal: engine already closed.  Rethrowing javax.net.ssl.SSLException: Received fatal alert: certificate_unknown
2020-06-22 14:06:42,862 [myid:127.0.0.1:30074] - INFO  [nioEventLoopGroup-9-1:ClientCnxnSocketNetty$ZKClientHandler@469] - channel is disconnected: [id: 0x6000cb11, L:/127.0.0.1:55620 ! R:activate.navicat.com/127.0.0.1:30074]
nioEventLoopGroup-8-4, fatal: engine already closed.  Rethrowing javax.net.ssl.SSLException: Received fatal alert: certificate_unknown
nioEventLoopGroup-8-4, called closeOutbound()
nioEventLoopGroup-8-4, closeOutboundInternal()
nioEventLoopGroup-8-4, called closeInbound()
nioEventLoopGroup-8-4, closeInboundInternal()
nioEventLoopGroup-8-4, closeOutboundInternal()
2020-06-22 14:06:42,863 [myid:] - WARN  [nioEventLoopGroup-8-4:NettyServerCnxnFactory$CnxnChannelHandler@273] - Exception caught
io.netty.handler.codec.DecoderException: javax.net.ssl.SSLException: Received fatal alert: certificate_unknown
	at io.netty.handler.codec.ByteToMessageDecoder.callDecode(ByteToMessageDecoder.java:468)
	at io.netty.handler.codec.ByteToMessageDecoder.channelInputClosed(ByteToMessageDecoder.java:401)
	at io.netty.handler.codec.ByteToMessageDecoder.channelInputClosed(ByteToMessageDecoder.java:368)
	at io.netty.handler.codec.ByteToMessageDecoder.channelInactive(ByteToMessageDecoder.java:351)
	at io.netty.handler.ssl.SslHandler.channelInactive(SslHandler.java:1084)
	at io.netty.channel.AbstractChannelHandlerContext.invokeChannelInactive(AbstractChannelHandlerContext.java:262)
	at io.netty.channel.AbstractChannelHandlerContext.invokeChannelInactive(AbstractChannelHandlerContext.java:248)
	at io.netty.channel.AbstractChannelHandlerContext.fireChannelInactive(AbstractChannelHandlerContext.java:241)
	at io.netty.channel.DefaultChannelPipeline$HeadContext.channelInactive(DefaultChannelPipeline.java:1405)
	at io.netty.channel.AbstractChannelHandlerContext.invokeChannelInactive(AbstractChannelHandlerContext.java:262)
	at io.netty.channel.AbstractChannelHandlerContext.invokeChannelInactive(AbstractChannelHandlerContext.java:248)
	at io.netty.channel.DefaultChannelPipeline.fireChannelInactive(DefaultChannelPipeline.java:901)
	at io.netty.channel.AbstractChannel$AbstractUnsafe$8.run(AbstractChannel.java:818)
	at io.netty.util.concurrent.AbstractEventExecutor.safeExecute(AbstractEventExecutor.java:164)
	at io.netty.util.concurrent.SingleThreadEventExecutor.runAllTasks(SingleThreadEventExecutor.java:472)
	at io.netty.channel.nio.NioEventLoop.run(NioEventLoop.java:497)
	at io.netty.util.concurrent.SingleThreadEventExecutor$4.run(SingleThreadEventExecutor.java:989)
	at io.netty.util.internal.ThreadExecutorMap$2.run(ThreadExecutorMap.java:74)
	at io.netty.util.concurrent.FastThreadLocalRunnable.run(FastThreadLocalRunnable.java:30)
	at java.lang.Thread.run(Thread.java:748)
Caused by: javax.net.ssl.SSLException: Received fatal alert: certificate_unknown
	at sun.security.ssl.Alerts.getSSLException(Alerts.java:214)
	at sun.security.ssl.SSLEngineImpl.fatal(SSLEngineImpl.java:1667)
	at sun.security.ssl.SSLEngineImpl.fatal(SSLEngineImpl.java:1635)
	at sun.security.ssl.SSLEngineImpl.recvAlert(SSLEngineImpl.java:1801)
	at sun.security.ssl.SSLEngineImpl.readRecord(SSLEngineImpl.java:1090)
	at sun.security.ssl.SSLEngineImpl.readNetRecord(SSLEngineImpl.java:913)
	at sun.security.ssl.SSLEngineImpl.unwrap(SSLEngineImpl.java:783)
	at javax.net.ssl.SSLEngine.unwrap(SSLEngine.java:626)
	at io.netty.handler.ssl.SslHandler$SslEngineType$3.unwrap(SslHandler.java:281)
	at io.netty.handler.ssl.SslHandler.unwrap(SslHandler.java:1340)
	at io.netty.handler.ssl.SslHandler.decodeJdkCompatible(SslHandler.java:1235)
	at io.netty.handler.ssl.SslHandler.decode(SslHandler.java:1282)
	at io.netty.handler.codec.ByteToMessageDecoder.decodeRemovalReentryProtection(ByteToMessageDecoder.java:498)
	at io.netty.handler.codec.ByteToMessageDecoder.callDecode(ByteToMessageDecoder.java:437)
	... 19 more
2020-06-22 14:06:42,863 [myid:127.0.0.1:30074] - WARN  [main-SendThread(127.0.0.1:30074):ClientCnxn$SendThread@1272] - Session 0x0 for sever activate.navicat.com/127.0.0.1:30074, Closing socket connection. Attempting reconnect except it is a SessionExpiredException.
EndOfStreamException: channel for sessionid 0x0 is lost
	at org.apache.zookeeper.ClientCnxnSocketNetty.doTransport(ClientCnxnSocketNetty.java:285)
	at org.apache.zookeeper.ClientCnxn$SendThread.run(ClientCnxn.java:1262)
2020-06-22 14:06:44,026 [myid:127.0.0.1:30073] - WARN  [nioEventLoopGroup-5-1:ClientCnxnSocketNetty$1@150] - future isn't success.
io.netty.channel.AbstractChannel$AnnotatedConnectException: Connection refused: no further information: activate.navicat.com/127.0.0.1:30073
Caused by: java.net.ConnectException: Connection refused: no further information
	at sun.nio.ch.SocketChannelImpl.checkConnect(Native Method)
	at sun.nio.ch.SocketChannelImpl.finishConnect(SocketChannelImpl.java:714)
	at io.netty.channel.socket.nio.NioSocketChannel.doFinishConnect(NioSocketChannel.java:330)
	at io.netty.channel.nio.AbstractNioChannel$AbstractNioUnsafe.finishConnect(AbstractNioChannel.java:334)
	at io.netty.channel.nio.NioEventLoop.processSelectedKey(NioEventLoop.java:702)
	at io.netty.channel.nio.NioEventLoop.processSelectedKeysOptimized(NioEventLoop.java:650)
	at io.netty.channel.nio.NioEventLoop.processSelectedKeys(NioEventLoop.java:576)
	at io.netty.channel.nio.NioEventLoop.run(NioEventLoop.java:493)
	at io.netty.util.concurrent.SingleThreadEventExecutor$4.run(SingleThreadEventExecutor.java:989)
	at io.netty.util.internal.ThreadExecutorMap$2.run(ThreadExecutorMap.java:74)
	at io.netty.util.concurrent.FastThreadLocalRunnable.run(FastThreadLocalRunnable.java:30)
	at java.lang.Thread.run(Thread.java:748)
nioEventLoopGroup-5-1, called closeOutbound()
nioEventLoopGroup-5-1, closeOutboundInternal()
2020-06-22 14:06:44,026 [myid:127.0.0.1:30073] - WARN  [main-SendThread(127.0.0.1:30073):ClientCnxn$SendThread@1272] - Session 0x0 for sever activate.navicat.com/127.0.0.1:30073, Closing socket connection. Attempting reconnect except it is a SessionExpiredException.
EndOfStreamException: channel for sessionid 0x0 is lost
	at org.apache.zookeeper.ClientCnxnSocketNetty.doTransport(ClientCnxnSocketNetty.java:285)
	at org.apache.zookeeper.ClientCnxn$SendThread.run(ClientCnxn.java:1262)
2020-06-22 14:06:44,646 [myid:127.0.0.1:30074] - INFO  [main-SendThread(127.0.0.1:30074):ClientCnxn$SendThread@1154] - Opening socket connection to server activate.navicat.com/127.0.0.1:30074.
2020-06-22 14:06:44,646 [myid:127.0.0.1:30074] - INFO  [main-SendThread(127.0.0.1:30074):ClientCnxn$SendThread@1156] - SASL config status: Will not attempt to authenticate using SASL (unknown error)
adding as trusted cert:
  Subject: CN=localhost, OU=ZooKeeper, O=Apache, L=Unknown, ST=Unknown, C=Unknown
  Issuer:  CN=localhost, OU=ZooKeeper, O=Apache, L=Unknown, ST=Unknown, C=Unknown
  Algorithm: RSA; Serial number: 0x7334b506
  Valid from Sat Jan 31 02:57:30 CST 2015 until Wed Feb 08 02:57:30 CST 3015

trigger seeding of SecureRandom
done seeding SecureRandom
Using SSLEngineImpl.
%% Initialized:  [Session-102, SSL_NULL_WITH_NULL_NULL]
2020-06-22 14:06:44,648 [myid:127.0.0.1:30074] - INFO  [nioEventLoopGroup-9-1:ClientCnxnSocketNetty$ZKClientPipelineFactory@454] - SSL handler added for channel: [id: 0x18e9f79f]
2020-06-22 14:06:44,649 [myid:127.0.0.1:30074] - INFO  [nioEventLoopGroup-9-1:ClientCnxn$SendThread@986] - Socket connection established, initiating session, client: /127.0.0.1:55853, server: activate.navicat.com/127.0.0.1:30074
2020-06-22 14:06:44,650 [myid:127.0.0.1:30074] - INFO  [nioEventLoopGroup-9-1:ClientCnxnSocketNetty$1@184] - channel is connected: [id: 0x18e9f79f, L:/127.0.0.1:55853 - R:activate.navicat.com/127.0.0.1:30074]
Allow unsafe renegotiation: false
Allow legacy hello messages: true
Is initial handshake: true
Is secure renegotiation: false
Ignoring unsupported cipher suite: TLS_ECDHE_ECDSA_WITH_AES_256_CBC_SHA384 for TLSv1
Ignoring unsupported cipher suite: TLS_ECDHE_RSA_WITH_AES_256_CBC_SHA384 for TLSv1
Ignoring unsupported cipher suite: TLS_RSA_WITH_AES_256_CBC_SHA256 for TLSv1
Ignoring unsupported cipher suite: TLS_ECDH_ECDSA_WITH_AES_256_CBC_SHA384 for TLSv1
Ignoring unsupported cipher suite: TLS_ECDH_RSA_WITH_AES_256_CBC_SHA384 for TLSv1
Ignoring unsupported cipher suite: TLS_DHE_RSA_WITH_AES_256_CBC_SHA256 for TLSv1
Ignoring unsupported cipher suite: TLS_DHE_DSS_WITH_AES_256_CBC_SHA256 for TLSv1
Ignoring unsupported cipher suite: TLS_ECDHE_ECDSA_WITH_AES_256_CBC_SHA384 for TLSv1.1
Ignoring unsupported cipher suite: TLS_ECDHE_RSA_WITH_AES_256_CBC_SHA384 for TLSv1.1
Ignoring unsupported cipher suite: TLS_RSA_WITH_AES_256_CBC_SHA256 for TLSv1.1
Ignoring unsupported cipher suite: TLS_ECDH_ECDSA_WITH_AES_256_CBC_SHA384 for TLSv1.1
Ignoring unsupported cipher suite: TLS_ECDH_RSA_WITH_AES_256_CBC_SHA384 for TLSv1.1
Ignoring unsupported cipher suite: TLS_DHE_RSA_WITH_AES_256_CBC_SHA256 for TLSv1.1
Ignoring unsupported cipher suite: TLS_DHE_DSS_WITH_AES_256_CBC_SHA256 for TLSv1.1
%% No cached client session
update handshake state: client_hello[1]
upcoming handshake states: server_hello[2]
*** ClientHello, TLSv1.2
RandomCookie:  GMT: 1576028788 bytes = { 195, 153, 233, 74, 10, 204, 175, 160, 17, 205, 13, 40, 169, 82, 44, 101, 109, 113, 117, 88, 173, 19, 248, 130, 195, 3, 209, 70 }
Session ID:  {}
Cipher Suites: [TLS_ECDHE_ECDSA_WITH_AES_256_CBC_SHA384, TLS_ECDHE_RSA_WITH_AES_256_CBC_SHA384, TLS_RSA_WITH_AES_256_CBC_SHA256, TLS_ECDH_ECDSA_WITH_AES_256_CBC_SHA384, TLS_ECDH_RSA_WITH_AES_256_CBC_SHA384, TLS_DHE_RSA_WITH_AES_256_CBC_SHA256, TLS_DHE_DSS_WITH_AES_256_CBC_SHA256, TLS_ECDHE_ECDSA_WITH_AES_256_CBC_SHA, TLS_ECDHE_RSA_WITH_AES_256_CBC_SHA, TLS_RSA_WITH_AES_256_CBC_SHA, TLS_ECDH_ECDSA_WITH_AES_256_CBC_SHA, TLS_ECDH_RSA_WITH_AES_256_CBC_SHA, TLS_DHE_RSA_WITH_AES_256_CBC_SHA, TLS_DHE_DSS_WITH_AES_256_CBC_SHA, TLS_ECDHE_ECDSA_WITH_AES_128_CBC_SHA256, TLS_ECDHE_RSA_WITH_AES_128_CBC_SHA256, TLS_RSA_WITH_AES_128_CBC_SHA256, TLS_ECDH_ECDSA_WITH_AES_128_CBC_SHA256, TLS_ECDH_RSA_WITH_AES_128_CBC_SHA256, TLS_DHE_RSA_WITH_AES_128_CBC_SHA256, TLS_DHE_DSS_WITH_AES_128_CBC_SHA256, TLS_ECDHE_ECDSA_WITH_AES_128_CBC_SHA, TLS_ECDHE_RSA_WITH_AES_128_CBC_SHA, TLS_RSA_WITH_AES_128_CBC_SHA, TLS_ECDH_ECDSA_WITH_AES_128_CBC_SHA, TLS_ECDH_RSA_WITH_AES_128_CBC_SHA, TLS_DHE_RSA_WITH_AES_128_CBC_SHA, TLS_DHE_DSS_WITH_AES_128_CBC_SHA, TLS_ECDHE_ECDSA_WITH_AES_256_GCM_SHA384, TLS_ECDHE_ECDSA_WITH_AES_128_GCM_SHA256, TLS_ECDHE_RSA_WITH_AES_256_GCM_SHA384, TLS_RSA_WITH_AES_256_GCM_SHA384, TLS_ECDH_ECDSA_WITH_AES_256_GCM_SHA384, TLS_ECDH_RSA_WITH_AES_256_GCM_SHA384, TLS_DHE_RSA_WITH_AES_256_GCM_SHA384, TLS_DHE_DSS_WITH_AES_256_GCM_SHA384, TLS_ECDHE_RSA_WITH_AES_128_GCM_SHA256, TLS_RSA_WITH_AES_128_GCM_SHA256, TLS_ECDH_ECDSA_WITH_AES_128_GCM_SHA256, TLS_ECDH_RSA_WITH_AES_128_GCM_SHA256, TLS_DHE_RSA_WITH_AES_128_GCM_SHA256, TLS_DHE_DSS_WITH_AES_128_GCM_SHA256, TLS_EMPTY_RENEGOTIATION_INFO_SCSV]
Compression Methods:  { 0 }
Extension elliptic_curves, curve names: {secp256r1, secp384r1, secp521r1}
Extension ec_point_formats, formats: [uncompressed]
Extension signature_algorithms, signature_algorithms: SHA512withECDSA, SHA512withRSA, SHA384withECDSA, SHA384withRSA, SHA256withECDSA, SHA256withRSA, SHA256withDSA, SHA1withECDSA, SHA1withRSA, SHA1withDSA
Extension extended_master_secret
Extension server_name, server_name: [type=host_name (0), value=activate.navicat.com]
***
nioEventLoopGroup-9-1, WRITE: TLSv1.2 Handshake, length = 208
trigger seeding of SecureRandom
done seeding SecureRandom
Using SSLEngineImpl.
%% Initialized:  [Session-103, SSL_NULL_WITH_NULL_NULL]
Allow unsafe renegotiation: false
Allow legacy hello messages: true
Is initial handshake: true
Is secure renegotiation: false
nioEventLoopGroup-8-5, READ: TLSv1.2 Handshake, length = 208
check handshake state: client_hello[1]
update handshake state: client_hello[1]
upcoming handshake states: server_hello[2]
*** ClientHello, TLSv1.2
RandomCookie:  GMT: 1576028788 bytes = { 195, 153, 233, 74, 10, 204, 175, 160, 17, 205, 13, 40, 169, 82, 44, 101, 109, 113, 117, 88, 173, 19, 248, 130, 195, 3, 209, 70 }
Session ID:  {}
Cipher Suites: [TLS_ECDHE_ECDSA_WITH_AES_256_CBC_SHA384, TLS_ECDHE_RSA_WITH_AES_256_CBC_SHA384, TLS_RSA_WITH_AES_256_CBC_SHA256, TLS_ECDH_ECDSA_WITH_AES_256_CBC_SHA384, TLS_ECDH_RSA_WITH_AES_256_CBC_SHA384, TLS_DHE_RSA_WITH_AES_256_CBC_SHA256, TLS_DHE_DSS_WITH_AES_256_CBC_SHA256, TLS_ECDHE_ECDSA_WITH_AES_256_CBC_SHA, TLS_ECDHE_RSA_WITH_AES_256_CBC_SHA, TLS_RSA_WITH_AES_256_CBC_SHA, TLS_ECDH_ECDSA_WITH_AES_256_CBC_SHA, TLS_ECDH_RSA_WITH_AES_256_CBC_SHA, TLS_DHE_RSA_WITH_AES_256_CBC_SHA, TLS_DHE_DSS_WITH_AES_256_CBC_SHA, TLS_ECDHE_ECDSA_WITH_AES_128_CBC_SHA256, TLS_ECDHE_RSA_WITH_AES_128_CBC_SHA256, TLS_RSA_WITH_AES_128_CBC_SHA256, TLS_ECDH_ECDSA_WITH_AES_128_CBC_SHA256, TLS_ECDH_RSA_WITH_AES_128_CBC_SHA256, TLS_DHE_RSA_WITH_AES_128_CBC_SHA256, TLS_DHE_DSS_WITH_AES_128_CBC_SHA256, TLS_ECDHE_ECDSA_WITH_AES_128_CBC_SHA, TLS_ECDHE_RSA_WITH_AES_128_CBC_SHA, TLS_RSA_WITH_AES_128_CBC_SHA, TLS_ECDH_ECDSA_WITH_AES_128_CBC_SHA, TLS_ECDH_RSA_WITH_AES_128_CBC_SHA, TLS_DHE_RSA_WITH_AES_128_CBC_SHA, TLS_DHE_DSS_WITH_AES_128_CBC_SHA, TLS_ECDHE_ECDSA_WITH_AES_256_GCM_SHA384, TLS_ECDHE_ECDSA_WITH_AES_128_GCM_SHA256, TLS_ECDHE_RSA_WITH_AES_256_GCM_SHA384, TLS_RSA_WITH_AES_256_GCM_SHA384, TLS_ECDH_ECDSA_WITH_AES_256_GCM_SHA384, TLS_ECDH_RSA_WITH_AES_256_GCM_SHA384, TLS_DHE_RSA_WITH_AES_256_GCM_SHA384, TLS_DHE_DSS_WITH_AES_256_GCM_SHA384, TLS_ECDHE_RSA_WITH_AES_128_GCM_SHA256, TLS_RSA_WITH_AES_128_GCM_SHA256, TLS_ECDH_ECDSA_WITH_AES_128_GCM_SHA256, TLS_ECDH_RSA_WITH_AES_128_GCM_SHA256, TLS_DHE_RSA_WITH_AES_128_GCM_SHA256, TLS_DHE_DSS_WITH_AES_128_GCM_SHA256, TLS_EMPTY_RENEGOTIATION_INFO_SCSV]
Compression Methods:  { 0 }
Extension elliptic_curves, curve names: {secp256r1, secp384r1, secp521r1}
Extension ec_point_formats, formats: [uncompressed]
Extension signature_algorithms, signature_algorithms: SHA512withECDSA, SHA512withRSA, SHA384withECDSA, SHA384withRSA, SHA256withECDSA, SHA256withRSA, SHA256withDSA, SHA1withECDSA, SHA1withRSA, SHA1withDSA
Extension extended_master_secret
Extension server_name, server_name: [type=host_name (0), value=activate.navicat.com]
***
%% Initialized:  [Session-104, SSL_NULL_WITH_NULL_NULL]
Standard ciphersuite chosen: TLS_ECDHE_RSA_WITH_AES_256_CBC_SHA384
%% Negotiating:  [Session-104, TLS_ECDHE_RSA_WITH_AES_256_CBC_SHA384]
*** ServerHello, TLSv1.2
RandomCookie:  GMT: 1576028788 bytes = { 4, 106, 237, 108, 115, 77, 7, 18, 86, 158, 151, 34, 141, 224, 57, 130, 71, 125, 166, 19, 8, 161, 117, 218, 105, 69, 6, 92 }
Session ID:  {94, 240, 74, 116, 33, 231, 110, 73, 1, 151, 148, 191, 4, 227, 7, 145, 52, 42, 79, 149, 11, 2, 25, 16, 119, 80, 62, 80, 143, 104, 87, 16}
Cipher Suite: TLS_ECDHE_RSA_WITH_AES_256_CBC_SHA384
Compression Method: 0
Extension renegotiation_info, renegotiated_connection: <empty>
Extension extended_master_secret
***
Cipher suite:  TLS_ECDHE_RSA_WITH_AES_256_CBC_SHA384
update handshake state: server_hello[2]
upcoming handshake states: server certificate[11]
upcoming handshake states: server_key_exchange[12](optional)
upcoming handshake states: certificate_request[13](optional)
upcoming handshake states: server_hello_done[14]
upcoming handshake states: client certificate[11](optional)
upcoming handshake states: client_key_exchange[16]
upcoming handshake states: certificate_verify[15](optional)
upcoming handshake states: client change_cipher_spec[-1]
upcoming handshake states: client finished[20]
upcoming handshake states: server change_cipher_spec[-1]
upcoming handshake states: server finished[20]
*** Certificate chain
chain [0] = [
[
  Version: V3
  Subject: CN=localhost, OU=ZooKeeper, O=Apache, L=Unknown, ST=Unknown, C=Unknown
  Signature Algorithm: SHA256withRSA, OID = 1.2.840.113549.1.1.11

  Key:  Sun RSA public key, 2048 bits
  params: null
  modulus: 20466894428749997265095448870198652391311568515891366224735448896044144250313384062095901217219702596717622583159291680947094046474456586662132842412743846124470020097713679685492900855417800931365512472314155689881392853768001073664569106127795833231344696659209258027979401908711647617989508135190248980524852215540637603770017238536229773075995665111861820945008718990948857303373661769409475939971958531493423489844433566328219155461676589360491136984327342101195255797973694339642711115427623510874675394946293706606142706174397483349590050687482693164890194014220011640037490528845185364811025836034294701994387
  public exponent: 65537
  Validity: [From: Sat Jan 31 02:57:30 CST 2015,
               To: Wed Feb 08 02:57:30 CST 3015]
  Issuer: CN=localhost, OU=ZooKeeper, O=Apache, L=Unknown, ST=Unknown, C=Unknown
  SerialNumber: [    7334b506]

Certificate Extensions: 1
[1]: ObjectId: 2.5.29.14 Criticality=false
SubjectKeyIdentifier [
KeyIdentifier [
0000: 65 D7 B4 E0 27 45 7A 00   58 2F AD D5 0B 64 2D 77  e...'Ez.X/...d-w
0010: 88 F7 AA F5                                        ....
]
]

]
  Algorithm: [SHA256withRSA]
  Signature:
0000: 1B C8 6B 36 83 1D 28 37   5C 1F 7D F6 C6 84 A0 BF  ..k6..(7\.......
0010: CA C0 47 CF C5 34 70 7A   CF 6B EA 34 84 BE 08 7A  ..G..4pz.k.4...z
0020: 98 E6 3D ED 1D E2 6F 06   DB 23 AB 41 AD D5 DF 1D  ..=...o..#.A....
0030: 92 F4 9D 05 FD 7C EE BE   4A 87 B8 F1 FE F4 5B 79  ........J.....[y
0040: DC AD F7 44 3D 67 08 7A   3B 91 D7 5A 79 44 96 D7  ...D=g.z;..ZyD..
0050: BE 0E 41 C8 64 E3 87 C3   28 11 AB DC 36 F5 B0 AC  ..A.d...(...6...
0060: BD 2F 16 1D 6E A1 52 25   5A EC 6F AD 20 71 5A 1B  ./..n.R%Z.o. qZ.
0070: 66 D4 0D A6 49 B7 75 43   C4 84 0B 4B AC BD 16 76  f...I.uC...K...v
0080: 58 2B 07 85 E2 F1 44 15   1E 67 D1 3C 13 73 5A 2D  X+....D..g.<.sZ-
0090: D6 06 0B A1 D3 09 7E EF   88 F9 C3 0E A4 10 47 EA  ..............G.
00A0: 65 5D CD F0 39 EA 2F 59   1C 08 BC F9 CC 5B C9 BB  e]..9./Y.....[..
00B0: 2F 20 19 81 97 B5 21 BB   60 A4 39 08 6C 41 2A 51  / ....!.`.9.lA*Q
00C0: B1 C3 1A A3 8C F8 ED 67   D0 EE EC 52 01 2A E4 1E  .......g...R.*..
00D0: D2 B4 34 73 DC 7E 34 24   A9 4E 77 AD FD B3 77 0D  ..4s..4$.Nw...w.
00E0: C2 7A C0 65 F6 CC 11 9D   19 AA 59 13 C3 9D AD 5F  .z.e......Y...._
00F0: 61 E6 C2 18 F0 E5 A1 49   41 B5 EF 9E 91 0C 35 9C  a......IA.....5.

]
***
update handshake state: certificate[11]
upcoming handshake states: server_key_exchange[12](optional)
upcoming handshake states: certificate_request[13](optional)
upcoming handshake states: server_hello_done[14]
upcoming handshake states: client certificate[11](optional)
upcoming handshake states: client_key_exchange[16]
upcoming handshake states: certificate_verify[15](optional)
upcoming handshake states: client change_cipher_spec[-1]
upcoming handshake states: client finished[20]
upcoming handshake states: server change_cipher_spec[-1]
upcoming handshake states: server finished[20]
*** ECDH ServerKeyExchange
Signature Algorithm SHA512withRSA
Server key: Sun EC public key, 256 bits
  public x coord: 111296663864886145030937980767854114563414738244159345816178940347261130786182
  public y coord: 103681850708927918981135599979700933124351006544683859127097453545736871907828
  parameters: secp256r1 [NIST P-256, X9.62 prime256v1] (1.2.840.10045.3.1.7)
update handshake state: server_key_exchange[12]
upcoming handshake states: certificate_request[13](optional)
upcoming handshake states: server_hello_done[14]
upcoming handshake states: client certificate[11](optional)
upcoming handshake states: client_key_exchange[16]
upcoming handshake states: certificate_verify[15](optional)
upcoming handshake states: client change_cipher_spec[-1]
upcoming handshake states: client finished[20]
upcoming handshake states: server change_cipher_spec[-1]
upcoming handshake states: server finished[20]
*** CertificateRequest
Cert Types: RSA, DSS, ECDSA
Supported Signature Algorithms: SHA512withECDSA, SHA512withRSA, SHA384withECDSA, SHA384withRSA, SHA256withECDSA, SHA256withRSA, SHA256withDSA, SHA1withECDSA, SHA1withRSA, SHA1withDSA
Cert Authorities:
<CN=localhost, OU=ZooKeeper, O=Apache, L=Unknown, ST=Unknown, C=Unknown>
update handshake state: unknown[13]
upcoming handshake states: server_hello_done[14]
upcoming handshake states: client certificate[11](optional)
upcoming handshake states: client_key_exchange[16]
upcoming handshake states: certificate_verify[15](optional)
upcoming handshake states: client change_cipher_spec[-1]
upcoming handshake states: client finished[20]
upcoming handshake states: server change_cipher_spec[-1]
upcoming handshake states: server finished[20]
*** ServerHelloDone
update handshake state: server_hello_done[14]
upcoming handshake states: client certificate[11](optional)
upcoming handshake states: client_key_exchange[16]
upcoming handshake states: certificate_verify[15](optional)
upcoming handshake states: client change_cipher_spec[-1]
upcoming handshake states: client finished[20]
upcoming handshake states: server change_cipher_spec[-1]
upcoming handshake states: server finished[20]
nioEventLoopGroup-8-5, WRITE: TLSv1.2 Handshake, length = 1478
nioEventLoopGroup-9-1, READ: TLSv1.2 Handshake, length = 1478
check handshake state: server_hello[2]
*** ServerHello, TLSv1.2
RandomCookie:  GMT: 1576028788 bytes = { 4, 106, 237, 108, 115, 77, 7, 18, 86, 158, 151, 34, 141, 224, 57, 130, 71, 125, 166, 19, 8, 161, 117, 218, 105, 69, 6, 92 }
Session ID:  {94, 240, 74, 116, 33, 231, 110, 73, 1, 151, 148, 191, 4, 227, 7, 145, 52, 42, 79, 149, 11, 2, 25, 16, 119, 80, 62, 80, 143, 104, 87, 16}
Cipher Suite: TLS_ECDHE_RSA_WITH_AES_256_CBC_SHA384
Compression Method: 0
Extension renegotiation_info, renegotiated_connection: <empty>
Extension extended_master_secret
***
%% Initialized:  [Session-105, TLS_ECDHE_RSA_WITH_AES_256_CBC_SHA384]
** TLS_ECDHE_RSA_WITH_AES_256_CBC_SHA384
update handshake state: server_hello[2]
upcoming handshake states: server certificate[11]
upcoming handshake states: server_key_exchange[12](optional)
upcoming handshake states: certificate_request[13](optional)
upcoming handshake states: server_hello_done[14]
upcoming handshake states: client certificate[11](optional)
upcoming handshake states: client_key_exchange[16]
upcoming handshake states: certificate_verify[15](optional)
upcoming handshake states: client change_cipher_spec[-1]
upcoming handshake states: client finished[20]
upcoming handshake states: server change_cipher_spec[-1]
upcoming handshake states: server finished[20]
check handshake state: certificate[11]
update handshake state: certificate[11]
upcoming handshake states: server_key_exchange[12](optional)
upcoming handshake states: certificate_request[13](optional)
upcoming handshake states: server_hello_done[14]
upcoming handshake states: client certificate[11](optional)
upcoming handshake states: client_key_exchange[16]
upcoming handshake states: certificate_verify[15](optional)
upcoming handshake states: client change_cipher_spec[-1]
upcoming handshake states: client finished[20]
upcoming handshake states: server change_cipher_spec[-1]
upcoming handshake states: server finished[20]
*** Certificate chain
chain [0] = [
[
  Version: V3
  Subject: CN=localhost, OU=ZooKeeper, O=Apache, L=Unknown, ST=Unknown, C=Unknown
  Signature Algorithm: SHA256withRSA, OID = 1.2.840.113549.1.1.11

  Key:  Sun RSA public key, 2048 bits
  params: null
  modulus: 20466894428749997265095448870198652391311568515891366224735448896044144250313384062095901217219702596717622583159291680947094046474456586662132842412743846124470020097713679685492900855417800931365512472314155689881392853768001073664569106127795833231344696659209258027979401908711647617989508135190248980524852215540637603770017238536229773075995665111861820945008718990948857303373661769409475939971958531493423489844433566328219155461676589360491136984327342101195255797973694339642711115427623510874675394946293706606142706174397483349590050687482693164890194014220011640037490528845185364811025836034294701994387
  public exponent: 65537
  Validity: [From: Sat Jan 31 02:57:30 CST 2015,
               To: Wed Feb 08 02:57:30 CST 3015]
  Issuer: CN=localhost, OU=ZooKeeper, O=Apache, L=Unknown, ST=Unknown, C=Unknown
  SerialNumber: [    7334b506]

Certificate Extensions: 1
[1]: ObjectId: 2.5.29.14 Criticality=false
SubjectKeyIdentifier [
KeyIdentifier [
0000: 65 D7 B4 E0 27 45 7A 00   58 2F AD D5 0B 64 2D 77  e...'Ez.X/...d-w
0010: 88 F7 AA F5                                        ....
]
]

]
  Algorithm: [SHA256withRSA]
  Signature:
0000: 1B C8 6B 36 83 1D 28 37   5C 1F 7D F6 C6 84 A0 BF  ..k6..(7\.......
0010: CA C0 47 CF C5 34 70 7A   CF 6B EA 34 84 BE 08 7A  ..G..4pz.k.4...z
0020: 98 E6 3D ED 1D E2 6F 06   DB 23 AB 41 AD D5 DF 1D  ..=...o..#.A....
0030: 92 F4 9D 05 FD 7C EE BE   4A 87 B8 F1 FE F4 5B 79  ........J.....[y
0040: DC AD F7 44 3D 67 08 7A   3B 91 D7 5A 79 44 96 D7  ...D=g.z;..ZyD..
0050: BE 0E 41 C8 64 E3 87 C3   28 11 AB DC 36 F5 B0 AC  ..A.d...(...6...
0060: BD 2F 16 1D 6E A1 52 25   5A EC 6F AD 20 71 5A 1B  ./..n.R%Z.o. qZ.
0070: 66 D4 0D A6 49 B7 75 43   C4 84 0B 4B AC BD 16 76  f...I.uC...K...v
0080: 58 2B 07 85 E2 F1 44 15   1E 67 D1 3C 13 73 5A 2D  X+....D..g.<.sZ-
0090: D6 06 0B A1 D3 09 7E EF   88 F9 C3 0E A4 10 47 EA  ..............G.
00A0: 65 5D CD F0 39 EA 2F 59   1C 08 BC F9 CC 5B C9 BB  e]..9./Y.....[..
00B0: 2F 20 19 81 97 B5 21 BB   60 A4 39 08 6C 41 2A 51  / ....!.`.9.lA*Q
00C0: B1 C3 1A A3 8C F8 ED 67   D0 EE EC 52 01 2A E4 1E  .......g...R.*..
00D0: D2 B4 34 73 DC 7E 34 24   A9 4E 77 AD FD B3 77 0D  ..4s..4$.Nw...w.
00E0: C2 7A C0 65 F6 CC 11 9D   19 AA 59 13 C3 9D AD 5F  .z.e......Y...._
00F0: 61 E6 C2 18 F0 E5 A1 49   41 B5 EF 9E 91 0C 35 9C  a......IA.....5.

]
***
Found trusted certificate:
[
[
  Version: V3
  Subject: CN=localhost, OU=ZooKeeper, O=Apache, L=Unknown, ST=Unknown, C=Unknown
  Signature Algorithm: SHA256withRSA, OID = 1.2.840.113549.1.1.11

  Key:  Sun RSA public key, 2048 bits
  params: null
  modulus: 20466894428749997265095448870198652391311568515891366224735448896044144250313384062095901217219702596717622583159291680947094046474456586662132842412743846124470020097713679685492900855417800931365512472314155689881392853768001073664569106127795833231344696659209258027979401908711647617989508135190248980524852215540637603770017238536229773075995665111861820945008718990948857303373661769409475939971958531493423489844433566328219155461676589360491136984327342101195255797973694339642711115427623510874675394946293706606142706174397483349590050687482693164890194014220011640037490528845185364811025836034294701994387
  public exponent: 65537
  Validity: [From: Sat Jan 31 02:57:30 CST 2015,
               To: Wed Feb 08 02:57:30 CST 3015]
  Issuer: CN=localhost, OU=ZooKeeper, O=Apache, L=Unknown, ST=Unknown, C=Unknown
  SerialNumber: [    7334b506]

Certificate Extensions: 1
[1]: ObjectId: 2.5.29.14 Criticality=false
SubjectKeyIdentifier [
KeyIdentifier [
0000: 65 D7 B4 E0 27 45 7A 00   58 2F AD D5 0B 64 2D 77  e...'Ez.X/...d-w
0010: 88 F7 AA F5                                        ....
]
]

]
  Algorithm: [SHA256withRSA]
  Signature:
0000: 1B C8 6B 36 83 1D 28 37   5C 1F 7D F6 C6 84 A0 BF  ..k6..(7\.......
0010: CA C0 47 CF C5 34 70 7A   CF 6B EA 34 84 BE 08 7A  ..G..4pz.k.4...z
0020: 98 E6 3D ED 1D E2 6F 06   DB 23 AB 41 AD D5 DF 1D  ..=...o..#.A....
0030: 92 F4 9D 05 FD 7C EE BE   4A 87 B8 F1 FE F4 5B 79  ........J.....[y
0040: DC AD F7 44 3D 67 08 7A   3B 91 D7 5A 79 44 96 D7  ...D=g.z;..ZyD..
0050: BE 0E 41 C8 64 E3 87 C3   28 11 AB DC 36 F5 B0 AC  ..A.d...(...6...
0060: BD 2F 16 1D 6E A1 52 25   5A EC 6F AD 20 71 5A 1B  ./..n.R%Z.o. qZ.
0070: 66 D4 0D A6 49 B7 75 43   C4 84 0B 4B AC BD 16 76  f...I.uC...K...v
0080: 58 2B 07 85 E2 F1 44 15   1E 67 D1 3C 13 73 5A 2D  X+....D..g.<.sZ-
0090: D6 06 0B A1 D3 09 7E EF   88 F9 C3 0E A4 10 47 EA  ..............G.
00A0: 65 5D CD F0 39 EA 2F 59   1C 08 BC F9 CC 5B C9 BB  e]..9./Y.....[..
00B0: 2F 20 19 81 97 B5 21 BB   60 A4 39 08 6C 41 2A 51  / ....!.`.9.lA*Q
00C0: B1 C3 1A A3 8C F8 ED 67   D0 EE EC 52 01 2A E4 1E  .......g...R.*..
00D0: D2 B4 34 73 DC 7E 34 24   A9 4E 77 AD FD B3 77 0D  ..4s..4$.Nw...w.
00E0: C2 7A C0 65 F6 CC 11 9D   19 AA 59 13 C3 9D AD 5F  .z.e......Y...._
00F0: 61 E6 C2 18 F0 E5 A1 49   41 B5 EF 9E 91 0C 35 9C  a......IA.....5.

]
2020-06-22 14:06:44,676 [myid:127.0.0.1:30074] - ERROR [nioEventLoopGroup-9-1:ZKTrustManager@161] - Failed to verify host address: 127.0.0.1
javax.net.ssl.SSLPeerUnverifiedException: Certificate for <127.0.0.1> doesn't match common name of the certificate subject: localhost
	at org.apache.zookeeper.common.ZKHostnameVerifier.matchCN(ZKHostnameVerifier.java:238)
	at org.apache.zookeeper.common.ZKHostnameVerifier.verify(ZKHostnameVerifier.java:184)
	at org.apache.zookeeper.common.ZKTrustManager.performHostVerification(ZKTrustManager.java:151)
	at org.apache.zookeeper.common.ZKTrustManager.checkServerTrusted(ZKTrustManager.java:118)
	at sun.security.ssl.ClientHandshaker.serverCertificate(ClientHandshaker.java:1675)
	at sun.security.ssl.ClientHandshaker.processMessage(ClientHandshaker.java:226)
	at sun.security.ssl.Handshaker.processLoop(Handshaker.java:1082)
	at sun.security.ssl.Handshaker$1.run(Handshaker.java:1015)
	at sun.security.ssl.Handshaker$1.run(Handshaker.java:1012)
	at java.security.AccessController.doPrivileged(Native Method)
	at sun.security.ssl.Handshaker$DelegatedTask.run(Handshaker.java:1504)
	at io.netty.handler.ssl.SslHandler.runAllDelegatedTasks(SslHandler.java:1510)
	at io.netty.handler.ssl.SslHandler.runDelegatedTasks(SslHandler.java:1524)
	at io.netty.handler.ssl.SslHandler.unwrap(SslHandler.java:1408)
	at io.netty.handler.ssl.SslHandler.decodeJdkCompatible(SslHandler.java:1235)
	at io.netty.handler.ssl.SslHandler.decode(SslHandler.java:1282)
	at io.netty.handler.codec.ByteToMessageDecoder.decodeRemovalReentryProtection(ByteToMessageDecoder.java:498)
	at io.netty.handler.codec.ByteToMessageDecoder.callDecode(ByteToMessageDecoder.java:437)
	at io.netty.handler.codec.ByteToMessageDecoder.channelRead(ByteToMessageDecoder.java:276)
	at io.netty.channel.AbstractChannelHandlerContext.invokeChannelRead(AbstractChannelHandlerContext.java:379)
	at io.netty.channel.AbstractChannelHandlerContext.invokeChannelRead(AbstractChannelHandlerContext.java:365)
	at io.netty.channel.AbstractChannelHandlerContext.fireChannelRead(AbstractChannelHandlerContext.java:357)
	at io.netty.channel.DefaultChannelPipeline$HeadContext.channelRead(DefaultChannelPipeline.java:1410)
	at io.netty.channel.AbstractChannelHandlerContext.invokeChannelRead(AbstractChannelHandlerContext.java:379)
	at io.netty.channel.AbstractChannelHandlerContext.invokeChannelRead(AbstractChannelHandlerContext.java:365)
	at io.netty.channel.DefaultChannelPipeline.fireChannelRead(DefaultChannelPipeline.java:919)
	at io.netty.channel.nio.AbstractNioByteChannel$NioByteUnsafe.read(AbstractNioByteChannel.java:163)
	at io.netty.channel.nio.NioEventLoop.processSelectedKey(NioEventLoop.java:714)
	at io.netty.channel.nio.NioEventLoop.processSelectedKeysOptimized(NioEventLoop.java:650)
	at io.netty.channel.nio.NioEventLoop.processSelectedKeys(NioEventLoop.java:576)
	at io.netty.channel.nio.NioEventLoop.run(NioEventLoop.java:493)
	at io.netty.util.concurrent.SingleThreadEventExecutor$4.run(SingleThreadEventExecutor.java:989)
	at io.netty.util.internal.ThreadExecutorMap$2.run(ThreadExecutorMap.java:74)
	at io.netty.util.concurrent.FastThreadLocalRunnable.run(FastThreadLocalRunnable.java:30)
	at java.lang.Thread.run(Thread.java:748)
2020-06-22 14:06:44,677 [myid:127.0.0.1:30074] - ERROR [nioEventLoopGroup-9-1:ZKTrustManager@162] - Failed to verify hostname: activate.navicat.com
javax.net.ssl.SSLPeerUnverifiedException: Certificate for <activate.navicat.com> doesn't match common name of the certificate subject: localhost
	at org.apache.zookeeper.common.ZKHostnameVerifier.matchCN(ZKHostnameVerifier.java:238)
	at org.apache.zookeeper.common.ZKHostnameVerifier.verify(ZKHostnameVerifier.java:184)
	at org.apache.zookeeper.common.ZKTrustManager.performHostVerification(ZKTrustManager.java:159)
	at org.apache.zookeeper.common.ZKTrustManager.checkServerTrusted(ZKTrustManager.java:118)
	at sun.security.ssl.ClientHandshaker.serverCertificate(ClientHandshaker.java:1675)
	at sun.security.ssl.ClientHandshaker.processMessage(ClientHandshaker.java:226)
	at sun.security.ssl.Handshaker.processLoop(Handshaker.java:1082)
	at sun.security.ssl.Handshaker$1.run(Handshaker.java:1015)
	at sun.security.ssl.Handshaker$1.run(Handshaker.java:1012)
	at java.security.AccessController.doPrivileged(Native Method)
	at sun.security.ssl.Handshaker$DelegatedTask.run(Handshaker.java:1504)
	at io.netty.handler.ssl.SslHandler.runAllDelegatedTasks(SslHandler.java:1510)
	at io.netty.handler.ssl.SslHandler.runDelegatedTasks(SslHandler.java:1524)
	at io.netty.handler.ssl.SslHandler.unwrap(SslHandler.java:1408)
	at io.netty.handler.ssl.SslHandler.decodeJdkCompatible(SslHandler.java:1235)
	at io.netty.handler.ssl.SslHandler.decode(SslHandler.java:1282)
	at io.netty.handler.codec.ByteToMessageDecoder.decodeRemovalReentryProtection(ByteToMessageDecoder.java:498)
	at io.netty.handler.codec.ByteToMessageDecoder.callDecode(ByteToMessageDecoder.java:437)
	at io.netty.handler.codec.ByteToMessageDecoder.channelRead(ByteToMessageDecoder.java:276)
	at io.netty.channel.AbstractChannelHandlerContext.invokeChannelRead(AbstractChannelHandlerContext.java:379)
	at io.netty.channel.AbstractChannelHandlerContext.invokeChannelRead(AbstractChannelHandlerContext.java:365)
	at io.netty.channel.AbstractChannelHandlerContext.fireChannelRead(AbstractChannelHandlerContext.java:357)
	at io.netty.channel.DefaultChannelPipeline$HeadContext.channelRead(DefaultChannelPipeline.java:1410)
	at io.netty.channel.AbstractChannelHandlerContext.invokeChannelRead(AbstractChannelHandlerContext.java:379)
	at io.netty.channel.AbstractChannelHandlerContext.invokeChannelRead(AbstractChannelHandlerContext.java:365)
	at io.netty.channel.DefaultChannelPipeline.fireChannelRead(DefaultChannelPipeline.java:919)
	at io.netty.channel.nio.AbstractNioByteChannel$NioByteUnsafe.read(AbstractNioByteChannel.java:163)
	at io.netty.channel.nio.NioEventLoop.processSelectedKey(NioEventLoop.java:714)
	at io.netty.channel.nio.NioEventLoop.processSelectedKeysOptimized(NioEventLoop.java:650)
	at io.netty.channel.nio.NioEventLoop.processSelectedKeys(NioEventLoop.java:576)
	at io.netty.channel.nio.NioEventLoop.run(NioEventLoop.java:493)
	at io.netty.util.concurrent.SingleThreadEventExecutor$4.run(SingleThreadEventExecutor.java:989)
	at io.netty.util.internal.ThreadExecutorMap$2.run(ThreadExecutorMap.java:74)
	at io.netty.util.concurrent.FastThreadLocalRunnable.run(FastThreadLocalRunnable.java:30)
	at java.lang.Thread.run(Thread.java:748)
nioEventLoopGroup-9-1, fatal error: 46: General SSLEngine problem
java.security.cert.CertificateException: Failed to verify both host address and host name
%% Invalidated:  [Session-102, SSL_NULL_WITH_NULL_NULL]
%% Invalidated:  [Session-105, TLS_ECDHE_RSA_WITH_AES_256_CBC_SHA384]
nioEventLoopGroup-9-1, SEND TLSv1.2 ALERT:  fatal, description = certificate_unknown
nioEventLoopGroup-9-1, WRITE: TLSv1.2 Alert, length = 2
nioEventLoopGroup-9-1, fatal: engine already closed.  Rethrowing javax.net.ssl.SSLHandshakeException: General SSLEngine problem
nioEventLoopGroup-9-1, called closeOutbound()
nioEventLoopGroup-9-1, closeOutboundInternal()
nioEventLoopGroup-9-1, called closeInbound()
nioEventLoopGroup-9-1, fatal: engine already closed.  Rethrowing javax.net.ssl.SSLException: Inbound closed before receiving peer's close_notify: possible truncation attack?
nioEventLoopGroup-8-5, READ: TLSv1.2 Alert, length = 2
nioEventLoopGroup-8-5, RECV TLSv1.2 ALERT:  fatal, certificate_unknown
nioEventLoopGroup-8-5, fatal: engine already closed.  Rethrowing javax.net.ssl.SSLException: Received fatal alert: certificate_unknown
nioEventLoopGroup-8-5, fatal: engine already closed.  Rethrowing javax.net.ssl.SSLException: Received fatal alert: certificate_unknown
2020-06-22 14:06:44,678 [myid:] - ERROR [nioEventLoopGroup-8-5:NettyServerCnxnFactory$CertificateVerifier@434] - Unsuccessful handshake with session 0x0
nioEventLoopGroup-8-5, called closeOutbound()
nioEventLoopGroup-8-5, closeOutboundInternal()
nioEventLoopGroup-8-5, SEND TLSv1.2 ALERT:  warning, description = close_notify
nioEventLoopGroup-8-5, WRITE: TLSv1.2 Alert, length = 2
nioEventLoopGroup-8-5, called closeInbound()
nioEventLoopGroup-8-5, fatal: engine already closed.  Rethrowing javax.net.ssl.SSLException: Inbound closed before receiving peer's close_notify: possible truncation attack?
2020-06-22 14:06:44,678 [myid:127.0.0.1:30074] - ERROR [nioEventLoopGroup-9-1:ClientCnxnSocketNetty$ZKClientHandler@522] - Unexpected throwable
io.netty.handler.codec.DecoderException: javax.net.ssl.SSLHandshakeException: General SSLEngine problem
	at io.netty.handler.codec.ByteToMessageDecoder.callDecode(ByteToMessageDecoder.java:468)
	at io.netty.handler.codec.ByteToMessageDecoder.channelRead(ByteToMessageDecoder.java:276)
	at io.netty.channel.AbstractChannelHandlerContext.invokeChannelRead(AbstractChannelHandlerContext.java:379)
	at io.netty.channel.AbstractChannelHandlerContext.invokeChannelRead(AbstractChannelHandlerContext.java:365)
	at io.netty.channel.AbstractChannelHandlerContext.fireChannelRead(AbstractChannelHandlerContext.java:357)
	at io.netty.channel.DefaultChannelPipeline$HeadContext.channelRead(DefaultChannelPipeline.java:1410)
	at io.netty.channel.AbstractChannelHandlerContext.invokeChannelRead(AbstractChannelHandlerContext.java:379)
	at io.netty.channel.AbstractChannelHandlerContext.invokeChannelRead(AbstractChannelHandlerContext.java:365)
	at io.netty.channel.DefaultChannelPipeline.fireChannelRead(DefaultChannelPipeline.java:919)
	at io.netty.channel.nio.AbstractNioByteChannel$NioByteUnsafe.read(AbstractNioByteChannel.java:163)
	at io.netty.channel.nio.NioEventLoop.processSelectedKey(NioEventLoop.java:714)
	at io.netty.channel.nio.NioEventLoop.processSelectedKeysOptimized(NioEventLoop.java:650)
	at io.netty.channel.nio.NioEventLoop.processSelectedKeys(NioEventLoop.java:576)
	at io.netty.channel.nio.NioEventLoop.run(NioEventLoop.java:493)
	at io.netty.util.concurrent.SingleThreadEventExecutor$4.run(SingleThreadEventExecutor.java:989)
	at io.netty.util.internal.ThreadExecutorMap$2.run(ThreadExecutorMap.java:74)
	at io.netty.util.concurrent.FastThreadLocalRunnable.run(FastThreadLocalRunnable.java:30)
	at java.lang.Thread.run(Thread.java:748)
Caused by: javax.net.ssl.SSLHandshakeException: General SSLEngine problem
	at sun.security.ssl.Handshaker.checkThrown(Handshaker.java:1566)
	at sun.security.ssl.SSLEngineImpl.checkTaskThrown(SSLEngineImpl.java:545)
	at sun.security.ssl.SSLEngineImpl.readNetRecord(SSLEngineImpl.java:819)
	at sun.security.ssl.SSLEngineImpl.unwrap(SSLEngineImpl.java:783)
	at javax.net.ssl.SSLEngine.unwrap(SSLEngine.java:626)
	at io.netty.handler.ssl.SslHandler$SslEngineType$3.unwrap(SslHandler.java:281)
	at io.netty.handler.ssl.SslHandler.unwrap(SslHandler.java:1340)
	at io.netty.handler.ssl.SslHandler.decodeJdkCompatible(SslHandler.java:1235)
	at io.netty.handler.ssl.SslHandler.decode(SslHandler.java:1282)
	at io.netty.handler.codec.ByteToMessageDecoder.decodeRemovalReentryProtection(ByteToMessageDecoder.java:498)
	at io.netty.handler.codec.ByteToMessageDecoder.callDecode(ByteToMessageDecoder.java:437)
	... 17 more
Caused by: javax.net.ssl.SSLHandshakeException: General SSLEngine problem
	at sun.security.ssl.Alerts.getSSLException(Alerts.java:198)
	at sun.security.ssl.SSLEngineImpl.fatal(SSLEngineImpl.java:1729)
	at sun.security.ssl.Handshaker.fatalSE(Handshaker.java:333)
	at sun.security.ssl.Handshaker.fatalSE(Handshaker.java:325)
	at sun.security.ssl.ClientHandshaker.serverCertificate(ClientHandshaker.java:1688)
	at sun.security.ssl.ClientHandshaker.processMessage(ClientHandshaker.java:226)
	at sun.security.ssl.Handshaker.processLoop(Handshaker.java:1082)
	at sun.security.ssl.Handshaker$1.run(Handshaker.java:1015)
	at sun.security.ssl.Handshaker$1.run(Handshaker.java:1012)
	at java.security.AccessController.doPrivileged(Native Method)
	at sun.security.ssl.Handshaker$DelegatedTask.run(Handshaker.java:1504)
	at io.netty.handler.ssl.SslHandler.runAllDelegatedTasks(SslHandler.java:1510)
	at io.netty.handler.ssl.SslHandler.runDelegatedTasks(SslHandler.java:1524)
	at io.netty.handler.ssl.SslHandler.unwrap(SslHandler.java:1408)
	... 21 more
Caused by: java.security.cert.CertificateException: Failed to verify both host address and host name
	at org.apache.zookeeper.common.ZKTrustManager.performHostVerification(ZKTrustManager.java:163)
	at org.apache.zookeeper.common.ZKTrustManager.checkServerTrusted(ZKTrustManager.java:118)
	at sun.security.ssl.ClientHandshaker.serverCertificate(ClientHandshaker.java:1675)
	... 30 more
Caused by: javax.net.ssl.SSLPeerUnverifiedException: Certificate for <activate.navicat.com> doesn't match common name of the certificate subject: localhost
	at org.apache.zookeeper.common.ZKHostnameVerifier.matchCN(ZKHostnameVerifier.java:238)
	at org.apache.zookeeper.common.ZKHostnameVerifier.verify(ZKHostnameVerifier.java:184)
	at org.apache.zookeeper.common.ZKTrustManager.performHostVerification(ZKTrustManager.java:159)
	... 32 more
2020-06-22 14:06:44,679 [myid:127.0.0.1:30074] - INFO  [nioEventLoopGroup-9-1:ClientCnxnSocketNetty@249] - channel is told closing
nioEventLoopGroup-9-1, called closeOutbound()
nioEventLoopGroup-9-1, closeOutboundInternal()
2020-06-22 14:06:44,679 [myid:127.0.0.1:30074] - WARN  [main-SendThread(127.0.0.1:30074):ClientCnxn$SendThread@1272] - Session 0x0 for sever activate.navicat.com/127.0.0.1:30074, Closing socket connection. Attempting reconnect except it is a SessionExpiredException.
EndOfStreamException: channel for sessionid 0x0 is lost
	at org.apache.zookeeper.ClientCnxnSocketNetty.doTransport(ClientCnxnSocketNetty.java:285)
	at org.apache.zookeeper.ClientCnxn$SendThread.run(ClientCnxn.java:1262)
2020-06-22 14:06:44,679 [myid:] - WARN  [nioEventLoopGroup-8-5:NettyServerCnxnFactory$CnxnChannelHandler@273] - Exception caught
io.netty.handler.codec.DecoderException: javax.net.ssl.SSLException: Received fatal alert: certificate_unknown
	at io.netty.handler.codec.ByteToMessageDecoder.callDecode(ByteToMessageDecoder.java:468)
	at io.netty.handler.codec.ByteToMessageDecoder.channelRead(ByteToMessageDecoder.java:276)
	at io.netty.channel.AbstractChannelHandlerContext.invokeChannelRead(AbstractChannelHandlerContext.java:379)
	at io.netty.channel.AbstractChannelHandlerContext.invokeChannelRead(AbstractChannelHandlerContext.java:365)
	at io.netty.channel.AbstractChannelHandlerContext.fireChannelRead(AbstractChannelHandlerContext.java:357)
	at io.netty.channel.DefaultChannelPipeline$HeadContext.channelRead(DefaultChannelPipeline.java:1410)
	at io.netty.channel.AbstractChannelHandlerContext.invokeChannelRead(AbstractChannelHandlerContext.java:379)
	at io.netty.channel.AbstractChannelHandlerContext.invokeChannelRead(AbstractChannelHandlerContext.java:365)
	at io.netty.channel.DefaultChannelPipeline.fireChannelRead(DefaultChannelPipeline.java:919)
	at io.netty.channel.nio.AbstractNioByteChannel$NioByteUnsafe.read(AbstractNioByteChannel.java:163)
	at io.netty.channel.nio.NioEventLoop.processSelectedKey(NioEventLoop.java:714)
	at io.netty.channel.nio.NioEventLoop.processSelectedKeysOptimized(NioEventLoop.java:650)
	at io.netty.channel.nio.NioEventLoop.processSelectedKeys(NioEventLoop.java:576)
	at io.netty.channel.nio.NioEventLoop.run(NioEventLoop.java:493)
	at io.netty.util.concurrent.SingleThreadEventExecutor$4.run(SingleThreadEventExecutor.java:989)
	at io.netty.util.internal.ThreadExecutorMap$2.run(ThreadExecutorMap.java:74)
	at io.netty.util.concurrent.FastThreadLocalRunnable.run(FastThreadLocalRunnable.java:30)
	at java.lang.Thread.run(Thread.java:748)
Caused by: javax.net.ssl.SSLException: Received fatal alert: certificate_unknown
	at sun.security.ssl.Alerts.getSSLException(Alerts.java:214)
	at sun.security.ssl.SSLEngineImpl.fatal(SSLEngineImpl.java:1667)
	at sun.security.ssl.SSLEngineImpl.fatal(SSLEngineImpl.java:1635)
	at sun.security.ssl.SSLEngineImpl.recvAlert(SSLEngineImpl.java:1801)
	at sun.security.ssl.SSLEngineImpl.readRecord(SSLEngineImpl.java:1090)
	at sun.security.ssl.SSLEngineImpl.readNetRecord(SSLEngineImpl.java:913)
	at sun.security.ssl.SSLEngineImpl.unwrap(SSLEngineImpl.java:783)
	at javax.net.ssl.SSLEngine.unwrap(SSLEngine.java:626)
	at io.netty.handler.ssl.SslHandler$SslEngineType$3.unwrap(SslHandler.java:281)
	at io.netty.handler.ssl.SslHandler.unwrap(SslHandler.java:1340)
	at io.netty.handler.ssl.SslHandler.decodeJdkCompatible(SslHandler.java:1235)
	at io.netty.handler.ssl.SslHandler.decode(SslHandler.java:1282)
	at io.netty.handler.codec.ByteToMessageDecoder.decodeRemovalReentryProtection(ByteToMessageDecoder.java:498)
	at io.netty.handler.codec.ByteToMessageDecoder.callDecode(ByteToMessageDecoder.java:437)
	... 17 more
nioEventLoopGroup-8-5, called closeOutbound()
nioEventLoopGroup-8-5, closeOutboundInternal()
2020-06-22 14:06:44,679 [myid:127.0.0.1:30074] - INFO  [nioEventLoopGroup-9-1:ClientCnxnSocketNetty$ZKClientHandler@469] - channel is disconnected: [id: 0x18e9f79f, L:/127.0.0.1:55853 ! R:activate.navicat.com/127.0.0.1:30074]
nioEventLoopGroup-8-5, READ: TLSv1.2 Alert, length = 2
nioEventLoopGroup-8-5, RECV TLSv1.2 ALERT:  fatal, certificate_unknown
nioEventLoopGroup-8-5, fatal: engine already closed.  Rethrowing javax.net.ssl.SSLException: Received fatal alert: certificate_unknown
nioEventLoopGroup-8-5, fatal: engine already closed.  Rethrowing javax.net.ssl.SSLException: Received fatal alert: certificate_unknown
nioEventLoopGroup-8-5, called closeOutbound()
nioEventLoopGroup-8-5, closeOutboundInternal()
nioEventLoopGroup-8-5, called closeInbound()
nioEventLoopGroup-8-5, closeInboundInternal()
nioEventLoopGroup-8-5, closeOutboundInternal()
2020-06-22 14:06:44,947 [myid:] - WARN  [nioEventLoopGroup-8-5:NettyServerCnxnFactory$CnxnChannelHandler@273] - Exception caught
io.netty.handler.codec.DecoderException: javax.net.ssl.SSLException: Received fatal alert: certificate_unknown
	at io.netty.handler.codec.ByteToMessageDecoder.callDecode(ByteToMessageDecoder.java:468)
	at io.netty.handler.codec.ByteToMessageDecoder.channelInputClosed(ByteToMessageDecoder.java:401)
	at io.netty.handler.codec.ByteToMessageDecoder.channelInputClosed(ByteToMessageDecoder.java:368)
	at io.netty.handler.codec.ByteToMessageDecoder.channelInactive(ByteToMessageDecoder.java:351)
	at io.netty.handler.ssl.SslHandler.channelInactive(SslHandler.java:1084)
	at io.netty.channel.AbstractChannelHandlerContext.invokeChannelInactive(AbstractChannelHandlerContext.java:262)
	at io.netty.channel.AbstractChannelHandlerContext.invokeChannelInactive(AbstractChannelHandlerContext.java:248)
	at io.netty.channel.AbstractChannelHandlerContext.fireChannelInactive(AbstractChannelHandlerContext.java:241)
	at io.netty.channel.DefaultChannelPipeline$HeadContext.channelInactive(DefaultChannelPipeline.java:1405)
	at io.netty.channel.AbstractChannelHandlerContext.invokeChannelInactive(AbstractChannelHandlerContext.java:262)
	at io.netty.channel.AbstractChannelHandlerContext.invokeChannelInactive(AbstractChannelHandlerContext.java:248)
	at io.netty.channel.DefaultChannelPipeline.fireChannelInactive(DefaultChannelPipeline.java:901)
	at io.netty.channel.AbstractChannel$AbstractUnsafe$8.run(AbstractChannel.java:818)
	at io.netty.util.concurrent.AbstractEventExecutor.safeExecute(AbstractEventExecutor.java:164)
	at io.netty.util.concurrent.SingleThreadEventExecutor.runAllTasks(SingleThreadEventExecutor.java:472)
	at io.netty.channel.nio.NioEventLoop.run(NioEventLoop.java:497)
	at io.netty.util.concurrent.SingleThreadEventExecutor$4.run(SingleThreadEventExecutor.java:989)
	at io.netty.util.internal.ThreadExecutorMap$2.run(ThreadExecutorMap.java:74)
	at io.netty.util.concurrent.FastThreadLocalRunnable.run(FastThreadLocalRunnable.java:30)
	at java.lang.Thread.run(Thread.java:748)
Caused by: javax.net.ssl.SSLException: Received fatal alert: certificate_unknown
	at sun.security.ssl.Alerts.getSSLException(Alerts.java:214)
	at sun.security.ssl.SSLEngineImpl.fatal(SSLEngineImpl.java:1667)
	at sun.security.ssl.SSLEngineImpl.fatal(SSLEngineImpl.java:1635)
	at sun.security.ssl.SSLEngineImpl.recvAlert(SSLEngineImpl.java:1801)
	at sun.security.ssl.SSLEngineImpl.readRecord(SSLEngineImpl.java:1090)
	at sun.security.ssl.SSLEngineImpl.readNetRecord(SSLEngineImpl.java:913)
	at sun.security.ssl.SSLEngineImpl.unwrap(SSLEngineImpl.java:783)
	at javax.net.ssl.SSLEngine.unwrap(SSLEngine.java:626)
	at io.netty.handler.ssl.SslHandler$SslEngineType$3.unwrap(SslHandler.java:281)
	at io.netty.handler.ssl.SslHandler.unwrap(SslHandler.java:1340)
	at io.netty.handler.ssl.SslHandler.decodeJdkCompatible(SslHandler.java:1235)
	at io.netty.handler.ssl.SslHandler.decode(SslHandler.java:1282)
	at io.netty.handler.codec.ByteToMessageDecoder.decodeRemovalReentryProtection(ByteToMessageDecoder.java:498)
	at io.netty.handler.codec.ByteToMessageDecoder.callDecode(ByteToMessageDecoder.java:437)
	... 19 more
2020-06-22 14:06:45,167 [myid:127.0.0.1:30073] - INFO  [main-SendThread(127.0.0.1:30073):ClientCnxn$SendThread@1154] - Opening socket connection to server activate.navicat.com/127.0.0.1:30073.
2020-06-22 14:06:45,167 [myid:127.0.0.1:30073] - INFO  [main-SendThread(127.0.0.1:30073):ClientCnxn$SendThread@1156] - SASL config status: Will not attempt to authenticate using SASL (unknown error)
adding as trusted cert:
  Subject: CN=localhost, OU=ZooKeeper, O=Apache, L=Unknown, ST=Unknown, C=Unknown
  Issuer:  CN=localhost, OU=ZooKeeper, O=Apache, L=Unknown, ST=Unknown, C=Unknown
  Algorithm: RSA; Serial number: 0x7334b506
  Valid from Sat Jan 31 02:57:30 CST 2015 until Wed Feb 08 02:57:30 CST 3015

trigger seeding of SecureRandom
done seeding SecureRandom
Using SSLEngineImpl.
%% Initialized:  [Session-106, SSL_NULL_WITH_NULL_NULL]
2020-06-22 14:06:45,170 [myid:127.0.0.1:30073] - INFO  [nioEventLoopGroup-5-1:ClientCnxnSocketNetty$ZKClientPipelineFactory@454] - SSL handler added for channel: [id: 0x7c7c6b23]
2020-06-22 14:06:46,383 [myid:127.0.0.1:30074] - INFO  [main-SendThread(127.0.0.1:30074):ClientCnxn$SendThread@1154] - Opening socket connection to server activate.navicat.com/127.0.0.1:30074.
2020-06-22 14:06:46,383 [myid:127.0.0.1:30074] - INFO  [main-SendThread(127.0.0.1:30074):ClientCnxn$SendThread@1156] - SASL config status: Will not attempt to authenticate using SASL (unknown error)
adding as trusted cert:
  Subject: CN=localhost, OU=ZooKeeper, O=Apache, L=Unknown, ST=Unknown, C=Unknown
  Issuer:  CN=localhost, OU=ZooKeeper, O=Apache, L=Unknown, ST=Unknown, C=Unknown
  Algorithm: RSA; Serial number: 0x7334b506
  Valid from Sat Jan 31 02:57:30 CST 2015 until Wed Feb 08 02:57:30 CST 3015

trigger seeding of SecureRandom
done seeding SecureRandom
Using SSLEngineImpl.
%% Initialized:  [Session-107, SSL_NULL_WITH_NULL_NULL]
2020-06-22 14:06:46,385 [myid:127.0.0.1:30074] - INFO  [nioEventLoopGroup-9-1:ClientCnxnSocketNetty$ZKClientPipelineFactory@454] - SSL handler added for channel: [id: 0xf9a1d550]
2020-06-22 14:06:46,386 [myid:127.0.0.1:30074] - INFO  [nioEventLoopGroup-9-1:ClientCnxn$SendThread@986] - Socket connection established, initiating session, client: /127.0.0.1:55990, server: activate.navicat.com/127.0.0.1:30074
2020-06-22 14:06:46,387 [myid:127.0.0.1:30074] - INFO  [nioEventLoopGroup-9-1:ClientCnxnSocketNetty$1@184] - channel is connected: [id: 0xf9a1d550, L:/127.0.0.1:55990 - R:activate.navicat.com/127.0.0.1:30074]
Allow unsafe renegotiation: false
Allow legacy hello messages: true
Is initial handshake: true
Is secure renegotiation: false
Ignoring unsupported cipher suite: TLS_ECDHE_ECDSA_WITH_AES_256_CBC_SHA384 for TLSv1
Ignoring unsupported cipher suite: TLS_ECDHE_RSA_WITH_AES_256_CBC_SHA384 for TLSv1
Ignoring unsupported cipher suite: TLS_RSA_WITH_AES_256_CBC_SHA256 for TLSv1
Ignoring unsupported cipher suite: TLS_ECDH_ECDSA_WITH_AES_256_CBC_SHA384 for TLSv1
Ignoring unsupported cipher suite: TLS_ECDH_RSA_WITH_AES_256_CBC_SHA384 for TLSv1
Ignoring unsupported cipher suite: TLS_DHE_RSA_WITH_AES_256_CBC_SHA256 for TLSv1
Ignoring unsupported cipher suite: TLS_DHE_DSS_WITH_AES_256_CBC_SHA256 for TLSv1
Ignoring unsupported cipher suite: TLS_ECDHE_ECDSA_WITH_AES_256_CBC_SHA384 for TLSv1.1
Ignoring unsupported cipher suite: TLS_ECDHE_RSA_WITH_AES_256_CBC_SHA384 for TLSv1.1
Ignoring unsupported cipher suite: TLS_RSA_WITH_AES_256_CBC_SHA256 for TLSv1.1
Ignoring unsupported cipher suite: TLS_ECDH_ECDSA_WITH_AES_256_CBC_SHA384 for TLSv1.1
Ignoring unsupported cipher suite: TLS_ECDH_RSA_WITH_AES_256_CBC_SHA384 for TLSv1.1
Ignoring unsupported cipher suite: TLS_DHE_RSA_WITH_AES_256_CBC_SHA256 for TLSv1.1
Ignoring unsupported cipher suite: TLS_DHE_DSS_WITH_AES_256_CBC_SHA256 for TLSv1.1
%% No cached client session
update handshake state: client_hello[1]
upcoming handshake states: server_hello[2]
*** ClientHello, TLSv1.2
RandomCookie:  GMT: 1576028790 bytes = { 8, 86, 143, 101, 109, 45, 26, 166, 74, 74, 104, 107, 242, 24, 208, 135, 231, 242, 106, 55, 94, 30, 85, 249, 132, 59, 223, 63 }
Session ID:  {}
Cipher Suites: [TLS_ECDHE_ECDSA_WITH_AES_256_CBC_SHA384, TLS_ECDHE_RSA_WITH_AES_256_CBC_SHA384, TLS_RSA_WITH_AES_256_CBC_SHA256, TLS_ECDH_ECDSA_WITH_AES_256_CBC_SHA384, TLS_ECDH_RSA_WITH_AES_256_CBC_SHA384, TLS_DHE_RSA_WITH_AES_256_CBC_SHA256, TLS_DHE_DSS_WITH_AES_256_CBC_SHA256, TLS_ECDHE_ECDSA_WITH_AES_256_CBC_SHA, TLS_ECDHE_RSA_WITH_AES_256_CBC_SHA, TLS_RSA_WITH_AES_256_CBC_SHA, TLS_ECDH_ECDSA_WITH_AES_256_CBC_SHA, TLS_ECDH_RSA_WITH_AES_256_CBC_SHA, TLS_DHE_RSA_WITH_AES_256_CBC_SHA, TLS_DHE_DSS_WITH_AES_256_CBC_SHA, TLS_ECDHE_ECDSA_WITH_AES_128_CBC_SHA256, TLS_ECDHE_RSA_WITH_AES_128_CBC_SHA256, TLS_RSA_WITH_AES_128_CBC_SHA256, TLS_ECDH_ECDSA_WITH_AES_128_CBC_SHA256, TLS_ECDH_RSA_WITH_AES_128_CBC_SHA256, TLS_DHE_RSA_WITH_AES_128_CBC_SHA256, TLS_DHE_DSS_WITH_AES_128_CBC_SHA256, TLS_ECDHE_ECDSA_WITH_AES_128_CBC_SHA, TLS_ECDHE_RSA_WITH_AES_128_CBC_SHA, TLS_RSA_WITH_AES_128_CBC_SHA, TLS_ECDH_ECDSA_WITH_AES_128_CBC_SHA, TLS_ECDH_RSA_WITH_AES_128_CBC_SHA, TLS_DHE_RSA_WITH_AES_128_CBC_SHA, TLS_DHE_DSS_WITH_AES_128_CBC_SHA, TLS_ECDHE_ECDSA_WITH_AES_256_GCM_SHA384, TLS_ECDHE_ECDSA_WITH_AES_128_GCM_SHA256, TLS_ECDHE_RSA_WITH_AES_256_GCM_SHA384, TLS_RSA_WITH_AES_256_GCM_SHA384, TLS_ECDH_ECDSA_WITH_AES_256_GCM_SHA384, TLS_ECDH_RSA_WITH_AES_256_GCM_SHA384, TLS_DHE_RSA_WITH_AES_256_GCM_SHA384, TLS_DHE_DSS_WITH_AES_256_GCM_SHA384, TLS_ECDHE_RSA_WITH_AES_128_GCM_SHA256, TLS_RSA_WITH_AES_128_GCM_SHA256, TLS_ECDH_ECDSA_WITH_AES_128_GCM_SHA256, TLS_ECDH_RSA_WITH_AES_128_GCM_SHA256, TLS_DHE_RSA_WITH_AES_128_GCM_SHA256, TLS_DHE_DSS_WITH_AES_128_GCM_SHA256, TLS_EMPTY_RENEGOTIATION_INFO_SCSV]
Compression Methods:  { 0 }
Extension elliptic_curves, curve names: {secp256r1, secp384r1, secp521r1}
Extension ec_point_formats, formats: [uncompressed]
Extension signature_algorithms, signature_algorithms: SHA512withECDSA, SHA512withRSA, SHA384withECDSA, SHA384withRSA, SHA256withECDSA, SHA256withRSA, SHA256withDSA, SHA1withECDSA, SHA1withRSA, SHA1withDSA
Extension extended_master_secret
Extension server_name, server_name: [type=host_name (0), value=activate.navicat.com]
***
nioEventLoopGroup-9-1, WRITE: TLSv1.2 Handshake, length = 208
trigger seeding of SecureRandom
done seeding SecureRandom
Using SSLEngineImpl.
%% Initialized:  [Session-108, SSL_NULL_WITH_NULL_NULL]
Allow unsafe renegotiation: false
Allow legacy hello messages: true
Is initial handshake: true
Is secure renegotiation: false
nioEventLoopGroup-8-6, READ: TLSv1.2 Handshake, length = 208
check handshake state: client_hello[1]
update handshake state: client_hello[1]
upcoming handshake states: server_hello[2]
*** ClientHello, TLSv1.2
RandomCookie:  GMT: 1576028790 bytes = { 8, 86, 143, 101, 109, 45, 26, 166, 74, 74, 104, 107, 242, 24, 208, 135, 231, 242, 106, 55, 94, 30, 85, 249, 132, 59, 223, 63 }
Session ID:  {}
Cipher Suites: [TLS_ECDHE_ECDSA_WITH_AES_256_CBC_SHA384, TLS_ECDHE_RSA_WITH_AES_256_CBC_SHA384, TLS_RSA_WITH_AES_256_CBC_SHA256, TLS_ECDH_ECDSA_WITH_AES_256_CBC_SHA384, TLS_ECDH_RSA_WITH_AES_256_CBC_SHA384, TLS_DHE_RSA_WITH_AES_256_CBC_SHA256, TLS_DHE_DSS_WITH_AES_256_CBC_SHA256, TLS_ECDHE_ECDSA_WITH_AES_256_CBC_SHA, TLS_ECDHE_RSA_WITH_AES_256_CBC_SHA, TLS_RSA_WITH_AES_256_CBC_SHA, TLS_ECDH_ECDSA_WITH_AES_256_CBC_SHA, TLS_ECDH_RSA_WITH_AES_256_CBC_SHA, TLS_DHE_RSA_WITH_AES_256_CBC_SHA, TLS_DHE_DSS_WITH_AES_256_CBC_SHA, TLS_ECDHE_ECDSA_WITH_AES_128_CBC_SHA256, TLS_ECDHE_RSA_WITH_AES_128_CBC_SHA256, TLS_RSA_WITH_AES_128_CBC_SHA256, TLS_ECDH_ECDSA_WITH_AES_128_CBC_SHA256, TLS_ECDH_RSA_WITH_AES_128_CBC_SHA256, TLS_DHE_RSA_WITH_AES_128_CBC_SHA256, TLS_DHE_DSS_WITH_AES_128_CBC_SHA256, TLS_ECDHE_ECDSA_WITH_AES_128_CBC_SHA, TLS_ECDHE_RSA_WITH_AES_128_CBC_SHA, TLS_RSA_WITH_AES_128_CBC_SHA, TLS_ECDH_ECDSA_WITH_AES_128_CBC_SHA, TLS_ECDH_RSA_WITH_AES_128_CBC_SHA, TLS_DHE_RSA_WITH_AES_128_CBC_SHA, TLS_DHE_DSS_WITH_AES_128_CBC_SHA, TLS_ECDHE_ECDSA_WITH_AES_256_GCM_SHA384, TLS_ECDHE_ECDSA_WITH_AES_128_GCM_SHA256, TLS_ECDHE_RSA_WITH_AES_256_GCM_SHA384, TLS_RSA_WITH_AES_256_GCM_SHA384, TLS_ECDH_ECDSA_WITH_AES_256_GCM_SHA384, TLS_ECDH_RSA_WITH_AES_256_GCM_SHA384, TLS_DHE_RSA_WITH_AES_256_GCM_SHA384, TLS_DHE_DSS_WITH_AES_256_GCM_SHA384, TLS_ECDHE_RSA_WITH_AES_128_GCM_SHA256, TLS_RSA_WITH_AES_128_GCM_SHA256, TLS_ECDH_ECDSA_WITH_AES_128_GCM_SHA256, TLS_ECDH_RSA_WITH_AES_128_GCM_SHA256, TLS_DHE_RSA_WITH_AES_128_GCM_SHA256, TLS_DHE_DSS_WITH_AES_128_GCM_SHA256, TLS_EMPTY_RENEGOTIATION_INFO_SCSV]
Compression Methods:  { 0 }
Extension elliptic_curves, curve names: {secp256r1, secp384r1, secp521r1}
Extension ec_point_formats, formats: [uncompressed]
Extension signature_algorithms, signature_algorithms: SHA512withECDSA, SHA512withRSA, SHA384withECDSA, SHA384withRSA, SHA256withECDSA, SHA256withRSA, SHA256withDSA, SHA1withECDSA, SHA1withRSA, SHA1withDSA
Extension extended_master_secret
Extension server_name, server_name: [type=host_name (0), value=activate.navicat.com]
***
%% Initialized:  [Session-109, SSL_NULL_WITH_NULL_NULL]
Standard ciphersuite chosen: TLS_ECDHE_RSA_WITH_AES_256_CBC_SHA384
%% Negotiating:  [Session-109, TLS_ECDHE_RSA_WITH_AES_256_CBC_SHA384]
*** ServerHello, TLSv1.2
RandomCookie:  GMT: 1576028790 bytes = { 41, 26, 29, 230, 162, 92, 17, 115, 52, 188, 21, 1, 110, 42, 123, 31, 99, 48, 240, 153, 15, 90, 74, 171, 161, 24, 150, 30 }
Session ID:  {94, 240, 74, 118, 242, 42, 41, 42, 18, 208, 157, 52, 35, 95, 35, 171, 182, 32, 109, 53, 61, 174, 102, 200, 28, 94, 225, 178, 164, 144, 244, 216}
Cipher Suite: TLS_ECDHE_RSA_WITH_AES_256_CBC_SHA384
Compression Method: 0
Extension renegotiation_info, renegotiated_connection: <empty>
Extension extended_master_secret
***
Cipher suite:  TLS_ECDHE_RSA_WITH_AES_256_CBC_SHA384
update handshake state: server_hello[2]
upcoming handshake states: server certificate[11]
upcoming handshake states: server_key_exchange[12](optional)
upcoming handshake states: certificate_request[13](optional)
upcoming handshake states: server_hello_done[14]
upcoming handshake states: client certificate[11](optional)
upcoming handshake states: client_key_exchange[16]
upcoming handshake states: certificate_verify[15](optional)
upcoming handshake states: client change_cipher_spec[-1]
upcoming handshake states: client finished[20]
upcoming handshake states: server change_cipher_spec[-1]
upcoming handshake states: server finished[20]
*** Certificate chain
chain [0] = [
[
  Version: V3
  Subject: CN=localhost, OU=ZooKeeper, O=Apache, L=Unknown, ST=Unknown, C=Unknown
  Signature Algorithm: SHA256withRSA, OID = 1.2.840.113549.1.1.11

  Key:  Sun RSA public key, 2048 bits
  params: null
  modulus: 20466894428749997265095448870198652391311568515891366224735448896044144250313384062095901217219702596717622583159291680947094046474456586662132842412743846124470020097713679685492900855417800931365512472314155689881392853768001073664569106127795833231344696659209258027979401908711647617989508135190248980524852215540637603770017238536229773075995665111861820945008718990948857303373661769409475939971958531493423489844433566328219155461676589360491136984327342101195255797973694339642711115427623510874675394946293706606142706174397483349590050687482693164890194014220011640037490528845185364811025836034294701994387
  public exponent: 65537
  Validity: [From: Sat Jan 31 02:57:30 CST 2015,
               To: Wed Feb 08 02:57:30 CST 3015]
  Issuer: CN=localhost, OU=ZooKeeper, O=Apache, L=Unknown, ST=Unknown, C=Unknown
  SerialNumber: [    7334b506]

Certificate Extensions: 1
[1]: ObjectId: 2.5.29.14 Criticality=false
SubjectKeyIdentifier [
KeyIdentifier [
0000: 65 D7 B4 E0 27 45 7A 00   58 2F AD D5 0B 64 2D 77  e...'Ez.X/...d-w
0010: 88 F7 AA F5                                        ....
]
]

]
  Algorithm: [SHA256withRSA]
  Signature:
0000: 1B C8 6B 36 83 1D 28 37   5C 1F 7D F6 C6 84 A0 BF  ..k6..(7\.......
0010: CA C0 47 CF C5 34 70 7A   CF 6B EA 34 84 BE 08 7A  ..G..4pz.k.4...z
0020: 98 E6 3D ED 1D E2 6F 06   DB 23 AB 41 AD D5 DF 1D  ..=...o..#.A....
0030: 92 F4 9D 05 FD 7C EE BE   4A 87 B8 F1 FE F4 5B 79  ........J.....[y
0040: DC AD F7 44 3D 67 08 7A   3B 91 D7 5A 79 44 96 D7  ...D=g.z;..ZyD..
0050: BE 0E 41 C8 64 E3 87 C3   28 11 AB DC 36 F5 B0 AC  ..A.d...(...6...
0060: BD 2F 16 1D 6E A1 52 25   5A EC 6F AD 20 71 5A 1B  ./..n.R%Z.o. qZ.
0070: 66 D4 0D A6 49 B7 75 43   C4 84 0B 4B AC BD 16 76  f...I.uC...K...v
0080: 58 2B 07 85 E2 F1 44 15   1E 67 D1 3C 13 73 5A 2D  X+....D..g.<.sZ-
0090: D6 06 0B A1 D3 09 7E EF   88 F9 C3 0E A4 10 47 EA  ..............G.
00A0: 65 5D CD F0 39 EA 2F 59   1C 08 BC F9 CC 5B C9 BB  e]..9./Y.....[..
00B0: 2F 20 19 81 97 B5 21 BB   60 A4 39 08 6C 41 2A 51  / ....!.`.9.lA*Q
00C0: B1 C3 1A A3 8C F8 ED 67   D0 EE EC 52 01 2A E4 1E  .......g...R.*..
00D0: D2 B4 34 73 DC 7E 34 24   A9 4E 77 AD FD B3 77 0D  ..4s..4$.Nw...w.
00E0: C2 7A C0 65 F6 CC 11 9D   19 AA 59 13 C3 9D AD 5F  .z.e......Y...._
00F0: 61 E6 C2 18 F0 E5 A1 49   41 B5 EF 9E 91 0C 35 9C  a......IA.....5.

]
***
update handshake state: certificate[11]
upcoming handshake states: server_key_exchange[12](optional)
upcoming handshake states: certificate_request[13](optional)
upcoming handshake states: server_hello_done[14]
upcoming handshake states: client certificate[11](optional)
upcoming handshake states: client_key_exchange[16]
upcoming handshake states: certificate_verify[15](optional)
upcoming handshake states: client change_cipher_spec[-1]
upcoming handshake states: client finished[20]
upcoming handshake states: server change_cipher_spec[-1]
upcoming handshake states: server finished[20]
*** ECDH ServerKeyExchange
Signature Algorithm SHA512withRSA
Server key: Sun EC public key, 256 bits
  public x coord: 10434574018026200288877489348456641524163573757223101920214486729016204468643
  public y coord: 108782417003155464457367461022725733809545323741881893008239324988447288979535
  parameters: secp256r1 [NIST P-256, X9.62 prime256v1] (1.2.840.10045.3.1.7)
update handshake state: server_key_exchange[12]
upcoming handshake states: certificate_request[13](optional)
upcoming handshake states: server_hello_done[14]
upcoming handshake states: client certificate[11](optional)
upcoming handshake states: client_key_exchange[16]
upcoming handshake states: certificate_verify[15](optional)
upcoming handshake states: client change_cipher_spec[-1]
upcoming handshake states: client finished[20]
upcoming handshake states: server change_cipher_spec[-1]
upcoming handshake states: server finished[20]
*** CertificateRequest
Cert Types: RSA, DSS, ECDSA
Supported Signature Algorithms: SHA512withECDSA, SHA512withRSA, SHA384withECDSA, SHA384withRSA, SHA256withECDSA, SHA256withRSA, SHA256withDSA, SHA1withECDSA, SHA1withRSA, SHA1withDSA
Cert Authorities:
<CN=localhost, OU=ZooKeeper, O=Apache, L=Unknown, ST=Unknown, C=Unknown>
update handshake state: unknown[13]
upcoming handshake states: server_hello_done[14]
upcoming handshake states: client certificate[11](optional)
upcoming handshake states: client_key_exchange[16]
upcoming handshake states: certificate_verify[15](optional)
upcoming handshake states: client change_cipher_spec[-1]
upcoming handshake states: client finished[20]
upcoming handshake states: server change_cipher_spec[-1]
upcoming handshake states: server finished[20]
*** ServerHelloDone
update handshake state: server_hello_done[14]
upcoming handshake states: client certificate[11](optional)
upcoming handshake states: client_key_exchange[16]
upcoming handshake states: certificate_verify[15](optional)
upcoming handshake states: client change_cipher_spec[-1]
upcoming handshake states: client finished[20]
upcoming handshake states: server change_cipher_spec[-1]
upcoming handshake states: server finished[20]
nioEventLoopGroup-8-6, WRITE: TLSv1.2 Handshake, length = 1478
nioEventLoopGroup-9-1, READ: TLSv1.2 Handshake, length = 1478
check handshake state: server_hello[2]
*** ServerHello, TLSv1.2
RandomCookie:  GMT: 1576028790 bytes = { 41, 26, 29, 230, 162, 92, 17, 115, 52, 188, 21, 1, 110, 42, 123, 31, 99, 48, 240, 153, 15, 90, 74, 171, 161, 24, 150, 30 }
Session ID:  {94, 240, 74, 118, 242, 42, 41, 42, 18, 208, 157, 52, 35, 95, 35, 171, 182, 32, 109, 53, 61, 174, 102, 200, 28, 94, 225, 178, 164, 144, 244, 216}
Cipher Suite: TLS_ECDHE_RSA_WITH_AES_256_CBC_SHA384
Compression Method: 0
Extension renegotiation_info, renegotiated_connection: <empty>
Extension extended_master_secret
***
%% Initialized:  [Session-110, TLS_ECDHE_RSA_WITH_AES_256_CBC_SHA384]
** TLS_ECDHE_RSA_WITH_AES_256_CBC_SHA384
update handshake state: server_hello[2]
upcoming handshake states: server certificate[11]
upcoming handshake states: server_key_exchange[12](optional)
upcoming handshake states: certificate_request[13](optional)
upcoming handshake states: server_hello_done[14]
upcoming handshake states: client certificate[11](optional)
upcoming handshake states: client_key_exchange[16]
upcoming handshake states: certificate_verify[15](optional)
upcoming handshake states: client change_cipher_spec[-1]
upcoming handshake states: client finished[20]
upcoming handshake states: server change_cipher_spec[-1]
upcoming handshake states: server finished[20]
check handshake state: certificate[11]
update handshake state: certificate[11]
upcoming handshake states: server_key_exchange[12](optional)
upcoming handshake states: certificate_request[13](optional)
upcoming handshake states: server_hello_done[14]
upcoming handshake states: client certificate[11](optional)
upcoming handshake states: client_key_exchange[16]
upcoming handshake states: certificate_verify[15](optional)
upcoming handshake states: client change_cipher_spec[-1]
upcoming handshake states: client finished[20]
upcoming handshake states: server change_cipher_spec[-1]
upcoming handshake states: server finished[20]
*** Certificate chain
chain [0] = [
[
  Version: V3
  Subject: CN=localhost, OU=ZooKeeper, O=Apache, L=Unknown, ST=Unknown, C=Unknown
  Signature Algorithm: SHA256withRSA, OID = 1.2.840.113549.1.1.11

  Key:  Sun RSA public key, 2048 bits
  params: null
  modulus: 20466894428749997265095448870198652391311568515891366224735448896044144250313384062095901217219702596717622583159291680947094046474456586662132842412743846124470020097713679685492900855417800931365512472314155689881392853768001073664569106127795833231344696659209258027979401908711647617989508135190248980524852215540637603770017238536229773075995665111861820945008718990948857303373661769409475939971958531493423489844433566328219155461676589360491136984327342101195255797973694339642711115427623510874675394946293706606142706174397483349590050687482693164890194014220011640037490528845185364811025836034294701994387
  public exponent: 65537
  Validity: [From: Sat Jan 31 02:57:30 CST 2015,
               To: Wed Feb 08 02:57:30 CST 3015]
  Issuer: CN=localhost, OU=ZooKeeper, O=Apache, L=Unknown, ST=Unknown, C=Unknown
  SerialNumber: [    7334b506]

Certificate Extensions: 1
[1]: ObjectId: 2.5.29.14 Criticality=false
SubjectKeyIdentifier [
KeyIdentifier [
0000: 65 D7 B4 E0 27 45 7A 00   58 2F AD D5 0B 64 2D 77  e...'Ez.X/...d-w
0010: 88 F7 AA F5                                        ....
]
]

]
  Algorithm: [SHA256withRSA]
  Signature:
0000: 1B C8 6B 36 83 1D 28 37   5C 1F 7D F6 C6 84 A0 BF  ..k6..(7\.......
0010: CA C0 47 CF C5 34 70 7A   CF 6B EA 34 84 BE 08 7A  ..G..4pz.k.4...z
0020: 98 E6 3D ED 1D E2 6F 06   DB 23 AB 41 AD D5 DF 1D  ..=...o..#.A....
0030: 92 F4 9D 05 FD 7C EE BE   4A 87 B8 F1 FE F4 5B 79  ........J.....[y
0040: DC AD F7 44 3D 67 08 7A   3B 91 D7 5A 79 44 96 D7  ...D=g.z;..ZyD..
0050: BE 0E 41 C8 64 E3 87 C3   28 11 AB DC 36 F5 B0 AC  ..A.d...(...6...
0060: BD 2F 16 1D 6E A1 52 25   5A EC 6F AD 20 71 5A 1B  ./..n.R%Z.o. qZ.
0070: 66 D4 0D A6 49 B7 75 43   C4 84 0B 4B AC BD 16 76  f...I.uC...K...v
0080: 58 2B 07 85 E2 F1 44 15   1E 67 D1 3C 13 73 5A 2D  X+....D..g.<.sZ-
0090: D6 06 0B A1 D3 09 7E EF   88 F9 C3 0E A4 10 47 EA  ..............G.
00A0: 65 5D CD F0 39 EA 2F 59   1C 08 BC F9 CC 5B C9 BB  e]..9./Y.....[..
00B0: 2F 20 19 81 97 B5 21 BB   60 A4 39 08 6C 41 2A 51  / ....!.`.9.lA*Q
00C0: B1 C3 1A A3 8C F8 ED 67   D0 EE EC 52 01 2A E4 1E  .......g...R.*..
00D0: D2 B4 34 73 DC 7E 34 24   A9 4E 77 AD FD B3 77 0D  ..4s..4$.Nw...w.
00E0: C2 7A C0 65 F6 CC 11 9D   19 AA 59 13 C3 9D AD 5F  .z.e......Y...._
00F0: 61 E6 C2 18 F0 E5 A1 49   41 B5 EF 9E 91 0C 35 9C  a......IA.....5.

]
***
Found trusted certificate:
[
[
  Version: V3
  Subject: CN=localhost, OU=ZooKeeper, O=Apache, L=Unknown, ST=Unknown, C=Unknown
  Signature Algorithm: SHA256withRSA, OID = 1.2.840.113549.1.1.11

  Key:  Sun RSA public key, 2048 bits
  params: null
  modulus: 20466894428749997265095448870198652391311568515891366224735448896044144250313384062095901217219702596717622583159291680947094046474456586662132842412743846124470020097713679685492900855417800931365512472314155689881392853768001073664569106127795833231344696659209258027979401908711647617989508135190248980524852215540637603770017238536229773075995665111861820945008718990948857303373661769409475939971958531493423489844433566328219155461676589360491136984327342101195255797973694339642711115427623510874675394946293706606142706174397483349590050687482693164890194014220011640037490528845185364811025836034294701994387
  public exponent: 65537
  Validity: [From: Sat Jan 31 02:57:30 CST 2015,
               To: Wed Feb 08 02:57:30 CST 3015]
  Issuer: CN=localhost, OU=ZooKeeper, O=Apache, L=Unknown, ST=Unknown, C=Unknown
  SerialNumber: [    7334b506]

Certificate Extensions: 1
[1]: ObjectId: 2.5.29.14 Criticality=false
SubjectKeyIdentifier [
KeyIdentifier [
0000: 65 D7 B4 E0 27 45 7A 00   58 2F AD D5 0B 64 2D 77  e...'Ez.X/...d-w
0010: 88 F7 AA F5                                        ....
]
]

]
  Algorithm: [SHA256withRSA]
  Signature:
0000: 1B C8 6B 36 83 1D 28 37   5C 1F 7D F6 C6 84 A0 BF  ..k6..(7\.......
0010: CA C0 47 CF C5 34 70 7A   CF 6B EA 34 84 BE 08 7A  ..G..4pz.k.4...z
0020: 98 E6 3D ED 1D E2 6F 06   DB 23 AB 41 AD D5 DF 1D  ..=...o..#.A....
0030: 92 F4 9D 05 FD 7C EE BE   4A 87 B8 F1 FE F4 5B 79  ........J.....[y
0040: DC AD F7 44 3D 67 08 7A   3B 91 D7 5A 79 44 96 D7  ...D=g.z;..ZyD..
0050: BE 0E 41 C8 64 E3 87 C3   28 11 AB DC 36 F5 B0 AC  ..A.d...(...6...
0060: BD 2F 16 1D 6E A1 52 25   5A EC 6F AD 20 71 5A 1B  ./..n.R%Z.o. qZ.
0070: 66 D4 0D A6 49 B7 75 43   C4 84 0B 4B AC BD 16 76  f...I.uC...K...v
0080: 58 2B 07 85 E2 F1 44 15   1E 67 D1 3C 13 73 5A 2D  X+....D..g.<.sZ-
0090: D6 06 0B A1 D3 09 7E EF   88 F9 C3 0E A4 10 47 EA  ..............G.
00A0: 65 5D CD F0 39 EA 2F 59   1C 08 BC F9 CC 5B C9 BB  e]..9./Y.....[..
00B0: 2F 20 19 81 97 B5 21 BB   60 A4 39 08 6C 41 2A 51  / ....!.`.9.lA*Q
00C0: B1 C3 1A A3 8C F8 ED 67   D0 EE EC 52 01 2A E4 1E  .......g...R.*..
00D0: D2 B4 34 73 DC 7E 34 24   A9 4E 77 AD FD B3 77 0D  ..4s..4$.Nw...w.
00E0: C2 7A C0 65 F6 CC 11 9D   19 AA 59 13 C3 9D AD 5F  .z.e......Y...._
00F0: 61 E6 C2 18 F0 E5 A1 49   41 B5 EF 9E 91 0C 35 9C  a......IA.....5.

]
2020-06-22 14:06:46,425 [myid:127.0.0.1:30074] - ERROR [nioEventLoopGroup-9-1:ZKTrustManager@161] - Failed to verify host address: 127.0.0.1
javax.net.ssl.SSLPeerUnverifiedException: Certificate for <127.0.0.1> doesn't match common name of the certificate subject: localhost
	at org.apache.zookeeper.common.ZKHostnameVerifier.matchCN(ZKHostnameVerifier.java:238)
	at org.apache.zookeeper.common.ZKHostnameVerifier.verify(ZKHostnameVerifier.java:184)
	at org.apache.zookeeper.common.ZKTrustManager.performHostVerification(ZKTrustManager.java:151)
	at org.apache.zookeeper.common.ZKTrustManager.checkServerTrusted(ZKTrustManager.java:118)
	at sun.security.ssl.ClientHandshaker.serverCertificate(ClientHandshaker.java:1675)
	at sun.security.ssl.ClientHandshaker.processMessage(ClientHandshaker.java:226)
	at sun.security.ssl.Handshaker.processLoop(Handshaker.java:1082)
	at sun.security.ssl.Handshaker$1.run(Handshaker.java:1015)
	at sun.security.ssl.Handshaker$1.run(Handshaker.java:1012)
	at java.security.AccessController.doPrivileged(Native Method)
	at sun.security.ssl.Handshaker$DelegatedTask.run(Handshaker.java:1504)
	at io.netty.handler.ssl.SslHandler.runAllDelegatedTasks(SslHandler.java:1510)
	at io.netty.handler.ssl.SslHandler.runDelegatedTasks(SslHandler.java:1524)
	at io.netty.handler.ssl.SslHandler.unwrap(SslHandler.java:1408)
	at io.netty.handler.ssl.SslHandler.decodeJdkCompatible(SslHandler.java:1235)
	at io.netty.handler.ssl.SslHandler.decode(SslHandler.java:1282)
	at io.netty.handler.codec.ByteToMessageDecoder.decodeRemovalReentryProtection(ByteToMessageDecoder.java:498)
	at io.netty.handler.codec.ByteToMessageDecoder.callDecode(ByteToMessageDecoder.java:437)
	at io.netty.handler.codec.ByteToMessageDecoder.channelRead(ByteToMessageDecoder.java:276)
	at io.netty.channel.AbstractChannelHandlerContext.invokeChannelRead(AbstractChannelHandlerContext.java:379)
	at io.netty.channel.AbstractChannelHandlerContext.invokeChannelRead(AbstractChannelHandlerContext.java:365)
	at io.netty.channel.AbstractChannelHandlerContext.fireChannelRead(AbstractChannelHandlerContext.java:357)
	at io.netty.channel.DefaultChannelPipeline$HeadContext.channelRead(DefaultChannelPipeline.java:1410)
	at io.netty.channel.AbstractChannelHandlerContext.invokeChannelRead(AbstractChannelHandlerContext.java:379)
	at io.netty.channel.AbstractChannelHandlerContext.invokeChannelRead(AbstractChannelHandlerContext.java:365)
	at io.netty.channel.DefaultChannelPipeline.fireChannelRead(DefaultChannelPipeline.java:919)
	at io.netty.channel.nio.AbstractNioByteChannel$NioByteUnsafe.read(AbstractNioByteChannel.java:163)
	at io.netty.channel.nio.NioEventLoop.processSelectedKey(NioEventLoop.java:714)
	at io.netty.channel.nio.NioEventLoop.processSelectedKeysOptimized(NioEventLoop.java:650)
	at io.netty.channel.nio.NioEventLoop.processSelectedKeys(NioEventLoop.java:576)
	at io.netty.channel.nio.NioEventLoop.run(NioEventLoop.java:493)
	at io.netty.util.concurrent.SingleThreadEventExecutor$4.run(SingleThreadEventExecutor.java:989)
	at io.netty.util.internal.ThreadExecutorMap$2.run(ThreadExecutorMap.java:74)
	at io.netty.util.concurrent.FastThreadLocalRunnable.run(FastThreadLocalRunnable.java:30)
	at java.lang.Thread.run(Thread.java:748)
2020-06-22 14:06:46,426 [myid:127.0.0.1:30074] - ERROR [nioEventLoopGroup-9-1:ZKTrustManager@162] - Failed to verify hostname: activate.navicat.com
javax.net.ssl.SSLPeerUnverifiedException: Certificate for <activate.navicat.com> doesn't match common name of the certificate subject: localhost
	at org.apache.zookeeper.common.ZKHostnameVerifier.matchCN(ZKHostnameVerifier.java:238)
	at org.apache.zookeeper.common.ZKHostnameVerifier.verify(ZKHostnameVerifier.java:184)
	at org.apache.zookeeper.common.ZKTrustManager.performHostVerification(ZKTrustManager.java:159)
	at org.apache.zookeeper.common.ZKTrustManager.checkServerTrusted(ZKTrustManager.java:118)
	at sun.security.ssl.ClientHandshaker.serverCertificate(ClientHandshaker.java:1675)
	at sun.security.ssl.ClientHandshaker.processMessage(ClientHandshaker.java:226)
	at sun.security.ssl.Handshaker.processLoop(Handshaker.java:1082)
	at sun.security.ssl.Handshaker$1.run(Handshaker.java:1015)
	at sun.security.ssl.Handshaker$1.run(Handshaker.java:1012)
	at java.security.AccessController.doPrivileged(Native Method)
	at sun.security.ssl.Handshaker$DelegatedTask.run(Handshaker.java:1504)
	at io.netty.handler.ssl.SslHandler.runAllDelegatedTasks(SslHandler.java:1510)
	at io.netty.handler.ssl.SslHandler.runDelegatedTasks(SslHandler.java:1524)
	at io.netty.handler.ssl.SslHandler.unwrap(SslHandler.java:1408)
	at io.netty.handler.ssl.SslHandler.decodeJdkCompatible(SslHandler.java:1235)
	at io.netty.handler.ssl.SslHandler.decode(SslHandler.java:1282)
	at io.netty.handler.codec.ByteToMessageDecoder.decodeRemovalReentryProtection(ByteToMessageDecoder.java:498)
	at io.netty.handler.codec.ByteToMessageDecoder.callDecode(ByteToMessageDecoder.java:437)
	at io.netty.handler.codec.ByteToMessageDecoder.channelRead(ByteToMessageDecoder.java:276)
	at io.netty.channel.AbstractChannelHandlerContext.invokeChannelRead(AbstractChannelHandlerContext.java:379)
	at io.netty.channel.AbstractChannelHandlerContext.invokeChannelRead(AbstractChannelHandlerContext.java:365)
	at io.netty.channel.AbstractChannelHandlerContext.fireChannelRead(AbstractChannelHandlerContext.java:357)
	at io.netty.channel.DefaultChannelPipeline$HeadContext.channelRead(DefaultChannelPipeline.java:1410)
	at io.netty.channel.AbstractChannelHandlerContext.invokeChannelRead(AbstractChannelHandlerContext.java:379)
	at io.netty.channel.AbstractChannelHandlerContext.invokeChannelRead(AbstractChannelHandlerContext.java:365)
	at io.netty.channel.DefaultChannelPipeline.fireChannelRead(DefaultChannelPipeline.java:919)
	at io.netty.channel.nio.AbstractNioByteChannel$NioByteUnsafe.read(AbstractNioByteChannel.java:163)
	at io.netty.channel.nio.NioEventLoop.processSelectedKey(NioEventLoop.java:714)
	at io.netty.channel.nio.NioEventLoop.processSelectedKeysOptimized(NioEventLoop.java:650)
	at io.netty.channel.nio.NioEventLoop.processSelectedKeys(NioEventLoop.java:576)
	at io.netty.channel.nio.NioEventLoop.run(NioEventLoop.java:493)
	at io.netty.util.concurrent.SingleThreadEventExecutor$4.run(SingleThreadEventExecutor.java:989)
	at io.netty.util.internal.ThreadExecutorMap$2.run(ThreadExecutorMap.java:74)
	at io.netty.util.concurrent.FastThreadLocalRunnable.run(FastThreadLocalRunnable.java:30)
	at java.lang.Thread.run(Thread.java:748)
nioEventLoopGroup-9-1, fatal error: 46: General SSLEngine problem
java.security.cert.CertificateException: Failed to verify both host address and host name
%% Invalidated:  [Session-107, SSL_NULL_WITH_NULL_NULL]
%% Invalidated:  [Session-110, TLS_ECDHE_RSA_WITH_AES_256_CBC_SHA384]
nioEventLoopGroup-9-1, SEND TLSv1.2 ALERT:  fatal, description = certificate_unknown
nioEventLoopGroup-9-1, WRITE: TLSv1.2 Alert, length = 2
nioEventLoopGroup-9-1, fatal: engine already closed.  Rethrowing javax.net.ssl.SSLHandshakeException: General SSLEngine problem
nioEventLoopGroup-9-1, called closeOutbound()
nioEventLoopGroup-9-1, closeOutboundInternal()
nioEventLoopGroup-9-1, called closeInbound()
nioEventLoopGroup-9-1, fatal: engine already closed.  Rethrowing javax.net.ssl.SSLException: Inbound closed before receiving peer's close_notify: possible truncation attack?
nioEventLoopGroup-8-6, READ: TLSv1.2 Alert, length = 2
nioEventLoopGroup-8-6, RECV TLSv1.2 ALERT:  fatal, certificate_unknown
nioEventLoopGroup-8-6, fatal: engine already closed.  Rethrowing javax.net.ssl.SSLException: Received fatal alert: certificate_unknown
nioEventLoopGroup-8-6, fatal: engine already closed.  Rethrowing javax.net.ssl.SSLException: Received fatal alert: certificate_unknown
2020-06-22 14:06:46,428 [myid:] - ERROR [nioEventLoopGroup-8-6:NettyServerCnxnFactory$CertificateVerifier@434] - Unsuccessful handshake with session 0x0
nioEventLoopGroup-8-6, called closeOutbound()
nioEventLoopGroup-8-6, closeOutboundInternal()
nioEventLoopGroup-8-6, SEND TLSv1.2 ALERT:  warning, description = close_notify
nioEventLoopGroup-8-6, WRITE: TLSv1.2 Alert, length = 2
nioEventLoopGroup-8-6, called closeInbound()
nioEventLoopGroup-8-6, fatal: engine already closed.  Rethrowing javax.net.ssl.SSLException: Inbound closed before receiving peer's close_notify: possible truncation attack?
2020-06-22 14:06:46,428 [myid:127.0.0.1:30074] - ERROR [nioEventLoopGroup-9-1:ClientCnxnSocketNetty$ZKClientHandler@522] - Unexpected throwable
io.netty.handler.codec.DecoderException: javax.net.ssl.SSLHandshakeException: General SSLEngine problem
	at io.netty.handler.codec.ByteToMessageDecoder.callDecode(ByteToMessageDecoder.java:468)
	at io.netty.handler.codec.ByteToMessageDecoder.channelRead(ByteToMessageDecoder.java:276)
	at io.netty.channel.AbstractChannelHandlerContext.invokeChannelRead(AbstractChannelHandlerContext.java:379)
	at io.netty.channel.AbstractChannelHandlerContext.invokeChannelRead(AbstractChannelHandlerContext.java:365)
	at io.netty.channel.AbstractChannelHandlerContext.fireChannelRead(AbstractChannelHandlerContext.java:357)
	at io.netty.channel.DefaultChannelPipeline$HeadContext.channelRead(DefaultChannelPipeline.java:1410)
	at io.netty.channel.AbstractChannelHandlerContext.invokeChannelRead(AbstractChannelHandlerContext.java:379)
	at io.netty.channel.AbstractChannelHandlerContext.invokeChannelRead(AbstractChannelHandlerContext.java:365)
	at io.netty.channel.DefaultChannelPipeline.fireChannelRead(DefaultChannelPipeline.java:919)
	at io.netty.channel.nio.AbstractNioByteChannel$NioByteUnsafe.read(AbstractNioByteChannel.java:163)
	at io.netty.channel.nio.NioEventLoop.processSelectedKey(NioEventLoop.java:714)
	at io.netty.channel.nio.NioEventLoop.processSelectedKeysOptimized(NioEventLoop.java:650)
	at io.netty.channel.nio.NioEventLoop.processSelectedKeys(NioEventLoop.java:576)
	at io.netty.channel.nio.NioEventLoop.run(NioEventLoop.java:493)
	at io.netty.util.concurrent.SingleThreadEventExecutor$4.run(SingleThreadEventExecutor.java:989)
	at io.netty.util.internal.ThreadExecutorMap$2.run(ThreadExecutorMap.java:74)
	at io.netty.util.concurrent.FastThreadLocalRunnable.run(FastThreadLocalRunnable.java:30)
	at java.lang.Thread.run(Thread.java:748)
Caused by: javax.net.ssl.SSLHandshakeException: General SSLEngine problem
	at sun.security.ssl.Handshaker.checkThrown(Handshaker.java:1566)
	at sun.security.ssl.SSLEngineImpl.checkTaskThrown(SSLEngineImpl.java:545)
	at sun.security.ssl.SSLEngineImpl.readNetRecord(SSLEngineImpl.java:819)
	at sun.security.ssl.SSLEngineImpl.unwrap(SSLEngineImpl.java:783)
	at javax.net.ssl.SSLEngine.unwrap(SSLEngine.java:626)
	at io.netty.handler.ssl.SslHandler$SslEngineType$3.unwrap(SslHandler.java:281)
	at io.netty.handler.ssl.SslHandler.unwrap(SslHandler.java:1340)
	at io.netty.handler.ssl.SslHandler.decodeJdkCompatible(SslHandler.java:1235)
	at io.netty.handler.ssl.SslHandler.decode(SslHandler.java:1282)
	at io.netty.handler.codec.ByteToMessageDecoder.decodeRemovalReentryProtection(ByteToMessageDecoder.java:498)
	at io.netty.handler.codec.ByteToMessageDecoder.callDecode(ByteToMessageDecoder.java:437)
	... 17 more
Caused by: javax.net.ssl.SSLHandshakeException: General SSLEngine problem
	at sun.security.ssl.Alerts.getSSLException(Alerts.java:198)
	at sun.security.ssl.SSLEngineImpl.fatal(SSLEngineImpl.java:1729)
	at sun.security.ssl.Handshaker.fatalSE(Handshaker.java:333)
	at sun.security.ssl.Handshaker.fatalSE(Handshaker.java:325)
	at sun.security.ssl.ClientHandshaker.serverCertificate(ClientHandshaker.java:1688)
	at sun.security.ssl.ClientHandshaker.processMessage(ClientHandshaker.java:226)
	at sun.security.ssl.Handshaker.processLoop(Handshaker.java:1082)
	at sun.security.ssl.Handshaker$1.run(Handshaker.java:1015)
	at sun.security.ssl.Handshaker$1.run(Handshaker.java:1012)
	at java.security.AccessController.doPrivileged(Native Method)
	at sun.security.ssl.Handshaker$DelegatedTask.run(Handshaker.java:1504)
	at io.netty.handler.ssl.SslHandler.runAllDelegatedTasks(SslHandler.java:1510)
	at io.netty.handler.ssl.SslHandler.runDelegatedTasks(SslHandler.java:1524)
	at io.netty.handler.ssl.SslHandler.unwrap(SslHandler.java:1408)
	... 21 more
Caused by: java.security.cert.CertificateException: Failed to verify both host address and host name
	at org.apache.zookeeper.common.ZKTrustManager.performHostVerification(ZKTrustManager.java:163)
	at org.apache.zookeeper.common.ZKTrustManager.checkServerTrusted(ZKTrustManager.java:118)
	at sun.security.ssl.ClientHandshaker.serverCertificate(ClientHandshaker.java:1675)
	... 30 more
Caused by: javax.net.ssl.SSLPeerUnverifiedException: Certificate for <activate.navicat.com> doesn't match common name of the certificate subject: localhost
	at org.apache.zookeeper.common.ZKHostnameVerifier.matchCN(ZKHostnameVerifier.java:238)
	at org.apache.zookeeper.common.ZKHostnameVerifier.verify(ZKHostnameVerifier.java:184)
	at org.apache.zookeeper.common.ZKTrustManager.performHostVerification(ZKTrustManager.java:159)
	... 32 more
2020-06-22 14:06:46,428 [myid:127.0.0.1:30074] - INFO  [nioEventLoopGroup-9-1:ClientCnxnSocketNetty@249] - channel is told closing
nioEventLoopGroup-9-1, called closeOutbound()
nioEventLoopGroup-9-1, closeOutboundInternal()
2020-06-22 14:06:46,428 [myid:] - WARN  [nioEventLoopGroup-8-6:NettyServerCnxnFactory$CnxnChannelHandler@273] - Exception caught
io.netty.handler.codec.DecoderException: javax.net.ssl.SSLException: Received fatal alert: certificate_unknown
	at io.netty.handler.codec.ByteToMessageDecoder.callDecode(ByteToMessageDecoder.java:468)
	at io.netty.handler.codec.ByteToMessageDecoder.channelRead(ByteToMessageDecoder.java:276)
	at io.netty.channel.AbstractChannelHandlerContext.invokeChannelRead(AbstractChannelHandlerContext.java:379)
	at io.netty.channel.AbstractChannelHandlerContext.invokeChannelRead(AbstractChannelHandlerContext.java:365)
	at io.netty.channel.AbstractChannelHandlerContext.fireChannelRead(AbstractChannelHandlerContext.java:357)
	at io.netty.channel.DefaultChannelPipeline$HeadContext.channelRead(DefaultChannelPipeline.java:1410)
	at io.netty.channel.AbstractChannelHandlerContext.invokeChannelRead(AbstractChannelHandlerContext.java:379)
	at io.netty.channel.AbstractChannelHandlerContext.invokeChannelRead(AbstractChannelHandlerContext.java:365)
	at io.netty.channel.DefaultChannelPipeline.fireChannelRead(DefaultChannelPipeline.java:919)
	at io.netty.channel.nio.AbstractNioByteChannel$NioByteUnsafe.read(AbstractNioByteChannel.java:163)
	at io.netty.channel.nio.NioEventLoop.processSelectedKey(NioEventLoop.java:714)
	at io.netty.channel.nio.NioEventLoop.processSelectedKeysOptimized(NioEventLoop.java:650)
	at io.netty.channel.nio.NioEventLoop.processSelectedKeys(NioEventLoop.java:576)
	at io.netty.channel.nio.NioEventLoop.run(NioEventLoop.java:493)
	at io.netty.util.concurrent.SingleThreadEventExecutor$4.run(SingleThreadEventExecutor.java:989)
	at io.netty.util.internal.ThreadExecutorMap$2.run(ThreadExecutorMap.java:74)
	at io.netty.util.concurrent.FastThreadLocalRunnable.run(FastThreadLocalRunnable.java:30)
	at java.lang.Thread.run(Thread.java:748)
Caused by: javax.net.ssl.SSLException: Received fatal alert: certificate_unknown
	at sun.security.ssl.Alerts.getSSLException(Alerts.java:214)
	at sun.security.ssl.SSLEngineImpl.fatal(SSLEngineImpl.java:1667)
	at sun.security.ssl.SSLEngineImpl.fatal(SSLEngineImpl.java:1635)
	at sun.security.ssl.SSLEngineImpl.recvAlert(SSLEngineImpl.java:1801)
	at sun.security.ssl.SSLEngineImpl.readRecord(SSLEngineImpl.java:1090)
	at sun.security.ssl.SSLEngineImpl.readNetRecord(SSLEngineImpl.java:913)
	at sun.security.ssl.SSLEngineImpl.unwrap(SSLEngineImpl.java:783)
	at javax.net.ssl.SSLEngine.unwrap(SSLEngine.java:626)
	at io.netty.handler.ssl.SslHandler$SslEngineType$3.unwrap(SslHandler.java:281)
	at io.netty.handler.ssl.SslHandler.unwrap(SslHandler.java:1340)
	at io.netty.handler.ssl.SslHandler.decodeJdkCompatible(SslHandler.java:1235)
	at io.netty.handler.ssl.SslHandler.decode(SslHandler.java:1282)
	at io.netty.handler.codec.ByteToMessageDecoder.decodeRemovalReentryProtection(ByteToMessageDecoder.java:498)
	at io.netty.handler.codec.ByteToMessageDecoder.callDecode(ByteToMessageDecoder.java:437)
	... 17 more
nioEventLoopGroup-8-6, called closeOutbound()
nioEventLoopGroup-8-6, closeOutboundInternal()
nioEventLoopGroup-8-6, READ: TLSv1.2 Alert, length = 2
nioEventLoopGroup-8-6, RECV TLSv1.2 ALERT:  fatal, certificate_unknown
nioEventLoopGroup-8-6, fatal: engine already closed.  Rethrowing javax.net.ssl.SSLException: Received fatal alert: certificate_unknown
2020-06-22 14:06:46,429 [myid:127.0.0.1:30074] - WARN  [main-SendThread(127.0.0.1:30074):ClientCnxn$SendThread@1272] - Session 0x0 for sever activate.navicat.com/127.0.0.1:30074, Closing socket connection. Attempting reconnect except it is a SessionExpiredException.
EndOfStreamException: channel for sessionid 0x0 is lost
	at org.apache.zookeeper.ClientCnxnSocketNetty.doTransport(ClientCnxnSocketNetty.java:285)
	at org.apache.zookeeper.ClientCnxn$SendThread.run(ClientCnxn.java:1262)
nioEventLoopGroup-8-6, fatal: engine already closed.  Rethrowing javax.net.ssl.SSLException: Received fatal alert: certificate_unknown
2020-06-22 14:06:46,429 [myid:127.0.0.1:30074] - INFO  [nioEventLoopGroup-9-1:ClientCnxnSocketNetty$ZKClientHandler@469] - channel is disconnected: [id: 0xf9a1d550, L:/127.0.0.1:55990 ! R:activate.navicat.com/127.0.0.1:30074]
nioEventLoopGroup-8-6, called closeOutbound()
nioEventLoopGroup-8-6, closeOutboundInternal()
nioEventLoopGroup-8-6, called closeInbound()
nioEventLoopGroup-8-6, closeInboundInternal()
nioEventLoopGroup-8-6, closeOutboundInternal()
2020-06-22 14:06:46,429 [myid:] - WARN  [nioEventLoopGroup-8-6:NettyServerCnxnFactory$CnxnChannelHandler@273] - Exception caught
io.netty.handler.codec.DecoderException: javax.net.ssl.SSLException: Received fatal alert: certificate_unknown
	at io.netty.handler.codec.ByteToMessageDecoder.callDecode(ByteToMessageDecoder.java:468)
	at io.netty.handler.codec.ByteToMessageDecoder.channelInputClosed(ByteToMessageDecoder.java:401)
	at io.netty.handler.codec.ByteToMessageDecoder.channelInputClosed(ByteToMessageDecoder.java:368)
	at io.netty.handler.codec.ByteToMessageDecoder.channelInactive(ByteToMessageDecoder.java:351)
	at io.netty.handler.ssl.SslHandler.channelInactive(SslHandler.java:1084)
	at io.netty.channel.AbstractChannelHandlerContext.invokeChannelInactive(AbstractChannelHandlerContext.java:262)
	at io.netty.channel.AbstractChannelHandlerContext.invokeChannelInactive(AbstractChannelHandlerContext.java:248)
	at io.netty.channel.AbstractChannelHandlerContext.fireChannelInactive(AbstractChannelHandlerContext.java:241)
	at io.netty.channel.DefaultChannelPipeline$HeadContext.channelInactive(DefaultChannelPipeline.java:1405)
	at io.netty.channel.AbstractChannelHandlerContext.invokeChannelInactive(AbstractChannelHandlerContext.java:262)
	at io.netty.channel.AbstractChannelHandlerContext.invokeChannelInactive(AbstractChannelHandlerContext.java:248)
	at io.netty.channel.DefaultChannelPipeline.fireChannelInactive(DefaultChannelPipeline.java:901)
	at io.netty.channel.AbstractChannel$AbstractUnsafe$8.run(AbstractChannel.java:818)
	at io.netty.util.concurrent.AbstractEventExecutor.safeExecute(AbstractEventExecutor.java:164)
	at io.netty.util.concurrent.SingleThreadEventExecutor.runAllTasks(SingleThreadEventExecutor.java:472)
	at io.netty.channel.nio.NioEventLoop.run(NioEventLoop.java:497)
	at io.netty.util.concurrent.SingleThreadEventExecutor$4.run(SingleThreadEventExecutor.java:989)
	at io.netty.util.internal.ThreadExecutorMap$2.run(ThreadExecutorMap.java:74)
	at io.netty.util.concurrent.FastThreadLocalRunnable.run(FastThreadLocalRunnable.java:30)
	at java.lang.Thread.run(Thread.java:748)
Caused by: javax.net.ssl.SSLException: Received fatal alert: certificate_unknown
	at sun.security.ssl.Alerts.getSSLException(Alerts.java:214)
	at sun.security.ssl.SSLEngineImpl.fatal(SSLEngineImpl.java:1667)
	at sun.security.ssl.SSLEngineImpl.fatal(SSLEngineImpl.java:1635)
	at sun.security.ssl.SSLEngineImpl.recvAlert(SSLEngineImpl.java:1801)
	at sun.security.ssl.SSLEngineImpl.readRecord(SSLEngineImpl.java:1090)
	at sun.security.ssl.SSLEngineImpl.readNetRecord(SSLEngineImpl.java:913)
	at sun.security.ssl.SSLEngineImpl.unwrap(SSLEngineImpl.java:783)
	at javax.net.ssl.SSLEngine.unwrap(SSLEngine.java:626)
	at io.netty.handler.ssl.SslHandler$SslEngineType$3.unwrap(SslHandler.java:281)
	at io.netty.handler.ssl.SslHandler.unwrap(SslHandler.java:1340)
	at io.netty.handler.ssl.SslHandler.decodeJdkCompatible(SslHandler.java:1235)
	at io.netty.handler.ssl.SslHandler.decode(SslHandler.java:1282)
	at io.netty.handler.codec.ByteToMessageDecoder.decodeRemovalReentryProtection(ByteToMessageDecoder.java:498)
	at io.netty.handler.codec.ByteToMessageDecoder.callDecode(ByteToMessageDecoder.java:437)
	... 19 more
2020-06-22 14:06:47,440 [myid:127.0.0.1:30073] - WARN  [nioEventLoopGroup-5-1:ClientCnxnSocketNetty$1@150] - future isn't success.
io.netty.channel.AbstractChannel$AnnotatedConnectException: Connection refused: no further information: activate.navicat.com/127.0.0.1:30073
Caused by: java.net.ConnectException: Connection refused: no further information
	at sun.nio.ch.SocketChannelImpl.checkConnect(Native Method)
	at sun.nio.ch.SocketChannelImpl.finishConnect(SocketChannelImpl.java:714)
	at io.netty.channel.socket.nio.NioSocketChannel.doFinishConnect(NioSocketChannel.java:330)
	at io.netty.channel.nio.AbstractNioChannel$AbstractNioUnsafe.finishConnect(AbstractNioChannel.java:334)
	at io.netty.channel.nio.NioEventLoop.processSelectedKey(NioEventLoop.java:702)
	at io.netty.channel.nio.NioEventLoop.processSelectedKeysOptimized(NioEventLoop.java:650)
	at io.netty.channel.nio.NioEventLoop.processSelectedKeys(NioEventLoop.java:576)
	at io.netty.channel.nio.NioEventLoop.run(NioEventLoop.java:493)
	at io.netty.util.concurrent.SingleThreadEventExecutor$4.run(SingleThreadEventExecutor.java:989)
	at io.netty.util.internal.ThreadExecutorMap$2.run(ThreadExecutorMap.java:74)
	at io.netty.util.concurrent.FastThreadLocalRunnable.run(FastThreadLocalRunnable.java:30)
	at java.lang.Thread.run(Thread.java:748)
nioEventLoopGroup-5-1, called closeOutbound()
nioEventLoopGroup-5-1, closeOutboundInternal()
2020-06-22 14:06:47,441 [myid:127.0.0.1:30073] - WARN  [main-SendThread(127.0.0.1:30073):ClientCnxn$SendThread@1272] - Session 0x0 for sever activate.navicat.com/127.0.0.1:30073, Closing socket connection. Attempting reconnect except it is a SessionExpiredException.
EndOfStreamException: channel for sessionid 0x0 is lost
	at org.apache.zookeeper.ClientCnxnSocketNetty.doTransport(ClientCnxnSocketNetty.java:285)
	at org.apache.zookeeper.ClientCnxn$SendThread.run(ClientCnxn.java:1262)
2020-06-22 14:06:48,038 [myid:127.0.0.1:30074] - INFO  [main-SendThread(127.0.0.1:30074):ClientCnxn$SendThread@1154] - Opening socket connection to server activate.navicat.com/127.0.0.1:30074.
2020-06-22 14:06:48,039 [myid:127.0.0.1:30074] - INFO  [main-SendThread(127.0.0.1:30074):ClientCnxn$SendThread@1156] - SASL config status: Will not attempt to authenticate using SASL (unknown error)
adding as trusted cert:
  Subject: CN=localhost, OU=ZooKeeper, O=Apache, L=Unknown, ST=Unknown, C=Unknown
  Issuer:  CN=localhost, OU=ZooKeeper, O=Apache, L=Unknown, ST=Unknown, C=Unknown
  Algorithm: RSA; Serial number: 0x7334b506
  Valid from Sat Jan 31 02:57:30 CST 2015 until Wed Feb 08 02:57:30 CST 3015

trigger seeding of SecureRandom
done seeding SecureRandom
Using SSLEngineImpl.
%% Initialized:  [Session-111, SSL_NULL_WITH_NULL_NULL]
2020-06-22 14:06:48,042 [myid:127.0.0.1:30074] - INFO  [nioEventLoopGroup-9-1:ClientCnxnSocketNetty$ZKClientPipelineFactory@454] - SSL handler added for channel: [id: 0x1bd95431]
2020-06-22 14:06:48,043 [myid:127.0.0.1:30074] - INFO  [nioEventLoopGroup-9-1:ClientCnxn$SendThread@986] - Socket connection established, initiating session, client: /127.0.0.1:56090, server: activate.navicat.com/127.0.0.1:30074
2020-06-22 14:06:48,043 [myid:127.0.0.1:30074] - INFO  [nioEventLoopGroup-9-1:ClientCnxnSocketNetty$1@184] - channel is connected: [id: 0x1bd95431, L:/127.0.0.1:56090 - R:activate.navicat.com/127.0.0.1:30074]
Allow unsafe renegotiation: false
Allow legacy hello messages: true
Is initial handshake: true
Is secure renegotiation: false
Ignoring unsupported cipher suite: TLS_ECDHE_ECDSA_WITH_AES_256_CBC_SHA384 for TLSv1
Ignoring unsupported cipher suite: TLS_ECDHE_RSA_WITH_AES_256_CBC_SHA384 for TLSv1
Ignoring unsupported cipher suite: TLS_RSA_WITH_AES_256_CBC_SHA256 for TLSv1
Ignoring unsupported cipher suite: TLS_ECDH_ECDSA_WITH_AES_256_CBC_SHA384 for TLSv1
Ignoring unsupported cipher suite: TLS_ECDH_RSA_WITH_AES_256_CBC_SHA384 for TLSv1
Ignoring unsupported cipher suite: TLS_DHE_RSA_WITH_AES_256_CBC_SHA256 for TLSv1
Ignoring unsupported cipher suite: TLS_DHE_DSS_WITH_AES_256_CBC_SHA256 for TLSv1
Ignoring unsupported cipher suite: TLS_ECDHE_ECDSA_WITH_AES_256_CBC_SHA384 for TLSv1.1
Ignoring unsupported cipher suite: TLS_ECDHE_RSA_WITH_AES_256_CBC_SHA384 for TLSv1.1
Ignoring unsupported cipher suite: TLS_RSA_WITH_AES_256_CBC_SHA256 for TLSv1.1
Ignoring unsupported cipher suite: TLS_ECDH_ECDSA_WITH_AES_256_CBC_SHA384 for TLSv1.1
Ignoring unsupported cipher suite: TLS_ECDH_RSA_WITH_AES_256_CBC_SHA384 for TLSv1.1
Ignoring unsupported cipher suite: TLS_DHE_RSA_WITH_AES_256_CBC_SHA256 for TLSv1.1
Ignoring unsupported cipher suite: TLS_DHE_DSS_WITH_AES_256_CBC_SHA256 for TLSv1.1
%% No cached client session
update handshake state: client_hello[1]
upcoming handshake states: server_hello[2]
*** ClientHello, TLSv1.2
RandomCookie:  GMT: 1576028792 bytes = { 10, 168, 64, 8, 247, 186, 250, 91, 165, 138, 77, 136, 222, 45, 41, 96, 238, 111, 204, 112, 71, 125, 138, 12, 44, 183, 26, 105 }
Session ID:  {}
Cipher Suites: [TLS_ECDHE_ECDSA_WITH_AES_256_CBC_SHA384, TLS_ECDHE_RSA_WITH_AES_256_CBC_SHA384, TLS_RSA_WITH_AES_256_CBC_SHA256, TLS_ECDH_ECDSA_WITH_AES_256_CBC_SHA384, TLS_ECDH_RSA_WITH_AES_256_CBC_SHA384, TLS_DHE_RSA_WITH_AES_256_CBC_SHA256, TLS_DHE_DSS_WITH_AES_256_CBC_SHA256, TLS_ECDHE_ECDSA_WITH_AES_256_CBC_SHA, TLS_ECDHE_RSA_WITH_AES_256_CBC_SHA, TLS_RSA_WITH_AES_256_CBC_SHA, TLS_ECDH_ECDSA_WITH_AES_256_CBC_SHA, TLS_ECDH_RSA_WITH_AES_256_CBC_SHA, TLS_DHE_RSA_WITH_AES_256_CBC_SHA, TLS_DHE_DSS_WITH_AES_256_CBC_SHA, TLS_ECDHE_ECDSA_WITH_AES_128_CBC_SHA256, TLS_ECDHE_RSA_WITH_AES_128_CBC_SHA256, TLS_RSA_WITH_AES_128_CBC_SHA256, TLS_ECDH_ECDSA_WITH_AES_128_CBC_SHA256, TLS_ECDH_RSA_WITH_AES_128_CBC_SHA256, TLS_DHE_RSA_WITH_AES_128_CBC_SHA256, TLS_DHE_DSS_WITH_AES_128_CBC_SHA256, TLS_ECDHE_ECDSA_WITH_AES_128_CBC_SHA, TLS_ECDHE_RSA_WITH_AES_128_CBC_SHA, TLS_RSA_WITH_AES_128_CBC_SHA, TLS_ECDH_ECDSA_WITH_AES_128_CBC_SHA, TLS_ECDH_RSA_WITH_AES_128_CBC_SHA, TLS_DHE_RSA_WITH_AES_128_CBC_SHA, TLS_DHE_DSS_WITH_AES_128_CBC_SHA, TLS_ECDHE_ECDSA_WITH_AES_256_GCM_SHA384, TLS_ECDHE_ECDSA_WITH_AES_128_GCM_SHA256, TLS_ECDHE_RSA_WITH_AES_256_GCM_SHA384, TLS_RSA_WITH_AES_256_GCM_SHA384, TLS_ECDH_ECDSA_WITH_AES_256_GCM_SHA384, TLS_ECDH_RSA_WITH_AES_256_GCM_SHA384, TLS_DHE_RSA_WITH_AES_256_GCM_SHA384, TLS_DHE_DSS_WITH_AES_256_GCM_SHA384, TLS_ECDHE_RSA_WITH_AES_128_GCM_SHA256, TLS_RSA_WITH_AES_128_GCM_SHA256, TLS_ECDH_ECDSA_WITH_AES_128_GCM_SHA256, TLS_ECDH_RSA_WITH_AES_128_GCM_SHA256, TLS_DHE_RSA_WITH_AES_128_GCM_SHA256, TLS_DHE_DSS_WITH_AES_128_GCM_SHA256, TLS_EMPTY_RENEGOTIATION_INFO_SCSV]
Compression Methods:  { 0 }
Extension elliptic_curves, curve names: {secp256r1, secp384r1, secp521r1}
Extension ec_point_formats, formats: [uncompressed]
Extension signature_algorithms, signature_algorithms: SHA512withECDSA, SHA512withRSA, SHA384withECDSA, SHA384withRSA, SHA256withECDSA, SHA256withRSA, SHA256withDSA, SHA1withECDSA, SHA1withRSA, SHA1withDSA
Extension extended_master_secret
Extension server_name, server_name: [type=host_name (0), value=activate.navicat.com]
***
nioEventLoopGroup-9-1, WRITE: TLSv1.2 Handshake, length = 208
trigger seeding of SecureRandom
done seeding SecureRandom
Using SSLEngineImpl.
%% Initialized:  [Session-112, SSL_NULL_WITH_NULL_NULL]
Allow unsafe renegotiation: false
Allow legacy hello messages: true
Is initial handshake: true
Is secure renegotiation: false
nioEventLoopGroup-8-7, READ: TLSv1.2 Handshake, length = 208
check handshake state: client_hello[1]
update handshake state: client_hello[1]
upcoming handshake states: server_hello[2]
*** ClientHello, TLSv1.2
RandomCookie:  GMT: 1576028792 bytes = { 10, 168, 64, 8, 247, 186, 250, 91, 165, 138, 77, 136, 222, 45, 41, 96, 238, 111, 204, 112, 71, 125, 138, 12, 44, 183, 26, 105 }
Session ID:  {}
Cipher Suites: [TLS_ECDHE_ECDSA_WITH_AES_256_CBC_SHA384, TLS_ECDHE_RSA_WITH_AES_256_CBC_SHA384, TLS_RSA_WITH_AES_256_CBC_SHA256, TLS_ECDH_ECDSA_WITH_AES_256_CBC_SHA384, TLS_ECDH_RSA_WITH_AES_256_CBC_SHA384, TLS_DHE_RSA_WITH_AES_256_CBC_SHA256, TLS_DHE_DSS_WITH_AES_256_CBC_SHA256, TLS_ECDHE_ECDSA_WITH_AES_256_CBC_SHA, TLS_ECDHE_RSA_WITH_AES_256_CBC_SHA, TLS_RSA_WITH_AES_256_CBC_SHA, TLS_ECDH_ECDSA_WITH_AES_256_CBC_SHA, TLS_ECDH_RSA_WITH_AES_256_CBC_SHA, TLS_DHE_RSA_WITH_AES_256_CBC_SHA, TLS_DHE_DSS_WITH_AES_256_CBC_SHA, TLS_ECDHE_ECDSA_WITH_AES_128_CBC_SHA256, TLS_ECDHE_RSA_WITH_AES_128_CBC_SHA256, TLS_RSA_WITH_AES_128_CBC_SHA256, TLS_ECDH_ECDSA_WITH_AES_128_CBC_SHA256, TLS_ECDH_RSA_WITH_AES_128_CBC_SHA256, TLS_DHE_RSA_WITH_AES_128_CBC_SHA256, TLS_DHE_DSS_WITH_AES_128_CBC_SHA256, TLS_ECDHE_ECDSA_WITH_AES_128_CBC_SHA, TLS_ECDHE_RSA_WITH_AES_128_CBC_SHA, TLS_RSA_WITH_AES_128_CBC_SHA, TLS_ECDH_ECDSA_WITH_AES_128_CBC_SHA, TLS_ECDH_RSA_WITH_AES_128_CBC_SHA, TLS_DHE_RSA_WITH_AES_128_CBC_SHA, TLS_DHE_DSS_WITH_AES_128_CBC_SHA, TLS_ECDHE_ECDSA_WITH_AES_256_GCM_SHA384, TLS_ECDHE_ECDSA_WITH_AES_128_GCM_SHA256, TLS_ECDHE_RSA_WITH_AES_256_GCM_SHA384, TLS_RSA_WITH_AES_256_GCM_SHA384, TLS_ECDH_ECDSA_WITH_AES_256_GCM_SHA384, TLS_ECDH_RSA_WITH_AES_256_GCM_SHA384, TLS_DHE_RSA_WITH_AES_256_GCM_SHA384, TLS_DHE_DSS_WITH_AES_256_GCM_SHA384, TLS_ECDHE_RSA_WITH_AES_128_GCM_SHA256, TLS_RSA_WITH_AES_128_GCM_SHA256, TLS_ECDH_ECDSA_WITH_AES_128_GCM_SHA256, TLS_ECDH_RSA_WITH_AES_128_GCM_SHA256, TLS_DHE_RSA_WITH_AES_128_GCM_SHA256, TLS_DHE_DSS_WITH_AES_128_GCM_SHA256, TLS_EMPTY_RENEGOTIATION_INFO_SCSV]
Compression Methods:  { 0 }
Extension elliptic_curves, curve names: {secp256r1, secp384r1, secp521r1}
Extension ec_point_formats, formats: [uncompressed]
Extension signature_algorithms, signature_algorithms: SHA512withECDSA, SHA512withRSA, SHA384withECDSA, SHA384withRSA, SHA256withECDSA, SHA256withRSA, SHA256withDSA, SHA1withECDSA, SHA1withRSA, SHA1withDSA
Extension extended_master_secret
Extension server_name, server_name: [type=host_name (0), value=activate.navicat.com]
***
%% Initialized:  [Session-113, SSL_NULL_WITH_NULL_NULL]
Standard ciphersuite chosen: TLS_ECDHE_RSA_WITH_AES_256_CBC_SHA384
%% Negotiating:  [Session-113, TLS_ECDHE_RSA_WITH_AES_256_CBC_SHA384]
*** ServerHello, TLSv1.2
RandomCookie:  GMT: 1576028792 bytes = { 40, 66, 207, 214, 203, 140, 242, 129, 36, 189, 134, 136, 12, 200, 254, 161, 116, 240, 50, 204, 136, 83, 129, 124, 120, 213, 148, 78 }
Session ID:  {94, 240, 74, 120, 147, 66, 219, 247, 128, 18, 165, 225, 239, 10, 136, 28, 61, 30, 30, 140, 36, 4, 56, 171, 161, 253, 14, 115, 23, 123, 243, 20}
Cipher Suite: TLS_ECDHE_RSA_WITH_AES_256_CBC_SHA384
Compression Method: 0
Extension renegotiation_info, renegotiated_connection: <empty>
Extension extended_master_secret
***
Cipher suite:  TLS_ECDHE_RSA_WITH_AES_256_CBC_SHA384
update handshake state: server_hello[2]
upcoming handshake states: server certificate[11]
upcoming handshake states: server_key_exchange[12](optional)
upcoming handshake states: certificate_request[13](optional)
upcoming handshake states: server_hello_done[14]
upcoming handshake states: client certificate[11](optional)
upcoming handshake states: client_key_exchange[16]
upcoming handshake states: certificate_verify[15](optional)
upcoming handshake states: client change_cipher_spec[-1]
upcoming handshake states: client finished[20]
upcoming handshake states: server change_cipher_spec[-1]
upcoming handshake states: server finished[20]
*** Certificate chain
chain [0] = [
[
  Version: V3
  Subject: CN=localhost, OU=ZooKeeper, O=Apache, L=Unknown, ST=Unknown, C=Unknown
  Signature Algorithm: SHA256withRSA, OID = 1.2.840.113549.1.1.11

  Key:  Sun RSA public key, 2048 bits
  params: null
  modulus: 20466894428749997265095448870198652391311568515891366224735448896044144250313384062095901217219702596717622583159291680947094046474456586662132842412743846124470020097713679685492900855417800931365512472314155689881392853768001073664569106127795833231344696659209258027979401908711647617989508135190248980524852215540637603770017238536229773075995665111861820945008718990948857303373661769409475939971958531493423489844433566328219155461676589360491136984327342101195255797973694339642711115427623510874675394946293706606142706174397483349590050687482693164890194014220011640037490528845185364811025836034294701994387
  public exponent: 65537
  Validity: [From: Sat Jan 31 02:57:30 CST 2015,
               To: Wed Feb 08 02:57:30 CST 3015]
  Issuer: CN=localhost, OU=ZooKeeper, O=Apache, L=Unknown, ST=Unknown, C=Unknown
  SerialNumber: [    7334b506]

Certificate Extensions: 1
[1]: ObjectId: 2.5.29.14 Criticality=false
SubjectKeyIdentifier [
KeyIdentifier [
0000: 65 D7 B4 E0 27 45 7A 00   58 2F AD D5 0B 64 2D 77  e...'Ez.X/...d-w
0010: 88 F7 AA F5                                        ....
]
]

]
  Algorithm: [SHA256withRSA]
  Signature:
0000: 1B C8 6B 36 83 1D 28 37   5C 1F 7D F6 C6 84 A0 BF  ..k6..(7\.......
0010: CA C0 47 CF C5 34 70 7A   CF 6B EA 34 84 BE 08 7A  ..G..4pz.k.4...z
0020: 98 E6 3D ED 1D E2 6F 06   DB 23 AB 41 AD D5 DF 1D  ..=...o..#.A....
0030: 92 F4 9D 05 FD 7C EE BE   4A 87 B8 F1 FE F4 5B 79  ........J.....[y
0040: DC AD F7 44 3D 67 08 7A   3B 91 D7 5A 79 44 96 D7  ...D=g.z;..ZyD..
0050: BE 0E 41 C8 64 E3 87 C3   28 11 AB DC 36 F5 B0 AC  ..A.d...(...6...
0060: BD 2F 16 1D 6E A1 52 25   5A EC 6F AD 20 71 5A 1B  ./..n.R%Z.o. qZ.
0070: 66 D4 0D A6 49 B7 75 43   C4 84 0B 4B AC BD 16 76  f...I.uC...K...v
0080: 58 2B 07 85 E2 F1 44 15   1E 67 D1 3C 13 73 5A 2D  X+....D..g.<.sZ-
0090: D6 06 0B A1 D3 09 7E EF   88 F9 C3 0E A4 10 47 EA  ..............G.
00A0: 65 5D CD F0 39 EA 2F 59   1C 08 BC F9 CC 5B C9 BB  e]..9./Y.....[..
00B0: 2F 20 19 81 97 B5 21 BB   60 A4 39 08 6C 41 2A 51  / ....!.`.9.lA*Q
00C0: B1 C3 1A A3 8C F8 ED 67   D0 EE EC 52 01 2A E4 1E  .......g...R.*..
00D0: D2 B4 34 73 DC 7E 34 24   A9 4E 77 AD FD B3 77 0D  ..4s..4$.Nw...w.
00E0: C2 7A C0 65 F6 CC 11 9D   19 AA 59 13 C3 9D AD 5F  .z.e......Y...._
00F0: 61 E6 C2 18 F0 E5 A1 49   41 B5 EF 9E 91 0C 35 9C  a......IA.....5.

]
***
update handshake state: certificate[11]
upcoming handshake states: server_key_exchange[12](optional)
upcoming handshake states: certificate_request[13](optional)
upcoming handshake states: server_hello_done[14]
upcoming handshake states: client certificate[11](optional)
upcoming handshake states: client_key_exchange[16]
upcoming handshake states: certificate_verify[15](optional)
upcoming handshake states: client change_cipher_spec[-1]
upcoming handshake states: client finished[20]
upcoming handshake states: server change_cipher_spec[-1]
upcoming handshake states: server finished[20]
*** ECDH ServerKeyExchange
Signature Algorithm SHA512withRSA
Server key: Sun EC public key, 256 bits
  public x coord: 66107878054404786381828786789034592387294909545846698131267118702219832097155
  public y coord: 31541824985608491537996083788330804874294018023199314234956870387856084522420
  parameters: secp256r1 [NIST P-256, X9.62 prime256v1] (1.2.840.10045.3.1.7)
update handshake state: server_key_exchange[12]
upcoming handshake states: certificate_request[13](optional)
upcoming handshake states: server_hello_done[14]
upcoming handshake states: client certificate[11](optional)
upcoming handshake states: client_key_exchange[16]
upcoming handshake states: certificate_verify[15](optional)
upcoming handshake states: client change_cipher_spec[-1]
upcoming handshake states: client finished[20]
upcoming handshake states: server change_cipher_spec[-1]
upcoming handshake states: server finished[20]
*** CertificateRequest
Cert Types: RSA, DSS, ECDSA
Supported Signature Algorithms: SHA512withECDSA, SHA512withRSA, SHA384withECDSA, SHA384withRSA, SHA256withECDSA, SHA256withRSA, SHA256withDSA, SHA1withECDSA, SHA1withRSA, SHA1withDSA
Cert Authorities:
<CN=localhost, OU=ZooKeeper, O=Apache, L=Unknown, ST=Unknown, C=Unknown>
update handshake state: unknown[13]
upcoming handshake states: server_hello_done[14]
upcoming handshake states: client certificate[11](optional)
upcoming handshake states: client_key_exchange[16]
upcoming handshake states: certificate_verify[15](optional)
upcoming handshake states: client change_cipher_spec[-1]
upcoming handshake states: client finished[20]
upcoming handshake states: server change_cipher_spec[-1]
upcoming handshake states: server finished[20]
*** ServerHelloDone
update handshake state: server_hello_done[14]
upcoming handshake states: client certificate[11](optional)
upcoming handshake states: client_key_exchange[16]
upcoming handshake states: certificate_verify[15](optional)
upcoming handshake states: client change_cipher_spec[-1]
upcoming handshake states: client finished[20]
upcoming handshake states: server change_cipher_spec[-1]
upcoming handshake states: server finished[20]
nioEventLoopGroup-8-7, WRITE: TLSv1.2 Handshake, length = 1478
nioEventLoopGroup-9-1, READ: TLSv1.2 Handshake, length = 1478
check handshake state: server_hello[2]
*** ServerHello, TLSv1.2
RandomCookie:  GMT: 1576028792 bytes = { 40, 66, 207, 214, 203, 140, 242, 129, 36, 189, 134, 136, 12, 200, 254, 161, 116, 240, 50, 204, 136, 83, 129, 124, 120, 213, 148, 78 }
Session ID:  {94, 240, 74, 120, 147, 66, 219, 247, 128, 18, 165, 225, 239, 10, 136, 28, 61, 30, 30, 140, 36, 4, 56, 171, 161, 253, 14, 115, 23, 123, 243, 20}
Cipher Suite: TLS_ECDHE_RSA_WITH_AES_256_CBC_SHA384
Compression Method: 0
Extension renegotiation_info, renegotiated_connection: <empty>
Extension extended_master_secret
***
%% Initialized:  [Session-114, TLS_ECDHE_RSA_WITH_AES_256_CBC_SHA384]
** TLS_ECDHE_RSA_WITH_AES_256_CBC_SHA384
update handshake state: server_hello[2]
upcoming handshake states: server certificate[11]
upcoming handshake states: server_key_exchange[12](optional)
upcoming handshake states: certificate_request[13](optional)
upcoming handshake states: server_hello_done[14]
upcoming handshake states: client certificate[11](optional)
upcoming handshake states: client_key_exchange[16]
upcoming handshake states: certificate_verify[15](optional)
upcoming handshake states: client change_cipher_spec[-1]
upcoming handshake states: client finished[20]
upcoming handshake states: server change_cipher_spec[-1]
upcoming handshake states: server finished[20]
check handshake state: certificate[11]
update handshake state: certificate[11]
upcoming handshake states: server_key_exchange[12](optional)
upcoming handshake states: certificate_request[13](optional)
upcoming handshake states: server_hello_done[14]
upcoming handshake states: client certificate[11](optional)
upcoming handshake states: client_key_exchange[16]
upcoming handshake states: certificate_verify[15](optional)
upcoming handshake states: client change_cipher_spec[-1]
upcoming handshake states: client finished[20]
upcoming handshake states: server change_cipher_spec[-1]
upcoming handshake states: server finished[20]
*** Certificate chain
chain [0] = [
[
  Version: V3
  Subject: CN=localhost, OU=ZooKeeper, O=Apache, L=Unknown, ST=Unknown, C=Unknown
  Signature Algorithm: SHA256withRSA, OID = 1.2.840.113549.1.1.11

  Key:  Sun RSA public key, 2048 bits
  params: null
  modulus: 20466894428749997265095448870198652391311568515891366224735448896044144250313384062095901217219702596717622583159291680947094046474456586662132842412743846124470020097713679685492900855417800931365512472314155689881392853768001073664569106127795833231344696659209258027979401908711647617989508135190248980524852215540637603770017238536229773075995665111861820945008718990948857303373661769409475939971958531493423489844433566328219155461676589360491136984327342101195255797973694339642711115427623510874675394946293706606142706174397483349590050687482693164890194014220011640037490528845185364811025836034294701994387
  public exponent: 65537
  Validity: [From: Sat Jan 31 02:57:30 CST 2015,
               To: Wed Feb 08 02:57:30 CST 3015]
  Issuer: CN=localhost, OU=ZooKeeper, O=Apache, L=Unknown, ST=Unknown, C=Unknown
  SerialNumber: [    7334b506]

Certificate Extensions: 1
[1]: ObjectId: 2.5.29.14 Criticality=false
SubjectKeyIdentifier [
KeyIdentifier [
0000: 65 D7 B4 E0 27 45 7A 00   58 2F AD D5 0B 64 2D 77  e...'Ez.X/...d-w
0010: 88 F7 AA F5                                        ....
]
]

]
  Algorithm: [SHA256withRSA]
  Signature:
0000: 1B C8 6B 36 83 1D 28 37   5C 1F 7D F6 C6 84 A0 BF  ..k6..(7\.......
0010: CA C0 47 CF C5 34 70 7A   CF 6B EA 34 84 BE 08 7A  ..G..4pz.k.4...z
0020: 98 E6 3D ED 1D E2 6F 06   DB 23 AB 41 AD D5 DF 1D  ..=...o..#.A....
0030: 92 F4 9D 05 FD 7C EE BE   4A 87 B8 F1 FE F4 5B 79  ........J.....[y
0040: DC AD F7 44 3D 67 08 7A   3B 91 D7 5A 79 44 96 D7  ...D=g.z;..ZyD..
0050: BE 0E 41 C8 64 E3 87 C3   28 11 AB DC 36 F5 B0 AC  ..A.d...(...6...
0060: BD 2F 16 1D 6E A1 52 25   5A EC 6F AD 20 71 5A 1B  ./..n.R%Z.o. qZ.
0070: 66 D4 0D A6 49 B7 75 43   C4 84 0B 4B AC BD 16 76  f...I.uC...K...v
0080: 58 2B 07 85 E2 F1 44 15   1E 67 D1 3C 13 73 5A 2D  X+....D..g.<.sZ-
0090: D6 06 0B A1 D3 09 7E EF   88 F9 C3 0E A4 10 47 EA  ..............G.
00A0: 65 5D CD F0 39 EA 2F 59   1C 08 BC F9 CC 5B C9 BB  e]..9./Y.....[..
00B0: 2F 20 19 81 97 B5 21 BB   60 A4 39 08 6C 41 2A 51  / ....!.`.9.lA*Q
00C0: B1 C3 1A A3 8C F8 ED 67   D0 EE EC 52 01 2A E4 1E  .......g...R.*..
00D0: D2 B4 34 73 DC 7E 34 24   A9 4E 77 AD FD B3 77 0D  ..4s..4$.Nw...w.
00E0: C2 7A C0 65 F6 CC 11 9D   19 AA 59 13 C3 9D AD 5F  .z.e......Y...._
00F0: 61 E6 C2 18 F0 E5 A1 49   41 B5 EF 9E 91 0C 35 9C  a......IA.....5.

]
***
Found trusted certificate:
[
[
  Version: V3
  Subject: CN=localhost, OU=ZooKeeper, O=Apache, L=Unknown, ST=Unknown, C=Unknown
  Signature Algorithm: SHA256withRSA, OID = 1.2.840.113549.1.1.11

  Key:  Sun RSA public key, 2048 bits
  params: null
  modulus: 20466894428749997265095448870198652391311568515891366224735448896044144250313384062095901217219702596717622583159291680947094046474456586662132842412743846124470020097713679685492900855417800931365512472314155689881392853768001073664569106127795833231344696659209258027979401908711647617989508135190248980524852215540637603770017238536229773075995665111861820945008718990948857303373661769409475939971958531493423489844433566328219155461676589360491136984327342101195255797973694339642711115427623510874675394946293706606142706174397483349590050687482693164890194014220011640037490528845185364811025836034294701994387
  public exponent: 65537
  Validity: [From: Sat Jan 31 02:57:30 CST 2015,
               To: Wed Feb 08 02:57:30 CST 3015]
  Issuer: CN=localhost, OU=ZooKeeper, O=Apache, L=Unknown, ST=Unknown, C=Unknown
  SerialNumber: [    7334b506]

Certificate Extensions: 1
[1]: ObjectId: 2.5.29.14 Criticality=false
SubjectKeyIdentifier [
KeyIdentifier [
0000: 65 D7 B4 E0 27 45 7A 00   58 2F AD D5 0B 64 2D 77  e...'Ez.X/...d-w
0010: 88 F7 AA F5                                        ....
]
]

]
  Algorithm: [SHA256withRSA]
  Signature:
0000: 1B C8 6B 36 83 1D 28 37   5C 1F 7D F6 C6 84 A0 BF  ..k6..(7\.......
0010: CA C0 47 CF C5 34 70 7A   CF 6B EA 34 84 BE 08 7A  ..G..4pz.k.4...z
0020: 98 E6 3D ED 1D E2 6F 06   DB 23 AB 41 AD D5 DF 1D  ..=...o..#.A....
0030: 92 F4 9D 05 FD 7C EE BE   4A 87 B8 F1 FE F4 5B 79  ........J.....[y
0040: DC AD F7 44 3D 67 08 7A   3B 91 D7 5A 79 44 96 D7  ...D=g.z;..ZyD..
0050: BE 0E 41 C8 64 E3 87 C3   28 11 AB DC 36 F5 B0 AC  ..A.d...(...6...
0060: BD 2F 16 1D 6E A1 52 25   5A EC 6F AD 20 71 5A 1B  ./..n.R%Z.o. qZ.
0070: 66 D4 0D A6 49 B7 75 43   C4 84 0B 4B AC BD 16 76  f...I.uC...K...v
0080: 58 2B 07 85 E2 F1 44 15   1E 67 D1 3C 13 73 5A 2D  X+....D..g.<.sZ-
0090: D6 06 0B A1 D3 09 7E EF   88 F9 C3 0E A4 10 47 EA  ..............G.
00A0: 65 5D CD F0 39 EA 2F 59   1C 08 BC F9 CC 5B C9 BB  e]..9./Y.....[..
00B0: 2F 20 19 81 97 B5 21 BB   60 A4 39 08 6C 41 2A 51  / ....!.`.9.lA*Q
00C0: B1 C3 1A A3 8C F8 ED 67   D0 EE EC 52 01 2A E4 1E  .......g...R.*..
00D0: D2 B4 34 73 DC 7E 34 24   A9 4E 77 AD FD B3 77 0D  ..4s..4$.Nw...w.
00E0: C2 7A C0 65 F6 CC 11 9D   19 AA 59 13 C3 9D AD 5F  .z.e......Y...._
00F0: 61 E6 C2 18 F0 E5 A1 49   41 B5 EF 9E 91 0C 35 9C  a......IA.....5.

]
2020-06-22 14:06:48,066 [myid:127.0.0.1:30074] - ERROR [nioEventLoopGroup-9-1:ZKTrustManager@161] - Failed to verify host address: 127.0.0.1
javax.net.ssl.SSLPeerUnverifiedException: Certificate for <127.0.0.1> doesn't match common name of the certificate subject: localhost
	at org.apache.zookeeper.common.ZKHostnameVerifier.matchCN(ZKHostnameVerifier.java:238)
	at org.apache.zookeeper.common.ZKHostnameVerifier.verify(ZKHostnameVerifier.java:184)
	at org.apache.zookeeper.common.ZKTrustManager.performHostVerification(ZKTrustManager.java:151)
	at org.apache.zookeeper.common.ZKTrustManager.checkServerTrusted(ZKTrustManager.java:118)
	at sun.security.ssl.ClientHandshaker.serverCertificate(ClientHandshaker.java:1675)
	at sun.security.ssl.ClientHandshaker.processMessage(ClientHandshaker.java:226)
	at sun.security.ssl.Handshaker.processLoop(Handshaker.java:1082)
	at sun.security.ssl.Handshaker$1.run(Handshaker.java:1015)
	at sun.security.ssl.Handshaker$1.run(Handshaker.java:1012)
	at java.security.AccessController.doPrivileged(Native Method)
	at sun.security.ssl.Handshaker$DelegatedTask.run(Handshaker.java:1504)
	at io.netty.handler.ssl.SslHandler.runAllDelegatedTasks(SslHandler.java:1510)
	at io.netty.handler.ssl.SslHandler.runDelegatedTasks(SslHandler.java:1524)
	at io.netty.handler.ssl.SslHandler.unwrap(SslHandler.java:1408)
	at io.netty.handler.ssl.SslHandler.decodeJdkCompatible(SslHandler.java:1235)
	at io.netty.handler.ssl.SslHandler.decode(SslHandler.java:1282)
	at io.netty.handler.codec.ByteToMessageDecoder.decodeRemovalReentryProtection(ByteToMessageDecoder.java:498)
	at io.netty.handler.codec.ByteToMessageDecoder.callDecode(ByteToMessageDecoder.java:437)
	at io.netty.handler.codec.ByteToMessageDecoder.channelRead(ByteToMessageDecoder.java:276)
	at io.netty.channel.AbstractChannelHandlerContext.invokeChannelRead(AbstractChannelHandlerContext.java:379)
	at io.netty.channel.AbstractChannelHandlerContext.invokeChannelRead(AbstractChannelHandlerContext.java:365)
	at io.netty.channel.AbstractChannelHandlerContext.fireChannelRead(AbstractChannelHandlerContext.java:357)
	at io.netty.channel.DefaultChannelPipeline$HeadContext.channelRead(DefaultChannelPipeline.java:1410)
	at io.netty.channel.AbstractChannelHandlerContext.invokeChannelRead(AbstractChannelHandlerContext.java:379)
	at io.netty.channel.AbstractChannelHandlerContext.invokeChannelRead(AbstractChannelHandlerContext.java:365)
	at io.netty.channel.DefaultChannelPipeline.fireChannelRead(DefaultChannelPipeline.java:919)
	at io.netty.channel.nio.AbstractNioByteChannel$NioByteUnsafe.read(AbstractNioByteChannel.java:163)
	at io.netty.channel.nio.NioEventLoop.processSelectedKey(NioEventLoop.java:714)
	at io.netty.channel.nio.NioEventLoop.processSelectedKeysOptimized(NioEventLoop.java:650)
	at io.netty.channel.nio.NioEventLoop.processSelectedKeys(NioEventLoop.java:576)
	at io.netty.channel.nio.NioEventLoop.run(NioEventLoop.java:493)
	at io.netty.util.concurrent.SingleThreadEventExecutor$4.run(SingleThreadEventExecutor.java:989)
	at io.netty.util.internal.ThreadExecutorMap$2.run(ThreadExecutorMap.java:74)
	at io.netty.util.concurrent.FastThreadLocalRunnable.run(FastThreadLocalRunnable.java:30)
	at java.lang.Thread.run(Thread.java:748)
2020-06-22 14:06:48,066 [myid:127.0.0.1:30074] - ERROR [nioEventLoopGroup-9-1:ZKTrustManager@162] - Failed to verify hostname: activate.navicat.com
javax.net.ssl.SSLPeerUnverifiedException: Certificate for <activate.navicat.com> doesn't match common name of the certificate subject: localhost
	at org.apache.zookeeper.common.ZKHostnameVerifier.matchCN(ZKHostnameVerifier.java:238)
	at org.apache.zookeeper.common.ZKHostnameVerifier.verify(ZKHostnameVerifier.java:184)
	at org.apache.zookeeper.common.ZKTrustManager.performHostVerification(ZKTrustManager.java:159)
	at org.apache.zookeeper.common.ZKTrustManager.checkServerTrusted(ZKTrustManager.java:118)
	at sun.security.ssl.ClientHandshaker.serverCertificate(ClientHandshaker.java:1675)
	at sun.security.ssl.ClientHandshaker.processMessage(ClientHandshaker.java:226)
	at sun.security.ssl.Handshaker.processLoop(Handshaker.java:1082)
	at sun.security.ssl.Handshaker$1.run(Handshaker.java:1015)
	at sun.security.ssl.Handshaker$1.run(Handshaker.java:1012)
	at java.security.AccessController.doPrivileged(Native Method)
	at sun.security.ssl.Handshaker$DelegatedTask.run(Handshaker.java:1504)
	at io.netty.handler.ssl.SslHandler.runAllDelegatedTasks(SslHandler.java:1510)
	at io.netty.handler.ssl.SslHandler.runDelegatedTasks(SslHandler.java:1524)
	at io.netty.handler.ssl.SslHandler.unwrap(SslHandler.java:1408)
	at io.netty.handler.ssl.SslHandler.decodeJdkCompatible(SslHandler.java:1235)
	at io.netty.handler.ssl.SslHandler.decode(SslHandler.java:1282)
	at io.netty.handler.codec.ByteToMessageDecoder.decodeRemovalReentryProtection(ByteToMessageDecoder.java:498)
	at io.netty.handler.codec.ByteToMessageDecoder.callDecode(ByteToMessageDecoder.java:437)
	at io.netty.handler.codec.ByteToMessageDecoder.channelRead(ByteToMessageDecoder.java:276)
	at io.netty.channel.AbstractChannelHandlerContext.invokeChannelRead(AbstractChannelHandlerContext.java:379)
	at io.netty.channel.AbstractChannelHandlerContext.invokeChannelRead(AbstractChannelHandlerContext.java:365)
	at io.netty.channel.AbstractChannelHandlerContext.fireChannelRead(AbstractChannelHandlerContext.java:357)
	at io.netty.channel.DefaultChannelPipeline$HeadContext.channelRead(DefaultChannelPipeline.java:1410)
	at io.netty.channel.AbstractChannelHandlerContext.invokeChannelRead(AbstractChannelHandlerContext.java:379)
	at io.netty.channel.AbstractChannelHandlerContext.invokeChannelRead(AbstractChannelHandlerContext.java:365)
	at io.netty.channel.DefaultChannelPipeline.fireChannelRead(DefaultChannelPipeline.java:919)
	at io.netty.channel.nio.AbstractNioByteChannel$NioByteUnsafe.read(AbstractNioByteChannel.java:163)
	at io.netty.channel.nio.NioEventLoop.processSelectedKey(NioEventLoop.java:714)
	at io.netty.channel.nio.NioEventLoop.processSelectedKeysOptimized(NioEventLoop.java:650)
	at io.netty.channel.nio.NioEventLoop.processSelectedKeys(NioEventLoop.java:576)
	at io.netty.channel.nio.NioEventLoop.run(NioEventLoop.java:493)
	at io.netty.util.concurrent.SingleThreadEventExecutor$4.run(SingleThreadEventExecutor.java:989)
	at io.netty.util.internal.ThreadExecutorMap$2.run(ThreadExecutorMap.java:74)
	at io.netty.util.concurrent.FastThreadLocalRunnable.run(FastThreadLocalRunnable.java:30)
	at java.lang.Thread.run(Thread.java:748)
nioEventLoopGroup-9-1, fatal error: 46: General SSLEngine problem
java.security.cert.CertificateException: Failed to verify both host address and host name
%% Invalidated:  [Session-111, SSL_NULL_WITH_NULL_NULL]
%% Invalidated:  [Session-114, TLS_ECDHE_RSA_WITH_AES_256_CBC_SHA384]
nioEventLoopGroup-9-1, SEND TLSv1.2 ALERT:  fatal, description = certificate_unknown
nioEventLoopGroup-9-1, WRITE: TLSv1.2 Alert, length = 2
nioEventLoopGroup-9-1, fatal: engine already closed.  Rethrowing javax.net.ssl.SSLHandshakeException: General SSLEngine problem
nioEventLoopGroup-9-1, called closeOutbound()
nioEventLoopGroup-9-1, closeOutboundInternal()
nioEventLoopGroup-9-1, called closeInbound()
nioEventLoopGroup-9-1, fatal: engine already closed.  Rethrowing javax.net.ssl.SSLException: Inbound closed before receiving peer's close_notify: possible truncation attack?
nioEventLoopGroup-8-7, READ: TLSv1.2 Alert, length = 2
nioEventLoopGroup-8-7, RECV TLSv1.2 ALERT:  fatal, certificate_unknown
nioEventLoopGroup-8-7, fatal: engine already closed.  Rethrowing javax.net.ssl.SSLException: Received fatal alert: certificate_unknown
nioEventLoopGroup-8-7, fatal: engine already closed.  Rethrowing javax.net.ssl.SSLException: Received fatal alert: certificate_unknown
2020-06-22 14:06:48,068 [myid:] - ERROR [nioEventLoopGroup-8-7:NettyServerCnxnFactory$CertificateVerifier@434] - Unsuccessful handshake with session 0x0
nioEventLoopGroup-8-7, called closeOutbound()
nioEventLoopGroup-8-7, closeOutboundInternal()
nioEventLoopGroup-8-7, SEND TLSv1.2 ALERT:  warning, description = close_notify
nioEventLoopGroup-8-7, WRITE: TLSv1.2 Alert, length = 2
nioEventLoopGroup-8-7, called closeInbound()
nioEventLoopGroup-8-7, fatal: engine already closed.  Rethrowing javax.net.ssl.SSLException: Inbound closed before receiving peer's close_notify: possible truncation attack?
2020-06-22 14:06:48,068 [myid:127.0.0.1:30074] - ERROR [nioEventLoopGroup-9-1:ClientCnxnSocketNetty$ZKClientHandler@522] - Unexpected throwable
io.netty.handler.codec.DecoderException: javax.net.ssl.SSLHandshakeException: General SSLEngine problem
	at io.netty.handler.codec.ByteToMessageDecoder.callDecode(ByteToMessageDecoder.java:468)
	at io.netty.handler.codec.ByteToMessageDecoder.channelRead(ByteToMessageDecoder.java:276)
	at io.netty.channel.AbstractChannelHandlerContext.invokeChannelRead(AbstractChannelHandlerContext.java:379)
	at io.netty.channel.AbstractChannelHandlerContext.invokeChannelRead(AbstractChannelHandlerContext.java:365)
	at io.netty.channel.AbstractChannelHandlerContext.fireChannelRead(AbstractChannelHandlerContext.java:357)
	at io.netty.channel.DefaultChannelPipeline$HeadContext.channelRead(DefaultChannelPipeline.java:1410)
	at io.netty.channel.AbstractChannelHandlerContext.invokeChannelRead(AbstractChannelHandlerContext.java:379)
	at io.netty.channel.AbstractChannelHandlerContext.invokeChannelRead(AbstractChannelHandlerContext.java:365)
	at io.netty.channel.DefaultChannelPipeline.fireChannelRead(DefaultChannelPipeline.java:919)
	at io.netty.channel.nio.AbstractNioByteChannel$NioByteUnsafe.read(AbstractNioByteChannel.java:163)
	at io.netty.channel.nio.NioEventLoop.processSelectedKey(NioEventLoop.java:714)
	at io.netty.channel.nio.NioEventLoop.processSelectedKeysOptimized(NioEventLoop.java:650)
	at io.netty.channel.nio.NioEventLoop.processSelectedKeys(NioEventLoop.java:576)
	at io.netty.channel.nio.NioEventLoop.run(NioEventLoop.java:493)
	at io.netty.util.concurrent.SingleThreadEventExecutor$4.run(SingleThreadEventExecutor.java:989)
	at io.netty.util.internal.ThreadExecutorMap$2.run(ThreadExecutorMap.java:74)
	at io.netty.util.concurrent.FastThreadLocalRunnable.run(FastThreadLocalRunnable.java:30)
	at java.lang.Thread.run(Thread.java:748)
Caused by: javax.net.ssl.SSLHandshakeException: General SSLEngine problem
	at sun.security.ssl.Handshaker.checkThrown(Handshaker.java:1566)
	at sun.security.ssl.SSLEngineImpl.checkTaskThrown(SSLEngineImpl.java:545)
	at sun.security.ssl.SSLEngineImpl.readNetRecord(SSLEngineImpl.java:819)
	at sun.security.ssl.SSLEngineImpl.unwrap(SSLEngineImpl.java:783)
	at javax.net.ssl.SSLEngine.unwrap(SSLEngine.java:626)
	at io.netty.handler.ssl.SslHandler$SslEngineType$3.unwrap(SslHandler.java:281)
	at io.netty.handler.ssl.SslHandler.unwrap(SslHandler.java:1340)
	at io.netty.handler.ssl.SslHandler.decodeJdkCompatible(SslHandler.java:1235)
	at io.netty.handler.ssl.SslHandler.decode(SslHandler.java:1282)
	at io.netty.handler.codec.ByteToMessageDecoder.decodeRemovalReentryProtection(ByteToMessageDecoder.java:498)
	at io.netty.handler.codec.ByteToMessageDecoder.callDecode(ByteToMessageDecoder.java:437)
	... 17 more
Caused by: javax.net.ssl.SSLHandshakeException: General SSLEngine problem
	at sun.security.ssl.Alerts.getSSLException(Alerts.java:198)
	at sun.security.ssl.SSLEngineImpl.fatal(SSLEngineImpl.java:1729)
	at sun.security.ssl.Handshaker.fatalSE(Handshaker.java:333)
	at sun.security.ssl.Handshaker.fatalSE(Handshaker.java:325)
	at sun.security.ssl.ClientHandshaker.serverCertificate(ClientHandshaker.java:1688)
	at sun.security.ssl.ClientHandshaker.processMessage(ClientHandshaker.java:226)
	at sun.security.ssl.Handshaker.processLoop(Handshaker.java:1082)
	at sun.security.ssl.Handshaker$1.run(Handshaker.java:1015)
	at sun.security.ssl.Handshaker$1.run(Handshaker.java:1012)
	at java.security.AccessController.doPrivileged(Native Method)
	at sun.security.ssl.Handshaker$DelegatedTask.run(Handshaker.java:1504)
	at io.netty.handler.ssl.SslHandler.runAllDelegatedTasks(SslHandler.java:1510)
	at io.netty.handler.ssl.SslHandler.runDelegatedTasks(SslHandler.java:1524)
	at io.netty.handler.ssl.SslHandler.unwrap(SslHandler.java:1408)
	... 21 more
Caused by: java.security.cert.CertificateException: Failed to verify both host address and host name
	at org.apache.zookeeper.common.ZKTrustManager.performHostVerification(ZKTrustManager.java:163)
	at org.apache.zookeeper.common.ZKTrustManager.checkServerTrusted(ZKTrustManager.java:118)
	at sun.security.ssl.ClientHandshaker.serverCertificate(ClientHandshaker.java:1675)
	... 30 more
Caused by: javax.net.ssl.SSLPeerUnverifiedException: Certificate for <activate.navicat.com> doesn't match common name of the certificate subject: localhost
	at org.apache.zookeeper.common.ZKHostnameVerifier.matchCN(ZKHostnameVerifier.java:238)
	at org.apache.zookeeper.common.ZKHostnameVerifier.verify(ZKHostnameVerifier.java:184)
	at org.apache.zookeeper.common.ZKTrustManager.performHostVerification(ZKTrustManager.java:159)
	... 32 more
2020-06-22 14:06:48,069 [myid:127.0.0.1:30074] - INFO  [nioEventLoopGroup-9-1:ClientCnxnSocketNetty@249] - channel is told closing
nioEventLoopGroup-9-1, called closeOutbound()
nioEventLoopGroup-9-1, closeOutboundInternal()
2020-06-22 14:06:48,069 [myid:] - WARN  [nioEventLoopGroup-8-7:NettyServerCnxnFactory$CnxnChannelHandler@273] - Exception caught
io.netty.handler.codec.DecoderException: javax.net.ssl.SSLException: Received fatal alert: certificate_unknown
	at io.netty.handler.codec.ByteToMessageDecoder.callDecode(ByteToMessageDecoder.java:468)
	at io.netty.handler.codec.ByteToMessageDecoder.channelRead(ByteToMessageDecoder.java:276)
	at io.netty.channel.AbstractChannelHandlerContext.invokeChannelRead(AbstractChannelHandlerContext.java:379)
	at io.netty.channel.AbstractChannelHandlerContext.invokeChannelRead(AbstractChannelHandlerContext.java:365)
	at io.netty.channel.AbstractChannelHandlerContext.fireChannelRead(AbstractChannelHandlerContext.java:357)
	at io.netty.channel.DefaultChannelPipeline$HeadContext.channelRead(DefaultChannelPipeline.java:1410)
	at io.netty.channel.AbstractChannelHandlerContext.invokeChannelRead(AbstractChannelHandlerContext.java:379)
	at io.netty.channel.AbstractChannelHandlerContext.invokeChannelRead(AbstractChannelHandlerContext.java:365)
	at io.netty.channel.DefaultChannelPipeline.fireChannelRead(DefaultChannelPipeline.java:919)
	at io.netty.channel.nio.AbstractNioByteChannel$NioByteUnsafe.read(AbstractNioByteChannel.java:163)
	at io.netty.channel.nio.NioEventLoop.processSelectedKey(NioEventLoop.java:714)
	at io.netty.channel.nio.NioEventLoop.processSelectedKeysOptimized(NioEventLoop.java:650)
	at io.netty.channel.nio.NioEventLoop.processSelectedKeys(NioEventLoop.java:576)
	at io.netty.channel.nio.NioEventLoop.run(NioEventLoop.java:493)
	at io.netty.util.concurrent.SingleThreadEventExecutor$4.run(SingleThreadEventExecutor.java:989)
	at io.netty.util.internal.ThreadExecutorMap$2.run(ThreadExecutorMap.java:74)
	at io.netty.util.concurrent.FastThreadLocalRunnable.run(FastThreadLocalRunnable.java:30)
	at java.lang.Thread.run(Thread.java:748)
Caused by: javax.net.ssl.SSLException: Received fatal alert: certificate_unknown
	at sun.security.ssl.Alerts.getSSLException(Alerts.java:214)
	at sun.security.ssl.SSLEngineImpl.fatal(SSLEngineImpl.java:1667)
	at sun.security.ssl.SSLEngineImpl.fatal(SSLEngineImpl.java:1635)
	at sun.security.ssl.SSLEngineImpl.recvAlert(SSLEngineImpl.java:1801)
	at sun.security.ssl.SSLEngineImpl.readRecord(SSLEngineImpl.java:1090)
	at sun.security.ssl.SSLEngineImpl.readNetRecord(SSLEngineImpl.java:913)
	at sun.security.ssl.SSLEngineImpl.unwrap(SSLEngineImpl.java:783)
	at javax.net.ssl.SSLEngine.unwrap(SSLEngine.java:626)
	at io.netty.handler.ssl.SslHandler$SslEngineType$3.unwrap(SslHandler.java:281)
	at io.netty.handler.ssl.SslHandler.unwrap(SslHandler.java:1340)
	at io.netty.handler.ssl.SslHandler.decodeJdkCompatible(SslHandler.java:1235)
	at io.netty.handler.ssl.SslHandler.decode(SslHandler.java:1282)
	at io.netty.handler.codec.ByteToMessageDecoder.decodeRemovalReentryProtection(ByteToMessageDecoder.java:498)
	at io.netty.handler.codec.ByteToMessageDecoder.callDecode(ByteToMessageDecoder.java:437)
	... 17 more
nioEventLoopGroup-8-7, called closeOutbound()
nioEventLoopGroup-8-7, closeOutboundInternal()
2020-06-22 14:06:48,069 [myid:127.0.0.1:30074] - INFO  [nioEventLoopGroup-9-1:ClientCnxnSocketNetty$ZKClientHandler@469] - channel is disconnected: [id: 0x1bd95431, L:/127.0.0.1:56090 ! R:activate.navicat.com/127.0.0.1:30074]
nioEventLoopGroup-8-7, READ: TLSv1.2 Alert, length = 2
nioEventLoopGroup-8-7, RECV TLSv1.2 ALERT:  fatal, certificate_unknown
nioEventLoopGroup-8-7, fatal: engine already closed.  Rethrowing javax.net.ssl.SSLException: Received fatal alert: certificate_unknown
nioEventLoopGroup-8-7, fatal: engine already closed.  Rethrowing javax.net.ssl.SSLException: Received fatal alert: certificate_unknown
nioEventLoopGroup-8-7, called closeOutbound()
nioEventLoopGroup-8-7, closeOutboundInternal()
nioEventLoopGroup-8-7, called closeInbound()
nioEventLoopGroup-8-7, closeInboundInternal()
nioEventLoopGroup-8-7, closeOutboundInternal()
2020-06-22 14:06:48,069 [myid:127.0.0.1:30074] - WARN  [main-SendThread(127.0.0.1:30074):ClientCnxn$SendThread@1272] - Session 0x0 for sever activate.navicat.com/127.0.0.1:30074, Closing socket connection. Attempting reconnect except it is a SessionExpiredException.
EndOfStreamException: channel for sessionid 0x0 is lost
	at org.apache.zookeeper.ClientCnxnSocketNetty.doTransport(ClientCnxnSocketNetty.java:285)
	at org.apache.zookeeper.ClientCnxn$SendThread.run(ClientCnxn.java:1262)
2020-06-22 14:06:48,070 [myid:] - WARN  [nioEventLoopGroup-8-7:NettyServerCnxnFactory$CnxnChannelHandler@273] - Exception caught
io.netty.handler.codec.DecoderException: javax.net.ssl.SSLException: Received fatal alert: certificate_unknown
	at io.netty.handler.codec.ByteToMessageDecoder.callDecode(ByteToMessageDecoder.java:468)
	at io.netty.handler.codec.ByteToMessageDecoder.channelInputClosed(ByteToMessageDecoder.java:401)
	at io.netty.handler.codec.ByteToMessageDecoder.channelInputClosed(ByteToMessageDecoder.java:368)
	at io.netty.handler.codec.ByteToMessageDecoder.channelInactive(ByteToMessageDecoder.java:351)
	at io.netty.handler.ssl.SslHandler.channelInactive(SslHandler.java:1084)
	at io.netty.channel.AbstractChannelHandlerContext.invokeChannelInactive(AbstractChannelHandlerContext.java:262)
	at io.netty.channel.AbstractChannelHandlerContext.invokeChannelInactive(AbstractChannelHandlerContext.java:248)
	at io.netty.channel.AbstractChannelHandlerContext.fireChannelInactive(AbstractChannelHandlerContext.java:241)
	at io.netty.channel.DefaultChannelPipeline$HeadContext.channelInactive(DefaultChannelPipeline.java:1405)
	at io.netty.channel.AbstractChannelHandlerContext.invokeChannelInactive(AbstractChannelHandlerContext.java:262)
	at io.netty.channel.AbstractChannelHandlerContext.invokeChannelInactive(AbstractChannelHandlerContext.java:248)
	at io.netty.channel.DefaultChannelPipeline.fireChannelInactive(DefaultChannelPipeline.java:901)
	at io.netty.channel.AbstractChannel$AbstractUnsafe$8.run(AbstractChannel.java:818)
	at io.netty.util.concurrent.AbstractEventExecutor.safeExecute(AbstractEventExecutor.java:164)
	at io.netty.util.concurrent.SingleThreadEventExecutor.runAllTasks(SingleThreadEventExecutor.java:472)
	at io.netty.channel.nio.NioEventLoop.run(NioEventLoop.java:497)
	at io.netty.util.concurrent.SingleThreadEventExecutor$4.run(SingleThreadEventExecutor.java:989)
	at io.netty.util.internal.ThreadExecutorMap$2.run(ThreadExecutorMap.java:74)
	at io.netty.util.concurrent.FastThreadLocalRunnable.run(FastThreadLocalRunnable.java:30)
	at java.lang.Thread.run(Thread.java:748)
Caused by: javax.net.ssl.SSLException: Received fatal alert: certificate_unknown
	at sun.security.ssl.Alerts.getSSLException(Alerts.java:214)
	at sun.security.ssl.SSLEngineImpl.fatal(SSLEngineImpl.java:1667)
	at sun.security.ssl.SSLEngineImpl.fatal(SSLEngineImpl.java:1635)
	at sun.security.ssl.SSLEngineImpl.recvAlert(SSLEngineImpl.java:1801)
	at sun.security.ssl.SSLEngineImpl.readRecord(SSLEngineImpl.java:1090)
	at sun.security.ssl.SSLEngineImpl.readNetRecord(SSLEngineImpl.java:913)
	at sun.security.ssl.SSLEngineImpl.unwrap(SSLEngineImpl.java:783)
	at javax.net.ssl.SSLEngine.unwrap(SSLEngine.java:626)
	at io.netty.handler.ssl.SslHandler$SslEngineType$3.unwrap(SslHandler.java:281)
	at io.netty.handler.ssl.SslHandler.unwrap(SslHandler.java:1340)
	at io.netty.handler.ssl.SslHandler.decodeJdkCompatible(SslHandler.java:1235)
	at io.netty.handler.ssl.SslHandler.decode(SslHandler.java:1282)
	at io.netty.handler.codec.ByteToMessageDecoder.decodeRemovalReentryProtection(ByteToMessageDecoder.java:498)
	at io.netty.handler.codec.ByteToMessageDecoder.callDecode(ByteToMessageDecoder.java:437)
	... 19 more
2020-06-22 14:06:48,988 [myid:127.0.0.1:30073] - INFO  [main-SendThread(127.0.0.1:30073):ClientCnxn$SendThread@1154] - Opening socket connection to server activate.navicat.com/127.0.0.1:30073.
2020-06-22 14:06:48,988 [myid:127.0.0.1:30073] - INFO  [main-SendThread(127.0.0.1:30073):ClientCnxn$SendThread@1156] - SASL config status: Will not attempt to authenticate using SASL (unknown error)
adding as trusted cert:
  Subject: CN=localhost, OU=ZooKeeper, O=Apache, L=Unknown, ST=Unknown, C=Unknown
  Issuer:  CN=localhost, OU=ZooKeeper, O=Apache, L=Unknown, ST=Unknown, C=Unknown
  Algorithm: RSA; Serial number: 0x7334b506
  Valid from Sat Jan 31 02:57:30 CST 2015 until Wed Feb 08 02:57:30 CST 3015

trigger seeding of SecureRandom
done seeding SecureRandom
Using SSLEngineImpl.
%% Initialized:  [Session-115, SSL_NULL_WITH_NULL_NULL]
2020-06-22 14:06:48,990 [myid:127.0.0.1:30073] - INFO  [nioEventLoopGroup-5-1:ClientCnxnSocketNetty$ZKClientPipelineFactory@454] - SSL handler added for channel: [id: 0xddf499f3]
2020-06-22 14:06:49,297 [myid:127.0.0.1:30074] - INFO  [main-SendThread(127.0.0.1:30074):ClientCnxn$SendThread@1154] - Opening socket connection to server activate.navicat.com/127.0.0.1:30074.
2020-06-22 14:06:49,297 [myid:127.0.0.1:30074] - INFO  [main-SendThread(127.0.0.1:30074):ClientCnxn$SendThread@1156] - SASL config status: Will not attempt to authenticate using SASL (unknown error)
adding as trusted cert:
  Subject: CN=localhost, OU=ZooKeeper, O=Apache, L=Unknown, ST=Unknown, C=Unknown
  Issuer:  CN=localhost, OU=ZooKeeper, O=Apache, L=Unknown, ST=Unknown, C=Unknown
  Algorithm: RSA; Serial number: 0x7334b506
  Valid from Sat Jan 31 02:57:30 CST 2015 until Wed Feb 08 02:57:30 CST 3015

trigger seeding of SecureRandom
done seeding SecureRandom
Using SSLEngineImpl.
%% Initialized:  [Session-116, SSL_NULL_WITH_NULL_NULL]
2020-06-22 14:06:49,298 [myid:127.0.0.1:30074] - INFO  [nioEventLoopGroup-9-1:ClientCnxnSocketNetty$ZKClientPipelineFactory@454] - SSL handler added for channel: [id: 0x1efebf9b]
2020-06-22 14:06:49,299 [myid:127.0.0.1:30074] - INFO  [nioEventLoopGroup-9-1:ClientCnxn$SendThread@986] - Socket connection established, initiating session, client: /127.0.0.1:56151, server: activate.navicat.com/127.0.0.1:30074
2020-06-22 14:06:49,299 [myid:127.0.0.1:30074] - INFO  [nioEventLoopGroup-9-1:ClientCnxnSocketNetty$1@184] - channel is connected: [id: 0x1efebf9b, L:/127.0.0.1:56151 - R:activate.navicat.com/127.0.0.1:30074]
Allow unsafe renegotiation: false
Allow legacy hello messages: true
Is initial handshake: true
Is secure renegotiation: false
Ignoring unsupported cipher suite: TLS_ECDHE_ECDSA_WITH_AES_256_CBC_SHA384 for TLSv1
Ignoring unsupported cipher suite: TLS_ECDHE_RSA_WITH_AES_256_CBC_SHA384 for TLSv1
Ignoring unsupported cipher suite: TLS_RSA_WITH_AES_256_CBC_SHA256 for TLSv1
Ignoring unsupported cipher suite: TLS_ECDH_ECDSA_WITH_AES_256_CBC_SHA384 for TLSv1
Ignoring unsupported cipher suite: TLS_ECDH_RSA_WITH_AES_256_CBC_SHA384 for TLSv1
Ignoring unsupported cipher suite: TLS_DHE_RSA_WITH_AES_256_CBC_SHA256 for TLSv1
Ignoring unsupported cipher suite: TLS_DHE_DSS_WITH_AES_256_CBC_SHA256 for TLSv1
Ignoring unsupported cipher suite: TLS_ECDHE_ECDSA_WITH_AES_256_CBC_SHA384 for TLSv1.1
Ignoring unsupported cipher suite: TLS_ECDHE_RSA_WITH_AES_256_CBC_SHA384 for TLSv1.1
Ignoring unsupported cipher suite: TLS_RSA_WITH_AES_256_CBC_SHA256 for TLSv1.1
Ignoring unsupported cipher suite: TLS_ECDH_ECDSA_WITH_AES_256_CBC_SHA384 for TLSv1.1
Ignoring unsupported cipher suite: TLS_ECDH_RSA_WITH_AES_256_CBC_SHA384 for TLSv1.1
Ignoring unsupported cipher suite: TLS_DHE_RSA_WITH_AES_256_CBC_SHA256 for TLSv1.1
Ignoring unsupported cipher suite: TLS_DHE_DSS_WITH_AES_256_CBC_SHA256 for TLSv1.1
trigger seeding of SecureRandom
done seeding SecureRandom
Using SSLEngineImpl.
%% Initialized:  [Session-117, SSL_NULL_WITH_NULL_NULL]
%% No cached client session
update handshake state: client_hello[1]
upcoming handshake states: server_hello[2]
*** ClientHello, TLSv1.2
RandomCookie:  GMT: 1576028793 bytes = { 59, 255, 35, 240, 84, 233, 118, 133, 207, 21, 169, 78, 211, 8, 113, 234, 167, 141, 66, 244, 159, 26, 140, 61, 240, 106, 109, 84 }
Session ID:  {}
Cipher Suites: [TLS_ECDHE_ECDSA_WITH_AES_256_CBC_SHA384, TLS_ECDHE_RSA_WITH_AES_256_CBC_SHA384, TLS_RSA_WITH_AES_256_CBC_SHA256, TLS_ECDH_ECDSA_WITH_AES_256_CBC_SHA384, TLS_ECDH_RSA_WITH_AES_256_CBC_SHA384, TLS_DHE_RSA_WITH_AES_256_CBC_SHA256, TLS_DHE_DSS_WITH_AES_256_CBC_SHA256, TLS_ECDHE_ECDSA_WITH_AES_256_CBC_SHA, TLS_ECDHE_RSA_WITH_AES_256_CBC_SHA, TLS_RSA_WITH_AES_256_CBC_SHA, TLS_ECDH_ECDSA_WITH_AES_256_CBC_SHA, TLS_ECDH_RSA_WITH_AES_256_CBC_SHA, TLS_DHE_RSA_WITH_AES_256_CBC_SHA, TLS_DHE_DSS_WITH_AES_256_CBC_SHA, TLS_ECDHE_ECDSA_WITH_AES_128_CBC_SHA256, TLS_ECDHE_RSA_WITH_AES_128_CBC_SHA256, TLS_RSA_WITH_AES_128_CBC_SHA256, TLS_ECDH_ECDSA_WITH_AES_128_CBC_SHA256, TLS_ECDH_RSA_WITH_AES_128_CBC_SHA256, TLS_DHE_RSA_WITH_AES_128_CBC_SHA256, TLS_DHE_DSS_WITH_AES_128_CBC_SHA256, TLS_ECDHE_ECDSA_WITH_AES_128_CBC_SHA, TLS_ECDHE_RSA_WITH_AES_128_CBC_SHA, TLS_RSA_WITH_AES_128_CBC_SHA, TLS_ECDH_ECDSA_WITH_AES_128_CBC_SHA, TLS_ECDH_RSA_WITH_AES_128_CBC_SHA, TLS_DHE_RSA_WITH_AES_128_CBC_SHA, TLS_DHE_DSS_WITH_AES_128_CBC_SHA, TLS_ECDHE_ECDSA_WITH_AES_256_GCM_SHA384, TLS_ECDHE_ECDSA_WITH_AES_128_GCM_SHA256, TLS_ECDHE_RSA_WITH_AES_256_GCM_SHA384, TLS_RSA_WITH_AES_256_GCM_SHA384, TLS_ECDH_ECDSA_WITH_AES_256_GCM_SHA384, TLS_ECDH_RSA_WITH_AES_256_GCM_SHA384, TLS_DHE_RSA_WITH_AES_256_GCM_SHA384, TLS_DHE_DSS_WITH_AES_256_GCM_SHA384, TLS_ECDHE_RSA_WITH_AES_128_GCM_SHA256, TLS_RSA_WITH_AES_128_GCM_SHA256, TLS_ECDH_ECDSA_WITH_AES_128_GCM_SHA256, TLS_ECDH_RSA_WITH_AES_128_GCM_SHA256, TLS_DHE_RSA_WITH_AES_128_GCM_SHA256, TLS_DHE_DSS_WITH_AES_128_GCM_SHA256, TLS_EMPTY_RENEGOTIATION_INFO_SCSV]
Compression Methods:  { 0 }
Extension elliptic_curves, curve names: {secp256r1, secp384r1, secp521r1}
Extension ec_point_formats, formats: [uncompressed]
Extension signature_algorithms, signature_algorithms: SHA512withECDSA, SHA512withRSA, SHA384withECDSA, SHA384withRSA, SHA256withECDSA, SHA256withRSA, SHA256withDSA, SHA1withECDSA, SHA1withRSA, SHA1withDSA
Extension extended_master_secret
Extension server_name, server_name: [type=host_name (0), value=activate.navicat.com]
***
nioEventLoopGroup-9-1, WRITE: TLSv1.2 Handshake, length = 208
Allow unsafe renegotiation: false
Allow legacy hello messages: true
Is initial handshake: true
Is secure renegotiation: false
nioEventLoopGroup-8-8, READ: TLSv1.2 Handshake, length = 208
check handshake state: client_hello[1]
update handshake state: client_hello[1]
upcoming handshake states: server_hello[2]
*** ClientHello, TLSv1.2
RandomCookie:  GMT: 1576028793 bytes = { 59, 255, 35, 240, 84, 233, 118, 133, 207, 21, 169, 78, 211, 8, 113, 234, 167, 141, 66, 244, 159, 26, 140, 61, 240, 106, 109, 84 }
Session ID:  {}
Cipher Suites: [TLS_ECDHE_ECDSA_WITH_AES_256_CBC_SHA384, TLS_ECDHE_RSA_WITH_AES_256_CBC_SHA384, TLS_RSA_WITH_AES_256_CBC_SHA256, TLS_ECDH_ECDSA_WITH_AES_256_CBC_SHA384, TLS_ECDH_RSA_WITH_AES_256_CBC_SHA384, TLS_DHE_RSA_WITH_AES_256_CBC_SHA256, TLS_DHE_DSS_WITH_AES_256_CBC_SHA256, TLS_ECDHE_ECDSA_WITH_AES_256_CBC_SHA, TLS_ECDHE_RSA_WITH_AES_256_CBC_SHA, TLS_RSA_WITH_AES_256_CBC_SHA, TLS_ECDH_ECDSA_WITH_AES_256_CBC_SHA, TLS_ECDH_RSA_WITH_AES_256_CBC_SHA, TLS_DHE_RSA_WITH_AES_256_CBC_SHA, TLS_DHE_DSS_WITH_AES_256_CBC_SHA, TLS_ECDHE_ECDSA_WITH_AES_128_CBC_SHA256, TLS_ECDHE_RSA_WITH_AES_128_CBC_SHA256, TLS_RSA_WITH_AES_128_CBC_SHA256, TLS_ECDH_ECDSA_WITH_AES_128_CBC_SHA256, TLS_ECDH_RSA_WITH_AES_128_CBC_SHA256, TLS_DHE_RSA_WITH_AES_128_CBC_SHA256, TLS_DHE_DSS_WITH_AES_128_CBC_SHA256, TLS_ECDHE_ECDSA_WITH_AES_128_CBC_SHA, TLS_ECDHE_RSA_WITH_AES_128_CBC_SHA, TLS_RSA_WITH_AES_128_CBC_SHA, TLS_ECDH_ECDSA_WITH_AES_128_CBC_SHA, TLS_ECDH_RSA_WITH_AES_128_CBC_SHA, TLS_DHE_RSA_WITH_AES_128_CBC_SHA, TLS_DHE_DSS_WITH_AES_128_CBC_SHA, TLS_ECDHE_ECDSA_WITH_AES_256_GCM_SHA384, TLS_ECDHE_ECDSA_WITH_AES_128_GCM_SHA256, TLS_ECDHE_RSA_WITH_AES_256_GCM_SHA384, TLS_RSA_WITH_AES_256_GCM_SHA384, TLS_ECDH_ECDSA_WITH_AES_256_GCM_SHA384, TLS_ECDH_RSA_WITH_AES_256_GCM_SHA384, TLS_DHE_RSA_WITH_AES_256_GCM_SHA384, TLS_DHE_DSS_WITH_AES_256_GCM_SHA384, TLS_ECDHE_RSA_WITH_AES_128_GCM_SHA256, TLS_RSA_WITH_AES_128_GCM_SHA256, TLS_ECDH_ECDSA_WITH_AES_128_GCM_SHA256, TLS_ECDH_RSA_WITH_AES_128_GCM_SHA256, TLS_DHE_RSA_WITH_AES_128_GCM_SHA256, TLS_DHE_DSS_WITH_AES_128_GCM_SHA256, TLS_EMPTY_RENEGOTIATION_INFO_SCSV]
Compression Methods:  { 0 }
Extension elliptic_curves, curve names: {secp256r1, secp384r1, secp521r1}
Extension ec_point_formats, formats: [uncompressed]
Extension signature_algorithms, signature_algorithms: SHA512withECDSA, SHA512withRSA, SHA384withECDSA, SHA384withRSA, SHA256withECDSA, SHA256withRSA, SHA256withDSA, SHA1withECDSA, SHA1withRSA, SHA1withDSA
Extension extended_master_secret
Extension server_name, server_name: [type=host_name (0), value=activate.navicat.com]
***
%% Initialized:  [Session-118, SSL_NULL_WITH_NULL_NULL]
Standard ciphersuite chosen: TLS_ECDHE_RSA_WITH_AES_256_CBC_SHA384
%% Negotiating:  [Session-118, TLS_ECDHE_RSA_WITH_AES_256_CBC_SHA384]
*** ServerHello, TLSv1.2
RandomCookie:  GMT: 1576028793 bytes = { 184, 37, 26, 17, 123, 48, 18, 31, 98, 163, 86, 56, 29, 124, 25, 121, 140, 174, 20, 23, 202, 243, 188, 125, 200, 115, 23, 151 }
Session ID:  {94, 240, 74, 121, 43, 23, 236, 158, 143, 71, 84, 59, 198, 124, 28, 230, 105, 139, 233, 90, 81, 81, 102, 168, 93, 215, 113, 26, 161, 100, 186, 43}
Cipher Suite: TLS_ECDHE_RSA_WITH_AES_256_CBC_SHA384
Compression Method: 0
Extension renegotiation_info, renegotiated_connection: <empty>
Extension extended_master_secret
***
Cipher suite:  TLS_ECDHE_RSA_WITH_AES_256_CBC_SHA384
update handshake state: server_hello[2]
upcoming handshake states: server certificate[11]
upcoming handshake states: server_key_exchange[12](optional)
upcoming handshake states: certificate_request[13](optional)
upcoming handshake states: server_hello_done[14]
upcoming handshake states: client certificate[11](optional)
upcoming handshake states: client_key_exchange[16]
upcoming handshake states: certificate_verify[15](optional)
upcoming handshake states: client change_cipher_spec[-1]
upcoming handshake states: client finished[20]
upcoming handshake states: server change_cipher_spec[-1]
upcoming handshake states: server finished[20]
*** Certificate chain
chain [0] = [
[
  Version: V3
  Subject: CN=localhost, OU=ZooKeeper, O=Apache, L=Unknown, ST=Unknown, C=Unknown
  Signature Algorithm: SHA256withRSA, OID = 1.2.840.113549.1.1.11

  Key:  Sun RSA public key, 2048 bits
  params: null
  modulus: 20466894428749997265095448870198652391311568515891366224735448896044144250313384062095901217219702596717622583159291680947094046474456586662132842412743846124470020097713679685492900855417800931365512472314155689881392853768001073664569106127795833231344696659209258027979401908711647617989508135190248980524852215540637603770017238536229773075995665111861820945008718990948857303373661769409475939971958531493423489844433566328219155461676589360491136984327342101195255797973694339642711115427623510874675394946293706606142706174397483349590050687482693164890194014220011640037490528845185364811025836034294701994387
  public exponent: 65537
  Validity: [From: Sat Jan 31 02:57:30 CST 2015,
               To: Wed Feb 08 02:57:30 CST 3015]
  Issuer: CN=localhost, OU=ZooKeeper, O=Apache, L=Unknown, ST=Unknown, C=Unknown
  SerialNumber: [    7334b506]

Certificate Extensions: 1
[1]: ObjectId: 2.5.29.14 Criticality=false
SubjectKeyIdentifier [
KeyIdentifier [
0000: 65 D7 B4 E0 27 45 7A 00   58 2F AD D5 0B 64 2D 77  e...'Ez.X/...d-w
0010: 88 F7 AA F5                                        ....
]
]

]
  Algorithm: [SHA256withRSA]
  Signature:
0000: 1B C8 6B 36 83 1D 28 37   5C 1F 7D F6 C6 84 A0 BF  ..k6..(7\.......
0010: CA C0 47 CF C5 34 70 7A   CF 6B EA 34 84 BE 08 7A  ..G..4pz.k.4...z
0020: 98 E6 3D ED 1D E2 6F 06   DB 23 AB 41 AD D5 DF 1D  ..=...o..#.A....
0030: 92 F4 9D 05 FD 7C EE BE   4A 87 B8 F1 FE F4 5B 79  ........J.....[y
0040: DC AD F7 44 3D 67 08 7A   3B 91 D7 5A 79 44 96 D7  ...D=g.z;..ZyD..
0050: BE 0E 41 C8 64 E3 87 C3   28 11 AB DC 36 F5 B0 AC  ..A.d...(...6...
0060: BD 2F 16 1D 6E A1 52 25   5A EC 6F AD 20 71 5A 1B  ./..n.R%Z.o. qZ.
0070: 66 D4 0D A6 49 B7 75 43   C4 84 0B 4B AC BD 16 76  f...I.uC...K...v
0080: 58 2B 07 85 E2 F1 44 15   1E 67 D1 3C 13 73 5A 2D  X+....D..g.<.sZ-
0090: D6 06 0B A1 D3 09 7E EF   88 F9 C3 0E A4 10 47 EA  ..............G.
00A0: 65 5D CD F0 39 EA 2F 59   1C 08 BC F9 CC 5B C9 BB  e]..9./Y.....[..
00B0: 2F 20 19 81 97 B5 21 BB   60 A4 39 08 6C 41 2A 51  / ....!.`.9.lA*Q
00C0: B1 C3 1A A3 8C F8 ED 67   D0 EE EC 52 01 2A E4 1E  .......g...R.*..
00D0: D2 B4 34 73 DC 7E 34 24   A9 4E 77 AD FD B3 77 0D  ..4s..4$.Nw...w.
00E0: C2 7A C0 65 F6 CC 11 9D   19 AA 59 13 C3 9D AD 5F  .z.e......Y...._
00F0: 61 E6 C2 18 F0 E5 A1 49   41 B5 EF 9E 91 0C 35 9C  a......IA.....5.

]
***
update handshake state: certificate[11]
upcoming handshake states: server_key_exchange[12](optional)
upcoming handshake states: certificate_request[13](optional)
upcoming handshake states: server_hello_done[14]
upcoming handshake states: client certificate[11](optional)
upcoming handshake states: client_key_exchange[16]
upcoming handshake states: certificate_verify[15](optional)
upcoming handshake states: client change_cipher_spec[-1]
upcoming handshake states: client finished[20]
upcoming handshake states: server change_cipher_spec[-1]
upcoming handshake states: server finished[20]
*** ECDH ServerKeyExchange
Signature Algorithm SHA512withRSA
Server key: Sun EC public key, 256 bits
  public x coord: 87696608441374599316132101946494550911170494953567228324042549327123596252742
  public y coord: 64332607076892065657671335892472693034005365703859747010276267466299657749901
  parameters: secp256r1 [NIST P-256, X9.62 prime256v1] (1.2.840.10045.3.1.7)
update handshake state: server_key_exchange[12]
upcoming handshake states: certificate_request[13](optional)
upcoming handshake states: server_hello_done[14]
upcoming handshake states: client certificate[11](optional)
upcoming handshake states: client_key_exchange[16]
upcoming handshake states: certificate_verify[15](optional)
upcoming handshake states: client change_cipher_spec[-1]
upcoming handshake states: client finished[20]
upcoming handshake states: server change_cipher_spec[-1]
upcoming handshake states: server finished[20]
*** CertificateRequest
Cert Types: RSA, DSS, ECDSA
Supported Signature Algorithms: SHA512withECDSA, SHA512withRSA, SHA384withECDSA, SHA384withRSA, SHA256withECDSA, SHA256withRSA, SHA256withDSA, SHA1withECDSA, SHA1withRSA, SHA1withDSA
Cert Authorities:
<CN=localhost, OU=ZooKeeper, O=Apache, L=Unknown, ST=Unknown, C=Unknown>
update handshake state: unknown[13]
upcoming handshake states: server_hello_done[14]
upcoming handshake states: client certificate[11](optional)
upcoming handshake states: client_key_exchange[16]
upcoming handshake states: certificate_verify[15](optional)
upcoming handshake states: client change_cipher_spec[-1]
upcoming handshake states: client finished[20]
upcoming handshake states: server change_cipher_spec[-1]
upcoming handshake states: server finished[20]
*** ServerHelloDone
update handshake state: server_hello_done[14]
upcoming handshake states: client certificate[11](optional)
upcoming handshake states: client_key_exchange[16]
upcoming handshake states: certificate_verify[15](optional)
upcoming handshake states: client change_cipher_spec[-1]
upcoming handshake states: client finished[20]
upcoming handshake states: server change_cipher_spec[-1]
upcoming handshake states: server finished[20]
nioEventLoopGroup-8-8, WRITE: TLSv1.2 Handshake, length = 1478
nioEventLoopGroup-9-1, READ: TLSv1.2 Handshake, length = 1478
check handshake state: server_hello[2]
*** ServerHello, TLSv1.2
RandomCookie:  GMT: 1576028793 bytes = { 184, 37, 26, 17, 123, 48, 18, 31, 98, 163, 86, 56, 29, 124, 25, 121, 140, 174, 20, 23, 202, 243, 188, 125, 200, 115, 23, 151 }
Session ID:  {94, 240, 74, 121, 43, 23, 236, 158, 143, 71, 84, 59, 198, 124, 28, 230, 105, 139, 233, 90, 81, 81, 102, 168, 93, 215, 113, 26, 161, 100, 186, 43}
Cipher Suite: TLS_ECDHE_RSA_WITH_AES_256_CBC_SHA384
Compression Method: 0
Extension renegotiation_info, renegotiated_connection: <empty>
Extension extended_master_secret
***
%% Initialized:  [Session-119, TLS_ECDHE_RSA_WITH_AES_256_CBC_SHA384]
** TLS_ECDHE_RSA_WITH_AES_256_CBC_SHA384
update handshake state: server_hello[2]
upcoming handshake states: server certificate[11]
upcoming handshake states: server_key_exchange[12](optional)
upcoming handshake states: certificate_request[13](optional)
upcoming handshake states: server_hello_done[14]
upcoming handshake states: client certificate[11](optional)
upcoming handshake states: client_key_exchange[16]
upcoming handshake states: certificate_verify[15](optional)
upcoming handshake states: client change_cipher_spec[-1]
upcoming handshake states: client finished[20]
upcoming handshake states: server change_cipher_spec[-1]
upcoming handshake states: server finished[20]
check handshake state: certificate[11]
update handshake state: certificate[11]
upcoming handshake states: server_key_exchange[12](optional)
upcoming handshake states: certificate_request[13](optional)
upcoming handshake states: server_hello_done[14]
upcoming handshake states: client certificate[11](optional)
upcoming handshake states: client_key_exchange[16]
upcoming handshake states: certificate_verify[15](optional)
upcoming handshake states: client change_cipher_spec[-1]
upcoming handshake states: client finished[20]
upcoming handshake states: server change_cipher_spec[-1]
upcoming handshake states: server finished[20]
*** Certificate chain
chain [0] = [
[
  Version: V3
  Subject: CN=localhost, OU=ZooKeeper, O=Apache, L=Unknown, ST=Unknown, C=Unknown
  Signature Algorithm: SHA256withRSA, OID = 1.2.840.113549.1.1.11

  Key:  Sun RSA public key, 2048 bits
  params: null
  modulus: 20466894428749997265095448870198652391311568515891366224735448896044144250313384062095901217219702596717622583159291680947094046474456586662132842412743846124470020097713679685492900855417800931365512472314155689881392853768001073664569106127795833231344696659209258027979401908711647617989508135190248980524852215540637603770017238536229773075995665111861820945008718990948857303373661769409475939971958531493423489844433566328219155461676589360491136984327342101195255797973694339642711115427623510874675394946293706606142706174397483349590050687482693164890194014220011640037490528845185364811025836034294701994387
  public exponent: 65537
  Validity: [From: Sat Jan 31 02:57:30 CST 2015,
               To: Wed Feb 08 02:57:30 CST 3015]
  Issuer: CN=localhost, OU=ZooKeeper, O=Apache, L=Unknown, ST=Unknown, C=Unknown
  SerialNumber: [    7334b506]

Certificate Extensions: 1
[1]: ObjectId: 2.5.29.14 Criticality=false
SubjectKeyIdentifier [
KeyIdentifier [
0000: 65 D7 B4 E0 27 45 7A 00   58 2F AD D5 0B 64 2D 77  e...'Ez.X/...d-w
0010: 88 F7 AA F5                                        ....
]
]

]
  Algorithm: [SHA256withRSA]
  Signature:
0000: 1B C8 6B 36 83 1D 28 37   5C 1F 7D F6 C6 84 A0 BF  ..k6..(7\.......
0010: CA C0 47 CF C5 34 70 7A   CF 6B EA 34 84 BE 08 7A  ..G..4pz.k.4...z
0020: 98 E6 3D ED 1D E2 6F 06   DB 23 AB 41 AD D5 DF 1D  ..=...o..#.A....
0030: 92 F4 9D 05 FD 7C EE BE   4A 87 B8 F1 FE F4 5B 79  ........J.....[y
0040: DC AD F7 44 3D 67 08 7A   3B 91 D7 5A 79 44 96 D7  ...D=g.z;..ZyD..
0050: BE 0E 41 C8 64 E3 87 C3   28 11 AB DC 36 F5 B0 AC  ..A.d...(...6...
0060: BD 2F 16 1D 6E A1 52 25   5A EC 6F AD 20 71 5A 1B  ./..n.R%Z.o. qZ.
0070: 66 D4 0D A6 49 B7 75 43   C4 84 0B 4B AC BD 16 76  f...I.uC...K...v
0080: 58 2B 07 85 E2 F1 44 15   1E 67 D1 3C 13 73 5A 2D  X+....D..g.<.sZ-
0090: D6 06 0B A1 D3 09 7E EF   88 F9 C3 0E A4 10 47 EA  ..............G.
00A0: 65 5D CD F0 39 EA 2F 59   1C 08 BC F9 CC 5B C9 BB  e]..9./Y.....[..
00B0: 2F 20 19 81 97 B5 21 BB   60 A4 39 08 6C 41 2A 51  / ....!.`.9.lA*Q
00C0: B1 C3 1A A3 8C F8 ED 67   D0 EE EC 52 01 2A E4 1E  .......g...R.*..
00D0: D2 B4 34 73 DC 7E 34 24   A9 4E 77 AD FD B3 77 0D  ..4s..4$.Nw...w.
00E0: C2 7A C0 65 F6 CC 11 9D   19 AA 59 13 C3 9D AD 5F  .z.e......Y...._
00F0: 61 E6 C2 18 F0 E5 A1 49   41 B5 EF 9E 91 0C 35 9C  a......IA.....5.

]
***
Found trusted certificate:
[
[
  Version: V3
  Subject: CN=localhost, OU=ZooKeeper, O=Apache, L=Unknown, ST=Unknown, C=Unknown
  Signature Algorithm: SHA256withRSA, OID = 1.2.840.113549.1.1.11

  Key:  Sun RSA public key, 2048 bits
  params: null
  modulus: 20466894428749997265095448870198652391311568515891366224735448896044144250313384062095901217219702596717622583159291680947094046474456586662132842412743846124470020097713679685492900855417800931365512472314155689881392853768001073664569106127795833231344696659209258027979401908711647617989508135190248980524852215540637603770017238536229773075995665111861820945008718990948857303373661769409475939971958531493423489844433566328219155461676589360491136984327342101195255797973694339642711115427623510874675394946293706606142706174397483349590050687482693164890194014220011640037490528845185364811025836034294701994387
  public exponent: 65537
  Validity: [From: Sat Jan 31 02:57:30 CST 2015,
               To: Wed Feb 08 02:57:30 CST 3015]
  Issuer: CN=localhost, OU=ZooKeeper, O=Apache, L=Unknown, ST=Unknown, C=Unknown
  SerialNumber: [    7334b506]

Certificate Extensions: 1
[1]: ObjectId: 2.5.29.14 Criticality=false
SubjectKeyIdentifier [
KeyIdentifier [
0000: 65 D7 B4 E0 27 45 7A 00   58 2F AD D5 0B 64 2D 77  e...'Ez.X/...d-w
0010: 88 F7 AA F5                                        ....
]
]

]
  Algorithm: [SHA256withRSA]
  Signature:
0000: 1B C8 6B 36 83 1D 28 37   5C 1F 7D F6 C6 84 A0 BF  ..k6..(7\.......
0010: CA C0 47 CF C5 34 70 7A   CF 6B EA 34 84 BE 08 7A  ..G..4pz.k.4...z
0020: 98 E6 3D ED 1D E2 6F 06   DB 23 AB 41 AD D5 DF 1D  ..=...o..#.A....
0030: 92 F4 9D 05 FD 7C EE BE   4A 87 B8 F1 FE F4 5B 79  ........J.....[y
0040: DC AD F7 44 3D 67 08 7A   3B 91 D7 5A 79 44 96 D7  ...D=g.z;..ZyD..
0050: BE 0E 41 C8 64 E3 87 C3   28 11 AB DC 36 F5 B0 AC  ..A.d...(...6...
0060: BD 2F 16 1D 6E A1 52 25   5A EC 6F AD 20 71 5A 1B  ./..n.R%Z.o. qZ.
0070: 66 D4 0D A6 49 B7 75 43   C4 84 0B 4B AC BD 16 76  f...I.uC...K...v
0080: 58 2B 07 85 E2 F1 44 15   1E 67 D1 3C 13 73 5A 2D  X+....D..g.<.sZ-
0090: D6 06 0B A1 D3 09 7E EF   88 F9 C3 0E A4 10 47 EA  ..............G.
00A0: 65 5D CD F0 39 EA 2F 59   1C 08 BC F9 CC 5B C9 BB  e]..9./Y.....[..
00B0: 2F 20 19 81 97 B5 21 BB   60 A4 39 08 6C 41 2A 51  / ....!.`.9.lA*Q
00C0: B1 C3 1A A3 8C F8 ED 67   D0 EE EC 52 01 2A E4 1E  .......g...R.*..
00D0: D2 B4 34 73 DC 7E 34 24   A9 4E 77 AD FD B3 77 0D  ..4s..4$.Nw...w.
00E0: C2 7A C0 65 F6 CC 11 9D   19 AA 59 13 C3 9D AD 5F  .z.e......Y...._
00F0: 61 E6 C2 18 F0 E5 A1 49   41 B5 EF 9E 91 0C 35 9C  a......IA.....5.

]
2020-06-22 14:06:49,313 [myid:127.0.0.1:30074] - ERROR [nioEventLoopGroup-9-1:ZKTrustManager@161] - Failed to verify host address: 127.0.0.1
javax.net.ssl.SSLPeerUnverifiedException: Certificate for <127.0.0.1> doesn't match common name of the certificate subject: localhost
	at org.apache.zookeeper.common.ZKHostnameVerifier.matchCN(ZKHostnameVerifier.java:238)
	at org.apache.zookeeper.common.ZKHostnameVerifier.verify(ZKHostnameVerifier.java:184)
	at org.apache.zookeeper.common.ZKTrustManager.performHostVerification(ZKTrustManager.java:151)
	at org.apache.zookeeper.common.ZKTrustManager.checkServerTrusted(ZKTrustManager.java:118)
	at sun.security.ssl.ClientHandshaker.serverCertificate(ClientHandshaker.java:1675)
	at sun.security.ssl.ClientHandshaker.processMessage(ClientHandshaker.java:226)
	at sun.security.ssl.Handshaker.processLoop(Handshaker.java:1082)
	at sun.security.ssl.Handshaker$1.run(Handshaker.java:1015)
	at sun.security.ssl.Handshaker$1.run(Handshaker.java:1012)
	at java.security.AccessController.doPrivileged(Native Method)
	at sun.security.ssl.Handshaker$DelegatedTask.run(Handshaker.java:1504)
	at io.netty.handler.ssl.SslHandler.runAllDelegatedTasks(SslHandler.java:1510)
	at io.netty.handler.ssl.SslHandler.runDelegatedTasks(SslHandler.java:1524)
	at io.netty.handler.ssl.SslHandler.unwrap(SslHandler.java:1408)
	at io.netty.handler.ssl.SslHandler.decodeJdkCompatible(SslHandler.java:1235)
	at io.netty.handler.ssl.SslHandler.decode(SslHandler.java:1282)
	at io.netty.handler.codec.ByteToMessageDecoder.decodeRemovalReentryProtection(ByteToMessageDecoder.java:498)
	at io.netty.handler.codec.ByteToMessageDecoder.callDecode(ByteToMessageDecoder.java:437)
	at io.netty.handler.codec.ByteToMessageDecoder.channelRead(ByteToMessageDecoder.java:276)
	at io.netty.channel.AbstractChannelHandlerContext.invokeChannelRead(AbstractChannelHandlerContext.java:379)
	at io.netty.channel.AbstractChannelHandlerContext.invokeChannelRead(AbstractChannelHandlerContext.java:365)
	at io.netty.channel.AbstractChannelHandlerContext.fireChannelRead(AbstractChannelHandlerContext.java:357)
	at io.netty.channel.DefaultChannelPipeline$HeadContext.channelRead(DefaultChannelPipeline.java:1410)
	at io.netty.channel.AbstractChannelHandlerContext.invokeChannelRead(AbstractChannelHandlerContext.java:379)
	at io.netty.channel.AbstractChannelHandlerContext.invokeChannelRead(AbstractChannelHandlerContext.java:365)
	at io.netty.channel.DefaultChannelPipeline.fireChannelRead(DefaultChannelPipeline.java:919)
	at io.netty.channel.nio.AbstractNioByteChannel$NioByteUnsafe.read(AbstractNioByteChannel.java:163)
	at io.netty.channel.nio.NioEventLoop.processSelectedKey(NioEventLoop.java:714)
	at io.netty.channel.nio.NioEventLoop.processSelectedKeysOptimized(NioEventLoop.java:650)
	at io.netty.channel.nio.NioEventLoop.processSelectedKeys(NioEventLoop.java:576)
	at io.netty.channel.nio.NioEventLoop.run(NioEventLoop.java:493)
	at io.netty.util.concurrent.SingleThreadEventExecutor$4.run(SingleThreadEventExecutor.java:989)
	at io.netty.util.internal.ThreadExecutorMap$2.run(ThreadExecutorMap.java:74)
	at io.netty.util.concurrent.FastThreadLocalRunnable.run(FastThreadLocalRunnable.java:30)
	at java.lang.Thread.run(Thread.java:748)
2020-06-22 14:06:49,313 [myid:127.0.0.1:30074] - ERROR [nioEventLoopGroup-9-1:ZKTrustManager@162] - Failed to verify hostname: activate.navicat.com
javax.net.ssl.SSLPeerUnverifiedException: Certificate for <activate.navicat.com> doesn't match common name of the certificate subject: localhost
	at org.apache.zookeeper.common.ZKHostnameVerifier.matchCN(ZKHostnameVerifier.java:238)
	at org.apache.zookeeper.common.ZKHostnameVerifier.verify(ZKHostnameVerifier.java:184)
	at org.apache.zookeeper.common.ZKTrustManager.performHostVerification(ZKTrustManager.java:159)
	at org.apache.zookeeper.common.ZKTrustManager.checkServerTrusted(ZKTrustManager.java:118)
	at sun.security.ssl.ClientHandshaker.serverCertificate(ClientHandshaker.java:1675)
	at sun.security.ssl.ClientHandshaker.processMessage(ClientHandshaker.java:226)
	at sun.security.ssl.Handshaker.processLoop(Handshaker.java:1082)
	at sun.security.ssl.Handshaker$1.run(Handshaker.java:1015)
	at sun.security.ssl.Handshaker$1.run(Handshaker.java:1012)
	at java.security.AccessController.doPrivileged(Native Method)
	at sun.security.ssl.Handshaker$DelegatedTask.run(Handshaker.java:1504)
	at io.netty.handler.ssl.SslHandler.runAllDelegatedTasks(SslHandler.java:1510)
	at io.netty.handler.ssl.SslHandler.runDelegatedTasks(SslHandler.java:1524)
	at io.netty.handler.ssl.SslHandler.unwrap(SslHandler.java:1408)
	at io.netty.handler.ssl.SslHandler.decodeJdkCompatible(SslHandler.java:1235)
	at io.netty.handler.ssl.SslHandler.decode(SslHandler.java:1282)
	at io.netty.handler.codec.ByteToMessageDecoder.decodeRemovalReentryProtection(ByteToMessageDecoder.java:498)
	at io.netty.handler.codec.ByteToMessageDecoder.callDecode(ByteToMessageDecoder.java:437)
	at io.netty.handler.codec.ByteToMessageDecoder.channelRead(ByteToMessageDecoder.java:276)
	at io.netty.channel.AbstractChannelHandlerContext.invokeChannelRead(AbstractChannelHandlerContext.java:379)
	at io.netty.channel.AbstractChannelHandlerContext.invokeChannelRead(AbstractChannelHandlerContext.java:365)
	at io.netty.channel.AbstractChannelHandlerContext.fireChannelRead(AbstractChannelHandlerContext.java:357)
	at io.netty.channel.DefaultChannelPipeline$HeadContext.channelRead(DefaultChannelPipeline.java:1410)
	at io.netty.channel.AbstractChannelHandlerContext.invokeChannelRead(AbstractChannelHandlerContext.java:379)
	at io.netty.channel.AbstractChannelHandlerContext.invokeChannelRead(AbstractChannelHandlerContext.java:365)
	at io.netty.channel.DefaultChannelPipeline.fireChannelRead(DefaultChannelPipeline.java:919)
	at io.netty.channel.nio.AbstractNioByteChannel$NioByteUnsafe.read(AbstractNioByteChannel.java:163)
	at io.netty.channel.nio.NioEventLoop.processSelectedKey(NioEventLoop.java:714)
	at io.netty.channel.nio.NioEventLoop.processSelectedKeysOptimized(NioEventLoop.java:650)
	at io.netty.channel.nio.NioEventLoop.processSelectedKeys(NioEventLoop.java:576)
	at io.netty.channel.nio.NioEventLoop.run(NioEventLoop.java:493)
	at io.netty.util.concurrent.SingleThreadEventExecutor$4.run(SingleThreadEventExecutor.java:989)
	at io.netty.util.internal.ThreadExecutorMap$2.run(ThreadExecutorMap.java:74)
	at io.netty.util.concurrent.FastThreadLocalRunnable.run(FastThreadLocalRunnable.java:30)
	at java.lang.Thread.run(Thread.java:748)
nioEventLoopGroup-9-1, fatal error: 46: General SSLEngine problem
java.security.cert.CertificateException: Failed to verify both host address and host name
%% Invalidated:  [Session-116, SSL_NULL_WITH_NULL_NULL]
%% Invalidated:  [Session-119, TLS_ECDHE_RSA_WITH_AES_256_CBC_SHA384]
nioEventLoopGroup-9-1, SEND TLSv1.2 ALERT:  fatal, description = certificate_unknown
nioEventLoopGroup-9-1, WRITE: TLSv1.2 Alert, length = 2
nioEventLoopGroup-9-1, fatal: engine already closed.  Rethrowing javax.net.ssl.SSLHandshakeException: General SSLEngine problem
nioEventLoopGroup-9-1, called closeOutbound()
nioEventLoopGroup-9-1, closeOutboundInternal()
nioEventLoopGroup-9-1, called closeInbound()
nioEventLoopGroup-9-1, fatal: engine already closed.  Rethrowing javax.net.ssl.SSLException: Inbound closed before receiving peer's close_notify: possible truncation attack?
nioEventLoopGroup-8-8, READ: TLSv1.2 Alert, length = 2
nioEventLoopGroup-8-8, RECV TLSv1.2 ALERT:  fatal, certificate_unknown
nioEventLoopGroup-8-8, fatal: engine already closed.  Rethrowing javax.net.ssl.SSLException: Received fatal alert: certificate_unknown
nioEventLoopGroup-8-8, fatal: engine already closed.  Rethrowing javax.net.ssl.SSLException: Received fatal alert: certificate_unknown
2020-06-22 14:06:49,314 [myid:] - ERROR [nioEventLoopGroup-8-8:NettyServerCnxnFactory$CertificateVerifier@434] - Unsuccessful handshake with session 0x0
nioEventLoopGroup-8-8, called closeOutbound()
nioEventLoopGroup-8-8, closeOutboundInternal()
nioEventLoopGroup-8-8, SEND TLSv1.2 ALERT:  warning, description = close_notify
nioEventLoopGroup-8-8, WRITE: TLSv1.2 Alert, length = 2
nioEventLoopGroup-8-8, called closeInbound()
nioEventLoopGroup-8-8, fatal: engine already closed.  Rethrowing javax.net.ssl.SSLException: Inbound closed before receiving peer's close_notify: possible truncation attack?
2020-06-22 14:06:49,314 [myid:127.0.0.1:30074] - ERROR [nioEventLoopGroup-9-1:ClientCnxnSocketNetty$ZKClientHandler@522] - Unexpected throwable
io.netty.handler.codec.DecoderException: javax.net.ssl.SSLHandshakeException: General SSLEngine problem
	at io.netty.handler.codec.ByteToMessageDecoder.callDecode(ByteToMessageDecoder.java:468)
	at io.netty.handler.codec.ByteToMessageDecoder.channelRead(ByteToMessageDecoder.java:276)
	at io.netty.channel.AbstractChannelHandlerContext.invokeChannelRead(AbstractChannelHandlerContext.java:379)
	at io.netty.channel.AbstractChannelHandlerContext.invokeChannelRead(AbstractChannelHandlerContext.java:365)
	at io.netty.channel.AbstractChannelHandlerContext.fireChannelRead(AbstractChannelHandlerContext.java:357)
	at io.netty.channel.DefaultChannelPipeline$HeadContext.channelRead(DefaultChannelPipeline.java:1410)
	at io.netty.channel.AbstractChannelHandlerContext.invokeChannelRead(AbstractChannelHandlerContext.java:379)
	at io.netty.channel.AbstractChannelHandlerContext.invokeChannelRead(AbstractChannelHandlerContext.java:365)
	at io.netty.channel.DefaultChannelPipeline.fireChannelRead(DefaultChannelPipeline.java:919)
	at io.netty.channel.nio.AbstractNioByteChannel$NioByteUnsafe.read(AbstractNioByteChannel.java:163)
	at io.netty.channel.nio.NioEventLoop.processSelectedKey(NioEventLoop.java:714)
	at io.netty.channel.nio.NioEventLoop.processSelectedKeysOptimized(NioEventLoop.java:650)
	at io.netty.channel.nio.NioEventLoop.processSelectedKeys(NioEventLoop.java:576)
	at io.netty.channel.nio.NioEventLoop.run(NioEventLoop.java:493)
	at io.netty.util.concurrent.SingleThreadEventExecutor$4.run(SingleThreadEventExecutor.java:989)
	at io.netty.util.internal.ThreadExecutorMap$2.run(ThreadExecutorMap.java:74)
	at io.netty.util.concurrent.FastThreadLocalRunnable.run(FastThreadLocalRunnable.java:30)
	at java.lang.Thread.run(Thread.java:748)
Caused by: javax.net.ssl.SSLHandshakeException: General SSLEngine problem
	at sun.security.ssl.Handshaker.checkThrown(Handshaker.java:1566)
	at sun.security.ssl.SSLEngineImpl.checkTaskThrown(SSLEngineImpl.java:545)
	at sun.security.ssl.SSLEngineImpl.readNetRecord(SSLEngineImpl.java:819)
	at sun.security.ssl.SSLEngineImpl.unwrap(SSLEngineImpl.java:783)
	at javax.net.ssl.SSLEngine.unwrap(SSLEngine.java:626)
	at io.netty.handler.ssl.SslHandler$SslEngineType$3.unwrap(SslHandler.java:281)
	at io.netty.handler.ssl.SslHandler.unwrap(SslHandler.java:1340)
	at io.netty.handler.ssl.SslHandler.decodeJdkCompatible(SslHandler.java:1235)
	at io.netty.handler.ssl.SslHandler.decode(SslHandler.java:1282)
	at io.netty.handler.codec.ByteToMessageDecoder.decodeRemovalReentryProtection(ByteToMessageDecoder.java:498)
	at io.netty.handler.codec.ByteToMessageDecoder.callDecode(ByteToMessageDecoder.java:437)
	... 17 more
Caused by: javax.net.ssl.SSLHandshakeException: General SSLEngine problem
	at sun.security.ssl.Alerts.getSSLException(Alerts.java:198)
	at sun.security.ssl.SSLEngineImpl.fatal(SSLEngineImpl.java:1729)
	at sun.security.ssl.Handshaker.fatalSE(Handshaker.java:333)
	at sun.security.ssl.Handshaker.fatalSE(Handshaker.java:325)
	at sun.security.ssl.ClientHandshaker.serverCertificate(ClientHandshaker.java:1688)
	at sun.security.ssl.ClientHandshaker.processMessage(ClientHandshaker.java:226)
	at sun.security.ssl.Handshaker.processLoop(Handshaker.java:1082)
	at sun.security.ssl.Handshaker$1.run(Handshaker.java:1015)
	at sun.security.ssl.Handshaker$1.run(Handshaker.java:1012)
	at java.security.AccessController.doPrivileged(Native Method)
	at sun.security.ssl.Handshaker$DelegatedTask.run(Handshaker.java:1504)
	at io.netty.handler.ssl.SslHandler.runAllDelegatedTasks(SslHandler.java:1510)
	at io.netty.handler.ssl.SslHandler.runDelegatedTasks(SslHandler.java:1524)
	at io.netty.handler.ssl.SslHandler.unwrap(SslHandler.java:1408)
	... 21 more
Caused by: java.security.cert.CertificateException: Failed to verify both host address and host name
	at org.apache.zookeeper.common.ZKTrustManager.performHostVerification(ZKTrustManager.java:163)
	at org.apache.zookeeper.common.ZKTrustManager.checkServerTrusted(ZKTrustManager.java:118)
	at sun.security.ssl.ClientHandshaker.serverCertificate(ClientHandshaker.java:1675)
	... 30 more
Caused by: javax.net.ssl.SSLPeerUnverifiedException: Certificate for <activate.navicat.com> doesn't match common name of the certificate subject: localhost
	at org.apache.zookeeper.common.ZKHostnameVerifier.matchCN(ZKHostnameVerifier.java:238)
	at org.apache.zookeeper.common.ZKHostnameVerifier.verify(ZKHostnameVerifier.java:184)
	at org.apache.zookeeper.common.ZKTrustManager.performHostVerification(ZKTrustManager.java:159)
	... 32 more
2020-06-22 14:06:49,314 [myid:] - WARN  [nioEventLoopGroup-8-8:NettyServerCnxnFactory$CnxnChannelHandler@273] - Exception caught
io.netty.handler.codec.DecoderException: javax.net.ssl.SSLException: Received fatal alert: certificate_unknown
	at io.netty.handler.codec.ByteToMessageDecoder.callDecode(ByteToMessageDecoder.java:468)
	at io.netty.handler.codec.ByteToMessageDecoder.channelRead(ByteToMessageDecoder.java:276)
	at io.netty.channel.AbstractChannelHandlerContext.invokeChannelRead(AbstractChannelHandlerContext.java:379)
	at io.netty.channel.AbstractChannelHandlerContext.invokeChannelRead(AbstractChannelHandlerContext.java:365)
	at io.netty.channel.AbstractChannelHandlerContext.fireChannelRead(AbstractChannelHandlerContext.java:357)
	at io.netty.channel.DefaultChannelPipeline$HeadContext.channelRead(DefaultChannelPipeline.java:1410)
	at io.netty.channel.AbstractChannelHandlerContext.invokeChannelRead(AbstractChannelHandlerContext.java:379)
	at io.netty.channel.AbstractChannelHandlerContext.invokeChannelRead(AbstractChannelHandlerContext.java:365)
	at io.netty.channel.DefaultChannelPipeline.fireChannelRead(DefaultChannelPipeline.java:919)
	at io.netty.channel.nio.AbstractNioByteChannel$NioByteUnsafe.read(AbstractNioByteChannel.java:163)
	at io.netty.channel.nio.NioEventLoop.processSelectedKey(NioEventLoop.java:714)
	at io.netty.channel.nio.NioEventLoop.processSelectedKeysOptimized(NioEventLoop.java:650)
	at io.netty.channel.nio.NioEventLoop.processSelectedKeys(NioEventLoop.java:576)
	at io.netty.channel.nio.NioEventLoop.run(NioEventLoop.java:493)
	at io.netty.util.concurrent.SingleThreadEventExecutor$4.run(SingleThreadEventExecutor.java:989)
	at io.netty.util.internal.ThreadExecutorMap$2.run(ThreadExecutorMap.java:74)
	at io.netty.util.concurrent.FastThreadLocalRunnable.run(FastThreadLocalRunnable.java:30)
	at java.lang.Thread.run(Thread.java:748)
Caused by: javax.net.ssl.SSLException: Received fatal alert: certificate_unknown
	at sun.security.ssl.Alerts.getSSLException(Alerts.java:214)
	at sun.security.ssl.SSLEngineImpl.fatal(SSLEngineImpl.java:1667)
	at sun.security.ssl.SSLEngineImpl.fatal(SSLEngineImpl.java:1635)
	at sun.security.ssl.SSLEngineImpl.recvAlert(SSLEngineImpl.java:1801)
	at sun.security.ssl.SSLEngineImpl.readRecord(SSLEngineImpl.java:1090)
	at sun.security.ssl.SSLEngineImpl.readNetRecord(SSLEngineImpl.java:913)
	at sun.security.ssl.SSLEngineImpl.unwrap(SSLEngineImpl.java:783)
	at javax.net.ssl.SSLEngine.unwrap(SSLEngine.java:626)
	at io.netty.handler.ssl.SslHandler$SslEngineType$3.unwrap(SslHandler.java:281)
	at io.netty.handler.ssl.SslHandler.unwrap(SslHandler.java:1340)
	at io.netty.handler.ssl.SslHandler.decodeJdkCompatible(SslHandler.java:1235)
	at io.netty.handler.ssl.SslHandler.decode(SslHandler.java:1282)
	at io.netty.handler.codec.ByteToMessageDecoder.decodeRemovalReentryProtection(ByteToMessageDecoder.java:498)
	at io.netty.handler.codec.ByteToMessageDecoder.callDecode(ByteToMessageDecoder.java:437)
	... 17 more
nioEventLoopGroup-8-8, called closeOutbound()
nioEventLoopGroup-8-8, closeOutboundInternal()
2020-06-22 14:06:49,315 [myid:127.0.0.1:30074] - WARN  [main-SendThread(127.0.0.1:30074):ClientCnxn$SendThread@1272] - Session 0x0 for sever activate.navicat.com/127.0.0.1:30074, Closing socket connection. Attempting reconnect except it is a SessionExpiredException.
EndOfStreamException: channel for sessionid 0x0 is lost
	at org.apache.zookeeper.ClientCnxnSocketNetty.doTransport(ClientCnxnSocketNetty.java:285)
	at org.apache.zookeeper.ClientCnxn$SendThread.run(ClientCnxn.java:1262)
nioEventLoopGroup-8-8, READ: TLSv1.2 Alert, length = 2
nioEventLoopGroup-8-8, RECV TLSv1.2 ALERT:  fatal, certificate_unknown
nioEventLoopGroup-8-8, fatal: engine already closed.  Rethrowing javax.net.ssl.SSLException: Received fatal alert: certificate_unknown
nioEventLoopGroup-8-8, fatal: engine already closed.  Rethrowing javax.net.ssl.SSLException: Received fatal alert: certificate_unknown
2020-06-22 14:06:49,314 [myid:127.0.0.1:30074] - INFO  [nioEventLoopGroup-9-1:ClientCnxnSocketNetty@249] - channel is told closing
nioEventLoopGroup-9-1, called closeOutbound()
nioEventLoopGroup-9-1, closeOutboundInternal()
nioEventLoopGroup-8-8, called closeOutbound()
nioEventLoopGroup-8-8, closeOutboundInternal()
nioEventLoopGroup-8-8, called closeInbound()
nioEventLoopGroup-8-8, closeInboundInternal()
nioEventLoopGroup-8-8, closeOutboundInternal()
2020-06-22 14:06:49,315 [myid:127.0.0.1:30074] - INFO  [nioEventLoopGroup-9-1:ClientCnxnSocketNetty$ZKClientHandler@469] - channel is disconnected: [id: 0x1efebf9b, L:/127.0.0.1:56151 ! R:activate.navicat.com/127.0.0.1:30074]
2020-06-22 14:06:49,315 [myid:] - WARN  [nioEventLoopGroup-8-8:NettyServerCnxnFactory$CnxnChannelHandler@273] - Exception caught
io.netty.handler.codec.DecoderException: javax.net.ssl.SSLException: Received fatal alert: certificate_unknown
	at io.netty.handler.codec.ByteToMessageDecoder.callDecode(ByteToMessageDecoder.java:468)
	at io.netty.handler.codec.ByteToMessageDecoder.channelInputClosed(ByteToMessageDecoder.java:401)
	at io.netty.handler.codec.ByteToMessageDecoder.channelInputClosed(ByteToMessageDecoder.java:368)
	at io.netty.handler.codec.ByteToMessageDecoder.channelInactive(ByteToMessageDecoder.java:351)
	at io.netty.handler.ssl.SslHandler.channelInactive(SslHandler.java:1084)
	at io.netty.channel.AbstractChannelHandlerContext.invokeChannelInactive(AbstractChannelHandlerContext.java:262)
	at io.netty.channel.AbstractChannelHandlerContext.invokeChannelInactive(AbstractChannelHandlerContext.java:248)
	at io.netty.channel.AbstractChannelHandlerContext.fireChannelInactive(AbstractChannelHandlerContext.java:241)
	at io.netty.channel.DefaultChannelPipeline$HeadContext.channelInactive(DefaultChannelPipeline.java:1405)
	at io.netty.channel.AbstractChannelHandlerContext.invokeChannelInactive(AbstractChannelHandlerContext.java:262)
	at io.netty.channel.AbstractChannelHandlerContext.invokeChannelInactive(AbstractChannelHandlerContext.java:248)
	at io.netty.channel.DefaultChannelPipeline.fireChannelInactive(DefaultChannelPipeline.java:901)
	at io.netty.channel.AbstractChannel$AbstractUnsafe$8.run(AbstractChannel.java:818)
	at io.netty.util.concurrent.AbstractEventExecutor.safeExecute(AbstractEventExecutor.java:164)
	at io.netty.util.concurrent.SingleThreadEventExecutor.runAllTasks(SingleThreadEventExecutor.java:472)
	at io.netty.channel.nio.NioEventLoop.run(NioEventLoop.java:497)
	at io.netty.util.concurrent.SingleThreadEventExecutor$4.run(SingleThreadEventExecutor.java:989)
	at io.netty.util.internal.ThreadExecutorMap$2.run(ThreadExecutorMap.java:74)
	at io.netty.util.concurrent.FastThreadLocalRunnable.run(FastThreadLocalRunnable.java:30)
	at java.lang.Thread.run(Thread.java:748)
Caused by: javax.net.ssl.SSLException: Received fatal alert: certificate_unknown
	at sun.security.ssl.Alerts.getSSLException(Alerts.java:214)
	at sun.security.ssl.SSLEngineImpl.fatal(SSLEngineImpl.java:1667)
	at sun.security.ssl.SSLEngineImpl.fatal(SSLEngineImpl.java:1635)
	at sun.security.ssl.SSLEngineImpl.recvAlert(SSLEngineImpl.java:1801)
	at sun.security.ssl.SSLEngineImpl.readRecord(SSLEngineImpl.java:1090)
	at sun.security.ssl.SSLEngineImpl.readNetRecord(SSLEngineImpl.java:913)
	at sun.security.ssl.SSLEngineImpl.unwrap(SSLEngineImpl.java:783)
	at javax.net.ssl.SSLEngine.unwrap(SSLEngine.java:626)
	at io.netty.handler.ssl.SslHandler$SslEngineType$3.unwrap(SslHandler.java:281)
	at io.netty.handler.ssl.SslHandler.unwrap(SslHandler.java:1340)
	at io.netty.handler.ssl.SslHandler.decodeJdkCompatible(SslHandler.java:1235)
	at io.netty.handler.ssl.SslHandler.decode(SslHandler.java:1282)
	at io.netty.handler.codec.ByteToMessageDecoder.decodeRemovalReentryProtection(ByteToMessageDecoder.java:498)
	at io.netty.handler.codec.ByteToMessageDecoder.callDecode(ByteToMessageDecoder.java:437)
	... 19 more
2020-06-22 14:06:50,326 [myid:127.0.0.1:30074] - INFO  [main-SendThread(127.0.0.1:30074):ClientCnxn$SendThread@1154] - Opening socket connection to server activate.navicat.com/127.0.0.1:30074.
2020-06-22 14:06:50,326 [myid:127.0.0.1:30074] - INFO  [main-SendThread(127.0.0.1:30074):ClientCnxn$SendThread@1156] - SASL config status: Will not attempt to authenticate using SASL (unknown error)
adding as trusted cert:
  Subject: CN=localhost, OU=ZooKeeper, O=Apache, L=Unknown, ST=Unknown, C=Unknown
  Issuer:  CN=localhost, OU=ZooKeeper, O=Apache, L=Unknown, ST=Unknown, C=Unknown
  Algorithm: RSA; Serial number: 0x7334b506
  Valid from Sat Jan 31 02:57:30 CST 2015 until Wed Feb 08 02:57:30 CST 3015

trigger seeding of SecureRandom
done seeding SecureRandom
Using SSLEngineImpl.
%% Initialized:  [Session-120, SSL_NULL_WITH_NULL_NULL]
2020-06-22 14:06:50,328 [myid:127.0.0.1:30074] - INFO  [nioEventLoopGroup-9-1:ClientCnxnSocketNetty$ZKClientPipelineFactory@454] - SSL handler added for channel: [id: 0x2497d8af]
2020-06-22 14:06:50,329 [myid:127.0.0.1:30074] - INFO  [nioEventLoopGroup-9-1:ClientCnxn$SendThread@986] - Socket connection established, initiating session, client: /127.0.0.1:56162, server: activate.navicat.com/127.0.0.1:30074
2020-06-22 14:06:50,329 [myid:127.0.0.1:30074] - INFO  [nioEventLoopGroup-9-1:ClientCnxnSocketNetty$1@184] - channel is connected: [id: 0x2497d8af, L:/127.0.0.1:56162 - R:activate.navicat.com/127.0.0.1:30074]
Allow unsafe renegotiation: false
Allow legacy hello messages: true
Is initial handshake: true
Is secure renegotiation: false
Ignoring unsupported cipher suite: TLS_ECDHE_ECDSA_WITH_AES_256_CBC_SHA384 for TLSv1
Ignoring unsupported cipher suite: TLS_ECDHE_RSA_WITH_AES_256_CBC_SHA384 for TLSv1
Ignoring unsupported cipher suite: TLS_RSA_WITH_AES_256_CBC_SHA256 for TLSv1
Ignoring unsupported cipher suite: TLS_ECDH_ECDSA_WITH_AES_256_CBC_SHA384 for TLSv1
Ignoring unsupported cipher suite: TLS_ECDH_RSA_WITH_AES_256_CBC_SHA384 for TLSv1
Ignoring unsupported cipher suite: TLS_DHE_RSA_WITH_AES_256_CBC_SHA256 for TLSv1
Ignoring unsupported cipher suite: TLS_DHE_DSS_WITH_AES_256_CBC_SHA256 for TLSv1
Ignoring unsupported cipher suite: TLS_ECDHE_ECDSA_WITH_AES_256_CBC_SHA384 for TLSv1.1
Ignoring unsupported cipher suite: TLS_ECDHE_RSA_WITH_AES_256_CBC_SHA384 for TLSv1.1
Ignoring unsupported cipher suite: TLS_RSA_WITH_AES_256_CBC_SHA256 for TLSv1.1
Ignoring unsupported cipher suite: TLS_ECDH_ECDSA_WITH_AES_256_CBC_SHA384 for TLSv1.1
Ignoring unsupported cipher suite: TLS_ECDH_RSA_WITH_AES_256_CBC_SHA384 for TLSv1.1
Ignoring unsupported cipher suite: TLS_DHE_RSA_WITH_AES_256_CBC_SHA256 for TLSv1.1
Ignoring unsupported cipher suite: TLS_DHE_DSS_WITH_AES_256_CBC_SHA256 for TLSv1.1
trigger seeding of SecureRandom
%% No cached client session
done seeding SecureRandom
Using SSLEngineImpl.
%% Initialized:  [Session-121, SSL_NULL_WITH_NULL_NULL]
update handshake state: client_hello[1]
upcoming handshake states: server_hello[2]
*** ClientHello, TLSv1.2
RandomCookie:  GMT: 1576028794 bytes = { 206, 9, 154, 125, 200, 79, 239, 174, 138, 139, 214, 30, 238, 198, 246, 244, 16, 13, 227, 44, 36, 54, 168, 156, 91, 94, 211, 151 }
Session ID:  {}
Cipher Suites: [TLS_ECDHE_ECDSA_WITH_AES_256_CBC_SHA384, TLS_ECDHE_RSA_WITH_AES_256_CBC_SHA384, TLS_RSA_WITH_AES_256_CBC_SHA256, TLS_ECDH_ECDSA_WITH_AES_256_CBC_SHA384, TLS_ECDH_RSA_WITH_AES_256_CBC_SHA384, TLS_DHE_RSA_WITH_AES_256_CBC_SHA256, TLS_DHE_DSS_WITH_AES_256_CBC_SHA256, TLS_ECDHE_ECDSA_WITH_AES_256_CBC_SHA, TLS_ECDHE_RSA_WITH_AES_256_CBC_SHA, TLS_RSA_WITH_AES_256_CBC_SHA, TLS_ECDH_ECDSA_WITH_AES_256_CBC_SHA, TLS_ECDH_RSA_WITH_AES_256_CBC_SHA, TLS_DHE_RSA_WITH_AES_256_CBC_SHA, TLS_DHE_DSS_WITH_AES_256_CBC_SHA, TLS_ECDHE_ECDSA_WITH_AES_128_CBC_SHA256, TLS_ECDHE_RSA_WITH_AES_128_CBC_SHA256, TLS_RSA_WITH_AES_128_CBC_SHA256, TLS_ECDH_ECDSA_WITH_AES_128_CBC_SHA256, TLS_ECDH_RSA_WITH_AES_128_CBC_SHA256, TLS_DHE_RSA_WITH_AES_128_CBC_SHA256, TLS_DHE_DSS_WITH_AES_128_CBC_SHA256, TLS_ECDHE_ECDSA_WITH_AES_128_CBC_SHA, TLS_ECDHE_RSA_WITH_AES_128_CBC_SHA, TLS_RSA_WITH_AES_128_CBC_SHA, TLS_ECDH_ECDSA_WITH_AES_128_CBC_SHA, TLS_ECDH_RSA_WITH_AES_128_CBC_SHA, TLS_DHE_RSA_WITH_AES_128_CBC_SHA, TLS_DHE_DSS_WITH_AES_128_CBC_SHA, TLS_ECDHE_ECDSA_WITH_AES_256_GCM_SHA384, TLS_ECDHE_ECDSA_WITH_AES_128_GCM_SHA256, TLS_ECDHE_RSA_WITH_AES_256_GCM_SHA384, TLS_RSA_WITH_AES_256_GCM_SHA384, TLS_ECDH_ECDSA_WITH_AES_256_GCM_SHA384, TLS_ECDH_RSA_WITH_AES_256_GCM_SHA384, TLS_DHE_RSA_WITH_AES_256_GCM_SHA384, TLS_DHE_DSS_WITH_AES_256_GCM_SHA384, TLS_ECDHE_RSA_WITH_AES_128_GCM_SHA256, TLS_RSA_WITH_AES_128_GCM_SHA256, TLS_ECDH_ECDSA_WITH_AES_128_GCM_SHA256, TLS_ECDH_RSA_WITH_AES_128_GCM_SHA256, TLS_DHE_RSA_WITH_AES_128_GCM_SHA256, TLS_DHE_DSS_WITH_AES_128_GCM_SHA256, TLS_EMPTY_RENEGOTIATION_INFO_SCSV]
Compression Methods:  { 0 }
Extension elliptic_curves, curve names: {secp256r1, secp384r1, secp521r1}
Extension ec_point_formats, formats: [uncompressed]
Extension signature_algorithms, signature_algorithms: SHA512withECDSA, SHA512withRSA, SHA384withECDSA, SHA384withRSA, SHA256withECDSA, SHA256withRSA, SHA256withDSA, SHA1withECDSA, SHA1withRSA, SHA1withDSA
Extension extended_master_secret
Extension server_name, server_name: [type=host_name (0), value=activate.navicat.com]
***
nioEventLoopGroup-9-1, WRITE: TLSv1.2 Handshake, length = 208
Allow unsafe renegotiation: false
Allow legacy hello messages: true
Is initial handshake: true
Is secure renegotiation: false
nioEventLoopGroup-8-9, READ: TLSv1.2 Handshake, length = 208
check handshake state: client_hello[1]
update handshake state: client_hello[1]
upcoming handshake states: server_hello[2]
*** ClientHello, TLSv1.2
RandomCookie:  GMT: 1576028794 bytes = { 206, 9, 154, 125, 200, 79, 239, 174, 138, 139, 214, 30, 238, 198, 246, 244, 16, 13, 227, 44, 36, 54, 168, 156, 91, 94, 211, 151 }
Session ID:  {}
Cipher Suites: [TLS_ECDHE_ECDSA_WITH_AES_256_CBC_SHA384, TLS_ECDHE_RSA_WITH_AES_256_CBC_SHA384, TLS_RSA_WITH_AES_256_CBC_SHA256, TLS_ECDH_ECDSA_WITH_AES_256_CBC_SHA384, TLS_ECDH_RSA_WITH_AES_256_CBC_SHA384, TLS_DHE_RSA_WITH_AES_256_CBC_SHA256, TLS_DHE_DSS_WITH_AES_256_CBC_SHA256, TLS_ECDHE_ECDSA_WITH_AES_256_CBC_SHA, TLS_ECDHE_RSA_WITH_AES_256_CBC_SHA, TLS_RSA_WITH_AES_256_CBC_SHA, TLS_ECDH_ECDSA_WITH_AES_256_CBC_SHA, TLS_ECDH_RSA_WITH_AES_256_CBC_SHA, TLS_DHE_RSA_WITH_AES_256_CBC_SHA, TLS_DHE_DSS_WITH_AES_256_CBC_SHA, TLS_ECDHE_ECDSA_WITH_AES_128_CBC_SHA256, TLS_ECDHE_RSA_WITH_AES_128_CBC_SHA256, TLS_RSA_WITH_AES_128_CBC_SHA256, TLS_ECDH_ECDSA_WITH_AES_128_CBC_SHA256, TLS_ECDH_RSA_WITH_AES_128_CBC_SHA256, TLS_DHE_RSA_WITH_AES_128_CBC_SHA256, TLS_DHE_DSS_WITH_AES_128_CBC_SHA256, TLS_ECDHE_ECDSA_WITH_AES_128_CBC_SHA, TLS_ECDHE_RSA_WITH_AES_128_CBC_SHA, TLS_RSA_WITH_AES_128_CBC_SHA, TLS_ECDH_ECDSA_WITH_AES_128_CBC_SHA, TLS_ECDH_RSA_WITH_AES_128_CBC_SHA, TLS_DHE_RSA_WITH_AES_128_CBC_SHA, TLS_DHE_DSS_WITH_AES_128_CBC_SHA, TLS_ECDHE_ECDSA_WITH_AES_256_GCM_SHA384, TLS_ECDHE_ECDSA_WITH_AES_128_GCM_SHA256, TLS_ECDHE_RSA_WITH_AES_256_GCM_SHA384, TLS_RSA_WITH_AES_256_GCM_SHA384, TLS_ECDH_ECDSA_WITH_AES_256_GCM_SHA384, TLS_ECDH_RSA_WITH_AES_256_GCM_SHA384, TLS_DHE_RSA_WITH_AES_256_GCM_SHA384, TLS_DHE_DSS_WITH_AES_256_GCM_SHA384, TLS_ECDHE_RSA_WITH_AES_128_GCM_SHA256, TLS_RSA_WITH_AES_128_GCM_SHA256, TLS_ECDH_ECDSA_WITH_AES_128_GCM_SHA256, TLS_ECDH_RSA_WITH_AES_128_GCM_SHA256, TLS_DHE_RSA_WITH_AES_128_GCM_SHA256, TLS_DHE_DSS_WITH_AES_128_GCM_SHA256, TLS_EMPTY_RENEGOTIATION_INFO_SCSV]
Compression Methods:  { 0 }
Extension elliptic_curves, curve names: {secp256r1, secp384r1, secp521r1}
Extension ec_point_formats, formats: [uncompressed]
Extension signature_algorithms, signature_algorithms: SHA512withECDSA, SHA512withRSA, SHA384withECDSA, SHA384withRSA, SHA256withECDSA, SHA256withRSA, SHA256withDSA, SHA1withECDSA, SHA1withRSA, SHA1withDSA
Extension extended_master_secret
Extension server_name, server_name: [type=host_name (0), value=activate.navicat.com]
***
%% Initialized:  [Session-122, SSL_NULL_WITH_NULL_NULL]
Standard ciphersuite chosen: TLS_ECDHE_RSA_WITH_AES_256_CBC_SHA384
%% Negotiating:  [Session-122, TLS_ECDHE_RSA_WITH_AES_256_CBC_SHA384]
*** ServerHello, TLSv1.2
RandomCookie:  GMT: 1576028794 bytes = { 214, 212, 72, 29, 90, 208, 191, 194, 118, 49, 156, 96, 30, 221, 64, 207, 45, 226, 150, 157, 178, 17, 66, 167, 139, 83, 228, 197 }
Session ID:  {94, 240, 74, 122, 123, 178, 73, 137, 5, 125, 210, 242, 14, 250, 68, 248, 66, 103, 53, 80, 156, 144, 1, 178, 174, 182, 176, 183, 230, 112, 113, 205}
Cipher Suite: TLS_ECDHE_RSA_WITH_AES_256_CBC_SHA384
Compression Method: 0
Extension renegotiation_info, renegotiated_connection: <empty>
Extension extended_master_secret
***
Cipher suite:  TLS_ECDHE_RSA_WITH_AES_256_CBC_SHA384
update handshake state: server_hello[2]
upcoming handshake states: server certificate[11]
upcoming handshake states: server_key_exchange[12](optional)
upcoming handshake states: certificate_request[13](optional)
upcoming handshake states: server_hello_done[14]
upcoming handshake states: client certificate[11](optional)
upcoming handshake states: client_key_exchange[16]
upcoming handshake states: certificate_verify[15](optional)
upcoming handshake states: client change_cipher_spec[-1]
upcoming handshake states: client finished[20]
upcoming handshake states: server change_cipher_spec[-1]
upcoming handshake states: server finished[20]
*** Certificate chain
chain [0] = [
[
  Version: V3
  Subject: CN=localhost, OU=ZooKeeper, O=Apache, L=Unknown, ST=Unknown, C=Unknown
  Signature Algorithm: SHA256withRSA, OID = 1.2.840.113549.1.1.11

  Key:  Sun RSA public key, 2048 bits
  params: null
  modulus: 20466894428749997265095448870198652391311568515891366224735448896044144250313384062095901217219702596717622583159291680947094046474456586662132842412743846124470020097713679685492900855417800931365512472314155689881392853768001073664569106127795833231344696659209258027979401908711647617989508135190248980524852215540637603770017238536229773075995665111861820945008718990948857303373661769409475939971958531493423489844433566328219155461676589360491136984327342101195255797973694339642711115427623510874675394946293706606142706174397483349590050687482693164890194014220011640037490528845185364811025836034294701994387
  public exponent: 65537
  Validity: [From: Sat Jan 31 02:57:30 CST 2015,
               To: Wed Feb 08 02:57:30 CST 3015]
  Issuer: CN=localhost, OU=ZooKeeper, O=Apache, L=Unknown, ST=Unknown, C=Unknown
  SerialNumber: [    7334b506]

Certificate Extensions: 1
[1]: ObjectId: 2.5.29.14 Criticality=false
SubjectKeyIdentifier [
KeyIdentifier [
0000: 65 D7 B4 E0 27 45 7A 00   58 2F AD D5 0B 64 2D 77  e...'Ez.X/...d-w
0010: 88 F7 AA F5                                        ....
]
]

]
  Algorithm: [SHA256withRSA]
  Signature:
0000: 1B C8 6B 36 83 1D 28 37   5C 1F 7D F6 C6 84 A0 BF  ..k6..(7\.......
0010: CA C0 47 CF C5 34 70 7A   CF 6B EA 34 84 BE 08 7A  ..G..4pz.k.4...z
0020: 98 E6 3D ED 1D E2 6F 06   DB 23 AB 41 AD D5 DF 1D  ..=...o..#.A....
0030: 92 F4 9D 05 FD 7C EE BE   4A 87 B8 F1 FE F4 5B 79  ........J.....[y
0040: DC AD F7 44 3D 67 08 7A   3B 91 D7 5A 79 44 96 D7  ...D=g.z;..ZyD..
0050: BE 0E 41 C8 64 E3 87 C3   28 11 AB DC 36 F5 B0 AC  ..A.d...(...6...
0060: BD 2F 16 1D 6E A1 52 25   5A EC 6F AD 20 71 5A 1B  ./..n.R%Z.o. qZ.
0070: 66 D4 0D A6 49 B7 75 43   C4 84 0B 4B AC BD 16 76  f...I.uC...K...v
0080: 58 2B 07 85 E2 F1 44 15   1E 67 D1 3C 13 73 5A 2D  X+....D..g.<.sZ-
0090: D6 06 0B A1 D3 09 7E EF   88 F9 C3 0E A4 10 47 EA  ..............G.
00A0: 65 5D CD F0 39 EA 2F 59   1C 08 BC F9 CC 5B C9 BB  e]..9./Y.....[..
00B0: 2F 20 19 81 97 B5 21 BB   60 A4 39 08 6C 41 2A 51  / ....!.`.9.lA*Q
00C0: B1 C3 1A A3 8C F8 ED 67   D0 EE EC 52 01 2A E4 1E  .......g...R.*..
00D0: D2 B4 34 73 DC 7E 34 24   A9 4E 77 AD FD B3 77 0D  ..4s..4$.Nw...w.
00E0: C2 7A C0 65 F6 CC 11 9D   19 AA 59 13 C3 9D AD 5F  .z.e......Y...._
00F0: 61 E6 C2 18 F0 E5 A1 49   41 B5 EF 9E 91 0C 35 9C  a......IA.....5.

]
***
update handshake state: certificate[11]
upcoming handshake states: server_key_exchange[12](optional)
upcoming handshake states: certificate_request[13](optional)
upcoming handshake states: server_hello_done[14]
upcoming handshake states: client certificate[11](optional)
upcoming handshake states: client_key_exchange[16]
upcoming handshake states: certificate_verify[15](optional)
upcoming handshake states: client change_cipher_spec[-1]
upcoming handshake states: client finished[20]
upcoming handshake states: server change_cipher_spec[-1]
upcoming handshake states: server finished[20]
*** ECDH ServerKeyExchange
Signature Algorithm SHA512withRSA
Server key: Sun EC public key, 256 bits
  public x coord: 72774061297068740157798080136443961280848056029720935416273447026061697230418
  public y coord: 50213312530098465896884496996331257132875452231291002224470136073475875328139
  parameters: secp256r1 [NIST P-256, X9.62 prime256v1] (1.2.840.10045.3.1.7)
update handshake state: server_key_exchange[12]
upcoming handshake states: certificate_request[13](optional)
upcoming handshake states: server_hello_done[14]
upcoming handshake states: client certificate[11](optional)
upcoming handshake states: client_key_exchange[16]
upcoming handshake states: certificate_verify[15](optional)
upcoming handshake states: client change_cipher_spec[-1]
upcoming handshake states: client finished[20]
upcoming handshake states: server change_cipher_spec[-1]
upcoming handshake states: server finished[20]
*** CertificateRequest
Cert Types: RSA, DSS, ECDSA
Supported Signature Algorithms: SHA512withECDSA, SHA512withRSA, SHA384withECDSA, SHA384withRSA, SHA256withECDSA, SHA256withRSA, SHA256withDSA, SHA1withECDSA, SHA1withRSA, SHA1withDSA
Cert Authorities:
<CN=localhost, OU=ZooKeeper, O=Apache, L=Unknown, ST=Unknown, C=Unknown>
update handshake state: unknown[13]
upcoming handshake states: server_hello_done[14]
upcoming handshake states: client certificate[11](optional)
upcoming handshake states: client_key_exchange[16]
upcoming handshake states: certificate_verify[15](optional)
upcoming handshake states: client change_cipher_spec[-1]
upcoming handshake states: client finished[20]
upcoming handshake states: server change_cipher_spec[-1]
upcoming handshake states: server finished[20]
*** ServerHelloDone
update handshake state: server_hello_done[14]
upcoming handshake states: client certificate[11](optional)
upcoming handshake states: client_key_exchange[16]
upcoming handshake states: certificate_verify[15](optional)
upcoming handshake states: client change_cipher_spec[-1]
upcoming handshake states: client finished[20]
upcoming handshake states: server change_cipher_spec[-1]
upcoming handshake states: server finished[20]
nioEventLoopGroup-8-9, WRITE: TLSv1.2 Handshake, length = 1478
nioEventLoopGroup-9-1, READ: TLSv1.2 Handshake, length = 1478
check handshake state: server_hello[2]
*** ServerHello, TLSv1.2
RandomCookie:  GMT: 1576028794 bytes = { 214, 212, 72, 29, 90, 208, 191, 194, 118, 49, 156, 96, 30, 221, 64, 207, 45, 226, 150, 157, 178, 17, 66, 167, 139, 83, 228, 197 }
Session ID:  {94, 240, 74, 122, 123, 178, 73, 137, 5, 125, 210, 242, 14, 250, 68, 248, 66, 103, 53, 80, 156, 144, 1, 178, 174, 182, 176, 183, 230, 112, 113, 205}
Cipher Suite: TLS_ECDHE_RSA_WITH_AES_256_CBC_SHA384
Compression Method: 0
Extension renegotiation_info, renegotiated_connection: <empty>
Extension extended_master_secret
***
%% Initialized:  [Session-123, TLS_ECDHE_RSA_WITH_AES_256_CBC_SHA384]
** TLS_ECDHE_RSA_WITH_AES_256_CBC_SHA384
update handshake state: server_hello[2]
upcoming handshake states: server certificate[11]
upcoming handshake states: server_key_exchange[12](optional)
upcoming handshake states: certificate_request[13](optional)
upcoming handshake states: server_hello_done[14]
upcoming handshake states: client certificate[11](optional)
upcoming handshake states: client_key_exchange[16]
upcoming handshake states: certificate_verify[15](optional)
upcoming handshake states: client change_cipher_spec[-1]
upcoming handshake states: client finished[20]
upcoming handshake states: server change_cipher_spec[-1]
upcoming handshake states: server finished[20]
check handshake state: certificate[11]
update handshake state: certificate[11]
upcoming handshake states: server_key_exchange[12](optional)
upcoming handshake states: certificate_request[13](optional)
upcoming handshake states: server_hello_done[14]
upcoming handshake states: client certificate[11](optional)
upcoming handshake states: client_key_exchange[16]
upcoming handshake states: certificate_verify[15](optional)
upcoming handshake states: client change_cipher_spec[-1]
upcoming handshake states: client finished[20]
upcoming handshake states: server change_cipher_spec[-1]
upcoming handshake states: server finished[20]
*** Certificate chain
chain [0] = [
[
  Version: V3
  Subject: CN=localhost, OU=ZooKeeper, O=Apache, L=Unknown, ST=Unknown, C=Unknown
  Signature Algorithm: SHA256withRSA, OID = 1.2.840.113549.1.1.11

  Key:  Sun RSA public key, 2048 bits
  params: null
  modulus: 20466894428749997265095448870198652391311568515891366224735448896044144250313384062095901217219702596717622583159291680947094046474456586662132842412743846124470020097713679685492900855417800931365512472314155689881392853768001073664569106127795833231344696659209258027979401908711647617989508135190248980524852215540637603770017238536229773075995665111861820945008718990948857303373661769409475939971958531493423489844433566328219155461676589360491136984327342101195255797973694339642711115427623510874675394946293706606142706174397483349590050687482693164890194014220011640037490528845185364811025836034294701994387
  public exponent: 65537
  Validity: [From: Sat Jan 31 02:57:30 CST 2015,
               To: Wed Feb 08 02:57:30 CST 3015]
  Issuer: CN=localhost, OU=ZooKeeper, O=Apache, L=Unknown, ST=Unknown, C=Unknown
  SerialNumber: [    7334b506]

Certificate Extensions: 1
[1]: ObjectId: 2.5.29.14 Criticality=false
SubjectKeyIdentifier [
KeyIdentifier [
0000: 65 D7 B4 E0 27 45 7A 00   58 2F AD D5 0B 64 2D 77  e...'Ez.X/...d-w
0010: 88 F7 AA F5                                        ....
]
]

]
  Algorithm: [SHA256withRSA]
  Signature:
0000: 1B C8 6B 36 83 1D 28 37   5C 1F 7D F6 C6 84 A0 BF  ..k6..(7\.......
0010: CA C0 47 CF C5 34 70 7A   CF 6B EA 34 84 BE 08 7A  ..G..4pz.k.4...z
0020: 98 E6 3D ED 1D E2 6F 06   DB 23 AB 41 AD D5 DF 1D  ..=...o..#.A....
0030: 92 F4 9D 05 FD 7C EE BE   4A 87 B8 F1 FE F4 5B 79  ........J.....[y
0040: DC AD F7 44 3D 67 08 7A   3B 91 D7 5A 79 44 96 D7  ...D=g.z;..ZyD..
0050: BE 0E 41 C8 64 E3 87 C3   28 11 AB DC 36 F5 B0 AC  ..A.d...(...6...
0060: BD 2F 16 1D 6E A1 52 25   5A EC 6F AD 20 71 5A 1B  ./..n.R%Z.o. qZ.
0070: 66 D4 0D A6 49 B7 75 43   C4 84 0B 4B AC BD 16 76  f...I.uC...K...v
0080: 58 2B 07 85 E2 F1 44 15   1E 67 D1 3C 13 73 5A 2D  X+....D..g.<.sZ-
0090: D6 06 0B A1 D3 09 7E EF   88 F9 C3 0E A4 10 47 EA  ..............G.
00A0: 65 5D CD F0 39 EA 2F 59   1C 08 BC F9 CC 5B C9 BB  e]..9./Y.....[..
00B0: 2F 20 19 81 97 B5 21 BB   60 A4 39 08 6C 41 2A 51  / ....!.`.9.lA*Q
00C0: B1 C3 1A A3 8C F8 ED 67   D0 EE EC 52 01 2A E4 1E  .......g...R.*..
00D0: D2 B4 34 73 DC 7E 34 24   A9 4E 77 AD FD B3 77 0D  ..4s..4$.Nw...w.
00E0: C2 7A C0 65 F6 CC 11 9D   19 AA 59 13 C3 9D AD 5F  .z.e......Y...._
00F0: 61 E6 C2 18 F0 E5 A1 49   41 B5 EF 9E 91 0C 35 9C  a......IA.....5.

]
***
Found trusted certificate:
[
[
  Version: V3
  Subject: CN=localhost, OU=ZooKeeper, O=Apache, L=Unknown, ST=Unknown, C=Unknown
  Signature Algorithm: SHA256withRSA, OID = 1.2.840.113549.1.1.11

  Key:  Sun RSA public key, 2048 bits
  params: null
  modulus: 20466894428749997265095448870198652391311568515891366224735448896044144250313384062095901217219702596717622583159291680947094046474456586662132842412743846124470020097713679685492900855417800931365512472314155689881392853768001073664569106127795833231344696659209258027979401908711647617989508135190248980524852215540637603770017238536229773075995665111861820945008718990948857303373661769409475939971958531493423489844433566328219155461676589360491136984327342101195255797973694339642711115427623510874675394946293706606142706174397483349590050687482693164890194014220011640037490528845185364811025836034294701994387
  public exponent: 65537
  Validity: [From: Sat Jan 31 02:57:30 CST 2015,
               To: Wed Feb 08 02:57:30 CST 3015]
  Issuer: CN=localhost, OU=ZooKeeper, O=Apache, L=Unknown, ST=Unknown, C=Unknown
  SerialNumber: [    7334b506]

Certificate Extensions: 1
[1]: ObjectId: 2.5.29.14 Criticality=false
SubjectKeyIdentifier [
KeyIdentifier [
0000: 65 D7 B4 E0 27 45 7A 00   58 2F AD D5 0B 64 2D 77  e...'Ez.X/...d-w
0010: 88 F7 AA F5                                        ....
]
]

]
  Algorithm: [SHA256withRSA]
  Signature:
0000: 1B C8 6B 36 83 1D 28 37   5C 1F 7D F6 C6 84 A0 BF  ..k6..(7\.......
0010: CA C0 47 CF C5 34 70 7A   CF 6B EA 34 84 BE 08 7A  ..G..4pz.k.4...z
0020: 98 E6 3D ED 1D E2 6F 06   DB 23 AB 41 AD D5 DF 1D  ..=...o..#.A....
0030: 92 F4 9D 05 FD 7C EE BE   4A 87 B8 F1 FE F4 5B 79  ........J.....[y
0040: DC AD F7 44 3D 67 08 7A   3B 91 D7 5A 79 44 96 D7  ...D=g.z;..ZyD..
0050: BE 0E 41 C8 64 E3 87 C3   28 11 AB DC 36 F5 B0 AC  ..A.d...(...6...
0060: BD 2F 16 1D 6E A1 52 25   5A EC 6F AD 20 71 5A 1B  ./..n.R%Z.o. qZ.
0070: 66 D4 0D A6 49 B7 75 43   C4 84 0B 4B AC BD 16 76  f...I.uC...K...v
0080: 58 2B 07 85 E2 F1 44 15   1E 67 D1 3C 13 73 5A 2D  X+....D..g.<.sZ-
0090: D6 06 0B A1 D3 09 7E EF   88 F9 C3 0E A4 10 47 EA  ..............G.
00A0: 65 5D CD F0 39 EA 2F 59   1C 08 BC F9 CC 5B C9 BB  e]..9./Y.....[..
00B0: 2F 20 19 81 97 B5 21 BB   60 A4 39 08 6C 41 2A 51  / ....!.`.9.lA*Q
00C0: B1 C3 1A A3 8C F8 ED 67   D0 EE EC 52 01 2A E4 1E  .......g...R.*..
00D0: D2 B4 34 73 DC 7E 34 24   A9 4E 77 AD FD B3 77 0D  ..4s..4$.Nw...w.
00E0: C2 7A C0 65 F6 CC 11 9D   19 AA 59 13 C3 9D AD 5F  .z.e......Y...._
00F0: 61 E6 C2 18 F0 E5 A1 49   41 B5 EF 9E 91 0C 35 9C  a......IA.....5.

]
2020-06-22 14:06:50,345 [myid:127.0.0.1:30074] - ERROR [nioEventLoopGroup-9-1:ZKTrustManager@161] - Failed to verify host address: 127.0.0.1
javax.net.ssl.SSLPeerUnverifiedException: Certificate for <127.0.0.1> doesn't match common name of the certificate subject: localhost
	at org.apache.zookeeper.common.ZKHostnameVerifier.matchCN(ZKHostnameVerifier.java:238)
	at org.apache.zookeeper.common.ZKHostnameVerifier.verify(ZKHostnameVerifier.java:184)
	at org.apache.zookeeper.common.ZKTrustManager.performHostVerification(ZKTrustManager.java:151)
	at org.apache.zookeeper.common.ZKTrustManager.checkServerTrusted(ZKTrustManager.java:118)
	at sun.security.ssl.ClientHandshaker.serverCertificate(ClientHandshaker.java:1675)
	at sun.security.ssl.ClientHandshaker.processMessage(ClientHandshaker.java:226)
	at sun.security.ssl.Handshaker.processLoop(Handshaker.java:1082)
	at sun.security.ssl.Handshaker$1.run(Handshaker.java:1015)
	at sun.security.ssl.Handshaker$1.run(Handshaker.java:1012)
	at java.security.AccessController.doPrivileged(Native Method)
	at sun.security.ssl.Handshaker$DelegatedTask.run(Handshaker.java:1504)
	at io.netty.handler.ssl.SslHandler.runAllDelegatedTasks(SslHandler.java:1510)
	at io.netty.handler.ssl.SslHandler.runDelegatedTasks(SslHandler.java:1524)
	at io.netty.handler.ssl.SslHandler.unwrap(SslHandler.java:1408)
	at io.netty.handler.ssl.SslHandler.decodeJdkCompatible(SslHandler.java:1235)
	at io.netty.handler.ssl.SslHandler.decode(SslHandler.java:1282)
	at io.netty.handler.codec.ByteToMessageDecoder.decodeRemovalReentryProtection(ByteToMessageDecoder.java:498)
	at io.netty.handler.codec.ByteToMessageDecoder.callDecode(ByteToMessageDecoder.java:437)
	at io.netty.handler.codec.ByteToMessageDecoder.channelRead(ByteToMessageDecoder.java:276)
	at io.netty.channel.AbstractChannelHandlerContext.invokeChannelRead(AbstractChannelHandlerContext.java:379)
	at io.netty.channel.AbstractChannelHandlerContext.invokeChannelRead(AbstractChannelHandlerContext.java:365)
	at io.netty.channel.AbstractChannelHandlerContext.fireChannelRead(AbstractChannelHandlerContext.java:357)
	at io.netty.channel.DefaultChannelPipeline$HeadContext.channelRead(DefaultChannelPipeline.java:1410)
	at io.netty.channel.AbstractChannelHandlerContext.invokeChannelRead(AbstractChannelHandlerContext.java:379)
	at io.netty.channel.AbstractChannelHandlerContext.invokeChannelRead(AbstractChannelHandlerContext.java:365)
	at io.netty.channel.DefaultChannelPipeline.fireChannelRead(DefaultChannelPipeline.java:919)
	at io.netty.channel.nio.AbstractNioByteChannel$NioByteUnsafe.read(AbstractNioByteChannel.java:163)
	at io.netty.channel.nio.NioEventLoop.processSelectedKey(NioEventLoop.java:714)
	at io.netty.channel.nio.NioEventLoop.processSelectedKeysOptimized(NioEventLoop.java:650)
	at io.netty.channel.nio.NioEventLoop.processSelectedKeys(NioEventLoop.java:576)
	at io.netty.channel.nio.NioEventLoop.run(NioEventLoop.java:493)
	at io.netty.util.concurrent.SingleThreadEventExecutor$4.run(SingleThreadEventExecutor.java:989)
	at io.netty.util.internal.ThreadExecutorMap$2.run(ThreadExecutorMap.java:74)
	at io.netty.util.concurrent.FastThreadLocalRunnable.run(FastThreadLocalRunnable.java:30)
	at java.lang.Thread.run(Thread.java:748)
2020-06-22 14:06:50,345 [myid:127.0.0.1:30074] - ERROR [nioEventLoopGroup-9-1:ZKTrustManager@162] - Failed to verify hostname: activate.navicat.com
javax.net.ssl.SSLPeerUnverifiedException: Certificate for <activate.navicat.com> doesn't match common name of the certificate subject: localhost
	at org.apache.zookeeper.common.ZKHostnameVerifier.matchCN(ZKHostnameVerifier.java:238)
	at org.apache.zookeeper.common.ZKHostnameVerifier.verify(ZKHostnameVerifier.java:184)
	at org.apache.zookeeper.common.ZKTrustManager.performHostVerification(ZKTrustManager.java:159)
	at org.apache.zookeeper.common.ZKTrustManager.checkServerTrusted(ZKTrustManager.java:118)
	at sun.security.ssl.ClientHandshaker.serverCertificate(ClientHandshaker.java:1675)
	at sun.security.ssl.ClientHandshaker.processMessage(ClientHandshaker.java:226)
	at sun.security.ssl.Handshaker.processLoop(Handshaker.java:1082)
	at sun.security.ssl.Handshaker$1.run(Handshaker.java:1015)
	at sun.security.ssl.Handshaker$1.run(Handshaker.java:1012)
	at java.security.AccessController.doPrivileged(Native Method)
	at sun.security.ssl.Handshaker$DelegatedTask.run(Handshaker.java:1504)
	at io.netty.handler.ssl.SslHandler.runAllDelegatedTasks(SslHandler.java:1510)
	at io.netty.handler.ssl.SslHandler.runDelegatedTasks(SslHandler.java:1524)
	at io.netty.handler.ssl.SslHandler.unwrap(SslHandler.java:1408)
	at io.netty.handler.ssl.SslHandler.decodeJdkCompatible(SslHandler.java:1235)
	at io.netty.handler.ssl.SslHandler.decode(SslHandler.java:1282)
	at io.netty.handler.codec.ByteToMessageDecoder.decodeRemovalReentryProtection(ByteToMessageDecoder.java:498)
	at io.netty.handler.codec.ByteToMessageDecoder.callDecode(ByteToMessageDecoder.java:437)
	at io.netty.handler.codec.ByteToMessageDecoder.channelRead(ByteToMessageDecoder.java:276)
	at io.netty.channel.AbstractChannelHandlerContext.invokeChannelRead(AbstractChannelHandlerContext.java:379)
	at io.netty.channel.AbstractChannelHandlerContext.invokeChannelRead(AbstractChannelHandlerContext.java:365)
	at io.netty.channel.AbstractChannelHandlerContext.fireChannelRead(AbstractChannelHandlerContext.java:357)
	at io.netty.channel.DefaultChannelPipeline$HeadContext.channelRead(DefaultChannelPipeline.java:1410)
	at io.netty.channel.AbstractChannelHandlerContext.invokeChannelRead(AbstractChannelHandlerContext.java:379)
	at io.netty.channel.AbstractChannelHandlerContext.invokeChannelRead(AbstractChannelHandlerContext.java:365)
	at io.netty.channel.DefaultChannelPipeline.fireChannelRead(DefaultChannelPipeline.java:919)
	at io.netty.channel.nio.AbstractNioByteChannel$NioByteUnsafe.read(AbstractNioByteChannel.java:163)
	at io.netty.channel.nio.NioEventLoop.processSelectedKey(NioEventLoop.java:714)
	at io.netty.channel.nio.NioEventLoop.processSelectedKeysOptimized(NioEventLoop.java:650)
	at io.netty.channel.nio.NioEventLoop.processSelectedKeys(NioEventLoop.java:576)
	at io.netty.channel.nio.NioEventLoop.run(NioEventLoop.java:493)
	at io.netty.util.concurrent.SingleThreadEventExecutor$4.run(SingleThreadEventExecutor.java:989)
	at io.netty.util.internal.ThreadExecutorMap$2.run(ThreadExecutorMap.java:74)
	at io.netty.util.concurrent.FastThreadLocalRunnable.run(FastThreadLocalRunnable.java:30)
	at java.lang.Thread.run(Thread.java:748)
nioEventLoopGroup-9-1, fatal error: 46: General SSLEngine problem
java.security.cert.CertificateException: Failed to verify both host address and host name
%% Invalidated:  [Session-120, SSL_NULL_WITH_NULL_NULL]
%% Invalidated:  [Session-123, TLS_ECDHE_RSA_WITH_AES_256_CBC_SHA384]
nioEventLoopGroup-9-1, SEND TLSv1.2 ALERT:  fatal, description = certificate_unknown
nioEventLoopGroup-9-1, WRITE: TLSv1.2 Alert, length = 2
nioEventLoopGroup-9-1, fatal: engine already closed.  Rethrowing javax.net.ssl.SSLHandshakeException: General SSLEngine problem
nioEventLoopGroup-9-1, called closeOutbound()
nioEventLoopGroup-9-1, closeOutboundInternal()
nioEventLoopGroup-9-1, called closeInbound()
nioEventLoopGroup-9-1, fatal: engine already closed.  Rethrowing javax.net.ssl.SSLException: Inbound closed before receiving peer's close_notify: possible truncation attack?
nioEventLoopGroup-8-9, READ: TLSv1.2 Alert, length = 2
nioEventLoopGroup-8-9, RECV TLSv1.2 ALERT:  fatal, certificate_unknown
nioEventLoopGroup-8-9, fatal: engine already closed.  Rethrowing javax.net.ssl.SSLException: Received fatal alert: certificate_unknown
nioEventLoopGroup-8-9, fatal: engine already closed.  Rethrowing javax.net.ssl.SSLException: Received fatal alert: certificate_unknown
2020-06-22 14:06:50,347 [myid:] - ERROR [nioEventLoopGroup-8-9:NettyServerCnxnFactory$CertificateVerifier@434] - Unsuccessful handshake with session 0x0
nioEventLoopGroup-8-9, called closeOutbound()
nioEventLoopGroup-8-9, closeOutboundInternal()
nioEventLoopGroup-8-9, SEND TLSv1.2 ALERT:  warning, description = close_notify
nioEventLoopGroup-8-9, WRITE: TLSv1.2 Alert, length = 2
nioEventLoopGroup-8-9, called closeInbound()
nioEventLoopGroup-8-9, fatal: engine already closed.  Rethrowing javax.net.ssl.SSLException: Inbound closed before receiving peer's close_notify: possible truncation attack?
2020-06-22 14:06:50,347 [myid:127.0.0.1:30074] - ERROR [nioEventLoopGroup-9-1:ClientCnxnSocketNetty$ZKClientHandler@522] - Unexpected throwable
io.netty.handler.codec.DecoderException: javax.net.ssl.SSLHandshakeException: General SSLEngine problem
	at io.netty.handler.codec.ByteToMessageDecoder.callDecode(ByteToMessageDecoder.java:468)
	at io.netty.handler.codec.ByteToMessageDecoder.channelRead(ByteToMessageDecoder.java:276)
	at io.netty.channel.AbstractChannelHandlerContext.invokeChannelRead(AbstractChannelHandlerContext.java:379)
	at io.netty.channel.AbstractChannelHandlerContext.invokeChannelRead(AbstractChannelHandlerContext.java:365)
	at io.netty.channel.AbstractChannelHandlerContext.fireChannelRead(AbstractChannelHandlerContext.java:357)
	at io.netty.channel.DefaultChannelPipeline$HeadContext.channelRead(DefaultChannelPipeline.java:1410)
	at io.netty.channel.AbstractChannelHandlerContext.invokeChannelRead(AbstractChannelHandlerContext.java:379)
	at io.netty.channel.AbstractChannelHandlerContext.invokeChannelRead(AbstractChannelHandlerContext.java:365)
	at io.netty.channel.DefaultChannelPipeline.fireChannelRead(DefaultChannelPipeline.java:919)
	at io.netty.channel.nio.AbstractNioByteChannel$NioByteUnsafe.read(AbstractNioByteChannel.java:163)
	at io.netty.channel.nio.NioEventLoop.processSelectedKey(NioEventLoop.java:714)
	at io.netty.channel.nio.NioEventLoop.processSelectedKeysOptimized(NioEventLoop.java:650)
	at io.netty.channel.nio.NioEventLoop.processSelectedKeys(NioEventLoop.java:576)
	at io.netty.channel.nio.NioEventLoop.run(NioEventLoop.java:493)
	at io.netty.util.concurrent.SingleThreadEventExecutor$4.run(SingleThreadEventExecutor.java:989)
	at io.netty.util.internal.ThreadExecutorMap$2.run(ThreadExecutorMap.java:74)
	at io.netty.util.concurrent.FastThreadLocalRunnable.run(FastThreadLocalRunnable.java:30)
	at java.lang.Thread.run(Thread.java:748)
Caused by: javax.net.ssl.SSLHandshakeException: General SSLEngine problem
	at sun.security.ssl.Handshaker.checkThrown(Handshaker.java:1566)
	at sun.security.ssl.SSLEngineImpl.checkTaskThrown(SSLEngineImpl.java:545)
	at sun.security.ssl.SSLEngineImpl.readNetRecord(SSLEngineImpl.java:819)
	at sun.security.ssl.SSLEngineImpl.unwrap(SSLEngineImpl.java:783)
	at javax.net.ssl.SSLEngine.unwrap(SSLEngine.java:626)
	at io.netty.handler.ssl.SslHandler$SslEngineType$3.unwrap(SslHandler.java:281)
	at io.netty.handler.ssl.SslHandler.unwrap(SslHandler.java:1340)
	at io.netty.handler.ssl.SslHandler.decodeJdkCompatible(SslHandler.java:1235)
	at io.netty.handler.ssl.SslHandler.decode(SslHandler.java:1282)
	at io.netty.handler.codec.ByteToMessageDecoder.decodeRemovalReentryProtection(ByteToMessageDecoder.java:498)
	at io.netty.handler.codec.ByteToMessageDecoder.callDecode(ByteToMessageDecoder.java:437)
	... 17 more
Caused by: javax.net.ssl.SSLHandshakeException: General SSLEngine problem
	at sun.security.ssl.Alerts.getSSLException(Alerts.java:198)
	at sun.security.ssl.SSLEngineImpl.fatal(SSLEngineImpl.java:1729)
	at sun.security.ssl.Handshaker.fatalSE(Handshaker.java:333)
	at sun.security.ssl.Handshaker.fatalSE(Handshaker.java:325)
	at sun.security.ssl.ClientHandshaker.serverCertificate(ClientHandshaker.java:1688)
	at sun.security.ssl.ClientHandshaker.processMessage(ClientHandshaker.java:226)
	at sun.security.ssl.Handshaker.processLoop(Handshaker.java:1082)
	at sun.security.ssl.Handshaker$1.run(Handshaker.java:1015)
	at sun.security.ssl.Handshaker$1.run(Handshaker.java:1012)
	at java.security.AccessController.doPrivileged(Native Method)
	at sun.security.ssl.Handshaker$DelegatedTask.run(Handshaker.java:1504)
	at io.netty.handler.ssl.SslHandler.runAllDelegatedTasks(SslHandler.java:1510)
	at io.netty.handler.ssl.SslHandler.runDelegatedTasks(SslHandler.java:1524)
	at io.netty.handler.ssl.SslHandler.unwrap(SslHandler.java:1408)
	... 21 more
Caused by: java.security.cert.CertificateException: Failed to verify both host address and host name
	at org.apache.zookeeper.common.ZKTrustManager.performHostVerification(ZKTrustManager.java:163)
	at org.apache.zookeeper.common.ZKTrustManager.checkServerTrusted(ZKTrustManager.java:118)
	at sun.security.ssl.ClientHandshaker.serverCertificate(ClientHandshaker.java:1675)
	... 30 more
Caused by: javax.net.ssl.SSLPeerUnverifiedException: Certificate for <activate.navicat.com> doesn't match common name of the certificate subject: localhost
	at org.apache.zookeeper.common.ZKHostnameVerifier.matchCN(ZKHostnameVerifier.java:238)
	at org.apache.zookeeper.common.ZKHostnameVerifier.verify(ZKHostnameVerifier.java:184)
	at org.apache.zookeeper.common.ZKTrustManager.performHostVerification(ZKTrustManager.java:159)
	... 32 more
2020-06-22 14:06:50,347 [myid:] - WARN  [nioEventLoopGroup-8-9:NettyServerCnxnFactory$CnxnChannelHandler@273] - Exception caught
io.netty.handler.codec.DecoderException: javax.net.ssl.SSLException: Received fatal alert: certificate_unknown
	at io.netty.handler.codec.ByteToMessageDecoder.callDecode(ByteToMessageDecoder.java:468)
	at io.netty.handler.codec.ByteToMessageDecoder.channelRead(ByteToMessageDecoder.java:276)
	at io.netty.channel.AbstractChannelHandlerContext.invokeChannelRead(AbstractChannelHandlerContext.java:379)
	at io.netty.channel.AbstractChannelHandlerContext.invokeChannelRead(AbstractChannelHandlerContext.java:365)
	at io.netty.channel.AbstractChannelHandlerContext.fireChannelRead(AbstractChannelHandlerContext.java:357)
	at io.netty.channel.DefaultChannelPipeline$HeadContext.channelRead(DefaultChannelPipeline.java:1410)
	at io.netty.channel.AbstractChannelHandlerContext.invokeChannelRead(AbstractChannelHandlerContext.java:379)
	at io.netty.channel.AbstractChannelHandlerContext.invokeChannelRead(AbstractChannelHandlerContext.java:365)
	at io.netty.channel.DefaultChannelPipeline.fireChannelRead(DefaultChannelPipeline.java:919)
	at io.netty.channel.nio.AbstractNioByteChannel$NioByteUnsafe.read(AbstractNioByteChannel.java:163)
	at io.netty.channel.nio.NioEventLoop.processSelectedKey(NioEventLoop.java:714)
	at io.netty.channel.nio.NioEventLoop.processSelectedKeysOptimized(NioEventLoop.java:650)
	at io.netty.channel.nio.NioEventLoop.processSelectedKeys(NioEventLoop.java:576)
	at io.netty.channel.nio.NioEventLoop.run(NioEventLoop.java:493)
	at io.netty.util.concurrent.SingleThreadEventExecutor$4.run(SingleThreadEventExecutor.java:989)
	at io.netty.util.internal.ThreadExecutorMap$2.run(ThreadExecutorMap.java:74)
	at io.netty.util.concurrent.FastThreadLocalRunnable.run(FastThreadLocalRunnable.java:30)
	at java.lang.Thread.run(Thread.java:748)
Caused by: javax.net.ssl.SSLException: Received fatal alert: certificate_unknown
	at sun.security.ssl.Alerts.getSSLException(Alerts.java:214)
	at sun.security.ssl.SSLEngineImpl.fatal(SSLEngineImpl.java:1667)
	at sun.security.ssl.SSLEngineImpl.fatal(SSLEngineImpl.java:1635)
	at sun.security.ssl.SSLEngineImpl.recvAlert(SSLEngineImpl.java:1801)
	at sun.security.ssl.SSLEngineImpl.readRecord(SSLEngineImpl.java:1090)
	at sun.security.ssl.SSLEngineImpl.readNetRecord(SSLEngineImpl.java:913)
	at sun.security.ssl.SSLEngineImpl.unwrap(SSLEngineImpl.java:783)
	at javax.net.ssl.SSLEngine.unwrap(SSLEngine.java:626)
	at io.netty.handler.ssl.SslHandler$SslEngineType$3.unwrap(SslHandler.java:281)
	at io.netty.handler.ssl.SslHandler.unwrap(SslHandler.java:1340)
	at io.netty.handler.ssl.SslHandler.decodeJdkCompatible(SslHandler.java:1235)
	at io.netty.handler.ssl.SslHandler.decode(SslHandler.java:1282)
	at io.netty.handler.codec.ByteToMessageDecoder.decodeRemovalReentryProtection(ByteToMessageDecoder.java:498)
	at io.netty.handler.codec.ByteToMessageDecoder.callDecode(ByteToMessageDecoder.java:437)
	... 17 more
nioEventLoopGroup-8-9, called closeOutbound()
nioEventLoopGroup-8-9, closeOutboundInternal()
2020-06-22 14:06:50,347 [myid:127.0.0.1:30074] - WARN  [main-SendThread(127.0.0.1:30074):ClientCnxn$SendThread@1272] - Session 0x0 for sever activate.navicat.com/127.0.0.1:30074, Closing socket connection. Attempting reconnect except it is a SessionExpiredException.
EndOfStreamException: channel for sessionid 0x0 is lost
	at org.apache.zookeeper.ClientCnxnSocketNetty.doTransport(ClientCnxnSocketNetty.java:285)
	at org.apache.zookeeper.ClientCnxn$SendThread.run(ClientCnxn.java:1262)
nioEventLoopGroup-8-9, READ: TLSv1.2 Alert, length = 2
nioEventLoopGroup-8-9, RECV TLSv1.2 ALERT:  fatal, 2020-06-22 14:06:50,347 [myid:127.0.0.1:30074] - INFO  [nioEventLoopGroup-9-1:ClientCnxnSocketNetty@249] - channel is told closing
certificate_unknown
nioEventLoopGroup-8-9, fatal: engine already closed.  Rethrowing javax.net.ssl.SSLException: Received fatal alert: certificate_unknown
nioEventLoopGroup-8-9, fatal: engine already closed.  Rethrowing javax.net.ssl.SSLException: Received fatal alert: certificate_unknown
nioEventLoopGroup-9-1, called closeOutbound()
nioEventLoopGroup-9-1, closeOutboundInternal()
nioEventLoopGroup-8-9, called closeOutbound()
nioEventLoopGroup-8-9, closeOutboundInternal()
nioEventLoopGroup-8-9, called closeInbound()
nioEventLoopGroup-8-9, closeInboundInternal()
nioEventLoopGroup-8-9, closeOutboundInternal()
2020-06-22 14:06:50,348 [myid:127.0.0.1:30074] - INFO  [nioEventLoopGroup-9-1:ClientCnxnSocketNetty$ZKClientHandler@469] - channel is disconnected: [id: 0x2497d8af, L:/127.0.0.1:56162 ! R:activate.navicat.com/127.0.0.1:30074]
2020-06-22 14:06:50,348 [myid:] - WARN  [nioEventLoopGroup-8-9:NettyServerCnxnFactory$CnxnChannelHandler@273] - Exception caught
io.netty.handler.codec.DecoderException: javax.net.ssl.SSLException: Received fatal alert: certificate_unknown
	at io.netty.handler.codec.ByteToMessageDecoder.callDecode(ByteToMessageDecoder.java:468)
	at io.netty.handler.codec.ByteToMessageDecoder.channelInputClosed(ByteToMessageDecoder.java:401)
	at io.netty.handler.codec.ByteToMessageDecoder.channelInputClosed(ByteToMessageDecoder.java:368)
	at io.netty.handler.codec.ByteToMessageDecoder.channelInactive(ByteToMessageDecoder.java:351)
	at io.netty.handler.ssl.SslHandler.channelInactive(SslHandler.java:1084)
	at io.netty.channel.AbstractChannelHandlerContext.invokeChannelInactive(AbstractChannelHandlerContext.java:262)
	at io.netty.channel.AbstractChannelHandlerContext.invokeChannelInactive(AbstractChannelHandlerContext.java:248)
	at io.netty.channel.AbstractChannelHandlerContext.fireChannelInactive(AbstractChannelHandlerContext.java:241)
	at io.netty.channel.DefaultChannelPipeline$HeadContext.channelInactive(DefaultChannelPipeline.java:1405)
	at io.netty.channel.AbstractChannelHandlerContext.invokeChannelInactive(AbstractChannelHandlerContext.java:262)
	at io.netty.channel.AbstractChannelHandlerContext.invokeChannelInactive(AbstractChannelHandlerContext.java:248)
	at io.netty.channel.DefaultChannelPipeline.fireChannelInactive(DefaultChannelPipeline.java:901)
	at io.netty.channel.AbstractChannel$AbstractUnsafe$8.run(AbstractChannel.java:818)
	at io.netty.util.concurrent.AbstractEventExecutor.safeExecute(AbstractEventExecutor.java:164)
	at io.netty.util.concurrent.SingleThreadEventExecutor.runAllTasks(SingleThreadEventExecutor.java:472)
	at io.netty.channel.nio.NioEventLoop.run(NioEventLoop.java:497)
	at io.netty.util.concurrent.SingleThreadEventExecutor$4.run(SingleThreadEventExecutor.java:989)
	at io.netty.util.internal.ThreadExecutorMap$2.run(ThreadExecutorMap.java:74)
	at io.netty.util.concurrent.FastThreadLocalRunnable.run(FastThreadLocalRunnable.java:30)
	at java.lang.Thread.run(Thread.java:748)
Caused by: javax.net.ssl.SSLException: Received fatal alert: certificate_unknown
	at sun.security.ssl.Alerts.getSSLException(Alerts.java:214)
	at sun.security.ssl.SSLEngineImpl.fatal(SSLEngineImpl.java:1667)
	at sun.security.ssl.SSLEngineImpl.fatal(SSLEngineImpl.java:1635)
	at sun.security.ssl.SSLEngineImpl.recvAlert(SSLEngineImpl.java:1801)
	at sun.security.ssl.SSLEngineImpl.readRecord(SSLEngineImpl.java:1090)
	at sun.security.ssl.SSLEngineImpl.readNetRecord(SSLEngineImpl.java:913)
	at sun.security.ssl.SSLEngineImpl.unwrap(SSLEngineImpl.java:783)
	at javax.net.ssl.SSLEngine.unwrap(SSLEngine.java:626)
	at io.netty.handler.ssl.SslHandler$SslEngineType$3.unwrap(SslHandler.java:281)
	at io.netty.handler.ssl.SslHandler.unwrap(SslHandler.java:1340)
	at io.netty.handler.ssl.SslHandler.decodeJdkCompatible(SslHandler.java:1235)
	at io.netty.handler.ssl.SslHandler.decode(SslHandler.java:1282)
	at io.netty.handler.codec.ByteToMessageDecoder.decodeRemovalReentryProtection(ByteToMessageDecoder.java:498)
	at io.netty.handler.codec.ByteToMessageDecoder.callDecode(ByteToMessageDecoder.java:437)
	... 19 more
2020-06-22 14:06:51,196 [myid:127.0.0.1:30073] - WARN  [nioEventLoopGroup-5-1:ClientCnxnSocketNetty$1@150] - future isn't success.
io.netty.channel.AbstractChannel$AnnotatedConnectException: Connection refused: no further information: activate.navicat.com/127.0.0.1:30073
Caused by: java.net.ConnectException: Connection refused: no further information
	at sun.nio.ch.SocketChannelImpl.checkConnect(Native Method)
	at sun.nio.ch.SocketChannelImpl.finishConnect(SocketChannelImpl.java:714)
	at io.netty.channel.socket.nio.NioSocketChannel.doFinishConnect(NioSocketChannel.java:330)
	at io.netty.channel.nio.AbstractNioChannel$AbstractNioUnsafe.finishConnect(AbstractNioChannel.java:334)
	at io.netty.channel.nio.NioEventLoop.processSelectedKey(NioEventLoop.java:702)
	at io.netty.channel.nio.NioEventLoop.processSelectedKeysOptimized(NioEventLoop.java:650)
	at io.netty.channel.nio.NioEventLoop.processSelectedKeys(NioEventLoop.java:576)
	at io.netty.channel.nio.NioEventLoop.run(NioEventLoop.java:493)
	at io.netty.util.concurrent.SingleThreadEventExecutor$4.run(SingleThreadEventExecutor.java:989)
	at io.netty.util.internal.ThreadExecutorMap$2.run(ThreadExecutorMap.java:74)
	at io.netty.util.concurrent.FastThreadLocalRunnable.run(FastThreadLocalRunnable.java:30)
	at java.lang.Thread.run(Thread.java:748)
nioEventLoopGroup-5-1, called closeOutbound()
nioEventLoopGroup-5-1, closeOutboundInternal()
2020-06-22 14:06:51,196 [myid:127.0.0.1:30073] - WARN  [main-SendThread(127.0.0.1:30073):ClientCnxn$SendThread@1272] - Session 0x0 for sever activate.navicat.com/127.0.0.1:30073, Closing socket connection. Attempting reconnect except it is a SessionExpiredException.
EndOfStreamException: channel for sessionid 0x0 is lost
	at org.apache.zookeeper.ClientCnxnSocketNetty.doTransport(ClientCnxnSocketNetty.java:285)
	at org.apache.zookeeper.ClientCnxn$SendThread.run(ClientCnxn.java:1262)
2020-06-22 14:06:52,320 [myid:127.0.0.1:30074] - INFO  [main-SendThread(127.0.0.1:30074):ClientCnxn$SendThread@1154] - Opening socket connection to server activate.navicat.com/127.0.0.1:30074.
2020-06-22 14:06:52,320 [myid:127.0.0.1:30074] - INFO  [main-SendThread(127.0.0.1:30074):ClientCnxn$SendThread@1156] - SASL config status: Will not attempt to authenticate using SASL (unknown error)
adding as trusted cert:
  Subject: CN=localhost, OU=ZooKeeper, O=Apache, L=Unknown, ST=Unknown, C=Unknown
  Issuer:  CN=localhost, OU=ZooKeeper, O=Apache, L=Unknown, ST=Unknown, C=Unknown
  Algorithm: RSA; Serial number: 0x7334b506
  Valid from Sat Jan 31 02:57:30 CST 2015 until Wed Feb 08 02:57:30 CST 3015

trigger seeding of SecureRandom
done seeding SecureRandom
Using SSLEngineImpl.
%% Initialized:  [Session-124, SSL_NULL_WITH_NULL_NULL]
2020-06-22 14:06:52,321 [myid:127.0.0.1:30074] - INFO  [nioEventLoopGroup-9-1:ClientCnxnSocketNetty$ZKClientPipelineFactory@454] - SSL handler added for channel: [id: 0xd0532080]
2020-06-22 14:06:52,322 [myid:127.0.0.1:30074] - INFO  [nioEventLoopGroup-9-1:ClientCnxn$SendThread@986] - Socket connection established, initiating session, client: /127.0.0.1:56260, server: activate.navicat.com/127.0.0.1:30074
2020-06-22 14:06:52,322 [myid:127.0.0.1:30074] - INFO  [nioEventLoopGroup-9-1:ClientCnxnSocketNetty$1@184] - channel is connected: [id: 0xd0532080, L:/127.0.0.1:56260 - R:activate.navicat.com/127.0.0.1:30074]
Allow unsafe renegotiation: false
Allow legacy hello messages: true
Is initial handshake: true
Is secure renegotiation: false
Ignoring unsupported cipher suite: TLS_ECDHE_ECDSA_WITH_AES_256_CBC_SHA384 for TLSv1
Ignoring unsupported cipher suite: TLS_ECDHE_RSA_WITH_AES_256_CBC_SHA384 for TLSv1
Ignoring unsupported cipher suite: TLS_RSA_WITH_AES_256_CBC_SHA256 for TLSv1
Ignoring unsupported cipher suite: TLS_ECDH_ECDSA_WITH_AES_256_CBC_SHA384 for TLSv1
Ignoring unsupported cipher suite: TLS_ECDH_RSA_WITH_AES_256_CBC_SHA384 for TLSv1
Ignoring unsupported cipher suite: TLS_DHE_RSA_WITH_AES_256_CBC_SHA256 for TLSv1
Ignoring unsupported cipher suite: TLS_DHE_DSS_WITH_AES_256_CBC_SHA256 for TLSv1
Ignoring unsupported cipher suite: TLS_ECDHE_ECDSA_WITH_AES_256_CBC_SHA384 for TLSv1.1
Ignoring unsupported cipher suite: TLS_ECDHE_RSA_WITH_AES_256_CBC_SHA384 for TLSv1.1
Ignoring unsupported cipher suite: TLS_RSA_WITH_AES_256_CBC_SHA256 for TLSv1.1
Ignoring unsupported cipher suite: TLS_ECDH_ECDSA_WITH_AES_256_CBC_SHA384 for TLSv1.1
Ignoring unsupported cipher suite: TLS_ECDH_RSA_WITH_AES_256_CBC_SHA384 for TLSv1.1
Ignoring unsupported cipher suite: TLS_DHE_RSA_WITH_AES_256_CBC_SHA256 for TLSv1.1
Ignoring unsupported cipher suite: TLS_DHE_DSS_WITH_AES_256_CBC_SHA256 for TLSv1.1
%% No cached client session
trigger seeding of SecureRandom
done seeding SecureRandom
Using SSLEngineImpl.
update handshake state: client_hello[1]
%% Initialized:  [Session-125, SSL_NULL_WITH_NULL_NULL]
upcoming handshake states: server_hello[2]
*** ClientHello, TLSv1.2
RandomCookie:  GMT: 1576028796 bytes = { 210, 13, 200, 108, 199, 118, 99, 135, 222, 209, 64, 207, 134, 183, 186, 191, 203, 5, 16, 77, 187, 113, 30, 13, 248, 230, 134, 50 }
Session ID:  {}
Cipher Suites: [TLS_ECDHE_ECDSA_WITH_AES_256_CBC_SHA384, TLS_ECDHE_RSA_WITH_AES_256_CBC_SHA384, TLS_RSA_WITH_AES_256_CBC_SHA256, TLS_ECDH_ECDSA_WITH_AES_256_CBC_SHA384, TLS_ECDH_RSA_WITH_AES_256_CBC_SHA384, TLS_DHE_RSA_WITH_AES_256_CBC_SHA256, TLS_DHE_DSS_WITH_AES_256_CBC_SHA256, TLS_ECDHE_ECDSA_WITH_AES_256_CBC_SHA, TLS_ECDHE_RSA_WITH_AES_256_CBC_SHA, TLS_RSA_WITH_AES_256_CBC_SHA, TLS_ECDH_ECDSA_WITH_AES_256_CBC_SHA, TLS_ECDH_RSA_WITH_AES_256_CBC_SHA, TLS_DHE_RSA_WITH_AES_256_CBC_SHA, TLS_DHE_DSS_WITH_AES_256_CBC_SHA, TLS_ECDHE_ECDSA_WITH_AES_128_CBC_SHA256, TLS_ECDHE_RSA_WITH_AES_128_CBC_SHA256, TLS_RSA_WITH_AES_128_CBC_SHA256, TLS_ECDH_ECDSA_WITH_AES_128_CBC_SHA256, TLS_ECDH_RSA_WITH_AES_128_CBC_SHA256, TLS_DHE_RSA_WITH_AES_128_CBC_SHA256, TLS_DHE_DSS_WITH_AES_128_CBC_SHA256, TLS_ECDHE_ECDSA_WITH_AES_128_CBC_SHA, TLS_ECDHE_RSA_WITH_AES_128_CBC_SHA, TLS_RSA_WITH_AES_128_CBC_SHA, TLS_ECDH_ECDSA_WITH_AES_128_CBC_SHA, TLS_ECDH_RSA_WITH_AES_128_CBC_SHA, TLS_DHE_RSA_WITH_AES_128_CBC_SHA, TLS_DHE_DSS_WITH_AES_128_CBC_SHA, TLS_ECDHE_ECDSA_WITH_AES_256_GCM_SHA384, TLS_ECDHE_ECDSA_WITH_AES_128_GCM_SHA256, TLS_ECDHE_RSA_WITH_AES_256_GCM_SHA384, TLS_RSA_WITH_AES_256_GCM_SHA384, TLS_ECDH_ECDSA_WITH_AES_256_GCM_SHA384, TLS_ECDH_RSA_WITH_AES_256_GCM_SHA384, TLS_DHE_RSA_WITH_AES_256_GCM_SHA384, TLS_DHE_DSS_WITH_AES_256_GCM_SHA384, TLS_ECDHE_RSA_WITH_AES_128_GCM_SHA256, TLS_RSA_WITH_AES_128_GCM_SHA256, TLS_ECDH_ECDSA_WITH_AES_128_GCM_SHA256, TLS_ECDH_RSA_WITH_AES_128_GCM_SHA256, TLS_DHE_RSA_WITH_AES_128_GCM_SHA256, TLS_DHE_DSS_WITH_AES_128_GCM_SHA256, TLS_EMPTY_RENEGOTIATION_INFO_SCSV]
Compression Methods:  { 0 }
Extension elliptic_curves, curve names: {secp256r1, secp384r1, secp521r1}
Extension ec_point_formats, formats: [uncompressed]
Extension signature_algorithms, signature_algorithms: SHA512withECDSA, SHA512withRSA, SHA384withECDSA, SHA384withRSA, SHA256withECDSA, SHA256withRSA, SHA256withDSA, SHA1withECDSA, SHA1withRSA, SHA1withDSA
Extension extended_master_secret
Extension server_name, server_name: [type=host_name (0), value=activate.navicat.com]
***
nioEventLoopGroup-9-1, WRITE: TLSv1.2 Handshake, length = 208
Allow unsafe renegotiation: false
Allow legacy hello messages: true
Is initial handshake: true
Is secure renegotiation: false
nioEventLoopGroup-8-10, READ: TLSv1.2 Handshake, length = 208
check handshake state: client_hello[1]
update handshake state: client_hello[1]
upcoming handshake states: server_hello[2]
*** ClientHello, TLSv1.2
RandomCookie:  GMT: 1576028796 bytes = { 210, 13, 200, 108, 199, 118, 99, 135, 222, 209, 64, 207, 134, 183, 186, 191, 203, 5, 16, 77, 187, 113, 30, 13, 248, 230, 134, 50 }
Session ID:  {}
Cipher Suites: [TLS_ECDHE_ECDSA_WITH_AES_256_CBC_SHA384, TLS_ECDHE_RSA_WITH_AES_256_CBC_SHA384, TLS_RSA_WITH_AES_256_CBC_SHA256, TLS_ECDH_ECDSA_WITH_AES_256_CBC_SHA384, TLS_ECDH_RSA_WITH_AES_256_CBC_SHA384, TLS_DHE_RSA_WITH_AES_256_CBC_SHA256, TLS_DHE_DSS_WITH_AES_256_CBC_SHA256, TLS_ECDHE_ECDSA_WITH_AES_256_CBC_SHA, TLS_ECDHE_RSA_WITH_AES_256_CBC_SHA, TLS_RSA_WITH_AES_256_CBC_SHA, TLS_ECDH_ECDSA_WITH_AES_256_CBC_SHA, TLS_ECDH_RSA_WITH_AES_256_CBC_SHA, TLS_DHE_RSA_WITH_AES_256_CBC_SHA, TLS_DHE_DSS_WITH_AES_256_CBC_SHA, TLS_ECDHE_ECDSA_WITH_AES_128_CBC_SHA256, TLS_ECDHE_RSA_WITH_AES_128_CBC_SHA256, TLS_RSA_WITH_AES_128_CBC_SHA256, TLS_ECDH_ECDSA_WITH_AES_128_CBC_SHA256, TLS_ECDH_RSA_WITH_AES_128_CBC_SHA256, TLS_DHE_RSA_WITH_AES_128_CBC_SHA256, TLS_DHE_DSS_WITH_AES_128_CBC_SHA256, TLS_ECDHE_ECDSA_WITH_AES_128_CBC_SHA, TLS_ECDHE_RSA_WITH_AES_128_CBC_SHA, TLS_RSA_WITH_AES_128_CBC_SHA, TLS_ECDH_ECDSA_WITH_AES_128_CBC_SHA, TLS_ECDH_RSA_WITH_AES_128_CBC_SHA, TLS_DHE_RSA_WITH_AES_128_CBC_SHA, TLS_DHE_DSS_WITH_AES_128_CBC_SHA, TLS_ECDHE_ECDSA_WITH_AES_256_GCM_SHA384, TLS_ECDHE_ECDSA_WITH_AES_128_GCM_SHA256, TLS_ECDHE_RSA_WITH_AES_256_GCM_SHA384, TLS_RSA_WITH_AES_256_GCM_SHA384, TLS_ECDH_ECDSA_WITH_AES_256_GCM_SHA384, TLS_ECDH_RSA_WITH_AES_256_GCM_SHA384, TLS_DHE_RSA_WITH_AES_256_GCM_SHA384, TLS_DHE_DSS_WITH_AES_256_GCM_SHA384, TLS_ECDHE_RSA_WITH_AES_128_GCM_SHA256, TLS_RSA_WITH_AES_128_GCM_SHA256, TLS_ECDH_ECDSA_WITH_AES_128_GCM_SHA256, TLS_ECDH_RSA_WITH_AES_128_GCM_SHA256, TLS_DHE_RSA_WITH_AES_128_GCM_SHA256, TLS_DHE_DSS_WITH_AES_128_GCM_SHA256, TLS_EMPTY_RENEGOTIATION_INFO_SCSV]
Compression Methods:  { 0 }
Extension elliptic_curves, curve names: {secp256r1, secp384r1, secp521r1}
Extension ec_point_formats, formats: [uncompressed]
Extension signature_algorithms, signature_algorithms: SHA512withECDSA, SHA512withRSA, SHA384withECDSA, SHA384withRSA, SHA256withECDSA, SHA256withRSA, SHA256withDSA, SHA1withECDSA, SHA1withRSA, SHA1withDSA
Extension extended_master_secret
Extension server_name, server_name: [type=host_name (0), value=activate.navicat.com]
***
%% Initialized:  [Session-126, SSL_NULL_WITH_NULL_NULL]
Standard ciphersuite chosen: TLS_ECDHE_RSA_WITH_AES_256_CBC_SHA384
%% Negotiating:  [Session-126, TLS_ECDHE_RSA_WITH_AES_256_CBC_SHA384]
*** ServerHello, TLSv1.2
RandomCookie:  GMT: 1576028796 bytes = { 188, 119, 52, 138, 197, 63, 146, 228, 53, 147, 241, 107, 122, 77, 206, 238, 219, 109, 214, 225, 15, 226, 42, 26, 249, 168, 53, 83 }
Session ID:  {94, 240, 74, 124, 100, 201, 89, 181, 121, 18, 16, 225, 6, 113, 73, 77, 42, 110, 175, 136, 60, 232, 134, 241, 174, 37, 241, 137, 233, 244, 234, 23}
Cipher Suite: TLS_ECDHE_RSA_WITH_AES_256_CBC_SHA384
Compression Method: 0
Extension renegotiation_info, renegotiated_connection: <empty>
Extension extended_master_secret
***
Cipher suite:  TLS_ECDHE_RSA_WITH_AES_256_CBC_SHA384
update handshake state: server_hello[2]
upcoming handshake states: server certificate[11]
upcoming handshake states: server_key_exchange[12](optional)
upcoming handshake states: certificate_request[13](optional)
upcoming handshake states: server_hello_done[14]
upcoming handshake states: client certificate[11](optional)
upcoming handshake states: client_key_exchange[16]
upcoming handshake states: certificate_verify[15](optional)
upcoming handshake states: client change_cipher_spec[-1]
upcoming handshake states: client finished[20]
upcoming handshake states: server change_cipher_spec[-1]
upcoming handshake states: server finished[20]
*** Certificate chain
chain [0] = [
[
  Version: V3
  Subject: CN=localhost, OU=ZooKeeper, O=Apache, L=Unknown, ST=Unknown, C=Unknown
  Signature Algorithm: SHA256withRSA, OID = 1.2.840.113549.1.1.11

  Key:  Sun RSA public key, 2048 bits
  params: null
  modulus: 20466894428749997265095448870198652391311568515891366224735448896044144250313384062095901217219702596717622583159291680947094046474456586662132842412743846124470020097713679685492900855417800931365512472314155689881392853768001073664569106127795833231344696659209258027979401908711647617989508135190248980524852215540637603770017238536229773075995665111861820945008718990948857303373661769409475939971958531493423489844433566328219155461676589360491136984327342101195255797973694339642711115427623510874675394946293706606142706174397483349590050687482693164890194014220011640037490528845185364811025836034294701994387
  public exponent: 65537
  Validity: [From: Sat Jan 31 02:57:30 CST 2015,
               To: Wed Feb 08 02:57:30 CST 3015]
  Issuer: CN=localhost, OU=ZooKeeper, O=Apache, L=Unknown, ST=Unknown, C=Unknown
  SerialNumber: [    7334b506]

Certificate Extensions: 1
[1]: ObjectId: 2.5.29.14 Criticality=false
SubjectKeyIdentifier [
KeyIdentifier [
0000: 65 D7 B4 E0 27 45 7A 00   58 2F AD D5 0B 64 2D 77  e...'Ez.X/...d-w
0010: 88 F7 AA F5                                        ....
]
]

]
  Algorithm: [SHA256withRSA]
  Signature:
0000: 1B C8 6B 36 83 1D 28 37   5C 1F 7D F6 C6 84 A0 BF  ..k6..(7\.......
0010: CA C0 47 CF C5 34 70 7A   CF 6B EA 34 84 BE 08 7A  ..G..4pz.k.4...z
0020: 98 E6 3D ED 1D E2 6F 06   DB 23 AB 41 AD D5 DF 1D  ..=...o..#.A....
0030: 92 F4 9D 05 FD 7C EE BE   4A 87 B8 F1 FE F4 5B 79  ........J.....[y
0040: DC AD F7 44 3D 67 08 7A   3B 91 D7 5A 79 44 96 D7  ...D=g.z;..ZyD..
0050: BE 0E 41 C8 64 E3 87 C3   28 11 AB DC 36 F5 B0 AC  ..A.d...(...6...
0060: BD 2F 16 1D 6E A1 52 25   5A EC 6F AD 20 71 5A 1B  ./..n.R%Z.o. qZ.
0070: 66 D4 0D A6 49 B7 75 43   C4 84 0B 4B AC BD 16 76  f...I.uC...K...v
0080: 58 2B 07 85 E2 F1 44 15   1E 67 D1 3C 13 73 5A 2D  X+....D..g.<.sZ-
0090: D6 06 0B A1 D3 09 7E EF   88 F9 C3 0E A4 10 47 EA  ..............G.
00A0: 65 5D CD F0 39 EA 2F 59   1C 08 BC F9 CC 5B C9 BB  e]..9./Y.....[..
00B0: 2F 20 19 81 97 B5 21 BB   60 A4 39 08 6C 41 2A 51  / ....!.`.9.lA*Q
00C0: B1 C3 1A A3 8C F8 ED 67   D0 EE EC 52 01 2A E4 1E  .......g...R.*..
00D0: D2 B4 34 73 DC 7E 34 24   A9 4E 77 AD FD B3 77 0D  ..4s..4$.Nw...w.
00E0: C2 7A C0 65 F6 CC 11 9D   19 AA 59 13 C3 9D AD 5F  .z.e......Y...._
00F0: 61 E6 C2 18 F0 E5 A1 49   41 B5 EF 9E 91 0C 35 9C  a......IA.....5.

]
***
update handshake state: certificate[11]
upcoming handshake states: server_key_exchange[12](optional)
upcoming handshake states: certificate_request[13](optional)
upcoming handshake states: server_hello_done[14]
upcoming handshake states: client certificate[11](optional)
upcoming handshake states: client_key_exchange[16]
upcoming handshake states: certificate_verify[15](optional)
upcoming handshake states: client change_cipher_spec[-1]
upcoming handshake states: client finished[20]
upcoming handshake states: server change_cipher_spec[-1]
upcoming handshake states: server finished[20]
*** ECDH ServerKeyExchange
Signature Algorithm SHA512withRSA
Server key: Sun EC public key, 256 bits
  public x coord: 108079984932637259746107082195716694209892525277215581518153954841798995486843
  public y coord: 68622682207932587291139338072662441977242641984040468358988689078187263003020
  parameters: secp256r1 [NIST P-256, X9.62 prime256v1] (1.2.840.10045.3.1.7)
update handshake state: server_key_exchange[12]
upcoming handshake states: certificate_request[13](optional)
upcoming handshake states: server_hello_done[14]
upcoming handshake states: client certificate[11](optional)
upcoming handshake states: client_key_exchange[16]
upcoming handshake states: certificate_verify[15](optional)
upcoming handshake states: client change_cipher_spec[-1]
upcoming handshake states: client finished[20]
upcoming handshake states: server change_cipher_spec[-1]
upcoming handshake states: server finished[20]
*** CertificateRequest
Cert Types: RSA, DSS, ECDSA
Supported Signature Algorithms: SHA512withECDSA, SHA512withRSA, SHA384withECDSA, SHA384withRSA, SHA256withECDSA, SHA256withRSA, SHA256withDSA, SHA1withECDSA, SHA1withRSA, SHA1withDSA
Cert Authorities:
<CN=localhost, OU=ZooKeeper, O=Apache, L=Unknown, ST=Unknown, C=Unknown>
update handshake state: unknown[13]
upcoming handshake states: server_hello_done[14]
upcoming handshake states: client certificate[11](optional)
upcoming handshake states: client_key_exchange[16]
upcoming handshake states: certificate_verify[15](optional)
upcoming handshake states: client change_cipher_spec[-1]
upcoming handshake states: client finished[20]
upcoming handshake states: server change_cipher_spec[-1]
upcoming handshake states: server finished[20]
*** ServerHelloDone
update handshake state: server_hello_done[14]
upcoming handshake states: client certificate[11](optional)
upcoming handshake states: client_key_exchange[16]
upcoming handshake states: certificate_verify[15](optional)
upcoming handshake states: client change_cipher_spec[-1]
upcoming handshake states: client finished[20]
upcoming handshake states: server change_cipher_spec[-1]
upcoming handshake states: server finished[20]
nioEventLoopGroup-8-10, WRITE: TLSv1.2 Handshake, length = 1478
nioEventLoopGroup-9-1, READ: TLSv1.2 Handshake, length = 1478
check handshake state: server_hello[2]
*** ServerHello, TLSv1.2
RandomCookie:  GMT: 1576028796 bytes = { 188, 119, 52, 138, 197, 63, 146, 228, 53, 147, 241, 107, 122, 77, 206, 238, 219, 109, 214, 225, 15, 226, 42, 26, 249, 168, 53, 83 }
Session ID:  {94, 240, 74, 124, 100, 201, 89, 181, 121, 18, 16, 225, 6, 113, 73, 77, 42, 110, 175, 136, 60, 232, 134, 241, 174, 37, 241, 137, 233, 244, 234, 23}
Cipher Suite: TLS_ECDHE_RSA_WITH_AES_256_CBC_SHA384
Compression Method: 0
Extension renegotiation_info, renegotiated_connection: <empty>
Extension extended_master_secret
***
%% Initialized:  [Session-127, TLS_ECDHE_RSA_WITH_AES_256_CBC_SHA384]
** TLS_ECDHE_RSA_WITH_AES_256_CBC_SHA384
update handshake state: server_hello[2]
upcoming handshake states: server certificate[11]
upcoming handshake states: server_key_exchange[12](optional)
upcoming handshake states: certificate_request[13](optional)
upcoming handshake states: server_hello_done[14]
upcoming handshake states: client certificate[11](optional)
upcoming handshake states: client_key_exchange[16]
upcoming handshake states: certificate_verify[15](optional)
upcoming handshake states: client change_cipher_spec[-1]
upcoming handshake states: client finished[20]
upcoming handshake states: server change_cipher_spec[-1]
upcoming handshake states: server finished[20]
check handshake state: certificate[11]
update handshake state: certificate[11]
upcoming handshake states: server_key_exchange[12](optional)
upcoming handshake states: certificate_request[13](optional)
upcoming handshake states: server_hello_done[14]
upcoming handshake states: client certificate[11](optional)
upcoming handshake states: client_key_exchange[16]
upcoming handshake states: certificate_verify[15](optional)
upcoming handshake states: client change_cipher_spec[-1]
upcoming handshake states: client finished[20]
upcoming handshake states: server change_cipher_spec[-1]
upcoming handshake states: server finished[20]
*** Certificate chain
chain [0] = [
[
  Version: V3
  Subject: CN=localhost, OU=ZooKeeper, O=Apache, L=Unknown, ST=Unknown, C=Unknown
  Signature Algorithm: SHA256withRSA, OID = 1.2.840.113549.1.1.11

  Key:  Sun RSA public key, 2048 bits
  params: null
  modulus: 20466894428749997265095448870198652391311568515891366224735448896044144250313384062095901217219702596717622583159291680947094046474456586662132842412743846124470020097713679685492900855417800931365512472314155689881392853768001073664569106127795833231344696659209258027979401908711647617989508135190248980524852215540637603770017238536229773075995665111861820945008718990948857303373661769409475939971958531493423489844433566328219155461676589360491136984327342101195255797973694339642711115427623510874675394946293706606142706174397483349590050687482693164890194014220011640037490528845185364811025836034294701994387
  public exponent: 65537
  Validity: [From: Sat Jan 31 02:57:30 CST 2015,
               To: Wed Feb 08 02:57:30 CST 3015]
  Issuer: CN=localhost, OU=ZooKeeper, O=Apache, L=Unknown, ST=Unknown, C=Unknown
  SerialNumber: [    7334b506]

Certificate Extensions: 1
[1]: ObjectId: 2.5.29.14 Criticality=false
SubjectKeyIdentifier [
KeyIdentifier [
0000: 65 D7 B4 E0 27 45 7A 00   58 2F AD D5 0B 64 2D 77  e...'Ez.X/...d-w
0010: 88 F7 AA F5                                        ....
]
]

]
  Algorithm: [SHA256withRSA]
  Signature:
0000: 1B C8 6B 36 83 1D 28 37   5C 1F 7D F6 C6 84 A0 BF  ..k6..(7\.......
0010: CA C0 47 CF C5 34 70 7A   CF 6B EA 34 84 BE 08 7A  ..G..4pz.k.4...z
0020: 98 E6 3D ED 1D E2 6F 06   DB 23 AB 41 AD D5 DF 1D  ..=...o..#.A....
0030: 92 F4 9D 05 FD 7C EE BE   4A 87 B8 F1 FE F4 5B 79  ........J.....[y
0040: DC AD F7 44 3D 67 08 7A   3B 91 D7 5A 79 44 96 D7  ...D=g.z;..ZyD..
0050: BE 0E 41 C8 64 E3 87 C3   28 11 AB DC 36 F5 B0 AC  ..A.d...(...6...
0060: BD 2F 16 1D 6E A1 52 25   5A EC 6F AD 20 71 5A 1B  ./..n.R%Z.o. qZ.
0070: 66 D4 0D A6 49 B7 75 43   C4 84 0B 4B AC BD 16 76  f...I.uC...K...v
0080: 58 2B 07 85 E2 F1 44 15   1E 67 D1 3C 13 73 5A 2D  X+....D..g.<.sZ-
0090: D6 06 0B A1 D3 09 7E EF   88 F9 C3 0E A4 10 47 EA  ..............G.
00A0: 65 5D CD F0 39 EA 2F 59   1C 08 BC F9 CC 5B C9 BB  e]..9./Y.....[..
00B0: 2F 20 19 81 97 B5 21 BB   60 A4 39 08 6C 41 2A 51  / ....!.`.9.lA*Q
00C0: B1 C3 1A A3 8C F8 ED 67   D0 EE EC 52 01 2A E4 1E  .......g...R.*..
00D0: D2 B4 34 73 DC 7E 34 24   A9 4E 77 AD FD B3 77 0D  ..4s..4$.Nw...w.
00E0: C2 7A C0 65 F6 CC 11 9D   19 AA 59 13 C3 9D AD 5F  .z.e......Y...._
00F0: 61 E6 C2 18 F0 E5 A1 49   41 B5 EF 9E 91 0C 35 9C  a......IA.....5.

]
***
Found trusted certificate:
[
[
  Version: V3
  Subject: CN=localhost, OU=ZooKeeper, O=Apache, L=Unknown, ST=Unknown, C=Unknown
  Signature Algorithm: SHA256withRSA, OID = 1.2.840.113549.1.1.11

  Key:  Sun RSA public key, 2048 bits
  params: null
  modulus: 20466894428749997265095448870198652391311568515891366224735448896044144250313384062095901217219702596717622583159291680947094046474456586662132842412743846124470020097713679685492900855417800931365512472314155689881392853768001073664569106127795833231344696659209258027979401908711647617989508135190248980524852215540637603770017238536229773075995665111861820945008718990948857303373661769409475939971958531493423489844433566328219155461676589360491136984327342101195255797973694339642711115427623510874675394946293706606142706174397483349590050687482693164890194014220011640037490528845185364811025836034294701994387
  public exponent: 65537
  Validity: [From: Sat Jan 31 02:57:30 CST 2015,
               To: Wed Feb 08 02:57:30 CST 3015]
  Issuer: CN=localhost, OU=ZooKeeper, O=Apache, L=Unknown, ST=Unknown, C=Unknown
  SerialNumber: [    7334b506]

Certificate Extensions: 1
[1]: ObjectId: 2.5.29.14 Criticality=false
SubjectKeyIdentifier [
KeyIdentifier [
0000: 65 D7 B4 E0 27 45 7A 00   58 2F AD D5 0B 64 2D 77  e...'Ez.X/...d-w
0010: 88 F7 AA F5                                        ....
]
]

]
  Algorithm: [SHA256withRSA]
  Signature:
0000: 1B C8 6B 36 83 1D 28 37   5C 1F 7D F6 C6 84 A0 BF  ..k6..(7\.......
0010: CA C0 47 CF C5 34 70 7A   CF 6B EA 34 84 BE 08 7A  ..G..4pz.k.4...z
0020: 98 E6 3D ED 1D E2 6F 06   DB 23 AB 41 AD D5 DF 1D  ..=...o..#.A....
0030: 92 F4 9D 05 FD 7C EE BE   4A 87 B8 F1 FE F4 5B 79  ........J.....[y
0040: DC AD F7 44 3D 67 08 7A   3B 91 D7 5A 79 44 96 D7  ...D=g.z;..ZyD..
0050: BE 0E 41 C8 64 E3 87 C3   28 11 AB DC 36 F5 B0 AC  ..A.d...(...6...
0060: BD 2F 16 1D 6E A1 52 25   5A EC 6F AD 20 71 5A 1B  ./..n.R%Z.o. qZ.
0070: 66 D4 0D A6 49 B7 75 43   C4 84 0B 4B AC BD 16 76  f...I.uC...K...v
0080: 58 2B 07 85 E2 F1 44 15   1E 67 D1 3C 13 73 5A 2D  X+....D..g.<.sZ-
0090: D6 06 0B A1 D3 09 7E EF   88 F9 C3 0E A4 10 47 EA  ..............G.
00A0: 65 5D CD F0 39 EA 2F 59   1C 08 BC F9 CC 5B C9 BB  e]..9./Y.....[..
00B0: 2F 20 19 81 97 B5 21 BB   60 A4 39 08 6C 41 2A 51  / ....!.`.9.lA*Q
00C0: B1 C3 1A A3 8C F8 ED 67   D0 EE EC 52 01 2A E4 1E  .......g...R.*..
00D0: D2 B4 34 73 DC 7E 34 24   A9 4E 77 AD FD B3 77 0D  ..4s..4$.Nw...w.
00E0: C2 7A C0 65 F6 CC 11 9D   19 AA 59 13 C3 9D AD 5F  .z.e......Y...._
00F0: 61 E6 C2 18 F0 E5 A1 49   41 B5 EF 9E 91 0C 35 9C  a......IA.....5.

]
2020-06-22 14:06:52,332 [myid:127.0.0.1:30074] - ERROR [nioEventLoopGroup-9-1:ZKTrustManager@161] - Failed to verify host address: 127.0.0.1
javax.net.ssl.SSLPeerUnverifiedException: Certificate for <127.0.0.1> doesn't match common name of the certificate subject: localhost
	at org.apache.zookeeper.common.ZKHostnameVerifier.matchCN(ZKHostnameVerifier.java:238)
	at org.apache.zookeeper.common.ZKHostnameVerifier.verify(ZKHostnameVerifier.java:184)
	at org.apache.zookeeper.common.ZKTrustManager.performHostVerification(ZKTrustManager.java:151)
	at org.apache.zookeeper.common.ZKTrustManager.checkServerTrusted(ZKTrustManager.java:118)
	at sun.security.ssl.ClientHandshaker.serverCertificate(ClientHandshaker.java:1675)
	at sun.security.ssl.ClientHandshaker.processMessage(ClientHandshaker.java:226)
	at sun.security.ssl.Handshaker.processLoop(Handshaker.java:1082)
	at sun.security.ssl.Handshaker$1.run(Handshaker.java:1015)
	at sun.security.ssl.Handshaker$1.run(Handshaker.java:1012)
	at java.security.AccessController.doPrivileged(Native Method)
	at sun.security.ssl.Handshaker$DelegatedTask.run(Handshaker.java:1504)
	at io.netty.handler.ssl.SslHandler.runAllDelegatedTasks(SslHandler.java:1510)
	at io.netty.handler.ssl.SslHandler.runDelegatedTasks(SslHandler.java:1524)
	at io.netty.handler.ssl.SslHandler.unwrap(SslHandler.java:1408)
	at io.netty.handler.ssl.SslHandler.decodeJdkCompatible(SslHandler.java:1235)
	at io.netty.handler.ssl.SslHandler.decode(SslHandler.java:1282)
	at io.netty.handler.codec.ByteToMessageDecoder.decodeRemovalReentryProtection(ByteToMessageDecoder.java:498)
	at io.netty.handler.codec.ByteToMessageDecoder.callDecode(ByteToMessageDecoder.java:437)
	at io.netty.handler.codec.ByteToMessageDecoder.channelRead(ByteToMessageDecoder.java:276)
	at io.netty.channel.AbstractChannelHandlerContext.invokeChannelRead(AbstractChannelHandlerContext.java:379)
	at io.netty.channel.AbstractChannelHandlerContext.invokeChannelRead(AbstractChannelHandlerContext.java:365)
	at io.netty.channel.AbstractChannelHandlerContext.fireChannelRead(AbstractChannelHandlerContext.java:357)
	at io.netty.channel.DefaultChannelPipeline$HeadContext.channelRead(DefaultChannelPipeline.java:1410)
	at io.netty.channel.AbstractChannelHandlerContext.invokeChannelRead(AbstractChannelHandlerContext.java:379)
	at io.netty.channel.AbstractChannelHandlerContext.invokeChannelRead(AbstractChannelHandlerContext.java:365)
	at io.netty.channel.DefaultChannelPipeline.fireChannelRead(DefaultChannelPipeline.java:919)
	at io.netty.channel.nio.AbstractNioByteChannel$NioByteUnsafe.read(AbstractNioByteChannel.java:163)
	at io.netty.channel.nio.NioEventLoop.processSelectedKey(NioEventLoop.java:714)
	at io.netty.channel.nio.NioEventLoop.processSelectedKeysOptimized(NioEventLoop.java:650)
	at io.netty.channel.nio.NioEventLoop.processSelectedKeys(NioEventLoop.java:576)
	at io.netty.channel.nio.NioEventLoop.run(NioEventLoop.java:493)
	at io.netty.util.concurrent.SingleThreadEventExecutor$4.run(SingleThreadEventExecutor.java:989)
	at io.netty.util.internal.ThreadExecutorMap$2.run(ThreadExecutorMap.java:74)
	at io.netty.util.concurrent.FastThreadLocalRunnable.run(FastThreadLocalRunnable.java:30)
	at java.lang.Thread.run(Thread.java:748)
2020-06-22 14:06:52,332 [myid:127.0.0.1:30074] - ERROR [nioEventLoopGroup-9-1:ZKTrustManager@162] - Failed to verify hostname: activate.navicat.com
javax.net.ssl.SSLPeerUnverifiedException: Certificate for <activate.navicat.com> doesn't match common name of the certificate subject: localhost
	at org.apache.zookeeper.common.ZKHostnameVerifier.matchCN(ZKHostnameVerifier.java:238)
	at org.apache.zookeeper.common.ZKHostnameVerifier.verify(ZKHostnameVerifier.java:184)
	at org.apache.zookeeper.common.ZKTrustManager.performHostVerification(ZKTrustManager.java:159)
	at org.apache.zookeeper.common.ZKTrustManager.checkServerTrusted(ZKTrustManager.java:118)
	at sun.security.ssl.ClientHandshaker.serverCertificate(ClientHandshaker.java:1675)
	at sun.security.ssl.ClientHandshaker.processMessage(ClientHandshaker.java:226)
	at sun.security.ssl.Handshaker.processLoop(Handshaker.java:1082)
	at sun.security.ssl.Handshaker$1.run(Handshaker.java:1015)
	at sun.security.ssl.Handshaker$1.run(Handshaker.java:1012)
	at java.security.AccessController.doPrivileged(Native Method)
	at sun.security.ssl.Handshaker$DelegatedTask.run(Handshaker.java:1504)
	at io.netty.handler.ssl.SslHandler.runAllDelegatedTasks(SslHandler.java:1510)
	at io.netty.handler.ssl.SslHandler.runDelegatedTasks(SslHandler.java:1524)
	at io.netty.handler.ssl.SslHandler.unwrap(SslHandler.java:1408)
	at io.netty.handler.ssl.SslHandler.decodeJdkCompatible(SslHandler.java:1235)
	at io.netty.handler.ssl.SslHandler.decode(SslHandler.java:1282)
	at io.netty.handler.codec.ByteToMessageDecoder.decodeRemovalReentryProtection(ByteToMessageDecoder.java:498)
	at io.netty.handler.codec.ByteToMessageDecoder.callDecode(ByteToMessageDecoder.java:437)
	at io.netty.handler.codec.ByteToMessageDecoder.channelRead(ByteToMessageDecoder.java:276)
	at io.netty.channel.AbstractChannelHandlerContext.invokeChannelRead(AbstractChannelHandlerContext.java:379)
	at io.netty.channel.AbstractChannelHandlerContext.invokeChannelRead(AbstractChannelHandlerContext.java:365)
	at io.netty.channel.AbstractChannelHandlerContext.fireChannelRead(AbstractChannelHandlerContext.java:357)
	at io.netty.channel.DefaultChannelPipeline$HeadContext.channelRead(DefaultChannelPipeline.java:1410)
	at io.netty.channel.AbstractChannelHandlerContext.invokeChannelRead(AbstractChannelHandlerContext.java:379)
	at io.netty.channel.AbstractChannelHandlerContext.invokeChannelRead(AbstractChannelHandlerContext.java:365)
	at io.netty.channel.DefaultChannelPipeline.fireChannelRead(DefaultChannelPipeline.java:919)
	at io.netty.channel.nio.AbstractNioByteChannel$NioByteUnsafe.read(AbstractNioByteChannel.java:163)
	at io.netty.channel.nio.NioEventLoop.processSelectedKey(NioEventLoop.java:714)
	at io.netty.channel.nio.NioEventLoop.processSelectedKeysOptimized(NioEventLoop.java:650)
	at io.netty.channel.nio.NioEventLoop.processSelectedKeys(NioEventLoop.java:576)
	at io.netty.channel.nio.NioEventLoop.run(NioEventLoop.java:493)
	at io.netty.util.concurrent.SingleThreadEventExecutor$4.run(SingleThreadEventExecutor.java:989)
	at io.netty.util.internal.ThreadExecutorMap$2.run(ThreadExecutorMap.java:74)
	at io.netty.util.concurrent.FastThreadLocalRunnable.run(FastThreadLocalRunnable.java:30)
	at java.lang.Thread.run(Thread.java:748)
nioEventLoopGroup-9-1, fatal error: 46: General SSLEngine problem
java.security.cert.CertificateException: Failed to verify both host address and host name
%% Invalidated:  [Session-124, SSL_NULL_WITH_NULL_NULL]
%% Invalidated:  [Session-127, TLS_ECDHE_RSA_WITH_AES_256_CBC_SHA384]
nioEventLoopGroup-9-1, SEND TLSv1.2 ALERT:  fatal, description = certificate_unknown
nioEventLoopGroup-9-1, WRITE: TLSv1.2 Alert, length = 2
nioEventLoopGroup-9-1, fatal: engine already closed.  Rethrowing javax.net.ssl.SSLHandshakeException: General SSLEngine problem
nioEventLoopGroup-9-1, called closeOutbound()
nioEventLoopGroup-9-1, closeOutboundInternal()
nioEventLoopGroup-9-1, called closeInbound()
nioEventLoopGroup-9-1, fatal: engine already closed.  Rethrowing javax.net.ssl.SSLException: Inbound closed before receiving peer's close_notify: possible truncation attack?
nioEventLoopGroup-8-10, READ: TLSv1.2 Alert, length = 2
nioEventLoopGroup-8-10, RECV TLSv1.2 ALERT:  fatal, certificate_unknown
nioEventLoopGroup-8-10, fatal: engine already closed.  Rethrowing javax.net.ssl.SSLException: Received fatal alert: certificate_unknown
nioEventLoopGroup-8-10, fatal: engine already closed.  Rethrowing javax.net.ssl.SSLException: Received fatal alert: certificate_unknown
2020-06-22 14:06:52,333 [myid:] - ERROR [nioEventLoopGroup-8-10:NettyServerCnxnFactory$CertificateVerifier@434] - Unsuccessful handshake with session 0x0
nioEventLoopGroup-8-10, called closeOutbound()
nioEventLoopGroup-8-10, closeOutboundInternal()
nioEventLoopGroup-8-10, SEND TLSv1.2 ALERT:  warning, description = close_notify
nioEventLoopGroup-8-10, WRITE: TLSv1.2 Alert, length = 2
nioEventLoopGroup-8-10, called closeInbound()
nioEventLoopGroup-8-10, fatal: engine already closed.  Rethrowing javax.net.ssl.SSLException: Inbound closed before receiving peer's close_notify: possible truncation attack?
2020-06-22 14:06:52,333 [myid:127.0.0.1:30074] - ERROR [nioEventLoopGroup-9-1:ClientCnxnSocketNetty$ZKClientHandler@522] - Unexpected throwable
io.netty.handler.codec.DecoderException: javax.net.ssl.SSLHandshakeException: General SSLEngine problem
	at io.netty.handler.codec.ByteToMessageDecoder.callDecode(ByteToMessageDecoder.java:468)
	at io.netty.handler.codec.ByteToMessageDecoder.channelRead(ByteToMessageDecoder.java:276)
	at io.netty.channel.AbstractChannelHandlerContext.invokeChannelRead(AbstractChannelHandlerContext.java:379)
	at io.netty.channel.AbstractChannelHandlerContext.invokeChannelRead(AbstractChannelHandlerContext.java:365)
	at io.netty.channel.AbstractChannelHandlerContext.fireChannelRead(AbstractChannelHandlerContext.java:357)
	at io.netty.channel.DefaultChannelPipeline$HeadContext.channelRead(DefaultChannelPipeline.java:1410)
	at io.netty.channel.AbstractChannelHandlerContext.invokeChannelRead(AbstractChannelHandlerContext.java:379)
	at io.netty.channel.AbstractChannelHandlerContext.invokeChannelRead(AbstractChannelHandlerContext.java:365)
	at io.netty.channel.DefaultChannelPipeline.fireChannelRead(DefaultChannelPipeline.java:919)
	at io.netty.channel.nio.AbstractNioByteChannel$NioByteUnsafe.read(AbstractNioByteChannel.java:163)
	at io.netty.channel.nio.NioEventLoop.processSelectedKey(NioEventLoop.java:714)
	at io.netty.channel.nio.NioEventLoop.processSelectedKeysOptimized(NioEventLoop.java:650)
	at io.netty.channel.nio.NioEventLoop.processSelectedKeys(NioEventLoop.java:576)
	at io.netty.channel.nio.NioEventLoop.run(NioEventLoop.java:493)
	at io.netty.util.concurrent.SingleThreadEventExecutor$4.run(SingleThreadEventExecutor.java:989)
	at io.netty.util.internal.ThreadExecutorMap$2.run(ThreadExecutorMap.java:74)
	at io.netty.util.concurrent.FastThreadLocalRunnable.run(FastThreadLocalRunnable.java:30)
	at java.lang.Thread.run(Thread.java:748)
Caused by: javax.net.ssl.SSLHandshakeException: General SSLEngine problem
	at sun.security.ssl.Handshaker.checkThrown(Handshaker.java:1566)
	at sun.security.ssl.SSLEngineImpl.checkTaskThrown(SSLEngineImpl.java:545)
	at sun.security.ssl.SSLEngineImpl.readNetRecord(SSLEngineImpl.java:819)
	at sun.security.ssl.SSLEngineImpl.unwrap(SSLEngineImpl.java:783)
	at javax.net.ssl.SSLEngine.unwrap(SSLEngine.java:626)
	at io.netty.handler.ssl.SslHandler$SslEngineType$3.unwrap(SslHandler.java:281)
	at io.netty.handler.ssl.SslHandler.unwrap(SslHandler.java:1340)
	at io.netty.handler.ssl.SslHandler.decodeJdkCompatible(SslHandler.java:1235)
	at io.netty.handler.ssl.SslHandler.decode(SslHandler.java:1282)
	at io.netty.handler.codec.ByteToMessageDecoder.decodeRemovalReentryProtection(ByteToMessageDecoder.java:498)
	at io.netty.handler.codec.ByteToMessageDecoder.callDecode(ByteToMessageDecoder.java:437)
	... 17 more
Caused by: javax.net.ssl.SSLHandshakeException: General SSLEngine problem
	at sun.security.ssl.Alerts.getSSLException(Alerts.java:198)
	at sun.security.ssl.SSLEngineImpl.fatal(SSLEngineImpl.java:1729)
	at sun.security.ssl.Handshaker.fatalSE(Handshaker.java:333)
	at sun.security.ssl.Handshaker.fatalSE(Handshaker.java:325)
	at sun.security.ssl.ClientHandshaker.serverCertificate(ClientHandshaker.java:1688)
	at sun.security.ssl.ClientHandshaker.processMessage(ClientHandshaker.java:226)
	at sun.security.ssl.Handshaker.processLoop(Handshaker.java:1082)
	at sun.security.ssl.Handshaker$1.run(Handshaker.java:1015)
	at sun.security.ssl.Handshaker$1.run(Handshaker.java:1012)
	at java.security.AccessController.doPrivileged(Native Method)
	at sun.security.ssl.Handshaker$DelegatedTask.run(Handshaker.java:1504)
	at io.netty.handler.ssl.SslHandler.runAllDelegatedTasks(SslHandler.java:1510)
	at io.netty.handler.ssl.SslHandler.runDelegatedTasks(SslHandler.java:1524)
	at io.netty.handler.ssl.SslHandler.unwrap(SslHandler.java:1408)
	... 21 more
Caused by: java.security.cert.CertificateException: Failed to verify both host address and host name
	at org.apache.zookeeper.common.ZKTrustManager.performHostVerification(ZKTrustManager.java:163)
	at org.apache.zookeeper.common.ZKTrustManager.checkServerTrusted(ZKTrustManager.java:118)
	at sun.security.ssl.ClientHandshaker.serverCertificate(ClientHandshaker.java:1675)
	... 30 more
Caused by: javax.net.ssl.SSLPeerUnverifiedException: Certificate for <activate.navicat.com> doesn't match common name of the certificate subject: localhost
	at org.apache.zookeeper.common.ZKHostnameVerifier.matchCN(ZKHostnameVerifier.java:238)
	at org.apache.zookeeper.common.ZKHostnameVerifier.verify(ZKHostnameVerifier.java:184)
	at org.apache.zookeeper.common.ZKTrustManager.performHostVerification(ZKTrustManager.java:159)
	... 32 more
2020-06-22 14:06:52,334 [myid:] - WARN  [nioEventLoopGroup-8-10:NettyServerCnxnFactory$CnxnChannelHandler@273] - Exception caught
io.netty.handler.codec.DecoderException: javax.net.ssl.SSLException: Received fatal alert: certificate_unknown
	at io.netty.handler.codec.ByteToMessageDecoder.callDecode(ByteToMessageDecoder.java:468)
	at io.netty.handler.codec.ByteToMessageDecoder.channelRead(ByteToMessageDecoder.java:276)
	at io.netty.channel.AbstractChannelHandlerContext.invokeChannelRead(AbstractChannelHandlerContext.java:379)
	at io.netty.channel.AbstractChannelHandlerContext.invokeChannelRead(AbstractChannelHandlerContext.java:365)
	at io.netty.channel.AbstractChannelHandlerContext.fireChannelRead(AbstractChannelHandlerContext.java:357)
	at io.netty.channel.DefaultChannelPipeline$HeadContext.channelRead(DefaultChannelPipeline.java:1410)
	at io.netty.channel.AbstractChannelHandlerContext.invokeChannelRead(AbstractChannelHandlerContext.java:379)
	at io.netty.channel.AbstractChannelHandlerContext.invokeChannelRead(AbstractChannelHandlerContext.java:365)
	at io.netty.channel.DefaultChannelPipeline.fireChannelRead(DefaultChannelPipeline.java:919)
	at io.netty.channel.nio.AbstractNioByteChannel$NioByteUnsafe.read(AbstractNioByteChannel.java:163)
	at io.netty.channel.nio.NioEventLoop.processSelectedKey(NioEventLoop.java:714)
	at io.netty.channel.nio.NioEventLoop.processSelectedKeysOptimized(NioEventLoop.java:650)
	at io.netty.channel.nio.NioEventLoop.processSelectedKeys(NioEventLoop.java:576)
	at io.netty.channel.nio.NioEventLoop.run(NioEventLoop.java:493)
	at io.netty.util.concurrent.SingleThreadEventExecutor$4.run(SingleThreadEventExecutor.java:989)
	at io.netty.util.internal.ThreadExecutorMap$2.run(ThreadExecutorMap.java:74)
	at io.netty.util.concurrent.FastThreadLocalRunnable.run(FastThreadLocalRunnable.java:30)
	at java.lang.Thread.run(Thread.java:748)
Caused by: javax.net.ssl.SSLException: Received fatal alert: certificate_unknown
	at sun.security.ssl.Alerts.getSSLException(Alerts.java:214)
	at sun.security.ssl.SSLEngineImpl.fatal(SSLEngineImpl.java:1667)
	at sun.security.ssl.SSLEngineImpl.fatal(SSLEngineImpl.java:1635)
	at sun.security.ssl.SSLEngineImpl.recvAlert(SSLEngineImpl.java:1801)
	at sun.security.ssl.SSLEngineImpl.readRecord(SSLEngineImpl.java:1090)
	at sun.security.ssl.SSLEngineImpl.readNetRecord(SSLEngineImpl.java:913)
	at sun.security.ssl.SSLEngineImpl.unwrap(SSLEngineImpl.java:783)
	at javax.net.ssl.SSLEngine.unwrap(SSLEngine.java:626)
	at io.netty.handler.ssl.SslHandler$SslEngineType$3.unwrap(SslHandler.java:281)
	at io.netty.handler.ssl.SslHandler.unwrap(SslHandler.java:1340)
	at io.netty.handler.ssl.SslHandler.decodeJdkCompatible(SslHandler.java:1235)
	at io.netty.handler.ssl.SslHandler.decode(SslHandler.java:1282)
	at io.netty.handler.codec.ByteToMessageDecoder.decodeRemovalReentryProtection(ByteToMessageDecoder.java:498)
	at io.netty.handler.codec.ByteToMessageDecoder.callDecode(ByteToMessageDecoder.java:437)
	... 17 more
nioEventLoopGroup-8-10, called closeOutbound()
nioEventLoopGroup-8-10, closeOutboundInternal()
2020-06-22 14:06:52,334 [myid:127.0.0.1:30074] - INFO  [nioEventLoopGroup-9-1:ClientCnxnSocketNetty@249] - channel is told closing
nioEventLoopGroup-9-1, called closeOutbound()
nioEventLoopGroup-9-1, closeOutboundInternal()
nioEventLoopGroup-8-10, READ: TLSv1.2 Alert, length = 2
nioEventLoopGroup-8-10, RECV TLSv1.2 ALERT:  fatal, certificate_unknown
nioEventLoopGroup-8-10, fatal: engine already closed.  Rethrowing javax.net.ssl.SSLException: Received fatal alert: certificate_unknown
nioEventLoopGroup-8-10, fatal: engine already closed.  Rethrowing javax.net.ssl.SSLException: Received fatal alert: certificate_unknown
2020-06-22 14:06:52,334 [myid:127.0.0.1:30074] - WARN  [main-SendThread(127.0.0.1:30074):ClientCnxn$SendThread@1272] - Session 0x0 for sever activate.navicat.com/127.0.0.1:30074, Closing socket connection. Attempting reconnect except it is a SessionExpiredException.
EndOfStreamException: channel for sessionid 0x0 is lost
	at org.apache.zookeeper.ClientCnxnSocketNetty.doTransport(ClientCnxnSocketNetty.java:285)
	at org.apache.zookeeper.ClientCnxn$SendThread.run(ClientCnxn.java:1262)
nioEventLoopGroup-8-10, called closeOutbound()
nioEventLoopGroup-8-10, closeOutboundInternal()
nioEventLoopGroup-8-10, called closeInbound()
nioEventLoopGroup-8-10, closeInboundInternal()
nioEventLoopGroup-8-10, closeOutboundInternal()
2020-06-22 14:06:52,334 [myid:127.0.0.1:30074] - INFO  [nioEventLoopGroup-9-1:ClientCnxnSocketNetty$ZKClientHandler@469] - channel is disconnected: [id: 0xd0532080, L:/127.0.0.1:56260 ! R:activate.navicat.com/127.0.0.1:30074]
2020-06-22 14:06:52,334 [myid:] - WARN  [nioEventLoopGroup-8-10:NettyServerCnxnFactory$CnxnChannelHandler@273] - Exception caught
io.netty.handler.codec.DecoderException: javax.net.ssl.SSLException: Received fatal alert: certificate_unknown
	at io.netty.handler.codec.ByteToMessageDecoder.callDecode(ByteToMessageDecoder.java:468)
	at io.netty.handler.codec.ByteToMessageDecoder.channelInputClosed(ByteToMessageDecoder.java:401)
	at io.netty.handler.codec.ByteToMessageDecoder.channelInputClosed(ByteToMessageDecoder.java:368)
	at io.netty.handler.codec.ByteToMessageDecoder.channelInactive(ByteToMessageDecoder.java:351)
	at io.netty.handler.ssl.SslHandler.channelInactive(SslHandler.java:1084)
	at io.netty.channel.AbstractChannelHandlerContext.invokeChannelInactive(AbstractChannelHandlerContext.java:262)
	at io.netty.channel.AbstractChannelHandlerContext.invokeChannelInactive(AbstractChannelHandlerContext.java:248)
	at io.netty.channel.AbstractChannelHandlerContext.fireChannelInactive(AbstractChannelHandlerContext.java:241)
	at io.netty.channel.DefaultChannelPipeline$HeadContext.channelInactive(DefaultChannelPipeline.java:1405)
	at io.netty.channel.AbstractChannelHandlerContext.invokeChannelInactive(AbstractChannelHandlerContext.java:262)
	at io.netty.channel.AbstractChannelHandlerContext.invokeChannelInactive(AbstractChannelHandlerContext.java:248)
	at io.netty.channel.DefaultChannelPipeline.fireChannelInactive(DefaultChannelPipeline.java:901)
	at io.netty.channel.AbstractChannel$AbstractUnsafe$8.run(AbstractChannel.java:818)
	at io.netty.util.concurrent.AbstractEventExecutor.safeExecute(AbstractEventExecutor.java:164)
	at io.netty.util.concurrent.SingleThreadEventExecutor.runAllTasks(SingleThreadEventExecutor.java:472)
	at io.netty.channel.nio.NioEventLoop.run(NioEventLoop.java:497)
	at io.netty.util.concurrent.SingleThreadEventExecutor$4.run(SingleThreadEventExecutor.java:989)
	at io.netty.util.internal.ThreadExecutorMap$2.run(ThreadExecutorMap.java:74)
	at io.netty.util.concurrent.FastThreadLocalRunnable.run(FastThreadLocalRunnable.java:30)
	at java.lang.Thread.run(Thread.java:748)
Caused by: javax.net.ssl.SSLException: Received fatal alert: certificate_unknown
	at sun.security.ssl.Alerts.getSSLException(Alerts.java:214)
	at sun.security.ssl.SSLEngineImpl.fatal(SSLEngineImpl.java:1667)
	at sun.security.ssl.SSLEngineImpl.fatal(SSLEngineImpl.java:1635)
	at sun.security.ssl.SSLEngineImpl.recvAlert(SSLEngineImpl.java:1801)
	at sun.security.ssl.SSLEngineImpl.readRecord(SSLEngineImpl.java:1090)
	at sun.security.ssl.SSLEngineImpl.readNetRecord(SSLEngineImpl.java:913)
	at sun.security.ssl.SSLEngineImpl.unwrap(SSLEngineImpl.java:783)
	at javax.net.ssl.SSLEngine.unwrap(SSLEngine.java:626)
	at io.netty.handler.ssl.SslHandler$SslEngineType$3.unwrap(SslHandler.java:281)
	at io.netty.handler.ssl.SslHandler.unwrap(SslHandler.java:1340)
	at io.netty.handler.ssl.SslHandler.decodeJdkCompatible(SslHandler.java:1235)
	at io.netty.handler.ssl.SslHandler.decode(SslHandler.java:1282)
	at io.netty.handler.codec.ByteToMessageDecoder.decodeRemovalReentryProtection(ByteToMessageDecoder.java:498)
	at io.netty.handler.codec.ByteToMessageDecoder.callDecode(ByteToMessageDecoder.java:437)
	... 19 more
2020-06-22 14:06:53,090 [myid:127.0.0.1:30073] - INFO  [main-SendThread(127.0.0.1:30073):ClientCnxn$SendThread@1154] - Opening socket connection to server activate.navicat.com/127.0.0.1:30073.
2020-06-22 14:06:53,090 [myid:127.0.0.1:30073] - INFO  [main-SendThread(127.0.0.1:30073):ClientCnxn$SendThread@1156] - SASL config status: Will not attempt to authenticate using SASL (unknown error)
adding as trusted cert:
  Subject: CN=localhost, OU=ZooKeeper, O=Apache, L=Unknown, ST=Unknown, C=Unknown
  Issuer:  CN=localhost, OU=ZooKeeper, O=Apache, L=Unknown, ST=Unknown, C=Unknown
  Algorithm: RSA; Serial number: 0x7334b506
  Valid from Sat Jan 31 02:57:30 CST 2015 until Wed Feb 08 02:57:30 CST 3015

trigger seeding of SecureRandom
done seeding SecureRandom
Using SSLEngineImpl.
%% Initialized:  [Session-128, SSL_NULL_WITH_NULL_NULL]
2020-06-22 14:06:53,091 [myid:127.0.0.1:30073] - INFO  [nioEventLoopGroup-5-1:ClientCnxnSocketNetty$ZKClientPipelineFactory@454] - SSL handler added for channel: [id: 0xdf75f579]
2020-06-22 14:06:54,236 [myid:127.0.0.1:30074] - INFO  [main-SendThread(127.0.0.1:30074):ClientCnxn$SendThread@1154] - Opening socket connection to server activate.navicat.com/127.0.0.1:30074.
2020-06-22 14:06:54,236 [myid:127.0.0.1:30074] - INFO  [main-SendThread(127.0.0.1:30074):ClientCnxn$SendThread@1156] - SASL config status: Will not attempt to authenticate using SASL (unknown error)
adding as trusted cert:
  Subject: CN=localhost, OU=ZooKeeper, O=Apache, L=Unknown, ST=Unknown, C=Unknown
  Issuer:  CN=localhost, OU=ZooKeeper, O=Apache, L=Unknown, ST=Unknown, C=Unknown
  Algorithm: RSA; Serial number: 0x7334b506
  Valid from Sat Jan 31 02:57:30 CST 2015 until Wed Feb 08 02:57:30 CST 3015

trigger seeding of SecureRandom
done seeding SecureRandom
Using SSLEngineImpl.
%% Initialized:  [Session-129, SSL_NULL_WITH_NULL_NULL]
2020-06-22 14:06:54,237 [myid:127.0.0.1:30074] - INFO  [nioEventLoopGroup-9-1:ClientCnxnSocketNetty$ZKClientPipelineFactory@454] - SSL handler added for channel: [id: 0x204f1967]
2020-06-22 14:06:54,238 [myid:127.0.0.1:30074] - INFO  [nioEventLoopGroup-9-1:ClientCnxn$SendThread@986] - Socket connection established, initiating session, client: /127.0.0.1:56360, server: activate.navicat.com/127.0.0.1:30074
2020-06-22 14:06:54,238 [myid:127.0.0.1:30074] - INFO  [nioEventLoopGroup-9-1:ClientCnxnSocketNetty$1@184] - channel is connected: [id: 0x204f1967, L:/127.0.0.1:56360 - R:activate.navicat.com/127.0.0.1:30074]
Allow unsafe renegotiation: false
Allow legacy hello messages: true
Is initial handshake: true
Is secure renegotiation: false
Ignoring unsupported cipher suite: TLS_ECDHE_ECDSA_WITH_AES_256_CBC_SHA384 for TLSv1
Ignoring unsupported cipher suite: TLS_ECDHE_RSA_WITH_AES_256_CBC_SHA384 for TLSv1
Ignoring unsupported cipher suite: TLS_RSA_WITH_AES_256_CBC_SHA256 for TLSv1
Ignoring unsupported cipher suite: TLS_ECDH_ECDSA_WITH_AES_256_CBC_SHA384 for TLSv1
Ignoring unsupported cipher suite: TLS_ECDH_RSA_WITH_AES_256_CBC_SHA384 for TLSv1
Ignoring unsupported cipher suite: TLS_DHE_RSA_WITH_AES_256_CBC_SHA256 for TLSv1
Ignoring unsupported cipher suite: TLS_DHE_DSS_WITH_AES_256_CBC_SHA256 for TLSv1
Ignoring unsupported cipher suite: TLS_ECDHE_ECDSA_WITH_AES_256_CBC_SHA384 for TLSv1.1
Ignoring unsupported cipher suite: TLS_ECDHE_RSA_WITH_AES_256_CBC_SHA384 for TLSv1.1
Ignoring unsupported cipher suite: TLS_RSA_WITH_AES_256_CBC_SHA256 for TLSv1.1
Ignoring unsupported cipher suite: TLS_ECDH_ECDSA_WITH_AES_256_CBC_SHA384 for TLSv1.1
Ignoring unsupported cipher suite: TLS_ECDH_RSA_WITH_AES_256_CBC_SHA384 for TLSv1.1
Ignoring unsupported cipher suite: TLS_DHE_RSA_WITH_AES_256_CBC_SHA256 for TLSv1.1
Ignoring unsupported cipher suite: TLS_DHE_DSS_WITH_AES_256_CBC_SHA256 for TLSv1.1
%% No cached client session
update handshake state: client_hello[1]
upcoming handshake states: server_hello[2]
*** ClientHello, TLSv1.2
RandomCookie:  trigger seeding of SecureRandom
GMT: 1576028798 bytes = { 166done seeding SecureRandom
, 243, 228, 81, 3, 44, 252, 243, Using SSLEngineImpl.
181, 177, 243, 76, 23, 146, 30, 36, 3, 122, 1, 246, 11, 6, 126, 240, 21, %% Initialized:  [Session-130, SSL_NULL_WITH_NULL_NULL]
255, 61, 246 }
Session ID:  {}
Cipher Suites: [TLS_ECDHE_ECDSA_WITH_AES_256_CBC_SHA384, TLS_ECDHE_RSA_WITH_AES_256_CBC_SHA384, TLS_RSA_WITH_AES_256_CBC_SHA256, TLS_ECDH_ECDSA_WITH_AES_256_CBC_SHA384, TLS_ECDH_RSA_WITH_AES_256_CBC_SHA384, TLS_DHE_RSA_WITH_AES_256_CBC_SHA256, TLS_DHE_DSS_WITH_AES_256_CBC_SHA256, TLS_ECDHE_ECDSA_WITH_AES_256_CBC_SHA, TLS_ECDHE_RSA_WITH_AES_256_CBC_SHA, TLS_RSA_WITH_AES_256_CBC_SHA, TLS_ECDH_ECDSA_WITH_AES_256_CBC_SHA, TLS_ECDH_RSA_WITH_AES_256_CBC_SHA, TLS_DHE_RSA_WITH_AES_256_CBC_SHA, TLS_DHE_DSS_WITH_AES_256_CBC_SHA, TLS_ECDHE_ECDSA_WITH_AES_128_CBC_SHA256, TLS_ECDHE_RSA_WITH_AES_128_CBC_SHA256, TLS_RSA_WITH_AES_128_CBC_SHA256, TLS_ECDH_ECDSA_WITH_AES_128_CBC_SHA256, TLS_ECDH_RSA_WITH_AES_128_CBC_SHA256, TLS_DHE_RSA_WITH_AES_128_CBC_SHA256, TLS_DHE_DSS_WITH_AES_128_CBC_SHA256, TLS_ECDHE_ECDSA_WITH_AES_128_CBC_SHA, TLS_ECDHE_RSA_WITH_AES_128_CBC_SHA, TLS_RSA_WITH_AES_128_CBC_SHA, TLS_ECDH_ECDSA_WITH_AES_128_CBC_SHA, TLS_ECDH_RSA_WITH_AES_128_CBC_SHA, TLS_DHE_RSA_WITH_AES_128_CBC_SHA, TLS_DHE_DSS_WITH_AES_128_CBC_SHA, TLS_ECDHE_ECDSA_WITH_AES_256_GCM_SHA384, TLS_ECDHE_ECDSA_WITH_AES_128_GCM_SHA256, TLS_ECDHE_RSA_WITH_AES_256_GCM_SHA384, TLS_RSA_WITH_AES_256_GCM_SHA384, TLS_ECDH_ECDSA_WITH_AES_256_GCM_SHA384, TLS_ECDH_RSA_WITH_AES_256_GCM_SHA384, TLS_DHE_RSA_WITH_AES_256_GCM_SHA384, TLS_DHE_DSS_WITH_AES_256_GCM_SHA384, TLS_ECDHE_RSA_WITH_AES_128_GCM_SHA256, TLS_RSA_WITH_AES_128_GCM_SHA256, TLS_ECDH_ECDSA_WITH_AES_128_GCM_SHA256, TLS_ECDH_RSA_WITH_AES_128_GCM_SHA256, TLS_DHE_RSA_WITH_AES_128_GCM_SHA256, TLS_DHE_DSS_WITH_AES_128_GCM_SHA256, TLS_EMPTY_RENEGOTIATION_INFO_SCSV]
Compression Methods:  { 0 }
Extension elliptic_curves, curve names: {secp256r1, secp384r1, secp521r1}
Extension ec_point_formats, formats: [uncompressed]
Extension signature_algorithms, signature_algorithms: SHA512withECDSA, SHA512withRSA, SHA384withECDSA, SHA384withRSA, SHA256withECDSA, SHA256withRSA, SHA256withDSA, SHA1withECDSA, SHA1withRSA, SHA1withDSA
Extension extended_master_secret
Extension server_name, server_name: [type=host_name (0), value=activate.navicat.com]
***
nioEventLoopGroup-9-1, WRITE: TLSv1.2 Handshake, length = 208
Allow unsafe renegotiation: false
Allow legacy hello messages: true
Is initial handshake: true
Is secure renegotiation: false
nioEventLoopGroup-8-11, READ: TLSv1.2 Handshake, length = 208
check handshake state: client_hello[1]
update handshake state: client_hello[1]
upcoming handshake states: server_hello[2]
*** ClientHello, TLSv1.2
RandomCookie:  GMT: 1576028798 bytes = { 166, 243, 228, 81, 3, 44, 252, 243, 181, 177, 243, 76, 23, 146, 30, 36, 3, 122, 1, 246, 11, 6, 126, 240, 21, 255, 61, 246 }
Session ID:  {}
Cipher Suites: [TLS_ECDHE_ECDSA_WITH_AES_256_CBC_SHA384, TLS_ECDHE_RSA_WITH_AES_256_CBC_SHA384, TLS_RSA_WITH_AES_256_CBC_SHA256, TLS_ECDH_ECDSA_WITH_AES_256_CBC_SHA384, TLS_ECDH_RSA_WITH_AES_256_CBC_SHA384, TLS_DHE_RSA_WITH_AES_256_CBC_SHA256, TLS_DHE_DSS_WITH_AES_256_CBC_SHA256, TLS_ECDHE_ECDSA_WITH_AES_256_CBC_SHA, TLS_ECDHE_RSA_WITH_AES_256_CBC_SHA, TLS_RSA_WITH_AES_256_CBC_SHA, TLS_ECDH_ECDSA_WITH_AES_256_CBC_SHA, TLS_ECDH_RSA_WITH_AES_256_CBC_SHA, TLS_DHE_RSA_WITH_AES_256_CBC_SHA, TLS_DHE_DSS_WITH_AES_256_CBC_SHA, TLS_ECDHE_ECDSA_WITH_AES_128_CBC_SHA256, TLS_ECDHE_RSA_WITH_AES_128_CBC_SHA256, TLS_RSA_WITH_AES_128_CBC_SHA256, TLS_ECDH_ECDSA_WITH_AES_128_CBC_SHA256, TLS_ECDH_RSA_WITH_AES_128_CBC_SHA256, TLS_DHE_RSA_WITH_AES_128_CBC_SHA256, TLS_DHE_DSS_WITH_AES_128_CBC_SHA256, TLS_ECDHE_ECDSA_WITH_AES_128_CBC_SHA, TLS_ECDHE_RSA_WITH_AES_128_CBC_SHA, TLS_RSA_WITH_AES_128_CBC_SHA, TLS_ECDH_ECDSA_WITH_AES_128_CBC_SHA, TLS_ECDH_RSA_WITH_AES_128_CBC_SHA, TLS_DHE_RSA_WITH_AES_128_CBC_SHA, TLS_DHE_DSS_WITH_AES_128_CBC_SHA, TLS_ECDHE_ECDSA_WITH_AES_256_GCM_SHA384, TLS_ECDHE_ECDSA_WITH_AES_128_GCM_SHA256, TLS_ECDHE_RSA_WITH_AES_256_GCM_SHA384, TLS_RSA_WITH_AES_256_GCM_SHA384, TLS_ECDH_ECDSA_WITH_AES_256_GCM_SHA384, TLS_ECDH_RSA_WITH_AES_256_GCM_SHA384, TLS_DHE_RSA_WITH_AES_256_GCM_SHA384, TLS_DHE_DSS_WITH_AES_256_GCM_SHA384, TLS_ECDHE_RSA_WITH_AES_128_GCM_SHA256, TLS_RSA_WITH_AES_128_GCM_SHA256, TLS_ECDH_ECDSA_WITH_AES_128_GCM_SHA256, TLS_ECDH_RSA_WITH_AES_128_GCM_SHA256, TLS_DHE_RSA_WITH_AES_128_GCM_SHA256, TLS_DHE_DSS_WITH_AES_128_GCM_SHA256, TLS_EMPTY_RENEGOTIATION_INFO_SCSV]
Compression Methods:  { 0 }
Extension elliptic_curves, curve names: {secp256r1, secp384r1, secp521r1}
Extension ec_point_formats, formats: [uncompressed]
Extension signature_algorithms, signature_algorithms: SHA512withECDSA, SHA512withRSA, SHA384withECDSA, SHA384withRSA, SHA256withECDSA, SHA256withRSA, SHA256withDSA, SHA1withECDSA, SHA1withRSA, SHA1withDSA
Extension extended_master_secret
Extension server_name, server_name: [type=host_name (0), value=activate.navicat.com]
***
%% Initialized:  [Session-131, SSL_NULL_WITH_NULL_NULL]
Standard ciphersuite chosen: TLS_ECDHE_RSA_WITH_AES_256_CBC_SHA384
%% Negotiating:  [Session-131, TLS_ECDHE_RSA_WITH_AES_256_CBC_SHA384]
*** ServerHello, TLSv1.2
RandomCookie:  GMT: 1576028798 bytes = { 80, 143, 211, 202, 56, 122, 255, 112, 150, 154, 167, 223, 23, 86, 159, 153, 19, 255, 152, 13, 171, 224, 230, 41, 173, 50, 117, 228 }
Session ID:  {94, 240, 74, 126, 52, 38, 6, 149, 229, 240, 20, 84, 147, 153, 212, 189, 174, 36, 102, 8, 188, 164, 52, 242, 183, 113, 148, 46, 136, 58, 223, 42}
Cipher Suite: TLS_ECDHE_RSA_WITH_AES_256_CBC_SHA384
Compression Method: 0
Extension renegotiation_info, renegotiated_connection: <empty>
Extension extended_master_secret
***
Cipher suite:  TLS_ECDHE_RSA_WITH_AES_256_CBC_SHA384
update handshake state: server_hello[2]
upcoming handshake states: server certificate[11]
upcoming handshake states: server_key_exchange[12](optional)
upcoming handshake states: certificate_request[13](optional)
upcoming handshake states: server_hello_done[14]
upcoming handshake states: client certificate[11](optional)
upcoming handshake states: client_key_exchange[16]
upcoming handshake states: certificate_verify[15](optional)
upcoming handshake states: client change_cipher_spec[-1]
upcoming handshake states: client finished[20]
upcoming handshake states: server change_cipher_spec[-1]
upcoming handshake states: server finished[20]
*** Certificate chain
chain [0] = [
[
  Version: V3
  Subject: CN=localhost, OU=ZooKeeper, O=Apache, L=Unknown, ST=Unknown, C=Unknown
  Signature Algorithm: SHA256withRSA, OID = 1.2.840.113549.1.1.11

  Key:  Sun RSA public key, 2048 bits
  params: null
  modulus: 20466894428749997265095448870198652391311568515891366224735448896044144250313384062095901217219702596717622583159291680947094046474456586662132842412743846124470020097713679685492900855417800931365512472314155689881392853768001073664569106127795833231344696659209258027979401908711647617989508135190248980524852215540637603770017238536229773075995665111861820945008718990948857303373661769409475939971958531493423489844433566328219155461676589360491136984327342101195255797973694339642711115427623510874675394946293706606142706174397483349590050687482693164890194014220011640037490528845185364811025836034294701994387
  public exponent: 65537
  Validity: [From: Sat Jan 31 02:57:30 CST 2015,
               To: Wed Feb 08 02:57:30 CST 3015]
  Issuer: CN=localhost, OU=ZooKeeper, O=Apache, L=Unknown, ST=Unknown, C=Unknown
  SerialNumber: [    7334b506]

Certificate Extensions: 1
[1]: ObjectId: 2.5.29.14 Criticality=false
SubjectKeyIdentifier [
KeyIdentifier [
0000: 65 D7 B4 E0 27 45 7A 00   58 2F AD D5 0B 64 2D 77  e...'Ez.X/...d-w
0010: 88 F7 AA F5                                        ....
]
]

]
  Algorithm: [SHA256withRSA]
  Signature:
0000: 1B C8 6B 36 83 1D 28 37   5C 1F 7D F6 C6 84 A0 BF  ..k6..(7\.......
0010: CA C0 47 CF C5 34 70 7A   CF 6B EA 34 84 BE 08 7A  ..G..4pz.k.4...z
0020: 98 E6 3D ED 1D E2 6F 06   DB 23 AB 41 AD D5 DF 1D  ..=...o..#.A....
0030: 92 F4 9D 05 FD 7C EE BE   4A 87 B8 F1 FE F4 5B 79  ........J.....[y
0040: DC AD F7 44 3D 67 08 7A   3B 91 D7 5A 79 44 96 D7  ...D=g.z;..ZyD..
0050: BE 0E 41 C8 64 E3 87 C3   28 11 AB DC 36 F5 B0 AC  ..A.d...(...6...
0060: BD 2F 16 1D 6E A1 52 25   5A EC 6F AD 20 71 5A 1B  ./..n.R%Z.o. qZ.
0070: 66 D4 0D A6 49 B7 75 43   C4 84 0B 4B AC BD 16 76  f...I.uC...K...v
0080: 58 2B 07 85 E2 F1 44 15   1E 67 D1 3C 13 73 5A 2D  X+....D..g.<.sZ-
0090: D6 06 0B A1 D3 09 7E EF   88 F9 C3 0E A4 10 47 EA  ..............G.
00A0: 65 5D CD F0 39 EA 2F 59   1C 08 BC F9 CC 5B C9 BB  e]..9./Y.....[..
00B0: 2F 20 19 81 97 B5 21 BB   60 A4 39 08 6C 41 2A 51  / ....!.`.9.lA*Q
00C0: B1 C3 1A A3 8C F8 ED 67   D0 EE EC 52 01 2A E4 1E  .......g...R.*..
00D0: D2 B4 34 73 DC 7E 34 24   A9 4E 77 AD FD B3 77 0D  ..4s..4$.Nw...w.
00E0: C2 7A C0 65 F6 CC 11 9D   19 AA 59 13 C3 9D AD 5F  .z.e......Y...._
00F0: 61 E6 C2 18 F0 E5 A1 49   41 B5 EF 9E 91 0C 35 9C  a......IA.....5.

]
***
update handshake state: certificate[11]
upcoming handshake states: server_key_exchange[12](optional)
upcoming handshake states: certificate_request[13](optional)
upcoming handshake states: server_hello_done[14]
upcoming handshake states: client certificate[11](optional)
upcoming handshake states: client_key_exchange[16]
upcoming handshake states: certificate_verify[15](optional)
upcoming handshake states: client change_cipher_spec[-1]
upcoming handshake states: client finished[20]
upcoming handshake states: server change_cipher_spec[-1]
upcoming handshake states: server finished[20]
*** ECDH ServerKeyExchange
Signature Algorithm SHA512withRSA
Server key: Sun EC public key, 256 bits
  public x coord: 71492756218075171662784327057427207793310796650723521643364916902686094887615
  public y coord: 5326595138230301268371711750789259271580490036718687769024095495814616086462
  parameters: secp256r1 [NIST P-256, X9.62 prime256v1] (1.2.840.10045.3.1.7)
update handshake state: server_key_exchange[12]
upcoming handshake states: certificate_request[13](optional)
upcoming handshake states: server_hello_done[14]
upcoming handshake states: client certificate[11](optional)
upcoming handshake states: client_key_exchange[16]
upcoming handshake states: certificate_verify[15](optional)
upcoming handshake states: client change_cipher_spec[-1]
upcoming handshake states: client finished[20]
upcoming handshake states: server change_cipher_spec[-1]
upcoming handshake states: server finished[20]
*** CertificateRequest
Cert Types: RSA, DSS, ECDSA
Supported Signature Algorithms: SHA512withECDSA, SHA512withRSA, SHA384withECDSA, SHA384withRSA, SHA256withECDSA, SHA256withRSA, SHA256withDSA, SHA1withECDSA, SHA1withRSA, SHA1withDSA
Cert Authorities:
<CN=localhost, OU=ZooKeeper, O=Apache, L=Unknown, ST=Unknown, C=Unknown>
update handshake state: unknown[13]
upcoming handshake states: server_hello_done[14]
upcoming handshake states: client certificate[11](optional)
upcoming handshake states: client_key_exchange[16]
upcoming handshake states: certificate_verify[15](optional)
upcoming handshake states: client change_cipher_spec[-1]
upcoming handshake states: client finished[20]
upcoming handshake states: server change_cipher_spec[-1]
upcoming handshake states: server finished[20]
*** ServerHelloDone
update handshake state: server_hello_done[14]
upcoming handshake states: client certificate[11](optional)
upcoming handshake states: client_key_exchange[16]
upcoming handshake states: certificate_verify[15](optional)
upcoming handshake states: client change_cipher_spec[-1]
upcoming handshake states: client finished[20]
upcoming handshake states: server change_cipher_spec[-1]
upcoming handshake states: server finished[20]
nioEventLoopGroup-8-11, WRITE: TLSv1.2 Handshake, length = 1478
nioEventLoopGroup-9-1, READ: TLSv1.2 Handshake, length = 1478
check handshake state: server_hello[2]
*** ServerHello, TLSv1.2
RandomCookie:  GMT: 1576028798 bytes = { 80, 143, 211, 202, 56, 122, 255, 112, 150, 154, 167, 223, 23, 86, 159, 153, 19, 255, 152, 13, 171, 224, 230, 41, 173, 50, 117, 228 }
Session ID:  {94, 240, 74, 126, 52, 38, 6, 149, 229, 240, 20, 84, 147, 153, 212, 189, 174, 36, 102, 8, 188, 164, 52, 242, 183, 113, 148, 46, 136, 58, 223, 42}
Cipher Suite: TLS_ECDHE_RSA_WITH_AES_256_CBC_SHA384
Compression Method: 0
Extension renegotiation_info, renegotiated_connection: <empty>
Extension extended_master_secret
***
%% Initialized:  [Session-132, TLS_ECDHE_RSA_WITH_AES_256_CBC_SHA384]
** TLS_ECDHE_RSA_WITH_AES_256_CBC_SHA384
update handshake state: server_hello[2]
upcoming handshake states: server certificate[11]
upcoming handshake states: server_key_exchange[12](optional)
upcoming handshake states: certificate_request[13](optional)
upcoming handshake states: server_hello_done[14]
upcoming handshake states: client certificate[11](optional)
upcoming handshake states: client_key_exchange[16]
upcoming handshake states: certificate_verify[15](optional)
upcoming handshake states: client change_cipher_spec[-1]
upcoming handshake states: client finished[20]
upcoming handshake states: server change_cipher_spec[-1]
upcoming handshake states: server finished[20]
check handshake state: certificate[11]
update handshake state: certificate[11]
upcoming handshake states: server_key_exchange[12](optional)
upcoming handshake states: certificate_request[13](optional)
upcoming handshake states: server_hello_done[14]
upcoming handshake states: client certificate[11](optional)
upcoming handshake states: client_key_exchange[16]
upcoming handshake states: certificate_verify[15](optional)
upcoming handshake states: client change_cipher_spec[-1]
upcoming handshake states: client finished[20]
upcoming handshake states: server change_cipher_spec[-1]
upcoming handshake states: server finished[20]
*** Certificate chain
chain [0] = [
[
  Version: V3
  Subject: CN=localhost, OU=ZooKeeper, O=Apache, L=Unknown, ST=Unknown, C=Unknown
  Signature Algorithm: SHA256withRSA, OID = 1.2.840.113549.1.1.11

  Key:  Sun RSA public key, 2048 bits
  params: null
  modulus: 20466894428749997265095448870198652391311568515891366224735448896044144250313384062095901217219702596717622583159291680947094046474456586662132842412743846124470020097713679685492900855417800931365512472314155689881392853768001073664569106127795833231344696659209258027979401908711647617989508135190248980524852215540637603770017238536229773075995665111861820945008718990948857303373661769409475939971958531493423489844433566328219155461676589360491136984327342101195255797973694339642711115427623510874675394946293706606142706174397483349590050687482693164890194014220011640037490528845185364811025836034294701994387
  public exponent: 65537
  Validity: [From: Sat Jan 31 02:57:30 CST 2015,
               To: Wed Feb 08 02:57:30 CST 3015]
  Issuer: CN=localhost, OU=ZooKeeper, O=Apache, L=Unknown, ST=Unknown, C=Unknown
  SerialNumber: [    7334b506]

Certificate Extensions: 1
[1]: ObjectId: 2.5.29.14 Criticality=false
SubjectKeyIdentifier [
KeyIdentifier [
0000: 65 D7 B4 E0 27 45 7A 00   58 2F AD D5 0B 64 2D 77  e...'Ez.X/...d-w
0010: 88 F7 AA F5                                        ....
]
]

]
  Algorithm: [SHA256withRSA]
  Signature:
0000: 1B C8 6B 36 83 1D 28 37   5C 1F 7D F6 C6 84 A0 BF  ..k6..(7\.......
0010: CA C0 47 CF C5 34 70 7A   CF 6B EA 34 84 BE 08 7A  ..G..4pz.k.4...z
0020: 98 E6 3D ED 1D E2 6F 06   DB 23 AB 41 AD D5 DF 1D  ..=...o..#.A....
0030: 92 F4 9D 05 FD 7C EE BE   4A 87 B8 F1 FE F4 5B 79  ........J.....[y
0040: DC AD F7 44 3D 67 08 7A   3B 91 D7 5A 79 44 96 D7  ...D=g.z;..ZyD..
0050: BE 0E 41 C8 64 E3 87 C3   28 11 AB DC 36 F5 B0 AC  ..A.d...(...6...
0060: BD 2F 16 1D 6E A1 52 25   5A EC 6F AD 20 71 5A 1B  ./..n.R%Z.o. qZ.
0070: 66 D4 0D A6 49 B7 75 43   C4 84 0B 4B AC BD 16 76  f...I.uC...K...v
0080: 58 2B 07 85 E2 F1 44 15   1E 67 D1 3C 13 73 5A 2D  X+....D..g.<.sZ-
0090: D6 06 0B A1 D3 09 7E EF   88 F9 C3 0E A4 10 47 EA  ..............G.
00A0: 65 5D CD F0 39 EA 2F 59   1C 08 BC F9 CC 5B C9 BB  e]..9./Y.....[..
00B0: 2F 20 19 81 97 B5 21 BB   60 A4 39 08 6C 41 2A 51  / ....!.`.9.lA*Q
00C0: B1 C3 1A A3 8C F8 ED 67   D0 EE EC 52 01 2A E4 1E  .......g...R.*..
00D0: D2 B4 34 73 DC 7E 34 24   A9 4E 77 AD FD B3 77 0D  ..4s..4$.Nw...w.
00E0: C2 7A C0 65 F6 CC 11 9D   19 AA 59 13 C3 9D AD 5F  .z.e......Y...._
00F0: 61 E6 C2 18 F0 E5 A1 49   41 B5 EF 9E 91 0C 35 9C  a......IA.....5.

]
***
Found trusted certificate:
[
[
  Version: V3
  Subject: CN=localhost, OU=ZooKeeper, O=Apache, L=Unknown, ST=Unknown, C=Unknown
  Signature Algorithm: SHA256withRSA, OID = 1.2.840.113549.1.1.11

  Key:  Sun RSA public key, 2048 bits
  params: null
  modulus: 20466894428749997265095448870198652391311568515891366224735448896044144250313384062095901217219702596717622583159291680947094046474456586662132842412743846124470020097713679685492900855417800931365512472314155689881392853768001073664569106127795833231344696659209258027979401908711647617989508135190248980524852215540637603770017238536229773075995665111861820945008718990948857303373661769409475939971958531493423489844433566328219155461676589360491136984327342101195255797973694339642711115427623510874675394946293706606142706174397483349590050687482693164890194014220011640037490528845185364811025836034294701994387
  public exponent: 65537
  Validity: [From: Sat Jan 31 02:57:30 CST 2015,
               To: Wed Feb 08 02:57:30 CST 3015]
  Issuer: CN=localhost, OU=ZooKeeper, O=Apache, L=Unknown, ST=Unknown, C=Unknown
  SerialNumber: [    7334b506]

Certificate Extensions: 1
[1]: ObjectId: 2.5.29.14 Criticality=false
SubjectKeyIdentifier [
KeyIdentifier [
0000: 65 D7 B4 E0 27 45 7A 00   58 2F AD D5 0B 64 2D 77  e...'Ez.X/...d-w
0010: 88 F7 AA F5                                        ....
]
]

]
  Algorithm: [SHA256withRSA]
  Signature:
0000: 1B C8 6B 36 83 1D 28 37   5C 1F 7D F6 C6 84 A0 BF  ..k6..(7\.......
0010: CA C0 47 CF C5 34 70 7A   CF 6B EA 34 84 BE 08 7A  ..G..4pz.k.4...z
0020: 98 E6 3D ED 1D E2 6F 06   DB 23 AB 41 AD D5 DF 1D  ..=...o..#.A....
0030: 92 F4 9D 05 FD 7C EE BE   4A 87 B8 F1 FE F4 5B 79  ........J.....[y
0040: DC AD F7 44 3D 67 08 7A   3B 91 D7 5A 79 44 96 D7  ...D=g.z;..ZyD..
0050: BE 0E 41 C8 64 E3 87 C3   28 11 AB DC 36 F5 B0 AC  ..A.d...(...6...
0060: BD 2F 16 1D 6E A1 52 25   5A EC 6F AD 20 71 5A 1B  ./..n.R%Z.o. qZ.
0070: 66 D4 0D A6 49 B7 75 43   C4 84 0B 4B AC BD 16 76  f...I.uC...K...v
0080: 58 2B 07 85 E2 F1 44 15   1E 67 D1 3C 13 73 5A 2D  X+....D..g.<.sZ-
0090: D6 06 0B A1 D3 09 7E EF   88 F9 C3 0E A4 10 47 EA  ..............G.
00A0: 65 5D CD F0 39 EA 2F 59   1C 08 BC F9 CC 5B C9 BB  e]..9./Y.....[..
00B0: 2F 20 19 81 97 B5 21 BB   60 A4 39 08 6C 41 2A 51  / ....!.`.9.lA*Q
00C0: B1 C3 1A A3 8C F8 ED 67   D0 EE EC 52 01 2A E4 1E  .......g...R.*..
00D0: D2 B4 34 73 DC 7E 34 24   A9 4E 77 AD FD B3 77 0D  ..4s..4$.Nw...w.
00E0: C2 7A C0 65 F6 CC 11 9D   19 AA 59 13 C3 9D AD 5F  .z.e......Y...._
00F0: 61 E6 C2 18 F0 E5 A1 49   41 B5 EF 9E 91 0C 35 9C  a......IA.....5.

]
2020-06-22 14:06:54,245 [myid:127.0.0.1:30074] - ERROR [nioEventLoopGroup-9-1:ZKTrustManager@161] - Failed to verify host address: 127.0.0.1
javax.net.ssl.SSLPeerUnverifiedException: Certificate for <127.0.0.1> doesn't match common name of the certificate subject: localhost
	at org.apache.zookeeper.common.ZKHostnameVerifier.matchCN(ZKHostnameVerifier.java:238)
	at org.apache.zookeeper.common.ZKHostnameVerifier.verify(ZKHostnameVerifier.java:184)
	at org.apache.zookeeper.common.ZKTrustManager.performHostVerification(ZKTrustManager.java:151)
	at org.apache.zookeeper.common.ZKTrustManager.checkServerTrusted(ZKTrustManager.java:118)
	at sun.security.ssl.ClientHandshaker.serverCertificate(ClientHandshaker.java:1675)
	at sun.security.ssl.ClientHandshaker.processMessage(ClientHandshaker.java:226)
	at sun.security.ssl.Handshaker.processLoop(Handshaker.java:1082)
	at sun.security.ssl.Handshaker$1.run(Handshaker.java:1015)
	at sun.security.ssl.Handshaker$1.run(Handshaker.java:1012)
	at java.security.AccessController.doPrivileged(Native Method)
	at sun.security.ssl.Handshaker$DelegatedTask.run(Handshaker.java:1504)
	at io.netty.handler.ssl.SslHandler.runAllDelegatedTasks(SslHandler.java:1510)
	at io.netty.handler.ssl.SslHandler.runDelegatedTasks(SslHandler.java:1524)
	at io.netty.handler.ssl.SslHandler.unwrap(SslHandler.java:1408)
	at io.netty.handler.ssl.SslHandler.decodeJdkCompatible(SslHandler.java:1235)
	at io.netty.handler.ssl.SslHandler.decode(SslHandler.java:1282)
	at io.netty.handler.codec.ByteToMessageDecoder.decodeRemovalReentryProtection(ByteToMessageDecoder.java:498)
	at io.netty.handler.codec.ByteToMessageDecoder.callDecode(ByteToMessageDecoder.java:437)
	at io.netty.handler.codec.ByteToMessageDecoder.channelRead(ByteToMessageDecoder.java:276)
	at io.netty.channel.AbstractChannelHandlerContext.invokeChannelRead(AbstractChannelHandlerContext.java:379)
	at io.netty.channel.AbstractChannelHandlerContext.invokeChannelRead(AbstractChannelHandlerContext.java:365)
	at io.netty.channel.AbstractChannelHandlerContext.fireChannelRead(AbstractChannelHandlerContext.java:357)
	at io.netty.channel.DefaultChannelPipeline$HeadContext.channelRead(DefaultChannelPipeline.java:1410)
	at io.netty.channel.AbstractChannelHandlerContext.invokeChannelRead(AbstractChannelHandlerContext.java:379)
	at io.netty.channel.AbstractChannelHandlerContext.invokeChannelRead(AbstractChannelHandlerContext.java:365)
	at io.netty.channel.DefaultChannelPipeline.fireChannelRead(DefaultChannelPipeline.java:919)
	at io.netty.channel.nio.AbstractNioByteChannel$NioByteUnsafe.read(AbstractNioByteChannel.java:163)
	at io.netty.channel.nio.NioEventLoop.processSelectedKey(NioEventLoop.java:714)
	at io.netty.channel.nio.NioEventLoop.processSelectedKeysOptimized(NioEventLoop.java:650)
	at io.netty.channel.nio.NioEventLoop.processSelectedKeys(NioEventLoop.java:576)
	at io.netty.channel.nio.NioEventLoop.run(NioEventLoop.java:493)
	at io.netty.util.concurrent.SingleThreadEventExecutor$4.run(SingleThreadEventExecutor.java:989)
	at io.netty.util.internal.ThreadExecutorMap$2.run(ThreadExecutorMap.java:74)
	at io.netty.util.concurrent.FastThreadLocalRunnable.run(FastThreadLocalRunnable.java:30)
	at java.lang.Thread.run(Thread.java:748)
2020-06-22 14:06:54,245 [myid:127.0.0.1:30074] - ERROR [nioEventLoopGroup-9-1:ZKTrustManager@162] - Failed to verify hostname: activate.navicat.com
javax.net.ssl.SSLPeerUnverifiedException: Certificate for <activate.navicat.com> doesn't match common name of the certificate subject: localhost
	at org.apache.zookeeper.common.ZKHostnameVerifier.matchCN(ZKHostnameVerifier.java:238)
	at org.apache.zookeeper.common.ZKHostnameVerifier.verify(ZKHostnameVerifier.java:184)
	at org.apache.zookeeper.common.ZKTrustManager.performHostVerification(ZKTrustManager.java:159)
	at org.apache.zookeeper.common.ZKTrustManager.checkServerTrusted(ZKTrustManager.java:118)
	at sun.security.ssl.ClientHandshaker.serverCertificate(ClientHandshaker.java:1675)
	at sun.security.ssl.ClientHandshaker.processMessage(ClientHandshaker.java:226)
	at sun.security.ssl.Handshaker.processLoop(Handshaker.java:1082)
	at sun.security.ssl.Handshaker$1.run(Handshaker.java:1015)
	at sun.security.ssl.Handshaker$1.run(Handshaker.java:1012)
	at java.security.AccessController.doPrivileged(Native Method)
	at sun.security.ssl.Handshaker$DelegatedTask.run(Handshaker.java:1504)
	at io.netty.handler.ssl.SslHandler.runAllDelegatedTasks(SslHandler.java:1510)
	at io.netty.handler.ssl.SslHandler.runDelegatedTasks(SslHandler.java:1524)
	at io.netty.handler.ssl.SslHandler.unwrap(SslHandler.java:1408)
	at io.netty.handler.ssl.SslHandler.decodeJdkCompatible(SslHandler.java:1235)
	at io.netty.handler.ssl.SslHandler.decode(SslHandler.java:1282)
	at io.netty.handler.codec.ByteToMessageDecoder.decodeRemovalReentryProtection(ByteToMessageDecoder.java:498)
	at io.netty.handler.codec.ByteToMessageDecoder.callDecode(ByteToMessageDecoder.java:437)
	at io.netty.handler.codec.ByteToMessageDecoder.channelRead(ByteToMessageDecoder.java:276)
	at io.netty.channel.AbstractChannelHandlerContext.invokeChannelRead(AbstractChannelHandlerContext.java:379)
	at io.netty.channel.AbstractChannelHandlerContext.invokeChannelRead(AbstractChannelHandlerContext.java:365)
	at io.netty.channel.AbstractChannelHandlerContext.fireChannelRead(AbstractChannelHandlerContext.java:357)
	at io.netty.channel.DefaultChannelPipeline$HeadContext.channelRead(DefaultChannelPipeline.java:1410)
	at io.netty.channel.AbstractChannelHandlerContext.invokeChannelRead(AbstractChannelHandlerContext.java:379)
	at io.netty.channel.AbstractChannelHandlerContext.invokeChannelRead(AbstractChannelHandlerContext.java:365)
	at io.netty.channel.DefaultChannelPipeline.fireChannelRead(DefaultChannelPipeline.java:919)
	at io.netty.channel.nio.AbstractNioByteChannel$NioByteUnsafe.read(AbstractNioByteChannel.java:163)
	at io.netty.channel.nio.NioEventLoop.processSelectedKey(NioEventLoop.java:714)
	at io.netty.channel.nio.NioEventLoop.processSelectedKeysOptimized(NioEventLoop.java:650)
	at io.netty.channel.nio.NioEventLoop.processSelectedKeys(NioEventLoop.java:576)
	at io.netty.channel.nio.NioEventLoop.run(NioEventLoop.java:493)
	at io.netty.util.concurrent.SingleThreadEventExecutor$4.run(SingleThreadEventExecutor.java:989)
	at io.netty.util.internal.ThreadExecutorMap$2.run(ThreadExecutorMap.java:74)
	at io.netty.util.concurrent.FastThreadLocalRunnable.run(FastThreadLocalRunnable.java:30)
	at java.lang.Thread.run(Thread.java:748)
nioEventLoopGroup-9-1, fatal error: 46: General SSLEngine problem
java.security.cert.CertificateException: Failed to verify both host address and host name
%% Invalidated:  [Session-129, SSL_NULL_WITH_NULL_NULL]
%% Invalidated:  [Session-132, TLS_ECDHE_RSA_WITH_AES_256_CBC_SHA384]
nioEventLoopGroup-9-1, SEND TLSv1.2 ALERT:  fatal, description = certificate_unknown
nioEventLoopGroup-9-1, WRITE: TLSv1.2 Alert, length = 2
nioEventLoopGroup-9-1, fatal: engine already closed.  Rethrowing javax.net.ssl.SSLHandshakeException: General SSLEngine problem
nioEventLoopGroup-9-1, called closeOutbound()
nioEventLoopGroup-9-1, closeOutboundInternal()
nioEventLoopGroup-9-1, called closeInbound()
nioEventLoopGroup-9-1, fatal: engine already closed.  Rethrowing javax.net.ssl.SSLException: Inbound closed before receiving peer's close_notify: possible truncation attack?
nioEventLoopGroup-8-11, READ: TLSv1.2 Alert, length = 2
nioEventLoopGroup-8-11, RECV TLSv1.2 ALERT:  fatal, certificate_unknown
nioEventLoopGroup-8-11, fatal: engine already closed.  Rethrowing javax.net.ssl.SSLException: Received fatal alert: certificate_unknown
nioEventLoopGroup-8-11, fatal: engine already closed.  Rethrowing javax.net.ssl.SSLException: Received fatal alert: certificate_unknown
2020-06-22 14:06:54,246 [myid:] - ERROR [nioEventLoopGroup-8-11:NettyServerCnxnFactory$CertificateVerifier@434] - Unsuccessful handshake with session 0x0
nioEventLoopGroup-8-11, called closeOutbound()
nioEventLoopGroup-8-11, closeOutboundInternal()
nioEventLoopGroup-8-11, SEND TLSv1.2 ALERT:  warning, description = close_notify
nioEventLoopGroup-8-11, WRITE: TLSv1.2 Alert, length = 2
nioEventLoopGroup-8-11, called closeInbound()
nioEventLoopGroup-8-11, fatal: engine already closed.  Rethrowing javax.net.ssl.SSLException: Inbound closed before receiving peer's close_notify: possible truncation attack?
2020-06-22 14:06:54,246 [myid:127.0.0.1:30074] - ERROR [nioEventLoopGroup-9-1:ClientCnxnSocketNetty$ZKClientHandler@522] - Unexpected throwable
io.netty.handler.codec.DecoderException: javax.net.ssl.SSLHandshakeException: General SSLEngine problem
	at io.netty.handler.codec.ByteToMessageDecoder.callDecode(ByteToMessageDecoder.java:468)
	at io.netty.handler.codec.ByteToMessageDecoder.channelRead(ByteToMessageDecoder.java:276)
	at io.netty.channel.AbstractChannelHandlerContext.invokeChannelRead(AbstractChannelHandlerContext.java:379)
	at io.netty.channel.AbstractChannelHandlerContext.invokeChannelRead(AbstractChannelHandlerContext.java:365)
	at io.netty.channel.AbstractChannelHandlerContext.fireChannelRead(AbstractChannelHandlerContext.java:357)
	at io.netty.channel.DefaultChannelPipeline$HeadContext.channelRead(DefaultChannelPipeline.java:1410)
	at io.netty.channel.AbstractChannelHandlerContext.invokeChannelRead(AbstractChannelHandlerContext.java:379)
	at io.netty.channel.AbstractChannelHandlerContext.invokeChannelRead(AbstractChannelHandlerContext.java:365)
	at io.netty.channel.DefaultChannelPipeline.fireChannelRead(DefaultChannelPipeline.java:919)
	at io.netty.channel.nio.AbstractNioByteChannel$NioByteUnsafe.read(AbstractNioByteChannel.java:163)
	at io.netty.channel.nio.NioEventLoop.processSelectedKey(NioEventLoop.java:714)
	at io.netty.channel.nio.NioEventLoop.processSelectedKeysOptimized(NioEventLoop.java:650)
	at io.netty.channel.nio.NioEventLoop.processSelectedKeys(NioEventLoop.java:576)
	at io.netty.channel.nio.NioEventLoop.run(NioEventLoop.java:493)
	at io.netty.util.concurrent.SingleThreadEventExecutor$4.run(SingleThreadEventExecutor.java:989)
	at io.netty.util.internal.ThreadExecutorMap$2.run(ThreadExecutorMap.java:74)
	at io.netty.util.concurrent.FastThreadLocalRunnable.run(FastThreadLocalRunnable.java:30)
	at java.lang.Thread.run(Thread.java:748)
Caused by: javax.net.ssl.SSLHandshakeException: General SSLEngine problem
	at sun.security.ssl.Handshaker.checkThrown(Handshaker.java:1566)
	at sun.security.ssl.SSLEngineImpl.checkTaskThrown(SSLEngineImpl.java:545)
	at sun.security.ssl.SSLEngineImpl.readNetRecord(SSLEngineImpl.java:819)
	at sun.security.ssl.SSLEngineImpl.unwrap(SSLEngineImpl.java:783)
	at javax.net.ssl.SSLEngine.unwrap(SSLEngine.java:626)
	at io.netty.handler.ssl.SslHandler$SslEngineType$3.unwrap(SslHandler.java:281)
	at io.netty.handler.ssl.SslHandler.unwrap(SslHandler.java:1340)
	at io.netty.handler.ssl.SslHandler.decodeJdkCompatible(SslHandler.java:1235)
	at io.netty.handler.ssl.SslHandler.decode(SslHandler.java:1282)
	at io.netty.handler.codec.ByteToMessageDecoder.decodeRemovalReentryProtection(ByteToMessageDecoder.java:498)
	at io.netty.handler.codec.ByteToMessageDecoder.callDecode(ByteToMessageDecoder.java:437)
	... 17 more
Caused by: javax.net.ssl.SSLHandshakeException: General SSLEngine problem
	at sun.security.ssl.Alerts.getSSLException(Alerts.java:198)
	at sun.security.ssl.SSLEngineImpl.fatal(SSLEngineImpl.java:1729)
	at sun.security.ssl.Handshaker.fatalSE(Handshaker.java:333)
	at sun.security.ssl.Handshaker.fatalSE(Handshaker.java:325)
	at sun.security.ssl.ClientHandshaker.serverCertificate(ClientHandshaker.java:1688)
	at sun.security.ssl.ClientHandshaker.processMessage(ClientHandshaker.java:226)
	at sun.security.ssl.Handshaker.processLoop(Handshaker.java:1082)
	at sun.security.ssl.Handshaker$1.run(Handshaker.java:1015)
	at sun.security.ssl.Handshaker$1.run(Handshaker.java:1012)
	at java.security.AccessController.doPrivileged(Native Method)
	at sun.security.ssl.Handshaker$DelegatedTask.run(Handshaker.java:1504)
	at io.netty.handler.ssl.SslHandler.runAllDelegatedTasks(SslHandler.java:1510)
	at io.netty.handler.ssl.SslHandler.runDelegatedTasks(SslHandler.java:1524)
	at io.netty.handler.ssl.SslHandler.unwrap(SslHandler.java:1408)
	... 21 more
Caused by: java.security.cert.CertificateException: Failed to verify both host address and host name
	at org.apache.zookeeper.common.ZKTrustManager.performHostVerification(ZKTrustManager.java:163)
	at org.apache.zookeeper.common.ZKTrustManager.checkServerTrusted(ZKTrustManager.java:118)
	at sun.security.ssl.ClientHandshaker.serverCertificate(ClientHandshaker.java:1675)
	... 30 more
Caused by: javax.net.ssl.SSLPeerUnverifiedException: Certificate for <activate.navicat.com> doesn't match common name of the certificate subject: localhost
	at org.apache.zookeeper.common.ZKHostnameVerifier.matchCN(ZKHostnameVerifier.java:238)
	at org.apache.zookeeper.common.ZKHostnameVerifier.verify(ZKHostnameVerifier.java:184)
	at org.apache.zookeeper.common.ZKTrustManager.performHostVerification(ZKTrustManager.java:159)
	... 32 more
2020-06-22 14:06:54,246 [myid:127.0.0.1:30074] - INFO  [nioEventLoopGroup-9-1:ClientCnxnSocketNetty@249] - channel is told closing
nioEventLoopGroup-9-1, called closeOutbound()
nioEventLoopGroup-9-1, closeOutboundInternal()
2020-06-22 14:06:54,246 [myid:] - WARN  [nioEventLoopGroup-8-11:NettyServerCnxnFactory$CnxnChannelHandler@273] - Exception caught
io.netty.handler.codec.DecoderException: javax.net.ssl.SSLException: Received fatal alert: certificate_unknown
	at io.netty.handler.codec.ByteToMessageDecoder.callDecode(ByteToMessageDecoder.java:468)
	at io.netty.handler.codec.ByteToMessageDecoder.channelRead(ByteToMessageDecoder.java:276)
	at io.netty.channel.AbstractChannelHandlerContext.invokeChannelRead(AbstractChannelHandlerContext.java:379)
	at io.netty.channel.AbstractChannelHandlerContext.invokeChannelRead(AbstractChannelHandlerContext.java:365)
	at io.netty.channel.AbstractChannelHandlerContext.fireChannelRead(AbstractChannelHandlerContext.java:357)
	at io.netty.channel.DefaultChannelPipeline$HeadContext.channelRead(DefaultChannelPipeline.java:1410)
	at io.netty.channel.AbstractChannelHandlerContext.invokeChannelRead(AbstractChannelHandlerContext.java:379)
	at io.netty.channel.AbstractChannelHandlerContext.invokeChannelRead(AbstractChannelHandlerContext.java:365)
	at io.netty.channel.DefaultChannelPipeline.fireChannelRead(DefaultChannelPipeline.java:919)
	at io.netty.channel.nio.AbstractNioByteChannel$NioByteUnsafe.read(AbstractNioByteChannel.java:163)
	at io.netty.channel.nio.NioEventLoop.processSelectedKey(NioEventLoop.java:714)
	at io.netty.channel.nio.NioEventLoop.processSelectedKeysOptimized(NioEventLoop.java:650)
	at io.netty.channel.nio.NioEventLoop.processSelectedKeys(NioEventLoop.java:576)
	at io.netty.channel.nio.NioEventLoop.run(NioEventLoop.java:493)
	at io.netty.util.concurrent.SingleThreadEventExecutor$4.run(SingleThreadEventExecutor.java:989)
	at io.netty.util.internal.ThreadExecutorMap$2.run(ThreadExecutorMap.java:74)
	at io.netty.util.concurrent.FastThreadLocalRunnable.run(FastThreadLocalRunnable.java:30)
	at java.lang.Thread.run(Thread.java:748)
Caused by: javax.net.ssl.SSLException: Received fatal alert: certificate_unknown
	at sun.security.ssl.Alerts.getSSLException(Alerts.java:214)
	at sun.security.ssl.SSLEngineImpl.fatal(SSLEngineImpl.java:1667)
	at sun.security.ssl.SSLEngineImpl.fatal(SSLEngineImpl.java:1635)
	at sun.security.ssl.SSLEngineImpl.recvAlert(SSLEngineImpl.java:1801)
	at sun.security.ssl.SSLEngineImpl.readRecord(SSLEngineImpl.java:1090)
	at sun.security.ssl.SSLEngineImpl.readNetRecord(SSLEngineImpl.java:913)
	at sun.security.ssl.SSLEngineImpl.unwrap(SSLEngineImpl.java:783)
	at javax.net.ssl.SSLEngine.unwrap(SSLEngine.java:626)
	at io.netty.handler.ssl.SslHandler$SslEngineType$3.unwrap(SslHandler.java:281)
	at io.netty.handler.ssl.SslHandler.unwrap(SslHandler.java:1340)
	at io.netty.handler.ssl.SslHandler.decodeJdkCompatible(SslHandler.java:1235)
	at io.netty.handler.ssl.SslHandler.decode(SslHandler.java:1282)
	at io.netty.handler.codec.ByteToMessageDecoder.decodeRemovalReentryProtection(ByteToMessageDecoder.java:498)
	at io.netty.handler.codec.ByteToMessageDecoder.callDecode(ByteToMessageDecoder.java:437)
	... 17 more
nioEventLoopGroup-8-11, called closeOutbound()
nioEventLoopGroup-8-11, closeOutboundInternal()
nioEventLoopGroup-8-11, READ: TLSv1.2 Alert, length = 2
nioEventLoopGroup-8-11, RECV TLSv1.2 ALERT:  fatal, certificate_unknown
nioEventLoopGroup-8-11, fatal: engine already closed.  Rethrowing javax.net.ssl.SSLException: Received fatal alert: certificate_unknown
nioEventLoopGroup-8-11, fatal: engine already closed.  Rethrowing javax.net.ssl.SSLException: Received fatal alert: certificate_unknown
2020-06-22 14:06:54,246 [myid:127.0.0.1:30074] - WARN  [main-SendThread(127.0.0.1:30074):ClientCnxn$SendThread@1272] - Session 0x0 for sever activate.navicat.com/127.0.0.1:30074, Closing socket connection. Attempting reconnect except it is a SessionExpiredException.
EndOfStreamException: channel for sessionid 0x0 is lost
	at org.apache.zookeeper.ClientCnxnSocketNetty.doTransport(ClientCnxnSocketNetty.java:285)
	at org.apache.zookeeper.ClientCnxn$SendThread.run(ClientCnxn.java:1262)
nioEventLoopGroup-8-11, called closeOutbound()
nioEventLoopGroup-8-11, closeOutboundInternal()
nioEventLoopGroup-8-11, called closeInbound()
nioEventLoopGroup-8-11, closeInboundInternal()
nioEventLoopGroup-8-11, closeOutboundInternal()
2020-06-22 14:06:54,247 [myid:127.0.0.1:30074] - INFO  [nioEventLoopGroup-9-1:ClientCnxnSocketNetty$ZKClientHandler@469] - channel is disconnected: [id: 0x204f1967, L:/127.0.0.1:56360 ! R:activate.navicat.com/127.0.0.1:30074]
2020-06-22 14:06:54,247 [myid:] - WARN  [nioEventLoopGroup-8-11:NettyServerCnxnFactory$CnxnChannelHandler@273] - Exception caught
io.netty.handler.codec.DecoderException: javax.net.ssl.SSLException: Received fatal alert: certificate_unknown
	at io.netty.handler.codec.ByteToMessageDecoder.callDecode(ByteToMessageDecoder.java:468)
	at io.netty.handler.codec.ByteToMessageDecoder.channelInputClosed(ByteToMessageDecoder.java:401)
	at io.netty.handler.codec.ByteToMessageDecoder.channelInputClosed(ByteToMessageDecoder.java:368)
	at io.netty.handler.codec.ByteToMessageDecoder.channelInactive(ByteToMessageDecoder.java:351)
	at io.netty.handler.ssl.SslHandler.channelInactive(SslHandler.java:1084)
	at io.netty.channel.AbstractChannelHandlerContext.invokeChannelInactive(AbstractChannelHandlerContext.java:262)
	at io.netty.channel.AbstractChannelHandlerContext.invokeChannelInactive(AbstractChannelHandlerContext.java:248)
	at io.netty.channel.AbstractChannelHandlerContext.fireChannelInactive(AbstractChannelHandlerContext.java:241)
	at io.netty.channel.DefaultChannelPipeline$HeadContext.channelInactive(DefaultChannelPipeline.java:1405)
	at io.netty.channel.AbstractChannelHandlerContext.invokeChannelInactive(AbstractChannelHandlerContext.java:262)
	at io.netty.channel.AbstractChannelHandlerContext.invokeChannelInactive(AbstractChannelHandlerContext.java:248)
	at io.netty.channel.DefaultChannelPipeline.fireChannelInactive(DefaultChannelPipeline.java:901)
	at io.netty.channel.AbstractChannel$AbstractUnsafe$8.run(AbstractChannel.java:818)
	at io.netty.util.concurrent.AbstractEventExecutor.safeExecute(AbstractEventExecutor.java:164)
	at io.netty.util.concurrent.SingleThreadEventExecutor.runAllTasks(SingleThreadEventExecutor.java:472)
	at io.netty.channel.nio.NioEventLoop.run(NioEventLoop.java:497)
	at io.netty.util.concurrent.SingleThreadEventExecutor$4.run(SingleThreadEventExecutor.java:989)
	at io.netty.util.internal.ThreadExecutorMap$2.run(ThreadExecutorMap.java:74)
	at io.netty.util.concurrent.FastThreadLocalRunnable.run(FastThreadLocalRunnable.java:30)
	at java.lang.Thread.run(Thread.java:748)
Caused by: javax.net.ssl.SSLException: Received fatal alert: certificate_unknown
	at sun.security.ssl.Alerts.getSSLException(Alerts.java:214)
	at sun.security.ssl.SSLEngineImpl.fatal(SSLEngineImpl.java:1667)
	at sun.security.ssl.SSLEngineImpl.fatal(SSLEngineImpl.java:1635)
	at sun.security.ssl.SSLEngineImpl.recvAlert(SSLEngineImpl.java:1801)
	at sun.security.ssl.SSLEngineImpl.readRecord(SSLEngineImpl.java:1090)
	at sun.security.ssl.SSLEngineImpl.readNetRecord(SSLEngineImpl.java:913)
	at sun.security.ssl.SSLEngineImpl.unwrap(SSLEngineImpl.java:783)
	at javax.net.ssl.SSLEngine.unwrap(SSLEngine.java:626)
	at io.netty.handler.ssl.SslHandler$SslEngineType$3.unwrap(SslHandler.java:281)
	at io.netty.handler.ssl.SslHandler.unwrap(SslHandler.java:1340)
	at io.netty.handler.ssl.SslHandler.decodeJdkCompatible(SslHandler.java:1235)
	at io.netty.handler.ssl.SslHandler.decode(SslHandler.java:1282)
	at io.netty.handler.codec.ByteToMessageDecoder.decodeRemovalReentryProtection(ByteToMessageDecoder.java:498)
	at io.netty.handler.codec.ByteToMessageDecoder.callDecode(ByteToMessageDecoder.java:437)
	... 19 more
2020-06-22 14:06:55,101 [myid:127.0.0.1:30073] - WARN  [nioEventLoopGroup-5-1:ClientCnxnSocketNetty$1@150] - future isn't success.
io.netty.channel.AbstractChannel$AnnotatedConnectException: Connection refused: no further information: activate.navicat.com/127.0.0.1:30073
Caused by: java.net.ConnectException: Connection refused: no further information
	at sun.nio.ch.SocketChannelImpl.checkConnect(Native Method)
	at sun.nio.ch.SocketChannelImpl.finishConnect(SocketChannelImpl.java:714)
	at io.netty.channel.socket.nio.NioSocketChannel.doFinishConnect(NioSocketChannel.java:330)
	at io.netty.channel.nio.AbstractNioChannel$AbstractNioUnsafe.finishConnect(AbstractNioChannel.java:334)
	at io.netty.channel.nio.NioEventLoop.processSelectedKey(NioEventLoop.java:702)
	at io.netty.channel.nio.NioEventLoop.processSelectedKeysOptimized(NioEventLoop.java:650)
	at io.netty.channel.nio.NioEventLoop.processSelectedKeys(NioEventLoop.java:576)
	at io.netty.channel.nio.NioEventLoop.run(NioEventLoop.java:493)
	at io.netty.util.concurrent.SingleThreadEventExecutor$4.run(SingleThreadEventExecutor.java:989)
	at io.netty.util.internal.ThreadExecutorMap$2.run(ThreadExecutorMap.java:74)
	at io.netty.util.concurrent.FastThreadLocalRunnable.run(FastThreadLocalRunnable.java:30)
	at java.lang.Thread.run(Thread.java:748)
nioEventLoopGroup-5-1, called closeOutbound()
nioEventLoopGroup-5-1, closeOutboundInternal()
2020-06-22 14:06:55,101 [myid:127.0.0.1:30073] - WARN  [main-SendThread(127.0.0.1:30073):ClientCnxn$SendThread@1272] - Session 0x0 for sever activate.navicat.com/127.0.0.1:30073, Closing socket connection. Attempting reconnect except it is a SessionExpiredException.
EndOfStreamException: channel for sessionid 0x0 is lost
	at org.apache.zookeeper.ClientCnxnSocketNetty.doTransport(ClientCnxnSocketNetty.java:285)
	at org.apache.zookeeper.ClientCnxn$SendThread.run(ClientCnxn.java:1262)
2020-06-22 14:06:55,451 [myid:127.0.0.1:30074] - INFO  [main-SendThread(127.0.0.1:30074):ClientCnxn$SendThread@1154] - Opening socket connection to server activate.navicat.com/127.0.0.1:30074.
2020-06-22 14:06:55,451 [myid:127.0.0.1:30074] - INFO  [main-SendThread(127.0.0.1:30074):ClientCnxn$SendThread@1156] - SASL config status: Will not attempt to authenticate using SASL (unknown error)
adding as trusted cert:
  Subject: CN=localhost, OU=ZooKeeper, O=Apache, L=Unknown, ST=Unknown, C=Unknown
  Issuer:  CN=localhost, OU=ZooKeeper, O=Apache, L=Unknown, ST=Unknown, C=Unknown
  Algorithm: RSA; Serial number: 0x7334b506
  Valid from Sat Jan 31 02:57:30 CST 2015 until Wed Feb 08 02:57:30 CST 3015

trigger seeding of SecureRandom
done seeding SecureRandom
Using SSLEngineImpl.
%% Initialized:  [Session-133, SSL_NULL_WITH_NULL_NULL]
2020-06-22 14:06:55,452 [myid:127.0.0.1:30074] - INFO  [nioEventLoopGroup-9-1:ClientCnxnSocketNetty$ZKClientPipelineFactory@454] - SSL handler added for channel: [id: 0x97098e50]
2020-06-22 14:06:55,453 [myid:127.0.0.1:30074] - INFO  [nioEventLoopGroup-9-1:ClientCnxn$SendThread@986] - Socket connection established, initiating session, client: /127.0.0.1:56421, server: activate.navicat.com/127.0.0.1:30074
2020-06-22 14:06:55,453 [myid:127.0.0.1:30074] - INFO  [nioEventLoopGroup-9-1:ClientCnxnSocketNetty$1@184] - channel is connected: [id: 0x97098e50, L:/127.0.0.1:56421 - R:activate.navicat.com/127.0.0.1:30074]
Allow unsafe renegotiation: false
Allow legacy hello messages: true
Is initial handshake: true
Is secure renegotiation: false
Ignoring unsupported cipher suite: TLS_ECDHE_ECDSA_WITH_AES_256_CBC_SHA384 for TLSv1
Ignoring unsupported cipher suite: TLS_ECDHE_RSA_WITH_AES_256_CBC_SHA384 for TLSv1
Ignoring unsupported cipher suite: TLS_RSA_WITH_AES_256_CBC_SHA256 for TLSv1
Ignoring unsupported cipher suite: TLS_ECDH_ECDSA_WITH_AES_256_CBC_SHA384 for TLSv1
Ignoring unsupported cipher suite: TLS_ECDH_RSA_WITH_AES_256_CBC_SHA384 for TLSv1
Ignoring unsupported cipher suite: TLS_DHE_RSA_WITH_AES_256_CBC_SHA256 for TLSv1
Ignoring unsupported cipher suite: TLS_DHE_DSS_WITH_AES_256_CBC_SHA256 for TLSv1
Ignoring unsupported cipher suite: TLS_ECDHE_ECDSA_WITH_AES_256_CBC_SHA384 for TLSv1.1
Ignoring unsupported cipher suite: TLS_ECDHE_RSA_WITH_AES_256_CBC_SHA384 for TLSv1.1
Ignoring unsupported cipher suite: TLS_RSA_WITH_AES_256_CBC_SHA256 for TLSv1.1
Ignoring unsupported cipher suite: TLS_ECDH_ECDSA_WITH_AES_256_CBC_SHA384 for TLSv1.1
Ignoring unsupported cipher suite: TLS_ECDH_RSA_WITH_AES_256_CBC_SHA384 for TLSv1.1
Ignoring unsupported cipher suite: TLS_DHE_RSA_WITH_AES_256_CBC_SHA256 for TLSv1.1
Ignoring unsupported cipher suite: TLS_DHE_DSS_WITH_AES_256_CBC_SHA256 for TLSv1.1
trigger seeding of SecureRandom
done seeding SecureRandom
Using SSLEngineImpl.
%% Initialized:  [Session-134, SSL_NULL_WITH_NULL_NULL]
%% No cached client session
update handshake state: client_hello[1]
upcoming handshake states: server_hello[2]
*** ClientHello, TLSv1.2
RandomCookie:  GMT: 1576028799 bytes = { 104, 111, 156, 89, 68, 70, 181, 244, 73, 23, 235, 102, 62, 142, 99, 130, 112, 49, 151, 225, 76, 162, 53, 50, 69, 180, 225, 16 }
Session ID:  {}
Cipher Suites: [TLS_ECDHE_ECDSA_WITH_AES_256_CBC_SHA384, TLS_ECDHE_RSA_WITH_AES_256_CBC_SHA384, TLS_RSA_WITH_AES_256_CBC_SHA256, TLS_ECDH_ECDSA_WITH_AES_256_CBC_SHA384, TLS_ECDH_RSA_WITH_AES_256_CBC_SHA384, TLS_DHE_RSA_WITH_AES_256_CBC_SHA256, TLS_DHE_DSS_WITH_AES_256_CBC_SHA256, TLS_ECDHE_ECDSA_WITH_AES_256_CBC_SHA, TLS_ECDHE_RSA_WITH_AES_256_CBC_SHA, TLS_RSA_WITH_AES_256_CBC_SHA, TLS_ECDH_ECDSA_WITH_AES_256_CBC_SHA, TLS_ECDH_RSA_WITH_AES_256_CBC_SHA, TLS_DHE_RSA_WITH_AES_256_CBC_SHA, TLS_DHE_DSS_WITH_AES_256_CBC_SHA, TLS_ECDHE_ECDSA_WITH_AES_128_CBC_SHA256, TLS_ECDHE_RSA_WITH_AES_128_CBC_SHA256, TLS_RSA_WITH_AES_128_CBC_SHA256, TLS_ECDH_ECDSA_WITH_AES_128_CBC_SHA256, TLS_ECDH_RSA_WITH_AES_128_CBC_SHA256, TLS_DHE_RSA_WITH_AES_128_CBC_SHA256, TLS_DHE_DSS_WITH_AES_128_CBC_SHA256, TLS_ECDHE_ECDSA_WITH_AES_128_CBC_SHA, TLS_ECDHE_RSA_WITH_AES_128_CBC_SHA, TLS_RSA_WITH_AES_128_CBC_SHA, TLS_ECDH_ECDSA_WITH_AES_128_CBC_SHA, TLS_ECDH_RSA_WITH_AES_128_CBC_SHA, TLS_DHE_RSA_WITH_AES_128_CBC_SHA, TLS_DHE_DSS_WITH_AES_128_CBC_SHA, TLS_ECDHE_ECDSA_WITH_AES_256_GCM_SHA384, TLS_ECDHE_ECDSA_WITH_AES_128_GCM_SHA256, TLS_ECDHE_RSA_WITH_AES_256_GCM_SHA384, TLS_RSA_WITH_AES_256_GCM_SHA384, TLS_ECDH_ECDSA_WITH_AES_256_GCM_SHA384, TLS_ECDH_RSA_WITH_AES_256_GCM_SHA384, TLS_DHE_RSA_WITH_AES_256_GCM_SHA384, TLS_DHE_DSS_WITH_AES_256_GCM_SHA384, TLS_ECDHE_RSA_WITH_AES_128_GCM_SHA256, TLS_RSA_WITH_AES_128_GCM_SHA256, TLS_ECDH_ECDSA_WITH_AES_128_GCM_SHA256, TLS_ECDH_RSA_WITH_AES_128_GCM_SHA256, TLS_DHE_RSA_WITH_AES_128_GCM_SHA256, TLS_DHE_DSS_WITH_AES_128_GCM_SHA256, TLS_EMPTY_RENEGOTIATION_INFO_SCSV]
Compression Methods:  { 0 }
Extension elliptic_curves, curve names: {secp256r1, secp384r1, secp521r1}
Extension ec_point_formats, formats: [uncompressed]
Extension signature_algorithms, signature_algorithms: SHA512withECDSA, SHA512withRSA, SHA384withECDSA, SHA384withRSA, SHA256withECDSA, SHA256withRSA, SHA256withDSA, SHA1withECDSA, SHA1withRSA, SHA1withDSA
Extension extended_master_secret
Extension server_name, server_name: [type=host_name (0), value=activate.navicat.com]
***
nioEventLoopGroup-9-1, WRITE: TLSv1.2 Handshake, length = 208
Allow unsafe renegotiation: false
Allow legacy hello messages: true
Is initial handshake: true
Is secure renegotiation: false
nioEventLoopGroup-8-12, READ: TLSv1.2 Handshake, length = 208
check handshake state: client_hello[1]
update handshake state: client_hello[1]
upcoming handshake states: server_hello[2]
*** ClientHello, TLSv1.2
RandomCookie:  GMT: 1576028799 bytes = { 104, 111, 156, 89, 68, 70, 181, 244, 73, 23, 235, 102, 62, 142, 99, 130, 112, 49, 151, 225, 76, 162, 53, 50, 69, 180, 225, 16 }
Session ID:  {}
Cipher Suites: [TLS_ECDHE_ECDSA_WITH_AES_256_CBC_SHA384, TLS_ECDHE_RSA_WITH_AES_256_CBC_SHA384, TLS_RSA_WITH_AES_256_CBC_SHA256, TLS_ECDH_ECDSA_WITH_AES_256_CBC_SHA384, TLS_ECDH_RSA_WITH_AES_256_CBC_SHA384, TLS_DHE_RSA_WITH_AES_256_CBC_SHA256, TLS_DHE_DSS_WITH_AES_256_CBC_SHA256, TLS_ECDHE_ECDSA_WITH_AES_256_CBC_SHA, TLS_ECDHE_RSA_WITH_AES_256_CBC_SHA, TLS_RSA_WITH_AES_256_CBC_SHA, TLS_ECDH_ECDSA_WITH_AES_256_CBC_SHA, TLS_ECDH_RSA_WITH_AES_256_CBC_SHA, TLS_DHE_RSA_WITH_AES_256_CBC_SHA, TLS_DHE_DSS_WITH_AES_256_CBC_SHA, TLS_ECDHE_ECDSA_WITH_AES_128_CBC_SHA256, TLS_ECDHE_RSA_WITH_AES_128_CBC_SHA256, TLS_RSA_WITH_AES_128_CBC_SHA256, TLS_ECDH_ECDSA_WITH_AES_128_CBC_SHA256, TLS_ECDH_RSA_WITH_AES_128_CBC_SHA256, TLS_DHE_RSA_WITH_AES_128_CBC_SHA256, TLS_DHE_DSS_WITH_AES_128_CBC_SHA256, TLS_ECDHE_ECDSA_WITH_AES_128_CBC_SHA, TLS_ECDHE_RSA_WITH_AES_128_CBC_SHA, TLS_RSA_WITH_AES_128_CBC_SHA, TLS_ECDH_ECDSA_WITH_AES_128_CBC_SHA, TLS_ECDH_RSA_WITH_AES_128_CBC_SHA, TLS_DHE_RSA_WITH_AES_128_CBC_SHA, TLS_DHE_DSS_WITH_AES_128_CBC_SHA, TLS_ECDHE_ECDSA_WITH_AES_256_GCM_SHA384, TLS_ECDHE_ECDSA_WITH_AES_128_GCM_SHA256, TLS_ECDHE_RSA_WITH_AES_256_GCM_SHA384, TLS_RSA_WITH_AES_256_GCM_SHA384, TLS_ECDH_ECDSA_WITH_AES_256_GCM_SHA384, TLS_ECDH_RSA_WITH_AES_256_GCM_SHA384, TLS_DHE_RSA_WITH_AES_256_GCM_SHA384, TLS_DHE_DSS_WITH_AES_256_GCM_SHA384, TLS_ECDHE_RSA_WITH_AES_128_GCM_SHA256, TLS_RSA_WITH_AES_128_GCM_SHA256, TLS_ECDH_ECDSA_WITH_AES_128_GCM_SHA256, TLS_ECDH_RSA_WITH_AES_128_GCM_SHA256, TLS_DHE_RSA_WITH_AES_128_GCM_SHA256, TLS_DHE_DSS_WITH_AES_128_GCM_SHA256, TLS_EMPTY_RENEGOTIATION_INFO_SCSV]
Compression Methods:  { 0 }
Extension elliptic_curves, curve names: {secp256r1, secp384r1, secp521r1}
Extension ec_point_formats, formats: [uncompressed]
Extension signature_algorithms, signature_algorithms: SHA512withECDSA, SHA512withRSA, SHA384withECDSA, SHA384withRSA, SHA256withECDSA, SHA256withRSA, SHA256withDSA, SHA1withECDSA, SHA1withRSA, SHA1withDSA
Extension extended_master_secret
Extension server_name, server_name: [type=host_name (0), value=activate.navicat.com]
***
%% Initialized:  [Session-135, SSL_NULL_WITH_NULL_NULL]
Standard ciphersuite chosen: TLS_ECDHE_RSA_WITH_AES_256_CBC_SHA384
%% Negotiating:  [Session-135, TLS_ECDHE_RSA_WITH_AES_256_CBC_SHA384]
*** ServerHello, TLSv1.2
RandomCookie:  GMT: 1576028799 bytes = { 211, 63, 235, 3, 65, 16, 54, 69, 53, 92, 184, 232, 225, 163, 25, 20, 84, 167, 129, 123, 25, 63, 204, 139, 158, 63, 132, 92 }
Session ID:  {94, 240, 74, 127, 139, 63, 3, 99, 35, 8, 0, 209, 109, 252, 247, 124, 235, 19, 245, 141, 189, 163, 47, 147, 32, 40, 150, 115, 189, 192, 63, 208}
Cipher Suite: TLS_ECDHE_RSA_WITH_AES_256_CBC_SHA384
Compression Method: 0
Extension renegotiation_info, renegotiated_connection: <empty>
Extension extended_master_secret
***
Cipher suite:  TLS_ECDHE_RSA_WITH_AES_256_CBC_SHA384
update handshake state: server_hello[2]
upcoming handshake states: server certificate[11]
upcoming handshake states: server_key_exchange[12](optional)
upcoming handshake states: certificate_request[13](optional)
upcoming handshake states: server_hello_done[14]
upcoming handshake states: client certificate[11](optional)
upcoming handshake states: client_key_exchange[16]
upcoming handshake states: certificate_verify[15](optional)
upcoming handshake states: client change_cipher_spec[-1]
upcoming handshake states: client finished[20]
upcoming handshake states: server change_cipher_spec[-1]
upcoming handshake states: server finished[20]
*** Certificate chain
chain [0] = [
[
  Version: V3
  Subject: CN=localhost, OU=ZooKeeper, O=Apache, L=Unknown, ST=Unknown, C=Unknown
  Signature Algorithm: SHA256withRSA, OID = 1.2.840.113549.1.1.11

  Key:  Sun RSA public key, 2048 bits
  params: null
  modulus: 20466894428749997265095448870198652391311568515891366224735448896044144250313384062095901217219702596717622583159291680947094046474456586662132842412743846124470020097713679685492900855417800931365512472314155689881392853768001073664569106127795833231344696659209258027979401908711647617989508135190248980524852215540637603770017238536229773075995665111861820945008718990948857303373661769409475939971958531493423489844433566328219155461676589360491136984327342101195255797973694339642711115427623510874675394946293706606142706174397483349590050687482693164890194014220011640037490528845185364811025836034294701994387
  public exponent: 65537
  Validity: [From: Sat Jan 31 02:57:30 CST 2015,
               To: Wed Feb 08 02:57:30 CST 3015]
  Issuer: CN=localhost, OU=ZooKeeper, O=Apache, L=Unknown, ST=Unknown, C=Unknown
  SerialNumber: [    7334b506]

Certificate Extensions: 1
[1]: ObjectId: 2.5.29.14 Criticality=false
SubjectKeyIdentifier [
KeyIdentifier [
0000: 65 D7 B4 E0 27 45 7A 00   58 2F AD D5 0B 64 2D 77  e...'Ez.X/...d-w
0010: 88 F7 AA F5                                        ....
]
]

]
  Algorithm: [SHA256withRSA]
  Signature:
0000: 1B C8 6B 36 83 1D 28 37   5C 1F 7D F6 C6 84 A0 BF  ..k6..(7\.......
0010: CA C0 47 CF C5 34 70 7A   CF 6B EA 34 84 BE 08 7A  ..G..4pz.k.4...z
0020: 98 E6 3D ED 1D E2 6F 06   DB 23 AB 41 AD D5 DF 1D  ..=...o..#.A....
0030: 92 F4 9D 05 FD 7C EE BE   4A 87 B8 F1 FE F4 5B 79  ........J.....[y
0040: DC AD F7 44 3D 67 08 7A   3B 91 D7 5A 79 44 96 D7  ...D=g.z;..ZyD..
0050: BE 0E 41 C8 64 E3 87 C3   28 11 AB DC 36 F5 B0 AC  ..A.d...(...6...
0060: BD 2F 16 1D 6E A1 52 25   5A EC 6F AD 20 71 5A 1B  ./..n.R%Z.o. qZ.
0070: 66 D4 0D A6 49 B7 75 43   C4 84 0B 4B AC BD 16 76  f...I.uC...K...v
0080: 58 2B 07 85 E2 F1 44 15   1E 67 D1 3C 13 73 5A 2D  X+....D..g.<.sZ-
0090: D6 06 0B A1 D3 09 7E EF   88 F9 C3 0E A4 10 47 EA  ..............G.
00A0: 65 5D CD F0 39 EA 2F 59   1C 08 BC F9 CC 5B C9 BB  e]..9./Y.....[..
00B0: 2F 20 19 81 97 B5 21 BB   60 A4 39 08 6C 41 2A 51  / ....!.`.9.lA*Q
00C0: B1 C3 1A A3 8C F8 ED 67   D0 EE EC 52 01 2A E4 1E  .......g...R.*..
00D0: D2 B4 34 73 DC 7E 34 24   A9 4E 77 AD FD B3 77 0D  ..4s..4$.Nw...w.
00E0: C2 7A C0 65 F6 CC 11 9D   19 AA 59 13 C3 9D AD 5F  .z.e......Y...._
00F0: 61 E6 C2 18 F0 E5 A1 49   41 B5 EF 9E 91 0C 35 9C  a......IA.....5.

]
***
update handshake state: certificate[11]
upcoming handshake states: server_key_exchange[12](optional)
upcoming handshake states: certificate_request[13](optional)
upcoming handshake states: server_hello_done[14]
upcoming handshake states: client certificate[11](optional)
upcoming handshake states: client_key_exchange[16]
upcoming handshake states: certificate_verify[15](optional)
upcoming handshake states: client change_cipher_spec[-1]
upcoming handshake states: client finished[20]
upcoming handshake states: server change_cipher_spec[-1]
upcoming handshake states: server finished[20]
*** ECDH ServerKeyExchange
Signature Algorithm SHA512withRSA
Server key: Sun EC public key, 256 bits
  public x coord: 101481116673000963368192741242849577849682909521299482495717079388713240599254
  public y coord: 25028507603644839554349674748258347280666206220407963140241833284616209174083
  parameters: secp256r1 [NIST P-256, X9.62 prime256v1] (1.2.840.10045.3.1.7)
update handshake state: server_key_exchange[12]
upcoming handshake states: certificate_request[13](optional)
upcoming handshake states: server_hello_done[14]
upcoming handshake states: client certificate[11](optional)
upcoming handshake states: client_key_exchange[16]
upcoming handshake states: certificate_verify[15](optional)
upcoming handshake states: client change_cipher_spec[-1]
upcoming handshake states: client finished[20]
upcoming handshake states: server change_cipher_spec[-1]
upcoming handshake states: server finished[20]
*** CertificateRequest
Cert Types: RSA, DSS, ECDSA
Supported Signature Algorithms: SHA512withECDSA, SHA512withRSA, SHA384withECDSA, SHA384withRSA, SHA256withECDSA, SHA256withRSA, SHA256withDSA, SHA1withECDSA, SHA1withRSA, SHA1withDSA
Cert Authorities:
<CN=localhost, OU=ZooKeeper, O=Apache, L=Unknown, ST=Unknown, C=Unknown>
update handshake state: unknown[13]
upcoming handshake states: server_hello_done[14]
upcoming handshake states: client certificate[11](optional)
upcoming handshake states: client_key_exchange[16]
upcoming handshake states: certificate_verify[15](optional)
upcoming handshake states: client change_cipher_spec[-1]
upcoming handshake states: client finished[20]
upcoming handshake states: server change_cipher_spec[-1]
upcoming handshake states: server finished[20]
*** ServerHelloDone
update handshake state: server_hello_done[14]
upcoming handshake states: client certificate[11](optional)
upcoming handshake states: client_key_exchange[16]
upcoming handshake states: certificate_verify[15](optional)
upcoming handshake states: client change_cipher_spec[-1]
upcoming handshake states: client finished[20]
upcoming handshake states: server change_cipher_spec[-1]
upcoming handshake states: server finished[20]
nioEventLoopGroup-8-12, WRITE: TLSv1.2 Handshake, length = 1478
nioEventLoopGroup-9-1, READ: TLSv1.2 Handshake, length = 1478
check handshake state: server_hello[2]
*** ServerHello, TLSv1.2
RandomCookie:  GMT: 1576028799 bytes = { 211, 63, 235, 3, 65, 16, 54, 69, 53, 92, 184, 232, 225, 163, 25, 20, 84, 167, 129, 123, 25, 63, 204, 139, 158, 63, 132, 92 }
Session ID:  {94, 240, 74, 127, 139, 63, 3, 99, 35, 8, 0, 209, 109, 252, 247, 124, 235, 19, 245, 141, 189, 163, 47, 147, 32, 40, 150, 115, 189, 192, 63, 208}
Cipher Suite: TLS_ECDHE_RSA_WITH_AES_256_CBC_SHA384
Compression Method: 0
Extension renegotiation_info, renegotiated_connection: <empty>
Extension extended_master_secret
***
%% Initialized:  [Session-136, TLS_ECDHE_RSA_WITH_AES_256_CBC_SHA384]
** TLS_ECDHE_RSA_WITH_AES_256_CBC_SHA384
update handshake state: server_hello[2]
upcoming handshake states: server certificate[11]
upcoming handshake states: server_key_exchange[12](optional)
upcoming handshake states: certificate_request[13](optional)
upcoming handshake states: server_hello_done[14]
upcoming handshake states: client certificate[11](optional)
upcoming handshake states: client_key_exchange[16]
upcoming handshake states: certificate_verify[15](optional)
upcoming handshake states: client change_cipher_spec[-1]
upcoming handshake states: client finished[20]
upcoming handshake states: server change_cipher_spec[-1]
upcoming handshake states: server finished[20]
check handshake state: certificate[11]
update handshake state: certificate[11]
upcoming handshake states: server_key_exchange[12](optional)
upcoming handshake states: certificate_request[13](optional)
upcoming handshake states: server_hello_done[14]
upcoming handshake states: client certificate[11](optional)
upcoming handshake states: client_key_exchange[16]
upcoming handshake states: certificate_verify[15](optional)
upcoming handshake states: client change_cipher_spec[-1]
upcoming handshake states: client finished[20]
upcoming handshake states: server change_cipher_spec[-1]
upcoming handshake states: server finished[20]
*** Certificate chain
chain [0] = [
[
  Version: V3
  Subject: CN=localhost, OU=ZooKeeper, O=Apache, L=Unknown, ST=Unknown, C=Unknown
  Signature Algorithm: SHA256withRSA, OID = 1.2.840.113549.1.1.11

  Key:  Sun RSA public key, 2048 bits
  params: null
  modulus: 20466894428749997265095448870198652391311568515891366224735448896044144250313384062095901217219702596717622583159291680947094046474456586662132842412743846124470020097713679685492900855417800931365512472314155689881392853768001073664569106127795833231344696659209258027979401908711647617989508135190248980524852215540637603770017238536229773075995665111861820945008718990948857303373661769409475939971958531493423489844433566328219155461676589360491136984327342101195255797973694339642711115427623510874675394946293706606142706174397483349590050687482693164890194014220011640037490528845185364811025836034294701994387
  public exponent: 65537
  Validity: [From: Sat Jan 31 02:57:30 CST 2015,
               To: Wed Feb 08 02:57:30 CST 3015]
  Issuer: CN=localhost, OU=ZooKeeper, O=Apache, L=Unknown, ST=Unknown, C=Unknown
  SerialNumber: [    7334b506]

Certificate Extensions: 1
[1]: ObjectId: 2.5.29.14 Criticality=false
SubjectKeyIdentifier [
KeyIdentifier [
0000: 65 D7 B4 E0 27 45 7A 00   58 2F AD D5 0B 64 2D 77  e...'Ez.X/...d-w
0010: 88 F7 AA F5                                        ....
]
]

]
  Algorithm: [SHA256withRSA]
  Signature:
0000: 1B C8 6B 36 83 1D 28 37   5C 1F 7D F6 C6 84 A0 BF  ..k6..(7\.......
0010: CA C0 47 CF C5 34 70 7A   CF 6B EA 34 84 BE 08 7A  ..G..4pz.k.4...z
0020: 98 E6 3D ED 1D E2 6F 06   DB 23 AB 41 AD D5 DF 1D  ..=...o..#.A....
0030: 92 F4 9D 05 FD 7C EE BE   4A 87 B8 F1 FE F4 5B 79  ........J.....[y
0040: DC AD F7 44 3D 67 08 7A   3B 91 D7 5A 79 44 96 D7  ...D=g.z;..ZyD..
0050: BE 0E 41 C8 64 E3 87 C3   28 11 AB DC 36 F5 B0 AC  ..A.d...(...6...
0060: BD 2F 16 1D 6E A1 52 25   5A EC 6F AD 20 71 5A 1B  ./..n.R%Z.o. qZ.
0070: 66 D4 0D A6 49 B7 75 43   C4 84 0B 4B AC BD 16 76  f...I.uC...K...v
0080: 58 2B 07 85 E2 F1 44 15   1E 67 D1 3C 13 73 5A 2D  X+....D..g.<.sZ-
0090: D6 06 0B A1 D3 09 7E EF   88 F9 C3 0E A4 10 47 EA  ..............G.
00A0: 65 5D CD F0 39 EA 2F 59   1C 08 BC F9 CC 5B C9 BB  e]..9./Y.....[..
00B0: 2F 20 19 81 97 B5 21 BB   60 A4 39 08 6C 41 2A 51  / ....!.`.9.lA*Q
00C0: B1 C3 1A A3 8C F8 ED 67   D0 EE EC 52 01 2A E4 1E  .......g...R.*..
00D0: D2 B4 34 73 DC 7E 34 24   A9 4E 77 AD FD B3 77 0D  ..4s..4$.Nw...w.
00E0: C2 7A C0 65 F6 CC 11 9D   19 AA 59 13 C3 9D AD 5F  .z.e......Y...._
00F0: 61 E6 C2 18 F0 E5 A1 49   41 B5 EF 9E 91 0C 35 9C  a......IA.....5.

]
***
Found trusted certificate:
[
[
  Version: V3
  Subject: CN=localhost, OU=ZooKeeper, O=Apache, L=Unknown, ST=Unknown, C=Unknown
  Signature Algorithm: SHA256withRSA, OID = 1.2.840.113549.1.1.11

  Key:  Sun RSA public key, 2048 bits
  params: null
  modulus: 20466894428749997265095448870198652391311568515891366224735448896044144250313384062095901217219702596717622583159291680947094046474456586662132842412743846124470020097713679685492900855417800931365512472314155689881392853768001073664569106127795833231344696659209258027979401908711647617989508135190248980524852215540637603770017238536229773075995665111861820945008718990948857303373661769409475939971958531493423489844433566328219155461676589360491136984327342101195255797973694339642711115427623510874675394946293706606142706174397483349590050687482693164890194014220011640037490528845185364811025836034294701994387
  public exponent: 65537
  Validity: [From: Sat Jan 31 02:57:30 CST 2015,
               To: Wed Feb 08 02:57:30 CST 3015]
  Issuer: CN=localhost, OU=ZooKeeper, O=Apache, L=Unknown, ST=Unknown, C=Unknown
  SerialNumber: [    7334b506]

Certificate Extensions: 1
[1]: ObjectId: 2.5.29.14 Criticality=false
SubjectKeyIdentifier [
KeyIdentifier [
0000: 65 D7 B4 E0 27 45 7A 00   58 2F AD D5 0B 64 2D 77  e...'Ez.X/...d-w
0010: 88 F7 AA F5                                        ....
]
]

]
  Algorithm: [SHA256withRSA]
  Signature:
0000: 1B C8 6B 36 83 1D 28 37   5C 1F 7D F6 C6 84 A0 BF  ..k6..(7\.......
0010: CA C0 47 CF C5 34 70 7A   CF 6B EA 34 84 BE 08 7A  ..G..4pz.k.4...z
0020: 98 E6 3D ED 1D E2 6F 06   DB 23 AB 41 AD D5 DF 1D  ..=...o..#.A....
0030: 92 F4 9D 05 FD 7C EE BE   4A 87 B8 F1 FE F4 5B 79  ........J.....[y
0040: DC AD F7 44 3D 67 08 7A   3B 91 D7 5A 79 44 96 D7  ...D=g.z;..ZyD..
0050: BE 0E 41 C8 64 E3 87 C3   28 11 AB DC 36 F5 B0 AC  ..A.d...(...6...
0060: BD 2F 16 1D 6E A1 52 25   5A EC 6F AD 20 71 5A 1B  ./..n.R%Z.o. qZ.
0070: 66 D4 0D A6 49 B7 75 43   C4 84 0B 4B AC BD 16 76  f...I.uC...K...v
0080: 58 2B 07 85 E2 F1 44 15   1E 67 D1 3C 13 73 5A 2D  X+....D..g.<.sZ-
0090: D6 06 0B A1 D3 09 7E EF   88 F9 C3 0E A4 10 47 EA  ..............G.
00A0: 65 5D CD F0 39 EA 2F 59   1C 08 BC F9 CC 5B C9 BB  e]..9./Y.....[..
00B0: 2F 20 19 81 97 B5 21 BB   60 A4 39 08 6C 41 2A 51  / ....!.`.9.lA*Q
00C0: B1 C3 1A A3 8C F8 ED 67   D0 EE EC 52 01 2A E4 1E  .......g...R.*..
00D0: D2 B4 34 73 DC 7E 34 24   A9 4E 77 AD FD B3 77 0D  ..4s..4$.Nw...w.
00E0: C2 7A C0 65 F6 CC 11 9D   19 AA 59 13 C3 9D AD 5F  .z.e......Y...._
00F0: 61 E6 C2 18 F0 E5 A1 49   41 B5 EF 9E 91 0C 35 9C  a......IA.....5.

]
2020-06-22 14:06:55,462 [myid:127.0.0.1:30074] - ERROR [nioEventLoopGroup-9-1:ZKTrustManager@161] - Failed to verify host address: 127.0.0.1
javax.net.ssl.SSLPeerUnverifiedException: Certificate for <127.0.0.1> doesn't match common name of the certificate subject: localhost
	at org.apache.zookeeper.common.ZKHostnameVerifier.matchCN(ZKHostnameVerifier.java:238)
	at org.apache.zookeeper.common.ZKHostnameVerifier.verify(ZKHostnameVerifier.java:184)
	at org.apache.zookeeper.common.ZKTrustManager.performHostVerification(ZKTrustManager.java:151)
	at org.apache.zookeeper.common.ZKTrustManager.checkServerTrusted(ZKTrustManager.java:118)
	at sun.security.ssl.ClientHandshaker.serverCertificate(ClientHandshaker.java:1675)
	at sun.security.ssl.ClientHandshaker.processMessage(ClientHandshaker.java:226)
	at sun.security.ssl.Handshaker.processLoop(Handshaker.java:1082)
	at sun.security.ssl.Handshaker$1.run(Handshaker.java:1015)
	at sun.security.ssl.Handshaker$1.run(Handshaker.java:1012)
	at java.security.AccessController.doPrivileged(Native Method)
	at sun.security.ssl.Handshaker$DelegatedTask.run(Handshaker.java:1504)
	at io.netty.handler.ssl.SslHandler.runAllDelegatedTasks(SslHandler.java:1510)
	at io.netty.handler.ssl.SslHandler.runDelegatedTasks(SslHandler.java:1524)
	at io.netty.handler.ssl.SslHandler.unwrap(SslHandler.java:1408)
	at io.netty.handler.ssl.SslHandler.decodeJdkCompatible(SslHandler.java:1235)
	at io.netty.handler.ssl.SslHandler.decode(SslHandler.java:1282)
	at io.netty.handler.codec.ByteToMessageDecoder.decodeRemovalReentryProtection(ByteToMessageDecoder.java:498)
	at io.netty.handler.codec.ByteToMessageDecoder.callDecode(ByteToMessageDecoder.java:437)
	at io.netty.handler.codec.ByteToMessageDecoder.channelRead(ByteToMessageDecoder.java:276)
	at io.netty.channel.AbstractChannelHandlerContext.invokeChannelRead(AbstractChannelHandlerContext.java:379)
	at io.netty.channel.AbstractChannelHandlerContext.invokeChannelRead(AbstractChannelHandlerContext.java:365)
	at io.netty.channel.AbstractChannelHandlerContext.fireChannelRead(AbstractChannelHandlerContext.java:357)
	at io.netty.channel.DefaultChannelPipeline$HeadContext.channelRead(DefaultChannelPipeline.java:1410)
	at io.netty.channel.AbstractChannelHandlerContext.invokeChannelRead(AbstractChannelHandlerContext.java:379)
	at io.netty.channel.AbstractChannelHandlerContext.invokeChannelRead(AbstractChannelHandlerContext.java:365)
	at io.netty.channel.DefaultChannelPipeline.fireChannelRead(DefaultChannelPipeline.java:919)
	at io.netty.channel.nio.AbstractNioByteChannel$NioByteUnsafe.read(AbstractNioByteChannel.java:163)
	at io.netty.channel.nio.NioEventLoop.processSelectedKey(NioEventLoop.java:714)
	at io.netty.channel.nio.NioEventLoop.processSelectedKeysOptimized(NioEventLoop.java:650)
	at io.netty.channel.nio.NioEventLoop.processSelectedKeys(NioEventLoop.java:576)
	at io.netty.channel.nio.NioEventLoop.run(NioEventLoop.java:493)
	at io.netty.util.concurrent.SingleThreadEventExecutor$4.run(SingleThreadEventExecutor.java:989)
	at io.netty.util.internal.ThreadExecutorMap$2.run(ThreadExecutorMap.java:74)
	at io.netty.util.concurrent.FastThreadLocalRunnable.run(FastThreadLocalRunnable.java:30)
	at java.lang.Thread.run(Thread.java:748)
2020-06-22 14:06:55,462 [myid:127.0.0.1:30074] - ERROR [nioEventLoopGroup-9-1:ZKTrustManager@162] - Failed to verify hostname: activate.navicat.com
javax.net.ssl.SSLPeerUnverifiedException: Certificate for <activate.navicat.com> doesn't match common name of the certificate subject: localhost
	at org.apache.zookeeper.common.ZKHostnameVerifier.matchCN(ZKHostnameVerifier.java:238)
	at org.apache.zookeeper.common.ZKHostnameVerifier.verify(ZKHostnameVerifier.java:184)
	at org.apache.zookeeper.common.ZKTrustManager.performHostVerification(ZKTrustManager.java:159)
	at org.apache.zookeeper.common.ZKTrustManager.checkServerTrusted(ZKTrustManager.java:118)
	at sun.security.ssl.ClientHandshaker.serverCertificate(ClientHandshaker.java:1675)
	at sun.security.ssl.ClientHandshaker.processMessage(ClientHandshaker.java:226)
	at sun.security.ssl.Handshaker.processLoop(Handshaker.java:1082)
	at sun.security.ssl.Handshaker$1.run(Handshaker.java:1015)
	at sun.security.ssl.Handshaker$1.run(Handshaker.java:1012)
	at java.security.AccessController.doPrivileged(Native Method)
	at sun.security.ssl.Handshaker$DelegatedTask.run(Handshaker.java:1504)
	at io.netty.handler.ssl.SslHandler.runAllDelegatedTasks(SslHandler.java:1510)
	at io.netty.handler.ssl.SslHandler.runDelegatedTasks(SslHandler.java:1524)
	at io.netty.handler.ssl.SslHandler.unwrap(SslHandler.java:1408)
	at io.netty.handler.ssl.SslHandler.decodeJdkCompatible(SslHandler.java:1235)
	at io.netty.handler.ssl.SslHandler.decode(SslHandler.java:1282)
	at io.netty.handler.codec.ByteToMessageDecoder.decodeRemovalReentryProtection(ByteToMessageDecoder.java:498)
	at io.netty.handler.codec.ByteToMessageDecoder.callDecode(ByteToMessageDecoder.java:437)
	at io.netty.handler.codec.ByteToMessageDecoder.channelRead(ByteToMessageDecoder.java:276)
	at io.netty.channel.AbstractChannelHandlerContext.invokeChannelRead(AbstractChannelHandlerContext.java:379)
	at io.netty.channel.AbstractChannelHandlerContext.invokeChannelRead(AbstractChannelHandlerContext.java:365)
	at io.netty.channel.AbstractChannelHandlerContext.fireChannelRead(AbstractChannelHandlerContext.java:357)
	at io.netty.channel.DefaultChannelPipeline$HeadContext.channelRead(DefaultChannelPipeline.java:1410)
	at io.netty.channel.AbstractChannelHandlerContext.invokeChannelRead(AbstractChannelHandlerContext.java:379)
	at io.netty.channel.AbstractChannelHandlerContext.invokeChannelRead(AbstractChannelHandlerContext.java:365)
	at io.netty.channel.DefaultChannelPipeline.fireChannelRead(DefaultChannelPipeline.java:919)
	at io.netty.channel.nio.AbstractNioByteChannel$NioByteUnsafe.read(AbstractNioByteChannel.java:163)
	at io.netty.channel.nio.NioEventLoop.processSelectedKey(NioEventLoop.java:714)
	at io.netty.channel.nio.NioEventLoop.processSelectedKeysOptimized(NioEventLoop.java:650)
	at io.netty.channel.nio.NioEventLoop.processSelectedKeys(NioEventLoop.java:576)
	at io.netty.channel.nio.NioEventLoop.run(NioEventLoop.java:493)
	at io.netty.util.concurrent.SingleThreadEventExecutor$4.run(SingleThreadEventExecutor.java:989)
	at io.netty.util.internal.ThreadExecutorMap$2.run(ThreadExecutorMap.java:74)
	at io.netty.util.concurrent.FastThreadLocalRunnable.run(FastThreadLocalRunnable.java:30)
	at java.lang.Thread.run(Thread.java:748)
nioEventLoopGroup-9-1, fatal error: 46: General SSLEngine problem
java.security.cert.CertificateException: Failed to verify both host address and host name
%% Invalidated:  [Session-133, SSL_NULL_WITH_NULL_NULL]
%% Invalidated:  [Session-136, TLS_ECDHE_RSA_WITH_AES_256_CBC_SHA384]
nioEventLoopGroup-9-1, SEND TLSv1.2 ALERT:  fatal, description = certificate_unknown
nioEventLoopGroup-9-1, WRITE: TLSv1.2 Alert, length = 2
nioEventLoopGroup-9-1, fatal: engine already closed.  Rethrowing javax.net.ssl.SSLHandshakeException: General SSLEngine problem
nioEventLoopGroup-9-1, called closeOutbound()
nioEventLoopGroup-9-1, closeOutboundInternal()
nioEventLoopGroup-9-1, called closeInbound()
nioEventLoopGroup-9-1, fatal: engine already closed.  Rethrowing javax.net.ssl.SSLException: Inbound closed before receiving peer's close_notify: possible truncation attack?
nioEventLoopGroup-8-12, READ: TLSv1.2 Alert, length = 2
nioEventLoopGroup-8-12, RECV TLSv1.2 ALERT:  fatal, certificate_unknown
nioEventLoopGroup-8-12, fatal: engine already closed.  Rethrowing javax.net.ssl.SSLException: Received fatal alert: certificate_unknown
nioEventLoopGroup-8-12, fatal: engine already closed.  Rethrowing javax.net.ssl.SSLException: Received fatal alert: certificate_unknown
2020-06-22 14:06:55,464 [myid:] - ERROR [nioEventLoopGroup-8-12:NettyServerCnxnFactory$CertificateVerifier@434] - Unsuccessful handshake with session 0x0
nioEventLoopGroup-8-12, called closeOutbound()
nioEventLoopGroup-8-12, closeOutboundInternal()
nioEventLoopGroup-8-12, SEND TLSv1.2 ALERT:  warning, description = close_notify
nioEventLoopGroup-8-12, WRITE: TLSv1.2 Alert, length = 2
nioEventLoopGroup-8-12, called closeInbound()
nioEventLoopGroup-8-12, fatal: engine already closed.  Rethrowing javax.net.ssl.SSLException: Inbound closed before receiving peer's close_notify: possible truncation attack?
2020-06-22 14:06:55,464 [myid:127.0.0.1:30074] - ERROR [nioEventLoopGroup-9-1:ClientCnxnSocketNetty$ZKClientHandler@522] - Unexpected throwable
io.netty.handler.codec.DecoderException: javax.net.ssl.SSLHandshakeException: General SSLEngine problem
	at io.netty.handler.codec.ByteToMessageDecoder.callDecode(ByteToMessageDecoder.java:468)
	at io.netty.handler.codec.ByteToMessageDecoder.channelRead(ByteToMessageDecoder.java:276)
	at io.netty.channel.AbstractChannelHandlerContext.invokeChannelRead(AbstractChannelHandlerContext.java:379)
	at io.netty.channel.AbstractChannelHandlerContext.invokeChannelRead(AbstractChannelHandlerContext.java:365)
	at io.netty.channel.AbstractChannelHandlerContext.fireChannelRead(AbstractChannelHandlerContext.java:357)
	at io.netty.channel.DefaultChannelPipeline$HeadContext.channelRead(DefaultChannelPipeline.java:1410)
	at io.netty.channel.AbstractChannelHandlerContext.invokeChannelRead(AbstractChannelHandlerContext.java:379)
	at io.netty.channel.AbstractChannelHandlerContext.invokeChannelRead(AbstractChannelHandlerContext.java:365)
	at io.netty.channel.DefaultChannelPipeline.fireChannelRead(DefaultChannelPipeline.java:919)
	at io.netty.channel.nio.AbstractNioByteChannel$NioByteUnsafe.read(AbstractNioByteChannel.java:163)
	at io.netty.channel.nio.NioEventLoop.processSelectedKey(NioEventLoop.java:714)
	at io.netty.channel.nio.NioEventLoop.processSelectedKeysOptimized(NioEventLoop.java:650)
	at io.netty.channel.nio.NioEventLoop.processSelectedKeys(NioEventLoop.java:576)
	at io.netty.channel.nio.NioEventLoop.run(NioEventLoop.java:493)
	at io.netty.util.concurrent.SingleThreadEventExecutor$4.run(SingleThreadEventExecutor.java:989)
	at io.netty.util.internal.ThreadExecutorMap$2.run(ThreadExecutorMap.java:74)
	at io.netty.util.concurrent.FastThreadLocalRunnable.run(FastThreadLocalRunnable.java:30)
	at java.lang.Thread.run(Thread.java:748)
Caused by: javax.net.ssl.SSLHandshakeException: General SSLEngine problem
	at sun.security.ssl.Handshaker.checkThrown(Handshaker.java:1566)
	at sun.security.ssl.SSLEngineImpl.checkTaskThrown(SSLEngineImpl.java:545)
	at sun.security.ssl.SSLEngineImpl.readNetRecord(SSLEngineImpl.java:819)
	at sun.security.ssl.SSLEngineImpl.unwrap(SSLEngineImpl.java:783)
	at javax.net.ssl.SSLEngine.unwrap(SSLEngine.java:626)
	at io.netty.handler.ssl.SslHandler$SslEngineType$3.unwrap(SslHandler.java:281)
	at io.netty.handler.ssl.SslHandler.unwrap(SslHandler.java:1340)
	at io.netty.handler.ssl.SslHandler.decodeJdkCompatible(SslHandler.java:1235)
	at io.netty.handler.ssl.SslHandler.decode(SslHandler.java:1282)
	at io.netty.handler.codec.ByteToMessageDecoder.decodeRemovalReentryProtection(ByteToMessageDecoder.java:498)
	at io.netty.handler.codec.ByteToMessageDecoder.callDecode(ByteToMessageDecoder.java:437)
	... 17 more
Caused by: javax.net.ssl.SSLHandshakeException: General SSLEngine problem
	at sun.security.ssl.Alerts.getSSLException(Alerts.java:198)
	at sun.security.ssl.SSLEngineImpl.fatal(SSLEngineImpl.java:1729)
	at sun.security.ssl.Handshaker.fatalSE(Handshaker.java:333)
	at sun.security.ssl.Handshaker.fatalSE(Handshaker.java:325)
	at sun.security.ssl.ClientHandshaker.serverCertificate(ClientHandshaker.java:1688)
	at sun.security.ssl.ClientHandshaker.processMessage(ClientHandshaker.java:226)
	at sun.security.ssl.Handshaker.processLoop(Handshaker.java:1082)
	at sun.security.ssl.Handshaker$1.run(Handshaker.java:1015)
	at sun.security.ssl.Handshaker$1.run(Handshaker.java:1012)
	at java.security.AccessController.doPrivileged(Native Method)
	at sun.security.ssl.Handshaker$DelegatedTask.run(Handshaker.java:1504)
	at io.netty.handler.ssl.SslHandler.runAllDelegatedTasks(SslHandler.java:1510)
	at io.netty.handler.ssl.SslHandler.runDelegatedTasks(SslHandler.java:1524)
	at io.netty.handler.ssl.SslHandler.unwrap(SslHandler.java:1408)
	... 21 more
Caused by: java.security.cert.CertificateException: Failed to verify both host address and host name
	at org.apache.zookeeper.common.ZKTrustManager.performHostVerification(ZKTrustManager.java:163)
	at org.apache.zookeeper.common.ZKTrustManager.checkServerTrusted(ZKTrustManager.java:118)
	at sun.security.ssl.ClientHandshaker.serverCertificate(ClientHandshaker.java:1675)
	... 30 more
Caused by: javax.net.ssl.SSLPeerUnverifiedException: Certificate for <activate.navicat.com> doesn't match common name of the certificate subject: localhost
	at org.apache.zookeeper.common.ZKHostnameVerifier.matchCN(ZKHostnameVerifier.java:238)
	at org.apache.zookeeper.common.ZKHostnameVerifier.verify(ZKHostnameVerifier.java:184)
	at org.apache.zookeeper.common.ZKTrustManager.performHostVerification(ZKTrustManager.java:159)
	... 32 more
2020-06-22 14:06:55,464 [myid:127.0.0.1:30074] - INFO  [nioEventLoopGroup-9-1:ClientCnxnSocketNetty@249] - channel is told closing
nioEventLoopGroup-9-1, called closeOutbound()
nioEventLoopGroup-9-1, closeOutboundInternal()
2020-06-22 14:06:55,464 [myid:127.0.0.1:30074] - WARN  [main-SendThread(127.0.0.1:30074):ClientCnxn$SendThread@1272] - Session 0x0 for sever activate.navicat.com/127.0.0.1:30074, Closing socket connection. Attempting reconnect except it is a SessionExpiredException.
EndOfStreamException: channel for sessionid 0x0 is lost
	at org.apache.zookeeper.ClientCnxnSocketNetty.doTransport(ClientCnxnSocketNetty.java:285)
	at org.apache.zookeeper.ClientCnxn$SendThread.run(ClientCnxn.java:1262)
2020-06-22 14:06:55,464 [myid:] - WARN  [nioEventLoopGroup-8-12:NettyServerCnxnFactory$CnxnChannelHandler@273] - Exception caught
io.netty.handler.codec.DecoderException: javax.net.ssl.SSLException: Received fatal alert: certificate_unknown
	at io.netty.handler.codec.ByteToMessageDecoder.callDecode(ByteToMessageDecoder.java:468)
	at io.netty.handler.codec.ByteToMessageDecoder.channelRead(ByteToMessageDecoder.java:276)
	at io.netty.channel.AbstractChannelHandlerContext.invokeChannelRead(AbstractChannelHandlerContext.java:379)
	at io.netty.channel.AbstractChannelHandlerContext.invokeChannelRead(AbstractChannelHandlerContext.java:365)
	at io.netty.channel.AbstractChannelHandlerContext.fireChannelRead(AbstractChannelHandlerContext.java:357)
	at io.netty.channel.DefaultChannelPipeline$HeadContext.channelRead(DefaultChannelPipeline.java:1410)
	at io.netty.channel.AbstractChannelHandlerContext.invokeChannelRead(AbstractChannelHandlerContext.java:379)
	at io.netty.channel.AbstractChannelHandlerContext.invokeChannelRead(AbstractChannelHandlerContext.java:365)
	at io.netty.channel.DefaultChannelPipeline.fireChannelRead(DefaultChannelPipeline.java:919)
	at io.netty.channel.nio.AbstractNioByteChannel$NioByteUnsafe.read(AbstractNioByteChannel.java:163)
	at io.netty.channel.nio.NioEventLoop.processSelectedKey(NioEventLoop.java:714)
	at io.netty.channel.nio.NioEventLoop.processSelectedKeysOptimized(NioEventLoop.java:650)
	at io.netty.channel.nio.NioEventLoop.processSelectedKeys(NioEventLoop.java:576)
	at io.netty.channel.nio.NioEventLoop.run(NioEventLoop.java:493)
	at io.netty.util.concurrent.SingleThreadEventExecutor$4.run(SingleThreadEventExecutor.java:989)
	at io.netty.util.internal.ThreadExecutorMap$2.run(ThreadExecutorMap.java:74)
	at io.netty.util.concurrent.FastThreadLocalRunnable.run(FastThreadLocalRunnable.java:30)
	at java.lang.Thread.run(Thread.java:748)
Caused by: javax.net.ssl.SSLException: Received fatal alert: certificate_unknown
	at sun.security.ssl.Alerts.getSSLException(Alerts.java:214)
	at sun.security.ssl.SSLEngineImpl.fatal(SSLEngineImpl.java:1667)
	at sun.security.ssl.SSLEngineImpl.fatal(SSLEngineImpl.java:1635)
	at sun.security.ssl.SSLEngineImpl.recvAlert(SSLEngineImpl.java:1801)
	at sun.security.ssl.SSLEngineImpl.readRecord(SSLEngineImpl.java:1090)
	at sun.security.ssl.SSLEngineImpl.readNetRecord(SSLEngineImpl.java:913)
	at sun.security.ssl.SSLEngineImpl.unwrap(SSLEngineImpl.java:783)
	at javax.net.ssl.SSLEngine.unwrap(SSLEngine.java:626)
	at io.netty.handler.ssl.SslHandler$SslEngineType$3.unwrap(SslHandler.java:281)
	at io.netty.handler.ssl.SslHandler.unwrap(SslHandler.java:1340)
	at io.netty.handler.ssl.SslHandler.decodeJdkCompatible(SslHandler.java:1235)
	at io.netty.handler.ssl.SslHandler.decode(SslHandler.java:1282)
	at io.netty.handler.codec.ByteToMessageDecoder.decodeRemovalReentryProtection(ByteToMessageDecoder.java:498)
	at io.netty.handler.codec.ByteToMessageDecoder.callDecode(ByteToMessageDecoder.java:437)
	... 17 more
nioEventLoopGroup-8-12, called closeOutbound()
nioEventLoopGroup-8-12, closeOutboundInternal()
2020-06-22 14:06:55,464 [myid:127.0.0.1:30074] - INFO  [nioEventLoopGroup-9-1:ClientCnxnSocketNetty$ZKClientHandler@469] - channel is disconnected: [id: 0x97098e50, L:/127.0.0.1:56421 ! R:activate.navicat.com/127.0.0.1:30074]
nioEventLoopGroup-8-12, READ: TLSv1.2 Alert, length = 2
nioEventLoopGroup-8-12, RECV TLSv1.2 ALERT:  fatal, certificate_unknown
nioEventLoopGroup-8-12, fatal: engine already closed.  Rethrowing javax.net.ssl.SSLException: Received fatal alert: certificate_unknown
nioEventLoopGroup-8-12, fatal: engine already closed.  Rethrowing javax.net.ssl.SSLException: Received fatal alert: certificate_unknown
nioEventLoopGroup-8-12, called closeOutbound()
nioEventLoopGroup-8-12, closeOutboundInternal()
nioEventLoopGroup-8-12, called closeInbound()
nioEventLoopGroup-8-12, closeInboundInternal()
nioEventLoopGroup-8-12, closeOutboundInternal()
2020-06-22 14:06:55,465 [myid:] - WARN  [nioEventLoopGroup-8-12:NettyServerCnxnFactory$CnxnChannelHandler@273] - Exception caught
io.netty.handler.codec.DecoderException: javax.net.ssl.SSLException: Received fatal alert: certificate_unknown
	at io.netty.handler.codec.ByteToMessageDecoder.callDecode(ByteToMessageDecoder.java:468)
	at io.netty.handler.codec.ByteToMessageDecoder.channelInputClosed(ByteToMessageDecoder.java:401)
	at io.netty.handler.codec.ByteToMessageDecoder.channelInputClosed(ByteToMessageDecoder.java:368)
	at io.netty.handler.codec.ByteToMessageDecoder.channelInactive(ByteToMessageDecoder.java:351)
	at io.netty.handler.ssl.SslHandler.channelInactive(SslHandler.java:1084)
	at io.netty.channel.AbstractChannelHandlerContext.invokeChannelInactive(AbstractChannelHandlerContext.java:262)
	at io.netty.channel.AbstractChannelHandlerContext.invokeChannelInactive(AbstractChannelHandlerContext.java:248)
	at io.netty.channel.AbstractChannelHandlerContext.fireChannelInactive(AbstractChannelHandlerContext.java:241)
	at io.netty.channel.DefaultChannelPipeline$HeadContext.channelInactive(DefaultChannelPipeline.java:1405)
	at io.netty.channel.AbstractChannelHandlerContext.invokeChannelInactive(AbstractChannelHandlerContext.java:262)
	at io.netty.channel.AbstractChannelHandlerContext.invokeChannelInactive(AbstractChannelHandlerContext.java:248)
	at io.netty.channel.DefaultChannelPipeline.fireChannelInactive(DefaultChannelPipeline.java:901)
	at io.netty.channel.AbstractChannel$AbstractUnsafe$8.run(AbstractChannel.java:818)
	at io.netty.util.concurrent.AbstractEventExecutor.safeExecute(AbstractEventExecutor.java:164)
	at io.netty.util.concurrent.SingleThreadEventExecutor.runAllTasks(SingleThreadEventExecutor.java:472)
	at io.netty.channel.nio.NioEventLoop.run(NioEventLoop.java:497)
	at io.netty.util.concurrent.SingleThreadEventExecutor$4.run(SingleThreadEventExecutor.java:989)
	at io.netty.util.internal.ThreadExecutorMap$2.run(ThreadExecutorMap.java:74)
	at io.netty.util.concurrent.FastThreadLocalRunnable.run(FastThreadLocalRunnable.java:30)
	at java.lang.Thread.run(Thread.java:748)
Caused by: javax.net.ssl.SSLException: Received fatal alert: certificate_unknown
	at sun.security.ssl.Alerts.getSSLException(Alerts.java:214)
	at sun.security.ssl.SSLEngineImpl.fatal(SSLEngineImpl.java:1667)
	at sun.security.ssl.SSLEngineImpl.fatal(SSLEngineImpl.java:1635)
	at sun.security.ssl.SSLEngineImpl.recvAlert(SSLEngineImpl.java:1801)
	at sun.security.ssl.SSLEngineImpl.readRecord(SSLEngineImpl.java:1090)
	at sun.security.ssl.SSLEngineImpl.readNetRecord(SSLEngineImpl.java:913)
	at sun.security.ssl.SSLEngineImpl.unwrap(SSLEngineImpl.java:783)
	at javax.net.ssl.SSLEngine.unwrap(SSLEngine.java:626)
	at io.netty.handler.ssl.SslHandler$SslEngineType$3.unwrap(SslHandler.java:281)
	at io.netty.handler.ssl.SslHandler.unwrap(SslHandler.java:1340)
	at io.netty.handler.ssl.SslHandler.decodeJdkCompatible(SslHandler.java:1235)
	at io.netty.handler.ssl.SslHandler.decode(SslHandler.java:1282)
	at io.netty.handler.codec.ByteToMessageDecoder.decodeRemovalReentryProtection(ByteToMessageDecoder.java:498)
	at io.netty.handler.codec.ByteToMessageDecoder.callDecode(ByteToMessageDecoder.java:437)
	... 19 more
2020-06-22 14:06:56,550 [myid:127.0.0.1:30074] - INFO  [main-SendThread(127.0.0.1:30074):ClientCnxn$SendThread@1154] - Opening socket connection to server activate.navicat.com/127.0.0.1:30074.
2020-06-22 14:06:56,550 [myid:127.0.0.1:30074] - INFO  [main-SendThread(127.0.0.1:30074):ClientCnxn$SendThread@1156] - SASL config status: Will not attempt to authenticate using SASL (unknown error)
adding as trusted cert:
  Subject: CN=localhost, OU=ZooKeeper, O=Apache, L=Unknown, ST=Unknown, C=Unknown
  Issuer:  CN=localhost, OU=ZooKeeper, O=Apache, L=Unknown, ST=Unknown, C=Unknown
  Algorithm: RSA; Serial number: 0x7334b506
  Valid from Sat Jan 31 02:57:30 CST 2015 until Wed Feb 08 02:57:30 CST 3015

trigger seeding of SecureRandom
done seeding SecureRandom
Using SSLEngineImpl.
%% Initialized:  [Session-137, SSL_NULL_WITH_NULL_NULL]
2020-06-22 14:06:56,551 [myid:127.0.0.1:30074] - INFO  [nioEventLoopGroup-9-1:ClientCnxnSocketNetty$ZKClientPipelineFactory@454] - SSL handler added for channel: [id: 0x39e55f56]
2020-06-22 14:06:56,552 [myid:127.0.0.1:30074] - INFO  [nioEventLoopGroup-9-1:ClientCnxn$SendThread@986] - Socket connection established, initiating session, client: /127.0.0.1:56482, server: activate.navicat.com/127.0.0.1:30074
2020-06-22 14:06:56,552 [myid:127.0.0.1:30074] - INFO  [nioEventLoopGroup-9-1:ClientCnxnSocketNetty$1@184] - channel is connected: [id: 0x39e55f56, L:/127.0.0.1:56482 - R:activate.navicat.com/127.0.0.1:30074]
Allow unsafe renegotiation: false
Allow legacy hello messages: true
Is initial handshake: true
Is secure renegotiation: false
Ignoring unsupported cipher suite: TLS_ECDHE_ECDSA_WITH_AES_256_CBC_SHA384 for TLSv1
Ignoring unsupported cipher suite: TLS_ECDHE_RSA_WITH_AES_256_CBC_SHA384 for TLSv1
Ignoring unsupported cipher suite: TLS_RSA_WITH_AES_256_CBC_SHA256 for TLSv1
Ignoring unsupported cipher suite: TLS_ECDH_ECDSA_WITH_AES_256_CBC_SHA384 for TLSv1
Ignoring unsupported cipher suite: TLS_ECDH_RSA_WITH_AES_256_CBC_SHA384 for TLSv1
Ignoring unsupported cipher suite: TLS_DHE_RSA_WITH_AES_256_CBC_SHA256 for TLSv1
Ignoring unsupported cipher suite: TLS_DHE_DSS_WITH_AES_256_CBC_SHA256 for TLSv1
Ignoring unsupported cipher suite: TLS_ECDHE_ECDSA_WITH_AES_256_CBC_SHA384 for TLSv1.1
Ignoring unsupported cipher suite: TLS_ECDHE_RSA_WITH_AES_256_CBC_SHA384 for TLSv1.1
Ignoring unsupported cipher suite: TLS_RSA_WITH_AES_256_CBC_SHA256 for TLSv1.1
Ignoring unsupported cipher suite: TLS_ECDH_ECDSA_WITH_AES_256_CBC_SHA384 for TLSv1.1
Ignoring unsupported cipher suite: TLS_ECDH_RSA_WITH_AES_256_CBC_SHA384 for TLSv1.1
Ignoring unsupported cipher suite: TLS_DHE_RSA_WITH_AES_256_CBC_SHA256 for TLSv1.1
Ignoring unsupported cipher suite: TLS_DHE_DSS_WITH_AES_256_CBC_SHA256 for TLSv1.1
trigger seeding of SecureRandom
done seeding SecureRandom
Using SSLEngineImpl.
%% Initialized:  [Session-138, SSL_NULL_WITH_NULL_NULL]
%% No cached client session
update handshake state: client_hello[1]
upcoming handshake states: server_hello[2]
*** ClientHello, TLSv1.2
RandomCookie:  GMT: 1576028544 bytes = { 63, 27, 247, 171, 53, 43, 34, 216, 121, 231, 68, 126, 114, 209, 250, 155, 219, 88, 248, 139, 25, 33, 135, 229, 79, 220, 14, 8 }
Session ID:  {}
Cipher Suites: [TLS_ECDHE_ECDSA_WITH_AES_256_CBC_SHA384, TLS_ECDHE_RSA_WITH_AES_256_CBC_SHA384, TLS_RSA_WITH_AES_256_CBC_SHA256, TLS_ECDH_ECDSA_WITH_AES_256_CBC_SHA384, TLS_ECDH_RSA_WITH_AES_256_CBC_SHA384, TLS_DHE_RSA_WITH_AES_256_CBC_SHA256, TLS_DHE_DSS_WITH_AES_256_CBC_SHA256, TLS_ECDHE_ECDSA_WITH_AES_256_CBC_SHA, TLS_ECDHE_RSA_WITH_AES_256_CBC_SHA, TLS_RSA_WITH_AES_256_CBC_SHA, TLS_ECDH_ECDSA_WITH_AES_256_CBC_SHA, TLS_ECDH_RSA_WITH_AES_256_CBC_SHA, TLS_DHE_RSA_WITH_AES_256_CBC_SHA, TLS_DHE_DSS_WITH_AES_256_CBC_SHA, TLS_ECDHE_ECDSA_WITH_AES_128_CBC_SHA256, TLS_ECDHE_RSA_WITH_AES_128_CBC_SHA256, TLS_RSA_WITH_AES_128_CBC_SHA256, TLS_ECDH_ECDSA_WITH_AES_128_CBC_SHA256, TLS_ECDH_RSA_WITH_AES_128_CBC_SHA256, TLS_DHE_RSA_WITH_AES_128_CBC_SHA256, TLS_DHE_DSS_WITH_AES_128_CBC_SHA256, TLS_ECDHE_ECDSA_WITH_AES_128_CBC_SHA, TLS_ECDHE_RSA_WITH_AES_128_CBC_SHA, TLS_RSA_WITH_AES_128_CBC_SHA, TLS_ECDH_ECDSA_WITH_AES_128_CBC_SHA, TLS_ECDH_RSA_WITH_AES_128_CBC_SHA, TLS_DHE_RSA_WITH_AES_128_CBC_SHA, TLS_DHE_DSS_WITH_AES_128_CBC_SHA, TLS_ECDHE_ECDSA_WITH_AES_256_GCM_SHA384, TLS_ECDHE_ECDSA_WITH_AES_128_GCM_SHA256, TLS_ECDHE_RSA_WITH_AES_256_GCM_SHA384, TLS_RSA_WITH_AES_256_GCM_SHA384, TLS_ECDH_ECDSA_WITH_AES_256_GCM_SHA384, TLS_ECDH_RSA_WITH_AES_256_GCM_SHA384, TLS_DHE_RSA_WITH_AES_256_GCM_SHA384, TLS_DHE_DSS_WITH_AES_256_GCM_SHA384, TLS_ECDHE_RSA_WITH_AES_128_GCM_SHA256, TLS_RSA_WITH_AES_128_GCM_SHA256, TLS_ECDH_ECDSA_WITH_AES_128_GCM_SHA256, TLS_ECDH_RSA_WITH_AES_128_GCM_SHA256, TLS_DHE_RSA_WITH_AES_128_GCM_SHA256, TLS_DHE_DSS_WITH_AES_128_GCM_SHA256, TLS_EMPTY_RENEGOTIATION_INFO_SCSV]
Compression Methods:  { 0 }
Extension elliptic_curves, curve names: {secp256r1, secp384r1, secp521r1}
Extension ec_point_formats, formats: [uncompressed]
Extension signature_algorithms, signature_algorithms: SHA512withECDSA, SHA512withRSA, SHA384withECDSA, SHA384withRSA, SHA256withECDSA, SHA256withRSA, SHA256withDSA, SHA1withECDSA, SHA1withRSA, SHA1withDSA
Extension extended_master_secret
Extension server_name, server_name: [type=host_name (0), value=activate.navicat.com]
***
nioEventLoopGroup-9-1, WRITE: TLSv1.2 Handshake, length = 208
Allow unsafe renegotiation: false
Allow legacy hello messages: true
Is initial handshake: true
Is secure renegotiation: false
nioEventLoopGroup-8-13, READ: TLSv1.2 Handshake, length = 208
check handshake state: client_hello[1]
update handshake state: client_hello[1]
upcoming handshake states: server_hello[2]
*** ClientHello, TLSv1.2
RandomCookie:  GMT: 1576028544 bytes = { 63, 27, 247, 171, 53, 43, 34, 216, 121, 231, 68, 126, 114, 209, 250, 155, 219, 88, 248, 139, 25, 33, 135, 229, 79, 220, 14, 8 }
Session ID:  {}
Cipher Suites: [TLS_ECDHE_ECDSA_WITH_AES_256_CBC_SHA384, TLS_ECDHE_RSA_WITH_AES_256_CBC_SHA384, TLS_RSA_WITH_AES_256_CBC_SHA256, TLS_ECDH_ECDSA_WITH_AES_256_CBC_SHA384, TLS_ECDH_RSA_WITH_AES_256_CBC_SHA384, TLS_DHE_RSA_WITH_AES_256_CBC_SHA256, TLS_DHE_DSS_WITH_AES_256_CBC_SHA256, TLS_ECDHE_ECDSA_WITH_AES_256_CBC_SHA, TLS_ECDHE_RSA_WITH_AES_256_CBC_SHA, TLS_RSA_WITH_AES_256_CBC_SHA, TLS_ECDH_ECDSA_WITH_AES_256_CBC_SHA, TLS_ECDH_RSA_WITH_AES_256_CBC_SHA, TLS_DHE_RSA_WITH_AES_256_CBC_SHA, TLS_DHE_DSS_WITH_AES_256_CBC_SHA, TLS_ECDHE_ECDSA_WITH_AES_128_CBC_SHA256, TLS_ECDHE_RSA_WITH_AES_128_CBC_SHA256, TLS_RSA_WITH_AES_128_CBC_SHA256, TLS_ECDH_ECDSA_WITH_AES_128_CBC_SHA256, TLS_ECDH_RSA_WITH_AES_128_CBC_SHA256, TLS_DHE_RSA_WITH_AES_128_CBC_SHA256, TLS_DHE_DSS_WITH_AES_128_CBC_SHA256, TLS_ECDHE_ECDSA_WITH_AES_128_CBC_SHA, TLS_ECDHE_RSA_WITH_AES_128_CBC_SHA, TLS_RSA_WITH_AES_128_CBC_SHA, TLS_ECDH_ECDSA_WITH_AES_128_CBC_SHA, TLS_ECDH_RSA_WITH_AES_128_CBC_SHA, TLS_DHE_RSA_WITH_AES_128_CBC_SHA, TLS_DHE_DSS_WITH_AES_128_CBC_SHA, TLS_ECDHE_ECDSA_WITH_AES_256_GCM_SHA384, TLS_ECDHE_ECDSA_WITH_AES_128_GCM_SHA256, TLS_ECDHE_RSA_WITH_AES_256_GCM_SHA384, TLS_RSA_WITH_AES_256_GCM_SHA384, TLS_ECDH_ECDSA_WITH_AES_256_GCM_SHA384, TLS_ECDH_RSA_WITH_AES_256_GCM_SHA384, TLS_DHE_RSA_WITH_AES_256_GCM_SHA384, TLS_DHE_DSS_WITH_AES_256_GCM_SHA384, TLS_ECDHE_RSA_WITH_AES_128_GCM_SHA256, TLS_RSA_WITH_AES_128_GCM_SHA256, TLS_ECDH_ECDSA_WITH_AES_128_GCM_SHA256, TLS_ECDH_RSA_WITH_AES_128_GCM_SHA256, TLS_DHE_RSA_WITH_AES_128_GCM_SHA256, TLS_DHE_DSS_WITH_AES_128_GCM_SHA256, TLS_EMPTY_RENEGOTIATION_INFO_SCSV]
Compression Methods:  { 0 }
Extension elliptic_curves, curve names: {secp256r1, secp384r1, secp521r1}
Extension ec_point_formats, formats: [uncompressed]
Extension signature_algorithms, signature_algorithms: SHA512withECDSA, SHA512withRSA, SHA384withECDSA, SHA384withRSA, SHA256withECDSA, SHA256withRSA, SHA256withDSA, SHA1withECDSA, SHA1withRSA, SHA1withDSA
Extension extended_master_secret
Extension server_name, server_name: [type=host_name (0), value=activate.navicat.com]
***
%% Initialized:  [Session-139, SSL_NULL_WITH_NULL_NULL]
Standard ciphersuite chosen: TLS_ECDHE_RSA_WITH_AES_256_CBC_SHA384
%% Negotiating:  [Session-139, TLS_ECDHE_RSA_WITH_AES_256_CBC_SHA384]
*** ServerHello, TLSv1.2
RandomCookie:  GMT: 1576028544 bytes = { 125, 187, 187, 46, 95, 49, 33, 167, 215, 20, 226, 137, 52, 176, 50, 162, 119, 185, 215, 84, 0, 88, 230, 163, 201, 34, 25, 132 }
Session ID:  {94, 240, 74, 128, 143, 14, 22, 104, 202, 229, 209, 114, 51, 140, 186, 210, 166, 92, 42, 154, 134, 123, 6, 44, 77, 201, 7, 250, 55, 167, 140, 112}
Cipher Suite: TLS_ECDHE_RSA_WITH_AES_256_CBC_SHA384
Compression Method: 0
Extension renegotiation_info, renegotiated_connection: <empty>
Extension extended_master_secret
***
Cipher suite:  TLS_ECDHE_RSA_WITH_AES_256_CBC_SHA384
update handshake state: server_hello[2]
upcoming handshake states: server certificate[11]
upcoming handshake states: server_key_exchange[12](optional)
upcoming handshake states: certificate_request[13](optional)
upcoming handshake states: server_hello_done[14]
upcoming handshake states: client certificate[11](optional)
upcoming handshake states: client_key_exchange[16]
upcoming handshake states: certificate_verify[15](optional)
upcoming handshake states: client change_cipher_spec[-1]
upcoming handshake states: client finished[20]
upcoming handshake states: server change_cipher_spec[-1]
upcoming handshake states: server finished[20]
*** Certificate chain
chain [0] = [
[
  Version: V3
  Subject: CN=localhost, OU=ZooKeeper, O=Apache, L=Unknown, ST=Unknown, C=Unknown
  Signature Algorithm: SHA256withRSA, OID = 1.2.840.113549.1.1.11

  Key:  Sun RSA public key, 2048 bits
  params: null
  modulus: 20466894428749997265095448870198652391311568515891366224735448896044144250313384062095901217219702596717622583159291680947094046474456586662132842412743846124470020097713679685492900855417800931365512472314155689881392853768001073664569106127795833231344696659209258027979401908711647617989508135190248980524852215540637603770017238536229773075995665111861820945008718990948857303373661769409475939971958531493423489844433566328219155461676589360491136984327342101195255797973694339642711115427623510874675394946293706606142706174397483349590050687482693164890194014220011640037490528845185364811025836034294701994387
  public exponent: 65537
  Validity: [From: Sat Jan 31 02:57:30 CST 2015,
               To: Wed Feb 08 02:57:30 CST 3015]
  Issuer: CN=localhost, OU=ZooKeeper, O=Apache, L=Unknown, ST=Unknown, C=Unknown
  SerialNumber: [    7334b506]

Certificate Extensions: 1
[1]: ObjectId: 2.5.29.14 Criticality=false
SubjectKeyIdentifier [
KeyIdentifier [
0000: 65 D7 B4 E0 27 45 7A 00   58 2F AD D5 0B 64 2D 77  e...'Ez.X/...d-w
0010: 88 F7 AA F5                                        ....
]
]

]
  Algorithm: [SHA256withRSA]
  Signature:
0000: 1B C8 6B 36 83 1D 28 37   5C 1F 7D F6 C6 84 A0 BF  ..k6..(7\.......
0010: CA C0 47 CF C5 34 70 7A   CF 6B EA 34 84 BE 08 7A  ..G..4pz.k.4...z
0020: 98 E6 3D ED 1D E2 6F 06   DB 23 AB 41 AD D5 DF 1D  ..=...o..#.A....
0030: 92 F4 9D 05 FD 7C EE BE   4A 87 B8 F1 FE F4 5B 79  ........J.....[y
0040: DC AD F7 44 3D 67 08 7A   3B 91 D7 5A 79 44 96 D7  ...D=g.z;..ZyD..
0050: BE 0E 41 C8 64 E3 87 C3   28 11 AB DC 36 F5 B0 AC  ..A.d...(...6...
0060: BD 2F 16 1D 6E A1 52 25   5A EC 6F AD 20 71 5A 1B  ./..n.R%Z.o. qZ.
0070: 66 D4 0D A6 49 B7 75 43   C4 84 0B 4B AC BD 16 76  f...I.uC...K...v
0080: 58 2B 07 85 E2 F1 44 15   1E 67 D1 3C 13 73 5A 2D  X+....D..g.<.sZ-
0090: D6 06 0B A1 D3 09 7E EF   88 F9 C3 0E A4 10 47 EA  ..............G.
00A0: 65 5D CD F0 39 EA 2F 59   1C 08 BC F9 CC 5B C9 BB  e]..9./Y.....[..
00B0: 2F 20 19 81 97 B5 21 BB   60 A4 39 08 6C 41 2A 51  / ....!.`.9.lA*Q
00C0: B1 C3 1A A3 8C F8 ED 67   D0 EE EC 52 01 2A E4 1E  .......g...R.*..
00D0: D2 B4 34 73 DC 7E 34 24   A9 4E 77 AD FD B3 77 0D  ..4s..4$.Nw...w.
00E0: C2 7A C0 65 F6 CC 11 9D   19 AA 59 13 C3 9D AD 5F  .z.e......Y...._
00F0: 61 E6 C2 18 F0 E5 A1 49   41 B5 EF 9E 91 0C 35 9C  a......IA.....5.

]
***
update handshake state: certificate[11]
upcoming handshake states: server_key_exchange[12](optional)
upcoming handshake states: certificate_request[13](optional)
upcoming handshake states: server_hello_done[14]
upcoming handshake states: client certificate[11](optional)
upcoming handshake states: client_key_exchange[16]
upcoming handshake states: certificate_verify[15](optional)
upcoming handshake states: client change_cipher_spec[-1]
upcoming handshake states: client finished[20]
upcoming handshake states: server change_cipher_spec[-1]
upcoming handshake states: server finished[20]
*** ECDH ServerKeyExchange
Signature Algorithm SHA512withRSA
Server key: Sun EC public key, 256 bits
  public x coord: 71617583120914820860996239599115179349991945332734868514180396481907218081402
  public y coord: 23993597104141994198621531901662723052515942304971157274166751824041905336942
  parameters: secp256r1 [NIST P-256, X9.62 prime256v1] (1.2.840.10045.3.1.7)
update handshake state: server_key_exchange[12]
upcoming handshake states: certificate_request[13](optional)
upcoming handshake states: server_hello_done[14]
upcoming handshake states: client certificate[11](optional)
upcoming handshake states: client_key_exchange[16]
upcoming handshake states: certificate_verify[15](optional)
upcoming handshake states: client change_cipher_spec[-1]
upcoming handshake states: client finished[20]
upcoming handshake states: server change_cipher_spec[-1]
upcoming handshake states: server finished[20]
*** CertificateRequest
Cert Types: RSA, DSS, ECDSA
Supported Signature Algorithms: SHA512withECDSA, SHA512withRSA, SHA384withECDSA, SHA384withRSA, SHA256withECDSA, SHA256withRSA, SHA256withDSA, SHA1withECDSA, SHA1withRSA, SHA1withDSA
Cert Authorities:
<CN=localhost, OU=ZooKeeper, O=Apache, L=Unknown, ST=Unknown, C=Unknown>
update handshake state: unknown[13]
upcoming handshake states: server_hello_done[14]
upcoming handshake states: client certificate[11](optional)
upcoming handshake states: client_key_exchange[16]
upcoming handshake states: certificate_verify[15](optional)
upcoming handshake states: client change_cipher_spec[-1]
upcoming handshake states: client finished[20]
upcoming handshake states: server change_cipher_spec[-1]
upcoming handshake states: server finished[20]
*** ServerHelloDone
update handshake state: server_hello_done[14]
upcoming handshake states: client certificate[11](optional)
upcoming handshake states: client_key_exchange[16]
upcoming handshake states: certificate_verify[15](optional)
upcoming handshake states: client change_cipher_spec[-1]
upcoming handshake states: client finished[20]
upcoming handshake states: server change_cipher_spec[-1]
upcoming handshake states: server finished[20]
nioEventLoopGroup-8-13, WRITE: TLSv1.2 Handshake, length = 1478
nioEventLoopGroup-9-1, READ: TLSv1.2 Handshake, length = 1478
check handshake state: server_hello[2]
*** ServerHello, TLSv1.2
RandomCookie:  GMT: 1576028544 bytes = { 125, 187, 187, 46, 95, 49, 33, 167, 215, 20, 226, 137, 52, 176, 50, 162, 119, 185, 215, 84, 0, 88, 230, 163, 201, 34, 25, 132 }
Session ID:  {94, 240, 74, 128, 143, 14, 22, 104, 202, 229, 209, 114, 51, 140, 186, 210, 166, 92, 42, 154, 134, 123, 6, 44, 77, 201, 7, 250, 55, 167, 140, 112}
Cipher Suite: TLS_ECDHE_RSA_WITH_AES_256_CBC_SHA384
Compression Method: 0
Extension renegotiation_info, renegotiated_connection: <empty>
Extension extended_master_secret
***
%% Initialized:  [Session-140, TLS_ECDHE_RSA_WITH_AES_256_CBC_SHA384]
** TLS_ECDHE_RSA_WITH_AES_256_CBC_SHA384
update handshake state: server_hello[2]
upcoming handshake states: server certificate[11]
upcoming handshake states: server_key_exchange[12](optional)
upcoming handshake states: certificate_request[13](optional)
upcoming handshake states: server_hello_done[14]
upcoming handshake states: client certificate[11](optional)
upcoming handshake states: client_key_exchange[16]
upcoming handshake states: certificate_verify[15](optional)
upcoming handshake states: client change_cipher_spec[-1]
upcoming handshake states: client finished[20]
upcoming handshake states: server change_cipher_spec[-1]
upcoming handshake states: server finished[20]
check handshake state: certificate[11]
update handshake state: certificate[11]
upcoming handshake states: server_key_exchange[12](optional)
upcoming handshake states: certificate_request[13](optional)
upcoming handshake states: server_hello_done[14]
upcoming handshake states: client certificate[11](optional)
upcoming handshake states: client_key_exchange[16]
upcoming handshake states: certificate_verify[15](optional)
upcoming handshake states: client change_cipher_spec[-1]
upcoming handshake states: client finished[20]
upcoming handshake states: server change_cipher_spec[-1]
upcoming handshake states: server finished[20]
*** Certificate chain
chain [0] = [
[
  Version: V3
  Subject: CN=localhost, OU=ZooKeeper, O=Apache, L=Unknown, ST=Unknown, C=Unknown
  Signature Algorithm: SHA256withRSA, OID = 1.2.840.113549.1.1.11

  Key:  Sun RSA public key, 2048 bits
  params: null
  modulus: 20466894428749997265095448870198652391311568515891366224735448896044144250313384062095901217219702596717622583159291680947094046474456586662132842412743846124470020097713679685492900855417800931365512472314155689881392853768001073664569106127795833231344696659209258027979401908711647617989508135190248980524852215540637603770017238536229773075995665111861820945008718990948857303373661769409475939971958531493423489844433566328219155461676589360491136984327342101195255797973694339642711115427623510874675394946293706606142706174397483349590050687482693164890194014220011640037490528845185364811025836034294701994387
  public exponent: 65537
  Validity: [From: Sat Jan 31 02:57:30 CST 2015,
               To: Wed Feb 08 02:57:30 CST 3015]
  Issuer: CN=localhost, OU=ZooKeeper, O=Apache, L=Unknown, ST=Unknown, C=Unknown
  SerialNumber: [    7334b506]

Certificate Extensions: 1
[1]: ObjectId: 2.5.29.14 Criticality=false
SubjectKeyIdentifier [
KeyIdentifier [
0000: 65 D7 B4 E0 27 45 7A 00   58 2F AD D5 0B 64 2D 77  e...'Ez.X/...d-w
0010: 88 F7 AA F5                                        ....
]
]

]
  Algorithm: [SHA256withRSA]
  Signature:
0000: 1B C8 6B 36 83 1D 28 37   5C 1F 7D F6 C6 84 A0 BF  ..k6..(7\.......
0010: CA C0 47 CF C5 34 70 7A   CF 6B EA 34 84 BE 08 7A  ..G..4pz.k.4...z
0020: 98 E6 3D ED 1D E2 6F 06   DB 23 AB 41 AD D5 DF 1D  ..=...o..#.A....
0030: 92 F4 9D 05 FD 7C EE BE   4A 87 B8 F1 FE F4 5B 79  ........J.....[y
0040: DC AD F7 44 3D 67 08 7A   3B 91 D7 5A 79 44 96 D7  ...D=g.z;..ZyD..
0050: BE 0E 41 C8 64 E3 87 C3   28 11 AB DC 36 F5 B0 AC  ..A.d...(...6...
0060: BD 2F 16 1D 6E A1 52 25   5A EC 6F AD 20 71 5A 1B  ./..n.R%Z.o. qZ.
0070: 66 D4 0D A6 49 B7 75 43   C4 84 0B 4B AC BD 16 76  f...I.uC...K...v
0080: 58 2B 07 85 E2 F1 44 15   1E 67 D1 3C 13 73 5A 2D  X+....D..g.<.sZ-
0090: D6 06 0B A1 D3 09 7E EF   88 F9 C3 0E A4 10 47 EA  ..............G.
00A0: 65 5D CD F0 39 EA 2F 59   1C 08 BC F9 CC 5B C9 BB  e]..9./Y.....[..
00B0: 2F 20 19 81 97 B5 21 BB   60 A4 39 08 6C 41 2A 51  / ....!.`.9.lA*Q
00C0: B1 C3 1A A3 8C F8 ED 67   D0 EE EC 52 01 2A E4 1E  .......g...R.*..
00D0: D2 B4 34 73 DC 7E 34 24   A9 4E 77 AD FD B3 77 0D  ..4s..4$.Nw...w.
00E0: C2 7A C0 65 F6 CC 11 9D   19 AA 59 13 C3 9D AD 5F  .z.e......Y...._
00F0: 61 E6 C2 18 F0 E5 A1 49   41 B5 EF 9E 91 0C 35 9C  a......IA.....5.

]
***
Found trusted certificate:
[
[
  Version: V3
  Subject: CN=localhost, OU=ZooKeeper, O=Apache, L=Unknown, ST=Unknown, C=Unknown
  Signature Algorithm: SHA256withRSA, OID = 1.2.840.113549.1.1.11

  Key:  Sun RSA public key, 2048 bits
  params: null
  modulus: 20466894428749997265095448870198652391311568515891366224735448896044144250313384062095901217219702596717622583159291680947094046474456586662132842412743846124470020097713679685492900855417800931365512472314155689881392853768001073664569106127795833231344696659209258027979401908711647617989508135190248980524852215540637603770017238536229773075995665111861820945008718990948857303373661769409475939971958531493423489844433566328219155461676589360491136984327342101195255797973694339642711115427623510874675394946293706606142706174397483349590050687482693164890194014220011640037490528845185364811025836034294701994387
  public exponent: 65537
  Validity: [From: Sat Jan 31 02:57:30 CST 2015,
               To: Wed Feb 08 02:57:30 CST 3015]
  Issuer: CN=localhost, OU=ZooKeeper, O=Apache, L=Unknown, ST=Unknown, C=Unknown
  SerialNumber: [    7334b506]

Certificate Extensions: 1
[1]: ObjectId: 2.5.29.14 Criticality=false
SubjectKeyIdentifier [
KeyIdentifier [
0000: 65 D7 B4 E0 27 45 7A 00   58 2F AD D5 0B 64 2D 77  e...'Ez.X/...d-w
0010: 88 F7 AA F5                                        ....
]
]

]
  Algorithm: [SHA256withRSA]
  Signature:
0000: 1B C8 6B 36 83 1D 28 37   5C 1F 7D F6 C6 84 A0 BF  ..k6..(7\.......
0010: CA C0 47 CF C5 34 70 7A   CF 6B EA 34 84 BE 08 7A  ..G..4pz.k.4...z
0020: 98 E6 3D ED 1D E2 6F 06   DB 23 AB 41 AD D5 DF 1D  ..=...o..#.A....
0030: 92 F4 9D 05 FD 7C EE BE   4A 87 B8 F1 FE F4 5B 79  ........J.....[y
0040: DC AD F7 44 3D 67 08 7A   3B 91 D7 5A 79 44 96 D7  ...D=g.z;..ZyD..
0050: BE 0E 41 C8 64 E3 87 C3   28 11 AB DC 36 F5 B0 AC  ..A.d...(...6...
0060: BD 2F 16 1D 6E A1 52 25   5A EC 6F AD 20 71 5A 1B  ./..n.R%Z.o. qZ.
0070: 66 D4 0D A6 49 B7 75 43   C4 84 0B 4B AC BD 16 76  f...I.uC...K...v
0080: 58 2B 07 85 E2 F1 44 15   1E 67 D1 3C 13 73 5A 2D  X+....D..g.<.sZ-
0090: D6 06 0B A1 D3 09 7E EF   88 F9 C3 0E A4 10 47 EA  ..............G.
00A0: 65 5D CD F0 39 EA 2F 59   1C 08 BC F9 CC 5B C9 BB  e]..9./Y.....[..
00B0: 2F 20 19 81 97 B5 21 BB   60 A4 39 08 6C 41 2A 51  / ....!.`.9.lA*Q
00C0: B1 C3 1A A3 8C F8 ED 67   D0 EE EC 52 01 2A E4 1E  .......g...R.*..
00D0: D2 B4 34 73 DC 7E 34 24   A9 4E 77 AD FD B3 77 0D  ..4s..4$.Nw...w.
00E0: C2 7A C0 65 F6 CC 11 9D   19 AA 59 13 C3 9D AD 5F  .z.e......Y...._
00F0: 61 E6 C2 18 F0 E5 A1 49   41 B5 EF 9E 91 0C 35 9C  a......IA.....5.

]
2020-06-22 14:06:56,561 [myid:127.0.0.1:30074] - ERROR [nioEventLoopGroup-9-1:ZKTrustManager@161] - Failed to verify host address: 127.0.0.1
javax.net.ssl.SSLPeerUnverifiedException: Certificate for <127.0.0.1> doesn't match common name of the certificate subject: localhost
	at org.apache.zookeeper.common.ZKHostnameVerifier.matchCN(ZKHostnameVerifier.java:238)
	at org.apache.zookeeper.common.ZKHostnameVerifier.verify(ZKHostnameVerifier.java:184)
	at org.apache.zookeeper.common.ZKTrustManager.performHostVerification(ZKTrustManager.java:151)
	at org.apache.zookeeper.common.ZKTrustManager.checkServerTrusted(ZKTrustManager.java:118)
	at sun.security.ssl.ClientHandshaker.serverCertificate(ClientHandshaker.java:1675)
	at sun.security.ssl.ClientHandshaker.processMessage(ClientHandshaker.java:226)
	at sun.security.ssl.Handshaker.processLoop(Handshaker.java:1082)
	at sun.security.ssl.Handshaker$1.run(Handshaker.java:1015)
	at sun.security.ssl.Handshaker$1.run(Handshaker.java:1012)
	at java.security.AccessController.doPrivileged(Native Method)
	at sun.security.ssl.Handshaker$DelegatedTask.run(Handshaker.java:1504)
	at io.netty.handler.ssl.SslHandler.runAllDelegatedTasks(SslHandler.java:1510)
	at io.netty.handler.ssl.SslHandler.runDelegatedTasks(SslHandler.java:1524)
	at io.netty.handler.ssl.SslHandler.unwrap(SslHandler.java:1408)
	at io.netty.handler.ssl.SslHandler.decodeJdkCompatible(SslHandler.java:1235)
	at io.netty.handler.ssl.SslHandler.decode(SslHandler.java:1282)
	at io.netty.handler.codec.ByteToMessageDecoder.decodeRemovalReentryProtection(ByteToMessageDecoder.java:498)
	at io.netty.handler.codec.ByteToMessageDecoder.callDecode(ByteToMessageDecoder.java:437)
	at io.netty.handler.codec.ByteToMessageDecoder.channelRead(ByteToMessageDecoder.java:276)
	at io.netty.channel.AbstractChannelHandlerContext.invokeChannelRead(AbstractChannelHandlerContext.java:379)
	at io.netty.channel.AbstractChannelHandlerContext.invokeChannelRead(AbstractChannelHandlerContext.java:365)
	at io.netty.channel.AbstractChannelHandlerContext.fireChannelRead(AbstractChannelHandlerContext.java:357)
	at io.netty.channel.DefaultChannelPipeline$HeadContext.channelRead(DefaultChannelPipeline.java:1410)
	at io.netty.channel.AbstractChannelHandlerContext.invokeChannelRead(AbstractChannelHandlerContext.java:379)
	at io.netty.channel.AbstractChannelHandlerContext.invokeChannelRead(AbstractChannelHandlerContext.java:365)
	at io.netty.channel.DefaultChannelPipeline.fireChannelRead(DefaultChannelPipeline.java:919)
	at io.netty.channel.nio.AbstractNioByteChannel$NioByteUnsafe.read(AbstractNioByteChannel.java:163)
	at io.netty.channel.nio.NioEventLoop.processSelectedKey(NioEventLoop.java:714)
	at io.netty.channel.nio.NioEventLoop.processSelectedKeysOptimized(NioEventLoop.java:650)
	at io.netty.channel.nio.NioEventLoop.processSelectedKeys(NioEventLoop.java:576)
	at io.netty.channel.nio.NioEventLoop.run(NioEventLoop.java:493)
	at io.netty.util.concurrent.SingleThreadEventExecutor$4.run(SingleThreadEventExecutor.java:989)
	at io.netty.util.internal.ThreadExecutorMap$2.run(ThreadExecutorMap.java:74)
	at io.netty.util.concurrent.FastThreadLocalRunnable.run(FastThreadLocalRunnable.java:30)
	at java.lang.Thread.run(Thread.java:748)
2020-06-22 14:06:56,561 [myid:127.0.0.1:30074] - ERROR [nioEventLoopGroup-9-1:ZKTrustManager@162] - Failed to verify hostname: activate.navicat.com
javax.net.ssl.SSLPeerUnverifiedException: Certificate for <activate.navicat.com> doesn't match common name of the certificate subject: localhost
	at org.apache.zookeeper.common.ZKHostnameVerifier.matchCN(ZKHostnameVerifier.java:238)
	at org.apache.zookeeper.common.ZKHostnameVerifier.verify(ZKHostnameVerifier.java:184)
	at org.apache.zookeeper.common.ZKTrustManager.performHostVerification(ZKTrustManager.java:159)
	at org.apache.zookeeper.common.ZKTrustManager.checkServerTrusted(ZKTrustManager.java:118)
	at sun.security.ssl.ClientHandshaker.serverCertificate(ClientHandshaker.java:1675)
	at sun.security.ssl.ClientHandshaker.processMessage(ClientHandshaker.java:226)
	at sun.security.ssl.Handshaker.processLoop(Handshaker.java:1082)
	at sun.security.ssl.Handshaker$1.run(Handshaker.java:1015)
	at sun.security.ssl.Handshaker$1.run(Handshaker.java:1012)
	at java.security.AccessController.doPrivileged(Native Method)
	at sun.security.ssl.Handshaker$DelegatedTask.run(Handshaker.java:1504)
	at io.netty.handler.ssl.SslHandler.runAllDelegatedTasks(SslHandler.java:1510)
	at io.netty.handler.ssl.SslHandler.runDelegatedTasks(SslHandler.java:1524)
	at io.netty.handler.ssl.SslHandler.unwrap(SslHandler.java:1408)
	at io.netty.handler.ssl.SslHandler.decodeJdkCompatible(SslHandler.java:1235)
	at io.netty.handler.ssl.SslHandler.decode(SslHandler.java:1282)
	at io.netty.handler.codec.ByteToMessageDecoder.decodeRemovalReentryProtection(ByteToMessageDecoder.java:498)
	at io.netty.handler.codec.ByteToMessageDecoder.callDecode(ByteToMessageDecoder.java:437)
	at io.netty.handler.codec.ByteToMessageDecoder.channelRead(ByteToMessageDecoder.java:276)
	at io.netty.channel.AbstractChannelHandlerContext.invokeChannelRead(AbstractChannelHandlerContext.java:379)
	at io.netty.channel.AbstractChannelHandlerContext.invokeChannelRead(AbstractChannelHandlerContext.java:365)
	at io.netty.channel.AbstractChannelHandlerContext.fireChannelRead(AbstractChannelHandlerContext.java:357)
	at io.netty.channel.DefaultChannelPipeline$HeadContext.channelRead(DefaultChannelPipeline.java:1410)
	at io.netty.channel.AbstractChannelHandlerContext.invokeChannelRead(AbstractChannelHandlerContext.java:379)
	at io.netty.channel.AbstractChannelHandlerContext.invokeChannelRead(AbstractChannelHandlerContext.java:365)
	at io.netty.channel.DefaultChannelPipeline.fireChannelRead(DefaultChannelPipeline.java:919)
	at io.netty.channel.nio.AbstractNioByteChannel$NioByteUnsafe.read(AbstractNioByteChannel.java:163)
	at io.netty.channel.nio.NioEventLoop.processSelectedKey(NioEventLoop.java:714)
	at io.netty.channel.nio.NioEventLoop.processSelectedKeysOptimized(NioEventLoop.java:650)
	at io.netty.channel.nio.NioEventLoop.processSelectedKeys(NioEventLoop.java:576)
	at io.netty.channel.nio.NioEventLoop.run(NioEventLoop.java:493)
	at io.netty.util.concurrent.SingleThreadEventExecutor$4.run(SingleThreadEventExecutor.java:989)
	at io.netty.util.internal.ThreadExecutorMap$2.run(ThreadExecutorMap.java:74)
	at io.netty.util.concurrent.FastThreadLocalRunnable.run(FastThreadLocalRunnable.java:30)
	at java.lang.Thread.run(Thread.java:748)
nioEventLoopGroup-9-1, fatal error: 46: General SSLEngine problem
java.security.cert.CertificateException: Failed to verify both host address and host name
%% Invalidated:  [Session-137, SSL_NULL_WITH_NULL_NULL]
%% Invalidated:  [Session-140, TLS_ECDHE_RSA_WITH_AES_256_CBC_SHA384]
nioEventLoopGroup-9-1, SEND TLSv1.2 ALERT:  fatal, description = certificate_unknown
nioEventLoopGroup-9-1, WRITE: TLSv1.2 Alert, length = 2
nioEventLoopGroup-9-1, fatal: engine already closed.  Rethrowing javax.net.ssl.SSLHandshakeException: General SSLEngine problem
nioEventLoopGroup-9-1, called closeOutbound()
nioEventLoopGroup-9-1, closeOutboundInternal()
nioEventLoopGroup-9-1, called closeInbound()
nioEventLoopGroup-9-1, fatal: engine already closed.  Rethrowing javax.net.ssl.SSLException: Inbound closed before receiving peer's close_notify: possible truncation attack?
nioEventLoopGroup-8-13, READ: TLSv1.2 Alert, length = 2
nioEventLoopGroup-8-13, RECV TLSv1.2 ALERT:  fatal, certificate_unknown
nioEventLoopGroup-8-13, fatal: engine already closed.  Rethrowing javax.net.ssl.SSLException: Received fatal alert: certificate_unknown
nioEventLoopGroup-8-13, fatal: engine already closed.  Rethrowing javax.net.ssl.SSLException: Received fatal alert: certificate_unknown
2020-06-22 14:06:56,562 [myid:] - ERROR [nioEventLoopGroup-8-13:NettyServerCnxnFactory$CertificateVerifier@434] - Unsuccessful handshake with session 0x0
nioEventLoopGroup-8-13, called closeOutbound()
nioEventLoopGroup-8-13, closeOutboundInternal()
nioEventLoopGroup-8-13, SEND TLSv1.2 ALERT:  warning, description = close_notify
nioEventLoopGroup-8-13, WRITE: TLSv1.2 Alert, length = 2
nioEventLoopGroup-8-13, called closeInbound()
nioEventLoopGroup-8-13, fatal: engine already closed.  Rethrowing javax.net.ssl.SSLException: Inbound closed before receiving peer's close_notify: possible truncation attack?
2020-06-22 14:06:56,562 [myid:127.0.0.1:30074] - ERROR [nioEventLoopGroup-9-1:ClientCnxnSocketNetty$ZKClientHandler@522] - Unexpected throwable
io.netty.handler.codec.DecoderException: javax.net.ssl.SSLHandshakeException: General SSLEngine problem
	at io.netty.handler.codec.ByteToMessageDecoder.callDecode(ByteToMessageDecoder.java:468)
	at io.netty.handler.codec.ByteToMessageDecoder.channelRead(ByteToMessageDecoder.java:276)
	at io.netty.channel.AbstractChannelHandlerContext.invokeChannelRead(AbstractChannelHandlerContext.java:379)
	at io.netty.channel.AbstractChannelHandlerContext.invokeChannelRead(AbstractChannelHandlerContext.java:365)
	at io.netty.channel.AbstractChannelHandlerContext.fireChannelRead(AbstractChannelHandlerContext.java:357)
	at io.netty.channel.DefaultChannelPipeline$HeadContext.channelRead(DefaultChannelPipeline.java:1410)
	at io.netty.channel.AbstractChannelHandlerContext.invokeChannelRead(AbstractChannelHandlerContext.java:379)
	at io.netty.channel.AbstractChannelHandlerContext.invokeChannelRead(AbstractChannelHandlerContext.java:365)
	at io.netty.channel.DefaultChannelPipeline.fireChannelRead(DefaultChannelPipeline.java:919)
	at io.netty.channel.nio.AbstractNioByteChannel$NioByteUnsafe.read(AbstractNioByteChannel.java:163)
	at io.netty.channel.nio.NioEventLoop.processSelectedKey(NioEventLoop.java:714)
	at io.netty.channel.nio.NioEventLoop.processSelectedKeysOptimized(NioEventLoop.java:650)
	at io.netty.channel.nio.NioEventLoop.processSelectedKeys(NioEventLoop.java:576)
	at io.netty.channel.nio.NioEventLoop.run(NioEventLoop.java:493)
	at io.netty.util.concurrent.SingleThreadEventExecutor$4.run(SingleThreadEventExecutor.java:989)
	at io.netty.util.internal.ThreadExecutorMap$2.run(ThreadExecutorMap.java:74)
	at io.netty.util.concurrent.FastThreadLocalRunnable.run(FastThreadLocalRunnable.java:30)
	at java.lang.Thread.run(Thread.java:748)
Caused by: javax.net.ssl.SSLHandshakeException: General SSLEngine problem
	at sun.security.ssl.Handshaker.checkThrown(Handshaker.java:1566)
	at sun.security.ssl.SSLEngineImpl.checkTaskThrown(SSLEngineImpl.java:545)
	at sun.security.ssl.SSLEngineImpl.readNetRecord(SSLEngineImpl.java:819)
	at sun.security.ssl.SSLEngineImpl.unwrap(SSLEngineImpl.java:783)
	at javax.net.ssl.SSLEngine.unwrap(SSLEngine.java:626)
	at io.netty.handler.ssl.SslHandler$SslEngineType$3.unwrap(SslHandler.java:281)
	at io.netty.handler.ssl.SslHandler.unwrap(SslHandler.java:1340)
	at io.netty.handler.ssl.SslHandler.decodeJdkCompatible(SslHandler.java:1235)
	at io.netty.handler.ssl.SslHandler.decode(SslHandler.java:1282)
	at io.netty.handler.codec.ByteToMessageDecoder.decodeRemovalReentryProtection(ByteToMessageDecoder.java:498)
	at io.netty.handler.codec.ByteToMessageDecoder.callDecode(ByteToMessageDecoder.java:437)
	... 17 more
Caused by: javax.net.ssl.SSLHandshakeException: General SSLEngine problem
	at sun.security.ssl.Alerts.getSSLException(Alerts.java:198)
	at sun.security.ssl.SSLEngineImpl.fatal(SSLEngineImpl.java:1729)
	at sun.security.ssl.Handshaker.fatalSE(Handshaker.java:333)
	at sun.security.ssl.Handshaker.fatalSE(Handshaker.java:325)
	at sun.security.ssl.ClientHandshaker.serverCertificate(ClientHandshaker.java:1688)
	at sun.security.ssl.ClientHandshaker.processMessage(ClientHandshaker.java:226)
	at sun.security.ssl.Handshaker.processLoop(Handshaker.java:1082)
	at sun.security.ssl.Handshaker$1.run(Handshaker.java:1015)
	at sun.security.ssl.Handshaker$1.run(Handshaker.java:1012)
	at java.security.AccessController.doPrivileged(Native Method)
	at sun.security.ssl.Handshaker$DelegatedTask.run(Handshaker.java:1504)
	at io.netty.handler.ssl.SslHandler.runAllDelegatedTasks(SslHandler.java:1510)
	at io.netty.handler.ssl.SslHandler.runDelegatedTasks(SslHandler.java:1524)
	at io.netty.handler.ssl.SslHandler.unwrap(SslHandler.java:1408)
	... 21 more
Caused by: java.security.cert.CertificateException: Failed to verify both host address and host name
	at org.apache.zookeeper.common.ZKTrustManager.performHostVerification(ZKTrustManager.java:163)
	at org.apache.zookeeper.common.ZKTrustManager.checkServerTrusted(ZKTrustManager.java:118)
	at sun.security.ssl.ClientHandshaker.serverCertificate(ClientHandshaker.java:1675)
	... 30 more
Caused by: javax.net.ssl.SSLPeerUnverifiedException: Certificate for <activate.navicat.com> doesn't match common name of the certificate subject: localhost
	at org.apache.zookeeper.common.ZKHostnameVerifier.matchCN(ZKHostnameVerifier.java:238)
	at org.apache.zookeeper.common.ZKHostnameVerifier.verify(ZKHostnameVerifier.java:184)
	at org.apache.zookeeper.common.ZKTrustManager.performHostVerification(ZKTrustManager.java:159)
	... 32 more
2020-06-22 14:06:56,563 [myid:127.0.0.1:30074] - INFO  [nioEventLoopGroup-9-1:ClientCnxnSocketNetty@249] - channel is told closing
nioEventLoopGroup-9-1, called closeOutbound()
nioEventLoopGroup-9-1, closeOutboundInternal()
2020-06-22 14:06:56,563 [myid:] - WARN  [nioEventLoopGroup-8-13:NettyServerCnxnFactory$CnxnChannelHandler@273] - Exception caught
io.netty.handler.codec.DecoderException: javax.net.ssl.SSLException: Received fatal alert: certificate_unknown
	at io.netty.handler.codec.ByteToMessageDecoder.callDecode(ByteToMessageDecoder.java:468)
	at io.netty.handler.codec.ByteToMessageDecoder.channelRead(ByteToMessageDecoder.java:276)
	at io.netty.channel.AbstractChannelHandlerContext.invokeChannelRead(AbstractChannelHandlerContext.java:379)
	at io.netty.channel.AbstractChannelHandlerContext.invokeChannelRead(AbstractChannelHandlerContext.java:365)
	at io.netty.channel.AbstractChannelHandlerContext.fireChannelRead(AbstractChannelHandlerContext.java:357)
	at io.netty.channel.DefaultChannelPipeline$HeadContext.channelRead(DefaultChannelPipeline.java:1410)
	at io.netty.channel.AbstractChannelHandlerContext.invokeChannelRead(AbstractChannelHandlerContext.java:379)
	at io.netty.channel.AbstractChannelHandlerContext.invokeChannelRead(AbstractChannelHandlerContext.java:365)
	at io.netty.channel.DefaultChannelPipeline.fireChannelRead(DefaultChannelPipeline.java:919)
	at io.netty.channel.nio.AbstractNioByteChannel$NioByteUnsafe.read(AbstractNioByteChannel.java:163)
	at io.netty.channel.nio.NioEventLoop.processSelectedKey(NioEventLoop.java:714)
	at io.netty.channel.nio.NioEventLoop.processSelectedKeysOptimized(NioEventLoop.java:650)
	at io.netty.channel.nio.NioEventLoop.processSelectedKeys(NioEventLoop.java:576)
	at io.netty.channel.nio.NioEventLoop.run(NioEventLoop.java:493)
	at io.netty.util.concurrent.SingleThreadEventExecutor$4.run(SingleThreadEventExecutor.java:989)
	at io.netty.util.internal.ThreadExecutorMap$2.run(ThreadExecutorMap.java:74)
	at io.netty.util.concurrent.FastThreadLocalRunnable.run(FastThreadLocalRunnable.java:30)
	at java.lang.Thread.run(Thread.java:748)
Caused by: javax.net.ssl.SSLException: Received fatal alert: certificate_unknown
	at sun.security.ssl.Alerts.getSSLException(Alerts.java:214)
	at sun.security.ssl.SSLEngineImpl.fatal(SSLEngineImpl.java:1667)
	at sun.security.ssl.SSLEngineImpl.fatal(SSLEngineImpl.java:1635)
	at sun.security.ssl.SSLEngineImpl.recvAlert(SSLEngineImpl.java:1801)
	at sun.security.ssl.SSLEngineImpl.readRecord(SSLEngineImpl.java:1090)
	at sun.security.ssl.SSLEngineImpl.readNetRecord(SSLEngineImpl.java:913)
	at sun.security.ssl.SSLEngineImpl.unwrap(SSLEngineImpl.java:783)
	at javax.net.ssl.SSLEngine.unwrap(SSLEngine.java:626)
	at io.netty.handler.ssl.SslHandler$SslEngineType$3.unwrap(SslHandler.java:281)
	at io.netty.handler.ssl.SslHandler.unwrap(SslHandler.java:1340)
	at io.netty.handler.ssl.SslHandler.decodeJdkCompatible(SslHandler.java:1235)
	at io.netty.handler.ssl.SslHandler.decode(SslHandler.java:1282)
	at io.netty.handler.codec.ByteToMessageDecoder.decodeRemovalReentryProtection(ByteToMessageDecoder.java:498)
	at io.netty.handler.codec.ByteToMessageDecoder.callDecode(ByteToMessageDecoder.java:437)
	... 17 more
nioEventLoopGroup-8-13, called closeOutbound()
nioEventLoopGroup-8-13, closeOutboundInternal()
2020-06-22 14:06:56,563 [myid:127.0.0.1:30074] - INFO  [nioEventLoopGroup-9-1:ClientCnxnSocketNetty$ZKClientHandler@469] - channel is disconnected: [id: 0x39e55f56, L:/127.0.0.1:56482 ! R:activate.navicat.com/127.0.0.1:30074]
nioEventLoopGroup-8-13, READ: TLSv1.2 Alert, length = 2
nioEventLoopGroup-8-13, RECV TLSv1.2 ALERT:  fatal, certificate_unknown
nioEventLoopGroup-8-13, fatal: engine already closed.  Rethrowing javax.net.ssl.SSLException: Received fatal alert: certificate_unknown
nioEventLoopGroup-8-13, fatal: engine already closed.  Rethrowing javax.net.ssl.SSLException: Received fatal alert: certificate_unknown
2020-06-22 14:06:56,563 [myid:127.0.0.1:30074] - WARN  [main-SendThread(127.0.0.1:30074):ClientCnxn$SendThread@1272] - Session 0x0 for sever activate.navicat.com/127.0.0.1:30074, Closing socket connection. Attempting reconnect except it is a SessionExpiredException.
EndOfStreamException: channel for sessionid 0x0 is lost
	at org.apache.zookeeper.ClientCnxnSocketNetty.doTransport(ClientCnxnSocketNetty.java:285)
	at org.apache.zookeeper.ClientCnxn$SendThread.run(ClientCnxn.java:1262)
nioEventLoopGroup-8-13, called closeOutbound()
nioEventLoopGroup-8-13, closeOutboundInternal()
nioEventLoopGroup-8-13, called closeInbound()
nioEventLoopGroup-8-13, closeInboundInternal()
nioEventLoopGroup-8-13, closeOutboundInternal()
2020-06-22 14:06:56,563 [myid:] - WARN  [nioEventLoopGroup-8-13:NettyServerCnxnFactory$CnxnChannelHandler@273] - Exception caught
io.netty.handler.codec.DecoderException: javax.net.ssl.SSLException: Received fatal alert: certificate_unknown
	at io.netty.handler.codec.ByteToMessageDecoder.callDecode(ByteToMessageDecoder.java:468)
	at io.netty.handler.codec.ByteToMessageDecoder.channelInputClosed(ByteToMessageDecoder.java:401)
	at io.netty.handler.codec.ByteToMessageDecoder.channelInputClosed(ByteToMessageDecoder.java:368)
	at io.netty.handler.codec.ByteToMessageDecoder.channelInactive(ByteToMessageDecoder.java:351)
	at io.netty.handler.ssl.SslHandler.channelInactive(SslHandler.java:1084)
	at io.netty.channel.AbstractChannelHandlerContext.invokeChannelInactive(AbstractChannelHandlerContext.java:262)
	at io.netty.channel.AbstractChannelHandlerContext.invokeChannelInactive(AbstractChannelHandlerContext.java:248)
	at io.netty.channel.AbstractChannelHandlerContext.fireChannelInactive(AbstractChannelHandlerContext.java:241)
	at io.netty.channel.DefaultChannelPipeline$HeadContext.channelInactive(DefaultChannelPipeline.java:1405)
	at io.netty.channel.AbstractChannelHandlerContext.invokeChannelInactive(AbstractChannelHandlerContext.java:262)
	at io.netty.channel.AbstractChannelHandlerContext.invokeChannelInactive(AbstractChannelHandlerContext.java:248)
	at io.netty.channel.DefaultChannelPipeline.fireChannelInactive(DefaultChannelPipeline.java:901)
	at io.netty.channel.AbstractChannel$AbstractUnsafe$8.run(AbstractChannel.java:818)
	at io.netty.util.concurrent.AbstractEventExecutor.safeExecute(AbstractEventExecutor.java:164)
	at io.netty.util.concurrent.SingleThreadEventExecutor.runAllTasks(SingleThreadEventExecutor.java:472)
	at io.netty.channel.nio.NioEventLoop.run(NioEventLoop.java:497)
	at io.netty.util.concurrent.SingleThreadEventExecutor$4.run(SingleThreadEventExecutor.java:989)
	at io.netty.util.internal.ThreadExecutorMap$2.run(ThreadExecutorMap.java:74)
	at io.netty.util.concurrent.FastThreadLocalRunnable.run(FastThreadLocalRunnable.java:30)
	at java.lang.Thread.run(Thread.java:748)
Caused by: javax.net.ssl.SSLException: Received fatal alert: certificate_unknown
	at sun.security.ssl.Alerts.getSSLException(Alerts.java:214)
	at sun.security.ssl.SSLEngineImpl.fatal(SSLEngineImpl.java:1667)
	at sun.security.ssl.SSLEngineImpl.fatal(SSLEngineImpl.java:1635)
	at sun.security.ssl.SSLEngineImpl.recvAlert(SSLEngineImpl.java:1801)
	at sun.security.ssl.SSLEngineImpl.readRecord(SSLEngineImpl.java:1090)
	at sun.security.ssl.SSLEngineImpl.readNetRecord(SSLEngineImpl.java:913)
	at sun.security.ssl.SSLEngineImpl.unwrap(SSLEngineImpl.java:783)
	at javax.net.ssl.SSLEngine.unwrap(SSLEngine.java:626)
	at io.netty.handler.ssl.SslHandler$SslEngineType$3.unwrap(SslHandler.java:281)
	at io.netty.handler.ssl.SslHandler.unwrap(SslHandler.java:1340)
	at io.netty.handler.ssl.SslHandler.decodeJdkCompatible(SslHandler.java:1235)
	at io.netty.handler.ssl.SslHandler.decode(SslHandler.java:1282)
	at io.netty.handler.codec.ByteToMessageDecoder.decodeRemovalReentryProtection(ByteToMessageDecoder.java:498)
	at io.netty.handler.codec.ByteToMessageDecoder.callDecode(ByteToMessageDecoder.java:437)
	... 19 more
2020-06-22 14:06:56,610 [myid:127.0.0.1:30073] - INFO  [main-SendThread(127.0.0.1:30073):ClientCnxn$SendThread@1154] - Opening socket connection to server activate.navicat.com/127.0.0.1:30073.
2020-06-22 14:06:56,610 [myid:127.0.0.1:30073] - INFO  [main-SendThread(127.0.0.1:30073):ClientCnxn$SendThread@1156] - SASL config status: Will not attempt to authenticate using SASL (unknown error)
adding as trusted cert:
  Subject: CN=localhost, OU=ZooKeeper, O=Apache, L=Unknown, ST=Unknown, C=Unknown
  Issuer:  CN=localhost, OU=ZooKeeper, O=Apache, L=Unknown, ST=Unknown, C=Unknown
  Algorithm: RSA; Serial number: 0x7334b506
  Valid from Sat Jan 31 02:57:30 CST 2015 until Wed Feb 08 02:57:30 CST 3015

trigger seeding of SecureRandom
done seeding SecureRandom
Using SSLEngineImpl.
%% Initialized:  [Session-141, SSL_NULL_WITH_NULL_NULL]
2020-06-22 14:06:56,611 [myid:127.0.0.1:30073] - INFO  [nioEventLoopGroup-5-1:ClientCnxnSocketNetty$ZKClientPipelineFactory@454] - SSL handler added for channel: [id: 0xa2a701d6]
2020-06-22 14:06:58,166 [myid:127.0.0.1:30074] - INFO  [main-SendThread(127.0.0.1:30074):ClientCnxn$SendThread@1154] - Opening socket connection to server activate.navicat.com/127.0.0.1:30074.
2020-06-22 14:06:58,167 [myid:127.0.0.1:30074] - INFO  [main-SendThread(127.0.0.1:30074):ClientCnxn$SendThread@1156] - SASL config status: Will not attempt to authenticate using SASL (unknown error)
adding as trusted cert:
  Subject: CN=localhost, OU=ZooKeeper, O=Apache, L=Unknown, ST=Unknown, C=Unknown
  Issuer:  CN=localhost, OU=ZooKeeper, O=Apache, L=Unknown, ST=Unknown, C=Unknown
  Algorithm: RSA; Serial number: 0x7334b506
  Valid from Sat Jan 31 02:57:30 CST 2015 until Wed Feb 08 02:57:30 CST 3015

trigger seeding of SecureRandom
done seeding SecureRandom
Using SSLEngineImpl.
%% Initialized:  [Session-142, SSL_NULL_WITH_NULL_NULL]
2020-06-22 14:06:58,168 [myid:127.0.0.1:30074] - INFO  [nioEventLoopGroup-9-1:ClientCnxnSocketNetty$ZKClientPipelineFactory@454] - SSL handler added for channel: [id: 0xd7172278]
2020-06-22 14:06:58,169 [myid:127.0.0.1:30074] - INFO  [nioEventLoopGroup-9-1:ClientCnxn$SendThread@986] - Socket connection established, initiating session, client: /127.0.0.1:56612, server: activate.navicat.com/127.0.0.1:30074
2020-06-22 14:06:58,170 [myid:127.0.0.1:30074] - INFO  [nioEventLoopGroup-9-1:ClientCnxnSocketNetty$1@184] - channel is connected: [id: 0xd7172278, L:/127.0.0.1:56612 - R:activate.navicat.com/127.0.0.1:30074]
Allow unsafe renegotiation: false
Allow legacy hello messages: true
Is initial handshake: true
Is secure renegotiation: false
Ignoring unsupported cipher suite: TLS_ECDHE_ECDSA_WITH_AES_256_CBC_SHA384 for TLSv1
Ignoring unsupported cipher suite: TLS_ECDHE_RSA_WITH_AES_256_CBC_SHA384 for TLSv1
Ignoring unsupported cipher suite: TLS_RSA_WITH_AES_256_CBC_SHA256 for TLSv1
Ignoring unsupported cipher suite: TLS_ECDH_ECDSA_WITH_AES_256_CBC_SHA384 for TLSv1
Ignoring unsupported cipher suite: TLS_ECDH_RSA_WITH_AES_256_CBC_SHA384 for TLSv1
Ignoring unsupported cipher suite: TLS_DHE_RSA_WITH_AES_256_CBC_SHA256 for TLSv1
Ignoring unsupported cipher suite: TLS_DHE_DSS_WITH_AES_256_CBC_SHA256 for TLSv1
Ignoring unsupported cipher suite: TLS_ECDHE_ECDSA_WITH_AES_256_CBC_SHA384 for TLSv1.1
Ignoring unsupported cipher suite: TLS_ECDHE_RSA_WITH_AES_256_CBC_SHA384 for TLSv1.1
Ignoring unsupported cipher suite: TLS_RSA_WITH_AES_256_CBC_SHA256 for TLSv1.1
Ignoring unsupported cipher suite: TLS_ECDH_ECDSA_WITH_AES_256_CBC_SHA384 for TLSv1.1
Ignoring unsupported cipher suite: TLS_ECDH_RSA_WITH_AES_256_CBC_SHA384 for TLSv1.1
Ignoring unsupported cipher suite: TLS_DHE_RSA_WITH_AES_256_CBC_SHA256 for TLSv1.1
Ignoring unsupported cipher suite: TLS_DHE_DSS_WITH_AES_256_CBC_SHA256 for TLSv1.1
%% No cached client session
update handshake state: client_hello[1]
upcoming handshake states: server_hello[2]
*** ClientHello, TLSv1.2
RandomCookie:  GMT: 1576028546 bytes = { 186, 117, 9, 161, 190, 149, 110, 153, 224, 186, 16, 227, 115, 138, 253, 49, 146, 46, 189, 100, 31, 184, 210, 12, 187, 178, 219, 55 }
Session ID:  {}
Cipher Suites: [TLS_ECDHE_ECDSA_WITH_AES_256_CBC_SHA384, TLS_ECDHE_RSA_WITH_AES_256_CBC_SHA384, TLS_RSA_WITH_AES_256_CBC_SHA256, TLS_ECDH_ECDSA_WITH_AES_256_CBC_SHA384, TLS_ECDH_RSA_WITH_AES_256_CBC_SHA384, TLS_DHE_RSA_WITH_AES_256_CBC_SHA256, TLS_DHE_DSS_WITH_AES_256_CBC_SHA256, TLS_ECDHE_ECDSA_WITH_AES_256_CBC_SHA, TLS_ECDHE_RSA_WITH_AES_256_CBC_SHA, TLS_RSA_WITH_AES_256_CBC_SHA, TLS_ECDH_ECDSA_WITH_AES_256_CBC_SHA, TLS_ECDH_RSA_WITH_AES_256_CBC_SHA, TLS_DHE_RSA_WITH_AES_256_CBC_SHA, TLS_DHE_DSS_WITH_AES_256_CBC_SHA, TLS_ECDHE_ECDSA_WITH_AES_128_CBC_SHA256, TLS_ECDHE_RSA_WITH_AES_128_CBC_SHA256, TLS_RSA_WITH_AES_128_CBC_SHA256, TLS_ECDH_ECDSA_WITH_AES_128_CBC_SHA256, TLS_ECDH_RSA_WITH_AES_128_CBC_SHA256, TLS_DHE_RSA_WITH_AES_128_CBC_SHA256, TLS_DHE_DSS_WITH_AES_128_CBC_SHA256, TLS_ECDHE_ECDSA_WITH_AES_128_CBC_SHA, TLS_ECDHE_RSA_WITH_AES_128_CBC_SHA, TLS_RSA_WITH_AES_128_CBC_SHA, TLS_ECDH_ECDSA_WITH_AES_128_CBC_SHA, TLS_ECDH_RSA_WITH_AES_128_CBC_SHA, TLS_DHE_RSA_WITH_AES_128_CBC_SHA, TLS_DHE_DSS_WITH_AES_128_CBC_SHA, TLS_ECDHE_ECDSA_WITH_AES_256_GCM_SHA384, TLS_ECDHE_ECDSA_WITH_AES_128_GCM_SHA256, TLS_ECDHE_RSA_WITH_AES_256_GCM_SHA384, TLS_RSA_WITH_AES_256_GCM_SHA384, TLS_ECDH_ECDSA_WITH_AES_256_GCM_SHA384, TLS_ECDH_RSA_WITH_AES_256_GCM_SHA384, TLS_DHE_RSA_WITH_AES_256_GCM_SHA384, TLS_DHE_DSS_WITH_AES_256_GCM_SHA384, TLS_ECDHE_RSA_WITH_AES_128_GCM_SHA256, TLS_RSA_WITH_AES_128_GCM_SHA256, TLS_ECDH_ECDSA_WITH_AES_128_GCM_SHA256, TLS_ECDH_RSA_WITH_AES_128_GCM_SHA256, TLS_DHE_RSA_WITH_AES_128_GCM_SHA256, TLS_DHE_DSS_WITH_AES_128_GCM_SHA256, TLS_EMPTY_RENEGOTIATION_INFO_SCSV]
Compression Methods:  { 0 }
Extension elliptic_curves, curve names: {secp256r1, secp384r1, secp521r1}
Extension ec_point_formats, formats: [uncompressed]
Extension signature_algorithms, signature_algorithms: SHA512withECDSA, SHA512withRSA, SHA384withECDSA, SHA384withRSA, SHA256withECDSA, SHA256withRSA, SHA256withDSA, SHA1withECDSA, SHA1withRSA, SHA1withDSA
Extension extended_master_secret
Extension server_name, server_name: [type=host_name (0), value=activate.navicat.com]
***
nioEventLoopGroup-9-1, WRITE: TLSv1.2 Handshake, length = 208
trigger seeding of SecureRandom
done seeding SecureRandom
Using SSLEngineImpl.
%% Initialized:  [Session-143, SSL_NULL_WITH_NULL_NULL]
Allow unsafe renegotiation: false
Allow legacy hello messages: true
Is initial handshake: true
Is secure renegotiation: false
nioEventLoopGroup-8-14, READ: TLSv1.2 Handshake, length = 208
check handshake state: client_hello[1]
update handshake state: client_hello[1]
upcoming handshake states: server_hello[2]
*** ClientHello, TLSv1.2
RandomCookie:  GMT: 1576028546 bytes = { 186, 117, 9, 161, 190, 149, 110, 153, 224, 186, 16, 227, 115, 138, 253, 49, 146, 46, 189, 100, 31, 184, 210, 12, 187, 178, 219, 55 }
Session ID:  {}
Cipher Suites: [TLS_ECDHE_ECDSA_WITH_AES_256_CBC_SHA384, TLS_ECDHE_RSA_WITH_AES_256_CBC_SHA384, TLS_RSA_WITH_AES_256_CBC_SHA256, TLS_ECDH_ECDSA_WITH_AES_256_CBC_SHA384, TLS_ECDH_RSA_WITH_AES_256_CBC_SHA384, TLS_DHE_RSA_WITH_AES_256_CBC_SHA256, TLS_DHE_DSS_WITH_AES_256_CBC_SHA256, TLS_ECDHE_ECDSA_WITH_AES_256_CBC_SHA, TLS_ECDHE_RSA_WITH_AES_256_CBC_SHA, TLS_RSA_WITH_AES_256_CBC_SHA, TLS_ECDH_ECDSA_WITH_AES_256_CBC_SHA, TLS_ECDH_RSA_WITH_AES_256_CBC_SHA, TLS_DHE_RSA_WITH_AES_256_CBC_SHA, TLS_DHE_DSS_WITH_AES_256_CBC_SHA, TLS_ECDHE_ECDSA_WITH_AES_128_CBC_SHA256, TLS_ECDHE_RSA_WITH_AES_128_CBC_SHA256, TLS_RSA_WITH_AES_128_CBC_SHA256, TLS_ECDH_ECDSA_WITH_AES_128_CBC_SHA256, TLS_ECDH_RSA_WITH_AES_128_CBC_SHA256, TLS_DHE_RSA_WITH_AES_128_CBC_SHA256, TLS_DHE_DSS_WITH_AES_128_CBC_SHA256, TLS_ECDHE_ECDSA_WITH_AES_128_CBC_SHA, TLS_ECDHE_RSA_WITH_AES_128_CBC_SHA, TLS_RSA_WITH_AES_128_CBC_SHA, TLS_ECDH_ECDSA_WITH_AES_128_CBC_SHA, TLS_ECDH_RSA_WITH_AES_128_CBC_SHA, TLS_DHE_RSA_WITH_AES_128_CBC_SHA, TLS_DHE_DSS_WITH_AES_128_CBC_SHA, TLS_ECDHE_ECDSA_WITH_AES_256_GCM_SHA384, TLS_ECDHE_ECDSA_WITH_AES_128_GCM_SHA256, TLS_ECDHE_RSA_WITH_AES_256_GCM_SHA384, TLS_RSA_WITH_AES_256_GCM_SHA384, TLS_ECDH_ECDSA_WITH_AES_256_GCM_SHA384, TLS_ECDH_RSA_WITH_AES_256_GCM_SHA384, TLS_DHE_RSA_WITH_AES_256_GCM_SHA384, TLS_DHE_DSS_WITH_AES_256_GCM_SHA384, TLS_ECDHE_RSA_WITH_AES_128_GCM_SHA256, TLS_RSA_WITH_AES_128_GCM_SHA256, TLS_ECDH_ECDSA_WITH_AES_128_GCM_SHA256, TLS_ECDH_RSA_WITH_AES_128_GCM_SHA256, TLS_DHE_RSA_WITH_AES_128_GCM_SHA256, TLS_DHE_DSS_WITH_AES_128_GCM_SHA256, TLS_EMPTY_RENEGOTIATION_INFO_SCSV]
Compression Methods:  { 0 }
Extension elliptic_curves, curve names: {secp256r1, secp384r1, secp521r1}
Extension ec_point_formats, formats: [uncompressed]
Extension signature_algorithms, signature_algorithms: SHA512withECDSA, SHA512withRSA, SHA384withECDSA, SHA384withRSA, SHA256withECDSA, SHA256withRSA, SHA256withDSA, SHA1withECDSA, SHA1withRSA, SHA1withDSA
Extension extended_master_secret
Extension server_name, server_name: [type=host_name (0), value=activate.navicat.com]
***
%% Initialized:  [Session-144, SSL_NULL_WITH_NULL_NULL]
Standard ciphersuite chosen: TLS_ECDHE_RSA_WITH_AES_256_CBC_SHA384
%% Negotiating:  [Session-144, TLS_ECDHE_RSA_WITH_AES_256_CBC_SHA384]
*** ServerHello, TLSv1.2
RandomCookie:  GMT: 1576028546 bytes = { 62, 65, 203, 75, 220, 26, 99, 95, 46, 52, 212, 95, 13, 209, 156, 135, 194, 84, 153, 143, 152, 38, 114, 212, 137, 28, 52, 94 }
Session ID:  {94, 240, 74, 130, 15, 41, 2, 215, 201, 213, 125, 228, 117, 222, 239, 181, 43, 232, 70, 52, 98, 26, 168, 110, 7, 106, 73, 119, 47, 2, 200, 4}
Cipher Suite: TLS_ECDHE_RSA_WITH_AES_256_CBC_SHA384
Compression Method: 0
Extension renegotiation_info, renegotiated_connection: <empty>
Extension extended_master_secret
***
Cipher suite:  TLS_ECDHE_RSA_WITH_AES_256_CBC_SHA384
update handshake state: server_hello[2]
upcoming handshake states: server certificate[11]
upcoming handshake states: server_key_exchange[12](optional)
upcoming handshake states: certificate_request[13](optional)
upcoming handshake states: server_hello_done[14]
upcoming handshake states: client certificate[11](optional)
upcoming handshake states: client_key_exchange[16]
upcoming handshake states: certificate_verify[15](optional)
upcoming handshake states: client change_cipher_spec[-1]
upcoming handshake states: client finished[20]
upcoming handshake states: server change_cipher_spec[-1]
upcoming handshake states: server finished[20]
*** Certificate chain
chain [0] = [
[
  Version: V3
  Subject: CN=localhost, OU=ZooKeeper, O=Apache, L=Unknown, ST=Unknown, C=Unknown
  Signature Algorithm: SHA256withRSA, OID = 1.2.840.113549.1.1.11

  Key:  Sun RSA public key, 2048 bits
  params: null
  modulus: 20466894428749997265095448870198652391311568515891366224735448896044144250313384062095901217219702596717622583159291680947094046474456586662132842412743846124470020097713679685492900855417800931365512472314155689881392853768001073664569106127795833231344696659209258027979401908711647617989508135190248980524852215540637603770017238536229773075995665111861820945008718990948857303373661769409475939971958531493423489844433566328219155461676589360491136984327342101195255797973694339642711115427623510874675394946293706606142706174397483349590050687482693164890194014220011640037490528845185364811025836034294701994387
  public exponent: 65537
  Validity: [From: Sat Jan 31 02:57:30 CST 2015,
               To: Wed Feb 08 02:57:30 CST 3015]
  Issuer: CN=localhost, OU=ZooKeeper, O=Apache, L=Unknown, ST=Unknown, C=Unknown
  SerialNumber: [    7334b506]

Certificate Extensions: 1
[1]: ObjectId: 2.5.29.14 Criticality=false
SubjectKeyIdentifier [
KeyIdentifier [
0000: 65 D7 B4 E0 27 45 7A 00   58 2F AD D5 0B 64 2D 77  e...'Ez.X/...d-w
0010: 88 F7 AA F5                                        ....
]
]

]
  Algorithm: [SHA256withRSA]
  Signature:
0000: 1B C8 6B 36 83 1D 28 37   5C 1F 7D F6 C6 84 A0 BF  ..k6..(7\.......
0010: CA C0 47 CF C5 34 70 7A   CF 6B EA 34 84 BE 08 7A  ..G..4pz.k.4...z
0020: 98 E6 3D ED 1D E2 6F 06   DB 23 AB 41 AD D5 DF 1D  ..=...o..#.A....
0030: 92 F4 9D 05 FD 7C EE BE   4A 87 B8 F1 FE F4 5B 79  ........J.....[y
0040: DC AD F7 44 3D 67 08 7A   3B 91 D7 5A 79 44 96 D7  ...D=g.z;..ZyD..
0050: BE 0E 41 C8 64 E3 87 C3   28 11 AB DC 36 F5 B0 AC  ..A.d...(...6...
0060: BD 2F 16 1D 6E A1 52 25   5A EC 6F AD 20 71 5A 1B  ./..n.R%Z.o. qZ.
0070: 66 D4 0D A6 49 B7 75 43   C4 84 0B 4B AC BD 16 76  f...I.uC...K...v
0080: 58 2B 07 85 E2 F1 44 15   1E 67 D1 3C 13 73 5A 2D  X+....D..g.<.sZ-
0090: D6 06 0B A1 D3 09 7E EF   88 F9 C3 0E A4 10 47 EA  ..............G.
00A0: 65 5D CD F0 39 EA 2F 59   1C 08 BC F9 CC 5B C9 BB  e]..9./Y.....[..
00B0: 2F 20 19 81 97 B5 21 BB   60 A4 39 08 6C 41 2A 51  / ....!.`.9.lA*Q
00C0: B1 C3 1A A3 8C F8 ED 67   D0 EE EC 52 01 2A E4 1E  .......g...R.*..
00D0: D2 B4 34 73 DC 7E 34 24   A9 4E 77 AD FD B3 77 0D  ..4s..4$.Nw...w.
00E0: C2 7A C0 65 F6 CC 11 9D   19 AA 59 13 C3 9D AD 5F  .z.e......Y...._
00F0: 61 E6 C2 18 F0 E5 A1 49   41 B5 EF 9E 91 0C 35 9C  a......IA.....5.

]
***
update handshake state: certificate[11]
upcoming handshake states: server_key_exchange[12](optional)
upcoming handshake states: certificate_request[13](optional)
upcoming handshake states: server_hello_done[14]
upcoming handshake states: client certificate[11](optional)
upcoming handshake states: client_key_exchange[16]
upcoming handshake states: certificate_verify[15](optional)
upcoming handshake states: client change_cipher_spec[-1]
upcoming handshake states: client finished[20]
upcoming handshake states: server change_cipher_spec[-1]
upcoming handshake states: server finished[20]
*** ECDH ServerKeyExchange
Signature Algorithm SHA512withRSA
Server key: Sun EC public key, 256 bits
  public x coord: 75465993729698885465304329601655450296441648855783287993644131036159239649216
  public y coord: 36974823785768584537688787369949153834974042370773644783318927235934547329802
  parameters: secp256r1 [NIST P-256, X9.62 prime256v1] (1.2.840.10045.3.1.7)
update handshake state: server_key_exchange[12]
upcoming handshake states: certificate_request[13](optional)
upcoming handshake states: server_hello_done[14]
upcoming handshake states: client certificate[11](optional)
upcoming handshake states: client_key_exchange[16]
upcoming handshake states: certificate_verify[15](optional)
upcoming handshake states: client change_cipher_spec[-1]
upcoming handshake states: client finished[20]
upcoming handshake states: server change_cipher_spec[-1]
upcoming handshake states: server finished[20]
*** CertificateRequest
Cert Types: RSA, DSS, ECDSA
Supported Signature Algorithms: SHA512withECDSA, SHA512withRSA, SHA384withECDSA, SHA384withRSA, SHA256withECDSA, SHA256withRSA, SHA256withDSA, SHA1withECDSA, SHA1withRSA, SHA1withDSA
Cert Authorities:
<CN=localhost, OU=ZooKeeper, O=Apache, L=Unknown, ST=Unknown, C=Unknown>
update handshake state: unknown[13]
upcoming handshake states: server_hello_done[14]
upcoming handshake states: client certificate[11](optional)
upcoming handshake states: client_key_exchange[16]
upcoming handshake states: certificate_verify[15](optional)
upcoming handshake states: client change_cipher_spec[-1]
upcoming handshake states: client finished[20]
upcoming handshake states: server change_cipher_spec[-1]
upcoming handshake states: server finished[20]
*** ServerHelloDone
update handshake state: server_hello_done[14]
upcoming handshake states: client certificate[11](optional)
upcoming handshake states: client_key_exchange[16]
upcoming handshake states: certificate_verify[15](optional)
upcoming handshake states: client change_cipher_spec[-1]
upcoming handshake states: client finished[20]
upcoming handshake states: server change_cipher_spec[-1]
upcoming handshake states: server finished[20]
nioEventLoopGroup-8-14, WRITE: TLSv1.2 Handshake, length = 1478
nioEventLoopGroup-9-1, READ: TLSv1.2 Handshake, length = 1478
check handshake state: server_hello[2]
*** ServerHello, TLSv1.2
RandomCookie:  GMT: 1576028546 bytes = { 62, 65, 203, 75, 220, 26, 99, 95, 46, 52, 212, 95, 13, 209, 156, 135, 194, 84, 153, 143, 152, 38, 114, 212, 137, 28, 52, 94 }
Session ID:  {94, 240, 74, 130, 15, 41, 2, 215, 201, 213, 125, 228, 117, 222, 239, 181, 43, 232, 70, 52, 98, 26, 168, 110, 7, 106, 73, 119, 47, 2, 200, 4}
Cipher Suite: TLS_ECDHE_RSA_WITH_AES_256_CBC_SHA384
Compression Method: 0
Extension renegotiation_info, renegotiated_connection: <empty>
Extension extended_master_secret
***
%% Initialized:  [Session-145, TLS_ECDHE_RSA_WITH_AES_256_CBC_SHA384]
** TLS_ECDHE_RSA_WITH_AES_256_CBC_SHA384
update handshake state: server_hello[2]
upcoming handshake states: server certificate[11]
upcoming handshake states: server_key_exchange[12](optional)
upcoming handshake states: certificate_request[13](optional)
upcoming handshake states: server_hello_done[14]
upcoming handshake states: client certificate[11](optional)
upcoming handshake states: client_key_exchange[16]
upcoming handshake states: certificate_verify[15](optional)
upcoming handshake states: client change_cipher_spec[-1]
upcoming handshake states: client finished[20]
upcoming handshake states: server change_cipher_spec[-1]
upcoming handshake states: server finished[20]
check handshake state: certificate[11]
update handshake state: certificate[11]
upcoming handshake states: server_key_exchange[12](optional)
upcoming handshake states: certificate_request[13](optional)
upcoming handshake states: server_hello_done[14]
upcoming handshake states: client certificate[11](optional)
upcoming handshake states: client_key_exchange[16]
upcoming handshake states: certificate_verify[15](optional)
upcoming handshake states: client change_cipher_spec[-1]
upcoming handshake states: client finished[20]
upcoming handshake states: server change_cipher_spec[-1]
upcoming handshake states: server finished[20]
*** Certificate chain
chain [0] = [
[
  Version: V3
  Subject: CN=localhost, OU=ZooKeeper, O=Apache, L=Unknown, ST=Unknown, C=Unknown
  Signature Algorithm: SHA256withRSA, OID = 1.2.840.113549.1.1.11

  Key:  Sun RSA public key, 2048 bits
  params: null
  modulus: 20466894428749997265095448870198652391311568515891366224735448896044144250313384062095901217219702596717622583159291680947094046474456586662132842412743846124470020097713679685492900855417800931365512472314155689881392853768001073664569106127795833231344696659209258027979401908711647617989508135190248980524852215540637603770017238536229773075995665111861820945008718990948857303373661769409475939971958531493423489844433566328219155461676589360491136984327342101195255797973694339642711115427623510874675394946293706606142706174397483349590050687482693164890194014220011640037490528845185364811025836034294701994387
  public exponent: 65537
  Validity: [From: Sat Jan 31 02:57:30 CST 2015,
               To: Wed Feb 08 02:57:30 CST 3015]
  Issuer: CN=localhost, OU=ZooKeeper, O=Apache, L=Unknown, ST=Unknown, C=Unknown
  SerialNumber: [    7334b506]

Certificate Extensions: 1
[1]: ObjectId: 2.5.29.14 Criticality=false
SubjectKeyIdentifier [
KeyIdentifier [
0000: 65 D7 B4 E0 27 45 7A 00   58 2F AD D5 0B 64 2D 77  e...'Ez.X/...d-w
0010: 88 F7 AA F5                                        ....
]
]

]
  Algorithm: [SHA256withRSA]
  Signature:
0000: 1B C8 6B 36 83 1D 28 37   5C 1F 7D F6 C6 84 A0 BF  ..k6..(7\.......
0010: CA C0 47 CF C5 34 70 7A   CF 6B EA 34 84 BE 08 7A  ..G..4pz.k.4...z
0020: 98 E6 3D ED 1D E2 6F 06   DB 23 AB 41 AD D5 DF 1D  ..=...o..#.A....
0030: 92 F4 9D 05 FD 7C EE BE   4A 87 B8 F1 FE F4 5B 79  ........J.....[y
0040: DC AD F7 44 3D 67 08 7A   3B 91 D7 5A 79 44 96 D7  ...D=g.z;..ZyD..
0050: BE 0E 41 C8 64 E3 87 C3   28 11 AB DC 36 F5 B0 AC  ..A.d...(...6...
0060: BD 2F 16 1D 6E A1 52 25   5A EC 6F AD 20 71 5A 1B  ./..n.R%Z.o. qZ.
0070: 66 D4 0D A6 49 B7 75 43   C4 84 0B 4B AC BD 16 76  f...I.uC...K...v
0080: 58 2B 07 85 E2 F1 44 15   1E 67 D1 3C 13 73 5A 2D  X+....D..g.<.sZ-
0090: D6 06 0B A1 D3 09 7E EF   88 F9 C3 0E A4 10 47 EA  ..............G.
00A0: 65 5D CD F0 39 EA 2F 59   1C 08 BC F9 CC 5B C9 BB  e]..9./Y.....[..
00B0: 2F 20 19 81 97 B5 21 BB   60 A4 39 08 6C 41 2A 51  / ....!.`.9.lA*Q
00C0: B1 C3 1A A3 8C F8 ED 67   D0 EE EC 52 01 2A E4 1E  .......g...R.*..
00D0: D2 B4 34 73 DC 7E 34 24   A9 4E 77 AD FD B3 77 0D  ..4s..4$.Nw...w.
00E0: C2 7A C0 65 F6 CC 11 9D   19 AA 59 13 C3 9D AD 5F  .z.e......Y...._
00F0: 61 E6 C2 18 F0 E5 A1 49   41 B5 EF 9E 91 0C 35 9C  a......IA.....5.

]
***
Found trusted certificate:
[
[
  Version: V3
  Subject: CN=localhost, OU=ZooKeeper, O=Apache, L=Unknown, ST=Unknown, C=Unknown
  Signature Algorithm: SHA256withRSA, OID = 1.2.840.113549.1.1.11

  Key:  Sun RSA public key, 2048 bits
  params: null
  modulus: 20466894428749997265095448870198652391311568515891366224735448896044144250313384062095901217219702596717622583159291680947094046474456586662132842412743846124470020097713679685492900855417800931365512472314155689881392853768001073664569106127795833231344696659209258027979401908711647617989508135190248980524852215540637603770017238536229773075995665111861820945008718990948857303373661769409475939971958531493423489844433566328219155461676589360491136984327342101195255797973694339642711115427623510874675394946293706606142706174397483349590050687482693164890194014220011640037490528845185364811025836034294701994387
  public exponent: 65537
  Validity: [From: Sat Jan 31 02:57:30 CST 2015,
               To: Wed Feb 08 02:57:30 CST 3015]
  Issuer: CN=localhost, OU=ZooKeeper, O=Apache, L=Unknown, ST=Unknown, C=Unknown
  SerialNumber: [    7334b506]

Certificate Extensions: 1
[1]: ObjectId: 2.5.29.14 Criticality=false
SubjectKeyIdentifier [
KeyIdentifier [
0000: 65 D7 B4 E0 27 45 7A 00   58 2F AD D5 0B 64 2D 77  e...'Ez.X/...d-w
0010: 88 F7 AA F5                                        ....
]
]

]
  Algorithm: [SHA256withRSA]
  Signature:
0000: 1B C8 6B 36 83 1D 28 37   5C 1F 7D F6 C6 84 A0 BF  ..k6..(7\.......
0010: CA C0 47 CF C5 34 70 7A   CF 6B EA 34 84 BE 08 7A  ..G..4pz.k.4...z
0020: 98 E6 3D ED 1D E2 6F 06   DB 23 AB 41 AD D5 DF 1D  ..=...o..#.A....
0030: 92 F4 9D 05 FD 7C EE BE   4A 87 B8 F1 FE F4 5B 79  ........J.....[y
0040: DC AD F7 44 3D 67 08 7A   3B 91 D7 5A 79 44 96 D7  ...D=g.z;..ZyD..
0050: BE 0E 41 C8 64 E3 87 C3   28 11 AB DC 36 F5 B0 AC  ..A.d...(...6...
0060: BD 2F 16 1D 6E A1 52 25   5A EC 6F AD 20 71 5A 1B  ./..n.R%Z.o. qZ.
0070: 66 D4 0D A6 49 B7 75 43   C4 84 0B 4B AC BD 16 76  f...I.uC...K...v
0080: 58 2B 07 85 E2 F1 44 15   1E 67 D1 3C 13 73 5A 2D  X+....D..g.<.sZ-
0090: D6 06 0B A1 D3 09 7E EF   88 F9 C3 0E A4 10 47 EA  ..............G.
00A0: 65 5D CD F0 39 EA 2F 59   1C 08 BC F9 CC 5B C9 BB  e]..9./Y.....[..
00B0: 2F 20 19 81 97 B5 21 BB   60 A4 39 08 6C 41 2A 51  / ....!.`.9.lA*Q
00C0: B1 C3 1A A3 8C F8 ED 67   D0 EE EC 52 01 2A E4 1E  .......g...R.*..
00D0: D2 B4 34 73 DC 7E 34 24   A9 4E 77 AD FD B3 77 0D  ..4s..4$.Nw...w.
00E0: C2 7A C0 65 F6 CC 11 9D   19 AA 59 13 C3 9D AD 5F  .z.e......Y...._
00F0: 61 E6 C2 18 F0 E5 A1 49   41 B5 EF 9E 91 0C 35 9C  a......IA.....5.

]
2020-06-22 14:06:58,187 [myid:127.0.0.1:30074] - ERROR [nioEventLoopGroup-9-1:ZKTrustManager@161] - Failed to verify host address: 127.0.0.1
javax.net.ssl.SSLPeerUnverifiedException: Certificate for <127.0.0.1> doesn't match common name of the certificate subject: localhost
	at org.apache.zookeeper.common.ZKHostnameVerifier.matchCN(ZKHostnameVerifier.java:238)
	at org.apache.zookeeper.common.ZKHostnameVerifier.verify(ZKHostnameVerifier.java:184)
	at org.apache.zookeeper.common.ZKTrustManager.performHostVerification(ZKTrustManager.java:151)
	at org.apache.zookeeper.common.ZKTrustManager.checkServerTrusted(ZKTrustManager.java:118)
	at sun.security.ssl.ClientHandshaker.serverCertificate(ClientHandshaker.java:1675)
	at sun.security.ssl.ClientHandshaker.processMessage(ClientHandshaker.java:226)
	at sun.security.ssl.Handshaker.processLoop(Handshaker.java:1082)
	at sun.security.ssl.Handshaker$1.run(Handshaker.java:1015)
	at sun.security.ssl.Handshaker$1.run(Handshaker.java:1012)
	at java.security.AccessController.doPrivileged(Native Method)
	at sun.security.ssl.Handshaker$DelegatedTask.run(Handshaker.java:1504)
	at io.netty.handler.ssl.SslHandler.runAllDelegatedTasks(SslHandler.java:1510)
	at io.netty.handler.ssl.SslHandler.runDelegatedTasks(SslHandler.java:1524)
	at io.netty.handler.ssl.SslHandler.unwrap(SslHandler.java:1408)
	at io.netty.handler.ssl.SslHandler.decodeJdkCompatible(SslHandler.java:1235)
	at io.netty.handler.ssl.SslHandler.decode(SslHandler.java:1282)
	at io.netty.handler.codec.ByteToMessageDecoder.decodeRemovalReentryProtection(ByteToMessageDecoder.java:498)
	at io.netty.handler.codec.ByteToMessageDecoder.callDecode(ByteToMessageDecoder.java:437)
	at io.netty.handler.codec.ByteToMessageDecoder.channelRead(ByteToMessageDecoder.java:276)
	at io.netty.channel.AbstractChannelHandlerContext.invokeChannelRead(AbstractChannelHandlerContext.java:379)
	at io.netty.channel.AbstractChannelHandlerContext.invokeChannelRead(AbstractChannelHandlerContext.java:365)
	at io.netty.channel.AbstractChannelHandlerContext.fireChannelRead(AbstractChannelHandlerContext.java:357)
	at io.netty.channel.DefaultChannelPipeline$HeadContext.channelRead(DefaultChannelPipeline.java:1410)
	at io.netty.channel.AbstractChannelHandlerContext.invokeChannelRead(AbstractChannelHandlerContext.java:379)
	at io.netty.channel.AbstractChannelHandlerContext.invokeChannelRead(AbstractChannelHandlerContext.java:365)
	at io.netty.channel.DefaultChannelPipeline.fireChannelRead(DefaultChannelPipeline.java:919)
	at io.netty.channel.nio.AbstractNioByteChannel$NioByteUnsafe.read(AbstractNioByteChannel.java:163)
	at io.netty.channel.nio.NioEventLoop.processSelectedKey(NioEventLoop.java:714)
	at io.netty.channel.nio.NioEventLoop.processSelectedKeysOptimized(NioEventLoop.java:650)
	at io.netty.channel.nio.NioEventLoop.processSelectedKeys(NioEventLoop.java:576)
	at io.netty.channel.nio.NioEventLoop.run(NioEventLoop.java:493)
	at io.netty.util.concurrent.SingleThreadEventExecutor$4.run(SingleThreadEventExecutor.java:989)
	at io.netty.util.internal.ThreadExecutorMap$2.run(ThreadExecutorMap.java:74)
	at io.netty.util.concurrent.FastThreadLocalRunnable.run(FastThreadLocalRunnable.java:30)
	at java.lang.Thread.run(Thread.java:748)
2020-06-22 14:06:58,188 [myid:127.0.0.1:30074] - ERROR [nioEventLoopGroup-9-1:ZKTrustManager@162] - Failed to verify hostname: activate.navicat.com
javax.net.ssl.SSLPeerUnverifiedException: Certificate for <activate.navicat.com> doesn't match common name of the certificate subject: localhost
	at org.apache.zookeeper.common.ZKHostnameVerifier.matchCN(ZKHostnameVerifier.java:238)
	at org.apache.zookeeper.common.ZKHostnameVerifier.verify(ZKHostnameVerifier.java:184)
	at org.apache.zookeeper.common.ZKTrustManager.performHostVerification(ZKTrustManager.java:159)
	at org.apache.zookeeper.common.ZKTrustManager.checkServerTrusted(ZKTrustManager.java:118)
	at sun.security.ssl.ClientHandshaker.serverCertificate(ClientHandshaker.java:1675)
	at sun.security.ssl.ClientHandshaker.processMessage(ClientHandshaker.java:226)
	at sun.security.ssl.Handshaker.processLoop(Handshaker.java:1082)
	at sun.security.ssl.Handshaker$1.run(Handshaker.java:1015)
	at sun.security.ssl.Handshaker$1.run(Handshaker.java:1012)
	at java.security.AccessController.doPrivileged(Native Method)
	at sun.security.ssl.Handshaker$DelegatedTask.run(Handshaker.java:1504)
	at io.netty.handler.ssl.SslHandler.runAllDelegatedTasks(SslHandler.java:1510)
	at io.netty.handler.ssl.SslHandler.runDelegatedTasks(SslHandler.java:1524)
	at io.netty.handler.ssl.SslHandler.unwrap(SslHandler.java:1408)
	at io.netty.handler.ssl.SslHandler.decodeJdkCompatible(SslHandler.java:1235)
	at io.netty.handler.ssl.SslHandler.decode(SslHandler.java:1282)
	at io.netty.handler.codec.ByteToMessageDecoder.decodeRemovalReentryProtection(ByteToMessageDecoder.java:498)
	at io.netty.handler.codec.ByteToMessageDecoder.callDecode(ByteToMessageDecoder.java:437)
	at io.netty.handler.codec.ByteToMessageDecoder.channelRead(ByteToMessageDecoder.java:276)
	at io.netty.channel.AbstractChannelHandlerContext.invokeChannelRead(AbstractChannelHandlerContext.java:379)
	at io.netty.channel.AbstractChannelHandlerContext.invokeChannelRead(AbstractChannelHandlerContext.java:365)
	at io.netty.channel.AbstractChannelHandlerContext.fireChannelRead(AbstractChannelHandlerContext.java:357)
	at io.netty.channel.DefaultChannelPipeline$HeadContext.channelRead(DefaultChannelPipeline.java:1410)
	at io.netty.channel.AbstractChannelHandlerContext.invokeChannelRead(AbstractChannelHandlerContext.java:379)
	at io.netty.channel.AbstractChannelHandlerContext.invokeChannelRead(AbstractChannelHandlerContext.java:365)
	at io.netty.channel.DefaultChannelPipeline.fireChannelRead(DefaultChannelPipeline.java:919)
	at io.netty.channel.nio.AbstractNioByteChannel$NioByteUnsafe.read(AbstractNioByteChannel.java:163)
	at io.netty.channel.nio.NioEventLoop.processSelectedKey(NioEventLoop.java:714)
	at io.netty.channel.nio.NioEventLoop.processSelectedKeysOptimized(NioEventLoop.java:650)
	at io.netty.channel.nio.NioEventLoop.processSelectedKeys(NioEventLoop.java:576)
	at io.netty.channel.nio.NioEventLoop.run(NioEventLoop.java:493)
	at io.netty.util.concurrent.SingleThreadEventExecutor$4.run(SingleThreadEventExecutor.java:989)
	at io.netty.util.internal.ThreadExecutorMap$2.run(ThreadExecutorMap.java:74)
	at io.netty.util.concurrent.FastThreadLocalRunnable.run(FastThreadLocalRunnable.java:30)
	at java.lang.Thread.run(Thread.java:748)
nioEventLoopGroup-9-1, fatal error: 46: General SSLEngine problem
java.security.cert.CertificateException: Failed to verify both host address and host name
%% Invalidated:  [Session-142, SSL_NULL_WITH_NULL_NULL]
%% Invalidated:  [Session-145, TLS_ECDHE_RSA_WITH_AES_256_CBC_SHA384]
nioEventLoopGroup-9-1, SEND TLSv1.2 ALERT:  fatal, description = certificate_unknown
nioEventLoopGroup-9-1, WRITE: TLSv1.2 Alert, length = 2
nioEventLoopGroup-9-1, fatal: engine already closed.  Rethrowing javax.net.ssl.SSLHandshakeException: General SSLEngine problem
nioEventLoopGroup-9-1, called closeOutbound()
nioEventLoopGroup-9-1, closeOutboundInternal()
nioEventLoopGroup-9-1, called closeInbound()
nioEventLoopGroup-9-1, fatal: engine already closed.  Rethrowing javax.net.ssl.SSLException: Inbound closed before receiving peer's close_notify: possible truncation attack?
nioEventLoopGroup-8-14, READ: TLSv1.2 Alert, length = 2
nioEventLoopGroup-8-14, RECV TLSv1.2 ALERT:  fatal, certificate_unknown
nioEventLoopGroup-8-14, fatal: engine already closed.  Rethrowing javax.net.ssl.SSLException: Received fatal alert: certificate_unknown
nioEventLoopGroup-8-14, fatal: engine already closed.  Rethrowing javax.net.ssl.SSLException: Received fatal alert: certificate_unknown
2020-06-22 14:06:58,189 [myid:] - ERROR [nioEventLoopGroup-8-14:NettyServerCnxnFactory$CertificateVerifier@434] - Unsuccessful handshake with session 0x0
nioEventLoopGroup-8-14, called closeOutbound()
nioEventLoopGroup-8-14, closeOutboundInternal()
nioEventLoopGroup-8-14, SEND TLSv1.2 ALERT:  warning, description = close_notify
nioEventLoopGroup-8-14, WRITE: TLSv1.2 Alert, length = 2
nioEventLoopGroup-8-14, called closeInbound()
nioEventLoopGroup-8-14, fatal: engine already closed.  Rethrowing javax.net.ssl.SSLException: Inbound closed before receiving peer's close_notify: possible truncation attack?
2020-06-22 14:06:58,189 [myid:127.0.0.1:30074] - ERROR [nioEventLoopGroup-9-1:ClientCnxnSocketNetty$ZKClientHandler@522] - Unexpected throwable
io.netty.handler.codec.DecoderException: javax.net.ssl.SSLHandshakeException: General SSLEngine problem
	at io.netty.handler.codec.ByteToMessageDecoder.callDecode(ByteToMessageDecoder.java:468)
	at io.netty.handler.codec.ByteToMessageDecoder.channelRead(ByteToMessageDecoder.java:276)
	at io.netty.channel.AbstractChannelHandlerContext.invokeChannelRead(AbstractChannelHandlerContext.java:379)
	at io.netty.channel.AbstractChannelHandlerContext.invokeChannelRead(AbstractChannelHandlerContext.java:365)
	at io.netty.channel.AbstractChannelHandlerContext.fireChannelRead(AbstractChannelHandlerContext.java:357)
	at io.netty.channel.DefaultChannelPipeline$HeadContext.channelRead(DefaultChannelPipeline.java:1410)
	at io.netty.channel.AbstractChannelHandlerContext.invokeChannelRead(AbstractChannelHandlerContext.java:379)
	at io.netty.channel.AbstractChannelHandlerContext.invokeChannelRead(AbstractChannelHandlerContext.java:365)
	at io.netty.channel.DefaultChannelPipeline.fireChannelRead(DefaultChannelPipeline.java:919)
	at io.netty.channel.nio.AbstractNioByteChannel$NioByteUnsafe.read(AbstractNioByteChannel.java:163)
	at io.netty.channel.nio.NioEventLoop.processSelectedKey(NioEventLoop.java:714)
	at io.netty.channel.nio.NioEventLoop.processSelectedKeysOptimized(NioEventLoop.java:650)
	at io.netty.channel.nio.NioEventLoop.processSelectedKeys(NioEventLoop.java:576)
	at io.netty.channel.nio.NioEventLoop.run(NioEventLoop.java:493)
	at io.netty.util.concurrent.SingleThreadEventExecutor$4.run(SingleThreadEventExecutor.java:989)
	at io.netty.util.internal.ThreadExecutorMap$2.run(ThreadExecutorMap.java:74)
	at io.netty.util.concurrent.FastThreadLocalRunnable.run(FastThreadLocalRunnable.java:30)
	at java.lang.Thread.run(Thread.java:748)
Caused by: javax.net.ssl.SSLHandshakeException: General SSLEngine problem
	at sun.security.ssl.Handshaker.checkThrown(Handshaker.java:1566)
	at sun.security.ssl.SSLEngineImpl.checkTaskThrown(SSLEngineImpl.java:545)
	at sun.security.ssl.SSLEngineImpl.readNetRecord(SSLEngineImpl.java:819)
	at sun.security.ssl.SSLEngineImpl.unwrap(SSLEngineImpl.java:783)
	at javax.net.ssl.SSLEngine.unwrap(SSLEngine.java:626)
	at io.netty.handler.ssl.SslHandler$SslEngineType$3.unwrap(SslHandler.java:281)
	at io.netty.handler.ssl.SslHandler.unwrap(SslHandler.java:1340)
	at io.netty.handler.ssl.SslHandler.decodeJdkCompatible(SslHandler.java:1235)
	at io.netty.handler.ssl.SslHandler.decode(SslHandler.java:1282)
	at io.netty.handler.codec.ByteToMessageDecoder.decodeRemovalReentryProtection(ByteToMessageDecoder.java:498)
	at io.netty.handler.codec.ByteToMessageDecoder.callDecode(ByteToMessageDecoder.java:437)
	... 17 more
Caused by: javax.net.ssl.SSLHandshakeException: General SSLEngine problem
	at sun.security.ssl.Alerts.getSSLException(Alerts.java:198)
	at sun.security.ssl.SSLEngineImpl.fatal(SSLEngineImpl.java:1729)
	at sun.security.ssl.Handshaker.fatalSE(Handshaker.java:333)
	at sun.security.ssl.Handshaker.fatalSE(Handshaker.java:325)
	at sun.security.ssl.ClientHandshaker.serverCertificate(ClientHandshaker.java:1688)
	at sun.security.ssl.ClientHandshaker.processMessage(ClientHandshaker.java:226)
	at sun.security.ssl.Handshaker.processLoop(Handshaker.java:1082)
	at sun.security.ssl.Handshaker$1.run(Handshaker.java:1015)
	at sun.security.ssl.Handshaker$1.run(Handshaker.java:1012)
	at java.security.AccessController.doPrivileged(Native Method)
	at sun.security.ssl.Handshaker$DelegatedTask.run(Handshaker.java:1504)
	at io.netty.handler.ssl.SslHandler.runAllDelegatedTasks(SslHandler.java:1510)
	at io.netty.handler.ssl.SslHandler.runDelegatedTasks(SslHandler.java:1524)
	at io.netty.handler.ssl.SslHandler.unwrap(SslHandler.java:1408)
	... 21 more
Caused by: java.security.cert.CertificateException: Failed to verify both host address and host name
	at org.apache.zookeeper.common.ZKTrustManager.performHostVerification(ZKTrustManager.java:163)
	at org.apache.zookeeper.common.ZKTrustManager.checkServerTrusted(ZKTrustManager.java:118)
	at sun.security.ssl.ClientHandshaker.serverCertificate(ClientHandshaker.java:1675)
	... 30 more
Caused by: javax.net.ssl.SSLPeerUnverifiedException: Certificate for <activate.navicat.com> doesn't match common name of the certificate subject: localhost
	at org.apache.zookeeper.common.ZKHostnameVerifier.matchCN(ZKHostnameVerifier.java:238)
	at org.apache.zookeeper.common.ZKHostnameVerifier.verify(ZKHostnameVerifier.java:184)
	at org.apache.zookeeper.common.ZKTrustManager.performHostVerification(ZKTrustManager.java:159)
	... 32 more
2020-06-22 14:06:58,190 [myid:127.0.0.1:30074] - INFO  [nioEventLoopGroup-9-1:ClientCnxnSocketNetty@249] - channel is told closing
nioEventLoopGroup-9-1, called closeOutbound()
nioEventLoopGroup-9-1, closeOutboundInternal()
2020-06-22 14:06:58,190 [myid:] - WARN  [nioEventLoopGroup-8-14:NettyServerCnxnFactory$CnxnChannelHandler@273] - Exception caught
io.netty.handler.codec.DecoderException: javax.net.ssl.SSLException: Received fatal alert: certificate_unknown
	at io.netty.handler.codec.ByteToMessageDecoder.callDecode(ByteToMessageDecoder.java:468)
	at io.netty.handler.codec.ByteToMessageDecoder.channelRead(ByteToMessageDecoder.java:276)
	at io.netty.channel.AbstractChannelHandlerContext.invokeChannelRead(AbstractChannelHandlerContext.java:379)
	at io.netty.channel.AbstractChannelHandlerContext.invokeChannelRead(AbstractChannelHandlerContext.java:365)
	at io.netty.channel.AbstractChannelHandlerContext.fireChannelRead(AbstractChannelHandlerContext.java:357)
	at io.netty.channel.DefaultChannelPipeline$HeadContext.channelRead(DefaultChannelPipeline.java:1410)
	at io.netty.channel.AbstractChannelHandlerContext.invokeChannelRead(AbstractChannelHandlerContext.java:379)
	at io.netty.channel.AbstractChannelHandlerContext.invokeChannelRead(AbstractChannelHandlerContext.java:365)
	at io.netty.channel.DefaultChannelPipeline.fireChannelRead(DefaultChannelPipeline.java:919)
	at io.netty.channel.nio.AbstractNioByteChannel$NioByteUnsafe.read(AbstractNioByteChannel.java:163)
	at io.netty.channel.nio.NioEventLoop.processSelectedKey(NioEventLoop.java:714)
	at io.netty.channel.nio.NioEventLoop.processSelectedKeysOptimized(NioEventLoop.java:650)
	at io.netty.channel.nio.NioEventLoop.processSelectedKeys(NioEventLoop.java:576)
	at io.netty.channel.nio.NioEventLoop.run(NioEventLoop.java:493)
	at io.netty.util.concurrent.SingleThreadEventExecutor$4.run(SingleThreadEventExecutor.java:989)
	at io.netty.util.internal.ThreadExecutorMap$2.run(ThreadExecutorMap.java:74)
	at io.netty.util.concurrent.FastThreadLocalRunnable.run(FastThreadLocalRunnable.java:30)
	at java.lang.Thread.run(Thread.java:748)
Caused by: javax.net.ssl.SSLException: Received fatal alert: certificate_unknown
	at sun.security.ssl.Alerts.getSSLException(Alerts.java:214)
	at sun.security.ssl.SSLEngineImpl.fatal(SSLEngineImpl.java:1667)
	at sun.security.ssl.SSLEngineImpl.fatal(SSLEngineImpl.java:1635)
	at sun.security.ssl.SSLEngineImpl.recvAlert(SSLEngineImpl.java:1801)
	at sun.security.ssl.SSLEngineImpl.readRecord(SSLEngineImpl.java:1090)
	at sun.security.ssl.SSLEngineImpl.readNetRecord(SSLEngineImpl.java:913)
	at sun.security.ssl.SSLEngineImpl.unwrap(SSLEngineImpl.java:783)
	at javax.net.ssl.SSLEngine.unwrap(SSLEngine.java:626)
	at io.netty.handler.ssl.SslHandler$SslEngineType$3.unwrap(SslHandler.java:281)
	at io.netty.handler.ssl.SslHandler.unwrap(SslHandler.java:1340)
	at io.netty.handler.ssl.SslHandler.decodeJdkCompatible(SslHandler.java:1235)
	at io.netty.handler.ssl.SslHandler.decode(SslHandler.java:1282)
	at io.netty.handler.codec.ByteToMessageDecoder.decodeRemovalReentryProtection(ByteToMessageDecoder.java:498)
	at io.netty.handler.codec.ByteToMessageDecoder.callDecode(ByteToMessageDecoder.java:437)
	... 17 more
nioEventLoopGroup-8-14, called closeOutbound()
nioEventLoopGroup-8-14, closeOutboundInternal()
2020-06-22 14:06:58,190 [myid:127.0.0.1:30074] - WARN  [main-SendThread(127.0.0.1:30074):ClientCnxn$SendThread@1272] - Session 0x0 for sever activate.navicat.com/127.0.0.1:30074, Closing socket connection. Attempting reconnect except it is a SessionExpiredException.
EndOfStreamException: channel for sessionid 0x0 is lost
	at org.apache.zookeeper.ClientCnxnSocketNetty.doTransport(ClientCnxnSocketNetty.java:285)
	at org.apache.zookeeper.ClientCnxn$SendThread.run(ClientCnxn.java:1262)
nioEventLoopGroup-8-14, READ: TLSv1.2 Alert, length = 2
nioEventLoopGroup-8-14, RECV TLSv1.2 ALERT:  fatal, certificate_unknown
nioEventLoopGroup-8-14, fatal: engine already closed.  Rethrowing javax.net.ssl.SSLException: Received fatal alert: certificate_unknown
nioEventLoopGroup-8-14, fatal: engine already closed.  Rethrowing javax.net.ssl.SSLException: Received fatal alert: certificate_unknown
2020-06-22 14:06:58,190 [myid:127.0.0.1:30074] - INFO  [nioEventLoopGroup-9-1:ClientCnxnSocketNetty$ZKClientHandler@469] - channel is disconnected: [id: 0xd7172278, L:/127.0.0.1:56612 ! R:activate.navicat.com/127.0.0.1:30074]
nioEventLoopGroup-8-14, called closeOutbound()
nioEventLoopGroup-8-14, closeOutboundInternal()
nioEventLoopGroup-8-14, called closeInbound()
nioEventLoopGroup-8-14, closeInboundInternal()
nioEventLoopGroup-8-14, closeOutboundInternal()
2020-06-22 14:06:58,191 [myid:] - WARN  [nioEventLoopGroup-8-14:NettyServerCnxnFactory$CnxnChannelHandler@273] - Exception caught
io.netty.handler.codec.DecoderException: javax.net.ssl.SSLException: Received fatal alert: certificate_unknown
	at io.netty.handler.codec.ByteToMessageDecoder.callDecode(ByteToMessageDecoder.java:468)
	at io.netty.handler.codec.ByteToMessageDecoder.channelInputClosed(ByteToMessageDecoder.java:401)
	at io.netty.handler.codec.ByteToMessageDecoder.channelInputClosed(ByteToMessageDecoder.java:368)
	at io.netty.handler.codec.ByteToMessageDecoder.channelInactive(ByteToMessageDecoder.java:351)
	at io.netty.handler.ssl.SslHandler.channelInactive(SslHandler.java:1084)
	at io.netty.channel.AbstractChannelHandlerContext.invokeChannelInactive(AbstractChannelHandlerContext.java:262)
	at io.netty.channel.AbstractChannelHandlerContext.invokeChannelInactive(AbstractChannelHandlerContext.java:248)
	at io.netty.channel.AbstractChannelHandlerContext.fireChannelInactive(AbstractChannelHandlerContext.java:241)
	at io.netty.channel.DefaultChannelPipeline$HeadContext.channelInactive(DefaultChannelPipeline.java:1405)
	at io.netty.channel.AbstractChannelHandlerContext.invokeChannelInactive(AbstractChannelHandlerContext.java:262)
	at io.netty.channel.AbstractChannelHandlerContext.invokeChannelInactive(AbstractChannelHandlerContext.java:248)
	at io.netty.channel.DefaultChannelPipeline.fireChannelInactive(DefaultChannelPipeline.java:901)
	at io.netty.channel.AbstractChannel$AbstractUnsafe$8.run(AbstractChannel.java:818)
	at io.netty.util.concurrent.AbstractEventExecutor.safeExecute(AbstractEventExecutor.java:164)
	at io.netty.util.concurrent.SingleThreadEventExecutor.runAllTasks(SingleThreadEventExecutor.java:472)
	at io.netty.channel.nio.NioEventLoop.run(NioEventLoop.java:497)
	at io.netty.util.concurrent.SingleThreadEventExecutor$4.run(SingleThreadEventExecutor.java:989)
	at io.netty.util.internal.ThreadExecutorMap$2.run(ThreadExecutorMap.java:74)
	at io.netty.util.concurrent.FastThreadLocalRunnable.run(FastThreadLocalRunnable.java:30)
	at java.lang.Thread.run(Thread.java:748)
Caused by: javax.net.ssl.SSLException: Received fatal alert: certificate_unknown
	at sun.security.ssl.Alerts.getSSLException(Alerts.java:214)
	at sun.security.ssl.SSLEngineImpl.fatal(SSLEngineImpl.java:1667)
	at sun.security.ssl.SSLEngineImpl.fatal(SSLEngineImpl.java:1635)
	at sun.security.ssl.SSLEngineImpl.recvAlert(SSLEngineImpl.java:1801)
	at sun.security.ssl.SSLEngineImpl.readRecord(SSLEngineImpl.java:1090)
	at sun.security.ssl.SSLEngineImpl.readNetRecord(SSLEngineImpl.java:913)
	at sun.security.ssl.SSLEngineImpl.unwrap(SSLEngineImpl.java:783)
	at javax.net.ssl.SSLEngine.unwrap(SSLEngine.java:626)
	at io.netty.handler.ssl.SslHandler$SslEngineType$3.unwrap(SslHandler.java:281)
	at io.netty.handler.ssl.SslHandler.unwrap(SslHandler.java:1340)
	at io.netty.handler.ssl.SslHandler.decodeJdkCompatible(SslHandler.java:1235)
	at io.netty.handler.ssl.SslHandler.decode(SslHandler.java:1282)
	at io.netty.handler.codec.ByteToMessageDecoder.decodeRemovalReentryProtection(ByteToMessageDecoder.java:498)
	at io.netty.handler.codec.ByteToMessageDecoder.callDecode(ByteToMessageDecoder.java:437)
	... 19 more
2020-06-22 14:06:58,615 [myid:127.0.0.1:30073] - WARN  [nioEventLoopGroup-5-1:ClientCnxnSocketNetty$1@150] - future isn't success.
io.netty.channel.AbstractChannel$AnnotatedConnectException: Connection refused: no further information: activate.navicat.com/127.0.0.1:30073
Caused by: java.net.ConnectException: Connection refused: no further information
	at sun.nio.ch.SocketChannelImpl.checkConnect(Native Method)
	at sun.nio.ch.SocketChannelImpl.finishConnect(SocketChannelImpl.java:714)
	at io.netty.channel.socket.nio.NioSocketChannel.doFinishConnect(NioSocketChannel.java:330)
	at io.netty.channel.nio.AbstractNioChannel$AbstractNioUnsafe.finishConnect(AbstractNioChannel.java:334)
	at io.netty.channel.nio.NioEventLoop.processSelectedKey(NioEventLoop.java:702)
	at io.netty.channel.nio.NioEventLoop.processSelectedKeysOptimized(NioEventLoop.java:650)
	at io.netty.channel.nio.NioEventLoop.processSelectedKeys(NioEventLoop.java:576)
	at io.netty.channel.nio.NioEventLoop.run(NioEventLoop.java:493)
	at io.netty.util.concurrent.SingleThreadEventExecutor$4.run(SingleThreadEventExecutor.java:989)
	at io.netty.util.internal.ThreadExecutorMap$2.run(ThreadExecutorMap.java:74)
	at io.netty.util.concurrent.FastThreadLocalRunnable.run(FastThreadLocalRunnable.java:30)
	at java.lang.Thread.run(Thread.java:748)
nioEventLoopGroup-5-1, called closeOutbound()
nioEventLoopGroup-5-1, closeOutboundInternal()
2020-06-22 14:06:58,616 [myid:127.0.0.1:30073] - WARN  [main-SendThread(127.0.0.1:30073):ClientCnxn$SendThread@1272] - Session 0x0 for sever activate.navicat.com/127.0.0.1:30073, Closing socket connection. Attempting reconnect except it is a SessionExpiredException.
EndOfStreamException: channel for sessionid 0x0 is lost
	at org.apache.zookeeper.ClientCnxnSocketNetty.doTransport(ClientCnxnSocketNetty.java:285)
	at org.apache.zookeeper.ClientCnxn$SendThread.run(ClientCnxn.java:1262)
2020-06-22 14:07:00,174 [myid:127.0.0.1:30074] - INFO  [main-SendThread(127.0.0.1:30074):ClientCnxn$SendThread@1154] - Opening socket connection to server activate.navicat.com/127.0.0.1:30074.
2020-06-22 14:07:00,174 [myid:127.0.0.1:30074] - INFO  [main-SendThread(127.0.0.1:30074):ClientCnxn$SendThread@1156] - SASL config status: Will not attempt to authenticate using SASL (unknown error)
adding as trusted cert:
  Subject: CN=localhost, OU=ZooKeeper, O=Apache, L=Unknown, ST=Unknown, C=Unknown
  Issuer:  CN=localhost, OU=ZooKeeper, O=Apache, L=Unknown, ST=Unknown, C=Unknown
  Algorithm: RSA; Serial number: 0x7334b506
  Valid from Sat Jan 31 02:57:30 CST 2015 until Wed Feb 08 02:57:30 CST 3015

trigger seeding of SecureRandom
done seeding SecureRandom
Using SSLEngineImpl.
%% Initialized:  [Session-146, SSL_NULL_WITH_NULL_NULL]
2020-06-22 14:07:00,175 [myid:127.0.0.1:30074] - INFO  [nioEventLoopGroup-9-1:ClientCnxnSocketNetty$ZKClientPipelineFactory@454] - SSL handler added for channel: [id: 0x226a3b53]
2020-06-22 14:07:00,176 [myid:127.0.0.1:30074] - INFO  [nioEventLoopGroup-9-1:ClientCnxn$SendThread@986] - Socket connection established, initiating session, client: /127.0.0.1:56697, server: activate.navicat.com/127.0.0.1:30074
2020-06-22 14:07:00,176 [myid:127.0.0.1:30074] - INFO  [nioEventLoopGroup-9-1:ClientCnxnSocketNetty$1@184] - channel is connected: [id: 0x226a3b53, L:/127.0.0.1:56697 - R:activate.navicat.com/127.0.0.1:30074]
Allow unsafe renegotiation: false
Allow legacy hello messages: true
Is initial handshake: true
Is secure renegotiation: false
Ignoring unsupported cipher suite: TLS_ECDHE_ECDSA_WITH_AES_256_CBC_SHA384 for TLSv1
Ignoring unsupported cipher suite: TLS_ECDHE_RSA_WITH_AES_256_CBC_SHA384 for TLSv1
Ignoring unsupported cipher suite: TLS_RSA_WITH_AES_256_CBC_SHA256 for TLSv1
Ignoring unsupported cipher suite: TLS_ECDH_ECDSA_WITH_AES_256_CBC_SHA384 for TLSv1
Ignoring unsupported cipher suite: TLS_ECDH_RSA_WITH_AES_256_CBC_SHA384 for TLSv1
Ignoring unsupported cipher suite: TLS_DHE_RSA_WITH_AES_256_CBC_SHA256 for TLSv1
Ignoring unsupported cipher suite: TLS_DHE_DSS_WITH_AES_256_CBC_SHA256 for TLSv1
Ignoring unsupported cipher suite: TLS_ECDHE_ECDSA_WITH_AES_256_CBC_SHA384 for TLSv1.1
Ignoring unsupported cipher suite: TLS_ECDHE_RSA_WITH_AES_256_CBC_SHA384 for TLSv1.1
Ignoring unsupported cipher suite: TLS_RSA_WITH_AES_256_CBC_SHA256 for TLSv1.1
Ignoring unsupported cipher suite: TLS_ECDH_ECDSA_WITH_AES_256_CBC_SHA384 for TLSv1.1
Ignoring unsupported cipher suite: TLS_ECDH_RSA_WITH_AES_256_CBC_SHA384 for TLSv1.1
Ignoring unsupported cipher suite: TLS_DHE_RSA_WITH_AES_256_CBC_SHA256 for TLSv1.1
Ignoring unsupported cipher suite: TLS_DHE_DSS_WITH_AES_256_CBC_SHA256 for TLSv1.1
trigger seeding of SecureRandom
%% No cached client session
done seeding SecureRandom
Using SSLEngineImpl.
%% Initialized:  [Session-147, SSL_NULL_WITH_NULL_NULL]
update handshake state: client_hello[1]
upcoming handshake states: server_hello[2]
*** ClientHello, TLSv1.2
RandomCookie:  GMT: 1576028548 bytes = { 246, 157, 210, 188, 203, 167, 232, 139, 117, 30, 79, 63, 184, 141, 100, 115, 198, 103, 81, 116, 235, 253, 204, 89, 113, 168, 185, 166 }
Session ID:  {}
Cipher Suites: [TLS_ECDHE_ECDSA_WITH_AES_256_CBC_SHA384, TLS_ECDHE_RSA_WITH_AES_256_CBC_SHA384, TLS_RSA_WITH_AES_256_CBC_SHA256, TLS_ECDH_ECDSA_WITH_AES_256_CBC_SHA384, TLS_ECDH_RSA_WITH_AES_256_CBC_SHA384, TLS_DHE_RSA_WITH_AES_256_CBC_SHA256, TLS_DHE_DSS_WITH_AES_256_CBC_SHA256, TLS_ECDHE_ECDSA_WITH_AES_256_CBC_SHA, TLS_ECDHE_RSA_WITH_AES_256_CBC_SHA, TLS_RSA_WITH_AES_256_CBC_SHA, TLS_ECDH_ECDSA_WITH_AES_256_CBC_SHA, TLS_ECDH_RSA_WITH_AES_256_CBC_SHA, TLS_DHE_RSA_WITH_AES_256_CBC_SHA, TLS_DHE_DSS_WITH_AES_256_CBC_SHA, TLS_ECDHE_ECDSA_WITH_AES_128_CBC_SHA256, TLS_ECDHE_RSA_WITH_AES_128_CBC_SHA256, TLS_RSA_WITH_AES_128_CBC_SHA256, TLS_ECDH_ECDSA_WITH_AES_128_CBC_SHA256, TLS_ECDH_RSA_WITH_AES_128_CBC_SHA256, TLS_DHE_RSA_WITH_AES_128_CBC_SHA256, TLS_DHE_DSS_WITH_AES_128_CBC_SHA256, TLS_ECDHE_ECDSA_WITH_AES_128_CBC_SHA, TLS_ECDHE_RSA_WITH_AES_128_CBC_SHA, TLS_RSA_WITH_AES_128_CBC_SHA, TLS_ECDH_ECDSA_WITH_AES_128_CBC_SHA, TLS_ECDH_RSA_WITH_AES_128_CBC_SHA, TLS_DHE_RSA_WITH_AES_128_CBC_SHA, TLS_DHE_DSS_WITH_AES_128_CBC_SHA, TLS_ECDHE_ECDSA_WITH_AES_256_GCM_SHA384, TLS_ECDHE_ECDSA_WITH_AES_128_GCM_SHA256, TLS_ECDHE_RSA_WITH_AES_256_GCM_SHA384, TLS_RSA_WITH_AES_256_GCM_SHA384, TLS_ECDH_ECDSA_WITH_AES_256_GCM_SHA384, TLS_ECDH_RSA_WITH_AES_256_GCM_SHA384, TLS_DHE_RSA_WITH_AES_256_GCM_SHA384, TLS_DHE_DSS_WITH_AES_256_GCM_SHA384, TLS_ECDHE_RSA_WITH_AES_128_GCM_SHA256, TLS_RSA_WITH_AES_128_GCM_SHA256, TLS_ECDH_ECDSA_WITH_AES_128_GCM_SHA256, TLS_ECDH_RSA_WITH_AES_128_GCM_SHA256, TLS_DHE_RSA_WITH_AES_128_GCM_SHA256, TLS_DHE_DSS_WITH_AES_128_GCM_SHA256, TLS_EMPTY_RENEGOTIATION_INFO_SCSV]
Compression Methods:  { 0 }
Extension elliptic_curves, curve names: {secp256r1, secp384r1, secp521r1}
Extension ec_point_formats, formats: [uncompressed]
Extension signature_algorithms, signature_algorithms: SHA512withECDSA, SHA512withRSA, SHA384withECDSA, SHA384withRSA, SHA256withECDSA, SHA256withRSA, SHA256withDSA, SHA1withECDSA, SHA1withRSA, SHA1withDSA
Extension extended_master_secret
Extension server_name, server_name: [type=host_name (0), value=activate.navicat.com]
***
nioEventLoopGroup-9-1, WRITE: TLSv1.2 Handshake, length = 208
Allow unsafe renegotiation: false
Allow legacy hello messages: true
Is initial handshake: true
Is secure renegotiation: false
nioEventLoopGroup-8-15, READ: TLSv1.2 Handshake, length = 208
check handshake state: client_hello[1]
update handshake state: client_hello[1]
upcoming handshake states: server_hello[2]
*** ClientHello, TLSv1.2
RandomCookie:  GMT: 1576028548 bytes = { 246, 157, 210, 188, 203, 167, 232, 139, 117, 30, 79, 63, 184, 141, 100, 115, 198, 103, 81, 116, 235, 253, 204, 89, 113, 168, 185, 166 }
Session ID:  {}
Cipher Suites: [TLS_ECDHE_ECDSA_WITH_AES_256_CBC_SHA384, TLS_ECDHE_RSA_WITH_AES_256_CBC_SHA384, TLS_RSA_WITH_AES_256_CBC_SHA256, TLS_ECDH_ECDSA_WITH_AES_256_CBC_SHA384, TLS_ECDH_RSA_WITH_AES_256_CBC_SHA384, TLS_DHE_RSA_WITH_AES_256_CBC_SHA256, TLS_DHE_DSS_WITH_AES_256_CBC_SHA256, TLS_ECDHE_ECDSA_WITH_AES_256_CBC_SHA, TLS_ECDHE_RSA_WITH_AES_256_CBC_SHA, TLS_RSA_WITH_AES_256_CBC_SHA, TLS_ECDH_ECDSA_WITH_AES_256_CBC_SHA, TLS_ECDH_RSA_WITH_AES_256_CBC_SHA, TLS_DHE_RSA_WITH_AES_256_CBC_SHA, TLS_DHE_DSS_WITH_AES_256_CBC_SHA, TLS_ECDHE_ECDSA_WITH_AES_128_CBC_SHA256, TLS_ECDHE_RSA_WITH_AES_128_CBC_SHA256, TLS_RSA_WITH_AES_128_CBC_SHA256, TLS_ECDH_ECDSA_WITH_AES_128_CBC_SHA256, TLS_ECDH_RSA_WITH_AES_128_CBC_SHA256, TLS_DHE_RSA_WITH_AES_128_CBC_SHA256, TLS_DHE_DSS_WITH_AES_128_CBC_SHA256, TLS_ECDHE_ECDSA_WITH_AES_128_CBC_SHA, TLS_ECDHE_RSA_WITH_AES_128_CBC_SHA, TLS_RSA_WITH_AES_128_CBC_SHA, TLS_ECDH_ECDSA_WITH_AES_128_CBC_SHA, TLS_ECDH_RSA_WITH_AES_128_CBC_SHA, TLS_DHE_RSA_WITH_AES_128_CBC_SHA, TLS_DHE_DSS_WITH_AES_128_CBC_SHA, TLS_ECDHE_ECDSA_WITH_AES_256_GCM_SHA384, TLS_ECDHE_ECDSA_WITH_AES_128_GCM_SHA256, TLS_ECDHE_RSA_WITH_AES_256_GCM_SHA384, TLS_RSA_WITH_AES_256_GCM_SHA384, TLS_ECDH_ECDSA_WITH_AES_256_GCM_SHA384, TLS_ECDH_RSA_WITH_AES_256_GCM_SHA384, TLS_DHE_RSA_WITH_AES_256_GCM_SHA384, TLS_DHE_DSS_WITH_AES_256_GCM_SHA384, TLS_ECDHE_RSA_WITH_AES_128_GCM_SHA256, TLS_RSA_WITH_AES_128_GCM_SHA256, TLS_ECDH_ECDSA_WITH_AES_128_GCM_SHA256, TLS_ECDH_RSA_WITH_AES_128_GCM_SHA256, TLS_DHE_RSA_WITH_AES_128_GCM_SHA256, TLS_DHE_DSS_WITH_AES_128_GCM_SHA256, TLS_EMPTY_RENEGOTIATION_INFO_SCSV]
Compression Methods:  { 0 }
Extension elliptic_curves, curve names: {secp256r1, secp384r1, secp521r1}
Extension ec_point_formats, formats: [uncompressed]
Extension signature_algorithms, signature_algorithms: SHA512withECDSA, SHA512withRSA, SHA384withECDSA, SHA384withRSA, SHA256withECDSA, SHA256withRSA, SHA256withDSA, SHA1withECDSA, SHA1withRSA, SHA1withDSA
Extension extended_master_secret
Extension server_name, server_name: [type=host_name (0), value=activate.navicat.com]
***
%% Initialized:  [Session-148, SSL_NULL_WITH_NULL_NULL]
Standard ciphersuite chosen: TLS_ECDHE_RSA_WITH_AES_256_CBC_SHA384
%% Negotiating:  [Session-148, TLS_ECDHE_RSA_WITH_AES_256_CBC_SHA384]
*** ServerHello, TLSv1.2
RandomCookie:  GMT: 1576028548 bytes = { 78, 172, 146, 68, 73, 46, 9, 107, 183, 217, 247, 20, 225, 71, 30, 206, 222, 102, 7, 127, 9, 150, 138, 103, 154, 236, 228, 219 }
Session ID:  {94, 240, 74, 132, 15, 241, 90, 250, 116, 98, 106, 39, 139, 130, 232, 238, 91, 67, 204, 88, 30, 77, 17, 132, 190, 242, 214, 133, 203, 52, 50, 71}
Cipher Suite: TLS_ECDHE_RSA_WITH_AES_256_CBC_SHA384
Compression Method: 0
Extension renegotiation_info, renegotiated_connection: <empty>
Extension extended_master_secret
***
Cipher suite:  TLS_ECDHE_RSA_WITH_AES_256_CBC_SHA384
update handshake state: server_hello[2]
upcoming handshake states: server certificate[11]
upcoming handshake states: server_key_exchange[12](optional)
upcoming handshake states: certificate_request[13](optional)
upcoming handshake states: server_hello_done[14]
upcoming handshake states: client certificate[11](optional)
upcoming handshake states: client_key_exchange[16]
upcoming handshake states: certificate_verify[15](optional)
upcoming handshake states: client change_cipher_spec[-1]
upcoming handshake states: client finished[20]
upcoming handshake states: server change_cipher_spec[-1]
upcoming handshake states: server finished[20]
*** Certificate chain
chain [0] = [
[
  Version: V3
  Subject: CN=localhost, OU=ZooKeeper, O=Apache, L=Unknown, ST=Unknown, C=Unknown
  Signature Algorithm: SHA256withRSA, OID = 1.2.840.113549.1.1.11

  Key:  Sun RSA public key, 2048 bits
  params: null
  modulus: 20466894428749997265095448870198652391311568515891366224735448896044144250313384062095901217219702596717622583159291680947094046474456586662132842412743846124470020097713679685492900855417800931365512472314155689881392853768001073664569106127795833231344696659209258027979401908711647617989508135190248980524852215540637603770017238536229773075995665111861820945008718990948857303373661769409475939971958531493423489844433566328219155461676589360491136984327342101195255797973694339642711115427623510874675394946293706606142706174397483349590050687482693164890194014220011640037490528845185364811025836034294701994387
  public exponent: 65537
  Validity: [From: Sat Jan 31 02:57:30 CST 2015,
               To: Wed Feb 08 02:57:30 CST 3015]
  Issuer: CN=localhost, OU=ZooKeeper, O=Apache, L=Unknown, ST=Unknown, C=Unknown
  SerialNumber: [    7334b506]

Certificate Extensions: 1
[1]: ObjectId: 2.5.29.14 Criticality=false
SubjectKeyIdentifier [
KeyIdentifier [
0000: 65 D7 B4 E0 27 45 7A 00   58 2F AD D5 0B 64 2D 77  e...'Ez.X/...d-w
0010: 88 F7 AA F5                                        ....
]
]

]
  Algorithm: [SHA256withRSA]
  Signature:
0000: 1B C8 6B 36 83 1D 28 37   5C 1F 7D F6 C6 84 A0 BF  ..k6..(7\.......
0010: CA C0 47 CF C5 34 70 7A   CF 6B EA 34 84 BE 08 7A  ..G..4pz.k.4...z
0020: 98 E6 3D ED 1D E2 6F 06   DB 23 AB 41 AD D5 DF 1D  ..=...o..#.A....
0030: 92 F4 9D 05 FD 7C EE BE   4A 87 B8 F1 FE F4 5B 79  ........J.....[y
0040: DC AD F7 44 3D 67 08 7A   3B 91 D7 5A 79 44 96 D7  ...D=g.z;..ZyD..
0050: BE 0E 41 C8 64 E3 87 C3   28 11 AB DC 36 F5 B0 AC  ..A.d...(...6...
0060: BD 2F 16 1D 6E A1 52 25   5A EC 6F AD 20 71 5A 1B  ./..n.R%Z.o. qZ.
0070: 66 D4 0D A6 49 B7 75 43   C4 84 0B 4B AC BD 16 76  f...I.uC...K...v
0080: 58 2B 07 85 E2 F1 44 15   1E 67 D1 3C 13 73 5A 2D  X+....D..g.<.sZ-
0090: D6 06 0B A1 D3 09 7E EF   88 F9 C3 0E A4 10 47 EA  ..............G.
00A0: 65 5D CD F0 39 EA 2F 59   1C 08 BC F9 CC 5B C9 BB  e]..9./Y.....[..
00B0: 2F 20 19 81 97 B5 21 BB   60 A4 39 08 6C 41 2A 51  / ....!.`.9.lA*Q
00C0: B1 C3 1A A3 8C F8 ED 67   D0 EE EC 52 01 2A E4 1E  .......g...R.*..
00D0: D2 B4 34 73 DC 7E 34 24   A9 4E 77 AD FD B3 77 0D  ..4s..4$.Nw...w.
00E0: C2 7A C0 65 F6 CC 11 9D   19 AA 59 13 C3 9D AD 5F  .z.e......Y...._
00F0: 61 E6 C2 18 F0 E5 A1 49   41 B5 EF 9E 91 0C 35 9C  a......IA.....5.

]
***
update handshake state: certificate[11]
upcoming handshake states: server_key_exchange[12](optional)
upcoming handshake states: certificate_request[13](optional)
upcoming handshake states: server_hello_done[14]
upcoming handshake states: client certificate[11](optional)
upcoming handshake states: client_key_exchange[16]
upcoming handshake states: certificate_verify[15](optional)
upcoming handshake states: client change_cipher_spec[-1]
upcoming handshake states: client finished[20]
upcoming handshake states: server change_cipher_spec[-1]
upcoming handshake states: server finished[20]
*** ECDH ServerKeyExchange
Signature Algorithm SHA512withRSA
Server key: Sun EC public key, 256 bits
  public x coord: 114625190777854418173664209419282834179677565948609348598904388739793971952803
  public y coord: 53271304693528896371070527614380723942509832818277563865431202641687531948011
  parameters: secp256r1 [NIST P-256, X9.62 prime256v1] (1.2.840.10045.3.1.7)
update handshake state: server_key_exchange[12]
upcoming handshake states: certificate_request[13](optional)
upcoming handshake states: server_hello_done[14]
upcoming handshake states: client certificate[11](optional)
upcoming handshake states: client_key_exchange[16]
upcoming handshake states: certificate_verify[15](optional)
upcoming handshake states: client change_cipher_spec[-1]
upcoming handshake states: client finished[20]
upcoming handshake states: server change_cipher_spec[-1]
upcoming handshake states: server finished[20]
*** CertificateRequest
Cert Types: RSA, DSS, ECDSA
Supported Signature Algorithms: SHA512withECDSA, SHA512withRSA, SHA384withECDSA, SHA384withRSA, SHA256withECDSA, SHA256withRSA, SHA256withDSA, SHA1withECDSA, SHA1withRSA, SHA1withDSA
Cert Authorities:
<CN=localhost, OU=ZooKeeper, O=Apache, L=Unknown, ST=Unknown, C=Unknown>
update handshake state: unknown[13]
upcoming handshake states: server_hello_done[14]
upcoming handshake states: client certificate[11](optional)
upcoming handshake states: client_key_exchange[16]
upcoming handshake states: certificate_verify[15](optional)
upcoming handshake states: client change_cipher_spec[-1]
upcoming handshake states: client finished[20]
upcoming handshake states: server change_cipher_spec[-1]
upcoming handshake states: server finished[20]
*** ServerHelloDone
update handshake state: server_hello_done[14]
upcoming handshake states: client certificate[11](optional)
upcoming handshake states: client_key_exchange[16]
upcoming handshake states: certificate_verify[15](optional)
upcoming handshake states: client change_cipher_spec[-1]
upcoming handshake states: client finished[20]
upcoming handshake states: server change_cipher_spec[-1]
upcoming handshake states: server finished[20]
nioEventLoopGroup-8-15, WRITE: TLSv1.2 Handshake, length = 1478
nioEventLoopGroup-9-1, READ: TLSv1.2 Handshake, length = 1478
check handshake state: server_hello[2]
*** ServerHello, TLSv1.2
RandomCookie:  GMT: 1576028548 bytes = { 78, 172, 146, 68, 73, 46, 9, 107, 183, 217, 247, 20, 225, 71, 30, 206, 222, 102, 7, 127, 9, 150, 138, 103, 154, 236, 228, 219 }
Session ID:  {94, 240, 74, 132, 15, 241, 90, 250, 116, 98, 106, 39, 139, 130, 232, 238, 91, 67, 204, 88, 30, 77, 17, 132, 190, 242, 214, 133, 203, 52, 50, 71}
Cipher Suite: TLS_ECDHE_RSA_WITH_AES_256_CBC_SHA384
Compression Method: 0
Extension renegotiation_info, renegotiated_connection: <empty>
Extension extended_master_secret
***
%% Initialized:  [Session-149, TLS_ECDHE_RSA_WITH_AES_256_CBC_SHA384]
** TLS_ECDHE_RSA_WITH_AES_256_CBC_SHA384
update handshake state: server_hello[2]
upcoming handshake states: server certificate[11]
upcoming handshake states: server_key_exchange[12](optional)
upcoming handshake states: certificate_request[13](optional)
upcoming handshake states: server_hello_done[14]
upcoming handshake states: client certificate[11](optional)
upcoming handshake states: client_key_exchange[16]
upcoming handshake states: certificate_verify[15](optional)
upcoming handshake states: client change_cipher_spec[-1]
upcoming handshake states: client finished[20]
upcoming handshake states: server change_cipher_spec[-1]
upcoming handshake states: server finished[20]
check handshake state: certificate[11]
update handshake state: certificate[11]
upcoming handshake states: server_key_exchange[12](optional)
upcoming handshake states: certificate_request[13](optional)
upcoming handshake states: server_hello_done[14]
upcoming handshake states: client certificate[11](optional)
upcoming handshake states: client_key_exchange[16]
upcoming handshake states: certificate_verify[15](optional)
upcoming handshake states: client change_cipher_spec[-1]
upcoming handshake states: client finished[20]
upcoming handshake states: server change_cipher_spec[-1]
upcoming handshake states: server finished[20]
*** Certificate chain
chain [0] = [
[
  Version: V3
  Subject: CN=localhost, OU=ZooKeeper, O=Apache, L=Unknown, ST=Unknown, C=Unknown
  Signature Algorithm: SHA256withRSA, OID = 1.2.840.113549.1.1.11

  Key:  Sun RSA public key, 2048 bits
  params: null
  modulus: 20466894428749997265095448870198652391311568515891366224735448896044144250313384062095901217219702596717622583159291680947094046474456586662132842412743846124470020097713679685492900855417800931365512472314155689881392853768001073664569106127795833231344696659209258027979401908711647617989508135190248980524852215540637603770017238536229773075995665111861820945008718990948857303373661769409475939971958531493423489844433566328219155461676589360491136984327342101195255797973694339642711115427623510874675394946293706606142706174397483349590050687482693164890194014220011640037490528845185364811025836034294701994387
  public exponent: 65537
  Validity: [From: Sat Jan 31 02:57:30 CST 2015,
               To: Wed Feb 08 02:57:30 CST 3015]
  Issuer: CN=localhost, OU=ZooKeeper, O=Apache, L=Unknown, ST=Unknown, C=Unknown
  SerialNumber: [    7334b506]

Certificate Extensions: 1
[1]: ObjectId: 2.5.29.14 Criticality=false
SubjectKeyIdentifier [
KeyIdentifier [
0000: 65 D7 B4 E0 27 45 7A 00   58 2F AD D5 0B 64 2D 77  e...'Ez.X/...d-w
0010: 88 F7 AA F5                                        ....
]
]

]
  Algorithm: [SHA256withRSA]
  Signature:
0000: 1B C8 6B 36 83 1D 28 37   5C 1F 7D F6 C6 84 A0 BF  ..k6..(7\.......
0010: CA C0 47 CF C5 34 70 7A   CF 6B EA 34 84 BE 08 7A  ..G..4pz.k.4...z
0020: 98 E6 3D ED 1D E2 6F 06   DB 23 AB 41 AD D5 DF 1D  ..=...o..#.A....
0030: 92 F4 9D 05 FD 7C EE BE   4A 87 B8 F1 FE F4 5B 79  ........J.....[y
0040: DC AD F7 44 3D 67 08 7A   3B 91 D7 5A 79 44 96 D7  ...D=g.z;..ZyD..
0050: BE 0E 41 C8 64 E3 87 C3   28 11 AB DC 36 F5 B0 AC  ..A.d...(...6...
0060: BD 2F 16 1D 6E A1 52 25   5A EC 6F AD 20 71 5A 1B  ./..n.R%Z.o. qZ.
0070: 66 D4 0D A6 49 B7 75 43   C4 84 0B 4B AC BD 16 76  f...I.uC...K...v
0080: 58 2B 07 85 E2 F1 44 15   1E 67 D1 3C 13 73 5A 2D  X+....D..g.<.sZ-
0090: D6 06 0B A1 D3 09 7E EF   88 F9 C3 0E A4 10 47 EA  ..............G.
00A0: 65 5D CD F0 39 EA 2F 59   1C 08 BC F9 CC 5B C9 BB  e]..9./Y.....[..
00B0: 2F 20 19 81 97 B5 21 BB   60 A4 39 08 6C 41 2A 51  / ....!.`.9.lA*Q
00C0: B1 C3 1A A3 8C F8 ED 67   D0 EE EC 52 01 2A E4 1E  .......g...R.*..
00D0: D2 B4 34 73 DC 7E 34 24   A9 4E 77 AD FD B3 77 0D  ..4s..4$.Nw...w.
00E0: C2 7A C0 65 F6 CC 11 9D   19 AA 59 13 C3 9D AD 5F  .z.e......Y...._
00F0: 61 E6 C2 18 F0 E5 A1 49   41 B5 EF 9E 91 0C 35 9C  a......IA.....5.

]
***
Found trusted certificate:
[
[
  Version: V3
  Subject: CN=localhost, OU=ZooKeeper, O=Apache, L=Unknown, ST=Unknown, C=Unknown
  Signature Algorithm: SHA256withRSA, OID = 1.2.840.113549.1.1.11

  Key:  Sun RSA public key, 2048 bits
  params: null
  modulus: 20466894428749997265095448870198652391311568515891366224735448896044144250313384062095901217219702596717622583159291680947094046474456586662132842412743846124470020097713679685492900855417800931365512472314155689881392853768001073664569106127795833231344696659209258027979401908711647617989508135190248980524852215540637603770017238536229773075995665111861820945008718990948857303373661769409475939971958531493423489844433566328219155461676589360491136984327342101195255797973694339642711115427623510874675394946293706606142706174397483349590050687482693164890194014220011640037490528845185364811025836034294701994387
  public exponent: 65537
  Validity: [From: Sat Jan 31 02:57:30 CST 2015,
               To: Wed Feb 08 02:57:30 CST 3015]
  Issuer: CN=localhost, OU=ZooKeeper, O=Apache, L=Unknown, ST=Unknown, C=Unknown
  SerialNumber: [    7334b506]

Certificate Extensions: 1
[1]: ObjectId: 2.5.29.14 Criticality=false
SubjectKeyIdentifier [
KeyIdentifier [
0000: 65 D7 B4 E0 27 45 7A 00   58 2F AD D5 0B 64 2D 77  e...'Ez.X/...d-w
0010: 88 F7 AA F5                                        ....
]
]

]
  Algorithm: [SHA256withRSA]
  Signature:
0000: 1B C8 6B 36 83 1D 28 37   5C 1F 7D F6 C6 84 A0 BF  ..k6..(7\.......
0010: CA C0 47 CF C5 34 70 7A   CF 6B EA 34 84 BE 08 7A  ..G..4pz.k.4...z
0020: 98 E6 3D ED 1D E2 6F 06   DB 23 AB 41 AD D5 DF 1D  ..=...o..#.A....
0030: 92 F4 9D 05 FD 7C EE BE   4A 87 B8 F1 FE F4 5B 79  ........J.....[y
0040: DC AD F7 44 3D 67 08 7A   3B 91 D7 5A 79 44 96 D7  ...D=g.z;..ZyD..
0050: BE 0E 41 C8 64 E3 87 C3   28 11 AB DC 36 F5 B0 AC  ..A.d...(...6...
0060: BD 2F 16 1D 6E A1 52 25   5A EC 6F AD 20 71 5A 1B  ./..n.R%Z.o. qZ.
0070: 66 D4 0D A6 49 B7 75 43   C4 84 0B 4B AC BD 16 76  f...I.uC...K...v
0080: 58 2B 07 85 E2 F1 44 15   1E 67 D1 3C 13 73 5A 2D  X+....D..g.<.sZ-
0090: D6 06 0B A1 D3 09 7E EF   88 F9 C3 0E A4 10 47 EA  ..............G.
00A0: 65 5D CD F0 39 EA 2F 59   1C 08 BC F9 CC 5B C9 BB  e]..9./Y.....[..
00B0: 2F 20 19 81 97 B5 21 BB   60 A4 39 08 6C 41 2A 51  / ....!.`.9.lA*Q
00C0: B1 C3 1A A3 8C F8 ED 67   D0 EE EC 52 01 2A E4 1E  .......g...R.*..
00D0: D2 B4 34 73 DC 7E 34 24   A9 4E 77 AD FD B3 77 0D  ..4s..4$.Nw...w.
00E0: C2 7A C0 65 F6 CC 11 9D   19 AA 59 13 C3 9D AD 5F  .z.e......Y...._
00F0: 61 E6 C2 18 F0 E5 A1 49   41 B5 EF 9E 91 0C 35 9C  a......IA.....5.

]
2020-06-22 14:07:00,186 [myid:127.0.0.1:30074] - ERROR [nioEventLoopGroup-9-1:ZKTrustManager@161] - Failed to verify host address: 127.0.0.1
javax.net.ssl.SSLPeerUnverifiedException: Certificate for <127.0.0.1> doesn't match common name of the certificate subject: localhost
	at org.apache.zookeeper.common.ZKHostnameVerifier.matchCN(ZKHostnameVerifier.java:238)
	at org.apache.zookeeper.common.ZKHostnameVerifier.verify(ZKHostnameVerifier.java:184)
	at org.apache.zookeeper.common.ZKTrustManager.performHostVerification(ZKTrustManager.java:151)
	at org.apache.zookeeper.common.ZKTrustManager.checkServerTrusted(ZKTrustManager.java:118)
	at sun.security.ssl.ClientHandshaker.serverCertificate(ClientHandshaker.java:1675)
	at sun.security.ssl.ClientHandshaker.processMessage(ClientHandshaker.java:226)
	at sun.security.ssl.Handshaker.processLoop(Handshaker.java:1082)
	at sun.security.ssl.Handshaker$1.run(Handshaker.java:1015)
	at sun.security.ssl.Handshaker$1.run(Handshaker.java:1012)
	at java.security.AccessController.doPrivileged(Native Method)
	at sun.security.ssl.Handshaker$DelegatedTask.run(Handshaker.java:1504)
	at io.netty.handler.ssl.SslHandler.runAllDelegatedTasks(SslHandler.java:1510)
	at io.netty.handler.ssl.SslHandler.runDelegatedTasks(SslHandler.java:1524)
	at io.netty.handler.ssl.SslHandler.unwrap(SslHandler.java:1408)
	at io.netty.handler.ssl.SslHandler.decodeJdkCompatible(SslHandler.java:1235)
	at io.netty.handler.ssl.SslHandler.decode(SslHandler.java:1282)
	at io.netty.handler.codec.ByteToMessageDecoder.decodeRemovalReentryProtection(ByteToMessageDecoder.java:498)
	at io.netty.handler.codec.ByteToMessageDecoder.callDecode(ByteToMessageDecoder.java:437)
	at io.netty.handler.codec.ByteToMessageDecoder.channelRead(ByteToMessageDecoder.java:276)
	at io.netty.channel.AbstractChannelHandlerContext.invokeChannelRead(AbstractChannelHandlerContext.java:379)
	at io.netty.channel.AbstractChannelHandlerContext.invokeChannelRead(AbstractChannelHandlerContext.java:365)
	at io.netty.channel.AbstractChannelHandlerContext.fireChannelRead(AbstractChannelHandlerContext.java:357)
	at io.netty.channel.DefaultChannelPipeline$HeadContext.channelRead(DefaultChannelPipeline.java:1410)
	at io.netty.channel.AbstractChannelHandlerContext.invokeChannelRead(AbstractChannelHandlerContext.java:379)
	at io.netty.channel.AbstractChannelHandlerContext.invokeChannelRead(AbstractChannelHandlerContext.java:365)
	at io.netty.channel.DefaultChannelPipeline.fireChannelRead(DefaultChannelPipeline.java:919)
	at io.netty.channel.nio.AbstractNioByteChannel$NioByteUnsafe.read(AbstractNioByteChannel.java:163)
	at io.netty.channel.nio.NioEventLoop.processSelectedKey(NioEventLoop.java:714)
	at io.netty.channel.nio.NioEventLoop.processSelectedKeysOptimized(NioEventLoop.java:650)
	at io.netty.channel.nio.NioEventLoop.processSelectedKeys(NioEventLoop.java:576)
	at io.netty.channel.nio.NioEventLoop.run(NioEventLoop.java:493)
	at io.netty.util.concurrent.SingleThreadEventExecutor$4.run(SingleThreadEventExecutor.java:989)
	at io.netty.util.internal.ThreadExecutorMap$2.run(ThreadExecutorMap.java:74)
	at io.netty.util.concurrent.FastThreadLocalRunnable.run(FastThreadLocalRunnable.java:30)
	at java.lang.Thread.run(Thread.java:748)
2020-06-22 14:07:00,186 [myid:127.0.0.1:30074] - ERROR [nioEventLoopGroup-9-1:ZKTrustManager@162] - Failed to verify hostname: activate.navicat.com
javax.net.ssl.SSLPeerUnverifiedException: Certificate for <activate.navicat.com> doesn't match common name of the certificate subject: localhost
	at org.apache.zookeeper.common.ZKHostnameVerifier.matchCN(ZKHostnameVerifier.java:238)
	at org.apache.zookeeper.common.ZKHostnameVerifier.verify(ZKHostnameVerifier.java:184)
	at org.apache.zookeeper.common.ZKTrustManager.performHostVerification(ZKTrustManager.java:159)
	at org.apache.zookeeper.common.ZKTrustManager.checkServerTrusted(ZKTrustManager.java:118)
	at sun.security.ssl.ClientHandshaker.serverCertificate(ClientHandshaker.java:1675)
	at sun.security.ssl.ClientHandshaker.processMessage(ClientHandshaker.java:226)
	at sun.security.ssl.Handshaker.processLoop(Handshaker.java:1082)
	at sun.security.ssl.Handshaker$1.run(Handshaker.java:1015)
	at sun.security.ssl.Handshaker$1.run(Handshaker.java:1012)
	at java.security.AccessController.doPrivileged(Native Method)
	at sun.security.ssl.Handshaker$DelegatedTask.run(Handshaker.java:1504)
	at io.netty.handler.ssl.SslHandler.runAllDelegatedTasks(SslHandler.java:1510)
	at io.netty.handler.ssl.SslHandler.runDelegatedTasks(SslHandler.java:1524)
	at io.netty.handler.ssl.SslHandler.unwrap(SslHandler.java:1408)
	at io.netty.handler.ssl.SslHandler.decodeJdkCompatible(SslHandler.java:1235)
	at io.netty.handler.ssl.SslHandler.decode(SslHandler.java:1282)
	at io.netty.handler.codec.ByteToMessageDecoder.decodeRemovalReentryProtection(ByteToMessageDecoder.java:498)
	at io.netty.handler.codec.ByteToMessageDecoder.callDecode(ByteToMessageDecoder.java:437)
	at io.netty.handler.codec.ByteToMessageDecoder.channelRead(ByteToMessageDecoder.java:276)
	at io.netty.channel.AbstractChannelHandlerContext.invokeChannelRead(AbstractChannelHandlerContext.java:379)
	at io.netty.channel.AbstractChannelHandlerContext.invokeChannelRead(AbstractChannelHandlerContext.java:365)
	at io.netty.channel.AbstractChannelHandlerContext.fireChannelRead(AbstractChannelHandlerContext.java:357)
	at io.netty.channel.DefaultChannelPipeline$HeadContext.channelRead(DefaultChannelPipeline.java:1410)
	at io.netty.channel.AbstractChannelHandlerContext.invokeChannelRead(AbstractChannelHandlerContext.java:379)
	at io.netty.channel.AbstractChannelHandlerContext.invokeChannelRead(AbstractChannelHandlerContext.java:365)
	at io.netty.channel.DefaultChannelPipeline.fireChannelRead(DefaultChannelPipeline.java:919)
	at io.netty.channel.nio.AbstractNioByteChannel$NioByteUnsafe.read(AbstractNioByteChannel.java:163)
	at io.netty.channel.nio.NioEventLoop.processSelectedKey(NioEventLoop.java:714)
	at io.netty.channel.nio.NioEventLoop.processSelectedKeysOptimized(NioEventLoop.java:650)
	at io.netty.channel.nio.NioEventLoop.processSelectedKeys(NioEventLoop.java:576)
	at io.netty.channel.nio.NioEventLoop.run(NioEventLoop.java:493)
	at io.netty.util.concurrent.SingleThreadEventExecutor$4.run(SingleThreadEventExecutor.java:989)
	at io.netty.util.internal.ThreadExecutorMap$2.run(ThreadExecutorMap.java:74)
	at io.netty.util.concurrent.FastThreadLocalRunnable.run(FastThreadLocalRunnable.java:30)
	at java.lang.Thread.run(Thread.java:748)
nioEventLoopGroup-9-1, fatal error: 46: General SSLEngine problem
java.security.cert.CertificateException: Failed to verify both host address and host name
%% Invalidated:  [Session-146, SSL_NULL_WITH_NULL_NULL]
%% Invalidated:  [Session-149, TLS_ECDHE_RSA_WITH_AES_256_CBC_SHA384]
nioEventLoopGroup-9-1, SEND TLSv1.2 ALERT:  fatal, description = certificate_unknown
nioEventLoopGroup-9-1, WRITE: TLSv1.2 Alert, length = 2
nioEventLoopGroup-9-1, fatal: engine already closed.  Rethrowing javax.net.ssl.SSLHandshakeException: General SSLEngine problem
nioEventLoopGroup-9-1, called closeOutbound()
nioEventLoopGroup-9-1, closeOutboundInternal()
nioEventLoopGroup-9-1, called closeInbound()
nioEventLoopGroup-9-1, fatal: engine already closed.  Rethrowing javax.net.ssl.SSLException: Inbound closed before receiving peer's close_notify: possible truncation attack?
nioEventLoopGroup-8-15, READ: TLSv1.2 Alert, length = 2
nioEventLoopGroup-8-15, RECV TLSv1.2 ALERT:  fatal, certificate_unknown
nioEventLoopGroup-8-15, fatal: engine already closed.  Rethrowing javax.net.ssl.SSLException: Received fatal alert: certificate_unknown
nioEventLoopGroup-8-15, fatal: engine already closed.  Rethrowing javax.net.ssl.SSLException: Received fatal alert: certificate_unknown
2020-06-22 14:07:00,187 [myid:] - ERROR [nioEventLoopGroup-8-15:NettyServerCnxnFactory$CertificateVerifier@434] - Unsuccessful handshake with session 0x0
nioEventLoopGroup-8-15, called closeOutbound()
nioEventLoopGroup-8-15, closeOutboundInternal()
nioEventLoopGroup-8-15, SEND TLSv1.2 ALERT:  warning, description = close_notify
nioEventLoopGroup-8-15, WRITE: TLSv1.2 Alert, length = 2
nioEventLoopGroup-8-15, called closeInbound()
nioEventLoopGroup-8-15, fatal: engine already closed.  Rethrowing javax.net.ssl.SSLException: Inbound closed before receiving peer's close_notify: possible truncation attack?
2020-06-22 14:07:00,187 [myid:127.0.0.1:30074] - ERROR [nioEventLoopGroup-9-1:ClientCnxnSocketNetty$ZKClientHandler@522] - Unexpected throwable
io.netty.handler.codec.DecoderException: javax.net.ssl.SSLHandshakeException: General SSLEngine problem
	at io.netty.handler.codec.ByteToMessageDecoder.callDecode(ByteToMessageDecoder.java:468)
	at io.netty.handler.codec.ByteToMessageDecoder.channelRead(ByteToMessageDecoder.java:276)
	at io.netty.channel.AbstractChannelHandlerContext.invokeChannelRead(AbstractChannelHandlerContext.java:379)
	at io.netty.channel.AbstractChannelHandlerContext.invokeChannelRead(AbstractChannelHandlerContext.java:365)
	at io.netty.channel.AbstractChannelHandlerContext.fireChannelRead(AbstractChannelHandlerContext.java:357)
	at io.netty.channel.DefaultChannelPipeline$HeadContext.channelRead(DefaultChannelPipeline.java:1410)
	at io.netty.channel.AbstractChannelHandlerContext.invokeChannelRead(AbstractChannelHandlerContext.java:379)
	at io.netty.channel.AbstractChannelHandlerContext.invokeChannelRead(AbstractChannelHandlerContext.java:365)
	at io.netty.channel.DefaultChannelPipeline.fireChannelRead(DefaultChannelPipeline.java:919)
	at io.netty.channel.nio.AbstractNioByteChannel$NioByteUnsafe.read(AbstractNioByteChannel.java:163)
	at io.netty.channel.nio.NioEventLoop.processSelectedKey(NioEventLoop.java:714)
	at io.netty.channel.nio.NioEventLoop.processSelectedKeysOptimized(NioEventLoop.java:650)
	at io.netty.channel.nio.NioEventLoop.processSelectedKeys(NioEventLoop.java:576)
	at io.netty.channel.nio.NioEventLoop.run(NioEventLoop.java:493)
	at io.netty.util.concurrent.SingleThreadEventExecutor$4.run(SingleThreadEventExecutor.java:989)
	at io.netty.util.internal.ThreadExecutorMap$2.run(ThreadExecutorMap.java:74)
	at io.netty.util.concurrent.FastThreadLocalRunnable.run(FastThreadLocalRunnable.java:30)
	at java.lang.Thread.run(Thread.java:748)
Caused by: javax.net.ssl.SSLHandshakeException: General SSLEngine problem
	at sun.security.ssl.Handshaker.checkThrown(Handshaker.java:1566)
	at sun.security.ssl.SSLEngineImpl.checkTaskThrown(SSLEngineImpl.java:545)
	at sun.security.ssl.SSLEngineImpl.readNetRecord(SSLEngineImpl.java:819)
	at sun.security.ssl.SSLEngineImpl.unwrap(SSLEngineImpl.java:783)
	at javax.net.ssl.SSLEngine.unwrap(SSLEngine.java:626)
	at io.netty.handler.ssl.SslHandler$SslEngineType$3.unwrap(SslHandler.java:281)
	at io.netty.handler.ssl.SslHandler.unwrap(SslHandler.java:1340)
	at io.netty.handler.ssl.SslHandler.decodeJdkCompatible(SslHandler.java:1235)
	at io.netty.handler.ssl.SslHandler.decode(SslHandler.java:1282)
	at io.netty.handler.codec.ByteToMessageDecoder.decodeRemovalReentryProtection(ByteToMessageDecoder.java:498)
	at io.netty.handler.codec.ByteToMessageDecoder.callDecode(ByteToMessageDecoder.java:437)
	... 17 more
Caused by: javax.net.ssl.SSLHandshakeException: General SSLEngine problem
	at sun.security.ssl.Alerts.getSSLException(Alerts.java:198)
	at sun.security.ssl.SSLEngineImpl.fatal(SSLEngineImpl.java:1729)
	at sun.security.ssl.Handshaker.fatalSE(Handshaker.java:333)
	at sun.security.ssl.Handshaker.fatalSE(Handshaker.java:325)
	at sun.security.ssl.ClientHandshaker.serverCertificate(ClientHandshaker.java:1688)
	at sun.security.ssl.ClientHandshaker.processMessage(ClientHandshaker.java:226)
	at sun.security.ssl.Handshaker.processLoop(Handshaker.java:1082)
	at sun.security.ssl.Handshaker$1.run(Handshaker.java:1015)
	at sun.security.ssl.Handshaker$1.run(Handshaker.java:1012)
	at java.security.AccessController.doPrivileged(Native Method)
	at sun.security.ssl.Handshaker$DelegatedTask.run(Handshaker.java:1504)
	at io.netty.handler.ssl.SslHandler.runAllDelegatedTasks(SslHandler.java:1510)
	at io.netty.handler.ssl.SslHandler.runDelegatedTasks(SslHandler.java:1524)
	at io.netty.handler.ssl.SslHandler.unwrap(SslHandler.java:1408)
	... 21 more
Caused by: java.security.cert.CertificateException: Failed to verify both host address and host name
	at org.apache.zookeeper.common.ZKTrustManager.performHostVerification(ZKTrustManager.java:163)
	at org.apache.zookeeper.common.ZKTrustManager.checkServerTrusted(ZKTrustManager.java:118)
	at sun.security.ssl.ClientHandshaker.serverCertificate(ClientHandshaker.java:1675)
	... 30 more
Caused by: javax.net.ssl.SSLPeerUnverifiedException: Certificate for <activate.navicat.com> doesn't match common name of the certificate subject: localhost
	at org.apache.zookeeper.common.ZKHostnameVerifier.matchCN(ZKHostnameVerifier.java:238)
	at org.apache.zookeeper.common.ZKHostnameVerifier.verify(ZKHostnameVerifier.java:184)
	at org.apache.zookeeper.common.ZKTrustManager.performHostVerification(ZKTrustManager.java:159)
	... 32 more
2020-06-22 14:07:00,187 [myid:127.0.0.1:30074] - INFO  [nioEventLoopGroup-9-1:ClientCnxnSocketNetty@249] - channel is told closing
nioEventLoopGroup-9-1, called closeOutbound()
nioEventLoopGroup-9-1, closeOutboundInternal()
2020-06-22 14:07:00,187 [myid:127.0.0.1:30074] - WARN  [main-SendThread(127.0.0.1:30074):ClientCnxn$SendThread@1272] - Session 0x0 for sever activate.navicat.com/127.0.0.1:30074, Closing socket connection. Attempting reconnect except it is a SessionExpiredException.
EndOfStreamException: channel for sessionid 0x0 is lost
	at org.apache.zookeeper.ClientCnxnSocketNetty.doTransport(ClientCnxnSocketNetty.java:285)
	at org.apache.zookeeper.ClientCnxn$SendThread.run(ClientCnxn.java:1262)
2020-06-22 14:07:00,188 [myid:] - WARN  [nioEventLoopGroup-8-15:NettyServerCnxnFactory$CnxnChannelHandler@273] - Exception caught
io.netty.handler.codec.DecoderException: javax.net.ssl.SSLException: Received fatal alert: certificate_unknown
	at io.netty.handler.codec.ByteToMessageDecoder.callDecode(ByteToMessageDecoder.java:468)
	at io.netty.handler.codec.ByteToMessageDecoder.channelRead(ByteToMessageDecoder.java:276)
	at io.netty.channel.AbstractChannelHandlerContext.invokeChannelRead(AbstractChannelHandlerContext.java:379)
	at io.netty.channel.AbstractChannelHandlerContext.invokeChannelRead(AbstractChannelHandlerContext.java:365)
	at io.netty.channel.AbstractChannelHandlerContext.fireChannelRead(AbstractChannelHandlerContext.java:357)
	at io.netty.channel.DefaultChannelPipeline$HeadContext.channelRead(DefaultChannelPipeline.java:1410)
	at io.netty.channel.AbstractChannelHandlerContext.invokeChannelRead(AbstractChannelHandlerContext.java:379)
	at io.netty.channel.AbstractChannelHandlerContext.invokeChannelRead(AbstractChannelHandlerContext.java:365)
	at io.netty.channel.DefaultChannelPipeline.fireChannelRead(DefaultChannelPipeline.java:919)
	at io.netty.channel.nio.AbstractNioByteChannel$NioByteUnsafe.read(AbstractNioByteChannel.java:163)
	at io.netty.channel.nio.NioEventLoop.processSelectedKey(NioEventLoop.java:714)
	at io.netty.channel.nio.NioEventLoop.processSelectedKeysOptimized(NioEventLoop.java:650)
	at io.netty.channel.nio.NioEventLoop.processSelectedKeys(NioEventLoop.java:576)
	at io.netty.channel.nio.NioEventLoop.run(NioEventLoop.java:493)
	at io.netty.util.concurrent.SingleThreadEventExecutor$4.run(SingleThreadEventExecutor.java:989)
	at io.netty.util.internal.ThreadExecutorMap$2.run(ThreadExecutorMap.java:74)
	at io.netty.util.concurrent.FastThreadLocalRunnable.run(FastThreadLocalRunnable.java:30)
	at java.lang.Thread.run(Thread.java:748)
Caused by: javax.net.ssl.SSLException: Received fatal alert: certificate_unknown
	at sun.security.ssl.Alerts.getSSLException(Alerts.java:214)
	at sun.security.ssl.SSLEngineImpl.fatal(SSLEngineImpl.java:1667)
	at sun.security.ssl.SSLEngineImpl.fatal(SSLEngineImpl.java:1635)
	at sun.security.ssl.SSLEngineImpl.recvAlert(SSLEngineImpl.java:1801)
	at sun.security.ssl.SSLEngineImpl.readRecord(SSLEngineImpl.java:1090)
	at sun.security.ssl.SSLEngineImpl.readNetRecord(SSLEngineImpl.java:913)
	at sun.security.ssl.SSLEngineImpl.unwrap(SSLEngineImpl.java:783)
	at javax.net.ssl.SSLEngine.unwrap(SSLEngine.java:626)
	at io.netty.handler.ssl.SslHandler$SslEngineType$3.unwrap(SslHandler.java:281)
	at io.netty.handler.ssl.SslHandler.unwrap(SslHandler.java:1340)
	at io.netty.handler.ssl.SslHandler.decodeJdkCompatible(SslHandler.java:1235)
	at io.netty.handler.ssl.SslHandler.decode(SslHandler.java:1282)
	at io.netty.handler.codec.ByteToMessageDecoder.decodeRemovalReentryProtection(ByteToMessageDecoder.java:498)
	at io.netty.handler.codec.ByteToMessageDecoder.callDecode(ByteToMessageDecoder.java:437)
	... 17 more
nioEventLoopGroup-8-15, called closeOutbound()
nioEventLoopGroup-8-15, closeOutboundInternal()
2020-06-22 14:07:00,188 [myid:127.0.0.1:30074] - INFO  [nioEventLoopGroup-9-1:ClientCnxnSocketNetty$ZKClientHandler@469] - channel is disconnected: [id: 0x226a3b53, L:/127.0.0.1:56697 ! R:activate.navicat.com/127.0.0.1:30074]
nioEventLoopGroup-8-15, READ: TLSv1.2 Alert, length = 2
nioEventLoopGroup-8-15, RECV TLSv1.2 ALERT:  fatal, certificate_unknown
nioEventLoopGroup-8-15, fatal: engine already closed.  Rethrowing javax.net.ssl.SSLException: Received fatal alert: certificate_unknown
nioEventLoopGroup-8-15, fatal: engine already closed.  Rethrowing javax.net.ssl.SSLException: Received fatal alert: certificate_unknown
nioEventLoopGroup-8-15, called closeOutbound()
nioEventLoopGroup-8-15, closeOutboundInternal()
nioEventLoopGroup-8-15, called closeInbound()
nioEventLoopGroup-8-15, closeInboundInternal()
nioEventLoopGroup-8-15, closeOutboundInternal()
2020-06-22 14:07:00,188 [myid:] - WARN  [nioEventLoopGroup-8-15:NettyServerCnxnFactory$CnxnChannelHandler@273] - Exception caught
io.netty.handler.codec.DecoderException: javax.net.ssl.SSLException: Received fatal alert: certificate_unknown
	at io.netty.handler.codec.ByteToMessageDecoder.callDecode(ByteToMessageDecoder.java:468)
	at io.netty.handler.codec.ByteToMessageDecoder.channelInputClosed(ByteToMessageDecoder.java:401)
	at io.netty.handler.codec.ByteToMessageDecoder.channelInputClosed(ByteToMessageDecoder.java:368)
	at io.netty.handler.codec.ByteToMessageDecoder.channelInactive(ByteToMessageDecoder.java:351)
	at io.netty.handler.ssl.SslHandler.channelInactive(SslHandler.java:1084)
	at io.netty.channel.AbstractChannelHandlerContext.invokeChannelInactive(AbstractChannelHandlerContext.java:262)
	at io.netty.channel.AbstractChannelHandlerContext.invokeChannelInactive(AbstractChannelHandlerContext.java:248)
	at io.netty.channel.AbstractChannelHandlerContext.fireChannelInactive(AbstractChannelHandlerContext.java:241)
	at io.netty.channel.DefaultChannelPipeline$HeadContext.channelInactive(DefaultChannelPipeline.java:1405)
	at io.netty.channel.AbstractChannelHandlerContext.invokeChannelInactive(AbstractChannelHandlerContext.java:262)
	at io.netty.channel.AbstractChannelHandlerContext.invokeChannelInactive(AbstractChannelHandlerContext.java:248)
	at io.netty.channel.DefaultChannelPipeline.fireChannelInactive(DefaultChannelPipeline.java:901)
	at io.netty.channel.AbstractChannel$AbstractUnsafe$8.run(AbstractChannel.java:818)
	at io.netty.util.concurrent.AbstractEventExecutor.safeExecute(AbstractEventExecutor.java:164)
	at io.netty.util.concurrent.SingleThreadEventExecutor.runAllTasks(SingleThreadEventExecutor.java:472)
	at io.netty.channel.nio.NioEventLoop.run(NioEventLoop.java:497)
	at io.netty.util.concurrent.SingleThreadEventExecutor$4.run(SingleThreadEventExecutor.java:989)
	at io.netty.util.internal.ThreadExecutorMap$2.run(ThreadExecutorMap.java:74)
	at io.netty.util.concurrent.FastThreadLocalRunnable.run(FastThreadLocalRunnable.java:30)
	at java.lang.Thread.run(Thread.java:748)
Caused by: javax.net.ssl.SSLException: Received fatal alert: certificate_unknown
	at sun.security.ssl.Alerts.getSSLException(Alerts.java:214)
	at sun.security.ssl.SSLEngineImpl.fatal(SSLEngineImpl.java:1667)
	at sun.security.ssl.SSLEngineImpl.fatal(SSLEngineImpl.java:1635)
	at sun.security.ssl.SSLEngineImpl.recvAlert(SSLEngineImpl.java:1801)
	at sun.security.ssl.SSLEngineImpl.readRecord(SSLEngineImpl.java:1090)
	at sun.security.ssl.SSLEngineImpl.readNetRecord(SSLEngineImpl.java:913)
	at sun.security.ssl.SSLEngineImpl.unwrap(SSLEngineImpl.java:783)
	at javax.net.ssl.SSLEngine.unwrap(SSLEngine.java:626)
	at io.netty.handler.ssl.SslHandler$SslEngineType$3.unwrap(SslHandler.java:281)
	at io.netty.handler.ssl.SslHandler.unwrap(SslHandler.java:1340)
	at io.netty.handler.ssl.SslHandler.decodeJdkCompatible(SslHandler.java:1235)
	at io.netty.handler.ssl.SslHandler.decode(SslHandler.java:1282)
	at io.netty.handler.codec.ByteToMessageDecoder.decodeRemovalReentryProtection(ByteToMessageDecoder.java:498)
	at io.netty.handler.codec.ByteToMessageDecoder.callDecode(ByteToMessageDecoder.java:437)
	... 19 more
2020-06-22 14:07:00,299 [myid:127.0.0.1:30073] - INFO  [main-SendThread(127.0.0.1:30073):ClientCnxn$SendThread@1154] - Opening socket connection to server activate.navicat.com/127.0.0.1:30073.
2020-06-22 14:07:00,299 [myid:127.0.0.1:30073] - INFO  [main-SendThread(127.0.0.1:30073):ClientCnxn$SendThread@1156] - SASL config status: Will not attempt to authenticate using SASL (unknown error)
adding as trusted cert:
  Subject: CN=localhost, OU=ZooKeeper, O=Apache, L=Unknown, ST=Unknown, C=Unknown
  Issuer:  CN=localhost, OU=ZooKeeper, O=Apache, L=Unknown, ST=Unknown, C=Unknown
  Algorithm: RSA; Serial number: 0x7334b506
  Valid from Sat Jan 31 02:57:30 CST 2015 until Wed Feb 08 02:57:30 CST 3015

trigger seeding of SecureRandom
done seeding SecureRandom
Using SSLEngineImpl.
%% Initialized:  [Session-150, SSL_NULL_WITH_NULL_NULL]
2020-06-22 14:07:00,301 [myid:127.0.0.1:30073] - INFO  [nioEventLoopGroup-5-1:ClientCnxnSocketNetty$ZKClientPipelineFactory@454] - SSL handler added for channel: [id: 0x271321cf]
2020-06-22 14:07:01,584 [myid:127.0.0.1:30074] - INFO  [main-SendThread(127.0.0.1:30074):ClientCnxn$SendThread@1154] - Opening socket connection to server activate.navicat.com/127.0.0.1:30074.
2020-06-22 14:07:01,584 [myid:127.0.0.1:30074] - INFO  [main-SendThread(127.0.0.1:30074):ClientCnxn$SendThread@1156] - SASL config status: Will not attempt to authenticate using SASL (unknown error)
adding as trusted cert:
  Subject: CN=localhost, OU=ZooKeeper, O=Apache, L=Unknown, ST=Unknown, C=Unknown
  Issuer:  CN=localhost, OU=ZooKeeper, O=Apache, L=Unknown, ST=Unknown, C=Unknown
  Algorithm: RSA; Serial number: 0x7334b506
  Valid from Sat Jan 31 02:57:30 CST 2015 until Wed Feb 08 02:57:30 CST 3015

trigger seeding of SecureRandom
done seeding SecureRandom
Using SSLEngineImpl.
%% Initialized:  [Session-151, SSL_NULL_WITH_NULL_NULL]
2020-06-22 14:07:01,585 [myid:127.0.0.1:30074] - INFO  [nioEventLoopGroup-9-1:ClientCnxnSocketNetty$ZKClientPipelineFactory@454] - SSL handler added for channel: [id: 0xfe28a197]
2020-06-22 14:07:01,586 [myid:127.0.0.1:30074] - INFO  [nioEventLoopGroup-9-1:ClientCnxn$SendThread@986] - Socket connection established, initiating session, client: /127.0.0.1:56765, server: activate.navicat.com/127.0.0.1:30074
2020-06-22 14:07:01,586 [myid:127.0.0.1:30074] - INFO  [nioEventLoopGroup-9-1:ClientCnxnSocketNetty$1@184] - channel is connected: [id: 0xfe28a197, L:/127.0.0.1:56765 - R:activate.navicat.com/127.0.0.1:30074]
Allow unsafe renegotiation: false
Allow legacy hello messages: true
Is initial handshake: true
Is secure renegotiation: false
Ignoring unsupported cipher suite: TLS_ECDHE_ECDSA_WITH_AES_256_CBC_SHA384 for TLSv1
Ignoring unsupported cipher suite: TLS_ECDHE_RSA_WITH_AES_256_CBC_SHA384 for TLSv1
Ignoring unsupported cipher suite: TLS_RSA_WITH_AES_256_CBC_SHA256 for TLSv1
Ignoring unsupported cipher suite: TLS_ECDH_ECDSA_WITH_AES_256_CBC_SHA384 for TLSv1
Ignoring unsupported cipher suite: TLS_ECDH_RSA_WITH_AES_256_CBC_SHA384 for TLSv1
Ignoring unsupported cipher suite: TLS_DHE_RSA_WITH_AES_256_CBC_SHA256 for TLSv1
Ignoring unsupported cipher suite: TLS_DHE_DSS_WITH_AES_256_CBC_SHA256 for TLSv1
Ignoring unsupported cipher suite: TLS_ECDHE_ECDSA_WITH_AES_256_CBC_SHA384 for TLSv1.1
Ignoring unsupported cipher suite: TLS_ECDHE_RSA_WITH_AES_256_CBC_SHA384 for TLSv1.1
Ignoring unsupported cipher suite: TLS_RSA_WITH_AES_256_CBC_SHA256 for TLSv1.1
Ignoring unsupported cipher suite: TLS_ECDH_ECDSA_WITH_AES_256_CBC_SHA384 for TLSv1.1
Ignoring unsupported cipher suite: TLS_ECDH_RSA_WITH_AES_256_CBC_SHA384 for TLSv1.1
Ignoring unsupported cipher suite: TLS_DHE_RSA_WITH_AES_256_CBC_SHA256 for TLSv1.1
Ignoring unsupported cipher suite: TLS_DHE_DSS_WITH_AES_256_CBC_SHA256 for TLSv1.1
trigger seeding of SecureRandom
done seeding SecureRandom
Using SSLEngineImpl.
%% No cached client session
%% Initialized:  [Session-152, SSL_NULL_WITH_NULL_NULL]
update handshake state: client_hello[1]
upcoming handshake states: server_hello[2]
*** ClientHello, TLSv1.2
RandomCookie:  GMT: 1576028549 bytes = { 175, 226, 46, 78, 119, 32, 75, 10, 52, 238, 77, 173, 143, 14, 147, 56, 17, 157, 228, 143, 22, 40, 101, 137, 85, 235, 14, 112 }
Session ID:  {}
Cipher Suites: [TLS_ECDHE_ECDSA_WITH_AES_256_CBC_SHA384, TLS_ECDHE_RSA_WITH_AES_256_CBC_SHA384, TLS_RSA_WITH_AES_256_CBC_SHA256, TLS_ECDH_ECDSA_WITH_AES_256_CBC_SHA384, TLS_ECDH_RSA_WITH_AES_256_CBC_SHA384, TLS_DHE_RSA_WITH_AES_256_CBC_SHA256, TLS_DHE_DSS_WITH_AES_256_CBC_SHA256, TLS_ECDHE_ECDSA_WITH_AES_256_CBC_SHA, TLS_ECDHE_RSA_WITH_AES_256_CBC_SHA, TLS_RSA_WITH_AES_256_CBC_SHA, TLS_ECDH_ECDSA_WITH_AES_256_CBC_SHA, TLS_ECDH_RSA_WITH_AES_256_CBC_SHA, TLS_DHE_RSA_WITH_AES_256_CBC_SHA, TLS_DHE_DSS_WITH_AES_256_CBC_SHA, TLS_ECDHE_ECDSA_WITH_AES_128_CBC_SHA256, TLS_ECDHE_RSA_WITH_AES_128_CBC_SHA256, TLS_RSA_WITH_AES_128_CBC_SHA256, TLS_ECDH_ECDSA_WITH_AES_128_CBC_SHA256, TLS_ECDH_RSA_WITH_AES_128_CBC_SHA256, TLS_DHE_RSA_WITH_AES_128_CBC_SHA256, TLS_DHE_DSS_WITH_AES_128_CBC_SHA256, TLS_ECDHE_ECDSA_WITH_AES_128_CBC_SHA, TLS_ECDHE_RSA_WITH_AES_128_CBC_SHA, TLS_RSA_WITH_AES_128_CBC_SHA, TLS_ECDH_ECDSA_WITH_AES_128_CBC_SHA, TLS_ECDH_RSA_WITH_AES_128_CBC_SHA, TLS_DHE_RSA_WITH_AES_128_CBC_SHA, TLS_DHE_DSS_WITH_AES_128_CBC_SHA, TLS_ECDHE_ECDSA_WITH_AES_256_GCM_SHA384, TLS_ECDHE_ECDSA_WITH_AES_128_GCM_SHA256, TLS_ECDHE_RSA_WITH_AES_256_GCM_SHA384, TLS_RSA_WITH_AES_256_GCM_SHA384, TLS_ECDH_ECDSA_WITH_AES_256_GCM_SHA384, TLS_ECDH_RSA_WITH_AES_256_GCM_SHA384, TLS_DHE_RSA_WITH_AES_256_GCM_SHA384, TLS_DHE_DSS_WITH_AES_256_GCM_SHA384, TLS_ECDHE_RSA_WITH_AES_128_GCM_SHA256, TLS_RSA_WITH_AES_128_GCM_SHA256, TLS_ECDH_ECDSA_WITH_AES_128_GCM_SHA256, TLS_ECDH_RSA_WITH_AES_128_GCM_SHA256, TLS_DHE_RSA_WITH_AES_128_GCM_SHA256, TLS_DHE_DSS_WITH_AES_128_GCM_SHA256, TLS_EMPTY_RENEGOTIATION_INFO_SCSV]
Compression Methods:  { 0 }
Extension elliptic_curves, curve names: {secp256r1, secp384r1, secp521r1}
Extension ec_point_formats, formats: [uncompressed]
Extension signature_algorithms, signature_algorithms: SHA512withECDSA, SHA512withRSA, SHA384withECDSA, SHA384withRSA, SHA256withECDSA, SHA256withRSA, SHA256withDSA, SHA1withECDSA, SHA1withRSA, SHA1withDSA
Extension extended_master_secret
Extension server_name, server_name: [type=host_name (0), value=activate.navicat.com]
***
nioEventLoopGroup-9-1, WRITE: TLSv1.2 Handshake, length = 208
Allow unsafe renegotiation: false
Allow legacy hello messages: true
Is initial handshake: true
Is secure renegotiation: false
nioEventLoopGroup-8-16, READ: TLSv1.2 Handshake, length = 208
check handshake state: client_hello[1]
update handshake state: client_hello[1]
upcoming handshake states: server_hello[2]
*** ClientHello, TLSv1.2
RandomCookie:  GMT: 1576028549 bytes = { 175, 226, 46, 78, 119, 32, 75, 10, 52, 238, 77, 173, 143, 14, 147, 56, 17, 157, 228, 143, 22, 40, 101, 137, 85, 235, 14, 112 }
Session ID:  {}
Cipher Suites: [TLS_ECDHE_ECDSA_WITH_AES_256_CBC_SHA384, TLS_ECDHE_RSA_WITH_AES_256_CBC_SHA384, TLS_RSA_WITH_AES_256_CBC_SHA256, TLS_ECDH_ECDSA_WITH_AES_256_CBC_SHA384, TLS_ECDH_RSA_WITH_AES_256_CBC_SHA384, TLS_DHE_RSA_WITH_AES_256_CBC_SHA256, TLS_DHE_DSS_WITH_AES_256_CBC_SHA256, TLS_ECDHE_ECDSA_WITH_AES_256_CBC_SHA, TLS_ECDHE_RSA_WITH_AES_256_CBC_SHA, TLS_RSA_WITH_AES_256_CBC_SHA, TLS_ECDH_ECDSA_WITH_AES_256_CBC_SHA, TLS_ECDH_RSA_WITH_AES_256_CBC_SHA, TLS_DHE_RSA_WITH_AES_256_CBC_SHA, TLS_DHE_DSS_WITH_AES_256_CBC_SHA, TLS_ECDHE_ECDSA_WITH_AES_128_CBC_SHA256, TLS_ECDHE_RSA_WITH_AES_128_CBC_SHA256, TLS_RSA_WITH_AES_128_CBC_SHA256, TLS_ECDH_ECDSA_WITH_AES_128_CBC_SHA256, TLS_ECDH_RSA_WITH_AES_128_CBC_SHA256, TLS_DHE_RSA_WITH_AES_128_CBC_SHA256, TLS_DHE_DSS_WITH_AES_128_CBC_SHA256, TLS_ECDHE_ECDSA_WITH_AES_128_CBC_SHA, TLS_ECDHE_RSA_WITH_AES_128_CBC_SHA, TLS_RSA_WITH_AES_128_CBC_SHA, TLS_ECDH_ECDSA_WITH_AES_128_CBC_SHA, TLS_ECDH_RSA_WITH_AES_128_CBC_SHA, TLS_DHE_RSA_WITH_AES_128_CBC_SHA, TLS_DHE_DSS_WITH_AES_128_CBC_SHA, TLS_ECDHE_ECDSA_WITH_AES_256_GCM_SHA384, TLS_ECDHE_ECDSA_WITH_AES_128_GCM_SHA256, TLS_ECDHE_RSA_WITH_AES_256_GCM_SHA384, TLS_RSA_WITH_AES_256_GCM_SHA384, TLS_ECDH_ECDSA_WITH_AES_256_GCM_SHA384, TLS_ECDH_RSA_WITH_AES_256_GCM_SHA384, TLS_DHE_RSA_WITH_AES_256_GCM_SHA384, TLS_DHE_DSS_WITH_AES_256_GCM_SHA384, TLS_ECDHE_RSA_WITH_AES_128_GCM_SHA256, TLS_RSA_WITH_AES_128_GCM_SHA256, TLS_ECDH_ECDSA_WITH_AES_128_GCM_SHA256, TLS_ECDH_RSA_WITH_AES_128_GCM_SHA256, TLS_DHE_RSA_WITH_AES_128_GCM_SHA256, TLS_DHE_DSS_WITH_AES_128_GCM_SHA256, TLS_EMPTY_RENEGOTIATION_INFO_SCSV]
Compression Methods:  { 0 }
Extension elliptic_curves, curve names: {secp256r1, secp384r1, secp521r1}
Extension ec_point_formats, formats: [uncompressed]
Extension signature_algorithms, signature_algorithms: SHA512withECDSA, SHA512withRSA, SHA384withECDSA, SHA384withRSA, SHA256withECDSA, SHA256withRSA, SHA256withDSA, SHA1withECDSA, SHA1withRSA, SHA1withDSA
Extension extended_master_secret
Extension server_name, server_name: [type=host_name (0), value=activate.navicat.com]
***
%% Initialized:  [Session-153, SSL_NULL_WITH_NULL_NULL]
Standard ciphersuite chosen: TLS_ECDHE_RSA_WITH_AES_256_CBC_SHA384
%% Negotiating:  [Session-153, TLS_ECDHE_RSA_WITH_AES_256_CBC_SHA384]
*** ServerHello, TLSv1.2
RandomCookie:  GMT: 1576028549 bytes = { 69, 228, 189, 66, 104, 230, 23, 38, 130, 99, 229, 76, 15, 37, 63, 190, 176, 245, 165, 109, 155, 239, 184, 81, 196, 227, 134, 46 }
Session ID:  {94, 240, 74, 133, 220, 88, 117, 176, 162, 254, 201, 66, 250, 49, 35, 85, 220, 58, 243, 137, 131, 26, 69, 71, 116, 5, 103, 213, 27, 20, 94, 67}
Cipher Suite: TLS_ECDHE_RSA_WITH_AES_256_CBC_SHA384
Compression Method: 0
Extension renegotiation_info, renegotiated_connection: <empty>
Extension extended_master_secret
***
Cipher suite:  TLS_ECDHE_RSA_WITH_AES_256_CBC_SHA384
update handshake state: server_hello[2]
upcoming handshake states: server certificate[11]
upcoming handshake states: server_key_exchange[12](optional)
upcoming handshake states: certificate_request[13](optional)
upcoming handshake states: server_hello_done[14]
upcoming handshake states: client certificate[11](optional)
upcoming handshake states: client_key_exchange[16]
upcoming handshake states: certificate_verify[15](optional)
upcoming handshake states: client change_cipher_spec[-1]
upcoming handshake states: client finished[20]
upcoming handshake states: server change_cipher_spec[-1]
upcoming handshake states: server finished[20]
*** Certificate chain
chain [0] = [
[
  Version: V3
  Subject: CN=localhost, OU=ZooKeeper, O=Apache, L=Unknown, ST=Unknown, C=Unknown
  Signature Algorithm: SHA256withRSA, OID = 1.2.840.113549.1.1.11

  Key:  Sun RSA public key, 2048 bits
  params: null
  modulus: 20466894428749997265095448870198652391311568515891366224735448896044144250313384062095901217219702596717622583159291680947094046474456586662132842412743846124470020097713679685492900855417800931365512472314155689881392853768001073664569106127795833231344696659209258027979401908711647617989508135190248980524852215540637603770017238536229773075995665111861820945008718990948857303373661769409475939971958531493423489844433566328219155461676589360491136984327342101195255797973694339642711115427623510874675394946293706606142706174397483349590050687482693164890194014220011640037490528845185364811025836034294701994387
  public exponent: 65537
  Validity: [From: Sat Jan 31 02:57:30 CST 2015,
               To: Wed Feb 08 02:57:30 CST 3015]
  Issuer: CN=localhost, OU=ZooKeeper, O=Apache, L=Unknown, ST=Unknown, C=Unknown
  SerialNumber: [    7334b506]

Certificate Extensions: 1
[1]: ObjectId: 2.5.29.14 Criticality=false
SubjectKeyIdentifier [
KeyIdentifier [
0000: 65 D7 B4 E0 27 45 7A 00   58 2F AD D5 0B 64 2D 77  e...'Ez.X/...d-w
0010: 88 F7 AA F5                                        ....
]
]

]
  Algorithm: [SHA256withRSA]
  Signature:
0000: 1B C8 6B 36 83 1D 28 37   5C 1F 7D F6 C6 84 A0 BF  ..k6..(7\.......
0010: CA C0 47 CF C5 34 70 7A   CF 6B EA 34 84 BE 08 7A  ..G..4pz.k.4...z
0020: 98 E6 3D ED 1D E2 6F 06   DB 23 AB 41 AD D5 DF 1D  ..=...o..#.A....
0030: 92 F4 9D 05 FD 7C EE BE   4A 87 B8 F1 FE F4 5B 79  ........J.....[y
0040: DC AD F7 44 3D 67 08 7A   3B 91 D7 5A 79 44 96 D7  ...D=g.z;..ZyD..
0050: BE 0E 41 C8 64 E3 87 C3   28 11 AB DC 36 F5 B0 AC  ..A.d...(...6...
0060: BD 2F 16 1D 6E A1 52 25   5A EC 6F AD 20 71 5A 1B  ./..n.R%Z.o. qZ.
0070: 66 D4 0D A6 49 B7 75 43   C4 84 0B 4B AC BD 16 76  f...I.uC...K...v
0080: 58 2B 07 85 E2 F1 44 15   1E 67 D1 3C 13 73 5A 2D  X+....D..g.<.sZ-
0090: D6 06 0B A1 D3 09 7E EF   88 F9 C3 0E A4 10 47 EA  ..............G.
00A0: 65 5D CD F0 39 EA 2F 59   1C 08 BC F9 CC 5B C9 BB  e]..9./Y.....[..
00B0: 2F 20 19 81 97 B5 21 BB   60 A4 39 08 6C 41 2A 51  / ....!.`.9.lA*Q
00C0: B1 C3 1A A3 8C F8 ED 67   D0 EE EC 52 01 2A E4 1E  .......g...R.*..
00D0: D2 B4 34 73 DC 7E 34 24   A9 4E 77 AD FD B3 77 0D  ..4s..4$.Nw...w.
00E0: C2 7A C0 65 F6 CC 11 9D   19 AA 59 13 C3 9D AD 5F  .z.e......Y...._
00F0: 61 E6 C2 18 F0 E5 A1 49   41 B5 EF 9E 91 0C 35 9C  a......IA.....5.

]
***
update handshake state: certificate[11]
upcoming handshake states: server_key_exchange[12](optional)
upcoming handshake states: certificate_request[13](optional)
upcoming handshake states: server_hello_done[14]
upcoming handshake states: client certificate[11](optional)
upcoming handshake states: client_key_exchange[16]
upcoming handshake states: certificate_verify[15](optional)
upcoming handshake states: client change_cipher_spec[-1]
upcoming handshake states: client finished[20]
upcoming handshake states: server change_cipher_spec[-1]
upcoming handshake states: server finished[20]
*** ECDH ServerKeyExchange
Signature Algorithm SHA512withRSA
Server key: Sun EC public key, 256 bits
  public x coord: 18671613378832344737511237164561904733595514585838175476297700778970511276780
  public y coord: 91564327832044113475269310566081639828907999511166022191081433671536263517680
  parameters: secp256r1 [NIST P-256, X9.62 prime256v1] (1.2.840.10045.3.1.7)
update handshake state: server_key_exchange[12]
upcoming handshake states: certificate_request[13](optional)
upcoming handshake states: server_hello_done[14]
upcoming handshake states: client certificate[11](optional)
upcoming handshake states: client_key_exchange[16]
upcoming handshake states: certificate_verify[15](optional)
upcoming handshake states: client change_cipher_spec[-1]
upcoming handshake states: client finished[20]
upcoming handshake states: server change_cipher_spec[-1]
upcoming handshake states: server finished[20]
*** CertificateRequest
Cert Types: RSA, DSS, ECDSA
Supported Signature Algorithms: SHA512withECDSA, SHA512withRSA, SHA384withECDSA, SHA384withRSA, SHA256withECDSA, SHA256withRSA, SHA256withDSA, SHA1withECDSA, SHA1withRSA, SHA1withDSA
Cert Authorities:
<CN=localhost, OU=ZooKeeper, O=Apache, L=Unknown, ST=Unknown, C=Unknown>
update handshake state: unknown[13]
upcoming handshake states: server_hello_done[14]
upcoming handshake states: client certificate[11](optional)
upcoming handshake states: client_key_exchange[16]
upcoming handshake states: certificate_verify[15](optional)
upcoming handshake states: client change_cipher_spec[-1]
upcoming handshake states: client finished[20]
upcoming handshake states: server change_cipher_spec[-1]
upcoming handshake states: server finished[20]
*** ServerHelloDone
update handshake state: server_hello_done[14]
upcoming handshake states: client certificate[11](optional)
upcoming handshake states: client_key_exchange[16]
upcoming handshake states: certificate_verify[15](optional)
upcoming handshake states: client change_cipher_spec[-1]
upcoming handshake states: client finished[20]
upcoming handshake states: server change_cipher_spec[-1]
upcoming handshake states: server finished[20]
nioEventLoopGroup-8-16, WRITE: TLSv1.2 Handshake, length = 1478
nioEventLoopGroup-9-1, READ: TLSv1.2 Handshake, length = 1478
check handshake state: server_hello[2]
*** ServerHello, TLSv1.2
RandomCookie:  GMT: 1576028549 bytes = { 69, 228, 189, 66, 104, 230, 23, 38, 130, 99, 229, 76, 15, 37, 63, 190, 176, 245, 165, 109, 155, 239, 184, 81, 196, 227, 134, 46 }
Session ID:  {94, 240, 74, 133, 220, 88, 117, 176, 162, 254, 201, 66, 250, 49, 35, 85, 220, 58, 243, 137, 131, 26, 69, 71, 116, 5, 103, 213, 27, 20, 94, 67}
Cipher Suite: TLS_ECDHE_RSA_WITH_AES_256_CBC_SHA384
Compression Method: 0
Extension renegotiation_info, renegotiated_connection: <empty>
Extension extended_master_secret
***
%% Initialized:  [Session-154, TLS_ECDHE_RSA_WITH_AES_256_CBC_SHA384]
** TLS_ECDHE_RSA_WITH_AES_256_CBC_SHA384
update handshake state: server_hello[2]
upcoming handshake states: server certificate[11]
upcoming handshake states: server_key_exchange[12](optional)
upcoming handshake states: certificate_request[13](optional)
upcoming handshake states: server_hello_done[14]
upcoming handshake states: client certificate[11](optional)
upcoming handshake states: client_key_exchange[16]
upcoming handshake states: certificate_verify[15](optional)
upcoming handshake states: client change_cipher_spec[-1]
upcoming handshake states: client finished[20]
upcoming handshake states: server change_cipher_spec[-1]
upcoming handshake states: server finished[20]
check handshake state: certificate[11]
update handshake state: certificate[11]
upcoming handshake states: server_key_exchange[12](optional)
upcoming handshake states: certificate_request[13](optional)
upcoming handshake states: server_hello_done[14]
upcoming handshake states: client certificate[11](optional)
upcoming handshake states: client_key_exchange[16]
upcoming handshake states: certificate_verify[15](optional)
upcoming handshake states: client change_cipher_spec[-1]
upcoming handshake states: client finished[20]
upcoming handshake states: server change_cipher_spec[-1]
upcoming handshake states: server finished[20]
*** Certificate chain
chain [0] = [
[
  Version: V3
  Subject: CN=localhost, OU=ZooKeeper, O=Apache, L=Unknown, ST=Unknown, C=Unknown
  Signature Algorithm: SHA256withRSA, OID = 1.2.840.113549.1.1.11

  Key:  Sun RSA public key, 2048 bits
  params: null
  modulus: 20466894428749997265095448870198652391311568515891366224735448896044144250313384062095901217219702596717622583159291680947094046474456586662132842412743846124470020097713679685492900855417800931365512472314155689881392853768001073664569106127795833231344696659209258027979401908711647617989508135190248980524852215540637603770017238536229773075995665111861820945008718990948857303373661769409475939971958531493423489844433566328219155461676589360491136984327342101195255797973694339642711115427623510874675394946293706606142706174397483349590050687482693164890194014220011640037490528845185364811025836034294701994387
  public exponent: 65537
  Validity: [From: Sat Jan 31 02:57:30 CST 2015,
               To: Wed Feb 08 02:57:30 CST 3015]
  Issuer: CN=localhost, OU=ZooKeeper, O=Apache, L=Unknown, ST=Unknown, C=Unknown
  SerialNumber: [    7334b506]

Certificate Extensions: 1
[1]: ObjectId: 2.5.29.14 Criticality=false
SubjectKeyIdentifier [
KeyIdentifier [
0000: 65 D7 B4 E0 27 45 7A 00   58 2F AD D5 0B 64 2D 77  e...'Ez.X/...d-w
0010: 88 F7 AA F5                                        ....
]
]

]
  Algorithm: [SHA256withRSA]
  Signature:
0000: 1B C8 6B 36 83 1D 28 37   5C 1F 7D F6 C6 84 A0 BF  ..k6..(7\.......
0010: CA C0 47 CF C5 34 70 7A   CF 6B EA 34 84 BE 08 7A  ..G..4pz.k.4...z
0020: 98 E6 3D ED 1D E2 6F 06   DB 23 AB 41 AD D5 DF 1D  ..=...o..#.A....
0030: 92 F4 9D 05 FD 7C EE BE   4A 87 B8 F1 FE F4 5B 79  ........J.....[y
0040: DC AD F7 44 3D 67 08 7A   3B 91 D7 5A 79 44 96 D7  ...D=g.z;..ZyD..
0050: BE 0E 41 C8 64 E3 87 C3   28 11 AB DC 36 F5 B0 AC  ..A.d...(...6...
0060: BD 2F 16 1D 6E A1 52 25   5A EC 6F AD 20 71 5A 1B  ./..n.R%Z.o. qZ.
0070: 66 D4 0D A6 49 B7 75 43   C4 84 0B 4B AC BD 16 76  f...I.uC...K...v
0080: 58 2B 07 85 E2 F1 44 15   1E 67 D1 3C 13 73 5A 2D  X+....D..g.<.sZ-
0090: D6 06 0B A1 D3 09 7E EF   88 F9 C3 0E A4 10 47 EA  ..............G.
00A0: 65 5D CD F0 39 EA 2F 59   1C 08 BC F9 CC 5B C9 BB  e]..9./Y.....[..
00B0: 2F 20 19 81 97 B5 21 BB   60 A4 39 08 6C 41 2A 51  / ....!.`.9.lA*Q
00C0: B1 C3 1A A3 8C F8 ED 67   D0 EE EC 52 01 2A E4 1E  .......g...R.*..
00D0: D2 B4 34 73 DC 7E 34 24   A9 4E 77 AD FD B3 77 0D  ..4s..4$.Nw...w.
00E0: C2 7A C0 65 F6 CC 11 9D   19 AA 59 13 C3 9D AD 5F  .z.e......Y...._
00F0: 61 E6 C2 18 F0 E5 A1 49   41 B5 EF 9E 91 0C 35 9C  a......IA.....5.

]
***
Found trusted certificate:
[
[
  Version: V3
  Subject: CN=localhost, OU=ZooKeeper, O=Apache, L=Unknown, ST=Unknown, C=Unknown
  Signature Algorithm: SHA256withRSA, OID = 1.2.840.113549.1.1.11

  Key:  Sun RSA public key, 2048 bits
  params: null
  modulus: 20466894428749997265095448870198652391311568515891366224735448896044144250313384062095901217219702596717622583159291680947094046474456586662132842412743846124470020097713679685492900855417800931365512472314155689881392853768001073664569106127795833231344696659209258027979401908711647617989508135190248980524852215540637603770017238536229773075995665111861820945008718990948857303373661769409475939971958531493423489844433566328219155461676589360491136984327342101195255797973694339642711115427623510874675394946293706606142706174397483349590050687482693164890194014220011640037490528845185364811025836034294701994387
  public exponent: 65537
  Validity: [From: Sat Jan 31 02:57:30 CST 2015,
               To: Wed Feb 08 02:57:30 CST 3015]
  Issuer: CN=localhost, OU=ZooKeeper, O=Apache, L=Unknown, ST=Unknown, C=Unknown
  SerialNumber: [    7334b506]

Certificate Extensions: 1
[1]: ObjectId: 2.5.29.14 Criticality=false
SubjectKeyIdentifier [
KeyIdentifier [
0000: 65 D7 B4 E0 27 45 7A 00   58 2F AD D5 0B 64 2D 77  e...'Ez.X/...d-w
0010: 88 F7 AA F5                                        ....
]
]

]
  Algorithm: [SHA256withRSA]
  Signature:
0000: 1B C8 6B 36 83 1D 28 37   5C 1F 7D F6 C6 84 A0 BF  ..k6..(7\.......
0010: CA C0 47 CF C5 34 70 7A   CF 6B EA 34 84 BE 08 7A  ..G..4pz.k.4...z
0020: 98 E6 3D ED 1D E2 6F 06   DB 23 AB 41 AD D5 DF 1D  ..=...o..#.A....
0030: 92 F4 9D 05 FD 7C EE BE   4A 87 B8 F1 FE F4 5B 79  ........J.....[y
0040: DC AD F7 44 3D 67 08 7A   3B 91 D7 5A 79 44 96 D7  ...D=g.z;..ZyD..
0050: BE 0E 41 C8 64 E3 87 C3   28 11 AB DC 36 F5 B0 AC  ..A.d...(...6...
0060: BD 2F 16 1D 6E A1 52 25   5A EC 6F AD 20 71 5A 1B  ./..n.R%Z.o. qZ.
0070: 66 D4 0D A6 49 B7 75 43   C4 84 0B 4B AC BD 16 76  f...I.uC...K...v
0080: 58 2B 07 85 E2 F1 44 15   1E 67 D1 3C 13 73 5A 2D  X+....D..g.<.sZ-
0090: D6 06 0B A1 D3 09 7E EF   88 F9 C3 0E A4 10 47 EA  ..............G.
00A0: 65 5D CD F0 39 EA 2F 59   1C 08 BC F9 CC 5B C9 BB  e]..9./Y.....[..
00B0: 2F 20 19 81 97 B5 21 BB   60 A4 39 08 6C 41 2A 51  / ....!.`.9.lA*Q
00C0: B1 C3 1A A3 8C F8 ED 67   D0 EE EC 52 01 2A E4 1E  .......g...R.*..
00D0: D2 B4 34 73 DC 7E 34 24   A9 4E 77 AD FD B3 77 0D  ..4s..4$.Nw...w.
00E0: C2 7A C0 65 F6 CC 11 9D   19 AA 59 13 C3 9D AD 5F  .z.e......Y...._
00F0: 61 E6 C2 18 F0 E5 A1 49   41 B5 EF 9E 91 0C 35 9C  a......IA.....5.

]
2020-06-22 14:07:01,597 [myid:127.0.0.1:30074] - ERROR [nioEventLoopGroup-9-1:ZKTrustManager@161] - Failed to verify host address: 127.0.0.1
javax.net.ssl.SSLPeerUnverifiedException: Certificate for <127.0.0.1> doesn't match common name of the certificate subject: localhost
	at org.apache.zookeeper.common.ZKHostnameVerifier.matchCN(ZKHostnameVerifier.java:238)
	at org.apache.zookeeper.common.ZKHostnameVerifier.verify(ZKHostnameVerifier.java:184)
	at org.apache.zookeeper.common.ZKTrustManager.performHostVerification(ZKTrustManager.java:151)
	at org.apache.zookeeper.common.ZKTrustManager.checkServerTrusted(ZKTrustManager.java:118)
	at sun.security.ssl.ClientHandshaker.serverCertificate(ClientHandshaker.java:1675)
	at sun.security.ssl.ClientHandshaker.processMessage(ClientHandshaker.java:226)
	at sun.security.ssl.Handshaker.processLoop(Handshaker.java:1082)
	at sun.security.ssl.Handshaker$1.run(Handshaker.java:1015)
	at sun.security.ssl.Handshaker$1.run(Handshaker.java:1012)
	at java.security.AccessController.doPrivileged(Native Method)
	at sun.security.ssl.Handshaker$DelegatedTask.run(Handshaker.java:1504)
	at io.netty.handler.ssl.SslHandler.runAllDelegatedTasks(SslHandler.java:1510)
	at io.netty.handler.ssl.SslHandler.runDelegatedTasks(SslHandler.java:1524)
	at io.netty.handler.ssl.SslHandler.unwrap(SslHandler.java:1408)
	at io.netty.handler.ssl.SslHandler.decodeJdkCompatible(SslHandler.java:1235)
	at io.netty.handler.ssl.SslHandler.decode(SslHandler.java:1282)
	at io.netty.handler.codec.ByteToMessageDecoder.decodeRemovalReentryProtection(ByteToMessageDecoder.java:498)
	at io.netty.handler.codec.ByteToMessageDecoder.callDecode(ByteToMessageDecoder.java:437)
	at io.netty.handler.codec.ByteToMessageDecoder.channelRead(ByteToMessageDecoder.java:276)
	at io.netty.channel.AbstractChannelHandlerContext.invokeChannelRead(AbstractChannelHandlerContext.java:379)
	at io.netty.channel.AbstractChannelHandlerContext.invokeChannelRead(AbstractChannelHandlerContext.java:365)
	at io.netty.channel.AbstractChannelHandlerContext.fireChannelRead(AbstractChannelHandlerContext.java:357)
	at io.netty.channel.DefaultChannelPipeline$HeadContext.channelRead(DefaultChannelPipeline.java:1410)
	at io.netty.channel.AbstractChannelHandlerContext.invokeChannelRead(AbstractChannelHandlerContext.java:379)
	at io.netty.channel.AbstractChannelHandlerContext.invokeChannelRead(AbstractChannelHandlerContext.java:365)
	at io.netty.channel.DefaultChannelPipeline.fireChannelRead(DefaultChannelPipeline.java:919)
	at io.netty.channel.nio.AbstractNioByteChannel$NioByteUnsafe.read(AbstractNioByteChannel.java:163)
	at io.netty.channel.nio.NioEventLoop.processSelectedKey(NioEventLoop.java:714)
	at io.netty.channel.nio.NioEventLoop.processSelectedKeysOptimized(NioEventLoop.java:650)
	at io.netty.channel.nio.NioEventLoop.processSelectedKeys(NioEventLoop.java:576)
	at io.netty.channel.nio.NioEventLoop.run(NioEventLoop.java:493)
	at io.netty.util.concurrent.SingleThreadEventExecutor$4.run(SingleThreadEventExecutor.java:989)
	at io.netty.util.internal.ThreadExecutorMap$2.run(ThreadExecutorMap.java:74)
	at io.netty.util.concurrent.FastThreadLocalRunnable.run(FastThreadLocalRunnable.java:30)
	at java.lang.Thread.run(Thread.java:748)
2020-06-22 14:07:01,597 [myid:127.0.0.1:30074] - ERROR [nioEventLoopGroup-9-1:ZKTrustManager@162] - Failed to verify hostname: activate.navicat.com
javax.net.ssl.SSLPeerUnverifiedException: Certificate for <activate.navicat.com> doesn't match common name of the certificate subject: localhost
	at org.apache.zookeeper.common.ZKHostnameVerifier.matchCN(ZKHostnameVerifier.java:238)
	at org.apache.zookeeper.common.ZKHostnameVerifier.verify(ZKHostnameVerifier.java:184)
	at org.apache.zookeeper.common.ZKTrustManager.performHostVerification(ZKTrustManager.java:159)
	at org.apache.zookeeper.common.ZKTrustManager.checkServerTrusted(ZKTrustManager.java:118)
	at sun.security.ssl.ClientHandshaker.serverCertificate(ClientHandshaker.java:1675)
	at sun.security.ssl.ClientHandshaker.processMessage(ClientHandshaker.java:226)
	at sun.security.ssl.Handshaker.processLoop(Handshaker.java:1082)
	at sun.security.ssl.Handshaker$1.run(Handshaker.java:1015)
	at sun.security.ssl.Handshaker$1.run(Handshaker.java:1012)
	at java.security.AccessController.doPrivileged(Native Method)
	at sun.security.ssl.Handshaker$DelegatedTask.run(Handshaker.java:1504)
	at io.netty.handler.ssl.SslHandler.runAllDelegatedTasks(SslHandler.java:1510)
	at io.netty.handler.ssl.SslHandler.runDelegatedTasks(SslHandler.java:1524)
	at io.netty.handler.ssl.SslHandler.unwrap(SslHandler.java:1408)
	at io.netty.handler.ssl.SslHandler.decodeJdkCompatible(SslHandler.java:1235)
	at io.netty.handler.ssl.SslHandler.decode(SslHandler.java:1282)
	at io.netty.handler.codec.ByteToMessageDecoder.decodeRemovalReentryProtection(ByteToMessageDecoder.java:498)
	at io.netty.handler.codec.ByteToMessageDecoder.callDecode(ByteToMessageDecoder.java:437)
	at io.netty.handler.codec.ByteToMessageDecoder.channelRead(ByteToMessageDecoder.java:276)
	at io.netty.channel.AbstractChannelHandlerContext.invokeChannelRead(AbstractChannelHandlerContext.java:379)
	at io.netty.channel.AbstractChannelHandlerContext.invokeChannelRead(AbstractChannelHandlerContext.java:365)
	at io.netty.channel.AbstractChannelHandlerContext.fireChannelRead(AbstractChannelHandlerContext.java:357)
	at io.netty.channel.DefaultChannelPipeline$HeadContext.channelRead(DefaultChannelPipeline.java:1410)
	at io.netty.channel.AbstractChannelHandlerContext.invokeChannelRead(AbstractChannelHandlerContext.java:379)
	at io.netty.channel.AbstractChannelHandlerContext.invokeChannelRead(AbstractChannelHandlerContext.java:365)
	at io.netty.channel.DefaultChannelPipeline.fireChannelRead(DefaultChannelPipeline.java:919)
	at io.netty.channel.nio.AbstractNioByteChannel$NioByteUnsafe.read(AbstractNioByteChannel.java:163)
	at io.netty.channel.nio.NioEventLoop.processSelectedKey(NioEventLoop.java:714)
	at io.netty.channel.nio.NioEventLoop.processSelectedKeysOptimized(NioEventLoop.java:650)
	at io.netty.channel.nio.NioEventLoop.processSelectedKeys(NioEventLoop.java:576)
	at io.netty.channel.nio.NioEventLoop.run(NioEventLoop.java:493)
	at io.netty.util.concurrent.SingleThreadEventExecutor$4.run(SingleThreadEventExecutor.java:989)
	at io.netty.util.internal.ThreadExecutorMap$2.run(ThreadExecutorMap.java:74)
	at io.netty.util.concurrent.FastThreadLocalRunnable.run(FastThreadLocalRunnable.java:30)
	at java.lang.Thread.run(Thread.java:748)
nioEventLoopGroup-9-1, fatal error: 46: General SSLEngine problem
java.security.cert.CertificateException: Failed to verify both host address and host name
%% Invalidated:  [Session-151, SSL_NULL_WITH_NULL_NULL]
%% Invalidated:  [Session-154, TLS_ECDHE_RSA_WITH_AES_256_CBC_SHA384]
nioEventLoopGroup-9-1, SEND TLSv1.2 ALERT:  fatal, description = certificate_unknown
nioEventLoopGroup-9-1, WRITE: TLSv1.2 Alert, length = 2
nioEventLoopGroup-9-1, fatal: engine already closed.  Rethrowing javax.net.ssl.SSLHandshakeException: General SSLEngine problem
nioEventLoopGroup-9-1, called closeOutbound()
nioEventLoopGroup-9-1, closeOutboundInternal()
nioEventLoopGroup-9-1, called closeInbound()
nioEventLoopGroup-9-1, fatal: engine already closed.  Rethrowing javax.net.ssl.SSLException: Inbound closed before receiving peer's close_notify: possible truncation attack?
nioEventLoopGroup-8-16, READ: TLSv1.2 Alert, length = 2
nioEventLoopGroup-8-16, RECV TLSv1.2 ALERT:  fatal, certificate_unknown
nioEventLoopGroup-8-16, fatal: engine already closed.  Rethrowing javax.net.ssl.SSLException: Received fatal alert: certificate_unknown
nioEventLoopGroup-8-16, fatal: engine already closed.  Rethrowing javax.net.ssl.SSLException: Received fatal alert: certificate_unknown
2020-06-22 14:07:01,598 [myid:] - ERROR [nioEventLoopGroup-8-16:NettyServerCnxnFactory$CertificateVerifier@434] - Unsuccessful handshake with session 0x0
nioEventLoopGroup-8-16, called closeOutbound()
nioEventLoopGroup-8-16, closeOutboundInternal()
nioEventLoopGroup-8-16, SEND TLSv1.2 ALERT:  warning, description = close_notify
nioEventLoopGroup-8-16, WRITE: TLSv1.2 Alert, length = 2
nioEventLoopGroup-8-16, called closeInbound()
nioEventLoopGroup-8-16, fatal: engine already closed.  Rethrowing javax.net.ssl.SSLException: Inbound closed before receiving peer's close_notify: possible truncation attack?
2020-06-22 14:07:01,598 [myid:127.0.0.1:30074] - ERROR [nioEventLoopGroup-9-1:ClientCnxnSocketNetty$ZKClientHandler@522] - Unexpected throwable
io.netty.handler.codec.DecoderException: javax.net.ssl.SSLHandshakeException: General SSLEngine problem
	at io.netty.handler.codec.ByteToMessageDecoder.callDecode(ByteToMessageDecoder.java:468)
	at io.netty.handler.codec.ByteToMessageDecoder.channelRead(ByteToMessageDecoder.java:276)
	at io.netty.channel.AbstractChannelHandlerContext.invokeChannelRead(AbstractChannelHandlerContext.java:379)
	at io.netty.channel.AbstractChannelHandlerContext.invokeChannelRead(AbstractChannelHandlerContext.java:365)
	at io.netty.channel.AbstractChannelHandlerContext.fireChannelRead(AbstractChannelHandlerContext.java:357)
	at io.netty.channel.DefaultChannelPipeline$HeadContext.channelRead(DefaultChannelPipeline.java:1410)
	at io.netty.channel.AbstractChannelHandlerContext.invokeChannelRead(AbstractChannelHandlerContext.java:379)
	at io.netty.channel.AbstractChannelHandlerContext.invokeChannelRead(AbstractChannelHandlerContext.java:365)
	at io.netty.channel.DefaultChannelPipeline.fireChannelRead(DefaultChannelPipeline.java:919)
	at io.netty.channel.nio.AbstractNioByteChannel$NioByteUnsafe.read(AbstractNioByteChannel.java:163)
	at io.netty.channel.nio.NioEventLoop.processSelectedKey(NioEventLoop.java:714)
	at io.netty.channel.nio.NioEventLoop.processSelectedKeysOptimized(NioEventLoop.java:650)
	at io.netty.channel.nio.NioEventLoop.processSelectedKeys(NioEventLoop.java:576)
	at io.netty.channel.nio.NioEventLoop.run(NioEventLoop.java:493)
	at io.netty.util.concurrent.SingleThreadEventExecutor$4.run(SingleThreadEventExecutor.java:989)
	at io.netty.util.internal.ThreadExecutorMap$2.run(ThreadExecutorMap.java:74)
	at io.netty.util.concurrent.FastThreadLocalRunnable.run(FastThreadLocalRunnable.java:30)
	at java.lang.Thread.run(Thread.java:748)
Caused by: javax.net.ssl.SSLHandshakeException: General SSLEngine problem
	at sun.security.ssl.Handshaker.checkThrown(Handshaker.java:1566)
	at sun.security.ssl.SSLEngineImpl.checkTaskThrown(SSLEngineImpl.java:545)
	at sun.security.ssl.SSLEngineImpl.readNetRecord(SSLEngineImpl.java:819)
	at sun.security.ssl.SSLEngineImpl.unwrap(SSLEngineImpl.java:783)
	at javax.net.ssl.SSLEngine.unwrap(SSLEngine.java:626)
	at io.netty.handler.ssl.SslHandler$SslEngineType$3.unwrap(SslHandler.java:281)
	at io.netty.handler.ssl.SslHandler.unwrap(SslHandler.java:1340)
	at io.netty.handler.ssl.SslHandler.decodeJdkCompatible(SslHandler.java:1235)
	at io.netty.handler.ssl.SslHandler.decode(SslHandler.java:1282)
	at io.netty.handler.codec.ByteToMessageDecoder.decodeRemovalReentryProtection(ByteToMessageDecoder.java:498)
	at io.netty.handler.codec.ByteToMessageDecoder.callDecode(ByteToMessageDecoder.java:437)
	... 17 more
Caused by: javax.net.ssl.SSLHandshakeException: General SSLEngine problem
	at sun.security.ssl.Alerts.getSSLException(Alerts.java:198)
	at sun.security.ssl.SSLEngineImpl.fatal(SSLEngineImpl.java:1729)
	at sun.security.ssl.Handshaker.fatalSE(Handshaker.java:333)
	at sun.security.ssl.Handshaker.fatalSE(Handshaker.java:325)
	at sun.security.ssl.ClientHandshaker.serverCertificate(ClientHandshaker.java:1688)
	at sun.security.ssl.ClientHandshaker.processMessage(ClientHandshaker.java:226)
	at sun.security.ssl.Handshaker.processLoop(Handshaker.java:1082)
	at sun.security.ssl.Handshaker$1.run(Handshaker.java:1015)
	at sun.security.ssl.Handshaker$1.run(Handshaker.java:1012)
	at java.security.AccessController.doPrivileged(Native Method)
	at sun.security.ssl.Handshaker$DelegatedTask.run(Handshaker.java:1504)
	at io.netty.handler.ssl.SslHandler.runAllDelegatedTasks(SslHandler.java:1510)
	at io.netty.handler.ssl.SslHandler.runDelegatedTasks(SslHandler.java:1524)
	at io.netty.handler.ssl.SslHandler.unwrap(SslHandler.java:1408)
	... 21 more
Caused by: java.security.cert.CertificateException: Failed to verify both host address and host name
	at org.apache.zookeeper.common.ZKTrustManager.performHostVerification(ZKTrustManager.java:163)
	at org.apache.zookeeper.common.ZKTrustManager.checkServerTrusted(ZKTrustManager.java:118)
	at sun.security.ssl.ClientHandshaker.serverCertificate(ClientHandshaker.java:1675)
	... 30 more
Caused by: javax.net.ssl.SSLPeerUnverifiedException: Certificate for <activate.navicat.com> doesn't match common name of the certificate subject: localhost
	at org.apache.zookeeper.common.ZKHostnameVerifier.matchCN(ZKHostnameVerifier.java:238)
	at org.apache.zookeeper.common.ZKHostnameVerifier.verify(ZKHostnameVerifier.java:184)
	at org.apache.zookeeper.common.ZKTrustManager.performHostVerification(ZKTrustManager.java:159)
	... 32 more
2020-06-22 14:07:01,599 [myid:127.0.0.1:30074] - INFO  [nioEventLoopGroup-9-1:ClientCnxnSocketNetty@249] - channel is told closing
nioEventLoopGroup-9-1, called closeOutbound()
nioEventLoopGroup-9-1, closeOutboundInternal()
2020-06-22 14:07:01,599 [myid:127.0.0.1:30074] - WARN  [main-SendThread(127.0.0.1:30074):ClientCnxn$SendThread@1272] - Session 0x0 for sever activate.navicat.com/127.0.0.1:30074, Closing socket connection. Attempting reconnect except it is a SessionExpiredException.
EndOfStreamException: channel for sessionid 0x0 is lost
	at org.apache.zookeeper.ClientCnxnSocketNetty.doTransport(ClientCnxnSocketNetty.java:285)
	at org.apache.zookeeper.ClientCnxn$SendThread.run(ClientCnxn.java:1262)
2020-06-22 14:07:01,599 [myid:] - WARN  [nioEventLoopGroup-8-16:NettyServerCnxnFactory$CnxnChannelHandler@273] - Exception caught
io.netty.handler.codec.DecoderException: javax.net.ssl.SSLException: Received fatal alert: certificate_unknown
	at io.netty.handler.codec.ByteToMessageDecoder.callDecode(ByteToMessageDecoder.java:468)
	at io.netty.handler.codec.ByteToMessageDecoder.channelRead(ByteToMessageDecoder.java:276)
	at io.netty.channel.AbstractChannelHandlerContext.invokeChannelRead(AbstractChannelHandlerContext.java:379)
	at io.netty.channel.AbstractChannelHandlerContext.invokeChannelRead(AbstractChannelHandlerContext.java:365)
	at io.netty.channel.AbstractChannelHandlerContext.fireChannelRead(AbstractChannelHandlerContext.java:357)
	at io.netty.channel.DefaultChannelPipeline$HeadContext.channelRead(DefaultChannelPipeline.java:1410)
	at io.netty.channel.AbstractChannelHandlerContext.invokeChannelRead(AbstractChannelHandlerContext.java:379)
	at io.netty.channel.AbstractChannelHandlerContext.invokeChannelRead(AbstractChannelHandlerContext.java:365)
	at io.netty.channel.DefaultChannelPipeline.fireChannelRead(DefaultChannelPipeline.java:919)
	at io.netty.channel.nio.AbstractNioByteChannel$NioByteUnsafe.read(AbstractNioByteChannel.java:163)
	at io.netty.channel.nio.NioEventLoop.processSelectedKey(NioEventLoop.java:714)
	at io.netty.channel.nio.NioEventLoop.processSelectedKeysOptimized(NioEventLoop.java:650)
	at io.netty.channel.nio.NioEventLoop.processSelectedKeys(NioEventLoop.java:576)
	at io.netty.channel.nio.NioEventLoop.run(NioEventLoop.java:493)
	at io.netty.util.concurrent.SingleThreadEventExecutor$4.run(SingleThreadEventExecutor.java:989)
	at io.netty.util.internal.ThreadExecutorMap$2.run(ThreadExecutorMap.java:74)
	at io.netty.util.concurrent.FastThreadLocalRunnable.run(FastThreadLocalRunnable.java:30)
	at java.lang.Thread.run(Thread.java:748)
Caused by: javax.net.ssl.SSLException: Received fatal alert: certificate_unknown
	at sun.security.ssl.Alerts.getSSLException(Alerts.java:214)
	at sun.security.ssl.SSLEngineImpl.fatal(SSLEngineImpl.java:1667)
	at sun.security.ssl.SSLEngineImpl.fatal(SSLEngineImpl.java:1635)
	at sun.security.ssl.SSLEngineImpl.recvAlert(SSLEngineImpl.java:1801)
	at sun.security.ssl.SSLEngineImpl.readRecord(SSLEngineImpl.java:1090)
	at sun.security.ssl.SSLEngineImpl.readNetRecord(SSLEngineImpl.java:913)
	at sun.security.ssl.SSLEngineImpl.unwrap(SSLEngineImpl.java:783)
	at javax.net.ssl.SSLEngine.unwrap(SSLEngine.java:626)
	at io.netty.handler.ssl.SslHandler$SslEngineType$3.unwrap(SslHandler.java:281)
	at io.netty.handler.ssl.SslHandler.unwrap(SslHandler.java:1340)
	at io.netty.handler.ssl.SslHandler.decodeJdkCompatible(SslHandler.java:1235)
	at io.netty.handler.ssl.SslHandler.decode(SslHandler.java:1282)
	at io.netty.handler.codec.ByteToMessageDecoder.decodeRemovalReentryProtection(ByteToMessageDecoder.java:498)
	at io.netty.handler.codec.ByteToMessageDecoder.callDecode(ByteToMessageDecoder.java:437)
	... 17 more
nioEventLoopGroup-8-16, called closeOutbound()
nioEventLoopGroup-8-16, closeOutboundInternal()
2020-06-22 14:07:01,601 [myid:127.0.0.1:30074] - INFO  [nioEventLoopGroup-9-1:ClientCnxnSocketNetty$ZKClientHandler@469] - channel is disconnected: [id: 0xfe28a197, L:/127.0.0.1:56765 ! R:activate.navicat.com/127.0.0.1:30074]
nioEventLoopGroup-8-16, READ: TLSv1.2 Alert, length = 2
nioEventLoopGroup-8-16, RECV TLSv1.2 ALERT:  fatal, certificate_unknown
nioEventLoopGroup-8-16, fatal: engine already closed.  Rethrowing javax.net.ssl.SSLException: Received fatal alert: certificate_unknown
nioEventLoopGroup-8-16, fatal: engine already closed.  Rethrowing javax.net.ssl.SSLException: Received fatal alert: certificate_unknown
nioEventLoopGroup-8-16, called closeOutbound()
nioEventLoopGroup-8-16, closeOutboundInternal()
nioEventLoopGroup-8-16, called closeInbound()
nioEventLoopGroup-8-16, closeInboundInternal()
nioEventLoopGroup-8-16, closeOutboundInternal()
2020-06-22 14:07:01,602 [myid:] - WARN  [nioEventLoopGroup-8-16:NettyServerCnxnFactory$CnxnChannelHandler@273] - Exception caught
io.netty.handler.codec.DecoderException: javax.net.ssl.SSLException: Received fatal alert: certificate_unknown
	at io.netty.handler.codec.ByteToMessageDecoder.callDecode(ByteToMessageDecoder.java:468)
	at io.netty.handler.codec.ByteToMessageDecoder.channelInputClosed(ByteToMessageDecoder.java:401)
	at io.netty.handler.codec.ByteToMessageDecoder.channelInputClosed(ByteToMessageDecoder.java:368)
	at io.netty.handler.codec.ByteToMessageDecoder.channelInactive(ByteToMessageDecoder.java:351)
	at io.netty.handler.ssl.SslHandler.channelInactive(SslHandler.java:1084)
	at io.netty.channel.AbstractChannelHandlerContext.invokeChannelInactive(AbstractChannelHandlerContext.java:262)
	at io.netty.channel.AbstractChannelHandlerContext.invokeChannelInactive(AbstractChannelHandlerContext.java:248)
	at io.netty.channel.AbstractChannelHandlerContext.fireChannelInactive(AbstractChannelHandlerContext.java:241)
	at io.netty.channel.DefaultChannelPipeline$HeadContext.channelInactive(DefaultChannelPipeline.java:1405)
	at io.netty.channel.AbstractChannelHandlerContext.invokeChannelInactive(AbstractChannelHandlerContext.java:262)
	at io.netty.channel.AbstractChannelHandlerContext.invokeChannelInactive(AbstractChannelHandlerContext.java:248)
	at io.netty.channel.DefaultChannelPipeline.fireChannelInactive(DefaultChannelPipeline.java:901)
	at io.netty.channel.AbstractChannel$AbstractUnsafe$8.run(AbstractChannel.java:818)
	at io.netty.util.concurrent.AbstractEventExecutor.safeExecute(AbstractEventExecutor.java:164)
	at io.netty.util.concurrent.SingleThreadEventExecutor.runAllTasks(SingleThreadEventExecutor.java:472)
	at io.netty.channel.nio.NioEventLoop.run(NioEventLoop.java:497)
	at io.netty.util.concurrent.SingleThreadEventExecutor$4.run(SingleThreadEventExecutor.java:989)
	at io.netty.util.internal.ThreadExecutorMap$2.run(ThreadExecutorMap.java:74)
	at io.netty.util.concurrent.FastThreadLocalRunnable.run(FastThreadLocalRunnable.java:30)
	at java.lang.Thread.run(Thread.java:748)
Caused by: javax.net.ssl.SSLException: Received fatal alert: certificate_unknown
	at sun.security.ssl.Alerts.getSSLException(Alerts.java:214)
	at sun.security.ssl.SSLEngineImpl.fatal(SSLEngineImpl.java:1667)
	at sun.security.ssl.SSLEngineImpl.fatal(SSLEngineImpl.java:1635)
	at sun.security.ssl.SSLEngineImpl.recvAlert(SSLEngineImpl.java:1801)
	at sun.security.ssl.SSLEngineImpl.readRecord(SSLEngineImpl.java:1090)
	at sun.security.ssl.SSLEngineImpl.readNetRecord(SSLEngineImpl.java:913)
	at sun.security.ssl.SSLEngineImpl.unwrap(SSLEngineImpl.java:783)
	at javax.net.ssl.SSLEngine.unwrap(SSLEngine.java:626)
	at io.netty.handler.ssl.SslHandler$SslEngineType$3.unwrap(SslHandler.java:281)
	at io.netty.handler.ssl.SslHandler.unwrap(SslHandler.java:1340)
	at io.netty.handler.ssl.SslHandler.decodeJdkCompatible(SslHandler.java:1235)
	at io.netty.handler.ssl.SslHandler.decode(SslHandler.java:1282)
	at io.netty.handler.codec.ByteToMessageDecoder.decodeRemovalReentryProtection(ByteToMessageDecoder.java:498)
	at io.netty.handler.codec.ByteToMessageDecoder.callDecode(ByteToMessageDecoder.java:437)
	... 19 more
2020-06-22 14:07:02,306 [myid:127.0.0.1:30073] - WARN  [nioEventLoopGroup-5-1:ClientCnxnSocketNetty$1@150] - future isn't success.
io.netty.channel.AbstractChannel$AnnotatedConnectException: Connection refused: no further information: activate.navicat.com/127.0.0.1:30073
Caused by: java.net.ConnectException: Connection refused: no further information
	at sun.nio.ch.SocketChannelImpl.checkConnect(Native Method)
	at sun.nio.ch.SocketChannelImpl.finishConnect(SocketChannelImpl.java:714)
	at io.netty.channel.socket.nio.NioSocketChannel.doFinishConnect(NioSocketChannel.java:330)
	at io.netty.channel.nio.AbstractNioChannel$AbstractNioUnsafe.finishConnect(AbstractNioChannel.java:334)
	at io.netty.channel.nio.NioEventLoop.processSelectedKey(NioEventLoop.java:702)
	at io.netty.channel.nio.NioEventLoop.processSelectedKeysOptimized(NioEventLoop.java:650)
	at io.netty.channel.nio.NioEventLoop.processSelectedKeys(NioEventLoop.java:576)
	at io.netty.channel.nio.NioEventLoop.run(NioEventLoop.java:493)
	at io.netty.util.concurrent.SingleThreadEventExecutor$4.run(SingleThreadEventExecutor.java:989)
	at io.netty.util.internal.ThreadExecutorMap$2.run(ThreadExecutorMap.java:74)
	at io.netty.util.concurrent.FastThreadLocalRunnable.run(FastThreadLocalRunnable.java:30)
	at java.lang.Thread.run(Thread.java:748)
nioEventLoopGroup-5-1, called closeOutbound()
nioEventLoopGroup-5-1, closeOutboundInternal()
2020-06-22 14:07:02,306 [myid:127.0.0.1:30073] - WARN  [main-SendThread(127.0.0.1:30073):ClientCnxn$SendThread@1272] - Session 0x0 for sever activate.navicat.com/127.0.0.1:30073, Closing socket connection. Attempting reconnect except it is a SessionExpiredException.
EndOfStreamException: channel for sessionid 0x0 is lost
	at org.apache.zookeeper.ClientCnxnSocketNetty.doTransport(ClientCnxnSocketNetty.java:285)
	at org.apache.zookeeper.ClientCnxn$SendThread.run(ClientCnxn.java:1262)
2020-06-22 14:07:03,196 [myid:127.0.0.1:30074] - INFO  [main-SendThread(127.0.0.1:30074):ClientCnxn$SendThread@1154] - Opening socket connection to server activate.navicat.com/127.0.0.1:30074.
2020-06-22 14:07:03,196 [myid:127.0.0.1:30074] - INFO  [main-SendThread(127.0.0.1:30074):ClientCnxn$SendThread@1156] - SASL config status: Will not attempt to authenticate using SASL (unknown error)
adding as trusted cert:
  Subject: CN=localhost, OU=ZooKeeper, O=Apache, L=Unknown, ST=Unknown, C=Unknown
  Issuer:  CN=localhost, OU=ZooKeeper, O=Apache, L=Unknown, ST=Unknown, C=Unknown
  Algorithm: RSA; Serial number: 0x7334b506
  Valid from Sat Jan 31 02:57:30 CST 2015 until Wed Feb 08 02:57:30 CST 3015

trigger seeding of SecureRandom
done seeding SecureRandom
Using SSLEngineImpl.
%% Initialized:  [Session-155, SSL_NULL_WITH_NULL_NULL]
2020-06-22 14:07:03,197 [myid:127.0.0.1:30074] - INFO  [nioEventLoopGroup-9-1:ClientCnxnSocketNetty$ZKClientPipelineFactory@454] - SSL handler added for channel: [id: 0xbe832c95]
2020-06-22 14:07:03,198 [myid:127.0.0.1:30074] - INFO  [nioEventLoopGroup-9-1:ClientCnxn$SendThread@986] - Socket connection established, initiating session, client: /127.0.0.1:56801, server: activate.navicat.com/127.0.0.1:30074
2020-06-22 14:07:03,198 [myid:127.0.0.1:30074] - INFO  [nioEventLoopGroup-9-1:ClientCnxnSocketNetty$1@184] - channel is connected: [id: 0xbe832c95, L:/127.0.0.1:56801 - R:activate.navicat.com/127.0.0.1:30074]
Allow unsafe renegotiation: false
Allow legacy hello messages: true
Is initial handshake: true
Is secure renegotiation: false
Ignoring unsupported cipher suite: TLS_ECDHE_ECDSA_WITH_AES_256_CBC_SHA384 for TLSv1
Ignoring unsupported cipher suite: TLS_ECDHE_RSA_WITH_AES_256_CBC_SHA384 for TLSv1
Ignoring unsupported cipher suite: TLS_RSA_WITH_AES_256_CBC_SHA256 for TLSv1
Ignoring unsupported cipher suite: TLS_ECDH_ECDSA_WITH_AES_256_CBC_SHA384 for TLSv1
Ignoring unsupported cipher suite: TLS_ECDH_RSA_WITH_AES_256_CBC_SHA384 for TLSv1
Ignoring unsupported cipher suite: TLS_DHE_RSA_WITH_AES_256_CBC_SHA256 for TLSv1
Ignoring unsupported cipher suite: TLS_DHE_DSS_WITH_AES_256_CBC_SHA256 for TLSv1
Ignoring unsupported cipher suite: TLS_ECDHE_ECDSA_WITH_AES_256_CBC_SHA384 for TLSv1.1
Ignoring unsupported cipher suite: TLS_ECDHE_RSA_WITH_AES_256_CBC_SHA384 for TLSv1.1
Ignoring unsupported cipher suite: TLS_RSA_WITH_AES_256_CBC_SHA256 for TLSv1.1
Ignoring unsupported cipher suite: TLS_ECDH_ECDSA_WITH_AES_256_CBC_SHA384 for TLSv1.1
Ignoring unsupported cipher suite: TLS_ECDH_RSA_WITH_AES_256_CBC_SHA384 for TLSv1.1
Ignoring unsupported cipher suite: TLS_DHE_RSA_WITH_AES_256_CBC_SHA256 for TLSv1.1
Ignoring unsupported cipher suite: TLS_DHE_DSS_WITH_AES_256_CBC_SHA256 for TLSv1.1
trigger seeding of SecureRandom
done seeding SecureRandom
Using SSLEngineImpl.
%% Initialized:  [Session-156, SSL_NULL_WITH_NULL_NULL]
%% No cached client session
update handshake state: client_hello[1]
upcoming handshake states: server_hello[2]
*** ClientHello, TLSv1.2
RandomCookie:  GMT: 1576028551 bytes = { 51, 108, 41, 59, 213, 169, 5, 216, 142, 175, 211, 87, 49, 52, 207, 192, 25, 93, 203, 77, 238, 132, 50, 181, 102, 132, 65, 179 }
Session ID:  {}
Cipher Suites: [TLS_ECDHE_ECDSA_WITH_AES_256_CBC_SHA384, TLS_ECDHE_RSA_WITH_AES_256_CBC_SHA384, TLS_RSA_WITH_AES_256_CBC_SHA256, TLS_ECDH_ECDSA_WITH_AES_256_CBC_SHA384, TLS_ECDH_RSA_WITH_AES_256_CBC_SHA384, TLS_DHE_RSA_WITH_AES_256_CBC_SHA256, TLS_DHE_DSS_WITH_AES_256_CBC_SHA256, TLS_ECDHE_ECDSA_WITH_AES_256_CBC_SHA, TLS_ECDHE_RSA_WITH_AES_256_CBC_SHA, TLS_RSA_WITH_AES_256_CBC_SHA, TLS_ECDH_ECDSA_WITH_AES_256_CBC_SHA, TLS_ECDH_RSA_WITH_AES_256_CBC_SHA, TLS_DHE_RSA_WITH_AES_256_CBC_SHA, TLS_DHE_DSS_WITH_AES_256_CBC_SHA, TLS_ECDHE_ECDSA_WITH_AES_128_CBC_SHA256, TLS_ECDHE_RSA_WITH_AES_128_CBC_SHA256, TLS_RSA_WITH_AES_128_CBC_SHA256, TLS_ECDH_ECDSA_WITH_AES_128_CBC_SHA256, TLS_ECDH_RSA_WITH_AES_128_CBC_SHA256, TLS_DHE_RSA_WITH_AES_128_CBC_SHA256, TLS_DHE_DSS_WITH_AES_128_CBC_SHA256, TLS_ECDHE_ECDSA_WITH_AES_128_CBC_SHA, TLS_ECDHE_RSA_WITH_AES_128_CBC_SHA, TLS_RSA_WITH_AES_128_CBC_SHA, TLS_ECDH_ECDSA_WITH_AES_128_CBC_SHA, TLS_ECDH_RSA_WITH_AES_128_CBC_SHA, TLS_DHE_RSA_WITH_AES_128_CBC_SHA, TLS_DHE_DSS_WITH_AES_128_CBC_SHA, TLS_ECDHE_ECDSA_WITH_AES_256_GCM_SHA384, TLS_ECDHE_ECDSA_WITH_AES_128_GCM_SHA256, TLS_ECDHE_RSA_WITH_AES_256_GCM_SHA384, TLS_RSA_WITH_AES_256_GCM_SHA384, TLS_ECDH_ECDSA_WITH_AES_256_GCM_SHA384, TLS_ECDH_RSA_WITH_AES_256_GCM_SHA384, TLS_DHE_RSA_WITH_AES_256_GCM_SHA384, TLS_DHE_DSS_WITH_AES_256_GCM_SHA384, TLS_ECDHE_RSA_WITH_AES_128_GCM_SHA256, TLS_RSA_WITH_AES_128_GCM_SHA256, TLS_ECDH_ECDSA_WITH_AES_128_GCM_SHA256, TLS_ECDH_RSA_WITH_AES_128_GCM_SHA256, TLS_DHE_RSA_WITH_AES_128_GCM_SHA256, TLS_DHE_DSS_WITH_AES_128_GCM_SHA256, TLS_EMPTY_RENEGOTIATION_INFO_SCSV]
Compression Methods:  { 0 }
Extension elliptic_curves, curve names: {secp256r1, secp384r1, secp521r1}
Extension ec_point_formats, formats: [uncompressed]
Extension signature_algorithms, signature_algorithms: SHA512withECDSA, SHA512withRSA, SHA384withECDSA, SHA384withRSA, SHA256withECDSA, SHA256withRSA, SHA256withDSA, SHA1withECDSA, SHA1withRSA, SHA1withDSA
Extension extended_master_secret
Extension server_name, server_name: [type=host_name (0), value=activate.navicat.com]
***
nioEventLoopGroup-9-1, WRITE: TLSv1.2 Handshake, length = 208
Allow unsafe renegotiation: false
Allow legacy hello messages: true
Is initial handshake: true
Is secure renegotiation: false
nioEventLoopGroup-8-1, READ: TLSv1.2 Handshake, length = 208
check handshake state: client_hello[1]
update handshake state: client_hello[1]
upcoming handshake states: server_hello[2]
*** ClientHello, TLSv1.2
RandomCookie:  GMT: 1576028551 bytes = { 51, 108, 41, 59, 213, 169, 5, 216, 142, 175, 211, 87, 49, 52, 207, 192, 25, 93, 203, 77, 238, 132, 50, 181, 102, 132, 65, 179 }
Session ID:  {}
Cipher Suites: [TLS_ECDHE_ECDSA_WITH_AES_256_CBC_SHA384, TLS_ECDHE_RSA_WITH_AES_256_CBC_SHA384, TLS_RSA_WITH_AES_256_CBC_SHA256, TLS_ECDH_ECDSA_WITH_AES_256_CBC_SHA384, TLS_ECDH_RSA_WITH_AES_256_CBC_SHA384, TLS_DHE_RSA_WITH_AES_256_CBC_SHA256, TLS_DHE_DSS_WITH_AES_256_CBC_SHA256, TLS_ECDHE_ECDSA_WITH_AES_256_CBC_SHA, TLS_ECDHE_RSA_WITH_AES_256_CBC_SHA, TLS_RSA_WITH_AES_256_CBC_SHA, TLS_ECDH_ECDSA_WITH_AES_256_CBC_SHA, TLS_ECDH_RSA_WITH_AES_256_CBC_SHA, TLS_DHE_RSA_WITH_AES_256_CBC_SHA, TLS_DHE_DSS_WITH_AES_256_CBC_SHA, TLS_ECDHE_ECDSA_WITH_AES_128_CBC_SHA256, TLS_ECDHE_RSA_WITH_AES_128_CBC_SHA256, TLS_RSA_WITH_AES_128_CBC_SHA256, TLS_ECDH_ECDSA_WITH_AES_128_CBC_SHA256, TLS_ECDH_RSA_WITH_AES_128_CBC_SHA256, TLS_DHE_RSA_WITH_AES_128_CBC_SHA256, TLS_DHE_DSS_WITH_AES_128_CBC_SHA256, TLS_ECDHE_ECDSA_WITH_AES_128_CBC_SHA, TLS_ECDHE_RSA_WITH_AES_128_CBC_SHA, TLS_RSA_WITH_AES_128_CBC_SHA, TLS_ECDH_ECDSA_WITH_AES_128_CBC_SHA, TLS_ECDH_RSA_WITH_AES_128_CBC_SHA, TLS_DHE_RSA_WITH_AES_128_CBC_SHA, TLS_DHE_DSS_WITH_AES_128_CBC_SHA, TLS_ECDHE_ECDSA_WITH_AES_256_GCM_SHA384, TLS_ECDHE_ECDSA_WITH_AES_128_GCM_SHA256, TLS_ECDHE_RSA_WITH_AES_256_GCM_SHA384, TLS_RSA_WITH_AES_256_GCM_SHA384, TLS_ECDH_ECDSA_WITH_AES_256_GCM_SHA384, TLS_ECDH_RSA_WITH_AES_256_GCM_SHA384, TLS_DHE_RSA_WITH_AES_256_GCM_SHA384, TLS_DHE_DSS_WITH_AES_256_GCM_SHA384, TLS_ECDHE_RSA_WITH_AES_128_GCM_SHA256, TLS_RSA_WITH_AES_128_GCM_SHA256, TLS_ECDH_ECDSA_WITH_AES_128_GCM_SHA256, TLS_ECDH_RSA_WITH_AES_128_GCM_SHA256, TLS_DHE_RSA_WITH_AES_128_GCM_SHA256, TLS_DHE_DSS_WITH_AES_128_GCM_SHA256, TLS_EMPTY_RENEGOTIATION_INFO_SCSV]
Compression Methods:  { 0 }
Extension elliptic_curves, curve names: {secp256r1, secp384r1, secp521r1}
Extension ec_point_formats, formats: [uncompressed]
Extension signature_algorithms, signature_algorithms: SHA512withECDSA, SHA512withRSA, SHA384withECDSA, SHA384withRSA, SHA256withECDSA, SHA256withRSA, SHA256withDSA, SHA1withECDSA, SHA1withRSA, SHA1withDSA
Extension extended_master_secret
Extension server_name, server_name: [type=host_name (0), value=activate.navicat.com]
***
%% Initialized:  [Session-157, SSL_NULL_WITH_NULL_NULL]
Standard ciphersuite chosen: TLS_ECDHE_RSA_WITH_AES_256_CBC_SHA384
%% Negotiating:  [Session-157, TLS_ECDHE_RSA_WITH_AES_256_CBC_SHA384]
*** ServerHello, TLSv1.2
RandomCookie:  GMT: 1576028551 bytes = { 231, 166, 91, 16, 244, 128, 168, 88, 104, 253, 91, 163, 229, 212, 88, 14, 222, 49, 201, 106, 77, 194, 66, 122, 195, 43, 134, 5 }
Session ID:  {94, 240, 74, 135, 69, 53, 206, 168, 254, 15, 85, 158, 182, 217, 234, 119, 152, 70, 61, 27, 29, 95, 197, 187, 94, 252, 242, 120, 182, 179, 148, 214}
Cipher Suite: TLS_ECDHE_RSA_WITH_AES_256_CBC_SHA384
Compression Method: 0
Extension renegotiation_info, renegotiated_connection: <empty>
Extension extended_master_secret
***
Cipher suite:  TLS_ECDHE_RSA_WITH_AES_256_CBC_SHA384
update handshake state: server_hello[2]
upcoming handshake states: server certificate[11]
upcoming handshake states: server_key_exchange[12](optional)
upcoming handshake states: certificate_request[13](optional)
upcoming handshake states: server_hello_done[14]
upcoming handshake states: client certificate[11](optional)
upcoming handshake states: client_key_exchange[16]
upcoming handshake states: certificate_verify[15](optional)
upcoming handshake states: client change_cipher_spec[-1]
upcoming handshake states: client finished[20]
upcoming handshake states: server change_cipher_spec[-1]
upcoming handshake states: server finished[20]
*** Certificate chain
chain [0] = [
[
  Version: V3
  Subject: CN=localhost, OU=ZooKeeper, O=Apache, L=Unknown, ST=Unknown, C=Unknown
  Signature Algorithm: SHA256withRSA, OID = 1.2.840.113549.1.1.11

  Key:  Sun RSA public key, 2048 bits
  params: null
  modulus: 20466894428749997265095448870198652391311568515891366224735448896044144250313384062095901217219702596717622583159291680947094046474456586662132842412743846124470020097713679685492900855417800931365512472314155689881392853768001073664569106127795833231344696659209258027979401908711647617989508135190248980524852215540637603770017238536229773075995665111861820945008718990948857303373661769409475939971958531493423489844433566328219155461676589360491136984327342101195255797973694339642711115427623510874675394946293706606142706174397483349590050687482693164890194014220011640037490528845185364811025836034294701994387
  public exponent: 65537
  Validity: [From: Sat Jan 31 02:57:30 CST 2015,
               To: Wed Feb 08 02:57:30 CST 3015]
  Issuer: CN=localhost, OU=ZooKeeper, O=Apache, L=Unknown, ST=Unknown, C=Unknown
  SerialNumber: [    7334b506]

Certificate Extensions: 1
[1]: ObjectId: 2.5.29.14 Criticality=false
SubjectKeyIdentifier [
KeyIdentifier [
0000: 65 D7 B4 E0 27 45 7A 00   58 2F AD D5 0B 64 2D 77  e...'Ez.X/...d-w
0010: 88 F7 AA F5                                        ....
]
]

]
  Algorithm: [SHA256withRSA]
  Signature:
0000: 1B C8 6B 36 83 1D 28 37   5C 1F 7D F6 C6 84 A0 BF  ..k6..(7\.......
0010: CA C0 47 CF C5 34 70 7A   CF 6B EA 34 84 BE 08 7A  ..G..4pz.k.4...z
0020: 98 E6 3D ED 1D E2 6F 06   DB 23 AB 41 AD D5 DF 1D  ..=...o..#.A....
0030: 92 F4 9D 05 FD 7C EE BE   4A 87 B8 F1 FE F4 5B 79  ........J.....[y
0040: DC AD F7 44 3D 67 08 7A   3B 91 D7 5A 79 44 96 D7  ...D=g.z;..ZyD..
0050: BE 0E 41 C8 64 E3 87 C3   28 11 AB DC 36 F5 B0 AC  ..A.d...(...6...
0060: BD 2F 16 1D 6E A1 52 25   5A EC 6F AD 20 71 5A 1B  ./..n.R%Z.o. qZ.
0070: 66 D4 0D A6 49 B7 75 43   C4 84 0B 4B AC BD 16 76  f...I.uC...K...v
0080: 58 2B 07 85 E2 F1 44 15   1E 67 D1 3C 13 73 5A 2D  X+....D..g.<.sZ-
0090: D6 06 0B A1 D3 09 7E EF   88 F9 C3 0E A4 10 47 EA  ..............G.
00A0: 65 5D CD F0 39 EA 2F 59   1C 08 BC F9 CC 5B C9 BB  e]..9./Y.....[..
00B0: 2F 20 19 81 97 B5 21 BB   60 A4 39 08 6C 41 2A 51  / ....!.`.9.lA*Q
00C0: B1 C3 1A A3 8C F8 ED 67   D0 EE EC 52 01 2A E4 1E  .......g...R.*..
00D0: D2 B4 34 73 DC 7E 34 24   A9 4E 77 AD FD B3 77 0D  ..4s..4$.Nw...w.
00E0: C2 7A C0 65 F6 CC 11 9D   19 AA 59 13 C3 9D AD 5F  .z.e......Y...._
00F0: 61 E6 C2 18 F0 E5 A1 49   41 B5 EF 9E 91 0C 35 9C  a......IA.....5.

]
***
update handshake state: certificate[11]
upcoming handshake states: server_key_exchange[12](optional)
upcoming handshake states: certificate_request[13](optional)
upcoming handshake states: server_hello_done[14]
upcoming handshake states: client certificate[11](optional)
upcoming handshake states: client_key_exchange[16]
upcoming handshake states: certificate_verify[15](optional)
upcoming handshake states: client change_cipher_spec[-1]
upcoming handshake states: client finished[20]
upcoming handshake states: server change_cipher_spec[-1]
upcoming handshake states: server finished[20]
*** ECDH ServerKeyExchange
Signature Algorithm SHA512withRSA
Server key: Sun EC public key, 256 bits
  public x coord: 15687991729638170466340533164026390320490738221309855223152692169348606246068
  public y coord: 88908671061796809312218973407843577485868809481957928945344891388127917010369
  parameters: secp256r1 [NIST P-256, X9.62 prime256v1] (1.2.840.10045.3.1.7)
update handshake state: server_key_exchange[12]
upcoming handshake states: certificate_request[13](optional)
upcoming handshake states: server_hello_done[14]
upcoming handshake states: client certificate[11](optional)
upcoming handshake states: client_key_exchange[16]
upcoming handshake states: certificate_verify[15](optional)
upcoming handshake states: client change_cipher_spec[-1]
upcoming handshake states: client finished[20]
upcoming handshake states: server change_cipher_spec[-1]
upcoming handshake states: server finished[20]
*** CertificateRequest
Cert Types: RSA, DSS, ECDSA
Supported Signature Algorithms: SHA512withECDSA, SHA512withRSA, SHA384withECDSA, SHA384withRSA, SHA256withECDSA, SHA256withRSA, SHA256withDSA, SHA1withECDSA, SHA1withRSA, SHA1withDSA
Cert Authorities:
<CN=localhost, OU=ZooKeeper, O=Apache, L=Unknown, ST=Unknown, C=Unknown>
update handshake state: unknown[13]
upcoming handshake states: server_hello_done[14]
upcoming handshake states: client certificate[11](optional)
upcoming handshake states: client_key_exchange[16]
upcoming handshake states: certificate_verify[15](optional)
upcoming handshake states: client change_cipher_spec[-1]
upcoming handshake states: client finished[20]
upcoming handshake states: server change_cipher_spec[-1]
upcoming handshake states: server finished[20]
*** ServerHelloDone
update handshake state: server_hello_done[14]
upcoming handshake states: client certificate[11](optional)
upcoming handshake states: client_key_exchange[16]
upcoming handshake states: certificate_verify[15](optional)
upcoming handshake states: client change_cipher_spec[-1]
upcoming handshake states: client finished[20]
upcoming handshake states: server change_cipher_spec[-1]
upcoming handshake states: server finished[20]
nioEventLoopGroup-8-1, WRITE: TLSv1.2 Handshake, length = 1478
nioEventLoopGroup-9-1, READ: TLSv1.2 Handshake, length = 1478
check handshake state: server_hello[2]
*** ServerHello, TLSv1.2
RandomCookie:  GMT: 1576028551 bytes = { 231, 166, 91, 16, 244, 128, 168, 88, 104, 253, 91, 163, 229, 212, 88, 14, 222, 49, 201, 106, 77, 194, 66, 122, 195, 43, 134, 5 }
Session ID:  {94, 240, 74, 135, 69, 53, 206, 168, 254, 15, 85, 158, 182, 217, 234, 119, 152, 70, 61, 27, 29, 95, 197, 187, 94, 252, 242, 120, 182, 179, 148, 214}
Cipher Suite: TLS_ECDHE_RSA_WITH_AES_256_CBC_SHA384
Compression Method: 0
Extension renegotiation_info, renegotiated_connection: <empty>
Extension extended_master_secret
***
%% Initialized:  [Session-158, TLS_ECDHE_RSA_WITH_AES_256_CBC_SHA384]
** TLS_ECDHE_RSA_WITH_AES_256_CBC_SHA384
update handshake state: server_hello[2]
upcoming handshake states: server certificate[11]
upcoming handshake states: server_key_exchange[12](optional)
upcoming handshake states: certificate_request[13](optional)
upcoming handshake states: server_hello_done[14]
upcoming handshake states: client certificate[11](optional)
upcoming handshake states: client_key_exchange[16]
upcoming handshake states: certificate_verify[15](optional)
upcoming handshake states: client change_cipher_spec[-1]
upcoming handshake states: client finished[20]
upcoming handshake states: server change_cipher_spec[-1]
upcoming handshake states: server finished[20]
check handshake state: certificate[11]
update handshake state: certificate[11]
upcoming handshake states: server_key_exchange[12](optional)
upcoming handshake states: certificate_request[13](optional)
upcoming handshake states: server_hello_done[14]
upcoming handshake states: client certificate[11](optional)
upcoming handshake states: client_key_exchange[16]
upcoming handshake states: certificate_verify[15](optional)
upcoming handshake states: client change_cipher_spec[-1]
upcoming handshake states: client finished[20]
upcoming handshake states: server change_cipher_spec[-1]
upcoming handshake states: server finished[20]
*** Certificate chain
chain [0] = [
[
  Version: V3
  Subject: CN=localhost, OU=ZooKeeper, O=Apache, L=Unknown, ST=Unknown, C=Unknown
  Signature Algorithm: SHA256withRSA, OID = 1.2.840.113549.1.1.11

  Key:  Sun RSA public key, 2048 bits
  params: null
  modulus: 20466894428749997265095448870198652391311568515891366224735448896044144250313384062095901217219702596717622583159291680947094046474456586662132842412743846124470020097713679685492900855417800931365512472314155689881392853768001073664569106127795833231344696659209258027979401908711647617989508135190248980524852215540637603770017238536229773075995665111861820945008718990948857303373661769409475939971958531493423489844433566328219155461676589360491136984327342101195255797973694339642711115427623510874675394946293706606142706174397483349590050687482693164890194014220011640037490528845185364811025836034294701994387
  public exponent: 65537
  Validity: [From: Sat Jan 31 02:57:30 CST 2015,
               To: Wed Feb 08 02:57:30 CST 3015]
  Issuer: CN=localhost, OU=ZooKeeper, O=Apache, L=Unknown, ST=Unknown, C=Unknown
  SerialNumber: [    7334b506]

Certificate Extensions: 1
[1]: ObjectId: 2.5.29.14 Criticality=false
SubjectKeyIdentifier [
KeyIdentifier [
0000: 65 D7 B4 E0 27 45 7A 00   58 2F AD D5 0B 64 2D 77  e...'Ez.X/...d-w
0010: 88 F7 AA F5                                        ....
]
]

]
  Algorithm: [SHA256withRSA]
  Signature:
0000: 1B C8 6B 36 83 1D 28 37   5C 1F 7D F6 C6 84 A0 BF  ..k6..(7\.......
0010: CA C0 47 CF C5 34 70 7A   CF 6B EA 34 84 BE 08 7A  ..G..4pz.k.4...z
0020: 98 E6 3D ED 1D E2 6F 06   DB 23 AB 41 AD D5 DF 1D  ..=...o..#.A....
0030: 92 F4 9D 05 FD 7C EE BE   4A 87 B8 F1 FE F4 5B 79  ........J.....[y
0040: DC AD F7 44 3D 67 08 7A   3B 91 D7 5A 79 44 96 D7  ...D=g.z;..ZyD..
0050: BE 0E 41 C8 64 E3 87 C3   28 11 AB DC 36 F5 B0 AC  ..A.d...(...6...
0060: BD 2F 16 1D 6E A1 52 25   5A EC 6F AD 20 71 5A 1B  ./..n.R%Z.o. qZ.
0070: 66 D4 0D A6 49 B7 75 43   C4 84 0B 4B AC BD 16 76  f...I.uC...K...v
0080: 58 2B 07 85 E2 F1 44 15   1E 67 D1 3C 13 73 5A 2D  X+....D..g.<.sZ-
0090: D6 06 0B A1 D3 09 7E EF   88 F9 C3 0E A4 10 47 EA  ..............G.
00A0: 65 5D CD F0 39 EA 2F 59   1C 08 BC F9 CC 5B C9 BB  e]..9./Y.....[..
00B0: 2F 20 19 81 97 B5 21 BB   60 A4 39 08 6C 41 2A 51  / ....!.`.9.lA*Q
00C0: B1 C3 1A A3 8C F8 ED 67   D0 EE EC 52 01 2A E4 1E  .......g...R.*..
00D0: D2 B4 34 73 DC 7E 34 24   A9 4E 77 AD FD B3 77 0D  ..4s..4$.Nw...w.
00E0: C2 7A C0 65 F6 CC 11 9D   19 AA 59 13 C3 9D AD 5F  .z.e......Y...._
00F0: 61 E6 C2 18 F0 E5 A1 49   41 B5 EF 9E 91 0C 35 9C  a......IA.....5.

]
***
Found trusted certificate:
[
[
  Version: V3
  Subject: CN=localhost, OU=ZooKeeper, O=Apache, L=Unknown, ST=Unknown, C=Unknown
  Signature Algorithm: SHA256withRSA, OID = 1.2.840.113549.1.1.11

  Key:  Sun RSA public key, 2048 bits
  params: null
  modulus: 20466894428749997265095448870198652391311568515891366224735448896044144250313384062095901217219702596717622583159291680947094046474456586662132842412743846124470020097713679685492900855417800931365512472314155689881392853768001073664569106127795833231344696659209258027979401908711647617989508135190248980524852215540637603770017238536229773075995665111861820945008718990948857303373661769409475939971958531493423489844433566328219155461676589360491136984327342101195255797973694339642711115427623510874675394946293706606142706174397483349590050687482693164890194014220011640037490528845185364811025836034294701994387
  public exponent: 65537
  Validity: [From: Sat Jan 31 02:57:30 CST 2015,
               To: Wed Feb 08 02:57:30 CST 3015]
  Issuer: CN=localhost, OU=ZooKeeper, O=Apache, L=Unknown, ST=Unknown, C=Unknown
  SerialNumber: [    7334b506]

Certificate Extensions: 1
[1]: ObjectId: 2.5.29.14 Criticality=false
SubjectKeyIdentifier [
KeyIdentifier [
0000: 65 D7 B4 E0 27 45 7A 00   58 2F AD D5 0B 64 2D 77  e...'Ez.X/...d-w
0010: 88 F7 AA F5                                        ....
]
]

]
  Algorithm: [SHA256withRSA]
  Signature:
0000: 1B C8 6B 36 83 1D 28 37   5C 1F 7D F6 C6 84 A0 BF  ..k6..(7\.......
0010: CA C0 47 CF C5 34 70 7A   CF 6B EA 34 84 BE 08 7A  ..G..4pz.k.4...z
0020: 98 E6 3D ED 1D E2 6F 06   DB 23 AB 41 AD D5 DF 1D  ..=...o..#.A....
0030: 92 F4 9D 05 FD 7C EE BE   4A 87 B8 F1 FE F4 5B 79  ........J.....[y
0040: DC AD F7 44 3D 67 08 7A   3B 91 D7 5A 79 44 96 D7  ...D=g.z;..ZyD..
0050: BE 0E 41 C8 64 E3 87 C3   28 11 AB DC 36 F5 B0 AC  ..A.d...(...6...
0060: BD 2F 16 1D 6E A1 52 25   5A EC 6F AD 20 71 5A 1B  ./..n.R%Z.o. qZ.
0070: 66 D4 0D A6 49 B7 75 43   C4 84 0B 4B AC BD 16 76  f...I.uC...K...v
0080: 58 2B 07 85 E2 F1 44 15   1E 67 D1 3C 13 73 5A 2D  X+....D..g.<.sZ-
0090: D6 06 0B A1 D3 09 7E EF   88 F9 C3 0E A4 10 47 EA  ..............G.
00A0: 65 5D CD F0 39 EA 2F 59   1C 08 BC F9 CC 5B C9 BB  e]..9./Y.....[..
00B0: 2F 20 19 81 97 B5 21 BB   60 A4 39 08 6C 41 2A 51  / ....!.`.9.lA*Q
00C0: B1 C3 1A A3 8C F8 ED 67   D0 EE EC 52 01 2A E4 1E  .......g...R.*..
00D0: D2 B4 34 73 DC 7E 34 24   A9 4E 77 AD FD B3 77 0D  ..4s..4$.Nw...w.
00E0: C2 7A C0 65 F6 CC 11 9D   19 AA 59 13 C3 9D AD 5F  .z.e......Y...._
00F0: 61 E6 C2 18 F0 E5 A1 49   41 B5 EF 9E 91 0C 35 9C  a......IA.....5.

]
2020-06-22 14:07:03,208 [myid:127.0.0.1:30074] - ERROR [nioEventLoopGroup-9-1:ZKTrustManager@161] - Failed to verify host address: 127.0.0.1
javax.net.ssl.SSLPeerUnverifiedException: Certificate for <127.0.0.1> doesn't match common name of the certificate subject: localhost
	at org.apache.zookeeper.common.ZKHostnameVerifier.matchCN(ZKHostnameVerifier.java:238)
	at org.apache.zookeeper.common.ZKHostnameVerifier.verify(ZKHostnameVerifier.java:184)
	at org.apache.zookeeper.common.ZKTrustManager.performHostVerification(ZKTrustManager.java:151)
	at org.apache.zookeeper.common.ZKTrustManager.checkServerTrusted(ZKTrustManager.java:118)
	at sun.security.ssl.ClientHandshaker.serverCertificate(ClientHandshaker.java:1675)
	at sun.security.ssl.ClientHandshaker.processMessage(ClientHandshaker.java:226)
	at sun.security.ssl.Handshaker.processLoop(Handshaker.java:1082)
	at sun.security.ssl.Handshaker$1.run(Handshaker.java:1015)
	at sun.security.ssl.Handshaker$1.run(Handshaker.java:1012)
	at java.security.AccessController.doPrivileged(Native Method)
	at sun.security.ssl.Handshaker$DelegatedTask.run(Handshaker.java:1504)
	at io.netty.handler.ssl.SslHandler.runAllDelegatedTasks(SslHandler.java:1510)
	at io.netty.handler.ssl.SslHandler.runDelegatedTasks(SslHandler.java:1524)
	at io.netty.handler.ssl.SslHandler.unwrap(SslHandler.java:1408)
	at io.netty.handler.ssl.SslHandler.decodeJdkCompatible(SslHandler.java:1235)
	at io.netty.handler.ssl.SslHandler.decode(SslHandler.java:1282)
	at io.netty.handler.codec.ByteToMessageDecoder.decodeRemovalReentryProtection(ByteToMessageDecoder.java:498)
	at io.netty.handler.codec.ByteToMessageDecoder.callDecode(ByteToMessageDecoder.java:437)
	at io.netty.handler.codec.ByteToMessageDecoder.channelRead(ByteToMessageDecoder.java:276)
	at io.netty.channel.AbstractChannelHandlerContext.invokeChannelRead(AbstractChannelHandlerContext.java:379)
	at io.netty.channel.AbstractChannelHandlerContext.invokeChannelRead(AbstractChannelHandlerContext.java:365)
	at io.netty.channel.AbstractChannelHandlerContext.fireChannelRead(AbstractChannelHandlerContext.java:357)
	at io.netty.channel.DefaultChannelPipeline$HeadContext.channelRead(DefaultChannelPipeline.java:1410)
	at io.netty.channel.AbstractChannelHandlerContext.invokeChannelRead(AbstractChannelHandlerContext.java:379)
	at io.netty.channel.AbstractChannelHandlerContext.invokeChannelRead(AbstractChannelHandlerContext.java:365)
	at io.netty.channel.DefaultChannelPipeline.fireChannelRead(DefaultChannelPipeline.java:919)
	at io.netty.channel.nio.AbstractNioByteChannel$NioByteUnsafe.read(AbstractNioByteChannel.java:163)
	at io.netty.channel.nio.NioEventLoop.processSelectedKey(NioEventLoop.java:714)
	at io.netty.channel.nio.NioEventLoop.processSelectedKeysOptimized(NioEventLoop.java:650)
	at io.netty.channel.nio.NioEventLoop.processSelectedKeys(NioEventLoop.java:576)
	at io.netty.channel.nio.NioEventLoop.run(NioEventLoop.java:493)
	at io.netty.util.concurrent.SingleThreadEventExecutor$4.run(SingleThreadEventExecutor.java:989)
	at io.netty.util.internal.ThreadExecutorMap$2.run(ThreadExecutorMap.java:74)
	at io.netty.util.concurrent.FastThreadLocalRunnable.run(FastThreadLocalRunnable.java:30)
	at java.lang.Thread.run(Thread.java:748)
2020-06-22 14:07:03,208 [myid:127.0.0.1:30074] - ERROR [nioEventLoopGroup-9-1:ZKTrustManager@162] - Failed to verify hostname: activate.navicat.com
javax.net.ssl.SSLPeerUnverifiedException: Certificate for <activate.navicat.com> doesn't match common name of the certificate subject: localhost
	at org.apache.zookeeper.common.ZKHostnameVerifier.matchCN(ZKHostnameVerifier.java:238)
	at org.apache.zookeeper.common.ZKHostnameVerifier.verify(ZKHostnameVerifier.java:184)
	at org.apache.zookeeper.common.ZKTrustManager.performHostVerification(ZKTrustManager.java:159)
	at org.apache.zookeeper.common.ZKTrustManager.checkServerTrusted(ZKTrustManager.java:118)
	at sun.security.ssl.ClientHandshaker.serverCertificate(ClientHandshaker.java:1675)
	at sun.security.ssl.ClientHandshaker.processMessage(ClientHandshaker.java:226)
	at sun.security.ssl.Handshaker.processLoop(Handshaker.java:1082)
	at sun.security.ssl.Handshaker$1.run(Handshaker.java:1015)
	at sun.security.ssl.Handshaker$1.run(Handshaker.java:1012)
	at java.security.AccessController.doPrivileged(Native Method)
	at sun.security.ssl.Handshaker$DelegatedTask.run(Handshaker.java:1504)
	at io.netty.handler.ssl.SslHandler.runAllDelegatedTasks(SslHandler.java:1510)
	at io.netty.handler.ssl.SslHandler.runDelegatedTasks(SslHandler.java:1524)
	at io.netty.handler.ssl.SslHandler.unwrap(SslHandler.java:1408)
	at io.netty.handler.ssl.SslHandler.decodeJdkCompatible(SslHandler.java:1235)
	at io.netty.handler.ssl.SslHandler.decode(SslHandler.java:1282)
	at io.netty.handler.codec.ByteToMessageDecoder.decodeRemovalReentryProtection(ByteToMessageDecoder.java:498)
	at io.netty.handler.codec.ByteToMessageDecoder.callDecode(ByteToMessageDecoder.java:437)
	at io.netty.handler.codec.ByteToMessageDecoder.channelRead(ByteToMessageDecoder.java:276)
	at io.netty.channel.AbstractChannelHandlerContext.invokeChannelRead(AbstractChannelHandlerContext.java:379)
	at io.netty.channel.AbstractChannelHandlerContext.invokeChannelRead(AbstractChannelHandlerContext.java:365)
	at io.netty.channel.AbstractChannelHandlerContext.fireChannelRead(AbstractChannelHandlerContext.java:357)
	at io.netty.channel.DefaultChannelPipeline$HeadContext.channelRead(DefaultChannelPipeline.java:1410)
	at io.netty.channel.AbstractChannelHandlerContext.invokeChannelRead(AbstractChannelHandlerContext.java:379)
	at io.netty.channel.AbstractChannelHandlerContext.invokeChannelRead(AbstractChannelHandlerContext.java:365)
	at io.netty.channel.DefaultChannelPipeline.fireChannelRead(DefaultChannelPipeline.java:919)
	at io.netty.channel.nio.AbstractNioByteChannel$NioByteUnsafe.read(AbstractNioByteChannel.java:163)
	at io.netty.channel.nio.NioEventLoop.processSelectedKey(NioEventLoop.java:714)
	at io.netty.channel.nio.NioEventLoop.processSelectedKeysOptimized(NioEventLoop.java:650)
	at io.netty.channel.nio.NioEventLoop.processSelectedKeys(NioEventLoop.java:576)
	at io.netty.channel.nio.NioEventLoop.run(NioEventLoop.java:493)
	at io.netty.util.concurrent.SingleThreadEventExecutor$4.run(SingleThreadEventExecutor.java:989)
	at io.netty.util.internal.ThreadExecutorMap$2.run(ThreadExecutorMap.java:74)
	at io.netty.util.concurrent.FastThreadLocalRunnable.run(FastThreadLocalRunnable.java:30)
	at java.lang.Thread.run(Thread.java:748)
nioEventLoopGroup-9-1, fatal error: 46: General SSLEngine problem
java.security.cert.CertificateException: Failed to verify both host address and host name
%% Invalidated:  [Session-155, SSL_NULL_WITH_NULL_NULL]
%% Invalidated:  [Session-158, TLS_ECDHE_RSA_WITH_AES_256_CBC_SHA384]
nioEventLoopGroup-9-1, SEND TLSv1.2 ALERT:  fatal, description = certificate_unknown
nioEventLoopGroup-9-1, WRITE: TLSv1.2 Alert, length = 2
nioEventLoopGroup-9-1, fatal: engine already closed.  Rethrowing javax.net.ssl.SSLHandshakeException: General SSLEngine problem
nioEventLoopGroup-9-1, called closeOutbound()
nioEventLoopGroup-9-1, closeOutboundInternal()
nioEventLoopGroup-9-1, called closeInbound()
nioEventLoopGroup-9-1, fatal: engine already closed.  Rethrowing javax.net.ssl.SSLException: Inbound closed before receiving peer's close_notify: possible truncation attack?
nioEventLoopGroup-8-1, READ: TLSv1.2 Alert, length = 2
nioEventLoopGroup-8-1, RECV TLSv1.2 ALERT:  fatal, certificate_unknown
nioEventLoopGroup-8-1, fatal: engine already closed.  Rethrowing javax.net.ssl.SSLException: Received fatal alert: certificate_unknown
nioEventLoopGroup-8-1, fatal: engine already closed.  Rethrowing javax.net.ssl.SSLException: Received fatal alert: certificate_unknown
2020-06-22 14:07:03,209 [myid:] - ERROR [nioEventLoopGroup-8-1:NettyServerCnxnFactory$CertificateVerifier@434] - Unsuccessful handshake with session 0x0
nioEventLoopGroup-8-1, called closeOutbound()
nioEventLoopGroup-8-1, closeOutboundInternal()
nioEventLoopGroup-8-1, SEND TLSv1.2 ALERT:  warning, description = close_notify
nioEventLoopGroup-8-1, WRITE: TLSv1.2 Alert, length = 2
nioEventLoopGroup-8-1, called closeInbound()
nioEventLoopGroup-8-1, fatal: engine already closed.  Rethrowing javax.net.ssl.SSLException: Inbound closed before receiving peer's close_notify: possible truncation attack?
2020-06-22 14:07:03,209 [myid:127.0.0.1:30074] - ERROR [nioEventLoopGroup-9-1:ClientCnxnSocketNetty$ZKClientHandler@522] - Unexpected throwable
io.netty.handler.codec.DecoderException: javax.net.ssl.SSLHandshakeException: General SSLEngine problem
	at io.netty.handler.codec.ByteToMessageDecoder.callDecode(ByteToMessageDecoder.java:468)
	at io.netty.handler.codec.ByteToMessageDecoder.channelRead(ByteToMessageDecoder.java:276)
	at io.netty.channel.AbstractChannelHandlerContext.invokeChannelRead(AbstractChannelHandlerContext.java:379)
	at io.netty.channel.AbstractChannelHandlerContext.invokeChannelRead(AbstractChannelHandlerContext.java:365)
	at io.netty.channel.AbstractChannelHandlerContext.fireChannelRead(AbstractChannelHandlerContext.java:357)
	at io.netty.channel.DefaultChannelPipeline$HeadContext.channelRead(DefaultChannelPipeline.java:1410)
	at io.netty.channel.AbstractChannelHandlerContext.invokeChannelRead(AbstractChannelHandlerContext.java:379)
	at io.netty.channel.AbstractChannelHandlerContext.invokeChannelRead(AbstractChannelHandlerContext.java:365)
	at io.netty.channel.DefaultChannelPipeline.fireChannelRead(DefaultChannelPipeline.java:919)
	at io.netty.channel.nio.AbstractNioByteChannel$NioByteUnsafe.read(AbstractNioByteChannel.java:163)
	at io.netty.channel.nio.NioEventLoop.processSelectedKey(NioEventLoop.java:714)
	at io.netty.channel.nio.NioEventLoop.processSelectedKeysOptimized(NioEventLoop.java:650)
	at io.netty.channel.nio.NioEventLoop.processSelectedKeys(NioEventLoop.java:576)
	at io.netty.channel.nio.NioEventLoop.run(NioEventLoop.java:493)
	at io.netty.util.concurrent.SingleThreadEventExecutor$4.run(SingleThreadEventExecutor.java:989)
	at io.netty.util.internal.ThreadExecutorMap$2.run(ThreadExecutorMap.java:74)
	at io.netty.util.concurrent.FastThreadLocalRunnable.run(FastThreadLocalRunnable.java:30)
	at java.lang.Thread.run(Thread.java:748)
Caused by: javax.net.ssl.SSLHandshakeException: General SSLEngine problem
	at sun.security.ssl.Handshaker.checkThrown(Handshaker.java:1566)
	at sun.security.ssl.SSLEngineImpl.checkTaskThrown(SSLEngineImpl.java:545)
	at sun.security.ssl.SSLEngineImpl.readNetRecord(SSLEngineImpl.java:819)
	at sun.security.ssl.SSLEngineImpl.unwrap(SSLEngineImpl.java:783)
	at javax.net.ssl.SSLEngine.unwrap(SSLEngine.java:626)
	at io.netty.handler.ssl.SslHandler$SslEngineType$3.unwrap(SslHandler.java:281)
	at io.netty.handler.ssl.SslHandler.unwrap(SslHandler.java:1340)
	at io.netty.handler.ssl.SslHandler.decodeJdkCompatible(SslHandler.java:1235)
	at io.netty.handler.ssl.SslHandler.decode(SslHandler.java:1282)
	at io.netty.handler.codec.ByteToMessageDecoder.decodeRemovalReentryProtection(ByteToMessageDecoder.java:498)
	at io.netty.handler.codec.ByteToMessageDecoder.callDecode(ByteToMessageDecoder.java:437)
	... 17 more
Caused by: javax.net.ssl.SSLHandshakeException: General SSLEngine problem
	at sun.security.ssl.Alerts.getSSLException(Alerts.java:198)
	at sun.security.ssl.SSLEngineImpl.fatal(SSLEngineImpl.java:1729)
	at sun.security.ssl.Handshaker.fatalSE(Handshaker.java:333)
	at sun.security.ssl.Handshaker.fatalSE(Handshaker.java:325)
	at sun.security.ssl.ClientHandshaker.serverCertificate(ClientHandshaker.java:1688)
	at sun.security.ssl.ClientHandshaker.processMessage(ClientHandshaker.java:226)
	at sun.security.ssl.Handshaker.processLoop(Handshaker.java:1082)
	at sun.security.ssl.Handshaker$1.run(Handshaker.java:1015)
	at sun.security.ssl.Handshaker$1.run(Handshaker.java:1012)
	at java.security.AccessController.doPrivileged(Native Method)
	at sun.security.ssl.Handshaker$DelegatedTask.run(Handshaker.java:1504)
	at io.netty.handler.ssl.SslHandler.runAllDelegatedTasks(SslHandler.java:1510)
	at io.netty.handler.ssl.SslHandler.runDelegatedTasks(SslHandler.java:1524)
	at io.netty.handler.ssl.SslHandler.unwrap(SslHandler.java:1408)
	... 21 more
Caused by: java.security.cert.CertificateException: Failed to verify both host address and host name
	at org.apache.zookeeper.common.ZKTrustManager.performHostVerification(ZKTrustManager.java:163)
	at org.apache.zookeeper.common.ZKTrustManager.checkServerTrusted(ZKTrustManager.java:118)
	at sun.security.ssl.ClientHandshaker.serverCertificate(ClientHandshaker.java:1675)
	... 30 more
Caused by: javax.net.ssl.SSLPeerUnverifiedException: Certificate for <activate.navicat.com> doesn't match common name of the certificate subject: localhost
	at org.apache.zookeeper.common.ZKHostnameVerifier.matchCN(ZKHostnameVerifier.java:238)
	at org.apache.zookeeper.common.ZKHostnameVerifier.verify(ZKHostnameVerifier.java:184)
	at org.apache.zookeeper.common.ZKTrustManager.performHostVerification(ZKTrustManager.java:159)
	... 32 more
2020-06-22 14:07:03,209 [myid:127.0.0.1:30074] - INFO  [nioEventLoopGroup-9-1:ClientCnxnSocketNetty@249] - channel is told closing
nioEventLoopGroup-9-1, called closeOutbound()
nioEventLoopGroup-9-1, closeOutboundInternal()
2020-06-22 14:07:03,209 [myid:] - WARN  [nioEventLoopGroup-8-1:NettyServerCnxnFactory$CnxnChannelHandler@273] - Exception caught
io.netty.handler.codec.DecoderException: javax.net.ssl.SSLException: Received fatal alert: certificate_unknown
	at io.netty.handler.codec.ByteToMessageDecoder.callDecode(ByteToMessageDecoder.java:468)
	at io.netty.handler.codec.ByteToMessageDecoder.channelRead(ByteToMessageDecoder.java:276)
	at io.netty.channel.AbstractChannelHandlerContext.invokeChannelRead(AbstractChannelHandlerContext.java:379)
	at io.netty.channel.AbstractChannelHandlerContext.invokeChannelRead(AbstractChannelHandlerContext.java:365)
	at io.netty.channel.AbstractChannelHandlerContext.fireChannelRead(AbstractChannelHandlerContext.java:357)
	at io.netty.channel.DefaultChannelPipeline$HeadContext.channelRead(DefaultChannelPipeline.java:1410)
	at io.netty.channel.AbstractChannelHandlerContext.invokeChannelRead(AbstractChannelHandlerContext.java:379)
	at io.netty.channel.AbstractChannelHandlerContext.invokeChannelRead(AbstractChannelHandlerContext.java:365)
	at io.netty.channel.DefaultChannelPipeline.fireChannelRead(DefaultChannelPipeline.java:919)
	at io.netty.channel.nio.AbstractNioByteChannel$NioByteUnsafe.read(AbstractNioByteChannel.java:163)
	at io.netty.channel.nio.NioEventLoop.processSelectedKey(NioEventLoop.java:714)
	at io.netty.channel.nio.NioEventLoop.processSelectedKeysOptimized(NioEventLoop.java:650)
	at io.netty.channel.nio.NioEventLoop.processSelectedKeys(NioEventLoop.java:576)
	at io.netty.channel.nio.NioEventLoop.run(NioEventLoop.java:493)
	at io.netty.util.concurrent.SingleThreadEventExecutor$4.run(SingleThreadEventExecutor.java:989)
	at io.netty.util.internal.ThreadExecutorMap$2.run(ThreadExecutorMap.java:74)
	at io.netty.util.concurrent.FastThreadLocalRunnable.run(FastThreadLocalRunnable.java:30)
	at java.lang.Thread.run(Thread.java:748)
Caused by: javax.net.ssl.SSLException: Received fatal alert: certificate_unknown
	at sun.security.ssl.Alerts.getSSLException(Alerts.java:214)
	at sun.security.ssl.SSLEngineImpl.fatal(SSLEngineImpl.java:1667)
	at sun.security.ssl.SSLEngineImpl.fatal(SSLEngineImpl.java:1635)
	at sun.security.ssl.SSLEngineImpl.recvAlert(SSLEngineImpl.java:1801)
	at sun.security.ssl.SSLEngineImpl.readRecord(SSLEngineImpl.java:1090)
	at sun.security.ssl.SSLEngineImpl.readNetRecord(SSLEngineImpl.java:913)
	at sun.security.ssl.SSLEngineImpl.unwrap(SSLEngineImpl.java:783)
	at javax.net.ssl.SSLEngine.unwrap(SSLEngine.java:626)
	at io.netty.handler.ssl.SslHandler$SslEngineType$3.unwrap(SslHandler.java:281)
	at io.netty.handler.ssl.SslHandler.unwrap(SslHandler.java:1340)
	at io.netty.handler.ssl.SslHandler.decodeJdkCompatible(SslHandler.java:1235)
	at io.netty.handler.ssl.SslHandler.decode(SslHandler.java:1282)
	at io.netty.handler.codec.ByteToMessageDecoder.decodeRemovalReentryProtection(ByteToMessageDecoder.java:498)
	at io.netty.handler.codec.ByteToMessageDecoder.callDecode(ByteToMessageDecoder.java:437)
	... 17 more
nioEventLoopGroup-8-1, called closeOutbound()
nioEventLoopGroup-8-1, closeOutboundInternal()
2020-06-22 14:07:03,209 [myid:127.0.0.1:30074] - WARN  [main-SendThread(127.0.0.1:30074):ClientCnxn$SendThread@1272] - Session 0x0 for sever activate.navicat.com/127.0.0.1:30074, Closing socket connection. Attempting reconnect except it is a SessionExpiredException.
EndOfStreamException: channel for sessionid 0x0 is lost
	at org.apache.zookeeper.ClientCnxnSocketNetty.doTransport(ClientCnxnSocketNetty.java:285)
	at org.apache.zookeeper.ClientCnxn$SendThread.run(ClientCnxn.java:1262)
nioEventLoopGroup-8-1, READ: TLSv1.2 Alert, length = 2
nioEventLoopGroup-8-1, RECV TLSv1.2 ALERT:  fatal, certificate_unknown
nioEventLoopGroup-8-1, fatal: engine already closed.  Rethrowing javax.net.ssl.SSLException: Received fatal alert: certificate_unknown
nioEventLoopGroup-8-1, fatal: engine already closed.  Rethrowing javax.net.ssl.SSLException: Received fatal alert: certificate_unknown
2020-06-22 14:07:03,210 [myid:127.0.0.1:30074] - INFO  [nioEventLoopGroup-9-1:ClientCnxnSocketNetty$ZKClientHandler@469] - channel is disconnected: [id: 0xbe832c95, L:/127.0.0.1:56801 ! R:activate.navicat.com/127.0.0.1:30074]
nioEventLoopGroup-8-1, called closeOutbound()
nioEventLoopGroup-8-1, closeOutboundInternal()
nioEventLoopGroup-8-1, called closeInbound()
nioEventLoopGroup-8-1, closeInboundInternal()
nioEventLoopGroup-8-1, closeOutboundInternal()
2020-06-22 14:07:03,210 [myid:] - WARN  [nioEventLoopGroup-8-1:NettyServerCnxnFactory$CnxnChannelHandler@273] - Exception caught
io.netty.handler.codec.DecoderException: javax.net.ssl.SSLException: Received fatal alert: certificate_unknown
	at io.netty.handler.codec.ByteToMessageDecoder.callDecode(ByteToMessageDecoder.java:468)
	at io.netty.handler.codec.ByteToMessageDecoder.channelInputClosed(ByteToMessageDecoder.java:401)
	at io.netty.handler.codec.ByteToMessageDecoder.channelInputClosed(ByteToMessageDecoder.java:368)
	at io.netty.handler.codec.ByteToMessageDecoder.channelInactive(ByteToMessageDecoder.java:351)
	at io.netty.handler.ssl.SslHandler.channelInactive(SslHandler.java:1084)
	at io.netty.channel.AbstractChannelHandlerContext.invokeChannelInactive(AbstractChannelHandlerContext.java:262)
	at io.netty.channel.AbstractChannelHandlerContext.invokeChannelInactive(AbstractChannelHandlerContext.java:248)
	at io.netty.channel.AbstractChannelHandlerContext.fireChannelInactive(AbstractChannelHandlerContext.java:241)
	at io.netty.channel.DefaultChannelPipeline$HeadContext.channelInactive(DefaultChannelPipeline.java:1405)
	at io.netty.channel.AbstractChannelHandlerContext.invokeChannelInactive(AbstractChannelHandlerContext.java:262)
	at io.netty.channel.AbstractChannelHandlerContext.invokeChannelInactive(AbstractChannelHandlerContext.java:248)
	at io.netty.channel.DefaultChannelPipeline.fireChannelInactive(DefaultChannelPipeline.java:901)
	at io.netty.channel.AbstractChannel$AbstractUnsafe$8.run(AbstractChannel.java:818)
	at io.netty.util.concurrent.AbstractEventExecutor.safeExecute(AbstractEventExecutor.java:164)
	at io.netty.util.concurrent.SingleThreadEventExecutor.runAllTasks(SingleThreadEventExecutor.java:472)
	at io.netty.channel.nio.NioEventLoop.run(NioEventLoop.java:497)
	at io.netty.util.concurrent.SingleThreadEventExecutor$4.run(SingleThreadEventExecutor.java:989)
	at io.netty.util.internal.ThreadExecutorMap$2.run(ThreadExecutorMap.java:74)
	at io.netty.util.concurrent.FastThreadLocalRunnable.run(FastThreadLocalRunnable.java:30)
	at java.lang.Thread.run(Thread.java:748)
Caused by: javax.net.ssl.SSLException: Received fatal alert: certificate_unknown
	at sun.security.ssl.Alerts.getSSLException(Alerts.java:214)
	at sun.security.ssl.SSLEngineImpl.fatal(SSLEngineImpl.java:1667)
	at sun.security.ssl.SSLEngineImpl.fatal(SSLEngineImpl.java:1635)
	at sun.security.ssl.SSLEngineImpl.recvAlert(SSLEngineImpl.java:1801)
	at sun.security.ssl.SSLEngineImpl.readRecord(SSLEngineImpl.java:1090)
	at sun.security.ssl.SSLEngineImpl.readNetRecord(SSLEngineImpl.java:913)
	at sun.security.ssl.SSLEngineImpl.unwrap(SSLEngineImpl.java:783)
	at javax.net.ssl.SSLEngine.unwrap(SSLEngine.java:626)
	at io.netty.handler.ssl.SslHandler$SslEngineType$3.unwrap(SslHandler.java:281)
	at io.netty.handler.ssl.SslHandler.unwrap(SslHandler.java:1340)
	at io.netty.handler.ssl.SslHandler.decodeJdkCompatible(SslHandler.java:1235)
	at io.netty.handler.ssl.SslHandler.decode(SslHandler.java:1282)
	at io.netty.handler.codec.ByteToMessageDecoder.decodeRemovalReentryProtection(ByteToMessageDecoder.java:498)
	at io.netty.handler.codec.ByteToMessageDecoder.callDecode(ByteToMessageDecoder.java:437)
	... 19 more
2020-06-22 14:07:03,661 [myid:127.0.0.1:30073] - INFO  [main-SendThread(127.0.0.1:30073):ClientCnxn$SendThread@1154] - Opening socket connection to server activate.navicat.com/127.0.0.1:30073.
2020-06-22 14:07:03,661 [myid:127.0.0.1:30073] - INFO  [main-SendThread(127.0.0.1:30073):ClientCnxn$SendThread@1156] - SASL config status: Will not attempt to authenticate using SASL (unknown error)
adding as trusted cert:
  Subject: CN=localhost, OU=ZooKeeper, O=Apache, L=Unknown, ST=Unknown, C=Unknown
  Issuer:  CN=localhost, OU=ZooKeeper, O=Apache, L=Unknown, ST=Unknown, C=Unknown
  Algorithm: RSA; Serial number: 0x7334b506
  Valid from Sat Jan 31 02:57:30 CST 2015 until Wed Feb 08 02:57:30 CST 3015

trigger seeding of SecureRandom
done seeding SecureRandom
Using SSLEngineImpl.
%% Initialized:  [Session-159, SSL_NULL_WITH_NULL_NULL]
2020-06-22 14:07:03,663 [myid:127.0.0.1:30073] - INFO  [nioEventLoopGroup-5-1:ClientCnxnSocketNetty$ZKClientPipelineFactory@454] - SSL handler added for channel: [id: 0x3ba7603a]
2020-06-22 14:07:05,068 [myid:127.0.0.1:30074] - INFO  [main-SendThread(127.0.0.1:30074):ClientCnxn$SendThread@1154] - Opening socket connection to server activate.navicat.com/127.0.0.1:30074.
2020-06-22 14:07:05,068 [myid:127.0.0.1:30074] - INFO  [main-SendThread(127.0.0.1:30074):ClientCnxn$SendThread@1156] - SASL config status: Will not attempt to authenticate using SASL (unknown error)
adding as trusted cert:
  Subject: CN=localhost, OU=ZooKeeper, O=Apache, L=Unknown, ST=Unknown, C=Unknown
  Issuer:  CN=localhost, OU=ZooKeeper, O=Apache, L=Unknown, ST=Unknown, C=Unknown
  Algorithm: RSA; Serial number: 0x7334b506
  Valid from Sat Jan 31 02:57:30 CST 2015 until Wed Feb 08 02:57:30 CST 3015

trigger seeding of SecureRandom
done seeding SecureRandom
Using SSLEngineImpl.
%% Initialized:  [Session-160, SSL_NULL_WITH_NULL_NULL]
2020-06-22 14:07:05,069 [myid:127.0.0.1:30074] - INFO  [nioEventLoopGroup-9-1:ClientCnxnSocketNetty$ZKClientPipelineFactory@454] - SSL handler added for channel: [id: 0x511b6f44]
2020-06-22 14:07:05,070 [myid:127.0.0.1:30074] - INFO  [nioEventLoopGroup-9-1:ClientCnxn$SendThread@986] - Socket connection established, initiating session, client: /127.0.0.1:56881, server: activate.navicat.com/127.0.0.1:30074
2020-06-22 14:07:05,070 [myid:127.0.0.1:30074] - INFO  [nioEventLoopGroup-9-1:ClientCnxnSocketNetty$1@184] - channel is connected: [id: 0x511b6f44, L:/127.0.0.1:56881 - R:activate.navicat.com/127.0.0.1:30074]
Allow unsafe renegotiation: false
Allow legacy hello messages: true
Is initial handshake: true
Is secure renegotiation: false
Ignoring unsupported cipher suite: TLS_ECDHE_ECDSA_WITH_AES_256_CBC_SHA384 for TLSv1
Ignoring unsupported cipher suite: TLS_ECDHE_RSA_WITH_AES_256_CBC_SHA384 for TLSv1
Ignoring unsupported cipher suite: TLS_RSA_WITH_AES_256_CBC_SHA256 for TLSv1
Ignoring unsupported cipher suite: TLS_ECDH_ECDSA_WITH_AES_256_CBC_SHA384 for TLSv1
Ignoring unsupported cipher suite: TLS_ECDH_RSA_WITH_AES_256_CBC_SHA384 for TLSv1
Ignoring unsupported cipher suite: TLS_DHE_RSA_WITH_AES_256_CBC_SHA256 for TLSv1
Ignoring unsupported cipher suite: TLS_DHE_DSS_WITH_AES_256_CBC_SHA256 for TLSv1
trigger seeding of SecureRandom
Ignoring unsupported cipher suite: TLS_ECDHE_ECDSA_WITH_AES_256_CBC_SHA384 for TLSv1.1
Ignoring unsupported cipher suite: TLS_ECDHE_RSA_WITH_AES_256_CBC_SHA384 for TLSv1.1
Ignoring unsupported cipher suite: TLS_RSA_WITH_AES_256_CBC_SHA256 for TLSv1.1
done seeding SecureRandom
Ignoring unsupported cipher suite: TLS_ECDH_ECDSA_WITH_AES_256_CBC_SHA384 for TLSv1.1
Ignoring unsupported cipher suite: TLS_ECDH_RSA_WITH_AES_256_CBC_SHA384 for TLSv1.1
Ignoring unsupported cipher suite: TLS_DHE_RSA_WITH_AES_256_CBC_SHA256 for TLSv1.1
Ignoring unsupported cipher suite: TLS_DHE_DSS_WITH_AES_256_CBC_SHA256 for TLSv1.1
Using SSLEngineImpl.
%% Initialized:  [Session-161, SSL_NULL_WITH_NULL_NULL]
%% No cached client session
update handshake state: client_hello[1]
upcoming handshake states: server_hello[2]
*** ClientHello, TLSv1.2
RandomCookie:  GMT: 1576028553 bytes = { 25, 96, 18, 107, 111, 214, 225, 81, 251, 70, 132, 69, 52, 51, 55, 104, 116, 183, 113, 28, 254, 11, 24, 48, 150, 62, 252, 204 }
Session ID:  {}
Cipher Suites: [TLS_ECDHE_ECDSA_WITH_AES_256_CBC_SHA384, TLS_ECDHE_RSA_WITH_AES_256_CBC_SHA384, TLS_RSA_WITH_AES_256_CBC_SHA256, TLS_ECDH_ECDSA_WITH_AES_256_CBC_SHA384, TLS_ECDH_RSA_WITH_AES_256_CBC_SHA384, TLS_DHE_RSA_WITH_AES_256_CBC_SHA256, TLS_DHE_DSS_WITH_AES_256_CBC_SHA256, TLS_ECDHE_ECDSA_WITH_AES_256_CBC_SHA, TLS_ECDHE_RSA_WITH_AES_256_CBC_SHA, TLS_RSA_WITH_AES_256_CBC_SHA, TLS_ECDH_ECDSA_WITH_AES_256_CBC_SHA, TLS_ECDH_RSA_WITH_AES_256_CBC_SHA, TLS_DHE_RSA_WITH_AES_256_CBC_SHA, TLS_DHE_DSS_WITH_AES_256_CBC_SHA, TLS_ECDHE_ECDSA_WITH_AES_128_CBC_SHA256, TLS_ECDHE_RSA_WITH_AES_128_CBC_SHA256, TLS_RSA_WITH_AES_128_CBC_SHA256, TLS_ECDH_ECDSA_WITH_AES_128_CBC_SHA256, TLS_ECDH_RSA_WITH_AES_128_CBC_SHA256, TLS_DHE_RSA_WITH_AES_128_CBC_SHA256, TLS_DHE_DSS_WITH_AES_128_CBC_SHA256, TLS_ECDHE_ECDSA_WITH_AES_128_CBC_SHA, TLS_ECDHE_RSA_WITH_AES_128_CBC_SHA, TLS_RSA_WITH_AES_128_CBC_SHA, TLS_ECDH_ECDSA_WITH_AES_128_CBC_SHA, TLS_ECDH_RSA_WITH_AES_128_CBC_SHA, TLS_DHE_RSA_WITH_AES_128_CBC_SHA, TLS_DHE_DSS_WITH_AES_128_CBC_SHA, TLS_ECDHE_ECDSA_WITH_AES_256_GCM_SHA384, TLS_ECDHE_ECDSA_WITH_AES_128_GCM_SHA256, TLS_ECDHE_RSA_WITH_AES_256_GCM_SHA384, TLS_RSA_WITH_AES_256_GCM_SHA384, TLS_ECDH_ECDSA_WITH_AES_256_GCM_SHA384, TLS_ECDH_RSA_WITH_AES_256_GCM_SHA384, TLS_DHE_RSA_WITH_AES_256_GCM_SHA384, TLS_DHE_DSS_WITH_AES_256_GCM_SHA384, TLS_ECDHE_RSA_WITH_AES_128_GCM_SHA256, TLS_RSA_WITH_AES_128_GCM_SHA256, TLS_ECDH_ECDSA_WITH_AES_128_GCM_SHA256, TLS_ECDH_RSA_WITH_AES_128_GCM_SHA256, TLS_DHE_RSA_WITH_AES_128_GCM_SHA256, TLS_DHE_DSS_WITH_AES_128_GCM_SHA256, TLS_EMPTY_RENEGOTIATION_INFO_SCSV]
Compression Methods:  { 0 }
Extension elliptic_curves, curve names: {secp256r1, secp384r1, secp521r1}
Extension ec_point_formats, formats: [uncompressed]
Extension signature_algorithms, signature_algorithms: SHA512withECDSA, SHA512withRSA, SHA384withECDSA, SHA384withRSA, SHA256withECDSA, SHA256withRSA, SHA256withDSA, SHA1withECDSA, SHA1withRSA, SHA1withDSA
Extension extended_master_secret
Extension server_name, server_name: [type=host_name (0), value=activate.navicat.com]
***
nioEventLoopGroup-9-1, WRITE: TLSv1.2 Handshake, length = 208
Allow unsafe renegotiation: false
Allow legacy hello messages: true
Is initial handshake: true
Is secure renegotiation: false
nioEventLoopGroup-8-2, READ: TLSv1.2 Handshake, length = 208
check handshake state: client_hello[1]
update handshake state: client_hello[1]
upcoming handshake states: server_hello[2]
*** ClientHello, TLSv1.2
RandomCookie:  GMT: 1576028553 bytes = { 25, 96, 18, 107, 111, 214, 225, 81, 251, 70, 132, 69, 52, 51, 55, 104, 116, 183, 113, 28, 254, 11, 24, 48, 150, 62, 252, 204 }
Session ID:  {}
Cipher Suites: [TLS_ECDHE_ECDSA_WITH_AES_256_CBC_SHA384, TLS_ECDHE_RSA_WITH_AES_256_CBC_SHA384, TLS_RSA_WITH_AES_256_CBC_SHA256, TLS_ECDH_ECDSA_WITH_AES_256_CBC_SHA384, TLS_ECDH_RSA_WITH_AES_256_CBC_SHA384, TLS_DHE_RSA_WITH_AES_256_CBC_SHA256, TLS_DHE_DSS_WITH_AES_256_CBC_SHA256, TLS_ECDHE_ECDSA_WITH_AES_256_CBC_SHA, TLS_ECDHE_RSA_WITH_AES_256_CBC_SHA, TLS_RSA_WITH_AES_256_CBC_SHA, TLS_ECDH_ECDSA_WITH_AES_256_CBC_SHA, TLS_ECDH_RSA_WITH_AES_256_CBC_SHA, TLS_DHE_RSA_WITH_AES_256_CBC_SHA, TLS_DHE_DSS_WITH_AES_256_CBC_SHA, TLS_ECDHE_ECDSA_WITH_AES_128_CBC_SHA256, TLS_ECDHE_RSA_WITH_AES_128_CBC_SHA256, TLS_RSA_WITH_AES_128_CBC_SHA256, TLS_ECDH_ECDSA_WITH_AES_128_CBC_SHA256, TLS_ECDH_RSA_WITH_AES_128_CBC_SHA256, TLS_DHE_RSA_WITH_AES_128_CBC_SHA256, TLS_DHE_DSS_WITH_AES_128_CBC_SHA256, TLS_ECDHE_ECDSA_WITH_AES_128_CBC_SHA, TLS_ECDHE_RSA_WITH_AES_128_CBC_SHA, TLS_RSA_WITH_AES_128_CBC_SHA, TLS_ECDH_ECDSA_WITH_AES_128_CBC_SHA, TLS_ECDH_RSA_WITH_AES_128_CBC_SHA, TLS_DHE_RSA_WITH_AES_128_CBC_SHA, TLS_DHE_DSS_WITH_AES_128_CBC_SHA, TLS_ECDHE_ECDSA_WITH_AES_256_GCM_SHA384, TLS_ECDHE_ECDSA_WITH_AES_128_GCM_SHA256, TLS_ECDHE_RSA_WITH_AES_256_GCM_SHA384, TLS_RSA_WITH_AES_256_GCM_SHA384, TLS_ECDH_ECDSA_WITH_AES_256_GCM_SHA384, TLS_ECDH_RSA_WITH_AES_256_GCM_SHA384, TLS_DHE_RSA_WITH_AES_256_GCM_SHA384, TLS_DHE_DSS_WITH_AES_256_GCM_SHA384, TLS_ECDHE_RSA_WITH_AES_128_GCM_SHA256, TLS_RSA_WITH_AES_128_GCM_SHA256, TLS_ECDH_ECDSA_WITH_AES_128_GCM_SHA256, TLS_ECDH_RSA_WITH_AES_128_GCM_SHA256, TLS_DHE_RSA_WITH_AES_128_GCM_SHA256, TLS_DHE_DSS_WITH_AES_128_GCM_SHA256, TLS_EMPTY_RENEGOTIATION_INFO_SCSV]
Compression Methods:  { 0 }
Extension elliptic_curves, curve names: {secp256r1, secp384r1, secp521r1}
Extension ec_point_formats, formats: [uncompressed]
Extension signature_algorithms, signature_algorithms: SHA512withECDSA, SHA512withRSA, SHA384withECDSA, SHA384withRSA, SHA256withECDSA, SHA256withRSA, SHA256withDSA, SHA1withECDSA, SHA1withRSA, SHA1withDSA
Extension extended_master_secret
Extension server_name, server_name: [type=host_name (0), value=activate.navicat.com]
***
%% Initialized:  [Session-162, SSL_NULL_WITH_NULL_NULL]
Standard ciphersuite chosen: TLS_ECDHE_RSA_WITH_AES_256_CBC_SHA384
%% Negotiating:  [Session-162, TLS_ECDHE_RSA_WITH_AES_256_CBC_SHA384]
*** ServerHello, TLSv1.2
RandomCookie:  GMT: 1576028553 bytes = { 76, 41, 240, 140, 29, 114, 129, 201, 11, 130, 95, 241, 4, 201, 253, 115, 81, 232, 215, 221, 156, 72, 249, 79, 197, 236, 116, 98 }
Session ID:  {94, 240, 74, 137, 214, 33, 193, 118, 20, 185, 78, 64, 193, 52, 43, 110, 145, 232, 165, 113, 70, 52, 185, 129, 18, 69, 208, 228, 179, 78, 143, 242}
Cipher Suite: TLS_ECDHE_RSA_WITH_AES_256_CBC_SHA384
Compression Method: 0
Extension renegotiation_info, renegotiated_connection: <empty>
Extension extended_master_secret
***
Cipher suite:  TLS_ECDHE_RSA_WITH_AES_256_CBC_SHA384
update handshake state: server_hello[2]
upcoming handshake states: server certificate[11]
upcoming handshake states: server_key_exchange[12](optional)
upcoming handshake states: certificate_request[13](optional)
upcoming handshake states: server_hello_done[14]
upcoming handshake states: client certificate[11](optional)
upcoming handshake states: client_key_exchange[16]
upcoming handshake states: certificate_verify[15](optional)
upcoming handshake states: client change_cipher_spec[-1]
upcoming handshake states: client finished[20]
upcoming handshake states: server change_cipher_spec[-1]
upcoming handshake states: server finished[20]
*** Certificate chain
chain [0] = [
[
  Version: V3
  Subject: CN=localhost, OU=ZooKeeper, O=Apache, L=Unknown, ST=Unknown, C=Unknown
  Signature Algorithm: SHA256withRSA, OID = 1.2.840.113549.1.1.11

  Key:  Sun RSA public key, 2048 bits
  params: null
  modulus: 20466894428749997265095448870198652391311568515891366224735448896044144250313384062095901217219702596717622583159291680947094046474456586662132842412743846124470020097713679685492900855417800931365512472314155689881392853768001073664569106127795833231344696659209258027979401908711647617989508135190248980524852215540637603770017238536229773075995665111861820945008718990948857303373661769409475939971958531493423489844433566328219155461676589360491136984327342101195255797973694339642711115427623510874675394946293706606142706174397483349590050687482693164890194014220011640037490528845185364811025836034294701994387
  public exponent: 65537
  Validity: [From: Sat Jan 31 02:57:30 CST 2015,
               To: Wed Feb 08 02:57:30 CST 3015]
  Issuer: CN=localhost, OU=ZooKeeper, O=Apache, L=Unknown, ST=Unknown, C=Unknown
  SerialNumber: [    7334b506]

Certificate Extensions: 1
[1]: ObjectId: 2.5.29.14 Criticality=false
SubjectKeyIdentifier [
KeyIdentifier [
0000: 65 D7 B4 E0 27 45 7A 00   58 2F AD D5 0B 64 2D 77  e...'Ez.X/...d-w
0010: 88 F7 AA F5                                        ....
]
]

]
  Algorithm: [SHA256withRSA]
  Signature:
0000: 1B C8 6B 36 83 1D 28 37   5C 1F 7D F6 C6 84 A0 BF  ..k6..(7\.......
0010: CA C0 47 CF C5 34 70 7A   CF 6B EA 34 84 BE 08 7A  ..G..4pz.k.4...z
0020: 98 E6 3D ED 1D E2 6F 06   DB 23 AB 41 AD D5 DF 1D  ..=...o..#.A....
0030: 92 F4 9D 05 FD 7C EE BE   4A 87 B8 F1 FE F4 5B 79  ........J.....[y
0040: DC AD F7 44 3D 67 08 7A   3B 91 D7 5A 79 44 96 D7  ...D=g.z;..ZyD..
0050: BE 0E 41 C8 64 E3 87 C3   28 11 AB DC 36 F5 B0 AC  ..A.d...(...6...
0060: BD 2F 16 1D 6E A1 52 25   5A EC 6F AD 20 71 5A 1B  ./..n.R%Z.o. qZ.
0070: 66 D4 0D A6 49 B7 75 43   C4 84 0B 4B AC BD 16 76  f...I.uC...K...v
0080: 58 2B 07 85 E2 F1 44 15   1E 67 D1 3C 13 73 5A 2D  X+....D..g.<.sZ-
0090: D6 06 0B A1 D3 09 7E EF   88 F9 C3 0E A4 10 47 EA  ..............G.
00A0: 65 5D CD F0 39 EA 2F 59   1C 08 BC F9 CC 5B C9 BB  e]..9./Y.....[..
00B0: 2F 20 19 81 97 B5 21 BB   60 A4 39 08 6C 41 2A 51  / ....!.`.9.lA*Q
00C0: B1 C3 1A A3 8C F8 ED 67   D0 EE EC 52 01 2A E4 1E  .......g...R.*..
00D0: D2 B4 34 73 DC 7E 34 24   A9 4E 77 AD FD B3 77 0D  ..4s..4$.Nw...w.
00E0: C2 7A C0 65 F6 CC 11 9D   19 AA 59 13 C3 9D AD 5F  .z.e......Y...._
00F0: 61 E6 C2 18 F0 E5 A1 49   41 B5 EF 9E 91 0C 35 9C  a......IA.....5.

]
***
update handshake state: certificate[11]
upcoming handshake states: server_key_exchange[12](optional)
upcoming handshake states: certificate_request[13](optional)
upcoming handshake states: server_hello_done[14]
upcoming handshake states: client certificate[11](optional)
upcoming handshake states: client_key_exchange[16]
upcoming handshake states: certificate_verify[15](optional)
upcoming handshake states: client change_cipher_spec[-1]
upcoming handshake states: client finished[20]
upcoming handshake states: server change_cipher_spec[-1]
upcoming handshake states: server finished[20]
*** ECDH ServerKeyExchange
Signature Algorithm SHA512withRSA
Server key: Sun EC public key, 256 bits
  public x coord: 39987793199934603050973030641198716886778780508882917560615498409766539699016
  public y coord: 79856691350159706675343120436533027547971577281225596299094344959375791844219
  parameters: secp256r1 [NIST P-256, X9.62 prime256v1] (1.2.840.10045.3.1.7)
update handshake state: server_key_exchange[12]
upcoming handshake states: certificate_request[13](optional)
upcoming handshake states: server_hello_done[14]
upcoming handshake states: client certificate[11](optional)
upcoming handshake states: client_key_exchange[16]
upcoming handshake states: certificate_verify[15](optional)
upcoming handshake states: client change_cipher_spec[-1]
upcoming handshake states: client finished[20]
upcoming handshake states: server change_cipher_spec[-1]
upcoming handshake states: server finished[20]
*** CertificateRequest
Cert Types: RSA, DSS, ECDSA
Supported Signature Algorithms: SHA512withECDSA, SHA512withRSA, SHA384withECDSA, SHA384withRSA, SHA256withECDSA, SHA256withRSA, SHA256withDSA, SHA1withECDSA, SHA1withRSA, SHA1withDSA
Cert Authorities:
<CN=localhost, OU=ZooKeeper, O=Apache, L=Unknown, ST=Unknown, C=Unknown>
update handshake state: unknown[13]
upcoming handshake states: server_hello_done[14]
upcoming handshake states: client certificate[11](optional)
upcoming handshake states: client_key_exchange[16]
upcoming handshake states: certificate_verify[15](optional)
upcoming handshake states: client change_cipher_spec[-1]
upcoming handshake states: client finished[20]
upcoming handshake states: server change_cipher_spec[-1]
upcoming handshake states: server finished[20]
*** ServerHelloDone
update handshake state: server_hello_done[14]
upcoming handshake states: client certificate[11](optional)
upcoming handshake states: client_key_exchange[16]
upcoming handshake states: certificate_verify[15](optional)
upcoming handshake states: client change_cipher_spec[-1]
upcoming handshake states: client finished[20]
upcoming handshake states: server change_cipher_spec[-1]
upcoming handshake states: server finished[20]
nioEventLoopGroup-8-2, WRITE: TLSv1.2 Handshake, length = 1478
nioEventLoopGroup-9-1, READ: TLSv1.2 Handshake, length = 1478
check handshake state: server_hello[2]
*** ServerHello, TLSv1.2
RandomCookie:  GMT: 1576028553 bytes = { 76, 41, 240, 140, 29, 114, 129, 201, 11, 130, 95, 241, 4, 201, 253, 115, 81, 232, 215, 221, 156, 72, 249, 79, 197, 236, 116, 98 }
Session ID:  {94, 240, 74, 137, 214, 33, 193, 118, 20, 185, 78, 64, 193, 52, 43, 110, 145, 232, 165, 113, 70, 52, 185, 129, 18, 69, 208, 228, 179, 78, 143, 242}
Cipher Suite: TLS_ECDHE_RSA_WITH_AES_256_CBC_SHA384
Compression Method: 0
Extension renegotiation_info, renegotiated_connection: <empty>
Extension extended_master_secret
***
%% Initialized:  [Session-163, TLS_ECDHE_RSA_WITH_AES_256_CBC_SHA384]
** TLS_ECDHE_RSA_WITH_AES_256_CBC_SHA384
update handshake state: server_hello[2]
upcoming handshake states: server certificate[11]
upcoming handshake states: server_key_exchange[12](optional)
upcoming handshake states: certificate_request[13](optional)
upcoming handshake states: server_hello_done[14]
upcoming handshake states: client certificate[11](optional)
upcoming handshake states: client_key_exchange[16]
upcoming handshake states: certificate_verify[15](optional)
upcoming handshake states: client change_cipher_spec[-1]
upcoming handshake states: client finished[20]
upcoming handshake states: server change_cipher_spec[-1]
upcoming handshake states: server finished[20]
check handshake state: certificate[11]
update handshake state: certificate[11]
upcoming handshake states: server_key_exchange[12](optional)
upcoming handshake states: certificate_request[13](optional)
upcoming handshake states: server_hello_done[14]
upcoming handshake states: client certificate[11](optional)
upcoming handshake states: client_key_exchange[16]
upcoming handshake states: certificate_verify[15](optional)
upcoming handshake states: client change_cipher_spec[-1]
upcoming handshake states: client finished[20]
upcoming handshake states: server change_cipher_spec[-1]
upcoming handshake states: server finished[20]
*** Certificate chain
chain [0] = [
[
  Version: V3
  Subject: CN=localhost, OU=ZooKeeper, O=Apache, L=Unknown, ST=Unknown, C=Unknown
  Signature Algorithm: SHA256withRSA, OID = 1.2.840.113549.1.1.11

  Key:  Sun RSA public key, 2048 bits
  params: null
  modulus: 20466894428749997265095448870198652391311568515891366224735448896044144250313384062095901217219702596717622583159291680947094046474456586662132842412743846124470020097713679685492900855417800931365512472314155689881392853768001073664569106127795833231344696659209258027979401908711647617989508135190248980524852215540637603770017238536229773075995665111861820945008718990948857303373661769409475939971958531493423489844433566328219155461676589360491136984327342101195255797973694339642711115427623510874675394946293706606142706174397483349590050687482693164890194014220011640037490528845185364811025836034294701994387
  public exponent: 65537
  Validity: [From: Sat Jan 31 02:57:30 CST 2015,
               To: Wed Feb 08 02:57:30 CST 3015]
  Issuer: CN=localhost, OU=ZooKeeper, O=Apache, L=Unknown, ST=Unknown, C=Unknown
  SerialNumber: [    7334b506]

Certificate Extensions: 1
[1]: ObjectId: 2.5.29.14 Criticality=false
SubjectKeyIdentifier [
KeyIdentifier [
0000: 65 D7 B4 E0 27 45 7A 00   58 2F AD D5 0B 64 2D 77  e...'Ez.X/...d-w
0010: 88 F7 AA F5                                        ....
]
]

]
  Algorithm: [SHA256withRSA]
  Signature:
0000: 1B C8 6B 36 83 1D 28 37   5C 1F 7D F6 C6 84 A0 BF  ..k6..(7\.......
0010: CA C0 47 CF C5 34 70 7A   CF 6B EA 34 84 BE 08 7A  ..G..4pz.k.4...z
0020: 98 E6 3D ED 1D E2 6F 06   DB 23 AB 41 AD D5 DF 1D  ..=...o..#.A....
0030: 92 F4 9D 05 FD 7C EE BE   4A 87 B8 F1 FE F4 5B 79  ........J.....[y
0040: DC AD F7 44 3D 67 08 7A   3B 91 D7 5A 79 44 96 D7  ...D=g.z;..ZyD..
0050: BE 0E 41 C8 64 E3 87 C3   28 11 AB DC 36 F5 B0 AC  ..A.d...(...6...
0060: BD 2F 16 1D 6E A1 52 25   5A EC 6F AD 20 71 5A 1B  ./..n.R%Z.o. qZ.
0070: 66 D4 0D A6 49 B7 75 43   C4 84 0B 4B AC BD 16 76  f...I.uC...K...v
0080: 58 2B 07 85 E2 F1 44 15   1E 67 D1 3C 13 73 5A 2D  X+....D..g.<.sZ-
0090: D6 06 0B A1 D3 09 7E EF   88 F9 C3 0E A4 10 47 EA  ..............G.
00A0: 65 5D CD F0 39 EA 2F 59   1C 08 BC F9 CC 5B C9 BB  e]..9./Y.....[..
00B0: 2F 20 19 81 97 B5 21 BB   60 A4 39 08 6C 41 2A 51  / ....!.`.9.lA*Q
00C0: B1 C3 1A A3 8C F8 ED 67   D0 EE EC 52 01 2A E4 1E  .......g...R.*..
00D0: D2 B4 34 73 DC 7E 34 24   A9 4E 77 AD FD B3 77 0D  ..4s..4$.Nw...w.
00E0: C2 7A C0 65 F6 CC 11 9D   19 AA 59 13 C3 9D AD 5F  .z.e......Y...._
00F0: 61 E6 C2 18 F0 E5 A1 49   41 B5 EF 9E 91 0C 35 9C  a......IA.....5.

]
***
Found trusted certificate:
[
[
  Version: V3
  Subject: CN=localhost, OU=ZooKeeper, O=Apache, L=Unknown, ST=Unknown, C=Unknown
  Signature Algorithm: SHA256withRSA, OID = 1.2.840.113549.1.1.11

  Key:  Sun RSA public key, 2048 bits
  params: null
  modulus: 20466894428749997265095448870198652391311568515891366224735448896044144250313384062095901217219702596717622583159291680947094046474456586662132842412743846124470020097713679685492900855417800931365512472314155689881392853768001073664569106127795833231344696659209258027979401908711647617989508135190248980524852215540637603770017238536229773075995665111861820945008718990948857303373661769409475939971958531493423489844433566328219155461676589360491136984327342101195255797973694339642711115427623510874675394946293706606142706174397483349590050687482693164890194014220011640037490528845185364811025836034294701994387
  public exponent: 65537
  Validity: [From: Sat Jan 31 02:57:30 CST 2015,
               To: Wed Feb 08 02:57:30 CST 3015]
  Issuer: CN=localhost, OU=ZooKeeper, O=Apache, L=Unknown, ST=Unknown, C=Unknown
  SerialNumber: [    7334b506]

Certificate Extensions: 1
[1]: ObjectId: 2.5.29.14 Criticality=false
SubjectKeyIdentifier [
KeyIdentifier [
0000: 65 D7 B4 E0 27 45 7A 00   58 2F AD D5 0B 64 2D 77  e...'Ez.X/...d-w
0010: 88 F7 AA F5                                        ....
]
]

]
  Algorithm: [SHA256withRSA]
  Signature:
0000: 1B C8 6B 36 83 1D 28 37   5C 1F 7D F6 C6 84 A0 BF  ..k6..(7\.......
0010: CA C0 47 CF C5 34 70 7A   CF 6B EA 34 84 BE 08 7A  ..G..4pz.k.4...z
0020: 98 E6 3D ED 1D E2 6F 06   DB 23 AB 41 AD D5 DF 1D  ..=...o..#.A....
0030: 92 F4 9D 05 FD 7C EE BE   4A 87 B8 F1 FE F4 5B 79  ........J.....[y
0040: DC AD F7 44 3D 67 08 7A   3B 91 D7 5A 79 44 96 D7  ...D=g.z;..ZyD..
0050: BE 0E 41 C8 64 E3 87 C3   28 11 AB DC 36 F5 B0 AC  ..A.d...(...6...
0060: BD 2F 16 1D 6E A1 52 25   5A EC 6F AD 20 71 5A 1B  ./..n.R%Z.o. qZ.
0070: 66 D4 0D A6 49 B7 75 43   C4 84 0B 4B AC BD 16 76  f...I.uC...K...v
0080: 58 2B 07 85 E2 F1 44 15   1E 67 D1 3C 13 73 5A 2D  X+....D..g.<.sZ-
0090: D6 06 0B A1 D3 09 7E EF   88 F9 C3 0E A4 10 47 EA  ..............G.
00A0: 65 5D CD F0 39 EA 2F 59   1C 08 BC F9 CC 5B C9 BB  e]..9./Y.....[..
00B0: 2F 20 19 81 97 B5 21 BB   60 A4 39 08 6C 41 2A 51  / ....!.`.9.lA*Q
00C0: B1 C3 1A A3 8C F8 ED 67   D0 EE EC 52 01 2A E4 1E  .......g...R.*..
00D0: D2 B4 34 73 DC 7E 34 24   A9 4E 77 AD FD B3 77 0D  ..4s..4$.Nw...w.
00E0: C2 7A C0 65 F6 CC 11 9D   19 AA 59 13 C3 9D AD 5F  .z.e......Y...._
00F0: 61 E6 C2 18 F0 E5 A1 49   41 B5 EF 9E 91 0C 35 9C  a......IA.....5.

]
2020-06-22 14:07:05,079 [myid:127.0.0.1:30074] - ERROR [nioEventLoopGroup-9-1:ZKTrustManager@161] - Failed to verify host address: 127.0.0.1
javax.net.ssl.SSLPeerUnverifiedException: Certificate for <127.0.0.1> doesn't match common name of the certificate subject: localhost
	at org.apache.zookeeper.common.ZKHostnameVerifier.matchCN(ZKHostnameVerifier.java:238)
	at org.apache.zookeeper.common.ZKHostnameVerifier.verify(ZKHostnameVerifier.java:184)
	at org.apache.zookeeper.common.ZKTrustManager.performHostVerification(ZKTrustManager.java:151)
	at org.apache.zookeeper.common.ZKTrustManager.checkServerTrusted(ZKTrustManager.java:118)
	at sun.security.ssl.ClientHandshaker.serverCertificate(ClientHandshaker.java:1675)
	at sun.security.ssl.ClientHandshaker.processMessage(ClientHandshaker.java:226)
	at sun.security.ssl.Handshaker.processLoop(Handshaker.java:1082)
	at sun.security.ssl.Handshaker$1.run(Handshaker.java:1015)
	at sun.security.ssl.Handshaker$1.run(Handshaker.java:1012)
	at java.security.AccessController.doPrivileged(Native Method)
	at sun.security.ssl.Handshaker$DelegatedTask.run(Handshaker.java:1504)
	at io.netty.handler.ssl.SslHandler.runAllDelegatedTasks(SslHandler.java:1510)
	at io.netty.handler.ssl.SslHandler.runDelegatedTasks(SslHandler.java:1524)
	at io.netty.handler.ssl.SslHandler.unwrap(SslHandler.java:1408)
	at io.netty.handler.ssl.SslHandler.decodeJdkCompatible(SslHandler.java:1235)
	at io.netty.handler.ssl.SslHandler.decode(SslHandler.java:1282)
	at io.netty.handler.codec.ByteToMessageDecoder.decodeRemovalReentryProtection(ByteToMessageDecoder.java:498)
	at io.netty.handler.codec.ByteToMessageDecoder.callDecode(ByteToMessageDecoder.java:437)
	at io.netty.handler.codec.ByteToMessageDecoder.channelRead(ByteToMessageDecoder.java:276)
	at io.netty.channel.AbstractChannelHandlerContext.invokeChannelRead(AbstractChannelHandlerContext.java:379)
	at io.netty.channel.AbstractChannelHandlerContext.invokeChannelRead(AbstractChannelHandlerContext.java:365)
	at io.netty.channel.AbstractChannelHandlerContext.fireChannelRead(AbstractChannelHandlerContext.java:357)
	at io.netty.channel.DefaultChannelPipeline$HeadContext.channelRead(DefaultChannelPipeline.java:1410)
	at io.netty.channel.AbstractChannelHandlerContext.invokeChannelRead(AbstractChannelHandlerContext.java:379)
	at io.netty.channel.AbstractChannelHandlerContext.invokeChannelRead(AbstractChannelHandlerContext.java:365)
	at io.netty.channel.DefaultChannelPipeline.fireChannelRead(DefaultChannelPipeline.java:919)
	at io.netty.channel.nio.AbstractNioByteChannel$NioByteUnsafe.read(AbstractNioByteChannel.java:163)
	at io.netty.channel.nio.NioEventLoop.processSelectedKey(NioEventLoop.java:714)
	at io.netty.channel.nio.NioEventLoop.processSelectedKeysOptimized(NioEventLoop.java:650)
	at io.netty.channel.nio.NioEventLoop.processSelectedKeys(NioEventLoop.java:576)
	at io.netty.channel.nio.NioEventLoop.run(NioEventLoop.java:493)
	at io.netty.util.concurrent.SingleThreadEventExecutor$4.run(SingleThreadEventExecutor.java:989)
	at io.netty.util.internal.ThreadExecutorMap$2.run(ThreadExecutorMap.java:74)
	at io.netty.util.concurrent.FastThreadLocalRunnable.run(FastThreadLocalRunnable.java:30)
	at java.lang.Thread.run(Thread.java:748)
2020-06-22 14:07:05,079 [myid:127.0.0.1:30074] - ERROR [nioEventLoopGroup-9-1:ZKTrustManager@162] - Failed to verify hostname: activate.navicat.com
javax.net.ssl.SSLPeerUnverifiedException: Certificate for <activate.navicat.com> doesn't match common name of the certificate subject: localhost
	at org.apache.zookeeper.common.ZKHostnameVerifier.matchCN(ZKHostnameVerifier.java:238)
	at org.apache.zookeeper.common.ZKHostnameVerifier.verify(ZKHostnameVerifier.java:184)
	at org.apache.zookeeper.common.ZKTrustManager.performHostVerification(ZKTrustManager.java:159)
	at org.apache.zookeeper.common.ZKTrustManager.checkServerTrusted(ZKTrustManager.java:118)
	at sun.security.ssl.ClientHandshaker.serverCertificate(ClientHandshaker.java:1675)
	at sun.security.ssl.ClientHandshaker.processMessage(ClientHandshaker.java:226)
	at sun.security.ssl.Handshaker.processLoop(Handshaker.java:1082)
	at sun.security.ssl.Handshaker$1.run(Handshaker.java:1015)
	at sun.security.ssl.Handshaker$1.run(Handshaker.java:1012)
	at java.security.AccessController.doPrivileged(Native Method)
	at sun.security.ssl.Handshaker$DelegatedTask.run(Handshaker.java:1504)
	at io.netty.handler.ssl.SslHandler.runAllDelegatedTasks(SslHandler.java:1510)
	at io.netty.handler.ssl.SslHandler.runDelegatedTasks(SslHandler.java:1524)
	at io.netty.handler.ssl.SslHandler.unwrap(SslHandler.java:1408)
	at io.netty.handler.ssl.SslHandler.decodeJdkCompatible(SslHandler.java:1235)
	at io.netty.handler.ssl.SslHandler.decode(SslHandler.java:1282)
	at io.netty.handler.codec.ByteToMessageDecoder.decodeRemovalReentryProtection(ByteToMessageDecoder.java:498)
	at io.netty.handler.codec.ByteToMessageDecoder.callDecode(ByteToMessageDecoder.java:437)
	at io.netty.handler.codec.ByteToMessageDecoder.channelRead(ByteToMessageDecoder.java:276)
	at io.netty.channel.AbstractChannelHandlerContext.invokeChannelRead(AbstractChannelHandlerContext.java:379)
	at io.netty.channel.AbstractChannelHandlerContext.invokeChannelRead(AbstractChannelHandlerContext.java:365)
	at io.netty.channel.AbstractChannelHandlerContext.fireChannelRead(AbstractChannelHandlerContext.java:357)
	at io.netty.channel.DefaultChannelPipeline$HeadContext.channelRead(DefaultChannelPipeline.java:1410)
	at io.netty.channel.AbstractChannelHandlerContext.invokeChannelRead(AbstractChannelHandlerContext.java:379)
	at io.netty.channel.AbstractChannelHandlerContext.invokeChannelRead(AbstractChannelHandlerContext.java:365)
	at io.netty.channel.DefaultChannelPipeline.fireChannelRead(DefaultChannelPipeline.java:919)
	at io.netty.channel.nio.AbstractNioByteChannel$NioByteUnsafe.read(AbstractNioByteChannel.java:163)
	at io.netty.channel.nio.NioEventLoop.processSelectedKey(NioEventLoop.java:714)
	at io.netty.channel.nio.NioEventLoop.processSelectedKeysOptimized(NioEventLoop.java:650)
	at io.netty.channel.nio.NioEventLoop.processSelectedKeys(NioEventLoop.java:576)
	at io.netty.channel.nio.NioEventLoop.run(NioEventLoop.java:493)
	at io.netty.util.concurrent.SingleThreadEventExecutor$4.run(SingleThreadEventExecutor.java:989)
	at io.netty.util.internal.ThreadExecutorMap$2.run(ThreadExecutorMap.java:74)
	at io.netty.util.concurrent.FastThreadLocalRunnable.run(FastThreadLocalRunnable.java:30)
	at java.lang.Thread.run(Thread.java:748)
nioEventLoopGroup-9-1, fatal error: 46: General SSLEngine problem
java.security.cert.CertificateException: Failed to verify both host address and host name
%% Invalidated:  [Session-160, SSL_NULL_WITH_NULL_NULL]
%% Invalidated:  [Session-163, TLS_ECDHE_RSA_WITH_AES_256_CBC_SHA384]
nioEventLoopGroup-9-1, SEND TLSv1.2 ALERT:  fatal, description = certificate_unknown
nioEventLoopGroup-9-1, WRITE: TLSv1.2 Alert, length = 2
nioEventLoopGroup-9-1, fatal: engine already closed.  Rethrowing javax.net.ssl.SSLHandshakeException: General SSLEngine problem
nioEventLoopGroup-9-1, called closeOutbound()
nioEventLoopGroup-9-1, closeOutboundInternal()
nioEventLoopGroup-9-1, called closeInbound()
nioEventLoopGroup-9-1, fatal: engine already closed.  Rethrowing javax.net.ssl.SSLException: Inbound closed before receiving peer's close_notify: possible truncation attack?
nioEventLoopGroup-8-2, READ: TLSv1.2 Alert, length = 2
nioEventLoopGroup-8-2, RECV TLSv1.2 ALERT:  fatal, certificate_unknown
nioEventLoopGroup-8-2, fatal: engine already closed.  Rethrowing javax.net.ssl.SSLException: Received fatal alert: certificate_unknown
nioEventLoopGroup-8-2, fatal: engine already closed.  Rethrowing javax.net.ssl.SSLException: Received fatal alert: certificate_unknown
2020-06-22 14:07:05,080 [myid:] - ERROR [nioEventLoopGroup-8-2:NettyServerCnxnFactory$CertificateVerifier@434] - Unsuccessful handshake with session 0x0
nioEventLoopGroup-8-2, called closeOutbound()
nioEventLoopGroup-8-2, closeOutboundInternal()
nioEventLoopGroup-8-2, SEND TLSv1.2 ALERT:  warning, description = close_notify
nioEventLoopGroup-8-2, WRITE: TLSv1.2 Alert, length = 2
nioEventLoopGroup-8-2, called closeInbound()
nioEventLoopGroup-8-2, fatal: engine already closed.  Rethrowing javax.net.ssl.SSLException: Inbound closed before receiving peer's close_notify: possible truncation attack?
2020-06-22 14:07:05,080 [myid:127.0.0.1:30074] - ERROR [nioEventLoopGroup-9-1:ClientCnxnSocketNetty$ZKClientHandler@522] - Unexpected throwable
io.netty.handler.codec.DecoderException: javax.net.ssl.SSLHandshakeException: General SSLEngine problem
	at io.netty.handler.codec.ByteToMessageDecoder.callDecode(ByteToMessageDecoder.java:468)
	at io.netty.handler.codec.ByteToMessageDecoder.channelRead(ByteToMessageDecoder.java:276)
	at io.netty.channel.AbstractChannelHandlerContext.invokeChannelRead(AbstractChannelHandlerContext.java:379)
	at io.netty.channel.AbstractChannelHandlerContext.invokeChannelRead(AbstractChannelHandlerContext.java:365)
	at io.netty.channel.AbstractChannelHandlerContext.fireChannelRead(AbstractChannelHandlerContext.java:357)
	at io.netty.channel.DefaultChannelPipeline$HeadContext.channelRead(DefaultChannelPipeline.java:1410)
	at io.netty.channel.AbstractChannelHandlerContext.invokeChannelRead(AbstractChannelHandlerContext.java:379)
	at io.netty.channel.AbstractChannelHandlerContext.invokeChannelRead(AbstractChannelHandlerContext.java:365)
	at io.netty.channel.DefaultChannelPipeline.fireChannelRead(DefaultChannelPipeline.java:919)
	at io.netty.channel.nio.AbstractNioByteChannel$NioByteUnsafe.read(AbstractNioByteChannel.java:163)
	at io.netty.channel.nio.NioEventLoop.processSelectedKey(NioEventLoop.java:714)
	at io.netty.channel.nio.NioEventLoop.processSelectedKeysOptimized(NioEventLoop.java:650)
	at io.netty.channel.nio.NioEventLoop.processSelectedKeys(NioEventLoop.java:576)
	at io.netty.channel.nio.NioEventLoop.run(NioEventLoop.java:493)
	at io.netty.util.concurrent.SingleThreadEventExecutor$4.run(SingleThreadEventExecutor.java:989)
	at io.netty.util.internal.ThreadExecutorMap$2.run(ThreadExecutorMap.java:74)
	at io.netty.util.concurrent.FastThreadLocalRunnable.run(FastThreadLocalRunnable.java:30)
	at java.lang.Thread.run(Thread.java:748)
Caused by: javax.net.ssl.SSLHandshakeException: General SSLEngine problem
	at sun.security.ssl.Handshaker.checkThrown(Handshaker.java:1566)
	at sun.security.ssl.SSLEngineImpl.checkTaskThrown(SSLEngineImpl.java:545)
	at sun.security.ssl.SSLEngineImpl.readNetRecord(SSLEngineImpl.java:819)
	at sun.security.ssl.SSLEngineImpl.unwrap(SSLEngineImpl.java:783)
	at javax.net.ssl.SSLEngine.unwrap(SSLEngine.java:626)
	at io.netty.handler.ssl.SslHandler$SslEngineType$3.unwrap(SslHandler.java:281)
	at io.netty.handler.ssl.SslHandler.unwrap(SslHandler.java:1340)
	at io.netty.handler.ssl.SslHandler.decodeJdkCompatible(SslHandler.java:1235)
	at io.netty.handler.ssl.SslHandler.decode(SslHandler.java:1282)
	at io.netty.handler.codec.ByteToMessageDecoder.decodeRemovalReentryProtection(ByteToMessageDecoder.java:498)
	at io.netty.handler.codec.ByteToMessageDecoder.callDecode(ByteToMessageDecoder.java:437)
	... 17 more
Caused by: javax.net.ssl.SSLHandshakeException: General SSLEngine problem
	at sun.security.ssl.Alerts.getSSLException(Alerts.java:198)
	at sun.security.ssl.SSLEngineImpl.fatal(SSLEngineImpl.java:1729)
	at sun.security.ssl.Handshaker.fatalSE(Handshaker.java:333)
	at sun.security.ssl.Handshaker.fatalSE(Handshaker.java:325)
	at sun.security.ssl.ClientHandshaker.serverCertificate(ClientHandshaker.java:1688)
	at sun.security.ssl.ClientHandshaker.processMessage(ClientHandshaker.java:226)
	at sun.security.ssl.Handshaker.processLoop(Handshaker.java:1082)
	at sun.security.ssl.Handshaker$1.run(Handshaker.java:1015)
	at sun.security.ssl.Handshaker$1.run(Handshaker.java:1012)
	at java.security.AccessController.doPrivileged(Native Method)
	at sun.security.ssl.Handshaker$DelegatedTask.run(Handshaker.java:1504)
	at io.netty.handler.ssl.SslHandler.runAllDelegatedTasks(SslHandler.java:1510)
	at io.netty.handler.ssl.SslHandler.runDelegatedTasks(SslHandler.java:1524)
	at io.netty.handler.ssl.SslHandler.unwrap(SslHandler.java:1408)
	... 21 more
Caused by: java.security.cert.CertificateException: Failed to verify both host address and host name
	at org.apache.zookeeper.common.ZKTrustManager.performHostVerification(ZKTrustManager.java:163)
	at org.apache.zookeeper.common.ZKTrustManager.checkServerTrusted(ZKTrustManager.java:118)
	at sun.security.ssl.ClientHandshaker.serverCertificate(ClientHandshaker.java:1675)
	... 30 more
Caused by: javax.net.ssl.SSLPeerUnverifiedException: Certificate for <activate.navicat.com> doesn't match common name of the certificate subject: localhost
	at org.apache.zookeeper.common.ZKHostnameVerifier.matchCN(ZKHostnameVerifier.java:238)
	at org.apache.zookeeper.common.ZKHostnameVerifier.verify(ZKHostnameVerifier.java:184)
	at org.apache.zookeeper.common.ZKTrustManager.performHostVerification(ZKTrustManager.java:159)
	... 32 more
2020-06-22 14:07:05,080 [myid:127.0.0.1:30074] - INFO  [nioEventLoopGroup-9-1:ClientCnxnSocketNetty@249] - channel is told closing
nioEventLoopGroup-9-1, called closeOutbound()
nioEventLoopGroup-9-1, closeOutboundInternal()
2020-06-22 14:07:05,080 [myid:127.0.0.1:30074] - WARN  [main-SendThread(127.0.0.1:30074):ClientCnxn$SendThread@1272] - Session 0x0 for sever activate.navicat.com/127.0.0.1:30074, Closing socket connection. Attempting reconnect except it is a SessionExpiredException.
EndOfStreamException: channel for sessionid 0x0 is lost
	at org.apache.zookeeper.ClientCnxnSocketNetty.doTransport(ClientCnxnSocketNetty.java:285)
	at org.apache.zookeeper.ClientCnxn$SendThread.run(ClientCnxn.java:1262)
2020-06-22 14:07:05,080 [myid:] - WARN  [nioEventLoopGroup-8-2:NettyServerCnxnFactory$CnxnChannelHandler@273] - Exception caught
io.netty.handler.codec.DecoderException: javax.net.ssl.SSLException: Received fatal alert: certificate_unknown
	at io.netty.handler.codec.ByteToMessageDecoder.callDecode(ByteToMessageDecoder.java:468)
	at io.netty.handler.codec.ByteToMessageDecoder.channelRead(ByteToMessageDecoder.java:276)
	at io.netty.channel.AbstractChannelHandlerContext.invokeChannelRead(AbstractChannelHandlerContext.java:379)
	at io.netty.channel.AbstractChannelHandlerContext.invokeChannelRead(AbstractChannelHandlerContext.java:365)
	at io.netty.channel.AbstractChannelHandlerContext.fireChannelRead(AbstractChannelHandlerContext.java:357)
	at io.netty.channel.DefaultChannelPipeline$HeadContext.channelRead(DefaultChannelPipeline.java:1410)
	at io.netty.channel.AbstractChannelHandlerContext.invokeChannelRead(AbstractChannelHandlerContext.java:379)
	at io.netty.channel.AbstractChannelHandlerContext.invokeChannelRead(AbstractChannelHandlerContext.java:365)
	at io.netty.channel.DefaultChannelPipeline.fireChannelRead(DefaultChannelPipeline.java:919)
	at io.netty.channel.nio.AbstractNioByteChannel$NioByteUnsafe.read(AbstractNioByteChannel.java:163)
	at io.netty.channel.nio.NioEventLoop.processSelectedKey(NioEventLoop.java:714)
	at io.netty.channel.nio.NioEventLoop.processSelectedKeysOptimized(NioEventLoop.java:650)
	at io.netty.channel.nio.NioEventLoop.processSelectedKeys(NioEventLoop.java:576)
	at io.netty.channel.nio.NioEventLoop.run(NioEventLoop.java:493)
	at io.netty.util.concurrent.SingleThreadEventExecutor$4.run(SingleThreadEventExecutor.java:989)
	at io.netty.util.internal.ThreadExecutorMap$2.run(ThreadExecutorMap.java:74)
	at io.netty.util.concurrent.FastThreadLocalRunnable.run(FastThreadLocalRunnable.java:30)
	at java.lang.Thread.run(Thread.java:748)
Caused by: javax.net.ssl.SSLException: Received fatal alert: certificate_unknown
	at sun.security.ssl.Alerts.getSSLException(Alerts.java:214)
	at sun.security.ssl.SSLEngineImpl.fatal(SSLEngineImpl.java:1667)
	at sun.security.ssl.SSLEngineImpl.fatal(SSLEngineImpl.java:1635)
	at sun.security.ssl.SSLEngineImpl.recvAlert(SSLEngineImpl.java:1801)
	at sun.security.ssl.SSLEngineImpl.readRecord(SSLEngineImpl.java:1090)
	at sun.security.ssl.SSLEngineImpl.readNetRecord(SSLEngineImpl.java:913)
	at sun.security.ssl.SSLEngineImpl.unwrap(SSLEngineImpl.java:783)
	at javax.net.ssl.SSLEngine.unwrap(SSLEngine.java:626)
	at io.netty.handler.ssl.SslHandler$SslEngineType$3.unwrap(SslHandler.java:281)
	at io.netty.handler.ssl.SslHandler.unwrap(SslHandler.java:1340)
	at io.netty.handler.ssl.SslHandler.decodeJdkCompatible(SslHandler.java:1235)
	at io.netty.handler.ssl.SslHandler.decode(SslHandler.java:1282)
	at io.netty.handler.codec.ByteToMessageDecoder.decodeRemovalReentryProtection(ByteToMessageDecoder.java:498)
	at io.netty.handler.codec.ByteToMessageDecoder.callDecode(ByteToMessageDecoder.java:437)
	... 17 more
nioEventLoopGroup-8-2, called closeOutbound()
nioEventLoopGroup-8-2, closeOutboundInternal()
2020-06-22 14:07:05,081 [myid:127.0.0.1:30074] - INFO  [nioEventLoopGroup-9-1:ClientCnxnSocketNetty$ZKClientHandler@469] - channel is disconnected: [id: 0x511b6f44, L:/127.0.0.1:56881 ! R:activate.navicat.com/127.0.0.1:30074]
nioEventLoopGroup-8-2, READ: TLSv1.2 Alert, length = 2
nioEventLoopGroup-8-2, RECV TLSv1.2 ALERT:  fatal, certificate_unknown
nioEventLoopGroup-8-2, fatal: engine already closed.  Rethrowing javax.net.ssl.SSLException: Received fatal alert: certificate_unknown
nioEventLoopGroup-8-2, fatal: engine already closed.  Rethrowing javax.net.ssl.SSLException: Received fatal alert: certificate_unknown
nioEventLoopGroup-8-2, called closeOutbound()
nioEventLoopGroup-8-2, closeOutboundInternal()
nioEventLoopGroup-8-2, called closeInbound()
nioEventLoopGroup-8-2, closeInboundInternal()
nioEventLoopGroup-8-2, closeOutboundInternal()
2020-06-22 14:07:05,081 [myid:] - WARN  [nioEventLoopGroup-8-2:NettyServerCnxnFactory$CnxnChannelHandler@273] - Exception caught
io.netty.handler.codec.DecoderException: javax.net.ssl.SSLException: Received fatal alert: certificate_unknown
	at io.netty.handler.codec.ByteToMessageDecoder.callDecode(ByteToMessageDecoder.java:468)
	at io.netty.handler.codec.ByteToMessageDecoder.channelInputClosed(ByteToMessageDecoder.java:401)
	at io.netty.handler.codec.ByteToMessageDecoder.channelInputClosed(ByteToMessageDecoder.java:368)
	at io.netty.handler.codec.ByteToMessageDecoder.channelInactive(ByteToMessageDecoder.java:351)
	at io.netty.handler.ssl.SslHandler.channelInactive(SslHandler.java:1084)
	at io.netty.channel.AbstractChannelHandlerContext.invokeChannelInactive(AbstractChannelHandlerContext.java:262)
	at io.netty.channel.AbstractChannelHandlerContext.invokeChannelInactive(AbstractChannelHandlerContext.java:248)
	at io.netty.channel.AbstractChannelHandlerContext.fireChannelInactive(AbstractChannelHandlerContext.java:241)
	at io.netty.channel.DefaultChannelPipeline$HeadContext.channelInactive(DefaultChannelPipeline.java:1405)
	at io.netty.channel.AbstractChannelHandlerContext.invokeChannelInactive(AbstractChannelHandlerContext.java:262)
	at io.netty.channel.AbstractChannelHandlerContext.invokeChannelInactive(AbstractChannelHandlerContext.java:248)
	at io.netty.channel.DefaultChannelPipeline.fireChannelInactive(DefaultChannelPipeline.java:901)
	at io.netty.channel.AbstractChannel$AbstractUnsafe$8.run(AbstractChannel.java:818)
	at io.netty.util.concurrent.AbstractEventExecutor.safeExecute(AbstractEventExecutor.java:164)
	at io.netty.util.concurrent.SingleThreadEventExecutor.runAllTasks(SingleThreadEventExecutor.java:472)
	at io.netty.channel.nio.NioEventLoop.run(NioEventLoop.java:497)
	at io.netty.util.concurrent.SingleThreadEventExecutor$4.run(SingleThreadEventExecutor.java:989)
	at io.netty.util.internal.ThreadExecutorMap$2.run(ThreadExecutorMap.java:74)
	at io.netty.util.concurrent.FastThreadLocalRunnable.run(FastThreadLocalRunnable.java:30)
	at java.lang.Thread.run(Thread.java:748)
Caused by: javax.net.ssl.SSLException: Received fatal alert: certificate_unknown
	at sun.security.ssl.Alerts.getSSLException(Alerts.java:214)
	at sun.security.ssl.SSLEngineImpl.fatal(SSLEngineImpl.java:1667)
	at sun.security.ssl.SSLEngineImpl.fatal(SSLEngineImpl.java:1635)
	at sun.security.ssl.SSLEngineImpl.recvAlert(SSLEngineImpl.java:1801)
	at sun.security.ssl.SSLEngineImpl.readRecord(SSLEngineImpl.java:1090)
	at sun.security.ssl.SSLEngineImpl.readNetRecord(SSLEngineImpl.java:913)
	at sun.security.ssl.SSLEngineImpl.unwrap(SSLEngineImpl.java:783)
	at javax.net.ssl.SSLEngine.unwrap(SSLEngine.java:626)
	at io.netty.handler.ssl.SslHandler$SslEngineType$3.unwrap(SslHandler.java:281)
	at io.netty.handler.ssl.SslHandler.unwrap(SslHandler.java:1340)
	at io.netty.handler.ssl.SslHandler.decodeJdkCompatible(SslHandler.java:1235)
	at io.netty.handler.ssl.SslHandler.decode(SslHandler.java:1282)
	at io.netty.handler.codec.ByteToMessageDecoder.decodeRemovalReentryProtection(ByteToMessageDecoder.java:498)
	at io.netty.handler.codec.ByteToMessageDecoder.callDecode(ByteToMessageDecoder.java:437)
	... 19 more
2020-06-22 14:07:05,668 [myid:127.0.0.1:30073] - WARN  [nioEventLoopGroup-5-1:ClientCnxnSocketNetty$1@150] - future isn't success.
io.netty.channel.AbstractChannel$AnnotatedConnectException: Connection refused: no further information: activate.navicat.com/127.0.0.1:30073
Caused by: java.net.ConnectException: Connection refused: no further information
	at sun.nio.ch.SocketChannelImpl.checkConnect(Native Method)
	at sun.nio.ch.SocketChannelImpl.finishConnect(SocketChannelImpl.java:714)
	at io.netty.channel.socket.nio.NioSocketChannel.doFinishConnect(NioSocketChannel.java:330)
	at io.netty.channel.nio.AbstractNioChannel$AbstractNioUnsafe.finishConnect(AbstractNioChannel.java:334)
	at io.netty.channel.nio.NioEventLoop.processSelectedKey(NioEventLoop.java:702)
	at io.netty.channel.nio.NioEventLoop.processSelectedKeysOptimized(NioEventLoop.java:650)
	at io.netty.channel.nio.NioEventLoop.processSelectedKeys(NioEventLoop.java:576)
	at io.netty.channel.nio.NioEventLoop.run(NioEventLoop.java:493)
	at io.netty.util.concurrent.SingleThreadEventExecutor$4.run(SingleThreadEventExecutor.java:989)
	at io.netty.util.internal.ThreadExecutorMap$2.run(ThreadExecutorMap.java:74)
	at io.netty.util.concurrent.FastThreadLocalRunnable.run(FastThreadLocalRunnable.java:30)
	at java.lang.Thread.run(Thread.java:748)
nioEventLoopGroup-5-1, called closeOutbound()
nioEventLoopGroup-5-1, closeOutboundInternal()
2020-06-22 14:07:05,668 [myid:127.0.0.1:30073] - WARN  [main-SendThread(127.0.0.1:30073):ClientCnxn$SendThread@1272] - Session 0x0 for sever activate.navicat.com/127.0.0.1:30073, Closing socket connection. Attempting reconnect except it is a SessionExpiredException.
EndOfStreamException: channel for sessionid 0x0 is lost
	at org.apache.zookeeper.ClientCnxnSocketNetty.doTransport(ClientCnxnSocketNetty.java:285)
	at org.apache.zookeeper.ClientCnxn$SendThread.run(ClientCnxn.java:1262)
2020-06-22 14:07:06,269 [myid:127.0.0.1:30074] - INFO  [main-SendThread(127.0.0.1:30074):ClientCnxn$SendThread@1154] - Opening socket connection to server activate.navicat.com/127.0.0.1:30074.
2020-06-22 14:07:06,269 [myid:127.0.0.1:30074] - INFO  [main-SendThread(127.0.0.1:30074):ClientCnxn$SendThread@1156] - SASL config status: Will not attempt to authenticate using SASL (unknown error)
adding as trusted cert:
  Subject: CN=localhost, OU=ZooKeeper, O=Apache, L=Unknown, ST=Unknown, C=Unknown
  Issuer:  CN=localhost, OU=ZooKeeper, O=Apache, L=Unknown, ST=Unknown, C=Unknown
  Algorithm: RSA; Serial number: 0x7334b506
  Valid from Sat Jan 31 02:57:30 CST 2015 until Wed Feb 08 02:57:30 CST 3015

trigger seeding of SecureRandom
done seeding SecureRandom
Using SSLEngineImpl.
%% Initialized:  [Session-164, SSL_NULL_WITH_NULL_NULL]
2020-06-22 14:07:06,270 [myid:127.0.0.1:30074] - INFO  [nioEventLoopGroup-9-1:ClientCnxnSocketNetty$ZKClientPipelineFactory@454] - SSL handler added for channel: [id: 0xe8a05368]
2020-06-22 14:07:06,271 [myid:127.0.0.1:30074] - INFO  [nioEventLoopGroup-9-1:ClientCnxn$SendThread@986] - Socket connection established, initiating session, client: /127.0.0.1:56909, server: activate.navicat.com/127.0.0.1:30074
2020-06-22 14:07:06,271 [myid:127.0.0.1:30074] - INFO  [nioEventLoopGroup-9-1:ClientCnxnSocketNetty$1@184] - channel is connected: [id: 0xe8a05368, L:/127.0.0.1:56909 - R:activate.navicat.com/127.0.0.1:30074]
Allow unsafe renegotiation: false
Allow legacy hello messages: true
Is initial handshake: true
Is secure renegotiation: false
Ignoring unsupported cipher suite: TLS_ECDHE_ECDSA_WITH_AES_256_CBC_SHA384 for TLSv1
Ignoring unsupported cipher suite: TLS_ECDHE_RSA_WITH_AES_256_CBC_SHA384 for TLSv1
Ignoring unsupported cipher suite: TLS_RSA_WITH_AES_256_CBC_SHA256 for TLSv1
Ignoring unsupported cipher suite: TLS_ECDH_ECDSA_WITH_AES_256_CBC_SHA384 for TLSv1
Ignoring unsupported cipher suite: TLS_ECDH_RSA_WITH_AES_256_CBC_SHA384 for TLSv1
Ignoring unsupported cipher suite: TLS_DHE_RSA_WITH_AES_256_CBC_SHA256 for TLSv1
Ignoring unsupported cipher suite: TLS_DHE_DSS_WITH_AES_256_CBC_SHA256 for TLSv1
trigger seeding of SecureRandom
done seeding SecureRandom
Ignoring unsupported cipher suite: TLS_ECDHE_ECDSA_WITH_AES_256_CBC_SHA384 for TLSv1.1
Using SSLEngineImpl.
Ignoring unsupported cipher suite: TLS_ECDHE_RSA_WITH_AES_256_CBC_SHA384 for TLSv1.1
Ignoring unsupported cipher suite: TLS_RSA_WITH_AES_256_CBC_SHA256 for TLSv1.1
Ignoring unsupported cipher suite: TLS_ECDH_ECDSA_WITH_AES_256_CBC_SHA384 for TLSv1.1
Ignoring unsupported cipher suite: TLS_ECDH_RSA_WITH_AES_256_CBC_SHA384 for TLSv1.1
Ignoring unsupported cipher suite: TLS_DHE_RSA_WITH_AES_256_CBC_SHA256 for TLSv1.1
%% Initialized:  [Session-165, SSL_NULL_WITH_NULL_NULL]
Ignoring unsupported cipher suite: TLS_DHE_DSS_WITH_AES_256_CBC_SHA256 for TLSv1.1
%% No cached client session
update handshake state: client_hello[1]
upcoming handshake states: server_hello[2]
*** ClientHello, TLSv1.2
RandomCookie:  GMT: 1576028554 bytes = { 245, 148, 154, 202, 99, 131, 199, 0, 117, 111, 67, 227, 143, 121, 63, 136, 170, 79, 216, 43, 85, 153, 218, 161, 133, 201, 238, 33 }
Session ID:  {}
Cipher Suites: [TLS_ECDHE_ECDSA_WITH_AES_256_CBC_SHA384, TLS_ECDHE_RSA_WITH_AES_256_CBC_SHA384, TLS_RSA_WITH_AES_256_CBC_SHA256, TLS_ECDH_ECDSA_WITH_AES_256_CBC_SHA384, TLS_ECDH_RSA_WITH_AES_256_CBC_SHA384, TLS_DHE_RSA_WITH_AES_256_CBC_SHA256, TLS_DHE_DSS_WITH_AES_256_CBC_SHA256, TLS_ECDHE_ECDSA_WITH_AES_256_CBC_SHA, TLS_ECDHE_RSA_WITH_AES_256_CBC_SHA, TLS_RSA_WITH_AES_256_CBC_SHA, TLS_ECDH_ECDSA_WITH_AES_256_CBC_SHA, TLS_ECDH_RSA_WITH_AES_256_CBC_SHA, TLS_DHE_RSA_WITH_AES_256_CBC_SHA, TLS_DHE_DSS_WITH_AES_256_CBC_SHA, TLS_ECDHE_ECDSA_WITH_AES_128_CBC_SHA256, TLS_ECDHE_RSA_WITH_AES_128_CBC_SHA256, TLS_RSA_WITH_AES_128_CBC_SHA256, TLS_ECDH_ECDSA_WITH_AES_128_CBC_SHA256, TLS_ECDH_RSA_WITH_AES_128_CBC_SHA256, TLS_DHE_RSA_WITH_AES_128_CBC_SHA256, TLS_DHE_DSS_WITH_AES_128_CBC_SHA256, TLS_ECDHE_ECDSA_WITH_AES_128_CBC_SHA, TLS_ECDHE_RSA_WITH_AES_128_CBC_SHA, TLS_RSA_WITH_AES_128_CBC_SHA, TLS_ECDH_ECDSA_WITH_AES_128_CBC_SHA, TLS_ECDH_RSA_WITH_AES_128_CBC_SHA, TLS_DHE_RSA_WITH_AES_128_CBC_SHA, TLS_DHE_DSS_WITH_AES_128_CBC_SHA, TLS_ECDHE_ECDSA_WITH_AES_256_GCM_SHA384, TLS_ECDHE_ECDSA_WITH_AES_128_GCM_SHA256, TLS_ECDHE_RSA_WITH_AES_256_GCM_SHA384, TLS_RSA_WITH_AES_256_GCM_SHA384, TLS_ECDH_ECDSA_WITH_AES_256_GCM_SHA384, TLS_ECDH_RSA_WITH_AES_256_GCM_SHA384, TLS_DHE_RSA_WITH_AES_256_GCM_SHA384, TLS_DHE_DSS_WITH_AES_256_GCM_SHA384, TLS_ECDHE_RSA_WITH_AES_128_GCM_SHA256, TLS_RSA_WITH_AES_128_GCM_SHA256, TLS_ECDH_ECDSA_WITH_AES_128_GCM_SHA256, TLS_ECDH_RSA_WITH_AES_128_GCM_SHA256, TLS_DHE_RSA_WITH_AES_128_GCM_SHA256, TLS_DHE_DSS_WITH_AES_128_GCM_SHA256, TLS_EMPTY_RENEGOTIATION_INFO_SCSV]
Compression Methods:  { 0 }
Extension elliptic_curves, curve names: {secp256r1, secp384r1, secp521r1}
Extension ec_point_formats, formats: [uncompressed]
Extension signature_algorithms, signature_algorithms: SHA512withECDSA, SHA512withRSA, SHA384withECDSA, SHA384withRSA, SHA256withECDSA, SHA256withRSA, SHA256withDSA, SHA1withECDSA, SHA1withRSA, SHA1withDSA
Extension extended_master_secret
Extension server_name, server_name: [type=host_name (0), value=activate.navicat.com]
***
nioEventLoopGroup-9-1, WRITE: TLSv1.2 Handshake, length = 208
Allow unsafe renegotiation: false
Allow legacy hello messages: true
Is initial handshake: true
Is secure renegotiation: false
nioEventLoopGroup-8-3, READ: TLSv1.2 Handshake, length = 208
check handshake state: client_hello[1]
update handshake state: client_hello[1]
upcoming handshake states: server_hello[2]
*** ClientHello, TLSv1.2
RandomCookie:  GMT: 1576028554 bytes = { 245, 148, 154, 202, 99, 131, 199, 0, 117, 111, 67, 227, 143, 121, 63, 136, 170, 79, 216, 43, 85, 153, 218, 161, 133, 201, 238, 33 }
Session ID:  {}
Cipher Suites: [TLS_ECDHE_ECDSA_WITH_AES_256_CBC_SHA384, TLS_ECDHE_RSA_WITH_AES_256_CBC_SHA384, TLS_RSA_WITH_AES_256_CBC_SHA256, TLS_ECDH_ECDSA_WITH_AES_256_CBC_SHA384, TLS_ECDH_RSA_WITH_AES_256_CBC_SHA384, TLS_DHE_RSA_WITH_AES_256_CBC_SHA256, TLS_DHE_DSS_WITH_AES_256_CBC_SHA256, TLS_ECDHE_ECDSA_WITH_AES_256_CBC_SHA, TLS_ECDHE_RSA_WITH_AES_256_CBC_SHA, TLS_RSA_WITH_AES_256_CBC_SHA, TLS_ECDH_ECDSA_WITH_AES_256_CBC_SHA, TLS_ECDH_RSA_WITH_AES_256_CBC_SHA, TLS_DHE_RSA_WITH_AES_256_CBC_SHA, TLS_DHE_DSS_WITH_AES_256_CBC_SHA, TLS_ECDHE_ECDSA_WITH_AES_128_CBC_SHA256, TLS_ECDHE_RSA_WITH_AES_128_CBC_SHA256, TLS_RSA_WITH_AES_128_CBC_SHA256, TLS_ECDH_ECDSA_WITH_AES_128_CBC_SHA256, TLS_ECDH_RSA_WITH_AES_128_CBC_SHA256, TLS_DHE_RSA_WITH_AES_128_CBC_SHA256, TLS_DHE_DSS_WITH_AES_128_CBC_SHA256, TLS_ECDHE_ECDSA_WITH_AES_128_CBC_SHA, TLS_ECDHE_RSA_WITH_AES_128_CBC_SHA, TLS_RSA_WITH_AES_128_CBC_SHA, TLS_ECDH_ECDSA_WITH_AES_128_CBC_SHA, TLS_ECDH_RSA_WITH_AES_128_CBC_SHA, TLS_DHE_RSA_WITH_AES_128_CBC_SHA, TLS_DHE_DSS_WITH_AES_128_CBC_SHA, TLS_ECDHE_ECDSA_WITH_AES_256_GCM_SHA384, TLS_ECDHE_ECDSA_WITH_AES_128_GCM_SHA256, TLS_ECDHE_RSA_WITH_AES_256_GCM_SHA384, TLS_RSA_WITH_AES_256_GCM_SHA384, TLS_ECDH_ECDSA_WITH_AES_256_GCM_SHA384, TLS_ECDH_RSA_WITH_AES_256_GCM_SHA384, TLS_DHE_RSA_WITH_AES_256_GCM_SHA384, TLS_DHE_DSS_WITH_AES_256_GCM_SHA384, TLS_ECDHE_RSA_WITH_AES_128_GCM_SHA256, TLS_RSA_WITH_AES_128_GCM_SHA256, TLS_ECDH_ECDSA_WITH_AES_128_GCM_SHA256, TLS_ECDH_RSA_WITH_AES_128_GCM_SHA256, TLS_DHE_RSA_WITH_AES_128_GCM_SHA256, TLS_DHE_DSS_WITH_AES_128_GCM_SHA256, TLS_EMPTY_RENEGOTIATION_INFO_SCSV]
Compression Methods:  { 0 }
Extension elliptic_curves, curve names: {secp256r1, secp384r1, secp521r1}
Extension ec_point_formats, formats: [uncompressed]
Extension signature_algorithms, signature_algorithms: SHA512withECDSA, SHA512withRSA, SHA384withECDSA, SHA384withRSA, SHA256withECDSA, SHA256withRSA, SHA256withDSA, SHA1withECDSA, SHA1withRSA, SHA1withDSA
Extension extended_master_secret
Extension server_name, server_name: [type=host_name (0), value=activate.navicat.com]
***
%% Initialized:  [Session-166, SSL_NULL_WITH_NULL_NULL]
Standard ciphersuite chosen: TLS_ECDHE_RSA_WITH_AES_256_CBC_SHA384
%% Negotiating:  [Session-166, TLS_ECDHE_RSA_WITH_AES_256_CBC_SHA384]
*** ServerHello, TLSv1.2
RandomCookie:  GMT: 1576028554 bytes = { 91, 23, 44, 188, 28, 246, 25, 23, 41, 19, 169, 81, 16, 178, 136, 207, 71, 183, 98, 160, 180, 134, 22, 145, 176, 230, 158, 4 }
Session ID:  {94, 240, 74, 138, 75, 40, 237, 163, 158, 11, 213, 250, 95, 236, 134, 221, 65, 0, 224, 115, 16, 110, 229, 197, 60, 14, 17, 255, 193, 245, 136, 2}
Cipher Suite: TLS_ECDHE_RSA_WITH_AES_256_CBC_SHA384
Compression Method: 0
Extension renegotiation_info, renegotiated_connection: <empty>
Extension extended_master_secret
***
Cipher suite:  TLS_ECDHE_RSA_WITH_AES_256_CBC_SHA384
update handshake state: server_hello[2]
upcoming handshake states: server certificate[11]
upcoming handshake states: server_key_exchange[12](optional)
upcoming handshake states: certificate_request[13](optional)
upcoming handshake states: server_hello_done[14]
upcoming handshake states: client certificate[11](optional)
upcoming handshake states: client_key_exchange[16]
upcoming handshake states: certificate_verify[15](optional)
upcoming handshake states: client change_cipher_spec[-1]
upcoming handshake states: client finished[20]
upcoming handshake states: server change_cipher_spec[-1]
upcoming handshake states: server finished[20]
*** Certificate chain
chain [0] = [
[
  Version: V3
  Subject: CN=localhost, OU=ZooKeeper, O=Apache, L=Unknown, ST=Unknown, C=Unknown
  Signature Algorithm: SHA256withRSA, OID = 1.2.840.113549.1.1.11

  Key:  Sun RSA public key, 2048 bits
  params: null
  modulus: 20466894428749997265095448870198652391311568515891366224735448896044144250313384062095901217219702596717622583159291680947094046474456586662132842412743846124470020097713679685492900855417800931365512472314155689881392853768001073664569106127795833231344696659209258027979401908711647617989508135190248980524852215540637603770017238536229773075995665111861820945008718990948857303373661769409475939971958531493423489844433566328219155461676589360491136984327342101195255797973694339642711115427623510874675394946293706606142706174397483349590050687482693164890194014220011640037490528845185364811025836034294701994387
  public exponent: 65537
  Validity: [From: Sat Jan 31 02:57:30 CST 2015,
               To: Wed Feb 08 02:57:30 CST 3015]
  Issuer: CN=localhost, OU=ZooKeeper, O=Apache, L=Unknown, ST=Unknown, C=Unknown
  SerialNumber: [    7334b506]

Certificate Extensions: 1
[1]: ObjectId: 2.5.29.14 Criticality=false
SubjectKeyIdentifier [
KeyIdentifier [
0000: 65 D7 B4 E0 27 45 7A 00   58 2F AD D5 0B 64 2D 77  e...'Ez.X/...d-w
0010: 88 F7 AA F5                                        ....
]
]

]
  Algorithm: [SHA256withRSA]
  Signature:
0000: 1B C8 6B 36 83 1D 28 37   5C 1F 7D F6 C6 84 A0 BF  ..k6..(7\.......
0010: CA C0 47 CF C5 34 70 7A   CF 6B EA 34 84 BE 08 7A  ..G..4pz.k.4...z
0020: 98 E6 3D ED 1D E2 6F 06   DB 23 AB 41 AD D5 DF 1D  ..=...o..#.A....
0030: 92 F4 9D 05 FD 7C EE BE   4A 87 B8 F1 FE F4 5B 79  ........J.....[y
0040: DC AD F7 44 3D 67 08 7A   3B 91 D7 5A 79 44 96 D7  ...D=g.z;..ZyD..
0050: BE 0E 41 C8 64 E3 87 C3   28 11 AB DC 36 F5 B0 AC  ..A.d...(...6...
0060: BD 2F 16 1D 6E A1 52 25   5A EC 6F AD 20 71 5A 1B  ./..n.R%Z.o. qZ.
0070: 66 D4 0D A6 49 B7 75 43   C4 84 0B 4B AC BD 16 76  f...I.uC...K...v
0080: 58 2B 07 85 E2 F1 44 15   1E 67 D1 3C 13 73 5A 2D  X+....D..g.<.sZ-
0090: D6 06 0B A1 D3 09 7E EF   88 F9 C3 0E A4 10 47 EA  ..............G.
00A0: 65 5D CD F0 39 EA 2F 59   1C 08 BC F9 CC 5B C9 BB  e]..9./Y.....[..
00B0: 2F 20 19 81 97 B5 21 BB   60 A4 39 08 6C 41 2A 51  / ....!.`.9.lA*Q
00C0: B1 C3 1A A3 8C F8 ED 67   D0 EE EC 52 01 2A E4 1E  .......g...R.*..
00D0: D2 B4 34 73 DC 7E 34 24   A9 4E 77 AD FD B3 77 0D  ..4s..4$.Nw...w.
00E0: C2 7A C0 65 F6 CC 11 9D   19 AA 59 13 C3 9D AD 5F  .z.e......Y...._
00F0: 61 E6 C2 18 F0 E5 A1 49   41 B5 EF 9E 91 0C 35 9C  a......IA.....5.

]
***
update handshake state: certificate[11]
upcoming handshake states: server_key_exchange[12](optional)
upcoming handshake states: certificate_request[13](optional)
upcoming handshake states: server_hello_done[14]
upcoming handshake states: client certificate[11](optional)
upcoming handshake states: client_key_exchange[16]
upcoming handshake states: certificate_verify[15](optional)
upcoming handshake states: client change_cipher_spec[-1]
upcoming handshake states: client finished[20]
upcoming handshake states: server change_cipher_spec[-1]
upcoming handshake states: server finished[20]
*** ECDH ServerKeyExchange
Signature Algorithm SHA512withRSA
Server key: Sun EC public key, 256 bits
  public x coord: 72218011283563290339281130709003141505544875984127480825494330523529262214720
  public y coord: 68818153455200318793654595396560315993540680164447460094482514549885647580031
  parameters: secp256r1 [NIST P-256, X9.62 prime256v1] (1.2.840.10045.3.1.7)
update handshake state: server_key_exchange[12]
upcoming handshake states: certificate_request[13](optional)
upcoming handshake states: server_hello_done[14]
upcoming handshake states: client certificate[11](optional)
upcoming handshake states: client_key_exchange[16]
upcoming handshake states: certificate_verify[15](optional)
upcoming handshake states: client change_cipher_spec[-1]
upcoming handshake states: client finished[20]
upcoming handshake states: server change_cipher_spec[-1]
upcoming handshake states: server finished[20]
*** CertificateRequest
Cert Types: RSA, DSS, ECDSA
Supported Signature Algorithms: SHA512withECDSA, SHA512withRSA, SHA384withECDSA, SHA384withRSA, SHA256withECDSA, SHA256withRSA, SHA256withDSA, SHA1withECDSA, SHA1withRSA, SHA1withDSA
Cert Authorities:
<CN=localhost, OU=ZooKeeper, O=Apache, L=Unknown, ST=Unknown, C=Unknown>
update handshake state: unknown[13]
upcoming handshake states: server_hello_done[14]
upcoming handshake states: client certificate[11](optional)
upcoming handshake states: client_key_exchange[16]
upcoming handshake states: certificate_verify[15](optional)
upcoming handshake states: client change_cipher_spec[-1]
upcoming handshake states: client finished[20]
upcoming handshake states: server change_cipher_spec[-1]
upcoming handshake states: server finished[20]
*** ServerHelloDone
update handshake state: server_hello_done[14]
upcoming handshake states: client certificate[11](optional)
upcoming handshake states: client_key_exchange[16]
upcoming handshake states: certificate_verify[15](optional)
upcoming handshake states: client change_cipher_spec[-1]
upcoming handshake states: client finished[20]
upcoming handshake states: server change_cipher_spec[-1]
upcoming handshake states: server finished[20]
nioEventLoopGroup-8-3, WRITE: TLSv1.2 Handshake, length = 1478
nioEventLoopGroup-9-1, READ: TLSv1.2 Handshake, length = 1478
check handshake state: server_hello[2]
*** ServerHello, TLSv1.2
RandomCookie:  GMT: 1576028554 bytes = { 91, 23, 44, 188, 28, 246, 25, 23, 41, 19, 169, 81, 16, 178, 136, 207, 71, 183, 98, 160, 180, 134, 22, 145, 176, 230, 158, 4 }
Session ID:  {94, 240, 74, 138, 75, 40, 237, 163, 158, 11, 213, 250, 95, 236, 134, 221, 65, 0, 224, 115, 16, 110, 229, 197, 60, 14, 17, 255, 193, 245, 136, 2}
Cipher Suite: TLS_ECDHE_RSA_WITH_AES_256_CBC_SHA384
Compression Method: 0
Extension renegotiation_info, renegotiated_connection: <empty>
Extension extended_master_secret
***
%% Initialized:  [Session-167, TLS_ECDHE_RSA_WITH_AES_256_CBC_SHA384]
** TLS_ECDHE_RSA_WITH_AES_256_CBC_SHA384
update handshake state: server_hello[2]
upcoming handshake states: server certificate[11]
upcoming handshake states: server_key_exchange[12](optional)
upcoming handshake states: certificate_request[13](optional)
upcoming handshake states: server_hello_done[14]
upcoming handshake states: client certificate[11](optional)
upcoming handshake states: client_key_exchange[16]
upcoming handshake states: certificate_verify[15](optional)
upcoming handshake states: client change_cipher_spec[-1]
upcoming handshake states: client finished[20]
upcoming handshake states: server change_cipher_spec[-1]
upcoming handshake states: server finished[20]
check handshake state: certificate[11]
update handshake state: certificate[11]
upcoming handshake states: server_key_exchange[12](optional)
upcoming handshake states: certificate_request[13](optional)
upcoming handshake states: server_hello_done[14]
upcoming handshake states: client certificate[11](optional)
upcoming handshake states: client_key_exchange[16]
upcoming handshake states: certificate_verify[15](optional)
upcoming handshake states: client change_cipher_spec[-1]
upcoming handshake states: client finished[20]
upcoming handshake states: server change_cipher_spec[-1]
upcoming handshake states: server finished[20]
*** Certificate chain
chain [0] = [
[
  Version: V3
  Subject: CN=localhost, OU=ZooKeeper, O=Apache, L=Unknown, ST=Unknown, C=Unknown
  Signature Algorithm: SHA256withRSA, OID = 1.2.840.113549.1.1.11

  Key:  Sun RSA public key, 2048 bits
  params: null
  modulus: 20466894428749997265095448870198652391311568515891366224735448896044144250313384062095901217219702596717622583159291680947094046474456586662132842412743846124470020097713679685492900855417800931365512472314155689881392853768001073664569106127795833231344696659209258027979401908711647617989508135190248980524852215540637603770017238536229773075995665111861820945008718990948857303373661769409475939971958531493423489844433566328219155461676589360491136984327342101195255797973694339642711115427623510874675394946293706606142706174397483349590050687482693164890194014220011640037490528845185364811025836034294701994387
  public exponent: 65537
  Validity: [From: Sat Jan 31 02:57:30 CST 2015,
               To: Wed Feb 08 02:57:30 CST 3015]
  Issuer: CN=localhost, OU=ZooKeeper, O=Apache, L=Unknown, ST=Unknown, C=Unknown
  SerialNumber: [    7334b506]

Certificate Extensions: 1
[1]: ObjectId: 2.5.29.14 Criticality=false
SubjectKeyIdentifier [
KeyIdentifier [
0000: 65 D7 B4 E0 27 45 7A 00   58 2F AD D5 0B 64 2D 77  e...'Ez.X/...d-w
0010: 88 F7 AA F5                                        ....
]
]

]
  Algorithm: [SHA256withRSA]
  Signature:
0000: 1B C8 6B 36 83 1D 28 37   5C 1F 7D F6 C6 84 A0 BF  ..k6..(7\.......
0010: CA C0 47 CF C5 34 70 7A   CF 6B EA 34 84 BE 08 7A  ..G..4pz.k.4...z
0020: 98 E6 3D ED 1D E2 6F 06   DB 23 AB 41 AD D5 DF 1D  ..=...o..#.A....
0030: 92 F4 9D 05 FD 7C EE BE   4A 87 B8 F1 FE F4 5B 79  ........J.....[y
0040: DC AD F7 44 3D 67 08 7A   3B 91 D7 5A 79 44 96 D7  ...D=g.z;..ZyD..
0050: BE 0E 41 C8 64 E3 87 C3   28 11 AB DC 36 F5 B0 AC  ..A.d...(...6...
0060: BD 2F 16 1D 6E A1 52 25   5A EC 6F AD 20 71 5A 1B  ./..n.R%Z.o. qZ.
0070: 66 D4 0D A6 49 B7 75 43   C4 84 0B 4B AC BD 16 76  f...I.uC...K...v
0080: 58 2B 07 85 E2 F1 44 15   1E 67 D1 3C 13 73 5A 2D  X+....D..g.<.sZ-
0090: D6 06 0B A1 D3 09 7E EF   88 F9 C3 0E A4 10 47 EA  ..............G.
00A0: 65 5D CD F0 39 EA 2F 59   1C 08 BC F9 CC 5B C9 BB  e]..9./Y.....[..
00B0: 2F 20 19 81 97 B5 21 BB   60 A4 39 08 6C 41 2A 51  / ....!.`.9.lA*Q
00C0: B1 C3 1A A3 8C F8 ED 67   D0 EE EC 52 01 2A E4 1E  .......g...R.*..
00D0: D2 B4 34 73 DC 7E 34 24   A9 4E 77 AD FD B3 77 0D  ..4s..4$.Nw...w.
00E0: C2 7A C0 65 F6 CC 11 9D   19 AA 59 13 C3 9D AD 5F  .z.e......Y...._
00F0: 61 E6 C2 18 F0 E5 A1 49   41 B5 EF 9E 91 0C 35 9C  a......IA.....5.

]
***
Found trusted certificate:
[
[
  Version: V3
  Subject: CN=localhost, OU=ZooKeeper, O=Apache, L=Unknown, ST=Unknown, C=Unknown
  Signature Algorithm: SHA256withRSA, OID = 1.2.840.113549.1.1.11

  Key:  Sun RSA public key, 2048 bits
  params: null
  modulus: 20466894428749997265095448870198652391311568515891366224735448896044144250313384062095901217219702596717622583159291680947094046474456586662132842412743846124470020097713679685492900855417800931365512472314155689881392853768001073664569106127795833231344696659209258027979401908711647617989508135190248980524852215540637603770017238536229773075995665111861820945008718990948857303373661769409475939971958531493423489844433566328219155461676589360491136984327342101195255797973694339642711115427623510874675394946293706606142706174397483349590050687482693164890194014220011640037490528845185364811025836034294701994387
  public exponent: 65537
  Validity: [From: Sat Jan 31 02:57:30 CST 2015,
               To: Wed Feb 08 02:57:30 CST 3015]
  Issuer: CN=localhost, OU=ZooKeeper, O=Apache, L=Unknown, ST=Unknown, C=Unknown
  SerialNumber: [    7334b506]

Certificate Extensions: 1
[1]: ObjectId: 2.5.29.14 Criticality=false
SubjectKeyIdentifier [
KeyIdentifier [
0000: 65 D7 B4 E0 27 45 7A 00   58 2F AD D5 0B 64 2D 77  e...'Ez.X/...d-w
0010: 88 F7 AA F5                                        ....
]
]

]
  Algorithm: [SHA256withRSA]
  Signature:
0000: 1B C8 6B 36 83 1D 28 37   5C 1F 7D F6 C6 84 A0 BF  ..k6..(7\.......
0010: CA C0 47 CF C5 34 70 7A   CF 6B EA 34 84 BE 08 7A  ..G..4pz.k.4...z
0020: 98 E6 3D ED 1D E2 6F 06   DB 23 AB 41 AD D5 DF 1D  ..=...o..#.A....
0030: 92 F4 9D 05 FD 7C EE BE   4A 87 B8 F1 FE F4 5B 79  ........J.....[y
0040: DC AD F7 44 3D 67 08 7A   3B 91 D7 5A 79 44 96 D7  ...D=g.z;..ZyD..
0050: BE 0E 41 C8 64 E3 87 C3   28 11 AB DC 36 F5 B0 AC  ..A.d...(...6...
0060: BD 2F 16 1D 6E A1 52 25   5A EC 6F AD 20 71 5A 1B  ./..n.R%Z.o. qZ.
0070: 66 D4 0D A6 49 B7 75 43   C4 84 0B 4B AC BD 16 76  f...I.uC...K...v
0080: 58 2B 07 85 E2 F1 44 15   1E 67 D1 3C 13 73 5A 2D  X+....D..g.<.sZ-
0090: D6 06 0B A1 D3 09 7E EF   88 F9 C3 0E A4 10 47 EA  ..............G.
00A0: 65 5D CD F0 39 EA 2F 59   1C 08 BC F9 CC 5B C9 BB  e]..9./Y.....[..
00B0: 2F 20 19 81 97 B5 21 BB   60 A4 39 08 6C 41 2A 51  / ....!.`.9.lA*Q
00C0: B1 C3 1A A3 8C F8 ED 67   D0 EE EC 52 01 2A E4 1E  .......g...R.*..
00D0: D2 B4 34 73 DC 7E 34 24   A9 4E 77 AD FD B3 77 0D  ..4s..4$.Nw...w.
00E0: C2 7A C0 65 F6 CC 11 9D   19 AA 59 13 C3 9D AD 5F  .z.e......Y...._
00F0: 61 E6 C2 18 F0 E5 A1 49   41 B5 EF 9E 91 0C 35 9C  a......IA.....5.

]
2020-06-22 14:07:06,278 [myid:127.0.0.1:30074] - ERROR [nioEventLoopGroup-9-1:ZKTrustManager@161] - Failed to verify host address: 127.0.0.1
javax.net.ssl.SSLPeerUnverifiedException: Certificate for <127.0.0.1> doesn't match common name of the certificate subject: localhost
	at org.apache.zookeeper.common.ZKHostnameVerifier.matchCN(ZKHostnameVerifier.java:238)
	at org.apache.zookeeper.common.ZKHostnameVerifier.verify(ZKHostnameVerifier.java:184)
	at org.apache.zookeeper.common.ZKTrustManager.performHostVerification(ZKTrustManager.java:151)
	at org.apache.zookeeper.common.ZKTrustManager.checkServerTrusted(ZKTrustManager.java:118)
	at sun.security.ssl.ClientHandshaker.serverCertificate(ClientHandshaker.java:1675)
	at sun.security.ssl.ClientHandshaker.processMessage(ClientHandshaker.java:226)
	at sun.security.ssl.Handshaker.processLoop(Handshaker.java:1082)
	at sun.security.ssl.Handshaker$1.run(Handshaker.java:1015)
	at sun.security.ssl.Handshaker$1.run(Handshaker.java:1012)
	at java.security.AccessController.doPrivileged(Native Method)
	at sun.security.ssl.Handshaker$DelegatedTask.run(Handshaker.java:1504)
	at io.netty.handler.ssl.SslHandler.runAllDelegatedTasks(SslHandler.java:1510)
	at io.netty.handler.ssl.SslHandler.runDelegatedTasks(SslHandler.java:1524)
	at io.netty.handler.ssl.SslHandler.unwrap(SslHandler.java:1408)
	at io.netty.handler.ssl.SslHandler.decodeJdkCompatible(SslHandler.java:1235)
	at io.netty.handler.ssl.SslHandler.decode(SslHandler.java:1282)
	at io.netty.handler.codec.ByteToMessageDecoder.decodeRemovalReentryProtection(ByteToMessageDecoder.java:498)
	at io.netty.handler.codec.ByteToMessageDecoder.callDecode(ByteToMessageDecoder.java:437)
	at io.netty.handler.codec.ByteToMessageDecoder.channelRead(ByteToMessageDecoder.java:276)
	at io.netty.channel.AbstractChannelHandlerContext.invokeChannelRead(AbstractChannelHandlerContext.java:379)
	at io.netty.channel.AbstractChannelHandlerContext.invokeChannelRead(AbstractChannelHandlerContext.java:365)
	at io.netty.channel.AbstractChannelHandlerContext.fireChannelRead(AbstractChannelHandlerContext.java:357)
	at io.netty.channel.DefaultChannelPipeline$HeadContext.channelRead(DefaultChannelPipeline.java:1410)
	at io.netty.channel.AbstractChannelHandlerContext.invokeChannelRead(AbstractChannelHandlerContext.java:379)
	at io.netty.channel.AbstractChannelHandlerContext.invokeChannelRead(AbstractChannelHandlerContext.java:365)
	at io.netty.channel.DefaultChannelPipeline.fireChannelRead(DefaultChannelPipeline.java:919)
	at io.netty.channel.nio.AbstractNioByteChannel$NioByteUnsafe.read(AbstractNioByteChannel.java:163)
	at io.netty.channel.nio.NioEventLoop.processSelectedKey(NioEventLoop.java:714)
	at io.netty.channel.nio.NioEventLoop.processSelectedKeysOptimized(NioEventLoop.java:650)
	at io.netty.channel.nio.NioEventLoop.processSelectedKeys(NioEventLoop.java:576)
	at io.netty.channel.nio.NioEventLoop.run(NioEventLoop.java:493)
	at io.netty.util.concurrent.SingleThreadEventExecutor$4.run(SingleThreadEventExecutor.java:989)
	at io.netty.util.internal.ThreadExecutorMap$2.run(ThreadExecutorMap.java:74)
	at io.netty.util.concurrent.FastThreadLocalRunnable.run(FastThreadLocalRunnable.java:30)
	at java.lang.Thread.run(Thread.java:748)
2020-06-22 14:07:06,279 [myid:127.0.0.1:30074] - ERROR [nioEventLoopGroup-9-1:ZKTrustManager@162] - Failed to verify hostname: activate.navicat.com
javax.net.ssl.SSLPeerUnverifiedException: Certificate for <activate.navicat.com> doesn't match common name of the certificate subject: localhost
	at org.apache.zookeeper.common.ZKHostnameVerifier.matchCN(ZKHostnameVerifier.java:238)
	at org.apache.zookeeper.common.ZKHostnameVerifier.verify(ZKHostnameVerifier.java:184)
	at org.apache.zookeeper.common.ZKTrustManager.performHostVerification(ZKTrustManager.java:159)
	at org.apache.zookeeper.common.ZKTrustManager.checkServerTrusted(ZKTrustManager.java:118)
	at sun.security.ssl.ClientHandshaker.serverCertificate(ClientHandshaker.java:1675)
	at sun.security.ssl.ClientHandshaker.processMessage(ClientHandshaker.java:226)
	at sun.security.ssl.Handshaker.processLoop(Handshaker.java:1082)
	at sun.security.ssl.Handshaker$1.run(Handshaker.java:1015)
	at sun.security.ssl.Handshaker$1.run(Handshaker.java:1012)
	at java.security.AccessController.doPrivileged(Native Method)
	at sun.security.ssl.Handshaker$DelegatedTask.run(Handshaker.java:1504)
	at io.netty.handler.ssl.SslHandler.runAllDelegatedTasks(SslHandler.java:1510)
	at io.netty.handler.ssl.SslHandler.runDelegatedTasks(SslHandler.java:1524)
	at io.netty.handler.ssl.SslHandler.unwrap(SslHandler.java:1408)
	at io.netty.handler.ssl.SslHandler.decodeJdkCompatible(SslHandler.java:1235)
	at io.netty.handler.ssl.SslHandler.decode(SslHandler.java:1282)
	at io.netty.handler.codec.ByteToMessageDecoder.decodeRemovalReentryProtection(ByteToMessageDecoder.java:498)
	at io.netty.handler.codec.ByteToMessageDecoder.callDecode(ByteToMessageDecoder.java:437)
	at io.netty.handler.codec.ByteToMessageDecoder.channelRead(ByteToMessageDecoder.java:276)
	at io.netty.channel.AbstractChannelHandlerContext.invokeChannelRead(AbstractChannelHandlerContext.java:379)
	at io.netty.channel.AbstractChannelHandlerContext.invokeChannelRead(AbstractChannelHandlerContext.java:365)
	at io.netty.channel.AbstractChannelHandlerContext.fireChannelRead(AbstractChannelHandlerContext.java:357)
	at io.netty.channel.DefaultChannelPipeline$HeadContext.channelRead(DefaultChannelPipeline.java:1410)
	at io.netty.channel.AbstractChannelHandlerContext.invokeChannelRead(AbstractChannelHandlerContext.java:379)
	at io.netty.channel.AbstractChannelHandlerContext.invokeChannelRead(AbstractChannelHandlerContext.java:365)
	at io.netty.channel.DefaultChannelPipeline.fireChannelRead(DefaultChannelPipeline.java:919)
	at io.netty.channel.nio.AbstractNioByteChannel$NioByteUnsafe.read(AbstractNioByteChannel.java:163)
	at io.netty.channel.nio.NioEventLoop.processSelectedKey(NioEventLoop.java:714)
	at io.netty.channel.nio.NioEventLoop.processSelectedKeysOptimized(NioEventLoop.java:650)
	at io.netty.channel.nio.NioEventLoop.processSelectedKeys(NioEventLoop.java:576)
	at io.netty.channel.nio.NioEventLoop.run(NioEventLoop.java:493)
	at io.netty.util.concurrent.SingleThreadEventExecutor$4.run(SingleThreadEventExecutor.java:989)
	at io.netty.util.internal.ThreadExecutorMap$2.run(ThreadExecutorMap.java:74)
	at io.netty.util.concurrent.FastThreadLocalRunnable.run(FastThreadLocalRunnable.java:30)
	at java.lang.Thread.run(Thread.java:748)
nioEventLoopGroup-9-1, fatal error: 46: General SSLEngine problem
java.security.cert.CertificateException: Failed to verify both host address and host name
%% Invalidated:  [Session-164, SSL_NULL_WITH_NULL_NULL]
%% Invalidated:  [Session-167, TLS_ECDHE_RSA_WITH_AES_256_CBC_SHA384]
nioEventLoopGroup-9-1, SEND TLSv1.2 ALERT:  fatal, description = certificate_unknown
nioEventLoopGroup-9-1, WRITE: TLSv1.2 Alert, length = 2
nioEventLoopGroup-9-1, fatal: engine already closed.  Rethrowing javax.net.ssl.SSLHandshakeException: General SSLEngine problem
nioEventLoopGroup-9-1, called closeOutbound()
nioEventLoopGroup-9-1, closeOutboundInternal()
nioEventLoopGroup-9-1, called closeInbound()
nioEventLoopGroup-9-1, fatal: engine already closed.  Rethrowing javax.net.ssl.SSLException: Inbound closed before receiving peer's close_notify: possible truncation attack?
nioEventLoopGroup-8-3, READ: TLSv1.2 Alert, length = 2
nioEventLoopGroup-8-3, RECV TLSv1.2 ALERT:  fatal, certificate_unknown
nioEventLoopGroup-8-3, fatal: engine already closed.  Rethrowing javax.net.ssl.SSLException: Received fatal alert: certificate_unknown
nioEventLoopGroup-8-3, fatal: engine already closed.  Rethrowing javax.net.ssl.SSLException: Received fatal alert: certificate_unknown
2020-06-22 14:07:06,280 [myid:] - ERROR [nioEventLoopGroup-8-3:NettyServerCnxnFactory$CertificateVerifier@434] - Unsuccessful handshake with session 0x0
nioEventLoopGroup-8-3, called closeOutbound()
nioEventLoopGroup-8-3, closeOutboundInternal()
nioEventLoopGroup-8-3, SEND TLSv1.2 ALERT:  warning, description = close_notify
nioEventLoopGroup-8-3, WRITE: TLSv1.2 Alert, length = 2
nioEventLoopGroup-8-3, called closeInbound()
nioEventLoopGroup-8-3, fatal: engine already closed.  Rethrowing javax.net.ssl.SSLException: Inbound closed before receiving peer's close_notify: possible truncation attack?
2020-06-22 14:07:06,280 [myid:127.0.0.1:30074] - ERROR [nioEventLoopGroup-9-1:ClientCnxnSocketNetty$ZKClientHandler@522] - Unexpected throwable
io.netty.handler.codec.DecoderException: javax.net.ssl.SSLHandshakeException: General SSLEngine problem
	at io.netty.handler.codec.ByteToMessageDecoder.callDecode(ByteToMessageDecoder.java:468)
	at io.netty.handler.codec.ByteToMessageDecoder.channelRead(ByteToMessageDecoder.java:276)
	at io.netty.channel.AbstractChannelHandlerContext.invokeChannelRead(AbstractChannelHandlerContext.java:379)
	at io.netty.channel.AbstractChannelHandlerContext.invokeChannelRead(AbstractChannelHandlerContext.java:365)
	at io.netty.channel.AbstractChannelHandlerContext.fireChannelRead(AbstractChannelHandlerContext.java:357)
	at io.netty.channel.DefaultChannelPipeline$HeadContext.channelRead(DefaultChannelPipeline.java:1410)
	at io.netty.channel.AbstractChannelHandlerContext.invokeChannelRead(AbstractChannelHandlerContext.java:379)
	at io.netty.channel.AbstractChannelHandlerContext.invokeChannelRead(AbstractChannelHandlerContext.java:365)
	at io.netty.channel.DefaultChannelPipeline.fireChannelRead(DefaultChannelPipeline.java:919)
	at io.netty.channel.nio.AbstractNioByteChannel$NioByteUnsafe.read(AbstractNioByteChannel.java:163)
	at io.netty.channel.nio.NioEventLoop.processSelectedKey(NioEventLoop.java:714)
	at io.netty.channel.nio.NioEventLoop.processSelectedKeysOptimized(NioEventLoop.java:650)
	at io.netty.channel.nio.NioEventLoop.processSelectedKeys(NioEventLoop.java:576)
	at io.netty.channel.nio.NioEventLoop.run(NioEventLoop.java:493)
	at io.netty.util.concurrent.SingleThreadEventExecutor$4.run(SingleThreadEventExecutor.java:989)
	at io.netty.util.internal.ThreadExecutorMap$2.run(ThreadExecutorMap.java:74)
	at io.netty.util.concurrent.FastThreadLocalRunnable.run(FastThreadLocalRunnable.java:30)
	at java.lang.Thread.run(Thread.java:748)
Caused by: javax.net.ssl.SSLHandshakeException: General SSLEngine problem
	at sun.security.ssl.Handshaker.checkThrown(Handshaker.java:1566)
	at sun.security.ssl.SSLEngineImpl.checkTaskThrown(SSLEngineImpl.java:545)
	at sun.security.ssl.SSLEngineImpl.readNetRecord(SSLEngineImpl.java:819)
	at sun.security.ssl.SSLEngineImpl.unwrap(SSLEngineImpl.java:783)
	at javax.net.ssl.SSLEngine.unwrap(SSLEngine.java:626)
	at io.netty.handler.ssl.SslHandler$SslEngineType$3.unwrap(SslHandler.java:281)
	at io.netty.handler.ssl.SslHandler.unwrap(SslHandler.java:1340)
	at io.netty.handler.ssl.SslHandler.decodeJdkCompatible(SslHandler.java:1235)
	at io.netty.handler.ssl.SslHandler.decode(SslHandler.java:1282)
	at io.netty.handler.codec.ByteToMessageDecoder.decodeRemovalReentryProtection(ByteToMessageDecoder.java:498)
	at io.netty.handler.codec.ByteToMessageDecoder.callDecode(ByteToMessageDecoder.java:437)
	... 17 more
Caused by: javax.net.ssl.SSLHandshakeException: General SSLEngine problem
	at sun.security.ssl.Alerts.getSSLException(Alerts.java:198)
	at sun.security.ssl.SSLEngineImpl.fatal(SSLEngineImpl.java:1729)
	at sun.security.ssl.Handshaker.fatalSE(Handshaker.java:333)
	at sun.security.ssl.Handshaker.fatalSE(Handshaker.java:325)
	at sun.security.ssl.ClientHandshaker.serverCertificate(ClientHandshaker.java:1688)
	at sun.security.ssl.ClientHandshaker.processMessage(ClientHandshaker.java:226)
	at sun.security.ssl.Handshaker.processLoop(Handshaker.java:1082)
	at sun.security.ssl.Handshaker$1.run(Handshaker.java:1015)
	at sun.security.ssl.Handshaker$1.run(Handshaker.java:1012)
	at java.security.AccessController.doPrivileged(Native Method)
	at sun.security.ssl.Handshaker$DelegatedTask.run(Handshaker.java:1504)
	at io.netty.handler.ssl.SslHandler.runAllDelegatedTasks(SslHandler.java:1510)
	at io.netty.handler.ssl.SslHandler.runDelegatedTasks(SslHandler.java:1524)
	at io.netty.handler.ssl.SslHandler.unwrap(SslHandler.java:1408)
	... 21 more
Caused by: java.security.cert.CertificateException: Failed to verify both host address and host name
	at org.apache.zookeeper.common.ZKTrustManager.performHostVerification(ZKTrustManager.java:163)
	at org.apache.zookeeper.common.ZKTrustManager.checkServerTrusted(ZKTrustManager.java:118)
	at sun.security.ssl.ClientHandshaker.serverCertificate(ClientHandshaker.java:1675)
	... 30 more
Caused by: javax.net.ssl.SSLPeerUnverifiedException: Certificate for <activate.navicat.com> doesn't match common name of the certificate subject: localhost
	at org.apache.zookeeper.common.ZKHostnameVerifier.matchCN(ZKHostnameVerifier.java:238)
	at org.apache.zookeeper.common.ZKHostnameVerifier.verify(ZKHostnameVerifier.java:184)
	at org.apache.zookeeper.common.ZKTrustManager.performHostVerification(ZKTrustManager.java:159)
	... 32 more
2020-06-22 14:07:06,280 [myid:127.0.0.1:30074] - INFO  [nioEventLoopGroup-9-1:ClientCnxnSocketNetty@249] - channel is told closing
nioEventLoopGroup-9-1, called closeOutbound()
nioEventLoopGroup-9-1, closeOutboundInternal()
2020-06-22 14:07:06,280 [myid:127.0.0.1:30074] - WARN  [main-SendThread(127.0.0.1:30074):ClientCnxn$SendThread@1272] - Session 0x0 for sever activate.navicat.com/127.0.0.1:30074, Closing socket connection. Attempting reconnect except it is a SessionExpiredException.
EndOfStreamException: channel for sessionid 0x0 is lost
	at org.apache.zookeeper.ClientCnxnSocketNetty.doTransport(ClientCnxnSocketNetty.java:285)
	at org.apache.zookeeper.ClientCnxn$SendThread.run(ClientCnxn.java:1262)
2020-06-22 14:07:06,280 [myid:] - WARN  [nioEventLoopGroup-8-3:NettyServerCnxnFactory$CnxnChannelHandler@273] - Exception caught
io.netty.handler.codec.DecoderException: javax.net.ssl.SSLException: Received fatal alert: certificate_unknown
	at io.netty.handler.codec.ByteToMessageDecoder.callDecode(ByteToMessageDecoder.java:468)
	at io.netty.handler.codec.ByteToMessageDecoder.channelRead(ByteToMessageDecoder.java:276)
	at io.netty.channel.AbstractChannelHandlerContext.invokeChannelRead(AbstractChannelHandlerContext.java:379)
	at io.netty.channel.AbstractChannelHandlerContext.invokeChannelRead(AbstractChannelHandlerContext.java:365)
	at io.netty.channel.AbstractChannelHandlerContext.fireChannelRead(AbstractChannelHandlerContext.java:357)
	at io.netty.channel.DefaultChannelPipeline$HeadContext.channelRead(DefaultChannelPipeline.java:1410)
	at io.netty.channel.AbstractChannelHandlerContext.invokeChannelRead(AbstractChannelHandlerContext.java:379)
	at io.netty.channel.AbstractChannelHandlerContext.invokeChannelRead(AbstractChannelHandlerContext.java:365)
	at io.netty.channel.DefaultChannelPipeline.fireChannelRead(DefaultChannelPipeline.java:919)
	at io.netty.channel.nio.AbstractNioByteChannel$NioByteUnsafe.read(AbstractNioByteChannel.java:163)
	at io.netty.channel.nio.NioEventLoop.processSelectedKey(NioEventLoop.java:714)
	at io.netty.channel.nio.NioEventLoop.processSelectedKeysOptimized(NioEventLoop.java:650)
	at io.netty.channel.nio.NioEventLoop.processSelectedKeys(NioEventLoop.java:576)
	at io.netty.channel.nio.NioEventLoop.run(NioEventLoop.java:493)
	at io.netty.util.concurrent.SingleThreadEventExecutor$4.run(SingleThreadEventExecutor.java:989)
	at io.netty.util.internal.ThreadExecutorMap$2.run(ThreadExecutorMap.java:74)
	at io.netty.util.concurrent.FastThreadLocalRunnable.run(FastThreadLocalRunnable.java:30)
	at java.lang.Thread.run(Thread.java:748)
Caused by: javax.net.ssl.SSLException: Received fatal alert: certificate_unknown
	at sun.security.ssl.Alerts.getSSLException(Alerts.java:214)
	at sun.security.ssl.SSLEngineImpl.fatal(SSLEngineImpl.java:1667)
	at sun.security.ssl.SSLEngineImpl.fatal(SSLEngineImpl.java:1635)
	at sun.security.ssl.SSLEngineImpl.recvAlert(SSLEngineImpl.java:1801)
	at sun.security.ssl.SSLEngineImpl.readRecord(SSLEngineImpl.java:1090)
	at sun.security.ssl.SSLEngineImpl.readNetRecord(SSLEngineImpl.java:913)
	at sun.security.ssl.SSLEngineImpl.unwrap(SSLEngineImpl.java:783)
	at javax.net.ssl.SSLEngine.unwrap(SSLEngine.java:626)
	at io.netty.handler.ssl.SslHandler$SslEngineType$3.unwrap(SslHandler.java:281)
	at io.netty.handler.ssl.SslHandler.unwrap(SslHandler.java:1340)
	at io.netty.handler.ssl.SslHandler.decodeJdkCompatible(SslHandler.java:1235)
	at io.netty.handler.ssl.SslHandler.decode(SslHandler.java:1282)
	at io.netty.handler.codec.ByteToMessageDecoder.decodeRemovalReentryProtection(ByteToMessageDecoder.java:498)
	at io.netty.handler.codec.ByteToMessageDecoder.callDecode(ByteToMessageDecoder.java:437)
	... 17 more
nioEventLoopGroup-8-3, called closeOutbound()
nioEventLoopGroup-8-3, closeOutboundInternal()
2020-06-22 14:07:06,280 [myid:127.0.0.1:30074] - INFO  [nioEventLoopGroup-9-1:ClientCnxnSocketNetty$ZKClientHandler@469] - channel is disconnected: [id: 0xe8a05368, L:/127.0.0.1:56909 ! R:activate.navicat.com/127.0.0.1:30074]
nioEventLoopGroup-8-3, READ: TLSv1.2 Alert, length = 2
nioEventLoopGroup-8-3, RECV TLSv1.2 ALERT:  fatal, certificate_unknown
nioEventLoopGroup-8-3, fatal: engine already closed.  Rethrowing javax.net.ssl.SSLException: Received fatal alert: certificate_unknown
nioEventLoopGroup-8-3, fatal: engine already closed.  Rethrowing javax.net.ssl.SSLException: Received fatal alert: certificate_unknown
nioEventLoopGroup-8-3, called closeOutbound()
nioEventLoopGroup-8-3, closeOutboundInternal()
nioEventLoopGroup-8-3, called closeInbound()
nioEventLoopGroup-8-3, closeInboundInternal()
nioEventLoopGroup-8-3, closeOutboundInternal()
2020-06-22 14:07:06,281 [myid:] - WARN  [nioEventLoopGroup-8-3:NettyServerCnxnFactory$CnxnChannelHandler@273] - Exception caught
io.netty.handler.codec.DecoderException: javax.net.ssl.SSLException: Received fatal alert: certificate_unknown
	at io.netty.handler.codec.ByteToMessageDecoder.callDecode(ByteToMessageDecoder.java:468)
	at io.netty.handler.codec.ByteToMessageDecoder.channelInputClosed(ByteToMessageDecoder.java:401)
	at io.netty.handler.codec.ByteToMessageDecoder.channelInputClosed(ByteToMessageDecoder.java:368)
	at io.netty.handler.codec.ByteToMessageDecoder.channelInactive(ByteToMessageDecoder.java:351)
	at io.netty.handler.ssl.SslHandler.channelInactive(SslHandler.java:1084)
	at io.netty.channel.AbstractChannelHandlerContext.invokeChannelInactive(AbstractChannelHandlerContext.java:262)
	at io.netty.channel.AbstractChannelHandlerContext.invokeChannelInactive(AbstractChannelHandlerContext.java:248)
	at io.netty.channel.AbstractChannelHandlerContext.fireChannelInactive(AbstractChannelHandlerContext.java:241)
	at io.netty.channel.DefaultChannelPipeline$HeadContext.channelInactive(DefaultChannelPipeline.java:1405)
	at io.netty.channel.AbstractChannelHandlerContext.invokeChannelInactive(AbstractChannelHandlerContext.java:262)
	at io.netty.channel.AbstractChannelHandlerContext.invokeChannelInactive(AbstractChannelHandlerContext.java:248)
	at io.netty.channel.DefaultChannelPipeline.fireChannelInactive(DefaultChannelPipeline.java:901)
	at io.netty.channel.AbstractChannel$AbstractUnsafe$8.run(AbstractChannel.java:818)
	at io.netty.util.concurrent.AbstractEventExecutor.safeExecute(AbstractEventExecutor.java:164)
	at io.netty.util.concurrent.SingleThreadEventExecutor.runAllTasks(SingleThreadEventExecutor.java:472)
	at io.netty.channel.nio.NioEventLoop.run(NioEventLoop.java:497)
	at io.netty.util.concurrent.SingleThreadEventExecutor$4.run(SingleThreadEventExecutor.java:989)
	at io.netty.util.internal.ThreadExecutorMap$2.run(ThreadExecutorMap.java:74)
	at io.netty.util.concurrent.FastThreadLocalRunnable.run(FastThreadLocalRunnable.java:30)
	at java.lang.Thread.run(Thread.java:748)
Caused by: javax.net.ssl.SSLException: Received fatal alert: certificate_unknown
	at sun.security.ssl.Alerts.getSSLException(Alerts.java:214)
	at sun.security.ssl.SSLEngineImpl.fatal(SSLEngineImpl.java:1667)
	at sun.security.ssl.SSLEngineImpl.fatal(SSLEngineImpl.java:1635)
	at sun.security.ssl.SSLEngineImpl.recvAlert(SSLEngineImpl.java:1801)
	at sun.security.ssl.SSLEngineImpl.readRecord(SSLEngineImpl.java:1090)
	at sun.security.ssl.SSLEngineImpl.readNetRecord(SSLEngineImpl.java:913)
	at sun.security.ssl.SSLEngineImpl.unwrap(SSLEngineImpl.java:783)
	at javax.net.ssl.SSLEngine.unwrap(SSLEngine.java:626)
	at io.netty.handler.ssl.SslHandler$SslEngineType$3.unwrap(SslHandler.java:281)
	at io.netty.handler.ssl.SslHandler.unwrap(SslHandler.java:1340)
	at io.netty.handler.ssl.SslHandler.decodeJdkCompatible(SslHandler.java:1235)
	at io.netty.handler.ssl.SslHandler.decode(SslHandler.java:1282)
	at io.netty.handler.codec.ByteToMessageDecoder.decodeRemovalReentryProtection(ByteToMessageDecoder.java:498)
	at io.netty.handler.codec.ByteToMessageDecoder.callDecode(ByteToMessageDecoder.java:437)
	... 19 more
2020-06-22 14:07:07,104 [myid:127.0.0.1:30073] - INFO  [main-SendThread(127.0.0.1:30073):ClientCnxn$SendThread@1154] - Opening socket connection to server activate.navicat.com/127.0.0.1:30073.
2020-06-22 14:07:07,104 [myid:127.0.0.1:30073] - INFO  [main-SendThread(127.0.0.1:30073):ClientCnxn$SendThread@1156] - SASL config status: Will not attempt to authenticate using SASL (unknown error)
adding as trusted cert:
  Subject: CN=localhost, OU=ZooKeeper, O=Apache, L=Unknown, ST=Unknown, C=Unknown
  Issuer:  CN=localhost, OU=ZooKeeper, O=Apache, L=Unknown, ST=Unknown, C=Unknown
  Algorithm: RSA; Serial number: 0x7334b506
  Valid from Sat Jan 31 02:57:30 CST 2015 until Wed Feb 08 02:57:30 CST 3015

trigger seeding of SecureRandom
done seeding SecureRandom
Using SSLEngineImpl.
%% Initialized:  [Session-168, SSL_NULL_WITH_NULL_NULL]
2020-06-22 14:07:07,105 [myid:127.0.0.1:30073] - INFO  [nioEventLoopGroup-5-1:ClientCnxnSocketNetty$ZKClientPipelineFactory@454] - SSL handler added for channel: [id: 0xf3b8c400]
2020-06-22 14:07:07,752 [myid:127.0.0.1:30074] - INFO  [main-SendThread(127.0.0.1:30074):ClientCnxn$SendThread@1154] - Opening socket connection to server activate.navicat.com/127.0.0.1:30074.
2020-06-22 14:07:07,752 [myid:127.0.0.1:30074] - INFO  [main-SendThread(127.0.0.1:30074):ClientCnxn$SendThread@1156] - SASL config status: Will not attempt to authenticate using SASL (unknown error)
adding as trusted cert:
  Subject: CN=localhost, OU=ZooKeeper, O=Apache, L=Unknown, ST=Unknown, C=Unknown
  Issuer:  CN=localhost, OU=ZooKeeper, O=Apache, L=Unknown, ST=Unknown, C=Unknown
  Algorithm: RSA; Serial number: 0x7334b506
  Valid from Sat Jan 31 02:57:30 CST 2015 until Wed Feb 08 02:57:30 CST 3015

trigger seeding of SecureRandom
done seeding SecureRandom
Using SSLEngineImpl.
%% Initialized:  [Session-169, SSL_NULL_WITH_NULL_NULL]
2020-06-22 14:07:07,753 [myid:127.0.0.1:30074] - INFO  [nioEventLoopGroup-9-1:ClientCnxnSocketNetty$ZKClientPipelineFactory@454] - SSL handler added for channel: [id: 0xa15ad2ed]
2020-06-22 14:07:07,753 [myid:127.0.0.1:30074] - INFO  [nioEventLoopGroup-9-1:ClientCnxn$SendThread@986] - Socket connection established, initiating session, client: /127.0.0.1:56927, server: activate.navicat.com/127.0.0.1:30074
2020-06-22 14:07:07,754 [myid:127.0.0.1:30074] - INFO  [nioEventLoopGroup-9-1:ClientCnxnSocketNetty$1@184] - channel is connected: [id: 0xa15ad2ed, L:/127.0.0.1:56927 - R:activate.navicat.com/127.0.0.1:30074]
Allow unsafe renegotiation: false
Allow legacy hello messages: true
Is initial handshake: true
Is secure renegotiation: false
trigger seeding of SecureRandom
done seeding SecureRandom
Ignoring unsupported cipher suite: TLS_ECDHE_ECDSA_WITH_AES_256_CBC_SHA384 for TLSv1
Ignoring unsupported cipher suite: TLS_ECDHE_RSA_WITH_AES_256_CBC_SHA384 for TLSv1
Ignoring unsupported cipher suite: TLS_RSA_WITH_AES_256_CBC_SHA256 for TLSv1
Ignoring unsupported cipher suite: TLS_ECDH_ECDSA_WITH_AES_256_CBC_SHA384 for TLSv1
Ignoring unsupported cipher suite: TLS_ECDH_RSA_WITH_AES_256_CBC_SHA384 for TLSv1
Ignoring unsupported cipher suite: TLS_DHE_RSA_WITH_AES_256_CBC_SHA256 for TLSv1
Using SSLEngineImpl.
Ignoring unsupported cipher suite: TLS_DHE_DSS_WITH_AES_256_CBC_SHA256 for TLSv1
%% Initialized:  [Session-170, SSL_NULL_WITH_NULL_NULL]
Ignoring unsupported cipher suite: TLS_ECDHE_ECDSA_WITH_AES_256_CBC_SHA384 for TLSv1.1
Ignoring unsupported cipher suite: TLS_ECDHE_RSA_WITH_AES_256_CBC_SHA384 for TLSv1.1
Ignoring unsupported cipher suite: TLS_RSA_WITH_AES_256_CBC_SHA256 for TLSv1.1
Ignoring unsupported cipher suite: TLS_ECDH_ECDSA_WITH_AES_256_CBC_SHA384 for TLSv1.1
Ignoring unsupported cipher suite: TLS_ECDH_RSA_WITH_AES_256_CBC_SHA384 for TLSv1.1
Ignoring unsupported cipher suite: TLS_DHE_RSA_WITH_AES_256_CBC_SHA256 for TLSv1.1
Ignoring unsupported cipher suite: TLS_DHE_DSS_WITH_AES_256_CBC_SHA256 for TLSv1.1
%% No cached client session
update handshake state: client_hello[1]
upcoming handshake states: server_hello[2]
*** ClientHello, TLSv1.2
RandomCookie:  GMT: 1576028555 bytes = { 63, 253, 107, 242, 247, 228, 3, 166, 38, 130, 196, 9, 107, 225, 249, 17, 190, 179, 111, 44, 169, 98, 63, 212, 180, 94, 183, 228 }
Session ID:  {}
Cipher Suites: [TLS_ECDHE_ECDSA_WITH_AES_256_CBC_SHA384, TLS_ECDHE_RSA_WITH_AES_256_CBC_SHA384, TLS_RSA_WITH_AES_256_CBC_SHA256, TLS_ECDH_ECDSA_WITH_AES_256_CBC_SHA384, TLS_ECDH_RSA_WITH_AES_256_CBC_SHA384, TLS_DHE_RSA_WITH_AES_256_CBC_SHA256, TLS_DHE_DSS_WITH_AES_256_CBC_SHA256, TLS_ECDHE_ECDSA_WITH_AES_256_CBC_SHA, TLS_ECDHE_RSA_WITH_AES_256_CBC_SHA, TLS_RSA_WITH_AES_256_CBC_SHA, TLS_ECDH_ECDSA_WITH_AES_256_CBC_SHA, TLS_ECDH_RSA_WITH_AES_256_CBC_SHA, TLS_DHE_RSA_WITH_AES_256_CBC_SHA, TLS_DHE_DSS_WITH_AES_256_CBC_SHA, TLS_ECDHE_ECDSA_WITH_AES_128_CBC_SHA256, TLS_ECDHE_RSA_WITH_AES_128_CBC_SHA256, TLS_RSA_WITH_AES_128_CBC_SHA256, TLS_ECDH_ECDSA_WITH_AES_128_CBC_SHA256, TLS_ECDH_RSA_WITH_AES_128_CBC_SHA256, TLS_DHE_RSA_WITH_AES_128_CBC_SHA256, TLS_DHE_DSS_WITH_AES_128_CBC_SHA256, TLS_ECDHE_ECDSA_WITH_AES_128_CBC_SHA, TLS_ECDHE_RSA_WITH_AES_128_CBC_SHA, TLS_RSA_WITH_AES_128_CBC_SHA, TLS_ECDH_ECDSA_WITH_AES_128_CBC_SHA, TLS_ECDH_RSA_WITH_AES_128_CBC_SHA, TLS_DHE_RSA_WITH_AES_128_CBC_SHA, TLS_DHE_DSS_WITH_AES_128_CBC_SHA, TLS_ECDHE_ECDSA_WITH_AES_256_GCM_SHA384, TLS_ECDHE_ECDSA_WITH_AES_128_GCM_SHA256, TLS_ECDHE_RSA_WITH_AES_256_GCM_SHA384, TLS_RSA_WITH_AES_256_GCM_SHA384, TLS_ECDH_ECDSA_WITH_AES_256_GCM_SHA384, TLS_ECDH_RSA_WITH_AES_256_GCM_SHA384, TLS_DHE_RSA_WITH_AES_256_GCM_SHA384, TLS_DHE_DSS_WITH_AES_256_GCM_SHA384, TLS_ECDHE_RSA_WITH_AES_128_GCM_SHA256, TLS_RSA_WITH_AES_128_GCM_SHA256, TLS_ECDH_ECDSA_WITH_AES_128_GCM_SHA256, TLS_ECDH_RSA_WITH_AES_128_GCM_SHA256, TLS_DHE_RSA_WITH_AES_128_GCM_SHA256, TLS_DHE_DSS_WITH_AES_128_GCM_SHA256, TLS_EMPTY_RENEGOTIATION_INFO_SCSV]
Compression Methods:  { 0 }
Extension elliptic_curves, curve names: {secp256r1, secp384r1, secp521r1}
Extension ec_point_formats, formats: [uncompressed]
Extension signature_algorithms, signature_algorithms: SHA512withECDSA, SHA512withRSA, SHA384withECDSA, SHA384withRSA, SHA256withECDSA, SHA256withRSA, SHA256withDSA, SHA1withECDSA, SHA1withRSA, SHA1withDSA
Extension extended_master_secret
Extension server_name, server_name: [type=host_name (0), value=activate.navicat.com]
***
nioEventLoopGroup-9-1, WRITE: TLSv1.2 Handshake, length = 208
Allow unsafe renegotiation: false
Allow legacy hello messages: true
Is initial handshake: true
Is secure renegotiation: false
nioEventLoopGroup-8-4, READ: TLSv1.2 Handshake, length = 208
check handshake state: client_hello[1]
update handshake state: client_hello[1]
upcoming handshake states: server_hello[2]
*** ClientHello, TLSv1.2
RandomCookie:  GMT: 1576028555 bytes = { 63, 253, 107, 242, 247, 228, 3, 166, 38, 130, 196, 9, 107, 225, 249, 17, 190, 179, 111, 44, 169, 98, 63, 212, 180, 94, 183, 228 }
Session ID:  {}
Cipher Suites: [TLS_ECDHE_ECDSA_WITH_AES_256_CBC_SHA384, TLS_ECDHE_RSA_WITH_AES_256_CBC_SHA384, TLS_RSA_WITH_AES_256_CBC_SHA256, TLS_ECDH_ECDSA_WITH_AES_256_CBC_SHA384, TLS_ECDH_RSA_WITH_AES_256_CBC_SHA384, TLS_DHE_RSA_WITH_AES_256_CBC_SHA256, TLS_DHE_DSS_WITH_AES_256_CBC_SHA256, TLS_ECDHE_ECDSA_WITH_AES_256_CBC_SHA, TLS_ECDHE_RSA_WITH_AES_256_CBC_SHA, TLS_RSA_WITH_AES_256_CBC_SHA, TLS_ECDH_ECDSA_WITH_AES_256_CBC_SHA, TLS_ECDH_RSA_WITH_AES_256_CBC_SHA, TLS_DHE_RSA_WITH_AES_256_CBC_SHA, TLS_DHE_DSS_WITH_AES_256_CBC_SHA, TLS_ECDHE_ECDSA_WITH_AES_128_CBC_SHA256, TLS_ECDHE_RSA_WITH_AES_128_CBC_SHA256, TLS_RSA_WITH_AES_128_CBC_SHA256, TLS_ECDH_ECDSA_WITH_AES_128_CBC_SHA256, TLS_ECDH_RSA_WITH_AES_128_CBC_SHA256, TLS_DHE_RSA_WITH_AES_128_CBC_SHA256, TLS_DHE_DSS_WITH_AES_128_CBC_SHA256, TLS_ECDHE_ECDSA_WITH_AES_128_CBC_SHA, TLS_ECDHE_RSA_WITH_AES_128_CBC_SHA, TLS_RSA_WITH_AES_128_CBC_SHA, TLS_ECDH_ECDSA_WITH_AES_128_CBC_SHA, TLS_ECDH_RSA_WITH_AES_128_CBC_SHA, TLS_DHE_RSA_WITH_AES_128_CBC_SHA, TLS_DHE_DSS_WITH_AES_128_CBC_SHA, TLS_ECDHE_ECDSA_WITH_AES_256_GCM_SHA384, TLS_ECDHE_ECDSA_WITH_AES_128_GCM_SHA256, TLS_ECDHE_RSA_WITH_AES_256_GCM_SHA384, TLS_RSA_WITH_AES_256_GCM_SHA384, TLS_ECDH_ECDSA_WITH_AES_256_GCM_SHA384, TLS_ECDH_RSA_WITH_AES_256_GCM_SHA384, TLS_DHE_RSA_WITH_AES_256_GCM_SHA384, TLS_DHE_DSS_WITH_AES_256_GCM_SHA384, TLS_ECDHE_RSA_WITH_AES_128_GCM_SHA256, TLS_RSA_WITH_AES_128_GCM_SHA256, TLS_ECDH_ECDSA_WITH_AES_128_GCM_SHA256, TLS_ECDH_RSA_WITH_AES_128_GCM_SHA256, TLS_DHE_RSA_WITH_AES_128_GCM_SHA256, TLS_DHE_DSS_WITH_AES_128_GCM_SHA256, TLS_EMPTY_RENEGOTIATION_INFO_SCSV]
Compression Methods:  { 0 }
Extension elliptic_curves, curve names: {secp256r1, secp384r1, secp521r1}
Extension ec_point_formats, formats: [uncompressed]
Extension signature_algorithms, signature_algorithms: SHA512withECDSA, SHA512withRSA, SHA384withECDSA, SHA384withRSA, SHA256withECDSA, SHA256withRSA, SHA256withDSA, SHA1withECDSA, SHA1withRSA, SHA1withDSA
Extension extended_master_secret
Extension server_name, server_name: [type=host_name (0), value=activate.navicat.com]
***
%% Initialized:  [Session-171, SSL_NULL_WITH_NULL_NULL]
Standard ciphersuite chosen: TLS_ECDHE_RSA_WITH_AES_256_CBC_SHA384
%% Negotiating:  [Session-171, TLS_ECDHE_RSA_WITH_AES_256_CBC_SHA384]
*** ServerHello, TLSv1.2
RandomCookie:  GMT: 1576028555 bytes = { 5, 137, 113, 66, 87, 75, 195, 234, 8, 66, 166, 204, 215, 160, 242, 37, 77, 22, 135, 127, 207, 132, 111, 35, 231, 111, 249, 63 }
Session ID:  {94, 240, 74, 139, 81, 202, 210, 196, 28, 187, 182, 85, 94, 213, 244, 73, 104, 246, 22, 181, 214, 127, 89, 151, 138, 213, 1, 35, 14, 73, 99, 238}
Cipher Suite: TLS_ECDHE_RSA_WITH_AES_256_CBC_SHA384
Compression Method: 0
Extension renegotiation_info, renegotiated_connection: <empty>
Extension extended_master_secret
***
Cipher suite:  TLS_ECDHE_RSA_WITH_AES_256_CBC_SHA384
update handshake state: server_hello[2]
upcoming handshake states: server certificate[11]
upcoming handshake states: server_key_exchange[12](optional)
upcoming handshake states: certificate_request[13](optional)
upcoming handshake states: server_hello_done[14]
upcoming handshake states: client certificate[11](optional)
upcoming handshake states: client_key_exchange[16]
upcoming handshake states: certificate_verify[15](optional)
upcoming handshake states: client change_cipher_spec[-1]
upcoming handshake states: client finished[20]
upcoming handshake states: server change_cipher_spec[-1]
upcoming handshake states: server finished[20]
*** Certificate chain
chain [0] = [
[
  Version: V3
  Subject: CN=localhost, OU=ZooKeeper, O=Apache, L=Unknown, ST=Unknown, C=Unknown
  Signature Algorithm: SHA256withRSA, OID = 1.2.840.113549.1.1.11

  Key:  Sun RSA public key, 2048 bits
  params: null
  modulus: 20466894428749997265095448870198652391311568515891366224735448896044144250313384062095901217219702596717622583159291680947094046474456586662132842412743846124470020097713679685492900855417800931365512472314155689881392853768001073664569106127795833231344696659209258027979401908711647617989508135190248980524852215540637603770017238536229773075995665111861820945008718990948857303373661769409475939971958531493423489844433566328219155461676589360491136984327342101195255797973694339642711115427623510874675394946293706606142706174397483349590050687482693164890194014220011640037490528845185364811025836034294701994387
  public exponent: 65537
  Validity: [From: Sat Jan 31 02:57:30 CST 2015,
               To: Wed Feb 08 02:57:30 CST 3015]
  Issuer: CN=localhost, OU=ZooKeeper, O=Apache, L=Unknown, ST=Unknown, C=Unknown
  SerialNumber: [    7334b506]

Certificate Extensions: 1
[1]: ObjectId: 2.5.29.14 Criticality=false
SubjectKeyIdentifier [
KeyIdentifier [
0000: 65 D7 B4 E0 27 45 7A 00   58 2F AD D5 0B 64 2D 77  e...'Ez.X/...d-w
0010: 88 F7 AA F5                                        ....
]
]

]
  Algorithm: [SHA256withRSA]
  Signature:
0000: 1B C8 6B 36 83 1D 28 37   5C 1F 7D F6 C6 84 A0 BF  ..k6..(7\.......
0010: CA C0 47 CF C5 34 70 7A   CF 6B EA 34 84 BE 08 7A  ..G..4pz.k.4...z
0020: 98 E6 3D ED 1D E2 6F 06   DB 23 AB 41 AD D5 DF 1D  ..=...o..#.A....
0030: 92 F4 9D 05 FD 7C EE BE   4A 87 B8 F1 FE F4 5B 79  ........J.....[y
0040: DC AD F7 44 3D 67 08 7A   3B 91 D7 5A 79 44 96 D7  ...D=g.z;..ZyD..
0050: BE 0E 41 C8 64 E3 87 C3   28 11 AB DC 36 F5 B0 AC  ..A.d...(...6...
0060: BD 2F 16 1D 6E A1 52 25   5A EC 6F AD 20 71 5A 1B  ./..n.R%Z.o. qZ.
0070: 66 D4 0D A6 49 B7 75 43   C4 84 0B 4B AC BD 16 76  f...I.uC...K...v
0080: 58 2B 07 85 E2 F1 44 15   1E 67 D1 3C 13 73 5A 2D  X+....D..g.<.sZ-
0090: D6 06 0B A1 D3 09 7E EF   88 F9 C3 0E A4 10 47 EA  ..............G.
00A0: 65 5D CD F0 39 EA 2F 59   1C 08 BC F9 CC 5B C9 BB  e]..9./Y.....[..
00B0: 2F 20 19 81 97 B5 21 BB   60 A4 39 08 6C 41 2A 51  / ....!.`.9.lA*Q
00C0: B1 C3 1A A3 8C F8 ED 67   D0 EE EC 52 01 2A E4 1E  .......g...R.*..
00D0: D2 B4 34 73 DC 7E 34 24   A9 4E 77 AD FD B3 77 0D  ..4s..4$.Nw...w.
00E0: C2 7A C0 65 F6 CC 11 9D   19 AA 59 13 C3 9D AD 5F  .z.e......Y...._
00F0: 61 E6 C2 18 F0 E5 A1 49   41 B5 EF 9E 91 0C 35 9C  a......IA.....5.

]
***
update handshake state: certificate[11]
upcoming handshake states: server_key_exchange[12](optional)
upcoming handshake states: certificate_request[13](optional)
upcoming handshake states: server_hello_done[14]
upcoming handshake states: client certificate[11](optional)
upcoming handshake states: client_key_exchange[16]
upcoming handshake states: certificate_verify[15](optional)
upcoming handshake states: client change_cipher_spec[-1]
upcoming handshake states: client finished[20]
upcoming handshake states: server change_cipher_spec[-1]
upcoming handshake states: server finished[20]
*** ECDH ServerKeyExchange
Signature Algorithm SHA512withRSA
Server key: Sun EC public key, 256 bits
  public x coord: 106393070164362689202387491744637729288547781031340271254991622090354140463110
  public y coord: 24433759669213852939012085836215557965175730467148971985798899676870167712629
  parameters: secp256r1 [NIST P-256, X9.62 prime256v1] (1.2.840.10045.3.1.7)
update handshake state: server_key_exchange[12]
upcoming handshake states: certificate_request[13](optional)
upcoming handshake states: server_hello_done[14]
upcoming handshake states: client certificate[11](optional)
upcoming handshake states: client_key_exchange[16]
upcoming handshake states: certificate_verify[15](optional)
upcoming handshake states: client change_cipher_spec[-1]
upcoming handshake states: client finished[20]
upcoming handshake states: server change_cipher_spec[-1]
upcoming handshake states: server finished[20]
*** CertificateRequest
Cert Types: RSA, DSS, ECDSA
Supported Signature Algorithms: SHA512withECDSA, SHA512withRSA, SHA384withECDSA, SHA384withRSA, SHA256withECDSA, SHA256withRSA, SHA256withDSA, SHA1withECDSA, SHA1withRSA, SHA1withDSA
Cert Authorities:
<CN=localhost, OU=ZooKeeper, O=Apache, L=Unknown, ST=Unknown, C=Unknown>
update handshake state: unknown[13]
upcoming handshake states: server_hello_done[14]
upcoming handshake states: client certificate[11](optional)
upcoming handshake states: client_key_exchange[16]
upcoming handshake states: certificate_verify[15](optional)
upcoming handshake states: client change_cipher_spec[-1]
upcoming handshake states: client finished[20]
upcoming handshake states: server change_cipher_spec[-1]
upcoming handshake states: server finished[20]
*** ServerHelloDone
update handshake state: server_hello_done[14]
upcoming handshake states: client certificate[11](optional)
upcoming handshake states: client_key_exchange[16]
upcoming handshake states: certificate_verify[15](optional)
upcoming handshake states: client change_cipher_spec[-1]
upcoming handshake states: client finished[20]
upcoming handshake states: server change_cipher_spec[-1]
upcoming handshake states: server finished[20]
nioEventLoopGroup-8-4, WRITE: TLSv1.2 Handshake, length = 1478
nioEventLoopGroup-9-1, READ: TLSv1.2 Handshake, length = 1478
check handshake state: server_hello[2]
*** ServerHello, TLSv1.2
RandomCookie:  GMT: 1576028555 bytes = { 5, 137, 113, 66, 87, 75, 195, 234, 8, 66, 166, 204, 215, 160, 242, 37, 77, 22, 135, 127, 207, 132, 111, 35, 231, 111, 249, 63 }
Session ID:  {94, 240, 74, 139, 81, 202, 210, 196, 28, 187, 182, 85, 94, 213, 244, 73, 104, 246, 22, 181, 214, 127, 89, 151, 138, 213, 1, 35, 14, 73, 99, 238}
Cipher Suite: TLS_ECDHE_RSA_WITH_AES_256_CBC_SHA384
Compression Method: 0
Extension renegotiation_info, renegotiated_connection: <empty>
Extension extended_master_secret
***
%% Initialized:  [Session-172, TLS_ECDHE_RSA_WITH_AES_256_CBC_SHA384]
** TLS_ECDHE_RSA_WITH_AES_256_CBC_SHA384
update handshake state: server_hello[2]
upcoming handshake states: server certificate[11]
upcoming handshake states: server_key_exchange[12](optional)
upcoming handshake states: certificate_request[13](optional)
upcoming handshake states: server_hello_done[14]
upcoming handshake states: client certificate[11](optional)
upcoming handshake states: client_key_exchange[16]
upcoming handshake states: certificate_verify[15](optional)
upcoming handshake states: client change_cipher_spec[-1]
upcoming handshake states: client finished[20]
upcoming handshake states: server change_cipher_spec[-1]
upcoming handshake states: server finished[20]
check handshake state: certificate[11]
update handshake state: certificate[11]
upcoming handshake states: server_key_exchange[12](optional)
upcoming handshake states: certificate_request[13](optional)
upcoming handshake states: server_hello_done[14]
upcoming handshake states: client certificate[11](optional)
upcoming handshake states: client_key_exchange[16]
upcoming handshake states: certificate_verify[15](optional)
upcoming handshake states: client change_cipher_spec[-1]
upcoming handshake states: client finished[20]
upcoming handshake states: server change_cipher_spec[-1]
upcoming handshake states: server finished[20]
*** Certificate chain
chain [0] = [
[
  Version: V3
  Subject: CN=localhost, OU=ZooKeeper, O=Apache, L=Unknown, ST=Unknown, C=Unknown
  Signature Algorithm: SHA256withRSA, OID = 1.2.840.113549.1.1.11

  Key:  Sun RSA public key, 2048 bits
  params: null
  modulus: 20466894428749997265095448870198652391311568515891366224735448896044144250313384062095901217219702596717622583159291680947094046474456586662132842412743846124470020097713679685492900855417800931365512472314155689881392853768001073664569106127795833231344696659209258027979401908711647617989508135190248980524852215540637603770017238536229773075995665111861820945008718990948857303373661769409475939971958531493423489844433566328219155461676589360491136984327342101195255797973694339642711115427623510874675394946293706606142706174397483349590050687482693164890194014220011640037490528845185364811025836034294701994387
  public exponent: 65537
  Validity: [From: Sat Jan 31 02:57:30 CST 2015,
               To: Wed Feb 08 02:57:30 CST 3015]
  Issuer: CN=localhost, OU=ZooKeeper, O=Apache, L=Unknown, ST=Unknown, C=Unknown
  SerialNumber: [    7334b506]

Certificate Extensions: 1
[1]: ObjectId: 2.5.29.14 Criticality=false
SubjectKeyIdentifier [
KeyIdentifier [
0000: 65 D7 B4 E0 27 45 7A 00   58 2F AD D5 0B 64 2D 77  e...'Ez.X/...d-w
0010: 88 F7 AA F5                                        ....
]
]

]
  Algorithm: [SHA256withRSA]
  Signature:
0000: 1B C8 6B 36 83 1D 28 37   5C 1F 7D F6 C6 84 A0 BF  ..k6..(7\.......
0010: CA C0 47 CF C5 34 70 7A   CF 6B EA 34 84 BE 08 7A  ..G..4pz.k.4...z
0020: 98 E6 3D ED 1D E2 6F 06   DB 23 AB 41 AD D5 DF 1D  ..=...o..#.A....
0030: 92 F4 9D 05 FD 7C EE BE   4A 87 B8 F1 FE F4 5B 79  ........J.....[y
0040: DC AD F7 44 3D 67 08 7A   3B 91 D7 5A 79 44 96 D7  ...D=g.z;..ZyD..
0050: BE 0E 41 C8 64 E3 87 C3   28 11 AB DC 36 F5 B0 AC  ..A.d...(...6...
0060: BD 2F 16 1D 6E A1 52 25   5A EC 6F AD 20 71 5A 1B  ./..n.R%Z.o. qZ.
0070: 66 D4 0D A6 49 B7 75 43   C4 84 0B 4B AC BD 16 76  f...I.uC...K...v
0080: 58 2B 07 85 E2 F1 44 15   1E 67 D1 3C 13 73 5A 2D  X+....D..g.<.sZ-
0090: D6 06 0B A1 D3 09 7E EF   88 F9 C3 0E A4 10 47 EA  ..............G.
00A0: 65 5D CD F0 39 EA 2F 59   1C 08 BC F9 CC 5B C9 BB  e]..9./Y.....[..
00B0: 2F 20 19 81 97 B5 21 BB   60 A4 39 08 6C 41 2A 51  / ....!.`.9.lA*Q
00C0: B1 C3 1A A3 8C F8 ED 67   D0 EE EC 52 01 2A E4 1E  .......g...R.*..
00D0: D2 B4 34 73 DC 7E 34 24   A9 4E 77 AD FD B3 77 0D  ..4s..4$.Nw...w.
00E0: C2 7A C0 65 F6 CC 11 9D   19 AA 59 13 C3 9D AD 5F  .z.e......Y...._
00F0: 61 E6 C2 18 F0 E5 A1 49   41 B5 EF 9E 91 0C 35 9C  a......IA.....5.

]
***
Found trusted certificate:
[
[
  Version: V3
  Subject: CN=localhost, OU=ZooKeeper, O=Apache, L=Unknown, ST=Unknown, C=Unknown
  Signature Algorithm: SHA256withRSA, OID = 1.2.840.113549.1.1.11

  Key:  Sun RSA public key, 2048 bits
  params: null
  modulus: 20466894428749997265095448870198652391311568515891366224735448896044144250313384062095901217219702596717622583159291680947094046474456586662132842412743846124470020097713679685492900855417800931365512472314155689881392853768001073664569106127795833231344696659209258027979401908711647617989508135190248980524852215540637603770017238536229773075995665111861820945008718990948857303373661769409475939971958531493423489844433566328219155461676589360491136984327342101195255797973694339642711115427623510874675394946293706606142706174397483349590050687482693164890194014220011640037490528845185364811025836034294701994387
  public exponent: 65537
  Validity: [From: Sat Jan 31 02:57:30 CST 2015,
               To: Wed Feb 08 02:57:30 CST 3015]
  Issuer: CN=localhost, OU=ZooKeeper, O=Apache, L=Unknown, ST=Unknown, C=Unknown
  SerialNumber: [    7334b506]

Certificate Extensions: 1
[1]: ObjectId: 2.5.29.14 Criticality=false
SubjectKeyIdentifier [
KeyIdentifier [
0000: 65 D7 B4 E0 27 45 7A 00   58 2F AD D5 0B 64 2D 77  e...'Ez.X/...d-w
0010: 88 F7 AA F5                                        ....
]
]

]
  Algorithm: [SHA256withRSA]
  Signature:
0000: 1B C8 6B 36 83 1D 28 37   5C 1F 7D F6 C6 84 A0 BF  ..k6..(7\.......
0010: CA C0 47 CF C5 34 70 7A   CF 6B EA 34 84 BE 08 7A  ..G..4pz.k.4...z
0020: 98 E6 3D ED 1D E2 6F 06   DB 23 AB 41 AD D5 DF 1D  ..=...o..#.A....
0030: 92 F4 9D 05 FD 7C EE BE   4A 87 B8 F1 FE F4 5B 79  ........J.....[y
0040: DC AD F7 44 3D 67 08 7A   3B 91 D7 5A 79 44 96 D7  ...D=g.z;..ZyD..
0050: BE 0E 41 C8 64 E3 87 C3   28 11 AB DC 36 F5 B0 AC  ..A.d...(...6...
0060: BD 2F 16 1D 6E A1 52 25   5A EC 6F AD 20 71 5A 1B  ./..n.R%Z.o. qZ.
0070: 66 D4 0D A6 49 B7 75 43   C4 84 0B 4B AC BD 16 76  f...I.uC...K...v
0080: 58 2B 07 85 E2 F1 44 15   1E 67 D1 3C 13 73 5A 2D  X+....D..g.<.sZ-
0090: D6 06 0B A1 D3 09 7E EF   88 F9 C3 0E A4 10 47 EA  ..............G.
00A0: 65 5D CD F0 39 EA 2F 59   1C 08 BC F9 CC 5B C9 BB  e]..9./Y.....[..
00B0: 2F 20 19 81 97 B5 21 BB   60 A4 39 08 6C 41 2A 51  / ....!.`.9.lA*Q
00C0: B1 C3 1A A3 8C F8 ED 67   D0 EE EC 52 01 2A E4 1E  .......g...R.*..
00D0: D2 B4 34 73 DC 7E 34 24   A9 4E 77 AD FD B3 77 0D  ..4s..4$.Nw...w.
00E0: C2 7A C0 65 F6 CC 11 9D   19 AA 59 13 C3 9D AD 5F  .z.e......Y...._
00F0: 61 E6 C2 18 F0 E5 A1 49   41 B5 EF 9E 91 0C 35 9C  a......IA.....5.

]
2020-06-22 14:07:07,762 [myid:127.0.0.1:30074] - ERROR [nioEventLoopGroup-9-1:ZKTrustManager@161] - Failed to verify host address: 127.0.0.1
javax.net.ssl.SSLPeerUnverifiedException: Certificate for <127.0.0.1> doesn't match common name of the certificate subject: localhost
	at org.apache.zookeeper.common.ZKHostnameVerifier.matchCN(ZKHostnameVerifier.java:238)
	at org.apache.zookeeper.common.ZKHostnameVerifier.verify(ZKHostnameVerifier.java:184)
	at org.apache.zookeeper.common.ZKTrustManager.performHostVerification(ZKTrustManager.java:151)
	at org.apache.zookeeper.common.ZKTrustManager.checkServerTrusted(ZKTrustManager.java:118)
	at sun.security.ssl.ClientHandshaker.serverCertificate(ClientHandshaker.java:1675)
	at sun.security.ssl.ClientHandshaker.processMessage(ClientHandshaker.java:226)
	at sun.security.ssl.Handshaker.processLoop(Handshaker.java:1082)
	at sun.security.ssl.Handshaker$1.run(Handshaker.java:1015)
	at sun.security.ssl.Handshaker$1.run(Handshaker.java:1012)
	at java.security.AccessController.doPrivileged(Native Method)
	at sun.security.ssl.Handshaker$DelegatedTask.run(Handshaker.java:1504)
	at io.netty.handler.ssl.SslHandler.runAllDelegatedTasks(SslHandler.java:1510)
	at io.netty.handler.ssl.SslHandler.runDelegatedTasks(SslHandler.java:1524)
	at io.netty.handler.ssl.SslHandler.unwrap(SslHandler.java:1408)
	at io.netty.handler.ssl.SslHandler.decodeJdkCompatible(SslHandler.java:1235)
	at io.netty.handler.ssl.SslHandler.decode(SslHandler.java:1282)
	at io.netty.handler.codec.ByteToMessageDecoder.decodeRemovalReentryProtection(ByteToMessageDecoder.java:498)
	at io.netty.handler.codec.ByteToMessageDecoder.callDecode(ByteToMessageDecoder.java:437)
	at io.netty.handler.codec.ByteToMessageDecoder.channelRead(ByteToMessageDecoder.java:276)
	at io.netty.channel.AbstractChannelHandlerContext.invokeChannelRead(AbstractChannelHandlerContext.java:379)
	at io.netty.channel.AbstractChannelHandlerContext.invokeChannelRead(AbstractChannelHandlerContext.java:365)
	at io.netty.channel.AbstractChannelHandlerContext.fireChannelRead(AbstractChannelHandlerContext.java:357)
	at io.netty.channel.DefaultChannelPipeline$HeadContext.channelRead(DefaultChannelPipeline.java:1410)
	at io.netty.channel.AbstractChannelHandlerContext.invokeChannelRead(AbstractChannelHandlerContext.java:379)
	at io.netty.channel.AbstractChannelHandlerContext.invokeChannelRead(AbstractChannelHandlerContext.java:365)
	at io.netty.channel.DefaultChannelPipeline.fireChannelRead(DefaultChannelPipeline.java:919)
	at io.netty.channel.nio.AbstractNioByteChannel$NioByteUnsafe.read(AbstractNioByteChannel.java:163)
	at io.netty.channel.nio.NioEventLoop.processSelectedKey(NioEventLoop.java:714)
	at io.netty.channel.nio.NioEventLoop.processSelectedKeysOptimized(NioEventLoop.java:650)
	at io.netty.channel.nio.NioEventLoop.processSelectedKeys(NioEventLoop.java:576)
	at io.netty.channel.nio.NioEventLoop.run(NioEventLoop.java:493)
	at io.netty.util.concurrent.SingleThreadEventExecutor$4.run(SingleThreadEventExecutor.java:989)
	at io.netty.util.internal.ThreadExecutorMap$2.run(ThreadExecutorMap.java:74)
	at io.netty.util.concurrent.FastThreadLocalRunnable.run(FastThreadLocalRunnable.java:30)
	at java.lang.Thread.run(Thread.java:748)
2020-06-22 14:07:07,762 [myid:127.0.0.1:30074] - ERROR [nioEventLoopGroup-9-1:ZKTrustManager@162] - Failed to verify hostname: activate.navicat.com
javax.net.ssl.SSLPeerUnverifiedException: Certificate for <activate.navicat.com> doesn't match common name of the certificate subject: localhost
	at org.apache.zookeeper.common.ZKHostnameVerifier.matchCN(ZKHostnameVerifier.java:238)
	at org.apache.zookeeper.common.ZKHostnameVerifier.verify(ZKHostnameVerifier.java:184)
	at org.apache.zookeeper.common.ZKTrustManager.performHostVerification(ZKTrustManager.java:159)
	at org.apache.zookeeper.common.ZKTrustManager.checkServerTrusted(ZKTrustManager.java:118)
	at sun.security.ssl.ClientHandshaker.serverCertificate(ClientHandshaker.java:1675)
	at sun.security.ssl.ClientHandshaker.processMessage(ClientHandshaker.java:226)
	at sun.security.ssl.Handshaker.processLoop(Handshaker.java:1082)
	at sun.security.ssl.Handshaker$1.run(Handshaker.java:1015)
	at sun.security.ssl.Handshaker$1.run(Handshaker.java:1012)
	at java.security.AccessController.doPrivileged(Native Method)
	at sun.security.ssl.Handshaker$DelegatedTask.run(Handshaker.java:1504)
	at io.netty.handler.ssl.SslHandler.runAllDelegatedTasks(SslHandler.java:1510)
	at io.netty.handler.ssl.SslHandler.runDelegatedTasks(SslHandler.java:1524)
	at io.netty.handler.ssl.SslHandler.unwrap(SslHandler.java:1408)
	at io.netty.handler.ssl.SslHandler.decodeJdkCompatible(SslHandler.java:1235)
	at io.netty.handler.ssl.SslHandler.decode(SslHandler.java:1282)
	at io.netty.handler.codec.ByteToMessageDecoder.decodeRemovalReentryProtection(ByteToMessageDecoder.java:498)
	at io.netty.handler.codec.ByteToMessageDecoder.callDecode(ByteToMessageDecoder.java:437)
	at io.netty.handler.codec.ByteToMessageDecoder.channelRead(ByteToMessageDecoder.java:276)
	at io.netty.channel.AbstractChannelHandlerContext.invokeChannelRead(AbstractChannelHandlerContext.java:379)
	at io.netty.channel.AbstractChannelHandlerContext.invokeChannelRead(AbstractChannelHandlerContext.java:365)
	at io.netty.channel.AbstractChannelHandlerContext.fireChannelRead(AbstractChannelHandlerContext.java:357)
	at io.netty.channel.DefaultChannelPipeline$HeadContext.channelRead(DefaultChannelPipeline.java:1410)
	at io.netty.channel.AbstractChannelHandlerContext.invokeChannelRead(AbstractChannelHandlerContext.java:379)
	at io.netty.channel.AbstractChannelHandlerContext.invokeChannelRead(AbstractChannelHandlerContext.java:365)
	at io.netty.channel.DefaultChannelPipeline.fireChannelRead(DefaultChannelPipeline.java:919)
	at io.netty.channel.nio.AbstractNioByteChannel$NioByteUnsafe.read(AbstractNioByteChannel.java:163)
	at io.netty.channel.nio.NioEventLoop.processSelectedKey(NioEventLoop.java:714)
	at io.netty.channel.nio.NioEventLoop.processSelectedKeysOptimized(NioEventLoop.java:650)
	at io.netty.channel.nio.NioEventLoop.processSelectedKeys(NioEventLoop.java:576)
	at io.netty.channel.nio.NioEventLoop.run(NioEventLoop.java:493)
	at io.netty.util.concurrent.SingleThreadEventExecutor$4.run(SingleThreadEventExecutor.java:989)
	at io.netty.util.internal.ThreadExecutorMap$2.run(ThreadExecutorMap.java:74)
	at io.netty.util.concurrent.FastThreadLocalRunnable.run(FastThreadLocalRunnable.java:30)
	at java.lang.Thread.run(Thread.java:748)
nioEventLoopGroup-9-1, fatal error: 46: General SSLEngine problem
java.security.cert.CertificateException: Failed to verify both host address and host name
%% Invalidated:  [Session-169, SSL_NULL_WITH_NULL_NULL]
%% Invalidated:  [Session-172, TLS_ECDHE_RSA_WITH_AES_256_CBC_SHA384]
nioEventLoopGroup-9-1, SEND TLSv1.2 ALERT:  fatal, description = certificate_unknown
nioEventLoopGroup-9-1, WRITE: TLSv1.2 Alert, length = 2
nioEventLoopGroup-9-1, fatal: engine already closed.  Rethrowing javax.net.ssl.SSLHandshakeException: General SSLEngine problem
nioEventLoopGroup-9-1, called closeOutbound()
nioEventLoopGroup-9-1, closeOutboundInternal()
nioEventLoopGroup-9-1, called closeInbound()
nioEventLoopGroup-9-1, fatal: engine already closed.  Rethrowing javax.net.ssl.SSLException: Inbound closed before receiving peer's close_notify: possible truncation attack?
nioEventLoopGroup-8-4, READ: TLSv1.2 Alert, length = 2
nioEventLoopGroup-8-4, RECV TLSv1.2 ALERT:  fatal, certificate_unknown
nioEventLoopGroup-8-4, fatal: engine already closed.  Rethrowing javax.net.ssl.SSLException: Received fatal alert: certificate_unknown
nioEventLoopGroup-8-4, fatal: engine already closed.  Rethrowing javax.net.ssl.SSLException: Received fatal alert: certificate_unknown
2020-06-22 14:07:07,762 [myid:] - ERROR [nioEventLoopGroup-8-4:NettyServerCnxnFactory$CertificateVerifier@434] - Unsuccessful handshake with session 0x0
nioEventLoopGroup-8-4, called closeOutbound()
nioEventLoopGroup-8-4, closeOutboundInternal()
nioEventLoopGroup-8-4, SEND TLSv1.2 ALERT:  warning, description = close_notify
nioEventLoopGroup-8-4, WRITE: TLSv1.2 Alert, length = 2
nioEventLoopGroup-8-4, called closeInbound()
nioEventLoopGroup-8-4, fatal: engine already closed.  Rethrowing javax.net.ssl.SSLException: Inbound closed before receiving peer's close_notify: possible truncation attack?
2020-06-22 14:07:07,763 [myid:127.0.0.1:30074] - ERROR [nioEventLoopGroup-9-1:ClientCnxnSocketNetty$ZKClientHandler@522] - Unexpected throwable
io.netty.handler.codec.DecoderException: javax.net.ssl.SSLHandshakeException: General SSLEngine problem
	at io.netty.handler.codec.ByteToMessageDecoder.callDecode(ByteToMessageDecoder.java:468)
	at io.netty.handler.codec.ByteToMessageDecoder.channelRead(ByteToMessageDecoder.java:276)
	at io.netty.channel.AbstractChannelHandlerContext.invokeChannelRead(AbstractChannelHandlerContext.java:379)
	at io.netty.channel.AbstractChannelHandlerContext.invokeChannelRead(AbstractChannelHandlerContext.java:365)
	at io.netty.channel.AbstractChannelHandlerContext.fireChannelRead(AbstractChannelHandlerContext.java:357)
	at io.netty.channel.DefaultChannelPipeline$HeadContext.channelRead(DefaultChannelPipeline.java:1410)
	at io.netty.channel.AbstractChannelHandlerContext.invokeChannelRead(AbstractChannelHandlerContext.java:379)
	at io.netty.channel.AbstractChannelHandlerContext.invokeChannelRead(AbstractChannelHandlerContext.java:365)
	at io.netty.channel.DefaultChannelPipeline.fireChannelRead(DefaultChannelPipeline.java:919)
	at io.netty.channel.nio.AbstractNioByteChannel$NioByteUnsafe.read(AbstractNioByteChannel.java:163)
	at io.netty.channel.nio.NioEventLoop.processSelectedKey(NioEventLoop.java:714)
	at io.netty.channel.nio.NioEventLoop.processSelectedKeysOptimized(NioEventLoop.java:650)
	at io.netty.channel.nio.NioEventLoop.processSelectedKeys(NioEventLoop.java:576)
	at io.netty.channel.nio.NioEventLoop.run(NioEventLoop.java:493)
	at io.netty.util.concurrent.SingleThreadEventExecutor$4.run(SingleThreadEventExecutor.java:989)
	at io.netty.util.internal.ThreadExecutorMap$2.run(ThreadExecutorMap.java:74)
	at io.netty.util.concurrent.FastThreadLocalRunnable.run(FastThreadLocalRunnable.java:30)
	at java.lang.Thread.run(Thread.java:748)
Caused by: javax.net.ssl.SSLHandshakeException: General SSLEngine problem
	at sun.security.ssl.Handshaker.checkThrown(Handshaker.java:1566)
	at sun.security.ssl.SSLEngineImpl.checkTaskThrown(SSLEngineImpl.java:545)
	at sun.security.ssl.SSLEngineImpl.readNetRecord(SSLEngineImpl.java:819)
	at sun.security.ssl.SSLEngineImpl.unwrap(SSLEngineImpl.java:783)
	at javax.net.ssl.SSLEngine.unwrap(SSLEngine.java:626)
	at io.netty.handler.ssl.SslHandler$SslEngineType$3.unwrap(SslHandler.java:281)
	at io.netty.handler.ssl.SslHandler.unwrap(SslHandler.java:1340)
	at io.netty.handler.ssl.SslHandler.decodeJdkCompatible(SslHandler.java:1235)
	at io.netty.handler.ssl.SslHandler.decode(SslHandler.java:1282)
	at io.netty.handler.codec.ByteToMessageDecoder.decodeRemovalReentryProtection(ByteToMessageDecoder.java:498)
	at io.netty.handler.codec.ByteToMessageDecoder.callDecode(ByteToMessageDecoder.java:437)
	... 17 more
Caused by: javax.net.ssl.SSLHandshakeException: General SSLEngine problem
	at sun.security.ssl.Alerts.getSSLException(Alerts.java:198)
	at sun.security.ssl.SSLEngineImpl.fatal(SSLEngineImpl.java:1729)
	at sun.security.ssl.Handshaker.fatalSE(Handshaker.java:333)
	at sun.security.ssl.Handshaker.fatalSE(Handshaker.java:325)
	at sun.security.ssl.ClientHandshaker.serverCertificate(ClientHandshaker.java:1688)
	at sun.security.ssl.ClientHandshaker.processMessage(ClientHandshaker.java:226)
	at sun.security.ssl.Handshaker.processLoop(Handshaker.java:1082)
	at sun.security.ssl.Handshaker$1.run(Handshaker.java:1015)
	at sun.security.ssl.Handshaker$1.run(Handshaker.java:1012)
	at java.security.AccessController.doPrivileged(Native Method)
	at sun.security.ssl.Handshaker$DelegatedTask.run(Handshaker.java:1504)
	at io.netty.handler.ssl.SslHandler.runAllDelegatedTasks(SslHandler.java:1510)
	at io.netty.handler.ssl.SslHandler.runDelegatedTasks(SslHandler.java:1524)
	at io.netty.handler.ssl.SslHandler.unwrap(SslHandler.java:1408)
	... 21 more
Caused by: java.security.cert.CertificateException: Failed to verify both host address and host name
	at org.apache.zookeeper.common.ZKTrustManager.performHostVerification(ZKTrustManager.java:163)
	at org.apache.zookeeper.common.ZKTrustManager.checkServerTrusted(ZKTrustManager.java:118)
	at sun.security.ssl.ClientHandshaker.serverCertificate(ClientHandshaker.java:1675)
	... 30 more
Caused by: javax.net.ssl.SSLPeerUnverifiedException: Certificate for <activate.navicat.com> doesn't match common name of the certificate subject: localhost
	at org.apache.zookeeper.common.ZKHostnameVerifier.matchCN(ZKHostnameVerifier.java:238)
	at org.apache.zookeeper.common.ZKHostnameVerifier.verify(ZKHostnameVerifier.java:184)
	at org.apache.zookeeper.common.ZKTrustManager.performHostVerification(ZKTrustManager.java:159)
	... 32 more
2020-06-22 14:07:07,763 [myid:127.0.0.1:30074] - INFO  [nioEventLoopGroup-9-1:ClientCnxnSocketNetty@249] - channel is told closing
nioEventLoopGroup-9-1, called closeOutbound()
nioEventLoopGroup-9-1, closeOutboundInternal()
2020-06-22 14:07:07,763 [myid:] - WARN  [nioEventLoopGroup-8-4:NettyServerCnxnFactory$CnxnChannelHandler@273] - Exception caught
io.netty.handler.codec.DecoderException: javax.net.ssl.SSLException: Received fatal alert: certificate_unknown
	at io.netty.handler.codec.ByteToMessageDecoder.callDecode(ByteToMessageDecoder.java:468)
	at io.netty.handler.codec.ByteToMessageDecoder.channelRead(ByteToMessageDecoder.java:276)
	at io.netty.channel.AbstractChannelHandlerContext.invokeChannelRead(AbstractChannelHandlerContext.java:379)
	at io.netty.channel.AbstractChannelHandlerContext.invokeChannelRead(AbstractChannelHandlerContext.java:365)
	at io.netty.channel.AbstractChannelHandlerContext.fireChannelRead(AbstractChannelHandlerContext.java:357)
	at io.netty.channel.DefaultChannelPipeline$HeadContext.channelRead(DefaultChannelPipeline.java:1410)
	at io.netty.channel.AbstractChannelHandlerContext.invokeChannelRead(AbstractChannelHandlerContext.java:379)
	at io.netty.channel.AbstractChannelHandlerContext.invokeChannelRead(AbstractChannelHandlerContext.java:365)
	at io.netty.channel.DefaultChannelPipeline.fireChannelRead(DefaultChannelPipeline.java:919)
	at io.netty.channel.nio.AbstractNioByteChannel$NioByteUnsafe.read(AbstractNioByteChannel.java:163)
	at io.netty.channel.nio.NioEventLoop.processSelectedKey(NioEventLoop.java:714)
	at io.netty.channel.nio.NioEventLoop.processSelectedKeysOptimized(NioEventLoop.java:650)
	at io.netty.channel.nio.NioEventLoop.processSelectedKeys(NioEventLoop.java:576)
	at io.netty.channel.nio.NioEventLoop.run(NioEventLoop.java:493)
	at io.netty.util.concurrent.SingleThreadEventExecutor$4.run(SingleThreadEventExecutor.java:989)
	at io.netty.util.internal.ThreadExecutorMap$2.run(ThreadExecutorMap.java:74)
	at io.netty.util.concurrent.FastThreadLocalRunnable.run(FastThreadLocalRunnable.java:30)
	at java.lang.Thread.run(Thread.java:748)
Caused by: javax.net.ssl.SSLException: Received fatal alert: certificate_unknown
	at sun.security.ssl.Alerts.getSSLException(Alerts.java:214)
	at sun.security.ssl.SSLEngineImpl.fatal(SSLEngineImpl.java:1667)
	at sun.security.ssl.SSLEngineImpl.fatal(SSLEngineImpl.java:1635)
	at sun.security.ssl.SSLEngineImpl.recvAlert(SSLEngineImpl.java:1801)
	at sun.security.ssl.SSLEngineImpl.readRecord(SSLEngineImpl.java:1090)
	at sun.security.ssl.SSLEngineImpl.readNetRecord(SSLEngineImpl.java:913)
	at sun.security.ssl.SSLEngineImpl.unwrap(SSLEngineImpl.java:783)
	at javax.net.ssl.SSLEngine.unwrap(SSLEngine.java:626)
	at io.netty.handler.ssl.SslHandler$SslEngineType$3.unwrap(SslHandler.java:281)
	at io.netty.handler.ssl.SslHandler.unwrap(SslHandler.java:1340)
	at io.netty.handler.ssl.SslHandler.decodeJdkCompatible(SslHandler.java:1235)
	at io.netty.handler.ssl.SslHandler.decode(SslHandler.java:1282)
	at io.netty.handler.codec.ByteToMessageDecoder.decodeRemovalReentryProtection(ByteToMessageDecoder.java:498)
	at io.netty.handler.codec.ByteToMessageDecoder.callDecode(ByteToMessageDecoder.java:437)
	... 17 more
nioEventLoopGroup-8-4, called closeOutbound()
nioEventLoopGroup-8-4, closeOutboundInternal()
2020-06-22 14:07:07,763 [myid:127.0.0.1:30074] - WARN  [main-SendThread(127.0.0.1:30074):ClientCnxn$SendThread@1272] - Session 0x0 for sever activate.navicat.com/127.0.0.1:30074, Closing socket connection. Attempting reconnect except it is a SessionExpiredException.
EndOfStreamException: channel for sessionid 0x0 is lost
	at org.apache.zookeeper.ClientCnxnSocketNetty.doTransport(ClientCnxnSocketNetty.java:285)
	at org.apache.zookeeper.ClientCnxn$SendThread.run(ClientCnxn.java:1262)
nioEventLoopGroup-8-4, READ: TLSv1.2 Alert, length = 2
nioEventLoopGroup-8-4, RECV TLSv1.2 ALERT:  fatal, certificate_unknown
2020-06-22 14:07:07,763 [myid:127.0.0.1:30074] - INFO  [nioEventLoopGroup-9-1:ClientCnxnSocketNetty$ZKClientHandler@469] - channel is disconnected: [id: 0xa15ad2ed, L:/127.0.0.1:56927 ! R:activate.navicat.com/127.0.0.1:30074]
nioEventLoopGroup-8-4, fatal: engine already closed.  Rethrowing javax.net.ssl.SSLException: Received fatal alert: certificate_unknown
nioEventLoopGroup-8-4, fatal: engine already closed.  Rethrowing javax.net.ssl.SSLException: Received fatal alert: certificate_unknown
nioEventLoopGroup-8-4, called closeOutbound()
nioEventLoopGroup-8-4, closeOutboundInternal()
nioEventLoopGroup-8-4, called closeInbound()
nioEventLoopGroup-8-4, closeInboundInternal()
nioEventLoopGroup-8-4, closeOutboundInternal()
2020-06-22 14:07:07,764 [myid:] - WARN  [nioEventLoopGroup-8-4:NettyServerCnxnFactory$CnxnChannelHandler@273] - Exception caught
io.netty.handler.codec.DecoderException: javax.net.ssl.SSLException: Received fatal alert: certificate_unknown
	at io.netty.handler.codec.ByteToMessageDecoder.callDecode(ByteToMessageDecoder.java:468)
	at io.netty.handler.codec.ByteToMessageDecoder.channelInputClosed(ByteToMessageDecoder.java:401)
	at io.netty.handler.codec.ByteToMessageDecoder.channelInputClosed(ByteToMessageDecoder.java:368)
	at io.netty.handler.codec.ByteToMessageDecoder.channelInactive(ByteToMessageDecoder.java:351)
	at io.netty.handler.ssl.SslHandler.channelInactive(SslHandler.java:1084)
	at io.netty.channel.AbstractChannelHandlerContext.invokeChannelInactive(AbstractChannelHandlerContext.java:262)
	at io.netty.channel.AbstractChannelHandlerContext.invokeChannelInactive(AbstractChannelHandlerContext.java:248)
	at io.netty.channel.AbstractChannelHandlerContext.fireChannelInactive(AbstractChannelHandlerContext.java:241)
	at io.netty.channel.DefaultChannelPipeline$HeadContext.channelInactive(DefaultChannelPipeline.java:1405)
	at io.netty.channel.AbstractChannelHandlerContext.invokeChannelInactive(AbstractChannelHandlerContext.java:262)
	at io.netty.channel.AbstractChannelHandlerContext.invokeChannelInactive(AbstractChannelHandlerContext.java:248)
	at io.netty.channel.DefaultChannelPipeline.fireChannelInactive(DefaultChannelPipeline.java:901)
	at io.netty.channel.AbstractChannel$AbstractUnsafe$8.run(AbstractChannel.java:818)
	at io.netty.util.concurrent.AbstractEventExecutor.safeExecute(AbstractEventExecutor.java:164)
	at io.netty.util.concurrent.SingleThreadEventExecutor.runAllTasks(SingleThreadEventExecutor.java:472)
	at io.netty.channel.nio.NioEventLoop.run(NioEventLoop.java:497)
	at io.netty.util.concurrent.SingleThreadEventExecutor$4.run(SingleThreadEventExecutor.java:989)
	at io.netty.util.internal.ThreadExecutorMap$2.run(ThreadExecutorMap.java:74)
	at io.netty.util.concurrent.FastThreadLocalRunnable.run(FastThreadLocalRunnable.java:30)
	at java.lang.Thread.run(Thread.java:748)
Caused by: javax.net.ssl.SSLException: Received fatal alert: certificate_unknown
	at sun.security.ssl.Alerts.getSSLException(Alerts.java:214)
	at sun.security.ssl.SSLEngineImpl.fatal(SSLEngineImpl.java:1667)
	at sun.security.ssl.SSLEngineImpl.fatal(SSLEngineImpl.java:1635)
	at sun.security.ssl.SSLEngineImpl.recvAlert(SSLEngineImpl.java:1801)
	at sun.security.ssl.SSLEngineImpl.readRecord(SSLEngineImpl.java:1090)
	at sun.security.ssl.SSLEngineImpl.readNetRecord(SSLEngineImpl.java:913)
	at sun.security.ssl.SSLEngineImpl.unwrap(SSLEngineImpl.java:783)
	at javax.net.ssl.SSLEngine.unwrap(SSLEngine.java:626)
	at io.netty.handler.ssl.SslHandler$SslEngineType$3.unwrap(SslHandler.java:281)
	at io.netty.handler.ssl.SslHandler.unwrap(SslHandler.java:1340)
	at io.netty.handler.ssl.SslHandler.decodeJdkCompatible(SslHandler.java:1235)
	at io.netty.handler.ssl.SslHandler.decode(SslHandler.java:1282)
	at io.netty.handler.codec.ByteToMessageDecoder.decodeRemovalReentryProtection(ByteToMessageDecoder.java:498)
	at io.netty.handler.codec.ByteToMessageDecoder.callDecode(ByteToMessageDecoder.java:437)
	... 19 more
2020-06-22 14:07:09,109 [myid:127.0.0.1:30073] - WARN  [nioEventLoopGroup-5-1:ClientCnxnSocketNetty$1@150] - future isn't success.
io.netty.channel.AbstractChannel$AnnotatedConnectException: Connection refused: no further information: activate.navicat.com/127.0.0.1:30073
Caused by: java.net.ConnectException: Connection refused: no further information
	at sun.nio.ch.SocketChannelImpl.checkConnect(Native Method)
	at sun.nio.ch.SocketChannelImpl.finishConnect(SocketChannelImpl.java:714)
	at io.netty.channel.socket.nio.NioSocketChannel.doFinishConnect(NioSocketChannel.java:330)
	at io.netty.channel.nio.AbstractNioChannel$AbstractNioUnsafe.finishConnect(AbstractNioChannel.java:334)
	at io.netty.channel.nio.NioEventLoop.processSelectedKey(NioEventLoop.java:702)
	at io.netty.channel.nio.NioEventLoop.processSelectedKeysOptimized(NioEventLoop.java:650)
	at io.netty.channel.nio.NioEventLoop.processSelectedKeys(NioEventLoop.java:576)
	at io.netty.channel.nio.NioEventLoop.run(NioEventLoop.java:493)
	at io.netty.util.concurrent.SingleThreadEventExecutor$4.run(SingleThreadEventExecutor.java:989)
	at io.netty.util.internal.ThreadExecutorMap$2.run(ThreadExecutorMap.java:74)
	at io.netty.util.concurrent.FastThreadLocalRunnable.run(FastThreadLocalRunnable.java:30)
	at java.lang.Thread.run(Thread.java:748)
nioEventLoopGroup-5-1, called closeOutbound()
nioEventLoopGroup-5-1, closeOutboundInternal()
2020-06-22 14:07:09,109 [myid:127.0.0.1:30073] - WARN  [main-SendThread(127.0.0.1:30073):ClientCnxn$SendThread@1272] - Session 0x0 for sever activate.navicat.com/127.0.0.1:30073, Closing socket connection. Attempting reconnect except it is a SessionExpiredException.
EndOfStreamException: channel for sessionid 0x0 is lost
	at org.apache.zookeeper.ClientCnxnSocketNetty.doTransport(ClientCnxnSocketNetty.java:285)
	at org.apache.zookeeper.ClientCnxn$SendThread.run(ClientCnxn.java:1262)
2020-06-22 14:07:09,244 [myid:127.0.0.1:30074] - INFO  [main-SendThread(127.0.0.1:30074):ClientCnxn$SendThread@1154] - Opening socket connection to server activate.navicat.com/127.0.0.1:30074.
2020-06-22 14:07:09,245 [myid:127.0.0.1:30074] - INFO  [main-SendThread(127.0.0.1:30074):ClientCnxn$SendThread@1156] - SASL config status: Will not attempt to authenticate using SASL (unknown error)
adding as trusted cert:
  Subject: CN=localhost, OU=ZooKeeper, O=Apache, L=Unknown, ST=Unknown, C=Unknown
  Issuer:  CN=localhost, OU=ZooKeeper, O=Apache, L=Unknown, ST=Unknown, C=Unknown
  Algorithm: RSA; Serial number: 0x7334b506
  Valid from Sat Jan 31 02:57:30 CST 2015 until Wed Feb 08 02:57:30 CST 3015

trigger seeding of SecureRandom
done seeding SecureRandom
Using SSLEngineImpl.
%% Initialized:  [Session-173, SSL_NULL_WITH_NULL_NULL]
2020-06-22 14:07:09,246 [myid:127.0.0.1:30074] - INFO  [nioEventLoopGroup-9-1:ClientCnxnSocketNetty$ZKClientPipelineFactory@454] - SSL handler added for channel: [id: 0x02337efd]
2020-06-22 14:07:09,246 [myid:127.0.0.1:30074] - INFO  [nioEventLoopGroup-9-1:ClientCnxn$SendThread@986] - Socket connection established, initiating session, client: /127.0.0.1:57058, server: activate.navicat.com/127.0.0.1:30074
2020-06-22 14:07:09,246 [myid:127.0.0.1:30074] - INFO  [nioEventLoopGroup-9-1:ClientCnxnSocketNetty$1@184] - channel is connected: [id: 0x02337efd, L:/127.0.0.1:57058 - R:activate.navicat.com/127.0.0.1:30074]
Allow unsafe renegotiation: false
Allow legacy hello messages: true
Is initial handshake: true
Is secure renegotiation: false
Ignoring unsupported cipher suite: TLS_ECDHE_ECDSA_WITH_AES_256_CBC_SHA384 for TLSv1
Ignoring unsupported cipher suite: TLS_ECDHE_RSA_WITH_AES_256_CBC_SHA384 for TLSv1
Ignoring unsupported cipher suite: TLS_RSA_WITH_AES_256_CBC_SHA256 for TLSv1
Ignoring unsupported cipher suite: TLS_ECDH_ECDSA_WITH_AES_256_CBC_SHA384 for TLSv1
Ignoring unsupported cipher suite: TLS_ECDH_RSA_WITH_AES_256_CBC_SHA384 for TLSv1
Ignoring unsupported cipher suite: TLS_DHE_RSA_WITH_AES_256_CBC_SHA256 for TLSv1
Ignoring unsupported cipher suite: TLS_DHE_DSS_WITH_AES_256_CBC_SHA256 for TLSv1
trigger seeding of SecureRandom
done seeding SecureRandom
Ignoring unsupported cipher suite: TLS_ECDHE_ECDSA_WITH_AES_256_CBC_SHA384 for TLSv1.1
Ignoring unsupported cipher suite: TLS_ECDHE_RSA_WITH_AES_256_CBC_SHA384 for TLSv1.1
Ignoring unsupported cipher suite: TLS_RSA_WITH_AES_256_CBC_SHA256 for TLSv1.1
Using SSLEngineImpl.
Ignoring unsupported cipher suite: TLS_ECDH_ECDSA_WITH_AES_256_CBC_SHA384 for TLSv1.1
Ignoring unsupported cipher suite: TLS_ECDH_RSA_WITH_AES_256_CBC_SHA384 for TLSv1.1
Ignoring unsupported cipher suite: TLS_DHE_RSA_WITH_AES_256_CBC_SHA256 for TLSv1.1
Ignoring unsupported cipher suite: TLS_DHE_DSS_WITH_AES_256_CBC_SHA256 for TLSv1.1
%% Initialized:  [Session-174, SSL_NULL_WITH_NULL_NULL]
%% No cached client session
update handshake state: client_hello[1]
upcoming handshake states: server_hello[2]
*** ClientHello, TLSv1.2
RandomCookie:  GMT: 1576028557 bytes = { 85, 255, 42, 204, 45, 200, 249, 71, 237, 21, 91, 44, 186, 194, 17, 182, 34, 181, 120, 230, 157, 246, 68, 200, 179, 120, 159, 40 }
Session ID:  {}
Cipher Suites: [TLS_ECDHE_ECDSA_WITH_AES_256_CBC_SHA384, TLS_ECDHE_RSA_WITH_AES_256_CBC_SHA384, TLS_RSA_WITH_AES_256_CBC_SHA256, TLS_ECDH_ECDSA_WITH_AES_256_CBC_SHA384, TLS_ECDH_RSA_WITH_AES_256_CBC_SHA384, TLS_DHE_RSA_WITH_AES_256_CBC_SHA256, TLS_DHE_DSS_WITH_AES_256_CBC_SHA256, TLS_ECDHE_ECDSA_WITH_AES_256_CBC_SHA, TLS_ECDHE_RSA_WITH_AES_256_CBC_SHA, TLS_RSA_WITH_AES_256_CBC_SHA, TLS_ECDH_ECDSA_WITH_AES_256_CBC_SHA, TLS_ECDH_RSA_WITH_AES_256_CBC_SHA, TLS_DHE_RSA_WITH_AES_256_CBC_SHA, TLS_DHE_DSS_WITH_AES_256_CBC_SHA, TLS_ECDHE_ECDSA_WITH_AES_128_CBC_SHA256, TLS_ECDHE_RSA_WITH_AES_128_CBC_SHA256, TLS_RSA_WITH_AES_128_CBC_SHA256, TLS_ECDH_ECDSA_WITH_AES_128_CBC_SHA256, TLS_ECDH_RSA_WITH_AES_128_CBC_SHA256, TLS_DHE_RSA_WITH_AES_128_CBC_SHA256, TLS_DHE_DSS_WITH_AES_128_CBC_SHA256, TLS_ECDHE_ECDSA_WITH_AES_128_CBC_SHA, TLS_ECDHE_RSA_WITH_AES_128_CBC_SHA, TLS_RSA_WITH_AES_128_CBC_SHA, TLS_ECDH_ECDSA_WITH_AES_128_CBC_SHA, TLS_ECDH_RSA_WITH_AES_128_CBC_SHA, TLS_DHE_RSA_WITH_AES_128_CBC_SHA, TLS_DHE_DSS_WITH_AES_128_CBC_SHA, TLS_ECDHE_ECDSA_WITH_AES_256_GCM_SHA384, TLS_ECDHE_ECDSA_WITH_AES_128_GCM_SHA256, TLS_ECDHE_RSA_WITH_AES_256_GCM_SHA384, TLS_RSA_WITH_AES_256_GCM_SHA384, TLS_ECDH_ECDSA_WITH_AES_256_GCM_SHA384, TLS_ECDH_RSA_WITH_AES_256_GCM_SHA384, TLS_DHE_RSA_WITH_AES_256_GCM_SHA384, TLS_DHE_DSS_WITH_AES_256_GCM_SHA384, TLS_ECDHE_RSA_WITH_AES_128_GCM_SHA256, TLS_RSA_WITH_AES_128_GCM_SHA256, TLS_ECDH_ECDSA_WITH_AES_128_GCM_SHA256, TLS_ECDH_RSA_WITH_AES_128_GCM_SHA256, TLS_DHE_RSA_WITH_AES_128_GCM_SHA256, TLS_DHE_DSS_WITH_AES_128_GCM_SHA256, TLS_EMPTY_RENEGOTIATION_INFO_SCSV]
Compression Methods:  { 0 }
Extension elliptic_curves, curve names: {secp256r1, secp384r1, secp521r1}
Extension ec_point_formats, formats: [uncompressed]
Extension signature_algorithms, signature_algorithms: SHA512withECDSA, SHA512withRSA, SHA384withECDSA, SHA384withRSA, SHA256withECDSA, SHA256withRSA, SHA256withDSA, SHA1withECDSA, SHA1withRSA, SHA1withDSA
Extension extended_master_secret
Extension server_name, server_name: [type=host_name (0), value=activate.navicat.com]
***
nioEventLoopGroup-9-1, WRITE: TLSv1.2 Handshake, length = 208
Allow unsafe renegotiation: false
Allow legacy hello messages: true
Is initial handshake: true
Is secure renegotiation: false
nioEventLoopGroup-8-5, READ: TLSv1.2 Handshake, length = 208
check handshake state: client_hello[1]
update handshake state: client_hello[1]
upcoming handshake states: server_hello[2]
*** ClientHello, TLSv1.2
RandomCookie:  GMT: 1576028557 bytes = { 85, 255, 42, 204, 45, 200, 249, 71, 237, 21, 91, 44, 186, 194, 17, 182, 34, 181, 120, 230, 157, 246, 68, 200, 179, 120, 159, 40 }
Session ID:  {}
Cipher Suites: [TLS_ECDHE_ECDSA_WITH_AES_256_CBC_SHA384, TLS_ECDHE_RSA_WITH_AES_256_CBC_SHA384, TLS_RSA_WITH_AES_256_CBC_SHA256, TLS_ECDH_ECDSA_WITH_AES_256_CBC_SHA384, TLS_ECDH_RSA_WITH_AES_256_CBC_SHA384, TLS_DHE_RSA_WITH_AES_256_CBC_SHA256, TLS_DHE_DSS_WITH_AES_256_CBC_SHA256, TLS_ECDHE_ECDSA_WITH_AES_256_CBC_SHA, TLS_ECDHE_RSA_WITH_AES_256_CBC_SHA, TLS_RSA_WITH_AES_256_CBC_SHA, TLS_ECDH_ECDSA_WITH_AES_256_CBC_SHA, TLS_ECDH_RSA_WITH_AES_256_CBC_SHA, TLS_DHE_RSA_WITH_AES_256_CBC_SHA, TLS_DHE_DSS_WITH_AES_256_CBC_SHA, TLS_ECDHE_ECDSA_WITH_AES_128_CBC_SHA256, TLS_ECDHE_RSA_WITH_AES_128_CBC_SHA256, TLS_RSA_WITH_AES_128_CBC_SHA256, TLS_ECDH_ECDSA_WITH_AES_128_CBC_SHA256, TLS_ECDH_RSA_WITH_AES_128_CBC_SHA256, TLS_DHE_RSA_WITH_AES_128_CBC_SHA256, TLS_DHE_DSS_WITH_AES_128_CBC_SHA256, TLS_ECDHE_ECDSA_WITH_AES_128_CBC_SHA, TLS_ECDHE_RSA_WITH_AES_128_CBC_SHA, TLS_RSA_WITH_AES_128_CBC_SHA, TLS_ECDH_ECDSA_WITH_AES_128_CBC_SHA, TLS_ECDH_RSA_WITH_AES_128_CBC_SHA, TLS_DHE_RSA_WITH_AES_128_CBC_SHA, TLS_DHE_DSS_WITH_AES_128_CBC_SHA, TLS_ECDHE_ECDSA_WITH_AES_256_GCM_SHA384, TLS_ECDHE_ECDSA_WITH_AES_128_GCM_SHA256, TLS_ECDHE_RSA_WITH_AES_256_GCM_SHA384, TLS_RSA_WITH_AES_256_GCM_SHA384, TLS_ECDH_ECDSA_WITH_AES_256_GCM_SHA384, TLS_ECDH_RSA_WITH_AES_256_GCM_SHA384, TLS_DHE_RSA_WITH_AES_256_GCM_SHA384, TLS_DHE_DSS_WITH_AES_256_GCM_SHA384, TLS_ECDHE_RSA_WITH_AES_128_GCM_SHA256, TLS_RSA_WITH_AES_128_GCM_SHA256, TLS_ECDH_ECDSA_WITH_AES_128_GCM_SHA256, TLS_ECDH_RSA_WITH_AES_128_GCM_SHA256, TLS_DHE_RSA_WITH_AES_128_GCM_SHA256, TLS_DHE_DSS_WITH_AES_128_GCM_SHA256, TLS_EMPTY_RENEGOTIATION_INFO_SCSV]
Compression Methods:  { 0 }
Extension elliptic_curves, curve names: {secp256r1, secp384r1, secp521r1}
Extension ec_point_formats, formats: [uncompressed]
Extension signature_algorithms, signature_algorithms: SHA512withECDSA, SHA512withRSA, SHA384withECDSA, SHA384withRSA, SHA256withECDSA, SHA256withRSA, SHA256withDSA, SHA1withECDSA, SHA1withRSA, SHA1withDSA
Extension extended_master_secret
Extension server_name, server_name: [type=host_name (0), value=activate.navicat.com]
***
%% Initialized:  [Session-175, SSL_NULL_WITH_NULL_NULL]
Standard ciphersuite chosen: TLS_ECDHE_RSA_WITH_AES_256_CBC_SHA384
%% Negotiating:  [Session-175, TLS_ECDHE_RSA_WITH_AES_256_CBC_SHA384]
*** ServerHello, TLSv1.2
RandomCookie:  GMT: 1576028557 bytes = { 6, 145, 151, 91, 204, 86, 9, 180, 216, 181, 123, 90, 127, 89, 173, 69, 32, 9, 146, 136, 154, 142, 41, 242, 128, 217, 221, 124 }
Session ID:  {94, 240, 74, 141, 20, 92, 255, 29, 26, 110, 13, 57, 19, 223, 131, 137, 218, 156, 21, 198, 249, 220, 159, 213, 250, 216, 213, 15, 104, 41, 184, 120}
Cipher Suite: TLS_ECDHE_RSA_WITH_AES_256_CBC_SHA384
Compression Method: 0
Extension renegotiation_info, renegotiated_connection: <empty>
Extension extended_master_secret
***
Cipher suite:  TLS_ECDHE_RSA_WITH_AES_256_CBC_SHA384
update handshake state: server_hello[2]
upcoming handshake states: server certificate[11]
upcoming handshake states: server_key_exchange[12](optional)
upcoming handshake states: certificate_request[13](optional)
upcoming handshake states: server_hello_done[14]
upcoming handshake states: client certificate[11](optional)
upcoming handshake states: client_key_exchange[16]
upcoming handshake states: certificate_verify[15](optional)
upcoming handshake states: client change_cipher_spec[-1]
upcoming handshake states: client finished[20]
upcoming handshake states: server change_cipher_spec[-1]
upcoming handshake states: server finished[20]
*** Certificate chain
chain [0] = [
[
  Version: V3
  Subject: CN=localhost, OU=ZooKeeper, O=Apache, L=Unknown, ST=Unknown, C=Unknown
  Signature Algorithm: SHA256withRSA, OID = 1.2.840.113549.1.1.11

  Key:  Sun RSA public key, 2048 bits
  params: null
  modulus: 20466894428749997265095448870198652391311568515891366224735448896044144250313384062095901217219702596717622583159291680947094046474456586662132842412743846124470020097713679685492900855417800931365512472314155689881392853768001073664569106127795833231344696659209258027979401908711647617989508135190248980524852215540637603770017238536229773075995665111861820945008718990948857303373661769409475939971958531493423489844433566328219155461676589360491136984327342101195255797973694339642711115427623510874675394946293706606142706174397483349590050687482693164890194014220011640037490528845185364811025836034294701994387
  public exponent: 65537
  Validity: [From: Sat Jan 31 02:57:30 CST 2015,
               To: Wed Feb 08 02:57:30 CST 3015]
  Issuer: CN=localhost, OU=ZooKeeper, O=Apache, L=Unknown, ST=Unknown, C=Unknown
  SerialNumber: [    7334b506]

Certificate Extensions: 1
[1]: ObjectId: 2.5.29.14 Criticality=false
SubjectKeyIdentifier [
KeyIdentifier [
0000: 65 D7 B4 E0 27 45 7A 00   58 2F AD D5 0B 64 2D 77  e...'Ez.X/...d-w
0010: 88 F7 AA F5                                        ....
]
]

]
  Algorithm: [SHA256withRSA]
  Signature:
0000: 1B C8 6B 36 83 1D 28 37   5C 1F 7D F6 C6 84 A0 BF  ..k6..(7\.......
0010: CA C0 47 CF C5 34 70 7A   CF 6B EA 34 84 BE 08 7A  ..G..4pz.k.4...z
0020: 98 E6 3D ED 1D E2 6F 06   DB 23 AB 41 AD D5 DF 1D  ..=...o..#.A....
0030: 92 F4 9D 05 FD 7C EE BE   4A 87 B8 F1 FE F4 5B 79  ........J.....[y
0040: DC AD F7 44 3D 67 08 7A   3B 91 D7 5A 79 44 96 D7  ...D=g.z;..ZyD..
0050: BE 0E 41 C8 64 E3 87 C3   28 11 AB DC 36 F5 B0 AC  ..A.d...(...6...
0060: BD 2F 16 1D 6E A1 52 25   5A EC 6F AD 20 71 5A 1B  ./..n.R%Z.o. qZ.
0070: 66 D4 0D A6 49 B7 75 43   C4 84 0B 4B AC BD 16 76  f...I.uC...K...v
0080: 58 2B 07 85 E2 F1 44 15   1E 67 D1 3C 13 73 5A 2D  X+....D..g.<.sZ-
0090: D6 06 0B A1 D3 09 7E EF   88 F9 C3 0E A4 10 47 EA  ..............G.
00A0: 65 5D CD F0 39 EA 2F 59   1C 08 BC F9 CC 5B C9 BB  e]..9./Y.....[..
00B0: 2F 20 19 81 97 B5 21 BB   60 A4 39 08 6C 41 2A 51  / ....!.`.9.lA*Q
00C0: B1 C3 1A A3 8C F8 ED 67   D0 EE EC 52 01 2A E4 1E  .......g...R.*..
00D0: D2 B4 34 73 DC 7E 34 24   A9 4E 77 AD FD B3 77 0D  ..4s..4$.Nw...w.
00E0: C2 7A C0 65 F6 CC 11 9D   19 AA 59 13 C3 9D AD 5F  .z.e......Y...._
00F0: 61 E6 C2 18 F0 E5 A1 49   41 B5 EF 9E 91 0C 35 9C  a......IA.....5.

]
***
update handshake state: certificate[11]
upcoming handshake states: server_key_exchange[12](optional)
upcoming handshake states: certificate_request[13](optional)
upcoming handshake states: server_hello_done[14]
upcoming handshake states: client certificate[11](optional)
upcoming handshake states: client_key_exchange[16]
upcoming handshake states: certificate_verify[15](optional)
upcoming handshake states: client change_cipher_spec[-1]
upcoming handshake states: client finished[20]
upcoming handshake states: server change_cipher_spec[-1]
upcoming handshake states: server finished[20]
*** ECDH ServerKeyExchange
Signature Algorithm SHA512withRSA
Server key: Sun EC public key, 256 bits
  public x coord: 45846725060982122886721655563321477294826822579355266632995664937989161680665
  public y coord: 108122501692603114769387508369680069238783310005500893107595293230588921054557
  parameters: secp256r1 [NIST P-256, X9.62 prime256v1] (1.2.840.10045.3.1.7)
update handshake state: server_key_exchange[12]
upcoming handshake states: certificate_request[13](optional)
upcoming handshake states: server_hello_done[14]
upcoming handshake states: client certificate[11](optional)
upcoming handshake states: client_key_exchange[16]
upcoming handshake states: certificate_verify[15](optional)
upcoming handshake states: client change_cipher_spec[-1]
upcoming handshake states: client finished[20]
upcoming handshake states: server change_cipher_spec[-1]
upcoming handshake states: server finished[20]
*** CertificateRequest
Cert Types: RSA, DSS, ECDSA
Supported Signature Algorithms: SHA512withECDSA, SHA512withRSA, SHA384withECDSA, SHA384withRSA, SHA256withECDSA, SHA256withRSA, SHA256withDSA, SHA1withECDSA, SHA1withRSA, SHA1withDSA
Cert Authorities:
<CN=localhost, OU=ZooKeeper, O=Apache, L=Unknown, ST=Unknown, C=Unknown>
update handshake state: unknown[13]
upcoming handshake states: server_hello_done[14]
upcoming handshake states: client certificate[11](optional)
upcoming handshake states: client_key_exchange[16]
upcoming handshake states: certificate_verify[15](optional)
upcoming handshake states: client change_cipher_spec[-1]
upcoming handshake states: client finished[20]
upcoming handshake states: server change_cipher_spec[-1]
upcoming handshake states: server finished[20]
*** ServerHelloDone
update handshake state: server_hello_done[14]
upcoming handshake states: client certificate[11](optional)
upcoming handshake states: client_key_exchange[16]
upcoming handshake states: certificate_verify[15](optional)
upcoming handshake states: client change_cipher_spec[-1]
upcoming handshake states: client finished[20]
upcoming handshake states: server change_cipher_spec[-1]
upcoming handshake states: server finished[20]
nioEventLoopGroup-8-5, WRITE: TLSv1.2 Handshake, length = 1478
nioEventLoopGroup-9-1, READ: TLSv1.2 Handshake, length = 1478
check handshake state: server_hello[2]
*** ServerHello, TLSv1.2
RandomCookie:  GMT: 1576028557 bytes = { 6, 145, 151, 91, 204, 86, 9, 180, 216, 181, 123, 90, 127, 89, 173, 69, 32, 9, 146, 136, 154, 142, 41, 242, 128, 217, 221, 124 }
Session ID:  {94, 240, 74, 141, 20, 92, 255, 29, 26, 110, 13, 57, 19, 223, 131, 137, 218, 156, 21, 198, 249, 220, 159, 213, 250, 216, 213, 15, 104, 41, 184, 120}
Cipher Suite: TLS_ECDHE_RSA_WITH_AES_256_CBC_SHA384
Compression Method: 0
Extension renegotiation_info, renegotiated_connection: <empty>
Extension extended_master_secret
***
%% Initialized:  [Session-176, TLS_ECDHE_RSA_WITH_AES_256_CBC_SHA384]
** TLS_ECDHE_RSA_WITH_AES_256_CBC_SHA384
update handshake state: server_hello[2]
upcoming handshake states: server certificate[11]
upcoming handshake states: server_key_exchange[12](optional)
upcoming handshake states: certificate_request[13](optional)
upcoming handshake states: server_hello_done[14]
upcoming handshake states: client certificate[11](optional)
upcoming handshake states: client_key_exchange[16]
upcoming handshake states: certificate_verify[15](optional)
upcoming handshake states: client change_cipher_spec[-1]
upcoming handshake states: client finished[20]
upcoming handshake states: server change_cipher_spec[-1]
upcoming handshake states: server finished[20]
check handshake state: certificate[11]
update handshake state: certificate[11]
upcoming handshake states: server_key_exchange[12](optional)
upcoming handshake states: certificate_request[13](optional)
upcoming handshake states: server_hello_done[14]
upcoming handshake states: client certificate[11](optional)
upcoming handshake states: client_key_exchange[16]
upcoming handshake states: certificate_verify[15](optional)
upcoming handshake states: client change_cipher_spec[-1]
upcoming handshake states: client finished[20]
upcoming handshake states: server change_cipher_spec[-1]
upcoming handshake states: server finished[20]
*** Certificate chain
chain [0] = [
[
  Version: V3
  Subject: CN=localhost, OU=ZooKeeper, O=Apache, L=Unknown, ST=Unknown, C=Unknown
  Signature Algorithm: SHA256withRSA, OID = 1.2.840.113549.1.1.11

  Key:  Sun RSA public key, 2048 bits
  params: null
  modulus: 20466894428749997265095448870198652391311568515891366224735448896044144250313384062095901217219702596717622583159291680947094046474456586662132842412743846124470020097713679685492900855417800931365512472314155689881392853768001073664569106127795833231344696659209258027979401908711647617989508135190248980524852215540637603770017238536229773075995665111861820945008718990948857303373661769409475939971958531493423489844433566328219155461676589360491136984327342101195255797973694339642711115427623510874675394946293706606142706174397483349590050687482693164890194014220011640037490528845185364811025836034294701994387
  public exponent: 65537
  Validity: [From: Sat Jan 31 02:57:30 CST 2015,
               To: Wed Feb 08 02:57:30 CST 3015]
  Issuer: CN=localhost, OU=ZooKeeper, O=Apache, L=Unknown, ST=Unknown, C=Unknown
  SerialNumber: [    7334b506]

Certificate Extensions: 1
[1]: ObjectId: 2.5.29.14 Criticality=false
SubjectKeyIdentifier [
KeyIdentifier [
0000: 65 D7 B4 E0 27 45 7A 00   58 2F AD D5 0B 64 2D 77  e...'Ez.X/...d-w
0010: 88 F7 AA F5                                        ....
]
]

]
  Algorithm: [SHA256withRSA]
  Signature:
0000: 1B C8 6B 36 83 1D 28 37   5C 1F 7D F6 C6 84 A0 BF  ..k6..(7\.......
0010: CA C0 47 CF C5 34 70 7A   CF 6B EA 34 84 BE 08 7A  ..G..4pz.k.4...z
0020: 98 E6 3D ED 1D E2 6F 06   DB 23 AB 41 AD D5 DF 1D  ..=...o..#.A....
0030: 92 F4 9D 05 FD 7C EE BE   4A 87 B8 F1 FE F4 5B 79  ........J.....[y
0040: DC AD F7 44 3D 67 08 7A   3B 91 D7 5A 79 44 96 D7  ...D=g.z;..ZyD..
0050: BE 0E 41 C8 64 E3 87 C3   28 11 AB DC 36 F5 B0 AC  ..A.d...(...6...
0060: BD 2F 16 1D 6E A1 52 25   5A EC 6F AD 20 71 5A 1B  ./..n.R%Z.o. qZ.
0070: 66 D4 0D A6 49 B7 75 43   C4 84 0B 4B AC BD 16 76  f...I.uC...K...v
0080: 58 2B 07 85 E2 F1 44 15   1E 67 D1 3C 13 73 5A 2D  X+....D..g.<.sZ-
0090: D6 06 0B A1 D3 09 7E EF   88 F9 C3 0E A4 10 47 EA  ..............G.
00A0: 65 5D CD F0 39 EA 2F 59   1C 08 BC F9 CC 5B C9 BB  e]..9./Y.....[..
00B0: 2F 20 19 81 97 B5 21 BB   60 A4 39 08 6C 41 2A 51  / ....!.`.9.lA*Q
00C0: B1 C3 1A A3 8C F8 ED 67   D0 EE EC 52 01 2A E4 1E  .......g...R.*..
00D0: D2 B4 34 73 DC 7E 34 24   A9 4E 77 AD FD B3 77 0D  ..4s..4$.Nw...w.
00E0: C2 7A C0 65 F6 CC 11 9D   19 AA 59 13 C3 9D AD 5F  .z.e......Y...._
00F0: 61 E6 C2 18 F0 E5 A1 49   41 B5 EF 9E 91 0C 35 9C  a......IA.....5.

]
***
Found trusted certificate:
[
[
  Version: V3
  Subject: CN=localhost, OU=ZooKeeper, O=Apache, L=Unknown, ST=Unknown, C=Unknown
  Signature Algorithm: SHA256withRSA, OID = 1.2.840.113549.1.1.11

  Key:  Sun RSA public key, 2048 bits
  params: null
  modulus: 20466894428749997265095448870198652391311568515891366224735448896044144250313384062095901217219702596717622583159291680947094046474456586662132842412743846124470020097713679685492900855417800931365512472314155689881392853768001073664569106127795833231344696659209258027979401908711647617989508135190248980524852215540637603770017238536229773075995665111861820945008718990948857303373661769409475939971958531493423489844433566328219155461676589360491136984327342101195255797973694339642711115427623510874675394946293706606142706174397483349590050687482693164890194014220011640037490528845185364811025836034294701994387
  public exponent: 65537
  Validity: [From: Sat Jan 31 02:57:30 CST 2015,
               To: Wed Feb 08 02:57:30 CST 3015]
  Issuer: CN=localhost, OU=ZooKeeper, O=Apache, L=Unknown, ST=Unknown, C=Unknown
  SerialNumber: [    7334b506]

Certificate Extensions: 1
[1]: ObjectId: 2.5.29.14 Criticality=false
SubjectKeyIdentifier [
KeyIdentifier [
0000: 65 D7 B4 E0 27 45 7A 00   58 2F AD D5 0B 64 2D 77  e...'Ez.X/...d-w
0010: 88 F7 AA F5                                        ....
]
]

]
  Algorithm: [SHA256withRSA]
  Signature:
0000: 1B C8 6B 36 83 1D 28 37   5C 1F 7D F6 C6 84 A0 BF  ..k6..(7\.......
0010: CA C0 47 CF C5 34 70 7A   CF 6B EA 34 84 BE 08 7A  ..G..4pz.k.4...z
0020: 98 E6 3D ED 1D E2 6F 06   DB 23 AB 41 AD D5 DF 1D  ..=...o..#.A....
0030: 92 F4 9D 05 FD 7C EE BE   4A 87 B8 F1 FE F4 5B 79  ........J.....[y
0040: DC AD F7 44 3D 67 08 7A   3B 91 D7 5A 79 44 96 D7  ...D=g.z;..ZyD..
0050: BE 0E 41 C8 64 E3 87 C3   28 11 AB DC 36 F5 B0 AC  ..A.d...(...6...
0060: BD 2F 16 1D 6E A1 52 25   5A EC 6F AD 20 71 5A 1B  ./..n.R%Z.o. qZ.
0070: 66 D4 0D A6 49 B7 75 43   C4 84 0B 4B AC BD 16 76  f...I.uC...K...v
0080: 58 2B 07 85 E2 F1 44 15   1E 67 D1 3C 13 73 5A 2D  X+....D..g.<.sZ-
0090: D6 06 0B A1 D3 09 7E EF   88 F9 C3 0E A4 10 47 EA  ..............G.
00A0: 65 5D CD F0 39 EA 2F 59   1C 08 BC F9 CC 5B C9 BB  e]..9./Y.....[..
00B0: 2F 20 19 81 97 B5 21 BB   60 A4 39 08 6C 41 2A 51  / ....!.`.9.lA*Q
00C0: B1 C3 1A A3 8C F8 ED 67   D0 EE EC 52 01 2A E4 1E  .......g...R.*..
00D0: D2 B4 34 73 DC 7E 34 24   A9 4E 77 AD FD B3 77 0D  ..4s..4$.Nw...w.
00E0: C2 7A C0 65 F6 CC 11 9D   19 AA 59 13 C3 9D AD 5F  .z.e......Y...._
00F0: 61 E6 C2 18 F0 E5 A1 49   41 B5 EF 9E 91 0C 35 9C  a......IA.....5.

]
2020-06-22 14:07:09,261 [myid:127.0.0.1:30074] - ERROR [nioEventLoopGroup-9-1:ZKTrustManager@161] - Failed to verify host address: 127.0.0.1
javax.net.ssl.SSLPeerUnverifiedException: Certificate for <127.0.0.1> doesn't match common name of the certificate subject: localhost
	at org.apache.zookeeper.common.ZKHostnameVerifier.matchCN(ZKHostnameVerifier.java:238)
	at org.apache.zookeeper.common.ZKHostnameVerifier.verify(ZKHostnameVerifier.java:184)
	at org.apache.zookeeper.common.ZKTrustManager.performHostVerification(ZKTrustManager.java:151)
	at org.apache.zookeeper.common.ZKTrustManager.checkServerTrusted(ZKTrustManager.java:118)
	at sun.security.ssl.ClientHandshaker.serverCertificate(ClientHandshaker.java:1675)
	at sun.security.ssl.ClientHandshaker.processMessage(ClientHandshaker.java:226)
	at sun.security.ssl.Handshaker.processLoop(Handshaker.java:1082)
	at sun.security.ssl.Handshaker$1.run(Handshaker.java:1015)
	at sun.security.ssl.Handshaker$1.run(Handshaker.java:1012)
	at java.security.AccessController.doPrivileged(Native Method)
	at sun.security.ssl.Handshaker$DelegatedTask.run(Handshaker.java:1504)
	at io.netty.handler.ssl.SslHandler.runAllDelegatedTasks(SslHandler.java:1510)
	at io.netty.handler.ssl.SslHandler.runDelegatedTasks(SslHandler.java:1524)
	at io.netty.handler.ssl.SslHandler.unwrap(SslHandler.java:1408)
	at io.netty.handler.ssl.SslHandler.decodeJdkCompatible(SslHandler.java:1235)
	at io.netty.handler.ssl.SslHandler.decode(SslHandler.java:1282)
	at io.netty.handler.codec.ByteToMessageDecoder.decodeRemovalReentryProtection(ByteToMessageDecoder.java:498)
	at io.netty.handler.codec.ByteToMessageDecoder.callDecode(ByteToMessageDecoder.java:437)
	at io.netty.handler.codec.ByteToMessageDecoder.channelRead(ByteToMessageDecoder.java:276)
	at io.netty.channel.AbstractChannelHandlerContext.invokeChannelRead(AbstractChannelHandlerContext.java:379)
	at io.netty.channel.AbstractChannelHandlerContext.invokeChannelRead(AbstractChannelHandlerContext.java:365)
	at io.netty.channel.AbstractChannelHandlerContext.fireChannelRead(AbstractChannelHandlerContext.java:357)
	at io.netty.channel.DefaultChannelPipeline$HeadContext.channelRead(DefaultChannelPipeline.java:1410)
	at io.netty.channel.AbstractChannelHandlerContext.invokeChannelRead(AbstractChannelHandlerContext.java:379)
	at io.netty.channel.AbstractChannelHandlerContext.invokeChannelRead(AbstractChannelHandlerContext.java:365)
	at io.netty.channel.DefaultChannelPipeline.fireChannelRead(DefaultChannelPipeline.java:919)
	at io.netty.channel.nio.AbstractNioByteChannel$NioByteUnsafe.read(AbstractNioByteChannel.java:163)
	at io.netty.channel.nio.NioEventLoop.processSelectedKey(NioEventLoop.java:714)
	at io.netty.channel.nio.NioEventLoop.processSelectedKeysOptimized(NioEventLoop.java:650)
	at io.netty.channel.nio.NioEventLoop.processSelectedKeys(NioEventLoop.java:576)
	at io.netty.channel.nio.NioEventLoop.run(NioEventLoop.java:493)
	at io.netty.util.concurrent.SingleThreadEventExecutor$4.run(SingleThreadEventExecutor.java:989)
	at io.netty.util.internal.ThreadExecutorMap$2.run(ThreadExecutorMap.java:74)
	at io.netty.util.concurrent.FastThreadLocalRunnable.run(FastThreadLocalRunnable.java:30)
	at java.lang.Thread.run(Thread.java:748)
2020-06-22 14:07:09,262 [myid:127.0.0.1:30074] - ERROR [nioEventLoopGroup-9-1:ZKTrustManager@162] - Failed to verify hostname: activate.navicat.com
javax.net.ssl.SSLPeerUnverifiedException: Certificate for <activate.navicat.com> doesn't match common name of the certificate subject: localhost
	at org.apache.zookeeper.common.ZKHostnameVerifier.matchCN(ZKHostnameVerifier.java:238)
	at org.apache.zookeeper.common.ZKHostnameVerifier.verify(ZKHostnameVerifier.java:184)
	at org.apache.zookeeper.common.ZKTrustManager.performHostVerification(ZKTrustManager.java:159)
	at org.apache.zookeeper.common.ZKTrustManager.checkServerTrusted(ZKTrustManager.java:118)
	at sun.security.ssl.ClientHandshaker.serverCertificate(ClientHandshaker.java:1675)
	at sun.security.ssl.ClientHandshaker.processMessage(ClientHandshaker.java:226)
	at sun.security.ssl.Handshaker.processLoop(Handshaker.java:1082)
	at sun.security.ssl.Handshaker$1.run(Handshaker.java:1015)
	at sun.security.ssl.Handshaker$1.run(Handshaker.java:1012)
	at java.security.AccessController.doPrivileged(Native Method)
	at sun.security.ssl.Handshaker$DelegatedTask.run(Handshaker.java:1504)
	at io.netty.handler.ssl.SslHandler.runAllDelegatedTasks(SslHandler.java:1510)
	at io.netty.handler.ssl.SslHandler.runDelegatedTasks(SslHandler.java:1524)
	at io.netty.handler.ssl.SslHandler.unwrap(SslHandler.java:1408)
	at io.netty.handler.ssl.SslHandler.decodeJdkCompatible(SslHandler.java:1235)
	at io.netty.handler.ssl.SslHandler.decode(SslHandler.java:1282)
	at io.netty.handler.codec.ByteToMessageDecoder.decodeRemovalReentryProtection(ByteToMessageDecoder.java:498)
	at io.netty.handler.codec.ByteToMessageDecoder.callDecode(ByteToMessageDecoder.java:437)
	at io.netty.handler.codec.ByteToMessageDecoder.channelRead(ByteToMessageDecoder.java:276)
	at io.netty.channel.AbstractChannelHandlerContext.invokeChannelRead(AbstractChannelHandlerContext.java:379)
	at io.netty.channel.AbstractChannelHandlerContext.invokeChannelRead(AbstractChannelHandlerContext.java:365)
	at io.netty.channel.AbstractChannelHandlerContext.fireChannelRead(AbstractChannelHandlerContext.java:357)
	at io.netty.channel.DefaultChannelPipeline$HeadContext.channelRead(DefaultChannelPipeline.java:1410)
	at io.netty.channel.AbstractChannelHandlerContext.invokeChannelRead(AbstractChannelHandlerContext.java:379)
	at io.netty.channel.AbstractChannelHandlerContext.invokeChannelRead(AbstractChannelHandlerContext.java:365)
	at io.netty.channel.DefaultChannelPipeline.fireChannelRead(DefaultChannelPipeline.java:919)
	at io.netty.channel.nio.AbstractNioByteChannel$NioByteUnsafe.read(AbstractNioByteChannel.java:163)
	at io.netty.channel.nio.NioEventLoop.processSelectedKey(NioEventLoop.java:714)
	at io.netty.channel.nio.NioEventLoop.processSelectedKeysOptimized(NioEventLoop.java:650)
	at io.netty.channel.nio.NioEventLoop.processSelectedKeys(NioEventLoop.java:576)
	at io.netty.channel.nio.NioEventLoop.run(NioEventLoop.java:493)
	at io.netty.util.concurrent.SingleThreadEventExecutor$4.run(SingleThreadEventExecutor.java:989)
	at io.netty.util.internal.ThreadExecutorMap$2.run(ThreadExecutorMap.java:74)
	at io.netty.util.concurrent.FastThreadLocalRunnable.run(FastThreadLocalRunnable.java:30)
	at java.lang.Thread.run(Thread.java:748)
nioEventLoopGroup-9-1, fatal error: 46: General SSLEngine problem
java.security.cert.CertificateException: Failed to verify both host address and host name
%% Invalidated:  [Session-173, SSL_NULL_WITH_NULL_NULL]
%% Invalidated:  [Session-176, TLS_ECDHE_RSA_WITH_AES_256_CBC_SHA384]
nioEventLoopGroup-9-1, SEND TLSv1.2 ALERT:  fatal, description = certificate_unknown
nioEventLoopGroup-9-1, WRITE: TLSv1.2 Alert, length = 2
nioEventLoopGroup-9-1, fatal: engine already closed.  Rethrowing javax.net.ssl.SSLHandshakeException: General SSLEngine problem
nioEventLoopGroup-9-1, called closeOutbound()
nioEventLoopGroup-9-1, closeOutboundInternal()
nioEventLoopGroup-9-1, called closeInbound()
nioEventLoopGroup-9-1, fatal: engine already closed.  Rethrowing javax.net.ssl.SSLException: Inbound closed before receiving peer's close_notify: possible truncation attack?
nioEventLoopGroup-8-5, READ: TLSv1.2 Alert, length = 2
nioEventLoopGroup-8-5, RECV TLSv1.2 ALERT:  fatal, certificate_unknown
nioEventLoopGroup-8-5, fatal: engine already closed.  Rethrowing javax.net.ssl.SSLException: Received fatal alert: certificate_unknown
nioEventLoopGroup-8-5, fatal: engine already closed.  Rethrowing javax.net.ssl.SSLException: Received fatal alert: certificate_unknown
2020-06-22 14:07:09,262 [myid:] - ERROR [nioEventLoopGroup-8-5:NettyServerCnxnFactory$CertificateVerifier@434] - Unsuccessful handshake with session 0x0
nioEventLoopGroup-8-5, called closeOutbound()
nioEventLoopGroup-8-5, closeOutboundInternal()
nioEventLoopGroup-8-5, SEND TLSv1.2 ALERT:  warning, description = close_notify
nioEventLoopGroup-8-5, WRITE: TLSv1.2 Alert, length = 2
nioEventLoopGroup-8-5, called closeInbound()
nioEventLoopGroup-8-5, fatal: engine already closed.  Rethrowing javax.net.ssl.SSLException: Inbound closed before receiving peer's close_notify: possible truncation attack?
2020-06-22 14:07:09,263 [myid:127.0.0.1:30074] - ERROR [nioEventLoopGroup-9-1:ClientCnxnSocketNetty$ZKClientHandler@522] - Unexpected throwable
io.netty.handler.codec.DecoderException: javax.net.ssl.SSLHandshakeException: General SSLEngine problem
	at io.netty.handler.codec.ByteToMessageDecoder.callDecode(ByteToMessageDecoder.java:468)
	at io.netty.handler.codec.ByteToMessageDecoder.channelRead(ByteToMessageDecoder.java:276)
	at io.netty.channel.AbstractChannelHandlerContext.invokeChannelRead(AbstractChannelHandlerContext.java:379)
	at io.netty.channel.AbstractChannelHandlerContext.invokeChannelRead(AbstractChannelHandlerContext.java:365)
	at io.netty.channel.AbstractChannelHandlerContext.fireChannelRead(AbstractChannelHandlerContext.java:357)
	at io.netty.channel.DefaultChannelPipeline$HeadContext.channelRead(DefaultChannelPipeline.java:1410)
	at io.netty.channel.AbstractChannelHandlerContext.invokeChannelRead(AbstractChannelHandlerContext.java:379)
	at io.netty.channel.AbstractChannelHandlerContext.invokeChannelRead(AbstractChannelHandlerContext.java:365)
	at io.netty.channel.DefaultChannelPipeline.fireChannelRead(DefaultChannelPipeline.java:919)
	at io.netty.channel.nio.AbstractNioByteChannel$NioByteUnsafe.read(AbstractNioByteChannel.java:163)
	at io.netty.channel.nio.NioEventLoop.processSelectedKey(NioEventLoop.java:714)
	at io.netty.channel.nio.NioEventLoop.processSelectedKeysOptimized(NioEventLoop.java:650)
	at io.netty.channel.nio.NioEventLoop.processSelectedKeys(NioEventLoop.java:576)
	at io.netty.channel.nio.NioEventLoop.run(NioEventLoop.java:493)
	at io.netty.util.concurrent.SingleThreadEventExecutor$4.run(SingleThreadEventExecutor.java:989)
	at io.netty.util.internal.ThreadExecutorMap$2.run(ThreadExecutorMap.java:74)
	at io.netty.util.concurrent.FastThreadLocalRunnable.run(FastThreadLocalRunnable.java:30)
	at java.lang.Thread.run(Thread.java:748)
Caused by: javax.net.ssl.SSLHandshakeException: General SSLEngine problem
	at sun.security.ssl.Handshaker.checkThrown(Handshaker.java:1566)
	at sun.security.ssl.SSLEngineImpl.checkTaskThrown(SSLEngineImpl.java:545)
	at sun.security.ssl.SSLEngineImpl.readNetRecord(SSLEngineImpl.java:819)
	at sun.security.ssl.SSLEngineImpl.unwrap(SSLEngineImpl.java:783)
	at javax.net.ssl.SSLEngine.unwrap(SSLEngine.java:626)
	at io.netty.handler.ssl.SslHandler$SslEngineType$3.unwrap(SslHandler.java:281)
	at io.netty.handler.ssl.SslHandler.unwrap(SslHandler.java:1340)
	at io.netty.handler.ssl.SslHandler.decodeJdkCompatible(SslHandler.java:1235)
	at io.netty.handler.ssl.SslHandler.decode(SslHandler.java:1282)
	at io.netty.handler.codec.ByteToMessageDecoder.decodeRemovalReentryProtection(ByteToMessageDecoder.java:498)
	at io.netty.handler.codec.ByteToMessageDecoder.callDecode(ByteToMessageDecoder.java:437)
	... 17 more
Caused by: javax.net.ssl.SSLHandshakeException: General SSLEngine problem
	at sun.security.ssl.Alerts.getSSLException(Alerts.java:198)
	at sun.security.ssl.SSLEngineImpl.fatal(SSLEngineImpl.java:1729)
	at sun.security.ssl.Handshaker.fatalSE(Handshaker.java:333)
	at sun.security.ssl.Handshaker.fatalSE(Handshaker.java:325)
	at sun.security.ssl.ClientHandshaker.serverCertificate(ClientHandshaker.java:1688)
	at sun.security.ssl.ClientHandshaker.processMessage(ClientHandshaker.java:226)
	at sun.security.ssl.Handshaker.processLoop(Handshaker.java:1082)
	at sun.security.ssl.Handshaker$1.run(Handshaker.java:1015)
	at sun.security.ssl.Handshaker$1.run(Handshaker.java:1012)
	at java.security.AccessController.doPrivileged(Native Method)
	at sun.security.ssl.Handshaker$DelegatedTask.run(Handshaker.java:1504)
	at io.netty.handler.ssl.SslHandler.runAllDelegatedTasks(SslHandler.java:1510)
	at io.netty.handler.ssl.SslHandler.runDelegatedTasks(SslHandler.java:1524)
	at io.netty.handler.ssl.SslHandler.unwrap(SslHandler.java:1408)
	... 21 more
Caused by: java.security.cert.CertificateException: Failed to verify both host address and host name
	at org.apache.zookeeper.common.ZKTrustManager.performHostVerification(ZKTrustManager.java:163)
	at org.apache.zookeeper.common.ZKTrustManager.checkServerTrusted(ZKTrustManager.java:118)
	at sun.security.ssl.ClientHandshaker.serverCertificate(ClientHandshaker.java:1675)
	... 30 more
Caused by: javax.net.ssl.SSLPeerUnverifiedException: Certificate for <activate.navicat.com> doesn't match common name of the certificate subject: localhost
	at org.apache.zookeeper.common.ZKHostnameVerifier.matchCN(ZKHostnameVerifier.java:238)
	at org.apache.zookeeper.common.ZKHostnameVerifier.verify(ZKHostnameVerifier.java:184)
	at org.apache.zookeeper.common.ZKTrustManager.performHostVerification(ZKTrustManager.java:159)
	... 32 more
2020-06-22 14:07:09,263 [myid:127.0.0.1:30074] - INFO  [nioEventLoopGroup-9-1:ClientCnxnSocketNetty@249] - channel is told closing
nioEventLoopGroup-9-1, called closeOutbound()
nioEventLoopGroup-9-1, closeOutboundInternal()
2020-06-22 14:07:09,263 [myid:127.0.0.1:30074] - WARN  [main-SendThread(127.0.0.1:30074):ClientCnxn$SendThread@1272] - Session 0x0 for sever activate.navicat.com/127.0.0.1:30074, Closing socket connection. Attempting reconnect except it is a SessionExpiredException.
EndOfStreamException: channel for sessionid 0x0 is lost
	at org.apache.zookeeper.ClientCnxnSocketNetty.doTransport(ClientCnxnSocketNetty.java:285)
	at org.apache.zookeeper.ClientCnxn$SendThread.run(ClientCnxn.java:1262)
2020-06-22 14:07:09,263 [myid:] - WARN  [nioEventLoopGroup-8-5:NettyServerCnxnFactory$CnxnChannelHandler@273] - Exception caught
io.netty.handler.codec.DecoderException: javax.net.ssl.SSLException: Received fatal alert: certificate_unknown
	at io.netty.handler.codec.ByteToMessageDecoder.callDecode(ByteToMessageDecoder.java:468)
	at io.netty.handler.codec.ByteToMessageDecoder.channelRead(ByteToMessageDecoder.java:276)
	at io.netty.channel.AbstractChannelHandlerContext.invokeChannelRead(AbstractChannelHandlerContext.java:379)
	at io.netty.channel.AbstractChannelHandlerContext.invokeChannelRead(AbstractChannelHandlerContext.java:365)
	at io.netty.channel.AbstractChannelHandlerContext.fireChannelRead(AbstractChannelHandlerContext.java:357)
	at io.netty.channel.DefaultChannelPipeline$HeadContext.channelRead(DefaultChannelPipeline.java:1410)
	at io.netty.channel.AbstractChannelHandlerContext.invokeChannelRead(AbstractChannelHandlerContext.java:379)
	at io.netty.channel.AbstractChannelHandlerContext.invokeChannelRead(AbstractChannelHandlerContext.java:365)
	at io.netty.channel.DefaultChannelPipeline.fireChannelRead(DefaultChannelPipeline.java:919)
	at io.netty.channel.nio.AbstractNioByteChannel$NioByteUnsafe.read(AbstractNioByteChannel.java:163)
	at io.netty.channel.nio.NioEventLoop.processSelectedKey(NioEventLoop.java:714)
	at io.netty.channel.nio.NioEventLoop.processSelectedKeysOptimized(NioEventLoop.java:650)
	at io.netty.channel.nio.NioEventLoop.processSelectedKeys(NioEventLoop.java:576)
	at io.netty.channel.nio.NioEventLoop.run(NioEventLoop.java:493)
	at io.netty.util.concurrent.SingleThreadEventExecutor$4.run(SingleThreadEventExecutor.java:989)
	at io.netty.util.internal.ThreadExecutorMap$2.run(ThreadExecutorMap.java:74)
	at io.netty.util.concurrent.FastThreadLocalRunnable.run(FastThreadLocalRunnable.java:30)
	at java.lang.Thread.run(Thread.java:748)
Caused by: javax.net.ssl.SSLException: Received fatal alert: certificate_unknown
	at sun.security.ssl.Alerts.getSSLException(Alerts.java:214)
	at sun.security.ssl.SSLEngineImpl.fatal(SSLEngineImpl.java:1667)
	at sun.security.ssl.SSLEngineImpl.fatal(SSLEngineImpl.java:1635)
	at sun.security.ssl.SSLEngineImpl.recvAlert(SSLEngineImpl.java:1801)
	at sun.security.ssl.SSLEngineImpl.readRecord(SSLEngineImpl.java:1090)
	at sun.security.ssl.SSLEngineImpl.readNetRecord(SSLEngineImpl.java:913)
	at sun.security.ssl.SSLEngineImpl.unwrap(SSLEngineImpl.java:783)
	at javax.net.ssl.SSLEngine.unwrap(SSLEngine.java:626)
	at io.netty.handler.ssl.SslHandler$SslEngineType$3.unwrap(SslHandler.java:281)
	at io.netty.handler.ssl.SslHandler.unwrap(SslHandler.java:1340)
	at io.netty.handler.ssl.SslHandler.decodeJdkCompatible(SslHandler.java:1235)
	at io.netty.handler.ssl.SslHandler.decode(SslHandler.java:1282)
	at io.netty.handler.codec.ByteToMessageDecoder.decodeRemovalReentryProtection(ByteToMessageDecoder.java:498)
	at io.netty.handler.codec.ByteToMessageDecoder.callDecode(ByteToMessageDecoder.java:437)
	... 17 more
nioEventLoopGroup-8-5, called closeOutbound()
nioEventLoopGroup-8-5, closeOutboundInternal()
2020-06-22 14:07:09,263 [myid:127.0.0.1:30074] - INFO  [nioEventLoopGroup-9-1:ClientCnxnSocketNetty$ZKClientHandler@469] - channel is disconnected: [id: 0x02337efd, L:/127.0.0.1:57058 ! R:activate.navicat.com/127.0.0.1:30074]
nioEventLoopGroup-8-5, READ: TLSv1.2 Alert, length = 2
nioEventLoopGroup-8-5, RECV TLSv1.2 ALERT:  fatal, certificate_unknown
nioEventLoopGroup-8-5, fatal: engine already closed.  Rethrowing javax.net.ssl.SSLException: Received fatal alert: certificate_unknown
nioEventLoopGroup-8-5, fatal: engine already closed.  Rethrowing javax.net.ssl.SSLException: Received fatal alert: certificate_unknown
nioEventLoopGroup-8-5, called closeOutbound()
nioEventLoopGroup-8-5, closeOutboundInternal()
nioEventLoopGroup-8-5, called closeInbound()
nioEventLoopGroup-8-5, closeInboundInternal()
nioEventLoopGroup-8-5, closeOutboundInternal()
2020-06-22 14:07:09,264 [myid:] - WARN  [nioEventLoopGroup-8-5:NettyServerCnxnFactory$CnxnChannelHandler@273] - Exception caught
io.netty.handler.codec.DecoderException: javax.net.ssl.SSLException: Received fatal alert: certificate_unknown
	at io.netty.handler.codec.ByteToMessageDecoder.callDecode(ByteToMessageDecoder.java:468)
	at io.netty.handler.codec.ByteToMessageDecoder.channelInputClosed(ByteToMessageDecoder.java:401)
	at io.netty.handler.codec.ByteToMessageDecoder.channelInputClosed(ByteToMessageDecoder.java:368)
	at io.netty.handler.codec.ByteToMessageDecoder.channelInactive(ByteToMessageDecoder.java:351)
	at io.netty.handler.ssl.SslHandler.channelInactive(SslHandler.java:1084)
	at io.netty.channel.AbstractChannelHandlerContext.invokeChannelInactive(AbstractChannelHandlerContext.java:262)
	at io.netty.channel.AbstractChannelHandlerContext.invokeChannelInactive(AbstractChannelHandlerContext.java:248)
	at io.netty.channel.AbstractChannelHandlerContext.fireChannelInactive(AbstractChannelHandlerContext.java:241)
	at io.netty.channel.DefaultChannelPipeline$HeadContext.channelInactive(DefaultChannelPipeline.java:1405)
	at io.netty.channel.AbstractChannelHandlerContext.invokeChannelInactive(AbstractChannelHandlerContext.java:262)
	at io.netty.channel.AbstractChannelHandlerContext.invokeChannelInactive(AbstractChannelHandlerContext.java:248)
	at io.netty.channel.DefaultChannelPipeline.fireChannelInactive(DefaultChannelPipeline.java:901)
	at io.netty.channel.AbstractChannel$AbstractUnsafe$8.run(AbstractChannel.java:818)
	at io.netty.util.concurrent.AbstractEventExecutor.safeExecute(AbstractEventExecutor.java:164)
	at io.netty.util.concurrent.SingleThreadEventExecutor.runAllTasks(SingleThreadEventExecutor.java:472)
	at io.netty.channel.nio.NioEventLoop.run(NioEventLoop.java:497)
	at io.netty.util.concurrent.SingleThreadEventExecutor$4.run(SingleThreadEventExecutor.java:989)
	at io.netty.util.internal.ThreadExecutorMap$2.run(ThreadExecutorMap.java:74)
	at io.netty.util.concurrent.FastThreadLocalRunnable.run(FastThreadLocalRunnable.java:30)
	at java.lang.Thread.run(Thread.java:748)
Caused by: javax.net.ssl.SSLException: Received fatal alert: certificate_unknown
	at sun.security.ssl.Alerts.getSSLException(Alerts.java:214)
	at sun.security.ssl.SSLEngineImpl.fatal(SSLEngineImpl.java:1667)
	at sun.security.ssl.SSLEngineImpl.fatal(SSLEngineImpl.java:1635)
	at sun.security.ssl.SSLEngineImpl.recvAlert(SSLEngineImpl.java:1801)
	at sun.security.ssl.SSLEngineImpl.readRecord(SSLEngineImpl.java:1090)
	at sun.security.ssl.SSLEngineImpl.readNetRecord(SSLEngineImpl.java:913)
	at sun.security.ssl.SSLEngineImpl.unwrap(SSLEngineImpl.java:783)
	at javax.net.ssl.SSLEngine.unwrap(SSLEngine.java:626)
	at io.netty.handler.ssl.SslHandler$SslEngineType$3.unwrap(SslHandler.java:281)
	at io.netty.handler.ssl.SslHandler.unwrap(SslHandler.java:1340)
	at io.netty.handler.ssl.SslHandler.decodeJdkCompatible(SslHandler.java:1235)
	at io.netty.handler.ssl.SslHandler.decode(SslHandler.java:1282)
	at io.netty.handler.codec.ByteToMessageDecoder.decodeRemovalReentryProtection(ByteToMessageDecoder.java:498)
	at io.netty.handler.codec.ByteToMessageDecoder.callDecode(ByteToMessageDecoder.java:437)
	... 19 more
2020-06-22 14:07:10,266 [myid:] - WARN  [main:JUnit4ZKTestRunner$LoggedInvokeMethod@105] - TEST METHOD FAILED testEnableDisableThrottling_secure_sequentially
java.net.ProtocolException: Unable to connect to server
	at org.apache.zookeeper.test.ClientBase.createClient(ClientBase.java:204)
	at org.apache.zookeeper.test.ClientBase.createClient(ClientBase.java:196)
	at org.apache.zookeeper.test.ClientBase.createClient(ClientBase.java:185)
	at org.apache.zookeeper.test.ClientBase.createClient(ClientBase.java:180)
	at org.apache.zookeeper.server.NettyServerCnxnTest.runEnableDisableThrottling(NettyServerCnxnTest.java:233)
	at org.apache.zookeeper.server.NettyServerCnxnTest.testEnableDisableThrottling_secure_sequentially(NettyServerCnxnTest.java:207)
	at org.apache.zookeeper.JUnit4ZKTestRunner$LoggedInvokeMethod.evaluate(JUnit4ZKTestRunner.java:86)
2020-06-22 14:07:10,266 [myid:] - INFO  [main:ClientBase@583] - tearDown starting
2020-06-22 14:07:10,266 [myid:] - INFO  [main:ClientBase@557] - STOPPING server
2020-06-22 14:07:10,266 [myid:] - INFO  [main:NettyServerCnxnFactory@622] - shutdown called /0:0:0:0:0:0:0:0:30074
2020-06-22 14:07:10,267 [myid:] - INFO  [main:ZooKeeperServer@784] - shutting down
2020-06-22 14:07:10,267 [myid:] - INFO  [main:RequestThrottler@244] - Shutting down
2020-06-22 14:07:10,267 [myid:] - INFO  [RequestThrottler:RequestThrottler@205] - Draining request throttler queue
2020-06-22 14:07:10,267 [myid:] - INFO  [RequestThrottler:RequestThrottler@181] - RequestThrottler shutdown. Dropped 0 requests
2020-06-22 14:07:10,267 [myid:] - INFO  [main:SessionTrackerImpl@247] - Shutting down
2020-06-22 14:07:10,269 [myid:] - INFO  [main:PrepRequestProcessor@1047] - Shutting down
2020-06-22 14:07:10,270 [myid:] - INFO  [main:SyncRequestProcessor@256] - Shutting down
2020-06-22 14:07:10,270 [myid:] - INFO  [ProcessThread(sid:0 cport:30074)::PrepRequestProcessor@159] - PrepRequestProcessor exited loop!
2020-06-22 14:07:10,270 [myid:] - INFO  [SyncThread:0:SyncRequestProcessor@225] - SyncRequestProcessor exited!
2020-06-22 14:07:10,270 [myid:] - INFO  [main:FinalRequestProcessor@662] - shutdown of request processor complete
2020-06-22 14:07:10,271 [myid:] - INFO  [main:FourLetterWordMain@93] - connecting to 127.0.0.1 30074
2020-06-22 14:07:10,271 [myid:] - INFO  [main:FourLetterWordMain@99] - using secure socket
2020-06-22 14:07:10,271 [myid:] - WARN  [main:X509Util@345] - zookeeper.ssl.keyStore.location not specified
2020-06-22 14:07:10,271 [myid:] - WARN  [main:X509Util@366] - zookeeper.ssl.trustStore.location not specified
Inaccessible trust store: D:\Program Files\RedHat\java-1.8.0-openjdk-1.8.0.252-2\jre\lib\security\jssecacerts
trustStore is: D:\Program Files\RedHat\java-1.8.0-openjdk-1.8.0.252-2\jre\lib\security\cacerts
trustStore type is: jks
trustStore provider is: 
the last modified time is: Mon Apr 20 10:11:50 CST 2020
Reload the trust store
Reload trust certs
Reloaded 140 trust certs
adding as trusted cert:
  Subject: CN=Hongkong Post Root CA 1, O=Hongkong Post, C=HK
  Issuer:  CN=Hongkong Post Root CA 1, O=Hongkong Post, C=HK
  Algorithm: RSA; Serial number: 0x3e8
  Valid from Thu May 15 13:13:14 CST 2003 until Mon May 15 12:52:29 CST 2023

adding as trusted cert:
  Subject: CN=SecureTrust CA, O=SecureTrust Corporation, C=US
  Issuer:  CN=SecureTrust CA, O=SecureTrust Corporation, C=US
  Algorithm: RSA; Serial number: 0xcf08e5c0816a5ad427ff0eb271859d0
  Valid from Wed Nov 08 03:31:18 CST 2006 until Tue Jan 01 03:40:55 CST 2030

adding as trusted cert:
  Subject: CN=Entrust Root Certification Authority - EC1, OU="(c) 2012 Entrust, Inc. - for authorized use only", OU=See www.entrust.net/legal-terms, O="Entrust, Inc.", C=US
  Issuer:  CN=Entrust Root Certification Authority - EC1, OU="(c) 2012 Entrust, Inc. - for authorized use only", OU=See www.entrust.net/legal-terms, O="Entrust, Inc.", C=US
  Algorithm: EC; Serial number: 0xa68b79290000000050d091f9
  Valid from Tue Dec 18 23:25:36 CST 2012 until Fri Dec 18 23:55:36 CST 2037

adding as trusted cert:
  Subject: CN=DigiCert Global Root CA, OU=www.digicert.com, O=DigiCert Inc, C=US
  Issuer:  CN=DigiCert Global Root CA, OU=www.digicert.com, O=DigiCert Inc, C=US
  Algorithm: RSA; Serial number: 0x83be056904246b1a1756ac95991c74a
  Valid from Fri Nov 10 08:00:00 CST 2006 until Mon Nov 10 08:00:00 CST 2031

adding as trusted cert:
  Subject: OU=Security Communication RootCA1, O=SECOM Trust.net, C=JP
  Issuer:  OU=Security Communication RootCA1, O=SECOM Trust.net, C=JP
  Algorithm: RSA; Serial number: 0x0
  Valid from Tue Sep 30 12:20:49 CST 2003 until Sat Sep 30 12:20:49 CST 2023

adding as trusted cert:
  Subject: CN=QuoVadis Root CA 2 G3, O=QuoVadis Limited, C=BM
  Issuer:  CN=QuoVadis Root CA 2 G3, O=QuoVadis Limited, C=BM
  Algorithm: RSA; Serial number: 0x445734245b81899b35f2ceb82b3b5ba726f07528
  Valid from Fri Jan 13 02:59:32 CST 2012 until Mon Jan 13 02:59:32 CST 2042

adding as trusted cert:
  Subject: CN=Hellenic Academic and Research Institutions RootCA 2015, O=Hellenic Academic and Research Institutions Cert. Authority, L=Athens, C=GR
  Issuer:  CN=Hellenic Academic and Research Institutions RootCA 2015, O=Hellenic Academic and Research Institutions Cert. Authority, L=Athens, C=GR
  Algorithm: RSA; Serial number: 0x0
  Valid from Tue Jul 07 18:11:21 CST 2015 until Sat Jun 30 18:11:21 CST 2040

adding as trusted cert:
  Subject: CN=DigiCert Trusted Root G4, OU=www.digicert.com, O=DigiCert Inc, C=US
  Issuer:  CN=DigiCert Trusted Root G4, OU=www.digicert.com, O=DigiCert Inc, C=US
  Algorithm: RSA; Serial number: 0x59b1b579e8e2132e23907bda777755c
  Valid from Thu Aug 01 20:00:00 CST 2013 until Fri Jan 15 20:00:00 CST 2038

adding as trusted cert:
  Subject: CN=Hellenic Academic and Research Institutions ECC RootCA 2015, O=Hellenic Academic and Research Institutions Cert. Authority, L=Athens, C=GR
  Issuer:  CN=Hellenic Academic and Research Institutions ECC RootCA 2015, O=Hellenic Academic and Research Institutions Cert. Authority, L=Athens, C=GR
  Algorithm: EC; Serial number: 0x0
  Valid from Tue Jul 07 18:37:12 CST 2015 until Sat Jun 30 18:37:12 CST 2040

adding as trusted cert:
  Subject: CN=GeoTrust Primary Certification Authority, O=GeoTrust Inc., C=US
  Issuer:  CN=GeoTrust Primary Certification Authority, O=GeoTrust Inc., C=US
  Algorithm: RSA; Serial number: 0x18acb56afd69b6153a636cafdafac4a1
  Valid from Mon Nov 27 08:00:00 CST 2006 until Thu Jul 17 07:59:59 CST 2036

adding as trusted cert:
  Subject: OU=Security Communication RootCA2, O="SECOM Trust Systems CO.,LTD.", C=JP
  Issuer:  OU=Security Communication RootCA2, O="SECOM Trust Systems CO.,LTD.", C=JP
  Algorithm: RSA; Serial number: 0x0
  Valid from Fri May 29 13:00:39 CST 2009 until Tue May 29 13:00:39 CST 2029

adding as trusted cert:
  Subject: CN=emSign ECC Root CA - G3, O=eMudhra Technologies Limited, OU=emSign PKI, C=IN
  Issuer:  CN=emSign ECC Root CA - G3, O=eMudhra Technologies Limited, OU=emSign PKI, C=IN
  Algorithm: EC; Serial number: 0x3cf607a968700eda8b84
  Valid from Mon Feb 19 02:30:00 CST 2018 until Thu Feb 19 02:30:00 CST 2043

adding as trusted cert:
  Subject: OU=ePKI Root Certification Authority, O="Chunghwa Telecom Co., Ltd.", C=TW
  Issuer:  OU=ePKI Root Certification Authority, O="Chunghwa Telecom Co., Ltd.", C=TW
  Algorithm: RSA; Serial number: 0x15c8bd65475cafb897005ee406d2bc9d
  Valid from Mon Dec 20 10:31:27 CST 2004 until Wed Dec 20 10:31:27 CST 2034

adding as trusted cert:
  Subject: CN=AffirmTrust Commercial, O=AffirmTrust, C=US
  Issuer:  CN=AffirmTrust Commercial, O=AffirmTrust, C=US
  Algorithm: RSA; Serial number: 0x7777062726a9b17c
  Valid from Fri Jan 29 22:06:06 CST 2010 until Tue Dec 31 22:06:06 CST 2030

adding as trusted cert:
  Subject: CN=Certum Trusted Network CA, OU=Certum Certification Authority, O=Unizeto Technologies S.A., C=PL
  Issuer:  CN=Certum Trusted Network CA, OU=Certum Certification Authority, O=Unizeto Technologies S.A., C=PL
  Algorithm: RSA; Serial number: 0x444c0
  Valid from Wed Oct 22 20:07:37 CST 2008 until Mon Dec 31 20:07:37 CST 2029

adding as trusted cert:
  Subject: CN=XRamp Global Certification Authority, O=XRamp Security Services Inc, OU=www.xrampsecurity.com, C=US
  Issuer:  CN=XRamp Global Certification Authority, O=XRamp Security Services Inc, OU=www.xrampsecurity.com, C=US
  Algorithm: RSA; Serial number: 0x50946cec18ead59c4dd597ef758fa0ad
  Valid from Tue Nov 02 01:14:04 CST 2004 until Mon Jan 01 13:37:19 CST 2035

adding as trusted cert:
  Subject: CN=EC-ACC, OU=Jerarquia Entitats de Certificacio Catalanes, OU=Vegeu https://www.catcert.net/verarrel (c)03, OU=Serveis Publics de Certificacio, O=Agencia Catalana de Certificacio (NIF Q-0801176-I), C=ES
  Issuer:  CN=EC-ACC, OU=Jerarquia Entitats de Certificacio Catalanes, OU=Vegeu https://www.catcert.net/verarrel (c)03, OU=Serveis Publics de Certificacio, O=Agencia Catalana de Certificacio (NIF Q-0801176-I), C=ES
  Algorithm: RSA; Serial number: 0x-11d4c2142bde21eb579d53fb0c223bff
  Valid from Wed Jan 08 07:00:00 CST 2003 until Wed Jan 08 06:59:59 CST 2031

adding as trusted cert:
  Subject: CN=emSign Root CA - G1, O=eMudhra Technologies Limited, OU=emSign PKI, C=IN
  Issuer:  CN=emSign Root CA - G1, O=eMudhra Technologies Limited, OU=emSign PKI, C=IN
  Algorithm: RSA; Serial number: 0x31f5e4620c6c58edd6d8
  Valid from Mon Feb 19 02:30:00 CST 2018 until Thu Feb 19 02:30:00 CST 2043

adding as trusted cert:
  Subject: CN=Sonera Class2 CA, O=Sonera, C=FI
  Issuer:  CN=Sonera Class2 CA, O=Sonera, C=FI
  Algorithm: RSA; Serial number: 0x1d
  Valid from Fri Apr 06 15:29:40 CST 2001 until Tue Apr 06 15:29:40 CST 2021

adding as trusted cert:
  Subject: CN=GeoTrust Primary Certification Authority - G2, OU=(c) 2007 GeoTrust Inc. - For authorized use only, O=GeoTrust Inc., C=US
  Issuer:  CN=GeoTrust Primary Certification Authority - G2, OU=(c) 2007 GeoTrust Inc. - For authorized use only, O=GeoTrust Inc., C=US
  Algorithm: EC; Serial number: 0x3cb2f4480a00e2feeb243b5e603ec36b
  Valid from Mon Nov 05 08:00:00 CST 2007 until Tue Jan 19 07:59:59 CST 2038

adding as trusted cert:
  Subject: CN=Certinomis - Root CA, OU=0002 433998903, O=Certinomis, C=FR
  Issuer:  CN=Certinomis - Root CA, OU=0002 433998903, O=Certinomis, C=FR
  Algorithm: RSA; Serial number: 0x1
  Valid from Mon Oct 21 17:17:18 CST 2013 until Fri Oct 21 17:17:18 CST 2033

adding as trusted cert:
  Subject: CN=COMODO ECC Certification Authority, O=COMODO CA Limited, L=Salford, ST=Greater Manchester, C=GB
  Issuer:  CN=COMODO ECC Certification Authority, O=COMODO CA Limited, L=Salford, ST=Greater Manchester, C=GB
  Algorithm: EC; Serial number: 0x1f47afaa62007050544c019e9b63992a
  Valid from Thu Mar 06 08:00:00 CST 2008 until Tue Jan 19 07:59:59 CST 2038

adding as trusted cert:
  Subject: CN=ISRG Root X1, O=Internet Security Research Group, C=US
  Issuer:  CN=ISRG Root X1, O=Internet Security Research Group, C=US
  Algorithm: RSA; Serial number: 0x8210cfb0d240e3594463e0bb63828b00
  Valid from Thu Jun 04 19:04:38 CST 2015 until Mon Jun 04 19:04:38 CST 2035

adding as trusted cert:
  Subject: CN=DigiCert High Assurance EV Root CA, OU=www.digicert.com, O=DigiCert Inc, C=US
  Issuer:  CN=DigiCert High Assurance EV Root CA, OU=www.digicert.com, O=DigiCert Inc, C=US
  Algorithm: RSA; Serial number: 0x2ac5c266a0b409b8f0b79f2ae462577
  Valid from Fri Nov 10 08:00:00 CST 2006 until Mon Nov 10 08:00:00 CST 2031

adding as trusted cert:
  Subject: CN=TrustCor RootCert CA-1, OU=TrustCor Certificate Authority, O=TrustCor Systems S. de R.L., L=Panama City, ST=Panama, C=PA
  Issuer:  CN=TrustCor RootCert CA-1, OU=TrustCor Certificate Authority, O=TrustCor Systems S. de R.L., L=Panama City, ST=Panama, C=PA
  Algorithm: RSA; Serial number: 0xda9bec71f303b019
  Valid from Thu Feb 04 20:32:16 CST 2016 until Tue Jan 01 01:23:16 CST 2030

adding as trusted cert:
  Subject: CN=GeoTrust Universal CA, O=GeoTrust Inc., C=US
  Issuer:  CN=GeoTrust Universal CA, O=GeoTrust Inc., C=US
  Algorithm: RSA; Serial number: 0x1
  Valid from Thu Mar 04 13:00:00 CST 2004 until Sun Mar 04 13:00:00 CST 2029

adding as trusted cert:
  Subject: CN=GlobalSign, O=GlobalSign, OU=GlobalSign Root CA - R3
  Issuer:  CN=GlobalSign, O=GlobalSign, OU=GlobalSign Root CA - R3
  Algorithm: RSA; Serial number: 0x4000000000121585308a2
  Valid from Wed Mar 18 18:00:00 CST 2009 until Sun Mar 18 18:00:00 CST 2029

adding as trusted cert:
  Subject: CN=GeoTrust Universal CA 2, O=GeoTrust Inc., C=US
  Issuer:  CN=GeoTrust Universal CA 2, O=GeoTrust Inc., C=US
  Algorithm: RSA; Serial number: 0x1
  Valid from Thu Mar 04 13:00:00 CST 2004 until Sun Mar 04 13:00:00 CST 2029

adding as trusted cert:
  Subject: CN=Baltimore CyberTrust Root, OU=CyberTrust, O=Baltimore, C=IE
  Issuer:  CN=Baltimore CyberTrust Root, OU=CyberTrust, O=Baltimore, C=IE
  Algorithm: RSA; Serial number: 0x20000b9
  Valid from Sat May 13 02:46:00 CST 2000 until Tue May 13 07:59:00 CST 2025

adding as trusted cert:
  Subject: CN=AAA Certificate Services, O=Comodo CA Limited, L=Salford, ST=Greater Manchester, C=GB
  Issuer:  CN=AAA Certificate Services, O=Comodo CA Limited, L=Salford, ST=Greater Manchester, C=GB
  Algorithm: RSA; Serial number: 0x1
  Valid from Thu Jan 01 08:00:00 CST 2004 until Mon Jan 01 07:59:59 CST 2029

adding as trusted cert:
  Subject: OU=Starfield Class 2 Certification Authority, O="Starfield Technologies, Inc.", C=US
  Issuer:  OU=Starfield Class 2 Certification Authority, O="Starfield Technologies, Inc.", C=US
  Algorithm: RSA; Serial number: 0x0
  Valid from Wed Jun 30 01:39:16 CST 2004 until Fri Jun 30 01:39:16 CST 2034

adding as trusted cert:
  Subject: CN=VeriSign Class 3 Public Primary Certification Authority - G3, OU="(c) 1999 VeriSign, Inc. - For authorized use only", OU=VeriSign Trust Network, O="VeriSign, Inc.", C=US
  Issuer:  CN=VeriSign Class 3 Public Primary Certification Authority - G3, OU="(c) 1999 VeriSign, Inc. - For authorized use only", OU=VeriSign Trust Network, O="VeriSign, Inc.", C=US
  Algorithm: RSA; Serial number: 0x9b7e0649a33e62b9d5ee90487129ef57
  Valid from Fri Oct 01 08:00:00 CST 1999 until Thu Jul 17 07:59:59 CST 2036

adding as trusted cert:
  Subject: OU=AC RAIZ FNMT-RCM, O=FNMT-RCM, C=ES
  Issuer:  OU=AC RAIZ FNMT-RCM, O=FNMT-RCM, C=ES
  Algorithm: RSA; Serial number: 0x5d938d306736c8061d1ac754846907
  Valid from Wed Oct 29 23:59:56 CST 2008 until Tue Jan 01 08:00:00 CST 2030

adding as trusted cert:
  Subject: CN=GlobalSign Root CA, OU=Root CA, O=GlobalSign nv-sa, C=BE
  Issuer:  CN=GlobalSign Root CA, OU=Root CA, O=GlobalSign nv-sa, C=BE
  Algorithm: RSA; Serial number: 0x40000000001154b5ac394
  Valid from Tue Sep 01 20:00:00 CST 1998 until Fri Jan 28 20:00:00 CST 2028

adding as trusted cert:
  Subject: CN=AffirmTrust Networking, O=AffirmTrust, C=US
  Issuer:  CN=AffirmTrust Networking, O=AffirmTrust, C=US
  Algorithm: RSA; Serial number: 0x7c4f04391cd4992d
  Valid from Fri Jan 29 22:08:24 CST 2010 until Tue Dec 31 22:08:24 CST 2030

adding as trusted cert:
  Subject: CN=TWCA Global Root CA, OU=Root CA, O=TAIWAN-CA, C=TW
  Issuer:  CN=TWCA Global Root CA, OU=Root CA, O=TAIWAN-CA, C=TW
  Algorithm: RSA; Serial number: 0xcbe
  Valid from Wed Jun 27 14:28:33 CST 2012 until Tue Dec 31 23:59:59 CST 2030

adding as trusted cert:
  Subject: CN=AffirmTrust Premium, O=AffirmTrust, C=US
  Issuer:  CN=AffirmTrust Premium, O=AffirmTrust, C=US
  Algorithm: RSA; Serial number: 0x6d8c1446b1a60aee
  Valid from Fri Jan 29 22:10:36 CST 2010 until Mon Dec 31 22:10:36 CST 2040

adding as trusted cert:
  Subject: O=Government Root Certification Authority, C=TW
  Issuer:  O=Government Root Certification Authority, C=TW
  Algorithm: RSA; Serial number: 0x1f9d595ad72fc20644a5800869e35ef6
  Valid from Thu Dec 05 21:23:33 CST 2002 until Sun Dec 05 21:23:33 CST 2032

adding as trusted cert:
  Subject: CN=GeoTrust Primary Certification Authority - G3, OU=(c) 2008 GeoTrust Inc. - For authorized use only, O=GeoTrust Inc., C=US
  Issuer:  CN=GeoTrust Primary Certification Authority - G3, OU=(c) 2008 GeoTrust Inc. - For authorized use only, O=GeoTrust Inc., C=US
  Algorithm: RSA; Serial number: 0x15ac6e9419b2794b41f627a9c3180f1f
  Valid from Wed Apr 02 08:00:00 CST 2008 until Wed Dec 02 07:59:59 CST 2037

adding as trusted cert:
  Subject: CN=TWCA Root Certification Authority, OU=Root CA, O=TAIWAN-CA, C=TW
  Issuer:  CN=TWCA Root Certification Authority, OU=Root CA, O=TAIWAN-CA, C=TW
  Algorithm: RSA; Serial number: 0x1
  Valid from Thu Aug 28 15:24:33 CST 2008 until Tue Dec 31 23:59:59 CST 2030

adding as trusted cert:
  Subject: CN=LuxTrust Global Root 2, O=LuxTrust S.A., C=LU
  Issuer:  CN=LuxTrust Global Root 2, O=LuxTrust S.A., C=LU
  Algorithm: RSA; Serial number: 0xa7ea6df4b449eda6a24859ee6b815d3167fbbb1
  Valid from Thu Mar 05 21:21:57 CST 2015 until Mon Mar 05 21:21:57 CST 2035

adding as trusted cert:
  Subject: CN=Chambers of Commerce Root - 2008, O=AC Camerfirma S.A., SERIALNUMBER=A82743287, L=Madrid (see current address at www.camerfirma.com/address), C=EU
  Issuer:  CN=Chambers of Commerce Root - 2008, O=AC Camerfirma S.A., SERIALNUMBER=A82743287, L=Madrid (see current address at www.camerfirma.com/address), C=EU
  Algorithm: RSA; Serial number: 0xa3da427ea4b1aeda
  Valid from Fri Aug 01 20:29:50 CST 2008 until Sat Jul 31 20:29:50 CST 2038

adding as trusted cert:
  Subject: C=DE, O=Atos, CN=Atos TrustedRoot 2011
  Issuer:  C=DE, O=Atos, CN=Atos TrustedRoot 2011
  Algorithm: RSA; Serial number: 0x5c33cb622c5fb332
  Valid from Thu Jul 07 22:58:30 CST 2011 until Wed Jan 01 07:59:59 CST 2031

adding as trusted cert:
  Subject: CN=SSL.com EV Root Certification Authority RSA R2, O=SSL Corporation, L=Houston, ST=Texas, C=US
  Issuer:  CN=SSL.com EV Root Certification Authority RSA R2, O=SSL Corporation, L=Houston, ST=Texas, C=US
  Algorithm: RSA; Serial number: 0x56b629cd34bc78f6
  Valid from Thu Jun 01 02:14:37 CST 2017 until Sat May 31 02:14:37 CST 2042

adding as trusted cert:
  Subject: CN=SwissSign Silver CA - G2, O=SwissSign AG, C=CH
  Issuer:  CN=SwissSign Silver CA - G2, O=SwissSign AG, C=CH
  Algorithm: RSA; Serial number: 0x4f1bd42f54bb2f4b
  Valid from Wed Oct 25 16:32:46 CST 2006 until Sat Oct 25 16:32:46 CST 2036

adding as trusted cert:
  Subject: CN=SecureSign RootCA11, O="Japan Certification Services, Inc.", C=JP
  Issuer:  CN=SecureSign RootCA11, O="Japan Certification Services, Inc.", C=JP
  Algorithm: RSA; Serial number: 0x1
  Valid from Wed Apr 08 12:56:47 CST 2009 until Sun Apr 08 12:56:47 CST 2029

adding as trusted cert:
  Subject: CN=SSL.com Root Certification Authority ECC, O=SSL Corporation, L=Houston, ST=Texas, C=US
  Issuer:  CN=SSL.com Root Certification Authority ECC, O=SSL Corporation, L=Houston, ST=Texas, C=US
  Algorithm: EC; Serial number: 0x75e6dfcbc1685ba8
  Valid from Sat Feb 13 02:14:03 CST 2016 until Wed Feb 13 02:14:03 CST 2041

adding as trusted cert:
  Subject: CN=Entrust Root Certification Authority - G2, OU="(c) 2009 Entrust, Inc. - for authorized use only", OU=See www.entrust.net/legal-terms, O="Entrust, Inc.", C=US
  Issuer:  CN=Entrust Root Certification Authority - G2, OU="(c) 2009 Entrust, Inc. - for authorized use only", OU=See www.entrust.net/legal-terms, O="Entrust, Inc.", C=US
  Algorithm: RSA; Serial number: 0x4a538c28
  Valid from Wed Jul 08 01:25:54 CST 2009 until Sun Dec 08 01:55:54 CST 2030

adding as trusted cert:
  Subject: CN=DigiCert Assured ID Root CA, OU=www.digicert.com, O=DigiCert Inc, C=US
  Issuer:  CN=DigiCert Assured ID Root CA, OU=www.digicert.com, O=DigiCert Inc, C=US
  Algorithm: RSA; Serial number: 0xce7e0e517d846fe8fe560fc1bf03039
  Valid from Fri Nov 10 08:00:00 CST 2006 until Mon Nov 10 08:00:00 CST 2031

adding as trusted cert:
  Subject: OU=Go Daddy Class 2 Certification Authority, O="The Go Daddy Group, Inc.", C=US
  Issuer:  OU=Go Daddy Class 2 Certification Authority, O="The Go Daddy Group, Inc.", C=US
  Algorithm: RSA; Serial number: 0x0
  Valid from Wed Jun 30 01:06:20 CST 2004 until Fri Jun 30 01:06:20 CST 2034

adding as trusted cert:
  Subject: CN=TrustCor RootCert CA-2, OU=TrustCor Certificate Authority, O=TrustCor Systems S. de R.L., L=Panama City, ST=Panama, C=PA
  Issuer:  CN=TrustCor RootCert CA-2, OU=TrustCor Certificate Authority, O=TrustCor Systems S. de R.L., L=Panama City, ST=Panama, C=PA
  Algorithm: RSA; Serial number: 0x25a1dfca33cb5902
  Valid from Thu Feb 04 20:32:23 CST 2016 until Mon Jan 01 01:26:39 CST 2035

adding as trusted cert:
  Subject: CN=TUBITAK Kamu SM SSL Kok Sertifikasi - Surum 1, OU=Kamu Sertifikasyon Merkezi - Kamu SM, O=Turkiye Bilimsel ve Teknolojik Arastirma Kurumu - TUBITAK, L=Gebze - Kocaeli, C=TR
  Issuer:  CN=TUBITAK Kamu SM SSL Kok Sertifikasi - Surum 1, OU=Kamu Sertifikasyon Merkezi - Kamu SM, O=Turkiye Bilimsel ve Teknolojik Arastirma Kurumu - TUBITAK, L=Gebze - Kocaeli, C=TR
  Algorithm: RSA; Serial number: 0x1
  Valid from Mon Nov 25 16:25:55 CST 2013 until Sun Oct 25 16:25:55 CST 2043

adding as trusted cert:
  Subject: CN=Secure Global CA, O=SecureTrust Corporation, C=US
  Issuer:  CN=Secure Global CA, O=SecureTrust Corporation, C=US
  Algorithm: RSA; Serial number: 0x75622a4e8d48a894df413c8f0f8eaa5
  Valid from Wed Nov 08 03:42:28 CST 2006 until Tue Jan 01 03:52:06 CST 2030

adding as trusted cert:
  Subject: CN=AddTrust External CA Root, OU=AddTrust External TTP Network, O=AddTrust AB, C=SE
  Issuer:  CN=AddTrust External CA Root, OU=AddTrust External TTP Network, O=AddTrust AB, C=SE
  Algorithm: RSA; Serial number: 0x1
  Valid from Tue May 30 18:48:38 CST 2000 until Sat May 30 18:48:38 CST 2020

adding as trusted cert:
  Subject: CN=T-TeleSec GlobalRoot Class 3, OU=T-Systems Trust Center, O=T-Systems Enterprise Services GmbH, C=DE
  Issuer:  CN=T-TeleSec GlobalRoot Class 3, OU=T-Systems Trust Center, O=T-Systems Enterprise Services GmbH, C=DE
  Algorithm: RSA; Serial number: 0x1
  Valid from Wed Oct 01 18:29:56 CST 2008 until Sun Oct 02 07:59:59 CST 2033

adding as trusted cert:
  Subject: CN=Certigna Root CA, OU=0002 48146308100036, O=Dhimyotis, C=FR
  Issuer:  CN=Certigna Root CA, OU=0002 48146308100036, O=Dhimyotis, C=FR
  Algorithm: RSA; Serial number: 0xcae91b89f155030da3e6416dc4e3a6e1
  Valid from Tue Oct 01 16:32:27 CST 2013 until Sat Oct 01 16:32:27 CST 2033

adding as trusted cert:
  Subject: CN=DigiCert Global Root G3, OU=www.digicert.com, O=DigiCert Inc, C=US
  Issuer:  CN=DigiCert Global Root G3, OU=www.digicert.com, O=DigiCert Inc, C=US
  Algorithm: EC; Serial number: 0x55556bcf25ea43535c3a40fd5ab4572
  Valid from Thu Aug 01 20:00:00 CST 2013 until Fri Jan 15 20:00:00 CST 2038

adding as trusted cert:
  Subject: CN=TrustCor ECA-1, OU=TrustCor Certificate Authority, O=TrustCor Systems S. de R.L., L=Panama City, ST=Panama, C=PA
  Issuer:  CN=TrustCor ECA-1, OU=TrustCor Certificate Authority, O=TrustCor Systems S. de R.L., L=Panama City, ST=Panama, C=PA
  Algorithm: RSA; Serial number: 0x84822c5f1c62d040
  Valid from Thu Feb 04 20:32:33 CST 2016 until Tue Jan 01 01:28:07 CST 2030

adding as trusted cert:
  Subject: CN=Class 2 Primary CA, O=Certplus, C=FR
  Issuer:  CN=Class 2 Primary CA, O=Certplus, C=FR
  Algorithm: RSA; Serial number: 0x85bd4bf3d8dae369f694d75fc3a54423
  Valid from Thu Jul 08 01:05:00 CST 1999 until Sun Jul 07 07:59:59 CST 2019

adding as trusted cert:
  Subject: CN=OISTE WISeKey Global Root GA CA, OU=OISTE Foundation Endorsed, OU=Copyright (c) 2005, O=WISeKey, C=CH
  Issuer:  CN=OISTE WISeKey Global Root GA CA, OU=OISTE Foundation Endorsed, OU=Copyright (c) 2005, O=WISeKey, C=CH
  Algorithm: RSA; Serial number: 0x413d72c7f46b1f81437df1d22854df9a
  Valid from Mon Dec 12 00:03:44 CST 2005 until Sat Dec 12 00:09:51 CST 2037

adding as trusted cert:
  Subject: CN=GeoTrust Global CA, O=GeoTrust Inc., C=US
  Issuer:  CN=GeoTrust Global CA, O=GeoTrust Inc., C=US
  Algorithm: RSA; Serial number: 0x23456
  Valid from Tue May 21 12:00:00 CST 2002 until Sat May 21 12:00:00 CST 2022

adding as trusted cert:
  Subject: CN=Network Solutions Certificate Authority, O=Network Solutions L.L.C., C=US
  Issuer:  CN=Network Solutions Certificate Authority, O=Network Solutions L.L.C., C=US
  Algorithm: RSA; Serial number: 0x57cb336fc25c16e6471617e3903168e0
  Valid from Fri Dec 01 08:00:00 CST 2006 until Tue Jan 01 07:59:59 CST 2030

adding as trusted cert:
  Subject: CN=CFCA EV ROOT, O=China Financial Certification Authority, C=CN
  Issuer:  CN=CFCA EV ROOT, O=China Financial Certification Authority, C=CN
  Algorithm: RSA; Serial number: 0x184accd6
  Valid from Wed Aug 08 11:07:01 CST 2012 until Mon Dec 31 11:07:01 CST 2029

adding as trusted cert:
  Subject: CN=GlobalSign, O=GlobalSign, OU=GlobalSign ECC Root CA - R5
  Issuer:  CN=GlobalSign, O=GlobalSign, OU=GlobalSign ECC Root CA - R5
  Algorithm: EC; Serial number: 0x605949e0262ebb55f90a778a71f94ad86c
  Valid from Tue Nov 13 08:00:00 CST 2012 until Tue Jan 19 11:14:07 CST 2038

adding as trusted cert:
  Subject: CN=Hellenic Academic and Research Institutions RootCA 2011, O=Hellenic Academic and Research Institutions Cert. Authority, C=GR
  Issuer:  CN=Hellenic Academic and Research Institutions RootCA 2011, O=Hellenic Academic and Research Institutions Cert. Authority, C=GR
  Algorithm: RSA; Serial number: 0x0
  Valid from Tue Dec 06 21:49:52 CST 2011 until Mon Dec 01 21:49:52 CST 2031

adding as trusted cert:
  Subject: CN=Certum Trusted Network CA 2, OU=Certum Certification Authority, O=Unizeto Technologies S.A., C=PL
  Issuer:  CN=Certum Trusted Network CA 2, OU=Certum Certification Authority, O=Unizeto Technologies S.A., C=PL
  Algorithm: RSA; Serial number: 0x21d6d04a4f250fc93237fcaa5e128de9
  Valid from Thu Oct 06 16:39:56 CST 2011 until Sat Oct 06 16:39:56 CST 2046

adding as trusted cert:
  Subject: CN=Starfield Root Certificate Authority - G2, O="Starfield Technologies, Inc.", L=Scottsdale, ST=Arizona, C=US
  Issuer:  CN=Starfield Root Certificate Authority - G2, O="Starfield Technologies, Inc.", L=Scottsdale, ST=Arizona, C=US
  Algorithm: RSA; Serial number: 0x0
  Valid from Tue Sep 01 08:00:00 CST 2009 until Fri Jan 01 07:59:59 CST 2038

adding as trusted cert:
  Subject: CN=IdenTrust Public Sector Root CA 1, O=IdenTrust, C=US
  Issuer:  CN=IdenTrust Public Sector Root CA 1, O=IdenTrust, C=US
  Algorithm: RSA; Serial number: 0xa0142800000014523cf467c00000002
  Valid from Fri Jan 17 01:53:32 CST 2014 until Tue Jan 17 01:53:32 CST 2034

adding as trusted cert:
  Subject: CN=Entrust.net Certification Authority (2048), OU=(c) 1999 Entrust.net Limited, OU=www.entrust.net/CPS_2048 incorp. by ref. (limits liab.), O=Entrust.net
  Issuer:  CN=Entrust.net Certification Authority (2048), OU=(c) 1999 Entrust.net Limited, OU=www.entrust.net/CPS_2048 incorp. by ref. (limits liab.), O=Entrust.net
  Algorithm: RSA; Serial number: 0x3863def8
  Valid from Sat Dec 25 01:50:51 CST 1999 until Tue Jul 24 22:15:12 CST 2029

adding as trusted cert:
  Subject: CN=Staat der Nederlanden Root CA - G3, O=Staat der Nederlanden, C=NL
  Issuer:  CN=Staat der Nederlanden Root CA - G3, O=Staat der Nederlanden, C=NL
  Algorithm: RSA; Serial number: 0x98a239
  Valid from Thu Nov 14 19:28:42 CST 2013 until Tue Nov 14 07:00:00 CST 2028

adding as trusted cert:
  Subject: CN=TeliaSonera Root CA v1, O=TeliaSonera
  Issuer:  CN=TeliaSonera Root CA v1, O=TeliaSonera
  Algorithm: RSA; Serial number: 0x95be16a0f72e46f17b398272fa8bcd96
  Valid from Thu Oct 18 20:00:50 CST 2007 until Mon Oct 18 20:00:50 CST 2032

adding as trusted cert:
  Subject: CN=thawte Primary Root CA, OU="(c) 2006 thawte, Inc. - For authorized use only", OU=Certification Services Division, O="thawte, Inc.", C=US
  Issuer:  CN=thawte Primary Root CA, OU="(c) 2006 thawte, Inc. - For authorized use only", OU=Certification Services Division, O="thawte, Inc.", C=US
  Algorithm: RSA; Serial number: 0x344ed55720d5edec49f42fce37db2b6d
  Valid from Fri Nov 17 08:00:00 CST 2006 until Thu Jul 17 07:59:59 CST 2036

adding as trusted cert:
  Subject: CN=Go Daddy Root Certificate Authority - G2, O="GoDaddy.com, Inc.", L=Scottsdale, ST=Arizona, C=US
  Issuer:  CN=Go Daddy Root Certificate Authority - G2, O="GoDaddy.com, Inc.", L=Scottsdale, ST=Arizona, C=US
  Algorithm: RSA; Serial number: 0x0
  Valid from Tue Sep 01 08:00:00 CST 2009 until Fri Jan 01 07:59:59 CST 2038

adding as trusted cert:
  Subject: CN=VeriSign Class 3 Public Primary Certification Authority - G4, OU="(c) 2007 VeriSign, Inc. - For authorized use only", OU=VeriSign Trust Network, O="VeriSign, Inc.", C=US
  Issuer:  CN=VeriSign Class 3 Public Primary Certification Authority - G4, OU="(c) 2007 VeriSign, Inc. - For authorized use only", OU=VeriSign Trust Network, O="VeriSign, Inc.", C=US
  Algorithm: EC; Serial number: 0x2f80fe238c0e220f486712289187acb3
  Valid from Mon Nov 05 08:00:00 CST 2007 until Tue Jan 19 07:59:59 CST 2038

adding as trusted cert:
  Subject: CN=Staat der Nederlanden EV Root CA, O=Staat der Nederlanden, C=NL
  Issuer:  CN=Staat der Nederlanden EV Root CA, O=Staat der Nederlanden, C=NL
  Algorithm: RSA; Serial number: 0x98968d
  Valid from Wed Dec 08 19:19:29 CST 2010 until Thu Dec 08 19:10:28 CST 2022

adding as trusted cert:
  Subject: CN=Entrust Root Certification Authority, OU="(c) 2006 Entrust, Inc.", OU=www.entrust.net/CPS is incorporated by reference, O="Entrust, Inc.", C=US
  Issuer:  CN=Entrust Root Certification Authority, OU="(c) 2006 Entrust, Inc.", OU=www.entrust.net/CPS is incorporated by reference, O="Entrust, Inc.", C=US
  Algorithm: RSA; Serial number: 0x456b5054
  Valid from Tue Nov 28 04:23:42 CST 2006 until Sat Nov 28 04:53:42 CST 2026

adding as trusted cert:
  Subject: CN=GTS Root R2, O=Google Trust Services LLC, C=US
  Issuer:  CN=GTS Root R2, O=Google Trust Services LLC, C=US
  Algorithm: RSA; Serial number: 0x6e47a9c65ab3e720c5309a3f6852f26f
  Valid from Wed Jun 22 08:00:00 CST 2016 until Sun Jun 22 08:00:00 CST 2036

adding as trusted cert:
  Subject: CN=DigiCert Assured ID Root G2, OU=www.digicert.com, O=DigiCert Inc, C=US
  Issuer:  CN=DigiCert Assured ID Root G2, OU=www.digicert.com, O=DigiCert Inc, C=US
  Algorithm: RSA; Serial number: 0xb931c3ad63967ea6723bfc3af9af44b
  Valid from Thu Aug 01 20:00:00 CST 2013 until Fri Jan 15 20:00:00 CST 2038

adding as trusted cert:
  Subject: CN=SSL.com Root Certification Authority RSA, O=SSL Corporation, L=Houston, ST=Texas, C=US
  Issuer:  CN=SSL.com Root Certification Authority RSA, O=SSL Corporation, L=Houston, ST=Texas, C=US
  Algorithm: RSA; Serial number: 0x7b2c9bd316803299
  Valid from Sat Feb 13 01:39:39 CST 2016 until Wed Feb 13 01:39:39 CST 2041

adding as trusted cert:
  Subject: CN=Amazon Root CA 4, O=Amazon, C=US
  Issuer:  CN=Amazon Root CA 4, O=Amazon, C=US
  Algorithm: EC; Serial number: 0x66c9fd7c1bb104c2943e5717b7b2cc81ac10e
  Valid from Tue May 26 08:00:00 CST 2015 until Sat May 26 08:00:00 CST 2040

adding as trusted cert:
  Subject: CN=GlobalSign, O=GlobalSign, OU=GlobalSign Root CA - R6
  Issuer:  CN=GlobalSign, O=GlobalSign, OU=GlobalSign Root CA - R6
  Algorithm: RSA; Serial number: 0x45e6bb038333c3856548e6ff4551
  Valid from Wed Dec 10 08:00:00 CST 2014 until Sun Dec 10 08:00:00 CST 2034

adding as trusted cert:
  Subject: CN=CA Disig Root R2, O=Disig a.s., L=Bratislava, C=SK
  Issuer:  CN=CA Disig Root R2, O=Disig a.s., L=Bratislava, C=SK
  Algorithm: RSA; Serial number: 0x92b888dbb08ac163
  Valid from Thu Jul 19 17:15:30 CST 2012 until Sat Jul 19 17:15:30 CST 2042

adding as trusted cert:
  Subject: CN=OISTE WISeKey Global Root GC CA, OU=OISTE Foundation Endorsed, O=WISeKey, C=CH
  Issuer:  CN=OISTE WISeKey Global Root GC CA, OU=OISTE Foundation Endorsed, O=WISeKey, C=CH
  Algorithm: EC; Serial number: 0x212a560caeda0cab4045bf2ba22d3aea
  Valid from Tue May 09 17:48:34 CST 2017 until Fri May 09 17:58:33 CST 2042

adding as trusted cert:
  Subject: CN=DST Root CA X3, O=Digital Signature Trust Co.
  Issuer:  CN=DST Root CA X3, O=Digital Signature Trust Co.
  Algorithm: RSA; Serial number: 0x44afb080d6a327ba893039862ef8406b
  Valid from Sun Oct 01 05:12:19 CST 2000 until Thu Sep 30 22:01:15 CST 2021

adding as trusted cert:
  Subject: CN=Buypass Class 2 Root CA, O=Buypass AS-983163327, C=NO
  Issuer:  CN=Buypass Class 2 Root CA, O=Buypass AS-983163327, C=NO
  Algorithm: RSA; Serial number: 0x2
  Valid from Tue Oct 26 16:38:03 CST 2010 until Fri Oct 26 16:38:03 CST 2040

adding as trusted cert:
  Subject: CN=D-TRUST Root Class 3 CA 2 EV 2009, O=D-Trust GmbH, C=DE
  Issuer:  CN=D-TRUST Root Class 3 CA 2 EV 2009, O=D-Trust GmbH, C=DE
  Algorithm: RSA; Serial number: 0x983f4
  Valid from Thu Nov 05 16:50:46 CST 2009 until Mon Nov 05 16:50:46 CST 2029

adding as trusted cert:
  Subject: CN=Hongkong Post Root CA 3, O=Hongkong Post, L=Hong Kong, ST=Hong Kong, C=HK
  Issuer:  CN=Hongkong Post Root CA 3, O=Hongkong Post, L=Hong Kong, ST=Hong Kong, C=HK
  Algorithm: RSA; Serial number: 0x8165f8a4ca5ec00c99340dfc4c6ae23b81c5aa4
  Valid from Sat Jun 03 10:29:46 CST 2017 until Tue Jun 03 10:29:46 CST 2042

adding as trusted cert:
  Subject: CN=DigiCert Assured ID Root G3, OU=www.digicert.com, O=DigiCert Inc, C=US
  Issuer:  CN=DigiCert Assured ID Root G3, OU=www.digicert.com, O=DigiCert Inc, C=US
  Algorithm: EC; Serial number: 0xba15afa1ddfa0b54944afcd24a06cec
  Valid from Thu Aug 01 20:00:00 CST 2013 until Fri Jan 15 20:00:00 CST 2038

adding as trusted cert:
  Subject: CN=SwissSign Gold CA - G2, O=SwissSign AG, C=CH
  Issuer:  CN=SwissSign Gold CA - G2, O=SwissSign AG, C=CH
  Algorithm: RSA; Serial number: 0xbb401c43f55e4fb0
  Valid from Wed Oct 25 16:30:35 CST 2006 until Sat Oct 25 16:30:35 CST 2036

adding as trusted cert:
  Subject: CN=USERTrust ECC Certification Authority, O=The USERTRUST Network, L=Jersey City, ST=New Jersey, C=US
  Issuer:  CN=USERTrust ECC Certification Authority, O=The USERTRUST Network, L=Jersey City, ST=New Jersey, C=US
  Algorithm: EC; Serial number: 0x5c8b99c55a94c5d27156decd8980cc26
  Valid from Mon Feb 01 08:00:00 CST 2010 until Tue Jan 19 07:59:59 CST 2038

adding as trusted cert:
  Subject: OU=certSIGN ROOT CA, O=certSIGN, C=RO
  Issuer:  OU=certSIGN ROOT CA, O=certSIGN, C=RO
  Algorithm: RSA; Serial number: 0x200605167002
  Valid from Wed Jul 05 01:20:04 CST 2006 until Sat Jul 05 01:20:04 CST 2031

adding as trusted cert:
  Subject: CN=QuoVadis Root CA 2, O=QuoVadis Limited, C=BM
  Issuer:  CN=QuoVadis Root CA 2, O=QuoVadis Limited, C=BM
  Algorithm: RSA; Serial number: 0x509
  Valid from Sat Nov 25 02:27:00 CST 2006 until Tue Nov 25 02:23:33 CST 2031

adding as trusted cert:
  Subject: CN=IdenTrust Commercial Root CA 1, O=IdenTrust, C=US
  Issuer:  CN=IdenTrust Commercial Root CA 1, O=IdenTrust, C=US
  Algorithm: RSA; Serial number: 0xa0142800000014523c844b500000002
  Valid from Fri Jan 17 02:12:23 CST 2014 until Tue Jan 17 02:12:23 CST 2034

adding as trusted cert:
  Subject: CN=Deutsche Telekom Root CA 2, OU=T-TeleSec Trust Center, O=Deutsche Telekom AG, C=DE
  Issuer:  CN=Deutsche Telekom Root CA 2, OU=T-TeleSec Trust Center, O=Deutsche Telekom AG, C=DE
  Algorithm: RSA; Serial number: 0x26
  Valid from Fri Jul 09 20:11:00 CST 1999 until Wed Jul 10 07:59:00 CST 2019

adding as trusted cert:
  Subject: CN=D-TRUST Root Class 3 CA 2 2009, O=D-Trust GmbH, C=DE
  Issuer:  CN=D-TRUST Root Class 3 CA 2 2009, O=D-Trust GmbH, C=DE
  Algorithm: RSA; Serial number: 0x983f3
  Valid from Thu Nov 05 16:35:58 CST 2009 until Mon Nov 05 16:35:58 CST 2029

adding as trusted cert:
  Subject: CN=QuoVadis Root CA 1 G3, O=QuoVadis Limited, C=BM
  Issuer:  CN=QuoVadis Root CA 1 G3, O=QuoVadis Limited, C=BM
  Algorithm: RSA; Serial number: 0x78585f2ead2c194be3370735341328b596d46593
  Valid from Fri Jan 13 01:27:44 CST 2012 until Mon Jan 13 01:27:44 CST 2042

adding as trusted cert:
  Subject: CN=USERTrust RSA Certification Authority, O=The USERTRUST Network, L=Jersey City, ST=New Jersey, C=US
  Issuer:  CN=USERTrust RSA Certification Authority, O=The USERTRUST Network, L=Jersey City, ST=New Jersey, C=US
  Algorithm: RSA; Serial number: 0x1fd6d30fca3ca51a81bbc640e35032d
  Valid from Mon Feb 01 08:00:00 CST 2010 until Tue Jan 19 07:59:59 CST 2038

adding as trusted cert:
  Subject: CN=Izenpe.com, O=IZENPE S.A., C=ES
  Issuer:  CN=Izenpe.com, O=IZENPE S.A., C=ES
  Algorithm: RSA; Serial number: 0xb0b75a16485fbfe1cbf58bd719e67d
  Valid from Thu Dec 13 21:08:28 CST 2007 until Sun Dec 13 16:27:25 CST 2037

adding as trusted cert:
  Subject: CN=GTS Root R3, O=Google Trust Services LLC, C=US
  Issuer:  CN=GTS Root R3, O=Google Trust Services LLC, C=US
  Algorithm: EC; Serial number: 0x6e47a9c76ca9732440890f0355dd8d1d
  Valid from Wed Jun 22 08:00:00 CST 2016 until Sun Jun 22 08:00:00 CST 2036

adding as trusted cert:
  Subject: CN=GlobalSign, O=GlobalSign, OU=GlobalSign Root CA - R2
  Issuer:  CN=GlobalSign, O=GlobalSign, OU=GlobalSign Root CA - R2
  Algorithm: RSA; Serial number: 0x400000000010f8626e60d
  Valid from Fri Dec 15 16:00:00 CST 2006 until Wed Dec 15 16:00:00 CST 2021

adding as trusted cert:
  Subject: CN=VeriSign Class 3 Public Primary Certification Authority - G5, OU="(c) 2006 VeriSign, Inc. - For authorized use only", OU=VeriSign Trust Network, O="VeriSign, Inc.", C=US
  Issuer:  CN=VeriSign Class 3 Public Primary Certification Authority - G5, OU="(c) 2006 VeriSign, Inc. - For authorized use only", OU=VeriSign Trust Network, O="VeriSign, Inc.", C=US
  Algorithm: RSA; Serial number: 0x18dad19e267de8bb4a2158cdcc6b3b4a
  Valid from Wed Nov 08 08:00:00 CST 2006 until Thu Jul 17 07:59:59 CST 2036

adding as trusted cert:
  Subject: CN=QuoVadis Root CA 3, O=QuoVadis Limited, C=BM
  Issuer:  CN=QuoVadis Root CA 3, O=QuoVadis Limited, C=BM
  Algorithm: RSA; Serial number: 0x5c6
  Valid from Sat Nov 25 03:11:23 CST 2006 until Tue Nov 25 03:06:44 CST 2031

adding as trusted cert:
  Subject: CN=Starfield Services Root Certificate Authority - G2, O="Starfield Technologies, Inc.", L=Scottsdale, ST=Arizona, C=US
  Issuer:  CN=Starfield Services Root Certificate Authority - G2, O="Starfield Technologies, Inc.", L=Scottsdale, ST=Arizona, C=US
  Algorithm: RSA; Serial number: 0x0
  Valid from Tue Sep 01 08:00:00 CST 2009 until Fri Jan 01 07:59:59 CST 2038

adding as trusted cert:
  Subject: CN=OISTE WISeKey Global Root GB CA, OU=OISTE Foundation Endorsed, O=WISeKey, C=CH
  Issuer:  CN=OISTE WISeKey Global Root GB CA, OU=OISTE Foundation Endorsed, O=WISeKey, C=CH
  Algorithm: RSA; Serial number: 0x76b1205274f0858746b3f8231af6c2c0
  Valid from Mon Dec 01 23:00:32 CST 2014 until Thu Dec 01 23:10:31 CST 2039

adding as trusted cert:
  Subject: CN=emSign ECC Root CA - C3, O=eMudhra Inc, OU=emSign PKI, C=US
  Issuer:  CN=emSign ECC Root CA - C3, O=eMudhra Inc, OU=emSign PKI, C=US
  Algorithm: EC; Serial number: 0x7b71b68256b8127c9ca8
  Valid from Mon Feb 19 02:30:00 CST 2018 until Thu Feb 19 02:30:00 CST 2043

adding as trusted cert:
  Subject: CN=Amazon Root CA 3, O=Amazon, C=US
  Issuer:  CN=Amazon Root CA 3, O=Amazon, C=US
  Algorithm: EC; Serial number: 0x66c9fd5749736663f3b0b9ad9e89e7603f24a
  Valid from Tue May 26 08:00:00 CST 2015 until Sat May 26 08:00:00 CST 2040

adding as trusted cert:
  Subject: CN=QuoVadis Root CA 3 G3, O=QuoVadis Limited, C=BM
  Issuer:  CN=QuoVadis Root CA 3 G3, O=QuoVadis Limited, C=BM
  Algorithm: RSA; Serial number: 0x2ef59b0228a7db7affd5a3a9eebd03a0cf126a1d
  Valid from Fri Jan 13 04:26:32 CST 2012 until Mon Jan 13 04:26:32 CST 2042

adding as trusted cert:
  Subject: EMAILADDRESS=info@e-szigno.hu, CN=Microsec e-Szigno Root CA 2009, O=Microsec Ltd., L=Budapest, C=HU
  Issuer:  EMAILADDRESS=info@e-szigno.hu, CN=Microsec e-Szigno Root CA 2009, O=Microsec Ltd., L=Budapest, C=HU
  Algorithm: RSA; Serial number: 0xc27e43044e473f19
  Valid from Tue Jun 16 19:30:18 CST 2009 until Sun Dec 30 19:30:18 CST 2029

adding as trusted cert:
  Subject: CN=NetLock Arany (Class Gold) F?tanúsítvány, OU=Tanúsítványkiadók (Certification Services), O=NetLock Kft., L=Budapest, C=HU
  Issuer:  CN=NetLock Arany (Class Gold) F?tanúsítvány, OU=Tanúsítványkiadók (Certification Services), O=NetLock Kft., L=Budapest, C=HU
  Algorithm: RSA; Serial number: 0x49412ce40010
  Valid from Thu Dec 11 23:08:21 CST 2008 until Wed Dec 06 23:08:21 CST 2028

adding as trusted cert:
  Subject: CN=Actalis Authentication Root CA, O=Actalis S.p.A./03358520967, L=Milan, C=IT
  Issuer:  CN=Actalis Authentication Root CA, O=Actalis S.p.A./03358520967, L=Milan, C=IT
  Algorithm: RSA; Serial number: 0x570a119742c4e3cc
  Valid from Thu Sep 22 19:22:02 CST 2011 until Sun Sep 22 19:22:02 CST 2030

adding as trusted cert:
  Subject: CN=Autoridad de Certificacion Firmaprofesional CIF A62634068, C=ES
  Issuer:  CN=Autoridad de Certificacion Firmaprofesional CIF A62634068, C=ES
  Algorithm: RSA; Serial number: 0x53ec3beefbb2485f
  Valid from Wed May 20 16:38:15 CST 2009 until Tue Dec 31 16:38:15 CST 2030

adding as trusted cert:
  Subject: CN=Certigna, O=Dhimyotis, C=FR
  Issuer:  CN=Certigna, O=Dhimyotis, C=FR
  Algorithm: RSA; Serial number: 0xfedce3010fc948ff
  Valid from Fri Jun 29 23:13:05 CST 2007 until Tue Jun 29 23:13:05 CST 2027

adding as trusted cert:
  Subject: CN=E-Tugra Certification Authority, OU=E-Tugra Sertifikasyon Merkezi, O=E-Tu?ra EBG Bili?im Teknolojileri ve Hizmetleri A.?., L=Ankara, C=TR
  Issuer:  CN=E-Tugra Certification Authority, OU=E-Tugra Sertifikasyon Merkezi, O=E-Tu?ra EBG Bili?im Teknolojileri ve Hizmetleri A.?., L=Ankara, C=TR
  Algorithm: RSA; Serial number: 0x6a683e9c519bcb53
  Valid from Tue Mar 05 20:09:48 CST 2013 until Fri Mar 03 20:09:48 CST 2023

adding as trusted cert:
  Subject: CN=GTS Root R1, O=Google Trust Services LLC, C=US
  Issuer:  CN=GTS Root R1, O=Google Trust Services LLC, C=US
  Algorithm: RSA; Serial number: 0x6e47a9c54b470c0dec33d089b91cf4e1
  Valid from Wed Jun 22 08:00:00 CST 2016 until Sun Jun 22 08:00:00 CST 2036

adding as trusted cert:
  Subject: C=ES, O=ACCV, OU=PKIACCV, CN=ACCVRAIZ1
  Issuer:  C=ES, O=ACCV, OU=PKIACCV, CN=ACCVRAIZ1
  Algorithm: RSA; Serial number: 0x5ec3b7a6437fa4e0
  Valid from Thu May 05 17:37:37 CST 2011 until Tue Dec 31 17:37:37 CST 2030

adding as trusted cert:
  Subject: CN=QuoVadis Root Certification Authority, OU=Root Certification Authority, O=QuoVadis Limited, C=BM
  Issuer:  CN=QuoVadis Root Certification Authority, OU=Root Certification Authority, O=QuoVadis Limited, C=BM
  Algorithm: RSA; Serial number: 0x3ab6508b
  Valid from Tue Mar 20 02:33:33 CST 2001 until Thu Mar 18 02:33:33 CST 2021

adding as trusted cert:
  Subject: CN=SSL.com EV Root Certification Authority ECC, O=SSL Corporation, L=Houston, ST=Texas, C=US
  Issuer:  CN=SSL.com EV Root Certification Authority ECC, O=SSL Corporation, L=Houston, ST=Texas, C=US
  Algorithm: EC; Serial number: 0x2c299c5b16ed0595
  Valid from Sat Feb 13 02:15:23 CST 2016 until Wed Feb 13 02:15:23 CST 2041

adding as trusted cert:
  Subject: CN=Buypass Class 3 Root CA, O=Buypass AS-983163327, C=NO
  Issuer:  CN=Buypass Class 3 Root CA, O=Buypass AS-983163327, C=NO
  Algorithm: RSA; Serial number: 0x2
  Valid from Tue Oct 26 16:28:58 CST 2010 until Fri Oct 26 16:28:58 CST 2040

adding as trusted cert:
  Subject: CN=thawte Primary Root CA - G2, OU="(c) 2007 thawte, Inc. - For authorized use only", O="thawte, Inc.", C=US
  Issuer:  CN=thawte Primary Root CA - G2, OU="(c) 2007 thawte, Inc. - For authorized use only", O="thawte, Inc.", C=US
  Algorithm: EC; Serial number: 0x35fc265cd9844fc93d263d579baed756
  Valid from Mon Nov 05 08:00:00 CST 2007 until Tue Jan 19 07:59:59 CST 2038

adding as trusted cert:
  Subject: CN=emSign Root CA - C1, O=eMudhra Inc, OU=emSign PKI, C=US
  Issuer:  CN=emSign Root CA - C1, O=eMudhra Inc, OU=emSign PKI, C=US
  Algorithm: RSA; Serial number: 0xaecf00bac4cf32f843b2
  Valid from Mon Feb 19 02:30:00 CST 2018 until Thu Feb 19 02:30:00 CST 2043

adding as trusted cert:
  Subject: CN=VeriSign Universal Root Certification Authority, OU="(c) 2008 VeriSign, Inc. - For authorized use only", OU=VeriSign Trust Network, O="VeriSign, Inc.", C=US
  Issuer:  CN=VeriSign Universal Root Certification Authority, OU="(c) 2008 VeriSign, Inc. - For authorized use only", OU=VeriSign Trust Network, O="VeriSign, Inc.", C=US
  Algorithm: RSA; Serial number: 0x401ac46421b31321030ebbe4121ac51d
  Valid from Wed Apr 02 08:00:00 CST 2008 until Wed Dec 02 07:59:59 CST 2037

adding as trusted cert:
  Subject: CN=Cybertrust Global Root, O="Cybertrust, Inc"
  Issuer:  CN=Cybertrust Global Root, O="Cybertrust, Inc"
  Algorithm: RSA; Serial number: 0x400000000010f85aa2d48
  Valid from Fri Dec 15 16:00:00 CST 2006 until Wed Dec 15 16:00:00 CST 2021

adding as trusted cert:
  Subject: CN=GTS Root R4, O=Google Trust Services LLC, C=US
  Issuer:  CN=GTS Root R4, O=Google Trust Services LLC, C=US
  Algorithm: EC; Serial number: 0x6e47a9c88b94b6e8bb3b2ad8a2b2c199
  Valid from Wed Jun 22 08:00:00 CST 2016 until Sun Jun 22 08:00:00 CST 2036

adding as trusted cert:
  Subject: CN=Amazon Root CA 1, O=Amazon, C=US
  Issuer:  CN=Amazon Root CA 1, O=Amazon, C=US
  Algorithm: RSA; Serial number: 0x66c9fcf99bf8c0a39e2f0788a43e696365bca
  Valid from Tue May 26 08:00:00 CST 2015 until Sun Jan 17 08:00:00 CST 2038

adding as trusted cert:
  Subject: OU=Trustis FPS Root CA, O=Trustis Limited, C=GB
  Issuer:  OU=Trustis FPS Root CA, O=Trustis Limited, C=GB
  Algorithm: RSA; Serial number: 0x1b1fadb620f924d3366bf7c7f18ca059
  Valid from Tue Dec 23 20:14:06 CST 2003 until Sun Jan 21 19:36:54 CST 2024

adding as trusted cert:
  Subject: CN=GDCA TrustAUTH R5 ROOT, O="GUANG DONG CERTIFICATE AUTHORITY CO.,LTD.", C=CN
  Issuer:  CN=GDCA TrustAUTH R5 ROOT, O="GUANG DONG CERTIFICATE AUTHORITY CO.,LTD.", C=CN
  Algorithm: RSA; Serial number: 0x7d0997fef047ea7a
  Valid from Wed Nov 26 13:13:15 CST 2014 until Mon Dec 31 23:59:59 CST 2040

adding as trusted cert:
  Subject: CN=Amazon Root CA 2, O=Amazon, C=US
  Issuer:  CN=Amazon Root CA 2, O=Amazon, C=US
  Algorithm: RSA; Serial number: 0x66c9fd29635869f0a0fe58678f85b26bb8a37
  Valid from Tue May 26 08:00:00 CST 2015 until Sat May 26 08:00:00 CST 2040

adding as trusted cert:
  Subject: CN=UCA Extended Validation Root, O=UniTrust, C=CN
  Issuer:  CN=UCA Extended Validation Root, O=UniTrust, C=CN
  Algorithm: RSA; Serial number: 0x4fd22b8ff564c8339e4f345866237060
  Valid from Fri Mar 13 08:00:00 CST 2015 until Fri Dec 31 08:00:00 CST 2038

adding as trusted cert:
  Subject: CN=GlobalSign, O=GlobalSign, OU=GlobalSign ECC Root CA - R4
  Issuer:  CN=GlobalSign, O=GlobalSign, OU=GlobalSign ECC Root CA - R4
  Algorithm: EC; Serial number: 0x2a38a41c960a04de42b228a50be8349802
  Valid from Tue Nov 13 08:00:00 CST 2012 until Tue Jan 19 11:14:07 CST 2038

adding as trusted cert:
  Subject: CN=COMODO Certification Authority, O=COMODO CA Limited, L=Salford, ST=Greater Manchester, C=GB
  Issuer:  CN=COMODO Certification Authority, O=COMODO CA Limited, L=Salford, ST=Greater Manchester, C=GB
  Algorithm: RSA; Serial number: 0x4e812d8a8265e00b02ee3e350246e53d
  Valid from Fri Dec 01 08:00:00 CST 2006 until Tue Jan 01 07:59:59 CST 2030

adding as trusted cert:
  Subject: EMAILADDRESS=pki@sk.ee, CN=EE Certification Centre Root CA, O=AS Sertifitseerimiskeskus, C=EE
  Issuer:  EMAILADDRESS=pki@sk.ee, CN=EE Certification Centre Root CA, O=AS Sertifitseerimiskeskus, C=EE
  Algorithm: RSA; Serial number: 0x5480f9a073ed3f004cca89d8e371e64a
  Valid from Sat Oct 30 18:10:30 CST 2010 until Wed Dec 18 07:59:59 CST 2030

adding as trusted cert:
  Subject: CN=Global Chambersign Root - 2008, O=AC Camerfirma S.A., SERIALNUMBER=A82743287, L=Madrid (see current address at www.camerfirma.com/address), C=EU
  Issuer:  CN=Global Chambersign Root - 2008, O=AC Camerfirma S.A., SERIALNUMBER=A82743287, L=Madrid (see current address at www.camerfirma.com/address), C=EU
  Algorithm: RSA; Serial number: 0xc9cdd3e9d57d23ce
  Valid from Fri Aug 01 20:31:40 CST 2008 until Sat Jul 31 20:31:40 CST 2038

adding as trusted cert:
  Subject: CN=COMODO RSA Certification Authority, O=COMODO CA Limited, L=Salford, ST=Greater Manchester, C=GB
  Issuer:  CN=COMODO RSA Certification Authority, O=COMODO CA Limited, L=Salford, ST=Greater Manchester, C=GB
  Algorithm: RSA; Serial number: 0x4caaf9cadb636fe01ff74ed85b03869d
  Valid from Tue Jan 19 08:00:00 CST 2010 until Tue Jan 19 07:59:59 CST 2038

adding as trusted cert:
  Subject: CN=thawte Primary Root CA - G3, OU="(c) 2008 thawte, Inc. - For authorized use only", OU=Certification Services Division, O="thawte, Inc.", C=US
  Issuer:  CN=thawte Primary Root CA - G3, OU="(c) 2008 thawte, Inc. - For authorized use only", OU=Certification Services Division, O="thawte, Inc.", C=US
  Algorithm: RSA; Serial number: 0x600197b746a7eab4b49ad64b2ff790fb
  Valid from Wed Apr 02 08:00:00 CST 2008 until Wed Dec 02 07:59:59 CST 2037

adding as trusted cert:
  Subject: CN=UCA Global G2 Root, O=UniTrust, C=CN
  Issuer:  CN=UCA Global G2 Root, O=UniTrust, C=CN
  Algorithm: RSA; Serial number: 0x5ddfb1da5aa3ed5dbe5a6520650390ef
  Valid from Fri Mar 11 08:00:00 CST 2016 until Mon Dec 31 08:00:00 CST 2040

adding as trusted cert:
  Subject: CN=AffirmTrust Premium ECC, O=AffirmTrust, C=US
  Issuer:  CN=AffirmTrust Premium ECC, O=AffirmTrust, C=US
  Algorithm: EC; Serial number: 0x7497258ac73f7a54
  Valid from Fri Jan 29 22:20:24 CST 2010 until Mon Dec 31 22:20:24 CST 2040

adding as trusted cert:
  Subject: CN=T-TeleSec GlobalRoot Class 2, OU=T-Systems Trust Center, O=T-Systems Enterprise Services GmbH, C=DE
  Issuer:  CN=T-TeleSec GlobalRoot Class 2, OU=T-Systems Trust Center, O=T-Systems Enterprise Services GmbH, C=DE
  Algorithm: RSA; Serial number: 0x1
  Valid from Wed Oct 01 18:40:14 CST 2008 until Sun Oct 02 07:59:59 CST 2033

adding as trusted cert:
  Subject: CN=Staat der Nederlanden Root CA - G2, O=Staat der Nederlanden, C=NL
  Issuer:  CN=Staat der Nederlanden Root CA - G2, O=Staat der Nederlanden, C=NL
  Algorithm: RSA; Serial number: 0x98968c
  Valid from Wed Mar 26 19:18:17 CST 2008 until Wed Mar 25 19:03:10 CST 2020

adding as trusted cert:
  Subject: CN=DigiCert Global Root G2, OU=www.digicert.com, O=DigiCert Inc, C=US
  Issuer:  CN=DigiCert Global Root G2, OU=www.digicert.com, O=DigiCert Inc, C=US
  Algorithm: RSA; Serial number: 0x33af1e6a711a9a0bb2864b11d09fae5
  Valid from Thu Aug 01 20:00:00 CST 2013 until Fri Jan 15 20:00:00 CST 2038

adding as trusted cert:
  Subject: CN=SZAFIR ROOT CA2, O=Krajowa Izba Rozliczeniowa S.A., C=PL
  Issuer:  CN=SZAFIR ROOT CA2, O=Krajowa Izba Rozliczeniowa S.A., C=PL
  Algorithm: RSA; Serial number: 0x3e8a5d07ec55d232d5b7e3b65f01eb2ddce4d6e4
  Valid from Mon Oct 19 15:43:30 CST 2015 until Fri Oct 19 15:43:30 CST 2035

trigger seeding of SecureRandom
done seeding SecureRandom
%% Initialized:  [Session-177, SSL_NULL_WITH_NULL_NULL]
2020-06-22 14:07:10,589 [myid:] - INFO  [SessionTracker:SessionTrackerImpl@170] - SessionTrackerImpl exited loop!
2020-06-22 14:07:10,591 [myid:127.0.0.1:30074] - INFO  [main-SendThread(127.0.0.1:30074):ClientCnxn$SendThread@1154] - Opening socket connection to server activate.navicat.com/127.0.0.1:30074.
2020-06-22 14:07:10,591 [myid:127.0.0.1:30074] - INFO  [main-SendThread(127.0.0.1:30074):ClientCnxn$SendThread@1156] - SASL config status: Will not attempt to authenticate using SASL (unknown error)
adding as trusted cert:
  Subject: CN=localhost, OU=ZooKeeper, O=Apache, L=Unknown, ST=Unknown, C=Unknown
  Issuer:  CN=localhost, OU=ZooKeeper, O=Apache, L=Unknown, ST=Unknown, C=Unknown
  Algorithm: RSA; Serial number: 0x7334b506
  Valid from Sat Jan 31 02:57:30 CST 2015 until Wed Feb 08 02:57:30 CST 3015

trigger seeding of SecureRandom
done seeding SecureRandom
Using SSLEngineImpl.
%% Initialized:  [Session-178, SSL_NULL_WITH_NULL_NULL]
2020-06-22 14:07:10,592 [myid:127.0.0.1:30074] - INFO  [nioEventLoopGroup-9-1:ClientCnxnSocketNetty$ZKClientPipelineFactory@454] - SSL handler added for channel: [id: 0xd6815243]
2020-06-22 14:07:11,051 [myid:127.0.0.1:30073] - INFO  [main-SendThread(127.0.0.1:30073):ClientCnxn$SendThread@1154] - Opening socket connection to server activate.navicat.com/127.0.0.1:30073.
2020-06-22 14:07:11,051 [myid:127.0.0.1:30073] - INFO  [main-SendThread(127.0.0.1:30073):ClientCnxn$SendThread@1156] - SASL config status: Will not attempt to authenticate using SASL (unknown error)
adding as trusted cert:
  Subject: CN=localhost, OU=ZooKeeper, O=Apache, L=Unknown, ST=Unknown, C=Unknown
  Issuer:  CN=localhost, OU=ZooKeeper, O=Apache, L=Unknown, ST=Unknown, C=Unknown
  Algorithm: RSA; Serial number: 0x7334b506
  Valid from Sat Jan 31 02:57:30 CST 2015 until Wed Feb 08 02:57:30 CST 3015

trigger seeding of SecureRandom
done seeding SecureRandom
Using SSLEngineImpl.
%% Initialized:  [Session-179, SSL_NULL_WITH_NULL_NULL]
2020-06-22 14:07:11,053 [myid:127.0.0.1:30073] - INFO  [nioEventLoopGroup-5-1:ClientCnxnSocketNetty$ZKClientPipelineFactory@454] - SSL handler added for channel: [id: 0x8aa3e197]
2020-06-22 14:07:12,292 [myid:] - INFO  [main:JMXEnv@142] - ensureOnly:[]
2020-06-22 14:07:12,296 [myid:] - ERROR [main:ZKTestCase$1@101] - FAILED testEnableDisableThrottling_secure_sequentially
java.net.ProtocolException: Unable to connect to server
	at org.apache.zookeeper.test.ClientBase.createClient(ClientBase.java:204)
	at org.apache.zookeeper.test.ClientBase.createClient(ClientBase.java:196)
	at org.apache.zookeeper.test.ClientBase.createClient(ClientBase.java:185)
	at org.apache.zookeeper.test.ClientBase.createClient(ClientBase.java:180)
	at org.apache.zookeeper.server.NettyServerCnxnTest.runEnableDisableThrottling(NettyServerCnxnTest.java:233)
	at org.apache.zookeeper.server.NettyServerCnxnTest.testEnableDisableThrottling_secure_sequentially(NettyServerCnxnTest.java:207)
	at org.apache.zookeeper.JUnit4ZKTestRunner$LoggedInvokeMethod.evaluate(JUnit4ZKTestRunner.java:86)
2020-06-22 14:07:12,296 [myid:] - INFO  [main:ZKTestCase$1@91] - FINISHED testEnableDisableThrottling_secure_sequentially
]]></system-out>
    <system-err><![CDATA[ssl: Ignoring alias test: key algorithm does not match
ssl: KeyMgr: no matching key found
ssl: Certificate identity does not match Server Name Inidication (SNI): activate.navicat.com
ssl: KeyMgr: no good matching key found, returning best match out of:
ssl: [test (verified: INSENSITIVE)]
ssl: Ignoring alias test: key algorithm does not match
ssl: KeyMgr: no matching key found
ssl: Certificate identity does not match Server Name Inidication (SNI): activate.navicat.com
ssl: KeyMgr: no good matching key found, returning best match out of:
ssl: [test (verified: INSENSITIVE)]
ssl: Ignoring alias test: key algorithm does not match
ssl: KeyMgr: no matching key found
ssl: Certificate identity does not match Server Name Inidication (SNI): activate.navicat.com
ssl: KeyMgr: no good matching key found, returning best match out of:
ssl: [test (verified: INSENSITIVE)]
ssl: Ignoring alias test: key algorithm does not match
ssl: KeyMgr: no matching key found
ssl: Certificate identity does not match Server Name Inidication (SNI): activate.navicat.com
ssl: KeyMgr: no good matching key found, returning best match out of:
ssl: [test (verified: INSENSITIVE)]
ssl: Ignoring alias test: key algorithm does not match
ssl: KeyMgr: no matching key found
ssl: Certificate identity does not match Server Name Inidication (SNI): activate.navicat.com
ssl: KeyMgr: no good matching key found, returning best match out of:
ssl: [test (verified: INSENSITIVE)]
ssl: Ignoring alias test: key algorithm does not match
ssl: KeyMgr: no matching key found
ssl: Certificate identity does not match Server Name Inidication (SNI): activate.navicat.com
ssl: KeyMgr: no good matching key found, returning best match out of:
ssl: [test (verified: INSENSITIVE)]
ssl: Ignoring alias test: key algorithm does not match
ssl: KeyMgr: no matching key found
ssl: Certificate identity does not match Server Name Inidication (SNI): activate.navicat.com
ssl: KeyMgr: no good matching key found, returning best match out of:
ssl: [test (verified: INSENSITIVE)]
ssl: Ignoring alias test: key algorithm does not match
ssl: KeyMgr: no matching key found
ssl: Certificate identity does not match Server Name Inidication (SNI): activate.navicat.com
ssl: KeyMgr: no good matching key found, returning best match out of:
ssl: [test (verified: INSENSITIVE)]
ssl: Ignoring alias test: key algorithm does not match
ssl: KeyMgr: no matching key found
ssl: Certificate identity does not match Server Name Inidication (SNI): activate.navicat.com
ssl: KeyMgr: no good matching key found, returning best match out of:
ssl: [test (verified: INSENSITIVE)]
ssl: Ignoring alias test: key algorithm does not match
ssl: KeyMgr: no matching key found
ssl: Certificate identity does not match Server Name Inidication (SNI): activate.navicat.com
ssl: KeyMgr: no good matching key found, returning best match out of:
ssl: [test (verified: INSENSITIVE)]
ssl: Ignoring alias test: key algorithm does not match
ssl: KeyMgr: no matching key found
ssl: Certificate identity does not match Server Name Inidication (SNI): activate.navicat.com
ssl: KeyMgr: no good matching key found, returning best match out of:
ssl: [test (verified: INSENSITIVE)]
ssl: Ignoring alias test: key algorithm does not match
ssl: KeyMgr: no matching key found
ssl: Certificate identity does not match Server Name Inidication (SNI): activate.navicat.com
ssl: KeyMgr: no good matching key found, returning best match out of:
ssl: [test (verified: INSENSITIVE)]
ssl: Ignoring alias test: key algorithm does not match
ssl: KeyMgr: no matching key found
ssl: Certificate identity does not match Server Name Inidication (SNI): activate.navicat.com
ssl: KeyMgr: no good matching key found, returning best match out of:
ssl: [test (verified: INSENSITIVE)]
ssl: Ignoring alias test: key algorithm does not match
ssl: KeyMgr: no matching key found
ssl: Certificate identity does not match Server Name Inidication (SNI): activate.navicat.com
ssl: KeyMgr: no good matching key found, returning best match out of:
ssl: [test (verified: INSENSITIVE)]
ssl: Ignoring alias test: key algorithm does not match
ssl: KeyMgr: no matching key found
ssl: Certificate identity does not match Server Name Inidication (SNI): activate.navicat.com
ssl: KeyMgr: no good matching key found, returning best match out of:
ssl: [test (verified: INSENSITIVE)]
ssl: Ignoring alias test: key algorithm does not match
ssl: KeyMgr: no matching key found
ssl: Certificate identity does not match Server Name Inidication (SNI): activate.navicat.com
ssl: KeyMgr: no good matching key found, returning best match out of:
ssl: [test (verified: INSENSITIVE)]
ssl: Ignoring alias test: key algorithm does not match
ssl: KeyMgr: no matching key found
ssl: Certificate identity does not match Server Name Inidication (SNI): activate.navicat.com
ssl: KeyMgr: no good matching key found, returning best match out of:
ssl: [test (verified: INSENSITIVE)]
ssl: Ignoring alias test: key algorithm does not match
ssl: KeyMgr: no matching key found
ssl: Certificate identity does not match Server Name Inidication (SNI): activate.navicat.com
ssl: KeyMgr: no good matching key found, returning best match out of:
ssl: [test (verified: INSENSITIVE)]
ssl: Ignoring alias test: key algorithm does not match
ssl: KeyMgr: no matching key found
ssl: Certificate identity does not match Server Name Inidication (SNI): activate.navicat.com
ssl: KeyMgr: no good matching key found, returning best match out of:
ssl: [test (verified: INSENSITIVE)]
ssl: Ignoring alias test: key algorithm does not match
ssl: KeyMgr: no matching key found
ssl: Certificate identity does not match Server Name Inidication (SNI): activate.navicat.com
ssl: KeyMgr: no good matching key found, returning best match out of:
ssl: [test (verified: INSENSITIVE)]
]]></system-err>
  </testcase>
  <testcase name="testServerSideThrottling" classname="org.apache.zookeeper.server.NettyServerCnxnTest" time="6.395"/>
  <testcase name="testEnableDisableThrottling_nonSecure_sequentially" classname="org.apache.zookeeper.server.NettyServerCnxnTest" time="10.516"/>
  <testcase name="testSendCloseSession" classname="org.apache.zookeeper.server.NettyServerCnxnTest" time="4.385"/>
  <testcase name="testClientResponseStatsUpdate" classname="org.apache.zookeeper.server.NettyServerCnxnTest" time="3.854"/>
  <testcase name="testEnableDisableThrottling_nonSecure_random" classname="org.apache.zookeeper.server.NettyServerCnxnTest" time="9.837"/>
  <testcase name="testMaxConnectionPerIpSurpased" classname="org.apache.zookeeper.server.NettyServerCnxnTest" time="32.717"/>
</testsuite>