<?xml version="1.0" encoding="UTF-8"?>
<testsuite xmlns:xsi="http://www.w3.org/2001/XMLSchema-instance" xsi:noNamespaceSchemaLocation="https://maven.apache.org/surefire/maven-surefire-plugin/xsd/surefire-test-report.xsd" name="org.apache.zookeeper.server.quorum.QuorumSSLTest" time="590.152" tests="13" errors="0" skipped="0" failures="3">
  <properties>
    <property name="sun.desktop" value="windows"/>
    <property name="build.test.dir" value="D:\desktop\git_repo\zookeeper-read\zookeeper-server\target/surefire"/>
    <property name="awt.toolkit" value="sun.awt.windows.WToolkit"/>
    <property name="file.encoding.pkg" value="sun.io"/>
    <property name="java.specification.version" value="1.8"/>
    <property name="sun.cpu.isalist" value="amd64"/>
    <property name="sun.jnu.encoding" value="GBK"/>
    <property name="java.class.path" value="D:\desktop\git_repo\zookeeper-read\zookeeper-server\target\test-classes;D:\desktop\git_repo\zookeeper-read\zookeeper-server\target\classes;C:\Users\admin\.m2\repository\com\github\spotbugs\spotbugs-annotations\4.0.2\spotbugs-annotations-4.0.2.jar;C:\Users\admin\.m2\repository\com\google\code\findbugs\jsr305\3.0.2\jsr305-3.0.2.jar;C:\Users\admin\.m2\repository\org\hamcrest\hamcrest-all\1.3\hamcrest-all-1.3.jar;C:\Users\admin\.m2\repository\commons-collections\commons-collections\3.2.2\commons-collections-3.2.2.jar;C:\Users\admin\.m2\repository\commons-lang\commons-lang\2.6\commons-lang-2.6.jar;D:\desktop\git_repo\zookeeper-read\zookeeper-jute\target\zookeeper-jute-3.6.1.jar;C:\Users\admin\.m2\repository\commons-cli\commons-cli\1.2\commons-cli-1.2.jar;C:\Users\admin\.m2\repository\org\apache\yetus\audience-annotations\0.5.0\audience-annotations-0.5.0.jar;C:\Users\admin\.m2\repository\io\netty\netty-handler\4.1.48.Final\netty-handler-4.1.48.Final.jar;C:\Users\admin\.m2\repository\io\netty\netty-common\4.1.48.Final\netty-common-4.1.48.Final.jar;C:\Users\admin\.m2\repository\io\netty\netty-resolver\4.1.48.Final\netty-resolver-4.1.48.Final.jar;C:\Users\admin\.m2\repository\io\netty\netty-buffer\4.1.48.Final\netty-buffer-4.1.48.Final.jar;C:\Users\admin\.m2\repository\io\netty\netty-transport\4.1.48.Final\netty-transport-4.1.48.Final.jar;C:\Users\admin\.m2\repository\io\netty\netty-codec\4.1.48.Final\netty-codec-4.1.48.Final.jar;C:\Users\admin\.m2\repository\io\netty\netty-transport-native-epoll\4.1.48.Final\netty-transport-native-epoll-4.1.48.Final.jar;C:\Users\admin\.m2\repository\io\netty\netty-transport-native-unix-common\4.1.48.Final\netty-transport-native-unix-common-4.1.48.Final.jar;C:\Users\admin\.m2\repository\org\slf4j\slf4j-api\1.7.25\slf4j-api-1.7.25.jar;C:\Users\admin\.m2\repository\org\slf4j\slf4j-log4j12\1.7.25\slf4j-log4j12-1.7.25.jar;C:\Users\admin\.m2\repository\org\eclipse\jetty\jetty-server\9.4.24.v20191120\jetty-server-9.4.24.v20191120.jar;C:\Users\admin\.m2\repository\javax\servlet\javax.servlet-api\3.1.0\javax.servlet-api-3.1.0.jar;C:\Users\admin\.m2\repository\org\eclipse\jetty\jetty-http\9.4.24.v20191120\jetty-http-9.4.24.v20191120.jar;C:\Users\admin\.m2\repository\org\eclipse\jetty\jetty-util\9.4.24.v20191120\jetty-util-9.4.24.v20191120.jar;C:\Users\admin\.m2\repository\org\eclipse\jetty\jetty-io\9.4.24.v20191120\jetty-io-9.4.24.v20191120.jar;C:\Users\admin\.m2\repository\org\eclipse\jetty\jetty-servlet\9.4.24.v20191120\jetty-servlet-9.4.24.v20191120.jar;C:\Users\admin\.m2\repository\org\eclipse\jetty\jetty-security\9.4.24.v20191120\jetty-security-9.4.24.v20191120.jar;C:\Users\admin\.m2\repository\com\fasterxml\jackson\core\jackson-databind\2.10.3\jackson-databind-2.10.3.jar;C:\Users\admin\.m2\repository\com\fasterxml\jackson\core\jackson-annotations\2.10.3\jackson-annotations-2.10.3.jar;C:\Users\admin\.m2\repository\com\fasterxml\jackson\core\jackson-core\2.10.3\jackson-core-2.10.3.jar;C:\Users\admin\.m2\repository\com\googlecode\json-simple\json-simple\1.1.1\json-simple-1.1.1.jar;C:\Users\admin\.m2\repository\org\bouncycastle\bcprov-jdk15on\1.60\bcprov-jdk15on-1.60.jar;C:\Users\admin\.m2\repository\org\bouncycastle\bcpkix-jdk15on\1.60\bcpkix-jdk15on-1.60.jar;C:\Users\admin\.m2\repository\jline\jline\2.11\jline-2.11.jar;C:\Users\admin\.m2\repository\io\dropwizard\metrics\metrics-core\3.2.5\metrics-core-3.2.5.jar;C:\Users\admin\.m2\repository\log4j\log4j\1.2.17\log4j-1.2.17.jar;C:\Users\admin\.m2\repository\org\apache\kerby\kerb-core\2.0.0\kerb-core-2.0.0.jar;C:\Users\admin\.m2\repository\org\apache\kerby\kerby-pkix\2.0.0\kerby-pkix-2.0.0.jar;C:\Users\admin\.m2\repository\org\apache\kerby\kerby-asn1\2.0.0\kerby-asn1-2.0.0.jar;C:\Users\admin\.m2\repository\org\apache\kerby\kerby-util\2.0.0\kerby-util-2.0.0.jar;C:\Users\admin\.m2\repository\org\apache\kerby\kerb-simplekdc\2.0.0\kerb-simplekdc-2.0.0.jar;C:\Users\admin\.m2\repository\org\apache\kerby\kerb-client\2.0.0\kerb-client-2.0.0.jar;C:\Users\admin\.m2\repository\org\apache\kerby\kerb-common\2.0.0\kerb-common-2.0.0.jar;C:\Users\admin\.m2\repository\org\apache\kerby\kerb-crypto\2.0.0\kerb-crypto-2.0.0.jar;C:\Users\admin\.m2\repository\commons-io\commons-io\2.6\commons-io-2.6.jar;C:\Users\admin\.m2\repository\org\apache\kerby\kerb-util\2.0.0\kerb-util-2.0.0.jar;C:\Users\admin\.m2\repository\org\apache\kerby\token-provider\2.0.0\token-provider-2.0.0.jar;C:\Users\admin\.m2\repository\com\nimbusds\nimbus-jose-jwt\4.41.2\nimbus-jose-jwt-4.41.2.jar;C:\Users\admin\.m2\repository\com\github\stephenc\jcip\jcip-annotations\1.0-1\jcip-annotations-1.0-1.jar;C:\Users\admin\.m2\repository\net\minidev\json-smart\2.3\json-smart-2.3.jar;C:\Users\admin\.m2\repository\net\minidev\accessors-smart\1.2\accessors-smart-1.2.jar;C:\Users\admin\.m2\repository\org\ow2\asm\asm\5.0.4\asm-5.0.4.jar;C:\Users\admin\.m2\repository\org\apache\kerby\kerb-admin\2.0.0\kerb-admin-2.0.0.jar;C:\Users\admin\.m2\repository\org\apache\kerby\kerb-server\2.0.0\kerb-server-2.0.0.jar;C:\Users\admin\.m2\repository\org\apache\kerby\kerb-identity\2.0.0\kerb-identity-2.0.0.jar;C:\Users\admin\.m2\repository\org\apache\kerby\kerby-xdr\2.0.0\kerby-xdr-2.0.0.jar;C:\Users\admin\.m2\repository\org\apache\kerby\kerby-config\2.0.0\kerby-config-2.0.0.jar;C:\Users\admin\.m2\repository\org\mockito\mockito-core\2.27.0\mockito-core-2.27.0.jar;C:\Users\admin\.m2\repository\net\bytebuddy\byte-buddy\1.9.10\byte-buddy-1.9.10.jar;C:\Users\admin\.m2\repository\net\bytebuddy\byte-buddy-agent\1.9.10\byte-buddy-agent-1.9.10.jar;C:\Users\admin\.m2\repository\org\objenesis\objenesis\2.6\objenesis-2.6.jar;C:\Users\admin\.m2\repository\org\jmockit\jmockit\1.48\jmockit-1.48.jar;C:\Users\admin\.m2\repository\junit\junit\4.12\junit-4.12.jar;C:\Users\admin\.m2\repository\org\hamcrest\hamcrest-core\1.3\hamcrest-core-1.3.jar;C:\Users\admin\.m2\repository\org\xerial\snappy\snappy-java\1.1.7\snappy-java-1.1.7.jar;"/>
    <property name="java.vm.vendor" value="Oracle Corporation"/>
    <property name="sun.arch.data.model" value="64"/>
    <property name="user.variant" value=""/>
    <property name="java.vendor.url" value="http://java.oracle.com/"/>
    <property name="user.timezone" value="Asia/Shanghai"/>
    <property name="java.vm.specification.version" value="1.8"/>
    <property name="os.name" value="Windows 10"/>
    <property name="user.country" value="CN"/>
    <property name="sun.java.launcher" value="SUN_STANDARD"/>
    <property name="sun.boot.library.path" value="D:\Program Files\RedHat\java-1.8.0-openjdk-1.8.0.252-2\jre\bin"/>
    <property name="sun.java.command" value="C:\Users\admin\AppData\Local\Temp\surefire817669169469973491\surefirebooter7918331269633227784.jar C:\Users\admin\AppData\Local\Temp\surefire817669169469973491 2020-06-22T14-04-30_671-jvmRun8 surefire109247455774072507tmp surefire_1055526973534592486351tmp"/>
    <property name="surefire.test.class.path" value="D:\desktop\git_repo\zookeeper-read\zookeeper-server\target\test-classes;D:\desktop\git_repo\zookeeper-read\zookeeper-server\target\classes;C:\Users\admin\.m2\repository\com\github\spotbugs\spotbugs-annotations\4.0.2\spotbugs-annotations-4.0.2.jar;C:\Users\admin\.m2\repository\com\google\code\findbugs\jsr305\3.0.2\jsr305-3.0.2.jar;C:\Users\admin\.m2\repository\org\hamcrest\hamcrest-all\1.3\hamcrest-all-1.3.jar;C:\Users\admin\.m2\repository\commons-collections\commons-collections\3.2.2\commons-collections-3.2.2.jar;C:\Users\admin\.m2\repository\commons-lang\commons-lang\2.6\commons-lang-2.6.jar;D:\desktop\git_repo\zookeeper-read\zookeeper-jute\target\zookeeper-jute-3.6.1.jar;C:\Users\admin\.m2\repository\commons-cli\commons-cli\1.2\commons-cli-1.2.jar;C:\Users\admin\.m2\repository\org\apache\yetus\audience-annotations\0.5.0\audience-annotations-0.5.0.jar;C:\Users\admin\.m2\repository\io\netty\netty-handler\4.1.48.Final\netty-handler-4.1.48.Final.jar;C:\Users\admin\.m2\repository\io\netty\netty-common\4.1.48.Final\netty-common-4.1.48.Final.jar;C:\Users\admin\.m2\repository\io\netty\netty-resolver\4.1.48.Final\netty-resolver-4.1.48.Final.jar;C:\Users\admin\.m2\repository\io\netty\netty-buffer\4.1.48.Final\netty-buffer-4.1.48.Final.jar;C:\Users\admin\.m2\repository\io\netty\netty-transport\4.1.48.Final\netty-transport-4.1.48.Final.jar;C:\Users\admin\.m2\repository\io\netty\netty-codec\4.1.48.Final\netty-codec-4.1.48.Final.jar;C:\Users\admin\.m2\repository\io\netty\netty-transport-native-epoll\4.1.48.Final\netty-transport-native-epoll-4.1.48.Final.jar;C:\Users\admin\.m2\repository\io\netty\netty-transport-native-unix-common\4.1.48.Final\netty-transport-native-unix-common-4.1.48.Final.jar;C:\Users\admin\.m2\repository\org\slf4j\slf4j-api\1.7.25\slf4j-api-1.7.25.jar;C:\Users\admin\.m2\repository\org\slf4j\slf4j-log4j12\1.7.25\slf4j-log4j12-1.7.25.jar;C:\Users\admin\.m2\repository\org\eclipse\jetty\jetty-server\9.4.24.v20191120\jetty-server-9.4.24.v20191120.jar;C:\Users\admin\.m2\repository\javax\servlet\javax.servlet-api\3.1.0\javax.servlet-api-3.1.0.jar;C:\Users\admin\.m2\repository\org\eclipse\jetty\jetty-http\9.4.24.v20191120\jetty-http-9.4.24.v20191120.jar;C:\Users\admin\.m2\repository\org\eclipse\jetty\jetty-util\9.4.24.v20191120\jetty-util-9.4.24.v20191120.jar;C:\Users\admin\.m2\repository\org\eclipse\jetty\jetty-io\9.4.24.v20191120\jetty-io-9.4.24.v20191120.jar;C:\Users\admin\.m2\repository\org\eclipse\jetty\jetty-servlet\9.4.24.v20191120\jetty-servlet-9.4.24.v20191120.jar;C:\Users\admin\.m2\repository\org\eclipse\jetty\jetty-security\9.4.24.v20191120\jetty-security-9.4.24.v20191120.jar;C:\Users\admin\.m2\repository\com\fasterxml\jackson\core\jackson-databind\2.10.3\jackson-databind-2.10.3.jar;C:\Users\admin\.m2\repository\com\fasterxml\jackson\core\jackson-annotations\2.10.3\jackson-annotations-2.10.3.jar;C:\Users\admin\.m2\repository\com\fasterxml\jackson\core\jackson-core\2.10.3\jackson-core-2.10.3.jar;C:\Users\admin\.m2\repository\com\googlecode\json-simple\json-simple\1.1.1\json-simple-1.1.1.jar;C:\Users\admin\.m2\repository\org\bouncycastle\bcprov-jdk15on\1.60\bcprov-jdk15on-1.60.jar;C:\Users\admin\.m2\repository\org\bouncycastle\bcpkix-jdk15on\1.60\bcpkix-jdk15on-1.60.jar;C:\Users\admin\.m2\repository\jline\jline\2.11\jline-2.11.jar;C:\Users\admin\.m2\repository\io\dropwizard\metrics\metrics-core\3.2.5\metrics-core-3.2.5.jar;C:\Users\admin\.m2\repository\log4j\log4j\1.2.17\log4j-1.2.17.jar;C:\Users\admin\.m2\repository\org\apache\kerby\kerb-core\2.0.0\kerb-core-2.0.0.jar;C:\Users\admin\.m2\repository\org\apache\kerby\kerby-pkix\2.0.0\kerby-pkix-2.0.0.jar;C:\Users\admin\.m2\repository\org\apache\kerby\kerby-asn1\2.0.0\kerby-asn1-2.0.0.jar;C:\Users\admin\.m2\repository\org\apache\kerby\kerby-util\2.0.0\kerby-util-2.0.0.jar;C:\Users\admin\.m2\repository\org\apache\kerby\kerb-simplekdc\2.0.0\kerb-simplekdc-2.0.0.jar;C:\Users\admin\.m2\repository\org\apache\kerby\kerb-client\2.0.0\kerb-client-2.0.0.jar;C:\Users\admin\.m2\repository\org\apache\kerby\kerb-common\2.0.0\kerb-common-2.0.0.jar;C:\Users\admin\.m2\repository\org\apache\kerby\kerb-crypto\2.0.0\kerb-crypto-2.0.0.jar;C:\Users\admin\.m2\repository\commons-io\commons-io\2.6\commons-io-2.6.jar;C:\Users\admin\.m2\repository\org\apache\kerby\kerb-util\2.0.0\kerb-util-2.0.0.jar;C:\Users\admin\.m2\repository\org\apache\kerby\token-provider\2.0.0\token-provider-2.0.0.jar;C:\Users\admin\.m2\repository\com\nimbusds\nimbus-jose-jwt\4.41.2\nimbus-jose-jwt-4.41.2.jar;C:\Users\admin\.m2\repository\com\github\stephenc\jcip\jcip-annotations\1.0-1\jcip-annotations-1.0-1.jar;C:\Users\admin\.m2\repository\net\minidev\json-smart\2.3\json-smart-2.3.jar;C:\Users\admin\.m2\repository\net\minidev\accessors-smart\1.2\accessors-smart-1.2.jar;C:\Users\admin\.m2\repository\org\ow2\asm\asm\5.0.4\asm-5.0.4.jar;C:\Users\admin\.m2\repository\org\apache\kerby\kerb-admin\2.0.0\kerb-admin-2.0.0.jar;C:\Users\admin\.m2\repository\org\apache\kerby\kerb-server\2.0.0\kerb-server-2.0.0.jar;C:\Users\admin\.m2\repository\org\apache\kerby\kerb-identity\2.0.0\kerb-identity-2.0.0.jar;C:\Users\admin\.m2\repository\org\apache\kerby\kerby-xdr\2.0.0\kerby-xdr-2.0.0.jar;C:\Users\admin\.m2\repository\org\apache\kerby\kerby-config\2.0.0\kerby-config-2.0.0.jar;C:\Users\admin\.m2\repository\org\mockito\mockito-core\2.27.0\mockito-core-2.27.0.jar;C:\Users\admin\.m2\repository\net\bytebuddy\byte-buddy\1.9.10\byte-buddy-1.9.10.jar;C:\Users\admin\.m2\repository\net\bytebuddy\byte-buddy-agent\1.9.10\byte-buddy-agent-1.9.10.jar;C:\Users\admin\.m2\repository\org\objenesis\objenesis\2.6\objenesis-2.6.jar;C:\Users\admin\.m2\repository\org\jmockit\jmockit\1.48\jmockit-1.48.jar;C:\Users\admin\.m2\repository\junit\junit\4.12\junit-4.12.jar;C:\Users\admin\.m2\repository\org\hamcrest\hamcrest-core\1.3\hamcrest-core-1.3.jar;C:\Users\admin\.m2\repository\org\xerial\snappy\snappy-java\1.1.7\snappy-java-1.1.7.jar;"/>
    <property name="sun.cpu.endian" value="little"/>
    <property name="user.home" value="C:\Users\admin"/>
    <property name="user.language" value="zh"/>
    <property name="java.specification.vendor" value="Oracle Corporation"/>
    <property name="java.home" value="D:\Program Files\RedHat\java-1.8.0-openjdk-1.8.0.252-2\jre"/>
    <property name="zookeeper.DigestAuthenticationProvider.superDigest" value="super:D/InIHSb7yEEbrWz8b9l71RjZJU="/>
    <property name="basedir" value="D:\desktop\git_repo\zookeeper-read\zookeeper-server"/>
    <property name="file.separator" value="\"/>
    <property name="line.separator" value="&#10;"/>
    <property name="java.vm.specification.vendor" value="Oracle Corporation"/>
    <property name="java.specification.name" value="Java Platform API Specification"/>
    <property name="java.awt.graphicsenv" value="sun.awt.Win32GraphicsEnvironment"/>
    <property name="test.junit.threads" value="8"/>
    <property name="idea.version2020.1.1" value="true"/>
    <property name="surefire.real.class.path" value="C:\Users\admin\AppData\Local\Temp\surefire817669169469973491\surefirebooter7918331269633227784.jar;C:\Users\admin\.m2\repository\org\jmockit\jmockit\1.48\jmockit-1.48.jar"/>
    <property name="zookeeper.junit.threadid" value="8"/>
    <property name="sun.boot.class.path" value="D:\Program Files\RedHat\java-1.8.0-openjdk-1.8.0.252-2\jre\lib\resources.jar;D:\Program Files\RedHat\java-1.8.0-openjdk-1.8.0.252-2\jre\lib\rt.jar;D:\Program Files\RedHat\java-1.8.0-openjdk-1.8.0.252-2\jre\lib\sunrsasign.jar;D:\Program Files\RedHat\java-1.8.0-openjdk-1.8.0.252-2\jre\lib\jsse.jar;D:\Program Files\RedHat\java-1.8.0-openjdk-1.8.0.252-2\jre\lib\jce.jar;D:\Program Files\RedHat\java-1.8.0-openjdk-1.8.0.252-2\jre\lib\charsets.jar;D:\Program Files\RedHat\java-1.8.0-openjdk-1.8.0.252-2\jre\lib\jfr.jar;D:\Program Files\RedHat\java-1.8.0-openjdk-1.8.0.252-2\jre\classes"/>
    <property name="user.script" value=""/>
    <property name="sun.management.compiler" value="HotSpot 64-Bit Tiered Compilers"/>
    <property name="java.runtime.version" value="1.8.0_252-b09"/>
    <property name="user.name" value="admin"/>
    <property name="path.separator" value=";"/>
    <property name="os.version" value="10.0"/>
    <property name="java.endorsed.dirs" value="D:\Program Files\RedHat\java-1.8.0-openjdk-1.8.0.252-2\jre\lib\endorsed"/>
    <property name="java.runtime.name" value="OpenJDK Runtime Environment"/>
    <property name="file.encoding" value="GBK"/>
    <property name="java.vm.name" value="OpenJDK 64-Bit Server VM"/>
    <property name="localRepository" value="C:\Users\admin\.m2\repository"/>
    <property name="java.vendor.url.bug" value="http://bugreport.sun.com/bugreport/"/>
    <property name="java.io.tmpdir" value="C:\Users\admin\AppData\Local\Temp\"/>
    <property name="java.version" value="1.8.0_252"/>
    <property name="user.dir" value="D:\desktop\git_repo\zookeeper-read\zookeeper-server"/>
    <property name="os.arch" value="amd64"/>
    <property name="java.vm.specification.name" value="Java Virtual Machine Specification"/>
    <property name="java.awt.printerjob" value="sun.awt.windows.WPrinterJob"/>
    <property name="sun.os.patch.level" value=""/>
    <property name="java.library.path" value="D:\Program Files\RedHat\java-1.8.0-openjdk-1.8.0.252-2\jre\bin;C:\Windows\Sun\Java\bin;C:\Windows\system32;C:\Windows;D:\Program Files (x86)\NetSarang\Xshell 6\;C:\Windows\system32;C:\Windows;C:\Windows\System32\Wbem;C:\Windows\System32\WindowsPowerShell\v1.0\;C:\Windows\System32\OpenSSH\;C:\Program Files (x86)\NVIDIA Corporation\PhysX\Common;C:\Program Files\NVIDIA Corporation\NVIDIA NvDLISR;D:\Program Files\RedHat\java-1.8.0-openjdk-1.8.0.252-2\bin;D:\Program Files\RedHat\java-1.8.0-openjdk-1.8.0.252-2\jre\bin;D:\Program Files\Git\cmd;D:\Go\bin;D:\Program Files\nodejs\;C:\Users\admin\AppData\Local\Microsoft\WindowsApps;;D:\Programs\Microsoft VS Code\bin;C:\Users\admin\go\bin;C:\Users\admin\AppData\Roaming\npm;."/>
    <property name="java.vm.info" value="mixed mode"/>
    <property name="java.vendor" value="Oracle Corporation"/>
    <property name="java.vm.version" value="25.252-b09"/>
    <property name="java.ext.dirs" value="D:\Program Files\RedHat\java-1.8.0-openjdk-1.8.0.252-2\jre\lib\ext;C:\Windows\Sun\Java\lib\ext"/>
    <property name="sun.io.unicode.encoding" value="UnicodeLittle"/>
    <property name="java.class.version" value="52.0"/>
  </properties>
  <testcase name="testCipherSuites" classname="org.apache.zookeeper.server.quorum.QuorumSSLTest" time="42.797"/>
  <testcase name="testOCSP" classname="org.apache.zookeeper.server.quorum.QuorumSSLTest" time="45.759">
    <failure type="java.lang.AssertionError">java.lang.AssertionError
	at org.apache.zookeeper.server.quorum.QuorumSSLTest.testOCSP(QuorumSSLTest.java:802)
</failure>
    <system-out><![CDATA[2020-06-22 14:09:05,623 [myid:] - INFO  [main:ZKTestCase$1@86] - STARTING testOCSP
2020-06-22 14:09:05,625 [myid:] - INFO  [Time-limited test:PortAssignment@87] - Assigned port 30082 from range 30072 - 32764.
2020-06-22 14:09:05,625 [myid:] - INFO  [Time-limited test:PortAssignment@87] - Assigned port 30083 from range 30072 - 32764.
2020-06-22 14:09:05,625 [myid:] - INFO  [Time-limited test:PortAssignment@87] - Assigned port 30084 from range 30072 - 32764.
2020-06-22 14:09:05,625 [myid:] - INFO  [Time-limited test:PortAssignment@87] - Assigned port 30085 from range 30072 - 32764.
2020-06-22 14:09:05,625 [myid:] - INFO  [Time-limited test:PortAssignment@87] - Assigned port 30086 from range 30072 - 32764.
2020-06-22 14:09:05,626 [myid:] - INFO  [Time-limited test:PortAssignment@87] - Assigned port 30087 from range 30072 - 32764.
2020-06-22 14:09:05,626 [myid:] - INFO  [Time-limited test:PortAssignment@87] - Assigned port 30088 from range 30072 - 32764.
2020-06-22 14:09:05,626 [myid:] - INFO  [Time-limited test:PortAssignment@87] - Assigned port 30089 from range 30072 - 32764.
2020-06-22 14:09:05,626 [myid:] - INFO  [Time-limited test:PortAssignment@87] - Assigned port 30090 from range 30072 - 32764.
2020-06-22 14:09:07,639 [myid:2] - INFO  [WorkerSender[myid=2]:FastLeaderElection$Messenger$WorkerSender@505] - WorkerSender is down
2020-06-22 14:09:07,926 [myid:1] - INFO  [WorkerReceiver[myid=1]:FastLeaderElection$Messenger$WorkerReceiver@471] - WorkerReceiver is down
2020-06-22 14:09:07,929 [myid:2] - INFO  [WorkerReceiver[myid=2]:FastLeaderElection$Messenger$WorkerReceiver@471] - WorkerReceiver is down
2020-06-22 14:09:07,930 [myid:1] - INFO  [WorkerSender[myid=1]:FastLeaderElection$Messenger$WorkerSender@505] - WorkerSender is down
2020-06-22 14:09:08,530 [myid:3] - INFO  [WorkerReceiver[myid=3]:FastLeaderElection$Messenger$WorkerReceiver@471] - WorkerReceiver is down
2020-06-22 14:09:08,531 [myid:3] - INFO  [WorkerSender[myid=3]:FastLeaderElection$Messenger$WorkerSender@505] - WorkerSender is down
2020-06-22 14:09:09,589 [myid:2] - INFO  [SessionTracker:SessionTrackerImpl@170] - SessionTrackerImpl exited loop!
2020-06-22 14:09:20,428 [myid:] - INFO  [Time-limited test:JUnit4ZKTestRunner$LoggedInvokeMethod@84] - RUNNING TEST METHOD testOCSP
2020-06-22 14:09:20,428 [myid:] - INFO  [Time-limited test:PortAssignment@87] - Assigned port 30091 from range 30072 - 32764.
2020-06-22 14:09:20,429 [myid:] - INFO  [Time-limited test:QuorumPeerTestBase$MainThread@205] - id = 1 tmpDir = D:\desktop\git_repo\zookeeper-read\zookeeper-server\target\surefire\test7355324773553625969.junit.dir clientPort = 30082 adminServerPort = 8080
2020-06-22 14:09:20,431 [myid:] - INFO  [Time-limited test:QuorumPeerTestBase$MainThread@205] - id = 2 tmpDir = D:\desktop\git_repo\zookeeper-read\zookeeper-server\target\surefire\test6118884499362276766.junit.dir clientPort = 30083 adminServerPort = 8080
2020-06-22 14:09:20,432 [myid:] - INFO  [Time-limited test:FourLetterWordMain@93] - connecting to 127.0.0.1 30082
2020-06-22 14:09:20,432 [myid:] - INFO  [Thread-6:QuorumPeerConfig@173] - Reading configuration from: D:\desktop\git_repo\zookeeper-read\zookeeper-server\target\surefire\test7355324773553625969.junit.dir\zoo.cfg
2020-06-22 14:09:20,432 [myid:] - INFO  [Thread-7:QuorumPeerConfig@173] - Reading configuration from: D:\desktop\git_repo\zookeeper-read\zookeeper-server\target\surefire\test6118884499362276766.junit.dir\zoo.cfg
2020-06-22 14:09:20,433 [myid:] - INFO  [Thread-6:QuorumPeerConfig@459] - clientPortAddress is 0.0.0.0:30082
2020-06-22 14:09:20,433 [myid:] - INFO  [Thread-6:QuorumPeerConfig@463] - secureClientPort is not set
2020-06-22 14:09:20,433 [myid:] - INFO  [Thread-6:QuorumPeerConfig@479] - observerMasterPort is not set
2020-06-22 14:09:20,433 [myid:] - INFO  [Thread-6:QuorumPeerConfig@496] - metricsProvider.className is org.apache.zookeeper.metrics.impl.DefaultMetricsProvider
2020-06-22 14:09:20,433 [myid:] - INFO  [Thread-7:QuorumPeerConfig@459] - clientPortAddress is 0.0.0.0:30083
2020-06-22 14:09:20,433 [myid:] - INFO  [Thread-7:QuorumPeerConfig@463] - secureClientPort is not set
2020-06-22 14:09:20,433 [myid:] - INFO  [Thread-7:QuorumPeerConfig@479] - observerMasterPort is not set
2020-06-22 14:09:20,433 [myid:] - INFO  [Thread-7:QuorumPeerConfig@496] - metricsProvider.className is org.apache.zookeeper.metrics.impl.DefaultMetricsProvider
2020-06-22 14:09:20,433 [myid:1] - INFO  [Thread-6:DatadirCleanupManager@78] - autopurge.snapRetainCount set to 3
2020-06-22 14:09:20,434 [myid:1] - INFO  [Thread-6:DatadirCleanupManager@79] - autopurge.purgeInterval set to 0
2020-06-22 14:09:20,434 [myid:1] - INFO  [Thread-6:DatadirCleanupManager@101] - Purge task is not scheduled.
2020-06-22 14:09:20,434 [myid:2] - INFO  [Thread-7:DatadirCleanupManager@78] - autopurge.snapRetainCount set to 3
2020-06-22 14:09:20,434 [myid:1] - INFO  [Thread-6:ManagedUtil@44] - Log4j 1.2 jmx support found and enabled.
2020-06-22 14:09:20,434 [myid:2] - INFO  [Thread-7:DatadirCleanupManager@79] - autopurge.purgeInterval set to 0
2020-06-22 14:09:20,434 [myid:2] - INFO  [Thread-7:DatadirCleanupManager@101] - Purge task is not scheduled.
2020-06-22 14:09:20,434 [myid:2] - INFO  [Thread-7:ManagedUtil@44] - Log4j 1.2 jmx support found and enabled.
2020-06-22 14:09:20,434 [myid:1] - ERROR [Thread-6:ManagedUtil@109] - Problems while registering log4j 1.2 jmx beans!
javax.management.InstanceAlreadyExistsException: log4j:hierarchy=default
	at com.sun.jmx.mbeanserver.Repository.addMBean(Repository.java:437)
	at com.sun.jmx.interceptor.DefaultMBeanServerInterceptor.registerWithRepository(DefaultMBeanServerInterceptor.java:1898)
	at com.sun.jmx.interceptor.DefaultMBeanServerInterceptor.registerDynamicMBean(DefaultMBeanServerInterceptor.java:966)
	at com.sun.jmx.interceptor.DefaultMBeanServerInterceptor.registerObject(DefaultMBeanServerInterceptor.java:900)
	at com.sun.jmx.interceptor.DefaultMBeanServerInterceptor.registerMBean(DefaultMBeanServerInterceptor.java:324)
	at com.sun.jmx.mbeanserver.JmxMBeanServer.registerMBean(JmxMBeanServer.java:522)
	at org.apache.zookeeper.jmx.ManagedUtil.registerLog4jMBeans(ManagedUtil.java:72)
	at org.apache.zookeeper.server.quorum.QuorumPeerMain.runFromConfig(QuorumPeerMain.java:146)
	at org.apache.zookeeper.server.quorum.QuorumPeerMain.initializeAndRun(QuorumPeerMain.java:136)
	at org.apache.zookeeper.server.quorum.QuorumPeerTestBase$MainThread.run(QuorumPeerTestBase.java:329)
	at java.lang.Thread.run(Thread.java:748)
2020-06-22 14:09:20,434 [myid:1] - WARN  [Thread-6:QuorumPeerMain@148] - Unable to register log4j JMX control
javax.management.JMException: javax.management.InstanceAlreadyExistsException: log4j:hierarchy=default
	at org.apache.zookeeper.jmx.ManagedUtil.registerLog4jMBeans(ManagedUtil.java:110)
	at org.apache.zookeeper.server.quorum.QuorumPeerMain.runFromConfig(QuorumPeerMain.java:146)
	at org.apache.zookeeper.server.quorum.QuorumPeerMain.initializeAndRun(QuorumPeerMain.java:136)
	at org.apache.zookeeper.server.quorum.QuorumPeerTestBase$MainThread.run(QuorumPeerTestBase.java:329)
	at java.lang.Thread.run(Thread.java:748)
2020-06-22 14:09:20,434 [myid:1] - INFO  [Thread-6:QuorumPeerMain@151] - Starting quorum peer
2020-06-22 14:09:20,434 [myid:2] - ERROR [Thread-7:ManagedUtil@109] - Problems while registering log4j 1.2 jmx beans!
javax.management.InstanceAlreadyExistsException: log4j:hierarchy=default
	at com.sun.jmx.mbeanserver.Repository.addMBean(Repository.java:437)
	at com.sun.jmx.interceptor.DefaultMBeanServerInterceptor.registerWithRepository(DefaultMBeanServerInterceptor.java:1898)
	at com.sun.jmx.interceptor.DefaultMBeanServerInterceptor.registerDynamicMBean(DefaultMBeanServerInterceptor.java:966)
	at com.sun.jmx.interceptor.DefaultMBeanServerInterceptor.registerObject(DefaultMBeanServerInterceptor.java:900)
	at com.sun.jmx.interceptor.DefaultMBeanServerInterceptor.registerMBean(DefaultMBeanServerInterceptor.java:324)
	at com.sun.jmx.mbeanserver.JmxMBeanServer.registerMBean(JmxMBeanServer.java:522)
	at org.apache.zookeeper.jmx.ManagedUtil.registerLog4jMBeans(ManagedUtil.java:72)
	at org.apache.zookeeper.server.quorum.QuorumPeerMain.runFromConfig(QuorumPeerMain.java:146)
	at org.apache.zookeeper.server.quorum.QuorumPeerMain.initializeAndRun(QuorumPeerMain.java:136)
	at org.apache.zookeeper.server.quorum.QuorumPeerTestBase$MainThread.run(QuorumPeerTestBase.java:329)
	at java.lang.Thread.run(Thread.java:748)
2020-06-22 14:09:20,434 [myid:1] - INFO  [Thread-6:ServerMetrics@62] - ServerMetrics initialized with provider org.apache.zookeeper.metrics.impl.DefaultMetricsProvider@18200527
2020-06-22 14:09:20,434 [myid:2] - WARN  [Thread-7:QuorumPeerMain@148] - Unable to register log4j JMX control
javax.management.JMException: javax.management.InstanceAlreadyExistsException: log4j:hierarchy=default
	at org.apache.zookeeper.jmx.ManagedUtil.registerLog4jMBeans(ManagedUtil.java:110)
	at org.apache.zookeeper.server.quorum.QuorumPeerMain.runFromConfig(QuorumPeerMain.java:146)
	at org.apache.zookeeper.server.quorum.QuorumPeerMain.initializeAndRun(QuorumPeerMain.java:136)
	at org.apache.zookeeper.server.quorum.QuorumPeerTestBase$MainThread.run(QuorumPeerTestBase.java:329)
	at java.lang.Thread.run(Thread.java:748)
2020-06-22 14:09:20,434 [myid:2] - INFO  [Thread-7:QuorumPeerMain@151] - Starting quorum peer
2020-06-22 14:09:20,435 [myid:2] - INFO  [Thread-7:ServerMetrics@62] - ServerMetrics initialized with provider org.apache.zookeeper.metrics.impl.DefaultMetricsProvider@616f09f6
2020-06-22 14:09:20,435 [myid:1] - INFO  [Thread-6:NettyServerCnxnFactory@483] - zookeeper.client.portUnification=false
2020-06-22 14:09:20,435 [myid:1] - INFO  [Thread-6:NettyServerCnxnFactory@495] - zookeeper.netty.advancedFlowControl.enabled = false
2020-06-22 14:09:20,435 [myid:1] - INFO  [Thread-6:NettyServerCnxnFactory@105] - handshakeThrottlingEnabled = false, zookeeper.netty.server.outstandingHandshake.limit = -1
2020-06-22 14:09:20,435 [myid:2] - INFO  [Thread-7:NettyServerCnxnFactory@483] - zookeeper.client.portUnification=false
2020-06-22 14:09:20,435 [myid:2] - INFO  [Thread-7:NettyServerCnxnFactory@495] - zookeeper.netty.advancedFlowControl.enabled = false
2020-06-22 14:09:20,435 [myid:2] - INFO  [Thread-7:NettyServerCnxnFactory@105] - handshakeThrottlingEnabled = false, zookeeper.netty.server.outstandingHandshake.limit = -1
2020-06-22 14:09:20,607 [myid:1] - INFO  [Thread-6:ServerCnxnFactory@169] - Using org.apache.zookeeper.server.NettyServerCnxnFactory as server connection factory
2020-06-22 14:09:20,607 [myid:1] - WARN  [Thread-6:ServerCnxnFactory@309] - maxCnxns is not configured, using default value 0.
2020-06-22 14:09:20,608 [myid:1] - INFO  [Thread-6:FileTxnSnapLog@124] - zookeeper.snapshot.trust.empty : false
2020-06-22 14:09:20,608 [myid:1] - INFO  [Thread-6:QuorumPeer@1680] - Local sessions disabled
2020-06-22 14:09:20,608 [myid:1] - INFO  [Thread-6:QuorumPeer@1691] - Local session upgrading disabled
2020-06-22 14:09:20,608 [myid:1] - INFO  [Thread-6:QuorumPeer@1658] - tickTime set to 4000
2020-06-22 14:09:20,608 [myid:1] - INFO  [Thread-6:QuorumPeer@1702] - minSessionTimeout set to 8000
2020-06-22 14:09:20,608 [myid:1] - INFO  [Thread-6:QuorumPeer@1713] - maxSessionTimeout set to 80000
2020-06-22 14:09:20,609 [myid:1] - INFO  [Thread-6:QuorumPeer@1738] - initLimit set to 10
2020-06-22 14:09:20,609 [myid:1] - INFO  [Thread-6:QuorumPeer@1920] - syncLimit set to 5
2020-06-22 14:09:20,609 [myid:1] - INFO  [Thread-6:QuorumPeer@1935] - connectToLearnerMasterLimit set to 5
2020-06-22 14:09:20,609 [myid:1] - INFO  [Thread-6:WatchManagerFactory@42] - Using org.apache.zookeeper.server.watch.WatchManager as watch manager
2020-06-22 14:09:20,609 [myid:1] - INFO  [Thread-6:WatchManagerFactory@42] - Using org.apache.zookeeper.server.watch.WatchManager as watch manager
2020-06-22 14:09:20,609 [myid:1] - INFO  [Thread-6:ZKDatabase@132] - zookeeper.snapshotSizeFactor = 0.33
2020-06-22 14:09:20,609 [myid:1] - INFO  [Thread-6:ZKDatabase@152] - zookeeper.commitLogCount=500
2020-06-22 14:09:20,609 [myid:1] - INFO  [Thread-6:QuorumPeer@1999] - Using TLS encrypted quorum communication
2020-06-22 14:09:20,609 [myid:1] - INFO  [Thread-6:QuorumPeer@2007] - Port unification disabled
2020-06-22 14:09:20,610 [myid:1] - INFO  [Thread-6:QuorumPeer@174] - multiAddress.enabled set to false
2020-06-22 14:09:20,610 [myid:1] - INFO  [Thread-6:QuorumPeer@199] - multiAddress.reachabilityCheckEnabled set to true
2020-06-22 14:09:20,610 [myid:1] - INFO  [Thread-6:QuorumPeer@186] - multiAddress.reachabilityCheckTimeoutMs set to 1000
2020-06-22 14:09:20,610 [myid:1] - INFO  [Thread-6:QuorumPeer@2461] - QuorumPeer communication is not secured! (SASL auth disabled)
2020-06-22 14:09:20,610 [myid:1] - INFO  [Thread-6:QuorumPeer@2486] - quorum.cnxn.threads.size set to 20
2020-06-22 14:09:20,610 [myid:1] - INFO  [Thread-6:FileTxnSnapLog@251] - Initialize file found, an empty database will not block voting participation
2020-06-22 14:09:20,610 [myid:1] - INFO  [Thread-6:FileTxnSnapLog@470] - Snapshotting: 0x0 to D:\desktop\git_repo\zookeeper-read\zookeeper-server\target\surefire\test7355324773553625969.junit.dir\data\version-2\snapshot.0
2020-06-22 14:09:20,611 [myid:1] - INFO  [Thread-6:ZKDatabase@289] - Snapshot loaded in 1 ms, highest zxid is 0x0, digest is 1371985504
2020-06-22 14:09:20,611 [myid:1] - INFO  [Thread-6:QuorumPeer@1102] - currentEpoch not found! Creating with a reasonable default of 0. This should only happen when you are upgrading your installation
2020-06-22 14:09:20,614 [myid:2] - INFO  [Thread-7:ServerCnxnFactory@169] - Using org.apache.zookeeper.server.NettyServerCnxnFactory as server connection factory
2020-06-22 14:09:20,614 [myid:2] - WARN  [Thread-7:ServerCnxnFactory@309] - maxCnxns is not configured, using default value 0.
2020-06-22 14:09:20,614 [myid:2] - INFO  [Thread-7:FileTxnSnapLog@124] - zookeeper.snapshot.trust.empty : false
2020-06-22 14:09:20,615 [myid:2] - INFO  [Thread-7:QuorumPeer@1680] - Local sessions disabled
2020-06-22 14:09:20,615 [myid:2] - INFO  [Thread-7:QuorumPeer@1691] - Local session upgrading disabled
2020-06-22 14:09:20,615 [myid:2] - INFO  [Thread-7:QuorumPeer@1658] - tickTime set to 4000
2020-06-22 14:09:20,615 [myid:2] - INFO  [Thread-7:QuorumPeer@1702] - minSessionTimeout set to 8000
2020-06-22 14:09:20,615 [myid:2] - INFO  [Thread-7:QuorumPeer@1713] - maxSessionTimeout set to 80000
2020-06-22 14:09:20,615 [myid:2] - INFO  [Thread-7:QuorumPeer@1738] - initLimit set to 10
2020-06-22 14:09:20,615 [myid:2] - INFO  [Thread-7:QuorumPeer@1920] - syncLimit set to 5
2020-06-22 14:09:20,615 [myid:2] - INFO  [Thread-7:QuorumPeer@1935] - connectToLearnerMasterLimit set to 5
2020-06-22 14:09:20,615 [myid:2] - INFO  [Thread-7:WatchManagerFactory@42] - Using org.apache.zookeeper.server.watch.WatchManager as watch manager
2020-06-22 14:09:20,615 [myid:2] - INFO  [Thread-7:WatchManagerFactory@42] - Using org.apache.zookeeper.server.watch.WatchManager as watch manager
2020-06-22 14:09:20,615 [myid:2] - INFO  [Thread-7:ZKDatabase@132] - zookeeper.snapshotSizeFactor = 0.33
2020-06-22 14:09:20,615 [myid:2] - INFO  [Thread-7:ZKDatabase@152] - zookeeper.commitLogCount=500
2020-06-22 14:09:20,616 [myid:1] - INFO  [Thread-6:QuorumPeer@1122] - acceptedEpoch not found! Creating with a reasonable default of 0. This should only happen when you are upgrading your installation
2020-06-22 14:09:20,616 [myid:2] - INFO  [Thread-7:QuorumPeer@1999] - Using TLS encrypted quorum communication
2020-06-22 14:09:20,616 [myid:2] - INFO  [Thread-7:QuorumPeer@2007] - Port unification disabled
2020-06-22 14:09:20,616 [myid:2] - INFO  [Thread-7:QuorumPeer@174] - multiAddress.enabled set to false
2020-06-22 14:09:20,616 [myid:2] - INFO  [Thread-7:QuorumPeer@199] - multiAddress.reachabilityCheckEnabled set to true
2020-06-22 14:09:20,616 [myid:2] - INFO  [Thread-7:QuorumPeer@186] - multiAddress.reachabilityCheckTimeoutMs set to 1000
2020-06-22 14:09:20,616 [myid:2] - INFO  [Thread-7:QuorumPeer@2461] - QuorumPeer communication is not secured! (SASL auth disabled)
2020-06-22 14:09:20,616 [myid:2] - INFO  [Thread-7:QuorumPeer@2486] - quorum.cnxn.threads.size set to 20
2020-06-22 14:09:20,616 [myid:2] - INFO  [Thread-7:FileTxnSnapLog@251] - Initialize file found, an empty database will not block voting participation
2020-06-22 14:09:20,617 [myid:2] - INFO  [Thread-7:FileTxnSnapLog@470] - Snapshotting: 0x0 to D:\desktop\git_repo\zookeeper-read\zookeeper-server\target\surefire\test6118884499362276766.junit.dir\data\version-2\snapshot.0
2020-06-22 14:09:20,618 [myid:1] - INFO  [Thread-6:NettyServerCnxnFactory@670] - binding to port /0.0.0.0:30082
2020-06-22 14:09:20,619 [myid:2] - INFO  [Thread-7:ZKDatabase@289] - Snapshot loaded in 3 ms, highest zxid is 0x0, digest is 1371985504
2020-06-22 14:09:20,619 [myid:1] - INFO  [Thread-6:NettyServerCnxnFactory@675] - bound to port 30082
2020-06-22 14:09:20,619 [myid:1] - INFO  [Thread-6:QuorumPeer@2503] - Using 20000ms as the quorum cnxn socket timeout
2020-06-22 14:09:20,619 [myid:2] - INFO  [Thread-7:QuorumPeer@1102] - currentEpoch not found! Creating with a reasonable default of 0. This should only happen when you are upgrading your installation
2020-06-22 14:09:20,619 [myid:1] - INFO  [Thread-6:QuorumCnxManager$Listener@923] - Election port bind maximum retries is 3
2020-06-22 14:09:20,620 [myid:1] - INFO  [ListenerHandler-/127.0.0.1:30088:QuorumCnxManager$Listener$ListenerHandler@1127] - Creating TLS-only quorum server socket
2020-06-22 14:09:20,620 [myid:1] - INFO  [ListenerHandler-/127.0.0.1:30088:QuorumCnxManager$Listener$ListenerHandler@1065] - 1 is accepting connections now, my election bind port: /127.0.0.1:30088
2020-06-22 14:09:20,621 [myid:1] - INFO  [QuorumPeer[myid=1](plain=[0:0:0:0:0:0:0:0]:30082)(secure=disabled):QuorumPeer@1371] - LOOKING
2020-06-22 14:09:20,621 [myid:1] - INFO  [QuorumPeer[myid=1](plain=[0:0:0:0:0:0:0:0]:30082)(secure=disabled):FastLeaderElection@944] - New election. My id = 1, proposed zxid=0x0
2020-06-22 14:09:20,622 [myid:2] - INFO  [Thread-7:QuorumPeer@1122] - acceptedEpoch not found! Creating with a reasonable default of 0. This should only happen when you are upgrading your installation
2020-06-22 14:09:20,622 [myid:1] - INFO  [WorkerReceiver[myid=1]:FastLeaderElection$Messenger$WorkerReceiver@389] - Notification: my state:LOOKING; n.sid:1, n.state:LOOKING, n.leader:1, n.round:0x1, n.peerEpoch:0x0, n.zxid:0x0, message format version:0x2, n.config version:0x0
2020-06-22 14:09:20,624 [myid:2] - INFO  [Thread-7:NettyServerCnxnFactory@670] - binding to port /0.0.0.0:30083
2020-06-22 14:09:20,626 [myid:2] - INFO  [Thread-7:NettyServerCnxnFactory@675] - bound to port 30083
2020-06-22 14:09:20,626 [myid:2] - INFO  [Thread-7:QuorumPeer@2503] - Using 20000ms as the quorum cnxn socket timeout
2020-06-22 14:09:20,627 [myid:2] - INFO  [Thread-7:QuorumCnxManager$Listener@923] - Election port bind maximum retries is 3
2020-06-22 14:09:20,628 [myid:2] - INFO  [ListenerHandler-/127.0.0.1:30089:QuorumCnxManager$Listener$ListenerHandler@1127] - Creating TLS-only quorum server socket
2020-06-22 14:09:20,628 [myid:2] - INFO  [ListenerHandler-/127.0.0.1:30089:QuorumCnxManager$Listener$ListenerHandler@1065] - 2 is accepting connections now, my election bind port: /127.0.0.1:30089
2020-06-22 14:09:20,628 [myid:2] - INFO  [QuorumPeer[myid=2](plain=[0:0:0:0:0:0:0:0]:30083)(secure=disabled):QuorumPeer@1371] - LOOKING
2020-06-22 14:09:20,629 [myid:2] - INFO  [QuorumPeer[myid=2](plain=[0:0:0:0:0:0:0:0]:30083)(secure=disabled):FastLeaderElection@944] - New election. My id = 2, proposed zxid=0x0
2020-06-22 14:09:20,630 [myid:2] - INFO  [WorkerReceiver[myid=2]:FastLeaderElection$Messenger$WorkerReceiver@389] - Notification: my state:LOOKING; n.sid:2, n.state:LOOKING, n.leader:2, n.round:0x1, n.peerEpoch:0x0, n.zxid:0x0, message format version:0x2, n.config version:0x0
2020-06-22 14:09:20,631 [myid:1] - INFO  [ListenerHandler-/127.0.0.1:30088:QuorumCnxManager$Listener$ListenerHandler@1070] - Received connection request from /127.0.0.1:62860
2020-06-22 14:09:20,752 [myid:1] - INFO  [ListenerHandler-/127.0.0.1:30088:UnifiedServerSocket$UnifiedSocket@266] - Accepted TLS connection from /127.0.0.1:62860 - TLSv1.2 - TLS_ECDHE_RSA_WITH_AES_128_CBC_SHA256
2020-06-22 14:09:20,753 [myid:2] - INFO  [QuorumConnectionThread-[myid=2]-1:QuorumCnxManager@387] - SSL handshake complete with /127.0.0.1:30088 - TLSv1.2 - TLS_ECDHE_RSA_WITH_AES_128_CBC_SHA256
2020-06-22 14:09:20,756 [myid:1] - INFO  [WorkerReceiver[myid=1]:FastLeaderElection$Messenger$WorkerReceiver@389] - Notification: my state:LOOKING; n.sid:2, n.state:LOOKING, n.leader:2, n.round:0x1, n.peerEpoch:0x0, n.zxid:0x0, message format version:0x2, n.config version:0x0
2020-06-22 14:09:20,756 [myid:2] - INFO  [WorkerReceiver[myid=2]:FastLeaderElection$Messenger$WorkerReceiver@389] - Notification: my state:LOOKING; n.sid:1, n.state:LOOKING, n.leader:1, n.round:0x1, n.peerEpoch:0x0, n.zxid:0x0, message format version:0x2, n.config version:0x0
2020-06-22 14:09:20,757 [myid:1] - INFO  [WorkerReceiver[myid=1]:FastLeaderElection$Messenger$WorkerReceiver@389] - Notification: my state:LOOKING; n.sid:1, n.state:LOOKING, n.leader:2, n.round:0x1, n.peerEpoch:0x0, n.zxid:0x0, message format version:0x2, n.config version:0x0
2020-06-22 14:09:20,758 [myid:2] - INFO  [WorkerReceiver[myid=2]:FastLeaderElection$Messenger$WorkerReceiver@389] - Notification: my state:LOOKING; n.sid:1, n.state:LOOKING, n.leader:2, n.round:0x1, n.peerEpoch:0x0, n.zxid:0x0, message format version:0x2, n.config version:0x0
2020-06-22 14:09:20,936 [myid:1] - INFO  [nioEventLoopGroup-14-1:NettyServerCnxn@285] - Processing stat command from /127.0.0.1:62787
2020-06-22 14:09:20,960 [myid:1] - INFO  [QuorumPeer[myid=1](plain=[0:0:0:0:0:0:0:0]:30082)(secure=disabled):QuorumPeer@857] - Peer state changed: following
2020-06-22 14:09:20,962 [myid:1] - INFO  [QuorumPeer[myid=1](plain=[0:0:0:0:0:0:0:0]:30082)(secure=disabled):QuorumPeer@1453] - FOLLOWING
2020-06-22 14:09:20,962 [myid:2] - INFO  [QuorumPeer[myid=2](plain=[0:0:0:0:0:0:0:0]:30083)(secure=disabled):QuorumPeer@857] - Peer state changed: leading
2020-06-22 14:09:20,962 [myid:1] - INFO  [QuorumPeer[myid=1](plain=[0:0:0:0:0:0:0:0]:30082)(secure=disabled):ZooKeeperServer@1246] - minSessionTimeout set to 8000
2020-06-22 14:09:20,962 [myid:1] - INFO  [QuorumPeer[myid=1](plain=[0:0:0:0:0:0:0:0]:30082)(secure=disabled):ZooKeeperServer@1255] - maxSessionTimeout set to 80000
2020-06-22 14:09:20,962 [myid:2] - INFO  [QuorumPeer[myid=2](plain=[0:0:0:0:0:0:0:0]:30083)(secure=disabled):QuorumPeer@1465] - LEADING
2020-06-22 14:09:20,963 [myid:2] - INFO  [QuorumPeer[myid=2](plain=[0:0:0:0:0:0:0:0]:30083)(secure=disabled):ZooKeeperServer@1246] - minSessionTimeout set to 8000
2020-06-22 14:09:20,963 [myid:2] - INFO  [QuorumPeer[myid=2](plain=[0:0:0:0:0:0:0:0]:30083)(secure=disabled):ZooKeeperServer@1255] - maxSessionTimeout set to 80000
2020-06-22 14:09:20,963 [myid:2] - INFO  [QuorumPeer[myid=2](plain=[0:0:0:0:0:0:0:0]:30083)(secure=disabled):ResponseCache@45] - Response cache size is initialized with value 400.
2020-06-22 14:09:20,963 [myid:2] - INFO  [QuorumPeer[myid=2](plain=[0:0:0:0:0:0:0:0]:30083)(secure=disabled):ResponseCache@45] - Response cache size is initialized with value 400.
2020-06-22 14:09:20,963 [myid:1] - INFO  [QuorumPeer[myid=1](plain=[0:0:0:0:0:0:0:0]:30082)(secure=disabled):ResponseCache@45] - Response cache size is initialized with value 400.
2020-06-22 14:09:20,963 [myid:1] - INFO  [QuorumPeer[myid=1](plain=[0:0:0:0:0:0:0:0]:30082)(secure=disabled):ResponseCache@45] - Response cache size is initialized with value 400.
2020-06-22 14:09:20,963 [myid:2] - INFO  [QuorumPeer[myid=2](plain=[0:0:0:0:0:0:0:0]:30083)(secure=disabled):RequestPathMetricsCollector@111] - zookeeper.pathStats.slotCapacity = 60
2020-06-22 14:09:20,963 [myid:2] - INFO  [QuorumPeer[myid=2](plain=[0:0:0:0:0:0:0:0]:30083)(secure=disabled):RequestPathMetricsCollector@112] - zookeeper.pathStats.slotDuration = 15
2020-06-22 14:09:20,963 [myid:2] - INFO  [QuorumPeer[myid=2](plain=[0:0:0:0:0:0:0:0]:30083)(secure=disabled):RequestPathMetricsCollector@113] - zookeeper.pathStats.maxDepth = 6
2020-06-22 14:09:20,963 [myid:2] - INFO  [QuorumPeer[myid=2](plain=[0:0:0:0:0:0:0:0]:30083)(secure=disabled):RequestPathMetricsCollector@114] - zookeeper.pathStats.initialDelay = 5
2020-06-22 14:09:20,963 [myid:2] - INFO  [QuorumPeer[myid=2](plain=[0:0:0:0:0:0:0:0]:30083)(secure=disabled):RequestPathMetricsCollector@115] - zookeeper.pathStats.delay = 5
2020-06-22 14:09:20,963 [myid:2] - INFO  [QuorumPeer[myid=2](plain=[0:0:0:0:0:0:0:0]:30083)(secure=disabled):RequestPathMetricsCollector@116] - zookeeper.pathStats.enabled = false
2020-06-22 14:09:20,963 [myid:1] - INFO  [QuorumPeer[myid=1](plain=[0:0:0:0:0:0:0:0]:30082)(secure=disabled):RequestPathMetricsCollector@111] - zookeeper.pathStats.slotCapacity = 60
2020-06-22 14:09:20,963 [myid:1] - INFO  [QuorumPeer[myid=1](plain=[0:0:0:0:0:0:0:0]:30082)(secure=disabled):RequestPathMetricsCollector@112] - zookeeper.pathStats.slotDuration = 15
2020-06-22 14:09:20,964 [myid:1] - INFO  [QuorumPeer[myid=1](plain=[0:0:0:0:0:0:0:0]:30082)(secure=disabled):RequestPathMetricsCollector@113] - zookeeper.pathStats.maxDepth = 6
2020-06-22 14:09:20,964 [myid:1] - INFO  [QuorumPeer[myid=1](plain=[0:0:0:0:0:0:0:0]:30082)(secure=disabled):RequestPathMetricsCollector@114] - zookeeper.pathStats.initialDelay = 5
2020-06-22 14:09:20,964 [myid:1] - INFO  [QuorumPeer[myid=1](plain=[0:0:0:0:0:0:0:0]:30082)(secure=disabled):RequestPathMetricsCollector@115] - zookeeper.pathStats.delay = 5
2020-06-22 14:09:20,964 [myid:1] - INFO  [QuorumPeer[myid=1](plain=[0:0:0:0:0:0:0:0]:30082)(secure=disabled):RequestPathMetricsCollector@116] - zookeeper.pathStats.enabled = false
2020-06-22 14:09:20,963 [myid:2] - INFO  [QuorumPeer[myid=2](plain=[0:0:0:0:0:0:0:0]:30083)(secure=disabled):ZooKeeperServer@1471] - The max bytes for all large requests are set to 104857600
2020-06-22 14:09:20,964 [myid:2] - INFO  [QuorumPeer[myid=2](plain=[0:0:0:0:0:0:0:0]:30083)(secure=disabled):ZooKeeperServer@1485] - The large request threshold is set to -1
2020-06-22 14:09:20,964 [myid:2] - INFO  [QuorumPeer[myid=2](plain=[0:0:0:0:0:0:0:0]:30083)(secure=disabled):ZooKeeperServer@329] - Created server with tickTime 4000 minSessionTimeout 8000 maxSessionTimeout 80000 clientPortListenBacklog -1 datadir D:\desktop\git_repo\zookeeper-read\zookeeper-server\target\surefire\test6118884499362276766.junit.dir\data\version-2 snapdir D:\desktop\git_repo\zookeeper-read\zookeeper-server\target\surefire\test6118884499362276766.junit.dir\data\version-2
2020-06-22 14:09:20,964 [myid:2] - INFO  [QuorumPeer[myid=2](plain=[0:0:0:0:0:0:0:0]:30083)(secure=disabled):Leader@581] - LEADING - LEADER ELECTION TOOK - 336 MS
2020-06-22 14:09:20,964 [myid:1] - INFO  [QuorumPeer[myid=1](plain=[0:0:0:0:0:0:0:0]:30082)(secure=disabled):ZooKeeperServer@1471] - The max bytes for all large requests are set to 104857600
2020-06-22 14:09:20,965 [myid:1] - INFO  [QuorumPeer[myid=1](plain=[0:0:0:0:0:0:0:0]:30082)(secure=disabled):ZooKeeperServer@1485] - The large request threshold is set to -1
2020-06-22 14:09:20,965 [myid:1] - INFO  [QuorumPeer[myid=1](plain=[0:0:0:0:0:0:0:0]:30082)(secure=disabled):ZooKeeperServer@329] - Created server with tickTime 4000 minSessionTimeout 8000 maxSessionTimeout 80000 clientPortListenBacklog -1 datadir D:\desktop\git_repo\zookeeper-read\zookeeper-server\target\surefire\test7355324773553625969.junit.dir\data\version-2 snapdir D:\desktop\git_repo\zookeeper-read\zookeeper-server\target\surefire\test7355324773553625969.junit.dir\data\version-2
2020-06-22 14:09:20,965 [myid:1] - INFO  [QuorumPeer[myid=1](plain=[0:0:0:0:0:0:0:0]:30082)(secure=disabled):Follower@75] - FOLLOWING - LEADER ELECTION TOOK - 344 MS
2020-06-22 14:09:20,967 [myid:2] - INFO  [QuorumPeer[myid=2](plain=[0:0:0:0:0:0:0:0]:30083)(secure=disabled):QuorumPeer@863] - Peer state changed: leading - discovery
2020-06-22 14:09:20,967 [myid:2] - INFO  [QuorumPeer[myid=2](plain=[0:0:0:0:0:0:0:0]:30083)(secure=disabled):FileTxnSnapLog@470] - Snapshotting: 0x0 to D:\desktop\git_repo\zookeeper-read\zookeeper-server\target\surefire\test6118884499362276766.junit.dir\data\version-2\snapshot.0
2020-06-22 14:09:20,969 [myid:2] - INFO  [QuorumPeer[myid=2](plain=[0:0:0:0:0:0:0:0]:30083)(secure=disabled):ZooKeeperServer@519] - Snapshot taken in 2 ms
2020-06-22 14:09:20,970 [myid:1] - INFO  [QuorumPeer[myid=1](plain=[0:0:0:0:0:0:0:0]:30082)(secure=disabled):QuorumPeer@863] - Peer state changed: following - discovery
2020-06-22 14:09:21,080 [myid:2] - INFO  [LearnerHandler-/127.0.0.1:62897:UnifiedServerSocket$UnifiedSocket@266] - Accepted TLS connection from /127.0.0.1:62897 - TLSv1.2 - TLS_ECDHE_RSA_WITH_AES_128_CBC_SHA256
2020-06-22 14:09:21,080 [myid:1] - INFO  [LeaderConnector-/127.0.0.1:30086:Learner$LeaderConnector@330] - Successfully connected to leader, using address: /127.0.0.1:30086
2020-06-22 14:09:21,081 [myid:2] - INFO  [LearnerHandler-/127.0.0.1:62897:LearnerHandler@504] - Follower sid: 1 : info : 127.0.0.1:30085:30088:participant;0.0.0.0:30082
2020-06-22 14:09:21,089 [myid:1] - INFO  [QuorumPeer[myid=1](plain=[0:0:0:0:0:0:0:0]:30082)(secure=disabled):QuorumPeer@863] - Peer state changed: following - synchronization
2020-06-22 14:09:21,090 [myid:2] - INFO  [LearnerHandler-/127.0.0.1:62897:ZKDatabase@345] - On disk txn sync enabled with snapshotSizeFactor 0.33
2020-06-22 14:09:21,090 [myid:2] - INFO  [LearnerHandler-/127.0.0.1:62897:LearnerHandler@800] - Synchronizing with Learner sid: 1 maxCommittedLog=0x0 minCommittedLog=0x0 lastProcessedZxid=0x0 peerLastZxid=0x0
2020-06-22 14:09:21,090 [myid:2] - INFO  [LearnerHandler-/127.0.0.1:62897:LearnerHandler@845] - Sending DIFF zxid=0x0 for peer sid: 1
2020-06-22 14:09:21,093 [myid:2] - INFO  [QuorumPeer[myid=2](plain=[0:0:0:0:0:0:0:0]:30083)(secure=disabled):QuorumPeer@863] - Peer state changed: leading - synchronization
2020-06-22 14:09:21,099 [myid:1] - INFO  [QuorumPeer[myid=1](plain=[0:0:0:0:0:0:0:0]:30082)(secure=disabled):Learner@511] - Getting a diff from the leader 0x0
2020-06-22 14:09:21,099 [myid:1] - INFO  [QuorumPeer[myid=1](plain=[0:0:0:0:0:0:0:0]:30082)(secure=disabled):QuorumPeer@868] - Peer state changed: following - synchronization - diff
2020-06-22 14:09:21,100 [myid:1] - INFO  [QuorumPeer[myid=1](plain=[0:0:0:0:0:0:0:0]:30082)(secure=disabled):Learner@677] - Learner received NEWLEADER message
2020-06-22 14:09:21,107 [myid:2] - INFO  [QuorumPeer[myid=2](plain=[0:0:0:0:0:0:0:0]:30083)(secure=disabled):Leader@1501] - Have quorum of supporters, sids: [[1, 2],[1, 2]]; starting up and setting last processed zxid: 0x100000000
2020-06-22 14:09:21,108 [myid:2] - INFO  [QuorumPeer[myid=2](plain=[0:0:0:0:0:0:0:0]:30083)(secure=disabled):CommitProcessor@476] - Configuring CommitProcessor with readBatchSize -1 commitBatchSize 1
2020-06-22 14:09:21,108 [myid:2] - INFO  [QuorumPeer[myid=2](plain=[0:0:0:0:0:0:0:0]:30083)(secure=disabled):CommitProcessor@438] - Configuring CommitProcessor with 8 worker threads.
2020-06-22 14:09:21,108 [myid:2] - INFO  [QuorumPeer[myid=2](plain=[0:0:0:0:0:0:0:0]:30083)(secure=disabled):ContainerManager@83] - Using checkIntervalMs=60000 maxPerMinute=10000 maxNeverUsedIntervalMs=0
2020-06-22 14:09:21,117 [myid:2] - INFO  [QuorumPeer[myid=2](plain=[0:0:0:0:0:0:0:0]:30083)(secure=disabled):QuorumPeer@863] - Peer state changed: leading - broadcast
2020-06-22 14:09:21,118 [myid:1] - INFO  [QuorumPeer[myid=1](plain=[0:0:0:0:0:0:0:0]:30082)(secure=disabled):Learner@661] - Learner received UPTODATE message
2020-06-22 14:09:21,118 [myid:1] - INFO  [QuorumPeer[myid=1](plain=[0:0:0:0:0:0:0:0]:30082)(secure=disabled):QuorumPeer@868] - Peer state changed: following - synchronization
2020-06-22 14:09:21,118 [myid:1] - INFO  [QuorumPeer[myid=1](plain=[0:0:0:0:0:0:0:0]:30082)(secure=disabled):CommitProcessor@476] - Configuring CommitProcessor with readBatchSize -1 commitBatchSize 1
2020-06-22 14:09:21,118 [myid:1] - INFO  [QuorumPeer[myid=1](plain=[0:0:0:0:0:0:0:0]:30082)(secure=disabled):CommitProcessor@438] - Configuring CommitProcessor with 8 worker threads.
2020-06-22 14:09:21,119 [myid:1] - INFO  [QuorumPeer[myid=1](plain=[0:0:0:0:0:0:0:0]:30082)(secure=disabled):QuorumPeer@863] - Peer state changed: following - broadcast
2020-06-22 14:09:21,127 [myid:2] - INFO  [ListenerHandler-/127.0.0.1:30089:QuorumCnxManager$Listener$ListenerHandler@1070] - Received connection request from /127.0.0.1:62858
2020-06-22 14:09:21,187 [myid:] - INFO  [Time-limited test:FourLetterWordMain@93] - connecting to 127.0.0.1 30082
2020-06-22 14:09:21,194 [myid:1] - INFO  [nioEventLoopGroup-14-2:NettyServerCnxn@285] - Processing stat command from /127.0.0.1:62898
2020-06-22 14:09:21,195 [myid:1] - INFO  [nioEventLoopGroup-14-2:StatCommand@52] - Stat command output
2020-06-22 14:09:21,196 [myid:] - INFO  [Time-limited test:FourLetterWordMain@93] - connecting to 127.0.0.1 30083
2020-06-22 14:09:21,198 [myid:2] - INFO  [nioEventLoopGroup-16-1:NettyServerCnxn@285] - Processing stat command from /127.0.0.1:62899
2020-06-22 14:09:21,198 [myid:2] - INFO  [nioEventLoopGroup-16-1:StatCommand@52] - Stat command output
2020-06-22 14:09:21,243 [myid:2] - INFO  [ListenerHandler-/127.0.0.1:30089:UnifiedServerSocket$UnifiedSocket@266] - Accepted TLS connection from /127.0.0.1:62858 - TLSv1.2 - TLS_ECDHE_RSA_WITH_AES_128_CBC_SHA256
2020-06-22 14:09:21,244 [myid:1] - INFO  [QuorumConnectionThread-[myid=1]-1:QuorumCnxManager@387] - SSL handshake complete with /127.0.0.1:30089 - TLSv1.2 - TLS_ECDHE_RSA_WITH_AES_128_CBC_SHA256
2020-06-22 14:09:21,244 [myid:1] - INFO  [QuorumConnectionThread-[myid=1]-1:QuorumCnxManager@513] - Have smaller server identifier, so dropping the connection: (myId:1 --> sid:2)
2020-06-22 14:09:21,245 [myid:2] - WARN  [RecvWorker:1:QuorumCnxManager$RecvWorker@1395] - Connection broken for id 1, my id = 2
java.net.SocketException: Socket closed
	at java.net.SocketInputStream.socketRead0(Native Method)
	at java.net.SocketInputStream.socketRead(SocketInputStream.java:116)
	at java.net.SocketInputStream.read(SocketInputStream.java:171)
	at java.net.SocketInputStream.read(SocketInputStream.java:141)
	at sun.security.ssl.InputRecord.readFully(InputRecord.java:465)
	at sun.security.ssl.InputRecord.read(InputRecord.java:503)
	at sun.security.ssl.SSLSocketImpl.readRecord(SSLSocketImpl.java:990)
	at sun.security.ssl.SSLSocketImpl.readDataRecord(SSLSocketImpl.java:948)
	at sun.security.ssl.AppInputStream.read(AppInputStream.java:105)
	at java.io.BufferedInputStream.fill(BufferedInputStream.java:246)
	at java.io.BufferedInputStream.read(BufferedInputStream.java:265)
	at java.io.DataInputStream.readInt(DataInputStream.java:387)
	at org.apache.zookeeper.server.quorum.QuorumCnxManager$RecvWorker.run(QuorumCnxManager.java:1383)
2020-06-22 14:09:21,246 [myid:1] - WARN  [RecvWorker:2:QuorumCnxManager$RecvWorker@1395] - Connection broken for id 2, my id = 1
java.io.EOFException
	at java.io.DataInputStream.readInt(DataInputStream.java:392)
	at org.apache.zookeeper.server.quorum.QuorumCnxManager$RecvWorker.run(QuorumCnxManager.java:1383)
2020-06-22 14:09:21,246 [myid:1] - WARN  [RecvWorker:2:QuorumCnxManager$RecvWorker@1401] - Interrupting SendWorker thread from RecvWorker. sid: 2. myId: 1
2020-06-22 14:09:21,246 [myid:2] - WARN  [SendWorker:1:QuorumCnxManager$SendWorker@1281] - Interrupted while waiting for message on queue
java.lang.InterruptedException
	at java.util.concurrent.locks.AbstractQueuedSynchronizer$ConditionObject.reportInterruptAfterWait(AbstractQueuedSynchronizer.java:2014)
	at java.util.concurrent.locks.AbstractQueuedSynchronizer$ConditionObject.awaitNanos(AbstractQueuedSynchronizer.java:2088)
	at org.apache.zookeeper.util.CircularBlockingQueue.poll(CircularBlockingQueue.java:105)
	at org.apache.zookeeper.server.quorum.QuorumCnxManager.pollSendQueue(QuorumCnxManager.java:1446)
	at org.apache.zookeeper.server.quorum.QuorumCnxManager.access$900(QuorumCnxManager.java:98)
	at org.apache.zookeeper.server.quorum.QuorumCnxManager$SendWorker.run(QuorumCnxManager.java:1270)
2020-06-22 14:09:21,246 [myid:2] - WARN  [RecvWorker:1:QuorumCnxManager$RecvWorker@1401] - Interrupting SendWorker thread from RecvWorker. sid: 1. myId: 2
2020-06-22 14:09:21,249 [myid:1] - WARN  [SendWorker:2:QuorumCnxManager$SendWorker@1281] - Interrupted while waiting for message on queue
java.lang.InterruptedException
	at java.util.concurrent.locks.AbstractQueuedSynchronizer$ConditionObject.reportInterruptAfterWait(AbstractQueuedSynchronizer.java:2014)
	at java.util.concurrent.locks.AbstractQueuedSynchronizer$ConditionObject.awaitNanos(AbstractQueuedSynchronizer.java:2088)
	at org.apache.zookeeper.util.CircularBlockingQueue.poll(CircularBlockingQueue.java:105)
	at org.apache.zookeeper.server.quorum.QuorumCnxManager.pollSendQueue(QuorumCnxManager.java:1446)
	at org.apache.zookeeper.server.quorum.QuorumCnxManager.access$900(QuorumCnxManager.java:98)
	at org.apache.zookeeper.server.quorum.QuorumCnxManager$SendWorker.run(QuorumCnxManager.java:1270)
2020-06-22 14:09:21,249 [myid:1] - WARN  [SendWorker:2:QuorumCnxManager$SendWorker@1293] - Send worker leaving thread id 2 my id = 1
2020-06-22 14:09:21,249 [myid:1] - INFO  [ListenerHandler-/127.0.0.1:30088:QuorumCnxManager$Listener$ListenerHandler@1070] - Received connection request from /127.0.0.1:62900
2020-06-22 14:09:21,249 [myid:2] - WARN  [SendWorker:1:QuorumCnxManager$SendWorker@1293] - Send worker leaving thread id 1 my id = 2
2020-06-22 14:09:21,285 [myid:] - INFO  [Time-limited test:QuorumPeerTestBase$MainThread@205] - id = 3 tmpDir = D:\desktop\git_repo\zookeeper-read\zookeeper-server\target\surefire\test8736386552478622616.junit.dir clientPort = 30084 adminServerPort = 8080
2020-06-22 14:09:21,293 [myid:] - INFO  [Time-limited test:FourLetterWordMain@93] - connecting to 127.0.0.1 30084
2020-06-22 14:09:21,295 [myid:] - INFO  [Thread-12:QuorumPeerConfig@173] - Reading configuration from: D:\desktop\git_repo\zookeeper-read\zookeeper-server\target\surefire\test8736386552478622616.junit.dir\zoo.cfg
2020-06-22 14:09:21,296 [myid:] - INFO  [Thread-12:QuorumPeerConfig@459] - clientPortAddress is 0.0.0.0:30084
2020-06-22 14:09:21,296 [myid:] - INFO  [Thread-12:QuorumPeerConfig@463] - secureClientPort is not set
2020-06-22 14:09:21,297 [myid:] - INFO  [Thread-12:QuorumPeerConfig@479] - observerMasterPort is not set
2020-06-22 14:09:21,297 [myid:] - INFO  [Thread-12:QuorumPeerConfig@496] - metricsProvider.className is org.apache.zookeeper.metrics.impl.DefaultMetricsProvider
2020-06-22 14:09:21,297 [myid:3] - INFO  [Thread-12:DatadirCleanupManager@78] - autopurge.snapRetainCount set to 3
2020-06-22 14:09:21,298 [myid:3] - INFO  [Thread-12:DatadirCleanupManager@79] - autopurge.purgeInterval set to 0
2020-06-22 14:09:21,298 [myid:3] - INFO  [Thread-12:DatadirCleanupManager@101] - Purge task is not scheduled.
2020-06-22 14:09:21,298 [myid:3] - INFO  [Thread-12:ManagedUtil@44] - Log4j 1.2 jmx support found and enabled.
2020-06-22 14:09:21,298 [myid:3] - ERROR [Thread-12:ManagedUtil@109] - Problems while registering log4j 1.2 jmx beans!
javax.management.InstanceAlreadyExistsException: log4j:hierarchy=default
	at com.sun.jmx.mbeanserver.Repository.addMBean(Repository.java:437)
	at com.sun.jmx.interceptor.DefaultMBeanServerInterceptor.registerWithRepository(DefaultMBeanServerInterceptor.java:1898)
	at com.sun.jmx.interceptor.DefaultMBeanServerInterceptor.registerDynamicMBean(DefaultMBeanServerInterceptor.java:966)
	at com.sun.jmx.interceptor.DefaultMBeanServerInterceptor.registerObject(DefaultMBeanServerInterceptor.java:900)
	at com.sun.jmx.interceptor.DefaultMBeanServerInterceptor.registerMBean(DefaultMBeanServerInterceptor.java:324)
	at com.sun.jmx.mbeanserver.JmxMBeanServer.registerMBean(JmxMBeanServer.java:522)
	at org.apache.zookeeper.jmx.ManagedUtil.registerLog4jMBeans(ManagedUtil.java:72)
	at org.apache.zookeeper.server.quorum.QuorumPeerMain.runFromConfig(QuorumPeerMain.java:146)
	at org.apache.zookeeper.server.quorum.QuorumPeerMain.initializeAndRun(QuorumPeerMain.java:136)
	at org.apache.zookeeper.server.quorum.QuorumPeerTestBase$MainThread.run(QuorumPeerTestBase.java:329)
	at java.lang.Thread.run(Thread.java:748)
2020-06-22 14:09:21,298 [myid:3] - WARN  [Thread-12:QuorumPeerMain@148] - Unable to register log4j JMX control
javax.management.JMException: javax.management.InstanceAlreadyExistsException: log4j:hierarchy=default
	at org.apache.zookeeper.jmx.ManagedUtil.registerLog4jMBeans(ManagedUtil.java:110)
	at org.apache.zookeeper.server.quorum.QuorumPeerMain.runFromConfig(QuorumPeerMain.java:146)
	at org.apache.zookeeper.server.quorum.QuorumPeerMain.initializeAndRun(QuorumPeerMain.java:136)
	at org.apache.zookeeper.server.quorum.QuorumPeerTestBase$MainThread.run(QuorumPeerTestBase.java:329)
	at java.lang.Thread.run(Thread.java:748)
2020-06-22 14:09:21,298 [myid:3] - INFO  [Thread-12:QuorumPeerMain@151] - Starting quorum peer
2020-06-22 14:09:21,299 [myid:3] - INFO  [Thread-12:ServerMetrics@62] - ServerMetrics initialized with provider org.apache.zookeeper.metrics.impl.DefaultMetricsProvider@9a5732d
2020-06-22 14:09:21,300 [myid:3] - INFO  [Thread-12:NettyServerCnxnFactory@483] - zookeeper.client.portUnification=false
2020-06-22 14:09:21,300 [myid:3] - INFO  [Thread-12:NettyServerCnxnFactory@495] - zookeeper.netty.advancedFlowControl.enabled = false
2020-06-22 14:09:21,300 [myid:3] - INFO  [Thread-12:NettyServerCnxnFactory@105] - handshakeThrottlingEnabled = false, zookeeper.netty.server.outstandingHandshake.limit = -1
2020-06-22 14:09:21,359 [myid:1] - INFO  [ListenerHandler-/127.0.0.1:30088:UnifiedServerSocket$UnifiedSocket@266] - Accepted TLS connection from /127.0.0.1:62900 - TLSv1.2 - TLS_ECDHE_RSA_WITH_AES_128_CBC_SHA256
2020-06-22 14:09:21,359 [myid:2] - INFO  [QuorumConnectionThread-[myid=2]-3:QuorumCnxManager@387] - SSL handshake complete with /127.0.0.1:30088 - TLSv1.2 - TLS_ECDHE_RSA_WITH_AES_128_CBC_SHA256
2020-06-22 14:09:21,369 [myid:2] - INFO  [WorkerReceiver[myid=2]:FastLeaderElection$Messenger$WorkerReceiver@389] - Notification: my state:LEADING; n.sid:1, n.state:LOOKING, n.leader:2, n.round:0x1, n.peerEpoch:0x0, n.zxid:0x0, message format version:0x2, n.config version:0x0
2020-06-22 14:09:21,369 [myid:1] - INFO  [WorkerReceiver[myid=1]:FastLeaderElection$Messenger$WorkerReceiver@389] - Notification: my state:FOLLOWING; n.sid:2, n.state:LOOKING, n.leader:2, n.round:0x1, n.peerEpoch:0x0, n.zxid:0x0, message format version:0x2, n.config version:0x0
2020-06-22 14:09:21,370 [myid:1] - INFO  [WorkerReceiver[myid=1]:FastLeaderElection$Messenger$WorkerReceiver@389] - Notification: my state:FOLLOWING; n.sid:2, n.state:LEADING, n.leader:2, n.round:0x1, n.peerEpoch:0x1, n.zxid:0x0, message format version:0x2, n.config version:0x0
2020-06-22 14:09:21,383 [myid:2] - INFO  [WorkerReceiver[myid=2]:FastLeaderElection$Messenger$WorkerReceiver@389] - Notification: my state:LEADING; n.sid:1, n.state:FOLLOWING, n.leader:2, n.round:0x1, n.peerEpoch:0x1, n.zxid:0x0, message format version:0x2, n.config version:0x0
2020-06-22 14:09:21,723 [myid:3] - INFO  [Thread-12:ServerCnxnFactory@169] - Using org.apache.zookeeper.server.NettyServerCnxnFactory as server connection factory
2020-06-22 14:09:21,723 [myid:3] - WARN  [Thread-12:ServerCnxnFactory@309] - maxCnxns is not configured, using default value 0.
2020-06-22 14:09:21,723 [myid:3] - INFO  [Thread-12:FileTxnSnapLog@124] - zookeeper.snapshot.trust.empty : false
2020-06-22 14:09:21,724 [myid:3] - INFO  [Thread-12:QuorumPeer@1680] - Local sessions disabled
2020-06-22 14:09:21,724 [myid:3] - INFO  [Thread-12:QuorumPeer@1691] - Local session upgrading disabled
2020-06-22 14:09:21,724 [myid:3] - INFO  [Thread-12:QuorumPeer@1658] - tickTime set to 4000
2020-06-22 14:09:21,724 [myid:3] - INFO  [Thread-12:QuorumPeer@1702] - minSessionTimeout set to 8000
2020-06-22 14:09:21,724 [myid:3] - INFO  [Thread-12:QuorumPeer@1713] - maxSessionTimeout set to 80000
2020-06-22 14:09:21,724 [myid:3] - INFO  [Thread-12:QuorumPeer@1738] - initLimit set to 10
2020-06-22 14:09:21,724 [myid:3] - INFO  [Thread-12:QuorumPeer@1920] - syncLimit set to 5
2020-06-22 14:09:21,724 [myid:3] - INFO  [Thread-12:QuorumPeer@1935] - connectToLearnerMasterLimit set to 5
2020-06-22 14:09:21,724 [myid:3] - INFO  [Thread-12:WatchManagerFactory@42] - Using org.apache.zookeeper.server.watch.WatchManager as watch manager
2020-06-22 14:09:21,724 [myid:3] - INFO  [Thread-12:WatchManagerFactory@42] - Using org.apache.zookeeper.server.watch.WatchManager as watch manager
2020-06-22 14:09:21,725 [myid:3] - INFO  [Thread-12:ZKDatabase@132] - zookeeper.snapshotSizeFactor = 0.33
2020-06-22 14:09:21,725 [myid:3] - INFO  [Thread-12:ZKDatabase@152] - zookeeper.commitLogCount=500
2020-06-22 14:09:21,725 [myid:3] - INFO  [Thread-12:QuorumPeer@1999] - Using TLS encrypted quorum communication
2020-06-22 14:09:21,725 [myid:3] - INFO  [Thread-12:QuorumPeer@2007] - Port unification disabled
2020-06-22 14:09:21,725 [myid:3] - INFO  [Thread-12:QuorumPeer@174] - multiAddress.enabled set to false
2020-06-22 14:09:21,726 [myid:3] - INFO  [Thread-12:QuorumPeer@199] - multiAddress.reachabilityCheckEnabled set to true
2020-06-22 14:09:21,726 [myid:3] - INFO  [Thread-12:QuorumPeer@186] - multiAddress.reachabilityCheckTimeoutMs set to 1000
2020-06-22 14:09:21,726 [myid:3] - INFO  [Thread-12:QuorumPeer@2461] - QuorumPeer communication is not secured! (SASL auth disabled)
2020-06-22 14:09:21,726 [myid:3] - INFO  [Thread-12:QuorumPeer@2486] - quorum.cnxn.threads.size set to 20
2020-06-22 14:09:21,727 [myid:3] - INFO  [Thread-12:FileTxnSnapLog@251] - Initialize file found, an empty database will not block voting participation
2020-06-22 14:09:21,727 [myid:3] - INFO  [Thread-12:FileTxnSnapLog@470] - Snapshotting: 0x0 to D:\desktop\git_repo\zookeeper-read\zookeeper-server\target\surefire\test8736386552478622616.junit.dir\data\version-2\snapshot.0
2020-06-22 14:09:21,728 [myid:3] - INFO  [Thread-12:ZKDatabase@289] - Snapshot loaded in 2 ms, highest zxid is 0x0, digest is 1371985504
2020-06-22 14:09:21,728 [myid:3] - INFO  [Thread-12:QuorumPeer@1102] - currentEpoch not found! Creating with a reasonable default of 0. This should only happen when you are upgrading your installation
2020-06-22 14:09:21,731 [myid:3] - INFO  [Thread-12:QuorumPeer@1122] - acceptedEpoch not found! Creating with a reasonable default of 0. This should only happen when you are upgrading your installation
2020-06-22 14:09:21,733 [myid:3] - INFO  [Thread-12:NettyServerCnxnFactory@670] - binding to port /0.0.0.0:30084
2020-06-22 14:09:21,735 [myid:3] - INFO  [Thread-12:NettyServerCnxnFactory@675] - bound to port 30084
2020-06-22 14:09:21,735 [myid:3] - INFO  [Thread-12:QuorumPeer@2503] - Using 20000ms as the quorum cnxn socket timeout
2020-06-22 14:09:21,735 [myid:3] - INFO  [Thread-12:QuorumCnxManager$Listener@923] - Election port bind maximum retries is 3
2020-06-22 14:09:21,736 [myid:3] - INFO  [ListenerHandler-/127.0.0.1:30090:QuorumCnxManager$Listener$ListenerHandler@1127] - Creating TLS-only quorum server socket
2020-06-22 14:09:21,737 [myid:3] - INFO  [ListenerHandler-/127.0.0.1:30090:QuorumCnxManager$Listener$ListenerHandler@1065] - 3 is accepting connections now, my election bind port: /127.0.0.1:30090
2020-06-22 14:09:21,737 [myid:3] - INFO  [QuorumPeer[myid=3](plain=[0:0:0:0:0:0:0:0]:30084)(secure=disabled):QuorumPeer@1371] - LOOKING
2020-06-22 14:09:21,737 [myid:3] - INFO  [QuorumPeer[myid=3](plain=[0:0:0:0:0:0:0:0]:30084)(secure=disabled):FastLeaderElection@944] - New election. My id = 3, proposed zxid=0x0
2020-06-22 14:09:21,740 [myid:3] - INFO  [WorkerReceiver[myid=3]:FastLeaderElection$Messenger$WorkerReceiver@389] - Notification: my state:LOOKING; n.sid:3, n.state:LOOKING, n.leader:3, n.round:0x1, n.peerEpoch:0x0, n.zxid:0x0, message format version:0x2, n.config version:0x0
2020-06-22 14:09:21,741 [myid:2] - INFO  [ListenerHandler-/127.0.0.1:30089:QuorumCnxManager$Listener$ListenerHandler@1070] - Received connection request from /127.0.0.1:62990
2020-06-22 14:09:21,741 [myid:1] - INFO  [ListenerHandler-/127.0.0.1:30088:QuorumCnxManager$Listener$ListenerHandler@1070] - Received connection request from /127.0.0.1:62991
2020-06-22 14:09:21,791 [myid:1] - ERROR [ListenerHandler-/127.0.0.1:30088:ZKTrustManager@161] - Failed to verify host address: 127.0.0.1
javax.net.ssl.SSLPeerUnverifiedException: Certificate for <127.0.0.1> doesn't match any of the subject alternative names: [localhost]
	at org.apache.zookeeper.common.ZKHostnameVerifier.matchIPAddress(ZKHostnameVerifier.java:197)
	at org.apache.zookeeper.common.ZKHostnameVerifier.verify(ZKHostnameVerifier.java:165)
	at org.apache.zookeeper.common.ZKTrustManager.performHostVerification(ZKTrustManager.java:151)
	at org.apache.zookeeper.common.ZKTrustManager.checkClientTrusted(ZKTrustManager.java:79)
	at sun.security.ssl.ServerHandshaker.clientCertificate(ServerHandshaker.java:2037)
	at sun.security.ssl.ServerHandshaker.processMessage(ServerHandshaker.java:233)
	at sun.security.ssl.Handshaker.processLoop(Handshaker.java:1082)
	at sun.security.ssl.Handshaker.process_record(Handshaker.java:1010)
	at sun.security.ssl.SSLSocketImpl.readRecord(SSLSocketImpl.java:1079)
	at sun.security.ssl.SSLSocketImpl.performInitialHandshake(SSLSocketImpl.java:1388)
	at sun.security.ssl.SSLSocketImpl.startHandshake(SSLSocketImpl.java:1416)
	at sun.security.ssl.SSLSocketImpl.getSession(SSLSocketImpl.java:2309)
	at org.apache.zookeeper.server.quorum.UnifiedServerSocket$UnifiedSocket.detectMode(UnifiedServerSocket.java:269)
	at org.apache.zookeeper.server.quorum.UnifiedServerSocket$UnifiedSocket.getSocket(UnifiedServerSocket.java:298)
	at org.apache.zookeeper.server.quorum.UnifiedServerSocket$UnifiedSocket.access$400(UnifiedServerSocket.java:172)
	at org.apache.zookeeper.server.quorum.UnifiedServerSocket$UnifiedInputStream.getRealInputStream(UnifiedServerSocket.java:699)
	at org.apache.zookeeper.server.quorum.UnifiedServerSocket$UnifiedInputStream.read(UnifiedServerSocket.java:693)
	at java.io.BufferedInputStream.fill(BufferedInputStream.java:246)
	at java.io.BufferedInputStream.read1(BufferedInputStream.java:286)
	at java.io.BufferedInputStream.read(BufferedInputStream.java:345)
	at java.io.DataInputStream.readFully(DataInputStream.java:195)
	at java.io.DataInputStream.readLong(DataInputStream.java:416)
	at org.apache.zookeeper.server.quorum.QuorumCnxManager.handleConnection(QuorumCnxManager.java:601)
	at org.apache.zookeeper.server.quorum.QuorumCnxManager.receiveConnection(QuorumCnxManager.java:554)
	at org.apache.zookeeper.server.quorum.QuorumCnxManager$Listener$ListenerHandler.acceptConnections(QuorumCnxManager.java:1079)
	at org.apache.zookeeper.server.quorum.QuorumCnxManager$Listener$ListenerHandler.run(QuorumCnxManager.java:1033)
	at java.util.concurrent.Executors$RunnableAdapter.call(Executors.java:511)
	at java.util.concurrent.FutureTask.run(FutureTask.java:266)
	at java.util.concurrent.ThreadPoolExecutor.runWorker(ThreadPoolExecutor.java:1149)
	at java.util.concurrent.ThreadPoolExecutor$Worker.run(ThreadPoolExecutor.java:624)
	at java.lang.Thread.run(Thread.java:748)
2020-06-22 14:09:21,791 [myid:2] - ERROR [ListenerHandler-/127.0.0.1:30089:ZKTrustManager@161] - Failed to verify host address: 127.0.0.1
javax.net.ssl.SSLPeerUnverifiedException: Certificate for <127.0.0.1> doesn't match any of the subject alternative names: [localhost]
	at org.apache.zookeeper.common.ZKHostnameVerifier.matchIPAddress(ZKHostnameVerifier.java:197)
	at org.apache.zookeeper.common.ZKHostnameVerifier.verify(ZKHostnameVerifier.java:165)
	at org.apache.zookeeper.common.ZKTrustManager.performHostVerification(ZKTrustManager.java:151)
	at org.apache.zookeeper.common.ZKTrustManager.checkClientTrusted(ZKTrustManager.java:79)
	at sun.security.ssl.ServerHandshaker.clientCertificate(ServerHandshaker.java:2037)
	at sun.security.ssl.ServerHandshaker.processMessage(ServerHandshaker.java:233)
	at sun.security.ssl.Handshaker.processLoop(Handshaker.java:1082)
	at sun.security.ssl.Handshaker.process_record(Handshaker.java:1010)
	at sun.security.ssl.SSLSocketImpl.readRecord(SSLSocketImpl.java:1079)
	at sun.security.ssl.SSLSocketImpl.performInitialHandshake(SSLSocketImpl.java:1388)
	at sun.security.ssl.SSLSocketImpl.startHandshake(SSLSocketImpl.java:1416)
	at sun.security.ssl.SSLSocketImpl.getSession(SSLSocketImpl.java:2309)
	at org.apache.zookeeper.server.quorum.UnifiedServerSocket$UnifiedSocket.detectMode(UnifiedServerSocket.java:269)
	at org.apache.zookeeper.server.quorum.UnifiedServerSocket$UnifiedSocket.getSocket(UnifiedServerSocket.java:298)
	at org.apache.zookeeper.server.quorum.UnifiedServerSocket$UnifiedSocket.access$400(UnifiedServerSocket.java:172)
	at org.apache.zookeeper.server.quorum.UnifiedServerSocket$UnifiedInputStream.getRealInputStream(UnifiedServerSocket.java:699)
	at org.apache.zookeeper.server.quorum.UnifiedServerSocket$UnifiedInputStream.read(UnifiedServerSocket.java:693)
	at java.io.BufferedInputStream.fill(BufferedInputStream.java:246)
	at java.io.BufferedInputStream.read1(BufferedInputStream.java:286)
	at java.io.BufferedInputStream.read(BufferedInputStream.java:345)
	at java.io.DataInputStream.readFully(DataInputStream.java:195)
	at java.io.DataInputStream.readLong(DataInputStream.java:416)
	at org.apache.zookeeper.server.quorum.QuorumCnxManager.handleConnection(QuorumCnxManager.java:601)
	at org.apache.zookeeper.server.quorum.QuorumCnxManager.receiveConnection(QuorumCnxManager.java:554)
	at org.apache.zookeeper.server.quorum.QuorumCnxManager$Listener$ListenerHandler.acceptConnections(QuorumCnxManager.java:1079)
	at org.apache.zookeeper.server.quorum.QuorumCnxManager$Listener$ListenerHandler.run(QuorumCnxManager.java:1033)
	at java.util.concurrent.Executors$RunnableAdapter.call(Executors.java:511)
	at java.util.concurrent.FutureTask.run(FutureTask.java:266)
	at java.util.concurrent.ThreadPoolExecutor.runWorker(ThreadPoolExecutor.java:1149)
	at java.util.concurrent.ThreadPoolExecutor$Worker.run(ThreadPoolExecutor.java:624)
	at java.lang.Thread.run(Thread.java:748)
2020-06-22 14:09:21,792 [myid:2] - ERROR [ListenerHandler-/127.0.0.1:30089:ZKTrustManager@162] - Failed to verify hostname: activate.navicat.com
javax.net.ssl.SSLPeerUnverifiedException: Certificate for <activate.navicat.com> doesn't match any of the subject alternative names: [localhost]
	at org.apache.zookeeper.common.ZKHostnameVerifier.matchDNSName(ZKHostnameVerifier.java:230)
	at org.apache.zookeeper.common.ZKHostnameVerifier.verify(ZKHostnameVerifier.java:171)
	at org.apache.zookeeper.common.ZKTrustManager.performHostVerification(ZKTrustManager.java:159)
	at org.apache.zookeeper.common.ZKTrustManager.checkClientTrusted(ZKTrustManager.java:79)
	at sun.security.ssl.ServerHandshaker.clientCertificate(ServerHandshaker.java:2037)
	at sun.security.ssl.ServerHandshaker.processMessage(ServerHandshaker.java:233)
	at sun.security.ssl.Handshaker.processLoop(Handshaker.java:1082)
	at sun.security.ssl.Handshaker.process_record(Handshaker.java:1010)
	at sun.security.ssl.SSLSocketImpl.readRecord(SSLSocketImpl.java:1079)
	at sun.security.ssl.SSLSocketImpl.performInitialHandshake(SSLSocketImpl.java:1388)
	at sun.security.ssl.SSLSocketImpl.startHandshake(SSLSocketImpl.java:1416)
	at sun.security.ssl.SSLSocketImpl.getSession(SSLSocketImpl.java:2309)
	at org.apache.zookeeper.server.quorum.UnifiedServerSocket$UnifiedSocket.detectMode(UnifiedServerSocket.java:269)
	at org.apache.zookeeper.server.quorum.UnifiedServerSocket$UnifiedSocket.getSocket(UnifiedServerSocket.java:298)
	at org.apache.zookeeper.server.quorum.UnifiedServerSocket$UnifiedSocket.access$400(UnifiedServerSocket.java:172)
	at org.apache.zookeeper.server.quorum.UnifiedServerSocket$UnifiedInputStream.getRealInputStream(UnifiedServerSocket.java:699)
	at org.apache.zookeeper.server.quorum.UnifiedServerSocket$UnifiedInputStream.read(UnifiedServerSocket.java:693)
	at java.io.BufferedInputStream.fill(BufferedInputStream.java:246)
	at java.io.BufferedInputStream.read1(BufferedInputStream.java:286)
	at java.io.BufferedInputStream.read(BufferedInputStream.java:345)
	at java.io.DataInputStream.readFully(DataInputStream.java:195)
	at java.io.DataInputStream.readLong(DataInputStream.java:416)
	at org.apache.zookeeper.server.quorum.QuorumCnxManager.handleConnection(QuorumCnxManager.java:601)
	at org.apache.zookeeper.server.quorum.QuorumCnxManager.receiveConnection(QuorumCnxManager.java:554)
	at org.apache.zookeeper.server.quorum.QuorumCnxManager$Listener$ListenerHandler.acceptConnections(QuorumCnxManager.java:1079)
	at org.apache.zookeeper.server.quorum.QuorumCnxManager$Listener$ListenerHandler.run(QuorumCnxManager.java:1033)
	at java.util.concurrent.Executors$RunnableAdapter.call(Executors.java:511)
	at java.util.concurrent.FutureTask.run(FutureTask.java:266)
	at java.util.concurrent.ThreadPoolExecutor.runWorker(ThreadPoolExecutor.java:1149)
	at java.util.concurrent.ThreadPoolExecutor$Worker.run(ThreadPoolExecutor.java:624)
	at java.lang.Thread.run(Thread.java:748)
2020-06-22 14:09:21,791 [myid:1] - ERROR [ListenerHandler-/127.0.0.1:30088:ZKTrustManager@162] - Failed to verify hostname: activate.navicat.com
javax.net.ssl.SSLPeerUnverifiedException: Certificate for <activate.navicat.com> doesn't match any of the subject alternative names: [localhost]
	at org.apache.zookeeper.common.ZKHostnameVerifier.matchDNSName(ZKHostnameVerifier.java:230)
	at org.apache.zookeeper.common.ZKHostnameVerifier.verify(ZKHostnameVerifier.java:171)
	at org.apache.zookeeper.common.ZKTrustManager.performHostVerification(ZKTrustManager.java:159)
	at org.apache.zookeeper.common.ZKTrustManager.checkClientTrusted(ZKTrustManager.java:79)
	at sun.security.ssl.ServerHandshaker.clientCertificate(ServerHandshaker.java:2037)
	at sun.security.ssl.ServerHandshaker.processMessage(ServerHandshaker.java:233)
	at sun.security.ssl.Handshaker.processLoop(Handshaker.java:1082)
	at sun.security.ssl.Handshaker.process_record(Handshaker.java:1010)
	at sun.security.ssl.SSLSocketImpl.readRecord(SSLSocketImpl.java:1079)
	at sun.security.ssl.SSLSocketImpl.performInitialHandshake(SSLSocketImpl.java:1388)
	at sun.security.ssl.SSLSocketImpl.startHandshake(SSLSocketImpl.java:1416)
	at sun.security.ssl.SSLSocketImpl.getSession(SSLSocketImpl.java:2309)
	at org.apache.zookeeper.server.quorum.UnifiedServerSocket$UnifiedSocket.detectMode(UnifiedServerSocket.java:269)
	at org.apache.zookeeper.server.quorum.UnifiedServerSocket$UnifiedSocket.getSocket(UnifiedServerSocket.java:298)
	at org.apache.zookeeper.server.quorum.UnifiedServerSocket$UnifiedSocket.access$400(UnifiedServerSocket.java:172)
	at org.apache.zookeeper.server.quorum.UnifiedServerSocket$UnifiedInputStream.getRealInputStream(UnifiedServerSocket.java:699)
	at org.apache.zookeeper.server.quorum.UnifiedServerSocket$UnifiedInputStream.read(UnifiedServerSocket.java:693)
	at java.io.BufferedInputStream.fill(BufferedInputStream.java:246)
	at java.io.BufferedInputStream.read1(BufferedInputStream.java:286)
	at java.io.BufferedInputStream.read(BufferedInputStream.java:345)
	at java.io.DataInputStream.readFully(DataInputStream.java:195)
	at java.io.DataInputStream.readLong(DataInputStream.java:416)
	at org.apache.zookeeper.server.quorum.QuorumCnxManager.handleConnection(QuorumCnxManager.java:601)
	at org.apache.zookeeper.server.quorum.QuorumCnxManager.receiveConnection(QuorumCnxManager.java:554)
	at org.apache.zookeeper.server.quorum.QuorumCnxManager$Listener$ListenerHandler.acceptConnections(QuorumCnxManager.java:1079)
	at org.apache.zookeeper.server.quorum.QuorumCnxManager$Listener$ListenerHandler.run(QuorumCnxManager.java:1033)
	at java.util.concurrent.Executors$RunnableAdapter.call(Executors.java:511)
	at java.util.concurrent.FutureTask.run(FutureTask.java:266)
	at java.util.concurrent.ThreadPoolExecutor.runWorker(ThreadPoolExecutor.java:1149)
	at java.util.concurrent.ThreadPoolExecutor$Worker.run(ThreadPoolExecutor.java:624)
	at java.lang.Thread.run(Thread.java:748)
2020-06-22 14:09:21,793 [myid:1] - INFO  [ListenerHandler-/127.0.0.1:30088:UnifiedServerSocket$UnifiedSocket@266] - Accepted TLS connection from activate.navicat.com/127.0.0.1:62991 - NONE - SSL_NULL_WITH_NULL_NULL
2020-06-22 14:09:21,792 [myid:2] - INFO  [ListenerHandler-/127.0.0.1:30089:UnifiedServerSocket$UnifiedSocket@266] - Accepted TLS connection from activate.navicat.com/127.0.0.1:62990 - NONE - SSL_NULL_WITH_NULL_NULL
2020-06-22 14:09:21,793 [myid:2] - WARN  [ListenerHandler-/127.0.0.1:30089:QuorumCnxManager@629] - Exception reading or writing challenge
javax.net.ssl.SSLException: Connection has been shutdown: javax.net.ssl.SSLHandshakeException: java.security.cert.CertificateException: Failed to verify both host address and host name
	at sun.security.ssl.SSLSocketImpl.checkEOF(SSLSocketImpl.java:1554)
	at sun.security.ssl.AppInputStream.read(AppInputStream.java:95)
	at org.apache.zookeeper.server.quorum.UnifiedServerSocket$UnifiedInputStream.read(UnifiedServerSocket.java:693)
	at java.io.BufferedInputStream.fill(BufferedInputStream.java:246)
	at java.io.BufferedInputStream.read1(BufferedInputStream.java:286)
	at java.io.BufferedInputStream.read(BufferedInputStream.java:345)
	at java.io.DataInputStream.readFully(DataInputStream.java:195)
	at java.io.DataInputStream.readLong(DataInputStream.java:416)
	at org.apache.zookeeper.server.quorum.QuorumCnxManager.handleConnection(QuorumCnxManager.java:601)
	at org.apache.zookeeper.server.quorum.QuorumCnxManager.receiveConnection(QuorumCnxManager.java:554)
	at org.apache.zookeeper.server.quorum.QuorumCnxManager$Listener$ListenerHandler.acceptConnections(QuorumCnxManager.java:1079)
	at org.apache.zookeeper.server.quorum.QuorumCnxManager$Listener$ListenerHandler.run(QuorumCnxManager.java:1033)
	at java.util.concurrent.Executors$RunnableAdapter.call(Executors.java:511)
	at java.util.concurrent.FutureTask.run(FutureTask.java:266)
	at java.util.concurrent.ThreadPoolExecutor.runWorker(ThreadPoolExecutor.java:1149)
	at java.util.concurrent.ThreadPoolExecutor$Worker.run(ThreadPoolExecutor.java:624)
	at java.lang.Thread.run(Thread.java:748)
Caused by: javax.net.ssl.SSLHandshakeException: java.security.cert.CertificateException: Failed to verify both host address and host name
	at sun.security.ssl.Alerts.getSSLException(Alerts.java:198)
	at sun.security.ssl.SSLSocketImpl.fatal(SSLSocketImpl.java:1967)
	at sun.security.ssl.Handshaker.fatalSE(Handshaker.java:331)
	at sun.security.ssl.Handshaker.fatalSE(Handshaker.java:325)
	at sun.security.ssl.ServerHandshaker.clientCertificate(ServerHandshaker.java:2055)
	at sun.security.ssl.ServerHandshaker.processMessage(ServerHandshaker.java:233)
	at sun.security.ssl.Handshaker.processLoop(Handshaker.java:1082)
	at sun.security.ssl.Handshaker.process_record(Handshaker.java:1010)
	at sun.security.ssl.SSLSocketImpl.readRecord(SSLSocketImpl.java:1079)
	at sun.security.ssl.SSLSocketImpl.performInitialHandshake(SSLSocketImpl.java:1388)
	at sun.security.ssl.SSLSocketImpl.startHandshake(SSLSocketImpl.java:1416)
	at sun.security.ssl.SSLSocketImpl.getSession(SSLSocketImpl.java:2309)
	at org.apache.zookeeper.server.quorum.UnifiedServerSocket$UnifiedSocket.detectMode(UnifiedServerSocket.java:269)
	at org.apache.zookeeper.server.quorum.UnifiedServerSocket$UnifiedSocket.getSocket(UnifiedServerSocket.java:298)
	at org.apache.zookeeper.server.quorum.UnifiedServerSocket$UnifiedSocket.access$400(UnifiedServerSocket.java:172)
	at org.apache.zookeeper.server.quorum.UnifiedServerSocket$UnifiedInputStream.getRealInputStream(UnifiedServerSocket.java:699)
	... 15 more
Caused by: java.security.cert.CertificateException: Failed to verify both host address and host name
	at org.apache.zookeeper.common.ZKTrustManager.performHostVerification(ZKTrustManager.java:163)
	at org.apache.zookeeper.common.ZKTrustManager.checkClientTrusted(ZKTrustManager.java:79)
	at sun.security.ssl.ServerHandshaker.clientCertificate(ServerHandshaker.java:2037)
	... 26 more
Caused by: javax.net.ssl.SSLPeerUnverifiedException: Certificate for <activate.navicat.com> doesn't match any of the subject alternative names: [localhost]
	at org.apache.zookeeper.common.ZKHostnameVerifier.matchDNSName(ZKHostnameVerifier.java:230)
	at org.apache.zookeeper.common.ZKHostnameVerifier.verify(ZKHostnameVerifier.java:171)
	at org.apache.zookeeper.common.ZKTrustManager.performHostVerification(ZKTrustManager.java:159)
	... 28 more
2020-06-22 14:09:21,793 [myid:1] - WARN  [ListenerHandler-/127.0.0.1:30088:QuorumCnxManager@629] - Exception reading or writing challenge
javax.net.ssl.SSLException: Connection has been shutdown: javax.net.ssl.SSLHandshakeException: java.security.cert.CertificateException: Failed to verify both host address and host name
	at sun.security.ssl.SSLSocketImpl.checkEOF(SSLSocketImpl.java:1554)
	at sun.security.ssl.AppInputStream.read(AppInputStream.java:95)
	at org.apache.zookeeper.server.quorum.UnifiedServerSocket$UnifiedInputStream.read(UnifiedServerSocket.java:693)
	at java.io.BufferedInputStream.fill(BufferedInputStream.java:246)
	at java.io.BufferedInputStream.read1(BufferedInputStream.java:286)
	at java.io.BufferedInputStream.read(BufferedInputStream.java:345)
	at java.io.DataInputStream.readFully(DataInputStream.java:195)
	at java.io.DataInputStream.readLong(DataInputStream.java:416)
	at org.apache.zookeeper.server.quorum.QuorumCnxManager.handleConnection(QuorumCnxManager.java:601)
	at org.apache.zookeeper.server.quorum.QuorumCnxManager.receiveConnection(QuorumCnxManager.java:554)
	at org.apache.zookeeper.server.quorum.QuorumCnxManager$Listener$ListenerHandler.acceptConnections(QuorumCnxManager.java:1079)
	at org.apache.zookeeper.server.quorum.QuorumCnxManager$Listener$ListenerHandler.run(QuorumCnxManager.java:1033)
	at java.util.concurrent.Executors$RunnableAdapter.call(Executors.java:511)
	at java.util.concurrent.FutureTask.run(FutureTask.java:266)
	at java.util.concurrent.ThreadPoolExecutor.runWorker(ThreadPoolExecutor.java:1149)
	at java.util.concurrent.ThreadPoolExecutor$Worker.run(ThreadPoolExecutor.java:624)
	at java.lang.Thread.run(Thread.java:748)
Caused by: javax.net.ssl.SSLHandshakeException: java.security.cert.CertificateException: Failed to verify both host address and host name
	at sun.security.ssl.Alerts.getSSLException(Alerts.java:198)
	at sun.security.ssl.SSLSocketImpl.fatal(SSLSocketImpl.java:1967)
	at sun.security.ssl.Handshaker.fatalSE(Handshaker.java:331)
	at sun.security.ssl.Handshaker.fatalSE(Handshaker.java:325)
	at sun.security.ssl.ServerHandshaker.clientCertificate(ServerHandshaker.java:2055)
	at sun.security.ssl.ServerHandshaker.processMessage(ServerHandshaker.java:233)
	at sun.security.ssl.Handshaker.processLoop(Handshaker.java:1082)
	at sun.security.ssl.Handshaker.process_record(Handshaker.java:1010)
	at sun.security.ssl.SSLSocketImpl.readRecord(SSLSocketImpl.java:1079)
	at sun.security.ssl.SSLSocketImpl.performInitialHandshake(SSLSocketImpl.java:1388)
	at sun.security.ssl.SSLSocketImpl.startHandshake(SSLSocketImpl.java:1416)
	at sun.security.ssl.SSLSocketImpl.getSession(SSLSocketImpl.java:2309)
	at org.apache.zookeeper.server.quorum.UnifiedServerSocket$UnifiedSocket.detectMode(UnifiedServerSocket.java:269)
	at org.apache.zookeeper.server.quorum.UnifiedServerSocket$UnifiedSocket.getSocket(UnifiedServerSocket.java:298)
	at org.apache.zookeeper.server.quorum.UnifiedServerSocket$UnifiedSocket.access$400(UnifiedServerSocket.java:172)
	at org.apache.zookeeper.server.quorum.UnifiedServerSocket$UnifiedInputStream.getRealInputStream(UnifiedServerSocket.java:699)
	... 15 more
Caused by: java.security.cert.CertificateException: Failed to verify both host address and host name
	at org.apache.zookeeper.common.ZKTrustManager.performHostVerification(ZKTrustManager.java:163)
	at org.apache.zookeeper.common.ZKTrustManager.checkClientTrusted(ZKTrustManager.java:79)
	at sun.security.ssl.ServerHandshaker.clientCertificate(ServerHandshaker.java:2037)
	... 26 more
Caused by: javax.net.ssl.SSLPeerUnverifiedException: Certificate for <activate.navicat.com> doesn't match any of the subject alternative names: [localhost]
	at org.apache.zookeeper.common.ZKHostnameVerifier.matchDNSName(ZKHostnameVerifier.java:230)
	at org.apache.zookeeper.common.ZKHostnameVerifier.verify(ZKHostnameVerifier.java:171)
	at org.apache.zookeeper.common.ZKTrustManager.performHostVerification(ZKTrustManager.java:159)
	... 28 more
2020-06-22 14:09:21,796 [myid:3] - INFO  [nioEventLoopGroup-19-1:NettyServerCnxn@285] - Processing stat command from /127.0.0.1:62904
2020-06-22 14:09:21,831 [myid:3] - WARN  [QuorumConnectionThread-[myid=3]-2:QuorumCnxManager@400] - Cannot open channel to 2 at election address /127.0.0.1:30089
java.net.SocketException: Software caused connection abort: socket write error
	at java.net.SocketOutputStream.socketWrite0(Native Method)
	at java.net.SocketOutputStream.socketWrite(SocketOutputStream.java:111)
	at java.net.SocketOutputStream.write(SocketOutputStream.java:155)
	at sun.security.ssl.OutputRecord.writeBuffer(OutputRecord.java:431)
	at sun.security.ssl.OutputRecord.write(OutputRecord.java:417)
	at sun.security.ssl.SSLSocketImpl.writeRecordInternal(SSLSocketImpl.java:894)
	at sun.security.ssl.SSLSocketImpl.writeRecord(SSLSocketImpl.java:865)
	at sun.security.ssl.SSLSocketImpl.writeRecord(SSLSocketImpl.java:735)
	at sun.security.ssl.Handshaker.sendChangeCipherSpec(Handshaker.java:1189)
	at sun.security.ssl.ClientHandshaker.sendChangeCipherAndFinish(ClientHandshaker.java:1323)
	at sun.security.ssl.ClientHandshaker.serverHelloDone(ClientHandshaker.java:1233)
	at sun.security.ssl.ClientHandshaker.processMessage(ClientHandshaker.java:372)
	at sun.security.ssl.Handshaker.processLoop(Handshaker.java:1082)
	at sun.security.ssl.Handshaker.process_record(Handshaker.java:1010)
	at sun.security.ssl.SSLSocketImpl.readRecord(SSLSocketImpl.java:1079)
	at sun.security.ssl.SSLSocketImpl.performInitialHandshake(SSLSocketImpl.java:1388)
	at sun.security.ssl.SSLSocketImpl.startHandshake(SSLSocketImpl.java:1416)
	at sun.security.ssl.SSLSocketImpl.startHandshake(SSLSocketImpl.java:1400)
	at org.apache.zookeeper.server.quorum.QuorumCnxManager.initiateConnection(QuorumCnxManager.java:386)
	at org.apache.zookeeper.server.quorum.QuorumCnxManager$QuorumConnectionReqThread.run(QuorumCnxManager.java:457)
	at java.util.concurrent.ThreadPoolExecutor.runWorker(ThreadPoolExecutor.java:1149)
	at java.util.concurrent.ThreadPoolExecutor$Worker.run(ThreadPoolExecutor.java:624)
	at java.lang.Thread.run(Thread.java:748)
2020-06-22 14:09:21,833 [myid:3] - WARN  [QuorumConnectionThread-[myid=3]-1:QuorumCnxManager@400] - Cannot open channel to 1 at election address /127.0.0.1:30088
java.net.SocketException: Software caused connection abort: socket write error
	at java.net.SocketOutputStream.socketWrite0(Native Method)
	at java.net.SocketOutputStream.socketWrite(SocketOutputStream.java:111)
	at java.net.SocketOutputStream.write(SocketOutputStream.java:155)
	at sun.security.ssl.OutputRecord.writeBuffer(OutputRecord.java:431)
	at sun.security.ssl.OutputRecord.write(OutputRecord.java:417)
	at sun.security.ssl.SSLSocketImpl.writeRecordInternal(SSLSocketImpl.java:894)
	at sun.security.ssl.SSLSocketImpl.writeRecord(SSLSocketImpl.java:865)
	at sun.security.ssl.SSLSocketImpl.writeRecord(SSLSocketImpl.java:735)
	at sun.security.ssl.Handshaker.sendChangeCipherSpec(Handshaker.java:1189)
	at sun.security.ssl.ClientHandshaker.sendChangeCipherAndFinish(ClientHandshaker.java:1323)
	at sun.security.ssl.ClientHandshaker.serverHelloDone(ClientHandshaker.java:1233)
	at sun.security.ssl.ClientHandshaker.processMessage(ClientHandshaker.java:372)
	at sun.security.ssl.Handshaker.processLoop(Handshaker.java:1082)
	at sun.security.ssl.Handshaker.process_record(Handshaker.java:1010)
	at sun.security.ssl.SSLSocketImpl.readRecord(SSLSocketImpl.java:1079)
	at sun.security.ssl.SSLSocketImpl.performInitialHandshake(SSLSocketImpl.java:1388)
	at sun.security.ssl.SSLSocketImpl.startHandshake(SSLSocketImpl.java:1416)
	at sun.security.ssl.SSLSocketImpl.startHandshake(SSLSocketImpl.java:1400)
	at org.apache.zookeeper.server.quorum.QuorumCnxManager.initiateConnection(QuorumCnxManager.java:386)
	at org.apache.zookeeper.server.quorum.QuorumCnxManager$QuorumConnectionReqThread.run(QuorumCnxManager.java:457)
	at java.util.concurrent.ThreadPoolExecutor.runWorker(ThreadPoolExecutor.java:1149)
	at java.util.concurrent.ThreadPoolExecutor$Worker.run(ThreadPoolExecutor.java:624)
	at java.lang.Thread.run(Thread.java:748)
2020-06-22 14:09:21,942 [myid:3] - INFO  [QuorumPeer[myid=3](plain=[0:0:0:0:0:0:0:0]:30084)(secure=disabled):FastLeaderElection@979] - Notification time out: 400
2020-06-22 14:09:21,943 [myid:2] - INFO  [ListenerHandler-/127.0.0.1:30089:QuorumCnxManager$Listener$ListenerHandler@1070] - Received connection request from /127.0.0.1:62999
2020-06-22 14:09:21,959 [myid:1] - INFO  [ListenerHandler-/127.0.0.1:30088:QuorumCnxManager$Listener$ListenerHandler@1070] - Received connection request from /127.0.0.1:63001
2020-06-22 14:09:22,002 [myid:2] - ERROR [ListenerHandler-/127.0.0.1:30089:ZKTrustManager@161] - Failed to verify host address: 127.0.0.1
javax.net.ssl.SSLPeerUnverifiedException: Certificate for <127.0.0.1> doesn't match any of the subject alternative names: [localhost]
	at org.apache.zookeeper.common.ZKHostnameVerifier.matchIPAddress(ZKHostnameVerifier.java:197)
	at org.apache.zookeeper.common.ZKHostnameVerifier.verify(ZKHostnameVerifier.java:165)
	at org.apache.zookeeper.common.ZKTrustManager.performHostVerification(ZKTrustManager.java:151)
	at org.apache.zookeeper.common.ZKTrustManager.checkClientTrusted(ZKTrustManager.java:79)
	at sun.security.ssl.ServerHandshaker.clientCertificate(ServerHandshaker.java:2037)
	at sun.security.ssl.ServerHandshaker.processMessage(ServerHandshaker.java:233)
	at sun.security.ssl.Handshaker.processLoop(Handshaker.java:1082)
	at sun.security.ssl.Handshaker.process_record(Handshaker.java:1010)
	at sun.security.ssl.SSLSocketImpl.readRecord(SSLSocketImpl.java:1079)
	at sun.security.ssl.SSLSocketImpl.performInitialHandshake(SSLSocketImpl.java:1388)
	at sun.security.ssl.SSLSocketImpl.startHandshake(SSLSocketImpl.java:1416)
	at sun.security.ssl.SSLSocketImpl.getSession(SSLSocketImpl.java:2309)
	at org.apache.zookeeper.server.quorum.UnifiedServerSocket$UnifiedSocket.detectMode(UnifiedServerSocket.java:269)
	at org.apache.zookeeper.server.quorum.UnifiedServerSocket$UnifiedSocket.getSocket(UnifiedServerSocket.java:298)
	at org.apache.zookeeper.server.quorum.UnifiedServerSocket$UnifiedSocket.access$400(UnifiedServerSocket.java:172)
	at org.apache.zookeeper.server.quorum.UnifiedServerSocket$UnifiedInputStream.getRealInputStream(UnifiedServerSocket.java:699)
	at org.apache.zookeeper.server.quorum.UnifiedServerSocket$UnifiedInputStream.read(UnifiedServerSocket.java:693)
	at java.io.BufferedInputStream.fill(BufferedInputStream.java:246)
	at java.io.BufferedInputStream.read1(BufferedInputStream.java:286)
	at java.io.BufferedInputStream.read(BufferedInputStream.java:345)
	at java.io.DataInputStream.readFully(DataInputStream.java:195)
	at java.io.DataInputStream.readLong(DataInputStream.java:416)
	at org.apache.zookeeper.server.quorum.QuorumCnxManager.handleConnection(QuorumCnxManager.java:601)
	at org.apache.zookeeper.server.quorum.QuorumCnxManager.receiveConnection(QuorumCnxManager.java:554)
	at org.apache.zookeeper.server.quorum.QuorumCnxManager$Listener$ListenerHandler.acceptConnections(QuorumCnxManager.java:1079)
	at org.apache.zookeeper.server.quorum.QuorumCnxManager$Listener$ListenerHandler.run(QuorumCnxManager.java:1033)
	at java.util.concurrent.Executors$RunnableAdapter.call(Executors.java:511)
	at java.util.concurrent.FutureTask.run(FutureTask.java:266)
	at java.util.concurrent.ThreadPoolExecutor.runWorker(ThreadPoolExecutor.java:1149)
	at java.util.concurrent.ThreadPoolExecutor$Worker.run(ThreadPoolExecutor.java:624)
	at java.lang.Thread.run(Thread.java:748)
2020-06-22 14:09:22,002 [myid:2] - ERROR [ListenerHandler-/127.0.0.1:30089:ZKTrustManager@162] - Failed to verify hostname: activate.navicat.com
javax.net.ssl.SSLPeerUnverifiedException: Certificate for <activate.navicat.com> doesn't match any of the subject alternative names: [localhost]
	at org.apache.zookeeper.common.ZKHostnameVerifier.matchDNSName(ZKHostnameVerifier.java:230)
	at org.apache.zookeeper.common.ZKHostnameVerifier.verify(ZKHostnameVerifier.java:171)
	at org.apache.zookeeper.common.ZKTrustManager.performHostVerification(ZKTrustManager.java:159)
	at org.apache.zookeeper.common.ZKTrustManager.checkClientTrusted(ZKTrustManager.java:79)
	at sun.security.ssl.ServerHandshaker.clientCertificate(ServerHandshaker.java:2037)
	at sun.security.ssl.ServerHandshaker.processMessage(ServerHandshaker.java:233)
	at sun.security.ssl.Handshaker.processLoop(Handshaker.java:1082)
	at sun.security.ssl.Handshaker.process_record(Handshaker.java:1010)
	at sun.security.ssl.SSLSocketImpl.readRecord(SSLSocketImpl.java:1079)
	at sun.security.ssl.SSLSocketImpl.performInitialHandshake(SSLSocketImpl.java:1388)
	at sun.security.ssl.SSLSocketImpl.startHandshake(SSLSocketImpl.java:1416)
	at sun.security.ssl.SSLSocketImpl.getSession(SSLSocketImpl.java:2309)
	at org.apache.zookeeper.server.quorum.UnifiedServerSocket$UnifiedSocket.detectMode(UnifiedServerSocket.java:269)
	at org.apache.zookeeper.server.quorum.UnifiedServerSocket$UnifiedSocket.getSocket(UnifiedServerSocket.java:298)
	at org.apache.zookeeper.server.quorum.UnifiedServerSocket$UnifiedSocket.access$400(UnifiedServerSocket.java:172)
	at org.apache.zookeeper.server.quorum.UnifiedServerSocket$UnifiedInputStream.getRealInputStream(UnifiedServerSocket.java:699)
	at org.apache.zookeeper.server.quorum.UnifiedServerSocket$UnifiedInputStream.read(UnifiedServerSocket.java:693)
	at java.io.BufferedInputStream.fill(BufferedInputStream.java:246)
	at java.io.BufferedInputStream.read1(BufferedInputStream.java:286)
	at java.io.BufferedInputStream.read(BufferedInputStream.java:345)
	at java.io.DataInputStream.readFully(DataInputStream.java:195)
	at java.io.DataInputStream.readLong(DataInputStream.java:416)
	at org.apache.zookeeper.server.quorum.QuorumCnxManager.handleConnection(QuorumCnxManager.java:601)
	at org.apache.zookeeper.server.quorum.QuorumCnxManager.receiveConnection(QuorumCnxManager.java:554)
	at org.apache.zookeeper.server.quorum.QuorumCnxManager$Listener$ListenerHandler.acceptConnections(QuorumCnxManager.java:1079)
	at org.apache.zookeeper.server.quorum.QuorumCnxManager$Listener$ListenerHandler.run(QuorumCnxManager.java:1033)
	at java.util.concurrent.Executors$RunnableAdapter.call(Executors.java:511)
	at java.util.concurrent.FutureTask.run(FutureTask.java:266)
	at java.util.concurrent.ThreadPoolExecutor.runWorker(ThreadPoolExecutor.java:1149)
	at java.util.concurrent.ThreadPoolExecutor$Worker.run(ThreadPoolExecutor.java:624)
	at java.lang.Thread.run(Thread.java:748)
2020-06-22 14:09:22,003 [myid:2] - INFO  [ListenerHandler-/127.0.0.1:30089:UnifiedServerSocket$UnifiedSocket@266] - Accepted TLS connection from activate.navicat.com/127.0.0.1:62999 - NONE - SSL_NULL_WITH_NULL_NULL
2020-06-22 14:09:22,003 [myid:2] - WARN  [ListenerHandler-/127.0.0.1:30089:QuorumCnxManager@629] - Exception reading or writing challenge
javax.net.ssl.SSLException: Connection has been shutdown: javax.net.ssl.SSLHandshakeException: java.security.cert.CertificateException: Failed to verify both host address and host name
	at sun.security.ssl.SSLSocketImpl.checkEOF(SSLSocketImpl.java:1554)
	at sun.security.ssl.AppInputStream.read(AppInputStream.java:95)
	at org.apache.zookeeper.server.quorum.UnifiedServerSocket$UnifiedInputStream.read(UnifiedServerSocket.java:693)
	at java.io.BufferedInputStream.fill(BufferedInputStream.java:246)
	at java.io.BufferedInputStream.read1(BufferedInputStream.java:286)
	at java.io.BufferedInputStream.read(BufferedInputStream.java:345)
	at java.io.DataInputStream.readFully(DataInputStream.java:195)
	at java.io.DataInputStream.readLong(DataInputStream.java:416)
	at org.apache.zookeeper.server.quorum.QuorumCnxManager.handleConnection(QuorumCnxManager.java:601)
	at org.apache.zookeeper.server.quorum.QuorumCnxManager.receiveConnection(QuorumCnxManager.java:554)
	at org.apache.zookeeper.server.quorum.QuorumCnxManager$Listener$ListenerHandler.acceptConnections(QuorumCnxManager.java:1079)
	at org.apache.zookeeper.server.quorum.QuorumCnxManager$Listener$ListenerHandler.run(QuorumCnxManager.java:1033)
	at java.util.concurrent.Executors$RunnableAdapter.call(Executors.java:511)
	at java.util.concurrent.FutureTask.run(FutureTask.java:266)
	at java.util.concurrent.ThreadPoolExecutor.runWorker(ThreadPoolExecutor.java:1149)
	at java.util.concurrent.ThreadPoolExecutor$Worker.run(ThreadPoolExecutor.java:624)
	at java.lang.Thread.run(Thread.java:748)
Caused by: javax.net.ssl.SSLHandshakeException: java.security.cert.CertificateException: Failed to verify both host address and host name
	at sun.security.ssl.Alerts.getSSLException(Alerts.java:198)
	at sun.security.ssl.SSLSocketImpl.fatal(SSLSocketImpl.java:1967)
	at sun.security.ssl.Handshaker.fatalSE(Handshaker.java:331)
	at sun.security.ssl.Handshaker.fatalSE(Handshaker.java:325)
	at sun.security.ssl.ServerHandshaker.clientCertificate(ServerHandshaker.java:2055)
	at sun.security.ssl.ServerHandshaker.processMessage(ServerHandshaker.java:233)
	at sun.security.ssl.Handshaker.processLoop(Handshaker.java:1082)
	at sun.security.ssl.Handshaker.process_record(Handshaker.java:1010)
	at sun.security.ssl.SSLSocketImpl.readRecord(SSLSocketImpl.java:1079)
	at sun.security.ssl.SSLSocketImpl.performInitialHandshake(SSLSocketImpl.java:1388)
	at sun.security.ssl.SSLSocketImpl.startHandshake(SSLSocketImpl.java:1416)
	at sun.security.ssl.SSLSocketImpl.getSession(SSLSocketImpl.java:2309)
	at org.apache.zookeeper.server.quorum.UnifiedServerSocket$UnifiedSocket.detectMode(UnifiedServerSocket.java:269)
	at org.apache.zookeeper.server.quorum.UnifiedServerSocket$UnifiedSocket.getSocket(UnifiedServerSocket.java:298)
	at org.apache.zookeeper.server.quorum.UnifiedServerSocket$UnifiedSocket.access$400(UnifiedServerSocket.java:172)
	at org.apache.zookeeper.server.quorum.UnifiedServerSocket$UnifiedInputStream.getRealInputStream(UnifiedServerSocket.java:699)
	... 15 more
Caused by: java.security.cert.CertificateException: Failed to verify both host address and host name
	at org.apache.zookeeper.common.ZKTrustManager.performHostVerification(ZKTrustManager.java:163)
	at org.apache.zookeeper.common.ZKTrustManager.checkClientTrusted(ZKTrustManager.java:79)
	at sun.security.ssl.ServerHandshaker.clientCertificate(ServerHandshaker.java:2037)
	... 26 more
Caused by: javax.net.ssl.SSLPeerUnverifiedException: Certificate for <activate.navicat.com> doesn't match any of the subject alternative names: [localhost]
	at org.apache.zookeeper.common.ZKHostnameVerifier.matchDNSName(ZKHostnameVerifier.java:230)
	at org.apache.zookeeper.common.ZKHostnameVerifier.verify(ZKHostnameVerifier.java:171)
	at org.apache.zookeeper.common.ZKTrustManager.performHostVerification(ZKTrustManager.java:159)
	... 28 more
2020-06-22 14:09:22,025 [myid:1] - ERROR [ListenerHandler-/127.0.0.1:30088:ZKTrustManager@161] - Failed to verify host address: 127.0.0.1
javax.net.ssl.SSLPeerUnverifiedException: Certificate for <127.0.0.1> doesn't match any of the subject alternative names: [localhost]
	at org.apache.zookeeper.common.ZKHostnameVerifier.matchIPAddress(ZKHostnameVerifier.java:197)
	at org.apache.zookeeper.common.ZKHostnameVerifier.verify(ZKHostnameVerifier.java:165)
	at org.apache.zookeeper.common.ZKTrustManager.performHostVerification(ZKTrustManager.java:151)
	at org.apache.zookeeper.common.ZKTrustManager.checkClientTrusted(ZKTrustManager.java:79)
	at sun.security.ssl.ServerHandshaker.clientCertificate(ServerHandshaker.java:2037)
	at sun.security.ssl.ServerHandshaker.processMessage(ServerHandshaker.java:233)
	at sun.security.ssl.Handshaker.processLoop(Handshaker.java:1082)
	at sun.security.ssl.Handshaker.process_record(Handshaker.java:1010)
	at sun.security.ssl.SSLSocketImpl.readRecord(SSLSocketImpl.java:1079)
	at sun.security.ssl.SSLSocketImpl.performInitialHandshake(SSLSocketImpl.java:1388)
	at sun.security.ssl.SSLSocketImpl.startHandshake(SSLSocketImpl.java:1416)
	at sun.security.ssl.SSLSocketImpl.getSession(SSLSocketImpl.java:2309)
	at org.apache.zookeeper.server.quorum.UnifiedServerSocket$UnifiedSocket.detectMode(UnifiedServerSocket.java:269)
	at org.apache.zookeeper.server.quorum.UnifiedServerSocket$UnifiedSocket.getSocket(UnifiedServerSocket.java:298)
	at org.apache.zookeeper.server.quorum.UnifiedServerSocket$UnifiedSocket.access$400(UnifiedServerSocket.java:172)
	at org.apache.zookeeper.server.quorum.UnifiedServerSocket$UnifiedInputStream.getRealInputStream(UnifiedServerSocket.java:699)
	at org.apache.zookeeper.server.quorum.UnifiedServerSocket$UnifiedInputStream.read(UnifiedServerSocket.java:693)
	at java.io.BufferedInputStream.fill(BufferedInputStream.java:246)
	at java.io.BufferedInputStream.read1(BufferedInputStream.java:286)
	at java.io.BufferedInputStream.read(BufferedInputStream.java:345)
	at java.io.DataInputStream.readFully(DataInputStream.java:195)
	at java.io.DataInputStream.readLong(DataInputStream.java:416)
	at org.apache.zookeeper.server.quorum.QuorumCnxManager.handleConnection(QuorumCnxManager.java:601)
	at org.apache.zookeeper.server.quorum.QuorumCnxManager.receiveConnection(QuorumCnxManager.java:554)
	at org.apache.zookeeper.server.quorum.QuorumCnxManager$Listener$ListenerHandler.acceptConnections(QuorumCnxManager.java:1079)
	at org.apache.zookeeper.server.quorum.QuorumCnxManager$Listener$ListenerHandler.run(QuorumCnxManager.java:1033)
	at java.util.concurrent.Executors$RunnableAdapter.call(Executors.java:511)
	at java.util.concurrent.FutureTask.run(FutureTask.java:266)
	at java.util.concurrent.ThreadPoolExecutor.runWorker(ThreadPoolExecutor.java:1149)
	at java.util.concurrent.ThreadPoolExecutor$Worker.run(ThreadPoolExecutor.java:624)
	at java.lang.Thread.run(Thread.java:748)
2020-06-22 14:09:22,025 [myid:1] - ERROR [ListenerHandler-/127.0.0.1:30088:ZKTrustManager@162] - Failed to verify hostname: activate.navicat.com
javax.net.ssl.SSLPeerUnverifiedException: Certificate for <activate.navicat.com> doesn't match any of the subject alternative names: [localhost]
	at org.apache.zookeeper.common.ZKHostnameVerifier.matchDNSName(ZKHostnameVerifier.java:230)
	at org.apache.zookeeper.common.ZKHostnameVerifier.verify(ZKHostnameVerifier.java:171)
	at org.apache.zookeeper.common.ZKTrustManager.performHostVerification(ZKTrustManager.java:159)
	at org.apache.zookeeper.common.ZKTrustManager.checkClientTrusted(ZKTrustManager.java:79)
	at sun.security.ssl.ServerHandshaker.clientCertificate(ServerHandshaker.java:2037)
	at sun.security.ssl.ServerHandshaker.processMessage(ServerHandshaker.java:233)
	at sun.security.ssl.Handshaker.processLoop(Handshaker.java:1082)
	at sun.security.ssl.Handshaker.process_record(Handshaker.java:1010)
	at sun.security.ssl.SSLSocketImpl.readRecord(SSLSocketImpl.java:1079)
	at sun.security.ssl.SSLSocketImpl.performInitialHandshake(SSLSocketImpl.java:1388)
	at sun.security.ssl.SSLSocketImpl.startHandshake(SSLSocketImpl.java:1416)
	at sun.security.ssl.SSLSocketImpl.getSession(SSLSocketImpl.java:2309)
	at org.apache.zookeeper.server.quorum.UnifiedServerSocket$UnifiedSocket.detectMode(UnifiedServerSocket.java:269)
	at org.apache.zookeeper.server.quorum.UnifiedServerSocket$UnifiedSocket.getSocket(UnifiedServerSocket.java:298)
	at org.apache.zookeeper.server.quorum.UnifiedServerSocket$UnifiedSocket.access$400(UnifiedServerSocket.java:172)
	at org.apache.zookeeper.server.quorum.UnifiedServerSocket$UnifiedInputStream.getRealInputStream(UnifiedServerSocket.java:699)
	at org.apache.zookeeper.server.quorum.UnifiedServerSocket$UnifiedInputStream.read(UnifiedServerSocket.java:693)
	at java.io.BufferedInputStream.fill(BufferedInputStream.java:246)
	at java.io.BufferedInputStream.read1(BufferedInputStream.java:286)
	at java.io.BufferedInputStream.read(BufferedInputStream.java:345)
	at java.io.DataInputStream.readFully(DataInputStream.java:195)
	at java.io.DataInputStream.readLong(DataInputStream.java:416)
	at org.apache.zookeeper.server.quorum.QuorumCnxManager.handleConnection(QuorumCnxManager.java:601)
	at org.apache.zookeeper.server.quorum.QuorumCnxManager.receiveConnection(QuorumCnxManager.java:554)
	at org.apache.zookeeper.server.quorum.QuorumCnxManager$Listener$ListenerHandler.acceptConnections(QuorumCnxManager.java:1079)
	at org.apache.zookeeper.server.quorum.QuorumCnxManager$Listener$ListenerHandler.run(QuorumCnxManager.java:1033)
	at java.util.concurrent.Executors$RunnableAdapter.call(Executors.java:511)
	at java.util.concurrent.FutureTask.run(FutureTask.java:266)
	at java.util.concurrent.ThreadPoolExecutor.runWorker(ThreadPoolExecutor.java:1149)
	at java.util.concurrent.ThreadPoolExecutor$Worker.run(ThreadPoolExecutor.java:624)
	at java.lang.Thread.run(Thread.java:748)
2020-06-22 14:09:22,026 [myid:1] - INFO  [ListenerHandler-/127.0.0.1:30088:UnifiedServerSocket$UnifiedSocket@266] - Accepted TLS connection from activate.navicat.com/127.0.0.1:63001 - NONE - SSL_NULL_WITH_NULL_NULL
2020-06-22 14:09:22,027 [myid:1] - WARN  [ListenerHandler-/127.0.0.1:30088:QuorumCnxManager@629] - Exception reading or writing challenge
javax.net.ssl.SSLException: Connection has been shutdown: javax.net.ssl.SSLHandshakeException: java.security.cert.CertificateException: Failed to verify both host address and host name
	at sun.security.ssl.SSLSocketImpl.checkEOF(SSLSocketImpl.java:1554)
	at sun.security.ssl.AppInputStream.read(AppInputStream.java:95)
	at org.apache.zookeeper.server.quorum.UnifiedServerSocket$UnifiedInputStream.read(UnifiedServerSocket.java:693)
	at java.io.BufferedInputStream.fill(BufferedInputStream.java:246)
	at java.io.BufferedInputStream.read1(BufferedInputStream.java:286)
	at java.io.BufferedInputStream.read(BufferedInputStream.java:345)
	at java.io.DataInputStream.readFully(DataInputStream.java:195)
	at java.io.DataInputStream.readLong(DataInputStream.java:416)
	at org.apache.zookeeper.server.quorum.QuorumCnxManager.handleConnection(QuorumCnxManager.java:601)
	at org.apache.zookeeper.server.quorum.QuorumCnxManager.receiveConnection(QuorumCnxManager.java:554)
	at org.apache.zookeeper.server.quorum.QuorumCnxManager$Listener$ListenerHandler.acceptConnections(QuorumCnxManager.java:1079)
	at org.apache.zookeeper.server.quorum.QuorumCnxManager$Listener$ListenerHandler.run(QuorumCnxManager.java:1033)
	at java.util.concurrent.Executors$RunnableAdapter.call(Executors.java:511)
	at java.util.concurrent.FutureTask.run(FutureTask.java:266)
	at java.util.concurrent.ThreadPoolExecutor.runWorker(ThreadPoolExecutor.java:1149)
	at java.util.concurrent.ThreadPoolExecutor$Worker.run(ThreadPoolExecutor.java:624)
	at java.lang.Thread.run(Thread.java:748)
Caused by: javax.net.ssl.SSLHandshakeException: java.security.cert.CertificateException: Failed to verify both host address and host name
	at sun.security.ssl.Alerts.getSSLException(Alerts.java:198)
	at sun.security.ssl.SSLSocketImpl.fatal(SSLSocketImpl.java:1967)
	at sun.security.ssl.Handshaker.fatalSE(Handshaker.java:331)
	at sun.security.ssl.Handshaker.fatalSE(Handshaker.java:325)
	at sun.security.ssl.ServerHandshaker.clientCertificate(ServerHandshaker.java:2055)
	at sun.security.ssl.ServerHandshaker.processMessage(ServerHandshaker.java:233)
	at sun.security.ssl.Handshaker.processLoop(Handshaker.java:1082)
	at sun.security.ssl.Handshaker.process_record(Handshaker.java:1010)
	at sun.security.ssl.SSLSocketImpl.readRecord(SSLSocketImpl.java:1079)
	at sun.security.ssl.SSLSocketImpl.performInitialHandshake(SSLSocketImpl.java:1388)
	at sun.security.ssl.SSLSocketImpl.startHandshake(SSLSocketImpl.java:1416)
	at sun.security.ssl.SSLSocketImpl.getSession(SSLSocketImpl.java:2309)
	at org.apache.zookeeper.server.quorum.UnifiedServerSocket$UnifiedSocket.detectMode(UnifiedServerSocket.java:269)
	at org.apache.zookeeper.server.quorum.UnifiedServerSocket$UnifiedSocket.getSocket(UnifiedServerSocket.java:298)
	at org.apache.zookeeper.server.quorum.UnifiedServerSocket$UnifiedSocket.access$400(UnifiedServerSocket.java:172)
	at org.apache.zookeeper.server.quorum.UnifiedServerSocket$UnifiedInputStream.getRealInputStream(UnifiedServerSocket.java:699)
	... 15 more
Caused by: java.security.cert.CertificateException: Failed to verify both host address and host name
	at org.apache.zookeeper.common.ZKTrustManager.performHostVerification(ZKTrustManager.java:163)
	at org.apache.zookeeper.common.ZKTrustManager.checkClientTrusted(ZKTrustManager.java:79)
	at sun.security.ssl.ServerHandshaker.clientCertificate(ServerHandshaker.java:2037)
	... 26 more
Caused by: javax.net.ssl.SSLPeerUnverifiedException: Certificate for <activate.navicat.com> doesn't match any of the subject alternative names: [localhost]
	at org.apache.zookeeper.common.ZKHostnameVerifier.matchDNSName(ZKHostnameVerifier.java:230)
	at org.apache.zookeeper.common.ZKHostnameVerifier.verify(ZKHostnameVerifier.java:171)
	at org.apache.zookeeper.common.ZKTrustManager.performHostVerification(ZKTrustManager.java:159)
	... 28 more
2020-06-22 14:09:22,050 [myid:] - INFO  [Time-limited test:FourLetterWordMain@93] - connecting to 127.0.0.1 30084
2020-06-22 14:09:22,053 [myid:3] - INFO  [nioEventLoopGroup-19-2:NettyServerCnxn@285] - Processing stat command from /127.0.0.1:63003
2020-06-22 14:09:22,058 [myid:3] - WARN  [QuorumConnectionThread-[myid=3]-1:QuorumCnxManager@400] - Cannot open channel to 2 at election address /127.0.0.1:30089
java.net.SocketException: Software caused connection abort: socket write error
	at java.net.SocketOutputStream.socketWrite0(Native Method)
	at java.net.SocketOutputStream.socketWrite(SocketOutputStream.java:111)
	at java.net.SocketOutputStream.write(SocketOutputStream.java:155)
	at sun.security.ssl.OutputRecord.writeBuffer(OutputRecord.java:431)
	at sun.security.ssl.OutputRecord.write(OutputRecord.java:417)
	at sun.security.ssl.SSLSocketImpl.writeRecordInternal(SSLSocketImpl.java:894)
	at sun.security.ssl.SSLSocketImpl.writeRecord(SSLSocketImpl.java:865)
	at sun.security.ssl.SSLSocketImpl.writeRecord(SSLSocketImpl.java:735)
	at sun.security.ssl.Handshaker.sendChangeCipherSpec(Handshaker.java:1189)
	at sun.security.ssl.ClientHandshaker.sendChangeCipherAndFinish(ClientHandshaker.java:1323)
	at sun.security.ssl.ClientHandshaker.serverHelloDone(ClientHandshaker.java:1233)
	at sun.security.ssl.ClientHandshaker.processMessage(ClientHandshaker.java:372)
	at sun.security.ssl.Handshaker.processLoop(Handshaker.java:1082)
	at sun.security.ssl.Handshaker.process_record(Handshaker.java:1010)
	at sun.security.ssl.SSLSocketImpl.readRecord(SSLSocketImpl.java:1079)
	at sun.security.ssl.SSLSocketImpl.performInitialHandshake(SSLSocketImpl.java:1388)
	at sun.security.ssl.SSLSocketImpl.startHandshake(SSLSocketImpl.java:1416)
	at sun.security.ssl.SSLSocketImpl.startHandshake(SSLSocketImpl.java:1400)
	at org.apache.zookeeper.server.quorum.QuorumCnxManager.initiateConnection(QuorumCnxManager.java:386)
	at org.apache.zookeeper.server.quorum.QuorumCnxManager$QuorumConnectionReqThread.run(QuorumCnxManager.java:457)
	at java.util.concurrent.ThreadPoolExecutor.runWorker(ThreadPoolExecutor.java:1149)
	at java.util.concurrent.ThreadPoolExecutor$Worker.run(ThreadPoolExecutor.java:624)
	at java.lang.Thread.run(Thread.java:748)
2020-06-22 14:09:22,077 [myid:3] - WARN  [QuorumConnectionThread-[myid=3]-3:QuorumCnxManager@400] - Cannot open channel to 1 at election address /127.0.0.1:30088
java.net.SocketException: Software caused connection abort: socket write error
	at java.net.SocketOutputStream.socketWrite0(Native Method)
	at java.net.SocketOutputStream.socketWrite(SocketOutputStream.java:111)
	at java.net.SocketOutputStream.write(SocketOutputStream.java:155)
	at sun.security.ssl.OutputRecord.writeBuffer(OutputRecord.java:431)
	at sun.security.ssl.OutputRecord.write(OutputRecord.java:417)
	at sun.security.ssl.SSLSocketImpl.writeRecordInternal(SSLSocketImpl.java:894)
	at sun.security.ssl.SSLSocketImpl.writeRecord(SSLSocketImpl.java:865)
	at sun.security.ssl.SSLSocketImpl.writeRecord(SSLSocketImpl.java:735)
	at sun.security.ssl.Handshaker.sendChangeCipherSpec(Handshaker.java:1189)
	at sun.security.ssl.ClientHandshaker.sendChangeCipherAndFinish(ClientHandshaker.java:1323)
	at sun.security.ssl.ClientHandshaker.serverHelloDone(ClientHandshaker.java:1233)
	at sun.security.ssl.ClientHandshaker.processMessage(ClientHandshaker.java:372)
	at sun.security.ssl.Handshaker.processLoop(Handshaker.java:1082)
	at sun.security.ssl.Handshaker.process_record(Handshaker.java:1010)
	at sun.security.ssl.SSLSocketImpl.readRecord(SSLSocketImpl.java:1079)
	at sun.security.ssl.SSLSocketImpl.performInitialHandshake(SSLSocketImpl.java:1388)
	at sun.security.ssl.SSLSocketImpl.startHandshake(SSLSocketImpl.java:1416)
	at sun.security.ssl.SSLSocketImpl.startHandshake(SSLSocketImpl.java:1400)
	at org.apache.zookeeper.server.quorum.QuorumCnxManager.initiateConnection(QuorumCnxManager.java:386)
	at org.apache.zookeeper.server.quorum.QuorumCnxManager$QuorumConnectionReqThread.run(QuorumCnxManager.java:457)
	at java.util.concurrent.ThreadPoolExecutor.runWorker(ThreadPoolExecutor.java:1149)
	at java.util.concurrent.ThreadPoolExecutor$Worker.run(ThreadPoolExecutor.java:624)
	at java.lang.Thread.run(Thread.java:748)
2020-06-22 14:09:22,127 [myid:3] - INFO  [ListenerHandler-/127.0.0.1:30090:QuorumCnxManager$Listener$ListenerHandler@1070] - Received connection request from /127.0.0.1:62859
2020-06-22 14:09:22,181 [myid:1] - ERROR [QuorumConnectionThread-[myid=1]-2:ZKTrustManager@161] - Failed to verify host address: 127.0.0.1
javax.net.ssl.SSLPeerUnverifiedException: Certificate for <127.0.0.1> doesn't match any of the subject alternative names: [localhost]
	at org.apache.zookeeper.common.ZKHostnameVerifier.matchIPAddress(ZKHostnameVerifier.java:197)
	at org.apache.zookeeper.common.ZKHostnameVerifier.verify(ZKHostnameVerifier.java:165)
	at org.apache.zookeeper.common.ZKTrustManager.performHostVerification(ZKTrustManager.java:151)
	at org.apache.zookeeper.common.ZKTrustManager.checkServerTrusted(ZKTrustManager.java:90)
	at sun.security.ssl.ClientHandshaker.serverCertificate(ClientHandshaker.java:1670)
	at sun.security.ssl.ClientHandshaker.processMessage(ClientHandshaker.java:226)
	at sun.security.ssl.Handshaker.processLoop(Handshaker.java:1082)
	at sun.security.ssl.Handshaker.process_record(Handshaker.java:1010)
	at sun.security.ssl.SSLSocketImpl.readRecord(SSLSocketImpl.java:1079)
	at sun.security.ssl.SSLSocketImpl.performInitialHandshake(SSLSocketImpl.java:1388)
	at sun.security.ssl.SSLSocketImpl.startHandshake(SSLSocketImpl.java:1416)
	at sun.security.ssl.SSLSocketImpl.startHandshake(SSLSocketImpl.java:1400)
	at org.apache.zookeeper.server.quorum.QuorumCnxManager.initiateConnection(QuorumCnxManager.java:386)
	at org.apache.zookeeper.server.quorum.QuorumCnxManager$QuorumConnectionReqThread.run(QuorumCnxManager.java:457)
	at java.util.concurrent.ThreadPoolExecutor.runWorker(ThreadPoolExecutor.java:1149)
	at java.util.concurrent.ThreadPoolExecutor$Worker.run(ThreadPoolExecutor.java:624)
	at java.lang.Thread.run(Thread.java:748)
2020-06-22 14:09:22,181 [myid:1] - ERROR [QuorumConnectionThread-[myid=1]-2:ZKTrustManager@162] - Failed to verify hostname: activate.navicat.com
javax.net.ssl.SSLPeerUnverifiedException: Certificate for <activate.navicat.com> doesn't match any of the subject alternative names: [localhost]
	at org.apache.zookeeper.common.ZKHostnameVerifier.matchDNSName(ZKHostnameVerifier.java:230)
	at org.apache.zookeeper.common.ZKHostnameVerifier.verify(ZKHostnameVerifier.java:171)
	at org.apache.zookeeper.common.ZKTrustManager.performHostVerification(ZKTrustManager.java:159)
	at org.apache.zookeeper.common.ZKTrustManager.checkServerTrusted(ZKTrustManager.java:90)
	at sun.security.ssl.ClientHandshaker.serverCertificate(ClientHandshaker.java:1670)
	at sun.security.ssl.ClientHandshaker.processMessage(ClientHandshaker.java:226)
	at sun.security.ssl.Handshaker.processLoop(Handshaker.java:1082)
	at sun.security.ssl.Handshaker.process_record(Handshaker.java:1010)
	at sun.security.ssl.SSLSocketImpl.readRecord(SSLSocketImpl.java:1079)
	at sun.security.ssl.SSLSocketImpl.performInitialHandshake(SSLSocketImpl.java:1388)
	at sun.security.ssl.SSLSocketImpl.startHandshake(SSLSocketImpl.java:1416)
	at sun.security.ssl.SSLSocketImpl.startHandshake(SSLSocketImpl.java:1400)
	at org.apache.zookeeper.server.quorum.QuorumCnxManager.initiateConnection(QuorumCnxManager.java:386)
	at org.apache.zookeeper.server.quorum.QuorumCnxManager$QuorumConnectionReqThread.run(QuorumCnxManager.java:457)
	at java.util.concurrent.ThreadPoolExecutor.runWorker(ThreadPoolExecutor.java:1149)
	at java.util.concurrent.ThreadPoolExecutor$Worker.run(ThreadPoolExecutor.java:624)
	at java.lang.Thread.run(Thread.java:748)
2020-06-22 14:09:22,182 [myid:3] - INFO  [ListenerHandler-/127.0.0.1:30090:UnifiedServerSocket$UnifiedSocket@266] - Accepted TLS connection from /127.0.0.1:62859 - NONE - SSL_NULL_WITH_NULL_NULL
2020-06-22 14:09:22,182 [myid:1] - WARN  [QuorumConnectionThread-[myid=1]-2:QuorumCnxManager@400] - Cannot open channel to 3 at election address /127.0.0.1:30090
javax.net.ssl.SSLHandshakeException: java.security.cert.CertificateException: Failed to verify both host address and host name
	at sun.security.ssl.Alerts.getSSLException(Alerts.java:198)
	at sun.security.ssl.SSLSocketImpl.fatal(SSLSocketImpl.java:1967)
	at sun.security.ssl.Handshaker.fatalSE(Handshaker.java:331)
	at sun.security.ssl.Handshaker.fatalSE(Handshaker.java:325)
	at sun.security.ssl.ClientHandshaker.serverCertificate(ClientHandshaker.java:1688)
	at sun.security.ssl.ClientHandshaker.processMessage(ClientHandshaker.java:226)
	at sun.security.ssl.Handshaker.processLoop(Handshaker.java:1082)
	at sun.security.ssl.Handshaker.process_record(Handshaker.java:1010)
	at sun.security.ssl.SSLSocketImpl.readRecord(SSLSocketImpl.java:1079)
	at sun.security.ssl.SSLSocketImpl.performInitialHandshake(SSLSocketImpl.java:1388)
	at sun.security.ssl.SSLSocketImpl.startHandshake(SSLSocketImpl.java:1416)
	at sun.security.ssl.SSLSocketImpl.startHandshake(SSLSocketImpl.java:1400)
	at org.apache.zookeeper.server.quorum.QuorumCnxManager.initiateConnection(QuorumCnxManager.java:386)
	at org.apache.zookeeper.server.quorum.QuorumCnxManager$QuorumConnectionReqThread.run(QuorumCnxManager.java:457)
	at java.util.concurrent.ThreadPoolExecutor.runWorker(ThreadPoolExecutor.java:1149)
	at java.util.concurrent.ThreadPoolExecutor$Worker.run(ThreadPoolExecutor.java:624)
	at java.lang.Thread.run(Thread.java:748)
Caused by: java.security.cert.CertificateException: Failed to verify both host address and host name
	at org.apache.zookeeper.common.ZKTrustManager.performHostVerification(ZKTrustManager.java:163)
	at org.apache.zookeeper.common.ZKTrustManager.checkServerTrusted(ZKTrustManager.java:90)
	at sun.security.ssl.ClientHandshaker.serverCertificate(ClientHandshaker.java:1670)
	... 12 more
Caused by: javax.net.ssl.SSLPeerUnverifiedException: Certificate for <activate.navicat.com> doesn't match any of the subject alternative names: [localhost]
	at org.apache.zookeeper.common.ZKHostnameVerifier.matchDNSName(ZKHostnameVerifier.java:230)
	at org.apache.zookeeper.common.ZKHostnameVerifier.verify(ZKHostnameVerifier.java:171)
	at org.apache.zookeeper.common.ZKTrustManager.performHostVerification(ZKTrustManager.java:159)
	... 14 more
2020-06-22 14:09:22,182 [myid:3] - WARN  [ListenerHandler-/127.0.0.1:30090:QuorumCnxManager@629] - Exception reading or writing challenge
javax.net.ssl.SSLException: Connection has been shutdown: javax.net.ssl.SSLHandshakeException: Received fatal alert: certificate_unknown
	at sun.security.ssl.SSLSocketImpl.checkEOF(SSLSocketImpl.java:1554)
	at sun.security.ssl.AppInputStream.read(AppInputStream.java:95)
	at org.apache.zookeeper.server.quorum.UnifiedServerSocket$UnifiedInputStream.read(UnifiedServerSocket.java:693)
	at java.io.BufferedInputStream.fill(BufferedInputStream.java:246)
	at java.io.BufferedInputStream.read1(BufferedInputStream.java:286)
	at java.io.BufferedInputStream.read(BufferedInputStream.java:345)
	at java.io.DataInputStream.readFully(DataInputStream.java:195)
	at java.io.DataInputStream.readLong(DataInputStream.java:416)
	at org.apache.zookeeper.server.quorum.QuorumCnxManager.handleConnection(QuorumCnxManager.java:601)
	at org.apache.zookeeper.server.quorum.QuorumCnxManager.receiveConnection(QuorumCnxManager.java:554)
	at org.apache.zookeeper.server.quorum.QuorumCnxManager$Listener$ListenerHandler.acceptConnections(QuorumCnxManager.java:1079)
	at org.apache.zookeeper.server.quorum.QuorumCnxManager$Listener$ListenerHandler.run(QuorumCnxManager.java:1033)
	at java.util.concurrent.Executors$RunnableAdapter.call(Executors.java:511)
	at java.util.concurrent.FutureTask.run(FutureTask.java:266)
	at java.util.concurrent.ThreadPoolExecutor.runWorker(ThreadPoolExecutor.java:1149)
	at java.util.concurrent.ThreadPoolExecutor$Worker.run(ThreadPoolExecutor.java:624)
	at java.lang.Thread.run(Thread.java:748)
Caused by: javax.net.ssl.SSLHandshakeException: Received fatal alert: certificate_unknown
	at sun.security.ssl.Alerts.getSSLException(Alerts.java:198)
	at sun.security.ssl.Alerts.getSSLException(Alerts.java:159)
	at sun.security.ssl.SSLSocketImpl.recvAlert(SSLSocketImpl.java:2041)
	at sun.security.ssl.SSLSocketImpl.readRecord(SSLSocketImpl.java:1145)
	at sun.security.ssl.SSLSocketImpl.performInitialHandshake(SSLSocketImpl.java:1388)
	at sun.security.ssl.SSLSocketImpl.startHandshake(SSLSocketImpl.java:1416)
	at sun.security.ssl.SSLSocketImpl.getSession(SSLSocketImpl.java:2309)
	at org.apache.zookeeper.server.quorum.UnifiedServerSocket$UnifiedSocket.detectMode(UnifiedServerSocket.java:269)
	at org.apache.zookeeper.server.quorum.UnifiedServerSocket$UnifiedSocket.getSocket(UnifiedServerSocket.java:298)
	at org.apache.zookeeper.server.quorum.UnifiedServerSocket$UnifiedSocket.access$400(UnifiedServerSocket.java:172)
	at org.apache.zookeeper.server.quorum.UnifiedServerSocket$UnifiedInputStream.getRealInputStream(UnifiedServerSocket.java:699)
	... 15 more
2020-06-22 14:09:22,183 [myid:3] - INFO  [ListenerHandler-/127.0.0.1:30090:QuorumCnxManager$Listener$ListenerHandler@1070] - Received connection request from /127.0.0.1:62861
2020-06-22 14:09:22,248 [myid:2] - ERROR [QuorumConnectionThread-[myid=2]-2:ZKTrustManager@161] - Failed to verify host address: 127.0.0.1
javax.net.ssl.SSLPeerUnverifiedException: Certificate for <127.0.0.1> doesn't match any of the subject alternative names: [localhost]
	at org.apache.zookeeper.common.ZKHostnameVerifier.matchIPAddress(ZKHostnameVerifier.java:197)
	at org.apache.zookeeper.common.ZKHostnameVerifier.verify(ZKHostnameVerifier.java:165)
	at org.apache.zookeeper.common.ZKTrustManager.performHostVerification(ZKTrustManager.java:151)
	at org.apache.zookeeper.common.ZKTrustManager.checkServerTrusted(ZKTrustManager.java:90)
	at sun.security.ssl.ClientHandshaker.serverCertificate(ClientHandshaker.java:1670)
	at sun.security.ssl.ClientHandshaker.processMessage(ClientHandshaker.java:226)
	at sun.security.ssl.Handshaker.processLoop(Handshaker.java:1082)
	at sun.security.ssl.Handshaker.process_record(Handshaker.java:1010)
	at sun.security.ssl.SSLSocketImpl.readRecord(SSLSocketImpl.java:1079)
	at sun.security.ssl.SSLSocketImpl.performInitialHandshake(SSLSocketImpl.java:1388)
	at sun.security.ssl.SSLSocketImpl.startHandshake(SSLSocketImpl.java:1416)
	at sun.security.ssl.SSLSocketImpl.startHandshake(SSLSocketImpl.java:1400)
	at org.apache.zookeeper.server.quorum.QuorumCnxManager.initiateConnection(QuorumCnxManager.java:386)
	at org.apache.zookeeper.server.quorum.QuorumCnxManager$QuorumConnectionReqThread.run(QuorumCnxManager.java:457)
	at java.util.concurrent.ThreadPoolExecutor.runWorker(ThreadPoolExecutor.java:1149)
	at java.util.concurrent.ThreadPoolExecutor$Worker.run(ThreadPoolExecutor.java:624)
	at java.lang.Thread.run(Thread.java:748)
2020-06-22 14:09:22,249 [myid:2] - ERROR [QuorumConnectionThread-[myid=2]-2:ZKTrustManager@162] - Failed to verify hostname: activate.navicat.com
javax.net.ssl.SSLPeerUnverifiedException: Certificate for <activate.navicat.com> doesn't match any of the subject alternative names: [localhost]
	at org.apache.zookeeper.common.ZKHostnameVerifier.matchDNSName(ZKHostnameVerifier.java:230)
	at org.apache.zookeeper.common.ZKHostnameVerifier.verify(ZKHostnameVerifier.java:171)
	at org.apache.zookeeper.common.ZKTrustManager.performHostVerification(ZKTrustManager.java:159)
	at org.apache.zookeeper.common.ZKTrustManager.checkServerTrusted(ZKTrustManager.java:90)
	at sun.security.ssl.ClientHandshaker.serverCertificate(ClientHandshaker.java:1670)
	at sun.security.ssl.ClientHandshaker.processMessage(ClientHandshaker.java:226)
	at sun.security.ssl.Handshaker.processLoop(Handshaker.java:1082)
	at sun.security.ssl.Handshaker.process_record(Handshaker.java:1010)
	at sun.security.ssl.SSLSocketImpl.readRecord(SSLSocketImpl.java:1079)
	at sun.security.ssl.SSLSocketImpl.performInitialHandshake(SSLSocketImpl.java:1388)
	at sun.security.ssl.SSLSocketImpl.startHandshake(SSLSocketImpl.java:1416)
	at sun.security.ssl.SSLSocketImpl.startHandshake(SSLSocketImpl.java:1400)
	at org.apache.zookeeper.server.quorum.QuorumCnxManager.initiateConnection(QuorumCnxManager.java:386)
	at org.apache.zookeeper.server.quorum.QuorumCnxManager$QuorumConnectionReqThread.run(QuorumCnxManager.java:457)
	at java.util.concurrent.ThreadPoolExecutor.runWorker(ThreadPoolExecutor.java:1149)
	at java.util.concurrent.ThreadPoolExecutor$Worker.run(ThreadPoolExecutor.java:624)
	at java.lang.Thread.run(Thread.java:748)
2020-06-22 14:09:22,249 [myid:3] - INFO  [ListenerHandler-/127.0.0.1:30090:UnifiedServerSocket$UnifiedSocket@266] - Accepted TLS connection from /127.0.0.1:62861 - NONE - SSL_NULL_WITH_NULL_NULL
2020-06-22 14:09:22,249 [myid:2] - WARN  [QuorumConnectionThread-[myid=2]-2:QuorumCnxManager@400] - Cannot open channel to 3 at election address activate.navicat.com/127.0.0.1:30090
javax.net.ssl.SSLHandshakeException: java.security.cert.CertificateException: Failed to verify both host address and host name
	at sun.security.ssl.Alerts.getSSLException(Alerts.java:198)
	at sun.security.ssl.SSLSocketImpl.fatal(SSLSocketImpl.java:1967)
	at sun.security.ssl.Handshaker.fatalSE(Handshaker.java:331)
	at sun.security.ssl.Handshaker.fatalSE(Handshaker.java:325)
	at sun.security.ssl.ClientHandshaker.serverCertificate(ClientHandshaker.java:1688)
	at sun.security.ssl.ClientHandshaker.processMessage(ClientHandshaker.java:226)
	at sun.security.ssl.Handshaker.processLoop(Handshaker.java:1082)
	at sun.security.ssl.Handshaker.process_record(Handshaker.java:1010)
	at sun.security.ssl.SSLSocketImpl.readRecord(SSLSocketImpl.java:1079)
	at sun.security.ssl.SSLSocketImpl.performInitialHandshake(SSLSocketImpl.java:1388)
	at sun.security.ssl.SSLSocketImpl.startHandshake(SSLSocketImpl.java:1416)
	at sun.security.ssl.SSLSocketImpl.startHandshake(SSLSocketImpl.java:1400)
	at org.apache.zookeeper.server.quorum.QuorumCnxManager.initiateConnection(QuorumCnxManager.java:386)
	at org.apache.zookeeper.server.quorum.QuorumCnxManager$QuorumConnectionReqThread.run(QuorumCnxManager.java:457)
	at java.util.concurrent.ThreadPoolExecutor.runWorker(ThreadPoolExecutor.java:1149)
	at java.util.concurrent.ThreadPoolExecutor$Worker.run(ThreadPoolExecutor.java:624)
	at java.lang.Thread.run(Thread.java:748)
Caused by: java.security.cert.CertificateException: Failed to verify both host address and host name
	at org.apache.zookeeper.common.ZKTrustManager.performHostVerification(ZKTrustManager.java:163)
	at org.apache.zookeeper.common.ZKTrustManager.checkServerTrusted(ZKTrustManager.java:90)
	at sun.security.ssl.ClientHandshaker.serverCertificate(ClientHandshaker.java:1670)
	... 12 more
Caused by: javax.net.ssl.SSLPeerUnverifiedException: Certificate for <activate.navicat.com> doesn't match any of the subject alternative names: [localhost]
	at org.apache.zookeeper.common.ZKHostnameVerifier.matchDNSName(ZKHostnameVerifier.java:230)
	at org.apache.zookeeper.common.ZKHostnameVerifier.verify(ZKHostnameVerifier.java:171)
	at org.apache.zookeeper.common.ZKTrustManager.performHostVerification(ZKTrustManager.java:159)
	... 14 more
2020-06-22 14:09:22,249 [myid:3] - WARN  [ListenerHandler-/127.0.0.1:30090:QuorumCnxManager@629] - Exception reading or writing challenge
javax.net.ssl.SSLException: Connection has been shutdown: javax.net.ssl.SSLHandshakeException: Received fatal alert: certificate_unknown
	at sun.security.ssl.SSLSocketImpl.checkEOF(SSLSocketImpl.java:1554)
	at sun.security.ssl.AppInputStream.read(AppInputStream.java:95)
	at org.apache.zookeeper.server.quorum.UnifiedServerSocket$UnifiedInputStream.read(UnifiedServerSocket.java:693)
	at java.io.BufferedInputStream.fill(BufferedInputStream.java:246)
	at java.io.BufferedInputStream.read1(BufferedInputStream.java:286)
	at java.io.BufferedInputStream.read(BufferedInputStream.java:345)
	at java.io.DataInputStream.readFully(DataInputStream.java:195)
	at java.io.DataInputStream.readLong(DataInputStream.java:416)
	at org.apache.zookeeper.server.quorum.QuorumCnxManager.handleConnection(QuorumCnxManager.java:601)
	at org.apache.zookeeper.server.quorum.QuorumCnxManager.receiveConnection(QuorumCnxManager.java:554)
	at org.apache.zookeeper.server.quorum.QuorumCnxManager$Listener$ListenerHandler.acceptConnections(QuorumCnxManager.java:1079)
	at org.apache.zookeeper.server.quorum.QuorumCnxManager$Listener$ListenerHandler.run(QuorumCnxManager.java:1033)
	at java.util.concurrent.Executors$RunnableAdapter.call(Executors.java:511)
	at java.util.concurrent.FutureTask.run(FutureTask.java:266)
	at java.util.concurrent.ThreadPoolExecutor.runWorker(ThreadPoolExecutor.java:1149)
	at java.util.concurrent.ThreadPoolExecutor$Worker.run(ThreadPoolExecutor.java:624)
	at java.lang.Thread.run(Thread.java:748)
Caused by: javax.net.ssl.SSLHandshakeException: Received fatal alert: certificate_unknown
	at sun.security.ssl.Alerts.getSSLException(Alerts.java:198)
	at sun.security.ssl.Alerts.getSSLException(Alerts.java:159)
	at sun.security.ssl.SSLSocketImpl.recvAlert(SSLSocketImpl.java:2041)
	at sun.security.ssl.SSLSocketImpl.readRecord(SSLSocketImpl.java:1145)
	at sun.security.ssl.SSLSocketImpl.performInitialHandshake(SSLSocketImpl.java:1388)
	at sun.security.ssl.SSLSocketImpl.startHandshake(SSLSocketImpl.java:1416)
	at sun.security.ssl.SSLSocketImpl.getSession(SSLSocketImpl.java:2309)
	at org.apache.zookeeper.server.quorum.UnifiedServerSocket$UnifiedSocket.detectMode(UnifiedServerSocket.java:269)
	at org.apache.zookeeper.server.quorum.UnifiedServerSocket$UnifiedSocket.getSocket(UnifiedServerSocket.java:298)
	at org.apache.zookeeper.server.quorum.UnifiedServerSocket$UnifiedSocket.access$400(UnifiedServerSocket.java:172)
	at org.apache.zookeeper.server.quorum.UnifiedServerSocket$UnifiedInputStream.getRealInputStream(UnifiedServerSocket.java:699)
	... 15 more
2020-06-22 14:09:22,305 [myid:] - INFO  [Time-limited test:FourLetterWordMain@93] - connecting to 127.0.0.1 30084
2020-06-22 14:09:22,310 [myid:3] - INFO  [nioEventLoopGroup-19-3:NettyServerCnxn@285] - Processing stat command from /127.0.0.1:63012
2020-06-22 14:09:22,344 [myid:3] - INFO  [QuorumPeer[myid=3](plain=[0:0:0:0:0:0:0:0]:30084)(secure=disabled):FastLeaderElection@979] - Notification time out: 800
2020-06-22 14:09:22,344 [myid:1] - INFO  [ListenerHandler-/127.0.0.1:30088:QuorumCnxManager$Listener$ListenerHandler@1070] - Received connection request from /127.0.0.1:63013
2020-06-22 14:09:22,352 [myid:2] - INFO  [ListenerHandler-/127.0.0.1:30089:QuorumCnxManager$Listener$ListenerHandler@1070] - Received connection request from /127.0.0.1:63014
2020-06-22 14:09:22,413 [myid:1] - ERROR [ListenerHandler-/127.0.0.1:30088:ZKTrustManager@161] - Failed to verify host address: 127.0.0.1
javax.net.ssl.SSLPeerUnverifiedException: Certificate for <127.0.0.1> doesn't match any of the subject alternative names: [localhost]
	at org.apache.zookeeper.common.ZKHostnameVerifier.matchIPAddress(ZKHostnameVerifier.java:197)
	at org.apache.zookeeper.common.ZKHostnameVerifier.verify(ZKHostnameVerifier.java:165)
	at org.apache.zookeeper.common.ZKTrustManager.performHostVerification(ZKTrustManager.java:151)
	at org.apache.zookeeper.common.ZKTrustManager.checkClientTrusted(ZKTrustManager.java:79)
	at sun.security.ssl.ServerHandshaker.clientCertificate(ServerHandshaker.java:2037)
	at sun.security.ssl.ServerHandshaker.processMessage(ServerHandshaker.java:233)
	at sun.security.ssl.Handshaker.processLoop(Handshaker.java:1082)
	at sun.security.ssl.Handshaker.process_record(Handshaker.java:1010)
	at sun.security.ssl.SSLSocketImpl.readRecord(SSLSocketImpl.java:1079)
	at sun.security.ssl.SSLSocketImpl.performInitialHandshake(SSLSocketImpl.java:1388)
	at sun.security.ssl.SSLSocketImpl.startHandshake(SSLSocketImpl.java:1416)
	at sun.security.ssl.SSLSocketImpl.getSession(SSLSocketImpl.java:2309)
	at org.apache.zookeeper.server.quorum.UnifiedServerSocket$UnifiedSocket.detectMode(UnifiedServerSocket.java:269)
	at org.apache.zookeeper.server.quorum.UnifiedServerSocket$UnifiedSocket.getSocket(UnifiedServerSocket.java:298)
	at org.apache.zookeeper.server.quorum.UnifiedServerSocket$UnifiedSocket.access$400(UnifiedServerSocket.java:172)
	at org.apache.zookeeper.server.quorum.UnifiedServerSocket$UnifiedInputStream.getRealInputStream(UnifiedServerSocket.java:699)
	at org.apache.zookeeper.server.quorum.UnifiedServerSocket$UnifiedInputStream.read(UnifiedServerSocket.java:693)
	at java.io.BufferedInputStream.fill(BufferedInputStream.java:246)
	at java.io.BufferedInputStream.read1(BufferedInputStream.java:286)
	at java.io.BufferedInputStream.read(BufferedInputStream.java:345)
	at java.io.DataInputStream.readFully(DataInputStream.java:195)
	at java.io.DataInputStream.readLong(DataInputStream.java:416)
	at org.apache.zookeeper.server.quorum.QuorumCnxManager.handleConnection(QuorumCnxManager.java:601)
	at org.apache.zookeeper.server.quorum.QuorumCnxManager.receiveConnection(QuorumCnxManager.java:554)
	at org.apache.zookeeper.server.quorum.QuorumCnxManager$Listener$ListenerHandler.acceptConnections(QuorumCnxManager.java:1079)
	at org.apache.zookeeper.server.quorum.QuorumCnxManager$Listener$ListenerHandler.run(QuorumCnxManager.java:1033)
	at java.util.concurrent.Executors$RunnableAdapter.call(Executors.java:511)
	at java.util.concurrent.FutureTask.run(FutureTask.java:266)
	at java.util.concurrent.ThreadPoolExecutor.runWorker(ThreadPoolExecutor.java:1149)
	at java.util.concurrent.ThreadPoolExecutor$Worker.run(ThreadPoolExecutor.java:624)
	at java.lang.Thread.run(Thread.java:748)
2020-06-22 14:09:22,414 [myid:1] - ERROR [ListenerHandler-/127.0.0.1:30088:ZKTrustManager@162] - Failed to verify hostname: activate.navicat.com
javax.net.ssl.SSLPeerUnverifiedException: Certificate for <activate.navicat.com> doesn't match any of the subject alternative names: [localhost]
	at org.apache.zookeeper.common.ZKHostnameVerifier.matchDNSName(ZKHostnameVerifier.java:230)
	at org.apache.zookeeper.common.ZKHostnameVerifier.verify(ZKHostnameVerifier.java:171)
	at org.apache.zookeeper.common.ZKTrustManager.performHostVerification(ZKTrustManager.java:159)
	at org.apache.zookeeper.common.ZKTrustManager.checkClientTrusted(ZKTrustManager.java:79)
	at sun.security.ssl.ServerHandshaker.clientCertificate(ServerHandshaker.java:2037)
	at sun.security.ssl.ServerHandshaker.processMessage(ServerHandshaker.java:233)
	at sun.security.ssl.Handshaker.processLoop(Handshaker.java:1082)
	at sun.security.ssl.Handshaker.process_record(Handshaker.java:1010)
	at sun.security.ssl.SSLSocketImpl.readRecord(SSLSocketImpl.java:1079)
	at sun.security.ssl.SSLSocketImpl.performInitialHandshake(SSLSocketImpl.java:1388)
	at sun.security.ssl.SSLSocketImpl.startHandshake(SSLSocketImpl.java:1416)
	at sun.security.ssl.SSLSocketImpl.getSession(SSLSocketImpl.java:2309)
	at org.apache.zookeeper.server.quorum.UnifiedServerSocket$UnifiedSocket.detectMode(UnifiedServerSocket.java:269)
	at org.apache.zookeeper.server.quorum.UnifiedServerSocket$UnifiedSocket.getSocket(UnifiedServerSocket.java:298)
	at org.apache.zookeeper.server.quorum.UnifiedServerSocket$UnifiedSocket.access$400(UnifiedServerSocket.java:172)
	at org.apache.zookeeper.server.quorum.UnifiedServerSocket$UnifiedInputStream.getRealInputStream(UnifiedServerSocket.java:699)
	at org.apache.zookeeper.server.quorum.UnifiedServerSocket$UnifiedInputStream.read(UnifiedServerSocket.java:693)
	at java.io.BufferedInputStream.fill(BufferedInputStream.java:246)
	at java.io.BufferedInputStream.read1(BufferedInputStream.java:286)
	at java.io.BufferedInputStream.read(BufferedInputStream.java:345)
	at java.io.DataInputStream.readFully(DataInputStream.java:195)
	at java.io.DataInputStream.readLong(DataInputStream.java:416)
	at org.apache.zookeeper.server.quorum.QuorumCnxManager.handleConnection(QuorumCnxManager.java:601)
	at org.apache.zookeeper.server.quorum.QuorumCnxManager.receiveConnection(QuorumCnxManager.java:554)
	at org.apache.zookeeper.server.quorum.QuorumCnxManager$Listener$ListenerHandler.acceptConnections(QuorumCnxManager.java:1079)
	at org.apache.zookeeper.server.quorum.QuorumCnxManager$Listener$ListenerHandler.run(QuorumCnxManager.java:1033)
	at java.util.concurrent.Executors$RunnableAdapter.call(Executors.java:511)
	at java.util.concurrent.FutureTask.run(FutureTask.java:266)
	at java.util.concurrent.ThreadPoolExecutor.runWorker(ThreadPoolExecutor.java:1149)
	at java.util.concurrent.ThreadPoolExecutor$Worker.run(ThreadPoolExecutor.java:624)
	at java.lang.Thread.run(Thread.java:748)
2020-06-22 14:09:22,415 [myid:1] - INFO  [ListenerHandler-/127.0.0.1:30088:UnifiedServerSocket$UnifiedSocket@266] - Accepted TLS connection from activate.navicat.com/127.0.0.1:63013 - NONE - SSL_NULL_WITH_NULL_NULL
2020-06-22 14:09:22,415 [myid:1] - WARN  [ListenerHandler-/127.0.0.1:30088:QuorumCnxManager@629] - Exception reading or writing challenge
javax.net.ssl.SSLException: Connection has been shutdown: javax.net.ssl.SSLHandshakeException: java.security.cert.CertificateException: Failed to verify both host address and host name
	at sun.security.ssl.SSLSocketImpl.checkEOF(SSLSocketImpl.java:1554)
	at sun.security.ssl.AppInputStream.read(AppInputStream.java:95)
	at org.apache.zookeeper.server.quorum.UnifiedServerSocket$UnifiedInputStream.read(UnifiedServerSocket.java:693)
	at java.io.BufferedInputStream.fill(BufferedInputStream.java:246)
	at java.io.BufferedInputStream.read1(BufferedInputStream.java:286)
	at java.io.BufferedInputStream.read(BufferedInputStream.java:345)
	at java.io.DataInputStream.readFully(DataInputStream.java:195)
	at java.io.DataInputStream.readLong(DataInputStream.java:416)
	at org.apache.zookeeper.server.quorum.QuorumCnxManager.handleConnection(QuorumCnxManager.java:601)
	at org.apache.zookeeper.server.quorum.QuorumCnxManager.receiveConnection(QuorumCnxManager.java:554)
	at org.apache.zookeeper.server.quorum.QuorumCnxManager$Listener$ListenerHandler.acceptConnections(QuorumCnxManager.java:1079)
	at org.apache.zookeeper.server.quorum.QuorumCnxManager$Listener$ListenerHandler.run(QuorumCnxManager.java:1033)
	at java.util.concurrent.Executors$RunnableAdapter.call(Executors.java:511)
	at java.util.concurrent.FutureTask.run(FutureTask.java:266)
	at java.util.concurrent.ThreadPoolExecutor.runWorker(ThreadPoolExecutor.java:1149)
	at java.util.concurrent.ThreadPoolExecutor$Worker.run(ThreadPoolExecutor.java:624)
	at java.lang.Thread.run(Thread.java:748)
Caused by: javax.net.ssl.SSLHandshakeException: java.security.cert.CertificateException: Failed to verify both host address and host name
	at sun.security.ssl.Alerts.getSSLException(Alerts.java:198)
	at sun.security.ssl.SSLSocketImpl.fatal(SSLSocketImpl.java:1967)
	at sun.security.ssl.Handshaker.fatalSE(Handshaker.java:331)
	at sun.security.ssl.Handshaker.fatalSE(Handshaker.java:325)
	at sun.security.ssl.ServerHandshaker.clientCertificate(ServerHandshaker.java:2055)
	at sun.security.ssl.ServerHandshaker.processMessage(ServerHandshaker.java:233)
	at sun.security.ssl.Handshaker.processLoop(Handshaker.java:1082)
	at sun.security.ssl.Handshaker.process_record(Handshaker.java:1010)
	at sun.security.ssl.SSLSocketImpl.readRecord(SSLSocketImpl.java:1079)
	at sun.security.ssl.SSLSocketImpl.performInitialHandshake(SSLSocketImpl.java:1388)
	at sun.security.ssl.SSLSocketImpl.startHandshake(SSLSocketImpl.java:1416)
	at sun.security.ssl.SSLSocketImpl.getSession(SSLSocketImpl.java:2309)
	at org.apache.zookeeper.server.quorum.UnifiedServerSocket$UnifiedSocket.detectMode(UnifiedServerSocket.java:269)
	at org.apache.zookeeper.server.quorum.UnifiedServerSocket$UnifiedSocket.getSocket(UnifiedServerSocket.java:298)
	at org.apache.zookeeper.server.quorum.UnifiedServerSocket$UnifiedSocket.access$400(UnifiedServerSocket.java:172)
	at org.apache.zookeeper.server.quorum.UnifiedServerSocket$UnifiedInputStream.getRealInputStream(UnifiedServerSocket.java:699)
	... 15 more
Caused by: java.security.cert.CertificateException: Failed to verify both host address and host name
	at org.apache.zookeeper.common.ZKTrustManager.performHostVerification(ZKTrustManager.java:163)
	at org.apache.zookeeper.common.ZKTrustManager.checkClientTrusted(ZKTrustManager.java:79)
	at sun.security.ssl.ServerHandshaker.clientCertificate(ServerHandshaker.java:2037)
	... 26 more
Caused by: javax.net.ssl.SSLPeerUnverifiedException: Certificate for <activate.navicat.com> doesn't match any of the subject alternative names: [localhost]
	at org.apache.zookeeper.common.ZKHostnameVerifier.matchDNSName(ZKHostnameVerifier.java:230)
	at org.apache.zookeeper.common.ZKHostnameVerifier.verify(ZKHostnameVerifier.java:171)
	at org.apache.zookeeper.common.ZKTrustManager.performHostVerification(ZKTrustManager.java:159)
	... 28 more
2020-06-22 14:09:22,417 [myid:2] - ERROR [ListenerHandler-/127.0.0.1:30089:ZKTrustManager@161] - Failed to verify host address: 127.0.0.1
javax.net.ssl.SSLPeerUnverifiedException: Certificate for <127.0.0.1> doesn't match any of the subject alternative names: [localhost]
	at org.apache.zookeeper.common.ZKHostnameVerifier.matchIPAddress(ZKHostnameVerifier.java:197)
	at org.apache.zookeeper.common.ZKHostnameVerifier.verify(ZKHostnameVerifier.java:165)
	at org.apache.zookeeper.common.ZKTrustManager.performHostVerification(ZKTrustManager.java:151)
	at org.apache.zookeeper.common.ZKTrustManager.checkClientTrusted(ZKTrustManager.java:79)
	at sun.security.ssl.ServerHandshaker.clientCertificate(ServerHandshaker.java:2037)
	at sun.security.ssl.ServerHandshaker.processMessage(ServerHandshaker.java:233)
	at sun.security.ssl.Handshaker.processLoop(Handshaker.java:1082)
	at sun.security.ssl.Handshaker.process_record(Handshaker.java:1010)
	at sun.security.ssl.SSLSocketImpl.readRecord(SSLSocketImpl.java:1079)
	at sun.security.ssl.SSLSocketImpl.performInitialHandshake(SSLSocketImpl.java:1388)
	at sun.security.ssl.SSLSocketImpl.startHandshake(SSLSocketImpl.java:1416)
	at sun.security.ssl.SSLSocketImpl.getSession(SSLSocketImpl.java:2309)
	at org.apache.zookeeper.server.quorum.UnifiedServerSocket$UnifiedSocket.detectMode(UnifiedServerSocket.java:269)
	at org.apache.zookeeper.server.quorum.UnifiedServerSocket$UnifiedSocket.getSocket(UnifiedServerSocket.java:298)
	at org.apache.zookeeper.server.quorum.UnifiedServerSocket$UnifiedSocket.access$400(UnifiedServerSocket.java:172)
	at org.apache.zookeeper.server.quorum.UnifiedServerSocket$UnifiedInputStream.getRealInputStream(UnifiedServerSocket.java:699)
	at org.apache.zookeeper.server.quorum.UnifiedServerSocket$UnifiedInputStream.read(UnifiedServerSocket.java:693)
	at java.io.BufferedInputStream.fill(BufferedInputStream.java:246)
	at java.io.BufferedInputStream.read1(BufferedInputStream.java:286)
	at java.io.BufferedInputStream.read(BufferedInputStream.java:345)
	at java.io.DataInputStream.readFully(DataInputStream.java:195)
	at java.io.DataInputStream.readLong(DataInputStream.java:416)
	at org.apache.zookeeper.server.quorum.QuorumCnxManager.handleConnection(QuorumCnxManager.java:601)
	at org.apache.zookeeper.server.quorum.QuorumCnxManager.receiveConnection(QuorumCnxManager.java:554)
	at org.apache.zookeeper.server.quorum.QuorumCnxManager$Listener$ListenerHandler.acceptConnections(QuorumCnxManager.java:1079)
	at org.apache.zookeeper.server.quorum.QuorumCnxManager$Listener$ListenerHandler.run(QuorumCnxManager.java:1033)
	at java.util.concurrent.Executors$RunnableAdapter.call(Executors.java:511)
	at java.util.concurrent.FutureTask.run(FutureTask.java:266)
	at java.util.concurrent.ThreadPoolExecutor.runWorker(ThreadPoolExecutor.java:1149)
	at java.util.concurrent.ThreadPoolExecutor$Worker.run(ThreadPoolExecutor.java:624)
	at java.lang.Thread.run(Thread.java:748)
2020-06-22 14:09:22,417 [myid:2] - ERROR [ListenerHandler-/127.0.0.1:30089:ZKTrustManager@162] - Failed to verify hostname: activate.navicat.com
javax.net.ssl.SSLPeerUnverifiedException: Certificate for <activate.navicat.com> doesn't match any of the subject alternative names: [localhost]
	at org.apache.zookeeper.common.ZKHostnameVerifier.matchDNSName(ZKHostnameVerifier.java:230)
	at org.apache.zookeeper.common.ZKHostnameVerifier.verify(ZKHostnameVerifier.java:171)
	at org.apache.zookeeper.common.ZKTrustManager.performHostVerification(ZKTrustManager.java:159)
	at org.apache.zookeeper.common.ZKTrustManager.checkClientTrusted(ZKTrustManager.java:79)
	at sun.security.ssl.ServerHandshaker.clientCertificate(ServerHandshaker.java:2037)
	at sun.security.ssl.ServerHandshaker.processMessage(ServerHandshaker.java:233)
	at sun.security.ssl.Handshaker.processLoop(Handshaker.java:1082)
	at sun.security.ssl.Handshaker.process_record(Handshaker.java:1010)
	at sun.security.ssl.SSLSocketImpl.readRecord(SSLSocketImpl.java:1079)
	at sun.security.ssl.SSLSocketImpl.performInitialHandshake(SSLSocketImpl.java:1388)
	at sun.security.ssl.SSLSocketImpl.startHandshake(SSLSocketImpl.java:1416)
	at sun.security.ssl.SSLSocketImpl.getSession(SSLSocketImpl.java:2309)
	at org.apache.zookeeper.server.quorum.UnifiedServerSocket$UnifiedSocket.detectMode(UnifiedServerSocket.java:269)
	at org.apache.zookeeper.server.quorum.UnifiedServerSocket$UnifiedSocket.getSocket(UnifiedServerSocket.java:298)
	at org.apache.zookeeper.server.quorum.UnifiedServerSocket$UnifiedSocket.access$400(UnifiedServerSocket.java:172)
	at org.apache.zookeeper.server.quorum.UnifiedServerSocket$UnifiedInputStream.getRealInputStream(UnifiedServerSocket.java:699)
	at org.apache.zookeeper.server.quorum.UnifiedServerSocket$UnifiedInputStream.read(UnifiedServerSocket.java:693)
	at java.io.BufferedInputStream.fill(BufferedInputStream.java:246)
	at java.io.BufferedInputStream.read1(BufferedInputStream.java:286)
	at java.io.BufferedInputStream.read(BufferedInputStream.java:345)
	at java.io.DataInputStream.readFully(DataInputStream.java:195)
	at java.io.DataInputStream.readLong(DataInputStream.java:416)
	at org.apache.zookeeper.server.quorum.QuorumCnxManager.handleConnection(QuorumCnxManager.java:601)
	at org.apache.zookeeper.server.quorum.QuorumCnxManager.receiveConnection(QuorumCnxManager.java:554)
	at org.apache.zookeeper.server.quorum.QuorumCnxManager$Listener$ListenerHandler.acceptConnections(QuorumCnxManager.java:1079)
	at org.apache.zookeeper.server.quorum.QuorumCnxManager$Listener$ListenerHandler.run(QuorumCnxManager.java:1033)
	at java.util.concurrent.Executors$RunnableAdapter.call(Executors.java:511)
	at java.util.concurrent.FutureTask.run(FutureTask.java:266)
	at java.util.concurrent.ThreadPoolExecutor.runWorker(ThreadPoolExecutor.java:1149)
	at java.util.concurrent.ThreadPoolExecutor$Worker.run(ThreadPoolExecutor.java:624)
	at java.lang.Thread.run(Thread.java:748)
2020-06-22 14:09:22,418 [myid:2] - INFO  [ListenerHandler-/127.0.0.1:30089:UnifiedServerSocket$UnifiedSocket@266] - Accepted TLS connection from activate.navicat.com/127.0.0.1:63014 - NONE - SSL_NULL_WITH_NULL_NULL
2020-06-22 14:09:22,418 [myid:2] - WARN  [ListenerHandler-/127.0.0.1:30089:QuorumCnxManager@629] - Exception reading or writing challenge
javax.net.ssl.SSLException: Connection has been shutdown: javax.net.ssl.SSLHandshakeException: java.security.cert.CertificateException: Failed to verify both host address and host name
	at sun.security.ssl.SSLSocketImpl.checkEOF(SSLSocketImpl.java:1554)
	at sun.security.ssl.AppInputStream.read(AppInputStream.java:95)
	at org.apache.zookeeper.server.quorum.UnifiedServerSocket$UnifiedInputStream.read(UnifiedServerSocket.java:693)
	at java.io.BufferedInputStream.fill(BufferedInputStream.java:246)
	at java.io.BufferedInputStream.read1(BufferedInputStream.java:286)
	at java.io.BufferedInputStream.read(BufferedInputStream.java:345)
	at java.io.DataInputStream.readFully(DataInputStream.java:195)
	at java.io.DataInputStream.readLong(DataInputStream.java:416)
	at org.apache.zookeeper.server.quorum.QuorumCnxManager.handleConnection(QuorumCnxManager.java:601)
	at org.apache.zookeeper.server.quorum.QuorumCnxManager.receiveConnection(QuorumCnxManager.java:554)
	at org.apache.zookeeper.server.quorum.QuorumCnxManager$Listener$ListenerHandler.acceptConnections(QuorumCnxManager.java:1079)
	at org.apache.zookeeper.server.quorum.QuorumCnxManager$Listener$ListenerHandler.run(QuorumCnxManager.java:1033)
	at java.util.concurrent.Executors$RunnableAdapter.call(Executors.java:511)
	at java.util.concurrent.FutureTask.run(FutureTask.java:266)
	at java.util.concurrent.ThreadPoolExecutor.runWorker(ThreadPoolExecutor.java:1149)
	at java.util.concurrent.ThreadPoolExecutor$Worker.run(ThreadPoolExecutor.java:624)
	at java.lang.Thread.run(Thread.java:748)
Caused by: javax.net.ssl.SSLHandshakeException: java.security.cert.CertificateException: Failed to verify both host address and host name
	at sun.security.ssl.Alerts.getSSLException(Alerts.java:198)
	at sun.security.ssl.SSLSocketImpl.fatal(SSLSocketImpl.java:1967)
	at sun.security.ssl.Handshaker.fatalSE(Handshaker.java:331)
	at sun.security.ssl.Handshaker.fatalSE(Handshaker.java:325)
	at sun.security.ssl.ServerHandshaker.clientCertificate(ServerHandshaker.java:2055)
	at sun.security.ssl.ServerHandshaker.processMessage(ServerHandshaker.java:233)
	at sun.security.ssl.Handshaker.processLoop(Handshaker.java:1082)
	at sun.security.ssl.Handshaker.process_record(Handshaker.java:1010)
	at sun.security.ssl.SSLSocketImpl.readRecord(SSLSocketImpl.java:1079)
	at sun.security.ssl.SSLSocketImpl.performInitialHandshake(SSLSocketImpl.java:1388)
	at sun.security.ssl.SSLSocketImpl.startHandshake(SSLSocketImpl.java:1416)
	at sun.security.ssl.SSLSocketImpl.getSession(SSLSocketImpl.java:2309)
	at org.apache.zookeeper.server.quorum.UnifiedServerSocket$UnifiedSocket.detectMode(UnifiedServerSocket.java:269)
	at org.apache.zookeeper.server.quorum.UnifiedServerSocket$UnifiedSocket.getSocket(UnifiedServerSocket.java:298)
	at org.apache.zookeeper.server.quorum.UnifiedServerSocket$UnifiedSocket.access$400(UnifiedServerSocket.java:172)
	at org.apache.zookeeper.server.quorum.UnifiedServerSocket$UnifiedInputStream.getRealInputStream(UnifiedServerSocket.java:699)
	... 15 more
Caused by: java.security.cert.CertificateException: Failed to verify both host address and host name
	at org.apache.zookeeper.common.ZKTrustManager.performHostVerification(ZKTrustManager.java:163)
	at org.apache.zookeeper.common.ZKTrustManager.checkClientTrusted(ZKTrustManager.java:79)
	at sun.security.ssl.ServerHandshaker.clientCertificate(ServerHandshaker.java:2037)
	... 26 more
Caused by: javax.net.ssl.SSLPeerUnverifiedException: Certificate for <activate.navicat.com> doesn't match any of the subject alternative names: [localhost]
	at org.apache.zookeeper.common.ZKHostnameVerifier.matchDNSName(ZKHostnameVerifier.java:230)
	at org.apache.zookeeper.common.ZKHostnameVerifier.verify(ZKHostnameVerifier.java:171)
	at org.apache.zookeeper.common.ZKTrustManager.performHostVerification(ZKTrustManager.java:159)
	... 28 more
2020-06-22 14:09:22,468 [myid:3] - WARN  [QuorumConnectionThread-[myid=3]-3:QuorumCnxManager@400] - Cannot open channel to 1 at election address /127.0.0.1:30088
java.net.SocketException: Software caused connection abort: socket write error
	at java.net.SocketOutputStream.socketWrite0(Native Method)
	at java.net.SocketOutputStream.socketWrite(SocketOutputStream.java:111)
	at java.net.SocketOutputStream.write(SocketOutputStream.java:155)
	at sun.security.ssl.OutputRecord.writeBuffer(OutputRecord.java:431)
	at sun.security.ssl.OutputRecord.write(OutputRecord.java:417)
	at sun.security.ssl.SSLSocketImpl.writeRecordInternal(SSLSocketImpl.java:894)
	at sun.security.ssl.SSLSocketImpl.writeRecord(SSLSocketImpl.java:865)
	at sun.security.ssl.SSLSocketImpl.writeRecord(SSLSocketImpl.java:735)
	at sun.security.ssl.Handshaker.sendChangeCipherSpec(Handshaker.java:1189)
	at sun.security.ssl.ClientHandshaker.sendChangeCipherAndFinish(ClientHandshaker.java:1323)
	at sun.security.ssl.ClientHandshaker.serverHelloDone(ClientHandshaker.java:1233)
	at sun.security.ssl.ClientHandshaker.processMessage(ClientHandshaker.java:372)
	at sun.security.ssl.Handshaker.processLoop(Handshaker.java:1082)
	at sun.security.ssl.Handshaker.process_record(Handshaker.java:1010)
	at sun.security.ssl.SSLSocketImpl.readRecord(SSLSocketImpl.java:1079)
	at sun.security.ssl.SSLSocketImpl.performInitialHandshake(SSLSocketImpl.java:1388)
	at sun.security.ssl.SSLSocketImpl.startHandshake(SSLSocketImpl.java:1416)
	at sun.security.ssl.SSLSocketImpl.startHandshake(SSLSocketImpl.java:1400)
	at org.apache.zookeeper.server.quorum.QuorumCnxManager.initiateConnection(QuorumCnxManager.java:386)
	at org.apache.zookeeper.server.quorum.QuorumCnxManager$QuorumConnectionReqThread.run(QuorumCnxManager.java:457)
	at java.util.concurrent.ThreadPoolExecutor.runWorker(ThreadPoolExecutor.java:1149)
	at java.util.concurrent.ThreadPoolExecutor$Worker.run(ThreadPoolExecutor.java:624)
	at java.lang.Thread.run(Thread.java:748)
2020-06-22 14:09:22,474 [myid:3] - WARN  [QuorumConnectionThread-[myid=3]-1:QuorumCnxManager@400] - Cannot open channel to 2 at election address /127.0.0.1:30089
java.net.SocketException: Software caused connection abort: socket write error
	at java.net.SocketOutputStream.socketWrite0(Native Method)
	at java.net.SocketOutputStream.socketWrite(SocketOutputStream.java:111)
	at java.net.SocketOutputStream.write(SocketOutputStream.java:155)
	at sun.security.ssl.OutputRecord.writeBuffer(OutputRecord.java:431)
	at sun.security.ssl.OutputRecord.write(OutputRecord.java:417)
	at sun.security.ssl.SSLSocketImpl.writeRecordInternal(SSLSocketImpl.java:894)
	at sun.security.ssl.SSLSocketImpl.writeRecord(SSLSocketImpl.java:865)
	at sun.security.ssl.SSLSocketImpl.writeRecord(SSLSocketImpl.java:735)
	at sun.security.ssl.Handshaker.sendChangeCipherSpec(Handshaker.java:1189)
	at sun.security.ssl.ClientHandshaker.sendChangeCipherAndFinish(ClientHandshaker.java:1323)
	at sun.security.ssl.ClientHandshaker.serverHelloDone(ClientHandshaker.java:1233)
	at sun.security.ssl.ClientHandshaker.processMessage(ClientHandshaker.java:372)
	at sun.security.ssl.Handshaker.processLoop(Handshaker.java:1082)
	at sun.security.ssl.Handshaker.process_record(Handshaker.java:1010)
	at sun.security.ssl.SSLSocketImpl.readRecord(SSLSocketImpl.java:1079)
	at sun.security.ssl.SSLSocketImpl.performInitialHandshake(SSLSocketImpl.java:1388)
	at sun.security.ssl.SSLSocketImpl.startHandshake(SSLSocketImpl.java:1416)
	at sun.security.ssl.SSLSocketImpl.startHandshake(SSLSocketImpl.java:1400)
	at org.apache.zookeeper.server.quorum.QuorumCnxManager.initiateConnection(QuorumCnxManager.java:386)
	at org.apache.zookeeper.server.quorum.QuorumCnxManager$QuorumConnectionReqThread.run(QuorumCnxManager.java:457)
	at java.util.concurrent.ThreadPoolExecutor.runWorker(ThreadPoolExecutor.java:1149)
	at java.util.concurrent.ThreadPoolExecutor$Worker.run(ThreadPoolExecutor.java:624)
	at java.lang.Thread.run(Thread.java:748)
2020-06-22 14:09:22,561 [myid:] - INFO  [Time-limited test:FourLetterWordMain@93] - connecting to 127.0.0.1 30084
2020-06-22 14:09:22,566 [myid:3] - INFO  [nioEventLoopGroup-19-4:NettyServerCnxn@285] - Processing stat command from /127.0.0.1:63023
2020-06-22 14:09:22,816 [myid:] - INFO  [Time-limited test:FourLetterWordMain@93] - connecting to 127.0.0.1 30084
2020-06-22 14:09:22,823 [myid:3] - INFO  [nioEventLoopGroup-19-5:NettyServerCnxn@285] - Processing stat command from /127.0.0.1:63024
2020-06-22 14:09:23,075 [myid:] - INFO  [Time-limited test:FourLetterWordMain@93] - connecting to 127.0.0.1 30084
2020-06-22 14:09:23,077 [myid:3] - INFO  [nioEventLoopGroup-19-6:NettyServerCnxn@285] - Processing stat command from /127.0.0.1:63028
2020-06-22 14:09:23,144 [myid:3] - INFO  [QuorumPeer[myid=3](plain=[0:0:0:0:0:0:0:0]:30084)(secure=disabled):FastLeaderElection@979] - Notification time out: 1600
2020-06-22 14:09:23,145 [myid:1] - INFO  [ListenerHandler-/127.0.0.1:30088:QuorumCnxManager$Listener$ListenerHandler@1070] - Received connection request from /127.0.0.1:63029
2020-06-22 14:09:23,145 [myid:2] - INFO  [ListenerHandler-/127.0.0.1:30089:QuorumCnxManager$Listener$ListenerHandler@1070] - Received connection request from /127.0.0.1:63030
2020-06-22 14:09:23,208 [myid:1] - ERROR [ListenerHandler-/127.0.0.1:30088:ZKTrustManager@161] - Failed to verify host address: 127.0.0.1
javax.net.ssl.SSLPeerUnverifiedException: Certificate for <127.0.0.1> doesn't match any of the subject alternative names: [localhost]
	at org.apache.zookeeper.common.ZKHostnameVerifier.matchIPAddress(ZKHostnameVerifier.java:197)
	at org.apache.zookeeper.common.ZKHostnameVerifier.verify(ZKHostnameVerifier.java:165)
	at org.apache.zookeeper.common.ZKTrustManager.performHostVerification(ZKTrustManager.java:151)
	at org.apache.zookeeper.common.ZKTrustManager.checkClientTrusted(ZKTrustManager.java:79)
	at sun.security.ssl.ServerHandshaker.clientCertificate(ServerHandshaker.java:2037)
	at sun.security.ssl.ServerHandshaker.processMessage(ServerHandshaker.java:233)
	at sun.security.ssl.Handshaker.processLoop(Handshaker.java:1082)
	at sun.security.ssl.Handshaker.process_record(Handshaker.java:1010)
	at sun.security.ssl.SSLSocketImpl.readRecord(SSLSocketImpl.java:1079)
	at sun.security.ssl.SSLSocketImpl.performInitialHandshake(SSLSocketImpl.java:1388)
	at sun.security.ssl.SSLSocketImpl.startHandshake(SSLSocketImpl.java:1416)
	at sun.security.ssl.SSLSocketImpl.getSession(SSLSocketImpl.java:2309)
	at org.apache.zookeeper.server.quorum.UnifiedServerSocket$UnifiedSocket.detectMode(UnifiedServerSocket.java:269)
	at org.apache.zookeeper.server.quorum.UnifiedServerSocket$UnifiedSocket.getSocket(UnifiedServerSocket.java:298)
	at org.apache.zookeeper.server.quorum.UnifiedServerSocket$UnifiedSocket.access$400(UnifiedServerSocket.java:172)
	at org.apache.zookeeper.server.quorum.UnifiedServerSocket$UnifiedInputStream.getRealInputStream(UnifiedServerSocket.java:699)
	at org.apache.zookeeper.server.quorum.UnifiedServerSocket$UnifiedInputStream.read(UnifiedServerSocket.java:693)
	at java.io.BufferedInputStream.fill(BufferedInputStream.java:246)
	at java.io.BufferedInputStream.read1(BufferedInputStream.java:286)
	at java.io.BufferedInputStream.read(BufferedInputStream.java:345)
	at java.io.DataInputStream.readFully(DataInputStream.java:195)
	at java.io.DataInputStream.readLong(DataInputStream.java:416)
	at org.apache.zookeeper.server.quorum.QuorumCnxManager.handleConnection(QuorumCnxManager.java:601)
	at org.apache.zookeeper.server.quorum.QuorumCnxManager.receiveConnection(QuorumCnxManager.java:554)
	at org.apache.zookeeper.server.quorum.QuorumCnxManager$Listener$ListenerHandler.acceptConnections(QuorumCnxManager.java:1079)
	at org.apache.zookeeper.server.quorum.QuorumCnxManager$Listener$ListenerHandler.run(QuorumCnxManager.java:1033)
	at java.util.concurrent.Executors$RunnableAdapter.call(Executors.java:511)
	at java.util.concurrent.FutureTask.run(FutureTask.java:266)
	at java.util.concurrent.ThreadPoolExecutor.runWorker(ThreadPoolExecutor.java:1149)
	at java.util.concurrent.ThreadPoolExecutor$Worker.run(ThreadPoolExecutor.java:624)
	at java.lang.Thread.run(Thread.java:748)
2020-06-22 14:09:23,208 [myid:2] - ERROR [ListenerHandler-/127.0.0.1:30089:ZKTrustManager@161] - Failed to verify host address: 127.0.0.1
javax.net.ssl.SSLPeerUnverifiedException: Certificate for <127.0.0.1> doesn't match any of the subject alternative names: [localhost]
	at org.apache.zookeeper.common.ZKHostnameVerifier.matchIPAddress(ZKHostnameVerifier.java:197)
	at org.apache.zookeeper.common.ZKHostnameVerifier.verify(ZKHostnameVerifier.java:165)
	at org.apache.zookeeper.common.ZKTrustManager.performHostVerification(ZKTrustManager.java:151)
	at org.apache.zookeeper.common.ZKTrustManager.checkClientTrusted(ZKTrustManager.java:79)
	at sun.security.ssl.ServerHandshaker.clientCertificate(ServerHandshaker.java:2037)
	at sun.security.ssl.ServerHandshaker.processMessage(ServerHandshaker.java:233)
	at sun.security.ssl.Handshaker.processLoop(Handshaker.java:1082)
	at sun.security.ssl.Handshaker.process_record(Handshaker.java:1010)
	at sun.security.ssl.SSLSocketImpl.readRecord(SSLSocketImpl.java:1079)
	at sun.security.ssl.SSLSocketImpl.performInitialHandshake(SSLSocketImpl.java:1388)
	at sun.security.ssl.SSLSocketImpl.startHandshake(SSLSocketImpl.java:1416)
	at sun.security.ssl.SSLSocketImpl.getSession(SSLSocketImpl.java:2309)
	at org.apache.zookeeper.server.quorum.UnifiedServerSocket$UnifiedSocket.detectMode(UnifiedServerSocket.java:269)
	at org.apache.zookeeper.server.quorum.UnifiedServerSocket$UnifiedSocket.getSocket(UnifiedServerSocket.java:298)
	at org.apache.zookeeper.server.quorum.UnifiedServerSocket$UnifiedSocket.access$400(UnifiedServerSocket.java:172)
	at org.apache.zookeeper.server.quorum.UnifiedServerSocket$UnifiedInputStream.getRealInputStream(UnifiedServerSocket.java:699)
	at org.apache.zookeeper.server.quorum.UnifiedServerSocket$UnifiedInputStream.read(UnifiedServerSocket.java:693)
	at java.io.BufferedInputStream.fill(BufferedInputStream.java:246)
	at java.io.BufferedInputStream.read1(BufferedInputStream.java:286)
	at java.io.BufferedInputStream.read(BufferedInputStream.java:345)
	at java.io.DataInputStream.readFully(DataInputStream.java:195)
	at java.io.DataInputStream.readLong(DataInputStream.java:416)
	at org.apache.zookeeper.server.quorum.QuorumCnxManager.handleConnection(QuorumCnxManager.java:601)
	at org.apache.zookeeper.server.quorum.QuorumCnxManager.receiveConnection(QuorumCnxManager.java:554)
	at org.apache.zookeeper.server.quorum.QuorumCnxManager$Listener$ListenerHandler.acceptConnections(QuorumCnxManager.java:1079)
	at org.apache.zookeeper.server.quorum.QuorumCnxManager$Listener$ListenerHandler.run(QuorumCnxManager.java:1033)
	at java.util.concurrent.Executors$RunnableAdapter.call(Executors.java:511)
	at java.util.concurrent.FutureTask.run(FutureTask.java:266)
	at java.util.concurrent.ThreadPoolExecutor.runWorker(ThreadPoolExecutor.java:1149)
	at java.util.concurrent.ThreadPoolExecutor$Worker.run(ThreadPoolExecutor.java:624)
	at java.lang.Thread.run(Thread.java:748)
2020-06-22 14:09:23,208 [myid:1] - ERROR [ListenerHandler-/127.0.0.1:30088:ZKTrustManager@162] - Failed to verify hostname: activate.navicat.com
javax.net.ssl.SSLPeerUnverifiedException: Certificate for <activate.navicat.com> doesn't match any of the subject alternative names: [localhost]
	at org.apache.zookeeper.common.ZKHostnameVerifier.matchDNSName(ZKHostnameVerifier.java:230)
	at org.apache.zookeeper.common.ZKHostnameVerifier.verify(ZKHostnameVerifier.java:171)
	at org.apache.zookeeper.common.ZKTrustManager.performHostVerification(ZKTrustManager.java:159)
	at org.apache.zookeeper.common.ZKTrustManager.checkClientTrusted(ZKTrustManager.java:79)
	at sun.security.ssl.ServerHandshaker.clientCertificate(ServerHandshaker.java:2037)
	at sun.security.ssl.ServerHandshaker.processMessage(ServerHandshaker.java:233)
	at sun.security.ssl.Handshaker.processLoop(Handshaker.java:1082)
	at sun.security.ssl.Handshaker.process_record(Handshaker.java:1010)
	at sun.security.ssl.SSLSocketImpl.readRecord(SSLSocketImpl.java:1079)
	at sun.security.ssl.SSLSocketImpl.performInitialHandshake(SSLSocketImpl.java:1388)
	at sun.security.ssl.SSLSocketImpl.startHandshake(SSLSocketImpl.java:1416)
	at sun.security.ssl.SSLSocketImpl.getSession(SSLSocketImpl.java:2309)
	at org.apache.zookeeper.server.quorum.UnifiedServerSocket$UnifiedSocket.detectMode(UnifiedServerSocket.java:269)
	at org.apache.zookeeper.server.quorum.UnifiedServerSocket$UnifiedSocket.getSocket(UnifiedServerSocket.java:298)
	at org.apache.zookeeper.server.quorum.UnifiedServerSocket$UnifiedSocket.access$400(UnifiedServerSocket.java:172)
	at org.apache.zookeeper.server.quorum.UnifiedServerSocket$UnifiedInputStream.getRealInputStream(UnifiedServerSocket.java:699)
	at org.apache.zookeeper.server.quorum.UnifiedServerSocket$UnifiedInputStream.read(UnifiedServerSocket.java:693)
	at java.io.BufferedInputStream.fill(BufferedInputStream.java:246)
	at java.io.BufferedInputStream.read1(BufferedInputStream.java:286)
	at java.io.BufferedInputStream.read(BufferedInputStream.java:345)
	at java.io.DataInputStream.readFully(DataInputStream.java:195)
	at java.io.DataInputStream.readLong(DataInputStream.java:416)
	at org.apache.zookeeper.server.quorum.QuorumCnxManager.handleConnection(QuorumCnxManager.java:601)
	at org.apache.zookeeper.server.quorum.QuorumCnxManager.receiveConnection(QuorumCnxManager.java:554)
	at org.apache.zookeeper.server.quorum.QuorumCnxManager$Listener$ListenerHandler.acceptConnections(QuorumCnxManager.java:1079)
	at org.apache.zookeeper.server.quorum.QuorumCnxManager$Listener$ListenerHandler.run(QuorumCnxManager.java:1033)
	at java.util.concurrent.Executors$RunnableAdapter.call(Executors.java:511)
	at java.util.concurrent.FutureTask.run(FutureTask.java:266)
	at java.util.concurrent.ThreadPoolExecutor.runWorker(ThreadPoolExecutor.java:1149)
	at java.util.concurrent.ThreadPoolExecutor$Worker.run(ThreadPoolExecutor.java:624)
	at java.lang.Thread.run(Thread.java:748)
2020-06-22 14:09:23,208 [myid:2] - ERROR [ListenerHandler-/127.0.0.1:30089:ZKTrustManager@162] - Failed to verify hostname: activate.navicat.com
javax.net.ssl.SSLPeerUnverifiedException: Certificate for <activate.navicat.com> doesn't match any of the subject alternative names: [localhost]
	at org.apache.zookeeper.common.ZKHostnameVerifier.matchDNSName(ZKHostnameVerifier.java:230)
	at org.apache.zookeeper.common.ZKHostnameVerifier.verify(ZKHostnameVerifier.java:171)
	at org.apache.zookeeper.common.ZKTrustManager.performHostVerification(ZKTrustManager.java:159)
	at org.apache.zookeeper.common.ZKTrustManager.checkClientTrusted(ZKTrustManager.java:79)
	at sun.security.ssl.ServerHandshaker.clientCertificate(ServerHandshaker.java:2037)
	at sun.security.ssl.ServerHandshaker.processMessage(ServerHandshaker.java:233)
	at sun.security.ssl.Handshaker.processLoop(Handshaker.java:1082)
	at sun.security.ssl.Handshaker.process_record(Handshaker.java:1010)
	at sun.security.ssl.SSLSocketImpl.readRecord(SSLSocketImpl.java:1079)
	at sun.security.ssl.SSLSocketImpl.performInitialHandshake(SSLSocketImpl.java:1388)
	at sun.security.ssl.SSLSocketImpl.startHandshake(SSLSocketImpl.java:1416)
	at sun.security.ssl.SSLSocketImpl.getSession(SSLSocketImpl.java:2309)
	at org.apache.zookeeper.server.quorum.UnifiedServerSocket$UnifiedSocket.detectMode(UnifiedServerSocket.java:269)
	at org.apache.zookeeper.server.quorum.UnifiedServerSocket$UnifiedSocket.getSocket(UnifiedServerSocket.java:298)
	at org.apache.zookeeper.server.quorum.UnifiedServerSocket$UnifiedSocket.access$400(UnifiedServerSocket.java:172)
	at org.apache.zookeeper.server.quorum.UnifiedServerSocket$UnifiedInputStream.getRealInputStream(UnifiedServerSocket.java:699)
	at org.apache.zookeeper.server.quorum.UnifiedServerSocket$UnifiedInputStream.read(UnifiedServerSocket.java:693)
	at java.io.BufferedInputStream.fill(BufferedInputStream.java:246)
	at java.io.BufferedInputStream.read1(BufferedInputStream.java:286)
	at java.io.BufferedInputStream.read(BufferedInputStream.java:345)
	at java.io.DataInputStream.readFully(DataInputStream.java:195)
	at java.io.DataInputStream.readLong(DataInputStream.java:416)
	at org.apache.zookeeper.server.quorum.QuorumCnxManager.handleConnection(QuorumCnxManager.java:601)
	at org.apache.zookeeper.server.quorum.QuorumCnxManager.receiveConnection(QuorumCnxManager.java:554)
	at org.apache.zookeeper.server.quorum.QuorumCnxManager$Listener$ListenerHandler.acceptConnections(QuorumCnxManager.java:1079)
	at org.apache.zookeeper.server.quorum.QuorumCnxManager$Listener$ListenerHandler.run(QuorumCnxManager.java:1033)
	at java.util.concurrent.Executors$RunnableAdapter.call(Executors.java:511)
	at java.util.concurrent.FutureTask.run(FutureTask.java:266)
	at java.util.concurrent.ThreadPoolExecutor.runWorker(ThreadPoolExecutor.java:1149)
	at java.util.concurrent.ThreadPoolExecutor$Worker.run(ThreadPoolExecutor.java:624)
	at java.lang.Thread.run(Thread.java:748)
2020-06-22 14:09:23,211 [myid:2] - INFO  [ListenerHandler-/127.0.0.1:30089:UnifiedServerSocket$UnifiedSocket@266] - Accepted TLS connection from activate.navicat.com/127.0.0.1:63030 - NONE - SSL_NULL_WITH_NULL_NULL
2020-06-22 14:09:23,211 [myid:2] - WARN  [ListenerHandler-/127.0.0.1:30089:QuorumCnxManager@629] - Exception reading or writing challenge
javax.net.ssl.SSLException: Connection has been shutdown: javax.net.ssl.SSLHandshakeException: java.security.cert.CertificateException: Failed to verify both host address and host name
	at sun.security.ssl.SSLSocketImpl.checkEOF(SSLSocketImpl.java:1554)
	at sun.security.ssl.AppInputStream.read(AppInputStream.java:95)
	at org.apache.zookeeper.server.quorum.UnifiedServerSocket$UnifiedInputStream.read(UnifiedServerSocket.java:693)
	at java.io.BufferedInputStream.fill(BufferedInputStream.java:246)
	at java.io.BufferedInputStream.read1(BufferedInputStream.java:286)
	at java.io.BufferedInputStream.read(BufferedInputStream.java:345)
	at java.io.DataInputStream.readFully(DataInputStream.java:195)
	at java.io.DataInputStream.readLong(DataInputStream.java:416)
	at org.apache.zookeeper.server.quorum.QuorumCnxManager.handleConnection(QuorumCnxManager.java:601)
	at org.apache.zookeeper.server.quorum.QuorumCnxManager.receiveConnection(QuorumCnxManager.java:554)
	at org.apache.zookeeper.server.quorum.QuorumCnxManager$Listener$ListenerHandler.acceptConnections(QuorumCnxManager.java:1079)
	at org.apache.zookeeper.server.quorum.QuorumCnxManager$Listener$ListenerHandler.run(QuorumCnxManager.java:1033)
	at java.util.concurrent.Executors$RunnableAdapter.call(Executors.java:511)
	at java.util.concurrent.FutureTask.run(FutureTask.java:266)
	at java.util.concurrent.ThreadPoolExecutor.runWorker(ThreadPoolExecutor.java:1149)
	at java.util.concurrent.ThreadPoolExecutor$Worker.run(ThreadPoolExecutor.java:624)
	at java.lang.Thread.run(Thread.java:748)
Caused by: javax.net.ssl.SSLHandshakeException: java.security.cert.CertificateException: Failed to verify both host address and host name
	at sun.security.ssl.Alerts.getSSLException(Alerts.java:198)
	at sun.security.ssl.SSLSocketImpl.fatal(SSLSocketImpl.java:1967)
	at sun.security.ssl.Handshaker.fatalSE(Handshaker.java:331)
	at sun.security.ssl.Handshaker.fatalSE(Handshaker.java:325)
	at sun.security.ssl.ServerHandshaker.clientCertificate(ServerHandshaker.java:2055)
	at sun.security.ssl.ServerHandshaker.processMessage(ServerHandshaker.java:233)
	at sun.security.ssl.Handshaker.processLoop(Handshaker.java:1082)
	at sun.security.ssl.Handshaker.process_record(Handshaker.java:1010)
	at sun.security.ssl.SSLSocketImpl.readRecord(SSLSocketImpl.java:1079)
	at sun.security.ssl.SSLSocketImpl.performInitialHandshake(SSLSocketImpl.java:1388)
	at sun.security.ssl.SSLSocketImpl.startHandshake(SSLSocketImpl.java:1416)
	at sun.security.ssl.SSLSocketImpl.getSession(SSLSocketImpl.java:2309)
	at org.apache.zookeeper.server.quorum.UnifiedServerSocket$UnifiedSocket.detectMode(UnifiedServerSocket.java:269)
	at org.apache.zookeeper.server.quorum.UnifiedServerSocket$UnifiedSocket.getSocket(UnifiedServerSocket.java:298)
	at org.apache.zookeeper.server.quorum.UnifiedServerSocket$UnifiedSocket.access$400(UnifiedServerSocket.java:172)
	at org.apache.zookeeper.server.quorum.UnifiedServerSocket$UnifiedInputStream.getRealInputStream(UnifiedServerSocket.java:699)
	... 15 more
Caused by: java.security.cert.CertificateException: Failed to verify both host address and host name
	at org.apache.zookeeper.common.ZKTrustManager.performHostVerification(ZKTrustManager.java:163)
	at org.apache.zookeeper.common.ZKTrustManager.checkClientTrusted(ZKTrustManager.java:79)
	at sun.security.ssl.ServerHandshaker.clientCertificate(ServerHandshaker.java:2037)
	... 26 more
Caused by: javax.net.ssl.SSLPeerUnverifiedException: Certificate for <activate.navicat.com> doesn't match any of the subject alternative names: [localhost]
	at org.apache.zookeeper.common.ZKHostnameVerifier.matchDNSName(ZKHostnameVerifier.java:230)
	at org.apache.zookeeper.common.ZKHostnameVerifier.verify(ZKHostnameVerifier.java:171)
	at org.apache.zookeeper.common.ZKTrustManager.performHostVerification(ZKTrustManager.java:159)
	... 28 more
2020-06-22 14:09:23,211 [myid:1] - INFO  [ListenerHandler-/127.0.0.1:30088:UnifiedServerSocket$UnifiedSocket@266] - Accepted TLS connection from activate.navicat.com/127.0.0.1:63029 - NONE - SSL_NULL_WITH_NULL_NULL
2020-06-22 14:09:23,212 [myid:1] - WARN  [ListenerHandler-/127.0.0.1:30088:QuorumCnxManager@629] - Exception reading or writing challenge
javax.net.ssl.SSLException: Connection has been shutdown: javax.net.ssl.SSLHandshakeException: java.security.cert.CertificateException: Failed to verify both host address and host name
	at sun.security.ssl.SSLSocketImpl.checkEOF(SSLSocketImpl.java:1554)
	at sun.security.ssl.AppInputStream.read(AppInputStream.java:95)
	at org.apache.zookeeper.server.quorum.UnifiedServerSocket$UnifiedInputStream.read(UnifiedServerSocket.java:693)
	at java.io.BufferedInputStream.fill(BufferedInputStream.java:246)
	at java.io.BufferedInputStream.read1(BufferedInputStream.java:286)
	at java.io.BufferedInputStream.read(BufferedInputStream.java:345)
	at java.io.DataInputStream.readFully(DataInputStream.java:195)
	at java.io.DataInputStream.readLong(DataInputStream.java:416)
	at org.apache.zookeeper.server.quorum.QuorumCnxManager.handleConnection(QuorumCnxManager.java:601)
	at org.apache.zookeeper.server.quorum.QuorumCnxManager.receiveConnection(QuorumCnxManager.java:554)
	at org.apache.zookeeper.server.quorum.QuorumCnxManager$Listener$ListenerHandler.acceptConnections(QuorumCnxManager.java:1079)
	at org.apache.zookeeper.server.quorum.QuorumCnxManager$Listener$ListenerHandler.run(QuorumCnxManager.java:1033)
	at java.util.concurrent.Executors$RunnableAdapter.call(Executors.java:511)
	at java.util.concurrent.FutureTask.run(FutureTask.java:266)
	at java.util.concurrent.ThreadPoolExecutor.runWorker(ThreadPoolExecutor.java:1149)
	at java.util.concurrent.ThreadPoolExecutor$Worker.run(ThreadPoolExecutor.java:624)
	at java.lang.Thread.run(Thread.java:748)
Caused by: javax.net.ssl.SSLHandshakeException: java.security.cert.CertificateException: Failed to verify both host address and host name
	at sun.security.ssl.Alerts.getSSLException(Alerts.java:198)
	at sun.security.ssl.SSLSocketImpl.fatal(SSLSocketImpl.java:1967)
	at sun.security.ssl.Handshaker.fatalSE(Handshaker.java:331)
	at sun.security.ssl.Handshaker.fatalSE(Handshaker.java:325)
	at sun.security.ssl.ServerHandshaker.clientCertificate(ServerHandshaker.java:2055)
	at sun.security.ssl.ServerHandshaker.processMessage(ServerHandshaker.java:233)
	at sun.security.ssl.Handshaker.processLoop(Handshaker.java:1082)
	at sun.security.ssl.Handshaker.process_record(Handshaker.java:1010)
	at sun.security.ssl.SSLSocketImpl.readRecord(SSLSocketImpl.java:1079)
	at sun.security.ssl.SSLSocketImpl.performInitialHandshake(SSLSocketImpl.java:1388)
	at sun.security.ssl.SSLSocketImpl.startHandshake(SSLSocketImpl.java:1416)
	at sun.security.ssl.SSLSocketImpl.getSession(SSLSocketImpl.java:2309)
	at org.apache.zookeeper.server.quorum.UnifiedServerSocket$UnifiedSocket.detectMode(UnifiedServerSocket.java:269)
	at org.apache.zookeeper.server.quorum.UnifiedServerSocket$UnifiedSocket.getSocket(UnifiedServerSocket.java:298)
	at org.apache.zookeeper.server.quorum.UnifiedServerSocket$UnifiedSocket.access$400(UnifiedServerSocket.java:172)
	at org.apache.zookeeper.server.quorum.UnifiedServerSocket$UnifiedInputStream.getRealInputStream(UnifiedServerSocket.java:699)
	... 15 more
Caused by: java.security.cert.CertificateException: Failed to verify both host address and host name
	at org.apache.zookeeper.common.ZKTrustManager.performHostVerification(ZKTrustManager.java:163)
	at org.apache.zookeeper.common.ZKTrustManager.checkClientTrusted(ZKTrustManager.java:79)
	at sun.security.ssl.ServerHandshaker.clientCertificate(ServerHandshaker.java:2037)
	... 26 more
Caused by: javax.net.ssl.SSLPeerUnverifiedException: Certificate for <activate.navicat.com> doesn't match any of the subject alternative names: [localhost]
	at org.apache.zookeeper.common.ZKHostnameVerifier.matchDNSName(ZKHostnameVerifier.java:230)
	at org.apache.zookeeper.common.ZKHostnameVerifier.verify(ZKHostnameVerifier.java:171)
	at org.apache.zookeeper.common.ZKTrustManager.performHostVerification(ZKTrustManager.java:159)
	... 28 more
2020-06-22 14:09:23,261 [myid:3] - WARN  [QuorumConnectionThread-[myid=3]-3:QuorumCnxManager@400] - Cannot open channel to 2 at election address /127.0.0.1:30089
java.net.SocketException: Software caused connection abort: socket write error
	at java.net.SocketOutputStream.socketWrite0(Native Method)
	at java.net.SocketOutputStream.socketWrite(SocketOutputStream.java:111)
	at java.net.SocketOutputStream.write(SocketOutputStream.java:155)
	at sun.security.ssl.OutputRecord.writeBuffer(OutputRecord.java:431)
	at sun.security.ssl.OutputRecord.write(OutputRecord.java:417)
	at sun.security.ssl.SSLSocketImpl.writeRecordInternal(SSLSocketImpl.java:894)
	at sun.security.ssl.SSLSocketImpl.writeRecord(SSLSocketImpl.java:865)
	at sun.security.ssl.SSLSocketImpl.writeRecord(SSLSocketImpl.java:735)
	at sun.security.ssl.Handshaker.sendChangeCipherSpec(Handshaker.java:1189)
	at sun.security.ssl.ClientHandshaker.sendChangeCipherAndFinish(ClientHandshaker.java:1323)
	at sun.security.ssl.ClientHandshaker.serverHelloDone(ClientHandshaker.java:1233)
	at sun.security.ssl.ClientHandshaker.processMessage(ClientHandshaker.java:372)
	at sun.security.ssl.Handshaker.processLoop(Handshaker.java:1082)
	at sun.security.ssl.Handshaker.process_record(Handshaker.java:1010)
	at sun.security.ssl.SSLSocketImpl.readRecord(SSLSocketImpl.java:1079)
	at sun.security.ssl.SSLSocketImpl.performInitialHandshake(SSLSocketImpl.java:1388)
	at sun.security.ssl.SSLSocketImpl.startHandshake(SSLSocketImpl.java:1416)
	at sun.security.ssl.SSLSocketImpl.startHandshake(SSLSocketImpl.java:1400)
	at org.apache.zookeeper.server.quorum.QuorumCnxManager.initiateConnection(QuorumCnxManager.java:386)
	at org.apache.zookeeper.server.quorum.QuorumCnxManager$QuorumConnectionReqThread.run(QuorumCnxManager.java:457)
	at java.util.concurrent.ThreadPoolExecutor.runWorker(ThreadPoolExecutor.java:1149)
	at java.util.concurrent.ThreadPoolExecutor$Worker.run(ThreadPoolExecutor.java:624)
	at java.lang.Thread.run(Thread.java:748)
2020-06-22 14:09:23,273 [myid:3] - WARN  [QuorumConnectionThread-[myid=3]-1:QuorumCnxManager@400] - Cannot open channel to 1 at election address /127.0.0.1:30088
java.net.SocketException: Software caused connection abort: socket write error
	at java.net.SocketOutputStream.socketWrite0(Native Method)
	at java.net.SocketOutputStream.socketWrite(SocketOutputStream.java:111)
	at java.net.SocketOutputStream.write(SocketOutputStream.java:155)
	at sun.security.ssl.OutputRecord.writeBuffer(OutputRecord.java:431)
	at sun.security.ssl.OutputRecord.write(OutputRecord.java:417)
	at sun.security.ssl.SSLSocketImpl.writeRecordInternal(SSLSocketImpl.java:894)
	at sun.security.ssl.SSLSocketImpl.writeRecord(SSLSocketImpl.java:865)
	at sun.security.ssl.SSLSocketImpl.writeRecord(SSLSocketImpl.java:735)
	at sun.security.ssl.Handshaker.sendChangeCipherSpec(Handshaker.java:1189)
	at sun.security.ssl.ClientHandshaker.sendChangeCipherAndFinish(ClientHandshaker.java:1323)
	at sun.security.ssl.ClientHandshaker.serverHelloDone(ClientHandshaker.java:1233)
	at sun.security.ssl.ClientHandshaker.processMessage(ClientHandshaker.java:372)
	at sun.security.ssl.Handshaker.processLoop(Handshaker.java:1082)
	at sun.security.ssl.Handshaker.process_record(Handshaker.java:1010)
	at sun.security.ssl.SSLSocketImpl.readRecord(SSLSocketImpl.java:1079)
	at sun.security.ssl.SSLSocketImpl.performInitialHandshake(SSLSocketImpl.java:1388)
	at sun.security.ssl.SSLSocketImpl.startHandshake(SSLSocketImpl.java:1416)
	at sun.security.ssl.SSLSocketImpl.startHandshake(SSLSocketImpl.java:1400)
	at org.apache.zookeeper.server.quorum.QuorumCnxManager.initiateConnection(QuorumCnxManager.java:386)
	at org.apache.zookeeper.server.quorum.QuorumCnxManager$QuorumConnectionReqThread.run(QuorumCnxManager.java:457)
	at java.util.concurrent.ThreadPoolExecutor.runWorker(ThreadPoolExecutor.java:1149)
	at java.util.concurrent.ThreadPoolExecutor$Worker.run(ThreadPoolExecutor.java:624)
	at java.lang.Thread.run(Thread.java:748)
2020-06-22 14:09:23,328 [myid:] - INFO  [Time-limited test:FourLetterWordMain@93] - connecting to 127.0.0.1 30084
2020-06-22 14:09:23,332 [myid:3] - INFO  [nioEventLoopGroup-19-7:NettyServerCnxn@285] - Processing stat command from /127.0.0.1:63031
2020-06-22 14:09:23,583 [myid:] - INFO  [Time-limited test:FourLetterWordMain@93] - connecting to 127.0.0.1 30084
2020-06-22 14:09:23,585 [myid:3] - INFO  [nioEventLoopGroup-19-8:NettyServerCnxn@285] - Processing stat command from /127.0.0.1:63033
2020-06-22 14:09:23,837 [myid:] - INFO  [Time-limited test:FourLetterWordMain@93] - connecting to 127.0.0.1 30084
2020-06-22 14:09:23,838 [myid:3] - INFO  [nioEventLoopGroup-19-9:NettyServerCnxn@285] - Processing stat command from /127.0.0.1:63036
2020-06-22 14:09:24,089 [myid:] - INFO  [Time-limited test:FourLetterWordMain@93] - connecting to 127.0.0.1 30084
2020-06-22 14:09:24,090 [myid:3] - INFO  [nioEventLoopGroup-19-10:NettyServerCnxn@285] - Processing stat command from /127.0.0.1:63039
2020-06-22 14:09:24,341 [myid:] - INFO  [Time-limited test:FourLetterWordMain@93] - connecting to 127.0.0.1 30084
2020-06-22 14:09:24,342 [myid:3] - INFO  [nioEventLoopGroup-19-11:NettyServerCnxn@285] - Processing stat command from /127.0.0.1:63040
2020-06-22 14:09:24,593 [myid:] - INFO  [Time-limited test:FourLetterWordMain@93] - connecting to 127.0.0.1 30084
2020-06-22 14:09:24,594 [myid:3] - INFO  [nioEventLoopGroup-19-12:NettyServerCnxn@285] - Processing stat command from /127.0.0.1:63042
2020-06-22 14:09:24,748 [myid:3] - INFO  [QuorumPeer[myid=3](plain=[0:0:0:0:0:0:0:0]:30084)(secure=disabled):FastLeaderElection@979] - Notification time out: 3200
2020-06-22 14:09:24,748 [myid:1] - INFO  [ListenerHandler-/127.0.0.1:30088:QuorumCnxManager$Listener$ListenerHandler@1070] - Received connection request from /127.0.0.1:63044
2020-06-22 14:09:24,748 [myid:2] - INFO  [ListenerHandler-/127.0.0.1:30089:QuorumCnxManager$Listener$ListenerHandler@1070] - Received connection request from /127.0.0.1:63045
2020-06-22 14:09:24,798 [myid:1] - ERROR [ListenerHandler-/127.0.0.1:30088:ZKTrustManager@161] - Failed to verify host address: 127.0.0.1
javax.net.ssl.SSLPeerUnverifiedException: Certificate for <127.0.0.1> doesn't match any of the subject alternative names: [localhost]
	at org.apache.zookeeper.common.ZKHostnameVerifier.matchIPAddress(ZKHostnameVerifier.java:197)
	at org.apache.zookeeper.common.ZKHostnameVerifier.verify(ZKHostnameVerifier.java:165)
	at org.apache.zookeeper.common.ZKTrustManager.performHostVerification(ZKTrustManager.java:151)
	at org.apache.zookeeper.common.ZKTrustManager.checkClientTrusted(ZKTrustManager.java:79)
	at sun.security.ssl.ServerHandshaker.clientCertificate(ServerHandshaker.java:2037)
	at sun.security.ssl.ServerHandshaker.processMessage(ServerHandshaker.java:233)
	at sun.security.ssl.Handshaker.processLoop(Handshaker.java:1082)
	at sun.security.ssl.Handshaker.process_record(Handshaker.java:1010)
	at sun.security.ssl.SSLSocketImpl.readRecord(SSLSocketImpl.java:1079)
	at sun.security.ssl.SSLSocketImpl.performInitialHandshake(SSLSocketImpl.java:1388)
	at sun.security.ssl.SSLSocketImpl.startHandshake(SSLSocketImpl.java:1416)
	at sun.security.ssl.SSLSocketImpl.getSession(SSLSocketImpl.java:2309)
	at org.apache.zookeeper.server.quorum.UnifiedServerSocket$UnifiedSocket.detectMode(UnifiedServerSocket.java:269)
	at org.apache.zookeeper.server.quorum.UnifiedServerSocket$UnifiedSocket.getSocket(UnifiedServerSocket.java:298)
	at org.apache.zookeeper.server.quorum.UnifiedServerSocket$UnifiedSocket.access$400(UnifiedServerSocket.java:172)
	at org.apache.zookeeper.server.quorum.UnifiedServerSocket$UnifiedInputStream.getRealInputStream(UnifiedServerSocket.java:699)
	at org.apache.zookeeper.server.quorum.UnifiedServerSocket$UnifiedInputStream.read(UnifiedServerSocket.java:693)
	at java.io.BufferedInputStream.fill(BufferedInputStream.java:246)
	at java.io.BufferedInputStream.read1(BufferedInputStream.java:286)
	at java.io.BufferedInputStream.read(BufferedInputStream.java:345)
	at java.io.DataInputStream.readFully(DataInputStream.java:195)
	at java.io.DataInputStream.readLong(DataInputStream.java:416)
	at org.apache.zookeeper.server.quorum.QuorumCnxManager.handleConnection(QuorumCnxManager.java:601)
	at org.apache.zookeeper.server.quorum.QuorumCnxManager.receiveConnection(QuorumCnxManager.java:554)
	at org.apache.zookeeper.server.quorum.QuorumCnxManager$Listener$ListenerHandler.acceptConnections(QuorumCnxManager.java:1079)
	at org.apache.zookeeper.server.quorum.QuorumCnxManager$Listener$ListenerHandler.run(QuorumCnxManager.java:1033)
	at java.util.concurrent.Executors$RunnableAdapter.call(Executors.java:511)
	at java.util.concurrent.FutureTask.run(FutureTask.java:266)
	at java.util.concurrent.ThreadPoolExecutor.runWorker(ThreadPoolExecutor.java:1149)
	at java.util.concurrent.ThreadPoolExecutor$Worker.run(ThreadPoolExecutor.java:624)
	at java.lang.Thread.run(Thread.java:748)
2020-06-22 14:09:24,799 [myid:1] - ERROR [ListenerHandler-/127.0.0.1:30088:ZKTrustManager@162] - Failed to verify hostname: activate.navicat.com
javax.net.ssl.SSLPeerUnverifiedException: Certificate for <activate.navicat.com> doesn't match any of the subject alternative names: [localhost]
	at org.apache.zookeeper.common.ZKHostnameVerifier.matchDNSName(ZKHostnameVerifier.java:230)
	at org.apache.zookeeper.common.ZKHostnameVerifier.verify(ZKHostnameVerifier.java:171)
	at org.apache.zookeeper.common.ZKTrustManager.performHostVerification(ZKTrustManager.java:159)
	at org.apache.zookeeper.common.ZKTrustManager.checkClientTrusted(ZKTrustManager.java:79)
	at sun.security.ssl.ServerHandshaker.clientCertificate(ServerHandshaker.java:2037)
	at sun.security.ssl.ServerHandshaker.processMessage(ServerHandshaker.java:233)
	at sun.security.ssl.Handshaker.processLoop(Handshaker.java:1082)
	at sun.security.ssl.Handshaker.process_record(Handshaker.java:1010)
	at sun.security.ssl.SSLSocketImpl.readRecord(SSLSocketImpl.java:1079)
	at sun.security.ssl.SSLSocketImpl.performInitialHandshake(SSLSocketImpl.java:1388)
	at sun.security.ssl.SSLSocketImpl.startHandshake(SSLSocketImpl.java:1416)
	at sun.security.ssl.SSLSocketImpl.getSession(SSLSocketImpl.java:2309)
	at org.apache.zookeeper.server.quorum.UnifiedServerSocket$UnifiedSocket.detectMode(UnifiedServerSocket.java:269)
	at org.apache.zookeeper.server.quorum.UnifiedServerSocket$UnifiedSocket.getSocket(UnifiedServerSocket.java:298)
	at org.apache.zookeeper.server.quorum.UnifiedServerSocket$UnifiedSocket.access$400(UnifiedServerSocket.java:172)
	at org.apache.zookeeper.server.quorum.UnifiedServerSocket$UnifiedInputStream.getRealInputStream(UnifiedServerSocket.java:699)
	at org.apache.zookeeper.server.quorum.UnifiedServerSocket$UnifiedInputStream.read(UnifiedServerSocket.java:693)
	at java.io.BufferedInputStream.fill(BufferedInputStream.java:246)
	at java.io.BufferedInputStream.read1(BufferedInputStream.java:286)
	at java.io.BufferedInputStream.read(BufferedInputStream.java:345)
	at java.io.DataInputStream.readFully(DataInputStream.java:195)
	at java.io.DataInputStream.readLong(DataInputStream.java:416)
	at org.apache.zookeeper.server.quorum.QuorumCnxManager.handleConnection(QuorumCnxManager.java:601)
	at org.apache.zookeeper.server.quorum.QuorumCnxManager.receiveConnection(QuorumCnxManager.java:554)
	at org.apache.zookeeper.server.quorum.QuorumCnxManager$Listener$ListenerHandler.acceptConnections(QuorumCnxManager.java:1079)
	at org.apache.zookeeper.server.quorum.QuorumCnxManager$Listener$ListenerHandler.run(QuorumCnxManager.java:1033)
	at java.util.concurrent.Executors$RunnableAdapter.call(Executors.java:511)
	at java.util.concurrent.FutureTask.run(FutureTask.java:266)
	at java.util.concurrent.ThreadPoolExecutor.runWorker(ThreadPoolExecutor.java:1149)
	at java.util.concurrent.ThreadPoolExecutor$Worker.run(ThreadPoolExecutor.java:624)
	at java.lang.Thread.run(Thread.java:748)
2020-06-22 14:09:24,799 [myid:1] - INFO  [ListenerHandler-/127.0.0.1:30088:UnifiedServerSocket$UnifiedSocket@266] - Accepted TLS connection from activate.navicat.com/127.0.0.1:63044 - NONE - SSL_NULL_WITH_NULL_NULL
2020-06-22 14:09:24,799 [myid:1] - WARN  [ListenerHandler-/127.0.0.1:30088:QuorumCnxManager@629] - Exception reading or writing challenge
javax.net.ssl.SSLException: Connection has been shutdown: javax.net.ssl.SSLHandshakeException: java.security.cert.CertificateException: Failed to verify both host address and host name
	at sun.security.ssl.SSLSocketImpl.checkEOF(SSLSocketImpl.java:1554)
	at sun.security.ssl.AppInputStream.read(AppInputStream.java:95)
	at org.apache.zookeeper.server.quorum.UnifiedServerSocket$UnifiedInputStream.read(UnifiedServerSocket.java:693)
	at java.io.BufferedInputStream.fill(BufferedInputStream.java:246)
	at java.io.BufferedInputStream.read1(BufferedInputStream.java:286)
	at java.io.BufferedInputStream.read(BufferedInputStream.java:345)
	at java.io.DataInputStream.readFully(DataInputStream.java:195)
	at java.io.DataInputStream.readLong(DataInputStream.java:416)
	at org.apache.zookeeper.server.quorum.QuorumCnxManager.handleConnection(QuorumCnxManager.java:601)
	at org.apache.zookeeper.server.quorum.QuorumCnxManager.receiveConnection(QuorumCnxManager.java:554)
	at org.apache.zookeeper.server.quorum.QuorumCnxManager$Listener$ListenerHandler.acceptConnections(QuorumCnxManager.java:1079)
	at org.apache.zookeeper.server.quorum.QuorumCnxManager$Listener$ListenerHandler.run(QuorumCnxManager.java:1033)
	at java.util.concurrent.Executors$RunnableAdapter.call(Executors.java:511)
	at java.util.concurrent.FutureTask.run(FutureTask.java:266)
	at java.util.concurrent.ThreadPoolExecutor.runWorker(ThreadPoolExecutor.java:1149)
	at java.util.concurrent.ThreadPoolExecutor$Worker.run(ThreadPoolExecutor.java:624)
	at java.lang.Thread.run(Thread.java:748)
Caused by: javax.net.ssl.SSLHandshakeException: java.security.cert.CertificateException: Failed to verify both host address and host name
	at sun.security.ssl.Alerts.getSSLException(Alerts.java:198)
	at sun.security.ssl.SSLSocketImpl.fatal(SSLSocketImpl.java:1967)
	at sun.security.ssl.Handshaker.fatalSE(Handshaker.java:331)
	at sun.security.ssl.Handshaker.fatalSE(Handshaker.java:325)
	at sun.security.ssl.ServerHandshaker.clientCertificate(ServerHandshaker.java:2055)
	at sun.security.ssl.ServerHandshaker.processMessage(ServerHandshaker.java:233)
	at sun.security.ssl.Handshaker.processLoop(Handshaker.java:1082)
	at sun.security.ssl.Handshaker.process_record(Handshaker.java:1010)
	at sun.security.ssl.SSLSocketImpl.readRecord(SSLSocketImpl.java:1079)
	at sun.security.ssl.SSLSocketImpl.performInitialHandshake(SSLSocketImpl.java:1388)
	at sun.security.ssl.SSLSocketImpl.startHandshake(SSLSocketImpl.java:1416)
	at sun.security.ssl.SSLSocketImpl.getSession(SSLSocketImpl.java:2309)
	at org.apache.zookeeper.server.quorum.UnifiedServerSocket$UnifiedSocket.detectMode(UnifiedServerSocket.java:269)
	at org.apache.zookeeper.server.quorum.UnifiedServerSocket$UnifiedSocket.getSocket(UnifiedServerSocket.java:298)
	at org.apache.zookeeper.server.quorum.UnifiedServerSocket$UnifiedSocket.access$400(UnifiedServerSocket.java:172)
	at org.apache.zookeeper.server.quorum.UnifiedServerSocket$UnifiedInputStream.getRealInputStream(UnifiedServerSocket.java:699)
	... 15 more
Caused by: java.security.cert.CertificateException: Failed to verify both host address and host name
	at org.apache.zookeeper.common.ZKTrustManager.performHostVerification(ZKTrustManager.java:163)
	at org.apache.zookeeper.common.ZKTrustManager.checkClientTrusted(ZKTrustManager.java:79)
	at sun.security.ssl.ServerHandshaker.clientCertificate(ServerHandshaker.java:2037)
	... 26 more
Caused by: javax.net.ssl.SSLPeerUnverifiedException: Certificate for <activate.navicat.com> doesn't match any of the subject alternative names: [localhost]
	at org.apache.zookeeper.common.ZKHostnameVerifier.matchDNSName(ZKHostnameVerifier.java:230)
	at org.apache.zookeeper.common.ZKHostnameVerifier.verify(ZKHostnameVerifier.java:171)
	at org.apache.zookeeper.common.ZKTrustManager.performHostVerification(ZKTrustManager.java:159)
	... 28 more
2020-06-22 14:09:24,802 [myid:2] - ERROR [ListenerHandler-/127.0.0.1:30089:ZKTrustManager@161] - Failed to verify host address: 127.0.0.1
javax.net.ssl.SSLPeerUnverifiedException: Certificate for <127.0.0.1> doesn't match any of the subject alternative names: [localhost]
	at org.apache.zookeeper.common.ZKHostnameVerifier.matchIPAddress(ZKHostnameVerifier.java:197)
	at org.apache.zookeeper.common.ZKHostnameVerifier.verify(ZKHostnameVerifier.java:165)
	at org.apache.zookeeper.common.ZKTrustManager.performHostVerification(ZKTrustManager.java:151)
	at org.apache.zookeeper.common.ZKTrustManager.checkClientTrusted(ZKTrustManager.java:79)
	at sun.security.ssl.ServerHandshaker.clientCertificate(ServerHandshaker.java:2037)
	at sun.security.ssl.ServerHandshaker.processMessage(ServerHandshaker.java:233)
	at sun.security.ssl.Handshaker.processLoop(Handshaker.java:1082)
	at sun.security.ssl.Handshaker.process_record(Handshaker.java:1010)
	at sun.security.ssl.SSLSocketImpl.readRecord(SSLSocketImpl.java:1079)
	at sun.security.ssl.SSLSocketImpl.performInitialHandshake(SSLSocketImpl.java:1388)
	at sun.security.ssl.SSLSocketImpl.startHandshake(SSLSocketImpl.java:1416)
	at sun.security.ssl.SSLSocketImpl.getSession(SSLSocketImpl.java:2309)
	at org.apache.zookeeper.server.quorum.UnifiedServerSocket$UnifiedSocket.detectMode(UnifiedServerSocket.java:269)
	at org.apache.zookeeper.server.quorum.UnifiedServerSocket$UnifiedSocket.getSocket(UnifiedServerSocket.java:298)
	at org.apache.zookeeper.server.quorum.UnifiedServerSocket$UnifiedSocket.access$400(UnifiedServerSocket.java:172)
	at org.apache.zookeeper.server.quorum.UnifiedServerSocket$UnifiedInputStream.getRealInputStream(UnifiedServerSocket.java:699)
	at org.apache.zookeeper.server.quorum.UnifiedServerSocket$UnifiedInputStream.read(UnifiedServerSocket.java:693)
	at java.io.BufferedInputStream.fill(BufferedInputStream.java:246)
	at java.io.BufferedInputStream.read1(BufferedInputStream.java:286)
	at java.io.BufferedInputStream.read(BufferedInputStream.java:345)
	at java.io.DataInputStream.readFully(DataInputStream.java:195)
	at java.io.DataInputStream.readLong(DataInputStream.java:416)
	at org.apache.zookeeper.server.quorum.QuorumCnxManager.handleConnection(QuorumCnxManager.java:601)
	at org.apache.zookeeper.server.quorum.QuorumCnxManager.receiveConnection(QuorumCnxManager.java:554)
	at org.apache.zookeeper.server.quorum.QuorumCnxManager$Listener$ListenerHandler.acceptConnections(QuorumCnxManager.java:1079)
	at org.apache.zookeeper.server.quorum.QuorumCnxManager$Listener$ListenerHandler.run(QuorumCnxManager.java:1033)
	at java.util.concurrent.Executors$RunnableAdapter.call(Executors.java:511)
	at java.util.concurrent.FutureTask.run(FutureTask.java:266)
	at java.util.concurrent.ThreadPoolExecutor.runWorker(ThreadPoolExecutor.java:1149)
	at java.util.concurrent.ThreadPoolExecutor$Worker.run(ThreadPoolExecutor.java:624)
	at java.lang.Thread.run(Thread.java:748)
2020-06-22 14:09:24,802 [myid:2] - ERROR [ListenerHandler-/127.0.0.1:30089:ZKTrustManager@162] - Failed to verify hostname: activate.navicat.com
javax.net.ssl.SSLPeerUnverifiedException: Certificate for <activate.navicat.com> doesn't match any of the subject alternative names: [localhost]
	at org.apache.zookeeper.common.ZKHostnameVerifier.matchDNSName(ZKHostnameVerifier.java:230)
	at org.apache.zookeeper.common.ZKHostnameVerifier.verify(ZKHostnameVerifier.java:171)
	at org.apache.zookeeper.common.ZKTrustManager.performHostVerification(ZKTrustManager.java:159)
	at org.apache.zookeeper.common.ZKTrustManager.checkClientTrusted(ZKTrustManager.java:79)
	at sun.security.ssl.ServerHandshaker.clientCertificate(ServerHandshaker.java:2037)
	at sun.security.ssl.ServerHandshaker.processMessage(ServerHandshaker.java:233)
	at sun.security.ssl.Handshaker.processLoop(Handshaker.java:1082)
	at sun.security.ssl.Handshaker.process_record(Handshaker.java:1010)
	at sun.security.ssl.SSLSocketImpl.readRecord(SSLSocketImpl.java:1079)
	at sun.security.ssl.SSLSocketImpl.performInitialHandshake(SSLSocketImpl.java:1388)
	at sun.security.ssl.SSLSocketImpl.startHandshake(SSLSocketImpl.java:1416)
	at sun.security.ssl.SSLSocketImpl.getSession(SSLSocketImpl.java:2309)
	at org.apache.zookeeper.server.quorum.UnifiedServerSocket$UnifiedSocket.detectMode(UnifiedServerSocket.java:269)
	at org.apache.zookeeper.server.quorum.UnifiedServerSocket$UnifiedSocket.getSocket(UnifiedServerSocket.java:298)
	at org.apache.zookeeper.server.quorum.UnifiedServerSocket$UnifiedSocket.access$400(UnifiedServerSocket.java:172)
	at org.apache.zookeeper.server.quorum.UnifiedServerSocket$UnifiedInputStream.getRealInputStream(UnifiedServerSocket.java:699)
	at org.apache.zookeeper.server.quorum.UnifiedServerSocket$UnifiedInputStream.read(UnifiedServerSocket.java:693)
	at java.io.BufferedInputStream.fill(BufferedInputStream.java:246)
	at java.io.BufferedInputStream.read1(BufferedInputStream.java:286)
	at java.io.BufferedInputStream.read(BufferedInputStream.java:345)
	at java.io.DataInputStream.readFully(DataInputStream.java:195)
	at java.io.DataInputStream.readLong(DataInputStream.java:416)
	at org.apache.zookeeper.server.quorum.QuorumCnxManager.handleConnection(QuorumCnxManager.java:601)
	at org.apache.zookeeper.server.quorum.QuorumCnxManager.receiveConnection(QuorumCnxManager.java:554)
	at org.apache.zookeeper.server.quorum.QuorumCnxManager$Listener$ListenerHandler.acceptConnections(QuorumCnxManager.java:1079)
	at org.apache.zookeeper.server.quorum.QuorumCnxManager$Listener$ListenerHandler.run(QuorumCnxManager.java:1033)
	at java.util.concurrent.Executors$RunnableAdapter.call(Executors.java:511)
	at java.util.concurrent.FutureTask.run(FutureTask.java:266)
	at java.util.concurrent.ThreadPoolExecutor.runWorker(ThreadPoolExecutor.java:1149)
	at java.util.concurrent.ThreadPoolExecutor$Worker.run(ThreadPoolExecutor.java:624)
	at java.lang.Thread.run(Thread.java:748)
2020-06-22 14:09:24,803 [myid:2] - INFO  [ListenerHandler-/127.0.0.1:30089:UnifiedServerSocket$UnifiedSocket@266] - Accepted TLS connection from activate.navicat.com/127.0.0.1:63045 - NONE - SSL_NULL_WITH_NULL_NULL
2020-06-22 14:09:24,803 [myid:2] - WARN  [ListenerHandler-/127.0.0.1:30089:QuorumCnxManager@629] - Exception reading or writing challenge
javax.net.ssl.SSLException: Connection has been shutdown: javax.net.ssl.SSLHandshakeException: java.security.cert.CertificateException: Failed to verify both host address and host name
	at sun.security.ssl.SSLSocketImpl.checkEOF(SSLSocketImpl.java:1554)
	at sun.security.ssl.AppInputStream.read(AppInputStream.java:95)
	at org.apache.zookeeper.server.quorum.UnifiedServerSocket$UnifiedInputStream.read(UnifiedServerSocket.java:693)
	at java.io.BufferedInputStream.fill(BufferedInputStream.java:246)
	at java.io.BufferedInputStream.read1(BufferedInputStream.java:286)
	at java.io.BufferedInputStream.read(BufferedInputStream.java:345)
	at java.io.DataInputStream.readFully(DataInputStream.java:195)
	at java.io.DataInputStream.readLong(DataInputStream.java:416)
	at org.apache.zookeeper.server.quorum.QuorumCnxManager.handleConnection(QuorumCnxManager.java:601)
	at org.apache.zookeeper.server.quorum.QuorumCnxManager.receiveConnection(QuorumCnxManager.java:554)
	at org.apache.zookeeper.server.quorum.QuorumCnxManager$Listener$ListenerHandler.acceptConnections(QuorumCnxManager.java:1079)
	at org.apache.zookeeper.server.quorum.QuorumCnxManager$Listener$ListenerHandler.run(QuorumCnxManager.java:1033)
	at java.util.concurrent.Executors$RunnableAdapter.call(Executors.java:511)
	at java.util.concurrent.FutureTask.run(FutureTask.java:266)
	at java.util.concurrent.ThreadPoolExecutor.runWorker(ThreadPoolExecutor.java:1149)
	at java.util.concurrent.ThreadPoolExecutor$Worker.run(ThreadPoolExecutor.java:624)
	at java.lang.Thread.run(Thread.java:748)
Caused by: javax.net.ssl.SSLHandshakeException: java.security.cert.CertificateException: Failed to verify both host address and host name
	at sun.security.ssl.Alerts.getSSLException(Alerts.java:198)
	at sun.security.ssl.SSLSocketImpl.fatal(SSLSocketImpl.java:1967)
	at sun.security.ssl.Handshaker.fatalSE(Handshaker.java:331)
	at sun.security.ssl.Handshaker.fatalSE(Handshaker.java:325)
	at sun.security.ssl.ServerHandshaker.clientCertificate(ServerHandshaker.java:2055)
	at sun.security.ssl.ServerHandshaker.processMessage(ServerHandshaker.java:233)
	at sun.security.ssl.Handshaker.processLoop(Handshaker.java:1082)
	at sun.security.ssl.Handshaker.process_record(Handshaker.java:1010)
	at sun.security.ssl.SSLSocketImpl.readRecord(SSLSocketImpl.java:1079)
	at sun.security.ssl.SSLSocketImpl.performInitialHandshake(SSLSocketImpl.java:1388)
	at sun.security.ssl.SSLSocketImpl.startHandshake(SSLSocketImpl.java:1416)
	at sun.security.ssl.SSLSocketImpl.getSession(SSLSocketImpl.java:2309)
	at org.apache.zookeeper.server.quorum.UnifiedServerSocket$UnifiedSocket.detectMode(UnifiedServerSocket.java:269)
	at org.apache.zookeeper.server.quorum.UnifiedServerSocket$UnifiedSocket.getSocket(UnifiedServerSocket.java:298)
	at org.apache.zookeeper.server.quorum.UnifiedServerSocket$UnifiedSocket.access$400(UnifiedServerSocket.java:172)
	at org.apache.zookeeper.server.quorum.UnifiedServerSocket$UnifiedInputStream.getRealInputStream(UnifiedServerSocket.java:699)
	... 15 more
Caused by: java.security.cert.CertificateException: Failed to verify both host address and host name
	at org.apache.zookeeper.common.ZKTrustManager.performHostVerification(ZKTrustManager.java:163)
	at org.apache.zookeeper.common.ZKTrustManager.checkClientTrusted(ZKTrustManager.java:79)
	at sun.security.ssl.ServerHandshaker.clientCertificate(ServerHandshaker.java:2037)
	... 26 more
Caused by: javax.net.ssl.SSLPeerUnverifiedException: Certificate for <activate.navicat.com> doesn't match any of the subject alternative names: [localhost]
	at org.apache.zookeeper.common.ZKHostnameVerifier.matchDNSName(ZKHostnameVerifier.java:230)
	at org.apache.zookeeper.common.ZKHostnameVerifier.verify(ZKHostnameVerifier.java:171)
	at org.apache.zookeeper.common.ZKTrustManager.performHostVerification(ZKTrustManager.java:159)
	... 28 more
2020-06-22 14:09:24,844 [myid:3] - WARN  [QuorumConnectionThread-[myid=3]-1:QuorumCnxManager@400] - Cannot open channel to 1 at election address /127.0.0.1:30088
java.net.SocketException: Software caused connection abort: socket write error
	at java.net.SocketOutputStream.socketWrite0(Native Method)
	at java.net.SocketOutputStream.socketWrite(SocketOutputStream.java:111)
	at java.net.SocketOutputStream.write(SocketOutputStream.java:155)
	at sun.security.ssl.OutputRecord.writeBuffer(OutputRecord.java:431)
	at sun.security.ssl.OutputRecord.write(OutputRecord.java:417)
	at sun.security.ssl.SSLSocketImpl.writeRecordInternal(SSLSocketImpl.java:894)
	at sun.security.ssl.SSLSocketImpl.writeRecord(SSLSocketImpl.java:865)
	at sun.security.ssl.SSLSocketImpl.writeRecord(SSLSocketImpl.java:735)
	at sun.security.ssl.Handshaker.sendChangeCipherSpec(Handshaker.java:1189)
	at sun.security.ssl.ClientHandshaker.sendChangeCipherAndFinish(ClientHandshaker.java:1323)
	at sun.security.ssl.ClientHandshaker.serverHelloDone(ClientHandshaker.java:1233)
	at sun.security.ssl.ClientHandshaker.processMessage(ClientHandshaker.java:372)
	at sun.security.ssl.Handshaker.processLoop(Handshaker.java:1082)
	at sun.security.ssl.Handshaker.process_record(Handshaker.java:1010)
	at sun.security.ssl.SSLSocketImpl.readRecord(SSLSocketImpl.java:1079)
	at sun.security.ssl.SSLSocketImpl.performInitialHandshake(SSLSocketImpl.java:1388)
	at sun.security.ssl.SSLSocketImpl.startHandshake(SSLSocketImpl.java:1416)
	at sun.security.ssl.SSLSocketImpl.startHandshake(SSLSocketImpl.java:1400)
	at org.apache.zookeeper.server.quorum.QuorumCnxManager.initiateConnection(QuorumCnxManager.java:386)
	at org.apache.zookeeper.server.quorum.QuorumCnxManager$QuorumConnectionReqThread.run(QuorumCnxManager.java:457)
	at java.util.concurrent.ThreadPoolExecutor.runWorker(ThreadPoolExecutor.java:1149)
	at java.util.concurrent.ThreadPoolExecutor$Worker.run(ThreadPoolExecutor.java:624)
	at java.lang.Thread.run(Thread.java:748)
2020-06-22 14:09:24,845 [myid:] - INFO  [Time-limited test:FourLetterWordMain@93] - connecting to 127.0.0.1 30084
2020-06-22 14:09:24,845 [myid:3] - WARN  [QuorumConnectionThread-[myid=3]-3:QuorumCnxManager@400] - Cannot open channel to 2 at election address /127.0.0.1:30089
java.net.SocketException: Software caused connection abort: socket write error
	at java.net.SocketOutputStream.socketWrite0(Native Method)
	at java.net.SocketOutputStream.socketWrite(SocketOutputStream.java:111)
	at java.net.SocketOutputStream.write(SocketOutputStream.java:155)
	at sun.security.ssl.OutputRecord.writeBuffer(OutputRecord.java:431)
	at sun.security.ssl.OutputRecord.write(OutputRecord.java:417)
	at sun.security.ssl.SSLSocketImpl.writeRecordInternal(SSLSocketImpl.java:894)
	at sun.security.ssl.SSLSocketImpl.writeRecord(SSLSocketImpl.java:865)
	at sun.security.ssl.SSLSocketImpl.writeRecord(SSLSocketImpl.java:735)
	at sun.security.ssl.Handshaker.sendChangeCipherSpec(Handshaker.java:1189)
	at sun.security.ssl.ClientHandshaker.sendChangeCipherAndFinish(ClientHandshaker.java:1323)
	at sun.security.ssl.ClientHandshaker.serverHelloDone(ClientHandshaker.java:1233)
	at sun.security.ssl.ClientHandshaker.processMessage(ClientHandshaker.java:372)
	at sun.security.ssl.Handshaker.processLoop(Handshaker.java:1082)
	at sun.security.ssl.Handshaker.process_record(Handshaker.java:1010)
	at sun.security.ssl.SSLSocketImpl.readRecord(SSLSocketImpl.java:1079)
	at sun.security.ssl.SSLSocketImpl.performInitialHandshake(SSLSocketImpl.java:1388)
	at sun.security.ssl.SSLSocketImpl.startHandshake(SSLSocketImpl.java:1416)
	at sun.security.ssl.SSLSocketImpl.startHandshake(SSLSocketImpl.java:1400)
	at org.apache.zookeeper.server.quorum.QuorumCnxManager.initiateConnection(QuorumCnxManager.java:386)
	at org.apache.zookeeper.server.quorum.QuorumCnxManager$QuorumConnectionReqThread.run(QuorumCnxManager.java:457)
	at java.util.concurrent.ThreadPoolExecutor.runWorker(ThreadPoolExecutor.java:1149)
	at java.util.concurrent.ThreadPoolExecutor$Worker.run(ThreadPoolExecutor.java:624)
	at java.lang.Thread.run(Thread.java:748)
2020-06-22 14:09:24,846 [myid:3] - INFO  [nioEventLoopGroup-19-13:NettyServerCnxn@285] - Processing stat command from /127.0.0.1:63046
2020-06-22 14:09:25,097 [myid:] - INFO  [Time-limited test:FourLetterWordMain@93] - connecting to 127.0.0.1 30084
2020-06-22 14:09:25,098 [myid:3] - INFO  [nioEventLoopGroup-19-14:NettyServerCnxn@285] - Processing stat command from /127.0.0.1:63054
2020-06-22 14:09:25,350 [myid:] - INFO  [Time-limited test:FourLetterWordMain@93] - connecting to 127.0.0.1 30084
2020-06-22 14:09:25,351 [myid:3] - INFO  [nioEventLoopGroup-19-15:NettyServerCnxn@285] - Processing stat command from /127.0.0.1:63056
2020-06-22 14:09:25,602 [myid:] - INFO  [Time-limited test:FourLetterWordMain@93] - connecting to 127.0.0.1 30084
2020-06-22 14:09:25,603 [myid:3] - INFO  [nioEventLoopGroup-19-16:NettyServerCnxn@285] - Processing stat command from /127.0.0.1:63058
2020-06-22 14:09:25,854 [myid:] - INFO  [Time-limited test:FourLetterWordMain@93] - connecting to 127.0.0.1 30084
2020-06-22 14:09:25,855 [myid:3] - INFO  [nioEventLoopGroup-19-1:NettyServerCnxn@285] - Processing stat command from /127.0.0.1:63060
2020-06-22 14:09:26,106 [myid:] - INFO  [Time-limited test:FourLetterWordMain@93] - connecting to 127.0.0.1 30084
2020-06-22 14:09:26,107 [myid:3] - INFO  [nioEventLoopGroup-19-2:NettyServerCnxn@285] - Processing stat command from /127.0.0.1:63120
2020-06-22 14:09:26,357 [myid:] - INFO  [Time-limited test:FourLetterWordMain@93] - connecting to 127.0.0.1 30084
2020-06-22 14:09:26,360 [myid:3] - INFO  [nioEventLoopGroup-19-3:NettyServerCnxn@285] - Processing stat command from /127.0.0.1:63127
2020-06-22 14:09:26,612 [myid:] - INFO  [Time-limited test:FourLetterWordMain@93] - connecting to 127.0.0.1 30084
2020-06-22 14:09:26,613 [myid:3] - INFO  [nioEventLoopGroup-19-4:NettyServerCnxn@285] - Processing stat command from /127.0.0.1:63130
2020-06-22 14:09:26,863 [myid:] - INFO  [Time-limited test:FourLetterWordMain@93] - connecting to 127.0.0.1 30084
2020-06-22 14:09:26,864 [myid:3] - INFO  [nioEventLoopGroup-19-5:NettyServerCnxn@285] - Processing stat command from /127.0.0.1:63132
2020-06-22 14:09:27,114 [myid:] - INFO  [Time-limited test:FourLetterWordMain@93] - connecting to 127.0.0.1 30084
2020-06-22 14:09:27,115 [myid:3] - INFO  [nioEventLoopGroup-19-6:NettyServerCnxn@285] - Processing stat command from /127.0.0.1:63135
2020-06-22 14:09:27,365 [myid:] - INFO  [Time-limited test:FourLetterWordMain@93] - connecting to 127.0.0.1 30084
2020-06-22 14:09:27,366 [myid:3] - INFO  [nioEventLoopGroup-19-7:NettyServerCnxn@285] - Processing stat command from /127.0.0.1:63136
2020-06-22 14:09:27,617 [myid:] - INFO  [Time-limited test:FourLetterWordMain@93] - connecting to 127.0.0.1 30084
2020-06-22 14:09:27,618 [myid:3] - INFO  [nioEventLoopGroup-19-8:NettyServerCnxn@285] - Processing stat command from /127.0.0.1:63139
2020-06-22 14:09:27,868 [myid:] - INFO  [Time-limited test:FourLetterWordMain@93] - connecting to 127.0.0.1 30084
2020-06-22 14:09:27,869 [myid:3] - INFO  [nioEventLoopGroup-19-9:NettyServerCnxn@285] - Processing stat command from /127.0.0.1:63141
2020-06-22 14:09:27,949 [myid:3] - INFO  [QuorumPeer[myid=3](plain=[0:0:0:0:0:0:0:0]:30084)(secure=disabled):FastLeaderElection@979] - Notification time out: 6400
2020-06-22 14:09:27,949 [myid:2] - INFO  [ListenerHandler-/127.0.0.1:30089:QuorumCnxManager$Listener$ListenerHandler@1070] - Received connection request from /127.0.0.1:63142
2020-06-22 14:09:27,949 [myid:1] - INFO  [ListenerHandler-/127.0.0.1:30088:QuorumCnxManager$Listener$ListenerHandler@1070] - Received connection request from /127.0.0.1:63143
2020-06-22 14:09:27,994 [myid:1] - ERROR [ListenerHandler-/127.0.0.1:30088:ZKTrustManager@161] - Failed to verify host address: 127.0.0.1
javax.net.ssl.SSLPeerUnverifiedException: Certificate for <127.0.0.1> doesn't match any of the subject alternative names: [localhost]
	at org.apache.zookeeper.common.ZKHostnameVerifier.matchIPAddress(ZKHostnameVerifier.java:197)
	at org.apache.zookeeper.common.ZKHostnameVerifier.verify(ZKHostnameVerifier.java:165)
	at org.apache.zookeeper.common.ZKTrustManager.performHostVerification(ZKTrustManager.java:151)
	at org.apache.zookeeper.common.ZKTrustManager.checkClientTrusted(ZKTrustManager.java:79)
	at sun.security.ssl.ServerHandshaker.clientCertificate(ServerHandshaker.java:2037)
	at sun.security.ssl.ServerHandshaker.processMessage(ServerHandshaker.java:233)
	at sun.security.ssl.Handshaker.processLoop(Handshaker.java:1082)
	at sun.security.ssl.Handshaker.process_record(Handshaker.java:1010)
	at sun.security.ssl.SSLSocketImpl.readRecord(SSLSocketImpl.java:1079)
	at sun.security.ssl.SSLSocketImpl.performInitialHandshake(SSLSocketImpl.java:1388)
	at sun.security.ssl.SSLSocketImpl.startHandshake(SSLSocketImpl.java:1416)
	at sun.security.ssl.SSLSocketImpl.getSession(SSLSocketImpl.java:2309)
	at org.apache.zookeeper.server.quorum.UnifiedServerSocket$UnifiedSocket.detectMode(UnifiedServerSocket.java:269)
	at org.apache.zookeeper.server.quorum.UnifiedServerSocket$UnifiedSocket.getSocket(UnifiedServerSocket.java:298)
	at org.apache.zookeeper.server.quorum.UnifiedServerSocket$UnifiedSocket.access$400(UnifiedServerSocket.java:172)
	at org.apache.zookeeper.server.quorum.UnifiedServerSocket$UnifiedInputStream.getRealInputStream(UnifiedServerSocket.java:699)
	at org.apache.zookeeper.server.quorum.UnifiedServerSocket$UnifiedInputStream.read(UnifiedServerSocket.java:693)
	at java.io.BufferedInputStream.fill(BufferedInputStream.java:246)
	at java.io.BufferedInputStream.read1(BufferedInputStream.java:286)
	at java.io.BufferedInputStream.read(BufferedInputStream.java:345)
	at java.io.DataInputStream.readFully(DataInputStream.java:195)
	at java.io.DataInputStream.readLong(DataInputStream.java:416)
	at org.apache.zookeeper.server.quorum.QuorumCnxManager.handleConnection(QuorumCnxManager.java:601)
	at org.apache.zookeeper.server.quorum.QuorumCnxManager.receiveConnection(QuorumCnxManager.java:554)
	at org.apache.zookeeper.server.quorum.QuorumCnxManager$Listener$ListenerHandler.acceptConnections(QuorumCnxManager.java:1079)
	at org.apache.zookeeper.server.quorum.QuorumCnxManager$Listener$ListenerHandler.run(QuorumCnxManager.java:1033)
	at java.util.concurrent.Executors$RunnableAdapter.call(Executors.java:511)
	at java.util.concurrent.FutureTask.run(FutureTask.java:266)
	at java.util.concurrent.ThreadPoolExecutor.runWorker(ThreadPoolExecutor.java:1149)
	at java.util.concurrent.ThreadPoolExecutor$Worker.run(ThreadPoolExecutor.java:624)
	at java.lang.Thread.run(Thread.java:748)
2020-06-22 14:09:27,994 [myid:1] - ERROR [ListenerHandler-/127.0.0.1:30088:ZKTrustManager@162] - Failed to verify hostname: activate.navicat.com
javax.net.ssl.SSLPeerUnverifiedException: Certificate for <activate.navicat.com> doesn't match any of the subject alternative names: [localhost]
	at org.apache.zookeeper.common.ZKHostnameVerifier.matchDNSName(ZKHostnameVerifier.java:230)
	at org.apache.zookeeper.common.ZKHostnameVerifier.verify(ZKHostnameVerifier.java:171)
	at org.apache.zookeeper.common.ZKTrustManager.performHostVerification(ZKTrustManager.java:159)
	at org.apache.zookeeper.common.ZKTrustManager.checkClientTrusted(ZKTrustManager.java:79)
	at sun.security.ssl.ServerHandshaker.clientCertificate(ServerHandshaker.java:2037)
	at sun.security.ssl.ServerHandshaker.processMessage(ServerHandshaker.java:233)
	at sun.security.ssl.Handshaker.processLoop(Handshaker.java:1082)
	at sun.security.ssl.Handshaker.process_record(Handshaker.java:1010)
	at sun.security.ssl.SSLSocketImpl.readRecord(SSLSocketImpl.java:1079)
	at sun.security.ssl.SSLSocketImpl.performInitialHandshake(SSLSocketImpl.java:1388)
	at sun.security.ssl.SSLSocketImpl.startHandshake(SSLSocketImpl.java:1416)
	at sun.security.ssl.SSLSocketImpl.getSession(SSLSocketImpl.java:2309)
	at org.apache.zookeeper.server.quorum.UnifiedServerSocket$UnifiedSocket.detectMode(UnifiedServerSocket.java:269)
	at org.apache.zookeeper.server.quorum.UnifiedServerSocket$UnifiedSocket.getSocket(UnifiedServerSocket.java:298)
	at org.apache.zookeeper.server.quorum.UnifiedServerSocket$UnifiedSocket.access$400(UnifiedServerSocket.java:172)
	at org.apache.zookeeper.server.quorum.UnifiedServerSocket$UnifiedInputStream.getRealInputStream(UnifiedServerSocket.java:699)
	at org.apache.zookeeper.server.quorum.UnifiedServerSocket$UnifiedInputStream.read(UnifiedServerSocket.java:693)
	at java.io.BufferedInputStream.fill(BufferedInputStream.java:246)
	at java.io.BufferedInputStream.read1(BufferedInputStream.java:286)
	at java.io.BufferedInputStream.read(BufferedInputStream.java:345)
	at java.io.DataInputStream.readFully(DataInputStream.java:195)
	at java.io.DataInputStream.readLong(DataInputStream.java:416)
	at org.apache.zookeeper.server.quorum.QuorumCnxManager.handleConnection(QuorumCnxManager.java:601)
	at org.apache.zookeeper.server.quorum.QuorumCnxManager.receiveConnection(QuorumCnxManager.java:554)
	at org.apache.zookeeper.server.quorum.QuorumCnxManager$Listener$ListenerHandler.acceptConnections(QuorumCnxManager.java:1079)
	at org.apache.zookeeper.server.quorum.QuorumCnxManager$Listener$ListenerHandler.run(QuorumCnxManager.java:1033)
	at java.util.concurrent.Executors$RunnableAdapter.call(Executors.java:511)
	at java.util.concurrent.FutureTask.run(FutureTask.java:266)
	at java.util.concurrent.ThreadPoolExecutor.runWorker(ThreadPoolExecutor.java:1149)
	at java.util.concurrent.ThreadPoolExecutor$Worker.run(ThreadPoolExecutor.java:624)
	at java.lang.Thread.run(Thread.java:748)
2020-06-22 14:09:27,995 [myid:1] - INFO  [ListenerHandler-/127.0.0.1:30088:UnifiedServerSocket$UnifiedSocket@266] - Accepted TLS connection from activate.navicat.com/127.0.0.1:63143 - NONE - SSL_NULL_WITH_NULL_NULL
2020-06-22 14:09:27,995 [myid:1] - WARN  [ListenerHandler-/127.0.0.1:30088:QuorumCnxManager@629] - Exception reading or writing challenge
javax.net.ssl.SSLException: Connection has been shutdown: javax.net.ssl.SSLHandshakeException: java.security.cert.CertificateException: Failed to verify both host address and host name
	at sun.security.ssl.SSLSocketImpl.checkEOF(SSLSocketImpl.java:1554)
	at sun.security.ssl.AppInputStream.read(AppInputStream.java:95)
	at org.apache.zookeeper.server.quorum.UnifiedServerSocket$UnifiedInputStream.read(UnifiedServerSocket.java:693)
	at java.io.BufferedInputStream.fill(BufferedInputStream.java:246)
	at java.io.BufferedInputStream.read1(BufferedInputStream.java:286)
	at java.io.BufferedInputStream.read(BufferedInputStream.java:345)
	at java.io.DataInputStream.readFully(DataInputStream.java:195)
	at java.io.DataInputStream.readLong(DataInputStream.java:416)
	at org.apache.zookeeper.server.quorum.QuorumCnxManager.handleConnection(QuorumCnxManager.java:601)
	at org.apache.zookeeper.server.quorum.QuorumCnxManager.receiveConnection(QuorumCnxManager.java:554)
	at org.apache.zookeeper.server.quorum.QuorumCnxManager$Listener$ListenerHandler.acceptConnections(QuorumCnxManager.java:1079)
	at org.apache.zookeeper.server.quorum.QuorumCnxManager$Listener$ListenerHandler.run(QuorumCnxManager.java:1033)
	at java.util.concurrent.Executors$RunnableAdapter.call(Executors.java:511)
	at java.util.concurrent.FutureTask.run(FutureTask.java:266)
	at java.util.concurrent.ThreadPoolExecutor.runWorker(ThreadPoolExecutor.java:1149)
	at java.util.concurrent.ThreadPoolExecutor$Worker.run(ThreadPoolExecutor.java:624)
	at java.lang.Thread.run(Thread.java:748)
Caused by: javax.net.ssl.SSLHandshakeException: java.security.cert.CertificateException: Failed to verify both host address and host name
	at sun.security.ssl.Alerts.getSSLException(Alerts.java:198)
	at sun.security.ssl.SSLSocketImpl.fatal(SSLSocketImpl.java:1967)
	at sun.security.ssl.Handshaker.fatalSE(Handshaker.java:331)
	at sun.security.ssl.Handshaker.fatalSE(Handshaker.java:325)
	at sun.security.ssl.ServerHandshaker.clientCertificate(ServerHandshaker.java:2055)
	at sun.security.ssl.ServerHandshaker.processMessage(ServerHandshaker.java:233)
	at sun.security.ssl.Handshaker.processLoop(Handshaker.java:1082)
	at sun.security.ssl.Handshaker.process_record(Handshaker.java:1010)
	at sun.security.ssl.SSLSocketImpl.readRecord(SSLSocketImpl.java:1079)
	at sun.security.ssl.SSLSocketImpl.performInitialHandshake(SSLSocketImpl.java:1388)
	at sun.security.ssl.SSLSocketImpl.startHandshake(SSLSocketImpl.java:1416)
	at sun.security.ssl.SSLSocketImpl.getSession(SSLSocketImpl.java:2309)
	at org.apache.zookeeper.server.quorum.UnifiedServerSocket$UnifiedSocket.detectMode(UnifiedServerSocket.java:269)
	at org.apache.zookeeper.server.quorum.UnifiedServerSocket$UnifiedSocket.getSocket(UnifiedServerSocket.java:298)
	at org.apache.zookeeper.server.quorum.UnifiedServerSocket$UnifiedSocket.access$400(UnifiedServerSocket.java:172)
	at org.apache.zookeeper.server.quorum.UnifiedServerSocket$UnifiedInputStream.getRealInputStream(UnifiedServerSocket.java:699)
	... 15 more
Caused by: java.security.cert.CertificateException: Failed to verify both host address and host name
	at org.apache.zookeeper.common.ZKTrustManager.performHostVerification(ZKTrustManager.java:163)
	at org.apache.zookeeper.common.ZKTrustManager.checkClientTrusted(ZKTrustManager.java:79)
	at sun.security.ssl.ServerHandshaker.clientCertificate(ServerHandshaker.java:2037)
	... 26 more
Caused by: javax.net.ssl.SSLPeerUnverifiedException: Certificate for <activate.navicat.com> doesn't match any of the subject alternative names: [localhost]
	at org.apache.zookeeper.common.ZKHostnameVerifier.matchDNSName(ZKHostnameVerifier.java:230)
	at org.apache.zookeeper.common.ZKHostnameVerifier.verify(ZKHostnameVerifier.java:171)
	at org.apache.zookeeper.common.ZKTrustManager.performHostVerification(ZKTrustManager.java:159)
	... 28 more
2020-06-22 14:09:27,996 [myid:2] - ERROR [ListenerHandler-/127.0.0.1:30089:ZKTrustManager@161] - Failed to verify host address: 127.0.0.1
javax.net.ssl.SSLPeerUnverifiedException: Certificate for <127.0.0.1> doesn't match any of the subject alternative names: [localhost]
	at org.apache.zookeeper.common.ZKHostnameVerifier.matchIPAddress(ZKHostnameVerifier.java:197)
	at org.apache.zookeeper.common.ZKHostnameVerifier.verify(ZKHostnameVerifier.java:165)
	at org.apache.zookeeper.common.ZKTrustManager.performHostVerification(ZKTrustManager.java:151)
	at org.apache.zookeeper.common.ZKTrustManager.checkClientTrusted(ZKTrustManager.java:79)
	at sun.security.ssl.ServerHandshaker.clientCertificate(ServerHandshaker.java:2037)
	at sun.security.ssl.ServerHandshaker.processMessage(ServerHandshaker.java:233)
	at sun.security.ssl.Handshaker.processLoop(Handshaker.java:1082)
	at sun.security.ssl.Handshaker.process_record(Handshaker.java:1010)
	at sun.security.ssl.SSLSocketImpl.readRecord(SSLSocketImpl.java:1079)
	at sun.security.ssl.SSLSocketImpl.performInitialHandshake(SSLSocketImpl.java:1388)
	at sun.security.ssl.SSLSocketImpl.startHandshake(SSLSocketImpl.java:1416)
	at sun.security.ssl.SSLSocketImpl.getSession(SSLSocketImpl.java:2309)
	at org.apache.zookeeper.server.quorum.UnifiedServerSocket$UnifiedSocket.detectMode(UnifiedServerSocket.java:269)
	at org.apache.zookeeper.server.quorum.UnifiedServerSocket$UnifiedSocket.getSocket(UnifiedServerSocket.java:298)
	at org.apache.zookeeper.server.quorum.UnifiedServerSocket$UnifiedSocket.access$400(UnifiedServerSocket.java:172)
	at org.apache.zookeeper.server.quorum.UnifiedServerSocket$UnifiedInputStream.getRealInputStream(UnifiedServerSocket.java:699)
	at org.apache.zookeeper.server.quorum.UnifiedServerSocket$UnifiedInputStream.read(UnifiedServerSocket.java:693)
	at java.io.BufferedInputStream.fill(BufferedInputStream.java:246)
	at java.io.BufferedInputStream.read1(BufferedInputStream.java:286)
	at java.io.BufferedInputStream.read(BufferedInputStream.java:345)
	at java.io.DataInputStream.readFully(DataInputStream.java:195)
	at java.io.DataInputStream.readLong(DataInputStream.java:416)
	at org.apache.zookeeper.server.quorum.QuorumCnxManager.handleConnection(QuorumCnxManager.java:601)
	at org.apache.zookeeper.server.quorum.QuorumCnxManager.receiveConnection(QuorumCnxManager.java:554)
	at org.apache.zookeeper.server.quorum.QuorumCnxManager$Listener$ListenerHandler.acceptConnections(QuorumCnxManager.java:1079)
	at org.apache.zookeeper.server.quorum.QuorumCnxManager$Listener$ListenerHandler.run(QuorumCnxManager.java:1033)
	at java.util.concurrent.Executors$RunnableAdapter.call(Executors.java:511)
	at java.util.concurrent.FutureTask.run(FutureTask.java:266)
	at java.util.concurrent.ThreadPoolExecutor.runWorker(ThreadPoolExecutor.java:1149)
	at java.util.concurrent.ThreadPoolExecutor$Worker.run(ThreadPoolExecutor.java:624)
	at java.lang.Thread.run(Thread.java:748)
2020-06-22 14:09:27,996 [myid:2] - ERROR [ListenerHandler-/127.0.0.1:30089:ZKTrustManager@162] - Failed to verify hostname: activate.navicat.com
javax.net.ssl.SSLPeerUnverifiedException: Certificate for <activate.navicat.com> doesn't match any of the subject alternative names: [localhost]
	at org.apache.zookeeper.common.ZKHostnameVerifier.matchDNSName(ZKHostnameVerifier.java:230)
	at org.apache.zookeeper.common.ZKHostnameVerifier.verify(ZKHostnameVerifier.java:171)
	at org.apache.zookeeper.common.ZKTrustManager.performHostVerification(ZKTrustManager.java:159)
	at org.apache.zookeeper.common.ZKTrustManager.checkClientTrusted(ZKTrustManager.java:79)
	at sun.security.ssl.ServerHandshaker.clientCertificate(ServerHandshaker.java:2037)
	at sun.security.ssl.ServerHandshaker.processMessage(ServerHandshaker.java:233)
	at sun.security.ssl.Handshaker.processLoop(Handshaker.java:1082)
	at sun.security.ssl.Handshaker.process_record(Handshaker.java:1010)
	at sun.security.ssl.SSLSocketImpl.readRecord(SSLSocketImpl.java:1079)
	at sun.security.ssl.SSLSocketImpl.performInitialHandshake(SSLSocketImpl.java:1388)
	at sun.security.ssl.SSLSocketImpl.startHandshake(SSLSocketImpl.java:1416)
	at sun.security.ssl.SSLSocketImpl.getSession(SSLSocketImpl.java:2309)
	at org.apache.zookeeper.server.quorum.UnifiedServerSocket$UnifiedSocket.detectMode(UnifiedServerSocket.java:269)
	at org.apache.zookeeper.server.quorum.UnifiedServerSocket$UnifiedSocket.getSocket(UnifiedServerSocket.java:298)
	at org.apache.zookeeper.server.quorum.UnifiedServerSocket$UnifiedSocket.access$400(UnifiedServerSocket.java:172)
	at org.apache.zookeeper.server.quorum.UnifiedServerSocket$UnifiedInputStream.getRealInputStream(UnifiedServerSocket.java:699)
	at org.apache.zookeeper.server.quorum.UnifiedServerSocket$UnifiedInputStream.read(UnifiedServerSocket.java:693)
	at java.io.BufferedInputStream.fill(BufferedInputStream.java:246)
	at java.io.BufferedInputStream.read1(BufferedInputStream.java:286)
	at java.io.BufferedInputStream.read(BufferedInputStream.java:345)
	at java.io.DataInputStream.readFully(DataInputStream.java:195)
	at java.io.DataInputStream.readLong(DataInputStream.java:416)
	at org.apache.zookeeper.server.quorum.QuorumCnxManager.handleConnection(QuorumCnxManager.java:601)
	at org.apache.zookeeper.server.quorum.QuorumCnxManager.receiveConnection(QuorumCnxManager.java:554)
	at org.apache.zookeeper.server.quorum.QuorumCnxManager$Listener$ListenerHandler.acceptConnections(QuorumCnxManager.java:1079)
	at org.apache.zookeeper.server.quorum.QuorumCnxManager$Listener$ListenerHandler.run(QuorumCnxManager.java:1033)
	at java.util.concurrent.Executors$RunnableAdapter.call(Executors.java:511)
	at java.util.concurrent.FutureTask.run(FutureTask.java:266)
	at java.util.concurrent.ThreadPoolExecutor.runWorker(ThreadPoolExecutor.java:1149)
	at java.util.concurrent.ThreadPoolExecutor$Worker.run(ThreadPoolExecutor.java:624)
	at java.lang.Thread.run(Thread.java:748)
2020-06-22 14:09:27,997 [myid:2] - INFO  [ListenerHandler-/127.0.0.1:30089:UnifiedServerSocket$UnifiedSocket@266] - Accepted TLS connection from activate.navicat.com/127.0.0.1:63142 - NONE - SSL_NULL_WITH_NULL_NULL
2020-06-22 14:09:27,997 [myid:2] - WARN  [ListenerHandler-/127.0.0.1:30089:QuorumCnxManager@629] - Exception reading or writing challenge
javax.net.ssl.SSLException: Connection has been shutdown: javax.net.ssl.SSLHandshakeException: java.security.cert.CertificateException: Failed to verify both host address and host name
	at sun.security.ssl.SSLSocketImpl.checkEOF(SSLSocketImpl.java:1554)
	at sun.security.ssl.AppInputStream.read(AppInputStream.java:95)
	at org.apache.zookeeper.server.quorum.UnifiedServerSocket$UnifiedInputStream.read(UnifiedServerSocket.java:693)
	at java.io.BufferedInputStream.fill(BufferedInputStream.java:246)
	at java.io.BufferedInputStream.read1(BufferedInputStream.java:286)
	at java.io.BufferedInputStream.read(BufferedInputStream.java:345)
	at java.io.DataInputStream.readFully(DataInputStream.java:195)
	at java.io.DataInputStream.readLong(DataInputStream.java:416)
	at org.apache.zookeeper.server.quorum.QuorumCnxManager.handleConnection(QuorumCnxManager.java:601)
	at org.apache.zookeeper.server.quorum.QuorumCnxManager.receiveConnection(QuorumCnxManager.java:554)
	at org.apache.zookeeper.server.quorum.QuorumCnxManager$Listener$ListenerHandler.acceptConnections(QuorumCnxManager.java:1079)
	at org.apache.zookeeper.server.quorum.QuorumCnxManager$Listener$ListenerHandler.run(QuorumCnxManager.java:1033)
	at java.util.concurrent.Executors$RunnableAdapter.call(Executors.java:511)
	at java.util.concurrent.FutureTask.run(FutureTask.java:266)
	at java.util.concurrent.ThreadPoolExecutor.runWorker(ThreadPoolExecutor.java:1149)
	at java.util.concurrent.ThreadPoolExecutor$Worker.run(ThreadPoolExecutor.java:624)
	at java.lang.Thread.run(Thread.java:748)
Caused by: javax.net.ssl.SSLHandshakeException: java.security.cert.CertificateException: Failed to verify both host address and host name
	at sun.security.ssl.Alerts.getSSLException(Alerts.java:198)
	at sun.security.ssl.SSLSocketImpl.fatal(SSLSocketImpl.java:1967)
	at sun.security.ssl.Handshaker.fatalSE(Handshaker.java:331)
	at sun.security.ssl.Handshaker.fatalSE(Handshaker.java:325)
	at sun.security.ssl.ServerHandshaker.clientCertificate(ServerHandshaker.java:2055)
	at sun.security.ssl.ServerHandshaker.processMessage(ServerHandshaker.java:233)
	at sun.security.ssl.Handshaker.processLoop(Handshaker.java:1082)
	at sun.security.ssl.Handshaker.process_record(Handshaker.java:1010)
	at sun.security.ssl.SSLSocketImpl.readRecord(SSLSocketImpl.java:1079)
	at sun.security.ssl.SSLSocketImpl.performInitialHandshake(SSLSocketImpl.java:1388)
	at sun.security.ssl.SSLSocketImpl.startHandshake(SSLSocketImpl.java:1416)
	at sun.security.ssl.SSLSocketImpl.getSession(SSLSocketImpl.java:2309)
	at org.apache.zookeeper.server.quorum.UnifiedServerSocket$UnifiedSocket.detectMode(UnifiedServerSocket.java:269)
	at org.apache.zookeeper.server.quorum.UnifiedServerSocket$UnifiedSocket.getSocket(UnifiedServerSocket.java:298)
	at org.apache.zookeeper.server.quorum.UnifiedServerSocket$UnifiedSocket.access$400(UnifiedServerSocket.java:172)
	at org.apache.zookeeper.server.quorum.UnifiedServerSocket$UnifiedInputStream.getRealInputStream(UnifiedServerSocket.java:699)
	... 15 more
Caused by: java.security.cert.CertificateException: Failed to verify both host address and host name
	at org.apache.zookeeper.common.ZKTrustManager.performHostVerification(ZKTrustManager.java:163)
	at org.apache.zookeeper.common.ZKTrustManager.checkClientTrusted(ZKTrustManager.java:79)
	at sun.security.ssl.ServerHandshaker.clientCertificate(ServerHandshaker.java:2037)
	... 26 more
Caused by: javax.net.ssl.SSLPeerUnverifiedException: Certificate for <activate.navicat.com> doesn't match any of the subject alternative names: [localhost]
	at org.apache.zookeeper.common.ZKHostnameVerifier.matchDNSName(ZKHostnameVerifier.java:230)
	at org.apache.zookeeper.common.ZKHostnameVerifier.verify(ZKHostnameVerifier.java:171)
	at org.apache.zookeeper.common.ZKTrustManager.performHostVerification(ZKTrustManager.java:159)
	... 28 more
2020-06-22 14:09:28,028 [myid:3] - WARN  [QuorumConnectionThread-[myid=3]-3:QuorumCnxManager@400] - Cannot open channel to 1 at election address /127.0.0.1:30088
java.net.SocketException: Software caused connection abort: socket write error
	at java.net.SocketOutputStream.socketWrite0(Native Method)
	at java.net.SocketOutputStream.socketWrite(SocketOutputStream.java:111)
	at java.net.SocketOutputStream.write(SocketOutputStream.java:155)
	at sun.security.ssl.OutputRecord.writeBuffer(OutputRecord.java:431)
	at sun.security.ssl.OutputRecord.write(OutputRecord.java:417)
	at sun.security.ssl.SSLSocketImpl.writeRecordInternal(SSLSocketImpl.java:894)
	at sun.security.ssl.SSLSocketImpl.writeRecord(SSLSocketImpl.java:865)
	at sun.security.ssl.SSLSocketImpl.writeRecord(SSLSocketImpl.java:735)
	at sun.security.ssl.Handshaker.sendChangeCipherSpec(Handshaker.java:1189)
	at sun.security.ssl.ClientHandshaker.sendChangeCipherAndFinish(ClientHandshaker.java:1323)
	at sun.security.ssl.ClientHandshaker.serverHelloDone(ClientHandshaker.java:1233)
	at sun.security.ssl.ClientHandshaker.processMessage(ClientHandshaker.java:372)
	at sun.security.ssl.Handshaker.processLoop(Handshaker.java:1082)
	at sun.security.ssl.Handshaker.process_record(Handshaker.java:1010)
	at sun.security.ssl.SSLSocketImpl.readRecord(SSLSocketImpl.java:1079)
	at sun.security.ssl.SSLSocketImpl.performInitialHandshake(SSLSocketImpl.java:1388)
	at sun.security.ssl.SSLSocketImpl.startHandshake(SSLSocketImpl.java:1416)
	at sun.security.ssl.SSLSocketImpl.startHandshake(SSLSocketImpl.java:1400)
	at org.apache.zookeeper.server.quorum.QuorumCnxManager.initiateConnection(QuorumCnxManager.java:386)
	at org.apache.zookeeper.server.quorum.QuorumCnxManager$QuorumConnectionReqThread.run(QuorumCnxManager.java:457)
	at java.util.concurrent.ThreadPoolExecutor.runWorker(ThreadPoolExecutor.java:1149)
	at java.util.concurrent.ThreadPoolExecutor$Worker.run(ThreadPoolExecutor.java:624)
	at java.lang.Thread.run(Thread.java:748)
2020-06-22 14:09:28,030 [myid:3] - WARN  [QuorumConnectionThread-[myid=3]-1:QuorumCnxManager@400] - Cannot open channel to 2 at election address /127.0.0.1:30089
java.net.SocketException: Software caused connection abort: socket write error
	at java.net.SocketOutputStream.socketWrite0(Native Method)
	at java.net.SocketOutputStream.socketWrite(SocketOutputStream.java:111)
	at java.net.SocketOutputStream.write(SocketOutputStream.java:155)
	at sun.security.ssl.OutputRecord.writeBuffer(OutputRecord.java:431)
	at sun.security.ssl.OutputRecord.write(OutputRecord.java:417)
	at sun.security.ssl.SSLSocketImpl.writeRecordInternal(SSLSocketImpl.java:894)
	at sun.security.ssl.SSLSocketImpl.writeRecord(SSLSocketImpl.java:865)
	at sun.security.ssl.SSLSocketImpl.writeRecord(SSLSocketImpl.java:735)
	at sun.security.ssl.Handshaker.sendChangeCipherSpec(Handshaker.java:1189)
	at sun.security.ssl.ClientHandshaker.sendChangeCipherAndFinish(ClientHandshaker.java:1323)
	at sun.security.ssl.ClientHandshaker.serverHelloDone(ClientHandshaker.java:1233)
	at sun.security.ssl.ClientHandshaker.processMessage(ClientHandshaker.java:372)
	at sun.security.ssl.Handshaker.processLoop(Handshaker.java:1082)
	at sun.security.ssl.Handshaker.process_record(Handshaker.java:1010)
	at sun.security.ssl.SSLSocketImpl.readRecord(SSLSocketImpl.java:1079)
	at sun.security.ssl.SSLSocketImpl.performInitialHandshake(SSLSocketImpl.java:1388)
	at sun.security.ssl.SSLSocketImpl.startHandshake(SSLSocketImpl.java:1416)
	at sun.security.ssl.SSLSocketImpl.startHandshake(SSLSocketImpl.java:1400)
	at org.apache.zookeeper.server.quorum.QuorumCnxManager.initiateConnection(QuorumCnxManager.java:386)
	at org.apache.zookeeper.server.quorum.QuorumCnxManager$QuorumConnectionReqThread.run(QuorumCnxManager.java:457)
	at java.util.concurrent.ThreadPoolExecutor.runWorker(ThreadPoolExecutor.java:1149)
	at java.util.concurrent.ThreadPoolExecutor$Worker.run(ThreadPoolExecutor.java:624)
	at java.lang.Thread.run(Thread.java:748)
2020-06-22 14:09:28,120 [myid:] - INFO  [Time-limited test:FourLetterWordMain@93] - connecting to 127.0.0.1 30084
2020-06-22 14:09:28,121 [myid:3] - INFO  [nioEventLoopGroup-19-10:NettyServerCnxn@285] - Processing stat command from /127.0.0.1:63146
2020-06-22 14:09:28,373 [myid:] - INFO  [Time-limited test:FourLetterWordMain@93] - connecting to 127.0.0.1 30084
2020-06-22 14:09:28,374 [myid:3] - INFO  [nioEventLoopGroup-19-11:NettyServerCnxn@285] - Processing stat command from /127.0.0.1:63166
2020-06-22 14:09:28,625 [myid:] - INFO  [Time-limited test:FourLetterWordMain@93] - connecting to 127.0.0.1 30084
2020-06-22 14:09:28,626 [myid:3] - INFO  [nioEventLoopGroup-19-12:NettyServerCnxn@285] - Processing stat command from /127.0.0.1:63170
2020-06-22 14:09:28,877 [myid:] - INFO  [Time-limited test:FourLetterWordMain@93] - connecting to 127.0.0.1 30084
2020-06-22 14:09:28,878 [myid:3] - INFO  [nioEventLoopGroup-19-13:NettyServerCnxn@285] - Processing stat command from /127.0.0.1:63176
2020-06-22 14:09:29,130 [myid:] - INFO  [Time-limited test:FourLetterWordMain@93] - connecting to 127.0.0.1 30084
2020-06-22 14:09:29,131 [myid:3] - INFO  [nioEventLoopGroup-19-14:NettyServerCnxn@285] - Processing stat command from /127.0.0.1:63182
2020-06-22 14:09:29,382 [myid:] - INFO  [Time-limited test:FourLetterWordMain@93] - connecting to 127.0.0.1 30084
2020-06-22 14:09:29,383 [myid:3] - INFO  [nioEventLoopGroup-19-15:NettyServerCnxn@285] - Processing stat command from /127.0.0.1:63193
2020-06-22 14:09:29,634 [myid:] - INFO  [Time-limited test:FourLetterWordMain@93] - connecting to 127.0.0.1 30084
2020-06-22 14:09:29,635 [myid:3] - INFO  [nioEventLoopGroup-19-16:NettyServerCnxn@285] - Processing stat command from /127.0.0.1:63196
2020-06-22 14:09:29,885 [myid:] - INFO  [Time-limited test:FourLetterWordMain@93] - connecting to 127.0.0.1 30084
2020-06-22 14:09:29,886 [myid:3] - INFO  [nioEventLoopGroup-19-1:NettyServerCnxn@285] - Processing stat command from /127.0.0.1:63202
2020-06-22 14:09:30,137 [myid:] - INFO  [Time-limited test:FourLetterWordMain@93] - connecting to 127.0.0.1 30084
2020-06-22 14:09:30,138 [myid:3] - INFO  [nioEventLoopGroup-19-2:NettyServerCnxn@285] - Processing stat command from /127.0.0.1:63207
2020-06-22 14:09:30,389 [myid:] - INFO  [Time-limited test:FourLetterWordMain@93] - connecting to 127.0.0.1 30084
2020-06-22 14:09:30,390 [myid:3] - INFO  [nioEventLoopGroup-19-3:NettyServerCnxn@285] - Processing stat command from /127.0.0.1:63216
2020-06-22 14:09:30,640 [myid:] - INFO  [Time-limited test:FourLetterWordMain@93] - connecting to 127.0.0.1 30084
2020-06-22 14:09:30,641 [myid:3] - INFO  [nioEventLoopGroup-19-4:NettyServerCnxn@285] - Processing stat command from /127.0.0.1:63267
2020-06-22 14:09:30,893 [myid:] - INFO  [Time-limited test:FourLetterWordMain@93] - connecting to 127.0.0.1 30084
2020-06-22 14:09:30,894 [myid:3] - INFO  [nioEventLoopGroup-19-5:NettyServerCnxn@285] - Processing stat command from /127.0.0.1:63314
2020-06-22 14:09:31,145 [myid:] - INFO  [Time-limited test:FourLetterWordMain@93] - connecting to 127.0.0.1 30084
2020-06-22 14:09:31,146 [myid:3] - INFO  [nioEventLoopGroup-19-6:NettyServerCnxn@285] - Processing stat command from /127.0.0.1:63338
2020-06-22 14:09:31,397 [myid:] - INFO  [Time-limited test:FourLetterWordMain@93] - connecting to 127.0.0.1 30084
2020-06-22 14:09:31,398 [myid:3] - INFO  [nioEventLoopGroup-19-7:NettyServerCnxn@285] - Processing stat command from /127.0.0.1:63359
2020-06-22 14:09:31,654 [myid:] - INFO  [Time-limited test:FourLetterWordMain@93] - connecting to 127.0.0.1 30084
2020-06-22 14:09:31,655 [myid:3] - INFO  [nioEventLoopGroup-19-8:NettyServerCnxn@285] - Processing stat command from /127.0.0.1:63369
2020-06-22 14:09:31,905 [myid:] - INFO  [Time-limited test:FourLetterWordMain@93] - connecting to 127.0.0.1 30084
2020-06-22 14:09:31,906 [myid:3] - INFO  [nioEventLoopGroup-19-9:NettyServerCnxn@285] - Processing stat command from /127.0.0.1:63377
2020-06-22 14:09:32,156 [myid:] - INFO  [Time-limited test:FourLetterWordMain@93] - connecting to 127.0.0.1 30084
2020-06-22 14:09:32,156 [myid:3] - INFO  [nioEventLoopGroup-19-10:NettyServerCnxn@285] - Processing stat command from /127.0.0.1:63383
2020-06-22 14:09:32,408 [myid:] - INFO  [Time-limited test:FourLetterWordMain@93] - connecting to 127.0.0.1 30084
2020-06-22 14:09:32,409 [myid:3] - INFO  [nioEventLoopGroup-19-11:NettyServerCnxn@285] - Processing stat command from /127.0.0.1:63395
2020-06-22 14:09:32,674 [myid:] - INFO  [Time-limited test:FourLetterWordMain@93] - connecting to 127.0.0.1 30084
2020-06-22 14:09:32,675 [myid:3] - INFO  [nioEventLoopGroup-19-12:NettyServerCnxn@285] - Processing stat command from /127.0.0.1:63398
2020-06-22 14:09:32,927 [myid:] - INFO  [Time-limited test:FourLetterWordMain@93] - connecting to 127.0.0.1 30084
2020-06-22 14:09:32,928 [myid:3] - INFO  [nioEventLoopGroup-19-13:NettyServerCnxn@285] - Processing stat command from /127.0.0.1:63406
2020-06-22 14:09:33,178 [myid:] - INFO  [Time-limited test:FourLetterWordMain@93] - connecting to 127.0.0.1 30084
2020-06-22 14:09:33,179 [myid:3] - INFO  [nioEventLoopGroup-19-14:NettyServerCnxn@285] - Processing stat command from /127.0.0.1:63454
2020-06-22 14:09:33,429 [myid:] - INFO  [Time-limited test:FourLetterWordMain@93] - connecting to 127.0.0.1 30084
2020-06-22 14:09:33,430 [myid:3] - INFO  [nioEventLoopGroup-19-15:NettyServerCnxn@285] - Processing stat command from /127.0.0.1:63471
2020-06-22 14:09:33,681 [myid:] - INFO  [Time-limited test:FourLetterWordMain@93] - connecting to 127.0.0.1 30084
2020-06-22 14:09:33,682 [myid:3] - INFO  [nioEventLoopGroup-19-16:NettyServerCnxn@285] - Processing stat command from /127.0.0.1:63479
2020-06-22 14:09:33,941 [myid:] - INFO  [Time-limited test:FourLetterWordMain@93] - connecting to 127.0.0.1 30084
2020-06-22 14:09:33,942 [myid:3] - INFO  [nioEventLoopGroup-19-1:NettyServerCnxn@285] - Processing stat command from /127.0.0.1:63487
2020-06-22 14:09:34,193 [myid:] - INFO  [Time-limited test:FourLetterWordMain@93] - connecting to 127.0.0.1 30084
2020-06-22 14:09:34,194 [myid:3] - INFO  [nioEventLoopGroup-19-2:NettyServerCnxn@285] - Processing stat command from /127.0.0.1:63495
2020-06-22 14:09:34,351 [myid:3] - INFO  [QuorumPeer[myid=3](plain=[0:0:0:0:0:0:0:0]:30084)(secure=disabled):FastLeaderElection@979] - Notification time out: 12800
2020-06-22 14:09:34,352 [myid:1] - INFO  [ListenerHandler-/127.0.0.1:30088:QuorumCnxManager$Listener$ListenerHandler@1070] - Received connection request from /127.0.0.1:63501
2020-06-22 14:09:34,352 [myid:2] - INFO  [ListenerHandler-/127.0.0.1:30089:QuorumCnxManager$Listener$ListenerHandler@1070] - Received connection request from /127.0.0.1:63500
2020-06-22 14:09:34,408 [myid:2] - ERROR [ListenerHandler-/127.0.0.1:30089:ZKTrustManager@161] - Failed to verify host address: 127.0.0.1
javax.net.ssl.SSLPeerUnverifiedException: Certificate for <127.0.0.1> doesn't match any of the subject alternative names: [localhost]
	at org.apache.zookeeper.common.ZKHostnameVerifier.matchIPAddress(ZKHostnameVerifier.java:197)
	at org.apache.zookeeper.common.ZKHostnameVerifier.verify(ZKHostnameVerifier.java:165)
	at org.apache.zookeeper.common.ZKTrustManager.performHostVerification(ZKTrustManager.java:151)
	at org.apache.zookeeper.common.ZKTrustManager.checkClientTrusted(ZKTrustManager.java:79)
	at sun.security.ssl.ServerHandshaker.clientCertificate(ServerHandshaker.java:2037)
	at sun.security.ssl.ServerHandshaker.processMessage(ServerHandshaker.java:233)
	at sun.security.ssl.Handshaker.processLoop(Handshaker.java:1082)
	at sun.security.ssl.Handshaker.process_record(Handshaker.java:1010)
	at sun.security.ssl.SSLSocketImpl.readRecord(SSLSocketImpl.java:1079)
	at sun.security.ssl.SSLSocketImpl.performInitialHandshake(SSLSocketImpl.java:1388)
	at sun.security.ssl.SSLSocketImpl.startHandshake(SSLSocketImpl.java:1416)
	at sun.security.ssl.SSLSocketImpl.getSession(SSLSocketImpl.java:2309)
	at org.apache.zookeeper.server.quorum.UnifiedServerSocket$UnifiedSocket.detectMode(UnifiedServerSocket.java:269)
	at org.apache.zookeeper.server.quorum.UnifiedServerSocket$UnifiedSocket.getSocket(UnifiedServerSocket.java:298)
	at org.apache.zookeeper.server.quorum.UnifiedServerSocket$UnifiedSocket.access$400(UnifiedServerSocket.java:172)
	at org.apache.zookeeper.server.quorum.UnifiedServerSocket$UnifiedInputStream.getRealInputStream(UnifiedServerSocket.java:699)
	at org.apache.zookeeper.server.quorum.UnifiedServerSocket$UnifiedInputStream.read(UnifiedServerSocket.java:693)
	at java.io.BufferedInputStream.fill(BufferedInputStream.java:246)
	at java.io.BufferedInputStream.read1(BufferedInputStream.java:286)
	at java.io.BufferedInputStream.read(BufferedInputStream.java:345)
	at java.io.DataInputStream.readFully(DataInputStream.java:195)
	at java.io.DataInputStream.readLong(DataInputStream.java:416)
	at org.apache.zookeeper.server.quorum.QuorumCnxManager.handleConnection(QuorumCnxManager.java:601)
	at org.apache.zookeeper.server.quorum.QuorumCnxManager.receiveConnection(QuorumCnxManager.java:554)
	at org.apache.zookeeper.server.quorum.QuorumCnxManager$Listener$ListenerHandler.acceptConnections(QuorumCnxManager.java:1079)
	at org.apache.zookeeper.server.quorum.QuorumCnxManager$Listener$ListenerHandler.run(QuorumCnxManager.java:1033)
	at java.util.concurrent.Executors$RunnableAdapter.call(Executors.java:511)
	at java.util.concurrent.FutureTask.run(FutureTask.java:266)
	at java.util.concurrent.ThreadPoolExecutor.runWorker(ThreadPoolExecutor.java:1149)
	at java.util.concurrent.ThreadPoolExecutor$Worker.run(ThreadPoolExecutor.java:624)
	at java.lang.Thread.run(Thread.java:748)
2020-06-22 14:09:34,409 [myid:2] - ERROR [ListenerHandler-/127.0.0.1:30089:ZKTrustManager@162] - Failed to verify hostname: activate.navicat.com
javax.net.ssl.SSLPeerUnverifiedException: Certificate for <activate.navicat.com> doesn't match any of the subject alternative names: [localhost]
	at org.apache.zookeeper.common.ZKHostnameVerifier.matchDNSName(ZKHostnameVerifier.java:230)
	at org.apache.zookeeper.common.ZKHostnameVerifier.verify(ZKHostnameVerifier.java:171)
	at org.apache.zookeeper.common.ZKTrustManager.performHostVerification(ZKTrustManager.java:159)
	at org.apache.zookeeper.common.ZKTrustManager.checkClientTrusted(ZKTrustManager.java:79)
	at sun.security.ssl.ServerHandshaker.clientCertificate(ServerHandshaker.java:2037)
	at sun.security.ssl.ServerHandshaker.processMessage(ServerHandshaker.java:233)
	at sun.security.ssl.Handshaker.processLoop(Handshaker.java:1082)
	at sun.security.ssl.Handshaker.process_record(Handshaker.java:1010)
	at sun.security.ssl.SSLSocketImpl.readRecord(SSLSocketImpl.java:1079)
	at sun.security.ssl.SSLSocketImpl.performInitialHandshake(SSLSocketImpl.java:1388)
	at sun.security.ssl.SSLSocketImpl.startHandshake(SSLSocketImpl.java:1416)
	at sun.security.ssl.SSLSocketImpl.getSession(SSLSocketImpl.java:2309)
	at org.apache.zookeeper.server.quorum.UnifiedServerSocket$UnifiedSocket.detectMode(UnifiedServerSocket.java:269)
	at org.apache.zookeeper.server.quorum.UnifiedServerSocket$UnifiedSocket.getSocket(UnifiedServerSocket.java:298)
	at org.apache.zookeeper.server.quorum.UnifiedServerSocket$UnifiedSocket.access$400(UnifiedServerSocket.java:172)
	at org.apache.zookeeper.server.quorum.UnifiedServerSocket$UnifiedInputStream.getRealInputStream(UnifiedServerSocket.java:699)
	at org.apache.zookeeper.server.quorum.UnifiedServerSocket$UnifiedInputStream.read(UnifiedServerSocket.java:693)
	at java.io.BufferedInputStream.fill(BufferedInputStream.java:246)
	at java.io.BufferedInputStream.read1(BufferedInputStream.java:286)
	at java.io.BufferedInputStream.read(BufferedInputStream.java:345)
	at java.io.DataInputStream.readFully(DataInputStream.java:195)
	at java.io.DataInputStream.readLong(DataInputStream.java:416)
	at org.apache.zookeeper.server.quorum.QuorumCnxManager.handleConnection(QuorumCnxManager.java:601)
	at org.apache.zookeeper.server.quorum.QuorumCnxManager.receiveConnection(QuorumCnxManager.java:554)
	at org.apache.zookeeper.server.quorum.QuorumCnxManager$Listener$ListenerHandler.acceptConnections(QuorumCnxManager.java:1079)
	at org.apache.zookeeper.server.quorum.QuorumCnxManager$Listener$ListenerHandler.run(QuorumCnxManager.java:1033)
	at java.util.concurrent.Executors$RunnableAdapter.call(Executors.java:511)
	at java.util.concurrent.FutureTask.run(FutureTask.java:266)
	at java.util.concurrent.ThreadPoolExecutor.runWorker(ThreadPoolExecutor.java:1149)
	at java.util.concurrent.ThreadPoolExecutor$Worker.run(ThreadPoolExecutor.java:624)
	at java.lang.Thread.run(Thread.java:748)
2020-06-22 14:09:34,410 [myid:2] - INFO  [ListenerHandler-/127.0.0.1:30089:UnifiedServerSocket$UnifiedSocket@266] - Accepted TLS connection from activate.navicat.com/127.0.0.1:63500 - NONE - SSL_NULL_WITH_NULL_NULL
2020-06-22 14:09:34,410 [myid:2] - WARN  [ListenerHandler-/127.0.0.1:30089:QuorumCnxManager@629] - Exception reading or writing challenge
javax.net.ssl.SSLException: Connection has been shutdown: javax.net.ssl.SSLHandshakeException: java.security.cert.CertificateException: Failed to verify both host address and host name
	at sun.security.ssl.SSLSocketImpl.checkEOF(SSLSocketImpl.java:1554)
	at sun.security.ssl.AppInputStream.read(AppInputStream.java:95)
	at org.apache.zookeeper.server.quorum.UnifiedServerSocket$UnifiedInputStream.read(UnifiedServerSocket.java:693)
	at java.io.BufferedInputStream.fill(BufferedInputStream.java:246)
	at java.io.BufferedInputStream.read1(BufferedInputStream.java:286)
	at java.io.BufferedInputStream.read(BufferedInputStream.java:345)
	at java.io.DataInputStream.readFully(DataInputStream.java:195)
	at java.io.DataInputStream.readLong(DataInputStream.java:416)
	at org.apache.zookeeper.server.quorum.QuorumCnxManager.handleConnection(QuorumCnxManager.java:601)
	at org.apache.zookeeper.server.quorum.QuorumCnxManager.receiveConnection(QuorumCnxManager.java:554)
	at org.apache.zookeeper.server.quorum.QuorumCnxManager$Listener$ListenerHandler.acceptConnections(QuorumCnxManager.java:1079)
	at org.apache.zookeeper.server.quorum.QuorumCnxManager$Listener$ListenerHandler.run(QuorumCnxManager.java:1033)
	at java.util.concurrent.Executors$RunnableAdapter.call(Executors.java:511)
	at java.util.concurrent.FutureTask.run(FutureTask.java:266)
	at java.util.concurrent.ThreadPoolExecutor.runWorker(ThreadPoolExecutor.java:1149)
	at java.util.concurrent.ThreadPoolExecutor$Worker.run(ThreadPoolExecutor.java:624)
	at java.lang.Thread.run(Thread.java:748)
Caused by: javax.net.ssl.SSLHandshakeException: java.security.cert.CertificateException: Failed to verify both host address and host name
	at sun.security.ssl.Alerts.getSSLException(Alerts.java:198)
	at sun.security.ssl.SSLSocketImpl.fatal(SSLSocketImpl.java:1967)
	at sun.security.ssl.Handshaker.fatalSE(Handshaker.java:331)
	at sun.security.ssl.Handshaker.fatalSE(Handshaker.java:325)
	at sun.security.ssl.ServerHandshaker.clientCertificate(ServerHandshaker.java:2055)
	at sun.security.ssl.ServerHandshaker.processMessage(ServerHandshaker.java:233)
	at sun.security.ssl.Handshaker.processLoop(Handshaker.java:1082)
	at sun.security.ssl.Handshaker.process_record(Handshaker.java:1010)
	at sun.security.ssl.SSLSocketImpl.readRecord(SSLSocketImpl.java:1079)
	at sun.security.ssl.SSLSocketImpl.performInitialHandshake(SSLSocketImpl.java:1388)
	at sun.security.ssl.SSLSocketImpl.startHandshake(SSLSocketImpl.java:1416)
	at sun.security.ssl.SSLSocketImpl.getSession(SSLSocketImpl.java:2309)
	at org.apache.zookeeper.server.quorum.UnifiedServerSocket$UnifiedSocket.detectMode(UnifiedServerSocket.java:269)
	at org.apache.zookeeper.server.quorum.UnifiedServerSocket$UnifiedSocket.getSocket(UnifiedServerSocket.java:298)
	at org.apache.zookeeper.server.quorum.UnifiedServerSocket$UnifiedSocket.access$400(UnifiedServerSocket.java:172)
	at org.apache.zookeeper.server.quorum.UnifiedServerSocket$UnifiedInputStream.getRealInputStream(UnifiedServerSocket.java:699)
	... 15 more
Caused by: java.security.cert.CertificateException: Failed to verify both host address and host name
	at org.apache.zookeeper.common.ZKTrustManager.performHostVerification(ZKTrustManager.java:163)
	at org.apache.zookeeper.common.ZKTrustManager.checkClientTrusted(ZKTrustManager.java:79)
	at sun.security.ssl.ServerHandshaker.clientCertificate(ServerHandshaker.java:2037)
	... 26 more
Caused by: javax.net.ssl.SSLPeerUnverifiedException: Certificate for <activate.navicat.com> doesn't match any of the subject alternative names: [localhost]
	at org.apache.zookeeper.common.ZKHostnameVerifier.matchDNSName(ZKHostnameVerifier.java:230)
	at org.apache.zookeeper.common.ZKHostnameVerifier.verify(ZKHostnameVerifier.java:171)
	at org.apache.zookeeper.common.ZKTrustManager.performHostVerification(ZKTrustManager.java:159)
	... 28 more
2020-06-22 14:09:34,420 [myid:1] - ERROR [ListenerHandler-/127.0.0.1:30088:ZKTrustManager@161] - Failed to verify host address: 127.0.0.1
javax.net.ssl.SSLPeerUnverifiedException: Certificate for <127.0.0.1> doesn't match any of the subject alternative names: [localhost]
	at org.apache.zookeeper.common.ZKHostnameVerifier.matchIPAddress(ZKHostnameVerifier.java:197)
	at org.apache.zookeeper.common.ZKHostnameVerifier.verify(ZKHostnameVerifier.java:165)
	at org.apache.zookeeper.common.ZKTrustManager.performHostVerification(ZKTrustManager.java:151)
	at org.apache.zookeeper.common.ZKTrustManager.checkClientTrusted(ZKTrustManager.java:79)
	at sun.security.ssl.ServerHandshaker.clientCertificate(ServerHandshaker.java:2037)
	at sun.security.ssl.ServerHandshaker.processMessage(ServerHandshaker.java:233)
	at sun.security.ssl.Handshaker.processLoop(Handshaker.java:1082)
	at sun.security.ssl.Handshaker.process_record(Handshaker.java:1010)
	at sun.security.ssl.SSLSocketImpl.readRecord(SSLSocketImpl.java:1079)
	at sun.security.ssl.SSLSocketImpl.performInitialHandshake(SSLSocketImpl.java:1388)
	at sun.security.ssl.SSLSocketImpl.startHandshake(SSLSocketImpl.java:1416)
	at sun.security.ssl.SSLSocketImpl.getSession(SSLSocketImpl.java:2309)
	at org.apache.zookeeper.server.quorum.UnifiedServerSocket$UnifiedSocket.detectMode(UnifiedServerSocket.java:269)
	at org.apache.zookeeper.server.quorum.UnifiedServerSocket$UnifiedSocket.getSocket(UnifiedServerSocket.java:298)
	at org.apache.zookeeper.server.quorum.UnifiedServerSocket$UnifiedSocket.access$400(UnifiedServerSocket.java:172)
	at org.apache.zookeeper.server.quorum.UnifiedServerSocket$UnifiedInputStream.getRealInputStream(UnifiedServerSocket.java:699)
	at org.apache.zookeeper.server.quorum.UnifiedServerSocket$UnifiedInputStream.read(UnifiedServerSocket.java:693)
	at java.io.BufferedInputStream.fill(BufferedInputStream.java:246)
	at java.io.BufferedInputStream.read1(BufferedInputStream.java:286)
	at java.io.BufferedInputStream.read(BufferedInputStream.java:345)
	at java.io.DataInputStream.readFully(DataInputStream.java:195)
	at java.io.DataInputStream.readLong(DataInputStream.java:416)
	at org.apache.zookeeper.server.quorum.QuorumCnxManager.handleConnection(QuorumCnxManager.java:601)
	at org.apache.zookeeper.server.quorum.QuorumCnxManager.receiveConnection(QuorumCnxManager.java:554)
	at org.apache.zookeeper.server.quorum.QuorumCnxManager$Listener$ListenerHandler.acceptConnections(QuorumCnxManager.java:1079)
	at org.apache.zookeeper.server.quorum.QuorumCnxManager$Listener$ListenerHandler.run(QuorumCnxManager.java:1033)
	at java.util.concurrent.Executors$RunnableAdapter.call(Executors.java:511)
	at java.util.concurrent.FutureTask.run(FutureTask.java:266)
	at java.util.concurrent.ThreadPoolExecutor.runWorker(ThreadPoolExecutor.java:1149)
	at java.util.concurrent.ThreadPoolExecutor$Worker.run(ThreadPoolExecutor.java:624)
	at java.lang.Thread.run(Thread.java:748)
2020-06-22 14:09:34,420 [myid:1] - ERROR [ListenerHandler-/127.0.0.1:30088:ZKTrustManager@162] - Failed to verify hostname: activate.navicat.com
javax.net.ssl.SSLPeerUnverifiedException: Certificate for <activate.navicat.com> doesn't match any of the subject alternative names: [localhost]
	at org.apache.zookeeper.common.ZKHostnameVerifier.matchDNSName(ZKHostnameVerifier.java:230)
	at org.apache.zookeeper.common.ZKHostnameVerifier.verify(ZKHostnameVerifier.java:171)
	at org.apache.zookeeper.common.ZKTrustManager.performHostVerification(ZKTrustManager.java:159)
	at org.apache.zookeeper.common.ZKTrustManager.checkClientTrusted(ZKTrustManager.java:79)
	at sun.security.ssl.ServerHandshaker.clientCertificate(ServerHandshaker.java:2037)
	at sun.security.ssl.ServerHandshaker.processMessage(ServerHandshaker.java:233)
	at sun.security.ssl.Handshaker.processLoop(Handshaker.java:1082)
	at sun.security.ssl.Handshaker.process_record(Handshaker.java:1010)
	at sun.security.ssl.SSLSocketImpl.readRecord(SSLSocketImpl.java:1079)
	at sun.security.ssl.SSLSocketImpl.performInitialHandshake(SSLSocketImpl.java:1388)
	at sun.security.ssl.SSLSocketImpl.startHandshake(SSLSocketImpl.java:1416)
	at sun.security.ssl.SSLSocketImpl.getSession(SSLSocketImpl.java:2309)
	at org.apache.zookeeper.server.quorum.UnifiedServerSocket$UnifiedSocket.detectMode(UnifiedServerSocket.java:269)
	at org.apache.zookeeper.server.quorum.UnifiedServerSocket$UnifiedSocket.getSocket(UnifiedServerSocket.java:298)
	at org.apache.zookeeper.server.quorum.UnifiedServerSocket$UnifiedSocket.access$400(UnifiedServerSocket.java:172)
	at org.apache.zookeeper.server.quorum.UnifiedServerSocket$UnifiedInputStream.getRealInputStream(UnifiedServerSocket.java:699)
	at org.apache.zookeeper.server.quorum.UnifiedServerSocket$UnifiedInputStream.read(UnifiedServerSocket.java:693)
	at java.io.BufferedInputStream.fill(BufferedInputStream.java:246)
	at java.io.BufferedInputStream.read1(BufferedInputStream.java:286)
	at java.io.BufferedInputStream.read(BufferedInputStream.java:345)
	at java.io.DataInputStream.readFully(DataInputStream.java:195)
	at java.io.DataInputStream.readLong(DataInputStream.java:416)
	at org.apache.zookeeper.server.quorum.QuorumCnxManager.handleConnection(QuorumCnxManager.java:601)
	at org.apache.zookeeper.server.quorum.QuorumCnxManager.receiveConnection(QuorumCnxManager.java:554)
	at org.apache.zookeeper.server.quorum.QuorumCnxManager$Listener$ListenerHandler.acceptConnections(QuorumCnxManager.java:1079)
	at org.apache.zookeeper.server.quorum.QuorumCnxManager$Listener$ListenerHandler.run(QuorumCnxManager.java:1033)
	at java.util.concurrent.Executors$RunnableAdapter.call(Executors.java:511)
	at java.util.concurrent.FutureTask.run(FutureTask.java:266)
	at java.util.concurrent.ThreadPoolExecutor.runWorker(ThreadPoolExecutor.java:1149)
	at java.util.concurrent.ThreadPoolExecutor$Worker.run(ThreadPoolExecutor.java:624)
	at java.lang.Thread.run(Thread.java:748)
2020-06-22 14:09:34,421 [myid:1] - INFO  [ListenerHandler-/127.0.0.1:30088:UnifiedServerSocket$UnifiedSocket@266] - Accepted TLS connection from activate.navicat.com/127.0.0.1:63501 - NONE - SSL_NULL_WITH_NULL_NULL
2020-06-22 14:09:34,422 [myid:1] - WARN  [ListenerHandler-/127.0.0.1:30088:QuorumCnxManager@629] - Exception reading or writing challenge
javax.net.ssl.SSLException: Connection has been shutdown: javax.net.ssl.SSLHandshakeException: java.security.cert.CertificateException: Failed to verify both host address and host name
	at sun.security.ssl.SSLSocketImpl.checkEOF(SSLSocketImpl.java:1554)
	at sun.security.ssl.AppInputStream.read(AppInputStream.java:95)
	at org.apache.zookeeper.server.quorum.UnifiedServerSocket$UnifiedInputStream.read(UnifiedServerSocket.java:693)
	at java.io.BufferedInputStream.fill(BufferedInputStream.java:246)
	at java.io.BufferedInputStream.read1(BufferedInputStream.java:286)
	at java.io.BufferedInputStream.read(BufferedInputStream.java:345)
	at java.io.DataInputStream.readFully(DataInputStream.java:195)
	at java.io.DataInputStream.readLong(DataInputStream.java:416)
	at org.apache.zookeeper.server.quorum.QuorumCnxManager.handleConnection(QuorumCnxManager.java:601)
	at org.apache.zookeeper.server.quorum.QuorumCnxManager.receiveConnection(QuorumCnxManager.java:554)
	at org.apache.zookeeper.server.quorum.QuorumCnxManager$Listener$ListenerHandler.acceptConnections(QuorumCnxManager.java:1079)
	at org.apache.zookeeper.server.quorum.QuorumCnxManager$Listener$ListenerHandler.run(QuorumCnxManager.java:1033)
	at java.util.concurrent.Executors$RunnableAdapter.call(Executors.java:511)
	at java.util.concurrent.FutureTask.run(FutureTask.java:266)
	at java.util.concurrent.ThreadPoolExecutor.runWorker(ThreadPoolExecutor.java:1149)
	at java.util.concurrent.ThreadPoolExecutor$Worker.run(ThreadPoolExecutor.java:624)
	at java.lang.Thread.run(Thread.java:748)
Caused by: javax.net.ssl.SSLHandshakeException: java.security.cert.CertificateException: Failed to verify both host address and host name
	at sun.security.ssl.Alerts.getSSLException(Alerts.java:198)
	at sun.security.ssl.SSLSocketImpl.fatal(SSLSocketImpl.java:1967)
	at sun.security.ssl.Handshaker.fatalSE(Handshaker.java:331)
	at sun.security.ssl.Handshaker.fatalSE(Handshaker.java:325)
	at sun.security.ssl.ServerHandshaker.clientCertificate(ServerHandshaker.java:2055)
	at sun.security.ssl.ServerHandshaker.processMessage(ServerHandshaker.java:233)
	at sun.security.ssl.Handshaker.processLoop(Handshaker.java:1082)
	at sun.security.ssl.Handshaker.process_record(Handshaker.java:1010)
	at sun.security.ssl.SSLSocketImpl.readRecord(SSLSocketImpl.java:1079)
	at sun.security.ssl.SSLSocketImpl.performInitialHandshake(SSLSocketImpl.java:1388)
	at sun.security.ssl.SSLSocketImpl.startHandshake(SSLSocketImpl.java:1416)
	at sun.security.ssl.SSLSocketImpl.getSession(SSLSocketImpl.java:2309)
	at org.apache.zookeeper.server.quorum.UnifiedServerSocket$UnifiedSocket.detectMode(UnifiedServerSocket.java:269)
	at org.apache.zookeeper.server.quorum.UnifiedServerSocket$UnifiedSocket.getSocket(UnifiedServerSocket.java:298)
	at org.apache.zookeeper.server.quorum.UnifiedServerSocket$UnifiedSocket.access$400(UnifiedServerSocket.java:172)
	at org.apache.zookeeper.server.quorum.UnifiedServerSocket$UnifiedInputStream.getRealInputStream(UnifiedServerSocket.java:699)
	... 15 more
Caused by: java.security.cert.CertificateException: Failed to verify both host address and host name
	at org.apache.zookeeper.common.ZKTrustManager.performHostVerification(ZKTrustManager.java:163)
	at org.apache.zookeeper.common.ZKTrustManager.checkClientTrusted(ZKTrustManager.java:79)
	at sun.security.ssl.ServerHandshaker.clientCertificate(ServerHandshaker.java:2037)
	... 26 more
Caused by: javax.net.ssl.SSLPeerUnverifiedException: Certificate for <activate.navicat.com> doesn't match any of the subject alternative names: [localhost]
	at org.apache.zookeeper.common.ZKHostnameVerifier.matchDNSName(ZKHostnameVerifier.java:230)
	at org.apache.zookeeper.common.ZKHostnameVerifier.verify(ZKHostnameVerifier.java:171)
	at org.apache.zookeeper.common.ZKTrustManager.performHostVerification(ZKTrustManager.java:159)
	... 28 more
2020-06-22 14:09:34,446 [myid:] - INFO  [Time-limited test:FourLetterWordMain@93] - connecting to 127.0.0.1 30084
2020-06-22 14:09:34,447 [myid:3] - INFO  [nioEventLoopGroup-19-3:NettyServerCnxn@285] - Processing stat command from /127.0.0.1:63508
2020-06-22 14:09:34,461 [myid:3] - WARN  [QuorumConnectionThread-[myid=3]-3:QuorumCnxManager@400] - Cannot open channel to 2 at election address /127.0.0.1:30089
java.net.SocketException: Software caused connection abort: recv failed
	at java.net.SocketInputStream.socketRead0(Native Method)
	at java.net.SocketInputStream.socketRead(SocketInputStream.java:116)
	at java.net.SocketInputStream.read(SocketInputStream.java:171)
	at java.net.SocketInputStream.read(SocketInputStream.java:141)
	at sun.security.ssl.InputRecord.readFully(InputRecord.java:465)
	at sun.security.ssl.InputRecord.read(InputRecord.java:503)
	at sun.security.ssl.SSLSocketImpl.readRecord(SSLSocketImpl.java:990)
	at sun.security.ssl.SSLSocketImpl.waitForClose(SSLSocketImpl.java:1782)
	at sun.security.ssl.HandshakeOutStream.flush(HandshakeOutStream.java:124)
	at sun.security.ssl.Handshaker.sendChangeCipherSpec(Handshaker.java:1197)
	at sun.security.ssl.ClientHandshaker.sendChangeCipherAndFinish(ClientHandshaker.java:1323)
	at sun.security.ssl.ClientHandshaker.serverHelloDone(ClientHandshaker.java:1233)
	at sun.security.ssl.ClientHandshaker.processMessage(ClientHandshaker.java:372)
	at sun.security.ssl.Handshaker.processLoop(Handshaker.java:1082)
	at sun.security.ssl.Handshaker.process_record(Handshaker.java:1010)
	at sun.security.ssl.SSLSocketImpl.readRecord(SSLSocketImpl.java:1079)
	at sun.security.ssl.SSLSocketImpl.performInitialHandshake(SSLSocketImpl.java:1388)
	at sun.security.ssl.SSLSocketImpl.startHandshake(SSLSocketImpl.java:1416)
	at sun.security.ssl.SSLSocketImpl.startHandshake(SSLSocketImpl.java:1400)
	at org.apache.zookeeper.server.quorum.QuorumCnxManager.initiateConnection(QuorumCnxManager.java:386)
	at org.apache.zookeeper.server.quorum.QuorumCnxManager$QuorumConnectionReqThread.run(QuorumCnxManager.java:457)
	at java.util.concurrent.ThreadPoolExecutor.runWorker(ThreadPoolExecutor.java:1149)
	at java.util.concurrent.ThreadPoolExecutor$Worker.run(ThreadPoolExecutor.java:624)
	at java.lang.Thread.run(Thread.java:748)
2020-06-22 14:09:34,469 [myid:3] - WARN  [QuorumConnectionThread-[myid=3]-1:QuorumCnxManager@400] - Cannot open channel to 1 at election address /127.0.0.1:30088
java.net.SocketException: Software caused connection abort: socket write error
	at java.net.SocketOutputStream.socketWrite0(Native Method)
	at java.net.SocketOutputStream.socketWrite(SocketOutputStream.java:111)
	at java.net.SocketOutputStream.write(SocketOutputStream.java:155)
	at sun.security.ssl.OutputRecord.writeBuffer(OutputRecord.java:431)
	at sun.security.ssl.OutputRecord.write(OutputRecord.java:417)
	at sun.security.ssl.SSLSocketImpl.writeRecordInternal(SSLSocketImpl.java:894)
	at sun.security.ssl.SSLSocketImpl.writeRecord(SSLSocketImpl.java:865)
	at sun.security.ssl.SSLSocketImpl.writeRecord(SSLSocketImpl.java:735)
	at sun.security.ssl.Handshaker.sendChangeCipherSpec(Handshaker.java:1189)
	at sun.security.ssl.ClientHandshaker.sendChangeCipherAndFinish(ClientHandshaker.java:1323)
	at sun.security.ssl.ClientHandshaker.serverHelloDone(ClientHandshaker.java:1233)
	at sun.security.ssl.ClientHandshaker.processMessage(ClientHandshaker.java:372)
	at sun.security.ssl.Handshaker.processLoop(Handshaker.java:1082)
	at sun.security.ssl.Handshaker.process_record(Handshaker.java:1010)
	at sun.security.ssl.SSLSocketImpl.readRecord(SSLSocketImpl.java:1079)
	at sun.security.ssl.SSLSocketImpl.performInitialHandshake(SSLSocketImpl.java:1388)
	at sun.security.ssl.SSLSocketImpl.startHandshake(SSLSocketImpl.java:1416)
	at sun.security.ssl.SSLSocketImpl.startHandshake(SSLSocketImpl.java:1400)
	at org.apache.zookeeper.server.quorum.QuorumCnxManager.initiateConnection(QuorumCnxManager.java:386)
	at org.apache.zookeeper.server.quorum.QuorumCnxManager$QuorumConnectionReqThread.run(QuorumCnxManager.java:457)
	at java.util.concurrent.ThreadPoolExecutor.runWorker(ThreadPoolExecutor.java:1149)
	at java.util.concurrent.ThreadPoolExecutor$Worker.run(ThreadPoolExecutor.java:624)
	at java.lang.Thread.run(Thread.java:748)
2020-06-22 14:09:34,697 [myid:] - INFO  [Time-limited test:FourLetterWordMain@93] - connecting to 127.0.0.1 30084
2020-06-22 14:09:34,698 [myid:3] - INFO  [nioEventLoopGroup-19-4:NettyServerCnxn@285] - Processing stat command from /127.0.0.1:63520
2020-06-22 14:09:34,949 [myid:] - INFO  [Time-limited test:FourLetterWordMain@93] - connecting to 127.0.0.1 30084
2020-06-22 14:09:34,950 [myid:3] - INFO  [nioEventLoopGroup-19-5:NettyServerCnxn@285] - Processing stat command from /127.0.0.1:63530
2020-06-22 14:09:35,201 [myid:] - INFO  [Time-limited test:FourLetterWordMain@93] - connecting to 127.0.0.1 30084
2020-06-22 14:09:35,202 [myid:3] - INFO  [nioEventLoopGroup-19-6:NettyServerCnxn@285] - Processing stat command from /127.0.0.1:63545
2020-06-22 14:09:35,453 [myid:] - INFO  [Time-limited test:FourLetterWordMain@93] - connecting to 127.0.0.1 30084
2020-06-22 14:09:35,454 [myid:3] - INFO  [nioEventLoopGroup-19-7:NettyServerCnxn@285] - Processing stat command from /127.0.0.1:63553
2020-06-22 14:09:35,705 [myid:] - INFO  [Time-limited test:FourLetterWordMain@93] - connecting to 127.0.0.1 30084
2020-06-22 14:09:35,706 [myid:3] - INFO  [nioEventLoopGroup-19-8:NettyServerCnxn@285] - Processing stat command from /127.0.0.1:63567
2020-06-22 14:09:35,957 [myid:] - INFO  [Time-limited test:FourLetterWordMain@93] - connecting to 127.0.0.1 30084
2020-06-22 14:09:35,958 [myid:3] - INFO  [nioEventLoopGroup-19-9:NettyServerCnxn@285] - Processing stat command from /127.0.0.1:63585
2020-06-22 14:09:36,209 [myid:] - INFO  [Time-limited test:FourLetterWordMain@93] - connecting to 127.0.0.1 30084
2020-06-22 14:09:36,210 [myid:3] - INFO  [nioEventLoopGroup-19-10:NettyServerCnxn@285] - Processing stat command from /127.0.0.1:63587
2020-06-22 14:09:36,462 [myid:] - INFO  [Time-limited test:FourLetterWordMain@93] - connecting to 127.0.0.1 30084
2020-06-22 14:09:36,463 [myid:3] - INFO  [nioEventLoopGroup-19-11:NettyServerCnxn@285] - Processing stat command from /127.0.0.1:63593
2020-06-22 14:09:36,714 [myid:] - INFO  [Time-limited test:FourLetterWordMain@93] - connecting to 127.0.0.1 30084
2020-06-22 14:09:36,715 [myid:3] - INFO  [nioEventLoopGroup-19-12:NettyServerCnxn@285] - Processing stat command from /127.0.0.1:63595
2020-06-22 14:09:36,966 [myid:] - INFO  [Time-limited test:FourLetterWordMain@93] - connecting to 127.0.0.1 30084
2020-06-22 14:09:36,967 [myid:3] - INFO  [nioEventLoopGroup-19-13:NettyServerCnxn@285] - Processing stat command from /127.0.0.1:63597
2020-06-22 14:09:37,219 [myid:] - INFO  [Time-limited test:FourLetterWordMain@93] - connecting to 127.0.0.1 30084
2020-06-22 14:09:37,220 [myid:3] - INFO  [nioEventLoopGroup-19-14:NettyServerCnxn@285] - Processing stat command from /127.0.0.1:63600
2020-06-22 14:09:37,471 [myid:] - INFO  [Time-limited test:FourLetterWordMain@93] - connecting to 127.0.0.1 30084
2020-06-22 14:09:37,477 [myid:3] - INFO  [nioEventLoopGroup-19-15:NettyServerCnxn@285] - Processing stat command from /127.0.0.1:63603
2020-06-22 14:09:37,728 [myid:] - INFO  [Time-limited test:FourLetterWordMain@93] - connecting to 127.0.0.1 30084
2020-06-22 14:09:37,729 [myid:3] - INFO  [nioEventLoopGroup-19-16:NettyServerCnxn@285] - Processing stat command from /127.0.0.1:63606
2020-06-22 14:09:37,979 [myid:] - INFO  [Time-limited test:FourLetterWordMain@93] - connecting to 127.0.0.1 30084
2020-06-22 14:09:37,980 [myid:3] - INFO  [nioEventLoopGroup-19-1:NettyServerCnxn@285] - Processing stat command from /127.0.0.1:63611
2020-06-22 14:09:38,231 [myid:] - INFO  [Time-limited test:FourLetterWordMain@93] - connecting to 127.0.0.1 30084
2020-06-22 14:09:38,232 [myid:3] - INFO  [nioEventLoopGroup-19-2:NettyServerCnxn@285] - Processing stat command from /127.0.0.1:63618
2020-06-22 14:09:38,482 [myid:] - INFO  [Time-limited test:FourLetterWordMain@93] - connecting to 127.0.0.1 30084
2020-06-22 14:09:38,483 [myid:3] - INFO  [nioEventLoopGroup-19-3:NettyServerCnxn@285] - Processing stat command from /127.0.0.1:63620
2020-06-22 14:09:38,734 [myid:] - INFO  [Time-limited test:FourLetterWordMain@93] - connecting to 127.0.0.1 30084
2020-06-22 14:09:38,735 [myid:3] - INFO  [nioEventLoopGroup-19-4:NettyServerCnxn@285] - Processing stat command from /127.0.0.1:63626
2020-06-22 14:09:38,986 [myid:] - INFO  [Time-limited test:FourLetterWordMain@93] - connecting to 127.0.0.1 30084
2020-06-22 14:09:38,987 [myid:3] - INFO  [nioEventLoopGroup-19-5:NettyServerCnxn@285] - Processing stat command from /127.0.0.1:63628
2020-06-22 14:09:39,238 [myid:] - INFO  [Time-limited test:FourLetterWordMain@93] - connecting to 127.0.0.1 30084
2020-06-22 14:09:39,240 [myid:3] - INFO  [nioEventLoopGroup-19-6:NettyServerCnxn@285] - Processing stat command from /127.0.0.1:63635
2020-06-22 14:09:39,491 [myid:] - INFO  [Time-limited test:FourLetterWordMain@93] - connecting to 127.0.0.1 30084
2020-06-22 14:09:39,492 [myid:3] - INFO  [nioEventLoopGroup-19-7:NettyServerCnxn@285] - Processing stat command from /127.0.0.1:63641
2020-06-22 14:09:39,742 [myid:] - INFO  [Time-limited test:FourLetterWordMain@93] - connecting to 127.0.0.1 30084
2020-06-22 14:09:39,746 [myid:3] - INFO  [nioEventLoopGroup-19-8:NettyServerCnxn@285] - Processing stat command from /127.0.0.1:63645
2020-06-22 14:09:39,997 [myid:] - INFO  [Time-limited test:FourLetterWordMain@93] - connecting to 127.0.0.1 30084
2020-06-22 14:09:39,998 [myid:3] - INFO  [nioEventLoopGroup-19-9:NettyServerCnxn@285] - Processing stat command from /127.0.0.1:63646
2020-06-22 14:09:40,249 [myid:] - INFO  [Time-limited test:FourLetterWordMain@93] - connecting to 127.0.0.1 30084
2020-06-22 14:09:40,250 [myid:3] - INFO  [nioEventLoopGroup-19-10:NettyServerCnxn@285] - Processing stat command from /127.0.0.1:63650
2020-06-22 14:09:40,500 [myid:] - INFO  [Time-limited test:FourLetterWordMain@93] - connecting to 127.0.0.1 30084
2020-06-22 14:09:40,501 [myid:3] - INFO  [nioEventLoopGroup-19-11:NettyServerCnxn@285] - Processing stat command from /127.0.0.1:63651
2020-06-22 14:09:40,752 [myid:] - INFO  [Time-limited test:FourLetterWordMain@93] - connecting to 127.0.0.1 30084
2020-06-22 14:09:40,753 [myid:3] - INFO  [nioEventLoopGroup-19-12:NettyServerCnxn@285] - Processing stat command from /127.0.0.1:63653
2020-06-22 14:09:41,003 [myid:] - INFO  [Time-limited test:FourLetterWordMain@93] - connecting to 127.0.0.1 30084
2020-06-22 14:09:41,003 [myid:3] - INFO  [nioEventLoopGroup-19-13:NettyServerCnxn@285] - Processing stat command from /127.0.0.1:63656
2020-06-22 14:09:41,254 [myid:] - INFO  [Time-limited test:FourLetterWordMain@93] - connecting to 127.0.0.1 30084
2020-06-22 14:09:41,255 [myid:3] - INFO  [nioEventLoopGroup-19-14:NettyServerCnxn@285] - Processing stat command from /127.0.0.1:63660
2020-06-22 14:09:41,506 [myid:] - INFO  [Time-limited test:FourLetterWordMain@93] - connecting to 127.0.0.1 30084
2020-06-22 14:09:41,508 [myid:3] - INFO  [nioEventLoopGroup-19-15:NettyServerCnxn@285] - Processing stat command from /127.0.0.1:63662
2020-06-22 14:09:41,758 [myid:] - INFO  [Time-limited test:FourLetterWordMain@93] - connecting to 127.0.0.1 30084
2020-06-22 14:09:41,759 [myid:3] - INFO  [nioEventLoopGroup-19-16:NettyServerCnxn@285] - Processing stat command from /127.0.0.1:63722
2020-06-22 14:09:42,009 [myid:] - INFO  [Time-limited test:FourLetterWordMain@93] - connecting to 127.0.0.1 30084
2020-06-22 14:09:42,010 [myid:3] - INFO  [nioEventLoopGroup-19-1:NettyServerCnxn@285] - Processing stat command from /127.0.0.1:63730
2020-06-22 14:09:42,262 [myid:] - INFO  [Time-limited test:FourLetterWordMain@93] - connecting to 127.0.0.1 30084
2020-06-22 14:09:42,263 [myid:3] - INFO  [nioEventLoopGroup-19-2:NettyServerCnxn@285] - Processing stat command from /127.0.0.1:63740
2020-06-22 14:09:42,514 [myid:] - INFO  [Time-limited test:FourLetterWordMain@93] - connecting to 127.0.0.1 30084
2020-06-22 14:09:42,515 [myid:3] - INFO  [nioEventLoopGroup-19-3:NettyServerCnxn@285] - Processing stat command from /127.0.0.1:63752
2020-06-22 14:09:42,766 [myid:] - INFO  [Time-limited test:FourLetterWordMain@93] - connecting to 127.0.0.1 30084
2020-06-22 14:09:42,767 [myid:3] - INFO  [nioEventLoopGroup-19-4:NettyServerCnxn@285] - Processing stat command from /127.0.0.1:63756
2020-06-22 14:09:43,019 [myid:] - INFO  [Time-limited test:FourLetterWordMain@93] - connecting to 127.0.0.1 30084
2020-06-22 14:09:43,020 [myid:3] - INFO  [nioEventLoopGroup-19-5:NettyServerCnxn@285] - Processing stat command from /127.0.0.1:63759
2020-06-22 14:09:43,270 [myid:] - INFO  [Time-limited test:FourLetterWordMain@93] - connecting to 127.0.0.1 30084
2020-06-22 14:09:43,271 [myid:3] - INFO  [nioEventLoopGroup-19-6:NettyServerCnxn@285] - Processing stat command from /127.0.0.1:63760
2020-06-22 14:09:43,522 [myid:] - INFO  [Time-limited test:FourLetterWordMain@93] - connecting to 127.0.0.1 30084
2020-06-22 14:09:43,522 [myid:3] - INFO  [nioEventLoopGroup-19-7:NettyServerCnxn@285] - Processing stat command from /127.0.0.1:63762
2020-06-22 14:09:43,774 [myid:] - INFO  [Time-limited test:FourLetterWordMain@93] - connecting to 127.0.0.1 30084
2020-06-22 14:09:43,775 [myid:3] - INFO  [nioEventLoopGroup-19-8:NettyServerCnxn@285] - Processing stat command from /127.0.0.1:63763
2020-06-22 14:09:44,025 [myid:] - INFO  [Time-limited test:FourLetterWordMain@93] - connecting to 127.0.0.1 30084
2020-06-22 14:09:44,026 [myid:3] - INFO  [nioEventLoopGroup-19-9:NettyServerCnxn@285] - Processing stat command from /127.0.0.1:63764
2020-06-22 14:09:44,276 [myid:] - INFO  [Time-limited test:FourLetterWordMain@93] - connecting to 127.0.0.1 30084
2020-06-22 14:09:44,277 [myid:3] - INFO  [nioEventLoopGroup-19-10:NettyServerCnxn@285] - Processing stat command from /127.0.0.1:63775
2020-06-22 14:09:44,529 [myid:] - INFO  [Time-limited test:FourLetterWordMain@93] - connecting to 127.0.0.1 30084
2020-06-22 14:09:44,530 [myid:3] - INFO  [nioEventLoopGroup-19-11:NettyServerCnxn@285] - Processing stat command from /127.0.0.1:63825
2020-06-22 14:09:44,780 [myid:] - INFO  [Time-limited test:FourLetterWordMain@93] - connecting to 127.0.0.1 30084
2020-06-22 14:09:44,781 [myid:3] - INFO  [nioEventLoopGroup-19-12:NettyServerCnxn@285] - Processing stat command from /127.0.0.1:63834
2020-06-22 14:09:45,031 [myid:] - INFO  [Time-limited test:FourLetterWordMain@93] - connecting to 127.0.0.1 30084
2020-06-22 14:09:45,032 [myid:3] - INFO  [nioEventLoopGroup-19-13:NettyServerCnxn@285] - Processing stat command from /127.0.0.1:63843
2020-06-22 14:09:45,283 [myid:] - INFO  [Time-limited test:FourLetterWordMain@93] - connecting to 127.0.0.1 30084
2020-06-22 14:09:45,284 [myid:3] - INFO  [nioEventLoopGroup-19-14:NettyServerCnxn@285] - Processing stat command from /127.0.0.1:63852
2020-06-22 14:09:45,534 [myid:] - INFO  [Time-limited test:FourLetterWordMain@93] - connecting to 127.0.0.1 30084
2020-06-22 14:09:45,534 [myid:3] - INFO  [nioEventLoopGroup-19-15:NettyServerCnxn@285] - Processing stat command from /127.0.0.1:63855
2020-06-22 14:09:45,785 [myid:] - INFO  [Time-limited test:FourLetterWordMain@93] - connecting to 127.0.0.1 30084
2020-06-22 14:09:45,786 [myid:3] - INFO  [nioEventLoopGroup-19-16:NettyServerCnxn@285] - Processing stat command from /127.0.0.1:63858
2020-06-22 14:09:46,047 [myid:] - INFO  [Time-limited test:FourLetterWordMain@93] - connecting to 127.0.0.1 30084
2020-06-22 14:09:46,048 [myid:3] - INFO  [nioEventLoopGroup-19-1:NettyServerCnxn@285] - Processing stat command from /127.0.0.1:63862
2020-06-22 14:09:46,308 [myid:] - INFO  [Time-limited test:FourLetterWordMain@93] - connecting to 127.0.0.1 30084
2020-06-22 14:09:46,309 [myid:3] - INFO  [nioEventLoopGroup-19-2:NettyServerCnxn@285] - Processing stat command from /127.0.0.1:63920
2020-06-22 14:09:46,559 [myid:] - INFO  [Time-limited test:FourLetterWordMain@93] - connecting to 127.0.0.1 30084
2020-06-22 14:09:46,560 [myid:3] - INFO  [nioEventLoopGroup-19-3:NettyServerCnxn@285] - Processing stat command from /127.0.0.1:63928
2020-06-22 14:09:46,811 [myid:] - INFO  [Time-limited test:FourLetterWordMain@93] - connecting to 127.0.0.1 30084
2020-06-22 14:09:46,811 [myid:3] - INFO  [nioEventLoopGroup-19-4:NettyServerCnxn@285] - Processing stat command from /127.0.0.1:63940
2020-06-22 14:09:47,062 [myid:] - INFO  [Time-limited test:FourLetterWordMain@93] - connecting to 127.0.0.1 30084
2020-06-22 14:09:47,063 [myid:3] - INFO  [nioEventLoopGroup-19-5:NettyServerCnxn@285] - Processing stat command from /127.0.0.1:63943
2020-06-22 14:09:47,152 [myid:3] - INFO  [QuorumPeer[myid=3](plain=[0:0:0:0:0:0:0:0]:30084)(secure=disabled):FastLeaderElection@979] - Notification time out: 25600
2020-06-22 14:09:47,152 [myid:1] - INFO  [ListenerHandler-/127.0.0.1:30088:QuorumCnxManager$Listener$ListenerHandler@1070] - Received connection request from /127.0.0.1:63944
2020-06-22 14:09:47,152 [myid:2] - INFO  [ListenerHandler-/127.0.0.1:30089:QuorumCnxManager$Listener$ListenerHandler@1070] - Received connection request from /127.0.0.1:63945
2020-06-22 14:09:47,194 [myid:2] - ERROR [ListenerHandler-/127.0.0.1:30089:ZKTrustManager@161] - Failed to verify host address: 127.0.0.1
javax.net.ssl.SSLPeerUnverifiedException: Certificate for <127.0.0.1> doesn't match any of the subject alternative names: [localhost]
	at org.apache.zookeeper.common.ZKHostnameVerifier.matchIPAddress(ZKHostnameVerifier.java:197)
	at org.apache.zookeeper.common.ZKHostnameVerifier.verify(ZKHostnameVerifier.java:165)
	at org.apache.zookeeper.common.ZKTrustManager.performHostVerification(ZKTrustManager.java:151)
	at org.apache.zookeeper.common.ZKTrustManager.checkClientTrusted(ZKTrustManager.java:79)
	at sun.security.ssl.ServerHandshaker.clientCertificate(ServerHandshaker.java:2037)
	at sun.security.ssl.ServerHandshaker.processMessage(ServerHandshaker.java:233)
	at sun.security.ssl.Handshaker.processLoop(Handshaker.java:1082)
	at sun.security.ssl.Handshaker.process_record(Handshaker.java:1010)
	at sun.security.ssl.SSLSocketImpl.readRecord(SSLSocketImpl.java:1079)
	at sun.security.ssl.SSLSocketImpl.performInitialHandshake(SSLSocketImpl.java:1388)
	at sun.security.ssl.SSLSocketImpl.startHandshake(SSLSocketImpl.java:1416)
	at sun.security.ssl.SSLSocketImpl.getSession(SSLSocketImpl.java:2309)
	at org.apache.zookeeper.server.quorum.UnifiedServerSocket$UnifiedSocket.detectMode(UnifiedServerSocket.java:269)
	at org.apache.zookeeper.server.quorum.UnifiedServerSocket$UnifiedSocket.getSocket(UnifiedServerSocket.java:298)
	at org.apache.zookeeper.server.quorum.UnifiedServerSocket$UnifiedSocket.access$400(UnifiedServerSocket.java:172)
	at org.apache.zookeeper.server.quorum.UnifiedServerSocket$UnifiedInputStream.getRealInputStream(UnifiedServerSocket.java:699)
	at org.apache.zookeeper.server.quorum.UnifiedServerSocket$UnifiedInputStream.read(UnifiedServerSocket.java:693)
	at java.io.BufferedInputStream.fill(BufferedInputStream.java:246)
	at java.io.BufferedInputStream.read1(BufferedInputStream.java:286)
	at java.io.BufferedInputStream.read(BufferedInputStream.java:345)
	at java.io.DataInputStream.readFully(DataInputStream.java:195)
	at java.io.DataInputStream.readLong(DataInputStream.java:416)
	at org.apache.zookeeper.server.quorum.QuorumCnxManager.handleConnection(QuorumCnxManager.java:601)
	at org.apache.zookeeper.server.quorum.QuorumCnxManager.receiveConnection(QuorumCnxManager.java:554)
	at org.apache.zookeeper.server.quorum.QuorumCnxManager$Listener$ListenerHandler.acceptConnections(QuorumCnxManager.java:1079)
	at org.apache.zookeeper.server.quorum.QuorumCnxManager$Listener$ListenerHandler.run(QuorumCnxManager.java:1033)
	at java.util.concurrent.Executors$RunnableAdapter.call(Executors.java:511)
	at java.util.concurrent.FutureTask.run(FutureTask.java:266)
	at java.util.concurrent.ThreadPoolExecutor.runWorker(ThreadPoolExecutor.java:1149)
	at java.util.concurrent.ThreadPoolExecutor$Worker.run(ThreadPoolExecutor.java:624)
	at java.lang.Thread.run(Thread.java:748)
2020-06-22 14:09:47,194 [myid:2] - ERROR [ListenerHandler-/127.0.0.1:30089:ZKTrustManager@162] - Failed to verify hostname: activate.navicat.com
javax.net.ssl.SSLPeerUnverifiedException: Certificate for <activate.navicat.com> doesn't match any of the subject alternative names: [localhost]
	at org.apache.zookeeper.common.ZKHostnameVerifier.matchDNSName(ZKHostnameVerifier.java:230)
	at org.apache.zookeeper.common.ZKHostnameVerifier.verify(ZKHostnameVerifier.java:171)
	at org.apache.zookeeper.common.ZKTrustManager.performHostVerification(ZKTrustManager.java:159)
	at org.apache.zookeeper.common.ZKTrustManager.checkClientTrusted(ZKTrustManager.java:79)
	at sun.security.ssl.ServerHandshaker.clientCertificate(ServerHandshaker.java:2037)
	at sun.security.ssl.ServerHandshaker.processMessage(ServerHandshaker.java:233)
	at sun.security.ssl.Handshaker.processLoop(Handshaker.java:1082)
	at sun.security.ssl.Handshaker.process_record(Handshaker.java:1010)
	at sun.security.ssl.SSLSocketImpl.readRecord(SSLSocketImpl.java:1079)
	at sun.security.ssl.SSLSocketImpl.performInitialHandshake(SSLSocketImpl.java:1388)
	at sun.security.ssl.SSLSocketImpl.startHandshake(SSLSocketImpl.java:1416)
	at sun.security.ssl.SSLSocketImpl.getSession(SSLSocketImpl.java:2309)
	at org.apache.zookeeper.server.quorum.UnifiedServerSocket$UnifiedSocket.detectMode(UnifiedServerSocket.java:269)
	at org.apache.zookeeper.server.quorum.UnifiedServerSocket$UnifiedSocket.getSocket(UnifiedServerSocket.java:298)
	at org.apache.zookeeper.server.quorum.UnifiedServerSocket$UnifiedSocket.access$400(UnifiedServerSocket.java:172)
	at org.apache.zookeeper.server.quorum.UnifiedServerSocket$UnifiedInputStream.getRealInputStream(UnifiedServerSocket.java:699)
	at org.apache.zookeeper.server.quorum.UnifiedServerSocket$UnifiedInputStream.read(UnifiedServerSocket.java:693)
	at java.io.BufferedInputStream.fill(BufferedInputStream.java:246)
	at java.io.BufferedInputStream.read1(BufferedInputStream.java:286)
	at java.io.BufferedInputStream.read(BufferedInputStream.java:345)
	at java.io.DataInputStream.readFully(DataInputStream.java:195)
	at java.io.DataInputStream.readLong(DataInputStream.java:416)
	at org.apache.zookeeper.server.quorum.QuorumCnxManager.handleConnection(QuorumCnxManager.java:601)
	at org.apache.zookeeper.server.quorum.QuorumCnxManager.receiveConnection(QuorumCnxManager.java:554)
	at org.apache.zookeeper.server.quorum.QuorumCnxManager$Listener$ListenerHandler.acceptConnections(QuorumCnxManager.java:1079)
	at org.apache.zookeeper.server.quorum.QuorumCnxManager$Listener$ListenerHandler.run(QuorumCnxManager.java:1033)
	at java.util.concurrent.Executors$RunnableAdapter.call(Executors.java:511)
	at java.util.concurrent.FutureTask.run(FutureTask.java:266)
	at java.util.concurrent.ThreadPoolExecutor.runWorker(ThreadPoolExecutor.java:1149)
	at java.util.concurrent.ThreadPoolExecutor$Worker.run(ThreadPoolExecutor.java:624)
	at java.lang.Thread.run(Thread.java:748)
2020-06-22 14:09:47,195 [myid:2] - INFO  [ListenerHandler-/127.0.0.1:30089:UnifiedServerSocket$UnifiedSocket@266] - Accepted TLS connection from activate.navicat.com/127.0.0.1:63945 - NONE - SSL_NULL_WITH_NULL_NULL
2020-06-22 14:09:47,195 [myid:2] - WARN  [ListenerHandler-/127.0.0.1:30089:QuorumCnxManager@629] - Exception reading or writing challenge
javax.net.ssl.SSLException: Connection has been shutdown: javax.net.ssl.SSLHandshakeException: java.security.cert.CertificateException: Failed to verify both host address and host name
	at sun.security.ssl.SSLSocketImpl.checkEOF(SSLSocketImpl.java:1554)
	at sun.security.ssl.AppInputStream.read(AppInputStream.java:95)
	at org.apache.zookeeper.server.quorum.UnifiedServerSocket$UnifiedInputStream.read(UnifiedServerSocket.java:693)
	at java.io.BufferedInputStream.fill(BufferedInputStream.java:246)
	at java.io.BufferedInputStream.read1(BufferedInputStream.java:286)
	at java.io.BufferedInputStream.read(BufferedInputStream.java:345)
	at java.io.DataInputStream.readFully(DataInputStream.java:195)
	at java.io.DataInputStream.readLong(DataInputStream.java:416)
	at org.apache.zookeeper.server.quorum.QuorumCnxManager.handleConnection(QuorumCnxManager.java:601)
	at org.apache.zookeeper.server.quorum.QuorumCnxManager.receiveConnection(QuorumCnxManager.java:554)
	at org.apache.zookeeper.server.quorum.QuorumCnxManager$Listener$ListenerHandler.acceptConnections(QuorumCnxManager.java:1079)
	at org.apache.zookeeper.server.quorum.QuorumCnxManager$Listener$ListenerHandler.run(QuorumCnxManager.java:1033)
	at java.util.concurrent.Executors$RunnableAdapter.call(Executors.java:511)
	at java.util.concurrent.FutureTask.run(FutureTask.java:266)
	at java.util.concurrent.ThreadPoolExecutor.runWorker(ThreadPoolExecutor.java:1149)
	at java.util.concurrent.ThreadPoolExecutor$Worker.run(ThreadPoolExecutor.java:624)
	at java.lang.Thread.run(Thread.java:748)
Caused by: javax.net.ssl.SSLHandshakeException: java.security.cert.CertificateException: Failed to verify both host address and host name
	at sun.security.ssl.Alerts.getSSLException(Alerts.java:198)
	at sun.security.ssl.SSLSocketImpl.fatal(SSLSocketImpl.java:1967)
	at sun.security.ssl.Handshaker.fatalSE(Handshaker.java:331)
	at sun.security.ssl.Handshaker.fatalSE(Handshaker.java:325)
	at sun.security.ssl.ServerHandshaker.clientCertificate(ServerHandshaker.java:2055)
	at sun.security.ssl.ServerHandshaker.processMessage(ServerHandshaker.java:233)
	at sun.security.ssl.Handshaker.processLoop(Handshaker.java:1082)
	at sun.security.ssl.Handshaker.process_record(Handshaker.java:1010)
	at sun.security.ssl.SSLSocketImpl.readRecord(SSLSocketImpl.java:1079)
	at sun.security.ssl.SSLSocketImpl.performInitialHandshake(SSLSocketImpl.java:1388)
	at sun.security.ssl.SSLSocketImpl.startHandshake(SSLSocketImpl.java:1416)
	at sun.security.ssl.SSLSocketImpl.getSession(SSLSocketImpl.java:2309)
	at org.apache.zookeeper.server.quorum.UnifiedServerSocket$UnifiedSocket.detectMode(UnifiedServerSocket.java:269)
	at org.apache.zookeeper.server.quorum.UnifiedServerSocket$UnifiedSocket.getSocket(UnifiedServerSocket.java:298)
	at org.apache.zookeeper.server.quorum.UnifiedServerSocket$UnifiedSocket.access$400(UnifiedServerSocket.java:172)
	at org.apache.zookeeper.server.quorum.UnifiedServerSocket$UnifiedInputStream.getRealInputStream(UnifiedServerSocket.java:699)
	... 15 more
Caused by: java.security.cert.CertificateException: Failed to verify both host address and host name
	at org.apache.zookeeper.common.ZKTrustManager.performHostVerification(ZKTrustManager.java:163)
	at org.apache.zookeeper.common.ZKTrustManager.checkClientTrusted(ZKTrustManager.java:79)
	at sun.security.ssl.ServerHandshaker.clientCertificate(ServerHandshaker.java:2037)
	... 26 more
Caused by: javax.net.ssl.SSLPeerUnverifiedException: Certificate for <activate.navicat.com> doesn't match any of the subject alternative names: [localhost]
	at org.apache.zookeeper.common.ZKHostnameVerifier.matchDNSName(ZKHostnameVerifier.java:230)
	at org.apache.zookeeper.common.ZKHostnameVerifier.verify(ZKHostnameVerifier.java:171)
	at org.apache.zookeeper.common.ZKTrustManager.performHostVerification(ZKTrustManager.java:159)
	... 28 more
2020-06-22 14:09:47,197 [myid:1] - ERROR [ListenerHandler-/127.0.0.1:30088:ZKTrustManager@161] - Failed to verify host address: 127.0.0.1
javax.net.ssl.SSLPeerUnverifiedException: Certificate for <127.0.0.1> doesn't match any of the subject alternative names: [localhost]
	at org.apache.zookeeper.common.ZKHostnameVerifier.matchIPAddress(ZKHostnameVerifier.java:197)
	at org.apache.zookeeper.common.ZKHostnameVerifier.verify(ZKHostnameVerifier.java:165)
	at org.apache.zookeeper.common.ZKTrustManager.performHostVerification(ZKTrustManager.java:151)
	at org.apache.zookeeper.common.ZKTrustManager.checkClientTrusted(ZKTrustManager.java:79)
	at sun.security.ssl.ServerHandshaker.clientCertificate(ServerHandshaker.java:2037)
	at sun.security.ssl.ServerHandshaker.processMessage(ServerHandshaker.java:233)
	at sun.security.ssl.Handshaker.processLoop(Handshaker.java:1082)
	at sun.security.ssl.Handshaker.process_record(Handshaker.java:1010)
	at sun.security.ssl.SSLSocketImpl.readRecord(SSLSocketImpl.java:1079)
	at sun.security.ssl.SSLSocketImpl.performInitialHandshake(SSLSocketImpl.java:1388)
	at sun.security.ssl.SSLSocketImpl.startHandshake(SSLSocketImpl.java:1416)
	at sun.security.ssl.SSLSocketImpl.getSession(SSLSocketImpl.java:2309)
	at org.apache.zookeeper.server.quorum.UnifiedServerSocket$UnifiedSocket.detectMode(UnifiedServerSocket.java:269)
	at org.apache.zookeeper.server.quorum.UnifiedServerSocket$UnifiedSocket.getSocket(UnifiedServerSocket.java:298)
	at org.apache.zookeeper.server.quorum.UnifiedServerSocket$UnifiedSocket.access$400(UnifiedServerSocket.java:172)
	at org.apache.zookeeper.server.quorum.UnifiedServerSocket$UnifiedInputStream.getRealInputStream(UnifiedServerSocket.java:699)
	at org.apache.zookeeper.server.quorum.UnifiedServerSocket$UnifiedInputStream.read(UnifiedServerSocket.java:693)
	at java.io.BufferedInputStream.fill(BufferedInputStream.java:246)
	at java.io.BufferedInputStream.read1(BufferedInputStream.java:286)
	at java.io.BufferedInputStream.read(BufferedInputStream.java:345)
	at java.io.DataInputStream.readFully(DataInputStream.java:195)
	at java.io.DataInputStream.readLong(DataInputStream.java:416)
	at org.apache.zookeeper.server.quorum.QuorumCnxManager.handleConnection(QuorumCnxManager.java:601)
	at org.apache.zookeeper.server.quorum.QuorumCnxManager.receiveConnection(QuorumCnxManager.java:554)
	at org.apache.zookeeper.server.quorum.QuorumCnxManager$Listener$ListenerHandler.acceptConnections(QuorumCnxManager.java:1079)
	at org.apache.zookeeper.server.quorum.QuorumCnxManager$Listener$ListenerHandler.run(QuorumCnxManager.java:1033)
	at java.util.concurrent.Executors$RunnableAdapter.call(Executors.java:511)
	at java.util.concurrent.FutureTask.run(FutureTask.java:266)
	at java.util.concurrent.ThreadPoolExecutor.runWorker(ThreadPoolExecutor.java:1149)
	at java.util.concurrent.ThreadPoolExecutor$Worker.run(ThreadPoolExecutor.java:624)
	at java.lang.Thread.run(Thread.java:748)
2020-06-22 14:09:47,197 [myid:1] - ERROR [ListenerHandler-/127.0.0.1:30088:ZKTrustManager@162] - Failed to verify hostname: activate.navicat.com
javax.net.ssl.SSLPeerUnverifiedException: Certificate for <activate.navicat.com> doesn't match any of the subject alternative names: [localhost]
	at org.apache.zookeeper.common.ZKHostnameVerifier.matchDNSName(ZKHostnameVerifier.java:230)
	at org.apache.zookeeper.common.ZKHostnameVerifier.verify(ZKHostnameVerifier.java:171)
	at org.apache.zookeeper.common.ZKTrustManager.performHostVerification(ZKTrustManager.java:159)
	at org.apache.zookeeper.common.ZKTrustManager.checkClientTrusted(ZKTrustManager.java:79)
	at sun.security.ssl.ServerHandshaker.clientCertificate(ServerHandshaker.java:2037)
	at sun.security.ssl.ServerHandshaker.processMessage(ServerHandshaker.java:233)
	at sun.security.ssl.Handshaker.processLoop(Handshaker.java:1082)
	at sun.security.ssl.Handshaker.process_record(Handshaker.java:1010)
	at sun.security.ssl.SSLSocketImpl.readRecord(SSLSocketImpl.java:1079)
	at sun.security.ssl.SSLSocketImpl.performInitialHandshake(SSLSocketImpl.java:1388)
	at sun.security.ssl.SSLSocketImpl.startHandshake(SSLSocketImpl.java:1416)
	at sun.security.ssl.SSLSocketImpl.getSession(SSLSocketImpl.java:2309)
	at org.apache.zookeeper.server.quorum.UnifiedServerSocket$UnifiedSocket.detectMode(UnifiedServerSocket.java:269)
	at org.apache.zookeeper.server.quorum.UnifiedServerSocket$UnifiedSocket.getSocket(UnifiedServerSocket.java:298)
	at org.apache.zookeeper.server.quorum.UnifiedServerSocket$UnifiedSocket.access$400(UnifiedServerSocket.java:172)
	at org.apache.zookeeper.server.quorum.UnifiedServerSocket$UnifiedInputStream.getRealInputStream(UnifiedServerSocket.java:699)
	at org.apache.zookeeper.server.quorum.UnifiedServerSocket$UnifiedInputStream.read(UnifiedServerSocket.java:693)
	at java.io.BufferedInputStream.fill(BufferedInputStream.java:246)
	at java.io.BufferedInputStream.read1(BufferedInputStream.java:286)
	at java.io.BufferedInputStream.read(BufferedInputStream.java:345)
	at java.io.DataInputStream.readFully(DataInputStream.java:195)
	at java.io.DataInputStream.readLong(DataInputStream.java:416)
	at org.apache.zookeeper.server.quorum.QuorumCnxManager.handleConnection(QuorumCnxManager.java:601)
	at org.apache.zookeeper.server.quorum.QuorumCnxManager.receiveConnection(QuorumCnxManager.java:554)
	at org.apache.zookeeper.server.quorum.QuorumCnxManager$Listener$ListenerHandler.acceptConnections(QuorumCnxManager.java:1079)
	at org.apache.zookeeper.server.quorum.QuorumCnxManager$Listener$ListenerHandler.run(QuorumCnxManager.java:1033)
	at java.util.concurrent.Executors$RunnableAdapter.call(Executors.java:511)
	at java.util.concurrent.FutureTask.run(FutureTask.java:266)
	at java.util.concurrent.ThreadPoolExecutor.runWorker(ThreadPoolExecutor.java:1149)
	at java.util.concurrent.ThreadPoolExecutor$Worker.run(ThreadPoolExecutor.java:624)
	at java.lang.Thread.run(Thread.java:748)
2020-06-22 14:09:47,198 [myid:1] - INFO  [ListenerHandler-/127.0.0.1:30088:UnifiedServerSocket$UnifiedSocket@266] - Accepted TLS connection from activate.navicat.com/127.0.0.1:63944 - NONE - SSL_NULL_WITH_NULL_NULL
2020-06-22 14:09:47,198 [myid:1] - WARN  [ListenerHandler-/127.0.0.1:30088:QuorumCnxManager@629] - Exception reading or writing challenge
javax.net.ssl.SSLException: Connection has been shutdown: javax.net.ssl.SSLHandshakeException: java.security.cert.CertificateException: Failed to verify both host address and host name
	at sun.security.ssl.SSLSocketImpl.checkEOF(SSLSocketImpl.java:1554)
	at sun.security.ssl.AppInputStream.read(AppInputStream.java:95)
	at org.apache.zookeeper.server.quorum.UnifiedServerSocket$UnifiedInputStream.read(UnifiedServerSocket.java:693)
	at java.io.BufferedInputStream.fill(BufferedInputStream.java:246)
	at java.io.BufferedInputStream.read1(BufferedInputStream.java:286)
	at java.io.BufferedInputStream.read(BufferedInputStream.java:345)
	at java.io.DataInputStream.readFully(DataInputStream.java:195)
	at java.io.DataInputStream.readLong(DataInputStream.java:416)
	at org.apache.zookeeper.server.quorum.QuorumCnxManager.handleConnection(QuorumCnxManager.java:601)
	at org.apache.zookeeper.server.quorum.QuorumCnxManager.receiveConnection(QuorumCnxManager.java:554)
	at org.apache.zookeeper.server.quorum.QuorumCnxManager$Listener$ListenerHandler.acceptConnections(QuorumCnxManager.java:1079)
	at org.apache.zookeeper.server.quorum.QuorumCnxManager$Listener$ListenerHandler.run(QuorumCnxManager.java:1033)
	at java.util.concurrent.Executors$RunnableAdapter.call(Executors.java:511)
	at java.util.concurrent.FutureTask.run(FutureTask.java:266)
	at java.util.concurrent.ThreadPoolExecutor.runWorker(ThreadPoolExecutor.java:1149)
	at java.util.concurrent.ThreadPoolExecutor$Worker.run(ThreadPoolExecutor.java:624)
	at java.lang.Thread.run(Thread.java:748)
Caused by: javax.net.ssl.SSLHandshakeException: java.security.cert.CertificateException: Failed to verify both host address and host name
	at sun.security.ssl.Alerts.getSSLException(Alerts.java:198)
	at sun.security.ssl.SSLSocketImpl.fatal(SSLSocketImpl.java:1967)
	at sun.security.ssl.Handshaker.fatalSE(Handshaker.java:331)
	at sun.security.ssl.Handshaker.fatalSE(Handshaker.java:325)
	at sun.security.ssl.ServerHandshaker.clientCertificate(ServerHandshaker.java:2055)
	at sun.security.ssl.ServerHandshaker.processMessage(ServerHandshaker.java:233)
	at sun.security.ssl.Handshaker.processLoop(Handshaker.java:1082)
	at sun.security.ssl.Handshaker.process_record(Handshaker.java:1010)
	at sun.security.ssl.SSLSocketImpl.readRecord(SSLSocketImpl.java:1079)
	at sun.security.ssl.SSLSocketImpl.performInitialHandshake(SSLSocketImpl.java:1388)
	at sun.security.ssl.SSLSocketImpl.startHandshake(SSLSocketImpl.java:1416)
	at sun.security.ssl.SSLSocketImpl.getSession(SSLSocketImpl.java:2309)
	at org.apache.zookeeper.server.quorum.UnifiedServerSocket$UnifiedSocket.detectMode(UnifiedServerSocket.java:269)
	at org.apache.zookeeper.server.quorum.UnifiedServerSocket$UnifiedSocket.getSocket(UnifiedServerSocket.java:298)
	at org.apache.zookeeper.server.quorum.UnifiedServerSocket$UnifiedSocket.access$400(UnifiedServerSocket.java:172)
	at org.apache.zookeeper.server.quorum.UnifiedServerSocket$UnifiedInputStream.getRealInputStream(UnifiedServerSocket.java:699)
	... 15 more
Caused by: java.security.cert.CertificateException: Failed to verify both host address and host name
	at org.apache.zookeeper.common.ZKTrustManager.performHostVerification(ZKTrustManager.java:163)
	at org.apache.zookeeper.common.ZKTrustManager.checkClientTrusted(ZKTrustManager.java:79)
	at sun.security.ssl.ServerHandshaker.clientCertificate(ServerHandshaker.java:2037)
	... 26 more
Caused by: javax.net.ssl.SSLPeerUnverifiedException: Certificate for <activate.navicat.com> doesn't match any of the subject alternative names: [localhost]
	at org.apache.zookeeper.common.ZKHostnameVerifier.matchDNSName(ZKHostnameVerifier.java:230)
	at org.apache.zookeeper.common.ZKHostnameVerifier.verify(ZKHostnameVerifier.java:171)
	at org.apache.zookeeper.common.ZKTrustManager.performHostVerification(ZKTrustManager.java:159)
	... 28 more
2020-06-22 14:09:47,232 [myid:3] - WARN  [QuorumConnectionThread-[myid=3]-1:QuorumCnxManager@400] - Cannot open channel to 1 at election address /127.0.0.1:30088
java.net.SocketException: Software caused connection abort: socket write error
	at java.net.SocketOutputStream.socketWrite0(Native Method)
	at java.net.SocketOutputStream.socketWrite(SocketOutputStream.java:111)
	at java.net.SocketOutputStream.write(SocketOutputStream.java:155)
	at sun.security.ssl.OutputRecord.writeBuffer(OutputRecord.java:431)
	at sun.security.ssl.OutputRecord.write(OutputRecord.java:417)
	at sun.security.ssl.SSLSocketImpl.writeRecordInternal(SSLSocketImpl.java:894)
	at sun.security.ssl.SSLSocketImpl.writeRecord(SSLSocketImpl.java:865)
	at sun.security.ssl.SSLSocketImpl.writeRecord(SSLSocketImpl.java:735)
	at sun.security.ssl.Handshaker.sendChangeCipherSpec(Handshaker.java:1189)
	at sun.security.ssl.ClientHandshaker.sendChangeCipherAndFinish(ClientHandshaker.java:1323)
	at sun.security.ssl.ClientHandshaker.serverHelloDone(ClientHandshaker.java:1233)
	at sun.security.ssl.ClientHandshaker.processMessage(ClientHandshaker.java:372)
	at sun.security.ssl.Handshaker.processLoop(Handshaker.java:1082)
	at sun.security.ssl.Handshaker.process_record(Handshaker.java:1010)
	at sun.security.ssl.SSLSocketImpl.readRecord(SSLSocketImpl.java:1079)
	at sun.security.ssl.SSLSocketImpl.performInitialHandshake(SSLSocketImpl.java:1388)
	at sun.security.ssl.SSLSocketImpl.startHandshake(SSLSocketImpl.java:1416)
	at sun.security.ssl.SSLSocketImpl.startHandshake(SSLSocketImpl.java:1400)
	at org.apache.zookeeper.server.quorum.QuorumCnxManager.initiateConnection(QuorumCnxManager.java:386)
	at org.apache.zookeeper.server.quorum.QuorumCnxManager$QuorumConnectionReqThread.run(QuorumCnxManager.java:457)
	at java.util.concurrent.ThreadPoolExecutor.runWorker(ThreadPoolExecutor.java:1149)
	at java.util.concurrent.ThreadPoolExecutor$Worker.run(ThreadPoolExecutor.java:624)
	at java.lang.Thread.run(Thread.java:748)
2020-06-22 14:09:47,232 [myid:3] - WARN  [QuorumConnectionThread-[myid=3]-3:QuorumCnxManager@400] - Cannot open channel to 2 at election address /127.0.0.1:30089
java.net.SocketException: Software caused connection abort: socket write error
	at java.net.SocketOutputStream.socketWrite0(Native Method)
	at java.net.SocketOutputStream.socketWrite(SocketOutputStream.java:111)
	at java.net.SocketOutputStream.write(SocketOutputStream.java:155)
	at sun.security.ssl.OutputRecord.writeBuffer(OutputRecord.java:431)
	at sun.security.ssl.OutputRecord.write(OutputRecord.java:417)
	at sun.security.ssl.SSLSocketImpl.writeRecordInternal(SSLSocketImpl.java:894)
	at sun.security.ssl.SSLSocketImpl.writeRecord(SSLSocketImpl.java:865)
	at sun.security.ssl.SSLSocketImpl.writeRecord(SSLSocketImpl.java:735)
	at sun.security.ssl.Handshaker.sendChangeCipherSpec(Handshaker.java:1189)
	at sun.security.ssl.ClientHandshaker.sendChangeCipherAndFinish(ClientHandshaker.java:1323)
	at sun.security.ssl.ClientHandshaker.serverHelloDone(ClientHandshaker.java:1233)
	at sun.security.ssl.ClientHandshaker.processMessage(ClientHandshaker.java:372)
	at sun.security.ssl.Handshaker.processLoop(Handshaker.java:1082)
	at sun.security.ssl.Handshaker.process_record(Handshaker.java:1010)
	at sun.security.ssl.SSLSocketImpl.readRecord(SSLSocketImpl.java:1079)
	at sun.security.ssl.SSLSocketImpl.performInitialHandshake(SSLSocketImpl.java:1388)
	at sun.security.ssl.SSLSocketImpl.startHandshake(SSLSocketImpl.java:1416)
	at sun.security.ssl.SSLSocketImpl.startHandshake(SSLSocketImpl.java:1400)
	at org.apache.zookeeper.server.quorum.QuorumCnxManager.initiateConnection(QuorumCnxManager.java:386)
	at org.apache.zookeeper.server.quorum.QuorumCnxManager$QuorumConnectionReqThread.run(QuorumCnxManager.java:457)
	at java.util.concurrent.ThreadPoolExecutor.runWorker(ThreadPoolExecutor.java:1149)
	at java.util.concurrent.ThreadPoolExecutor$Worker.run(ThreadPoolExecutor.java:624)
	at java.lang.Thread.run(Thread.java:748)
2020-06-22 14:09:47,314 [myid:] - INFO  [Time-limited test:FourLetterWordMain@93] - connecting to 127.0.0.1 30084
2020-06-22 14:09:47,315 [myid:3] - INFO  [nioEventLoopGroup-19-6:NettyServerCnxn@285] - Processing stat command from /127.0.0.1:63973
2020-06-22 14:09:47,567 [myid:] - INFO  [Time-limited test:FourLetterWordMain@93] - connecting to 127.0.0.1 30084
2020-06-22 14:09:47,568 [myid:3] - INFO  [nioEventLoopGroup-19-7:NettyServerCnxn@285] - Processing stat command from /127.0.0.1:63991
2020-06-22 14:09:47,819 [myid:] - INFO  [Time-limited test:FourLetterWordMain@93] - connecting to 127.0.0.1 30084
2020-06-22 14:09:47,819 [myid:3] - INFO  [nioEventLoopGroup-19-8:NettyServerCnxn@285] - Processing stat command from /127.0.0.1:63993
2020-06-22 14:09:48,071 [myid:] - INFO  [Time-limited test:FourLetterWordMain@93] - connecting to 127.0.0.1 30084
2020-06-22 14:09:48,072 [myid:3] - INFO  [nioEventLoopGroup-19-9:NettyServerCnxn@285] - Processing stat command from /127.0.0.1:63998
2020-06-22 14:09:48,322 [myid:] - INFO  [Time-limited test:FourLetterWordMain@93] - connecting to 127.0.0.1 30084
2020-06-22 14:09:48,323 [myid:3] - INFO  [nioEventLoopGroup-19-10:NettyServerCnxn@285] - Processing stat command from /127.0.0.1:63999
2020-06-22 14:09:48,573 [myid:] - INFO  [Time-limited test:FourLetterWordMain@93] - connecting to 127.0.0.1 30084
2020-06-22 14:09:48,573 [myid:3] - INFO  [nioEventLoopGroup-19-11:NettyServerCnxn@285] - Processing stat command from /127.0.0.1:64002
2020-06-22 14:09:48,825 [myid:] - INFO  [Time-limited test:FourLetterWordMain@93] - connecting to 127.0.0.1 30084
2020-06-22 14:09:48,826 [myid:3] - INFO  [nioEventLoopGroup-19-12:NettyServerCnxn@285] - Processing stat command from /127.0.0.1:64005
2020-06-22 14:09:49,076 [myid:] - INFO  [Time-limited test:FourLetterWordMain@93] - connecting to 127.0.0.1 30084
2020-06-22 14:09:49,076 [myid:3] - INFO  [nioEventLoopGroup-19-13:NettyServerCnxn@285] - Processing stat command from /127.0.0.1:64008
2020-06-22 14:09:49,327 [myid:] - INFO  [Time-limited test:FourLetterWordMain@93] - connecting to 127.0.0.1 30084
2020-06-22 14:09:49,328 [myid:3] - INFO  [nioEventLoopGroup-19-14:NettyServerCnxn@285] - Processing stat command from /127.0.0.1:64011
2020-06-22 14:09:49,579 [myid:] - INFO  [Time-limited test:FourLetterWordMain@93] - connecting to 127.0.0.1 30084
2020-06-22 14:09:49,579 [myid:3] - INFO  [nioEventLoopGroup-19-15:NettyServerCnxn@285] - Processing stat command from /127.0.0.1:64013
2020-06-22 14:09:49,830 [myid:] - INFO  [Time-limited test:FourLetterWordMain@93] - connecting to 127.0.0.1 30084
2020-06-22 14:09:49,830 [myid:3] - INFO  [nioEventLoopGroup-19-16:NettyServerCnxn@285] - Processing stat command from /127.0.0.1:64034
2020-06-22 14:09:50,081 [myid:] - INFO  [Time-limited test:FourLetterWordMain@93] - connecting to 127.0.0.1 30084
2020-06-22 14:09:50,082 [myid:3] - INFO  [nioEventLoopGroup-19-1:NettyServerCnxn@285] - Processing stat command from /127.0.0.1:64037
2020-06-22 14:09:50,333 [myid:] - INFO  [Time-limited test:FourLetterWordMain@93] - connecting to 127.0.0.1 30084
2020-06-22 14:09:50,333 [myid:3] - INFO  [nioEventLoopGroup-19-2:NettyServerCnxn@285] - Processing stat command from /127.0.0.1:64039
2020-06-22 14:09:50,595 [myid:] - INFO  [Time-limited test:FourLetterWordMain@93] - connecting to 127.0.0.1 30084
2020-06-22 14:09:50,595 [myid:3] - INFO  [nioEventLoopGroup-19-3:NettyServerCnxn@285] - Processing stat command from /127.0.0.1:64041
2020-06-22 14:09:50,857 [myid:] - INFO  [Time-limited test:FourLetterWordMain@93] - connecting to 127.0.0.1 30084
2020-06-22 14:09:50,857 [myid:3] - INFO  [nioEventLoopGroup-19-4:NettyServerCnxn@285] - Processing stat command from /127.0.0.1:64045
2020-06-22 14:09:51,108 [myid:] - INFO  [Time-limited test:FourLetterWordMain@93] - connecting to 127.0.0.1 30084
2020-06-22 14:09:51,108 [myid:3] - INFO  [nioEventLoopGroup-19-5:NettyServerCnxn@285] - Processing stat command from /127.0.0.1:64050
2020-06-22 14:09:51,360 [myid:] - INFO  [Time-limited test:FourLetterWordMain@93] - connecting to 127.0.0.1 30084
2020-06-22 14:09:51,361 [myid:3] - INFO  [nioEventLoopGroup-19-6:NettyServerCnxn@285] - Processing stat command from /127.0.0.1:64065
2020-06-22 14:09:51,363 [myid:] - WARN  [Time-limited test:JUnit4ZKTestRunner$LoggedInvokeMethod@105] - TEST METHOD FAILED testOCSP
java.lang.AssertionError
	at org.apache.zookeeper.server.quorum.QuorumSSLTest.testOCSP(QuorumSSLTest.java:802)
	at org.apache.zookeeper.JUnit4ZKTestRunner$LoggedInvokeMethod.evaluate(JUnit4ZKTestRunner.java:86)
	at java.lang.Thread.run(Thread.java:748)
2020-06-22 14:09:51,363 [myid:] - INFO  [Time-limited test:QuorumBase@364] - Shutting down quorum peer QuorumPeer[myid=1](plain=[0:0:0:0:0:0:0:0]:30082)(secure=disabled)
2020-06-22 14:09:51,363 [myid:] - INFO  [Time-limited test:Follower@292] - shutdown Follower
2020-06-22 14:09:51,364 [myid:] - INFO  [Time-limited test:LearnerZooKeeperServer@160] - Shutting down
2020-06-22 14:09:51,364 [myid:1] - WARN  [QuorumPeer[myid=1](plain=[0:0:0:0:0:0:0:0]:30082)(secure=disabled):Follower@129] - Exception when following the leader
java.net.SocketException: Socket Closed
	at java.net.SocketInputStream.socketRead0(Native Method)
	at java.net.SocketInputStream.socketRead(SocketInputStream.java:116)
	at java.net.SocketInputStream.read(SocketInputStream.java:171)
	at java.net.SocketInputStream.read(SocketInputStream.java:141)
	at sun.security.ssl.InputRecord.readFully(InputRecord.java:465)
	at sun.security.ssl.InputRecord.read(InputRecord.java:503)
	at sun.security.ssl.SSLSocketImpl.readRecord(SSLSocketImpl.java:990)
	at sun.security.ssl.SSLSocketImpl.readDataRecord(SSLSocketImpl.java:948)
	at sun.security.ssl.AppInputStream.read(AppInputStream.java:105)
	at java.io.BufferedInputStream.fill(BufferedInputStream.java:246)
	at java.io.BufferedInputStream.read(BufferedInputStream.java:265)
	at java.io.DataInputStream.readInt(DataInputStream.java:387)
	at org.apache.jute.BinaryInputArchive.readInt(BinaryInputArchive.java:96)
	at org.apache.zookeeper.server.quorum.QuorumPacket.deserialize(QuorumPacket.java:86)
	at org.apache.jute.BinaryInputArchive.readRecord(BinaryInputArchive.java:134)
	at org.apache.zookeeper.server.quorum.Learner.readPacket(Learner.java:182)
	at org.apache.zookeeper.server.quorum.Follower.followLeader(Follower.java:125)
	at org.apache.zookeeper.server.quorum.QuorumPeer.run(QuorumPeer.java:1455)
2020-06-22 14:09:51,364 [myid:] - INFO  [Time-limited test:ZooKeeperServer@784] - shutting down
2020-06-22 14:09:51,364 [myid:2] - ERROR [LearnerHandler-/127.0.0.1:62897:LearnerHandler@707] - Unexpected exception causing shutdown while sock still open
java.io.EOFException
	at java.io.DataInputStream.readInt(DataInputStream.java:392)
	at org.apache.jute.BinaryInputArchive.readInt(BinaryInputArchive.java:96)
	at org.apache.zookeeper.server.quorum.QuorumPacket.deserialize(QuorumPacket.java:86)
	at org.apache.jute.BinaryInputArchive.readRecord(BinaryInputArchive.java:134)
	at org.apache.zookeeper.server.quorum.LearnerHandler.run(LearnerHandler.java:643)
2020-06-22 14:09:51,364 [myid:1] - INFO  [QuorumPeer[myid=1](plain=[0:0:0:0:0:0:0:0]:30082)(secure=disabled):Follower@143] - Disconnected from leader (with address: /127.0.0.1:30086). Was connected for 30284ms. Sync state: true
2020-06-22 14:09:51,364 [myid:] - INFO  [Time-limited test:RequestThrottler@244] - Shutting down
2020-06-22 14:09:51,364 [myid:1] - INFO  [QuorumPeer[myid=1](plain=[0:0:0:0:0:0:0:0]:30082)(secure=disabled):Follower@292] - shutdown Follower
2020-06-22 14:09:51,364 [myid:2] - WARN  [LearnerHandler-/127.0.0.1:62897:LearnerHandler@730] - ******* GOODBYE /127.0.0.1:62897 ********
2020-06-22 14:09:51,364 [myid:1] - INFO  [RequestThrottler:RequestThrottler@205] - Draining request throttler queue
2020-06-22 14:09:51,365 [myid:1] - INFO  [RequestThrottler:RequestThrottler@181] - RequestThrottler shutdown. Dropped 0 requests
2020-06-22 14:09:51,365 [myid:] - INFO  [Time-limited test:FollowerRequestProcessor@148] - Shutting down
2020-06-22 14:09:51,365 [myid:] - INFO  [Time-limited test:CommitProcessor@617] - Shutting down
2020-06-22 14:09:51,365 [myid:1] - INFO  [FollowerRequestProcessor:1:FollowerRequestProcessor@112] - FollowerRequestProcessor exited loop!
2020-06-22 14:09:51,365 [myid:1] - INFO  [CommitProcessor:1:CommitProcessor@406] - CommitProcessor exited loop!
2020-06-22 14:09:51,365 [myid:] - INFO  [Time-limited test:FinalRequestProcessor@662] - shutdown of request processor complete
2020-06-22 14:09:51,365 [myid:] - INFO  [Time-limited test:SyncRequestProcessor@256] - Shutting down
2020-06-22 14:09:51,365 [myid:1] - INFO  [SyncThread:1:SyncRequestProcessor@225] - SyncRequestProcessor exited!
2020-06-22 14:09:51,366 [myid:1] - INFO  [QuorumPeer[myid=1](plain=[0:0:0:0:0:0:0:0]:30082)(secure=disabled):QuorumPeer@863] - Peer state changed: looking
2020-06-22 14:09:51,366 [myid:1] - WARN  [QuorumPeer[myid=1](plain=[0:0:0:0:0:0:0:0]:30082)(secure=disabled):QuorumPeer@1501] - PeerState set to LOOKING
2020-06-22 14:09:51,366 [myid:1] - WARN  [QuorumPeer[myid=1](plain=[0:0:0:0:0:0:0:0]:30082)(secure=disabled):QuorumPeer@1483] - QuorumPeer main thread exited
2020-06-22 14:09:51,366 [myid:] - INFO  [Time-limited test:NettyServerCnxnFactory@622] - shutdown called /0:0:0:0:0:0:0:0:30082
2020-06-22 14:09:51,367 [myid:1] - INFO  [QuorumPeerListener:QuorumCnxManager$Listener@979] - Leaving listener
2020-06-22 14:09:51,368 [myid:2] - WARN  [RecvWorker:1:QuorumCnxManager$RecvWorker@1395] - Connection broken for id 1, my id = 2
java.io.EOFException
	at java.io.DataInputStream.readInt(DataInputStream.java:392)
	at org.apache.zookeeper.server.quorum.QuorumCnxManager$RecvWorker.run(QuorumCnxManager.java:1383)
2020-06-22 14:09:51,368 [myid:1] - WARN  [RecvWorker:2:QuorumCnxManager$RecvWorker@1395] - Connection broken for id 2, my id = 1
java.net.SocketException: Socket closed
	at java.net.SocketInputStream.socketRead0(Native Method)
	at java.net.SocketInputStream.socketRead(SocketInputStream.java:116)
	at java.net.SocketInputStream.read(SocketInputStream.java:171)
	at java.net.SocketInputStream.read(SocketInputStream.java:141)
	at java.io.SequenceInputStream.read(SequenceInputStream.java:207)
	at sun.security.ssl.InputRecord.readFully(InputRecord.java:465)
	at sun.security.ssl.InputRecord.read(InputRecord.java:503)
	at sun.security.ssl.SSLSocketImpl.readRecord(SSLSocketImpl.java:990)
	at sun.security.ssl.SSLSocketImpl.readDataRecord(SSLSocketImpl.java:948)
	at sun.security.ssl.AppInputStream.read(AppInputStream.java:105)
	at org.apache.zookeeper.server.quorum.UnifiedServerSocket$UnifiedInputStream.read(UnifiedServerSocket.java:693)
	at java.io.BufferedInputStream.fill(BufferedInputStream.java:246)
	at java.io.BufferedInputStream.read(BufferedInputStream.java:265)
	at java.io.DataInputStream.readInt(DataInputStream.java:387)
	at org.apache.zookeeper.server.quorum.QuorumCnxManager$RecvWorker.run(QuorumCnxManager.java:1383)
2020-06-22 14:09:51,369 [myid:1] - WARN  [SendWorker:2:QuorumCnxManager$SendWorker@1281] - Interrupted while waiting for message on queue
java.lang.InterruptedException
	at java.util.concurrent.locks.AbstractQueuedSynchronizer$ConditionObject.reportInterruptAfterWait(AbstractQueuedSynchronizer.java:2014)
	at java.util.concurrent.locks.AbstractQueuedSynchronizer$ConditionObject.awaitNanos(AbstractQueuedSynchronizer.java:2088)
	at org.apache.zookeeper.util.CircularBlockingQueue.poll(CircularBlockingQueue.java:105)
	at org.apache.zookeeper.server.quorum.QuorumCnxManager.pollSendQueue(QuorumCnxManager.java:1446)
	at org.apache.zookeeper.server.quorum.QuorumCnxManager.access$900(QuorumCnxManager.java:98)
	at org.apache.zookeeper.server.quorum.QuorumCnxManager$SendWorker.run(QuorumCnxManager.java:1270)
2020-06-22 14:09:51,368 [myid:2] - WARN  [RecvWorker:1:QuorumCnxManager$RecvWorker@1401] - Interrupting SendWorker thread from RecvWorker. sid: 1. myId: 2
2020-06-22 14:09:51,370 [myid:1] - WARN  [SendWorker:2:QuorumCnxManager$SendWorker@1293] - Send worker leaving thread id 2 my id = 1
2020-06-22 14:09:51,369 [myid:] - INFO  [Time-limited test:QuorumBase@368] - Shutting down leader election QuorumPeer[myid=1](plain=[0:0:0:0:0:0:0:0]:30082)(secure=disabled)
2020-06-22 14:09:51,369 [myid:1] - WARN  [RecvWorker:2:QuorumCnxManager$RecvWorker@1401] - Interrupting SendWorker thread from RecvWorker. sid: 2. myId: 1
2020-06-22 14:09:51,370 [myid:] - INFO  [Time-limited test:QuorumBase@373] - Waiting for QuorumPeer[myid=1](plain=[0:0:0:0:0:0:0:0]:30082)(secure=disabled) to exit thread
2020-06-22 14:09:51,370 [myid:2] - WARN  [SendWorker:1:QuorumCnxManager$SendWorker@1281] - Interrupted while waiting for message on queue
java.lang.InterruptedException
	at java.util.concurrent.locks.AbstractQueuedSynchronizer$ConditionObject.reportInterruptAfterWait(AbstractQueuedSynchronizer.java:2014)
	at java.util.concurrent.locks.AbstractQueuedSynchronizer$ConditionObject.awaitNanos(AbstractQueuedSynchronizer.java:2088)
	at org.apache.zookeeper.util.CircularBlockingQueue.poll(CircularBlockingQueue.java:105)
	at org.apache.zookeeper.server.quorum.QuorumCnxManager.pollSendQueue(QuorumCnxManager.java:1446)
	at org.apache.zookeeper.server.quorum.QuorumCnxManager.access$900(QuorumCnxManager.java:98)
	at org.apache.zookeeper.server.quorum.QuorumCnxManager$SendWorker.run(QuorumCnxManager.java:1270)
2020-06-22 14:09:51,370 [myid:] - INFO  [Time-limited test:QuorumBase@364] - Shutting down quorum peer QuorumPeer[myid=2](plain=[0:0:0:0:0:0:0:0]:30083)(secure=disabled)
2020-06-22 14:09:51,370 [myid:2] - WARN  [SendWorker:1:QuorumCnxManager$SendWorker@1293] - Send worker leaving thread id 1 my id = 2
2020-06-22 14:09:51,370 [myid:] - INFO  [Time-limited test:Leader@792] - Shutting down
2020-06-22 14:09:51,370 [myid:] - INFO  [Time-limited test:Leader@798] - Shutdown called. For the reason quorum Peer shutdown
2020-06-22 14:09:51,370 [myid:] - INFO  [Time-limited test:ZooKeeperServer@784] - shutting down
2020-06-22 14:09:51,371 [myid:2] - WARN  [LearnerCnxAcceptorHandler-/127.0.0.1:30086:Leader$LearnerCnxAcceptor$LearnerCnxAcceptorHandler@523] - Exception while shutting down acceptor.
java.net.SocketException: socket closed
	at java.net.DualStackPlainSocketImpl.accept0(Native Method)
	at java.net.DualStackPlainSocketImpl.socketAccept(DualStackPlainSocketImpl.java:131)
	at java.net.AbstractPlainSocketImpl.accept(AbstractPlainSocketImpl.java:409)
	at java.net.PlainSocketImpl.accept(PlainSocketImpl.java:199)
	at java.net.ServerSocket.implAccept(ServerSocket.java:560)
	at org.apache.zookeeper.server.quorum.UnifiedServerSocket.accept(UnifiedServerSocket.java:139)
	at org.apache.zookeeper.server.quorum.Leader$LearnerCnxAcceptor$LearnerCnxAcceptorHandler.acceptConnections(Leader.java:510)
	at org.apache.zookeeper.server.quorum.Leader$LearnerCnxAcceptor$LearnerCnxAcceptorHandler.run(Leader.java:493)
	at java.util.concurrent.Executors$RunnableAdapter.call(Executors.java:511)
	at java.util.concurrent.FutureTask.run(FutureTask.java:266)
	at java.util.concurrent.ThreadPoolExecutor.runWorker(ThreadPoolExecutor.java:1149)
	at java.util.concurrent.ThreadPoolExecutor$Worker.run(ThreadPoolExecutor.java:624)
	at java.lang.Thread.run(Thread.java:748)
2020-06-22 14:09:51,371 [myid:] - INFO  [Time-limited test:RequestThrottler@244] - Shutting down
2020-06-22 14:09:51,371 [myid:2] - INFO  [RequestThrottler:RequestThrottler@205] - Draining request throttler queue
2020-06-22 14:09:51,371 [myid:2] - INFO  [RequestThrottler:RequestThrottler@181] - RequestThrottler shutdown. Dropped 0 requests
2020-06-22 14:09:51,371 [myid:] - INFO  [Time-limited test:SessionTrackerImpl@247] - Shutting down
2020-06-22 14:09:51,372 [myid:] - INFO  [Time-limited test:LeaderRequestProcessor@79] - Shutting down
2020-06-22 14:09:51,372 [myid:] - INFO  [Time-limited test:PrepRequestProcessor@1047] - Shutting down
2020-06-22 14:09:51,372 [myid:] - INFO  [Time-limited test:ProposalRequestProcessor@87] - Shutting down
2020-06-22 14:09:51,372 [myid:2] - INFO  [ProcessThread(sid:2 cport:-1)::PrepRequestProcessor@159] - PrepRequestProcessor exited loop!
2020-06-22 14:09:51,372 [myid:] - INFO  [Time-limited test:CommitProcessor@617] - Shutting down
2020-06-22 14:09:51,372 [myid:2] - INFO  [CommitProcessor:2:CommitProcessor@406] - CommitProcessor exited loop!
2020-06-22 14:09:51,372 [myid:] - INFO  [Time-limited test:Leader$ToBeAppliedRequestProcessor@1106] - Shutting down
2020-06-22 14:09:51,372 [myid:] - INFO  [Time-limited test:FinalRequestProcessor@662] - shutdown of request processor complete
2020-06-22 14:09:51,372 [myid:] - INFO  [Time-limited test:SyncRequestProcessor@256] - Shutting down
2020-06-22 14:09:51,373 [myid:2] - INFO  [SyncThread:2:SyncRequestProcessor@225] - SyncRequestProcessor exited!
2020-06-22 14:09:51,373 [myid:] - INFO  [Time-limited test:NettyServerCnxnFactory@622] - shutdown called /0:0:0:0:0:0:0:0:30083
2020-06-22 14:09:51,374 [myid:2] - INFO  [QuorumPeerListener:QuorumCnxManager$Listener@979] - Leaving listener
2020-06-22 14:09:51,374 [myid:2] - WARN  [QuorumPeer[myid=2](plain=[0:0:0:0:0:0:0:0]:30083)(secure=disabled):QuorumPeer@1471] - Unexpected exception
java.lang.InterruptedException
	at java.lang.Object.wait(Native Method)
	at org.apache.zookeeper.server.quorum.Leader.lead(Leader.java:730)
	at org.apache.zookeeper.server.quorum.QuorumPeer.run(QuorumPeer.java:1468)
2020-06-22 14:09:51,374 [myid:2] - INFO  [QuorumPeer[myid=2](plain=[0:0:0:0:0:0:0:0]:30083)(secure=disabled):Leader@792] - Shutting down
2020-06-22 14:09:51,374 [myid:] - INFO  [Time-limited test:QuorumBase@368] - Shutting down leader election QuorumPeer[myid=2](plain=[0:0:0:0:0:0:0:0]:30083)(secure=disabled)
2020-06-22 14:09:51,374 [myid:2] - INFO  [QuorumPeer[myid=2](plain=[0:0:0:0:0:0:0:0]:30083)(secure=disabled):QuorumPeer@863] - Peer state changed: looking
2020-06-22 14:09:51,374 [myid:] - INFO  [Time-limited test:QuorumBase@373] - Waiting for QuorumPeer[myid=2](plain=[0:0:0:0:0:0:0:0]:30083)(secure=disabled) to exit thread
2020-06-22 14:09:51,375 [myid:2] - WARN  [QuorumPeer[myid=2](plain=[0:0:0:0:0:0:0:0]:30083)(secure=disabled):QuorumPeer@1501] - PeerState set to LOOKING
2020-06-22 14:09:51,375 [myid:2] - WARN  [QuorumPeer[myid=2](plain=[0:0:0:0:0:0:0:0]:30083)(secure=disabled):QuorumPeer@1483] - QuorumPeer main thread exited
2020-06-22 14:09:51,375 [myid:] - INFO  [Time-limited test:QuorumBase@364] - Shutting down quorum peer QuorumPeer[myid=3](plain=[0:0:0:0:0:0:0:0]:30084)(secure=disabled)
2020-06-22 14:09:51,376 [myid:] - INFO  [Time-limited test:NettyServerCnxnFactory@622] - shutdown called /0:0:0:0:0:0:0:0:30084
2020-06-22 14:09:51,377 [myid:3] - INFO  [QuorumPeerListener:QuorumCnxManager$Listener@979] - Leaving listener
2020-06-22 14:09:51,377 [myid:3] - WARN  [QuorumPeer[myid=3](plain=[0:0:0:0:0:0:0:0]:30084)(secure=disabled):QuorumPeer@1427] - Unexpected exception
java.lang.InterruptedException
	at java.util.concurrent.locks.AbstractQueuedSynchronizer$ConditionObject.reportInterruptAfterWait(AbstractQueuedSynchronizer.java:2014)
	at java.util.concurrent.locks.AbstractQueuedSynchronizer$ConditionObject.awaitNanos(AbstractQueuedSynchronizer.java:2088)
	at java.util.concurrent.LinkedBlockingQueue.poll(LinkedBlockingQueue.java:467)
	at org.apache.zookeeper.server.quorum.FastLeaderElection.lookForLeader(FastLeaderElection.java:961)
	at org.apache.zookeeper.server.quorum.QuorumPeer.run(QuorumPeer.java:1425)
2020-06-22 14:09:51,377 [myid:] - INFO  [Time-limited test:QuorumBase@368] - Shutting down leader election QuorumPeer[myid=3](plain=[0:0:0:0:0:0:0:0]:30084)(secure=disabled)
2020-06-22 14:09:51,378 [myid:2] - INFO  [WorkerSender[myid=2]:FastLeaderElection$Messenger$WorkerSender@505] - WorkerSender is down
2020-06-22 14:09:51,377 [myid:1] - INFO  [WorkerReceiver[myid=1]:FastLeaderElection$Messenger$WorkerReceiver@471] - WorkerReceiver is down
2020-06-22 14:09:51,378 [myid:] - INFO  [Time-limited test:QuorumBase@373] - Waiting for QuorumPeer[myid=3](plain=[0:0:0:0:0:0:0:0]:30084)(secure=disabled) to exit thread
2020-06-22 14:09:51,378 [myid:1] - INFO  [WorkerSender[myid=1]:FastLeaderElection$Messenger$WorkerSender@505] - WorkerSender is down
2020-06-22 14:09:51,378 [myid:3] - INFO  [QuorumPeer[myid=3](plain=[0:0:0:0:0:0:0:0]:30084)(secure=disabled):QuorumPeer@863] - Peer state changed: looking
2020-06-22 14:09:51,379 [myid:3] - WARN  [QuorumPeer[myid=3](plain=[0:0:0:0:0:0:0:0]:30084)(secure=disabled):QuorumPeer@1483] - QuorumPeer main thread exited
2020-06-22 14:09:51,379 [myid:] - INFO  [Time-limited test:QuorumPeerTestBase@64] - No servers to shutdown!
2020-06-22 14:09:51,379 [myid:] - ERROR [main:ZKTestCase$1@101] - FAILED testOCSP
java.lang.AssertionError
	at org.apache.zookeeper.server.quorum.QuorumSSLTest.testOCSP(QuorumSSLTest.java:802)
	at org.apache.zookeeper.JUnit4ZKTestRunner$LoggedInvokeMethod.evaluate(JUnit4ZKTestRunner.java:86)
	at java.lang.Thread.run(Thread.java:748)
2020-06-22 14:09:51,380 [myid:] - INFO  [main:ZKTestCase$1@91] - FINISHED testOCSP
]]></system-out>
  </testcase>
  <testcase name="testRollingUpgrade" classname="org.apache.zookeeper.server.quorum.QuorumSSLTest" time="35.062"/>
  <testcase name="testQuorumSSL" classname="org.apache.zookeeper.server.quorum.QuorumSSLTest" time="37.03"/>
  <testcase name="testHostnameVerificationWithValidIpAddressAndInvalidHostname" classname="org.apache.zookeeper.server.quorum.QuorumSSLTest" time="35.525"/>
  <testcase name="testQuorumSSLWithMultipleAddresses" classname="org.apache.zookeeper.server.quorum.QuorumSSLTest" time="47.939"/>
  <testcase name="testHostnameVerificationWithInvalidHostname" classname="org.apache.zookeeper.server.quorum.QuorumSSLTest" time="44.624"/>
  <testcase name="testHostnameVerificationWithInvalidIpAddressAndValidHostname" classname="org.apache.zookeeper.server.quorum.QuorumSSLTest" time="44.706">
    <failure message="expected:&lt;true&gt; but was:&lt;false&gt;" type="java.lang.AssertionError"><![CDATA[java.lang.AssertionError: expected:<true> but was:<false>
	at org.apache.zookeeper.server.quorum.QuorumSSLTest.testHostnameVerification(QuorumSSLTest.java:697)
	at org.apache.zookeeper.server.quorum.QuorumSSLTest.testHostnameVerificationWithInvalidIpAddressAndValidHostname(QuorumSSLTest.java:633)
]]></failure>
    <system-out><![CDATA[2020-06-22 14:13:11,563 [myid:] - INFO  [main:ZKTestCase$1@86] - STARTING testHostnameVerificationWithInvalidIpAddressAndValidHostname
2020-06-22 14:13:11,566 [myid:] - INFO  [Time-limited test:PortAssignment@87] - Assigned port 30149 from range 30072 - 32764.
2020-06-22 14:13:11,566 [myid:] - INFO  [Time-limited test:PortAssignment@87] - Assigned port 30150 from range 30072 - 32764.
2020-06-22 14:13:11,567 [myid:] - INFO  [Time-limited test:PortAssignment@87] - Assigned port 30151 from range 30072 - 32764.
2020-06-22 14:13:11,567 [myid:] - INFO  [Time-limited test:PortAssignment@87] - Assigned port 30152 from range 30072 - 32764.
2020-06-22 14:13:11,568 [myid:] - INFO  [Time-limited test:PortAssignment@87] - Assigned port 30153 from range 30072 - 32764.
2020-06-22 14:13:11,568 [myid:] - INFO  [Time-limited test:PortAssignment@87] - Assigned port 30154 from range 30072 - 32764.
2020-06-22 14:13:11,568 [myid:] - INFO  [Time-limited test:PortAssignment@87] - Assigned port 30155 from range 30072 - 32764.
2020-06-22 14:13:11,569 [myid:] - INFO  [Time-limited test:PortAssignment@87] - Assigned port 30156 from range 30072 - 32764.
2020-06-22 14:13:11,569 [myid:] - INFO  [Time-limited test:PortAssignment@87] - Assigned port 30157 from range 30072 - 32764.
2020-06-22 14:13:13,588 [myid:2] - INFO  [SessionTracker:SessionTrackerImpl@170] - SessionTrackerImpl exited loop!
2020-06-22 14:13:13,738 [myid:1] - INFO  [WorkerSender[myid=1]:FastLeaderElection$Messenger$WorkerSender@505] - WorkerSender is down
2020-06-22 14:13:13,865 [myid:1] - INFO  [WorkerReceiver[myid=1]:FastLeaderElection$Messenger$WorkerReceiver@471] - WorkerReceiver is down
2020-06-22 14:13:13,865 [myid:2] - INFO  [WorkerReceiver[myid=2]:FastLeaderElection$Messenger$WorkerReceiver@471] - WorkerReceiver is down
2020-06-22 14:13:13,890 [myid:2] - INFO  [WorkerSender[myid=2]:FastLeaderElection$Messenger$WorkerSender@505] - WorkerSender is down
2020-06-22 14:13:14,443 [myid:3] - INFO  [WorkerSender[myid=3]:FastLeaderElection$Messenger$WorkerSender@505] - WorkerSender is down
2020-06-22 14:13:14,444 [myid:3] - INFO  [WorkerReceiver[myid=3]:FastLeaderElection$Messenger$WorkerReceiver@471] - WorkerReceiver is down
2020-06-22 14:13:17,766 [myid:] - INFO  [Time-limited test:JUnit4ZKTestRunner$LoggedInvokeMethod@84] - RUNNING TEST METHOD testHostnameVerificationWithInvalidIpAddressAndValidHostname
2020-06-22 14:13:17,813 [myid:] - INFO  [Time-limited test:QuorumPeerTestBase$MainThread@205] - id = 1 tmpDir = D:\desktop\git_repo\zookeeper-read\zookeeper-server\target\surefire\test3300450853635123051.junit.dir clientPort = 30149 adminServerPort = 8080
2020-06-22 14:13:17,818 [myid:] - INFO  [Time-limited test:QuorumPeerTestBase$MainThread@205] - id = 2 tmpDir = D:\desktop\git_repo\zookeeper-read\zookeeper-server\target\surefire\test2251062966610894115.junit.dir clientPort = 30150 adminServerPort = 8080
2020-06-22 14:13:17,822 [myid:] - INFO  [Time-limited test:FourLetterWordMain@93] - connecting to 127.0.0.1 30149
2020-06-22 14:13:17,824 [myid:] - INFO  [Thread-81:QuorumPeerConfig@173] - Reading configuration from: D:\desktop\git_repo\zookeeper-read\zookeeper-server\target\surefire\test3300450853635123051.junit.dir\zoo.cfg
2020-06-22 14:13:17,825 [myid:] - INFO  [Thread-81:QuorumPeerConfig@459] - clientPortAddress is 0.0.0.0:30149
2020-06-22 14:13:17,825 [myid:] - INFO  [Thread-81:QuorumPeerConfig@463] - secureClientPort is not set
2020-06-22 14:13:17,825 [myid:] - INFO  [Thread-81:QuorumPeerConfig@479] - observerMasterPort is not set
2020-06-22 14:13:17,825 [myid:] - INFO  [Thread-81:QuorumPeerConfig@496] - metricsProvider.className is org.apache.zookeeper.metrics.impl.DefaultMetricsProvider
2020-06-22 14:13:17,825 [myid:] - INFO  [Thread-82:QuorumPeerConfig@173] - Reading configuration from: D:\desktop\git_repo\zookeeper-read\zookeeper-server\target\surefire\test2251062966610894115.junit.dir\zoo.cfg
2020-06-22 14:13:17,826 [myid:1] - INFO  [Thread-81:DatadirCleanupManager@78] - autopurge.snapRetainCount set to 3
2020-06-22 14:13:17,826 [myid:1] - INFO  [Thread-81:DatadirCleanupManager@79] - autopurge.purgeInterval set to 0
2020-06-22 14:13:17,826 [myid:1] - INFO  [Thread-81:DatadirCleanupManager@101] - Purge task is not scheduled.
2020-06-22 14:13:17,826 [myid:1] - INFO  [Thread-81:ManagedUtil@44] - Log4j 1.2 jmx support found and enabled.
2020-06-22 14:13:17,826 [myid:1] - ERROR [Thread-81:ManagedUtil@109] - Problems while registering log4j 1.2 jmx beans!
javax.management.InstanceAlreadyExistsException: log4j:hierarchy=default
	at com.sun.jmx.mbeanserver.Repository.addMBean(Repository.java:437)
	at com.sun.jmx.interceptor.DefaultMBeanServerInterceptor.registerWithRepository(DefaultMBeanServerInterceptor.java:1898)
	at com.sun.jmx.interceptor.DefaultMBeanServerInterceptor.registerDynamicMBean(DefaultMBeanServerInterceptor.java:966)
	at com.sun.jmx.interceptor.DefaultMBeanServerInterceptor.registerObject(DefaultMBeanServerInterceptor.java:900)
	at com.sun.jmx.interceptor.DefaultMBeanServerInterceptor.registerMBean(DefaultMBeanServerInterceptor.java:324)
	at com.sun.jmx.mbeanserver.JmxMBeanServer.registerMBean(JmxMBeanServer.java:522)
	at org.apache.zookeeper.jmx.ManagedUtil.registerLog4jMBeans(ManagedUtil.java:72)
	at org.apache.zookeeper.server.quorum.QuorumPeerMain.runFromConfig(QuorumPeerMain.java:146)
	at org.apache.zookeeper.server.quorum.QuorumPeerMain.initializeAndRun(QuorumPeerMain.java:136)
	at org.apache.zookeeper.server.quorum.QuorumPeerTestBase$MainThread.run(QuorumPeerTestBase.java:329)
	at java.lang.Thread.run(Thread.java:748)
2020-06-22 14:13:17,826 [myid:1] - WARN  [Thread-81:QuorumPeerMain@148] - Unable to register log4j JMX control
javax.management.JMException: javax.management.InstanceAlreadyExistsException: log4j:hierarchy=default
	at org.apache.zookeeper.jmx.ManagedUtil.registerLog4jMBeans(ManagedUtil.java:110)
	at org.apache.zookeeper.server.quorum.QuorumPeerMain.runFromConfig(QuorumPeerMain.java:146)
	at org.apache.zookeeper.server.quorum.QuorumPeerMain.initializeAndRun(QuorumPeerMain.java:136)
	at org.apache.zookeeper.server.quorum.QuorumPeerTestBase$MainThread.run(QuorumPeerTestBase.java:329)
	at java.lang.Thread.run(Thread.java:748)
2020-06-22 14:13:17,826 [myid:1] - INFO  [Thread-81:QuorumPeerMain@151] - Starting quorum peer
2020-06-22 14:13:17,826 [myid:] - INFO  [Thread-82:QuorumPeerConfig@459] - clientPortAddress is 0.0.0.0:30150
2020-06-22 14:13:17,827 [myid:] - INFO  [Thread-82:QuorumPeerConfig@463] - secureClientPort is not set
2020-06-22 14:13:17,827 [myid:1] - INFO  [Thread-81:ServerMetrics@62] - ServerMetrics initialized with provider org.apache.zookeeper.metrics.impl.DefaultMetricsProvider@5290a6ca
2020-06-22 14:13:17,827 [myid:] - INFO  [Thread-82:QuorumPeerConfig@479] - observerMasterPort is not set
2020-06-22 14:13:17,827 [myid:] - INFO  [Thread-82:QuorumPeerConfig@496] - metricsProvider.className is org.apache.zookeeper.metrics.impl.DefaultMetricsProvider
2020-06-22 14:13:17,827 [myid:1] - INFO  [Thread-81:NettyServerCnxnFactory@483] - zookeeper.client.portUnification=false
2020-06-22 14:13:17,827 [myid:1] - INFO  [Thread-81:NettyServerCnxnFactory@495] - zookeeper.netty.advancedFlowControl.enabled = false
2020-06-22 14:13:17,827 [myid:1] - INFO  [Thread-81:NettyServerCnxnFactory@105] - handshakeThrottlingEnabled = false, zookeeper.netty.server.outstandingHandshake.limit = -1
2020-06-22 14:13:17,827 [myid:2] - INFO  [Thread-82:DatadirCleanupManager@78] - autopurge.snapRetainCount set to 3
2020-06-22 14:13:17,827 [myid:2] - INFO  [Thread-82:DatadirCleanupManager@79] - autopurge.purgeInterval set to 0
2020-06-22 14:13:17,827 [myid:2] - INFO  [Thread-82:DatadirCleanupManager@101] - Purge task is not scheduled.
2020-06-22 14:13:17,828 [myid:2] - INFO  [Thread-82:ManagedUtil@44] - Log4j 1.2 jmx support found and enabled.
2020-06-22 14:13:17,828 [myid:2] - ERROR [Thread-82:ManagedUtil@109] - Problems while registering log4j 1.2 jmx beans!
javax.management.InstanceAlreadyExistsException: log4j:hierarchy=default
	at com.sun.jmx.mbeanserver.Repository.addMBean(Repository.java:437)
	at com.sun.jmx.interceptor.DefaultMBeanServerInterceptor.registerWithRepository(DefaultMBeanServerInterceptor.java:1898)
	at com.sun.jmx.interceptor.DefaultMBeanServerInterceptor.registerDynamicMBean(DefaultMBeanServerInterceptor.java:966)
	at com.sun.jmx.interceptor.DefaultMBeanServerInterceptor.registerObject(DefaultMBeanServerInterceptor.java:900)
	at com.sun.jmx.interceptor.DefaultMBeanServerInterceptor.registerMBean(DefaultMBeanServerInterceptor.java:324)
	at com.sun.jmx.mbeanserver.JmxMBeanServer.registerMBean(JmxMBeanServer.java:522)
	at org.apache.zookeeper.jmx.ManagedUtil.registerLog4jMBeans(ManagedUtil.java:72)
	at org.apache.zookeeper.server.quorum.QuorumPeerMain.runFromConfig(QuorumPeerMain.java:146)
	at org.apache.zookeeper.server.quorum.QuorumPeerMain.initializeAndRun(QuorumPeerMain.java:136)
	at org.apache.zookeeper.server.quorum.QuorumPeerTestBase$MainThread.run(QuorumPeerTestBase.java:329)
	at java.lang.Thread.run(Thread.java:748)
2020-06-22 14:13:17,828 [myid:2] - WARN  [Thread-82:QuorumPeerMain@148] - Unable to register log4j JMX control
javax.management.JMException: javax.management.InstanceAlreadyExistsException: log4j:hierarchy=default
	at org.apache.zookeeper.jmx.ManagedUtil.registerLog4jMBeans(ManagedUtil.java:110)
	at org.apache.zookeeper.server.quorum.QuorumPeerMain.runFromConfig(QuorumPeerMain.java:146)
	at org.apache.zookeeper.server.quorum.QuorumPeerMain.initializeAndRun(QuorumPeerMain.java:136)
	at org.apache.zookeeper.server.quorum.QuorumPeerTestBase$MainThread.run(QuorumPeerTestBase.java:329)
	at java.lang.Thread.run(Thread.java:748)
2020-06-22 14:13:17,828 [myid:2] - INFO  [Thread-82:QuorumPeerMain@151] - Starting quorum peer
2020-06-22 14:13:17,828 [myid:2] - INFO  [Thread-82:ServerMetrics@62] - ServerMetrics initialized with provider org.apache.zookeeper.metrics.impl.DefaultMetricsProvider@54e1db1b
2020-06-22 14:13:17,828 [myid:2] - INFO  [Thread-82:NettyServerCnxnFactory@483] - zookeeper.client.portUnification=false
2020-06-22 14:13:17,829 [myid:2] - INFO  [Thread-82:NettyServerCnxnFactory@495] - zookeeper.netty.advancedFlowControl.enabled = false
2020-06-22 14:13:17,829 [myid:2] - INFO  [Thread-82:NettyServerCnxnFactory@105] - handshakeThrottlingEnabled = false, zookeeper.netty.server.outstandingHandshake.limit = -1
2020-06-22 14:13:18,159 [myid:1] - INFO  [Thread-81:ServerCnxnFactory@169] - Using org.apache.zookeeper.server.NettyServerCnxnFactory as server connection factory
2020-06-22 14:13:18,159 [myid:1] - WARN  [Thread-81:ServerCnxnFactory@309] - maxCnxns is not configured, using default value 0.
2020-06-22 14:13:18,159 [myid:1] - INFO  [Thread-81:FileTxnSnapLog@124] - zookeeper.snapshot.trust.empty : false
2020-06-22 14:13:18,164 [myid:1] - INFO  [Thread-81:QuorumPeer@1680] - Local sessions disabled
2020-06-22 14:13:18,164 [myid:1] - INFO  [Thread-81:QuorumPeer@1691] - Local session upgrading disabled
2020-06-22 14:13:18,164 [myid:1] - INFO  [Thread-81:QuorumPeer@1658] - tickTime set to 4000
2020-06-22 14:13:18,165 [myid:1] - INFO  [Thread-81:QuorumPeer@1702] - minSessionTimeout set to 8000
2020-06-22 14:13:18,165 [myid:1] - INFO  [Thread-81:QuorumPeer@1713] - maxSessionTimeout set to 80000
2020-06-22 14:13:18,165 [myid:1] - INFO  [Thread-81:QuorumPeer@1738] - initLimit set to 10
2020-06-22 14:13:18,165 [myid:1] - INFO  [Thread-81:QuorumPeer@1920] - syncLimit set to 5
2020-06-22 14:13:18,165 [myid:1] - INFO  [Thread-81:QuorumPeer@1935] - connectToLearnerMasterLimit set to 5
2020-06-22 14:13:18,165 [myid:1] - INFO  [Thread-81:WatchManagerFactory@42] - Using org.apache.zookeeper.server.watch.WatchManager as watch manager
2020-06-22 14:13:18,165 [myid:1] - INFO  [Thread-81:WatchManagerFactory@42] - Using org.apache.zookeeper.server.watch.WatchManager as watch manager
2020-06-22 14:13:18,165 [myid:1] - INFO  [Thread-81:ZKDatabase@132] - zookeeper.snapshotSizeFactor = 0.33
2020-06-22 14:13:18,165 [myid:1] - INFO  [Thread-81:ZKDatabase@152] - zookeeper.commitLogCount=500
2020-06-22 14:13:18,166 [myid:1] - INFO  [Thread-81:QuorumPeer@1999] - Using TLS encrypted quorum communication
2020-06-22 14:13:18,166 [myid:1] - INFO  [Thread-81:QuorumPeer@2007] - Port unification disabled
2020-06-22 14:13:18,166 [myid:1] - INFO  [Thread-81:QuorumPeer@174] - multiAddress.enabled set to false
2020-06-22 14:13:18,167 [myid:1] - INFO  [Thread-81:QuorumPeer@199] - multiAddress.reachabilityCheckEnabled set to true
2020-06-22 14:13:18,167 [myid:1] - INFO  [Thread-81:QuorumPeer@186] - multiAddress.reachabilityCheckTimeoutMs set to 1000
2020-06-22 14:13:18,167 [myid:1] - INFO  [Thread-81:QuorumPeer@2461] - QuorumPeer communication is not secured! (SASL auth disabled)
2020-06-22 14:13:18,167 [myid:1] - INFO  [Thread-81:QuorumPeer@2486] - quorum.cnxn.threads.size set to 20
2020-06-22 14:13:18,172 [myid:1] - INFO  [Thread-81:FileTxnSnapLog@251] - Initialize file found, an empty database will not block voting participation
2020-06-22 14:13:18,172 [myid:1] - INFO  [Thread-81:FileTxnSnapLog@470] - Snapshotting: 0x0 to D:\desktop\git_repo\zookeeper-read\zookeeper-server\target\surefire\test3300450853635123051.junit.dir\data\version-2\snapshot.0
2020-06-22 14:13:18,175 [myid:2] - INFO  [Thread-82:ServerCnxnFactory@169] - Using org.apache.zookeeper.server.NettyServerCnxnFactory as server connection factory
2020-06-22 14:13:18,175 [myid:2] - WARN  [Thread-82:ServerCnxnFactory@309] - maxCnxns is not configured, using default value 0.
2020-06-22 14:13:18,175 [myid:2] - INFO  [Thread-82:FileTxnSnapLog@124] - zookeeper.snapshot.trust.empty : false
2020-06-22 14:13:18,177 [myid:2] - INFO  [Thread-82:QuorumPeer@1680] - Local sessions disabled
2020-06-22 14:13:18,178 [myid:2] - INFO  [Thread-82:QuorumPeer@1691] - Local session upgrading disabled
2020-06-22 14:13:18,180 [myid:2] - INFO  [Thread-82:QuorumPeer@1658] - tickTime set to 4000
2020-06-22 14:13:18,180 [myid:2] - INFO  [Thread-82:QuorumPeer@1702] - minSessionTimeout set to 8000
2020-06-22 14:13:18,180 [myid:2] - INFO  [Thread-82:QuorumPeer@1713] - maxSessionTimeout set to 80000
2020-06-22 14:13:18,180 [myid:2] - INFO  [Thread-82:QuorumPeer@1738] - initLimit set to 10
2020-06-22 14:13:18,180 [myid:2] - INFO  [Thread-82:QuorumPeer@1920] - syncLimit set to 5
2020-06-22 14:13:18,175 [myid:1] - INFO  [Thread-81:ZKDatabase@289] - Snapshot loaded in 8 ms, highest zxid is 0x0, digest is 1371985504
2020-06-22 14:13:18,180 [myid:2] - INFO  [Thread-82:QuorumPeer@1935] - connectToLearnerMasterLimit set to 5
2020-06-22 14:13:18,181 [myid:1] - INFO  [Thread-81:QuorumPeer@1102] - currentEpoch not found! Creating with a reasonable default of 0. This should only happen when you are upgrading your installation
2020-06-22 14:13:18,181 [myid:2] - INFO  [Thread-82:WatchManagerFactory@42] - Using org.apache.zookeeper.server.watch.WatchManager as watch manager
2020-06-22 14:13:18,181 [myid:2] - INFO  [Thread-82:WatchManagerFactory@42] - Using org.apache.zookeeper.server.watch.WatchManager as watch manager
2020-06-22 14:13:18,182 [myid:2] - INFO  [Thread-82:ZKDatabase@132] - zookeeper.snapshotSizeFactor = 0.33
2020-06-22 14:13:18,182 [myid:2] - INFO  [Thread-82:ZKDatabase@152] - zookeeper.commitLogCount=500
2020-06-22 14:13:18,182 [myid:2] - INFO  [Thread-82:QuorumPeer@1999] - Using TLS encrypted quorum communication
2020-06-22 14:13:18,182 [myid:2] - INFO  [Thread-82:QuorumPeer@2007] - Port unification disabled
2020-06-22 14:13:18,183 [myid:2] - INFO  [Thread-82:QuorumPeer@174] - multiAddress.enabled set to false
2020-06-22 14:13:18,183 [myid:2] - INFO  [Thread-82:QuorumPeer@199] - multiAddress.reachabilityCheckEnabled set to true
2020-06-22 14:13:18,183 [myid:2] - INFO  [Thread-82:QuorumPeer@186] - multiAddress.reachabilityCheckTimeoutMs set to 1000
2020-06-22 14:13:18,183 [myid:2] - INFO  [Thread-82:QuorumPeer@2461] - QuorumPeer communication is not secured! (SASL auth disabled)
2020-06-22 14:13:18,183 [myid:2] - INFO  [Thread-82:QuorumPeer@2486] - quorum.cnxn.threads.size set to 20
2020-06-22 14:13:18,185 [myid:2] - INFO  [Thread-82:FileTxnSnapLog@251] - Initialize file found, an empty database will not block voting participation
2020-06-22 14:13:18,186 [myid:2] - INFO  [Thread-82:FileTxnSnapLog@470] - Snapshotting: 0x0 to D:\desktop\git_repo\zookeeper-read\zookeeper-server\target\surefire\test2251062966610894115.junit.dir\data\version-2\snapshot.0
2020-06-22 14:13:18,186 [myid:1] - INFO  [Thread-81:QuorumPeer@1122] - acceptedEpoch not found! Creating with a reasonable default of 0. This should only happen when you are upgrading your installation
2020-06-22 14:13:18,187 [myid:2] - INFO  [Thread-82:ZKDatabase@289] - Snapshot loaded in 4 ms, highest zxid is 0x0, digest is 1371985504
2020-06-22 14:13:18,187 [myid:2] - INFO  [Thread-82:QuorumPeer@1102] - currentEpoch not found! Creating with a reasonable default of 0. This should only happen when you are upgrading your installation
2020-06-22 14:13:18,188 [myid:1] - INFO  [Thread-81:NettyServerCnxnFactory@670] - binding to port /0.0.0.0:30149
2020-06-22 14:13:18,189 [myid:1] - INFO  [Thread-81:NettyServerCnxnFactory@675] - bound to port 30149
2020-06-22 14:13:18,189 [myid:1] - INFO  [Thread-81:QuorumPeer@2503] - Using 20000ms as the quorum cnxn socket timeout
2020-06-22 14:13:18,189 [myid:1] - INFO  [Thread-81:QuorumCnxManager$Listener@923] - Election port bind maximum retries is 3
2020-06-22 14:13:18,190 [myid:2] - INFO  [Thread-82:QuorumPeer@1122] - acceptedEpoch not found! Creating with a reasonable default of 0. This should only happen when you are upgrading your installation
2020-06-22 14:13:18,190 [myid:1] - INFO  [QuorumPeer[myid=1](plain=[0:0:0:0:0:0:0:0]:30149)(secure=disabled):QuorumPeer@1371] - LOOKING
2020-06-22 14:13:18,191 [myid:1] - INFO  [QuorumPeer[myid=1](plain=[0:0:0:0:0:0:0:0]:30149)(secure=disabled):FastLeaderElection@944] - New election. My id = 1, proposed zxid=0x0
2020-06-22 14:13:18,191 [myid:1] - INFO  [ListenerHandler-/127.0.0.1:30155:QuorumCnxManager$Listener$ListenerHandler@1127] - Creating TLS-only quorum server socket
2020-06-22 14:13:18,191 [myid:1] - INFO  [WorkerReceiver[myid=1]:FastLeaderElection$Messenger$WorkerReceiver@389] - Notification: my state:LOOKING; n.sid:1, n.state:LOOKING, n.leader:1, n.round:0x1, n.peerEpoch:0x0, n.zxid:0x0, message format version:0x2, n.config version:0x0
2020-06-22 14:13:18,191 [myid:1] - INFO  [ListenerHandler-/127.0.0.1:30155:QuorumCnxManager$Listener$ListenerHandler@1065] - 1 is accepting connections now, my election bind port: /127.0.0.1:30155
2020-06-22 14:13:18,192 [myid:2] - INFO  [Thread-82:NettyServerCnxnFactory@670] - binding to port /0.0.0.0:30150
2020-06-22 14:13:18,194 [myid:2] - INFO  [Thread-82:NettyServerCnxnFactory@675] - bound to port 30150
2020-06-22 14:13:18,194 [myid:2] - INFO  [Thread-82:QuorumPeer@2503] - Using 20000ms as the quorum cnxn socket timeout
2020-06-22 14:13:18,194 [myid:2] - INFO  [Thread-82:QuorumCnxManager$Listener@923] - Election port bind maximum retries is 3
2020-06-22 14:13:18,198 [myid:2] - INFO  [ListenerHandler-/127.0.0.1:30156:QuorumCnxManager$Listener$ListenerHandler@1127] - Creating TLS-only quorum server socket
2020-06-22 14:13:18,198 [myid:2] - INFO  [QuorumPeer[myid=2](plain=[0:0:0:0:0:0:0:0]:30150)(secure=disabled):QuorumPeer@1371] - LOOKING
2020-06-22 14:13:18,198 [myid:2] - INFO  [QuorumPeer[myid=2](plain=[0:0:0:0:0:0:0:0]:30150)(secure=disabled):FastLeaderElection@944] - New election. My id = 2, proposed zxid=0x0
2020-06-22 14:13:18,198 [myid:2] - INFO  [ListenerHandler-/127.0.0.1:30156:QuorumCnxManager$Listener$ListenerHandler@1065] - 2 is accepting connections now, my election bind port: /127.0.0.1:30156
2020-06-22 14:13:18,199 [myid:2] - INFO  [WorkerReceiver[myid=2]:FastLeaderElection$Messenger$WorkerReceiver@389] - Notification: my state:LOOKING; n.sid:2, n.state:LOOKING, n.leader:2, n.round:0x1, n.peerEpoch:0x0, n.zxid:0x0, message format version:0x2, n.config version:0x0
2020-06-22 14:13:18,201 [myid:1] - INFO  [ListenerHandler-/127.0.0.1:30155:QuorumCnxManager$Listener$ListenerHandler@1070] - Received connection request from /127.0.0.1:56966
2020-06-22 14:13:18,290 [myid:1] - INFO  [ListenerHandler-/127.0.0.1:30155:UnifiedServerSocket$UnifiedSocket@266] - Accepted TLS connection from /127.0.0.1:56966 - TLSv1.2 - TLS_ECDHE_RSA_WITH_AES_128_CBC_SHA256
2020-06-22 14:13:18,290 [myid:2] - INFO  [QuorumConnectionThread-[myid=2]-1:QuorumCnxManager@387] - SSL handshake complete with /127.0.0.1:30155 - TLSv1.2 - TLS_ECDHE_RSA_WITH_AES_128_CBC_SHA256
2020-06-22 14:13:18,292 [myid:1] - INFO  [WorkerReceiver[myid=1]:FastLeaderElection$Messenger$WorkerReceiver@389] - Notification: my state:LOOKING; n.sid:2, n.state:LOOKING, n.leader:2, n.round:0x1, n.peerEpoch:0x0, n.zxid:0x0, message format version:0x2, n.config version:0x0
2020-06-22 14:13:18,292 [myid:2] - INFO  [WorkerReceiver[myid=2]:FastLeaderElection$Messenger$WorkerReceiver@389] - Notification: my state:LOOKING; n.sid:1, n.state:LOOKING, n.leader:1, n.round:0x1, n.peerEpoch:0x0, n.zxid:0x0, message format version:0x2, n.config version:0x0
2020-06-22 14:13:18,293 [myid:1] - INFO  [WorkerReceiver[myid=1]:FastLeaderElection$Messenger$WorkerReceiver@389] - Notification: my state:LOOKING; n.sid:1, n.state:LOOKING, n.leader:2, n.round:0x1, n.peerEpoch:0x0, n.zxid:0x0, message format version:0x2, n.config version:0x0
2020-06-22 14:13:18,293 [myid:2] - INFO  [WorkerReceiver[myid=2]:FastLeaderElection$Messenger$WorkerReceiver@389] - Notification: my state:LOOKING; n.sid:1, n.state:LOOKING, n.leader:2, n.round:0x1, n.peerEpoch:0x0, n.zxid:0x0, message format version:0x2, n.config version:0x0
2020-06-22 14:13:18,325 [myid:1] - INFO  [nioEventLoopGroup-113-1:NettyServerCnxn@285] - Processing stat command from /127.0.0.1:56891
2020-06-22 14:13:18,494 [myid:1] - INFO  [QuorumPeer[myid=1](plain=[0:0:0:0:0:0:0:0]:30149)(secure=disabled):QuorumPeer@857] - Peer state changed: following
2020-06-22 14:13:18,494 [myid:1] - INFO  [QuorumPeer[myid=1](plain=[0:0:0:0:0:0:0:0]:30149)(secure=disabled):QuorumPeer@1453] - FOLLOWING
2020-06-22 14:13:18,494 [myid:1] - INFO  [QuorumPeer[myid=1](plain=[0:0:0:0:0:0:0:0]:30149)(secure=disabled):ZooKeeperServer@1246] - minSessionTimeout set to 8000
2020-06-22 14:13:18,494 [myid:1] - INFO  [QuorumPeer[myid=1](plain=[0:0:0:0:0:0:0:0]:30149)(secure=disabled):ZooKeeperServer@1255] - maxSessionTimeout set to 80000
2020-06-22 14:13:18,494 [myid:1] - INFO  [QuorumPeer[myid=1](plain=[0:0:0:0:0:0:0:0]:30149)(secure=disabled):ResponseCache@45] - Response cache size is initialized with value 400.
2020-06-22 14:13:18,494 [myid:1] - INFO  [QuorumPeer[myid=1](plain=[0:0:0:0:0:0:0:0]:30149)(secure=disabled):ResponseCache@45] - Response cache size is initialized with value 400.
2020-06-22 14:13:18,494 [myid:1] - INFO  [QuorumPeer[myid=1](plain=[0:0:0:0:0:0:0:0]:30149)(secure=disabled):RequestPathMetricsCollector@111] - zookeeper.pathStats.slotCapacity = 60
2020-06-22 14:13:18,494 [myid:1] - INFO  [QuorumPeer[myid=1](plain=[0:0:0:0:0:0:0:0]:30149)(secure=disabled):RequestPathMetricsCollector@112] - zookeeper.pathStats.slotDuration = 15
2020-06-22 14:13:18,494 [myid:1] - INFO  [QuorumPeer[myid=1](plain=[0:0:0:0:0:0:0:0]:30149)(secure=disabled):RequestPathMetricsCollector@113] - zookeeper.pathStats.maxDepth = 6
2020-06-22 14:13:18,494 [myid:1] - INFO  [QuorumPeer[myid=1](plain=[0:0:0:0:0:0:0:0]:30149)(secure=disabled):RequestPathMetricsCollector@114] - zookeeper.pathStats.initialDelay = 5
2020-06-22 14:13:18,494 [myid:1] - INFO  [QuorumPeer[myid=1](plain=[0:0:0:0:0:0:0:0]:30149)(secure=disabled):RequestPathMetricsCollector@115] - zookeeper.pathStats.delay = 5
2020-06-22 14:13:18,495 [myid:1] - INFO  [QuorumPeer[myid=1](plain=[0:0:0:0:0:0:0:0]:30149)(secure=disabled):RequestPathMetricsCollector@116] - zookeeper.pathStats.enabled = false
2020-06-22 14:13:18,495 [myid:1] - INFO  [QuorumPeer[myid=1](plain=[0:0:0:0:0:0:0:0]:30149)(secure=disabled):ZooKeeperServer@1471] - The max bytes for all large requests are set to 104857600
2020-06-22 14:13:18,495 [myid:1] - INFO  [QuorumPeer[myid=1](plain=[0:0:0:0:0:0:0:0]:30149)(secure=disabled):ZooKeeperServer@1485] - The large request threshold is set to -1
2020-06-22 14:13:18,495 [myid:1] - INFO  [QuorumPeer[myid=1](plain=[0:0:0:0:0:0:0:0]:30149)(secure=disabled):ZooKeeperServer@329] - Created server with tickTime 4000 minSessionTimeout 8000 maxSessionTimeout 80000 clientPortListenBacklog -1 datadir D:\desktop\git_repo\zookeeper-read\zookeeper-server\target\surefire\test3300450853635123051.junit.dir\data\version-2 snapdir D:\desktop\git_repo\zookeeper-read\zookeeper-server\target\surefire\test3300450853635123051.junit.dir\data\version-2
2020-06-22 14:13:18,495 [myid:1] - INFO  [QuorumPeer[myid=1](plain=[0:0:0:0:0:0:0:0]:30149)(secure=disabled):Follower@75] - FOLLOWING - LEADER ELECTION TOOK - 305 MS
2020-06-22 14:13:18,496 [myid:2] - INFO  [QuorumPeer[myid=2](plain=[0:0:0:0:0:0:0:0]:30150)(secure=disabled):QuorumPeer@857] - Peer state changed: leading
2020-06-22 14:13:18,496 [myid:1] - INFO  [QuorumPeer[myid=1](plain=[0:0:0:0:0:0:0:0]:30149)(secure=disabled):QuorumPeer@863] - Peer state changed: following - discovery
2020-06-22 14:13:18,496 [myid:2] - INFO  [QuorumPeer[myid=2](plain=[0:0:0:0:0:0:0:0]:30150)(secure=disabled):QuorumPeer@1465] - LEADING
2020-06-22 14:13:18,496 [myid:2] - INFO  [QuorumPeer[myid=2](plain=[0:0:0:0:0:0:0:0]:30150)(secure=disabled):ZooKeeperServer@1246] - minSessionTimeout set to 8000
2020-06-22 14:13:18,496 [myid:2] - INFO  [QuorumPeer[myid=2](plain=[0:0:0:0:0:0:0:0]:30150)(secure=disabled):ZooKeeperServer@1255] - maxSessionTimeout set to 80000
2020-06-22 14:13:18,496 [myid:2] - INFO  [QuorumPeer[myid=2](plain=[0:0:0:0:0:0:0:0]:30150)(secure=disabled):ResponseCache@45] - Response cache size is initialized with value 400.
2020-06-22 14:13:18,496 [myid:2] - INFO  [QuorumPeer[myid=2](plain=[0:0:0:0:0:0:0:0]:30150)(secure=disabled):ResponseCache@45] - Response cache size is initialized with value 400.
2020-06-22 14:13:18,496 [myid:2] - INFO  [QuorumPeer[myid=2](plain=[0:0:0:0:0:0:0:0]:30150)(secure=disabled):RequestPathMetricsCollector@111] - zookeeper.pathStats.slotCapacity = 60
2020-06-22 14:13:18,496 [myid:2] - INFO  [QuorumPeer[myid=2](plain=[0:0:0:0:0:0:0:0]:30150)(secure=disabled):RequestPathMetricsCollector@112] - zookeeper.pathStats.slotDuration = 15
2020-06-22 14:13:18,496 [myid:2] - INFO  [QuorumPeer[myid=2](plain=[0:0:0:0:0:0:0:0]:30150)(secure=disabled):RequestPathMetricsCollector@113] - zookeeper.pathStats.maxDepth = 6
2020-06-22 14:13:18,496 [myid:2] - INFO  [QuorumPeer[myid=2](plain=[0:0:0:0:0:0:0:0]:30150)(secure=disabled):RequestPathMetricsCollector@114] - zookeeper.pathStats.initialDelay = 5
2020-06-22 14:13:18,497 [myid:2] - INFO  [QuorumPeer[myid=2](plain=[0:0:0:0:0:0:0:0]:30150)(secure=disabled):RequestPathMetricsCollector@115] - zookeeper.pathStats.delay = 5
2020-06-22 14:13:18,497 [myid:2] - INFO  [QuorumPeer[myid=2](plain=[0:0:0:0:0:0:0:0]:30150)(secure=disabled):RequestPathMetricsCollector@116] - zookeeper.pathStats.enabled = false
2020-06-22 14:13:18,497 [myid:2] - INFO  [QuorumPeer[myid=2](plain=[0:0:0:0:0:0:0:0]:30150)(secure=disabled):ZooKeeperServer@1471] - The max bytes for all large requests are set to 104857600
2020-06-22 14:13:18,497 [myid:2] - INFO  [QuorumPeer[myid=2](plain=[0:0:0:0:0:0:0:0]:30150)(secure=disabled):ZooKeeperServer@1485] - The large request threshold is set to -1
2020-06-22 14:13:18,497 [myid:2] - INFO  [QuorumPeer[myid=2](plain=[0:0:0:0:0:0:0:0]:30150)(secure=disabled):ZooKeeperServer@329] - Created server with tickTime 4000 minSessionTimeout 8000 maxSessionTimeout 80000 clientPortListenBacklog -1 datadir D:\desktop\git_repo\zookeeper-read\zookeeper-server\target\surefire\test2251062966610894115.junit.dir\data\version-2 snapdir D:\desktop\git_repo\zookeeper-read\zookeeper-server\target\surefire\test2251062966610894115.junit.dir\data\version-2
2020-06-22 14:13:18,497 [myid:2] - INFO  [QuorumPeer[myid=2](plain=[0:0:0:0:0:0:0:0]:30150)(secure=disabled):Leader@581] - LEADING - LEADER ELECTION TOOK - 299 MS
2020-06-22 14:13:18,498 [myid:2] - INFO  [QuorumPeer[myid=2](plain=[0:0:0:0:0:0:0:0]:30150)(secure=disabled):QuorumPeer@863] - Peer state changed: leading - discovery
2020-06-22 14:13:18,498 [myid:2] - INFO  [QuorumPeer[myid=2](plain=[0:0:0:0:0:0:0:0]:30150)(secure=disabled):FileTxnSnapLog@470] - Snapshotting: 0x0 to D:\desktop\git_repo\zookeeper-read\zookeeper-server\target\surefire\test2251062966610894115.junit.dir\data\version-2\snapshot.0
2020-06-22 14:13:18,501 [myid:2] - INFO  [QuorumPeer[myid=2](plain=[0:0:0:0:0:0:0:0]:30150)(secure=disabled):ZooKeeperServer@519] - Snapshot taken in 3 ms
2020-06-22 14:13:18,573 [myid:2] - INFO  [LearnerHandler-/127.0.0.1:56982:UnifiedServerSocket$UnifiedSocket@266] - Accepted TLS connection from /127.0.0.1:56982 - TLSv1.2 - TLS_ECDHE_RSA_WITH_AES_128_CBC_SHA256
2020-06-22 14:13:18,574 [myid:1] - INFO  [LeaderConnector-/127.0.0.1:30153:Learner$LeaderConnector@330] - Successfully connected to leader, using address: /127.0.0.1:30153
2020-06-22 14:13:18,574 [myid:2] - INFO  [LearnerHandler-/127.0.0.1:56982:LearnerHandler@504] - Follower sid: 1 : info : 127.0.0.1:30152:30155:participant;0.0.0.0:30149
2020-06-22 14:13:18,576 [myid:] - INFO  [Time-limited test:FourLetterWordMain@93] - connecting to 127.0.0.1 30149
2020-06-22 14:13:18,577 [myid:1] - INFO  [nioEventLoopGroup-113-2:NettyServerCnxn@285] - Processing stat command from /127.0.0.1:56989
2020-06-22 14:13:18,580 [myid:1] - INFO  [QuorumPeer[myid=1](plain=[0:0:0:0:0:0:0:0]:30149)(secure=disabled):QuorumPeer@863] - Peer state changed: following - synchronization
2020-06-22 14:13:18,581 [myid:2] - INFO  [LearnerHandler-/127.0.0.1:56982:ZKDatabase@345] - On disk txn sync enabled with snapshotSizeFactor 0.33
2020-06-22 14:13:18,581 [myid:2] - INFO  [LearnerHandler-/127.0.0.1:56982:LearnerHandler@800] - Synchronizing with Learner sid: 1 maxCommittedLog=0x0 minCommittedLog=0x0 lastProcessedZxid=0x0 peerLastZxid=0x0
2020-06-22 14:13:18,581 [myid:2] - INFO  [LearnerHandler-/127.0.0.1:56982:LearnerHandler@845] - Sending DIFF zxid=0x0 for peer sid: 1
2020-06-22 14:13:18,584 [myid:1] - INFO  [QuorumPeer[myid=1](plain=[0:0:0:0:0:0:0:0]:30149)(secure=disabled):Learner@511] - Getting a diff from the leader 0x0
2020-06-22 14:13:18,584 [myid:1] - INFO  [QuorumPeer[myid=1](plain=[0:0:0:0:0:0:0:0]:30149)(secure=disabled):QuorumPeer@868] - Peer state changed: following - synchronization - diff
2020-06-22 14:13:18,585 [myid:1] - INFO  [QuorumPeer[myid=1](plain=[0:0:0:0:0:0:0:0]:30149)(secure=disabled):Learner@677] - Learner received NEWLEADER message
2020-06-22 14:13:18,586 [myid:2] - INFO  [QuorumPeer[myid=2](plain=[0:0:0:0:0:0:0:0]:30150)(secure=disabled):QuorumPeer@863] - Peer state changed: leading - synchronization
2020-06-22 14:13:18,592 [myid:2] - INFO  [QuorumPeer[myid=2](plain=[0:0:0:0:0:0:0:0]:30150)(secure=disabled):Leader@1501] - Have quorum of supporters, sids: [[1, 2],[1, 2]]; starting up and setting last processed zxid: 0x100000000
2020-06-22 14:13:18,592 [myid:2] - INFO  [QuorumPeer[myid=2](plain=[0:0:0:0:0:0:0:0]:30150)(secure=disabled):CommitProcessor@476] - Configuring CommitProcessor with readBatchSize -1 commitBatchSize 1
2020-06-22 14:13:18,592 [myid:2] - INFO  [QuorumPeer[myid=2](plain=[0:0:0:0:0:0:0:0]:30150)(secure=disabled):CommitProcessor@438] - Configuring CommitProcessor with 8 worker threads.
2020-06-22 14:13:18,593 [myid:2] - INFO  [QuorumPeer[myid=2](plain=[0:0:0:0:0:0:0:0]:30150)(secure=disabled):ContainerManager@83] - Using checkIntervalMs=60000 maxPerMinute=10000 maxNeverUsedIntervalMs=0
2020-06-22 14:13:18,594 [myid:2] - INFO  [QuorumPeer[myid=2](plain=[0:0:0:0:0:0:0:0]:30150)(secure=disabled):QuorumPeer@863] - Peer state changed: leading - broadcast
2020-06-22 14:13:18,594 [myid:1] - INFO  [QuorumPeer[myid=1](plain=[0:0:0:0:0:0:0:0]:30149)(secure=disabled):Learner@661] - Learner received UPTODATE message
2020-06-22 14:13:18,594 [myid:1] - INFO  [QuorumPeer[myid=1](plain=[0:0:0:0:0:0:0:0]:30149)(secure=disabled):QuorumPeer@868] - Peer state changed: following - synchronization
2020-06-22 14:13:18,594 [myid:1] - INFO  [QuorumPeer[myid=1](plain=[0:0:0:0:0:0:0:0]:30149)(secure=disabled):CommitProcessor@476] - Configuring CommitProcessor with readBatchSize -1 commitBatchSize 1
2020-06-22 14:13:18,594 [myid:1] - INFO  [QuorumPeer[myid=1](plain=[0:0:0:0:0:0:0:0]:30149)(secure=disabled):CommitProcessor@438] - Configuring CommitProcessor with 8 worker threads.
2020-06-22 14:13:18,596 [myid:1] - INFO  [QuorumPeer[myid=1](plain=[0:0:0:0:0:0:0:0]:30149)(secure=disabled):QuorumPeer@863] - Peer state changed: following - broadcast
2020-06-22 14:13:18,694 [myid:2] - INFO  [ListenerHandler-/127.0.0.1:30156:QuorumCnxManager$Listener$ListenerHandler@1070] - Received connection request from /127.0.0.1:56963
2020-06-22 14:13:18,754 [myid:2] - INFO  [ListenerHandler-/127.0.0.1:30156:UnifiedServerSocket$UnifiedSocket@266] - Accepted TLS connection from /127.0.0.1:56963 - TLSv1.2 - TLS_ECDHE_RSA_WITH_AES_128_CBC_SHA256
2020-06-22 14:13:18,754 [myid:1] - INFO  [QuorumConnectionThread-[myid=1]-1:QuorumCnxManager@387] - SSL handshake complete with /127.0.0.1:30156 - TLSv1.2 - TLS_ECDHE_RSA_WITH_AES_128_CBC_SHA256
2020-06-22 14:13:18,755 [myid:1] - INFO  [QuorumConnectionThread-[myid=1]-1:QuorumCnxManager@513] - Have smaller server identifier, so dropping the connection: (myId:1 --> sid:2)
2020-06-22 14:13:18,755 [myid:2] - WARN  [RecvWorker:1:QuorumCnxManager$RecvWorker@1395] - Connection broken for id 1, my id = 2
java.net.SocketException: Socket closed
	at java.net.SocketInputStream.socketRead0(Native Method)
	at java.net.SocketInputStream.socketRead(SocketInputStream.java:116)
	at java.net.SocketInputStream.read(SocketInputStream.java:171)
	at java.net.SocketInputStream.read(SocketInputStream.java:141)
	at sun.security.ssl.InputRecord.readFully(InputRecord.java:465)
	at sun.security.ssl.InputRecord.read(InputRecord.java:503)
	at sun.security.ssl.SSLSocketImpl.readRecord(SSLSocketImpl.java:990)
	at sun.security.ssl.SSLSocketImpl.readDataRecord(SSLSocketImpl.java:948)
	at sun.security.ssl.AppInputStream.read(AppInputStream.java:105)
	at java.io.BufferedInputStream.fill(BufferedInputStream.java:246)
	at java.io.BufferedInputStream.read(BufferedInputStream.java:265)
	at java.io.DataInputStream.readInt(DataInputStream.java:387)
	at org.apache.zookeeper.server.quorum.QuorumCnxManager$RecvWorker.run(QuorumCnxManager.java:1383)
2020-06-22 14:13:18,756 [myid:1] - WARN  [RecvWorker:2:QuorumCnxManager$RecvWorker@1395] - Connection broken for id 2, my id = 1
java.io.EOFException
	at java.io.DataInputStream.readInt(DataInputStream.java:392)
	at org.apache.zookeeper.server.quorum.QuorumCnxManager$RecvWorker.run(QuorumCnxManager.java:1383)
2020-06-22 14:13:18,756 [myid:1] - WARN  [RecvWorker:2:QuorumCnxManager$RecvWorker@1401] - Interrupting SendWorker thread from RecvWorker. sid: 2. myId: 1
2020-06-22 14:13:18,756 [myid:2] - WARN  [RecvWorker:1:QuorumCnxManager$RecvWorker@1401] - Interrupting SendWorker thread from RecvWorker. sid: 1. myId: 2
2020-06-22 14:13:18,756 [myid:1] - WARN  [SendWorker:2:QuorumCnxManager$SendWorker@1281] - Interrupted while waiting for message on queue
java.lang.InterruptedException
	at java.util.concurrent.locks.AbstractQueuedSynchronizer$ConditionObject.reportInterruptAfterWait(AbstractQueuedSynchronizer.java:2014)
	at java.util.concurrent.locks.AbstractQueuedSynchronizer$ConditionObject.awaitNanos(AbstractQueuedSynchronizer.java:2088)
	at org.apache.zookeeper.util.CircularBlockingQueue.poll(CircularBlockingQueue.java:105)
	at org.apache.zookeeper.server.quorum.QuorumCnxManager.pollSendQueue(QuorumCnxManager.java:1446)
	at org.apache.zookeeper.server.quorum.QuorumCnxManager.access$900(QuorumCnxManager.java:98)
	at org.apache.zookeeper.server.quorum.QuorumCnxManager$SendWorker.run(QuorumCnxManager.java:1270)
2020-06-22 14:13:18,755 [myid:2] - WARN  [SendWorker:1:QuorumCnxManager$SendWorker@1281] - Interrupted while waiting for message on queue
java.lang.InterruptedException
	at java.util.concurrent.locks.AbstractQueuedSynchronizer$ConditionObject.reportInterruptAfterWait(AbstractQueuedSynchronizer.java:2014)
	at java.util.concurrent.locks.AbstractQueuedSynchronizer$ConditionObject.awaitNanos(AbstractQueuedSynchronizer.java:2088)
	at org.apache.zookeeper.util.CircularBlockingQueue.poll(CircularBlockingQueue.java:105)
	at org.apache.zookeeper.server.quorum.QuorumCnxManager.pollSendQueue(QuorumCnxManager.java:1446)
	at org.apache.zookeeper.server.quorum.QuorumCnxManager.access$900(QuorumCnxManager.java:98)
	at org.apache.zookeeper.server.quorum.QuorumCnxManager$SendWorker.run(QuorumCnxManager.java:1270)
2020-06-22 14:13:18,756 [myid:1] - WARN  [SendWorker:2:QuorumCnxManager$SendWorker@1293] - Send worker leaving thread id 2 my id = 1
2020-06-22 14:13:18,756 [myid:2] - WARN  [SendWorker:1:QuorumCnxManager$SendWorker@1293] - Send worker leaving thread id 1 my id = 2
2020-06-22 14:13:18,757 [myid:1] - INFO  [ListenerHandler-/127.0.0.1:30155:QuorumCnxManager$Listener$ListenerHandler@1070] - Received connection request from /127.0.0.1:57004
2020-06-22 14:13:18,814 [myid:1] - INFO  [ListenerHandler-/127.0.0.1:30155:UnifiedServerSocket$UnifiedSocket@266] - Accepted TLS connection from /127.0.0.1:57004 - TLSv1.2 - TLS_ECDHE_RSA_WITH_AES_128_CBC_SHA256
2020-06-22 14:13:18,814 [myid:2] - INFO  [QuorumConnectionThread-[myid=2]-3:QuorumCnxManager@387] - SSL handshake complete with /127.0.0.1:30155 - TLSv1.2 - TLS_ECDHE_RSA_WITH_AES_128_CBC_SHA256
2020-06-22 14:13:18,819 [myid:2] - INFO  [WorkerReceiver[myid=2]:FastLeaderElection$Messenger$WorkerReceiver@389] - Notification: my state:LEADING; n.sid:1, n.state:LOOKING, n.leader:2, n.round:0x1, n.peerEpoch:0x0, n.zxid:0x0, message format version:0x2, n.config version:0x0
2020-06-22 14:13:18,819 [myid:1] - INFO  [WorkerReceiver[myid=1]:FastLeaderElection$Messenger$WorkerReceiver@389] - Notification: my state:FOLLOWING; n.sid:2, n.state:LOOKING, n.leader:2, n.round:0x1, n.peerEpoch:0x0, n.zxid:0x0, message format version:0x2, n.config version:0x0
2020-06-22 14:13:18,820 [myid:1] - INFO  [WorkerReceiver[myid=1]:FastLeaderElection$Messenger$WorkerReceiver@389] - Notification: my state:FOLLOWING; n.sid:2, n.state:LEADING, n.leader:2, n.round:0x1, n.peerEpoch:0x1, n.zxid:0x0, message format version:0x2, n.config version:0x0
2020-06-22 14:13:18,820 [myid:2] - INFO  [WorkerReceiver[myid=2]:FastLeaderElection$Messenger$WorkerReceiver@389] - Notification: my state:LEADING; n.sid:1, n.state:FOLLOWING, n.leader:2, n.round:0x1, n.peerEpoch:0x1, n.zxid:0x0, message format version:0x2, n.config version:0x0
2020-06-22 14:13:18,829 [myid:] - INFO  [Time-limited test:FourLetterWordMain@93] - connecting to 127.0.0.1 30149
2020-06-22 14:13:18,830 [myid:1] - INFO  [nioEventLoopGroup-113-3:NettyServerCnxn@285] - Processing stat command from /127.0.0.1:57010
2020-06-22 14:13:18,830 [myid:1] - INFO  [nioEventLoopGroup-113-3:StatCommand@52] - Stat command output
2020-06-22 14:13:18,830 [myid:] - INFO  [Time-limited test:FourLetterWordMain@93] - connecting to 127.0.0.1 30150
2020-06-22 14:13:18,831 [myid:2] - INFO  [nioEventLoopGroup-115-1:NettyServerCnxn@285] - Processing stat command from /127.0.0.1:57011
2020-06-22 14:13:18,832 [myid:2] - INFO  [nioEventLoopGroup-115-1:StatCommand@52] - Stat command output
2020-06-22 14:13:18,834 [myid:] - INFO  [Time-limited test:QuorumPeerTestBase$MainThread@205] - id = 3 tmpDir = D:\desktop\git_repo\zookeeper-read\zookeeper-server\target\surefire\test3474468558717399554.junit.dir clientPort = 30151 adminServerPort = 8080
2020-06-22 14:13:18,835 [myid:] - INFO  [Time-limited test:FourLetterWordMain@93] - connecting to 127.0.0.1 30151
2020-06-22 14:13:18,835 [myid:] - INFO  [Thread-85:QuorumPeerConfig@173] - Reading configuration from: D:\desktop\git_repo\zookeeper-read\zookeeper-server\target\surefire\test3474468558717399554.junit.dir\zoo.cfg
2020-06-22 14:13:18,836 [myid:] - INFO  [Thread-85:QuorumPeerConfig@459] - clientPortAddress is 0.0.0.0:30151
2020-06-22 14:13:18,836 [myid:] - INFO  [Thread-85:QuorumPeerConfig@463] - secureClientPort is not set
2020-06-22 14:13:18,836 [myid:] - INFO  [Thread-85:QuorumPeerConfig@479] - observerMasterPort is not set
2020-06-22 14:13:18,836 [myid:] - INFO  [Thread-85:QuorumPeerConfig@496] - metricsProvider.className is org.apache.zookeeper.metrics.impl.DefaultMetricsProvider
2020-06-22 14:13:18,836 [myid:3] - INFO  [Thread-85:DatadirCleanupManager@78] - autopurge.snapRetainCount set to 3
2020-06-22 14:13:18,836 [myid:3] - INFO  [Thread-85:DatadirCleanupManager@79] - autopurge.purgeInterval set to 0
2020-06-22 14:13:18,836 [myid:3] - INFO  [Thread-85:DatadirCleanupManager@101] - Purge task is not scheduled.
2020-06-22 14:13:18,836 [myid:3] - INFO  [Thread-85:ManagedUtil@44] - Log4j 1.2 jmx support found and enabled.
2020-06-22 14:13:18,836 [myid:3] - ERROR [Thread-85:ManagedUtil@109] - Problems while registering log4j 1.2 jmx beans!
javax.management.InstanceAlreadyExistsException: log4j:hierarchy=default
	at com.sun.jmx.mbeanserver.Repository.addMBean(Repository.java:437)
	at com.sun.jmx.interceptor.DefaultMBeanServerInterceptor.registerWithRepository(DefaultMBeanServerInterceptor.java:1898)
	at com.sun.jmx.interceptor.DefaultMBeanServerInterceptor.registerDynamicMBean(DefaultMBeanServerInterceptor.java:966)
	at com.sun.jmx.interceptor.DefaultMBeanServerInterceptor.registerObject(DefaultMBeanServerInterceptor.java:900)
	at com.sun.jmx.interceptor.DefaultMBeanServerInterceptor.registerMBean(DefaultMBeanServerInterceptor.java:324)
	at com.sun.jmx.mbeanserver.JmxMBeanServer.registerMBean(JmxMBeanServer.java:522)
	at org.apache.zookeeper.jmx.ManagedUtil.registerLog4jMBeans(ManagedUtil.java:72)
	at org.apache.zookeeper.server.quorum.QuorumPeerMain.runFromConfig(QuorumPeerMain.java:146)
	at org.apache.zookeeper.server.quorum.QuorumPeerMain.initializeAndRun(QuorumPeerMain.java:136)
	at org.apache.zookeeper.server.quorum.QuorumPeerTestBase$MainThread.run(QuorumPeerTestBase.java:329)
	at java.lang.Thread.run(Thread.java:748)
2020-06-22 14:13:18,837 [myid:3] - WARN  [Thread-85:QuorumPeerMain@148] - Unable to register log4j JMX control
javax.management.JMException: javax.management.InstanceAlreadyExistsException: log4j:hierarchy=default
	at org.apache.zookeeper.jmx.ManagedUtil.registerLog4jMBeans(ManagedUtil.java:110)
	at org.apache.zookeeper.server.quorum.QuorumPeerMain.runFromConfig(QuorumPeerMain.java:146)
	at org.apache.zookeeper.server.quorum.QuorumPeerMain.initializeAndRun(QuorumPeerMain.java:136)
	at org.apache.zookeeper.server.quorum.QuorumPeerTestBase$MainThread.run(QuorumPeerTestBase.java:329)
	at java.lang.Thread.run(Thread.java:748)
2020-06-22 14:13:18,837 [myid:3] - INFO  [Thread-85:QuorumPeerMain@151] - Starting quorum peer
2020-06-22 14:13:18,837 [myid:3] - INFO  [Thread-85:ServerMetrics@62] - ServerMetrics initialized with provider org.apache.zookeeper.metrics.impl.DefaultMetricsProvider@77b806c
2020-06-22 14:13:18,837 [myid:3] - INFO  [Thread-85:NettyServerCnxnFactory@483] - zookeeper.client.portUnification=false
2020-06-22 14:13:18,837 [myid:3] - INFO  [Thread-85:NettyServerCnxnFactory@495] - zookeeper.netty.advancedFlowControl.enabled = false
2020-06-22 14:13:18,837 [myid:3] - INFO  [Thread-85:NettyServerCnxnFactory@105] - handshakeThrottlingEnabled = false, zookeeper.netty.server.outstandingHandshake.limit = -1
2020-06-22 14:13:18,998 [myid:3] - INFO  [Thread-85:ServerCnxnFactory@169] - Using org.apache.zookeeper.server.NettyServerCnxnFactory as server connection factory
2020-06-22 14:13:18,998 [myid:3] - WARN  [Thread-85:ServerCnxnFactory@309] - maxCnxns is not configured, using default value 0.
2020-06-22 14:13:18,998 [myid:3] - INFO  [Thread-85:FileTxnSnapLog@124] - zookeeper.snapshot.trust.empty : false
2020-06-22 14:13:18,999 [myid:3] - INFO  [Thread-85:QuorumPeer@1680] - Local sessions disabled
2020-06-22 14:13:18,999 [myid:3] - INFO  [Thread-85:QuorumPeer@1691] - Local session upgrading disabled
2020-06-22 14:13:18,999 [myid:3] - INFO  [Thread-85:QuorumPeer@1658] - tickTime set to 4000
2020-06-22 14:13:18,999 [myid:3] - INFO  [Thread-85:QuorumPeer@1702] - minSessionTimeout set to 8000
2020-06-22 14:13:18,999 [myid:3] - INFO  [Thread-85:QuorumPeer@1713] - maxSessionTimeout set to 80000
2020-06-22 14:13:18,999 [myid:3] - INFO  [Thread-85:QuorumPeer@1738] - initLimit set to 10
2020-06-22 14:13:18,999 [myid:3] - INFO  [Thread-85:QuorumPeer@1920] - syncLimit set to 5
2020-06-22 14:13:18,999 [myid:3] - INFO  [Thread-85:QuorumPeer@1935] - connectToLearnerMasterLimit set to 5
2020-06-22 14:13:18,999 [myid:3] - INFO  [Thread-85:WatchManagerFactory@42] - Using org.apache.zookeeper.server.watch.WatchManager as watch manager
2020-06-22 14:13:18,999 [myid:3] - INFO  [Thread-85:WatchManagerFactory@42] - Using org.apache.zookeeper.server.watch.WatchManager as watch manager
2020-06-22 14:13:18,999 [myid:3] - INFO  [Thread-85:ZKDatabase@132] - zookeeper.snapshotSizeFactor = 0.33
2020-06-22 14:13:18,999 [myid:3] - INFO  [Thread-85:ZKDatabase@152] - zookeeper.commitLogCount=500
2020-06-22 14:13:19,000 [myid:3] - INFO  [Thread-85:QuorumPeer@1999] - Using TLS encrypted quorum communication
2020-06-22 14:13:19,000 [myid:3] - INFO  [Thread-85:QuorumPeer@2007] - Port unification disabled
2020-06-22 14:13:19,000 [myid:3] - INFO  [Thread-85:QuorumPeer@174] - multiAddress.enabled set to false
2020-06-22 14:13:19,000 [myid:3] - INFO  [Thread-85:QuorumPeer@199] - multiAddress.reachabilityCheckEnabled set to true
2020-06-22 14:13:19,000 [myid:3] - INFO  [Thread-85:QuorumPeer@186] - multiAddress.reachabilityCheckTimeoutMs set to 1000
2020-06-22 14:13:19,000 [myid:3] - INFO  [Thread-85:QuorumPeer@2461] - QuorumPeer communication is not secured! (SASL auth disabled)
2020-06-22 14:13:19,000 [myid:3] - INFO  [Thread-85:QuorumPeer@2486] - quorum.cnxn.threads.size set to 20
2020-06-22 14:13:19,000 [myid:3] - INFO  [Thread-85:FileTxnSnapLog@251] - Initialize file found, an empty database will not block voting participation
2020-06-22 14:13:19,000 [myid:3] - INFO  [Thread-85:FileTxnSnapLog@470] - Snapshotting: 0x0 to D:\desktop\git_repo\zookeeper-read\zookeeper-server\target\surefire\test3474468558717399554.junit.dir\data\version-2\snapshot.0
2020-06-22 14:13:19,001 [myid:3] - INFO  [Thread-85:ZKDatabase@289] - Snapshot loaded in 2 ms, highest zxid is 0x0, digest is 1371985504
2020-06-22 14:13:19,002 [myid:3] - INFO  [Thread-85:QuorumPeer@1102] - currentEpoch not found! Creating with a reasonable default of 0. This should only happen when you are upgrading your installation
2020-06-22 14:13:19,005 [myid:3] - INFO  [Thread-85:QuorumPeer@1122] - acceptedEpoch not found! Creating with a reasonable default of 0. This should only happen when you are upgrading your installation
2020-06-22 14:13:19,007 [myid:3] - INFO  [Thread-85:NettyServerCnxnFactory@670] - binding to port /0.0.0.0:30151
2020-06-22 14:13:19,008 [myid:3] - INFO  [Thread-85:NettyServerCnxnFactory@675] - bound to port 30151
2020-06-22 14:13:19,008 [myid:3] - INFO  [Thread-85:QuorumPeer@2503] - Using 20000ms as the quorum cnxn socket timeout
2020-06-22 14:13:19,008 [myid:3] - INFO  [Thread-85:QuorumCnxManager$Listener@923] - Election port bind maximum retries is 3
2020-06-22 14:13:19,008 [myid:3] - INFO  [ListenerHandler-/127.0.0.1:30157:QuorumCnxManager$Listener$ListenerHandler@1127] - Creating TLS-only quorum server socket
2020-06-22 14:13:19,009 [myid:3] - INFO  [QuorumPeer[myid=3](plain=[0:0:0:0:0:0:0:0]:30151)(secure=disabled):QuorumPeer@1371] - LOOKING
2020-06-22 14:13:19,009 [myid:3] - INFO  [QuorumPeer[myid=3](plain=[0:0:0:0:0:0:0:0]:30151)(secure=disabled):FastLeaderElection@944] - New election. My id = 3, proposed zxid=0x0
2020-06-22 14:13:19,009 [myid:3] - INFO  [ListenerHandler-/127.0.0.1:30157:QuorumCnxManager$Listener$ListenerHandler@1065] - 3 is accepting connections now, my election bind port: /127.0.0.1:30157
2020-06-22 14:13:19,009 [myid:3] - INFO  [WorkerReceiver[myid=3]:FastLeaderElection$Messenger$WorkerReceiver@389] - Notification: my state:LOOKING; n.sid:3, n.state:LOOKING, n.leader:3, n.round:0x1, n.peerEpoch:0x0, n.zxid:0x0, message format version:0x2, n.config version:0x0
2020-06-22 14:13:19,010 [myid:2] - INFO  [ListenerHandler-/127.0.0.1:30156:QuorumCnxManager$Listener$ListenerHandler@1070] - Received connection request from /127.0.0.1:57052
2020-06-22 14:13:19,010 [myid:1] - INFO  [ListenerHandler-/127.0.0.1:30155:QuorumCnxManager$Listener$ListenerHandler@1070] - Received connection request from /127.0.0.1:57051
2020-06-22 14:13:19,086 [myid:1] - INFO  [ListenerHandler-/127.0.0.1:30155:UnifiedServerSocket$UnifiedSocket@266] - Accepted TLS connection from /127.0.0.1:57051 - TLSv1.2 - TLS_ECDHE_RSA_WITH_AES_128_CBC_SHA256
2020-06-22 14:13:19,086 [myid:3] - INFO  [QuorumConnectionThread-[myid=3]-1:QuorumCnxManager@387] - SSL handshake complete with /127.0.0.1:30155 - TLSv1.2 - TLS_ECDHE_RSA_WITH_AES_128_CBC_SHA256
2020-06-22 14:13:19,089 [myid:3] - INFO  [WorkerReceiver[myid=3]:FastLeaderElection$Messenger$WorkerReceiver@389] - Notification: my state:LOOKING; n.sid:1, n.state:LOOKING, n.leader:2, n.round:0x1, n.peerEpoch:0x0, n.zxid:0x0, message format version:0x2, n.config version:0x0
2020-06-22 14:13:19,089 [myid:1] - INFO  [WorkerReceiver[myid=1]:FastLeaderElection$Messenger$WorkerReceiver@389] - Notification: my state:FOLLOWING; n.sid:3, n.state:LOOKING, n.leader:3, n.round:0x1, n.peerEpoch:0x0, n.zxid:0x0, message format version:0x2, n.config version:0x0
2020-06-22 14:13:19,090 [myid:3] - INFO  [WorkerReceiver[myid=3]:FastLeaderElection$Messenger$WorkerReceiver@389] - Notification: my state:LOOKING; n.sid:1, n.state:FOLLOWING, n.leader:2, n.round:0x1, n.peerEpoch:0x1, n.zxid:0x0, message format version:0x2, n.config version:0x0
2020-06-22 14:13:19,096 [myid:2] - INFO  [ListenerHandler-/127.0.0.1:30156:UnifiedServerSocket$UnifiedSocket@266] - Accepted TLS connection from /127.0.0.1:57052 - TLSv1.2 - TLS_ECDHE_RSA_WITH_AES_128_CBC_SHA256
2020-06-22 14:13:19,096 [myid:3] - INFO  [QuorumConnectionThread-[myid=3]-2:QuorumCnxManager@387] - SSL handshake complete with /127.0.0.1:30156 - TLSv1.2 - TLS_ECDHE_RSA_WITH_AES_128_CBC_SHA256
2020-06-22 14:13:19,098 [myid:3] - INFO  [WorkerReceiver[myid=3]:FastLeaderElection$Messenger$WorkerReceiver@389] - Notification: my state:LOOKING; n.sid:2, n.state:LOOKING, n.leader:2, n.round:0x1, n.peerEpoch:0x0, n.zxid:0x0, message format version:0x2, n.config version:0x0
2020-06-22 14:13:19,098 [myid:2] - INFO  [WorkerReceiver[myid=2]:FastLeaderElection$Messenger$WorkerReceiver@389] - Notification: my state:LEADING; n.sid:3, n.state:LOOKING, n.leader:3, n.round:0x1, n.peerEpoch:0x0, n.zxid:0x0, message format version:0x2, n.config version:0x0
2020-06-22 14:13:19,099 [myid:3] - INFO  [WorkerReceiver[myid=3]:FastLeaderElection$Messenger$WorkerReceiver@389] - Notification: my state:LOOKING; n.sid:2, n.state:LEADING, n.leader:2, n.round:0x1, n.peerEpoch:0x1, n.zxid:0x0, message format version:0x2, n.config version:0x0
2020-06-22 14:13:19,099 [myid:3] - INFO  [QuorumPeer[myid=3](plain=[0:0:0:0:0:0:0:0]:30151)(secure=disabled):QuorumPeer@857] - Peer state changed: following
2020-06-22 14:13:19,099 [myid:3] - INFO  [QuorumPeer[myid=3](plain=[0:0:0:0:0:0:0:0]:30151)(secure=disabled):QuorumPeer@1453] - FOLLOWING
2020-06-22 14:13:19,099 [myid:3] - INFO  [QuorumPeer[myid=3](plain=[0:0:0:0:0:0:0:0]:30151)(secure=disabled):ZooKeeperServer@1246] - minSessionTimeout set to 8000
2020-06-22 14:13:19,099 [myid:3] - INFO  [QuorumPeer[myid=3](plain=[0:0:0:0:0:0:0:0]:30151)(secure=disabled):ZooKeeperServer@1255] - maxSessionTimeout set to 80000
2020-06-22 14:13:19,099 [myid:3] - INFO  [QuorumPeer[myid=3](plain=[0:0:0:0:0:0:0:0]:30151)(secure=disabled):ResponseCache@45] - Response cache size is initialized with value 400.
2020-06-22 14:13:19,099 [myid:3] - INFO  [QuorumPeer[myid=3](plain=[0:0:0:0:0:0:0:0]:30151)(secure=disabled):ResponseCache@45] - Response cache size is initialized with value 400.
2020-06-22 14:13:19,099 [myid:3] - INFO  [QuorumPeer[myid=3](plain=[0:0:0:0:0:0:0:0]:30151)(secure=disabled):RequestPathMetricsCollector@111] - zookeeper.pathStats.slotCapacity = 60
2020-06-22 14:13:19,099 [myid:3] - INFO  [QuorumPeer[myid=3](plain=[0:0:0:0:0:0:0:0]:30151)(secure=disabled):RequestPathMetricsCollector@112] - zookeeper.pathStats.slotDuration = 15
2020-06-22 14:13:19,099 [myid:3] - INFO  [QuorumPeer[myid=3](plain=[0:0:0:0:0:0:0:0]:30151)(secure=disabled):RequestPathMetricsCollector@113] - zookeeper.pathStats.maxDepth = 6
2020-06-22 14:13:19,099 [myid:3] - INFO  [QuorumPeer[myid=3](plain=[0:0:0:0:0:0:0:0]:30151)(secure=disabled):RequestPathMetricsCollector@114] - zookeeper.pathStats.initialDelay = 5
2020-06-22 14:13:19,099 [myid:3] - INFO  [QuorumPeer[myid=3](plain=[0:0:0:0:0:0:0:0]:30151)(secure=disabled):RequestPathMetricsCollector@115] - zookeeper.pathStats.delay = 5
2020-06-22 14:13:19,099 [myid:3] - INFO  [QuorumPeer[myid=3](plain=[0:0:0:0:0:0:0:0]:30151)(secure=disabled):RequestPathMetricsCollector@116] - zookeeper.pathStats.enabled = false
2020-06-22 14:13:19,100 [myid:3] - INFO  [QuorumPeer[myid=3](plain=[0:0:0:0:0:0:0:0]:30151)(secure=disabled):ZooKeeperServer@1471] - The max bytes for all large requests are set to 104857600
2020-06-22 14:13:19,100 [myid:3] - INFO  [QuorumPeer[myid=3](plain=[0:0:0:0:0:0:0:0]:30151)(secure=disabled):ZooKeeperServer@1485] - The large request threshold is set to -1
2020-06-22 14:13:19,100 [myid:3] - INFO  [QuorumPeer[myid=3](plain=[0:0:0:0:0:0:0:0]:30151)(secure=disabled):ZooKeeperServer@329] - Created server with tickTime 4000 minSessionTimeout 8000 maxSessionTimeout 80000 clientPortListenBacklog -1 datadir D:\desktop\git_repo\zookeeper-read\zookeeper-server\target\surefire\test3474468558717399554.junit.dir\data\version-2 snapdir D:\desktop\git_repo\zookeeper-read\zookeeper-server\target\surefire\test3474468558717399554.junit.dir\data\version-2
2020-06-22 14:13:19,100 [myid:3] - INFO  [QuorumPeer[myid=3](plain=[0:0:0:0:0:0:0:0]:30151)(secure=disabled):Follower@75] - FOLLOWING - LEADER ELECTION TOOK - 91 MS
2020-06-22 14:13:19,100 [myid:3] - INFO  [QuorumPeer[myid=3](plain=[0:0:0:0:0:0:0:0]:30151)(secure=disabled):QuorumPeer@863] - Peer state changed: following - discovery
2020-06-22 14:13:19,165 [myid:2] - INFO  [LearnerHandler-/127.0.0.1:57057:UnifiedServerSocket$UnifiedSocket@266] - Accepted TLS connection from /127.0.0.1:57057 - TLSv1.2 - TLS_ECDHE_RSA_WITH_AES_128_CBC_SHA256
2020-06-22 14:13:19,165 [myid:3] - INFO  [LeaderConnector-/127.0.0.1:30153:Learner$LeaderConnector@330] - Successfully connected to leader, using address: /127.0.0.1:30153
2020-06-22 14:13:19,165 [myid:2] - INFO  [LearnerHandler-/127.0.0.1:57057:LearnerHandler@504] - Follower sid: 3 : info : 127.0.0.1:30154:30157:participant;0.0.0.0:30151
2020-06-22 14:13:19,168 [myid:2] - INFO  [LearnerHandler-/127.0.0.1:57057:ZKDatabase@345] - On disk txn sync enabled with snapshotSizeFactor 0.33
2020-06-22 14:13:19,168 [myid:3] - INFO  [QuorumPeer[myid=3](plain=[0:0:0:0:0:0:0:0]:30151)(secure=disabled):QuorumPeer@863] - Peer state changed: following - synchronization
2020-06-22 14:13:19,168 [myid:2] - INFO  [LearnerHandler-/127.0.0.1:57057:LearnerHandler@800] - Synchronizing with Learner sid: 3 maxCommittedLog=0x0 minCommittedLog=0x0 lastProcessedZxid=0x100000000 peerLastZxid=0x0
2020-06-22 14:13:19,169 [myid:2] - INFO  [LearnerHandler-/127.0.0.1:57057:LearnerHandler@565] - Sending snapshot last zxid of peer is 0x0, zxid of leader is 0x100000000, send zxid of db as 0x100000000, 1 concurrent snapshot sync, snapshot sync was exempt from throttle
2020-06-22 14:13:19,169 [myid:3] - INFO  [QuorumPeer[myid=3](plain=[0:0:0:0:0:0:0:0]:30151)(secure=disabled):QuorumPeer@868] - Peer state changed: following - synchronization - snap
2020-06-22 14:13:19,169 [myid:3] - INFO  [QuorumPeer[myid=3](plain=[0:0:0:0:0:0:0:0]:30151)(secure=disabled):Learner@516] - Getting a snapshot from leader 0x100000000
2020-06-22 14:13:19,169 [myid:3] - INFO  [QuorumPeer[myid=3](plain=[0:0:0:0:0:0:0:0]:30151)(secure=disabled):WatchManagerFactory@42] - Using org.apache.zookeeper.server.watch.WatchManager as watch manager
2020-06-22 14:13:19,169 [myid:3] - INFO  [QuorumPeer[myid=3](plain=[0:0:0:0:0:0:0:0]:30151)(secure=disabled):WatchManagerFactory@42] - Using org.apache.zookeeper.server.watch.WatchManager as watch manager
2020-06-22 14:13:19,171 [myid:3] - INFO  [QuorumPeer[myid=3](plain=[0:0:0:0:0:0:0:0]:30151)(secure=disabled):Learner@677] - Learner received NEWLEADER message
2020-06-22 14:13:19,173 [myid:3] - INFO  [QuorumPeer[myid=3](plain=[0:0:0:0:0:0:0:0]:30151)(secure=disabled):FileTxnSnapLog@470] - Snapshotting: 0x100000000 to D:\desktop\git_repo\zookeeper-read\zookeeper-server\target\surefire\test3474468558717399554.junit.dir\data\version-2\snapshot.100000000
2020-06-22 14:13:19,176 [myid:3] - INFO  [QuorumPeer[myid=3](plain=[0:0:0:0:0:0:0:0]:30151)(secure=disabled):ZooKeeperServer@519] - Snapshot taken in 3 ms
2020-06-22 14:13:19,179 [myid:3] - INFO  [QuorumPeer[myid=3](plain=[0:0:0:0:0:0:0:0]:30151)(secure=disabled):Learner@661] - Learner received UPTODATE message
2020-06-22 14:13:19,179 [myid:3] - INFO  [QuorumPeer[myid=3](plain=[0:0:0:0:0:0:0:0]:30151)(secure=disabled):QuorumPeer@868] - Peer state changed: following - synchronization
2020-06-22 14:13:19,179 [myid:3] - INFO  [QuorumPeer[myid=3](plain=[0:0:0:0:0:0:0:0]:30151)(secure=disabled):CommitProcessor@476] - Configuring CommitProcessor with readBatchSize -1 commitBatchSize 1
2020-06-22 14:13:19,179 [myid:3] - INFO  [QuorumPeer[myid=3](plain=[0:0:0:0:0:0:0:0]:30151)(secure=disabled):CommitProcessor@438] - Configuring CommitProcessor with 8 worker threads.
2020-06-22 14:13:19,180 [myid:3] - INFO  [QuorumPeer[myid=3](plain=[0:0:0:0:0:0:0:0]:30151)(secure=disabled):QuorumPeer@863] - Peer state changed: following - broadcast
2020-06-22 14:13:19,195 [myid:3] - INFO  [ListenerHandler-/127.0.0.1:30157:QuorumCnxManager$Listener$ListenerHandler@1070] - Received connection request from /127.0.0.1:56964
2020-06-22 14:13:19,269 [myid:3] - INFO  [ListenerHandler-/127.0.0.1:30157:UnifiedServerSocket$UnifiedSocket@266] - Accepted TLS connection from /127.0.0.1:56964 - TLSv1.2 - TLS_ECDHE_RSA_WITH_AES_128_CBC_SHA256
2020-06-22 14:13:19,269 [myid:1] - INFO  [QuorumConnectionThread-[myid=1]-2:QuorumCnxManager@387] - SSL handshake complete with /127.0.0.1:30157 - TLSv1.2 - TLS_ECDHE_RSA_WITH_AES_128_CBC_SHA256
2020-06-22 14:13:19,269 [myid:1] - INFO  [QuorumConnectionThread-[myid=1]-2:QuorumCnxManager@513] - Have smaller server identifier, so dropping the connection: (myId:1 --> sid:3)
2020-06-22 14:13:19,270 [myid:3] - WARN  [RecvWorker:1:QuorumCnxManager$RecvWorker@1395] - Connection broken for id 1, my id = 3
java.net.SocketException: Socket closed
	at java.net.SocketInputStream.socketRead0(Native Method)
	at java.net.SocketInputStream.socketRead(SocketInputStream.java:116)
	at java.net.SocketInputStream.read(SocketInputStream.java:171)
	at java.net.SocketInputStream.read(SocketInputStream.java:141)
	at sun.security.ssl.InputRecord.readFully(InputRecord.java:465)
	at sun.security.ssl.InputRecord.read(InputRecord.java:503)
	at sun.security.ssl.SSLSocketImpl.readRecord(SSLSocketImpl.java:990)
	at sun.security.ssl.SSLSocketImpl.readDataRecord(SSLSocketImpl.java:948)
	at sun.security.ssl.AppInputStream.read(AppInputStream.java:105)
	at java.io.BufferedInputStream.fill(BufferedInputStream.java:246)
	at java.io.BufferedInputStream.read(BufferedInputStream.java:265)
	at java.io.DataInputStream.readInt(DataInputStream.java:387)
	at org.apache.zookeeper.server.quorum.QuorumCnxManager$RecvWorker.run(QuorumCnxManager.java:1383)
2020-06-22 14:13:19,270 [myid:3] - WARN  [RecvWorker:1:QuorumCnxManager$RecvWorker@1401] - Interrupting SendWorker thread from RecvWorker. sid: 1. myId: 3
2020-06-22 14:13:19,270 [myid:1] - WARN  [RecvWorker:3:QuorumCnxManager$RecvWorker@1395] - Connection broken for id 3, my id = 1
java.io.EOFException
	at java.io.DataInputStream.readInt(DataInputStream.java:392)
	at org.apache.zookeeper.server.quorum.QuorumCnxManager$RecvWorker.run(QuorumCnxManager.java:1383)
2020-06-22 14:13:19,270 [myid:1] - WARN  [RecvWorker:3:QuorumCnxManager$RecvWorker@1401] - Interrupting SendWorker thread from RecvWorker. sid: 3. myId: 1
2020-06-22 14:13:19,270 [myid:3] - WARN  [SendWorker:1:QuorumCnxManager$SendWorker@1281] - Interrupted while waiting for message on queue
java.lang.InterruptedException
	at java.util.concurrent.locks.AbstractQueuedSynchronizer$ConditionObject.reportInterruptAfterWait(AbstractQueuedSynchronizer.java:2014)
	at java.util.concurrent.locks.AbstractQueuedSynchronizer$ConditionObject.awaitNanos(AbstractQueuedSynchronizer.java:2088)
	at org.apache.zookeeper.util.CircularBlockingQueue.poll(CircularBlockingQueue.java:105)
	at org.apache.zookeeper.server.quorum.QuorumCnxManager.pollSendQueue(QuorumCnxManager.java:1446)
	at org.apache.zookeeper.server.quorum.QuorumCnxManager.access$900(QuorumCnxManager.java:98)
	at org.apache.zookeeper.server.quorum.QuorumCnxManager$SendWorker.run(QuorumCnxManager.java:1270)
2020-06-22 14:13:19,271 [myid:3] - WARN  [SendWorker:1:QuorumCnxManager$SendWorker@1293] - Send worker leaving thread id 1 my id = 3
2020-06-22 14:13:19,271 [myid:1] - WARN  [SendWorker:3:QuorumCnxManager$SendWorker@1281] - Interrupted while waiting for message on queue
java.lang.InterruptedException
	at java.util.concurrent.locks.AbstractQueuedSynchronizer$ConditionObject.reportInterruptAfterWait(AbstractQueuedSynchronizer.java:2014)
	at java.util.concurrent.locks.AbstractQueuedSynchronizer$ConditionObject.awaitNanos(AbstractQueuedSynchronizer.java:2088)
	at org.apache.zookeeper.util.CircularBlockingQueue.poll(CircularBlockingQueue.java:105)
	at org.apache.zookeeper.server.quorum.QuorumCnxManager.pollSendQueue(QuorumCnxManager.java:1446)
	at org.apache.zookeeper.server.quorum.QuorumCnxManager.access$900(QuorumCnxManager.java:98)
	at org.apache.zookeeper.server.quorum.QuorumCnxManager$SendWorker.run(QuorumCnxManager.java:1270)
2020-06-22 14:13:19,271 [myid:3] - INFO  [ListenerHandler-/127.0.0.1:30157:QuorumCnxManager$Listener$ListenerHandler@1070] - Received connection request from /127.0.0.1:56965
2020-06-22 14:13:19,271 [myid:1] - WARN  [SendWorker:3:QuorumCnxManager$SendWorker@1293] - Send worker leaving thread id 3 my id = 1
2020-06-22 14:13:19,271 [myid:1] - INFO  [ListenerHandler-/127.0.0.1:30155:QuorumCnxManager$Listener$ListenerHandler@1070] - Received connection request from /127.0.0.1:57058
2020-06-22 14:13:19,337 [myid:3] - INFO  [nioEventLoopGroup-118-1:NettyServerCnxn@285] - Processing stat command from /127.0.0.1:57012
2020-06-22 14:13:19,337 [myid:3] - INFO  [nioEventLoopGroup-118-1:StatCommand@52] - Stat command output
2020-06-22 14:13:19,338 [myid:] - INFO  [Time-limited test:QuorumBase@364] - Shutting down quorum peer QuorumPeer[myid=1](plain=[0:0:0:0:0:0:0:0]:30149)(secure=disabled)
2020-06-22 14:13:19,338 [myid:] - INFO  [Time-limited test:Follower@292] - shutdown Follower
2020-06-22 14:13:19,338 [myid:2] - ERROR [LearnerHandler-/127.0.0.1:56982:LearnerHandler@707] - Unexpected exception causing shutdown while sock still open
java.io.EOFException
	at java.io.DataInputStream.readInt(DataInputStream.java:392)
	at org.apache.jute.BinaryInputArchive.readInt(BinaryInputArchive.java:96)
	at org.apache.zookeeper.server.quorum.QuorumPacket.deserialize(QuorumPacket.java:86)
	at org.apache.jute.BinaryInputArchive.readRecord(BinaryInputArchive.java:134)
	at org.apache.zookeeper.server.quorum.LearnerHandler.run(LearnerHandler.java:643)
2020-06-22 14:13:19,338 [myid:1] - WARN  [QuorumPeer[myid=1](plain=[0:0:0:0:0:0:0:0]:30149)(secure=disabled):Follower@129] - Exception when following the leader
java.net.SocketException: Socket Closed
	at java.net.SocketInputStream.socketRead0(Native Method)
	at java.net.SocketInputStream.socketRead(SocketInputStream.java:116)
	at java.net.SocketInputStream.read(SocketInputStream.java:171)
	at java.net.SocketInputStream.read(SocketInputStream.java:141)
	at sun.security.ssl.InputRecord.readFully(InputRecord.java:465)
	at sun.security.ssl.InputRecord.read(InputRecord.java:503)
	at sun.security.ssl.SSLSocketImpl.readRecord(SSLSocketImpl.java:990)
	at sun.security.ssl.SSLSocketImpl.readDataRecord(SSLSocketImpl.java:948)
	at sun.security.ssl.AppInputStream.read(AppInputStream.java:105)
	at java.io.BufferedInputStream.fill(BufferedInputStream.java:246)
	at java.io.BufferedInputStream.read(BufferedInputStream.java:265)
	at java.io.DataInputStream.readInt(DataInputStream.java:387)
	at org.apache.jute.BinaryInputArchive.readInt(BinaryInputArchive.java:96)
	at org.apache.zookeeper.server.quorum.QuorumPacket.deserialize(QuorumPacket.java:86)
	at org.apache.jute.BinaryInputArchive.readRecord(BinaryInputArchive.java:134)
	at org.apache.zookeeper.server.quorum.Learner.readPacket(Learner.java:182)
	at org.apache.zookeeper.server.quorum.Follower.followLeader(Follower.java:125)
	at org.apache.zookeeper.server.quorum.QuorumPeer.run(QuorumPeer.java:1455)
2020-06-22 14:13:19,338 [myid:] - INFO  [Time-limited test:LearnerZooKeeperServer@160] - Shutting down
2020-06-22 14:13:19,339 [myid:1] - INFO  [QuorumPeer[myid=1](plain=[0:0:0:0:0:0:0:0]:30149)(secure=disabled):Follower@143] - Disconnected from leader (with address: /127.0.0.1:30153). Was connected for 765ms. Sync state: true
2020-06-22 14:13:19,339 [myid:] - INFO  [Time-limited test:ZooKeeperServer@784] - shutting down
2020-06-22 14:13:19,338 [myid:2] - WARN  [LearnerHandler-/127.0.0.1:56982:LearnerHandler@730] - ******* GOODBYE /127.0.0.1:56982 ********
2020-06-22 14:13:19,339 [myid:] - INFO  [Time-limited test:RequestThrottler@244] - Shutting down
2020-06-22 14:13:19,339 [myid:1] - INFO  [QuorumPeer[myid=1](plain=[0:0:0:0:0:0:0:0]:30149)(secure=disabled):Follower@292] - shutdown Follower
2020-06-22 14:13:19,339 [myid:1] - INFO  [RequestThrottler:RequestThrottler@205] - Draining request throttler queue
2020-06-22 14:13:19,340 [myid:1] - INFO  [RequestThrottler:RequestThrottler@181] - RequestThrottler shutdown. Dropped 0 requests
2020-06-22 14:13:19,340 [myid:] - INFO  [Time-limited test:FollowerRequestProcessor@148] - Shutting down
2020-06-22 14:13:19,340 [myid:] - INFO  [Time-limited test:CommitProcessor@617] - Shutting down
2020-06-22 14:13:19,340 [myid:1] - INFO  [CommitProcessor:1:CommitProcessor@406] - CommitProcessor exited loop!
2020-06-22 14:13:19,340 [myid:1] - INFO  [FollowerRequestProcessor:1:FollowerRequestProcessor@112] - FollowerRequestProcessor exited loop!
2020-06-22 14:13:19,340 [myid:] - INFO  [Time-limited test:FinalRequestProcessor@662] - shutdown of request processor complete
2020-06-22 14:13:19,341 [myid:] - INFO  [Time-limited test:SyncRequestProcessor@256] - Shutting down
2020-06-22 14:13:19,341 [myid:1] - INFO  [SyncThread:1:SyncRequestProcessor@225] - SyncRequestProcessor exited!
2020-06-22 14:13:19,341 [myid:1] - INFO  [QuorumPeer[myid=1](plain=[0:0:0:0:0:0:0:0]:30149)(secure=disabled):QuorumPeer@863] - Peer state changed: looking
2020-06-22 14:13:19,341 [myid:1] - WARN  [QuorumPeer[myid=1](plain=[0:0:0:0:0:0:0:0]:30149)(secure=disabled):QuorumPeer@1501] - PeerState set to LOOKING
2020-06-22 14:13:19,341 [myid:1] - WARN  [QuorumPeer[myid=1](plain=[0:0:0:0:0:0:0:0]:30149)(secure=disabled):QuorumPeer@1483] - QuorumPeer main thread exited
2020-06-22 14:13:19,341 [myid:] - INFO  [Time-limited test:NettyServerCnxnFactory@622] - shutdown called /0:0:0:0:0:0:0:0:30149
2020-06-22 14:13:19,345 [myid:1] - INFO  [ListenerHandler-/127.0.0.1:30155:UnifiedServerSocket$UnifiedSocket@266] - Accepted TLS connection from /127.0.0.1:57058 - TLSv1.2 - TLS_ECDHE_RSA_WITH_AES_128_CBC_SHA256
2020-06-22 14:13:19,345 [myid:3] - INFO  [QuorumConnectionThread-[myid=3]-3:QuorumCnxManager@387] - SSL handshake complete with /127.0.0.1:30155 - TLSv1.2 - TLS_ECDHE_RSA_WITH_AES_128_CBC_SHA256
2020-06-22 14:13:19,347 [myid:1] - WARN  [RecvWorker:3:QuorumCnxManager$RecvWorker@1401] - Interrupting SendWorker thread from RecvWorker. sid: 3. myId: 1
2020-06-22 14:13:19,347 [myid:1] - INFO  [QuorumPeerListener:QuorumCnxManager$Listener@979] - Leaving listener
2020-06-22 14:13:19,348 [myid:2] - WARN  [RecvWorker:1:QuorumCnxManager$RecvWorker@1395] - Connection broken for id 1, my id = 2
java.io.EOFException
	at java.io.DataInputStream.readInt(DataInputStream.java:392)
	at org.apache.zookeeper.server.quorum.QuorumCnxManager$RecvWorker.run(QuorumCnxManager.java:1383)
2020-06-22 14:13:19,348 [myid:1] - WARN  [RecvWorker:2:QuorumCnxManager$RecvWorker@1395] - Connection broken for id 2, my id = 1
java.net.SocketException: Socket closed
	at java.net.SocketInputStream.socketRead0(Native Method)
	at java.net.SocketInputStream.socketRead(SocketInputStream.java:116)
	at java.net.SocketInputStream.read(SocketInputStream.java:171)
	at java.net.SocketInputStream.read(SocketInputStream.java:141)
	at java.io.SequenceInputStream.read(SequenceInputStream.java:207)
	at sun.security.ssl.InputRecord.readFully(InputRecord.java:465)
	at sun.security.ssl.InputRecord.read(InputRecord.java:503)
	at sun.security.ssl.SSLSocketImpl.readRecord(SSLSocketImpl.java:990)
	at sun.security.ssl.SSLSocketImpl.readDataRecord(SSLSocketImpl.java:948)
	at sun.security.ssl.AppInputStream.read(AppInputStream.java:105)
	at org.apache.zookeeper.server.quorum.UnifiedServerSocket$UnifiedInputStream.read(UnifiedServerSocket.java:693)
	at java.io.BufferedInputStream.fill(BufferedInputStream.java:246)
	at java.io.BufferedInputStream.read(BufferedInputStream.java:265)
	at java.io.DataInputStream.readInt(DataInputStream.java:387)
	at org.apache.zookeeper.server.quorum.QuorumCnxManager$RecvWorker.run(QuorumCnxManager.java:1383)
2020-06-22 14:13:19,349 [myid:1] - WARN  [RecvWorker:2:QuorumCnxManager$RecvWorker@1401] - Interrupting SendWorker thread from RecvWorker. sid: 2. myId: 1
2020-06-22 14:13:19,348 [myid:2] - WARN  [RecvWorker:1:QuorumCnxManager$RecvWorker@1401] - Interrupting SendWorker thread from RecvWorker. sid: 1. myId: 2
2020-06-22 14:13:19,349 [myid:3] - INFO  [WorkerReceiver[myid=3]:FastLeaderElection$Messenger$WorkerReceiver@389] - Notification: my state:FOLLOWING; n.sid:1, n.state:FOLLOWING, n.leader:2, n.round:0x1, n.peerEpoch:0x1, n.zxid:0x0, message format version:0x2, n.config version:0x0
2020-06-22 14:13:19,349 [myid:1] - WARN  [SendWorker:2:QuorumCnxManager$SendWorker@1281] - Interrupted while waiting for message on queue
java.lang.InterruptedException
	at java.util.concurrent.locks.AbstractQueuedSynchronizer$ConditionObject.reportInterruptAfterWait(AbstractQueuedSynchronizer.java:2014)
	at java.util.concurrent.locks.AbstractQueuedSynchronizer$ConditionObject.awaitNanos(AbstractQueuedSynchronizer.java:2088)
	at org.apache.zookeeper.util.CircularBlockingQueue.poll(CircularBlockingQueue.java:105)
	at org.apache.zookeeper.server.quorum.QuorumCnxManager.pollSendQueue(QuorumCnxManager.java:1446)
	at org.apache.zookeeper.server.quorum.QuorumCnxManager.access$900(QuorumCnxManager.java:98)
	at org.apache.zookeeper.server.quorum.QuorumCnxManager$SendWorker.run(QuorumCnxManager.java:1270)
2020-06-22 14:13:19,349 [myid:3] - WARN  [RecvWorker:1:QuorumCnxManager$RecvWorker@1395] - Connection broken for id 1, my id = 3
java.io.EOFException
	at java.io.DataInputStream.readInt(DataInputStream.java:392)
	at org.apache.zookeeper.server.quorum.QuorumCnxManager$RecvWorker.run(QuorumCnxManager.java:1383)
2020-06-22 14:13:19,349 [myid:1] - WARN  [SendWorker:2:QuorumCnxManager$SendWorker@1293] - Send worker leaving thread id 2 my id = 1
2020-06-22 14:13:19,350 [myid:3] - WARN  [RecvWorker:1:QuorumCnxManager$RecvWorker@1401] - Interrupting SendWorker thread from RecvWorker. sid: 1. myId: 3
2020-06-22 14:13:19,350 [myid:3] - WARN  [SendWorker:1:QuorumCnxManager$SendWorker@1281] - Interrupted while waiting for message on queue
java.lang.InterruptedException
	at java.util.concurrent.locks.AbstractQueuedSynchronizer$ConditionObject.reportInterruptAfterWait(AbstractQueuedSynchronizer.java:2014)
	at java.util.concurrent.locks.AbstractQueuedSynchronizer$ConditionObject.awaitNanos(AbstractQueuedSynchronizer.java:2088)
	at org.apache.zookeeper.util.CircularBlockingQueue.poll(CircularBlockingQueue.java:105)
	at org.apache.zookeeper.server.quorum.QuorumCnxManager.pollSendQueue(QuorumCnxManager.java:1446)
	at org.apache.zookeeper.server.quorum.QuorumCnxManager.access$900(QuorumCnxManager.java:98)
	at org.apache.zookeeper.server.quorum.QuorumCnxManager$SendWorker.run(QuorumCnxManager.java:1270)
2020-06-22 14:13:19,351 [myid:3] - WARN  [SendWorker:1:QuorumCnxManager$SendWorker@1293] - Send worker leaving thread id 1 my id = 3
2020-06-22 14:13:19,351 [myid:1] - WARN  [SendWorker:3:QuorumCnxManager$SendWorker@1293] - Send worker leaving thread id 3 my id = 1
2020-06-22 14:13:19,350 [myid:3] - INFO  [ListenerHandler-/127.0.0.1:30157:UnifiedServerSocket$UnifiedSocket@266] - Accepted TLS connection from /127.0.0.1:56965 - TLSv1.2 - TLS_ECDHE_RSA_WITH_AES_128_CBC_SHA256
2020-06-22 14:13:19,351 [myid:] - INFO  [Time-limited test:QuorumBase@368] - Shutting down leader election QuorumPeer[myid=1](plain=[0:0:0:0:0:0:0:0]:30149)(secure=disabled)
2020-06-22 14:13:19,351 [myid:] - INFO  [Time-limited test:QuorumBase@373] - Waiting for QuorumPeer[myid=1](plain=[0:0:0:0:0:0:0:0]:30149)(secure=disabled) to exit thread
2020-06-22 14:13:19,351 [myid:] - INFO  [Time-limited test:QuorumBase@364] - Shutting down quorum peer QuorumPeer[myid=2](plain=[0:0:0:0:0:0:0:0]:30150)(secure=disabled)
2020-06-22 14:13:19,351 [myid:] - INFO  [Time-limited test:Leader@792] - Shutting down
2020-06-22 14:13:19,352 [myid:] - INFO  [Time-limited test:Leader@798] - Shutdown called. For the reason quorum Peer shutdown
2020-06-22 14:13:19,351 [myid:2] - INFO  [QuorumConnectionThread-[myid=2]-2:QuorumCnxManager@387] - SSL handshake complete with /127.0.0.1:30157 - TLSv1.2 - TLS_ECDHE_RSA_WITH_AES_128_CBC_SHA256
2020-06-22 14:13:19,351 [myid:2] - WARN  [SendWorker:1:QuorumCnxManager$SendWorker@1281] - Interrupted while waiting for message on queue
java.lang.InterruptedException
	at java.util.concurrent.locks.AbstractQueuedSynchronizer$ConditionObject.reportInterruptAfterWait(AbstractQueuedSynchronizer.java:2014)
	at java.util.concurrent.locks.AbstractQueuedSynchronizer$ConditionObject.awaitNanos(AbstractQueuedSynchronizer.java:2088)
	at org.apache.zookeeper.util.CircularBlockingQueue.poll(CircularBlockingQueue.java:105)
	at org.apache.zookeeper.server.quorum.QuorumCnxManager.pollSendQueue(QuorumCnxManager.java:1446)
	at org.apache.zookeeper.server.quorum.QuorumCnxManager.access$900(QuorumCnxManager.java:98)
	at org.apache.zookeeper.server.quorum.QuorumCnxManager$SendWorker.run(QuorumCnxManager.java:1270)
2020-06-22 14:13:19,352 [myid:2] - WARN  [LearnerCnxAcceptorHandler-/127.0.0.1:30153:Leader$LearnerCnxAcceptor$LearnerCnxAcceptorHandler@523] - Exception while shutting down acceptor.
java.net.SocketException: socket closed
	at java.net.DualStackPlainSocketImpl.accept0(Native Method)
	at java.net.DualStackPlainSocketImpl.socketAccept(DualStackPlainSocketImpl.java:131)
	at java.net.AbstractPlainSocketImpl.accept(AbstractPlainSocketImpl.java:409)
	at java.net.PlainSocketImpl.accept(PlainSocketImpl.java:199)
	at java.net.ServerSocket.implAccept(ServerSocket.java:560)
	at org.apache.zookeeper.server.quorum.UnifiedServerSocket.accept(UnifiedServerSocket.java:139)
	at org.apache.zookeeper.server.quorum.Leader$LearnerCnxAcceptor$LearnerCnxAcceptorHandler.acceptConnections(Leader.java:510)
	at org.apache.zookeeper.server.quorum.Leader$LearnerCnxAcceptor$LearnerCnxAcceptorHandler.run(Leader.java:493)
	at java.util.concurrent.Executors$RunnableAdapter.call(Executors.java:511)
	at java.util.concurrent.FutureTask.run(FutureTask.java:266)
	at java.util.concurrent.ThreadPoolExecutor.runWorker(ThreadPoolExecutor.java:1149)
	at java.util.concurrent.ThreadPoolExecutor$Worker.run(ThreadPoolExecutor.java:624)
	at java.lang.Thread.run(Thread.java:748)
2020-06-22 14:13:19,352 [myid:] - INFO  [Time-limited test:ZooKeeperServer@784] - shutting down
2020-06-22 14:13:19,353 [myid:] - INFO  [Time-limited test:RequestThrottler@244] - Shutting down
2020-06-22 14:13:19,352 [myid:2] - INFO  [QuorumConnectionThread-[myid=2]-2:QuorumCnxManager@513] - Have smaller server identifier, so dropping the connection: (myId:2 --> sid:3)
2020-06-22 14:13:19,352 [myid:2] - WARN  [SendWorker:1:QuorumCnxManager$SendWorker@1293] - Send worker leaving thread id 1 my id = 2
2020-06-22 14:13:19,354 [myid:2] - INFO  [RequestThrottler:RequestThrottler@205] - Draining request throttler queue
2020-06-22 14:13:19,353 [myid:3] - WARN  [SendWorker:2:QuorumCnxManager$SendWorker@1281] - Interrupted while waiting for message on queue
java.lang.InterruptedException
	at java.util.concurrent.locks.AbstractQueuedSynchronizer$ConditionObject.reportInterruptAfterWait(AbstractQueuedSynchronizer.java:2014)
	at java.util.concurrent.locks.AbstractQueuedSynchronizer$ConditionObject.awaitNanos(AbstractQueuedSynchronizer.java:2088)
	at org.apache.zookeeper.util.CircularBlockingQueue.poll(CircularBlockingQueue.java:105)
	at org.apache.zookeeper.server.quorum.QuorumCnxManager.pollSendQueue(QuorumCnxManager.java:1446)
	at org.apache.zookeeper.server.quorum.QuorumCnxManager.access$900(QuorumCnxManager.java:98)
	at org.apache.zookeeper.server.quorum.QuorumCnxManager$SendWorker.run(QuorumCnxManager.java:1270)
2020-06-22 14:13:19,353 [myid:3] - WARN  [RecvWorker:2:QuorumCnxManager$RecvWorker@1395] - Connection broken for id 2, my id = 3
java.net.SocketException: Socket closed
	at java.net.SocketInputStream.socketRead0(Native Method)
	at java.net.SocketInputStream.socketRead(SocketInputStream.java:116)
	at java.net.SocketInputStream.read(SocketInputStream.java:171)
	at java.net.SocketInputStream.read(SocketInputStream.java:141)
	at sun.security.ssl.InputRecord.readFully(InputRecord.java:465)
	at sun.security.ssl.InputRecord.read(InputRecord.java:503)
	at sun.security.ssl.SSLSocketImpl.readRecord(SSLSocketImpl.java:990)
	at sun.security.ssl.SSLSocketImpl.readDataRecord(SSLSocketImpl.java:948)
	at sun.security.ssl.AppInputStream.read(AppInputStream.java:105)
	at java.io.BufferedInputStream.fill(BufferedInputStream.java:246)
	at java.io.BufferedInputStream.read(BufferedInputStream.java:265)
	at java.io.DataInputStream.readInt(DataInputStream.java:387)
	at org.apache.zookeeper.server.quorum.QuorumCnxManager$RecvWorker.run(QuorumCnxManager.java:1383)
2020-06-22 14:13:19,353 [myid:2] - WARN  [RecvWorker:3:QuorumCnxManager$RecvWorker@1395] - Connection broken for id 3, my id = 2
java.io.EOFException
	at java.io.DataInputStream.readInt(DataInputStream.java:392)
	at org.apache.zookeeper.server.quorum.QuorumCnxManager$RecvWorker.run(QuorumCnxManager.java:1383)
2020-06-22 14:13:19,355 [myid:3] - WARN  [RecvWorker:2:QuorumCnxManager$RecvWorker@1401] - Interrupting SendWorker thread from RecvWorker. sid: 2. myId: 3
2020-06-22 14:13:19,355 [myid:2] - INFO  [ListenerHandler-/127.0.0.1:30156:QuorumCnxManager$Listener$ListenerHandler@1070] - Received connection request from /127.0.0.1:57059
2020-06-22 14:13:19,355 [myid:3] - WARN  [SendWorker:2:QuorumCnxManager$SendWorker@1293] - Send worker leaving thread id 2 my id = 3
2020-06-22 14:13:19,354 [myid:2] - INFO  [RequestThrottler:RequestThrottler@181] - RequestThrottler shutdown. Dropped 0 requests
2020-06-22 14:13:19,355 [myid:2] - WARN  [RecvWorker:3:QuorumCnxManager$RecvWorker@1401] - Interrupting SendWorker thread from RecvWorker. sid: 3. myId: 2
2020-06-22 14:13:19,355 [myid:] - INFO  [Time-limited test:SessionTrackerImpl@247] - Shutting down
2020-06-22 14:13:19,356 [myid:] - INFO  [Time-limited test:LeaderRequestProcessor@79] - Shutting down
2020-06-22 14:13:19,356 [myid:] - INFO  [Time-limited test:PrepRequestProcessor@1047] - Shutting down
2020-06-22 14:13:19,356 [myid:] - INFO  [Time-limited test:ProposalRequestProcessor@87] - Shutting down
2020-06-22 14:13:19,356 [myid:] - INFO  [Time-limited test:CommitProcessor@617] - Shutting down
2020-06-22 14:13:19,356 [myid:2] - WARN  [SendWorker:3:QuorumCnxManager$SendWorker@1281] - Interrupted while waiting for message on queue
java.lang.InterruptedException
	at java.util.concurrent.locks.AbstractQueuedSynchronizer$ConditionObject.reportInterruptAfterWait(AbstractQueuedSynchronizer.java:2014)
	at java.util.concurrent.locks.AbstractQueuedSynchronizer$ConditionObject.awaitNanos(AbstractQueuedSynchronizer.java:2088)
	at org.apache.zookeeper.util.CircularBlockingQueue.poll(CircularBlockingQueue.java:105)
	at org.apache.zookeeper.server.quorum.QuorumCnxManager.pollSendQueue(QuorumCnxManager.java:1446)
	at org.apache.zookeeper.server.quorum.QuorumCnxManager.access$900(QuorumCnxManager.java:98)
	at org.apache.zookeeper.server.quorum.QuorumCnxManager$SendWorker.run(QuorumCnxManager.java:1270)
2020-06-22 14:13:19,356 [myid:] - INFO  [Time-limited test:Leader$ToBeAppliedRequestProcessor@1106] - Shutting down
2020-06-22 14:13:19,356 [myid:] - INFO  [Time-limited test:FinalRequestProcessor@662] - shutdown of request processor complete
2020-06-22 14:13:19,356 [myid:] - INFO  [Time-limited test:SyncRequestProcessor@256] - Shutting down
2020-06-22 14:13:19,356 [myid:2] - INFO  [CommitProcessor:2:CommitProcessor@406] - CommitProcessor exited loop!
2020-06-22 14:13:19,356 [myid:2] - INFO  [ProcessThread(sid:2 cport:-1)::PrepRequestProcessor@159] - PrepRequestProcessor exited loop!
2020-06-22 14:13:19,357 [myid:2] - INFO  [SyncThread:2:SyncRequestProcessor@225] - SyncRequestProcessor exited!
2020-06-22 14:13:19,356 [myid:2] - WARN  [SendWorker:3:QuorumCnxManager$SendWorker@1293] - Send worker leaving thread id 3 my id = 2
2020-06-22 14:13:19,358 [myid:2] - WARN  [LearnerHandler-/127.0.0.1:57057:LearnerHandler@730] - ******* GOODBYE /127.0.0.1:57057 ********
2020-06-22 14:13:19,358 [myid:3] - WARN  [QuorumPeer[myid=3](plain=[0:0:0:0:0:0:0:0]:30151)(secure=disabled):Follower@129] - Exception when following the leader
java.io.EOFException
	at java.io.DataInputStream.readInt(DataInputStream.java:392)
	at org.apache.jute.BinaryInputArchive.readInt(BinaryInputArchive.java:96)
	at org.apache.zookeeper.server.quorum.QuorumPacket.deserialize(QuorumPacket.java:86)
	at org.apache.jute.BinaryInputArchive.readRecord(BinaryInputArchive.java:134)
	at org.apache.zookeeper.server.quorum.Learner.readPacket(Learner.java:182)
	at org.apache.zookeeper.server.quorum.Follower.followLeader(Follower.java:125)
	at org.apache.zookeeper.server.quorum.QuorumPeer.run(QuorumPeer.java:1455)
2020-06-22 14:13:19,358 [myid:] - INFO  [Time-limited test:NettyServerCnxnFactory@622] - shutdown called /0:0:0:0:0:0:0:0:30150
2020-06-22 14:13:19,358 [myid:2] - WARN  [LearnerHandler-/127.0.0.1:57057:LearnerHandler@1044] - Ignoring unexpected exception
java.lang.InterruptedException
	at java.util.concurrent.locks.AbstractQueuedSynchronizer.acquireInterruptibly(AbstractQueuedSynchronizer.java:1220)
	at java.util.concurrent.locks.ReentrantLock.lockInterruptibly(ReentrantLock.java:335)
	at java.util.concurrent.LinkedBlockingQueue.put(LinkedBlockingQueue.java:339)
	at org.apache.zookeeper.server.quorum.LearnerHandler.shutdown(LearnerHandler.java:1042)
	at org.apache.zookeeper.server.quorum.LearnerHandler.run(LearnerHandler.java:732)
2020-06-22 14:13:19,358 [myid:3] - INFO  [QuorumPeer[myid=3](plain=[0:0:0:0:0:0:0:0]:30151)(secure=disabled):Follower@143] - Disconnected from leader (with address: /127.0.0.1:30153). Was connected for 193ms. Sync state: true
2020-06-22 14:13:19,359 [myid:3] - INFO  [QuorumPeer[myid=3](plain=[0:0:0:0:0:0:0:0]:30151)(secure=disabled):Follower@292] - shutdown Follower
2020-06-22 14:13:19,359 [myid:3] - INFO  [QuorumPeer[myid=3](plain=[0:0:0:0:0:0:0:0]:30151)(secure=disabled):LearnerZooKeeperServer@160] - Shutting down
2020-06-22 14:13:19,359 [myid:3] - INFO  [QuorumPeer[myid=3](plain=[0:0:0:0:0:0:0:0]:30151)(secure=disabled):ZooKeeperServer@784] - shutting down
2020-06-22 14:13:19,359 [myid:3] - INFO  [QuorumPeer[myid=3](plain=[0:0:0:0:0:0:0:0]:30151)(secure=disabled):RequestThrottler@244] - Shutting down
2020-06-22 14:13:19,360 [myid:3] - INFO  [RequestThrottler:RequestThrottler@205] - Draining request throttler queue
2020-06-22 14:13:19,360 [myid:3] - INFO  [RequestThrottler:RequestThrottler@181] - RequestThrottler shutdown. Dropped 0 requests
2020-06-22 14:13:19,360 [myid:2] - WARN  [QuorumPeer[myid=2](plain=[0:0:0:0:0:0:0:0]:30150)(secure=disabled):QuorumPeer@1471] - Unexpected exception
java.lang.InterruptedException
	at java.lang.Object.wait(Native Method)
	at org.apache.zookeeper.server.quorum.Leader.lead(Leader.java:730)
	at org.apache.zookeeper.server.quorum.QuorumPeer.run(QuorumPeer.java:1468)
2020-06-22 14:13:19,360 [myid:3] - INFO  [QuorumPeer[myid=3](plain=[0:0:0:0:0:0:0:0]:30151)(secure=disabled):FollowerRequestProcessor@148] - Shutting down
2020-06-22 14:13:19,360 [myid:2] - INFO  [QuorumPeer[myid=2](plain=[0:0:0:0:0:0:0:0]:30150)(secure=disabled):Leader@792] - Shutting down
2020-06-22 14:13:19,360 [myid:2] - INFO  [QuorumPeer[myid=2](plain=[0:0:0:0:0:0:0:0]:30150)(secure=disabled):QuorumPeer@863] - Peer state changed: looking
2020-06-22 14:13:19,360 [myid:2] - WARN  [QuorumPeer[myid=2](plain=[0:0:0:0:0:0:0:0]:30150)(secure=disabled):QuorumPeer@1501] - PeerState set to LOOKING
2020-06-22 14:13:19,360 [myid:3] - INFO  [QuorumPeer[myid=3](plain=[0:0:0:0:0:0:0:0]:30151)(secure=disabled):CommitProcessor@617] - Shutting down
2020-06-22 14:13:19,360 [myid:3] - INFO  [FollowerRequestProcessor:3:FollowerRequestProcessor@112] - FollowerRequestProcessor exited loop!
2020-06-22 14:13:19,360 [myid:2] - WARN  [QuorumPeer[myid=2](plain=[0:0:0:0:0:0:0:0]:30150)(secure=disabled):QuorumPeer@1483] - QuorumPeer main thread exited
2020-06-22 14:13:19,360 [myid:3] - INFO  [QuorumPeer[myid=3](plain=[0:0:0:0:0:0:0:0]:30151)(secure=disabled):FinalRequestProcessor@662] - shutdown of request processor complete
2020-06-22 14:13:19,362 [myid:3] - INFO  [QuorumPeer[myid=3](plain=[0:0:0:0:0:0:0:0]:30151)(secure=disabled):SyncRequestProcessor@256] - Shutting down
2020-06-22 14:13:19,362 [myid:3] - INFO  [SyncThread:3:SyncRequestProcessor@225] - SyncRequestProcessor exited!
2020-06-22 14:13:19,362 [myid:3] - INFO  [QuorumPeer[myid=3](plain=[0:0:0:0:0:0:0:0]:30151)(secure=disabled):QuorumPeer@863] - Peer state changed: looking
2020-06-22 14:13:19,362 [myid:3] - WARN  [QuorumPeer[myid=3](plain=[0:0:0:0:0:0:0:0]:30151)(secure=disabled):QuorumPeer@1501] - PeerState set to LOOKING
2020-06-22 14:13:19,362 [myid:3] - INFO  [QuorumPeer[myid=3](plain=[0:0:0:0:0:0:0:0]:30151)(secure=disabled):QuorumPeer@1371] - LOOKING
2020-06-22 14:13:19,363 [myid:3] - INFO  [QuorumPeer[myid=3](plain=[0:0:0:0:0:0:0:0]:30151)(secure=disabled):FastLeaderElection@944] - New election. My id = 3, proposed zxid=0x100000000
2020-06-22 14:13:19,360 [myid:3] - INFO  [CommitProcessor:3:CommitProcessor@406] - CommitProcessor exited loop!
2020-06-22 14:13:19,363 [myid:3] - INFO  [WorkerReceiver[myid=3]:FastLeaderElection$Messenger$WorkerReceiver@389] - Notification: my state:LOOKING; n.sid:3, n.state:LOOKING, n.leader:3, n.round:0x2, n.peerEpoch:0x1, n.zxid:0x100000000, message format version:0x2, n.config version:0x0
2020-06-22 14:13:19,436 [myid:2] - INFO  [ListenerHandler-/127.0.0.1:30156:UnifiedServerSocket$UnifiedSocket@266] - Accepted TLS connection from /127.0.0.1:57059 - TLSv1.2 - TLS_ECDHE_RSA_WITH_AES_128_CBC_SHA256
2020-06-22 14:13:19,436 [myid:3] - INFO  [QuorumConnectionThread-[myid=3]-3:QuorumCnxManager@387] - SSL handshake complete with /127.0.0.1:30156 - TLSv1.2 - TLS_ECDHE_RSA_WITH_AES_128_CBC_SHA256
2020-06-22 14:13:19,438 [myid:2] - WARN  [RecvWorker:3:QuorumCnxManager$RecvWorker@1401] - Interrupting SendWorker thread from RecvWorker. sid: 3. myId: 2
2020-06-22 14:13:19,439 [myid:2] - INFO  [QuorumPeerListener:QuorumCnxManager$Listener@979] - Leaving listener
2020-06-22 14:13:19,440 [myid:3] - INFO  [WorkerReceiver[myid=3]:FastLeaderElection$Messenger$WorkerReceiver@389] - Notification: my state:LOOKING; n.sid:2, n.state:LEADING, n.leader:2, n.round:0x1, n.peerEpoch:0x1, n.zxid:0x0, message format version:0x2, n.config version:0x0
2020-06-22 14:13:19,440 [myid:3] - WARN  [RecvWorker:2:QuorumCnxManager$RecvWorker@1395] - Connection broken for id 2, my id = 3
java.io.EOFException
	at java.io.DataInputStream.readInt(DataInputStream.java:392)
	at org.apache.zookeeper.server.quorum.QuorumCnxManager$RecvWorker.run(QuorumCnxManager.java:1383)
2020-06-22 14:13:19,440 [myid:3] - WARN  [RecvWorker:2:QuorumCnxManager$RecvWorker@1401] - Interrupting SendWorker thread from RecvWorker. sid: 2. myId: 3
2020-06-22 14:13:19,440 [myid:3] - WARN  [SendWorker:2:QuorumCnxManager$SendWorker@1281] - Interrupted while waiting for message on queue
java.lang.InterruptedException
	at java.util.concurrent.locks.AbstractQueuedSynchronizer$ConditionObject.reportInterruptAfterWait(AbstractQueuedSynchronizer.java:2014)
	at java.util.concurrent.locks.AbstractQueuedSynchronizer$ConditionObject.awaitNanos(AbstractQueuedSynchronizer.java:2088)
	at org.apache.zookeeper.util.CircularBlockingQueue.poll(CircularBlockingQueue.java:105)
	at org.apache.zookeeper.server.quorum.QuorumCnxManager.pollSendQueue(QuorumCnxManager.java:1446)
	at org.apache.zookeeper.server.quorum.QuorumCnxManager.access$900(QuorumCnxManager.java:98)
	at org.apache.zookeeper.server.quorum.QuorumCnxManager$SendWorker.run(QuorumCnxManager.java:1270)
2020-06-22 14:13:19,441 [myid:3] - WARN  [SendWorker:2:QuorumCnxManager$SendWorker@1293] - Send worker leaving thread id 2 my id = 3
2020-06-22 14:13:19,440 [myid:2] - WARN  [SendWorker:3:QuorumCnxManager$SendWorker@1293] - Send worker leaving thread id 3 my id = 2
2020-06-22 14:13:19,441 [myid:] - INFO  [Time-limited test:QuorumBase@368] - Shutting down leader election QuorumPeer[myid=2](plain=[0:0:0:0:0:0:0:0]:30150)(secure=disabled)
2020-06-22 14:13:19,441 [myid:] - INFO  [Time-limited test:QuorumBase@373] - Waiting for QuorumPeer[myid=2](plain=[0:0:0:0:0:0:0:0]:30150)(secure=disabled) to exit thread
2020-06-22 14:13:19,441 [myid:] - INFO  [Time-limited test:QuorumBase@364] - Shutting down quorum peer QuorumPeer[myid=3](plain=[0:0:0:0:0:0:0:0]:30151)(secure=disabled)
2020-06-22 14:13:19,442 [myid:] - INFO  [Time-limited test:NettyServerCnxnFactory@622] - shutdown called /0:0:0:0:0:0:0:0:30151
2020-06-22 14:13:19,442 [myid:3] - WARN  [QuorumPeer[myid=3](plain=[0:0:0:0:0:0:0:0]:30151)(secure=disabled):QuorumPeer@1427] - Unexpected exception
java.lang.InterruptedException
	at java.util.concurrent.locks.AbstractQueuedSynchronizer$ConditionObject.reportInterruptAfterWait(AbstractQueuedSynchronizer.java:2014)
	at java.util.concurrent.locks.AbstractQueuedSynchronizer$ConditionObject.awaitNanos(AbstractQueuedSynchronizer.java:2088)
	at java.util.concurrent.LinkedBlockingQueue.poll(LinkedBlockingQueue.java:467)
	at org.apache.zookeeper.server.quorum.FastLeaderElection.lookForLeader(FastLeaderElection.java:961)
	at org.apache.zookeeper.server.quorum.QuorumPeer.run(QuorumPeer.java:1425)
2020-06-22 14:13:19,443 [myid:3] - INFO  [QuorumPeer[myid=3](plain=[0:0:0:0:0:0:0:0]:30151)(secure=disabled):QuorumPeer@863] - Peer state changed: looking
2020-06-22 14:13:19,443 [myid:3] - INFO  [QuorumPeerListener:QuorumCnxManager$Listener@979] - Leaving listener
2020-06-22 14:13:19,443 [myid:3] - WARN  [QuorumPeer[myid=3](plain=[0:0:0:0:0:0:0:0]:30151)(secure=disabled):QuorumPeer@1483] - QuorumPeer main thread exited
2020-06-22 14:13:19,445 [myid:] - INFO  [Time-limited test:QuorumBase@368] - Shutting down leader election QuorumPeer[myid=3](plain=[0:0:0:0:0:0:0:0]:30151)(secure=disabled)
2020-06-22 14:13:19,445 [myid:] - INFO  [Time-limited test:QuorumBase@373] - Waiting for QuorumPeer[myid=3](plain=[0:0:0:0:0:0:0:0]:30151)(secure=disabled) to exit thread
2020-06-22 14:13:19,445 [myid:] - INFO  [Time-limited test:FourLetterWordMain@93] - connecting to 127.0.0.1 30149
2020-06-22 14:13:21,367 [myid:3] - WARN  [QuorumConnectionThread-[myid=3]-2:QuorumCnxManager@400] - Cannot open channel to 1 at election address /127.0.0.1:30155
java.net.ConnectException: Connection refused: connect
	at java.net.DualStackPlainSocketImpl.waitForConnect(Native Method)
	at java.net.DualStackPlainSocketImpl.socketConnect(DualStackPlainSocketImpl.java:85)
	at java.net.AbstractPlainSocketImpl.doConnect(AbstractPlainSocketImpl.java:350)
	at java.net.AbstractPlainSocketImpl.connectToAddress(AbstractPlainSocketImpl.java:206)
	at java.net.AbstractPlainSocketImpl.connect(AbstractPlainSocketImpl.java:188)
	at java.net.PlainSocketImpl.connect(PlainSocketImpl.java:172)
	at java.net.SocksSocketImpl.connect(SocksSocketImpl.java:392)
	at java.net.Socket.connect(Socket.java:607)
	at sun.security.ssl.SSLSocketImpl.connect(SSLSocketImpl.java:681)
	at org.apache.zookeeper.server.quorum.QuorumCnxManager.initiateConnection(QuorumCnxManager.java:383)
	at org.apache.zookeeper.server.quorum.QuorumCnxManager$QuorumConnectionReqThread.run(QuorumCnxManager.java:457)
	at java.util.concurrent.ThreadPoolExecutor.runWorker(ThreadPoolExecutor.java:1149)
	at java.util.concurrent.ThreadPoolExecutor$Worker.run(ThreadPoolExecutor.java:624)
	at java.lang.Thread.run(Thread.java:748)
2020-06-22 14:13:21,451 [myid:] - INFO  [Time-limited test:FourLetterWordMain@93] - connecting to 127.0.0.1 30150
2020-06-22 14:13:21,588 [myid:2] - INFO  [SessionTracker:SessionTrackerImpl@170] - SessionTrackerImpl exited loop!
2020-06-22 14:13:22,091 [myid:1] - INFO  [WorkerSender[myid=1]:FastLeaderElection$Messenger$WorkerSender@505] - WorkerSender is down
2020-06-22 14:13:22,091 [myid:1] - INFO  [WorkerReceiver[myid=1]:FastLeaderElection$Messenger$WorkerReceiver@471] - WorkerReceiver is down
2020-06-22 14:13:22,099 [myid:2] - INFO  [WorkerReceiver[myid=2]:FastLeaderElection$Messenger$WorkerReceiver@471] - WorkerReceiver is down
2020-06-22 14:13:22,101 [myid:2] - INFO  [WorkerSender[myid=2]:FastLeaderElection$Messenger$WorkerSender@505] - WorkerSender is down
2020-06-22 14:13:22,365 [myid:3] - INFO  [WorkerSender[myid=3]:FastLeaderElection$Messenger$WorkerSender@505] - WorkerSender is down
2020-06-22 14:13:22,441 [myid:3] - INFO  [WorkerReceiver[myid=3]:FastLeaderElection$Messenger$WorkerReceiver@471] - WorkerReceiver is down
2020-06-22 14:13:23,463 [myid:] - INFO  [Time-limited test:FourLetterWordMain@93] - connecting to 127.0.0.1 30151
2020-06-22 14:13:25,468 [myid:] - INFO  [Time-limited test:FourLetterWordMain@93] - connecting to 127.0.0.1 30149
2020-06-22 14:13:25,468 [myid:] - INFO  [Thread-88:QuorumPeerConfig@173] - Reading configuration from: D:\desktop\git_repo\zookeeper-read\zookeeper-server\target\surefire\test2251062966610894115.junit.dir\zoo.cfg
2020-06-22 14:13:25,468 [myid:] - INFO  [Thread-87:QuorumPeerConfig@173] - Reading configuration from: D:\desktop\git_repo\zookeeper-read\zookeeper-server\target\surefire\test3300450853635123051.junit.dir\zoo.cfg
2020-06-22 14:13:25,468 [myid:] - INFO  [Thread-87:QuorumPeerConfig@459] - clientPortAddress is 0.0.0.0:30149
2020-06-22 14:13:25,468 [myid:] - INFO  [Thread-87:QuorumPeerConfig@463] - secureClientPort is not set
2020-06-22 14:13:25,468 [myid:] - INFO  [Thread-87:QuorumPeerConfig@479] - observerMasterPort is not set
2020-06-22 14:13:25,468 [myid:] - INFO  [Thread-87:QuorumPeerConfig@496] - metricsProvider.className is org.apache.zookeeper.metrics.impl.DefaultMetricsProvider
2020-06-22 14:13:25,468 [myid:] - INFO  [Thread-88:QuorumPeerConfig@459] - clientPortAddress is 0.0.0.0:30150
2020-06-22 14:13:25,469 [myid:] - INFO  [Thread-88:QuorumPeerConfig@463] - secureClientPort is not set
2020-06-22 14:13:25,469 [myid:] - INFO  [Thread-88:QuorumPeerConfig@479] - observerMasterPort is not set
2020-06-22 14:13:25,469 [myid:] - INFO  [Thread-88:QuorumPeerConfig@496] - metricsProvider.className is org.apache.zookeeper.metrics.impl.DefaultMetricsProvider
2020-06-22 14:13:25,469 [myid:1] - INFO  [Thread-87:DatadirCleanupManager@78] - autopurge.snapRetainCount set to 3
2020-06-22 14:13:25,469 [myid:1] - INFO  [Thread-87:DatadirCleanupManager@79] - autopurge.purgeInterval set to 0
2020-06-22 14:13:25,469 [myid:1] - INFO  [Thread-87:DatadirCleanupManager@101] - Purge task is not scheduled.
2020-06-22 14:13:25,469 [myid:1] - INFO  [Thread-87:ManagedUtil@44] - Log4j 1.2 jmx support found and enabled.
2020-06-22 14:13:25,469 [myid:2] - INFO  [Thread-88:DatadirCleanupManager@78] - autopurge.snapRetainCount set to 3
2020-06-22 14:13:25,469 [myid:2] - INFO  [Thread-88:DatadirCleanupManager@79] - autopurge.purgeInterval set to 0
2020-06-22 14:13:25,469 [myid:2] - INFO  [Thread-88:DatadirCleanupManager@101] - Purge task is not scheduled.
2020-06-22 14:13:25,469 [myid:2] - INFO  [Thread-88:ManagedUtil@44] - Log4j 1.2 jmx support found and enabled.
2020-06-22 14:13:25,469 [myid:1] - ERROR [Thread-87:ManagedUtil@109] - Problems while registering log4j 1.2 jmx beans!
javax.management.InstanceAlreadyExistsException: log4j:hierarchy=default
	at com.sun.jmx.mbeanserver.Repository.addMBean(Repository.java:437)
	at com.sun.jmx.interceptor.DefaultMBeanServerInterceptor.registerWithRepository(DefaultMBeanServerInterceptor.java:1898)
	at com.sun.jmx.interceptor.DefaultMBeanServerInterceptor.registerDynamicMBean(DefaultMBeanServerInterceptor.java:966)
	at com.sun.jmx.interceptor.DefaultMBeanServerInterceptor.registerObject(DefaultMBeanServerInterceptor.java:900)
	at com.sun.jmx.interceptor.DefaultMBeanServerInterceptor.registerMBean(DefaultMBeanServerInterceptor.java:324)
	at com.sun.jmx.mbeanserver.JmxMBeanServer.registerMBean(JmxMBeanServer.java:522)
	at org.apache.zookeeper.jmx.ManagedUtil.registerLog4jMBeans(ManagedUtil.java:72)
	at org.apache.zookeeper.server.quorum.QuorumPeerMain.runFromConfig(QuorumPeerMain.java:146)
	at org.apache.zookeeper.server.quorum.QuorumPeerMain.initializeAndRun(QuorumPeerMain.java:136)
	at org.apache.zookeeper.server.quorum.QuorumPeerTestBase$MainThread.run(QuorumPeerTestBase.java:329)
	at java.lang.Thread.run(Thread.java:748)
2020-06-22 14:13:25,469 [myid:2] - ERROR [Thread-88:ManagedUtil@109] - Problems while registering log4j 1.2 jmx beans!
javax.management.InstanceAlreadyExistsException: log4j:hierarchy=default
	at com.sun.jmx.mbeanserver.Repository.addMBean(Repository.java:437)
	at com.sun.jmx.interceptor.DefaultMBeanServerInterceptor.registerWithRepository(DefaultMBeanServerInterceptor.java:1898)
	at com.sun.jmx.interceptor.DefaultMBeanServerInterceptor.registerDynamicMBean(DefaultMBeanServerInterceptor.java:966)
	at com.sun.jmx.interceptor.DefaultMBeanServerInterceptor.registerObject(DefaultMBeanServerInterceptor.java:900)
	at com.sun.jmx.interceptor.DefaultMBeanServerInterceptor.registerMBean(DefaultMBeanServerInterceptor.java:324)
	at com.sun.jmx.mbeanserver.JmxMBeanServer.registerMBean(JmxMBeanServer.java:522)
	at org.apache.zookeeper.jmx.ManagedUtil.registerLog4jMBeans(ManagedUtil.java:72)
	at org.apache.zookeeper.server.quorum.QuorumPeerMain.runFromConfig(QuorumPeerMain.java:146)
	at org.apache.zookeeper.server.quorum.QuorumPeerMain.initializeAndRun(QuorumPeerMain.java:136)
	at org.apache.zookeeper.server.quorum.QuorumPeerTestBase$MainThread.run(QuorumPeerTestBase.java:329)
	at java.lang.Thread.run(Thread.java:748)
2020-06-22 14:13:25,469 [myid:1] - WARN  [Thread-87:QuorumPeerMain@148] - Unable to register log4j JMX control
javax.management.JMException: javax.management.InstanceAlreadyExistsException: log4j:hierarchy=default
	at org.apache.zookeeper.jmx.ManagedUtil.registerLog4jMBeans(ManagedUtil.java:110)
	at org.apache.zookeeper.server.quorum.QuorumPeerMain.runFromConfig(QuorumPeerMain.java:146)
	at org.apache.zookeeper.server.quorum.QuorumPeerMain.initializeAndRun(QuorumPeerMain.java:136)
	at org.apache.zookeeper.server.quorum.QuorumPeerTestBase$MainThread.run(QuorumPeerTestBase.java:329)
	at java.lang.Thread.run(Thread.java:748)
2020-06-22 14:13:25,470 [myid:1] - INFO  [Thread-87:QuorumPeerMain@151] - Starting quorum peer
2020-06-22 14:13:25,470 [myid:2] - WARN  [Thread-88:QuorumPeerMain@148] - Unable to register log4j JMX control
javax.management.JMException: javax.management.InstanceAlreadyExistsException: log4j:hierarchy=default
	at org.apache.zookeeper.jmx.ManagedUtil.registerLog4jMBeans(ManagedUtil.java:110)
	at org.apache.zookeeper.server.quorum.QuorumPeerMain.runFromConfig(QuorumPeerMain.java:146)
	at org.apache.zookeeper.server.quorum.QuorumPeerMain.initializeAndRun(QuorumPeerMain.java:136)
	at org.apache.zookeeper.server.quorum.QuorumPeerTestBase$MainThread.run(QuorumPeerTestBase.java:329)
	at java.lang.Thread.run(Thread.java:748)
2020-06-22 14:13:25,471 [myid:2] - INFO  [Thread-88:QuorumPeerMain@151] - Starting quorum peer
2020-06-22 14:13:25,470 [myid:1] - INFO  [Thread-87:ServerMetrics@62] - ServerMetrics initialized with provider org.apache.zookeeper.metrics.impl.DefaultMetricsProvider@5470833e
2020-06-22 14:13:25,471 [myid:2] - INFO  [Thread-88:ServerMetrics@62] - ServerMetrics initialized with provider org.apache.zookeeper.metrics.impl.DefaultMetricsProvider@44c6b178
2020-06-22 14:13:25,475 [myid:1] - INFO  [Thread-87:NettyServerCnxnFactory@483] - zookeeper.client.portUnification=false
2020-06-22 14:13:25,475 [myid:1] - INFO  [Thread-87:NettyServerCnxnFactory@495] - zookeeper.netty.advancedFlowControl.enabled = false
2020-06-22 14:13:25,475 [myid:2] - INFO  [Thread-88:NettyServerCnxnFactory@483] - zookeeper.client.portUnification=false
2020-06-22 14:13:25,475 [myid:2] - INFO  [Thread-88:NettyServerCnxnFactory@495] - zookeeper.netty.advancedFlowControl.enabled = false
2020-06-22 14:13:25,475 [myid:2] - INFO  [Thread-88:NettyServerCnxnFactory@105] - handshakeThrottlingEnabled = false, zookeeper.netty.server.outstandingHandshake.limit = -1
2020-06-22 14:13:25,475 [myid:1] - INFO  [Thread-87:NettyServerCnxnFactory@105] - handshakeThrottlingEnabled = false, zookeeper.netty.server.outstandingHandshake.limit = -1
2020-06-22 14:13:25,618 [myid:1] - INFO  [Thread-87:ServerCnxnFactory@169] - Using org.apache.zookeeper.server.NettyServerCnxnFactory as server connection factory
2020-06-22 14:13:25,618 [myid:1] - WARN  [Thread-87:ServerCnxnFactory@309] - maxCnxns is not configured, using default value 0.
2020-06-22 14:13:25,618 [myid:1] - INFO  [Thread-87:FileTxnSnapLog@124] - zookeeper.snapshot.trust.empty : false
2020-06-22 14:13:25,618 [myid:1] - INFO  [Thread-87:QuorumPeer@1680] - Local sessions disabled
2020-06-22 14:13:25,618 [myid:1] - INFO  [Thread-87:QuorumPeer@1691] - Local session upgrading disabled
2020-06-22 14:13:25,618 [myid:1] - INFO  [Thread-87:QuorumPeer@1658] - tickTime set to 4000
2020-06-22 14:13:25,618 [myid:1] - INFO  [Thread-87:QuorumPeer@1702] - minSessionTimeout set to 8000
2020-06-22 14:13:25,618 [myid:1] - INFO  [Thread-87:QuorumPeer@1713] - maxSessionTimeout set to 80000
2020-06-22 14:13:25,618 [myid:1] - INFO  [Thread-87:QuorumPeer@1738] - initLimit set to 10
2020-06-22 14:13:25,618 [myid:1] - INFO  [Thread-87:QuorumPeer@1920] - syncLimit set to 5
2020-06-22 14:13:25,618 [myid:1] - INFO  [Thread-87:QuorumPeer@1935] - connectToLearnerMasterLimit set to 5
2020-06-22 14:13:25,618 [myid:1] - INFO  [Thread-87:WatchManagerFactory@42] - Using org.apache.zookeeper.server.watch.WatchManager as watch manager
2020-06-22 14:13:25,618 [myid:1] - INFO  [Thread-87:WatchManagerFactory@42] - Using org.apache.zookeeper.server.watch.WatchManager as watch manager
2020-06-22 14:13:25,618 [myid:1] - INFO  [Thread-87:ZKDatabase@132] - zookeeper.snapshotSizeFactor = 0.33
2020-06-22 14:13:25,618 [myid:1] - INFO  [Thread-87:ZKDatabase@152] - zookeeper.commitLogCount=500
2020-06-22 14:13:25,619 [myid:2] - INFO  [Thread-88:ServerCnxnFactory@169] - Using org.apache.zookeeper.server.NettyServerCnxnFactory as server connection factory
2020-06-22 14:13:25,619 [myid:2] - WARN  [Thread-88:ServerCnxnFactory@309] - maxCnxns is not configured, using default value 0.
2020-06-22 14:13:25,619 [myid:2] - INFO  [Thread-88:FileTxnSnapLog@124] - zookeeper.snapshot.trust.empty : false
2020-06-22 14:13:25,619 [myid:2] - INFO  [Thread-88:QuorumPeer@1680] - Local sessions disabled
2020-06-22 14:13:25,619 [myid:2] - INFO  [Thread-88:QuorumPeer@1691] - Local session upgrading disabled
2020-06-22 14:13:25,619 [myid:2] - INFO  [Thread-88:QuorumPeer@1658] - tickTime set to 4000
2020-06-22 14:13:25,619 [myid:1] - INFO  [Thread-87:QuorumPeer@1999] - Using TLS encrypted quorum communication
2020-06-22 14:13:25,619 [myid:2] - INFO  [Thread-88:QuorumPeer@1702] - minSessionTimeout set to 8000
2020-06-22 14:13:25,619 [myid:2] - INFO  [Thread-88:QuorumPeer@1713] - maxSessionTimeout set to 80000
2020-06-22 14:13:25,619 [myid:2] - INFO  [Thread-88:QuorumPeer@1738] - initLimit set to 10
2020-06-22 14:13:25,619 [myid:2] - INFO  [Thread-88:QuorumPeer@1920] - syncLimit set to 5
2020-06-22 14:13:25,619 [myid:2] - INFO  [Thread-88:QuorumPeer@1935] - connectToLearnerMasterLimit set to 5
2020-06-22 14:13:25,619 [myid:1] - INFO  [Thread-87:QuorumPeer@2007] - Port unification disabled
2020-06-22 14:13:25,619 [myid:1] - INFO  [Thread-87:QuorumPeer@174] - multiAddress.enabled set to false
2020-06-22 14:13:25,619 [myid:1] - INFO  [Thread-87:QuorumPeer@199] - multiAddress.reachabilityCheckEnabled set to true
2020-06-22 14:13:25,619 [myid:1] - INFO  [Thread-87:QuorumPeer@186] - multiAddress.reachabilityCheckTimeoutMs set to 1000
2020-06-22 14:13:25,619 [myid:1] - INFO  [Thread-87:QuorumPeer@2461] - QuorumPeer communication is not secured! (SASL auth disabled)
2020-06-22 14:13:25,619 [myid:2] - INFO  [Thread-88:WatchManagerFactory@42] - Using org.apache.zookeeper.server.watch.WatchManager as watch manager
2020-06-22 14:13:25,619 [myid:1] - INFO  [Thread-87:QuorumPeer@2486] - quorum.cnxn.threads.size set to 20
2020-06-22 14:13:25,619 [myid:2] - INFO  [Thread-88:WatchManagerFactory@42] - Using org.apache.zookeeper.server.watch.WatchManager as watch manager
2020-06-22 14:13:25,619 [myid:2] - INFO  [Thread-88:ZKDatabase@132] - zookeeper.snapshotSizeFactor = 0.33
2020-06-22 14:13:25,619 [myid:2] - INFO  [Thread-88:ZKDatabase@152] - zookeeper.commitLogCount=500
2020-06-22 14:13:25,619 [myid:1] - INFO  [Thread-87:FileSnap@85] - Reading snapshot D:\desktop\git_repo\zookeeper-read\zookeeper-server\target\surefire\test3300450853635123051.junit.dir\data\version-2\snapshot.0
2020-06-22 14:13:25,620 [myid:1] - INFO  [Thread-87:DataTree@1737] - The digest value is empty in snapshot
2020-06-22 14:13:25,620 [myid:2] - INFO  [Thread-88:QuorumPeer@1999] - Using TLS encrypted quorum communication
2020-06-22 14:13:25,620 [myid:2] - INFO  [Thread-88:QuorumPeer@2007] - Port unification disabled
2020-06-22 14:13:25,620 [myid:2] - INFO  [Thread-88:QuorumPeer@174] - multiAddress.enabled set to false
2020-06-22 14:13:25,620 [myid:2] - INFO  [Thread-88:QuorumPeer@199] - multiAddress.reachabilityCheckEnabled set to true
2020-06-22 14:13:25,620 [myid:2] - INFO  [Thread-88:QuorumPeer@186] - multiAddress.reachabilityCheckTimeoutMs set to 1000
2020-06-22 14:13:25,620 [myid:2] - INFO  [Thread-88:QuorumPeer@2461] - QuorumPeer communication is not secured! (SASL auth disabled)
2020-06-22 14:13:25,620 [myid:2] - INFO  [Thread-88:QuorumPeer@2486] - quorum.cnxn.threads.size set to 20
2020-06-22 14:13:25,620 [myid:1] - INFO  [Thread-87:ZKDatabase@289] - Snapshot loaded in 0 ms, highest zxid is 0x0, digest is 1371985504
2020-06-22 14:13:25,620 [myid:2] - INFO  [Thread-88:FileSnap@85] - Reading snapshot D:\desktop\git_repo\zookeeper-read\zookeeper-server\target\surefire\test2251062966610894115.junit.dir\data\version-2\snapshot.0
2020-06-22 14:13:25,620 [myid:1] - INFO  [Thread-87:NettyServerCnxnFactory@670] - binding to port /0.0.0.0:30149
2020-06-22 14:13:25,620 [myid:2] - INFO  [Thread-88:DataTree@1737] - The digest value is empty in snapshot
2020-06-22 14:13:25,621 [myid:2] - INFO  [Thread-88:ZKDatabase@289] - Snapshot loaded in 1 ms, highest zxid is 0x0, digest is 1371985504
2020-06-22 14:13:25,621 [myid:2] - INFO  [Thread-88:NettyServerCnxnFactory@670] - binding to port /0.0.0.0:30150
2020-06-22 14:13:25,621 [myid:1] - INFO  [Thread-87:NettyServerCnxnFactory@675] - bound to port 30149
2020-06-22 14:13:25,621 [myid:1] - INFO  [Thread-87:QuorumPeer@2503] - Using 20000ms as the quorum cnxn socket timeout
2020-06-22 14:13:25,621 [myid:1] - INFO  [Thread-87:QuorumCnxManager$Listener@923] - Election port bind maximum retries is 3
2020-06-22 14:13:25,622 [myid:2] - INFO  [Thread-88:NettyServerCnxnFactory@675] - bound to port 30150
2020-06-22 14:13:25,622 [myid:1] - INFO  [ListenerHandler-/127.0.0.1:30155:QuorumCnxManager$Listener$ListenerHandler@1127] - Creating TLS-only quorum server socket
2020-06-22 14:13:25,622 [myid:2] - INFO  [Thread-88:QuorumPeer@2503] - Using 20000ms as the quorum cnxn socket timeout
2020-06-22 14:13:25,622 [myid:1] - INFO  [QuorumPeer[myid=1](plain=[0:0:0:0:0:0:0:0]:30149)(secure=disabled):QuorumPeer@1371] - LOOKING
2020-06-22 14:13:25,622 [myid:1] - INFO  [ListenerHandler-/127.0.0.1:30155:QuorumCnxManager$Listener$ListenerHandler@1065] - 1 is accepting connections now, my election bind port: /127.0.0.1:30155
2020-06-22 14:13:25,622 [myid:2] - INFO  [Thread-88:QuorumCnxManager$Listener@923] - Election port bind maximum retries is 3
2020-06-22 14:13:25,622 [myid:1] - INFO  [QuorumPeer[myid=1](plain=[0:0:0:0:0:0:0:0]:30149)(secure=disabled):FastLeaderElection@944] - New election. My id = 1, proposed zxid=0x0
2020-06-22 14:13:25,623 [myid:1] - INFO  [WorkerReceiver[myid=1]:FastLeaderElection$Messenger$WorkerReceiver@389] - Notification: my state:LOOKING; n.sid:1, n.state:LOOKING, n.leader:1, n.round:0x1, n.peerEpoch:0x1, n.zxid:0x0, message format version:0x2, n.config version:0x0
2020-06-22 14:13:25,623 [myid:2] - INFO  [QuorumPeer[myid=2](plain=[0:0:0:0:0:0:0:0]:30150)(secure=disabled):QuorumPeer@1371] - LOOKING
2020-06-22 14:13:25,623 [myid:2] - INFO  [ListenerHandler-/127.0.0.1:30156:QuorumCnxManager$Listener$ListenerHandler@1127] - Creating TLS-only quorum server socket
2020-06-22 14:13:25,624 [myid:2] - INFO  [QuorumPeer[myid=2](plain=[0:0:0:0:0:0:0:0]:30150)(secure=disabled):FastLeaderElection@944] - New election. My id = 2, proposed zxid=0x0
2020-06-22 14:13:25,624 [myid:2] - INFO  [ListenerHandler-/127.0.0.1:30156:QuorumCnxManager$Listener$ListenerHandler@1065] - 2 is accepting connections now, my election bind port: /127.0.0.1:30156
2020-06-22 14:13:25,624 [myid:2] - INFO  [WorkerReceiver[myid=2]:FastLeaderElection$Messenger$WorkerReceiver@389] - Notification: my state:LOOKING; n.sid:2, n.state:LOOKING, n.leader:2, n.round:0x1, n.peerEpoch:0x1, n.zxid:0x0, message format version:0x2, n.config version:0x0
2020-06-22 14:13:25,624 [myid:2] - INFO  [ListenerHandler-/127.0.0.1:30156:QuorumCnxManager$Listener$ListenerHandler@1070] - Received connection request from /127.0.0.1:57417
2020-06-22 14:13:25,625 [myid:1] - INFO  [ListenerHandler-/127.0.0.1:30155:QuorumCnxManager$Listener$ListenerHandler@1070] - Received connection request from /127.0.0.1:57419
2020-06-22 14:13:25,690 [myid:1] - INFO  [ListenerHandler-/127.0.0.1:30155:UnifiedServerSocket$UnifiedSocket@266] - Accepted TLS connection from /127.0.0.1:57419 - TLSv1.2 - TLS_ECDHE_RSA_WITH_AES_128_CBC_SHA256
2020-06-22 14:13:25,690 [myid:2] - INFO  [QuorumConnectionThread-[myid=2]-1:QuorumCnxManager@387] - SSL handshake complete with /127.0.0.1:30155 - TLSv1.2 - TLS_ECDHE_RSA_WITH_AES_128_CBC_SHA256
2020-06-22 14:13:25,692 [myid:2] - INFO  [WorkerReceiver[myid=2]:FastLeaderElection$Messenger$WorkerReceiver@389] - Notification: my state:LOOKING; n.sid:1, n.state:LOOKING, n.leader:1, n.round:0x1, n.peerEpoch:0x1, n.zxid:0x0, message format version:0x2, n.config version:0x0
2020-06-22 14:13:25,692 [myid:1] - INFO  [WorkerReceiver[myid=1]:FastLeaderElection$Messenger$WorkerReceiver@389] - Notification: my state:LOOKING; n.sid:2, n.state:LOOKING, n.leader:2, n.round:0x1, n.peerEpoch:0x1, n.zxid:0x0, message format version:0x2, n.config version:0x0
2020-06-22 14:13:25,692 [myid:1] - INFO  [WorkerReceiver[myid=1]:FastLeaderElection$Messenger$WorkerReceiver@389] - Notification: my state:LOOKING; n.sid:1, n.state:LOOKING, n.leader:2, n.round:0x1, n.peerEpoch:0x1, n.zxid:0x0, message format version:0x2, n.config version:0x0
2020-06-22 14:13:25,692 [myid:2] - INFO  [WorkerReceiver[myid=2]:FastLeaderElection$Messenger$WorkerReceiver@389] - Notification: my state:LOOKING; n.sid:1, n.state:LOOKING, n.leader:2, n.round:0x1, n.peerEpoch:0x1, n.zxid:0x0, message format version:0x2, n.config version:0x0
2020-06-22 14:13:25,698 [myid:2] - INFO  [ListenerHandler-/127.0.0.1:30156:UnifiedServerSocket$UnifiedSocket@266] - Accepted TLS connection from /127.0.0.1:57417 - TLSv1.2 - TLS_ECDHE_RSA_WITH_AES_128_CBC_SHA256
2020-06-22 14:13:25,698 [myid:1] - INFO  [QuorumConnectionThread-[myid=1]-1:QuorumCnxManager@387] - SSL handshake complete with /127.0.0.1:30156 - TLSv1.2 - TLS_ECDHE_RSA_WITH_AES_128_CBC_SHA256
2020-06-22 14:13:25,698 [myid:1] - INFO  [QuorumConnectionThread-[myid=1]-1:QuorumCnxManager@513] - Have smaller server identifier, so dropping the connection: (myId:1 --> sid:2)
2020-06-22 14:13:25,699 [myid:1] - WARN  [RecvWorker:2:QuorumCnxManager$RecvWorker@1395] - Connection broken for id 2, my id = 1
java.io.EOFException
	at java.io.DataInputStream.readInt(DataInputStream.java:392)
	at org.apache.zookeeper.server.quorum.QuorumCnxManager$RecvWorker.run(QuorumCnxManager.java:1383)
2020-06-22 14:13:25,699 [myid:2] - WARN  [SendWorker:1:QuorumCnxManager$SendWorker@1281] - Interrupted while waiting for message on queue
java.lang.InterruptedException
	at java.util.concurrent.locks.AbstractQueuedSynchronizer$ConditionObject.reportInterruptAfterWait(AbstractQueuedSynchronizer.java:2014)
	at java.util.concurrent.locks.AbstractQueuedSynchronizer$ConditionObject.awaitNanos(AbstractQueuedSynchronizer.java:2088)
	at org.apache.zookeeper.util.CircularBlockingQueue.poll(CircularBlockingQueue.java:105)
	at org.apache.zookeeper.server.quorum.QuorumCnxManager.pollSendQueue(QuorumCnxManager.java:1446)
	at org.apache.zookeeper.server.quorum.QuorumCnxManager.access$900(QuorumCnxManager.java:98)
	at org.apache.zookeeper.server.quorum.QuorumCnxManager$SendWorker.run(QuorumCnxManager.java:1270)
2020-06-22 14:13:25,699 [myid:1] - WARN  [RecvWorker:2:QuorumCnxManager$RecvWorker@1401] - Interrupting SendWorker thread from RecvWorker. sid: 2. myId: 1
2020-06-22 14:13:25,699 [myid:2] - WARN  [RecvWorker:1:QuorumCnxManager$RecvWorker@1395] - Connection broken for id 1, my id = 2
java.net.SocketException: Socket closed
	at java.net.SocketInputStream.socketRead0(Native Method)
	at java.net.SocketInputStream.socketRead(SocketInputStream.java:116)
	at java.net.SocketInputStream.read(SocketInputStream.java:171)
	at java.net.SocketInputStream.read(SocketInputStream.java:141)
	at sun.security.ssl.InputRecord.readFully(InputRecord.java:465)
	at sun.security.ssl.InputRecord.read(InputRecord.java:503)
	at sun.security.ssl.SSLSocketImpl.readRecord(SSLSocketImpl.java:990)
	at sun.security.ssl.SSLSocketImpl.readDataRecord(SSLSocketImpl.java:948)
	at sun.security.ssl.AppInputStream.read(AppInputStream.java:105)
	at java.io.BufferedInputStream.fill(BufferedInputStream.java:246)
	at java.io.BufferedInputStream.read(BufferedInputStream.java:265)
	at java.io.DataInputStream.readInt(DataInputStream.java:387)
	at org.apache.zookeeper.server.quorum.QuorumCnxManager$RecvWorker.run(QuorumCnxManager.java:1383)
2020-06-22 14:13:25,700 [myid:2] - WARN  [RecvWorker:1:QuorumCnxManager$RecvWorker@1401] - Interrupting SendWorker thread from RecvWorker. sid: 1. myId: 2
2020-06-22 14:13:25,700 [myid:1] - WARN  [SendWorker:2:QuorumCnxManager$SendWorker@1281] - Interrupted while waiting for message on queue
java.lang.InterruptedException
	at java.util.concurrent.locks.AbstractQueuedSynchronizer$ConditionObject.reportInterruptAfterWait(AbstractQueuedSynchronizer.java:2014)
	at java.util.concurrent.locks.AbstractQueuedSynchronizer$ConditionObject.awaitNanos(AbstractQueuedSynchronizer.java:2088)
	at org.apache.zookeeper.util.CircularBlockingQueue.poll(CircularBlockingQueue.java:105)
	at org.apache.zookeeper.server.quorum.QuorumCnxManager.pollSendQueue(QuorumCnxManager.java:1446)
	at org.apache.zookeeper.server.quorum.QuorumCnxManager.access$900(QuorumCnxManager.java:98)
	at org.apache.zookeeper.server.quorum.QuorumCnxManager$SendWorker.run(QuorumCnxManager.java:1270)
2020-06-22 14:13:25,699 [myid:2] - WARN  [SendWorker:1:QuorumCnxManager$SendWorker@1293] - Send worker leaving thread id 1 my id = 2
2020-06-22 14:13:25,700 [myid:1] - WARN  [SendWorker:2:QuorumCnxManager$SendWorker@1293] - Send worker leaving thread id 2 my id = 1
2020-06-22 14:13:25,700 [myid:1] - INFO  [ListenerHandler-/127.0.0.1:30155:QuorumCnxManager$Listener$ListenerHandler@1070] - Received connection request from /127.0.0.1:57422
2020-06-22 14:13:25,765 [myid:1] - INFO  [ListenerHandler-/127.0.0.1:30155:UnifiedServerSocket$UnifiedSocket@266] - Accepted TLS connection from /127.0.0.1:57422 - TLSv1.2 - TLS_ECDHE_RSA_WITH_AES_128_CBC_SHA256
2020-06-22 14:13:25,765 [myid:2] - INFO  [QuorumConnectionThread-[myid=2]-3:QuorumCnxManager@387] - SSL handshake complete with /127.0.0.1:30155 - TLSv1.2 - TLS_ECDHE_RSA_WITH_AES_128_CBC_SHA256
2020-06-22 14:13:25,766 [myid:2] - INFO  [WorkerReceiver[myid=2]:FastLeaderElection$Messenger$WorkerReceiver@389] - Notification: my state:LOOKING; n.sid:1, n.state:LOOKING, n.leader:2, n.round:0x1, n.peerEpoch:0x1, n.zxid:0x0, message format version:0x2, n.config version:0x0
2020-06-22 14:13:25,766 [myid:1] - INFO  [WorkerReceiver[myid=1]:FastLeaderElection$Messenger$WorkerReceiver@389] - Notification: my state:LOOKING; n.sid:2, n.state:LOOKING, n.leader:2, n.round:0x1, n.peerEpoch:0x1, n.zxid:0x0, message format version:0x2, n.config version:0x0
2020-06-22 14:13:25,967 [myid:1] - INFO  [QuorumPeer[myid=1](plain=[0:0:0:0:0:0:0:0]:30149)(secure=disabled):QuorumPeer@857] - Peer state changed: following
2020-06-22 14:13:25,967 [myid:2] - INFO  [QuorumPeer[myid=2](plain=[0:0:0:0:0:0:0:0]:30150)(secure=disabled):QuorumPeer@857] - Peer state changed: leading
2020-06-22 14:13:25,967 [myid:2] - INFO  [QuorumPeer[myid=2](plain=[0:0:0:0:0:0:0:0]:30150)(secure=disabled):QuorumPeer@1465] - LEADING
2020-06-22 14:13:25,967 [myid:2] - INFO  [QuorumPeer[myid=2](plain=[0:0:0:0:0:0:0:0]:30150)(secure=disabled):ZooKeeperServer@1246] - minSessionTimeout set to 8000
2020-06-22 14:13:25,967 [myid:2] - INFO  [QuorumPeer[myid=2](plain=[0:0:0:0:0:0:0:0]:30150)(secure=disabled):ZooKeeperServer@1255] - maxSessionTimeout set to 80000
2020-06-22 14:13:25,967 [myid:2] - INFO  [QuorumPeer[myid=2](plain=[0:0:0:0:0:0:0:0]:30150)(secure=disabled):ResponseCache@45] - Response cache size is initialized with value 400.
2020-06-22 14:13:25,967 [myid:2] - INFO  [QuorumPeer[myid=2](plain=[0:0:0:0:0:0:0:0]:30150)(secure=disabled):ResponseCache@45] - Response cache size is initialized with value 400.
2020-06-22 14:13:25,968 [myid:2] - INFO  [QuorumPeer[myid=2](plain=[0:0:0:0:0:0:0:0]:30150)(secure=disabled):RequestPathMetricsCollector@111] - zookeeper.pathStats.slotCapacity = 60
2020-06-22 14:13:25,968 [myid:2] - INFO  [QuorumPeer[myid=2](plain=[0:0:0:0:0:0:0:0]:30150)(secure=disabled):RequestPathMetricsCollector@112] - zookeeper.pathStats.slotDuration = 15
2020-06-22 14:13:25,968 [myid:2] - INFO  [QuorumPeer[myid=2](plain=[0:0:0:0:0:0:0:0]:30150)(secure=disabled):RequestPathMetricsCollector@113] - zookeeper.pathStats.maxDepth = 6
2020-06-22 14:13:25,968 [myid:2] - INFO  [QuorumPeer[myid=2](plain=[0:0:0:0:0:0:0:0]:30150)(secure=disabled):RequestPathMetricsCollector@114] - zookeeper.pathStats.initialDelay = 5
2020-06-22 14:13:25,968 [myid:2] - INFO  [QuorumPeer[myid=2](plain=[0:0:0:0:0:0:0:0]:30150)(secure=disabled):RequestPathMetricsCollector@115] - zookeeper.pathStats.delay = 5
2020-06-22 14:13:25,968 [myid:2] - INFO  [QuorumPeer[myid=2](plain=[0:0:0:0:0:0:0:0]:30150)(secure=disabled):RequestPathMetricsCollector@116] - zookeeper.pathStats.enabled = false
2020-06-22 14:13:25,968 [myid:2] - INFO  [QuorumPeer[myid=2](plain=[0:0:0:0:0:0:0:0]:30150)(secure=disabled):ZooKeeperServer@1471] - The max bytes for all large requests are set to 104857600
2020-06-22 14:13:25,968 [myid:2] - INFO  [QuorumPeer[myid=2](plain=[0:0:0:0:0:0:0:0]:30150)(secure=disabled):ZooKeeperServer@1485] - The large request threshold is set to -1
2020-06-22 14:13:25,968 [myid:2] - INFO  [QuorumPeer[myid=2](plain=[0:0:0:0:0:0:0:0]:30150)(secure=disabled):ZooKeeperServer@329] - Created server with tickTime 4000 minSessionTimeout 8000 maxSessionTimeout 80000 clientPortListenBacklog -1 datadir D:\desktop\git_repo\zookeeper-read\zookeeper-server\target\surefire\test2251062966610894115.junit.dir\data\version-2 snapdir D:\desktop\git_repo\zookeeper-read\zookeeper-server\target\surefire\test2251062966610894115.junit.dir\data\version-2
2020-06-22 14:13:25,968 [myid:1] - INFO  [QuorumPeer[myid=1](plain=[0:0:0:0:0:0:0:0]:30149)(secure=disabled):QuorumPeer@1453] - FOLLOWING
2020-06-22 14:13:25,968 [myid:2] - INFO  [QuorumPeer[myid=2](plain=[0:0:0:0:0:0:0:0]:30150)(secure=disabled):Leader@581] - LEADING - LEADER ELECTION TOOK - 345 MS
2020-06-22 14:13:25,969 [myid:1] - INFO  [QuorumPeer[myid=1](plain=[0:0:0:0:0:0:0:0]:30149)(secure=disabled):ZooKeeperServer@1246] - minSessionTimeout set to 8000
2020-06-22 14:13:25,969 [myid:1] - INFO  [QuorumPeer[myid=1](plain=[0:0:0:0:0:0:0:0]:30149)(secure=disabled):ZooKeeperServer@1255] - maxSessionTimeout set to 80000
2020-06-22 14:13:25,969 [myid:1] - INFO  [QuorumPeer[myid=1](plain=[0:0:0:0:0:0:0:0]:30149)(secure=disabled):ResponseCache@45] - Response cache size is initialized with value 400.
2020-06-22 14:13:25,969 [myid:1] - INFO  [QuorumPeer[myid=1](plain=[0:0:0:0:0:0:0:0]:30149)(secure=disabled):ResponseCache@45] - Response cache size is initialized with value 400.
2020-06-22 14:13:25,969 [myid:1] - INFO  [QuorumPeer[myid=1](plain=[0:0:0:0:0:0:0:0]:30149)(secure=disabled):RequestPathMetricsCollector@111] - zookeeper.pathStats.slotCapacity = 60
2020-06-22 14:13:25,969 [myid:1] - INFO  [QuorumPeer[myid=1](plain=[0:0:0:0:0:0:0:0]:30149)(secure=disabled):RequestPathMetricsCollector@112] - zookeeper.pathStats.slotDuration = 15
2020-06-22 14:13:25,969 [myid:1] - INFO  [QuorumPeer[myid=1](plain=[0:0:0:0:0:0:0:0]:30149)(secure=disabled):RequestPathMetricsCollector@113] - zookeeper.pathStats.maxDepth = 6
2020-06-22 14:13:25,969 [myid:1] - INFO  [QuorumPeer[myid=1](plain=[0:0:0:0:0:0:0:0]:30149)(secure=disabled):RequestPathMetricsCollector@114] - zookeeper.pathStats.initialDelay = 5
2020-06-22 14:13:25,969 [myid:1] - INFO  [QuorumPeer[myid=1](plain=[0:0:0:0:0:0:0:0]:30149)(secure=disabled):RequestPathMetricsCollector@115] - zookeeper.pathStats.delay = 5
2020-06-22 14:13:25,969 [myid:1] - INFO  [QuorumPeer[myid=1](plain=[0:0:0:0:0:0:0:0]:30149)(secure=disabled):RequestPathMetricsCollector@116] - zookeeper.pathStats.enabled = false
2020-06-22 14:13:25,969 [myid:1] - INFO  [QuorumPeer[myid=1](plain=[0:0:0:0:0:0:0:0]:30149)(secure=disabled):ZooKeeperServer@1471] - The max bytes for all large requests are set to 104857600
2020-06-22 14:13:25,969 [myid:1] - INFO  [QuorumPeer[myid=1](plain=[0:0:0:0:0:0:0:0]:30149)(secure=disabled):ZooKeeperServer@1485] - The large request threshold is set to -1
2020-06-22 14:13:25,970 [myid:2] - INFO  [QuorumPeer[myid=2](plain=[0:0:0:0:0:0:0:0]:30150)(secure=disabled):QuorumPeer@863] - Peer state changed: leading - discovery
2020-06-22 14:13:25,970 [myid:2] - INFO  [QuorumPeer[myid=2](plain=[0:0:0:0:0:0:0:0]:30150)(secure=disabled):FileTxnSnapLog@470] - Snapshotting: 0x0 to D:\desktop\git_repo\zookeeper-read\zookeeper-server\target\surefire\test2251062966610894115.junit.dir\data\version-2\snapshot.0
2020-06-22 14:13:25,970 [myid:1] - INFO  [QuorumPeer[myid=1](plain=[0:0:0:0:0:0:0:0]:30149)(secure=disabled):ZooKeeperServer@329] - Created server with tickTime 4000 minSessionTimeout 8000 maxSessionTimeout 80000 clientPortListenBacklog -1 datadir D:\desktop\git_repo\zookeeper-read\zookeeper-server\target\surefire\test3300450853635123051.junit.dir\data\version-2 snapdir D:\desktop\git_repo\zookeeper-read\zookeeper-server\target\surefire\test3300450853635123051.junit.dir\data\version-2
2020-06-22 14:13:25,970 [myid:1] - INFO  [QuorumPeer[myid=1](plain=[0:0:0:0:0:0:0:0]:30149)(secure=disabled):Follower@75] - FOLLOWING - LEADER ELECTION TOOK - 348 MS
2020-06-22 14:13:25,972 [myid:1] - INFO  [nioEventLoopGroup-122-1:NettyServerCnxn@285] - Processing stat command from /127.0.0.1:57335
2020-06-22 14:13:25,973 [myid:1] - INFO  [QuorumPeer[myid=1](plain=[0:0:0:0:0:0:0:0]:30149)(secure=disabled):QuorumPeer@863] - Peer state changed: following - discovery
2020-06-22 14:13:25,980 [myid:2] - INFO  [QuorumPeer[myid=2](plain=[0:0:0:0:0:0:0:0]:30150)(secure=disabled):ZooKeeperServer@519] - Snapshot taken in 10 ms
2020-06-22 14:13:26,065 [myid:2] - INFO  [LearnerHandler-/127.0.0.1:57426:UnifiedServerSocket$UnifiedSocket@266] - Accepted TLS connection from /127.0.0.1:57426 - TLSv1.2 - TLS_ECDHE_RSA_WITH_AES_128_CBC_SHA256
2020-06-22 14:13:26,065 [myid:1] - INFO  [LeaderConnector-/127.0.0.1:30153:Learner$LeaderConnector@330] - Successfully connected to leader, using address: /127.0.0.1:30153
2020-06-22 14:13:26,066 [myid:2] - INFO  [LearnerHandler-/127.0.0.1:57426:LearnerHandler@504] - Follower sid: 1 : info : 127.0.0.1:30152:30155:participant;0.0.0.0:30149
2020-06-22 14:13:26,072 [myid:2] - INFO  [LearnerHandler-/127.0.0.1:57426:ZKDatabase@345] - On disk txn sync enabled with snapshotSizeFactor 0.33
2020-06-22 14:13:26,072 [myid:1] - INFO  [QuorumPeer[myid=1](plain=[0:0:0:0:0:0:0:0]:30149)(secure=disabled):QuorumPeer@863] - Peer state changed: following - synchronization
2020-06-22 14:13:26,073 [myid:2] - INFO  [LearnerHandler-/127.0.0.1:57426:LearnerHandler@800] - Synchronizing with Learner sid: 1 maxCommittedLog=0x0 minCommittedLog=0x0 lastProcessedZxid=0x0 peerLastZxid=0x0
2020-06-22 14:13:26,073 [myid:2] - INFO  [LearnerHandler-/127.0.0.1:57426:LearnerHandler@845] - Sending DIFF zxid=0x0 for peer sid: 1
2020-06-22 14:13:26,075 [myid:1] - INFO  [QuorumPeer[myid=1](plain=[0:0:0:0:0:0:0:0]:30149)(secure=disabled):Learner@511] - Getting a diff from the leader 0x0
2020-06-22 14:13:26,075 [myid:1] - INFO  [QuorumPeer[myid=1](plain=[0:0:0:0:0:0:0:0]:30149)(secure=disabled):QuorumPeer@868] - Peer state changed: following - synchronization - diff
2020-06-22 14:13:26,076 [myid:1] - INFO  [QuorumPeer[myid=1](plain=[0:0:0:0:0:0:0:0]:30149)(secure=disabled):Learner@677] - Learner received NEWLEADER message
2020-06-22 14:13:26,076 [myid:2] - INFO  [QuorumPeer[myid=2](plain=[0:0:0:0:0:0:0:0]:30150)(secure=disabled):QuorumPeer@863] - Peer state changed: leading - synchronization
2020-06-22 14:13:26,079 [myid:2] - INFO  [QuorumPeer[myid=2](plain=[0:0:0:0:0:0:0:0]:30150)(secure=disabled):Leader@1501] - Have quorum of supporters, sids: [[1, 2],[1, 2]]; starting up and setting last processed zxid: 0x200000000
2020-06-22 14:13:26,080 [myid:2] - INFO  [QuorumPeer[myid=2](plain=[0:0:0:0:0:0:0:0]:30150)(secure=disabled):CommitProcessor@476] - Configuring CommitProcessor with readBatchSize -1 commitBatchSize 1
2020-06-22 14:13:26,080 [myid:2] - INFO  [QuorumPeer[myid=2](plain=[0:0:0:0:0:0:0:0]:30150)(secure=disabled):CommitProcessor@438] - Configuring CommitProcessor with 8 worker threads.
2020-06-22 14:13:26,080 [myid:2] - INFO  [QuorumPeer[myid=2](plain=[0:0:0:0:0:0:0:0]:30150)(secure=disabled):ContainerManager@83] - Using checkIntervalMs=60000 maxPerMinute=10000 maxNeverUsedIntervalMs=0
2020-06-22 14:13:26,081 [myid:2] - INFO  [QuorumPeer[myid=2](plain=[0:0:0:0:0:0:0:0]:30150)(secure=disabled):QuorumPeer@863] - Peer state changed: leading - broadcast
2020-06-22 14:13:26,081 [myid:1] - INFO  [QuorumPeer[myid=1](plain=[0:0:0:0:0:0:0:0]:30149)(secure=disabled):Learner@661] - Learner received UPTODATE message
2020-06-22 14:13:26,081 [myid:1] - INFO  [QuorumPeer[myid=1](plain=[0:0:0:0:0:0:0:0]:30149)(secure=disabled):QuorumPeer@868] - Peer state changed: following - synchronization
2020-06-22 14:13:26,081 [myid:1] - INFO  [QuorumPeer[myid=1](plain=[0:0:0:0:0:0:0:0]:30149)(secure=disabled):CommitProcessor@476] - Configuring CommitProcessor with readBatchSize -1 commitBatchSize 1
2020-06-22 14:13:26,081 [myid:1] - INFO  [QuorumPeer[myid=1](plain=[0:0:0:0:0:0:0:0]:30149)(secure=disabled):CommitProcessor@438] - Configuring CommitProcessor with 8 worker threads.
2020-06-22 14:13:26,082 [myid:1] - INFO  [QuorumPeer[myid=1](plain=[0:0:0:0:0:0:0:0]:30149)(secure=disabled):QuorumPeer@863] - Peer state changed: following - broadcast
2020-06-22 14:13:26,223 [myid:] - INFO  [Time-limited test:FourLetterWordMain@93] - connecting to 127.0.0.1 30149
2020-06-22 14:13:26,224 [myid:1] - INFO  [nioEventLoopGroup-122-2:NettyServerCnxn@285] - Processing stat command from /127.0.0.1:57438
2020-06-22 14:13:26,224 [myid:1] - INFO  [nioEventLoopGroup-122-2:StatCommand@52] - Stat command output
2020-06-22 14:13:26,225 [myid:] - INFO  [Time-limited test:FourLetterWordMain@93] - connecting to 127.0.0.1 30150
2020-06-22 14:13:26,227 [myid:2] - INFO  [nioEventLoopGroup-124-1:NettyServerCnxn@285] - Processing stat command from /127.0.0.1:57439
2020-06-22 14:13:26,227 [myid:2] - INFO  [nioEventLoopGroup-124-1:StatCommand@52] - Stat command output
2020-06-22 14:13:26,229 [myid:] - INFO  [Time-limited test:FourLetterWordMain@93] - connecting to 127.0.0.1 30151
2020-06-22 14:13:26,229 [myid:] - INFO  [Thread-91:QuorumPeerConfig@173] - Reading configuration from: D:\desktop\git_repo\zookeeper-read\zookeeper-server\target\surefire\test3474468558717399554.junit.dir\zoo.cfg
2020-06-22 14:13:26,230 [myid:] - INFO  [Thread-91:QuorumPeerConfig@459] - clientPortAddress is 0.0.0.0:30151
2020-06-22 14:13:26,230 [myid:] - INFO  [Thread-91:QuorumPeerConfig@463] - secureClientPort is not set
2020-06-22 14:13:26,230 [myid:] - INFO  [Thread-91:QuorumPeerConfig@479] - observerMasterPort is not set
2020-06-22 14:13:26,230 [myid:] - INFO  [Thread-91:QuorumPeerConfig@496] - metricsProvider.className is org.apache.zookeeper.metrics.impl.DefaultMetricsProvider
2020-06-22 14:13:26,230 [myid:3] - INFO  [Thread-91:DatadirCleanupManager@78] - autopurge.snapRetainCount set to 3
2020-06-22 14:13:26,231 [myid:3] - INFO  [Thread-91:DatadirCleanupManager@79] - autopurge.purgeInterval set to 0
2020-06-22 14:13:26,231 [myid:3] - INFO  [Thread-91:DatadirCleanupManager@101] - Purge task is not scheduled.
2020-06-22 14:13:26,231 [myid:3] - INFO  [Thread-91:ManagedUtil@44] - Log4j 1.2 jmx support found and enabled.
2020-06-22 14:13:26,231 [myid:3] - ERROR [Thread-91:ManagedUtil@109] - Problems while registering log4j 1.2 jmx beans!
javax.management.InstanceAlreadyExistsException: log4j:hierarchy=default
	at com.sun.jmx.mbeanserver.Repository.addMBean(Repository.java:437)
	at com.sun.jmx.interceptor.DefaultMBeanServerInterceptor.registerWithRepository(DefaultMBeanServerInterceptor.java:1898)
	at com.sun.jmx.interceptor.DefaultMBeanServerInterceptor.registerDynamicMBean(DefaultMBeanServerInterceptor.java:966)
	at com.sun.jmx.interceptor.DefaultMBeanServerInterceptor.registerObject(DefaultMBeanServerInterceptor.java:900)
	at com.sun.jmx.interceptor.DefaultMBeanServerInterceptor.registerMBean(DefaultMBeanServerInterceptor.java:324)
	at com.sun.jmx.mbeanserver.JmxMBeanServer.registerMBean(JmxMBeanServer.java:522)
	at org.apache.zookeeper.jmx.ManagedUtil.registerLog4jMBeans(ManagedUtil.java:72)
	at org.apache.zookeeper.server.quorum.QuorumPeerMain.runFromConfig(QuorumPeerMain.java:146)
	at org.apache.zookeeper.server.quorum.QuorumPeerMain.initializeAndRun(QuorumPeerMain.java:136)
	at org.apache.zookeeper.server.quorum.QuorumPeerTestBase$MainThread.run(QuorumPeerTestBase.java:329)
	at java.lang.Thread.run(Thread.java:748)
2020-06-22 14:13:26,231 [myid:3] - WARN  [Thread-91:QuorumPeerMain@148] - Unable to register log4j JMX control
javax.management.JMException: javax.management.InstanceAlreadyExistsException: log4j:hierarchy=default
	at org.apache.zookeeper.jmx.ManagedUtil.registerLog4jMBeans(ManagedUtil.java:110)
	at org.apache.zookeeper.server.quorum.QuorumPeerMain.runFromConfig(QuorumPeerMain.java:146)
	at org.apache.zookeeper.server.quorum.QuorumPeerMain.initializeAndRun(QuorumPeerMain.java:136)
	at org.apache.zookeeper.server.quorum.QuorumPeerTestBase$MainThread.run(QuorumPeerTestBase.java:329)
	at java.lang.Thread.run(Thread.java:748)
2020-06-22 14:13:26,231 [myid:3] - INFO  [Thread-91:QuorumPeerMain@151] - Starting quorum peer
2020-06-22 14:13:26,231 [myid:3] - INFO  [Thread-91:ServerMetrics@62] - ServerMetrics initialized with provider org.apache.zookeeper.metrics.impl.DefaultMetricsProvider@7915f558
2020-06-22 14:13:26,232 [myid:3] - INFO  [Thread-91:NettyServerCnxnFactory@483] - zookeeper.client.portUnification=false
2020-06-22 14:13:26,232 [myid:3] - INFO  [Thread-91:NettyServerCnxnFactory@495] - zookeeper.netty.advancedFlowControl.enabled = false
2020-06-22 14:13:26,232 [myid:3] - INFO  [Thread-91:NettyServerCnxnFactory@105] - handshakeThrottlingEnabled = false, zookeeper.netty.server.outstandingHandshake.limit = -1
2020-06-22 14:13:26,457 [myid:3] - INFO  [Thread-91:ServerCnxnFactory@169] - Using org.apache.zookeeper.server.NettyServerCnxnFactory as server connection factory
2020-06-22 14:13:26,457 [myid:3] - WARN  [Thread-91:ServerCnxnFactory@309] - maxCnxns is not configured, using default value 0.
2020-06-22 14:13:26,457 [myid:3] - INFO  [Thread-91:FileTxnSnapLog@124] - zookeeper.snapshot.trust.empty : false
2020-06-22 14:13:26,457 [myid:3] - INFO  [Thread-91:QuorumPeer@1680] - Local sessions disabled
2020-06-22 14:13:26,457 [myid:3] - INFO  [Thread-91:QuorumPeer@1691] - Local session upgrading disabled
2020-06-22 14:13:26,457 [myid:3] - INFO  [Thread-91:QuorumPeer@1658] - tickTime set to 4000
2020-06-22 14:13:26,457 [myid:3] - INFO  [Thread-91:QuorumPeer@1702] - minSessionTimeout set to 8000
2020-06-22 14:13:26,457 [myid:3] - INFO  [Thread-91:QuorumPeer@1713] - maxSessionTimeout set to 80000
2020-06-22 14:13:26,457 [myid:3] - INFO  [Thread-91:QuorumPeer@1738] - initLimit set to 10
2020-06-22 14:13:26,457 [myid:3] - INFO  [Thread-91:QuorumPeer@1920] - syncLimit set to 5
2020-06-22 14:13:26,457 [myid:3] - INFO  [Thread-91:QuorumPeer@1935] - connectToLearnerMasterLimit set to 5
2020-06-22 14:13:26,458 [myid:3] - INFO  [Thread-91:WatchManagerFactory@42] - Using org.apache.zookeeper.server.watch.WatchManager as watch manager
2020-06-22 14:13:26,458 [myid:3] - INFO  [Thread-91:WatchManagerFactory@42] - Using org.apache.zookeeper.server.watch.WatchManager as watch manager
2020-06-22 14:13:26,458 [myid:3] - INFO  [Thread-91:ZKDatabase@132] - zookeeper.snapshotSizeFactor = 0.33
2020-06-22 14:13:26,458 [myid:3] - INFO  [Thread-91:ZKDatabase@152] - zookeeper.commitLogCount=500
2020-06-22 14:13:26,458 [myid:3] - INFO  [Thread-91:QuorumPeer@1999] - Using TLS encrypted quorum communication
2020-06-22 14:13:26,459 [myid:3] - INFO  [Thread-91:QuorumPeer@2007] - Port unification disabled
2020-06-22 14:13:26,459 [myid:3] - INFO  [Thread-91:QuorumPeer@174] - multiAddress.enabled set to false
2020-06-22 14:13:26,459 [myid:3] - INFO  [Thread-91:QuorumPeer@199] - multiAddress.reachabilityCheckEnabled set to true
2020-06-22 14:13:26,459 [myid:3] - INFO  [Thread-91:QuorumPeer@186] - multiAddress.reachabilityCheckTimeoutMs set to 1000
2020-06-22 14:13:26,459 [myid:3] - INFO  [Thread-91:QuorumPeer@2461] - QuorumPeer communication is not secured! (SASL auth disabled)
2020-06-22 14:13:26,459 [myid:3] - INFO  [Thread-91:QuorumPeer@2486] - quorum.cnxn.threads.size set to 20
2020-06-22 14:13:26,459 [myid:3] - INFO  [Thread-91:FileSnap@85] - Reading snapshot D:\desktop\git_repo\zookeeper-read\zookeeper-server\target\surefire\test3474468558717399554.junit.dir\data\version-2\snapshot.100000000
2020-06-22 14:13:26,460 [myid:3] - INFO  [Thread-91:DataTree@1737] - The digest value is empty in snapshot
2020-06-22 14:13:26,460 [myid:3] - INFO  [Thread-91:ZKDatabase@289] - Snapshot loaded in 1 ms, highest zxid is 0x100000000, digest is 1371985504
2020-06-22 14:13:26,461 [myid:3] - INFO  [Thread-91:NettyServerCnxnFactory@670] - binding to port /0.0.0.0:30151
2020-06-22 14:13:26,463 [myid:3] - INFO  [Thread-91:NettyServerCnxnFactory@675] - bound to port 30151
2020-06-22 14:13:26,463 [myid:3] - INFO  [Thread-91:QuorumPeer@2503] - Using 20000ms as the quorum cnxn socket timeout
2020-06-22 14:13:26,464 [myid:3] - INFO  [Thread-91:QuorumCnxManager$Listener@923] - Election port bind maximum retries is 3
2020-06-22 14:13:26,466 [myid:3] - INFO  [QuorumPeer[myid=3](plain=[0:0:0:0:0:0:0:0]:30151)(secure=disabled):QuorumPeer@1371] - LOOKING
2020-06-22 14:13:26,466 [myid:3] - INFO  [ListenerHandler-/127.0.0.1:30157:QuorumCnxManager$Listener$ListenerHandler@1127] - Creating TLS-only quorum server socket
2020-06-22 14:13:26,466 [myid:3] - INFO  [QuorumPeer[myid=3](plain=[0:0:0:0:0:0:0:0]:30151)(secure=disabled):FastLeaderElection@944] - New election. My id = 3, proposed zxid=0x100000000
2020-06-22 14:13:26,466 [myid:3] - INFO  [ListenerHandler-/127.0.0.1:30157:QuorumCnxManager$Listener$ListenerHandler@1065] - 3 is accepting connections now, my election bind port: /127.0.0.1:30157
2020-06-22 14:13:26,468 [myid:3] - INFO  [WorkerReceiver[myid=3]:FastLeaderElection$Messenger$WorkerReceiver@389] - Notification: my state:LOOKING; n.sid:3, n.state:LOOKING, n.leader:3, n.round:0x1, n.peerEpoch:0x1, n.zxid:0x100000000, message format version:0x2, n.config version:0x0
2020-06-22 14:13:26,470 [myid:1] - INFO  [ListenerHandler-/127.0.0.1:30155:QuorumCnxManager$Listener$ListenerHandler@1070] - Received connection request from /127.0.0.1:57479
2020-06-22 14:13:26,472 [myid:2] - INFO  [ListenerHandler-/127.0.0.1:30156:QuorumCnxManager$Listener$ListenerHandler@1070] - Received connection request from /127.0.0.1:57480
2020-06-22 14:13:26,522 [myid:1] - ERROR [ListenerHandler-/127.0.0.1:30155:ZKTrustManager@161] - Failed to verify host address: 127.0.0.1
javax.net.ssl.SSLPeerUnverifiedException: Certificate for <127.0.0.1> doesn't match any of the subject alternative names: [localhost, 140.211.11.105]
	at org.apache.zookeeper.common.ZKHostnameVerifier.matchIPAddress(ZKHostnameVerifier.java:197)
	at org.apache.zookeeper.common.ZKHostnameVerifier.verify(ZKHostnameVerifier.java:165)
	at org.apache.zookeeper.common.ZKTrustManager.performHostVerification(ZKTrustManager.java:151)
	at org.apache.zookeeper.common.ZKTrustManager.checkClientTrusted(ZKTrustManager.java:79)
	at sun.security.ssl.ServerHandshaker.clientCertificate(ServerHandshaker.java:2037)
	at sun.security.ssl.ServerHandshaker.processMessage(ServerHandshaker.java:233)
	at sun.security.ssl.Handshaker.processLoop(Handshaker.java:1082)
	at sun.security.ssl.Handshaker.process_record(Handshaker.java:1010)
	at sun.security.ssl.SSLSocketImpl.readRecord(SSLSocketImpl.java:1079)
	at sun.security.ssl.SSLSocketImpl.performInitialHandshake(SSLSocketImpl.java:1388)
	at sun.security.ssl.SSLSocketImpl.startHandshake(SSLSocketImpl.java:1416)
	at sun.security.ssl.SSLSocketImpl.getSession(SSLSocketImpl.java:2309)
	at org.apache.zookeeper.server.quorum.UnifiedServerSocket$UnifiedSocket.detectMode(UnifiedServerSocket.java:269)
	at org.apache.zookeeper.server.quorum.UnifiedServerSocket$UnifiedSocket.getSocket(UnifiedServerSocket.java:298)
	at org.apache.zookeeper.server.quorum.UnifiedServerSocket$UnifiedSocket.access$400(UnifiedServerSocket.java:172)
	at org.apache.zookeeper.server.quorum.UnifiedServerSocket$UnifiedInputStream.getRealInputStream(UnifiedServerSocket.java:699)
	at org.apache.zookeeper.server.quorum.UnifiedServerSocket$UnifiedInputStream.read(UnifiedServerSocket.java:693)
	at java.io.BufferedInputStream.fill(BufferedInputStream.java:246)
	at java.io.BufferedInputStream.read1(BufferedInputStream.java:286)
	at java.io.BufferedInputStream.read(BufferedInputStream.java:345)
	at java.io.DataInputStream.readFully(DataInputStream.java:195)
	at java.io.DataInputStream.readLong(DataInputStream.java:416)
	at org.apache.zookeeper.server.quorum.QuorumCnxManager.handleConnection(QuorumCnxManager.java:601)
	at org.apache.zookeeper.server.quorum.QuorumCnxManager.receiveConnection(QuorumCnxManager.java:554)
	at org.apache.zookeeper.server.quorum.QuorumCnxManager$Listener$ListenerHandler.acceptConnections(QuorumCnxManager.java:1079)
	at org.apache.zookeeper.server.quorum.QuorumCnxManager$Listener$ListenerHandler.run(QuorumCnxManager.java:1033)
	at java.util.concurrent.Executors$RunnableAdapter.call(Executors.java:511)
	at java.util.concurrent.FutureTask.run(FutureTask.java:266)
	at java.util.concurrent.ThreadPoolExecutor.runWorker(ThreadPoolExecutor.java:1149)
	at java.util.concurrent.ThreadPoolExecutor$Worker.run(ThreadPoolExecutor.java:624)
	at java.lang.Thread.run(Thread.java:748)
2020-06-22 14:13:26,525 [myid:1] - ERROR [ListenerHandler-/127.0.0.1:30155:ZKTrustManager@162] - Failed to verify hostname: activate.navicat.com
javax.net.ssl.SSLPeerUnverifiedException: Certificate for <activate.navicat.com> doesn't match any of the subject alternative names: [localhost, 140.211.11.105]
	at org.apache.zookeeper.common.ZKHostnameVerifier.matchDNSName(ZKHostnameVerifier.java:230)
	at org.apache.zookeeper.common.ZKHostnameVerifier.verify(ZKHostnameVerifier.java:171)
	at org.apache.zookeeper.common.ZKTrustManager.performHostVerification(ZKTrustManager.java:159)
	at org.apache.zookeeper.common.ZKTrustManager.checkClientTrusted(ZKTrustManager.java:79)
	at sun.security.ssl.ServerHandshaker.clientCertificate(ServerHandshaker.java:2037)
	at sun.security.ssl.ServerHandshaker.processMessage(ServerHandshaker.java:233)
	at sun.security.ssl.Handshaker.processLoop(Handshaker.java:1082)
	at sun.security.ssl.Handshaker.process_record(Handshaker.java:1010)
	at sun.security.ssl.SSLSocketImpl.readRecord(SSLSocketImpl.java:1079)
	at sun.security.ssl.SSLSocketImpl.performInitialHandshake(SSLSocketImpl.java:1388)
	at sun.security.ssl.SSLSocketImpl.startHandshake(SSLSocketImpl.java:1416)
	at sun.security.ssl.SSLSocketImpl.getSession(SSLSocketImpl.java:2309)
	at org.apache.zookeeper.server.quorum.UnifiedServerSocket$UnifiedSocket.detectMode(UnifiedServerSocket.java:269)
	at org.apache.zookeeper.server.quorum.UnifiedServerSocket$UnifiedSocket.getSocket(UnifiedServerSocket.java:298)
	at org.apache.zookeeper.server.quorum.UnifiedServerSocket$UnifiedSocket.access$400(UnifiedServerSocket.java:172)
	at org.apache.zookeeper.server.quorum.UnifiedServerSocket$UnifiedInputStream.getRealInputStream(UnifiedServerSocket.java:699)
	at org.apache.zookeeper.server.quorum.UnifiedServerSocket$UnifiedInputStream.read(UnifiedServerSocket.java:693)
	at java.io.BufferedInputStream.fill(BufferedInputStream.java:246)
	at java.io.BufferedInputStream.read1(BufferedInputStream.java:286)
	at java.io.BufferedInputStream.read(BufferedInputStream.java:345)
	at java.io.DataInputStream.readFully(DataInputStream.java:195)
	at java.io.DataInputStream.readLong(DataInputStream.java:416)
	at org.apache.zookeeper.server.quorum.QuorumCnxManager.handleConnection(QuorumCnxManager.java:601)
	at org.apache.zookeeper.server.quorum.QuorumCnxManager.receiveConnection(QuorumCnxManager.java:554)
	at org.apache.zookeeper.server.quorum.QuorumCnxManager$Listener$ListenerHandler.acceptConnections(QuorumCnxManager.java:1079)
	at org.apache.zookeeper.server.quorum.QuorumCnxManager$Listener$ListenerHandler.run(QuorumCnxManager.java:1033)
	at java.util.concurrent.Executors$RunnableAdapter.call(Executors.java:511)
	at java.util.concurrent.FutureTask.run(FutureTask.java:266)
	at java.util.concurrent.ThreadPoolExecutor.runWorker(ThreadPoolExecutor.java:1149)
	at java.util.concurrent.ThreadPoolExecutor$Worker.run(ThreadPoolExecutor.java:624)
	at java.lang.Thread.run(Thread.java:748)
2020-06-22 14:13:26,525 [myid:1] - INFO  [ListenerHandler-/127.0.0.1:30155:UnifiedServerSocket$UnifiedSocket@266] - Accepted TLS connection from activate.navicat.com/127.0.0.1:57479 - NONE - SSL_NULL_WITH_NULL_NULL
2020-06-22 14:13:26,525 [myid:1] - WARN  [ListenerHandler-/127.0.0.1:30155:QuorumCnxManager@629] - Exception reading or writing challenge
javax.net.ssl.SSLException: Connection has been shutdown: javax.net.ssl.SSLHandshakeException: java.security.cert.CertificateException: Failed to verify both host address and host name
	at sun.security.ssl.SSLSocketImpl.checkEOF(SSLSocketImpl.java:1554)
	at sun.security.ssl.AppInputStream.read(AppInputStream.java:95)
	at org.apache.zookeeper.server.quorum.UnifiedServerSocket$UnifiedInputStream.read(UnifiedServerSocket.java:693)
	at java.io.BufferedInputStream.fill(BufferedInputStream.java:246)
	at java.io.BufferedInputStream.read1(BufferedInputStream.java:286)
	at java.io.BufferedInputStream.read(BufferedInputStream.java:345)
	at java.io.DataInputStream.readFully(DataInputStream.java:195)
	at java.io.DataInputStream.readLong(DataInputStream.java:416)
	at org.apache.zookeeper.server.quorum.QuorumCnxManager.handleConnection(QuorumCnxManager.java:601)
	at org.apache.zookeeper.server.quorum.QuorumCnxManager.receiveConnection(QuorumCnxManager.java:554)
	at org.apache.zookeeper.server.quorum.QuorumCnxManager$Listener$ListenerHandler.acceptConnections(QuorumCnxManager.java:1079)
	at org.apache.zookeeper.server.quorum.QuorumCnxManager$Listener$ListenerHandler.run(QuorumCnxManager.java:1033)
	at java.util.concurrent.Executors$RunnableAdapter.call(Executors.java:511)
	at java.util.concurrent.FutureTask.run(FutureTask.java:266)
	at java.util.concurrent.ThreadPoolExecutor.runWorker(ThreadPoolExecutor.java:1149)
	at java.util.concurrent.ThreadPoolExecutor$Worker.run(ThreadPoolExecutor.java:624)
	at java.lang.Thread.run(Thread.java:748)
Caused by: javax.net.ssl.SSLHandshakeException: java.security.cert.CertificateException: Failed to verify both host address and host name
	at sun.security.ssl.Alerts.getSSLException(Alerts.java:198)
	at sun.security.ssl.SSLSocketImpl.fatal(SSLSocketImpl.java:1967)
	at sun.security.ssl.Handshaker.fatalSE(Handshaker.java:331)
	at sun.security.ssl.Handshaker.fatalSE(Handshaker.java:325)
	at sun.security.ssl.ServerHandshaker.clientCertificate(ServerHandshaker.java:2055)
	at sun.security.ssl.ServerHandshaker.processMessage(ServerHandshaker.java:233)
	at sun.security.ssl.Handshaker.processLoop(Handshaker.java:1082)
	at sun.security.ssl.Handshaker.process_record(Handshaker.java:1010)
	at sun.security.ssl.SSLSocketImpl.readRecord(SSLSocketImpl.java:1079)
	at sun.security.ssl.SSLSocketImpl.performInitialHandshake(SSLSocketImpl.java:1388)
	at sun.security.ssl.SSLSocketImpl.startHandshake(SSLSocketImpl.java:1416)
	at sun.security.ssl.SSLSocketImpl.getSession(SSLSocketImpl.java:2309)
	at org.apache.zookeeper.server.quorum.UnifiedServerSocket$UnifiedSocket.detectMode(UnifiedServerSocket.java:269)
	at org.apache.zookeeper.server.quorum.UnifiedServerSocket$UnifiedSocket.getSocket(UnifiedServerSocket.java:298)
	at org.apache.zookeeper.server.quorum.UnifiedServerSocket$UnifiedSocket.access$400(UnifiedServerSocket.java:172)
	at org.apache.zookeeper.server.quorum.UnifiedServerSocket$UnifiedInputStream.getRealInputStream(UnifiedServerSocket.java:699)
	... 15 more
Caused by: java.security.cert.CertificateException: Failed to verify both host address and host name
	at org.apache.zookeeper.common.ZKTrustManager.performHostVerification(ZKTrustManager.java:163)
	at org.apache.zookeeper.common.ZKTrustManager.checkClientTrusted(ZKTrustManager.java:79)
	at sun.security.ssl.ServerHandshaker.clientCertificate(ServerHandshaker.java:2037)
	... 26 more
Caused by: javax.net.ssl.SSLPeerUnverifiedException: Certificate for <activate.navicat.com> doesn't match any of the subject alternative names: [localhost, 140.211.11.105]
	at org.apache.zookeeper.common.ZKHostnameVerifier.matchDNSName(ZKHostnameVerifier.java:230)
	at org.apache.zookeeper.common.ZKHostnameVerifier.verify(ZKHostnameVerifier.java:171)
	at org.apache.zookeeper.common.ZKTrustManager.performHostVerification(ZKTrustManager.java:159)
	... 28 more
2020-06-22 14:13:26,526 [myid:2] - ERROR [ListenerHandler-/127.0.0.1:30156:ZKTrustManager@161] - Failed to verify host address: 127.0.0.1
javax.net.ssl.SSLPeerUnverifiedException: Certificate for <127.0.0.1> doesn't match any of the subject alternative names: [localhost, 140.211.11.105]
	at org.apache.zookeeper.common.ZKHostnameVerifier.matchIPAddress(ZKHostnameVerifier.java:197)
	at org.apache.zookeeper.common.ZKHostnameVerifier.verify(ZKHostnameVerifier.java:165)
	at org.apache.zookeeper.common.ZKTrustManager.performHostVerification(ZKTrustManager.java:151)
	at org.apache.zookeeper.common.ZKTrustManager.checkClientTrusted(ZKTrustManager.java:79)
	at sun.security.ssl.ServerHandshaker.clientCertificate(ServerHandshaker.java:2037)
	at sun.security.ssl.ServerHandshaker.processMessage(ServerHandshaker.java:233)
	at sun.security.ssl.Handshaker.processLoop(Handshaker.java:1082)
	at sun.security.ssl.Handshaker.process_record(Handshaker.java:1010)
	at sun.security.ssl.SSLSocketImpl.readRecord(SSLSocketImpl.java:1079)
	at sun.security.ssl.SSLSocketImpl.performInitialHandshake(SSLSocketImpl.java:1388)
	at sun.security.ssl.SSLSocketImpl.startHandshake(SSLSocketImpl.java:1416)
	at sun.security.ssl.SSLSocketImpl.getSession(SSLSocketImpl.java:2309)
	at org.apache.zookeeper.server.quorum.UnifiedServerSocket$UnifiedSocket.detectMode(UnifiedServerSocket.java:269)
	at org.apache.zookeeper.server.quorum.UnifiedServerSocket$UnifiedSocket.getSocket(UnifiedServerSocket.java:298)
	at org.apache.zookeeper.server.quorum.UnifiedServerSocket$UnifiedSocket.access$400(UnifiedServerSocket.java:172)
	at org.apache.zookeeper.server.quorum.UnifiedServerSocket$UnifiedInputStream.getRealInputStream(UnifiedServerSocket.java:699)
	at org.apache.zookeeper.server.quorum.UnifiedServerSocket$UnifiedInputStream.read(UnifiedServerSocket.java:693)
	at java.io.BufferedInputStream.fill(BufferedInputStream.java:246)
	at java.io.BufferedInputStream.read1(BufferedInputStream.java:286)
	at java.io.BufferedInputStream.read(BufferedInputStream.java:345)
	at java.io.DataInputStream.readFully(DataInputStream.java:195)
	at java.io.DataInputStream.readLong(DataInputStream.java:416)
	at org.apache.zookeeper.server.quorum.QuorumCnxManager.handleConnection(QuorumCnxManager.java:601)
	at org.apache.zookeeper.server.quorum.QuorumCnxManager.receiveConnection(QuorumCnxManager.java:554)
	at org.apache.zookeeper.server.quorum.QuorumCnxManager$Listener$ListenerHandler.acceptConnections(QuorumCnxManager.java:1079)
	at org.apache.zookeeper.server.quorum.QuorumCnxManager$Listener$ListenerHandler.run(QuorumCnxManager.java:1033)
	at java.util.concurrent.Executors$RunnableAdapter.call(Executors.java:511)
	at java.util.concurrent.FutureTask.run(FutureTask.java:266)
	at java.util.concurrent.ThreadPoolExecutor.runWorker(ThreadPoolExecutor.java:1149)
	at java.util.concurrent.ThreadPoolExecutor$Worker.run(ThreadPoolExecutor.java:624)
	at java.lang.Thread.run(Thread.java:748)
2020-06-22 14:13:26,526 [myid:2] - ERROR [ListenerHandler-/127.0.0.1:30156:ZKTrustManager@162] - Failed to verify hostname: activate.navicat.com
javax.net.ssl.SSLPeerUnverifiedException: Certificate for <activate.navicat.com> doesn't match any of the subject alternative names: [localhost, 140.211.11.105]
	at org.apache.zookeeper.common.ZKHostnameVerifier.matchDNSName(ZKHostnameVerifier.java:230)
	at org.apache.zookeeper.common.ZKHostnameVerifier.verify(ZKHostnameVerifier.java:171)
	at org.apache.zookeeper.common.ZKTrustManager.performHostVerification(ZKTrustManager.java:159)
	at org.apache.zookeeper.common.ZKTrustManager.checkClientTrusted(ZKTrustManager.java:79)
	at sun.security.ssl.ServerHandshaker.clientCertificate(ServerHandshaker.java:2037)
	at sun.security.ssl.ServerHandshaker.processMessage(ServerHandshaker.java:233)
	at sun.security.ssl.Handshaker.processLoop(Handshaker.java:1082)
	at sun.security.ssl.Handshaker.process_record(Handshaker.java:1010)
	at sun.security.ssl.SSLSocketImpl.readRecord(SSLSocketImpl.java:1079)
	at sun.security.ssl.SSLSocketImpl.performInitialHandshake(SSLSocketImpl.java:1388)
	at sun.security.ssl.SSLSocketImpl.startHandshake(SSLSocketImpl.java:1416)
	at sun.security.ssl.SSLSocketImpl.getSession(SSLSocketImpl.java:2309)
	at org.apache.zookeeper.server.quorum.UnifiedServerSocket$UnifiedSocket.detectMode(UnifiedServerSocket.java:269)
	at org.apache.zookeeper.server.quorum.UnifiedServerSocket$UnifiedSocket.getSocket(UnifiedServerSocket.java:298)
	at org.apache.zookeeper.server.quorum.UnifiedServerSocket$UnifiedSocket.access$400(UnifiedServerSocket.java:172)
	at org.apache.zookeeper.server.quorum.UnifiedServerSocket$UnifiedInputStream.getRealInputStream(UnifiedServerSocket.java:699)
	at org.apache.zookeeper.server.quorum.UnifiedServerSocket$UnifiedInputStream.read(UnifiedServerSocket.java:693)
	at java.io.BufferedInputStream.fill(BufferedInputStream.java:246)
	at java.io.BufferedInputStream.read1(BufferedInputStream.java:286)
	at java.io.BufferedInputStream.read(BufferedInputStream.java:345)
	at java.io.DataInputStream.readFully(DataInputStream.java:195)
	at java.io.DataInputStream.readLong(DataInputStream.java:416)
	at org.apache.zookeeper.server.quorum.QuorumCnxManager.handleConnection(QuorumCnxManager.java:601)
	at org.apache.zookeeper.server.quorum.QuorumCnxManager.receiveConnection(QuorumCnxManager.java:554)
	at org.apache.zookeeper.server.quorum.QuorumCnxManager$Listener$ListenerHandler.acceptConnections(QuorumCnxManager.java:1079)
	at org.apache.zookeeper.server.quorum.QuorumCnxManager$Listener$ListenerHandler.run(QuorumCnxManager.java:1033)
	at java.util.concurrent.Executors$RunnableAdapter.call(Executors.java:511)
	at java.util.concurrent.FutureTask.run(FutureTask.java:266)
	at java.util.concurrent.ThreadPoolExecutor.runWorker(ThreadPoolExecutor.java:1149)
	at java.util.concurrent.ThreadPoolExecutor$Worker.run(ThreadPoolExecutor.java:624)
	at java.lang.Thread.run(Thread.java:748)
2020-06-22 14:13:26,527 [myid:2] - INFO  [ListenerHandler-/127.0.0.1:30156:UnifiedServerSocket$UnifiedSocket@266] - Accepted TLS connection from activate.navicat.com/127.0.0.1:57480 - NONE - SSL_NULL_WITH_NULL_NULL
2020-06-22 14:13:26,527 [myid:2] - WARN  [ListenerHandler-/127.0.0.1:30156:QuorumCnxManager@629] - Exception reading or writing challenge
javax.net.ssl.SSLException: Connection has been shutdown: javax.net.ssl.SSLHandshakeException: java.security.cert.CertificateException: Failed to verify both host address and host name
	at sun.security.ssl.SSLSocketImpl.checkEOF(SSLSocketImpl.java:1554)
	at sun.security.ssl.AppInputStream.read(AppInputStream.java:95)
	at org.apache.zookeeper.server.quorum.UnifiedServerSocket$UnifiedInputStream.read(UnifiedServerSocket.java:693)
	at java.io.BufferedInputStream.fill(BufferedInputStream.java:246)
	at java.io.BufferedInputStream.read1(BufferedInputStream.java:286)
	at java.io.BufferedInputStream.read(BufferedInputStream.java:345)
	at java.io.DataInputStream.readFully(DataInputStream.java:195)
	at java.io.DataInputStream.readLong(DataInputStream.java:416)
	at org.apache.zookeeper.server.quorum.QuorumCnxManager.handleConnection(QuorumCnxManager.java:601)
	at org.apache.zookeeper.server.quorum.QuorumCnxManager.receiveConnection(QuorumCnxManager.java:554)
	at org.apache.zookeeper.server.quorum.QuorumCnxManager$Listener$ListenerHandler.acceptConnections(QuorumCnxManager.java:1079)
	at org.apache.zookeeper.server.quorum.QuorumCnxManager$Listener$ListenerHandler.run(QuorumCnxManager.java:1033)
	at java.util.concurrent.Executors$RunnableAdapter.call(Executors.java:511)
	at java.util.concurrent.FutureTask.run(FutureTask.java:266)
	at java.util.concurrent.ThreadPoolExecutor.runWorker(ThreadPoolExecutor.java:1149)
	at java.util.concurrent.ThreadPoolExecutor$Worker.run(ThreadPoolExecutor.java:624)
	at java.lang.Thread.run(Thread.java:748)
Caused by: javax.net.ssl.SSLHandshakeException: java.security.cert.CertificateException: Failed to verify both host address and host name
	at sun.security.ssl.Alerts.getSSLException(Alerts.java:198)
	at sun.security.ssl.SSLSocketImpl.fatal(SSLSocketImpl.java:1967)
	at sun.security.ssl.Handshaker.fatalSE(Handshaker.java:331)
	at sun.security.ssl.Handshaker.fatalSE(Handshaker.java:325)
	at sun.security.ssl.ServerHandshaker.clientCertificate(ServerHandshaker.java:2055)
	at sun.security.ssl.ServerHandshaker.processMessage(ServerHandshaker.java:233)
	at sun.security.ssl.Handshaker.processLoop(Handshaker.java:1082)
	at sun.security.ssl.Handshaker.process_record(Handshaker.java:1010)
	at sun.security.ssl.SSLSocketImpl.readRecord(SSLSocketImpl.java:1079)
	at sun.security.ssl.SSLSocketImpl.performInitialHandshake(SSLSocketImpl.java:1388)
	at sun.security.ssl.SSLSocketImpl.startHandshake(SSLSocketImpl.java:1416)
	at sun.security.ssl.SSLSocketImpl.getSession(SSLSocketImpl.java:2309)
	at org.apache.zookeeper.server.quorum.UnifiedServerSocket$UnifiedSocket.detectMode(UnifiedServerSocket.java:269)
	at org.apache.zookeeper.server.quorum.UnifiedServerSocket$UnifiedSocket.getSocket(UnifiedServerSocket.java:298)
	at org.apache.zookeeper.server.quorum.UnifiedServerSocket$UnifiedSocket.access$400(UnifiedServerSocket.java:172)
	at org.apache.zookeeper.server.quorum.UnifiedServerSocket$UnifiedInputStream.getRealInputStream(UnifiedServerSocket.java:699)
	... 15 more
Caused by: java.security.cert.CertificateException: Failed to verify both host address and host name
	at org.apache.zookeeper.common.ZKTrustManager.performHostVerification(ZKTrustManager.java:163)
	at org.apache.zookeeper.common.ZKTrustManager.checkClientTrusted(ZKTrustManager.java:79)
	at sun.security.ssl.ServerHandshaker.clientCertificate(ServerHandshaker.java:2037)
	... 26 more
Caused by: javax.net.ssl.SSLPeerUnverifiedException: Certificate for <activate.navicat.com> doesn't match any of the subject alternative names: [localhost, 140.211.11.105]
	at org.apache.zookeeper.common.ZKHostnameVerifier.matchDNSName(ZKHostnameVerifier.java:230)
	at org.apache.zookeeper.common.ZKHostnameVerifier.verify(ZKHostnameVerifier.java:171)
	at org.apache.zookeeper.common.ZKTrustManager.performHostVerification(ZKTrustManager.java:159)
	... 28 more
2020-06-22 14:13:26,572 [myid:3] - WARN  [QuorumConnectionThread-[myid=3]-2:QuorumCnxManager@400] - Cannot open channel to 2 at election address /127.0.0.1:30156
java.net.SocketException: Software caused connection abort: socket write error
	at java.net.SocketOutputStream.socketWrite0(Native Method)
	at java.net.SocketOutputStream.socketWrite(SocketOutputStream.java:111)
	at java.net.SocketOutputStream.write(SocketOutputStream.java:155)
	at sun.security.ssl.OutputRecord.writeBuffer(OutputRecord.java:431)
	at sun.security.ssl.OutputRecord.write(OutputRecord.java:417)
	at sun.security.ssl.SSLSocketImpl.writeRecordInternal(SSLSocketImpl.java:894)
	at sun.security.ssl.SSLSocketImpl.writeRecord(SSLSocketImpl.java:865)
	at sun.security.ssl.SSLSocketImpl.writeRecord(SSLSocketImpl.java:735)
	at sun.security.ssl.Handshaker.sendChangeCipherSpec(Handshaker.java:1189)
	at sun.security.ssl.ClientHandshaker.sendChangeCipherAndFinish(ClientHandshaker.java:1323)
	at sun.security.ssl.ClientHandshaker.serverHelloDone(ClientHandshaker.java:1233)
	at sun.security.ssl.ClientHandshaker.processMessage(ClientHandshaker.java:372)
	at sun.security.ssl.Handshaker.processLoop(Handshaker.java:1082)
	at sun.security.ssl.Handshaker.process_record(Handshaker.java:1010)
	at sun.security.ssl.SSLSocketImpl.readRecord(SSLSocketImpl.java:1079)
	at sun.security.ssl.SSLSocketImpl.performInitialHandshake(SSLSocketImpl.java:1388)
	at sun.security.ssl.SSLSocketImpl.startHandshake(SSLSocketImpl.java:1416)
	at sun.security.ssl.SSLSocketImpl.startHandshake(SSLSocketImpl.java:1400)
	at org.apache.zookeeper.server.quorum.QuorumCnxManager.initiateConnection(QuorumCnxManager.java:386)
	at org.apache.zookeeper.server.quorum.QuorumCnxManager$QuorumConnectionReqThread.run(QuorumCnxManager.java:457)
	at java.util.concurrent.ThreadPoolExecutor.runWorker(ThreadPoolExecutor.java:1149)
	at java.util.concurrent.ThreadPoolExecutor$Worker.run(ThreadPoolExecutor.java:624)
	at java.lang.Thread.run(Thread.java:748)
2020-06-22 14:13:26,573 [myid:3] - WARN  [QuorumConnectionThread-[myid=3]-1:QuorumCnxManager@400] - Cannot open channel to 1 at election address /127.0.0.1:30155
java.net.SocketException: Software caused connection abort: socket write error
	at java.net.SocketOutputStream.socketWrite0(Native Method)
	at java.net.SocketOutputStream.socketWrite(SocketOutputStream.java:111)
	at java.net.SocketOutputStream.write(SocketOutputStream.java:155)
	at sun.security.ssl.OutputRecord.writeBuffer(OutputRecord.java:431)
	at sun.security.ssl.OutputRecord.write(OutputRecord.java:417)
	at sun.security.ssl.SSLSocketImpl.writeRecordInternal(SSLSocketImpl.java:894)
	at sun.security.ssl.SSLSocketImpl.writeRecord(SSLSocketImpl.java:865)
	at sun.security.ssl.SSLSocketImpl.writeRecord(SSLSocketImpl.java:735)
	at sun.security.ssl.Handshaker.sendChangeCipherSpec(Handshaker.java:1189)
	at sun.security.ssl.ClientHandshaker.sendChangeCipherAndFinish(ClientHandshaker.java:1323)
	at sun.security.ssl.ClientHandshaker.serverHelloDone(ClientHandshaker.java:1233)
	at sun.security.ssl.ClientHandshaker.processMessage(ClientHandshaker.java:372)
	at sun.security.ssl.Handshaker.processLoop(Handshaker.java:1082)
	at sun.security.ssl.Handshaker.process_record(Handshaker.java:1010)
	at sun.security.ssl.SSLSocketImpl.readRecord(SSLSocketImpl.java:1079)
	at sun.security.ssl.SSLSocketImpl.performInitialHandshake(SSLSocketImpl.java:1388)
	at sun.security.ssl.SSLSocketImpl.startHandshake(SSLSocketImpl.java:1416)
	at sun.security.ssl.SSLSocketImpl.startHandshake(SSLSocketImpl.java:1400)
	at org.apache.zookeeper.server.quorum.QuorumCnxManager.initiateConnection(QuorumCnxManager.java:386)
	at org.apache.zookeeper.server.quorum.QuorumCnxManager$QuorumConnectionReqThread.run(QuorumCnxManager.java:457)
	at java.util.concurrent.ThreadPoolExecutor.runWorker(ThreadPoolExecutor.java:1149)
	at java.util.concurrent.ThreadPoolExecutor$Worker.run(ThreadPoolExecutor.java:624)
	at java.lang.Thread.run(Thread.java:748)
2020-06-22 14:13:26,628 [myid:3] - INFO  [ListenerHandler-/127.0.0.1:30157:QuorumCnxManager$Listener$ListenerHandler@1070] - Received connection request from /127.0.0.1:57418
2020-06-22 14:13:26,669 [myid:3] - INFO  [QuorumPeer[myid=3](plain=[0:0:0:0:0:0:0:0]:30151)(secure=disabled):FastLeaderElection@979] - Notification time out: 400
2020-06-22 14:13:26,670 [myid:2] - INFO  [ListenerHandler-/127.0.0.1:30156:QuorumCnxManager$Listener$ListenerHandler@1070] - Received connection request from /127.0.0.1:57484
2020-06-22 14:13:26,672 [myid:1] - INFO  [ListenerHandler-/127.0.0.1:30155:QuorumCnxManager$Listener$ListenerHandler@1070] - Received connection request from /127.0.0.1:57485
2020-06-22 14:13:26,684 [myid:1] - ERROR [QuorumConnectionThread-[myid=1]-2:ZKTrustManager@161] - Failed to verify host address: 127.0.0.1
javax.net.ssl.SSLPeerUnverifiedException: Certificate for <127.0.0.1> doesn't match any of the subject alternative names: [localhost, 140.211.11.105]
	at org.apache.zookeeper.common.ZKHostnameVerifier.matchIPAddress(ZKHostnameVerifier.java:197)
	at org.apache.zookeeper.common.ZKHostnameVerifier.verify(ZKHostnameVerifier.java:165)
	at org.apache.zookeeper.common.ZKTrustManager.performHostVerification(ZKTrustManager.java:151)
	at org.apache.zookeeper.common.ZKTrustManager.checkServerTrusted(ZKTrustManager.java:90)
	at sun.security.ssl.ClientHandshaker.serverCertificate(ClientHandshaker.java:1670)
	at sun.security.ssl.ClientHandshaker.processMessage(ClientHandshaker.java:226)
	at sun.security.ssl.Handshaker.processLoop(Handshaker.java:1082)
	at sun.security.ssl.Handshaker.process_record(Handshaker.java:1010)
	at sun.security.ssl.SSLSocketImpl.readRecord(SSLSocketImpl.java:1079)
	at sun.security.ssl.SSLSocketImpl.performInitialHandshake(SSLSocketImpl.java:1388)
	at sun.security.ssl.SSLSocketImpl.startHandshake(SSLSocketImpl.java:1416)
	at sun.security.ssl.SSLSocketImpl.startHandshake(SSLSocketImpl.java:1400)
	at org.apache.zookeeper.server.quorum.QuorumCnxManager.initiateConnection(QuorumCnxManager.java:386)
	at org.apache.zookeeper.server.quorum.QuorumCnxManager$QuorumConnectionReqThread.run(QuorumCnxManager.java:457)
	at java.util.concurrent.ThreadPoolExecutor.runWorker(ThreadPoolExecutor.java:1149)
	at java.util.concurrent.ThreadPoolExecutor$Worker.run(ThreadPoolExecutor.java:624)
	at java.lang.Thread.run(Thread.java:748)
2020-06-22 14:13:26,685 [myid:1] - ERROR [QuorumConnectionThread-[myid=1]-2:ZKTrustManager@162] - Failed to verify hostname: activate.navicat.com
javax.net.ssl.SSLPeerUnverifiedException: Certificate for <activate.navicat.com> doesn't match any of the subject alternative names: [localhost, 140.211.11.105]
	at org.apache.zookeeper.common.ZKHostnameVerifier.matchDNSName(ZKHostnameVerifier.java:230)
	at org.apache.zookeeper.common.ZKHostnameVerifier.verify(ZKHostnameVerifier.java:171)
	at org.apache.zookeeper.common.ZKTrustManager.performHostVerification(ZKTrustManager.java:159)
	at org.apache.zookeeper.common.ZKTrustManager.checkServerTrusted(ZKTrustManager.java:90)
	at sun.security.ssl.ClientHandshaker.serverCertificate(ClientHandshaker.java:1670)
	at sun.security.ssl.ClientHandshaker.processMessage(ClientHandshaker.java:226)
	at sun.security.ssl.Handshaker.processLoop(Handshaker.java:1082)
	at sun.security.ssl.Handshaker.process_record(Handshaker.java:1010)
	at sun.security.ssl.SSLSocketImpl.readRecord(SSLSocketImpl.java:1079)
	at sun.security.ssl.SSLSocketImpl.performInitialHandshake(SSLSocketImpl.java:1388)
	at sun.security.ssl.SSLSocketImpl.startHandshake(SSLSocketImpl.java:1416)
	at sun.security.ssl.SSLSocketImpl.startHandshake(SSLSocketImpl.java:1400)
	at org.apache.zookeeper.server.quorum.QuorumCnxManager.initiateConnection(QuorumCnxManager.java:386)
	at org.apache.zookeeper.server.quorum.QuorumCnxManager$QuorumConnectionReqThread.run(QuorumCnxManager.java:457)
	at java.util.concurrent.ThreadPoolExecutor.runWorker(ThreadPoolExecutor.java:1149)
	at java.util.concurrent.ThreadPoolExecutor$Worker.run(ThreadPoolExecutor.java:624)
	at java.lang.Thread.run(Thread.java:748)
2020-06-22 14:13:26,685 [myid:3] - INFO  [ListenerHandler-/127.0.0.1:30157:UnifiedServerSocket$UnifiedSocket@266] - Accepted TLS connection from /127.0.0.1:57418 - NONE - SSL_NULL_WITH_NULL_NULL
2020-06-22 14:13:26,685 [myid:1] - WARN  [QuorumConnectionThread-[myid=1]-2:QuorumCnxManager@400] - Cannot open channel to 3 at election address /127.0.0.1:30157
javax.net.ssl.SSLHandshakeException: java.security.cert.CertificateException: Failed to verify both host address and host name
	at sun.security.ssl.Alerts.getSSLException(Alerts.java:198)
	at sun.security.ssl.SSLSocketImpl.fatal(SSLSocketImpl.java:1967)
	at sun.security.ssl.Handshaker.fatalSE(Handshaker.java:331)
	at sun.security.ssl.Handshaker.fatalSE(Handshaker.java:325)
	at sun.security.ssl.ClientHandshaker.serverCertificate(ClientHandshaker.java:1688)
	at sun.security.ssl.ClientHandshaker.processMessage(ClientHandshaker.java:226)
	at sun.security.ssl.Handshaker.processLoop(Handshaker.java:1082)
	at sun.security.ssl.Handshaker.process_record(Handshaker.java:1010)
	at sun.security.ssl.SSLSocketImpl.readRecord(SSLSocketImpl.java:1079)
	at sun.security.ssl.SSLSocketImpl.performInitialHandshake(SSLSocketImpl.java:1388)
	at sun.security.ssl.SSLSocketImpl.startHandshake(SSLSocketImpl.java:1416)
	at sun.security.ssl.SSLSocketImpl.startHandshake(SSLSocketImpl.java:1400)
	at org.apache.zookeeper.server.quorum.QuorumCnxManager.initiateConnection(QuorumCnxManager.java:386)
	at org.apache.zookeeper.server.quorum.QuorumCnxManager$QuorumConnectionReqThread.run(QuorumCnxManager.java:457)
	at java.util.concurrent.ThreadPoolExecutor.runWorker(ThreadPoolExecutor.java:1149)
	at java.util.concurrent.ThreadPoolExecutor$Worker.run(ThreadPoolExecutor.java:624)
	at java.lang.Thread.run(Thread.java:748)
Caused by: java.security.cert.CertificateException: Failed to verify both host address and host name
	at org.apache.zookeeper.common.ZKTrustManager.performHostVerification(ZKTrustManager.java:163)
	at org.apache.zookeeper.common.ZKTrustManager.checkServerTrusted(ZKTrustManager.java:90)
	at sun.security.ssl.ClientHandshaker.serverCertificate(ClientHandshaker.java:1670)
	... 12 more
Caused by: javax.net.ssl.SSLPeerUnverifiedException: Certificate for <activate.navicat.com> doesn't match any of the subject alternative names: [localhost, 140.211.11.105]
	at org.apache.zookeeper.common.ZKHostnameVerifier.matchDNSName(ZKHostnameVerifier.java:230)
	at org.apache.zookeeper.common.ZKHostnameVerifier.verify(ZKHostnameVerifier.java:171)
	at org.apache.zookeeper.common.ZKTrustManager.performHostVerification(ZKTrustManager.java:159)
	... 14 more
2020-06-22 14:13:26,685 [myid:3] - WARN  [ListenerHandler-/127.0.0.1:30157:QuorumCnxManager@629] - Exception reading or writing challenge
javax.net.ssl.SSLException: Connection has been shutdown: javax.net.ssl.SSLHandshakeException: Received fatal alert: certificate_unknown
	at sun.security.ssl.SSLSocketImpl.checkEOF(SSLSocketImpl.java:1554)
	at sun.security.ssl.AppInputStream.read(AppInputStream.java:95)
	at org.apache.zookeeper.server.quorum.UnifiedServerSocket$UnifiedInputStream.read(UnifiedServerSocket.java:693)
	at java.io.BufferedInputStream.fill(BufferedInputStream.java:246)
	at java.io.BufferedInputStream.read1(BufferedInputStream.java:286)
	at java.io.BufferedInputStream.read(BufferedInputStream.java:345)
	at java.io.DataInputStream.readFully(DataInputStream.java:195)
	at java.io.DataInputStream.readLong(DataInputStream.java:416)
	at org.apache.zookeeper.server.quorum.QuorumCnxManager.handleConnection(QuorumCnxManager.java:601)
	at org.apache.zookeeper.server.quorum.QuorumCnxManager.receiveConnection(QuorumCnxManager.java:554)
	at org.apache.zookeeper.server.quorum.QuorumCnxManager$Listener$ListenerHandler.acceptConnections(QuorumCnxManager.java:1079)
	at org.apache.zookeeper.server.quorum.QuorumCnxManager$Listener$ListenerHandler.run(QuorumCnxManager.java:1033)
	at java.util.concurrent.Executors$RunnableAdapter.call(Executors.java:511)
	at java.util.concurrent.FutureTask.run(FutureTask.java:266)
	at java.util.concurrent.ThreadPoolExecutor.runWorker(ThreadPoolExecutor.java:1149)
	at java.util.concurrent.ThreadPoolExecutor$Worker.run(ThreadPoolExecutor.java:624)
	at java.lang.Thread.run(Thread.java:748)
Caused by: javax.net.ssl.SSLHandshakeException: Received fatal alert: certificate_unknown
	at sun.security.ssl.Alerts.getSSLException(Alerts.java:198)
	at sun.security.ssl.Alerts.getSSLException(Alerts.java:159)
	at sun.security.ssl.SSLSocketImpl.recvAlert(SSLSocketImpl.java:2041)
	at sun.security.ssl.SSLSocketImpl.readRecord(SSLSocketImpl.java:1145)
	at sun.security.ssl.SSLSocketImpl.performInitialHandshake(SSLSocketImpl.java:1388)
	at sun.security.ssl.SSLSocketImpl.startHandshake(SSLSocketImpl.java:1416)
	at sun.security.ssl.SSLSocketImpl.getSession(SSLSocketImpl.java:2309)
	at org.apache.zookeeper.server.quorum.UnifiedServerSocket$UnifiedSocket.detectMode(UnifiedServerSocket.java:269)
	at org.apache.zookeeper.server.quorum.UnifiedServerSocket$UnifiedSocket.getSocket(UnifiedServerSocket.java:298)
	at org.apache.zookeeper.server.quorum.UnifiedServerSocket$UnifiedSocket.access$400(UnifiedServerSocket.java:172)
	at org.apache.zookeeper.server.quorum.UnifiedServerSocket$UnifiedInputStream.getRealInputStream(UnifiedServerSocket.java:699)
	... 15 more
2020-06-22 14:13:26,687 [myid:3] - INFO  [ListenerHandler-/127.0.0.1:30157:QuorumCnxManager$Listener$ListenerHandler@1070] - Received connection request from /127.0.0.1:57420
2020-06-22 14:13:26,737 [myid:2] - ERROR [ListenerHandler-/127.0.0.1:30156:ZKTrustManager@161] - Failed to verify host address: 127.0.0.1
javax.net.ssl.SSLPeerUnverifiedException: Certificate for <127.0.0.1> doesn't match any of the subject alternative names: [localhost, 140.211.11.105]
	at org.apache.zookeeper.common.ZKHostnameVerifier.matchIPAddress(ZKHostnameVerifier.java:197)
	at org.apache.zookeeper.common.ZKHostnameVerifier.verify(ZKHostnameVerifier.java:165)
	at org.apache.zookeeper.common.ZKTrustManager.performHostVerification(ZKTrustManager.java:151)
	at org.apache.zookeeper.common.ZKTrustManager.checkClientTrusted(ZKTrustManager.java:79)
	at sun.security.ssl.ServerHandshaker.clientCertificate(ServerHandshaker.java:2037)
	at sun.security.ssl.ServerHandshaker.processMessage(ServerHandshaker.java:233)
	at sun.security.ssl.Handshaker.processLoop(Handshaker.java:1082)
	at sun.security.ssl.Handshaker.process_record(Handshaker.java:1010)
	at sun.security.ssl.SSLSocketImpl.readRecord(SSLSocketImpl.java:1079)
	at sun.security.ssl.SSLSocketImpl.performInitialHandshake(SSLSocketImpl.java:1388)
	at sun.security.ssl.SSLSocketImpl.startHandshake(SSLSocketImpl.java:1416)
	at sun.security.ssl.SSLSocketImpl.getSession(SSLSocketImpl.java:2309)
	at org.apache.zookeeper.server.quorum.UnifiedServerSocket$UnifiedSocket.detectMode(UnifiedServerSocket.java:269)
	at org.apache.zookeeper.server.quorum.UnifiedServerSocket$UnifiedSocket.getSocket(UnifiedServerSocket.java:298)
	at org.apache.zookeeper.server.quorum.UnifiedServerSocket$UnifiedSocket.access$400(UnifiedServerSocket.java:172)
	at org.apache.zookeeper.server.quorum.UnifiedServerSocket$UnifiedInputStream.getRealInputStream(UnifiedServerSocket.java:699)
	at org.apache.zookeeper.server.quorum.UnifiedServerSocket$UnifiedInputStream.read(UnifiedServerSocket.java:693)
	at java.io.BufferedInputStream.fill(BufferedInputStream.java:246)
	at java.io.BufferedInputStream.read1(BufferedInputStream.java:286)
	at java.io.BufferedInputStream.read(BufferedInputStream.java:345)
	at java.io.DataInputStream.readFully(DataInputStream.java:195)
	at java.io.DataInputStream.readLong(DataInputStream.java:416)
	at org.apache.zookeeper.server.quorum.QuorumCnxManager.handleConnection(QuorumCnxManager.java:601)
	at org.apache.zookeeper.server.quorum.QuorumCnxManager.receiveConnection(QuorumCnxManager.java:554)
	at org.apache.zookeeper.server.quorum.QuorumCnxManager$Listener$ListenerHandler.acceptConnections(QuorumCnxManager.java:1079)
	at org.apache.zookeeper.server.quorum.QuorumCnxManager$Listener$ListenerHandler.run(QuorumCnxManager.java:1033)
	at java.util.concurrent.Executors$RunnableAdapter.call(Executors.java:511)
	at java.util.concurrent.FutureTask.run(FutureTask.java:266)
	at java.util.concurrent.ThreadPoolExecutor.runWorker(ThreadPoolExecutor.java:1149)
	at java.util.concurrent.ThreadPoolExecutor$Worker.run(ThreadPoolExecutor.java:624)
	at java.lang.Thread.run(Thread.java:748)
2020-06-22 14:13:26,738 [myid:2] - ERROR [ListenerHandler-/127.0.0.1:30156:ZKTrustManager@162] - Failed to verify hostname: activate.navicat.com
javax.net.ssl.SSLPeerUnverifiedException: Certificate for <activate.navicat.com> doesn't match any of the subject alternative names: [localhost, 140.211.11.105]
	at org.apache.zookeeper.common.ZKHostnameVerifier.matchDNSName(ZKHostnameVerifier.java:230)
	at org.apache.zookeeper.common.ZKHostnameVerifier.verify(ZKHostnameVerifier.java:171)
	at org.apache.zookeeper.common.ZKTrustManager.performHostVerification(ZKTrustManager.java:159)
	at org.apache.zookeeper.common.ZKTrustManager.checkClientTrusted(ZKTrustManager.java:79)
	at sun.security.ssl.ServerHandshaker.clientCertificate(ServerHandshaker.java:2037)
	at sun.security.ssl.ServerHandshaker.processMessage(ServerHandshaker.java:233)
	at sun.security.ssl.Handshaker.processLoop(Handshaker.java:1082)
	at sun.security.ssl.Handshaker.process_record(Handshaker.java:1010)
	at sun.security.ssl.SSLSocketImpl.readRecord(SSLSocketImpl.java:1079)
	at sun.security.ssl.SSLSocketImpl.performInitialHandshake(SSLSocketImpl.java:1388)
	at sun.security.ssl.SSLSocketImpl.startHandshake(SSLSocketImpl.java:1416)
	at sun.security.ssl.SSLSocketImpl.getSession(SSLSocketImpl.java:2309)
	at org.apache.zookeeper.server.quorum.UnifiedServerSocket$UnifiedSocket.detectMode(UnifiedServerSocket.java:269)
	at org.apache.zookeeper.server.quorum.UnifiedServerSocket$UnifiedSocket.getSocket(UnifiedServerSocket.java:298)
	at org.apache.zookeeper.server.quorum.UnifiedServerSocket$UnifiedSocket.access$400(UnifiedServerSocket.java:172)
	at org.apache.zookeeper.server.quorum.UnifiedServerSocket$UnifiedInputStream.getRealInputStream(UnifiedServerSocket.java:699)
	at org.apache.zookeeper.server.quorum.UnifiedServerSocket$UnifiedInputStream.read(UnifiedServerSocket.java:693)
	at java.io.BufferedInputStream.fill(BufferedInputStream.java:246)
	at java.io.BufferedInputStream.read1(BufferedInputStream.java:286)
	at java.io.BufferedInputStream.read(BufferedInputStream.java:345)
	at java.io.DataInputStream.readFully(DataInputStream.java:195)
	at java.io.DataInputStream.readLong(DataInputStream.java:416)
	at org.apache.zookeeper.server.quorum.QuorumCnxManager.handleConnection(QuorumCnxManager.java:601)
	at org.apache.zookeeper.server.quorum.QuorumCnxManager.receiveConnection(QuorumCnxManager.java:554)
	at org.apache.zookeeper.server.quorum.QuorumCnxManager$Listener$ListenerHandler.acceptConnections(QuorumCnxManager.java:1079)
	at org.apache.zookeeper.server.quorum.QuorumCnxManager$Listener$ListenerHandler.run(QuorumCnxManager.java:1033)
	at java.util.concurrent.Executors$RunnableAdapter.call(Executors.java:511)
	at java.util.concurrent.FutureTask.run(FutureTask.java:266)
	at java.util.concurrent.ThreadPoolExecutor.runWorker(ThreadPoolExecutor.java:1149)
	at java.util.concurrent.ThreadPoolExecutor$Worker.run(ThreadPoolExecutor.java:624)
	at java.lang.Thread.run(Thread.java:748)
2020-06-22 14:13:26,738 [myid:2] - INFO  [ListenerHandler-/127.0.0.1:30156:UnifiedServerSocket$UnifiedSocket@266] - Accepted TLS connection from activate.navicat.com/127.0.0.1:57484 - NONE - SSL_NULL_WITH_NULL_NULL
2020-06-22 14:13:26,738 [myid:2] - WARN  [ListenerHandler-/127.0.0.1:30156:QuorumCnxManager@629] - Exception reading or writing challenge
javax.net.ssl.SSLException: Connection has been shutdown: javax.net.ssl.SSLHandshakeException: java.security.cert.CertificateException: Failed to verify both host address and host name
	at sun.security.ssl.SSLSocketImpl.checkEOF(SSLSocketImpl.java:1554)
	at sun.security.ssl.AppInputStream.read(AppInputStream.java:95)
	at org.apache.zookeeper.server.quorum.UnifiedServerSocket$UnifiedInputStream.read(UnifiedServerSocket.java:693)
	at java.io.BufferedInputStream.fill(BufferedInputStream.java:246)
	at java.io.BufferedInputStream.read1(BufferedInputStream.java:286)
	at java.io.BufferedInputStream.read(BufferedInputStream.java:345)
	at java.io.DataInputStream.readFully(DataInputStream.java:195)
	at java.io.DataInputStream.readLong(DataInputStream.java:416)
	at org.apache.zookeeper.server.quorum.QuorumCnxManager.handleConnection(QuorumCnxManager.java:601)
	at org.apache.zookeeper.server.quorum.QuorumCnxManager.receiveConnection(QuorumCnxManager.java:554)
	at org.apache.zookeeper.server.quorum.QuorumCnxManager$Listener$ListenerHandler.acceptConnections(QuorumCnxManager.java:1079)
	at org.apache.zookeeper.server.quorum.QuorumCnxManager$Listener$ListenerHandler.run(QuorumCnxManager.java:1033)
	at java.util.concurrent.Executors$RunnableAdapter.call(Executors.java:511)
	at java.util.concurrent.FutureTask.run(FutureTask.java:266)
	at java.util.concurrent.ThreadPoolExecutor.runWorker(ThreadPoolExecutor.java:1149)
	at java.util.concurrent.ThreadPoolExecutor$Worker.run(ThreadPoolExecutor.java:624)
	at java.lang.Thread.run(Thread.java:748)
Caused by: javax.net.ssl.SSLHandshakeException: java.security.cert.CertificateException: Failed to verify both host address and host name
	at sun.security.ssl.Alerts.getSSLException(Alerts.java:198)
	at sun.security.ssl.SSLSocketImpl.fatal(SSLSocketImpl.java:1967)
	at sun.security.ssl.Handshaker.fatalSE(Handshaker.java:331)
	at sun.security.ssl.Handshaker.fatalSE(Handshaker.java:325)
	at sun.security.ssl.ServerHandshaker.clientCertificate(ServerHandshaker.java:2055)
	at sun.security.ssl.ServerHandshaker.processMessage(ServerHandshaker.java:233)
	at sun.security.ssl.Handshaker.processLoop(Handshaker.java:1082)
	at sun.security.ssl.Handshaker.process_record(Handshaker.java:1010)
	at sun.security.ssl.SSLSocketImpl.readRecord(SSLSocketImpl.java:1079)
	at sun.security.ssl.SSLSocketImpl.performInitialHandshake(SSLSocketImpl.java:1388)
	at sun.security.ssl.SSLSocketImpl.startHandshake(SSLSocketImpl.java:1416)
	at sun.security.ssl.SSLSocketImpl.getSession(SSLSocketImpl.java:2309)
	at org.apache.zookeeper.server.quorum.UnifiedServerSocket$UnifiedSocket.detectMode(UnifiedServerSocket.java:269)
	at org.apache.zookeeper.server.quorum.UnifiedServerSocket$UnifiedSocket.getSocket(UnifiedServerSocket.java:298)
	at org.apache.zookeeper.server.quorum.UnifiedServerSocket$UnifiedSocket.access$400(UnifiedServerSocket.java:172)
	at org.apache.zookeeper.server.quorum.UnifiedServerSocket$UnifiedInputStream.getRealInputStream(UnifiedServerSocket.java:699)
	... 15 more
Caused by: java.security.cert.CertificateException: Failed to verify both host address and host name
	at org.apache.zookeeper.common.ZKTrustManager.performHostVerification(ZKTrustManager.java:163)
	at org.apache.zookeeper.common.ZKTrustManager.checkClientTrusted(ZKTrustManager.java:79)
	at sun.security.ssl.ServerHandshaker.clientCertificate(ServerHandshaker.java:2037)
	... 26 more
Caused by: javax.net.ssl.SSLPeerUnverifiedException: Certificate for <activate.navicat.com> doesn't match any of the subject alternative names: [localhost, 140.211.11.105]
	at org.apache.zookeeper.common.ZKHostnameVerifier.matchDNSName(ZKHostnameVerifier.java:230)
	at org.apache.zookeeper.common.ZKHostnameVerifier.verify(ZKHostnameVerifier.java:171)
	at org.apache.zookeeper.common.ZKTrustManager.performHostVerification(ZKTrustManager.java:159)
	... 28 more
2020-06-22 14:13:26,747 [myid:1] - ERROR [ListenerHandler-/127.0.0.1:30155:ZKTrustManager@161] - Failed to verify host address: 127.0.0.1
javax.net.ssl.SSLPeerUnverifiedException: Certificate for <127.0.0.1> doesn't match any of the subject alternative names: [localhost, 140.211.11.105]
	at org.apache.zookeeper.common.ZKHostnameVerifier.matchIPAddress(ZKHostnameVerifier.java:197)
	at org.apache.zookeeper.common.ZKHostnameVerifier.verify(ZKHostnameVerifier.java:165)
	at org.apache.zookeeper.common.ZKTrustManager.performHostVerification(ZKTrustManager.java:151)
	at org.apache.zookeeper.common.ZKTrustManager.checkClientTrusted(ZKTrustManager.java:79)
	at sun.security.ssl.ServerHandshaker.clientCertificate(ServerHandshaker.java:2037)
	at sun.security.ssl.ServerHandshaker.processMessage(ServerHandshaker.java:233)
	at sun.security.ssl.Handshaker.processLoop(Handshaker.java:1082)
	at sun.security.ssl.Handshaker.process_record(Handshaker.java:1010)
	at sun.security.ssl.SSLSocketImpl.readRecord(SSLSocketImpl.java:1079)
	at sun.security.ssl.SSLSocketImpl.performInitialHandshake(SSLSocketImpl.java:1388)
	at sun.security.ssl.SSLSocketImpl.startHandshake(SSLSocketImpl.java:1416)
	at sun.security.ssl.SSLSocketImpl.getSession(SSLSocketImpl.java:2309)
	at org.apache.zookeeper.server.quorum.UnifiedServerSocket$UnifiedSocket.detectMode(UnifiedServerSocket.java:269)
	at org.apache.zookeeper.server.quorum.UnifiedServerSocket$UnifiedSocket.getSocket(UnifiedServerSocket.java:298)
	at org.apache.zookeeper.server.quorum.UnifiedServerSocket$UnifiedSocket.access$400(UnifiedServerSocket.java:172)
	at org.apache.zookeeper.server.quorum.UnifiedServerSocket$UnifiedInputStream.getRealInputStream(UnifiedServerSocket.java:699)
	at org.apache.zookeeper.server.quorum.UnifiedServerSocket$UnifiedInputStream.read(UnifiedServerSocket.java:693)
	at java.io.BufferedInputStream.fill(BufferedInputStream.java:246)
	at java.io.BufferedInputStream.read1(BufferedInputStream.java:286)
	at java.io.BufferedInputStream.read(BufferedInputStream.java:345)
	at java.io.DataInputStream.readFully(DataInputStream.java:195)
	at java.io.DataInputStream.readLong(DataInputStream.java:416)
	at org.apache.zookeeper.server.quorum.QuorumCnxManager.handleConnection(QuorumCnxManager.java:601)
	at org.apache.zookeeper.server.quorum.QuorumCnxManager.receiveConnection(QuorumCnxManager.java:554)
	at org.apache.zookeeper.server.quorum.QuorumCnxManager$Listener$ListenerHandler.acceptConnections(QuorumCnxManager.java:1079)
	at org.apache.zookeeper.server.quorum.QuorumCnxManager$Listener$ListenerHandler.run(QuorumCnxManager.java:1033)
	at java.util.concurrent.Executors$RunnableAdapter.call(Executors.java:511)
	at java.util.concurrent.FutureTask.run(FutureTask.java:266)
	at java.util.concurrent.ThreadPoolExecutor.runWorker(ThreadPoolExecutor.java:1149)
	at java.util.concurrent.ThreadPoolExecutor$Worker.run(ThreadPoolExecutor.java:624)
	at java.lang.Thread.run(Thread.java:748)
2020-06-22 14:13:26,751 [myid:2] - ERROR [QuorumConnectionThread-[myid=2]-2:ZKTrustManager@161] - Failed to verify host address: 127.0.0.1
javax.net.ssl.SSLPeerUnverifiedException: Certificate for <127.0.0.1> doesn't match any of the subject alternative names: [localhost, 140.211.11.105]
	at org.apache.zookeeper.common.ZKHostnameVerifier.matchIPAddress(ZKHostnameVerifier.java:197)
	at org.apache.zookeeper.common.ZKHostnameVerifier.verify(ZKHostnameVerifier.java:165)
	at org.apache.zookeeper.common.ZKTrustManager.performHostVerification(ZKTrustManager.java:151)
	at org.apache.zookeeper.common.ZKTrustManager.checkServerTrusted(ZKTrustManager.java:90)
	at sun.security.ssl.ClientHandshaker.serverCertificate(ClientHandshaker.java:1670)
	at sun.security.ssl.ClientHandshaker.processMessage(ClientHandshaker.java:226)
	at sun.security.ssl.Handshaker.processLoop(Handshaker.java:1082)
	at sun.security.ssl.Handshaker.process_record(Handshaker.java:1010)
	at sun.security.ssl.SSLSocketImpl.readRecord(SSLSocketImpl.java:1079)
	at sun.security.ssl.SSLSocketImpl.performInitialHandshake(SSLSocketImpl.java:1388)
	at sun.security.ssl.SSLSocketImpl.startHandshake(SSLSocketImpl.java:1416)
	at sun.security.ssl.SSLSocketImpl.startHandshake(SSLSocketImpl.java:1400)
	at org.apache.zookeeper.server.quorum.QuorumCnxManager.initiateConnection(QuorumCnxManager.java:386)
	at org.apache.zookeeper.server.quorum.QuorumCnxManager$QuorumConnectionReqThread.run(QuorumCnxManager.java:457)
	at java.util.concurrent.ThreadPoolExecutor.runWorker(ThreadPoolExecutor.java:1149)
	at java.util.concurrent.ThreadPoolExecutor$Worker.run(ThreadPoolExecutor.java:624)
	at java.lang.Thread.run(Thread.java:748)
2020-06-22 14:13:26,751 [myid:2] - ERROR [QuorumConnectionThread-[myid=2]-2:ZKTrustManager@162] - Failed to verify hostname: activate.navicat.com
javax.net.ssl.SSLPeerUnverifiedException: Certificate for <activate.navicat.com> doesn't match any of the subject alternative names: [localhost, 140.211.11.105]
	at org.apache.zookeeper.common.ZKHostnameVerifier.matchDNSName(ZKHostnameVerifier.java:230)
	at org.apache.zookeeper.common.ZKHostnameVerifier.verify(ZKHostnameVerifier.java:171)
	at org.apache.zookeeper.common.ZKTrustManager.performHostVerification(ZKTrustManager.java:159)
	at org.apache.zookeeper.common.ZKTrustManager.checkServerTrusted(ZKTrustManager.java:90)
	at sun.security.ssl.ClientHandshaker.serverCertificate(ClientHandshaker.java:1670)
	at sun.security.ssl.ClientHandshaker.processMessage(ClientHandshaker.java:226)
	at sun.security.ssl.Handshaker.processLoop(Handshaker.java:1082)
	at sun.security.ssl.Handshaker.process_record(Handshaker.java:1010)
	at sun.security.ssl.SSLSocketImpl.readRecord(SSLSocketImpl.java:1079)
	at sun.security.ssl.SSLSocketImpl.performInitialHandshake(SSLSocketImpl.java:1388)
	at sun.security.ssl.SSLSocketImpl.startHandshake(SSLSocketImpl.java:1416)
	at sun.security.ssl.SSLSocketImpl.startHandshake(SSLSocketImpl.java:1400)
	at org.apache.zookeeper.server.quorum.QuorumCnxManager.initiateConnection(QuorumCnxManager.java:386)
	at org.apache.zookeeper.server.quorum.QuorumCnxManager$QuorumConnectionReqThread.run(QuorumCnxManager.java:457)
	at java.util.concurrent.ThreadPoolExecutor.runWorker(ThreadPoolExecutor.java:1149)
	at java.util.concurrent.ThreadPoolExecutor$Worker.run(ThreadPoolExecutor.java:624)
	at java.lang.Thread.run(Thread.java:748)
2020-06-22 14:13:26,752 [myid:2] - WARN  [QuorumConnectionThread-[myid=2]-2:QuorumCnxManager@400] - Cannot open channel to 3 at election address activate.navicat.com/127.0.0.1:30157
javax.net.ssl.SSLHandshakeException: java.security.cert.CertificateException: Failed to verify both host address and host name
	at sun.security.ssl.Alerts.getSSLException(Alerts.java:198)
	at sun.security.ssl.SSLSocketImpl.fatal(SSLSocketImpl.java:1967)
	at sun.security.ssl.Handshaker.fatalSE(Handshaker.java:331)
	at sun.security.ssl.Handshaker.fatalSE(Handshaker.java:325)
	at sun.security.ssl.ClientHandshaker.serverCertificate(ClientHandshaker.java:1688)
	at sun.security.ssl.ClientHandshaker.processMessage(ClientHandshaker.java:226)
	at sun.security.ssl.Handshaker.processLoop(Handshaker.java:1082)
	at sun.security.ssl.Handshaker.process_record(Handshaker.java:1010)
	at sun.security.ssl.SSLSocketImpl.readRecord(SSLSocketImpl.java:1079)
	at sun.security.ssl.SSLSocketImpl.performInitialHandshake(SSLSocketImpl.java:1388)
	at sun.security.ssl.SSLSocketImpl.startHandshake(SSLSocketImpl.java:1416)
	at sun.security.ssl.SSLSocketImpl.startHandshake(SSLSocketImpl.java:1400)
	at org.apache.zookeeper.server.quorum.QuorumCnxManager.initiateConnection(QuorumCnxManager.java:386)
	at org.apache.zookeeper.server.quorum.QuorumCnxManager$QuorumConnectionReqThread.run(QuorumCnxManager.java:457)
	at java.util.concurrent.ThreadPoolExecutor.runWorker(ThreadPoolExecutor.java:1149)
	at java.util.concurrent.ThreadPoolExecutor$Worker.run(ThreadPoolExecutor.java:624)
	at java.lang.Thread.run(Thread.java:748)
Caused by: java.security.cert.CertificateException: Failed to verify both host address and host name
	at org.apache.zookeeper.common.ZKTrustManager.performHostVerification(ZKTrustManager.java:163)
	at org.apache.zookeeper.common.ZKTrustManager.checkServerTrusted(ZKTrustManager.java:90)
	at sun.security.ssl.ClientHandshaker.serverCertificate(ClientHandshaker.java:1670)
	... 12 more
Caused by: javax.net.ssl.SSLPeerUnverifiedException: Certificate for <activate.navicat.com> doesn't match any of the subject alternative names: [localhost, 140.211.11.105]
	at org.apache.zookeeper.common.ZKHostnameVerifier.matchDNSName(ZKHostnameVerifier.java:230)
	at org.apache.zookeeper.common.ZKHostnameVerifier.verify(ZKHostnameVerifier.java:171)
	at org.apache.zookeeper.common.ZKTrustManager.performHostVerification(ZKTrustManager.java:159)
	... 14 more
2020-06-22 14:13:26,751 [myid:1] - ERROR [ListenerHandler-/127.0.0.1:30155:ZKTrustManager@162] - Failed to verify hostname: activate.navicat.com
javax.net.ssl.SSLPeerUnverifiedException: Certificate for <activate.navicat.com> doesn't match any of the subject alternative names: [localhost, 140.211.11.105]
	at org.apache.zookeeper.common.ZKHostnameVerifier.matchDNSName(ZKHostnameVerifier.java:230)
	at org.apache.zookeeper.common.ZKHostnameVerifier.verify(ZKHostnameVerifier.java:171)
	at org.apache.zookeeper.common.ZKTrustManager.performHostVerification(ZKTrustManager.java:159)
	at org.apache.zookeeper.common.ZKTrustManager.checkClientTrusted(ZKTrustManager.java:79)
	at sun.security.ssl.ServerHandshaker.clientCertificate(ServerHandshaker.java:2037)
	at sun.security.ssl.ServerHandshaker.processMessage(ServerHandshaker.java:233)
	at sun.security.ssl.Handshaker.processLoop(Handshaker.java:1082)
	at sun.security.ssl.Handshaker.process_record(Handshaker.java:1010)
	at sun.security.ssl.SSLSocketImpl.readRecord(SSLSocketImpl.java:1079)
	at sun.security.ssl.SSLSocketImpl.performInitialHandshake(SSLSocketImpl.java:1388)
	at sun.security.ssl.SSLSocketImpl.startHandshake(SSLSocketImpl.java:1416)
	at sun.security.ssl.SSLSocketImpl.getSession(SSLSocketImpl.java:2309)
	at org.apache.zookeeper.server.quorum.UnifiedServerSocket$UnifiedSocket.detectMode(UnifiedServerSocket.java:269)
	at org.apache.zookeeper.server.quorum.UnifiedServerSocket$UnifiedSocket.getSocket(UnifiedServerSocket.java:298)
	at org.apache.zookeeper.server.quorum.UnifiedServerSocket$UnifiedSocket.access$400(UnifiedServerSocket.java:172)
	at org.apache.zookeeper.server.quorum.UnifiedServerSocket$UnifiedInputStream.getRealInputStream(UnifiedServerSocket.java:699)
	at org.apache.zookeeper.server.quorum.UnifiedServerSocket$UnifiedInputStream.read(UnifiedServerSocket.java:693)
	at java.io.BufferedInputStream.fill(BufferedInputStream.java:246)
	at java.io.BufferedInputStream.read1(BufferedInputStream.java:286)
	at java.io.BufferedInputStream.read(BufferedInputStream.java:345)
	at java.io.DataInputStream.readFully(DataInputStream.java:195)
	at java.io.DataInputStream.readLong(DataInputStream.java:416)
	at org.apache.zookeeper.server.quorum.QuorumCnxManager.handleConnection(QuorumCnxManager.java:601)
	at org.apache.zookeeper.server.quorum.QuorumCnxManager.receiveConnection(QuorumCnxManager.java:554)
	at org.apache.zookeeper.server.quorum.QuorumCnxManager$Listener$ListenerHandler.acceptConnections(QuorumCnxManager.java:1079)
	at org.apache.zookeeper.server.quorum.QuorumCnxManager$Listener$ListenerHandler.run(QuorumCnxManager.java:1033)
	at java.util.concurrent.Executors$RunnableAdapter.call(Executors.java:511)
	at java.util.concurrent.FutureTask.run(FutureTask.java:266)
	at java.util.concurrent.ThreadPoolExecutor.runWorker(ThreadPoolExecutor.java:1149)
	at java.util.concurrent.ThreadPoolExecutor$Worker.run(ThreadPoolExecutor.java:624)
	at java.lang.Thread.run(Thread.java:748)
2020-06-22 14:13:26,754 [myid:1] - INFO  [ListenerHandler-/127.0.0.1:30155:UnifiedServerSocket$UnifiedSocket@266] - Accepted TLS connection from activate.navicat.com/127.0.0.1:57485 - NONE - SSL_NULL_WITH_NULL_NULL
2020-06-22 14:13:26,754 [myid:1] - WARN  [ListenerHandler-/127.0.0.1:30155:QuorumCnxManager@629] - Exception reading or writing challenge
javax.net.ssl.SSLException: Connection has been shutdown: javax.net.ssl.SSLHandshakeException: java.security.cert.CertificateException: Failed to verify both host address and host name
	at sun.security.ssl.SSLSocketImpl.checkEOF(SSLSocketImpl.java:1554)
	at sun.security.ssl.AppInputStream.read(AppInputStream.java:95)
	at org.apache.zookeeper.server.quorum.UnifiedServerSocket$UnifiedInputStream.read(UnifiedServerSocket.java:693)
	at java.io.BufferedInputStream.fill(BufferedInputStream.java:246)
	at java.io.BufferedInputStream.read1(BufferedInputStream.java:286)
	at java.io.BufferedInputStream.read(BufferedInputStream.java:345)
	at java.io.DataInputStream.readFully(DataInputStream.java:195)
	at java.io.DataInputStream.readLong(DataInputStream.java:416)
	at org.apache.zookeeper.server.quorum.QuorumCnxManager.handleConnection(QuorumCnxManager.java:601)
	at org.apache.zookeeper.server.quorum.QuorumCnxManager.receiveConnection(QuorumCnxManager.java:554)
	at org.apache.zookeeper.server.quorum.QuorumCnxManager$Listener$ListenerHandler.acceptConnections(QuorumCnxManager.java:1079)
	at org.apache.zookeeper.server.quorum.QuorumCnxManager$Listener$ListenerHandler.run(QuorumCnxManager.java:1033)
	at java.util.concurrent.Executors$RunnableAdapter.call(Executors.java:511)
	at java.util.concurrent.FutureTask.run(FutureTask.java:266)
	at java.util.concurrent.ThreadPoolExecutor.runWorker(ThreadPoolExecutor.java:1149)
	at java.util.concurrent.ThreadPoolExecutor$Worker.run(ThreadPoolExecutor.java:624)
	at java.lang.Thread.run(Thread.java:748)
Caused by: javax.net.ssl.SSLHandshakeException: java.security.cert.CertificateException: Failed to verify both host address and host name
	at sun.security.ssl.Alerts.getSSLException(Alerts.java:198)
	at sun.security.ssl.SSLSocketImpl.fatal(SSLSocketImpl.java:1967)
	at sun.security.ssl.Handshaker.fatalSE(Handshaker.java:331)
	at sun.security.ssl.Handshaker.fatalSE(Handshaker.java:325)
	at sun.security.ssl.ServerHandshaker.clientCertificate(ServerHandshaker.java:2055)
	at sun.security.ssl.ServerHandshaker.processMessage(ServerHandshaker.java:233)
	at sun.security.ssl.Handshaker.processLoop(Handshaker.java:1082)
	at sun.security.ssl.Handshaker.process_record(Handshaker.java:1010)
	at sun.security.ssl.SSLSocketImpl.readRecord(SSLSocketImpl.java:1079)
	at sun.security.ssl.SSLSocketImpl.performInitialHandshake(SSLSocketImpl.java:1388)
	at sun.security.ssl.SSLSocketImpl.startHandshake(SSLSocketImpl.java:1416)
	at sun.security.ssl.SSLSocketImpl.getSession(SSLSocketImpl.java:2309)
	at org.apache.zookeeper.server.quorum.UnifiedServerSocket$UnifiedSocket.detectMode(UnifiedServerSocket.java:269)
	at org.apache.zookeeper.server.quorum.UnifiedServerSocket$UnifiedSocket.getSocket(UnifiedServerSocket.java:298)
	at org.apache.zookeeper.server.quorum.UnifiedServerSocket$UnifiedSocket.access$400(UnifiedServerSocket.java:172)
	at org.apache.zookeeper.server.quorum.UnifiedServerSocket$UnifiedInputStream.getRealInputStream(UnifiedServerSocket.java:699)
	... 15 more
Caused by: java.security.cert.CertificateException: Failed to verify both host address and host name
	at org.apache.zookeeper.common.ZKTrustManager.performHostVerification(ZKTrustManager.java:163)
	at org.apache.zookeeper.common.ZKTrustManager.checkClientTrusted(ZKTrustManager.java:79)
	at sun.security.ssl.ServerHandshaker.clientCertificate(ServerHandshaker.java:2037)
	... 26 more
Caused by: javax.net.ssl.SSLPeerUnverifiedException: Certificate for <activate.navicat.com> doesn't match any of the subject alternative names: [localhost, 140.211.11.105]
	at org.apache.zookeeper.common.ZKHostnameVerifier.matchDNSName(ZKHostnameVerifier.java:230)
	at org.apache.zookeeper.common.ZKHostnameVerifier.verify(ZKHostnameVerifier.java:171)
	at org.apache.zookeeper.common.ZKTrustManager.performHostVerification(ZKTrustManager.java:159)
	... 28 more
2020-06-22 14:13:26,756 [myid:3] - INFO  [ListenerHandler-/127.0.0.1:30157:UnifiedServerSocket$UnifiedSocket@266] - Accepted TLS connection from /127.0.0.1:57420 - NONE - SSL_NULL_WITH_NULL_NULL
2020-06-22 14:13:26,756 [myid:3] - WARN  [ListenerHandler-/127.0.0.1:30157:QuorumCnxManager@629] - Exception reading or writing challenge
javax.net.ssl.SSLException: Connection has been shutdown: javax.net.ssl.SSLHandshakeException: Received fatal alert: certificate_unknown
	at sun.security.ssl.SSLSocketImpl.checkEOF(SSLSocketImpl.java:1554)
	at sun.security.ssl.AppInputStream.read(AppInputStream.java:95)
	at org.apache.zookeeper.server.quorum.UnifiedServerSocket$UnifiedInputStream.read(UnifiedServerSocket.java:693)
	at java.io.BufferedInputStream.fill(BufferedInputStream.java:246)
	at java.io.BufferedInputStream.read1(BufferedInputStream.java:286)
	at java.io.BufferedInputStream.read(BufferedInputStream.java:345)
	at java.io.DataInputStream.readFully(DataInputStream.java:195)
	at java.io.DataInputStream.readLong(DataInputStream.java:416)
	at org.apache.zookeeper.server.quorum.QuorumCnxManager.handleConnection(QuorumCnxManager.java:601)
	at org.apache.zookeeper.server.quorum.QuorumCnxManager.receiveConnection(QuorumCnxManager.java:554)
	at org.apache.zookeeper.server.quorum.QuorumCnxManager$Listener$ListenerHandler.acceptConnections(QuorumCnxManager.java:1079)
	at org.apache.zookeeper.server.quorum.QuorumCnxManager$Listener$ListenerHandler.run(QuorumCnxManager.java:1033)
	at java.util.concurrent.Executors$RunnableAdapter.call(Executors.java:511)
	at java.util.concurrent.FutureTask.run(FutureTask.java:266)
	at java.util.concurrent.ThreadPoolExecutor.runWorker(ThreadPoolExecutor.java:1149)
	at java.util.concurrent.ThreadPoolExecutor$Worker.run(ThreadPoolExecutor.java:624)
	at java.lang.Thread.run(Thread.java:748)
Caused by: javax.net.ssl.SSLHandshakeException: Received fatal alert: certificate_unknown
	at sun.security.ssl.Alerts.getSSLException(Alerts.java:198)
	at sun.security.ssl.Alerts.getSSLException(Alerts.java:159)
	at sun.security.ssl.SSLSocketImpl.recvAlert(SSLSocketImpl.java:2041)
	at sun.security.ssl.SSLSocketImpl.readRecord(SSLSocketImpl.java:1145)
	at sun.security.ssl.SSLSocketImpl.performInitialHandshake(SSLSocketImpl.java:1388)
	at sun.security.ssl.SSLSocketImpl.startHandshake(SSLSocketImpl.java:1416)
	at sun.security.ssl.SSLSocketImpl.getSession(SSLSocketImpl.java:2309)
	at org.apache.zookeeper.server.quorum.UnifiedServerSocket$UnifiedSocket.detectMode(UnifiedServerSocket.java:269)
	at org.apache.zookeeper.server.quorum.UnifiedServerSocket$UnifiedSocket.getSocket(UnifiedServerSocket.java:298)
	at org.apache.zookeeper.server.quorum.UnifiedServerSocket$UnifiedSocket.access$400(UnifiedServerSocket.java:172)
	at org.apache.zookeeper.server.quorum.UnifiedServerSocket$UnifiedInputStream.getRealInputStream(UnifiedServerSocket.java:699)
	... 15 more
2020-06-22 14:13:26,758 [myid:3] - INFO  [nioEventLoopGroup-127-1:NettyServerCnxn@285] - Processing stat command from /127.0.0.1:57440
2020-06-22 14:13:26,793 [myid:3] - WARN  [QuorumConnectionThread-[myid=3]-1:QuorumCnxManager@400] - Cannot open channel to 2 at election address /127.0.0.1:30156
java.net.SocketException: Software caused connection abort: socket write error
	at java.net.SocketOutputStream.socketWrite0(Native Method)
	at java.net.SocketOutputStream.socketWrite(SocketOutputStream.java:111)
	at java.net.SocketOutputStream.write(SocketOutputStream.java:155)
	at sun.security.ssl.OutputRecord.writeBuffer(OutputRecord.java:431)
	at sun.security.ssl.OutputRecord.write(OutputRecord.java:417)
	at sun.security.ssl.SSLSocketImpl.writeRecordInternal(SSLSocketImpl.java:894)
	at sun.security.ssl.SSLSocketImpl.writeRecord(SSLSocketImpl.java:865)
	at sun.security.ssl.SSLSocketImpl.writeRecord(SSLSocketImpl.java:735)
	at sun.security.ssl.Handshaker.sendChangeCipherSpec(Handshaker.java:1189)
	at sun.security.ssl.ClientHandshaker.sendChangeCipherAndFinish(ClientHandshaker.java:1323)
	at sun.security.ssl.ClientHandshaker.serverHelloDone(ClientHandshaker.java:1233)
	at sun.security.ssl.ClientHandshaker.processMessage(ClientHandshaker.java:372)
	at sun.security.ssl.Handshaker.processLoop(Handshaker.java:1082)
	at sun.security.ssl.Handshaker.process_record(Handshaker.java:1010)
	at sun.security.ssl.SSLSocketImpl.readRecord(SSLSocketImpl.java:1079)
	at sun.security.ssl.SSLSocketImpl.performInitialHandshake(SSLSocketImpl.java:1388)
	at sun.security.ssl.SSLSocketImpl.startHandshake(SSLSocketImpl.java:1416)
	at sun.security.ssl.SSLSocketImpl.startHandshake(SSLSocketImpl.java:1400)
	at org.apache.zookeeper.server.quorum.QuorumCnxManager.initiateConnection(QuorumCnxManager.java:386)
	at org.apache.zookeeper.server.quorum.QuorumCnxManager$QuorumConnectionReqThread.run(QuorumCnxManager.java:457)
	at java.util.concurrent.ThreadPoolExecutor.runWorker(ThreadPoolExecutor.java:1149)
	at java.util.concurrent.ThreadPoolExecutor$Worker.run(ThreadPoolExecutor.java:624)
	at java.lang.Thread.run(Thread.java:748)
2020-06-22 14:13:26,795 [myid:3] - WARN  [QuorumConnectionThread-[myid=3]-3:QuorumCnxManager@400] - Cannot open channel to 1 at election address /127.0.0.1:30155
java.net.SocketException: Software caused connection abort: socket write error
	at java.net.SocketOutputStream.socketWrite0(Native Method)
	at java.net.SocketOutputStream.socketWrite(SocketOutputStream.java:111)
	at java.net.SocketOutputStream.write(SocketOutputStream.java:155)
	at sun.security.ssl.OutputRecord.writeBuffer(OutputRecord.java:431)
	at sun.security.ssl.OutputRecord.write(OutputRecord.java:417)
	at sun.security.ssl.SSLSocketImpl.writeRecordInternal(SSLSocketImpl.java:894)
	at sun.security.ssl.SSLSocketImpl.writeRecord(SSLSocketImpl.java:865)
	at sun.security.ssl.SSLSocketImpl.writeRecord(SSLSocketImpl.java:735)
	at sun.security.ssl.Handshaker.sendChangeCipherSpec(Handshaker.java:1189)
	at sun.security.ssl.ClientHandshaker.sendChangeCipherAndFinish(ClientHandshaker.java:1323)
	at sun.security.ssl.ClientHandshaker.serverHelloDone(ClientHandshaker.java:1233)
	at sun.security.ssl.ClientHandshaker.processMessage(ClientHandshaker.java:372)
	at sun.security.ssl.Handshaker.processLoop(Handshaker.java:1082)
	at sun.security.ssl.Handshaker.process_record(Handshaker.java:1010)
	at sun.security.ssl.SSLSocketImpl.readRecord(SSLSocketImpl.java:1079)
	at sun.security.ssl.SSLSocketImpl.performInitialHandshake(SSLSocketImpl.java:1388)
	at sun.security.ssl.SSLSocketImpl.startHandshake(SSLSocketImpl.java:1416)
	at sun.security.ssl.SSLSocketImpl.startHandshake(SSLSocketImpl.java:1400)
	at org.apache.zookeeper.server.quorum.QuorumCnxManager.initiateConnection(QuorumCnxManager.java:386)
	at org.apache.zookeeper.server.quorum.QuorumCnxManager$QuorumConnectionReqThread.run(QuorumCnxManager.java:457)
	at java.util.concurrent.ThreadPoolExecutor.runWorker(ThreadPoolExecutor.java:1149)
	at java.util.concurrent.ThreadPoolExecutor$Worker.run(ThreadPoolExecutor.java:624)
	at java.lang.Thread.run(Thread.java:748)
2020-06-22 14:13:27,010 [myid:] - INFO  [Time-limited test:FourLetterWordMain@93] - connecting to 127.0.0.1 30151
2020-06-22 14:13:27,011 [myid:3] - INFO  [nioEventLoopGroup-127-2:NettyServerCnxn@285] - Processing stat command from /127.0.0.1:57497
2020-06-22 14:13:27,072 [myid:3] - INFO  [QuorumPeer[myid=3](plain=[0:0:0:0:0:0:0:0]:30151)(secure=disabled):FastLeaderElection@979] - Notification time out: 800
2020-06-22 14:13:27,072 [myid:2] - INFO  [ListenerHandler-/127.0.0.1:30156:QuorumCnxManager$Listener$ListenerHandler@1070] - Received connection request from /127.0.0.1:57499
2020-06-22 14:13:27,072 [myid:1] - INFO  [ListenerHandler-/127.0.0.1:30155:QuorumCnxManager$Listener$ListenerHandler@1070] - Received connection request from /127.0.0.1:57500
2020-06-22 14:13:27,116 [myid:1] - ERROR [ListenerHandler-/127.0.0.1:30155:ZKTrustManager@161] - Failed to verify host address: 127.0.0.1
javax.net.ssl.SSLPeerUnverifiedException: Certificate for <127.0.0.1> doesn't match any of the subject alternative names: [localhost, 140.211.11.105]
	at org.apache.zookeeper.common.ZKHostnameVerifier.matchIPAddress(ZKHostnameVerifier.java:197)
	at org.apache.zookeeper.common.ZKHostnameVerifier.verify(ZKHostnameVerifier.java:165)
	at org.apache.zookeeper.common.ZKTrustManager.performHostVerification(ZKTrustManager.java:151)
	at org.apache.zookeeper.common.ZKTrustManager.checkClientTrusted(ZKTrustManager.java:79)
	at sun.security.ssl.ServerHandshaker.clientCertificate(ServerHandshaker.java:2037)
	at sun.security.ssl.ServerHandshaker.processMessage(ServerHandshaker.java:233)
	at sun.security.ssl.Handshaker.processLoop(Handshaker.java:1082)
	at sun.security.ssl.Handshaker.process_record(Handshaker.java:1010)
	at sun.security.ssl.SSLSocketImpl.readRecord(SSLSocketImpl.java:1079)
	at sun.security.ssl.SSLSocketImpl.performInitialHandshake(SSLSocketImpl.java:1388)
	at sun.security.ssl.SSLSocketImpl.startHandshake(SSLSocketImpl.java:1416)
	at sun.security.ssl.SSLSocketImpl.getSession(SSLSocketImpl.java:2309)
	at org.apache.zookeeper.server.quorum.UnifiedServerSocket$UnifiedSocket.detectMode(UnifiedServerSocket.java:269)
	at org.apache.zookeeper.server.quorum.UnifiedServerSocket$UnifiedSocket.getSocket(UnifiedServerSocket.java:298)
	at org.apache.zookeeper.server.quorum.UnifiedServerSocket$UnifiedSocket.access$400(UnifiedServerSocket.java:172)
	at org.apache.zookeeper.server.quorum.UnifiedServerSocket$UnifiedInputStream.getRealInputStream(UnifiedServerSocket.java:699)
	at org.apache.zookeeper.server.quorum.UnifiedServerSocket$UnifiedInputStream.read(UnifiedServerSocket.java:693)
	at java.io.BufferedInputStream.fill(BufferedInputStream.java:246)
	at java.io.BufferedInputStream.read1(BufferedInputStream.java:286)
	at java.io.BufferedInputStream.read(BufferedInputStream.java:345)
	at java.io.DataInputStream.readFully(DataInputStream.java:195)
	at java.io.DataInputStream.readLong(DataInputStream.java:416)
	at org.apache.zookeeper.server.quorum.QuorumCnxManager.handleConnection(QuorumCnxManager.java:601)
	at org.apache.zookeeper.server.quorum.QuorumCnxManager.receiveConnection(QuorumCnxManager.java:554)
	at org.apache.zookeeper.server.quorum.QuorumCnxManager$Listener$ListenerHandler.acceptConnections(QuorumCnxManager.java:1079)
	at org.apache.zookeeper.server.quorum.QuorumCnxManager$Listener$ListenerHandler.run(QuorumCnxManager.java:1033)
	at java.util.concurrent.Executors$RunnableAdapter.call(Executors.java:511)
	at java.util.concurrent.FutureTask.run(FutureTask.java:266)
	at java.util.concurrent.ThreadPoolExecutor.runWorker(ThreadPoolExecutor.java:1149)
	at java.util.concurrent.ThreadPoolExecutor$Worker.run(ThreadPoolExecutor.java:624)
	at java.lang.Thread.run(Thread.java:748)
2020-06-22 14:13:27,117 [myid:1] - ERROR [ListenerHandler-/127.0.0.1:30155:ZKTrustManager@162] - Failed to verify hostname: activate.navicat.com
javax.net.ssl.SSLPeerUnverifiedException: Certificate for <activate.navicat.com> doesn't match any of the subject alternative names: [localhost, 140.211.11.105]
	at org.apache.zookeeper.common.ZKHostnameVerifier.matchDNSName(ZKHostnameVerifier.java:230)
	at org.apache.zookeeper.common.ZKHostnameVerifier.verify(ZKHostnameVerifier.java:171)
	at org.apache.zookeeper.common.ZKTrustManager.performHostVerification(ZKTrustManager.java:159)
	at org.apache.zookeeper.common.ZKTrustManager.checkClientTrusted(ZKTrustManager.java:79)
	at sun.security.ssl.ServerHandshaker.clientCertificate(ServerHandshaker.java:2037)
	at sun.security.ssl.ServerHandshaker.processMessage(ServerHandshaker.java:233)
	at sun.security.ssl.Handshaker.processLoop(Handshaker.java:1082)
	at sun.security.ssl.Handshaker.process_record(Handshaker.java:1010)
	at sun.security.ssl.SSLSocketImpl.readRecord(SSLSocketImpl.java:1079)
	at sun.security.ssl.SSLSocketImpl.performInitialHandshake(SSLSocketImpl.java:1388)
	at sun.security.ssl.SSLSocketImpl.startHandshake(SSLSocketImpl.java:1416)
	at sun.security.ssl.SSLSocketImpl.getSession(SSLSocketImpl.java:2309)
	at org.apache.zookeeper.server.quorum.UnifiedServerSocket$UnifiedSocket.detectMode(UnifiedServerSocket.java:269)
	at org.apache.zookeeper.server.quorum.UnifiedServerSocket$UnifiedSocket.getSocket(UnifiedServerSocket.java:298)
	at org.apache.zookeeper.server.quorum.UnifiedServerSocket$UnifiedSocket.access$400(UnifiedServerSocket.java:172)
	at org.apache.zookeeper.server.quorum.UnifiedServerSocket$UnifiedInputStream.getRealInputStream(UnifiedServerSocket.java:699)
	at org.apache.zookeeper.server.quorum.UnifiedServerSocket$UnifiedInputStream.read(UnifiedServerSocket.java:693)
	at java.io.BufferedInputStream.fill(BufferedInputStream.java:246)
	at java.io.BufferedInputStream.read1(BufferedInputStream.java:286)
	at java.io.BufferedInputStream.read(BufferedInputStream.java:345)
	at java.io.DataInputStream.readFully(DataInputStream.java:195)
	at java.io.DataInputStream.readLong(DataInputStream.java:416)
	at org.apache.zookeeper.server.quorum.QuorumCnxManager.handleConnection(QuorumCnxManager.java:601)
	at org.apache.zookeeper.server.quorum.QuorumCnxManager.receiveConnection(QuorumCnxManager.java:554)
	at org.apache.zookeeper.server.quorum.QuorumCnxManager$Listener$ListenerHandler.acceptConnections(QuorumCnxManager.java:1079)
	at org.apache.zookeeper.server.quorum.QuorumCnxManager$Listener$ListenerHandler.run(QuorumCnxManager.java:1033)
	at java.util.concurrent.Executors$RunnableAdapter.call(Executors.java:511)
	at java.util.concurrent.FutureTask.run(FutureTask.java:266)
	at java.util.concurrent.ThreadPoolExecutor.runWorker(ThreadPoolExecutor.java:1149)
	at java.util.concurrent.ThreadPoolExecutor$Worker.run(ThreadPoolExecutor.java:624)
	at java.lang.Thread.run(Thread.java:748)
2020-06-22 14:13:27,117 [myid:1] - INFO  [ListenerHandler-/127.0.0.1:30155:UnifiedServerSocket$UnifiedSocket@266] - Accepted TLS connection from activate.navicat.com/127.0.0.1:57500 - NONE - SSL_NULL_WITH_NULL_NULL
2020-06-22 14:13:27,117 [myid:1] - WARN  [ListenerHandler-/127.0.0.1:30155:QuorumCnxManager@629] - Exception reading or writing challenge
javax.net.ssl.SSLException: Connection has been shutdown: javax.net.ssl.SSLHandshakeException: java.security.cert.CertificateException: Failed to verify both host address and host name
	at sun.security.ssl.SSLSocketImpl.checkEOF(SSLSocketImpl.java:1554)
	at sun.security.ssl.AppInputStream.read(AppInputStream.java:95)
	at org.apache.zookeeper.server.quorum.UnifiedServerSocket$UnifiedInputStream.read(UnifiedServerSocket.java:693)
	at java.io.BufferedInputStream.fill(BufferedInputStream.java:246)
	at java.io.BufferedInputStream.read1(BufferedInputStream.java:286)
	at java.io.BufferedInputStream.read(BufferedInputStream.java:345)
	at java.io.DataInputStream.readFully(DataInputStream.java:195)
	at java.io.DataInputStream.readLong(DataInputStream.java:416)
	at org.apache.zookeeper.server.quorum.QuorumCnxManager.handleConnection(QuorumCnxManager.java:601)
	at org.apache.zookeeper.server.quorum.QuorumCnxManager.receiveConnection(QuorumCnxManager.java:554)
	at org.apache.zookeeper.server.quorum.QuorumCnxManager$Listener$ListenerHandler.acceptConnections(QuorumCnxManager.java:1079)
	at org.apache.zookeeper.server.quorum.QuorumCnxManager$Listener$ListenerHandler.run(QuorumCnxManager.java:1033)
	at java.util.concurrent.Executors$RunnableAdapter.call(Executors.java:511)
	at java.util.concurrent.FutureTask.run(FutureTask.java:266)
	at java.util.concurrent.ThreadPoolExecutor.runWorker(ThreadPoolExecutor.java:1149)
	at java.util.concurrent.ThreadPoolExecutor$Worker.run(ThreadPoolExecutor.java:624)
	at java.lang.Thread.run(Thread.java:748)
Caused by: javax.net.ssl.SSLHandshakeException: java.security.cert.CertificateException: Failed to verify both host address and host name
	at sun.security.ssl.Alerts.getSSLException(Alerts.java:198)
	at sun.security.ssl.SSLSocketImpl.fatal(SSLSocketImpl.java:1967)
	at sun.security.ssl.Handshaker.fatalSE(Handshaker.java:331)
	at sun.security.ssl.Handshaker.fatalSE(Handshaker.java:325)
	at sun.security.ssl.ServerHandshaker.clientCertificate(ServerHandshaker.java:2055)
	at sun.security.ssl.ServerHandshaker.processMessage(ServerHandshaker.java:233)
	at sun.security.ssl.Handshaker.processLoop(Handshaker.java:1082)
	at sun.security.ssl.Handshaker.process_record(Handshaker.java:1010)
	at sun.security.ssl.SSLSocketImpl.readRecord(SSLSocketImpl.java:1079)
	at sun.security.ssl.SSLSocketImpl.performInitialHandshake(SSLSocketImpl.java:1388)
	at sun.security.ssl.SSLSocketImpl.startHandshake(SSLSocketImpl.java:1416)
	at sun.security.ssl.SSLSocketImpl.getSession(SSLSocketImpl.java:2309)
	at org.apache.zookeeper.server.quorum.UnifiedServerSocket$UnifiedSocket.detectMode(UnifiedServerSocket.java:269)
	at org.apache.zookeeper.server.quorum.UnifiedServerSocket$UnifiedSocket.getSocket(UnifiedServerSocket.java:298)
	at org.apache.zookeeper.server.quorum.UnifiedServerSocket$UnifiedSocket.access$400(UnifiedServerSocket.java:172)
	at org.apache.zookeeper.server.quorum.UnifiedServerSocket$UnifiedInputStream.getRealInputStream(UnifiedServerSocket.java:699)
	... 15 more
Caused by: java.security.cert.CertificateException: Failed to verify both host address and host name
	at org.apache.zookeeper.common.ZKTrustManager.performHostVerification(ZKTrustManager.java:163)
	at org.apache.zookeeper.common.ZKTrustManager.checkClientTrusted(ZKTrustManager.java:79)
	at sun.security.ssl.ServerHandshaker.clientCertificate(ServerHandshaker.java:2037)
	... 26 more
Caused by: javax.net.ssl.SSLPeerUnverifiedException: Certificate for <activate.navicat.com> doesn't match any of the subject alternative names: [localhost, 140.211.11.105]
	at org.apache.zookeeper.common.ZKHostnameVerifier.matchDNSName(ZKHostnameVerifier.java:230)
	at org.apache.zookeeper.common.ZKHostnameVerifier.verify(ZKHostnameVerifier.java:171)
	at org.apache.zookeeper.common.ZKTrustManager.performHostVerification(ZKTrustManager.java:159)
	... 28 more
2020-06-22 14:13:27,119 [myid:2] - ERROR [ListenerHandler-/127.0.0.1:30156:ZKTrustManager@161] - Failed to verify host address: 127.0.0.1
javax.net.ssl.SSLPeerUnverifiedException: Certificate for <127.0.0.1> doesn't match any of the subject alternative names: [localhost, 140.211.11.105]
	at org.apache.zookeeper.common.ZKHostnameVerifier.matchIPAddress(ZKHostnameVerifier.java:197)
	at org.apache.zookeeper.common.ZKHostnameVerifier.verify(ZKHostnameVerifier.java:165)
	at org.apache.zookeeper.common.ZKTrustManager.performHostVerification(ZKTrustManager.java:151)
	at org.apache.zookeeper.common.ZKTrustManager.checkClientTrusted(ZKTrustManager.java:79)
	at sun.security.ssl.ServerHandshaker.clientCertificate(ServerHandshaker.java:2037)
	at sun.security.ssl.ServerHandshaker.processMessage(ServerHandshaker.java:233)
	at sun.security.ssl.Handshaker.processLoop(Handshaker.java:1082)
	at sun.security.ssl.Handshaker.process_record(Handshaker.java:1010)
	at sun.security.ssl.SSLSocketImpl.readRecord(SSLSocketImpl.java:1079)
	at sun.security.ssl.SSLSocketImpl.performInitialHandshake(SSLSocketImpl.java:1388)
	at sun.security.ssl.SSLSocketImpl.startHandshake(SSLSocketImpl.java:1416)
	at sun.security.ssl.SSLSocketImpl.getSession(SSLSocketImpl.java:2309)
	at org.apache.zookeeper.server.quorum.UnifiedServerSocket$UnifiedSocket.detectMode(UnifiedServerSocket.java:269)
	at org.apache.zookeeper.server.quorum.UnifiedServerSocket$UnifiedSocket.getSocket(UnifiedServerSocket.java:298)
	at org.apache.zookeeper.server.quorum.UnifiedServerSocket$UnifiedSocket.access$400(UnifiedServerSocket.java:172)
	at org.apache.zookeeper.server.quorum.UnifiedServerSocket$UnifiedInputStream.getRealInputStream(UnifiedServerSocket.java:699)
	at org.apache.zookeeper.server.quorum.UnifiedServerSocket$UnifiedInputStream.read(UnifiedServerSocket.java:693)
	at java.io.BufferedInputStream.fill(BufferedInputStream.java:246)
	at java.io.BufferedInputStream.read1(BufferedInputStream.java:286)
	at java.io.BufferedInputStream.read(BufferedInputStream.java:345)
	at java.io.DataInputStream.readFully(DataInputStream.java:195)
	at java.io.DataInputStream.readLong(DataInputStream.java:416)
	at org.apache.zookeeper.server.quorum.QuorumCnxManager.handleConnection(QuorumCnxManager.java:601)
	at org.apache.zookeeper.server.quorum.QuorumCnxManager.receiveConnection(QuorumCnxManager.java:554)
	at org.apache.zookeeper.server.quorum.QuorumCnxManager$Listener$ListenerHandler.acceptConnections(QuorumCnxManager.java:1079)
	at org.apache.zookeeper.server.quorum.QuorumCnxManager$Listener$ListenerHandler.run(QuorumCnxManager.java:1033)
	at java.util.concurrent.Executors$RunnableAdapter.call(Executors.java:511)
	at java.util.concurrent.FutureTask.run(FutureTask.java:266)
	at java.util.concurrent.ThreadPoolExecutor.runWorker(ThreadPoolExecutor.java:1149)
	at java.util.concurrent.ThreadPoolExecutor$Worker.run(ThreadPoolExecutor.java:624)
	at java.lang.Thread.run(Thread.java:748)
2020-06-22 14:13:27,119 [myid:2] - ERROR [ListenerHandler-/127.0.0.1:30156:ZKTrustManager@162] - Failed to verify hostname: activate.navicat.com
javax.net.ssl.SSLPeerUnverifiedException: Certificate for <activate.navicat.com> doesn't match any of the subject alternative names: [localhost, 140.211.11.105]
	at org.apache.zookeeper.common.ZKHostnameVerifier.matchDNSName(ZKHostnameVerifier.java:230)
	at org.apache.zookeeper.common.ZKHostnameVerifier.verify(ZKHostnameVerifier.java:171)
	at org.apache.zookeeper.common.ZKTrustManager.performHostVerification(ZKTrustManager.java:159)
	at org.apache.zookeeper.common.ZKTrustManager.checkClientTrusted(ZKTrustManager.java:79)
	at sun.security.ssl.ServerHandshaker.clientCertificate(ServerHandshaker.java:2037)
	at sun.security.ssl.ServerHandshaker.processMessage(ServerHandshaker.java:233)
	at sun.security.ssl.Handshaker.processLoop(Handshaker.java:1082)
	at sun.security.ssl.Handshaker.process_record(Handshaker.java:1010)
	at sun.security.ssl.SSLSocketImpl.readRecord(SSLSocketImpl.java:1079)
	at sun.security.ssl.SSLSocketImpl.performInitialHandshake(SSLSocketImpl.java:1388)
	at sun.security.ssl.SSLSocketImpl.startHandshake(SSLSocketImpl.java:1416)
	at sun.security.ssl.SSLSocketImpl.getSession(SSLSocketImpl.java:2309)
	at org.apache.zookeeper.server.quorum.UnifiedServerSocket$UnifiedSocket.detectMode(UnifiedServerSocket.java:269)
	at org.apache.zookeeper.server.quorum.UnifiedServerSocket$UnifiedSocket.getSocket(UnifiedServerSocket.java:298)
	at org.apache.zookeeper.server.quorum.UnifiedServerSocket$UnifiedSocket.access$400(UnifiedServerSocket.java:172)
	at org.apache.zookeeper.server.quorum.UnifiedServerSocket$UnifiedInputStream.getRealInputStream(UnifiedServerSocket.java:699)
	at org.apache.zookeeper.server.quorum.UnifiedServerSocket$UnifiedInputStream.read(UnifiedServerSocket.java:693)
	at java.io.BufferedInputStream.fill(BufferedInputStream.java:246)
	at java.io.BufferedInputStream.read1(BufferedInputStream.java:286)
	at java.io.BufferedInputStream.read(BufferedInputStream.java:345)
	at java.io.DataInputStream.readFully(DataInputStream.java:195)
	at java.io.DataInputStream.readLong(DataInputStream.java:416)
	at org.apache.zookeeper.server.quorum.QuorumCnxManager.handleConnection(QuorumCnxManager.java:601)
	at org.apache.zookeeper.server.quorum.QuorumCnxManager.receiveConnection(QuorumCnxManager.java:554)
	at org.apache.zookeeper.server.quorum.QuorumCnxManager$Listener$ListenerHandler.acceptConnections(QuorumCnxManager.java:1079)
	at org.apache.zookeeper.server.quorum.QuorumCnxManager$Listener$ListenerHandler.run(QuorumCnxManager.java:1033)
	at java.util.concurrent.Executors$RunnableAdapter.call(Executors.java:511)
	at java.util.concurrent.FutureTask.run(FutureTask.java:266)
	at java.util.concurrent.ThreadPoolExecutor.runWorker(ThreadPoolExecutor.java:1149)
	at java.util.concurrent.ThreadPoolExecutor$Worker.run(ThreadPoolExecutor.java:624)
	at java.lang.Thread.run(Thread.java:748)
2020-06-22 14:13:27,120 [myid:2] - INFO  [ListenerHandler-/127.0.0.1:30156:UnifiedServerSocket$UnifiedSocket@266] - Accepted TLS connection from activate.navicat.com/127.0.0.1:57499 - NONE - SSL_NULL_WITH_NULL_NULL
2020-06-22 14:13:27,120 [myid:2] - WARN  [ListenerHandler-/127.0.0.1:30156:QuorumCnxManager@629] - Exception reading or writing challenge
javax.net.ssl.SSLException: Connection has been shutdown: javax.net.ssl.SSLHandshakeException: java.security.cert.CertificateException: Failed to verify both host address and host name
	at sun.security.ssl.SSLSocketImpl.checkEOF(SSLSocketImpl.java:1554)
	at sun.security.ssl.AppInputStream.read(AppInputStream.java:95)
	at org.apache.zookeeper.server.quorum.UnifiedServerSocket$UnifiedInputStream.read(UnifiedServerSocket.java:693)
	at java.io.BufferedInputStream.fill(BufferedInputStream.java:246)
	at java.io.BufferedInputStream.read1(BufferedInputStream.java:286)
	at java.io.BufferedInputStream.read(BufferedInputStream.java:345)
	at java.io.DataInputStream.readFully(DataInputStream.java:195)
	at java.io.DataInputStream.readLong(DataInputStream.java:416)
	at org.apache.zookeeper.server.quorum.QuorumCnxManager.handleConnection(QuorumCnxManager.java:601)
	at org.apache.zookeeper.server.quorum.QuorumCnxManager.receiveConnection(QuorumCnxManager.java:554)
	at org.apache.zookeeper.server.quorum.QuorumCnxManager$Listener$ListenerHandler.acceptConnections(QuorumCnxManager.java:1079)
	at org.apache.zookeeper.server.quorum.QuorumCnxManager$Listener$ListenerHandler.run(QuorumCnxManager.java:1033)
	at java.util.concurrent.Executors$RunnableAdapter.call(Executors.java:511)
	at java.util.concurrent.FutureTask.run(FutureTask.java:266)
	at java.util.concurrent.ThreadPoolExecutor.runWorker(ThreadPoolExecutor.java:1149)
	at java.util.concurrent.ThreadPoolExecutor$Worker.run(ThreadPoolExecutor.java:624)
	at java.lang.Thread.run(Thread.java:748)
Caused by: javax.net.ssl.SSLHandshakeException: java.security.cert.CertificateException: Failed to verify both host address and host name
	at sun.security.ssl.Alerts.getSSLException(Alerts.java:198)
	at sun.security.ssl.SSLSocketImpl.fatal(SSLSocketImpl.java:1967)
	at sun.security.ssl.Handshaker.fatalSE(Handshaker.java:331)
	at sun.security.ssl.Handshaker.fatalSE(Handshaker.java:325)
	at sun.security.ssl.ServerHandshaker.clientCertificate(ServerHandshaker.java:2055)
	at sun.security.ssl.ServerHandshaker.processMessage(ServerHandshaker.java:233)
	at sun.security.ssl.Handshaker.processLoop(Handshaker.java:1082)
	at sun.security.ssl.Handshaker.process_record(Handshaker.java:1010)
	at sun.security.ssl.SSLSocketImpl.readRecord(SSLSocketImpl.java:1079)
	at sun.security.ssl.SSLSocketImpl.performInitialHandshake(SSLSocketImpl.java:1388)
	at sun.security.ssl.SSLSocketImpl.startHandshake(SSLSocketImpl.java:1416)
	at sun.security.ssl.SSLSocketImpl.getSession(SSLSocketImpl.java:2309)
	at org.apache.zookeeper.server.quorum.UnifiedServerSocket$UnifiedSocket.detectMode(UnifiedServerSocket.java:269)
	at org.apache.zookeeper.server.quorum.UnifiedServerSocket$UnifiedSocket.getSocket(UnifiedServerSocket.java:298)
	at org.apache.zookeeper.server.quorum.UnifiedServerSocket$UnifiedSocket.access$400(UnifiedServerSocket.java:172)
	at org.apache.zookeeper.server.quorum.UnifiedServerSocket$UnifiedInputStream.getRealInputStream(UnifiedServerSocket.java:699)
	... 15 more
Caused by: java.security.cert.CertificateException: Failed to verify both host address and host name
	at org.apache.zookeeper.common.ZKTrustManager.performHostVerification(ZKTrustManager.java:163)
	at org.apache.zookeeper.common.ZKTrustManager.checkClientTrusted(ZKTrustManager.java:79)
	at sun.security.ssl.ServerHandshaker.clientCertificate(ServerHandshaker.java:2037)
	... 26 more
Caused by: javax.net.ssl.SSLPeerUnverifiedException: Certificate for <activate.navicat.com> doesn't match any of the subject alternative names: [localhost, 140.211.11.105]
	at org.apache.zookeeper.common.ZKHostnameVerifier.matchDNSName(ZKHostnameVerifier.java:230)
	at org.apache.zookeeper.common.ZKHostnameVerifier.verify(ZKHostnameVerifier.java:171)
	at org.apache.zookeeper.common.ZKTrustManager.performHostVerification(ZKTrustManager.java:159)
	... 28 more
2020-06-22 14:13:27,164 [myid:3] - WARN  [QuorumConnectionThread-[myid=3]-3:QuorumCnxManager@400] - Cannot open channel to 1 at election address /127.0.0.1:30155
java.net.SocketException: Software caused connection abort: socket write error
	at java.net.SocketOutputStream.socketWrite0(Native Method)
	at java.net.SocketOutputStream.socketWrite(SocketOutputStream.java:111)
	at java.net.SocketOutputStream.write(SocketOutputStream.java:155)
	at sun.security.ssl.OutputRecord.writeBuffer(OutputRecord.java:431)
	at sun.security.ssl.OutputRecord.write(OutputRecord.java:417)
	at sun.security.ssl.SSLSocketImpl.writeRecordInternal(SSLSocketImpl.java:894)
	at sun.security.ssl.SSLSocketImpl.writeRecord(SSLSocketImpl.java:865)
	at sun.security.ssl.SSLSocketImpl.writeRecord(SSLSocketImpl.java:735)
	at sun.security.ssl.Handshaker.sendChangeCipherSpec(Handshaker.java:1189)
	at sun.security.ssl.ClientHandshaker.sendChangeCipherAndFinish(ClientHandshaker.java:1323)
	at sun.security.ssl.ClientHandshaker.serverHelloDone(ClientHandshaker.java:1233)
	at sun.security.ssl.ClientHandshaker.processMessage(ClientHandshaker.java:372)
	at sun.security.ssl.Handshaker.processLoop(Handshaker.java:1082)
	at sun.security.ssl.Handshaker.process_record(Handshaker.java:1010)
	at sun.security.ssl.SSLSocketImpl.readRecord(SSLSocketImpl.java:1079)
	at sun.security.ssl.SSLSocketImpl.performInitialHandshake(SSLSocketImpl.java:1388)
	at sun.security.ssl.SSLSocketImpl.startHandshake(SSLSocketImpl.java:1416)
	at sun.security.ssl.SSLSocketImpl.startHandshake(SSLSocketImpl.java:1400)
	at org.apache.zookeeper.server.quorum.QuorumCnxManager.initiateConnection(QuorumCnxManager.java:386)
	at org.apache.zookeeper.server.quorum.QuorumCnxManager$QuorumConnectionReqThread.run(QuorumCnxManager.java:457)
	at java.util.concurrent.ThreadPoolExecutor.runWorker(ThreadPoolExecutor.java:1149)
	at java.util.concurrent.ThreadPoolExecutor$Worker.run(ThreadPoolExecutor.java:624)
	at java.lang.Thread.run(Thread.java:748)
2020-06-22 14:13:27,165 [myid:3] - WARN  [QuorumConnectionThread-[myid=3]-1:QuorumCnxManager@400] - Cannot open channel to 2 at election address /127.0.0.1:30156
java.net.SocketException: Software caused connection abort: socket write error
	at java.net.SocketOutputStream.socketWrite0(Native Method)
	at java.net.SocketOutputStream.socketWrite(SocketOutputStream.java:111)
	at java.net.SocketOutputStream.write(SocketOutputStream.java:155)
	at sun.security.ssl.OutputRecord.writeBuffer(OutputRecord.java:431)
	at sun.security.ssl.OutputRecord.write(OutputRecord.java:417)
	at sun.security.ssl.SSLSocketImpl.writeRecordInternal(SSLSocketImpl.java:894)
	at sun.security.ssl.SSLSocketImpl.writeRecord(SSLSocketImpl.java:865)
	at sun.security.ssl.SSLSocketImpl.writeRecord(SSLSocketImpl.java:735)
	at sun.security.ssl.Handshaker.sendChangeCipherSpec(Handshaker.java:1189)
	at sun.security.ssl.ClientHandshaker.sendChangeCipherAndFinish(ClientHandshaker.java:1323)
	at sun.security.ssl.ClientHandshaker.serverHelloDone(ClientHandshaker.java:1233)
	at sun.security.ssl.ClientHandshaker.processMessage(ClientHandshaker.java:372)
	at sun.security.ssl.Handshaker.processLoop(Handshaker.java:1082)
	at sun.security.ssl.Handshaker.process_record(Handshaker.java:1010)
	at sun.security.ssl.SSLSocketImpl.readRecord(SSLSocketImpl.java:1079)
	at sun.security.ssl.SSLSocketImpl.performInitialHandshake(SSLSocketImpl.java:1388)
	at sun.security.ssl.SSLSocketImpl.startHandshake(SSLSocketImpl.java:1416)
	at sun.security.ssl.SSLSocketImpl.startHandshake(SSLSocketImpl.java:1400)
	at org.apache.zookeeper.server.quorum.QuorumCnxManager.initiateConnection(QuorumCnxManager.java:386)
	at org.apache.zookeeper.server.quorum.QuorumCnxManager$QuorumConnectionReqThread.run(QuorumCnxManager.java:457)
	at java.util.concurrent.ThreadPoolExecutor.runWorker(ThreadPoolExecutor.java:1149)
	at java.util.concurrent.ThreadPoolExecutor$Worker.run(ThreadPoolExecutor.java:624)
	at java.lang.Thread.run(Thread.java:748)
2020-06-22 14:13:27,261 [myid:] - INFO  [Time-limited test:FourLetterWordMain@93] - connecting to 127.0.0.1 30151
2020-06-22 14:13:27,262 [myid:3] - INFO  [nioEventLoopGroup-127-3:NettyServerCnxn@285] - Processing stat command from /127.0.0.1:57502
2020-06-22 14:13:27,513 [myid:] - INFO  [Time-limited test:FourLetterWordMain@93] - connecting to 127.0.0.1 30151
2020-06-22 14:13:27,514 [myid:3] - INFO  [nioEventLoopGroup-127-4:NettyServerCnxn@285] - Processing stat command from /127.0.0.1:57503
2020-06-22 14:13:27,766 [myid:] - INFO  [Time-limited test:FourLetterWordMain@93] - connecting to 127.0.0.1 30151
2020-06-22 14:13:27,767 [myid:3] - INFO  [nioEventLoopGroup-127-5:NettyServerCnxn@285] - Processing stat command from /127.0.0.1:57505
2020-06-22 14:13:27,872 [myid:3] - INFO  [QuorumPeer[myid=3](plain=[0:0:0:0:0:0:0:0]:30151)(secure=disabled):FastLeaderElection@979] - Notification time out: 1600
2020-06-22 14:13:27,872 [myid:2] - INFO  [ListenerHandler-/127.0.0.1:30156:QuorumCnxManager$Listener$ListenerHandler@1070] - Received connection request from /127.0.0.1:57520
2020-06-22 14:13:27,872 [myid:1] - INFO  [ListenerHandler-/127.0.0.1:30155:QuorumCnxManager$Listener$ListenerHandler@1070] - Received connection request from /127.0.0.1:57521
2020-06-22 14:13:27,923 [myid:2] - ERROR [ListenerHandler-/127.0.0.1:30156:ZKTrustManager@161] - Failed to verify host address: 127.0.0.1
javax.net.ssl.SSLPeerUnverifiedException: Certificate for <127.0.0.1> doesn't match any of the subject alternative names: [localhost, 140.211.11.105]
	at org.apache.zookeeper.common.ZKHostnameVerifier.matchIPAddress(ZKHostnameVerifier.java:197)
	at org.apache.zookeeper.common.ZKHostnameVerifier.verify(ZKHostnameVerifier.java:165)
	at org.apache.zookeeper.common.ZKTrustManager.performHostVerification(ZKTrustManager.java:151)
	at org.apache.zookeeper.common.ZKTrustManager.checkClientTrusted(ZKTrustManager.java:79)
	at sun.security.ssl.ServerHandshaker.clientCertificate(ServerHandshaker.java:2037)
	at sun.security.ssl.ServerHandshaker.processMessage(ServerHandshaker.java:233)
	at sun.security.ssl.Handshaker.processLoop(Handshaker.java:1082)
	at sun.security.ssl.Handshaker.process_record(Handshaker.java:1010)
	at sun.security.ssl.SSLSocketImpl.readRecord(SSLSocketImpl.java:1079)
	at sun.security.ssl.SSLSocketImpl.performInitialHandshake(SSLSocketImpl.java:1388)
	at sun.security.ssl.SSLSocketImpl.startHandshake(SSLSocketImpl.java:1416)
	at sun.security.ssl.SSLSocketImpl.getSession(SSLSocketImpl.java:2309)
	at org.apache.zookeeper.server.quorum.UnifiedServerSocket$UnifiedSocket.detectMode(UnifiedServerSocket.java:269)
	at org.apache.zookeeper.server.quorum.UnifiedServerSocket$UnifiedSocket.getSocket(UnifiedServerSocket.java:298)
	at org.apache.zookeeper.server.quorum.UnifiedServerSocket$UnifiedSocket.access$400(UnifiedServerSocket.java:172)
	at org.apache.zookeeper.server.quorum.UnifiedServerSocket$UnifiedInputStream.getRealInputStream(UnifiedServerSocket.java:699)
	at org.apache.zookeeper.server.quorum.UnifiedServerSocket$UnifiedInputStream.read(UnifiedServerSocket.java:693)
	at java.io.BufferedInputStream.fill(BufferedInputStream.java:246)
	at java.io.BufferedInputStream.read1(BufferedInputStream.java:286)
	at java.io.BufferedInputStream.read(BufferedInputStream.java:345)
	at java.io.DataInputStream.readFully(DataInputStream.java:195)
	at java.io.DataInputStream.readLong(DataInputStream.java:416)
	at org.apache.zookeeper.server.quorum.QuorumCnxManager.handleConnection(QuorumCnxManager.java:601)
	at org.apache.zookeeper.server.quorum.QuorumCnxManager.receiveConnection(QuorumCnxManager.java:554)
	at org.apache.zookeeper.server.quorum.QuorumCnxManager$Listener$ListenerHandler.acceptConnections(QuorumCnxManager.java:1079)
	at org.apache.zookeeper.server.quorum.QuorumCnxManager$Listener$ListenerHandler.run(QuorumCnxManager.java:1033)
	at java.util.concurrent.Executors$RunnableAdapter.call(Executors.java:511)
	at java.util.concurrent.FutureTask.run(FutureTask.java:266)
	at java.util.concurrent.ThreadPoolExecutor.runWorker(ThreadPoolExecutor.java:1149)
	at java.util.concurrent.ThreadPoolExecutor$Worker.run(ThreadPoolExecutor.java:624)
	at java.lang.Thread.run(Thread.java:748)
2020-06-22 14:13:27,923 [myid:2] - ERROR [ListenerHandler-/127.0.0.1:30156:ZKTrustManager@162] - Failed to verify hostname: activate.navicat.com
javax.net.ssl.SSLPeerUnverifiedException: Certificate for <activate.navicat.com> doesn't match any of the subject alternative names: [localhost, 140.211.11.105]
	at org.apache.zookeeper.common.ZKHostnameVerifier.matchDNSName(ZKHostnameVerifier.java:230)
	at org.apache.zookeeper.common.ZKHostnameVerifier.verify(ZKHostnameVerifier.java:171)
	at org.apache.zookeeper.common.ZKTrustManager.performHostVerification(ZKTrustManager.java:159)
	at org.apache.zookeeper.common.ZKTrustManager.checkClientTrusted(ZKTrustManager.java:79)
	at sun.security.ssl.ServerHandshaker.clientCertificate(ServerHandshaker.java:2037)
	at sun.security.ssl.ServerHandshaker.processMessage(ServerHandshaker.java:233)
	at sun.security.ssl.Handshaker.processLoop(Handshaker.java:1082)
	at sun.security.ssl.Handshaker.process_record(Handshaker.java:1010)
	at sun.security.ssl.SSLSocketImpl.readRecord(SSLSocketImpl.java:1079)
	at sun.security.ssl.SSLSocketImpl.performInitialHandshake(SSLSocketImpl.java:1388)
	at sun.security.ssl.SSLSocketImpl.startHandshake(SSLSocketImpl.java:1416)
	at sun.security.ssl.SSLSocketImpl.getSession(SSLSocketImpl.java:2309)
	at org.apache.zookeeper.server.quorum.UnifiedServerSocket$UnifiedSocket.detectMode(UnifiedServerSocket.java:269)
	at org.apache.zookeeper.server.quorum.UnifiedServerSocket$UnifiedSocket.getSocket(UnifiedServerSocket.java:298)
	at org.apache.zookeeper.server.quorum.UnifiedServerSocket$UnifiedSocket.access$400(UnifiedServerSocket.java:172)
	at org.apache.zookeeper.server.quorum.UnifiedServerSocket$UnifiedInputStream.getRealInputStream(UnifiedServerSocket.java:699)
	at org.apache.zookeeper.server.quorum.UnifiedServerSocket$UnifiedInputStream.read(UnifiedServerSocket.java:693)
	at java.io.BufferedInputStream.fill(BufferedInputStream.java:246)
	at java.io.BufferedInputStream.read1(BufferedInputStream.java:286)
	at java.io.BufferedInputStream.read(BufferedInputStream.java:345)
	at java.io.DataInputStream.readFully(DataInputStream.java:195)
	at java.io.DataInputStream.readLong(DataInputStream.java:416)
	at org.apache.zookeeper.server.quorum.QuorumCnxManager.handleConnection(QuorumCnxManager.java:601)
	at org.apache.zookeeper.server.quorum.QuorumCnxManager.receiveConnection(QuorumCnxManager.java:554)
	at org.apache.zookeeper.server.quorum.QuorumCnxManager$Listener$ListenerHandler.acceptConnections(QuorumCnxManager.java:1079)
	at org.apache.zookeeper.server.quorum.QuorumCnxManager$Listener$ListenerHandler.run(QuorumCnxManager.java:1033)
	at java.util.concurrent.Executors$RunnableAdapter.call(Executors.java:511)
	at java.util.concurrent.FutureTask.run(FutureTask.java:266)
	at java.util.concurrent.ThreadPoolExecutor.runWorker(ThreadPoolExecutor.java:1149)
	at java.util.concurrent.ThreadPoolExecutor$Worker.run(ThreadPoolExecutor.java:624)
	at java.lang.Thread.run(Thread.java:748)
2020-06-22 14:13:27,924 [myid:2] - INFO  [ListenerHandler-/127.0.0.1:30156:UnifiedServerSocket$UnifiedSocket@266] - Accepted TLS connection from activate.navicat.com/127.0.0.1:57520 - NONE - SSL_NULL_WITH_NULL_NULL
2020-06-22 14:13:27,924 [myid:2] - WARN  [ListenerHandler-/127.0.0.1:30156:QuorumCnxManager@629] - Exception reading or writing challenge
javax.net.ssl.SSLException: Connection has been shutdown: javax.net.ssl.SSLHandshakeException: java.security.cert.CertificateException: Failed to verify both host address and host name
	at sun.security.ssl.SSLSocketImpl.checkEOF(SSLSocketImpl.java:1554)
	at sun.security.ssl.AppInputStream.read(AppInputStream.java:95)
	at org.apache.zookeeper.server.quorum.UnifiedServerSocket$UnifiedInputStream.read(UnifiedServerSocket.java:693)
	at java.io.BufferedInputStream.fill(BufferedInputStream.java:246)
	at java.io.BufferedInputStream.read1(BufferedInputStream.java:286)
	at java.io.BufferedInputStream.read(BufferedInputStream.java:345)
	at java.io.DataInputStream.readFully(DataInputStream.java:195)
	at java.io.DataInputStream.readLong(DataInputStream.java:416)
	at org.apache.zookeeper.server.quorum.QuorumCnxManager.handleConnection(QuorumCnxManager.java:601)
	at org.apache.zookeeper.server.quorum.QuorumCnxManager.receiveConnection(QuorumCnxManager.java:554)
	at org.apache.zookeeper.server.quorum.QuorumCnxManager$Listener$ListenerHandler.acceptConnections(QuorumCnxManager.java:1079)
	at org.apache.zookeeper.server.quorum.QuorumCnxManager$Listener$ListenerHandler.run(QuorumCnxManager.java:1033)
	at java.util.concurrent.Executors$RunnableAdapter.call(Executors.java:511)
	at java.util.concurrent.FutureTask.run(FutureTask.java:266)
	at java.util.concurrent.ThreadPoolExecutor.runWorker(ThreadPoolExecutor.java:1149)
	at java.util.concurrent.ThreadPoolExecutor$Worker.run(ThreadPoolExecutor.java:624)
	at java.lang.Thread.run(Thread.java:748)
Caused by: javax.net.ssl.SSLHandshakeException: java.security.cert.CertificateException: Failed to verify both host address and host name
	at sun.security.ssl.Alerts.getSSLException(Alerts.java:198)
	at sun.security.ssl.SSLSocketImpl.fatal(SSLSocketImpl.java:1967)
	at sun.security.ssl.Handshaker.fatalSE(Handshaker.java:331)
	at sun.security.ssl.Handshaker.fatalSE(Handshaker.java:325)
	at sun.security.ssl.ServerHandshaker.clientCertificate(ServerHandshaker.java:2055)
	at sun.security.ssl.ServerHandshaker.processMessage(ServerHandshaker.java:233)
	at sun.security.ssl.Handshaker.processLoop(Handshaker.java:1082)
	at sun.security.ssl.Handshaker.process_record(Handshaker.java:1010)
	at sun.security.ssl.SSLSocketImpl.readRecord(SSLSocketImpl.java:1079)
	at sun.security.ssl.SSLSocketImpl.performInitialHandshake(SSLSocketImpl.java:1388)
	at sun.security.ssl.SSLSocketImpl.startHandshake(SSLSocketImpl.java:1416)
	at sun.security.ssl.SSLSocketImpl.getSession(SSLSocketImpl.java:2309)
	at org.apache.zookeeper.server.quorum.UnifiedServerSocket$UnifiedSocket.detectMode(UnifiedServerSocket.java:269)
	at org.apache.zookeeper.server.quorum.UnifiedServerSocket$UnifiedSocket.getSocket(UnifiedServerSocket.java:298)
	at org.apache.zookeeper.server.quorum.UnifiedServerSocket$UnifiedSocket.access$400(UnifiedServerSocket.java:172)
	at org.apache.zookeeper.server.quorum.UnifiedServerSocket$UnifiedInputStream.getRealInputStream(UnifiedServerSocket.java:699)
	... 15 more
Caused by: java.security.cert.CertificateException: Failed to verify both host address and host name
	at org.apache.zookeeper.common.ZKTrustManager.performHostVerification(ZKTrustManager.java:163)
	at org.apache.zookeeper.common.ZKTrustManager.checkClientTrusted(ZKTrustManager.java:79)
	at sun.security.ssl.ServerHandshaker.clientCertificate(ServerHandshaker.java:2037)
	... 26 more
Caused by: javax.net.ssl.SSLPeerUnverifiedException: Certificate for <activate.navicat.com> doesn't match any of the subject alternative names: [localhost, 140.211.11.105]
	at org.apache.zookeeper.common.ZKHostnameVerifier.matchDNSName(ZKHostnameVerifier.java:230)
	at org.apache.zookeeper.common.ZKHostnameVerifier.verify(ZKHostnameVerifier.java:171)
	at org.apache.zookeeper.common.ZKTrustManager.performHostVerification(ZKTrustManager.java:159)
	... 28 more
2020-06-22 14:13:27,927 [myid:1] - ERROR [ListenerHandler-/127.0.0.1:30155:ZKTrustManager@161] - Failed to verify host address: 127.0.0.1
javax.net.ssl.SSLPeerUnverifiedException: Certificate for <127.0.0.1> doesn't match any of the subject alternative names: [localhost, 140.211.11.105]
	at org.apache.zookeeper.common.ZKHostnameVerifier.matchIPAddress(ZKHostnameVerifier.java:197)
	at org.apache.zookeeper.common.ZKHostnameVerifier.verify(ZKHostnameVerifier.java:165)
	at org.apache.zookeeper.common.ZKTrustManager.performHostVerification(ZKTrustManager.java:151)
	at org.apache.zookeeper.common.ZKTrustManager.checkClientTrusted(ZKTrustManager.java:79)
	at sun.security.ssl.ServerHandshaker.clientCertificate(ServerHandshaker.java:2037)
	at sun.security.ssl.ServerHandshaker.processMessage(ServerHandshaker.java:233)
	at sun.security.ssl.Handshaker.processLoop(Handshaker.java:1082)
	at sun.security.ssl.Handshaker.process_record(Handshaker.java:1010)
	at sun.security.ssl.SSLSocketImpl.readRecord(SSLSocketImpl.java:1079)
	at sun.security.ssl.SSLSocketImpl.performInitialHandshake(SSLSocketImpl.java:1388)
	at sun.security.ssl.SSLSocketImpl.startHandshake(SSLSocketImpl.java:1416)
	at sun.security.ssl.SSLSocketImpl.getSession(SSLSocketImpl.java:2309)
	at org.apache.zookeeper.server.quorum.UnifiedServerSocket$UnifiedSocket.detectMode(UnifiedServerSocket.java:269)
	at org.apache.zookeeper.server.quorum.UnifiedServerSocket$UnifiedSocket.getSocket(UnifiedServerSocket.java:298)
	at org.apache.zookeeper.server.quorum.UnifiedServerSocket$UnifiedSocket.access$400(UnifiedServerSocket.java:172)
	at org.apache.zookeeper.server.quorum.UnifiedServerSocket$UnifiedInputStream.getRealInputStream(UnifiedServerSocket.java:699)
	at org.apache.zookeeper.server.quorum.UnifiedServerSocket$UnifiedInputStream.read(UnifiedServerSocket.java:693)
	at java.io.BufferedInputStream.fill(BufferedInputStream.java:246)
	at java.io.BufferedInputStream.read1(BufferedInputStream.java:286)
	at java.io.BufferedInputStream.read(BufferedInputStream.java:345)
	at java.io.DataInputStream.readFully(DataInputStream.java:195)
	at java.io.DataInputStream.readLong(DataInputStream.java:416)
	at org.apache.zookeeper.server.quorum.QuorumCnxManager.handleConnection(QuorumCnxManager.java:601)
	at org.apache.zookeeper.server.quorum.QuorumCnxManager.receiveConnection(QuorumCnxManager.java:554)
	at org.apache.zookeeper.server.quorum.QuorumCnxManager$Listener$ListenerHandler.acceptConnections(QuorumCnxManager.java:1079)
	at org.apache.zookeeper.server.quorum.QuorumCnxManager$Listener$ListenerHandler.run(QuorumCnxManager.java:1033)
	at java.util.concurrent.Executors$RunnableAdapter.call(Executors.java:511)
	at java.util.concurrent.FutureTask.run(FutureTask.java:266)
	at java.util.concurrent.ThreadPoolExecutor.runWorker(ThreadPoolExecutor.java:1149)
	at java.util.concurrent.ThreadPoolExecutor$Worker.run(ThreadPoolExecutor.java:624)
	at java.lang.Thread.run(Thread.java:748)
2020-06-22 14:13:27,928 [myid:1] - ERROR [ListenerHandler-/127.0.0.1:30155:ZKTrustManager@162] - Failed to verify hostname: activate.navicat.com
javax.net.ssl.SSLPeerUnverifiedException: Certificate for <activate.navicat.com> doesn't match any of the subject alternative names: [localhost, 140.211.11.105]
	at org.apache.zookeeper.common.ZKHostnameVerifier.matchDNSName(ZKHostnameVerifier.java:230)
	at org.apache.zookeeper.common.ZKHostnameVerifier.verify(ZKHostnameVerifier.java:171)
	at org.apache.zookeeper.common.ZKTrustManager.performHostVerification(ZKTrustManager.java:159)
	at org.apache.zookeeper.common.ZKTrustManager.checkClientTrusted(ZKTrustManager.java:79)
	at sun.security.ssl.ServerHandshaker.clientCertificate(ServerHandshaker.java:2037)
	at sun.security.ssl.ServerHandshaker.processMessage(ServerHandshaker.java:233)
	at sun.security.ssl.Handshaker.processLoop(Handshaker.java:1082)
	at sun.security.ssl.Handshaker.process_record(Handshaker.java:1010)
	at sun.security.ssl.SSLSocketImpl.readRecord(SSLSocketImpl.java:1079)
	at sun.security.ssl.SSLSocketImpl.performInitialHandshake(SSLSocketImpl.java:1388)
	at sun.security.ssl.SSLSocketImpl.startHandshake(SSLSocketImpl.java:1416)
	at sun.security.ssl.SSLSocketImpl.getSession(SSLSocketImpl.java:2309)
	at org.apache.zookeeper.server.quorum.UnifiedServerSocket$UnifiedSocket.detectMode(UnifiedServerSocket.java:269)
	at org.apache.zookeeper.server.quorum.UnifiedServerSocket$UnifiedSocket.getSocket(UnifiedServerSocket.java:298)
	at org.apache.zookeeper.server.quorum.UnifiedServerSocket$UnifiedSocket.access$400(UnifiedServerSocket.java:172)
	at org.apache.zookeeper.server.quorum.UnifiedServerSocket$UnifiedInputStream.getRealInputStream(UnifiedServerSocket.java:699)
	at org.apache.zookeeper.server.quorum.UnifiedServerSocket$UnifiedInputStream.read(UnifiedServerSocket.java:693)
	at java.io.BufferedInputStream.fill(BufferedInputStream.java:246)
	at java.io.BufferedInputStream.read1(BufferedInputStream.java:286)
	at java.io.BufferedInputStream.read(BufferedInputStream.java:345)
	at java.io.DataInputStream.readFully(DataInputStream.java:195)
	at java.io.DataInputStream.readLong(DataInputStream.java:416)
	at org.apache.zookeeper.server.quorum.QuorumCnxManager.handleConnection(QuorumCnxManager.java:601)
	at org.apache.zookeeper.server.quorum.QuorumCnxManager.receiveConnection(QuorumCnxManager.java:554)
	at org.apache.zookeeper.server.quorum.QuorumCnxManager$Listener$ListenerHandler.acceptConnections(QuorumCnxManager.java:1079)
	at org.apache.zookeeper.server.quorum.QuorumCnxManager$Listener$ListenerHandler.run(QuorumCnxManager.java:1033)
	at java.util.concurrent.Executors$RunnableAdapter.call(Executors.java:511)
	at java.util.concurrent.FutureTask.run(FutureTask.java:266)
	at java.util.concurrent.ThreadPoolExecutor.runWorker(ThreadPoolExecutor.java:1149)
	at java.util.concurrent.ThreadPoolExecutor$Worker.run(ThreadPoolExecutor.java:624)
	at java.lang.Thread.run(Thread.java:748)
2020-06-22 14:13:27,931 [myid:1] - INFO  [ListenerHandler-/127.0.0.1:30155:UnifiedServerSocket$UnifiedSocket@266] - Accepted TLS connection from activate.navicat.com/127.0.0.1:57521 - NONE - SSL_NULL_WITH_NULL_NULL
2020-06-22 14:13:27,931 [myid:1] - WARN  [ListenerHandler-/127.0.0.1:30155:QuorumCnxManager@629] - Exception reading or writing challenge
javax.net.ssl.SSLException: Connection has been shutdown: javax.net.ssl.SSLHandshakeException: java.security.cert.CertificateException: Failed to verify both host address and host name
	at sun.security.ssl.SSLSocketImpl.checkEOF(SSLSocketImpl.java:1554)
	at sun.security.ssl.AppInputStream.read(AppInputStream.java:95)
	at org.apache.zookeeper.server.quorum.UnifiedServerSocket$UnifiedInputStream.read(UnifiedServerSocket.java:693)
	at java.io.BufferedInputStream.fill(BufferedInputStream.java:246)
	at java.io.BufferedInputStream.read1(BufferedInputStream.java:286)
	at java.io.BufferedInputStream.read(BufferedInputStream.java:345)
	at java.io.DataInputStream.readFully(DataInputStream.java:195)
	at java.io.DataInputStream.readLong(DataInputStream.java:416)
	at org.apache.zookeeper.server.quorum.QuorumCnxManager.handleConnection(QuorumCnxManager.java:601)
	at org.apache.zookeeper.server.quorum.QuorumCnxManager.receiveConnection(QuorumCnxManager.java:554)
	at org.apache.zookeeper.server.quorum.QuorumCnxManager$Listener$ListenerHandler.acceptConnections(QuorumCnxManager.java:1079)
	at org.apache.zookeeper.server.quorum.QuorumCnxManager$Listener$ListenerHandler.run(QuorumCnxManager.java:1033)
	at java.util.concurrent.Executors$RunnableAdapter.call(Executors.java:511)
	at java.util.concurrent.FutureTask.run(FutureTask.java:266)
	at java.util.concurrent.ThreadPoolExecutor.runWorker(ThreadPoolExecutor.java:1149)
	at java.util.concurrent.ThreadPoolExecutor$Worker.run(ThreadPoolExecutor.java:624)
	at java.lang.Thread.run(Thread.java:748)
Caused by: javax.net.ssl.SSLHandshakeException: java.security.cert.CertificateException: Failed to verify both host address and host name
	at sun.security.ssl.Alerts.getSSLException(Alerts.java:198)
	at sun.security.ssl.SSLSocketImpl.fatal(SSLSocketImpl.java:1967)
	at sun.security.ssl.Handshaker.fatalSE(Handshaker.java:331)
	at sun.security.ssl.Handshaker.fatalSE(Handshaker.java:325)
	at sun.security.ssl.ServerHandshaker.clientCertificate(ServerHandshaker.java:2055)
	at sun.security.ssl.ServerHandshaker.processMessage(ServerHandshaker.java:233)
	at sun.security.ssl.Handshaker.processLoop(Handshaker.java:1082)
	at sun.security.ssl.Handshaker.process_record(Handshaker.java:1010)
	at sun.security.ssl.SSLSocketImpl.readRecord(SSLSocketImpl.java:1079)
	at sun.security.ssl.SSLSocketImpl.performInitialHandshake(SSLSocketImpl.java:1388)
	at sun.security.ssl.SSLSocketImpl.startHandshake(SSLSocketImpl.java:1416)
	at sun.security.ssl.SSLSocketImpl.getSession(SSLSocketImpl.java:2309)
	at org.apache.zookeeper.server.quorum.UnifiedServerSocket$UnifiedSocket.detectMode(UnifiedServerSocket.java:269)
	at org.apache.zookeeper.server.quorum.UnifiedServerSocket$UnifiedSocket.getSocket(UnifiedServerSocket.java:298)
	at org.apache.zookeeper.server.quorum.UnifiedServerSocket$UnifiedSocket.access$400(UnifiedServerSocket.java:172)
	at org.apache.zookeeper.server.quorum.UnifiedServerSocket$UnifiedInputStream.getRealInputStream(UnifiedServerSocket.java:699)
	... 15 more
Caused by: java.security.cert.CertificateException: Failed to verify both host address and host name
	at org.apache.zookeeper.common.ZKTrustManager.performHostVerification(ZKTrustManager.java:163)
	at org.apache.zookeeper.common.ZKTrustManager.checkClientTrusted(ZKTrustManager.java:79)
	at sun.security.ssl.ServerHandshaker.clientCertificate(ServerHandshaker.java:2037)
	... 26 more
Caused by: javax.net.ssl.SSLPeerUnverifiedException: Certificate for <activate.navicat.com> doesn't match any of the subject alternative names: [localhost, 140.211.11.105]
	at org.apache.zookeeper.common.ZKHostnameVerifier.matchDNSName(ZKHostnameVerifier.java:230)
	at org.apache.zookeeper.common.ZKHostnameVerifier.verify(ZKHostnameVerifier.java:171)
	at org.apache.zookeeper.common.ZKTrustManager.performHostVerification(ZKTrustManager.java:159)
	... 28 more
2020-06-22 14:13:27,974 [myid:3] - WARN  [QuorumConnectionThread-[myid=3]-3:QuorumCnxManager@400] - Cannot open channel to 2 at election address /127.0.0.1:30156
java.net.SocketException: Software caused connection abort: socket write error
	at java.net.SocketOutputStream.socketWrite0(Native Method)
	at java.net.SocketOutputStream.socketWrite(SocketOutputStream.java:111)
	at java.net.SocketOutputStream.write(SocketOutputStream.java:155)
	at sun.security.ssl.OutputRecord.writeBuffer(OutputRecord.java:431)
	at sun.security.ssl.OutputRecord.write(OutputRecord.java:417)
	at sun.security.ssl.SSLSocketImpl.writeRecordInternal(SSLSocketImpl.java:894)
	at sun.security.ssl.SSLSocketImpl.writeRecord(SSLSocketImpl.java:865)
	at sun.security.ssl.SSLSocketImpl.writeRecord(SSLSocketImpl.java:735)
	at sun.security.ssl.Handshaker.sendChangeCipherSpec(Handshaker.java:1189)
	at sun.security.ssl.ClientHandshaker.sendChangeCipherAndFinish(ClientHandshaker.java:1323)
	at sun.security.ssl.ClientHandshaker.serverHelloDone(ClientHandshaker.java:1233)
	at sun.security.ssl.ClientHandshaker.processMessage(ClientHandshaker.java:372)
	at sun.security.ssl.Handshaker.processLoop(Handshaker.java:1082)
	at sun.security.ssl.Handshaker.process_record(Handshaker.java:1010)
	at sun.security.ssl.SSLSocketImpl.readRecord(SSLSocketImpl.java:1079)
	at sun.security.ssl.SSLSocketImpl.performInitialHandshake(SSLSocketImpl.java:1388)
	at sun.security.ssl.SSLSocketImpl.startHandshake(SSLSocketImpl.java:1416)
	at sun.security.ssl.SSLSocketImpl.startHandshake(SSLSocketImpl.java:1400)
	at org.apache.zookeeper.server.quorum.QuorumCnxManager.initiateConnection(QuorumCnxManager.java:386)
	at org.apache.zookeeper.server.quorum.QuorumCnxManager$QuorumConnectionReqThread.run(QuorumCnxManager.java:457)
	at java.util.concurrent.ThreadPoolExecutor.runWorker(ThreadPoolExecutor.java:1149)
	at java.util.concurrent.ThreadPoolExecutor$Worker.run(ThreadPoolExecutor.java:624)
	at java.lang.Thread.run(Thread.java:748)
2020-06-22 14:13:27,977 [myid:3] - WARN  [QuorumConnectionThread-[myid=3]-1:QuorumCnxManager@400] - Cannot open channel to 1 at election address /127.0.0.1:30155
java.net.SocketException: Software caused connection abort: socket write error
	at java.net.SocketOutputStream.socketWrite0(Native Method)
	at java.net.SocketOutputStream.socketWrite(SocketOutputStream.java:111)
	at java.net.SocketOutputStream.write(SocketOutputStream.java:155)
	at sun.security.ssl.OutputRecord.writeBuffer(OutputRecord.java:431)
	at sun.security.ssl.OutputRecord.write(OutputRecord.java:417)
	at sun.security.ssl.SSLSocketImpl.writeRecordInternal(SSLSocketImpl.java:894)
	at sun.security.ssl.SSLSocketImpl.writeRecord(SSLSocketImpl.java:865)
	at sun.security.ssl.SSLSocketImpl.writeRecord(SSLSocketImpl.java:735)
	at sun.security.ssl.Handshaker.sendChangeCipherSpec(Handshaker.java:1189)
	at sun.security.ssl.ClientHandshaker.sendChangeCipherAndFinish(ClientHandshaker.java:1323)
	at sun.security.ssl.ClientHandshaker.serverHelloDone(ClientHandshaker.java:1233)
	at sun.security.ssl.ClientHandshaker.processMessage(ClientHandshaker.java:372)
	at sun.security.ssl.Handshaker.processLoop(Handshaker.java:1082)
	at sun.security.ssl.Handshaker.process_record(Handshaker.java:1010)
	at sun.security.ssl.SSLSocketImpl.readRecord(SSLSocketImpl.java:1079)
	at sun.security.ssl.SSLSocketImpl.performInitialHandshake(SSLSocketImpl.java:1388)
	at sun.security.ssl.SSLSocketImpl.startHandshake(SSLSocketImpl.java:1416)
	at sun.security.ssl.SSLSocketImpl.startHandshake(SSLSocketImpl.java:1400)
	at org.apache.zookeeper.server.quorum.QuorumCnxManager.initiateConnection(QuorumCnxManager.java:386)
	at org.apache.zookeeper.server.quorum.QuorumCnxManager$QuorumConnectionReqThread.run(QuorumCnxManager.java:457)
	at java.util.concurrent.ThreadPoolExecutor.runWorker(ThreadPoolExecutor.java:1149)
	at java.util.concurrent.ThreadPoolExecutor$Worker.run(ThreadPoolExecutor.java:624)
	at java.lang.Thread.run(Thread.java:748)
2020-06-22 14:13:28,017 [myid:] - INFO  [Time-limited test:FourLetterWordMain@93] - connecting to 127.0.0.1 30151
2020-06-22 14:13:28,019 [myid:3] - INFO  [nioEventLoopGroup-127-6:NettyServerCnxn@285] - Processing stat command from /127.0.0.1:57522
2020-06-22 14:13:28,269 [myid:] - INFO  [Time-limited test:FourLetterWordMain@93] - connecting to 127.0.0.1 30151
2020-06-22 14:13:28,270 [myid:3] - INFO  [nioEventLoopGroup-127-7:NettyServerCnxn@285] - Processing stat command from /127.0.0.1:57525
2020-06-22 14:13:28,521 [myid:] - INFO  [Time-limited test:FourLetterWordMain@93] - connecting to 127.0.0.1 30151
2020-06-22 14:13:28,522 [myid:3] - INFO  [nioEventLoopGroup-127-8:NettyServerCnxn@285] - Processing stat command from /127.0.0.1:57540
2020-06-22 14:13:28,772 [myid:] - INFO  [Time-limited test:FourLetterWordMain@93] - connecting to 127.0.0.1 30151
2020-06-22 14:13:28,773 [myid:3] - INFO  [nioEventLoopGroup-127-9:NettyServerCnxn@285] - Processing stat command from /127.0.0.1:57542
2020-06-22 14:13:29,023 [myid:] - INFO  [Time-limited test:FourLetterWordMain@93] - connecting to 127.0.0.1 30151
2020-06-22 14:13:29,024 [myid:3] - INFO  [nioEventLoopGroup-127-10:NettyServerCnxn@285] - Processing stat command from /127.0.0.1:57543
2020-06-22 14:13:29,285 [myid:] - INFO  [Time-limited test:FourLetterWordMain@93] - connecting to 127.0.0.1 30151
2020-06-22 14:13:29,286 [myid:3] - INFO  [nioEventLoopGroup-127-11:NettyServerCnxn@285] - Processing stat command from /127.0.0.1:57563
2020-06-22 14:13:29,474 [myid:3] - INFO  [QuorumPeer[myid=3](plain=[0:0:0:0:0:0:0:0]:30151)(secure=disabled):FastLeaderElection@979] - Notification time out: 3200
2020-06-22 14:13:29,474 [myid:2] - INFO  [ListenerHandler-/127.0.0.1:30156:QuorumCnxManager$Listener$ListenerHandler@1070] - Received connection request from /127.0.0.1:57571
2020-06-22 14:13:29,474 [myid:1] - INFO  [ListenerHandler-/127.0.0.1:30155:QuorumCnxManager$Listener$ListenerHandler@1070] - Received connection request from /127.0.0.1:57570
2020-06-22 14:13:29,502 [myid:1] - ERROR [ListenerHandler-/127.0.0.1:30155:ZKTrustManager@161] - Failed to verify host address: 127.0.0.1
javax.net.ssl.SSLPeerUnverifiedException: Certificate for <127.0.0.1> doesn't match any of the subject alternative names: [localhost, 140.211.11.105]
	at org.apache.zookeeper.common.ZKHostnameVerifier.matchIPAddress(ZKHostnameVerifier.java:197)
	at org.apache.zookeeper.common.ZKHostnameVerifier.verify(ZKHostnameVerifier.java:165)
	at org.apache.zookeeper.common.ZKTrustManager.performHostVerification(ZKTrustManager.java:151)
	at org.apache.zookeeper.common.ZKTrustManager.checkClientTrusted(ZKTrustManager.java:79)
	at sun.security.ssl.ServerHandshaker.clientCertificate(ServerHandshaker.java:2037)
	at sun.security.ssl.ServerHandshaker.processMessage(ServerHandshaker.java:233)
	at sun.security.ssl.Handshaker.processLoop(Handshaker.java:1082)
	at sun.security.ssl.Handshaker.process_record(Handshaker.java:1010)
	at sun.security.ssl.SSLSocketImpl.readRecord(SSLSocketImpl.java:1079)
	at sun.security.ssl.SSLSocketImpl.performInitialHandshake(SSLSocketImpl.java:1388)
	at sun.security.ssl.SSLSocketImpl.startHandshake(SSLSocketImpl.java:1416)
	at sun.security.ssl.SSLSocketImpl.getSession(SSLSocketImpl.java:2309)
	at org.apache.zookeeper.server.quorum.UnifiedServerSocket$UnifiedSocket.detectMode(UnifiedServerSocket.java:269)
	at org.apache.zookeeper.server.quorum.UnifiedServerSocket$UnifiedSocket.getSocket(UnifiedServerSocket.java:298)
	at org.apache.zookeeper.server.quorum.UnifiedServerSocket$UnifiedSocket.access$400(UnifiedServerSocket.java:172)
	at org.apache.zookeeper.server.quorum.UnifiedServerSocket$UnifiedInputStream.getRealInputStream(UnifiedServerSocket.java:699)
	at org.apache.zookeeper.server.quorum.UnifiedServerSocket$UnifiedInputStream.read(UnifiedServerSocket.java:693)
	at java.io.BufferedInputStream.fill(BufferedInputStream.java:246)
	at java.io.BufferedInputStream.read1(BufferedInputStream.java:286)
	at java.io.BufferedInputStream.read(BufferedInputStream.java:345)
	at java.io.DataInputStream.readFully(DataInputStream.java:195)
	at java.io.DataInputStream.readLong(DataInputStream.java:416)
	at org.apache.zookeeper.server.quorum.QuorumCnxManager.handleConnection(QuorumCnxManager.java:601)
	at org.apache.zookeeper.server.quorum.QuorumCnxManager.receiveConnection(QuorumCnxManager.java:554)
	at org.apache.zookeeper.server.quorum.QuorumCnxManager$Listener$ListenerHandler.acceptConnections(QuorumCnxManager.java:1079)
	at org.apache.zookeeper.server.quorum.QuorumCnxManager$Listener$ListenerHandler.run(QuorumCnxManager.java:1033)
	at java.util.concurrent.Executors$RunnableAdapter.call(Executors.java:511)
	at java.util.concurrent.FutureTask.run(FutureTask.java:266)
	at java.util.concurrent.ThreadPoolExecutor.runWorker(ThreadPoolExecutor.java:1149)
	at java.util.concurrent.ThreadPoolExecutor$Worker.run(ThreadPoolExecutor.java:624)
	at java.lang.Thread.run(Thread.java:748)
2020-06-22 14:13:29,502 [myid:1] - ERROR [ListenerHandler-/127.0.0.1:30155:ZKTrustManager@162] - Failed to verify hostname: activate.navicat.com
javax.net.ssl.SSLPeerUnverifiedException: Certificate for <activate.navicat.com> doesn't match any of the subject alternative names: [localhost, 140.211.11.105]
	at org.apache.zookeeper.common.ZKHostnameVerifier.matchDNSName(ZKHostnameVerifier.java:230)
	at org.apache.zookeeper.common.ZKHostnameVerifier.verify(ZKHostnameVerifier.java:171)
	at org.apache.zookeeper.common.ZKTrustManager.performHostVerification(ZKTrustManager.java:159)
	at org.apache.zookeeper.common.ZKTrustManager.checkClientTrusted(ZKTrustManager.java:79)
	at sun.security.ssl.ServerHandshaker.clientCertificate(ServerHandshaker.java:2037)
	at sun.security.ssl.ServerHandshaker.processMessage(ServerHandshaker.java:233)
	at sun.security.ssl.Handshaker.processLoop(Handshaker.java:1082)
	at sun.security.ssl.Handshaker.process_record(Handshaker.java:1010)
	at sun.security.ssl.SSLSocketImpl.readRecord(SSLSocketImpl.java:1079)
	at sun.security.ssl.SSLSocketImpl.performInitialHandshake(SSLSocketImpl.java:1388)
	at sun.security.ssl.SSLSocketImpl.startHandshake(SSLSocketImpl.java:1416)
	at sun.security.ssl.SSLSocketImpl.getSession(SSLSocketImpl.java:2309)
	at org.apache.zookeeper.server.quorum.UnifiedServerSocket$UnifiedSocket.detectMode(UnifiedServerSocket.java:269)
	at org.apache.zookeeper.server.quorum.UnifiedServerSocket$UnifiedSocket.getSocket(UnifiedServerSocket.java:298)
	at org.apache.zookeeper.server.quorum.UnifiedServerSocket$UnifiedSocket.access$400(UnifiedServerSocket.java:172)
	at org.apache.zookeeper.server.quorum.UnifiedServerSocket$UnifiedInputStream.getRealInputStream(UnifiedServerSocket.java:699)
	at org.apache.zookeeper.server.quorum.UnifiedServerSocket$UnifiedInputStream.read(UnifiedServerSocket.java:693)
	at java.io.BufferedInputStream.fill(BufferedInputStream.java:246)
	at java.io.BufferedInputStream.read1(BufferedInputStream.java:286)
	at java.io.BufferedInputStream.read(BufferedInputStream.java:345)
	at java.io.DataInputStream.readFully(DataInputStream.java:195)
	at java.io.DataInputStream.readLong(DataInputStream.java:416)
	at org.apache.zookeeper.server.quorum.QuorumCnxManager.handleConnection(QuorumCnxManager.java:601)
	at org.apache.zookeeper.server.quorum.QuorumCnxManager.receiveConnection(QuorumCnxManager.java:554)
	at org.apache.zookeeper.server.quorum.QuorumCnxManager$Listener$ListenerHandler.acceptConnections(QuorumCnxManager.java:1079)
	at org.apache.zookeeper.server.quorum.QuorumCnxManager$Listener$ListenerHandler.run(QuorumCnxManager.java:1033)
	at java.util.concurrent.Executors$RunnableAdapter.call(Executors.java:511)
	at java.util.concurrent.FutureTask.run(FutureTask.java:266)
	at java.util.concurrent.ThreadPoolExecutor.runWorker(ThreadPoolExecutor.java:1149)
	at java.util.concurrent.ThreadPoolExecutor$Worker.run(ThreadPoolExecutor.java:624)
	at java.lang.Thread.run(Thread.java:748)
2020-06-22 14:13:29,502 [myid:1] - INFO  [ListenerHandler-/127.0.0.1:30155:UnifiedServerSocket$UnifiedSocket@266] - Accepted TLS connection from activate.navicat.com/127.0.0.1:57570 - NONE - SSL_NULL_WITH_NULL_NULL
2020-06-22 14:13:29,502 [myid:1] - WARN  [ListenerHandler-/127.0.0.1:30155:QuorumCnxManager@629] - Exception reading or writing challenge
javax.net.ssl.SSLException: Connection has been shutdown: javax.net.ssl.SSLHandshakeException: java.security.cert.CertificateException: Failed to verify both host address and host name
	at sun.security.ssl.SSLSocketImpl.checkEOF(SSLSocketImpl.java:1554)
	at sun.security.ssl.AppInputStream.read(AppInputStream.java:95)
	at org.apache.zookeeper.server.quorum.UnifiedServerSocket$UnifiedInputStream.read(UnifiedServerSocket.java:693)
	at java.io.BufferedInputStream.fill(BufferedInputStream.java:246)
	at java.io.BufferedInputStream.read1(BufferedInputStream.java:286)
	at java.io.BufferedInputStream.read(BufferedInputStream.java:345)
	at java.io.DataInputStream.readFully(DataInputStream.java:195)
	at java.io.DataInputStream.readLong(DataInputStream.java:416)
	at org.apache.zookeeper.server.quorum.QuorumCnxManager.handleConnection(QuorumCnxManager.java:601)
	at org.apache.zookeeper.server.quorum.QuorumCnxManager.receiveConnection(QuorumCnxManager.java:554)
	at org.apache.zookeeper.server.quorum.QuorumCnxManager$Listener$ListenerHandler.acceptConnections(QuorumCnxManager.java:1079)
	at org.apache.zookeeper.server.quorum.QuorumCnxManager$Listener$ListenerHandler.run(QuorumCnxManager.java:1033)
	at java.util.concurrent.Executors$RunnableAdapter.call(Executors.java:511)
	at java.util.concurrent.FutureTask.run(FutureTask.java:266)
	at java.util.concurrent.ThreadPoolExecutor.runWorker(ThreadPoolExecutor.java:1149)
	at java.util.concurrent.ThreadPoolExecutor$Worker.run(ThreadPoolExecutor.java:624)
	at java.lang.Thread.run(Thread.java:748)
Caused by: javax.net.ssl.SSLHandshakeException: java.security.cert.CertificateException: Failed to verify both host address and host name
	at sun.security.ssl.Alerts.getSSLException(Alerts.java:198)
	at sun.security.ssl.SSLSocketImpl.fatal(SSLSocketImpl.java:1967)
	at sun.security.ssl.Handshaker.fatalSE(Handshaker.java:331)
	at sun.security.ssl.Handshaker.fatalSE(Handshaker.java:325)
	at sun.security.ssl.ServerHandshaker.clientCertificate(ServerHandshaker.java:2055)
	at sun.security.ssl.ServerHandshaker.processMessage(ServerHandshaker.java:233)
	at sun.security.ssl.Handshaker.processLoop(Handshaker.java:1082)
	at sun.security.ssl.Handshaker.process_record(Handshaker.java:1010)
	at sun.security.ssl.SSLSocketImpl.readRecord(SSLSocketImpl.java:1079)
	at sun.security.ssl.SSLSocketImpl.performInitialHandshake(SSLSocketImpl.java:1388)
	at sun.security.ssl.SSLSocketImpl.startHandshake(SSLSocketImpl.java:1416)
	at sun.security.ssl.SSLSocketImpl.getSession(SSLSocketImpl.java:2309)
	at org.apache.zookeeper.server.quorum.UnifiedServerSocket$UnifiedSocket.detectMode(UnifiedServerSocket.java:269)
	at org.apache.zookeeper.server.quorum.UnifiedServerSocket$UnifiedSocket.getSocket(UnifiedServerSocket.java:298)
	at org.apache.zookeeper.server.quorum.UnifiedServerSocket$UnifiedSocket.access$400(UnifiedServerSocket.java:172)
	at org.apache.zookeeper.server.quorum.UnifiedServerSocket$UnifiedInputStream.getRealInputStream(UnifiedServerSocket.java:699)
	... 15 more
Caused by: java.security.cert.CertificateException: Failed to verify both host address and host name
	at org.apache.zookeeper.common.ZKTrustManager.performHostVerification(ZKTrustManager.java:163)
	at org.apache.zookeeper.common.ZKTrustManager.checkClientTrusted(ZKTrustManager.java:79)
	at sun.security.ssl.ServerHandshaker.clientCertificate(ServerHandshaker.java:2037)
	... 26 more
Caused by: javax.net.ssl.SSLPeerUnverifiedException: Certificate for <activate.navicat.com> doesn't match any of the subject alternative names: [localhost, 140.211.11.105]
	at org.apache.zookeeper.common.ZKHostnameVerifier.matchDNSName(ZKHostnameVerifier.java:230)
	at org.apache.zookeeper.common.ZKHostnameVerifier.verify(ZKHostnameVerifier.java:171)
	at org.apache.zookeeper.common.ZKTrustManager.performHostVerification(ZKTrustManager.java:159)
	... 28 more
2020-06-22 14:13:29,504 [myid:2] - ERROR [ListenerHandler-/127.0.0.1:30156:ZKTrustManager@161] - Failed to verify host address: 127.0.0.1
javax.net.ssl.SSLPeerUnverifiedException: Certificate for <127.0.0.1> doesn't match any of the subject alternative names: [localhost, 140.211.11.105]
	at org.apache.zookeeper.common.ZKHostnameVerifier.matchIPAddress(ZKHostnameVerifier.java:197)
	at org.apache.zookeeper.common.ZKHostnameVerifier.verify(ZKHostnameVerifier.java:165)
	at org.apache.zookeeper.common.ZKTrustManager.performHostVerification(ZKTrustManager.java:151)
	at org.apache.zookeeper.common.ZKTrustManager.checkClientTrusted(ZKTrustManager.java:79)
	at sun.security.ssl.ServerHandshaker.clientCertificate(ServerHandshaker.java:2037)
	at sun.security.ssl.ServerHandshaker.processMessage(ServerHandshaker.java:233)
	at sun.security.ssl.Handshaker.processLoop(Handshaker.java:1082)
	at sun.security.ssl.Handshaker.process_record(Handshaker.java:1010)
	at sun.security.ssl.SSLSocketImpl.readRecord(SSLSocketImpl.java:1079)
	at sun.security.ssl.SSLSocketImpl.performInitialHandshake(SSLSocketImpl.java:1388)
	at sun.security.ssl.SSLSocketImpl.startHandshake(SSLSocketImpl.java:1416)
	at sun.security.ssl.SSLSocketImpl.getSession(SSLSocketImpl.java:2309)
	at org.apache.zookeeper.server.quorum.UnifiedServerSocket$UnifiedSocket.detectMode(UnifiedServerSocket.java:269)
	at org.apache.zookeeper.server.quorum.UnifiedServerSocket$UnifiedSocket.getSocket(UnifiedServerSocket.java:298)
	at org.apache.zookeeper.server.quorum.UnifiedServerSocket$UnifiedSocket.access$400(UnifiedServerSocket.java:172)
	at org.apache.zookeeper.server.quorum.UnifiedServerSocket$UnifiedInputStream.getRealInputStream(UnifiedServerSocket.java:699)
	at org.apache.zookeeper.server.quorum.UnifiedServerSocket$UnifiedInputStream.read(UnifiedServerSocket.java:693)
	at java.io.BufferedInputStream.fill(BufferedInputStream.java:246)
	at java.io.BufferedInputStream.read1(BufferedInputStream.java:286)
	at java.io.BufferedInputStream.read(BufferedInputStream.java:345)
	at java.io.DataInputStream.readFully(DataInputStream.java:195)
	at java.io.DataInputStream.readLong(DataInputStream.java:416)
	at org.apache.zookeeper.server.quorum.QuorumCnxManager.handleConnection(QuorumCnxManager.java:601)
	at org.apache.zookeeper.server.quorum.QuorumCnxManager.receiveConnection(QuorumCnxManager.java:554)
	at org.apache.zookeeper.server.quorum.QuorumCnxManager$Listener$ListenerHandler.acceptConnections(QuorumCnxManager.java:1079)
	at org.apache.zookeeper.server.quorum.QuorumCnxManager$Listener$ListenerHandler.run(QuorumCnxManager.java:1033)
	at java.util.concurrent.Executors$RunnableAdapter.call(Executors.java:511)
	at java.util.concurrent.FutureTask.run(FutureTask.java:266)
	at java.util.concurrent.ThreadPoolExecutor.runWorker(ThreadPoolExecutor.java:1149)
	at java.util.concurrent.ThreadPoolExecutor$Worker.run(ThreadPoolExecutor.java:624)
	at java.lang.Thread.run(Thread.java:748)
2020-06-22 14:13:29,504 [myid:2] - ERROR [ListenerHandler-/127.0.0.1:30156:ZKTrustManager@162] - Failed to verify hostname: activate.navicat.com
javax.net.ssl.SSLPeerUnverifiedException: Certificate for <activate.navicat.com> doesn't match any of the subject alternative names: [localhost, 140.211.11.105]
	at org.apache.zookeeper.common.ZKHostnameVerifier.matchDNSName(ZKHostnameVerifier.java:230)
	at org.apache.zookeeper.common.ZKHostnameVerifier.verify(ZKHostnameVerifier.java:171)
	at org.apache.zookeeper.common.ZKTrustManager.performHostVerification(ZKTrustManager.java:159)
	at org.apache.zookeeper.common.ZKTrustManager.checkClientTrusted(ZKTrustManager.java:79)
	at sun.security.ssl.ServerHandshaker.clientCertificate(ServerHandshaker.java:2037)
	at sun.security.ssl.ServerHandshaker.processMessage(ServerHandshaker.java:233)
	at sun.security.ssl.Handshaker.processLoop(Handshaker.java:1082)
	at sun.security.ssl.Handshaker.process_record(Handshaker.java:1010)
	at sun.security.ssl.SSLSocketImpl.readRecord(SSLSocketImpl.java:1079)
	at sun.security.ssl.SSLSocketImpl.performInitialHandshake(SSLSocketImpl.java:1388)
	at sun.security.ssl.SSLSocketImpl.startHandshake(SSLSocketImpl.java:1416)
	at sun.security.ssl.SSLSocketImpl.getSession(SSLSocketImpl.java:2309)
	at org.apache.zookeeper.server.quorum.UnifiedServerSocket$UnifiedSocket.detectMode(UnifiedServerSocket.java:269)
	at org.apache.zookeeper.server.quorum.UnifiedServerSocket$UnifiedSocket.getSocket(UnifiedServerSocket.java:298)
	at org.apache.zookeeper.server.quorum.UnifiedServerSocket$UnifiedSocket.access$400(UnifiedServerSocket.java:172)
	at org.apache.zookeeper.server.quorum.UnifiedServerSocket$UnifiedInputStream.getRealInputStream(UnifiedServerSocket.java:699)
	at org.apache.zookeeper.server.quorum.UnifiedServerSocket$UnifiedInputStream.read(UnifiedServerSocket.java:693)
	at java.io.BufferedInputStream.fill(BufferedInputStream.java:246)
	at java.io.BufferedInputStream.read1(BufferedInputStream.java:286)
	at java.io.BufferedInputStream.read(BufferedInputStream.java:345)
	at java.io.DataInputStream.readFully(DataInputStream.java:195)
	at java.io.DataInputStream.readLong(DataInputStream.java:416)
	at org.apache.zookeeper.server.quorum.QuorumCnxManager.handleConnection(QuorumCnxManager.java:601)
	at org.apache.zookeeper.server.quorum.QuorumCnxManager.receiveConnection(QuorumCnxManager.java:554)
	at org.apache.zookeeper.server.quorum.QuorumCnxManager$Listener$ListenerHandler.acceptConnections(QuorumCnxManager.java:1079)
	at org.apache.zookeeper.server.quorum.QuorumCnxManager$Listener$ListenerHandler.run(QuorumCnxManager.java:1033)
	at java.util.concurrent.Executors$RunnableAdapter.call(Executors.java:511)
	at java.util.concurrent.FutureTask.run(FutureTask.java:266)
	at java.util.concurrent.ThreadPoolExecutor.runWorker(ThreadPoolExecutor.java:1149)
	at java.util.concurrent.ThreadPoolExecutor$Worker.run(ThreadPoolExecutor.java:624)
	at java.lang.Thread.run(Thread.java:748)
2020-06-22 14:13:29,504 [myid:2] - INFO  [ListenerHandler-/127.0.0.1:30156:UnifiedServerSocket$UnifiedSocket@266] - Accepted TLS connection from activate.navicat.com/127.0.0.1:57571 - NONE - SSL_NULL_WITH_NULL_NULL
2020-06-22 14:13:29,504 [myid:2] - WARN  [ListenerHandler-/127.0.0.1:30156:QuorumCnxManager@629] - Exception reading or writing challenge
javax.net.ssl.SSLException: Connection has been shutdown: javax.net.ssl.SSLHandshakeException: java.security.cert.CertificateException: Failed to verify both host address and host name
	at sun.security.ssl.SSLSocketImpl.checkEOF(SSLSocketImpl.java:1554)
	at sun.security.ssl.AppInputStream.read(AppInputStream.java:95)
	at org.apache.zookeeper.server.quorum.UnifiedServerSocket$UnifiedInputStream.read(UnifiedServerSocket.java:693)
	at java.io.BufferedInputStream.fill(BufferedInputStream.java:246)
	at java.io.BufferedInputStream.read1(BufferedInputStream.java:286)
	at java.io.BufferedInputStream.read(BufferedInputStream.java:345)
	at java.io.DataInputStream.readFully(DataInputStream.java:195)
	at java.io.DataInputStream.readLong(DataInputStream.java:416)
	at org.apache.zookeeper.server.quorum.QuorumCnxManager.handleConnection(QuorumCnxManager.java:601)
	at org.apache.zookeeper.server.quorum.QuorumCnxManager.receiveConnection(QuorumCnxManager.java:554)
	at org.apache.zookeeper.server.quorum.QuorumCnxManager$Listener$ListenerHandler.acceptConnections(QuorumCnxManager.java:1079)
	at org.apache.zookeeper.server.quorum.QuorumCnxManager$Listener$ListenerHandler.run(QuorumCnxManager.java:1033)
	at java.util.concurrent.Executors$RunnableAdapter.call(Executors.java:511)
	at java.util.concurrent.FutureTask.run(FutureTask.java:266)
	at java.util.concurrent.ThreadPoolExecutor.runWorker(ThreadPoolExecutor.java:1149)
	at java.util.concurrent.ThreadPoolExecutor$Worker.run(ThreadPoolExecutor.java:624)
	at java.lang.Thread.run(Thread.java:748)
Caused by: javax.net.ssl.SSLHandshakeException: java.security.cert.CertificateException: Failed to verify both host address and host name
	at sun.security.ssl.Alerts.getSSLException(Alerts.java:198)
	at sun.security.ssl.SSLSocketImpl.fatal(SSLSocketImpl.java:1967)
	at sun.security.ssl.Handshaker.fatalSE(Handshaker.java:331)
	at sun.security.ssl.Handshaker.fatalSE(Handshaker.java:325)
	at sun.security.ssl.ServerHandshaker.clientCertificate(ServerHandshaker.java:2055)
	at sun.security.ssl.ServerHandshaker.processMessage(ServerHandshaker.java:233)
	at sun.security.ssl.Handshaker.processLoop(Handshaker.java:1082)
	at sun.security.ssl.Handshaker.process_record(Handshaker.java:1010)
	at sun.security.ssl.SSLSocketImpl.readRecord(SSLSocketImpl.java:1079)
	at sun.security.ssl.SSLSocketImpl.performInitialHandshake(SSLSocketImpl.java:1388)
	at sun.security.ssl.SSLSocketImpl.startHandshake(SSLSocketImpl.java:1416)
	at sun.security.ssl.SSLSocketImpl.getSession(SSLSocketImpl.java:2309)
	at org.apache.zookeeper.server.quorum.UnifiedServerSocket$UnifiedSocket.detectMode(UnifiedServerSocket.java:269)
	at org.apache.zookeeper.server.quorum.UnifiedServerSocket$UnifiedSocket.getSocket(UnifiedServerSocket.java:298)
	at org.apache.zookeeper.server.quorum.UnifiedServerSocket$UnifiedSocket.access$400(UnifiedServerSocket.java:172)
	at org.apache.zookeeper.server.quorum.UnifiedServerSocket$UnifiedInputStream.getRealInputStream(UnifiedServerSocket.java:699)
	... 15 more
Caused by: java.security.cert.CertificateException: Failed to verify both host address and host name
	at org.apache.zookeeper.common.ZKTrustManager.performHostVerification(ZKTrustManager.java:163)
	at org.apache.zookeeper.common.ZKTrustManager.checkClientTrusted(ZKTrustManager.java:79)
	at sun.security.ssl.ServerHandshaker.clientCertificate(ServerHandshaker.java:2037)
	... 26 more
Caused by: javax.net.ssl.SSLPeerUnverifiedException: Certificate for <activate.navicat.com> doesn't match any of the subject alternative names: [localhost, 140.211.11.105]
	at org.apache.zookeeper.common.ZKHostnameVerifier.matchDNSName(ZKHostnameVerifier.java:230)
	at org.apache.zookeeper.common.ZKHostnameVerifier.verify(ZKHostnameVerifier.java:171)
	at org.apache.zookeeper.common.ZKTrustManager.performHostVerification(ZKTrustManager.java:159)
	... 28 more
2020-06-22 14:13:29,526 [myid:3] - WARN  [QuorumConnectionThread-[myid=3]-1:QuorumCnxManager@400] - Cannot open channel to 1 at election address /127.0.0.1:30155
java.net.SocketException: Software caused connection abort: socket write error
	at java.net.SocketOutputStream.socketWrite0(Native Method)
	at java.net.SocketOutputStream.socketWrite(SocketOutputStream.java:111)
	at java.net.SocketOutputStream.write(SocketOutputStream.java:155)
	at sun.security.ssl.OutputRecord.writeBuffer(OutputRecord.java:431)
	at sun.security.ssl.OutputRecord.write(OutputRecord.java:417)
	at sun.security.ssl.SSLSocketImpl.writeRecordInternal(SSLSocketImpl.java:894)
	at sun.security.ssl.SSLSocketImpl.writeRecord(SSLSocketImpl.java:865)
	at sun.security.ssl.SSLSocketImpl.writeRecord(SSLSocketImpl.java:735)
	at sun.security.ssl.Handshaker.sendChangeCipherSpec(Handshaker.java:1189)
	at sun.security.ssl.ClientHandshaker.sendChangeCipherAndFinish(ClientHandshaker.java:1323)
	at sun.security.ssl.ClientHandshaker.serverHelloDone(ClientHandshaker.java:1233)
	at sun.security.ssl.ClientHandshaker.processMessage(ClientHandshaker.java:372)
	at sun.security.ssl.Handshaker.processLoop(Handshaker.java:1082)
	at sun.security.ssl.Handshaker.process_record(Handshaker.java:1010)
	at sun.security.ssl.SSLSocketImpl.readRecord(SSLSocketImpl.java:1079)
	at sun.security.ssl.SSLSocketImpl.performInitialHandshake(SSLSocketImpl.java:1388)
	at sun.security.ssl.SSLSocketImpl.startHandshake(SSLSocketImpl.java:1416)
	at sun.security.ssl.SSLSocketImpl.startHandshake(SSLSocketImpl.java:1400)
	at org.apache.zookeeper.server.quorum.QuorumCnxManager.initiateConnection(QuorumCnxManager.java:386)
	at org.apache.zookeeper.server.quorum.QuorumCnxManager$QuorumConnectionReqThread.run(QuorumCnxManager.java:457)
	at java.util.concurrent.ThreadPoolExecutor.runWorker(ThreadPoolExecutor.java:1149)
	at java.util.concurrent.ThreadPoolExecutor$Worker.run(ThreadPoolExecutor.java:624)
	at java.lang.Thread.run(Thread.java:748)
2020-06-22 14:13:29,530 [myid:3] - WARN  [QuorumConnectionThread-[myid=3]-3:QuorumCnxManager@400] - Cannot open channel to 2 at election address /127.0.0.1:30156
java.net.SocketException: Software caused connection abort: socket write error
	at java.net.SocketOutputStream.socketWrite0(Native Method)
	at java.net.SocketOutputStream.socketWrite(SocketOutputStream.java:111)
	at java.net.SocketOutputStream.write(SocketOutputStream.java:155)
	at sun.security.ssl.OutputRecord.writeBuffer(OutputRecord.java:431)
	at sun.security.ssl.OutputRecord.write(OutputRecord.java:417)
	at sun.security.ssl.SSLSocketImpl.writeRecordInternal(SSLSocketImpl.java:894)
	at sun.security.ssl.SSLSocketImpl.writeRecord(SSLSocketImpl.java:865)
	at sun.security.ssl.SSLSocketImpl.writeRecord(SSLSocketImpl.java:735)
	at sun.security.ssl.Handshaker.sendChangeCipherSpec(Handshaker.java:1189)
	at sun.security.ssl.ClientHandshaker.sendChangeCipherAndFinish(ClientHandshaker.java:1323)
	at sun.security.ssl.ClientHandshaker.serverHelloDone(ClientHandshaker.java:1233)
	at sun.security.ssl.ClientHandshaker.processMessage(ClientHandshaker.java:372)
	at sun.security.ssl.Handshaker.processLoop(Handshaker.java:1082)
	at sun.security.ssl.Handshaker.process_record(Handshaker.java:1010)
	at sun.security.ssl.SSLSocketImpl.readRecord(SSLSocketImpl.java:1079)
	at sun.security.ssl.SSLSocketImpl.performInitialHandshake(SSLSocketImpl.java:1388)
	at sun.security.ssl.SSLSocketImpl.startHandshake(SSLSocketImpl.java:1416)
	at sun.security.ssl.SSLSocketImpl.startHandshake(SSLSocketImpl.java:1400)
	at org.apache.zookeeper.server.quorum.QuorumCnxManager.initiateConnection(QuorumCnxManager.java:386)
	at org.apache.zookeeper.server.quorum.QuorumCnxManager$QuorumConnectionReqThread.run(QuorumCnxManager.java:457)
	at java.util.concurrent.ThreadPoolExecutor.runWorker(ThreadPoolExecutor.java:1149)
	at java.util.concurrent.ThreadPoolExecutor$Worker.run(ThreadPoolExecutor.java:624)
	at java.lang.Thread.run(Thread.java:748)
2020-06-22 14:13:29,536 [myid:] - INFO  [Time-limited test:FourLetterWordMain@93] - connecting to 127.0.0.1 30151
2020-06-22 14:13:29,537 [myid:3] - INFO  [nioEventLoopGroup-127-12:NettyServerCnxn@285] - Processing stat command from /127.0.0.1:57572
2020-06-22 14:13:29,798 [myid:] - INFO  [Time-limited test:FourLetterWordMain@93] - connecting to 127.0.0.1 30151
2020-06-22 14:13:29,799 [myid:3] - INFO  [nioEventLoopGroup-127-13:NettyServerCnxn@285] - Processing stat command from /127.0.0.1:57577
2020-06-22 14:13:30,049 [myid:] - INFO  [Time-limited test:FourLetterWordMain@93] - connecting to 127.0.0.1 30151
2020-06-22 14:13:30,050 [myid:3] - INFO  [nioEventLoopGroup-127-14:NettyServerCnxn@285] - Processing stat command from /127.0.0.1:57579
2020-06-22 14:13:30,300 [myid:] - INFO  [Time-limited test:FourLetterWordMain@93] - connecting to 127.0.0.1 30151
2020-06-22 14:13:30,301 [myid:3] - INFO  [nioEventLoopGroup-127-15:NettyServerCnxn@285] - Processing stat command from /127.0.0.1:57593
2020-06-22 14:13:30,552 [myid:] - INFO  [Time-limited test:FourLetterWordMain@93] - connecting to 127.0.0.1 30151
2020-06-22 14:13:30,553 [myid:3] - INFO  [nioEventLoopGroup-127-16:NettyServerCnxn@285] - Processing stat command from /127.0.0.1:57649
2020-06-22 14:13:30,803 [myid:] - INFO  [Time-limited test:FourLetterWordMain@93] - connecting to 127.0.0.1 30151
2020-06-22 14:13:30,803 [myid:3] - INFO  [nioEventLoopGroup-127-1:NettyServerCnxn@285] - Processing stat command from /127.0.0.1:57657
2020-06-22 14:13:31,055 [myid:] - INFO  [Time-limited test:FourLetterWordMain@93] - connecting to 127.0.0.1 30151
2020-06-22 14:13:31,055 [myid:3] - INFO  [nioEventLoopGroup-127-2:NettyServerCnxn@285] - Processing stat command from /127.0.0.1:57663
2020-06-22 14:13:31,316 [myid:] - INFO  [Time-limited test:FourLetterWordMain@93] - connecting to 127.0.0.1 30151
2020-06-22 14:13:31,317 [myid:3] - INFO  [nioEventLoopGroup-127-3:NettyServerCnxn@285] - Processing stat command from /127.0.0.1:57686
2020-06-22 14:13:31,568 [myid:] - INFO  [Time-limited test:FourLetterWordMain@93] - connecting to 127.0.0.1 30151
2020-06-22 14:13:31,568 [myid:3] - INFO  [nioEventLoopGroup-127-4:NettyServerCnxn@285] - Processing stat command from /127.0.0.1:57691
2020-06-22 14:13:31,819 [myid:] - INFO  [Time-limited test:FourLetterWordMain@93] - connecting to 127.0.0.1 30151
2020-06-22 14:13:31,820 [myid:3] - INFO  [nioEventLoopGroup-127-5:NettyServerCnxn@285] - Processing stat command from /127.0.0.1:57700
2020-06-22 14:13:32,070 [myid:] - INFO  [Time-limited test:FourLetterWordMain@93] - connecting to 127.0.0.1 30151
2020-06-22 14:13:32,070 [myid:3] - INFO  [nioEventLoopGroup-127-6:NettyServerCnxn@285] - Processing stat command from /127.0.0.1:57705
2020-06-22 14:13:32,322 [myid:] - INFO  [Time-limited test:FourLetterWordMain@93] - connecting to 127.0.0.1 30151
2020-06-22 14:13:32,322 [myid:3] - INFO  [nioEventLoopGroup-127-7:NettyServerCnxn@285] - Processing stat command from /127.0.0.1:57707
2020-06-22 14:13:32,573 [myid:] - INFO  [Time-limited test:FourLetterWordMain@93] - connecting to 127.0.0.1 30151
2020-06-22 14:13:32,573 [myid:3] - INFO  [nioEventLoopGroup-127-8:NettyServerCnxn@285] - Processing stat command from /127.0.0.1:57722
2020-06-22 14:13:32,675 [myid:3] - INFO  [QuorumPeer[myid=3](plain=[0:0:0:0:0:0:0:0]:30151)(secure=disabled):FastLeaderElection@979] - Notification time out: 6400
2020-06-22 14:13:32,675 [myid:1] - INFO  [ListenerHandler-/127.0.0.1:30155:QuorumCnxManager$Listener$ListenerHandler@1070] - Received connection request from /127.0.0.1:57735
2020-06-22 14:13:32,675 [myid:2] - INFO  [ListenerHandler-/127.0.0.1:30156:QuorumCnxManager$Listener$ListenerHandler@1070] - Received connection request from /127.0.0.1:57736
2020-06-22 14:13:32,716 [myid:2] - ERROR [ListenerHandler-/127.0.0.1:30156:ZKTrustManager@161] - Failed to verify host address: 127.0.0.1
javax.net.ssl.SSLPeerUnverifiedException: Certificate for <127.0.0.1> doesn't match any of the subject alternative names: [localhost, 140.211.11.105]
	at org.apache.zookeeper.common.ZKHostnameVerifier.matchIPAddress(ZKHostnameVerifier.java:197)
	at org.apache.zookeeper.common.ZKHostnameVerifier.verify(ZKHostnameVerifier.java:165)
	at org.apache.zookeeper.common.ZKTrustManager.performHostVerification(ZKTrustManager.java:151)
	at org.apache.zookeeper.common.ZKTrustManager.checkClientTrusted(ZKTrustManager.java:79)
	at sun.security.ssl.ServerHandshaker.clientCertificate(ServerHandshaker.java:2037)
	at sun.security.ssl.ServerHandshaker.processMessage(ServerHandshaker.java:233)
	at sun.security.ssl.Handshaker.processLoop(Handshaker.java:1082)
	at sun.security.ssl.Handshaker.process_record(Handshaker.java:1010)
	at sun.security.ssl.SSLSocketImpl.readRecord(SSLSocketImpl.java:1079)
	at sun.security.ssl.SSLSocketImpl.performInitialHandshake(SSLSocketImpl.java:1388)
	at sun.security.ssl.SSLSocketImpl.startHandshake(SSLSocketImpl.java:1416)
	at sun.security.ssl.SSLSocketImpl.getSession(SSLSocketImpl.java:2309)
	at org.apache.zookeeper.server.quorum.UnifiedServerSocket$UnifiedSocket.detectMode(UnifiedServerSocket.java:269)
	at org.apache.zookeeper.server.quorum.UnifiedServerSocket$UnifiedSocket.getSocket(UnifiedServerSocket.java:298)
	at org.apache.zookeeper.server.quorum.UnifiedServerSocket$UnifiedSocket.access$400(UnifiedServerSocket.java:172)
	at org.apache.zookeeper.server.quorum.UnifiedServerSocket$UnifiedInputStream.getRealInputStream(UnifiedServerSocket.java:699)
	at org.apache.zookeeper.server.quorum.UnifiedServerSocket$UnifiedInputStream.read(UnifiedServerSocket.java:693)
	at java.io.BufferedInputStream.fill(BufferedInputStream.java:246)
	at java.io.BufferedInputStream.read1(BufferedInputStream.java:286)
	at java.io.BufferedInputStream.read(BufferedInputStream.java:345)
	at java.io.DataInputStream.readFully(DataInputStream.java:195)
	at java.io.DataInputStream.readLong(DataInputStream.java:416)
	at org.apache.zookeeper.server.quorum.QuorumCnxManager.handleConnection(QuorumCnxManager.java:601)
	at org.apache.zookeeper.server.quorum.QuorumCnxManager.receiveConnection(QuorumCnxManager.java:554)
	at org.apache.zookeeper.server.quorum.QuorumCnxManager$Listener$ListenerHandler.acceptConnections(QuorumCnxManager.java:1079)
	at org.apache.zookeeper.server.quorum.QuorumCnxManager$Listener$ListenerHandler.run(QuorumCnxManager.java:1033)
	at java.util.concurrent.Executors$RunnableAdapter.call(Executors.java:511)
	at java.util.concurrent.FutureTask.run(FutureTask.java:266)
	at java.util.concurrent.ThreadPoolExecutor.runWorker(ThreadPoolExecutor.java:1149)
	at java.util.concurrent.ThreadPoolExecutor$Worker.run(ThreadPoolExecutor.java:624)
	at java.lang.Thread.run(Thread.java:748)
2020-06-22 14:13:32,716 [myid:2] - ERROR [ListenerHandler-/127.0.0.1:30156:ZKTrustManager@162] - Failed to verify hostname: activate.navicat.com
javax.net.ssl.SSLPeerUnverifiedException: Certificate for <activate.navicat.com> doesn't match any of the subject alternative names: [localhost, 140.211.11.105]
	at org.apache.zookeeper.common.ZKHostnameVerifier.matchDNSName(ZKHostnameVerifier.java:230)
	at org.apache.zookeeper.common.ZKHostnameVerifier.verify(ZKHostnameVerifier.java:171)
	at org.apache.zookeeper.common.ZKTrustManager.performHostVerification(ZKTrustManager.java:159)
	at org.apache.zookeeper.common.ZKTrustManager.checkClientTrusted(ZKTrustManager.java:79)
	at sun.security.ssl.ServerHandshaker.clientCertificate(ServerHandshaker.java:2037)
	at sun.security.ssl.ServerHandshaker.processMessage(ServerHandshaker.java:233)
	at sun.security.ssl.Handshaker.processLoop(Handshaker.java:1082)
	at sun.security.ssl.Handshaker.process_record(Handshaker.java:1010)
	at sun.security.ssl.SSLSocketImpl.readRecord(SSLSocketImpl.java:1079)
	at sun.security.ssl.SSLSocketImpl.performInitialHandshake(SSLSocketImpl.java:1388)
	at sun.security.ssl.SSLSocketImpl.startHandshake(SSLSocketImpl.java:1416)
	at sun.security.ssl.SSLSocketImpl.getSession(SSLSocketImpl.java:2309)
	at org.apache.zookeeper.server.quorum.UnifiedServerSocket$UnifiedSocket.detectMode(UnifiedServerSocket.java:269)
	at org.apache.zookeeper.server.quorum.UnifiedServerSocket$UnifiedSocket.getSocket(UnifiedServerSocket.java:298)
	at org.apache.zookeeper.server.quorum.UnifiedServerSocket$UnifiedSocket.access$400(UnifiedServerSocket.java:172)
	at org.apache.zookeeper.server.quorum.UnifiedServerSocket$UnifiedInputStream.getRealInputStream(UnifiedServerSocket.java:699)
	at org.apache.zookeeper.server.quorum.UnifiedServerSocket$UnifiedInputStream.read(UnifiedServerSocket.java:693)
	at java.io.BufferedInputStream.fill(BufferedInputStream.java:246)
	at java.io.BufferedInputStream.read1(BufferedInputStream.java:286)
	at java.io.BufferedInputStream.read(BufferedInputStream.java:345)
	at java.io.DataInputStream.readFully(DataInputStream.java:195)
	at java.io.DataInputStream.readLong(DataInputStream.java:416)
	at org.apache.zookeeper.server.quorum.QuorumCnxManager.handleConnection(QuorumCnxManager.java:601)
	at org.apache.zookeeper.server.quorum.QuorumCnxManager.receiveConnection(QuorumCnxManager.java:554)
	at org.apache.zookeeper.server.quorum.QuorumCnxManager$Listener$ListenerHandler.acceptConnections(QuorumCnxManager.java:1079)
	at org.apache.zookeeper.server.quorum.QuorumCnxManager$Listener$ListenerHandler.run(QuorumCnxManager.java:1033)
	at java.util.concurrent.Executors$RunnableAdapter.call(Executors.java:511)
	at java.util.concurrent.FutureTask.run(FutureTask.java:266)
	at java.util.concurrent.ThreadPoolExecutor.runWorker(ThreadPoolExecutor.java:1149)
	at java.util.concurrent.ThreadPoolExecutor$Worker.run(ThreadPoolExecutor.java:624)
	at java.lang.Thread.run(Thread.java:748)
2020-06-22 14:13:32,717 [myid:2] - INFO  [ListenerHandler-/127.0.0.1:30156:UnifiedServerSocket$UnifiedSocket@266] - Accepted TLS connection from activate.navicat.com/127.0.0.1:57736 - NONE - SSL_NULL_WITH_NULL_NULL
2020-06-22 14:13:32,717 [myid:2] - WARN  [ListenerHandler-/127.0.0.1:30156:QuorumCnxManager@629] - Exception reading or writing challenge
javax.net.ssl.SSLException: Connection has been shutdown: javax.net.ssl.SSLHandshakeException: java.security.cert.CertificateException: Failed to verify both host address and host name
	at sun.security.ssl.SSLSocketImpl.checkEOF(SSLSocketImpl.java:1554)
	at sun.security.ssl.AppInputStream.read(AppInputStream.java:95)
	at org.apache.zookeeper.server.quorum.UnifiedServerSocket$UnifiedInputStream.read(UnifiedServerSocket.java:693)
	at java.io.BufferedInputStream.fill(BufferedInputStream.java:246)
	at java.io.BufferedInputStream.read1(BufferedInputStream.java:286)
	at java.io.BufferedInputStream.read(BufferedInputStream.java:345)
	at java.io.DataInputStream.readFully(DataInputStream.java:195)
	at java.io.DataInputStream.readLong(DataInputStream.java:416)
	at org.apache.zookeeper.server.quorum.QuorumCnxManager.handleConnection(QuorumCnxManager.java:601)
	at org.apache.zookeeper.server.quorum.QuorumCnxManager.receiveConnection(QuorumCnxManager.java:554)
	at org.apache.zookeeper.server.quorum.QuorumCnxManager$Listener$ListenerHandler.acceptConnections(QuorumCnxManager.java:1079)
	at org.apache.zookeeper.server.quorum.QuorumCnxManager$Listener$ListenerHandler.run(QuorumCnxManager.java:1033)
	at java.util.concurrent.Executors$RunnableAdapter.call(Executors.java:511)
	at java.util.concurrent.FutureTask.run(FutureTask.java:266)
	at java.util.concurrent.ThreadPoolExecutor.runWorker(ThreadPoolExecutor.java:1149)
	at java.util.concurrent.ThreadPoolExecutor$Worker.run(ThreadPoolExecutor.java:624)
	at java.lang.Thread.run(Thread.java:748)
Caused by: javax.net.ssl.SSLHandshakeException: java.security.cert.CertificateException: Failed to verify both host address and host name
	at sun.security.ssl.Alerts.getSSLException(Alerts.java:198)
	at sun.security.ssl.SSLSocketImpl.fatal(SSLSocketImpl.java:1967)
	at sun.security.ssl.Handshaker.fatalSE(Handshaker.java:331)
	at sun.security.ssl.Handshaker.fatalSE(Handshaker.java:325)
	at sun.security.ssl.ServerHandshaker.clientCertificate(ServerHandshaker.java:2055)
	at sun.security.ssl.ServerHandshaker.processMessage(ServerHandshaker.java:233)
	at sun.security.ssl.Handshaker.processLoop(Handshaker.java:1082)
	at sun.security.ssl.Handshaker.process_record(Handshaker.java:1010)
	at sun.security.ssl.SSLSocketImpl.readRecord(SSLSocketImpl.java:1079)
	at sun.security.ssl.SSLSocketImpl.performInitialHandshake(SSLSocketImpl.java:1388)
	at sun.security.ssl.SSLSocketImpl.startHandshake(SSLSocketImpl.java:1416)
	at sun.security.ssl.SSLSocketImpl.getSession(SSLSocketImpl.java:2309)
	at org.apache.zookeeper.server.quorum.UnifiedServerSocket$UnifiedSocket.detectMode(UnifiedServerSocket.java:269)
	at org.apache.zookeeper.server.quorum.UnifiedServerSocket$UnifiedSocket.getSocket(UnifiedServerSocket.java:298)
	at org.apache.zookeeper.server.quorum.UnifiedServerSocket$UnifiedSocket.access$400(UnifiedServerSocket.java:172)
	at org.apache.zookeeper.server.quorum.UnifiedServerSocket$UnifiedInputStream.getRealInputStream(UnifiedServerSocket.java:699)
	... 15 more
Caused by: java.security.cert.CertificateException: Failed to verify both host address and host name
	at org.apache.zookeeper.common.ZKTrustManager.performHostVerification(ZKTrustManager.java:163)
	at org.apache.zookeeper.common.ZKTrustManager.checkClientTrusted(ZKTrustManager.java:79)
	at sun.security.ssl.ServerHandshaker.clientCertificate(ServerHandshaker.java:2037)
	... 26 more
Caused by: javax.net.ssl.SSLPeerUnverifiedException: Certificate for <activate.navicat.com> doesn't match any of the subject alternative names: [localhost, 140.211.11.105]
	at org.apache.zookeeper.common.ZKHostnameVerifier.matchDNSName(ZKHostnameVerifier.java:230)
	at org.apache.zookeeper.common.ZKHostnameVerifier.verify(ZKHostnameVerifier.java:171)
	at org.apache.zookeeper.common.ZKTrustManager.performHostVerification(ZKTrustManager.java:159)
	... 28 more
2020-06-22 14:13:32,717 [myid:1] - ERROR [ListenerHandler-/127.0.0.1:30155:ZKTrustManager@161] - Failed to verify host address: 127.0.0.1
javax.net.ssl.SSLPeerUnverifiedException: Certificate for <127.0.0.1> doesn't match any of the subject alternative names: [localhost, 140.211.11.105]
	at org.apache.zookeeper.common.ZKHostnameVerifier.matchIPAddress(ZKHostnameVerifier.java:197)
	at org.apache.zookeeper.common.ZKHostnameVerifier.verify(ZKHostnameVerifier.java:165)
	at org.apache.zookeeper.common.ZKTrustManager.performHostVerification(ZKTrustManager.java:151)
	at org.apache.zookeeper.common.ZKTrustManager.checkClientTrusted(ZKTrustManager.java:79)
	at sun.security.ssl.ServerHandshaker.clientCertificate(ServerHandshaker.java:2037)
	at sun.security.ssl.ServerHandshaker.processMessage(ServerHandshaker.java:233)
	at sun.security.ssl.Handshaker.processLoop(Handshaker.java:1082)
	at sun.security.ssl.Handshaker.process_record(Handshaker.java:1010)
	at sun.security.ssl.SSLSocketImpl.readRecord(SSLSocketImpl.java:1079)
	at sun.security.ssl.SSLSocketImpl.performInitialHandshake(SSLSocketImpl.java:1388)
	at sun.security.ssl.SSLSocketImpl.startHandshake(SSLSocketImpl.java:1416)
	at sun.security.ssl.SSLSocketImpl.getSession(SSLSocketImpl.java:2309)
	at org.apache.zookeeper.server.quorum.UnifiedServerSocket$UnifiedSocket.detectMode(UnifiedServerSocket.java:269)
	at org.apache.zookeeper.server.quorum.UnifiedServerSocket$UnifiedSocket.getSocket(UnifiedServerSocket.java:298)
	at org.apache.zookeeper.server.quorum.UnifiedServerSocket$UnifiedSocket.access$400(UnifiedServerSocket.java:172)
	at org.apache.zookeeper.server.quorum.UnifiedServerSocket$UnifiedInputStream.getRealInputStream(UnifiedServerSocket.java:699)
	at org.apache.zookeeper.server.quorum.UnifiedServerSocket$UnifiedInputStream.read(UnifiedServerSocket.java:693)
	at java.io.BufferedInputStream.fill(BufferedInputStream.java:246)
	at java.io.BufferedInputStream.read1(BufferedInputStream.java:286)
	at java.io.BufferedInputStream.read(BufferedInputStream.java:345)
	at java.io.DataInputStream.readFully(DataInputStream.java:195)
	at java.io.DataInputStream.readLong(DataInputStream.java:416)
	at org.apache.zookeeper.server.quorum.QuorumCnxManager.handleConnection(QuorumCnxManager.java:601)
	at org.apache.zookeeper.server.quorum.QuorumCnxManager.receiveConnection(QuorumCnxManager.java:554)
	at org.apache.zookeeper.server.quorum.QuorumCnxManager$Listener$ListenerHandler.acceptConnections(QuorumCnxManager.java:1079)
	at org.apache.zookeeper.server.quorum.QuorumCnxManager$Listener$ListenerHandler.run(QuorumCnxManager.java:1033)
	at java.util.concurrent.Executors$RunnableAdapter.call(Executors.java:511)
	at java.util.concurrent.FutureTask.run(FutureTask.java:266)
	at java.util.concurrent.ThreadPoolExecutor.runWorker(ThreadPoolExecutor.java:1149)
	at java.util.concurrent.ThreadPoolExecutor$Worker.run(ThreadPoolExecutor.java:624)
	at java.lang.Thread.run(Thread.java:748)
2020-06-22 14:13:32,718 [myid:1] - ERROR [ListenerHandler-/127.0.0.1:30155:ZKTrustManager@162] - Failed to verify hostname: activate.navicat.com
javax.net.ssl.SSLPeerUnverifiedException: Certificate for <activate.navicat.com> doesn't match any of the subject alternative names: [localhost, 140.211.11.105]
	at org.apache.zookeeper.common.ZKHostnameVerifier.matchDNSName(ZKHostnameVerifier.java:230)
	at org.apache.zookeeper.common.ZKHostnameVerifier.verify(ZKHostnameVerifier.java:171)
	at org.apache.zookeeper.common.ZKTrustManager.performHostVerification(ZKTrustManager.java:159)
	at org.apache.zookeeper.common.ZKTrustManager.checkClientTrusted(ZKTrustManager.java:79)
	at sun.security.ssl.ServerHandshaker.clientCertificate(ServerHandshaker.java:2037)
	at sun.security.ssl.ServerHandshaker.processMessage(ServerHandshaker.java:233)
	at sun.security.ssl.Handshaker.processLoop(Handshaker.java:1082)
	at sun.security.ssl.Handshaker.process_record(Handshaker.java:1010)
	at sun.security.ssl.SSLSocketImpl.readRecord(SSLSocketImpl.java:1079)
	at sun.security.ssl.SSLSocketImpl.performInitialHandshake(SSLSocketImpl.java:1388)
	at sun.security.ssl.SSLSocketImpl.startHandshake(SSLSocketImpl.java:1416)
	at sun.security.ssl.SSLSocketImpl.getSession(SSLSocketImpl.java:2309)
	at org.apache.zookeeper.server.quorum.UnifiedServerSocket$UnifiedSocket.detectMode(UnifiedServerSocket.java:269)
	at org.apache.zookeeper.server.quorum.UnifiedServerSocket$UnifiedSocket.getSocket(UnifiedServerSocket.java:298)
	at org.apache.zookeeper.server.quorum.UnifiedServerSocket$UnifiedSocket.access$400(UnifiedServerSocket.java:172)
	at org.apache.zookeeper.server.quorum.UnifiedServerSocket$UnifiedInputStream.getRealInputStream(UnifiedServerSocket.java:699)
	at org.apache.zookeeper.server.quorum.UnifiedServerSocket$UnifiedInputStream.read(UnifiedServerSocket.java:693)
	at java.io.BufferedInputStream.fill(BufferedInputStream.java:246)
	at java.io.BufferedInputStream.read1(BufferedInputStream.java:286)
	at java.io.BufferedInputStream.read(BufferedInputStream.java:345)
	at java.io.DataInputStream.readFully(DataInputStream.java:195)
	at java.io.DataInputStream.readLong(DataInputStream.java:416)
	at org.apache.zookeeper.server.quorum.QuorumCnxManager.handleConnection(QuorumCnxManager.java:601)
	at org.apache.zookeeper.server.quorum.QuorumCnxManager.receiveConnection(QuorumCnxManager.java:554)
	at org.apache.zookeeper.server.quorum.QuorumCnxManager$Listener$ListenerHandler.acceptConnections(QuorumCnxManager.java:1079)
	at org.apache.zookeeper.server.quorum.QuorumCnxManager$Listener$ListenerHandler.run(QuorumCnxManager.java:1033)
	at java.util.concurrent.Executors$RunnableAdapter.call(Executors.java:511)
	at java.util.concurrent.FutureTask.run(FutureTask.java:266)
	at java.util.concurrent.ThreadPoolExecutor.runWorker(ThreadPoolExecutor.java:1149)
	at java.util.concurrent.ThreadPoolExecutor$Worker.run(ThreadPoolExecutor.java:624)
	at java.lang.Thread.run(Thread.java:748)
2020-06-22 14:13:32,718 [myid:1] - INFO  [ListenerHandler-/127.0.0.1:30155:UnifiedServerSocket$UnifiedSocket@266] - Accepted TLS connection from activate.navicat.com/127.0.0.1:57735 - NONE - SSL_NULL_WITH_NULL_NULL
2020-06-22 14:13:32,718 [myid:1] - WARN  [ListenerHandler-/127.0.0.1:30155:QuorumCnxManager@629] - Exception reading or writing challenge
javax.net.ssl.SSLException: Connection has been shutdown: javax.net.ssl.SSLHandshakeException: java.security.cert.CertificateException: Failed to verify both host address and host name
	at sun.security.ssl.SSLSocketImpl.checkEOF(SSLSocketImpl.java:1554)
	at sun.security.ssl.AppInputStream.read(AppInputStream.java:95)
	at org.apache.zookeeper.server.quorum.UnifiedServerSocket$UnifiedInputStream.read(UnifiedServerSocket.java:693)
	at java.io.BufferedInputStream.fill(BufferedInputStream.java:246)
	at java.io.BufferedInputStream.read1(BufferedInputStream.java:286)
	at java.io.BufferedInputStream.read(BufferedInputStream.java:345)
	at java.io.DataInputStream.readFully(DataInputStream.java:195)
	at java.io.DataInputStream.readLong(DataInputStream.java:416)
	at org.apache.zookeeper.server.quorum.QuorumCnxManager.handleConnection(QuorumCnxManager.java:601)
	at org.apache.zookeeper.server.quorum.QuorumCnxManager.receiveConnection(QuorumCnxManager.java:554)
	at org.apache.zookeeper.server.quorum.QuorumCnxManager$Listener$ListenerHandler.acceptConnections(QuorumCnxManager.java:1079)
	at org.apache.zookeeper.server.quorum.QuorumCnxManager$Listener$ListenerHandler.run(QuorumCnxManager.java:1033)
	at java.util.concurrent.Executors$RunnableAdapter.call(Executors.java:511)
	at java.util.concurrent.FutureTask.run(FutureTask.java:266)
	at java.util.concurrent.ThreadPoolExecutor.runWorker(ThreadPoolExecutor.java:1149)
	at java.util.concurrent.ThreadPoolExecutor$Worker.run(ThreadPoolExecutor.java:624)
	at java.lang.Thread.run(Thread.java:748)
Caused by: javax.net.ssl.SSLHandshakeException: java.security.cert.CertificateException: Failed to verify both host address and host name
	at sun.security.ssl.Alerts.getSSLException(Alerts.java:198)
	at sun.security.ssl.SSLSocketImpl.fatal(SSLSocketImpl.java:1967)
	at sun.security.ssl.Handshaker.fatalSE(Handshaker.java:331)
	at sun.security.ssl.Handshaker.fatalSE(Handshaker.java:325)
	at sun.security.ssl.ServerHandshaker.clientCertificate(ServerHandshaker.java:2055)
	at sun.security.ssl.ServerHandshaker.processMessage(ServerHandshaker.java:233)
	at sun.security.ssl.Handshaker.processLoop(Handshaker.java:1082)
	at sun.security.ssl.Handshaker.process_record(Handshaker.java:1010)
	at sun.security.ssl.SSLSocketImpl.readRecord(SSLSocketImpl.java:1079)
	at sun.security.ssl.SSLSocketImpl.performInitialHandshake(SSLSocketImpl.java:1388)
	at sun.security.ssl.SSLSocketImpl.startHandshake(SSLSocketImpl.java:1416)
	at sun.security.ssl.SSLSocketImpl.getSession(SSLSocketImpl.java:2309)
	at org.apache.zookeeper.server.quorum.UnifiedServerSocket$UnifiedSocket.detectMode(UnifiedServerSocket.java:269)
	at org.apache.zookeeper.server.quorum.UnifiedServerSocket$UnifiedSocket.getSocket(UnifiedServerSocket.java:298)
	at org.apache.zookeeper.server.quorum.UnifiedServerSocket$UnifiedSocket.access$400(UnifiedServerSocket.java:172)
	at org.apache.zookeeper.server.quorum.UnifiedServerSocket$UnifiedInputStream.getRealInputStream(UnifiedServerSocket.java:699)
	... 15 more
Caused by: java.security.cert.CertificateException: Failed to verify both host address and host name
	at org.apache.zookeeper.common.ZKTrustManager.performHostVerification(ZKTrustManager.java:163)
	at org.apache.zookeeper.common.ZKTrustManager.checkClientTrusted(ZKTrustManager.java:79)
	at sun.security.ssl.ServerHandshaker.clientCertificate(ServerHandshaker.java:2037)
	... 26 more
Caused by: javax.net.ssl.SSLPeerUnverifiedException: Certificate for <activate.navicat.com> doesn't match any of the subject alternative names: [localhost, 140.211.11.105]
	at org.apache.zookeeper.common.ZKHostnameVerifier.matchDNSName(ZKHostnameVerifier.java:230)
	at org.apache.zookeeper.common.ZKHostnameVerifier.verify(ZKHostnameVerifier.java:171)
	at org.apache.zookeeper.common.ZKTrustManager.performHostVerification(ZKTrustManager.java:159)
	... 28 more
2020-06-22 14:13:32,748 [myid:3] - WARN  [QuorumConnectionThread-[myid=3]-3:QuorumCnxManager@400] - Cannot open channel to 1 at election address /127.0.0.1:30155
java.net.SocketException: Software caused connection abort: socket write error
	at java.net.SocketOutputStream.socketWrite0(Native Method)
	at java.net.SocketOutputStream.socketWrite(SocketOutputStream.java:111)
	at java.net.SocketOutputStream.write(SocketOutputStream.java:155)
	at sun.security.ssl.OutputRecord.writeBuffer(OutputRecord.java:431)
	at sun.security.ssl.OutputRecord.write(OutputRecord.java:417)
	at sun.security.ssl.SSLSocketImpl.writeRecordInternal(SSLSocketImpl.java:894)
	at sun.security.ssl.SSLSocketImpl.writeRecord(SSLSocketImpl.java:865)
	at sun.security.ssl.SSLSocketImpl.writeRecord(SSLSocketImpl.java:735)
	at sun.security.ssl.Handshaker.sendChangeCipherSpec(Handshaker.java:1189)
	at sun.security.ssl.ClientHandshaker.sendChangeCipherAndFinish(ClientHandshaker.java:1323)
	at sun.security.ssl.ClientHandshaker.serverHelloDone(ClientHandshaker.java:1233)
	at sun.security.ssl.ClientHandshaker.processMessage(ClientHandshaker.java:372)
	at sun.security.ssl.Handshaker.processLoop(Handshaker.java:1082)
	at sun.security.ssl.Handshaker.process_record(Handshaker.java:1010)
	at sun.security.ssl.SSLSocketImpl.readRecord(SSLSocketImpl.java:1079)
	at sun.security.ssl.SSLSocketImpl.performInitialHandshake(SSLSocketImpl.java:1388)
	at sun.security.ssl.SSLSocketImpl.startHandshake(SSLSocketImpl.java:1416)
	at sun.security.ssl.SSLSocketImpl.startHandshake(SSLSocketImpl.java:1400)
	at org.apache.zookeeper.server.quorum.QuorumCnxManager.initiateConnection(QuorumCnxManager.java:386)
	at org.apache.zookeeper.server.quorum.QuorumCnxManager$QuorumConnectionReqThread.run(QuorumCnxManager.java:457)
	at java.util.concurrent.ThreadPoolExecutor.runWorker(ThreadPoolExecutor.java:1149)
	at java.util.concurrent.ThreadPoolExecutor$Worker.run(ThreadPoolExecutor.java:624)
	at java.lang.Thread.run(Thread.java:748)
2020-06-22 14:13:32,748 [myid:3] - WARN  [QuorumConnectionThread-[myid=3]-1:QuorumCnxManager@400] - Cannot open channel to 2 at election address /127.0.0.1:30156
java.net.SocketException: Software caused connection abort: socket write error
	at java.net.SocketOutputStream.socketWrite0(Native Method)
	at java.net.SocketOutputStream.socketWrite(SocketOutputStream.java:111)
	at java.net.SocketOutputStream.write(SocketOutputStream.java:155)
	at sun.security.ssl.OutputRecord.writeBuffer(OutputRecord.java:431)
	at sun.security.ssl.OutputRecord.write(OutputRecord.java:417)
	at sun.security.ssl.SSLSocketImpl.writeRecordInternal(SSLSocketImpl.java:894)
	at sun.security.ssl.SSLSocketImpl.writeRecord(SSLSocketImpl.java:865)
	at sun.security.ssl.SSLSocketImpl.writeRecord(SSLSocketImpl.java:735)
	at sun.security.ssl.Handshaker.sendChangeCipherSpec(Handshaker.java:1189)
	at sun.security.ssl.ClientHandshaker.sendChangeCipherAndFinish(ClientHandshaker.java:1323)
	at sun.security.ssl.ClientHandshaker.serverHelloDone(ClientHandshaker.java:1233)
	at sun.security.ssl.ClientHandshaker.processMessage(ClientHandshaker.java:372)
	at sun.security.ssl.Handshaker.processLoop(Handshaker.java:1082)
	at sun.security.ssl.Handshaker.process_record(Handshaker.java:1010)
	at sun.security.ssl.SSLSocketImpl.readRecord(SSLSocketImpl.java:1079)
	at sun.security.ssl.SSLSocketImpl.performInitialHandshake(SSLSocketImpl.java:1388)
	at sun.security.ssl.SSLSocketImpl.startHandshake(SSLSocketImpl.java:1416)
	at sun.security.ssl.SSLSocketImpl.startHandshake(SSLSocketImpl.java:1400)
	at org.apache.zookeeper.server.quorum.QuorumCnxManager.initiateConnection(QuorumCnxManager.java:386)
	at org.apache.zookeeper.server.quorum.QuorumCnxManager$QuorumConnectionReqThread.run(QuorumCnxManager.java:457)
	at java.util.concurrent.ThreadPoolExecutor.runWorker(ThreadPoolExecutor.java:1149)
	at java.util.concurrent.ThreadPoolExecutor$Worker.run(ThreadPoolExecutor.java:624)
	at java.lang.Thread.run(Thread.java:748)
2020-06-22 14:13:32,825 [myid:] - INFO  [Time-limited test:FourLetterWordMain@93] - connecting to 127.0.0.1 30151
2020-06-22 14:13:32,825 [myid:3] - INFO  [nioEventLoopGroup-127-9:NettyServerCnxn@285] - Processing stat command from /127.0.0.1:57738
2020-06-22 14:13:33,076 [myid:] - INFO  [Time-limited test:FourLetterWordMain@93] - connecting to 127.0.0.1 30151
2020-06-22 14:13:33,076 [myid:3] - INFO  [nioEventLoopGroup-127-10:NettyServerCnxn@285] - Processing stat command from /127.0.0.1:57740
2020-06-22 14:13:33,327 [myid:] - INFO  [Time-limited test:FourLetterWordMain@93] - connecting to 127.0.0.1 30151
2020-06-22 14:13:33,328 [myid:3] - INFO  [nioEventLoopGroup-127-11:NettyServerCnxn@285] - Processing stat command from /127.0.0.1:57790
2020-06-22 14:13:33,579 [myid:] - INFO  [Time-limited test:FourLetterWordMain@93] - connecting to 127.0.0.1 30151
2020-06-22 14:13:33,579 [myid:3] - INFO  [nioEventLoopGroup-127-12:NettyServerCnxn@285] - Processing stat command from /127.0.0.1:57813
2020-06-22 14:13:33,830 [myid:] - INFO  [Time-limited test:FourLetterWordMain@93] - connecting to 127.0.0.1 30151
2020-06-22 14:13:33,830 [myid:3] - INFO  [nioEventLoopGroup-127-13:NettyServerCnxn@285] - Processing stat command from /127.0.0.1:57819
2020-06-22 14:13:34,081 [myid:] - INFO  [Time-limited test:FourLetterWordMain@93] - connecting to 127.0.0.1 30151
2020-06-22 14:13:34,081 [myid:3] - INFO  [nioEventLoopGroup-127-14:NettyServerCnxn@285] - Processing stat command from /127.0.0.1:57821
2020-06-22 14:13:34,333 [myid:] - INFO  [Time-limited test:FourLetterWordMain@93] - connecting to 127.0.0.1 30151
2020-06-22 14:13:34,333 [myid:3] - INFO  [nioEventLoopGroup-127-15:NettyServerCnxn@285] - Processing stat command from /127.0.0.1:57822
2020-06-22 14:13:34,584 [myid:] - INFO  [Time-limited test:FourLetterWordMain@93] - connecting to 127.0.0.1 30151
2020-06-22 14:13:34,584 [myid:3] - INFO  [nioEventLoopGroup-127-16:NettyServerCnxn@285] - Processing stat command from /127.0.0.1:57824
2020-06-22 14:13:34,835 [myid:] - INFO  [Time-limited test:FourLetterWordMain@93] - connecting to 127.0.0.1 30151
2020-06-22 14:13:34,835 [myid:3] - INFO  [nioEventLoopGroup-127-1:NettyServerCnxn@285] - Processing stat command from /127.0.0.1:57848
2020-06-22 14:13:35,087 [myid:] - INFO  [Time-limited test:FourLetterWordMain@93] - connecting to 127.0.0.1 30151
2020-06-22 14:13:35,087 [myid:3] - INFO  [nioEventLoopGroup-127-2:NettyServerCnxn@285] - Processing stat command from /127.0.0.1:57852
2020-06-22 14:13:35,338 [myid:] - INFO  [Time-limited test:FourLetterWordMain@93] - connecting to 127.0.0.1 30151
2020-06-22 14:13:35,338 [myid:3] - INFO  [nioEventLoopGroup-127-3:NettyServerCnxn@285] - Processing stat command from /127.0.0.1:57854
2020-06-22 14:13:35,588 [myid:] - INFO  [Time-limited test:FourLetterWordMain@93] - connecting to 127.0.0.1 30151
2020-06-22 14:13:35,588 [myid:3] - INFO  [nioEventLoopGroup-127-4:NettyServerCnxn@285] - Processing stat command from /127.0.0.1:57870
2020-06-22 14:13:35,840 [myid:] - INFO  [Time-limited test:FourLetterWordMain@93] - connecting to 127.0.0.1 30151
2020-06-22 14:13:35,841 [myid:3] - INFO  [nioEventLoopGroup-127-5:NettyServerCnxn@285] - Processing stat command from /127.0.0.1:57879
2020-06-22 14:13:36,091 [myid:] - INFO  [Time-limited test:FourLetterWordMain@93] - connecting to 127.0.0.1 30151
2020-06-22 14:13:36,092 [myid:3] - INFO  [nioEventLoopGroup-127-6:NettyServerCnxn@285] - Processing stat command from /127.0.0.1:57883
2020-06-22 14:13:36,342 [myid:] - INFO  [Time-limited test:FourLetterWordMain@93] - connecting to 127.0.0.1 30151
2020-06-22 14:13:36,342 [myid:3] - INFO  [nioEventLoopGroup-127-7:NettyServerCnxn@285] - Processing stat command from /127.0.0.1:57886
2020-06-22 14:13:36,604 [myid:] - INFO  [Time-limited test:FourLetterWordMain@93] - connecting to 127.0.0.1 30151
2020-06-22 14:13:36,604 [myid:3] - INFO  [nioEventLoopGroup-127-8:NettyServerCnxn@285] - Processing stat command from /127.0.0.1:57887
2020-06-22 14:13:36,856 [myid:] - INFO  [Time-limited test:FourLetterWordMain@93] - connecting to 127.0.0.1 30151
2020-06-22 14:13:36,857 [myid:3] - INFO  [nioEventLoopGroup-127-9:NettyServerCnxn@285] - Processing stat command from /127.0.0.1:57888
2020-06-22 14:13:37,107 [myid:] - INFO  [Time-limited test:FourLetterWordMain@93] - connecting to 127.0.0.1 30151
2020-06-22 14:13:37,107 [myid:3] - INFO  [nioEventLoopGroup-127-10:NettyServerCnxn@285] - Processing stat command from /127.0.0.1:57914
2020-06-22 14:13:37,359 [myid:] - INFO  [Time-limited test:FourLetterWordMain@93] - connecting to 127.0.0.1 30151
2020-06-22 14:13:37,360 [myid:3] - INFO  [nioEventLoopGroup-127-11:NettyServerCnxn@285] - Processing stat command from /127.0.0.1:57917
2020-06-22 14:13:37,610 [myid:] - INFO  [Time-limited test:FourLetterWordMain@93] - connecting to 127.0.0.1 30151
2020-06-22 14:13:37,610 [myid:3] - INFO  [nioEventLoopGroup-127-12:NettyServerCnxn@285] - Processing stat command from /127.0.0.1:57921
2020-06-22 14:13:37,862 [myid:] - INFO  [Time-limited test:FourLetterWordMain@93] - connecting to 127.0.0.1 30151
2020-06-22 14:13:37,862 [myid:3] - INFO  [nioEventLoopGroup-127-13:NettyServerCnxn@285] - Processing stat command from /127.0.0.1:57923
2020-06-22 14:13:38,113 [myid:] - INFO  [Time-limited test:FourLetterWordMain@93] - connecting to 127.0.0.1 30151
2020-06-22 14:13:38,113 [myid:3] - INFO  [nioEventLoopGroup-127-14:NettyServerCnxn@285] - Processing stat command from /127.0.0.1:57927
2020-06-22 14:13:38,364 [myid:] - INFO  [Time-limited test:FourLetterWordMain@93] - connecting to 127.0.0.1 30151
2020-06-22 14:13:38,365 [myid:3] - INFO  [nioEventLoopGroup-127-15:NettyServerCnxn@285] - Processing stat command from /127.0.0.1:57928
2020-06-22 14:13:38,616 [myid:] - INFO  [Time-limited test:FourLetterWordMain@93] - connecting to 127.0.0.1 30151
2020-06-22 14:13:38,617 [myid:3] - INFO  [nioEventLoopGroup-127-16:NettyServerCnxn@285] - Processing stat command from /127.0.0.1:57930
2020-06-22 14:13:38,867 [myid:] - INFO  [Time-limited test:FourLetterWordMain@93] - connecting to 127.0.0.1 30151
2020-06-22 14:13:38,867 [myid:3] - INFO  [nioEventLoopGroup-127-1:NettyServerCnxn@285] - Processing stat command from /127.0.0.1:57931
2020-06-22 14:13:39,077 [myid:3] - INFO  [QuorumPeer[myid=3](plain=[0:0:0:0:0:0:0:0]:30151)(secure=disabled):FastLeaderElection@979] - Notification time out: 12800
2020-06-22 14:13:39,077 [myid:2] - INFO  [ListenerHandler-/127.0.0.1:30156:QuorumCnxManager$Listener$ListenerHandler@1070] - Received connection request from /127.0.0.1:57954
2020-06-22 14:13:39,077 [myid:1] - INFO  [ListenerHandler-/127.0.0.1:30155:QuorumCnxManager$Listener$ListenerHandler@1070] - Received connection request from /127.0.0.1:57953
2020-06-22 14:13:39,118 [myid:2] - ERROR [ListenerHandler-/127.0.0.1:30156:ZKTrustManager@161] - Failed to verify host address: 127.0.0.1
javax.net.ssl.SSLPeerUnverifiedException: Certificate for <127.0.0.1> doesn't match any of the subject alternative names: [localhost, 140.211.11.105]
	at org.apache.zookeeper.common.ZKHostnameVerifier.matchIPAddress(ZKHostnameVerifier.java:197)
	at org.apache.zookeeper.common.ZKHostnameVerifier.verify(ZKHostnameVerifier.java:165)
	at org.apache.zookeeper.common.ZKTrustManager.performHostVerification(ZKTrustManager.java:151)
	at org.apache.zookeeper.common.ZKTrustManager.checkClientTrusted(ZKTrustManager.java:79)
	at sun.security.ssl.ServerHandshaker.clientCertificate(ServerHandshaker.java:2037)
	at sun.security.ssl.ServerHandshaker.processMessage(ServerHandshaker.java:233)
	at sun.security.ssl.Handshaker.processLoop(Handshaker.java:1082)
	at sun.security.ssl.Handshaker.process_record(Handshaker.java:1010)
	at sun.security.ssl.SSLSocketImpl.readRecord(SSLSocketImpl.java:1079)
	at sun.security.ssl.SSLSocketImpl.performInitialHandshake(SSLSocketImpl.java:1388)
	at sun.security.ssl.SSLSocketImpl.startHandshake(SSLSocketImpl.java:1416)
	at sun.security.ssl.SSLSocketImpl.getSession(SSLSocketImpl.java:2309)
	at org.apache.zookeeper.server.quorum.UnifiedServerSocket$UnifiedSocket.detectMode(UnifiedServerSocket.java:269)
	at org.apache.zookeeper.server.quorum.UnifiedServerSocket$UnifiedSocket.getSocket(UnifiedServerSocket.java:298)
	at org.apache.zookeeper.server.quorum.UnifiedServerSocket$UnifiedSocket.access$400(UnifiedServerSocket.java:172)
	at org.apache.zookeeper.server.quorum.UnifiedServerSocket$UnifiedInputStream.getRealInputStream(UnifiedServerSocket.java:699)
	at org.apache.zookeeper.server.quorum.UnifiedServerSocket$UnifiedInputStream.read(UnifiedServerSocket.java:693)
	at java.io.BufferedInputStream.fill(BufferedInputStream.java:246)
	at java.io.BufferedInputStream.read1(BufferedInputStream.java:286)
	at java.io.BufferedInputStream.read(BufferedInputStream.java:345)
	at java.io.DataInputStream.readFully(DataInputStream.java:195)
	at java.io.DataInputStream.readLong(DataInputStream.java:416)
	at org.apache.zookeeper.server.quorum.QuorumCnxManager.handleConnection(QuorumCnxManager.java:601)
	at org.apache.zookeeper.server.quorum.QuorumCnxManager.receiveConnection(QuorumCnxManager.java:554)
	at org.apache.zookeeper.server.quorum.QuorumCnxManager$Listener$ListenerHandler.acceptConnections(QuorumCnxManager.java:1079)
	at org.apache.zookeeper.server.quorum.QuorumCnxManager$Listener$ListenerHandler.run(QuorumCnxManager.java:1033)
	at java.util.concurrent.Executors$RunnableAdapter.call(Executors.java:511)
	at java.util.concurrent.FutureTask.run(FutureTask.java:266)
	at java.util.concurrent.ThreadPoolExecutor.runWorker(ThreadPoolExecutor.java:1149)
	at java.util.concurrent.ThreadPoolExecutor$Worker.run(ThreadPoolExecutor.java:624)
	at java.lang.Thread.run(Thread.java:748)
2020-06-22 14:13:39,119 [myid:2] - ERROR [ListenerHandler-/127.0.0.1:30156:ZKTrustManager@162] - Failed to verify hostname: activate.navicat.com
javax.net.ssl.SSLPeerUnverifiedException: Certificate for <activate.navicat.com> doesn't match any of the subject alternative names: [localhost, 140.211.11.105]
	at org.apache.zookeeper.common.ZKHostnameVerifier.matchDNSName(ZKHostnameVerifier.java:230)
	at org.apache.zookeeper.common.ZKHostnameVerifier.verify(ZKHostnameVerifier.java:171)
	at org.apache.zookeeper.common.ZKTrustManager.performHostVerification(ZKTrustManager.java:159)
	at org.apache.zookeeper.common.ZKTrustManager.checkClientTrusted(ZKTrustManager.java:79)
	at sun.security.ssl.ServerHandshaker.clientCertificate(ServerHandshaker.java:2037)
	at sun.security.ssl.ServerHandshaker.processMessage(ServerHandshaker.java:233)
	at sun.security.ssl.Handshaker.processLoop(Handshaker.java:1082)
	at sun.security.ssl.Handshaker.process_record(Handshaker.java:1010)
	at sun.security.ssl.SSLSocketImpl.readRecord(SSLSocketImpl.java:1079)
	at sun.security.ssl.SSLSocketImpl.performInitialHandshake(SSLSocketImpl.java:1388)
	at sun.security.ssl.SSLSocketImpl.startHandshake(SSLSocketImpl.java:1416)
	at sun.security.ssl.SSLSocketImpl.getSession(SSLSocketImpl.java:2309)
	at org.apache.zookeeper.server.quorum.UnifiedServerSocket$UnifiedSocket.detectMode(UnifiedServerSocket.java:269)
	at org.apache.zookeeper.server.quorum.UnifiedServerSocket$UnifiedSocket.getSocket(UnifiedServerSocket.java:298)
	at org.apache.zookeeper.server.quorum.UnifiedServerSocket$UnifiedSocket.access$400(UnifiedServerSocket.java:172)
	at org.apache.zookeeper.server.quorum.UnifiedServerSocket$UnifiedInputStream.getRealInputStream(UnifiedServerSocket.java:699)
	at org.apache.zookeeper.server.quorum.UnifiedServerSocket$UnifiedInputStream.read(UnifiedServerSocket.java:693)
	at java.io.BufferedInputStream.fill(BufferedInputStream.java:246)
	at java.io.BufferedInputStream.read1(BufferedInputStream.java:286)
	at java.io.BufferedInputStream.read(BufferedInputStream.java:345)
	at java.io.DataInputStream.readFully(DataInputStream.java:195)
	at java.io.DataInputStream.readLong(DataInputStream.java:416)
	at org.apache.zookeeper.server.quorum.QuorumCnxManager.handleConnection(QuorumCnxManager.java:601)
	at org.apache.zookeeper.server.quorum.QuorumCnxManager.receiveConnection(QuorumCnxManager.java:554)
	at org.apache.zookeeper.server.quorum.QuorumCnxManager$Listener$ListenerHandler.acceptConnections(QuorumCnxManager.java:1079)
	at org.apache.zookeeper.server.quorum.QuorumCnxManager$Listener$ListenerHandler.run(QuorumCnxManager.java:1033)
	at java.util.concurrent.Executors$RunnableAdapter.call(Executors.java:511)
	at java.util.concurrent.FutureTask.run(FutureTask.java:266)
	at java.util.concurrent.ThreadPoolExecutor.runWorker(ThreadPoolExecutor.java:1149)
	at java.util.concurrent.ThreadPoolExecutor$Worker.run(ThreadPoolExecutor.java:624)
	at java.lang.Thread.run(Thread.java:748)
2020-06-22 14:13:39,119 [myid:2] - INFO  [ListenerHandler-/127.0.0.1:30156:UnifiedServerSocket$UnifiedSocket@266] - Accepted TLS connection from activate.navicat.com/127.0.0.1:57954 - NONE - SSL_NULL_WITH_NULL_NULL
2020-06-22 14:13:39,119 [myid:2] - WARN  [ListenerHandler-/127.0.0.1:30156:QuorumCnxManager@629] - Exception reading or writing challenge
javax.net.ssl.SSLException: Connection has been shutdown: javax.net.ssl.SSLHandshakeException: java.security.cert.CertificateException: Failed to verify both host address and host name
	at sun.security.ssl.SSLSocketImpl.checkEOF(SSLSocketImpl.java:1554)
	at sun.security.ssl.AppInputStream.read(AppInputStream.java:95)
	at org.apache.zookeeper.server.quorum.UnifiedServerSocket$UnifiedInputStream.read(UnifiedServerSocket.java:693)
	at java.io.BufferedInputStream.fill(BufferedInputStream.java:246)
	at java.io.BufferedInputStream.read1(BufferedInputStream.java:286)
	at java.io.BufferedInputStream.read(BufferedInputStream.java:345)
	at java.io.DataInputStream.readFully(DataInputStream.java:195)
	at java.io.DataInputStream.readLong(DataInputStream.java:416)
	at org.apache.zookeeper.server.quorum.QuorumCnxManager.handleConnection(QuorumCnxManager.java:601)
	at org.apache.zookeeper.server.quorum.QuorumCnxManager.receiveConnection(QuorumCnxManager.java:554)
	at org.apache.zookeeper.server.quorum.QuorumCnxManager$Listener$ListenerHandler.acceptConnections(QuorumCnxManager.java:1079)
	at org.apache.zookeeper.server.quorum.QuorumCnxManager$Listener$ListenerHandler.run(QuorumCnxManager.java:1033)
	at java.util.concurrent.Executors$RunnableAdapter.call(Executors.java:511)
	at java.util.concurrent.FutureTask.run(FutureTask.java:266)
	at java.util.concurrent.ThreadPoolExecutor.runWorker(ThreadPoolExecutor.java:1149)
	at java.util.concurrent.ThreadPoolExecutor$Worker.run(ThreadPoolExecutor.java:624)
	at java.lang.Thread.run(Thread.java:748)
Caused by: javax.net.ssl.SSLHandshakeException: java.security.cert.CertificateException: Failed to verify both host address and host name
	at sun.security.ssl.Alerts.getSSLException(Alerts.java:198)
	at sun.security.ssl.SSLSocketImpl.fatal(SSLSocketImpl.java:1967)
	at sun.security.ssl.Handshaker.fatalSE(Handshaker.java:331)
	at sun.security.ssl.Handshaker.fatalSE(Handshaker.java:325)
	at sun.security.ssl.ServerHandshaker.clientCertificate(ServerHandshaker.java:2055)
	at sun.security.ssl.ServerHandshaker.processMessage(ServerHandshaker.java:233)
	at sun.security.ssl.Handshaker.processLoop(Handshaker.java:1082)
	at sun.security.ssl.Handshaker.process_record(Handshaker.java:1010)
	at sun.security.ssl.SSLSocketImpl.readRecord(SSLSocketImpl.java:1079)
	at sun.security.ssl.SSLSocketImpl.performInitialHandshake(SSLSocketImpl.java:1388)
	at sun.security.ssl.SSLSocketImpl.startHandshake(SSLSocketImpl.java:1416)
	at sun.security.ssl.SSLSocketImpl.getSession(SSLSocketImpl.java:2309)
	at org.apache.zookeeper.server.quorum.UnifiedServerSocket$UnifiedSocket.detectMode(UnifiedServerSocket.java:269)
	at org.apache.zookeeper.server.quorum.UnifiedServerSocket$UnifiedSocket.getSocket(UnifiedServerSocket.java:298)
	at org.apache.zookeeper.server.quorum.UnifiedServerSocket$UnifiedSocket.access$400(UnifiedServerSocket.java:172)
	at org.apache.zookeeper.server.quorum.UnifiedServerSocket$UnifiedInputStream.getRealInputStream(UnifiedServerSocket.java:699)
	... 15 more
Caused by: java.security.cert.CertificateException: Failed to verify both host address and host name
	at org.apache.zookeeper.common.ZKTrustManager.performHostVerification(ZKTrustManager.java:163)
	at org.apache.zookeeper.common.ZKTrustManager.checkClientTrusted(ZKTrustManager.java:79)
	at sun.security.ssl.ServerHandshaker.clientCertificate(ServerHandshaker.java:2037)
	... 26 more
Caused by: javax.net.ssl.SSLPeerUnverifiedException: Certificate for <activate.navicat.com> doesn't match any of the subject alternative names: [localhost, 140.211.11.105]
	at org.apache.zookeeper.common.ZKHostnameVerifier.matchDNSName(ZKHostnameVerifier.java:230)
	at org.apache.zookeeper.common.ZKHostnameVerifier.verify(ZKHostnameVerifier.java:171)
	at org.apache.zookeeper.common.ZKTrustManager.performHostVerification(ZKTrustManager.java:159)
	... 28 more
2020-06-22 14:13:39,121 [myid:1] - ERROR [ListenerHandler-/127.0.0.1:30155:ZKTrustManager@161] - Failed to verify host address: 127.0.0.1
javax.net.ssl.SSLPeerUnverifiedException: Certificate for <127.0.0.1> doesn't match any of the subject alternative names: [localhost, 140.211.11.105]
	at org.apache.zookeeper.common.ZKHostnameVerifier.matchIPAddress(ZKHostnameVerifier.java:197)
	at org.apache.zookeeper.common.ZKHostnameVerifier.verify(ZKHostnameVerifier.java:165)
	at org.apache.zookeeper.common.ZKTrustManager.performHostVerification(ZKTrustManager.java:151)
	at org.apache.zookeeper.common.ZKTrustManager.checkClientTrusted(ZKTrustManager.java:79)
	at sun.security.ssl.ServerHandshaker.clientCertificate(ServerHandshaker.java:2037)
	at sun.security.ssl.ServerHandshaker.processMessage(ServerHandshaker.java:233)
	at sun.security.ssl.Handshaker.processLoop(Handshaker.java:1082)
	at sun.security.ssl.Handshaker.process_record(Handshaker.java:1010)
	at sun.security.ssl.SSLSocketImpl.readRecord(SSLSocketImpl.java:1079)
	at sun.security.ssl.SSLSocketImpl.performInitialHandshake(SSLSocketImpl.java:1388)
	at sun.security.ssl.SSLSocketImpl.startHandshake(SSLSocketImpl.java:1416)
	at sun.security.ssl.SSLSocketImpl.getSession(SSLSocketImpl.java:2309)
	at org.apache.zookeeper.server.quorum.UnifiedServerSocket$UnifiedSocket.detectMode(UnifiedServerSocket.java:269)
	at org.apache.zookeeper.server.quorum.UnifiedServerSocket$UnifiedSocket.getSocket(UnifiedServerSocket.java:298)
	at org.apache.zookeeper.server.quorum.UnifiedServerSocket$UnifiedSocket.access$400(UnifiedServerSocket.java:172)
	at org.apache.zookeeper.server.quorum.UnifiedServerSocket$UnifiedInputStream.getRealInputStream(UnifiedServerSocket.java:699)
	at org.apache.zookeeper.server.quorum.UnifiedServerSocket$UnifiedInputStream.read(UnifiedServerSocket.java:693)
	at java.io.BufferedInputStream.fill(BufferedInputStream.java:246)
	at java.io.BufferedInputStream.read1(BufferedInputStream.java:286)
	at java.io.BufferedInputStream.read(BufferedInputStream.java:345)
	at java.io.DataInputStream.readFully(DataInputStream.java:195)
	at java.io.DataInputStream.readLong(DataInputStream.java:416)
	at org.apache.zookeeper.server.quorum.QuorumCnxManager.handleConnection(QuorumCnxManager.java:601)
	at org.apache.zookeeper.server.quorum.QuorumCnxManager.receiveConnection(QuorumCnxManager.java:554)
	at org.apache.zookeeper.server.quorum.QuorumCnxManager$Listener$ListenerHandler.acceptConnections(QuorumCnxManager.java:1079)
	at org.apache.zookeeper.server.quorum.QuorumCnxManager$Listener$ListenerHandler.run(QuorumCnxManager.java:1033)
	at java.util.concurrent.Executors$RunnableAdapter.call(Executors.java:511)
	at java.util.concurrent.FutureTask.run(FutureTask.java:266)
	at java.util.concurrent.ThreadPoolExecutor.runWorker(ThreadPoolExecutor.java:1149)
	at java.util.concurrent.ThreadPoolExecutor$Worker.run(ThreadPoolExecutor.java:624)
	at java.lang.Thread.run(Thread.java:748)
2020-06-22 14:13:39,121 [myid:1] - ERROR [ListenerHandler-/127.0.0.1:30155:ZKTrustManager@162] - Failed to verify hostname: activate.navicat.com
javax.net.ssl.SSLPeerUnverifiedException: Certificate for <activate.navicat.com> doesn't match any of the subject alternative names: [localhost, 140.211.11.105]
	at org.apache.zookeeper.common.ZKHostnameVerifier.matchDNSName(ZKHostnameVerifier.java:230)
	at org.apache.zookeeper.common.ZKHostnameVerifier.verify(ZKHostnameVerifier.java:171)
	at org.apache.zookeeper.common.ZKTrustManager.performHostVerification(ZKTrustManager.java:159)
	at org.apache.zookeeper.common.ZKTrustManager.checkClientTrusted(ZKTrustManager.java:79)
	at sun.security.ssl.ServerHandshaker.clientCertificate(ServerHandshaker.java:2037)
	at sun.security.ssl.ServerHandshaker.processMessage(ServerHandshaker.java:233)
	at sun.security.ssl.Handshaker.processLoop(Handshaker.java:1082)
	at sun.security.ssl.Handshaker.process_record(Handshaker.java:1010)
	at sun.security.ssl.SSLSocketImpl.readRecord(SSLSocketImpl.java:1079)
	at sun.security.ssl.SSLSocketImpl.performInitialHandshake(SSLSocketImpl.java:1388)
	at sun.security.ssl.SSLSocketImpl.startHandshake(SSLSocketImpl.java:1416)
	at sun.security.ssl.SSLSocketImpl.getSession(SSLSocketImpl.java:2309)
	at org.apache.zookeeper.server.quorum.UnifiedServerSocket$UnifiedSocket.detectMode(UnifiedServerSocket.java:269)
	at org.apache.zookeeper.server.quorum.UnifiedServerSocket$UnifiedSocket.getSocket(UnifiedServerSocket.java:298)
	at org.apache.zookeeper.server.quorum.UnifiedServerSocket$UnifiedSocket.access$400(UnifiedServerSocket.java:172)
	at org.apache.zookeeper.server.quorum.UnifiedServerSocket$UnifiedInputStream.getRealInputStream(UnifiedServerSocket.java:699)
	at org.apache.zookeeper.server.quorum.UnifiedServerSocket$UnifiedInputStream.read(UnifiedServerSocket.java:693)
	at java.io.BufferedInputStream.fill(BufferedInputStream.java:246)
	at java.io.BufferedInputStream.read1(BufferedInputStream.java:286)
	at java.io.BufferedInputStream.read(BufferedInputStream.java:345)
	at java.io.DataInputStream.readFully(DataInputStream.java:195)
	at java.io.DataInputStream.readLong(DataInputStream.java:416)
	at org.apache.zookeeper.server.quorum.QuorumCnxManager.handleConnection(QuorumCnxManager.java:601)
	at org.apache.zookeeper.server.quorum.QuorumCnxManager.receiveConnection(QuorumCnxManager.java:554)
	at org.apache.zookeeper.server.quorum.QuorumCnxManager$Listener$ListenerHandler.acceptConnections(QuorumCnxManager.java:1079)
	at org.apache.zookeeper.server.quorum.QuorumCnxManager$Listener$ListenerHandler.run(QuorumCnxManager.java:1033)
	at java.util.concurrent.Executors$RunnableAdapter.call(Executors.java:511)
	at java.util.concurrent.FutureTask.run(FutureTask.java:266)
	at java.util.concurrent.ThreadPoolExecutor.runWorker(ThreadPoolExecutor.java:1149)
	at java.util.concurrent.ThreadPoolExecutor$Worker.run(ThreadPoolExecutor.java:624)
	at java.lang.Thread.run(Thread.java:748)
2020-06-22 14:13:39,122 [myid:1] - INFO  [ListenerHandler-/127.0.0.1:30155:UnifiedServerSocket$UnifiedSocket@266] - Accepted TLS connection from activate.navicat.com/127.0.0.1:57953 - NONE - SSL_NULL_WITH_NULL_NULL
2020-06-22 14:13:39,122 [myid:1] - WARN  [ListenerHandler-/127.0.0.1:30155:QuorumCnxManager@629] - Exception reading or writing challenge
javax.net.ssl.SSLException: Connection has been shutdown: javax.net.ssl.SSLHandshakeException: java.security.cert.CertificateException: Failed to verify both host address and host name
	at sun.security.ssl.SSLSocketImpl.checkEOF(SSLSocketImpl.java:1554)
	at sun.security.ssl.AppInputStream.read(AppInputStream.java:95)
	at org.apache.zookeeper.server.quorum.UnifiedServerSocket$UnifiedInputStream.read(UnifiedServerSocket.java:693)
	at java.io.BufferedInputStream.fill(BufferedInputStream.java:246)
	at java.io.BufferedInputStream.read1(BufferedInputStream.java:286)
	at java.io.BufferedInputStream.read(BufferedInputStream.java:345)
	at java.io.DataInputStream.readFully(DataInputStream.java:195)
	at java.io.DataInputStream.readLong(DataInputStream.java:416)
	at org.apache.zookeeper.server.quorum.QuorumCnxManager.handleConnection(QuorumCnxManager.java:601)
	at org.apache.zookeeper.server.quorum.QuorumCnxManager.receiveConnection(QuorumCnxManager.java:554)
	at org.apache.zookeeper.server.quorum.QuorumCnxManager$Listener$ListenerHandler.acceptConnections(QuorumCnxManager.java:1079)
	at org.apache.zookeeper.server.quorum.QuorumCnxManager$Listener$ListenerHandler.run(QuorumCnxManager.java:1033)
	at java.util.concurrent.Executors$RunnableAdapter.call(Executors.java:511)
	at java.util.concurrent.FutureTask.run(FutureTask.java:266)
	at java.util.concurrent.ThreadPoolExecutor.runWorker(ThreadPoolExecutor.java:1149)
	at java.util.concurrent.ThreadPoolExecutor$Worker.run(ThreadPoolExecutor.java:624)
	at java.lang.Thread.run(Thread.java:748)
Caused by: javax.net.ssl.SSLHandshakeException: java.security.cert.CertificateException: Failed to verify both host address and host name
	at sun.security.ssl.Alerts.getSSLException(Alerts.java:198)
	at sun.security.ssl.SSLSocketImpl.fatal(SSLSocketImpl.java:1967)
	at sun.security.ssl.Handshaker.fatalSE(Handshaker.java:331)
	at sun.security.ssl.Handshaker.fatalSE(Handshaker.java:325)
	at sun.security.ssl.ServerHandshaker.clientCertificate(ServerHandshaker.java:2055)
	at sun.security.ssl.ServerHandshaker.processMessage(ServerHandshaker.java:233)
	at sun.security.ssl.Handshaker.processLoop(Handshaker.java:1082)
	at sun.security.ssl.Handshaker.process_record(Handshaker.java:1010)
	at sun.security.ssl.SSLSocketImpl.readRecord(SSLSocketImpl.java:1079)
	at sun.security.ssl.SSLSocketImpl.performInitialHandshake(SSLSocketImpl.java:1388)
	at sun.security.ssl.SSLSocketImpl.startHandshake(SSLSocketImpl.java:1416)
	at sun.security.ssl.SSLSocketImpl.getSession(SSLSocketImpl.java:2309)
	at org.apache.zookeeper.server.quorum.UnifiedServerSocket$UnifiedSocket.detectMode(UnifiedServerSocket.java:269)
	at org.apache.zookeeper.server.quorum.UnifiedServerSocket$UnifiedSocket.getSocket(UnifiedServerSocket.java:298)
	at org.apache.zookeeper.server.quorum.UnifiedServerSocket$UnifiedSocket.access$400(UnifiedServerSocket.java:172)
	at org.apache.zookeeper.server.quorum.UnifiedServerSocket$UnifiedInputStream.getRealInputStream(UnifiedServerSocket.java:699)
	... 15 more
Caused by: java.security.cert.CertificateException: Failed to verify both host address and host name
	at org.apache.zookeeper.common.ZKTrustManager.performHostVerification(ZKTrustManager.java:163)
	at org.apache.zookeeper.common.ZKTrustManager.checkClientTrusted(ZKTrustManager.java:79)
	at sun.security.ssl.ServerHandshaker.clientCertificate(ServerHandshaker.java:2037)
	... 26 more
Caused by: javax.net.ssl.SSLPeerUnverifiedException: Certificate for <activate.navicat.com> doesn't match any of the subject alternative names: [localhost, 140.211.11.105]
	at org.apache.zookeeper.common.ZKHostnameVerifier.matchDNSName(ZKHostnameVerifier.java:230)
	at org.apache.zookeeper.common.ZKHostnameVerifier.verify(ZKHostnameVerifier.java:171)
	at org.apache.zookeeper.common.ZKTrustManager.performHostVerification(ZKTrustManager.java:159)
	... 28 more
2020-06-22 14:13:39,121 [myid:] - INFO  [Time-limited test:FourLetterWordMain@93] - connecting to 127.0.0.1 30151
2020-06-22 14:13:39,124 [myid:3] - INFO  [nioEventLoopGroup-127-2:NettyServerCnxn@285] - Processing stat command from /127.0.0.1:57962
2020-06-22 14:13:39,164 [myid:3] - WARN  [QuorumConnectionThread-[myid=3]-1:QuorumCnxManager@400] - Cannot open channel to 1 at election address /127.0.0.1:30155
java.net.SocketException: Software caused connection abort: recv failed
	at java.net.SocketInputStream.socketRead0(Native Method)
	at java.net.SocketInputStream.socketRead(SocketInputStream.java:116)
	at java.net.SocketInputStream.read(SocketInputStream.java:171)
	at java.net.SocketInputStream.read(SocketInputStream.java:141)
	at sun.security.ssl.InputRecord.readFully(InputRecord.java:465)
	at sun.security.ssl.InputRecord.read(InputRecord.java:503)
	at sun.security.ssl.SSLSocketImpl.readRecord(SSLSocketImpl.java:990)
	at sun.security.ssl.SSLSocketImpl.waitForClose(SSLSocketImpl.java:1782)
	at sun.security.ssl.HandshakeOutStream.flush(HandshakeOutStream.java:124)
	at sun.security.ssl.Handshaker.sendChangeCipherSpec(Handshaker.java:1197)
	at sun.security.ssl.ClientHandshaker.sendChangeCipherAndFinish(ClientHandshaker.java:1323)
	at sun.security.ssl.ClientHandshaker.serverHelloDone(ClientHandshaker.java:1233)
	at sun.security.ssl.ClientHandshaker.processMessage(ClientHandshaker.java:372)
	at sun.security.ssl.Handshaker.processLoop(Handshaker.java:1082)
	at sun.security.ssl.Handshaker.process_record(Handshaker.java:1010)
	at sun.security.ssl.SSLSocketImpl.readRecord(SSLSocketImpl.java:1079)
	at sun.security.ssl.SSLSocketImpl.performInitialHandshake(SSLSocketImpl.java:1388)
	at sun.security.ssl.SSLSocketImpl.startHandshake(SSLSocketImpl.java:1416)
	at sun.security.ssl.SSLSocketImpl.startHandshake(SSLSocketImpl.java:1400)
	at org.apache.zookeeper.server.quorum.QuorumCnxManager.initiateConnection(QuorumCnxManager.java:386)
	at org.apache.zookeeper.server.quorum.QuorumCnxManager$QuorumConnectionReqThread.run(QuorumCnxManager.java:457)
	at java.util.concurrent.ThreadPoolExecutor.runWorker(ThreadPoolExecutor.java:1149)
	at java.util.concurrent.ThreadPoolExecutor$Worker.run(ThreadPoolExecutor.java:624)
	at java.lang.Thread.run(Thread.java:748)
2020-06-22 14:13:39,166 [myid:3] - WARN  [QuorumConnectionThread-[myid=3]-3:QuorumCnxManager@400] - Cannot open channel to 2 at election address /127.0.0.1:30156
java.net.SocketException: Software caused connection abort: socket write error
	at java.net.SocketOutputStream.socketWrite0(Native Method)
	at java.net.SocketOutputStream.socketWrite(SocketOutputStream.java:111)
	at java.net.SocketOutputStream.write(SocketOutputStream.java:155)
	at sun.security.ssl.OutputRecord.writeBuffer(OutputRecord.java:431)
	at sun.security.ssl.OutputRecord.write(OutputRecord.java:417)
	at sun.security.ssl.SSLSocketImpl.writeRecordInternal(SSLSocketImpl.java:894)
	at sun.security.ssl.SSLSocketImpl.writeRecord(SSLSocketImpl.java:865)
	at sun.security.ssl.SSLSocketImpl.writeRecord(SSLSocketImpl.java:735)
	at sun.security.ssl.Handshaker.sendChangeCipherSpec(Handshaker.java:1189)
	at sun.security.ssl.ClientHandshaker.sendChangeCipherAndFinish(ClientHandshaker.java:1323)
	at sun.security.ssl.ClientHandshaker.serverHelloDone(ClientHandshaker.java:1233)
	at sun.security.ssl.ClientHandshaker.processMessage(ClientHandshaker.java:372)
	at sun.security.ssl.Handshaker.processLoop(Handshaker.java:1082)
	at sun.security.ssl.Handshaker.process_record(Handshaker.java:1010)
	at sun.security.ssl.SSLSocketImpl.readRecord(SSLSocketImpl.java:1079)
	at sun.security.ssl.SSLSocketImpl.performInitialHandshake(SSLSocketImpl.java:1388)
	at sun.security.ssl.SSLSocketImpl.startHandshake(SSLSocketImpl.java:1416)
	at sun.security.ssl.SSLSocketImpl.startHandshake(SSLSocketImpl.java:1400)
	at org.apache.zookeeper.server.quorum.QuorumCnxManager.initiateConnection(QuorumCnxManager.java:386)
	at org.apache.zookeeper.server.quorum.QuorumCnxManager$QuorumConnectionReqThread.run(QuorumCnxManager.java:457)
	at java.util.concurrent.ThreadPoolExecutor.runWorker(ThreadPoolExecutor.java:1149)
	at java.util.concurrent.ThreadPoolExecutor$Worker.run(ThreadPoolExecutor.java:624)
	at java.lang.Thread.run(Thread.java:748)
2020-06-22 14:13:39,375 [myid:] - INFO  [Time-limited test:FourLetterWordMain@93] - connecting to 127.0.0.1 30151
2020-06-22 14:13:39,376 [myid:3] - INFO  [nioEventLoopGroup-127-3:NettyServerCnxn@285] - Processing stat command from /127.0.0.1:57975
2020-06-22 14:13:39,626 [myid:] - INFO  [Time-limited test:FourLetterWordMain@93] - connecting to 127.0.0.1 30151
2020-06-22 14:13:39,626 [myid:3] - INFO  [nioEventLoopGroup-127-4:NettyServerCnxn@285] - Processing stat command from /127.0.0.1:57984
2020-06-22 14:13:39,877 [myid:] - INFO  [Time-limited test:FourLetterWordMain@93] - connecting to 127.0.0.1 30151
2020-06-22 14:13:39,878 [myid:3] - INFO  [nioEventLoopGroup-127-5:NettyServerCnxn@285] - Processing stat command from /127.0.0.1:57987
2020-06-22 14:13:40,130 [myid:] - INFO  [Time-limited test:FourLetterWordMain@93] - connecting to 127.0.0.1 30151
2020-06-22 14:13:40,131 [myid:3] - INFO  [nioEventLoopGroup-127-6:NettyServerCnxn@285] - Processing stat command from /127.0.0.1:57988
2020-06-22 14:13:40,381 [myid:] - INFO  [Time-limited test:FourLetterWordMain@93] - connecting to 127.0.0.1 30151
2020-06-22 14:13:40,382 [myid:3] - INFO  [nioEventLoopGroup-127-7:NettyServerCnxn@285] - Processing stat command from /127.0.0.1:57989
2020-06-22 14:13:40,632 [myid:] - INFO  [Time-limited test:FourLetterWordMain@93] - connecting to 127.0.0.1 30151
2020-06-22 14:13:40,633 [myid:3] - INFO  [nioEventLoopGroup-127-8:NettyServerCnxn@285] - Processing stat command from /127.0.0.1:57990
2020-06-22 14:13:40,884 [myid:] - INFO  [Time-limited test:FourLetterWordMain@93] - connecting to 127.0.0.1 30151
2020-06-22 14:13:40,885 [myid:3] - INFO  [nioEventLoopGroup-127-9:NettyServerCnxn@285] - Processing stat command from /127.0.0.1:57992
2020-06-22 14:13:41,135 [myid:] - INFO  [Time-limited test:FourLetterWordMain@93] - connecting to 127.0.0.1 30151
2020-06-22 14:13:41,137 [myid:3] - INFO  [nioEventLoopGroup-127-10:NettyServerCnxn@285] - Processing stat command from /127.0.0.1:57993
2020-06-22 14:13:41,388 [myid:] - INFO  [Time-limited test:FourLetterWordMain@93] - connecting to 127.0.0.1 30151
2020-06-22 14:13:41,389 [myid:3] - INFO  [nioEventLoopGroup-127-11:NettyServerCnxn@285] - Processing stat command from /127.0.0.1:58007
2020-06-22 14:13:41,639 [myid:] - INFO  [Time-limited test:FourLetterWordMain@93] - connecting to 127.0.0.1 30151
2020-06-22 14:13:41,640 [myid:3] - INFO  [nioEventLoopGroup-127-12:NettyServerCnxn@285] - Processing stat command from /127.0.0.1:58075
2020-06-22 14:13:41,890 [myid:] - INFO  [Time-limited test:FourLetterWordMain@93] - connecting to 127.0.0.1 30151
2020-06-22 14:13:41,891 [myid:3] - INFO  [nioEventLoopGroup-127-13:NettyServerCnxn@285] - Processing stat command from /127.0.0.1:58098
2020-06-22 14:13:42,142 [myid:] - INFO  [Time-limited test:FourLetterWordMain@93] - connecting to 127.0.0.1 30151
2020-06-22 14:13:42,142 [myid:3] - INFO  [nioEventLoopGroup-127-14:NettyServerCnxn@285] - Processing stat command from /127.0.0.1:58107
2020-06-22 14:13:42,393 [myid:] - INFO  [Time-limited test:FourLetterWordMain@93] - connecting to 127.0.0.1 30151
2020-06-22 14:13:42,393 [myid:3] - INFO  [nioEventLoopGroup-127-15:NettyServerCnxn@285] - Processing stat command from /127.0.0.1:58126
2020-06-22 14:13:42,644 [myid:] - INFO  [Time-limited test:FourLetterWordMain@93] - connecting to 127.0.0.1 30151
2020-06-22 14:13:42,644 [myid:3] - INFO  [nioEventLoopGroup-127-16:NettyServerCnxn@285] - Processing stat command from /127.0.0.1:58129
2020-06-22 14:13:42,896 [myid:] - INFO  [Time-limited test:FourLetterWordMain@93] - connecting to 127.0.0.1 30151
2020-06-22 14:13:42,897 [myid:3] - INFO  [nioEventLoopGroup-127-1:NettyServerCnxn@285] - Processing stat command from /127.0.0.1:58131
2020-06-22 14:13:43,148 [myid:] - INFO  [Time-limited test:FourLetterWordMain@93] - connecting to 127.0.0.1 30151
2020-06-22 14:13:43,148 [myid:3] - INFO  [nioEventLoopGroup-127-2:NettyServerCnxn@285] - Processing stat command from /127.0.0.1:58135
2020-06-22 14:13:43,399 [myid:] - INFO  [Time-limited test:FourLetterWordMain@93] - connecting to 127.0.0.1 30151
2020-06-22 14:13:43,400 [myid:3] - INFO  [nioEventLoopGroup-127-3:NettyServerCnxn@285] - Processing stat command from /127.0.0.1:58147
2020-06-22 14:13:43,651 [myid:] - INFO  [Time-limited test:FourLetterWordMain@93] - connecting to 127.0.0.1 30151
2020-06-22 14:13:43,651 [myid:3] - INFO  [nioEventLoopGroup-127-4:NettyServerCnxn@285] - Processing stat command from /127.0.0.1:58175
2020-06-22 14:13:43,902 [myid:] - INFO  [Time-limited test:FourLetterWordMain@93] - connecting to 127.0.0.1 30151
2020-06-22 14:13:43,903 [myid:3] - INFO  [nioEventLoopGroup-127-5:NettyServerCnxn@285] - Processing stat command from /127.0.0.1:58246
2020-06-22 14:13:44,154 [myid:] - INFO  [Time-limited test:FourLetterWordMain@93] - connecting to 127.0.0.1 30151
2020-06-22 14:13:44,154 [myid:3] - INFO  [nioEventLoopGroup-127-6:NettyServerCnxn@285] - Processing stat command from /127.0.0.1:58263
2020-06-22 14:13:44,406 [myid:] - INFO  [Time-limited test:FourLetterWordMain@93] - connecting to 127.0.0.1 30151
2020-06-22 14:13:44,406 [myid:3] - INFO  [nioEventLoopGroup-127-7:NettyServerCnxn@285] - Processing stat command from /127.0.0.1:58276
2020-06-22 14:13:44,657 [myid:] - INFO  [Time-limited test:FourLetterWordMain@93] - connecting to 127.0.0.1 30151
2020-06-22 14:13:44,658 [myid:3] - INFO  [nioEventLoopGroup-127-8:NettyServerCnxn@285] - Processing stat command from /127.0.0.1:58287
2020-06-22 14:13:44,908 [myid:] - INFO  [Time-limited test:FourLetterWordMain@93] - connecting to 127.0.0.1 30151
2020-06-22 14:13:44,908 [myid:3] - INFO  [nioEventLoopGroup-127-9:NettyServerCnxn@285] - Processing stat command from /127.0.0.1:58291
2020-06-22 14:13:45,160 [myid:] - INFO  [Time-limited test:FourLetterWordMain@93] - connecting to 127.0.0.1 30151
2020-06-22 14:13:45,161 [myid:3] - INFO  [nioEventLoopGroup-127-10:NettyServerCnxn@285] - Processing stat command from /127.0.0.1:58294
2020-06-22 14:13:45,411 [myid:] - INFO  [Time-limited test:FourLetterWordMain@93] - connecting to 127.0.0.1 30151
2020-06-22 14:13:45,412 [myid:3] - INFO  [nioEventLoopGroup-127-11:NettyServerCnxn@285] - Processing stat command from /127.0.0.1:58295
2020-06-22 14:13:45,662 [myid:] - INFO  [Time-limited test:FourLetterWordMain@93] - connecting to 127.0.0.1 30151
2020-06-22 14:13:45,663 [myid:3] - INFO  [nioEventLoopGroup-127-12:NettyServerCnxn@285] - Processing stat command from /127.0.0.1:58308
2020-06-22 14:13:45,915 [myid:] - INFO  [Time-limited test:FourLetterWordMain@93] - connecting to 127.0.0.1 30151
2020-06-22 14:13:45,916 [myid:3] - INFO  [nioEventLoopGroup-127-13:NettyServerCnxn@285] - Processing stat command from /127.0.0.1:58311
2020-06-22 14:13:46,166 [myid:] - INFO  [Time-limited test:FourLetterWordMain@93] - connecting to 127.0.0.1 30151
2020-06-22 14:13:46,167 [myid:3] - INFO  [nioEventLoopGroup-127-14:NettyServerCnxn@285] - Processing stat command from /127.0.0.1:58328
2020-06-22 14:13:46,420 [myid:] - INFO  [Time-limited test:FourLetterWordMain@93] - connecting to 127.0.0.1 30151
2020-06-22 14:13:46,421 [myid:3] - INFO  [nioEventLoopGroup-127-15:NettyServerCnxn@285] - Processing stat command from /127.0.0.1:58346
2020-06-22 14:13:46,673 [myid:] - INFO  [Time-limited test:FourLetterWordMain@93] - connecting to 127.0.0.1 30151
2020-06-22 14:13:46,674 [myid:3] - INFO  [nioEventLoopGroup-127-16:NettyServerCnxn@285] - Processing stat command from /127.0.0.1:58357
2020-06-22 14:13:46,924 [myid:] - INFO  [Time-limited test:FourLetterWordMain@93] - connecting to 127.0.0.1 30151
2020-06-22 14:13:46,925 [myid:3] - INFO  [nioEventLoopGroup-127-1:NettyServerCnxn@285] - Processing stat command from /127.0.0.1:58386
2020-06-22 14:13:47,175 [myid:] - INFO  [Time-limited test:FourLetterWordMain@93] - connecting to 127.0.0.1 30151
2020-06-22 14:13:47,176 [myid:3] - INFO  [nioEventLoopGroup-127-2:NettyServerCnxn@285] - Processing stat command from /127.0.0.1:58389
2020-06-22 14:13:47,427 [myid:] - INFO  [Time-limited test:FourLetterWordMain@93] - connecting to 127.0.0.1 30151
2020-06-22 14:13:47,428 [myid:3] - INFO  [nioEventLoopGroup-127-3:NettyServerCnxn@285] - Processing stat command from /127.0.0.1:58395
2020-06-22 14:13:47,679 [myid:] - INFO  [Time-limited test:FourLetterWordMain@93] - connecting to 127.0.0.1 30151
2020-06-22 14:13:47,680 [myid:3] - INFO  [nioEventLoopGroup-127-4:NettyServerCnxn@285] - Processing stat command from /127.0.0.1:58407
2020-06-22 14:13:47,930 [myid:] - INFO  [Time-limited test:FourLetterWordMain@93] - connecting to 127.0.0.1 30151
2020-06-22 14:13:47,931 [myid:3] - INFO  [nioEventLoopGroup-127-5:NettyServerCnxn@285] - Processing stat command from /127.0.0.1:58409
2020-06-22 14:13:48,182 [myid:] - INFO  [Time-limited test:FourLetterWordMain@93] - connecting to 127.0.0.1 30151
2020-06-22 14:13:48,183 [myid:3] - INFO  [nioEventLoopGroup-127-6:NettyServerCnxn@285] - Processing stat command from /127.0.0.1:58411
2020-06-22 14:13:48,433 [myid:] - INFO  [Time-limited test:FourLetterWordMain@93] - connecting to 127.0.0.1 30151
2020-06-22 14:13:48,434 [myid:3] - INFO  [nioEventLoopGroup-127-7:NettyServerCnxn@285] - Processing stat command from /127.0.0.1:58426
2020-06-22 14:13:48,684 [myid:] - INFO  [Time-limited test:FourLetterWordMain@93] - connecting to 127.0.0.1 30151
2020-06-22 14:13:48,685 [myid:3] - INFO  [nioEventLoopGroup-127-8:NettyServerCnxn@285] - Processing stat command from /127.0.0.1:58441
2020-06-22 14:13:48,935 [myid:] - INFO  [Time-limited test:FourLetterWordMain@93] - connecting to 127.0.0.1 30151
2020-06-22 14:13:48,936 [myid:3] - INFO  [nioEventLoopGroup-127-9:NettyServerCnxn@285] - Processing stat command from /127.0.0.1:58445
2020-06-22 14:13:49,188 [myid:] - INFO  [Time-limited test:FourLetterWordMain@93] - connecting to 127.0.0.1 30151
2020-06-22 14:13:49,189 [myid:3] - INFO  [nioEventLoopGroup-127-10:NettyServerCnxn@285] - Processing stat command from /127.0.0.1:58447
2020-06-22 14:13:49,439 [myid:] - INFO  [Time-limited test:FourLetterWordMain@93] - connecting to 127.0.0.1 30151
2020-06-22 14:13:49,440 [myid:3] - INFO  [nioEventLoopGroup-127-11:NettyServerCnxn@285] - Processing stat command from /127.0.0.1:58450
2020-06-22 14:13:49,691 [myid:] - INFO  [Time-limited test:FourLetterWordMain@93] - connecting to 127.0.0.1 30151
2020-06-22 14:13:49,691 [myid:3] - INFO  [nioEventLoopGroup-127-12:NettyServerCnxn@285] - Processing stat command from /127.0.0.1:58451
2020-06-22 14:13:49,943 [myid:] - INFO  [Time-limited test:FourLetterWordMain@93] - connecting to 127.0.0.1 30151
2020-06-22 14:13:49,943 [myid:3] - INFO  [nioEventLoopGroup-127-13:NettyServerCnxn@285] - Processing stat command from /127.0.0.1:58462
2020-06-22 14:13:50,194 [myid:] - INFO  [Time-limited test:FourLetterWordMain@93] - connecting to 127.0.0.1 30151
2020-06-22 14:13:50,195 [myid:3] - INFO  [nioEventLoopGroup-127-14:NettyServerCnxn@285] - Processing stat command from /127.0.0.1:58464
2020-06-22 14:13:50,446 [myid:] - INFO  [Time-limited test:FourLetterWordMain@93] - connecting to 127.0.0.1 30151
2020-06-22 14:13:50,446 [myid:3] - INFO  [nioEventLoopGroup-127-15:NettyServerCnxn@285] - Processing stat command from /127.0.0.1:58465
2020-06-22 14:13:50,698 [myid:] - INFO  [Time-limited test:FourLetterWordMain@93] - connecting to 127.0.0.1 30151
2020-06-22 14:13:50,699 [myid:3] - INFO  [nioEventLoopGroup-127-16:NettyServerCnxn@285] - Processing stat command from /127.0.0.1:58491
2020-06-22 14:13:50,950 [myid:] - INFO  [Time-limited test:FourLetterWordMain@93] - connecting to 127.0.0.1 30151
2020-06-22 14:13:50,952 [myid:3] - INFO  [nioEventLoopGroup-127-1:NettyServerCnxn@285] - Processing stat command from /127.0.0.1:58499
2020-06-22 14:13:51,202 [myid:] - INFO  [Time-limited test:FourLetterWordMain@93] - connecting to 127.0.0.1 30151
2020-06-22 14:13:51,202 [myid:3] - INFO  [nioEventLoopGroup-127-2:NettyServerCnxn@285] - Processing stat command from /127.0.0.1:58502
2020-06-22 14:13:51,454 [myid:] - INFO  [Time-limited test:FourLetterWordMain@93] - connecting to 127.0.0.1 30151
2020-06-22 14:13:51,454 [myid:3] - INFO  [nioEventLoopGroup-127-3:NettyServerCnxn@285] - Processing stat command from /127.0.0.1:58504
2020-06-22 14:13:51,705 [myid:] - INFO  [Time-limited test:FourLetterWordMain@93] - connecting to 127.0.0.1 30151
2020-06-22 14:13:51,706 [myid:3] - INFO  [nioEventLoopGroup-127-4:NettyServerCnxn@285] - Processing stat command from /127.0.0.1:58506
2020-06-22 14:13:51,881 [myid:1] - INFO  [ListenerHandler-/127.0.0.1:30155:QuorumCnxManager$Listener$ListenerHandler@1070] - Received connection request from /127.0.0.1:58508
2020-06-22 14:13:51,881 [myid:3] - INFO  [QuorumPeer[myid=3](plain=[0:0:0:0:0:0:0:0]:30151)(secure=disabled):FastLeaderElection@979] - Notification time out: 25600
2020-06-22 14:13:51,884 [myid:2] - INFO  [ListenerHandler-/127.0.0.1:30156:QuorumCnxManager$Listener$ListenerHandler@1070] - Received connection request from /127.0.0.1:58509
2020-06-22 14:13:51,924 [myid:1] - ERROR [ListenerHandler-/127.0.0.1:30155:ZKTrustManager@161] - Failed to verify host address: 127.0.0.1
javax.net.ssl.SSLPeerUnverifiedException: Certificate for <127.0.0.1> doesn't match any of the subject alternative names: [localhost, 140.211.11.105]
	at org.apache.zookeeper.common.ZKHostnameVerifier.matchIPAddress(ZKHostnameVerifier.java:197)
	at org.apache.zookeeper.common.ZKHostnameVerifier.verify(ZKHostnameVerifier.java:165)
	at org.apache.zookeeper.common.ZKTrustManager.performHostVerification(ZKTrustManager.java:151)
	at org.apache.zookeeper.common.ZKTrustManager.checkClientTrusted(ZKTrustManager.java:79)
	at sun.security.ssl.ServerHandshaker.clientCertificate(ServerHandshaker.java:2037)
	at sun.security.ssl.ServerHandshaker.processMessage(ServerHandshaker.java:233)
	at sun.security.ssl.Handshaker.processLoop(Handshaker.java:1082)
	at sun.security.ssl.Handshaker.process_record(Handshaker.java:1010)
	at sun.security.ssl.SSLSocketImpl.readRecord(SSLSocketImpl.java:1079)
	at sun.security.ssl.SSLSocketImpl.performInitialHandshake(SSLSocketImpl.java:1388)
	at sun.security.ssl.SSLSocketImpl.startHandshake(SSLSocketImpl.java:1416)
	at sun.security.ssl.SSLSocketImpl.getSession(SSLSocketImpl.java:2309)
	at org.apache.zookeeper.server.quorum.UnifiedServerSocket$UnifiedSocket.detectMode(UnifiedServerSocket.java:269)
	at org.apache.zookeeper.server.quorum.UnifiedServerSocket$UnifiedSocket.getSocket(UnifiedServerSocket.java:298)
	at org.apache.zookeeper.server.quorum.UnifiedServerSocket$UnifiedSocket.access$400(UnifiedServerSocket.java:172)
	at org.apache.zookeeper.server.quorum.UnifiedServerSocket$UnifiedInputStream.getRealInputStream(UnifiedServerSocket.java:699)
	at org.apache.zookeeper.server.quorum.UnifiedServerSocket$UnifiedInputStream.read(UnifiedServerSocket.java:693)
	at java.io.BufferedInputStream.fill(BufferedInputStream.java:246)
	at java.io.BufferedInputStream.read1(BufferedInputStream.java:286)
	at java.io.BufferedInputStream.read(BufferedInputStream.java:345)
	at java.io.DataInputStream.readFully(DataInputStream.java:195)
	at java.io.DataInputStream.readLong(DataInputStream.java:416)
	at org.apache.zookeeper.server.quorum.QuorumCnxManager.handleConnection(QuorumCnxManager.java:601)
	at org.apache.zookeeper.server.quorum.QuorumCnxManager.receiveConnection(QuorumCnxManager.java:554)
	at org.apache.zookeeper.server.quorum.QuorumCnxManager$Listener$ListenerHandler.acceptConnections(QuorumCnxManager.java:1079)
	at org.apache.zookeeper.server.quorum.QuorumCnxManager$Listener$ListenerHandler.run(QuorumCnxManager.java:1033)
	at java.util.concurrent.Executors$RunnableAdapter.call(Executors.java:511)
	at java.util.concurrent.FutureTask.run(FutureTask.java:266)
	at java.util.concurrent.ThreadPoolExecutor.runWorker(ThreadPoolExecutor.java:1149)
	at java.util.concurrent.ThreadPoolExecutor$Worker.run(ThreadPoolExecutor.java:624)
	at java.lang.Thread.run(Thread.java:748)
2020-06-22 14:13:51,924 [myid:1] - ERROR [ListenerHandler-/127.0.0.1:30155:ZKTrustManager@162] - Failed to verify hostname: activate.navicat.com
javax.net.ssl.SSLPeerUnverifiedException: Certificate for <activate.navicat.com> doesn't match any of the subject alternative names: [localhost, 140.211.11.105]
	at org.apache.zookeeper.common.ZKHostnameVerifier.matchDNSName(ZKHostnameVerifier.java:230)
	at org.apache.zookeeper.common.ZKHostnameVerifier.verify(ZKHostnameVerifier.java:171)
	at org.apache.zookeeper.common.ZKTrustManager.performHostVerification(ZKTrustManager.java:159)
	at org.apache.zookeeper.common.ZKTrustManager.checkClientTrusted(ZKTrustManager.java:79)
	at sun.security.ssl.ServerHandshaker.clientCertificate(ServerHandshaker.java:2037)
	at sun.security.ssl.ServerHandshaker.processMessage(ServerHandshaker.java:233)
	at sun.security.ssl.Handshaker.processLoop(Handshaker.java:1082)
	at sun.security.ssl.Handshaker.process_record(Handshaker.java:1010)
	at sun.security.ssl.SSLSocketImpl.readRecord(SSLSocketImpl.java:1079)
	at sun.security.ssl.SSLSocketImpl.performInitialHandshake(SSLSocketImpl.java:1388)
	at sun.security.ssl.SSLSocketImpl.startHandshake(SSLSocketImpl.java:1416)
	at sun.security.ssl.SSLSocketImpl.getSession(SSLSocketImpl.java:2309)
	at org.apache.zookeeper.server.quorum.UnifiedServerSocket$UnifiedSocket.detectMode(UnifiedServerSocket.java:269)
	at org.apache.zookeeper.server.quorum.UnifiedServerSocket$UnifiedSocket.getSocket(UnifiedServerSocket.java:298)
	at org.apache.zookeeper.server.quorum.UnifiedServerSocket$UnifiedSocket.access$400(UnifiedServerSocket.java:172)
	at org.apache.zookeeper.server.quorum.UnifiedServerSocket$UnifiedInputStream.getRealInputStream(UnifiedServerSocket.java:699)
	at org.apache.zookeeper.server.quorum.UnifiedServerSocket$UnifiedInputStream.read(UnifiedServerSocket.java:693)
	at java.io.BufferedInputStream.fill(BufferedInputStream.java:246)
	at java.io.BufferedInputStream.read1(BufferedInputStream.java:286)
	at java.io.BufferedInputStream.read(BufferedInputStream.java:345)
	at java.io.DataInputStream.readFully(DataInputStream.java:195)
	at java.io.DataInputStream.readLong(DataInputStream.java:416)
	at org.apache.zookeeper.server.quorum.QuorumCnxManager.handleConnection(QuorumCnxManager.java:601)
	at org.apache.zookeeper.server.quorum.QuorumCnxManager.receiveConnection(QuorumCnxManager.java:554)
	at org.apache.zookeeper.server.quorum.QuorumCnxManager$Listener$ListenerHandler.acceptConnections(QuorumCnxManager.java:1079)
	at org.apache.zookeeper.server.quorum.QuorumCnxManager$Listener$ListenerHandler.run(QuorumCnxManager.java:1033)
	at java.util.concurrent.Executors$RunnableAdapter.call(Executors.java:511)
	at java.util.concurrent.FutureTask.run(FutureTask.java:266)
	at java.util.concurrent.ThreadPoolExecutor.runWorker(ThreadPoolExecutor.java:1149)
	at java.util.concurrent.ThreadPoolExecutor$Worker.run(ThreadPoolExecutor.java:624)
	at java.lang.Thread.run(Thread.java:748)
2020-06-22 14:13:51,925 [myid:1] - INFO  [ListenerHandler-/127.0.0.1:30155:UnifiedServerSocket$UnifiedSocket@266] - Accepted TLS connection from activate.navicat.com/127.0.0.1:58508 - NONE - SSL_NULL_WITH_NULL_NULL
2020-06-22 14:13:51,925 [myid:1] - WARN  [ListenerHandler-/127.0.0.1:30155:QuorumCnxManager@629] - Exception reading or writing challenge
javax.net.ssl.SSLException: Connection has been shutdown: javax.net.ssl.SSLHandshakeException: java.security.cert.CertificateException: Failed to verify both host address and host name
	at sun.security.ssl.SSLSocketImpl.checkEOF(SSLSocketImpl.java:1554)
	at sun.security.ssl.AppInputStream.read(AppInputStream.java:95)
	at org.apache.zookeeper.server.quorum.UnifiedServerSocket$UnifiedInputStream.read(UnifiedServerSocket.java:693)
	at java.io.BufferedInputStream.fill(BufferedInputStream.java:246)
	at java.io.BufferedInputStream.read1(BufferedInputStream.java:286)
	at java.io.BufferedInputStream.read(BufferedInputStream.java:345)
	at java.io.DataInputStream.readFully(DataInputStream.java:195)
	at java.io.DataInputStream.readLong(DataInputStream.java:416)
	at org.apache.zookeeper.server.quorum.QuorumCnxManager.handleConnection(QuorumCnxManager.java:601)
	at org.apache.zookeeper.server.quorum.QuorumCnxManager.receiveConnection(QuorumCnxManager.java:554)
	at org.apache.zookeeper.server.quorum.QuorumCnxManager$Listener$ListenerHandler.acceptConnections(QuorumCnxManager.java:1079)
	at org.apache.zookeeper.server.quorum.QuorumCnxManager$Listener$ListenerHandler.run(QuorumCnxManager.java:1033)
	at java.util.concurrent.Executors$RunnableAdapter.call(Executors.java:511)
	at java.util.concurrent.FutureTask.run(FutureTask.java:266)
	at java.util.concurrent.ThreadPoolExecutor.runWorker(ThreadPoolExecutor.java:1149)
	at java.util.concurrent.ThreadPoolExecutor$Worker.run(ThreadPoolExecutor.java:624)
	at java.lang.Thread.run(Thread.java:748)
Caused by: javax.net.ssl.SSLHandshakeException: java.security.cert.CertificateException: Failed to verify both host address and host name
	at sun.security.ssl.Alerts.getSSLException(Alerts.java:198)
	at sun.security.ssl.SSLSocketImpl.fatal(SSLSocketImpl.java:1967)
	at sun.security.ssl.Handshaker.fatalSE(Handshaker.java:331)
	at sun.security.ssl.Handshaker.fatalSE(Handshaker.java:325)
	at sun.security.ssl.ServerHandshaker.clientCertificate(ServerHandshaker.java:2055)
	at sun.security.ssl.ServerHandshaker.processMessage(ServerHandshaker.java:233)
	at sun.security.ssl.Handshaker.processLoop(Handshaker.java:1082)
	at sun.security.ssl.Handshaker.process_record(Handshaker.java:1010)
	at sun.security.ssl.SSLSocketImpl.readRecord(SSLSocketImpl.java:1079)
	at sun.security.ssl.SSLSocketImpl.performInitialHandshake(SSLSocketImpl.java:1388)
	at sun.security.ssl.SSLSocketImpl.startHandshake(SSLSocketImpl.java:1416)
	at sun.security.ssl.SSLSocketImpl.getSession(SSLSocketImpl.java:2309)
	at org.apache.zookeeper.server.quorum.UnifiedServerSocket$UnifiedSocket.detectMode(UnifiedServerSocket.java:269)
	at org.apache.zookeeper.server.quorum.UnifiedServerSocket$UnifiedSocket.getSocket(UnifiedServerSocket.java:298)
	at org.apache.zookeeper.server.quorum.UnifiedServerSocket$UnifiedSocket.access$400(UnifiedServerSocket.java:172)
	at org.apache.zookeeper.server.quorum.UnifiedServerSocket$UnifiedInputStream.getRealInputStream(UnifiedServerSocket.java:699)
	... 15 more
Caused by: java.security.cert.CertificateException: Failed to verify both host address and host name
	at org.apache.zookeeper.common.ZKTrustManager.performHostVerification(ZKTrustManager.java:163)
	at org.apache.zookeeper.common.ZKTrustManager.checkClientTrusted(ZKTrustManager.java:79)
	at sun.security.ssl.ServerHandshaker.clientCertificate(ServerHandshaker.java:2037)
	... 26 more
Caused by: javax.net.ssl.SSLPeerUnverifiedException: Certificate for <activate.navicat.com> doesn't match any of the subject alternative names: [localhost, 140.211.11.105]
	at org.apache.zookeeper.common.ZKHostnameVerifier.matchDNSName(ZKHostnameVerifier.java:230)
	at org.apache.zookeeper.common.ZKHostnameVerifier.verify(ZKHostnameVerifier.java:171)
	at org.apache.zookeeper.common.ZKTrustManager.performHostVerification(ZKTrustManager.java:159)
	... 28 more
2020-06-22 14:13:51,926 [myid:2] - ERROR [ListenerHandler-/127.0.0.1:30156:ZKTrustManager@161] - Failed to verify host address: 127.0.0.1
javax.net.ssl.SSLPeerUnverifiedException: Certificate for <127.0.0.1> doesn't match any of the subject alternative names: [localhost, 140.211.11.105]
	at org.apache.zookeeper.common.ZKHostnameVerifier.matchIPAddress(ZKHostnameVerifier.java:197)
	at org.apache.zookeeper.common.ZKHostnameVerifier.verify(ZKHostnameVerifier.java:165)
	at org.apache.zookeeper.common.ZKTrustManager.performHostVerification(ZKTrustManager.java:151)
	at org.apache.zookeeper.common.ZKTrustManager.checkClientTrusted(ZKTrustManager.java:79)
	at sun.security.ssl.ServerHandshaker.clientCertificate(ServerHandshaker.java:2037)
	at sun.security.ssl.ServerHandshaker.processMessage(ServerHandshaker.java:233)
	at sun.security.ssl.Handshaker.processLoop(Handshaker.java:1082)
	at sun.security.ssl.Handshaker.process_record(Handshaker.java:1010)
	at sun.security.ssl.SSLSocketImpl.readRecord(SSLSocketImpl.java:1079)
	at sun.security.ssl.SSLSocketImpl.performInitialHandshake(SSLSocketImpl.java:1388)
	at sun.security.ssl.SSLSocketImpl.startHandshake(SSLSocketImpl.java:1416)
	at sun.security.ssl.SSLSocketImpl.getSession(SSLSocketImpl.java:2309)
	at org.apache.zookeeper.server.quorum.UnifiedServerSocket$UnifiedSocket.detectMode(UnifiedServerSocket.java:269)
	at org.apache.zookeeper.server.quorum.UnifiedServerSocket$UnifiedSocket.getSocket(UnifiedServerSocket.java:298)
	at org.apache.zookeeper.server.quorum.UnifiedServerSocket$UnifiedSocket.access$400(UnifiedServerSocket.java:172)
	at org.apache.zookeeper.server.quorum.UnifiedServerSocket$UnifiedInputStream.getRealInputStream(UnifiedServerSocket.java:699)
	at org.apache.zookeeper.server.quorum.UnifiedServerSocket$UnifiedInputStream.read(UnifiedServerSocket.java:693)
	at java.io.BufferedInputStream.fill(BufferedInputStream.java:246)
	at java.io.BufferedInputStream.read1(BufferedInputStream.java:286)
	at java.io.BufferedInputStream.read(BufferedInputStream.java:345)
	at java.io.DataInputStream.readFully(DataInputStream.java:195)
	at java.io.DataInputStream.readLong(DataInputStream.java:416)
	at org.apache.zookeeper.server.quorum.QuorumCnxManager.handleConnection(QuorumCnxManager.java:601)
	at org.apache.zookeeper.server.quorum.QuorumCnxManager.receiveConnection(QuorumCnxManager.java:554)
	at org.apache.zookeeper.server.quorum.QuorumCnxManager$Listener$ListenerHandler.acceptConnections(QuorumCnxManager.java:1079)
	at org.apache.zookeeper.server.quorum.QuorumCnxManager$Listener$ListenerHandler.run(QuorumCnxManager.java:1033)
	at java.util.concurrent.Executors$RunnableAdapter.call(Executors.java:511)
	at java.util.concurrent.FutureTask.run(FutureTask.java:266)
	at java.util.concurrent.ThreadPoolExecutor.runWorker(ThreadPoolExecutor.java:1149)
	at java.util.concurrent.ThreadPoolExecutor$Worker.run(ThreadPoolExecutor.java:624)
	at java.lang.Thread.run(Thread.java:748)
2020-06-22 14:13:51,927 [myid:2] - ERROR [ListenerHandler-/127.0.0.1:30156:ZKTrustManager@162] - Failed to verify hostname: activate.navicat.com
javax.net.ssl.SSLPeerUnverifiedException: Certificate for <activate.navicat.com> doesn't match any of the subject alternative names: [localhost, 140.211.11.105]
	at org.apache.zookeeper.common.ZKHostnameVerifier.matchDNSName(ZKHostnameVerifier.java:230)
	at org.apache.zookeeper.common.ZKHostnameVerifier.verify(ZKHostnameVerifier.java:171)
	at org.apache.zookeeper.common.ZKTrustManager.performHostVerification(ZKTrustManager.java:159)
	at org.apache.zookeeper.common.ZKTrustManager.checkClientTrusted(ZKTrustManager.java:79)
	at sun.security.ssl.ServerHandshaker.clientCertificate(ServerHandshaker.java:2037)
	at sun.security.ssl.ServerHandshaker.processMessage(ServerHandshaker.java:233)
	at sun.security.ssl.Handshaker.processLoop(Handshaker.java:1082)
	at sun.security.ssl.Handshaker.process_record(Handshaker.java:1010)
	at sun.security.ssl.SSLSocketImpl.readRecord(SSLSocketImpl.java:1079)
	at sun.security.ssl.SSLSocketImpl.performInitialHandshake(SSLSocketImpl.java:1388)
	at sun.security.ssl.SSLSocketImpl.startHandshake(SSLSocketImpl.java:1416)
	at sun.security.ssl.SSLSocketImpl.getSession(SSLSocketImpl.java:2309)
	at org.apache.zookeeper.server.quorum.UnifiedServerSocket$UnifiedSocket.detectMode(UnifiedServerSocket.java:269)
	at org.apache.zookeeper.server.quorum.UnifiedServerSocket$UnifiedSocket.getSocket(UnifiedServerSocket.java:298)
	at org.apache.zookeeper.server.quorum.UnifiedServerSocket$UnifiedSocket.access$400(UnifiedServerSocket.java:172)
	at org.apache.zookeeper.server.quorum.UnifiedServerSocket$UnifiedInputStream.getRealInputStream(UnifiedServerSocket.java:699)
	at org.apache.zookeeper.server.quorum.UnifiedServerSocket$UnifiedInputStream.read(UnifiedServerSocket.java:693)
	at java.io.BufferedInputStream.fill(BufferedInputStream.java:246)
	at java.io.BufferedInputStream.read1(BufferedInputStream.java:286)
	at java.io.BufferedInputStream.read(BufferedInputStream.java:345)
	at java.io.DataInputStream.readFully(DataInputStream.java:195)
	at java.io.DataInputStream.readLong(DataInputStream.java:416)
	at org.apache.zookeeper.server.quorum.QuorumCnxManager.handleConnection(QuorumCnxManager.java:601)
	at org.apache.zookeeper.server.quorum.QuorumCnxManager.receiveConnection(QuorumCnxManager.java:554)
	at org.apache.zookeeper.server.quorum.QuorumCnxManager$Listener$ListenerHandler.acceptConnections(QuorumCnxManager.java:1079)
	at org.apache.zookeeper.server.quorum.QuorumCnxManager$Listener$ListenerHandler.run(QuorumCnxManager.java:1033)
	at java.util.concurrent.Executors$RunnableAdapter.call(Executors.java:511)
	at java.util.concurrent.FutureTask.run(FutureTask.java:266)
	at java.util.concurrent.ThreadPoolExecutor.runWorker(ThreadPoolExecutor.java:1149)
	at java.util.concurrent.ThreadPoolExecutor$Worker.run(ThreadPoolExecutor.java:624)
	at java.lang.Thread.run(Thread.java:748)
2020-06-22 14:13:51,927 [myid:2] - INFO  [ListenerHandler-/127.0.0.1:30156:UnifiedServerSocket$UnifiedSocket@266] - Accepted TLS connection from activate.navicat.com/127.0.0.1:58509 - NONE - SSL_NULL_WITH_NULL_NULL
2020-06-22 14:13:51,928 [myid:2] - WARN  [ListenerHandler-/127.0.0.1:30156:QuorumCnxManager@629] - Exception reading or writing challenge
javax.net.ssl.SSLException: Connection has been shutdown: javax.net.ssl.SSLHandshakeException: java.security.cert.CertificateException: Failed to verify both host address and host name
	at sun.security.ssl.SSLSocketImpl.checkEOF(SSLSocketImpl.java:1554)
	at sun.security.ssl.AppInputStream.read(AppInputStream.java:95)
	at org.apache.zookeeper.server.quorum.UnifiedServerSocket$UnifiedInputStream.read(UnifiedServerSocket.java:693)
	at java.io.BufferedInputStream.fill(BufferedInputStream.java:246)
	at java.io.BufferedInputStream.read1(BufferedInputStream.java:286)
	at java.io.BufferedInputStream.read(BufferedInputStream.java:345)
	at java.io.DataInputStream.readFully(DataInputStream.java:195)
	at java.io.DataInputStream.readLong(DataInputStream.java:416)
	at org.apache.zookeeper.server.quorum.QuorumCnxManager.handleConnection(QuorumCnxManager.java:601)
	at org.apache.zookeeper.server.quorum.QuorumCnxManager.receiveConnection(QuorumCnxManager.java:554)
	at org.apache.zookeeper.server.quorum.QuorumCnxManager$Listener$ListenerHandler.acceptConnections(QuorumCnxManager.java:1079)
	at org.apache.zookeeper.server.quorum.QuorumCnxManager$Listener$ListenerHandler.run(QuorumCnxManager.java:1033)
	at java.util.concurrent.Executors$RunnableAdapter.call(Executors.java:511)
	at java.util.concurrent.FutureTask.run(FutureTask.java:266)
	at java.util.concurrent.ThreadPoolExecutor.runWorker(ThreadPoolExecutor.java:1149)
	at java.util.concurrent.ThreadPoolExecutor$Worker.run(ThreadPoolExecutor.java:624)
	at java.lang.Thread.run(Thread.java:748)
Caused by: javax.net.ssl.SSLHandshakeException: java.security.cert.CertificateException: Failed to verify both host address and host name
	at sun.security.ssl.Alerts.getSSLException(Alerts.java:198)
	at sun.security.ssl.SSLSocketImpl.fatal(SSLSocketImpl.java:1967)
	at sun.security.ssl.Handshaker.fatalSE(Handshaker.java:331)
	at sun.security.ssl.Handshaker.fatalSE(Handshaker.java:325)
	at sun.security.ssl.ServerHandshaker.clientCertificate(ServerHandshaker.java:2055)
	at sun.security.ssl.ServerHandshaker.processMessage(ServerHandshaker.java:233)
	at sun.security.ssl.Handshaker.processLoop(Handshaker.java:1082)
	at sun.security.ssl.Handshaker.process_record(Handshaker.java:1010)
	at sun.security.ssl.SSLSocketImpl.readRecord(SSLSocketImpl.java:1079)
	at sun.security.ssl.SSLSocketImpl.performInitialHandshake(SSLSocketImpl.java:1388)
	at sun.security.ssl.SSLSocketImpl.startHandshake(SSLSocketImpl.java:1416)
	at sun.security.ssl.SSLSocketImpl.getSession(SSLSocketImpl.java:2309)
	at org.apache.zookeeper.server.quorum.UnifiedServerSocket$UnifiedSocket.detectMode(UnifiedServerSocket.java:269)
	at org.apache.zookeeper.server.quorum.UnifiedServerSocket$UnifiedSocket.getSocket(UnifiedServerSocket.java:298)
	at org.apache.zookeeper.server.quorum.UnifiedServerSocket$UnifiedSocket.access$400(UnifiedServerSocket.java:172)
	at org.apache.zookeeper.server.quorum.UnifiedServerSocket$UnifiedInputStream.getRealInputStream(UnifiedServerSocket.java:699)
	... 15 more
Caused by: java.security.cert.CertificateException: Failed to verify both host address and host name
	at org.apache.zookeeper.common.ZKTrustManager.performHostVerification(ZKTrustManager.java:163)
	at org.apache.zookeeper.common.ZKTrustManager.checkClientTrusted(ZKTrustManager.java:79)
	at sun.security.ssl.ServerHandshaker.clientCertificate(ServerHandshaker.java:2037)
	... 26 more
Caused by: javax.net.ssl.SSLPeerUnverifiedException: Certificate for <activate.navicat.com> doesn't match any of the subject alternative names: [localhost, 140.211.11.105]
	at org.apache.zookeeper.common.ZKHostnameVerifier.matchDNSName(ZKHostnameVerifier.java:230)
	at org.apache.zookeeper.common.ZKHostnameVerifier.verify(ZKHostnameVerifier.java:171)
	at org.apache.zookeeper.common.ZKTrustManager.performHostVerification(ZKTrustManager.java:159)
	... 28 more
2020-06-22 14:13:51,956 [myid:] - INFO  [Time-limited test:FourLetterWordMain@93] - connecting to 127.0.0.1 30151
2020-06-22 14:13:51,957 [myid:3] - INFO  [nioEventLoopGroup-127-5:NettyServerCnxn@285] - Processing stat command from /127.0.0.1:58510
2020-06-22 14:13:51,967 [myid:3] - WARN  [QuorumConnectionThread-[myid=3]-3:QuorumCnxManager@400] - Cannot open channel to 1 at election address /127.0.0.1:30155
java.net.SocketException: Software caused connection abort: socket write error
	at java.net.SocketOutputStream.socketWrite0(Native Method)
	at java.net.SocketOutputStream.socketWrite(SocketOutputStream.java:111)
	at java.net.SocketOutputStream.write(SocketOutputStream.java:155)
	at sun.security.ssl.OutputRecord.writeBuffer(OutputRecord.java:431)
	at sun.security.ssl.OutputRecord.write(OutputRecord.java:417)
	at sun.security.ssl.SSLSocketImpl.writeRecordInternal(SSLSocketImpl.java:894)
	at sun.security.ssl.SSLSocketImpl.writeRecord(SSLSocketImpl.java:865)
	at sun.security.ssl.SSLSocketImpl.writeRecord(SSLSocketImpl.java:735)
	at sun.security.ssl.Handshaker.sendChangeCipherSpec(Handshaker.java:1189)
	at sun.security.ssl.ClientHandshaker.sendChangeCipherAndFinish(ClientHandshaker.java:1323)
	at sun.security.ssl.ClientHandshaker.serverHelloDone(ClientHandshaker.java:1233)
	at sun.security.ssl.ClientHandshaker.processMessage(ClientHandshaker.java:372)
	at sun.security.ssl.Handshaker.processLoop(Handshaker.java:1082)
	at sun.security.ssl.Handshaker.process_record(Handshaker.java:1010)
	at sun.security.ssl.SSLSocketImpl.readRecord(SSLSocketImpl.java:1079)
	at sun.security.ssl.SSLSocketImpl.performInitialHandshake(SSLSocketImpl.java:1388)
	at sun.security.ssl.SSLSocketImpl.startHandshake(SSLSocketImpl.java:1416)
	at sun.security.ssl.SSLSocketImpl.startHandshake(SSLSocketImpl.java:1400)
	at org.apache.zookeeper.server.quorum.QuorumCnxManager.initiateConnection(QuorumCnxManager.java:386)
	at org.apache.zookeeper.server.quorum.QuorumCnxManager$QuorumConnectionReqThread.run(QuorumCnxManager.java:457)
	at java.util.concurrent.ThreadPoolExecutor.runWorker(ThreadPoolExecutor.java:1149)
	at java.util.concurrent.ThreadPoolExecutor$Worker.run(ThreadPoolExecutor.java:624)
	at java.lang.Thread.run(Thread.java:748)
2020-06-22 14:13:51,970 [myid:3] - WARN  [QuorumConnectionThread-[myid=3]-1:QuorumCnxManager@400] - Cannot open channel to 2 at election address /127.0.0.1:30156
java.net.SocketException: Software caused connection abort: socket write error
	at java.net.SocketOutputStream.socketWrite0(Native Method)
	at java.net.SocketOutputStream.socketWrite(SocketOutputStream.java:111)
	at java.net.SocketOutputStream.write(SocketOutputStream.java:155)
	at sun.security.ssl.OutputRecord.writeBuffer(OutputRecord.java:431)
	at sun.security.ssl.OutputRecord.write(OutputRecord.java:417)
	at sun.security.ssl.SSLSocketImpl.writeRecordInternal(SSLSocketImpl.java:894)
	at sun.security.ssl.SSLSocketImpl.writeRecord(SSLSocketImpl.java:865)
	at sun.security.ssl.SSLSocketImpl.writeRecord(SSLSocketImpl.java:735)
	at sun.security.ssl.Handshaker.sendChangeCipherSpec(Handshaker.java:1189)
	at sun.security.ssl.ClientHandshaker.sendChangeCipherAndFinish(ClientHandshaker.java:1323)
	at sun.security.ssl.ClientHandshaker.serverHelloDone(ClientHandshaker.java:1233)
	at sun.security.ssl.ClientHandshaker.processMessage(ClientHandshaker.java:372)
	at sun.security.ssl.Handshaker.processLoop(Handshaker.java:1082)
	at sun.security.ssl.Handshaker.process_record(Handshaker.java:1010)
	at sun.security.ssl.SSLSocketImpl.readRecord(SSLSocketImpl.java:1079)
	at sun.security.ssl.SSLSocketImpl.performInitialHandshake(SSLSocketImpl.java:1388)
	at sun.security.ssl.SSLSocketImpl.startHandshake(SSLSocketImpl.java:1416)
	at sun.security.ssl.SSLSocketImpl.startHandshake(SSLSocketImpl.java:1400)
	at org.apache.zookeeper.server.quorum.QuorumCnxManager.initiateConnection(QuorumCnxManager.java:386)
	at org.apache.zookeeper.server.quorum.QuorumCnxManager$QuorumConnectionReqThread.run(QuorumCnxManager.java:457)
	at java.util.concurrent.ThreadPoolExecutor.runWorker(ThreadPoolExecutor.java:1149)
	at java.util.concurrent.ThreadPoolExecutor$Worker.run(ThreadPoolExecutor.java:624)
	at java.lang.Thread.run(Thread.java:748)
2020-06-22 14:13:52,209 [myid:] - INFO  [Time-limited test:FourLetterWordMain@93] - connecting to 127.0.0.1 30151
2020-06-22 14:13:52,210 [myid:3] - INFO  [nioEventLoopGroup-127-6:NettyServerCnxn@285] - Processing stat command from /127.0.0.1:58522
2020-06-22 14:13:52,460 [myid:] - INFO  [Time-limited test:FourLetterWordMain@93] - connecting to 127.0.0.1 30151
2020-06-22 14:13:52,461 [myid:3] - INFO  [nioEventLoopGroup-127-7:NettyServerCnxn@285] - Processing stat command from /127.0.0.1:58524
2020-06-22 14:13:52,711 [myid:] - INFO  [Time-limited test:FourLetterWordMain@93] - connecting to 127.0.0.1 30151
2020-06-22 14:13:52,713 [myid:3] - INFO  [nioEventLoopGroup-127-8:NettyServerCnxn@285] - Processing stat command from /127.0.0.1:58527
2020-06-22 14:13:52,966 [myid:] - INFO  [Time-limited test:FourLetterWordMain@93] - connecting to 127.0.0.1 30151
2020-06-22 14:13:52,967 [myid:3] - INFO  [nioEventLoopGroup-127-9:NettyServerCnxn@285] - Processing stat command from /127.0.0.1:58543
2020-06-22 14:13:53,217 [myid:] - INFO  [Time-limited test:FourLetterWordMain@93] - connecting to 127.0.0.1 30151
2020-06-22 14:13:53,218 [myid:3] - INFO  [nioEventLoopGroup-127-10:NettyServerCnxn@285] - Processing stat command from /127.0.0.1:58546
2020-06-22 14:13:53,468 [myid:] - INFO  [Time-limited test:FourLetterWordMain@93] - connecting to 127.0.0.1 30151
2020-06-22 14:13:53,469 [myid:3] - INFO  [nioEventLoopGroup-127-11:NettyServerCnxn@285] - Processing stat command from /127.0.0.1:58559
2020-06-22 14:13:53,722 [myid:] - INFO  [Time-limited test:FourLetterWordMain@93] - connecting to 127.0.0.1 30151
2020-06-22 14:13:53,723 [myid:3] - INFO  [nioEventLoopGroup-127-12:NettyServerCnxn@285] - Processing stat command from /127.0.0.1:58562
2020-06-22 14:13:53,974 [myid:] - INFO  [Time-limited test:FourLetterWordMain@93] - connecting to 127.0.0.1 30151
2020-06-22 14:13:53,975 [myid:3] - INFO  [nioEventLoopGroup-127-13:NettyServerCnxn@285] - Processing stat command from /127.0.0.1:58564
2020-06-22 14:13:54,225 [myid:] - INFO  [Time-limited test:FourLetterWordMain@93] - connecting to 127.0.0.1 30151
2020-06-22 14:13:54,226 [myid:3] - INFO  [nioEventLoopGroup-127-14:NettyServerCnxn@285] - Processing stat command from /127.0.0.1:58576
2020-06-22 14:13:54,480 [myid:] - INFO  [Time-limited test:FourLetterWordMain@93] - connecting to 127.0.0.1 30151
2020-06-22 14:13:54,482 [myid:3] - INFO  [nioEventLoopGroup-127-15:NettyServerCnxn@285] - Processing stat command from /127.0.0.1:58580
2020-06-22 14:13:54,732 [myid:] - INFO  [Time-limited test:FourLetterWordMain@93] - connecting to 127.0.0.1 30151
2020-06-22 14:13:54,733 [myid:3] - INFO  [nioEventLoopGroup-127-16:NettyServerCnxn@285] - Processing stat command from /127.0.0.1:58583
2020-06-22 14:13:54,983 [myid:] - INFO  [Time-limited test:FourLetterWordMain@93] - connecting to 127.0.0.1 30151
2020-06-22 14:13:54,984 [myid:3] - INFO  [nioEventLoopGroup-127-1:NettyServerCnxn@285] - Processing stat command from /127.0.0.1:58586
2020-06-22 14:13:55,235 [myid:] - INFO  [Time-limited test:FourLetterWordMain@93] - connecting to 127.0.0.1 30151
2020-06-22 14:13:55,236 [myid:3] - INFO  [nioEventLoopGroup-127-2:NettyServerCnxn@285] - Processing stat command from /127.0.0.1:58644
2020-06-22 14:13:55,486 [myid:] - INFO  [Time-limited test:FourLetterWordMain@93] - connecting to 127.0.0.1 30151
2020-06-22 14:13:55,487 [myid:3] - INFO  [nioEventLoopGroup-127-3:NettyServerCnxn@285] - Processing stat command from /127.0.0.1:58670
2020-06-22 14:13:55,747 [myid:] - INFO  [Time-limited test:FourLetterWordMain@93] - connecting to 127.0.0.1 30151
2020-06-22 14:13:55,747 [myid:3] - INFO  [nioEventLoopGroup-127-4:NettyServerCnxn@285] - Processing stat command from /127.0.0.1:58689
2020-06-22 14:13:55,999 [myid:] - INFO  [Time-limited test:FourLetterWordMain@93] - connecting to 127.0.0.1 30151
2020-06-22 14:13:56,000 [myid:3] - INFO  [nioEventLoopGroup-127-5:NettyServerCnxn@285] - Processing stat command from /127.0.0.1:58693
2020-06-22 14:13:56,250 [myid:] - INFO  [Time-limited test:FourLetterWordMain@93] - connecting to 127.0.0.1 30151
2020-06-22 14:13:56,250 [myid:3] - INFO  [nioEventLoopGroup-127-6:NettyServerCnxn@285] - Processing stat command from /127.0.0.1:58696
2020-06-22 14:13:56,251 [myid:] - WARN  [Time-limited test:JUnit4ZKTestRunner$LoggedInvokeMethod@105] - TEST METHOD FAILED testHostnameVerificationWithInvalidIpAddressAndValidHostname
java.lang.AssertionError: expected:<true> but was:<false>
	at org.apache.zookeeper.server.quorum.QuorumSSLTest.testHostnameVerification(QuorumSSLTest.java:697)
	at org.apache.zookeeper.server.quorum.QuorumSSLTest.testHostnameVerificationWithInvalidIpAddressAndValidHostname(QuorumSSLTest.java:633)
	at org.apache.zookeeper.JUnit4ZKTestRunner$LoggedInvokeMethod.evaluate(JUnit4ZKTestRunner.java:86)
	at java.lang.Thread.run(Thread.java:748)
2020-06-22 14:13:56,251 [myid:] - INFO  [Time-limited test:QuorumBase@364] - Shutting down quorum peer QuorumPeer[myid=1](plain=[0:0:0:0:0:0:0:0]:30149)(secure=disabled)
2020-06-22 14:13:56,251 [myid:] - INFO  [Time-limited test:Follower@292] - shutdown Follower
2020-06-22 14:13:56,251 [myid:] - INFO  [Time-limited test:LearnerZooKeeperServer@160] - Shutting down
2020-06-22 14:13:56,251 [myid:1] - WARN  [QuorumPeer[myid=1](plain=[0:0:0:0:0:0:0:0]:30149)(secure=disabled):Follower@129] - Exception when following the leader
java.net.SocketException: Socket Closed
	at java.net.SocketInputStream.socketRead0(Native Method)
	at java.net.SocketInputStream.socketRead(SocketInputStream.java:116)
	at java.net.SocketInputStream.read(SocketInputStream.java:171)
	at java.net.SocketInputStream.read(SocketInputStream.java:141)
	at sun.security.ssl.InputRecord.readFully(InputRecord.java:465)
	at sun.security.ssl.InputRecord.read(InputRecord.java:503)
	at sun.security.ssl.SSLSocketImpl.readRecord(SSLSocketImpl.java:990)
	at sun.security.ssl.SSLSocketImpl.readDataRecord(SSLSocketImpl.java:948)
	at sun.security.ssl.AppInputStream.read(AppInputStream.java:105)
	at java.io.BufferedInputStream.fill(BufferedInputStream.java:246)
	at java.io.BufferedInputStream.read(BufferedInputStream.java:265)
	at java.io.DataInputStream.readInt(DataInputStream.java:387)
	at org.apache.jute.BinaryInputArchive.readInt(BinaryInputArchive.java:96)
	at org.apache.zookeeper.server.quorum.QuorumPacket.deserialize(QuorumPacket.java:86)
	at org.apache.jute.BinaryInputArchive.readRecord(BinaryInputArchive.java:134)
	at org.apache.zookeeper.server.quorum.Learner.readPacket(Learner.java:182)
	at org.apache.zookeeper.server.quorum.Follower.followLeader(Follower.java:125)
	at org.apache.zookeeper.server.quorum.QuorumPeer.run(QuorumPeer.java:1455)
2020-06-22 14:13:56,251 [myid:] - INFO  [Time-limited test:ZooKeeperServer@784] - shutting down
2020-06-22 14:13:56,251 [myid:2] - ERROR [LearnerHandler-/127.0.0.1:57426:LearnerHandler@707] - Unexpected exception causing shutdown while sock still open
java.io.EOFException
	at java.io.DataInputStream.readInt(DataInputStream.java:392)
	at org.apache.jute.BinaryInputArchive.readInt(BinaryInputArchive.java:96)
	at org.apache.zookeeper.server.quorum.QuorumPacket.deserialize(QuorumPacket.java:86)
	at org.apache.jute.BinaryInputArchive.readRecord(BinaryInputArchive.java:134)
	at org.apache.zookeeper.server.quorum.LearnerHandler.run(LearnerHandler.java:643)
2020-06-22 14:13:56,252 [myid:1] - INFO  [QuorumPeer[myid=1](plain=[0:0:0:0:0:0:0:0]:30149)(secure=disabled):Follower@143] - Disconnected from leader (with address: /127.0.0.1:30153). Was connected for 30187ms. Sync state: true
2020-06-22 14:13:56,252 [myid:] - INFO  [Time-limited test:RequestThrottler@244] - Shutting down
2020-06-22 14:13:56,252 [myid:1] - INFO  [QuorumPeer[myid=1](plain=[0:0:0:0:0:0:0:0]:30149)(secure=disabled):Follower@292] - shutdown Follower
2020-06-22 14:13:56,252 [myid:2] - WARN  [LearnerHandler-/127.0.0.1:57426:LearnerHandler@730] - ******* GOODBYE /127.0.0.1:57426 ********
2020-06-22 14:13:56,252 [myid:1] - INFO  [RequestThrottler:RequestThrottler@205] - Draining request throttler queue
2020-06-22 14:13:56,252 [myid:1] - INFO  [RequestThrottler:RequestThrottler@181] - RequestThrottler shutdown. Dropped 0 requests
2020-06-22 14:13:56,252 [myid:] - INFO  [Time-limited test:FollowerRequestProcessor@148] - Shutting down
2020-06-22 14:13:56,252 [myid:] - INFO  [Time-limited test:CommitProcessor@617] - Shutting down
2020-06-22 14:13:56,252 [myid:1] - INFO  [FollowerRequestProcessor:1:FollowerRequestProcessor@112] - FollowerRequestProcessor exited loop!
2020-06-22 14:13:56,252 [myid:1] - INFO  [CommitProcessor:1:CommitProcessor@406] - CommitProcessor exited loop!
2020-06-22 14:13:56,252 [myid:] - INFO  [Time-limited test:FinalRequestProcessor@662] - shutdown of request processor complete
2020-06-22 14:13:56,253 [myid:] - INFO  [Time-limited test:SyncRequestProcessor@256] - Shutting down
2020-06-22 14:13:56,253 [myid:1] - INFO  [SyncThread:1:SyncRequestProcessor@225] - SyncRequestProcessor exited!
2020-06-22 14:13:56,253 [myid:1] - INFO  [QuorumPeer[myid=1](plain=[0:0:0:0:0:0:0:0]:30149)(secure=disabled):QuorumPeer@863] - Peer state changed: looking
2020-06-22 14:13:56,253 [myid:1] - WARN  [QuorumPeer[myid=1](plain=[0:0:0:0:0:0:0:0]:30149)(secure=disabled):QuorumPeer@1501] - PeerState set to LOOKING
2020-06-22 14:13:56,253 [myid:1] - WARN  [QuorumPeer[myid=1](plain=[0:0:0:0:0:0:0:0]:30149)(secure=disabled):QuorumPeer@1483] - QuorumPeer main thread exited
2020-06-22 14:13:56,253 [myid:] - INFO  [Time-limited test:NettyServerCnxnFactory@622] - shutdown called /0:0:0:0:0:0:0:0:30149
2020-06-22 14:13:56,254 [myid:1] - INFO  [QuorumPeerListener:QuorumCnxManager$Listener@979] - Leaving listener
2020-06-22 14:13:56,255 [myid:2] - WARN  [RecvWorker:1:QuorumCnxManager$RecvWorker@1395] - Connection broken for id 1, my id = 2
java.io.EOFException
	at java.io.DataInputStream.readInt(DataInputStream.java:392)
	at org.apache.zookeeper.server.quorum.QuorumCnxManager$RecvWorker.run(QuorumCnxManager.java:1383)
2020-06-22 14:13:56,256 [myid:1] - WARN  [SendWorker:2:QuorumCnxManager$SendWorker@1281] - Interrupted while waiting for message on queue
java.lang.InterruptedException
	at java.util.concurrent.locks.AbstractQueuedSynchronizer$ConditionObject.reportInterruptAfterWait(AbstractQueuedSynchronizer.java:2014)
	at java.util.concurrent.locks.AbstractQueuedSynchronizer$ConditionObject.awaitNanos(AbstractQueuedSynchronizer.java:2088)
	at org.apache.zookeeper.util.CircularBlockingQueue.poll(CircularBlockingQueue.java:105)
	at org.apache.zookeeper.server.quorum.QuorumCnxManager.pollSendQueue(QuorumCnxManager.java:1446)
	at org.apache.zookeeper.server.quorum.QuorumCnxManager.access$900(QuorumCnxManager.java:98)
	at org.apache.zookeeper.server.quorum.QuorumCnxManager$SendWorker.run(QuorumCnxManager.java:1270)
2020-06-22 14:13:56,256 [myid:2] - WARN  [RecvWorker:1:QuorumCnxManager$RecvWorker@1401] - Interrupting SendWorker thread from RecvWorker. sid: 1. myId: 2
2020-06-22 14:13:56,256 [myid:1] - WARN  [RecvWorker:2:QuorumCnxManager$RecvWorker@1395] - Connection broken for id 2, my id = 1
java.net.SocketException: socket closed
	at java.net.SocketInputStream.socketRead0(Native Method)
	at java.net.SocketInputStream.socketRead(SocketInputStream.java:116)
	at java.net.SocketInputStream.read(SocketInputStream.java:171)
	at java.net.SocketInputStream.read(SocketInputStream.java:141)
	at java.io.SequenceInputStream.read(SequenceInputStream.java:207)
	at sun.security.ssl.InputRecord.readFully(InputRecord.java:465)
	at sun.security.ssl.InputRecord.readV3Record(InputRecord.java:593)
	at sun.security.ssl.InputRecord.read(InputRecord.java:532)
	at sun.security.ssl.SSLSocketImpl.readRecord(SSLSocketImpl.java:990)
	at sun.security.ssl.SSLSocketImpl.readDataRecord(SSLSocketImpl.java:948)
	at sun.security.ssl.AppInputStream.read(AppInputStream.java:105)
	at org.apache.zookeeper.server.quorum.UnifiedServerSocket$UnifiedInputStream.read(UnifiedServerSocket.java:693)
	at java.io.BufferedInputStream.fill(BufferedInputStream.java:246)
	at java.io.BufferedInputStream.read(BufferedInputStream.java:265)
	at java.io.DataInputStream.readInt(DataInputStream.java:387)
	at org.apache.zookeeper.server.quorum.QuorumCnxManager$RecvWorker.run(QuorumCnxManager.java:1383)
2020-06-22 14:13:56,256 [myid:2] - WARN  [SendWorker:1:QuorumCnxManager$SendWorker@1281] - Interrupted while waiting for message on queue
java.lang.InterruptedException
	at java.util.concurrent.locks.AbstractQueuedSynchronizer$ConditionObject.reportInterruptAfterWait(AbstractQueuedSynchronizer.java:2014)
	at java.util.concurrent.locks.AbstractQueuedSynchronizer$ConditionObject.awaitNanos(AbstractQueuedSynchronizer.java:2088)
	at org.apache.zookeeper.util.CircularBlockingQueue.poll(CircularBlockingQueue.java:105)
	at org.apache.zookeeper.server.quorum.QuorumCnxManager.pollSendQueue(QuorumCnxManager.java:1446)
	at org.apache.zookeeper.server.quorum.QuorumCnxManager.access$900(QuorumCnxManager.java:98)
	at org.apache.zookeeper.server.quorum.QuorumCnxManager$SendWorker.run(QuorumCnxManager.java:1270)
2020-06-22 14:13:56,256 [myid:] - INFO  [Time-limited test:QuorumBase@368] - Shutting down leader election QuorumPeer[myid=1](plain=[0:0:0:0:0:0:0:0]:30149)(secure=disabled)
2020-06-22 14:13:56,256 [myid:1] - WARN  [SendWorker:2:QuorumCnxManager$SendWorker@1293] - Send worker leaving thread id 2 my id = 1
2020-06-22 14:13:56,256 [myid:] - INFO  [Time-limited test:QuorumBase@373] - Waiting for QuorumPeer[myid=1](plain=[0:0:0:0:0:0:0:0]:30149)(secure=disabled) to exit thread
2020-06-22 14:13:56,256 [myid:2] - WARN  [SendWorker:1:QuorumCnxManager$SendWorker@1293] - Send worker leaving thread id 1 my id = 2
2020-06-22 14:13:56,256 [myid:1] - WARN  [RecvWorker:2:QuorumCnxManager$RecvWorker@1401] - Interrupting SendWorker thread from RecvWorker. sid: 2. myId: 1
2020-06-22 14:13:56,256 [myid:] - INFO  [Time-limited test:QuorumBase@364] - Shutting down quorum peer QuorumPeer[myid=2](plain=[0:0:0:0:0:0:0:0]:30150)(secure=disabled)
2020-06-22 14:13:56,257 [myid:] - INFO  [Time-limited test:Leader@792] - Shutting down
2020-06-22 14:13:56,257 [myid:] - INFO  [Time-limited test:Leader@798] - Shutdown called. For the reason quorum Peer shutdown
2020-06-22 14:13:56,257 [myid:] - INFO  [Time-limited test:ZooKeeperServer@784] - shutting down
2020-06-22 14:13:56,257 [myid:2] - WARN  [LearnerCnxAcceptorHandler-/127.0.0.1:30153:Leader$LearnerCnxAcceptor$LearnerCnxAcceptorHandler@523] - Exception while shutting down acceptor.
java.net.SocketException: socket closed
	at java.net.DualStackPlainSocketImpl.accept0(Native Method)
	at java.net.DualStackPlainSocketImpl.socketAccept(DualStackPlainSocketImpl.java:131)
	at java.net.AbstractPlainSocketImpl.accept(AbstractPlainSocketImpl.java:409)
	at java.net.PlainSocketImpl.accept(PlainSocketImpl.java:199)
	at java.net.ServerSocket.implAccept(ServerSocket.java:560)
	at org.apache.zookeeper.server.quorum.UnifiedServerSocket.accept(UnifiedServerSocket.java:139)
	at org.apache.zookeeper.server.quorum.Leader$LearnerCnxAcceptor$LearnerCnxAcceptorHandler.acceptConnections(Leader.java:510)
	at org.apache.zookeeper.server.quorum.Leader$LearnerCnxAcceptor$LearnerCnxAcceptorHandler.run(Leader.java:493)
	at java.util.concurrent.Executors$RunnableAdapter.call(Executors.java:511)
	at java.util.concurrent.FutureTask.run(FutureTask.java:266)
	at java.util.concurrent.ThreadPoolExecutor.runWorker(ThreadPoolExecutor.java:1149)
	at java.util.concurrent.ThreadPoolExecutor$Worker.run(ThreadPoolExecutor.java:624)
	at java.lang.Thread.run(Thread.java:748)
2020-06-22 14:13:56,257 [myid:] - INFO  [Time-limited test:RequestThrottler@244] - Shutting down
2020-06-22 14:13:56,258 [myid:2] - INFO  [RequestThrottler:RequestThrottler@205] - Draining request throttler queue
2020-06-22 14:13:56,259 [myid:2] - INFO  [RequestThrottler:RequestThrottler@181] - RequestThrottler shutdown. Dropped 0 requests
2020-06-22 14:13:56,259 [myid:] - INFO  [Time-limited test:SessionTrackerImpl@247] - Shutting down
2020-06-22 14:13:56,259 [myid:] - INFO  [Time-limited test:LeaderRequestProcessor@79] - Shutting down
2020-06-22 14:13:56,259 [myid:] - INFO  [Time-limited test:PrepRequestProcessor@1047] - Shutting down
2020-06-22 14:13:56,259 [myid:] - INFO  [Time-limited test:ProposalRequestProcessor@87] - Shutting down
2020-06-22 14:13:56,259 [myid:2] - INFO  [ProcessThread(sid:2 cport:-1)::PrepRequestProcessor@159] - PrepRequestProcessor exited loop!
2020-06-22 14:13:56,259 [myid:] - INFO  [Time-limited test:CommitProcessor@617] - Shutting down
2020-06-22 14:13:56,259 [myid:2] - INFO  [CommitProcessor:2:CommitProcessor@406] - CommitProcessor exited loop!
2020-06-22 14:13:56,259 [myid:] - INFO  [Time-limited test:Leader$ToBeAppliedRequestProcessor@1106] - Shutting down
2020-06-22 14:13:56,260 [myid:] - INFO  [Time-limited test:FinalRequestProcessor@662] - shutdown of request processor complete
2020-06-22 14:13:56,260 [myid:] - INFO  [Time-limited test:SyncRequestProcessor@256] - Shutting down
2020-06-22 14:13:56,260 [myid:2] - INFO  [SyncThread:2:SyncRequestProcessor@225] - SyncRequestProcessor exited!
2020-06-22 14:13:56,261 [myid:] - INFO  [Time-limited test:NettyServerCnxnFactory@622] - shutdown called /0:0:0:0:0:0:0:0:30150
2020-06-22 14:13:56,264 [myid:2] - WARN  [QuorumPeer[myid=2](plain=[0:0:0:0:0:0:0:0]:30150)(secure=disabled):QuorumPeer@1471] - Unexpected exception
java.lang.InterruptedException
	at java.lang.Object.wait(Native Method)
	at org.apache.zookeeper.server.quorum.Leader.lead(Leader.java:730)
	at org.apache.zookeeper.server.quorum.QuorumPeer.run(QuorumPeer.java:1468)
2020-06-22 14:13:56,264 [myid:2] - INFO  [QuorumPeer[myid=2](plain=[0:0:0:0:0:0:0:0]:30150)(secure=disabled):Leader@792] - Shutting down
2020-06-22 14:13:56,264 [myid:2] - INFO  [QuorumPeerListener:QuorumCnxManager$Listener@979] - Leaving listener
2020-06-22 14:13:56,264 [myid:2] - INFO  [QuorumPeer[myid=2](plain=[0:0:0:0:0:0:0:0]:30150)(secure=disabled):QuorumPeer@863] - Peer state changed: looking
2020-06-22 14:13:56,266 [myid:2] - WARN  [QuorumPeer[myid=2](plain=[0:0:0:0:0:0:0:0]:30150)(secure=disabled):QuorumPeer@1501] - PeerState set to LOOKING
2020-06-22 14:13:56,266 [myid:2] - WARN  [QuorumPeer[myid=2](plain=[0:0:0:0:0:0:0:0]:30150)(secure=disabled):QuorumPeer@1483] - QuorumPeer main thread exited
2020-06-22 14:13:56,265 [myid:] - INFO  [Time-limited test:QuorumBase@368] - Shutting down leader election QuorumPeer[myid=2](plain=[0:0:0:0:0:0:0:0]:30150)(secure=disabled)
2020-06-22 14:13:56,266 [myid:] - INFO  [Time-limited test:QuorumBase@373] - Waiting for QuorumPeer[myid=2](plain=[0:0:0:0:0:0:0:0]:30150)(secure=disabled) to exit thread
2020-06-22 14:13:56,266 [myid:] - INFO  [Time-limited test:QuorumBase@364] - Shutting down quorum peer QuorumPeer[myid=3](plain=[0:0:0:0:0:0:0:0]:30151)(secure=disabled)
2020-06-22 14:13:56,266 [myid:] - INFO  [Time-limited test:NettyServerCnxnFactory@622] - shutdown called /0:0:0:0:0:0:0:0:30151
2020-06-22 14:13:56,267 [myid:3] - WARN  [QuorumPeer[myid=3](plain=[0:0:0:0:0:0:0:0]:30151)(secure=disabled):QuorumPeer@1427] - Unexpected exception
java.lang.InterruptedException
	at java.util.concurrent.locks.AbstractQueuedSynchronizer$ConditionObject.reportInterruptAfterWait(AbstractQueuedSynchronizer.java:2014)
	at java.util.concurrent.locks.AbstractQueuedSynchronizer$ConditionObject.awaitNanos(AbstractQueuedSynchronizer.java:2088)
	at java.util.concurrent.LinkedBlockingQueue.poll(LinkedBlockingQueue.java:467)
	at org.apache.zookeeper.server.quorum.FastLeaderElection.lookForLeader(FastLeaderElection.java:961)
	at org.apache.zookeeper.server.quorum.QuorumPeer.run(QuorumPeer.java:1425)
2020-06-22 14:13:56,268 [myid:3] - INFO  [QuorumPeerListener:QuorumCnxManager$Listener@979] - Leaving listener
2020-06-22 14:13:56,268 [myid:3] - INFO  [QuorumPeer[myid=3](plain=[0:0:0:0:0:0:0:0]:30151)(secure=disabled):QuorumPeer@863] - Peer state changed: looking
2020-06-22 14:13:56,268 [myid:3] - WARN  [QuorumPeer[myid=3](plain=[0:0:0:0:0:0:0:0]:30151)(secure=disabled):QuorumPeer@1483] - QuorumPeer main thread exited
2020-06-22 14:13:56,268 [myid:] - INFO  [Time-limited test:QuorumBase@368] - Shutting down leader election QuorumPeer[myid=3](plain=[0:0:0:0:0:0:0:0]:30151)(secure=disabled)
2020-06-22 14:13:56,268 [myid:] - INFO  [Time-limited test:QuorumBase@373] - Waiting for QuorumPeer[myid=3](plain=[0:0:0:0:0:0:0:0]:30151)(secure=disabled) to exit thread
2020-06-22 14:13:56,269 [myid:] - INFO  [Time-limited test:QuorumPeerTestBase@64] - No servers to shutdown!
2020-06-22 14:13:56,269 [myid:] - ERROR [main:ZKTestCase$1@101] - FAILED testHostnameVerificationWithInvalidIpAddressAndValidHostname
java.lang.AssertionError: expected:<true> but was:<false>
	at org.apache.zookeeper.server.quorum.QuorumSSLTest.testHostnameVerification(QuorumSSLTest.java:697)
	at org.apache.zookeeper.server.quorum.QuorumSSLTest.testHostnameVerificationWithInvalidIpAddressAndValidHostname(QuorumSSLTest.java:633)
	at org.apache.zookeeper.JUnit4ZKTestRunner$LoggedInvokeMethod.evaluate(JUnit4ZKTestRunner.java:86)
	at java.lang.Thread.run(Thread.java:748)
2020-06-22 14:13:56,269 [myid:] - INFO  [main:ZKTestCase$1@91] - FINISHED testHostnameVerificationWithInvalidIpAddressAndValidHostname
]]></system-out>
  </testcase>
  <testcase name="testCertificateRevocationList" classname="org.apache.zookeeper.server.quorum.QuorumSSLTest" time="38.815">
    <failure type="java.lang.AssertionError">java.lang.AssertionError
	at org.apache.zookeeper.server.quorum.QuorumSSLTest.testCertificateRevocationList(QuorumSSLTest.java:732)
</failure>
    <system-out><![CDATA[2020-06-22 14:13:56,269 [myid:] - INFO  [main:ZKTestCase$1@86] - STARTING testCertificateRevocationList
2020-06-22 14:13:56,271 [myid:] - INFO  [Time-limited test:PortAssignment@87] - Assigned port 30158 from range 30072 - 32764.
2020-06-22 14:13:56,271 [myid:] - INFO  [Time-limited test:PortAssignment@87] - Assigned port 30159 from range 30072 - 32764.
2020-06-22 14:13:56,271 [myid:] - INFO  [Time-limited test:PortAssignment@87] - Assigned port 30160 from range 30072 - 32764.
2020-06-22 14:13:56,271 [myid:] - INFO  [Time-limited test:PortAssignment@87] - Assigned port 30161 from range 30072 - 32764.
2020-06-22 14:13:56,271 [myid:] - INFO  [Time-limited test:PortAssignment@87] - Assigned port 30162 from range 30072 - 32764.
2020-06-22 14:13:56,272 [myid:] - INFO  [Time-limited test:PortAssignment@87] - Assigned port 30163 from range 30072 - 32764.
2020-06-22 14:13:56,272 [myid:] - INFO  [Time-limited test:PortAssignment@87] - Assigned port 30164 from range 30072 - 32764.
2020-06-22 14:13:56,272 [myid:] - INFO  [Time-limited test:PortAssignment@87] - Assigned port 30165 from range 30072 - 32764.
2020-06-22 14:13:56,272 [myid:] - INFO  [Time-limited test:PortAssignment@87] - Assigned port 30166 from range 30072 - 32764.
2020-06-22 14:13:56,481 [myid:3] - INFO  [WorkerReceiver[myid=3]:FastLeaderElection$Messenger$WorkerReceiver@471] - WorkerReceiver is down
2020-06-22 14:13:56,483 [myid:3] - INFO  [WorkerSender[myid=3]:FastLeaderElection$Messenger$WorkerSender@505] - WorkerSender is down
2020-06-22 14:13:57,588 [myid:2] - INFO  [SessionTracker:SessionTrackerImpl@170] - SessionTrackerImpl exited loop!
2020-06-22 14:13:58,633 [myid:2] - INFO  [WorkerSender[myid=2]:FastLeaderElection$Messenger$WorkerSender@505] - WorkerSender is down
2020-06-22 14:13:58,703 [myid:1] - INFO  [WorkerSender[myid=1]:FastLeaderElection$Messenger$WorkerSender@505] - WorkerSender is down
2020-06-22 14:13:58,774 [myid:1] - INFO  [WorkerReceiver[myid=1]:FastLeaderElection$Messenger$WorkerReceiver@471] - WorkerReceiver is down
2020-06-22 14:13:58,786 [myid:2] - INFO  [WorkerReceiver[myid=2]:FastLeaderElection$Messenger$WorkerReceiver@471] - WorkerReceiver is down
2020-06-22 14:14:03,881 [myid:] - INFO  [Time-limited test:JUnit4ZKTestRunner$LoggedInvokeMethod@84] - RUNNING TEST METHOD testCertificateRevocationList
2020-06-22 14:14:03,882 [myid:] - INFO  [Time-limited test:QuorumPeerTestBase$MainThread@205] - id = 1 tmpDir = D:\desktop\git_repo\zookeeper-read\zookeeper-server\target\surefire\test5190980645187675629.junit.dir clientPort = 30158 adminServerPort = 8080
2020-06-22 14:14:03,884 [myid:] - INFO  [Time-limited test:QuorumPeerTestBase$MainThread@205] - id = 2 tmpDir = D:\desktop\git_repo\zookeeper-read\zookeeper-server\target\surefire\test3823122258584078838.junit.dir clientPort = 30159 adminServerPort = 8080
2020-06-22 14:14:03,886 [myid:] - INFO  [Time-limited test:FourLetterWordMain@93] - connecting to 127.0.0.1 30158
2020-06-22 14:14:03,886 [myid:] - INFO  [Thread-92:QuorumPeerConfig@173] - Reading configuration from: D:\desktop\git_repo\zookeeper-read\zookeeper-server\target\surefire\test5190980645187675629.junit.dir\zoo.cfg
2020-06-22 14:14:03,886 [myid:] - INFO  [Thread-93:QuorumPeerConfig@173] - Reading configuration from: D:\desktop\git_repo\zookeeper-read\zookeeper-server\target\surefire\test3823122258584078838.junit.dir\zoo.cfg
2020-06-22 14:14:03,887 [myid:] - INFO  [Thread-92:QuorumPeerConfig@459] - clientPortAddress is 0.0.0.0:30158
2020-06-22 14:14:03,887 [myid:] - INFO  [Thread-92:QuorumPeerConfig@463] - secureClientPort is not set
2020-06-22 14:14:03,887 [myid:] - INFO  [Thread-92:QuorumPeerConfig@479] - observerMasterPort is not set
2020-06-22 14:14:03,887 [myid:] - INFO  [Thread-92:QuorumPeerConfig@496] - metricsProvider.className is org.apache.zookeeper.metrics.impl.DefaultMetricsProvider
2020-06-22 14:14:03,887 [myid:] - INFO  [Thread-93:QuorumPeerConfig@459] - clientPortAddress is 0.0.0.0:30159
2020-06-22 14:14:03,887 [myid:] - INFO  [Thread-93:QuorumPeerConfig@463] - secureClientPort is not set
2020-06-22 14:14:03,887 [myid:] - INFO  [Thread-93:QuorumPeerConfig@479] - observerMasterPort is not set
2020-06-22 14:14:03,887 [myid:] - INFO  [Thread-93:QuorumPeerConfig@496] - metricsProvider.className is org.apache.zookeeper.metrics.impl.DefaultMetricsProvider
2020-06-22 14:14:03,887 [myid:1] - INFO  [Thread-92:DatadirCleanupManager@78] - autopurge.snapRetainCount set to 3
2020-06-22 14:14:03,887 [myid:1] - INFO  [Thread-92:DatadirCleanupManager@79] - autopurge.purgeInterval set to 0
2020-06-22 14:14:03,887 [myid:1] - INFO  [Thread-92:DatadirCleanupManager@101] - Purge task is not scheduled.
2020-06-22 14:14:03,887 [myid:2] - INFO  [Thread-93:DatadirCleanupManager@78] - autopurge.snapRetainCount set to 3
2020-06-22 14:14:03,887 [myid:2] - INFO  [Thread-93:DatadirCleanupManager@79] - autopurge.purgeInterval set to 0
2020-06-22 14:14:03,887 [myid:2] - INFO  [Thread-93:DatadirCleanupManager@101] - Purge task is not scheduled.
2020-06-22 14:14:03,887 [myid:1] - INFO  [Thread-92:ManagedUtil@44] - Log4j 1.2 jmx support found and enabled.
2020-06-22 14:14:03,887 [myid:2] - INFO  [Thread-93:ManagedUtil@44] - Log4j 1.2 jmx support found and enabled.
2020-06-22 14:14:03,887 [myid:1] - ERROR [Thread-92:ManagedUtil@109] - Problems while registering log4j 1.2 jmx beans!
javax.management.InstanceAlreadyExistsException: log4j:hierarchy=default
	at com.sun.jmx.mbeanserver.Repository.addMBean(Repository.java:437)
	at com.sun.jmx.interceptor.DefaultMBeanServerInterceptor.registerWithRepository(DefaultMBeanServerInterceptor.java:1898)
	at com.sun.jmx.interceptor.DefaultMBeanServerInterceptor.registerDynamicMBean(DefaultMBeanServerInterceptor.java:966)
	at com.sun.jmx.interceptor.DefaultMBeanServerInterceptor.registerObject(DefaultMBeanServerInterceptor.java:900)
	at com.sun.jmx.interceptor.DefaultMBeanServerInterceptor.registerMBean(DefaultMBeanServerInterceptor.java:324)
	at com.sun.jmx.mbeanserver.JmxMBeanServer.registerMBean(JmxMBeanServer.java:522)
	at org.apache.zookeeper.jmx.ManagedUtil.registerLog4jMBeans(ManagedUtil.java:72)
	at org.apache.zookeeper.server.quorum.QuorumPeerMain.runFromConfig(QuorumPeerMain.java:146)
	at org.apache.zookeeper.server.quorum.QuorumPeerMain.initializeAndRun(QuorumPeerMain.java:136)
	at org.apache.zookeeper.server.quorum.QuorumPeerTestBase$MainThread.run(QuorumPeerTestBase.java:329)
	at java.lang.Thread.run(Thread.java:748)
2020-06-22 14:14:03,887 [myid:2] - ERROR [Thread-93:ManagedUtil@109] - Problems while registering log4j 1.2 jmx beans!
javax.management.InstanceAlreadyExistsException: log4j:hierarchy=default
	at com.sun.jmx.mbeanserver.Repository.addMBean(Repository.java:437)
	at com.sun.jmx.interceptor.DefaultMBeanServerInterceptor.registerWithRepository(DefaultMBeanServerInterceptor.java:1898)
	at com.sun.jmx.interceptor.DefaultMBeanServerInterceptor.registerDynamicMBean(DefaultMBeanServerInterceptor.java:966)
	at com.sun.jmx.interceptor.DefaultMBeanServerInterceptor.registerObject(DefaultMBeanServerInterceptor.java:900)
	at com.sun.jmx.interceptor.DefaultMBeanServerInterceptor.registerMBean(DefaultMBeanServerInterceptor.java:324)
	at com.sun.jmx.mbeanserver.JmxMBeanServer.registerMBean(JmxMBeanServer.java:522)
	at org.apache.zookeeper.jmx.ManagedUtil.registerLog4jMBeans(ManagedUtil.java:72)
	at org.apache.zookeeper.server.quorum.QuorumPeerMain.runFromConfig(QuorumPeerMain.java:146)
	at org.apache.zookeeper.server.quorum.QuorumPeerMain.initializeAndRun(QuorumPeerMain.java:136)
	at org.apache.zookeeper.server.quorum.QuorumPeerTestBase$MainThread.run(QuorumPeerTestBase.java:329)
	at java.lang.Thread.run(Thread.java:748)
2020-06-22 14:14:03,887 [myid:1] - WARN  [Thread-92:QuorumPeerMain@148] - Unable to register log4j JMX control
javax.management.JMException: javax.management.InstanceAlreadyExistsException: log4j:hierarchy=default
	at org.apache.zookeeper.jmx.ManagedUtil.registerLog4jMBeans(ManagedUtil.java:110)
	at org.apache.zookeeper.server.quorum.QuorumPeerMain.runFromConfig(QuorumPeerMain.java:146)
	at org.apache.zookeeper.server.quorum.QuorumPeerMain.initializeAndRun(QuorumPeerMain.java:136)
	at org.apache.zookeeper.server.quorum.QuorumPeerTestBase$MainThread.run(QuorumPeerTestBase.java:329)
	at java.lang.Thread.run(Thread.java:748)
2020-06-22 14:14:03,888 [myid:1] - INFO  [Thread-92:QuorumPeerMain@151] - Starting quorum peer
2020-06-22 14:14:03,888 [myid:2] - WARN  [Thread-93:QuorumPeerMain@148] - Unable to register log4j JMX control
javax.management.JMException: javax.management.InstanceAlreadyExistsException: log4j:hierarchy=default
	at org.apache.zookeeper.jmx.ManagedUtil.registerLog4jMBeans(ManagedUtil.java:110)
	at org.apache.zookeeper.server.quorum.QuorumPeerMain.runFromConfig(QuorumPeerMain.java:146)
	at org.apache.zookeeper.server.quorum.QuorumPeerMain.initializeAndRun(QuorumPeerMain.java:136)
	at org.apache.zookeeper.server.quorum.QuorumPeerTestBase$MainThread.run(QuorumPeerTestBase.java:329)
	at java.lang.Thread.run(Thread.java:748)
2020-06-22 14:14:03,888 [myid:2] - INFO  [Thread-93:QuorumPeerMain@151] - Starting quorum peer
2020-06-22 14:14:03,888 [myid:1] - INFO  [Thread-92:ServerMetrics@62] - ServerMetrics initialized with provider org.apache.zookeeper.metrics.impl.DefaultMetricsProvider@1ea5775c
2020-06-22 14:14:03,888 [myid:2] - INFO  [Thread-93:ServerMetrics@62] - ServerMetrics initialized with provider org.apache.zookeeper.metrics.impl.DefaultMetricsProvider@204e403c
2020-06-22 14:14:03,888 [myid:1] - INFO  [Thread-92:NettyServerCnxnFactory@483] - zookeeper.client.portUnification=false
2020-06-22 14:14:03,888 [myid:1] - INFO  [Thread-92:NettyServerCnxnFactory@495] - zookeeper.netty.advancedFlowControl.enabled = false
2020-06-22 14:14:03,888 [myid:2] - INFO  [Thread-93:NettyServerCnxnFactory@483] - zookeeper.client.portUnification=false
2020-06-22 14:14:03,888 [myid:1] - INFO  [Thread-92:NettyServerCnxnFactory@105] - handshakeThrottlingEnabled = false, zookeeper.netty.server.outstandingHandshake.limit = -1
2020-06-22 14:14:03,888 [myid:2] - INFO  [Thread-93:NettyServerCnxnFactory@495] - zookeeper.netty.advancedFlowControl.enabled = false
2020-06-22 14:14:03,888 [myid:2] - INFO  [Thread-93:NettyServerCnxnFactory@105] - handshakeThrottlingEnabled = false, zookeeper.netty.server.outstandingHandshake.limit = -1
2020-06-22 14:14:04,045 [myid:1] - INFO  [Thread-92:ServerCnxnFactory@169] - Using org.apache.zookeeper.server.NettyServerCnxnFactory as server connection factory
2020-06-22 14:14:04,045 [myid:1] - WARN  [Thread-92:ServerCnxnFactory@309] - maxCnxns is not configured, using default value 0.
2020-06-22 14:14:04,045 [myid:1] - INFO  [Thread-92:FileTxnSnapLog@124] - zookeeper.snapshot.trust.empty : false
2020-06-22 14:14:04,046 [myid:1] - INFO  [Thread-92:QuorumPeer@1680] - Local sessions disabled
2020-06-22 14:14:04,046 [myid:1] - INFO  [Thread-92:QuorumPeer@1691] - Local session upgrading disabled
2020-06-22 14:14:04,046 [myid:1] - INFO  [Thread-92:QuorumPeer@1658] - tickTime set to 4000
2020-06-22 14:14:04,046 [myid:1] - INFO  [Thread-92:QuorumPeer@1702] - minSessionTimeout set to 8000
2020-06-22 14:14:04,046 [myid:1] - INFO  [Thread-92:QuorumPeer@1713] - maxSessionTimeout set to 80000
2020-06-22 14:14:04,046 [myid:1] - INFO  [Thread-92:QuorumPeer@1738] - initLimit set to 10
2020-06-22 14:14:04,046 [myid:1] - INFO  [Thread-92:QuorumPeer@1920] - syncLimit set to 5
2020-06-22 14:14:04,046 [myid:1] - INFO  [Thread-92:QuorumPeer@1935] - connectToLearnerMasterLimit set to 5
2020-06-22 14:14:04,046 [myid:1] - INFO  [Thread-92:WatchManagerFactory@42] - Using org.apache.zookeeper.server.watch.WatchManager as watch manager
2020-06-22 14:14:04,046 [myid:1] - INFO  [Thread-92:WatchManagerFactory@42] - Using org.apache.zookeeper.server.watch.WatchManager as watch manager
2020-06-22 14:14:04,046 [myid:1] - INFO  [Thread-92:ZKDatabase@132] - zookeeper.snapshotSizeFactor = 0.33
2020-06-22 14:14:04,047 [myid:1] - INFO  [Thread-92:ZKDatabase@152] - zookeeper.commitLogCount=500
2020-06-22 14:14:04,047 [myid:1] - INFO  [Thread-92:QuorumPeer@1999] - Using TLS encrypted quorum communication
2020-06-22 14:14:04,047 [myid:1] - INFO  [Thread-92:QuorumPeer@2007] - Port unification disabled
2020-06-22 14:14:04,047 [myid:1] - INFO  [Thread-92:QuorumPeer@174] - multiAddress.enabled set to false
2020-06-22 14:14:04,047 [myid:1] - INFO  [Thread-92:QuorumPeer@199] - multiAddress.reachabilityCheckEnabled set to true
2020-06-22 14:14:04,047 [myid:1] - INFO  [Thread-92:QuorumPeer@186] - multiAddress.reachabilityCheckTimeoutMs set to 1000
2020-06-22 14:14:04,047 [myid:1] - INFO  [Thread-92:QuorumPeer@2461] - QuorumPeer communication is not secured! (SASL auth disabled)
2020-06-22 14:14:04,047 [myid:1] - INFO  [Thread-92:QuorumPeer@2486] - quorum.cnxn.threads.size set to 20
2020-06-22 14:14:04,048 [myid:1] - INFO  [Thread-92:FileTxnSnapLog@251] - Initialize file found, an empty database will not block voting participation
2020-06-22 14:14:04,048 [myid:1] - INFO  [Thread-92:FileTxnSnapLog@470] - Snapshotting: 0x0 to D:\desktop\git_repo\zookeeper-read\zookeeper-server\target\surefire\test5190980645187675629.junit.dir\data\version-2\snapshot.0
2020-06-22 14:14:04,048 [myid:2] - INFO  [Thread-93:ServerCnxnFactory@169] - Using org.apache.zookeeper.server.NettyServerCnxnFactory as server connection factory
2020-06-22 14:14:04,048 [myid:2] - WARN  [Thread-93:ServerCnxnFactory@309] - maxCnxns is not configured, using default value 0.
2020-06-22 14:14:04,049 [myid:2] - INFO  [Thread-93:FileTxnSnapLog@124] - zookeeper.snapshot.trust.empty : false
2020-06-22 14:14:04,049 [myid:1] - INFO  [Thread-92:ZKDatabase@289] - Snapshot loaded in 1 ms, highest zxid is 0x0, digest is 1371985504
2020-06-22 14:14:04,049 [myid:1] - INFO  [Thread-92:QuorumPeer@1102] - currentEpoch not found! Creating with a reasonable default of 0. This should only happen when you are upgrading your installation
2020-06-22 14:14:04,049 [myid:2] - INFO  [Thread-93:QuorumPeer@1680] - Local sessions disabled
2020-06-22 14:14:04,049 [myid:2] - INFO  [Thread-93:QuorumPeer@1691] - Local session upgrading disabled
2020-06-22 14:14:04,049 [myid:2] - INFO  [Thread-93:QuorumPeer@1658] - tickTime set to 4000
2020-06-22 14:14:04,049 [myid:2] - INFO  [Thread-93:QuorumPeer@1702] - minSessionTimeout set to 8000
2020-06-22 14:14:04,049 [myid:2] - INFO  [Thread-93:QuorumPeer@1713] - maxSessionTimeout set to 80000
2020-06-22 14:14:04,050 [myid:2] - INFO  [Thread-93:QuorumPeer@1738] - initLimit set to 10
2020-06-22 14:14:04,050 [myid:2] - INFO  [Thread-93:QuorumPeer@1920] - syncLimit set to 5
2020-06-22 14:14:04,050 [myid:2] - INFO  [Thread-93:QuorumPeer@1935] - connectToLearnerMasterLimit set to 5
2020-06-22 14:14:04,050 [myid:2] - INFO  [Thread-93:WatchManagerFactory@42] - Using org.apache.zookeeper.server.watch.WatchManager as watch manager
2020-06-22 14:14:04,050 [myid:2] - INFO  [Thread-93:WatchManagerFactory@42] - Using org.apache.zookeeper.server.watch.WatchManager as watch manager
2020-06-22 14:14:04,050 [myid:2] - INFO  [Thread-93:ZKDatabase@132] - zookeeper.snapshotSizeFactor = 0.33
2020-06-22 14:14:04,050 [myid:2] - INFO  [Thread-93:ZKDatabase@152] - zookeeper.commitLogCount=500
2020-06-22 14:14:04,050 [myid:2] - INFO  [Thread-93:QuorumPeer@1999] - Using TLS encrypted quorum communication
2020-06-22 14:14:04,050 [myid:2] - INFO  [Thread-93:QuorumPeer@2007] - Port unification disabled
2020-06-22 14:14:04,050 [myid:2] - INFO  [Thread-93:QuorumPeer@174] - multiAddress.enabled set to false
2020-06-22 14:14:04,050 [myid:2] - INFO  [Thread-93:QuorumPeer@199] - multiAddress.reachabilityCheckEnabled set to true
2020-06-22 14:14:04,050 [myid:2] - INFO  [Thread-93:QuorumPeer@186] - multiAddress.reachabilityCheckTimeoutMs set to 1000
2020-06-22 14:14:04,050 [myid:2] - INFO  [Thread-93:QuorumPeer@2461] - QuorumPeer communication is not secured! (SASL auth disabled)
2020-06-22 14:14:04,050 [myid:2] - INFO  [Thread-93:QuorumPeer@2486] - quorum.cnxn.threads.size set to 20
2020-06-22 14:14:04,051 [myid:2] - INFO  [Thread-93:FileTxnSnapLog@251] - Initialize file found, an empty database will not block voting participation
2020-06-22 14:14:04,051 [myid:2] - INFO  [Thread-93:FileTxnSnapLog@470] - Snapshotting: 0x0 to D:\desktop\git_repo\zookeeper-read\zookeeper-server\target\surefire\test3823122258584078838.junit.dir\data\version-2\snapshot.0
2020-06-22 14:14:04,051 [myid:1] - INFO  [Thread-92:QuorumPeer@1122] - acceptedEpoch not found! Creating with a reasonable default of 0. This should only happen when you are upgrading your installation
2020-06-22 14:14:04,051 [myid:2] - INFO  [Thread-93:ZKDatabase@289] - Snapshot loaded in 1 ms, highest zxid is 0x0, digest is 1371985504
2020-06-22 14:14:04,051 [myid:2] - INFO  [Thread-93:QuorumPeer@1102] - currentEpoch not found! Creating with a reasonable default of 0. This should only happen when you are upgrading your installation
2020-06-22 14:14:04,053 [myid:1] - INFO  [Thread-92:NettyServerCnxnFactory@670] - binding to port /0.0.0.0:30158
2020-06-22 14:14:04,053 [myid:2] - INFO  [Thread-93:QuorumPeer@1122] - acceptedEpoch not found! Creating with a reasonable default of 0. This should only happen when you are upgrading your installation
2020-06-22 14:14:04,054 [myid:1] - INFO  [Thread-92:NettyServerCnxnFactory@675] - bound to port 30158
2020-06-22 14:14:04,054 [myid:1] - INFO  [Thread-92:QuorumPeer@2503] - Using 20000ms as the quorum cnxn socket timeout
2020-06-22 14:14:04,054 [myid:1] - INFO  [Thread-92:QuorumCnxManager$Listener@923] - Election port bind maximum retries is 3
2020-06-22 14:14:04,055 [myid:1] - INFO  [ListenerHandler-/127.0.0.1:30164:QuorumCnxManager$Listener$ListenerHandler@1127] - Creating TLS-only quorum server socket
2020-06-22 14:14:04,055 [myid:1] - INFO  [QuorumPeer[myid=1](plain=[0:0:0:0:0:0:0:0]:30158)(secure=disabled):QuorumPeer@1371] - LOOKING
2020-06-22 14:14:04,055 [myid:1] - INFO  [QuorumPeer[myid=1](plain=[0:0:0:0:0:0:0:0]:30158)(secure=disabled):FastLeaderElection@944] - New election. My id = 1, proposed zxid=0x0
2020-06-22 14:14:04,055 [myid:1] - INFO  [ListenerHandler-/127.0.0.1:30164:QuorumCnxManager$Listener$ListenerHandler@1065] - 1 is accepting connections now, my election bind port: /127.0.0.1:30164
2020-06-22 14:14:04,055 [myid:1] - INFO  [WorkerReceiver[myid=1]:FastLeaderElection$Messenger$WorkerReceiver@389] - Notification: my state:LOOKING; n.sid:1, n.state:LOOKING, n.leader:1, n.round:0x1, n.peerEpoch:0x0, n.zxid:0x0, message format version:0x2, n.config version:0x0
2020-06-22 14:14:04,055 [myid:2] - INFO  [Thread-93:NettyServerCnxnFactory@670] - binding to port /0.0.0.0:30159
2020-06-22 14:14:04,057 [myid:2] - INFO  [Thread-93:NettyServerCnxnFactory@675] - bound to port 30159
2020-06-22 14:14:04,057 [myid:2] - INFO  [Thread-93:QuorumPeer@2503] - Using 20000ms as the quorum cnxn socket timeout
2020-06-22 14:14:04,057 [myid:2] - INFO  [Thread-93:QuorumCnxManager$Listener@923] - Election port bind maximum retries is 3
2020-06-22 14:14:04,058 [myid:2] - INFO  [ListenerHandler-/127.0.0.1:30165:QuorumCnxManager$Listener$ListenerHandler@1127] - Creating TLS-only quorum server socket
2020-06-22 14:14:04,058 [myid:2] - INFO  [QuorumPeer[myid=2](plain=[0:0:0:0:0:0:0:0]:30159)(secure=disabled):QuorumPeer@1371] - LOOKING
2020-06-22 14:14:04,058 [myid:2] - INFO  [ListenerHandler-/127.0.0.1:30165:QuorumCnxManager$Listener$ListenerHandler@1065] - 2 is accepting connections now, my election bind port: /127.0.0.1:30165
2020-06-22 14:14:04,058 [myid:2] - INFO  [QuorumPeer[myid=2](plain=[0:0:0:0:0:0:0:0]:30159)(secure=disabled):FastLeaderElection@944] - New election. My id = 2, proposed zxid=0x0
2020-06-22 14:14:04,058 [myid:2] - INFO  [WorkerReceiver[myid=2]:FastLeaderElection$Messenger$WorkerReceiver@389] - Notification: my state:LOOKING; n.sid:2, n.state:LOOKING, n.leader:2, n.round:0x1, n.peerEpoch:0x0, n.zxid:0x0, message format version:0x2, n.config version:0x0
2020-06-22 14:14:04,059 [myid:1] - INFO  [ListenerHandler-/127.0.0.1:30164:QuorumCnxManager$Listener$ListenerHandler@1070] - Received connection request from /127.0.0.1:59106
2020-06-22 14:14:04,145 [myid:1] - INFO  [ListenerHandler-/127.0.0.1:30164:UnifiedServerSocket$UnifiedSocket@266] - Accepted TLS connection from /127.0.0.1:59106 - TLSv1.2 - TLS_ECDHE_RSA_WITH_AES_128_CBC_SHA256
2020-06-22 14:14:04,145 [myid:2] - INFO  [QuorumConnectionThread-[myid=2]-1:QuorumCnxManager@387] - SSL handshake complete with /127.0.0.1:30164 - TLSv1.2 - TLS_ECDHE_RSA_WITH_AES_128_CBC_SHA256
2020-06-22 14:14:04,152 [myid:2] - INFO  [WorkerReceiver[myid=2]:FastLeaderElection$Messenger$WorkerReceiver@389] - Notification: my state:LOOKING; n.sid:1, n.state:LOOKING, n.leader:1, n.round:0x1, n.peerEpoch:0x0, n.zxid:0x0, message format version:0x2, n.config version:0x0
2020-06-22 14:14:04,154 [myid:1] - INFO  [WorkerReceiver[myid=1]:FastLeaderElection$Messenger$WorkerReceiver@389] - Notification: my state:LOOKING; n.sid:2, n.state:LOOKING, n.leader:2, n.round:0x1, n.peerEpoch:0x0, n.zxid:0x0, message format version:0x2, n.config version:0x0
2020-06-22 14:14:04,154 [myid:1] - INFO  [WorkerReceiver[myid=1]:FastLeaderElection$Messenger$WorkerReceiver@389] - Notification: my state:LOOKING; n.sid:1, n.state:LOOKING, n.leader:2, n.round:0x1, n.peerEpoch:0x0, n.zxid:0x0, message format version:0x2, n.config version:0x0
2020-06-22 14:14:04,155 [myid:2] - INFO  [WorkerReceiver[myid=2]:FastLeaderElection$Messenger$WorkerReceiver@389] - Notification: my state:LOOKING; n.sid:1, n.state:LOOKING, n.leader:2, n.round:0x1, n.peerEpoch:0x0, n.zxid:0x0, message format version:0x2, n.config version:0x0
2020-06-22 14:14:04,365 [myid:2] - INFO  [QuorumPeer[myid=2](plain=[0:0:0:0:0:0:0:0]:30159)(secure=disabled):QuorumPeer@857] - Peer state changed: leading
2020-06-22 14:14:04,368 [myid:1] - INFO  [QuorumPeer[myid=1](plain=[0:0:0:0:0:0:0:0]:30158)(secure=disabled):QuorumPeer@857] - Peer state changed: following
2020-06-22 14:14:04,369 [myid:2] - INFO  [QuorumPeer[myid=2](plain=[0:0:0:0:0:0:0:0]:30159)(secure=disabled):QuorumPeer@1465] - LEADING
2020-06-22 14:14:04,369 [myid:1] - INFO  [QuorumPeer[myid=1](plain=[0:0:0:0:0:0:0:0]:30158)(secure=disabled):QuorumPeer@1453] - FOLLOWING
2020-06-22 14:14:04,369 [myid:1] - INFO  [QuorumPeer[myid=1](plain=[0:0:0:0:0:0:0:0]:30158)(secure=disabled):ZooKeeperServer@1246] - minSessionTimeout set to 8000
2020-06-22 14:14:04,369 [myid:1] - INFO  [QuorumPeer[myid=1](plain=[0:0:0:0:0:0:0:0]:30158)(secure=disabled):ZooKeeperServer@1255] - maxSessionTimeout set to 80000
2020-06-22 14:14:04,369 [myid:2] - INFO  [QuorumPeer[myid=2](plain=[0:0:0:0:0:0:0:0]:30159)(secure=disabled):ZooKeeperServer@1246] - minSessionTimeout set to 8000
2020-06-22 14:14:04,369 [myid:1] - INFO  [QuorumPeer[myid=1](plain=[0:0:0:0:0:0:0:0]:30158)(secure=disabled):ResponseCache@45] - Response cache size is initialized with value 400.
2020-06-22 14:14:04,369 [myid:2] - INFO  [QuorumPeer[myid=2](plain=[0:0:0:0:0:0:0:0]:30159)(secure=disabled):ZooKeeperServer@1255] - maxSessionTimeout set to 80000
2020-06-22 14:14:04,369 [myid:1] - INFO  [QuorumPeer[myid=1](plain=[0:0:0:0:0:0:0:0]:30158)(secure=disabled):ResponseCache@45] - Response cache size is initialized with value 400.
2020-06-22 14:14:04,370 [myid:2] - INFO  [QuorumPeer[myid=2](plain=[0:0:0:0:0:0:0:0]:30159)(secure=disabled):ResponseCache@45] - Response cache size is initialized with value 400.
2020-06-22 14:14:04,370 [myid:2] - INFO  [QuorumPeer[myid=2](plain=[0:0:0:0:0:0:0:0]:30159)(secure=disabled):ResponseCache@45] - Response cache size is initialized with value 400.
2020-06-22 14:14:04,370 [myid:2] - INFO  [QuorumPeer[myid=2](plain=[0:0:0:0:0:0:0:0]:30159)(secure=disabled):RequestPathMetricsCollector@111] - zookeeper.pathStats.slotCapacity = 60
2020-06-22 14:14:04,370 [myid:2] - INFO  [QuorumPeer[myid=2](plain=[0:0:0:0:0:0:0:0]:30159)(secure=disabled):RequestPathMetricsCollector@112] - zookeeper.pathStats.slotDuration = 15
2020-06-22 14:14:04,370 [myid:2] - INFO  [QuorumPeer[myid=2](plain=[0:0:0:0:0:0:0:0]:30159)(secure=disabled):RequestPathMetricsCollector@113] - zookeeper.pathStats.maxDepth = 6
2020-06-22 14:14:04,370 [myid:1] - INFO  [QuorumPeer[myid=1](plain=[0:0:0:0:0:0:0:0]:30158)(secure=disabled):RequestPathMetricsCollector@111] - zookeeper.pathStats.slotCapacity = 60
2020-06-22 14:14:04,370 [myid:2] - INFO  [QuorumPeer[myid=2](plain=[0:0:0:0:0:0:0:0]:30159)(secure=disabled):RequestPathMetricsCollector@114] - zookeeper.pathStats.initialDelay = 5
2020-06-22 14:14:04,370 [myid:2] - INFO  [QuorumPeer[myid=2](plain=[0:0:0:0:0:0:0:0]:30159)(secure=disabled):RequestPathMetricsCollector@115] - zookeeper.pathStats.delay = 5
2020-06-22 14:14:04,370 [myid:2] - INFO  [QuorumPeer[myid=2](plain=[0:0:0:0:0:0:0:0]:30159)(secure=disabled):RequestPathMetricsCollector@116] - zookeeper.pathStats.enabled = false
2020-06-22 14:14:04,370 [myid:1] - INFO  [QuorumPeer[myid=1](plain=[0:0:0:0:0:0:0:0]:30158)(secure=disabled):RequestPathMetricsCollector@112] - zookeeper.pathStats.slotDuration = 15
2020-06-22 14:14:04,370 [myid:1] - INFO  [QuorumPeer[myid=1](plain=[0:0:0:0:0:0:0:0]:30158)(secure=disabled):RequestPathMetricsCollector@113] - zookeeper.pathStats.maxDepth = 6
2020-06-22 14:14:04,370 [myid:1] - INFO  [QuorumPeer[myid=1](plain=[0:0:0:0:0:0:0:0]:30158)(secure=disabled):RequestPathMetricsCollector@114] - zookeeper.pathStats.initialDelay = 5
2020-06-22 14:14:04,370 [myid:1] - INFO  [QuorumPeer[myid=1](plain=[0:0:0:0:0:0:0:0]:30158)(secure=disabled):RequestPathMetricsCollector@115] - zookeeper.pathStats.delay = 5
2020-06-22 14:14:04,370 [myid:1] - INFO  [QuorumPeer[myid=1](plain=[0:0:0:0:0:0:0:0]:30158)(secure=disabled):RequestPathMetricsCollector@116] - zookeeper.pathStats.enabled = false
2020-06-22 14:14:04,370 [myid:2] - INFO  [QuorumPeer[myid=2](plain=[0:0:0:0:0:0:0:0]:30159)(secure=disabled):ZooKeeperServer@1471] - The max bytes for all large requests are set to 104857600
2020-06-22 14:14:04,371 [myid:2] - INFO  [QuorumPeer[myid=2](plain=[0:0:0:0:0:0:0:0]:30159)(secure=disabled):ZooKeeperServer@1485] - The large request threshold is set to -1
2020-06-22 14:14:04,371 [myid:2] - INFO  [QuorumPeer[myid=2](plain=[0:0:0:0:0:0:0:0]:30159)(secure=disabled):ZooKeeperServer@329] - Created server with tickTime 4000 minSessionTimeout 8000 maxSessionTimeout 80000 clientPortListenBacklog -1 datadir D:\desktop\git_repo\zookeeper-read\zookeeper-server\target\surefire\test3823122258584078838.junit.dir\data\version-2 snapdir D:\desktop\git_repo\zookeeper-read\zookeeper-server\target\surefire\test3823122258584078838.junit.dir\data\version-2
2020-06-22 14:14:04,371 [myid:1] - INFO  [QuorumPeer[myid=1](plain=[0:0:0:0:0:0:0:0]:30158)(secure=disabled):ZooKeeperServer@1471] - The max bytes for all large requests are set to 104857600
2020-06-22 14:14:04,371 [myid:1] - INFO  [QuorumPeer[myid=1](plain=[0:0:0:0:0:0:0:0]:30158)(secure=disabled):ZooKeeperServer@1485] - The large request threshold is set to -1
2020-06-22 14:14:04,371 [myid:1] - INFO  [QuorumPeer[myid=1](plain=[0:0:0:0:0:0:0:0]:30158)(secure=disabled):ZooKeeperServer@329] - Created server with tickTime 4000 minSessionTimeout 8000 maxSessionTimeout 80000 clientPortListenBacklog -1 datadir D:\desktop\git_repo\zookeeper-read\zookeeper-server\target\surefire\test5190980645187675629.junit.dir\data\version-2 snapdir D:\desktop\git_repo\zookeeper-read\zookeeper-server\target\surefire\test5190980645187675629.junit.dir\data\version-2
2020-06-22 14:14:04,371 [myid:2] - INFO  [QuorumPeer[myid=2](plain=[0:0:0:0:0:0:0:0]:30159)(secure=disabled):Leader@581] - LEADING - LEADER ELECTION TOOK - 314 MS
2020-06-22 14:14:04,371 [myid:1] - INFO  [QuorumPeer[myid=1](plain=[0:0:0:0:0:0:0:0]:30158)(secure=disabled):Follower@75] - FOLLOWING - LEADER ELECTION TOOK - 317 MS
2020-06-22 14:14:04,372 [myid:2] - INFO  [QuorumPeer[myid=2](plain=[0:0:0:0:0:0:0:0]:30159)(secure=disabled):QuorumPeer@863] - Peer state changed: leading - discovery
2020-06-22 14:14:04,372 [myid:2] - INFO  [QuorumPeer[myid=2](plain=[0:0:0:0:0:0:0:0]:30159)(secure=disabled):FileTxnSnapLog@470] - Snapshotting: 0x0 to D:\desktop\git_repo\zookeeper-read\zookeeper-server\target\surefire\test3823122258584078838.junit.dir\data\version-2\snapshot.0
2020-06-22 14:14:04,375 [myid:1] - INFO  [QuorumPeer[myid=1](plain=[0:0:0:0:0:0:0:0]:30158)(secure=disabled):QuorumPeer@863] - Peer state changed: following - discovery
2020-06-22 14:14:04,376 [myid:2] - INFO  [QuorumPeer[myid=2](plain=[0:0:0:0:0:0:0:0]:30159)(secure=disabled):ZooKeeperServer@519] - Snapshot taken in 4 ms
2020-06-22 14:14:04,402 [myid:1] - INFO  [nioEventLoopGroup-131-1:NettyServerCnxn@285] - Processing stat command from /127.0.0.1:59030
2020-06-22 14:14:04,518 [myid:2] - INFO  [LearnerHandler-/127.0.0.1:59129:UnifiedServerSocket$UnifiedSocket@266] - Accepted TLS connection from /127.0.0.1:59129 - TLSv1.2 - TLS_ECDHE_RSA_WITH_AES_128_CBC_SHA256
2020-06-22 14:14:04,518 [myid:1] - INFO  [LeaderConnector-/127.0.0.1:30162:Learner$LeaderConnector@330] - Successfully connected to leader, using address: /127.0.0.1:30162
2020-06-22 14:14:04,519 [myid:2] - INFO  [LearnerHandler-/127.0.0.1:59129:LearnerHandler@504] - Follower sid: 1 : info : 127.0.0.1:30161:30164:participant;0.0.0.0:30158
2020-06-22 14:14:04,527 [myid:1] - INFO  [QuorumPeer[myid=1](plain=[0:0:0:0:0:0:0:0]:30158)(secure=disabled):QuorumPeer@863] - Peer state changed: following - synchronization
2020-06-22 14:14:04,529 [myid:2] - INFO  [LearnerHandler-/127.0.0.1:59129:ZKDatabase@345] - On disk txn sync enabled with snapshotSizeFactor 0.33
2020-06-22 14:14:04,529 [myid:2] - INFO  [LearnerHandler-/127.0.0.1:59129:LearnerHandler@800] - Synchronizing with Learner sid: 1 maxCommittedLog=0x0 minCommittedLog=0x0 lastProcessedZxid=0x0 peerLastZxid=0x0
2020-06-22 14:14:04,529 [myid:2] - INFO  [LearnerHandler-/127.0.0.1:59129:LearnerHandler@845] - Sending DIFF zxid=0x0 for peer sid: 1
2020-06-22 14:14:04,533 [myid:2] - INFO  [QuorumPeer[myid=2](plain=[0:0:0:0:0:0:0:0]:30159)(secure=disabled):QuorumPeer@863] - Peer state changed: leading - synchronization
2020-06-22 14:14:04,535 [myid:1] - INFO  [QuorumPeer[myid=1](plain=[0:0:0:0:0:0:0:0]:30158)(secure=disabled):Learner@511] - Getting a diff from the leader 0x0
2020-06-22 14:14:04,535 [myid:1] - INFO  [QuorumPeer[myid=1](plain=[0:0:0:0:0:0:0:0]:30158)(secure=disabled):QuorumPeer@868] - Peer state changed: following - synchronization - diff
2020-06-22 14:14:04,536 [myid:1] - INFO  [QuorumPeer[myid=1](plain=[0:0:0:0:0:0:0:0]:30158)(secure=disabled):Learner@677] - Learner received NEWLEADER message
2020-06-22 14:14:04,543 [myid:2] - INFO  [QuorumPeer[myid=2](plain=[0:0:0:0:0:0:0:0]:30159)(secure=disabled):Leader@1501] - Have quorum of supporters, sids: [[1, 2],[1, 2]]; starting up and setting last processed zxid: 0x100000000
2020-06-22 14:14:04,544 [myid:2] - INFO  [QuorumPeer[myid=2](plain=[0:0:0:0:0:0:0:0]:30159)(secure=disabled):CommitProcessor@476] - Configuring CommitProcessor with readBatchSize -1 commitBatchSize 1
2020-06-22 14:14:04,544 [myid:2] - INFO  [QuorumPeer[myid=2](plain=[0:0:0:0:0:0:0:0]:30159)(secure=disabled):CommitProcessor@438] - Configuring CommitProcessor with 8 worker threads.
2020-06-22 14:14:04,545 [myid:2] - INFO  [QuorumPeer[myid=2](plain=[0:0:0:0:0:0:0:0]:30159)(secure=disabled):ContainerManager@83] - Using checkIntervalMs=60000 maxPerMinute=10000 maxNeverUsedIntervalMs=0
2020-06-22 14:14:04,545 [myid:2] - INFO  [QuorumPeer[myid=2](plain=[0:0:0:0:0:0:0:0]:30159)(secure=disabled):QuorumPeer@863] - Peer state changed: leading - broadcast
2020-06-22 14:14:04,546 [myid:1] - INFO  [QuorumPeer[myid=1](plain=[0:0:0:0:0:0:0:0]:30158)(secure=disabled):Learner@661] - Learner received UPTODATE message
2020-06-22 14:14:04,546 [myid:1] - INFO  [QuorumPeer[myid=1](plain=[0:0:0:0:0:0:0:0]:30158)(secure=disabled):QuorumPeer@868] - Peer state changed: following - synchronization
2020-06-22 14:14:04,546 [myid:1] - INFO  [QuorumPeer[myid=1](plain=[0:0:0:0:0:0:0:0]:30158)(secure=disabled):CommitProcessor@476] - Configuring CommitProcessor with readBatchSize -1 commitBatchSize 1
2020-06-22 14:14:04,546 [myid:1] - INFO  [QuorumPeer[myid=1](plain=[0:0:0:0:0:0:0:0]:30158)(secure=disabled):CommitProcessor@438] - Configuring CommitProcessor with 8 worker threads.
2020-06-22 14:14:04,547 [myid:1] - INFO  [QuorumPeer[myid=1](plain=[0:0:0:0:0:0:0:0]:30158)(secure=disabled):QuorumPeer@863] - Peer state changed: following - broadcast
2020-06-22 14:14:04,557 [myid:2] - INFO  [ListenerHandler-/127.0.0.1:30165:QuorumCnxManager$Listener$ListenerHandler@1070] - Received connection request from /127.0.0.1:59104
2020-06-22 14:14:04,653 [myid:] - INFO  [Time-limited test:FourLetterWordMain@93] - connecting to 127.0.0.1 30158
2020-06-22 14:14:04,654 [myid:1] - INFO  [nioEventLoopGroup-131-2:NettyServerCnxn@285] - Processing stat command from /127.0.0.1:59134
2020-06-22 14:14:04,654 [myid:1] - INFO  [nioEventLoopGroup-131-2:StatCommand@52] - Stat command output
2020-06-22 14:14:04,655 [myid:] - INFO  [Time-limited test:FourLetterWordMain@93] - connecting to 127.0.0.1 30159
2020-06-22 14:14:04,656 [myid:2] - INFO  [nioEventLoopGroup-133-1:NettyServerCnxn@285] - Processing stat command from /127.0.0.1:59135
2020-06-22 14:14:04,657 [myid:2] - INFO  [nioEventLoopGroup-133-1:StatCommand@52] - Stat command output
2020-06-22 14:14:04,658 [myid:2] - INFO  [ListenerHandler-/127.0.0.1:30165:UnifiedServerSocket$UnifiedSocket@266] - Accepted TLS connection from /127.0.0.1:59104 - TLSv1.2 - TLS_ECDHE_RSA_WITH_AES_128_CBC_SHA256
2020-06-22 14:14:04,658 [myid:1] - INFO  [QuorumConnectionThread-[myid=1]-1:QuorumCnxManager@387] - SSL handshake complete with /127.0.0.1:30165 - TLSv1.2 - TLS_ECDHE_RSA_WITH_AES_128_CBC_SHA256
2020-06-22 14:14:04,659 [myid:1] - INFO  [QuorumConnectionThread-[myid=1]-1:QuorumCnxManager@513] - Have smaller server identifier, so dropping the connection: (myId:1 --> sid:2)
2020-06-22 14:14:04,660 [myid:1] - WARN  [RecvWorker:2:QuorumCnxManager$RecvWorker@1395] - Connection broken for id 2, my id = 1
java.io.EOFException
	at java.io.DataInputStream.readInt(DataInputStream.java:392)
	at org.apache.zookeeper.server.quorum.QuorumCnxManager$RecvWorker.run(QuorumCnxManager.java:1383)
2020-06-22 14:14:04,660 [myid:1] - WARN  [RecvWorker:2:QuorumCnxManager$RecvWorker@1401] - Interrupting SendWorker thread from RecvWorker. sid: 2. myId: 1
2020-06-22 14:14:04,660 [myid:2] - WARN  [RecvWorker:1:QuorumCnxManager$RecvWorker@1395] - Connection broken for id 1, my id = 2
java.net.SocketException: Socket closed
	at java.net.SocketInputStream.socketRead0(Native Method)
	at java.net.SocketInputStream.socketRead(SocketInputStream.java:116)
	at java.net.SocketInputStream.read(SocketInputStream.java:171)
	at java.net.SocketInputStream.read(SocketInputStream.java:141)
	at sun.security.ssl.InputRecord.readFully(InputRecord.java:465)
	at sun.security.ssl.InputRecord.read(InputRecord.java:503)
	at sun.security.ssl.SSLSocketImpl.readRecord(SSLSocketImpl.java:990)
	at sun.security.ssl.SSLSocketImpl.readDataRecord(SSLSocketImpl.java:948)
	at sun.security.ssl.AppInputStream.read(AppInputStream.java:105)
	at java.io.BufferedInputStream.fill(BufferedInputStream.java:246)
	at java.io.BufferedInputStream.read(BufferedInputStream.java:265)
	at java.io.DataInputStream.readInt(DataInputStream.java:387)
	at org.apache.zookeeper.server.quorum.QuorumCnxManager$RecvWorker.run(QuorumCnxManager.java:1383)
2020-06-22 14:14:04,660 [myid:2] - WARN  [RecvWorker:1:QuorumCnxManager$RecvWorker@1401] - Interrupting SendWorker thread from RecvWorker. sid: 1. myId: 2
2020-06-22 14:14:04,661 [myid:2] - WARN  [SendWorker:1:QuorumCnxManager$SendWorker@1281] - Interrupted while waiting for message on queue
java.lang.InterruptedException
	at java.util.concurrent.locks.AbstractQueuedSynchronizer$ConditionObject.reportInterruptAfterWait(AbstractQueuedSynchronizer.java:2014)
	at java.util.concurrent.locks.AbstractQueuedSynchronizer$ConditionObject.awaitNanos(AbstractQueuedSynchronizer.java:2088)
	at org.apache.zookeeper.util.CircularBlockingQueue.poll(CircularBlockingQueue.java:105)
	at org.apache.zookeeper.server.quorum.QuorumCnxManager.pollSendQueue(QuorumCnxManager.java:1446)
	at org.apache.zookeeper.server.quorum.QuorumCnxManager.access$900(QuorumCnxManager.java:98)
	at org.apache.zookeeper.server.quorum.QuorumCnxManager$SendWorker.run(QuorumCnxManager.java:1270)
2020-06-22 14:14:04,661 [myid:2] - WARN  [SendWorker:1:QuorumCnxManager$SendWorker@1293] - Send worker leaving thread id 1 my id = 2
2020-06-22 14:14:04,661 [myid:1] - WARN  [SendWorker:2:QuorumCnxManager$SendWorker@1281] - Interrupted while waiting for message on queue
java.lang.InterruptedException
	at java.util.concurrent.locks.AbstractQueuedSynchronizer$ConditionObject.reportInterruptAfterWait(AbstractQueuedSynchronizer.java:2014)
	at java.util.concurrent.locks.AbstractQueuedSynchronizer$ConditionObject.awaitNanos(AbstractQueuedSynchronizer.java:2088)
	at org.apache.zookeeper.util.CircularBlockingQueue.poll(CircularBlockingQueue.java:105)
	at org.apache.zookeeper.server.quorum.QuorumCnxManager.pollSendQueue(QuorumCnxManager.java:1446)
	at org.apache.zookeeper.server.quorum.QuorumCnxManager.access$900(QuorumCnxManager.java:98)
	at org.apache.zookeeper.server.quorum.QuorumCnxManager$SendWorker.run(QuorumCnxManager.java:1270)
2020-06-22 14:14:04,661 [myid:1] - WARN  [SendWorker:2:QuorumCnxManager$SendWorker@1293] - Send worker leaving thread id 2 my id = 1
2020-06-22 14:14:04,662 [myid:1] - INFO  [ListenerHandler-/127.0.0.1:30164:QuorumCnxManager$Listener$ListenerHandler@1070] - Received connection request from /127.0.0.1:59136
2020-06-22 14:14:04,799 [myid:1] - INFO  [ListenerHandler-/127.0.0.1:30164:UnifiedServerSocket$UnifiedSocket@266] - Accepted TLS connection from /127.0.0.1:59136 - TLSv1.2 - TLS_ECDHE_RSA_WITH_AES_128_CBC_SHA256
2020-06-22 14:14:04,799 [myid:2] - INFO  [QuorumConnectionThread-[myid=2]-3:QuorumCnxManager@387] - SSL handshake complete with /127.0.0.1:30164 - TLSv1.2 - TLS_ECDHE_RSA_WITH_AES_128_CBC_SHA256
2020-06-22 14:14:04,841 [myid:2] - INFO  [WorkerReceiver[myid=2]:FastLeaderElection$Messenger$WorkerReceiver@389] - Notification: my state:LEADING; n.sid:1, n.state:LOOKING, n.leader:2, n.round:0x1, n.peerEpoch:0x0, n.zxid:0x0, message format version:0x2, n.config version:0x0
2020-06-22 14:14:04,841 [myid:1] - INFO  [WorkerReceiver[myid=1]:FastLeaderElection$Messenger$WorkerReceiver@389] - Notification: my state:FOLLOWING; n.sid:2, n.state:LOOKING, n.leader:2, n.round:0x1, n.peerEpoch:0x0, n.zxid:0x0, message format version:0x2, n.config version:0x0
2020-06-22 14:14:04,842 [myid:2] - INFO  [WorkerReceiver[myid=2]:FastLeaderElection$Messenger$WorkerReceiver@389] - Notification: my state:LEADING; n.sid:1, n.state:FOLLOWING, n.leader:2, n.round:0x1, n.peerEpoch:0x1, n.zxid:0x0, message format version:0x2, n.config version:0x0
2020-06-22 14:14:04,842 [myid:1] - INFO  [WorkerReceiver[myid=1]:FastLeaderElection$Messenger$WorkerReceiver@389] - Notification: my state:FOLLOWING; n.sid:2, n.state:LEADING, n.leader:2, n.round:0x1, n.peerEpoch:0x1, n.zxid:0x0, message format version:0x2, n.config version:0x0
2020-06-22 14:14:04,862 [myid:] - INFO  [Time-limited test:QuorumPeerTestBase$MainThread@205] - id = 3 tmpDir = D:\desktop\git_repo\zookeeper-read\zookeeper-server\target\surefire\test442046321320676950.junit.dir clientPort = 30160 adminServerPort = 8080
2020-06-22 14:14:04,867 [myid:] - INFO  [Time-limited test:FourLetterWordMain@93] - connecting to 127.0.0.1 30160
2020-06-22 14:14:04,886 [myid:] - INFO  [Thread-96:QuorumPeerConfig@173] - Reading configuration from: D:\desktop\git_repo\zookeeper-read\zookeeper-server\target\surefire\test442046321320676950.junit.dir\zoo.cfg
2020-06-22 14:14:04,887 [myid:] - INFO  [Thread-96:QuorumPeerConfig@459] - clientPortAddress is 0.0.0.0:30160
2020-06-22 14:14:04,887 [myid:] - INFO  [Thread-96:QuorumPeerConfig@463] - secureClientPort is not set
2020-06-22 14:14:04,887 [myid:] - INFO  [Thread-96:QuorumPeerConfig@479] - observerMasterPort is not set
2020-06-22 14:14:04,887 [myid:] - INFO  [Thread-96:QuorumPeerConfig@496] - metricsProvider.className is org.apache.zookeeper.metrics.impl.DefaultMetricsProvider
2020-06-22 14:14:04,888 [myid:3] - INFO  [Thread-96:DatadirCleanupManager@78] - autopurge.snapRetainCount set to 3
2020-06-22 14:14:04,888 [myid:3] - INFO  [Thread-96:DatadirCleanupManager@79] - autopurge.purgeInterval set to 0
2020-06-22 14:14:04,888 [myid:3] - INFO  [Thread-96:DatadirCleanupManager@101] - Purge task is not scheduled.
2020-06-22 14:14:04,888 [myid:3] - INFO  [Thread-96:ManagedUtil@44] - Log4j 1.2 jmx support found and enabled.
2020-06-22 14:14:04,889 [myid:3] - ERROR [Thread-96:ManagedUtil@109] - Problems while registering log4j 1.2 jmx beans!
javax.management.InstanceAlreadyExistsException: log4j:hierarchy=default
	at com.sun.jmx.mbeanserver.Repository.addMBean(Repository.java:437)
	at com.sun.jmx.interceptor.DefaultMBeanServerInterceptor.registerWithRepository(DefaultMBeanServerInterceptor.java:1898)
	at com.sun.jmx.interceptor.DefaultMBeanServerInterceptor.registerDynamicMBean(DefaultMBeanServerInterceptor.java:966)
	at com.sun.jmx.interceptor.DefaultMBeanServerInterceptor.registerObject(DefaultMBeanServerInterceptor.java:900)
	at com.sun.jmx.interceptor.DefaultMBeanServerInterceptor.registerMBean(DefaultMBeanServerInterceptor.java:324)
	at com.sun.jmx.mbeanserver.JmxMBeanServer.registerMBean(JmxMBeanServer.java:522)
	at org.apache.zookeeper.jmx.ManagedUtil.registerLog4jMBeans(ManagedUtil.java:72)
	at org.apache.zookeeper.server.quorum.QuorumPeerMain.runFromConfig(QuorumPeerMain.java:146)
	at org.apache.zookeeper.server.quorum.QuorumPeerMain.initializeAndRun(QuorumPeerMain.java:136)
	at org.apache.zookeeper.server.quorum.QuorumPeerTestBase$MainThread.run(QuorumPeerTestBase.java:329)
	at java.lang.Thread.run(Thread.java:748)
2020-06-22 14:14:04,889 [myid:3] - WARN  [Thread-96:QuorumPeerMain@148] - Unable to register log4j JMX control
javax.management.JMException: javax.management.InstanceAlreadyExistsException: log4j:hierarchy=default
	at org.apache.zookeeper.jmx.ManagedUtil.registerLog4jMBeans(ManagedUtil.java:110)
	at org.apache.zookeeper.server.quorum.QuorumPeerMain.runFromConfig(QuorumPeerMain.java:146)
	at org.apache.zookeeper.server.quorum.QuorumPeerMain.initializeAndRun(QuorumPeerMain.java:136)
	at org.apache.zookeeper.server.quorum.QuorumPeerTestBase$MainThread.run(QuorumPeerTestBase.java:329)
	at java.lang.Thread.run(Thread.java:748)
2020-06-22 14:14:04,889 [myid:3] - INFO  [Thread-96:QuorumPeerMain@151] - Starting quorum peer
2020-06-22 14:14:04,889 [myid:3] - INFO  [Thread-96:ServerMetrics@62] - ServerMetrics initialized with provider org.apache.zookeeper.metrics.impl.DefaultMetricsProvider@4a8c456d
2020-06-22 14:14:04,890 [myid:3] - INFO  [Thread-96:NettyServerCnxnFactory@483] - zookeeper.client.portUnification=false
2020-06-22 14:14:04,890 [myid:3] - INFO  [Thread-96:NettyServerCnxnFactory@495] - zookeeper.netty.advancedFlowControl.enabled = false
2020-06-22 14:14:04,890 [myid:3] - INFO  [Thread-96:NettyServerCnxnFactory@105] - handshakeThrottlingEnabled = false, zookeeper.netty.server.outstandingHandshake.limit = -1
2020-06-22 14:14:05,151 [myid:3] - INFO  [Thread-96:ServerCnxnFactory@169] - Using org.apache.zookeeper.server.NettyServerCnxnFactory as server connection factory
2020-06-22 14:14:05,151 [myid:3] - WARN  [Thread-96:ServerCnxnFactory@309] - maxCnxns is not configured, using default value 0.
2020-06-22 14:14:05,151 [myid:3] - INFO  [Thread-96:FileTxnSnapLog@124] - zookeeper.snapshot.trust.empty : false
2020-06-22 14:14:05,152 [myid:3] - INFO  [Thread-96:QuorumPeer@1680] - Local sessions disabled
2020-06-22 14:14:05,152 [myid:3] - INFO  [Thread-96:QuorumPeer@1691] - Local session upgrading disabled
2020-06-22 14:14:05,152 [myid:3] - INFO  [Thread-96:QuorumPeer@1658] - tickTime set to 4000
2020-06-22 14:14:05,152 [myid:3] - INFO  [Thread-96:QuorumPeer@1702] - minSessionTimeout set to 8000
2020-06-22 14:14:05,152 [myid:3] - INFO  [Thread-96:QuorumPeer@1713] - maxSessionTimeout set to 80000
2020-06-22 14:14:05,152 [myid:3] - INFO  [Thread-96:QuorumPeer@1738] - initLimit set to 10
2020-06-22 14:14:05,152 [myid:3] - INFO  [Thread-96:QuorumPeer@1920] - syncLimit set to 5
2020-06-22 14:14:05,152 [myid:3] - INFO  [Thread-96:QuorumPeer@1935] - connectToLearnerMasterLimit set to 5
2020-06-22 14:14:05,152 [myid:3] - INFO  [Thread-96:WatchManagerFactory@42] - Using org.apache.zookeeper.server.watch.WatchManager as watch manager
2020-06-22 14:14:05,152 [myid:3] - INFO  [Thread-96:WatchManagerFactory@42] - Using org.apache.zookeeper.server.watch.WatchManager as watch manager
2020-06-22 14:14:05,152 [myid:3] - INFO  [Thread-96:ZKDatabase@132] - zookeeper.snapshotSizeFactor = 0.33
2020-06-22 14:14:05,152 [myid:3] - INFO  [Thread-96:ZKDatabase@152] - zookeeper.commitLogCount=500
2020-06-22 14:14:05,153 [myid:3] - INFO  [Thread-96:QuorumPeer@1999] - Using TLS encrypted quorum communication
2020-06-22 14:14:05,153 [myid:3] - INFO  [Thread-96:QuorumPeer@2007] - Port unification disabled
2020-06-22 14:14:05,153 [myid:3] - INFO  [Thread-96:QuorumPeer@174] - multiAddress.enabled set to false
2020-06-22 14:14:05,153 [myid:3] - INFO  [Thread-96:QuorumPeer@199] - multiAddress.reachabilityCheckEnabled set to true
2020-06-22 14:14:05,153 [myid:3] - INFO  [Thread-96:QuorumPeer@186] - multiAddress.reachabilityCheckTimeoutMs set to 1000
2020-06-22 14:14:05,153 [myid:3] - INFO  [Thread-96:QuorumPeer@2461] - QuorumPeer communication is not secured! (SASL auth disabled)
2020-06-22 14:14:05,153 [myid:3] - INFO  [Thread-96:QuorumPeer@2486] - quorum.cnxn.threads.size set to 20
2020-06-22 14:14:05,153 [myid:3] - INFO  [Thread-96:FileTxnSnapLog@251] - Initialize file found, an empty database will not block voting participation
2020-06-22 14:14:05,154 [myid:3] - INFO  [Thread-96:FileTxnSnapLog@470] - Snapshotting: 0x0 to D:\desktop\git_repo\zookeeper-read\zookeeper-server\target\surefire\test442046321320676950.junit.dir\data\version-2\snapshot.0
2020-06-22 14:14:05,155 [myid:3] - INFO  [Thread-96:ZKDatabase@289] - Snapshot loaded in 1 ms, highest zxid is 0x0, digest is 1371985504
2020-06-22 14:14:05,155 [myid:3] - INFO  [Thread-96:QuorumPeer@1102] - currentEpoch not found! Creating with a reasonable default of 0. This should only happen when you are upgrading your installation
2020-06-22 14:14:05,157 [myid:3] - INFO  [Thread-96:QuorumPeer@1122] - acceptedEpoch not found! Creating with a reasonable default of 0. This should only happen when you are upgrading your installation
2020-06-22 14:14:05,158 [myid:3] - INFO  [Thread-96:NettyServerCnxnFactory@670] - binding to port /0.0.0.0:30160
2020-06-22 14:14:05,159 [myid:3] - INFO  [Thread-96:NettyServerCnxnFactory@675] - bound to port 30160
2020-06-22 14:14:05,159 [myid:3] - INFO  [Thread-96:QuorumPeer@2503] - Using 20000ms as the quorum cnxn socket timeout
2020-06-22 14:14:05,159 [myid:3] - INFO  [Thread-96:QuorumCnxManager$Listener@923] - Election port bind maximum retries is 3
2020-06-22 14:14:05,160 [myid:3] - INFO  [ListenerHandler-/127.0.0.1:30166:QuorumCnxManager$Listener$ListenerHandler@1127] - Creating TLS-only quorum server socket
2020-06-22 14:14:05,160 [myid:3] - INFO  [QuorumPeer[myid=3](plain=[0:0:0:0:0:0:0:0]:30160)(secure=disabled):QuorumPeer@1371] - LOOKING
2020-06-22 14:14:05,160 [myid:3] - INFO  [ListenerHandler-/127.0.0.1:30166:QuorumCnxManager$Listener$ListenerHandler@1065] - 3 is accepting connections now, my election bind port: /127.0.0.1:30166
2020-06-22 14:14:05,160 [myid:3] - INFO  [QuorumPeer[myid=3](plain=[0:0:0:0:0:0:0:0]:30160)(secure=disabled):FastLeaderElection@944] - New election. My id = 3, proposed zxid=0x0
2020-06-22 14:14:05,161 [myid:3] - INFO  [WorkerReceiver[myid=3]:FastLeaderElection$Messenger$WorkerReceiver@389] - Notification: my state:LOOKING; n.sid:3, n.state:LOOKING, n.leader:3, n.round:0x1, n.peerEpoch:0x0, n.zxid:0x0, message format version:0x2, n.config version:0x0
2020-06-22 14:14:05,162 [myid:1] - INFO  [ListenerHandler-/127.0.0.1:30164:QuorumCnxManager$Listener$ListenerHandler@1070] - Received connection request from /127.0.0.1:59229
2020-06-22 14:14:05,162 [myid:2] - INFO  [ListenerHandler-/127.0.0.1:30165:QuorumCnxManager$Listener$ListenerHandler@1070] - Received connection request from /127.0.0.1:59228
2020-06-22 14:14:05,210 [myid:2] - ERROR [ListenerHandler-/127.0.0.1:30165:ZKTrustManager@161] - Failed to verify host address: 127.0.0.1
javax.net.ssl.SSLPeerUnverifiedException: Certificate for <127.0.0.1> doesn't match any of the subject alternative names: [localhost]
	at org.apache.zookeeper.common.ZKHostnameVerifier.matchIPAddress(ZKHostnameVerifier.java:197)
	at org.apache.zookeeper.common.ZKHostnameVerifier.verify(ZKHostnameVerifier.java:165)
	at org.apache.zookeeper.common.ZKTrustManager.performHostVerification(ZKTrustManager.java:151)
	at org.apache.zookeeper.common.ZKTrustManager.checkClientTrusted(ZKTrustManager.java:79)
	at sun.security.ssl.ServerHandshaker.clientCertificate(ServerHandshaker.java:2037)
	at sun.security.ssl.ServerHandshaker.processMessage(ServerHandshaker.java:233)
	at sun.security.ssl.Handshaker.processLoop(Handshaker.java:1082)
	at sun.security.ssl.Handshaker.process_record(Handshaker.java:1010)
	at sun.security.ssl.SSLSocketImpl.readRecord(SSLSocketImpl.java:1079)
	at sun.security.ssl.SSLSocketImpl.performInitialHandshake(SSLSocketImpl.java:1388)
	at sun.security.ssl.SSLSocketImpl.startHandshake(SSLSocketImpl.java:1416)
	at sun.security.ssl.SSLSocketImpl.getSession(SSLSocketImpl.java:2309)
	at org.apache.zookeeper.server.quorum.UnifiedServerSocket$UnifiedSocket.detectMode(UnifiedServerSocket.java:269)
	at org.apache.zookeeper.server.quorum.UnifiedServerSocket$UnifiedSocket.getSocket(UnifiedServerSocket.java:298)
	at org.apache.zookeeper.server.quorum.UnifiedServerSocket$UnifiedSocket.access$400(UnifiedServerSocket.java:172)
	at org.apache.zookeeper.server.quorum.UnifiedServerSocket$UnifiedInputStream.getRealInputStream(UnifiedServerSocket.java:699)
	at org.apache.zookeeper.server.quorum.UnifiedServerSocket$UnifiedInputStream.read(UnifiedServerSocket.java:693)
	at java.io.BufferedInputStream.fill(BufferedInputStream.java:246)
	at java.io.BufferedInputStream.read1(BufferedInputStream.java:286)
	at java.io.BufferedInputStream.read(BufferedInputStream.java:345)
	at java.io.DataInputStream.readFully(DataInputStream.java:195)
	at java.io.DataInputStream.readLong(DataInputStream.java:416)
	at org.apache.zookeeper.server.quorum.QuorumCnxManager.handleConnection(QuorumCnxManager.java:601)
	at org.apache.zookeeper.server.quorum.QuorumCnxManager.receiveConnection(QuorumCnxManager.java:554)
	at org.apache.zookeeper.server.quorum.QuorumCnxManager$Listener$ListenerHandler.acceptConnections(QuorumCnxManager.java:1079)
	at org.apache.zookeeper.server.quorum.QuorumCnxManager$Listener$ListenerHandler.run(QuorumCnxManager.java:1033)
	at java.util.concurrent.Executors$RunnableAdapter.call(Executors.java:511)
	at java.util.concurrent.FutureTask.run(FutureTask.java:266)
	at java.util.concurrent.ThreadPoolExecutor.runWorker(ThreadPoolExecutor.java:1149)
	at java.util.concurrent.ThreadPoolExecutor$Worker.run(ThreadPoolExecutor.java:624)
	at java.lang.Thread.run(Thread.java:748)
2020-06-22 14:14:05,210 [myid:1] - ERROR [ListenerHandler-/127.0.0.1:30164:ZKTrustManager@161] - Failed to verify host address: 127.0.0.1
javax.net.ssl.SSLPeerUnverifiedException: Certificate for <127.0.0.1> doesn't match any of the subject alternative names: [localhost]
	at org.apache.zookeeper.common.ZKHostnameVerifier.matchIPAddress(ZKHostnameVerifier.java:197)
	at org.apache.zookeeper.common.ZKHostnameVerifier.verify(ZKHostnameVerifier.java:165)
	at org.apache.zookeeper.common.ZKTrustManager.performHostVerification(ZKTrustManager.java:151)
	at org.apache.zookeeper.common.ZKTrustManager.checkClientTrusted(ZKTrustManager.java:79)
	at sun.security.ssl.ServerHandshaker.clientCertificate(ServerHandshaker.java:2037)
	at sun.security.ssl.ServerHandshaker.processMessage(ServerHandshaker.java:233)
	at sun.security.ssl.Handshaker.processLoop(Handshaker.java:1082)
	at sun.security.ssl.Handshaker.process_record(Handshaker.java:1010)
	at sun.security.ssl.SSLSocketImpl.readRecord(SSLSocketImpl.java:1079)
	at sun.security.ssl.SSLSocketImpl.performInitialHandshake(SSLSocketImpl.java:1388)
	at sun.security.ssl.SSLSocketImpl.startHandshake(SSLSocketImpl.java:1416)
	at sun.security.ssl.SSLSocketImpl.getSession(SSLSocketImpl.java:2309)
	at org.apache.zookeeper.server.quorum.UnifiedServerSocket$UnifiedSocket.detectMode(UnifiedServerSocket.java:269)
	at org.apache.zookeeper.server.quorum.UnifiedServerSocket$UnifiedSocket.getSocket(UnifiedServerSocket.java:298)
	at org.apache.zookeeper.server.quorum.UnifiedServerSocket$UnifiedSocket.access$400(UnifiedServerSocket.java:172)
	at org.apache.zookeeper.server.quorum.UnifiedServerSocket$UnifiedInputStream.getRealInputStream(UnifiedServerSocket.java:699)
	at org.apache.zookeeper.server.quorum.UnifiedServerSocket$UnifiedInputStream.read(UnifiedServerSocket.java:693)
	at java.io.BufferedInputStream.fill(BufferedInputStream.java:246)
	at java.io.BufferedInputStream.read1(BufferedInputStream.java:286)
	at java.io.BufferedInputStream.read(BufferedInputStream.java:345)
	at java.io.DataInputStream.readFully(DataInputStream.java:195)
	at java.io.DataInputStream.readLong(DataInputStream.java:416)
	at org.apache.zookeeper.server.quorum.QuorumCnxManager.handleConnection(QuorumCnxManager.java:601)
	at org.apache.zookeeper.server.quorum.QuorumCnxManager.receiveConnection(QuorumCnxManager.java:554)
	at org.apache.zookeeper.server.quorum.QuorumCnxManager$Listener$ListenerHandler.acceptConnections(QuorumCnxManager.java:1079)
	at org.apache.zookeeper.server.quorum.QuorumCnxManager$Listener$ListenerHandler.run(QuorumCnxManager.java:1033)
	at java.util.concurrent.Executors$RunnableAdapter.call(Executors.java:511)
	at java.util.concurrent.FutureTask.run(FutureTask.java:266)
	at java.util.concurrent.ThreadPoolExecutor.runWorker(ThreadPoolExecutor.java:1149)
	at java.util.concurrent.ThreadPoolExecutor$Worker.run(ThreadPoolExecutor.java:624)
	at java.lang.Thread.run(Thread.java:748)
2020-06-22 14:14:05,210 [myid:1] - ERROR [ListenerHandler-/127.0.0.1:30164:ZKTrustManager@162] - Failed to verify hostname: activate.navicat.com
javax.net.ssl.SSLPeerUnverifiedException: Certificate for <activate.navicat.com> doesn't match any of the subject alternative names: [localhost]
	at org.apache.zookeeper.common.ZKHostnameVerifier.matchDNSName(ZKHostnameVerifier.java:230)
	at org.apache.zookeeper.common.ZKHostnameVerifier.verify(ZKHostnameVerifier.java:171)
	at org.apache.zookeeper.common.ZKTrustManager.performHostVerification(ZKTrustManager.java:159)
	at org.apache.zookeeper.common.ZKTrustManager.checkClientTrusted(ZKTrustManager.java:79)
	at sun.security.ssl.ServerHandshaker.clientCertificate(ServerHandshaker.java:2037)
	at sun.security.ssl.ServerHandshaker.processMessage(ServerHandshaker.java:233)
	at sun.security.ssl.Handshaker.processLoop(Handshaker.java:1082)
	at sun.security.ssl.Handshaker.process_record(Handshaker.java:1010)
	at sun.security.ssl.SSLSocketImpl.readRecord(SSLSocketImpl.java:1079)
	at sun.security.ssl.SSLSocketImpl.performInitialHandshake(SSLSocketImpl.java:1388)
	at sun.security.ssl.SSLSocketImpl.startHandshake(SSLSocketImpl.java:1416)
	at sun.security.ssl.SSLSocketImpl.getSession(SSLSocketImpl.java:2309)
	at org.apache.zookeeper.server.quorum.UnifiedServerSocket$UnifiedSocket.detectMode(UnifiedServerSocket.java:269)
	at org.apache.zookeeper.server.quorum.UnifiedServerSocket$UnifiedSocket.getSocket(UnifiedServerSocket.java:298)
	at org.apache.zookeeper.server.quorum.UnifiedServerSocket$UnifiedSocket.access$400(UnifiedServerSocket.java:172)
	at org.apache.zookeeper.server.quorum.UnifiedServerSocket$UnifiedInputStream.getRealInputStream(UnifiedServerSocket.java:699)
	at org.apache.zookeeper.server.quorum.UnifiedServerSocket$UnifiedInputStream.read(UnifiedServerSocket.java:693)
	at java.io.BufferedInputStream.fill(BufferedInputStream.java:246)
	at java.io.BufferedInputStream.read1(BufferedInputStream.java:286)
	at java.io.BufferedInputStream.read(BufferedInputStream.java:345)
	at java.io.DataInputStream.readFully(DataInputStream.java:195)
	at java.io.DataInputStream.readLong(DataInputStream.java:416)
	at org.apache.zookeeper.server.quorum.QuorumCnxManager.handleConnection(QuorumCnxManager.java:601)
	at org.apache.zookeeper.server.quorum.QuorumCnxManager.receiveConnection(QuorumCnxManager.java:554)
	at org.apache.zookeeper.server.quorum.QuorumCnxManager$Listener$ListenerHandler.acceptConnections(QuorumCnxManager.java:1079)
	at org.apache.zookeeper.server.quorum.QuorumCnxManager$Listener$ListenerHandler.run(QuorumCnxManager.java:1033)
	at java.util.concurrent.Executors$RunnableAdapter.call(Executors.java:511)
	at java.util.concurrent.FutureTask.run(FutureTask.java:266)
	at java.util.concurrent.ThreadPoolExecutor.runWorker(ThreadPoolExecutor.java:1149)
	at java.util.concurrent.ThreadPoolExecutor$Worker.run(ThreadPoolExecutor.java:624)
	at java.lang.Thread.run(Thread.java:748)
2020-06-22 14:14:05,211 [myid:1] - INFO  [ListenerHandler-/127.0.0.1:30164:UnifiedServerSocket$UnifiedSocket@266] - Accepted TLS connection from activate.navicat.com/127.0.0.1:59229 - NONE - SSL_NULL_WITH_NULL_NULL
2020-06-22 14:14:05,212 [myid:1] - WARN  [ListenerHandler-/127.0.0.1:30164:QuorumCnxManager@629] - Exception reading or writing challenge
javax.net.ssl.SSLException: Connection has been shutdown: javax.net.ssl.SSLHandshakeException: java.security.cert.CertificateException: Failed to verify both host address and host name
	at sun.security.ssl.SSLSocketImpl.checkEOF(SSLSocketImpl.java:1554)
	at sun.security.ssl.AppInputStream.read(AppInputStream.java:95)
	at org.apache.zookeeper.server.quorum.UnifiedServerSocket$UnifiedInputStream.read(UnifiedServerSocket.java:693)
	at java.io.BufferedInputStream.fill(BufferedInputStream.java:246)
	at java.io.BufferedInputStream.read1(BufferedInputStream.java:286)
	at java.io.BufferedInputStream.read(BufferedInputStream.java:345)
	at java.io.DataInputStream.readFully(DataInputStream.java:195)
	at java.io.DataInputStream.readLong(DataInputStream.java:416)
	at org.apache.zookeeper.server.quorum.QuorumCnxManager.handleConnection(QuorumCnxManager.java:601)
	at org.apache.zookeeper.server.quorum.QuorumCnxManager.receiveConnection(QuorumCnxManager.java:554)
	at org.apache.zookeeper.server.quorum.QuorumCnxManager$Listener$ListenerHandler.acceptConnections(QuorumCnxManager.java:1079)
	at org.apache.zookeeper.server.quorum.QuorumCnxManager$Listener$ListenerHandler.run(QuorumCnxManager.java:1033)
	at java.util.concurrent.Executors$RunnableAdapter.call(Executors.java:511)
	at java.util.concurrent.FutureTask.run(FutureTask.java:266)
	at java.util.concurrent.ThreadPoolExecutor.runWorker(ThreadPoolExecutor.java:1149)
	at java.util.concurrent.ThreadPoolExecutor$Worker.run(ThreadPoolExecutor.java:624)
	at java.lang.Thread.run(Thread.java:748)
Caused by: javax.net.ssl.SSLHandshakeException: java.security.cert.CertificateException: Failed to verify both host address and host name
	at sun.security.ssl.Alerts.getSSLException(Alerts.java:198)
	at sun.security.ssl.SSLSocketImpl.fatal(SSLSocketImpl.java:1967)
	at sun.security.ssl.Handshaker.fatalSE(Handshaker.java:331)
	at sun.security.ssl.Handshaker.fatalSE(Handshaker.java:325)
	at sun.security.ssl.ServerHandshaker.clientCertificate(ServerHandshaker.java:2055)
	at sun.security.ssl.ServerHandshaker.processMessage(ServerHandshaker.java:233)
	at sun.security.ssl.Handshaker.processLoop(Handshaker.java:1082)
	at sun.security.ssl.Handshaker.process_record(Handshaker.java:1010)
	at sun.security.ssl.SSLSocketImpl.readRecord(SSLSocketImpl.java:1079)
	at sun.security.ssl.SSLSocketImpl.performInitialHandshake(SSLSocketImpl.java:1388)
	at sun.security.ssl.SSLSocketImpl.startHandshake(SSLSocketImpl.java:1416)
	at sun.security.ssl.SSLSocketImpl.getSession(SSLSocketImpl.java:2309)
	at org.apache.zookeeper.server.quorum.UnifiedServerSocket$UnifiedSocket.detectMode(UnifiedServerSocket.java:269)
	at org.apache.zookeeper.server.quorum.UnifiedServerSocket$UnifiedSocket.getSocket(UnifiedServerSocket.java:298)
	at org.apache.zookeeper.server.quorum.UnifiedServerSocket$UnifiedSocket.access$400(UnifiedServerSocket.java:172)
	at org.apache.zookeeper.server.quorum.UnifiedServerSocket$UnifiedInputStream.getRealInputStream(UnifiedServerSocket.java:699)
	... 15 more
Caused by: java.security.cert.CertificateException: Failed to verify both host address and host name
	at org.apache.zookeeper.common.ZKTrustManager.performHostVerification(ZKTrustManager.java:163)
	at org.apache.zookeeper.common.ZKTrustManager.checkClientTrusted(ZKTrustManager.java:79)
	at sun.security.ssl.ServerHandshaker.clientCertificate(ServerHandshaker.java:2037)
	... 26 more
Caused by: javax.net.ssl.SSLPeerUnverifiedException: Certificate for <activate.navicat.com> doesn't match any of the subject alternative names: [localhost]
	at org.apache.zookeeper.common.ZKHostnameVerifier.matchDNSName(ZKHostnameVerifier.java:230)
	at org.apache.zookeeper.common.ZKHostnameVerifier.verify(ZKHostnameVerifier.java:171)
	at org.apache.zookeeper.common.ZKTrustManager.performHostVerification(ZKTrustManager.java:159)
	... 28 more
2020-06-22 14:14:05,210 [myid:2] - ERROR [ListenerHandler-/127.0.0.1:30165:ZKTrustManager@162] - Failed to verify hostname: activate.navicat.com
javax.net.ssl.SSLPeerUnverifiedException: Certificate for <activate.navicat.com> doesn't match any of the subject alternative names: [localhost]
	at org.apache.zookeeper.common.ZKHostnameVerifier.matchDNSName(ZKHostnameVerifier.java:230)
	at org.apache.zookeeper.common.ZKHostnameVerifier.verify(ZKHostnameVerifier.java:171)
	at org.apache.zookeeper.common.ZKTrustManager.performHostVerification(ZKTrustManager.java:159)
	at org.apache.zookeeper.common.ZKTrustManager.checkClientTrusted(ZKTrustManager.java:79)
	at sun.security.ssl.ServerHandshaker.clientCertificate(ServerHandshaker.java:2037)
	at sun.security.ssl.ServerHandshaker.processMessage(ServerHandshaker.java:233)
	at sun.security.ssl.Handshaker.processLoop(Handshaker.java:1082)
	at sun.security.ssl.Handshaker.process_record(Handshaker.java:1010)
	at sun.security.ssl.SSLSocketImpl.readRecord(SSLSocketImpl.java:1079)
	at sun.security.ssl.SSLSocketImpl.performInitialHandshake(SSLSocketImpl.java:1388)
	at sun.security.ssl.SSLSocketImpl.startHandshake(SSLSocketImpl.java:1416)
	at sun.security.ssl.SSLSocketImpl.getSession(SSLSocketImpl.java:2309)
	at org.apache.zookeeper.server.quorum.UnifiedServerSocket$UnifiedSocket.detectMode(UnifiedServerSocket.java:269)
	at org.apache.zookeeper.server.quorum.UnifiedServerSocket$UnifiedSocket.getSocket(UnifiedServerSocket.java:298)
	at org.apache.zookeeper.server.quorum.UnifiedServerSocket$UnifiedSocket.access$400(UnifiedServerSocket.java:172)
	at org.apache.zookeeper.server.quorum.UnifiedServerSocket$UnifiedInputStream.getRealInputStream(UnifiedServerSocket.java:699)
	at org.apache.zookeeper.server.quorum.UnifiedServerSocket$UnifiedInputStream.read(UnifiedServerSocket.java:693)
	at java.io.BufferedInputStream.fill(BufferedInputStream.java:246)
	at java.io.BufferedInputStream.read1(BufferedInputStream.java:286)
	at java.io.BufferedInputStream.read(BufferedInputStream.java:345)
	at java.io.DataInputStream.readFully(DataInputStream.java:195)
	at java.io.DataInputStream.readLong(DataInputStream.java:416)
	at org.apache.zookeeper.server.quorum.QuorumCnxManager.handleConnection(QuorumCnxManager.java:601)
	at org.apache.zookeeper.server.quorum.QuorumCnxManager.receiveConnection(QuorumCnxManager.java:554)
	at org.apache.zookeeper.server.quorum.QuorumCnxManager$Listener$ListenerHandler.acceptConnections(QuorumCnxManager.java:1079)
	at org.apache.zookeeper.server.quorum.QuorumCnxManager$Listener$ListenerHandler.run(QuorumCnxManager.java:1033)
	at java.util.concurrent.Executors$RunnableAdapter.call(Executors.java:511)
	at java.util.concurrent.FutureTask.run(FutureTask.java:266)
	at java.util.concurrent.ThreadPoolExecutor.runWorker(ThreadPoolExecutor.java:1149)
	at java.util.concurrent.ThreadPoolExecutor$Worker.run(ThreadPoolExecutor.java:624)
	at java.lang.Thread.run(Thread.java:748)
2020-06-22 14:14:05,213 [myid:2] - INFO  [ListenerHandler-/127.0.0.1:30165:UnifiedServerSocket$UnifiedSocket@266] - Accepted TLS connection from activate.navicat.com/127.0.0.1:59228 - NONE - SSL_NULL_WITH_NULL_NULL
2020-06-22 14:14:05,213 [myid:2] - WARN  [ListenerHandler-/127.0.0.1:30165:QuorumCnxManager@629] - Exception reading or writing challenge
javax.net.ssl.SSLException: Connection has been shutdown: javax.net.ssl.SSLHandshakeException: java.security.cert.CertificateException: Failed to verify both host address and host name
	at sun.security.ssl.SSLSocketImpl.checkEOF(SSLSocketImpl.java:1554)
	at sun.security.ssl.AppInputStream.read(AppInputStream.java:95)
	at org.apache.zookeeper.server.quorum.UnifiedServerSocket$UnifiedInputStream.read(UnifiedServerSocket.java:693)
	at java.io.BufferedInputStream.fill(BufferedInputStream.java:246)
	at java.io.BufferedInputStream.read1(BufferedInputStream.java:286)
	at java.io.BufferedInputStream.read(BufferedInputStream.java:345)
	at java.io.DataInputStream.readFully(DataInputStream.java:195)
	at java.io.DataInputStream.readLong(DataInputStream.java:416)
	at org.apache.zookeeper.server.quorum.QuorumCnxManager.handleConnection(QuorumCnxManager.java:601)
	at org.apache.zookeeper.server.quorum.QuorumCnxManager.receiveConnection(QuorumCnxManager.java:554)
	at org.apache.zookeeper.server.quorum.QuorumCnxManager$Listener$ListenerHandler.acceptConnections(QuorumCnxManager.java:1079)
	at org.apache.zookeeper.server.quorum.QuorumCnxManager$Listener$ListenerHandler.run(QuorumCnxManager.java:1033)
	at java.util.concurrent.Executors$RunnableAdapter.call(Executors.java:511)
	at java.util.concurrent.FutureTask.run(FutureTask.java:266)
	at java.util.concurrent.ThreadPoolExecutor.runWorker(ThreadPoolExecutor.java:1149)
	at java.util.concurrent.ThreadPoolExecutor$Worker.run(ThreadPoolExecutor.java:624)
	at java.lang.Thread.run(Thread.java:748)
Caused by: javax.net.ssl.SSLHandshakeException: java.security.cert.CertificateException: Failed to verify both host address and host name
	at sun.security.ssl.Alerts.getSSLException(Alerts.java:198)
	at sun.security.ssl.SSLSocketImpl.fatal(SSLSocketImpl.java:1967)
	at sun.security.ssl.Handshaker.fatalSE(Handshaker.java:331)
	at sun.security.ssl.Handshaker.fatalSE(Handshaker.java:325)
	at sun.security.ssl.ServerHandshaker.clientCertificate(ServerHandshaker.java:2055)
	at sun.security.ssl.ServerHandshaker.processMessage(ServerHandshaker.java:233)
	at sun.security.ssl.Handshaker.processLoop(Handshaker.java:1082)
	at sun.security.ssl.Handshaker.process_record(Handshaker.java:1010)
	at sun.security.ssl.SSLSocketImpl.readRecord(SSLSocketImpl.java:1079)
	at sun.security.ssl.SSLSocketImpl.performInitialHandshake(SSLSocketImpl.java:1388)
	at sun.security.ssl.SSLSocketImpl.startHandshake(SSLSocketImpl.java:1416)
	at sun.security.ssl.SSLSocketImpl.getSession(SSLSocketImpl.java:2309)
	at org.apache.zookeeper.server.quorum.UnifiedServerSocket$UnifiedSocket.detectMode(UnifiedServerSocket.java:269)
	at org.apache.zookeeper.server.quorum.UnifiedServerSocket$UnifiedSocket.getSocket(UnifiedServerSocket.java:298)
	at org.apache.zookeeper.server.quorum.UnifiedServerSocket$UnifiedSocket.access$400(UnifiedServerSocket.java:172)
	at org.apache.zookeeper.server.quorum.UnifiedServerSocket$UnifiedInputStream.getRealInputStream(UnifiedServerSocket.java:699)
	... 15 more
Caused by: java.security.cert.CertificateException: Failed to verify both host address and host name
	at org.apache.zookeeper.common.ZKTrustManager.performHostVerification(ZKTrustManager.java:163)
	at org.apache.zookeeper.common.ZKTrustManager.checkClientTrusted(ZKTrustManager.java:79)
	at sun.security.ssl.ServerHandshaker.clientCertificate(ServerHandshaker.java:2037)
	... 26 more
Caused by: javax.net.ssl.SSLPeerUnverifiedException: Certificate for <activate.navicat.com> doesn't match any of the subject alternative names: [localhost]
	at org.apache.zookeeper.common.ZKHostnameVerifier.matchDNSName(ZKHostnameVerifier.java:230)
	at org.apache.zookeeper.common.ZKHostnameVerifier.verify(ZKHostnameVerifier.java:171)
	at org.apache.zookeeper.common.ZKTrustManager.performHostVerification(ZKTrustManager.java:159)
	... 28 more
2020-06-22 14:14:05,264 [myid:3] - WARN  [QuorumConnectionThread-[myid=3]-1:QuorumCnxManager@400] - Cannot open channel to 1 at election address /127.0.0.1:30164
java.net.SocketException: Software caused connection abort: socket write error
	at java.net.SocketOutputStream.socketWrite0(Native Method)
	at java.net.SocketOutputStream.socketWrite(SocketOutputStream.java:111)
	at java.net.SocketOutputStream.write(SocketOutputStream.java:155)
	at sun.security.ssl.OutputRecord.writeBuffer(OutputRecord.java:431)
	at sun.security.ssl.OutputRecord.write(OutputRecord.java:417)
	at sun.security.ssl.SSLSocketImpl.writeRecordInternal(SSLSocketImpl.java:894)
	at sun.security.ssl.SSLSocketImpl.writeRecord(SSLSocketImpl.java:865)
	at sun.security.ssl.SSLSocketImpl.writeRecord(SSLSocketImpl.java:735)
	at sun.security.ssl.Handshaker.sendChangeCipherSpec(Handshaker.java:1189)
	at sun.security.ssl.ClientHandshaker.sendChangeCipherAndFinish(ClientHandshaker.java:1323)
	at sun.security.ssl.ClientHandshaker.serverHelloDone(ClientHandshaker.java:1233)
	at sun.security.ssl.ClientHandshaker.processMessage(ClientHandshaker.java:372)
	at sun.security.ssl.Handshaker.processLoop(Handshaker.java:1082)
	at sun.security.ssl.Handshaker.process_record(Handshaker.java:1010)
	at sun.security.ssl.SSLSocketImpl.readRecord(SSLSocketImpl.java:1079)
	at sun.security.ssl.SSLSocketImpl.performInitialHandshake(SSLSocketImpl.java:1388)
	at sun.security.ssl.SSLSocketImpl.startHandshake(SSLSocketImpl.java:1416)
	at sun.security.ssl.SSLSocketImpl.startHandshake(SSLSocketImpl.java:1400)
	at org.apache.zookeeper.server.quorum.QuorumCnxManager.initiateConnection(QuorumCnxManager.java:386)
	at org.apache.zookeeper.server.quorum.QuorumCnxManager$QuorumConnectionReqThread.run(QuorumCnxManager.java:457)
	at java.util.concurrent.ThreadPoolExecutor.runWorker(ThreadPoolExecutor.java:1149)
	at java.util.concurrent.ThreadPoolExecutor$Worker.run(ThreadPoolExecutor.java:624)
	at java.lang.Thread.run(Thread.java:748)
2020-06-22 14:14:05,264 [myid:3] - WARN  [QuorumConnectionThread-[myid=3]-2:QuorumCnxManager@400] - Cannot open channel to 2 at election address /127.0.0.1:30165
java.net.SocketException: Software caused connection abort: socket write error
	at java.net.SocketOutputStream.socketWrite0(Native Method)
	at java.net.SocketOutputStream.socketWrite(SocketOutputStream.java:111)
	at java.net.SocketOutputStream.write(SocketOutputStream.java:155)
	at sun.security.ssl.OutputRecord.writeBuffer(OutputRecord.java:431)
	at sun.security.ssl.OutputRecord.write(OutputRecord.java:417)
	at sun.security.ssl.SSLSocketImpl.writeRecordInternal(SSLSocketImpl.java:894)
	at sun.security.ssl.SSLSocketImpl.writeRecord(SSLSocketImpl.java:865)
	at sun.security.ssl.SSLSocketImpl.writeRecord(SSLSocketImpl.java:735)
	at sun.security.ssl.Handshaker.sendChangeCipherSpec(Handshaker.java:1189)
	at sun.security.ssl.ClientHandshaker.sendChangeCipherAndFinish(ClientHandshaker.java:1323)
	at sun.security.ssl.ClientHandshaker.serverHelloDone(ClientHandshaker.java:1233)
	at sun.security.ssl.ClientHandshaker.processMessage(ClientHandshaker.java:372)
	at sun.security.ssl.Handshaker.processLoop(Handshaker.java:1082)
	at sun.security.ssl.Handshaker.process_record(Handshaker.java:1010)
	at sun.security.ssl.SSLSocketImpl.readRecord(SSLSocketImpl.java:1079)
	at sun.security.ssl.SSLSocketImpl.performInitialHandshake(SSLSocketImpl.java:1388)
	at sun.security.ssl.SSLSocketImpl.startHandshake(SSLSocketImpl.java:1416)
	at sun.security.ssl.SSLSocketImpl.startHandshake(SSLSocketImpl.java:1400)
	at org.apache.zookeeper.server.quorum.QuorumCnxManager.initiateConnection(QuorumCnxManager.java:386)
	at org.apache.zookeeper.server.quorum.QuorumCnxManager$QuorumConnectionReqThread.run(QuorumCnxManager.java:457)
	at java.util.concurrent.ThreadPoolExecutor.runWorker(ThreadPoolExecutor.java:1149)
	at java.util.concurrent.ThreadPoolExecutor$Worker.run(ThreadPoolExecutor.java:624)
	at java.lang.Thread.run(Thread.java:748)
2020-06-22 14:14:05,363 [myid:3] - INFO  [QuorumPeer[myid=3](plain=[0:0:0:0:0:0:0:0]:30160)(secure=disabled):FastLeaderElection@979] - Notification time out: 400
2020-06-22 14:14:05,363 [myid:2] - INFO  [ListenerHandler-/127.0.0.1:30165:QuorumCnxManager$Listener$ListenerHandler@1070] - Received connection request from /127.0.0.1:59248
2020-06-22 14:14:05,364 [myid:1] - INFO  [ListenerHandler-/127.0.0.1:30164:QuorumCnxManager$Listener$ListenerHandler@1070] - Received connection request from /127.0.0.1:59249
2020-06-22 14:14:05,370 [myid:3] - INFO  [nioEventLoopGroup-136-1:NettyServerCnxn@285] - Processing stat command from /127.0.0.1:59153
2020-06-22 14:14:05,409 [myid:2] - ERROR [ListenerHandler-/127.0.0.1:30165:ZKTrustManager@161] - Failed to verify host address: 127.0.0.1
javax.net.ssl.SSLPeerUnverifiedException: Certificate for <127.0.0.1> doesn't match any of the subject alternative names: [localhost]
	at org.apache.zookeeper.common.ZKHostnameVerifier.matchIPAddress(ZKHostnameVerifier.java:197)
	at org.apache.zookeeper.common.ZKHostnameVerifier.verify(ZKHostnameVerifier.java:165)
	at org.apache.zookeeper.common.ZKTrustManager.performHostVerification(ZKTrustManager.java:151)
	at org.apache.zookeeper.common.ZKTrustManager.checkClientTrusted(ZKTrustManager.java:79)
	at sun.security.ssl.ServerHandshaker.clientCertificate(ServerHandshaker.java:2037)
	at sun.security.ssl.ServerHandshaker.processMessage(ServerHandshaker.java:233)
	at sun.security.ssl.Handshaker.processLoop(Handshaker.java:1082)
	at sun.security.ssl.Handshaker.process_record(Handshaker.java:1010)
	at sun.security.ssl.SSLSocketImpl.readRecord(SSLSocketImpl.java:1079)
	at sun.security.ssl.SSLSocketImpl.performInitialHandshake(SSLSocketImpl.java:1388)
	at sun.security.ssl.SSLSocketImpl.startHandshake(SSLSocketImpl.java:1416)
	at sun.security.ssl.SSLSocketImpl.getSession(SSLSocketImpl.java:2309)
	at org.apache.zookeeper.server.quorum.UnifiedServerSocket$UnifiedSocket.detectMode(UnifiedServerSocket.java:269)
	at org.apache.zookeeper.server.quorum.UnifiedServerSocket$UnifiedSocket.getSocket(UnifiedServerSocket.java:298)
	at org.apache.zookeeper.server.quorum.UnifiedServerSocket$UnifiedSocket.access$400(UnifiedServerSocket.java:172)
	at org.apache.zookeeper.server.quorum.UnifiedServerSocket$UnifiedInputStream.getRealInputStream(UnifiedServerSocket.java:699)
	at org.apache.zookeeper.server.quorum.UnifiedServerSocket$UnifiedInputStream.read(UnifiedServerSocket.java:693)
	at java.io.BufferedInputStream.fill(BufferedInputStream.java:246)
	at java.io.BufferedInputStream.read1(BufferedInputStream.java:286)
	at java.io.BufferedInputStream.read(BufferedInputStream.java:345)
	at java.io.DataInputStream.readFully(DataInputStream.java:195)
	at java.io.DataInputStream.readLong(DataInputStream.java:416)
	at org.apache.zookeeper.server.quorum.QuorumCnxManager.handleConnection(QuorumCnxManager.java:601)
	at org.apache.zookeeper.server.quorum.QuorumCnxManager.receiveConnection(QuorumCnxManager.java:554)
	at org.apache.zookeeper.server.quorum.QuorumCnxManager$Listener$ListenerHandler.acceptConnections(QuorumCnxManager.java:1079)
	at org.apache.zookeeper.server.quorum.QuorumCnxManager$Listener$ListenerHandler.run(QuorumCnxManager.java:1033)
	at java.util.concurrent.Executors$RunnableAdapter.call(Executors.java:511)
	at java.util.concurrent.FutureTask.run(FutureTask.java:266)
	at java.util.concurrent.ThreadPoolExecutor.runWorker(ThreadPoolExecutor.java:1149)
	at java.util.concurrent.ThreadPoolExecutor$Worker.run(ThreadPoolExecutor.java:624)
	at java.lang.Thread.run(Thread.java:748)
2020-06-22 14:14:05,409 [myid:2] - ERROR [ListenerHandler-/127.0.0.1:30165:ZKTrustManager@162] - Failed to verify hostname: activate.navicat.com
javax.net.ssl.SSLPeerUnverifiedException: Certificate for <activate.navicat.com> doesn't match any of the subject alternative names: [localhost]
	at org.apache.zookeeper.common.ZKHostnameVerifier.matchDNSName(ZKHostnameVerifier.java:230)
	at org.apache.zookeeper.common.ZKHostnameVerifier.verify(ZKHostnameVerifier.java:171)
	at org.apache.zookeeper.common.ZKTrustManager.performHostVerification(ZKTrustManager.java:159)
	at org.apache.zookeeper.common.ZKTrustManager.checkClientTrusted(ZKTrustManager.java:79)
	at sun.security.ssl.ServerHandshaker.clientCertificate(ServerHandshaker.java:2037)
	at sun.security.ssl.ServerHandshaker.processMessage(ServerHandshaker.java:233)
	at sun.security.ssl.Handshaker.processLoop(Handshaker.java:1082)
	at sun.security.ssl.Handshaker.process_record(Handshaker.java:1010)
	at sun.security.ssl.SSLSocketImpl.readRecord(SSLSocketImpl.java:1079)
	at sun.security.ssl.SSLSocketImpl.performInitialHandshake(SSLSocketImpl.java:1388)
	at sun.security.ssl.SSLSocketImpl.startHandshake(SSLSocketImpl.java:1416)
	at sun.security.ssl.SSLSocketImpl.getSession(SSLSocketImpl.java:2309)
	at org.apache.zookeeper.server.quorum.UnifiedServerSocket$UnifiedSocket.detectMode(UnifiedServerSocket.java:269)
	at org.apache.zookeeper.server.quorum.UnifiedServerSocket$UnifiedSocket.getSocket(UnifiedServerSocket.java:298)
	at org.apache.zookeeper.server.quorum.UnifiedServerSocket$UnifiedSocket.access$400(UnifiedServerSocket.java:172)
	at org.apache.zookeeper.server.quorum.UnifiedServerSocket$UnifiedInputStream.getRealInputStream(UnifiedServerSocket.java:699)
	at org.apache.zookeeper.server.quorum.UnifiedServerSocket$UnifiedInputStream.read(UnifiedServerSocket.java:693)
	at java.io.BufferedInputStream.fill(BufferedInputStream.java:246)
	at java.io.BufferedInputStream.read1(BufferedInputStream.java:286)
	at java.io.BufferedInputStream.read(BufferedInputStream.java:345)
	at java.io.DataInputStream.readFully(DataInputStream.java:195)
	at java.io.DataInputStream.readLong(DataInputStream.java:416)
	at org.apache.zookeeper.server.quorum.QuorumCnxManager.handleConnection(QuorumCnxManager.java:601)
	at org.apache.zookeeper.server.quorum.QuorumCnxManager.receiveConnection(QuorumCnxManager.java:554)
	at org.apache.zookeeper.server.quorum.QuorumCnxManager$Listener$ListenerHandler.acceptConnections(QuorumCnxManager.java:1079)
	at org.apache.zookeeper.server.quorum.QuorumCnxManager$Listener$ListenerHandler.run(QuorumCnxManager.java:1033)
	at java.util.concurrent.Executors$RunnableAdapter.call(Executors.java:511)
	at java.util.concurrent.FutureTask.run(FutureTask.java:266)
	at java.util.concurrent.ThreadPoolExecutor.runWorker(ThreadPoolExecutor.java:1149)
	at java.util.concurrent.ThreadPoolExecutor$Worker.run(ThreadPoolExecutor.java:624)
	at java.lang.Thread.run(Thread.java:748)
2020-06-22 14:14:05,409 [myid:2] - INFO  [ListenerHandler-/127.0.0.1:30165:UnifiedServerSocket$UnifiedSocket@266] - Accepted TLS connection from activate.navicat.com/127.0.0.1:59248 - NONE - SSL_NULL_WITH_NULL_NULL
2020-06-22 14:14:05,410 [myid:2] - WARN  [ListenerHandler-/127.0.0.1:30165:QuorumCnxManager@629] - Exception reading or writing challenge
javax.net.ssl.SSLException: Connection has been shutdown: javax.net.ssl.SSLHandshakeException: java.security.cert.CertificateException: Failed to verify both host address and host name
	at sun.security.ssl.SSLSocketImpl.checkEOF(SSLSocketImpl.java:1554)
	at sun.security.ssl.AppInputStream.read(AppInputStream.java:95)
	at org.apache.zookeeper.server.quorum.UnifiedServerSocket$UnifiedInputStream.read(UnifiedServerSocket.java:693)
	at java.io.BufferedInputStream.fill(BufferedInputStream.java:246)
	at java.io.BufferedInputStream.read1(BufferedInputStream.java:286)
	at java.io.BufferedInputStream.read(BufferedInputStream.java:345)
	at java.io.DataInputStream.readFully(DataInputStream.java:195)
	at java.io.DataInputStream.readLong(DataInputStream.java:416)
	at org.apache.zookeeper.server.quorum.QuorumCnxManager.handleConnection(QuorumCnxManager.java:601)
	at org.apache.zookeeper.server.quorum.QuorumCnxManager.receiveConnection(QuorumCnxManager.java:554)
	at org.apache.zookeeper.server.quorum.QuorumCnxManager$Listener$ListenerHandler.acceptConnections(QuorumCnxManager.java:1079)
	at org.apache.zookeeper.server.quorum.QuorumCnxManager$Listener$ListenerHandler.run(QuorumCnxManager.java:1033)
	at java.util.concurrent.Executors$RunnableAdapter.call(Executors.java:511)
	at java.util.concurrent.FutureTask.run(FutureTask.java:266)
	at java.util.concurrent.ThreadPoolExecutor.runWorker(ThreadPoolExecutor.java:1149)
	at java.util.concurrent.ThreadPoolExecutor$Worker.run(ThreadPoolExecutor.java:624)
	at java.lang.Thread.run(Thread.java:748)
Caused by: javax.net.ssl.SSLHandshakeException: java.security.cert.CertificateException: Failed to verify both host address and host name
	at sun.security.ssl.Alerts.getSSLException(Alerts.java:198)
	at sun.security.ssl.SSLSocketImpl.fatal(SSLSocketImpl.java:1967)
	at sun.security.ssl.Handshaker.fatalSE(Handshaker.java:331)
	at sun.security.ssl.Handshaker.fatalSE(Handshaker.java:325)
	at sun.security.ssl.ServerHandshaker.clientCertificate(ServerHandshaker.java:2055)
	at sun.security.ssl.ServerHandshaker.processMessage(ServerHandshaker.java:233)
	at sun.security.ssl.Handshaker.processLoop(Handshaker.java:1082)
	at sun.security.ssl.Handshaker.process_record(Handshaker.java:1010)
	at sun.security.ssl.SSLSocketImpl.readRecord(SSLSocketImpl.java:1079)
	at sun.security.ssl.SSLSocketImpl.performInitialHandshake(SSLSocketImpl.java:1388)
	at sun.security.ssl.SSLSocketImpl.startHandshake(SSLSocketImpl.java:1416)
	at sun.security.ssl.SSLSocketImpl.getSession(SSLSocketImpl.java:2309)
	at org.apache.zookeeper.server.quorum.UnifiedServerSocket$UnifiedSocket.detectMode(UnifiedServerSocket.java:269)
	at org.apache.zookeeper.server.quorum.UnifiedServerSocket$UnifiedSocket.getSocket(UnifiedServerSocket.java:298)
	at org.apache.zookeeper.server.quorum.UnifiedServerSocket$UnifiedSocket.access$400(UnifiedServerSocket.java:172)
	at org.apache.zookeeper.server.quorum.UnifiedServerSocket$UnifiedInputStream.getRealInputStream(UnifiedServerSocket.java:699)
	... 15 more
Caused by: java.security.cert.CertificateException: Failed to verify both host address and host name
	at org.apache.zookeeper.common.ZKTrustManager.performHostVerification(ZKTrustManager.java:163)
	at org.apache.zookeeper.common.ZKTrustManager.checkClientTrusted(ZKTrustManager.java:79)
	at sun.security.ssl.ServerHandshaker.clientCertificate(ServerHandshaker.java:2037)
	... 26 more
Caused by: javax.net.ssl.SSLPeerUnverifiedException: Certificate for <activate.navicat.com> doesn't match any of the subject alternative names: [localhost]
	at org.apache.zookeeper.common.ZKHostnameVerifier.matchDNSName(ZKHostnameVerifier.java:230)
	at org.apache.zookeeper.common.ZKHostnameVerifier.verify(ZKHostnameVerifier.java:171)
	at org.apache.zookeeper.common.ZKTrustManager.performHostVerification(ZKTrustManager.java:159)
	... 28 more
2020-06-22 14:14:05,416 [myid:1] - ERROR [ListenerHandler-/127.0.0.1:30164:ZKTrustManager@161] - Failed to verify host address: 127.0.0.1
javax.net.ssl.SSLPeerUnverifiedException: Certificate for <127.0.0.1> doesn't match any of the subject alternative names: [localhost]
	at org.apache.zookeeper.common.ZKHostnameVerifier.matchIPAddress(ZKHostnameVerifier.java:197)
	at org.apache.zookeeper.common.ZKHostnameVerifier.verify(ZKHostnameVerifier.java:165)
	at org.apache.zookeeper.common.ZKTrustManager.performHostVerification(ZKTrustManager.java:151)
	at org.apache.zookeeper.common.ZKTrustManager.checkClientTrusted(ZKTrustManager.java:79)
	at sun.security.ssl.ServerHandshaker.clientCertificate(ServerHandshaker.java:2037)
	at sun.security.ssl.ServerHandshaker.processMessage(ServerHandshaker.java:233)
	at sun.security.ssl.Handshaker.processLoop(Handshaker.java:1082)
	at sun.security.ssl.Handshaker.process_record(Handshaker.java:1010)
	at sun.security.ssl.SSLSocketImpl.readRecord(SSLSocketImpl.java:1079)
	at sun.security.ssl.SSLSocketImpl.performInitialHandshake(SSLSocketImpl.java:1388)
	at sun.security.ssl.SSLSocketImpl.startHandshake(SSLSocketImpl.java:1416)
	at sun.security.ssl.SSLSocketImpl.getSession(SSLSocketImpl.java:2309)
	at org.apache.zookeeper.server.quorum.UnifiedServerSocket$UnifiedSocket.detectMode(UnifiedServerSocket.java:269)
	at org.apache.zookeeper.server.quorum.UnifiedServerSocket$UnifiedSocket.getSocket(UnifiedServerSocket.java:298)
	at org.apache.zookeeper.server.quorum.UnifiedServerSocket$UnifiedSocket.access$400(UnifiedServerSocket.java:172)
	at org.apache.zookeeper.server.quorum.UnifiedServerSocket$UnifiedInputStream.getRealInputStream(UnifiedServerSocket.java:699)
	at org.apache.zookeeper.server.quorum.UnifiedServerSocket$UnifiedInputStream.read(UnifiedServerSocket.java:693)
	at java.io.BufferedInputStream.fill(BufferedInputStream.java:246)
	at java.io.BufferedInputStream.read1(BufferedInputStream.java:286)
	at java.io.BufferedInputStream.read(BufferedInputStream.java:345)
	at java.io.DataInputStream.readFully(DataInputStream.java:195)
	at java.io.DataInputStream.readLong(DataInputStream.java:416)
	at org.apache.zookeeper.server.quorum.QuorumCnxManager.handleConnection(QuorumCnxManager.java:601)
	at org.apache.zookeeper.server.quorum.QuorumCnxManager.receiveConnection(QuorumCnxManager.java:554)
	at org.apache.zookeeper.server.quorum.QuorumCnxManager$Listener$ListenerHandler.acceptConnections(QuorumCnxManager.java:1079)
	at org.apache.zookeeper.server.quorum.QuorumCnxManager$Listener$ListenerHandler.run(QuorumCnxManager.java:1033)
	at java.util.concurrent.Executors$RunnableAdapter.call(Executors.java:511)
	at java.util.concurrent.FutureTask.run(FutureTask.java:266)
	at java.util.concurrent.ThreadPoolExecutor.runWorker(ThreadPoolExecutor.java:1149)
	at java.util.concurrent.ThreadPoolExecutor$Worker.run(ThreadPoolExecutor.java:624)
	at java.lang.Thread.run(Thread.java:748)
2020-06-22 14:14:05,417 [myid:1] - ERROR [ListenerHandler-/127.0.0.1:30164:ZKTrustManager@162] - Failed to verify hostname: activate.navicat.com
javax.net.ssl.SSLPeerUnverifiedException: Certificate for <activate.navicat.com> doesn't match any of the subject alternative names: [localhost]
	at org.apache.zookeeper.common.ZKHostnameVerifier.matchDNSName(ZKHostnameVerifier.java:230)
	at org.apache.zookeeper.common.ZKHostnameVerifier.verify(ZKHostnameVerifier.java:171)
	at org.apache.zookeeper.common.ZKTrustManager.performHostVerification(ZKTrustManager.java:159)
	at org.apache.zookeeper.common.ZKTrustManager.checkClientTrusted(ZKTrustManager.java:79)
	at sun.security.ssl.ServerHandshaker.clientCertificate(ServerHandshaker.java:2037)
	at sun.security.ssl.ServerHandshaker.processMessage(ServerHandshaker.java:233)
	at sun.security.ssl.Handshaker.processLoop(Handshaker.java:1082)
	at sun.security.ssl.Handshaker.process_record(Handshaker.java:1010)
	at sun.security.ssl.SSLSocketImpl.readRecord(SSLSocketImpl.java:1079)
	at sun.security.ssl.SSLSocketImpl.performInitialHandshake(SSLSocketImpl.java:1388)
	at sun.security.ssl.SSLSocketImpl.startHandshake(SSLSocketImpl.java:1416)
	at sun.security.ssl.SSLSocketImpl.getSession(SSLSocketImpl.java:2309)
	at org.apache.zookeeper.server.quorum.UnifiedServerSocket$UnifiedSocket.detectMode(UnifiedServerSocket.java:269)
	at org.apache.zookeeper.server.quorum.UnifiedServerSocket$UnifiedSocket.getSocket(UnifiedServerSocket.java:298)
	at org.apache.zookeeper.server.quorum.UnifiedServerSocket$UnifiedSocket.access$400(UnifiedServerSocket.java:172)
	at org.apache.zookeeper.server.quorum.UnifiedServerSocket$UnifiedInputStream.getRealInputStream(UnifiedServerSocket.java:699)
	at org.apache.zookeeper.server.quorum.UnifiedServerSocket$UnifiedInputStream.read(UnifiedServerSocket.java:693)
	at java.io.BufferedInputStream.fill(BufferedInputStream.java:246)
	at java.io.BufferedInputStream.read1(BufferedInputStream.java:286)
	at java.io.BufferedInputStream.read(BufferedInputStream.java:345)
	at java.io.DataInputStream.readFully(DataInputStream.java:195)
	at java.io.DataInputStream.readLong(DataInputStream.java:416)
	at org.apache.zookeeper.server.quorum.QuorumCnxManager.handleConnection(QuorumCnxManager.java:601)
	at org.apache.zookeeper.server.quorum.QuorumCnxManager.receiveConnection(QuorumCnxManager.java:554)
	at org.apache.zookeeper.server.quorum.QuorumCnxManager$Listener$ListenerHandler.acceptConnections(QuorumCnxManager.java:1079)
	at org.apache.zookeeper.server.quorum.QuorumCnxManager$Listener$ListenerHandler.run(QuorumCnxManager.java:1033)
	at java.util.concurrent.Executors$RunnableAdapter.call(Executors.java:511)
	at java.util.concurrent.FutureTask.run(FutureTask.java:266)
	at java.util.concurrent.ThreadPoolExecutor.runWorker(ThreadPoolExecutor.java:1149)
	at java.util.concurrent.ThreadPoolExecutor$Worker.run(ThreadPoolExecutor.java:624)
	at java.lang.Thread.run(Thread.java:748)
2020-06-22 14:14:05,417 [myid:1] - INFO  [ListenerHandler-/127.0.0.1:30164:UnifiedServerSocket$UnifiedSocket@266] - Accepted TLS connection from activate.navicat.com/127.0.0.1:59249 - NONE - SSL_NULL_WITH_NULL_NULL
2020-06-22 14:14:05,417 [myid:1] - WARN  [ListenerHandler-/127.0.0.1:30164:QuorumCnxManager@629] - Exception reading or writing challenge
javax.net.ssl.SSLException: Connection has been shutdown: javax.net.ssl.SSLHandshakeException: java.security.cert.CertificateException: Failed to verify both host address and host name
	at sun.security.ssl.SSLSocketImpl.checkEOF(SSLSocketImpl.java:1554)
	at sun.security.ssl.AppInputStream.read(AppInputStream.java:95)
	at org.apache.zookeeper.server.quorum.UnifiedServerSocket$UnifiedInputStream.read(UnifiedServerSocket.java:693)
	at java.io.BufferedInputStream.fill(BufferedInputStream.java:246)
	at java.io.BufferedInputStream.read1(BufferedInputStream.java:286)
	at java.io.BufferedInputStream.read(BufferedInputStream.java:345)
	at java.io.DataInputStream.readFully(DataInputStream.java:195)
	at java.io.DataInputStream.readLong(DataInputStream.java:416)
	at org.apache.zookeeper.server.quorum.QuorumCnxManager.handleConnection(QuorumCnxManager.java:601)
	at org.apache.zookeeper.server.quorum.QuorumCnxManager.receiveConnection(QuorumCnxManager.java:554)
	at org.apache.zookeeper.server.quorum.QuorumCnxManager$Listener$ListenerHandler.acceptConnections(QuorumCnxManager.java:1079)
	at org.apache.zookeeper.server.quorum.QuorumCnxManager$Listener$ListenerHandler.run(QuorumCnxManager.java:1033)
	at java.util.concurrent.Executors$RunnableAdapter.call(Executors.java:511)
	at java.util.concurrent.FutureTask.run(FutureTask.java:266)
	at java.util.concurrent.ThreadPoolExecutor.runWorker(ThreadPoolExecutor.java:1149)
	at java.util.concurrent.ThreadPoolExecutor$Worker.run(ThreadPoolExecutor.java:624)
	at java.lang.Thread.run(Thread.java:748)
Caused by: javax.net.ssl.SSLHandshakeException: java.security.cert.CertificateException: Failed to verify both host address and host name
	at sun.security.ssl.Alerts.getSSLException(Alerts.java:198)
	at sun.security.ssl.SSLSocketImpl.fatal(SSLSocketImpl.java:1967)
	at sun.security.ssl.Handshaker.fatalSE(Handshaker.java:331)
	at sun.security.ssl.Handshaker.fatalSE(Handshaker.java:325)
	at sun.security.ssl.ServerHandshaker.clientCertificate(ServerHandshaker.java:2055)
	at sun.security.ssl.ServerHandshaker.processMessage(ServerHandshaker.java:233)
	at sun.security.ssl.Handshaker.processLoop(Handshaker.java:1082)
	at sun.security.ssl.Handshaker.process_record(Handshaker.java:1010)
	at sun.security.ssl.SSLSocketImpl.readRecord(SSLSocketImpl.java:1079)
	at sun.security.ssl.SSLSocketImpl.performInitialHandshake(SSLSocketImpl.java:1388)
	at sun.security.ssl.SSLSocketImpl.startHandshake(SSLSocketImpl.java:1416)
	at sun.security.ssl.SSLSocketImpl.getSession(SSLSocketImpl.java:2309)
	at org.apache.zookeeper.server.quorum.UnifiedServerSocket$UnifiedSocket.detectMode(UnifiedServerSocket.java:269)
	at org.apache.zookeeper.server.quorum.UnifiedServerSocket$UnifiedSocket.getSocket(UnifiedServerSocket.java:298)
	at org.apache.zookeeper.server.quorum.UnifiedServerSocket$UnifiedSocket.access$400(UnifiedServerSocket.java:172)
	at org.apache.zookeeper.server.quorum.UnifiedServerSocket$UnifiedInputStream.getRealInputStream(UnifiedServerSocket.java:699)
	... 15 more
Caused by: java.security.cert.CertificateException: Failed to verify both host address and host name
	at org.apache.zookeeper.common.ZKTrustManager.performHostVerification(ZKTrustManager.java:163)
	at org.apache.zookeeper.common.ZKTrustManager.checkClientTrusted(ZKTrustManager.java:79)
	at sun.security.ssl.ServerHandshaker.clientCertificate(ServerHandshaker.java:2037)
	... 26 more
Caused by: javax.net.ssl.SSLPeerUnverifiedException: Certificate for <activate.navicat.com> doesn't match any of the subject alternative names: [localhost]
	at org.apache.zookeeper.common.ZKHostnameVerifier.matchDNSName(ZKHostnameVerifier.java:230)
	at org.apache.zookeeper.common.ZKHostnameVerifier.verify(ZKHostnameVerifier.java:171)
	at org.apache.zookeeper.common.ZKTrustManager.performHostVerification(ZKTrustManager.java:159)
	... 28 more
2020-06-22 14:14:05,461 [myid:3] - WARN  [QuorumConnectionThread-[myid=3]-2:QuorumCnxManager@400] - Cannot open channel to 2 at election address /127.0.0.1:30165
java.net.SocketException: Software caused connection abort: recv failed
	at java.net.SocketInputStream.socketRead0(Native Method)
	at java.net.SocketInputStream.socketRead(SocketInputStream.java:116)
	at java.net.SocketInputStream.read(SocketInputStream.java:171)
	at java.net.SocketInputStream.read(SocketInputStream.java:141)
	at sun.security.ssl.InputRecord.readFully(InputRecord.java:465)
	at sun.security.ssl.InputRecord.read(InputRecord.java:503)
	at sun.security.ssl.SSLSocketImpl.readRecord(SSLSocketImpl.java:990)
	at sun.security.ssl.SSLSocketImpl.waitForClose(SSLSocketImpl.java:1782)
	at sun.security.ssl.HandshakeOutStream.flush(HandshakeOutStream.java:124)
	at sun.security.ssl.Handshaker.sendChangeCipherSpec(Handshaker.java:1197)
	at sun.security.ssl.ClientHandshaker.sendChangeCipherAndFinish(ClientHandshaker.java:1323)
	at sun.security.ssl.ClientHandshaker.serverHelloDone(ClientHandshaker.java:1233)
	at sun.security.ssl.ClientHandshaker.processMessage(ClientHandshaker.java:372)
	at sun.security.ssl.Handshaker.processLoop(Handshaker.java:1082)
	at sun.security.ssl.Handshaker.process_record(Handshaker.java:1010)
	at sun.security.ssl.SSLSocketImpl.readRecord(SSLSocketImpl.java:1079)
	at sun.security.ssl.SSLSocketImpl.performInitialHandshake(SSLSocketImpl.java:1388)
	at sun.security.ssl.SSLSocketImpl.startHandshake(SSLSocketImpl.java:1416)
	at sun.security.ssl.SSLSocketImpl.startHandshake(SSLSocketImpl.java:1400)
	at org.apache.zookeeper.server.quorum.QuorumCnxManager.initiateConnection(QuorumCnxManager.java:386)
	at org.apache.zookeeper.server.quorum.QuorumCnxManager$QuorumConnectionReqThread.run(QuorumCnxManager.java:457)
	at java.util.concurrent.ThreadPoolExecutor.runWorker(ThreadPoolExecutor.java:1149)
	at java.util.concurrent.ThreadPoolExecutor$Worker.run(ThreadPoolExecutor.java:624)
	at java.lang.Thread.run(Thread.java:748)
2020-06-22 14:14:05,467 [myid:3] - WARN  [QuorumConnectionThread-[myid=3]-3:QuorumCnxManager@400] - Cannot open channel to 1 at election address /127.0.0.1:30164
java.net.SocketException: Software caused connection abort: socket write error
	at java.net.SocketOutputStream.socketWrite0(Native Method)
	at java.net.SocketOutputStream.socketWrite(SocketOutputStream.java:111)
	at java.net.SocketOutputStream.write(SocketOutputStream.java:155)
	at sun.security.ssl.OutputRecord.writeBuffer(OutputRecord.java:431)
	at sun.security.ssl.OutputRecord.write(OutputRecord.java:417)
	at sun.security.ssl.SSLSocketImpl.writeRecordInternal(SSLSocketImpl.java:894)
	at sun.security.ssl.SSLSocketImpl.writeRecord(SSLSocketImpl.java:865)
	at sun.security.ssl.SSLSocketImpl.writeRecord(SSLSocketImpl.java:735)
	at sun.security.ssl.Handshaker.sendChangeCipherSpec(Handshaker.java:1189)
	at sun.security.ssl.ClientHandshaker.sendChangeCipherAndFinish(ClientHandshaker.java:1323)
	at sun.security.ssl.ClientHandshaker.serverHelloDone(ClientHandshaker.java:1233)
	at sun.security.ssl.ClientHandshaker.processMessage(ClientHandshaker.java:372)
	at sun.security.ssl.Handshaker.processLoop(Handshaker.java:1082)
	at sun.security.ssl.Handshaker.process_record(Handshaker.java:1010)
	at sun.security.ssl.SSLSocketImpl.readRecord(SSLSocketImpl.java:1079)
	at sun.security.ssl.SSLSocketImpl.performInitialHandshake(SSLSocketImpl.java:1388)
	at sun.security.ssl.SSLSocketImpl.startHandshake(SSLSocketImpl.java:1416)
	at sun.security.ssl.SSLSocketImpl.startHandshake(SSLSocketImpl.java:1400)
	at org.apache.zookeeper.server.quorum.QuorumCnxManager.initiateConnection(QuorumCnxManager.java:386)
	at org.apache.zookeeper.server.quorum.QuorumCnxManager$QuorumConnectionReqThread.run(QuorumCnxManager.java:457)
	at java.util.concurrent.ThreadPoolExecutor.runWorker(ThreadPoolExecutor.java:1149)
	at java.util.concurrent.ThreadPoolExecutor$Worker.run(ThreadPoolExecutor.java:624)
	at java.lang.Thread.run(Thread.java:748)
2020-06-22 14:14:05,561 [myid:3] - INFO  [ListenerHandler-/127.0.0.1:30166:QuorumCnxManager$Listener$ListenerHandler@1070] - Received connection request from /127.0.0.1:59103
2020-06-22 14:14:05,606 [myid:1] - ERROR [QuorumConnectionThread-[myid=1]-2:ZKTrustManager@161] - Failed to verify host address: 127.0.0.1
javax.net.ssl.SSLPeerUnverifiedException: Certificate for <127.0.0.1> doesn't match any of the subject alternative names: [localhost]
	at org.apache.zookeeper.common.ZKHostnameVerifier.matchIPAddress(ZKHostnameVerifier.java:197)
	at org.apache.zookeeper.common.ZKHostnameVerifier.verify(ZKHostnameVerifier.java:165)
	at org.apache.zookeeper.common.ZKTrustManager.performHostVerification(ZKTrustManager.java:151)
	at org.apache.zookeeper.common.ZKTrustManager.checkServerTrusted(ZKTrustManager.java:90)
	at sun.security.ssl.ClientHandshaker.serverCertificate(ClientHandshaker.java:1670)
	at sun.security.ssl.ClientHandshaker.processMessage(ClientHandshaker.java:226)
	at sun.security.ssl.Handshaker.processLoop(Handshaker.java:1082)
	at sun.security.ssl.Handshaker.process_record(Handshaker.java:1010)
	at sun.security.ssl.SSLSocketImpl.readRecord(SSLSocketImpl.java:1079)
	at sun.security.ssl.SSLSocketImpl.performInitialHandshake(SSLSocketImpl.java:1388)
	at sun.security.ssl.SSLSocketImpl.startHandshake(SSLSocketImpl.java:1416)
	at sun.security.ssl.SSLSocketImpl.startHandshake(SSLSocketImpl.java:1400)
	at org.apache.zookeeper.server.quorum.QuorumCnxManager.initiateConnection(QuorumCnxManager.java:386)
	at org.apache.zookeeper.server.quorum.QuorumCnxManager$QuorumConnectionReqThread.run(QuorumCnxManager.java:457)
	at java.util.concurrent.ThreadPoolExecutor.runWorker(ThreadPoolExecutor.java:1149)
	at java.util.concurrent.ThreadPoolExecutor$Worker.run(ThreadPoolExecutor.java:624)
	at java.lang.Thread.run(Thread.java:748)
2020-06-22 14:14:05,606 [myid:1] - ERROR [QuorumConnectionThread-[myid=1]-2:ZKTrustManager@162] - Failed to verify hostname: activate.navicat.com
javax.net.ssl.SSLPeerUnverifiedException: Certificate for <activate.navicat.com> doesn't match any of the subject alternative names: [localhost]
	at org.apache.zookeeper.common.ZKHostnameVerifier.matchDNSName(ZKHostnameVerifier.java:230)
	at org.apache.zookeeper.common.ZKHostnameVerifier.verify(ZKHostnameVerifier.java:171)
	at org.apache.zookeeper.common.ZKTrustManager.performHostVerification(ZKTrustManager.java:159)
	at org.apache.zookeeper.common.ZKTrustManager.checkServerTrusted(ZKTrustManager.java:90)
	at sun.security.ssl.ClientHandshaker.serverCertificate(ClientHandshaker.java:1670)
	at sun.security.ssl.ClientHandshaker.processMessage(ClientHandshaker.java:226)
	at sun.security.ssl.Handshaker.processLoop(Handshaker.java:1082)
	at sun.security.ssl.Handshaker.process_record(Handshaker.java:1010)
	at sun.security.ssl.SSLSocketImpl.readRecord(SSLSocketImpl.java:1079)
	at sun.security.ssl.SSLSocketImpl.performInitialHandshake(SSLSocketImpl.java:1388)
	at sun.security.ssl.SSLSocketImpl.startHandshake(SSLSocketImpl.java:1416)
	at sun.security.ssl.SSLSocketImpl.startHandshake(SSLSocketImpl.java:1400)
	at org.apache.zookeeper.server.quorum.QuorumCnxManager.initiateConnection(QuorumCnxManager.java:386)
	at org.apache.zookeeper.server.quorum.QuorumCnxManager$QuorumConnectionReqThread.run(QuorumCnxManager.java:457)
	at java.util.concurrent.ThreadPoolExecutor.runWorker(ThreadPoolExecutor.java:1149)
	at java.util.concurrent.ThreadPoolExecutor$Worker.run(ThreadPoolExecutor.java:624)
	at java.lang.Thread.run(Thread.java:748)
2020-06-22 14:14:05,606 [myid:1] - WARN  [QuorumConnectionThread-[myid=1]-2:QuorumCnxManager@400] - Cannot open channel to 3 at election address /127.0.0.1:30166
javax.net.ssl.SSLHandshakeException: java.security.cert.CertificateException: Failed to verify both host address and host name
	at sun.security.ssl.Alerts.getSSLException(Alerts.java:198)
	at sun.security.ssl.SSLSocketImpl.fatal(SSLSocketImpl.java:1967)
	at sun.security.ssl.Handshaker.fatalSE(Handshaker.java:331)
	at sun.security.ssl.Handshaker.fatalSE(Handshaker.java:325)
	at sun.security.ssl.ClientHandshaker.serverCertificate(ClientHandshaker.java:1688)
	at sun.security.ssl.ClientHandshaker.processMessage(ClientHandshaker.java:226)
	at sun.security.ssl.Handshaker.processLoop(Handshaker.java:1082)
	at sun.security.ssl.Handshaker.process_record(Handshaker.java:1010)
	at sun.security.ssl.SSLSocketImpl.readRecord(SSLSocketImpl.java:1079)
	at sun.security.ssl.SSLSocketImpl.performInitialHandshake(SSLSocketImpl.java:1388)
	at sun.security.ssl.SSLSocketImpl.startHandshake(SSLSocketImpl.java:1416)
	at sun.security.ssl.SSLSocketImpl.startHandshake(SSLSocketImpl.java:1400)
	at org.apache.zookeeper.server.quorum.QuorumCnxManager.initiateConnection(QuorumCnxManager.java:386)
	at org.apache.zookeeper.server.quorum.QuorumCnxManager$QuorumConnectionReqThread.run(QuorumCnxManager.java:457)
	at java.util.concurrent.ThreadPoolExecutor.runWorker(ThreadPoolExecutor.java:1149)
	at java.util.concurrent.ThreadPoolExecutor$Worker.run(ThreadPoolExecutor.java:624)
	at java.lang.Thread.run(Thread.java:748)
Caused by: java.security.cert.CertificateException: Failed to verify both host address and host name
	at org.apache.zookeeper.common.ZKTrustManager.performHostVerification(ZKTrustManager.java:163)
	at org.apache.zookeeper.common.ZKTrustManager.checkServerTrusted(ZKTrustManager.java:90)
	at sun.security.ssl.ClientHandshaker.serverCertificate(ClientHandshaker.java:1670)
	... 12 more
Caused by: javax.net.ssl.SSLPeerUnverifiedException: Certificate for <activate.navicat.com> doesn't match any of the subject alternative names: [localhost]
	at org.apache.zookeeper.common.ZKHostnameVerifier.matchDNSName(ZKHostnameVerifier.java:230)
	at org.apache.zookeeper.common.ZKHostnameVerifier.verify(ZKHostnameVerifier.java:171)
	at org.apache.zookeeper.common.ZKTrustManager.performHostVerification(ZKTrustManager.java:159)
	... 14 more
2020-06-22 14:14:05,607 [myid:3] - INFO  [ListenerHandler-/127.0.0.1:30166:UnifiedServerSocket$UnifiedSocket@266] - Accepted TLS connection from /127.0.0.1:59103 - NONE - SSL_NULL_WITH_NULL_NULL
2020-06-22 14:14:05,607 [myid:3] - WARN  [ListenerHandler-/127.0.0.1:30166:QuorumCnxManager@629] - Exception reading or writing challenge
javax.net.ssl.SSLException: Connection has been shutdown: javax.net.ssl.SSLHandshakeException: Received fatal alert: certificate_unknown
	at sun.security.ssl.SSLSocketImpl.checkEOF(SSLSocketImpl.java:1554)
	at sun.security.ssl.AppInputStream.read(AppInputStream.java:95)
	at org.apache.zookeeper.server.quorum.UnifiedServerSocket$UnifiedInputStream.read(UnifiedServerSocket.java:693)
	at java.io.BufferedInputStream.fill(BufferedInputStream.java:246)
	at java.io.BufferedInputStream.read1(BufferedInputStream.java:286)
	at java.io.BufferedInputStream.read(BufferedInputStream.java:345)
	at java.io.DataInputStream.readFully(DataInputStream.java:195)
	at java.io.DataInputStream.readLong(DataInputStream.java:416)
	at org.apache.zookeeper.server.quorum.QuorumCnxManager.handleConnection(QuorumCnxManager.java:601)
	at org.apache.zookeeper.server.quorum.QuorumCnxManager.receiveConnection(QuorumCnxManager.java:554)
	at org.apache.zookeeper.server.quorum.QuorumCnxManager$Listener$ListenerHandler.acceptConnections(QuorumCnxManager.java:1079)
	at org.apache.zookeeper.server.quorum.QuorumCnxManager$Listener$ListenerHandler.run(QuorumCnxManager.java:1033)
	at java.util.concurrent.Executors$RunnableAdapter.call(Executors.java:511)
	at java.util.concurrent.FutureTask.run(FutureTask.java:266)
	at java.util.concurrent.ThreadPoolExecutor.runWorker(ThreadPoolExecutor.java:1149)
	at java.util.concurrent.ThreadPoolExecutor$Worker.run(ThreadPoolExecutor.java:624)
	at java.lang.Thread.run(Thread.java:748)
Caused by: javax.net.ssl.SSLHandshakeException: Received fatal alert: certificate_unknown
	at sun.security.ssl.Alerts.getSSLException(Alerts.java:198)
	at sun.security.ssl.Alerts.getSSLException(Alerts.java:159)
	at sun.security.ssl.SSLSocketImpl.recvAlert(SSLSocketImpl.java:2041)
	at sun.security.ssl.SSLSocketImpl.readRecord(SSLSocketImpl.java:1145)
	at sun.security.ssl.SSLSocketImpl.performInitialHandshake(SSLSocketImpl.java:1388)
	at sun.security.ssl.SSLSocketImpl.startHandshake(SSLSocketImpl.java:1416)
	at sun.security.ssl.SSLSocketImpl.getSession(SSLSocketImpl.java:2309)
	at org.apache.zookeeper.server.quorum.UnifiedServerSocket$UnifiedSocket.detectMode(UnifiedServerSocket.java:269)
	at org.apache.zookeeper.server.quorum.UnifiedServerSocket$UnifiedSocket.getSocket(UnifiedServerSocket.java:298)
	at org.apache.zookeeper.server.quorum.UnifiedServerSocket$UnifiedSocket.access$400(UnifiedServerSocket.java:172)
	at org.apache.zookeeper.server.quorum.UnifiedServerSocket$UnifiedInputStream.getRealInputStream(UnifiedServerSocket.java:699)
	... 15 more
2020-06-22 14:14:05,607 [myid:3] - INFO  [ListenerHandler-/127.0.0.1:30166:QuorumCnxManager$Listener$ListenerHandler@1070] - Received connection request from /127.0.0.1:59105
2020-06-22 14:14:05,620 [myid:] - INFO  [Time-limited test:FourLetterWordMain@93] - connecting to 127.0.0.1 30160
2020-06-22 14:14:05,622 [myid:3] - INFO  [nioEventLoopGroup-136-2:NettyServerCnxn@285] - Processing stat command from /127.0.0.1:59264
2020-06-22 14:14:05,661 [myid:2] - ERROR [QuorumConnectionThread-[myid=2]-2:ZKTrustManager@161] - Failed to verify host address: 127.0.0.1
javax.net.ssl.SSLPeerUnverifiedException: Certificate for <127.0.0.1> doesn't match any of the subject alternative names: [localhost]
	at org.apache.zookeeper.common.ZKHostnameVerifier.matchIPAddress(ZKHostnameVerifier.java:197)
	at org.apache.zookeeper.common.ZKHostnameVerifier.verify(ZKHostnameVerifier.java:165)
	at org.apache.zookeeper.common.ZKTrustManager.performHostVerification(ZKTrustManager.java:151)
	at org.apache.zookeeper.common.ZKTrustManager.checkServerTrusted(ZKTrustManager.java:90)
	at sun.security.ssl.ClientHandshaker.serverCertificate(ClientHandshaker.java:1670)
	at sun.security.ssl.ClientHandshaker.processMessage(ClientHandshaker.java:226)
	at sun.security.ssl.Handshaker.processLoop(Handshaker.java:1082)
	at sun.security.ssl.Handshaker.process_record(Handshaker.java:1010)
	at sun.security.ssl.SSLSocketImpl.readRecord(SSLSocketImpl.java:1079)
	at sun.security.ssl.SSLSocketImpl.performInitialHandshake(SSLSocketImpl.java:1388)
	at sun.security.ssl.SSLSocketImpl.startHandshake(SSLSocketImpl.java:1416)
	at sun.security.ssl.SSLSocketImpl.startHandshake(SSLSocketImpl.java:1400)
	at org.apache.zookeeper.server.quorum.QuorumCnxManager.initiateConnection(QuorumCnxManager.java:386)
	at org.apache.zookeeper.server.quorum.QuorumCnxManager$QuorumConnectionReqThread.run(QuorumCnxManager.java:457)
	at java.util.concurrent.ThreadPoolExecutor.runWorker(ThreadPoolExecutor.java:1149)
	at java.util.concurrent.ThreadPoolExecutor$Worker.run(ThreadPoolExecutor.java:624)
	at java.lang.Thread.run(Thread.java:748)
2020-06-22 14:14:05,662 [myid:2] - ERROR [QuorumConnectionThread-[myid=2]-2:ZKTrustManager@162] - Failed to verify hostname: activate.navicat.com
javax.net.ssl.SSLPeerUnverifiedException: Certificate for <activate.navicat.com> doesn't match any of the subject alternative names: [localhost]
	at org.apache.zookeeper.common.ZKHostnameVerifier.matchDNSName(ZKHostnameVerifier.java:230)
	at org.apache.zookeeper.common.ZKHostnameVerifier.verify(ZKHostnameVerifier.java:171)
	at org.apache.zookeeper.common.ZKTrustManager.performHostVerification(ZKTrustManager.java:159)
	at org.apache.zookeeper.common.ZKTrustManager.checkServerTrusted(ZKTrustManager.java:90)
	at sun.security.ssl.ClientHandshaker.serverCertificate(ClientHandshaker.java:1670)
	at sun.security.ssl.ClientHandshaker.processMessage(ClientHandshaker.java:226)
	at sun.security.ssl.Handshaker.processLoop(Handshaker.java:1082)
	at sun.security.ssl.Handshaker.process_record(Handshaker.java:1010)
	at sun.security.ssl.SSLSocketImpl.readRecord(SSLSocketImpl.java:1079)
	at sun.security.ssl.SSLSocketImpl.performInitialHandshake(SSLSocketImpl.java:1388)
	at sun.security.ssl.SSLSocketImpl.startHandshake(SSLSocketImpl.java:1416)
	at sun.security.ssl.SSLSocketImpl.startHandshake(SSLSocketImpl.java:1400)
	at org.apache.zookeeper.server.quorum.QuorumCnxManager.initiateConnection(QuorumCnxManager.java:386)
	at org.apache.zookeeper.server.quorum.QuorumCnxManager$QuorumConnectionReqThread.run(QuorumCnxManager.java:457)
	at java.util.concurrent.ThreadPoolExecutor.runWorker(ThreadPoolExecutor.java:1149)
	at java.util.concurrent.ThreadPoolExecutor$Worker.run(ThreadPoolExecutor.java:624)
	at java.lang.Thread.run(Thread.java:748)
2020-06-22 14:14:05,662 [myid:3] - INFO  [ListenerHandler-/127.0.0.1:30166:UnifiedServerSocket$UnifiedSocket@266] - Accepted TLS connection from /127.0.0.1:59105 - NONE - SSL_NULL_WITH_NULL_NULL
2020-06-22 14:14:05,662 [myid:2] - WARN  [QuorumConnectionThread-[myid=2]-2:QuorumCnxManager@400] - Cannot open channel to 3 at election address activate.navicat.com/127.0.0.1:30166
javax.net.ssl.SSLHandshakeException: java.security.cert.CertificateException: Failed to verify both host address and host name
	at sun.security.ssl.Alerts.getSSLException(Alerts.java:198)
	at sun.security.ssl.SSLSocketImpl.fatal(SSLSocketImpl.java:1967)
	at sun.security.ssl.Handshaker.fatalSE(Handshaker.java:331)
	at sun.security.ssl.Handshaker.fatalSE(Handshaker.java:325)
	at sun.security.ssl.ClientHandshaker.serverCertificate(ClientHandshaker.java:1688)
	at sun.security.ssl.ClientHandshaker.processMessage(ClientHandshaker.java:226)
	at sun.security.ssl.Handshaker.processLoop(Handshaker.java:1082)
	at sun.security.ssl.Handshaker.process_record(Handshaker.java:1010)
	at sun.security.ssl.SSLSocketImpl.readRecord(SSLSocketImpl.java:1079)
	at sun.security.ssl.SSLSocketImpl.performInitialHandshake(SSLSocketImpl.java:1388)
	at sun.security.ssl.SSLSocketImpl.startHandshake(SSLSocketImpl.java:1416)
	at sun.security.ssl.SSLSocketImpl.startHandshake(SSLSocketImpl.java:1400)
	at org.apache.zookeeper.server.quorum.QuorumCnxManager.initiateConnection(QuorumCnxManager.java:386)
	at org.apache.zookeeper.server.quorum.QuorumCnxManager$QuorumConnectionReqThread.run(QuorumCnxManager.java:457)
	at java.util.concurrent.ThreadPoolExecutor.runWorker(ThreadPoolExecutor.java:1149)
	at java.util.concurrent.ThreadPoolExecutor$Worker.run(ThreadPoolExecutor.java:624)
	at java.lang.Thread.run(Thread.java:748)
Caused by: java.security.cert.CertificateException: Failed to verify both host address and host name
	at org.apache.zookeeper.common.ZKTrustManager.performHostVerification(ZKTrustManager.java:163)
	at org.apache.zookeeper.common.ZKTrustManager.checkServerTrusted(ZKTrustManager.java:90)
	at sun.security.ssl.ClientHandshaker.serverCertificate(ClientHandshaker.java:1670)
	... 12 more
Caused by: javax.net.ssl.SSLPeerUnverifiedException: Certificate for <activate.navicat.com> doesn't match any of the subject alternative names: [localhost]
	at org.apache.zookeeper.common.ZKHostnameVerifier.matchDNSName(ZKHostnameVerifier.java:230)
	at org.apache.zookeeper.common.ZKHostnameVerifier.verify(ZKHostnameVerifier.java:171)
	at org.apache.zookeeper.common.ZKTrustManager.performHostVerification(ZKTrustManager.java:159)
	... 14 more
2020-06-22 14:14:05,663 [myid:3] - WARN  [ListenerHandler-/127.0.0.1:30166:QuorumCnxManager@629] - Exception reading or writing challenge
javax.net.ssl.SSLException: Connection has been shutdown: javax.net.ssl.SSLHandshakeException: Received fatal alert: certificate_unknown
	at sun.security.ssl.SSLSocketImpl.checkEOF(SSLSocketImpl.java:1554)
	at sun.security.ssl.AppInputStream.read(AppInputStream.java:95)
	at org.apache.zookeeper.server.quorum.UnifiedServerSocket$UnifiedInputStream.read(UnifiedServerSocket.java:693)
	at java.io.BufferedInputStream.fill(BufferedInputStream.java:246)
	at java.io.BufferedInputStream.read1(BufferedInputStream.java:286)
	at java.io.BufferedInputStream.read(BufferedInputStream.java:345)
	at java.io.DataInputStream.readFully(DataInputStream.java:195)
	at java.io.DataInputStream.readLong(DataInputStream.java:416)
	at org.apache.zookeeper.server.quorum.QuorumCnxManager.handleConnection(QuorumCnxManager.java:601)
	at org.apache.zookeeper.server.quorum.QuorumCnxManager.receiveConnection(QuorumCnxManager.java:554)
	at org.apache.zookeeper.server.quorum.QuorumCnxManager$Listener$ListenerHandler.acceptConnections(QuorumCnxManager.java:1079)
	at org.apache.zookeeper.server.quorum.QuorumCnxManager$Listener$ListenerHandler.run(QuorumCnxManager.java:1033)
	at java.util.concurrent.Executors$RunnableAdapter.call(Executors.java:511)
	at java.util.concurrent.FutureTask.run(FutureTask.java:266)
	at java.util.concurrent.ThreadPoolExecutor.runWorker(ThreadPoolExecutor.java:1149)
	at java.util.concurrent.ThreadPoolExecutor$Worker.run(ThreadPoolExecutor.java:624)
	at java.lang.Thread.run(Thread.java:748)
Caused by: javax.net.ssl.SSLHandshakeException: Received fatal alert: certificate_unknown
	at sun.security.ssl.Alerts.getSSLException(Alerts.java:198)
	at sun.security.ssl.Alerts.getSSLException(Alerts.java:159)
	at sun.security.ssl.SSLSocketImpl.recvAlert(SSLSocketImpl.java:2041)
	at sun.security.ssl.SSLSocketImpl.readRecord(SSLSocketImpl.java:1145)
	at sun.security.ssl.SSLSocketImpl.performInitialHandshake(SSLSocketImpl.java:1388)
	at sun.security.ssl.SSLSocketImpl.startHandshake(SSLSocketImpl.java:1416)
	at sun.security.ssl.SSLSocketImpl.getSession(SSLSocketImpl.java:2309)
	at org.apache.zookeeper.server.quorum.UnifiedServerSocket$UnifiedSocket.detectMode(UnifiedServerSocket.java:269)
	at org.apache.zookeeper.server.quorum.UnifiedServerSocket$UnifiedSocket.getSocket(UnifiedServerSocket.java:298)
	at org.apache.zookeeper.server.quorum.UnifiedServerSocket$UnifiedSocket.access$400(UnifiedServerSocket.java:172)
	at org.apache.zookeeper.server.quorum.UnifiedServerSocket$UnifiedInputStream.getRealInputStream(UnifiedServerSocket.java:699)
	... 15 more
2020-06-22 14:14:05,764 [myid:3] - INFO  [QuorumPeer[myid=3](plain=[0:0:0:0:0:0:0:0]:30160)(secure=disabled):FastLeaderElection@979] - Notification time out: 800
2020-06-22 14:14:05,765 [myid:2] - INFO  [ListenerHandler-/127.0.0.1:30165:QuorumCnxManager$Listener$ListenerHandler@1070] - Received connection request from /127.0.0.1:59315
2020-06-22 14:14:05,765 [myid:1] - INFO  [ListenerHandler-/127.0.0.1:30164:QuorumCnxManager$Listener$ListenerHandler@1070] - Received connection request from /127.0.0.1:59314
2020-06-22 14:14:05,825 [myid:2] - ERROR [ListenerHandler-/127.0.0.1:30165:ZKTrustManager@161] - Failed to verify host address: 127.0.0.1
javax.net.ssl.SSLPeerUnverifiedException: Certificate for <127.0.0.1> doesn't match any of the subject alternative names: [localhost]
	at org.apache.zookeeper.common.ZKHostnameVerifier.matchIPAddress(ZKHostnameVerifier.java:197)
	at org.apache.zookeeper.common.ZKHostnameVerifier.verify(ZKHostnameVerifier.java:165)
	at org.apache.zookeeper.common.ZKTrustManager.performHostVerification(ZKTrustManager.java:151)
	at org.apache.zookeeper.common.ZKTrustManager.checkClientTrusted(ZKTrustManager.java:79)
	at sun.security.ssl.ServerHandshaker.clientCertificate(ServerHandshaker.java:2037)
	at sun.security.ssl.ServerHandshaker.processMessage(ServerHandshaker.java:233)
	at sun.security.ssl.Handshaker.processLoop(Handshaker.java:1082)
	at sun.security.ssl.Handshaker.process_record(Handshaker.java:1010)
	at sun.security.ssl.SSLSocketImpl.readRecord(SSLSocketImpl.java:1079)
	at sun.security.ssl.SSLSocketImpl.performInitialHandshake(SSLSocketImpl.java:1388)
	at sun.security.ssl.SSLSocketImpl.startHandshake(SSLSocketImpl.java:1416)
	at sun.security.ssl.SSLSocketImpl.getSession(SSLSocketImpl.java:2309)
	at org.apache.zookeeper.server.quorum.UnifiedServerSocket$UnifiedSocket.detectMode(UnifiedServerSocket.java:269)
	at org.apache.zookeeper.server.quorum.UnifiedServerSocket$UnifiedSocket.getSocket(UnifiedServerSocket.java:298)
	at org.apache.zookeeper.server.quorum.UnifiedServerSocket$UnifiedSocket.access$400(UnifiedServerSocket.java:172)
	at org.apache.zookeeper.server.quorum.UnifiedServerSocket$UnifiedInputStream.getRealInputStream(UnifiedServerSocket.java:699)
	at org.apache.zookeeper.server.quorum.UnifiedServerSocket$UnifiedInputStream.read(UnifiedServerSocket.java:693)
	at java.io.BufferedInputStream.fill(BufferedInputStream.java:246)
	at java.io.BufferedInputStream.read1(BufferedInputStream.java:286)
	at java.io.BufferedInputStream.read(BufferedInputStream.java:345)
	at java.io.DataInputStream.readFully(DataInputStream.java:195)
	at java.io.DataInputStream.readLong(DataInputStream.java:416)
	at org.apache.zookeeper.server.quorum.QuorumCnxManager.handleConnection(QuorumCnxManager.java:601)
	at org.apache.zookeeper.server.quorum.QuorumCnxManager.receiveConnection(QuorumCnxManager.java:554)
	at org.apache.zookeeper.server.quorum.QuorumCnxManager$Listener$ListenerHandler.acceptConnections(QuorumCnxManager.java:1079)
	at org.apache.zookeeper.server.quorum.QuorumCnxManager$Listener$ListenerHandler.run(QuorumCnxManager.java:1033)
	at java.util.concurrent.Executors$RunnableAdapter.call(Executors.java:511)
	at java.util.concurrent.FutureTask.run(FutureTask.java:266)
	at java.util.concurrent.ThreadPoolExecutor.runWorker(ThreadPoolExecutor.java:1149)
	at java.util.concurrent.ThreadPoolExecutor$Worker.run(ThreadPoolExecutor.java:624)
	at java.lang.Thread.run(Thread.java:748)
2020-06-22 14:14:05,826 [myid:2] - ERROR [ListenerHandler-/127.0.0.1:30165:ZKTrustManager@162] - Failed to verify hostname: activate.navicat.com
javax.net.ssl.SSLPeerUnverifiedException: Certificate for <activate.navicat.com> doesn't match any of the subject alternative names: [localhost]
	at org.apache.zookeeper.common.ZKHostnameVerifier.matchDNSName(ZKHostnameVerifier.java:230)
	at org.apache.zookeeper.common.ZKHostnameVerifier.verify(ZKHostnameVerifier.java:171)
	at org.apache.zookeeper.common.ZKTrustManager.performHostVerification(ZKTrustManager.java:159)
	at org.apache.zookeeper.common.ZKTrustManager.checkClientTrusted(ZKTrustManager.java:79)
	at sun.security.ssl.ServerHandshaker.clientCertificate(ServerHandshaker.java:2037)
	at sun.security.ssl.ServerHandshaker.processMessage(ServerHandshaker.java:233)
	at sun.security.ssl.Handshaker.processLoop(Handshaker.java:1082)
	at sun.security.ssl.Handshaker.process_record(Handshaker.java:1010)
	at sun.security.ssl.SSLSocketImpl.readRecord(SSLSocketImpl.java:1079)
	at sun.security.ssl.SSLSocketImpl.performInitialHandshake(SSLSocketImpl.java:1388)
	at sun.security.ssl.SSLSocketImpl.startHandshake(SSLSocketImpl.java:1416)
	at sun.security.ssl.SSLSocketImpl.getSession(SSLSocketImpl.java:2309)
	at org.apache.zookeeper.server.quorum.UnifiedServerSocket$UnifiedSocket.detectMode(UnifiedServerSocket.java:269)
	at org.apache.zookeeper.server.quorum.UnifiedServerSocket$UnifiedSocket.getSocket(UnifiedServerSocket.java:298)
	at org.apache.zookeeper.server.quorum.UnifiedServerSocket$UnifiedSocket.access$400(UnifiedServerSocket.java:172)
	at org.apache.zookeeper.server.quorum.UnifiedServerSocket$UnifiedInputStream.getRealInputStream(UnifiedServerSocket.java:699)
	at org.apache.zookeeper.server.quorum.UnifiedServerSocket$UnifiedInputStream.read(UnifiedServerSocket.java:693)
	at java.io.BufferedInputStream.fill(BufferedInputStream.java:246)
	at java.io.BufferedInputStream.read1(BufferedInputStream.java:286)
	at java.io.BufferedInputStream.read(BufferedInputStream.java:345)
	at java.io.DataInputStream.readFully(DataInputStream.java:195)
	at java.io.DataInputStream.readLong(DataInputStream.java:416)
	at org.apache.zookeeper.server.quorum.QuorumCnxManager.handleConnection(QuorumCnxManager.java:601)
	at org.apache.zookeeper.server.quorum.QuorumCnxManager.receiveConnection(QuorumCnxManager.java:554)
	at org.apache.zookeeper.server.quorum.QuorumCnxManager$Listener$ListenerHandler.acceptConnections(QuorumCnxManager.java:1079)
	at org.apache.zookeeper.server.quorum.QuorumCnxManager$Listener$ListenerHandler.run(QuorumCnxManager.java:1033)
	at java.util.concurrent.Executors$RunnableAdapter.call(Executors.java:511)
	at java.util.concurrent.FutureTask.run(FutureTask.java:266)
	at java.util.concurrent.ThreadPoolExecutor.runWorker(ThreadPoolExecutor.java:1149)
	at java.util.concurrent.ThreadPoolExecutor$Worker.run(ThreadPoolExecutor.java:624)
	at java.lang.Thread.run(Thread.java:748)
2020-06-22 14:14:05,826 [myid:2] - INFO  [ListenerHandler-/127.0.0.1:30165:UnifiedServerSocket$UnifiedSocket@266] - Accepted TLS connection from activate.navicat.com/127.0.0.1:59315 - NONE - SSL_NULL_WITH_NULL_NULL
2020-06-22 14:14:05,826 [myid:2] - WARN  [ListenerHandler-/127.0.0.1:30165:QuorumCnxManager@629] - Exception reading or writing challenge
javax.net.ssl.SSLException: Connection has been shutdown: javax.net.ssl.SSLHandshakeException: java.security.cert.CertificateException: Failed to verify both host address and host name
	at sun.security.ssl.SSLSocketImpl.checkEOF(SSLSocketImpl.java:1554)
	at sun.security.ssl.AppInputStream.read(AppInputStream.java:95)
	at org.apache.zookeeper.server.quorum.UnifiedServerSocket$UnifiedInputStream.read(UnifiedServerSocket.java:693)
	at java.io.BufferedInputStream.fill(BufferedInputStream.java:246)
	at java.io.BufferedInputStream.read1(BufferedInputStream.java:286)
	at java.io.BufferedInputStream.read(BufferedInputStream.java:345)
	at java.io.DataInputStream.readFully(DataInputStream.java:195)
	at java.io.DataInputStream.readLong(DataInputStream.java:416)
	at org.apache.zookeeper.server.quorum.QuorumCnxManager.handleConnection(QuorumCnxManager.java:601)
	at org.apache.zookeeper.server.quorum.QuorumCnxManager.receiveConnection(QuorumCnxManager.java:554)
	at org.apache.zookeeper.server.quorum.QuorumCnxManager$Listener$ListenerHandler.acceptConnections(QuorumCnxManager.java:1079)
	at org.apache.zookeeper.server.quorum.QuorumCnxManager$Listener$ListenerHandler.run(QuorumCnxManager.java:1033)
	at java.util.concurrent.Executors$RunnableAdapter.call(Executors.java:511)
	at java.util.concurrent.FutureTask.run(FutureTask.java:266)
	at java.util.concurrent.ThreadPoolExecutor.runWorker(ThreadPoolExecutor.java:1149)
	at java.util.concurrent.ThreadPoolExecutor$Worker.run(ThreadPoolExecutor.java:624)
	at java.lang.Thread.run(Thread.java:748)
Caused by: javax.net.ssl.SSLHandshakeException: java.security.cert.CertificateException: Failed to verify both host address and host name
	at sun.security.ssl.Alerts.getSSLException(Alerts.java:198)
	at sun.security.ssl.SSLSocketImpl.fatal(SSLSocketImpl.java:1967)
	at sun.security.ssl.Handshaker.fatalSE(Handshaker.java:331)
	at sun.security.ssl.Handshaker.fatalSE(Handshaker.java:325)
	at sun.security.ssl.ServerHandshaker.clientCertificate(ServerHandshaker.java:2055)
	at sun.security.ssl.ServerHandshaker.processMessage(ServerHandshaker.java:233)
	at sun.security.ssl.Handshaker.processLoop(Handshaker.java:1082)
	at sun.security.ssl.Handshaker.process_record(Handshaker.java:1010)
	at sun.security.ssl.SSLSocketImpl.readRecord(SSLSocketImpl.java:1079)
	at sun.security.ssl.SSLSocketImpl.performInitialHandshake(SSLSocketImpl.java:1388)
	at sun.security.ssl.SSLSocketImpl.startHandshake(SSLSocketImpl.java:1416)
	at sun.security.ssl.SSLSocketImpl.getSession(SSLSocketImpl.java:2309)
	at org.apache.zookeeper.server.quorum.UnifiedServerSocket$UnifiedSocket.detectMode(UnifiedServerSocket.java:269)
	at org.apache.zookeeper.server.quorum.UnifiedServerSocket$UnifiedSocket.getSocket(UnifiedServerSocket.java:298)
	at org.apache.zookeeper.server.quorum.UnifiedServerSocket$UnifiedSocket.access$400(UnifiedServerSocket.java:172)
	at org.apache.zookeeper.server.quorum.UnifiedServerSocket$UnifiedInputStream.getRealInputStream(UnifiedServerSocket.java:699)
	... 15 more
Caused by: java.security.cert.CertificateException: Failed to verify both host address and host name
	at org.apache.zookeeper.common.ZKTrustManager.performHostVerification(ZKTrustManager.java:163)
	at org.apache.zookeeper.common.ZKTrustManager.checkClientTrusted(ZKTrustManager.java:79)
	at sun.security.ssl.ServerHandshaker.clientCertificate(ServerHandshaker.java:2037)
	... 26 more
Caused by: javax.net.ssl.SSLPeerUnverifiedException: Certificate for <activate.navicat.com> doesn't match any of the subject alternative names: [localhost]
	at org.apache.zookeeper.common.ZKHostnameVerifier.matchDNSName(ZKHostnameVerifier.java:230)
	at org.apache.zookeeper.common.ZKHostnameVerifier.verify(ZKHostnameVerifier.java:171)
	at org.apache.zookeeper.common.ZKTrustManager.performHostVerification(ZKTrustManager.java:159)
	... 28 more
2020-06-22 14:14:05,826 [myid:1] - ERROR [ListenerHandler-/127.0.0.1:30164:ZKTrustManager@161] - Failed to verify host address: 127.0.0.1
javax.net.ssl.SSLPeerUnverifiedException: Certificate for <127.0.0.1> doesn't match any of the subject alternative names: [localhost]
	at org.apache.zookeeper.common.ZKHostnameVerifier.matchIPAddress(ZKHostnameVerifier.java:197)
	at org.apache.zookeeper.common.ZKHostnameVerifier.verify(ZKHostnameVerifier.java:165)
	at org.apache.zookeeper.common.ZKTrustManager.performHostVerification(ZKTrustManager.java:151)
	at org.apache.zookeeper.common.ZKTrustManager.checkClientTrusted(ZKTrustManager.java:79)
	at sun.security.ssl.ServerHandshaker.clientCertificate(ServerHandshaker.java:2037)
	at sun.security.ssl.ServerHandshaker.processMessage(ServerHandshaker.java:233)
	at sun.security.ssl.Handshaker.processLoop(Handshaker.java:1082)
	at sun.security.ssl.Handshaker.process_record(Handshaker.java:1010)
	at sun.security.ssl.SSLSocketImpl.readRecord(SSLSocketImpl.java:1079)
	at sun.security.ssl.SSLSocketImpl.performInitialHandshake(SSLSocketImpl.java:1388)
	at sun.security.ssl.SSLSocketImpl.startHandshake(SSLSocketImpl.java:1416)
	at sun.security.ssl.SSLSocketImpl.getSession(SSLSocketImpl.java:2309)
	at org.apache.zookeeper.server.quorum.UnifiedServerSocket$UnifiedSocket.detectMode(UnifiedServerSocket.java:269)
	at org.apache.zookeeper.server.quorum.UnifiedServerSocket$UnifiedSocket.getSocket(UnifiedServerSocket.java:298)
	at org.apache.zookeeper.server.quorum.UnifiedServerSocket$UnifiedSocket.access$400(UnifiedServerSocket.java:172)
	at org.apache.zookeeper.server.quorum.UnifiedServerSocket$UnifiedInputStream.getRealInputStream(UnifiedServerSocket.java:699)
	at org.apache.zookeeper.server.quorum.UnifiedServerSocket$UnifiedInputStream.read(UnifiedServerSocket.java:693)
	at java.io.BufferedInputStream.fill(BufferedInputStream.java:246)
	at java.io.BufferedInputStream.read1(BufferedInputStream.java:286)
	at java.io.BufferedInputStream.read(BufferedInputStream.java:345)
	at java.io.DataInputStream.readFully(DataInputStream.java:195)
	at java.io.DataInputStream.readLong(DataInputStream.java:416)
	at org.apache.zookeeper.server.quorum.QuorumCnxManager.handleConnection(QuorumCnxManager.java:601)
	at org.apache.zookeeper.server.quorum.QuorumCnxManager.receiveConnection(QuorumCnxManager.java:554)
	at org.apache.zookeeper.server.quorum.QuorumCnxManager$Listener$ListenerHandler.acceptConnections(QuorumCnxManager.java:1079)
	at org.apache.zookeeper.server.quorum.QuorumCnxManager$Listener$ListenerHandler.run(QuorumCnxManager.java:1033)
	at java.util.concurrent.Executors$RunnableAdapter.call(Executors.java:511)
	at java.util.concurrent.FutureTask.run(FutureTask.java:266)
	at java.util.concurrent.ThreadPoolExecutor.runWorker(ThreadPoolExecutor.java:1149)
	at java.util.concurrent.ThreadPoolExecutor$Worker.run(ThreadPoolExecutor.java:624)
	at java.lang.Thread.run(Thread.java:748)
2020-06-22 14:14:05,827 [myid:1] - ERROR [ListenerHandler-/127.0.0.1:30164:ZKTrustManager@162] - Failed to verify hostname: activate.navicat.com
javax.net.ssl.SSLPeerUnverifiedException: Certificate for <activate.navicat.com> doesn't match any of the subject alternative names: [localhost]
	at org.apache.zookeeper.common.ZKHostnameVerifier.matchDNSName(ZKHostnameVerifier.java:230)
	at org.apache.zookeeper.common.ZKHostnameVerifier.verify(ZKHostnameVerifier.java:171)
	at org.apache.zookeeper.common.ZKTrustManager.performHostVerification(ZKTrustManager.java:159)
	at org.apache.zookeeper.common.ZKTrustManager.checkClientTrusted(ZKTrustManager.java:79)
	at sun.security.ssl.ServerHandshaker.clientCertificate(ServerHandshaker.java:2037)
	at sun.security.ssl.ServerHandshaker.processMessage(ServerHandshaker.java:233)
	at sun.security.ssl.Handshaker.processLoop(Handshaker.java:1082)
	at sun.security.ssl.Handshaker.process_record(Handshaker.java:1010)
	at sun.security.ssl.SSLSocketImpl.readRecord(SSLSocketImpl.java:1079)
	at sun.security.ssl.SSLSocketImpl.performInitialHandshake(SSLSocketImpl.java:1388)
	at sun.security.ssl.SSLSocketImpl.startHandshake(SSLSocketImpl.java:1416)
	at sun.security.ssl.SSLSocketImpl.getSession(SSLSocketImpl.java:2309)
	at org.apache.zookeeper.server.quorum.UnifiedServerSocket$UnifiedSocket.detectMode(UnifiedServerSocket.java:269)
	at org.apache.zookeeper.server.quorum.UnifiedServerSocket$UnifiedSocket.getSocket(UnifiedServerSocket.java:298)
	at org.apache.zookeeper.server.quorum.UnifiedServerSocket$UnifiedSocket.access$400(UnifiedServerSocket.java:172)
	at org.apache.zookeeper.server.quorum.UnifiedServerSocket$UnifiedInputStream.getRealInputStream(UnifiedServerSocket.java:699)
	at org.apache.zookeeper.server.quorum.UnifiedServerSocket$UnifiedInputStream.read(UnifiedServerSocket.java:693)
	at java.io.BufferedInputStream.fill(BufferedInputStream.java:246)
	at java.io.BufferedInputStream.read1(BufferedInputStream.java:286)
	at java.io.BufferedInputStream.read(BufferedInputStream.java:345)
	at java.io.DataInputStream.readFully(DataInputStream.java:195)
	at java.io.DataInputStream.readLong(DataInputStream.java:416)
	at org.apache.zookeeper.server.quorum.QuorumCnxManager.handleConnection(QuorumCnxManager.java:601)
	at org.apache.zookeeper.server.quorum.QuorumCnxManager.receiveConnection(QuorumCnxManager.java:554)
	at org.apache.zookeeper.server.quorum.QuorumCnxManager$Listener$ListenerHandler.acceptConnections(QuorumCnxManager.java:1079)
	at org.apache.zookeeper.server.quorum.QuorumCnxManager$Listener$ListenerHandler.run(QuorumCnxManager.java:1033)
	at java.util.concurrent.Executors$RunnableAdapter.call(Executors.java:511)
	at java.util.concurrent.FutureTask.run(FutureTask.java:266)
	at java.util.concurrent.ThreadPoolExecutor.runWorker(ThreadPoolExecutor.java:1149)
	at java.util.concurrent.ThreadPoolExecutor$Worker.run(ThreadPoolExecutor.java:624)
	at java.lang.Thread.run(Thread.java:748)
2020-06-22 14:14:05,828 [myid:1] - INFO  [ListenerHandler-/127.0.0.1:30164:UnifiedServerSocket$UnifiedSocket@266] - Accepted TLS connection from activate.navicat.com/127.0.0.1:59314 - NONE - SSL_NULL_WITH_NULL_NULL
2020-06-22 14:14:05,828 [myid:1] - WARN  [ListenerHandler-/127.0.0.1:30164:QuorumCnxManager@629] - Exception reading or writing challenge
javax.net.ssl.SSLException: Connection has been shutdown: javax.net.ssl.SSLHandshakeException: java.security.cert.CertificateException: Failed to verify both host address and host name
	at sun.security.ssl.SSLSocketImpl.checkEOF(SSLSocketImpl.java:1554)
	at sun.security.ssl.AppInputStream.read(AppInputStream.java:95)
	at org.apache.zookeeper.server.quorum.UnifiedServerSocket$UnifiedInputStream.read(UnifiedServerSocket.java:693)
	at java.io.BufferedInputStream.fill(BufferedInputStream.java:246)
	at java.io.BufferedInputStream.read1(BufferedInputStream.java:286)
	at java.io.BufferedInputStream.read(BufferedInputStream.java:345)
	at java.io.DataInputStream.readFully(DataInputStream.java:195)
	at java.io.DataInputStream.readLong(DataInputStream.java:416)
	at org.apache.zookeeper.server.quorum.QuorumCnxManager.handleConnection(QuorumCnxManager.java:601)
	at org.apache.zookeeper.server.quorum.QuorumCnxManager.receiveConnection(QuorumCnxManager.java:554)
	at org.apache.zookeeper.server.quorum.QuorumCnxManager$Listener$ListenerHandler.acceptConnections(QuorumCnxManager.java:1079)
	at org.apache.zookeeper.server.quorum.QuorumCnxManager$Listener$ListenerHandler.run(QuorumCnxManager.java:1033)
	at java.util.concurrent.Executors$RunnableAdapter.call(Executors.java:511)
	at java.util.concurrent.FutureTask.run(FutureTask.java:266)
	at java.util.concurrent.ThreadPoolExecutor.runWorker(ThreadPoolExecutor.java:1149)
	at java.util.concurrent.ThreadPoolExecutor$Worker.run(ThreadPoolExecutor.java:624)
	at java.lang.Thread.run(Thread.java:748)
Caused by: javax.net.ssl.SSLHandshakeException: java.security.cert.CertificateException: Failed to verify both host address and host name
	at sun.security.ssl.Alerts.getSSLException(Alerts.java:198)
	at sun.security.ssl.SSLSocketImpl.fatal(SSLSocketImpl.java:1967)
	at sun.security.ssl.Handshaker.fatalSE(Handshaker.java:331)
	at sun.security.ssl.Handshaker.fatalSE(Handshaker.java:325)
	at sun.security.ssl.ServerHandshaker.clientCertificate(ServerHandshaker.java:2055)
	at sun.security.ssl.ServerHandshaker.processMessage(ServerHandshaker.java:233)
	at sun.security.ssl.Handshaker.processLoop(Handshaker.java:1082)
	at sun.security.ssl.Handshaker.process_record(Handshaker.java:1010)
	at sun.security.ssl.SSLSocketImpl.readRecord(SSLSocketImpl.java:1079)
	at sun.security.ssl.SSLSocketImpl.performInitialHandshake(SSLSocketImpl.java:1388)
	at sun.security.ssl.SSLSocketImpl.startHandshake(SSLSocketImpl.java:1416)
	at sun.security.ssl.SSLSocketImpl.getSession(SSLSocketImpl.java:2309)
	at org.apache.zookeeper.server.quorum.UnifiedServerSocket$UnifiedSocket.detectMode(UnifiedServerSocket.java:269)
	at org.apache.zookeeper.server.quorum.UnifiedServerSocket$UnifiedSocket.getSocket(UnifiedServerSocket.java:298)
	at org.apache.zookeeper.server.quorum.UnifiedServerSocket$UnifiedSocket.access$400(UnifiedServerSocket.java:172)
	at org.apache.zookeeper.server.quorum.UnifiedServerSocket$UnifiedInputStream.getRealInputStream(UnifiedServerSocket.java:699)
	... 15 more
Caused by: java.security.cert.CertificateException: Failed to verify both host address and host name
	at org.apache.zookeeper.common.ZKTrustManager.performHostVerification(ZKTrustManager.java:163)
	at org.apache.zookeeper.common.ZKTrustManager.checkClientTrusted(ZKTrustManager.java:79)
	at sun.security.ssl.ServerHandshaker.clientCertificate(ServerHandshaker.java:2037)
	... 26 more
Caused by: javax.net.ssl.SSLPeerUnverifiedException: Certificate for <activate.navicat.com> doesn't match any of the subject alternative names: [localhost]
	at org.apache.zookeeper.common.ZKHostnameVerifier.matchDNSName(ZKHostnameVerifier.java:230)
	at org.apache.zookeeper.common.ZKHostnameVerifier.verify(ZKHostnameVerifier.java:171)
	at org.apache.zookeeper.common.ZKTrustManager.performHostVerification(ZKTrustManager.java:159)
	... 28 more
2020-06-22 14:14:05,868 [myid:3] - WARN  [QuorumConnectionThread-[myid=3]-2:QuorumCnxManager@400] - Cannot open channel to 2 at election address /127.0.0.1:30165
java.net.SocketException: Software caused connection abort: socket write error
	at java.net.SocketOutputStream.socketWrite0(Native Method)
	at java.net.SocketOutputStream.socketWrite(SocketOutputStream.java:111)
	at java.net.SocketOutputStream.write(SocketOutputStream.java:155)
	at sun.security.ssl.OutputRecord.writeBuffer(OutputRecord.java:431)
	at sun.security.ssl.OutputRecord.write(OutputRecord.java:417)
	at sun.security.ssl.SSLSocketImpl.writeRecordInternal(SSLSocketImpl.java:894)
	at sun.security.ssl.SSLSocketImpl.writeRecord(SSLSocketImpl.java:865)
	at sun.security.ssl.SSLSocketImpl.writeRecord(SSLSocketImpl.java:735)
	at sun.security.ssl.Handshaker.sendChangeCipherSpec(Handshaker.java:1189)
	at sun.security.ssl.ClientHandshaker.sendChangeCipherAndFinish(ClientHandshaker.java:1323)
	at sun.security.ssl.ClientHandshaker.serverHelloDone(ClientHandshaker.java:1233)
	at sun.security.ssl.ClientHandshaker.processMessage(ClientHandshaker.java:372)
	at sun.security.ssl.Handshaker.processLoop(Handshaker.java:1082)
	at sun.security.ssl.Handshaker.process_record(Handshaker.java:1010)
	at sun.security.ssl.SSLSocketImpl.readRecord(SSLSocketImpl.java:1079)
	at sun.security.ssl.SSLSocketImpl.performInitialHandshake(SSLSocketImpl.java:1388)
	at sun.security.ssl.SSLSocketImpl.startHandshake(SSLSocketImpl.java:1416)
	at sun.security.ssl.SSLSocketImpl.startHandshake(SSLSocketImpl.java:1400)
	at org.apache.zookeeper.server.quorum.QuorumCnxManager.initiateConnection(QuorumCnxManager.java:386)
	at org.apache.zookeeper.server.quorum.QuorumCnxManager$QuorumConnectionReqThread.run(QuorumCnxManager.java:457)
	at java.util.concurrent.ThreadPoolExecutor.runWorker(ThreadPoolExecutor.java:1149)
	at java.util.concurrent.ThreadPoolExecutor$Worker.run(ThreadPoolExecutor.java:624)
	at java.lang.Thread.run(Thread.java:748)
2020-06-22 14:14:05,871 [myid:3] - WARN  [QuorumConnectionThread-[myid=3]-3:QuorumCnxManager@400] - Cannot open channel to 1 at election address /127.0.0.1:30164
java.net.SocketException: Software caused connection abort: socket write error
	at java.net.SocketOutputStream.socketWrite0(Native Method)
	at java.net.SocketOutputStream.socketWrite(SocketOutputStream.java:111)
	at java.net.SocketOutputStream.write(SocketOutputStream.java:155)
	at sun.security.ssl.OutputRecord.writeBuffer(OutputRecord.java:431)
	at sun.security.ssl.OutputRecord.write(OutputRecord.java:417)
	at sun.security.ssl.SSLSocketImpl.writeRecordInternal(SSLSocketImpl.java:894)
	at sun.security.ssl.SSLSocketImpl.writeRecord(SSLSocketImpl.java:865)
	at sun.security.ssl.SSLSocketImpl.writeRecord(SSLSocketImpl.java:735)
	at sun.security.ssl.Handshaker.sendChangeCipherSpec(Handshaker.java:1189)
	at sun.security.ssl.ClientHandshaker.sendChangeCipherAndFinish(ClientHandshaker.java:1323)
	at sun.security.ssl.ClientHandshaker.serverHelloDone(ClientHandshaker.java:1233)
	at sun.security.ssl.ClientHandshaker.processMessage(ClientHandshaker.java:372)
	at sun.security.ssl.Handshaker.processLoop(Handshaker.java:1082)
	at sun.security.ssl.Handshaker.process_record(Handshaker.java:1010)
	at sun.security.ssl.SSLSocketImpl.readRecord(SSLSocketImpl.java:1079)
	at sun.security.ssl.SSLSocketImpl.performInitialHandshake(SSLSocketImpl.java:1388)
	at sun.security.ssl.SSLSocketImpl.startHandshake(SSLSocketImpl.java:1416)
	at sun.security.ssl.SSLSocketImpl.startHandshake(SSLSocketImpl.java:1400)
	at org.apache.zookeeper.server.quorum.QuorumCnxManager.initiateConnection(QuorumCnxManager.java:386)
	at org.apache.zookeeper.server.quorum.QuorumCnxManager$QuorumConnectionReqThread.run(QuorumCnxManager.java:457)
	at java.util.concurrent.ThreadPoolExecutor.runWorker(ThreadPoolExecutor.java:1149)
	at java.util.concurrent.ThreadPoolExecutor$Worker.run(ThreadPoolExecutor.java:624)
	at java.lang.Thread.run(Thread.java:748)
2020-06-22 14:14:05,874 [myid:] - INFO  [Time-limited test:FourLetterWordMain@93] - connecting to 127.0.0.1 30160
2020-06-22 14:14:05,875 [myid:3] - INFO  [nioEventLoopGroup-136-3:NettyServerCnxn@285] - Processing stat command from /127.0.0.1:59316
2020-06-22 14:14:06,125 [myid:] - INFO  [Time-limited test:FourLetterWordMain@93] - connecting to 127.0.0.1 30160
2020-06-22 14:14:06,126 [myid:3] - INFO  [nioEventLoopGroup-136-4:NettyServerCnxn@285] - Processing stat command from /127.0.0.1:59333
2020-06-22 14:14:06,377 [myid:] - INFO  [Time-limited test:FourLetterWordMain@93] - connecting to 127.0.0.1 30160
2020-06-22 14:14:06,378 [myid:3] - INFO  [nioEventLoopGroup-136-5:NettyServerCnxn@285] - Processing stat command from /127.0.0.1:59341
2020-06-22 14:14:06,566 [myid:3] - INFO  [QuorumPeer[myid=3](plain=[0:0:0:0:0:0:0:0]:30160)(secure=disabled):FastLeaderElection@979] - Notification time out: 1600
2020-06-22 14:14:06,566 [myid:2] - INFO  [ListenerHandler-/127.0.0.1:30165:QuorumCnxManager$Listener$ListenerHandler@1070] - Received connection request from /127.0.0.1:59356
2020-06-22 14:14:06,566 [myid:1] - INFO  [ListenerHandler-/127.0.0.1:30164:QuorumCnxManager$Listener$ListenerHandler@1070] - Received connection request from /127.0.0.1:59357
2020-06-22 14:14:06,599 [myid:1] - ERROR [ListenerHandler-/127.0.0.1:30164:ZKTrustManager@161] - Failed to verify host address: 127.0.0.1
javax.net.ssl.SSLPeerUnverifiedException: Certificate for <127.0.0.1> doesn't match any of the subject alternative names: [localhost]
	at org.apache.zookeeper.common.ZKHostnameVerifier.matchIPAddress(ZKHostnameVerifier.java:197)
	at org.apache.zookeeper.common.ZKHostnameVerifier.verify(ZKHostnameVerifier.java:165)
	at org.apache.zookeeper.common.ZKTrustManager.performHostVerification(ZKTrustManager.java:151)
	at org.apache.zookeeper.common.ZKTrustManager.checkClientTrusted(ZKTrustManager.java:79)
	at sun.security.ssl.ServerHandshaker.clientCertificate(ServerHandshaker.java:2037)
	at sun.security.ssl.ServerHandshaker.processMessage(ServerHandshaker.java:233)
	at sun.security.ssl.Handshaker.processLoop(Handshaker.java:1082)
	at sun.security.ssl.Handshaker.process_record(Handshaker.java:1010)
	at sun.security.ssl.SSLSocketImpl.readRecord(SSLSocketImpl.java:1079)
	at sun.security.ssl.SSLSocketImpl.performInitialHandshake(SSLSocketImpl.java:1388)
	at sun.security.ssl.SSLSocketImpl.startHandshake(SSLSocketImpl.java:1416)
	at sun.security.ssl.SSLSocketImpl.getSession(SSLSocketImpl.java:2309)
	at org.apache.zookeeper.server.quorum.UnifiedServerSocket$UnifiedSocket.detectMode(UnifiedServerSocket.java:269)
	at org.apache.zookeeper.server.quorum.UnifiedServerSocket$UnifiedSocket.getSocket(UnifiedServerSocket.java:298)
	at org.apache.zookeeper.server.quorum.UnifiedServerSocket$UnifiedSocket.access$400(UnifiedServerSocket.java:172)
	at org.apache.zookeeper.server.quorum.UnifiedServerSocket$UnifiedInputStream.getRealInputStream(UnifiedServerSocket.java:699)
	at org.apache.zookeeper.server.quorum.UnifiedServerSocket$UnifiedInputStream.read(UnifiedServerSocket.java:693)
	at java.io.BufferedInputStream.fill(BufferedInputStream.java:246)
	at java.io.BufferedInputStream.read1(BufferedInputStream.java:286)
	at java.io.BufferedInputStream.read(BufferedInputStream.java:345)
	at java.io.DataInputStream.readFully(DataInputStream.java:195)
	at java.io.DataInputStream.readLong(DataInputStream.java:416)
	at org.apache.zookeeper.server.quorum.QuorumCnxManager.handleConnection(QuorumCnxManager.java:601)
	at org.apache.zookeeper.server.quorum.QuorumCnxManager.receiveConnection(QuorumCnxManager.java:554)
	at org.apache.zookeeper.server.quorum.QuorumCnxManager$Listener$ListenerHandler.acceptConnections(QuorumCnxManager.java:1079)
	at org.apache.zookeeper.server.quorum.QuorumCnxManager$Listener$ListenerHandler.run(QuorumCnxManager.java:1033)
	at java.util.concurrent.Executors$RunnableAdapter.call(Executors.java:511)
	at java.util.concurrent.FutureTask.run(FutureTask.java:266)
	at java.util.concurrent.ThreadPoolExecutor.runWorker(ThreadPoolExecutor.java:1149)
	at java.util.concurrent.ThreadPoolExecutor$Worker.run(ThreadPoolExecutor.java:624)
	at java.lang.Thread.run(Thread.java:748)
2020-06-22 14:14:06,599 [myid:1] - ERROR [ListenerHandler-/127.0.0.1:30164:ZKTrustManager@162] - Failed to verify hostname: activate.navicat.com
javax.net.ssl.SSLPeerUnverifiedException: Certificate for <activate.navicat.com> doesn't match any of the subject alternative names: [localhost]
	at org.apache.zookeeper.common.ZKHostnameVerifier.matchDNSName(ZKHostnameVerifier.java:230)
	at org.apache.zookeeper.common.ZKHostnameVerifier.verify(ZKHostnameVerifier.java:171)
	at org.apache.zookeeper.common.ZKTrustManager.performHostVerification(ZKTrustManager.java:159)
	at org.apache.zookeeper.common.ZKTrustManager.checkClientTrusted(ZKTrustManager.java:79)
	at sun.security.ssl.ServerHandshaker.clientCertificate(ServerHandshaker.java:2037)
	at sun.security.ssl.ServerHandshaker.processMessage(ServerHandshaker.java:233)
	at sun.security.ssl.Handshaker.processLoop(Handshaker.java:1082)
	at sun.security.ssl.Handshaker.process_record(Handshaker.java:1010)
	at sun.security.ssl.SSLSocketImpl.readRecord(SSLSocketImpl.java:1079)
	at sun.security.ssl.SSLSocketImpl.performInitialHandshake(SSLSocketImpl.java:1388)
	at sun.security.ssl.SSLSocketImpl.startHandshake(SSLSocketImpl.java:1416)
	at sun.security.ssl.SSLSocketImpl.getSession(SSLSocketImpl.java:2309)
	at org.apache.zookeeper.server.quorum.UnifiedServerSocket$UnifiedSocket.detectMode(UnifiedServerSocket.java:269)
	at org.apache.zookeeper.server.quorum.UnifiedServerSocket$UnifiedSocket.getSocket(UnifiedServerSocket.java:298)
	at org.apache.zookeeper.server.quorum.UnifiedServerSocket$UnifiedSocket.access$400(UnifiedServerSocket.java:172)
	at org.apache.zookeeper.server.quorum.UnifiedServerSocket$UnifiedInputStream.getRealInputStream(UnifiedServerSocket.java:699)
	at org.apache.zookeeper.server.quorum.UnifiedServerSocket$UnifiedInputStream.read(UnifiedServerSocket.java:693)
	at java.io.BufferedInputStream.fill(BufferedInputStream.java:246)
	at java.io.BufferedInputStream.read1(BufferedInputStream.java:286)
	at java.io.BufferedInputStream.read(BufferedInputStream.java:345)
	at java.io.DataInputStream.readFully(DataInputStream.java:195)
	at java.io.DataInputStream.readLong(DataInputStream.java:416)
	at org.apache.zookeeper.server.quorum.QuorumCnxManager.handleConnection(QuorumCnxManager.java:601)
	at org.apache.zookeeper.server.quorum.QuorumCnxManager.receiveConnection(QuorumCnxManager.java:554)
	at org.apache.zookeeper.server.quorum.QuorumCnxManager$Listener$ListenerHandler.acceptConnections(QuorumCnxManager.java:1079)
	at org.apache.zookeeper.server.quorum.QuorumCnxManager$Listener$ListenerHandler.run(QuorumCnxManager.java:1033)
	at java.util.concurrent.Executors$RunnableAdapter.call(Executors.java:511)
	at java.util.concurrent.FutureTask.run(FutureTask.java:266)
	at java.util.concurrent.ThreadPoolExecutor.runWorker(ThreadPoolExecutor.java:1149)
	at java.util.concurrent.ThreadPoolExecutor$Worker.run(ThreadPoolExecutor.java:624)
	at java.lang.Thread.run(Thread.java:748)
2020-06-22 14:14:06,599 [myid:2] - ERROR [ListenerHandler-/127.0.0.1:30165:ZKTrustManager@161] - Failed to verify host address: 127.0.0.1
javax.net.ssl.SSLPeerUnverifiedException: Certificate for <127.0.0.1> doesn't match any of the subject alternative names: [localhost]
	at org.apache.zookeeper.common.ZKHostnameVerifier.matchIPAddress(ZKHostnameVerifier.java:197)
	at org.apache.zookeeper.common.ZKHostnameVerifier.verify(ZKHostnameVerifier.java:165)
	at org.apache.zookeeper.common.ZKTrustManager.performHostVerification(ZKTrustManager.java:151)
	at org.apache.zookeeper.common.ZKTrustManager.checkClientTrusted(ZKTrustManager.java:79)
	at sun.security.ssl.ServerHandshaker.clientCertificate(ServerHandshaker.java:2037)
	at sun.security.ssl.ServerHandshaker.processMessage(ServerHandshaker.java:233)
	at sun.security.ssl.Handshaker.processLoop(Handshaker.java:1082)
	at sun.security.ssl.Handshaker.process_record(Handshaker.java:1010)
	at sun.security.ssl.SSLSocketImpl.readRecord(SSLSocketImpl.java:1079)
	at sun.security.ssl.SSLSocketImpl.performInitialHandshake(SSLSocketImpl.java:1388)
	at sun.security.ssl.SSLSocketImpl.startHandshake(SSLSocketImpl.java:1416)
	at sun.security.ssl.SSLSocketImpl.getSession(SSLSocketImpl.java:2309)
	at org.apache.zookeeper.server.quorum.UnifiedServerSocket$UnifiedSocket.detectMode(UnifiedServerSocket.java:269)
	at org.apache.zookeeper.server.quorum.UnifiedServerSocket$UnifiedSocket.getSocket(UnifiedServerSocket.java:298)
	at org.apache.zookeeper.server.quorum.UnifiedServerSocket$UnifiedSocket.access$400(UnifiedServerSocket.java:172)
	at org.apache.zookeeper.server.quorum.UnifiedServerSocket$UnifiedInputStream.getRealInputStream(UnifiedServerSocket.java:699)
	at org.apache.zookeeper.server.quorum.UnifiedServerSocket$UnifiedInputStream.read(UnifiedServerSocket.java:693)
	at java.io.BufferedInputStream.fill(BufferedInputStream.java:246)
	at java.io.BufferedInputStream.read1(BufferedInputStream.java:286)
	at java.io.BufferedInputStream.read(BufferedInputStream.java:345)
	at java.io.DataInputStream.readFully(DataInputStream.java:195)
	at java.io.DataInputStream.readLong(DataInputStream.java:416)
	at org.apache.zookeeper.server.quorum.QuorumCnxManager.handleConnection(QuorumCnxManager.java:601)
	at org.apache.zookeeper.server.quorum.QuorumCnxManager.receiveConnection(QuorumCnxManager.java:554)
	at org.apache.zookeeper.server.quorum.QuorumCnxManager$Listener$ListenerHandler.acceptConnections(QuorumCnxManager.java:1079)
	at org.apache.zookeeper.server.quorum.QuorumCnxManager$Listener$ListenerHandler.run(QuorumCnxManager.java:1033)
	at java.util.concurrent.Executors$RunnableAdapter.call(Executors.java:511)
	at java.util.concurrent.FutureTask.run(FutureTask.java:266)
	at java.util.concurrent.ThreadPoolExecutor.runWorker(ThreadPoolExecutor.java:1149)
	at java.util.concurrent.ThreadPoolExecutor$Worker.run(ThreadPoolExecutor.java:624)
	at java.lang.Thread.run(Thread.java:748)
2020-06-22 14:14:06,600 [myid:2] - ERROR [ListenerHandler-/127.0.0.1:30165:ZKTrustManager@162] - Failed to verify hostname: activate.navicat.com
javax.net.ssl.SSLPeerUnverifiedException: Certificate for <activate.navicat.com> doesn't match any of the subject alternative names: [localhost]
	at org.apache.zookeeper.common.ZKHostnameVerifier.matchDNSName(ZKHostnameVerifier.java:230)
	at org.apache.zookeeper.common.ZKHostnameVerifier.verify(ZKHostnameVerifier.java:171)
	at org.apache.zookeeper.common.ZKTrustManager.performHostVerification(ZKTrustManager.java:159)
	at org.apache.zookeeper.common.ZKTrustManager.checkClientTrusted(ZKTrustManager.java:79)
	at sun.security.ssl.ServerHandshaker.clientCertificate(ServerHandshaker.java:2037)
	at sun.security.ssl.ServerHandshaker.processMessage(ServerHandshaker.java:233)
	at sun.security.ssl.Handshaker.processLoop(Handshaker.java:1082)
	at sun.security.ssl.Handshaker.process_record(Handshaker.java:1010)
	at sun.security.ssl.SSLSocketImpl.readRecord(SSLSocketImpl.java:1079)
	at sun.security.ssl.SSLSocketImpl.performInitialHandshake(SSLSocketImpl.java:1388)
	at sun.security.ssl.SSLSocketImpl.startHandshake(SSLSocketImpl.java:1416)
	at sun.security.ssl.SSLSocketImpl.getSession(SSLSocketImpl.java:2309)
	at org.apache.zookeeper.server.quorum.UnifiedServerSocket$UnifiedSocket.detectMode(UnifiedServerSocket.java:269)
	at org.apache.zookeeper.server.quorum.UnifiedServerSocket$UnifiedSocket.getSocket(UnifiedServerSocket.java:298)
	at org.apache.zookeeper.server.quorum.UnifiedServerSocket$UnifiedSocket.access$400(UnifiedServerSocket.java:172)
	at org.apache.zookeeper.server.quorum.UnifiedServerSocket$UnifiedInputStream.getRealInputStream(UnifiedServerSocket.java:699)
	at org.apache.zookeeper.server.quorum.UnifiedServerSocket$UnifiedInputStream.read(UnifiedServerSocket.java:693)
	at java.io.BufferedInputStream.fill(BufferedInputStream.java:246)
	at java.io.BufferedInputStream.read1(BufferedInputStream.java:286)
	at java.io.BufferedInputStream.read(BufferedInputStream.java:345)
	at java.io.DataInputStream.readFully(DataInputStream.java:195)
	at java.io.DataInputStream.readLong(DataInputStream.java:416)
	at org.apache.zookeeper.server.quorum.QuorumCnxManager.handleConnection(QuorumCnxManager.java:601)
	at org.apache.zookeeper.server.quorum.QuorumCnxManager.receiveConnection(QuorumCnxManager.java:554)
	at org.apache.zookeeper.server.quorum.QuorumCnxManager$Listener$ListenerHandler.acceptConnections(QuorumCnxManager.java:1079)
	at org.apache.zookeeper.server.quorum.QuorumCnxManager$Listener$ListenerHandler.run(QuorumCnxManager.java:1033)
	at java.util.concurrent.Executors$RunnableAdapter.call(Executors.java:511)
	at java.util.concurrent.FutureTask.run(FutureTask.java:266)
	at java.util.concurrent.ThreadPoolExecutor.runWorker(ThreadPoolExecutor.java:1149)
	at java.util.concurrent.ThreadPoolExecutor$Worker.run(ThreadPoolExecutor.java:624)
	at java.lang.Thread.run(Thread.java:748)
2020-06-22 14:14:06,600 [myid:1] - INFO  [ListenerHandler-/127.0.0.1:30164:UnifiedServerSocket$UnifiedSocket@266] - Accepted TLS connection from activate.navicat.com/127.0.0.1:59357 - NONE - SSL_NULL_WITH_NULL_NULL
2020-06-22 14:14:06,601 [myid:1] - WARN  [ListenerHandler-/127.0.0.1:30164:QuorumCnxManager@629] - Exception reading or writing challenge
javax.net.ssl.SSLException: Connection has been shutdown: javax.net.ssl.SSLHandshakeException: java.security.cert.CertificateException: Failed to verify both host address and host name
	at sun.security.ssl.SSLSocketImpl.checkEOF(SSLSocketImpl.java:1554)
	at sun.security.ssl.AppInputStream.read(AppInputStream.java:95)
	at org.apache.zookeeper.server.quorum.UnifiedServerSocket$UnifiedInputStream.read(UnifiedServerSocket.java:693)
	at java.io.BufferedInputStream.fill(BufferedInputStream.java:246)
	at java.io.BufferedInputStream.read1(BufferedInputStream.java:286)
	at java.io.BufferedInputStream.read(BufferedInputStream.java:345)
	at java.io.DataInputStream.readFully(DataInputStream.java:195)
	at java.io.DataInputStream.readLong(DataInputStream.java:416)
	at org.apache.zookeeper.server.quorum.QuorumCnxManager.handleConnection(QuorumCnxManager.java:601)
	at org.apache.zookeeper.server.quorum.QuorumCnxManager.receiveConnection(QuorumCnxManager.java:554)
	at org.apache.zookeeper.server.quorum.QuorumCnxManager$Listener$ListenerHandler.acceptConnections(QuorumCnxManager.java:1079)
	at org.apache.zookeeper.server.quorum.QuorumCnxManager$Listener$ListenerHandler.run(QuorumCnxManager.java:1033)
	at java.util.concurrent.Executors$RunnableAdapter.call(Executors.java:511)
	at java.util.concurrent.FutureTask.run(FutureTask.java:266)
	at java.util.concurrent.ThreadPoolExecutor.runWorker(ThreadPoolExecutor.java:1149)
	at java.util.concurrent.ThreadPoolExecutor$Worker.run(ThreadPoolExecutor.java:624)
	at java.lang.Thread.run(Thread.java:748)
Caused by: javax.net.ssl.SSLHandshakeException: java.security.cert.CertificateException: Failed to verify both host address and host name
	at sun.security.ssl.Alerts.getSSLException(Alerts.java:198)
	at sun.security.ssl.SSLSocketImpl.fatal(SSLSocketImpl.java:1967)
	at sun.security.ssl.Handshaker.fatalSE(Handshaker.java:331)
	at sun.security.ssl.Handshaker.fatalSE(Handshaker.java:325)
	at sun.security.ssl.ServerHandshaker.clientCertificate(ServerHandshaker.java:2055)
	at sun.security.ssl.ServerHandshaker.processMessage(ServerHandshaker.java:233)
	at sun.security.ssl.Handshaker.processLoop(Handshaker.java:1082)
	at sun.security.ssl.Handshaker.process_record(Handshaker.java:1010)
	at sun.security.ssl.SSLSocketImpl.readRecord(SSLSocketImpl.java:1079)
	at sun.security.ssl.SSLSocketImpl.performInitialHandshake(SSLSocketImpl.java:1388)
	at sun.security.ssl.SSLSocketImpl.startHandshake(SSLSocketImpl.java:1416)
	at sun.security.ssl.SSLSocketImpl.getSession(SSLSocketImpl.java:2309)
	at org.apache.zookeeper.server.quorum.UnifiedServerSocket$UnifiedSocket.detectMode(UnifiedServerSocket.java:269)
	at org.apache.zookeeper.server.quorum.UnifiedServerSocket$UnifiedSocket.getSocket(UnifiedServerSocket.java:298)
	at org.apache.zookeeper.server.quorum.UnifiedServerSocket$UnifiedSocket.access$400(UnifiedServerSocket.java:172)
	at org.apache.zookeeper.server.quorum.UnifiedServerSocket$UnifiedInputStream.getRealInputStream(UnifiedServerSocket.java:699)
	... 15 more
Caused by: java.security.cert.CertificateException: Failed to verify both host address and host name
	at org.apache.zookeeper.common.ZKTrustManager.performHostVerification(ZKTrustManager.java:163)
	at org.apache.zookeeper.common.ZKTrustManager.checkClientTrusted(ZKTrustManager.java:79)
	at sun.security.ssl.ServerHandshaker.clientCertificate(ServerHandshaker.java:2037)
	... 26 more
Caused by: javax.net.ssl.SSLPeerUnverifiedException: Certificate for <activate.navicat.com> doesn't match any of the subject alternative names: [localhost]
	at org.apache.zookeeper.common.ZKHostnameVerifier.matchDNSName(ZKHostnameVerifier.java:230)
	at org.apache.zookeeper.common.ZKHostnameVerifier.verify(ZKHostnameVerifier.java:171)
	at org.apache.zookeeper.common.ZKTrustManager.performHostVerification(ZKTrustManager.java:159)
	... 28 more
2020-06-22 14:14:06,601 [myid:2] - INFO  [ListenerHandler-/127.0.0.1:30165:UnifiedServerSocket$UnifiedSocket@266] - Accepted TLS connection from activate.navicat.com/127.0.0.1:59356 - NONE - SSL_NULL_WITH_NULL_NULL
2020-06-22 14:14:06,601 [myid:2] - WARN  [ListenerHandler-/127.0.0.1:30165:QuorumCnxManager@629] - Exception reading or writing challenge
javax.net.ssl.SSLException: Connection has been shutdown: javax.net.ssl.SSLHandshakeException: java.security.cert.CertificateException: Failed to verify both host address and host name
	at sun.security.ssl.SSLSocketImpl.checkEOF(SSLSocketImpl.java:1554)
	at sun.security.ssl.AppInputStream.read(AppInputStream.java:95)
	at org.apache.zookeeper.server.quorum.UnifiedServerSocket$UnifiedInputStream.read(UnifiedServerSocket.java:693)
	at java.io.BufferedInputStream.fill(BufferedInputStream.java:246)
	at java.io.BufferedInputStream.read1(BufferedInputStream.java:286)
	at java.io.BufferedInputStream.read(BufferedInputStream.java:345)
	at java.io.DataInputStream.readFully(DataInputStream.java:195)
	at java.io.DataInputStream.readLong(DataInputStream.java:416)
	at org.apache.zookeeper.server.quorum.QuorumCnxManager.handleConnection(QuorumCnxManager.java:601)
	at org.apache.zookeeper.server.quorum.QuorumCnxManager.receiveConnection(QuorumCnxManager.java:554)
	at org.apache.zookeeper.server.quorum.QuorumCnxManager$Listener$ListenerHandler.acceptConnections(QuorumCnxManager.java:1079)
	at org.apache.zookeeper.server.quorum.QuorumCnxManager$Listener$ListenerHandler.run(QuorumCnxManager.java:1033)
	at java.util.concurrent.Executors$RunnableAdapter.call(Executors.java:511)
	at java.util.concurrent.FutureTask.run(FutureTask.java:266)
	at java.util.concurrent.ThreadPoolExecutor.runWorker(ThreadPoolExecutor.java:1149)
	at java.util.concurrent.ThreadPoolExecutor$Worker.run(ThreadPoolExecutor.java:624)
	at java.lang.Thread.run(Thread.java:748)
Caused by: javax.net.ssl.SSLHandshakeException: java.security.cert.CertificateException: Failed to verify both host address and host name
	at sun.security.ssl.Alerts.getSSLException(Alerts.java:198)
	at sun.security.ssl.SSLSocketImpl.fatal(SSLSocketImpl.java:1967)
	at sun.security.ssl.Handshaker.fatalSE(Handshaker.java:331)
	at sun.security.ssl.Handshaker.fatalSE(Handshaker.java:325)
	at sun.security.ssl.ServerHandshaker.clientCertificate(ServerHandshaker.java:2055)
	at sun.security.ssl.ServerHandshaker.processMessage(ServerHandshaker.java:233)
	at sun.security.ssl.Handshaker.processLoop(Handshaker.java:1082)
	at sun.security.ssl.Handshaker.process_record(Handshaker.java:1010)
	at sun.security.ssl.SSLSocketImpl.readRecord(SSLSocketImpl.java:1079)
	at sun.security.ssl.SSLSocketImpl.performInitialHandshake(SSLSocketImpl.java:1388)
	at sun.security.ssl.SSLSocketImpl.startHandshake(SSLSocketImpl.java:1416)
	at sun.security.ssl.SSLSocketImpl.getSession(SSLSocketImpl.java:2309)
	at org.apache.zookeeper.server.quorum.UnifiedServerSocket$UnifiedSocket.detectMode(UnifiedServerSocket.java:269)
	at org.apache.zookeeper.server.quorum.UnifiedServerSocket$UnifiedSocket.getSocket(UnifiedServerSocket.java:298)
	at org.apache.zookeeper.server.quorum.UnifiedServerSocket$UnifiedSocket.access$400(UnifiedServerSocket.java:172)
	at org.apache.zookeeper.server.quorum.UnifiedServerSocket$UnifiedInputStream.getRealInputStream(UnifiedServerSocket.java:699)
	... 15 more
Caused by: java.security.cert.CertificateException: Failed to verify both host address and host name
	at org.apache.zookeeper.common.ZKTrustManager.performHostVerification(ZKTrustManager.java:163)
	at org.apache.zookeeper.common.ZKTrustManager.checkClientTrusted(ZKTrustManager.java:79)
	at sun.security.ssl.ServerHandshaker.clientCertificate(ServerHandshaker.java:2037)
	... 26 more
Caused by: javax.net.ssl.SSLPeerUnverifiedException: Certificate for <activate.navicat.com> doesn't match any of the subject alternative names: [localhost]
	at org.apache.zookeeper.common.ZKHostnameVerifier.matchDNSName(ZKHostnameVerifier.java:230)
	at org.apache.zookeeper.common.ZKHostnameVerifier.verify(ZKHostnameVerifier.java:171)
	at org.apache.zookeeper.common.ZKTrustManager.performHostVerification(ZKTrustManager.java:159)
	... 28 more
2020-06-22 14:14:06,625 [myid:3] - WARN  [QuorumConnectionThread-[myid=3]-2:QuorumCnxManager@400] - Cannot open channel to 2 at election address /127.0.0.1:30165
java.net.SocketException: Software caused connection abort: socket write error
	at java.net.SocketOutputStream.socketWrite0(Native Method)
	at java.net.SocketOutputStream.socketWrite(SocketOutputStream.java:111)
	at java.net.SocketOutputStream.write(SocketOutputStream.java:155)
	at sun.security.ssl.OutputRecord.writeBuffer(OutputRecord.java:431)
	at sun.security.ssl.OutputRecord.write(OutputRecord.java:417)
	at sun.security.ssl.SSLSocketImpl.writeRecordInternal(SSLSocketImpl.java:894)
	at sun.security.ssl.SSLSocketImpl.writeRecord(SSLSocketImpl.java:865)
	at sun.security.ssl.SSLSocketImpl.writeRecord(SSLSocketImpl.java:735)
	at sun.security.ssl.Handshaker.sendChangeCipherSpec(Handshaker.java:1189)
	at sun.security.ssl.ClientHandshaker.sendChangeCipherAndFinish(ClientHandshaker.java:1323)
	at sun.security.ssl.ClientHandshaker.serverHelloDone(ClientHandshaker.java:1233)
	at sun.security.ssl.ClientHandshaker.processMessage(ClientHandshaker.java:372)
	at sun.security.ssl.Handshaker.processLoop(Handshaker.java:1082)
	at sun.security.ssl.Handshaker.process_record(Handshaker.java:1010)
	at sun.security.ssl.SSLSocketImpl.readRecord(SSLSocketImpl.java:1079)
	at sun.security.ssl.SSLSocketImpl.performInitialHandshake(SSLSocketImpl.java:1388)
	at sun.security.ssl.SSLSocketImpl.startHandshake(SSLSocketImpl.java:1416)
	at sun.security.ssl.SSLSocketImpl.startHandshake(SSLSocketImpl.java:1400)
	at org.apache.zookeeper.server.quorum.QuorumCnxManager.initiateConnection(QuorumCnxManager.java:386)
	at org.apache.zookeeper.server.quorum.QuorumCnxManager$QuorumConnectionReqThread.run(QuorumCnxManager.java:457)
	at java.util.concurrent.ThreadPoolExecutor.runWorker(ThreadPoolExecutor.java:1149)
	at java.util.concurrent.ThreadPoolExecutor$Worker.run(ThreadPoolExecutor.java:624)
	at java.lang.Thread.run(Thread.java:748)
2020-06-22 14:14:06,626 [myid:3] - WARN  [QuorumConnectionThread-[myid=3]-3:QuorumCnxManager@400] - Cannot open channel to 1 at election address /127.0.0.1:30164
java.net.SocketException: Software caused connection abort: socket write error
	at java.net.SocketOutputStream.socketWrite0(Native Method)
	at java.net.SocketOutputStream.socketWrite(SocketOutputStream.java:111)
	at java.net.SocketOutputStream.write(SocketOutputStream.java:155)
	at sun.security.ssl.OutputRecord.writeBuffer(OutputRecord.java:431)
	at sun.security.ssl.OutputRecord.write(OutputRecord.java:417)
	at sun.security.ssl.SSLSocketImpl.writeRecordInternal(SSLSocketImpl.java:894)
	at sun.security.ssl.SSLSocketImpl.writeRecord(SSLSocketImpl.java:865)
	at sun.security.ssl.SSLSocketImpl.writeRecord(SSLSocketImpl.java:735)
	at sun.security.ssl.Handshaker.sendChangeCipherSpec(Handshaker.java:1189)
	at sun.security.ssl.ClientHandshaker.sendChangeCipherAndFinish(ClientHandshaker.java:1323)
	at sun.security.ssl.ClientHandshaker.serverHelloDone(ClientHandshaker.java:1233)
	at sun.security.ssl.ClientHandshaker.processMessage(ClientHandshaker.java:372)
	at sun.security.ssl.Handshaker.processLoop(Handshaker.java:1082)
	at sun.security.ssl.Handshaker.process_record(Handshaker.java:1010)
	at sun.security.ssl.SSLSocketImpl.readRecord(SSLSocketImpl.java:1079)
	at sun.security.ssl.SSLSocketImpl.performInitialHandshake(SSLSocketImpl.java:1388)
	at sun.security.ssl.SSLSocketImpl.startHandshake(SSLSocketImpl.java:1416)
	at sun.security.ssl.SSLSocketImpl.startHandshake(SSLSocketImpl.java:1400)
	at org.apache.zookeeper.server.quorum.QuorumCnxManager.initiateConnection(QuorumCnxManager.java:386)
	at org.apache.zookeeper.server.quorum.QuorumCnxManager$QuorumConnectionReqThread.run(QuorumCnxManager.java:457)
	at java.util.concurrent.ThreadPoolExecutor.runWorker(ThreadPoolExecutor.java:1149)
	at java.util.concurrent.ThreadPoolExecutor$Worker.run(ThreadPoolExecutor.java:624)
	at java.lang.Thread.run(Thread.java:748)
2020-06-22 14:14:06,629 [myid:] - INFO  [Time-limited test:FourLetterWordMain@93] - connecting to 127.0.0.1 30160
2020-06-22 14:14:06,630 [myid:3] - INFO  [nioEventLoopGroup-136-6:NettyServerCnxn@285] - Processing stat command from /127.0.0.1:59359
2020-06-22 14:14:06,881 [myid:] - INFO  [Time-limited test:FourLetterWordMain@93] - connecting to 127.0.0.1 30160
2020-06-22 14:14:06,882 [myid:3] - INFO  [nioEventLoopGroup-136-7:NettyServerCnxn@285] - Processing stat command from /127.0.0.1:59362
2020-06-22 14:14:07,132 [myid:] - INFO  [Time-limited test:FourLetterWordMain@93] - connecting to 127.0.0.1 30160
2020-06-22 14:14:07,133 [myid:3] - INFO  [nioEventLoopGroup-136-8:NettyServerCnxn@285] - Processing stat command from /127.0.0.1:59365
2020-06-22 14:14:07,384 [myid:] - INFO  [Time-limited test:FourLetterWordMain@93] - connecting to 127.0.0.1 30160
2020-06-22 14:14:07,385 [myid:3] - INFO  [nioEventLoopGroup-136-9:NettyServerCnxn@285] - Processing stat command from /127.0.0.1:59382
2020-06-22 14:14:07,636 [myid:] - INFO  [Time-limited test:FourLetterWordMain@93] - connecting to 127.0.0.1 30160
2020-06-22 14:14:07,637 [myid:3] - INFO  [nioEventLoopGroup-136-10:NettyServerCnxn@285] - Processing stat command from /127.0.0.1:59393
2020-06-22 14:14:07,887 [myid:] - INFO  [Time-limited test:FourLetterWordMain@93] - connecting to 127.0.0.1 30160
2020-06-22 14:14:07,888 [myid:3] - INFO  [nioEventLoopGroup-136-11:NettyServerCnxn@285] - Processing stat command from /127.0.0.1:59394
2020-06-22 14:14:08,139 [myid:] - INFO  [Time-limited test:FourLetterWordMain@93] - connecting to 127.0.0.1 30160
2020-06-22 14:14:08,139 [myid:3] - INFO  [nioEventLoopGroup-136-12:NettyServerCnxn@285] - Processing stat command from /127.0.0.1:59408
2020-06-22 14:14:08,169 [myid:3] - INFO  [QuorumPeer[myid=3](plain=[0:0:0:0:0:0:0:0]:30160)(secure=disabled):FastLeaderElection@979] - Notification time out: 3200
2020-06-22 14:14:08,169 [myid:1] - INFO  [ListenerHandler-/127.0.0.1:30164:QuorumCnxManager$Listener$ListenerHandler@1070] - Received connection request from /127.0.0.1:59412
2020-06-22 14:14:08,169 [myid:2] - INFO  [ListenerHandler-/127.0.0.1:30165:QuorumCnxManager$Listener$ListenerHandler@1070] - Received connection request from /127.0.0.1:59413
2020-06-22 14:14:08,196 [myid:2] - ERROR [ListenerHandler-/127.0.0.1:30165:ZKTrustManager@161] - Failed to verify host address: 127.0.0.1
javax.net.ssl.SSLPeerUnverifiedException: Certificate for <127.0.0.1> doesn't match any of the subject alternative names: [localhost]
	at org.apache.zookeeper.common.ZKHostnameVerifier.matchIPAddress(ZKHostnameVerifier.java:197)
	at org.apache.zookeeper.common.ZKHostnameVerifier.verify(ZKHostnameVerifier.java:165)
	at org.apache.zookeeper.common.ZKTrustManager.performHostVerification(ZKTrustManager.java:151)
	at org.apache.zookeeper.common.ZKTrustManager.checkClientTrusted(ZKTrustManager.java:79)
	at sun.security.ssl.ServerHandshaker.clientCertificate(ServerHandshaker.java:2037)
	at sun.security.ssl.ServerHandshaker.processMessage(ServerHandshaker.java:233)
	at sun.security.ssl.Handshaker.processLoop(Handshaker.java:1082)
	at sun.security.ssl.Handshaker.process_record(Handshaker.java:1010)
	at sun.security.ssl.SSLSocketImpl.readRecord(SSLSocketImpl.java:1079)
	at sun.security.ssl.SSLSocketImpl.performInitialHandshake(SSLSocketImpl.java:1388)
	at sun.security.ssl.SSLSocketImpl.startHandshake(SSLSocketImpl.java:1416)
	at sun.security.ssl.SSLSocketImpl.getSession(SSLSocketImpl.java:2309)
	at org.apache.zookeeper.server.quorum.UnifiedServerSocket$UnifiedSocket.detectMode(UnifiedServerSocket.java:269)
	at org.apache.zookeeper.server.quorum.UnifiedServerSocket$UnifiedSocket.getSocket(UnifiedServerSocket.java:298)
	at org.apache.zookeeper.server.quorum.UnifiedServerSocket$UnifiedSocket.access$400(UnifiedServerSocket.java:172)
	at org.apache.zookeeper.server.quorum.UnifiedServerSocket$UnifiedInputStream.getRealInputStream(UnifiedServerSocket.java:699)
	at org.apache.zookeeper.server.quorum.UnifiedServerSocket$UnifiedInputStream.read(UnifiedServerSocket.java:693)
	at java.io.BufferedInputStream.fill(BufferedInputStream.java:246)
	at java.io.BufferedInputStream.read1(BufferedInputStream.java:286)
	at java.io.BufferedInputStream.read(BufferedInputStream.java:345)
	at java.io.DataInputStream.readFully(DataInputStream.java:195)
	at java.io.DataInputStream.readLong(DataInputStream.java:416)
	at org.apache.zookeeper.server.quorum.QuorumCnxManager.handleConnection(QuorumCnxManager.java:601)
	at org.apache.zookeeper.server.quorum.QuorumCnxManager.receiveConnection(QuorumCnxManager.java:554)
	at org.apache.zookeeper.server.quorum.QuorumCnxManager$Listener$ListenerHandler.acceptConnections(QuorumCnxManager.java:1079)
	at org.apache.zookeeper.server.quorum.QuorumCnxManager$Listener$ListenerHandler.run(QuorumCnxManager.java:1033)
	at java.util.concurrent.Executors$RunnableAdapter.call(Executors.java:511)
	at java.util.concurrent.FutureTask.run(FutureTask.java:266)
	at java.util.concurrent.ThreadPoolExecutor.runWorker(ThreadPoolExecutor.java:1149)
	at java.util.concurrent.ThreadPoolExecutor$Worker.run(ThreadPoolExecutor.java:624)
	at java.lang.Thread.run(Thread.java:748)
2020-06-22 14:14:08,196 [myid:2] - ERROR [ListenerHandler-/127.0.0.1:30165:ZKTrustManager@162] - Failed to verify hostname: activate.navicat.com
javax.net.ssl.SSLPeerUnverifiedException: Certificate for <activate.navicat.com> doesn't match any of the subject alternative names: [localhost]
	at org.apache.zookeeper.common.ZKHostnameVerifier.matchDNSName(ZKHostnameVerifier.java:230)
	at org.apache.zookeeper.common.ZKHostnameVerifier.verify(ZKHostnameVerifier.java:171)
	at org.apache.zookeeper.common.ZKTrustManager.performHostVerification(ZKTrustManager.java:159)
	at org.apache.zookeeper.common.ZKTrustManager.checkClientTrusted(ZKTrustManager.java:79)
	at sun.security.ssl.ServerHandshaker.clientCertificate(ServerHandshaker.java:2037)
	at sun.security.ssl.ServerHandshaker.processMessage(ServerHandshaker.java:233)
	at sun.security.ssl.Handshaker.processLoop(Handshaker.java:1082)
	at sun.security.ssl.Handshaker.process_record(Handshaker.java:1010)
	at sun.security.ssl.SSLSocketImpl.readRecord(SSLSocketImpl.java:1079)
	at sun.security.ssl.SSLSocketImpl.performInitialHandshake(SSLSocketImpl.java:1388)
	at sun.security.ssl.SSLSocketImpl.startHandshake(SSLSocketImpl.java:1416)
	at sun.security.ssl.SSLSocketImpl.getSession(SSLSocketImpl.java:2309)
	at org.apache.zookeeper.server.quorum.UnifiedServerSocket$UnifiedSocket.detectMode(UnifiedServerSocket.java:269)
	at org.apache.zookeeper.server.quorum.UnifiedServerSocket$UnifiedSocket.getSocket(UnifiedServerSocket.java:298)
	at org.apache.zookeeper.server.quorum.UnifiedServerSocket$UnifiedSocket.access$400(UnifiedServerSocket.java:172)
	at org.apache.zookeeper.server.quorum.UnifiedServerSocket$UnifiedInputStream.getRealInputStream(UnifiedServerSocket.java:699)
	at org.apache.zookeeper.server.quorum.UnifiedServerSocket$UnifiedInputStream.read(UnifiedServerSocket.java:693)
	at java.io.BufferedInputStream.fill(BufferedInputStream.java:246)
	at java.io.BufferedInputStream.read1(BufferedInputStream.java:286)
	at java.io.BufferedInputStream.read(BufferedInputStream.java:345)
	at java.io.DataInputStream.readFully(DataInputStream.java:195)
	at java.io.DataInputStream.readLong(DataInputStream.java:416)
	at org.apache.zookeeper.server.quorum.QuorumCnxManager.handleConnection(QuorumCnxManager.java:601)
	at org.apache.zookeeper.server.quorum.QuorumCnxManager.receiveConnection(QuorumCnxManager.java:554)
	at org.apache.zookeeper.server.quorum.QuorumCnxManager$Listener$ListenerHandler.acceptConnections(QuorumCnxManager.java:1079)
	at org.apache.zookeeper.server.quorum.QuorumCnxManager$Listener$ListenerHandler.run(QuorumCnxManager.java:1033)
	at java.util.concurrent.Executors$RunnableAdapter.call(Executors.java:511)
	at java.util.concurrent.FutureTask.run(FutureTask.java:266)
	at java.util.concurrent.ThreadPoolExecutor.runWorker(ThreadPoolExecutor.java:1149)
	at java.util.concurrent.ThreadPoolExecutor$Worker.run(ThreadPoolExecutor.java:624)
	at java.lang.Thread.run(Thread.java:748)
2020-06-22 14:14:08,196 [myid:2] - INFO  [ListenerHandler-/127.0.0.1:30165:UnifiedServerSocket$UnifiedSocket@266] - Accepted TLS connection from activate.navicat.com/127.0.0.1:59413 - NONE - SSL_NULL_WITH_NULL_NULL
2020-06-22 14:14:08,196 [myid:2] - WARN  [ListenerHandler-/127.0.0.1:30165:QuorumCnxManager@629] - Exception reading or writing challenge
javax.net.ssl.SSLException: Connection has been shutdown: javax.net.ssl.SSLHandshakeException: java.security.cert.CertificateException: Failed to verify both host address and host name
	at sun.security.ssl.SSLSocketImpl.checkEOF(SSLSocketImpl.java:1554)
	at sun.security.ssl.AppInputStream.read(AppInputStream.java:95)
	at org.apache.zookeeper.server.quorum.UnifiedServerSocket$UnifiedInputStream.read(UnifiedServerSocket.java:693)
	at java.io.BufferedInputStream.fill(BufferedInputStream.java:246)
	at java.io.BufferedInputStream.read1(BufferedInputStream.java:286)
	at java.io.BufferedInputStream.read(BufferedInputStream.java:345)
	at java.io.DataInputStream.readFully(DataInputStream.java:195)
	at java.io.DataInputStream.readLong(DataInputStream.java:416)
	at org.apache.zookeeper.server.quorum.QuorumCnxManager.handleConnection(QuorumCnxManager.java:601)
	at org.apache.zookeeper.server.quorum.QuorumCnxManager.receiveConnection(QuorumCnxManager.java:554)
	at org.apache.zookeeper.server.quorum.QuorumCnxManager$Listener$ListenerHandler.acceptConnections(QuorumCnxManager.java:1079)
	at org.apache.zookeeper.server.quorum.QuorumCnxManager$Listener$ListenerHandler.run(QuorumCnxManager.java:1033)
	at java.util.concurrent.Executors$RunnableAdapter.call(Executors.java:511)
	at java.util.concurrent.FutureTask.run(FutureTask.java:266)
	at java.util.concurrent.ThreadPoolExecutor.runWorker(ThreadPoolExecutor.java:1149)
	at java.util.concurrent.ThreadPoolExecutor$Worker.run(ThreadPoolExecutor.java:624)
	at java.lang.Thread.run(Thread.java:748)
Caused by: javax.net.ssl.SSLHandshakeException: java.security.cert.CertificateException: Failed to verify both host address and host name
	at sun.security.ssl.Alerts.getSSLException(Alerts.java:198)
	at sun.security.ssl.SSLSocketImpl.fatal(SSLSocketImpl.java:1967)
	at sun.security.ssl.Handshaker.fatalSE(Handshaker.java:331)
	at sun.security.ssl.Handshaker.fatalSE(Handshaker.java:325)
	at sun.security.ssl.ServerHandshaker.clientCertificate(ServerHandshaker.java:2055)
	at sun.security.ssl.ServerHandshaker.processMessage(ServerHandshaker.java:233)
	at sun.security.ssl.Handshaker.processLoop(Handshaker.java:1082)
	at sun.security.ssl.Handshaker.process_record(Handshaker.java:1010)
	at sun.security.ssl.SSLSocketImpl.readRecord(SSLSocketImpl.java:1079)
	at sun.security.ssl.SSLSocketImpl.performInitialHandshake(SSLSocketImpl.java:1388)
	at sun.security.ssl.SSLSocketImpl.startHandshake(SSLSocketImpl.java:1416)
	at sun.security.ssl.SSLSocketImpl.getSession(SSLSocketImpl.java:2309)
	at org.apache.zookeeper.server.quorum.UnifiedServerSocket$UnifiedSocket.detectMode(UnifiedServerSocket.java:269)
	at org.apache.zookeeper.server.quorum.UnifiedServerSocket$UnifiedSocket.getSocket(UnifiedServerSocket.java:298)
	at org.apache.zookeeper.server.quorum.UnifiedServerSocket$UnifiedSocket.access$400(UnifiedServerSocket.java:172)
	at org.apache.zookeeper.server.quorum.UnifiedServerSocket$UnifiedInputStream.getRealInputStream(UnifiedServerSocket.java:699)
	... 15 more
Caused by: java.security.cert.CertificateException: Failed to verify both host address and host name
	at org.apache.zookeeper.common.ZKTrustManager.performHostVerification(ZKTrustManager.java:163)
	at org.apache.zookeeper.common.ZKTrustManager.checkClientTrusted(ZKTrustManager.java:79)
	at sun.security.ssl.ServerHandshaker.clientCertificate(ServerHandshaker.java:2037)
	... 26 more
Caused by: javax.net.ssl.SSLPeerUnverifiedException: Certificate for <activate.navicat.com> doesn't match any of the subject alternative names: [localhost]
	at org.apache.zookeeper.common.ZKHostnameVerifier.matchDNSName(ZKHostnameVerifier.java:230)
	at org.apache.zookeeper.common.ZKHostnameVerifier.verify(ZKHostnameVerifier.java:171)
	at org.apache.zookeeper.common.ZKTrustManager.performHostVerification(ZKTrustManager.java:159)
	... 28 more
2020-06-22 14:14:08,199 [myid:1] - ERROR [ListenerHandler-/127.0.0.1:30164:ZKTrustManager@161] - Failed to verify host address: 127.0.0.1
javax.net.ssl.SSLPeerUnverifiedException: Certificate for <127.0.0.1> doesn't match any of the subject alternative names: [localhost]
	at org.apache.zookeeper.common.ZKHostnameVerifier.matchIPAddress(ZKHostnameVerifier.java:197)
	at org.apache.zookeeper.common.ZKHostnameVerifier.verify(ZKHostnameVerifier.java:165)
	at org.apache.zookeeper.common.ZKTrustManager.performHostVerification(ZKTrustManager.java:151)
	at org.apache.zookeeper.common.ZKTrustManager.checkClientTrusted(ZKTrustManager.java:79)
	at sun.security.ssl.ServerHandshaker.clientCertificate(ServerHandshaker.java:2037)
	at sun.security.ssl.ServerHandshaker.processMessage(ServerHandshaker.java:233)
	at sun.security.ssl.Handshaker.processLoop(Handshaker.java:1082)
	at sun.security.ssl.Handshaker.process_record(Handshaker.java:1010)
	at sun.security.ssl.SSLSocketImpl.readRecord(SSLSocketImpl.java:1079)
	at sun.security.ssl.SSLSocketImpl.performInitialHandshake(SSLSocketImpl.java:1388)
	at sun.security.ssl.SSLSocketImpl.startHandshake(SSLSocketImpl.java:1416)
	at sun.security.ssl.SSLSocketImpl.getSession(SSLSocketImpl.java:2309)
	at org.apache.zookeeper.server.quorum.UnifiedServerSocket$UnifiedSocket.detectMode(UnifiedServerSocket.java:269)
	at org.apache.zookeeper.server.quorum.UnifiedServerSocket$UnifiedSocket.getSocket(UnifiedServerSocket.java:298)
	at org.apache.zookeeper.server.quorum.UnifiedServerSocket$UnifiedSocket.access$400(UnifiedServerSocket.java:172)
	at org.apache.zookeeper.server.quorum.UnifiedServerSocket$UnifiedInputStream.getRealInputStream(UnifiedServerSocket.java:699)
	at org.apache.zookeeper.server.quorum.UnifiedServerSocket$UnifiedInputStream.read(UnifiedServerSocket.java:693)
	at java.io.BufferedInputStream.fill(BufferedInputStream.java:246)
	at java.io.BufferedInputStream.read1(BufferedInputStream.java:286)
	at java.io.BufferedInputStream.read(BufferedInputStream.java:345)
	at java.io.DataInputStream.readFully(DataInputStream.java:195)
	at java.io.DataInputStream.readLong(DataInputStream.java:416)
	at org.apache.zookeeper.server.quorum.QuorumCnxManager.handleConnection(QuorumCnxManager.java:601)
	at org.apache.zookeeper.server.quorum.QuorumCnxManager.receiveConnection(QuorumCnxManager.java:554)
	at org.apache.zookeeper.server.quorum.QuorumCnxManager$Listener$ListenerHandler.acceptConnections(QuorumCnxManager.java:1079)
	at org.apache.zookeeper.server.quorum.QuorumCnxManager$Listener$ListenerHandler.run(QuorumCnxManager.java:1033)
	at java.util.concurrent.Executors$RunnableAdapter.call(Executors.java:511)
	at java.util.concurrent.FutureTask.run(FutureTask.java:266)
	at java.util.concurrent.ThreadPoolExecutor.runWorker(ThreadPoolExecutor.java:1149)
	at java.util.concurrent.ThreadPoolExecutor$Worker.run(ThreadPoolExecutor.java:624)
	at java.lang.Thread.run(Thread.java:748)
2020-06-22 14:14:08,199 [myid:1] - ERROR [ListenerHandler-/127.0.0.1:30164:ZKTrustManager@162] - Failed to verify hostname: activate.navicat.com
javax.net.ssl.SSLPeerUnverifiedException: Certificate for <activate.navicat.com> doesn't match any of the subject alternative names: [localhost]
	at org.apache.zookeeper.common.ZKHostnameVerifier.matchDNSName(ZKHostnameVerifier.java:230)
	at org.apache.zookeeper.common.ZKHostnameVerifier.verify(ZKHostnameVerifier.java:171)
	at org.apache.zookeeper.common.ZKTrustManager.performHostVerification(ZKTrustManager.java:159)
	at org.apache.zookeeper.common.ZKTrustManager.checkClientTrusted(ZKTrustManager.java:79)
	at sun.security.ssl.ServerHandshaker.clientCertificate(ServerHandshaker.java:2037)
	at sun.security.ssl.ServerHandshaker.processMessage(ServerHandshaker.java:233)
	at sun.security.ssl.Handshaker.processLoop(Handshaker.java:1082)
	at sun.security.ssl.Handshaker.process_record(Handshaker.java:1010)
	at sun.security.ssl.SSLSocketImpl.readRecord(SSLSocketImpl.java:1079)
	at sun.security.ssl.SSLSocketImpl.performInitialHandshake(SSLSocketImpl.java:1388)
	at sun.security.ssl.SSLSocketImpl.startHandshake(SSLSocketImpl.java:1416)
	at sun.security.ssl.SSLSocketImpl.getSession(SSLSocketImpl.java:2309)
	at org.apache.zookeeper.server.quorum.UnifiedServerSocket$UnifiedSocket.detectMode(UnifiedServerSocket.java:269)
	at org.apache.zookeeper.server.quorum.UnifiedServerSocket$UnifiedSocket.getSocket(UnifiedServerSocket.java:298)
	at org.apache.zookeeper.server.quorum.UnifiedServerSocket$UnifiedSocket.access$400(UnifiedServerSocket.java:172)
	at org.apache.zookeeper.server.quorum.UnifiedServerSocket$UnifiedInputStream.getRealInputStream(UnifiedServerSocket.java:699)
	at org.apache.zookeeper.server.quorum.UnifiedServerSocket$UnifiedInputStream.read(UnifiedServerSocket.java:693)
	at java.io.BufferedInputStream.fill(BufferedInputStream.java:246)
	at java.io.BufferedInputStream.read1(BufferedInputStream.java:286)
	at java.io.BufferedInputStream.read(BufferedInputStream.java:345)
	at java.io.DataInputStream.readFully(DataInputStream.java:195)
	at java.io.DataInputStream.readLong(DataInputStream.java:416)
	at org.apache.zookeeper.server.quorum.QuorumCnxManager.handleConnection(QuorumCnxManager.java:601)
	at org.apache.zookeeper.server.quorum.QuorumCnxManager.receiveConnection(QuorumCnxManager.java:554)
	at org.apache.zookeeper.server.quorum.QuorumCnxManager$Listener$ListenerHandler.acceptConnections(QuorumCnxManager.java:1079)
	at org.apache.zookeeper.server.quorum.QuorumCnxManager$Listener$ListenerHandler.run(QuorumCnxManager.java:1033)
	at java.util.concurrent.Executors$RunnableAdapter.call(Executors.java:511)
	at java.util.concurrent.FutureTask.run(FutureTask.java:266)
	at java.util.concurrent.ThreadPoolExecutor.runWorker(ThreadPoolExecutor.java:1149)
	at java.util.concurrent.ThreadPoolExecutor$Worker.run(ThreadPoolExecutor.java:624)
	at java.lang.Thread.run(Thread.java:748)
2020-06-22 14:14:08,199 [myid:1] - INFO  [ListenerHandler-/127.0.0.1:30164:UnifiedServerSocket$UnifiedSocket@266] - Accepted TLS connection from activate.navicat.com/127.0.0.1:59412 - NONE - SSL_NULL_WITH_NULL_NULL
2020-06-22 14:14:08,200 [myid:1] - WARN  [ListenerHandler-/127.0.0.1:30164:QuorumCnxManager@629] - Exception reading or writing challenge
javax.net.ssl.SSLException: Connection has been shutdown: javax.net.ssl.SSLHandshakeException: java.security.cert.CertificateException: Failed to verify both host address and host name
	at sun.security.ssl.SSLSocketImpl.checkEOF(SSLSocketImpl.java:1554)
	at sun.security.ssl.AppInputStream.read(AppInputStream.java:95)
	at org.apache.zookeeper.server.quorum.UnifiedServerSocket$UnifiedInputStream.read(UnifiedServerSocket.java:693)
	at java.io.BufferedInputStream.fill(BufferedInputStream.java:246)
	at java.io.BufferedInputStream.read1(BufferedInputStream.java:286)
	at java.io.BufferedInputStream.read(BufferedInputStream.java:345)
	at java.io.DataInputStream.readFully(DataInputStream.java:195)
	at java.io.DataInputStream.readLong(DataInputStream.java:416)
	at org.apache.zookeeper.server.quorum.QuorumCnxManager.handleConnection(QuorumCnxManager.java:601)
	at org.apache.zookeeper.server.quorum.QuorumCnxManager.receiveConnection(QuorumCnxManager.java:554)
	at org.apache.zookeeper.server.quorum.QuorumCnxManager$Listener$ListenerHandler.acceptConnections(QuorumCnxManager.java:1079)
	at org.apache.zookeeper.server.quorum.QuorumCnxManager$Listener$ListenerHandler.run(QuorumCnxManager.java:1033)
	at java.util.concurrent.Executors$RunnableAdapter.call(Executors.java:511)
	at java.util.concurrent.FutureTask.run(FutureTask.java:266)
	at java.util.concurrent.ThreadPoolExecutor.runWorker(ThreadPoolExecutor.java:1149)
	at java.util.concurrent.ThreadPoolExecutor$Worker.run(ThreadPoolExecutor.java:624)
	at java.lang.Thread.run(Thread.java:748)
Caused by: javax.net.ssl.SSLHandshakeException: java.security.cert.CertificateException: Failed to verify both host address and host name
	at sun.security.ssl.Alerts.getSSLException(Alerts.java:198)
	at sun.security.ssl.SSLSocketImpl.fatal(SSLSocketImpl.java:1967)
	at sun.security.ssl.Handshaker.fatalSE(Handshaker.java:331)
	at sun.security.ssl.Handshaker.fatalSE(Handshaker.java:325)
	at sun.security.ssl.ServerHandshaker.clientCertificate(ServerHandshaker.java:2055)
	at sun.security.ssl.ServerHandshaker.processMessage(ServerHandshaker.java:233)
	at sun.security.ssl.Handshaker.processLoop(Handshaker.java:1082)
	at sun.security.ssl.Handshaker.process_record(Handshaker.java:1010)
	at sun.security.ssl.SSLSocketImpl.readRecord(SSLSocketImpl.java:1079)
	at sun.security.ssl.SSLSocketImpl.performInitialHandshake(SSLSocketImpl.java:1388)
	at sun.security.ssl.SSLSocketImpl.startHandshake(SSLSocketImpl.java:1416)
	at sun.security.ssl.SSLSocketImpl.getSession(SSLSocketImpl.java:2309)
	at org.apache.zookeeper.server.quorum.UnifiedServerSocket$UnifiedSocket.detectMode(UnifiedServerSocket.java:269)
	at org.apache.zookeeper.server.quorum.UnifiedServerSocket$UnifiedSocket.getSocket(UnifiedServerSocket.java:298)
	at org.apache.zookeeper.server.quorum.UnifiedServerSocket$UnifiedSocket.access$400(UnifiedServerSocket.java:172)
	at org.apache.zookeeper.server.quorum.UnifiedServerSocket$UnifiedInputStream.getRealInputStream(UnifiedServerSocket.java:699)
	... 15 more
Caused by: java.security.cert.CertificateException: Failed to verify both host address and host name
	at org.apache.zookeeper.common.ZKTrustManager.performHostVerification(ZKTrustManager.java:163)
	at org.apache.zookeeper.common.ZKTrustManager.checkClientTrusted(ZKTrustManager.java:79)
	at sun.security.ssl.ServerHandshaker.clientCertificate(ServerHandshaker.java:2037)
	... 26 more
Caused by: javax.net.ssl.SSLPeerUnverifiedException: Certificate for <activate.navicat.com> doesn't match any of the subject alternative names: [localhost]
	at org.apache.zookeeper.common.ZKHostnameVerifier.matchDNSName(ZKHostnameVerifier.java:230)
	at org.apache.zookeeper.common.ZKHostnameVerifier.verify(ZKHostnameVerifier.java:171)
	at org.apache.zookeeper.common.ZKTrustManager.performHostVerification(ZKTrustManager.java:159)
	... 28 more
2020-06-22 14:14:08,223 [myid:3] - WARN  [QuorumConnectionThread-[myid=3]-2:QuorumCnxManager@400] - Cannot open channel to 2 at election address /127.0.0.1:30165
java.net.SocketException: Software caused connection abort: socket write error
	at java.net.SocketOutputStream.socketWrite0(Native Method)
	at java.net.SocketOutputStream.socketWrite(SocketOutputStream.java:111)
	at java.net.SocketOutputStream.write(SocketOutputStream.java:155)
	at sun.security.ssl.OutputRecord.writeBuffer(OutputRecord.java:431)
	at sun.security.ssl.OutputRecord.write(OutputRecord.java:417)
	at sun.security.ssl.SSLSocketImpl.writeRecordInternal(SSLSocketImpl.java:894)
	at sun.security.ssl.SSLSocketImpl.writeRecord(SSLSocketImpl.java:865)
	at sun.security.ssl.SSLSocketImpl.writeRecord(SSLSocketImpl.java:735)
	at sun.security.ssl.Handshaker.sendChangeCipherSpec(Handshaker.java:1189)
	at sun.security.ssl.ClientHandshaker.sendChangeCipherAndFinish(ClientHandshaker.java:1323)
	at sun.security.ssl.ClientHandshaker.serverHelloDone(ClientHandshaker.java:1233)
	at sun.security.ssl.ClientHandshaker.processMessage(ClientHandshaker.java:372)
	at sun.security.ssl.Handshaker.processLoop(Handshaker.java:1082)
	at sun.security.ssl.Handshaker.process_record(Handshaker.java:1010)
	at sun.security.ssl.SSLSocketImpl.readRecord(SSLSocketImpl.java:1079)
	at sun.security.ssl.SSLSocketImpl.performInitialHandshake(SSLSocketImpl.java:1388)
	at sun.security.ssl.SSLSocketImpl.startHandshake(SSLSocketImpl.java:1416)
	at sun.security.ssl.SSLSocketImpl.startHandshake(SSLSocketImpl.java:1400)
	at org.apache.zookeeper.server.quorum.QuorumCnxManager.initiateConnection(QuorumCnxManager.java:386)
	at org.apache.zookeeper.server.quorum.QuorumCnxManager$QuorumConnectionReqThread.run(QuorumCnxManager.java:457)
	at java.util.concurrent.ThreadPoolExecutor.runWorker(ThreadPoolExecutor.java:1149)
	at java.util.concurrent.ThreadPoolExecutor$Worker.run(ThreadPoolExecutor.java:624)
	at java.lang.Thread.run(Thread.java:748)
2020-06-22 14:14:08,226 [myid:3] - WARN  [QuorumConnectionThread-[myid=3]-3:QuorumCnxManager@400] - Cannot open channel to 1 at election address /127.0.0.1:30164
java.net.SocketException: Software caused connection abort: socket write error
	at java.net.SocketOutputStream.socketWrite0(Native Method)
	at java.net.SocketOutputStream.socketWrite(SocketOutputStream.java:111)
	at java.net.SocketOutputStream.write(SocketOutputStream.java:155)
	at sun.security.ssl.OutputRecord.writeBuffer(OutputRecord.java:431)
	at sun.security.ssl.OutputRecord.write(OutputRecord.java:417)
	at sun.security.ssl.SSLSocketImpl.writeRecordInternal(SSLSocketImpl.java:894)
	at sun.security.ssl.SSLSocketImpl.writeRecord(SSLSocketImpl.java:865)
	at sun.security.ssl.SSLSocketImpl.writeRecord(SSLSocketImpl.java:735)
	at sun.security.ssl.Handshaker.sendChangeCipherSpec(Handshaker.java:1189)
	at sun.security.ssl.ClientHandshaker.sendChangeCipherAndFinish(ClientHandshaker.java:1323)
	at sun.security.ssl.ClientHandshaker.serverHelloDone(ClientHandshaker.java:1233)
	at sun.security.ssl.ClientHandshaker.processMessage(ClientHandshaker.java:372)
	at sun.security.ssl.Handshaker.processLoop(Handshaker.java:1082)
	at sun.security.ssl.Handshaker.process_record(Handshaker.java:1010)
	at sun.security.ssl.SSLSocketImpl.readRecord(SSLSocketImpl.java:1079)
	at sun.security.ssl.SSLSocketImpl.performInitialHandshake(SSLSocketImpl.java:1388)
	at sun.security.ssl.SSLSocketImpl.startHandshake(SSLSocketImpl.java:1416)
	at sun.security.ssl.SSLSocketImpl.startHandshake(SSLSocketImpl.java:1400)
	at org.apache.zookeeper.server.quorum.QuorumCnxManager.initiateConnection(QuorumCnxManager.java:386)
	at org.apache.zookeeper.server.quorum.QuorumCnxManager$QuorumConnectionReqThread.run(QuorumCnxManager.java:457)
	at java.util.concurrent.ThreadPoolExecutor.runWorker(ThreadPoolExecutor.java:1149)
	at java.util.concurrent.ThreadPoolExecutor$Worker.run(ThreadPoolExecutor.java:624)
	at java.lang.Thread.run(Thread.java:748)
2020-06-22 14:14:08,390 [myid:] - INFO  [Time-limited test:FourLetterWordMain@93] - connecting to 127.0.0.1 30160
2020-06-22 14:14:08,391 [myid:3] - INFO  [nioEventLoopGroup-136-13:NettyServerCnxn@285] - Processing stat command from /127.0.0.1:59416
2020-06-22 14:14:08,641 [myid:] - INFO  [Time-limited test:FourLetterWordMain@93] - connecting to 127.0.0.1 30160
2020-06-22 14:14:08,642 [myid:3] - INFO  [nioEventLoopGroup-136-14:NettyServerCnxn@285] - Processing stat command from /127.0.0.1:59418
2020-06-22 14:14:08,893 [myid:] - INFO  [Time-limited test:FourLetterWordMain@93] - connecting to 127.0.0.1 30160
2020-06-22 14:14:08,894 [myid:3] - INFO  [nioEventLoopGroup-136-15:NettyServerCnxn@285] - Processing stat command from /127.0.0.1:59435
2020-06-22 14:14:09,144 [myid:] - INFO  [Time-limited test:FourLetterWordMain@93] - connecting to 127.0.0.1 30160
2020-06-22 14:14:09,145 [myid:3] - INFO  [nioEventLoopGroup-136-16:NettyServerCnxn@285] - Processing stat command from /127.0.0.1:59441
2020-06-22 14:14:09,396 [myid:] - INFO  [Time-limited test:FourLetterWordMain@93] - connecting to 127.0.0.1 30160
2020-06-22 14:14:09,396 [myid:3] - INFO  [nioEventLoopGroup-136-1:NettyServerCnxn@285] - Processing stat command from /127.0.0.1:59453
2020-06-22 14:14:09,647 [myid:] - INFO  [Time-limited test:FourLetterWordMain@93] - connecting to 127.0.0.1 30160
2020-06-22 14:14:09,647 [myid:3] - INFO  [nioEventLoopGroup-136-2:NettyServerCnxn@285] - Processing stat command from /127.0.0.1:59457
2020-06-22 14:14:09,898 [myid:] - INFO  [Time-limited test:FourLetterWordMain@93] - connecting to 127.0.0.1 30160
2020-06-22 14:14:09,899 [myid:3] - INFO  [nioEventLoopGroup-136-3:NettyServerCnxn@285] - Processing stat command from /127.0.0.1:59458
2020-06-22 14:14:10,150 [myid:] - INFO  [Time-limited test:FourLetterWordMain@93] - connecting to 127.0.0.1 30160
2020-06-22 14:14:10,150 [myid:3] - INFO  [nioEventLoopGroup-136-4:NettyServerCnxn@285] - Processing stat command from /127.0.0.1:59459
2020-06-22 14:14:10,401 [myid:] - INFO  [Time-limited test:FourLetterWordMain@93] - connecting to 127.0.0.1 30160
2020-06-22 14:14:10,401 [myid:3] - INFO  [nioEventLoopGroup-136-5:NettyServerCnxn@285] - Processing stat command from /127.0.0.1:59478
2020-06-22 14:14:10,651 [myid:] - INFO  [Time-limited test:FourLetterWordMain@93] - connecting to 127.0.0.1 30160
2020-06-22 14:14:10,652 [myid:3] - INFO  [nioEventLoopGroup-136-6:NettyServerCnxn@285] - Processing stat command from /127.0.0.1:59479
2020-06-22 14:14:10,903 [myid:] - INFO  [Time-limited test:FourLetterWordMain@93] - connecting to 127.0.0.1 30160
2020-06-22 14:14:10,903 [myid:3] - INFO  [nioEventLoopGroup-136-7:NettyServerCnxn@285] - Processing stat command from /127.0.0.1:59480
2020-06-22 14:14:11,154 [myid:] - INFO  [Time-limited test:FourLetterWordMain@93] - connecting to 127.0.0.1 30160
2020-06-22 14:14:11,154 [myid:3] - INFO  [nioEventLoopGroup-136-8:NettyServerCnxn@285] - Processing stat command from /127.0.0.1:59505
2020-06-22 14:14:11,369 [myid:3] - INFO  [QuorumPeer[myid=3](plain=[0:0:0:0:0:0:0:0]:30160)(secure=disabled):FastLeaderElection@979] - Notification time out: 6400
2020-06-22 14:14:11,369 [myid:2] - INFO  [ListenerHandler-/127.0.0.1:30165:QuorumCnxManager$Listener$ListenerHandler@1070] - Received connection request from /127.0.0.1:59511
2020-06-22 14:14:11,369 [myid:1] - INFO  [ListenerHandler-/127.0.0.1:30164:QuorumCnxManager$Listener$ListenerHandler@1070] - Received connection request from /127.0.0.1:59512
2020-06-22 14:14:11,393 [myid:2] - ERROR [ListenerHandler-/127.0.0.1:30165:ZKTrustManager@161] - Failed to verify host address: 127.0.0.1
javax.net.ssl.SSLPeerUnverifiedException: Certificate for <127.0.0.1> doesn't match any of the subject alternative names: [localhost]
	at org.apache.zookeeper.common.ZKHostnameVerifier.matchIPAddress(ZKHostnameVerifier.java:197)
	at org.apache.zookeeper.common.ZKHostnameVerifier.verify(ZKHostnameVerifier.java:165)
	at org.apache.zookeeper.common.ZKTrustManager.performHostVerification(ZKTrustManager.java:151)
	at org.apache.zookeeper.common.ZKTrustManager.checkClientTrusted(ZKTrustManager.java:79)
	at sun.security.ssl.ServerHandshaker.clientCertificate(ServerHandshaker.java:2037)
	at sun.security.ssl.ServerHandshaker.processMessage(ServerHandshaker.java:233)
	at sun.security.ssl.Handshaker.processLoop(Handshaker.java:1082)
	at sun.security.ssl.Handshaker.process_record(Handshaker.java:1010)
	at sun.security.ssl.SSLSocketImpl.readRecord(SSLSocketImpl.java:1079)
	at sun.security.ssl.SSLSocketImpl.performInitialHandshake(SSLSocketImpl.java:1388)
	at sun.security.ssl.SSLSocketImpl.startHandshake(SSLSocketImpl.java:1416)
	at sun.security.ssl.SSLSocketImpl.getSession(SSLSocketImpl.java:2309)
	at org.apache.zookeeper.server.quorum.UnifiedServerSocket$UnifiedSocket.detectMode(UnifiedServerSocket.java:269)
	at org.apache.zookeeper.server.quorum.UnifiedServerSocket$UnifiedSocket.getSocket(UnifiedServerSocket.java:298)
	at org.apache.zookeeper.server.quorum.UnifiedServerSocket$UnifiedSocket.access$400(UnifiedServerSocket.java:172)
	at org.apache.zookeeper.server.quorum.UnifiedServerSocket$UnifiedInputStream.getRealInputStream(UnifiedServerSocket.java:699)
	at org.apache.zookeeper.server.quorum.UnifiedServerSocket$UnifiedInputStream.read(UnifiedServerSocket.java:693)
	at java.io.BufferedInputStream.fill(BufferedInputStream.java:246)
	at java.io.BufferedInputStream.read1(BufferedInputStream.java:286)
	at java.io.BufferedInputStream.read(BufferedInputStream.java:345)
	at java.io.DataInputStream.readFully(DataInputStream.java:195)
	at java.io.DataInputStream.readLong(DataInputStream.java:416)
	at org.apache.zookeeper.server.quorum.QuorumCnxManager.handleConnection(QuorumCnxManager.java:601)
	at org.apache.zookeeper.server.quorum.QuorumCnxManager.receiveConnection(QuorumCnxManager.java:554)
	at org.apache.zookeeper.server.quorum.QuorumCnxManager$Listener$ListenerHandler.acceptConnections(QuorumCnxManager.java:1079)
	at org.apache.zookeeper.server.quorum.QuorumCnxManager$Listener$ListenerHandler.run(QuorumCnxManager.java:1033)
	at java.util.concurrent.Executors$RunnableAdapter.call(Executors.java:511)
	at java.util.concurrent.FutureTask.run(FutureTask.java:266)
	at java.util.concurrent.ThreadPoolExecutor.runWorker(ThreadPoolExecutor.java:1149)
	at java.util.concurrent.ThreadPoolExecutor$Worker.run(ThreadPoolExecutor.java:624)
	at java.lang.Thread.run(Thread.java:748)
2020-06-22 14:14:11,393 [myid:2] - ERROR [ListenerHandler-/127.0.0.1:30165:ZKTrustManager@162] - Failed to verify hostname: activate.navicat.com
javax.net.ssl.SSLPeerUnverifiedException: Certificate for <activate.navicat.com> doesn't match any of the subject alternative names: [localhost]
	at org.apache.zookeeper.common.ZKHostnameVerifier.matchDNSName(ZKHostnameVerifier.java:230)
	at org.apache.zookeeper.common.ZKHostnameVerifier.verify(ZKHostnameVerifier.java:171)
	at org.apache.zookeeper.common.ZKTrustManager.performHostVerification(ZKTrustManager.java:159)
	at org.apache.zookeeper.common.ZKTrustManager.checkClientTrusted(ZKTrustManager.java:79)
	at sun.security.ssl.ServerHandshaker.clientCertificate(ServerHandshaker.java:2037)
	at sun.security.ssl.ServerHandshaker.processMessage(ServerHandshaker.java:233)
	at sun.security.ssl.Handshaker.processLoop(Handshaker.java:1082)
	at sun.security.ssl.Handshaker.process_record(Handshaker.java:1010)
	at sun.security.ssl.SSLSocketImpl.readRecord(SSLSocketImpl.java:1079)
	at sun.security.ssl.SSLSocketImpl.performInitialHandshake(SSLSocketImpl.java:1388)
	at sun.security.ssl.SSLSocketImpl.startHandshake(SSLSocketImpl.java:1416)
	at sun.security.ssl.SSLSocketImpl.getSession(SSLSocketImpl.java:2309)
	at org.apache.zookeeper.server.quorum.UnifiedServerSocket$UnifiedSocket.detectMode(UnifiedServerSocket.java:269)
	at org.apache.zookeeper.server.quorum.UnifiedServerSocket$UnifiedSocket.getSocket(UnifiedServerSocket.java:298)
	at org.apache.zookeeper.server.quorum.UnifiedServerSocket$UnifiedSocket.access$400(UnifiedServerSocket.java:172)
	at org.apache.zookeeper.server.quorum.UnifiedServerSocket$UnifiedInputStream.getRealInputStream(UnifiedServerSocket.java:699)
	at org.apache.zookeeper.server.quorum.UnifiedServerSocket$UnifiedInputStream.read(UnifiedServerSocket.java:693)
	at java.io.BufferedInputStream.fill(BufferedInputStream.java:246)
	at java.io.BufferedInputStream.read1(BufferedInputStream.java:286)
	at java.io.BufferedInputStream.read(BufferedInputStream.java:345)
	at java.io.DataInputStream.readFully(DataInputStream.java:195)
	at java.io.DataInputStream.readLong(DataInputStream.java:416)
	at org.apache.zookeeper.server.quorum.QuorumCnxManager.handleConnection(QuorumCnxManager.java:601)
	at org.apache.zookeeper.server.quorum.QuorumCnxManager.receiveConnection(QuorumCnxManager.java:554)
	at org.apache.zookeeper.server.quorum.QuorumCnxManager$Listener$ListenerHandler.acceptConnections(QuorumCnxManager.java:1079)
	at org.apache.zookeeper.server.quorum.QuorumCnxManager$Listener$ListenerHandler.run(QuorumCnxManager.java:1033)
	at java.util.concurrent.Executors$RunnableAdapter.call(Executors.java:511)
	at java.util.concurrent.FutureTask.run(FutureTask.java:266)
	at java.util.concurrent.ThreadPoolExecutor.runWorker(ThreadPoolExecutor.java:1149)
	at java.util.concurrent.ThreadPoolExecutor$Worker.run(ThreadPoolExecutor.java:624)
	at java.lang.Thread.run(Thread.java:748)
2020-06-22 14:14:11,394 [myid:1] - ERROR [ListenerHandler-/127.0.0.1:30164:ZKTrustManager@161] - Failed to verify host address: 127.0.0.1
javax.net.ssl.SSLPeerUnverifiedException: Certificate for <127.0.0.1> doesn't match any of the subject alternative names: [localhost]
	at org.apache.zookeeper.common.ZKHostnameVerifier.matchIPAddress(ZKHostnameVerifier.java:197)
	at org.apache.zookeeper.common.ZKHostnameVerifier.verify(ZKHostnameVerifier.java:165)
	at org.apache.zookeeper.common.ZKTrustManager.performHostVerification(ZKTrustManager.java:151)
	at org.apache.zookeeper.common.ZKTrustManager.checkClientTrusted(ZKTrustManager.java:79)
	at sun.security.ssl.ServerHandshaker.clientCertificate(ServerHandshaker.java:2037)
	at sun.security.ssl.ServerHandshaker.processMessage(ServerHandshaker.java:233)
	at sun.security.ssl.Handshaker.processLoop(Handshaker.java:1082)
	at sun.security.ssl.Handshaker.process_record(Handshaker.java:1010)
	at sun.security.ssl.SSLSocketImpl.readRecord(SSLSocketImpl.java:1079)
	at sun.security.ssl.SSLSocketImpl.performInitialHandshake(SSLSocketImpl.java:1388)
	at sun.security.ssl.SSLSocketImpl.startHandshake(SSLSocketImpl.java:1416)
	at sun.security.ssl.SSLSocketImpl.getSession(SSLSocketImpl.java:2309)
	at org.apache.zookeeper.server.quorum.UnifiedServerSocket$UnifiedSocket.detectMode(UnifiedServerSocket.java:269)
	at org.apache.zookeeper.server.quorum.UnifiedServerSocket$UnifiedSocket.getSocket(UnifiedServerSocket.java:298)
	at org.apache.zookeeper.server.quorum.UnifiedServerSocket$UnifiedSocket.access$400(UnifiedServerSocket.java:172)
	at org.apache.zookeeper.server.quorum.UnifiedServerSocket$UnifiedInputStream.getRealInputStream(UnifiedServerSocket.java:699)
	at org.apache.zookeeper.server.quorum.UnifiedServerSocket$UnifiedInputStream.read(UnifiedServerSocket.java:693)
	at java.io.BufferedInputStream.fill(BufferedInputStream.java:246)
	at java.io.BufferedInputStream.read1(BufferedInputStream.java:286)
	at java.io.BufferedInputStream.read(BufferedInputStream.java:345)
	at java.io.DataInputStream.readFully(DataInputStream.java:195)
	at java.io.DataInputStream.readLong(DataInputStream.java:416)
	at org.apache.zookeeper.server.quorum.QuorumCnxManager.handleConnection(QuorumCnxManager.java:601)
	at org.apache.zookeeper.server.quorum.QuorumCnxManager.receiveConnection(QuorumCnxManager.java:554)
	at org.apache.zookeeper.server.quorum.QuorumCnxManager$Listener$ListenerHandler.acceptConnections(QuorumCnxManager.java:1079)
	at org.apache.zookeeper.server.quorum.QuorumCnxManager$Listener$ListenerHandler.run(QuorumCnxManager.java:1033)
	at java.util.concurrent.Executors$RunnableAdapter.call(Executors.java:511)
	at java.util.concurrent.FutureTask.run(FutureTask.java:266)
	at java.util.concurrent.ThreadPoolExecutor.runWorker(ThreadPoolExecutor.java:1149)
	at java.util.concurrent.ThreadPoolExecutor$Worker.run(ThreadPoolExecutor.java:624)
	at java.lang.Thread.run(Thread.java:748)
2020-06-22 14:14:11,394 [myid:1] - ERROR [ListenerHandler-/127.0.0.1:30164:ZKTrustManager@162] - Failed to verify hostname: activate.navicat.com
javax.net.ssl.SSLPeerUnverifiedException: Certificate for <activate.navicat.com> doesn't match any of the subject alternative names: [localhost]
	at org.apache.zookeeper.common.ZKHostnameVerifier.matchDNSName(ZKHostnameVerifier.java:230)
	at org.apache.zookeeper.common.ZKHostnameVerifier.verify(ZKHostnameVerifier.java:171)
	at org.apache.zookeeper.common.ZKTrustManager.performHostVerification(ZKTrustManager.java:159)
	at org.apache.zookeeper.common.ZKTrustManager.checkClientTrusted(ZKTrustManager.java:79)
	at sun.security.ssl.ServerHandshaker.clientCertificate(ServerHandshaker.java:2037)
	at sun.security.ssl.ServerHandshaker.processMessage(ServerHandshaker.java:233)
	at sun.security.ssl.Handshaker.processLoop(Handshaker.java:1082)
	at sun.security.ssl.Handshaker.process_record(Handshaker.java:1010)
	at sun.security.ssl.SSLSocketImpl.readRecord(SSLSocketImpl.java:1079)
	at sun.security.ssl.SSLSocketImpl.performInitialHandshake(SSLSocketImpl.java:1388)
	at sun.security.ssl.SSLSocketImpl.startHandshake(SSLSocketImpl.java:1416)
	at sun.security.ssl.SSLSocketImpl.getSession(SSLSocketImpl.java:2309)
	at org.apache.zookeeper.server.quorum.UnifiedServerSocket$UnifiedSocket.detectMode(UnifiedServerSocket.java:269)
	at org.apache.zookeeper.server.quorum.UnifiedServerSocket$UnifiedSocket.getSocket(UnifiedServerSocket.java:298)
	at org.apache.zookeeper.server.quorum.UnifiedServerSocket$UnifiedSocket.access$400(UnifiedServerSocket.java:172)
	at org.apache.zookeeper.server.quorum.UnifiedServerSocket$UnifiedInputStream.getRealInputStream(UnifiedServerSocket.java:699)
	at org.apache.zookeeper.server.quorum.UnifiedServerSocket$UnifiedInputStream.read(UnifiedServerSocket.java:693)
	at java.io.BufferedInputStream.fill(BufferedInputStream.java:246)
	at java.io.BufferedInputStream.read1(BufferedInputStream.java:286)
	at java.io.BufferedInputStream.read(BufferedInputStream.java:345)
	at java.io.DataInputStream.readFully(DataInputStream.java:195)
	at java.io.DataInputStream.readLong(DataInputStream.java:416)
	at org.apache.zookeeper.server.quorum.QuorumCnxManager.handleConnection(QuorumCnxManager.java:601)
	at org.apache.zookeeper.server.quorum.QuorumCnxManager.receiveConnection(QuorumCnxManager.java:554)
	at org.apache.zookeeper.server.quorum.QuorumCnxManager$Listener$ListenerHandler.acceptConnections(QuorumCnxManager.java:1079)
	at org.apache.zookeeper.server.quorum.QuorumCnxManager$Listener$ListenerHandler.run(QuorumCnxManager.java:1033)
	at java.util.concurrent.Executors$RunnableAdapter.call(Executors.java:511)
	at java.util.concurrent.FutureTask.run(FutureTask.java:266)
	at java.util.concurrent.ThreadPoolExecutor.runWorker(ThreadPoolExecutor.java:1149)
	at java.util.concurrent.ThreadPoolExecutor$Worker.run(ThreadPoolExecutor.java:624)
	at java.lang.Thread.run(Thread.java:748)
2020-06-22 14:14:11,394 [myid:2] - INFO  [ListenerHandler-/127.0.0.1:30165:UnifiedServerSocket$UnifiedSocket@266] - Accepted TLS connection from activate.navicat.com/127.0.0.1:59511 - NONE - SSL_NULL_WITH_NULL_NULL
2020-06-22 14:14:11,394 [myid:1] - INFO  [ListenerHandler-/127.0.0.1:30164:UnifiedServerSocket$UnifiedSocket@266] - Accepted TLS connection from activate.navicat.com/127.0.0.1:59512 - NONE - SSL_NULL_WITH_NULL_NULL
2020-06-22 14:14:11,394 [myid:2] - WARN  [ListenerHandler-/127.0.0.1:30165:QuorumCnxManager@629] - Exception reading or writing challenge
javax.net.ssl.SSLException: Connection has been shutdown: javax.net.ssl.SSLHandshakeException: java.security.cert.CertificateException: Failed to verify both host address and host name
	at sun.security.ssl.SSLSocketImpl.checkEOF(SSLSocketImpl.java:1554)
	at sun.security.ssl.AppInputStream.read(AppInputStream.java:95)
	at org.apache.zookeeper.server.quorum.UnifiedServerSocket$UnifiedInputStream.read(UnifiedServerSocket.java:693)
	at java.io.BufferedInputStream.fill(BufferedInputStream.java:246)
	at java.io.BufferedInputStream.read1(BufferedInputStream.java:286)
	at java.io.BufferedInputStream.read(BufferedInputStream.java:345)
	at java.io.DataInputStream.readFully(DataInputStream.java:195)
	at java.io.DataInputStream.readLong(DataInputStream.java:416)
	at org.apache.zookeeper.server.quorum.QuorumCnxManager.handleConnection(QuorumCnxManager.java:601)
	at org.apache.zookeeper.server.quorum.QuorumCnxManager.receiveConnection(QuorumCnxManager.java:554)
	at org.apache.zookeeper.server.quorum.QuorumCnxManager$Listener$ListenerHandler.acceptConnections(QuorumCnxManager.java:1079)
	at org.apache.zookeeper.server.quorum.QuorumCnxManager$Listener$ListenerHandler.run(QuorumCnxManager.java:1033)
	at java.util.concurrent.Executors$RunnableAdapter.call(Executors.java:511)
	at java.util.concurrent.FutureTask.run(FutureTask.java:266)
	at java.util.concurrent.ThreadPoolExecutor.runWorker(ThreadPoolExecutor.java:1149)
	at java.util.concurrent.ThreadPoolExecutor$Worker.run(ThreadPoolExecutor.java:624)
	at java.lang.Thread.run(Thread.java:748)
Caused by: javax.net.ssl.SSLHandshakeException: java.security.cert.CertificateException: Failed to verify both host address and host name
	at sun.security.ssl.Alerts.getSSLException(Alerts.java:198)
	at sun.security.ssl.SSLSocketImpl.fatal(SSLSocketImpl.java:1967)
	at sun.security.ssl.Handshaker.fatalSE(Handshaker.java:331)
	at sun.security.ssl.Handshaker.fatalSE(Handshaker.java:325)
	at sun.security.ssl.ServerHandshaker.clientCertificate(ServerHandshaker.java:2055)
	at sun.security.ssl.ServerHandshaker.processMessage(ServerHandshaker.java:233)
	at sun.security.ssl.Handshaker.processLoop(Handshaker.java:1082)
	at sun.security.ssl.Handshaker.process_record(Handshaker.java:1010)
	at sun.security.ssl.SSLSocketImpl.readRecord(SSLSocketImpl.java:1079)
	at sun.security.ssl.SSLSocketImpl.performInitialHandshake(SSLSocketImpl.java:1388)
	at sun.security.ssl.SSLSocketImpl.startHandshake(SSLSocketImpl.java:1416)
	at sun.security.ssl.SSLSocketImpl.getSession(SSLSocketImpl.java:2309)
	at org.apache.zookeeper.server.quorum.UnifiedServerSocket$UnifiedSocket.detectMode(UnifiedServerSocket.java:269)
	at org.apache.zookeeper.server.quorum.UnifiedServerSocket$UnifiedSocket.getSocket(UnifiedServerSocket.java:298)
	at org.apache.zookeeper.server.quorum.UnifiedServerSocket$UnifiedSocket.access$400(UnifiedServerSocket.java:172)
	at org.apache.zookeeper.server.quorum.UnifiedServerSocket$UnifiedInputStream.getRealInputStream(UnifiedServerSocket.java:699)
	... 15 more
Caused by: java.security.cert.CertificateException: Failed to verify both host address and host name
	at org.apache.zookeeper.common.ZKTrustManager.performHostVerification(ZKTrustManager.java:163)
	at org.apache.zookeeper.common.ZKTrustManager.checkClientTrusted(ZKTrustManager.java:79)
	at sun.security.ssl.ServerHandshaker.clientCertificate(ServerHandshaker.java:2037)
	... 26 more
Caused by: javax.net.ssl.SSLPeerUnverifiedException: Certificate for <activate.navicat.com> doesn't match any of the subject alternative names: [localhost]
	at org.apache.zookeeper.common.ZKHostnameVerifier.matchDNSName(ZKHostnameVerifier.java:230)
	at org.apache.zookeeper.common.ZKHostnameVerifier.verify(ZKHostnameVerifier.java:171)
	at org.apache.zookeeper.common.ZKTrustManager.performHostVerification(ZKTrustManager.java:159)
	... 28 more
2020-06-22 14:14:11,394 [myid:1] - WARN  [ListenerHandler-/127.0.0.1:30164:QuorumCnxManager@629] - Exception reading or writing challenge
javax.net.ssl.SSLException: Connection has been shutdown: javax.net.ssl.SSLHandshakeException: java.security.cert.CertificateException: Failed to verify both host address and host name
	at sun.security.ssl.SSLSocketImpl.checkEOF(SSLSocketImpl.java:1554)
	at sun.security.ssl.AppInputStream.read(AppInputStream.java:95)
	at org.apache.zookeeper.server.quorum.UnifiedServerSocket$UnifiedInputStream.read(UnifiedServerSocket.java:693)
	at java.io.BufferedInputStream.fill(BufferedInputStream.java:246)
	at java.io.BufferedInputStream.read1(BufferedInputStream.java:286)
	at java.io.BufferedInputStream.read(BufferedInputStream.java:345)
	at java.io.DataInputStream.readFully(DataInputStream.java:195)
	at java.io.DataInputStream.readLong(DataInputStream.java:416)
	at org.apache.zookeeper.server.quorum.QuorumCnxManager.handleConnection(QuorumCnxManager.java:601)
	at org.apache.zookeeper.server.quorum.QuorumCnxManager.receiveConnection(QuorumCnxManager.java:554)
	at org.apache.zookeeper.server.quorum.QuorumCnxManager$Listener$ListenerHandler.acceptConnections(QuorumCnxManager.java:1079)
	at org.apache.zookeeper.server.quorum.QuorumCnxManager$Listener$ListenerHandler.run(QuorumCnxManager.java:1033)
	at java.util.concurrent.Executors$RunnableAdapter.call(Executors.java:511)
	at java.util.concurrent.FutureTask.run(FutureTask.java:266)
	at java.util.concurrent.ThreadPoolExecutor.runWorker(ThreadPoolExecutor.java:1149)
	at java.util.concurrent.ThreadPoolExecutor$Worker.run(ThreadPoolExecutor.java:624)
	at java.lang.Thread.run(Thread.java:748)
Caused by: javax.net.ssl.SSLHandshakeException: java.security.cert.CertificateException: Failed to verify both host address and host name
	at sun.security.ssl.Alerts.getSSLException(Alerts.java:198)
	at sun.security.ssl.SSLSocketImpl.fatal(SSLSocketImpl.java:1967)
	at sun.security.ssl.Handshaker.fatalSE(Handshaker.java:331)
	at sun.security.ssl.Handshaker.fatalSE(Handshaker.java:325)
	at sun.security.ssl.ServerHandshaker.clientCertificate(ServerHandshaker.java:2055)
	at sun.security.ssl.ServerHandshaker.processMessage(ServerHandshaker.java:233)
	at sun.security.ssl.Handshaker.processLoop(Handshaker.java:1082)
	at sun.security.ssl.Handshaker.process_record(Handshaker.java:1010)
	at sun.security.ssl.SSLSocketImpl.readRecord(SSLSocketImpl.java:1079)
	at sun.security.ssl.SSLSocketImpl.performInitialHandshake(SSLSocketImpl.java:1388)
	at sun.security.ssl.SSLSocketImpl.startHandshake(SSLSocketImpl.java:1416)
	at sun.security.ssl.SSLSocketImpl.getSession(SSLSocketImpl.java:2309)
	at org.apache.zookeeper.server.quorum.UnifiedServerSocket$UnifiedSocket.detectMode(UnifiedServerSocket.java:269)
	at org.apache.zookeeper.server.quorum.UnifiedServerSocket$UnifiedSocket.getSocket(UnifiedServerSocket.java:298)
	at org.apache.zookeeper.server.quorum.UnifiedServerSocket$UnifiedSocket.access$400(UnifiedServerSocket.java:172)
	at org.apache.zookeeper.server.quorum.UnifiedServerSocket$UnifiedInputStream.getRealInputStream(UnifiedServerSocket.java:699)
	... 15 more
Caused by: java.security.cert.CertificateException: Failed to verify both host address and host name
	at org.apache.zookeeper.common.ZKTrustManager.performHostVerification(ZKTrustManager.java:163)
	at org.apache.zookeeper.common.ZKTrustManager.checkClientTrusted(ZKTrustManager.java:79)
	at sun.security.ssl.ServerHandshaker.clientCertificate(ServerHandshaker.java:2037)
	... 26 more
Caused by: javax.net.ssl.SSLPeerUnverifiedException: Certificate for <activate.navicat.com> doesn't match any of the subject alternative names: [localhost]
	at org.apache.zookeeper.common.ZKHostnameVerifier.matchDNSName(ZKHostnameVerifier.java:230)
	at org.apache.zookeeper.common.ZKHostnameVerifier.verify(ZKHostnameVerifier.java:171)
	at org.apache.zookeeper.common.ZKTrustManager.performHostVerification(ZKTrustManager.java:159)
	... 28 more
2020-06-22 14:14:11,405 [myid:] - INFO  [Time-limited test:FourLetterWordMain@93] - connecting to 127.0.0.1 30160
2020-06-22 14:14:11,405 [myid:3] - INFO  [nioEventLoopGroup-136-9:NettyServerCnxn@285] - Processing stat command from /127.0.0.1:59520
2020-06-22 14:14:11,418 [myid:3] - WARN  [QuorumConnectionThread-[myid=3]-2:QuorumCnxManager@400] - Cannot open channel to 2 at election address /127.0.0.1:30165
java.net.SocketException: Software caused connection abort: recv failed
	at java.net.SocketInputStream.socketRead0(Native Method)
	at java.net.SocketInputStream.socketRead(SocketInputStream.java:116)
	at java.net.SocketInputStream.read(SocketInputStream.java:171)
	at java.net.SocketInputStream.read(SocketInputStream.java:141)
	at sun.security.ssl.InputRecord.readFully(InputRecord.java:465)
	at sun.security.ssl.InputRecord.read(InputRecord.java:503)
	at sun.security.ssl.SSLSocketImpl.readRecord(SSLSocketImpl.java:990)
	at sun.security.ssl.SSLSocketImpl.waitForClose(SSLSocketImpl.java:1782)
	at sun.security.ssl.HandshakeOutStream.flush(HandshakeOutStream.java:124)
	at sun.security.ssl.Handshaker.sendChangeCipherSpec(Handshaker.java:1197)
	at sun.security.ssl.ClientHandshaker.sendChangeCipherAndFinish(ClientHandshaker.java:1323)
	at sun.security.ssl.ClientHandshaker.serverHelloDone(ClientHandshaker.java:1233)
	at sun.security.ssl.ClientHandshaker.processMessage(ClientHandshaker.java:372)
	at sun.security.ssl.Handshaker.processLoop(Handshaker.java:1082)
	at sun.security.ssl.Handshaker.process_record(Handshaker.java:1010)
	at sun.security.ssl.SSLSocketImpl.readRecord(SSLSocketImpl.java:1079)
	at sun.security.ssl.SSLSocketImpl.performInitialHandshake(SSLSocketImpl.java:1388)
	at sun.security.ssl.SSLSocketImpl.startHandshake(SSLSocketImpl.java:1416)
	at sun.security.ssl.SSLSocketImpl.startHandshake(SSLSocketImpl.java:1400)
	at org.apache.zookeeper.server.quorum.QuorumCnxManager.initiateConnection(QuorumCnxManager.java:386)
	at org.apache.zookeeper.server.quorum.QuorumCnxManager$QuorumConnectionReqThread.run(QuorumCnxManager.java:457)
	at java.util.concurrent.ThreadPoolExecutor.runWorker(ThreadPoolExecutor.java:1149)
	at java.util.concurrent.ThreadPoolExecutor$Worker.run(ThreadPoolExecutor.java:624)
	at java.lang.Thread.run(Thread.java:748)
2020-06-22 14:14:11,419 [myid:3] - WARN  [QuorumConnectionThread-[myid=3]-3:QuorumCnxManager@400] - Cannot open channel to 1 at election address /127.0.0.1:30164
java.net.SocketException: Software caused connection abort: socket write error
	at java.net.SocketOutputStream.socketWrite0(Native Method)
	at java.net.SocketOutputStream.socketWrite(SocketOutputStream.java:111)
	at java.net.SocketOutputStream.write(SocketOutputStream.java:155)
	at sun.security.ssl.OutputRecord.writeBuffer(OutputRecord.java:431)
	at sun.security.ssl.OutputRecord.write(OutputRecord.java:417)
	at sun.security.ssl.SSLSocketImpl.writeRecordInternal(SSLSocketImpl.java:894)
	at sun.security.ssl.SSLSocketImpl.writeRecord(SSLSocketImpl.java:865)
	at sun.security.ssl.SSLSocketImpl.writeRecord(SSLSocketImpl.java:735)
	at sun.security.ssl.Handshaker.sendChangeCipherSpec(Handshaker.java:1189)
	at sun.security.ssl.ClientHandshaker.sendChangeCipherAndFinish(ClientHandshaker.java:1323)
	at sun.security.ssl.ClientHandshaker.serverHelloDone(ClientHandshaker.java:1233)
	at sun.security.ssl.ClientHandshaker.processMessage(ClientHandshaker.java:372)
	at sun.security.ssl.Handshaker.processLoop(Handshaker.java:1082)
	at sun.security.ssl.Handshaker.process_record(Handshaker.java:1010)
	at sun.security.ssl.SSLSocketImpl.readRecord(SSLSocketImpl.java:1079)
	at sun.security.ssl.SSLSocketImpl.performInitialHandshake(SSLSocketImpl.java:1388)
	at sun.security.ssl.SSLSocketImpl.startHandshake(SSLSocketImpl.java:1416)
	at sun.security.ssl.SSLSocketImpl.startHandshake(SSLSocketImpl.java:1400)
	at org.apache.zookeeper.server.quorum.QuorumCnxManager.initiateConnection(QuorumCnxManager.java:386)
	at org.apache.zookeeper.server.quorum.QuorumCnxManager$QuorumConnectionReqThread.run(QuorumCnxManager.java:457)
	at java.util.concurrent.ThreadPoolExecutor.runWorker(ThreadPoolExecutor.java:1149)
	at java.util.concurrent.ThreadPoolExecutor$Worker.run(ThreadPoolExecutor.java:624)
	at java.lang.Thread.run(Thread.java:748)
2020-06-22 14:14:11,657 [myid:] - INFO  [Time-limited test:FourLetterWordMain@93] - connecting to 127.0.0.1 30160
2020-06-22 14:14:11,657 [myid:3] - INFO  [nioEventLoopGroup-136-10:NettyServerCnxn@285] - Processing stat command from /127.0.0.1:59527
2020-06-22 14:14:11,907 [myid:] - INFO  [Time-limited test:FourLetterWordMain@93] - connecting to 127.0.0.1 30160
2020-06-22 14:14:11,907 [myid:3] - INFO  [nioEventLoopGroup-136-11:NettyServerCnxn@285] - Processing stat command from /127.0.0.1:59528
2020-06-22 14:14:12,158 [myid:] - INFO  [Time-limited test:FourLetterWordMain@93] - connecting to 127.0.0.1 30160
2020-06-22 14:14:12,159 [myid:3] - INFO  [nioEventLoopGroup-136-12:NettyServerCnxn@285] - Processing stat command from /127.0.0.1:59531
2020-06-22 14:14:12,410 [myid:] - INFO  [Time-limited test:FourLetterWordMain@93] - connecting to 127.0.0.1 30160
2020-06-22 14:14:12,411 [myid:3] - INFO  [nioEventLoopGroup-136-13:NettyServerCnxn@285] - Processing stat command from /127.0.0.1:59534
2020-06-22 14:14:12,661 [myid:] - INFO  [Time-limited test:FourLetterWordMain@93] - connecting to 127.0.0.1 30160
2020-06-22 14:14:12,662 [myid:3] - INFO  [nioEventLoopGroup-136-14:NettyServerCnxn@285] - Processing stat command from /127.0.0.1:59536
2020-06-22 14:14:12,913 [myid:] - INFO  [Time-limited test:FourLetterWordMain@93] - connecting to 127.0.0.1 30160
2020-06-22 14:14:12,914 [myid:3] - INFO  [nioEventLoopGroup-136-15:NettyServerCnxn@285] - Processing stat command from /127.0.0.1:59539
2020-06-22 14:14:13,164 [myid:] - INFO  [Time-limited test:FourLetterWordMain@93] - connecting to 127.0.0.1 30160
2020-06-22 14:14:13,165 [myid:3] - INFO  [nioEventLoopGroup-136-16:NettyServerCnxn@285] - Processing stat command from /127.0.0.1:59541
2020-06-22 14:14:13,415 [myid:] - INFO  [Time-limited test:FourLetterWordMain@93] - connecting to 127.0.0.1 30160
2020-06-22 14:14:13,416 [myid:3] - INFO  [nioEventLoopGroup-136-1:NettyServerCnxn@285] - Processing stat command from /127.0.0.1:59567
2020-06-22 14:14:13,667 [myid:] - INFO  [Time-limited test:FourLetterWordMain@93] - connecting to 127.0.0.1 30160
2020-06-22 14:14:13,668 [myid:3] - INFO  [nioEventLoopGroup-136-2:NettyServerCnxn@285] - Processing stat command from /127.0.0.1:59584
2020-06-22 14:14:13,918 [myid:] - INFO  [Time-limited test:FourLetterWordMain@93] - connecting to 127.0.0.1 30160
2020-06-22 14:14:13,919 [myid:3] - INFO  [nioEventLoopGroup-136-3:NettyServerCnxn@285] - Processing stat command from /127.0.0.1:59586
2020-06-22 14:14:14,169 [myid:] - INFO  [Time-limited test:FourLetterWordMain@93] - connecting to 127.0.0.1 30160
2020-06-22 14:14:14,169 [myid:3] - INFO  [nioEventLoopGroup-136-4:NettyServerCnxn@285] - Processing stat command from /127.0.0.1:59689
2020-06-22 14:14:14,421 [myid:] - INFO  [Time-limited test:FourLetterWordMain@93] - connecting to 127.0.0.1 30160
2020-06-22 14:14:14,422 [myid:3] - INFO  [nioEventLoopGroup-136-5:NettyServerCnxn@285] - Processing stat command from /127.0.0.1:59795
2020-06-22 14:14:14,672 [myid:] - INFO  [Time-limited test:FourLetterWordMain@93] - connecting to 127.0.0.1 30160
2020-06-22 14:14:14,672 [myid:3] - INFO  [nioEventLoopGroup-136-6:NettyServerCnxn@285] - Processing stat command from /127.0.0.1:59797
2020-06-22 14:14:14,924 [myid:] - INFO  [Time-limited test:FourLetterWordMain@93] - connecting to 127.0.0.1 30160
2020-06-22 14:14:14,925 [myid:3] - INFO  [nioEventLoopGroup-136-7:NettyServerCnxn@285] - Processing stat command from /127.0.0.1:59805
2020-06-22 14:14:15,176 [myid:] - INFO  [Time-limited test:FourLetterWordMain@93] - connecting to 127.0.0.1 30160
2020-06-22 14:14:15,176 [myid:3] - INFO  [nioEventLoopGroup-136-8:NettyServerCnxn@285] - Processing stat command from /127.0.0.1:59813
2020-06-22 14:14:15,427 [myid:] - INFO  [Time-limited test:FourLetterWordMain@93] - connecting to 127.0.0.1 30160
2020-06-22 14:14:15,430 [myid:3] - INFO  [nioEventLoopGroup-136-9:NettyServerCnxn@285] - Processing stat command from /127.0.0.1:59815
2020-06-22 14:14:15,681 [myid:] - INFO  [Time-limited test:FourLetterWordMain@93] - connecting to 127.0.0.1 30160
2020-06-22 14:14:15,682 [myid:3] - INFO  [nioEventLoopGroup-136-10:NettyServerCnxn@285] - Processing stat command from /127.0.0.1:59846
2020-06-22 14:14:15,933 [myid:] - INFO  [Time-limited test:FourLetterWordMain@93] - connecting to 127.0.0.1 30160
2020-06-22 14:14:15,933 [myid:3] - INFO  [nioEventLoopGroup-136-11:NettyServerCnxn@285] - Processing stat command from /127.0.0.1:59864
2020-06-22 14:14:16,184 [myid:] - INFO  [Time-limited test:FourLetterWordMain@93] - connecting to 127.0.0.1 30160
2020-06-22 14:14:16,184 [myid:3] - INFO  [nioEventLoopGroup-136-12:NettyServerCnxn@285] - Processing stat command from /127.0.0.1:59866
2020-06-22 14:14:16,435 [myid:] - INFO  [Time-limited test:FourLetterWordMain@93] - connecting to 127.0.0.1 30160
2020-06-22 14:14:16,435 [myid:3] - INFO  [nioEventLoopGroup-136-13:NettyServerCnxn@285] - Processing stat command from /127.0.0.1:59912
2020-06-22 14:14:16,686 [myid:] - INFO  [Time-limited test:FourLetterWordMain@93] - connecting to 127.0.0.1 30160
2020-06-22 14:14:16,686 [myid:3] - INFO  [nioEventLoopGroup-136-14:NettyServerCnxn@285] - Processing stat command from /127.0.0.1:59923
2020-06-22 14:14:16,937 [myid:] - INFO  [Time-limited test:FourLetterWordMain@93] - connecting to 127.0.0.1 30160
2020-06-22 14:14:16,938 [myid:3] - INFO  [nioEventLoopGroup-136-15:NettyServerCnxn@285] - Processing stat command from /127.0.0.1:59935
2020-06-22 14:14:17,189 [myid:] - INFO  [Time-limited test:FourLetterWordMain@93] - connecting to 127.0.0.1 30160
2020-06-22 14:14:17,189 [myid:3] - INFO  [nioEventLoopGroup-136-16:NettyServerCnxn@285] - Processing stat command from /127.0.0.1:59938
2020-06-22 14:14:17,440 [myid:] - INFO  [Time-limited test:FourLetterWordMain@93] - connecting to 127.0.0.1 30160
2020-06-22 14:14:17,440 [myid:3] - INFO  [nioEventLoopGroup-136-1:NettyServerCnxn@285] - Processing stat command from /127.0.0.1:59939
2020-06-22 14:14:17,692 [myid:] - INFO  [Time-limited test:FourLetterWordMain@93] - connecting to 127.0.0.1 30160
2020-06-22 14:14:17,692 [myid:3] - INFO  [nioEventLoopGroup-136-2:NettyServerCnxn@285] - Processing stat command from /127.0.0.1:59940
2020-06-22 14:14:17,772 [myid:3] - INFO  [QuorumPeer[myid=3](plain=[0:0:0:0:0:0:0:0]:30160)(secure=disabled):FastLeaderElection@979] - Notification time out: 12800
2020-06-22 14:14:17,772 [myid:2] - INFO  [ListenerHandler-/127.0.0.1:30165:QuorumCnxManager$Listener$ListenerHandler@1070] - Received connection request from /127.0.0.1:59941
2020-06-22 14:14:17,772 [myid:1] - INFO  [ListenerHandler-/127.0.0.1:30164:QuorumCnxManager$Listener$ListenerHandler@1070] - Received connection request from /127.0.0.1:59942
2020-06-22 14:14:17,812 [myid:1] - ERROR [ListenerHandler-/127.0.0.1:30164:ZKTrustManager@161] - Failed to verify host address: 127.0.0.1
javax.net.ssl.SSLPeerUnverifiedException: Certificate for <127.0.0.1> doesn't match any of the subject alternative names: [localhost]
	at org.apache.zookeeper.common.ZKHostnameVerifier.matchIPAddress(ZKHostnameVerifier.java:197)
	at org.apache.zookeeper.common.ZKHostnameVerifier.verify(ZKHostnameVerifier.java:165)
	at org.apache.zookeeper.common.ZKTrustManager.performHostVerification(ZKTrustManager.java:151)
	at org.apache.zookeeper.common.ZKTrustManager.checkClientTrusted(ZKTrustManager.java:79)
	at sun.security.ssl.ServerHandshaker.clientCertificate(ServerHandshaker.java:2037)
	at sun.security.ssl.ServerHandshaker.processMessage(ServerHandshaker.java:233)
	at sun.security.ssl.Handshaker.processLoop(Handshaker.java:1082)
	at sun.security.ssl.Handshaker.process_record(Handshaker.java:1010)
	at sun.security.ssl.SSLSocketImpl.readRecord(SSLSocketImpl.java:1079)
	at sun.security.ssl.SSLSocketImpl.performInitialHandshake(SSLSocketImpl.java:1388)
	at sun.security.ssl.SSLSocketImpl.startHandshake(SSLSocketImpl.java:1416)
	at sun.security.ssl.SSLSocketImpl.getSession(SSLSocketImpl.java:2309)
	at org.apache.zookeeper.server.quorum.UnifiedServerSocket$UnifiedSocket.detectMode(UnifiedServerSocket.java:269)
	at org.apache.zookeeper.server.quorum.UnifiedServerSocket$UnifiedSocket.getSocket(UnifiedServerSocket.java:298)
	at org.apache.zookeeper.server.quorum.UnifiedServerSocket$UnifiedSocket.access$400(UnifiedServerSocket.java:172)
	at org.apache.zookeeper.server.quorum.UnifiedServerSocket$UnifiedInputStream.getRealInputStream(UnifiedServerSocket.java:699)
	at org.apache.zookeeper.server.quorum.UnifiedServerSocket$UnifiedInputStream.read(UnifiedServerSocket.java:693)
	at java.io.BufferedInputStream.fill(BufferedInputStream.java:246)
	at java.io.BufferedInputStream.read1(BufferedInputStream.java:286)
	at java.io.BufferedInputStream.read(BufferedInputStream.java:345)
	at java.io.DataInputStream.readFully(DataInputStream.java:195)
	at java.io.DataInputStream.readLong(DataInputStream.java:416)
	at org.apache.zookeeper.server.quorum.QuorumCnxManager.handleConnection(QuorumCnxManager.java:601)
	at org.apache.zookeeper.server.quorum.QuorumCnxManager.receiveConnection(QuorumCnxManager.java:554)
	at org.apache.zookeeper.server.quorum.QuorumCnxManager$Listener$ListenerHandler.acceptConnections(QuorumCnxManager.java:1079)
	at org.apache.zookeeper.server.quorum.QuorumCnxManager$Listener$ListenerHandler.run(QuorumCnxManager.java:1033)
	at java.util.concurrent.Executors$RunnableAdapter.call(Executors.java:511)
	at java.util.concurrent.FutureTask.run(FutureTask.java:266)
	at java.util.concurrent.ThreadPoolExecutor.runWorker(ThreadPoolExecutor.java:1149)
	at java.util.concurrent.ThreadPoolExecutor$Worker.run(ThreadPoolExecutor.java:624)
	at java.lang.Thread.run(Thread.java:748)
2020-06-22 14:14:17,812 [myid:1] - ERROR [ListenerHandler-/127.0.0.1:30164:ZKTrustManager@162] - Failed to verify hostname: activate.navicat.com
javax.net.ssl.SSLPeerUnverifiedException: Certificate for <activate.navicat.com> doesn't match any of the subject alternative names: [localhost]
	at org.apache.zookeeper.common.ZKHostnameVerifier.matchDNSName(ZKHostnameVerifier.java:230)
	at org.apache.zookeeper.common.ZKHostnameVerifier.verify(ZKHostnameVerifier.java:171)
	at org.apache.zookeeper.common.ZKTrustManager.performHostVerification(ZKTrustManager.java:159)
	at org.apache.zookeeper.common.ZKTrustManager.checkClientTrusted(ZKTrustManager.java:79)
	at sun.security.ssl.ServerHandshaker.clientCertificate(ServerHandshaker.java:2037)
	at sun.security.ssl.ServerHandshaker.processMessage(ServerHandshaker.java:233)
	at sun.security.ssl.Handshaker.processLoop(Handshaker.java:1082)
	at sun.security.ssl.Handshaker.process_record(Handshaker.java:1010)
	at sun.security.ssl.SSLSocketImpl.readRecord(SSLSocketImpl.java:1079)
	at sun.security.ssl.SSLSocketImpl.performInitialHandshake(SSLSocketImpl.java:1388)
	at sun.security.ssl.SSLSocketImpl.startHandshake(SSLSocketImpl.java:1416)
	at sun.security.ssl.SSLSocketImpl.getSession(SSLSocketImpl.java:2309)
	at org.apache.zookeeper.server.quorum.UnifiedServerSocket$UnifiedSocket.detectMode(UnifiedServerSocket.java:269)
	at org.apache.zookeeper.server.quorum.UnifiedServerSocket$UnifiedSocket.getSocket(UnifiedServerSocket.java:298)
	at org.apache.zookeeper.server.quorum.UnifiedServerSocket$UnifiedSocket.access$400(UnifiedServerSocket.java:172)
	at org.apache.zookeeper.server.quorum.UnifiedServerSocket$UnifiedInputStream.getRealInputStream(UnifiedServerSocket.java:699)
	at org.apache.zookeeper.server.quorum.UnifiedServerSocket$UnifiedInputStream.read(UnifiedServerSocket.java:693)
	at java.io.BufferedInputStream.fill(BufferedInputStream.java:246)
	at java.io.BufferedInputStream.read1(BufferedInputStream.java:286)
	at java.io.BufferedInputStream.read(BufferedInputStream.java:345)
	at java.io.DataInputStream.readFully(DataInputStream.java:195)
	at java.io.DataInputStream.readLong(DataInputStream.java:416)
	at org.apache.zookeeper.server.quorum.QuorumCnxManager.handleConnection(QuorumCnxManager.java:601)
	at org.apache.zookeeper.server.quorum.QuorumCnxManager.receiveConnection(QuorumCnxManager.java:554)
	at org.apache.zookeeper.server.quorum.QuorumCnxManager$Listener$ListenerHandler.acceptConnections(QuorumCnxManager.java:1079)
	at org.apache.zookeeper.server.quorum.QuorumCnxManager$Listener$ListenerHandler.run(QuorumCnxManager.java:1033)
	at java.util.concurrent.Executors$RunnableAdapter.call(Executors.java:511)
	at java.util.concurrent.FutureTask.run(FutureTask.java:266)
	at java.util.concurrent.ThreadPoolExecutor.runWorker(ThreadPoolExecutor.java:1149)
	at java.util.concurrent.ThreadPoolExecutor$Worker.run(ThreadPoolExecutor.java:624)
	at java.lang.Thread.run(Thread.java:748)
2020-06-22 14:14:17,813 [myid:2] - ERROR [ListenerHandler-/127.0.0.1:30165:ZKTrustManager@161] - Failed to verify host address: 127.0.0.1
javax.net.ssl.SSLPeerUnverifiedException: Certificate for <127.0.0.1> doesn't match any of the subject alternative names: [localhost]
	at org.apache.zookeeper.common.ZKHostnameVerifier.matchIPAddress(ZKHostnameVerifier.java:197)
	at org.apache.zookeeper.common.ZKHostnameVerifier.verify(ZKHostnameVerifier.java:165)
	at org.apache.zookeeper.common.ZKTrustManager.performHostVerification(ZKTrustManager.java:151)
	at org.apache.zookeeper.common.ZKTrustManager.checkClientTrusted(ZKTrustManager.java:79)
	at sun.security.ssl.ServerHandshaker.clientCertificate(ServerHandshaker.java:2037)
	at sun.security.ssl.ServerHandshaker.processMessage(ServerHandshaker.java:233)
	at sun.security.ssl.Handshaker.processLoop(Handshaker.java:1082)
	at sun.security.ssl.Handshaker.process_record(Handshaker.java:1010)
	at sun.security.ssl.SSLSocketImpl.readRecord(SSLSocketImpl.java:1079)
	at sun.security.ssl.SSLSocketImpl.performInitialHandshake(SSLSocketImpl.java:1388)
	at sun.security.ssl.SSLSocketImpl.startHandshake(SSLSocketImpl.java:1416)
	at sun.security.ssl.SSLSocketImpl.getSession(SSLSocketImpl.java:2309)
	at org.apache.zookeeper.server.quorum.UnifiedServerSocket$UnifiedSocket.detectMode(UnifiedServerSocket.java:269)
	at org.apache.zookeeper.server.quorum.UnifiedServerSocket$UnifiedSocket.getSocket(UnifiedServerSocket.java:298)
	at org.apache.zookeeper.server.quorum.UnifiedServerSocket$UnifiedSocket.access$400(UnifiedServerSocket.java:172)
	at org.apache.zookeeper.server.quorum.UnifiedServerSocket$UnifiedInputStream.getRealInputStream(UnifiedServerSocket.java:699)
	at org.apache.zookeeper.server.quorum.UnifiedServerSocket$UnifiedInputStream.read(UnifiedServerSocket.java:693)
	at java.io.BufferedInputStream.fill(BufferedInputStream.java:246)
	at java.io.BufferedInputStream.read1(BufferedInputStream.java:286)
	at java.io.BufferedInputStream.read(BufferedInputStream.java:345)
	at java.io.DataInputStream.readFully(DataInputStream.java:195)
	at java.io.DataInputStream.readLong(DataInputStream.java:416)
	at org.apache.zookeeper.server.quorum.QuorumCnxManager.handleConnection(QuorumCnxManager.java:601)
	at org.apache.zookeeper.server.quorum.QuorumCnxManager.receiveConnection(QuorumCnxManager.java:554)
	at org.apache.zookeeper.server.quorum.QuorumCnxManager$Listener$ListenerHandler.acceptConnections(QuorumCnxManager.java:1079)
	at org.apache.zookeeper.server.quorum.QuorumCnxManager$Listener$ListenerHandler.run(QuorumCnxManager.java:1033)
	at java.util.concurrent.Executors$RunnableAdapter.call(Executors.java:511)
	at java.util.concurrent.FutureTask.run(FutureTask.java:266)
	at java.util.concurrent.ThreadPoolExecutor.runWorker(ThreadPoolExecutor.java:1149)
	at java.util.concurrent.ThreadPoolExecutor$Worker.run(ThreadPoolExecutor.java:624)
	at java.lang.Thread.run(Thread.java:748)
2020-06-22 14:14:17,813 [myid:1] - INFO  [ListenerHandler-/127.0.0.1:30164:UnifiedServerSocket$UnifiedSocket@266] - Accepted TLS connection from activate.navicat.com/127.0.0.1:59942 - NONE - SSL_NULL_WITH_NULL_NULL
2020-06-22 14:14:17,813 [myid:2] - ERROR [ListenerHandler-/127.0.0.1:30165:ZKTrustManager@162] - Failed to verify hostname: activate.navicat.com
javax.net.ssl.SSLPeerUnverifiedException: Certificate for <activate.navicat.com> doesn't match any of the subject alternative names: [localhost]
	at org.apache.zookeeper.common.ZKHostnameVerifier.matchDNSName(ZKHostnameVerifier.java:230)
	at org.apache.zookeeper.common.ZKHostnameVerifier.verify(ZKHostnameVerifier.java:171)
	at org.apache.zookeeper.common.ZKTrustManager.performHostVerification(ZKTrustManager.java:159)
	at org.apache.zookeeper.common.ZKTrustManager.checkClientTrusted(ZKTrustManager.java:79)
	at sun.security.ssl.ServerHandshaker.clientCertificate(ServerHandshaker.java:2037)
	at sun.security.ssl.ServerHandshaker.processMessage(ServerHandshaker.java:233)
	at sun.security.ssl.Handshaker.processLoop(Handshaker.java:1082)
	at sun.security.ssl.Handshaker.process_record(Handshaker.java:1010)
	at sun.security.ssl.SSLSocketImpl.readRecord(SSLSocketImpl.java:1079)
	at sun.security.ssl.SSLSocketImpl.performInitialHandshake(SSLSocketImpl.java:1388)
	at sun.security.ssl.SSLSocketImpl.startHandshake(SSLSocketImpl.java:1416)
	at sun.security.ssl.SSLSocketImpl.getSession(SSLSocketImpl.java:2309)
	at org.apache.zookeeper.server.quorum.UnifiedServerSocket$UnifiedSocket.detectMode(UnifiedServerSocket.java:269)
	at org.apache.zookeeper.server.quorum.UnifiedServerSocket$UnifiedSocket.getSocket(UnifiedServerSocket.java:298)
	at org.apache.zookeeper.server.quorum.UnifiedServerSocket$UnifiedSocket.access$400(UnifiedServerSocket.java:172)
	at org.apache.zookeeper.server.quorum.UnifiedServerSocket$UnifiedInputStream.getRealInputStream(UnifiedServerSocket.java:699)
	at org.apache.zookeeper.server.quorum.UnifiedServerSocket$UnifiedInputStream.read(UnifiedServerSocket.java:693)
	at java.io.BufferedInputStream.fill(BufferedInputStream.java:246)
	at java.io.BufferedInputStream.read1(BufferedInputStream.java:286)
	at java.io.BufferedInputStream.read(BufferedInputStream.java:345)
	at java.io.DataInputStream.readFully(DataInputStream.java:195)
	at java.io.DataInputStream.readLong(DataInputStream.java:416)
	at org.apache.zookeeper.server.quorum.QuorumCnxManager.handleConnection(QuorumCnxManager.java:601)
	at org.apache.zookeeper.server.quorum.QuorumCnxManager.receiveConnection(QuorumCnxManager.java:554)
	at org.apache.zookeeper.server.quorum.QuorumCnxManager$Listener$ListenerHandler.acceptConnections(QuorumCnxManager.java:1079)
	at org.apache.zookeeper.server.quorum.QuorumCnxManager$Listener$ListenerHandler.run(QuorumCnxManager.java:1033)
	at java.util.concurrent.Executors$RunnableAdapter.call(Executors.java:511)
	at java.util.concurrent.FutureTask.run(FutureTask.java:266)
	at java.util.concurrent.ThreadPoolExecutor.runWorker(ThreadPoolExecutor.java:1149)
	at java.util.concurrent.ThreadPoolExecutor$Worker.run(ThreadPoolExecutor.java:624)
	at java.lang.Thread.run(Thread.java:748)
2020-06-22 14:14:17,813 [myid:1] - WARN  [ListenerHandler-/127.0.0.1:30164:QuorumCnxManager@629] - Exception reading or writing challenge
javax.net.ssl.SSLException: Connection has been shutdown: javax.net.ssl.SSLHandshakeException: java.security.cert.CertificateException: Failed to verify both host address and host name
	at sun.security.ssl.SSLSocketImpl.checkEOF(SSLSocketImpl.java:1554)
	at sun.security.ssl.AppInputStream.read(AppInputStream.java:95)
	at org.apache.zookeeper.server.quorum.UnifiedServerSocket$UnifiedInputStream.read(UnifiedServerSocket.java:693)
	at java.io.BufferedInputStream.fill(BufferedInputStream.java:246)
	at java.io.BufferedInputStream.read1(BufferedInputStream.java:286)
	at java.io.BufferedInputStream.read(BufferedInputStream.java:345)
	at java.io.DataInputStream.readFully(DataInputStream.java:195)
	at java.io.DataInputStream.readLong(DataInputStream.java:416)
	at org.apache.zookeeper.server.quorum.QuorumCnxManager.handleConnection(QuorumCnxManager.java:601)
	at org.apache.zookeeper.server.quorum.QuorumCnxManager.receiveConnection(QuorumCnxManager.java:554)
	at org.apache.zookeeper.server.quorum.QuorumCnxManager$Listener$ListenerHandler.acceptConnections(QuorumCnxManager.java:1079)
	at org.apache.zookeeper.server.quorum.QuorumCnxManager$Listener$ListenerHandler.run(QuorumCnxManager.java:1033)
	at java.util.concurrent.Executors$RunnableAdapter.call(Executors.java:511)
	at java.util.concurrent.FutureTask.run(FutureTask.java:266)
	at java.util.concurrent.ThreadPoolExecutor.runWorker(ThreadPoolExecutor.java:1149)
	at java.util.concurrent.ThreadPoolExecutor$Worker.run(ThreadPoolExecutor.java:624)
	at java.lang.Thread.run(Thread.java:748)
Caused by: javax.net.ssl.SSLHandshakeException: java.security.cert.CertificateException: Failed to verify both host address and host name
	at sun.security.ssl.Alerts.getSSLException(Alerts.java:198)
	at sun.security.ssl.SSLSocketImpl.fatal(SSLSocketImpl.java:1967)
	at sun.security.ssl.Handshaker.fatalSE(Handshaker.java:331)
	at sun.security.ssl.Handshaker.fatalSE(Handshaker.java:325)
	at sun.security.ssl.ServerHandshaker.clientCertificate(ServerHandshaker.java:2055)
	at sun.security.ssl.ServerHandshaker.processMessage(ServerHandshaker.java:233)
	at sun.security.ssl.Handshaker.processLoop(Handshaker.java:1082)
	at sun.security.ssl.Handshaker.process_record(Handshaker.java:1010)
	at sun.security.ssl.SSLSocketImpl.readRecord(SSLSocketImpl.java:1079)
	at sun.security.ssl.SSLSocketImpl.performInitialHandshake(SSLSocketImpl.java:1388)
	at sun.security.ssl.SSLSocketImpl.startHandshake(SSLSocketImpl.java:1416)
	at sun.security.ssl.SSLSocketImpl.getSession(SSLSocketImpl.java:2309)
	at org.apache.zookeeper.server.quorum.UnifiedServerSocket$UnifiedSocket.detectMode(UnifiedServerSocket.java:269)
	at org.apache.zookeeper.server.quorum.UnifiedServerSocket$UnifiedSocket.getSocket(UnifiedServerSocket.java:298)
	at org.apache.zookeeper.server.quorum.UnifiedServerSocket$UnifiedSocket.access$400(UnifiedServerSocket.java:172)
	at org.apache.zookeeper.server.quorum.UnifiedServerSocket$UnifiedInputStream.getRealInputStream(UnifiedServerSocket.java:699)
	... 15 more
Caused by: java.security.cert.CertificateException: Failed to verify both host address and host name
	at org.apache.zookeeper.common.ZKTrustManager.performHostVerification(ZKTrustManager.java:163)
	at org.apache.zookeeper.common.ZKTrustManager.checkClientTrusted(ZKTrustManager.java:79)
	at sun.security.ssl.ServerHandshaker.clientCertificate(ServerHandshaker.java:2037)
	... 26 more
Caused by: javax.net.ssl.SSLPeerUnverifiedException: Certificate for <activate.navicat.com> doesn't match any of the subject alternative names: [localhost]
	at org.apache.zookeeper.common.ZKHostnameVerifier.matchDNSName(ZKHostnameVerifier.java:230)
	at org.apache.zookeeper.common.ZKHostnameVerifier.verify(ZKHostnameVerifier.java:171)
	at org.apache.zookeeper.common.ZKTrustManager.performHostVerification(ZKTrustManager.java:159)
	... 28 more
2020-06-22 14:14:17,813 [myid:2] - INFO  [ListenerHandler-/127.0.0.1:30165:UnifiedServerSocket$UnifiedSocket@266] - Accepted TLS connection from activate.navicat.com/127.0.0.1:59941 - NONE - SSL_NULL_WITH_NULL_NULL
2020-06-22 14:14:17,814 [myid:2] - WARN  [ListenerHandler-/127.0.0.1:30165:QuorumCnxManager@629] - Exception reading or writing challenge
javax.net.ssl.SSLException: Connection has been shutdown: javax.net.ssl.SSLHandshakeException: java.security.cert.CertificateException: Failed to verify both host address and host name
	at sun.security.ssl.SSLSocketImpl.checkEOF(SSLSocketImpl.java:1554)
	at sun.security.ssl.AppInputStream.read(AppInputStream.java:95)
	at org.apache.zookeeper.server.quorum.UnifiedServerSocket$UnifiedInputStream.read(UnifiedServerSocket.java:693)
	at java.io.BufferedInputStream.fill(BufferedInputStream.java:246)
	at java.io.BufferedInputStream.read1(BufferedInputStream.java:286)
	at java.io.BufferedInputStream.read(BufferedInputStream.java:345)
	at java.io.DataInputStream.readFully(DataInputStream.java:195)
	at java.io.DataInputStream.readLong(DataInputStream.java:416)
	at org.apache.zookeeper.server.quorum.QuorumCnxManager.handleConnection(QuorumCnxManager.java:601)
	at org.apache.zookeeper.server.quorum.QuorumCnxManager.receiveConnection(QuorumCnxManager.java:554)
	at org.apache.zookeeper.server.quorum.QuorumCnxManager$Listener$ListenerHandler.acceptConnections(QuorumCnxManager.java:1079)
	at org.apache.zookeeper.server.quorum.QuorumCnxManager$Listener$ListenerHandler.run(QuorumCnxManager.java:1033)
	at java.util.concurrent.Executors$RunnableAdapter.call(Executors.java:511)
	at java.util.concurrent.FutureTask.run(FutureTask.java:266)
	at java.util.concurrent.ThreadPoolExecutor.runWorker(ThreadPoolExecutor.java:1149)
	at java.util.concurrent.ThreadPoolExecutor$Worker.run(ThreadPoolExecutor.java:624)
	at java.lang.Thread.run(Thread.java:748)
Caused by: javax.net.ssl.SSLHandshakeException: java.security.cert.CertificateException: Failed to verify both host address and host name
	at sun.security.ssl.Alerts.getSSLException(Alerts.java:198)
	at sun.security.ssl.SSLSocketImpl.fatal(SSLSocketImpl.java:1967)
	at sun.security.ssl.Handshaker.fatalSE(Handshaker.java:331)
	at sun.security.ssl.Handshaker.fatalSE(Handshaker.java:325)
	at sun.security.ssl.ServerHandshaker.clientCertificate(ServerHandshaker.java:2055)
	at sun.security.ssl.ServerHandshaker.processMessage(ServerHandshaker.java:233)
	at sun.security.ssl.Handshaker.processLoop(Handshaker.java:1082)
	at sun.security.ssl.Handshaker.process_record(Handshaker.java:1010)
	at sun.security.ssl.SSLSocketImpl.readRecord(SSLSocketImpl.java:1079)
	at sun.security.ssl.SSLSocketImpl.performInitialHandshake(SSLSocketImpl.java:1388)
	at sun.security.ssl.SSLSocketImpl.startHandshake(SSLSocketImpl.java:1416)
	at sun.security.ssl.SSLSocketImpl.getSession(SSLSocketImpl.java:2309)
	at org.apache.zookeeper.server.quorum.UnifiedServerSocket$UnifiedSocket.detectMode(UnifiedServerSocket.java:269)
	at org.apache.zookeeper.server.quorum.UnifiedServerSocket$UnifiedSocket.getSocket(UnifiedServerSocket.java:298)
	at org.apache.zookeeper.server.quorum.UnifiedServerSocket$UnifiedSocket.access$400(UnifiedServerSocket.java:172)
	at org.apache.zookeeper.server.quorum.UnifiedServerSocket$UnifiedInputStream.getRealInputStream(UnifiedServerSocket.java:699)
	... 15 more
Caused by: java.security.cert.CertificateException: Failed to verify both host address and host name
	at org.apache.zookeeper.common.ZKTrustManager.performHostVerification(ZKTrustManager.java:163)
	at org.apache.zookeeper.common.ZKTrustManager.checkClientTrusted(ZKTrustManager.java:79)
	at sun.security.ssl.ServerHandshaker.clientCertificate(ServerHandshaker.java:2037)
	... 26 more
Caused by: javax.net.ssl.SSLPeerUnverifiedException: Certificate for <activate.navicat.com> doesn't match any of the subject alternative names: [localhost]
	at org.apache.zookeeper.common.ZKHostnameVerifier.matchDNSName(ZKHostnameVerifier.java:230)
	at org.apache.zookeeper.common.ZKHostnameVerifier.verify(ZKHostnameVerifier.java:171)
	at org.apache.zookeeper.common.ZKTrustManager.performHostVerification(ZKTrustManager.java:159)
	... 28 more
2020-06-22 14:14:17,850 [myid:3] - WARN  [QuorumConnectionThread-[myid=3]-3:QuorumCnxManager@400] - Cannot open channel to 1 at election address /127.0.0.1:30164
java.net.SocketException: Software caused connection abort: socket write error
	at java.net.SocketOutputStream.socketWrite0(Native Method)
	at java.net.SocketOutputStream.socketWrite(SocketOutputStream.java:111)
	at java.net.SocketOutputStream.write(SocketOutputStream.java:155)
	at sun.security.ssl.OutputRecord.writeBuffer(OutputRecord.java:431)
	at sun.security.ssl.OutputRecord.write(OutputRecord.java:417)
	at sun.security.ssl.SSLSocketImpl.writeRecordInternal(SSLSocketImpl.java:894)
	at sun.security.ssl.SSLSocketImpl.writeRecord(SSLSocketImpl.java:865)
	at sun.security.ssl.SSLSocketImpl.writeRecord(SSLSocketImpl.java:735)
	at sun.security.ssl.Handshaker.sendChangeCipherSpec(Handshaker.java:1189)
	at sun.security.ssl.ClientHandshaker.sendChangeCipherAndFinish(ClientHandshaker.java:1323)
	at sun.security.ssl.ClientHandshaker.serverHelloDone(ClientHandshaker.java:1233)
	at sun.security.ssl.ClientHandshaker.processMessage(ClientHandshaker.java:372)
	at sun.security.ssl.Handshaker.processLoop(Handshaker.java:1082)
	at sun.security.ssl.Handshaker.process_record(Handshaker.java:1010)
	at sun.security.ssl.SSLSocketImpl.readRecord(SSLSocketImpl.java:1079)
	at sun.security.ssl.SSLSocketImpl.performInitialHandshake(SSLSocketImpl.java:1388)
	at sun.security.ssl.SSLSocketImpl.startHandshake(SSLSocketImpl.java:1416)
	at sun.security.ssl.SSLSocketImpl.startHandshake(SSLSocketImpl.java:1400)
	at org.apache.zookeeper.server.quorum.QuorumCnxManager.initiateConnection(QuorumCnxManager.java:386)
	at org.apache.zookeeper.server.quorum.QuorumCnxManager$QuorumConnectionReqThread.run(QuorumCnxManager.java:457)
	at java.util.concurrent.ThreadPoolExecutor.runWorker(ThreadPoolExecutor.java:1149)
	at java.util.concurrent.ThreadPoolExecutor$Worker.run(ThreadPoolExecutor.java:624)
	at java.lang.Thread.run(Thread.java:748)
2020-06-22 14:14:17,851 [myid:3] - WARN  [QuorumConnectionThread-[myid=3]-2:QuorumCnxManager@400] - Cannot open channel to 2 at election address /127.0.0.1:30165
java.net.SocketException: Software caused connection abort: socket write error
	at java.net.SocketOutputStream.socketWrite0(Native Method)
	at java.net.SocketOutputStream.socketWrite(SocketOutputStream.java:111)
	at java.net.SocketOutputStream.write(SocketOutputStream.java:155)
	at sun.security.ssl.OutputRecord.writeBuffer(OutputRecord.java:431)
	at sun.security.ssl.OutputRecord.write(OutputRecord.java:417)
	at sun.security.ssl.SSLSocketImpl.writeRecordInternal(SSLSocketImpl.java:894)
	at sun.security.ssl.SSLSocketImpl.writeRecord(SSLSocketImpl.java:865)
	at sun.security.ssl.SSLSocketImpl.writeRecord(SSLSocketImpl.java:735)
	at sun.security.ssl.Handshaker.sendChangeCipherSpec(Handshaker.java:1189)
	at sun.security.ssl.ClientHandshaker.sendChangeCipherAndFinish(ClientHandshaker.java:1323)
	at sun.security.ssl.ClientHandshaker.serverHelloDone(ClientHandshaker.java:1233)
	at sun.security.ssl.ClientHandshaker.processMessage(ClientHandshaker.java:372)
	at sun.security.ssl.Handshaker.processLoop(Handshaker.java:1082)
	at sun.security.ssl.Handshaker.process_record(Handshaker.java:1010)
	at sun.security.ssl.SSLSocketImpl.readRecord(SSLSocketImpl.java:1079)
	at sun.security.ssl.SSLSocketImpl.performInitialHandshake(SSLSocketImpl.java:1388)
	at sun.security.ssl.SSLSocketImpl.startHandshake(SSLSocketImpl.java:1416)
	at sun.security.ssl.SSLSocketImpl.startHandshake(SSLSocketImpl.java:1400)
	at org.apache.zookeeper.server.quorum.QuorumCnxManager.initiateConnection(QuorumCnxManager.java:386)
	at org.apache.zookeeper.server.quorum.QuorumCnxManager$QuorumConnectionReqThread.run(QuorumCnxManager.java:457)
	at java.util.concurrent.ThreadPoolExecutor.runWorker(ThreadPoolExecutor.java:1149)
	at java.util.concurrent.ThreadPoolExecutor$Worker.run(ThreadPoolExecutor.java:624)
	at java.lang.Thread.run(Thread.java:748)
2020-06-22 14:14:17,943 [myid:] - INFO  [Time-limited test:FourLetterWordMain@93] - connecting to 127.0.0.1 30160
2020-06-22 14:14:17,944 [myid:3] - INFO  [nioEventLoopGroup-136-3:NettyServerCnxn@285] - Processing stat command from /127.0.0.1:59976
2020-06-22 14:14:18,194 [myid:] - INFO  [Time-limited test:FourLetterWordMain@93] - connecting to 127.0.0.1 30160
2020-06-22 14:14:18,195 [myid:3] - INFO  [nioEventLoopGroup-136-4:NettyServerCnxn@285] - Processing stat command from /127.0.0.1:59982
2020-06-22 14:14:18,446 [myid:] - INFO  [Time-limited test:FourLetterWordMain@93] - connecting to 127.0.0.1 30160
2020-06-22 14:14:18,447 [myid:3] - INFO  [nioEventLoopGroup-136-5:NettyServerCnxn@285] - Processing stat command from /127.0.0.1:59983
2020-06-22 14:14:18,698 [myid:] - INFO  [Time-limited test:FourLetterWordMain@93] - connecting to 127.0.0.1 30160
2020-06-22 14:14:18,699 [myid:3] - INFO  [nioEventLoopGroup-136-6:NettyServerCnxn@285] - Processing stat command from /127.0.0.1:59986
2020-06-22 14:14:18,949 [myid:] - INFO  [Time-limited test:FourLetterWordMain@93] - connecting to 127.0.0.1 30160
2020-06-22 14:14:18,949 [myid:3] - INFO  [nioEventLoopGroup-136-7:NettyServerCnxn@285] - Processing stat command from /127.0.0.1:59988
2020-06-22 14:14:19,201 [myid:] - INFO  [Time-limited test:FourLetterWordMain@93] - connecting to 127.0.0.1 30160
2020-06-22 14:14:19,202 [myid:3] - INFO  [nioEventLoopGroup-136-8:NettyServerCnxn@285] - Processing stat command from /127.0.0.1:59993
2020-06-22 14:14:19,452 [myid:] - INFO  [Time-limited test:FourLetterWordMain@93] - connecting to 127.0.0.1 30160
2020-06-22 14:14:19,452 [myid:3] - INFO  [nioEventLoopGroup-136-9:NettyServerCnxn@285] - Processing stat command from /127.0.0.1:60000
2020-06-22 14:14:19,703 [myid:] - INFO  [Time-limited test:FourLetterWordMain@93] - connecting to 127.0.0.1 30160
2020-06-22 14:14:19,703 [myid:3] - INFO  [nioEventLoopGroup-136-10:NettyServerCnxn@285] - Processing stat command from /127.0.0.1:60001
2020-06-22 14:14:19,955 [myid:] - INFO  [Time-limited test:FourLetterWordMain@93] - connecting to 127.0.0.1 30160
2020-06-22 14:14:19,955 [myid:3] - INFO  [nioEventLoopGroup-136-11:NettyServerCnxn@285] - Processing stat command from /127.0.0.1:60003
2020-06-22 14:14:20,206 [myid:] - INFO  [Time-limited test:FourLetterWordMain@93] - connecting to 127.0.0.1 30160
2020-06-22 14:14:20,206 [myid:3] - INFO  [nioEventLoopGroup-136-12:NettyServerCnxn@285] - Processing stat command from /127.0.0.1:60030
2020-06-22 14:14:20,457 [myid:] - INFO  [Time-limited test:FourLetterWordMain@93] - connecting to 127.0.0.1 30160
2020-06-22 14:14:20,457 [myid:3] - INFO  [nioEventLoopGroup-136-13:NettyServerCnxn@285] - Processing stat command from /127.0.0.1:60032
2020-06-22 14:14:20,709 [myid:] - INFO  [Time-limited test:FourLetterWordMain@93] - connecting to 127.0.0.1 30160
2020-06-22 14:14:20,709 [myid:3] - INFO  [nioEventLoopGroup-136-14:NettyServerCnxn@285] - Processing stat command from /127.0.0.1:60060
2020-06-22 14:14:20,960 [myid:] - INFO  [Time-limited test:FourLetterWordMain@93] - connecting to 127.0.0.1 30160
2020-06-22 14:14:20,961 [myid:3] - INFO  [nioEventLoopGroup-136-15:NettyServerCnxn@285] - Processing stat command from /127.0.0.1:60066
2020-06-22 14:14:21,211 [myid:] - INFO  [Time-limited test:FourLetterWordMain@93] - connecting to 127.0.0.1 30160
2020-06-22 14:14:21,211 [myid:3] - INFO  [nioEventLoopGroup-136-16:NettyServerCnxn@285] - Processing stat command from /127.0.0.1:60080
2020-06-22 14:14:21,463 [myid:] - INFO  [Time-limited test:FourLetterWordMain@93] - connecting to 127.0.0.1 30160
2020-06-22 14:14:21,468 [myid:3] - INFO  [nioEventLoopGroup-136-1:NettyServerCnxn@285] - Processing stat command from /127.0.0.1:60087
2020-06-22 14:14:21,719 [myid:] - INFO  [Time-limited test:FourLetterWordMain@93] - connecting to 127.0.0.1 30160
2020-06-22 14:14:21,719 [myid:3] - INFO  [nioEventLoopGroup-136-2:NettyServerCnxn@285] - Processing stat command from /127.0.0.1:60091
2020-06-22 14:14:21,970 [myid:] - INFO  [Time-limited test:FourLetterWordMain@93] - connecting to 127.0.0.1 30160
2020-06-22 14:14:21,970 [myid:3] - INFO  [nioEventLoopGroup-136-3:NettyServerCnxn@285] - Processing stat command from /127.0.0.1:60093
2020-06-22 14:14:22,221 [myid:] - INFO  [Time-limited test:FourLetterWordMain@93] - connecting to 127.0.0.1 30160
2020-06-22 14:14:22,221 [myid:3] - INFO  [nioEventLoopGroup-136-4:NettyServerCnxn@285] - Processing stat command from /127.0.0.1:60105
2020-06-22 14:14:22,473 [myid:] - INFO  [Time-limited test:FourLetterWordMain@93] - connecting to 127.0.0.1 30160
2020-06-22 14:14:22,473 [myid:3] - INFO  [nioEventLoopGroup-136-5:NettyServerCnxn@285] - Processing stat command from /127.0.0.1:60121
2020-06-22 14:14:22,724 [myid:] - INFO  [Time-limited test:FourLetterWordMain@93] - connecting to 127.0.0.1 30160
2020-06-22 14:14:22,724 [myid:3] - INFO  [nioEventLoopGroup-136-6:NettyServerCnxn@285] - Processing stat command from /127.0.0.1:60135
2020-06-22 14:14:22,976 [myid:] - INFO  [Time-limited test:FourLetterWordMain@93] - connecting to 127.0.0.1 30160
2020-06-22 14:14:22,976 [myid:3] - INFO  [nioEventLoopGroup-136-7:NettyServerCnxn@285] - Processing stat command from /127.0.0.1:60138
2020-06-22 14:14:23,227 [myid:] - INFO  [Time-limited test:FourLetterWordMain@93] - connecting to 127.0.0.1 30160
2020-06-22 14:14:23,227 [myid:3] - INFO  [nioEventLoopGroup-136-8:NettyServerCnxn@285] - Processing stat command from /127.0.0.1:60139
2020-06-22 14:14:23,478 [myid:] - INFO  [Time-limited test:FourLetterWordMain@93] - connecting to 127.0.0.1 30160
2020-06-22 14:14:23,479 [myid:3] - INFO  [nioEventLoopGroup-136-9:NettyServerCnxn@285] - Processing stat command from /127.0.0.1:60142
2020-06-22 14:14:23,730 [myid:] - INFO  [Time-limited test:FourLetterWordMain@93] - connecting to 127.0.0.1 30160
2020-06-22 14:14:23,730 [myid:3] - INFO  [nioEventLoopGroup-136-10:NettyServerCnxn@285] - Processing stat command from /127.0.0.1:60146
2020-06-22 14:14:23,982 [myid:] - INFO  [Time-limited test:FourLetterWordMain@93] - connecting to 127.0.0.1 30160
2020-06-22 14:14:23,982 [myid:3] - INFO  [nioEventLoopGroup-136-11:NettyServerCnxn@285] - Processing stat command from /127.0.0.1:60148
2020-06-22 14:14:24,233 [myid:] - INFO  [Time-limited test:FourLetterWordMain@93] - connecting to 127.0.0.1 30160
2020-06-22 14:14:24,234 [myid:3] - INFO  [nioEventLoopGroup-136-12:NettyServerCnxn@285] - Processing stat command from /127.0.0.1:60149
2020-06-22 14:14:24,486 [myid:] - INFO  [Time-limited test:FourLetterWordMain@93] - connecting to 127.0.0.1 30160
2020-06-22 14:14:24,487 [myid:3] - INFO  [nioEventLoopGroup-136-13:NettyServerCnxn@285] - Processing stat command from /127.0.0.1:60161
2020-06-22 14:14:24,737 [myid:] - INFO  [Time-limited test:FourLetterWordMain@93] - connecting to 127.0.0.1 30160
2020-06-22 14:14:24,737 [myid:3] - INFO  [nioEventLoopGroup-136-14:NettyServerCnxn@285] - Processing stat command from /127.0.0.1:60189
2020-06-22 14:14:24,996 [myid:] - INFO  [Time-limited test:FourLetterWordMain@93] - connecting to 127.0.0.1 30160
2020-06-22 14:14:24,997 [myid:3] - INFO  [nioEventLoopGroup-136-15:NettyServerCnxn@285] - Processing stat command from /127.0.0.1:60195
2020-06-22 14:14:25,249 [myid:] - INFO  [Time-limited test:FourLetterWordMain@93] - connecting to 127.0.0.1 30160
2020-06-22 14:14:25,250 [myid:3] - INFO  [nioEventLoopGroup-136-16:NettyServerCnxn@285] - Processing stat command from /127.0.0.1:60206
2020-06-22 14:14:25,500 [myid:] - INFO  [Time-limited test:FourLetterWordMain@93] - connecting to 127.0.0.1 30160
2020-06-22 14:14:25,500 [myid:3] - INFO  [nioEventLoopGroup-136-1:NettyServerCnxn@285] - Processing stat command from /127.0.0.1:60213
2020-06-22 14:14:25,751 [myid:] - INFO  [Time-limited test:FourLetterWordMain@93] - connecting to 127.0.0.1 30160
2020-06-22 14:14:25,751 [myid:3] - INFO  [nioEventLoopGroup-136-2:NettyServerCnxn@285] - Processing stat command from /127.0.0.1:60214
2020-06-22 14:14:26,003 [myid:] - INFO  [Time-limited test:FourLetterWordMain@93] - connecting to 127.0.0.1 30160
2020-06-22 14:14:26,003 [myid:3] - INFO  [nioEventLoopGroup-136-3:NettyServerCnxn@285] - Processing stat command from /127.0.0.1:60215
2020-06-22 14:14:26,254 [myid:] - INFO  [Time-limited test:FourLetterWordMain@93] - connecting to 127.0.0.1 30160
2020-06-22 14:14:26,254 [myid:3] - INFO  [nioEventLoopGroup-136-4:NettyServerCnxn@285] - Processing stat command from /127.0.0.1:60216
2020-06-22 14:14:26,506 [myid:] - INFO  [Time-limited test:FourLetterWordMain@93] - connecting to 127.0.0.1 30160
2020-06-22 14:14:26,506 [myid:3] - INFO  [nioEventLoopGroup-136-5:NettyServerCnxn@285] - Processing stat command from /127.0.0.1:60227
2020-06-22 14:14:26,756 [myid:] - INFO  [Time-limited test:FourLetterWordMain@93] - connecting to 127.0.0.1 30160
2020-06-22 14:14:26,756 [myid:3] - INFO  [nioEventLoopGroup-136-6:NettyServerCnxn@285] - Processing stat command from /127.0.0.1:60230
2020-06-22 14:14:27,017 [myid:] - INFO  [Time-limited test:FourLetterWordMain@93] - connecting to 127.0.0.1 30160
2020-06-22 14:14:27,018 [myid:3] - INFO  [nioEventLoopGroup-136-7:NettyServerCnxn@285] - Processing stat command from /127.0.0.1:60279
2020-06-22 14:14:27,269 [myid:] - INFO  [Time-limited test:FourLetterWordMain@93] - connecting to 127.0.0.1 30160
2020-06-22 14:14:27,269 [myid:3] - INFO  [nioEventLoopGroup-136-8:NettyServerCnxn@285] - Processing stat command from /127.0.0.1:60297
2020-06-22 14:14:27,520 [myid:] - INFO  [Time-limited test:FourLetterWordMain@93] - connecting to 127.0.0.1 30160
2020-06-22 14:14:27,520 [myid:3] - INFO  [nioEventLoopGroup-136-9:NettyServerCnxn@285] - Processing stat command from /127.0.0.1:60322
2020-06-22 14:14:27,771 [myid:] - INFO  [Time-limited test:FourLetterWordMain@93] - connecting to 127.0.0.1 30160
2020-06-22 14:14:27,771 [myid:3] - INFO  [nioEventLoopGroup-136-10:NettyServerCnxn@285] - Processing stat command from /127.0.0.1:60335
2020-06-22 14:14:28,023 [myid:] - INFO  [Time-limited test:FourLetterWordMain@93] - connecting to 127.0.0.1 30160
2020-06-22 14:14:28,024 [myid:3] - INFO  [nioEventLoopGroup-136-11:NettyServerCnxn@285] - Processing stat command from /127.0.0.1:60337
2020-06-22 14:14:28,284 [myid:] - INFO  [Time-limited test:FourLetterWordMain@93] - connecting to 127.0.0.1 30160
2020-06-22 14:14:28,284 [myid:3] - INFO  [nioEventLoopGroup-136-12:NettyServerCnxn@285] - Processing stat command from /127.0.0.1:60340
2020-06-22 14:14:28,535 [myid:] - INFO  [Time-limited test:FourLetterWordMain@93] - connecting to 127.0.0.1 30160
2020-06-22 14:14:28,535 [myid:3] - INFO  [nioEventLoopGroup-136-13:NettyServerCnxn@285] - Processing stat command from /127.0.0.1:60341
2020-06-22 14:14:28,786 [myid:] - INFO  [Time-limited test:FourLetterWordMain@93] - connecting to 127.0.0.1 30160
2020-06-22 14:14:28,786 [myid:3] - INFO  [nioEventLoopGroup-136-14:NettyServerCnxn@285] - Processing stat command from /127.0.0.1:60354
2020-06-22 14:14:29,037 [myid:] - INFO  [Time-limited test:FourLetterWordMain@93] - connecting to 127.0.0.1 30160
2020-06-22 14:14:29,037 [myid:3] - INFO  [nioEventLoopGroup-136-15:NettyServerCnxn@285] - Processing stat command from /127.0.0.1:60365
2020-06-22 14:14:29,289 [myid:] - INFO  [Time-limited test:FourLetterWordMain@93] - connecting to 127.0.0.1 30160
2020-06-22 14:14:29,289 [myid:3] - INFO  [nioEventLoopGroup-136-16:NettyServerCnxn@285] - Processing stat command from /127.0.0.1:60380
2020-06-22 14:14:29,539 [myid:] - INFO  [Time-limited test:FourLetterWordMain@93] - connecting to 127.0.0.1 30160
2020-06-22 14:14:29,539 [myid:3] - INFO  [nioEventLoopGroup-136-1:NettyServerCnxn@285] - Processing stat command from /127.0.0.1:60382
2020-06-22 14:14:29,791 [myid:] - INFO  [Time-limited test:FourLetterWordMain@93] - connecting to 127.0.0.1 30160
2020-06-22 14:14:29,791 [myid:3] - INFO  [nioEventLoopGroup-136-2:NettyServerCnxn@285] - Processing stat command from /127.0.0.1:60384
2020-06-22 14:14:30,041 [myid:] - INFO  [Time-limited test:FourLetterWordMain@93] - connecting to 127.0.0.1 30160
2020-06-22 14:14:30,041 [myid:3] - INFO  [nioEventLoopGroup-136-3:NettyServerCnxn@285] - Processing stat command from /127.0.0.1:60399
2020-06-22 14:14:30,292 [myid:] - INFO  [Time-limited test:FourLetterWordMain@93] - connecting to 127.0.0.1 30160
2020-06-22 14:14:30,293 [myid:3] - INFO  [nioEventLoopGroup-136-4:NettyServerCnxn@285] - Processing stat command from /127.0.0.1:60400
2020-06-22 14:14:30,544 [myid:] - INFO  [Time-limited test:FourLetterWordMain@93] - connecting to 127.0.0.1 30160
2020-06-22 14:14:30,544 [myid:3] - INFO  [nioEventLoopGroup-136-5:NettyServerCnxn@285] - Processing stat command from /127.0.0.1:60402
2020-06-22 14:14:30,574 [myid:3] - INFO  [QuorumPeer[myid=3](plain=[0:0:0:0:0:0:0:0]:30160)(secure=disabled):FastLeaderElection@979] - Notification time out: 25600
2020-06-22 14:14:30,574 [myid:2] - INFO  [ListenerHandler-/127.0.0.1:30165:QuorumCnxManager$Listener$ListenerHandler@1070] - Received connection request from /127.0.0.1:60403
2020-06-22 14:14:30,574 [myid:1] - INFO  [ListenerHandler-/127.0.0.1:30164:QuorumCnxManager$Listener$ListenerHandler@1070] - Received connection request from /127.0.0.1:60404
2020-06-22 14:14:30,606 [myid:2] - ERROR [ListenerHandler-/127.0.0.1:30165:ZKTrustManager@161] - Failed to verify host address: 127.0.0.1
javax.net.ssl.SSLPeerUnverifiedException: Certificate for <127.0.0.1> doesn't match any of the subject alternative names: [localhost]
	at org.apache.zookeeper.common.ZKHostnameVerifier.matchIPAddress(ZKHostnameVerifier.java:197)
	at org.apache.zookeeper.common.ZKHostnameVerifier.verify(ZKHostnameVerifier.java:165)
	at org.apache.zookeeper.common.ZKTrustManager.performHostVerification(ZKTrustManager.java:151)
	at org.apache.zookeeper.common.ZKTrustManager.checkClientTrusted(ZKTrustManager.java:79)
	at sun.security.ssl.ServerHandshaker.clientCertificate(ServerHandshaker.java:2037)
	at sun.security.ssl.ServerHandshaker.processMessage(ServerHandshaker.java:233)
	at sun.security.ssl.Handshaker.processLoop(Handshaker.java:1082)
	at sun.security.ssl.Handshaker.process_record(Handshaker.java:1010)
	at sun.security.ssl.SSLSocketImpl.readRecord(SSLSocketImpl.java:1079)
	at sun.security.ssl.SSLSocketImpl.performInitialHandshake(SSLSocketImpl.java:1388)
	at sun.security.ssl.SSLSocketImpl.startHandshake(SSLSocketImpl.java:1416)
	at sun.security.ssl.SSLSocketImpl.getSession(SSLSocketImpl.java:2309)
	at org.apache.zookeeper.server.quorum.UnifiedServerSocket$UnifiedSocket.detectMode(UnifiedServerSocket.java:269)
	at org.apache.zookeeper.server.quorum.UnifiedServerSocket$UnifiedSocket.getSocket(UnifiedServerSocket.java:298)
	at org.apache.zookeeper.server.quorum.UnifiedServerSocket$UnifiedSocket.access$400(UnifiedServerSocket.java:172)
	at org.apache.zookeeper.server.quorum.UnifiedServerSocket$UnifiedInputStream.getRealInputStream(UnifiedServerSocket.java:699)
	at org.apache.zookeeper.server.quorum.UnifiedServerSocket$UnifiedInputStream.read(UnifiedServerSocket.java:693)
	at java.io.BufferedInputStream.fill(BufferedInputStream.java:246)
	at java.io.BufferedInputStream.read1(BufferedInputStream.java:286)
	at java.io.BufferedInputStream.read(BufferedInputStream.java:345)
	at java.io.DataInputStream.readFully(DataInputStream.java:195)
	at java.io.DataInputStream.readLong(DataInputStream.java:416)
	at org.apache.zookeeper.server.quorum.QuorumCnxManager.handleConnection(QuorumCnxManager.java:601)
	at org.apache.zookeeper.server.quorum.QuorumCnxManager.receiveConnection(QuorumCnxManager.java:554)
	at org.apache.zookeeper.server.quorum.QuorumCnxManager$Listener$ListenerHandler.acceptConnections(QuorumCnxManager.java:1079)
	at org.apache.zookeeper.server.quorum.QuorumCnxManager$Listener$ListenerHandler.run(QuorumCnxManager.java:1033)
	at java.util.concurrent.Executors$RunnableAdapter.call(Executors.java:511)
	at java.util.concurrent.FutureTask.run(FutureTask.java:266)
	at java.util.concurrent.ThreadPoolExecutor.runWorker(ThreadPoolExecutor.java:1149)
	at java.util.concurrent.ThreadPoolExecutor$Worker.run(ThreadPoolExecutor.java:624)
	at java.lang.Thread.run(Thread.java:748)
2020-06-22 14:14:30,606 [myid:2] - ERROR [ListenerHandler-/127.0.0.1:30165:ZKTrustManager@162] - Failed to verify hostname: activate.navicat.com
javax.net.ssl.SSLPeerUnverifiedException: Certificate for <activate.navicat.com> doesn't match any of the subject alternative names: [localhost]
	at org.apache.zookeeper.common.ZKHostnameVerifier.matchDNSName(ZKHostnameVerifier.java:230)
	at org.apache.zookeeper.common.ZKHostnameVerifier.verify(ZKHostnameVerifier.java:171)
	at org.apache.zookeeper.common.ZKTrustManager.performHostVerification(ZKTrustManager.java:159)
	at org.apache.zookeeper.common.ZKTrustManager.checkClientTrusted(ZKTrustManager.java:79)
	at sun.security.ssl.ServerHandshaker.clientCertificate(ServerHandshaker.java:2037)
	at sun.security.ssl.ServerHandshaker.processMessage(ServerHandshaker.java:233)
	at sun.security.ssl.Handshaker.processLoop(Handshaker.java:1082)
	at sun.security.ssl.Handshaker.process_record(Handshaker.java:1010)
	at sun.security.ssl.SSLSocketImpl.readRecord(SSLSocketImpl.java:1079)
	at sun.security.ssl.SSLSocketImpl.performInitialHandshake(SSLSocketImpl.java:1388)
	at sun.security.ssl.SSLSocketImpl.startHandshake(SSLSocketImpl.java:1416)
	at sun.security.ssl.SSLSocketImpl.getSession(SSLSocketImpl.java:2309)
	at org.apache.zookeeper.server.quorum.UnifiedServerSocket$UnifiedSocket.detectMode(UnifiedServerSocket.java:269)
	at org.apache.zookeeper.server.quorum.UnifiedServerSocket$UnifiedSocket.getSocket(UnifiedServerSocket.java:298)
	at org.apache.zookeeper.server.quorum.UnifiedServerSocket$UnifiedSocket.access$400(UnifiedServerSocket.java:172)
	at org.apache.zookeeper.server.quorum.UnifiedServerSocket$UnifiedInputStream.getRealInputStream(UnifiedServerSocket.java:699)
	at org.apache.zookeeper.server.quorum.UnifiedServerSocket$UnifiedInputStream.read(UnifiedServerSocket.java:693)
	at java.io.BufferedInputStream.fill(BufferedInputStream.java:246)
	at java.io.BufferedInputStream.read1(BufferedInputStream.java:286)
	at java.io.BufferedInputStream.read(BufferedInputStream.java:345)
	at java.io.DataInputStream.readFully(DataInputStream.java:195)
	at java.io.DataInputStream.readLong(DataInputStream.java:416)
	at org.apache.zookeeper.server.quorum.QuorumCnxManager.handleConnection(QuorumCnxManager.java:601)
	at org.apache.zookeeper.server.quorum.QuorumCnxManager.receiveConnection(QuorumCnxManager.java:554)
	at org.apache.zookeeper.server.quorum.QuorumCnxManager$Listener$ListenerHandler.acceptConnections(QuorumCnxManager.java:1079)
	at org.apache.zookeeper.server.quorum.QuorumCnxManager$Listener$ListenerHandler.run(QuorumCnxManager.java:1033)
	at java.util.concurrent.Executors$RunnableAdapter.call(Executors.java:511)
	at java.util.concurrent.FutureTask.run(FutureTask.java:266)
	at java.util.concurrent.ThreadPoolExecutor.runWorker(ThreadPoolExecutor.java:1149)
	at java.util.concurrent.ThreadPoolExecutor$Worker.run(ThreadPoolExecutor.java:624)
	at java.lang.Thread.run(Thread.java:748)
2020-06-22 14:14:30,606 [myid:2] - INFO  [ListenerHandler-/127.0.0.1:30165:UnifiedServerSocket$UnifiedSocket@266] - Accepted TLS connection from activate.navicat.com/127.0.0.1:60403 - NONE - SSL_NULL_WITH_NULL_NULL
2020-06-22 14:14:30,606 [myid:2] - WARN  [ListenerHandler-/127.0.0.1:30165:QuorumCnxManager@629] - Exception reading or writing challenge
javax.net.ssl.SSLException: Connection has been shutdown: javax.net.ssl.SSLHandshakeException: java.security.cert.CertificateException: Failed to verify both host address and host name
	at sun.security.ssl.SSLSocketImpl.checkEOF(SSLSocketImpl.java:1554)
	at sun.security.ssl.AppInputStream.read(AppInputStream.java:95)
	at org.apache.zookeeper.server.quorum.UnifiedServerSocket$UnifiedInputStream.read(UnifiedServerSocket.java:693)
	at java.io.BufferedInputStream.fill(BufferedInputStream.java:246)
	at java.io.BufferedInputStream.read1(BufferedInputStream.java:286)
	at java.io.BufferedInputStream.read(BufferedInputStream.java:345)
	at java.io.DataInputStream.readFully(DataInputStream.java:195)
	at java.io.DataInputStream.readLong(DataInputStream.java:416)
	at org.apache.zookeeper.server.quorum.QuorumCnxManager.handleConnection(QuorumCnxManager.java:601)
	at org.apache.zookeeper.server.quorum.QuorumCnxManager.receiveConnection(QuorumCnxManager.java:554)
	at org.apache.zookeeper.server.quorum.QuorumCnxManager$Listener$ListenerHandler.acceptConnections(QuorumCnxManager.java:1079)
	at org.apache.zookeeper.server.quorum.QuorumCnxManager$Listener$ListenerHandler.run(QuorumCnxManager.java:1033)
	at java.util.concurrent.Executors$RunnableAdapter.call(Executors.java:511)
	at java.util.concurrent.FutureTask.run(FutureTask.java:266)
	at java.util.concurrent.ThreadPoolExecutor.runWorker(ThreadPoolExecutor.java:1149)
	at java.util.concurrent.ThreadPoolExecutor$Worker.run(ThreadPoolExecutor.java:624)
	at java.lang.Thread.run(Thread.java:748)
Caused by: javax.net.ssl.SSLHandshakeException: java.security.cert.CertificateException: Failed to verify both host address and host name
	at sun.security.ssl.Alerts.getSSLException(Alerts.java:198)
	at sun.security.ssl.SSLSocketImpl.fatal(SSLSocketImpl.java:1967)
	at sun.security.ssl.Handshaker.fatalSE(Handshaker.java:331)
	at sun.security.ssl.Handshaker.fatalSE(Handshaker.java:325)
	at sun.security.ssl.ServerHandshaker.clientCertificate(ServerHandshaker.java:2055)
	at sun.security.ssl.ServerHandshaker.processMessage(ServerHandshaker.java:233)
	at sun.security.ssl.Handshaker.processLoop(Handshaker.java:1082)
	at sun.security.ssl.Handshaker.process_record(Handshaker.java:1010)
	at sun.security.ssl.SSLSocketImpl.readRecord(SSLSocketImpl.java:1079)
	at sun.security.ssl.SSLSocketImpl.performInitialHandshake(SSLSocketImpl.java:1388)
	at sun.security.ssl.SSLSocketImpl.startHandshake(SSLSocketImpl.java:1416)
	at sun.security.ssl.SSLSocketImpl.getSession(SSLSocketImpl.java:2309)
	at org.apache.zookeeper.server.quorum.UnifiedServerSocket$UnifiedSocket.detectMode(UnifiedServerSocket.java:269)
	at org.apache.zookeeper.server.quorum.UnifiedServerSocket$UnifiedSocket.getSocket(UnifiedServerSocket.java:298)
	at org.apache.zookeeper.server.quorum.UnifiedServerSocket$UnifiedSocket.access$400(UnifiedServerSocket.java:172)
	at org.apache.zookeeper.server.quorum.UnifiedServerSocket$UnifiedInputStream.getRealInputStream(UnifiedServerSocket.java:699)
	... 15 more
Caused by: java.security.cert.CertificateException: Failed to verify both host address and host name
	at org.apache.zookeeper.common.ZKTrustManager.performHostVerification(ZKTrustManager.java:163)
	at org.apache.zookeeper.common.ZKTrustManager.checkClientTrusted(ZKTrustManager.java:79)
	at sun.security.ssl.ServerHandshaker.clientCertificate(ServerHandshaker.java:2037)
	... 26 more
Caused by: javax.net.ssl.SSLPeerUnverifiedException: Certificate for <activate.navicat.com> doesn't match any of the subject alternative names: [localhost]
	at org.apache.zookeeper.common.ZKHostnameVerifier.matchDNSName(ZKHostnameVerifier.java:230)
	at org.apache.zookeeper.common.ZKHostnameVerifier.verify(ZKHostnameVerifier.java:171)
	at org.apache.zookeeper.common.ZKTrustManager.performHostVerification(ZKTrustManager.java:159)
	... 28 more
2020-06-22 14:14:30,607 [myid:1] - ERROR [ListenerHandler-/127.0.0.1:30164:ZKTrustManager@161] - Failed to verify host address: 127.0.0.1
javax.net.ssl.SSLPeerUnverifiedException: Certificate for <127.0.0.1> doesn't match any of the subject alternative names: [localhost]
	at org.apache.zookeeper.common.ZKHostnameVerifier.matchIPAddress(ZKHostnameVerifier.java:197)
	at org.apache.zookeeper.common.ZKHostnameVerifier.verify(ZKHostnameVerifier.java:165)
	at org.apache.zookeeper.common.ZKTrustManager.performHostVerification(ZKTrustManager.java:151)
	at org.apache.zookeeper.common.ZKTrustManager.checkClientTrusted(ZKTrustManager.java:79)
	at sun.security.ssl.ServerHandshaker.clientCertificate(ServerHandshaker.java:2037)
	at sun.security.ssl.ServerHandshaker.processMessage(ServerHandshaker.java:233)
	at sun.security.ssl.Handshaker.processLoop(Handshaker.java:1082)
	at sun.security.ssl.Handshaker.process_record(Handshaker.java:1010)
	at sun.security.ssl.SSLSocketImpl.readRecord(SSLSocketImpl.java:1079)
	at sun.security.ssl.SSLSocketImpl.performInitialHandshake(SSLSocketImpl.java:1388)
	at sun.security.ssl.SSLSocketImpl.startHandshake(SSLSocketImpl.java:1416)
	at sun.security.ssl.SSLSocketImpl.getSession(SSLSocketImpl.java:2309)
	at org.apache.zookeeper.server.quorum.UnifiedServerSocket$UnifiedSocket.detectMode(UnifiedServerSocket.java:269)
	at org.apache.zookeeper.server.quorum.UnifiedServerSocket$UnifiedSocket.getSocket(UnifiedServerSocket.java:298)
	at org.apache.zookeeper.server.quorum.UnifiedServerSocket$UnifiedSocket.access$400(UnifiedServerSocket.java:172)
	at org.apache.zookeeper.server.quorum.UnifiedServerSocket$UnifiedInputStream.getRealInputStream(UnifiedServerSocket.java:699)
	at org.apache.zookeeper.server.quorum.UnifiedServerSocket$UnifiedInputStream.read(UnifiedServerSocket.java:693)
	at java.io.BufferedInputStream.fill(BufferedInputStream.java:246)
	at java.io.BufferedInputStream.read1(BufferedInputStream.java:286)
	at java.io.BufferedInputStream.read(BufferedInputStream.java:345)
	at java.io.DataInputStream.readFully(DataInputStream.java:195)
	at java.io.DataInputStream.readLong(DataInputStream.java:416)
	at org.apache.zookeeper.server.quorum.QuorumCnxManager.handleConnection(QuorumCnxManager.java:601)
	at org.apache.zookeeper.server.quorum.QuorumCnxManager.receiveConnection(QuorumCnxManager.java:554)
	at org.apache.zookeeper.server.quorum.QuorumCnxManager$Listener$ListenerHandler.acceptConnections(QuorumCnxManager.java:1079)
	at org.apache.zookeeper.server.quorum.QuorumCnxManager$Listener$ListenerHandler.run(QuorumCnxManager.java:1033)
	at java.util.concurrent.Executors$RunnableAdapter.call(Executors.java:511)
	at java.util.concurrent.FutureTask.run(FutureTask.java:266)
	at java.util.concurrent.ThreadPoolExecutor.runWorker(ThreadPoolExecutor.java:1149)
	at java.util.concurrent.ThreadPoolExecutor$Worker.run(ThreadPoolExecutor.java:624)
	at java.lang.Thread.run(Thread.java:748)
2020-06-22 14:14:30,607 [myid:1] - ERROR [ListenerHandler-/127.0.0.1:30164:ZKTrustManager@162] - Failed to verify hostname: activate.navicat.com
javax.net.ssl.SSLPeerUnverifiedException: Certificate for <activate.navicat.com> doesn't match any of the subject alternative names: [localhost]
	at org.apache.zookeeper.common.ZKHostnameVerifier.matchDNSName(ZKHostnameVerifier.java:230)
	at org.apache.zookeeper.common.ZKHostnameVerifier.verify(ZKHostnameVerifier.java:171)
	at org.apache.zookeeper.common.ZKTrustManager.performHostVerification(ZKTrustManager.java:159)
	at org.apache.zookeeper.common.ZKTrustManager.checkClientTrusted(ZKTrustManager.java:79)
	at sun.security.ssl.ServerHandshaker.clientCertificate(ServerHandshaker.java:2037)
	at sun.security.ssl.ServerHandshaker.processMessage(ServerHandshaker.java:233)
	at sun.security.ssl.Handshaker.processLoop(Handshaker.java:1082)
	at sun.security.ssl.Handshaker.process_record(Handshaker.java:1010)
	at sun.security.ssl.SSLSocketImpl.readRecord(SSLSocketImpl.java:1079)
	at sun.security.ssl.SSLSocketImpl.performInitialHandshake(SSLSocketImpl.java:1388)
	at sun.security.ssl.SSLSocketImpl.startHandshake(SSLSocketImpl.java:1416)
	at sun.security.ssl.SSLSocketImpl.getSession(SSLSocketImpl.java:2309)
	at org.apache.zookeeper.server.quorum.UnifiedServerSocket$UnifiedSocket.detectMode(UnifiedServerSocket.java:269)
	at org.apache.zookeeper.server.quorum.UnifiedServerSocket$UnifiedSocket.getSocket(UnifiedServerSocket.java:298)
	at org.apache.zookeeper.server.quorum.UnifiedServerSocket$UnifiedSocket.access$400(UnifiedServerSocket.java:172)
	at org.apache.zookeeper.server.quorum.UnifiedServerSocket$UnifiedInputStream.getRealInputStream(UnifiedServerSocket.java:699)
	at org.apache.zookeeper.server.quorum.UnifiedServerSocket$UnifiedInputStream.read(UnifiedServerSocket.java:693)
	at java.io.BufferedInputStream.fill(BufferedInputStream.java:246)
	at java.io.BufferedInputStream.read1(BufferedInputStream.java:286)
	at java.io.BufferedInputStream.read(BufferedInputStream.java:345)
	at java.io.DataInputStream.readFully(DataInputStream.java:195)
	at java.io.DataInputStream.readLong(DataInputStream.java:416)
	at org.apache.zookeeper.server.quorum.QuorumCnxManager.handleConnection(QuorumCnxManager.java:601)
	at org.apache.zookeeper.server.quorum.QuorumCnxManager.receiveConnection(QuorumCnxManager.java:554)
	at org.apache.zookeeper.server.quorum.QuorumCnxManager$Listener$ListenerHandler.acceptConnections(QuorumCnxManager.java:1079)
	at org.apache.zookeeper.server.quorum.QuorumCnxManager$Listener$ListenerHandler.run(QuorumCnxManager.java:1033)
	at java.util.concurrent.Executors$RunnableAdapter.call(Executors.java:511)
	at java.util.concurrent.FutureTask.run(FutureTask.java:266)
	at java.util.concurrent.ThreadPoolExecutor.runWorker(ThreadPoolExecutor.java:1149)
	at java.util.concurrent.ThreadPoolExecutor$Worker.run(ThreadPoolExecutor.java:624)
	at java.lang.Thread.run(Thread.java:748)
2020-06-22 14:14:30,607 [myid:1] - INFO  [ListenerHandler-/127.0.0.1:30164:UnifiedServerSocket$UnifiedSocket@266] - Accepted TLS connection from activate.navicat.com/127.0.0.1:60404 - NONE - SSL_NULL_WITH_NULL_NULL
2020-06-22 14:14:30,607 [myid:1] - WARN  [ListenerHandler-/127.0.0.1:30164:QuorumCnxManager@629] - Exception reading or writing challenge
javax.net.ssl.SSLException: Connection has been shutdown: javax.net.ssl.SSLHandshakeException: java.security.cert.CertificateException: Failed to verify both host address and host name
	at sun.security.ssl.SSLSocketImpl.checkEOF(SSLSocketImpl.java:1554)
	at sun.security.ssl.AppInputStream.read(AppInputStream.java:95)
	at org.apache.zookeeper.server.quorum.UnifiedServerSocket$UnifiedInputStream.read(UnifiedServerSocket.java:693)
	at java.io.BufferedInputStream.fill(BufferedInputStream.java:246)
	at java.io.BufferedInputStream.read1(BufferedInputStream.java:286)
	at java.io.BufferedInputStream.read(BufferedInputStream.java:345)
	at java.io.DataInputStream.readFully(DataInputStream.java:195)
	at java.io.DataInputStream.readLong(DataInputStream.java:416)
	at org.apache.zookeeper.server.quorum.QuorumCnxManager.handleConnection(QuorumCnxManager.java:601)
	at org.apache.zookeeper.server.quorum.QuorumCnxManager.receiveConnection(QuorumCnxManager.java:554)
	at org.apache.zookeeper.server.quorum.QuorumCnxManager$Listener$ListenerHandler.acceptConnections(QuorumCnxManager.java:1079)
	at org.apache.zookeeper.server.quorum.QuorumCnxManager$Listener$ListenerHandler.run(QuorumCnxManager.java:1033)
	at java.util.concurrent.Executors$RunnableAdapter.call(Executors.java:511)
	at java.util.concurrent.FutureTask.run(FutureTask.java:266)
	at java.util.concurrent.ThreadPoolExecutor.runWorker(ThreadPoolExecutor.java:1149)
	at java.util.concurrent.ThreadPoolExecutor$Worker.run(ThreadPoolExecutor.java:624)
	at java.lang.Thread.run(Thread.java:748)
Caused by: javax.net.ssl.SSLHandshakeException: java.security.cert.CertificateException: Failed to verify both host address and host name
	at sun.security.ssl.Alerts.getSSLException(Alerts.java:198)
	at sun.security.ssl.SSLSocketImpl.fatal(SSLSocketImpl.java:1967)
	at sun.security.ssl.Handshaker.fatalSE(Handshaker.java:331)
	at sun.security.ssl.Handshaker.fatalSE(Handshaker.java:325)
	at sun.security.ssl.ServerHandshaker.clientCertificate(ServerHandshaker.java:2055)
	at sun.security.ssl.ServerHandshaker.processMessage(ServerHandshaker.java:233)
	at sun.security.ssl.Handshaker.processLoop(Handshaker.java:1082)
	at sun.security.ssl.Handshaker.process_record(Handshaker.java:1010)
	at sun.security.ssl.SSLSocketImpl.readRecord(SSLSocketImpl.java:1079)
	at sun.security.ssl.SSLSocketImpl.performInitialHandshake(SSLSocketImpl.java:1388)
	at sun.security.ssl.SSLSocketImpl.startHandshake(SSLSocketImpl.java:1416)
	at sun.security.ssl.SSLSocketImpl.getSession(SSLSocketImpl.java:2309)
	at org.apache.zookeeper.server.quorum.UnifiedServerSocket$UnifiedSocket.detectMode(UnifiedServerSocket.java:269)
	at org.apache.zookeeper.server.quorum.UnifiedServerSocket$UnifiedSocket.getSocket(UnifiedServerSocket.java:298)
	at org.apache.zookeeper.server.quorum.UnifiedServerSocket$UnifiedSocket.access$400(UnifiedServerSocket.java:172)
	at org.apache.zookeeper.server.quorum.UnifiedServerSocket$UnifiedInputStream.getRealInputStream(UnifiedServerSocket.java:699)
	... 15 more
Caused by: java.security.cert.CertificateException: Failed to verify both host address and host name
	at org.apache.zookeeper.common.ZKTrustManager.performHostVerification(ZKTrustManager.java:163)
	at org.apache.zookeeper.common.ZKTrustManager.checkClientTrusted(ZKTrustManager.java:79)
	at sun.security.ssl.ServerHandshaker.clientCertificate(ServerHandshaker.java:2037)
	... 26 more
Caused by: javax.net.ssl.SSLPeerUnverifiedException: Certificate for <activate.navicat.com> doesn't match any of the subject alternative names: [localhost]
	at org.apache.zookeeper.common.ZKHostnameVerifier.matchDNSName(ZKHostnameVerifier.java:230)
	at org.apache.zookeeper.common.ZKHostnameVerifier.verify(ZKHostnameVerifier.java:171)
	at org.apache.zookeeper.common.ZKTrustManager.performHostVerification(ZKTrustManager.java:159)
	... 28 more
2020-06-22 14:14:30,630 [myid:3] - WARN  [QuorumConnectionThread-[myid=3]-2:QuorumCnxManager@400] - Cannot open channel to 1 at election address /127.0.0.1:30164
java.net.SocketException: Software caused connection abort: socket write error
	at java.net.SocketOutputStream.socketWrite0(Native Method)
	at java.net.SocketOutputStream.socketWrite(SocketOutputStream.java:111)
	at java.net.SocketOutputStream.write(SocketOutputStream.java:155)
	at sun.security.ssl.OutputRecord.writeBuffer(OutputRecord.java:431)
	at sun.security.ssl.OutputRecord.write(OutputRecord.java:417)
	at sun.security.ssl.SSLSocketImpl.writeRecordInternal(SSLSocketImpl.java:894)
	at sun.security.ssl.SSLSocketImpl.writeRecord(SSLSocketImpl.java:865)
	at sun.security.ssl.SSLSocketImpl.writeRecord(SSLSocketImpl.java:735)
	at sun.security.ssl.Handshaker.sendChangeCipherSpec(Handshaker.java:1189)
	at sun.security.ssl.ClientHandshaker.sendChangeCipherAndFinish(ClientHandshaker.java:1323)
	at sun.security.ssl.ClientHandshaker.serverHelloDone(ClientHandshaker.java:1233)
	at sun.security.ssl.ClientHandshaker.processMessage(ClientHandshaker.java:372)
	at sun.security.ssl.Handshaker.processLoop(Handshaker.java:1082)
	at sun.security.ssl.Handshaker.process_record(Handshaker.java:1010)
	at sun.security.ssl.SSLSocketImpl.readRecord(SSLSocketImpl.java:1079)
	at sun.security.ssl.SSLSocketImpl.performInitialHandshake(SSLSocketImpl.java:1388)
	at sun.security.ssl.SSLSocketImpl.startHandshake(SSLSocketImpl.java:1416)
	at sun.security.ssl.SSLSocketImpl.startHandshake(SSLSocketImpl.java:1400)
	at org.apache.zookeeper.server.quorum.QuorumCnxManager.initiateConnection(QuorumCnxManager.java:386)
	at org.apache.zookeeper.server.quorum.QuorumCnxManager$QuorumConnectionReqThread.run(QuorumCnxManager.java:457)
	at java.util.concurrent.ThreadPoolExecutor.runWorker(ThreadPoolExecutor.java:1149)
	at java.util.concurrent.ThreadPoolExecutor$Worker.run(ThreadPoolExecutor.java:624)
	at java.lang.Thread.run(Thread.java:748)
2020-06-22 14:14:30,630 [myid:3] - WARN  [QuorumConnectionThread-[myid=3]-3:QuorumCnxManager@400] - Cannot open channel to 2 at election address /127.0.0.1:30165
java.net.SocketException: Software caused connection abort: socket write error
	at java.net.SocketOutputStream.socketWrite0(Native Method)
	at java.net.SocketOutputStream.socketWrite(SocketOutputStream.java:111)
	at java.net.SocketOutputStream.write(SocketOutputStream.java:155)
	at sun.security.ssl.OutputRecord.writeBuffer(OutputRecord.java:431)
	at sun.security.ssl.OutputRecord.write(OutputRecord.java:417)
	at sun.security.ssl.SSLSocketImpl.writeRecordInternal(SSLSocketImpl.java:894)
	at sun.security.ssl.SSLSocketImpl.writeRecord(SSLSocketImpl.java:865)
	at sun.security.ssl.SSLSocketImpl.writeRecord(SSLSocketImpl.java:735)
	at sun.security.ssl.Handshaker.sendChangeCipherSpec(Handshaker.java:1189)
	at sun.security.ssl.ClientHandshaker.sendChangeCipherAndFinish(ClientHandshaker.java:1323)
	at sun.security.ssl.ClientHandshaker.serverHelloDone(ClientHandshaker.java:1233)
	at sun.security.ssl.ClientHandshaker.processMessage(ClientHandshaker.java:372)
	at sun.security.ssl.Handshaker.processLoop(Handshaker.java:1082)
	at sun.security.ssl.Handshaker.process_record(Handshaker.java:1010)
	at sun.security.ssl.SSLSocketImpl.readRecord(SSLSocketImpl.java:1079)
	at sun.security.ssl.SSLSocketImpl.performInitialHandshake(SSLSocketImpl.java:1388)
	at sun.security.ssl.SSLSocketImpl.startHandshake(SSLSocketImpl.java:1416)
	at sun.security.ssl.SSLSocketImpl.startHandshake(SSLSocketImpl.java:1400)
	at org.apache.zookeeper.server.quorum.QuorumCnxManager.initiateConnection(QuorumCnxManager.java:386)
	at org.apache.zookeeper.server.quorum.QuorumCnxManager$QuorumConnectionReqThread.run(QuorumCnxManager.java:457)
	at java.util.concurrent.ThreadPoolExecutor.runWorker(ThreadPoolExecutor.java:1149)
	at java.util.concurrent.ThreadPoolExecutor$Worker.run(ThreadPoolExecutor.java:624)
	at java.lang.Thread.run(Thread.java:748)
2020-06-22 14:14:30,795 [myid:] - INFO  [Time-limited test:FourLetterWordMain@93] - connecting to 127.0.0.1 30160
2020-06-22 14:14:30,795 [myid:3] - INFO  [nioEventLoopGroup-136-6:NettyServerCnxn@285] - Processing stat command from /127.0.0.1:60415
2020-06-22 14:14:31,047 [myid:] - INFO  [Time-limited test:FourLetterWordMain@93] - connecting to 127.0.0.1 30160
2020-06-22 14:14:31,047 [myid:3] - INFO  [nioEventLoopGroup-136-7:NettyServerCnxn@285] - Processing stat command from /127.0.0.1:60419
2020-06-22 14:14:31,298 [myid:] - INFO  [Time-limited test:FourLetterWordMain@93] - connecting to 127.0.0.1 30160
2020-06-22 14:14:31,299 [myid:3] - INFO  [nioEventLoopGroup-136-8:NettyServerCnxn@285] - Processing stat command from /127.0.0.1:60432
2020-06-22 14:14:31,550 [myid:] - INFO  [Time-limited test:FourLetterWordMain@93] - connecting to 127.0.0.1 30160
2020-06-22 14:14:31,551 [myid:3] - INFO  [nioEventLoopGroup-136-9:NettyServerCnxn@285] - Processing stat command from /127.0.0.1:60450
2020-06-22 14:14:31,801 [myid:] - INFO  [Time-limited test:FourLetterWordMain@93] - connecting to 127.0.0.1 30160
2020-06-22 14:14:31,801 [myid:3] - INFO  [nioEventLoopGroup-136-10:NettyServerCnxn@285] - Processing stat command from /127.0.0.1:60455
2020-06-22 14:14:32,053 [myid:] - INFO  [Time-limited test:FourLetterWordMain@93] - connecting to 127.0.0.1 30160
2020-06-22 14:14:32,053 [myid:3] - INFO  [nioEventLoopGroup-136-11:NettyServerCnxn@285] - Processing stat command from /127.0.0.1:60456
2020-06-22 14:14:32,304 [myid:] - INFO  [Time-limited test:FourLetterWordMain@93] - connecting to 127.0.0.1 30160
2020-06-22 14:14:32,304 [myid:3] - INFO  [nioEventLoopGroup-136-12:NettyServerCnxn@285] - Processing stat command from /127.0.0.1:60457
2020-06-22 14:14:32,555 [myid:] - INFO  [Time-limited test:FourLetterWordMain@93] - connecting to 127.0.0.1 30160
2020-06-22 14:14:32,555 [myid:3] - INFO  [nioEventLoopGroup-136-13:NettyServerCnxn@285] - Processing stat command from /127.0.0.1:60458
2020-06-22 14:14:32,806 [myid:] - INFO  [Time-limited test:FourLetterWordMain@93] - connecting to 127.0.0.1 30160
2020-06-22 14:14:32,806 [myid:3] - INFO  [nioEventLoopGroup-136-14:NettyServerCnxn@285] - Processing stat command from /127.0.0.1:60461
2020-06-22 14:14:33,058 [myid:] - INFO  [Time-limited test:FourLetterWordMain@93] - connecting to 127.0.0.1 30160
2020-06-22 14:14:33,058 [myid:3] - INFO  [nioEventLoopGroup-136-15:NettyServerCnxn@285] - Processing stat command from /127.0.0.1:60473
2020-06-22 14:14:33,310 [myid:] - INFO  [Time-limited test:FourLetterWordMain@93] - connecting to 127.0.0.1 30160
2020-06-22 14:14:33,311 [myid:3] - INFO  [nioEventLoopGroup-136-16:NettyServerCnxn@285] - Processing stat command from /127.0.0.1:60474
2020-06-22 14:14:33,562 [myid:] - INFO  [Time-limited test:FourLetterWordMain@93] - connecting to 127.0.0.1 30160
2020-06-22 14:14:33,562 [myid:3] - INFO  [nioEventLoopGroup-136-1:NettyServerCnxn@285] - Processing stat command from /127.0.0.1:60492
2020-06-22 14:14:33,814 [myid:] - INFO  [Time-limited test:FourLetterWordMain@93] - connecting to 127.0.0.1 30160
2020-06-22 14:14:33,814 [myid:3] - INFO  [nioEventLoopGroup-136-2:NettyServerCnxn@285] - Processing stat command from /127.0.0.1:60502
2020-06-22 14:14:34,065 [myid:] - INFO  [Time-limited test:FourLetterWordMain@93] - connecting to 127.0.0.1 30160
2020-06-22 14:14:34,065 [myid:3] - INFO  [nioEventLoopGroup-136-3:NettyServerCnxn@285] - Processing stat command from /127.0.0.1:60506
2020-06-22 14:14:34,317 [myid:] - INFO  [Time-limited test:FourLetterWordMain@93] - connecting to 127.0.0.1 30160
2020-06-22 14:14:34,317 [myid:3] - INFO  [nioEventLoopGroup-136-4:NettyServerCnxn@285] - Processing stat command from /127.0.0.1:60507
2020-06-22 14:14:34,568 [myid:] - INFO  [Time-limited test:FourLetterWordMain@93] - connecting to 127.0.0.1 30160
2020-06-22 14:14:34,568 [myid:3] - INFO  [nioEventLoopGroup-136-5:NettyServerCnxn@285] - Processing stat command from /127.0.0.1:60508
2020-06-22 14:14:34,819 [myid:] - INFO  [Time-limited test:FourLetterWordMain@93] - connecting to 127.0.0.1 30160
2020-06-22 14:14:34,819 [myid:3] - INFO  [nioEventLoopGroup-136-6:NettyServerCnxn@285] - Processing stat command from /127.0.0.1:60511
2020-06-22 14:14:35,071 [myid:] - INFO  [Time-limited test:FourLetterWordMain@93] - connecting to 127.0.0.1 30160
2020-06-22 14:14:35,071 [myid:3] - INFO  [nioEventLoopGroup-136-7:NettyServerCnxn@285] - Processing stat command from /127.0.0.1:60523
2020-06-22 14:14:35,072 [myid:] - WARN  [Time-limited test:JUnit4ZKTestRunner$LoggedInvokeMethod@105] - TEST METHOD FAILED testCertificateRevocationList
java.lang.AssertionError
	at org.apache.zookeeper.server.quorum.QuorumSSLTest.testCertificateRevocationList(QuorumSSLTest.java:732)
	at org.apache.zookeeper.JUnit4ZKTestRunner$LoggedInvokeMethod.evaluate(JUnit4ZKTestRunner.java:86)
	at java.lang.Thread.run(Thread.java:748)
2020-06-22 14:14:35,072 [myid:] - INFO  [Time-limited test:QuorumBase@364] - Shutting down quorum peer QuorumPeer[myid=1](plain=[0:0:0:0:0:0:0:0]:30158)(secure=disabled)
2020-06-22 14:14:35,072 [myid:] - INFO  [Time-limited test:Follower@292] - shutdown Follower
2020-06-22 14:14:35,072 [myid:2] - ERROR [LearnerHandler-/127.0.0.1:59129:LearnerHandler@707] - Unexpected exception causing shutdown while sock still open
java.io.EOFException
	at java.io.DataInputStream.readInt(DataInputStream.java:392)
	at org.apache.jute.BinaryInputArchive.readInt(BinaryInputArchive.java:96)
	at org.apache.zookeeper.server.quorum.QuorumPacket.deserialize(QuorumPacket.java:86)
	at org.apache.jute.BinaryInputArchive.readRecord(BinaryInputArchive.java:134)
	at org.apache.zookeeper.server.quorum.LearnerHandler.run(LearnerHandler.java:643)
2020-06-22 14:14:35,072 [myid:] - INFO  [Time-limited test:LearnerZooKeeperServer@160] - Shutting down
2020-06-22 14:14:35,072 [myid:] - INFO  [Time-limited test:ZooKeeperServer@784] - shutting down
2020-06-22 14:14:35,072 [myid:2] - WARN  [LearnerHandler-/127.0.0.1:59129:LearnerHandler@730] - ******* GOODBYE /127.0.0.1:59129 ********
2020-06-22 14:14:35,072 [myid:1] - WARN  [QuorumPeer[myid=1](plain=[0:0:0:0:0:0:0:0]:30158)(secure=disabled):Follower@129] - Exception when following the leader
java.net.SocketException: Socket Closed
	at java.net.SocketInputStream.socketRead0(Native Method)
	at java.net.SocketInputStream.socketRead(SocketInputStream.java:116)
	at java.net.SocketInputStream.read(SocketInputStream.java:171)
	at java.net.SocketInputStream.read(SocketInputStream.java:141)
	at sun.security.ssl.InputRecord.readFully(InputRecord.java:465)
	at sun.security.ssl.InputRecord.read(InputRecord.java:503)
	at sun.security.ssl.SSLSocketImpl.readRecord(SSLSocketImpl.java:990)
	at sun.security.ssl.SSLSocketImpl.readDataRecord(SSLSocketImpl.java:948)
	at sun.security.ssl.AppInputStream.read(AppInputStream.java:105)
	at java.io.BufferedInputStream.fill(BufferedInputStream.java:246)
	at java.io.BufferedInputStream.read(BufferedInputStream.java:265)
	at java.io.DataInputStream.readInt(DataInputStream.java:387)
	at org.apache.jute.BinaryInputArchive.readInt(BinaryInputArchive.java:96)
	at org.apache.zookeeper.server.quorum.QuorumPacket.deserialize(QuorumPacket.java:86)
	at org.apache.jute.BinaryInputArchive.readRecord(BinaryInputArchive.java:134)
	at org.apache.zookeeper.server.quorum.Learner.readPacket(Learner.java:182)
	at org.apache.zookeeper.server.quorum.Follower.followLeader(Follower.java:125)
	at org.apache.zookeeper.server.quorum.QuorumPeer.run(QuorumPeer.java:1455)
2020-06-22 14:14:35,072 [myid:] - INFO  [Time-limited test:RequestThrottler@244] - Shutting down
2020-06-22 14:14:35,072 [myid:1] - INFO  [QuorumPeer[myid=1](plain=[0:0:0:0:0:0:0:0]:30158)(secure=disabled):Follower@143] - Disconnected from leader (with address: /127.0.0.1:30162). Was connected for 30553ms. Sync state: true
2020-06-22 14:14:35,072 [myid:1] - INFO  [RequestThrottler:RequestThrottler@205] - Draining request throttler queue
2020-06-22 14:14:35,073 [myid:1] - INFO  [QuorumPeer[myid=1](plain=[0:0:0:0:0:0:0:0]:30158)(secure=disabled):Follower@292] - shutdown Follower
2020-06-22 14:14:35,073 [myid:1] - INFO  [RequestThrottler:RequestThrottler@181] - RequestThrottler shutdown. Dropped 0 requests
2020-06-22 14:14:35,073 [myid:] - INFO  [Time-limited test:FollowerRequestProcessor@148] - Shutting down
2020-06-22 14:14:35,073 [myid:] - INFO  [Time-limited test:CommitProcessor@617] - Shutting down
2020-06-22 14:14:35,073 [myid:1] - INFO  [FollowerRequestProcessor:1:FollowerRequestProcessor@112] - FollowerRequestProcessor exited loop!
2020-06-22 14:14:35,073 [myid:] - INFO  [Time-limited test:FinalRequestProcessor@662] - shutdown of request processor complete
2020-06-22 14:14:35,073 [myid:1] - INFO  [CommitProcessor:1:CommitProcessor@406] - CommitProcessor exited loop!
2020-06-22 14:14:35,073 [myid:] - INFO  [Time-limited test:SyncRequestProcessor@256] - Shutting down
2020-06-22 14:14:35,073 [myid:1] - INFO  [SyncThread:1:SyncRequestProcessor@225] - SyncRequestProcessor exited!
2020-06-22 14:14:35,074 [myid:1] - INFO  [QuorumPeer[myid=1](plain=[0:0:0:0:0:0:0:0]:30158)(secure=disabled):QuorumPeer@863] - Peer state changed: looking
2020-06-22 14:14:35,074 [myid:1] - WARN  [QuorumPeer[myid=1](plain=[0:0:0:0:0:0:0:0]:30158)(secure=disabled):QuorumPeer@1501] - PeerState set to LOOKING
2020-06-22 14:14:35,074 [myid:1] - WARN  [QuorumPeer[myid=1](plain=[0:0:0:0:0:0:0:0]:30158)(secure=disabled):QuorumPeer@1483] - QuorumPeer main thread exited
2020-06-22 14:14:35,074 [myid:] - INFO  [Time-limited test:NettyServerCnxnFactory@622] - shutdown called /0:0:0:0:0:0:0:0:30158
2020-06-22 14:14:35,075 [myid:1] - INFO  [QuorumPeerListener:QuorumCnxManager$Listener@979] - Leaving listener
2020-06-22 14:14:35,075 [myid:2] - WARN  [RecvWorker:1:QuorumCnxManager$RecvWorker@1395] - Connection broken for id 1, my id = 2
java.io.EOFException
	at java.io.DataInputStream.readInt(DataInputStream.java:392)
	at org.apache.zookeeper.server.quorum.QuorumCnxManager$RecvWorker.run(QuorumCnxManager.java:1383)
2020-06-22 14:14:35,075 [myid:1] - WARN  [SendWorker:2:QuorumCnxManager$SendWorker@1281] - Interrupted while waiting for message on queue
java.lang.InterruptedException
	at java.util.concurrent.locks.AbstractQueuedSynchronizer$ConditionObject.reportInterruptAfterWait(AbstractQueuedSynchronizer.java:2014)
	at java.util.concurrent.locks.AbstractQueuedSynchronizer$ConditionObject.awaitNanos(AbstractQueuedSynchronizer.java:2088)
	at org.apache.zookeeper.util.CircularBlockingQueue.poll(CircularBlockingQueue.java:105)
	at org.apache.zookeeper.server.quorum.QuorumCnxManager.pollSendQueue(QuorumCnxManager.java:1446)
	at org.apache.zookeeper.server.quorum.QuorumCnxManager.access$900(QuorumCnxManager.java:98)
	at org.apache.zookeeper.server.quorum.QuorumCnxManager$SendWorker.run(QuorumCnxManager.java:1270)
2020-06-22 14:14:35,076 [myid:] - INFO  [Time-limited test:QuorumBase@368] - Shutting down leader election QuorumPeer[myid=1](plain=[0:0:0:0:0:0:0:0]:30158)(secure=disabled)
2020-06-22 14:14:35,076 [myid:2] - WARN  [RecvWorker:1:QuorumCnxManager$RecvWorker@1401] - Interrupting SendWorker thread from RecvWorker. sid: 1. myId: 2
2020-06-22 14:14:35,075 [myid:1] - WARN  [RecvWorker:2:QuorumCnxManager$RecvWorker@1395] - Connection broken for id 2, my id = 1
java.net.SocketException: Socket closed
	at java.net.SocketInputStream.socketRead0(Native Method)
	at java.net.SocketInputStream.socketRead(SocketInputStream.java:116)
	at java.net.SocketInputStream.read(SocketInputStream.java:171)
	at java.net.SocketInputStream.read(SocketInputStream.java:141)
	at java.io.SequenceInputStream.read(SequenceInputStream.java:207)
	at sun.security.ssl.InputRecord.readFully(InputRecord.java:465)
	at sun.security.ssl.InputRecord.read(InputRecord.java:503)
	at sun.security.ssl.SSLSocketImpl.readRecord(SSLSocketImpl.java:990)
	at sun.security.ssl.SSLSocketImpl.readDataRecord(SSLSocketImpl.java:948)
	at sun.security.ssl.AppInputStream.read(AppInputStream.java:105)
	at org.apache.zookeeper.server.quorum.UnifiedServerSocket$UnifiedInputStream.read(UnifiedServerSocket.java:693)
	at java.io.BufferedInputStream.fill(BufferedInputStream.java:246)
	at java.io.BufferedInputStream.read(BufferedInputStream.java:265)
	at java.io.DataInputStream.readInt(DataInputStream.java:387)
	at org.apache.zookeeper.server.quorum.QuorumCnxManager$RecvWorker.run(QuorumCnxManager.java:1383)
2020-06-22 14:14:35,076 [myid:1] - WARN  [RecvWorker:2:QuorumCnxManager$RecvWorker@1401] - Interrupting SendWorker thread from RecvWorker. sid: 2. myId: 1
2020-06-22 14:14:35,076 [myid:2] - WARN  [SendWorker:1:QuorumCnxManager$SendWorker@1281] - Interrupted while waiting for message on queue
java.lang.InterruptedException
	at java.util.concurrent.locks.AbstractQueuedSynchronizer$ConditionObject.reportInterruptAfterWait(AbstractQueuedSynchronizer.java:2014)
	at java.util.concurrent.locks.AbstractQueuedSynchronizer$ConditionObject.awaitNanos(AbstractQueuedSynchronizer.java:2088)
	at org.apache.zookeeper.util.CircularBlockingQueue.poll(CircularBlockingQueue.java:105)
	at org.apache.zookeeper.server.quorum.QuorumCnxManager.pollSendQueue(QuorumCnxManager.java:1446)
	at org.apache.zookeeper.server.quorum.QuorumCnxManager.access$900(QuorumCnxManager.java:98)
	at org.apache.zookeeper.server.quorum.QuorumCnxManager$SendWorker.run(QuorumCnxManager.java:1270)
2020-06-22 14:14:35,076 [myid:] - INFO  [Time-limited test:QuorumBase@373] - Waiting for QuorumPeer[myid=1](plain=[0:0:0:0:0:0:0:0]:30158)(secure=disabled) to exit thread
2020-06-22 14:14:35,076 [myid:1] - WARN  [SendWorker:2:QuorumCnxManager$SendWorker@1293] - Send worker leaving thread id 2 my id = 1
2020-06-22 14:14:35,077 [myid:] - INFO  [Time-limited test:QuorumBase@364] - Shutting down quorum peer QuorumPeer[myid=2](plain=[0:0:0:0:0:0:0:0]:30159)(secure=disabled)
2020-06-22 14:14:35,077 [myid:2] - WARN  [SendWorker:1:QuorumCnxManager$SendWorker@1293] - Send worker leaving thread id 1 my id = 2
2020-06-22 14:14:35,077 [myid:] - INFO  [Time-limited test:Leader@792] - Shutting down
2020-06-22 14:14:35,077 [myid:] - INFO  [Time-limited test:Leader@798] - Shutdown called. For the reason quorum Peer shutdown
2020-06-22 14:14:35,077 [myid:] - INFO  [Time-limited test:ZooKeeperServer@784] - shutting down
2020-06-22 14:14:35,077 [myid:2] - WARN  [LearnerCnxAcceptorHandler-/127.0.0.1:30162:Leader$LearnerCnxAcceptor$LearnerCnxAcceptorHandler@523] - Exception while shutting down acceptor.
java.net.SocketException: socket closed
	at java.net.DualStackPlainSocketImpl.accept0(Native Method)
	at java.net.DualStackPlainSocketImpl.socketAccept(DualStackPlainSocketImpl.java:131)
	at java.net.AbstractPlainSocketImpl.accept(AbstractPlainSocketImpl.java:409)
	at java.net.PlainSocketImpl.accept(PlainSocketImpl.java:199)
	at java.net.ServerSocket.implAccept(ServerSocket.java:560)
	at org.apache.zookeeper.server.quorum.UnifiedServerSocket.accept(UnifiedServerSocket.java:139)
	at org.apache.zookeeper.server.quorum.Leader$LearnerCnxAcceptor$LearnerCnxAcceptorHandler.acceptConnections(Leader.java:510)
	at org.apache.zookeeper.server.quorum.Leader$LearnerCnxAcceptor$LearnerCnxAcceptorHandler.run(Leader.java:493)
	at java.util.concurrent.Executors$RunnableAdapter.call(Executors.java:511)
	at java.util.concurrent.FutureTask.run(FutureTask.java:266)
	at java.util.concurrent.ThreadPoolExecutor.runWorker(ThreadPoolExecutor.java:1149)
	at java.util.concurrent.ThreadPoolExecutor$Worker.run(ThreadPoolExecutor.java:624)
	at java.lang.Thread.run(Thread.java:748)
2020-06-22 14:14:35,077 [myid:] - INFO  [Time-limited test:RequestThrottler@244] - Shutting down
2020-06-22 14:14:35,078 [myid:2] - INFO  [RequestThrottler:RequestThrottler@205] - Draining request throttler queue
2020-06-22 14:14:35,078 [myid:2] - INFO  [RequestThrottler:RequestThrottler@181] - RequestThrottler shutdown. Dropped 0 requests
2020-06-22 14:14:35,078 [myid:] - INFO  [Time-limited test:SessionTrackerImpl@247] - Shutting down
2020-06-22 14:14:35,078 [myid:] - INFO  [Time-limited test:LeaderRequestProcessor@79] - Shutting down
2020-06-22 14:14:35,078 [myid:] - INFO  [Time-limited test:PrepRequestProcessor@1047] - Shutting down
2020-06-22 14:14:35,078 [myid:] - INFO  [Time-limited test:ProposalRequestProcessor@87] - Shutting down
2020-06-22 14:14:35,078 [myid:2] - INFO  [ProcessThread(sid:2 cport:-1)::PrepRequestProcessor@159] - PrepRequestProcessor exited loop!
2020-06-22 14:14:35,078 [myid:] - INFO  [Time-limited test:CommitProcessor@617] - Shutting down
2020-06-22 14:14:35,078 [myid:2] - INFO  [CommitProcessor:2:CommitProcessor@406] - CommitProcessor exited loop!
2020-06-22 14:14:35,078 [myid:] - INFO  [Time-limited test:Leader$ToBeAppliedRequestProcessor@1106] - Shutting down
2020-06-22 14:14:35,078 [myid:] - INFO  [Time-limited test:FinalRequestProcessor@662] - shutdown of request processor complete
2020-06-22 14:14:35,079 [myid:] - INFO  [Time-limited test:SyncRequestProcessor@256] - Shutting down
2020-06-22 14:14:35,079 [myid:2] - INFO  [SyncThread:2:SyncRequestProcessor@225] - SyncRequestProcessor exited!
2020-06-22 14:14:35,079 [myid:] - INFO  [Time-limited test:NettyServerCnxnFactory@622] - shutdown called /0:0:0:0:0:0:0:0:30159
2020-06-22 14:14:35,079 [myid:2] - WARN  [QuorumPeer[myid=2](plain=[0:0:0:0:0:0:0:0]:30159)(secure=disabled):QuorumPeer@1471] - Unexpected exception
java.lang.InterruptedException
	at java.lang.Object.wait(Native Method)
	at org.apache.zookeeper.server.quorum.Leader.lead(Leader.java:730)
	at org.apache.zookeeper.server.quorum.QuorumPeer.run(QuorumPeer.java:1468)
2020-06-22 14:14:35,080 [myid:2] - INFO  [QuorumPeer[myid=2](plain=[0:0:0:0:0:0:0:0]:30159)(secure=disabled):Leader@792] - Shutting down
2020-06-22 14:14:35,080 [myid:2] - INFO  [QuorumPeerListener:QuorumCnxManager$Listener@979] - Leaving listener
2020-06-22 14:14:35,080 [myid:2] - INFO  [QuorumPeer[myid=2](plain=[0:0:0:0:0:0:0:0]:30159)(secure=disabled):QuorumPeer@863] - Peer state changed: looking
2020-06-22 14:14:35,080 [myid:] - INFO  [Time-limited test:QuorumBase@368] - Shutting down leader election QuorumPeer[myid=2](plain=[0:0:0:0:0:0:0:0]:30159)(secure=disabled)
2020-06-22 14:14:35,080 [myid:2] - WARN  [QuorumPeer[myid=2](plain=[0:0:0:0:0:0:0:0]:30159)(secure=disabled):QuorumPeer@1501] - PeerState set to LOOKING
2020-06-22 14:14:35,081 [myid:2] - WARN  [QuorumPeer[myid=2](plain=[0:0:0:0:0:0:0:0]:30159)(secure=disabled):QuorumPeer@1483] - QuorumPeer main thread exited
2020-06-22 14:14:35,081 [myid:] - INFO  [Time-limited test:QuorumBase@373] - Waiting for QuorumPeer[myid=2](plain=[0:0:0:0:0:0:0:0]:30159)(secure=disabled) to exit thread
2020-06-22 14:14:35,081 [myid:] - INFO  [Time-limited test:QuorumBase@364] - Shutting down quorum peer QuorumPeer[myid=3](plain=[0:0:0:0:0:0:0:0]:30160)(secure=disabled)
2020-06-22 14:14:35,081 [myid:] - INFO  [Time-limited test:NettyServerCnxnFactory@622] - shutdown called /0:0:0:0:0:0:0:0:30160
2020-06-22 14:14:35,082 [myid:3] - INFO  [QuorumPeerListener:QuorumCnxManager$Listener@979] - Leaving listener
2020-06-22 14:14:35,083 [myid:3] - WARN  [QuorumPeer[myid=3](plain=[0:0:0:0:0:0:0:0]:30160)(secure=disabled):QuorumPeer@1427] - Unexpected exception
java.lang.InterruptedException
	at java.util.concurrent.locks.AbstractQueuedSynchronizer$ConditionObject.reportInterruptAfterWait(AbstractQueuedSynchronizer.java:2014)
	at java.util.concurrent.locks.AbstractQueuedSynchronizer$ConditionObject.awaitNanos(AbstractQueuedSynchronizer.java:2088)
	at java.util.concurrent.LinkedBlockingQueue.poll(LinkedBlockingQueue.java:467)
	at org.apache.zookeeper.server.quorum.FastLeaderElection.lookForLeader(FastLeaderElection.java:961)
	at org.apache.zookeeper.server.quorum.QuorumPeer.run(QuorumPeer.java:1425)
2020-06-22 14:14:35,083 [myid:] - INFO  [Time-limited test:QuorumBase@368] - Shutting down leader election QuorumPeer[myid=3](plain=[0:0:0:0:0:0:0:0]:30160)(secure=disabled)
2020-06-22 14:14:35,083 [myid:3] - INFO  [QuorumPeer[myid=3](plain=[0:0:0:0:0:0:0:0]:30160)(secure=disabled):QuorumPeer@863] - Peer state changed: looking
2020-06-22 14:14:35,083 [myid:] - INFO  [Time-limited test:QuorumBase@373] - Waiting for QuorumPeer[myid=3](plain=[0:0:0:0:0:0:0:0]:30160)(secure=disabled) to exit thread
2020-06-22 14:14:35,083 [myid:3] - WARN  [QuorumPeer[myid=3](plain=[0:0:0:0:0:0:0:0]:30160)(secure=disabled):QuorumPeer@1483] - QuorumPeer main thread exited
2020-06-22 14:14:35,084 [myid:] - INFO  [Time-limited test:QuorumPeerTestBase@64] - No servers to shutdown!
2020-06-22 14:14:35,084 [myid:] - ERROR [main:ZKTestCase$1@101] - FAILED testCertificateRevocationList
java.lang.AssertionError
	at org.apache.zookeeper.server.quorum.QuorumSSLTest.testCertificateRevocationList(QuorumSSLTest.java:732)
	at org.apache.zookeeper.JUnit4ZKTestRunner$LoggedInvokeMethod.evaluate(JUnit4ZKTestRunner.java:86)
	at java.lang.Thread.run(Thread.java:748)
2020-06-22 14:14:35,084 [myid:] - INFO  [main:ZKTestCase$1@91] - FINISHED testCertificateRevocationList
]]></system-out>
  </testcase>
  <testcase name="testHostnameVerificationForInvalidMultiAddressServerConfig" classname="org.apache.zookeeper.server.quorum.QuorumSSLTest" time="40.977"/>
  <testcase name="testProtocolVersion" classname="org.apache.zookeeper.server.quorum.QuorumSSLTest" time="63.558"/>
  <testcase name="testHostnameVerificationWithInvalidIpAddressAndInvalidHostname" classname="org.apache.zookeeper.server.quorum.QuorumSSLTest" time="50.947"/>
  <testcase name="testHostnameVerificationWithInvalidIPAddress" classname="org.apache.zookeeper.server.quorum.QuorumSSLTest" time="61.847"/>
</testsuite>